<?xml version="1.0" encoding="UTF-8"?>
<testsuite xmlns:xsi="http://www.w3.org/2001/XMLSchema-instance" xsi:noNamespaceSchemaLocation="https://maven.apache.org/surefire/maven-surefire-plugin/xsd/surefire-test-report.xsd" version="3.0.2" name="Test_runner.Run_file" time="269.165" tests="14" errors="12" skipped="0" failures="0">
  <properties>
    <property name="java.specification.version" value="17"/>
    <property name="sun.cpu.isalist" value="amd64"/>
    <property name="sun.jnu.encoding" value="Cp1252"/>
    <property name="java.class.path" value="C:\Users\Aniket Satpute\eclipse-workspace\FleetProject\target\test-classes;C:\Users\Aniket Satpute\eclipse-workspace\FleetProject\target\classes;C:\Users\Aniket Satpute\.m2\repository\io\cucumber\cucumber-java\7.18.1\cucumber-java-7.18.1.jar;C:\Users\Aniket Satpute\.m2\repository\io\cucumber\cucumber-core\7.18.1\cucumber-core-7.18.1.jar;C:\Users\Aniket Satpute\.m2\repository\io\cucumber\cucumber-gherkin\7.18.1\cucumber-gherkin-7.18.1.jar;C:\Users\Aniket Satpute\.m2\repository\io\cucumber\cucumber-gherkin-messages\7.18.1\cucumber-gherkin-messages-7.18.1.jar;C:\Users\Aniket Satpute\.m2\repository\io\cucumber\gherkin\28.0.0\gherkin-28.0.0.jar;C:\Users\Aniket Satpute\.m2\repository\io\cucumber\messages\24.1.0\messages-24.1.0.jar;C:\Users\Aniket Satpute\.m2\repository\io\cucumber\testng-xml-formatter\0.2.0\testng-xml-formatter-0.2.0.jar;C:\Users\Aniket Satpute\.m2\repository\io\cucumber\query\12.2.0\query-12.2.0.jar;C:\Users\Aniket Satpute\.m2\repository\io\cucumber\tag-expressions\6.1.0\tag-expressions-6.1.0.jar;C:\Users\Aniket Satpute\.m2\repository\io\cucumber\cucumber-expressions\17.1.0\cucumber-expressions-17.1.0.jar;C:\Users\Aniket Satpute\.m2\repository\io\cucumber\datatable\7.18.1\datatable-7.18.1.jar;C:\Users\Aniket Satpute\.m2\repository\io\cucumber\cucumber-plugin\7.18.1\cucumber-plugin-7.18.1.jar;C:\Users\Aniket Satpute\.m2\repository\io\cucumber\docstring\7.18.1\docstring-7.18.1.jar;C:\Users\Aniket Satpute\.m2\repository\io\cucumber\html-formatter\21.4.1\html-formatter-21.4.1.jar;C:\Users\Aniket Satpute\.m2\repository\io\cucumber\junit-xml-formatter\0.5.0\junit-xml-formatter-0.5.0.jar;C:\Users\Aniket Satpute\.m2\repository\io\cucumber\ci-environment\10.0.1\ci-environment-10.0.1.jar;C:\Users\Aniket Satpute\.m2\repository\org\apiguardian\apiguardian-api\1.1.2\apiguardian-api-1.1.2.jar;C:\Users\Aniket Satpute\.m2\repository\junit\junit\4.13.1\junit-4.13.1.jar;C:\Users\Aniket Satpute\.m2\repository\org\hamcrest\hamcrest-core\1.3\hamcrest-core-1.3.jar;C:\Users\Aniket Satpute\.m2\repository\io\cucumber\cucumber-junit\7.18.1\cucumber-junit-7.18.1.jar;C:\Users\Aniket Satpute\.m2\repository\org\seleniumhq\selenium\selenium-java\4.12.0\selenium-java-4.12.0.jar;C:\Users\Aniket Satpute\.m2\repository\org\seleniumhq\selenium\selenium-api\4.12.0\selenium-api-4.12.0.jar;C:\Users\Aniket Satpute\.m2\repository\org\seleniumhq\selenium\selenium-chrome-driver\4.12.0\selenium-chrome-driver-4.12.0.jar;C:\Users\Aniket Satpute\.m2\repository\com\google\auto\service\auto-service-annotations\1.1.1\auto-service-annotations-1.1.1.jar;C:\Users\Aniket Satpute\.m2\repository\com\google\guava\guava\32.1.2-jre\guava-32.1.2-jre.jar;C:\Users\Aniket Satpute\.m2\repository\com\google\guava\failureaccess\1.0.1\failureaccess-1.0.1.jar;C:\Users\Aniket Satpute\.m2\repository\com\google\guava\listenablefuture\9999.0-empty-to-avoid-conflict-with-guava\listenablefuture-9999.0-empty-to-avoid-conflict-with-guava.jar;C:\Users\Aniket Satpute\.m2\repository\com\google\code\findbugs\jsr305\3.0.2\jsr305-3.0.2.jar;C:\Users\Aniket Satpute\.m2\repository\org\checkerframework\checker-qual\3.33.0\checker-qual-3.33.0.jar;C:\Users\Aniket Satpute\.m2\repository\com\google\errorprone\error_prone_annotations\2.18.0\error_prone_annotations-2.18.0.jar;C:\Users\Aniket Satpute\.m2\repository\com\google\j2objc\j2objc-annotations\2.8\j2objc-annotations-2.8.jar;C:\Users\Aniket Satpute\.m2\repository\org\seleniumhq\selenium\selenium-chromium-driver\4.12.0\selenium-chromium-driver-4.12.0.jar;C:\Users\Aniket Satpute\.m2\repository\org\seleniumhq\selenium\selenium-json\4.12.0\selenium-json-4.12.0.jar;C:\Users\Aniket Satpute\.m2\repository\org\seleniumhq\selenium\selenium-manager\4.12.0\selenium-manager-4.12.0.jar;C:\Users\Aniket Satpute\.m2\repository\org\seleniumhq\selenium\selenium-devtools-v114\4.12.0\selenium-devtools-v114-4.12.0.jar;C:\Users\Aniket Satpute\.m2\repository\org\seleniumhq\selenium\selenium-devtools-v115\4.12.0\selenium-devtools-v115-4.12.0.jar;C:\Users\Aniket Satpute\.m2\repository\org\seleniumhq\selenium\selenium-devtools-v116\4.12.0\selenium-devtools-v116-4.12.0.jar;C:\Users\Aniket Satpute\.m2\repository\org\seleniumhq\selenium\selenium-devtools-v85\4.12.0\selenium-devtools-v85-4.12.0.jar;C:\Users\Aniket Satpute\.m2\repository\org\seleniumhq\selenium\selenium-edge-driver\4.12.0\selenium-edge-driver-4.12.0.jar;C:\Users\Aniket Satpute\.m2\repository\org\seleniumhq\selenium\selenium-firefox-driver\4.12.0\selenium-firefox-driver-4.12.0.jar;C:\Users\Aniket Satpute\.m2\repository\org\seleniumhq\selenium\selenium-http\4.12.0\selenium-http-4.12.0.jar;C:\Users\Aniket Satpute\.m2\repository\dev\failsafe\failsafe\3.3.2\failsafe-3.3.2.jar;C:\Users\Aniket Satpute\.m2\repository\org\seleniumhq\selenium\selenium-ie-driver\4.12.0\selenium-ie-driver-4.12.0.jar;C:\Users\Aniket Satpute\.m2\repository\org\seleniumhq\selenium\selenium-remote-driver\4.12.0\selenium-remote-driver-4.12.0.jar;C:\Users\Aniket Satpute\.m2\repository\io\netty\netty-buffer\4.1.96.Final\netty-buffer-4.1.96.Final.jar;C:\Users\Aniket Satpute\.m2\repository\io\netty\netty-codec-http\4.1.96.Final\netty-codec-http-4.1.96.Final.jar;C:\Users\Aniket Satpute\.m2\repository\io\netty\netty-codec\4.1.96.Final\netty-codec-4.1.96.Final.jar;C:\Users\Aniket Satpute\.m2\repository\io\netty\netty-handler\4.1.96.Final\netty-handler-4.1.96.Final.jar;C:\Users\Aniket Satpute\.m2\repository\io\netty\netty-common\4.1.96.Final\netty-common-4.1.96.Final.jar;C:\Users\Aniket Satpute\.m2\repository\io\netty\netty-transport-classes-epoll\4.1.96.Final\netty-transport-classes-epoll-4.1.96.Final.jar;C:\Users\Aniket Satpute\.m2\repository\io\netty\netty-transport-classes-kqueue\4.1.96.Final\netty-transport-classes-kqueue-4.1.96.Final.jar;C:\Users\Aniket Satpute\.m2\repository\io\netty\netty-transport-native-epoll\4.1.96.Final\netty-transport-native-epoll-4.1.96.Final.jar;C:\Users\Aniket Satpute\.m2\repository\io\netty\netty-transport-native-kqueue\4.1.96.Final\netty-transport-native-kqueue-4.1.96.Final.jar;C:\Users\Aniket Satpute\.m2\repository\io\netty\netty-transport-native-unix-common\4.1.96.Final\netty-transport-native-unix-common-4.1.96.Final.jar;C:\Users\Aniket Satpute\.m2\repository\io\netty\netty-transport\4.1.96.Final\netty-transport-4.1.96.Final.jar;C:\Users\Aniket Satpute\.m2\repository\io\netty\netty-resolver\4.1.96.Final\netty-resolver-4.1.96.Final.jar;C:\Users\Aniket Satpute\.m2\repository\io\opentelemetry\opentelemetry-api\1.28.0\opentelemetry-api-1.28.0.jar;C:\Users\Aniket Satpute\.m2\repository\io\opentelemetry\opentelemetry-context\1.28.0\opentelemetry-context-1.28.0.jar;C:\Users\Aniket Satpute\.m2\repository\io\opentelemetry\opentelemetry-exporter-logging\1.28.0\opentelemetry-exporter-logging-1.28.0.jar;C:\Users\Aniket Satpute\.m2\repository\io\opentelemetry\opentelemetry-sdk-metrics\1.28.0\opentelemetry-sdk-metrics-1.28.0.jar;C:\Users\Aniket Satpute\.m2\repository\io\opentelemetry\opentelemetry-extension-incubator\1.28.0-alpha\opentelemetry-extension-incubator-1.28.0-alpha.jar;C:\Users\Aniket Satpute\.m2\repository\io\opentelemetry\opentelemetry-sdk-logs\1.28.0\opentelemetry-sdk-logs-1.28.0.jar;C:\Users\Aniket Satpute\.m2\repository\io\opentelemetry\opentelemetry-sdk-common\1.28.0\opentelemetry-sdk-common-1.28.0.jar;C:\Users\Aniket Satpute\.m2\repository\io\opentelemetry\opentelemetry-sdk-extension-autoconfigure-spi\1.28.0\opentelemetry-sdk-extension-autoconfigure-spi-1.28.0.jar;C:\Users\Aniket Satpute\.m2\repository\io\opentelemetry\opentelemetry-sdk-extension-autoconfigure\1.28.0\opentelemetry-sdk-extension-autoconfigure-1.28.0.jar;C:\Users\Aniket Satpute\.m2\repository\io\opentelemetry\opentelemetry-api-events\1.28.0-alpha\opentelemetry-api-events-1.28.0-alpha.jar;C:\Users\Aniket Satpute\.m2\repository\io\opentelemetry\opentelemetry-sdk-trace\1.28.0\opentelemetry-sdk-trace-1.28.0.jar;C:\Users\Aniket Satpute\.m2\repository\io\opentelemetry\opentelemetry-sdk\1.28.0\opentelemetry-sdk-1.28.0.jar;C:\Users\Aniket Satpute\.m2\repository\io\opentelemetry\opentelemetry-semconv\1.28.0-alpha\opentelemetry-semconv-1.28.0-alpha.jar;C:\Users\Aniket Satpute\.m2\repository\net\bytebuddy\byte-buddy\1.14.5\byte-buddy-1.14.5.jar;C:\Users\Aniket Satpute\.m2\repository\org\asynchttpclient\async-http-client\2.12.3\async-http-client-2.12.3.jar;C:\Users\Aniket Satpute\.m2\repository\org\asynchttpclient\async-http-client-netty-utils\2.12.3\async-http-client-netty-utils-2.12.3.jar;C:\Users\Aniket Satpute\.m2\repository\io\netty\netty-codec-socks\4.1.60.Final\netty-codec-socks-4.1.60.Final.jar;C:\Users\Aniket Satpute\.m2\repository\io\netty\netty-handler-proxy\4.1.60.Final\netty-handler-proxy-4.1.60.Final.jar;C:\Users\Aniket Satpute\.m2\repository\io\netty\netty-transport-native-epoll\4.1.60.Final\netty-transport-native-epoll-4.1.60.Final-linux-x86_64.jar;C:\Users\Aniket Satpute\.m2\repository\io\netty\netty-transport-native-kqueue\4.1.60.Final\netty-transport-native-kqueue-4.1.60.Final-osx-x86_64.jar;C:\Users\Aniket Satpute\.m2\repository\org\reactivestreams\reactive-streams\1.0.3\reactive-streams-1.0.3.jar;C:\Users\Aniket Satpute\.m2\repository\com\typesafe\netty\netty-reactive-streams\2.0.4\netty-reactive-streams-2.0.4.jar;C:\Users\Aniket Satpute\.m2\repository\com\sun\activation\jakarta.activation\1.2.2\jakarta.activation-1.2.2.jar;C:\Users\Aniket Satpute\.m2\repository\org\seleniumhq\selenium\selenium-os\4.12.0\selenium-os-4.12.0.jar;C:\Users\Aniket Satpute\.m2\repository\org\apache\commons\commons-exec\1.3\commons-exec-1.3.jar;C:\Users\Aniket Satpute\.m2\repository\org\seleniumhq\selenium\selenium-safari-driver\4.12.0\selenium-safari-driver-4.12.0.jar;C:\Users\Aniket Satpute\.m2\repository\org\seleniumhq\selenium\selenium-support\4.12.0\selenium-support-4.12.0.jar;C:\Users\Aniket Satpute\.m2\repository\ch\qos\logback\logback-classic\1.2.11\logback-classic-1.2.11.jar;C:\Users\Aniket Satpute\.m2\repository\ch\qos\logback\logback-core\1.2.11\logback-core-1.2.11.jar;C:\Users\Aniket Satpute\.m2\repository\org\slf4j\slf4j-simple\2.0.9\slf4j-simple-2.0.9.jar;C:\Users\Aniket Satpute\.m2\repository\org\slf4j\slf4j-api\1.7.36\slf4j-api-1.7.36.jar;C:\Users\Aniket Satpute\.m2\repository\com\github\javafaker\javafaker\1.0.2\javafaker-1.0.2.jar;C:\Users\Aniket Satpute\.m2\repository\org\apache\commons\commons-lang3\3.5\commons-lang3-3.5.jar;C:\Users\Aniket Satpute\.m2\repository\com\github\mifmif\generex\1.0.2\generex-1.0.2.jar;C:\Users\Aniket Satpute\.m2\repository\dk\brics\automaton\automaton\1.11-8\automaton-1.11-8.jar;C:\Users\Aniket Satpute\.m2\repository\API_testing\API_testing\0.0.1-SNAPSHOT\API_testing-0.0.1-SNAPSHOT.jar;C:\Users\Aniket Satpute\.m2\repository\io\rest-assured\json-schema-validator\5.4.0\json-schema-validator-5.4.0.jar;C:\Users\Aniket Satpute\.m2\repository\com\github\java-json-tools\json-schema-validator\2.2.14\json-schema-validator-2.2.14.jar;C:\Users\Aniket Satpute\.m2\repository\com\github\java-json-tools\jackson-coreutils-equivalence\1.0\jackson-coreutils-equivalence-1.0.jar;C:\Users\Aniket Satpute\.m2\repository\com\fasterxml\jackson\core\jackson-databind\2.11.0\jackson-databind-2.11.0.jar;C:\Users\Aniket Satpute\.m2\repository\com\fasterxml\jackson\core\jackson-annotations\2.11.0\jackson-annotations-2.11.0.jar;C:\Users\Aniket Satpute\.m2\repository\com\fasterxml\jackson\core\jackson-core\2.11.0\jackson-core-2.11.0.jar;C:\Users\Aniket Satpute\.m2\repository\com\github\java-json-tools\jackson-coreutils\2.0\jackson-coreutils-2.0.jar;C:\Users\Aniket Satpute\.m2\repository\com\github\java-json-tools\msg-simple\1.2\msg-simple-1.2.jar;C:\Users\Aniket Satpute\.m2\repository\com\github\java-json-tools\btf\1.3\btf-1.3.jar;C:\Users\Aniket Satpute\.m2\repository\com\github\java-json-tools\json-schema-core\1.2.14\json-schema-core-1.2.14.jar;C:\Users\Aniket Satpute\.m2\repository\com\github\java-json-tools\uri-template\0.10\uri-template-0.10.jar;C:\Users\Aniket Satpute\.m2\repository\org\mozilla\rhino\1.7.7.2\rhino-1.7.7.2.jar;C:\Users\Aniket Satpute\.m2\repository\com\sun\mail\mailapi\1.6.2\mailapi-1.6.2.jar;C:\Users\Aniket Satpute\.m2\repository\joda-time\joda-time\2.10.5\joda-time-2.10.5.jar;C:\Users\Aniket Satpute\.m2\repository\com\googlecode\libphonenumber\libphonenumber\8.11.1\libphonenumber-8.11.1.jar;C:\Users\Aniket Satpute\.m2\repository\net\sf\jopt-simple\jopt-simple\5.0.4\jopt-simple-5.0.4.jar;C:\Users\Aniket Satpute\.m2\repository\org\hamcrest\hamcrest\2.2\hamcrest-2.2.jar;C:\Users\Aniket Satpute\.m2\repository\io\rest-assured\xml-path\5.4.0\xml-path-5.4.0.jar;C:\Users\Aniket Satpute\.m2\repository\org\apache\groovy\groovy-xml\4.0.16\groovy-xml-4.0.16.jar;C:\Users\Aniket Satpute\.m2\repository\org\apache\groovy\groovy\4.0.16\groovy-4.0.16.jar;C:\Users\Aniket Satpute\.m2\repository\io\rest-assured\rest-assured-common\5.4.0\rest-assured-common-5.4.0.jar;C:\Users\Aniket Satpute\.m2\repository\org\ccil\cowan\tagsoup\tagsoup\1.2.1\tagsoup-1.2.1.jar;C:\Users\Aniket Satpute\.m2\repository\org\apache\logging\log4j\log4j-slf4j-impl\2.20.0\log4j-slf4j-impl-2.20.0.jar;C:\Users\Aniket Satpute\.m2\repository\org\apache\logging\log4j\log4j-api\2.20.0\log4j-api-2.20.0.jar;C:\Users\Aniket Satpute\.m2\repository\org\apache\logging\log4j\log4j-core\2.20.0\log4j-core-2.20.0.jar;"/>
    <property name="java.vm.vendor" value="Eclipse Adoptium"/>
    <property name="sun.arch.data.model" value="64"/>
    <property name="user.variant" value=""/>
    <property name="java.vendor.url" value="https://adoptium.net/"/>
    <property name="user.timezone" value="Asia/Calcutta"/>
    <property name="os.name" value="Windows 11"/>
    <property name="java.vm.specification.version" value="17"/>
    <property name="sun.java.launcher" value="SUN_STANDARD"/>
    <property name="user.country" value="IN"/>
    <property name="sun.boot.library.path" value="C:\Users\Aniket Satpute\.p2\pool\plugins\org.eclipse.justj.openjdk.hotspot.jre.full.win32.x86_64_17.0.11.v20240426-1830\jre\bin"/>
    <property name="sun.java.command" value="C:\Users\Aniket Satpute\AppData\Local\Temp\surefire8779221302099328701\surefirebooter-20250118201331762_3.jar C:\Users\Aniket Satpute\AppData\Local\Temp\surefire8779221302099328701 2025-01-18T20-13-31_627-jvmRun1 surefire-20250118201331762_1tmp surefire_0-20250118201331762_2tmp"/>
    <property name="jdk.debug" value="release"/>
    <property name="surefire.test.class.path" value="C:\Users\Aniket Satpute\eclipse-workspace\FleetProject\target\test-classes;C:\Users\Aniket Satpute\eclipse-workspace\FleetProject\target\classes;C:\Users\Aniket Satpute\.m2\repository\io\cucumber\cucumber-java\7.18.1\cucumber-java-7.18.1.jar;C:\Users\Aniket Satpute\.m2\repository\io\cucumber\cucumber-core\7.18.1\cucumber-core-7.18.1.jar;C:\Users\Aniket Satpute\.m2\repository\io\cucumber\cucumber-gherkin\7.18.1\cucumber-gherkin-7.18.1.jar;C:\Users\Aniket Satpute\.m2\repository\io\cucumber\cucumber-gherkin-messages\7.18.1\cucumber-gherkin-messages-7.18.1.jar;C:\Users\Aniket Satpute\.m2\repository\io\cucumber\gherkin\28.0.0\gherkin-28.0.0.jar;C:\Users\Aniket Satpute\.m2\repository\io\cucumber\messages\24.1.0\messages-24.1.0.jar;C:\Users\Aniket Satpute\.m2\repository\io\cucumber\testng-xml-formatter\0.2.0\testng-xml-formatter-0.2.0.jar;C:\Users\Aniket Satpute\.m2\repository\io\cucumber\query\12.2.0\query-12.2.0.jar;C:\Users\Aniket Satpute\.m2\repository\io\cucumber\tag-expressions\6.1.0\tag-expressions-6.1.0.jar;C:\Users\Aniket Satpute\.m2\repository\io\cucumber\cucumber-expressions\17.1.0\cucumber-expressions-17.1.0.jar;C:\Users\Aniket Satpute\.m2\repository\io\cucumber\datatable\7.18.1\datatable-7.18.1.jar;C:\Users\Aniket Satpute\.m2\repository\io\cucumber\cucumber-plugin\7.18.1\cucumber-plugin-7.18.1.jar;C:\Users\Aniket Satpute\.m2\repository\io\cucumber\docstring\7.18.1\docstring-7.18.1.jar;C:\Users\Aniket Satpute\.m2\repository\io\cucumber\html-formatter\21.4.1\html-formatter-21.4.1.jar;C:\Users\Aniket Satpute\.m2\repository\io\cucumber\junit-xml-formatter\0.5.0\junit-xml-formatter-0.5.0.jar;C:\Users\Aniket Satpute\.m2\repository\io\cucumber\ci-environment\10.0.1\ci-environment-10.0.1.jar;C:\Users\Aniket Satpute\.m2\repository\org\apiguardian\apiguardian-api\1.1.2\apiguardian-api-1.1.2.jar;C:\Users\Aniket Satpute\.m2\repository\junit\junit\4.13.1\junit-4.13.1.jar;C:\Users\Aniket Satpute\.m2\repository\org\hamcrest\hamcrest-core\1.3\hamcrest-core-1.3.jar;C:\Users\Aniket Satpute\.m2\repository\io\cucumber\cucumber-junit\7.18.1\cucumber-junit-7.18.1.jar;C:\Users\Aniket Satpute\.m2\repository\org\seleniumhq\selenium\selenium-java\4.12.0\selenium-java-4.12.0.jar;C:\Users\Aniket Satpute\.m2\repository\org\seleniumhq\selenium\selenium-api\4.12.0\selenium-api-4.12.0.jar;C:\Users\Aniket Satpute\.m2\repository\org\seleniumhq\selenium\selenium-chrome-driver\4.12.0\selenium-chrome-driver-4.12.0.jar;C:\Users\Aniket Satpute\.m2\repository\com\google\auto\service\auto-service-annotations\1.1.1\auto-service-annotations-1.1.1.jar;C:\Users\Aniket Satpute\.m2\repository\com\google\guava\guava\32.1.2-jre\guava-32.1.2-jre.jar;C:\Users\Aniket Satpute\.m2\repository\com\google\guava\failureaccess\1.0.1\failureaccess-1.0.1.jar;C:\Users\Aniket Satpute\.m2\repository\com\google\guava\listenablefuture\9999.0-empty-to-avoid-conflict-with-guava\listenablefuture-9999.0-empty-to-avoid-conflict-with-guava.jar;C:\Users\Aniket Satpute\.m2\repository\com\google\code\findbugs\jsr305\3.0.2\jsr305-3.0.2.jar;C:\Users\Aniket Satpute\.m2\repository\org\checkerframework\checker-qual\3.33.0\checker-qual-3.33.0.jar;C:\Users\Aniket Satpute\.m2\repository\com\google\errorprone\error_prone_annotations\2.18.0\error_prone_annotations-2.18.0.jar;C:\Users\Aniket Satpute\.m2\repository\com\google\j2objc\j2objc-annotations\2.8\j2objc-annotations-2.8.jar;C:\Users\Aniket Satpute\.m2\repository\org\seleniumhq\selenium\selenium-chromium-driver\4.12.0\selenium-chromium-driver-4.12.0.jar;C:\Users\Aniket Satpute\.m2\repository\org\seleniumhq\selenium\selenium-json\4.12.0\selenium-json-4.12.0.jar;C:\Users\Aniket Satpute\.m2\repository\org\seleniumhq\selenium\selenium-manager\4.12.0\selenium-manager-4.12.0.jar;C:\Users\Aniket Satpute\.m2\repository\org\seleniumhq\selenium\selenium-devtools-v114\4.12.0\selenium-devtools-v114-4.12.0.jar;C:\Users\Aniket Satpute\.m2\repository\org\seleniumhq\selenium\selenium-devtools-v115\4.12.0\selenium-devtools-v115-4.12.0.jar;C:\Users\Aniket Satpute\.m2\repository\org\seleniumhq\selenium\selenium-devtools-v116\4.12.0\selenium-devtools-v116-4.12.0.jar;C:\Users\Aniket Satpute\.m2\repository\org\seleniumhq\selenium\selenium-devtools-v85\4.12.0\selenium-devtools-v85-4.12.0.jar;C:\Users\Aniket Satpute\.m2\repository\org\seleniumhq\selenium\selenium-edge-driver\4.12.0\selenium-edge-driver-4.12.0.jar;C:\Users\Aniket Satpute\.m2\repository\org\seleniumhq\selenium\selenium-firefox-driver\4.12.0\selenium-firefox-driver-4.12.0.jar;C:\Users\Aniket Satpute\.m2\repository\org\seleniumhq\selenium\selenium-http\4.12.0\selenium-http-4.12.0.jar;C:\Users\Aniket Satpute\.m2\repository\dev\failsafe\failsafe\3.3.2\failsafe-3.3.2.jar;C:\Users\Aniket Satpute\.m2\repository\org\seleniumhq\selenium\selenium-ie-driver\4.12.0\selenium-ie-driver-4.12.0.jar;C:\Users\Aniket Satpute\.m2\repository\org\seleniumhq\selenium\selenium-remote-driver\4.12.0\selenium-remote-driver-4.12.0.jar;C:\Users\Aniket Satpute\.m2\repository\io\netty\netty-buffer\4.1.96.Final\netty-buffer-4.1.96.Final.jar;C:\Users\Aniket Satpute\.m2\repository\io\netty\netty-codec-http\4.1.96.Final\netty-codec-http-4.1.96.Final.jar;C:\Users\Aniket Satpute\.m2\repository\io\netty\netty-codec\4.1.96.Final\netty-codec-4.1.96.Final.jar;C:\Users\Aniket Satpute\.m2\repository\io\netty\netty-handler\4.1.96.Final\netty-handler-4.1.96.Final.jar;C:\Users\Aniket Satpute\.m2\repository\io\netty\netty-common\4.1.96.Final\netty-common-4.1.96.Final.jar;C:\Users\Aniket Satpute\.m2\repository\io\netty\netty-transport-classes-epoll\4.1.96.Final\netty-transport-classes-epoll-4.1.96.Final.jar;C:\Users\Aniket Satpute\.m2\repository\io\netty\netty-transport-classes-kqueue\4.1.96.Final\netty-transport-classes-kqueue-4.1.96.Final.jar;C:\Users\Aniket Satpute\.m2\repository\io\netty\netty-transport-native-epoll\4.1.96.Final\netty-transport-native-epoll-4.1.96.Final.jar;C:\Users\Aniket Satpute\.m2\repository\io\netty\netty-transport-native-kqueue\4.1.96.Final\netty-transport-native-kqueue-4.1.96.Final.jar;C:\Users\Aniket Satpute\.m2\repository\io\netty\netty-transport-native-unix-common\4.1.96.Final\netty-transport-native-unix-common-4.1.96.Final.jar;C:\Users\Aniket Satpute\.m2\repository\io\netty\netty-transport\4.1.96.Final\netty-transport-4.1.96.Final.jar;C:\Users\Aniket Satpute\.m2\repository\io\netty\netty-resolver\4.1.96.Final\netty-resolver-4.1.96.Final.jar;C:\Users\Aniket Satpute\.m2\repository\io\opentelemetry\opentelemetry-api\1.28.0\opentelemetry-api-1.28.0.jar;C:\Users\Aniket Satpute\.m2\repository\io\opentelemetry\opentelemetry-context\1.28.0\opentelemetry-context-1.28.0.jar;C:\Users\Aniket Satpute\.m2\repository\io\opentelemetry\opentelemetry-exporter-logging\1.28.0\opentelemetry-exporter-logging-1.28.0.jar;C:\Users\Aniket Satpute\.m2\repository\io\opentelemetry\opentelemetry-sdk-metrics\1.28.0\opentelemetry-sdk-metrics-1.28.0.jar;C:\Users\Aniket Satpute\.m2\repository\io\opentelemetry\opentelemetry-extension-incubator\1.28.0-alpha\opentelemetry-extension-incubator-1.28.0-alpha.jar;C:\Users\Aniket Satpute\.m2\repository\io\opentelemetry\opentelemetry-sdk-logs\1.28.0\opentelemetry-sdk-logs-1.28.0.jar;C:\Users\Aniket Satpute\.m2\repository\io\opentelemetry\opentelemetry-sdk-common\1.28.0\opentelemetry-sdk-common-1.28.0.jar;C:\Users\Aniket Satpute\.m2\repository\io\opentelemetry\opentelemetry-sdk-extension-autoconfigure-spi\1.28.0\opentelemetry-sdk-extension-autoconfigure-spi-1.28.0.jar;C:\Users\Aniket Satpute\.m2\repository\io\opentelemetry\opentelemetry-sdk-extension-autoconfigure\1.28.0\opentelemetry-sdk-extension-autoconfigure-1.28.0.jar;C:\Users\Aniket Satpute\.m2\repository\io\opentelemetry\opentelemetry-api-events\1.28.0-alpha\opentelemetry-api-events-1.28.0-alpha.jar;C:\Users\Aniket Satpute\.m2\repository\io\opentelemetry\opentelemetry-sdk-trace\1.28.0\opentelemetry-sdk-trace-1.28.0.jar;C:\Users\Aniket Satpute\.m2\repository\io\opentelemetry\opentelemetry-sdk\1.28.0\opentelemetry-sdk-1.28.0.jar;C:\Users\Aniket Satpute\.m2\repository\io\opentelemetry\opentelemetry-semconv\1.28.0-alpha\opentelemetry-semconv-1.28.0-alpha.jar;C:\Users\Aniket Satpute\.m2\repository\net\bytebuddy\byte-buddy\1.14.5\byte-buddy-1.14.5.jar;C:\Users\Aniket Satpute\.m2\repository\org\asynchttpclient\async-http-client\2.12.3\async-http-client-2.12.3.jar;C:\Users\Aniket Satpute\.m2\repository\org\asynchttpclient\async-http-client-netty-utils\2.12.3\async-http-client-netty-utils-2.12.3.jar;C:\Users\Aniket Satpute\.m2\repository\io\netty\netty-codec-socks\4.1.60.Final\netty-codec-socks-4.1.60.Final.jar;C:\Users\Aniket Satpute\.m2\repository\io\netty\netty-handler-proxy\4.1.60.Final\netty-handler-proxy-4.1.60.Final.jar;C:\Users\Aniket Satpute\.m2\repository\io\netty\netty-transport-native-epoll\4.1.60.Final\netty-transport-native-epoll-4.1.60.Final-linux-x86_64.jar;C:\Users\Aniket Satpute\.m2\repository\io\netty\netty-transport-native-kqueue\4.1.60.Final\netty-transport-native-kqueue-4.1.60.Final-osx-x86_64.jar;C:\Users\Aniket Satpute\.m2\repository\org\reactivestreams\reactive-streams\1.0.3\reactive-streams-1.0.3.jar;C:\Users\Aniket Satpute\.m2\repository\com\typesafe\netty\netty-reactive-streams\2.0.4\netty-reactive-streams-2.0.4.jar;C:\Users\Aniket Satpute\.m2\repository\com\sun\activation\jakarta.activation\1.2.2\jakarta.activation-1.2.2.jar;C:\Users\Aniket Satpute\.m2\repository\org\seleniumhq\selenium\selenium-os\4.12.0\selenium-os-4.12.0.jar;C:\Users\Aniket Satpute\.m2\repository\org\apache\commons\commons-exec\1.3\commons-exec-1.3.jar;C:\Users\Aniket Satpute\.m2\repository\org\seleniumhq\selenium\selenium-safari-driver\4.12.0\selenium-safari-driver-4.12.0.jar;C:\Users\Aniket Satpute\.m2\repository\org\seleniumhq\selenium\selenium-support\4.12.0\selenium-support-4.12.0.jar;C:\Users\Aniket Satpute\.m2\repository\ch\qos\logback\logback-classic\1.2.11\logback-classic-1.2.11.jar;C:\Users\Aniket Satpute\.m2\repository\ch\qos\logback\logback-core\1.2.11\logback-core-1.2.11.jar;C:\Users\Aniket Satpute\.m2\repository\org\slf4j\slf4j-simple\2.0.9\slf4j-simple-2.0.9.jar;C:\Users\Aniket Satpute\.m2\repository\org\slf4j\slf4j-api\1.7.36\slf4j-api-1.7.36.jar;C:\Users\Aniket Satpute\.m2\repository\com\github\javafaker\javafaker\1.0.2\javafaker-1.0.2.jar;C:\Users\Aniket Satpute\.m2\repository\org\apache\commons\commons-lang3\3.5\commons-lang3-3.5.jar;C:\Users\Aniket Satpute\.m2\repository\com\github\mifmif\generex\1.0.2\generex-1.0.2.jar;C:\Users\Aniket Satpute\.m2\repository\dk\brics\automaton\automaton\1.11-8\automaton-1.11-8.jar;C:\Users\Aniket Satpute\.m2\repository\API_testing\API_testing\0.0.1-SNAPSHOT\API_testing-0.0.1-SNAPSHOT.jar;C:\Users\Aniket Satpute\.m2\repository\io\rest-assured\json-schema-validator\5.4.0\json-schema-validator-5.4.0.jar;C:\Users\Aniket Satpute\.m2\repository\com\github\java-json-tools\json-schema-validator\2.2.14\json-schema-validator-2.2.14.jar;C:\Users\Aniket Satpute\.m2\repository\com\github\java-json-tools\jackson-coreutils-equivalence\1.0\jackson-coreutils-equivalence-1.0.jar;C:\Users\Aniket Satpute\.m2\repository\com\fasterxml\jackson\core\jackson-databind\2.11.0\jackson-databind-2.11.0.jar;C:\Users\Aniket Satpute\.m2\repository\com\fasterxml\jackson\core\jackson-annotations\2.11.0\jackson-annotations-2.11.0.jar;C:\Users\Aniket Satpute\.m2\repository\com\fasterxml\jackson\core\jackson-core\2.11.0\jackson-core-2.11.0.jar;C:\Users\Aniket Satpute\.m2\repository\com\github\java-json-tools\jackson-coreutils\2.0\jackson-coreutils-2.0.jar;C:\Users\Aniket Satpute\.m2\repository\com\github\java-json-tools\msg-simple\1.2\msg-simple-1.2.jar;C:\Users\Aniket Satpute\.m2\repository\com\github\java-json-tools\btf\1.3\btf-1.3.jar;C:\Users\Aniket Satpute\.m2\repository\com\github\java-json-tools\json-schema-core\1.2.14\json-schema-core-1.2.14.jar;C:\Users\Aniket Satpute\.m2\repository\com\github\java-json-tools\uri-template\0.10\uri-template-0.10.jar;C:\Users\Aniket Satpute\.m2\repository\org\mozilla\rhino\1.7.7.2\rhino-1.7.7.2.jar;C:\Users\Aniket Satpute\.m2\repository\com\sun\mail\mailapi\1.6.2\mailapi-1.6.2.jar;C:\Users\Aniket Satpute\.m2\repository\joda-time\joda-time\2.10.5\joda-time-2.10.5.jar;C:\Users\Aniket Satpute\.m2\repository\com\googlecode\libphonenumber\libphonenumber\8.11.1\libphonenumber-8.11.1.jar;C:\Users\Aniket Satpute\.m2\repository\net\sf\jopt-simple\jopt-simple\5.0.4\jopt-simple-5.0.4.jar;C:\Users\Aniket Satpute\.m2\repository\org\hamcrest\hamcrest\2.2\hamcrest-2.2.jar;C:\Users\Aniket Satpute\.m2\repository\io\rest-assured\xml-path\5.4.0\xml-path-5.4.0.jar;C:\Users\Aniket Satpute\.m2\repository\org\apache\groovy\groovy-xml\4.0.16\groovy-xml-4.0.16.jar;C:\Users\Aniket Satpute\.m2\repository\org\apache\groovy\groovy\4.0.16\groovy-4.0.16.jar;C:\Users\Aniket Satpute\.m2\repository\io\rest-assured\rest-assured-common\5.4.0\rest-assured-common-5.4.0.jar;C:\Users\Aniket Satpute\.m2\repository\org\ccil\cowan\tagsoup\tagsoup\1.2.1\tagsoup-1.2.1.jar;C:\Users\Aniket Satpute\.m2\repository\org\apache\logging\log4j\log4j-slf4j-impl\2.20.0\log4j-slf4j-impl-2.20.0.jar;C:\Users\Aniket Satpute\.m2\repository\org\apache\logging\log4j\log4j-api\2.20.0\log4j-api-2.20.0.jar;C:\Users\Aniket Satpute\.m2\repository\org\apache\logging\log4j\log4j-core\2.20.0\log4j-core-2.20.0.jar;"/>
    <property name="sun.cpu.endian" value="little"/>
    <property name="user.home" value="C:\Users\Aniket Satpute"/>
    <property name="user.language" value="en"/>
    <property name="java.specification.vendor" value="Oracle Corporation"/>
    <property name="java.version.date" value="2024-04-16"/>
    <property name="java.home" value="C:\Users\Aniket Satpute\.p2\pool\plugins\org.eclipse.justj.openjdk.hotspot.jre.full.win32.x86_64_17.0.11.v20240426-1830\jre"/>
    <property name="file.separator" value="\"/>
    <property name="style.color" value="always"/>
    <property name="basedir" value="C:\Users\Aniket Satpute\eclipse-workspace\FleetProject"/>
    <property name="java.vm.compressedOopsMode" value="Zero based"/>
    <property name="line.separator" value="&#10;"/>
    <property name="java.vm.specification.vendor" value="Oracle Corporation"/>
    <property name="java.specification.name" value="Java Platform API Specification"/>
    <property name="surefire.real.class.path" value="C:\Users\Aniket Satpute\AppData\Local\Temp\surefire8779221302099328701\surefirebooter-20250118201331762_3.jar"/>
    <property name="user.script" value=""/>
    <property name="sun.management.compiler" value="HotSpot 64-Bit Tiered Compilers"/>
    <property name="java.runtime.version" value="17.0.11+9"/>
    <property name="user.name" value="Aniket Satpute"/>
    <property name="path.separator" value=";"/>
    <property name="os.version" value="10.0"/>
    <property name="java.runtime.name" value="OpenJDK Runtime Environment"/>
    <property name="file.encoding" value="Cp1252"/>
    <property name="java.vm.name" value="OpenJDK 64-Bit Server VM"/>
    <property name="java.vendor.version" value="Temurin-17.0.11+9"/>
    <property name="localRepository" value="C:\Users\Aniket Satpute\.m2\repository"/>
    <property name="java.vendor.url.bug" value="https://github.com/adoptium/adoptium-support/issues"/>
    <property name="java.io.tmpdir" value="C:\Users\ANIKET~1\AppData\Local\Temp\"/>
    <property name="java.version" value="17.0.11"/>
    <property name="user.dir" value="C:\Users\Aniket Satpute\eclipse-workspace\FleetProject"/>
    <property name="os.arch" value="amd64"/>
    <property name="java.vm.specification.name" value="Java Virtual Machine Specification"/>
    <property name="sun.os.patch.level" value=""/>
    <property name="native.encoding" value="Cp1252"/>
    <property name="java.library.path" value="C:\Users\Aniket Satpute\.p2\pool\plugins\org.eclipse.justj.openjdk.hotspot.jre.full.win32.x86_64_17.0.11.v20240426-1830\jre\bin;C:\Windows\Sun\Java\bin;C:\Windows\system32;C:\Windows;C:/Users/Aniket Satpute/.p2/pool/plugins/org.eclipse.justj.openjdk.hotspot.jre.full.win32.x86_64_17.0.11.v20240426-1830/jre/bin/server;C:/Users/Aniket Satpute/.p2/pool/plugins/org.eclipse.justj.openjdk.hotspot.jre.full.win32.x86_64_17.0.11.v20240426-1830/jre/bin;C:\Program Files\Common Files\Oracle\Java\javapath;C:\Program Files (x86)\Common Files\Oracle\Java\java8path;C:\Program Files (x86)\Common Files\Oracle\Java\javapath;C:\Python312\Scripts\;C:\Python312\;C:\Windows\system32;C:\Windows;C:\Windows\System32\Wbem;C:\Windows\System32\WindowsPowerShell\v1.0\;C:\Windows\System32\OpenSSH\;C:\Program Files (x86)\NVIDIA Corporation\PhysX\Common;C:\Program Files\NVIDIA Corporation\NVIDIA NvDLISR;C:\Program Files\Microsoft SQL Server\150\Tools\Binn\;C:\Program Files\MySQL\MySQL Server 8.0\bin;C:\ProgramData\chocolatey\bin;C:\Program Files\Java\jdk-21\bin;C:\Program Files (x86)\Java\jre1.8.0_421\bin;C:\Program Files (x86)\Java\jre1.8.0_421\bin\bin;C:\Program Files\Java\jdk-23\bin;C:\Users\Aniket Satpute\OneDrive\Desktop\javapractice\Oracle_JDK-23\bin;C:\apache-maven-3.9.9-bin\apache-maven-3.9.9\bin;C:\apache-maven-3.9.9-bin\apache-maven-3.9.9\bin;C:\apache-maven-3.9.9-bin\apache-maven-3.9.9\bin;C:\Program Files\Java\jdk-23\bin;C:\Program Files\Java\jdk-23\bin;C:\Program Files\Git\cmd;C:\Program Files\Git\bin;;C:\Windows\System32;;."/>
    <property name="java.vm.info" value="mixed mode"/>
    <property name="java.vendor" value="Eclipse Adoptium"/>
    <property name="java.vm.version" value="17.0.11+9"/>
    <property name="sun.io.unicode.encoding" value="UnicodeLittle"/>
    <property name="java.class.version" value="61.0"/>
  </properties>
  <testcase name="create Load with basic information" classname="Create load in broker" time="28.287">
    <system-out><![CDATA[
Scenario Outline: create Load with basic information       # src/test/resources/Create_Load/Create_Load.feature:22
20:13:34.891 [main] DEBUG io.netty.util.internal.logging.InternalLoggerFactory - Using SLF4J as the default logging framework
20:13:34.896 [main] DEBUG io.netty.util.ResourceLeakDetector - -Dio.netty.leakDetection.level: simple
20:13:34.896 [main] DEBUG io.netty.util.ResourceLeakDetector - -Dio.netty.leakDetection.targetRecords: 4
20:13:34.899 [main] DEBUG io.netty.util.ResourceLeakDetectorFactory - Loaded default ResourceLeakDetector: io.netty.util.ResourceLeakDetector@64d43929
20:13:34.910 [main] DEBUG io.netty.util.internal.PlatformDependent0 - -Dio.netty.noUnsafe: false
20:13:34.910 [main] DEBUG io.netty.util.internal.PlatformDependent0 - Java version: 17
20:13:34.911 [main] DEBUG io.netty.util.internal.PlatformDependent0 - sun.misc.Unsafe.theUnsafe: available
20:13:34.912 [main] DEBUG io.netty.util.internal.PlatformDependent0 - sun.misc.Unsafe.copyMemory: available
20:13:34.912 [main] DEBUG io.netty.util.internal.PlatformDependent0 - sun.misc.Unsafe.storeFence: available
20:13:34.912 [main] DEBUG io.netty.util.internal.PlatformDependent0 - java.nio.Buffer.address: available
20:13:34.913 [main] DEBUG io.netty.util.internal.PlatformDependent0 - direct buffer constructor: unavailable: Reflective setAccessible(true) disabled
20:13:34.913 [main] DEBUG io.netty.util.internal.PlatformDependent0 - java.nio.Bits.unaligned: available, true
20:13:34.914 [main] DEBUG io.netty.util.internal.PlatformDependent0 - jdk.internal.misc.Unsafe.allocateUninitializedArray(int): unavailable: class io.netty.util.internal.PlatformDependent0$7 cannot access class jdk.internal.misc.Unsafe (in module java.base) because module java.base does not export jdk.internal.misc to unnamed module @3b2cf7ab
20:13:34.915 [main] DEBUG io.netty.util.internal.PlatformDependent0 - java.nio.DirectByteBuffer.<init>(long, {int,long}): unavailable
20:13:34.915 [main] DEBUG io.netty.util.internal.PlatformDependent - sun.misc.Unsafe: available
20:13:34.916 [main] DEBUG io.netty.util.internal.PlatformDependent - maxDirectMemory: 4219469824 bytes (maybe)
20:13:34.916 [main] DEBUG io.netty.util.internal.PlatformDependent - -Dio.netty.tmpdir: C:\Users\ANIKET~1\AppData\Local\Temp (java.io.tmpdir)
20:13:34.916 [main] DEBUG io.netty.util.internal.PlatformDependent - -Dio.netty.bitMode: 64 (sun.arch.data.model)
20:13:34.917 [main] DEBUG io.netty.util.internal.PlatformDependent - Platform: Windows
20:13:34.917 [main] DEBUG io.netty.util.internal.PlatformDependent - -Dio.netty.maxDirectMemory: -1 bytes
20:13:34.917 [main] DEBUG io.netty.util.internal.PlatformDependent - -Dio.netty.uninitializedArrayAllocationThreshold: -1
20:13:34.918 [main] DEBUG io.netty.util.internal.CleanerJava9 - java.nio.ByteBuffer.cleaner(): available
20:13:34.918 [main] DEBUG io.netty.util.internal.PlatformDependent - -Dio.netty.noPreferDirect: false
20:13:34.923 [main] DEBUG io.netty.util.internal.PlatformDependent - org.jctools-core.MpscChunkedArrayQueue: available
20:13:34.934 [main] DEBUG io.netty.util.internal.InternalThreadLocalMap - -Dio.netty.threadLocalMap.stringBuilder.initialSize: 1024
20:13:34.935 [main] DEBUG io.netty.util.internal.InternalThreadLocalMap - -Dio.netty.threadLocalMap.stringBuilder.maxSize: 4096
20:13:35.057 [main] DEBUG io.netty.handler.ssl.JdkSslContext - Default protocols (JDK): [TLSv1.3, TLSv1.2] 
20:13:35.057 [main] DEBUG io.netty.handler.ssl.JdkSslContext - Default cipher suites (JDK): [TLS_ECDHE_ECDSA_WITH_AES_256_GCM_SHA384, TLS_ECDHE_ECDSA_WITH_AES_128_GCM_SHA256, TLS_ECDHE_RSA_WITH_AES_128_GCM_SHA256, TLS_ECDHE_RSA_WITH_AES_256_GCM_SHA384, TLS_ECDHE_RSA_WITH_AES_128_CBC_SHA, TLS_ECDHE_RSA_WITH_AES_256_CBC_SHA, TLS_RSA_WITH_AES_128_GCM_SHA256, TLS_RSA_WITH_AES_128_CBC_SHA, TLS_RSA_WITH_AES_256_CBC_SHA, TLS_AES_128_GCM_SHA256, TLS_AES_256_GCM_SHA384]
20:13:35.065 [main] DEBUG io.netty.util.concurrent.GlobalEventExecutor - -Dio.netty.globalEventExecutor.quietPeriodSeconds: 1
20:13:35.072 [main] DEBUG io.netty.channel.MultithreadEventLoopGroup - -Dio.netty.eventLoopThreads: 24
20:13:35.082 [main] DEBUG io.netty.channel.nio.NioEventLoop - -Dio.netty.noKeySetOptimization: false
20:13:35.083 [main] DEBUG io.netty.channel.nio.NioEventLoop - -Dio.netty.selectorAutoRebuildThreshold: 512
20:13:35.141 [main] DEBUG io.netty.buffer.PooledByteBufAllocator - -Dio.netty.allocator.numHeapArenas: 24
20:13:35.141 [main] DEBUG io.netty.buffer.PooledByteBufAllocator - -Dio.netty.allocator.numDirectArenas: 24
20:13:35.142 [main] DEBUG io.netty.buffer.PooledByteBufAllocator - -Dio.netty.allocator.pageSize: 8192
20:13:35.142 [main] DEBUG io.netty.buffer.PooledByteBufAllocator - -Dio.netty.allocator.maxOrder: 9
20:13:35.142 [main] DEBUG io.netty.buffer.PooledByteBufAllocator - -Dio.netty.allocator.chunkSize: 4194304
20:13:35.142 [main] DEBUG io.netty.buffer.PooledByteBufAllocator - -Dio.netty.allocator.smallCacheSize: 256
20:13:35.142 [main] DEBUG io.netty.buffer.PooledByteBufAllocator - -Dio.netty.allocator.normalCacheSize: 64
20:13:35.142 [main] DEBUG io.netty.buffer.PooledByteBufAllocator - -Dio.netty.allocator.maxCachedBufferCapacity: 32768
20:13:35.142 [main] DEBUG io.netty.buffer.PooledByteBufAllocator - -Dio.netty.allocator.cacheTrimInterval: 8192
20:13:35.142 [main] DEBUG io.netty.buffer.PooledByteBufAllocator - -Dio.netty.allocator.cacheTrimIntervalMillis: 0
20:13:35.142 [main] DEBUG io.netty.buffer.PooledByteBufAllocator - -Dio.netty.allocator.useCacheForAllThreads: false
20:13:35.142 [main] DEBUG io.netty.buffer.PooledByteBufAllocator - -Dio.netty.allocator.maxCachedByteBuffersPerChunk: 1023
20:13:35.151 [main] DEBUG io.netty.buffer.ByteBufUtil - -Dio.netty.allocator.type: pooled
20:13:35.152 [main] DEBUG io.netty.buffer.ByteBufUtil - -Dio.netty.threadLocalDirectBufferSize: 0
20:13:35.152 [main] DEBUG io.netty.buffer.ByteBufUtil - -Dio.netty.maxThreadLocalCharBufferSize: 16384
20:13:35.625 [Forwarding newSession on session null to remote] DEBUG io.netty.channel.DefaultChannelId - -Dio.netty.processId: 43444 (auto-detected)
20:13:35.627 [Forwarding newSession on session null to remote] DEBUG io.netty.util.NetUtil - -Djava.net.preferIPv4Stack: false
20:13:35.627 [Forwarding newSession on session null to remote] DEBUG io.netty.util.NetUtil - -Djava.net.preferIPv6Addresses: false
20:13:35.637 [Forwarding newSession on session null to remote] DEBUG io.netty.util.NetUtilInitializations - Loopback interface: lo (Software Loopback Interface 1, 127.0.0.1)
20:13:35.638 [Forwarding newSession on session null to remote] DEBUG io.netty.util.NetUtil - Failed to get SOMAXCONN from sysctl and file \proc\sys\net\core\somaxconn. Default: 200
20:13:35.649 [Forwarding newSession on session null to remote] DEBUG io.netty.channel.DefaultChannelId - -Dio.netty.machineId: f4:6a:dd:ff:fe:57:6c:f3 (auto-detected)
20:13:35.679 [AsyncHttpClient-1-2] DEBUG io.netty.buffer.AbstractByteBuf - -Dio.netty.buffer.checkAccessible: true
20:13:35.679 [AsyncHttpClient-1-2] DEBUG io.netty.buffer.AbstractByteBuf - -Dio.netty.buffer.checkBounds: true
20:13:35.679 [AsyncHttpClient-1-2] DEBUG io.netty.util.ResourceLeakDetectorFactory - Loaded default ResourceLeakDetector: io.netty.util.ResourceLeakDetector@704822b2
20:13:35.691 [AsyncHttpClient-1-2] DEBUG org.asynchttpclient.netty.channel.NettyConnectListener - Using new Channel '[id: 0xf75e08d3, L:/127.0.0.1:63213 - R:localhost/127.0.0.1:44052]' for 'POST' to '/session'
20:13:35.701 [AsyncHttpClient-1-2] DEBUG io.netty.util.Recycler - -Dio.netty.recycler.maxCapacityPerThread: 4096
20:13:35.702 [AsyncHttpClient-1-2] DEBUG io.netty.util.Recycler - -Dio.netty.recycler.ratio: 8
20:13:35.702 [AsyncHttpClient-1-2] DEBUG io.netty.util.Recycler - -Dio.netty.recycler.chunkSize: 32
20:13:35.702 [AsyncHttpClient-1-2] DEBUG io.netty.util.Recycler - -Dio.netty.recycler.blocking: false
20:13:35.702 [AsyncHttpClient-1-2] DEBUG io.netty.util.Recycler - -Dio.netty.recycler.batchFastThreadLocalOnly: true
20:13:36.454 [AsyncHttpClient-1-2] DEBUG io.netty.handler.codec.compression.Brotli - brotli4j not in the classpath; Brotli support will be unavailable.
20:13:36.454 [AsyncHttpClient-1-2] DEBUG org.asynchttpclient.netty.handler.HttpHandler - 

Request DefaultHttpRequest(decodeResult: success, version: HTTP/1.1)
POST /session HTTP/1.1
User-Agent: selenium/4.12.0 (java windows)
Content-Length: 254
Content-Type: application/json; charset=utf-8
host: localhost:44052
accept: */*

Response DefaultHttpResponse(decodeResult: success, version: HTTP/1.1)
HTTP/1.1 200 OK
Content-Length: 887
Content-Type: application/json; charset=utf-8
cache-control: no-cache

20:13:36.460 [AsyncHttpClient-1-2] DEBUG org.asynchttpclient.netty.channel.ChannelManager - Adding key: http://localhost:44052 for channel [id: 0xf75e08d3, L:/127.0.0.1:63213 - R:localhost/127.0.0.1:44052]
20:13:36.520 [AsyncHttpClient-1-3] DEBUG org.asynchttpclient.netty.channel.NettyConnectListener - Using new Channel '[id: 0x0b86b540, L:/127.0.0.1:63221 - R:localhost/127.0.0.1:63214]' for 'GET' to '/json/version'
20:13:36.523 [AsyncHttpClient-1-3] DEBUG org.asynchttpclient.netty.handler.HttpHandler - 

Request DefaultFullHttpRequest(decodeResult: success, version: HTTP/1.1, content: EmptyByteBufBE)
GET /json/version HTTP/1.1
User-Agent: selenium/4.12.0 (java windows)
host: localhost:63214
accept: */*

Response DefaultHttpResponse(decodeResult: success, version: HTTP/1.1)
HTTP/1.1 200 OK
Content-Security-Policy: frame-ancestors 'none'
Content-Length: 424
Content-Type: application/json; charset=UTF-8

20:13:36.523 [AsyncHttpClient-1-3] DEBUG org.asynchttpclient.netty.channel.ChannelManager - Adding key: http://localhost:63214 for channel [id: 0x0b86b540, L:/127.0.0.1:63221 - R:localhost/127.0.0.1:63214]
20:13:36.530 [main] DEBUG io.netty.util.internal.ThreadLocalRandom - -Dio.netty.initialSeedUniquifier: 0x92d03d1d1c460a9d
20:13:36.533 [AsyncHttpClient-1-4] DEBUG org.asynchttpclient.netty.channel.NettyConnectListener - Using new Channel '[id: 0x3cd718f5, L:/127.0.0.1:63222 - R:localhost/127.0.0.1:63214]' for 'GET' to '/devtools/browser/0c377f03-8574-44da-aba7-325ad25c419c'
20:13:36.535 [AsyncHttpClient-1-4] DEBUG org.asynchttpclient.netty.handler.WebSocketHandler - 

Request DefaultFullHttpRequest(decodeResult: success, version: HTTP/1.1, content: EmptyByteBufBE)
GET /devtools/browser/0c377f03-8574-44da-aba7-325ad25c419c HTTP/1.1
upgrade: websocket
connection: upgrade
sec-websocket-key: R8+DpKCNDIimj3NnvNuTfQ==
sec-websocket-version: 13
origin: http://localhost:63214
host: localhost:63214
accept: */*
user-agent: AHC/2.1

Response DefaultHttpResponse(decodeResult: success, version: HTTP/1.1)
HTTP/1.1 101 WebSocket Protocol Handshake
Upgrade: WebSocket
Connection: Upgrade
Sec-WebSocket-Accept: Vd9onn3Dw1p80vcGo3+OKwWweHA=

20:13:36.571 [Forwarding get on session e875b44a43e85277ef9827919ee2f8da to remote] DEBUG org.asynchttpclient.netty.request.NettyRequestSender - Using pooled Channel '[id: 0xf75e08d3, L:/127.0.0.1:63213 - R:localhost/127.0.0.1:44052]' for 'POST' to 'http://localhost:44052/session/e875b44a43e85277ef9827919ee2f8da/url'
20:13:36.571 [Forwarding get on session e875b44a43e85277ef9827919ee2f8da to remote] DEBUG org.asynchttpclient.netty.request.NettyRequestSender - Using open Channel [id: 0xf75e08d3, L:/127.0.0.1:63213 - R:localhost/127.0.0.1:44052] for POST '/session/e875b44a43e85277ef9827919ee2f8da/url'
20:13:37.225 [AsyncHttpClient-1-1] DEBUG org.asynchttpclient.netty.channel.DefaultChannelPool - Entry count for : http://localhost:63214 : 1
20:13:38.332 [AsyncHttpClient-1-1] DEBUG org.asynchttpclient.netty.channel.DefaultChannelPool - Entry count for : http://localhost:63214 : 1
20:13:38.930 [AsyncHttpClient-1-2] DEBUG org.asynchttpclient.netty.handler.HttpHandler - 

Request DefaultHttpRequest(decodeResult: success, version: HTTP/1.1)
POST /session/e875b44a43e85277ef9827919ee2f8da/url HTTP/1.1
User-Agent: selenium/4.12.0 (java windows)
Content-Length: 92
Content-Type: application/json; charset=utf-8
host: localhost:44052
accept: */*

Response DefaultHttpResponse(decodeResult: success, version: HTTP/1.1)
HTTP/1.1 200 OK
Content-Length: 14
Content-Type: application/json; charset=utf-8
cache-control: no-cache

20:13:38.931 [AsyncHttpClient-1-2] DEBUG org.asynchttpclient.netty.channel.ChannelManager - Adding key: http://localhost:44052 for channel [id: 0xf75e08d3, L:/127.0.0.1:63213 - R:localhost/127.0.0.1:44052]
20:13:38.934 [Forwarding maximizeCurrentWindow on session e875b44a43e85277ef9827919ee2f8da to remote] DEBUG org.asynchttpclient.netty.request.NettyRequestSender - Using pooled Channel '[id: 0xf75e08d3, L:/127.0.0.1:63213 - R:localhost/127.0.0.1:44052]' for 'POST' to 'http://localhost:44052/session/e875b44a43e85277ef9827919ee2f8da/window/maximize'
20:13:38.934 [Forwarding maximizeCurrentWindow on session e875b44a43e85277ef9827919ee2f8da to remote] DEBUG org.asynchttpclient.netty.request.NettyRequestSender - Using open Channel [id: 0xf75e08d3, L:/127.0.0.1:63213 - R:localhost/127.0.0.1:44052] for POST '/session/e875b44a43e85277ef9827919ee2f8da/window/maximize'
20:13:38.971 [AsyncHttpClient-1-2] DEBUG org.asynchttpclient.netty.handler.HttpHandler - 

Request DefaultHttpRequest(decodeResult: success, version: HTTP/1.1)
POST /session/e875b44a43e85277ef9827919ee2f8da/window/maximize HTTP/1.1
User-Agent: selenium/4.12.0 (java windows)
Content-Length: 3
Content-Type: application/json; charset=utf-8
host: localhost:44052
accept: */*

Response DefaultHttpResponse(decodeResult: success, version: HTTP/1.1)
HTTP/1.1 200 OK
Content-Length: 51
Content-Type: application/json; charset=utf-8
cache-control: no-cache

20:13:38.972 [AsyncHttpClient-1-2] DEBUG org.asynchttpclient.netty.channel.ChannelManager - Adding key: http://localhost:44052 for channel [id: 0xf75e08d3, L:/127.0.0.1:63213 - R:localhost/127.0.0.1:44052]
20:13:38.987 [Forwarding findElement on session e875b44a43e85277ef9827919ee2f8da to remote] DEBUG org.asynchttpclient.netty.request.NettyRequestSender - Using pooled Channel '[id: 0xf75e08d3, L:/127.0.0.1:63213 - R:localhost/127.0.0.1:44052]' for 'POST' to 'http://localhost:44052/session/e875b44a43e85277ef9827919ee2f8da/element'
20:13:38.987 [Forwarding findElement on session e875b44a43e85277ef9827919ee2f8da to remote] DEBUG org.asynchttpclient.netty.request.NettyRequestSender - Using open Channel [id: 0xf75e08d3, L:/127.0.0.1:63213 - R:localhost/127.0.0.1:44052] for POST '/session/e875b44a43e85277ef9827919ee2f8da/element'
20:13:38.997 [AsyncHttpClient-1-2] DEBUG org.asynchttpclient.netty.handler.HttpHandler - 

Request DefaultHttpRequest(decodeResult: success, version: HTTP/1.1)
POST /session/e875b44a43e85277ef9827919ee2f8da/element HTTP/1.1
User-Agent: selenium/4.12.0 (java windows)
Content-Length: 69
Content-Type: application/json; charset=utf-8
host: localhost:44052
accept: */*

Response DefaultHttpResponse(decodeResult: success, version: HTTP/1.1)
HTTP/1.1 200 OK
Content-Length: 125
Content-Type: application/json; charset=utf-8
cache-control: no-cache

20:13:38.997 [AsyncHttpClient-1-2] DEBUG org.asynchttpclient.netty.channel.ChannelManager - Adding key: http://localhost:44052 for channel [id: 0xf75e08d3, L:/127.0.0.1:63213 - R:localhost/127.0.0.1:44052]
20:13:39.005 [Forwarding sendKeysToElement on session e875b44a43e85277ef9827919ee2f8da to remote] DEBUG org.asynchttpclient.netty.request.NettyRequestSender - Using pooled Channel '[id: 0xf75e08d3, L:/127.0.0.1:63213 - R:localhost/127.0.0.1:44052]' for 'POST' to 'http://localhost:44052/session/e875b44a43e85277ef9827919ee2f8da/element/f.B981882F3292AC2406942B9AA13DAA16.d.9F636F55806A83FF21F12E175C2F763D.e.4/value'
20:13:39.005 [Forwarding sendKeysToElement on session e875b44a43e85277ef9827919ee2f8da to remote] DEBUG org.asynchttpclient.netty.request.NettyRequestSender - Using open Channel [id: 0xf75e08d3, L:/127.0.0.1:63213 - R:localhost/127.0.0.1:44052] for POST '/session/e875b44a43e85277ef9827919ee2f8da/element/f.B981882F3292AC2406942B9AA13DAA16.d.9F636F55806A83FF21F12E175C2F763D.e.4/value'
20:13:39.106 [AsyncHttpClient-1-2] DEBUG org.asynchttpclient.netty.handler.HttpHandler - 

Request DefaultHttpRequest(decodeResult: success, version: HTTP/1.1)
POST /session/e875b44a43e85277ef9827919ee2f8da/element/f.B981882F3292AC2406942B9AA13DAA16.d.9F636F55806A83FF21F12E175C2F763D.e.4/value HTTP/1.1
User-Agent: selenium/4.12.0 (java windows)
Content-Length: 338
Content-Type: application/json; charset=utf-8
host: localhost:44052
accept: */*

Response DefaultHttpResponse(decodeResult: success, version: HTTP/1.1)
HTTP/1.1 200 OK
Content-Length: 14
Content-Type: application/json; charset=utf-8
cache-control: no-cache

20:13:39.106 [AsyncHttpClient-1-2] DEBUG org.asynchttpclient.netty.channel.ChannelManager - Adding key: http://localhost:44052 for channel [id: 0xf75e08d3, L:/127.0.0.1:63213 - R:localhost/127.0.0.1:44052]
20:13:39.107 [Forwarding findElement on session e875b44a43e85277ef9827919ee2f8da to remote] DEBUG org.asynchttpclient.netty.request.NettyRequestSender - Using pooled Channel '[id: 0xf75e08d3, L:/127.0.0.1:63213 - R:localhost/127.0.0.1:44052]' for 'POST' to 'http://localhost:44052/session/e875b44a43e85277ef9827919ee2f8da/element'
20:13:39.107 [Forwarding findElement on session e875b44a43e85277ef9827919ee2f8da to remote] DEBUG org.asynchttpclient.netty.request.NettyRequestSender - Using open Channel [id: 0xf75e08d3, L:/127.0.0.1:63213 - R:localhost/127.0.0.1:44052] for POST '/session/e875b44a43e85277ef9827919ee2f8da/element'
20:13:39.117 [AsyncHttpClient-1-2] DEBUG org.asynchttpclient.netty.handler.HttpHandler - 

Request DefaultHttpRequest(decodeResult: success, version: HTTP/1.1)
POST /session/e875b44a43e85277ef9827919ee2f8da/element HTTP/1.1
User-Agent: selenium/4.12.0 (java windows)
Content-Length: 72
Content-Type: application/json; charset=utf-8
host: localhost:44052
accept: */*

Response DefaultHttpResponse(decodeResult: success, version: HTTP/1.1)
HTTP/1.1 200 OK
Content-Length: 125
Content-Type: application/json; charset=utf-8
cache-control: no-cache

20:13:39.118 [AsyncHttpClient-1-2] DEBUG org.asynchttpclient.netty.channel.ChannelManager - Adding key: http://localhost:44052 for channel [id: 0xf75e08d3, L:/127.0.0.1:63213 - R:localhost/127.0.0.1:44052]
20:13:39.119 [Forwarding sendKeysToElement on session e875b44a43e85277ef9827919ee2f8da to remote] DEBUG org.asynchttpclient.netty.request.NettyRequestSender - Using pooled Channel '[id: 0xf75e08d3, L:/127.0.0.1:63213 - R:localhost/127.0.0.1:44052]' for 'POST' to 'http://localhost:44052/session/e875b44a43e85277ef9827919ee2f8da/element/f.B981882F3292AC2406942B9AA13DAA16.d.9F636F55806A83FF21F12E175C2F763D.e.6/value'
20:13:39.119 [Forwarding sendKeysToElement on session e875b44a43e85277ef9827919ee2f8da to remote] DEBUG org.asynchttpclient.netty.request.NettyRequestSender - Using open Channel [id: 0xf75e08d3, L:/127.0.0.1:63213 - R:localhost/127.0.0.1:44052] for POST '/session/e875b44a43e85277ef9827919ee2f8da/element/f.B981882F3292AC2406942B9AA13DAA16.d.9F636F55806A83FF21F12E175C2F763D.e.6/value'
20:13:39.175 [AsyncHttpClient-1-2] DEBUG org.asynchttpclient.netty.handler.HttpHandler - 

Request DefaultHttpRequest(decodeResult: success, version: HTTP/1.1)
POST /session/e875b44a43e85277ef9827919ee2f8da/element/f.B981882F3292AC2406942B9AA13DAA16.d.9F636F55806A83FF21F12E175C2F763D.e.6/value HTTP/1.1
User-Agent: selenium/4.12.0 (java windows)
Content-Length: 208
Content-Type: application/json; charset=utf-8
host: localhost:44052
accept: */*

Response DefaultHttpResponse(decodeResult: success, version: HTTP/1.1)
HTTP/1.1 200 OK
Content-Length: 14
Content-Type: application/json; charset=utf-8
cache-control: no-cache

20:13:39.175 [AsyncHttpClient-1-2] DEBUG org.asynchttpclient.netty.channel.ChannelManager - Adding key: http://localhost:44052 for channel [id: 0xf75e08d3, L:/127.0.0.1:63213 - R:localhost/127.0.0.1:44052]
20:13:39.178 [Forwarding findElement on session e875b44a43e85277ef9827919ee2f8da to remote] DEBUG org.asynchttpclient.netty.request.NettyRequestSender - Using pooled Channel '[id: 0xf75e08d3, L:/127.0.0.1:63213 - R:localhost/127.0.0.1:44052]' for 'POST' to 'http://localhost:44052/session/e875b44a43e85277ef9827919ee2f8da/element'
20:13:39.178 [Forwarding findElement on session e875b44a43e85277ef9827919ee2f8da to remote] DEBUG org.asynchttpclient.netty.request.NettyRequestSender - Using open Channel [id: 0xf75e08d3, L:/127.0.0.1:63213 - R:localhost/127.0.0.1:44052] for POST '/session/e875b44a43e85277ef9827919ee2f8da/element'
20:13:39.186 [AsyncHttpClient-1-2] DEBUG org.asynchttpclient.netty.handler.HttpHandler - 

Request DefaultHttpRequest(decodeResult: success, version: HTTP/1.1)
POST /session/e875b44a43e85277ef9827919ee2f8da/element HTTP/1.1
User-Agent: selenium/4.12.0 (java windows)
Content-Length: 73
Content-Type: application/json; charset=utf-8
host: localhost:44052
accept: */*

Response DefaultHttpResponse(decodeResult: success, version: HTTP/1.1)
HTTP/1.1 200 OK
Content-Length: 125
Content-Type: application/json; charset=utf-8
cache-control: no-cache

20:13:39.186 [AsyncHttpClient-1-2] DEBUG org.asynchttpclient.netty.channel.ChannelManager - Adding key: http://localhost:44052 for channel [id: 0xf75e08d3, L:/127.0.0.1:63213 - R:localhost/127.0.0.1:44052]
20:13:39.187 [Forwarding clickElement on session e875b44a43e85277ef9827919ee2f8da to remote] DEBUG org.asynchttpclient.netty.request.NettyRequestSender - Using pooled Channel '[id: 0xf75e08d3, L:/127.0.0.1:63213 - R:localhost/127.0.0.1:44052]' for 'POST' to 'http://localhost:44052/session/e875b44a43e85277ef9827919ee2f8da/element/f.B981882F3292AC2406942B9AA13DAA16.d.9F636F55806A83FF21F12E175C2F763D.e.8/click'
20:13:39.187 [Forwarding clickElement on session e875b44a43e85277ef9827919ee2f8da to remote] DEBUG org.asynchttpclient.netty.request.NettyRequestSender - Using open Channel [id: 0xf75e08d3, L:/127.0.0.1:63213 - R:localhost/127.0.0.1:44052] for POST '/session/e875b44a43e85277ef9827919ee2f8da/element/f.B981882F3292AC2406942B9AA13DAA16.d.9F636F55806A83FF21F12E175C2F763D.e.8/click'
20:13:39.235 [AsyncHttpClient-1-2] DEBUG org.asynchttpclient.netty.handler.HttpHandler - 

Request DefaultHttpRequest(decodeResult: success, version: HTTP/1.1)
POST /session/e875b44a43e85277ef9827919ee2f8da/element/f.B981882F3292AC2406942B9AA13DAA16.d.9F636F55806A83FF21F12E175C2F763D.e.8/click HTTP/1.1
User-Agent: selenium/4.12.0 (java windows)
Content-Length: 87
Content-Type: application/json; charset=utf-8
host: localhost:44052
accept: */*

Response DefaultHttpResponse(decodeResult: success, version: HTTP/1.1)
HTTP/1.1 200 OK
Content-Length: 14
Content-Type: application/json; charset=utf-8
cache-control: no-cache

20:13:39.235 [AsyncHttpClient-1-2] DEBUG org.asynchttpclient.netty.channel.ChannelManager - Adding key: http://localhost:44052 for channel [id: 0xf75e08d3, L:/127.0.0.1:63213 - R:localhost/127.0.0.1:44052]
20:13:39.434 [AsyncHttpClient-1-1] DEBUG org.asynchttpclient.netty.channel.DefaultChannelPool - Entry count for : http://localhost:63214 : 1
20:13:39.434 [AsyncHttpClient-1-1] DEBUG org.asynchttpclient.netty.channel.DefaultChannelPool - Entry count for : http://localhost:44052 : 1
20:13:40.532 [AsyncHttpClient-1-1] DEBUG org.asynchttpclient.netty.channel.DefaultChannelPool - Entry count for : http://localhost:63214 : 1
20:13:40.533 [AsyncHttpClient-1-1] DEBUG org.asynchttpclient.netty.channel.DefaultChannelPool - Entry count for : http://localhost:44052 : 1
20:13:41.626 [AsyncHttpClient-1-1] DEBUG org.asynchttpclient.netty.channel.DefaultChannelPool - Entry count for : http://localhost:63214 : 1
20:13:41.626 [AsyncHttpClient-1-1] DEBUG org.asynchttpclient.netty.channel.DefaultChannelPool - Entry count for : http://localhost:44052 : 1
20:13:42.739 [AsyncHttpClient-1-1] DEBUG org.asynchttpclient.netty.channel.DefaultChannelPool - Entry count for : http://localhost:63214 : 1
20:13:42.739 [AsyncHttpClient-1-1] DEBUG org.asynchttpclient.netty.channel.DefaultChannelPool - Entry count for : http://localhost:44052 : 1
20:13:43.837 [AsyncHttpClient-1-1] DEBUG org.asynchttpclient.netty.channel.DefaultChannelPool - Entry count for : http://localhost:63214 : 1
20:13:43.838 [AsyncHttpClient-1-1] DEBUG org.asynchttpclient.netty.channel.DefaultChannelPool - Entry count for : http://localhost:44052 : 1
20:13:44.237 [Forwarding getCurrentUrl on session e875b44a43e85277ef9827919ee2f8da to remote] DEBUG org.asynchttpclient.netty.request.NettyRequestSender - Using pooled Channel '[id: 0xf75e08d3, L:/127.0.0.1:63213 - R:localhost/127.0.0.1:44052]' for 'GET' to 'http://localhost:44052/session/e875b44a43e85277ef9827919ee2f8da/url'
20:13:44.237 [Forwarding getCurrentUrl on session e875b44a43e85277ef9827919ee2f8da to remote] DEBUG org.asynchttpclient.netty.request.NettyRequestSender - Using open Channel [id: 0xf75e08d3, L:/127.0.0.1:63213 - R:localhost/127.0.0.1:44052] for GET '/session/e875b44a43e85277ef9827919ee2f8da/url'
20:13:44.248 [AsyncHttpClient-1-2] DEBUG org.asynchttpclient.netty.handler.HttpHandler - 

Request DefaultFullHttpRequest(decodeResult: success, version: HTTP/1.1, content: EmptyByteBufBE)
GET /session/e875b44a43e85277ef9827919ee2f8da/url HTTP/1.1
Cache-Control: no-cache
User-Agent: selenium/4.12.0 (java windows)
Content-Type: application/json; charset=utf-8
host: localhost:44052
accept: */*

Response DefaultHttpResponse(decodeResult: success, version: HTTP/1.1)
HTTP/1.1 200 OK
Content-Length: 69
Content-Type: application/json; charset=utf-8
cache-control: no-cache

20:13:44.248 [AsyncHttpClient-1-2] DEBUG org.asynchttpclient.netty.channel.ChannelManager - Adding key: http://localhost:44052 for channel [id: 0xf75e08d3, L:/127.0.0.1:63213 - R:localhost/127.0.0.1:44052]
https://fleet-manager-development.vercel.app/auth/sign-in
20:13:44.248 [Forwarding findElement on session e875b44a43e85277ef9827919ee2f8da to remote] DEBUG org.asynchttpclient.netty.request.NettyRequestSender - Using pooled Channel '[id: 0xf75e08d3, L:/127.0.0.1:63213 - R:localhost/127.0.0.1:44052]' for 'POST' to 'http://localhost:44052/session/e875b44a43e85277ef9827919ee2f8da/element'
20:13:44.248 [Forwarding findElement on session e875b44a43e85277ef9827919ee2f8da to remote] DEBUG org.asynchttpclient.netty.request.NettyRequestSender - Using open Channel [id: 0xf75e08d3, L:/127.0.0.1:63213 - R:localhost/127.0.0.1:44052] for POST '/session/e875b44a43e85277ef9827919ee2f8da/element'
20:13:44.259 [AsyncHttpClient-1-2] DEBUG org.asynchttpclient.netty.handler.HttpHandler - 

Request DefaultHttpRequest(decodeResult: success, version: HTTP/1.1)
POST /session/e875b44a43e85277ef9827919ee2f8da/element HTTP/1.1
User-Agent: selenium/4.12.0 (java windows)
Content-Length: 66
Content-Type: application/json; charset=utf-8
host: localhost:44052
accept: */*

Response DefaultHttpResponse(decodeResult: success, version: HTTP/1.1)
HTTP/1.1 200 OK
Content-Length: 126
Content-Type: application/json; charset=utf-8
cache-control: no-cache

20:13:44.263 [AsyncHttpClient-1-2] DEBUG org.asynchttpclient.netty.channel.ChannelManager - Adding key: http://localhost:44052 for channel [id: 0xf75e08d3, L:/127.0.0.1:63213 - R:localhost/127.0.0.1:44052]
20:13:44.268 [Forwarding isElementDisplayed on session e875b44a43e85277ef9827919ee2f8da to remote] DEBUG org.asynchttpclient.netty.request.NettyRequestSender - Using pooled Channel '[id: 0xf75e08d3, L:/127.0.0.1:63213 - R:localhost/127.0.0.1:44052]' for 'POST' to 'http://localhost:44052/session/e875b44a43e85277ef9827919ee2f8da/execute/sync'
20:13:44.268 [Forwarding isElementDisplayed on session e875b44a43e85277ef9827919ee2f8da to remote] DEBUG org.asynchttpclient.netty.request.NettyRequestSender - Using open Channel [id: 0xf75e08d3, L:/127.0.0.1:63213 - R:localhost/127.0.0.1:44052] for POST '/session/e875b44a43e85277ef9827919ee2f8da/execute/sync'
20:13:44.284 [AsyncHttpClient-1-2] DEBUG org.asynchttpclient.netty.handler.HttpHandler - 

Request DefaultHttpRequest(decodeResult: success, version: HTTP/1.1)
POST /session/e875b44a43e85277ef9827919ee2f8da/execute/sync HTTP/1.1
User-Agent: selenium/4.12.0 (java windows)
Content-Length: 48734
Content-Type: application/json; charset=utf-8
host: localhost:44052
accept: */*

Response DefaultHttpResponse(decodeResult: success, version: HTTP/1.1)
HTTP/1.1 200 OK
Content-Length: 14
Content-Type: application/json; charset=utf-8
cache-control: no-cache

20:13:44.284 [AsyncHttpClient-1-2] DEBUG org.asynchttpclient.netty.channel.ChannelManager - Adding key: http://localhost:44052 for channel [id: 0xf75e08d3, L:/127.0.0.1:63213 - R:localhost/127.0.0.1:44052]
20:13:44.284 [Forwarding findElement on session e875b44a43e85277ef9827919ee2f8da to remote] DEBUG org.asynchttpclient.netty.request.NettyRequestSender - Using pooled Channel '[id: 0xf75e08d3, L:/127.0.0.1:63213 - R:localhost/127.0.0.1:44052]' for 'POST' to 'http://localhost:44052/session/e875b44a43e85277ef9827919ee2f8da/element'
20:13:44.284 [Forwarding findElement on session e875b44a43e85277ef9827919ee2f8da to remote] DEBUG org.asynchttpclient.netty.request.NettyRequestSender - Using open Channel [id: 0xf75e08d3, L:/127.0.0.1:63213 - R:localhost/127.0.0.1:44052] for POST '/session/e875b44a43e85277ef9827919ee2f8da/element'
20:13:44.316 [AsyncHttpClient-1-2] DEBUG org.asynchttpclient.netty.handler.HttpHandler - 

Request DefaultHttpRequest(decodeResult: success, version: HTTP/1.1)
POST /session/e875b44a43e85277ef9827919ee2f8da/element HTTP/1.1
User-Agent: selenium/4.12.0 (java windows)
Content-Length: 66
Content-Type: application/json; charset=utf-8
host: localhost:44052
accept: */*

Response DefaultHttpResponse(decodeResult: success, version: HTTP/1.1)
HTTP/1.1 200 OK
Content-Length: 126
Content-Type: application/json; charset=utf-8
cache-control: no-cache

20:13:44.316 [AsyncHttpClient-1-2] DEBUG org.asynchttpclient.netty.channel.ChannelManager - Adding key: http://localhost:44052 for channel [id: 0xf75e08d3, L:/127.0.0.1:63213 - R:localhost/127.0.0.1:44052]
20:13:44.316 [Forwarding getElementText on session e875b44a43e85277ef9827919ee2f8da to remote] DEBUG org.asynchttpclient.netty.request.NettyRequestSender - Using pooled Channel '[id: 0xf75e08d3, L:/127.0.0.1:63213 - R:localhost/127.0.0.1:44052]' for 'GET' to 'http://localhost:44052/session/e875b44a43e85277ef9827919ee2f8da/element/f.B981882F3292AC2406942B9AA13DAA16.d.9F636F55806A83FF21F12E175C2F763D.e.21/text'
20:13:44.316 [Forwarding getElementText on session e875b44a43e85277ef9827919ee2f8da to remote] DEBUG org.asynchttpclient.netty.request.NettyRequestSender - Using open Channel [id: 0xf75e08d3, L:/127.0.0.1:63213 - R:localhost/127.0.0.1:44052] for GET '/session/e875b44a43e85277ef9827919ee2f8da/element/f.B981882F3292AC2406942B9AA13DAA16.d.9F636F55806A83FF21F12E175C2F763D.e.21/text'
20:13:44.333 [AsyncHttpClient-1-2] DEBUG org.asynchttpclient.netty.handler.HttpHandler - 

Request DefaultFullHttpRequest(decodeResult: success, version: HTTP/1.1, content: EmptyByteBufBE)
GET /session/e875b44a43e85277ef9827919ee2f8da/element/f.B981882F3292AC2406942B9AA13DAA16.d.9F636F55806A83FF21F12E175C2F763D.e.21/text HTTP/1.1
Cache-Control: no-cache
User-Agent: selenium/4.12.0 (java windows)
Content-Type: application/json; charset=utf-8
host: localhost:44052
accept: */*

Response DefaultHttpResponse(decodeResult: success, version: HTTP/1.1)
HTTP/1.1 200 OK
Content-Length: 33
Content-Type: application/json; charset=utf-8
cache-control: no-cache

20:13:44.348 [AsyncHttpClient-1-2] DEBUG org.asynchttpclient.netty.channel.ChannelManager - Adding key: http://localhost:44052 for channel [id: 0xf75e08d3, L:/127.0.0.1:63213 - R:localhost/127.0.0.1:44052]
20:13:44.348 [Forwarding findElement on session e875b44a43e85277ef9827919ee2f8da to remote] DEBUG org.asynchttpclient.netty.request.NettyRequestSender - Using pooled Channel '[id: 0xf75e08d3, L:/127.0.0.1:63213 - R:localhost/127.0.0.1:44052]' for 'POST' to 'http://localhost:44052/session/e875b44a43e85277ef9827919ee2f8da/element'
20:13:44.348 [Forwarding findElement on session e875b44a43e85277ef9827919ee2f8da to remote] DEBUG org.asynchttpclient.netty.request.NettyRequestSender - Using open Channel [id: 0xf75e08d3, L:/127.0.0.1:63213 - R:localhost/127.0.0.1:44052] for POST '/session/e875b44a43e85277ef9827919ee2f8da/element'
20:13:44.364 [AsyncHttpClient-1-2] DEBUG org.asynchttpclient.netty.handler.HttpHandler - 

Request DefaultHttpRequest(decodeResult: success, version: HTTP/1.1)
POST /session/e875b44a43e85277ef9827919ee2f8da/element HTTP/1.1
User-Agent: selenium/4.12.0 (java windows)
Content-Length: 74
Content-Type: application/json; charset=utf-8
host: localhost:44052
accept: */*

Response DefaultHttpResponse(decodeResult: success, version: HTTP/1.1)
HTTP/1.1 200 OK
Content-Length: 126
Content-Type: application/json; charset=utf-8
cache-control: no-cache

20:13:44.364 [AsyncHttpClient-1-2] DEBUG org.asynchttpclient.netty.channel.ChannelManager - Adding key: http://localhost:44052 for channel [id: 0xf75e08d3, L:/127.0.0.1:63213 - R:localhost/127.0.0.1:44052]
20:13:44.364 [Forwarding clickElement on session e875b44a43e85277ef9827919ee2f8da to remote] DEBUG org.asynchttpclient.netty.request.NettyRequestSender - Using pooled Channel '[id: 0xf75e08d3, L:/127.0.0.1:63213 - R:localhost/127.0.0.1:44052]' for 'POST' to 'http://localhost:44052/session/e875b44a43e85277ef9827919ee2f8da/element/f.B981882F3292AC2406942B9AA13DAA16.d.9F636F55806A83FF21F12E175C2F763D.e.22/click'
20:13:44.364 [Forwarding clickElement on session e875b44a43e85277ef9827919ee2f8da to remote] DEBUG org.asynchttpclient.netty.request.NettyRequestSender - Using open Channel [id: 0xf75e08d3, L:/127.0.0.1:63213 - R:localhost/127.0.0.1:44052] for POST '/session/e875b44a43e85277ef9827919ee2f8da/element/f.B981882F3292AC2406942B9AA13DAA16.d.9F636F55806A83FF21F12E175C2F763D.e.22/click'
20:13:44.410 [AsyncHttpClient-1-2] DEBUG org.asynchttpclient.netty.handler.HttpHandler - 

Request DefaultHttpRequest(decodeResult: success, version: HTTP/1.1)
POST /session/e875b44a43e85277ef9827919ee2f8da/element/f.B981882F3292AC2406942B9AA13DAA16.d.9F636F55806A83FF21F12E175C2F763D.e.22/click HTTP/1.1
User-Agent: selenium/4.12.0 (java windows)
Content-Length: 88
Content-Type: application/json; charset=utf-8
host: localhost:44052
accept: */*

Response DefaultHttpResponse(decodeResult: success, version: HTTP/1.1)
HTTP/1.1 200 OK
Content-Length: 14
Content-Type: application/json; charset=utf-8
cache-control: no-cache

20:13:44.410 [AsyncHttpClient-1-2] DEBUG org.asynchttpclient.netty.channel.ChannelManager - Adding key: http://localhost:44052 for channel [id: 0xf75e08d3, L:/127.0.0.1:63213 - R:localhost/127.0.0.1:44052]
20:13:44.940 [AsyncHttpClient-1-1] DEBUG org.asynchttpclient.netty.channel.DefaultChannelPool - Entry count for : http://localhost:63214 : 1
20:13:44.940 [AsyncHttpClient-1-1] DEBUG org.asynchttpclient.netty.channel.DefaultChannelPool - Entry count for : http://localhost:44052 : 1
20:13:46.026 [AsyncHttpClient-1-1] DEBUG org.asynchttpclient.netty.channel.DefaultChannelPool - Entry count for : http://localhost:63214 : 1
20:13:46.027 [AsyncHttpClient-1-1] DEBUG org.asynchttpclient.netty.channel.DefaultChannelPool - Entry count for : http://localhost:44052 : 1
20:13:47.140 [AsyncHttpClient-1-1] DEBUG org.asynchttpclient.netty.channel.DefaultChannelPool - Entry count for : http://localhost:63214 : 1
20:13:47.140 [AsyncHttpClient-1-1] DEBUG org.asynchttpclient.netty.channel.DefaultChannelPool - Entry count for : http://localhost:44052 : 1
screen shot class not taking
  Given Open dashboardfokisaj290@edectus.com and Fleet@123 # StepDefination.My_Load.I_am_on_dashboard(java.lang.String,java.lang.String)
20:13:48.229 [AsyncHttpClient-1-1] DEBUG org.asynchttpclient.netty.channel.DefaultChannelPool - Entry count for : http://localhost:63214 : 1
20:13:48.229 [AsyncHttpClient-1-1] DEBUG org.asynchttpclient.netty.channel.DefaultChannelPool - Entry count for : http://localhost:44052 : 1
20:13:48.937 [Forwarding findElement on session e875b44a43e85277ef9827919ee2f8da to remote] DEBUG org.asynchttpclient.netty.request.NettyRequestSender - Using pooled Channel '[id: 0xf75e08d3, L:/127.0.0.1:63213 - R:localhost/127.0.0.1:44052]' for 'POST' to 'http://localhost:44052/session/e875b44a43e85277ef9827919ee2f8da/element'
20:13:48.937 [Forwarding findElement on session e875b44a43e85277ef9827919ee2f8da to remote] DEBUG org.asynchttpclient.netty.request.NettyRequestSender - Using open Channel [id: 0xf75e08d3, L:/127.0.0.1:63213 - R:localhost/127.0.0.1:44052] for POST '/session/e875b44a43e85277ef9827919ee2f8da/element'
20:13:48.970 [AsyncHttpClient-1-2] DEBUG org.asynchttpclient.netty.handler.HttpHandler - 

Request DefaultHttpRequest(decodeResult: success, version: HTTP/1.1)
POST /session/e875b44a43e85277ef9827919ee2f8da/element HTTP/1.1
User-Agent: selenium/4.12.0 (java windows)
Content-Length: 71
Content-Type: application/json; charset=utf-8
host: localhost:44052
accept: */*

Response DefaultHttpResponse(decodeResult: success, version: HTTP/1.1)
HTTP/1.1 200 OK
Content-Length: 126
Content-Type: application/json; charset=utf-8
cache-control: no-cache

20:13:48.970 [AsyncHttpClient-1-2] DEBUG org.asynchttpclient.netty.channel.ChannelManager - Adding key: http://localhost:44052 for channel [id: 0xf75e08d3, L:/127.0.0.1:63213 - R:localhost/127.0.0.1:44052]
20:13:48.970 [Forwarding clickElement on session e875b44a43e85277ef9827919ee2f8da to remote] DEBUG org.asynchttpclient.netty.request.NettyRequestSender - Using pooled Channel '[id: 0xf75e08d3, L:/127.0.0.1:63213 - R:localhost/127.0.0.1:44052]' for 'POST' to 'http://localhost:44052/session/e875b44a43e85277ef9827919ee2f8da/element/f.B981882F3292AC2406942B9AA13DAA16.d.E98386459518A73A749119EAA660699A.e.32/click'
20:13:48.970 [Forwarding clickElement on session e875b44a43e85277ef9827919ee2f8da to remote] DEBUG org.asynchttpclient.netty.request.NettyRequestSender - Using open Channel [id: 0xf75e08d3, L:/127.0.0.1:63213 - R:localhost/127.0.0.1:44052] for POST '/session/e875b44a43e85277ef9827919ee2f8da/element/f.B981882F3292AC2406942B9AA13DAA16.d.E98386459518A73A749119EAA660699A.e.32/click'
20:13:49.039 [AsyncHttpClient-1-2] DEBUG org.asynchttpclient.netty.handler.HttpHandler - 

Request DefaultHttpRequest(decodeResult: success, version: HTTP/1.1)
POST /session/e875b44a43e85277ef9827919ee2f8da/element/f.B981882F3292AC2406942B9AA13DAA16.d.E98386459518A73A749119EAA660699A.e.32/click HTTP/1.1
User-Agent: selenium/4.12.0 (java windows)
Content-Length: 88
Content-Type: application/json; charset=utf-8
host: localhost:44052
accept: */*

Response DefaultHttpResponse(decodeResult: success, version: HTTP/1.1)
HTTP/1.1 200 OK
Content-Length: 14
Content-Type: application/json; charset=utf-8
cache-control: no-cache

20:13:49.041 [AsyncHttpClient-1-2] DEBUG org.asynchttpclient.netty.channel.ChannelManager - Adding key: http://localhost:44052 for channel [id: 0xf75e08d3, L:/127.0.0.1:63213 - R:localhost/127.0.0.1:44052]
  And Tap on My_load sub module                            # StepDefination.My_Load.Tap_on_My_load_sub_module()
20:13:49.326 [AsyncHttpClient-1-1] DEBUG org.asynchttpclient.netty.channel.DefaultChannelPool - Entry count for : http://localhost:63214 : 1
20:13:49.326 [AsyncHttpClient-1-1] DEBUG org.asynchttpclient.netty.channel.DefaultChannelPool - Entry count for : http://localhost:44052 : 1
20:13:50.426 [AsyncHttpClient-1-1] DEBUG org.asynchttpclient.netty.channel.DefaultChannelPool - Entry count for : http://localhost:63214 : 1
20:13:50.426 [AsyncHttpClient-1-1] DEBUG org.asynchttpclient.netty.channel.DefaultChannelPool - Entry count for : http://localhost:44052 : 1
20:13:50.559 [Forwarding findElement on session e875b44a43e85277ef9827919ee2f8da to remote] DEBUG org.asynchttpclient.netty.request.NettyRequestSender - Using pooled Channel '[id: 0xf75e08d3, L:/127.0.0.1:63213 - R:localhost/127.0.0.1:44052]' for 'POST' to 'http://localhost:44052/session/e875b44a43e85277ef9827919ee2f8da/element'
20:13:50.559 [Forwarding findElement on session e875b44a43e85277ef9827919ee2f8da to remote] DEBUG org.asynchttpclient.netty.request.NettyRequestSender - Using open Channel [id: 0xf75e08d3, L:/127.0.0.1:63213 - R:localhost/127.0.0.1:44052] for POST '/session/e875b44a43e85277ef9827919ee2f8da/element'
20:13:50.582 [AsyncHttpClient-1-2] DEBUG org.asynchttpclient.netty.handler.HttpHandler - 

Request DefaultHttpRequest(decodeResult: success, version: HTTP/1.1)
POST /session/e875b44a43e85277ef9827919ee2f8da/element HTTP/1.1
User-Agent: selenium/4.12.0 (java windows)
Content-Length: 77
Content-Type: application/json; charset=utf-8
host: localhost:44052
accept: */*

Response DefaultHttpResponse(decodeResult: success, version: HTTP/1.1)
HTTP/1.1 200 OK
Content-Length: 126
Content-Type: application/json; charset=utf-8
cache-control: no-cache

20:13:50.582 [AsyncHttpClient-1-2] DEBUG org.asynchttpclient.netty.channel.ChannelManager - Adding key: http://localhost:44052 for channel [id: 0xf75e08d3, L:/127.0.0.1:63213 - R:localhost/127.0.0.1:44052]
20:13:50.582 [Forwarding clickElement on session e875b44a43e85277ef9827919ee2f8da to remote] DEBUG org.asynchttpclient.netty.request.NettyRequestSender - Using pooled Channel '[id: 0xf75e08d3, L:/127.0.0.1:63213 - R:localhost/127.0.0.1:44052]' for 'POST' to 'http://localhost:44052/session/e875b44a43e85277ef9827919ee2f8da/element/f.B981882F3292AC2406942B9AA13DAA16.d.E98386459518A73A749119EAA660699A.e.37/click'
20:13:50.582 [Forwarding clickElement on session e875b44a43e85277ef9827919ee2f8da to remote] DEBUG org.asynchttpclient.netty.request.NettyRequestSender - Using open Channel [id: 0xf75e08d3, L:/127.0.0.1:63213 - R:localhost/127.0.0.1:44052] for POST '/session/e875b44a43e85277ef9827919ee2f8da/element/f.B981882F3292AC2406942B9AA13DAA16.d.E98386459518A73A749119EAA660699A.e.37/click'
20:13:50.775 [AsyncHttpClient-1-2] DEBUG org.asynchttpclient.netty.handler.HttpHandler - 

Request DefaultHttpRequest(decodeResult: success, version: HTTP/1.1)
POST /session/e875b44a43e85277ef9827919ee2f8da/element/f.B981882F3292AC2406942B9AA13DAA16.d.E98386459518A73A749119EAA660699A.e.37/click HTTP/1.1
User-Agent: selenium/4.12.0 (java windows)
Content-Length: 88
Content-Type: application/json; charset=utf-8
host: localhost:44052
accept: */*

Response DefaultHttpResponse(decodeResult: success, version: HTTP/1.1)
HTTP/1.1 200 OK
Content-Length: 14
Content-Type: application/json; charset=utf-8
cache-control: no-cache

20:13:50.775 [AsyncHttpClient-1-2] DEBUG org.asynchttpclient.netty.channel.ChannelManager - Adding key: http://localhost:44052 for channel [id: 0xf75e08d3, L:/127.0.0.1:63213 - R:localhost/127.0.0.1:44052]
  And Open Load form                                       # StepDefination.My_Load.Open_Load_Form()
20:13:51.526 [AsyncHttpClient-1-1] DEBUG org.asynchttpclient.netty.channel.DefaultChannelPool - Entry count for : http://localhost:63214 : 1
20:13:51.526 [AsyncHttpClient-1-1] DEBUG org.asynchttpclient.netty.channel.DefaultChannelPool - Entry count for : http://localhost:44052 : 1
20:13:51.806 [Forwarding findElement on session e875b44a43e85277ef9827919ee2f8da to remote] DEBUG org.asynchttpclient.netty.request.NettyRequestSender - Using pooled Channel '[id: 0xf75e08d3, L:/127.0.0.1:63213 - R:localhost/127.0.0.1:44052]' for 'POST' to 'http://localhost:44052/session/e875b44a43e85277ef9827919ee2f8da/element'
20:13:51.807 [Forwarding findElement on session e875b44a43e85277ef9827919ee2f8da to remote] DEBUG org.asynchttpclient.netty.request.NettyRequestSender - Using open Channel [id: 0xf75e08d3, L:/127.0.0.1:63213 - R:localhost/127.0.0.1:44052] for POST '/session/e875b44a43e85277ef9827919ee2f8da/element'
20:13:51.824 [AsyncHttpClient-1-2] DEBUG org.asynchttpclient.netty.handler.HttpHandler - 

Request DefaultHttpRequest(decodeResult: success, version: HTTP/1.1)
POST /session/e875b44a43e85277ef9827919ee2f8da/element HTTP/1.1
User-Agent: selenium/4.12.0 (java windows)
Content-Length: 83
Content-Type: application/json; charset=utf-8
host: localhost:44052
accept: */*

Response DefaultHttpResponse(decodeResult: success, version: HTTP/1.1)
HTTP/1.1 200 OK
Content-Length: 126
Content-Type: application/json; charset=utf-8
cache-control: no-cache

20:13:51.825 [AsyncHttpClient-1-2] DEBUG org.asynchttpclient.netty.channel.ChannelManager - Adding key: http://localhost:44052 for channel [id: 0xf75e08d3, L:/127.0.0.1:63213 - R:localhost/127.0.0.1:44052]
20:13:51.827 [Forwarding clickElement on session e875b44a43e85277ef9827919ee2f8da to remote] DEBUG org.asynchttpclient.netty.request.NettyRequestSender - Using pooled Channel '[id: 0xf75e08d3, L:/127.0.0.1:63213 - R:localhost/127.0.0.1:44052]' for 'POST' to 'http://localhost:44052/session/e875b44a43e85277ef9827919ee2f8da/element/f.B981882F3292AC2406942B9AA13DAA16.d.E98386459518A73A749119EAA660699A.e.94/click'
20:13:51.827 [Forwarding clickElement on session e875b44a43e85277ef9827919ee2f8da to remote] DEBUG org.asynchttpclient.netty.request.NettyRequestSender - Using open Channel [id: 0xf75e08d3, L:/127.0.0.1:63213 - R:localhost/127.0.0.1:44052] for POST '/session/e875b44a43e85277ef9827919ee2f8da/element/f.B981882F3292AC2406942B9AA13DAA16.d.E98386459518A73A749119EAA660699A.e.94/click'
20:13:51.896 [AsyncHttpClient-1-2] DEBUG org.asynchttpclient.netty.handler.HttpHandler - 

Request DefaultHttpRequest(decodeResult: success, version: HTTP/1.1)
POST /session/e875b44a43e85277ef9827919ee2f8da/element/f.B981882F3292AC2406942B9AA13DAA16.d.E98386459518A73A749119EAA660699A.e.94/click HTTP/1.1
User-Agent: selenium/4.12.0 (java windows)
Content-Length: 88
Content-Type: application/json; charset=utf-8
host: localhost:44052
accept: */*

Response DefaultHttpResponse(decodeResult: success, version: HTTP/1.1)
HTTP/1.1 200 OK
Content-Length: 14
Content-Type: application/json; charset=utf-8
cache-control: no-cache

20:13:51.896 [AsyncHttpClient-1-2] DEBUG org.asynchttpclient.netty.channel.ChannelManager - Adding key: http://localhost:44052 for channel [id: 0xf75e08d3, L:/127.0.0.1:63213 - R:localhost/127.0.0.1:44052]
  And Provide load and transport type FTL (Full Truckload) # StepDefination.My_Load.Provide_transport_type(java.lang.String)
20:13:52.626 [AsyncHttpClient-1-1] DEBUG org.asynchttpclient.netty.channel.DefaultChannelPool - Entry count for : http://localhost:63214 : 1
20:13:52.626 [AsyncHttpClient-1-1] DEBUG org.asynchttpclient.netty.channel.DefaultChannelPool - Entry count for : http://localhost:44052 : 1
20:13:52.913 [Forwarding findElement on session e875b44a43e85277ef9827919ee2f8da to remote] DEBUG org.asynchttpclient.netty.request.NettyRequestSender - Using pooled Channel '[id: 0xf75e08d3, L:/127.0.0.1:63213 - R:localhost/127.0.0.1:44052]' for 'POST' to 'http://localhost:44052/session/e875b44a43e85277ef9827919ee2f8da/element'
20:13:52.913 [Forwarding findElement on session e875b44a43e85277ef9827919ee2f8da to remote] DEBUG org.asynchttpclient.netty.request.NettyRequestSender - Using open Channel [id: 0xf75e08d3, L:/127.0.0.1:63213 - R:localhost/127.0.0.1:44052] for POST '/session/e875b44a43e85277ef9827919ee2f8da/element'
20:13:52.933 [AsyncHttpClient-1-2] DEBUG org.asynchttpclient.netty.handler.HttpHandler - 

Request DefaultHttpRequest(decodeResult: success, version: HTTP/1.1)
POST /session/e875b44a43e85277ef9827919ee2f8da/element HTTP/1.1
User-Agent: selenium/4.12.0 (java windows)
Content-Length: 119
Content-Type: application/json; charset=utf-8
host: localhost:44052
accept: */*

Response DefaultHttpResponse(decodeResult: success, version: HTTP/1.1)
HTTP/1.1 200 OK
Content-Length: 126
Content-Type: application/json; charset=utf-8
cache-control: no-cache

20:13:52.934 [AsyncHttpClient-1-2] DEBUG org.asynchttpclient.netty.channel.ChannelManager - Adding key: http://localhost:44052 for channel [id: 0xf75e08d3, L:/127.0.0.1:63213 - R:localhost/127.0.0.1:44052]
20:13:52.935 [Forwarding clickElement on session e875b44a43e85277ef9827919ee2f8da to remote] DEBUG org.asynchttpclient.netty.request.NettyRequestSender - Using pooled Channel '[id: 0xf75e08d3, L:/127.0.0.1:63213 - R:localhost/127.0.0.1:44052]' for 'POST' to 'http://localhost:44052/session/e875b44a43e85277ef9827919ee2f8da/element/f.B981882F3292AC2406942B9AA13DAA16.d.E98386459518A73A749119EAA660699A.e.79/click'
20:13:52.936 [Forwarding clickElement on session e875b44a43e85277ef9827919ee2f8da to remote] DEBUG org.asynchttpclient.netty.request.NettyRequestSender - Using open Channel [id: 0xf75e08d3, L:/127.0.0.1:63213 - R:localhost/127.0.0.1:44052] for POST '/session/e875b44a43e85277ef9827919ee2f8da/element/f.B981882F3292AC2406942B9AA13DAA16.d.E98386459518A73A749119EAA660699A.e.79/click'
20:13:52.990 [AsyncHttpClient-1-2] DEBUG org.asynchttpclient.netty.handler.HttpHandler - 

Request DefaultHttpRequest(decodeResult: success, version: HTTP/1.1)
POST /session/e875b44a43e85277ef9827919ee2f8da/element/f.B981882F3292AC2406942B9AA13DAA16.d.E98386459518A73A749119EAA660699A.e.79/click HTTP/1.1
User-Agent: selenium/4.12.0 (java windows)
Content-Length: 88
Content-Type: application/json; charset=utf-8
host: localhost:44052
accept: */*

Response DefaultHttpResponse(decodeResult: success, version: HTTP/1.1)
HTTP/1.1 200 OK
Content-Length: 14
Content-Type: application/json; charset=utf-8
cache-control: no-cache

20:13:52.990 [AsyncHttpClient-1-2] DEBUG org.asynchttpclient.netty.channel.ChannelManager - Adding key: http://localhost:44052 for channel [id: 0xf75e08d3, L:/127.0.0.1:63213 - R:localhost/127.0.0.1:44052]
20:13:52.993 [Forwarding findElements on session e875b44a43e85277ef9827919ee2f8da to remote] DEBUG org.asynchttpclient.netty.request.NettyRequestSender - Using pooled Channel '[id: 0xf75e08d3, L:/127.0.0.1:63213 - R:localhost/127.0.0.1:44052]' for 'POST' to 'http://localhost:44052/session/e875b44a43e85277ef9827919ee2f8da/elements'
20:13:52.994 [Forwarding findElements on session e875b44a43e85277ef9827919ee2f8da to remote] DEBUG org.asynchttpclient.netty.request.NettyRequestSender - Using open Channel [id: 0xf75e08d3, L:/127.0.0.1:63213 - R:localhost/127.0.0.1:44052] for POST '/session/e875b44a43e85277ef9827919ee2f8da/elements'
20:13:52.998 [AsyncHttpClient-1-2] DEBUG org.asynchttpclient.netty.handler.HttpHandler - 

Request DefaultHttpRequest(decodeResult: success, version: HTTP/1.1)
POST /session/e875b44a43e85277ef9827919ee2f8da/elements HTTP/1.1
User-Agent: selenium/4.12.0 (java windows)
Content-Length: 97
Content-Type: application/json; charset=utf-8
host: localhost:44052
accept: */*

Response DefaultHttpResponse(decodeResult: success, version: HTTP/1.1)
HTTP/1.1 200 OK
Content-Length: 3548
Content-Type: application/json; charset=utf-8
cache-control: no-cache

20:13:53.005 [AsyncHttpClient-1-2] DEBUG org.asynchttpclient.netty.channel.ChannelManager - Adding key: http://localhost:44052 for channel [id: 0xf75e08d3, L:/127.0.0.1:63213 - R:localhost/127.0.0.1:44052]
20:13:53.010 [Forwarding findElement on session e875b44a43e85277ef9827919ee2f8da to remote] DEBUG org.asynchttpclient.netty.request.NettyRequestSender - Using pooled Channel '[id: 0xf75e08d3, L:/127.0.0.1:63213 - R:localhost/127.0.0.1:44052]' for 'POST' to 'http://localhost:44052/session/e875b44a43e85277ef9827919ee2f8da/element'
20:13:53.010 [Forwarding findElement on session e875b44a43e85277ef9827919ee2f8da to remote] DEBUG org.asynchttpclient.netty.request.NettyRequestSender - Using open Channel [id: 0xf75e08d3, L:/127.0.0.1:63213 - R:localhost/127.0.0.1:44052] for POST '/session/e875b44a43e85277ef9827919ee2f8da/element'
20:13:53.022 [AsyncHttpClient-1-2] DEBUG org.asynchttpclient.netty.handler.HttpHandler - 

Request DefaultHttpRequest(decodeResult: success, version: HTTP/1.1)
POST /session/e875b44a43e85277ef9827919ee2f8da/element HTTP/1.1
User-Agent: selenium/4.12.0 (java windows)
Content-Length: 97
Content-Type: application/json; charset=utf-8
host: localhost:44052
accept: */*

Response DefaultHttpResponse(decodeResult: success, version: HTTP/1.1)
HTTP/1.1 200 OK
Content-Length: 126
Content-Type: application/json; charset=utf-8
cache-control: no-cache

20:13:53.022 [AsyncHttpClient-1-2] DEBUG org.asynchttpclient.netty.channel.ChannelManager - Adding key: http://localhost:44052 for channel [id: 0xf75e08d3, L:/127.0.0.1:63213 - R:localhost/127.0.0.1:44052]
20:13:53.022 [Forwarding clickElement on session e875b44a43e85277ef9827919ee2f8da to remote] DEBUG org.asynchttpclient.netty.request.NettyRequestSender - Using pooled Channel '[id: 0xf75e08d3, L:/127.0.0.1:63213 - R:localhost/127.0.0.1:44052]' for 'POST' to 'http://localhost:44052/session/e875b44a43e85277ef9827919ee2f8da/element/f.B981882F3292AC2406942B9AA13DAA16.d.E98386459518A73A749119EAA660699A.e.97/click'
20:13:53.022 [Forwarding clickElement on session e875b44a43e85277ef9827919ee2f8da to remote] DEBUG org.asynchttpclient.netty.request.NettyRequestSender - Using open Channel [id: 0xf75e08d3, L:/127.0.0.1:63213 - R:localhost/127.0.0.1:44052] for POST '/session/e875b44a43e85277ef9827919ee2f8da/element/f.B981882F3292AC2406942B9AA13DAA16.d.E98386459518A73A749119EAA660699A.e.97/click'
20:13:53.075 [AsyncHttpClient-1-2] DEBUG org.asynchttpclient.netty.handler.HttpHandler - 

Request DefaultHttpRequest(decodeResult: success, version: HTTP/1.1)
POST /session/e875b44a43e85277ef9827919ee2f8da/element/f.B981882F3292AC2406942B9AA13DAA16.d.E98386459518A73A749119EAA660699A.e.97/click HTTP/1.1
User-Agent: selenium/4.12.0 (java windows)
Content-Length: 88
Content-Type: application/json; charset=utf-8
host: localhost:44052
accept: */*

Response DefaultHttpResponse(decodeResult: success, version: HTTP/1.1)
HTTP/1.1 200 OK
Content-Length: 14
Content-Type: application/json; charset=utf-8
cache-control: no-cache

20:13:53.075 [AsyncHttpClient-1-2] DEBUG org.asynchttpclient.netty.channel.ChannelManager - Adding key: http://localhost:44052 for channel [id: 0xf75e08d3, L:/127.0.0.1:63213 - R:localhost/127.0.0.1:44052]
Add first 1
  And Provide billing details NA                           # StepDefination.My_Load.Provide_billing_details(java.lang.String)
20:13:53.592 [Forwarding findElement on session e875b44a43e85277ef9827919ee2f8da to remote] DEBUG org.asynchttpclient.netty.request.NettyRequestSender - Using pooled Channel '[id: 0xf75e08d3, L:/127.0.0.1:63213 - R:localhost/127.0.0.1:44052]' for 'POST' to 'http://localhost:44052/session/e875b44a43e85277ef9827919ee2f8da/element'
20:13:53.594 [Forwarding findElement on session e875b44a43e85277ef9827919ee2f8da to remote] DEBUG org.asynchttpclient.netty.request.NettyRequestSender - Using open Channel [id: 0xf75e08d3, L:/127.0.0.1:63213 - R:localhost/127.0.0.1:44052] for POST '/session/e875b44a43e85277ef9827919ee2f8da/element'
20:13:53.632 [AsyncHttpClient-1-2] DEBUG org.asynchttpclient.netty.handler.HttpHandler - 

Request DefaultHttpRequest(decodeResult: success, version: HTTP/1.1)
POST /session/e875b44a43e85277ef9827919ee2f8da/element HTTP/1.1
User-Agent: selenium/4.12.0 (java windows)
Content-Length: 86
Content-Type: application/json; charset=utf-8
host: localhost:44052
accept: */*

Response DefaultHttpResponse(decodeResult: success, version: HTTP/1.1)
HTTP/1.1 200 OK
Content-Length: 126
Content-Type: application/json; charset=utf-8
cache-control: no-cache

20:13:53.633 [AsyncHttpClient-1-2] DEBUG org.asynchttpclient.netty.channel.ChannelManager - Adding key: http://localhost:44052 for channel [id: 0xf75e08d3, L:/127.0.0.1:63213 - R:localhost/127.0.0.1:44052]
20:13:53.639 [Forwarding sendKeysToElement on session e875b44a43e85277ef9827919ee2f8da to remote] DEBUG org.asynchttpclient.netty.request.NettyRequestSender - Using pooled Channel '[id: 0xf75e08d3, L:/127.0.0.1:63213 - R:localhost/127.0.0.1:44052]' for 'POST' to 'http://localhost:44052/session/e875b44a43e85277ef9827919ee2f8da/element/f.B981882F3292AC2406942B9AA13DAA16.d.E98386459518A73A749119EAA660699A.e.80/value'
20:13:53.639 [Forwarding sendKeysToElement on session e875b44a43e85277ef9827919ee2f8da to remote] DEBUG org.asynchttpclient.netty.request.NettyRequestSender - Using open Channel [id: 0xf75e08d3, L:/127.0.0.1:63213 - R:localhost/127.0.0.1:44052] for POST '/session/e875b44a43e85277ef9827919ee2f8da/element/f.B981882F3292AC2406942B9AA13DAA16.d.E98386459518A73A749119EAA660699A.e.80/value'
20:13:53.729 [AsyncHttpClient-1-1] DEBUG org.asynchttpclient.netty.channel.DefaultChannelPool - Entry count for : http://localhost:63214 : 1
20:13:53.741 [AsyncHttpClient-1-2] DEBUG org.asynchttpclient.netty.handler.HttpHandler - 

Request DefaultHttpRequest(decodeResult: success, version: HTTP/1.1)
POST /session/e875b44a43e85277ef9827919ee2f8da/element/f.B981882F3292AC2406942B9AA13DAA16.d.E98386459518A73A749119EAA660699A.e.80/value HTTP/1.1
User-Agent: selenium/4.12.0 (java windows)
Content-Length: 159
Content-Type: application/json; charset=utf-8
host: localhost:44052
accept: */*

Response DefaultHttpResponse(decodeResult: success, version: HTTP/1.1)
HTTP/1.1 200 OK
Content-Length: 14
Content-Type: application/json; charset=utf-8
cache-control: no-cache

20:13:53.741 [AsyncHttpClient-1-2] DEBUG org.asynchttpclient.netty.channel.ChannelManager - Adding key: http://localhost:44052 for channel [id: 0xf75e08d3, L:/127.0.0.1:63213 - R:localhost/127.0.0.1:44052]
20:13:53.764 [Forwarding findElement on session e875b44a43e85277ef9827919ee2f8da to remote] DEBUG org.asynchttpclient.netty.request.NettyRequestSender - Using pooled Channel '[id: 0xf75e08d3, L:/127.0.0.1:63213 - R:localhost/127.0.0.1:44052]' for 'POST' to 'http://localhost:44052/session/e875b44a43e85277ef9827919ee2f8da/element'
20:13:53.767 [Forwarding findElement on session e875b44a43e85277ef9827919ee2f8da to remote] DEBUG org.asynchttpclient.netty.request.NettyRequestSender - Using open Channel [id: 0xf75e08d3, L:/127.0.0.1:63213 - R:localhost/127.0.0.1:44052] for POST '/session/e875b44a43e85277ef9827919ee2f8da/element'
20:13:53.779 [AsyncHttpClient-1-2] DEBUG org.asynchttpclient.netty.handler.HttpHandler - 

Request DefaultHttpRequest(decodeResult: success, version: HTTP/1.1)
POST /session/e875b44a43e85277ef9827919ee2f8da/element HTTP/1.1
User-Agent: selenium/4.12.0 (java windows)
Content-Length: 96
Content-Type: application/json; charset=utf-8
host: localhost:44052
accept: */*

Response DefaultHttpResponse(decodeResult: success, version: HTTP/1.1)
HTTP/1.1 200 OK
Content-Length: 127
Content-Type: application/json; charset=utf-8
cache-control: no-cache

20:13:53.779 [AsyncHttpClient-1-2] DEBUG org.asynchttpclient.netty.channel.ChannelManager - Adding key: http://localhost:44052 for channel [id: 0xf75e08d3, L:/127.0.0.1:63213 - R:localhost/127.0.0.1:44052]
20:13:53.793 [Forwarding actions on session e875b44a43e85277ef9827919ee2f8da to remote] DEBUG org.asynchttpclient.netty.request.NettyRequestSender - Using pooled Channel '[id: 0xf75e08d3, L:/127.0.0.1:63213 - R:localhost/127.0.0.1:44052]' for 'POST' to 'http://localhost:44052/session/e875b44a43e85277ef9827919ee2f8da/actions'
20:13:53.795 [Forwarding actions on session e875b44a43e85277ef9827919ee2f8da to remote] DEBUG org.asynchttpclient.netty.request.NettyRequestSender - Using open Channel [id: 0xf75e08d3, L:/127.0.0.1:63213 - R:localhost/127.0.0.1:44052] for POST '/session/e875b44a43e85277ef9827919ee2f8da/actions'
20:13:53.958 [AsyncHttpClient-1-2] DEBUG org.asynchttpclient.netty.handler.HttpHandler - 

Request DefaultHttpRequest(decodeResult: success, version: HTTP/1.1)
POST /session/e875b44a43e85277ef9827919ee2f8da/actions HTTP/1.1
User-Agent: selenium/4.12.0 (java windows)
Content-Length: 606
Content-Type: application/json; charset=utf-8
host: localhost:44052
accept: */*

Response DefaultHttpResponse(decodeResult: success, version: HTTP/1.1)
HTTP/1.1 200 OK
Content-Length: 14
Content-Type: application/json; charset=utf-8
cache-control: no-cache

20:13:53.959 [AsyncHttpClient-1-2] DEBUG org.asynchttpclient.netty.channel.ChannelManager - Adding key: http://localhost:44052 for channel [id: 0xf75e08d3, L:/127.0.0.1:63213 - R:localhost/127.0.0.1:44052]
  And Provide multiples_Po_number 1144 1                   # StepDefination.My_Load.Provide_multiples_Po_number(java.lang.String,int)
20:13:54.841 [AsyncHttpClient-1-1] DEBUG org.asynchttpclient.netty.channel.DefaultChannelPool - Entry count for : http://localhost:63214 : 1
20:13:54.841 [AsyncHttpClient-1-1] DEBUG org.asynchttpclient.netty.channel.DefaultChannelPool - Entry count for : http://localhost:44052 : 1
20:13:54.991 [Forwarding findElement on session e875b44a43e85277ef9827919ee2f8da to remote] DEBUG org.asynchttpclient.netty.request.NettyRequestSender - Using pooled Channel '[id: 0xf75e08d3, L:/127.0.0.1:63213 - R:localhost/127.0.0.1:44052]' for 'POST' to 'http://localhost:44052/session/e875b44a43e85277ef9827919ee2f8da/element'
20:13:54.991 [Forwarding findElement on session e875b44a43e85277ef9827919ee2f8da to remote] DEBUG org.asynchttpclient.netty.request.NettyRequestSender - Using open Channel [id: 0xf75e08d3, L:/127.0.0.1:63213 - R:localhost/127.0.0.1:44052] for POST '/session/e875b44a43e85277ef9827919ee2f8da/element'
20:13:55.021 [AsyncHttpClient-1-2] DEBUG org.asynchttpclient.netty.handler.HttpHandler - 

Request DefaultHttpRequest(decodeResult: success, version: HTTP/1.1)
POST /session/e875b44a43e85277ef9827919ee2f8da/element HTTP/1.1
User-Agent: selenium/4.12.0 (java windows)
Content-Length: 98
Content-Type: application/json; charset=utf-8
host: localhost:44052
accept: */*

Response DefaultHttpResponse(decodeResult: success, version: HTTP/1.1)
HTTP/1.1 200 OK
Content-Length: 126
Content-Type: application/json; charset=utf-8
cache-control: no-cache

20:13:55.021 [AsyncHttpClient-1-2] DEBUG org.asynchttpclient.netty.channel.ChannelManager - Adding key: http://localhost:44052 for channel [id: 0xf75e08d3, L:/127.0.0.1:63213 - R:localhost/127.0.0.1:44052]
20:13:55.026 [Forwarding sendKeysToElement on session e875b44a43e85277ef9827919ee2f8da to remote] DEBUG org.asynchttpclient.netty.request.NettyRequestSender - Using pooled Channel '[id: 0xf75e08d3, L:/127.0.0.1:63213 - R:localhost/127.0.0.1:44052]' for 'POST' to 'http://localhost:44052/session/e875b44a43e85277ef9827919ee2f8da/element/f.B981882F3292AC2406942B9AA13DAA16.d.E98386459518A73A749119EAA660699A.e.81/value'
20:13:55.026 [Forwarding sendKeysToElement on session e875b44a43e85277ef9827919ee2f8da to remote] DEBUG org.asynchttpclient.netty.request.NettyRequestSender - Using open Channel [id: 0xf75e08d3, L:/127.0.0.1:63213 - R:localhost/127.0.0.1:44052] for POST '/session/e875b44a43e85277ef9827919ee2f8da/element/f.B981882F3292AC2406942B9AA13DAA16.d.E98386459518A73A749119EAA660699A.e.81/value'
20:13:55.109 [AsyncHttpClient-1-2] DEBUG org.asynchttpclient.netty.handler.HttpHandler - 

Request DefaultHttpRequest(decodeResult: success, version: HTTP/1.1)
POST /session/e875b44a43e85277ef9827919ee2f8da/element/f.B981882F3292AC2406942B9AA13DAA16.d.E98386459518A73A749119EAA660699A.e.81/value HTTP/1.1
User-Agent: selenium/4.12.0 (java windows)
Content-Length: 169
Content-Type: application/json; charset=utf-8
host: localhost:44052
accept: */*

Response DefaultHttpResponse(decodeResult: success, version: HTTP/1.1)
HTTP/1.1 200 OK
Content-Length: 14
Content-Type: application/json; charset=utf-8
cache-control: no-cache

20:13:55.109 [AsyncHttpClient-1-2] DEBUG org.asynchttpclient.netty.channel.ChannelManager - Adding key: http://localhost:44052 for channel [id: 0xf75e08d3, L:/127.0.0.1:63213 - R:localhost/127.0.0.1:44052]
  And Provide order_number 23142                           # StepDefination.My_Load.Provide_order_number(java.lang.String)
20:13:55.627 [Forwarding findElement on session e875b44a43e85277ef9827919ee2f8da to remote] DEBUG org.asynchttpclient.netty.request.NettyRequestSender - Using pooled Channel '[id: 0xf75e08d3, L:/127.0.0.1:63213 - R:localhost/127.0.0.1:44052]' for 'POST' to 'http://localhost:44052/session/e875b44a43e85277ef9827919ee2f8da/element'
20:13:55.627 [Forwarding findElement on session e875b44a43e85277ef9827919ee2f8da to remote] DEBUG org.asynchttpclient.netty.request.NettyRequestSender - Using open Channel [id: 0xf75e08d3, L:/127.0.0.1:63213 - R:localhost/127.0.0.1:44052] for POST '/session/e875b44a43e85277ef9827919ee2f8da/element'
20:13:55.649 [AsyncHttpClient-1-2] DEBUG org.asynchttpclient.netty.handler.HttpHandler - 

Request DefaultHttpRequest(decodeResult: success, version: HTTP/1.1)
POST /session/e875b44a43e85277ef9827919ee2f8da/element HTTP/1.1
User-Agent: selenium/4.12.0 (java windows)
Content-Length: 83
Content-Type: application/json; charset=utf-8
host: localhost:44052
accept: */*

Response DefaultHttpResponse(decodeResult: success, version: HTTP/1.1)
HTTP/1.1 200 OK
Content-Length: 126
Content-Type: application/json; charset=utf-8
cache-control: no-cache

20:13:55.649 [AsyncHttpClient-1-2] DEBUG org.asynchttpclient.netty.channel.ChannelManager - Adding key: http://localhost:44052 for channel [id: 0xf75e08d3, L:/127.0.0.1:63213 - R:localhost/127.0.0.1:44052]
20:13:55.649 [Forwarding actions on session e875b44a43e85277ef9827919ee2f8da to remote] DEBUG org.asynchttpclient.netty.request.NettyRequestSender - Using pooled Channel '[id: 0xf75e08d3, L:/127.0.0.1:63213 - R:localhost/127.0.0.1:44052]' for 'POST' to 'http://localhost:44052/session/e875b44a43e85277ef9827919ee2f8da/actions'
20:13:55.649 [Forwarding actions on session e875b44a43e85277ef9827919ee2f8da to remote] DEBUG org.asynchttpclient.netty.request.NettyRequestSender - Using open Channel [id: 0xf75e08d3, L:/127.0.0.1:63213 - R:localhost/127.0.0.1:44052] for POST '/session/e875b44a43e85277ef9827919ee2f8da/actions'
20:13:55.807 [AsyncHttpClient-1-2] DEBUG org.asynchttpclient.netty.handler.HttpHandler - 

Request DefaultHttpRequest(decodeResult: success, version: HTTP/1.1)
POST /session/e875b44a43e85277ef9827919ee2f8da/actions HTTP/1.1
User-Agent: selenium/4.12.0 (java windows)
Content-Length: 605
Content-Type: application/json; charset=utf-8
host: localhost:44052
accept: */*

Response DefaultHttpResponse(decodeResult: success, version: HTTP/1.1)
HTTP/1.1 200 OK
Content-Length: 14
Content-Type: application/json; charset=utf-8
cache-control: no-cache

20:13:55.807 [AsyncHttpClient-1-2] DEBUG org.asynchttpclient.netty.channel.ChannelManager - Adding key: http://localhost:44052 for channel [id: 0xf75e08d3, L:/127.0.0.1:63213 - R:localhost/127.0.0.1:44052]
20:13:55.810 [Forwarding findElement on session e875b44a43e85277ef9827919ee2f8da to remote] DEBUG org.asynchttpclient.netty.request.NettyRequestSender - Using pooled Channel '[id: 0xf75e08d3, L:/127.0.0.1:63213 - R:localhost/127.0.0.1:44052]' for 'POST' to 'http://localhost:44052/session/e875b44a43e85277ef9827919ee2f8da/element'
20:13:55.810 [Forwarding findElement on session e875b44a43e85277ef9827919ee2f8da to remote] DEBUG org.asynchttpclient.netty.request.NettyRequestSender - Using open Channel [id: 0xf75e08d3, L:/127.0.0.1:63213 - R:localhost/127.0.0.1:44052] for POST '/session/e875b44a43e85277ef9827919ee2f8da/element'
20:13:55.827 [AsyncHttpClient-1-2] DEBUG org.asynchttpclient.netty.handler.HttpHandler - 

Request DefaultHttpRequest(decodeResult: success, version: HTTP/1.1)
POST /session/e875b44a43e85277ef9827919ee2f8da/element HTTP/1.1
User-Agent: selenium/4.12.0 (java windows)
Content-Length: 78
Content-Type: application/json; charset=utf-8
host: localhost:44052
accept: */*

Response DefaultHttpResponse(decodeResult: success, version: HTTP/1.1)
HTTP/1.1 200 OK
Content-Length: 126
Content-Type: application/json; charset=utf-8
cache-control: no-cache

20:13:55.828 [AsyncHttpClient-1-2] DEBUG org.asynchttpclient.netty.channel.ChannelManager - Adding key: http://localhost:44052 for channel [id: 0xf75e08d3, L:/127.0.0.1:63213 - R:localhost/127.0.0.1:44052]
20:13:55.829 [Forwarding actions on session e875b44a43e85277ef9827919ee2f8da to remote] DEBUG org.asynchttpclient.netty.request.NettyRequestSender - Using pooled Channel '[id: 0xf75e08d3, L:/127.0.0.1:63213 - R:localhost/127.0.0.1:44052]' for 'POST' to 'http://localhost:44052/session/e875b44a43e85277ef9827919ee2f8da/actions'
20:13:55.829 [Forwarding actions on session e875b44a43e85277ef9827919ee2f8da to remote] DEBUG org.asynchttpclient.netty.request.NettyRequestSender - Using open Channel [id: 0xf75e08d3, L:/127.0.0.1:63213 - R:localhost/127.0.0.1:44052] for POST '/session/e875b44a43e85277ef9827919ee2f8da/actions'
20:13:55.926 [AsyncHttpClient-1-1] DEBUG org.asynchttpclient.netty.channel.DefaultChannelPool - Entry count for : http://localhost:63214 : 1
20:13:55.959 [AsyncHttpClient-1-2] DEBUG org.asynchttpclient.netty.handler.HttpHandler - 

Request DefaultHttpRequest(decodeResult: success, version: HTTP/1.1)
POST /session/e875b44a43e85277ef9827919ee2f8da/actions HTTP/1.1
User-Agent: selenium/4.12.0 (java windows)
Content-Length: 605
Content-Type: application/json; charset=utf-8
host: localhost:44052
accept: */*

Response DefaultHttpResponse(decodeResult: success, version: HTTP/1.1)
HTTP/1.1 200 OK
Content-Length: 14
Content-Type: application/json; charset=utf-8
cache-control: no-cache

20:13:55.959 [AsyncHttpClient-1-2] DEBUG org.asynchttpclient.netty.channel.ChannelManager - Adding key: http://localhost:44052 for channel [id: 0xf75e08d3, L:/127.0.0.1:63213 - R:localhost/127.0.0.1:44052]
  And Provide shipping type 2                              # StepDefination.My_Load.Provide_shipping_type(int)
20:13:56.472 [Forwarding findElement on session e875b44a43e85277ef9827919ee2f8da to remote] DEBUG org.asynchttpclient.netty.request.NettyRequestSender - Using pooled Channel '[id: 0xf75e08d3, L:/127.0.0.1:63213 - R:localhost/127.0.0.1:44052]' for 'POST' to 'http://localhost:44052/session/e875b44a43e85277ef9827919ee2f8da/element'
20:13:56.472 [Forwarding findElement on session e875b44a43e85277ef9827919ee2f8da to remote] DEBUG org.asynchttpclient.netty.request.NettyRequestSender - Using open Channel [id: 0xf75e08d3, L:/127.0.0.1:63213 - R:localhost/127.0.0.1:44052] for POST '/session/e875b44a43e85277ef9827919ee2f8da/element'
20:13:56.492 [AsyncHttpClient-1-2] DEBUG org.asynchttpclient.netty.handler.HttpHandler - 

Request DefaultHttpRequest(decodeResult: success, version: HTTP/1.1)
POST /session/e875b44a43e85277ef9827919ee2f8da/element HTTP/1.1
User-Agent: selenium/4.12.0 (java windows)
Content-Length: 86
Content-Type: application/json; charset=utf-8
host: localhost:44052
accept: */*

Response DefaultHttpResponse(decodeResult: success, version: HTTP/1.1)
HTTP/1.1 200 OK
Content-Length: 127
Content-Type: application/json; charset=utf-8
cache-control: no-cache

20:13:56.493 [AsyncHttpClient-1-2] DEBUG org.asynchttpclient.netty.channel.ChannelManager - Adding key: http://localhost:44052 for channel [id: 0xf75e08d3, L:/127.0.0.1:63213 - R:localhost/127.0.0.1:44052]
20:13:56.497 [Forwarding clickElement on session e875b44a43e85277ef9827919ee2f8da to remote] DEBUG org.asynchttpclient.netty.request.NettyRequestSender - Using pooled Channel '[id: 0xf75e08d3, L:/127.0.0.1:63213 - R:localhost/127.0.0.1:44052]' for 'POST' to 'http://localhost:44052/session/e875b44a43e85277ef9827919ee2f8da/element/f.B981882F3292AC2406942B9AA13DAA16.d.E98386459518A73A749119EAA660699A.e.137/click'
20:13:56.497 [Forwarding clickElement on session e875b44a43e85277ef9827919ee2f8da to remote] DEBUG org.asynchttpclient.netty.request.NettyRequestSender - Using open Channel [id: 0xf75e08d3, L:/127.0.0.1:63213 - R:localhost/127.0.0.1:44052] for POST '/session/e875b44a43e85277ef9827919ee2f8da/element/f.B981882F3292AC2406942B9AA13DAA16.d.E98386459518A73A749119EAA660699A.e.137/click'
20:13:56.580 [AsyncHttpClient-1-2] DEBUG org.asynchttpclient.netty.handler.HttpHandler - 

Request DefaultHttpRequest(decodeResult: success, version: HTTP/1.1)
POST /session/e875b44a43e85277ef9827919ee2f8da/element/f.B981882F3292AC2406942B9AA13DAA16.d.E98386459518A73A749119EAA660699A.e.137/click HTTP/1.1
User-Agent: selenium/4.12.0 (java windows)
Content-Length: 89
Content-Type: application/json; charset=utf-8
host: localhost:44052
accept: */*

Response DefaultHttpResponse(decodeResult: success, version: HTTP/1.1)
HTTP/1.1 200 OK
Content-Length: 14
Content-Type: application/json; charset=utf-8
cache-control: no-cache

20:13:56.580 [AsyncHttpClient-1-2] DEBUG org.asynchttpclient.netty.channel.ChannelManager - Adding key: http://localhost:44052 for channel [id: 0xf75e08d3, L:/127.0.0.1:63213 - R:localhost/127.0.0.1:44052]
  When Tap on submit button                                # StepDefination.My_Load.Submit_form()
20:13:57.027 [AsyncHttpClient-1-1] DEBUG org.asynchttpclient.netty.channel.DefaultChannelPool - Entry count for : http://localhost:63214 : 1
20:13:57.028 [AsyncHttpClient-1-1] DEBUG org.asynchttpclient.netty.channel.DefaultChannelPool - Entry count for : http://localhost:44052 : 1
20:13:58.140 [AsyncHttpClient-1-1] DEBUG org.asynchttpclient.netty.channel.DefaultChannelPool - Entry count for : http://localhost:63214 : 1
20:13:58.141 [AsyncHttpClient-1-1] DEBUG org.asynchttpclient.netty.channel.DefaultChannelPool - Entry count for : http://localhost:44052 : 1
20:13:59.241 [AsyncHttpClient-1-1] DEBUG org.asynchttpclient.netty.channel.DefaultChannelPool - Entry count for : http://localhost:63214 : 1
20:13:59.241 [AsyncHttpClient-1-1] DEBUG org.asynchttpclient.netty.channel.DefaultChannelPool - Entry count for : http://localhost:44052 : 1
20:14:00.340 [AsyncHttpClient-1-1] DEBUG org.asynchttpclient.netty.channel.DefaultChannelPool - Entry count for : http://localhost:63214 : 1
20:14:00.340 [AsyncHttpClient-1-1] DEBUG org.asynchttpclient.netty.channel.DefaultChannelPool - Entry count for : http://localhost:44052 : 1
20:14:01.440 [AsyncHttpClient-1-1] DEBUG org.asynchttpclient.netty.channel.DefaultChannelPool - Entry count for : http://localhost:63214 : 1
20:14:01.440 [AsyncHttpClient-1-1] DEBUG org.asynchttpclient.netty.channel.DefaultChannelPool - Entry count for : http://localhost:44052 : 1
20:14:01.593 [Forwarding findElement on session e875b44a43e85277ef9827919ee2f8da to remote] DEBUG org.asynchttpclient.netty.request.NettyRequestSender - Using pooled Channel '[id: 0xf75e08d3, L:/127.0.0.1:63213 - R:localhost/127.0.0.1:44052]' for 'POST' to 'http://localhost:44052/session/e875b44a43e85277ef9827919ee2f8da/element'
20:14:01.594 [Forwarding findElement on session e875b44a43e85277ef9827919ee2f8da to remote] DEBUG org.asynchttpclient.netty.request.NettyRequestSender - Using open Channel [id: 0xf75e08d3, L:/127.0.0.1:63213 - R:localhost/127.0.0.1:44052] for POST '/session/e875b44a43e85277ef9827919ee2f8da/element'
20:14:01.615 [AsyncHttpClient-1-2] DEBUG org.asynchttpclient.netty.handler.HttpHandler - 

Request DefaultHttpRequest(decodeResult: success, version: HTTP/1.1)
POST /session/e875b44a43e85277ef9827919ee2f8da/element HTTP/1.1
User-Agent: selenium/4.12.0 (java windows)
Content-Length: 80
Content-Type: application/json; charset=utf-8
host: localhost:44052
accept: */*

Response DefaultHttpResponse(decodeResult: success, version: HTTP/1.1)
HTTP/1.1 200 OK
Content-Length: 127
Content-Type: application/json; charset=utf-8
cache-control: no-cache

20:14:01.615 [AsyncHttpClient-1-2] DEBUG org.asynchttpclient.netty.channel.ChannelManager - Adding key: http://localhost:44052 for channel [id: 0xf75e08d3, L:/127.0.0.1:63213 - R:localhost/127.0.0.1:44052]
20:14:01.619 [Forwarding actions on session e875b44a43e85277ef9827919ee2f8da to remote] DEBUG org.asynchttpclient.netty.request.NettyRequestSender - Using pooled Channel '[id: 0xf75e08d3, L:/127.0.0.1:63213 - R:localhost/127.0.0.1:44052]' for 'POST' to 'http://localhost:44052/session/e875b44a43e85277ef9827919ee2f8da/actions'
20:14:01.619 [Forwarding actions on session e875b44a43e85277ef9827919ee2f8da to remote] DEBUG org.asynchttpclient.netty.request.NettyRequestSender - Using open Channel [id: 0xf75e08d3, L:/127.0.0.1:63213 - R:localhost/127.0.0.1:44052] for POST '/session/e875b44a43e85277ef9827919ee2f8da/actions'
20:14:01.799 [AsyncHttpClient-1-2] DEBUG org.asynchttpclient.netty.handler.HttpHandler - 

Request DefaultHttpRequest(decodeResult: success, version: HTTP/1.1)
POST /session/e875b44a43e85277ef9827919ee2f8da/actions HTTP/1.1
User-Agent: selenium/4.12.0 (java windows)
Content-Length: 606
Content-Type: application/json; charset=utf-8
host: localhost:44052
accept: */*

Response DefaultHttpResponse(decodeResult: success, version: HTTP/1.1)
HTTP/1.1 200 OK
Content-Length: 14
Content-Type: application/json; charset=utf-8
cache-control: no-cache

20:14:01.799 [AsyncHttpClient-1-2] DEBUG org.asynchttpclient.netty.channel.ChannelManager - Adding key: http://localhost:44052 for channel [id: 0xf75e08d3, L:/127.0.0.1:63213 - R:localhost/127.0.0.1:44052]
20:14:02.307 [Forwarding findElement on session e875b44a43e85277ef9827919ee2f8da to remote] DEBUG org.asynchttpclient.netty.request.NettyRequestSender - Using pooled Channel '[id: 0xf75e08d3, L:/127.0.0.1:63213 - R:localhost/127.0.0.1:44052]' for 'POST' to 'http://localhost:44052/session/e875b44a43e85277ef9827919ee2f8da/element'
20:14:02.307 [Forwarding findElement on session e875b44a43e85277ef9827919ee2f8da to remote] DEBUG org.asynchttpclient.netty.request.NettyRequestSender - Using open Channel [id: 0xf75e08d3, L:/127.0.0.1:63213 - R:localhost/127.0.0.1:44052] for POST '/session/e875b44a43e85277ef9827919ee2f8da/element'
20:14:02.330 [AsyncHttpClient-1-2] DEBUG org.asynchttpclient.netty.handler.HttpHandler - 

Request DefaultHttpRequest(decodeResult: success, version: HTTP/1.1)
POST /session/e875b44a43e85277ef9827919ee2f8da/element HTTP/1.1
User-Agent: selenium/4.12.0 (java windows)
Content-Length: 69
Content-Type: application/json; charset=utf-8
host: localhost:44052
accept: */*

Response DefaultHttpResponse(decodeResult: success, version: HTTP/1.1)
HTTP/1.1 200 OK
Content-Length: 127
Content-Type: application/json; charset=utf-8
cache-control: no-cache

20:14:02.330 [AsyncHttpClient-1-2] DEBUG org.asynchttpclient.netty.channel.ChannelManager - Adding key: http://localhost:44052 for channel [id: 0xf75e08d3, L:/127.0.0.1:63213 - R:localhost/127.0.0.1:44052]
20:14:02.333 [Forwarding isElementDisplayed on session e875b44a43e85277ef9827919ee2f8da to remote] DEBUG org.asynchttpclient.netty.request.NettyRequestSender - Using pooled Channel '[id: 0xf75e08d3, L:/127.0.0.1:63213 - R:localhost/127.0.0.1:44052]' for 'POST' to 'http://localhost:44052/session/e875b44a43e85277ef9827919ee2f8da/execute/sync'
20:14:02.333 [Forwarding isElementDisplayed on session e875b44a43e85277ef9827919ee2f8da to remote] DEBUG org.asynchttpclient.netty.request.NettyRequestSender - Using open Channel [id: 0xf75e08d3, L:/127.0.0.1:63213 - R:localhost/127.0.0.1:44052] for POST '/session/e875b44a43e85277ef9827919ee2f8da/execute/sync'
20:14:02.352 [AsyncHttpClient-1-2] DEBUG org.asynchttpclient.netty.handler.HttpHandler - 

Request DefaultHttpRequest(decodeResult: success, version: HTTP/1.1)
POST /session/e875b44a43e85277ef9827919ee2f8da/execute/sync HTTP/1.1
User-Agent: selenium/4.12.0 (java windows)
Content-Length: 48735
Content-Type: application/json; charset=utf-8
host: localhost:44052
accept: */*

Response DefaultHttpResponse(decodeResult: success, version: HTTP/1.1)
HTTP/1.1 200 OK
Content-Length: 14
Content-Type: application/json; charset=utf-8
cache-control: no-cache

20:14:02.353 [AsyncHttpClient-1-2] DEBUG org.asynchttpclient.netty.channel.ChannelManager - Adding key: http://localhost:44052 for channel [id: 0xf75e08d3, L:/127.0.0.1:63213 - R:localhost/127.0.0.1:44052]
Basic Information successfully submited
  Then Basic information successfully submited 1144        # StepDefination.My_Load.Verify_form(java.lang.String)
20:14:02.365 [AsyncHttpClient-1-4] DEBUG org.asynchttpclient.netty.handler.WebSocketHandler - Channel Closed: [id: 0x3cd718f5, L:/127.0.0.1:63222 ! R:localhost/127.0.0.1:63214] with attribute DISCARD
20:14:02.368 [Driver Command Executor] DEBUG org.asynchttpclient.netty.request.NettyRequestSender - Using pooled Channel '[id: 0xf75e08d3, L:/127.0.0.1:63213 - R:localhost/127.0.0.1:44052]' for 'DELETE' to 'http://localhost:44052/session/e875b44a43e85277ef9827919ee2f8da'
20:14:02.368 [Driver Command Executor] DEBUG org.asynchttpclient.netty.request.NettyRequestSender - Using open Channel [id: 0xf75e08d3, L:/127.0.0.1:63213 - R:localhost/127.0.0.1:44052] for DELETE '/session/e875b44a43e85277ef9827919ee2f8da'
20:14:02.445 [AsyncHttpClient-1-3] DEBUG org.asynchttpclient.netty.handler.HttpHandler - Unexpected I/O exception on channel [id: 0x0b86b540, L:/127.0.0.1:63221 - R:localhost/127.0.0.1:63214]
java.net.SocketException: Connection reset
	at java.base/sun.nio.ch.SocketChannelImpl.throwConnectionReset(SocketChannelImpl.java:394)
	at java.base/sun.nio.ch.SocketChannelImpl.read(SocketChannelImpl.java:426)
	at io.netty.buffer.PooledByteBuf.setBytes(PooledByteBuf.java:254)
	at io.netty.buffer.AbstractByteBuf.writeBytes(AbstractByteBuf.java:1132)
	at io.netty.channel.socket.nio.NioSocketChannel.doReadBytes(NioSocketChannel.java:357)
	at io.netty.channel.nio.AbstractNioByteChannel$NioByteUnsafe.read(AbstractNioByteChannel.java:151)
	at io.netty.channel.nio.NioEventLoop.processSelectedKey(NioEventLoop.java:788)
	at io.netty.channel.nio.NioEventLoop.processSelectedKeysOptimized(NioEventLoop.java:724)
	at io.netty.channel.nio.NioEventLoop.processSelectedKeys(NioEventLoop.java:650)
	at io.netty.channel.nio.NioEventLoop.run(NioEventLoop.java:562)
	at io.netty.util.concurrent.SingleThreadEventExecutor$4.run(SingleThreadEventExecutor.java:997)
	at io.netty.util.internal.ThreadExecutorMap$2.run(ThreadExecutorMap.java:74)
	at io.netty.util.concurrent.FastThreadLocalRunnable.run(FastThreadLocalRunnable.java:30)
	at java.base/java.lang.Thread.run(Thread.java:840)
20:14:02.445 [AsyncHttpClient-1-3] DEBUG org.asynchttpclient.netty.channel.ChannelManager - Closing Channel [id: 0x0b86b540, L:/127.0.0.1:63221 - R:localhost/127.0.0.1:63214] 
20:14:02.445 [AsyncHttpClient-1-3] DEBUG org.asynchttpclient.netty.handler.HttpHandler - Channel Closed: [id: 0x0b86b540, L:/127.0.0.1:63221 ! R:localhost/127.0.0.1:63214] with attribute DISCARD
20:14:02.475 [AsyncHttpClient-1-2] DEBUG org.asynchttpclient.netty.handler.HttpHandler - 

Request DefaultFullHttpRequest(decodeResult: success, version: HTTP/1.1, content: EmptyByteBufBE)
DELETE /session/e875b44a43e85277ef9827919ee2f8da HTTP/1.1
User-Agent: selenium/4.12.0 (java windows)
Content-Type: application/json; charset=utf-8
host: localhost:44052
accept: */*

Response DefaultHttpResponse(decodeResult: success, version: HTTP/1.1)
HTTP/1.1 200 OK
Content-Length: 14
Content-Type: application/json; charset=utf-8
cache-control: no-cache

20:14:02.475 [AsyncHttpClient-1-2] DEBUG org.asynchttpclient.netty.channel.ChannelManager - Adding key: http://localhost:44052 for channel [id: 0xf75e08d3, L:/127.0.0.1:63213 - R:localhost/127.0.0.1:44052]
20:14:02.533 [AsyncHttpClient-1-1] DEBUG org.asynchttpclient.netty.channel.DefaultChannelPool - Entry count for : http://localhost:63214 : 1
20:14:02.533 [AsyncHttpClient-1-1] DEBUG org.asynchttpclient.netty.channel.DefaultChannelPool - Entry count for : http://localhost:44052 : 1
20:14:02.533 [AsyncHttpClient-1-1] DEBUG org.asynchttpclient.netty.channel.DefaultChannelPool - Adding Candidate expired Channel [id: 0x0b86b540, L:/127.0.0.1:63221 ! R:localhost/127.0.0.1:63214] isIdleTimeoutExpired=false isRemotelyClosed=true isTtlExpired=false
20:14:02.533 [AsyncHttpClient-1-1] DEBUG org.asynchttpclient.netty.channel.DefaultChannelPool - Closing Idle Channel [id: 0x0b86b540, L:/127.0.0.1:63221 ! R:localhost/127.0.0.1:63214]
20:14:02.533 [AsyncHttpClient-1-1] DEBUG org.asynchttpclient.netty.channel.DefaultChannelPool - Closed 1 connections out of 2 in 0 ms
20:14:02.914 [AsyncHttpClient-1-2] DEBUG org.asynchttpclient.netty.handler.HttpHandler - Channel Closed: [id: 0xf75e08d3, L:/127.0.0.1:63213 ! R:localhost/127.0.0.1:44052] with attribute DISCARD
]]></system-out>
    <system-err><![CDATA[SLF4J: Class path contains multiple SLF4J bindings.
SLF4J: Found binding in [jar:file:/C:/Users/Aniket%20Satpute/.m2/repository/ch/qos/logback/logback-classic/1.2.11/logback-classic-1.2.11.jar!/org/slf4j/impl/StaticLoggerBinder.class]
SLF4J: Found binding in [jar:file:/C:/Users/Aniket%20Satpute/.m2/repository/org/apache/logging/log4j/log4j-slf4j-impl/2.20.0/log4j-slf4j-impl-2.20.0.jar!/org/slf4j/impl/StaticLoggerBinder.class]
SLF4J: See http://www.slf4j.org/codes.html#multiple_bindings for an explanation.
SLF4J: Actual binding is of type [ch.qos.logback.classic.util.ContextSelectorStaticBinder]
Jan 18, 2025 8:13:36 PM org.openqa.selenium.devtools.CdpVersionFinder findNearestMatch
WARNING: Unable to find CDP implementation matching 131
Jan 18, 2025 8:13:36 PM org.openqa.selenium.chromium.ChromiumDriver lambda$new$5
WARNING: Unable to find version of CDP to use for 131.0.6778.265. You may need to include a dependency on a specific version of the CDP using something similar to `org.seleniumhq.selenium:selenium-devtools-v86:4.12.0` where the version ("v86") matches the version of the chromium-based browser you're using and the version number of the artifact is the same as Selenium's.
]]></system-err>
  </testcase>
  <testcase name="User should not submit the basic info withot PO number" classname="Create load in broker" time="23.631">
    <system-out><![CDATA[
Scenario Outline: User should not submit the basic info withot PO number # src/test/resources/Create_Load/Create_Load.feature:42
20:14:03.345 [AsyncHttpClient-1-5] DEBUG org.asynchttpclient.netty.channel.NettyConnectListener - Using new Channel '[id: 0xc8891c75, L:/127.0.0.1:63262 - R:localhost/127.0.0.1:27006]' for 'POST' to '/session'
20:14:03.640 [AsyncHttpClient-1-1] DEBUG org.asynchttpclient.netty.channel.DefaultChannelPool - Entry count for : http://localhost:44052 : 1
20:14:03.640 [AsyncHttpClient-1-1] DEBUG org.asynchttpclient.netty.channel.DefaultChannelPool - Adding Candidate expired Channel [id: 0xf75e08d3, L:/127.0.0.1:63213 ! R:localhost/127.0.0.1:44052] isIdleTimeoutExpired=false isRemotelyClosed=true isTtlExpired=false
20:14:03.640 [AsyncHttpClient-1-1] DEBUG org.asynchttpclient.netty.channel.DefaultChannelPool - Closing Idle Channel [id: 0xf75e08d3, L:/127.0.0.1:63213 ! R:localhost/127.0.0.1:44052]
20:14:03.640 [AsyncHttpClient-1-1] DEBUG org.asynchttpclient.netty.channel.DefaultChannelPool - Closed 1 connections out of 1 in 0 ms
20:14:04.083 [AsyncHttpClient-1-5] DEBUG org.asynchttpclient.netty.handler.HttpHandler - 

Request DefaultHttpRequest(decodeResult: success, version: HTTP/1.1)
POST /session HTTP/1.1
User-Agent: selenium/4.12.0 (java windows)
Content-Length: 254
Content-Type: application/json; charset=utf-8
host: localhost:27006
accept: */*

Response DefaultHttpResponse(decodeResult: success, version: HTTP/1.1)
HTTP/1.1 200 OK
Content-Length: 887
Content-Type: application/json; charset=utf-8
cache-control: no-cache

20:14:04.086 [AsyncHttpClient-1-5] DEBUG org.asynchttpclient.netty.channel.ChannelManager - Adding key: http://localhost:27006 for channel [id: 0xc8891c75, L:/127.0.0.1:63262 - R:localhost/127.0.0.1:27006]
20:14:04.100 [AsyncHttpClient-1-6] DEBUG org.asynchttpclient.netty.channel.NettyConnectListener - Using new Channel '[id: 0x6cbb815f, L:/127.0.0.1:63270 - R:localhost/127.0.0.1:63264]' for 'GET' to '/json/version'
20:14:04.103 [AsyncHttpClient-1-6] DEBUG org.asynchttpclient.netty.handler.HttpHandler - 

Request DefaultFullHttpRequest(decodeResult: success, version: HTTP/1.1, content: EmptyByteBufBE)
GET /json/version HTTP/1.1
User-Agent: selenium/4.12.0 (java windows)
host: localhost:63264
accept: */*

Response DefaultHttpResponse(decodeResult: success, version: HTTP/1.1)
HTTP/1.1 200 OK
Content-Security-Policy: frame-ancestors 'none'
Content-Length: 424
Content-Type: application/json; charset=UTF-8

20:14:04.103 [AsyncHttpClient-1-6] DEBUG org.asynchttpclient.netty.channel.ChannelManager - Adding key: http://localhost:63264 for channel [id: 0x6cbb815f, L:/127.0.0.1:63270 - R:localhost/127.0.0.1:63264]
20:14:04.106 [AsyncHttpClient-1-7] DEBUG org.asynchttpclient.netty.channel.NettyConnectListener - Using new Channel '[id: 0x9c8defc0, L:/127.0.0.1:63271 - R:localhost/127.0.0.1:63264]' for 'GET' to '/devtools/browser/71652bd4-f0cf-4e90-8237-a1f5af007d24'
20:14:04.111 [AsyncHttpClient-1-7] DEBUG org.asynchttpclient.netty.handler.WebSocketHandler - 

Request DefaultFullHttpRequest(decodeResult: success, version: HTTP/1.1, content: EmptyByteBufBE)
GET /devtools/browser/71652bd4-f0cf-4e90-8237-a1f5af007d24 HTTP/1.1
upgrade: websocket
connection: upgrade
sec-websocket-key: j6Wi7xrHVl0sdSZeWi+POw==
sec-websocket-version: 13
origin: http://localhost:63264
host: localhost:63264
accept: */*
user-agent: AHC/2.1

Response DefaultHttpResponse(decodeResult: success, version: HTTP/1.1)
HTTP/1.1 101 WebSocket Protocol Handshake
Upgrade: WebSocket
Connection: Upgrade
Sec-WebSocket-Accept: DG9pfcoxN1NqPfZa/0B3bbCU8ic=

20:14:04.119 [Forwarding get on session e0e165e7e2c224913ac290f35d3b0486 to remote] DEBUG org.asynchttpclient.netty.request.NettyRequestSender - Using pooled Channel '[id: 0xc8891c75, L:/127.0.0.1:63262 - R:localhost/127.0.0.1:27006]' for 'POST' to 'http://localhost:27006/session/e0e165e7e2c224913ac290f35d3b0486/url'
20:14:04.119 [Forwarding get on session e0e165e7e2c224913ac290f35d3b0486 to remote] DEBUG org.asynchttpclient.netty.request.NettyRequestSender - Using open Channel [id: 0xc8891c75, L:/127.0.0.1:63262 - R:localhost/127.0.0.1:27006] for POST '/session/e0e165e7e2c224913ac290f35d3b0486/url'
20:14:04.743 [AsyncHttpClient-1-1] DEBUG org.asynchttpclient.netty.channel.DefaultChannelPool - Entry count for : http://localhost:63264 : 1
20:14:05.641 [AsyncHttpClient-1-5] DEBUG org.asynchttpclient.netty.handler.HttpHandler - 

Request DefaultHttpRequest(decodeResult: success, version: HTTP/1.1)
POST /session/e0e165e7e2c224913ac290f35d3b0486/url HTTP/1.1
User-Agent: selenium/4.12.0 (java windows)
Content-Length: 92
Content-Type: application/json; charset=utf-8
host: localhost:27006
accept: */*

Response DefaultHttpResponse(decodeResult: success, version: HTTP/1.1)
HTTP/1.1 200 OK
Content-Length: 14
Content-Type: application/json; charset=utf-8
cache-control: no-cache

20:14:05.642 [AsyncHttpClient-1-5] DEBUG org.asynchttpclient.netty.channel.ChannelManager - Adding key: http://localhost:27006 for channel [id: 0xc8891c75, L:/127.0.0.1:63262 - R:localhost/127.0.0.1:27006]
20:14:05.643 [Forwarding maximizeCurrentWindow on session e0e165e7e2c224913ac290f35d3b0486 to remote] DEBUG org.asynchttpclient.netty.request.NettyRequestSender - Using pooled Channel '[id: 0xc8891c75, L:/127.0.0.1:63262 - R:localhost/127.0.0.1:27006]' for 'POST' to 'http://localhost:27006/session/e0e165e7e2c224913ac290f35d3b0486/window/maximize'
20:14:05.643 [Forwarding maximizeCurrentWindow on session e0e165e7e2c224913ac290f35d3b0486 to remote] DEBUG org.asynchttpclient.netty.request.NettyRequestSender - Using open Channel [id: 0xc8891c75, L:/127.0.0.1:63262 - R:localhost/127.0.0.1:27006] for POST '/session/e0e165e7e2c224913ac290f35d3b0486/window/maximize'
20:14:05.669 [AsyncHttpClient-1-5] DEBUG org.asynchttpclient.netty.handler.HttpHandler - 

Request DefaultHttpRequest(decodeResult: success, version: HTTP/1.1)
POST /session/e0e165e7e2c224913ac290f35d3b0486/window/maximize HTTP/1.1
User-Agent: selenium/4.12.0 (java windows)
Content-Length: 3
Content-Type: application/json; charset=utf-8
host: localhost:27006
accept: */*

Response DefaultHttpResponse(decodeResult: success, version: HTTP/1.1)
HTTP/1.1 200 OK
Content-Length: 51
Content-Type: application/json; charset=utf-8
cache-control: no-cache

20:14:05.669 [AsyncHttpClient-1-5] DEBUG org.asynchttpclient.netty.channel.ChannelManager - Adding key: http://localhost:27006 for channel [id: 0xc8891c75, L:/127.0.0.1:63262 - R:localhost/127.0.0.1:27006]
20:14:05.677 [Forwarding findElement on session e0e165e7e2c224913ac290f35d3b0486 to remote] DEBUG org.asynchttpclient.netty.request.NettyRequestSender - Using pooled Channel '[id: 0xc8891c75, L:/127.0.0.1:63262 - R:localhost/127.0.0.1:27006]' for 'POST' to 'http://localhost:27006/session/e0e165e7e2c224913ac290f35d3b0486/element'
20:14:05.677 [Forwarding findElement on session e0e165e7e2c224913ac290f35d3b0486 to remote] DEBUG org.asynchttpclient.netty.request.NettyRequestSender - Using open Channel [id: 0xc8891c75, L:/127.0.0.1:63262 - R:localhost/127.0.0.1:27006] for POST '/session/e0e165e7e2c224913ac290f35d3b0486/element'
20:14:05.694 [AsyncHttpClient-1-5] DEBUG org.asynchttpclient.netty.handler.HttpHandler - 

Request DefaultHttpRequest(decodeResult: success, version: HTTP/1.1)
POST /session/e0e165e7e2c224913ac290f35d3b0486/element HTTP/1.1
User-Agent: selenium/4.12.0 (java windows)
Content-Length: 69
Content-Type: application/json; charset=utf-8
host: localhost:27006
accept: */*

Response DefaultHttpResponse(decodeResult: success, version: HTTP/1.1)
HTTP/1.1 200 OK
Content-Length: 125
Content-Type: application/json; charset=utf-8
cache-control: no-cache

20:14:05.694 [AsyncHttpClient-1-5] DEBUG org.asynchttpclient.netty.channel.ChannelManager - Adding key: http://localhost:27006 for channel [id: 0xc8891c75, L:/127.0.0.1:63262 - R:localhost/127.0.0.1:27006]
20:14:05.694 [Forwarding sendKeysToElement on session e0e165e7e2c224913ac290f35d3b0486 to remote] DEBUG org.asynchttpclient.netty.request.NettyRequestSender - Using pooled Channel '[id: 0xc8891c75, L:/127.0.0.1:63262 - R:localhost/127.0.0.1:27006]' for 'POST' to 'http://localhost:27006/session/e0e165e7e2c224913ac290f35d3b0486/element/f.AAC67A4B53EAD77FDEC5F9B37AE79585.d.579F2E81EDE79B6E5BEAED068339A10B.e.4/value'
20:14:05.694 [Forwarding sendKeysToElement on session e0e165e7e2c224913ac290f35d3b0486 to remote] DEBUG org.asynchttpclient.netty.request.NettyRequestSender - Using open Channel [id: 0xc8891c75, L:/127.0.0.1:63262 - R:localhost/127.0.0.1:27006] for POST '/session/e0e165e7e2c224913ac290f35d3b0486/element/f.AAC67A4B53EAD77FDEC5F9B37AE79585.d.579F2E81EDE79B6E5BEAED068339A10B.e.4/value'
20:14:05.800 [AsyncHttpClient-1-5] DEBUG org.asynchttpclient.netty.handler.HttpHandler - 

Request DefaultHttpRequest(decodeResult: success, version: HTTP/1.1)
POST /session/e0e165e7e2c224913ac290f35d3b0486/element/f.AAC67A4B53EAD77FDEC5F9B37AE79585.d.579F2E81EDE79B6E5BEAED068339A10B.e.4/value HTTP/1.1
User-Agent: selenium/4.12.0 (java windows)
Content-Length: 338
Content-Type: application/json; charset=utf-8
host: localhost:27006
accept: */*

Response DefaultHttpResponse(decodeResult: success, version: HTTP/1.1)
HTTP/1.1 200 OK
Content-Length: 14
Content-Type: application/json; charset=utf-8
cache-control: no-cache

20:14:05.800 [AsyncHttpClient-1-5] DEBUG org.asynchttpclient.netty.channel.ChannelManager - Adding key: http://localhost:27006 for channel [id: 0xc8891c75, L:/127.0.0.1:63262 - R:localhost/127.0.0.1:27006]
20:14:05.800 [Forwarding findElement on session e0e165e7e2c224913ac290f35d3b0486 to remote] DEBUG org.asynchttpclient.netty.request.NettyRequestSender - Using pooled Channel '[id: 0xc8891c75, L:/127.0.0.1:63262 - R:localhost/127.0.0.1:27006]' for 'POST' to 'http://localhost:27006/session/e0e165e7e2c224913ac290f35d3b0486/element'
20:14:05.800 [Forwarding findElement on session e0e165e7e2c224913ac290f35d3b0486 to remote] DEBUG org.asynchttpclient.netty.request.NettyRequestSender - Using open Channel [id: 0xc8891c75, L:/127.0.0.1:63262 - R:localhost/127.0.0.1:27006] for POST '/session/e0e165e7e2c224913ac290f35d3b0486/element'
20:14:05.800 [AsyncHttpClient-1-5] DEBUG org.asynchttpclient.netty.handler.HttpHandler - 

Request DefaultHttpRequest(decodeResult: success, version: HTTP/1.1)
POST /session/e0e165e7e2c224913ac290f35d3b0486/element HTTP/1.1
User-Agent: selenium/4.12.0 (java windows)
Content-Length: 72
Content-Type: application/json; charset=utf-8
host: localhost:27006
accept: */*

Response DefaultHttpResponse(decodeResult: success, version: HTTP/1.1)
HTTP/1.1 200 OK
Content-Length: 125
Content-Type: application/json; charset=utf-8
cache-control: no-cache

20:14:05.800 [AsyncHttpClient-1-5] DEBUG org.asynchttpclient.netty.channel.ChannelManager - Adding key: http://localhost:27006 for channel [id: 0xc8891c75, L:/127.0.0.1:63262 - R:localhost/127.0.0.1:27006]
20:14:05.800 [Forwarding sendKeysToElement on session e0e165e7e2c224913ac290f35d3b0486 to remote] DEBUG org.asynchttpclient.netty.request.NettyRequestSender - Using pooled Channel '[id: 0xc8891c75, L:/127.0.0.1:63262 - R:localhost/127.0.0.1:27006]' for 'POST' to 'http://localhost:27006/session/e0e165e7e2c224913ac290f35d3b0486/element/f.AAC67A4B53EAD77FDEC5F9B37AE79585.d.579F2E81EDE79B6E5BEAED068339A10B.e.6/value'
20:14:05.800 [Forwarding sendKeysToElement on session e0e165e7e2c224913ac290f35d3b0486 to remote] DEBUG org.asynchttpclient.netty.request.NettyRequestSender - Using open Channel [id: 0xc8891c75, L:/127.0.0.1:63262 - R:localhost/127.0.0.1:27006] for POST '/session/e0e165e7e2c224913ac290f35d3b0486/element/f.AAC67A4B53EAD77FDEC5F9B37AE79585.d.579F2E81EDE79B6E5BEAED068339A10B.e.6/value'
20:14:05.839 [AsyncHttpClient-1-1] DEBUG org.asynchttpclient.netty.channel.DefaultChannelPool - Entry count for : http://localhost:63264 : 1
20:14:05.880 [AsyncHttpClient-1-5] DEBUG org.asynchttpclient.netty.handler.HttpHandler - 

Request DefaultHttpRequest(decodeResult: success, version: HTTP/1.1)
POST /session/e0e165e7e2c224913ac290f35d3b0486/element/f.AAC67A4B53EAD77FDEC5F9B37AE79585.d.579F2E81EDE79B6E5BEAED068339A10B.e.6/value HTTP/1.1
User-Agent: selenium/4.12.0 (java windows)
Content-Length: 208
Content-Type: application/json; charset=utf-8
host: localhost:27006
accept: */*

Response DefaultHttpResponse(decodeResult: success, version: HTTP/1.1)
HTTP/1.1 200 OK
Content-Length: 14
Content-Type: application/json; charset=utf-8
cache-control: no-cache

20:14:05.880 [AsyncHttpClient-1-5] DEBUG org.asynchttpclient.netty.channel.ChannelManager - Adding key: http://localhost:27006 for channel [id: 0xc8891c75, L:/127.0.0.1:63262 - R:localhost/127.0.0.1:27006]
20:14:05.880 [Forwarding findElement on session e0e165e7e2c224913ac290f35d3b0486 to remote] DEBUG org.asynchttpclient.netty.request.NettyRequestSender - Using pooled Channel '[id: 0xc8891c75, L:/127.0.0.1:63262 - R:localhost/127.0.0.1:27006]' for 'POST' to 'http://localhost:27006/session/e0e165e7e2c224913ac290f35d3b0486/element'
20:14:05.880 [Forwarding findElement on session e0e165e7e2c224913ac290f35d3b0486 to remote] DEBUG org.asynchttpclient.netty.request.NettyRequestSender - Using open Channel [id: 0xc8891c75, L:/127.0.0.1:63262 - R:localhost/127.0.0.1:27006] for POST '/session/e0e165e7e2c224913ac290f35d3b0486/element'
20:14:05.889 [AsyncHttpClient-1-5] DEBUG org.asynchttpclient.netty.handler.HttpHandler - 

Request DefaultHttpRequest(decodeResult: success, version: HTTP/1.1)
POST /session/e0e165e7e2c224913ac290f35d3b0486/element HTTP/1.1
User-Agent: selenium/4.12.0 (java windows)
Content-Length: 73
Content-Type: application/json; charset=utf-8
host: localhost:27006
accept: */*

Response DefaultHttpResponse(decodeResult: success, version: HTTP/1.1)
HTTP/1.1 200 OK
Content-Length: 125
Content-Type: application/json; charset=utf-8
cache-control: no-cache

20:14:05.889 [AsyncHttpClient-1-5] DEBUG org.asynchttpclient.netty.channel.ChannelManager - Adding key: http://localhost:27006 for channel [id: 0xc8891c75, L:/127.0.0.1:63262 - R:localhost/127.0.0.1:27006]
20:14:05.889 [Forwarding clickElement on session e0e165e7e2c224913ac290f35d3b0486 to remote] DEBUG org.asynchttpclient.netty.request.NettyRequestSender - Using pooled Channel '[id: 0xc8891c75, L:/127.0.0.1:63262 - R:localhost/127.0.0.1:27006]' for 'POST' to 'http://localhost:27006/session/e0e165e7e2c224913ac290f35d3b0486/element/f.AAC67A4B53EAD77FDEC5F9B37AE79585.d.579F2E81EDE79B6E5BEAED068339A10B.e.8/click'
20:14:05.889 [Forwarding clickElement on session e0e165e7e2c224913ac290f35d3b0486 to remote] DEBUG org.asynchttpclient.netty.request.NettyRequestSender - Using open Channel [id: 0xc8891c75, L:/127.0.0.1:63262 - R:localhost/127.0.0.1:27006] for POST '/session/e0e165e7e2c224913ac290f35d3b0486/element/f.AAC67A4B53EAD77FDEC5F9B37AE79585.d.579F2E81EDE79B6E5BEAED068339A10B.e.8/click'
20:14:05.949 [AsyncHttpClient-1-5] DEBUG org.asynchttpclient.netty.handler.HttpHandler - 

Request DefaultHttpRequest(decodeResult: success, version: HTTP/1.1)
POST /session/e0e165e7e2c224913ac290f35d3b0486/element/f.AAC67A4B53EAD77FDEC5F9B37AE79585.d.579F2E81EDE79B6E5BEAED068339A10B.e.8/click HTTP/1.1
User-Agent: selenium/4.12.0 (java windows)
Content-Length: 87
Content-Type: application/json; charset=utf-8
host: localhost:27006
accept: */*

Response DefaultHttpResponse(decodeResult: success, version: HTTP/1.1)
HTTP/1.1 200 OK
Content-Length: 14
Content-Type: application/json; charset=utf-8
cache-control: no-cache

20:14:05.949 [AsyncHttpClient-1-5] DEBUG org.asynchttpclient.netty.channel.ChannelManager - Adding key: http://localhost:27006 for channel [id: 0xc8891c75, L:/127.0.0.1:63262 - R:localhost/127.0.0.1:27006]
20:14:06.938 [AsyncHttpClient-1-1] DEBUG org.asynchttpclient.netty.channel.DefaultChannelPool - Entry count for : http://localhost:27006 : 1
20:14:06.938 [AsyncHttpClient-1-1] DEBUG org.asynchttpclient.netty.channel.DefaultChannelPool - Entry count for : http://localhost:63264 : 1
20:14:08.039 [AsyncHttpClient-1-1] DEBUG org.asynchttpclient.netty.channel.DefaultChannelPool - Entry count for : http://localhost:27006 : 1
20:14:08.039 [AsyncHttpClient-1-1] DEBUG org.asynchttpclient.netty.channel.DefaultChannelPool - Entry count for : http://localhost:63264 : 1
20:14:09.135 [AsyncHttpClient-1-1] DEBUG org.asynchttpclient.netty.channel.DefaultChannelPool - Entry count for : http://localhost:27006 : 1
20:14:09.135 [AsyncHttpClient-1-1] DEBUG org.asynchttpclient.netty.channel.DefaultChannelPool - Entry count for : http://localhost:63264 : 1
20:14:10.233 [AsyncHttpClient-1-1] DEBUG org.asynchttpclient.netty.channel.DefaultChannelPool - Entry count for : http://localhost:27006 : 1
20:14:10.233 [AsyncHttpClient-1-1] DEBUG org.asynchttpclient.netty.channel.DefaultChannelPool - Entry count for : http://localhost:63264 : 1
20:14:10.965 [Forwarding getCurrentUrl on session e0e165e7e2c224913ac290f35d3b0486 to remote] DEBUG org.asynchttpclient.netty.request.NettyRequestSender - Using pooled Channel '[id: 0xc8891c75, L:/127.0.0.1:63262 - R:localhost/127.0.0.1:27006]' for 'GET' to 'http://localhost:27006/session/e0e165e7e2c224913ac290f35d3b0486/url'
20:14:10.965 [Forwarding getCurrentUrl on session e0e165e7e2c224913ac290f35d3b0486 to remote] DEBUG org.asynchttpclient.netty.request.NettyRequestSender - Using open Channel [id: 0xc8891c75, L:/127.0.0.1:63262 - R:localhost/127.0.0.1:27006] for GET '/session/e0e165e7e2c224913ac290f35d3b0486/url'
20:14:10.974 [AsyncHttpClient-1-5] DEBUG org.asynchttpclient.netty.handler.HttpHandler - 

Request DefaultFullHttpRequest(decodeResult: success, version: HTTP/1.1, content: EmptyByteBufBE)
GET /session/e0e165e7e2c224913ac290f35d3b0486/url HTTP/1.1
Cache-Control: no-cache
User-Agent: selenium/4.12.0 (java windows)
Content-Type: application/json; charset=utf-8
host: localhost:27006
accept: */*

Response DefaultHttpResponse(decodeResult: success, version: HTTP/1.1)
HTTP/1.1 200 OK
Content-Length: 69
Content-Type: application/json; charset=utf-8
cache-control: no-cache

20:14:10.974 [AsyncHttpClient-1-5] DEBUG org.asynchttpclient.netty.channel.ChannelManager - Adding key: http://localhost:27006 for channel [id: 0xc8891c75, L:/127.0.0.1:63262 - R:localhost/127.0.0.1:27006]
https://fleet-manager-development.vercel.app/auth/sign-in
20:14:10.974 [Forwarding findElement on session e0e165e7e2c224913ac290f35d3b0486 to remote] DEBUG org.asynchttpclient.netty.request.NettyRequestSender - Using pooled Channel '[id: 0xc8891c75, L:/127.0.0.1:63262 - R:localhost/127.0.0.1:27006]' for 'POST' to 'http://localhost:27006/session/e0e165e7e2c224913ac290f35d3b0486/element'
20:14:10.974 [Forwarding findElement on session e0e165e7e2c224913ac290f35d3b0486 to remote] DEBUG org.asynchttpclient.netty.request.NettyRequestSender - Using open Channel [id: 0xc8891c75, L:/127.0.0.1:63262 - R:localhost/127.0.0.1:27006] for POST '/session/e0e165e7e2c224913ac290f35d3b0486/element'
20:14:10.982 [AsyncHttpClient-1-5] DEBUG org.asynchttpclient.netty.handler.HttpHandler - 

Request DefaultHttpRequest(decodeResult: success, version: HTTP/1.1)
POST /session/e0e165e7e2c224913ac290f35d3b0486/element HTTP/1.1
User-Agent: selenium/4.12.0 (java windows)
Content-Length: 66
Content-Type: application/json; charset=utf-8
host: localhost:27006
accept: */*

Response DefaultHttpResponse(decodeResult: success, version: HTTP/1.1)
HTTP/1.1 200 OK
Content-Length: 126
Content-Type: application/json; charset=utf-8
cache-control: no-cache

20:14:10.982 [AsyncHttpClient-1-5] DEBUG org.asynchttpclient.netty.channel.ChannelManager - Adding key: http://localhost:27006 for channel [id: 0xc8891c75, L:/127.0.0.1:63262 - R:localhost/127.0.0.1:27006]
20:14:10.997 [Forwarding isElementDisplayed on session e0e165e7e2c224913ac290f35d3b0486 to remote] DEBUG org.asynchttpclient.netty.request.NettyRequestSender - Using pooled Channel '[id: 0xc8891c75, L:/127.0.0.1:63262 - R:localhost/127.0.0.1:27006]' for 'POST' to 'http://localhost:27006/session/e0e165e7e2c224913ac290f35d3b0486/execute/sync'
20:14:10.997 [Forwarding isElementDisplayed on session e0e165e7e2c224913ac290f35d3b0486 to remote] DEBUG org.asynchttpclient.netty.request.NettyRequestSender - Using open Channel [id: 0xc8891c75, L:/127.0.0.1:63262 - R:localhost/127.0.0.1:27006] for POST '/session/e0e165e7e2c224913ac290f35d3b0486/execute/sync'
20:14:11.013 [AsyncHttpClient-1-5] DEBUG org.asynchttpclient.netty.handler.HttpHandler - 

Request DefaultHttpRequest(decodeResult: success, version: HTTP/1.1)
POST /session/e0e165e7e2c224913ac290f35d3b0486/execute/sync HTTP/1.1
User-Agent: selenium/4.12.0 (java windows)
Content-Length: 48734
Content-Type: application/json; charset=utf-8
host: localhost:27006
accept: */*

Response DefaultHttpResponse(decodeResult: success, version: HTTP/1.1)
HTTP/1.1 200 OK
Content-Length: 14
Content-Type: application/json; charset=utf-8
cache-control: no-cache

20:14:11.013 [AsyncHttpClient-1-5] DEBUG org.asynchttpclient.netty.channel.ChannelManager - Adding key: http://localhost:27006 for channel [id: 0xc8891c75, L:/127.0.0.1:63262 - R:localhost/127.0.0.1:27006]
20:14:11.013 [Forwarding findElement on session e0e165e7e2c224913ac290f35d3b0486 to remote] DEBUG org.asynchttpclient.netty.request.NettyRequestSender - Using pooled Channel '[id: 0xc8891c75, L:/127.0.0.1:63262 - R:localhost/127.0.0.1:27006]' for 'POST' to 'http://localhost:27006/session/e0e165e7e2c224913ac290f35d3b0486/element'
20:14:11.013 [Forwarding findElement on session e0e165e7e2c224913ac290f35d3b0486 to remote] DEBUG org.asynchttpclient.netty.request.NettyRequestSender - Using open Channel [id: 0xc8891c75, L:/127.0.0.1:63262 - R:localhost/127.0.0.1:27006] for POST '/session/e0e165e7e2c224913ac290f35d3b0486/element'
20:14:11.013 [AsyncHttpClient-1-5] DEBUG org.asynchttpclient.netty.handler.HttpHandler - 

Request DefaultHttpRequest(decodeResult: success, version: HTTP/1.1)
POST /session/e0e165e7e2c224913ac290f35d3b0486/element HTTP/1.1
User-Agent: selenium/4.12.0 (java windows)
Content-Length: 66
Content-Type: application/json; charset=utf-8
host: localhost:27006
accept: */*

Response DefaultHttpResponse(decodeResult: success, version: HTTP/1.1)
HTTP/1.1 200 OK
Content-Length: 126
Content-Type: application/json; charset=utf-8
cache-control: no-cache

20:14:11.013 [AsyncHttpClient-1-5] DEBUG org.asynchttpclient.netty.channel.ChannelManager - Adding key: http://localhost:27006 for channel [id: 0xc8891c75, L:/127.0.0.1:63262 - R:localhost/127.0.0.1:27006]
20:14:11.013 [Forwarding getElementText on session e0e165e7e2c224913ac290f35d3b0486 to remote] DEBUG org.asynchttpclient.netty.request.NettyRequestSender - Using pooled Channel '[id: 0xc8891c75, L:/127.0.0.1:63262 - R:localhost/127.0.0.1:27006]' for 'GET' to 'http://localhost:27006/session/e0e165e7e2c224913ac290f35d3b0486/element/f.AAC67A4B53EAD77FDEC5F9B37AE79585.d.579F2E81EDE79B6E5BEAED068339A10B.e.19/text'
20:14:11.013 [Forwarding getElementText on session e0e165e7e2c224913ac290f35d3b0486 to remote] DEBUG org.asynchttpclient.netty.request.NettyRequestSender - Using open Channel [id: 0xc8891c75, L:/127.0.0.1:63262 - R:localhost/127.0.0.1:27006] for GET '/session/e0e165e7e2c224913ac290f35d3b0486/element/f.AAC67A4B53EAD77FDEC5F9B37AE79585.d.579F2E81EDE79B6E5BEAED068339A10B.e.19/text'
20:14:11.029 [AsyncHttpClient-1-5] DEBUG org.asynchttpclient.netty.handler.HttpHandler - 

Request DefaultFullHttpRequest(decodeResult: success, version: HTTP/1.1, content: EmptyByteBufBE)
GET /session/e0e165e7e2c224913ac290f35d3b0486/element/f.AAC67A4B53EAD77FDEC5F9B37AE79585.d.579F2E81EDE79B6E5BEAED068339A10B.e.19/text HTTP/1.1
Cache-Control: no-cache
User-Agent: selenium/4.12.0 (java windows)
Content-Type: application/json; charset=utf-8
host: localhost:27006
accept: */*

Response DefaultHttpResponse(decodeResult: success, version: HTTP/1.1)
HTTP/1.1 200 OK
Content-Length: 33
Content-Type: application/json; charset=utf-8
cache-control: no-cache

20:14:11.029 [AsyncHttpClient-1-5] DEBUG org.asynchttpclient.netty.channel.ChannelManager - Adding key: http://localhost:27006 for channel [id: 0xc8891c75, L:/127.0.0.1:63262 - R:localhost/127.0.0.1:27006]
20:14:11.029 [Forwarding findElement on session e0e165e7e2c224913ac290f35d3b0486 to remote] DEBUG org.asynchttpclient.netty.request.NettyRequestSender - Using pooled Channel '[id: 0xc8891c75, L:/127.0.0.1:63262 - R:localhost/127.0.0.1:27006]' for 'POST' to 'http://localhost:27006/session/e0e165e7e2c224913ac290f35d3b0486/element'
20:14:11.029 [Forwarding findElement on session e0e165e7e2c224913ac290f35d3b0486 to remote] DEBUG org.asynchttpclient.netty.request.NettyRequestSender - Using open Channel [id: 0xc8891c75, L:/127.0.0.1:63262 - R:localhost/127.0.0.1:27006] for POST '/session/e0e165e7e2c224913ac290f35d3b0486/element'
20:14:11.029 [AsyncHttpClient-1-5] DEBUG org.asynchttpclient.netty.handler.HttpHandler - 

Request DefaultHttpRequest(decodeResult: success, version: HTTP/1.1)
POST /session/e0e165e7e2c224913ac290f35d3b0486/element HTTP/1.1
User-Agent: selenium/4.12.0 (java windows)
Content-Length: 74
Content-Type: application/json; charset=utf-8
host: localhost:27006
accept: */*

Response DefaultHttpResponse(decodeResult: success, version: HTTP/1.1)
HTTP/1.1 200 OK
Content-Length: 126
Content-Type: application/json; charset=utf-8
cache-control: no-cache

20:14:11.029 [AsyncHttpClient-1-5] DEBUG org.asynchttpclient.netty.channel.ChannelManager - Adding key: http://localhost:27006 for channel [id: 0xc8891c75, L:/127.0.0.1:63262 - R:localhost/127.0.0.1:27006]
20:14:11.029 [Forwarding clickElement on session e0e165e7e2c224913ac290f35d3b0486 to remote] DEBUG org.asynchttpclient.netty.request.NettyRequestSender - Using pooled Channel '[id: 0xc8891c75, L:/127.0.0.1:63262 - R:localhost/127.0.0.1:27006]' for 'POST' to 'http://localhost:27006/session/e0e165e7e2c224913ac290f35d3b0486/element/f.AAC67A4B53EAD77FDEC5F9B37AE79585.d.579F2E81EDE79B6E5BEAED068339A10B.e.20/click'
20:14:11.029 [Forwarding clickElement on session e0e165e7e2c224913ac290f35d3b0486 to remote] DEBUG org.asynchttpclient.netty.request.NettyRequestSender - Using open Channel [id: 0xc8891c75, L:/127.0.0.1:63262 - R:localhost/127.0.0.1:27006] for POST '/session/e0e165e7e2c224913ac290f35d3b0486/element/f.AAC67A4B53EAD77FDEC5F9B37AE79585.d.579F2E81EDE79B6E5BEAED068339A10B.e.20/click'
20:14:11.076 [AsyncHttpClient-1-5] DEBUG org.asynchttpclient.netty.handler.HttpHandler - 

Request DefaultHttpRequest(decodeResult: success, version: HTTP/1.1)
POST /session/e0e165e7e2c224913ac290f35d3b0486/element/f.AAC67A4B53EAD77FDEC5F9B37AE79585.d.579F2E81EDE79B6E5BEAED068339A10B.e.20/click HTTP/1.1
User-Agent: selenium/4.12.0 (java windows)
Content-Length: 88
Content-Type: application/json; charset=utf-8
host: localhost:27006
accept: */*

Response DefaultHttpResponse(decodeResult: success, version: HTTP/1.1)
HTTP/1.1 200 OK
Content-Length: 14
Content-Type: application/json; charset=utf-8
cache-control: no-cache

20:14:11.076 [AsyncHttpClient-1-5] DEBUG org.asynchttpclient.netty.channel.ChannelManager - Adding key: http://localhost:27006 for channel [id: 0xc8891c75, L:/127.0.0.1:63262 - R:localhost/127.0.0.1:27006]
20:14:11.340 [AsyncHttpClient-1-1] DEBUG org.asynchttpclient.netty.channel.DefaultChannelPool - Entry count for : http://localhost:27006 : 1
20:14:11.340 [AsyncHttpClient-1-1] DEBUG org.asynchttpclient.netty.channel.DefaultChannelPool - Entry count for : http://localhost:63264 : 1
20:14:12.438 [AsyncHttpClient-1-1] DEBUG org.asynchttpclient.netty.channel.DefaultChannelPool - Entry count for : http://localhost:27006 : 1
20:14:12.438 [AsyncHttpClient-1-1] DEBUG org.asynchttpclient.netty.channel.DefaultChannelPool - Entry count for : http://localhost:63264 : 1
20:14:13.535 [AsyncHttpClient-1-1] DEBUG org.asynchttpclient.netty.channel.DefaultChannelPool - Entry count for : http://localhost:27006 : 1
20:14:13.535 [AsyncHttpClient-1-1] DEBUG org.asynchttpclient.netty.channel.DefaultChannelPool - Entry count for : http://localhost:63264 : 1
screen shot class not taking
  Given Open dashboardfokisaj290@edectus.com and Fleet@123               # StepDefination.My_Load.I_am_on_dashboard(java.lang.String,java.lang.String)
20:14:14.636 [AsyncHttpClient-1-1] DEBUG org.asynchttpclient.netty.channel.DefaultChannelPool - Entry count for : http://localhost:27006 : 1
20:14:14.636 [AsyncHttpClient-1-1] DEBUG org.asynchttpclient.netty.channel.DefaultChannelPool - Entry count for : http://localhost:63264 : 1
20:14:15.598 [Forwarding findElement on session e0e165e7e2c224913ac290f35d3b0486 to remote] DEBUG org.asynchttpclient.netty.request.NettyRequestSender - Using pooled Channel '[id: 0xc8891c75, L:/127.0.0.1:63262 - R:localhost/127.0.0.1:27006]' for 'POST' to 'http://localhost:27006/session/e0e165e7e2c224913ac290f35d3b0486/element'
20:14:15.598 [Forwarding findElement on session e0e165e7e2c224913ac290f35d3b0486 to remote] DEBUG org.asynchttpclient.netty.request.NettyRequestSender - Using open Channel [id: 0xc8891c75, L:/127.0.0.1:63262 - R:localhost/127.0.0.1:27006] for POST '/session/e0e165e7e2c224913ac290f35d3b0486/element'
20:14:15.602 [AsyncHttpClient-1-5] DEBUG org.asynchttpclient.netty.handler.HttpHandler - 

Request DefaultHttpRequest(decodeResult: success, version: HTTP/1.1)
POST /session/e0e165e7e2c224913ac290f35d3b0486/element HTTP/1.1
User-Agent: selenium/4.12.0 (java windows)
Content-Length: 71
Content-Type: application/json; charset=utf-8
host: localhost:27006
accept: */*

Response DefaultHttpResponse(decodeResult: success, version: HTTP/1.1)
HTTP/1.1 200 OK
Content-Length: 126
Content-Type: application/json; charset=utf-8
cache-control: no-cache

20:14:15.602 [AsyncHttpClient-1-5] DEBUG org.asynchttpclient.netty.channel.ChannelManager - Adding key: http://localhost:27006 for channel [id: 0xc8891c75, L:/127.0.0.1:63262 - R:localhost/127.0.0.1:27006]
20:14:15.608 [Forwarding clickElement on session e0e165e7e2c224913ac290f35d3b0486 to remote] DEBUG org.asynchttpclient.netty.request.NettyRequestSender - Using pooled Channel '[id: 0xc8891c75, L:/127.0.0.1:63262 - R:localhost/127.0.0.1:27006]' for 'POST' to 'http://localhost:27006/session/e0e165e7e2c224913ac290f35d3b0486/element/f.AAC67A4B53EAD77FDEC5F9B37AE79585.d.B0E31EB6BB52842E7F2705E42A0942A1.e.31/click'
20:14:15.608 [Forwarding clickElement on session e0e165e7e2c224913ac290f35d3b0486 to remote] DEBUG org.asynchttpclient.netty.request.NettyRequestSender - Using open Channel [id: 0xc8891c75, L:/127.0.0.1:63262 - R:localhost/127.0.0.1:27006] for POST '/session/e0e165e7e2c224913ac290f35d3b0486/element/f.AAC67A4B53EAD77FDEC5F9B37AE79585.d.B0E31EB6BB52842E7F2705E42A0942A1.e.31/click'
20:14:15.655 [AsyncHttpClient-1-5] DEBUG org.asynchttpclient.netty.handler.HttpHandler - 

Request DefaultHttpRequest(decodeResult: success, version: HTTP/1.1)
POST /session/e0e165e7e2c224913ac290f35d3b0486/element/f.AAC67A4B53EAD77FDEC5F9B37AE79585.d.B0E31EB6BB52842E7F2705E42A0942A1.e.31/click HTTP/1.1
User-Agent: selenium/4.12.0 (java windows)
Content-Length: 88
Content-Type: application/json; charset=utf-8
host: localhost:27006
accept: */*

Response DefaultHttpResponse(decodeResult: success, version: HTTP/1.1)
HTTP/1.1 200 OK
Content-Length: 14
Content-Type: application/json; charset=utf-8
cache-control: no-cache

20:14:15.655 [AsyncHttpClient-1-5] DEBUG org.asynchttpclient.netty.channel.ChannelManager - Adding key: http://localhost:27006 for channel [id: 0xc8891c75, L:/127.0.0.1:63262 - R:localhost/127.0.0.1:27006]
  And Tap on My_load sub module                                          # StepDefination.My_Load.Tap_on_My_load_sub_module()
20:14:15.739 [AsyncHttpClient-1-1] DEBUG org.asynchttpclient.netty.channel.DefaultChannelPool - Entry count for : http://localhost:27006 : 1
20:14:15.739 [AsyncHttpClient-1-1] DEBUG org.asynchttpclient.netty.channel.DefaultChannelPool - Entry count for : http://localhost:63264 : 1
20:14:16.828 [AsyncHttpClient-1-1] DEBUG org.asynchttpclient.netty.channel.DefaultChannelPool - Entry count for : http://localhost:27006 : 1
20:14:16.828 [AsyncHttpClient-1-1] DEBUG org.asynchttpclient.netty.channel.DefaultChannelPool - Entry count for : http://localhost:63264 : 1
20:14:17.168 [Forwarding findElement on session e0e165e7e2c224913ac290f35d3b0486 to remote] DEBUG org.asynchttpclient.netty.request.NettyRequestSender - Using pooled Channel '[id: 0xc8891c75, L:/127.0.0.1:63262 - R:localhost/127.0.0.1:27006]' for 'POST' to 'http://localhost:27006/session/e0e165e7e2c224913ac290f35d3b0486/element'
20:14:17.169 [Forwarding findElement on session e0e165e7e2c224913ac290f35d3b0486 to remote] DEBUG org.asynchttpclient.netty.request.NettyRequestSender - Using open Channel [id: 0xc8891c75, L:/127.0.0.1:63262 - R:localhost/127.0.0.1:27006] for POST '/session/e0e165e7e2c224913ac290f35d3b0486/element'
20:14:17.185 [AsyncHttpClient-1-5] DEBUG org.asynchttpclient.netty.handler.HttpHandler - 

Request DefaultHttpRequest(decodeResult: success, version: HTTP/1.1)
POST /session/e0e165e7e2c224913ac290f35d3b0486/element HTTP/1.1
User-Agent: selenium/4.12.0 (java windows)
Content-Length: 77
Content-Type: application/json; charset=utf-8
host: localhost:27006
accept: */*

Response DefaultHttpResponse(decodeResult: success, version: HTTP/1.1)
HTTP/1.1 200 OK
Content-Length: 126
Content-Type: application/json; charset=utf-8
cache-control: no-cache

20:14:17.185 [AsyncHttpClient-1-5] DEBUG org.asynchttpclient.netty.channel.ChannelManager - Adding key: http://localhost:27006 for channel [id: 0xc8891c75, L:/127.0.0.1:63262 - R:localhost/127.0.0.1:27006]
20:14:17.188 [Forwarding clickElement on session e0e165e7e2c224913ac290f35d3b0486 to remote] DEBUG org.asynchttpclient.netty.request.NettyRequestSender - Using pooled Channel '[id: 0xc8891c75, L:/127.0.0.1:63262 - R:localhost/127.0.0.1:27006]' for 'POST' to 'http://localhost:27006/session/e0e165e7e2c224913ac290f35d3b0486/element/f.AAC67A4B53EAD77FDEC5F9B37AE79585.d.B0E31EB6BB52842E7F2705E42A0942A1.e.58/click'
20:14:17.188 [Forwarding clickElement on session e0e165e7e2c224913ac290f35d3b0486 to remote] DEBUG org.asynchttpclient.netty.request.NettyRequestSender - Using open Channel [id: 0xc8891c75, L:/127.0.0.1:63262 - R:localhost/127.0.0.1:27006] for POST '/session/e0e165e7e2c224913ac290f35d3b0486/element/f.AAC67A4B53EAD77FDEC5F9B37AE79585.d.B0E31EB6BB52842E7F2705E42A0942A1.e.58/click'
20:14:17.294 [AsyncHttpClient-1-5] DEBUG org.asynchttpclient.netty.handler.HttpHandler - 

Request DefaultHttpRequest(decodeResult: success, version: HTTP/1.1)
POST /session/e0e165e7e2c224913ac290f35d3b0486/element/f.AAC67A4B53EAD77FDEC5F9B37AE79585.d.B0E31EB6BB52842E7F2705E42A0942A1.e.58/click HTTP/1.1
User-Agent: selenium/4.12.0 (java windows)
Content-Length: 88
Content-Type: application/json; charset=utf-8
host: localhost:27006
accept: */*

Response DefaultHttpResponse(decodeResult: success, version: HTTP/1.1)
HTTP/1.1 200 OK
Content-Length: 14
Content-Type: application/json; charset=utf-8
cache-control: no-cache

20:14:17.294 [AsyncHttpClient-1-5] DEBUG org.asynchttpclient.netty.channel.ChannelManager - Adding key: http://localhost:27006 for channel [id: 0xc8891c75, L:/127.0.0.1:63262 - R:localhost/127.0.0.1:27006]
  And Open Load form                                                     # StepDefination.My_Load.Open_Load_Form()
20:14:17.940 [AsyncHttpClient-1-1] DEBUG org.asynchttpclient.netty.channel.DefaultChannelPool - Entry count for : http://localhost:27006 : 1
20:14:17.940 [AsyncHttpClient-1-1] DEBUG org.asynchttpclient.netty.channel.DefaultChannelPool - Entry count for : http://localhost:63264 : 1
20:14:18.309 [Forwarding findElement on session e0e165e7e2c224913ac290f35d3b0486 to remote] DEBUG org.asynchttpclient.netty.request.NettyRequestSender - Using pooled Channel '[id: 0xc8891c75, L:/127.0.0.1:63262 - R:localhost/127.0.0.1:27006]' for 'POST' to 'http://localhost:27006/session/e0e165e7e2c224913ac290f35d3b0486/element'
20:14:18.309 [Forwarding findElement on session e0e165e7e2c224913ac290f35d3b0486 to remote] DEBUG org.asynchttpclient.netty.request.NettyRequestSender - Using open Channel [id: 0xc8891c75, L:/127.0.0.1:63262 - R:localhost/127.0.0.1:27006] for POST '/session/e0e165e7e2c224913ac290f35d3b0486/element'
20:14:18.333 [AsyncHttpClient-1-5] DEBUG org.asynchttpclient.netty.handler.HttpHandler - 

Request DefaultHttpRequest(decodeResult: success, version: HTTP/1.1)
POST /session/e0e165e7e2c224913ac290f35d3b0486/element HTTP/1.1
User-Agent: selenium/4.12.0 (java windows)
Content-Length: 83
Content-Type: application/json; charset=utf-8
host: localhost:27006
accept: */*

Response DefaultHttpResponse(decodeResult: success, version: HTTP/1.1)
HTTP/1.1 200 OK
Content-Length: 126
Content-Type: application/json; charset=utf-8
cache-control: no-cache

20:14:18.334 [AsyncHttpClient-1-5] DEBUG org.asynchttpclient.netty.channel.ChannelManager - Adding key: http://localhost:27006 for channel [id: 0xc8891c75, L:/127.0.0.1:63262 - R:localhost/127.0.0.1:27006]
20:14:18.338 [Forwarding clickElement on session e0e165e7e2c224913ac290f35d3b0486 to remote] DEBUG org.asynchttpclient.netty.request.NettyRequestSender - Using pooled Channel '[id: 0xc8891c75, L:/127.0.0.1:63262 - R:localhost/127.0.0.1:27006]' for 'POST' to 'http://localhost:27006/session/e0e165e7e2c224913ac290f35d3b0486/element/f.AAC67A4B53EAD77FDEC5F9B37AE79585.d.B0E31EB6BB52842E7F2705E42A0942A1.e.95/click'
20:14:18.338 [Forwarding clickElement on session e0e165e7e2c224913ac290f35d3b0486 to remote] DEBUG org.asynchttpclient.netty.request.NettyRequestSender - Using open Channel [id: 0xc8891c75, L:/127.0.0.1:63262 - R:localhost/127.0.0.1:27006] for POST '/session/e0e165e7e2c224913ac290f35d3b0486/element/f.AAC67A4B53EAD77FDEC5F9B37AE79585.d.B0E31EB6BB52842E7F2705E42A0942A1.e.95/click'
20:14:18.439 [AsyncHttpClient-1-5] DEBUG org.asynchttpclient.netty.handler.HttpHandler - 

Request DefaultHttpRequest(decodeResult: success, version: HTTP/1.1)
POST /session/e0e165e7e2c224913ac290f35d3b0486/element/f.AAC67A4B53EAD77FDEC5F9B37AE79585.d.B0E31EB6BB52842E7F2705E42A0942A1.e.95/click HTTP/1.1
User-Agent: selenium/4.12.0 (java windows)
Content-Length: 88
Content-Type: application/json; charset=utf-8
host: localhost:27006
accept: */*

Response DefaultHttpResponse(decodeResult: success, version: HTTP/1.1)
HTTP/1.1 200 OK
Content-Length: 14
Content-Type: application/json; charset=utf-8
cache-control: no-cache

20:14:18.442 [AsyncHttpClient-1-5] DEBUG org.asynchttpclient.netty.channel.ChannelManager - Adding key: http://localhost:27006 for channel [id: 0xc8891c75, L:/127.0.0.1:63262 - R:localhost/127.0.0.1:27006]
  And Provide load and transport type FTL (Full Truckload)               # StepDefination.My_Load.Provide_transport_type(java.lang.String)
20:14:19.038 [AsyncHttpClient-1-1] DEBUG org.asynchttpclient.netty.channel.DefaultChannelPool - Entry count for : http://localhost:27006 : 1
20:14:19.038 [AsyncHttpClient-1-1] DEBUG org.asynchttpclient.netty.channel.DefaultChannelPool - Entry count for : http://localhost:63264 : 1
20:14:19.455 [Forwarding findElement on session e0e165e7e2c224913ac290f35d3b0486 to remote] DEBUG org.asynchttpclient.netty.request.NettyRequestSender - Using pooled Channel '[id: 0xc8891c75, L:/127.0.0.1:63262 - R:localhost/127.0.0.1:27006]' for 'POST' to 'http://localhost:27006/session/e0e165e7e2c224913ac290f35d3b0486/element'
20:14:19.456 [Forwarding findElement on session e0e165e7e2c224913ac290f35d3b0486 to remote] DEBUG org.asynchttpclient.netty.request.NettyRequestSender - Using open Channel [id: 0xc8891c75, L:/127.0.0.1:63262 - R:localhost/127.0.0.1:27006] for POST '/session/e0e165e7e2c224913ac290f35d3b0486/element'
20:14:19.478 [AsyncHttpClient-1-5] DEBUG org.asynchttpclient.netty.handler.HttpHandler - 

Request DefaultHttpRequest(decodeResult: success, version: HTTP/1.1)
POST /session/e0e165e7e2c224913ac290f35d3b0486/element HTTP/1.1
User-Agent: selenium/4.12.0 (java windows)
Content-Length: 119
Content-Type: application/json; charset=utf-8
host: localhost:27006
accept: */*

Response DefaultHttpResponse(decodeResult: success, version: HTTP/1.1)
HTTP/1.1 200 OK
Content-Length: 126
Content-Type: application/json; charset=utf-8
cache-control: no-cache

20:14:19.479 [AsyncHttpClient-1-5] DEBUG org.asynchttpclient.netty.channel.ChannelManager - Adding key: http://localhost:27006 for channel [id: 0xc8891c75, L:/127.0.0.1:63262 - R:localhost/127.0.0.1:27006]
20:14:19.481 [Forwarding clickElement on session e0e165e7e2c224913ac290f35d3b0486 to remote] DEBUG org.asynchttpclient.netty.request.NettyRequestSender - Using pooled Channel '[id: 0xc8891c75, L:/127.0.0.1:63262 - R:localhost/127.0.0.1:27006]' for 'POST' to 'http://localhost:27006/session/e0e165e7e2c224913ac290f35d3b0486/element/f.AAC67A4B53EAD77FDEC5F9B37AE79585.d.B0E31EB6BB52842E7F2705E42A0942A1.e.61/click'
20:14:19.481 [Forwarding clickElement on session e0e165e7e2c224913ac290f35d3b0486 to remote] DEBUG org.asynchttpclient.netty.request.NettyRequestSender - Using open Channel [id: 0xc8891c75, L:/127.0.0.1:63262 - R:localhost/127.0.0.1:27006] for POST '/session/e0e165e7e2c224913ac290f35d3b0486/element/f.AAC67A4B53EAD77FDEC5F9B37AE79585.d.B0E31EB6BB52842E7F2705E42A0942A1.e.61/click'
20:14:19.546 [AsyncHttpClient-1-5] DEBUG org.asynchttpclient.netty.handler.HttpHandler - 

Request DefaultHttpRequest(decodeResult: success, version: HTTP/1.1)
POST /session/e0e165e7e2c224913ac290f35d3b0486/element/f.AAC67A4B53EAD77FDEC5F9B37AE79585.d.B0E31EB6BB52842E7F2705E42A0942A1.e.61/click HTTP/1.1
User-Agent: selenium/4.12.0 (java windows)
Content-Length: 88
Content-Type: application/json; charset=utf-8
host: localhost:27006
accept: */*

Response DefaultHttpResponse(decodeResult: success, version: HTTP/1.1)
HTTP/1.1 200 OK
Content-Length: 14
Content-Type: application/json; charset=utf-8
cache-control: no-cache

20:14:19.546 [AsyncHttpClient-1-5] DEBUG org.asynchttpclient.netty.channel.ChannelManager - Adding key: http://localhost:27006 for channel [id: 0xc8891c75, L:/127.0.0.1:63262 - R:localhost/127.0.0.1:27006]
20:14:19.550 [Forwarding findElements on session e0e165e7e2c224913ac290f35d3b0486 to remote] DEBUG org.asynchttpclient.netty.request.NettyRequestSender - Using pooled Channel '[id: 0xc8891c75, L:/127.0.0.1:63262 - R:localhost/127.0.0.1:27006]' for 'POST' to 'http://localhost:27006/session/e0e165e7e2c224913ac290f35d3b0486/elements'
20:14:19.550 [Forwarding findElements on session e0e165e7e2c224913ac290f35d3b0486 to remote] DEBUG org.asynchttpclient.netty.request.NettyRequestSender - Using open Channel [id: 0xc8891c75, L:/127.0.0.1:63262 - R:localhost/127.0.0.1:27006] for POST '/session/e0e165e7e2c224913ac290f35d3b0486/elements'
20:14:19.565 [AsyncHttpClient-1-5] DEBUG org.asynchttpclient.netty.handler.HttpHandler - 

Request DefaultHttpRequest(decodeResult: success, version: HTTP/1.1)
POST /session/e0e165e7e2c224913ac290f35d3b0486/elements HTTP/1.1
User-Agent: selenium/4.12.0 (java windows)
Content-Length: 97
Content-Type: application/json; charset=utf-8
host: localhost:27006
accept: */*

Response DefaultHttpResponse(decodeResult: success, version: HTTP/1.1)
HTTP/1.1 200 OK
Content-Length: 3548
Content-Type: application/json; charset=utf-8
cache-control: no-cache

20:14:19.565 [AsyncHttpClient-1-5] DEBUG org.asynchttpclient.netty.channel.ChannelManager - Adding key: http://localhost:27006 for channel [id: 0xc8891c75, L:/127.0.0.1:63262 - R:localhost/127.0.0.1:27006]
20:14:19.565 [Forwarding findElement on session e0e165e7e2c224913ac290f35d3b0486 to remote] DEBUG org.asynchttpclient.netty.request.NettyRequestSender - Using pooled Channel '[id: 0xc8891c75, L:/127.0.0.1:63262 - R:localhost/127.0.0.1:27006]' for 'POST' to 'http://localhost:27006/session/e0e165e7e2c224913ac290f35d3b0486/element'
20:14:19.565 [Forwarding findElement on session e0e165e7e2c224913ac290f35d3b0486 to remote] DEBUG org.asynchttpclient.netty.request.NettyRequestSender - Using open Channel [id: 0xc8891c75, L:/127.0.0.1:63262 - R:localhost/127.0.0.1:27006] for POST '/session/e0e165e7e2c224913ac290f35d3b0486/element'
20:14:19.575 [AsyncHttpClient-1-5] DEBUG org.asynchttpclient.netty.handler.HttpHandler - 

Request DefaultHttpRequest(decodeResult: success, version: HTTP/1.1)
POST /session/e0e165e7e2c224913ac290f35d3b0486/element HTTP/1.1
User-Agent: selenium/4.12.0 (java windows)
Content-Length: 97
Content-Type: application/json; charset=utf-8
host: localhost:27006
accept: */*

Response DefaultHttpResponse(decodeResult: success, version: HTTP/1.1)
HTTP/1.1 200 OK
Content-Length: 126
Content-Type: application/json; charset=utf-8
cache-control: no-cache

20:14:19.575 [AsyncHttpClient-1-5] DEBUG org.asynchttpclient.netty.channel.ChannelManager - Adding key: http://localhost:27006 for channel [id: 0xc8891c75, L:/127.0.0.1:63262 - R:localhost/127.0.0.1:27006]
20:14:19.575 [Forwarding clickElement on session e0e165e7e2c224913ac290f35d3b0486 to remote] DEBUG org.asynchttpclient.netty.request.NettyRequestSender - Using pooled Channel '[id: 0xc8891c75, L:/127.0.0.1:63262 - R:localhost/127.0.0.1:27006]' for 'POST' to 'http://localhost:27006/session/e0e165e7e2c224913ac290f35d3b0486/element/f.AAC67A4B53EAD77FDEC5F9B37AE79585.d.B0E31EB6BB52842E7F2705E42A0942A1.e.97/click'
20:14:19.575 [Forwarding clickElement on session e0e165e7e2c224913ac290f35d3b0486 to remote] DEBUG org.asynchttpclient.netty.request.NettyRequestSender - Using open Channel [id: 0xc8891c75, L:/127.0.0.1:63262 - R:localhost/127.0.0.1:27006] for POST '/session/e0e165e7e2c224913ac290f35d3b0486/element/f.AAC67A4B53EAD77FDEC5F9B37AE79585.d.B0E31EB6BB52842E7F2705E42A0942A1.e.97/click'
20:14:19.626 [AsyncHttpClient-1-5] DEBUG org.asynchttpclient.netty.handler.HttpHandler - 

Request DefaultHttpRequest(decodeResult: success, version: HTTP/1.1)
POST /session/e0e165e7e2c224913ac290f35d3b0486/element/f.AAC67A4B53EAD77FDEC5F9B37AE79585.d.B0E31EB6BB52842E7F2705E42A0942A1.e.97/click HTTP/1.1
User-Agent: selenium/4.12.0 (java windows)
Content-Length: 88
Content-Type: application/json; charset=utf-8
host: localhost:27006
accept: */*

Response DefaultHttpResponse(decodeResult: success, version: HTTP/1.1)
HTTP/1.1 200 OK
Content-Length: 14
Content-Type: application/json; charset=utf-8
cache-control: no-cache

20:14:19.626 [AsyncHttpClient-1-5] DEBUG org.asynchttpclient.netty.channel.ChannelManager - Adding key: http://localhost:27006 for channel [id: 0xc8891c75, L:/127.0.0.1:63262 - R:localhost/127.0.0.1:27006]
Add first 1
  And Provide billing details NA                                         # StepDefination.My_Load.Provide_billing_details(java.lang.String)
20:14:20.139 [AsyncHttpClient-1-1] DEBUG org.asynchttpclient.netty.channel.DefaultChannelPool - Entry count for : http://localhost:27006 : 1
20:14:20.139 [AsyncHttpClient-1-1] DEBUG org.asynchttpclient.netty.channel.DefaultChannelPool - Entry count for : http://localhost:63264 : 1
20:14:20.156 [Forwarding findElement on session e0e165e7e2c224913ac290f35d3b0486 to remote] DEBUG org.asynchttpclient.netty.request.NettyRequestSender - Using pooled Channel '[id: 0xc8891c75, L:/127.0.0.1:63262 - R:localhost/127.0.0.1:27006]' for 'POST' to 'http://localhost:27006/session/e0e165e7e2c224913ac290f35d3b0486/element'
20:14:20.156 [Forwarding findElement on session e0e165e7e2c224913ac290f35d3b0486 to remote] DEBUG org.asynchttpclient.netty.request.NettyRequestSender - Using open Channel [id: 0xc8891c75, L:/127.0.0.1:63262 - R:localhost/127.0.0.1:27006] for POST '/session/e0e165e7e2c224913ac290f35d3b0486/element'
20:14:20.180 [AsyncHttpClient-1-5] DEBUG org.asynchttpclient.netty.handler.HttpHandler - 

Request DefaultHttpRequest(decodeResult: success, version: HTTP/1.1)
POST /session/e0e165e7e2c224913ac290f35d3b0486/element HTTP/1.1
User-Agent: selenium/4.12.0 (java windows)
Content-Length: 86
Content-Type: application/json; charset=utf-8
host: localhost:27006
accept: */*

Response DefaultHttpResponse(decodeResult: success, version: HTTP/1.1)
HTTP/1.1 200 OK
Content-Length: 126
Content-Type: application/json; charset=utf-8
cache-control: no-cache

20:14:20.180 [AsyncHttpClient-1-5] DEBUG org.asynchttpclient.netty.channel.ChannelManager - Adding key: http://localhost:27006 for channel [id: 0xc8891c75, L:/127.0.0.1:63262 - R:localhost/127.0.0.1:27006]
20:14:20.182 [Forwarding sendKeysToElement on session e0e165e7e2c224913ac290f35d3b0486 to remote] DEBUG org.asynchttpclient.netty.request.NettyRequestSender - Using pooled Channel '[id: 0xc8891c75, L:/127.0.0.1:63262 - R:localhost/127.0.0.1:27006]' for 'POST' to 'http://localhost:27006/session/e0e165e7e2c224913ac290f35d3b0486/element/f.AAC67A4B53EAD77FDEC5F9B37AE79585.d.B0E31EB6BB52842E7F2705E42A0942A1.e.62/value'
20:14:20.182 [Forwarding sendKeysToElement on session e0e165e7e2c224913ac290f35d3b0486 to remote] DEBUG org.asynchttpclient.netty.request.NettyRequestSender - Using open Channel [id: 0xc8891c75, L:/127.0.0.1:63262 - R:localhost/127.0.0.1:27006] for POST '/session/e0e165e7e2c224913ac290f35d3b0486/element/f.AAC67A4B53EAD77FDEC5F9B37AE79585.d.B0E31EB6BB52842E7F2705E42A0942A1.e.62/value'
20:14:20.277 [AsyncHttpClient-1-5] DEBUG org.asynchttpclient.netty.handler.HttpHandler - 

Request DefaultHttpRequest(decodeResult: success, version: HTTP/1.1)
POST /session/e0e165e7e2c224913ac290f35d3b0486/element/f.AAC67A4B53EAD77FDEC5F9B37AE79585.d.B0E31EB6BB52842E7F2705E42A0942A1.e.62/value HTTP/1.1
User-Agent: selenium/4.12.0 (java windows)
Content-Length: 159
Content-Type: application/json; charset=utf-8
host: localhost:27006
accept: */*

Response DefaultHttpResponse(decodeResult: success, version: HTTP/1.1)
HTTP/1.1 200 OK
Content-Length: 14
Content-Type: application/json; charset=utf-8
cache-control: no-cache

20:14:20.277 [AsyncHttpClient-1-5] DEBUG org.asynchttpclient.netty.channel.ChannelManager - Adding key: http://localhost:27006 for channel [id: 0xc8891c75, L:/127.0.0.1:63262 - R:localhost/127.0.0.1:27006]
20:14:20.277 [Forwarding findElement on session e0e165e7e2c224913ac290f35d3b0486 to remote] DEBUG org.asynchttpclient.netty.request.NettyRequestSender - Using pooled Channel '[id: 0xc8891c75, L:/127.0.0.1:63262 - R:localhost/127.0.0.1:27006]' for 'POST' to 'http://localhost:27006/session/e0e165e7e2c224913ac290f35d3b0486/element'
20:14:20.277 [Forwarding findElement on session e0e165e7e2c224913ac290f35d3b0486 to remote] DEBUG org.asynchttpclient.netty.request.NettyRequestSender - Using open Channel [id: 0xc8891c75, L:/127.0.0.1:63262 - R:localhost/127.0.0.1:27006] for POST '/session/e0e165e7e2c224913ac290f35d3b0486/element'
20:14:20.294 [AsyncHttpClient-1-5] DEBUG org.asynchttpclient.netty.handler.HttpHandler - 

Request DefaultHttpRequest(decodeResult: success, version: HTTP/1.1)
POST /session/e0e165e7e2c224913ac290f35d3b0486/element HTTP/1.1
User-Agent: selenium/4.12.0 (java windows)
Content-Length: 96
Content-Type: application/json; charset=utf-8
host: localhost:27006
accept: */*

Response DefaultHttpResponse(decodeResult: success, version: HTTP/1.1)
HTTP/1.1 200 OK
Content-Length: 127
Content-Type: application/json; charset=utf-8
cache-control: no-cache

20:14:20.295 [AsyncHttpClient-1-5] DEBUG org.asynchttpclient.netty.channel.ChannelManager - Adding key: http://localhost:27006 for channel [id: 0xc8891c75, L:/127.0.0.1:63262 - R:localhost/127.0.0.1:27006]
20:14:20.299 [Forwarding actions on session e0e165e7e2c224913ac290f35d3b0486 to remote] DEBUG org.asynchttpclient.netty.request.NettyRequestSender - Using pooled Channel '[id: 0xc8891c75, L:/127.0.0.1:63262 - R:localhost/127.0.0.1:27006]' for 'POST' to 'http://localhost:27006/session/e0e165e7e2c224913ac290f35d3b0486/actions'
20:14:20.299 [Forwarding actions on session e0e165e7e2c224913ac290f35d3b0486 to remote] DEBUG org.asynchttpclient.netty.request.NettyRequestSender - Using open Channel [id: 0xc8891c75, L:/127.0.0.1:63262 - R:localhost/127.0.0.1:27006] for POST '/session/e0e165e7e2c224913ac290f35d3b0486/actions'
20:14:20.471 [AsyncHttpClient-1-5] DEBUG org.asynchttpclient.netty.handler.HttpHandler - 

Request DefaultHttpRequest(decodeResult: success, version: HTTP/1.1)
POST /session/e0e165e7e2c224913ac290f35d3b0486/actions HTTP/1.1
User-Agent: selenium/4.12.0 (java windows)
Content-Length: 606
Content-Type: application/json; charset=utf-8
host: localhost:27006
accept: */*

Response DefaultHttpResponse(decodeResult: success, version: HTTP/1.1)
HTTP/1.1 200 OK
Content-Length: 14
Content-Type: application/json; charset=utf-8
cache-control: no-cache

20:14:20.471 [AsyncHttpClient-1-5] DEBUG org.asynchttpclient.netty.channel.ChannelManager - Adding key: http://localhost:27006 for channel [id: 0xc8891c75, L:/127.0.0.1:63262 - R:localhost/127.0.0.1:27006]
  And Provide multiples_Po_number 1144 1                                 # StepDefination.My_Load.Provide_multiples_Po_number(java.lang.String,int)
20:14:21.238 [AsyncHttpClient-1-1] DEBUG org.asynchttpclient.netty.channel.DefaultChannelPool - Entry count for : http://localhost:27006 : 1
20:14:21.238 [AsyncHttpClient-1-1] DEBUG org.asynchttpclient.netty.channel.DefaultChannelPool - Entry count for : http://localhost:63264 : 1
20:14:21.990 [Forwarding findElement on session e0e165e7e2c224913ac290f35d3b0486 to remote] DEBUG org.asynchttpclient.netty.request.NettyRequestSender - Using pooled Channel '[id: 0xc8891c75, L:/127.0.0.1:63262 - R:localhost/127.0.0.1:27006]' for 'POST' to 'http://localhost:27006/session/e0e165e7e2c224913ac290f35d3b0486/element'
20:14:21.990 [Forwarding findElement on session e0e165e7e2c224913ac290f35d3b0486 to remote] DEBUG org.asynchttpclient.netty.request.NettyRequestSender - Using open Channel [id: 0xc8891c75, L:/127.0.0.1:63262 - R:localhost/127.0.0.1:27006] for POST '/session/e0e165e7e2c224913ac290f35d3b0486/element'
20:14:22.014 [AsyncHttpClient-1-5] DEBUG org.asynchttpclient.netty.handler.HttpHandler - 

Request DefaultHttpRequest(decodeResult: success, version: HTTP/1.1)
POST /session/e0e165e7e2c224913ac290f35d3b0486/element HTTP/1.1
User-Agent: selenium/4.12.0 (java windows)
Content-Length: 130
Content-Type: application/json; charset=utf-8
host: localhost:27006
accept: */*

Response DefaultHttpResponse(decodeResult: success, version: HTTP/1.1)
HTTP/1.1 200 OK
Content-Length: 127
Content-Type: application/json; charset=utf-8
cache-control: no-cache

20:14:22.015 [AsyncHttpClient-1-5] DEBUG org.asynchttpclient.netty.channel.ChannelManager - Adding key: http://localhost:27006 for channel [id: 0xc8891c75, L:/127.0.0.1:63262 - R:localhost/127.0.0.1:27006]
20:14:22.018 [Forwarding clickElement on session e0e165e7e2c224913ac290f35d3b0486 to remote] DEBUG org.asynchttpclient.netty.request.NettyRequestSender - Using pooled Channel '[id: 0xc8891c75, L:/127.0.0.1:63262 - R:localhost/127.0.0.1:27006]' for 'POST' to 'http://localhost:27006/session/e0e165e7e2c224913ac290f35d3b0486/element/f.AAC67A4B53EAD77FDEC5F9B37AE79585.d.B0E31EB6BB52842E7F2705E42A0942A1.e.134/click'
20:14:22.019 [Forwarding clickElement on session e0e165e7e2c224913ac290f35d3b0486 to remote] DEBUG org.asynchttpclient.netty.request.NettyRequestSender - Using open Channel [id: 0xc8891c75, L:/127.0.0.1:63262 - R:localhost/127.0.0.1:27006] for POST '/session/e0e165e7e2c224913ac290f35d3b0486/element/f.AAC67A4B53EAD77FDEC5F9B37AE79585.d.B0E31EB6BB52842E7F2705E42A0942A1.e.134/click'
20:14:22.076 [AsyncHttpClient-1-5] DEBUG org.asynchttpclient.netty.handler.HttpHandler - 

Request DefaultHttpRequest(decodeResult: success, version: HTTP/1.1)
POST /session/e0e165e7e2c224913ac290f35d3b0486/element/f.AAC67A4B53EAD77FDEC5F9B37AE79585.d.B0E31EB6BB52842E7F2705E42A0942A1.e.134/click HTTP/1.1
User-Agent: selenium/4.12.0 (java windows)
Content-Length: 89
Content-Type: application/json; charset=utf-8
host: localhost:27006
accept: */*

Response DefaultHttpResponse(decodeResult: success, version: HTTP/1.1)
HTTP/1.1 200 OK
Content-Length: 14
Content-Type: application/json; charset=utf-8
cache-control: no-cache

20:14:22.076 [AsyncHttpClient-1-5] DEBUG org.asynchttpclient.netty.channel.ChannelManager - Adding key: http://localhost:27006 for channel [id: 0xc8891c75, L:/127.0.0.1:63262 - R:localhost/127.0.0.1:27006]
20:14:22.338 [AsyncHttpClient-1-1] DEBUG org.asynchttpclient.netty.channel.DefaultChannelPool - Entry count for : http://localhost:27006 : 1
20:14:22.339 [AsyncHttpClient-1-1] DEBUG org.asynchttpclient.netty.channel.DefaultChannelPool - Entry count for : http://localhost:63264 : 1
20:14:22.590 [Forwarding findElement on session e0e165e7e2c224913ac290f35d3b0486 to remote] DEBUG org.asynchttpclient.netty.request.NettyRequestSender - Using pooled Channel '[id: 0xc8891c75, L:/127.0.0.1:63262 - R:localhost/127.0.0.1:27006]' for 'POST' to 'http://localhost:27006/session/e0e165e7e2c224913ac290f35d3b0486/element'
20:14:22.591 [Forwarding findElement on session e0e165e7e2c224913ac290f35d3b0486 to remote] DEBUG org.asynchttpclient.netty.request.NettyRequestSender - Using open Channel [id: 0xc8891c75, L:/127.0.0.1:63262 - R:localhost/127.0.0.1:27006] for POST '/session/e0e165e7e2c224913ac290f35d3b0486/element'
20:14:22.617 [AsyncHttpClient-1-5] DEBUG org.asynchttpclient.netty.handler.HttpHandler - 

Request DefaultHttpRequest(decodeResult: success, version: HTTP/1.1)
POST /session/e0e165e7e2c224913ac290f35d3b0486/element HTTP/1.1
User-Agent: selenium/4.12.0 (java windows)
Content-Length: 130
Content-Type: application/json; charset=utf-8
host: localhost:27006
accept: */*

Response DefaultHttpResponse(decodeResult: success, version: HTTP/1.1)
HTTP/1.1 200 OK
Content-Length: 127
Content-Type: application/json; charset=utf-8
cache-control: no-cache

20:14:22.617 [AsyncHttpClient-1-5] DEBUG org.asynchttpclient.netty.channel.ChannelManager - Adding key: http://localhost:27006 for channel [id: 0xc8891c75, L:/127.0.0.1:63262 - R:localhost/127.0.0.1:27006]
20:14:22.620 [Forwarding clickElement on session e0e165e7e2c224913ac290f35d3b0486 to remote] DEBUG org.asynchttpclient.netty.request.NettyRequestSender - Using pooled Channel '[id: 0xc8891c75, L:/127.0.0.1:63262 - R:localhost/127.0.0.1:27006]' for 'POST' to 'http://localhost:27006/session/e0e165e7e2c224913ac290f35d3b0486/element/f.AAC67A4B53EAD77FDEC5F9B37AE79585.d.B0E31EB6BB52842E7F2705E42A0942A1.e.138/click'
20:14:22.620 [Forwarding clickElement on session e0e165e7e2c224913ac290f35d3b0486 to remote] DEBUG org.asynchttpclient.netty.request.NettyRequestSender - Using open Channel [id: 0xc8891c75, L:/127.0.0.1:63262 - R:localhost/127.0.0.1:27006] for POST '/session/e0e165e7e2c224913ac290f35d3b0486/element/f.AAC67A4B53EAD77FDEC5F9B37AE79585.d.B0E31EB6BB52842E7F2705E42A0942A1.e.138/click'
20:14:22.689 [AsyncHttpClient-1-5] DEBUG org.asynchttpclient.netty.handler.HttpHandler - 

Request DefaultHttpRequest(decodeResult: success, version: HTTP/1.1)
POST /session/e0e165e7e2c224913ac290f35d3b0486/element/f.AAC67A4B53EAD77FDEC5F9B37AE79585.d.B0E31EB6BB52842E7F2705E42A0942A1.e.138/click HTTP/1.1
User-Agent: selenium/4.12.0 (java windows)
Content-Length: 89
Content-Type: application/json; charset=utf-8
host: localhost:27006
accept: */*

Response DefaultHttpResponse(decodeResult: success, version: HTTP/1.1)
HTTP/1.1 200 OK
Content-Length: 14
Content-Type: application/json; charset=utf-8
cache-control: no-cache

20:14:22.689 [AsyncHttpClient-1-5] DEBUG org.asynchttpclient.netty.channel.ChannelManager - Adding key: http://localhost:27006 for channel [id: 0xc8891c75, L:/127.0.0.1:63262 - R:localhost/127.0.0.1:27006]
20:14:23.205 [Forwarding findElement on session e0e165e7e2c224913ac290f35d3b0486 to remote] DEBUG org.asynchttpclient.netty.request.NettyRequestSender - Using pooled Channel '[id: 0xc8891c75, L:/127.0.0.1:63262 - R:localhost/127.0.0.1:27006]' for 'POST' to 'http://localhost:27006/session/e0e165e7e2c224913ac290f35d3b0486/element'
20:14:23.205 [Forwarding findElement on session e0e165e7e2c224913ac290f35d3b0486 to remote] DEBUG org.asynchttpclient.netty.request.NettyRequestSender - Using open Channel [id: 0xc8891c75, L:/127.0.0.1:63262 - R:localhost/127.0.0.1:27006] for POST '/session/e0e165e7e2c224913ac290f35d3b0486/element'
20:14:23.233 [AsyncHttpClient-1-5] DEBUG org.asynchttpclient.netty.handler.HttpHandler - 

Request DefaultHttpRequest(decodeResult: success, version: HTTP/1.1)
POST /session/e0e165e7e2c224913ac290f35d3b0486/element HTTP/1.1
User-Agent: selenium/4.12.0 (java windows)
Content-Length: 130
Content-Type: application/json; charset=utf-8
host: localhost:27006
accept: */*

Response DefaultHttpResponse(decodeResult: success, version: HTTP/1.1)
HTTP/1.1 200 OK
Content-Length: 127
Content-Type: application/json; charset=utf-8
cache-control: no-cache

20:14:23.234 [AsyncHttpClient-1-5] DEBUG org.asynchttpclient.netty.channel.ChannelManager - Adding key: http://localhost:27006 for channel [id: 0xc8891c75, L:/127.0.0.1:63262 - R:localhost/127.0.0.1:27006]
20:14:23.235 [Forwarding clickElement on session e0e165e7e2c224913ac290f35d3b0486 to remote] DEBUG org.asynchttpclient.netty.request.NettyRequestSender - Using pooled Channel '[id: 0xc8891c75, L:/127.0.0.1:63262 - R:localhost/127.0.0.1:27006]' for 'POST' to 'http://localhost:27006/session/e0e165e7e2c224913ac290f35d3b0486/element/f.AAC67A4B53EAD77FDEC5F9B37AE79585.d.B0E31EB6BB52842E7F2705E42A0942A1.e.138/click'
20:14:23.235 [Forwarding clickElement on session e0e165e7e2c224913ac290f35d3b0486 to remote] DEBUG org.asynchttpclient.netty.request.NettyRequestSender - Using open Channel [id: 0xc8891c75, L:/127.0.0.1:63262 - R:localhost/127.0.0.1:27006] for POST '/session/e0e165e7e2c224913ac290f35d3b0486/element/f.AAC67A4B53EAD77FDEC5F9B37AE79585.d.B0E31EB6BB52842E7F2705E42A0942A1.e.138/click'
20:14:23.308 [AsyncHttpClient-1-5] DEBUG org.asynchttpclient.netty.handler.HttpHandler - 

Request DefaultHttpRequest(decodeResult: success, version: HTTP/1.1)
POST /session/e0e165e7e2c224913ac290f35d3b0486/element/f.AAC67A4B53EAD77FDEC5F9B37AE79585.d.B0E31EB6BB52842E7F2705E42A0942A1.e.138/click HTTP/1.1
User-Agent: selenium/4.12.0 (java windows)
Content-Length: 89
Content-Type: application/json; charset=utf-8
host: localhost:27006
accept: */*

Response DefaultHttpResponse(decodeResult: success, version: HTTP/1.1)
HTTP/1.1 200 OK
Content-Length: 14
Content-Type: application/json; charset=utf-8
cache-control: no-cache

20:14:23.309 [AsyncHttpClient-1-5] DEBUG org.asynchttpclient.netty.channel.ChannelManager - Adding key: http://localhost:27006 for channel [id: 0xc8891c75, L:/127.0.0.1:63262 - R:localhost/127.0.0.1:27006]
20:14:23.438 [AsyncHttpClient-1-1] DEBUG org.asynchttpclient.netty.channel.DefaultChannelPool - Entry count for : http://localhost:27006 : 1
20:14:23.438 [AsyncHttpClient-1-1] DEBUG org.asynchttpclient.netty.channel.DefaultChannelPool - Entry count for : http://localhost:63264 : 1
20:14:23.822 [Forwarding findElement on session e0e165e7e2c224913ac290f35d3b0486 to remote] DEBUG org.asynchttpclient.netty.request.NettyRequestSender - Using pooled Channel '[id: 0xc8891c75, L:/127.0.0.1:63262 - R:localhost/127.0.0.1:27006]' for 'POST' to 'http://localhost:27006/session/e0e165e7e2c224913ac290f35d3b0486/element'
20:14:23.824 [Forwarding findElement on session e0e165e7e2c224913ac290f35d3b0486 to remote] DEBUG org.asynchttpclient.netty.request.NettyRequestSender - Using open Channel [id: 0xc8891c75, L:/127.0.0.1:63262 - R:localhost/127.0.0.1:27006] for POST '/session/e0e165e7e2c224913ac290f35d3b0486/element'
20:14:23.843 [AsyncHttpClient-1-5] DEBUG org.asynchttpclient.netty.handler.HttpHandler - 

Request DefaultHttpRequest(decodeResult: success, version: HTTP/1.1)
POST /session/e0e165e7e2c224913ac290f35d3b0486/element HTTP/1.1
User-Agent: selenium/4.12.0 (java windows)
Content-Length: 130
Content-Type: application/json; charset=utf-8
host: localhost:27006
accept: */*

Response DefaultHttpResponse(decodeResult: success, version: HTTP/1.1)
HTTP/1.1 200 OK
Content-Length: 127
Content-Type: application/json; charset=utf-8
cache-control: no-cache

20:14:23.844 [AsyncHttpClient-1-5] DEBUG org.asynchttpclient.netty.channel.ChannelManager - Adding key: http://localhost:27006 for channel [id: 0xc8891c75, L:/127.0.0.1:63262 - R:localhost/127.0.0.1:27006]
20:14:23.847 [Forwarding clickElement on session e0e165e7e2c224913ac290f35d3b0486 to remote] DEBUG org.asynchttpclient.netty.request.NettyRequestSender - Using pooled Channel '[id: 0xc8891c75, L:/127.0.0.1:63262 - R:localhost/127.0.0.1:27006]' for 'POST' to 'http://localhost:27006/session/e0e165e7e2c224913ac290f35d3b0486/element/f.AAC67A4B53EAD77FDEC5F9B37AE79585.d.B0E31EB6BB52842E7F2705E42A0942A1.e.138/click'
20:14:23.847 [Forwarding clickElement on session e0e165e7e2c224913ac290f35d3b0486 to remote] DEBUG org.asynchttpclient.netty.request.NettyRequestSender - Using open Channel [id: 0xc8891c75, L:/127.0.0.1:63262 - R:localhost/127.0.0.1:27006] for POST '/session/e0e165e7e2c224913ac290f35d3b0486/element/f.AAC67A4B53EAD77FDEC5F9B37AE79585.d.B0E31EB6BB52842E7F2705E42A0942A1.e.138/click'
20:14:23.909 [AsyncHttpClient-1-5] DEBUG org.asynchttpclient.netty.handler.HttpHandler - 

Request DefaultHttpRequest(decodeResult: success, version: HTTP/1.1)
POST /session/e0e165e7e2c224913ac290f35d3b0486/element/f.AAC67A4B53EAD77FDEC5F9B37AE79585.d.B0E31EB6BB52842E7F2705E42A0942A1.e.138/click HTTP/1.1
User-Agent: selenium/4.12.0 (java windows)
Content-Length: 89
Content-Type: application/json; charset=utf-8
host: localhost:27006
accept: */*

Response DefaultHttpResponse(decodeResult: success, version: HTTP/1.1)
HTTP/1.1 200 OK
Content-Length: 14
Content-Type: application/json; charset=utf-8
cache-control: no-cache

20:14:23.909 [AsyncHttpClient-1-5] DEBUG org.asynchttpclient.netty.channel.ChannelManager - Adding key: http://localhost:27006 for channel [id: 0xc8891c75, L:/127.0.0.1:63262 - R:localhost/127.0.0.1:27006]
  And Delete_Po_number 1                                                 # StepDefination.My_Load.Provide_Po_number(java.lang.String)
20:14:24.421 [Forwarding findElement on session e0e165e7e2c224913ac290f35d3b0486 to remote] DEBUG org.asynchttpclient.netty.request.NettyRequestSender - Using pooled Channel '[id: 0xc8891c75, L:/127.0.0.1:63262 - R:localhost/127.0.0.1:27006]' for 'POST' to 'http://localhost:27006/session/e0e165e7e2c224913ac290f35d3b0486/element'
20:14:24.421 [Forwarding findElement on session e0e165e7e2c224913ac290f35d3b0486 to remote] DEBUG org.asynchttpclient.netty.request.NettyRequestSender - Using open Channel [id: 0xc8891c75, L:/127.0.0.1:63262 - R:localhost/127.0.0.1:27006] for POST '/session/e0e165e7e2c224913ac290f35d3b0486/element'
20:14:24.442 [AsyncHttpClient-1-5] DEBUG org.asynchttpclient.netty.handler.HttpHandler - 

Request DefaultHttpRequest(decodeResult: success, version: HTTP/1.1)
POST /session/e0e165e7e2c224913ac290f35d3b0486/element HTTP/1.1
User-Agent: selenium/4.12.0 (java windows)
Content-Length: 98
Content-Type: application/json; charset=utf-8
host: localhost:27006
accept: */*

Response DefaultHttpResponse(decodeResult: success, version: HTTP/1.1)
HTTP/1.1 200 OK
Content-Length: 126
Content-Type: application/json; charset=utf-8
cache-control: no-cache

20:14:24.442 [AsyncHttpClient-1-5] DEBUG org.asynchttpclient.netty.channel.ChannelManager - Adding key: http://localhost:27006 for channel [id: 0xc8891c75, L:/127.0.0.1:63262 - R:localhost/127.0.0.1:27006]
20:14:24.444 [Forwarding sendKeysToElement on session e0e165e7e2c224913ac290f35d3b0486 to remote] DEBUG org.asynchttpclient.netty.request.NettyRequestSender - Using pooled Channel '[id: 0xc8891c75, L:/127.0.0.1:63262 - R:localhost/127.0.0.1:27006]' for 'POST' to 'http://localhost:27006/session/e0e165e7e2c224913ac290f35d3b0486/element/f.AAC67A4B53EAD77FDEC5F9B37AE79585.d.B0E31EB6BB52842E7F2705E42A0942A1.e.63/value'
20:14:24.444 [Forwarding sendKeysToElement on session e0e165e7e2c224913ac290f35d3b0486 to remote] DEBUG org.asynchttpclient.netty.request.NettyRequestSender - Using open Channel [id: 0xc8891c75, L:/127.0.0.1:63262 - R:localhost/127.0.0.1:27006] for POST '/session/e0e165e7e2c224913ac290f35d3b0486/element/f.AAC67A4B53EAD77FDEC5F9B37AE79585.d.B0E31EB6BB52842E7F2705E42A0942A1.e.63/value'
20:14:24.521 [AsyncHttpClient-1-5] DEBUG org.asynchttpclient.netty.handler.HttpHandler - 

Request DefaultHttpRequest(decodeResult: success, version: HTTP/1.1)
POST /session/e0e165e7e2c224913ac290f35d3b0486/element/f.AAC67A4B53EAD77FDEC5F9B37AE79585.d.B0E31EB6BB52842E7F2705E42A0942A1.e.63/value HTTP/1.1
User-Agent: selenium/4.12.0 (java windows)
Content-Length: 169
Content-Type: application/json; charset=utf-8
host: localhost:27006
accept: */*

Response DefaultHttpResponse(decodeResult: success, version: HTTP/1.1)
HTTP/1.1 200 OK
Content-Length: 14
Content-Type: application/json; charset=utf-8
cache-control: no-cache

20:14:24.521 [AsyncHttpClient-1-5] DEBUG org.asynchttpclient.netty.channel.ChannelManager - Adding key: http://localhost:27006 for channel [id: 0xc8891c75, L:/127.0.0.1:63262 - R:localhost/127.0.0.1:27006]
  And Provide order_number 23142                                         # StepDefination.My_Load.Provide_order_number(java.lang.String)
20:14:24.536 [AsyncHttpClient-1-1] DEBUG org.asynchttpclient.netty.channel.DefaultChannelPool - Entry count for : http://localhost:27006 : 1
20:14:24.536 [AsyncHttpClient-1-1] DEBUG org.asynchttpclient.netty.channel.DefaultChannelPool - Entry count for : http://localhost:63264 : 1
20:14:25.040 [Forwarding findElement on session e0e165e7e2c224913ac290f35d3b0486 to remote] DEBUG org.asynchttpclient.netty.request.NettyRequestSender - Using pooled Channel '[id: 0xc8891c75, L:/127.0.0.1:63262 - R:localhost/127.0.0.1:27006]' for 'POST' to 'http://localhost:27006/session/e0e165e7e2c224913ac290f35d3b0486/element'
20:14:25.040 [Forwarding findElement on session e0e165e7e2c224913ac290f35d3b0486 to remote] DEBUG org.asynchttpclient.netty.request.NettyRequestSender - Using open Channel [id: 0xc8891c75, L:/127.0.0.1:63262 - R:localhost/127.0.0.1:27006] for POST '/session/e0e165e7e2c224913ac290f35d3b0486/element'
20:14:25.056 [AsyncHttpClient-1-5] DEBUG org.asynchttpclient.netty.handler.HttpHandler - 

Request DefaultHttpRequest(decodeResult: success, version: HTTP/1.1)
POST /session/e0e165e7e2c224913ac290f35d3b0486/element HTTP/1.1
User-Agent: selenium/4.12.0 (java windows)
Content-Length: 78
Content-Type: application/json; charset=utf-8
host: localhost:27006
accept: */*

Response DefaultHttpResponse(decodeResult: success, version: HTTP/1.1)
HTTP/1.1 200 OK
Content-Length: 126
Content-Type: application/json; charset=utf-8
cache-control: no-cache

20:14:25.056 [AsyncHttpClient-1-5] DEBUG org.asynchttpclient.netty.channel.ChannelManager - Adding key: http://localhost:27006 for channel [id: 0xc8891c75, L:/127.0.0.1:63262 - R:localhost/127.0.0.1:27006]
20:14:25.074 [Forwarding actions on session e0e165e7e2c224913ac290f35d3b0486 to remote] DEBUG org.asynchttpclient.netty.request.NettyRequestSender - Using pooled Channel '[id: 0xc8891c75, L:/127.0.0.1:63262 - R:localhost/127.0.0.1:27006]' for 'POST' to 'http://localhost:27006/session/e0e165e7e2c224913ac290f35d3b0486/actions'
20:14:25.074 [Forwarding actions on session e0e165e7e2c224913ac290f35d3b0486 to remote] DEBUG org.asynchttpclient.netty.request.NettyRequestSender - Using open Channel [id: 0xc8891c75, L:/127.0.0.1:63262 - R:localhost/127.0.0.1:27006] for POST '/session/e0e165e7e2c224913ac290f35d3b0486/actions'
20:14:25.258 [AsyncHttpClient-1-5] DEBUG org.asynchttpclient.netty.handler.HttpHandler - 

Request DefaultHttpRequest(decodeResult: success, version: HTTP/1.1)
POST /session/e0e165e7e2c224913ac290f35d3b0486/actions HTTP/1.1
User-Agent: selenium/4.12.0 (java windows)
Content-Length: 605
Content-Type: application/json; charset=utf-8
host: localhost:27006
accept: */*

Response DefaultHttpResponse(decodeResult: success, version: HTTP/1.1)
HTTP/1.1 200 OK
Content-Length: 14
Content-Type: application/json; charset=utf-8
cache-control: no-cache

20:14:25.258 [AsyncHttpClient-1-5] DEBUG org.asynchttpclient.netty.channel.ChannelManager - Adding key: http://localhost:27006 for channel [id: 0xc8891c75, L:/127.0.0.1:63262 - R:localhost/127.0.0.1:27006]
  And Provide perticuler shipping Fast Shipping                          # StepDefination.My_Load.Provide_shipping_type(java.lang.String)
20:14:25.637 [AsyncHttpClient-1-1] DEBUG org.asynchttpclient.netty.channel.DefaultChannelPool - Entry count for : http://localhost:27006 : 1
20:14:25.637 [AsyncHttpClient-1-1] DEBUG org.asynchttpclient.netty.channel.DefaultChannelPool - Entry count for : http://localhost:63264 : 1
20:14:25.772 [Forwarding findElement on session e0e165e7e2c224913ac290f35d3b0486 to remote] DEBUG org.asynchttpclient.netty.request.NettyRequestSender - Using pooled Channel '[id: 0xc8891c75, L:/127.0.0.1:63262 - R:localhost/127.0.0.1:27006]' for 'POST' to 'http://localhost:27006/session/e0e165e7e2c224913ac290f35d3b0486/element'
20:14:25.773 [Forwarding findElement on session e0e165e7e2c224913ac290f35d3b0486 to remote] DEBUG org.asynchttpclient.netty.request.NettyRequestSender - Using open Channel [id: 0xc8891c75, L:/127.0.0.1:63262 - R:localhost/127.0.0.1:27006] for POST '/session/e0e165e7e2c224913ac290f35d3b0486/element'
20:14:25.805 [AsyncHttpClient-1-5] DEBUG org.asynchttpclient.netty.handler.HttpHandler - 

Request DefaultHttpRequest(decodeResult: success, version: HTTP/1.1)
POST /session/e0e165e7e2c224913ac290f35d3b0486/element HTTP/1.1
User-Agent: selenium/4.12.0 (java windows)
Content-Length: 86
Content-Type: application/json; charset=utf-8
host: localhost:27006
accept: */*

Response DefaultHttpResponse(decodeResult: success, version: HTTP/1.1)
HTTP/1.1 200 OK
Content-Length: 127
Content-Type: application/json; charset=utf-8
cache-control: no-cache

20:14:25.806 [AsyncHttpClient-1-5] DEBUG org.asynchttpclient.netty.channel.ChannelManager - Adding key: http://localhost:27006 for channel [id: 0xc8891c75, L:/127.0.0.1:63262 - R:localhost/127.0.0.1:27006]
20:14:25.809 [Forwarding clickElement on session e0e165e7e2c224913ac290f35d3b0486 to remote] DEBUG org.asynchttpclient.netty.request.NettyRequestSender - Using pooled Channel '[id: 0xc8891c75, L:/127.0.0.1:63262 - R:localhost/127.0.0.1:27006]' for 'POST' to 'http://localhost:27006/session/e0e165e7e2c224913ac290f35d3b0486/element/f.AAC67A4B53EAD77FDEC5F9B37AE79585.d.B0E31EB6BB52842E7F2705E42A0942A1.e.145/click'
20:14:25.809 [Forwarding clickElement on session e0e165e7e2c224913ac290f35d3b0486 to remote] DEBUG org.asynchttpclient.netty.request.NettyRequestSender - Using open Channel [id: 0xc8891c75, L:/127.0.0.1:63262 - R:localhost/127.0.0.1:27006] for POST '/session/e0e165e7e2c224913ac290f35d3b0486/element/f.AAC67A4B53EAD77FDEC5F9B37AE79585.d.B0E31EB6BB52842E7F2705E42A0942A1.e.145/click'
20:14:25.949 [AsyncHttpClient-1-5] DEBUG org.asynchttpclient.netty.handler.HttpHandler - 

Request DefaultHttpRequest(decodeResult: success, version: HTTP/1.1)
POST /session/e0e165e7e2c224913ac290f35d3b0486/element/f.AAC67A4B53EAD77FDEC5F9B37AE79585.d.B0E31EB6BB52842E7F2705E42A0942A1.e.145/click HTTP/1.1
User-Agent: selenium/4.12.0 (java windows)
Content-Length: 89
Content-Type: application/json; charset=utf-8
host: localhost:27006
accept: */*

Response DefaultHttpResponse(decodeResult: success, version: HTTP/1.1)
HTTP/1.1 200 OK
Content-Length: 14
Content-Type: application/json; charset=utf-8
cache-control: no-cache

20:14:25.949 [AsyncHttpClient-1-5] DEBUG org.asynchttpclient.netty.channel.ChannelManager - Adding key: http://localhost:27006 for channel [id: 0xc8891c75, L:/127.0.0.1:63262 - R:localhost/127.0.0.1:27006]
  When Tap on submit button                                              # StepDefination.My_Load.Submit_form()
20:14:25.949 [Forwarding findElement on session e0e165e7e2c224913ac290f35d3b0486 to remote] DEBUG org.asynchttpclient.netty.request.NettyRequestSender - Using pooled Channel '[id: 0xc8891c75, L:/127.0.0.1:63262 - R:localhost/127.0.0.1:27006]' for 'POST' to 'http://localhost:27006/session/e0e165e7e2c224913ac290f35d3b0486/element'
20:14:25.949 [Forwarding findElement on session e0e165e7e2c224913ac290f35d3b0486 to remote] DEBUG org.asynchttpclient.netty.request.NettyRequestSender - Using open Channel [id: 0xc8891c75, L:/127.0.0.1:63262 - R:localhost/127.0.0.1:27006] for POST '/session/e0e165e7e2c224913ac290f35d3b0486/element'
20:14:25.970 [AsyncHttpClient-1-5] DEBUG org.asynchttpclient.netty.handler.HttpHandler - 

Request DefaultHttpRequest(decodeResult: success, version: HTTP/1.1)
POST /session/e0e165e7e2c224913ac290f35d3b0486/element HTTP/1.1
User-Agent: selenium/4.12.0 (java windows)
Content-Length: 84
Content-Type: application/json; charset=utf-8
host: localhost:27006
accept: */*

Response DefaultHttpResponse(decodeResult: success, version: HTTP/1.1)
HTTP/1.1 200 OK
Content-Length: 127
Content-Type: application/json; charset=utf-8
cache-control: no-cache

20:14:25.970 [AsyncHttpClient-1-5] DEBUG org.asynchttpclient.netty.channel.ChannelManager - Adding key: http://localhost:27006 for channel [id: 0xc8891c75, L:/127.0.0.1:63262 - R:localhost/127.0.0.1:27006]
20:14:25.973 [Forwarding isElementDisplayed on session e0e165e7e2c224913ac290f35d3b0486 to remote] DEBUG org.asynchttpclient.netty.request.NettyRequestSender - Using pooled Channel '[id: 0xc8891c75, L:/127.0.0.1:63262 - R:localhost/127.0.0.1:27006]' for 'POST' to 'http://localhost:27006/session/e0e165e7e2c224913ac290f35d3b0486/execute/sync'
20:14:25.973 [Forwarding isElementDisplayed on session e0e165e7e2c224913ac290f35d3b0486 to remote] DEBUG org.asynchttpclient.netty.request.NettyRequestSender - Using open Channel [id: 0xc8891c75, L:/127.0.0.1:63262 - R:localhost/127.0.0.1:27006] for POST '/session/e0e165e7e2c224913ac290f35d3b0486/execute/sync'
20:14:26.006 [AsyncHttpClient-1-5] DEBUG org.asynchttpclient.netty.handler.HttpHandler - 

Request DefaultHttpRequest(decodeResult: success, version: HTTP/1.1)
POST /session/e0e165e7e2c224913ac290f35d3b0486/execute/sync HTTP/1.1
User-Agent: selenium/4.12.0 (java windows)
Content-Length: 48735
Content-Type: application/json; charset=utf-8
host: localhost:27006
accept: */*

Response DefaultHttpResponse(decodeResult: success, version: HTTP/1.1)
HTTP/1.1 200 OK
Content-Length: 14
Content-Type: application/json; charset=utf-8
cache-control: no-cache

20:14:26.006 [AsyncHttpClient-1-5] DEBUG org.asynchttpclient.netty.channel.ChannelManager - Adding key: http://localhost:27006 for channel [id: 0xc8891c75, L:/127.0.0.1:63262 - R:localhost/127.0.0.1:27006]
Display the error response when user not provide po number 
  Then Display the error response on PO number PO Number is required     # StepDefination.My_Load.verify_PO_Number(java.lang.String)
20:14:26.006 [AsyncHttpClient-1-7] DEBUG org.asynchttpclient.netty.handler.WebSocketHandler - Channel Closed: [id: 0x9c8defc0, L:/127.0.0.1:63271 ! R:localhost/127.0.0.1:63264] with attribute DISCARD
20:14:26.006 [Driver Command Executor] DEBUG org.asynchttpclient.netty.request.NettyRequestSender - Using pooled Channel '[id: 0xc8891c75, L:/127.0.0.1:63262 - R:localhost/127.0.0.1:27006]' for 'DELETE' to 'http://localhost:27006/session/e0e165e7e2c224913ac290f35d3b0486'
20:14:26.006 [Driver Command Executor] DEBUG org.asynchttpclient.netty.request.NettyRequestSender - Using open Channel [id: 0xc8891c75, L:/127.0.0.1:63262 - R:localhost/127.0.0.1:27006] for DELETE '/session/e0e165e7e2c224913ac290f35d3b0486'
20:14:26.071 [AsyncHttpClient-1-6] DEBUG org.asynchttpclient.netty.handler.HttpHandler - Unexpected I/O exception on channel [id: 0x6cbb815f, L:/127.0.0.1:63270 - R:localhost/127.0.0.1:63264]
java.net.SocketException: Connection reset
	at java.base/sun.nio.ch.SocketChannelImpl.throwConnectionReset(SocketChannelImpl.java:394)
	at java.base/sun.nio.ch.SocketChannelImpl.read(SocketChannelImpl.java:426)
	at io.netty.buffer.PooledByteBuf.setBytes(PooledByteBuf.java:254)
	at io.netty.buffer.AbstractByteBuf.writeBytes(AbstractByteBuf.java:1132)
	at io.netty.buffer.WrappedByteBuf.writeBytes(WrappedByteBuf.java:821)
	at io.netty.channel.socket.nio.NioSocketChannel.doReadBytes(NioSocketChannel.java:357)
	at io.netty.channel.nio.AbstractNioByteChannel$NioByteUnsafe.read(AbstractNioByteChannel.java:151)
	at io.netty.channel.nio.NioEventLoop.processSelectedKey(NioEventLoop.java:788)
	at io.netty.channel.nio.NioEventLoop.processSelectedKeysOptimized(NioEventLoop.java:724)
	at io.netty.channel.nio.NioEventLoop.processSelectedKeys(NioEventLoop.java:650)
	at io.netty.channel.nio.NioEventLoop.run(NioEventLoop.java:562)
	at io.netty.util.concurrent.SingleThreadEventExecutor$4.run(SingleThreadEventExecutor.java:997)
	at io.netty.util.internal.ThreadExecutorMap$2.run(ThreadExecutorMap.java:74)
	at io.netty.util.concurrent.FastThreadLocalRunnable.run(FastThreadLocalRunnable.java:30)
	at java.base/java.lang.Thread.run(Thread.java:840)
20:14:26.071 [AsyncHttpClient-1-6] DEBUG org.asynchttpclient.netty.channel.ChannelManager - Closing Channel [id: 0x6cbb815f, L:/127.0.0.1:63270 - R:localhost/127.0.0.1:63264] 
20:14:26.071 [AsyncHttpClient-1-6] DEBUG org.asynchttpclient.netty.handler.HttpHandler - Channel Closed: [id: 0x6cbb815f, L:/127.0.0.1:63270 ! R:localhost/127.0.0.1:63264] with attribute DISCARD
20:14:26.118 [AsyncHttpClient-1-5] DEBUG org.asynchttpclient.netty.handler.HttpHandler - 

Request DefaultFullHttpRequest(decodeResult: success, version: HTTP/1.1, content: EmptyByteBufBE)
DELETE /session/e0e165e7e2c224913ac290f35d3b0486 HTTP/1.1
User-Agent: selenium/4.12.0 (java windows)
Content-Type: application/json; charset=utf-8
host: localhost:27006
accept: */*

Response DefaultHttpResponse(decodeResult: success, version: HTTP/1.1)
HTTP/1.1 200 OK
Content-Length: 14
Content-Type: application/json; charset=utf-8
cache-control: no-cache

20:14:26.118 [AsyncHttpClient-1-5] DEBUG org.asynchttpclient.netty.channel.ChannelManager - Adding key: http://localhost:27006 for channel [id: 0xc8891c75, L:/127.0.0.1:63262 - R:localhost/127.0.0.1:27006]
20:14:26.543 [AsyncHttpClient-1-5] DEBUG org.asynchttpclient.netty.handler.HttpHandler - Channel Closed: [id: 0xc8891c75, L:/127.0.0.1:63262 ! R:localhost/127.0.0.1:27006] with attribute DISCARD
]]></system-out>
    <system-err><![CDATA[Jan 18, 2025 8:14:04 PM org.openqa.selenium.devtools.CdpVersionFinder findNearestMatch
WARNING: Unable to find CDP implementation matching 131
Jan 18, 2025 8:14:04 PM org.openqa.selenium.chromium.ChromiumDriver lambda$new$5
WARNING: Unable to find version of CDP to use for 131.0.6778.265. You may need to include a dependency on a specific version of the CDP using something similar to `org.seleniumhq.selenium:selenium-devtools-v86:4.12.0` where the version ("v86") matches the version of the chromium-based browser you're using and the version number of the artifact is the same as Selenium's.
]]></system-err>
  </testcase>
  <testcase name="In Carrier Add single customer with company name and address" classname="Carrier Customer Onboarding" time="22.444">
    <error message="Cannot invoke &quot;org.openqa.selenium.WebDriver.quit()&quot; because &quot;this.Idriver&quot; is null" type="java.lang.NullPointerException"><![CDATA[java.lang.NullPointerException: Cannot invoke "org.openqa.selenium.WebDriver.quit()" because "this.Idriver" is null
	at PageObjects.Base_class.close_window(Base_class.java:52)
	at StepDefination.Signin.close_window(Signin.java:119)
	at StepDefination.My_Load.AfterAll(My_Load.java:144)
]]></error>
    <system-out><![CDATA[
Scenario Outline: In Carrier Add single customer with company name and address # src/test/resources/Customers/Carrier_Customer_Onboarding.feature:17
20:14:26.731 [AsyncHttpClient-1-1] DEBUG org.asynchttpclient.netty.channel.DefaultChannelPool - Entry count for : http://localhost:27006 : 1
20:14:26.731 [AsyncHttpClient-1-1] DEBUG org.asynchttpclient.netty.channel.DefaultChannelPool - Entry count for : http://localhost:63264 : 1
20:14:26.731 [AsyncHttpClient-1-1] DEBUG org.asynchttpclient.netty.channel.DefaultChannelPool - Adding Candidate expired Channel [id: 0xc8891c75, L:/127.0.0.1:63262 ! R:localhost/127.0.0.1:27006] isIdleTimeoutExpired=false isRemotelyClosed=true isTtlExpired=false
20:14:26.731 [AsyncHttpClient-1-1] DEBUG org.asynchttpclient.netty.channel.DefaultChannelPool - Closing Idle Channel [id: 0xc8891c75, L:/127.0.0.1:63262 ! R:localhost/127.0.0.1:27006]
20:14:26.731 [AsyncHttpClient-1-1] DEBUG org.asynchttpclient.netty.channel.DefaultChannelPool - Adding Candidate expired Channel [id: 0x6cbb815f, L:/127.0.0.1:63270 ! R:localhost/127.0.0.1:63264] isIdleTimeoutExpired=false isRemotelyClosed=true isTtlExpired=false
20:14:26.731 [AsyncHttpClient-1-1] DEBUG org.asynchttpclient.netty.channel.DefaultChannelPool - Closing Idle Channel [id: 0x6cbb815f, L:/127.0.0.1:63270 ! R:localhost/127.0.0.1:63264]
20:14:26.731 [AsyncHttpClient-1-1] DEBUG org.asynchttpclient.netty.channel.DefaultChannelPool - Closed 2 connections out of 2 in 0 ms
20:14:26.982 [AsyncHttpClient-1-8] DEBUG org.asynchttpclient.netty.channel.NettyConnectListener - Using new Channel '[id: 0x77c863ec, L:/127.0.0.1:63308 - R:localhost/127.0.0.1:24422]' for 'POST' to '/session'
20:14:27.680 [AsyncHttpClient-1-8] DEBUG org.asynchttpclient.netty.handler.HttpHandler - 

Request DefaultHttpRequest(decodeResult: success, version: HTTP/1.1)
POST /session HTTP/1.1
User-Agent: selenium/4.12.0 (java windows)
Content-Length: 254
Content-Type: application/json; charset=utf-8
host: localhost:24422
accept: */*

Response DefaultHttpResponse(decodeResult: success, version: HTTP/1.1)
HTTP/1.1 200 OK
Content-Length: 888
Content-Type: application/json; charset=utf-8
cache-control: no-cache

20:14:27.680 [AsyncHttpClient-1-8] DEBUG org.asynchttpclient.netty.channel.ChannelManager - Adding key: http://localhost:24422 for channel [id: 0x77c863ec, L:/127.0.0.1:63308 - R:localhost/127.0.0.1:24422]
20:14:27.694 [AsyncHttpClient-1-9] DEBUG org.asynchttpclient.netty.channel.NettyConnectListener - Using new Channel '[id: 0xf657233c, L:/127.0.0.1:63315 - R:localhost/127.0.0.1:63309]' for 'GET' to '/json/version'
20:14:27.697 [AsyncHttpClient-1-9] DEBUG org.asynchttpclient.netty.handler.HttpHandler - 

Request DefaultFullHttpRequest(decodeResult: success, version: HTTP/1.1, content: EmptyByteBufBE)
GET /json/version HTTP/1.1
User-Agent: selenium/4.12.0 (java windows)
host: localhost:63309
accept: */*

Response DefaultHttpResponse(decodeResult: success, version: HTTP/1.1)
HTTP/1.1 200 OK
Content-Security-Policy: frame-ancestors 'none'
Content-Length: 424
Content-Type: application/json; charset=UTF-8

20:14:27.698 [AsyncHttpClient-1-9] DEBUG org.asynchttpclient.netty.channel.ChannelManager - Adding key: http://localhost:63309 for channel [id: 0xf657233c, L:/127.0.0.1:63315 - R:localhost/127.0.0.1:63309]
20:14:27.703 [AsyncHttpClient-1-10] DEBUG org.asynchttpclient.netty.channel.NettyConnectListener - Using new Channel '[id: 0xa4a156e9, L:/127.0.0.1:63316 - R:localhost/127.0.0.1:63309]' for 'GET' to '/devtools/browser/3d521b06-9a49-4aca-be6b-eb6233e071c4'
20:14:27.705 [AsyncHttpClient-1-10] DEBUG org.asynchttpclient.netty.handler.WebSocketHandler - 

Request DefaultFullHttpRequest(decodeResult: success, version: HTTP/1.1, content: EmptyByteBufBE)
GET /devtools/browser/3d521b06-9a49-4aca-be6b-eb6233e071c4 HTTP/1.1
upgrade: websocket
connection: upgrade
sec-websocket-key: peJliCLBTZ5/6MsplVY7Dg==
sec-websocket-version: 13
origin: http://localhost:63309
host: localhost:63309
accept: */*
user-agent: AHC/2.1

Response DefaultHttpResponse(decodeResult: success, version: HTTP/1.1)
HTTP/1.1 101 WebSocket Protocol Handshake
Upgrade: WebSocket
Connection: Upgrade
Sec-WebSocket-Accept: E7bz+G46U61FFQp0F6WpXaDgZnE=

20:14:27.713 [Forwarding get on session 3c254f86ce92b83fc2f5596484e35219 to remote] DEBUG org.asynchttpclient.netty.request.NettyRequestSender - Using pooled Channel '[id: 0x77c863ec, L:/127.0.0.1:63308 - R:localhost/127.0.0.1:24422]' for 'POST' to 'http://localhost:24422/session/3c254f86ce92b83fc2f5596484e35219/url'
20:14:27.713 [Forwarding get on session 3c254f86ce92b83fc2f5596484e35219 to remote] DEBUG org.asynchttpclient.netty.request.NettyRequestSender - Using open Channel [id: 0x77c863ec, L:/127.0.0.1:63308 - R:localhost/127.0.0.1:24422] for POST '/session/3c254f86ce92b83fc2f5596484e35219/url'
20:14:27.833 [AsyncHttpClient-1-1] DEBUG org.asynchttpclient.netty.channel.DefaultChannelPool - Entry count for : http://localhost:63309 : 1
20:14:28.937 [AsyncHttpClient-1-1] DEBUG org.asynchttpclient.netty.channel.DefaultChannelPool - Entry count for : http://localhost:63309 : 1
20:14:29.389 [AsyncHttpClient-1-8] DEBUG org.asynchttpclient.netty.handler.HttpHandler - 

Request DefaultHttpRequest(decodeResult: success, version: HTTP/1.1)
POST /session/3c254f86ce92b83fc2f5596484e35219/url HTTP/1.1
User-Agent: selenium/4.12.0 (java windows)
Content-Length: 92
Content-Type: application/json; charset=utf-8
host: localhost:24422
accept: */*

Response DefaultHttpResponse(decodeResult: success, version: HTTP/1.1)
HTTP/1.1 200 OK
Content-Length: 14
Content-Type: application/json; charset=utf-8
cache-control: no-cache

20:14:29.389 [AsyncHttpClient-1-8] DEBUG org.asynchttpclient.netty.channel.ChannelManager - Adding key: http://localhost:24422 for channel [id: 0x77c863ec, L:/127.0.0.1:63308 - R:localhost/127.0.0.1:24422]
20:14:29.390 [Forwarding maximizeCurrentWindow on session 3c254f86ce92b83fc2f5596484e35219 to remote] DEBUG org.asynchttpclient.netty.request.NettyRequestSender - Using pooled Channel '[id: 0x77c863ec, L:/127.0.0.1:63308 - R:localhost/127.0.0.1:24422]' for 'POST' to 'http://localhost:24422/session/3c254f86ce92b83fc2f5596484e35219/window/maximize'
20:14:29.390 [Forwarding maximizeCurrentWindow on session 3c254f86ce92b83fc2f5596484e35219 to remote] DEBUG org.asynchttpclient.netty.request.NettyRequestSender - Using open Channel [id: 0x77c863ec, L:/127.0.0.1:63308 - R:localhost/127.0.0.1:24422] for POST '/session/3c254f86ce92b83fc2f5596484e35219/window/maximize'
20:14:29.412 [AsyncHttpClient-1-8] DEBUG org.asynchttpclient.netty.handler.HttpHandler - 

Request DefaultHttpRequest(decodeResult: success, version: HTTP/1.1)
POST /session/3c254f86ce92b83fc2f5596484e35219/window/maximize HTTP/1.1
User-Agent: selenium/4.12.0 (java windows)
Content-Length: 3
Content-Type: application/json; charset=utf-8
host: localhost:24422
accept: */*

Response DefaultHttpResponse(decodeResult: success, version: HTTP/1.1)
HTTP/1.1 200 OK
Content-Length: 51
Content-Type: application/json; charset=utf-8
cache-control: no-cache

20:14:29.412 [AsyncHttpClient-1-8] DEBUG org.asynchttpclient.netty.channel.ChannelManager - Adding key: http://localhost:24422 for channel [id: 0x77c863ec, L:/127.0.0.1:63308 - R:localhost/127.0.0.1:24422]
20:14:29.412 [Forwarding findElement on session 3c254f86ce92b83fc2f5596484e35219 to remote] DEBUG org.asynchttpclient.netty.request.NettyRequestSender - Using pooled Channel '[id: 0x77c863ec, L:/127.0.0.1:63308 - R:localhost/127.0.0.1:24422]' for 'POST' to 'http://localhost:24422/session/3c254f86ce92b83fc2f5596484e35219/element'
20:14:29.412 [Forwarding findElement on session 3c254f86ce92b83fc2f5596484e35219 to remote] DEBUG org.asynchttpclient.netty.request.NettyRequestSender - Using open Channel [id: 0x77c863ec, L:/127.0.0.1:63308 - R:localhost/127.0.0.1:24422] for POST '/session/3c254f86ce92b83fc2f5596484e35219/element'
20:14:29.424 [AsyncHttpClient-1-8] DEBUG org.asynchttpclient.netty.handler.HttpHandler - 

Request DefaultHttpRequest(decodeResult: success, version: HTTP/1.1)
POST /session/3c254f86ce92b83fc2f5596484e35219/element HTTP/1.1
User-Agent: selenium/4.12.0 (java windows)
Content-Length: 69
Content-Type: application/json; charset=utf-8
host: localhost:24422
accept: */*

Response DefaultHttpResponse(decodeResult: success, version: HTTP/1.1)
HTTP/1.1 200 OK
Content-Length: 125
Content-Type: application/json; charset=utf-8
cache-control: no-cache

20:14:29.424 [AsyncHttpClient-1-8] DEBUG org.asynchttpclient.netty.channel.ChannelManager - Adding key: http://localhost:24422 for channel [id: 0x77c863ec, L:/127.0.0.1:63308 - R:localhost/127.0.0.1:24422]
20:14:29.424 [Forwarding sendKeysToElement on session 3c254f86ce92b83fc2f5596484e35219 to remote] DEBUG org.asynchttpclient.netty.request.NettyRequestSender - Using pooled Channel '[id: 0x77c863ec, L:/127.0.0.1:63308 - R:localhost/127.0.0.1:24422]' for 'POST' to 'http://localhost:24422/session/3c254f86ce92b83fc2f5596484e35219/element/f.0D42F499B8319E5BC591CF3076C94661.d.0CD1FD9924FE16DCC1178CDF98FC1C40.e.4/value'
20:14:29.424 [Forwarding sendKeysToElement on session 3c254f86ce92b83fc2f5596484e35219 to remote] DEBUG org.asynchttpclient.netty.request.NettyRequestSender - Using open Channel [id: 0x77c863ec, L:/127.0.0.1:63308 - R:localhost/127.0.0.1:24422] for POST '/session/3c254f86ce92b83fc2f5596484e35219/element/f.0D42F499B8319E5BC591CF3076C94661.d.0CD1FD9924FE16DCC1178CDF98FC1C40.e.4/value'
20:14:29.545 [AsyncHttpClient-1-8] DEBUG org.asynchttpclient.netty.handler.HttpHandler - 

Request DefaultHttpRequest(decodeResult: success, version: HTTP/1.1)
POST /session/3c254f86ce92b83fc2f5596484e35219/element/f.0D42F499B8319E5BC591CF3076C94661.d.0CD1FD9924FE16DCC1178CDF98FC1C40.e.4/value HTTP/1.1
User-Agent: selenium/4.12.0 (java windows)
Content-Length: 338
Content-Type: application/json; charset=utf-8
host: localhost:24422
accept: */*

Response DefaultHttpResponse(decodeResult: success, version: HTTP/1.1)
HTTP/1.1 200 OK
Content-Length: 14
Content-Type: application/json; charset=utf-8
cache-control: no-cache

20:14:29.546 [AsyncHttpClient-1-8] DEBUG org.asynchttpclient.netty.channel.ChannelManager - Adding key: http://localhost:24422 for channel [id: 0x77c863ec, L:/127.0.0.1:63308 - R:localhost/127.0.0.1:24422]
20:14:29.546 [Forwarding findElement on session 3c254f86ce92b83fc2f5596484e35219 to remote] DEBUG org.asynchttpclient.netty.request.NettyRequestSender - Using pooled Channel '[id: 0x77c863ec, L:/127.0.0.1:63308 - R:localhost/127.0.0.1:24422]' for 'POST' to 'http://localhost:24422/session/3c254f86ce92b83fc2f5596484e35219/element'
20:14:29.546 [Forwarding findElement on session 3c254f86ce92b83fc2f5596484e35219 to remote] DEBUG org.asynchttpclient.netty.request.NettyRequestSender - Using open Channel [id: 0x77c863ec, L:/127.0.0.1:63308 - R:localhost/127.0.0.1:24422] for POST '/session/3c254f86ce92b83fc2f5596484e35219/element'
20:14:29.554 [AsyncHttpClient-1-8] DEBUG org.asynchttpclient.netty.handler.HttpHandler - 

Request DefaultHttpRequest(decodeResult: success, version: HTTP/1.1)
POST /session/3c254f86ce92b83fc2f5596484e35219/element HTTP/1.1
User-Agent: selenium/4.12.0 (java windows)
Content-Length: 72
Content-Type: application/json; charset=utf-8
host: localhost:24422
accept: */*

Response DefaultHttpResponse(decodeResult: success, version: HTTP/1.1)
HTTP/1.1 200 OK
Content-Length: 125
Content-Type: application/json; charset=utf-8
cache-control: no-cache

20:14:29.554 [AsyncHttpClient-1-8] DEBUG org.asynchttpclient.netty.channel.ChannelManager - Adding key: http://localhost:24422 for channel [id: 0x77c863ec, L:/127.0.0.1:63308 - R:localhost/127.0.0.1:24422]
20:14:29.554 [Forwarding sendKeysToElement on session 3c254f86ce92b83fc2f5596484e35219 to remote] DEBUG org.asynchttpclient.netty.request.NettyRequestSender - Using pooled Channel '[id: 0x77c863ec, L:/127.0.0.1:63308 - R:localhost/127.0.0.1:24422]' for 'POST' to 'http://localhost:24422/session/3c254f86ce92b83fc2f5596484e35219/element/f.0D42F499B8319E5BC591CF3076C94661.d.0CD1FD9924FE16DCC1178CDF98FC1C40.e.6/value'
20:14:29.554 [Forwarding sendKeysToElement on session 3c254f86ce92b83fc2f5596484e35219 to remote] DEBUG org.asynchttpclient.netty.request.NettyRequestSender - Using open Channel [id: 0x77c863ec, L:/127.0.0.1:63308 - R:localhost/127.0.0.1:24422] for POST '/session/3c254f86ce92b83fc2f5596484e35219/element/f.0D42F499B8319E5BC591CF3076C94661.d.0CD1FD9924FE16DCC1178CDF98FC1C40.e.6/value'
20:14:29.606 [AsyncHttpClient-1-8] DEBUG org.asynchttpclient.netty.handler.HttpHandler - 

Request DefaultHttpRequest(decodeResult: success, version: HTTP/1.1)
POST /session/3c254f86ce92b83fc2f5596484e35219/element/f.0D42F499B8319E5BC591CF3076C94661.d.0CD1FD9924FE16DCC1178CDF98FC1C40.e.6/value HTTP/1.1
User-Agent: selenium/4.12.0 (java windows)
Content-Length: 208
Content-Type: application/json; charset=utf-8
host: localhost:24422
accept: */*

Response DefaultHttpResponse(decodeResult: success, version: HTTP/1.1)
HTTP/1.1 200 OK
Content-Length: 14
Content-Type: application/json; charset=utf-8
cache-control: no-cache

20:14:29.606 [AsyncHttpClient-1-8] DEBUG org.asynchttpclient.netty.channel.ChannelManager - Adding key: http://localhost:24422 for channel [id: 0x77c863ec, L:/127.0.0.1:63308 - R:localhost/127.0.0.1:24422]
20:14:29.606 [Forwarding findElement on session 3c254f86ce92b83fc2f5596484e35219 to remote] DEBUG org.asynchttpclient.netty.request.NettyRequestSender - Using pooled Channel '[id: 0x77c863ec, L:/127.0.0.1:63308 - R:localhost/127.0.0.1:24422]' for 'POST' to 'http://localhost:24422/session/3c254f86ce92b83fc2f5596484e35219/element'
20:14:29.606 [Forwarding findElement on session 3c254f86ce92b83fc2f5596484e35219 to remote] DEBUG org.asynchttpclient.netty.request.NettyRequestSender - Using open Channel [id: 0x77c863ec, L:/127.0.0.1:63308 - R:localhost/127.0.0.1:24422] for POST '/session/3c254f86ce92b83fc2f5596484e35219/element'
20:14:29.621 [AsyncHttpClient-1-8] DEBUG org.asynchttpclient.netty.handler.HttpHandler - 

Request DefaultHttpRequest(decodeResult: success, version: HTTP/1.1)
POST /session/3c254f86ce92b83fc2f5596484e35219/element HTTP/1.1
User-Agent: selenium/4.12.0 (java windows)
Content-Length: 73
Content-Type: application/json; charset=utf-8
host: localhost:24422
accept: */*

Response DefaultHttpResponse(decodeResult: success, version: HTTP/1.1)
HTTP/1.1 200 OK
Content-Length: 125
Content-Type: application/json; charset=utf-8
cache-control: no-cache

20:14:29.621 [AsyncHttpClient-1-8] DEBUG org.asynchttpclient.netty.channel.ChannelManager - Adding key: http://localhost:24422 for channel [id: 0x77c863ec, L:/127.0.0.1:63308 - R:localhost/127.0.0.1:24422]
20:14:29.621 [Forwarding clickElement on session 3c254f86ce92b83fc2f5596484e35219 to remote] DEBUG org.asynchttpclient.netty.request.NettyRequestSender - Using pooled Channel '[id: 0x77c863ec, L:/127.0.0.1:63308 - R:localhost/127.0.0.1:24422]' for 'POST' to 'http://localhost:24422/session/3c254f86ce92b83fc2f5596484e35219/element/f.0D42F499B8319E5BC591CF3076C94661.d.0CD1FD9924FE16DCC1178CDF98FC1C40.e.8/click'
20:14:29.621 [Forwarding clickElement on session 3c254f86ce92b83fc2f5596484e35219 to remote] DEBUG org.asynchttpclient.netty.request.NettyRequestSender - Using open Channel [id: 0x77c863ec, L:/127.0.0.1:63308 - R:localhost/127.0.0.1:24422] for POST '/session/3c254f86ce92b83fc2f5596484e35219/element/f.0D42F499B8319E5BC591CF3076C94661.d.0CD1FD9924FE16DCC1178CDF98FC1C40.e.8/click'
20:14:29.670 [AsyncHttpClient-1-8] DEBUG org.asynchttpclient.netty.handler.HttpHandler - 

Request DefaultHttpRequest(decodeResult: success, version: HTTP/1.1)
POST /session/3c254f86ce92b83fc2f5596484e35219/element/f.0D42F499B8319E5BC591CF3076C94661.d.0CD1FD9924FE16DCC1178CDF98FC1C40.e.8/click HTTP/1.1
User-Agent: selenium/4.12.0 (java windows)
Content-Length: 87
Content-Type: application/json; charset=utf-8
host: localhost:24422
accept: */*

Response DefaultHttpResponse(decodeResult: success, version: HTTP/1.1)
HTTP/1.1 200 OK
Content-Length: 14
Content-Type: application/json; charset=utf-8
cache-control: no-cache

20:14:29.670 [AsyncHttpClient-1-8] DEBUG org.asynchttpclient.netty.channel.ChannelManager - Adding key: http://localhost:24422 for channel [id: 0x77c863ec, L:/127.0.0.1:63308 - R:localhost/127.0.0.1:24422]
20:14:30.037 [AsyncHttpClient-1-1] DEBUG org.asynchttpclient.netty.channel.DefaultChannelPool - Entry count for : http://localhost:63309 : 1
20:14:30.037 [AsyncHttpClient-1-1] DEBUG org.asynchttpclient.netty.channel.DefaultChannelPool - Entry count for : http://localhost:24422 : 1
20:14:31.125 [AsyncHttpClient-1-1] DEBUG org.asynchttpclient.netty.channel.DefaultChannelPool - Entry count for : http://localhost:63309 : 1
20:14:31.125 [AsyncHttpClient-1-1] DEBUG org.asynchttpclient.netty.channel.DefaultChannelPool - Entry count for : http://localhost:24422 : 1
20:14:32.237 [AsyncHttpClient-1-1] DEBUG org.asynchttpclient.netty.channel.DefaultChannelPool - Entry count for : http://localhost:63309 : 1
20:14:32.237 [AsyncHttpClient-1-1] DEBUG org.asynchttpclient.netty.channel.DefaultChannelPool - Entry count for : http://localhost:24422 : 1
20:14:33.335 [AsyncHttpClient-1-1] DEBUG org.asynchttpclient.netty.channel.DefaultChannelPool - Entry count for : http://localhost:63309 : 1
20:14:33.335 [AsyncHttpClient-1-1] DEBUG org.asynchttpclient.netty.channel.DefaultChannelPool - Entry count for : http://localhost:24422 : 1
20:14:34.426 [AsyncHttpClient-1-1] DEBUG org.asynchttpclient.netty.channel.DefaultChannelPool - Entry count for : http://localhost:63309 : 1
20:14:34.426 [AsyncHttpClient-1-1] DEBUG org.asynchttpclient.netty.channel.DefaultChannelPool - Entry count for : http://localhost:24422 : 1
20:14:34.682 [Forwarding getCurrentUrl on session 3c254f86ce92b83fc2f5596484e35219 to remote] DEBUG org.asynchttpclient.netty.request.NettyRequestSender - Using pooled Channel '[id: 0x77c863ec, L:/127.0.0.1:63308 - R:localhost/127.0.0.1:24422]' for 'GET' to 'http://localhost:24422/session/3c254f86ce92b83fc2f5596484e35219/url'
20:14:34.682 [Forwarding getCurrentUrl on session 3c254f86ce92b83fc2f5596484e35219 to remote] DEBUG org.asynchttpclient.netty.request.NettyRequestSender - Using open Channel [id: 0x77c863ec, L:/127.0.0.1:63308 - R:localhost/127.0.0.1:24422] for GET '/session/3c254f86ce92b83fc2f5596484e35219/url'
20:14:34.698 [AsyncHttpClient-1-8] DEBUG org.asynchttpclient.netty.handler.HttpHandler - 

Request DefaultFullHttpRequest(decodeResult: success, version: HTTP/1.1, content: EmptyByteBufBE)
GET /session/3c254f86ce92b83fc2f5596484e35219/url HTTP/1.1
Cache-Control: no-cache
User-Agent: selenium/4.12.0 (java windows)
Content-Type: application/json; charset=utf-8
host: localhost:24422
accept: */*

Response DefaultHttpResponse(decodeResult: success, version: HTTP/1.1)
HTTP/1.1 200 OK
Content-Length: 69
Content-Type: application/json; charset=utf-8
cache-control: no-cache

20:14:34.698 [AsyncHttpClient-1-8] DEBUG org.asynchttpclient.netty.channel.ChannelManager - Adding key: http://localhost:24422 for channel [id: 0x77c863ec, L:/127.0.0.1:63308 - R:localhost/127.0.0.1:24422]
https://fleet-manager-development.vercel.app/auth/sign-in
20:14:34.698 [Forwarding findElement on session 3c254f86ce92b83fc2f5596484e35219 to remote] DEBUG org.asynchttpclient.netty.request.NettyRequestSender - Using pooled Channel '[id: 0x77c863ec, L:/127.0.0.1:63308 - R:localhost/127.0.0.1:24422]' for 'POST' to 'http://localhost:24422/session/3c254f86ce92b83fc2f5596484e35219/element'
20:14:34.698 [Forwarding findElement on session 3c254f86ce92b83fc2f5596484e35219 to remote] DEBUG org.asynchttpclient.netty.request.NettyRequestSender - Using open Channel [id: 0x77c863ec, L:/127.0.0.1:63308 - R:localhost/127.0.0.1:24422] for POST '/session/3c254f86ce92b83fc2f5596484e35219/element'
20:14:34.729 [AsyncHttpClient-1-8] DEBUG org.asynchttpclient.netty.handler.HttpHandler - 

Request DefaultHttpRequest(decodeResult: success, version: HTTP/1.1)
POST /session/3c254f86ce92b83fc2f5596484e35219/element HTTP/1.1
User-Agent: selenium/4.12.0 (java windows)
Content-Length: 66
Content-Type: application/json; charset=utf-8
host: localhost:24422
accept: */*

Response DefaultHttpResponse(decodeResult: success, version: HTTP/1.1)
HTTP/1.1 200 OK
Content-Length: 126
Content-Type: application/json; charset=utf-8
cache-control: no-cache

20:14:34.729 [AsyncHttpClient-1-8] DEBUG org.asynchttpclient.netty.channel.ChannelManager - Adding key: http://localhost:24422 for channel [id: 0x77c863ec, L:/127.0.0.1:63308 - R:localhost/127.0.0.1:24422]
20:14:34.730 [Forwarding isElementDisplayed on session 3c254f86ce92b83fc2f5596484e35219 to remote] DEBUG org.asynchttpclient.netty.request.NettyRequestSender - Using pooled Channel '[id: 0x77c863ec, L:/127.0.0.1:63308 - R:localhost/127.0.0.1:24422]' for 'POST' to 'http://localhost:24422/session/3c254f86ce92b83fc2f5596484e35219/execute/sync'
20:14:34.730 [Forwarding isElementDisplayed on session 3c254f86ce92b83fc2f5596484e35219 to remote] DEBUG org.asynchttpclient.netty.request.NettyRequestSender - Using open Channel [id: 0x77c863ec, L:/127.0.0.1:63308 - R:localhost/127.0.0.1:24422] for POST '/session/3c254f86ce92b83fc2f5596484e35219/execute/sync'
20:14:34.761 [AsyncHttpClient-1-8] DEBUG org.asynchttpclient.netty.handler.HttpHandler - 

Request DefaultHttpRequest(decodeResult: success, version: HTTP/1.1)
POST /session/3c254f86ce92b83fc2f5596484e35219/execute/sync HTTP/1.1
User-Agent: selenium/4.12.0 (java windows)
Content-Length: 48734
Content-Type: application/json; charset=utf-8
host: localhost:24422
accept: */*

Response DefaultHttpResponse(decodeResult: success, version: HTTP/1.1)
HTTP/1.1 200 OK
Content-Length: 14
Content-Type: application/json; charset=utf-8
cache-control: no-cache

20:14:34.761 [AsyncHttpClient-1-8] DEBUG org.asynchttpclient.netty.channel.ChannelManager - Adding key: http://localhost:24422 for channel [id: 0x77c863ec, L:/127.0.0.1:63308 - R:localhost/127.0.0.1:24422]
20:14:34.761 [Forwarding findElement on session 3c254f86ce92b83fc2f5596484e35219 to remote] DEBUG org.asynchttpclient.netty.request.NettyRequestSender - Using pooled Channel '[id: 0x77c863ec, L:/127.0.0.1:63308 - R:localhost/127.0.0.1:24422]' for 'POST' to 'http://localhost:24422/session/3c254f86ce92b83fc2f5596484e35219/element'
20:14:34.761 [Forwarding findElement on session 3c254f86ce92b83fc2f5596484e35219 to remote] DEBUG org.asynchttpclient.netty.request.NettyRequestSender - Using open Channel [id: 0x77c863ec, L:/127.0.0.1:63308 - R:localhost/127.0.0.1:24422] for POST '/session/3c254f86ce92b83fc2f5596484e35219/element'
20:14:34.776 [AsyncHttpClient-1-8] DEBUG org.asynchttpclient.netty.handler.HttpHandler - 

Request DefaultHttpRequest(decodeResult: success, version: HTTP/1.1)
POST /session/3c254f86ce92b83fc2f5596484e35219/element HTTP/1.1
User-Agent: selenium/4.12.0 (java windows)
Content-Length: 66
Content-Type: application/json; charset=utf-8
host: localhost:24422
accept: */*

Response DefaultHttpResponse(decodeResult: success, version: HTTP/1.1)
HTTP/1.1 200 OK
Content-Length: 126
Content-Type: application/json; charset=utf-8
cache-control: no-cache

20:14:34.776 [AsyncHttpClient-1-8] DEBUG org.asynchttpclient.netty.channel.ChannelManager - Adding key: http://localhost:24422 for channel [id: 0x77c863ec, L:/127.0.0.1:63308 - R:localhost/127.0.0.1:24422]
20:14:34.776 [Forwarding getElementText on session 3c254f86ce92b83fc2f5596484e35219 to remote] DEBUG org.asynchttpclient.netty.request.NettyRequestSender - Using pooled Channel '[id: 0x77c863ec, L:/127.0.0.1:63308 - R:localhost/127.0.0.1:24422]' for 'GET' to 'http://localhost:24422/session/3c254f86ce92b83fc2f5596484e35219/element/f.0D42F499B8319E5BC591CF3076C94661.d.0CD1FD9924FE16DCC1178CDF98FC1C40.e.19/text'
20:14:34.776 [Forwarding getElementText on session 3c254f86ce92b83fc2f5596484e35219 to remote] DEBUG org.asynchttpclient.netty.request.NettyRequestSender - Using open Channel [id: 0x77c863ec, L:/127.0.0.1:63308 - R:localhost/127.0.0.1:24422] for GET '/session/3c254f86ce92b83fc2f5596484e35219/element/f.0D42F499B8319E5BC591CF3076C94661.d.0CD1FD9924FE16DCC1178CDF98FC1C40.e.19/text'
20:14:34.807 [AsyncHttpClient-1-8] DEBUG org.asynchttpclient.netty.handler.HttpHandler - 

Request DefaultFullHttpRequest(decodeResult: success, version: HTTP/1.1, content: EmptyByteBufBE)
GET /session/3c254f86ce92b83fc2f5596484e35219/element/f.0D42F499B8319E5BC591CF3076C94661.d.0CD1FD9924FE16DCC1178CDF98FC1C40.e.19/text HTTP/1.1
Cache-Control: no-cache
User-Agent: selenium/4.12.0 (java windows)
Content-Type: application/json; charset=utf-8
host: localhost:24422
accept: */*

Response DefaultHttpResponse(decodeResult: success, version: HTTP/1.1)
HTTP/1.1 200 OK
Content-Length: 33
Content-Type: application/json; charset=utf-8
cache-control: no-cache

20:14:34.807 [AsyncHttpClient-1-8] DEBUG org.asynchttpclient.netty.channel.ChannelManager - Adding key: http://localhost:24422 for channel [id: 0x77c863ec, L:/127.0.0.1:63308 - R:localhost/127.0.0.1:24422]
20:14:34.807 [Forwarding findElement on session 3c254f86ce92b83fc2f5596484e35219 to remote] DEBUG org.asynchttpclient.netty.request.NettyRequestSender - Using pooled Channel '[id: 0x77c863ec, L:/127.0.0.1:63308 - R:localhost/127.0.0.1:24422]' for 'POST' to 'http://localhost:24422/session/3c254f86ce92b83fc2f5596484e35219/element'
20:14:34.807 [Forwarding findElement on session 3c254f86ce92b83fc2f5596484e35219 to remote] DEBUG org.asynchttpclient.netty.request.NettyRequestSender - Using open Channel [id: 0x77c863ec, L:/127.0.0.1:63308 - R:localhost/127.0.0.1:24422] for POST '/session/3c254f86ce92b83fc2f5596484e35219/element'
20:14:34.824 [AsyncHttpClient-1-8] DEBUG org.asynchttpclient.netty.handler.HttpHandler - 

Request DefaultHttpRequest(decodeResult: success, version: HTTP/1.1)
POST /session/3c254f86ce92b83fc2f5596484e35219/element HTTP/1.1
User-Agent: selenium/4.12.0 (java windows)
Content-Length: 74
Content-Type: application/json; charset=utf-8
host: localhost:24422
accept: */*

Response DefaultHttpResponse(decodeResult: success, version: HTTP/1.1)
HTTP/1.1 200 OK
Content-Length: 126
Content-Type: application/json; charset=utf-8
cache-control: no-cache

20:14:34.824 [AsyncHttpClient-1-8] DEBUG org.asynchttpclient.netty.channel.ChannelManager - Adding key: http://localhost:24422 for channel [id: 0x77c863ec, L:/127.0.0.1:63308 - R:localhost/127.0.0.1:24422]
20:14:34.824 [Forwarding clickElement on session 3c254f86ce92b83fc2f5596484e35219 to remote] DEBUG org.asynchttpclient.netty.request.NettyRequestSender - Using pooled Channel '[id: 0x77c863ec, L:/127.0.0.1:63308 - R:localhost/127.0.0.1:24422]' for 'POST' to 'http://localhost:24422/session/3c254f86ce92b83fc2f5596484e35219/element/f.0D42F499B8319E5BC591CF3076C94661.d.0CD1FD9924FE16DCC1178CDF98FC1C40.e.20/click'
20:14:34.824 [Forwarding clickElement on session 3c254f86ce92b83fc2f5596484e35219 to remote] DEBUG org.asynchttpclient.netty.request.NettyRequestSender - Using open Channel [id: 0x77c863ec, L:/127.0.0.1:63308 - R:localhost/127.0.0.1:24422] for POST '/session/3c254f86ce92b83fc2f5596484e35219/element/f.0D42F499B8319E5BC591CF3076C94661.d.0CD1FD9924FE16DCC1178CDF98FC1C40.e.20/click'
20:14:34.871 [AsyncHttpClient-1-8] DEBUG org.asynchttpclient.netty.handler.HttpHandler - 

Request DefaultHttpRequest(decodeResult: success, version: HTTP/1.1)
POST /session/3c254f86ce92b83fc2f5596484e35219/element/f.0D42F499B8319E5BC591CF3076C94661.d.0CD1FD9924FE16DCC1178CDF98FC1C40.e.20/click HTTP/1.1
User-Agent: selenium/4.12.0 (java windows)
Content-Length: 88
Content-Type: application/json; charset=utf-8
host: localhost:24422
accept: */*

Response DefaultHttpResponse(decodeResult: success, version: HTTP/1.1)
HTTP/1.1 200 OK
Content-Length: 14
Content-Type: application/json; charset=utf-8
cache-control: no-cache

20:14:34.872 [AsyncHttpClient-1-8] DEBUG org.asynchttpclient.netty.channel.ChannelManager - Adding key: http://localhost:24422 for channel [id: 0x77c863ec, L:/127.0.0.1:63308 - R:localhost/127.0.0.1:24422]
20:14:35.533 [AsyncHttpClient-1-1] DEBUG org.asynchttpclient.netty.channel.DefaultChannelPool - Entry count for : http://localhost:63309 : 1
20:14:35.533 [AsyncHttpClient-1-1] DEBUG org.asynchttpclient.netty.channel.DefaultChannelPool - Entry count for : http://localhost:24422 : 1
20:14:36.639 [AsyncHttpClient-1-1] DEBUG org.asynchttpclient.netty.channel.DefaultChannelPool - Entry count for : http://localhost:63309 : 1
20:14:36.639 [AsyncHttpClient-1-1] DEBUG org.asynchttpclient.netty.channel.DefaultChannelPool - Entry count for : http://localhost:24422 : 1
20:14:37.726 [AsyncHttpClient-1-1] DEBUG org.asynchttpclient.netty.channel.DefaultChannelPool - Entry count for : http://localhost:63309 : 1
20:14:37.726 [AsyncHttpClient-1-1] DEBUG org.asynchttpclient.netty.channel.DefaultChannelPool - Entry count for : http://localhost:24422 : 1
screen shot class not taking
  Given I am on dashboardfokisaj290@edectus.com and Fleet@123                  # StepDefination.Customer_onboarding.I_am_on_dashboard(java.lang.String,java.lang.String)
20:14:38.382 [Forwarding findElement on session 3c254f86ce92b83fc2f5596484e35219 to remote] DEBUG org.asynchttpclient.netty.request.NettyRequestSender - Using pooled Channel '[id: 0x77c863ec, L:/127.0.0.1:63308 - R:localhost/127.0.0.1:24422]' for 'POST' to 'http://localhost:24422/session/3c254f86ce92b83fc2f5596484e35219/element'
20:14:38.382 [Forwarding findElement on session 3c254f86ce92b83fc2f5596484e35219 to remote] DEBUG org.asynchttpclient.netty.request.NettyRequestSender - Using open Channel [id: 0x77c863ec, L:/127.0.0.1:63308 - R:localhost/127.0.0.1:24422] for POST '/session/3c254f86ce92b83fc2f5596484e35219/element'
20:14:38.414 [AsyncHttpClient-1-8] DEBUG org.asynchttpclient.netty.handler.HttpHandler - 

Request DefaultHttpRequest(decodeResult: success, version: HTTP/1.1)
POST /session/3c254f86ce92b83fc2f5596484e35219/element HTTP/1.1
User-Agent: selenium/4.12.0 (java windows)
Content-Length: 195
Content-Type: application/json; charset=utf-8
host: localhost:24422
accept: */*

Response DefaultHttpResponse(decodeResult: success, version: HTTP/1.1)
HTTP/1.1 200 OK
Content-Length: 126
Content-Type: application/json; charset=utf-8
cache-control: no-cache

20:14:38.414 [AsyncHttpClient-1-8] DEBUG org.asynchttpclient.netty.channel.ChannelManager - Adding key: http://localhost:24422 for channel [id: 0x77c863ec, L:/127.0.0.1:63308 - R:localhost/127.0.0.1:24422]
20:14:38.415 [Forwarding clickElement on session 3c254f86ce92b83fc2f5596484e35219 to remote] DEBUG org.asynchttpclient.netty.request.NettyRequestSender - Using pooled Channel '[id: 0x77c863ec, L:/127.0.0.1:63308 - R:localhost/127.0.0.1:24422]' for 'POST' to 'http://localhost:24422/session/3c254f86ce92b83fc2f5596484e35219/element/f.0D42F499B8319E5BC591CF3076C94661.d.BC790291DC5D1C85E416F288F15D8527.e.31/click'
20:14:38.415 [Forwarding clickElement on session 3c254f86ce92b83fc2f5596484e35219 to remote] DEBUG org.asynchttpclient.netty.request.NettyRequestSender - Using open Channel [id: 0x77c863ec, L:/127.0.0.1:63308 - R:localhost/127.0.0.1:24422] for POST '/session/3c254f86ce92b83fc2f5596484e35219/element/f.0D42F499B8319E5BC591CF3076C94661.d.BC790291DC5D1C85E416F288F15D8527.e.31/click'
20:14:38.485 [AsyncHttpClient-1-8] DEBUG org.asynchttpclient.netty.handler.HttpHandler - 

Request DefaultHttpRequest(decodeResult: success, version: HTTP/1.1)
POST /session/3c254f86ce92b83fc2f5596484e35219/element/f.0D42F499B8319E5BC591CF3076C94661.d.BC790291DC5D1C85E416F288F15D8527.e.31/click HTTP/1.1
User-Agent: selenium/4.12.0 (java windows)
Content-Length: 88
Content-Type: application/json; charset=utf-8
host: localhost:24422
accept: */*

Response DefaultHttpResponse(decodeResult: success, version: HTTP/1.1)
HTTP/1.1 200 OK
Content-Length: 14
Content-Type: application/json; charset=utf-8
cache-control: no-cache

20:14:38.485 [AsyncHttpClient-1-8] DEBUG org.asynchttpclient.netty.channel.ChannelManager - Adding key: http://localhost:24422 for channel [id: 0x77c863ec, L:/127.0.0.1:63308 - R:localhost/127.0.0.1:24422]
  And Tap_On_Carrier_Tab                                                       # StepDefination.Customer_onboarding.tap_on_carrirer_Tab()
20:14:38.489 [Forwarding findElement on session 3c254f86ce92b83fc2f5596484e35219 to remote] DEBUG org.asynchttpclient.netty.request.NettyRequestSender - Using pooled Channel '[id: 0x77c863ec, L:/127.0.0.1:63308 - R:localhost/127.0.0.1:24422]' for 'POST' to 'http://localhost:24422/session/3c254f86ce92b83fc2f5596484e35219/element'
20:14:38.489 [Forwarding findElement on session 3c254f86ce92b83fc2f5596484e35219 to remote] DEBUG org.asynchttpclient.netty.request.NettyRequestSender - Using open Channel [id: 0x77c863ec, L:/127.0.0.1:63308 - R:localhost/127.0.0.1:24422] for POST '/session/3c254f86ce92b83fc2f5596484e35219/element'
20:14:38.502 [AsyncHttpClient-1-8] DEBUG org.asynchttpclient.netty.handler.HttpHandler - 

Request DefaultHttpRequest(decodeResult: success, version: HTTP/1.1)
POST /session/3c254f86ce92b83fc2f5596484e35219/element HTTP/1.1
User-Agent: selenium/4.12.0 (java windows)
Content-Length: 127
Content-Type: application/json; charset=utf-8
host: localhost:24422
accept: */*

Response DefaultHttpResponse(decodeResult: success, version: HTTP/1.1)
HTTP/1.1 200 OK
Content-Length: 126
Content-Type: application/json; charset=utf-8
cache-control: no-cache

20:14:38.502 [AsyncHttpClient-1-8] DEBUG org.asynchttpclient.netty.channel.ChannelManager - Adding key: http://localhost:24422 for channel [id: 0x77c863ec, L:/127.0.0.1:63308 - R:localhost/127.0.0.1:24422]
20:14:38.504 [Forwarding getElementText on session 3c254f86ce92b83fc2f5596484e35219 to remote] DEBUG org.asynchttpclient.netty.request.NettyRequestSender - Using pooled Channel '[id: 0x77c863ec, L:/127.0.0.1:63308 - R:localhost/127.0.0.1:24422]' for 'GET' to 'http://localhost:24422/session/3c254f86ce92b83fc2f5596484e35219/element/f.0D42F499B8319E5BC591CF3076C94661.d.BC790291DC5D1C85E416F288F15D8527.e.33/text'
20:14:38.504 [Forwarding getElementText on session 3c254f86ce92b83fc2f5596484e35219 to remote] DEBUG org.asynchttpclient.netty.request.NettyRequestSender - Using open Channel [id: 0x77c863ec, L:/127.0.0.1:63308 - R:localhost/127.0.0.1:24422] for GET '/session/3c254f86ce92b83fc2f5596484e35219/element/f.0D42F499B8319E5BC591CF3076C94661.d.BC790291DC5D1C85E416F288F15D8527.e.33/text'
20:14:38.515 [AsyncHttpClient-1-8] DEBUG org.asynchttpclient.netty.handler.HttpHandler - 

Request DefaultFullHttpRequest(decodeResult: success, version: HTTP/1.1, content: EmptyByteBufBE)
GET /session/3c254f86ce92b83fc2f5596484e35219/element/f.0D42F499B8319E5BC591CF3076C94661.d.BC790291DC5D1C85E416F288F15D8527.e.33/text HTTP/1.1
Cache-Control: no-cache
User-Agent: selenium/4.12.0 (java windows)
Content-Type: application/json; charset=utf-8
host: localhost:24422
accept: */*

Response DefaultHttpResponse(decodeResult: success, version: HTTP/1.1)
HTTP/1.1 200 OK
Content-Length: 21
Content-Type: application/json; charset=utf-8
cache-control: no-cache

20:14:38.515 [AsyncHttpClient-1-8] DEBUG org.asynchttpclient.netty.channel.ChannelManager - Adding key: http://localhost:24422 for channel [id: 0x77c863ec, L:/127.0.0.1:63308 - R:localhost/127.0.0.1:24422]
20:14:38.517 [Forwarding findElement on session 3c254f86ce92b83fc2f5596484e35219 to remote] DEBUG org.asynchttpclient.netty.request.NettyRequestSender - Using pooled Channel '[id: 0x77c863ec, L:/127.0.0.1:63308 - R:localhost/127.0.0.1:24422]' for 'POST' to 'http://localhost:24422/session/3c254f86ce92b83fc2f5596484e35219/element'
20:14:38.517 [Forwarding findElement on session 3c254f86ce92b83fc2f5596484e35219 to remote] DEBUG org.asynchttpclient.netty.request.NettyRequestSender - Using open Channel [id: 0x77c863ec, L:/127.0.0.1:63308 - R:localhost/127.0.0.1:24422] for POST '/session/3c254f86ce92b83fc2f5596484e35219/element'
20:14:38.529 [AsyncHttpClient-1-8] DEBUG org.asynchttpclient.netty.handler.HttpHandler - 

Request DefaultHttpRequest(decodeResult: success, version: HTTP/1.1)
POST /session/3c254f86ce92b83fc2f5596484e35219/element HTTP/1.1
User-Agent: selenium/4.12.0 (java windows)
Content-Length: 127
Content-Type: application/json; charset=utf-8
host: localhost:24422
accept: */*

Response DefaultHttpResponse(decodeResult: success, version: HTTP/1.1)
HTTP/1.1 200 OK
Content-Length: 126
Content-Type: application/json; charset=utf-8
cache-control: no-cache

20:14:38.529 [AsyncHttpClient-1-8] DEBUG org.asynchttpclient.netty.channel.ChannelManager - Adding key: http://localhost:24422 for channel [id: 0x77c863ec, L:/127.0.0.1:63308 - R:localhost/127.0.0.1:24422]
20:14:38.529 [Forwarding clickElement on session 3c254f86ce92b83fc2f5596484e35219 to remote] DEBUG org.asynchttpclient.netty.request.NettyRequestSender - Using pooled Channel '[id: 0x77c863ec, L:/127.0.0.1:63308 - R:localhost/127.0.0.1:24422]' for 'POST' to 'http://localhost:24422/session/3c254f86ce92b83fc2f5596484e35219/element/f.0D42F499B8319E5BC591CF3076C94661.d.BC790291DC5D1C85E416F288F15D8527.e.33/click'
20:14:38.529 [Forwarding clickElement on session 3c254f86ce92b83fc2f5596484e35219 to remote] DEBUG org.asynchttpclient.netty.request.NettyRequestSender - Using open Channel [id: 0x77c863ec, L:/127.0.0.1:63308 - R:localhost/127.0.0.1:24422] for POST '/session/3c254f86ce92b83fc2f5596484e35219/element/f.0D42F499B8319E5BC591CF3076C94661.d.BC790291DC5D1C85E416F288F15D8527.e.33/click'
20:14:38.607 [AsyncHttpClient-1-8] DEBUG org.asynchttpclient.netty.handler.HttpHandler - 

Request DefaultHttpRequest(decodeResult: success, version: HTTP/1.1)
POST /session/3c254f86ce92b83fc2f5596484e35219/element/f.0D42F499B8319E5BC591CF3076C94661.d.BC790291DC5D1C85E416F288F15D8527.e.33/click HTTP/1.1
User-Agent: selenium/4.12.0 (java windows)
Content-Length: 88
Content-Type: application/json; charset=utf-8
host: localhost:24422
accept: */*

Response DefaultHttpResponse(decodeResult: success, version: HTTP/1.1)
HTTP/1.1 200 OK
Content-Length: 14
Content-Type: application/json; charset=utf-8
cache-control: no-cache

20:14:38.607 [AsyncHttpClient-1-8] DEBUG org.asynchttpclient.netty.channel.ChannelManager - Adding key: http://localhost:24422 for channel [id: 0x77c863ec, L:/127.0.0.1:63308 - R:localhost/127.0.0.1:24422]
20:14:38.841 [AsyncHttpClient-1-1] DEBUG org.asynchttpclient.netty.channel.DefaultChannelPool - Entry count for : http://localhost:63309 : 1
20:14:38.841 [AsyncHttpClient-1-1] DEBUG org.asynchttpclient.netty.channel.DefaultChannelPool - Entry count for : http://localhost:24422 : 1
20:14:39.936 [AsyncHttpClient-1-1] DEBUG org.asynchttpclient.netty.channel.DefaultChannelPool - Entry count for : http://localhost:63309 : 1
20:14:39.936 [AsyncHttpClient-1-1] DEBUG org.asynchttpclient.netty.channel.DefaultChannelPool - Entry count for : http://localhost:24422 : 1
screen shot class not taking
20:14:40.628 [Forwarding findElement on session 3c254f86ce92b83fc2f5596484e35219 to remote] DEBUG org.asynchttpclient.netty.request.NettyRequestSender - Using pooled Channel '[id: 0x77c863ec, L:/127.0.0.1:63308 - R:localhost/127.0.0.1:24422]' for 'POST' to 'http://localhost:24422/session/3c254f86ce92b83fc2f5596484e35219/element'
20:14:40.628 [Forwarding findElement on session 3c254f86ce92b83fc2f5596484e35219 to remote] DEBUG org.asynchttpclient.netty.request.NettyRequestSender - Using open Channel [id: 0x77c863ec, L:/127.0.0.1:63308 - R:localhost/127.0.0.1:24422] for POST '/session/3c254f86ce92b83fc2f5596484e35219/element'
20:14:40.634 [AsyncHttpClient-1-8] DEBUG org.asynchttpclient.netty.handler.HttpHandler - 

Request DefaultHttpRequest(decodeResult: success, version: HTTP/1.1)
POST /session/3c254f86ce92b83fc2f5596484e35219/element HTTP/1.1
User-Agent: selenium/4.12.0 (java windows)
Content-Length: 178
Content-Type: application/json; charset=utf-8
host: localhost:24422
accept: */*

Response DefaultHttpResponse(decodeResult: success, version: HTTP/1.1)
HTTP/1.1 200 OK
Content-Length: 126
Content-Type: application/json; charset=utf-8
cache-control: no-cache

20:14:40.634 [AsyncHttpClient-1-8] DEBUG org.asynchttpclient.netty.channel.ChannelManager - Adding key: http://localhost:24422 for channel [id: 0x77c863ec, L:/127.0.0.1:63308 - R:localhost/127.0.0.1:24422]
20:14:40.634 [Forwarding getElementText on session 3c254f86ce92b83fc2f5596484e35219 to remote] DEBUG org.asynchttpclient.netty.request.NettyRequestSender - Using pooled Channel '[id: 0x77c863ec, L:/127.0.0.1:63308 - R:localhost/127.0.0.1:24422]' for 'GET' to 'http://localhost:24422/session/3c254f86ce92b83fc2f5596484e35219/element/f.0D42F499B8319E5BC591CF3076C94661.d.BC790291DC5D1C85E416F288F15D8527.e.36/text'
20:14:40.634 [Forwarding getElementText on session 3c254f86ce92b83fc2f5596484e35219 to remote] DEBUG org.asynchttpclient.netty.request.NettyRequestSender - Using open Channel [id: 0x77c863ec, L:/127.0.0.1:63308 - R:localhost/127.0.0.1:24422] for GET '/session/3c254f86ce92b83fc2f5596484e35219/element/f.0D42F499B8319E5BC591CF3076C94661.d.BC790291DC5D1C85E416F288F15D8527.e.36/text'
20:14:40.644 [AsyncHttpClient-1-8] DEBUG org.asynchttpclient.netty.handler.HttpHandler - 

Request DefaultFullHttpRequest(decodeResult: success, version: HTTP/1.1, content: EmptyByteBufBE)
GET /session/3c254f86ce92b83fc2f5596484e35219/element/f.0D42F499B8319E5BC591CF3076C94661.d.BC790291DC5D1C85E416F288F15D8527.e.36/text HTTP/1.1
Cache-Control: no-cache
User-Agent: selenium/4.12.0 (java windows)
Content-Type: application/json; charset=utf-8
host: localhost:24422
accept: */*

Response DefaultHttpResponse(decodeResult: success, version: HTTP/1.1)
HTTP/1.1 200 OK
Content-Length: 28
Content-Type: application/json; charset=utf-8
cache-control: no-cache

20:14:40.644 [AsyncHttpClient-1-8] DEBUG org.asynchttpclient.netty.channel.ChannelManager - Adding key: http://localhost:24422 for channel [id: 0x77c863ec, L:/127.0.0.1:63308 - R:localhost/127.0.0.1:24422]
20:14:40.644 [Forwarding findElement on session 3c254f86ce92b83fc2f5596484e35219 to remote] DEBUG org.asynchttpclient.netty.request.NettyRequestSender - Using pooled Channel '[id: 0x77c863ec, L:/127.0.0.1:63308 - R:localhost/127.0.0.1:24422]' for 'POST' to 'http://localhost:24422/session/3c254f86ce92b83fc2f5596484e35219/element'
20:14:40.644 [Forwarding findElement on session 3c254f86ce92b83fc2f5596484e35219 to remote] DEBUG org.asynchttpclient.netty.request.NettyRequestSender - Using open Channel [id: 0x77c863ec, L:/127.0.0.1:63308 - R:localhost/127.0.0.1:24422] for POST '/session/3c254f86ce92b83fc2f5596484e35219/element'
20:14:40.660 [AsyncHttpClient-1-8] DEBUG org.asynchttpclient.netty.handler.HttpHandler - 

Request DefaultHttpRequest(decodeResult: success, version: HTTP/1.1)
POST /session/3c254f86ce92b83fc2f5596484e35219/element HTTP/1.1
User-Agent: selenium/4.12.0 (java windows)
Content-Length: 178
Content-Type: application/json; charset=utf-8
host: localhost:24422
accept: */*

Response DefaultHttpResponse(decodeResult: success, version: HTTP/1.1)
HTTP/1.1 200 OK
Content-Length: 126
Content-Type: application/json; charset=utf-8
cache-control: no-cache

20:14:40.660 [AsyncHttpClient-1-8] DEBUG org.asynchttpclient.netty.channel.ChannelManager - Adding key: http://localhost:24422 for channel [id: 0x77c863ec, L:/127.0.0.1:63308 - R:localhost/127.0.0.1:24422]
20:14:40.660 [Forwarding clickElement on session 3c254f86ce92b83fc2f5596484e35219 to remote] DEBUG org.asynchttpclient.netty.request.NettyRequestSender - Using pooled Channel '[id: 0x77c863ec, L:/127.0.0.1:63308 - R:localhost/127.0.0.1:24422]' for 'POST' to 'http://localhost:24422/session/3c254f86ce92b83fc2f5596484e35219/element/f.0D42F499B8319E5BC591CF3076C94661.d.BC790291DC5D1C85E416F288F15D8527.e.36/click'
20:14:40.660 [Forwarding clickElement on session 3c254f86ce92b83fc2f5596484e35219 to remote] DEBUG org.asynchttpclient.netty.request.NettyRequestSender - Using open Channel [id: 0x77c863ec, L:/127.0.0.1:63308 - R:localhost/127.0.0.1:24422] for POST '/session/3c254f86ce92b83fc2f5596484e35219/element/f.0D42F499B8319E5BC591CF3076C94661.d.BC790291DC5D1C85E416F288F15D8527.e.36/click'
20:14:40.712 [AsyncHttpClient-1-8] DEBUG org.asynchttpclient.netty.handler.HttpHandler - 

Request DefaultHttpRequest(decodeResult: success, version: HTTP/1.1)
POST /session/3c254f86ce92b83fc2f5596484e35219/element/f.0D42F499B8319E5BC591CF3076C94661.d.BC790291DC5D1C85E416F288F15D8527.e.36/click HTTP/1.1
User-Agent: selenium/4.12.0 (java windows)
Content-Length: 88
Content-Type: application/json; charset=utf-8
host: localhost:24422
accept: */*

Response DefaultHttpResponse(decodeResult: success, version: HTTP/1.1)
HTTP/1.1 200 OK
Content-Length: 14
Content-Type: application/json; charset=utf-8
cache-control: no-cache

20:14:40.712 [AsyncHttpClient-1-8] DEBUG org.asynchttpclient.netty.channel.ChannelManager - Adding key: http://localhost:24422 for channel [id: 0x77c863ec, L:/127.0.0.1:63308 - R:localhost/127.0.0.1:24422]
  When Open customer form                                                      # StepDefination.Customer_onboarding.Open_customer_form()
20:14:41.035 [AsyncHttpClient-1-1] DEBUG org.asynchttpclient.netty.channel.DefaultChannelPool - Entry count for : http://localhost:63309 : 1
20:14:41.035 [AsyncHttpClient-1-1] DEBUG org.asynchttpclient.netty.channel.DefaultChannelPool - Entry count for : http://localhost:24422 : 1
20:14:42.130 [AsyncHttpClient-1-1] DEBUG org.asynchttpclient.netty.channel.DefaultChannelPool - Entry count for : http://localhost:63309 : 1
20:14:42.130 [AsyncHttpClient-1-1] DEBUG org.asynchttpclient.netty.channel.DefaultChannelPool - Entry count for : http://localhost:24422 : 1
20:14:42.225 [Forwarding findElement on session 3c254f86ce92b83fc2f5596484e35219 to remote] DEBUG org.asynchttpclient.netty.request.NettyRequestSender - Using pooled Channel '[id: 0x77c863ec, L:/127.0.0.1:63308 - R:localhost/127.0.0.1:24422]' for 'POST' to 'http://localhost:24422/session/3c254f86ce92b83fc2f5596484e35219/element'
20:14:42.225 [Forwarding findElement on session 3c254f86ce92b83fc2f5596484e35219 to remote] DEBUG org.asynchttpclient.netty.request.NettyRequestSender - Using open Channel [id: 0x77c863ec, L:/127.0.0.1:63308 - R:localhost/127.0.0.1:24422] for POST '/session/3c254f86ce92b83fc2f5596484e35219/element'
20:14:42.231 [AsyncHttpClient-1-8] DEBUG org.asynchttpclient.netty.handler.HttpHandler - 

Request DefaultHttpRequest(decodeResult: success, version: HTTP/1.1)
POST /session/3c254f86ce92b83fc2f5596484e35219/element HTTP/1.1
User-Agent: selenium/4.12.0 (java windows)
Content-Length: 114
Content-Type: application/json; charset=utf-8
host: localhost:24422
accept: */*

Response DefaultHttpResponse(decodeResult: success, version: HTTP/1.1)
HTTP/1.1 200 OK
Content-Length: 126
Content-Type: application/json; charset=utf-8
cache-control: no-cache

20:14:42.231 [AsyncHttpClient-1-8] DEBUG org.asynchttpclient.netty.channel.ChannelManager - Adding key: http://localhost:24422 for channel [id: 0x77c863ec, L:/127.0.0.1:63308 - R:localhost/127.0.0.1:24422]
20:14:42.236 [Forwarding sendKeysToElement on session 3c254f86ce92b83fc2f5596484e35219 to remote] DEBUG org.asynchttpclient.netty.request.NettyRequestSender - Using pooled Channel '[id: 0x77c863ec, L:/127.0.0.1:63308 - R:localhost/127.0.0.1:24422]' for 'POST' to 'http://localhost:24422/session/3c254f86ce92b83fc2f5596484e35219/element/f.0D42F499B8319E5BC591CF3076C94661.d.BC790291DC5D1C85E416F288F15D8527.e.40/value'
20:14:42.236 [Forwarding sendKeysToElement on session 3c254f86ce92b83fc2f5596484e35219 to remote] DEBUG org.asynchttpclient.netty.request.NettyRequestSender - Using open Channel [id: 0x77c863ec, L:/127.0.0.1:63308 - R:localhost/127.0.0.1:24422] for POST '/session/3c254f86ce92b83fc2f5596484e35219/element/f.0D42F499B8319E5BC591CF3076C94661.d.BC790291DC5D1C85E416F288F15D8527.e.40/value'
20:14:42.341 [AsyncHttpClient-1-8] DEBUG org.asynchttpclient.netty.handler.HttpHandler - 

Request DefaultHttpRequest(decodeResult: success, version: HTTP/1.1)
POST /session/3c254f86ce92b83fc2f5596484e35219/element/f.0D42F499B8319E5BC591CF3076C94661.d.BC790291DC5D1C85E416F288F15D8527.e.40/value HTTP/1.1
User-Agent: selenium/4.12.0 (java windows)
Content-Length: 199
Content-Type: application/json; charset=utf-8
host: localhost:24422
accept: */*

Response DefaultHttpResponse(decodeResult: success, version: HTTP/1.1)
HTTP/1.1 200 OK
Content-Length: 14
Content-Type: application/json; charset=utf-8
cache-control: no-cache

20:14:42.341 [AsyncHttpClient-1-8] DEBUG org.asynchttpclient.netty.channel.ChannelManager - Adding key: http://localhost:24422 for channel [id: 0x77c863ec, L:/127.0.0.1:63308 - R:localhost/127.0.0.1:24422]
screen shot class not taking
  And Provide the company nameOP_Steel                                         # StepDefination.Customer_onboarding.Provide_the_company_name(java.lang.String)
20:14:42.850 [Forwarding findElement on session 3c254f86ce92b83fc2f5596484e35219 to remote] DEBUG org.asynchttpclient.netty.request.NettyRequestSender - Using pooled Channel '[id: 0x77c863ec, L:/127.0.0.1:63308 - R:localhost/127.0.0.1:24422]' for 'POST' to 'http://localhost:24422/session/3c254f86ce92b83fc2f5596484e35219/element'
20:14:42.850 [Forwarding findElement on session 3c254f86ce92b83fc2f5596484e35219 to remote] DEBUG org.asynchttpclient.netty.request.NettyRequestSender - Using open Channel [id: 0x77c863ec, L:/127.0.0.1:63308 - R:localhost/127.0.0.1:24422] for POST '/session/3c254f86ce92b83fc2f5596484e35219/element'
20:14:42.873 [AsyncHttpClient-1-8] DEBUG org.asynchttpclient.netty.handler.HttpHandler - 

Request DefaultHttpRequest(decodeResult: success, version: HTTP/1.1)
POST /session/3c254f86ce92b83fc2f5596484e35219/element HTTP/1.1
User-Agent: selenium/4.12.0 (java windows)
Content-Length: 88
Content-Type: application/json; charset=utf-8
host: localhost:24422
accept: */*

Response DefaultHttpResponse(decodeResult: success, version: HTTP/1.1)
HTTP/1.1 200 OK
Content-Length: 126
Content-Type: application/json; charset=utf-8
cache-control: no-cache

20:14:42.873 [AsyncHttpClient-1-8] DEBUG org.asynchttpclient.netty.channel.ChannelManager - Adding key: http://localhost:24422 for channel [id: 0x77c863ec, L:/127.0.0.1:63308 - R:localhost/127.0.0.1:24422]
20:14:42.873 [Forwarding sendKeysToElement on session 3c254f86ce92b83fc2f5596484e35219 to remote] DEBUG org.asynchttpclient.netty.request.NettyRequestSender - Using pooled Channel '[id: 0x77c863ec, L:/127.0.0.1:63308 - R:localhost/127.0.0.1:24422]' for 'POST' to 'http://localhost:24422/session/3c254f86ce92b83fc2f5596484e35219/element/f.0D42F499B8319E5BC591CF3076C94661.d.BC790291DC5D1C85E416F288F15D8527.e.49/value'
20:14:42.873 [Forwarding sendKeysToElement on session 3c254f86ce92b83fc2f5596484e35219 to remote] DEBUG org.asynchttpclient.netty.request.NettyRequestSender - Using open Channel [id: 0x77c863ec, L:/127.0.0.1:63308 - R:localhost/127.0.0.1:24422] for POST '/session/3c254f86ce92b83fc2f5596484e35219/element/f.0D42F499B8319E5BC591CF3076C94661.d.BC790291DC5D1C85E416F288F15D8527.e.49/value'
20:14:43.036 [AsyncHttpClient-1-8] DEBUG org.asynchttpclient.netty.handler.HttpHandler - 

Request DefaultHttpRequest(decodeResult: success, version: HTTP/1.1)
POST /session/3c254f86ce92b83fc2f5596484e35219/element/f.0D42F499B8319E5BC591CF3076C94661.d.BC790291DC5D1C85E416F288F15D8527.e.49/value HTTP/1.1
User-Agent: selenium/4.12.0 (java windows)
Content-Length: 259
Content-Type: application/json; charset=utf-8
host: localhost:24422
accept: */*

Response DefaultHttpResponse(decodeResult: success, version: HTTP/1.1)
HTTP/1.1 200 OK
Content-Length: 14
Content-Type: application/json; charset=utf-8
cache-control: no-cache

20:14:43.036 [AsyncHttpClient-1-8] DEBUG org.asynchttpclient.netty.channel.ChannelManager - Adding key: http://localhost:24422 for channel [id: 0x77c863ec, L:/127.0.0.1:63308 - R:localhost/127.0.0.1:24422]
20:14:43.038 [Forwarding findElement on session 3c254f86ce92b83fc2f5596484e35219 to remote] DEBUG org.asynchttpclient.netty.request.NettyRequestSender - Using pooled Channel '[id: 0x77c863ec, L:/127.0.0.1:63308 - R:localhost/127.0.0.1:24422]' for 'POST' to 'http://localhost:24422/session/3c254f86ce92b83fc2f5596484e35219/element'
20:14:43.038 [Forwarding findElement on session 3c254f86ce92b83fc2f5596484e35219 to remote] DEBUG org.asynchttpclient.netty.request.NettyRequestSender - Using open Channel [id: 0x77c863ec, L:/127.0.0.1:63308 - R:localhost/127.0.0.1:24422] for POST '/session/3c254f86ce92b83fc2f5596484e35219/element'
20:14:43.050 [AsyncHttpClient-1-8] DEBUG org.asynchttpclient.netty.handler.HttpHandler - 

Request DefaultHttpRequest(decodeResult: success, version: HTTP/1.1)
POST /session/3c254f86ce92b83fc2f5596484e35219/element HTTP/1.1
User-Agent: selenium/4.12.0 (java windows)
Content-Length: 75
Content-Type: application/json; charset=utf-8
host: localhost:24422
accept: */*

Response DefaultHttpResponse(decodeResult: success, version: HTTP/1.1)
HTTP/1.1 200 OK
Content-Length: 126
Content-Type: application/json; charset=utf-8
cache-control: no-cache

20:14:43.050 [AsyncHttpClient-1-8] DEBUG org.asynchttpclient.netty.channel.ChannelManager - Adding key: http://localhost:24422 for channel [id: 0x77c863ec, L:/127.0.0.1:63308 - R:localhost/127.0.0.1:24422]
20:14:43.052 [Forwarding sendKeysToElement on session 3c254f86ce92b83fc2f5596484e35219 to remote] DEBUG org.asynchttpclient.netty.request.NettyRequestSender - Using pooled Channel '[id: 0x77c863ec, L:/127.0.0.1:63308 - R:localhost/127.0.0.1:24422]' for 'POST' to 'http://localhost:24422/session/3c254f86ce92b83fc2f5596484e35219/element/f.0D42F499B8319E5BC591CF3076C94661.d.BC790291DC5D1C85E416F288F15D8527.e.50/value'
20:14:43.052 [Forwarding sendKeysToElement on session 3c254f86ce92b83fc2f5596484e35219 to remote] DEBUG org.asynchttpclient.netty.request.NettyRequestSender - Using open Channel [id: 0x77c863ec, L:/127.0.0.1:63308 - R:localhost/127.0.0.1:24422] for POST '/session/3c254f86ce92b83fc2f5596484e35219/element/f.0D42F499B8319E5BC591CF3076C94661.d.BC790291DC5D1C85E416F288F15D8527.e.50/value'
20:14:43.122 [AsyncHttpClient-1-8] DEBUG org.asynchttpclient.netty.handler.HttpHandler - 

Request DefaultHttpRequest(decodeResult: success, version: HTTP/1.1)
POST /session/3c254f86ce92b83fc2f5596484e35219/element/f.0D42F499B8319E5BC591CF3076C94661.d.BC790291DC5D1C85E416F288F15D8527.e.50/value HTTP/1.1
User-Agent: selenium/4.12.0 (java windows)
Content-Length: 139
Content-Type: application/json; charset=utf-8
host: localhost:24422
accept: */*

Response DefaultHttpResponse(decodeResult: success, version: HTTP/1.1)
HTTP/1.1 200 OK
Content-Length: 14
Content-Type: application/json; charset=utf-8
cache-control: no-cache

20:14:43.122 [AsyncHttpClient-1-8] DEBUG org.asynchttpclient.netty.channel.ChannelManager - Adding key: http://localhost:24422 for channel [id: 0x77c863ec, L:/127.0.0.1:63308 - R:localhost/127.0.0.1:24422]
20:14:43.122 [Forwarding findElement on session 3c254f86ce92b83fc2f5596484e35219 to remote] DEBUG org.asynchttpclient.netty.request.NettyRequestSender - Using pooled Channel '[id: 0x77c863ec, L:/127.0.0.1:63308 - R:localhost/127.0.0.1:24422]' for 'POST' to 'http://localhost:24422/session/3c254f86ce92b83fc2f5596484e35219/element'
20:14:43.122 [Forwarding findElement on session 3c254f86ce92b83fc2f5596484e35219 to remote] DEBUG org.asynchttpclient.netty.request.NettyRequestSender - Using open Channel [id: 0x77c863ec, L:/127.0.0.1:63308 - R:localhost/127.0.0.1:24422] for POST '/session/3c254f86ce92b83fc2f5596484e35219/element'
20:14:43.138 [AsyncHttpClient-1-8] DEBUG org.asynchttpclient.netty.handler.HttpHandler - 

Request DefaultHttpRequest(decodeResult: success, version: HTTP/1.1)
POST /session/3c254f86ce92b83fc2f5596484e35219/element HTTP/1.1
User-Agent: selenium/4.12.0 (java windows)
Content-Length: 90
Content-Type: application/json; charset=utf-8
host: localhost:24422
accept: */*

Response DefaultHttpResponse(decodeResult: success, version: HTTP/1.1)
HTTP/1.1 200 OK
Content-Length: 126
Content-Type: application/json; charset=utf-8
cache-control: no-cache

20:14:43.138 [AsyncHttpClient-1-8] DEBUG org.asynchttpclient.netty.channel.ChannelManager - Adding key: http://localhost:24422 for channel [id: 0x77c863ec, L:/127.0.0.1:63308 - R:localhost/127.0.0.1:24422]
20:14:43.138 [Forwarding sendKeysToElement on session 3c254f86ce92b83fc2f5596484e35219 to remote] DEBUG org.asynchttpclient.netty.request.NettyRequestSender - Using pooled Channel '[id: 0x77c863ec, L:/127.0.0.1:63308 - R:localhost/127.0.0.1:24422]' for 'POST' to 'http://localhost:24422/session/3c254f86ce92b83fc2f5596484e35219/element/f.0D42F499B8319E5BC591CF3076C94661.d.BC790291DC5D1C85E416F288F15D8527.e.51/value'
20:14:43.138 [Forwarding sendKeysToElement on session 3c254f86ce92b83fc2f5596484e35219 to remote] DEBUG org.asynchttpclient.netty.request.NettyRequestSender - Using open Channel [id: 0x77c863ec, L:/127.0.0.1:63308 - R:localhost/127.0.0.1:24422] for POST '/session/3c254f86ce92b83fc2f5596484e35219/element/f.0D42F499B8319E5BC591CF3076C94661.d.BC790291DC5D1C85E416F288F15D8527.e.51/value'
20:14:43.223 [AsyncHttpClient-1-8] DEBUG org.asynchttpclient.netty.handler.HttpHandler - 

Request DefaultHttpRequest(decodeResult: success, version: HTTP/1.1)
POST /session/3c254f86ce92b83fc2f5596484e35219/element/f.0D42F499B8319E5BC591CF3076C94661.d.BC790291DC5D1C85E416F288F15D8527.e.51/value HTTP/1.1
User-Agent: selenium/4.12.0 (java windows)
Content-Length: 139
Content-Type: application/json; charset=utf-8
host: localhost:24422
accept: */*

Response DefaultHttpResponse(decodeResult: success, version: HTTP/1.1)
HTTP/1.1 200 OK
Content-Length: 14
Content-Type: application/json; charset=utf-8
cache-control: no-cache

20:14:43.224 [AsyncHttpClient-1-8] DEBUG org.asynchttpclient.netty.channel.ChannelManager - Adding key: http://localhost:24422 for channel [id: 0x77c863ec, L:/127.0.0.1:63308 - R:localhost/127.0.0.1:24422]
20:14:43.225 [Forwarding findElement on session 3c254f86ce92b83fc2f5596484e35219 to remote] DEBUG org.asynchttpclient.netty.request.NettyRequestSender - Using pooled Channel '[id: 0x77c863ec, L:/127.0.0.1:63308 - R:localhost/127.0.0.1:24422]' for 'POST' to 'http://localhost:24422/session/3c254f86ce92b83fc2f5596484e35219/element'
20:14:43.226 [Forwarding findElement on session 3c254f86ce92b83fc2f5596484e35219 to remote] DEBUG org.asynchttpclient.netty.request.NettyRequestSender - Using open Channel [id: 0x77c863ec, L:/127.0.0.1:63308 - R:localhost/127.0.0.1:24422] for POST '/session/3c254f86ce92b83fc2f5596484e35219/element'
20:14:43.234 [AsyncHttpClient-1-1] DEBUG org.asynchttpclient.netty.channel.DefaultChannelPool - Entry count for : http://localhost:63309 : 1
20:14:43.238 [AsyncHttpClient-1-8] DEBUG org.asynchttpclient.netty.handler.HttpHandler - 

Request DefaultHttpRequest(decodeResult: success, version: HTTP/1.1)
POST /session/3c254f86ce92b83fc2f5596484e35219/element HTTP/1.1
User-Agent: selenium/4.12.0 (java windows)
Content-Length: 96
Content-Type: application/json; charset=utf-8
host: localhost:24422
accept: */*

Response DefaultHttpResponse(decodeResult: success, version: HTTP/1.1)
HTTP/1.1 200 OK
Content-Length: 126
Content-Type: application/json; charset=utf-8
cache-control: no-cache

20:14:43.238 [AsyncHttpClient-1-8] DEBUG org.asynchttpclient.netty.channel.ChannelManager - Adding key: http://localhost:24422 for channel [id: 0x77c863ec, L:/127.0.0.1:63308 - R:localhost/127.0.0.1:24422]
20:14:43.238 [Forwarding sendKeysToElement on session 3c254f86ce92b83fc2f5596484e35219 to remote] DEBUG org.asynchttpclient.netty.request.NettyRequestSender - Using pooled Channel '[id: 0x77c863ec, L:/127.0.0.1:63308 - R:localhost/127.0.0.1:24422]' for 'POST' to 'http://localhost:24422/session/3c254f86ce92b83fc2f5596484e35219/element/f.0D42F499B8319E5BC591CF3076C94661.d.BC790291DC5D1C85E416F288F15D8527.e.52/value'
20:14:43.238 [Forwarding sendKeysToElement on session 3c254f86ce92b83fc2f5596484e35219 to remote] DEBUG org.asynchttpclient.netty.request.NettyRequestSender - Using open Channel [id: 0x77c863ec, L:/127.0.0.1:63308 - R:localhost/127.0.0.1:24422] for POST '/session/3c254f86ce92b83fc2f5596484e35219/element/f.0D42F499B8319E5BC591CF3076C94661.d.BC790291DC5D1C85E416F288F15D8527.e.52/value'
20:14:43.351 [AsyncHttpClient-1-8] DEBUG org.asynchttpclient.netty.handler.HttpHandler - 

Request DefaultHttpRequest(decodeResult: success, version: HTTP/1.1)
POST /session/3c254f86ce92b83fc2f5596484e35219/element/f.0D42F499B8319E5BC591CF3076C94661.d.BC790291DC5D1C85E416F288F15D8527.e.52/value HTTP/1.1
User-Agent: selenium/4.12.0 (java windows)
Content-Length: 179
Content-Type: application/json; charset=utf-8
host: localhost:24422
accept: */*

Response DefaultHttpResponse(decodeResult: success, version: HTTP/1.1)
HTTP/1.1 200 OK
Content-Length: 14
Content-Type: application/json; charset=utf-8
cache-control: no-cache

20:14:43.352 [AsyncHttpClient-1-8] DEBUG org.asynchttpclient.netty.channel.ChannelManager - Adding key: http://localhost:24422 for channel [id: 0x77c863ec, L:/127.0.0.1:63308 - R:localhost/127.0.0.1:24422]
20:14:43.354 [Forwarding findElement on session 3c254f86ce92b83fc2f5596484e35219 to remote] DEBUG org.asynchttpclient.netty.request.NettyRequestSender - Using pooled Channel '[id: 0x77c863ec, L:/127.0.0.1:63308 - R:localhost/127.0.0.1:24422]' for 'POST' to 'http://localhost:24422/session/3c254f86ce92b83fc2f5596484e35219/element'
20:14:43.354 [Forwarding findElement on session 3c254f86ce92b83fc2f5596484e35219 to remote] DEBUG org.asynchttpclient.netty.request.NettyRequestSender - Using open Channel [id: 0x77c863ec, L:/127.0.0.1:63308 - R:localhost/127.0.0.1:24422] for POST '/session/3c254f86ce92b83fc2f5596484e35219/element'
20:14:43.354 [AsyncHttpClient-1-8] DEBUG org.asynchttpclient.netty.handler.HttpHandler - 

Request DefaultHttpRequest(decodeResult: success, version: HTTP/1.1)
POST /session/3c254f86ce92b83fc2f5596484e35219/element HTTP/1.1
User-Agent: selenium/4.12.0 (java windows)
Content-Length: 78
Content-Type: application/json; charset=utf-8
host: localhost:24422
accept: */*

Response DefaultHttpResponse(decodeResult: success, version: HTTP/1.1)
HTTP/1.1 200 OK
Content-Length: 126
Content-Type: application/json; charset=utf-8
cache-control: no-cache

20:14:43.354 [AsyncHttpClient-1-8] DEBUG org.asynchttpclient.netty.channel.ChannelManager - Adding key: http://localhost:24422 for channel [id: 0x77c863ec, L:/127.0.0.1:63308 - R:localhost/127.0.0.1:24422]
20:14:43.369 [Forwarding sendKeysToElement on session 3c254f86ce92b83fc2f5596484e35219 to remote] DEBUG org.asynchttpclient.netty.request.NettyRequestSender - Using pooled Channel '[id: 0x77c863ec, L:/127.0.0.1:63308 - R:localhost/127.0.0.1:24422]' for 'POST' to 'http://localhost:24422/session/3c254f86ce92b83fc2f5596484e35219/element/f.0D42F499B8319E5BC591CF3076C94661.d.BC790291DC5D1C85E416F288F15D8527.e.53/value'
20:14:43.369 [Forwarding sendKeysToElement on session 3c254f86ce92b83fc2f5596484e35219 to remote] DEBUG org.asynchttpclient.netty.request.NettyRequestSender - Using open Channel [id: 0x77c863ec, L:/127.0.0.1:63308 - R:localhost/127.0.0.1:24422] for POST '/session/3c254f86ce92b83fc2f5596484e35219/element/f.0D42F499B8319E5BC591CF3076C94661.d.BC790291DC5D1C85E416F288F15D8527.e.53/value'
20:14:43.460 [AsyncHttpClient-1-8] DEBUG org.asynchttpclient.netty.handler.HttpHandler - 

Request DefaultHttpRequest(decodeResult: success, version: HTTP/1.1)
POST /session/3c254f86ce92b83fc2f5596484e35219/element/f.0D42F499B8319E5BC591CF3076C94661.d.BC790291DC5D1C85E416F288F15D8527.e.53/value HTTP/1.1
User-Agent: selenium/4.12.0 (java windows)
Content-Length: 149
Content-Type: application/json; charset=utf-8
host: localhost:24422
accept: */*

Response DefaultHttpResponse(decodeResult: success, version: HTTP/1.1)
HTTP/1.1 200 OK
Content-Length: 14
Content-Type: application/json; charset=utf-8
cache-control: no-cache

20:14:43.460 [AsyncHttpClient-1-8] DEBUG org.asynchttpclient.netty.channel.ChannelManager - Adding key: http://localhost:24422 for channel [id: 0x77c863ec, L:/127.0.0.1:63308 - R:localhost/127.0.0.1:24422]
screen shot class not taking
  And Provide the Address DetailsMain_street001 YK FL 987678 USA               # StepDefination.Customer_onboarding.Provide_the_address_Details(java.lang.String,java.lang.String,java.lang.String,java.lang.String,java.lang.String)
20:14:44.336 [AsyncHttpClient-1-1] DEBUG org.asynchttpclient.netty.channel.DefaultChannelPool - Entry count for : http://localhost:63309 : 1
20:14:44.336 [AsyncHttpClient-1-1] DEBUG org.asynchttpclient.netty.channel.DefaultChannelPool - Entry count for : http://localhost:24422 : 1
20:14:44.995 [Forwarding findElement on session 3c254f86ce92b83fc2f5596484e35219 to remote] DEBUG org.asynchttpclient.netty.request.NettyRequestSender - Using pooled Channel '[id: 0x77c863ec, L:/127.0.0.1:63308 - R:localhost/127.0.0.1:24422]' for 'POST' to 'http://localhost:24422/session/3c254f86ce92b83fc2f5596484e35219/element'
20:14:44.995 [Forwarding findElement on session 3c254f86ce92b83fc2f5596484e35219 to remote] DEBUG org.asynchttpclient.netty.request.NettyRequestSender - Using open Channel [id: 0x77c863ec, L:/127.0.0.1:63308 - R:localhost/127.0.0.1:24422] for POST '/session/3c254f86ce92b83fc2f5596484e35219/element'
20:14:45.011 [AsyncHttpClient-1-8] DEBUG org.asynchttpclient.netty.handler.HttpHandler - 

Request DefaultHttpRequest(decodeResult: success, version: HTTP/1.1)
POST /session/3c254f86ce92b83fc2f5596484e35219/element HTTP/1.1
User-Agent: selenium/4.12.0 (java windows)
Content-Length: 72
Content-Type: application/json; charset=utf-8
host: localhost:24422
accept: */*

Response DefaultHttpResponse(decodeResult: success, version: HTTP/1.1)
HTTP/1.1 200 OK
Content-Length: 126
Content-Type: application/json; charset=utf-8
cache-control: no-cache

20:14:45.011 [AsyncHttpClient-1-8] DEBUG org.asynchttpclient.netty.channel.ChannelManager - Adding key: http://localhost:24422 for channel [id: 0x77c863ec, L:/127.0.0.1:63308 - R:localhost/127.0.0.1:24422]
20:14:45.011 [Forwarding clickElement on session 3c254f86ce92b83fc2f5596484e35219 to remote] DEBUG org.asynchttpclient.netty.request.NettyRequestSender - Using pooled Channel '[id: 0x77c863ec, L:/127.0.0.1:63308 - R:localhost/127.0.0.1:24422]' for 'POST' to 'http://localhost:24422/session/3c254f86ce92b83fc2f5596484e35219/element/f.0D42F499B8319E5BC591CF3076C94661.d.BC790291DC5D1C85E416F288F15D8527.e.90/click'
20:14:45.011 [Forwarding clickElement on session 3c254f86ce92b83fc2f5596484e35219 to remote] DEBUG org.asynchttpclient.netty.request.NettyRequestSender - Using open Channel [id: 0x77c863ec, L:/127.0.0.1:63308 - R:localhost/127.0.0.1:24422] for POST '/session/3c254f86ce92b83fc2f5596484e35219/element/f.0D42F499B8319E5BC591CF3076C94661.d.BC790291DC5D1C85E416F288F15D8527.e.90/click'
20:14:45.062 [AsyncHttpClient-1-8] DEBUG org.asynchttpclient.netty.handler.HttpHandler - 

Request DefaultHttpRequest(decodeResult: success, version: HTTP/1.1)
POST /session/3c254f86ce92b83fc2f5596484e35219/element/f.0D42F499B8319E5BC591CF3076C94661.d.BC790291DC5D1C85E416F288F15D8527.e.90/click HTTP/1.1
User-Agent: selenium/4.12.0 (java windows)
Content-Length: 88
Content-Type: application/json; charset=utf-8
host: localhost:24422
accept: */*

Response DefaultHttpResponse(decodeResult: success, version: HTTP/1.1)
HTTP/1.1 200 OK
Content-Length: 14
Content-Type: application/json; charset=utf-8
cache-control: no-cache

20:14:45.062 [AsyncHttpClient-1-8] DEBUG org.asynchttpclient.netty.channel.ChannelManager - Adding key: http://localhost:24422 for channel [id: 0x77c863ec, L:/127.0.0.1:63308 - R:localhost/127.0.0.1:24422]
20:14:45.436 [AsyncHttpClient-1-1] DEBUG org.asynchttpclient.netty.channel.DefaultChannelPool - Entry count for : http://localhost:63309 : 1
20:14:45.436 [AsyncHttpClient-1-1] DEBUG org.asynchttpclient.netty.channel.DefaultChannelPool - Entry count for : http://localhost:24422 : 1
screen shot class not taking
  When Submit the form                                                         # StepDefination.Customer_onboarding.Submit_the_form()
20:14:46.071 [Forwarding findElement on session 3c254f86ce92b83fc2f5596484e35219 to remote] DEBUG org.asynchttpclient.netty.request.NettyRequestSender - Using pooled Channel '[id: 0x77c863ec, L:/127.0.0.1:63308 - R:localhost/127.0.0.1:24422]' for 'POST' to 'http://localhost:24422/session/3c254f86ce92b83fc2f5596484e35219/element'
20:14:46.071 [Forwarding findElement on session 3c254f86ce92b83fc2f5596484e35219 to remote] DEBUG org.asynchttpclient.netty.request.NettyRequestSender - Using open Channel [id: 0x77c863ec, L:/127.0.0.1:63308 - R:localhost/127.0.0.1:24422] for POST '/session/3c254f86ce92b83fc2f5596484e35219/element'
20:14:46.087 [AsyncHttpClient-1-8] DEBUG org.asynchttpclient.netty.handler.HttpHandler - 

Request DefaultHttpRequest(decodeResult: success, version: HTTP/1.1)
POST /session/3c254f86ce92b83fc2f5596484e35219/element HTTP/1.1
User-Agent: selenium/4.12.0 (java windows)
Content-Length: 151
Content-Type: application/json; charset=utf-8
host: localhost:24422
accept: */*

Response DefaultHttpResponse(decodeResult: success, version: HTTP/1.1)
HTTP/1.1 200 OK
Content-Length: 126
Content-Type: application/json; charset=utf-8
cache-control: no-cache

20:14:46.087 [AsyncHttpClient-1-8] DEBUG org.asynchttpclient.netty.channel.ChannelManager - Adding key: http://localhost:24422 for channel [id: 0x77c863ec, L:/127.0.0.1:63308 - R:localhost/127.0.0.1:24422]
20:14:46.091 [Forwarding clickElement on session 3c254f86ce92b83fc2f5596484e35219 to remote] DEBUG org.asynchttpclient.netty.request.NettyRequestSender - Using pooled Channel '[id: 0x77c863ec, L:/127.0.0.1:63308 - R:localhost/127.0.0.1:24422]' for 'POST' to 'http://localhost:24422/session/3c254f86ce92b83fc2f5596484e35219/element/f.0D42F499B8319E5BC591CF3076C94661.d.BC790291DC5D1C85E416F288F15D8527.e.92/click'
20:14:46.091 [Forwarding clickElement on session 3c254f86ce92b83fc2f5596484e35219 to remote] DEBUG org.asynchttpclient.netty.request.NettyRequestSender - Using open Channel [id: 0x77c863ec, L:/127.0.0.1:63308 - R:localhost/127.0.0.1:24422] for POST '/session/3c254f86ce92b83fc2f5596484e35219/element/f.0D42F499B8319E5BC591CF3076C94661.d.BC790291DC5D1C85E416F288F15D8527.e.92/click'
20:14:46.216 [AsyncHttpClient-1-8] DEBUG org.asynchttpclient.netty.handler.HttpHandler - 

Request DefaultHttpRequest(decodeResult: success, version: HTTP/1.1)
POST /session/3c254f86ce92b83fc2f5596484e35219/element/f.0D42F499B8319E5BC591CF3076C94661.d.BC790291DC5D1C85E416F288F15D8527.e.92/click HTTP/1.1
User-Agent: selenium/4.12.0 (java windows)
Content-Length: 88
Content-Type: application/json; charset=utf-8
host: localhost:24422
accept: */*

Response DefaultHttpResponse(decodeResult: success, version: HTTP/1.1)
HTTP/1.1 200 OK
Content-Length: 14
Content-Type: application/json; charset=utf-8
cache-control: no-cache

20:14:46.216 [AsyncHttpClient-1-8] DEBUG org.asynchttpclient.netty.channel.ChannelManager - Adding key: http://localhost:24422 for channel [id: 0x77c863ec, L:/127.0.0.1:63308 - R:localhost/127.0.0.1:24422]
20:14:46.531 [AsyncHttpClient-1-1] DEBUG org.asynchttpclient.netty.channel.DefaultChannelPool - Entry count for : http://localhost:63309 : 1
20:14:46.531 [AsyncHttpClient-1-1] DEBUG org.asynchttpclient.netty.channel.DefaultChannelPool - Entry count for : http://localhost:24422 : 1
screen shot class not taking
  And Tap back button                                                          # StepDefination.Customer_onboarding.Tap_back_button()
20:14:47.634 [AsyncHttpClient-1-1] DEBUG org.asynchttpclient.netty.channel.DefaultChannelPool - Entry count for : http://localhost:63309 : 1
20:14:47.634 [AsyncHttpClient-1-1] DEBUG org.asynchttpclient.netty.channel.DefaultChannelPool - Entry count for : http://localhost:24422 : 1
20:14:47.728 [Forwarding findElements on session 3c254f86ce92b83fc2f5596484e35219 to remote] DEBUG org.asynchttpclient.netty.request.NettyRequestSender - Using pooled Channel '[id: 0x77c863ec, L:/127.0.0.1:63308 - R:localhost/127.0.0.1:24422]' for 'POST' to 'http://localhost:24422/session/3c254f86ce92b83fc2f5596484e35219/elements'
20:14:47.728 [Forwarding findElements on session 3c254f86ce92b83fc2f5596484e35219 to remote] DEBUG org.asynchttpclient.netty.request.NettyRequestSender - Using open Channel [id: 0x77c863ec, L:/127.0.0.1:63308 - R:localhost/127.0.0.1:24422] for POST '/session/3c254f86ce92b83fc2f5596484e35219/elements'
20:14:47.748 [AsyncHttpClient-1-8] DEBUG org.asynchttpclient.netty.handler.HttpHandler - 

Request DefaultHttpRequest(decodeResult: success, version: HTTP/1.1)
POST /session/3c254f86ce92b83fc2f5596484e35219/elements HTTP/1.1
User-Agent: selenium/4.12.0 (java windows)
Content-Length: 142
Content-Type: application/json; charset=utf-8
host: localhost:24422
accept: */*

Response DefaultHttpResponse(decodeResult: success, version: HTTP/1.1)
HTTP/1.1 200 OK
Content-Length: 3548
Content-Type: application/json; charset=utf-8
cache-control: no-cache

20:14:47.748 [AsyncHttpClient-1-8] DEBUG org.asynchttpclient.netty.channel.ChannelManager - Adding key: http://localhost:24422 for channel [id: 0x77c863ec, L:/127.0.0.1:63308 - R:localhost/127.0.0.1:24422]
20:14:47.760 [Forwarding findElement on session 3c254f86ce92b83fc2f5596484e35219 to remote] DEBUG org.asynchttpclient.netty.request.NettyRequestSender - Using pooled Channel '[id: 0x77c863ec, L:/127.0.0.1:63308 - R:localhost/127.0.0.1:24422]' for 'POST' to 'http://localhost:24422/session/3c254f86ce92b83fc2f5596484e35219/element'
20:14:47.760 [Forwarding findElement on session 3c254f86ce92b83fc2f5596484e35219 to remote] DEBUG org.asynchttpclient.netty.request.NettyRequestSender - Using open Channel [id: 0x77c863ec, L:/127.0.0.1:63308 - R:localhost/127.0.0.1:24422] for POST '/session/3c254f86ce92b83fc2f5596484e35219/element'
20:14:47.789 [AsyncHttpClient-1-8] DEBUG org.asynchttpclient.netty.handler.HttpHandler - 

Request DefaultHttpRequest(decodeResult: success, version: HTTP/1.1)
POST /session/3c254f86ce92b83fc2f5596484e35219/element HTTP/1.1
User-Agent: selenium/4.12.0 (java windows)
Content-Length: 198
Content-Type: application/json; charset=utf-8
host: localhost:24422
accept: */*

Response DefaultHttpResponse(decodeResult: success, version: HTTP/1.1)
HTTP/1.1 200 OK
Content-Length: 127
Content-Type: application/json; charset=utf-8
cache-control: no-cache

20:14:47.789 [AsyncHttpClient-1-8] DEBUG org.asynchttpclient.netty.channel.ChannelManager - Adding key: http://localhost:24422 for channel [id: 0x77c863ec, L:/127.0.0.1:63308 - R:localhost/127.0.0.1:24422]
20:14:47.789 [Forwarding getElementText on session 3c254f86ce92b83fc2f5596484e35219 to remote] DEBUG org.asynchttpclient.netty.request.NettyRequestSender - Using pooled Channel '[id: 0x77c863ec, L:/127.0.0.1:63308 - R:localhost/127.0.0.1:24422]' for 'GET' to 'http://localhost:24422/session/3c254f86ce92b83fc2f5596484e35219/element/f.0D42F499B8319E5BC591CF3076C94661.d.BC790291DC5D1C85E416F288F15D8527.e.127/text'
20:14:47.789 [Forwarding getElementText on session 3c254f86ce92b83fc2f5596484e35219 to remote] DEBUG org.asynchttpclient.netty.request.NettyRequestSender - Using open Channel [id: 0x77c863ec, L:/127.0.0.1:63308 - R:localhost/127.0.0.1:24422] for GET '/session/3c254f86ce92b83fc2f5596484e35219/element/f.0D42F499B8319E5BC591CF3076C94661.d.BC790291DC5D1C85E416F288F15D8527.e.127/text'
20:14:47.819 [AsyncHttpClient-1-8] DEBUG org.asynchttpclient.netty.handler.HttpHandler - 

Request DefaultFullHttpRequest(decodeResult: success, version: HTTP/1.1, content: EmptyByteBufBE)
GET /session/3c254f86ce92b83fc2f5596484e35219/element/f.0D42F499B8319E5BC591CF3076C94661.d.BC790291DC5D1C85E416F288F15D8527.e.127/text HTTP/1.1
Cache-Control: no-cache
User-Agent: selenium/4.12.0 (java windows)
Content-Type: application/json; charset=utf-8
host: localhost:24422
accept: */*

Response DefaultHttpResponse(decodeResult: success, version: HTTP/1.1)
HTTP/1.1 200 OK
Content-Length: 23
Content-Type: application/json; charset=utf-8
cache-control: no-cache

20:14:47.819 [AsyncHttpClient-1-8] DEBUG org.asynchttpclient.netty.channel.ChannelManager - Adding key: http://localhost:24422 for channel [id: 0x77c863ec, L:/127.0.0.1:63308 - R:localhost/127.0.0.1:24422]
actual name: Tk_Steel
20:14:47.821 [Forwarding findElement on session 3c254f86ce92b83fc2f5596484e35219 to remote] DEBUG org.asynchttpclient.netty.request.NettyRequestSender - Using pooled Channel '[id: 0x77c863ec, L:/127.0.0.1:63308 - R:localhost/127.0.0.1:24422]' for 'POST' to 'http://localhost:24422/session/3c254f86ce92b83fc2f5596484e35219/element'
20:14:47.821 [Forwarding findElement on session 3c254f86ce92b83fc2f5596484e35219 to remote] DEBUG org.asynchttpclient.netty.request.NettyRequestSender - Using open Channel [id: 0x77c863ec, L:/127.0.0.1:63308 - R:localhost/127.0.0.1:24422] for POST '/session/3c254f86ce92b83fc2f5596484e35219/element'
20:14:47.843 [AsyncHttpClient-1-8] DEBUG org.asynchttpclient.netty.handler.HttpHandler - 

Request DefaultHttpRequest(decodeResult: success, version: HTTP/1.1)
POST /session/3c254f86ce92b83fc2f5596484e35219/element HTTP/1.1
User-Agent: selenium/4.12.0 (java windows)
Content-Length: 198
Content-Type: application/json; charset=utf-8
host: localhost:24422
accept: */*

Response DefaultHttpResponse(decodeResult: success, version: HTTP/1.1)
HTTP/1.1 200 OK
Content-Length: 127
Content-Type: application/json; charset=utf-8
cache-control: no-cache

20:14:47.843 [AsyncHttpClient-1-8] DEBUG org.asynchttpclient.netty.channel.ChannelManager - Adding key: http://localhost:24422 for channel [id: 0x77c863ec, L:/127.0.0.1:63308 - R:localhost/127.0.0.1:24422]
20:14:47.845 [Forwarding getElementText on session 3c254f86ce92b83fc2f5596484e35219 to remote] DEBUG org.asynchttpclient.netty.request.NettyRequestSender - Using pooled Channel '[id: 0x77c863ec, L:/127.0.0.1:63308 - R:localhost/127.0.0.1:24422]' for 'GET' to 'http://localhost:24422/session/3c254f86ce92b83fc2f5596484e35219/element/f.0D42F499B8319E5BC591CF3076C94661.d.BC790291DC5D1C85E416F288F15D8527.e.128/text'
20:14:47.845 [Forwarding getElementText on session 3c254f86ce92b83fc2f5596484e35219 to remote] DEBUG org.asynchttpclient.netty.request.NettyRequestSender - Using open Channel [id: 0x77c863ec, L:/127.0.0.1:63308 - R:localhost/127.0.0.1:24422] for GET '/session/3c254f86ce92b83fc2f5596484e35219/element/f.0D42F499B8319E5BC591CF3076C94661.d.BC790291DC5D1C85E416F288F15D8527.e.128/text'
20:14:47.853 [AsyncHttpClient-1-8] DEBUG org.asynchttpclient.netty.handler.HttpHandler - 

Request DefaultFullHttpRequest(decodeResult: success, version: HTTP/1.1, content: EmptyByteBufBE)
GET /session/3c254f86ce92b83fc2f5596484e35219/element/f.0D42F499B8319E5BC591CF3076C94661.d.BC790291DC5D1C85E416F288F15D8527.e.128/text HTTP/1.1
Cache-Control: no-cache
User-Agent: selenium/4.12.0 (java windows)
Content-Type: application/json; charset=utf-8
host: localhost:24422
accept: */*

Response DefaultHttpResponse(decodeResult: success, version: HTTP/1.1)
HTTP/1.1 200 OK
Content-Length: 23
Content-Type: application/json; charset=utf-8
cache-control: no-cache

20:14:47.853 [AsyncHttpClient-1-8] DEBUG org.asynchttpclient.netty.channel.ChannelManager - Adding key: http://localhost:24422 for channel [id: 0x77c863ec, L:/127.0.0.1:63308 - R:localhost/127.0.0.1:24422]
actual name: Wk_Const
20:14:47.853 [Forwarding findElement on session 3c254f86ce92b83fc2f5596484e35219 to remote] DEBUG org.asynchttpclient.netty.request.NettyRequestSender - Using pooled Channel '[id: 0x77c863ec, L:/127.0.0.1:63308 - R:localhost/127.0.0.1:24422]' for 'POST' to 'http://localhost:24422/session/3c254f86ce92b83fc2f5596484e35219/element'
20:14:47.853 [Forwarding findElement on session 3c254f86ce92b83fc2f5596484e35219 to remote] DEBUG org.asynchttpclient.netty.request.NettyRequestSender - Using open Channel [id: 0x77c863ec, L:/127.0.0.1:63308 - R:localhost/127.0.0.1:24422] for POST '/session/3c254f86ce92b83fc2f5596484e35219/element'
20:14:47.884 [AsyncHttpClient-1-8] DEBUG org.asynchttpclient.netty.handler.HttpHandler - 

Request DefaultHttpRequest(decodeResult: success, version: HTTP/1.1)
POST /session/3c254f86ce92b83fc2f5596484e35219/element HTTP/1.1
User-Agent: selenium/4.12.0 (java windows)
Content-Length: 198
Content-Type: application/json; charset=utf-8
host: localhost:24422
accept: */*

Response DefaultHttpResponse(decodeResult: success, version: HTTP/1.1)
HTTP/1.1 200 OK
Content-Length: 127
Content-Type: application/json; charset=utf-8
cache-control: no-cache

20:14:47.885 [AsyncHttpClient-1-8] DEBUG org.asynchttpclient.netty.channel.ChannelManager - Adding key: http://localhost:24422 for channel [id: 0x77c863ec, L:/127.0.0.1:63308 - R:localhost/127.0.0.1:24422]
20:14:47.885 [Forwarding getElementText on session 3c254f86ce92b83fc2f5596484e35219 to remote] DEBUG org.asynchttpclient.netty.request.NettyRequestSender - Using pooled Channel '[id: 0x77c863ec, L:/127.0.0.1:63308 - R:localhost/127.0.0.1:24422]' for 'GET' to 'http://localhost:24422/session/3c254f86ce92b83fc2f5596484e35219/element/f.0D42F499B8319E5BC591CF3076C94661.d.BC790291DC5D1C85E416F288F15D8527.e.129/text'
20:14:47.885 [Forwarding getElementText on session 3c254f86ce92b83fc2f5596484e35219 to remote] DEBUG org.asynchttpclient.netty.request.NettyRequestSender - Using open Channel [id: 0x77c863ec, L:/127.0.0.1:63308 - R:localhost/127.0.0.1:24422] for GET '/session/3c254f86ce92b83fc2f5596484e35219/element/f.0D42F499B8319E5BC591CF3076C94661.d.BC790291DC5D1C85E416F288F15D8527.e.129/text'
20:14:47.900 [AsyncHttpClient-1-8] DEBUG org.asynchttpclient.netty.handler.HttpHandler - 

Request DefaultFullHttpRequest(decodeResult: success, version: HTTP/1.1, content: EmptyByteBufBE)
GET /session/3c254f86ce92b83fc2f5596484e35219/element/f.0D42F499B8319E5BC591CF3076C94661.d.BC790291DC5D1C85E416F288F15D8527.e.129/text HTTP/1.1
Cache-Control: no-cache
User-Agent: selenium/4.12.0 (java windows)
Content-Type: application/json; charset=utf-8
host: localhost:24422
accept: */*

Response DefaultHttpResponse(decodeResult: success, version: HTTP/1.1)
HTTP/1.1 200 OK
Content-Length: 23
Content-Type: application/json; charset=utf-8
cache-control: no-cache

20:14:47.900 [AsyncHttpClient-1-8] DEBUG org.asynchttpclient.netty.channel.ChannelManager - Adding key: http://localhost:24422 for channel [id: 0x77c863ec, L:/127.0.0.1:63308 - R:localhost/127.0.0.1:24422]
actual name: Tk_Steel
20:14:47.900 [Forwarding findElement on session 3c254f86ce92b83fc2f5596484e35219 to remote] DEBUG org.asynchttpclient.netty.request.NettyRequestSender - Using pooled Channel '[id: 0x77c863ec, L:/127.0.0.1:63308 - R:localhost/127.0.0.1:24422]' for 'POST' to 'http://localhost:24422/session/3c254f86ce92b83fc2f5596484e35219/element'
20:14:47.900 [Forwarding findElement on session 3c254f86ce92b83fc2f5596484e35219 to remote] DEBUG org.asynchttpclient.netty.request.NettyRequestSender - Using open Channel [id: 0x77c863ec, L:/127.0.0.1:63308 - R:localhost/127.0.0.1:24422] for POST '/session/3c254f86ce92b83fc2f5596484e35219/element'
20:14:47.915 [AsyncHttpClient-1-8] DEBUG org.asynchttpclient.netty.handler.HttpHandler - 

Request DefaultHttpRequest(decodeResult: success, version: HTTP/1.1)
POST /session/3c254f86ce92b83fc2f5596484e35219/element HTTP/1.1
User-Agent: selenium/4.12.0 (java windows)
Content-Length: 198
Content-Type: application/json; charset=utf-8
host: localhost:24422
accept: */*

Response DefaultHttpResponse(decodeResult: success, version: HTTP/1.1)
HTTP/1.1 200 OK
Content-Length: 127
Content-Type: application/json; charset=utf-8
cache-control: no-cache

20:14:47.915 [AsyncHttpClient-1-8] DEBUG org.asynchttpclient.netty.channel.ChannelManager - Adding key: http://localhost:24422 for channel [id: 0x77c863ec, L:/127.0.0.1:63308 - R:localhost/127.0.0.1:24422]
20:14:47.915 [Forwarding getElementText on session 3c254f86ce92b83fc2f5596484e35219 to remote] DEBUG org.asynchttpclient.netty.request.NettyRequestSender - Using pooled Channel '[id: 0x77c863ec, L:/127.0.0.1:63308 - R:localhost/127.0.0.1:24422]' for 'GET' to 'http://localhost:24422/session/3c254f86ce92b83fc2f5596484e35219/element/f.0D42F499B8319E5BC591CF3076C94661.d.BC790291DC5D1C85E416F288F15D8527.e.130/text'
20:14:47.915 [Forwarding getElementText on session 3c254f86ce92b83fc2f5596484e35219 to remote] DEBUG org.asynchttpclient.netty.request.NettyRequestSender - Using open Channel [id: 0x77c863ec, L:/127.0.0.1:63308 - R:localhost/127.0.0.1:24422] for GET '/session/3c254f86ce92b83fc2f5596484e35219/element/f.0D42F499B8319E5BC591CF3076C94661.d.BC790291DC5D1C85E416F288F15D8527.e.130/text'
20:14:47.938 [AsyncHttpClient-1-8] DEBUG org.asynchttpclient.netty.handler.HttpHandler - 

Request DefaultFullHttpRequest(decodeResult: success, version: HTTP/1.1, content: EmptyByteBufBE)
GET /session/3c254f86ce92b83fc2f5596484e35219/element/f.0D42F499B8319E5BC591CF3076C94661.d.BC790291DC5D1C85E416F288F15D8527.e.130/text HTTP/1.1
Cache-Control: no-cache
User-Agent: selenium/4.12.0 (java windows)
Content-Type: application/json; charset=utf-8
host: localhost:24422
accept: */*

Response DefaultHttpResponse(decodeResult: success, version: HTTP/1.1)
HTTP/1.1 200 OK
Content-Length: 23
Content-Type: application/json; charset=utf-8
cache-control: no-cache

20:14:47.938 [AsyncHttpClient-1-8] DEBUG org.asynchttpclient.netty.channel.ChannelManager - Adding key: http://localhost:24422 for channel [id: 0x77c863ec, L:/127.0.0.1:63308 - R:localhost/127.0.0.1:24422]
actual name: Wk_Const
20:14:47.938 [Forwarding findElement on session 3c254f86ce92b83fc2f5596484e35219 to remote] DEBUG org.asynchttpclient.netty.request.NettyRequestSender - Using pooled Channel '[id: 0x77c863ec, L:/127.0.0.1:63308 - R:localhost/127.0.0.1:24422]' for 'POST' to 'http://localhost:24422/session/3c254f86ce92b83fc2f5596484e35219/element'
20:14:47.938 [Forwarding findElement on session 3c254f86ce92b83fc2f5596484e35219 to remote] DEBUG org.asynchttpclient.netty.request.NettyRequestSender - Using open Channel [id: 0x77c863ec, L:/127.0.0.1:63308 - R:localhost/127.0.0.1:24422] for POST '/session/3c254f86ce92b83fc2f5596484e35219/element'
20:14:47.938 [AsyncHttpClient-1-8] DEBUG org.asynchttpclient.netty.handler.HttpHandler - 

Request DefaultHttpRequest(decodeResult: success, version: HTTP/1.1)
POST /session/3c254f86ce92b83fc2f5596484e35219/element HTTP/1.1
User-Agent: selenium/4.12.0 (java windows)
Content-Length: 198
Content-Type: application/json; charset=utf-8
host: localhost:24422
accept: */*

Response DefaultHttpResponse(decodeResult: success, version: HTTP/1.1)
HTTP/1.1 200 OK
Content-Length: 127
Content-Type: application/json; charset=utf-8
cache-control: no-cache

20:14:47.938 [AsyncHttpClient-1-8] DEBUG org.asynchttpclient.netty.channel.ChannelManager - Adding key: http://localhost:24422 for channel [id: 0x77c863ec, L:/127.0.0.1:63308 - R:localhost/127.0.0.1:24422]
20:14:47.938 [Forwarding getElementText on session 3c254f86ce92b83fc2f5596484e35219 to remote] DEBUG org.asynchttpclient.netty.request.NettyRequestSender - Using pooled Channel '[id: 0x77c863ec, L:/127.0.0.1:63308 - R:localhost/127.0.0.1:24422]' for 'GET' to 'http://localhost:24422/session/3c254f86ce92b83fc2f5596484e35219/element/f.0D42F499B8319E5BC591CF3076C94661.d.BC790291DC5D1C85E416F288F15D8527.e.131/text'
20:14:47.938 [Forwarding getElementText on session 3c254f86ce92b83fc2f5596484e35219 to remote] DEBUG org.asynchttpclient.netty.request.NettyRequestSender - Using open Channel [id: 0x77c863ec, L:/127.0.0.1:63308 - R:localhost/127.0.0.1:24422] for GET '/session/3c254f86ce92b83fc2f5596484e35219/element/f.0D42F499B8319E5BC591CF3076C94661.d.BC790291DC5D1C85E416F288F15D8527.e.131/text'
20:14:47.949 [AsyncHttpClient-1-8] DEBUG org.asynchttpclient.netty.handler.HttpHandler - 

Request DefaultFullHttpRequest(decodeResult: success, version: HTTP/1.1, content: EmptyByteBufBE)
GET /session/3c254f86ce92b83fc2f5596484e35219/element/f.0D42F499B8319E5BC591CF3076C94661.d.BC790291DC5D1C85E416F288F15D8527.e.131/text HTTP/1.1
Cache-Control: no-cache
User-Agent: selenium/4.12.0 (java windows)
Content-Type: application/json; charset=utf-8
host: localhost:24422
accept: */*

Response DefaultHttpResponse(decodeResult: success, version: HTTP/1.1)
HTTP/1.1 200 OK
Content-Length: 23
Content-Type: application/json; charset=utf-8
cache-control: no-cache

20:14:47.949 [AsyncHttpClient-1-8] DEBUG org.asynchttpclient.netty.channel.ChannelManager - Adding key: http://localhost:24422 for channel [id: 0x77c863ec, L:/127.0.0.1:63308 - R:localhost/127.0.0.1:24422]
actual name: Ps_Const
20:14:47.949 [Forwarding findElement on session 3c254f86ce92b83fc2f5596484e35219 to remote] DEBUG org.asynchttpclient.netty.request.NettyRequestSender - Using pooled Channel '[id: 0x77c863ec, L:/127.0.0.1:63308 - R:localhost/127.0.0.1:24422]' for 'POST' to 'http://localhost:24422/session/3c254f86ce92b83fc2f5596484e35219/element'
20:14:47.949 [Forwarding findElement on session 3c254f86ce92b83fc2f5596484e35219 to remote] DEBUG org.asynchttpclient.netty.request.NettyRequestSender - Using open Channel [id: 0x77c863ec, L:/127.0.0.1:63308 - R:localhost/127.0.0.1:24422] for POST '/session/3c254f86ce92b83fc2f5596484e35219/element'
20:14:47.949 [AsyncHttpClient-1-8] DEBUG org.asynchttpclient.netty.handler.HttpHandler - 

Request DefaultHttpRequest(decodeResult: success, version: HTTP/1.1)
POST /session/3c254f86ce92b83fc2f5596484e35219/element HTTP/1.1
User-Agent: selenium/4.12.0 (java windows)
Content-Length: 198
Content-Type: application/json; charset=utf-8
host: localhost:24422
accept: */*

Response DefaultHttpResponse(decodeResult: success, version: HTTP/1.1)
HTTP/1.1 200 OK
Content-Length: 127
Content-Type: application/json; charset=utf-8
cache-control: no-cache

20:14:47.949 [AsyncHttpClient-1-8] DEBUG org.asynchttpclient.netty.channel.ChannelManager - Adding key: http://localhost:24422 for channel [id: 0x77c863ec, L:/127.0.0.1:63308 - R:localhost/127.0.0.1:24422]
20:14:47.949 [Forwarding getElementText on session 3c254f86ce92b83fc2f5596484e35219 to remote] DEBUG org.asynchttpclient.netty.request.NettyRequestSender - Using pooled Channel '[id: 0x77c863ec, L:/127.0.0.1:63308 - R:localhost/127.0.0.1:24422]' for 'GET' to 'http://localhost:24422/session/3c254f86ce92b83fc2f5596484e35219/element/f.0D42F499B8319E5BC591CF3076C94661.d.BC790291DC5D1C85E416F288F15D8527.e.132/text'
20:14:47.949 [Forwarding getElementText on session 3c254f86ce92b83fc2f5596484e35219 to remote] DEBUG org.asynchttpclient.netty.request.NettyRequestSender - Using open Channel [id: 0x77c863ec, L:/127.0.0.1:63308 - R:localhost/127.0.0.1:24422] for GET '/session/3c254f86ce92b83fc2f5596484e35219/element/f.0D42F499B8319E5BC591CF3076C94661.d.BC790291DC5D1C85E416F288F15D8527.e.132/text'
20:14:47.963 [AsyncHttpClient-1-8] DEBUG org.asynchttpclient.netty.handler.HttpHandler - 

Request DefaultFullHttpRequest(decodeResult: success, version: HTTP/1.1, content: EmptyByteBufBE)
GET /session/3c254f86ce92b83fc2f5596484e35219/element/f.0D42F499B8319E5BC591CF3076C94661.d.BC790291DC5D1C85E416F288F15D8527.e.132/text HTTP/1.1
Cache-Control: no-cache
User-Agent: selenium/4.12.0 (java windows)
Content-Type: application/json; charset=utf-8
host: localhost:24422
accept: */*

Response DefaultHttpResponse(decodeResult: success, version: HTTP/1.1)
HTTP/1.1 200 OK
Content-Length: 23
Content-Type: application/json; charset=utf-8
cache-control: no-cache

20:14:47.963 [AsyncHttpClient-1-8] DEBUG org.asynchttpclient.netty.channel.ChannelManager - Adding key: http://localhost:24422 for channel [id: 0x77c863ec, L:/127.0.0.1:63308 - R:localhost/127.0.0.1:24422]
actual name: Op_Steel
20:14:47.969 [Forwarding findElement on session 3c254f86ce92b83fc2f5596484e35219 to remote] DEBUG org.asynchttpclient.netty.request.NettyRequestSender - Using pooled Channel '[id: 0x77c863ec, L:/127.0.0.1:63308 - R:localhost/127.0.0.1:24422]' for 'POST' to 'http://localhost:24422/session/3c254f86ce92b83fc2f5596484e35219/element'
20:14:47.969 [Forwarding findElement on session 3c254f86ce92b83fc2f5596484e35219 to remote] DEBUG org.asynchttpclient.netty.request.NettyRequestSender - Using open Channel [id: 0x77c863ec, L:/127.0.0.1:63308 - R:localhost/127.0.0.1:24422] for POST '/session/3c254f86ce92b83fc2f5596484e35219/element'
20:14:47.971 [AsyncHttpClient-1-8] DEBUG org.asynchttpclient.netty.handler.HttpHandler - 

Request DefaultHttpRequest(decodeResult: success, version: HTTP/1.1)
POST /session/3c254f86ce92b83fc2f5596484e35219/element HTTP/1.1
User-Agent: selenium/4.12.0 (java windows)
Content-Length: 198
Content-Type: application/json; charset=utf-8
host: localhost:24422
accept: */*

Response DefaultHttpResponse(decodeResult: success, version: HTTP/1.1)
HTTP/1.1 200 OK
Content-Length: 127
Content-Type: application/json; charset=utf-8
cache-control: no-cache

20:14:47.971 [AsyncHttpClient-1-8] DEBUG org.asynchttpclient.netty.channel.ChannelManager - Adding key: http://localhost:24422 for channel [id: 0x77c863ec, L:/127.0.0.1:63308 - R:localhost/127.0.0.1:24422]
20:14:47.971 [Forwarding getElementText on session 3c254f86ce92b83fc2f5596484e35219 to remote] DEBUG org.asynchttpclient.netty.request.NettyRequestSender - Using pooled Channel '[id: 0x77c863ec, L:/127.0.0.1:63308 - R:localhost/127.0.0.1:24422]' for 'GET' to 'http://localhost:24422/session/3c254f86ce92b83fc2f5596484e35219/element/f.0D42F499B8319E5BC591CF3076C94661.d.BC790291DC5D1C85E416F288F15D8527.e.133/text'
20:14:47.971 [Forwarding getElementText on session 3c254f86ce92b83fc2f5596484e35219 to remote] DEBUG org.asynchttpclient.netty.request.NettyRequestSender - Using open Channel [id: 0x77c863ec, L:/127.0.0.1:63308 - R:localhost/127.0.0.1:24422] for GET '/session/3c254f86ce92b83fc2f5596484e35219/element/f.0D42F499B8319E5BC591CF3076C94661.d.BC790291DC5D1C85E416F288F15D8527.e.133/text'
20:14:47.979 [AsyncHttpClient-1-8] DEBUG org.asynchttpclient.netty.handler.HttpHandler - 

Request DefaultFullHttpRequest(decodeResult: success, version: HTTP/1.1, content: EmptyByteBufBE)
GET /session/3c254f86ce92b83fc2f5596484e35219/element/f.0D42F499B8319E5BC591CF3076C94661.d.BC790291DC5D1C85E416F288F15D8527.e.133/text HTTP/1.1
Cache-Control: no-cache
User-Agent: selenium/4.12.0 (java windows)
Content-Type: application/json; charset=utf-8
host: localhost:24422
accept: */*

Response DefaultHttpResponse(decodeResult: success, version: HTTP/1.1)
HTTP/1.1 200 OK
Content-Length: 23
Content-Type: application/json; charset=utf-8
cache-control: no-cache

20:14:47.979 [AsyncHttpClient-1-8] DEBUG org.asynchttpclient.netty.channel.ChannelManager - Adding key: http://localhost:24422 for channel [id: 0x77c863ec, L:/127.0.0.1:63308 - R:localhost/127.0.0.1:24422]
actual name: Tk_Steel
20:14:47.979 [Forwarding findElement on session 3c254f86ce92b83fc2f5596484e35219 to remote] DEBUG org.asynchttpclient.netty.request.NettyRequestSender - Using pooled Channel '[id: 0x77c863ec, L:/127.0.0.1:63308 - R:localhost/127.0.0.1:24422]' for 'POST' to 'http://localhost:24422/session/3c254f86ce92b83fc2f5596484e35219/element'
20:14:47.979 [Forwarding findElement on session 3c254f86ce92b83fc2f5596484e35219 to remote] DEBUG org.asynchttpclient.netty.request.NettyRequestSender - Using open Channel [id: 0x77c863ec, L:/127.0.0.1:63308 - R:localhost/127.0.0.1:24422] for POST '/session/3c254f86ce92b83fc2f5596484e35219/element'
20:14:47.979 [AsyncHttpClient-1-8] DEBUG org.asynchttpclient.netty.handler.HttpHandler - 

Request DefaultHttpRequest(decodeResult: success, version: HTTP/1.1)
POST /session/3c254f86ce92b83fc2f5596484e35219/element HTTP/1.1
User-Agent: selenium/4.12.0 (java windows)
Content-Length: 198
Content-Type: application/json; charset=utf-8
host: localhost:24422
accept: */*

Response DefaultHttpResponse(decodeResult: success, version: HTTP/1.1)
HTTP/1.1 200 OK
Content-Length: 127
Content-Type: application/json; charset=utf-8
cache-control: no-cache

20:14:47.994 [AsyncHttpClient-1-8] DEBUG org.asynchttpclient.netty.channel.ChannelManager - Adding key: http://localhost:24422 for channel [id: 0x77c863ec, L:/127.0.0.1:63308 - R:localhost/127.0.0.1:24422]
20:14:47.994 [Forwarding getElementText on session 3c254f86ce92b83fc2f5596484e35219 to remote] DEBUG org.asynchttpclient.netty.request.NettyRequestSender - Using pooled Channel '[id: 0x77c863ec, L:/127.0.0.1:63308 - R:localhost/127.0.0.1:24422]' for 'GET' to 'http://localhost:24422/session/3c254f86ce92b83fc2f5596484e35219/element/f.0D42F499B8319E5BC591CF3076C94661.d.BC790291DC5D1C85E416F288F15D8527.e.134/text'
20:14:47.994 [Forwarding getElementText on session 3c254f86ce92b83fc2f5596484e35219 to remote] DEBUG org.asynchttpclient.netty.request.NettyRequestSender - Using open Channel [id: 0x77c863ec, L:/127.0.0.1:63308 - R:localhost/127.0.0.1:24422] for GET '/session/3c254f86ce92b83fc2f5596484e35219/element/f.0D42F499B8319E5BC591CF3076C94661.d.BC790291DC5D1C85E416F288F15D8527.e.134/text'
20:14:47.994 [AsyncHttpClient-1-8] DEBUG org.asynchttpclient.netty.handler.HttpHandler - 

Request DefaultFullHttpRequest(decodeResult: success, version: HTTP/1.1, content: EmptyByteBufBE)
GET /session/3c254f86ce92b83fc2f5596484e35219/element/f.0D42F499B8319E5BC591CF3076C94661.d.BC790291DC5D1C85E416F288F15D8527.e.134/text HTTP/1.1
Cache-Control: no-cache
User-Agent: selenium/4.12.0 (java windows)
Content-Type: application/json; charset=utf-8
host: localhost:24422
accept: */*

Response DefaultHttpResponse(decodeResult: success, version: HTTP/1.1)
HTTP/1.1 200 OK
Content-Length: 23
Content-Type: application/json; charset=utf-8
cache-control: no-cache

20:14:47.994 [AsyncHttpClient-1-8] DEBUG org.asynchttpclient.netty.channel.ChannelManager - Adding key: http://localhost:24422 for channel [id: 0x77c863ec, L:/127.0.0.1:63308 - R:localhost/127.0.0.1:24422]
actual name: Wk_Const
20:14:47.994 [Forwarding findElement on session 3c254f86ce92b83fc2f5596484e35219 to remote] DEBUG org.asynchttpclient.netty.request.NettyRequestSender - Using pooled Channel '[id: 0x77c863ec, L:/127.0.0.1:63308 - R:localhost/127.0.0.1:24422]' for 'POST' to 'http://localhost:24422/session/3c254f86ce92b83fc2f5596484e35219/element'
20:14:47.994 [Forwarding findElement on session 3c254f86ce92b83fc2f5596484e35219 to remote] DEBUG org.asynchttpclient.netty.request.NettyRequestSender - Using open Channel [id: 0x77c863ec, L:/127.0.0.1:63308 - R:localhost/127.0.0.1:24422] for POST '/session/3c254f86ce92b83fc2f5596484e35219/element'
20:14:47.994 [AsyncHttpClient-1-8] DEBUG org.asynchttpclient.netty.handler.HttpHandler - 

Request DefaultHttpRequest(decodeResult: success, version: HTTP/1.1)
POST /session/3c254f86ce92b83fc2f5596484e35219/element HTTP/1.1
User-Agent: selenium/4.12.0 (java windows)
Content-Length: 198
Content-Type: application/json; charset=utf-8
host: localhost:24422
accept: */*

Response DefaultHttpResponse(decodeResult: success, version: HTTP/1.1)
HTTP/1.1 200 OK
Content-Length: 127
Content-Type: application/json; charset=utf-8
cache-control: no-cache

20:14:47.994 [AsyncHttpClient-1-8] DEBUG org.asynchttpclient.netty.channel.ChannelManager - Adding key: http://localhost:24422 for channel [id: 0x77c863ec, L:/127.0.0.1:63308 - R:localhost/127.0.0.1:24422]
20:14:47.994 [Forwarding getElementText on session 3c254f86ce92b83fc2f5596484e35219 to remote] DEBUG org.asynchttpclient.netty.request.NettyRequestSender - Using pooled Channel '[id: 0x77c863ec, L:/127.0.0.1:63308 - R:localhost/127.0.0.1:24422]' for 'GET' to 'http://localhost:24422/session/3c254f86ce92b83fc2f5596484e35219/element/f.0D42F499B8319E5BC591CF3076C94661.d.BC790291DC5D1C85E416F288F15D8527.e.135/text'
20:14:47.994 [Forwarding getElementText on session 3c254f86ce92b83fc2f5596484e35219 to remote] DEBUG org.asynchttpclient.netty.request.NettyRequestSender - Using open Channel [id: 0x77c863ec, L:/127.0.0.1:63308 - R:localhost/127.0.0.1:24422] for GET '/session/3c254f86ce92b83fc2f5596484e35219/element/f.0D42F499B8319E5BC591CF3076C94661.d.BC790291DC5D1C85E416F288F15D8527.e.135/text'
20:14:48.011 [AsyncHttpClient-1-8] DEBUG org.asynchttpclient.netty.handler.HttpHandler - 

Request DefaultFullHttpRequest(decodeResult: success, version: HTTP/1.1, content: EmptyByteBufBE)
GET /session/3c254f86ce92b83fc2f5596484e35219/element/f.0D42F499B8319E5BC591CF3076C94661.d.BC790291DC5D1C85E416F288F15D8527.e.135/text HTTP/1.1
Cache-Control: no-cache
User-Agent: selenium/4.12.0 (java windows)
Content-Type: application/json; charset=utf-8
host: localhost:24422
accept: */*

Response DefaultHttpResponse(decodeResult: success, version: HTTP/1.1)
HTTP/1.1 200 OK
Content-Length: 23
Content-Type: application/json; charset=utf-8
cache-control: no-cache

20:14:48.011 [AsyncHttpClient-1-8] DEBUG org.asynchttpclient.netty.channel.ChannelManager - Adding key: http://localhost:24422 for channel [id: 0x77c863ec, L:/127.0.0.1:63308 - R:localhost/127.0.0.1:24422]
actual name: Ps_Const
20:14:48.011 [Forwarding findElement on session 3c254f86ce92b83fc2f5596484e35219 to remote] DEBUG org.asynchttpclient.netty.request.NettyRequestSender - Using pooled Channel '[id: 0x77c863ec, L:/127.0.0.1:63308 - R:localhost/127.0.0.1:24422]' for 'POST' to 'http://localhost:24422/session/3c254f86ce92b83fc2f5596484e35219/element'
20:14:48.011 [Forwarding findElement on session 3c254f86ce92b83fc2f5596484e35219 to remote] DEBUG org.asynchttpclient.netty.request.NettyRequestSender - Using open Channel [id: 0x77c863ec, L:/127.0.0.1:63308 - R:localhost/127.0.0.1:24422] for POST '/session/3c254f86ce92b83fc2f5596484e35219/element'
20:14:48.011 [AsyncHttpClient-1-8] DEBUG org.asynchttpclient.netty.handler.HttpHandler - 

Request DefaultHttpRequest(decodeResult: success, version: HTTP/1.1)
POST /session/3c254f86ce92b83fc2f5596484e35219/element HTTP/1.1
User-Agent: selenium/4.12.0 (java windows)
Content-Length: 199
Content-Type: application/json; charset=utf-8
host: localhost:24422
accept: */*

Response DefaultHttpResponse(decodeResult: success, version: HTTP/1.1)
HTTP/1.1 200 OK
Content-Length: 127
Content-Type: application/json; charset=utf-8
cache-control: no-cache

20:14:48.011 [AsyncHttpClient-1-8] DEBUG org.asynchttpclient.netty.channel.ChannelManager - Adding key: http://localhost:24422 for channel [id: 0x77c863ec, L:/127.0.0.1:63308 - R:localhost/127.0.0.1:24422]
20:14:48.011 [Forwarding getElementText on session 3c254f86ce92b83fc2f5596484e35219 to remote] DEBUG org.asynchttpclient.netty.request.NettyRequestSender - Using pooled Channel '[id: 0x77c863ec, L:/127.0.0.1:63308 - R:localhost/127.0.0.1:24422]' for 'GET' to 'http://localhost:24422/session/3c254f86ce92b83fc2f5596484e35219/element/f.0D42F499B8319E5BC591CF3076C94661.d.BC790291DC5D1C85E416F288F15D8527.e.136/text'
20:14:48.011 [Forwarding getElementText on session 3c254f86ce92b83fc2f5596484e35219 to remote] DEBUG org.asynchttpclient.netty.request.NettyRequestSender - Using open Channel [id: 0x77c863ec, L:/127.0.0.1:63308 - R:localhost/127.0.0.1:24422] for GET '/session/3c254f86ce92b83fc2f5596484e35219/element/f.0D42F499B8319E5BC591CF3076C94661.d.BC790291DC5D1C85E416F288F15D8527.e.136/text'
20:14:48.026 [AsyncHttpClient-1-8] DEBUG org.asynchttpclient.netty.handler.HttpHandler - 

Request DefaultFullHttpRequest(decodeResult: success, version: HTTP/1.1, content: EmptyByteBufBE)
GET /session/3c254f86ce92b83fc2f5596484e35219/element/f.0D42F499B8319E5BC591CF3076C94661.d.BC790291DC5D1C85E416F288F15D8527.e.136/text HTTP/1.1
Cache-Control: no-cache
User-Agent: selenium/4.12.0 (java windows)
Content-Type: application/json; charset=utf-8
host: localhost:24422
accept: */*

Response DefaultHttpResponse(decodeResult: success, version: HTTP/1.1)
HTTP/1.1 200 OK
Content-Length: 23
Content-Type: application/json; charset=utf-8
cache-control: no-cache

20:14:48.026 [AsyncHttpClient-1-8] DEBUG org.asynchttpclient.netty.channel.ChannelManager - Adding key: http://localhost:24422 for channel [id: 0x77c863ec, L:/127.0.0.1:63308 - R:localhost/127.0.0.1:24422]
actual name: Op_Steel
20:14:48.026 [Forwarding findElement on session 3c254f86ce92b83fc2f5596484e35219 to remote] DEBUG org.asynchttpclient.netty.request.NettyRequestSender - Using pooled Channel '[id: 0x77c863ec, L:/127.0.0.1:63308 - R:localhost/127.0.0.1:24422]' for 'POST' to 'http://localhost:24422/session/3c254f86ce92b83fc2f5596484e35219/element'
20:14:48.026 [Forwarding findElement on session 3c254f86ce92b83fc2f5596484e35219 to remote] DEBUG org.asynchttpclient.netty.request.NettyRequestSender - Using open Channel [id: 0x77c863ec, L:/127.0.0.1:63308 - R:localhost/127.0.0.1:24422] for POST '/session/3c254f86ce92b83fc2f5596484e35219/element'
20:14:48.026 [AsyncHttpClient-1-8] DEBUG org.asynchttpclient.netty.handler.HttpHandler - 

Request DefaultHttpRequest(decodeResult: success, version: HTTP/1.1)
POST /session/3c254f86ce92b83fc2f5596484e35219/element HTTP/1.1
User-Agent: selenium/4.12.0 (java windows)
Content-Length: 199
Content-Type: application/json; charset=utf-8
host: localhost:24422
accept: */*

Response DefaultHttpResponse(decodeResult: success, version: HTTP/1.1)
HTTP/1.1 200 OK
Content-Length: 127
Content-Type: application/json; charset=utf-8
cache-control: no-cache

20:14:48.026 [AsyncHttpClient-1-8] DEBUG org.asynchttpclient.netty.channel.ChannelManager - Adding key: http://localhost:24422 for channel [id: 0x77c863ec, L:/127.0.0.1:63308 - R:localhost/127.0.0.1:24422]
20:14:48.026 [Forwarding getElementText on session 3c254f86ce92b83fc2f5596484e35219 to remote] DEBUG org.asynchttpclient.netty.request.NettyRequestSender - Using pooled Channel '[id: 0x77c863ec, L:/127.0.0.1:63308 - R:localhost/127.0.0.1:24422]' for 'GET' to 'http://localhost:24422/session/3c254f86ce92b83fc2f5596484e35219/element/f.0D42F499B8319E5BC591CF3076C94661.d.BC790291DC5D1C85E416F288F15D8527.e.137/text'
20:14:48.026 [Forwarding getElementText on session 3c254f86ce92b83fc2f5596484e35219 to remote] DEBUG org.asynchttpclient.netty.request.NettyRequestSender - Using open Channel [id: 0x77c863ec, L:/127.0.0.1:63308 - R:localhost/127.0.0.1:24422] for GET '/session/3c254f86ce92b83fc2f5596484e35219/element/f.0D42F499B8319E5BC591CF3076C94661.d.BC790291DC5D1C85E416F288F15D8527.e.137/text'
20:14:48.042 [AsyncHttpClient-1-8] DEBUG org.asynchttpclient.netty.handler.HttpHandler - 

Request DefaultFullHttpRequest(decodeResult: success, version: HTTP/1.1, content: EmptyByteBufBE)
GET /session/3c254f86ce92b83fc2f5596484e35219/element/f.0D42F499B8319E5BC591CF3076C94661.d.BC790291DC5D1C85E416F288F15D8527.e.137/text HTTP/1.1
Cache-Control: no-cache
User-Agent: selenium/4.12.0 (java windows)
Content-Type: application/json; charset=utf-8
host: localhost:24422
accept: */*

Response DefaultHttpResponse(decodeResult: success, version: HTTP/1.1)
HTTP/1.1 200 OK
Content-Length: 23
Content-Type: application/json; charset=utf-8
cache-control: no-cache

20:14:48.042 [AsyncHttpClient-1-8] DEBUG org.asynchttpclient.netty.channel.ChannelManager - Adding key: http://localhost:24422 for channel [id: 0x77c863ec, L:/127.0.0.1:63308 - R:localhost/127.0.0.1:24422]
actual name: Tk_Steel
20:14:48.042 [Forwarding findElement on session 3c254f86ce92b83fc2f5596484e35219 to remote] DEBUG org.asynchttpclient.netty.request.NettyRequestSender - Using pooled Channel '[id: 0x77c863ec, L:/127.0.0.1:63308 - R:localhost/127.0.0.1:24422]' for 'POST' to 'http://localhost:24422/session/3c254f86ce92b83fc2f5596484e35219/element'
20:14:48.042 [Forwarding findElement on session 3c254f86ce92b83fc2f5596484e35219 to remote] DEBUG org.asynchttpclient.netty.request.NettyRequestSender - Using open Channel [id: 0x77c863ec, L:/127.0.0.1:63308 - R:localhost/127.0.0.1:24422] for POST '/session/3c254f86ce92b83fc2f5596484e35219/element'
20:14:48.049 [AsyncHttpClient-1-8] DEBUG org.asynchttpclient.netty.handler.HttpHandler - 

Request DefaultHttpRequest(decodeResult: success, version: HTTP/1.1)
POST /session/3c254f86ce92b83fc2f5596484e35219/element HTTP/1.1
User-Agent: selenium/4.12.0 (java windows)
Content-Length: 199
Content-Type: application/json; charset=utf-8
host: localhost:24422
accept: */*

Response DefaultHttpResponse(decodeResult: success, version: HTTP/1.1)
HTTP/1.1 200 OK
Content-Length: 127
Content-Type: application/json; charset=utf-8
cache-control: no-cache

20:14:48.049 [AsyncHttpClient-1-8] DEBUG org.asynchttpclient.netty.channel.ChannelManager - Adding key: http://localhost:24422 for channel [id: 0x77c863ec, L:/127.0.0.1:63308 - R:localhost/127.0.0.1:24422]
20:14:48.049 [Forwarding getElementText on session 3c254f86ce92b83fc2f5596484e35219 to remote] DEBUG org.asynchttpclient.netty.request.NettyRequestSender - Using pooled Channel '[id: 0x77c863ec, L:/127.0.0.1:63308 - R:localhost/127.0.0.1:24422]' for 'GET' to 'http://localhost:24422/session/3c254f86ce92b83fc2f5596484e35219/element/f.0D42F499B8319E5BC591CF3076C94661.d.BC790291DC5D1C85E416F288F15D8527.e.138/text'
20:14:48.049 [Forwarding getElementText on session 3c254f86ce92b83fc2f5596484e35219 to remote] DEBUG org.asynchttpclient.netty.request.NettyRequestSender - Using open Channel [id: 0x77c863ec, L:/127.0.0.1:63308 - R:localhost/127.0.0.1:24422] for GET '/session/3c254f86ce92b83fc2f5596484e35219/element/f.0D42F499B8319E5BC591CF3076C94661.d.BC790291DC5D1C85E416F288F15D8527.e.138/text'
20:14:48.057 [AsyncHttpClient-1-8] DEBUG org.asynchttpclient.netty.handler.HttpHandler - 

Request DefaultFullHttpRequest(decodeResult: success, version: HTTP/1.1, content: EmptyByteBufBE)
GET /session/3c254f86ce92b83fc2f5596484e35219/element/f.0D42F499B8319E5BC591CF3076C94661.d.BC790291DC5D1C85E416F288F15D8527.e.138/text HTTP/1.1
Cache-Control: no-cache
User-Agent: selenium/4.12.0 (java windows)
Content-Type: application/json; charset=utf-8
host: localhost:24422
accept: */*

Response DefaultHttpResponse(decodeResult: success, version: HTTP/1.1)
HTTP/1.1 200 OK
Content-Length: 23
Content-Type: application/json; charset=utf-8
cache-control: no-cache

20:14:48.057 [AsyncHttpClient-1-8] DEBUG org.asynchttpclient.netty.channel.ChannelManager - Adding key: http://localhost:24422 for channel [id: 0x77c863ec, L:/127.0.0.1:63308 - R:localhost/127.0.0.1:24422]
actual name: Tk_Steel
20:14:48.057 [Forwarding findElement on session 3c254f86ce92b83fc2f5596484e35219 to remote] DEBUG org.asynchttpclient.netty.request.NettyRequestSender - Using pooled Channel '[id: 0x77c863ec, L:/127.0.0.1:63308 - R:localhost/127.0.0.1:24422]' for 'POST' to 'http://localhost:24422/session/3c254f86ce92b83fc2f5596484e35219/element'
20:14:48.057 [Forwarding findElement on session 3c254f86ce92b83fc2f5596484e35219 to remote] DEBUG org.asynchttpclient.netty.request.NettyRequestSender - Using open Channel [id: 0x77c863ec, L:/127.0.0.1:63308 - R:localhost/127.0.0.1:24422] for POST '/session/3c254f86ce92b83fc2f5596484e35219/element'
20:14:48.073 [AsyncHttpClient-1-8] DEBUG org.asynchttpclient.netty.handler.HttpHandler - 

Request DefaultHttpRequest(decodeResult: success, version: HTTP/1.1)
POST /session/3c254f86ce92b83fc2f5596484e35219/element HTTP/1.1
User-Agent: selenium/4.12.0 (java windows)
Content-Length: 199
Content-Type: application/json; charset=utf-8
host: localhost:24422
accept: */*

Response DefaultHttpResponse(decodeResult: success, version: HTTP/1.1)
HTTP/1.1 200 OK
Content-Length: 127
Content-Type: application/json; charset=utf-8
cache-control: no-cache

20:14:48.073 [AsyncHttpClient-1-8] DEBUG org.asynchttpclient.netty.channel.ChannelManager - Adding key: http://localhost:24422 for channel [id: 0x77c863ec, L:/127.0.0.1:63308 - R:localhost/127.0.0.1:24422]
20:14:48.073 [Forwarding getElementText on session 3c254f86ce92b83fc2f5596484e35219 to remote] DEBUG org.asynchttpclient.netty.request.NettyRequestSender - Using pooled Channel '[id: 0x77c863ec, L:/127.0.0.1:63308 - R:localhost/127.0.0.1:24422]' for 'GET' to 'http://localhost:24422/session/3c254f86ce92b83fc2f5596484e35219/element/f.0D42F499B8319E5BC591CF3076C94661.d.BC790291DC5D1C85E416F288F15D8527.e.139/text'
20:14:48.073 [Forwarding getElementText on session 3c254f86ce92b83fc2f5596484e35219 to remote] DEBUG org.asynchttpclient.netty.request.NettyRequestSender - Using open Channel [id: 0x77c863ec, L:/127.0.0.1:63308 - R:localhost/127.0.0.1:24422] for GET '/session/3c254f86ce92b83fc2f5596484e35219/element/f.0D42F499B8319E5BC591CF3076C94661.d.BC790291DC5D1C85E416F288F15D8527.e.139/text'
20:14:48.073 [AsyncHttpClient-1-8] DEBUG org.asynchttpclient.netty.handler.HttpHandler - 

Request DefaultFullHttpRequest(decodeResult: success, version: HTTP/1.1, content: EmptyByteBufBE)
GET /session/3c254f86ce92b83fc2f5596484e35219/element/f.0D42F499B8319E5BC591CF3076C94661.d.BC790291DC5D1C85E416F288F15D8527.e.139/text HTTP/1.1
Cache-Control: no-cache
User-Agent: selenium/4.12.0 (java windows)
Content-Type: application/json; charset=utf-8
host: localhost:24422
accept: */*

Response DefaultHttpResponse(decodeResult: success, version: HTTP/1.1)
HTTP/1.1 200 OK
Content-Length: 23
Content-Type: application/json; charset=utf-8
cache-control: no-cache

20:14:48.073 [AsyncHttpClient-1-8] DEBUG org.asynchttpclient.netty.channel.ChannelManager - Adding key: http://localhost:24422 for channel [id: 0x77c863ec, L:/127.0.0.1:63308 - R:localhost/127.0.0.1:24422]
actual name: Tk_Steel
20:14:48.073 [Forwarding findElement on session 3c254f86ce92b83fc2f5596484e35219 to remote] DEBUG org.asynchttpclient.netty.request.NettyRequestSender - Using pooled Channel '[id: 0x77c863ec, L:/127.0.0.1:63308 - R:localhost/127.0.0.1:24422]' for 'POST' to 'http://localhost:24422/session/3c254f86ce92b83fc2f5596484e35219/element'
20:14:48.073 [Forwarding findElement on session 3c254f86ce92b83fc2f5596484e35219 to remote] DEBUG org.asynchttpclient.netty.request.NettyRequestSender - Using open Channel [id: 0x77c863ec, L:/127.0.0.1:63308 - R:localhost/127.0.0.1:24422] for POST '/session/3c254f86ce92b83fc2f5596484e35219/element'
20:14:48.089 [AsyncHttpClient-1-8] DEBUG org.asynchttpclient.netty.handler.HttpHandler - 

Request DefaultHttpRequest(decodeResult: success, version: HTTP/1.1)
POST /session/3c254f86ce92b83fc2f5596484e35219/element HTTP/1.1
User-Agent: selenium/4.12.0 (java windows)
Content-Length: 199
Content-Type: application/json; charset=utf-8
host: localhost:24422
accept: */*

Response DefaultHttpResponse(decodeResult: success, version: HTTP/1.1)
HTTP/1.1 200 OK
Content-Length: 127
Content-Type: application/json; charset=utf-8
cache-control: no-cache

20:14:48.089 [AsyncHttpClient-1-8] DEBUG org.asynchttpclient.netty.channel.ChannelManager - Adding key: http://localhost:24422 for channel [id: 0x77c863ec, L:/127.0.0.1:63308 - R:localhost/127.0.0.1:24422]
20:14:48.089 [Forwarding getElementText on session 3c254f86ce92b83fc2f5596484e35219 to remote] DEBUG org.asynchttpclient.netty.request.NettyRequestSender - Using pooled Channel '[id: 0x77c863ec, L:/127.0.0.1:63308 - R:localhost/127.0.0.1:24422]' for 'GET' to 'http://localhost:24422/session/3c254f86ce92b83fc2f5596484e35219/element/f.0D42F499B8319E5BC591CF3076C94661.d.BC790291DC5D1C85E416F288F15D8527.e.140/text'
20:14:48.089 [Forwarding getElementText on session 3c254f86ce92b83fc2f5596484e35219 to remote] DEBUG org.asynchttpclient.netty.request.NettyRequestSender - Using open Channel [id: 0x77c863ec, L:/127.0.0.1:63308 - R:localhost/127.0.0.1:24422] for GET '/session/3c254f86ce92b83fc2f5596484e35219/element/f.0D42F499B8319E5BC591CF3076C94661.d.BC790291DC5D1C85E416F288F15D8527.e.140/text'
20:14:48.089 [AsyncHttpClient-1-8] DEBUG org.asynchttpclient.netty.handler.HttpHandler - 

Request DefaultFullHttpRequest(decodeResult: success, version: HTTP/1.1, content: EmptyByteBufBE)
GET /session/3c254f86ce92b83fc2f5596484e35219/element/f.0D42F499B8319E5BC591CF3076C94661.d.BC790291DC5D1C85E416F288F15D8527.e.140/text HTTP/1.1
Cache-Control: no-cache
User-Agent: selenium/4.12.0 (java windows)
Content-Type: application/json; charset=utf-8
host: localhost:24422
accept: */*

Response DefaultHttpResponse(decodeResult: success, version: HTTP/1.1)
HTTP/1.1 200 OK
Content-Length: 23
Content-Type: application/json; charset=utf-8
cache-control: no-cache

20:14:48.089 [AsyncHttpClient-1-8] DEBUG org.asynchttpclient.netty.channel.ChannelManager - Adding key: http://localhost:24422 for channel [id: 0x77c863ec, L:/127.0.0.1:63308 - R:localhost/127.0.0.1:24422]
actual name: Tk_Steel
20:14:48.089 [Forwarding findElement on session 3c254f86ce92b83fc2f5596484e35219 to remote] DEBUG org.asynchttpclient.netty.request.NettyRequestSender - Using pooled Channel '[id: 0x77c863ec, L:/127.0.0.1:63308 - R:localhost/127.0.0.1:24422]' for 'POST' to 'http://localhost:24422/session/3c254f86ce92b83fc2f5596484e35219/element'
20:14:48.089 [Forwarding findElement on session 3c254f86ce92b83fc2f5596484e35219 to remote] DEBUG org.asynchttpclient.netty.request.NettyRequestSender - Using open Channel [id: 0x77c863ec, L:/127.0.0.1:63308 - R:localhost/127.0.0.1:24422] for POST '/session/3c254f86ce92b83fc2f5596484e35219/element'
20:14:48.104 [AsyncHttpClient-1-8] DEBUG org.asynchttpclient.netty.handler.HttpHandler - 

Request DefaultHttpRequest(decodeResult: success, version: HTTP/1.1)
POST /session/3c254f86ce92b83fc2f5596484e35219/element HTTP/1.1
User-Agent: selenium/4.12.0 (java windows)
Content-Length: 199
Content-Type: application/json; charset=utf-8
host: localhost:24422
accept: */*

Response DefaultHttpResponse(decodeResult: success, version: HTTP/1.1)
HTTP/1.1 200 OK
Content-Length: 127
Content-Type: application/json; charset=utf-8
cache-control: no-cache

20:14:48.104 [AsyncHttpClient-1-8] DEBUG org.asynchttpclient.netty.channel.ChannelManager - Adding key: http://localhost:24422 for channel [id: 0x77c863ec, L:/127.0.0.1:63308 - R:localhost/127.0.0.1:24422]
20:14:48.104 [Forwarding getElementText on session 3c254f86ce92b83fc2f5596484e35219 to remote] DEBUG org.asynchttpclient.netty.request.NettyRequestSender - Using pooled Channel '[id: 0x77c863ec, L:/127.0.0.1:63308 - R:localhost/127.0.0.1:24422]' for 'GET' to 'http://localhost:24422/session/3c254f86ce92b83fc2f5596484e35219/element/f.0D42F499B8319E5BC591CF3076C94661.d.BC790291DC5D1C85E416F288F15D8527.e.141/text'
20:14:48.104 [Forwarding getElementText on session 3c254f86ce92b83fc2f5596484e35219 to remote] DEBUG org.asynchttpclient.netty.request.NettyRequestSender - Using open Channel [id: 0x77c863ec, L:/127.0.0.1:63308 - R:localhost/127.0.0.1:24422] for GET '/session/3c254f86ce92b83fc2f5596484e35219/element/f.0D42F499B8319E5BC591CF3076C94661.d.BC790291DC5D1C85E416F288F15D8527.e.141/text'
20:14:48.104 [AsyncHttpClient-1-8] DEBUG org.asynchttpclient.netty.handler.HttpHandler - 

Request DefaultFullHttpRequest(decodeResult: success, version: HTTP/1.1, content: EmptyByteBufBE)
GET /session/3c254f86ce92b83fc2f5596484e35219/element/f.0D42F499B8319E5BC591CF3076C94661.d.BC790291DC5D1C85E416F288F15D8527.e.141/text HTTP/1.1
Cache-Control: no-cache
User-Agent: selenium/4.12.0 (java windows)
Content-Type: application/json; charset=utf-8
host: localhost:24422
accept: */*

Response DefaultHttpResponse(decodeResult: success, version: HTTP/1.1)
HTTP/1.1 200 OK
Content-Length: 23
Content-Type: application/json; charset=utf-8
cache-control: no-cache

20:14:48.104 [AsyncHttpClient-1-8] DEBUG org.asynchttpclient.netty.channel.ChannelManager - Adding key: http://localhost:24422 for channel [id: 0x77c863ec, L:/127.0.0.1:63308 - R:localhost/127.0.0.1:24422]
actual name: Rr_Steel
20:14:48.104 [Forwarding findElement on session 3c254f86ce92b83fc2f5596484e35219 to remote] DEBUG org.asynchttpclient.netty.request.NettyRequestSender - Using pooled Channel '[id: 0x77c863ec, L:/127.0.0.1:63308 - R:localhost/127.0.0.1:24422]' for 'POST' to 'http://localhost:24422/session/3c254f86ce92b83fc2f5596484e35219/element'
20:14:48.104 [Forwarding findElement on session 3c254f86ce92b83fc2f5596484e35219 to remote] DEBUG org.asynchttpclient.netty.request.NettyRequestSender - Using open Channel [id: 0x77c863ec, L:/127.0.0.1:63308 - R:localhost/127.0.0.1:24422] for POST '/session/3c254f86ce92b83fc2f5596484e35219/element'
20:14:48.120 [AsyncHttpClient-1-8] DEBUG org.asynchttpclient.netty.handler.HttpHandler - 

Request DefaultHttpRequest(decodeResult: success, version: HTTP/1.1)
POST /session/3c254f86ce92b83fc2f5596484e35219/element HTTP/1.1
User-Agent: selenium/4.12.0 (java windows)
Content-Length: 199
Content-Type: application/json; charset=utf-8
host: localhost:24422
accept: */*

Response DefaultHttpResponse(decodeResult: success, version: HTTP/1.1)
HTTP/1.1 200 OK
Content-Length: 127
Content-Type: application/json; charset=utf-8
cache-control: no-cache

20:14:48.120 [AsyncHttpClient-1-8] DEBUG org.asynchttpclient.netty.channel.ChannelManager - Adding key: http://localhost:24422 for channel [id: 0x77c863ec, L:/127.0.0.1:63308 - R:localhost/127.0.0.1:24422]
20:14:48.136 [Forwarding getElementText on session 3c254f86ce92b83fc2f5596484e35219 to remote] DEBUG org.asynchttpclient.netty.request.NettyRequestSender - Using pooled Channel '[id: 0x77c863ec, L:/127.0.0.1:63308 - R:localhost/127.0.0.1:24422]' for 'GET' to 'http://localhost:24422/session/3c254f86ce92b83fc2f5596484e35219/element/f.0D42F499B8319E5BC591CF3076C94661.d.BC790291DC5D1C85E416F288F15D8527.e.142/text'
20:14:48.136 [Forwarding getElementText on session 3c254f86ce92b83fc2f5596484e35219 to remote] DEBUG org.asynchttpclient.netty.request.NettyRequestSender - Using open Channel [id: 0x77c863ec, L:/127.0.0.1:63308 - R:localhost/127.0.0.1:24422] for GET '/session/3c254f86ce92b83fc2f5596484e35219/element/f.0D42F499B8319E5BC591CF3076C94661.d.BC790291DC5D1C85E416F288F15D8527.e.142/text'
20:14:48.136 [AsyncHttpClient-1-8] DEBUG org.asynchttpclient.netty.handler.HttpHandler - 

Request DefaultFullHttpRequest(decodeResult: success, version: HTTP/1.1, content: EmptyByteBufBE)
GET /session/3c254f86ce92b83fc2f5596484e35219/element/f.0D42F499B8319E5BC591CF3076C94661.d.BC790291DC5D1C85E416F288F15D8527.e.142/text HTTP/1.1
Cache-Control: no-cache
User-Agent: selenium/4.12.0 (java windows)
Content-Type: application/json; charset=utf-8
host: localhost:24422
accept: */*

Response DefaultHttpResponse(decodeResult: success, version: HTTP/1.1)
HTTP/1.1 200 OK
Content-Length: 23
Content-Type: application/json; charset=utf-8
cache-control: no-cache

20:14:48.136 [AsyncHttpClient-1-8] DEBUG org.asynchttpclient.netty.channel.ChannelManager - Adding key: http://localhost:24422 for channel [id: 0x77c863ec, L:/127.0.0.1:63308 - R:localhost/127.0.0.1:24422]
actual name: Tk_Steel
20:14:48.136 [Forwarding findElement on session 3c254f86ce92b83fc2f5596484e35219 to remote] DEBUG org.asynchttpclient.netty.request.NettyRequestSender - Using pooled Channel '[id: 0x77c863ec, L:/127.0.0.1:63308 - R:localhost/127.0.0.1:24422]' for 'POST' to 'http://localhost:24422/session/3c254f86ce92b83fc2f5596484e35219/element'
20:14:48.136 [Forwarding findElement on session 3c254f86ce92b83fc2f5596484e35219 to remote] DEBUG org.asynchttpclient.netty.request.NettyRequestSender - Using open Channel [id: 0x77c863ec, L:/127.0.0.1:63308 - R:localhost/127.0.0.1:24422] for POST '/session/3c254f86ce92b83fc2f5596484e35219/element'
20:14:48.151 [AsyncHttpClient-1-8] DEBUG org.asynchttpclient.netty.handler.HttpHandler - 

Request DefaultHttpRequest(decodeResult: success, version: HTTP/1.1)
POST /session/3c254f86ce92b83fc2f5596484e35219/element HTTP/1.1
User-Agent: selenium/4.12.0 (java windows)
Content-Length: 199
Content-Type: application/json; charset=utf-8
host: localhost:24422
accept: */*

Response DefaultHttpResponse(decodeResult: success, version: HTTP/1.1)
HTTP/1.1 200 OK
Content-Length: 127
Content-Type: application/json; charset=utf-8
cache-control: no-cache

20:14:48.151 [AsyncHttpClient-1-8] DEBUG org.asynchttpclient.netty.channel.ChannelManager - Adding key: http://localhost:24422 for channel [id: 0x77c863ec, L:/127.0.0.1:63308 - R:localhost/127.0.0.1:24422]
20:14:48.151 [Forwarding getElementText on session 3c254f86ce92b83fc2f5596484e35219 to remote] DEBUG org.asynchttpclient.netty.request.NettyRequestSender - Using pooled Channel '[id: 0x77c863ec, L:/127.0.0.1:63308 - R:localhost/127.0.0.1:24422]' for 'GET' to 'http://localhost:24422/session/3c254f86ce92b83fc2f5596484e35219/element/f.0D42F499B8319E5BC591CF3076C94661.d.BC790291DC5D1C85E416F288F15D8527.e.143/text'
20:14:48.151 [Forwarding getElementText on session 3c254f86ce92b83fc2f5596484e35219 to remote] DEBUG org.asynchttpclient.netty.request.NettyRequestSender - Using open Channel [id: 0x77c863ec, L:/127.0.0.1:63308 - R:localhost/127.0.0.1:24422] for GET '/session/3c254f86ce92b83fc2f5596484e35219/element/f.0D42F499B8319E5BC591CF3076C94661.d.BC790291DC5D1C85E416F288F15D8527.e.143/text'
20:14:48.151 [AsyncHttpClient-1-8] DEBUG org.asynchttpclient.netty.handler.HttpHandler - 

Request DefaultFullHttpRequest(decodeResult: success, version: HTTP/1.1, content: EmptyByteBufBE)
GET /session/3c254f86ce92b83fc2f5596484e35219/element/f.0D42F499B8319E5BC591CF3076C94661.d.BC790291DC5D1C85E416F288F15D8527.e.143/text HTTP/1.1
Cache-Control: no-cache
User-Agent: selenium/4.12.0 (java windows)
Content-Type: application/json; charset=utf-8
host: localhost:24422
accept: */*

Response DefaultHttpResponse(decodeResult: success, version: HTTP/1.1)
HTTP/1.1 200 OK
Content-Length: 23
Content-Type: application/json; charset=utf-8
cache-control: no-cache

20:14:48.151 [AsyncHttpClient-1-8] DEBUG org.asynchttpclient.netty.channel.ChannelManager - Adding key: http://localhost:24422 for channel [id: 0x77c863ec, L:/127.0.0.1:63308 - R:localhost/127.0.0.1:24422]
actual name: Wk_Const
20:14:48.151 [Forwarding findElement on session 3c254f86ce92b83fc2f5596484e35219 to remote] DEBUG org.asynchttpclient.netty.request.NettyRequestSender - Using pooled Channel '[id: 0x77c863ec, L:/127.0.0.1:63308 - R:localhost/127.0.0.1:24422]' for 'POST' to 'http://localhost:24422/session/3c254f86ce92b83fc2f5596484e35219/element'
20:14:48.151 [Forwarding findElement on session 3c254f86ce92b83fc2f5596484e35219 to remote] DEBUG org.asynchttpclient.netty.request.NettyRequestSender - Using open Channel [id: 0x77c863ec, L:/127.0.0.1:63308 - R:localhost/127.0.0.1:24422] for POST '/session/3c254f86ce92b83fc2f5596484e35219/element'
20:14:48.167 [AsyncHttpClient-1-8] DEBUG org.asynchttpclient.netty.handler.HttpHandler - 

Request DefaultHttpRequest(decodeResult: success, version: HTTP/1.1)
POST /session/3c254f86ce92b83fc2f5596484e35219/element HTTP/1.1
User-Agent: selenium/4.12.0 (java windows)
Content-Length: 199
Content-Type: application/json; charset=utf-8
host: localhost:24422
accept: */*

Response DefaultHttpResponse(decodeResult: success, version: HTTP/1.1)
HTTP/1.1 200 OK
Content-Length: 127
Content-Type: application/json; charset=utf-8
cache-control: no-cache

20:14:48.167 [AsyncHttpClient-1-8] DEBUG org.asynchttpclient.netty.channel.ChannelManager - Adding key: http://localhost:24422 for channel [id: 0x77c863ec, L:/127.0.0.1:63308 - R:localhost/127.0.0.1:24422]
20:14:48.167 [Forwarding getElementText on session 3c254f86ce92b83fc2f5596484e35219 to remote] DEBUG org.asynchttpclient.netty.request.NettyRequestSender - Using pooled Channel '[id: 0x77c863ec, L:/127.0.0.1:63308 - R:localhost/127.0.0.1:24422]' for 'GET' to 'http://localhost:24422/session/3c254f86ce92b83fc2f5596484e35219/element/f.0D42F499B8319E5BC591CF3076C94661.d.BC790291DC5D1C85E416F288F15D8527.e.144/text'
20:14:48.167 [Forwarding getElementText on session 3c254f86ce92b83fc2f5596484e35219 to remote] DEBUG org.asynchttpclient.netty.request.NettyRequestSender - Using open Channel [id: 0x77c863ec, L:/127.0.0.1:63308 - R:localhost/127.0.0.1:24422] for GET '/session/3c254f86ce92b83fc2f5596484e35219/element/f.0D42F499B8319E5BC591CF3076C94661.d.BC790291DC5D1C85E416F288F15D8527.e.144/text'
20:14:48.167 [AsyncHttpClient-1-8] DEBUG org.asynchttpclient.netty.handler.HttpHandler - 

Request DefaultFullHttpRequest(decodeResult: success, version: HTTP/1.1, content: EmptyByteBufBE)
GET /session/3c254f86ce92b83fc2f5596484e35219/element/f.0D42F499B8319E5BC591CF3076C94661.d.BC790291DC5D1C85E416F288F15D8527.e.144/text HTTP/1.1
Cache-Control: no-cache
User-Agent: selenium/4.12.0 (java windows)
Content-Type: application/json; charset=utf-8
host: localhost:24422
accept: */*

Response DefaultHttpResponse(decodeResult: success, version: HTTP/1.1)
HTTP/1.1 200 OK
Content-Length: 23
Content-Type: application/json; charset=utf-8
cache-control: no-cache

20:14:48.167 [AsyncHttpClient-1-8] DEBUG org.asynchttpclient.netty.channel.ChannelManager - Adding key: http://localhost:24422 for channel [id: 0x77c863ec, L:/127.0.0.1:63308 - R:localhost/127.0.0.1:24422]
actual name: Rk_Steel
20:14:48.167 [Forwarding findElement on session 3c254f86ce92b83fc2f5596484e35219 to remote] DEBUG org.asynchttpclient.netty.request.NettyRequestSender - Using pooled Channel '[id: 0x77c863ec, L:/127.0.0.1:63308 - R:localhost/127.0.0.1:24422]' for 'POST' to 'http://localhost:24422/session/3c254f86ce92b83fc2f5596484e35219/element'
20:14:48.167 [Forwarding findElement on session 3c254f86ce92b83fc2f5596484e35219 to remote] DEBUG org.asynchttpclient.netty.request.NettyRequestSender - Using open Channel [id: 0x77c863ec, L:/127.0.0.1:63308 - R:localhost/127.0.0.1:24422] for POST '/session/3c254f86ce92b83fc2f5596484e35219/element'
20:14:48.167 [AsyncHttpClient-1-8] DEBUG org.asynchttpclient.netty.handler.HttpHandler - 

Request DefaultHttpRequest(decodeResult: success, version: HTTP/1.1)
POST /session/3c254f86ce92b83fc2f5596484e35219/element HTTP/1.1
User-Agent: selenium/4.12.0 (java windows)
Content-Length: 199
Content-Type: application/json; charset=utf-8
host: localhost:24422
accept: */*

Response DefaultHttpResponse(decodeResult: success, version: HTTP/1.1)
HTTP/1.1 200 OK
Content-Length: 127
Content-Type: application/json; charset=utf-8
cache-control: no-cache

20:14:48.167 [AsyncHttpClient-1-8] DEBUG org.asynchttpclient.netty.channel.ChannelManager - Adding key: http://localhost:24422 for channel [id: 0x77c863ec, L:/127.0.0.1:63308 - R:localhost/127.0.0.1:24422]
20:14:48.167 [Forwarding getElementText on session 3c254f86ce92b83fc2f5596484e35219 to remote] DEBUG org.asynchttpclient.netty.request.NettyRequestSender - Using pooled Channel '[id: 0x77c863ec, L:/127.0.0.1:63308 - R:localhost/127.0.0.1:24422]' for 'GET' to 'http://localhost:24422/session/3c254f86ce92b83fc2f5596484e35219/element/f.0D42F499B8319E5BC591CF3076C94661.d.BC790291DC5D1C85E416F288F15D8527.e.145/text'
20:14:48.167 [Forwarding getElementText on session 3c254f86ce92b83fc2f5596484e35219 to remote] DEBUG org.asynchttpclient.netty.request.NettyRequestSender - Using open Channel [id: 0x77c863ec, L:/127.0.0.1:63308 - R:localhost/127.0.0.1:24422] for GET '/session/3c254f86ce92b83fc2f5596484e35219/element/f.0D42F499B8319E5BC591CF3076C94661.d.BC790291DC5D1C85E416F288F15D8527.e.145/text'
20:14:48.188 [AsyncHttpClient-1-8] DEBUG org.asynchttpclient.netty.handler.HttpHandler - 

Request DefaultFullHttpRequest(decodeResult: success, version: HTTP/1.1, content: EmptyByteBufBE)
GET /session/3c254f86ce92b83fc2f5596484e35219/element/f.0D42F499B8319E5BC591CF3076C94661.d.BC790291DC5D1C85E416F288F15D8527.e.145/text HTTP/1.1
Cache-Control: no-cache
User-Agent: selenium/4.12.0 (java windows)
Content-Type: application/json; charset=utf-8
host: localhost:24422
accept: */*

Response DefaultHttpResponse(decodeResult: success, version: HTTP/1.1)
HTTP/1.1 200 OK
Content-Length: 23
Content-Type: application/json; charset=utf-8
cache-control: no-cache

20:14:48.188 [AsyncHttpClient-1-8] DEBUG org.asynchttpclient.netty.channel.ChannelManager - Adding key: http://localhost:24422 for channel [id: 0x77c863ec, L:/127.0.0.1:63308 - R:localhost/127.0.0.1:24422]
actual name: Wa_Const
20:14:48.188 [Forwarding findElement on session 3c254f86ce92b83fc2f5596484e35219 to remote] DEBUG org.asynchttpclient.netty.request.NettyRequestSender - Using pooled Channel '[id: 0x77c863ec, L:/127.0.0.1:63308 - R:localhost/127.0.0.1:24422]' for 'POST' to 'http://localhost:24422/session/3c254f86ce92b83fc2f5596484e35219/element'
20:14:48.188 [Forwarding findElement on session 3c254f86ce92b83fc2f5596484e35219 to remote] DEBUG org.asynchttpclient.netty.request.NettyRequestSender - Using open Channel [id: 0x77c863ec, L:/127.0.0.1:63308 - R:localhost/127.0.0.1:24422] for POST '/session/3c254f86ce92b83fc2f5596484e35219/element'
20:14:48.199 [AsyncHttpClient-1-8] DEBUG org.asynchttpclient.netty.handler.HttpHandler - 

Request DefaultHttpRequest(decodeResult: success, version: HTTP/1.1)
POST /session/3c254f86ce92b83fc2f5596484e35219/element HTTP/1.1
User-Agent: selenium/4.12.0 (java windows)
Content-Length: 199
Content-Type: application/json; charset=utf-8
host: localhost:24422
accept: */*

Response DefaultHttpResponse(decodeResult: success, version: HTTP/1.1)
HTTP/1.1 200 OK
Content-Length: 127
Content-Type: application/json; charset=utf-8
cache-control: no-cache

20:14:48.199 [AsyncHttpClient-1-8] DEBUG org.asynchttpclient.netty.channel.ChannelManager - Adding key: http://localhost:24422 for channel [id: 0x77c863ec, L:/127.0.0.1:63308 - R:localhost/127.0.0.1:24422]
20:14:48.199 [Forwarding getElementText on session 3c254f86ce92b83fc2f5596484e35219 to remote] DEBUG org.asynchttpclient.netty.request.NettyRequestSender - Using pooled Channel '[id: 0x77c863ec, L:/127.0.0.1:63308 - R:localhost/127.0.0.1:24422]' for 'GET' to 'http://localhost:24422/session/3c254f86ce92b83fc2f5596484e35219/element/f.0D42F499B8319E5BC591CF3076C94661.d.BC790291DC5D1C85E416F288F15D8527.e.146/text'
20:14:48.199 [Forwarding getElementText on session 3c254f86ce92b83fc2f5596484e35219 to remote] DEBUG org.asynchttpclient.netty.request.NettyRequestSender - Using open Channel [id: 0x77c863ec, L:/127.0.0.1:63308 - R:localhost/127.0.0.1:24422] for GET '/session/3c254f86ce92b83fc2f5596484e35219/element/f.0D42F499B8319E5BC591CF3076C94661.d.BC790291DC5D1C85E416F288F15D8527.e.146/text'
20:14:48.199 [AsyncHttpClient-1-8] DEBUG org.asynchttpclient.netty.handler.HttpHandler - 

Request DefaultFullHttpRequest(decodeResult: success, version: HTTP/1.1, content: EmptyByteBufBE)
GET /session/3c254f86ce92b83fc2f5596484e35219/element/f.0D42F499B8319E5BC591CF3076C94661.d.BC790291DC5D1C85E416F288F15D8527.e.146/text HTTP/1.1
Cache-Control: no-cache
User-Agent: selenium/4.12.0 (java windows)
Content-Type: application/json; charset=utf-8
host: localhost:24422
accept: */*

Response DefaultHttpResponse(decodeResult: success, version: HTTP/1.1)
HTTP/1.1 200 OK
Content-Length: 23
Content-Type: application/json; charset=utf-8
cache-control: no-cache

20:14:48.199 [AsyncHttpClient-1-8] DEBUG org.asynchttpclient.netty.channel.ChannelManager - Adding key: http://localhost:24422 for channel [id: 0x77c863ec, L:/127.0.0.1:63308 - R:localhost/127.0.0.1:24422]
actual name: Js_Steel
20:14:48.199 [Forwarding findElement on session 3c254f86ce92b83fc2f5596484e35219 to remote] DEBUG org.asynchttpclient.netty.request.NettyRequestSender - Using pooled Channel '[id: 0x77c863ec, L:/127.0.0.1:63308 - R:localhost/127.0.0.1:24422]' for 'POST' to 'http://localhost:24422/session/3c254f86ce92b83fc2f5596484e35219/element'
20:14:48.199 [Forwarding findElement on session 3c254f86ce92b83fc2f5596484e35219 to remote] DEBUG org.asynchttpclient.netty.request.NettyRequestSender - Using open Channel [id: 0x77c863ec, L:/127.0.0.1:63308 - R:localhost/127.0.0.1:24422] for POST '/session/3c254f86ce92b83fc2f5596484e35219/element'
20:14:48.199 [AsyncHttpClient-1-8] DEBUG org.asynchttpclient.netty.handler.HttpHandler - 

Request DefaultHttpRequest(decodeResult: success, version: HTTP/1.1)
POST /session/3c254f86ce92b83fc2f5596484e35219/element HTTP/1.1
User-Agent: selenium/4.12.0 (java windows)
Content-Length: 199
Content-Type: application/json; charset=utf-8
host: localhost:24422
accept: */*

Response DefaultHttpResponse(decodeResult: success, version: HTTP/1.1)
HTTP/1.1 200 OK
Content-Length: 127
Content-Type: application/json; charset=utf-8
cache-control: no-cache

20:14:48.214 [AsyncHttpClient-1-8] DEBUG org.asynchttpclient.netty.channel.ChannelManager - Adding key: http://localhost:24422 for channel [id: 0x77c863ec, L:/127.0.0.1:63308 - R:localhost/127.0.0.1:24422]
20:14:48.214 [Forwarding getElementText on session 3c254f86ce92b83fc2f5596484e35219 to remote] DEBUG org.asynchttpclient.netty.request.NettyRequestSender - Using pooled Channel '[id: 0x77c863ec, L:/127.0.0.1:63308 - R:localhost/127.0.0.1:24422]' for 'GET' to 'http://localhost:24422/session/3c254f86ce92b83fc2f5596484e35219/element/f.0D42F499B8319E5BC591CF3076C94661.d.BC790291DC5D1C85E416F288F15D8527.e.147/text'
20:14:48.214 [Forwarding getElementText on session 3c254f86ce92b83fc2f5596484e35219 to remote] DEBUG org.asynchttpclient.netty.request.NettyRequestSender - Using open Channel [id: 0x77c863ec, L:/127.0.0.1:63308 - R:localhost/127.0.0.1:24422] for GET '/session/3c254f86ce92b83fc2f5596484e35219/element/f.0D42F499B8319E5BC591CF3076C94661.d.BC790291DC5D1C85E416F288F15D8527.e.147/text'
20:14:48.238 [AsyncHttpClient-1-8] DEBUG org.asynchttpclient.netty.handler.HttpHandler - 

Request DefaultFullHttpRequest(decodeResult: success, version: HTTP/1.1, content: EmptyByteBufBE)
GET /session/3c254f86ce92b83fc2f5596484e35219/element/f.0D42F499B8319E5BC591CF3076C94661.d.BC790291DC5D1C85E416F288F15D8527.e.147/text HTTP/1.1
Cache-Control: no-cache
User-Agent: selenium/4.12.0 (java windows)
Content-Type: application/json; charset=utf-8
host: localhost:24422
accept: */*

Response DefaultHttpResponse(decodeResult: success, version: HTTP/1.1)
HTTP/1.1 200 OK
Content-Length: 23
Content-Type: application/json; charset=utf-8
cache-control: no-cache

20:14:48.238 [AsyncHttpClient-1-8] DEBUG org.asynchttpclient.netty.channel.ChannelManager - Adding key: http://localhost:24422 for channel [id: 0x77c863ec, L:/127.0.0.1:63308 - R:localhost/127.0.0.1:24422]
actual name: Js_Steel
20:14:48.238 [Forwarding findElement on session 3c254f86ce92b83fc2f5596484e35219 to remote] DEBUG org.asynchttpclient.netty.request.NettyRequestSender - Using pooled Channel '[id: 0x77c863ec, L:/127.0.0.1:63308 - R:localhost/127.0.0.1:24422]' for 'POST' to 'http://localhost:24422/session/3c254f86ce92b83fc2f5596484e35219/element'
20:14:48.238 [Forwarding findElement on session 3c254f86ce92b83fc2f5596484e35219 to remote] DEBUG org.asynchttpclient.netty.request.NettyRequestSender - Using open Channel [id: 0x77c863ec, L:/127.0.0.1:63308 - R:localhost/127.0.0.1:24422] for POST '/session/3c254f86ce92b83fc2f5596484e35219/element'
20:14:48.249 [AsyncHttpClient-1-8] DEBUG org.asynchttpclient.netty.handler.HttpHandler - 

Request DefaultHttpRequest(decodeResult: success, version: HTTP/1.1)
POST /session/3c254f86ce92b83fc2f5596484e35219/element HTTP/1.1
User-Agent: selenium/4.12.0 (java windows)
Content-Length: 199
Content-Type: application/json; charset=utf-8
host: localhost:24422
accept: */*

Response DefaultHttpResponse(decodeResult: success, version: HTTP/1.1)
HTTP/1.1 200 OK
Content-Length: 127
Content-Type: application/json; charset=utf-8
cache-control: no-cache

20:14:48.249 [AsyncHttpClient-1-8] DEBUG org.asynchttpclient.netty.channel.ChannelManager - Adding key: http://localhost:24422 for channel [id: 0x77c863ec, L:/127.0.0.1:63308 - R:localhost/127.0.0.1:24422]
20:14:48.258 [Forwarding getElementText on session 3c254f86ce92b83fc2f5596484e35219 to remote] DEBUG org.asynchttpclient.netty.request.NettyRequestSender - Using pooled Channel '[id: 0x77c863ec, L:/127.0.0.1:63308 - R:localhost/127.0.0.1:24422]' for 'GET' to 'http://localhost:24422/session/3c254f86ce92b83fc2f5596484e35219/element/f.0D42F499B8319E5BC591CF3076C94661.d.BC790291DC5D1C85E416F288F15D8527.e.148/text'
20:14:48.258 [Forwarding getElementText on session 3c254f86ce92b83fc2f5596484e35219 to remote] DEBUG org.asynchttpclient.netty.request.NettyRequestSender - Using open Channel [id: 0x77c863ec, L:/127.0.0.1:63308 - R:localhost/127.0.0.1:24422] for GET '/session/3c254f86ce92b83fc2f5596484e35219/element/f.0D42F499B8319E5BC591CF3076C94661.d.BC790291DC5D1C85E416F288F15D8527.e.148/text'
20:14:48.263 [AsyncHttpClient-1-8] DEBUG org.asynchttpclient.netty.handler.HttpHandler - 

Request DefaultFullHttpRequest(decodeResult: success, version: HTTP/1.1, content: EmptyByteBufBE)
GET /session/3c254f86ce92b83fc2f5596484e35219/element/f.0D42F499B8319E5BC591CF3076C94661.d.BC790291DC5D1C85E416F288F15D8527.e.148/text HTTP/1.1
Cache-Control: no-cache
User-Agent: selenium/4.12.0 (java windows)
Content-Type: application/json; charset=utf-8
host: localhost:24422
accept: */*

Response DefaultHttpResponse(decodeResult: success, version: HTTP/1.1)
HTTP/1.1 200 OK
Content-Length: 23
Content-Type: application/json; charset=utf-8
cache-control: no-cache

20:14:48.263 [AsyncHttpClient-1-8] DEBUG org.asynchttpclient.netty.channel.ChannelManager - Adding key: http://localhost:24422 for channel [id: 0x77c863ec, L:/127.0.0.1:63308 - R:localhost/127.0.0.1:24422]
actual name: Rk_Steel
20:14:48.263 [Forwarding findElement on session 3c254f86ce92b83fc2f5596484e35219 to remote] DEBUG org.asynchttpclient.netty.request.NettyRequestSender - Using pooled Channel '[id: 0x77c863ec, L:/127.0.0.1:63308 - R:localhost/127.0.0.1:24422]' for 'POST' to 'http://localhost:24422/session/3c254f86ce92b83fc2f5596484e35219/element'
20:14:48.263 [Forwarding findElement on session 3c254f86ce92b83fc2f5596484e35219 to remote] DEBUG org.asynchttpclient.netty.request.NettyRequestSender - Using open Channel [id: 0x77c863ec, L:/127.0.0.1:63308 - R:localhost/127.0.0.1:24422] for POST '/session/3c254f86ce92b83fc2f5596484e35219/element'
20:14:48.263 [AsyncHttpClient-1-8] DEBUG org.asynchttpclient.netty.handler.HttpHandler - 

Request DefaultHttpRequest(decodeResult: success, version: HTTP/1.1)
POST /session/3c254f86ce92b83fc2f5596484e35219/element HTTP/1.1
User-Agent: selenium/4.12.0 (java windows)
Content-Length: 199
Content-Type: application/json; charset=utf-8
host: localhost:24422
accept: */*

Response DefaultHttpResponse(decodeResult: success, version: HTTP/1.1)
HTTP/1.1 200 OK
Content-Length: 127
Content-Type: application/json; charset=utf-8
cache-control: no-cache

20:14:48.263 [AsyncHttpClient-1-8] DEBUG org.asynchttpclient.netty.channel.ChannelManager - Adding key: http://localhost:24422 for channel [id: 0x77c863ec, L:/127.0.0.1:63308 - R:localhost/127.0.0.1:24422]
20:14:48.263 [Forwarding getElementText on session 3c254f86ce92b83fc2f5596484e35219 to remote] DEBUG org.asynchttpclient.netty.request.NettyRequestSender - Using pooled Channel '[id: 0x77c863ec, L:/127.0.0.1:63308 - R:localhost/127.0.0.1:24422]' for 'GET' to 'http://localhost:24422/session/3c254f86ce92b83fc2f5596484e35219/element/f.0D42F499B8319E5BC591CF3076C94661.d.BC790291DC5D1C85E416F288F15D8527.e.149/text'
20:14:48.263 [Forwarding getElementText on session 3c254f86ce92b83fc2f5596484e35219 to remote] DEBUG org.asynchttpclient.netty.request.NettyRequestSender - Using open Channel [id: 0x77c863ec, L:/127.0.0.1:63308 - R:localhost/127.0.0.1:24422] for GET '/session/3c254f86ce92b83fc2f5596484e35219/element/f.0D42F499B8319E5BC591CF3076C94661.d.BC790291DC5D1C85E416F288F15D8527.e.149/text'
20:14:48.279 [AsyncHttpClient-1-8] DEBUG org.asynchttpclient.netty.handler.HttpHandler - 

Request DefaultFullHttpRequest(decodeResult: success, version: HTTP/1.1, content: EmptyByteBufBE)
GET /session/3c254f86ce92b83fc2f5596484e35219/element/f.0D42F499B8319E5BC591CF3076C94661.d.BC790291DC5D1C85E416F288F15D8527.e.149/text HTTP/1.1
Cache-Control: no-cache
User-Agent: selenium/4.12.0 (java windows)
Content-Type: application/json; charset=utf-8
host: localhost:24422
accept: */*

Response DefaultHttpResponse(decodeResult: success, version: HTTP/1.1)
HTTP/1.1 200 OK
Content-Length: 23
Content-Type: application/json; charset=utf-8
cache-control: no-cache

20:14:48.279 [AsyncHttpClient-1-8] DEBUG org.asynchttpclient.netty.channel.ChannelManager - Adding key: http://localhost:24422 for channel [id: 0x77c863ec, L:/127.0.0.1:63308 - R:localhost/127.0.0.1:24422]
actual name: Wa_Const
20:14:48.279 [Forwarding findElement on session 3c254f86ce92b83fc2f5596484e35219 to remote] DEBUG org.asynchttpclient.netty.request.NettyRequestSender - Using pooled Channel '[id: 0x77c863ec, L:/127.0.0.1:63308 - R:localhost/127.0.0.1:24422]' for 'POST' to 'http://localhost:24422/session/3c254f86ce92b83fc2f5596484e35219/element'
20:14:48.279 [Forwarding findElement on session 3c254f86ce92b83fc2f5596484e35219 to remote] DEBUG org.asynchttpclient.netty.request.NettyRequestSender - Using open Channel [id: 0x77c863ec, L:/127.0.0.1:63308 - R:localhost/127.0.0.1:24422] for POST '/session/3c254f86ce92b83fc2f5596484e35219/element'
20:14:48.285 [AsyncHttpClient-1-8] DEBUG org.asynchttpclient.netty.handler.HttpHandler - 

Request DefaultHttpRequest(decodeResult: success, version: HTTP/1.1)
POST /session/3c254f86ce92b83fc2f5596484e35219/element HTTP/1.1
User-Agent: selenium/4.12.0 (java windows)
Content-Length: 199
Content-Type: application/json; charset=utf-8
host: localhost:24422
accept: */*

Response DefaultHttpResponse(decodeResult: success, version: HTTP/1.1)
HTTP/1.1 200 OK
Content-Length: 127
Content-Type: application/json; charset=utf-8
cache-control: no-cache

20:14:48.285 [AsyncHttpClient-1-8] DEBUG org.asynchttpclient.netty.channel.ChannelManager - Adding key: http://localhost:24422 for channel [id: 0x77c863ec, L:/127.0.0.1:63308 - R:localhost/127.0.0.1:24422]
20:14:48.285 [Forwarding getElementText on session 3c254f86ce92b83fc2f5596484e35219 to remote] DEBUG org.asynchttpclient.netty.request.NettyRequestSender - Using pooled Channel '[id: 0x77c863ec, L:/127.0.0.1:63308 - R:localhost/127.0.0.1:24422]' for 'GET' to 'http://localhost:24422/session/3c254f86ce92b83fc2f5596484e35219/element/f.0D42F499B8319E5BC591CF3076C94661.d.BC790291DC5D1C85E416F288F15D8527.e.150/text'
20:14:48.285 [Forwarding getElementText on session 3c254f86ce92b83fc2f5596484e35219 to remote] DEBUG org.asynchttpclient.netty.request.NettyRequestSender - Using open Channel [id: 0x77c863ec, L:/127.0.0.1:63308 - R:localhost/127.0.0.1:24422] for GET '/session/3c254f86ce92b83fc2f5596484e35219/element/f.0D42F499B8319E5BC591CF3076C94661.d.BC790291DC5D1C85E416F288F15D8527.e.150/text'
20:14:48.302 [AsyncHttpClient-1-8] DEBUG org.asynchttpclient.netty.handler.HttpHandler - 

Request DefaultFullHttpRequest(decodeResult: success, version: HTTP/1.1, content: EmptyByteBufBE)
GET /session/3c254f86ce92b83fc2f5596484e35219/element/f.0D42F499B8319E5BC591CF3076C94661.d.BC790291DC5D1C85E416F288F15D8527.e.150/text HTTP/1.1
Cache-Control: no-cache
User-Agent: selenium/4.12.0 (java windows)
Content-Type: application/json; charset=utf-8
host: localhost:24422
accept: */*

Response DefaultHttpResponse(decodeResult: success, version: HTTP/1.1)
HTTP/1.1 200 OK
Content-Length: 23
Content-Type: application/json; charset=utf-8
cache-control: no-cache

20:14:48.302 [AsyncHttpClient-1-8] DEBUG org.asynchttpclient.netty.channel.ChannelManager - Adding key: http://localhost:24422 for channel [id: 0x77c863ec, L:/127.0.0.1:63308 - R:localhost/127.0.0.1:24422]
actual name: Rk_Steel
20:14:48.302 [Forwarding findElement on session 3c254f86ce92b83fc2f5596484e35219 to remote] DEBUG org.asynchttpclient.netty.request.NettyRequestSender - Using pooled Channel '[id: 0x77c863ec, L:/127.0.0.1:63308 - R:localhost/127.0.0.1:24422]' for 'POST' to 'http://localhost:24422/session/3c254f86ce92b83fc2f5596484e35219/element'
20:14:48.302 [Forwarding findElement on session 3c254f86ce92b83fc2f5596484e35219 to remote] DEBUG org.asynchttpclient.netty.request.NettyRequestSender - Using open Channel [id: 0x77c863ec, L:/127.0.0.1:63308 - R:localhost/127.0.0.1:24422] for POST '/session/3c254f86ce92b83fc2f5596484e35219/element'
20:14:48.310 [AsyncHttpClient-1-8] DEBUG org.asynchttpclient.netty.handler.HttpHandler - 

Request DefaultHttpRequest(decodeResult: success, version: HTTP/1.1)
POST /session/3c254f86ce92b83fc2f5596484e35219/element HTTP/1.1
User-Agent: selenium/4.12.0 (java windows)
Content-Length: 199
Content-Type: application/json; charset=utf-8
host: localhost:24422
accept: */*

Response DefaultHttpResponse(decodeResult: success, version: HTTP/1.1)
HTTP/1.1 200 OK
Content-Length: 127
Content-Type: application/json; charset=utf-8
cache-control: no-cache

20:14:48.310 [AsyncHttpClient-1-8] DEBUG org.asynchttpclient.netty.channel.ChannelManager - Adding key: http://localhost:24422 for channel [id: 0x77c863ec, L:/127.0.0.1:63308 - R:localhost/127.0.0.1:24422]
20:14:48.310 [Forwarding getElementText on session 3c254f86ce92b83fc2f5596484e35219 to remote] DEBUG org.asynchttpclient.netty.request.NettyRequestSender - Using pooled Channel '[id: 0x77c863ec, L:/127.0.0.1:63308 - R:localhost/127.0.0.1:24422]' for 'GET' to 'http://localhost:24422/session/3c254f86ce92b83fc2f5596484e35219/element/f.0D42F499B8319E5BC591CF3076C94661.d.BC790291DC5D1C85E416F288F15D8527.e.151/text'
20:14:48.310 [Forwarding getElementText on session 3c254f86ce92b83fc2f5596484e35219 to remote] DEBUG org.asynchttpclient.netty.request.NettyRequestSender - Using open Channel [id: 0x77c863ec, L:/127.0.0.1:63308 - R:localhost/127.0.0.1:24422] for GET '/session/3c254f86ce92b83fc2f5596484e35219/element/f.0D42F499B8319E5BC591CF3076C94661.d.BC790291DC5D1C85E416F288F15D8527.e.151/text'
20:14:48.310 [AsyncHttpClient-1-8] DEBUG org.asynchttpclient.netty.handler.HttpHandler - 

Request DefaultFullHttpRequest(decodeResult: success, version: HTTP/1.1, content: EmptyByteBufBE)
GET /session/3c254f86ce92b83fc2f5596484e35219/element/f.0D42F499B8319E5BC591CF3076C94661.d.BC790291DC5D1C85E416F288F15D8527.e.151/text HTTP/1.1
Cache-Control: no-cache
User-Agent: selenium/4.12.0 (java windows)
Content-Type: application/json; charset=utf-8
host: localhost:24422
accept: */*

Response DefaultHttpResponse(decodeResult: success, version: HTTP/1.1)
HTTP/1.1 200 OK
Content-Length: 23
Content-Type: application/json; charset=utf-8
cache-control: no-cache

20:14:48.310 [AsyncHttpClient-1-8] DEBUG org.asynchttpclient.netty.channel.ChannelManager - Adding key: http://localhost:24422 for channel [id: 0x77c863ec, L:/127.0.0.1:63308 - R:localhost/127.0.0.1:24422]
actual name: Wa_Const
20:14:48.324 [Forwarding findElement on session 3c254f86ce92b83fc2f5596484e35219 to remote] DEBUG org.asynchttpclient.netty.request.NettyRequestSender - Using pooled Channel '[id: 0x77c863ec, L:/127.0.0.1:63308 - R:localhost/127.0.0.1:24422]' for 'POST' to 'http://localhost:24422/session/3c254f86ce92b83fc2f5596484e35219/element'
20:14:48.324 [Forwarding findElement on session 3c254f86ce92b83fc2f5596484e35219 to remote] DEBUG org.asynchttpclient.netty.request.NettyRequestSender - Using open Channel [id: 0x77c863ec, L:/127.0.0.1:63308 - R:localhost/127.0.0.1:24422] for POST '/session/3c254f86ce92b83fc2f5596484e35219/element'
20:14:48.326 [AsyncHttpClient-1-8] DEBUG org.asynchttpclient.netty.handler.HttpHandler - 

Request DefaultHttpRequest(decodeResult: success, version: HTTP/1.1)
POST /session/3c254f86ce92b83fc2f5596484e35219/element HTTP/1.1
User-Agent: selenium/4.12.0 (java windows)
Content-Length: 199
Content-Type: application/json; charset=utf-8
host: localhost:24422
accept: */*

Response DefaultHttpResponse(decodeResult: success, version: HTTP/1.1)
HTTP/1.1 200 OK
Content-Length: 127
Content-Type: application/json; charset=utf-8
cache-control: no-cache

20:14:48.326 [AsyncHttpClient-1-8] DEBUG org.asynchttpclient.netty.channel.ChannelManager - Adding key: http://localhost:24422 for channel [id: 0x77c863ec, L:/127.0.0.1:63308 - R:localhost/127.0.0.1:24422]
20:14:48.326 [Forwarding getElementText on session 3c254f86ce92b83fc2f5596484e35219 to remote] DEBUG org.asynchttpclient.netty.request.NettyRequestSender - Using pooled Channel '[id: 0x77c863ec, L:/127.0.0.1:63308 - R:localhost/127.0.0.1:24422]' for 'GET' to 'http://localhost:24422/session/3c254f86ce92b83fc2f5596484e35219/element/f.0D42F499B8319E5BC591CF3076C94661.d.BC790291DC5D1C85E416F288F15D8527.e.152/text'
20:14:48.326 [Forwarding getElementText on session 3c254f86ce92b83fc2f5596484e35219 to remote] DEBUG org.asynchttpclient.netty.request.NettyRequestSender - Using open Channel [id: 0x77c863ec, L:/127.0.0.1:63308 - R:localhost/127.0.0.1:24422] for GET '/session/3c254f86ce92b83fc2f5596484e35219/element/f.0D42F499B8319E5BC591CF3076C94661.d.BC790291DC5D1C85E416F288F15D8527.e.152/text'
20:14:48.335 [AsyncHttpClient-1-8] DEBUG org.asynchttpclient.netty.handler.HttpHandler - 

Request DefaultFullHttpRequest(decodeResult: success, version: HTTP/1.1, content: EmptyByteBufBE)
GET /session/3c254f86ce92b83fc2f5596484e35219/element/f.0D42F499B8319E5BC591CF3076C94661.d.BC790291DC5D1C85E416F288F15D8527.e.152/text HTTP/1.1
Cache-Control: no-cache
User-Agent: selenium/4.12.0 (java windows)
Content-Type: application/json; charset=utf-8
host: localhost:24422
accept: */*

Response DefaultHttpResponse(decodeResult: success, version: HTTP/1.1)
HTTP/1.1 200 OK
Content-Length: 25
Content-Type: application/json; charset=utf-8
cache-control: no-cache

20:14:48.335 [AsyncHttpClient-1-8] DEBUG org.asynchttpclient.netty.channel.ChannelManager - Adding key: http://localhost:24422 for channel [id: 0x77c863ec, L:/127.0.0.1:63308 - R:localhost/127.0.0.1:24422]
actual name: Rock_Steel
20:14:48.337 [Forwarding findElement on session 3c254f86ce92b83fc2f5596484e35219 to remote] DEBUG org.asynchttpclient.netty.request.NettyRequestSender - Using pooled Channel '[id: 0x77c863ec, L:/127.0.0.1:63308 - R:localhost/127.0.0.1:24422]' for 'POST' to 'http://localhost:24422/session/3c254f86ce92b83fc2f5596484e35219/element'
20:14:48.337 [Forwarding findElement on session 3c254f86ce92b83fc2f5596484e35219 to remote] DEBUG org.asynchttpclient.netty.request.NettyRequestSender - Using open Channel [id: 0x77c863ec, L:/127.0.0.1:63308 - R:localhost/127.0.0.1:24422] for POST '/session/3c254f86ce92b83fc2f5596484e35219/element'
20:14:48.349 [AsyncHttpClient-1-8] DEBUG org.asynchttpclient.netty.handler.HttpHandler - 

Request DefaultHttpRequest(decodeResult: success, version: HTTP/1.1)
POST /session/3c254f86ce92b83fc2f5596484e35219/element HTTP/1.1
User-Agent: selenium/4.12.0 (java windows)
Content-Length: 199
Content-Type: application/json; charset=utf-8
host: localhost:24422
accept: */*

Response DefaultHttpResponse(decodeResult: success, version: HTTP/1.1)
HTTP/1.1 200 OK
Content-Length: 127
Content-Type: application/json; charset=utf-8
cache-control: no-cache

20:14:48.349 [AsyncHttpClient-1-8] DEBUG org.asynchttpclient.netty.channel.ChannelManager - Adding key: http://localhost:24422 for channel [id: 0x77c863ec, L:/127.0.0.1:63308 - R:localhost/127.0.0.1:24422]
20:14:48.357 [Forwarding getElementText on session 3c254f86ce92b83fc2f5596484e35219 to remote] DEBUG org.asynchttpclient.netty.request.NettyRequestSender - Using pooled Channel '[id: 0x77c863ec, L:/127.0.0.1:63308 - R:localhost/127.0.0.1:24422]' for 'GET' to 'http://localhost:24422/session/3c254f86ce92b83fc2f5596484e35219/element/f.0D42F499B8319E5BC591CF3076C94661.d.BC790291DC5D1C85E416F288F15D8527.e.153/text'
20:14:48.357 [Forwarding getElementText on session 3c254f86ce92b83fc2f5596484e35219 to remote] DEBUG org.asynchttpclient.netty.request.NettyRequestSender - Using open Channel [id: 0x77c863ec, L:/127.0.0.1:63308 - R:localhost/127.0.0.1:24422] for GET '/session/3c254f86ce92b83fc2f5596484e35219/element/f.0D42F499B8319E5BC591CF3076C94661.d.BC790291DC5D1C85E416F288F15D8527.e.153/text'
20:14:48.373 [AsyncHttpClient-1-8] DEBUG org.asynchttpclient.netty.handler.HttpHandler - 

Request DefaultFullHttpRequest(decodeResult: success, version: HTTP/1.1, content: EmptyByteBufBE)
GET /session/3c254f86ce92b83fc2f5596484e35219/element/f.0D42F499B8319E5BC591CF3076C94661.d.BC790291DC5D1C85E416F288F15D8527.e.153/text HTTP/1.1
Cache-Control: no-cache
User-Agent: selenium/4.12.0 (java windows)
Content-Type: application/json; charset=utf-8
host: localhost:24422
accept: */*

Response DefaultHttpResponse(decodeResult: success, version: HTTP/1.1)
HTTP/1.1 200 OK
Content-Length: 22
Content-Type: application/json; charset=utf-8
cache-control: no-cache

20:14:48.373 [AsyncHttpClient-1-8] DEBUG org.asynchttpclient.netty.channel.ChannelManager - Adding key: http://localhost:24422 for channel [id: 0x77c863ec, L:/127.0.0.1:63308 - R:localhost/127.0.0.1:24422]
actual name: Walmart
20:14:48.373 [Forwarding findElement on session 3c254f86ce92b83fc2f5596484e35219 to remote] DEBUG org.asynchttpclient.netty.request.NettyRequestSender - Using pooled Channel '[id: 0x77c863ec, L:/127.0.0.1:63308 - R:localhost/127.0.0.1:24422]' for 'POST' to 'http://localhost:24422/session/3c254f86ce92b83fc2f5596484e35219/element'
20:14:48.373 [Forwarding findElement on session 3c254f86ce92b83fc2f5596484e35219 to remote] DEBUG org.asynchttpclient.netty.request.NettyRequestSender - Using open Channel [id: 0x77c863ec, L:/127.0.0.1:63308 - R:localhost/127.0.0.1:24422] for POST '/session/3c254f86ce92b83fc2f5596484e35219/element'
20:14:48.388 [AsyncHttpClient-1-8] DEBUG org.asynchttpclient.netty.handler.HttpHandler - 

Request DefaultHttpRequest(decodeResult: success, version: HTTP/1.1)
POST /session/3c254f86ce92b83fc2f5596484e35219/element HTTP/1.1
User-Agent: selenium/4.12.0 (java windows)
Content-Length: 199
Content-Type: application/json; charset=utf-8
host: localhost:24422
accept: */*

Response DefaultHttpResponse(decodeResult: success, version: HTTP/1.1)
HTTP/1.1 200 OK
Content-Length: 127
Content-Type: application/json; charset=utf-8
cache-control: no-cache

20:14:48.388 [AsyncHttpClient-1-8] DEBUG org.asynchttpclient.netty.channel.ChannelManager - Adding key: http://localhost:24422 for channel [id: 0x77c863ec, L:/127.0.0.1:63308 - R:localhost/127.0.0.1:24422]
20:14:48.388 [Forwarding getElementText on session 3c254f86ce92b83fc2f5596484e35219 to remote] DEBUG org.asynchttpclient.netty.request.NettyRequestSender - Using pooled Channel '[id: 0x77c863ec, L:/127.0.0.1:63308 - R:localhost/127.0.0.1:24422]' for 'GET' to 'http://localhost:24422/session/3c254f86ce92b83fc2f5596484e35219/element/f.0D42F499B8319E5BC591CF3076C94661.d.BC790291DC5D1C85E416F288F15D8527.e.154/text'
20:14:48.388 [Forwarding getElementText on session 3c254f86ce92b83fc2f5596484e35219 to remote] DEBUG org.asynchttpclient.netty.request.NettyRequestSender - Using open Channel [id: 0x77c863ec, L:/127.0.0.1:63308 - R:localhost/127.0.0.1:24422] for GET '/session/3c254f86ce92b83fc2f5596484e35219/element/f.0D42F499B8319E5BC591CF3076C94661.d.BC790291DC5D1C85E416F288F15D8527.e.154/text'
20:14:48.404 [AsyncHttpClient-1-8] DEBUG org.asynchttpclient.netty.handler.HttpHandler - 

Request DefaultFullHttpRequest(decodeResult: success, version: HTTP/1.1, content: EmptyByteBufBE)
GET /session/3c254f86ce92b83fc2f5596484e35219/element/f.0D42F499B8319E5BC591CF3076C94661.d.BC790291DC5D1C85E416F288F15D8527.e.154/text HTTP/1.1
Cache-Control: no-cache
User-Agent: selenium/4.12.0 (java windows)
Content-Type: application/json; charset=utf-8
host: localhost:24422
accept: */*

Response DefaultHttpResponse(decodeResult: success, version: HTTP/1.1)
HTTP/1.1 200 OK
Content-Length: 23
Content-Type: application/json; charset=utf-8
cache-control: no-cache

20:14:48.404 [AsyncHttpClient-1-8] DEBUG org.asynchttpclient.netty.channel.ChannelManager - Adding key: http://localhost:24422 for channel [id: 0x77c863ec, L:/127.0.0.1:63308 - R:localhost/127.0.0.1:24422]
actual name: Rj_Steel
20:14:48.404 [Forwarding findElement on session 3c254f86ce92b83fc2f5596484e35219 to remote] DEBUG org.asynchttpclient.netty.request.NettyRequestSender - Using pooled Channel '[id: 0x77c863ec, L:/127.0.0.1:63308 - R:localhost/127.0.0.1:24422]' for 'POST' to 'http://localhost:24422/session/3c254f86ce92b83fc2f5596484e35219/element'
20:14:48.404 [Forwarding findElement on session 3c254f86ce92b83fc2f5596484e35219 to remote] DEBUG org.asynchttpclient.netty.request.NettyRequestSender - Using open Channel [id: 0x77c863ec, L:/127.0.0.1:63308 - R:localhost/127.0.0.1:24422] for POST '/session/3c254f86ce92b83fc2f5596484e35219/element'
20:14:48.420 [AsyncHttpClient-1-8] DEBUG org.asynchttpclient.netty.handler.HttpHandler - 

Request DefaultHttpRequest(decodeResult: success, version: HTTP/1.1)
POST /session/3c254f86ce92b83fc2f5596484e35219/element HTTP/1.1
User-Agent: selenium/4.12.0 (java windows)
Content-Length: 199
Content-Type: application/json; charset=utf-8
host: localhost:24422
accept: */*

Response DefaultHttpResponse(decodeResult: success, version: HTTP/1.1)
HTTP/1.1 200 OK
Content-Length: 127
Content-Type: application/json; charset=utf-8
cache-control: no-cache

20:14:48.420 [AsyncHttpClient-1-8] DEBUG org.asynchttpclient.netty.channel.ChannelManager - Adding key: http://localhost:24422 for channel [id: 0x77c863ec, L:/127.0.0.1:63308 - R:localhost/127.0.0.1:24422]
20:14:48.435 [Forwarding getElementText on session 3c254f86ce92b83fc2f5596484e35219 to remote] DEBUG org.asynchttpclient.netty.request.NettyRequestSender - Using pooled Channel '[id: 0x77c863ec, L:/127.0.0.1:63308 - R:localhost/127.0.0.1:24422]' for 'GET' to 'http://localhost:24422/session/3c254f86ce92b83fc2f5596484e35219/element/f.0D42F499B8319E5BC591CF3076C94661.d.BC790291DC5D1C85E416F288F15D8527.e.155/text'
20:14:48.435 [Forwarding getElementText on session 3c254f86ce92b83fc2f5596484e35219 to remote] DEBUG org.asynchttpclient.netty.request.NettyRequestSender - Using open Channel [id: 0x77c863ec, L:/127.0.0.1:63308 - R:localhost/127.0.0.1:24422] for GET '/session/3c254f86ce92b83fc2f5596484e35219/element/f.0D42F499B8319E5BC591CF3076C94661.d.BC790291DC5D1C85E416F288F15D8527.e.155/text'
20:14:48.451 [AsyncHttpClient-1-8] DEBUG org.asynchttpclient.netty.handler.HttpHandler - 

Request DefaultFullHttpRequest(decodeResult: success, version: HTTP/1.1, content: EmptyByteBufBE)
GET /session/3c254f86ce92b83fc2f5596484e35219/element/f.0D42F499B8319E5BC591CF3076C94661.d.BC790291DC5D1C85E416F288F15D8527.e.155/text HTTP/1.1
Cache-Control: no-cache
User-Agent: selenium/4.12.0 (java windows)
Content-Type: application/json; charset=utf-8
host: localhost:24422
accept: */*

Response DefaultHttpResponse(decodeResult: success, version: HTTP/1.1)
HTTP/1.1 200 OK
Content-Length: 25
Content-Type: application/json; charset=utf-8
cache-control: no-cache

20:14:48.451 [AsyncHttpClient-1-8] DEBUG org.asynchttpclient.netty.channel.ChannelManager - Adding key: http://localhost:24422 for channel [id: 0x77c863ec, L:/127.0.0.1:63308 - R:localhost/127.0.0.1:24422]
actual name: Rock_Steel
20:14:48.451 [Forwarding findElement on session 3c254f86ce92b83fc2f5596484e35219 to remote] DEBUG org.asynchttpclient.netty.request.NettyRequestSender - Using pooled Channel '[id: 0x77c863ec, L:/127.0.0.1:63308 - R:localhost/127.0.0.1:24422]' for 'POST' to 'http://localhost:24422/session/3c254f86ce92b83fc2f5596484e35219/element'
20:14:48.451 [Forwarding findElement on session 3c254f86ce92b83fc2f5596484e35219 to remote] DEBUG org.asynchttpclient.netty.request.NettyRequestSender - Using open Channel [id: 0x77c863ec, L:/127.0.0.1:63308 - R:localhost/127.0.0.1:24422] for POST '/session/3c254f86ce92b83fc2f5596484e35219/element'
20:14:48.498 [AsyncHttpClient-1-8] DEBUG org.asynchttpclient.netty.handler.HttpHandler - 

Request DefaultHttpRequest(decodeResult: success, version: HTTP/1.1)
POST /session/3c254f86ce92b83fc2f5596484e35219/element HTTP/1.1
User-Agent: selenium/4.12.0 (java windows)
Content-Length: 199
Content-Type: application/json; charset=utf-8
host: localhost:24422
accept: */*

Response DefaultHttpResponse(decodeResult: success, version: HTTP/1.1)
HTTP/1.1 200 OK
Content-Length: 127
Content-Type: application/json; charset=utf-8
cache-control: no-cache

20:14:48.498 [AsyncHttpClient-1-8] DEBUG org.asynchttpclient.netty.channel.ChannelManager - Adding key: http://localhost:24422 for channel [id: 0x77c863ec, L:/127.0.0.1:63308 - R:localhost/127.0.0.1:24422]
20:14:48.498 [Forwarding getElementText on session 3c254f86ce92b83fc2f5596484e35219 to remote] DEBUG org.asynchttpclient.netty.request.NettyRequestSender - Using pooled Channel '[id: 0x77c863ec, L:/127.0.0.1:63308 - R:localhost/127.0.0.1:24422]' for 'GET' to 'http://localhost:24422/session/3c254f86ce92b83fc2f5596484e35219/element/f.0D42F499B8319E5BC591CF3076C94661.d.BC790291DC5D1C85E416F288F15D8527.e.156/text'
20:14:48.498 [Forwarding getElementText on session 3c254f86ce92b83fc2f5596484e35219 to remote] DEBUG org.asynchttpclient.netty.request.NettyRequestSender - Using open Channel [id: 0x77c863ec, L:/127.0.0.1:63308 - R:localhost/127.0.0.1:24422] for GET '/session/3c254f86ce92b83fc2f5596484e35219/element/f.0D42F499B8319E5BC591CF3076C94661.d.BC790291DC5D1C85E416F288F15D8527.e.156/text'
20:14:48.514 [AsyncHttpClient-1-8] DEBUG org.asynchttpclient.netty.handler.HttpHandler - 

Request DefaultFullHttpRequest(decodeResult: success, version: HTTP/1.1, content: EmptyByteBufBE)
GET /session/3c254f86ce92b83fc2f5596484e35219/element/f.0D42F499B8319E5BC591CF3076C94661.d.BC790291DC5D1C85E416F288F15D8527.e.156/text HTTP/1.1
Cache-Control: no-cache
User-Agent: selenium/4.12.0 (java windows)
Content-Type: application/json; charset=utf-8
host: localhost:24422
accept: */*

Response DefaultHttpResponse(decodeResult: success, version: HTTP/1.1)
HTTP/1.1 200 OK
Content-Length: 22
Content-Type: application/json; charset=utf-8
cache-control: no-cache

20:14:48.514 [AsyncHttpClient-1-8] DEBUG org.asynchttpclient.netty.channel.ChannelManager - Adding key: http://localhost:24422 for channel [id: 0x77c863ec, L:/127.0.0.1:63308 - R:localhost/127.0.0.1:24422]
actual name: Walmart
Company Not created 
  Then customer successsfully added                                            # StepDefination.Customer_onboarding.customer_successsfully_added()
20:14:48.514 [AsyncHttpClient-1-10] DEBUG org.asynchttpclient.netty.handler.WebSocketHandler - Channel Closed: [id: 0xa4a156e9, L:/127.0.0.1:63316 ! R:localhost/127.0.0.1:63309] with attribute DISCARD
20:14:48.514 [Driver Command Executor] DEBUG org.asynchttpclient.netty.request.NettyRequestSender - Using pooled Channel '[id: 0x77c863ec, L:/127.0.0.1:63308 - R:localhost/127.0.0.1:24422]' for 'DELETE' to 'http://localhost:24422/session/3c254f86ce92b83fc2f5596484e35219'
20:14:48.514 [Driver Command Executor] DEBUG org.asynchttpclient.netty.request.NettyRequestSender - Using open Channel [id: 0x77c863ec, L:/127.0.0.1:63308 - R:localhost/127.0.0.1:24422] for DELETE '/session/3c254f86ce92b83fc2f5596484e35219'
20:14:48.561 [AsyncHttpClient-1-9] DEBUG org.asynchttpclient.netty.handler.HttpHandler - Unexpected I/O exception on channel [id: 0xf657233c, L:/127.0.0.1:63315 - R:localhost/127.0.0.1:63309]
java.net.SocketException: Connection reset
	at java.base/sun.nio.ch.SocketChannelImpl.throwConnectionReset(SocketChannelImpl.java:394)
	at java.base/sun.nio.ch.SocketChannelImpl.read(SocketChannelImpl.java:426)
	at io.netty.buffer.PooledByteBuf.setBytes(PooledByteBuf.java:254)
	at io.netty.buffer.AbstractByteBuf.writeBytes(AbstractByteBuf.java:1132)
	at io.netty.channel.socket.nio.NioSocketChannel.doReadBytes(NioSocketChannel.java:357)
	at io.netty.channel.nio.AbstractNioByteChannel$NioByteUnsafe.read(AbstractNioByteChannel.java:151)
	at io.netty.channel.nio.NioEventLoop.processSelectedKey(NioEventLoop.java:788)
	at io.netty.channel.nio.NioEventLoop.processSelectedKeysOptimized(NioEventLoop.java:724)
	at io.netty.channel.nio.NioEventLoop.processSelectedKeys(NioEventLoop.java:650)
	at io.netty.channel.nio.NioEventLoop.run(NioEventLoop.java:562)
	at io.netty.util.concurrent.SingleThreadEventExecutor$4.run(SingleThreadEventExecutor.java:997)
	at io.netty.util.internal.ThreadExecutorMap$2.run(ThreadExecutorMap.java:74)
	at io.netty.util.concurrent.FastThreadLocalRunnable.run(FastThreadLocalRunnable.java:30)
	at java.base/java.lang.Thread.run(Thread.java:840)
20:14:48.561 [AsyncHttpClient-1-9] DEBUG org.asynchttpclient.netty.channel.ChannelManager - Closing Channel [id: 0xf657233c, L:/127.0.0.1:63315 - R:localhost/127.0.0.1:63309] 
20:14:48.561 [AsyncHttpClient-1-9] DEBUG org.asynchttpclient.netty.handler.HttpHandler - Channel Closed: [id: 0xf657233c, L:/127.0.0.1:63315 ! R:localhost/127.0.0.1:63309] with attribute DISCARD
20:14:48.608 [AsyncHttpClient-1-8] DEBUG org.asynchttpclient.netty.handler.HttpHandler - 

Request DefaultFullHttpRequest(decodeResult: success, version: HTTP/1.1, content: EmptyByteBufBE)
DELETE /session/3c254f86ce92b83fc2f5596484e35219 HTTP/1.1
User-Agent: selenium/4.12.0 (java windows)
Content-Type: application/json; charset=utf-8
host: localhost:24422
accept: */*

Response DefaultHttpResponse(decodeResult: success, version: HTTP/1.1)
HTTP/1.1 200 OK
Content-Length: 14
Content-Type: application/json; charset=utf-8
cache-control: no-cache

20:14:48.608 [AsyncHttpClient-1-8] DEBUG org.asynchttpclient.netty.channel.ChannelManager - Adding key: http://localhost:24422 for channel [id: 0x77c863ec, L:/127.0.0.1:63308 - R:localhost/127.0.0.1:24422]
20:14:48.734 [AsyncHttpClient-1-1] DEBUG org.asynchttpclient.netty.channel.DefaultChannelPool - Entry count for : http://localhost:63309 : 1
20:14:48.734 [AsyncHttpClient-1-1] DEBUG org.asynchttpclient.netty.channel.DefaultChannelPool - Entry count for : http://localhost:24422 : 1
20:14:48.734 [AsyncHttpClient-1-1] DEBUG org.asynchttpclient.netty.channel.DefaultChannelPool - Adding Candidate expired Channel [id: 0xf657233c, L:/127.0.0.1:63315 ! R:localhost/127.0.0.1:63309] isIdleTimeoutExpired=false isRemotelyClosed=true isTtlExpired=false
20:14:48.734 [AsyncHttpClient-1-1] DEBUG org.asynchttpclient.netty.channel.DefaultChannelPool - Closing Idle Channel [id: 0xf657233c, L:/127.0.0.1:63315 ! R:localhost/127.0.0.1:63309]
20:14:48.734 [AsyncHttpClient-1-1] DEBUG org.asynchttpclient.netty.channel.DefaultChannelPool - Closed 1 connections out of 2 in 0 ms
20:14:49.017 [AsyncHttpClient-1-8] DEBUG org.asynchttpclient.netty.handler.HttpHandler - Channel Closed: [id: 0x77c863ec, L:/127.0.0.1:63308 ! R:localhost/127.0.0.1:24422] with attribute DISCARD
  And Close_Window                                                             # StepDefination.Customer_onboarding.close_window()
      java.lang.NullPointerException: Cannot invoke "org.openqa.selenium.WebDriver.quit()" because "this.Idriver" is null
	at PageObjects.Base_class.close_window(Base_class.java:52)
	at StepDefination.Signin.close_window(Signin.java:119)
	at StepDefination.My_Load.AfterAll(My_Load.java:144)

]]></system-out>
    <system-err><![CDATA[Jan 18, 2025 8:14:27 PM org.openqa.selenium.devtools.CdpVersionFinder findNearestMatch
WARNING: Unable to find CDP implementation matching 131
Jan 18, 2025 8:14:27 PM org.openqa.selenium.chromium.ChromiumDriver lambda$new$5
WARNING: Unable to find version of CDP to use for 131.0.6778.265. You may need to include a dependency on a specific version of the CDP using something similar to `org.seleniumhq.selenium:selenium-devtools-v86:4.12.0` where the version ("v86") matches the version of the chromium-based browser you're using and the version number of the artifact is the same as Selenium's.
]]></system-err>
  </testcase>
  <testcase name="In Carrier Add single customer with all details" classname="Carrier Customer Onboarding" time="39.67">
    <error message="Cannot invoke &quot;org.openqa.selenium.WebDriver.quit()&quot; because &quot;this.Idriver&quot; is null" type="java.lang.NullPointerException"><![CDATA[java.lang.NullPointerException: Cannot invoke "org.openqa.selenium.WebDriver.quit()" because "this.Idriver" is null
	at PageObjects.Base_class.close_window(Base_class.java:52)
	at StepDefination.Signin.close_window(Signin.java:119)
	at StepDefination.My_Load.AfterAll(My_Load.java:144)
]]></error>
    <system-out><![CDATA[
Scenario Outline: In Carrier Add single customer with all details          # src/test/resources/Customers/Carrier_Customer_Onboarding.feature:38
20:14:49.411 [AsyncHttpClient-1-11] DEBUG org.asynchttpclient.netty.channel.NettyConnectListener - Using new Channel '[id: 0x599f8fc6, L:/127.0.0.1:63353 - R:localhost/127.0.0.1:26543]' for 'POST' to '/session'
20:14:49.836 [AsyncHttpClient-1-1] DEBUG org.asynchttpclient.netty.channel.DefaultChannelPool - Entry count for : http://localhost:24422 : 1
20:14:49.836 [AsyncHttpClient-1-1] DEBUG org.asynchttpclient.netty.channel.DefaultChannelPool - Adding Candidate expired Channel [id: 0x77c863ec, L:/127.0.0.1:63308 ! R:localhost/127.0.0.1:24422] isIdleTimeoutExpired=false isRemotelyClosed=true isTtlExpired=false
20:14:49.836 [AsyncHttpClient-1-1] DEBUG org.asynchttpclient.netty.channel.DefaultChannelPool - Closing Idle Channel [id: 0x77c863ec, L:/127.0.0.1:63308 ! R:localhost/127.0.0.1:24422]
20:14:49.836 [AsyncHttpClient-1-1] DEBUG org.asynchttpclient.netty.channel.DefaultChannelPool - Closed 1 connections out of 1 in 0 ms
20:14:50.118 [AsyncHttpClient-1-11] DEBUG org.asynchttpclient.netty.handler.HttpHandler - 

Request DefaultHttpRequest(decodeResult: success, version: HTTP/1.1)
POST /session HTTP/1.1
User-Agent: selenium/4.12.0 (java windows)
Content-Length: 254
Content-Type: application/json; charset=utf-8
host: localhost:26543
accept: */*

Response DefaultHttpResponse(decodeResult: success, version: HTTP/1.1)
HTTP/1.1 200 OK
Content-Length: 886
Content-Type: application/json; charset=utf-8
cache-control: no-cache

20:14:50.118 [AsyncHttpClient-1-11] DEBUG org.asynchttpclient.netty.channel.ChannelManager - Adding key: http://localhost:26543 for channel [id: 0x599f8fc6, L:/127.0.0.1:63353 - R:localhost/127.0.0.1:26543]
20:14:50.118 [AsyncHttpClient-1-12] DEBUG org.asynchttpclient.netty.channel.NettyConnectListener - Using new Channel '[id: 0x58215431, L:/127.0.0.1:63360 - R:localhost/127.0.0.1:63354]' for 'GET' to '/json/version'
20:14:50.118 [AsyncHttpClient-1-12] DEBUG org.asynchttpclient.netty.handler.HttpHandler - 

Request DefaultFullHttpRequest(decodeResult: success, version: HTTP/1.1, content: EmptyByteBufBE)
GET /json/version HTTP/1.1
User-Agent: selenium/4.12.0 (java windows)
host: localhost:63354
accept: */*

Response DefaultHttpResponse(decodeResult: success, version: HTTP/1.1)
HTTP/1.1 200 OK
Content-Security-Policy: frame-ancestors 'none'
Content-Length: 424
Content-Type: application/json; charset=UTF-8

20:14:50.118 [AsyncHttpClient-1-12] DEBUG org.asynchttpclient.netty.channel.ChannelManager - Adding key: http://localhost:63354 for channel [id: 0x58215431, L:/127.0.0.1:63360 - R:localhost/127.0.0.1:63354]
20:14:50.133 [AsyncHttpClient-1-13] DEBUG org.asynchttpclient.netty.channel.NettyConnectListener - Using new Channel '[id: 0x381effb8, L:/127.0.0.1:63361 - R:localhost/127.0.0.1:63354]' for 'GET' to '/devtools/browser/2011c37e-3dad-4c5b-9a32-a80241c1709f'
20:14:50.139 [AsyncHttpClient-1-13] DEBUG org.asynchttpclient.netty.handler.WebSocketHandler - 

Request DefaultFullHttpRequest(decodeResult: success, version: HTTP/1.1, content: EmptyByteBufBE)
GET /devtools/browser/2011c37e-3dad-4c5b-9a32-a80241c1709f HTTP/1.1
upgrade: websocket
connection: upgrade
sec-websocket-key: snghQjzW+s1F0G1mY9kHJw==
sec-websocket-version: 13
origin: http://localhost:63354
host: localhost:63354
accept: */*
user-agent: AHC/2.1

Response DefaultHttpResponse(decodeResult: success, version: HTTP/1.1)
HTTP/1.1 101 WebSocket Protocol Handshake
Upgrade: WebSocket
Connection: Upgrade
Sec-WebSocket-Accept: HqfGZOR2MDZqtb4k7X4ykx9m4Z0=

20:14:50.146 [Forwarding get on session c1ed2164797c27713aa9e0cdecf64a6f to remote] DEBUG org.asynchttpclient.netty.request.NettyRequestSender - Using pooled Channel '[id: 0x599f8fc6, L:/127.0.0.1:63353 - R:localhost/127.0.0.1:26543]' for 'POST' to 'http://localhost:26543/session/c1ed2164797c27713aa9e0cdecf64a6f/url'
20:14:50.146 [Forwarding get on session c1ed2164797c27713aa9e0cdecf64a6f to remote] DEBUG org.asynchttpclient.netty.request.NettyRequestSender - Using open Channel [id: 0x599f8fc6, L:/127.0.0.1:63353 - R:localhost/127.0.0.1:26543] for POST '/session/c1ed2164797c27713aa9e0cdecf64a6f/url'
20:14:50.935 [AsyncHttpClient-1-1] DEBUG org.asynchttpclient.netty.channel.DefaultChannelPool - Entry count for : http://localhost:63354 : 1
20:14:51.338 [AsyncHttpClient-1-11] DEBUG org.asynchttpclient.netty.handler.HttpHandler - 

Request DefaultHttpRequest(decodeResult: success, version: HTTP/1.1)
POST /session/c1ed2164797c27713aa9e0cdecf64a6f/url HTTP/1.1
User-Agent: selenium/4.12.0 (java windows)
Content-Length: 92
Content-Type: application/json; charset=utf-8
host: localhost:26543
accept: */*

Response DefaultHttpResponse(decodeResult: success, version: HTTP/1.1)
HTTP/1.1 200 OK
Content-Length: 14
Content-Type: application/json; charset=utf-8
cache-control: no-cache

20:14:51.338 [AsyncHttpClient-1-11] DEBUG org.asynchttpclient.netty.channel.ChannelManager - Adding key: http://localhost:26543 for channel [id: 0x599f8fc6, L:/127.0.0.1:63353 - R:localhost/127.0.0.1:26543]
20:14:51.338 [Forwarding maximizeCurrentWindow on session c1ed2164797c27713aa9e0cdecf64a6f to remote] DEBUG org.asynchttpclient.netty.request.NettyRequestSender - Using pooled Channel '[id: 0x599f8fc6, L:/127.0.0.1:63353 - R:localhost/127.0.0.1:26543]' for 'POST' to 'http://localhost:26543/session/c1ed2164797c27713aa9e0cdecf64a6f/window/maximize'
20:14:51.338 [Forwarding maximizeCurrentWindow on session c1ed2164797c27713aa9e0cdecf64a6f to remote] DEBUG org.asynchttpclient.netty.request.NettyRequestSender - Using open Channel [id: 0x599f8fc6, L:/127.0.0.1:63353 - R:localhost/127.0.0.1:26543] for POST '/session/c1ed2164797c27713aa9e0cdecf64a6f/window/maximize'
20:14:51.370 [AsyncHttpClient-1-11] DEBUG org.asynchttpclient.netty.handler.HttpHandler - 

Request DefaultHttpRequest(decodeResult: success, version: HTTP/1.1)
POST /session/c1ed2164797c27713aa9e0cdecf64a6f/window/maximize HTTP/1.1
User-Agent: selenium/4.12.0 (java windows)
Content-Length: 3
Content-Type: application/json; charset=utf-8
host: localhost:26543
accept: */*

Response DefaultHttpResponse(decodeResult: success, version: HTTP/1.1)
HTTP/1.1 200 OK
Content-Length: 51
Content-Type: application/json; charset=utf-8
cache-control: no-cache

20:14:51.370 [AsyncHttpClient-1-11] DEBUG org.asynchttpclient.netty.channel.ChannelManager - Adding key: http://localhost:26543 for channel [id: 0x599f8fc6, L:/127.0.0.1:63353 - R:localhost/127.0.0.1:26543]
20:14:51.370 [Forwarding findElement on session c1ed2164797c27713aa9e0cdecf64a6f to remote] DEBUG org.asynchttpclient.netty.request.NettyRequestSender - Using pooled Channel '[id: 0x599f8fc6, L:/127.0.0.1:63353 - R:localhost/127.0.0.1:26543]' for 'POST' to 'http://localhost:26543/session/c1ed2164797c27713aa9e0cdecf64a6f/element'
20:14:51.370 [Forwarding findElement on session c1ed2164797c27713aa9e0cdecf64a6f to remote] DEBUG org.asynchttpclient.netty.request.NettyRequestSender - Using open Channel [id: 0x599f8fc6, L:/127.0.0.1:63353 - R:localhost/127.0.0.1:26543] for POST '/session/c1ed2164797c27713aa9e0cdecf64a6f/element'
20:14:51.387 [AsyncHttpClient-1-11] DEBUG org.asynchttpclient.netty.handler.HttpHandler - 

Request DefaultHttpRequest(decodeResult: success, version: HTTP/1.1)
POST /session/c1ed2164797c27713aa9e0cdecf64a6f/element HTTP/1.1
User-Agent: selenium/4.12.0 (java windows)
Content-Length: 69
Content-Type: application/json; charset=utf-8
host: localhost:26543
accept: */*

Response DefaultHttpResponse(decodeResult: success, version: HTTP/1.1)
HTTP/1.1 200 OK
Content-Length: 125
Content-Type: application/json; charset=utf-8
cache-control: no-cache

20:14:51.387 [AsyncHttpClient-1-11] DEBUG org.asynchttpclient.netty.channel.ChannelManager - Adding key: http://localhost:26543 for channel [id: 0x599f8fc6, L:/127.0.0.1:63353 - R:localhost/127.0.0.1:26543]
20:14:51.387 [Forwarding sendKeysToElement on session c1ed2164797c27713aa9e0cdecf64a6f to remote] DEBUG org.asynchttpclient.netty.request.NettyRequestSender - Using pooled Channel '[id: 0x599f8fc6, L:/127.0.0.1:63353 - R:localhost/127.0.0.1:26543]' for 'POST' to 'http://localhost:26543/session/c1ed2164797c27713aa9e0cdecf64a6f/element/f.115762F6998D0B813AEB280A0DAD9BCA.d.576E1D30F0E5AEBF2C64FD681B54AACD.e.4/value'
20:14:51.387 [Forwarding sendKeysToElement on session c1ed2164797c27713aa9e0cdecf64a6f to remote] DEBUG org.asynchttpclient.netty.request.NettyRequestSender - Using open Channel [id: 0x599f8fc6, L:/127.0.0.1:63353 - R:localhost/127.0.0.1:26543] for POST '/session/c1ed2164797c27713aa9e0cdecf64a6f/element/f.115762F6998D0B813AEB280A0DAD9BCA.d.576E1D30F0E5AEBF2C64FD681B54AACD.e.4/value'
20:14:51.509 [AsyncHttpClient-1-11] DEBUG org.asynchttpclient.netty.handler.HttpHandler - 

Request DefaultHttpRequest(decodeResult: success, version: HTTP/1.1)
POST /session/c1ed2164797c27713aa9e0cdecf64a6f/element/f.115762F6998D0B813AEB280A0DAD9BCA.d.576E1D30F0E5AEBF2C64FD681B54AACD.e.4/value HTTP/1.1
User-Agent: selenium/4.12.0 (java windows)
Content-Length: 338
Content-Type: application/json; charset=utf-8
host: localhost:26543
accept: */*

Response DefaultHttpResponse(decodeResult: success, version: HTTP/1.1)
HTTP/1.1 200 OK
Content-Length: 14
Content-Type: application/json; charset=utf-8
cache-control: no-cache

20:14:51.509 [AsyncHttpClient-1-11] DEBUG org.asynchttpclient.netty.channel.ChannelManager - Adding key: http://localhost:26543 for channel [id: 0x599f8fc6, L:/127.0.0.1:63353 - R:localhost/127.0.0.1:26543]
20:14:51.509 [Forwarding findElement on session c1ed2164797c27713aa9e0cdecf64a6f to remote] DEBUG org.asynchttpclient.netty.request.NettyRequestSender - Using pooled Channel '[id: 0x599f8fc6, L:/127.0.0.1:63353 - R:localhost/127.0.0.1:26543]' for 'POST' to 'http://localhost:26543/session/c1ed2164797c27713aa9e0cdecf64a6f/element'
20:14:51.509 [Forwarding findElement on session c1ed2164797c27713aa9e0cdecf64a6f to remote] DEBUG org.asynchttpclient.netty.request.NettyRequestSender - Using open Channel [id: 0x599f8fc6, L:/127.0.0.1:63353 - R:localhost/127.0.0.1:26543] for POST '/session/c1ed2164797c27713aa9e0cdecf64a6f/element'
20:14:51.518 [AsyncHttpClient-1-11] DEBUG org.asynchttpclient.netty.handler.HttpHandler - 

Request DefaultHttpRequest(decodeResult: success, version: HTTP/1.1)
POST /session/c1ed2164797c27713aa9e0cdecf64a6f/element HTTP/1.1
User-Agent: selenium/4.12.0 (java windows)
Content-Length: 72
Content-Type: application/json; charset=utf-8
host: localhost:26543
accept: */*

Response DefaultHttpResponse(decodeResult: success, version: HTTP/1.1)
HTTP/1.1 200 OK
Content-Length: 125
Content-Type: application/json; charset=utf-8
cache-control: no-cache

20:14:51.518 [AsyncHttpClient-1-11] DEBUG org.asynchttpclient.netty.channel.ChannelManager - Adding key: http://localhost:26543 for channel [id: 0x599f8fc6, L:/127.0.0.1:63353 - R:localhost/127.0.0.1:26543]
20:14:51.518 [Forwarding sendKeysToElement on session c1ed2164797c27713aa9e0cdecf64a6f to remote] DEBUG org.asynchttpclient.netty.request.NettyRequestSender - Using pooled Channel '[id: 0x599f8fc6, L:/127.0.0.1:63353 - R:localhost/127.0.0.1:26543]' for 'POST' to 'http://localhost:26543/session/c1ed2164797c27713aa9e0cdecf64a6f/element/f.115762F6998D0B813AEB280A0DAD9BCA.d.576E1D30F0E5AEBF2C64FD681B54AACD.e.6/value'
20:14:51.518 [Forwarding sendKeysToElement on session c1ed2164797c27713aa9e0cdecf64a6f to remote] DEBUG org.asynchttpclient.netty.request.NettyRequestSender - Using open Channel [id: 0x599f8fc6, L:/127.0.0.1:63353 - R:localhost/127.0.0.1:26543] for POST '/session/c1ed2164797c27713aa9e0cdecf64a6f/element/f.115762F6998D0B813AEB280A0DAD9BCA.d.576E1D30F0E5AEBF2C64FD681B54AACD.e.6/value'
20:14:51.576 [AsyncHttpClient-1-11] DEBUG org.asynchttpclient.netty.handler.HttpHandler - 

Request DefaultHttpRequest(decodeResult: success, version: HTTP/1.1)
POST /session/c1ed2164797c27713aa9e0cdecf64a6f/element/f.115762F6998D0B813AEB280A0DAD9BCA.d.576E1D30F0E5AEBF2C64FD681B54AACD.e.6/value HTTP/1.1
User-Agent: selenium/4.12.0 (java windows)
Content-Length: 208
Content-Type: application/json; charset=utf-8
host: localhost:26543
accept: */*

Response DefaultHttpResponse(decodeResult: success, version: HTTP/1.1)
HTTP/1.1 200 OK
Content-Length: 14
Content-Type: application/json; charset=utf-8
cache-control: no-cache

20:14:51.576 [AsyncHttpClient-1-11] DEBUG org.asynchttpclient.netty.channel.ChannelManager - Adding key: http://localhost:26543 for channel [id: 0x599f8fc6, L:/127.0.0.1:63353 - R:localhost/127.0.0.1:26543]
20:14:51.576 [Forwarding findElement on session c1ed2164797c27713aa9e0cdecf64a6f to remote] DEBUG org.asynchttpclient.netty.request.NettyRequestSender - Using pooled Channel '[id: 0x599f8fc6, L:/127.0.0.1:63353 - R:localhost/127.0.0.1:26543]' for 'POST' to 'http://localhost:26543/session/c1ed2164797c27713aa9e0cdecf64a6f/element'
20:14:51.576 [Forwarding findElement on session c1ed2164797c27713aa9e0cdecf64a6f to remote] DEBUG org.asynchttpclient.netty.request.NettyRequestSender - Using open Channel [id: 0x599f8fc6, L:/127.0.0.1:63353 - R:localhost/127.0.0.1:26543] for POST '/session/c1ed2164797c27713aa9e0cdecf64a6f/element'
20:14:51.586 [AsyncHttpClient-1-11] DEBUG org.asynchttpclient.netty.handler.HttpHandler - 

Request DefaultHttpRequest(decodeResult: success, version: HTTP/1.1)
POST /session/c1ed2164797c27713aa9e0cdecf64a6f/element HTTP/1.1
User-Agent: selenium/4.12.0 (java windows)
Content-Length: 73
Content-Type: application/json; charset=utf-8
host: localhost:26543
accept: */*

Response DefaultHttpResponse(decodeResult: success, version: HTTP/1.1)
HTTP/1.1 200 OK
Content-Length: 125
Content-Type: application/json; charset=utf-8
cache-control: no-cache

20:14:51.586 [AsyncHttpClient-1-11] DEBUG org.asynchttpclient.netty.channel.ChannelManager - Adding key: http://localhost:26543 for channel [id: 0x599f8fc6, L:/127.0.0.1:63353 - R:localhost/127.0.0.1:26543]
20:14:51.586 [Forwarding clickElement on session c1ed2164797c27713aa9e0cdecf64a6f to remote] DEBUG org.asynchttpclient.netty.request.NettyRequestSender - Using pooled Channel '[id: 0x599f8fc6, L:/127.0.0.1:63353 - R:localhost/127.0.0.1:26543]' for 'POST' to 'http://localhost:26543/session/c1ed2164797c27713aa9e0cdecf64a6f/element/f.115762F6998D0B813AEB280A0DAD9BCA.d.576E1D30F0E5AEBF2C64FD681B54AACD.e.8/click'
20:14:51.586 [Forwarding clickElement on session c1ed2164797c27713aa9e0cdecf64a6f to remote] DEBUG org.asynchttpclient.netty.request.NettyRequestSender - Using open Channel [id: 0x599f8fc6, L:/127.0.0.1:63353 - R:localhost/127.0.0.1:26543] for POST '/session/c1ed2164797c27713aa9e0cdecf64a6f/element/f.115762F6998D0B813AEB280A0DAD9BCA.d.576E1D30F0E5AEBF2C64FD681B54AACD.e.8/click'
20:14:51.635 [AsyncHttpClient-1-11] DEBUG org.asynchttpclient.netty.handler.HttpHandler - 

Request DefaultHttpRequest(decodeResult: success, version: HTTP/1.1)
POST /session/c1ed2164797c27713aa9e0cdecf64a6f/element/f.115762F6998D0B813AEB280A0DAD9BCA.d.576E1D30F0E5AEBF2C64FD681B54AACD.e.8/click HTTP/1.1
User-Agent: selenium/4.12.0 (java windows)
Content-Length: 87
Content-Type: application/json; charset=utf-8
host: localhost:26543
accept: */*

Response DefaultHttpResponse(decodeResult: success, version: HTTP/1.1)
HTTP/1.1 200 OK
Content-Length: 14
Content-Type: application/json; charset=utf-8
cache-control: no-cache

20:14:51.635 [AsyncHttpClient-1-11] DEBUG org.asynchttpclient.netty.channel.ChannelManager - Adding key: http://localhost:26543 for channel [id: 0x599f8fc6, L:/127.0.0.1:63353 - R:localhost/127.0.0.1:26543]
20:14:52.033 [AsyncHttpClient-1-1] DEBUG org.asynchttpclient.netty.channel.DefaultChannelPool - Entry count for : http://localhost:63354 : 1
20:14:52.033 [AsyncHttpClient-1-1] DEBUG org.asynchttpclient.netty.channel.DefaultChannelPool - Entry count for : http://localhost:26543 : 1
20:14:53.127 [AsyncHttpClient-1-1] DEBUG org.asynchttpclient.netty.channel.DefaultChannelPool - Entry count for : http://localhost:63354 : 1
20:14:53.127 [AsyncHttpClient-1-1] DEBUG org.asynchttpclient.netty.channel.DefaultChannelPool - Entry count for : http://localhost:26543 : 1
20:14:54.227 [AsyncHttpClient-1-1] DEBUG org.asynchttpclient.netty.channel.DefaultChannelPool - Entry count for : http://localhost:63354 : 1
20:14:54.227 [AsyncHttpClient-1-1] DEBUG org.asynchttpclient.netty.channel.DefaultChannelPool - Entry count for : http://localhost:26543 : 1
20:14:55.335 [AsyncHttpClient-1-1] DEBUG org.asynchttpclient.netty.channel.DefaultChannelPool - Entry count for : http://localhost:63354 : 1
20:14:55.335 [AsyncHttpClient-1-1] DEBUG org.asynchttpclient.netty.channel.DefaultChannelPool - Entry count for : http://localhost:26543 : 1
20:14:56.440 [AsyncHttpClient-1-1] DEBUG org.asynchttpclient.netty.channel.DefaultChannelPool - Entry count for : http://localhost:63354 : 1
20:14:56.440 [AsyncHttpClient-1-1] DEBUG org.asynchttpclient.netty.channel.DefaultChannelPool - Entry count for : http://localhost:26543 : 1
20:14:56.648 [Forwarding getCurrentUrl on session c1ed2164797c27713aa9e0cdecf64a6f to remote] DEBUG org.asynchttpclient.netty.request.NettyRequestSender - Using pooled Channel '[id: 0x599f8fc6, L:/127.0.0.1:63353 - R:localhost/127.0.0.1:26543]' for 'GET' to 'http://localhost:26543/session/c1ed2164797c27713aa9e0cdecf64a6f/url'
20:14:56.648 [Forwarding getCurrentUrl on session c1ed2164797c27713aa9e0cdecf64a6f to remote] DEBUG org.asynchttpclient.netty.request.NettyRequestSender - Using open Channel [id: 0x599f8fc6, L:/127.0.0.1:63353 - R:localhost/127.0.0.1:26543] for GET '/session/c1ed2164797c27713aa9e0cdecf64a6f/url'
20:14:56.652 [AsyncHttpClient-1-11] DEBUG org.asynchttpclient.netty.handler.HttpHandler - 

Request DefaultFullHttpRequest(decodeResult: success, version: HTTP/1.1, content: EmptyByteBufBE)
GET /session/c1ed2164797c27713aa9e0cdecf64a6f/url HTTP/1.1
Cache-Control: no-cache
User-Agent: selenium/4.12.0 (java windows)
Content-Type: application/json; charset=utf-8
host: localhost:26543
accept: */*

Response DefaultHttpResponse(decodeResult: success, version: HTTP/1.1)
HTTP/1.1 200 OK
Content-Length: 69
Content-Type: application/json; charset=utf-8
cache-control: no-cache

20:14:56.652 [AsyncHttpClient-1-11] DEBUG org.asynchttpclient.netty.channel.ChannelManager - Adding key: http://localhost:26543 for channel [id: 0x599f8fc6, L:/127.0.0.1:63353 - R:localhost/127.0.0.1:26543]
https://fleet-manager-development.vercel.app/auth/sign-in
20:14:56.652 [Forwarding findElement on session c1ed2164797c27713aa9e0cdecf64a6f to remote] DEBUG org.asynchttpclient.netty.request.NettyRequestSender - Using pooled Channel '[id: 0x599f8fc6, L:/127.0.0.1:63353 - R:localhost/127.0.0.1:26543]' for 'POST' to 'http://localhost:26543/session/c1ed2164797c27713aa9e0cdecf64a6f/element'
20:14:56.652 [Forwarding findElement on session c1ed2164797c27713aa9e0cdecf64a6f to remote] DEBUG org.asynchttpclient.netty.request.NettyRequestSender - Using open Channel [id: 0x599f8fc6, L:/127.0.0.1:63353 - R:localhost/127.0.0.1:26543] for POST '/session/c1ed2164797c27713aa9e0cdecf64a6f/element'
20:14:56.669 [AsyncHttpClient-1-11] DEBUG org.asynchttpclient.netty.handler.HttpHandler - 

Request DefaultHttpRequest(decodeResult: success, version: HTTP/1.1)
POST /session/c1ed2164797c27713aa9e0cdecf64a6f/element HTTP/1.1
User-Agent: selenium/4.12.0 (java windows)
Content-Length: 66
Content-Type: application/json; charset=utf-8
host: localhost:26543
accept: */*

Response DefaultHttpResponse(decodeResult: success, version: HTTP/1.1)
HTTP/1.1 200 OK
Content-Length: 126
Content-Type: application/json; charset=utf-8
cache-control: no-cache

20:14:56.669 [AsyncHttpClient-1-11] DEBUG org.asynchttpclient.netty.channel.ChannelManager - Adding key: http://localhost:26543 for channel [id: 0x599f8fc6, L:/127.0.0.1:63353 - R:localhost/127.0.0.1:26543]
20:14:56.669 [Forwarding isElementDisplayed on session c1ed2164797c27713aa9e0cdecf64a6f to remote] DEBUG org.asynchttpclient.netty.request.NettyRequestSender - Using pooled Channel '[id: 0x599f8fc6, L:/127.0.0.1:63353 - R:localhost/127.0.0.1:26543]' for 'POST' to 'http://localhost:26543/session/c1ed2164797c27713aa9e0cdecf64a6f/execute/sync'
20:14:56.669 [Forwarding isElementDisplayed on session c1ed2164797c27713aa9e0cdecf64a6f to remote] DEBUG org.asynchttpclient.netty.request.NettyRequestSender - Using open Channel [id: 0x599f8fc6, L:/127.0.0.1:63353 - R:localhost/127.0.0.1:26543] for POST '/session/c1ed2164797c27713aa9e0cdecf64a6f/execute/sync'
20:14:56.682 [AsyncHttpClient-1-11] DEBUG org.asynchttpclient.netty.handler.HttpHandler - 

Request DefaultHttpRequest(decodeResult: success, version: HTTP/1.1)
POST /session/c1ed2164797c27713aa9e0cdecf64a6f/execute/sync HTTP/1.1
User-Agent: selenium/4.12.0 (java windows)
Content-Length: 48734
Content-Type: application/json; charset=utf-8
host: localhost:26543
accept: */*

Response DefaultHttpResponse(decodeResult: success, version: HTTP/1.1)
HTTP/1.1 200 OK
Content-Length: 14
Content-Type: application/json; charset=utf-8
cache-control: no-cache

20:14:56.682 [AsyncHttpClient-1-11] DEBUG org.asynchttpclient.netty.channel.ChannelManager - Adding key: http://localhost:26543 for channel [id: 0x599f8fc6, L:/127.0.0.1:63353 - R:localhost/127.0.0.1:26543]
20:14:56.682 [Forwarding findElement on session c1ed2164797c27713aa9e0cdecf64a6f to remote] DEBUG org.asynchttpclient.netty.request.NettyRequestSender - Using pooled Channel '[id: 0x599f8fc6, L:/127.0.0.1:63353 - R:localhost/127.0.0.1:26543]' for 'POST' to 'http://localhost:26543/session/c1ed2164797c27713aa9e0cdecf64a6f/element'
20:14:56.682 [Forwarding findElement on session c1ed2164797c27713aa9e0cdecf64a6f to remote] DEBUG org.asynchttpclient.netty.request.NettyRequestSender - Using open Channel [id: 0x599f8fc6, L:/127.0.0.1:63353 - R:localhost/127.0.0.1:26543] for POST '/session/c1ed2164797c27713aa9e0cdecf64a6f/element'
20:14:56.682 [AsyncHttpClient-1-11] DEBUG org.asynchttpclient.netty.handler.HttpHandler - 

Request DefaultHttpRequest(decodeResult: success, version: HTTP/1.1)
POST /session/c1ed2164797c27713aa9e0cdecf64a6f/element HTTP/1.1
User-Agent: selenium/4.12.0 (java windows)
Content-Length: 66
Content-Type: application/json; charset=utf-8
host: localhost:26543
accept: */*

Response DefaultHttpResponse(decodeResult: success, version: HTTP/1.1)
HTTP/1.1 200 OK
Content-Length: 126
Content-Type: application/json; charset=utf-8
cache-control: no-cache

20:14:56.682 [AsyncHttpClient-1-11] DEBUG org.asynchttpclient.netty.channel.ChannelManager - Adding key: http://localhost:26543 for channel [id: 0x599f8fc6, L:/127.0.0.1:63353 - R:localhost/127.0.0.1:26543]
20:14:56.682 [Forwarding getElementText on session c1ed2164797c27713aa9e0cdecf64a6f to remote] DEBUG org.asynchttpclient.netty.request.NettyRequestSender - Using pooled Channel '[id: 0x599f8fc6, L:/127.0.0.1:63353 - R:localhost/127.0.0.1:26543]' for 'GET' to 'http://localhost:26543/session/c1ed2164797c27713aa9e0cdecf64a6f/element/f.115762F6998D0B813AEB280A0DAD9BCA.d.576E1D30F0E5AEBF2C64FD681B54AACD.e.19/text'
20:14:56.695 [Forwarding getElementText on session c1ed2164797c27713aa9e0cdecf64a6f to remote] DEBUG org.asynchttpclient.netty.request.NettyRequestSender - Using open Channel [id: 0x599f8fc6, L:/127.0.0.1:63353 - R:localhost/127.0.0.1:26543] for GET '/session/c1ed2164797c27713aa9e0cdecf64a6f/element/f.115762F6998D0B813AEB280A0DAD9BCA.d.576E1D30F0E5AEBF2C64FD681B54AACD.e.19/text'
20:14:56.695 [AsyncHttpClient-1-11] DEBUG org.asynchttpclient.netty.handler.HttpHandler - 

Request DefaultFullHttpRequest(decodeResult: success, version: HTTP/1.1, content: EmptyByteBufBE)
GET /session/c1ed2164797c27713aa9e0cdecf64a6f/element/f.115762F6998D0B813AEB280A0DAD9BCA.d.576E1D30F0E5AEBF2C64FD681B54AACD.e.19/text HTTP/1.1
Cache-Control: no-cache
User-Agent: selenium/4.12.0 (java windows)
Content-Type: application/json; charset=utf-8
host: localhost:26543
accept: */*

Response DefaultHttpResponse(decodeResult: success, version: HTTP/1.1)
HTTP/1.1 200 OK
Content-Length: 33
Content-Type: application/json; charset=utf-8
cache-control: no-cache

20:14:56.695 [AsyncHttpClient-1-11] DEBUG org.asynchttpclient.netty.channel.ChannelManager - Adding key: http://localhost:26543 for channel [id: 0x599f8fc6, L:/127.0.0.1:63353 - R:localhost/127.0.0.1:26543]
20:14:56.695 [Forwarding findElement on session c1ed2164797c27713aa9e0cdecf64a6f to remote] DEBUG org.asynchttpclient.netty.request.NettyRequestSender - Using pooled Channel '[id: 0x599f8fc6, L:/127.0.0.1:63353 - R:localhost/127.0.0.1:26543]' for 'POST' to 'http://localhost:26543/session/c1ed2164797c27713aa9e0cdecf64a6f/element'
20:14:56.695 [Forwarding findElement on session c1ed2164797c27713aa9e0cdecf64a6f to remote] DEBUG org.asynchttpclient.netty.request.NettyRequestSender - Using open Channel [id: 0x599f8fc6, L:/127.0.0.1:63353 - R:localhost/127.0.0.1:26543] for POST '/session/c1ed2164797c27713aa9e0cdecf64a6f/element'
20:14:56.711 [AsyncHttpClient-1-11] DEBUG org.asynchttpclient.netty.handler.HttpHandler - 

Request DefaultHttpRequest(decodeResult: success, version: HTTP/1.1)
POST /session/c1ed2164797c27713aa9e0cdecf64a6f/element HTTP/1.1
User-Agent: selenium/4.12.0 (java windows)
Content-Length: 74
Content-Type: application/json; charset=utf-8
host: localhost:26543
accept: */*

Response DefaultHttpResponse(decodeResult: success, version: HTTP/1.1)
HTTP/1.1 200 OK
Content-Length: 126
Content-Type: application/json; charset=utf-8
cache-control: no-cache

20:14:56.711 [AsyncHttpClient-1-11] DEBUG org.asynchttpclient.netty.channel.ChannelManager - Adding key: http://localhost:26543 for channel [id: 0x599f8fc6, L:/127.0.0.1:63353 - R:localhost/127.0.0.1:26543]
20:14:56.711 [Forwarding clickElement on session c1ed2164797c27713aa9e0cdecf64a6f to remote] DEBUG org.asynchttpclient.netty.request.NettyRequestSender - Using pooled Channel '[id: 0x599f8fc6, L:/127.0.0.1:63353 - R:localhost/127.0.0.1:26543]' for 'POST' to 'http://localhost:26543/session/c1ed2164797c27713aa9e0cdecf64a6f/element/f.115762F6998D0B813AEB280A0DAD9BCA.d.576E1D30F0E5AEBF2C64FD681B54AACD.e.20/click'
20:14:56.711 [Forwarding clickElement on session c1ed2164797c27713aa9e0cdecf64a6f to remote] DEBUG org.asynchttpclient.netty.request.NettyRequestSender - Using open Channel [id: 0x599f8fc6, L:/127.0.0.1:63353 - R:localhost/127.0.0.1:26543] for POST '/session/c1ed2164797c27713aa9e0cdecf64a6f/element/f.115762F6998D0B813AEB280A0DAD9BCA.d.576E1D30F0E5AEBF2C64FD681B54AACD.e.20/click'
20:14:56.759 [AsyncHttpClient-1-11] DEBUG org.asynchttpclient.netty.handler.HttpHandler - 

Request DefaultHttpRequest(decodeResult: success, version: HTTP/1.1)
POST /session/c1ed2164797c27713aa9e0cdecf64a6f/element/f.115762F6998D0B813AEB280A0DAD9BCA.d.576E1D30F0E5AEBF2C64FD681B54AACD.e.20/click HTTP/1.1
User-Agent: selenium/4.12.0 (java windows)
Content-Length: 88
Content-Type: application/json; charset=utf-8
host: localhost:26543
accept: */*

Response DefaultHttpResponse(decodeResult: success, version: HTTP/1.1)
HTTP/1.1 200 OK
Content-Length: 14
Content-Type: application/json; charset=utf-8
cache-control: no-cache

20:14:56.759 [AsyncHttpClient-1-11] DEBUG org.asynchttpclient.netty.channel.ChannelManager - Adding key: http://localhost:26543 for channel [id: 0x599f8fc6, L:/127.0.0.1:63353 - R:localhost/127.0.0.1:26543]
20:14:57.536 [AsyncHttpClient-1-1] DEBUG org.asynchttpclient.netty.channel.DefaultChannelPool - Entry count for : http://localhost:63354 : 1
20:14:57.536 [AsyncHttpClient-1-1] DEBUG org.asynchttpclient.netty.channel.DefaultChannelPool - Entry count for : http://localhost:26543 : 1
20:14:58.633 [AsyncHttpClient-1-1] DEBUG org.asynchttpclient.netty.channel.DefaultChannelPool - Entry count for : http://localhost:63354 : 1
20:14:58.633 [AsyncHttpClient-1-1] DEBUG org.asynchttpclient.netty.channel.DefaultChannelPool - Entry count for : http://localhost:26543 : 1
20:14:59.733 [AsyncHttpClient-1-1] DEBUG org.asynchttpclient.netty.channel.DefaultChannelPool - Entry count for : http://localhost:63354 : 1
20:14:59.734 [AsyncHttpClient-1-1] DEBUG org.asynchttpclient.netty.channel.DefaultChannelPool - Entry count for : http://localhost:26543 : 1
screen shot class not taking
  Given I am on dashboardfokisaj290@edectus.com and Fleet@123              # StepDefination.Customer_onboarding.I_am_on_dashboard(java.lang.String,java.lang.String)
20:15:00.272 [Forwarding findElement on session c1ed2164797c27713aa9e0cdecf64a6f to remote] DEBUG org.asynchttpclient.netty.request.NettyRequestSender - Using pooled Channel '[id: 0x599f8fc6, L:/127.0.0.1:63353 - R:localhost/127.0.0.1:26543]' for 'POST' to 'http://localhost:26543/session/c1ed2164797c27713aa9e0cdecf64a6f/element'
20:15:00.272 [Forwarding findElement on session c1ed2164797c27713aa9e0cdecf64a6f to remote] DEBUG org.asynchttpclient.netty.request.NettyRequestSender - Using open Channel [id: 0x599f8fc6, L:/127.0.0.1:63353 - R:localhost/127.0.0.1:26543] for POST '/session/c1ed2164797c27713aa9e0cdecf64a6f/element'
20:15:00.293 [AsyncHttpClient-1-11] DEBUG org.asynchttpclient.netty.handler.HttpHandler - 

Request DefaultHttpRequest(decodeResult: success, version: HTTP/1.1)
POST /session/c1ed2164797c27713aa9e0cdecf64a6f/element HTTP/1.1
User-Agent: selenium/4.12.0 (java windows)
Content-Length: 195
Content-Type: application/json; charset=utf-8
host: localhost:26543
accept: */*

Response DefaultHttpResponse(decodeResult: success, version: HTTP/1.1)
HTTP/1.1 200 OK
Content-Length: 126
Content-Type: application/json; charset=utf-8
cache-control: no-cache

20:15:00.293 [AsyncHttpClient-1-11] DEBUG org.asynchttpclient.netty.channel.ChannelManager - Adding key: http://localhost:26543 for channel [id: 0x599f8fc6, L:/127.0.0.1:63353 - R:localhost/127.0.0.1:26543]
20:15:00.293 [Forwarding clickElement on session c1ed2164797c27713aa9e0cdecf64a6f to remote] DEBUG org.asynchttpclient.netty.request.NettyRequestSender - Using pooled Channel '[id: 0x599f8fc6, L:/127.0.0.1:63353 - R:localhost/127.0.0.1:26543]' for 'POST' to 'http://localhost:26543/session/c1ed2164797c27713aa9e0cdecf64a6f/element/f.115762F6998D0B813AEB280A0DAD9BCA.d.2F0DBB95ADDBEB53584179A60ABB5BE8.e.31/click'
20:15:00.293 [Forwarding clickElement on session c1ed2164797c27713aa9e0cdecf64a6f to remote] DEBUG org.asynchttpclient.netty.request.NettyRequestSender - Using open Channel [id: 0x599f8fc6, L:/127.0.0.1:63353 - R:localhost/127.0.0.1:26543] for POST '/session/c1ed2164797c27713aa9e0cdecf64a6f/element/f.115762F6998D0B813AEB280A0DAD9BCA.d.2F0DBB95ADDBEB53584179A60ABB5BE8.e.31/click'
20:15:00.336 [AsyncHttpClient-1-11] DEBUG org.asynchttpclient.netty.handler.HttpHandler - 

Request DefaultHttpRequest(decodeResult: success, version: HTTP/1.1)
POST /session/c1ed2164797c27713aa9e0cdecf64a6f/element/f.115762F6998D0B813AEB280A0DAD9BCA.d.2F0DBB95ADDBEB53584179A60ABB5BE8.e.31/click HTTP/1.1
User-Agent: selenium/4.12.0 (java windows)
Content-Length: 88
Content-Type: application/json; charset=utf-8
host: localhost:26543
accept: */*

Response DefaultHttpResponse(decodeResult: success, version: HTTP/1.1)
HTTP/1.1 200 OK
Content-Length: 14
Content-Type: application/json; charset=utf-8
cache-control: no-cache

20:15:00.336 [AsyncHttpClient-1-11] DEBUG org.asynchttpclient.netty.channel.ChannelManager - Adding key: http://localhost:26543 for channel [id: 0x599f8fc6, L:/127.0.0.1:63353 - R:localhost/127.0.0.1:26543]
  And Tap_On_Carrier_Tab                                                   # StepDefination.Customer_onboarding.tap_on_carrirer_Tab()
20:15:00.336 [Forwarding findElement on session c1ed2164797c27713aa9e0cdecf64a6f to remote] DEBUG org.asynchttpclient.netty.request.NettyRequestSender - Using pooled Channel '[id: 0x599f8fc6, L:/127.0.0.1:63353 - R:localhost/127.0.0.1:26543]' for 'POST' to 'http://localhost:26543/session/c1ed2164797c27713aa9e0cdecf64a6f/element'
20:15:00.336 [Forwarding findElement on session c1ed2164797c27713aa9e0cdecf64a6f to remote] DEBUG org.asynchttpclient.netty.request.NettyRequestSender - Using open Channel [id: 0x599f8fc6, L:/127.0.0.1:63353 - R:localhost/127.0.0.1:26543] for POST '/session/c1ed2164797c27713aa9e0cdecf64a6f/element'
20:15:00.352 [AsyncHttpClient-1-11] DEBUG org.asynchttpclient.netty.handler.HttpHandler - 

Request DefaultHttpRequest(decodeResult: success, version: HTTP/1.1)
POST /session/c1ed2164797c27713aa9e0cdecf64a6f/element HTTP/1.1
User-Agent: selenium/4.12.0 (java windows)
Content-Length: 127
Content-Type: application/json; charset=utf-8
host: localhost:26543
accept: */*

Response DefaultHttpResponse(decodeResult: success, version: HTTP/1.1)
HTTP/1.1 200 OK
Content-Length: 126
Content-Type: application/json; charset=utf-8
cache-control: no-cache

20:15:00.352 [AsyncHttpClient-1-11] DEBUG org.asynchttpclient.netty.channel.ChannelManager - Adding key: http://localhost:26543 for channel [id: 0x599f8fc6, L:/127.0.0.1:63353 - R:localhost/127.0.0.1:26543]
20:15:00.353 [Forwarding getElementText on session c1ed2164797c27713aa9e0cdecf64a6f to remote] DEBUG org.asynchttpclient.netty.request.NettyRequestSender - Using pooled Channel '[id: 0x599f8fc6, L:/127.0.0.1:63353 - R:localhost/127.0.0.1:26543]' for 'GET' to 'http://localhost:26543/session/c1ed2164797c27713aa9e0cdecf64a6f/element/f.115762F6998D0B813AEB280A0DAD9BCA.d.2F0DBB95ADDBEB53584179A60ABB5BE8.e.33/text'
20:15:00.353 [Forwarding getElementText on session c1ed2164797c27713aa9e0cdecf64a6f to remote] DEBUG org.asynchttpclient.netty.request.NettyRequestSender - Using open Channel [id: 0x599f8fc6, L:/127.0.0.1:63353 - R:localhost/127.0.0.1:26543] for GET '/session/c1ed2164797c27713aa9e0cdecf64a6f/element/f.115762F6998D0B813AEB280A0DAD9BCA.d.2F0DBB95ADDBEB53584179A60ABB5BE8.e.33/text'
20:15:00.365 [AsyncHttpClient-1-11] DEBUG org.asynchttpclient.netty.handler.HttpHandler - 

Request DefaultFullHttpRequest(decodeResult: success, version: HTTP/1.1, content: EmptyByteBufBE)
GET /session/c1ed2164797c27713aa9e0cdecf64a6f/element/f.115762F6998D0B813AEB280A0DAD9BCA.d.2F0DBB95ADDBEB53584179A60ABB5BE8.e.33/text HTTP/1.1
Cache-Control: no-cache
User-Agent: selenium/4.12.0 (java windows)
Content-Type: application/json; charset=utf-8
host: localhost:26543
accept: */*

Response DefaultHttpResponse(decodeResult: success, version: HTTP/1.1)
HTTP/1.1 200 OK
Content-Length: 21
Content-Type: application/json; charset=utf-8
cache-control: no-cache

20:15:00.365 [AsyncHttpClient-1-11] DEBUG org.asynchttpclient.netty.channel.ChannelManager - Adding key: http://localhost:26543 for channel [id: 0x599f8fc6, L:/127.0.0.1:63353 - R:localhost/127.0.0.1:26543]
20:15:00.367 [Forwarding findElement on session c1ed2164797c27713aa9e0cdecf64a6f to remote] DEBUG org.asynchttpclient.netty.request.NettyRequestSender - Using pooled Channel '[id: 0x599f8fc6, L:/127.0.0.1:63353 - R:localhost/127.0.0.1:26543]' for 'POST' to 'http://localhost:26543/session/c1ed2164797c27713aa9e0cdecf64a6f/element'
20:15:00.367 [Forwarding findElement on session c1ed2164797c27713aa9e0cdecf64a6f to remote] DEBUG org.asynchttpclient.netty.request.NettyRequestSender - Using open Channel [id: 0x599f8fc6, L:/127.0.0.1:63353 - R:localhost/127.0.0.1:26543] for POST '/session/c1ed2164797c27713aa9e0cdecf64a6f/element'
20:15:00.377 [AsyncHttpClient-1-11] DEBUG org.asynchttpclient.netty.handler.HttpHandler - 

Request DefaultHttpRequest(decodeResult: success, version: HTTP/1.1)
POST /session/c1ed2164797c27713aa9e0cdecf64a6f/element HTTP/1.1
User-Agent: selenium/4.12.0 (java windows)
Content-Length: 127
Content-Type: application/json; charset=utf-8
host: localhost:26543
accept: */*

Response DefaultHttpResponse(decodeResult: success, version: HTTP/1.1)
HTTP/1.1 200 OK
Content-Length: 126
Content-Type: application/json; charset=utf-8
cache-control: no-cache

20:15:00.377 [AsyncHttpClient-1-11] DEBUG org.asynchttpclient.netty.channel.ChannelManager - Adding key: http://localhost:26543 for channel [id: 0x599f8fc6, L:/127.0.0.1:63353 - R:localhost/127.0.0.1:26543]
20:15:00.377 [Forwarding clickElement on session c1ed2164797c27713aa9e0cdecf64a6f to remote] DEBUG org.asynchttpclient.netty.request.NettyRequestSender - Using pooled Channel '[id: 0x599f8fc6, L:/127.0.0.1:63353 - R:localhost/127.0.0.1:26543]' for 'POST' to 'http://localhost:26543/session/c1ed2164797c27713aa9e0cdecf64a6f/element/f.115762F6998D0B813AEB280A0DAD9BCA.d.2F0DBB95ADDBEB53584179A60ABB5BE8.e.33/click'
20:15:00.377 [Forwarding clickElement on session c1ed2164797c27713aa9e0cdecf64a6f to remote] DEBUG org.asynchttpclient.netty.request.NettyRequestSender - Using open Channel [id: 0x599f8fc6, L:/127.0.0.1:63353 - R:localhost/127.0.0.1:26543] for POST '/session/c1ed2164797c27713aa9e0cdecf64a6f/element/f.115762F6998D0B813AEB280A0DAD9BCA.d.2F0DBB95ADDBEB53584179A60ABB5BE8.e.33/click'
20:15:00.449 [AsyncHttpClient-1-11] DEBUG org.asynchttpclient.netty.handler.HttpHandler - 

Request DefaultHttpRequest(decodeResult: success, version: HTTP/1.1)
POST /session/c1ed2164797c27713aa9e0cdecf64a6f/element/f.115762F6998D0B813AEB280A0DAD9BCA.d.2F0DBB95ADDBEB53584179A60ABB5BE8.e.33/click HTTP/1.1
User-Agent: selenium/4.12.0 (java windows)
Content-Length: 88
Content-Type: application/json; charset=utf-8
host: localhost:26543
accept: */*

Response DefaultHttpResponse(decodeResult: success, version: HTTP/1.1)
HTTP/1.1 200 OK
Content-Length: 14
Content-Type: application/json; charset=utf-8
cache-control: no-cache

20:15:00.449 [AsyncHttpClient-1-11] DEBUG org.asynchttpclient.netty.channel.ChannelManager - Adding key: http://localhost:26543 for channel [id: 0x599f8fc6, L:/127.0.0.1:63353 - R:localhost/127.0.0.1:26543]
20:15:00.832 [AsyncHttpClient-1-1] DEBUG org.asynchttpclient.netty.channel.DefaultChannelPool - Entry count for : http://localhost:63354 : 1
20:15:00.832 [AsyncHttpClient-1-1] DEBUG org.asynchttpclient.netty.channel.DefaultChannelPool - Entry count for : http://localhost:26543 : 1
20:15:01.940 [AsyncHttpClient-1-1] DEBUG org.asynchttpclient.netty.channel.DefaultChannelPool - Entry count for : http://localhost:63354 : 1
20:15:01.940 [AsyncHttpClient-1-1] DEBUG org.asynchttpclient.netty.channel.DefaultChannelPool - Entry count for : http://localhost:26543 : 1
screen shot class not taking
20:15:02.460 [Forwarding findElement on session c1ed2164797c27713aa9e0cdecf64a6f to remote] DEBUG org.asynchttpclient.netty.request.NettyRequestSender - Using pooled Channel '[id: 0x599f8fc6, L:/127.0.0.1:63353 - R:localhost/127.0.0.1:26543]' for 'POST' to 'http://localhost:26543/session/c1ed2164797c27713aa9e0cdecf64a6f/element'
20:15:02.460 [Forwarding findElement on session c1ed2164797c27713aa9e0cdecf64a6f to remote] DEBUG org.asynchttpclient.netty.request.NettyRequestSender - Using open Channel [id: 0x599f8fc6, L:/127.0.0.1:63353 - R:localhost/127.0.0.1:26543] for POST '/session/c1ed2164797c27713aa9e0cdecf64a6f/element'
20:15:02.480 [AsyncHttpClient-1-11] DEBUG org.asynchttpclient.netty.handler.HttpHandler - 

Request DefaultHttpRequest(decodeResult: success, version: HTTP/1.1)
POST /session/c1ed2164797c27713aa9e0cdecf64a6f/element HTTP/1.1
User-Agent: selenium/4.12.0 (java windows)
Content-Length: 178
Content-Type: application/json; charset=utf-8
host: localhost:26543
accept: */*

Response DefaultHttpResponse(decodeResult: success, version: HTTP/1.1)
HTTP/1.1 200 OK
Content-Length: 126
Content-Type: application/json; charset=utf-8
cache-control: no-cache

20:15:02.480 [AsyncHttpClient-1-11] DEBUG org.asynchttpclient.netty.channel.ChannelManager - Adding key: http://localhost:26543 for channel [id: 0x599f8fc6, L:/127.0.0.1:63353 - R:localhost/127.0.0.1:26543]
20:15:02.480 [Forwarding getElementText on session c1ed2164797c27713aa9e0cdecf64a6f to remote] DEBUG org.asynchttpclient.netty.request.NettyRequestSender - Using pooled Channel '[id: 0x599f8fc6, L:/127.0.0.1:63353 - R:localhost/127.0.0.1:26543]' for 'GET' to 'http://localhost:26543/session/c1ed2164797c27713aa9e0cdecf64a6f/element/f.115762F6998D0B813AEB280A0DAD9BCA.d.2F0DBB95ADDBEB53584179A60ABB5BE8.e.36/text'
20:15:02.480 [Forwarding getElementText on session c1ed2164797c27713aa9e0cdecf64a6f to remote] DEBUG org.asynchttpclient.netty.request.NettyRequestSender - Using open Channel [id: 0x599f8fc6, L:/127.0.0.1:63353 - R:localhost/127.0.0.1:26543] for GET '/session/c1ed2164797c27713aa9e0cdecf64a6f/element/f.115762F6998D0B813AEB280A0DAD9BCA.d.2F0DBB95ADDBEB53584179A60ABB5BE8.e.36/text'
20:15:02.492 [AsyncHttpClient-1-11] DEBUG org.asynchttpclient.netty.handler.HttpHandler - 

Request DefaultFullHttpRequest(decodeResult: success, version: HTTP/1.1, content: EmptyByteBufBE)
GET /session/c1ed2164797c27713aa9e0cdecf64a6f/element/f.115762F6998D0B813AEB280A0DAD9BCA.d.2F0DBB95ADDBEB53584179A60ABB5BE8.e.36/text HTTP/1.1
Cache-Control: no-cache
User-Agent: selenium/4.12.0 (java windows)
Content-Type: application/json; charset=utf-8
host: localhost:26543
accept: */*

Response DefaultHttpResponse(decodeResult: success, version: HTTP/1.1)
HTTP/1.1 200 OK
Content-Length: 28
Content-Type: application/json; charset=utf-8
cache-control: no-cache

20:15:02.492 [AsyncHttpClient-1-11] DEBUG org.asynchttpclient.netty.channel.ChannelManager - Adding key: http://localhost:26543 for channel [id: 0x599f8fc6, L:/127.0.0.1:63353 - R:localhost/127.0.0.1:26543]
20:15:02.492 [Forwarding findElement on session c1ed2164797c27713aa9e0cdecf64a6f to remote] DEBUG org.asynchttpclient.netty.request.NettyRequestSender - Using pooled Channel '[id: 0x599f8fc6, L:/127.0.0.1:63353 - R:localhost/127.0.0.1:26543]' for 'POST' to 'http://localhost:26543/session/c1ed2164797c27713aa9e0cdecf64a6f/element'
20:15:02.492 [Forwarding findElement on session c1ed2164797c27713aa9e0cdecf64a6f to remote] DEBUG org.asynchttpclient.netty.request.NettyRequestSender - Using open Channel [id: 0x599f8fc6, L:/127.0.0.1:63353 - R:localhost/127.0.0.1:26543] for POST '/session/c1ed2164797c27713aa9e0cdecf64a6f/element'
20:15:02.507 [AsyncHttpClient-1-11] DEBUG org.asynchttpclient.netty.handler.HttpHandler - 

Request DefaultHttpRequest(decodeResult: success, version: HTTP/1.1)
POST /session/c1ed2164797c27713aa9e0cdecf64a6f/element HTTP/1.1
User-Agent: selenium/4.12.0 (java windows)
Content-Length: 178
Content-Type: application/json; charset=utf-8
host: localhost:26543
accept: */*

Response DefaultHttpResponse(decodeResult: success, version: HTTP/1.1)
HTTP/1.1 200 OK
Content-Length: 126
Content-Type: application/json; charset=utf-8
cache-control: no-cache

20:15:02.507 [AsyncHttpClient-1-11] DEBUG org.asynchttpclient.netty.channel.ChannelManager - Adding key: http://localhost:26543 for channel [id: 0x599f8fc6, L:/127.0.0.1:63353 - R:localhost/127.0.0.1:26543]
20:15:02.507 [Forwarding clickElement on session c1ed2164797c27713aa9e0cdecf64a6f to remote] DEBUG org.asynchttpclient.netty.request.NettyRequestSender - Using pooled Channel '[id: 0x599f8fc6, L:/127.0.0.1:63353 - R:localhost/127.0.0.1:26543]' for 'POST' to 'http://localhost:26543/session/c1ed2164797c27713aa9e0cdecf64a6f/element/f.115762F6998D0B813AEB280A0DAD9BCA.d.2F0DBB95ADDBEB53584179A60ABB5BE8.e.36/click'
20:15:02.507 [Forwarding clickElement on session c1ed2164797c27713aa9e0cdecf64a6f to remote] DEBUG org.asynchttpclient.netty.request.NettyRequestSender - Using open Channel [id: 0x599f8fc6, L:/127.0.0.1:63353 - R:localhost/127.0.0.1:26543] for POST '/session/c1ed2164797c27713aa9e0cdecf64a6f/element/f.115762F6998D0B813AEB280A0DAD9BCA.d.2F0DBB95ADDBEB53584179A60ABB5BE8.e.36/click'
20:15:02.565 [AsyncHttpClient-1-11] DEBUG org.asynchttpclient.netty.handler.HttpHandler - 

Request DefaultHttpRequest(decodeResult: success, version: HTTP/1.1)
POST /session/c1ed2164797c27713aa9e0cdecf64a6f/element/f.115762F6998D0B813AEB280A0DAD9BCA.d.2F0DBB95ADDBEB53584179A60ABB5BE8.e.36/click HTTP/1.1
User-Agent: selenium/4.12.0 (java windows)
Content-Length: 88
Content-Type: application/json; charset=utf-8
host: localhost:26543
accept: */*

Response DefaultHttpResponse(decodeResult: success, version: HTTP/1.1)
HTTP/1.1 200 OK
Content-Length: 14
Content-Type: application/json; charset=utf-8
cache-control: no-cache

20:15:02.566 [AsyncHttpClient-1-11] DEBUG org.asynchttpclient.netty.channel.ChannelManager - Adding key: http://localhost:26543 for channel [id: 0x599f8fc6, L:/127.0.0.1:63353 - R:localhost/127.0.0.1:26543]
  When Open customer form                                                  # StepDefination.Customer_onboarding.Open_customer_form()
20:15:03.033 [AsyncHttpClient-1-1] DEBUG org.asynchttpclient.netty.channel.DefaultChannelPool - Entry count for : http://localhost:63354 : 1
20:15:03.033 [AsyncHttpClient-1-1] DEBUG org.asynchttpclient.netty.channel.DefaultChannelPool - Entry count for : http://localhost:26543 : 1
20:15:04.087 [Forwarding findElement on session c1ed2164797c27713aa9e0cdecf64a6f to remote] DEBUG org.asynchttpclient.netty.request.NettyRequestSender - Using pooled Channel '[id: 0x599f8fc6, L:/127.0.0.1:63353 - R:localhost/127.0.0.1:26543]' for 'POST' to 'http://localhost:26543/session/c1ed2164797c27713aa9e0cdecf64a6f/element'
20:15:04.088 [Forwarding findElement on session c1ed2164797c27713aa9e0cdecf64a6f to remote] DEBUG org.asynchttpclient.netty.request.NettyRequestSender - Using open Channel [id: 0x599f8fc6, L:/127.0.0.1:63353 - R:localhost/127.0.0.1:26543] for POST '/session/c1ed2164797c27713aa9e0cdecf64a6f/element'
20:15:04.103 [AsyncHttpClient-1-11] DEBUG org.asynchttpclient.netty.handler.HttpHandler - 

Request DefaultHttpRequest(decodeResult: success, version: HTTP/1.1)
POST /session/c1ed2164797c27713aa9e0cdecf64a6f/element HTTP/1.1
User-Agent: selenium/4.12.0 (java windows)
Content-Length: 114
Content-Type: application/json; charset=utf-8
host: localhost:26543
accept: */*

Response DefaultHttpResponse(decodeResult: success, version: HTTP/1.1)
HTTP/1.1 200 OK
Content-Length: 126
Content-Type: application/json; charset=utf-8
cache-control: no-cache

20:15:04.103 [AsyncHttpClient-1-11] DEBUG org.asynchttpclient.netty.channel.ChannelManager - Adding key: http://localhost:26543 for channel [id: 0x599f8fc6, L:/127.0.0.1:63353 - R:localhost/127.0.0.1:26543]
20:15:04.103 [Forwarding sendKeysToElement on session c1ed2164797c27713aa9e0cdecf64a6f to remote] DEBUG org.asynchttpclient.netty.request.NettyRequestSender - Using pooled Channel '[id: 0x599f8fc6, L:/127.0.0.1:63353 - R:localhost/127.0.0.1:26543]' for 'POST' to 'http://localhost:26543/session/c1ed2164797c27713aa9e0cdecf64a6f/element/f.115762F6998D0B813AEB280A0DAD9BCA.d.2F0DBB95ADDBEB53584179A60ABB5BE8.e.40/value'
20:15:04.103 [Forwarding sendKeysToElement on session c1ed2164797c27713aa9e0cdecf64a6f to remote] DEBUG org.asynchttpclient.netty.request.NettyRequestSender - Using open Channel [id: 0x599f8fc6, L:/127.0.0.1:63353 - R:localhost/127.0.0.1:26543] for POST '/session/c1ed2164797c27713aa9e0cdecf64a6f/element/f.115762F6998D0B813AEB280A0DAD9BCA.d.2F0DBB95ADDBEB53584179A60ABB5BE8.e.40/value'
20:15:04.134 [AsyncHttpClient-1-1] DEBUG org.asynchttpclient.netty.channel.DefaultChannelPool - Entry count for : http://localhost:63354 : 1
20:15:04.307 [AsyncHttpClient-1-11] DEBUG org.asynchttpclient.netty.handler.HttpHandler - 

Request DefaultHttpRequest(decodeResult: success, version: HTTP/1.1)
POST /session/c1ed2164797c27713aa9e0cdecf64a6f/element/f.115762F6998D0B813AEB280A0DAD9BCA.d.2F0DBB95ADDBEB53584179A60ABB5BE8.e.40/value HTTP/1.1
User-Agent: selenium/4.12.0 (java windows)
Content-Length: 199
Content-Type: application/json; charset=utf-8
host: localhost:26543
accept: */*

Response DefaultHttpResponse(decodeResult: success, version: HTTP/1.1)
HTTP/1.1 200 OK
Content-Length: 14
Content-Type: application/json; charset=utf-8
cache-control: no-cache

20:15:04.307 [AsyncHttpClient-1-11] DEBUG org.asynchttpclient.netty.channel.ChannelManager - Adding key: http://localhost:26543 for channel [id: 0x599f8fc6, L:/127.0.0.1:63353 - R:localhost/127.0.0.1:26543]
20:15:04.307 [Forwarding findElement on session c1ed2164797c27713aa9e0cdecf64a6f to remote] DEBUG org.asynchttpclient.netty.request.NettyRequestSender - Using pooled Channel '[id: 0x599f8fc6, L:/127.0.0.1:63353 - R:localhost/127.0.0.1:26543]' for 'POST' to 'http://localhost:26543/session/c1ed2164797c27713aa9e0cdecf64a6f/element'
20:15:04.307 [Forwarding findElement on session c1ed2164797c27713aa9e0cdecf64a6f to remote] DEBUG org.asynchttpclient.netty.request.NettyRequestSender - Using open Channel [id: 0x599f8fc6, L:/127.0.0.1:63353 - R:localhost/127.0.0.1:26543] for POST '/session/c1ed2164797c27713aa9e0cdecf64a6f/element'
20:15:04.318 [AsyncHttpClient-1-11] DEBUG org.asynchttpclient.netty.handler.HttpHandler - 

Request DefaultHttpRequest(decodeResult: success, version: HTTP/1.1)
POST /session/c1ed2164797c27713aa9e0cdecf64a6f/element HTTP/1.1
User-Agent: selenium/4.12.0 (java windows)
Content-Length: 87
Content-Type: application/json; charset=utf-8
host: localhost:26543
accept: */*

Response DefaultHttpResponse(decodeResult: success, version: HTTP/1.1)
HTTP/1.1 200 OK
Content-Length: 126
Content-Type: application/json; charset=utf-8
cache-control: no-cache

20:15:04.318 [AsyncHttpClient-1-11] DEBUG org.asynchttpclient.netty.channel.ChannelManager - Adding key: http://localhost:26543 for channel [id: 0x599f8fc6, L:/127.0.0.1:63353 - R:localhost/127.0.0.1:26543]
20:15:04.318 [Forwarding sendKeysToElement on session c1ed2164797c27713aa9e0cdecf64a6f to remote] DEBUG org.asynchttpclient.netty.request.NettyRequestSender - Using pooled Channel '[id: 0x599f8fc6, L:/127.0.0.1:63353 - R:localhost/127.0.0.1:26543]' for 'POST' to 'http://localhost:26543/session/c1ed2164797c27713aa9e0cdecf64a6f/element/f.115762F6998D0B813AEB280A0DAD9BCA.d.2F0DBB95ADDBEB53584179A60ABB5BE8.e.41/value'
20:15:04.318 [Forwarding sendKeysToElement on session c1ed2164797c27713aa9e0cdecf64a6f to remote] DEBUG org.asynchttpclient.netty.request.NettyRequestSender - Using open Channel [id: 0x599f8fc6, L:/127.0.0.1:63353 - R:localhost/127.0.0.1:26543] for POST '/session/c1ed2164797c27713aa9e0cdecf64a6f/element/f.115762F6998D0B813AEB280A0DAD9BCA.d.2F0DBB95ADDBEB53584179A60ABB5BE8.e.41/value'
20:15:04.428 [AsyncHttpClient-1-11] DEBUG org.asynchttpclient.netty.handler.HttpHandler - 

Request DefaultHttpRequest(decodeResult: success, version: HTTP/1.1)
POST /session/c1ed2164797c27713aa9e0cdecf64a6f/element/f.115762F6998D0B813AEB280A0DAD9BCA.d.2F0DBB95ADDBEB53584179A60ABB5BE8.e.41/value HTTP/1.1
User-Agent: selenium/4.12.0 (java windows)
Content-Length: 179
Content-Type: application/json; charset=utf-8
host: localhost:26543
accept: */*

Response DefaultHttpResponse(decodeResult: success, version: HTTP/1.1)
HTTP/1.1 200 OK
Content-Length: 14
Content-Type: application/json; charset=utf-8
cache-control: no-cache

20:15:04.428 [AsyncHttpClient-1-11] DEBUG org.asynchttpclient.netty.channel.ChannelManager - Adding key: http://localhost:26543 for channel [id: 0x599f8fc6, L:/127.0.0.1:63353 - R:localhost/127.0.0.1:26543]
20:15:04.428 [Forwarding findElement on session c1ed2164797c27713aa9e0cdecf64a6f to remote] DEBUG org.asynchttpclient.netty.request.NettyRequestSender - Using pooled Channel '[id: 0x599f8fc6, L:/127.0.0.1:63353 - R:localhost/127.0.0.1:26543]' for 'POST' to 'http://localhost:26543/session/c1ed2164797c27713aa9e0cdecf64a6f/element'
20:15:04.428 [Forwarding findElement on session c1ed2164797c27713aa9e0cdecf64a6f to remote] DEBUG org.asynchttpclient.netty.request.NettyRequestSender - Using open Channel [id: 0x599f8fc6, L:/127.0.0.1:63353 - R:localhost/127.0.0.1:26543] for POST '/session/c1ed2164797c27713aa9e0cdecf64a6f/element'
20:15:04.434 [AsyncHttpClient-1-11] DEBUG org.asynchttpclient.netty.handler.HttpHandler - 

Request DefaultHttpRequest(decodeResult: success, version: HTTP/1.1)
POST /session/c1ed2164797c27713aa9e0cdecf64a6f/element HTTP/1.1
User-Agent: selenium/4.12.0 (java windows)
Content-Length: 96
Content-Type: application/json; charset=utf-8
host: localhost:26543
accept: */*

Response DefaultHttpResponse(decodeResult: success, version: HTTP/1.1)
HTTP/1.1 200 OK
Content-Length: 126
Content-Type: application/json; charset=utf-8
cache-control: no-cache

20:15:04.434 [AsyncHttpClient-1-11] DEBUG org.asynchttpclient.netty.channel.ChannelManager - Adding key: http://localhost:26543 for channel [id: 0x599f8fc6, L:/127.0.0.1:63353 - R:localhost/127.0.0.1:26543]
20:15:04.434 [Forwarding sendKeysToElement on session c1ed2164797c27713aa9e0cdecf64a6f to remote] DEBUG org.asynchttpclient.netty.request.NettyRequestSender - Using pooled Channel '[id: 0x599f8fc6, L:/127.0.0.1:63353 - R:localhost/127.0.0.1:26543]' for 'POST' to 'http://localhost:26543/session/c1ed2164797c27713aa9e0cdecf64a6f/element/f.115762F6998D0B813AEB280A0DAD9BCA.d.2F0DBB95ADDBEB53584179A60ABB5BE8.e.42/value'
20:15:04.434 [Forwarding sendKeysToElement on session c1ed2164797c27713aa9e0cdecf64a6f to remote] DEBUG org.asynchttpclient.netty.request.NettyRequestSender - Using open Channel [id: 0x599f8fc6, L:/127.0.0.1:63353 - R:localhost/127.0.0.1:26543] for POST '/session/c1ed2164797c27713aa9e0cdecf64a6f/element/f.115762F6998D0B813AEB280A0DAD9BCA.d.2F0DBB95ADDBEB53584179A60ABB5BE8.e.42/value'
20:15:04.596 [AsyncHttpClient-1-11] DEBUG org.asynchttpclient.netty.handler.HttpHandler - 

Request DefaultHttpRequest(decodeResult: success, version: HTTP/1.1)
POST /session/c1ed2164797c27713aa9e0cdecf64a6f/element/f.115762F6998D0B813AEB280A0DAD9BCA.d.2F0DBB95ADDBEB53584179A60ABB5BE8.e.42/value HTTP/1.1
User-Agent: selenium/4.12.0 (java windows)
Content-Length: 229
Content-Type: application/json; charset=utf-8
host: localhost:26543
accept: */*

Response DefaultHttpResponse(decodeResult: success, version: HTTP/1.1)
HTTP/1.1 200 OK
Content-Length: 14
Content-Type: application/json; charset=utf-8
cache-control: no-cache

20:15:04.596 [AsyncHttpClient-1-11] DEBUG org.asynchttpclient.netty.channel.ChannelManager - Adding key: http://localhost:26543 for channel [id: 0x599f8fc6, L:/127.0.0.1:63353 - R:localhost/127.0.0.1:26543]
20:15:04.596 [Forwarding findElement on session c1ed2164797c27713aa9e0cdecf64a6f to remote] DEBUG org.asynchttpclient.netty.request.NettyRequestSender - Using pooled Channel '[id: 0x599f8fc6, L:/127.0.0.1:63353 - R:localhost/127.0.0.1:26543]' for 'POST' to 'http://localhost:26543/session/c1ed2164797c27713aa9e0cdecf64a6f/element'
20:15:04.596 [Forwarding findElement on session c1ed2164797c27713aa9e0cdecf64a6f to remote] DEBUG org.asynchttpclient.netty.request.NettyRequestSender - Using open Channel [id: 0x599f8fc6, L:/127.0.0.1:63353 - R:localhost/127.0.0.1:26543] for POST '/session/c1ed2164797c27713aa9e0cdecf64a6f/element'
20:15:04.600 [AsyncHttpClient-1-11] DEBUG org.asynchttpclient.netty.handler.HttpHandler - 

Request DefaultHttpRequest(decodeResult: success, version: HTTP/1.1)
POST /session/c1ed2164797c27713aa9e0cdecf64a6f/element HTTP/1.1
User-Agent: selenium/4.12.0 (java windows)
Content-Length: 84
Content-Type: application/json; charset=utf-8
host: localhost:26543
accept: */*

Response DefaultHttpResponse(decodeResult: success, version: HTTP/1.1)
HTTP/1.1 200 OK
Content-Length: 126
Content-Type: application/json; charset=utf-8
cache-control: no-cache

20:15:04.600 [AsyncHttpClient-1-11] DEBUG org.asynchttpclient.netty.channel.ChannelManager - Adding key: http://localhost:26543 for channel [id: 0x599f8fc6, L:/127.0.0.1:63353 - R:localhost/127.0.0.1:26543]
20:15:04.600 [Forwarding sendKeysToElement on session c1ed2164797c27713aa9e0cdecf64a6f to remote] DEBUG org.asynchttpclient.netty.request.NettyRequestSender - Using pooled Channel '[id: 0x599f8fc6, L:/127.0.0.1:63353 - R:localhost/127.0.0.1:26543]' for 'POST' to 'http://localhost:26543/session/c1ed2164797c27713aa9e0cdecf64a6f/element/f.115762F6998D0B813AEB280A0DAD9BCA.d.2F0DBB95ADDBEB53584179A60ABB5BE8.e.43/value'
20:15:04.600 [Forwarding sendKeysToElement on session c1ed2164797c27713aa9e0cdecf64a6f to remote] DEBUG org.asynchttpclient.netty.request.NettyRequestSender - Using open Channel [id: 0x599f8fc6, L:/127.0.0.1:63353 - R:localhost/127.0.0.1:26543] for POST '/session/c1ed2164797c27713aa9e0cdecf64a6f/element/f.115762F6998D0B813AEB280A0DAD9BCA.d.2F0DBB95ADDBEB53584179A60ABB5BE8.e.43/value'
20:15:04.736 [AsyncHttpClient-1-11] DEBUG org.asynchttpclient.netty.handler.HttpHandler - 

Request DefaultHttpRequest(decodeResult: success, version: HTTP/1.1)
POST /session/c1ed2164797c27713aa9e0cdecf64a6f/element/f.115762F6998D0B813AEB280A0DAD9BCA.d.2F0DBB95ADDBEB53584179A60ABB5BE8.e.43/value HTTP/1.1
User-Agent: selenium/4.12.0 (java windows)
Content-Length: 249
Content-Type: application/json; charset=utf-8
host: localhost:26543
accept: */*

Response DefaultHttpResponse(decodeResult: success, version: HTTP/1.1)
HTTP/1.1 200 OK
Content-Length: 14
Content-Type: application/json; charset=utf-8
cache-control: no-cache

20:15:04.736 [AsyncHttpClient-1-11] DEBUG org.asynchttpclient.netty.channel.ChannelManager - Adding key: http://localhost:26543 for channel [id: 0x599f8fc6, L:/127.0.0.1:63353 - R:localhost/127.0.0.1:26543]
20:15:05.238 [AsyncHttpClient-1-1] DEBUG org.asynchttpclient.netty.channel.DefaultChannelPool - Entry count for : http://localhost:63354 : 1
20:15:05.238 [AsyncHttpClient-1-1] DEBUG org.asynchttpclient.netty.channel.DefaultChannelPool - Entry count for : http://localhost:26543 : 1
screen shot class not taking
  And Provide the company DetailsPS_const 447788 Sara_Sharma www.royal.com # StepDefination.Customer_onboarding.Provide_the_customer_Details(java.lang.String,java.lang.String,java.lang.String,java.lang.String)
20:15:06.328 [AsyncHttpClient-1-1] DEBUG org.asynchttpclient.netty.channel.DefaultChannelPool - Entry count for : http://localhost:63354 : 1
20:15:06.328 [AsyncHttpClient-1-1] DEBUG org.asynchttpclient.netty.channel.DefaultChannelPool - Entry count for : http://localhost:26543 : 1
20:15:06.763 [Forwarding findElement on session c1ed2164797c27713aa9e0cdecf64a6f to remote] DEBUG org.asynchttpclient.netty.request.NettyRequestSender - Using pooled Channel '[id: 0x599f8fc6, L:/127.0.0.1:63353 - R:localhost/127.0.0.1:26543]' for 'POST' to 'http://localhost:26543/session/c1ed2164797c27713aa9e0cdecf64a6f/element'
20:15:06.763 [Forwarding findElement on session c1ed2164797c27713aa9e0cdecf64a6f to remote] DEBUG org.asynchttpclient.netty.request.NettyRequestSender - Using open Channel [id: 0x599f8fc6, L:/127.0.0.1:63353 - R:localhost/127.0.0.1:26543] for POST '/session/c1ed2164797c27713aa9e0cdecf64a6f/element'
20:15:06.784 [AsyncHttpClient-1-11] DEBUG org.asynchttpclient.netty.handler.HttpHandler - 

Request DefaultHttpRequest(decodeResult: success, version: HTTP/1.1)
POST /session/c1ed2164797c27713aa9e0cdecf64a6f/element HTTP/1.1
User-Agent: selenium/4.12.0 (java windows)
Content-Length: 82
Content-Type: application/json; charset=utf-8
host: localhost:26543
accept: */*

Response DefaultHttpResponse(decodeResult: success, version: HTTP/1.1)
HTTP/1.1 200 OK
Content-Length: 126
Content-Type: application/json; charset=utf-8
cache-control: no-cache

20:15:06.784 [AsyncHttpClient-1-11] DEBUG org.asynchttpclient.netty.channel.ChannelManager - Adding key: http://localhost:26543 for channel [id: 0x599f8fc6, L:/127.0.0.1:63353 - R:localhost/127.0.0.1:26543]
20:15:06.787 [Forwarding sendKeysToElement on session c1ed2164797c27713aa9e0cdecf64a6f to remote] DEBUG org.asynchttpclient.netty.request.NettyRequestSender - Using pooled Channel '[id: 0x599f8fc6, L:/127.0.0.1:63353 - R:localhost/127.0.0.1:26543]' for 'POST' to 'http://localhost:26543/session/c1ed2164797c27713aa9e0cdecf64a6f/element/f.115762F6998D0B813AEB280A0DAD9BCA.d.2F0DBB95ADDBEB53584179A60ABB5BE8.e.44/value'
20:15:06.787 [Forwarding sendKeysToElement on session c1ed2164797c27713aa9e0cdecf64a6f to remote] DEBUG org.asynchttpclient.netty.request.NettyRequestSender - Using open Channel [id: 0x599f8fc6, L:/127.0.0.1:63353 - R:localhost/127.0.0.1:26543] for POST '/session/c1ed2164797c27713aa9e0cdecf64a6f/element/f.115762F6998D0B813AEB280A0DAD9BCA.d.2F0DBB95ADDBEB53584179A60ABB5BE8.e.44/value'
20:15:06.943 [AsyncHttpClient-1-11] DEBUG org.asynchttpclient.netty.handler.HttpHandler - 

Request DefaultHttpRequest(decodeResult: success, version: HTTP/1.1)
POST /session/c1ed2164797c27713aa9e0cdecf64a6f/element/f.115762F6998D0B813AEB280A0DAD9BCA.d.2F0DBB95ADDBEB53584179A60ABB5BE8.e.44/value HTTP/1.1
User-Agent: selenium/4.12.0 (java windows)
Content-Length: 259
Content-Type: application/json; charset=utf-8
host: localhost:26543
accept: */*

Response DefaultHttpResponse(decodeResult: success, version: HTTP/1.1)
HTTP/1.1 200 OK
Content-Length: 14
Content-Type: application/json; charset=utf-8
cache-control: no-cache

20:15:06.943 [AsyncHttpClient-1-11] DEBUG org.asynchttpclient.netty.channel.ChannelManager - Adding key: http://localhost:26543 for channel [id: 0x599f8fc6, L:/127.0.0.1:63353 - R:localhost/127.0.0.1:26543]
20:15:06.943 [Forwarding findElement on session c1ed2164797c27713aa9e0cdecf64a6f to remote] DEBUG org.asynchttpclient.netty.request.NettyRequestSender - Using pooled Channel '[id: 0x599f8fc6, L:/127.0.0.1:63353 - R:localhost/127.0.0.1:26543]' for 'POST' to 'http://localhost:26543/session/c1ed2164797c27713aa9e0cdecf64a6f/element'
20:15:06.943 [Forwarding findElement on session c1ed2164797c27713aa9e0cdecf64a6f to remote] DEBUG org.asynchttpclient.netty.request.NettyRequestSender - Using open Channel [id: 0x599f8fc6, L:/127.0.0.1:63353 - R:localhost/127.0.0.1:26543] for POST '/session/c1ed2164797c27713aa9e0cdecf64a6f/element'
20:15:06.950 [AsyncHttpClient-1-11] DEBUG org.asynchttpclient.netty.handler.HttpHandler - 

Request DefaultHttpRequest(decodeResult: success, version: HTTP/1.1)
POST /session/c1ed2164797c27713aa9e0cdecf64a6f/element HTTP/1.1
User-Agent: selenium/4.12.0 (java windows)
Content-Length: 89
Content-Type: application/json; charset=utf-8
host: localhost:26543
accept: */*

Response DefaultHttpResponse(decodeResult: success, version: HTTP/1.1)
HTTP/1.1 200 OK
Content-Length: 126
Content-Type: application/json; charset=utf-8
cache-control: no-cache

20:15:06.950 [AsyncHttpClient-1-11] DEBUG org.asynchttpclient.netty.channel.ChannelManager - Adding key: http://localhost:26543 for channel [id: 0x599f8fc6, L:/127.0.0.1:63353 - R:localhost/127.0.0.1:26543]
20:15:06.950 [Forwarding sendKeysToElement on session c1ed2164797c27713aa9e0cdecf64a6f to remote] DEBUG org.asynchttpclient.netty.request.NettyRequestSender - Using pooled Channel '[id: 0x599f8fc6, L:/127.0.0.1:63353 - R:localhost/127.0.0.1:26543]' for 'POST' to 'http://localhost:26543/session/c1ed2164797c27713aa9e0cdecf64a6f/element/f.115762F6998D0B813AEB280A0DAD9BCA.d.2F0DBB95ADDBEB53584179A60ABB5BE8.e.46/value'
20:15:06.950 [Forwarding sendKeysToElement on session c1ed2164797c27713aa9e0cdecf64a6f to remote] DEBUG org.asynchttpclient.netty.request.NettyRequestSender - Using open Channel [id: 0x599f8fc6, L:/127.0.0.1:63353 - R:localhost/127.0.0.1:26543] for POST '/session/c1ed2164797c27713aa9e0cdecf64a6f/element/f.115762F6998D0B813AEB280A0DAD9BCA.d.2F0DBB95ADDBEB53584179A60ABB5BE8.e.46/value'
20:15:07.076 [AsyncHttpClient-1-11] DEBUG org.asynchttpclient.netty.handler.HttpHandler - 

Request DefaultHttpRequest(decodeResult: success, version: HTTP/1.1)
POST /session/c1ed2164797c27713aa9e0cdecf64a6f/element/f.115762F6998D0B813AEB280A0DAD9BCA.d.2F0DBB95ADDBEB53584179A60ABB5BE8.e.46/value HTTP/1.1
User-Agent: selenium/4.12.0 (java windows)
Content-Length: 219
Content-Type: application/json; charset=utf-8
host: localhost:26543
accept: */*

Response DefaultHttpResponse(decodeResult: success, version: HTTP/1.1)
HTTP/1.1 200 OK
Content-Length: 14
Content-Type: application/json; charset=utf-8
cache-control: no-cache

20:15:07.076 [AsyncHttpClient-1-11] DEBUG org.asynchttpclient.netty.channel.ChannelManager - Adding key: http://localhost:26543 for channel [id: 0x599f8fc6, L:/127.0.0.1:63353 - R:localhost/127.0.0.1:26543]
screen shot class not taking
  And Provide the contact Details9865768576 royal@mail.com                 # StepDefination.Customer_onboarding.Provide_the_contact_Details(java.lang.String,java.lang.String)
20:15:07.427 [AsyncHttpClient-1-1] DEBUG org.asynchttpclient.netty.channel.DefaultChannelPool - Entry count for : http://localhost:63354 : 1
20:15:07.427 [AsyncHttpClient-1-1] DEBUG org.asynchttpclient.netty.channel.DefaultChannelPool - Entry count for : http://localhost:26543 : 1
20:15:08.083 [Forwarding findElement on session c1ed2164797c27713aa9e0cdecf64a6f to remote] DEBUG org.asynchttpclient.netty.request.NettyRequestSender - Using pooled Channel '[id: 0x599f8fc6, L:/127.0.0.1:63353 - R:localhost/127.0.0.1:26543]' for 'POST' to 'http://localhost:26543/session/c1ed2164797c27713aa9e0cdecf64a6f/element'
20:15:08.083 [Forwarding findElement on session c1ed2164797c27713aa9e0cdecf64a6f to remote] DEBUG org.asynchttpclient.netty.request.NettyRequestSender - Using open Channel [id: 0x599f8fc6, L:/127.0.0.1:63353 - R:localhost/127.0.0.1:26543] for POST '/session/c1ed2164797c27713aa9e0cdecf64a6f/element'
20:15:08.100 [AsyncHttpClient-1-11] DEBUG org.asynchttpclient.netty.handler.HttpHandler - 

Request DefaultHttpRequest(decodeResult: success, version: HTTP/1.1)
POST /session/c1ed2164797c27713aa9e0cdecf64a6f/element HTTP/1.1
User-Agent: selenium/4.12.0 (java windows)
Content-Length: 94
Content-Type: application/json; charset=utf-8
host: localhost:26543
accept: */*

Response DefaultHttpResponse(decodeResult: success, version: HTTP/1.1)
HTTP/1.1 200 OK
Content-Length: 126
Content-Type: application/json; charset=utf-8
cache-control: no-cache

20:15:08.100 [AsyncHttpClient-1-11] DEBUG org.asynchttpclient.netty.channel.ChannelManager - Adding key: http://localhost:26543 for channel [id: 0x599f8fc6, L:/127.0.0.1:63353 - R:localhost/127.0.0.1:26543]
20:15:08.100 [Forwarding sendKeysToElement on session c1ed2164797c27713aa9e0cdecf64a6f to remote] DEBUG org.asynchttpclient.netty.request.NettyRequestSender - Using pooled Channel '[id: 0x599f8fc6, L:/127.0.0.1:63353 - R:localhost/127.0.0.1:26543]' for 'POST' to 'http://localhost:26543/session/c1ed2164797c27713aa9e0cdecf64a6f/element/f.115762F6998D0B813AEB280A0DAD9BCA.d.2F0DBB95ADDBEB53584179A60ABB5BE8.e.45/value'
20:15:08.100 [Forwarding sendKeysToElement on session c1ed2164797c27713aa9e0cdecf64a6f to remote] DEBUG org.asynchttpclient.netty.request.NettyRequestSender - Using open Channel [id: 0x599f8fc6, L:/127.0.0.1:63353 - R:localhost/127.0.0.1:26543] for POST '/session/c1ed2164797c27713aa9e0cdecf64a6f/element/f.115762F6998D0B813AEB280A0DAD9BCA.d.2F0DBB95ADDBEB53584179A60ABB5BE8.e.45/value'
20:15:08.262 [AsyncHttpClient-1-11] DEBUG org.asynchttpclient.netty.handler.HttpHandler - 

Request DefaultHttpRequest(decodeResult: success, version: HTTP/1.1)
POST /session/c1ed2164797c27713aa9e0cdecf64a6f/element/f.115762F6998D0B813AEB280A0DAD9BCA.d.2F0DBB95ADDBEB53584179A60ABB5BE8.e.45/value HTTP/1.1
User-Agent: selenium/4.12.0 (java windows)
Content-Length: 239
Content-Type: application/json; charset=utf-8
host: localhost:26543
accept: */*

Response DefaultHttpResponse(decodeResult: success, version: HTTP/1.1)
HTTP/1.1 200 OK
Content-Length: 14
Content-Type: application/json; charset=utf-8
cache-control: no-cache

20:15:08.262 [AsyncHttpClient-1-11] DEBUG org.asynchttpclient.netty.channel.ChannelManager - Adding key: http://localhost:26543 for channel [id: 0x599f8fc6, L:/127.0.0.1:63353 - R:localhost/127.0.0.1:26543]
20:15:08.262 [Forwarding findElement on session c1ed2164797c27713aa9e0cdecf64a6f to remote] DEBUG org.asynchttpclient.netty.request.NettyRequestSender - Using pooled Channel '[id: 0x599f8fc6, L:/127.0.0.1:63353 - R:localhost/127.0.0.1:26543]' for 'POST' to 'http://localhost:26543/session/c1ed2164797c27713aa9e0cdecf64a6f/element'
20:15:08.262 [Forwarding findElement on session c1ed2164797c27713aa9e0cdecf64a6f to remote] DEBUG org.asynchttpclient.netty.request.NettyRequestSender - Using open Channel [id: 0x599f8fc6, L:/127.0.0.1:63353 - R:localhost/127.0.0.1:26543] for POST '/session/c1ed2164797c27713aa9e0cdecf64a6f/element'
20:15:08.267 [AsyncHttpClient-1-11] DEBUG org.asynchttpclient.netty.handler.HttpHandler - 

Request DefaultHttpRequest(decodeResult: success, version: HTTP/1.1)
POST /session/c1ed2164797c27713aa9e0cdecf64a6f/element HTTP/1.1
User-Agent: selenium/4.12.0 (java windows)
Content-Length: 101
Content-Type: application/json; charset=utf-8
host: localhost:26543
accept: */*

Response DefaultHttpResponse(decodeResult: success, version: HTTP/1.1)
HTTP/1.1 200 OK
Content-Length: 126
Content-Type: application/json; charset=utf-8
cache-control: no-cache

20:15:08.267 [AsyncHttpClient-1-11] DEBUG org.asynchttpclient.netty.channel.ChannelManager - Adding key: http://localhost:26543 for channel [id: 0x599f8fc6, L:/127.0.0.1:63353 - R:localhost/127.0.0.1:26543]
20:15:08.267 [Forwarding sendKeysToElement on session c1ed2164797c27713aa9e0cdecf64a6f to remote] DEBUG org.asynchttpclient.netty.request.NettyRequestSender - Using pooled Channel '[id: 0x599f8fc6, L:/127.0.0.1:63353 - R:localhost/127.0.0.1:26543]' for 'POST' to 'http://localhost:26543/session/c1ed2164797c27713aa9e0cdecf64a6f/element/f.115762F6998D0B813AEB280A0DAD9BCA.d.2F0DBB95ADDBEB53584179A60ABB5BE8.e.47/value'
20:15:08.267 [Forwarding sendKeysToElement on session c1ed2164797c27713aa9e0cdecf64a6f to remote] DEBUG org.asynchttpclient.netty.request.NettyRequestSender - Using open Channel [id: 0x599f8fc6, L:/127.0.0.1:63353 - R:localhost/127.0.0.1:26543] for POST '/session/c1ed2164797c27713aa9e0cdecf64a6f/element/f.115762F6998D0B813AEB280A0DAD9BCA.d.2F0DBB95ADDBEB53584179A60ABB5BE8.e.47/value'
20:15:08.395 [AsyncHttpClient-1-11] DEBUG org.asynchttpclient.netty.handler.HttpHandler - 

Request DefaultHttpRequest(decodeResult: success, version: HTTP/1.1)
POST /session/c1ed2164797c27713aa9e0cdecf64a6f/element/f.115762F6998D0B813AEB280A0DAD9BCA.d.2F0DBB95ADDBEB53584179A60ABB5BE8.e.47/value HTTP/1.1
User-Agent: selenium/4.12.0 (java windows)
Content-Length: 209
Content-Type: application/json; charset=utf-8
host: localhost:26543
accept: */*

Response DefaultHttpResponse(decodeResult: success, version: HTTP/1.1)
HTTP/1.1 200 OK
Content-Length: 14
Content-Type: application/json; charset=utf-8
cache-control: no-cache

20:15:08.395 [AsyncHttpClient-1-11] DEBUG org.asynchttpclient.netty.channel.ChannelManager - Adding key: http://localhost:26543 for channel [id: 0x599f8fc6, L:/127.0.0.1:63353 - R:localhost/127.0.0.1:26543]
20:15:08.533 [AsyncHttpClient-1-1] DEBUG org.asynchttpclient.netty.channel.DefaultChannelPool - Entry count for : http://localhost:63354 : 1
20:15:08.533 [AsyncHttpClient-1-1] DEBUG org.asynchttpclient.netty.channel.DefaultChannelPool - Entry count for : http://localhost:26543 : 1
screen shot class not taking
  And Provide the alternate Details859889569 alt@mail.com                  # StepDefination.Customer_onboarding.Provide_the_alternate_Details(java.lang.String,java.lang.String)
20:15:09.411 [Forwarding findElement on session c1ed2164797c27713aa9e0cdecf64a6f to remote] DEBUG org.asynchttpclient.netty.request.NettyRequestSender - Using pooled Channel '[id: 0x599f8fc6, L:/127.0.0.1:63353 - R:localhost/127.0.0.1:26543]' for 'POST' to 'http://localhost:26543/session/c1ed2164797c27713aa9e0cdecf64a6f/element'
20:15:09.411 [Forwarding findElement on session c1ed2164797c27713aa9e0cdecf64a6f to remote] DEBUG org.asynchttpclient.netty.request.NettyRequestSender - Using open Channel [id: 0x599f8fc6, L:/127.0.0.1:63353 - R:localhost/127.0.0.1:26543] for POST '/session/c1ed2164797c27713aa9e0cdecf64a6f/element'
20:15:09.426 [AsyncHttpClient-1-11] DEBUG org.asynchttpclient.netty.handler.HttpHandler - 

Request DefaultHttpRequest(decodeResult: success, version: HTTP/1.1)
POST /session/c1ed2164797c27713aa9e0cdecf64a6f/element HTTP/1.1
User-Agent: selenium/4.12.0 (java windows)
Content-Length: 88
Content-Type: application/json; charset=utf-8
host: localhost:26543
accept: */*

Response DefaultHttpResponse(decodeResult: success, version: HTTP/1.1)
HTTP/1.1 200 OK
Content-Length: 126
Content-Type: application/json; charset=utf-8
cache-control: no-cache

20:15:09.426 [AsyncHttpClient-1-11] DEBUG org.asynchttpclient.netty.channel.ChannelManager - Adding key: http://localhost:26543 for channel [id: 0x599f8fc6, L:/127.0.0.1:63353 - R:localhost/127.0.0.1:26543]
20:15:09.426 [Forwarding sendKeysToElement on session c1ed2164797c27713aa9e0cdecf64a6f to remote] DEBUG org.asynchttpclient.netty.request.NettyRequestSender - Using pooled Channel '[id: 0x599f8fc6, L:/127.0.0.1:63353 - R:localhost/127.0.0.1:26543]' for 'POST' to 'http://localhost:26543/session/c1ed2164797c27713aa9e0cdecf64a6f/element/f.115762F6998D0B813AEB280A0DAD9BCA.d.2F0DBB95ADDBEB53584179A60ABB5BE8.e.49/value'
20:15:09.426 [Forwarding sendKeysToElement on session c1ed2164797c27713aa9e0cdecf64a6f to remote] DEBUG org.asynchttpclient.netty.request.NettyRequestSender - Using open Channel [id: 0x599f8fc6, L:/127.0.0.1:63353 - R:localhost/127.0.0.1:26543] for POST '/session/c1ed2164797c27713aa9e0cdecf64a6f/element/f.115762F6998D0B813AEB280A0DAD9BCA.d.2F0DBB95ADDBEB53584179A60ABB5BE8.e.49/value'
20:15:09.554 [AsyncHttpClient-1-11] DEBUG org.asynchttpclient.netty.handler.HttpHandler - 

Request DefaultHttpRequest(decodeResult: success, version: HTTP/1.1)
POST /session/c1ed2164797c27713aa9e0cdecf64a6f/element/f.115762F6998D0B813AEB280A0DAD9BCA.d.2F0DBB95ADDBEB53584179A60ABB5BE8.e.49/value HTTP/1.1
User-Agent: selenium/4.12.0 (java windows)
Content-Length: 259
Content-Type: application/json; charset=utf-8
host: localhost:26543
accept: */*

Response DefaultHttpResponse(decodeResult: success, version: HTTP/1.1)
HTTP/1.1 200 OK
Content-Length: 14
Content-Type: application/json; charset=utf-8
cache-control: no-cache

20:15:09.554 [AsyncHttpClient-1-11] DEBUG org.asynchttpclient.netty.channel.ChannelManager - Adding key: http://localhost:26543 for channel [id: 0x599f8fc6, L:/127.0.0.1:63353 - R:localhost/127.0.0.1:26543]
20:15:09.554 [Forwarding findElement on session c1ed2164797c27713aa9e0cdecf64a6f to remote] DEBUG org.asynchttpclient.netty.request.NettyRequestSender - Using pooled Channel '[id: 0x599f8fc6, L:/127.0.0.1:63353 - R:localhost/127.0.0.1:26543]' for 'POST' to 'http://localhost:26543/session/c1ed2164797c27713aa9e0cdecf64a6f/element'
20:15:09.554 [Forwarding findElement on session c1ed2164797c27713aa9e0cdecf64a6f to remote] DEBUG org.asynchttpclient.netty.request.NettyRequestSender - Using open Channel [id: 0x599f8fc6, L:/127.0.0.1:63353 - R:localhost/127.0.0.1:26543] for POST '/session/c1ed2164797c27713aa9e0cdecf64a6f/element'
20:15:09.569 [AsyncHttpClient-1-11] DEBUG org.asynchttpclient.netty.handler.HttpHandler - 

Request DefaultHttpRequest(decodeResult: success, version: HTTP/1.1)
POST /session/c1ed2164797c27713aa9e0cdecf64a6f/element HTTP/1.1
User-Agent: selenium/4.12.0 (java windows)
Content-Length: 75
Content-Type: application/json; charset=utf-8
host: localhost:26543
accept: */*

Response DefaultHttpResponse(decodeResult: success, version: HTTP/1.1)
HTTP/1.1 200 OK
Content-Length: 126
Content-Type: application/json; charset=utf-8
cache-control: no-cache

20:15:09.569 [AsyncHttpClient-1-11] DEBUG org.asynchttpclient.netty.channel.ChannelManager - Adding key: http://localhost:26543 for channel [id: 0x599f8fc6, L:/127.0.0.1:63353 - R:localhost/127.0.0.1:26543]
20:15:09.569 [Forwarding sendKeysToElement on session c1ed2164797c27713aa9e0cdecf64a6f to remote] DEBUG org.asynchttpclient.netty.request.NettyRequestSender - Using pooled Channel '[id: 0x599f8fc6, L:/127.0.0.1:63353 - R:localhost/127.0.0.1:26543]' for 'POST' to 'http://localhost:26543/session/c1ed2164797c27713aa9e0cdecf64a6f/element/f.115762F6998D0B813AEB280A0DAD9BCA.d.2F0DBB95ADDBEB53584179A60ABB5BE8.e.50/value'
20:15:09.569 [Forwarding sendKeysToElement on session c1ed2164797c27713aa9e0cdecf64a6f to remote] DEBUG org.asynchttpclient.netty.request.NettyRequestSender - Using open Channel [id: 0x599f8fc6, L:/127.0.0.1:63353 - R:localhost/127.0.0.1:26543] for POST '/session/c1ed2164797c27713aa9e0cdecf64a6f/element/f.115762F6998D0B813AEB280A0DAD9BCA.d.2F0DBB95ADDBEB53584179A60ABB5BE8.e.50/value'
20:15:09.633 [AsyncHttpClient-1-1] DEBUG org.asynchttpclient.netty.channel.DefaultChannelPool - Entry count for : http://localhost:63354 : 1
20:15:09.640 [AsyncHttpClient-1-11] DEBUG org.asynchttpclient.netty.handler.HttpHandler - 

Request DefaultHttpRequest(decodeResult: success, version: HTTP/1.1)
POST /session/c1ed2164797c27713aa9e0cdecf64a6f/element/f.115762F6998D0B813AEB280A0DAD9BCA.d.2F0DBB95ADDBEB53584179A60ABB5BE8.e.50/value HTTP/1.1
User-Agent: selenium/4.12.0 (java windows)
Content-Length: 139
Content-Type: application/json; charset=utf-8
host: localhost:26543
accept: */*

Response DefaultHttpResponse(decodeResult: success, version: HTTP/1.1)
HTTP/1.1 200 OK
Content-Length: 14
Content-Type: application/json; charset=utf-8
cache-control: no-cache

20:15:09.640 [AsyncHttpClient-1-11] DEBUG org.asynchttpclient.netty.channel.ChannelManager - Adding key: http://localhost:26543 for channel [id: 0x599f8fc6, L:/127.0.0.1:63353 - R:localhost/127.0.0.1:26543]
20:15:09.640 [Forwarding findElement on session c1ed2164797c27713aa9e0cdecf64a6f to remote] DEBUG org.asynchttpclient.netty.request.NettyRequestSender - Using pooled Channel '[id: 0x599f8fc6, L:/127.0.0.1:63353 - R:localhost/127.0.0.1:26543]' for 'POST' to 'http://localhost:26543/session/c1ed2164797c27713aa9e0cdecf64a6f/element'
20:15:09.640 [Forwarding findElement on session c1ed2164797c27713aa9e0cdecf64a6f to remote] DEBUG org.asynchttpclient.netty.request.NettyRequestSender - Using open Channel [id: 0x599f8fc6, L:/127.0.0.1:63353 - R:localhost/127.0.0.1:26543] for POST '/session/c1ed2164797c27713aa9e0cdecf64a6f/element'
20:15:09.653 [AsyncHttpClient-1-11] DEBUG org.asynchttpclient.netty.handler.HttpHandler - 

Request DefaultHttpRequest(decodeResult: success, version: HTTP/1.1)
POST /session/c1ed2164797c27713aa9e0cdecf64a6f/element HTTP/1.1
User-Agent: selenium/4.12.0 (java windows)
Content-Length: 90
Content-Type: application/json; charset=utf-8
host: localhost:26543
accept: */*

Response DefaultHttpResponse(decodeResult: success, version: HTTP/1.1)
HTTP/1.1 200 OK
Content-Length: 126
Content-Type: application/json; charset=utf-8
cache-control: no-cache

20:15:09.653 [AsyncHttpClient-1-11] DEBUG org.asynchttpclient.netty.channel.ChannelManager - Adding key: http://localhost:26543 for channel [id: 0x599f8fc6, L:/127.0.0.1:63353 - R:localhost/127.0.0.1:26543]
20:15:09.655 [Forwarding sendKeysToElement on session c1ed2164797c27713aa9e0cdecf64a6f to remote] DEBUG org.asynchttpclient.netty.request.NettyRequestSender - Using pooled Channel '[id: 0x599f8fc6, L:/127.0.0.1:63353 - R:localhost/127.0.0.1:26543]' for 'POST' to 'http://localhost:26543/session/c1ed2164797c27713aa9e0cdecf64a6f/element/f.115762F6998D0B813AEB280A0DAD9BCA.d.2F0DBB95ADDBEB53584179A60ABB5BE8.e.51/value'
20:15:09.655 [Forwarding sendKeysToElement on session c1ed2164797c27713aa9e0cdecf64a6f to remote] DEBUG org.asynchttpclient.netty.request.NettyRequestSender - Using open Channel [id: 0x599f8fc6, L:/127.0.0.1:63353 - R:localhost/127.0.0.1:26543] for POST '/session/c1ed2164797c27713aa9e0cdecf64a6f/element/f.115762F6998D0B813AEB280A0DAD9BCA.d.2F0DBB95ADDBEB53584179A60ABB5BE8.e.51/value'
20:15:09.743 [AsyncHttpClient-1-11] DEBUG org.asynchttpclient.netty.handler.HttpHandler - 

Request DefaultHttpRequest(decodeResult: success, version: HTTP/1.1)
POST /session/c1ed2164797c27713aa9e0cdecf64a6f/element/f.115762F6998D0B813AEB280A0DAD9BCA.d.2F0DBB95ADDBEB53584179A60ABB5BE8.e.51/value HTTP/1.1
User-Agent: selenium/4.12.0 (java windows)
Content-Length: 139
Content-Type: application/json; charset=utf-8
host: localhost:26543
accept: */*

Response DefaultHttpResponse(decodeResult: success, version: HTTP/1.1)
HTTP/1.1 200 OK
Content-Length: 14
Content-Type: application/json; charset=utf-8
cache-control: no-cache

20:15:09.744 [AsyncHttpClient-1-11] DEBUG org.asynchttpclient.netty.channel.ChannelManager - Adding key: http://localhost:26543 for channel [id: 0x599f8fc6, L:/127.0.0.1:63353 - R:localhost/127.0.0.1:26543]
20:15:09.744 [Forwarding findElement on session c1ed2164797c27713aa9e0cdecf64a6f to remote] DEBUG org.asynchttpclient.netty.request.NettyRequestSender - Using pooled Channel '[id: 0x599f8fc6, L:/127.0.0.1:63353 - R:localhost/127.0.0.1:26543]' for 'POST' to 'http://localhost:26543/session/c1ed2164797c27713aa9e0cdecf64a6f/element'
20:15:09.744 [Forwarding findElement on session c1ed2164797c27713aa9e0cdecf64a6f to remote] DEBUG org.asynchttpclient.netty.request.NettyRequestSender - Using open Channel [id: 0x599f8fc6, L:/127.0.0.1:63353 - R:localhost/127.0.0.1:26543] for POST '/session/c1ed2164797c27713aa9e0cdecf64a6f/element'
20:15:09.755 [AsyncHttpClient-1-11] DEBUG org.asynchttpclient.netty.handler.HttpHandler - 

Request DefaultHttpRequest(decodeResult: success, version: HTTP/1.1)
POST /session/c1ed2164797c27713aa9e0cdecf64a6f/element HTTP/1.1
User-Agent: selenium/4.12.0 (java windows)
Content-Length: 96
Content-Type: application/json; charset=utf-8
host: localhost:26543
accept: */*

Response DefaultHttpResponse(decodeResult: success, version: HTTP/1.1)
HTTP/1.1 200 OK
Content-Length: 126
Content-Type: application/json; charset=utf-8
cache-control: no-cache

20:15:09.755 [AsyncHttpClient-1-11] DEBUG org.asynchttpclient.netty.channel.ChannelManager - Adding key: http://localhost:26543 for channel [id: 0x599f8fc6, L:/127.0.0.1:63353 - R:localhost/127.0.0.1:26543]
20:15:09.758 [Forwarding sendKeysToElement on session c1ed2164797c27713aa9e0cdecf64a6f to remote] DEBUG org.asynchttpclient.netty.request.NettyRequestSender - Using pooled Channel '[id: 0x599f8fc6, L:/127.0.0.1:63353 - R:localhost/127.0.0.1:26543]' for 'POST' to 'http://localhost:26543/session/c1ed2164797c27713aa9e0cdecf64a6f/element/f.115762F6998D0B813AEB280A0DAD9BCA.d.2F0DBB95ADDBEB53584179A60ABB5BE8.e.52/value'
20:15:09.758 [Forwarding sendKeysToElement on session c1ed2164797c27713aa9e0cdecf64a6f to remote] DEBUG org.asynchttpclient.netty.request.NettyRequestSender - Using open Channel [id: 0x599f8fc6, L:/127.0.0.1:63353 - R:localhost/127.0.0.1:26543] for POST '/session/c1ed2164797c27713aa9e0cdecf64a6f/element/f.115762F6998D0B813AEB280A0DAD9BCA.d.2F0DBB95ADDBEB53584179A60ABB5BE8.e.52/value'
20:15:09.854 [AsyncHttpClient-1-11] DEBUG org.asynchttpclient.netty.handler.HttpHandler - 

Request DefaultHttpRequest(decodeResult: success, version: HTTP/1.1)
POST /session/c1ed2164797c27713aa9e0cdecf64a6f/element/f.115762F6998D0B813AEB280A0DAD9BCA.d.2F0DBB95ADDBEB53584179A60ABB5BE8.e.52/value HTTP/1.1
User-Agent: selenium/4.12.0 (java windows)
Content-Length: 179
Content-Type: application/json; charset=utf-8
host: localhost:26543
accept: */*

Response DefaultHttpResponse(decodeResult: success, version: HTTP/1.1)
HTTP/1.1 200 OK
Content-Length: 14
Content-Type: application/json; charset=utf-8
cache-control: no-cache

20:15:09.854 [AsyncHttpClient-1-11] DEBUG org.asynchttpclient.netty.channel.ChannelManager - Adding key: http://localhost:26543 for channel [id: 0x599f8fc6, L:/127.0.0.1:63353 - R:localhost/127.0.0.1:26543]
20:15:09.854 [Forwarding findElement on session c1ed2164797c27713aa9e0cdecf64a6f to remote] DEBUG org.asynchttpclient.netty.request.NettyRequestSender - Using pooled Channel '[id: 0x599f8fc6, L:/127.0.0.1:63353 - R:localhost/127.0.0.1:26543]' for 'POST' to 'http://localhost:26543/session/c1ed2164797c27713aa9e0cdecf64a6f/element'
20:15:09.854 [Forwarding findElement on session c1ed2164797c27713aa9e0cdecf64a6f to remote] DEBUG org.asynchttpclient.netty.request.NettyRequestSender - Using open Channel [id: 0x599f8fc6, L:/127.0.0.1:63353 - R:localhost/127.0.0.1:26543] for POST '/session/c1ed2164797c27713aa9e0cdecf64a6f/element'
20:15:09.888 [AsyncHttpClient-1-11] DEBUG org.asynchttpclient.netty.handler.HttpHandler - 

Request DefaultHttpRequest(decodeResult: success, version: HTTP/1.1)
POST /session/c1ed2164797c27713aa9e0cdecf64a6f/element HTTP/1.1
User-Agent: selenium/4.12.0 (java windows)
Content-Length: 78
Content-Type: application/json; charset=utf-8
host: localhost:26543
accept: */*

Response DefaultHttpResponse(decodeResult: success, version: HTTP/1.1)
HTTP/1.1 200 OK
Content-Length: 126
Content-Type: application/json; charset=utf-8
cache-control: no-cache

20:15:09.888 [AsyncHttpClient-1-11] DEBUG org.asynchttpclient.netty.channel.ChannelManager - Adding key: http://localhost:26543 for channel [id: 0x599f8fc6, L:/127.0.0.1:63353 - R:localhost/127.0.0.1:26543]
20:15:09.899 [Forwarding sendKeysToElement on session c1ed2164797c27713aa9e0cdecf64a6f to remote] DEBUG org.asynchttpclient.netty.request.NettyRequestSender - Using pooled Channel '[id: 0x599f8fc6, L:/127.0.0.1:63353 - R:localhost/127.0.0.1:26543]' for 'POST' to 'http://localhost:26543/session/c1ed2164797c27713aa9e0cdecf64a6f/element/f.115762F6998D0B813AEB280A0DAD9BCA.d.2F0DBB95ADDBEB53584179A60ABB5BE8.e.53/value'
20:15:09.899 [Forwarding sendKeysToElement on session c1ed2164797c27713aa9e0cdecf64a6f to remote] DEBUG org.asynchttpclient.netty.request.NettyRequestSender - Using open Channel [id: 0x599f8fc6, L:/127.0.0.1:63353 - R:localhost/127.0.0.1:26543] for POST '/session/c1ed2164797c27713aa9e0cdecf64a6f/element/f.115762F6998D0B813AEB280A0DAD9BCA.d.2F0DBB95ADDBEB53584179A60ABB5BE8.e.53/value'
20:15:09.962 [AsyncHttpClient-1-11] DEBUG org.asynchttpclient.netty.handler.HttpHandler - 

Request DefaultHttpRequest(decodeResult: success, version: HTTP/1.1)
POST /session/c1ed2164797c27713aa9e0cdecf64a6f/element/f.115762F6998D0B813AEB280A0DAD9BCA.d.2F0DBB95ADDBEB53584179A60ABB5BE8.e.53/value HTTP/1.1
User-Agent: selenium/4.12.0 (java windows)
Content-Length: 149
Content-Type: application/json; charset=utf-8
host: localhost:26543
accept: */*

Response DefaultHttpResponse(decodeResult: success, version: HTTP/1.1)
HTTP/1.1 200 OK
Content-Length: 14
Content-Type: application/json; charset=utf-8
cache-control: no-cache

20:15:09.962 [AsyncHttpClient-1-11] DEBUG org.asynchttpclient.netty.channel.ChannelManager - Adding key: http://localhost:26543 for channel [id: 0x599f8fc6, L:/127.0.0.1:63353 - R:localhost/127.0.0.1:26543]
screen shot class not taking
  And Provide the Address DetailsMain_street001 YK FL 987678 USA           # StepDefination.Customer_onboarding.Provide_the_address_Details(java.lang.String,java.lang.String,java.lang.String,java.lang.String,java.lang.String)
20:15:10.475 [Forwarding findElement on session c1ed2164797c27713aa9e0cdecf64a6f to remote] DEBUG org.asynchttpclient.netty.request.NettyRequestSender - Using pooled Channel '[id: 0x599f8fc6, L:/127.0.0.1:63353 - R:localhost/127.0.0.1:26543]' for 'POST' to 'http://localhost:26543/session/c1ed2164797c27713aa9e0cdecf64a6f/element'
20:15:10.475 [Forwarding findElement on session c1ed2164797c27713aa9e0cdecf64a6f to remote] DEBUG org.asynchttpclient.netty.request.NettyRequestSender - Using open Channel [id: 0x599f8fc6, L:/127.0.0.1:63353 - R:localhost/127.0.0.1:26543] for POST '/session/c1ed2164797c27713aa9e0cdecf64a6f/element'
20:15:10.496 [AsyncHttpClient-1-11] DEBUG org.asynchttpclient.netty.handler.HttpHandler - 

Request DefaultHttpRequest(decodeResult: success, version: HTTP/1.1)
POST /session/c1ed2164797c27713aa9e0cdecf64a6f/element HTTP/1.1
User-Agent: selenium/4.12.0 (java windows)
Content-Length: 86
Content-Type: application/json; charset=utf-8
host: localhost:26543
accept: */*

Response DefaultHttpResponse(decodeResult: success, version: HTTP/1.1)
HTTP/1.1 200 OK
Content-Length: 126
Content-Type: application/json; charset=utf-8
cache-control: no-cache

20:15:10.496 [AsyncHttpClient-1-11] DEBUG org.asynchttpclient.netty.channel.ChannelManager - Adding key: http://localhost:26543 for channel [id: 0x599f8fc6, L:/127.0.0.1:63353 - R:localhost/127.0.0.1:26543]
20:15:10.498 [Forwarding clickElement on session c1ed2164797c27713aa9e0cdecf64a6f to remote] DEBUG org.asynchttpclient.netty.request.NettyRequestSender - Using pooled Channel '[id: 0x599f8fc6, L:/127.0.0.1:63353 - R:localhost/127.0.0.1:26543]' for 'POST' to 'http://localhost:26543/session/c1ed2164797c27713aa9e0cdecf64a6f/element/f.115762F6998D0B813AEB280A0DAD9BCA.d.2F0DBB95ADDBEB53584179A60ABB5BE8.e.48/click'
20:15:10.498 [Forwarding clickElement on session c1ed2164797c27713aa9e0cdecf64a6f to remote] DEBUG org.asynchttpclient.netty.request.NettyRequestSender - Using open Channel [id: 0x599f8fc6, L:/127.0.0.1:63353 - R:localhost/127.0.0.1:26543] for POST '/session/c1ed2164797c27713aa9e0cdecf64a6f/element/f.115762F6998D0B813AEB280A0DAD9BCA.d.2F0DBB95ADDBEB53584179A60ABB5BE8.e.48/click'
20:15:10.548 [AsyncHttpClient-1-11] DEBUG org.asynchttpclient.netty.handler.HttpHandler - 

Request DefaultHttpRequest(decodeResult: success, version: HTTP/1.1)
POST /session/c1ed2164797c27713aa9e0cdecf64a6f/element/f.115762F6998D0B813AEB280A0DAD9BCA.d.2F0DBB95ADDBEB53584179A60ABB5BE8.e.48/click HTTP/1.1
User-Agent: selenium/4.12.0 (java windows)
Content-Length: 88
Content-Type: application/json; charset=utf-8
host: localhost:26543
accept: */*

Response DefaultHttpResponse(decodeResult: success, version: HTTP/1.1)
HTTP/1.1 200 OK
Content-Length: 14
Content-Type: application/json; charset=utf-8
cache-control: no-cache

20:15:10.550 [AsyncHttpClient-1-11] DEBUG org.asynchttpclient.netty.channel.ChannelManager - Adding key: http://localhost:26543 for channel [id: 0x599f8fc6, L:/127.0.0.1:63353 - R:localhost/127.0.0.1:26543]
20:15:10.735 [AsyncHttpClient-1-1] DEBUG org.asynchttpclient.netty.channel.DefaultChannelPool - Entry count for : http://localhost:63354 : 1
20:15:10.735 [AsyncHttpClient-1-1] DEBUG org.asynchttpclient.netty.channel.DefaultChannelPool - Entry count for : http://localhost:26543 : 1
20:15:11.563 [Forwarding findElement on session c1ed2164797c27713aa9e0cdecf64a6f to remote] DEBUG org.asynchttpclient.netty.request.NettyRequestSender - Using pooled Channel '[id: 0x599f8fc6, L:/127.0.0.1:63353 - R:localhost/127.0.0.1:26543]' for 'POST' to 'http://localhost:26543/session/c1ed2164797c27713aa9e0cdecf64a6f/element'
20:15:11.563 [Forwarding findElement on session c1ed2164797c27713aa9e0cdecf64a6f to remote] DEBUG org.asynchttpclient.netty.request.NettyRequestSender - Using open Channel [id: 0x599f8fc6, L:/127.0.0.1:63353 - R:localhost/127.0.0.1:26543] for POST '/session/c1ed2164797c27713aa9e0cdecf64a6f/element'
20:15:11.581 [AsyncHttpClient-1-11] DEBUG org.asynchttpclient.netty.handler.HttpHandler - 

Request DefaultHttpRequest(decodeResult: success, version: HTTP/1.1)
POST /session/c1ed2164797c27713aa9e0cdecf64a6f/element HTTP/1.1
User-Agent: selenium/4.12.0 (java windows)
Content-Length: 124
Content-Type: application/json; charset=utf-8
host: localhost:26543
accept: */*

Response DefaultHttpResponse(decodeResult: success, version: HTTP/1.1)
HTTP/1.1 200 OK
Content-Length: 126
Content-Type: application/json; charset=utf-8
cache-control: no-cache

20:15:11.582 [AsyncHttpClient-1-11] DEBUG org.asynchttpclient.netty.channel.ChannelManager - Adding key: http://localhost:26543 for channel [id: 0x599f8fc6, L:/127.0.0.1:63353 - R:localhost/127.0.0.1:26543]
20:15:11.583 [Forwarding clickElement on session c1ed2164797c27713aa9e0cdecf64a6f to remote] DEBUG org.asynchttpclient.netty.request.NettyRequestSender - Using pooled Channel '[id: 0x599f8fc6, L:/127.0.0.1:63353 - R:localhost/127.0.0.1:26543]' for 'POST' to 'http://localhost:26543/session/c1ed2164797c27713aa9e0cdecf64a6f/element/f.115762F6998D0B813AEB280A0DAD9BCA.d.2F0DBB95ADDBEB53584179A60ABB5BE8.e.99/click'
20:15:11.583 [Forwarding clickElement on session c1ed2164797c27713aa9e0cdecf64a6f to remote] DEBUG org.asynchttpclient.netty.request.NettyRequestSender - Using open Channel [id: 0x599f8fc6, L:/127.0.0.1:63353 - R:localhost/127.0.0.1:26543] for POST '/session/c1ed2164797c27713aa9e0cdecf64a6f/element/f.115762F6998D0B813AEB280A0DAD9BCA.d.2F0DBB95ADDBEB53584179A60ABB5BE8.e.99/click'
20:15:11.640 [AsyncHttpClient-1-11] DEBUG org.asynchttpclient.netty.handler.HttpHandler - 

Request DefaultHttpRequest(decodeResult: success, version: HTTP/1.1)
POST /session/c1ed2164797c27713aa9e0cdecf64a6f/element/f.115762F6998D0B813AEB280A0DAD9BCA.d.2F0DBB95ADDBEB53584179A60ABB5BE8.e.99/click HTTP/1.1
User-Agent: selenium/4.12.0 (java windows)
Content-Length: 88
Content-Type: application/json; charset=utf-8
host: localhost:26543
accept: */*

Response DefaultHttpResponse(decodeResult: success, version: HTTP/1.1)
HTTP/1.1 200 OK
Content-Length: 14
Content-Type: application/json; charset=utf-8
cache-control: no-cache

20:15:11.640 [AsyncHttpClient-1-11] DEBUG org.asynchttpclient.netty.channel.ChannelManager - Adding key: http://localhost:26543 for channel [id: 0x599f8fc6, L:/127.0.0.1:63353 - R:localhost/127.0.0.1:26543]
20:15:11.840 [AsyncHttpClient-1-1] DEBUG org.asynchttpclient.netty.channel.DefaultChannelPool - Entry count for : http://localhost:63354 : 1
20:15:11.840 [AsyncHttpClient-1-1] DEBUG org.asynchttpclient.netty.channel.DefaultChannelPool - Entry count for : http://localhost:26543 : 1
20:15:12.659 [Forwarding findElement on session c1ed2164797c27713aa9e0cdecf64a6f to remote] DEBUG org.asynchttpclient.netty.request.NettyRequestSender - Using pooled Channel '[id: 0x599f8fc6, L:/127.0.0.1:63353 - R:localhost/127.0.0.1:26543]' for 'POST' to 'http://localhost:26543/session/c1ed2164797c27713aa9e0cdecf64a6f/element'
20:15:12.659 [Forwarding findElement on session c1ed2164797c27713aa9e0cdecf64a6f to remote] DEBUG org.asynchttpclient.netty.request.NettyRequestSender - Using open Channel [id: 0x599f8fc6, L:/127.0.0.1:63353 - R:localhost/127.0.0.1:26543] for POST '/session/c1ed2164797c27713aa9e0cdecf64a6f/element'
20:15:12.674 [AsyncHttpClient-1-11] DEBUG org.asynchttpclient.netty.handler.HttpHandler - 

Request DefaultHttpRequest(decodeResult: success, version: HTTP/1.1)
POST /session/c1ed2164797c27713aa9e0cdecf64a6f/element HTTP/1.1
User-Agent: selenium/4.12.0 (java windows)
Content-Length: 85
Content-Type: application/json; charset=utf-8
host: localhost:26543
accept: */*

Response DefaultHttpResponse(decodeResult: success, version: HTTP/1.1)
HTTP/1.1 200 OK
Content-Length: 127
Content-Type: application/json; charset=utf-8
cache-control: no-cache

20:15:12.674 [AsyncHttpClient-1-11] DEBUG org.asynchttpclient.netty.channel.ChannelManager - Adding key: http://localhost:26543 for channel [id: 0x599f8fc6, L:/127.0.0.1:63353 - R:localhost/127.0.0.1:26543]
20:15:12.674 [Forwarding sendKeysToElement on session c1ed2164797c27713aa9e0cdecf64a6f to remote] DEBUG org.asynchttpclient.netty.request.NettyRequestSender - Using pooled Channel '[id: 0x599f8fc6, L:/127.0.0.1:63353 - R:localhost/127.0.0.1:26543]' for 'POST' to 'http://localhost:26543/session/c1ed2164797c27713aa9e0cdecf64a6f/element/f.115762F6998D0B813AEB280A0DAD9BCA.d.2F0DBB95ADDBEB53584179A60ABB5BE8.e.102/value'
20:15:12.674 [Forwarding sendKeysToElement on session c1ed2164797c27713aa9e0cdecf64a6f to remote] DEBUG org.asynchttpclient.netty.request.NettyRequestSender - Using open Channel [id: 0x599f8fc6, L:/127.0.0.1:63353 - R:localhost/127.0.0.1:26543] for POST '/session/c1ed2164797c27713aa9e0cdecf64a6f/element/f.115762F6998D0B813AEB280A0DAD9BCA.d.2F0DBB95ADDBEB53584179A60ABB5BE8.e.102/value'
20:15:12.792 [AsyncHttpClient-1-11] DEBUG org.asynchttpclient.netty.handler.HttpHandler - 

Request DefaultHttpRequest(decodeResult: success, version: HTTP/1.1)
POST /session/c1ed2164797c27713aa9e0cdecf64a6f/element/f.115762F6998D0B813AEB280A0DAD9BCA.d.2F0DBB95ADDBEB53584179A60ABB5BE8.e.102/value HTTP/1.1
User-Agent: selenium/4.12.0 (java windows)
Content-Length: 260
Content-Type: application/json; charset=utf-8
host: localhost:26543
accept: */*

Response DefaultHttpResponse(decodeResult: success, version: HTTP/1.1)
HTTP/1.1 200 OK
Content-Length: 14
Content-Type: application/json; charset=utf-8
cache-control: no-cache

20:15:12.792 [AsyncHttpClient-1-11] DEBUG org.asynchttpclient.netty.channel.ChannelManager - Adding key: http://localhost:26543 for channel [id: 0x599f8fc6, L:/127.0.0.1:63353 - R:localhost/127.0.0.1:26543]
20:15:12.934 [AsyncHttpClient-1-1] DEBUG org.asynchttpclient.netty.channel.DefaultChannelPool - Entry count for : http://localhost:63354 : 1
20:15:12.934 [AsyncHttpClient-1-1] DEBUG org.asynchttpclient.netty.channel.DefaultChannelPool - Entry count for : http://localhost:26543 : 1
screen shot class not taking
  And Provide the bookvia with Emailroyal.book.com                         # StepDefination.Customer_onboarding.Provide_the_bookvia_email(java.lang.String)
20:15:14.028 [AsyncHttpClient-1-1] DEBUG org.asynchttpclient.netty.channel.DefaultChannelPool - Entry count for : http://localhost:63354 : 1
20:15:14.028 [AsyncHttpClient-1-1] DEBUG org.asynchttpclient.netty.channel.DefaultChannelPool - Entry count for : http://localhost:26543 : 1
20:15:14.317 [Forwarding findElement on session c1ed2164797c27713aa9e0cdecf64a6f to remote] DEBUG org.asynchttpclient.netty.request.NettyRequestSender - Using pooled Channel '[id: 0x599f8fc6, L:/127.0.0.1:63353 - R:localhost/127.0.0.1:26543]' for 'POST' to 'http://localhost:26543/session/c1ed2164797c27713aa9e0cdecf64a6f/element'
20:15:14.317 [Forwarding findElement on session c1ed2164797c27713aa9e0cdecf64a6f to remote] DEBUG org.asynchttpclient.netty.request.NettyRequestSender - Using open Channel [id: 0x599f8fc6, L:/127.0.0.1:63353 - R:localhost/127.0.0.1:26543] for POST '/session/c1ed2164797c27713aa9e0cdecf64a6f/element'
20:15:14.331 [AsyncHttpClient-1-11] DEBUG org.asynchttpclient.netty.handler.HttpHandler - 

Request DefaultHttpRequest(decodeResult: success, version: HTTP/1.1)
POST /session/c1ed2164797c27713aa9e0cdecf64a6f/element HTTP/1.1
User-Agent: selenium/4.12.0 (java windows)
Content-Length: 121
Content-Type: application/json; charset=utf-8
host: localhost:26543
accept: */*

Response DefaultHttpResponse(decodeResult: success, version: HTTP/1.1)
HTTP/1.1 200 OK
Content-Length: 126
Content-Type: application/json; charset=utf-8
cache-control: no-cache

20:15:14.331 [AsyncHttpClient-1-11] DEBUG org.asynchttpclient.netty.channel.ChannelManager - Adding key: http://localhost:26543 for channel [id: 0x599f8fc6, L:/127.0.0.1:63353 - R:localhost/127.0.0.1:26543]
20:15:14.331 [Forwarding sendKeysToElement on session c1ed2164797c27713aa9e0cdecf64a6f to remote] DEBUG org.asynchttpclient.netty.request.NettyRequestSender - Using pooled Channel '[id: 0x599f8fc6, L:/127.0.0.1:63353 - R:localhost/127.0.0.1:26543]' for 'POST' to 'http://localhost:26543/session/c1ed2164797c27713aa9e0cdecf64a6f/element/f.115762F6998D0B813AEB280A0DAD9BCA.d.2F0DBB95ADDBEB53584179A60ABB5BE8.e.54/value'
20:15:14.331 [Forwarding sendKeysToElement on session c1ed2164797c27713aa9e0cdecf64a6f to remote] DEBUG org.asynchttpclient.netty.request.NettyRequestSender - Using open Channel [id: 0x599f8fc6, L:/127.0.0.1:63353 - R:localhost/127.0.0.1:26543] for POST '/session/c1ed2164797c27713aa9e0cdecf64a6f/element/f.115762F6998D0B813AEB280A0DAD9BCA.d.2F0DBB95ADDBEB53584179A60ABB5BE8.e.54/value'
20:15:14.551 [AsyncHttpClient-1-11] DEBUG org.asynchttpclient.netty.handler.HttpHandler - 

Request DefaultHttpRequest(decodeResult: success, version: HTTP/1.1)
POST /session/c1ed2164797c27713aa9e0cdecf64a6f/element/f.115762F6998D0B813AEB280A0DAD9BCA.d.2F0DBB95ADDBEB53584179A60ABB5BE8.e.54/value HTTP/1.1
User-Agent: selenium/4.12.0 (java windows)
Content-Length: 399
Content-Type: application/json; charset=utf-8
host: localhost:26543
accept: */*

Response DefaultHttpResponse(decodeResult: success, version: HTTP/1.1)
HTTP/1.1 200 OK
Content-Length: 14
Content-Type: application/json; charset=utf-8
cache-control: no-cache

20:15:14.551 [AsyncHttpClient-1-11] DEBUG org.asynchttpclient.netty.channel.ChannelManager - Adding key: http://localhost:26543 for channel [id: 0x599f8fc6, L:/127.0.0.1:63353 - R:localhost/127.0.0.1:26543]
screen shot class not taking
  And Provide the special_instructionsspecial_instruction_customer         # StepDefination.Customer_onboarding.Provide_the_special_instructions(java.lang.String)
20:15:15.130 [AsyncHttpClient-1-1] DEBUG org.asynchttpclient.netty.channel.DefaultChannelPool - Entry count for : http://localhost:63354 : 1
20:15:15.130 [AsyncHttpClient-1-1] DEBUG org.asynchttpclient.netty.channel.DefaultChannelPool - Entry count for : http://localhost:26543 : 1
20:15:16.083 [Forwarding findElement on session c1ed2164797c27713aa9e0cdecf64a6f to remote] DEBUG org.asynchttpclient.netty.request.NettyRequestSender - Using pooled Channel '[id: 0x599f8fc6, L:/127.0.0.1:63353 - R:localhost/127.0.0.1:26543]' for 'POST' to 'http://localhost:26543/session/c1ed2164797c27713aa9e0cdecf64a6f/element'
20:15:16.083 [Forwarding findElement on session c1ed2164797c27713aa9e0cdecf64a6f to remote] DEBUG org.asynchttpclient.netty.request.NettyRequestSender - Using open Channel [id: 0x599f8fc6, L:/127.0.0.1:63353 - R:localhost/127.0.0.1:26543] for POST '/session/c1ed2164797c27713aa9e0cdecf64a6f/element'
20:15:16.099 [AsyncHttpClient-1-11] DEBUG org.asynchttpclient.netty.handler.HttpHandler - 

Request DefaultHttpRequest(decodeResult: success, version: HTTP/1.1)
POST /session/c1ed2164797c27713aa9e0cdecf64a6f/element HTTP/1.1
User-Agent: selenium/4.12.0 (java windows)
Content-Length: 250
Content-Type: application/json; charset=utf-8
host: localhost:26543
accept: */*

Response DefaultHttpResponse(decodeResult: success, version: HTTP/1.1)
HTTP/1.1 200 OK
Content-Length: 127
Content-Type: application/json; charset=utf-8
cache-control: no-cache

20:15:16.099 [AsyncHttpClient-1-11] DEBUG org.asynchttpclient.netty.channel.ChannelManager - Adding key: http://localhost:26543 for channel [id: 0x599f8fc6, L:/127.0.0.1:63353 - R:localhost/127.0.0.1:26543]
20:15:16.115 [Forwarding actions on session c1ed2164797c27713aa9e0cdecf64a6f to remote] DEBUG org.asynchttpclient.netty.request.NettyRequestSender - Using pooled Channel '[id: 0x599f8fc6, L:/127.0.0.1:63353 - R:localhost/127.0.0.1:26543]' for 'POST' to 'http://localhost:26543/session/c1ed2164797c27713aa9e0cdecf64a6f/actions'
20:15:16.115 [Forwarding actions on session c1ed2164797c27713aa9e0cdecf64a6f to remote] DEBUG org.asynchttpclient.netty.request.NettyRequestSender - Using open Channel [id: 0x599f8fc6, L:/127.0.0.1:63353 - R:localhost/127.0.0.1:26543] for POST '/session/c1ed2164797c27713aa9e0cdecf64a6f/actions'
20:15:16.230 [AsyncHttpClient-1-1] DEBUG org.asynchttpclient.netty.channel.DefaultChannelPool - Entry count for : http://localhost:63354 : 1
20:15:16.291 [AsyncHttpClient-1-11] DEBUG org.asynchttpclient.netty.handler.HttpHandler - 

Request DefaultHttpRequest(decodeResult: success, version: HTTP/1.1)
POST /session/c1ed2164797c27713aa9e0cdecf64a6f/actions HTTP/1.1
User-Agent: selenium/4.12.0 (java windows)
Content-Length: 606
Content-Type: application/json; charset=utf-8
host: localhost:26543
accept: */*

Response DefaultHttpResponse(decodeResult: success, version: HTTP/1.1)
HTTP/1.1 200 OK
Content-Length: 14
Content-Type: application/json; charset=utf-8
cache-control: no-cache

20:15:16.291 [AsyncHttpClient-1-11] DEBUG org.asynchttpclient.netty.channel.ChannelManager - Adding key: http://localhost:26543 for channel [id: 0x599f8fc6, L:/127.0.0.1:63353 - R:localhost/127.0.0.1:26543]
20:15:16.803 [Forwarding findElement on session c1ed2164797c27713aa9e0cdecf64a6f to remote] DEBUG org.asynchttpclient.netty.request.NettyRequestSender - Using pooled Channel '[id: 0x599f8fc6, L:/127.0.0.1:63353 - R:localhost/127.0.0.1:26543]' for 'POST' to 'http://localhost:26543/session/c1ed2164797c27713aa9e0cdecf64a6f/element'
20:15:16.803 [Forwarding findElement on session c1ed2164797c27713aa9e0cdecf64a6f to remote] DEBUG org.asynchttpclient.netty.request.NettyRequestSender - Using open Channel [id: 0x599f8fc6, L:/127.0.0.1:63353 - R:localhost/127.0.0.1:26543] for POST '/session/c1ed2164797c27713aa9e0cdecf64a6f/element'
20:15:16.819 [AsyncHttpClient-1-11] DEBUG org.asynchttpclient.netty.handler.HttpHandler - 

Request DefaultHttpRequest(decodeResult: success, version: HTTP/1.1)
POST /session/c1ed2164797c27713aa9e0cdecf64a6f/element HTTP/1.1
User-Agent: selenium/4.12.0 (java windows)
Content-Length: 279
Content-Type: application/json; charset=utf-8
host: localhost:26543
accept: */*

Response DefaultHttpResponse(decodeResult: success, version: HTTP/1.1)
HTTP/1.1 200 OK
Content-Length: 127
Content-Type: application/json; charset=utf-8
cache-control: no-cache

20:15:16.819 [AsyncHttpClient-1-11] DEBUG org.asynchttpclient.netty.channel.ChannelManager - Adding key: http://localhost:26543 for channel [id: 0x599f8fc6, L:/127.0.0.1:63353 - R:localhost/127.0.0.1:26543]
20:15:16.819 [Forwarding actions on session c1ed2164797c27713aa9e0cdecf64a6f to remote] DEBUG org.asynchttpclient.netty.request.NettyRequestSender - Using pooled Channel '[id: 0x599f8fc6, L:/127.0.0.1:63353 - R:localhost/127.0.0.1:26543]' for 'POST' to 'http://localhost:26543/session/c1ed2164797c27713aa9e0cdecf64a6f/actions'
20:15:16.819 [Forwarding actions on session c1ed2164797c27713aa9e0cdecf64a6f to remote] DEBUG org.asynchttpclient.netty.request.NettyRequestSender - Using open Channel [id: 0x599f8fc6, L:/127.0.0.1:63353 - R:localhost/127.0.0.1:26543] for POST '/session/c1ed2164797c27713aa9e0cdecf64a6f/actions'
20:15:16.967 [AsyncHttpClient-1-11] DEBUG org.asynchttpclient.netty.handler.HttpHandler - 

Request DefaultHttpRequest(decodeResult: success, version: HTTP/1.1)
POST /session/c1ed2164797c27713aa9e0cdecf64a6f/actions HTTP/1.1
User-Agent: selenium/4.12.0 (java windows)
Content-Length: 606
Content-Type: application/json; charset=utf-8
host: localhost:26543
accept: */*

Response DefaultHttpResponse(decodeResult: success, version: HTTP/1.1)
HTTP/1.1 200 OK
Content-Length: 14
Content-Type: application/json; charset=utf-8
cache-control: no-cache

20:15:16.967 [AsyncHttpClient-1-11] DEBUG org.asynchttpclient.netty.channel.ChannelManager - Adding key: http://localhost:26543 for channel [id: 0x599f8fc6, L:/127.0.0.1:63353 - R:localhost/127.0.0.1:26543]
20:15:16.968 [Forwarding sendKeysToElement on session c1ed2164797c27713aa9e0cdecf64a6f to remote] DEBUG org.asynchttpclient.netty.request.NettyRequestSender - Using pooled Channel '[id: 0x599f8fc6, L:/127.0.0.1:63353 - R:localhost/127.0.0.1:26543]' for 'POST' to 'http://localhost:26543/session/c1ed2164797c27713aa9e0cdecf64a6f/element/f.115762F6998D0B813AEB280A0DAD9BCA.d.2F0DBB95ADDBEB53584179A60ABB5BE8.e.112/value'
20:15:16.968 [Forwarding sendKeysToElement on session c1ed2164797c27713aa9e0cdecf64a6f to remote] DEBUG org.asynchttpclient.netty.request.NettyRequestSender - Using open Channel [id: 0x599f8fc6, L:/127.0.0.1:63353 - R:localhost/127.0.0.1:26543] for POST '/session/c1ed2164797c27713aa9e0cdecf64a6f/element/f.115762F6998D0B813AEB280A0DAD9BCA.d.2F0DBB95ADDBEB53584179A60ABB5BE8.e.112/value'
20:15:17.012 [AsyncHttpClient-1-11] DEBUG org.asynchttpclient.netty.handler.HttpHandler - 

Request DefaultHttpRequest(decodeResult: success, version: HTTP/1.1)
POST /session/c1ed2164797c27713aa9e0cdecf64a6f/element/f.115762F6998D0B813AEB280A0DAD9BCA.d.2F0DBB95ADDBEB53584179A60ABB5BE8.e.112/value HTTP/1.1
User-Agent: selenium/4.12.0 (java windows)
Content-Length: 170
Content-Type: application/json; charset=utf-8
host: localhost:26543
accept: */*

Response DefaultHttpResponse(decodeResult: success, version: HTTP/1.1)
HTTP/1.1 200 OK
Content-Length: 14
Content-Type: application/json; charset=utf-8
cache-control: no-cache

20:15:17.012 [AsyncHttpClient-1-11] DEBUG org.asynchttpclient.netty.channel.ChannelManager - Adding key: http://localhost:26543 for channel [id: 0x599f8fc6, L:/127.0.0.1:63353 - R:localhost/127.0.0.1:26543]
20:15:17.336 [AsyncHttpClient-1-1] DEBUG org.asynchttpclient.netty.channel.DefaultChannelPool - Entry count for : http://localhost:63354 : 1
20:15:17.336 [AsyncHttpClient-1-1] DEBUG org.asynchttpclient.netty.channel.DefaultChannelPool - Entry count for : http://localhost:26543 : 1
20:15:17.526 [Forwarding findElement on session c1ed2164797c27713aa9e0cdecf64a6f to remote] DEBUG org.asynchttpclient.netty.request.NettyRequestSender - Using pooled Channel '[id: 0x599f8fc6, L:/127.0.0.1:63353 - R:localhost/127.0.0.1:26543]' for 'POST' to 'http://localhost:26543/session/c1ed2164797c27713aa9e0cdecf64a6f/element'
20:15:17.526 [Forwarding findElement on session c1ed2164797c27713aa9e0cdecf64a6f to remote] DEBUG org.asynchttpclient.netty.request.NettyRequestSender - Using open Channel [id: 0x599f8fc6, L:/127.0.0.1:63353 - R:localhost/127.0.0.1:26543] for POST '/session/c1ed2164797c27713aa9e0cdecf64a6f/element'
20:15:17.550 [AsyncHttpClient-1-11] DEBUG org.asynchttpclient.netty.handler.HttpHandler - 

Request DefaultHttpRequest(decodeResult: success, version: HTTP/1.1)
POST /session/c1ed2164797c27713aa9e0cdecf64a6f/element HTTP/1.1
User-Agent: selenium/4.12.0 (java windows)
Content-Length: 69
Content-Type: application/json; charset=utf-8
host: localhost:26543
accept: */*

Response DefaultHttpResponse(decodeResult: success, version: HTTP/1.1)
HTTP/1.1 200 OK
Content-Length: 127
Content-Type: application/json; charset=utf-8
cache-control: no-cache

20:15:17.550 [AsyncHttpClient-1-11] DEBUG org.asynchttpclient.netty.channel.ChannelManager - Adding key: http://localhost:26543 for channel [id: 0x599f8fc6, L:/127.0.0.1:63353 - R:localhost/127.0.0.1:26543]
20:15:17.552 [Forwarding clickElement on session c1ed2164797c27713aa9e0cdecf64a6f to remote] DEBUG org.asynchttpclient.netty.request.NettyRequestSender - Using pooled Channel '[id: 0x599f8fc6, L:/127.0.0.1:63353 - R:localhost/127.0.0.1:26543]' for 'POST' to 'http://localhost:26543/session/c1ed2164797c27713aa9e0cdecf64a6f/element/f.115762F6998D0B813AEB280A0DAD9BCA.d.2F0DBB95ADDBEB53584179A60ABB5BE8.e.119/click'
20:15:17.552 [Forwarding clickElement on session c1ed2164797c27713aa9e0cdecf64a6f to remote] DEBUG org.asynchttpclient.netty.request.NettyRequestSender - Using open Channel [id: 0x599f8fc6, L:/127.0.0.1:63353 - R:localhost/127.0.0.1:26543] for POST '/session/c1ed2164797c27713aa9e0cdecf64a6f/element/f.115762F6998D0B813AEB280A0DAD9BCA.d.2F0DBB95ADDBEB53584179A60ABB5BE8.e.119/click'
20:15:17.617 [AsyncHttpClient-1-11] DEBUG org.asynchttpclient.netty.handler.HttpHandler - 

Request DefaultHttpRequest(decodeResult: success, version: HTTP/1.1)
POST /session/c1ed2164797c27713aa9e0cdecf64a6f/element/f.115762F6998D0B813AEB280A0DAD9BCA.d.2F0DBB95ADDBEB53584179A60ABB5BE8.e.119/click HTTP/1.1
User-Agent: selenium/4.12.0 (java windows)
Content-Length: 89
Content-Type: application/json; charset=utf-8
host: localhost:26543
accept: */*

Response DefaultHttpResponse(decodeResult: success, version: HTTP/1.1)
HTTP/1.1 200 OK
Content-Length: 14
Content-Type: application/json; charset=utf-8
cache-control: no-cache

20:15:17.617 [AsyncHttpClient-1-11] DEBUG org.asynchttpclient.netty.channel.ChannelManager - Adding key: http://localhost:26543 for channel [id: 0x599f8fc6, L:/127.0.0.1:63353 - R:localhost/127.0.0.1:26543]
20:15:18.133 [Forwarding findElement on session c1ed2164797c27713aa9e0cdecf64a6f to remote] DEBUG org.asynchttpclient.netty.request.NettyRequestSender - Using pooled Channel '[id: 0x599f8fc6, L:/127.0.0.1:63353 - R:localhost/127.0.0.1:26543]' for 'POST' to 'http://localhost:26543/session/c1ed2164797c27713aa9e0cdecf64a6f/element'
20:15:18.133 [Forwarding findElement on session c1ed2164797c27713aa9e0cdecf64a6f to remote] DEBUG org.asynchttpclient.netty.request.NettyRequestSender - Using open Channel [id: 0x599f8fc6, L:/127.0.0.1:63353 - R:localhost/127.0.0.1:26543] for POST '/session/c1ed2164797c27713aa9e0cdecf64a6f/element'
20:15:18.153 [AsyncHttpClient-1-11] DEBUG org.asynchttpclient.netty.handler.HttpHandler - 

Request DefaultHttpRequest(decodeResult: success, version: HTTP/1.1)
POST /session/c1ed2164797c27713aa9e0cdecf64a6f/element HTTP/1.1
User-Agent: selenium/4.12.0 (java windows)
Content-Length: 279
Content-Type: application/json; charset=utf-8
host: localhost:26543
accept: */*

Response DefaultHttpResponse(decodeResult: success, version: HTTP/1.1)
HTTP/1.1 200 OK
Content-Length: 127
Content-Type: application/json; charset=utf-8
cache-control: no-cache

20:15:18.153 [AsyncHttpClient-1-11] DEBUG org.asynchttpclient.netty.channel.ChannelManager - Adding key: http://localhost:26543 for channel [id: 0x599f8fc6, L:/127.0.0.1:63353 - R:localhost/127.0.0.1:26543]
20:15:18.153 [Forwarding actions on session c1ed2164797c27713aa9e0cdecf64a6f to remote] DEBUG org.asynchttpclient.netty.request.NettyRequestSender - Using pooled Channel '[id: 0x599f8fc6, L:/127.0.0.1:63353 - R:localhost/127.0.0.1:26543]' for 'POST' to 'http://localhost:26543/session/c1ed2164797c27713aa9e0cdecf64a6f/actions'
20:15:18.153 [Forwarding actions on session c1ed2164797c27713aa9e0cdecf64a6f to remote] DEBUG org.asynchttpclient.netty.request.NettyRequestSender - Using open Channel [id: 0x599f8fc6, L:/127.0.0.1:63353 - R:localhost/127.0.0.1:26543] for POST '/session/c1ed2164797c27713aa9e0cdecf64a6f/actions'
20:15:18.302 [AsyncHttpClient-1-11] DEBUG org.asynchttpclient.netty.handler.HttpHandler - 

Request DefaultHttpRequest(decodeResult: success, version: HTTP/1.1)
POST /session/c1ed2164797c27713aa9e0cdecf64a6f/actions HTTP/1.1
User-Agent: selenium/4.12.0 (java windows)
Content-Length: 606
Content-Type: application/json; charset=utf-8
host: localhost:26543
accept: */*

Response DefaultHttpResponse(decodeResult: success, version: HTTP/1.1)
HTTP/1.1 200 OK
Content-Length: 14
Content-Type: application/json; charset=utf-8
cache-control: no-cache

20:15:18.303 [AsyncHttpClient-1-11] DEBUG org.asynchttpclient.netty.channel.ChannelManager - Adding key: http://localhost:26543 for channel [id: 0x599f8fc6, L:/127.0.0.1:63353 - R:localhost/127.0.0.1:26543]
20:15:18.303 [Forwarding clickElement on session c1ed2164797c27713aa9e0cdecf64a6f to remote] DEBUG org.asynchttpclient.netty.request.NettyRequestSender - Using pooled Channel '[id: 0x599f8fc6, L:/127.0.0.1:63353 - R:localhost/127.0.0.1:26543]' for 'POST' to 'http://localhost:26543/session/c1ed2164797c27713aa9e0cdecf64a6f/element/f.115762F6998D0B813AEB280A0DAD9BCA.d.2F0DBB95ADDBEB53584179A60ABB5BE8.e.113/click'
20:15:18.303 [Forwarding clickElement on session c1ed2164797c27713aa9e0cdecf64a6f to remote] DEBUG org.asynchttpclient.netty.request.NettyRequestSender - Using open Channel [id: 0x599f8fc6, L:/127.0.0.1:63353 - R:localhost/127.0.0.1:26543] for POST '/session/c1ed2164797c27713aa9e0cdecf64a6f/element/f.115762F6998D0B813AEB280A0DAD9BCA.d.2F0DBB95ADDBEB53584179A60ABB5BE8.e.113/click'
20:15:18.348 [AsyncHttpClient-1-11] DEBUG org.asynchttpclient.netty.handler.HttpHandler - 

Request DefaultHttpRequest(decodeResult: success, version: HTTP/1.1)
POST /session/c1ed2164797c27713aa9e0cdecf64a6f/element/f.115762F6998D0B813AEB280A0DAD9BCA.d.2F0DBB95ADDBEB53584179A60ABB5BE8.e.113/click HTTP/1.1
User-Agent: selenium/4.12.0 (java windows)
Content-Length: 89
Content-Type: application/json; charset=utf-8
host: localhost:26543
accept: */*

Response DefaultHttpResponse(decodeResult: success, version: HTTP/1.1)
HTTP/1.1 200 OK
Content-Length: 14
Content-Type: application/json; charset=utf-8
cache-control: no-cache

20:15:18.348 [AsyncHttpClient-1-11] DEBUG org.asynchttpclient.netty.channel.ChannelManager - Adding key: http://localhost:26543 for channel [id: 0x599f8fc6, L:/127.0.0.1:63353 - R:localhost/127.0.0.1:26543]
20:15:18.429 [AsyncHttpClient-1-1] DEBUG org.asynchttpclient.netty.channel.DefaultChannelPool - Entry count for : http://localhost:63354 : 1
20:15:18.430 [AsyncHttpClient-1-1] DEBUG org.asynchttpclient.netty.channel.DefaultChannelPool - Entry count for : http://localhost:26543 : 1
20:15:18.864 [Forwarding findElement on session c1ed2164797c27713aa9e0cdecf64a6f to remote] DEBUG org.asynchttpclient.netty.request.NettyRequestSender - Using pooled Channel '[id: 0x599f8fc6, L:/127.0.0.1:63353 - R:localhost/127.0.0.1:26543]' for 'POST' to 'http://localhost:26543/session/c1ed2164797c27713aa9e0cdecf64a6f/element'
20:15:18.864 [Forwarding findElement on session c1ed2164797c27713aa9e0cdecf64a6f to remote] DEBUG org.asynchttpclient.netty.request.NettyRequestSender - Using open Channel [id: 0x599f8fc6, L:/127.0.0.1:63353 - R:localhost/127.0.0.1:26543] for POST '/session/c1ed2164797c27713aa9e0cdecf64a6f/element'
20:15:18.879 [AsyncHttpClient-1-11] DEBUG org.asynchttpclient.netty.handler.HttpHandler - 

Request DefaultHttpRequest(decodeResult: success, version: HTTP/1.1)
POST /session/c1ed2164797c27713aa9e0cdecf64a6f/element HTTP/1.1
User-Agent: selenium/4.12.0 (java windows)
Content-Length: 158
Content-Type: application/json; charset=utf-8
host: localhost:26543
accept: */*

Response DefaultHttpResponse(decodeResult: success, version: HTTP/1.1)
HTTP/1.1 200 OK
Content-Length: 127
Content-Type: application/json; charset=utf-8
cache-control: no-cache

20:15:18.879 [AsyncHttpClient-1-11] DEBUG org.asynchttpclient.netty.channel.ChannelManager - Adding key: http://localhost:26543 for channel [id: 0x599f8fc6, L:/127.0.0.1:63353 - R:localhost/127.0.0.1:26543]
20:15:18.879 [Forwarding clickElement on session c1ed2164797c27713aa9e0cdecf64a6f to remote] DEBUG org.asynchttpclient.netty.request.NettyRequestSender - Using pooled Channel '[id: 0x599f8fc6, L:/127.0.0.1:63353 - R:localhost/127.0.0.1:26543]' for 'POST' to 'http://localhost:26543/session/c1ed2164797c27713aa9e0cdecf64a6f/element/f.115762F6998D0B813AEB280A0DAD9BCA.d.2F0DBB95ADDBEB53584179A60ABB5BE8.e.123/click'
20:15:18.879 [Forwarding clickElement on session c1ed2164797c27713aa9e0cdecf64a6f to remote] DEBUG org.asynchttpclient.netty.request.NettyRequestSender - Using open Channel [id: 0x599f8fc6, L:/127.0.0.1:63353 - R:localhost/127.0.0.1:26543] for POST '/session/c1ed2164797c27713aa9e0cdecf64a6f/element/f.115762F6998D0B813AEB280A0DAD9BCA.d.2F0DBB95ADDBEB53584179A60ABB5BE8.e.123/click'
20:15:18.959 [AsyncHttpClient-1-11] DEBUG org.asynchttpclient.netty.handler.HttpHandler - 

Request DefaultHttpRequest(decodeResult: success, version: HTTP/1.1)
POST /session/c1ed2164797c27713aa9e0cdecf64a6f/element/f.115762F6998D0B813AEB280A0DAD9BCA.d.2F0DBB95ADDBEB53584179A60ABB5BE8.e.123/click HTTP/1.1
User-Agent: selenium/4.12.0 (java windows)
Content-Length: 89
Content-Type: application/json; charset=utf-8
host: localhost:26543
accept: */*

Response DefaultHttpResponse(decodeResult: success, version: HTTP/1.1)
HTTP/1.1 200 OK
Content-Length: 14
Content-Type: application/json; charset=utf-8
cache-control: no-cache

20:15:18.959 [AsyncHttpClient-1-11] DEBUG org.asynchttpclient.netty.channel.ChannelManager - Adding key: http://localhost:26543 for channel [id: 0x599f8fc6, L:/127.0.0.1:63353 - R:localhost/127.0.0.1:26543]
20:15:19.530 [AsyncHttpClient-1-1] DEBUG org.asynchttpclient.netty.channel.DefaultChannelPool - Entry count for : http://localhost:63354 : 1
20:15:19.530 [AsyncHttpClient-1-1] DEBUG org.asynchttpclient.netty.channel.DefaultChannelPool - Entry count for : http://localhost:26543 : 1
20:15:19.964 [Forwarding findElement on session c1ed2164797c27713aa9e0cdecf64a6f to remote] DEBUG org.asynchttpclient.netty.request.NettyRequestSender - Using pooled Channel '[id: 0x599f8fc6, L:/127.0.0.1:63353 - R:localhost/127.0.0.1:26543]' for 'POST' to 'http://localhost:26543/session/c1ed2164797c27713aa9e0cdecf64a6f/element'
20:15:19.964 [Forwarding findElement on session c1ed2164797c27713aa9e0cdecf64a6f to remote] DEBUG org.asynchttpclient.netty.request.NettyRequestSender - Using open Channel [id: 0x599f8fc6, L:/127.0.0.1:63353 - R:localhost/127.0.0.1:26543] for POST '/session/c1ed2164797c27713aa9e0cdecf64a6f/element'
20:15:19.983 [AsyncHttpClient-1-11] DEBUG org.asynchttpclient.netty.handler.HttpHandler - 

Request DefaultHttpRequest(decodeResult: success, version: HTTP/1.1)
POST /session/c1ed2164797c27713aa9e0cdecf64a6f/element HTTP/1.1
User-Agent: selenium/4.12.0 (java windows)
Content-Length: 250
Content-Type: application/json; charset=utf-8
host: localhost:26543
accept: */*

Response DefaultHttpResponse(decodeResult: success, version: HTTP/1.1)
HTTP/1.1 200 OK
Content-Length: 127
Content-Type: application/json; charset=utf-8
cache-control: no-cache

20:15:19.984 [AsyncHttpClient-1-11] DEBUG org.asynchttpclient.netty.channel.ChannelManager - Adding key: http://localhost:26543 for channel [id: 0x599f8fc6, L:/127.0.0.1:63353 - R:localhost/127.0.0.1:26543]
20:15:19.988 [Forwarding actions on session c1ed2164797c27713aa9e0cdecf64a6f to remote] DEBUG org.asynchttpclient.netty.request.NettyRequestSender - Using pooled Channel '[id: 0x599f8fc6, L:/127.0.0.1:63353 - R:localhost/127.0.0.1:26543]' for 'POST' to 'http://localhost:26543/session/c1ed2164797c27713aa9e0cdecf64a6f/actions'
20:15:19.988 [Forwarding actions on session c1ed2164797c27713aa9e0cdecf64a6f to remote] DEBUG org.asynchttpclient.netty.request.NettyRequestSender - Using open Channel [id: 0x599f8fc6, L:/127.0.0.1:63353 - R:localhost/127.0.0.1:26543] for POST '/session/c1ed2164797c27713aa9e0cdecf64a6f/actions'
20:15:20.216 [AsyncHttpClient-1-11] DEBUG org.asynchttpclient.netty.handler.HttpHandler - 

Request DefaultHttpRequest(decodeResult: success, version: HTTP/1.1)
POST /session/c1ed2164797c27713aa9e0cdecf64a6f/actions HTTP/1.1
User-Agent: selenium/4.12.0 (java windows)
Content-Length: 606
Content-Type: application/json; charset=utf-8
host: localhost:26543
accept: */*

Response DefaultHttpResponse(decodeResult: success, version: HTTP/1.1)
HTTP/1.1 200 OK
Content-Length: 14
Content-Type: application/json; charset=utf-8
cache-control: no-cache

20:15:20.217 [AsyncHttpClient-1-11] DEBUG org.asynchttpclient.netty.channel.ChannelManager - Adding key: http://localhost:26543 for channel [id: 0x599f8fc6, L:/127.0.0.1:63353 - R:localhost/127.0.0.1:26543]
20:15:20.217 [Forwarding findElement on session c1ed2164797c27713aa9e0cdecf64a6f to remote] DEBUG org.asynchttpclient.netty.request.NettyRequestSender - Using pooled Channel '[id: 0x599f8fc6, L:/127.0.0.1:63353 - R:localhost/127.0.0.1:26543]' for 'POST' to 'http://localhost:26543/session/c1ed2164797c27713aa9e0cdecf64a6f/element'
20:15:20.218 [Forwarding findElement on session c1ed2164797c27713aa9e0cdecf64a6f to remote] DEBUG org.asynchttpclient.netty.request.NettyRequestSender - Using open Channel [id: 0x599f8fc6, L:/127.0.0.1:63353 - R:localhost/127.0.0.1:26543] for POST '/session/c1ed2164797c27713aa9e0cdecf64a6f/element'
20:15:20.240 [AsyncHttpClient-1-11] DEBUG org.asynchttpclient.netty.handler.HttpHandler - 

Request DefaultHttpRequest(decodeResult: success, version: HTTP/1.1)
POST /session/c1ed2164797c27713aa9e0cdecf64a6f/element HTTP/1.1
User-Agent: selenium/4.12.0 (java windows)
Content-Length: 250
Content-Type: application/json; charset=utf-8
host: localhost:26543
accept: */*

Response DefaultHttpResponse(decodeResult: success, version: HTTP/1.1)
HTTP/1.1 200 OK
Content-Length: 127
Content-Type: application/json; charset=utf-8
cache-control: no-cache

20:15:20.240 [AsyncHttpClient-1-11] DEBUG org.asynchttpclient.netty.channel.ChannelManager - Adding key: http://localhost:26543 for channel [id: 0x599f8fc6, L:/127.0.0.1:63353 - R:localhost/127.0.0.1:26543]
20:15:20.243 [Forwarding actions on session c1ed2164797c27713aa9e0cdecf64a6f to remote] DEBUG org.asynchttpclient.netty.request.NettyRequestSender - Using pooled Channel '[id: 0x599f8fc6, L:/127.0.0.1:63353 - R:localhost/127.0.0.1:26543]' for 'POST' to 'http://localhost:26543/session/c1ed2164797c27713aa9e0cdecf64a6f/actions'
20:15:20.243 [Forwarding actions on session c1ed2164797c27713aa9e0cdecf64a6f to remote] DEBUG org.asynchttpclient.netty.request.NettyRequestSender - Using open Channel [id: 0x599f8fc6, L:/127.0.0.1:63353 - R:localhost/127.0.0.1:26543] for POST '/session/c1ed2164797c27713aa9e0cdecf64a6f/actions'
20:15:20.409 [AsyncHttpClient-1-11] DEBUG org.asynchttpclient.netty.handler.HttpHandler - 

Request DefaultHttpRequest(decodeResult: success, version: HTTP/1.1)
POST /session/c1ed2164797c27713aa9e0cdecf64a6f/actions HTTP/1.1
User-Agent: selenium/4.12.0 (java windows)
Content-Length: 606
Content-Type: application/json; charset=utf-8
host: localhost:26543
accept: */*

Response DefaultHttpResponse(decodeResult: success, version: HTTP/1.1)
HTTP/1.1 200 OK
Content-Length: 14
Content-Type: application/json; charset=utf-8
cache-control: no-cache

20:15:20.409 [AsyncHttpClient-1-11] DEBUG org.asynchttpclient.netty.channel.ChannelManager - Adding key: http://localhost:26543 for channel [id: 0x599f8fc6, L:/127.0.0.1:63353 - R:localhost/127.0.0.1:26543]
20:15:20.409 [Forwarding findElement on session c1ed2164797c27713aa9e0cdecf64a6f to remote] DEBUG org.asynchttpclient.netty.request.NettyRequestSender - Using pooled Channel '[id: 0x599f8fc6, L:/127.0.0.1:63353 - R:localhost/127.0.0.1:26543]' for 'POST' to 'http://localhost:26543/session/c1ed2164797c27713aa9e0cdecf64a6f/element'
20:15:20.409 [Forwarding findElement on session c1ed2164797c27713aa9e0cdecf64a6f to remote] DEBUG org.asynchttpclient.netty.request.NettyRequestSender - Using open Channel [id: 0x599f8fc6, L:/127.0.0.1:63353 - R:localhost/127.0.0.1:26543] for POST '/session/c1ed2164797c27713aa9e0cdecf64a6f/element'
20:15:20.418 [AsyncHttpClient-1-11] DEBUG org.asynchttpclient.netty.handler.HttpHandler - 

Request DefaultHttpRequest(decodeResult: success, version: HTTP/1.1)
POST /session/c1ed2164797c27713aa9e0cdecf64a6f/element HTTP/1.1
User-Agent: selenium/4.12.0 (java windows)
Content-Length: 250
Content-Type: application/json; charset=utf-8
host: localhost:26543
accept: */*

Response DefaultHttpResponse(decodeResult: success, version: HTTP/1.1)
HTTP/1.1 200 OK
Content-Length: 127
Content-Type: application/json; charset=utf-8
cache-control: no-cache

20:15:20.418 [AsyncHttpClient-1-11] DEBUG org.asynchttpclient.netty.channel.ChannelManager - Adding key: http://localhost:26543 for channel [id: 0x599f8fc6, L:/127.0.0.1:63353 - R:localhost/127.0.0.1:26543]
20:15:20.419 [Forwarding actions on session c1ed2164797c27713aa9e0cdecf64a6f to remote] DEBUG org.asynchttpclient.netty.request.NettyRequestSender - Using pooled Channel '[id: 0x599f8fc6, L:/127.0.0.1:63353 - R:localhost/127.0.0.1:26543]' for 'POST' to 'http://localhost:26543/session/c1ed2164797c27713aa9e0cdecf64a6f/actions'
20:15:20.419 [Forwarding actions on session c1ed2164797c27713aa9e0cdecf64a6f to remote] DEBUG org.asynchttpclient.netty.request.NettyRequestSender - Using open Channel [id: 0x599f8fc6, L:/127.0.0.1:63353 - R:localhost/127.0.0.1:26543] for POST '/session/c1ed2164797c27713aa9e0cdecf64a6f/actions'
20:15:20.560 [AsyncHttpClient-1-11] DEBUG org.asynchttpclient.netty.handler.HttpHandler - 

Request DefaultHttpRequest(decodeResult: success, version: HTTP/1.1)
POST /session/c1ed2164797c27713aa9e0cdecf64a6f/actions HTTP/1.1
User-Agent: selenium/4.12.0 (java windows)
Content-Length: 606
Content-Type: application/json; charset=utf-8
host: localhost:26543
accept: */*

Response DefaultHttpResponse(decodeResult: success, version: HTTP/1.1)
HTTP/1.1 200 OK
Content-Length: 14
Content-Type: application/json; charset=utf-8
cache-control: no-cache

20:15:20.560 [AsyncHttpClient-1-11] DEBUG org.asynchttpclient.netty.channel.ChannelManager - Adding key: http://localhost:26543 for channel [id: 0x599f8fc6, L:/127.0.0.1:63353 - R:localhost/127.0.0.1:26543]
20:15:20.560 [Forwarding findElement on session c1ed2164797c27713aa9e0cdecf64a6f to remote] DEBUG org.asynchttpclient.netty.request.NettyRequestSender - Using pooled Channel '[id: 0x599f8fc6, L:/127.0.0.1:63353 - R:localhost/127.0.0.1:26543]' for 'POST' to 'http://localhost:26543/session/c1ed2164797c27713aa9e0cdecf64a6f/element'
20:15:20.560 [Forwarding findElement on session c1ed2164797c27713aa9e0cdecf64a6f to remote] DEBUG org.asynchttpclient.netty.request.NettyRequestSender - Using open Channel [id: 0x599f8fc6, L:/127.0.0.1:63353 - R:localhost/127.0.0.1:26543] for POST '/session/c1ed2164797c27713aa9e0cdecf64a6f/element'
20:15:20.574 [AsyncHttpClient-1-11] DEBUG org.asynchttpclient.netty.handler.HttpHandler - 

Request DefaultHttpRequest(decodeResult: success, version: HTTP/1.1)
POST /session/c1ed2164797c27713aa9e0cdecf64a6f/element HTTP/1.1
User-Agent: selenium/4.12.0 (java windows)
Content-Length: 250
Content-Type: application/json; charset=utf-8
host: localhost:26543
accept: */*

Response DefaultHttpResponse(decodeResult: success, version: HTTP/1.1)
HTTP/1.1 200 OK
Content-Length: 127
Content-Type: application/json; charset=utf-8
cache-control: no-cache

20:15:20.575 [AsyncHttpClient-1-11] DEBUG org.asynchttpclient.netty.channel.ChannelManager - Adding key: http://localhost:26543 for channel [id: 0x599f8fc6, L:/127.0.0.1:63353 - R:localhost/127.0.0.1:26543]
20:15:20.578 [Forwarding actions on session c1ed2164797c27713aa9e0cdecf64a6f to remote] DEBUG org.asynchttpclient.netty.request.NettyRequestSender - Using pooled Channel '[id: 0x599f8fc6, L:/127.0.0.1:63353 - R:localhost/127.0.0.1:26543]' for 'POST' to 'http://localhost:26543/session/c1ed2164797c27713aa9e0cdecf64a6f/actions'
20:15:20.578 [Forwarding actions on session c1ed2164797c27713aa9e0cdecf64a6f to remote] DEBUG org.asynchttpclient.netty.request.NettyRequestSender - Using open Channel [id: 0x599f8fc6, L:/127.0.0.1:63353 - R:localhost/127.0.0.1:26543] for POST '/session/c1ed2164797c27713aa9e0cdecf64a6f/actions'
20:15:20.631 [AsyncHttpClient-1-1] DEBUG org.asynchttpclient.netty.channel.DefaultChannelPool - Entry count for : http://localhost:63354 : 1
20:15:20.769 [AsyncHttpClient-1-11] DEBUG org.asynchttpclient.netty.handler.HttpHandler - 

Request DefaultHttpRequest(decodeResult: success, version: HTTP/1.1)
POST /session/c1ed2164797c27713aa9e0cdecf64a6f/actions HTTP/1.1
User-Agent: selenium/4.12.0 (java windows)
Content-Length: 606
Content-Type: application/json; charset=utf-8
host: localhost:26543
accept: */*

Response DefaultHttpResponse(decodeResult: success, version: HTTP/1.1)
HTTP/1.1 200 OK
Content-Length: 14
Content-Type: application/json; charset=utf-8
cache-control: no-cache

20:15:20.769 [AsyncHttpClient-1-11] DEBUG org.asynchttpclient.netty.channel.ChannelManager - Adding key: http://localhost:26543 for channel [id: 0x599f8fc6, L:/127.0.0.1:63353 - R:localhost/127.0.0.1:26543]
20:15:20.770 [Forwarding findElement on session c1ed2164797c27713aa9e0cdecf64a6f to remote] DEBUG org.asynchttpclient.netty.request.NettyRequestSender - Using pooled Channel '[id: 0x599f8fc6, L:/127.0.0.1:63353 - R:localhost/127.0.0.1:26543]' for 'POST' to 'http://localhost:26543/session/c1ed2164797c27713aa9e0cdecf64a6f/element'
20:15:20.770 [Forwarding findElement on session c1ed2164797c27713aa9e0cdecf64a6f to remote] DEBUG org.asynchttpclient.netty.request.NettyRequestSender - Using open Channel [id: 0x599f8fc6, L:/127.0.0.1:63353 - R:localhost/127.0.0.1:26543] for POST '/session/c1ed2164797c27713aa9e0cdecf64a6f/element'
20:15:20.784 [AsyncHttpClient-1-11] DEBUG org.asynchttpclient.netty.handler.HttpHandler - 

Request DefaultHttpRequest(decodeResult: success, version: HTTP/1.1)
POST /session/c1ed2164797c27713aa9e0cdecf64a6f/element HTTP/1.1
User-Agent: selenium/4.12.0 (java windows)
Content-Length: 250
Content-Type: application/json; charset=utf-8
host: localhost:26543
accept: */*

Response DefaultHttpResponse(decodeResult: success, version: HTTP/1.1)
HTTP/1.1 200 OK
Content-Length: 127
Content-Type: application/json; charset=utf-8
cache-control: no-cache

20:15:20.784 [AsyncHttpClient-1-11] DEBUG org.asynchttpclient.netty.channel.ChannelManager - Adding key: http://localhost:26543 for channel [id: 0x599f8fc6, L:/127.0.0.1:63353 - R:localhost/127.0.0.1:26543]
20:15:20.787 [Forwarding actions on session c1ed2164797c27713aa9e0cdecf64a6f to remote] DEBUG org.asynchttpclient.netty.request.NettyRequestSender - Using pooled Channel '[id: 0x599f8fc6, L:/127.0.0.1:63353 - R:localhost/127.0.0.1:26543]' for 'POST' to 'http://localhost:26543/session/c1ed2164797c27713aa9e0cdecf64a6f/actions'
20:15:20.787 [Forwarding actions on session c1ed2164797c27713aa9e0cdecf64a6f to remote] DEBUG org.asynchttpclient.netty.request.NettyRequestSender - Using open Channel [id: 0x599f8fc6, L:/127.0.0.1:63353 - R:localhost/127.0.0.1:26543] for POST '/session/c1ed2164797c27713aa9e0cdecf64a6f/actions'
20:15:20.967 [AsyncHttpClient-1-11] DEBUG org.asynchttpclient.netty.handler.HttpHandler - 

Request DefaultHttpRequest(decodeResult: success, version: HTTP/1.1)
POST /session/c1ed2164797c27713aa9e0cdecf64a6f/actions HTTP/1.1
User-Agent: selenium/4.12.0 (java windows)
Content-Length: 606
Content-Type: application/json; charset=utf-8
host: localhost:26543
accept: */*

Response DefaultHttpResponse(decodeResult: success, version: HTTP/1.1)
HTTP/1.1 200 OK
Content-Length: 14
Content-Type: application/json; charset=utf-8
cache-control: no-cache

20:15:20.967 [AsyncHttpClient-1-11] DEBUG org.asynchttpclient.netty.channel.ChannelManager - Adding key: http://localhost:26543 for channel [id: 0x599f8fc6, L:/127.0.0.1:63353 - R:localhost/127.0.0.1:26543]
20:15:20.968 [Forwarding findElement on session c1ed2164797c27713aa9e0cdecf64a6f to remote] DEBUG org.asynchttpclient.netty.request.NettyRequestSender - Using pooled Channel '[id: 0x599f8fc6, L:/127.0.0.1:63353 - R:localhost/127.0.0.1:26543]' for 'POST' to 'http://localhost:26543/session/c1ed2164797c27713aa9e0cdecf64a6f/element'
20:15:20.969 [Forwarding findElement on session c1ed2164797c27713aa9e0cdecf64a6f to remote] DEBUG org.asynchttpclient.netty.request.NettyRequestSender - Using open Channel [id: 0x599f8fc6, L:/127.0.0.1:63353 - R:localhost/127.0.0.1:26543] for POST '/session/c1ed2164797c27713aa9e0cdecf64a6f/element'
20:15:20.988 [AsyncHttpClient-1-11] DEBUG org.asynchttpclient.netty.handler.HttpHandler - 

Request DefaultHttpRequest(decodeResult: success, version: HTTP/1.1)
POST /session/c1ed2164797c27713aa9e0cdecf64a6f/element HTTP/1.1
User-Agent: selenium/4.12.0 (java windows)
Content-Length: 250
Content-Type: application/json; charset=utf-8
host: localhost:26543
accept: */*

Response DefaultHttpResponse(decodeResult: success, version: HTTP/1.1)
HTTP/1.1 200 OK
Content-Length: 127
Content-Type: application/json; charset=utf-8
cache-control: no-cache

20:15:20.988 [AsyncHttpClient-1-11] DEBUG org.asynchttpclient.netty.channel.ChannelManager - Adding key: http://localhost:26543 for channel [id: 0x599f8fc6, L:/127.0.0.1:63353 - R:localhost/127.0.0.1:26543]
20:15:20.992 [Forwarding actions on session c1ed2164797c27713aa9e0cdecf64a6f to remote] DEBUG org.asynchttpclient.netty.request.NettyRequestSender - Using pooled Channel '[id: 0x599f8fc6, L:/127.0.0.1:63353 - R:localhost/127.0.0.1:26543]' for 'POST' to 'http://localhost:26543/session/c1ed2164797c27713aa9e0cdecf64a6f/actions'
20:15:20.992 [Forwarding actions on session c1ed2164797c27713aa9e0cdecf64a6f to remote] DEBUG org.asynchttpclient.netty.request.NettyRequestSender - Using open Channel [id: 0x599f8fc6, L:/127.0.0.1:63353 - R:localhost/127.0.0.1:26543] for POST '/session/c1ed2164797c27713aa9e0cdecf64a6f/actions'
20:15:21.169 [AsyncHttpClient-1-11] DEBUG org.asynchttpclient.netty.handler.HttpHandler - 

Request DefaultHttpRequest(decodeResult: success, version: HTTP/1.1)
POST /session/c1ed2164797c27713aa9e0cdecf64a6f/actions HTTP/1.1
User-Agent: selenium/4.12.0 (java windows)
Content-Length: 606
Content-Type: application/json; charset=utf-8
host: localhost:26543
accept: */*

Response DefaultHttpResponse(decodeResult: success, version: HTTP/1.1)
HTTP/1.1 200 OK
Content-Length: 14
Content-Type: application/json; charset=utf-8
cache-control: no-cache

20:15:21.169 [AsyncHttpClient-1-11] DEBUG org.asynchttpclient.netty.channel.ChannelManager - Adding key: http://localhost:26543 for channel [id: 0x599f8fc6, L:/127.0.0.1:63353 - R:localhost/127.0.0.1:26543]
20:15:21.730 [AsyncHttpClient-1-1] DEBUG org.asynchttpclient.netty.channel.DefaultChannelPool - Entry count for : http://localhost:63354 : 1
20:15:21.731 [AsyncHttpClient-1-1] DEBUG org.asynchttpclient.netty.channel.DefaultChannelPool - Entry count for : http://localhost:26543 : 1
20:15:22.832 [AsyncHttpClient-1-1] DEBUG org.asynchttpclient.netty.channel.DefaultChannelPool - Entry count for : http://localhost:63354 : 1
20:15:22.832 [AsyncHttpClient-1-1] DEBUG org.asynchttpclient.netty.channel.DefaultChannelPool - Entry count for : http://localhost:26543 : 1
screen shot class not taking
  And Provide the Business hour04:00 15:00                                 # StepDefination.Customer_onboarding.Provide_the_business_hores(java.lang.String,java.lang.String)
20:15:23.932 [AsyncHttpClient-1-1] DEBUG org.asynchttpclient.netty.channel.DefaultChannelPool - Entry count for : http://localhost:63354 : 1
20:15:23.932 [AsyncHttpClient-1-1] DEBUG org.asynchttpclient.netty.channel.DefaultChannelPool - Entry count for : http://localhost:26543 : 1
20:15:24.697 [Forwarding findElement on session c1ed2164797c27713aa9e0cdecf64a6f to remote] DEBUG org.asynchttpclient.netty.request.NettyRequestSender - Using pooled Channel '[id: 0x599f8fc6, L:/127.0.0.1:63353 - R:localhost/127.0.0.1:26543]' for 'POST' to 'http://localhost:26543/session/c1ed2164797c27713aa9e0cdecf64a6f/element'
20:15:24.697 [Forwarding findElement on session c1ed2164797c27713aa9e0cdecf64a6f to remote] DEBUG org.asynchttpclient.netty.request.NettyRequestSender - Using open Channel [id: 0x599f8fc6, L:/127.0.0.1:63353 - R:localhost/127.0.0.1:26543] for POST '/session/c1ed2164797c27713aa9e0cdecf64a6f/element'
20:15:24.714 [AsyncHttpClient-1-11] DEBUG org.asynchttpclient.netty.handler.HttpHandler - 

Request DefaultHttpRequest(decodeResult: success, version: HTTP/1.1)
POST /session/c1ed2164797c27713aa9e0cdecf64a6f/element HTTP/1.1
User-Agent: selenium/4.12.0 (java windows)
Content-Length: 72
Content-Type: application/json; charset=utf-8
host: localhost:26543
accept: */*

Response DefaultHttpResponse(decodeResult: success, version: HTTP/1.1)
HTTP/1.1 200 OK
Content-Length: 127
Content-Type: application/json; charset=utf-8
cache-control: no-cache

20:15:24.714 [AsyncHttpClient-1-11] DEBUG org.asynchttpclient.netty.channel.ChannelManager - Adding key: http://localhost:26543 for channel [id: 0x599f8fc6, L:/127.0.0.1:63353 - R:localhost/127.0.0.1:26543]
20:15:24.716 [Forwarding clickElement on session c1ed2164797c27713aa9e0cdecf64a6f to remote] DEBUG org.asynchttpclient.netty.request.NettyRequestSender - Using pooled Channel '[id: 0x599f8fc6, L:/127.0.0.1:63353 - R:localhost/127.0.0.1:26543]' for 'POST' to 'http://localhost:26543/session/c1ed2164797c27713aa9e0cdecf64a6f/element/f.115762F6998D0B813AEB280A0DAD9BCA.d.2F0DBB95ADDBEB53584179A60ABB5BE8.e.159/click'
20:15:24.716 [Forwarding clickElement on session c1ed2164797c27713aa9e0cdecf64a6f to remote] DEBUG org.asynchttpclient.netty.request.NettyRequestSender - Using open Channel [id: 0x599f8fc6, L:/127.0.0.1:63353 - R:localhost/127.0.0.1:26543] for POST '/session/c1ed2164797c27713aa9e0cdecf64a6f/element/f.115762F6998D0B813AEB280A0DAD9BCA.d.2F0DBB95ADDBEB53584179A60ABB5BE8.e.159/click'
20:15:24.804 [AsyncHttpClient-1-11] DEBUG org.asynchttpclient.netty.handler.HttpHandler - 

Request DefaultHttpRequest(decodeResult: success, version: HTTP/1.1)
POST /session/c1ed2164797c27713aa9e0cdecf64a6f/element/f.115762F6998D0B813AEB280A0DAD9BCA.d.2F0DBB95ADDBEB53584179A60ABB5BE8.e.159/click HTTP/1.1
User-Agent: selenium/4.12.0 (java windows)
Content-Length: 89
Content-Type: application/json; charset=utf-8
host: localhost:26543
accept: */*

Response DefaultHttpResponse(decodeResult: success, version: HTTP/1.1)
HTTP/1.1 200 OK
Content-Length: 14
Content-Type: application/json; charset=utf-8
cache-control: no-cache

20:15:24.804 [AsyncHttpClient-1-11] DEBUG org.asynchttpclient.netty.channel.ChannelManager - Adding key: http://localhost:26543 for channel [id: 0x599f8fc6, L:/127.0.0.1:63353 - R:localhost/127.0.0.1:26543]
20:15:25.030 [AsyncHttpClient-1-1] DEBUG org.asynchttpclient.netty.channel.DefaultChannelPool - Entry count for : http://localhost:63354 : 1
20:15:25.030 [AsyncHttpClient-1-1] DEBUG org.asynchttpclient.netty.channel.DefaultChannelPool - Entry count for : http://localhost:26543 : 1
screen shot class not taking
  When Submit the form                                                     # StepDefination.Customer_onboarding.Submit_the_form()
20:15:25.829 [Forwarding findElement on session c1ed2164797c27713aa9e0cdecf64a6f to remote] DEBUG org.asynchttpclient.netty.request.NettyRequestSender - Using pooled Channel '[id: 0x599f8fc6, L:/127.0.0.1:63353 - R:localhost/127.0.0.1:26543]' for 'POST' to 'http://localhost:26543/session/c1ed2164797c27713aa9e0cdecf64a6f/element'
20:15:25.829 [Forwarding findElement on session c1ed2164797c27713aa9e0cdecf64a6f to remote] DEBUG org.asynchttpclient.netty.request.NettyRequestSender - Using open Channel [id: 0x599f8fc6, L:/127.0.0.1:63353 - R:localhost/127.0.0.1:26543] for POST '/session/c1ed2164797c27713aa9e0cdecf64a6f/element'
20:15:25.848 [AsyncHttpClient-1-11] DEBUG org.asynchttpclient.netty.handler.HttpHandler - 

Request DefaultHttpRequest(decodeResult: success, version: HTTP/1.1)
POST /session/c1ed2164797c27713aa9e0cdecf64a6f/element HTTP/1.1
User-Agent: selenium/4.12.0 (java windows)
Content-Length: 151
Content-Type: application/json; charset=utf-8
host: localhost:26543
accept: */*

Response DefaultHttpResponse(decodeResult: success, version: HTTP/1.1)
HTTP/1.1 200 OK
Content-Length: 127
Content-Type: application/json; charset=utf-8
cache-control: no-cache

20:15:25.849 [AsyncHttpClient-1-11] DEBUG org.asynchttpclient.netty.channel.ChannelManager - Adding key: http://localhost:26543 for channel [id: 0x599f8fc6, L:/127.0.0.1:63353 - R:localhost/127.0.0.1:26543]
20:15:25.859 [Forwarding clickElement on session c1ed2164797c27713aa9e0cdecf64a6f to remote] DEBUG org.asynchttpclient.netty.request.NettyRequestSender - Using pooled Channel '[id: 0x599f8fc6, L:/127.0.0.1:63353 - R:localhost/127.0.0.1:26543]' for 'POST' to 'http://localhost:26543/session/c1ed2164797c27713aa9e0cdecf64a6f/element/f.115762F6998D0B813AEB280A0DAD9BCA.d.2F0DBB95ADDBEB53584179A60ABB5BE8.e.161/click'
20:15:25.859 [Forwarding clickElement on session c1ed2164797c27713aa9e0cdecf64a6f to remote] DEBUG org.asynchttpclient.netty.request.NettyRequestSender - Using open Channel [id: 0x599f8fc6, L:/127.0.0.1:63353 - R:localhost/127.0.0.1:26543] for POST '/session/c1ed2164797c27713aa9e0cdecf64a6f/element/f.115762F6998D0B813AEB280A0DAD9BCA.d.2F0DBB95ADDBEB53584179A60ABB5BE8.e.161/click'
20:15:25.906 [AsyncHttpClient-1-11] DEBUG org.asynchttpclient.netty.handler.HttpHandler - 

Request DefaultHttpRequest(decodeResult: success, version: HTTP/1.1)
POST /session/c1ed2164797c27713aa9e0cdecf64a6f/element/f.115762F6998D0B813AEB280A0DAD9BCA.d.2F0DBB95ADDBEB53584179A60ABB5BE8.e.161/click HTTP/1.1
User-Agent: selenium/4.12.0 (java windows)
Content-Length: 89
Content-Type: application/json; charset=utf-8
host: localhost:26543
accept: */*

Response DefaultHttpResponse(decodeResult: success, version: HTTP/1.1)
HTTP/1.1 200 OK
Content-Length: 14
Content-Type: application/json; charset=utf-8
cache-control: no-cache

20:15:25.906 [AsyncHttpClient-1-11] DEBUG org.asynchttpclient.netty.channel.ChannelManager - Adding key: http://localhost:26543 for channel [id: 0x599f8fc6, L:/127.0.0.1:63353 - R:localhost/127.0.0.1:26543]
20:15:26.131 [AsyncHttpClient-1-1] DEBUG org.asynchttpclient.netty.channel.DefaultChannelPool - Entry count for : http://localhost:63354 : 1
20:15:26.131 [AsyncHttpClient-1-1] DEBUG org.asynchttpclient.netty.channel.DefaultChannelPool - Entry count for : http://localhost:26543 : 1
screen shot class not taking
  And Tap back button                                                      # StepDefination.Customer_onboarding.Tap_back_button()
20:15:27.234 [AsyncHttpClient-1-1] DEBUG org.asynchttpclient.netty.channel.DefaultChannelPool - Entry count for : http://localhost:63354 : 1
20:15:27.234 [AsyncHttpClient-1-1] DEBUG org.asynchttpclient.netty.channel.DefaultChannelPool - Entry count for : http://localhost:26543 : 1
20:15:27.432 [Forwarding findElements on session c1ed2164797c27713aa9e0cdecf64a6f to remote] DEBUG org.asynchttpclient.netty.request.NettyRequestSender - Using pooled Channel '[id: 0x599f8fc6, L:/127.0.0.1:63353 - R:localhost/127.0.0.1:26543]' for 'POST' to 'http://localhost:26543/session/c1ed2164797c27713aa9e0cdecf64a6f/elements'
20:15:27.432 [Forwarding findElements on session c1ed2164797c27713aa9e0cdecf64a6f to remote] DEBUG org.asynchttpclient.netty.request.NettyRequestSender - Using open Channel [id: 0x599f8fc6, L:/127.0.0.1:63353 - R:localhost/127.0.0.1:26543] for POST '/session/c1ed2164797c27713aa9e0cdecf64a6f/elements'
20:15:27.448 [AsyncHttpClient-1-11] DEBUG org.asynchttpclient.netty.handler.HttpHandler - 

Request DefaultHttpRequest(decodeResult: success, version: HTTP/1.1)
POST /session/c1ed2164797c27713aa9e0cdecf64a6f/elements HTTP/1.1
User-Agent: selenium/4.12.0 (java windows)
Content-Length: 142
Content-Type: application/json; charset=utf-8
host: localhost:26543
accept: */*

Response DefaultHttpResponse(decodeResult: success, version: HTTP/1.1)
HTTP/1.1 200 OK
Content-Length: 3551
Content-Type: application/json; charset=utf-8
cache-control: no-cache

20:15:27.448 [AsyncHttpClient-1-11] DEBUG org.asynchttpclient.netty.channel.ChannelManager - Adding key: http://localhost:26543 for channel [id: 0x599f8fc6, L:/127.0.0.1:63353 - R:localhost/127.0.0.1:26543]
20:15:27.448 [Forwarding findElement on session c1ed2164797c27713aa9e0cdecf64a6f to remote] DEBUG org.asynchttpclient.netty.request.NettyRequestSender - Using pooled Channel '[id: 0x599f8fc6, L:/127.0.0.1:63353 - R:localhost/127.0.0.1:26543]' for 'POST' to 'http://localhost:26543/session/c1ed2164797c27713aa9e0cdecf64a6f/element'
20:15:27.448 [Forwarding findElement on session c1ed2164797c27713aa9e0cdecf64a6f to remote] DEBUG org.asynchttpclient.netty.request.NettyRequestSender - Using open Channel [id: 0x599f8fc6, L:/127.0.0.1:63353 - R:localhost/127.0.0.1:26543] for POST '/session/c1ed2164797c27713aa9e0cdecf64a6f/element'
20:15:27.466 [AsyncHttpClient-1-11] DEBUG org.asynchttpclient.netty.handler.HttpHandler - 

Request DefaultHttpRequest(decodeResult: success, version: HTTP/1.1)
POST /session/c1ed2164797c27713aa9e0cdecf64a6f/element HTTP/1.1
User-Agent: selenium/4.12.0 (java windows)
Content-Length: 198
Content-Type: application/json; charset=utf-8
host: localhost:26543
accept: */*

Response DefaultHttpResponse(decodeResult: success, version: HTTP/1.1)
HTTP/1.1 200 OK
Content-Length: 127
Content-Type: application/json; charset=utf-8
cache-control: no-cache

20:15:27.466 [AsyncHttpClient-1-11] DEBUG org.asynchttpclient.netty.channel.ChannelManager - Adding key: http://localhost:26543 for channel [id: 0x599f8fc6, L:/127.0.0.1:63353 - R:localhost/127.0.0.1:26543]
20:15:27.466 [Forwarding getElementText on session c1ed2164797c27713aa9e0cdecf64a6f to remote] DEBUG org.asynchttpclient.netty.request.NettyRequestSender - Using pooled Channel '[id: 0x599f8fc6, L:/127.0.0.1:63353 - R:localhost/127.0.0.1:26543]' for 'GET' to 'http://localhost:26543/session/c1ed2164797c27713aa9e0cdecf64a6f/element/f.115762F6998D0B813AEB280A0DAD9BCA.d.2F0DBB95ADDBEB53584179A60ABB5BE8.e.198/text'
20:15:27.466 [Forwarding getElementText on session c1ed2164797c27713aa9e0cdecf64a6f to remote] DEBUG org.asynchttpclient.netty.request.NettyRequestSender - Using open Channel [id: 0x599f8fc6, L:/127.0.0.1:63353 - R:localhost/127.0.0.1:26543] for GET '/session/c1ed2164797c27713aa9e0cdecf64a6f/element/f.115762F6998D0B813AEB280A0DAD9BCA.d.2F0DBB95ADDBEB53584179A60ABB5BE8.e.198/text'
20:15:27.486 [AsyncHttpClient-1-11] DEBUG org.asynchttpclient.netty.handler.HttpHandler - 

Request DefaultFullHttpRequest(decodeResult: success, version: HTTP/1.1, content: EmptyByteBufBE)
GET /session/c1ed2164797c27713aa9e0cdecf64a6f/element/f.115762F6998D0B813AEB280A0DAD9BCA.d.2F0DBB95ADDBEB53584179A60ABB5BE8.e.198/text HTTP/1.1
Cache-Control: no-cache
User-Agent: selenium/4.12.0 (java windows)
Content-Type: application/json; charset=utf-8
host: localhost:26543
accept: */*

Response DefaultHttpResponse(decodeResult: success, version: HTTP/1.1)
HTTP/1.1 200 OK
Content-Length: 23
Content-Type: application/json; charset=utf-8
cache-control: no-cache

20:15:27.487 [AsyncHttpClient-1-11] DEBUG org.asynchttpclient.netty.channel.ChannelManager - Adding key: http://localhost:26543 for channel [id: 0x599f8fc6, L:/127.0.0.1:63353 - R:localhost/127.0.0.1:26543]
actual name: Tk_Steel
20:15:27.488 [Forwarding findElement on session c1ed2164797c27713aa9e0cdecf64a6f to remote] DEBUG org.asynchttpclient.netty.request.NettyRequestSender - Using pooled Channel '[id: 0x599f8fc6, L:/127.0.0.1:63353 - R:localhost/127.0.0.1:26543]' for 'POST' to 'http://localhost:26543/session/c1ed2164797c27713aa9e0cdecf64a6f/element'
20:15:27.488 [Forwarding findElement on session c1ed2164797c27713aa9e0cdecf64a6f to remote] DEBUG org.asynchttpclient.netty.request.NettyRequestSender - Using open Channel [id: 0x599f8fc6, L:/127.0.0.1:63353 - R:localhost/127.0.0.1:26543] for POST '/session/c1ed2164797c27713aa9e0cdecf64a6f/element'
20:15:27.489 [AsyncHttpClient-1-11] DEBUG org.asynchttpclient.netty.handler.HttpHandler - 

Request DefaultHttpRequest(decodeResult: success, version: HTTP/1.1)
POST /session/c1ed2164797c27713aa9e0cdecf64a6f/element HTTP/1.1
User-Agent: selenium/4.12.0 (java windows)
Content-Length: 198
Content-Type: application/json; charset=utf-8
host: localhost:26543
accept: */*

Response DefaultHttpResponse(decodeResult: success, version: HTTP/1.1)
HTTP/1.1 200 OK
Content-Length: 127
Content-Type: application/json; charset=utf-8
cache-control: no-cache

20:15:27.489 [AsyncHttpClient-1-11] DEBUG org.asynchttpclient.netty.channel.ChannelManager - Adding key: http://localhost:26543 for channel [id: 0x599f8fc6, L:/127.0.0.1:63353 - R:localhost/127.0.0.1:26543]
20:15:27.495 [Forwarding getElementText on session c1ed2164797c27713aa9e0cdecf64a6f to remote] DEBUG org.asynchttpclient.netty.request.NettyRequestSender - Using pooled Channel '[id: 0x599f8fc6, L:/127.0.0.1:63353 - R:localhost/127.0.0.1:26543]' for 'GET' to 'http://localhost:26543/session/c1ed2164797c27713aa9e0cdecf64a6f/element/f.115762F6998D0B813AEB280A0DAD9BCA.d.2F0DBB95ADDBEB53584179A60ABB5BE8.e.199/text'
20:15:27.495 [Forwarding getElementText on session c1ed2164797c27713aa9e0cdecf64a6f to remote] DEBUG org.asynchttpclient.netty.request.NettyRequestSender - Using open Channel [id: 0x599f8fc6, L:/127.0.0.1:63353 - R:localhost/127.0.0.1:26543] for GET '/session/c1ed2164797c27713aa9e0cdecf64a6f/element/f.115762F6998D0B813AEB280A0DAD9BCA.d.2F0DBB95ADDBEB53584179A60ABB5BE8.e.199/text'
20:15:27.502 [AsyncHttpClient-1-11] DEBUG org.asynchttpclient.netty.handler.HttpHandler - 

Request DefaultFullHttpRequest(decodeResult: success, version: HTTP/1.1, content: EmptyByteBufBE)
GET /session/c1ed2164797c27713aa9e0cdecf64a6f/element/f.115762F6998D0B813AEB280A0DAD9BCA.d.2F0DBB95ADDBEB53584179A60ABB5BE8.e.199/text HTTP/1.1
Cache-Control: no-cache
User-Agent: selenium/4.12.0 (java windows)
Content-Type: application/json; charset=utf-8
host: localhost:26543
accept: */*

Response DefaultHttpResponse(decodeResult: success, version: HTTP/1.1)
HTTP/1.1 200 OK
Content-Length: 23
Content-Type: application/json; charset=utf-8
cache-control: no-cache

20:15:27.502 [AsyncHttpClient-1-11] DEBUG org.asynchttpclient.netty.channel.ChannelManager - Adding key: http://localhost:26543 for channel [id: 0x599f8fc6, L:/127.0.0.1:63353 - R:localhost/127.0.0.1:26543]
actual name: Wk_Const
20:15:27.503 [Forwarding findElement on session c1ed2164797c27713aa9e0cdecf64a6f to remote] DEBUG org.asynchttpclient.netty.request.NettyRequestSender - Using pooled Channel '[id: 0x599f8fc6, L:/127.0.0.1:63353 - R:localhost/127.0.0.1:26543]' for 'POST' to 'http://localhost:26543/session/c1ed2164797c27713aa9e0cdecf64a6f/element'
20:15:27.503 [Forwarding findElement on session c1ed2164797c27713aa9e0cdecf64a6f to remote] DEBUG org.asynchttpclient.netty.request.NettyRequestSender - Using open Channel [id: 0x599f8fc6, L:/127.0.0.1:63353 - R:localhost/127.0.0.1:26543] for POST '/session/c1ed2164797c27713aa9e0cdecf64a6f/element'
20:15:27.510 [AsyncHttpClient-1-11] DEBUG org.asynchttpclient.netty.handler.HttpHandler - 

Request DefaultHttpRequest(decodeResult: success, version: HTTP/1.1)
POST /session/c1ed2164797c27713aa9e0cdecf64a6f/element HTTP/1.1
User-Agent: selenium/4.12.0 (java windows)
Content-Length: 198
Content-Type: application/json; charset=utf-8
host: localhost:26543
accept: */*

Response DefaultHttpResponse(decodeResult: success, version: HTTP/1.1)
HTTP/1.1 200 OK
Content-Length: 127
Content-Type: application/json; charset=utf-8
cache-control: no-cache

20:15:27.510 [AsyncHttpClient-1-11] DEBUG org.asynchttpclient.netty.channel.ChannelManager - Adding key: http://localhost:26543 for channel [id: 0x599f8fc6, L:/127.0.0.1:63353 - R:localhost/127.0.0.1:26543]
20:15:27.510 [Forwarding getElementText on session c1ed2164797c27713aa9e0cdecf64a6f to remote] DEBUG org.asynchttpclient.netty.request.NettyRequestSender - Using pooled Channel '[id: 0x599f8fc6, L:/127.0.0.1:63353 - R:localhost/127.0.0.1:26543]' for 'GET' to 'http://localhost:26543/session/c1ed2164797c27713aa9e0cdecf64a6f/element/f.115762F6998D0B813AEB280A0DAD9BCA.d.2F0DBB95ADDBEB53584179A60ABB5BE8.e.200/text'
20:15:27.510 [Forwarding getElementText on session c1ed2164797c27713aa9e0cdecf64a6f to remote] DEBUG org.asynchttpclient.netty.request.NettyRequestSender - Using open Channel [id: 0x599f8fc6, L:/127.0.0.1:63353 - R:localhost/127.0.0.1:26543] for GET '/session/c1ed2164797c27713aa9e0cdecf64a6f/element/f.115762F6998D0B813AEB280A0DAD9BCA.d.2F0DBB95ADDBEB53584179A60ABB5BE8.e.200/text'
20:15:27.517 [AsyncHttpClient-1-11] DEBUG org.asynchttpclient.netty.handler.HttpHandler - 

Request DefaultFullHttpRequest(decodeResult: success, version: HTTP/1.1, content: EmptyByteBufBE)
GET /session/c1ed2164797c27713aa9e0cdecf64a6f/element/f.115762F6998D0B813AEB280A0DAD9BCA.d.2F0DBB95ADDBEB53584179A60ABB5BE8.e.200/text HTTP/1.1
Cache-Control: no-cache
User-Agent: selenium/4.12.0 (java windows)
Content-Type: application/json; charset=utf-8
host: localhost:26543
accept: */*

Response DefaultHttpResponse(decodeResult: success, version: HTTP/1.1)
HTTP/1.1 200 OK
Content-Length: 23
Content-Type: application/json; charset=utf-8
cache-control: no-cache

20:15:27.517 [AsyncHttpClient-1-11] DEBUG org.asynchttpclient.netty.channel.ChannelManager - Adding key: http://localhost:26543 for channel [id: 0x599f8fc6, L:/127.0.0.1:63353 - R:localhost/127.0.0.1:26543]
actual name: Tk_Steel
20:15:27.518 [Forwarding findElement on session c1ed2164797c27713aa9e0cdecf64a6f to remote] DEBUG org.asynchttpclient.netty.request.NettyRequestSender - Using pooled Channel '[id: 0x599f8fc6, L:/127.0.0.1:63353 - R:localhost/127.0.0.1:26543]' for 'POST' to 'http://localhost:26543/session/c1ed2164797c27713aa9e0cdecf64a6f/element'
20:15:27.518 [Forwarding findElement on session c1ed2164797c27713aa9e0cdecf64a6f to remote] DEBUG org.asynchttpclient.netty.request.NettyRequestSender - Using open Channel [id: 0x599f8fc6, L:/127.0.0.1:63353 - R:localhost/127.0.0.1:26543] for POST '/session/c1ed2164797c27713aa9e0cdecf64a6f/element'
20:15:27.534 [AsyncHttpClient-1-11] DEBUG org.asynchttpclient.netty.handler.HttpHandler - 

Request DefaultHttpRequest(decodeResult: success, version: HTTP/1.1)
POST /session/c1ed2164797c27713aa9e0cdecf64a6f/element HTTP/1.1
User-Agent: selenium/4.12.0 (java windows)
Content-Length: 198
Content-Type: application/json; charset=utf-8
host: localhost:26543
accept: */*

Response DefaultHttpResponse(decodeResult: success, version: HTTP/1.1)
HTTP/1.1 200 OK
Content-Length: 127
Content-Type: application/json; charset=utf-8
cache-control: no-cache

20:15:27.534 [AsyncHttpClient-1-11] DEBUG org.asynchttpclient.netty.channel.ChannelManager - Adding key: http://localhost:26543 for channel [id: 0x599f8fc6, L:/127.0.0.1:63353 - R:localhost/127.0.0.1:26543]
20:15:27.538 [Forwarding getElementText on session c1ed2164797c27713aa9e0cdecf64a6f to remote] DEBUG org.asynchttpclient.netty.request.NettyRequestSender - Using pooled Channel '[id: 0x599f8fc6, L:/127.0.0.1:63353 - R:localhost/127.0.0.1:26543]' for 'GET' to 'http://localhost:26543/session/c1ed2164797c27713aa9e0cdecf64a6f/element/f.115762F6998D0B813AEB280A0DAD9BCA.d.2F0DBB95ADDBEB53584179A60ABB5BE8.e.201/text'
20:15:27.538 [Forwarding getElementText on session c1ed2164797c27713aa9e0cdecf64a6f to remote] DEBUG org.asynchttpclient.netty.request.NettyRequestSender - Using open Channel [id: 0x599f8fc6, L:/127.0.0.1:63353 - R:localhost/127.0.0.1:26543] for GET '/session/c1ed2164797c27713aa9e0cdecf64a6f/element/f.115762F6998D0B813AEB280A0DAD9BCA.d.2F0DBB95ADDBEB53584179A60ABB5BE8.e.201/text'
20:15:27.556 [AsyncHttpClient-1-11] DEBUG org.asynchttpclient.netty.handler.HttpHandler - 

Request DefaultFullHttpRequest(decodeResult: success, version: HTTP/1.1, content: EmptyByteBufBE)
GET /session/c1ed2164797c27713aa9e0cdecf64a6f/element/f.115762F6998D0B813AEB280A0DAD9BCA.d.2F0DBB95ADDBEB53584179A60ABB5BE8.e.201/text HTTP/1.1
Cache-Control: no-cache
User-Agent: selenium/4.12.0 (java windows)
Content-Type: application/json; charset=utf-8
host: localhost:26543
accept: */*

Response DefaultHttpResponse(decodeResult: success, version: HTTP/1.1)
HTTP/1.1 200 OK
Content-Length: 23
Content-Type: application/json; charset=utf-8
cache-control: no-cache

20:15:27.556 [AsyncHttpClient-1-11] DEBUG org.asynchttpclient.netty.channel.ChannelManager - Adding key: http://localhost:26543 for channel [id: 0x599f8fc6, L:/127.0.0.1:63353 - R:localhost/127.0.0.1:26543]
actual name: Wk_Const
20:15:27.558 [Forwarding findElement on session c1ed2164797c27713aa9e0cdecf64a6f to remote] DEBUG org.asynchttpclient.netty.request.NettyRequestSender - Using pooled Channel '[id: 0x599f8fc6, L:/127.0.0.1:63353 - R:localhost/127.0.0.1:26543]' for 'POST' to 'http://localhost:26543/session/c1ed2164797c27713aa9e0cdecf64a6f/element'
20:15:27.558 [Forwarding findElement on session c1ed2164797c27713aa9e0cdecf64a6f to remote] DEBUG org.asynchttpclient.netty.request.NettyRequestSender - Using open Channel [id: 0x599f8fc6, L:/127.0.0.1:63353 - R:localhost/127.0.0.1:26543] for POST '/session/c1ed2164797c27713aa9e0cdecf64a6f/element'
20:15:27.577 [AsyncHttpClient-1-11] DEBUG org.asynchttpclient.netty.handler.HttpHandler - 

Request DefaultHttpRequest(decodeResult: success, version: HTTP/1.1)
POST /session/c1ed2164797c27713aa9e0cdecf64a6f/element HTTP/1.1
User-Agent: selenium/4.12.0 (java windows)
Content-Length: 198
Content-Type: application/json; charset=utf-8
host: localhost:26543
accept: */*

Response DefaultHttpResponse(decodeResult: success, version: HTTP/1.1)
HTTP/1.1 200 OK
Content-Length: 127
Content-Type: application/json; charset=utf-8
cache-control: no-cache

20:15:27.577 [AsyncHttpClient-1-11] DEBUG org.asynchttpclient.netty.channel.ChannelManager - Adding key: http://localhost:26543 for channel [id: 0x599f8fc6, L:/127.0.0.1:63353 - R:localhost/127.0.0.1:26543]
20:15:27.578 [Forwarding getElementText on session c1ed2164797c27713aa9e0cdecf64a6f to remote] DEBUG org.asynchttpclient.netty.request.NettyRequestSender - Using pooled Channel '[id: 0x599f8fc6, L:/127.0.0.1:63353 - R:localhost/127.0.0.1:26543]' for 'GET' to 'http://localhost:26543/session/c1ed2164797c27713aa9e0cdecf64a6f/element/f.115762F6998D0B813AEB280A0DAD9BCA.d.2F0DBB95ADDBEB53584179A60ABB5BE8.e.202/text'
20:15:27.578 [Forwarding getElementText on session c1ed2164797c27713aa9e0cdecf64a6f to remote] DEBUG org.asynchttpclient.netty.request.NettyRequestSender - Using open Channel [id: 0x599f8fc6, L:/127.0.0.1:63353 - R:localhost/127.0.0.1:26543] for GET '/session/c1ed2164797c27713aa9e0cdecf64a6f/element/f.115762F6998D0B813AEB280A0DAD9BCA.d.2F0DBB95ADDBEB53584179A60ABB5BE8.e.202/text'
20:15:27.594 [AsyncHttpClient-1-11] DEBUG org.asynchttpclient.netty.handler.HttpHandler - 

Request DefaultFullHttpRequest(decodeResult: success, version: HTTP/1.1, content: EmptyByteBufBE)
GET /session/c1ed2164797c27713aa9e0cdecf64a6f/element/f.115762F6998D0B813AEB280A0DAD9BCA.d.2F0DBB95ADDBEB53584179A60ABB5BE8.e.202/text HTTP/1.1
Cache-Control: no-cache
User-Agent: selenium/4.12.0 (java windows)
Content-Type: application/json; charset=utf-8
host: localhost:26543
accept: */*

Response DefaultHttpResponse(decodeResult: success, version: HTTP/1.1)
HTTP/1.1 200 OK
Content-Length: 23
Content-Type: application/json; charset=utf-8
cache-control: no-cache

20:15:27.594 [AsyncHttpClient-1-11] DEBUG org.asynchttpclient.netty.channel.ChannelManager - Adding key: http://localhost:26543 for channel [id: 0x599f8fc6, L:/127.0.0.1:63353 - R:localhost/127.0.0.1:26543]
actual name: Ps_Const
20:15:27.595 [Forwarding findElement on session c1ed2164797c27713aa9e0cdecf64a6f to remote] DEBUG org.asynchttpclient.netty.request.NettyRequestSender - Using pooled Channel '[id: 0x599f8fc6, L:/127.0.0.1:63353 - R:localhost/127.0.0.1:26543]' for 'POST' to 'http://localhost:26543/session/c1ed2164797c27713aa9e0cdecf64a6f/element'
20:15:27.595 [Forwarding findElement on session c1ed2164797c27713aa9e0cdecf64a6f to remote] DEBUG org.asynchttpclient.netty.request.NettyRequestSender - Using open Channel [id: 0x599f8fc6, L:/127.0.0.1:63353 - R:localhost/127.0.0.1:26543] for POST '/session/c1ed2164797c27713aa9e0cdecf64a6f/element'
20:15:27.615 [AsyncHttpClient-1-11] DEBUG org.asynchttpclient.netty.handler.HttpHandler - 

Request DefaultHttpRequest(decodeResult: success, version: HTTP/1.1)
POST /session/c1ed2164797c27713aa9e0cdecf64a6f/element HTTP/1.1
User-Agent: selenium/4.12.0 (java windows)
Content-Length: 198
Content-Type: application/json; charset=utf-8
host: localhost:26543
accept: */*

Response DefaultHttpResponse(decodeResult: success, version: HTTP/1.1)
HTTP/1.1 200 OK
Content-Length: 127
Content-Type: application/json; charset=utf-8
cache-control: no-cache

20:15:27.615 [AsyncHttpClient-1-11] DEBUG org.asynchttpclient.netty.channel.ChannelManager - Adding key: http://localhost:26543 for channel [id: 0x599f8fc6, L:/127.0.0.1:63353 - R:localhost/127.0.0.1:26543]
20:15:27.616 [Forwarding getElementText on session c1ed2164797c27713aa9e0cdecf64a6f to remote] DEBUG org.asynchttpclient.netty.request.NettyRequestSender - Using pooled Channel '[id: 0x599f8fc6, L:/127.0.0.1:63353 - R:localhost/127.0.0.1:26543]' for 'GET' to 'http://localhost:26543/session/c1ed2164797c27713aa9e0cdecf64a6f/element/f.115762F6998D0B813AEB280A0DAD9BCA.d.2F0DBB95ADDBEB53584179A60ABB5BE8.e.203/text'
20:15:27.616 [Forwarding getElementText on session c1ed2164797c27713aa9e0cdecf64a6f to remote] DEBUG org.asynchttpclient.netty.request.NettyRequestSender - Using open Channel [id: 0x599f8fc6, L:/127.0.0.1:63353 - R:localhost/127.0.0.1:26543] for GET '/session/c1ed2164797c27713aa9e0cdecf64a6f/element/f.115762F6998D0B813AEB280A0DAD9BCA.d.2F0DBB95ADDBEB53584179A60ABB5BE8.e.203/text'
20:15:27.634 [AsyncHttpClient-1-11] DEBUG org.asynchttpclient.netty.handler.HttpHandler - 

Request DefaultFullHttpRequest(decodeResult: success, version: HTTP/1.1, content: EmptyByteBufBE)
GET /session/c1ed2164797c27713aa9e0cdecf64a6f/element/f.115762F6998D0B813AEB280A0DAD9BCA.d.2F0DBB95ADDBEB53584179A60ABB5BE8.e.203/text HTTP/1.1
Cache-Control: no-cache
User-Agent: selenium/4.12.0 (java windows)
Content-Type: application/json; charset=utf-8
host: localhost:26543
accept: */*

Response DefaultHttpResponse(decodeResult: success, version: HTTP/1.1)
HTTP/1.1 200 OK
Content-Length: 23
Content-Type: application/json; charset=utf-8
cache-control: no-cache

20:15:27.635 [AsyncHttpClient-1-11] DEBUG org.asynchttpclient.netty.channel.ChannelManager - Adding key: http://localhost:26543 for channel [id: 0x599f8fc6, L:/127.0.0.1:63353 - R:localhost/127.0.0.1:26543]
actual name: Op_Steel
20:15:27.636 [Forwarding findElement on session c1ed2164797c27713aa9e0cdecf64a6f to remote] DEBUG org.asynchttpclient.netty.request.NettyRequestSender - Using pooled Channel '[id: 0x599f8fc6, L:/127.0.0.1:63353 - R:localhost/127.0.0.1:26543]' for 'POST' to 'http://localhost:26543/session/c1ed2164797c27713aa9e0cdecf64a6f/element'
20:15:27.636 [Forwarding findElement on session c1ed2164797c27713aa9e0cdecf64a6f to remote] DEBUG org.asynchttpclient.netty.request.NettyRequestSender - Using open Channel [id: 0x599f8fc6, L:/127.0.0.1:63353 - R:localhost/127.0.0.1:26543] for POST '/session/c1ed2164797c27713aa9e0cdecf64a6f/element'
20:15:27.654 [AsyncHttpClient-1-11] DEBUG org.asynchttpclient.netty.handler.HttpHandler - 

Request DefaultHttpRequest(decodeResult: success, version: HTTP/1.1)
POST /session/c1ed2164797c27713aa9e0cdecf64a6f/element HTTP/1.1
User-Agent: selenium/4.12.0 (java windows)
Content-Length: 198
Content-Type: application/json; charset=utf-8
host: localhost:26543
accept: */*

Response DefaultHttpResponse(decodeResult: success, version: HTTP/1.1)
HTTP/1.1 200 OK
Content-Length: 127
Content-Type: application/json; charset=utf-8
cache-control: no-cache

20:15:27.655 [AsyncHttpClient-1-11] DEBUG org.asynchttpclient.netty.channel.ChannelManager - Adding key: http://localhost:26543 for channel [id: 0x599f8fc6, L:/127.0.0.1:63353 - R:localhost/127.0.0.1:26543]
20:15:27.656 [Forwarding getElementText on session c1ed2164797c27713aa9e0cdecf64a6f to remote] DEBUG org.asynchttpclient.netty.request.NettyRequestSender - Using pooled Channel '[id: 0x599f8fc6, L:/127.0.0.1:63353 - R:localhost/127.0.0.1:26543]' for 'GET' to 'http://localhost:26543/session/c1ed2164797c27713aa9e0cdecf64a6f/element/f.115762F6998D0B813AEB280A0DAD9BCA.d.2F0DBB95ADDBEB53584179A60ABB5BE8.e.204/text'
20:15:27.656 [Forwarding getElementText on session c1ed2164797c27713aa9e0cdecf64a6f to remote] DEBUG org.asynchttpclient.netty.request.NettyRequestSender - Using open Channel [id: 0x599f8fc6, L:/127.0.0.1:63353 - R:localhost/127.0.0.1:26543] for GET '/session/c1ed2164797c27713aa9e0cdecf64a6f/element/f.115762F6998D0B813AEB280A0DAD9BCA.d.2F0DBB95ADDBEB53584179A60ABB5BE8.e.204/text'
20:15:27.671 [AsyncHttpClient-1-11] DEBUG org.asynchttpclient.netty.handler.HttpHandler - 

Request DefaultFullHttpRequest(decodeResult: success, version: HTTP/1.1, content: EmptyByteBufBE)
GET /session/c1ed2164797c27713aa9e0cdecf64a6f/element/f.115762F6998D0B813AEB280A0DAD9BCA.d.2F0DBB95ADDBEB53584179A60ABB5BE8.e.204/text HTTP/1.1
Cache-Control: no-cache
User-Agent: selenium/4.12.0 (java windows)
Content-Type: application/json; charset=utf-8
host: localhost:26543
accept: */*

Response DefaultHttpResponse(decodeResult: success, version: HTTP/1.1)
HTTP/1.1 200 OK
Content-Length: 23
Content-Type: application/json; charset=utf-8
cache-control: no-cache

20:15:27.671 [AsyncHttpClient-1-11] DEBUG org.asynchttpclient.netty.channel.ChannelManager - Adding key: http://localhost:26543 for channel [id: 0x599f8fc6, L:/127.0.0.1:63353 - R:localhost/127.0.0.1:26543]
actual name: Tk_Steel
20:15:27.672 [Forwarding findElement on session c1ed2164797c27713aa9e0cdecf64a6f to remote] DEBUG org.asynchttpclient.netty.request.NettyRequestSender - Using pooled Channel '[id: 0x599f8fc6, L:/127.0.0.1:63353 - R:localhost/127.0.0.1:26543]' for 'POST' to 'http://localhost:26543/session/c1ed2164797c27713aa9e0cdecf64a6f/element'
20:15:27.672 [Forwarding findElement on session c1ed2164797c27713aa9e0cdecf64a6f to remote] DEBUG org.asynchttpclient.netty.request.NettyRequestSender - Using open Channel [id: 0x599f8fc6, L:/127.0.0.1:63353 - R:localhost/127.0.0.1:26543] for POST '/session/c1ed2164797c27713aa9e0cdecf64a6f/element'
20:15:27.687 [AsyncHttpClient-1-11] DEBUG org.asynchttpclient.netty.handler.HttpHandler - 

Request DefaultHttpRequest(decodeResult: success, version: HTTP/1.1)
POST /session/c1ed2164797c27713aa9e0cdecf64a6f/element HTTP/1.1
User-Agent: selenium/4.12.0 (java windows)
Content-Length: 198
Content-Type: application/json; charset=utf-8
host: localhost:26543
accept: */*

Response DefaultHttpResponse(decodeResult: success, version: HTTP/1.1)
HTTP/1.1 200 OK
Content-Length: 127
Content-Type: application/json; charset=utf-8
cache-control: no-cache

20:15:27.687 [AsyncHttpClient-1-11] DEBUG org.asynchttpclient.netty.channel.ChannelManager - Adding key: http://localhost:26543 for channel [id: 0x599f8fc6, L:/127.0.0.1:63353 - R:localhost/127.0.0.1:26543]
20:15:27.688 [Forwarding getElementText on session c1ed2164797c27713aa9e0cdecf64a6f to remote] DEBUG org.asynchttpclient.netty.request.NettyRequestSender - Using pooled Channel '[id: 0x599f8fc6, L:/127.0.0.1:63353 - R:localhost/127.0.0.1:26543]' for 'GET' to 'http://localhost:26543/session/c1ed2164797c27713aa9e0cdecf64a6f/element/f.115762F6998D0B813AEB280A0DAD9BCA.d.2F0DBB95ADDBEB53584179A60ABB5BE8.e.205/text'
20:15:27.688 [Forwarding getElementText on session c1ed2164797c27713aa9e0cdecf64a6f to remote] DEBUG org.asynchttpclient.netty.request.NettyRequestSender - Using open Channel [id: 0x599f8fc6, L:/127.0.0.1:63353 - R:localhost/127.0.0.1:26543] for GET '/session/c1ed2164797c27713aa9e0cdecf64a6f/element/f.115762F6998D0B813AEB280A0DAD9BCA.d.2F0DBB95ADDBEB53584179A60ABB5BE8.e.205/text'
20:15:27.700 [AsyncHttpClient-1-11] DEBUG org.asynchttpclient.netty.handler.HttpHandler - 

Request DefaultFullHttpRequest(decodeResult: success, version: HTTP/1.1, content: EmptyByteBufBE)
GET /session/c1ed2164797c27713aa9e0cdecf64a6f/element/f.115762F6998D0B813AEB280A0DAD9BCA.d.2F0DBB95ADDBEB53584179A60ABB5BE8.e.205/text HTTP/1.1
Cache-Control: no-cache
User-Agent: selenium/4.12.0 (java windows)
Content-Type: application/json; charset=utf-8
host: localhost:26543
accept: */*

Response DefaultHttpResponse(decodeResult: success, version: HTTP/1.1)
HTTP/1.1 200 OK
Content-Length: 23
Content-Type: application/json; charset=utf-8
cache-control: no-cache

20:15:27.700 [AsyncHttpClient-1-11] DEBUG org.asynchttpclient.netty.channel.ChannelManager - Adding key: http://localhost:26543 for channel [id: 0x599f8fc6, L:/127.0.0.1:63353 - R:localhost/127.0.0.1:26543]
actual name: Wk_Const
20:15:27.700 [Forwarding findElement on session c1ed2164797c27713aa9e0cdecf64a6f to remote] DEBUG org.asynchttpclient.netty.request.NettyRequestSender - Using pooled Channel '[id: 0x599f8fc6, L:/127.0.0.1:63353 - R:localhost/127.0.0.1:26543]' for 'POST' to 'http://localhost:26543/session/c1ed2164797c27713aa9e0cdecf64a6f/element'
20:15:27.700 [Forwarding findElement on session c1ed2164797c27713aa9e0cdecf64a6f to remote] DEBUG org.asynchttpclient.netty.request.NettyRequestSender - Using open Channel [id: 0x599f8fc6, L:/127.0.0.1:63353 - R:localhost/127.0.0.1:26543] for POST '/session/c1ed2164797c27713aa9e0cdecf64a6f/element'
20:15:27.710 [AsyncHttpClient-1-11] DEBUG org.asynchttpclient.netty.handler.HttpHandler - 

Request DefaultHttpRequest(decodeResult: success, version: HTTP/1.1)
POST /session/c1ed2164797c27713aa9e0cdecf64a6f/element HTTP/1.1
User-Agent: selenium/4.12.0 (java windows)
Content-Length: 198
Content-Type: application/json; charset=utf-8
host: localhost:26543
accept: */*

Response DefaultHttpResponse(decodeResult: success, version: HTTP/1.1)
HTTP/1.1 200 OK
Content-Length: 127
Content-Type: application/json; charset=utf-8
cache-control: no-cache

20:15:27.710 [AsyncHttpClient-1-11] DEBUG org.asynchttpclient.netty.channel.ChannelManager - Adding key: http://localhost:26543 for channel [id: 0x599f8fc6, L:/127.0.0.1:63353 - R:localhost/127.0.0.1:26543]
20:15:27.711 [Forwarding getElementText on session c1ed2164797c27713aa9e0cdecf64a6f to remote] DEBUG org.asynchttpclient.netty.request.NettyRequestSender - Using pooled Channel '[id: 0x599f8fc6, L:/127.0.0.1:63353 - R:localhost/127.0.0.1:26543]' for 'GET' to 'http://localhost:26543/session/c1ed2164797c27713aa9e0cdecf64a6f/element/f.115762F6998D0B813AEB280A0DAD9BCA.d.2F0DBB95ADDBEB53584179A60ABB5BE8.e.206/text'
20:15:27.711 [Forwarding getElementText on session c1ed2164797c27713aa9e0cdecf64a6f to remote] DEBUG org.asynchttpclient.netty.request.NettyRequestSender - Using open Channel [id: 0x599f8fc6, L:/127.0.0.1:63353 - R:localhost/127.0.0.1:26543] for GET '/session/c1ed2164797c27713aa9e0cdecf64a6f/element/f.115762F6998D0B813AEB280A0DAD9BCA.d.2F0DBB95ADDBEB53584179A60ABB5BE8.e.206/text'
20:15:27.725 [AsyncHttpClient-1-11] DEBUG org.asynchttpclient.netty.handler.HttpHandler - 

Request DefaultFullHttpRequest(decodeResult: success, version: HTTP/1.1, content: EmptyByteBufBE)
GET /session/c1ed2164797c27713aa9e0cdecf64a6f/element/f.115762F6998D0B813AEB280A0DAD9BCA.d.2F0DBB95ADDBEB53584179A60ABB5BE8.e.206/text HTTP/1.1
Cache-Control: no-cache
User-Agent: selenium/4.12.0 (java windows)
Content-Type: application/json; charset=utf-8
host: localhost:26543
accept: */*

Response DefaultHttpResponse(decodeResult: success, version: HTTP/1.1)
HTTP/1.1 200 OK
Content-Length: 23
Content-Type: application/json; charset=utf-8
cache-control: no-cache

20:15:27.726 [AsyncHttpClient-1-11] DEBUG org.asynchttpclient.netty.channel.ChannelManager - Adding key: http://localhost:26543 for channel [id: 0x599f8fc6, L:/127.0.0.1:63353 - R:localhost/127.0.0.1:26543]
actual name: Ps_Const
20:15:27.727 [Forwarding findElement on session c1ed2164797c27713aa9e0cdecf64a6f to remote] DEBUG org.asynchttpclient.netty.request.NettyRequestSender - Using pooled Channel '[id: 0x599f8fc6, L:/127.0.0.1:63353 - R:localhost/127.0.0.1:26543]' for 'POST' to 'http://localhost:26543/session/c1ed2164797c27713aa9e0cdecf64a6f/element'
20:15:27.727 [Forwarding findElement on session c1ed2164797c27713aa9e0cdecf64a6f to remote] DEBUG org.asynchttpclient.netty.request.NettyRequestSender - Using open Channel [id: 0x599f8fc6, L:/127.0.0.1:63353 - R:localhost/127.0.0.1:26543] for POST '/session/c1ed2164797c27713aa9e0cdecf64a6f/element'
20:15:27.740 [AsyncHttpClient-1-11] DEBUG org.asynchttpclient.netty.handler.HttpHandler - 

Request DefaultHttpRequest(decodeResult: success, version: HTTP/1.1)
POST /session/c1ed2164797c27713aa9e0cdecf64a6f/element HTTP/1.1
User-Agent: selenium/4.12.0 (java windows)
Content-Length: 199
Content-Type: application/json; charset=utf-8
host: localhost:26543
accept: */*

Response DefaultHttpResponse(decodeResult: success, version: HTTP/1.1)
HTTP/1.1 200 OK
Content-Length: 127
Content-Type: application/json; charset=utf-8
cache-control: no-cache

20:15:27.740 [AsyncHttpClient-1-11] DEBUG org.asynchttpclient.netty.channel.ChannelManager - Adding key: http://localhost:26543 for channel [id: 0x599f8fc6, L:/127.0.0.1:63353 - R:localhost/127.0.0.1:26543]
20:15:27.741 [Forwarding getElementText on session c1ed2164797c27713aa9e0cdecf64a6f to remote] DEBUG org.asynchttpclient.netty.request.NettyRequestSender - Using pooled Channel '[id: 0x599f8fc6, L:/127.0.0.1:63353 - R:localhost/127.0.0.1:26543]' for 'GET' to 'http://localhost:26543/session/c1ed2164797c27713aa9e0cdecf64a6f/element/f.115762F6998D0B813AEB280A0DAD9BCA.d.2F0DBB95ADDBEB53584179A60ABB5BE8.e.207/text'
20:15:27.741 [Forwarding getElementText on session c1ed2164797c27713aa9e0cdecf64a6f to remote] DEBUG org.asynchttpclient.netty.request.NettyRequestSender - Using open Channel [id: 0x599f8fc6, L:/127.0.0.1:63353 - R:localhost/127.0.0.1:26543] for GET '/session/c1ed2164797c27713aa9e0cdecf64a6f/element/f.115762F6998D0B813AEB280A0DAD9BCA.d.2F0DBB95ADDBEB53584179A60ABB5BE8.e.207/text'
20:15:27.748 [AsyncHttpClient-1-11] DEBUG org.asynchttpclient.netty.handler.HttpHandler - 

Request DefaultFullHttpRequest(decodeResult: success, version: HTTP/1.1, content: EmptyByteBufBE)
GET /session/c1ed2164797c27713aa9e0cdecf64a6f/element/f.115762F6998D0B813AEB280A0DAD9BCA.d.2F0DBB95ADDBEB53584179A60ABB5BE8.e.207/text HTTP/1.1
Cache-Control: no-cache
User-Agent: selenium/4.12.0 (java windows)
Content-Type: application/json; charset=utf-8
host: localhost:26543
accept: */*

Response DefaultHttpResponse(decodeResult: success, version: HTTP/1.1)
HTTP/1.1 200 OK
Content-Length: 23
Content-Type: application/json; charset=utf-8
cache-control: no-cache

20:15:27.748 [AsyncHttpClient-1-11] DEBUG org.asynchttpclient.netty.channel.ChannelManager - Adding key: http://localhost:26543 for channel [id: 0x599f8fc6, L:/127.0.0.1:63353 - R:localhost/127.0.0.1:26543]
actual name: Op_Steel
20:15:27.749 [Forwarding findElement on session c1ed2164797c27713aa9e0cdecf64a6f to remote] DEBUG org.asynchttpclient.netty.request.NettyRequestSender - Using pooled Channel '[id: 0x599f8fc6, L:/127.0.0.1:63353 - R:localhost/127.0.0.1:26543]' for 'POST' to 'http://localhost:26543/session/c1ed2164797c27713aa9e0cdecf64a6f/element'
20:15:27.749 [Forwarding findElement on session c1ed2164797c27713aa9e0cdecf64a6f to remote] DEBUG org.asynchttpclient.netty.request.NettyRequestSender - Using open Channel [id: 0x599f8fc6, L:/127.0.0.1:63353 - R:localhost/127.0.0.1:26543] for POST '/session/c1ed2164797c27713aa9e0cdecf64a6f/element'
20:15:27.759 [AsyncHttpClient-1-11] DEBUG org.asynchttpclient.netty.handler.HttpHandler - 

Request DefaultHttpRequest(decodeResult: success, version: HTTP/1.1)
POST /session/c1ed2164797c27713aa9e0cdecf64a6f/element HTTP/1.1
User-Agent: selenium/4.12.0 (java windows)
Content-Length: 199
Content-Type: application/json; charset=utf-8
host: localhost:26543
accept: */*

Response DefaultHttpResponse(decodeResult: success, version: HTTP/1.1)
HTTP/1.1 200 OK
Content-Length: 127
Content-Type: application/json; charset=utf-8
cache-control: no-cache

20:15:27.759 [AsyncHttpClient-1-11] DEBUG org.asynchttpclient.netty.channel.ChannelManager - Adding key: http://localhost:26543 for channel [id: 0x599f8fc6, L:/127.0.0.1:63353 - R:localhost/127.0.0.1:26543]
20:15:27.760 [Forwarding getElementText on session c1ed2164797c27713aa9e0cdecf64a6f to remote] DEBUG org.asynchttpclient.netty.request.NettyRequestSender - Using pooled Channel '[id: 0x599f8fc6, L:/127.0.0.1:63353 - R:localhost/127.0.0.1:26543]' for 'GET' to 'http://localhost:26543/session/c1ed2164797c27713aa9e0cdecf64a6f/element/f.115762F6998D0B813AEB280A0DAD9BCA.d.2F0DBB95ADDBEB53584179A60ABB5BE8.e.208/text'
20:15:27.760 [Forwarding getElementText on session c1ed2164797c27713aa9e0cdecf64a6f to remote] DEBUG org.asynchttpclient.netty.request.NettyRequestSender - Using open Channel [id: 0x599f8fc6, L:/127.0.0.1:63353 - R:localhost/127.0.0.1:26543] for GET '/session/c1ed2164797c27713aa9e0cdecf64a6f/element/f.115762F6998D0B813AEB280A0DAD9BCA.d.2F0DBB95ADDBEB53584179A60ABB5BE8.e.208/text'
20:15:27.765 [AsyncHttpClient-1-11] DEBUG org.asynchttpclient.netty.handler.HttpHandler - 

Request DefaultFullHttpRequest(decodeResult: success, version: HTTP/1.1, content: EmptyByteBufBE)
GET /session/c1ed2164797c27713aa9e0cdecf64a6f/element/f.115762F6998D0B813AEB280A0DAD9BCA.d.2F0DBB95ADDBEB53584179A60ABB5BE8.e.208/text HTTP/1.1
Cache-Control: no-cache
User-Agent: selenium/4.12.0 (java windows)
Content-Type: application/json; charset=utf-8
host: localhost:26543
accept: */*

Response DefaultHttpResponse(decodeResult: success, version: HTTP/1.1)
HTTP/1.1 200 OK
Content-Length: 23
Content-Type: application/json; charset=utf-8
cache-control: no-cache

20:15:27.765 [AsyncHttpClient-1-11] DEBUG org.asynchttpclient.netty.channel.ChannelManager - Adding key: http://localhost:26543 for channel [id: 0x599f8fc6, L:/127.0.0.1:63353 - R:localhost/127.0.0.1:26543]
actual name: Tk_Steel
20:15:27.766 [Forwarding findElement on session c1ed2164797c27713aa9e0cdecf64a6f to remote] DEBUG org.asynchttpclient.netty.request.NettyRequestSender - Using pooled Channel '[id: 0x599f8fc6, L:/127.0.0.1:63353 - R:localhost/127.0.0.1:26543]' for 'POST' to 'http://localhost:26543/session/c1ed2164797c27713aa9e0cdecf64a6f/element'
20:15:27.766 [Forwarding findElement on session c1ed2164797c27713aa9e0cdecf64a6f to remote] DEBUG org.asynchttpclient.netty.request.NettyRequestSender - Using open Channel [id: 0x599f8fc6, L:/127.0.0.1:63353 - R:localhost/127.0.0.1:26543] for POST '/session/c1ed2164797c27713aa9e0cdecf64a6f/element'
20:15:27.772 [AsyncHttpClient-1-11] DEBUG org.asynchttpclient.netty.handler.HttpHandler - 

Request DefaultHttpRequest(decodeResult: success, version: HTTP/1.1)
POST /session/c1ed2164797c27713aa9e0cdecf64a6f/element HTTP/1.1
User-Agent: selenium/4.12.0 (java windows)
Content-Length: 199
Content-Type: application/json; charset=utf-8
host: localhost:26543
accept: */*

Response DefaultHttpResponse(decodeResult: success, version: HTTP/1.1)
HTTP/1.1 200 OK
Content-Length: 127
Content-Type: application/json; charset=utf-8
cache-control: no-cache

20:15:27.772 [AsyncHttpClient-1-11] DEBUG org.asynchttpclient.netty.channel.ChannelManager - Adding key: http://localhost:26543 for channel [id: 0x599f8fc6, L:/127.0.0.1:63353 - R:localhost/127.0.0.1:26543]
20:15:27.773 [Forwarding getElementText on session c1ed2164797c27713aa9e0cdecf64a6f to remote] DEBUG org.asynchttpclient.netty.request.NettyRequestSender - Using pooled Channel '[id: 0x599f8fc6, L:/127.0.0.1:63353 - R:localhost/127.0.0.1:26543]' for 'GET' to 'http://localhost:26543/session/c1ed2164797c27713aa9e0cdecf64a6f/element/f.115762F6998D0B813AEB280A0DAD9BCA.d.2F0DBB95ADDBEB53584179A60ABB5BE8.e.209/text'
20:15:27.773 [Forwarding getElementText on session c1ed2164797c27713aa9e0cdecf64a6f to remote] DEBUG org.asynchttpclient.netty.request.NettyRequestSender - Using open Channel [id: 0x599f8fc6, L:/127.0.0.1:63353 - R:localhost/127.0.0.1:26543] for GET '/session/c1ed2164797c27713aa9e0cdecf64a6f/element/f.115762F6998D0B813AEB280A0DAD9BCA.d.2F0DBB95ADDBEB53584179A60ABB5BE8.e.209/text'
20:15:27.778 [AsyncHttpClient-1-11] DEBUG org.asynchttpclient.netty.handler.HttpHandler - 

Request DefaultFullHttpRequest(decodeResult: success, version: HTTP/1.1, content: EmptyByteBufBE)
GET /session/c1ed2164797c27713aa9e0cdecf64a6f/element/f.115762F6998D0B813AEB280A0DAD9BCA.d.2F0DBB95ADDBEB53584179A60ABB5BE8.e.209/text HTTP/1.1
Cache-Control: no-cache
User-Agent: selenium/4.12.0 (java windows)
Content-Type: application/json; charset=utf-8
host: localhost:26543
accept: */*

Response DefaultHttpResponse(decodeResult: success, version: HTTP/1.1)
HTTP/1.1 200 OK
Content-Length: 23
Content-Type: application/json; charset=utf-8
cache-control: no-cache

20:15:27.778 [AsyncHttpClient-1-11] DEBUG org.asynchttpclient.netty.channel.ChannelManager - Adding key: http://localhost:26543 for channel [id: 0x599f8fc6, L:/127.0.0.1:63353 - R:localhost/127.0.0.1:26543]
actual name: Tk_Steel
20:15:27.780 [Forwarding findElement on session c1ed2164797c27713aa9e0cdecf64a6f to remote] DEBUG org.asynchttpclient.netty.request.NettyRequestSender - Using pooled Channel '[id: 0x599f8fc6, L:/127.0.0.1:63353 - R:localhost/127.0.0.1:26543]' for 'POST' to 'http://localhost:26543/session/c1ed2164797c27713aa9e0cdecf64a6f/element'
20:15:27.780 [Forwarding findElement on session c1ed2164797c27713aa9e0cdecf64a6f to remote] DEBUG org.asynchttpclient.netty.request.NettyRequestSender - Using open Channel [id: 0x599f8fc6, L:/127.0.0.1:63353 - R:localhost/127.0.0.1:26543] for POST '/session/c1ed2164797c27713aa9e0cdecf64a6f/element'
20:15:27.787 [AsyncHttpClient-1-11] DEBUG org.asynchttpclient.netty.handler.HttpHandler - 

Request DefaultHttpRequest(decodeResult: success, version: HTTP/1.1)
POST /session/c1ed2164797c27713aa9e0cdecf64a6f/element HTTP/1.1
User-Agent: selenium/4.12.0 (java windows)
Content-Length: 199
Content-Type: application/json; charset=utf-8
host: localhost:26543
accept: */*

Response DefaultHttpResponse(decodeResult: success, version: HTTP/1.1)
HTTP/1.1 200 OK
Content-Length: 127
Content-Type: application/json; charset=utf-8
cache-control: no-cache

20:15:27.787 [AsyncHttpClient-1-11] DEBUG org.asynchttpclient.netty.channel.ChannelManager - Adding key: http://localhost:26543 for channel [id: 0x599f8fc6, L:/127.0.0.1:63353 - R:localhost/127.0.0.1:26543]
20:15:27.787 [Forwarding getElementText on session c1ed2164797c27713aa9e0cdecf64a6f to remote] DEBUG org.asynchttpclient.netty.request.NettyRequestSender - Using pooled Channel '[id: 0x599f8fc6, L:/127.0.0.1:63353 - R:localhost/127.0.0.1:26543]' for 'GET' to 'http://localhost:26543/session/c1ed2164797c27713aa9e0cdecf64a6f/element/f.115762F6998D0B813AEB280A0DAD9BCA.d.2F0DBB95ADDBEB53584179A60ABB5BE8.e.210/text'
20:15:27.787 [Forwarding getElementText on session c1ed2164797c27713aa9e0cdecf64a6f to remote] DEBUG org.asynchttpclient.netty.request.NettyRequestSender - Using open Channel [id: 0x599f8fc6, L:/127.0.0.1:63353 - R:localhost/127.0.0.1:26543] for GET '/session/c1ed2164797c27713aa9e0cdecf64a6f/element/f.115762F6998D0B813AEB280A0DAD9BCA.d.2F0DBB95ADDBEB53584179A60ABB5BE8.e.210/text'
20:15:27.791 [AsyncHttpClient-1-11] DEBUG org.asynchttpclient.netty.handler.HttpHandler - 

Request DefaultFullHttpRequest(decodeResult: success, version: HTTP/1.1, content: EmptyByteBufBE)
GET /session/c1ed2164797c27713aa9e0cdecf64a6f/element/f.115762F6998D0B813AEB280A0DAD9BCA.d.2F0DBB95ADDBEB53584179A60ABB5BE8.e.210/text HTTP/1.1
Cache-Control: no-cache
User-Agent: selenium/4.12.0 (java windows)
Content-Type: application/json; charset=utf-8
host: localhost:26543
accept: */*

Response DefaultHttpResponse(decodeResult: success, version: HTTP/1.1)
HTTP/1.1 200 OK
Content-Length: 23
Content-Type: application/json; charset=utf-8
cache-control: no-cache

20:15:27.793 [AsyncHttpClient-1-11] DEBUG org.asynchttpclient.netty.channel.ChannelManager - Adding key: http://localhost:26543 for channel [id: 0x599f8fc6, L:/127.0.0.1:63353 - R:localhost/127.0.0.1:26543]
actual name: Tk_Steel
20:15:27.793 [Forwarding findElement on session c1ed2164797c27713aa9e0cdecf64a6f to remote] DEBUG org.asynchttpclient.netty.request.NettyRequestSender - Using pooled Channel '[id: 0x599f8fc6, L:/127.0.0.1:63353 - R:localhost/127.0.0.1:26543]' for 'POST' to 'http://localhost:26543/session/c1ed2164797c27713aa9e0cdecf64a6f/element'
20:15:27.793 [Forwarding findElement on session c1ed2164797c27713aa9e0cdecf64a6f to remote] DEBUG org.asynchttpclient.netty.request.NettyRequestSender - Using open Channel [id: 0x599f8fc6, L:/127.0.0.1:63353 - R:localhost/127.0.0.1:26543] for POST '/session/c1ed2164797c27713aa9e0cdecf64a6f/element'
20:15:27.799 [AsyncHttpClient-1-11] DEBUG org.asynchttpclient.netty.handler.HttpHandler - 

Request DefaultHttpRequest(decodeResult: success, version: HTTP/1.1)
POST /session/c1ed2164797c27713aa9e0cdecf64a6f/element HTTP/1.1
User-Agent: selenium/4.12.0 (java windows)
Content-Length: 199
Content-Type: application/json; charset=utf-8
host: localhost:26543
accept: */*

Response DefaultHttpResponse(decodeResult: success, version: HTTP/1.1)
HTTP/1.1 200 OK
Content-Length: 127
Content-Type: application/json; charset=utf-8
cache-control: no-cache

20:15:27.799 [AsyncHttpClient-1-11] DEBUG org.asynchttpclient.netty.channel.ChannelManager - Adding key: http://localhost:26543 for channel [id: 0x599f8fc6, L:/127.0.0.1:63353 - R:localhost/127.0.0.1:26543]
20:15:27.800 [Forwarding getElementText on session c1ed2164797c27713aa9e0cdecf64a6f to remote] DEBUG org.asynchttpclient.netty.request.NettyRequestSender - Using pooled Channel '[id: 0x599f8fc6, L:/127.0.0.1:63353 - R:localhost/127.0.0.1:26543]' for 'GET' to 'http://localhost:26543/session/c1ed2164797c27713aa9e0cdecf64a6f/element/f.115762F6998D0B813AEB280A0DAD9BCA.d.2F0DBB95ADDBEB53584179A60ABB5BE8.e.211/text'
20:15:27.800 [Forwarding getElementText on session c1ed2164797c27713aa9e0cdecf64a6f to remote] DEBUG org.asynchttpclient.netty.request.NettyRequestSender - Using open Channel [id: 0x599f8fc6, L:/127.0.0.1:63353 - R:localhost/127.0.0.1:26543] for GET '/session/c1ed2164797c27713aa9e0cdecf64a6f/element/f.115762F6998D0B813AEB280A0DAD9BCA.d.2F0DBB95ADDBEB53584179A60ABB5BE8.e.211/text'
20:15:27.804 [AsyncHttpClient-1-11] DEBUG org.asynchttpclient.netty.handler.HttpHandler - 

Request DefaultFullHttpRequest(decodeResult: success, version: HTTP/1.1, content: EmptyByteBufBE)
GET /session/c1ed2164797c27713aa9e0cdecf64a6f/element/f.115762F6998D0B813AEB280A0DAD9BCA.d.2F0DBB95ADDBEB53584179A60ABB5BE8.e.211/text HTTP/1.1
Cache-Control: no-cache
User-Agent: selenium/4.12.0 (java windows)
Content-Type: application/json; charset=utf-8
host: localhost:26543
accept: */*

Response DefaultHttpResponse(decodeResult: success, version: HTTP/1.1)
HTTP/1.1 200 OK
Content-Length: 23
Content-Type: application/json; charset=utf-8
cache-control: no-cache

20:15:27.804 [AsyncHttpClient-1-11] DEBUG org.asynchttpclient.netty.channel.ChannelManager - Adding key: http://localhost:26543 for channel [id: 0x599f8fc6, L:/127.0.0.1:63353 - R:localhost/127.0.0.1:26543]
actual name: Tk_Steel
20:15:27.806 [Forwarding findElement on session c1ed2164797c27713aa9e0cdecf64a6f to remote] DEBUG org.asynchttpclient.netty.request.NettyRequestSender - Using pooled Channel '[id: 0x599f8fc6, L:/127.0.0.1:63353 - R:localhost/127.0.0.1:26543]' for 'POST' to 'http://localhost:26543/session/c1ed2164797c27713aa9e0cdecf64a6f/element'
20:15:27.806 [Forwarding findElement on session c1ed2164797c27713aa9e0cdecf64a6f to remote] DEBUG org.asynchttpclient.netty.request.NettyRequestSender - Using open Channel [id: 0x599f8fc6, L:/127.0.0.1:63353 - R:localhost/127.0.0.1:26543] for POST '/session/c1ed2164797c27713aa9e0cdecf64a6f/element'
20:15:27.812 [AsyncHttpClient-1-11] DEBUG org.asynchttpclient.netty.handler.HttpHandler - 

Request DefaultHttpRequest(decodeResult: success, version: HTTP/1.1)
POST /session/c1ed2164797c27713aa9e0cdecf64a6f/element HTTP/1.1
User-Agent: selenium/4.12.0 (java windows)
Content-Length: 199
Content-Type: application/json; charset=utf-8
host: localhost:26543
accept: */*

Response DefaultHttpResponse(decodeResult: success, version: HTTP/1.1)
HTTP/1.1 200 OK
Content-Length: 127
Content-Type: application/json; charset=utf-8
cache-control: no-cache

20:15:27.812 [AsyncHttpClient-1-11] DEBUG org.asynchttpclient.netty.channel.ChannelManager - Adding key: http://localhost:26543 for channel [id: 0x599f8fc6, L:/127.0.0.1:63353 - R:localhost/127.0.0.1:26543]
20:15:27.812 [Forwarding getElementText on session c1ed2164797c27713aa9e0cdecf64a6f to remote] DEBUG org.asynchttpclient.netty.request.NettyRequestSender - Using pooled Channel '[id: 0x599f8fc6, L:/127.0.0.1:63353 - R:localhost/127.0.0.1:26543]' for 'GET' to 'http://localhost:26543/session/c1ed2164797c27713aa9e0cdecf64a6f/element/f.115762F6998D0B813AEB280A0DAD9BCA.d.2F0DBB95ADDBEB53584179A60ABB5BE8.e.212/text'
20:15:27.812 [Forwarding getElementText on session c1ed2164797c27713aa9e0cdecf64a6f to remote] DEBUG org.asynchttpclient.netty.request.NettyRequestSender - Using open Channel [id: 0x599f8fc6, L:/127.0.0.1:63353 - R:localhost/127.0.0.1:26543] for GET '/session/c1ed2164797c27713aa9e0cdecf64a6f/element/f.115762F6998D0B813AEB280A0DAD9BCA.d.2F0DBB95ADDBEB53584179A60ABB5BE8.e.212/text'
20:15:27.817 [AsyncHttpClient-1-11] DEBUG org.asynchttpclient.netty.handler.HttpHandler - 

Request DefaultFullHttpRequest(decodeResult: success, version: HTTP/1.1, content: EmptyByteBufBE)
GET /session/c1ed2164797c27713aa9e0cdecf64a6f/element/f.115762F6998D0B813AEB280A0DAD9BCA.d.2F0DBB95ADDBEB53584179A60ABB5BE8.e.212/text HTTP/1.1
Cache-Control: no-cache
User-Agent: selenium/4.12.0 (java windows)
Content-Type: application/json; charset=utf-8
host: localhost:26543
accept: */*

Response DefaultHttpResponse(decodeResult: success, version: HTTP/1.1)
HTTP/1.1 200 OK
Content-Length: 23
Content-Type: application/json; charset=utf-8
cache-control: no-cache

20:15:27.817 [AsyncHttpClient-1-11] DEBUG org.asynchttpclient.netty.channel.ChannelManager - Adding key: http://localhost:26543 for channel [id: 0x599f8fc6, L:/127.0.0.1:63353 - R:localhost/127.0.0.1:26543]
actual name: Rr_Steel
20:15:27.818 [Forwarding findElement on session c1ed2164797c27713aa9e0cdecf64a6f to remote] DEBUG org.asynchttpclient.netty.request.NettyRequestSender - Using pooled Channel '[id: 0x599f8fc6, L:/127.0.0.1:63353 - R:localhost/127.0.0.1:26543]' for 'POST' to 'http://localhost:26543/session/c1ed2164797c27713aa9e0cdecf64a6f/element'
20:15:27.818 [Forwarding findElement on session c1ed2164797c27713aa9e0cdecf64a6f to remote] DEBUG org.asynchttpclient.netty.request.NettyRequestSender - Using open Channel [id: 0x599f8fc6, L:/127.0.0.1:63353 - R:localhost/127.0.0.1:26543] for POST '/session/c1ed2164797c27713aa9e0cdecf64a6f/element'
20:15:27.825 [AsyncHttpClient-1-11] DEBUG org.asynchttpclient.netty.handler.HttpHandler - 

Request DefaultHttpRequest(decodeResult: success, version: HTTP/1.1)
POST /session/c1ed2164797c27713aa9e0cdecf64a6f/element HTTP/1.1
User-Agent: selenium/4.12.0 (java windows)
Content-Length: 199
Content-Type: application/json; charset=utf-8
host: localhost:26543
accept: */*

Response DefaultHttpResponse(decodeResult: success, version: HTTP/1.1)
HTTP/1.1 200 OK
Content-Length: 127
Content-Type: application/json; charset=utf-8
cache-control: no-cache

20:15:27.825 [AsyncHttpClient-1-11] DEBUG org.asynchttpclient.netty.channel.ChannelManager - Adding key: http://localhost:26543 for channel [id: 0x599f8fc6, L:/127.0.0.1:63353 - R:localhost/127.0.0.1:26543]
20:15:27.825 [Forwarding getElementText on session c1ed2164797c27713aa9e0cdecf64a6f to remote] DEBUG org.asynchttpclient.netty.request.NettyRequestSender - Using pooled Channel '[id: 0x599f8fc6, L:/127.0.0.1:63353 - R:localhost/127.0.0.1:26543]' for 'GET' to 'http://localhost:26543/session/c1ed2164797c27713aa9e0cdecf64a6f/element/f.115762F6998D0B813AEB280A0DAD9BCA.d.2F0DBB95ADDBEB53584179A60ABB5BE8.e.213/text'
20:15:27.825 [Forwarding getElementText on session c1ed2164797c27713aa9e0cdecf64a6f to remote] DEBUG org.asynchttpclient.netty.request.NettyRequestSender - Using open Channel [id: 0x599f8fc6, L:/127.0.0.1:63353 - R:localhost/127.0.0.1:26543] for GET '/session/c1ed2164797c27713aa9e0cdecf64a6f/element/f.115762F6998D0B813AEB280A0DAD9BCA.d.2F0DBB95ADDBEB53584179A60ABB5BE8.e.213/text'
20:15:27.836 [AsyncHttpClient-1-11] DEBUG org.asynchttpclient.netty.handler.HttpHandler - 

Request DefaultFullHttpRequest(decodeResult: success, version: HTTP/1.1, content: EmptyByteBufBE)
GET /session/c1ed2164797c27713aa9e0cdecf64a6f/element/f.115762F6998D0B813AEB280A0DAD9BCA.d.2F0DBB95ADDBEB53584179A60ABB5BE8.e.213/text HTTP/1.1
Cache-Control: no-cache
User-Agent: selenium/4.12.0 (java windows)
Content-Type: application/json; charset=utf-8
host: localhost:26543
accept: */*

Response DefaultHttpResponse(decodeResult: success, version: HTTP/1.1)
HTTP/1.1 200 OK
Content-Length: 23
Content-Type: application/json; charset=utf-8
cache-control: no-cache

20:15:27.836 [AsyncHttpClient-1-11] DEBUG org.asynchttpclient.netty.channel.ChannelManager - Adding key: http://localhost:26543 for channel [id: 0x599f8fc6, L:/127.0.0.1:63353 - R:localhost/127.0.0.1:26543]
actual name: Tk_Steel
20:15:27.837 [Forwarding findElement on session c1ed2164797c27713aa9e0cdecf64a6f to remote] DEBUG org.asynchttpclient.netty.request.NettyRequestSender - Using pooled Channel '[id: 0x599f8fc6, L:/127.0.0.1:63353 - R:localhost/127.0.0.1:26543]' for 'POST' to 'http://localhost:26543/session/c1ed2164797c27713aa9e0cdecf64a6f/element'
20:15:27.837 [Forwarding findElement on session c1ed2164797c27713aa9e0cdecf64a6f to remote] DEBUG org.asynchttpclient.netty.request.NettyRequestSender - Using open Channel [id: 0x599f8fc6, L:/127.0.0.1:63353 - R:localhost/127.0.0.1:26543] for POST '/session/c1ed2164797c27713aa9e0cdecf64a6f/element'
20:15:27.845 [AsyncHttpClient-1-11] DEBUG org.asynchttpclient.netty.handler.HttpHandler - 

Request DefaultHttpRequest(decodeResult: success, version: HTTP/1.1)
POST /session/c1ed2164797c27713aa9e0cdecf64a6f/element HTTP/1.1
User-Agent: selenium/4.12.0 (java windows)
Content-Length: 199
Content-Type: application/json; charset=utf-8
host: localhost:26543
accept: */*

Response DefaultHttpResponse(decodeResult: success, version: HTTP/1.1)
HTTP/1.1 200 OK
Content-Length: 127
Content-Type: application/json; charset=utf-8
cache-control: no-cache

20:15:27.845 [AsyncHttpClient-1-11] DEBUG org.asynchttpclient.netty.channel.ChannelManager - Adding key: http://localhost:26543 for channel [id: 0x599f8fc6, L:/127.0.0.1:63353 - R:localhost/127.0.0.1:26543]
20:15:27.845 [Forwarding getElementText on session c1ed2164797c27713aa9e0cdecf64a6f to remote] DEBUG org.asynchttpclient.netty.request.NettyRequestSender - Using pooled Channel '[id: 0x599f8fc6, L:/127.0.0.1:63353 - R:localhost/127.0.0.1:26543]' for 'GET' to 'http://localhost:26543/session/c1ed2164797c27713aa9e0cdecf64a6f/element/f.115762F6998D0B813AEB280A0DAD9BCA.d.2F0DBB95ADDBEB53584179A60ABB5BE8.e.214/text'
20:15:27.846 [Forwarding getElementText on session c1ed2164797c27713aa9e0cdecf64a6f to remote] DEBUG org.asynchttpclient.netty.request.NettyRequestSender - Using open Channel [id: 0x599f8fc6, L:/127.0.0.1:63353 - R:localhost/127.0.0.1:26543] for GET '/session/c1ed2164797c27713aa9e0cdecf64a6f/element/f.115762F6998D0B813AEB280A0DAD9BCA.d.2F0DBB95ADDBEB53584179A60ABB5BE8.e.214/text'
20:15:27.850 [AsyncHttpClient-1-11] DEBUG org.asynchttpclient.netty.handler.HttpHandler - 

Request DefaultFullHttpRequest(decodeResult: success, version: HTTP/1.1, content: EmptyByteBufBE)
GET /session/c1ed2164797c27713aa9e0cdecf64a6f/element/f.115762F6998D0B813AEB280A0DAD9BCA.d.2F0DBB95ADDBEB53584179A60ABB5BE8.e.214/text HTTP/1.1
Cache-Control: no-cache
User-Agent: selenium/4.12.0 (java windows)
Content-Type: application/json; charset=utf-8
host: localhost:26543
accept: */*

Response DefaultHttpResponse(decodeResult: success, version: HTTP/1.1)
HTTP/1.1 200 OK
Content-Length: 23
Content-Type: application/json; charset=utf-8
cache-control: no-cache

20:15:27.850 [AsyncHttpClient-1-11] DEBUG org.asynchttpclient.netty.channel.ChannelManager - Adding key: http://localhost:26543 for channel [id: 0x599f8fc6, L:/127.0.0.1:63353 - R:localhost/127.0.0.1:26543]
actual name: Wk_Const
20:15:27.852 [Forwarding findElement on session c1ed2164797c27713aa9e0cdecf64a6f to remote] DEBUG org.asynchttpclient.netty.request.NettyRequestSender - Using pooled Channel '[id: 0x599f8fc6, L:/127.0.0.1:63353 - R:localhost/127.0.0.1:26543]' for 'POST' to 'http://localhost:26543/session/c1ed2164797c27713aa9e0cdecf64a6f/element'
20:15:27.852 [Forwarding findElement on session c1ed2164797c27713aa9e0cdecf64a6f to remote] DEBUG org.asynchttpclient.netty.request.NettyRequestSender - Using open Channel [id: 0x599f8fc6, L:/127.0.0.1:63353 - R:localhost/127.0.0.1:26543] for POST '/session/c1ed2164797c27713aa9e0cdecf64a6f/element'
20:15:27.858 [AsyncHttpClient-1-11] DEBUG org.asynchttpclient.netty.handler.HttpHandler - 

Request DefaultHttpRequest(decodeResult: success, version: HTTP/1.1)
POST /session/c1ed2164797c27713aa9e0cdecf64a6f/element HTTP/1.1
User-Agent: selenium/4.12.0 (java windows)
Content-Length: 199
Content-Type: application/json; charset=utf-8
host: localhost:26543
accept: */*

Response DefaultHttpResponse(decodeResult: success, version: HTTP/1.1)
HTTP/1.1 200 OK
Content-Length: 127
Content-Type: application/json; charset=utf-8
cache-control: no-cache

20:15:27.858 [AsyncHttpClient-1-11] DEBUG org.asynchttpclient.netty.channel.ChannelManager - Adding key: http://localhost:26543 for channel [id: 0x599f8fc6, L:/127.0.0.1:63353 - R:localhost/127.0.0.1:26543]
20:15:27.858 [Forwarding getElementText on session c1ed2164797c27713aa9e0cdecf64a6f to remote] DEBUG org.asynchttpclient.netty.request.NettyRequestSender - Using pooled Channel '[id: 0x599f8fc6, L:/127.0.0.1:63353 - R:localhost/127.0.0.1:26543]' for 'GET' to 'http://localhost:26543/session/c1ed2164797c27713aa9e0cdecf64a6f/element/f.115762F6998D0B813AEB280A0DAD9BCA.d.2F0DBB95ADDBEB53584179A60ABB5BE8.e.215/text'
20:15:27.858 [Forwarding getElementText on session c1ed2164797c27713aa9e0cdecf64a6f to remote] DEBUG org.asynchttpclient.netty.request.NettyRequestSender - Using open Channel [id: 0x599f8fc6, L:/127.0.0.1:63353 - R:localhost/127.0.0.1:26543] for GET '/session/c1ed2164797c27713aa9e0cdecf64a6f/element/f.115762F6998D0B813AEB280A0DAD9BCA.d.2F0DBB95ADDBEB53584179A60ABB5BE8.e.215/text'
20:15:27.864 [AsyncHttpClient-1-11] DEBUG org.asynchttpclient.netty.handler.HttpHandler - 

Request DefaultFullHttpRequest(decodeResult: success, version: HTTP/1.1, content: EmptyByteBufBE)
GET /session/c1ed2164797c27713aa9e0cdecf64a6f/element/f.115762F6998D0B813AEB280A0DAD9BCA.d.2F0DBB95ADDBEB53584179A60ABB5BE8.e.215/text HTTP/1.1
Cache-Control: no-cache
User-Agent: selenium/4.12.0 (java windows)
Content-Type: application/json; charset=utf-8
host: localhost:26543
accept: */*

Response DefaultHttpResponse(decodeResult: success, version: HTTP/1.1)
HTTP/1.1 200 OK
Content-Length: 23
Content-Type: application/json; charset=utf-8
cache-control: no-cache

20:15:27.864 [AsyncHttpClient-1-11] DEBUG org.asynchttpclient.netty.channel.ChannelManager - Adding key: http://localhost:26543 for channel [id: 0x599f8fc6, L:/127.0.0.1:63353 - R:localhost/127.0.0.1:26543]
actual name: Rk_Steel
20:15:27.865 [Forwarding findElement on session c1ed2164797c27713aa9e0cdecf64a6f to remote] DEBUG org.asynchttpclient.netty.request.NettyRequestSender - Using pooled Channel '[id: 0x599f8fc6, L:/127.0.0.1:63353 - R:localhost/127.0.0.1:26543]' for 'POST' to 'http://localhost:26543/session/c1ed2164797c27713aa9e0cdecf64a6f/element'
20:15:27.865 [Forwarding findElement on session c1ed2164797c27713aa9e0cdecf64a6f to remote] DEBUG org.asynchttpclient.netty.request.NettyRequestSender - Using open Channel [id: 0x599f8fc6, L:/127.0.0.1:63353 - R:localhost/127.0.0.1:26543] for POST '/session/c1ed2164797c27713aa9e0cdecf64a6f/element'
20:15:27.871 [AsyncHttpClient-1-11] DEBUG org.asynchttpclient.netty.handler.HttpHandler - 

Request DefaultHttpRequest(decodeResult: success, version: HTTP/1.1)
POST /session/c1ed2164797c27713aa9e0cdecf64a6f/element HTTP/1.1
User-Agent: selenium/4.12.0 (java windows)
Content-Length: 199
Content-Type: application/json; charset=utf-8
host: localhost:26543
accept: */*

Response DefaultHttpResponse(decodeResult: success, version: HTTP/1.1)
HTTP/1.1 200 OK
Content-Length: 127
Content-Type: application/json; charset=utf-8
cache-control: no-cache

20:15:27.871 [AsyncHttpClient-1-11] DEBUG org.asynchttpclient.netty.channel.ChannelManager - Adding key: http://localhost:26543 for channel [id: 0x599f8fc6, L:/127.0.0.1:63353 - R:localhost/127.0.0.1:26543]
20:15:27.872 [Forwarding getElementText on session c1ed2164797c27713aa9e0cdecf64a6f to remote] DEBUG org.asynchttpclient.netty.request.NettyRequestSender - Using pooled Channel '[id: 0x599f8fc6, L:/127.0.0.1:63353 - R:localhost/127.0.0.1:26543]' for 'GET' to 'http://localhost:26543/session/c1ed2164797c27713aa9e0cdecf64a6f/element/f.115762F6998D0B813AEB280A0DAD9BCA.d.2F0DBB95ADDBEB53584179A60ABB5BE8.e.216/text'
20:15:27.872 [Forwarding getElementText on session c1ed2164797c27713aa9e0cdecf64a6f to remote] DEBUG org.asynchttpclient.netty.request.NettyRequestSender - Using open Channel [id: 0x599f8fc6, L:/127.0.0.1:63353 - R:localhost/127.0.0.1:26543] for GET '/session/c1ed2164797c27713aa9e0cdecf64a6f/element/f.115762F6998D0B813AEB280A0DAD9BCA.d.2F0DBB95ADDBEB53584179A60ABB5BE8.e.216/text'
20:15:27.877 [AsyncHttpClient-1-11] DEBUG org.asynchttpclient.netty.handler.HttpHandler - 

Request DefaultFullHttpRequest(decodeResult: success, version: HTTP/1.1, content: EmptyByteBufBE)
GET /session/c1ed2164797c27713aa9e0cdecf64a6f/element/f.115762F6998D0B813AEB280A0DAD9BCA.d.2F0DBB95ADDBEB53584179A60ABB5BE8.e.216/text HTTP/1.1
Cache-Control: no-cache
User-Agent: selenium/4.12.0 (java windows)
Content-Type: application/json; charset=utf-8
host: localhost:26543
accept: */*

Response DefaultHttpResponse(decodeResult: success, version: HTTP/1.1)
HTTP/1.1 200 OK
Content-Length: 23
Content-Type: application/json; charset=utf-8
cache-control: no-cache

20:15:27.877 [AsyncHttpClient-1-11] DEBUG org.asynchttpclient.netty.channel.ChannelManager - Adding key: http://localhost:26543 for channel [id: 0x599f8fc6, L:/127.0.0.1:63353 - R:localhost/127.0.0.1:26543]
actual name: Wa_Const
20:15:27.878 [Forwarding findElement on session c1ed2164797c27713aa9e0cdecf64a6f to remote] DEBUG org.asynchttpclient.netty.request.NettyRequestSender - Using pooled Channel '[id: 0x599f8fc6, L:/127.0.0.1:63353 - R:localhost/127.0.0.1:26543]' for 'POST' to 'http://localhost:26543/session/c1ed2164797c27713aa9e0cdecf64a6f/element'
20:15:27.878 [Forwarding findElement on session c1ed2164797c27713aa9e0cdecf64a6f to remote] DEBUG org.asynchttpclient.netty.request.NettyRequestSender - Using open Channel [id: 0x599f8fc6, L:/127.0.0.1:63353 - R:localhost/127.0.0.1:26543] for POST '/session/c1ed2164797c27713aa9e0cdecf64a6f/element'
20:15:27.886 [AsyncHttpClient-1-11] DEBUG org.asynchttpclient.netty.handler.HttpHandler - 

Request DefaultHttpRequest(decodeResult: success, version: HTTP/1.1)
POST /session/c1ed2164797c27713aa9e0cdecf64a6f/element HTTP/1.1
User-Agent: selenium/4.12.0 (java windows)
Content-Length: 199
Content-Type: application/json; charset=utf-8
host: localhost:26543
accept: */*

Response DefaultHttpResponse(decodeResult: success, version: HTTP/1.1)
HTTP/1.1 200 OK
Content-Length: 127
Content-Type: application/json; charset=utf-8
cache-control: no-cache

20:15:27.886 [AsyncHttpClient-1-11] DEBUG org.asynchttpclient.netty.channel.ChannelManager - Adding key: http://localhost:26543 for channel [id: 0x599f8fc6, L:/127.0.0.1:63353 - R:localhost/127.0.0.1:26543]
20:15:27.886 [Forwarding getElementText on session c1ed2164797c27713aa9e0cdecf64a6f to remote] DEBUG org.asynchttpclient.netty.request.NettyRequestSender - Using pooled Channel '[id: 0x599f8fc6, L:/127.0.0.1:63353 - R:localhost/127.0.0.1:26543]' for 'GET' to 'http://localhost:26543/session/c1ed2164797c27713aa9e0cdecf64a6f/element/f.115762F6998D0B813AEB280A0DAD9BCA.d.2F0DBB95ADDBEB53584179A60ABB5BE8.e.217/text'
20:15:27.886 [Forwarding getElementText on session c1ed2164797c27713aa9e0cdecf64a6f to remote] DEBUG org.asynchttpclient.netty.request.NettyRequestSender - Using open Channel [id: 0x599f8fc6, L:/127.0.0.1:63353 - R:localhost/127.0.0.1:26543] for GET '/session/c1ed2164797c27713aa9e0cdecf64a6f/element/f.115762F6998D0B813AEB280A0DAD9BCA.d.2F0DBB95ADDBEB53584179A60ABB5BE8.e.217/text'
20:15:27.891 [AsyncHttpClient-1-11] DEBUG org.asynchttpclient.netty.handler.HttpHandler - 

Request DefaultFullHttpRequest(decodeResult: success, version: HTTP/1.1, content: EmptyByteBufBE)
GET /session/c1ed2164797c27713aa9e0cdecf64a6f/element/f.115762F6998D0B813AEB280A0DAD9BCA.d.2F0DBB95ADDBEB53584179A60ABB5BE8.e.217/text HTTP/1.1
Cache-Control: no-cache
User-Agent: selenium/4.12.0 (java windows)
Content-Type: application/json; charset=utf-8
host: localhost:26543
accept: */*

Response DefaultHttpResponse(decodeResult: success, version: HTTP/1.1)
HTTP/1.1 200 OK
Content-Length: 23
Content-Type: application/json; charset=utf-8
cache-control: no-cache

20:15:27.891 [AsyncHttpClient-1-11] DEBUG org.asynchttpclient.netty.channel.ChannelManager - Adding key: http://localhost:26543 for channel [id: 0x599f8fc6, L:/127.0.0.1:63353 - R:localhost/127.0.0.1:26543]
actual name: Js_Steel
20:15:27.892 [Forwarding findElement on session c1ed2164797c27713aa9e0cdecf64a6f to remote] DEBUG org.asynchttpclient.netty.request.NettyRequestSender - Using pooled Channel '[id: 0x599f8fc6, L:/127.0.0.1:63353 - R:localhost/127.0.0.1:26543]' for 'POST' to 'http://localhost:26543/session/c1ed2164797c27713aa9e0cdecf64a6f/element'
20:15:27.892 [Forwarding findElement on session c1ed2164797c27713aa9e0cdecf64a6f to remote] DEBUG org.asynchttpclient.netty.request.NettyRequestSender - Using open Channel [id: 0x599f8fc6, L:/127.0.0.1:63353 - R:localhost/127.0.0.1:26543] for POST '/session/c1ed2164797c27713aa9e0cdecf64a6f/element'
20:15:27.898 [AsyncHttpClient-1-11] DEBUG org.asynchttpclient.netty.handler.HttpHandler - 

Request DefaultHttpRequest(decodeResult: success, version: HTTP/1.1)
POST /session/c1ed2164797c27713aa9e0cdecf64a6f/element HTTP/1.1
User-Agent: selenium/4.12.0 (java windows)
Content-Length: 199
Content-Type: application/json; charset=utf-8
host: localhost:26543
accept: */*

Response DefaultHttpResponse(decodeResult: success, version: HTTP/1.1)
HTTP/1.1 200 OK
Content-Length: 127
Content-Type: application/json; charset=utf-8
cache-control: no-cache

20:15:27.899 [AsyncHttpClient-1-11] DEBUG org.asynchttpclient.netty.channel.ChannelManager - Adding key: http://localhost:26543 for channel [id: 0x599f8fc6, L:/127.0.0.1:63353 - R:localhost/127.0.0.1:26543]
20:15:27.899 [Forwarding getElementText on session c1ed2164797c27713aa9e0cdecf64a6f to remote] DEBUG org.asynchttpclient.netty.request.NettyRequestSender - Using pooled Channel '[id: 0x599f8fc6, L:/127.0.0.1:63353 - R:localhost/127.0.0.1:26543]' for 'GET' to 'http://localhost:26543/session/c1ed2164797c27713aa9e0cdecf64a6f/element/f.115762F6998D0B813AEB280A0DAD9BCA.d.2F0DBB95ADDBEB53584179A60ABB5BE8.e.218/text'
20:15:27.899 [Forwarding getElementText on session c1ed2164797c27713aa9e0cdecf64a6f to remote] DEBUG org.asynchttpclient.netty.request.NettyRequestSender - Using open Channel [id: 0x599f8fc6, L:/127.0.0.1:63353 - R:localhost/127.0.0.1:26543] for GET '/session/c1ed2164797c27713aa9e0cdecf64a6f/element/f.115762F6998D0B813AEB280A0DAD9BCA.d.2F0DBB95ADDBEB53584179A60ABB5BE8.e.218/text'
20:15:27.905 [AsyncHttpClient-1-11] DEBUG org.asynchttpclient.netty.handler.HttpHandler - 

Request DefaultFullHttpRequest(decodeResult: success, version: HTTP/1.1, content: EmptyByteBufBE)
GET /session/c1ed2164797c27713aa9e0cdecf64a6f/element/f.115762F6998D0B813AEB280A0DAD9BCA.d.2F0DBB95ADDBEB53584179A60ABB5BE8.e.218/text HTTP/1.1
Cache-Control: no-cache
User-Agent: selenium/4.12.0 (java windows)
Content-Type: application/json; charset=utf-8
host: localhost:26543
accept: */*

Response DefaultHttpResponse(decodeResult: success, version: HTTP/1.1)
HTTP/1.1 200 OK
Content-Length: 23
Content-Type: application/json; charset=utf-8
cache-control: no-cache

20:15:27.905 [AsyncHttpClient-1-11] DEBUG org.asynchttpclient.netty.channel.ChannelManager - Adding key: http://localhost:26543 for channel [id: 0x599f8fc6, L:/127.0.0.1:63353 - R:localhost/127.0.0.1:26543]
actual name: Js_Steel
20:15:27.906 [Forwarding findElement on session c1ed2164797c27713aa9e0cdecf64a6f to remote] DEBUG org.asynchttpclient.netty.request.NettyRequestSender - Using pooled Channel '[id: 0x599f8fc6, L:/127.0.0.1:63353 - R:localhost/127.0.0.1:26543]' for 'POST' to 'http://localhost:26543/session/c1ed2164797c27713aa9e0cdecf64a6f/element'
20:15:27.906 [Forwarding findElement on session c1ed2164797c27713aa9e0cdecf64a6f to remote] DEBUG org.asynchttpclient.netty.request.NettyRequestSender - Using open Channel [id: 0x599f8fc6, L:/127.0.0.1:63353 - R:localhost/127.0.0.1:26543] for POST '/session/c1ed2164797c27713aa9e0cdecf64a6f/element'
20:15:27.912 [AsyncHttpClient-1-11] DEBUG org.asynchttpclient.netty.handler.HttpHandler - 

Request DefaultHttpRequest(decodeResult: success, version: HTTP/1.1)
POST /session/c1ed2164797c27713aa9e0cdecf64a6f/element HTTP/1.1
User-Agent: selenium/4.12.0 (java windows)
Content-Length: 199
Content-Type: application/json; charset=utf-8
host: localhost:26543
accept: */*

Response DefaultHttpResponse(decodeResult: success, version: HTTP/1.1)
HTTP/1.1 200 OK
Content-Length: 127
Content-Type: application/json; charset=utf-8
cache-control: no-cache

20:15:27.912 [AsyncHttpClient-1-11] DEBUG org.asynchttpclient.netty.channel.ChannelManager - Adding key: http://localhost:26543 for channel [id: 0x599f8fc6, L:/127.0.0.1:63353 - R:localhost/127.0.0.1:26543]
20:15:27.912 [Forwarding getElementText on session c1ed2164797c27713aa9e0cdecf64a6f to remote] DEBUG org.asynchttpclient.netty.request.NettyRequestSender - Using pooled Channel '[id: 0x599f8fc6, L:/127.0.0.1:63353 - R:localhost/127.0.0.1:26543]' for 'GET' to 'http://localhost:26543/session/c1ed2164797c27713aa9e0cdecf64a6f/element/f.115762F6998D0B813AEB280A0DAD9BCA.d.2F0DBB95ADDBEB53584179A60ABB5BE8.e.219/text'
20:15:27.913 [Forwarding getElementText on session c1ed2164797c27713aa9e0cdecf64a6f to remote] DEBUG org.asynchttpclient.netty.request.NettyRequestSender - Using open Channel [id: 0x599f8fc6, L:/127.0.0.1:63353 - R:localhost/127.0.0.1:26543] for GET '/session/c1ed2164797c27713aa9e0cdecf64a6f/element/f.115762F6998D0B813AEB280A0DAD9BCA.d.2F0DBB95ADDBEB53584179A60ABB5BE8.e.219/text'
20:15:27.918 [AsyncHttpClient-1-11] DEBUG org.asynchttpclient.netty.handler.HttpHandler - 

Request DefaultFullHttpRequest(decodeResult: success, version: HTTP/1.1, content: EmptyByteBufBE)
GET /session/c1ed2164797c27713aa9e0cdecf64a6f/element/f.115762F6998D0B813AEB280A0DAD9BCA.d.2F0DBB95ADDBEB53584179A60ABB5BE8.e.219/text HTTP/1.1
Cache-Control: no-cache
User-Agent: selenium/4.12.0 (java windows)
Content-Type: application/json; charset=utf-8
host: localhost:26543
accept: */*

Response DefaultHttpResponse(decodeResult: success, version: HTTP/1.1)
HTTP/1.1 200 OK
Content-Length: 23
Content-Type: application/json; charset=utf-8
cache-control: no-cache

20:15:27.918 [AsyncHttpClient-1-11] DEBUG org.asynchttpclient.netty.channel.ChannelManager - Adding key: http://localhost:26543 for channel [id: 0x599f8fc6, L:/127.0.0.1:63353 - R:localhost/127.0.0.1:26543]
actual name: Rk_Steel
20:15:27.919 [Forwarding findElement on session c1ed2164797c27713aa9e0cdecf64a6f to remote] DEBUG org.asynchttpclient.netty.request.NettyRequestSender - Using pooled Channel '[id: 0x599f8fc6, L:/127.0.0.1:63353 - R:localhost/127.0.0.1:26543]' for 'POST' to 'http://localhost:26543/session/c1ed2164797c27713aa9e0cdecf64a6f/element'
20:15:27.919 [Forwarding findElement on session c1ed2164797c27713aa9e0cdecf64a6f to remote] DEBUG org.asynchttpclient.netty.request.NettyRequestSender - Using open Channel [id: 0x599f8fc6, L:/127.0.0.1:63353 - R:localhost/127.0.0.1:26543] for POST '/session/c1ed2164797c27713aa9e0cdecf64a6f/element'
20:15:27.925 [AsyncHttpClient-1-11] DEBUG org.asynchttpclient.netty.handler.HttpHandler - 

Request DefaultHttpRequest(decodeResult: success, version: HTTP/1.1)
POST /session/c1ed2164797c27713aa9e0cdecf64a6f/element HTTP/1.1
User-Agent: selenium/4.12.0 (java windows)
Content-Length: 199
Content-Type: application/json; charset=utf-8
host: localhost:26543
accept: */*

Response DefaultHttpResponse(decodeResult: success, version: HTTP/1.1)
HTTP/1.1 200 OK
Content-Length: 127
Content-Type: application/json; charset=utf-8
cache-control: no-cache

20:15:27.925 [AsyncHttpClient-1-11] DEBUG org.asynchttpclient.netty.channel.ChannelManager - Adding key: http://localhost:26543 for channel [id: 0x599f8fc6, L:/127.0.0.1:63353 - R:localhost/127.0.0.1:26543]
20:15:27.925 [Forwarding getElementText on session c1ed2164797c27713aa9e0cdecf64a6f to remote] DEBUG org.asynchttpclient.netty.request.NettyRequestSender - Using pooled Channel '[id: 0x599f8fc6, L:/127.0.0.1:63353 - R:localhost/127.0.0.1:26543]' for 'GET' to 'http://localhost:26543/session/c1ed2164797c27713aa9e0cdecf64a6f/element/f.115762F6998D0B813AEB280A0DAD9BCA.d.2F0DBB95ADDBEB53584179A60ABB5BE8.e.220/text'
20:15:27.925 [Forwarding getElementText on session c1ed2164797c27713aa9e0cdecf64a6f to remote] DEBUG org.asynchttpclient.netty.request.NettyRequestSender - Using open Channel [id: 0x599f8fc6, L:/127.0.0.1:63353 - R:localhost/127.0.0.1:26543] for GET '/session/c1ed2164797c27713aa9e0cdecf64a6f/element/f.115762F6998D0B813AEB280A0DAD9BCA.d.2F0DBB95ADDBEB53584179A60ABB5BE8.e.220/text'
20:15:27.930 [AsyncHttpClient-1-11] DEBUG org.asynchttpclient.netty.handler.HttpHandler - 

Request DefaultFullHttpRequest(decodeResult: success, version: HTTP/1.1, content: EmptyByteBufBE)
GET /session/c1ed2164797c27713aa9e0cdecf64a6f/element/f.115762F6998D0B813AEB280A0DAD9BCA.d.2F0DBB95ADDBEB53584179A60ABB5BE8.e.220/text HTTP/1.1
Cache-Control: no-cache
User-Agent: selenium/4.12.0 (java windows)
Content-Type: application/json; charset=utf-8
host: localhost:26543
accept: */*

Response DefaultHttpResponse(decodeResult: success, version: HTTP/1.1)
HTTP/1.1 200 OK
Content-Length: 23
Content-Type: application/json; charset=utf-8
cache-control: no-cache

20:15:27.930 [AsyncHttpClient-1-11] DEBUG org.asynchttpclient.netty.channel.ChannelManager - Adding key: http://localhost:26543 for channel [id: 0x599f8fc6, L:/127.0.0.1:63353 - R:localhost/127.0.0.1:26543]
actual name: Wa_Const
20:15:27.931 [Forwarding findElement on session c1ed2164797c27713aa9e0cdecf64a6f to remote] DEBUG org.asynchttpclient.netty.request.NettyRequestSender - Using pooled Channel '[id: 0x599f8fc6, L:/127.0.0.1:63353 - R:localhost/127.0.0.1:26543]' for 'POST' to 'http://localhost:26543/session/c1ed2164797c27713aa9e0cdecf64a6f/element'
20:15:27.931 [Forwarding findElement on session c1ed2164797c27713aa9e0cdecf64a6f to remote] DEBUG org.asynchttpclient.netty.request.NettyRequestSender - Using open Channel [id: 0x599f8fc6, L:/127.0.0.1:63353 - R:localhost/127.0.0.1:26543] for POST '/session/c1ed2164797c27713aa9e0cdecf64a6f/element'
20:15:27.937 [AsyncHttpClient-1-11] DEBUG org.asynchttpclient.netty.handler.HttpHandler - 

Request DefaultHttpRequest(decodeResult: success, version: HTTP/1.1)
POST /session/c1ed2164797c27713aa9e0cdecf64a6f/element HTTP/1.1
User-Agent: selenium/4.12.0 (java windows)
Content-Length: 199
Content-Type: application/json; charset=utf-8
host: localhost:26543
accept: */*

Response DefaultHttpResponse(decodeResult: success, version: HTTP/1.1)
HTTP/1.1 200 OK
Content-Length: 127
Content-Type: application/json; charset=utf-8
cache-control: no-cache

20:15:27.937 [AsyncHttpClient-1-11] DEBUG org.asynchttpclient.netty.channel.ChannelManager - Adding key: http://localhost:26543 for channel [id: 0x599f8fc6, L:/127.0.0.1:63353 - R:localhost/127.0.0.1:26543]
20:15:27.937 [Forwarding getElementText on session c1ed2164797c27713aa9e0cdecf64a6f to remote] DEBUG org.asynchttpclient.netty.request.NettyRequestSender - Using pooled Channel '[id: 0x599f8fc6, L:/127.0.0.1:63353 - R:localhost/127.0.0.1:26543]' for 'GET' to 'http://localhost:26543/session/c1ed2164797c27713aa9e0cdecf64a6f/element/f.115762F6998D0B813AEB280A0DAD9BCA.d.2F0DBB95ADDBEB53584179A60ABB5BE8.e.221/text'
20:15:27.937 [Forwarding getElementText on session c1ed2164797c27713aa9e0cdecf64a6f to remote] DEBUG org.asynchttpclient.netty.request.NettyRequestSender - Using open Channel [id: 0x599f8fc6, L:/127.0.0.1:63353 - R:localhost/127.0.0.1:26543] for GET '/session/c1ed2164797c27713aa9e0cdecf64a6f/element/f.115762F6998D0B813AEB280A0DAD9BCA.d.2F0DBB95ADDBEB53584179A60ABB5BE8.e.221/text'
20:15:27.942 [AsyncHttpClient-1-11] DEBUG org.asynchttpclient.netty.handler.HttpHandler - 

Request DefaultFullHttpRequest(decodeResult: success, version: HTTP/1.1, content: EmptyByteBufBE)
GET /session/c1ed2164797c27713aa9e0cdecf64a6f/element/f.115762F6998D0B813AEB280A0DAD9BCA.d.2F0DBB95ADDBEB53584179A60ABB5BE8.e.221/text HTTP/1.1
Cache-Control: no-cache
User-Agent: selenium/4.12.0 (java windows)
Content-Type: application/json; charset=utf-8
host: localhost:26543
accept: */*

Response DefaultHttpResponse(decodeResult: success, version: HTTP/1.1)
HTTP/1.1 200 OK
Content-Length: 23
Content-Type: application/json; charset=utf-8
cache-control: no-cache

20:15:27.942 [AsyncHttpClient-1-11] DEBUG org.asynchttpclient.netty.channel.ChannelManager - Adding key: http://localhost:26543 for channel [id: 0x599f8fc6, L:/127.0.0.1:63353 - R:localhost/127.0.0.1:26543]
actual name: Rk_Steel
20:15:27.943 [Forwarding findElement on session c1ed2164797c27713aa9e0cdecf64a6f to remote] DEBUG org.asynchttpclient.netty.request.NettyRequestSender - Using pooled Channel '[id: 0x599f8fc6, L:/127.0.0.1:63353 - R:localhost/127.0.0.1:26543]' for 'POST' to 'http://localhost:26543/session/c1ed2164797c27713aa9e0cdecf64a6f/element'
20:15:27.943 [Forwarding findElement on session c1ed2164797c27713aa9e0cdecf64a6f to remote] DEBUG org.asynchttpclient.netty.request.NettyRequestSender - Using open Channel [id: 0x599f8fc6, L:/127.0.0.1:63353 - R:localhost/127.0.0.1:26543] for POST '/session/c1ed2164797c27713aa9e0cdecf64a6f/element'
20:15:27.950 [AsyncHttpClient-1-11] DEBUG org.asynchttpclient.netty.handler.HttpHandler - 

Request DefaultHttpRequest(decodeResult: success, version: HTTP/1.1)
POST /session/c1ed2164797c27713aa9e0cdecf64a6f/element HTTP/1.1
User-Agent: selenium/4.12.0 (java windows)
Content-Length: 199
Content-Type: application/json; charset=utf-8
host: localhost:26543
accept: */*

Response DefaultHttpResponse(decodeResult: success, version: HTTP/1.1)
HTTP/1.1 200 OK
Content-Length: 127
Content-Type: application/json; charset=utf-8
cache-control: no-cache

20:15:27.950 [AsyncHttpClient-1-11] DEBUG org.asynchttpclient.netty.channel.ChannelManager - Adding key: http://localhost:26543 for channel [id: 0x599f8fc6, L:/127.0.0.1:63353 - R:localhost/127.0.0.1:26543]
20:15:27.950 [Forwarding getElementText on session c1ed2164797c27713aa9e0cdecf64a6f to remote] DEBUG org.asynchttpclient.netty.request.NettyRequestSender - Using pooled Channel '[id: 0x599f8fc6, L:/127.0.0.1:63353 - R:localhost/127.0.0.1:26543]' for 'GET' to 'http://localhost:26543/session/c1ed2164797c27713aa9e0cdecf64a6f/element/f.115762F6998D0B813AEB280A0DAD9BCA.d.2F0DBB95ADDBEB53584179A60ABB5BE8.e.222/text'
20:15:27.951 [Forwarding getElementText on session c1ed2164797c27713aa9e0cdecf64a6f to remote] DEBUG org.asynchttpclient.netty.request.NettyRequestSender - Using open Channel [id: 0x599f8fc6, L:/127.0.0.1:63353 - R:localhost/127.0.0.1:26543] for GET '/session/c1ed2164797c27713aa9e0cdecf64a6f/element/f.115762F6998D0B813AEB280A0DAD9BCA.d.2F0DBB95ADDBEB53584179A60ABB5BE8.e.222/text'
20:15:27.955 [AsyncHttpClient-1-11] DEBUG org.asynchttpclient.netty.handler.HttpHandler - 

Request DefaultFullHttpRequest(decodeResult: success, version: HTTP/1.1, content: EmptyByteBufBE)
GET /session/c1ed2164797c27713aa9e0cdecf64a6f/element/f.115762F6998D0B813AEB280A0DAD9BCA.d.2F0DBB95ADDBEB53584179A60ABB5BE8.e.222/text HTTP/1.1
Cache-Control: no-cache
User-Agent: selenium/4.12.0 (java windows)
Content-Type: application/json; charset=utf-8
host: localhost:26543
accept: */*

Response DefaultHttpResponse(decodeResult: success, version: HTTP/1.1)
HTTP/1.1 200 OK
Content-Length: 23
Content-Type: application/json; charset=utf-8
cache-control: no-cache

20:15:27.955 [AsyncHttpClient-1-11] DEBUG org.asynchttpclient.netty.channel.ChannelManager - Adding key: http://localhost:26543 for channel [id: 0x599f8fc6, L:/127.0.0.1:63353 - R:localhost/127.0.0.1:26543]
actual name: Wa_Const
20:15:27.956 [Forwarding findElement on session c1ed2164797c27713aa9e0cdecf64a6f to remote] DEBUG org.asynchttpclient.netty.request.NettyRequestSender - Using pooled Channel '[id: 0x599f8fc6, L:/127.0.0.1:63353 - R:localhost/127.0.0.1:26543]' for 'POST' to 'http://localhost:26543/session/c1ed2164797c27713aa9e0cdecf64a6f/element'
20:15:27.956 [Forwarding findElement on session c1ed2164797c27713aa9e0cdecf64a6f to remote] DEBUG org.asynchttpclient.netty.request.NettyRequestSender - Using open Channel [id: 0x599f8fc6, L:/127.0.0.1:63353 - R:localhost/127.0.0.1:26543] for POST '/session/c1ed2164797c27713aa9e0cdecf64a6f/element'
20:15:27.962 [AsyncHttpClient-1-11] DEBUG org.asynchttpclient.netty.handler.HttpHandler - 

Request DefaultHttpRequest(decodeResult: success, version: HTTP/1.1)
POST /session/c1ed2164797c27713aa9e0cdecf64a6f/element HTTP/1.1
User-Agent: selenium/4.12.0 (java windows)
Content-Length: 199
Content-Type: application/json; charset=utf-8
host: localhost:26543
accept: */*

Response DefaultHttpResponse(decodeResult: success, version: HTTP/1.1)
HTTP/1.1 200 OK
Content-Length: 127
Content-Type: application/json; charset=utf-8
cache-control: no-cache

20:15:27.962 [AsyncHttpClient-1-11] DEBUG org.asynchttpclient.netty.channel.ChannelManager - Adding key: http://localhost:26543 for channel [id: 0x599f8fc6, L:/127.0.0.1:63353 - R:localhost/127.0.0.1:26543]
20:15:27.963 [Forwarding getElementText on session c1ed2164797c27713aa9e0cdecf64a6f to remote] DEBUG org.asynchttpclient.netty.request.NettyRequestSender - Using pooled Channel '[id: 0x599f8fc6, L:/127.0.0.1:63353 - R:localhost/127.0.0.1:26543]' for 'GET' to 'http://localhost:26543/session/c1ed2164797c27713aa9e0cdecf64a6f/element/f.115762F6998D0B813AEB280A0DAD9BCA.d.2F0DBB95ADDBEB53584179A60ABB5BE8.e.223/text'
20:15:27.963 [Forwarding getElementText on session c1ed2164797c27713aa9e0cdecf64a6f to remote] DEBUG org.asynchttpclient.netty.request.NettyRequestSender - Using open Channel [id: 0x599f8fc6, L:/127.0.0.1:63353 - R:localhost/127.0.0.1:26543] for GET '/session/c1ed2164797c27713aa9e0cdecf64a6f/element/f.115762F6998D0B813AEB280A0DAD9BCA.d.2F0DBB95ADDBEB53584179A60ABB5BE8.e.223/text'
20:15:27.971 [AsyncHttpClient-1-11] DEBUG org.asynchttpclient.netty.handler.HttpHandler - 

Request DefaultFullHttpRequest(decodeResult: success, version: HTTP/1.1, content: EmptyByteBufBE)
GET /session/c1ed2164797c27713aa9e0cdecf64a6f/element/f.115762F6998D0B813AEB280A0DAD9BCA.d.2F0DBB95ADDBEB53584179A60ABB5BE8.e.223/text HTTP/1.1
Cache-Control: no-cache
User-Agent: selenium/4.12.0 (java windows)
Content-Type: application/json; charset=utf-8
host: localhost:26543
accept: */*

Response DefaultHttpResponse(decodeResult: success, version: HTTP/1.1)
HTTP/1.1 200 OK
Content-Length: 25
Content-Type: application/json; charset=utf-8
cache-control: no-cache

20:15:27.971 [AsyncHttpClient-1-11] DEBUG org.asynchttpclient.netty.channel.ChannelManager - Adding key: http://localhost:26543 for channel [id: 0x599f8fc6, L:/127.0.0.1:63353 - R:localhost/127.0.0.1:26543]
actual name: Rock_Steel
20:15:27.972 [Forwarding findElement on session c1ed2164797c27713aa9e0cdecf64a6f to remote] DEBUG org.asynchttpclient.netty.request.NettyRequestSender - Using pooled Channel '[id: 0x599f8fc6, L:/127.0.0.1:63353 - R:localhost/127.0.0.1:26543]' for 'POST' to 'http://localhost:26543/session/c1ed2164797c27713aa9e0cdecf64a6f/element'
20:15:27.972 [Forwarding findElement on session c1ed2164797c27713aa9e0cdecf64a6f to remote] DEBUG org.asynchttpclient.netty.request.NettyRequestSender - Using open Channel [id: 0x599f8fc6, L:/127.0.0.1:63353 - R:localhost/127.0.0.1:26543] for POST '/session/c1ed2164797c27713aa9e0cdecf64a6f/element'
20:15:27.977 [AsyncHttpClient-1-11] DEBUG org.asynchttpclient.netty.handler.HttpHandler - 

Request DefaultHttpRequest(decodeResult: success, version: HTTP/1.1)
POST /session/c1ed2164797c27713aa9e0cdecf64a6f/element HTTP/1.1
User-Agent: selenium/4.12.0 (java windows)
Content-Length: 199
Content-Type: application/json; charset=utf-8
host: localhost:26543
accept: */*

Response DefaultHttpResponse(decodeResult: success, version: HTTP/1.1)
HTTP/1.1 200 OK
Content-Length: 127
Content-Type: application/json; charset=utf-8
cache-control: no-cache

20:15:27.978 [AsyncHttpClient-1-11] DEBUG org.asynchttpclient.netty.channel.ChannelManager - Adding key: http://localhost:26543 for channel [id: 0x599f8fc6, L:/127.0.0.1:63353 - R:localhost/127.0.0.1:26543]
20:15:27.978 [Forwarding getElementText on session c1ed2164797c27713aa9e0cdecf64a6f to remote] DEBUG org.asynchttpclient.netty.request.NettyRequestSender - Using pooled Channel '[id: 0x599f8fc6, L:/127.0.0.1:63353 - R:localhost/127.0.0.1:26543]' for 'GET' to 'http://localhost:26543/session/c1ed2164797c27713aa9e0cdecf64a6f/element/f.115762F6998D0B813AEB280A0DAD9BCA.d.2F0DBB95ADDBEB53584179A60ABB5BE8.e.224/text'
20:15:27.978 [Forwarding getElementText on session c1ed2164797c27713aa9e0cdecf64a6f to remote] DEBUG org.asynchttpclient.netty.request.NettyRequestSender - Using open Channel [id: 0x599f8fc6, L:/127.0.0.1:63353 - R:localhost/127.0.0.1:26543] for GET '/session/c1ed2164797c27713aa9e0cdecf64a6f/element/f.115762F6998D0B813AEB280A0DAD9BCA.d.2F0DBB95ADDBEB53584179A60ABB5BE8.e.224/text'
20:15:28.005 [AsyncHttpClient-1-11] DEBUG org.asynchttpclient.netty.handler.HttpHandler - 

Request DefaultFullHttpRequest(decodeResult: success, version: HTTP/1.1, content: EmptyByteBufBE)
GET /session/c1ed2164797c27713aa9e0cdecf64a6f/element/f.115762F6998D0B813AEB280A0DAD9BCA.d.2F0DBB95ADDBEB53584179A60ABB5BE8.e.224/text HTTP/1.1
Cache-Control: no-cache
User-Agent: selenium/4.12.0 (java windows)
Content-Type: application/json; charset=utf-8
host: localhost:26543
accept: */*

Response DefaultHttpResponse(decodeResult: success, version: HTTP/1.1)
HTTP/1.1 200 OK
Content-Length: 22
Content-Type: application/json; charset=utf-8
cache-control: no-cache

20:15:28.005 [AsyncHttpClient-1-11] DEBUG org.asynchttpclient.netty.channel.ChannelManager - Adding key: http://localhost:26543 for channel [id: 0x599f8fc6, L:/127.0.0.1:63353 - R:localhost/127.0.0.1:26543]
actual name: Walmart
20:15:28.007 [Forwarding findElement on session c1ed2164797c27713aa9e0cdecf64a6f to remote] DEBUG org.asynchttpclient.netty.request.NettyRequestSender - Using pooled Channel '[id: 0x599f8fc6, L:/127.0.0.1:63353 - R:localhost/127.0.0.1:26543]' for 'POST' to 'http://localhost:26543/session/c1ed2164797c27713aa9e0cdecf64a6f/element'
20:15:28.007 [Forwarding findElement on session c1ed2164797c27713aa9e0cdecf64a6f to remote] DEBUG org.asynchttpclient.netty.request.NettyRequestSender - Using open Channel [id: 0x599f8fc6, L:/127.0.0.1:63353 - R:localhost/127.0.0.1:26543] for POST '/session/c1ed2164797c27713aa9e0cdecf64a6f/element'
20:15:28.035 [AsyncHttpClient-1-11] DEBUG org.asynchttpclient.netty.handler.HttpHandler - 

Request DefaultHttpRequest(decodeResult: success, version: HTTP/1.1)
POST /session/c1ed2164797c27713aa9e0cdecf64a6f/element HTTP/1.1
User-Agent: selenium/4.12.0 (java windows)
Content-Length: 199
Content-Type: application/json; charset=utf-8
host: localhost:26543
accept: */*

Response DefaultHttpResponse(decodeResult: success, version: HTTP/1.1)
HTTP/1.1 200 OK
Content-Length: 127
Content-Type: application/json; charset=utf-8
cache-control: no-cache

20:15:28.035 [AsyncHttpClient-1-11] DEBUG org.asynchttpclient.netty.channel.ChannelManager - Adding key: http://localhost:26543 for channel [id: 0x599f8fc6, L:/127.0.0.1:63353 - R:localhost/127.0.0.1:26543]
20:15:28.046 [Forwarding getElementText on session c1ed2164797c27713aa9e0cdecf64a6f to remote] DEBUG org.asynchttpclient.netty.request.NettyRequestSender - Using pooled Channel '[id: 0x599f8fc6, L:/127.0.0.1:63353 - R:localhost/127.0.0.1:26543]' for 'GET' to 'http://localhost:26543/session/c1ed2164797c27713aa9e0cdecf64a6f/element/f.115762F6998D0B813AEB280A0DAD9BCA.d.2F0DBB95ADDBEB53584179A60ABB5BE8.e.225/text'
20:15:28.046 [Forwarding getElementText on session c1ed2164797c27713aa9e0cdecf64a6f to remote] DEBUG org.asynchttpclient.netty.request.NettyRequestSender - Using open Channel [id: 0x599f8fc6, L:/127.0.0.1:63353 - R:localhost/127.0.0.1:26543] for GET '/session/c1ed2164797c27713aa9e0cdecf64a6f/element/f.115762F6998D0B813AEB280A0DAD9BCA.d.2F0DBB95ADDBEB53584179A60ABB5BE8.e.225/text'
20:15:28.064 [AsyncHttpClient-1-11] DEBUG org.asynchttpclient.netty.handler.HttpHandler - 

Request DefaultFullHttpRequest(decodeResult: success, version: HTTP/1.1, content: EmptyByteBufBE)
GET /session/c1ed2164797c27713aa9e0cdecf64a6f/element/f.115762F6998D0B813AEB280A0DAD9BCA.d.2F0DBB95ADDBEB53584179A60ABB5BE8.e.225/text HTTP/1.1
Cache-Control: no-cache
User-Agent: selenium/4.12.0 (java windows)
Content-Type: application/json; charset=utf-8
host: localhost:26543
accept: */*

Response DefaultHttpResponse(decodeResult: success, version: HTTP/1.1)
HTTP/1.1 200 OK
Content-Length: 23
Content-Type: application/json; charset=utf-8
cache-control: no-cache

20:15:28.065 [AsyncHttpClient-1-11] DEBUG org.asynchttpclient.netty.channel.ChannelManager - Adding key: http://localhost:26543 for channel [id: 0x599f8fc6, L:/127.0.0.1:63353 - R:localhost/127.0.0.1:26543]
actual name: Rj_Steel
20:15:28.065 [Forwarding findElement on session c1ed2164797c27713aa9e0cdecf64a6f to remote] DEBUG org.asynchttpclient.netty.request.NettyRequestSender - Using pooled Channel '[id: 0x599f8fc6, L:/127.0.0.1:63353 - R:localhost/127.0.0.1:26543]' for 'POST' to 'http://localhost:26543/session/c1ed2164797c27713aa9e0cdecf64a6f/element'
20:15:28.065 [Forwarding findElement on session c1ed2164797c27713aa9e0cdecf64a6f to remote] DEBUG org.asynchttpclient.netty.request.NettyRequestSender - Using open Channel [id: 0x599f8fc6, L:/127.0.0.1:63353 - R:localhost/127.0.0.1:26543] for POST '/session/c1ed2164797c27713aa9e0cdecf64a6f/element'
20:15:28.084 [AsyncHttpClient-1-11] DEBUG org.asynchttpclient.netty.handler.HttpHandler - 

Request DefaultHttpRequest(decodeResult: success, version: HTTP/1.1)
POST /session/c1ed2164797c27713aa9e0cdecf64a6f/element HTTP/1.1
User-Agent: selenium/4.12.0 (java windows)
Content-Length: 199
Content-Type: application/json; charset=utf-8
host: localhost:26543
accept: */*

Response DefaultHttpResponse(decodeResult: success, version: HTTP/1.1)
HTTP/1.1 200 OK
Content-Length: 127
Content-Type: application/json; charset=utf-8
cache-control: no-cache

20:15:28.085 [AsyncHttpClient-1-11] DEBUG org.asynchttpclient.netty.channel.ChannelManager - Adding key: http://localhost:26543 for channel [id: 0x599f8fc6, L:/127.0.0.1:63353 - R:localhost/127.0.0.1:26543]
20:15:28.086 [Forwarding getElementText on session c1ed2164797c27713aa9e0cdecf64a6f to remote] DEBUG org.asynchttpclient.netty.request.NettyRequestSender - Using pooled Channel '[id: 0x599f8fc6, L:/127.0.0.1:63353 - R:localhost/127.0.0.1:26543]' for 'GET' to 'http://localhost:26543/session/c1ed2164797c27713aa9e0cdecf64a6f/element/f.115762F6998D0B813AEB280A0DAD9BCA.d.2F0DBB95ADDBEB53584179A60ABB5BE8.e.226/text'
20:15:28.086 [Forwarding getElementText on session c1ed2164797c27713aa9e0cdecf64a6f to remote] DEBUG org.asynchttpclient.netty.request.NettyRequestSender - Using open Channel [id: 0x599f8fc6, L:/127.0.0.1:63353 - R:localhost/127.0.0.1:26543] for GET '/session/c1ed2164797c27713aa9e0cdecf64a6f/element/f.115762F6998D0B813AEB280A0DAD9BCA.d.2F0DBB95ADDBEB53584179A60ABB5BE8.e.226/text'
20:15:28.100 [AsyncHttpClient-1-11] DEBUG org.asynchttpclient.netty.handler.HttpHandler - 

Request DefaultFullHttpRequest(decodeResult: success, version: HTTP/1.1, content: EmptyByteBufBE)
GET /session/c1ed2164797c27713aa9e0cdecf64a6f/element/f.115762F6998D0B813AEB280A0DAD9BCA.d.2F0DBB95ADDBEB53584179A60ABB5BE8.e.226/text HTTP/1.1
Cache-Control: no-cache
User-Agent: selenium/4.12.0 (java windows)
Content-Type: application/json; charset=utf-8
host: localhost:26543
accept: */*

Response DefaultHttpResponse(decodeResult: success, version: HTTP/1.1)
HTTP/1.1 200 OK
Content-Length: 25
Content-Type: application/json; charset=utf-8
cache-control: no-cache

20:15:28.100 [AsyncHttpClient-1-11] DEBUG org.asynchttpclient.netty.channel.ChannelManager - Adding key: http://localhost:26543 for channel [id: 0x599f8fc6, L:/127.0.0.1:63353 - R:localhost/127.0.0.1:26543]
actual name: Rock_Steel
20:15:28.102 [Forwarding findElement on session c1ed2164797c27713aa9e0cdecf64a6f to remote] DEBUG org.asynchttpclient.netty.request.NettyRequestSender - Using pooled Channel '[id: 0x599f8fc6, L:/127.0.0.1:63353 - R:localhost/127.0.0.1:26543]' for 'POST' to 'http://localhost:26543/session/c1ed2164797c27713aa9e0cdecf64a6f/element'
20:15:28.102 [Forwarding findElement on session c1ed2164797c27713aa9e0cdecf64a6f to remote] DEBUG org.asynchttpclient.netty.request.NettyRequestSender - Using open Channel [id: 0x599f8fc6, L:/127.0.0.1:63353 - R:localhost/127.0.0.1:26543] for POST '/session/c1ed2164797c27713aa9e0cdecf64a6f/element'
20:15:28.118 [AsyncHttpClient-1-11] DEBUG org.asynchttpclient.netty.handler.HttpHandler - 

Request DefaultHttpRequest(decodeResult: success, version: HTTP/1.1)
POST /session/c1ed2164797c27713aa9e0cdecf64a6f/element HTTP/1.1
User-Agent: selenium/4.12.0 (java windows)
Content-Length: 199
Content-Type: application/json; charset=utf-8
host: localhost:26543
accept: */*

Response DefaultHttpResponse(decodeResult: success, version: HTTP/1.1)
HTTP/1.1 200 OK
Content-Length: 127
Content-Type: application/json; charset=utf-8
cache-control: no-cache

20:15:28.118 [AsyncHttpClient-1-11] DEBUG org.asynchttpclient.netty.channel.ChannelManager - Adding key: http://localhost:26543 for channel [id: 0x599f8fc6, L:/127.0.0.1:63353 - R:localhost/127.0.0.1:26543]
20:15:28.119 [Forwarding getElementText on session c1ed2164797c27713aa9e0cdecf64a6f to remote] DEBUG org.asynchttpclient.netty.request.NettyRequestSender - Using pooled Channel '[id: 0x599f8fc6, L:/127.0.0.1:63353 - R:localhost/127.0.0.1:26543]' for 'GET' to 'http://localhost:26543/session/c1ed2164797c27713aa9e0cdecf64a6f/element/f.115762F6998D0B813AEB280A0DAD9BCA.d.2F0DBB95ADDBEB53584179A60ABB5BE8.e.227/text'
20:15:28.120 [Forwarding getElementText on session c1ed2164797c27713aa9e0cdecf64a6f to remote] DEBUG org.asynchttpclient.netty.request.NettyRequestSender - Using open Channel [id: 0x599f8fc6, L:/127.0.0.1:63353 - R:localhost/127.0.0.1:26543] for GET '/session/c1ed2164797c27713aa9e0cdecf64a6f/element/f.115762F6998D0B813AEB280A0DAD9BCA.d.2F0DBB95ADDBEB53584179A60ABB5BE8.e.227/text'
20:15:28.165 [AsyncHttpClient-1-11] DEBUG org.asynchttpclient.netty.handler.HttpHandler - 

Request DefaultFullHttpRequest(decodeResult: success, version: HTTP/1.1, content: EmptyByteBufBE)
GET /session/c1ed2164797c27713aa9e0cdecf64a6f/element/f.115762F6998D0B813AEB280A0DAD9BCA.d.2F0DBB95ADDBEB53584179A60ABB5BE8.e.227/text HTTP/1.1
Cache-Control: no-cache
User-Agent: selenium/4.12.0 (java windows)
Content-Type: application/json; charset=utf-8
host: localhost:26543
accept: */*

Response DefaultHttpResponse(decodeResult: success, version: HTTP/1.1)
HTTP/1.1 200 OK
Content-Length: 22
Content-Type: application/json; charset=utf-8
cache-control: no-cache

20:15:28.165 [AsyncHttpClient-1-11] DEBUG org.asynchttpclient.netty.channel.ChannelManager - Adding key: http://localhost:26543 for channel [id: 0x599f8fc6, L:/127.0.0.1:63353 - R:localhost/127.0.0.1:26543]
actual name: Walmart
Company Not created 
  Then customer successsfully added                                        # StepDefination.Customer_onboarding.customer_successsfully_added()
20:15:28.167 [AsyncHttpClient-1-13] DEBUG org.asynchttpclient.netty.handler.WebSocketHandler - Channel Closed: [id: 0x381effb8, L:/127.0.0.1:63361 ! R:localhost/127.0.0.1:63354] with attribute DISCARD
20:15:28.169 [Driver Command Executor] DEBUG org.asynchttpclient.netty.request.NettyRequestSender - Using pooled Channel '[id: 0x599f8fc6, L:/127.0.0.1:63353 - R:localhost/127.0.0.1:26543]' for 'DELETE' to 'http://localhost:26543/session/c1ed2164797c27713aa9e0cdecf64a6f'
20:15:28.169 [Driver Command Executor] DEBUG org.asynchttpclient.netty.request.NettyRequestSender - Using open Channel [id: 0x599f8fc6, L:/127.0.0.1:63353 - R:localhost/127.0.0.1:26543] for DELETE '/session/c1ed2164797c27713aa9e0cdecf64a6f'
20:15:28.230 [AsyncHttpClient-1-12] DEBUG org.asynchttpclient.netty.handler.HttpHandler - Unexpected I/O exception on channel [id: 0x58215431, L:/127.0.0.1:63360 - R:localhost/127.0.0.1:63354]
java.net.SocketException: Connection reset
	at java.base/sun.nio.ch.SocketChannelImpl.throwConnectionReset(SocketChannelImpl.java:394)
	at java.base/sun.nio.ch.SocketChannelImpl.read(SocketChannelImpl.java:426)
	at io.netty.buffer.PooledByteBuf.setBytes(PooledByteBuf.java:254)
	at io.netty.buffer.AbstractByteBuf.writeBytes(AbstractByteBuf.java:1132)
	at io.netty.channel.socket.nio.NioSocketChannel.doReadBytes(NioSocketChannel.java:357)
	at io.netty.channel.nio.AbstractNioByteChannel$NioByteUnsafe.read(AbstractNioByteChannel.java:151)
	at io.netty.channel.nio.NioEventLoop.processSelectedKey(NioEventLoop.java:788)
	at io.netty.channel.nio.NioEventLoop.processSelectedKeysOptimized(NioEventLoop.java:724)
	at io.netty.channel.nio.NioEventLoop.processSelectedKeys(NioEventLoop.java:650)
	at io.netty.channel.nio.NioEventLoop.run(NioEventLoop.java:562)
	at io.netty.util.concurrent.SingleThreadEventExecutor$4.run(SingleThreadEventExecutor.java:997)
	at io.netty.util.internal.ThreadExecutorMap$2.run(ThreadExecutorMap.java:74)
	at io.netty.util.concurrent.FastThreadLocalRunnable.run(FastThreadLocalRunnable.java:30)
	at java.base/java.lang.Thread.run(Thread.java:840)
20:15:28.230 [AsyncHttpClient-1-12] DEBUG org.asynchttpclient.netty.channel.ChannelManager - Closing Channel [id: 0x58215431, L:/127.0.0.1:63360 - R:localhost/127.0.0.1:63354] 
20:15:28.230 [AsyncHttpClient-1-12] DEBUG org.asynchttpclient.netty.handler.HttpHandler - Channel Closed: [id: 0x58215431, L:/127.0.0.1:63360 ! R:localhost/127.0.0.1:63354] with attribute DISCARD
20:15:28.262 [AsyncHttpClient-1-11] DEBUG org.asynchttpclient.netty.handler.HttpHandler - 

Request DefaultFullHttpRequest(decodeResult: success, version: HTTP/1.1, content: EmptyByteBufBE)
DELETE /session/c1ed2164797c27713aa9e0cdecf64a6f HTTP/1.1
User-Agent: selenium/4.12.0 (java windows)
Content-Type: application/json; charset=utf-8
host: localhost:26543
accept: */*

Response DefaultHttpResponse(decodeResult: success, version: HTTP/1.1)
HTTP/1.1 200 OK
Content-Length: 14
Content-Type: application/json; charset=utf-8
cache-control: no-cache

20:15:28.262 [AsyncHttpClient-1-11] DEBUG org.asynchttpclient.netty.channel.ChannelManager - Adding key: http://localhost:26543 for channel [id: 0x599f8fc6, L:/127.0.0.1:63353 - R:localhost/127.0.0.1:26543]
20:15:28.341 [AsyncHttpClient-1-1] DEBUG org.asynchttpclient.netty.channel.DefaultChannelPool - Entry count for : http://localhost:63354 : 1
20:15:28.341 [AsyncHttpClient-1-1] DEBUG org.asynchttpclient.netty.channel.DefaultChannelPool - Entry count for : http://localhost:26543 : 1
20:15:28.341 [AsyncHttpClient-1-1] DEBUG org.asynchttpclient.netty.channel.DefaultChannelPool - Adding Candidate expired Channel [id: 0x58215431, L:/127.0.0.1:63360 ! R:localhost/127.0.0.1:63354] isIdleTimeoutExpired=false isRemotelyClosed=true isTtlExpired=false
20:15:28.341 [AsyncHttpClient-1-1] DEBUG org.asynchttpclient.netty.channel.DefaultChannelPool - Closing Idle Channel [id: 0x58215431, L:/127.0.0.1:63360 ! R:localhost/127.0.0.1:63354]
20:15:28.341 [AsyncHttpClient-1-1] DEBUG org.asynchttpclient.netty.channel.DefaultChannelPool - Closed 1 connections out of 2 in 0 ms
20:15:28.688 [AsyncHttpClient-1-11] DEBUG org.asynchttpclient.netty.handler.HttpHandler - Channel Closed: [id: 0x599f8fc6, L:/127.0.0.1:63353 ! R:localhost/127.0.0.1:26543] with attribute DISCARD
  And Close_Window                                                         # StepDefination.Customer_onboarding.close_window()
      java.lang.NullPointerException: Cannot invoke "org.openqa.selenium.WebDriver.quit()" because "this.Idriver" is null
	at PageObjects.Base_class.close_window(Base_class.java:52)
	at StepDefination.Signin.close_window(Signin.java:119)
	at StepDefination.My_Load.AfterAll(My_Load.java:144)

]]></system-out>
    <system-err><![CDATA[Jan 18, 2025 8:14:50 PM org.openqa.selenium.devtools.CdpVersionFinder findNearestMatch
WARNING: Unable to find CDP implementation matching 131
Jan 18, 2025 8:14:50 PM org.openqa.selenium.chromium.ChromiumDriver lambda$new$5
WARNING: Unable to find version of CDP to use for 131.0.6778.265. You may need to include a dependency on a specific version of the CDP using something similar to `org.seleniumhq.selenium:selenium-devtools-v86:4.12.0` where the version ("v86") matches the version of the chromium-based browser you're using and the version number of the artifact is the same as Selenium's.
]]></system-err>
  </testcase>
  <testcase name="Add single customer with all details" classname="Customer Onboarding form for Broker" time="39.295">
    <error message="Cannot invoke &quot;org.openqa.selenium.WebDriver.quit()&quot; because &quot;this.Idriver&quot; is null" type="java.lang.NullPointerException"><![CDATA[java.lang.NullPointerException: Cannot invoke "org.openqa.selenium.WebDriver.quit()" because "this.Idriver" is null
	at PageObjects.Base_class.close_window(Base_class.java:52)
	at StepDefination.Signin.close_window(Signin.java:119)
	at StepDefination.My_Load.AfterAll(My_Load.java:144)
]]></error>
    <system-out><![CDATA[
Scenario Outline: Add single customer with all details                     # src/test/resources/Customers/Customer_form.feature:21
20:15:29.066 [AsyncHttpClient-1-14] DEBUG org.asynchttpclient.netty.channel.NettyConnectListener - Using new Channel '[id: 0x66e76fbe, L:/127.0.0.1:63406 - R:localhost/127.0.0.1:9941]' for 'POST' to '/session'
20:15:29.428 [AsyncHttpClient-1-1] DEBUG org.asynchttpclient.netty.channel.DefaultChannelPool - Entry count for : http://localhost:26543 : 1
20:15:29.428 [AsyncHttpClient-1-1] DEBUG org.asynchttpclient.netty.channel.DefaultChannelPool - Adding Candidate expired Channel [id: 0x599f8fc6, L:/127.0.0.1:63353 ! R:localhost/127.0.0.1:26543] isIdleTimeoutExpired=false isRemotelyClosed=true isTtlExpired=false
20:15:29.428 [AsyncHttpClient-1-1] DEBUG org.asynchttpclient.netty.channel.DefaultChannelPool - Closing Idle Channel [id: 0x599f8fc6, L:/127.0.0.1:63353 ! R:localhost/127.0.0.1:26543]
20:15:29.428 [AsyncHttpClient-1-1] DEBUG org.asynchttpclient.netty.channel.DefaultChannelPool - Closed 1 connections out of 1 in 0 ms
20:15:29.847 [AsyncHttpClient-1-14] DEBUG org.asynchttpclient.netty.handler.HttpHandler - 

Request DefaultHttpRequest(decodeResult: success, version: HTTP/1.1)
POST /session HTTP/1.1
User-Agent: selenium/4.12.0 (java windows)
Content-Length: 254
Content-Type: application/json; charset=utf-8
host: localhost:9941
accept: */*

Response DefaultHttpResponse(decodeResult: success, version: HTTP/1.1)
HTTP/1.1 200 OK
Content-Length: 887
Content-Type: application/json; charset=utf-8
cache-control: no-cache

20:15:29.847 [AsyncHttpClient-1-14] DEBUG org.asynchttpclient.netty.channel.ChannelManager - Adding key: http://localhost:9941 for channel [id: 0x66e76fbe, L:/127.0.0.1:63406 - R:localhost/127.0.0.1:9941]
20:15:29.867 [AsyncHttpClient-1-15] DEBUG org.asynchttpclient.netty.channel.NettyConnectListener - Using new Channel '[id: 0xf494738a, L:/127.0.0.1:63413 - R:localhost/127.0.0.1:63407]' for 'GET' to '/json/version'
20:15:29.869 [AsyncHttpClient-1-15] DEBUG org.asynchttpclient.netty.handler.HttpHandler - 

Request DefaultFullHttpRequest(decodeResult: success, version: HTTP/1.1, content: EmptyByteBufBE)
GET /json/version HTTP/1.1
User-Agent: selenium/4.12.0 (java windows)
host: localhost:63407
accept: */*

Response DefaultHttpResponse(decodeResult: success, version: HTTP/1.1)
HTTP/1.1 200 OK
Content-Security-Policy: frame-ancestors 'none'
Content-Length: 424
Content-Type: application/json; charset=UTF-8

20:15:29.869 [AsyncHttpClient-1-15] DEBUG org.asynchttpclient.netty.channel.ChannelManager - Adding key: http://localhost:63407 for channel [id: 0xf494738a, L:/127.0.0.1:63413 - R:localhost/127.0.0.1:63407]
20:15:29.873 [AsyncHttpClient-1-16] DEBUG org.asynchttpclient.netty.channel.NettyConnectListener - Using new Channel '[id: 0xec69c1cd, L:/127.0.0.1:63414 - R:localhost/127.0.0.1:63407]' for 'GET' to '/devtools/browser/e585b090-9a3f-46f2-89a5-373117e6a55a'
20:15:29.876 [AsyncHttpClient-1-16] DEBUG org.asynchttpclient.netty.handler.WebSocketHandler - 

Request DefaultFullHttpRequest(decodeResult: success, version: HTTP/1.1, content: EmptyByteBufBE)
GET /devtools/browser/e585b090-9a3f-46f2-89a5-373117e6a55a HTTP/1.1
upgrade: websocket
connection: upgrade
sec-websocket-key: j0+gsg7jd4DtqdTg50D3pA==
sec-websocket-version: 13
origin: http://localhost:63407
host: localhost:63407
accept: */*
user-agent: AHC/2.1

Response DefaultHttpResponse(decodeResult: success, version: HTTP/1.1)
HTTP/1.1 101 WebSocket Protocol Handshake
Upgrade: WebSocket
Connection: Upgrade
Sec-WebSocket-Accept: k7zSvsoA0Xy1eAufttoWvEnkX0I=

20:15:29.887 [Forwarding get on session 7c6fb0e600dfe3dd7c5e1cff269d3a6c to remote] DEBUG org.asynchttpclient.netty.request.NettyRequestSender - Using pooled Channel '[id: 0x66e76fbe, L:/127.0.0.1:63406 - R:localhost/127.0.0.1:9941]' for 'POST' to 'http://localhost:9941/session/7c6fb0e600dfe3dd7c5e1cff269d3a6c/url'
20:15:29.887 [Forwarding get on session 7c6fb0e600dfe3dd7c5e1cff269d3a6c to remote] DEBUG org.asynchttpclient.netty.request.NettyRequestSender - Using open Channel [id: 0x66e76fbe, L:/127.0.0.1:63406 - R:localhost/127.0.0.1:9941] for POST '/session/7c6fb0e600dfe3dd7c5e1cff269d3a6c/url'
20:15:30.529 [AsyncHttpClient-1-1] DEBUG org.asynchttpclient.netty.channel.DefaultChannelPool - Entry count for : http://localhost:63407 : 1
20:15:31.388 [AsyncHttpClient-1-14] DEBUG org.asynchttpclient.netty.handler.HttpHandler - 

Request DefaultHttpRequest(decodeResult: success, version: HTTP/1.1)
POST /session/7c6fb0e600dfe3dd7c5e1cff269d3a6c/url HTTP/1.1
User-Agent: selenium/4.12.0 (java windows)
Content-Length: 92
Content-Type: application/json; charset=utf-8
host: localhost:9941
accept: */*

Response DefaultHttpResponse(decodeResult: success, version: HTTP/1.1)
HTTP/1.1 200 OK
Content-Length: 14
Content-Type: application/json; charset=utf-8
cache-control: no-cache

20:15:31.388 [AsyncHttpClient-1-14] DEBUG org.asynchttpclient.netty.channel.ChannelManager - Adding key: http://localhost:9941 for channel [id: 0x66e76fbe, L:/127.0.0.1:63406 - R:localhost/127.0.0.1:9941]
20:15:31.388 [Forwarding maximizeCurrentWindow on session 7c6fb0e600dfe3dd7c5e1cff269d3a6c to remote] DEBUG org.asynchttpclient.netty.request.NettyRequestSender - Using pooled Channel '[id: 0x66e76fbe, L:/127.0.0.1:63406 - R:localhost/127.0.0.1:9941]' for 'POST' to 'http://localhost:9941/session/7c6fb0e600dfe3dd7c5e1cff269d3a6c/window/maximize'
20:15:31.388 [Forwarding maximizeCurrentWindow on session 7c6fb0e600dfe3dd7c5e1cff269d3a6c to remote] DEBUG org.asynchttpclient.netty.request.NettyRequestSender - Using open Channel [id: 0x66e76fbe, L:/127.0.0.1:63406 - R:localhost/127.0.0.1:9941] for POST '/session/7c6fb0e600dfe3dd7c5e1cff269d3a6c/window/maximize'
20:15:31.417 [AsyncHttpClient-1-14] DEBUG org.asynchttpclient.netty.handler.HttpHandler - 

Request DefaultHttpRequest(decodeResult: success, version: HTTP/1.1)
POST /session/7c6fb0e600dfe3dd7c5e1cff269d3a6c/window/maximize HTTP/1.1
User-Agent: selenium/4.12.0 (java windows)
Content-Length: 3
Content-Type: application/json; charset=utf-8
host: localhost:9941
accept: */*

Response DefaultHttpResponse(decodeResult: success, version: HTTP/1.1)
HTTP/1.1 200 OK
Content-Length: 51
Content-Type: application/json; charset=utf-8
cache-control: no-cache

20:15:31.417 [AsyncHttpClient-1-14] DEBUG org.asynchttpclient.netty.channel.ChannelManager - Adding key: http://localhost:9941 for channel [id: 0x66e76fbe, L:/127.0.0.1:63406 - R:localhost/127.0.0.1:9941]
20:15:31.417 [Forwarding findElement on session 7c6fb0e600dfe3dd7c5e1cff269d3a6c to remote] DEBUG org.asynchttpclient.netty.request.NettyRequestSender - Using pooled Channel '[id: 0x66e76fbe, L:/127.0.0.1:63406 - R:localhost/127.0.0.1:9941]' for 'POST' to 'http://localhost:9941/session/7c6fb0e600dfe3dd7c5e1cff269d3a6c/element'
20:15:31.417 [Forwarding findElement on session 7c6fb0e600dfe3dd7c5e1cff269d3a6c to remote] DEBUG org.asynchttpclient.netty.request.NettyRequestSender - Using open Channel [id: 0x66e76fbe, L:/127.0.0.1:63406 - R:localhost/127.0.0.1:9941] for POST '/session/7c6fb0e600dfe3dd7c5e1cff269d3a6c/element'
20:15:31.434 [AsyncHttpClient-1-14] DEBUG org.asynchttpclient.netty.handler.HttpHandler - 

Request DefaultHttpRequest(decodeResult: success, version: HTTP/1.1)
POST /session/7c6fb0e600dfe3dd7c5e1cff269d3a6c/element HTTP/1.1
User-Agent: selenium/4.12.0 (java windows)
Content-Length: 69
Content-Type: application/json; charset=utf-8
host: localhost:9941
accept: */*

Response DefaultHttpResponse(decodeResult: success, version: HTTP/1.1)
HTTP/1.1 200 OK
Content-Length: 125
Content-Type: application/json; charset=utf-8
cache-control: no-cache

20:15:31.434 [AsyncHttpClient-1-14] DEBUG org.asynchttpclient.netty.channel.ChannelManager - Adding key: http://localhost:9941 for channel [id: 0x66e76fbe, L:/127.0.0.1:63406 - R:localhost/127.0.0.1:9941]
20:15:31.434 [Forwarding sendKeysToElement on session 7c6fb0e600dfe3dd7c5e1cff269d3a6c to remote] DEBUG org.asynchttpclient.netty.request.NettyRequestSender - Using pooled Channel '[id: 0x66e76fbe, L:/127.0.0.1:63406 - R:localhost/127.0.0.1:9941]' for 'POST' to 'http://localhost:9941/session/7c6fb0e600dfe3dd7c5e1cff269d3a6c/element/f.99EB50FD5A94E738947D898E72E4608D.d.FC53C6D932009098F3458762568EAAAE.e.4/value'
20:15:31.434 [Forwarding sendKeysToElement on session 7c6fb0e600dfe3dd7c5e1cff269d3a6c to remote] DEBUG org.asynchttpclient.netty.request.NettyRequestSender - Using open Channel [id: 0x66e76fbe, L:/127.0.0.1:63406 - R:localhost/127.0.0.1:9941] for POST '/session/7c6fb0e600dfe3dd7c5e1cff269d3a6c/element/f.99EB50FD5A94E738947D898E72E4608D.d.FC53C6D932009098F3458762568EAAAE.e.4/value'
20:15:31.549 [AsyncHttpClient-1-14] DEBUG org.asynchttpclient.netty.handler.HttpHandler - 

Request DefaultHttpRequest(decodeResult: success, version: HTTP/1.1)
POST /session/7c6fb0e600dfe3dd7c5e1cff269d3a6c/element/f.99EB50FD5A94E738947D898E72E4608D.d.FC53C6D932009098F3458762568EAAAE.e.4/value HTTP/1.1
User-Agent: selenium/4.12.0 (java windows)
Content-Length: 338
Content-Type: application/json; charset=utf-8
host: localhost:9941
accept: */*

Response DefaultHttpResponse(decodeResult: success, version: HTTP/1.1)
HTTP/1.1 200 OK
Content-Length: 14
Content-Type: application/json; charset=utf-8
cache-control: no-cache

20:15:31.549 [AsyncHttpClient-1-14] DEBUG org.asynchttpclient.netty.channel.ChannelManager - Adding key: http://localhost:9941 for channel [id: 0x66e76fbe, L:/127.0.0.1:63406 - R:localhost/127.0.0.1:9941]
20:15:31.549 [Forwarding findElement on session 7c6fb0e600dfe3dd7c5e1cff269d3a6c to remote] DEBUG org.asynchttpclient.netty.request.NettyRequestSender - Using pooled Channel '[id: 0x66e76fbe, L:/127.0.0.1:63406 - R:localhost/127.0.0.1:9941]' for 'POST' to 'http://localhost:9941/session/7c6fb0e600dfe3dd7c5e1cff269d3a6c/element'
20:15:31.549 [Forwarding findElement on session 7c6fb0e600dfe3dd7c5e1cff269d3a6c to remote] DEBUG org.asynchttpclient.netty.request.NettyRequestSender - Using open Channel [id: 0x66e76fbe, L:/127.0.0.1:63406 - R:localhost/127.0.0.1:9941] for POST '/session/7c6fb0e600dfe3dd7c5e1cff269d3a6c/element'
20:15:31.549 [AsyncHttpClient-1-14] DEBUG org.asynchttpclient.netty.handler.HttpHandler - 

Request DefaultHttpRequest(decodeResult: success, version: HTTP/1.1)
POST /session/7c6fb0e600dfe3dd7c5e1cff269d3a6c/element HTTP/1.1
User-Agent: selenium/4.12.0 (java windows)
Content-Length: 72
Content-Type: application/json; charset=utf-8
host: localhost:9941
accept: */*

Response DefaultHttpResponse(decodeResult: success, version: HTTP/1.1)
HTTP/1.1 200 OK
Content-Length: 125
Content-Type: application/json; charset=utf-8
cache-control: no-cache

20:15:31.549 [AsyncHttpClient-1-14] DEBUG org.asynchttpclient.netty.channel.ChannelManager - Adding key: http://localhost:9941 for channel [id: 0x66e76fbe, L:/127.0.0.1:63406 - R:localhost/127.0.0.1:9941]
20:15:31.549 [Forwarding sendKeysToElement on session 7c6fb0e600dfe3dd7c5e1cff269d3a6c to remote] DEBUG org.asynchttpclient.netty.request.NettyRequestSender - Using pooled Channel '[id: 0x66e76fbe, L:/127.0.0.1:63406 - R:localhost/127.0.0.1:9941]' for 'POST' to 'http://localhost:9941/session/7c6fb0e600dfe3dd7c5e1cff269d3a6c/element/f.99EB50FD5A94E738947D898E72E4608D.d.FC53C6D932009098F3458762568EAAAE.e.6/value'
20:15:31.549 [Forwarding sendKeysToElement on session 7c6fb0e600dfe3dd7c5e1cff269d3a6c to remote] DEBUG org.asynchttpclient.netty.request.NettyRequestSender - Using open Channel [id: 0x66e76fbe, L:/127.0.0.1:63406 - R:localhost/127.0.0.1:9941] for POST '/session/7c6fb0e600dfe3dd7c5e1cff269d3a6c/element/f.99EB50FD5A94E738947D898E72E4608D.d.FC53C6D932009098F3458762568EAAAE.e.6/value'
20:15:31.617 [AsyncHttpClient-1-14] DEBUG org.asynchttpclient.netty.handler.HttpHandler - 

Request DefaultHttpRequest(decodeResult: success, version: HTTP/1.1)
POST /session/7c6fb0e600dfe3dd7c5e1cff269d3a6c/element/f.99EB50FD5A94E738947D898E72E4608D.d.FC53C6D932009098F3458762568EAAAE.e.6/value HTTP/1.1
User-Agent: selenium/4.12.0 (java windows)
Content-Length: 208
Content-Type: application/json; charset=utf-8
host: localhost:9941
accept: */*

Response DefaultHttpResponse(decodeResult: success, version: HTTP/1.1)
HTTP/1.1 200 OK
Content-Length: 14
Content-Type: application/json; charset=utf-8
cache-control: no-cache

20:15:31.617 [AsyncHttpClient-1-14] DEBUG org.asynchttpclient.netty.channel.ChannelManager - Adding key: http://localhost:9941 for channel [id: 0x66e76fbe, L:/127.0.0.1:63406 - R:localhost/127.0.0.1:9941]
20:15:31.618 [Forwarding findElement on session 7c6fb0e600dfe3dd7c5e1cff269d3a6c to remote] DEBUG org.asynchttpclient.netty.request.NettyRequestSender - Using pooled Channel '[id: 0x66e76fbe, L:/127.0.0.1:63406 - R:localhost/127.0.0.1:9941]' for 'POST' to 'http://localhost:9941/session/7c6fb0e600dfe3dd7c5e1cff269d3a6c/element'
20:15:31.618 [Forwarding findElement on session 7c6fb0e600dfe3dd7c5e1cff269d3a6c to remote] DEBUG org.asynchttpclient.netty.request.NettyRequestSender - Using open Channel [id: 0x66e76fbe, L:/127.0.0.1:63406 - R:localhost/127.0.0.1:9941] for POST '/session/7c6fb0e600dfe3dd7c5e1cff269d3a6c/element'
20:15:31.618 [AsyncHttpClient-1-14] DEBUG org.asynchttpclient.netty.handler.HttpHandler - 

Request DefaultHttpRequest(decodeResult: success, version: HTTP/1.1)
POST /session/7c6fb0e600dfe3dd7c5e1cff269d3a6c/element HTTP/1.1
User-Agent: selenium/4.12.0 (java windows)
Content-Length: 73
Content-Type: application/json; charset=utf-8
host: localhost:9941
accept: */*

Response DefaultHttpResponse(decodeResult: success, version: HTTP/1.1)
HTTP/1.1 200 OK
Content-Length: 125
Content-Type: application/json; charset=utf-8
cache-control: no-cache

20:15:31.618 [AsyncHttpClient-1-14] DEBUG org.asynchttpclient.netty.channel.ChannelManager - Adding key: http://localhost:9941 for channel [id: 0x66e76fbe, L:/127.0.0.1:63406 - R:localhost/127.0.0.1:9941]
20:15:31.618 [Forwarding clickElement on session 7c6fb0e600dfe3dd7c5e1cff269d3a6c to remote] DEBUG org.asynchttpclient.netty.request.NettyRequestSender - Using pooled Channel '[id: 0x66e76fbe, L:/127.0.0.1:63406 - R:localhost/127.0.0.1:9941]' for 'POST' to 'http://localhost:9941/session/7c6fb0e600dfe3dd7c5e1cff269d3a6c/element/f.99EB50FD5A94E738947D898E72E4608D.d.FC53C6D932009098F3458762568EAAAE.e.8/click'
20:15:31.618 [Forwarding clickElement on session 7c6fb0e600dfe3dd7c5e1cff269d3a6c to remote] DEBUG org.asynchttpclient.netty.request.NettyRequestSender - Using open Channel [id: 0x66e76fbe, L:/127.0.0.1:63406 - R:localhost/127.0.0.1:9941] for POST '/session/7c6fb0e600dfe3dd7c5e1cff269d3a6c/element/f.99EB50FD5A94E738947D898E72E4608D.d.FC53C6D932009098F3458762568EAAAE.e.8/click'
20:15:31.646 [AsyncHttpClient-1-1] DEBUG org.asynchttpclient.netty.channel.DefaultChannelPool - Entry count for : http://localhost:63407 : 1
20:15:31.674 [AsyncHttpClient-1-14] DEBUG org.asynchttpclient.netty.handler.HttpHandler - 

Request DefaultHttpRequest(decodeResult: success, version: HTTP/1.1)
POST /session/7c6fb0e600dfe3dd7c5e1cff269d3a6c/element/f.99EB50FD5A94E738947D898E72E4608D.d.FC53C6D932009098F3458762568EAAAE.e.8/click HTTP/1.1
User-Agent: selenium/4.12.0 (java windows)
Content-Length: 87
Content-Type: application/json; charset=utf-8
host: localhost:9941
accept: */*

Response DefaultHttpResponse(decodeResult: success, version: HTTP/1.1)
HTTP/1.1 200 OK
Content-Length: 14
Content-Type: application/json; charset=utf-8
cache-control: no-cache

20:15:31.674 [AsyncHttpClient-1-14] DEBUG org.asynchttpclient.netty.channel.ChannelManager - Adding key: http://localhost:9941 for channel [id: 0x66e76fbe, L:/127.0.0.1:63406 - R:localhost/127.0.0.1:9941]
20:15:32.740 [AsyncHttpClient-1-1] DEBUG org.asynchttpclient.netty.channel.DefaultChannelPool - Entry count for : http://localhost:9941 : 1
20:15:32.740 [AsyncHttpClient-1-1] DEBUG org.asynchttpclient.netty.channel.DefaultChannelPool - Entry count for : http://localhost:63407 : 1
20:15:33.833 [AsyncHttpClient-1-1] DEBUG org.asynchttpclient.netty.channel.DefaultChannelPool - Entry count for : http://localhost:9941 : 1
20:15:33.833 [AsyncHttpClient-1-1] DEBUG org.asynchttpclient.netty.channel.DefaultChannelPool - Entry count for : http://localhost:63407 : 1
20:15:34.931 [AsyncHttpClient-1-1] DEBUG org.asynchttpclient.netty.channel.DefaultChannelPool - Entry count for : http://localhost:9941 : 1
20:15:34.931 [AsyncHttpClient-1-1] DEBUG org.asynchttpclient.netty.channel.DefaultChannelPool - Entry count for : http://localhost:63407 : 1
20:15:36.027 [AsyncHttpClient-1-1] DEBUG org.asynchttpclient.netty.channel.DefaultChannelPool - Entry count for : http://localhost:9941 : 1
20:15:36.027 [AsyncHttpClient-1-1] DEBUG org.asynchttpclient.netty.channel.DefaultChannelPool - Entry count for : http://localhost:63407 : 1
20:15:36.690 [Forwarding getCurrentUrl on session 7c6fb0e600dfe3dd7c5e1cff269d3a6c to remote] DEBUG org.asynchttpclient.netty.request.NettyRequestSender - Using pooled Channel '[id: 0x66e76fbe, L:/127.0.0.1:63406 - R:localhost/127.0.0.1:9941]' for 'GET' to 'http://localhost:9941/session/7c6fb0e600dfe3dd7c5e1cff269d3a6c/url'
20:15:36.690 [Forwarding getCurrentUrl on session 7c6fb0e600dfe3dd7c5e1cff269d3a6c to remote] DEBUG org.asynchttpclient.netty.request.NettyRequestSender - Using open Channel [id: 0x66e76fbe, L:/127.0.0.1:63406 - R:localhost/127.0.0.1:9941] for GET '/session/7c6fb0e600dfe3dd7c5e1cff269d3a6c/url'
20:15:36.690 [AsyncHttpClient-1-14] DEBUG org.asynchttpclient.netty.handler.HttpHandler - 

Request DefaultFullHttpRequest(decodeResult: success, version: HTTP/1.1, content: EmptyByteBufBE)
GET /session/7c6fb0e600dfe3dd7c5e1cff269d3a6c/url HTTP/1.1
Cache-Control: no-cache
User-Agent: selenium/4.12.0 (java windows)
Content-Type: application/json; charset=utf-8
host: localhost:9941
accept: */*

Response DefaultHttpResponse(decodeResult: success, version: HTTP/1.1)
HTTP/1.1 200 OK
Content-Length: 69
Content-Type: application/json; charset=utf-8
cache-control: no-cache

20:15:36.690 [AsyncHttpClient-1-14] DEBUG org.asynchttpclient.netty.channel.ChannelManager - Adding key: http://localhost:9941 for channel [id: 0x66e76fbe, L:/127.0.0.1:63406 - R:localhost/127.0.0.1:9941]
https://fleet-manager-development.vercel.app/auth/sign-in
20:15:36.690 [Forwarding findElement on session 7c6fb0e600dfe3dd7c5e1cff269d3a6c to remote] DEBUG org.asynchttpclient.netty.request.NettyRequestSender - Using pooled Channel '[id: 0x66e76fbe, L:/127.0.0.1:63406 - R:localhost/127.0.0.1:9941]' for 'POST' to 'http://localhost:9941/session/7c6fb0e600dfe3dd7c5e1cff269d3a6c/element'
20:15:36.690 [Forwarding findElement on session 7c6fb0e600dfe3dd7c5e1cff269d3a6c to remote] DEBUG org.asynchttpclient.netty.request.NettyRequestSender - Using open Channel [id: 0x66e76fbe, L:/127.0.0.1:63406 - R:localhost/127.0.0.1:9941] for POST '/session/7c6fb0e600dfe3dd7c5e1cff269d3a6c/element'
20:15:36.705 [AsyncHttpClient-1-14] DEBUG org.asynchttpclient.netty.handler.HttpHandler - 

Request DefaultHttpRequest(decodeResult: success, version: HTTP/1.1)
POST /session/7c6fb0e600dfe3dd7c5e1cff269d3a6c/element HTTP/1.1
User-Agent: selenium/4.12.0 (java windows)
Content-Length: 66
Content-Type: application/json; charset=utf-8
host: localhost:9941
accept: */*

Response DefaultHttpResponse(decodeResult: success, version: HTTP/1.1)
HTTP/1.1 200 OK
Content-Length: 126
Content-Type: application/json; charset=utf-8
cache-control: no-cache

20:15:36.705 [AsyncHttpClient-1-14] DEBUG org.asynchttpclient.netty.channel.ChannelManager - Adding key: http://localhost:9941 for channel [id: 0x66e76fbe, L:/127.0.0.1:63406 - R:localhost/127.0.0.1:9941]
20:15:36.705 [Forwarding isElementDisplayed on session 7c6fb0e600dfe3dd7c5e1cff269d3a6c to remote] DEBUG org.asynchttpclient.netty.request.NettyRequestSender - Using pooled Channel '[id: 0x66e76fbe, L:/127.0.0.1:63406 - R:localhost/127.0.0.1:9941]' for 'POST' to 'http://localhost:9941/session/7c6fb0e600dfe3dd7c5e1cff269d3a6c/execute/sync'
20:15:36.705 [Forwarding isElementDisplayed on session 7c6fb0e600dfe3dd7c5e1cff269d3a6c to remote] DEBUG org.asynchttpclient.netty.request.NettyRequestSender - Using open Channel [id: 0x66e76fbe, L:/127.0.0.1:63406 - R:localhost/127.0.0.1:9941] for POST '/session/7c6fb0e600dfe3dd7c5e1cff269d3a6c/execute/sync'
20:15:36.721 [AsyncHttpClient-1-14] DEBUG org.asynchttpclient.netty.handler.HttpHandler - 

Request DefaultHttpRequest(decodeResult: success, version: HTTP/1.1)
POST /session/7c6fb0e600dfe3dd7c5e1cff269d3a6c/execute/sync HTTP/1.1
User-Agent: selenium/4.12.0 (java windows)
Content-Length: 48734
Content-Type: application/json; charset=utf-8
host: localhost:9941
accept: */*

Response DefaultHttpResponse(decodeResult: success, version: HTTP/1.1)
HTTP/1.1 200 OK
Content-Length: 14
Content-Type: application/json; charset=utf-8
cache-control: no-cache

20:15:36.721 [AsyncHttpClient-1-14] DEBUG org.asynchttpclient.netty.channel.ChannelManager - Adding key: http://localhost:9941 for channel [id: 0x66e76fbe, L:/127.0.0.1:63406 - R:localhost/127.0.0.1:9941]
20:15:36.721 [Forwarding findElement on session 7c6fb0e600dfe3dd7c5e1cff269d3a6c to remote] DEBUG org.asynchttpclient.netty.request.NettyRequestSender - Using pooled Channel '[id: 0x66e76fbe, L:/127.0.0.1:63406 - R:localhost/127.0.0.1:9941]' for 'POST' to 'http://localhost:9941/session/7c6fb0e600dfe3dd7c5e1cff269d3a6c/element'
20:15:36.721 [Forwarding findElement on session 7c6fb0e600dfe3dd7c5e1cff269d3a6c to remote] DEBUG org.asynchttpclient.netty.request.NettyRequestSender - Using open Channel [id: 0x66e76fbe, L:/127.0.0.1:63406 - R:localhost/127.0.0.1:9941] for POST '/session/7c6fb0e600dfe3dd7c5e1cff269d3a6c/element'
20:15:36.721 [AsyncHttpClient-1-14] DEBUG org.asynchttpclient.netty.handler.HttpHandler - 

Request DefaultHttpRequest(decodeResult: success, version: HTTP/1.1)
POST /session/7c6fb0e600dfe3dd7c5e1cff269d3a6c/element HTTP/1.1
User-Agent: selenium/4.12.0 (java windows)
Content-Length: 66
Content-Type: application/json; charset=utf-8
host: localhost:9941
accept: */*

Response DefaultHttpResponse(decodeResult: success, version: HTTP/1.1)
HTTP/1.1 200 OK
Content-Length: 126
Content-Type: application/json; charset=utf-8
cache-control: no-cache

20:15:36.721 [AsyncHttpClient-1-14] DEBUG org.asynchttpclient.netty.channel.ChannelManager - Adding key: http://localhost:9941 for channel [id: 0x66e76fbe, L:/127.0.0.1:63406 - R:localhost/127.0.0.1:9941]
20:15:36.737 [Forwarding getElementText on session 7c6fb0e600dfe3dd7c5e1cff269d3a6c to remote] DEBUG org.asynchttpclient.netty.request.NettyRequestSender - Using pooled Channel '[id: 0x66e76fbe, L:/127.0.0.1:63406 - R:localhost/127.0.0.1:9941]' for 'GET' to 'http://localhost:9941/session/7c6fb0e600dfe3dd7c5e1cff269d3a6c/element/f.99EB50FD5A94E738947D898E72E4608D.d.FC53C6D932009098F3458762568EAAAE.e.19/text'
20:15:36.737 [Forwarding getElementText on session 7c6fb0e600dfe3dd7c5e1cff269d3a6c to remote] DEBUG org.asynchttpclient.netty.request.NettyRequestSender - Using open Channel [id: 0x66e76fbe, L:/127.0.0.1:63406 - R:localhost/127.0.0.1:9941] for GET '/session/7c6fb0e600dfe3dd7c5e1cff269d3a6c/element/f.99EB50FD5A94E738947D898E72E4608D.d.FC53C6D932009098F3458762568EAAAE.e.19/text'
20:15:36.737 [AsyncHttpClient-1-14] DEBUG org.asynchttpclient.netty.handler.HttpHandler - 

Request DefaultFullHttpRequest(decodeResult: success, version: HTTP/1.1, content: EmptyByteBufBE)
GET /session/7c6fb0e600dfe3dd7c5e1cff269d3a6c/element/f.99EB50FD5A94E738947D898E72E4608D.d.FC53C6D932009098F3458762568EAAAE.e.19/text HTTP/1.1
Cache-Control: no-cache
User-Agent: selenium/4.12.0 (java windows)
Content-Type: application/json; charset=utf-8
host: localhost:9941
accept: */*

Response DefaultHttpResponse(decodeResult: success, version: HTTP/1.1)
HTTP/1.1 200 OK
Content-Length: 33
Content-Type: application/json; charset=utf-8
cache-control: no-cache

20:15:36.737 [AsyncHttpClient-1-14] DEBUG org.asynchttpclient.netty.channel.ChannelManager - Adding key: http://localhost:9941 for channel [id: 0x66e76fbe, L:/127.0.0.1:63406 - R:localhost/127.0.0.1:9941]
20:15:36.737 [Forwarding findElement on session 7c6fb0e600dfe3dd7c5e1cff269d3a6c to remote] DEBUG org.asynchttpclient.netty.request.NettyRequestSender - Using pooled Channel '[id: 0x66e76fbe, L:/127.0.0.1:63406 - R:localhost/127.0.0.1:9941]' for 'POST' to 'http://localhost:9941/session/7c6fb0e600dfe3dd7c5e1cff269d3a6c/element'
20:15:36.737 [Forwarding findElement on session 7c6fb0e600dfe3dd7c5e1cff269d3a6c to remote] DEBUG org.asynchttpclient.netty.request.NettyRequestSender - Using open Channel [id: 0x66e76fbe, L:/127.0.0.1:63406 - R:localhost/127.0.0.1:9941] for POST '/session/7c6fb0e600dfe3dd7c5e1cff269d3a6c/element'
20:15:36.745 [AsyncHttpClient-1-14] DEBUG org.asynchttpclient.netty.handler.HttpHandler - 

Request DefaultHttpRequest(decodeResult: success, version: HTTP/1.1)
POST /session/7c6fb0e600dfe3dd7c5e1cff269d3a6c/element HTTP/1.1
User-Agent: selenium/4.12.0 (java windows)
Content-Length: 74
Content-Type: application/json; charset=utf-8
host: localhost:9941
accept: */*

Response DefaultHttpResponse(decodeResult: success, version: HTTP/1.1)
HTTP/1.1 200 OK
Content-Length: 126
Content-Type: application/json; charset=utf-8
cache-control: no-cache

20:15:36.745 [AsyncHttpClient-1-14] DEBUG org.asynchttpclient.netty.channel.ChannelManager - Adding key: http://localhost:9941 for channel [id: 0x66e76fbe, L:/127.0.0.1:63406 - R:localhost/127.0.0.1:9941]
20:15:36.753 [Forwarding clickElement on session 7c6fb0e600dfe3dd7c5e1cff269d3a6c to remote] DEBUG org.asynchttpclient.netty.request.NettyRequestSender - Using pooled Channel '[id: 0x66e76fbe, L:/127.0.0.1:63406 - R:localhost/127.0.0.1:9941]' for 'POST' to 'http://localhost:9941/session/7c6fb0e600dfe3dd7c5e1cff269d3a6c/element/f.99EB50FD5A94E738947D898E72E4608D.d.FC53C6D932009098F3458762568EAAAE.e.20/click'
20:15:36.753 [Forwarding clickElement on session 7c6fb0e600dfe3dd7c5e1cff269d3a6c to remote] DEBUG org.asynchttpclient.netty.request.NettyRequestSender - Using open Channel [id: 0x66e76fbe, L:/127.0.0.1:63406 - R:localhost/127.0.0.1:9941] for POST '/session/7c6fb0e600dfe3dd7c5e1cff269d3a6c/element/f.99EB50FD5A94E738947D898E72E4608D.d.FC53C6D932009098F3458762568EAAAE.e.20/click'
20:15:36.796 [AsyncHttpClient-1-14] DEBUG org.asynchttpclient.netty.handler.HttpHandler - 

Request DefaultHttpRequest(decodeResult: success, version: HTTP/1.1)
POST /session/7c6fb0e600dfe3dd7c5e1cff269d3a6c/element/f.99EB50FD5A94E738947D898E72E4608D.d.FC53C6D932009098F3458762568EAAAE.e.20/click HTTP/1.1
User-Agent: selenium/4.12.0 (java windows)
Content-Length: 88
Content-Type: application/json; charset=utf-8
host: localhost:9941
accept: */*

Response DefaultHttpResponse(decodeResult: success, version: HTTP/1.1)
HTTP/1.1 200 OK
Content-Length: 14
Content-Type: application/json; charset=utf-8
cache-control: no-cache

20:15:36.796 [AsyncHttpClient-1-14] DEBUG org.asynchttpclient.netty.channel.ChannelManager - Adding key: http://localhost:9941 for channel [id: 0x66e76fbe, L:/127.0.0.1:63406 - R:localhost/127.0.0.1:9941]
20:15:37.130 [AsyncHttpClient-1-1] DEBUG org.asynchttpclient.netty.channel.DefaultChannelPool - Entry count for : http://localhost:9941 : 1
20:15:37.130 [AsyncHttpClient-1-1] DEBUG org.asynchttpclient.netty.channel.DefaultChannelPool - Entry count for : http://localhost:63407 : 1
20:15:38.230 [AsyncHttpClient-1-1] DEBUG org.asynchttpclient.netty.channel.DefaultChannelPool - Entry count for : http://localhost:9941 : 1
20:15:38.230 [AsyncHttpClient-1-1] DEBUG org.asynchttpclient.netty.channel.DefaultChannelPool - Entry count for : http://localhost:63407 : 1
20:15:39.326 [AsyncHttpClient-1-1] DEBUG org.asynchttpclient.netty.channel.DefaultChannelPool - Entry count for : http://localhost:9941 : 1
20:15:39.326 [AsyncHttpClient-1-1] DEBUG org.asynchttpclient.netty.channel.DefaultChannelPool - Entry count for : http://localhost:63407 : 1
screen shot class not taking
  Given I am on dashboardfokisaj290@edectus.com and Fleet@123              # StepDefination.Customer_onboarding.I_am_on_dashboard(java.lang.String,java.lang.String)
20:15:39.798 [Forwarding findElement on session 7c6fb0e600dfe3dd7c5e1cff269d3a6c to remote] DEBUG org.asynchttpclient.netty.request.NettyRequestSender - Using pooled Channel '[id: 0x66e76fbe, L:/127.0.0.1:63406 - R:localhost/127.0.0.1:9941]' for 'POST' to 'http://localhost:9941/session/7c6fb0e600dfe3dd7c5e1cff269d3a6c/element'
20:15:39.798 [Forwarding findElement on session 7c6fb0e600dfe3dd7c5e1cff269d3a6c to remote] DEBUG org.asynchttpclient.netty.request.NettyRequestSender - Using open Channel [id: 0x66e76fbe, L:/127.0.0.1:63406 - R:localhost/127.0.0.1:9941] for POST '/session/7c6fb0e600dfe3dd7c5e1cff269d3a6c/element'
20:15:39.813 [AsyncHttpClient-1-14] DEBUG org.asynchttpclient.netty.handler.HttpHandler - 

Request DefaultHttpRequest(decodeResult: success, version: HTTP/1.1)
POST /session/7c6fb0e600dfe3dd7c5e1cff269d3a6c/element HTTP/1.1
User-Agent: selenium/4.12.0 (java windows)
Content-Length: 127
Content-Type: application/json; charset=utf-8
host: localhost:9941
accept: */*

Response DefaultHttpResponse(decodeResult: success, version: HTTP/1.1)
HTTP/1.1 200 OK
Content-Length: 126
Content-Type: application/json; charset=utf-8
cache-control: no-cache

20:15:39.813 [AsyncHttpClient-1-14] DEBUG org.asynchttpclient.netty.channel.ChannelManager - Adding key: http://localhost:9941 for channel [id: 0x66e76fbe, L:/127.0.0.1:63406 - R:localhost/127.0.0.1:9941]
20:15:39.813 [Forwarding getElementText on session 7c6fb0e600dfe3dd7c5e1cff269d3a6c to remote] DEBUG org.asynchttpclient.netty.request.NettyRequestSender - Using pooled Channel '[id: 0x66e76fbe, L:/127.0.0.1:63406 - R:localhost/127.0.0.1:9941]' for 'GET' to 'http://localhost:9941/session/7c6fb0e600dfe3dd7c5e1cff269d3a6c/element/f.99EB50FD5A94E738947D898E72E4608D.d.5FE9189B0163757B714F168C5891E4E5.e.31/text'
20:15:39.813 [Forwarding getElementText on session 7c6fb0e600dfe3dd7c5e1cff269d3a6c to remote] DEBUG org.asynchttpclient.netty.request.NettyRequestSender - Using open Channel [id: 0x66e76fbe, L:/127.0.0.1:63406 - R:localhost/127.0.0.1:9941] for GET '/session/7c6fb0e600dfe3dd7c5e1cff269d3a6c/element/f.99EB50FD5A94E738947D898E72E4608D.d.5FE9189B0163757B714F168C5891E4E5.e.31/text'
20:15:39.829 [AsyncHttpClient-1-14] DEBUG org.asynchttpclient.netty.handler.HttpHandler - 

Request DefaultFullHttpRequest(decodeResult: success, version: HTTP/1.1, content: EmptyByteBufBE)
GET /session/7c6fb0e600dfe3dd7c5e1cff269d3a6c/element/f.99EB50FD5A94E738947D898E72E4608D.d.5FE9189B0163757B714F168C5891E4E5.e.31/text HTTP/1.1
Cache-Control: no-cache
User-Agent: selenium/4.12.0 (java windows)
Content-Type: application/json; charset=utf-8
host: localhost:9941
accept: */*

Response DefaultHttpResponse(decodeResult: success, version: HTTP/1.1)
HTTP/1.1 200 OK
Content-Length: 21
Content-Type: application/json; charset=utf-8
cache-control: no-cache

20:15:39.845 [AsyncHttpClient-1-14] DEBUG org.asynchttpclient.netty.channel.ChannelManager - Adding key: http://localhost:9941 for channel [id: 0x66e76fbe, L:/127.0.0.1:63406 - R:localhost/127.0.0.1:9941]
20:15:39.845 [Forwarding findElement on session 7c6fb0e600dfe3dd7c5e1cff269d3a6c to remote] DEBUG org.asynchttpclient.netty.request.NettyRequestSender - Using pooled Channel '[id: 0x66e76fbe, L:/127.0.0.1:63406 - R:localhost/127.0.0.1:9941]' for 'POST' to 'http://localhost:9941/session/7c6fb0e600dfe3dd7c5e1cff269d3a6c/element'
20:15:39.845 [Forwarding findElement on session 7c6fb0e600dfe3dd7c5e1cff269d3a6c to remote] DEBUG org.asynchttpclient.netty.request.NettyRequestSender - Using open Channel [id: 0x66e76fbe, L:/127.0.0.1:63406 - R:localhost/127.0.0.1:9941] for POST '/session/7c6fb0e600dfe3dd7c5e1cff269d3a6c/element'
20:15:39.861 [AsyncHttpClient-1-14] DEBUG org.asynchttpclient.netty.handler.HttpHandler - 

Request DefaultHttpRequest(decodeResult: success, version: HTTP/1.1)
POST /session/7c6fb0e600dfe3dd7c5e1cff269d3a6c/element HTTP/1.1
User-Agent: selenium/4.12.0 (java windows)
Content-Length: 127
Content-Type: application/json; charset=utf-8
host: localhost:9941
accept: */*

Response DefaultHttpResponse(decodeResult: success, version: HTTP/1.1)
HTTP/1.1 200 OK
Content-Length: 126
Content-Type: application/json; charset=utf-8
cache-control: no-cache

20:15:39.861 [AsyncHttpClient-1-14] DEBUG org.asynchttpclient.netty.channel.ChannelManager - Adding key: http://localhost:9941 for channel [id: 0x66e76fbe, L:/127.0.0.1:63406 - R:localhost/127.0.0.1:9941]
20:15:39.861 [Forwarding clickElement on session 7c6fb0e600dfe3dd7c5e1cff269d3a6c to remote] DEBUG org.asynchttpclient.netty.request.NettyRequestSender - Using pooled Channel '[id: 0x66e76fbe, L:/127.0.0.1:63406 - R:localhost/127.0.0.1:9941]' for 'POST' to 'http://localhost:9941/session/7c6fb0e600dfe3dd7c5e1cff269d3a6c/element/f.99EB50FD5A94E738947D898E72E4608D.d.5FE9189B0163757B714F168C5891E4E5.e.31/click'
20:15:39.861 [Forwarding clickElement on session 7c6fb0e600dfe3dd7c5e1cff269d3a6c to remote] DEBUG org.asynchttpclient.netty.request.NettyRequestSender - Using open Channel [id: 0x66e76fbe, L:/127.0.0.1:63406 - R:localhost/127.0.0.1:9941] for POST '/session/7c6fb0e600dfe3dd7c5e1cff269d3a6c/element/f.99EB50FD5A94E738947D898E72E4608D.d.5FE9189B0163757B714F168C5891E4E5.e.31/click'
20:15:39.968 [AsyncHttpClient-1-14] DEBUG org.asynchttpclient.netty.handler.HttpHandler - 

Request DefaultHttpRequest(decodeResult: success, version: HTTP/1.1)
POST /session/7c6fb0e600dfe3dd7c5e1cff269d3a6c/element/f.99EB50FD5A94E738947D898E72E4608D.d.5FE9189B0163757B714F168C5891E4E5.e.31/click HTTP/1.1
User-Agent: selenium/4.12.0 (java windows)
Content-Length: 88
Content-Type: application/json; charset=utf-8
host: localhost:9941
accept: */*

Response DefaultHttpResponse(decodeResult: success, version: HTTP/1.1)
HTTP/1.1 200 OK
Content-Length: 14
Content-Type: application/json; charset=utf-8
cache-control: no-cache

20:15:39.968 [AsyncHttpClient-1-14] DEBUG org.asynchttpclient.netty.channel.ChannelManager - Adding key: http://localhost:9941 for channel [id: 0x66e76fbe, L:/127.0.0.1:63406 - R:localhost/127.0.0.1:9941]
20:15:40.427 [AsyncHttpClient-1-1] DEBUG org.asynchttpclient.netty.channel.DefaultChannelPool - Entry count for : http://localhost:9941 : 1
20:15:40.427 [AsyncHttpClient-1-1] DEBUG org.asynchttpclient.netty.channel.DefaultChannelPool - Entry count for : http://localhost:63407 : 1
20:15:41.527 [AsyncHttpClient-1-1] DEBUG org.asynchttpclient.netty.channel.DefaultChannelPool - Entry count for : http://localhost:9941 : 1
20:15:41.527 [AsyncHttpClient-1-1] DEBUG org.asynchttpclient.netty.channel.DefaultChannelPool - Entry count for : http://localhost:63407 : 1
screen shot class not taking
20:15:41.971 [Forwarding findElement on session 7c6fb0e600dfe3dd7c5e1cff269d3a6c to remote] DEBUG org.asynchttpclient.netty.request.NettyRequestSender - Using pooled Channel '[id: 0x66e76fbe, L:/127.0.0.1:63406 - R:localhost/127.0.0.1:9941]' for 'POST' to 'http://localhost:9941/session/7c6fb0e600dfe3dd7c5e1cff269d3a6c/element'
20:15:41.971 [Forwarding findElement on session 7c6fb0e600dfe3dd7c5e1cff269d3a6c to remote] DEBUG org.asynchttpclient.netty.request.NettyRequestSender - Using open Channel [id: 0x66e76fbe, L:/127.0.0.1:63406 - R:localhost/127.0.0.1:9941] for POST '/session/7c6fb0e600dfe3dd7c5e1cff269d3a6c/element'
20:15:41.980 [AsyncHttpClient-1-14] DEBUG org.asynchttpclient.netty.handler.HttpHandler - 

Request DefaultHttpRequest(decodeResult: success, version: HTTP/1.1)
POST /session/7c6fb0e600dfe3dd7c5e1cff269d3a6c/element HTTP/1.1
User-Agent: selenium/4.12.0 (java windows)
Content-Length: 178
Content-Type: application/json; charset=utf-8
host: localhost:9941
accept: */*

Response DefaultHttpResponse(decodeResult: success, version: HTTP/1.1)
HTTP/1.1 200 OK
Content-Length: 126
Content-Type: application/json; charset=utf-8
cache-control: no-cache

20:15:41.980 [AsyncHttpClient-1-14] DEBUG org.asynchttpclient.netty.channel.ChannelManager - Adding key: http://localhost:9941 for channel [id: 0x66e76fbe, L:/127.0.0.1:63406 - R:localhost/127.0.0.1:9941]
20:15:41.980 [Forwarding getElementText on session 7c6fb0e600dfe3dd7c5e1cff269d3a6c to remote] DEBUG org.asynchttpclient.netty.request.NettyRequestSender - Using pooled Channel '[id: 0x66e76fbe, L:/127.0.0.1:63406 - R:localhost/127.0.0.1:9941]' for 'GET' to 'http://localhost:9941/session/7c6fb0e600dfe3dd7c5e1cff269d3a6c/element/f.99EB50FD5A94E738947D898E72E4608D.d.5FE9189B0163757B714F168C5891E4E5.e.34/text'
20:15:41.980 [Forwarding getElementText on session 7c6fb0e600dfe3dd7c5e1cff269d3a6c to remote] DEBUG org.asynchttpclient.netty.request.NettyRequestSender - Using open Channel [id: 0x66e76fbe, L:/127.0.0.1:63406 - R:localhost/127.0.0.1:9941] for GET '/session/7c6fb0e600dfe3dd7c5e1cff269d3a6c/element/f.99EB50FD5A94E738947D898E72E4608D.d.5FE9189B0163757B714F168C5891E4E5.e.34/text'
20:15:41.987 [AsyncHttpClient-1-14] DEBUG org.asynchttpclient.netty.handler.HttpHandler - 

Request DefaultFullHttpRequest(decodeResult: success, version: HTTP/1.1, content: EmptyByteBufBE)
GET /session/7c6fb0e600dfe3dd7c5e1cff269d3a6c/element/f.99EB50FD5A94E738947D898E72E4608D.d.5FE9189B0163757B714F168C5891E4E5.e.34/text HTTP/1.1
Cache-Control: no-cache
User-Agent: selenium/4.12.0 (java windows)
Content-Type: application/json; charset=utf-8
host: localhost:9941
accept: */*

Response DefaultHttpResponse(decodeResult: success, version: HTTP/1.1)
HTTP/1.1 200 OK
Content-Length: 28
Content-Type: application/json; charset=utf-8
cache-control: no-cache

20:15:41.987 [AsyncHttpClient-1-14] DEBUG org.asynchttpclient.netty.channel.ChannelManager - Adding key: http://localhost:9941 for channel [id: 0x66e76fbe, L:/127.0.0.1:63406 - R:localhost/127.0.0.1:9941]
20:15:41.987 [Forwarding findElement on session 7c6fb0e600dfe3dd7c5e1cff269d3a6c to remote] DEBUG org.asynchttpclient.netty.request.NettyRequestSender - Using pooled Channel '[id: 0x66e76fbe, L:/127.0.0.1:63406 - R:localhost/127.0.0.1:9941]' for 'POST' to 'http://localhost:9941/session/7c6fb0e600dfe3dd7c5e1cff269d3a6c/element'
20:15:41.987 [Forwarding findElement on session 7c6fb0e600dfe3dd7c5e1cff269d3a6c to remote] DEBUG org.asynchttpclient.netty.request.NettyRequestSender - Using open Channel [id: 0x66e76fbe, L:/127.0.0.1:63406 - R:localhost/127.0.0.1:9941] for POST '/session/7c6fb0e600dfe3dd7c5e1cff269d3a6c/element'
20:15:41.987 [AsyncHttpClient-1-14] DEBUG org.asynchttpclient.netty.handler.HttpHandler - 

Request DefaultHttpRequest(decodeResult: success, version: HTTP/1.1)
POST /session/7c6fb0e600dfe3dd7c5e1cff269d3a6c/element HTTP/1.1
User-Agent: selenium/4.12.0 (java windows)
Content-Length: 178
Content-Type: application/json; charset=utf-8
host: localhost:9941
accept: */*

Response DefaultHttpResponse(decodeResult: success, version: HTTP/1.1)
HTTP/1.1 200 OK
Content-Length: 126
Content-Type: application/json; charset=utf-8
cache-control: no-cache

20:15:41.987 [AsyncHttpClient-1-14] DEBUG org.asynchttpclient.netty.channel.ChannelManager - Adding key: http://localhost:9941 for channel [id: 0x66e76fbe, L:/127.0.0.1:63406 - R:localhost/127.0.0.1:9941]
20:15:41.996 [Forwarding clickElement on session 7c6fb0e600dfe3dd7c5e1cff269d3a6c to remote] DEBUG org.asynchttpclient.netty.request.NettyRequestSender - Using pooled Channel '[id: 0x66e76fbe, L:/127.0.0.1:63406 - R:localhost/127.0.0.1:9941]' for 'POST' to 'http://localhost:9941/session/7c6fb0e600dfe3dd7c5e1cff269d3a6c/element/f.99EB50FD5A94E738947D898E72E4608D.d.5FE9189B0163757B714F168C5891E4E5.e.34/click'
20:15:41.996 [Forwarding clickElement on session 7c6fb0e600dfe3dd7c5e1cff269d3a6c to remote] DEBUG org.asynchttpclient.netty.request.NettyRequestSender - Using open Channel [id: 0x66e76fbe, L:/127.0.0.1:63406 - R:localhost/127.0.0.1:9941] for POST '/session/7c6fb0e600dfe3dd7c5e1cff269d3a6c/element/f.99EB50FD5A94E738947D898E72E4608D.d.5FE9189B0163757B714F168C5891E4E5.e.34/click'
20:15:42.051 [AsyncHttpClient-1-14] DEBUG org.asynchttpclient.netty.handler.HttpHandler - 

Request DefaultHttpRequest(decodeResult: success, version: HTTP/1.1)
POST /session/7c6fb0e600dfe3dd7c5e1cff269d3a6c/element/f.99EB50FD5A94E738947D898E72E4608D.d.5FE9189B0163757B714F168C5891E4E5.e.34/click HTTP/1.1
User-Agent: selenium/4.12.0 (java windows)
Content-Length: 88
Content-Type: application/json; charset=utf-8
host: localhost:9941
accept: */*

Response DefaultHttpResponse(decodeResult: success, version: HTTP/1.1)
HTTP/1.1 200 OK
Content-Length: 14
Content-Type: application/json; charset=utf-8
cache-control: no-cache

20:15:42.051 [AsyncHttpClient-1-14] DEBUG org.asynchttpclient.netty.channel.ChannelManager - Adding key: http://localhost:9941 for channel [id: 0x66e76fbe, L:/127.0.0.1:63406 - R:localhost/127.0.0.1:9941]
  When Open customer form                                                  # StepDefination.Customer_onboarding.Open_customer_form()
20:15:42.635 [AsyncHttpClient-1-1] DEBUG org.asynchttpclient.netty.channel.DefaultChannelPool - Entry count for : http://localhost:9941 : 1
20:15:42.635 [AsyncHttpClient-1-1] DEBUG org.asynchttpclient.netty.channel.DefaultChannelPool - Entry count for : http://localhost:63407 : 1
20:15:43.569 [Forwarding findElement on session 7c6fb0e600dfe3dd7c5e1cff269d3a6c to remote] DEBUG org.asynchttpclient.netty.request.NettyRequestSender - Using pooled Channel '[id: 0x66e76fbe, L:/127.0.0.1:63406 - R:localhost/127.0.0.1:9941]' for 'POST' to 'http://localhost:9941/session/7c6fb0e600dfe3dd7c5e1cff269d3a6c/element'
20:15:43.569 [Forwarding findElement on session 7c6fb0e600dfe3dd7c5e1cff269d3a6c to remote] DEBUG org.asynchttpclient.netty.request.NettyRequestSender - Using open Channel [id: 0x66e76fbe, L:/127.0.0.1:63406 - R:localhost/127.0.0.1:9941] for POST '/session/7c6fb0e600dfe3dd7c5e1cff269d3a6c/element'
20:15:43.574 [AsyncHttpClient-1-14] DEBUG org.asynchttpclient.netty.handler.HttpHandler - 

Request DefaultHttpRequest(decodeResult: success, version: HTTP/1.1)
POST /session/7c6fb0e600dfe3dd7c5e1cff269d3a6c/element HTTP/1.1
User-Agent: selenium/4.12.0 (java windows)
Content-Length: 114
Content-Type: application/json; charset=utf-8
host: localhost:9941
accept: */*

Response DefaultHttpResponse(decodeResult: success, version: HTTP/1.1)
HTTP/1.1 200 OK
Content-Length: 126
Content-Type: application/json; charset=utf-8
cache-control: no-cache

20:15:43.574 [AsyncHttpClient-1-14] DEBUG org.asynchttpclient.netty.channel.ChannelManager - Adding key: http://localhost:9941 for channel [id: 0x66e76fbe, L:/127.0.0.1:63406 - R:localhost/127.0.0.1:9941]
20:15:43.580 [Forwarding sendKeysToElement on session 7c6fb0e600dfe3dd7c5e1cff269d3a6c to remote] DEBUG org.asynchttpclient.netty.request.NettyRequestSender - Using pooled Channel '[id: 0x66e76fbe, L:/127.0.0.1:63406 - R:localhost/127.0.0.1:9941]' for 'POST' to 'http://localhost:9941/session/7c6fb0e600dfe3dd7c5e1cff269d3a6c/element/f.99EB50FD5A94E738947D898E72E4608D.d.5FE9189B0163757B714F168C5891E4E5.e.38/value'
20:15:43.580 [Forwarding sendKeysToElement on session 7c6fb0e600dfe3dd7c5e1cff269d3a6c to remote] DEBUG org.asynchttpclient.netty.request.NettyRequestSender - Using open Channel [id: 0x66e76fbe, L:/127.0.0.1:63406 - R:localhost/127.0.0.1:9941] for POST '/session/7c6fb0e600dfe3dd7c5e1cff269d3a6c/element/f.99EB50FD5A94E738947D898E72E4608D.d.5FE9189B0163757B714F168C5891E4E5.e.38/value'
20:15:43.674 [AsyncHttpClient-1-14] DEBUG org.asynchttpclient.netty.handler.HttpHandler - 

Request DefaultHttpRequest(decodeResult: success, version: HTTP/1.1)
POST /session/7c6fb0e600dfe3dd7c5e1cff269d3a6c/element/f.99EB50FD5A94E738947D898E72E4608D.d.5FE9189B0163757B714F168C5891E4E5.e.38/value HTTP/1.1
User-Agent: selenium/4.12.0 (java windows)
Content-Length: 199
Content-Type: application/json; charset=utf-8
host: localhost:9941
accept: */*

Response DefaultHttpResponse(decodeResult: success, version: HTTP/1.1)
HTTP/1.1 200 OK
Content-Length: 14
Content-Type: application/json; charset=utf-8
cache-control: no-cache

20:15:43.674 [AsyncHttpClient-1-14] DEBUG org.asynchttpclient.netty.channel.ChannelManager - Adding key: http://localhost:9941 for channel [id: 0x66e76fbe, L:/127.0.0.1:63406 - R:localhost/127.0.0.1:9941]
20:15:43.674 [Forwarding findElement on session 7c6fb0e600dfe3dd7c5e1cff269d3a6c to remote] DEBUG org.asynchttpclient.netty.request.NettyRequestSender - Using pooled Channel '[id: 0x66e76fbe, L:/127.0.0.1:63406 - R:localhost/127.0.0.1:9941]' for 'POST' to 'http://localhost:9941/session/7c6fb0e600dfe3dd7c5e1cff269d3a6c/element'
20:15:43.674 [Forwarding findElement on session 7c6fb0e600dfe3dd7c5e1cff269d3a6c to remote] DEBUG org.asynchttpclient.netty.request.NettyRequestSender - Using open Channel [id: 0x66e76fbe, L:/127.0.0.1:63406 - R:localhost/127.0.0.1:9941] for POST '/session/7c6fb0e600dfe3dd7c5e1cff269d3a6c/element'
20:15:43.680 [AsyncHttpClient-1-14] DEBUG org.asynchttpclient.netty.handler.HttpHandler - 

Request DefaultHttpRequest(decodeResult: success, version: HTTP/1.1)
POST /session/7c6fb0e600dfe3dd7c5e1cff269d3a6c/element HTTP/1.1
User-Agent: selenium/4.12.0 (java windows)
Content-Length: 87
Content-Type: application/json; charset=utf-8
host: localhost:9941
accept: */*

Response DefaultHttpResponse(decodeResult: success, version: HTTP/1.1)
HTTP/1.1 200 OK
Content-Length: 126
Content-Type: application/json; charset=utf-8
cache-control: no-cache

20:15:43.680 [AsyncHttpClient-1-14] DEBUG org.asynchttpclient.netty.channel.ChannelManager - Adding key: http://localhost:9941 for channel [id: 0x66e76fbe, L:/127.0.0.1:63406 - R:localhost/127.0.0.1:9941]
20:15:43.680 [Forwarding sendKeysToElement on session 7c6fb0e600dfe3dd7c5e1cff269d3a6c to remote] DEBUG org.asynchttpclient.netty.request.NettyRequestSender - Using pooled Channel '[id: 0x66e76fbe, L:/127.0.0.1:63406 - R:localhost/127.0.0.1:9941]' for 'POST' to 'http://localhost:9941/session/7c6fb0e600dfe3dd7c5e1cff269d3a6c/element/f.99EB50FD5A94E738947D898E72E4608D.d.5FE9189B0163757B714F168C5891E4E5.e.39/value'
20:15:43.680 [Forwarding sendKeysToElement on session 7c6fb0e600dfe3dd7c5e1cff269d3a6c to remote] DEBUG org.asynchttpclient.netty.request.NettyRequestSender - Using open Channel [id: 0x66e76fbe, L:/127.0.0.1:63406 - R:localhost/127.0.0.1:9941] for POST '/session/7c6fb0e600dfe3dd7c5e1cff269d3a6c/element/f.99EB50FD5A94E738947D898E72E4608D.d.5FE9189B0163757B714F168C5891E4E5.e.39/value'
20:15:43.728 [AsyncHttpClient-1-1] DEBUG org.asynchttpclient.netty.channel.DefaultChannelPool - Entry count for : http://localhost:63407 : 1
20:15:43.764 [AsyncHttpClient-1-14] DEBUG org.asynchttpclient.netty.handler.HttpHandler - 

Request DefaultHttpRequest(decodeResult: success, version: HTTP/1.1)
POST /session/7c6fb0e600dfe3dd7c5e1cff269d3a6c/element/f.99EB50FD5A94E738947D898E72E4608D.d.5FE9189B0163757B714F168C5891E4E5.e.39/value HTTP/1.1
User-Agent: selenium/4.12.0 (java windows)
Content-Length: 179
Content-Type: application/json; charset=utf-8
host: localhost:9941
accept: */*

Response DefaultHttpResponse(decodeResult: success, version: HTTP/1.1)
HTTP/1.1 200 OK
Content-Length: 14
Content-Type: application/json; charset=utf-8
cache-control: no-cache

20:15:43.764 [AsyncHttpClient-1-14] DEBUG org.asynchttpclient.netty.channel.ChannelManager - Adding key: http://localhost:9941 for channel [id: 0x66e76fbe, L:/127.0.0.1:63406 - R:localhost/127.0.0.1:9941]
20:15:43.764 [Forwarding findElement on session 7c6fb0e600dfe3dd7c5e1cff269d3a6c to remote] DEBUG org.asynchttpclient.netty.request.NettyRequestSender - Using pooled Channel '[id: 0x66e76fbe, L:/127.0.0.1:63406 - R:localhost/127.0.0.1:9941]' for 'POST' to 'http://localhost:9941/session/7c6fb0e600dfe3dd7c5e1cff269d3a6c/element'
20:15:43.764 [Forwarding findElement on session 7c6fb0e600dfe3dd7c5e1cff269d3a6c to remote] DEBUG org.asynchttpclient.netty.request.NettyRequestSender - Using open Channel [id: 0x66e76fbe, L:/127.0.0.1:63406 - R:localhost/127.0.0.1:9941] for POST '/session/7c6fb0e600dfe3dd7c5e1cff269d3a6c/element'
20:15:43.779 [AsyncHttpClient-1-14] DEBUG org.asynchttpclient.netty.handler.HttpHandler - 

Request DefaultHttpRequest(decodeResult: success, version: HTTP/1.1)
POST /session/7c6fb0e600dfe3dd7c5e1cff269d3a6c/element HTTP/1.1
User-Agent: selenium/4.12.0 (java windows)
Content-Length: 96
Content-Type: application/json; charset=utf-8
host: localhost:9941
accept: */*

Response DefaultHttpResponse(decodeResult: success, version: HTTP/1.1)
HTTP/1.1 200 OK
Content-Length: 126
Content-Type: application/json; charset=utf-8
cache-control: no-cache

20:15:43.779 [AsyncHttpClient-1-14] DEBUG org.asynchttpclient.netty.channel.ChannelManager - Adding key: http://localhost:9941 for channel [id: 0x66e76fbe, L:/127.0.0.1:63406 - R:localhost/127.0.0.1:9941]
20:15:43.779 [Forwarding sendKeysToElement on session 7c6fb0e600dfe3dd7c5e1cff269d3a6c to remote] DEBUG org.asynchttpclient.netty.request.NettyRequestSender - Using pooled Channel '[id: 0x66e76fbe, L:/127.0.0.1:63406 - R:localhost/127.0.0.1:9941]' for 'POST' to 'http://localhost:9941/session/7c6fb0e600dfe3dd7c5e1cff269d3a6c/element/f.99EB50FD5A94E738947D898E72E4608D.d.5FE9189B0163757B714F168C5891E4E5.e.40/value'
20:15:43.779 [Forwarding sendKeysToElement on session 7c6fb0e600dfe3dd7c5e1cff269d3a6c to remote] DEBUG org.asynchttpclient.netty.request.NettyRequestSender - Using open Channel [id: 0x66e76fbe, L:/127.0.0.1:63406 - R:localhost/127.0.0.1:9941] for POST '/session/7c6fb0e600dfe3dd7c5e1cff269d3a6c/element/f.99EB50FD5A94E738947D898E72E4608D.d.5FE9189B0163757B714F168C5891E4E5.e.40/value'
20:15:43.883 [AsyncHttpClient-1-14] DEBUG org.asynchttpclient.netty.handler.HttpHandler - 

Request DefaultHttpRequest(decodeResult: success, version: HTTP/1.1)
POST /session/7c6fb0e600dfe3dd7c5e1cff269d3a6c/element/f.99EB50FD5A94E738947D898E72E4608D.d.5FE9189B0163757B714F168C5891E4E5.e.40/value HTTP/1.1
User-Agent: selenium/4.12.0 (java windows)
Content-Length: 229
Content-Type: application/json; charset=utf-8
host: localhost:9941
accept: */*

Response DefaultHttpResponse(decodeResult: success, version: HTTP/1.1)
HTTP/1.1 200 OK
Content-Length: 14
Content-Type: application/json; charset=utf-8
cache-control: no-cache

20:15:43.883 [AsyncHttpClient-1-14] DEBUG org.asynchttpclient.netty.channel.ChannelManager - Adding key: http://localhost:9941 for channel [id: 0x66e76fbe, L:/127.0.0.1:63406 - R:localhost/127.0.0.1:9941]
20:15:43.883 [Forwarding findElement on session 7c6fb0e600dfe3dd7c5e1cff269d3a6c to remote] DEBUG org.asynchttpclient.netty.request.NettyRequestSender - Using pooled Channel '[id: 0x66e76fbe, L:/127.0.0.1:63406 - R:localhost/127.0.0.1:9941]' for 'POST' to 'http://localhost:9941/session/7c6fb0e600dfe3dd7c5e1cff269d3a6c/element'
20:15:43.883 [Forwarding findElement on session 7c6fb0e600dfe3dd7c5e1cff269d3a6c to remote] DEBUG org.asynchttpclient.netty.request.NettyRequestSender - Using open Channel [id: 0x66e76fbe, L:/127.0.0.1:63406 - R:localhost/127.0.0.1:9941] for POST '/session/7c6fb0e600dfe3dd7c5e1cff269d3a6c/element'
20:15:43.883 [AsyncHttpClient-1-14] DEBUG org.asynchttpclient.netty.handler.HttpHandler - 

Request DefaultHttpRequest(decodeResult: success, version: HTTP/1.1)
POST /session/7c6fb0e600dfe3dd7c5e1cff269d3a6c/element HTTP/1.1
User-Agent: selenium/4.12.0 (java windows)
Content-Length: 84
Content-Type: application/json; charset=utf-8
host: localhost:9941
accept: */*

Response DefaultHttpResponse(decodeResult: success, version: HTTP/1.1)
HTTP/1.1 200 OK
Content-Length: 126
Content-Type: application/json; charset=utf-8
cache-control: no-cache

20:15:43.883 [AsyncHttpClient-1-14] DEBUG org.asynchttpclient.netty.channel.ChannelManager - Adding key: http://localhost:9941 for channel [id: 0x66e76fbe, L:/127.0.0.1:63406 - R:localhost/127.0.0.1:9941]
20:15:43.896 [Forwarding sendKeysToElement on session 7c6fb0e600dfe3dd7c5e1cff269d3a6c to remote] DEBUG org.asynchttpclient.netty.request.NettyRequestSender - Using pooled Channel '[id: 0x66e76fbe, L:/127.0.0.1:63406 - R:localhost/127.0.0.1:9941]' for 'POST' to 'http://localhost:9941/session/7c6fb0e600dfe3dd7c5e1cff269d3a6c/element/f.99EB50FD5A94E738947D898E72E4608D.d.5FE9189B0163757B714F168C5891E4E5.e.41/value'
20:15:43.896 [Forwarding sendKeysToElement on session 7c6fb0e600dfe3dd7c5e1cff269d3a6c to remote] DEBUG org.asynchttpclient.netty.request.NettyRequestSender - Using open Channel [id: 0x66e76fbe, L:/127.0.0.1:63406 - R:localhost/127.0.0.1:9941] for POST '/session/7c6fb0e600dfe3dd7c5e1cff269d3a6c/element/f.99EB50FD5A94E738947D898E72E4608D.d.5FE9189B0163757B714F168C5891E4E5.e.41/value'
20:15:44.006 [AsyncHttpClient-1-14] DEBUG org.asynchttpclient.netty.handler.HttpHandler - 

Request DefaultHttpRequest(decodeResult: success, version: HTTP/1.1)
POST /session/7c6fb0e600dfe3dd7c5e1cff269d3a6c/element/f.99EB50FD5A94E738947D898E72E4608D.d.5FE9189B0163757B714F168C5891E4E5.e.41/value HTTP/1.1
User-Agent: selenium/4.12.0 (java windows)
Content-Length: 249
Content-Type: application/json; charset=utf-8
host: localhost:9941
accept: */*

Response DefaultHttpResponse(decodeResult: success, version: HTTP/1.1)
HTTP/1.1 200 OK
Content-Length: 14
Content-Type: application/json; charset=utf-8
cache-control: no-cache

20:15:44.006 [AsyncHttpClient-1-14] DEBUG org.asynchttpclient.netty.channel.ChannelManager - Adding key: http://localhost:9941 for channel [id: 0x66e76fbe, L:/127.0.0.1:63406 - R:localhost/127.0.0.1:9941]
20:15:44.836 [AsyncHttpClient-1-1] DEBUG org.asynchttpclient.netty.channel.DefaultChannelPool - Entry count for : http://localhost:9941 : 1
20:15:44.836 [AsyncHttpClient-1-1] DEBUG org.asynchttpclient.netty.channel.DefaultChannelPool - Entry count for : http://localhost:63407 : 1
screen shot class not taking
  And Provide the company DetailsWK_const 447788 Sara_Sharma www.royal.com # StepDefination.Customer_onboarding.Provide_the_customer_Details(java.lang.String,java.lang.String,java.lang.String,java.lang.String)
20:15:45.934 [AsyncHttpClient-1-1] DEBUG org.asynchttpclient.netty.channel.DefaultChannelPool - Entry count for : http://localhost:9941 : 1
20:15:45.934 [AsyncHttpClient-1-1] DEBUG org.asynchttpclient.netty.channel.DefaultChannelPool - Entry count for : http://localhost:63407 : 1
20:15:46.013 [Forwarding findElement on session 7c6fb0e600dfe3dd7c5e1cff269d3a6c to remote] DEBUG org.asynchttpclient.netty.request.NettyRequestSender - Using pooled Channel '[id: 0x66e76fbe, L:/127.0.0.1:63406 - R:localhost/127.0.0.1:9941]' for 'POST' to 'http://localhost:9941/session/7c6fb0e600dfe3dd7c5e1cff269d3a6c/element'
20:15:46.013 [Forwarding findElement on session 7c6fb0e600dfe3dd7c5e1cff269d3a6c to remote] DEBUG org.asynchttpclient.netty.request.NettyRequestSender - Using open Channel [id: 0x66e76fbe, L:/127.0.0.1:63406 - R:localhost/127.0.0.1:9941] for POST '/session/7c6fb0e600dfe3dd7c5e1cff269d3a6c/element'
20:15:46.013 [AsyncHttpClient-1-14] DEBUG org.asynchttpclient.netty.handler.HttpHandler - 

Request DefaultHttpRequest(decodeResult: success, version: HTTP/1.1)
POST /session/7c6fb0e600dfe3dd7c5e1cff269d3a6c/element HTTP/1.1
User-Agent: selenium/4.12.0 (java windows)
Content-Length: 82
Content-Type: application/json; charset=utf-8
host: localhost:9941
accept: */*

Response DefaultHttpResponse(decodeResult: success, version: HTTP/1.1)
HTTP/1.1 200 OK
Content-Length: 126
Content-Type: application/json; charset=utf-8
cache-control: no-cache

20:15:46.027 [AsyncHttpClient-1-14] DEBUG org.asynchttpclient.netty.channel.ChannelManager - Adding key: http://localhost:9941 for channel [id: 0x66e76fbe, L:/127.0.0.1:63406 - R:localhost/127.0.0.1:9941]
20:15:46.030 [Forwarding sendKeysToElement on session 7c6fb0e600dfe3dd7c5e1cff269d3a6c to remote] DEBUG org.asynchttpclient.netty.request.NettyRequestSender - Using pooled Channel '[id: 0x66e76fbe, L:/127.0.0.1:63406 - R:localhost/127.0.0.1:9941]' for 'POST' to 'http://localhost:9941/session/7c6fb0e600dfe3dd7c5e1cff269d3a6c/element/f.99EB50FD5A94E738947D898E72E4608D.d.5FE9189B0163757B714F168C5891E4E5.e.42/value'
20:15:46.030 [Forwarding sendKeysToElement on session 7c6fb0e600dfe3dd7c5e1cff269d3a6c to remote] DEBUG org.asynchttpclient.netty.request.NettyRequestSender - Using open Channel [id: 0x66e76fbe, L:/127.0.0.1:63406 - R:localhost/127.0.0.1:9941] for POST '/session/7c6fb0e600dfe3dd7c5e1cff269d3a6c/element/f.99EB50FD5A94E738947D898E72E4608D.d.5FE9189B0163757B714F168C5891E4E5.e.42/value'
20:15:46.173 [AsyncHttpClient-1-14] DEBUG org.asynchttpclient.netty.handler.HttpHandler - 

Request DefaultHttpRequest(decodeResult: success, version: HTTP/1.1)
POST /session/7c6fb0e600dfe3dd7c5e1cff269d3a6c/element/f.99EB50FD5A94E738947D898E72E4608D.d.5FE9189B0163757B714F168C5891E4E5.e.42/value HTTP/1.1
User-Agent: selenium/4.12.0 (java windows)
Content-Length: 259
Content-Type: application/json; charset=utf-8
host: localhost:9941
accept: */*

Response DefaultHttpResponse(decodeResult: success, version: HTTP/1.1)
HTTP/1.1 200 OK
Content-Length: 14
Content-Type: application/json; charset=utf-8
cache-control: no-cache

20:15:46.173 [AsyncHttpClient-1-14] DEBUG org.asynchttpclient.netty.channel.ChannelManager - Adding key: http://localhost:9941 for channel [id: 0x66e76fbe, L:/127.0.0.1:63406 - R:localhost/127.0.0.1:9941]
20:15:46.173 [Forwarding findElement on session 7c6fb0e600dfe3dd7c5e1cff269d3a6c to remote] DEBUG org.asynchttpclient.netty.request.NettyRequestSender - Using pooled Channel '[id: 0x66e76fbe, L:/127.0.0.1:63406 - R:localhost/127.0.0.1:9941]' for 'POST' to 'http://localhost:9941/session/7c6fb0e600dfe3dd7c5e1cff269d3a6c/element'
20:15:46.173 [Forwarding findElement on session 7c6fb0e600dfe3dd7c5e1cff269d3a6c to remote] DEBUG org.asynchttpclient.netty.request.NettyRequestSender - Using open Channel [id: 0x66e76fbe, L:/127.0.0.1:63406 - R:localhost/127.0.0.1:9941] for POST '/session/7c6fb0e600dfe3dd7c5e1cff269d3a6c/element'
20:15:46.179 [AsyncHttpClient-1-14] DEBUG org.asynchttpclient.netty.handler.HttpHandler - 

Request DefaultHttpRequest(decodeResult: success, version: HTTP/1.1)
POST /session/7c6fb0e600dfe3dd7c5e1cff269d3a6c/element HTTP/1.1
User-Agent: selenium/4.12.0 (java windows)
Content-Length: 89
Content-Type: application/json; charset=utf-8
host: localhost:9941
accept: */*

Response DefaultHttpResponse(decodeResult: success, version: HTTP/1.1)
HTTP/1.1 200 OK
Content-Length: 126
Content-Type: application/json; charset=utf-8
cache-control: no-cache

20:15:46.179 [AsyncHttpClient-1-14] DEBUG org.asynchttpclient.netty.channel.ChannelManager - Adding key: http://localhost:9941 for channel [id: 0x66e76fbe, L:/127.0.0.1:63406 - R:localhost/127.0.0.1:9941]
20:15:46.179 [Forwarding sendKeysToElement on session 7c6fb0e600dfe3dd7c5e1cff269d3a6c to remote] DEBUG org.asynchttpclient.netty.request.NettyRequestSender - Using pooled Channel '[id: 0x66e76fbe, L:/127.0.0.1:63406 - R:localhost/127.0.0.1:9941]' for 'POST' to 'http://localhost:9941/session/7c6fb0e600dfe3dd7c5e1cff269d3a6c/element/f.99EB50FD5A94E738947D898E72E4608D.d.5FE9189B0163757B714F168C5891E4E5.e.44/value'
20:15:46.179 [Forwarding sendKeysToElement on session 7c6fb0e600dfe3dd7c5e1cff269d3a6c to remote] DEBUG org.asynchttpclient.netty.request.NettyRequestSender - Using open Channel [id: 0x66e76fbe, L:/127.0.0.1:63406 - R:localhost/127.0.0.1:9941] for POST '/session/7c6fb0e600dfe3dd7c5e1cff269d3a6c/element/f.99EB50FD5A94E738947D898E72E4608D.d.5FE9189B0163757B714F168C5891E4E5.e.44/value'
20:15:46.331 [AsyncHttpClient-1-14] DEBUG org.asynchttpclient.netty.handler.HttpHandler - 

Request DefaultHttpRequest(decodeResult: success, version: HTTP/1.1)
POST /session/7c6fb0e600dfe3dd7c5e1cff269d3a6c/element/f.99EB50FD5A94E738947D898E72E4608D.d.5FE9189B0163757B714F168C5891E4E5.e.44/value HTTP/1.1
User-Agent: selenium/4.12.0 (java windows)
Content-Length: 219
Content-Type: application/json; charset=utf-8
host: localhost:9941
accept: */*

Response DefaultHttpResponse(decodeResult: success, version: HTTP/1.1)
HTTP/1.1 200 OK
Content-Length: 14
Content-Type: application/json; charset=utf-8
cache-control: no-cache

20:15:46.331 [AsyncHttpClient-1-14] DEBUG org.asynchttpclient.netty.channel.ChannelManager - Adding key: http://localhost:9941 for channel [id: 0x66e76fbe, L:/127.0.0.1:63406 - R:localhost/127.0.0.1:9941]
screen shot class not taking
  And Provide the contact Details9865768576 royal@mail.com                 # StepDefination.Customer_onboarding.Provide_the_contact_Details(java.lang.String,java.lang.String)
20:15:47.025 [AsyncHttpClient-1-1] DEBUG org.asynchttpclient.netty.channel.DefaultChannelPool - Entry count for : http://localhost:9941 : 1
20:15:47.025 [AsyncHttpClient-1-1] DEBUG org.asynchttpclient.netty.channel.DefaultChannelPool - Entry count for : http://localhost:63407 : 1
20:15:47.344 [Forwarding findElement on session 7c6fb0e600dfe3dd7c5e1cff269d3a6c to remote] DEBUG org.asynchttpclient.netty.request.NettyRequestSender - Using pooled Channel '[id: 0x66e76fbe, L:/127.0.0.1:63406 - R:localhost/127.0.0.1:9941]' for 'POST' to 'http://localhost:9941/session/7c6fb0e600dfe3dd7c5e1cff269d3a6c/element'
20:15:47.344 [Forwarding findElement on session 7c6fb0e600dfe3dd7c5e1cff269d3a6c to remote] DEBUG org.asynchttpclient.netty.request.NettyRequestSender - Using open Channel [id: 0x66e76fbe, L:/127.0.0.1:63406 - R:localhost/127.0.0.1:9941] for POST '/session/7c6fb0e600dfe3dd7c5e1cff269d3a6c/element'
20:15:47.375 [AsyncHttpClient-1-14] DEBUG org.asynchttpclient.netty.handler.HttpHandler - 

Request DefaultHttpRequest(decodeResult: success, version: HTTP/1.1)
POST /session/7c6fb0e600dfe3dd7c5e1cff269d3a6c/element HTTP/1.1
User-Agent: selenium/4.12.0 (java windows)
Content-Length: 94
Content-Type: application/json; charset=utf-8
host: localhost:9941
accept: */*

Response DefaultHttpResponse(decodeResult: success, version: HTTP/1.1)
HTTP/1.1 200 OK
Content-Length: 126
Content-Type: application/json; charset=utf-8
cache-control: no-cache

20:15:47.375 [AsyncHttpClient-1-14] DEBUG org.asynchttpclient.netty.channel.ChannelManager - Adding key: http://localhost:9941 for channel [id: 0x66e76fbe, L:/127.0.0.1:63406 - R:localhost/127.0.0.1:9941]
20:15:47.377 [Forwarding sendKeysToElement on session 7c6fb0e600dfe3dd7c5e1cff269d3a6c to remote] DEBUG org.asynchttpclient.netty.request.NettyRequestSender - Using pooled Channel '[id: 0x66e76fbe, L:/127.0.0.1:63406 - R:localhost/127.0.0.1:9941]' for 'POST' to 'http://localhost:9941/session/7c6fb0e600dfe3dd7c5e1cff269d3a6c/element/f.99EB50FD5A94E738947D898E72E4608D.d.5FE9189B0163757B714F168C5891E4E5.e.43/value'
20:15:47.377 [Forwarding sendKeysToElement on session 7c6fb0e600dfe3dd7c5e1cff269d3a6c to remote] DEBUG org.asynchttpclient.netty.request.NettyRequestSender - Using open Channel [id: 0x66e76fbe, L:/127.0.0.1:63406 - R:localhost/127.0.0.1:9941] for POST '/session/7c6fb0e600dfe3dd7c5e1cff269d3a6c/element/f.99EB50FD5A94E738947D898E72E4608D.d.5FE9189B0163757B714F168C5891E4E5.e.43/value'
20:15:47.486 [AsyncHttpClient-1-14] DEBUG org.asynchttpclient.netty.handler.HttpHandler - 

Request DefaultHttpRequest(decodeResult: success, version: HTTP/1.1)
POST /session/7c6fb0e600dfe3dd7c5e1cff269d3a6c/element/f.99EB50FD5A94E738947D898E72E4608D.d.5FE9189B0163757B714F168C5891E4E5.e.43/value HTTP/1.1
User-Agent: selenium/4.12.0 (java windows)
Content-Length: 239
Content-Type: application/json; charset=utf-8
host: localhost:9941
accept: */*

Response DefaultHttpResponse(decodeResult: success, version: HTTP/1.1)
HTTP/1.1 200 OK
Content-Length: 14
Content-Type: application/json; charset=utf-8
cache-control: no-cache

20:15:47.486 [AsyncHttpClient-1-14] DEBUG org.asynchttpclient.netty.channel.ChannelManager - Adding key: http://localhost:9941 for channel [id: 0x66e76fbe, L:/127.0.0.1:63406 - R:localhost/127.0.0.1:9941]
20:15:47.486 [Forwarding findElement on session 7c6fb0e600dfe3dd7c5e1cff269d3a6c to remote] DEBUG org.asynchttpclient.netty.request.NettyRequestSender - Using pooled Channel '[id: 0x66e76fbe, L:/127.0.0.1:63406 - R:localhost/127.0.0.1:9941]' for 'POST' to 'http://localhost:9941/session/7c6fb0e600dfe3dd7c5e1cff269d3a6c/element'
20:15:47.486 [Forwarding findElement on session 7c6fb0e600dfe3dd7c5e1cff269d3a6c to remote] DEBUG org.asynchttpclient.netty.request.NettyRequestSender - Using open Channel [id: 0x66e76fbe, L:/127.0.0.1:63406 - R:localhost/127.0.0.1:9941] for POST '/session/7c6fb0e600dfe3dd7c5e1cff269d3a6c/element'
20:15:47.497 [AsyncHttpClient-1-14] DEBUG org.asynchttpclient.netty.handler.HttpHandler - 

Request DefaultHttpRequest(decodeResult: success, version: HTTP/1.1)
POST /session/7c6fb0e600dfe3dd7c5e1cff269d3a6c/element HTTP/1.1
User-Agent: selenium/4.12.0 (java windows)
Content-Length: 101
Content-Type: application/json; charset=utf-8
host: localhost:9941
accept: */*

Response DefaultHttpResponse(decodeResult: success, version: HTTP/1.1)
HTTP/1.1 200 OK
Content-Length: 126
Content-Type: application/json; charset=utf-8
cache-control: no-cache

20:15:47.497 [AsyncHttpClient-1-14] DEBUG org.asynchttpclient.netty.channel.ChannelManager - Adding key: http://localhost:9941 for channel [id: 0x66e76fbe, L:/127.0.0.1:63406 - R:localhost/127.0.0.1:9941]
20:15:47.497 [Forwarding sendKeysToElement on session 7c6fb0e600dfe3dd7c5e1cff269d3a6c to remote] DEBUG org.asynchttpclient.netty.request.NettyRequestSender - Using pooled Channel '[id: 0x66e76fbe, L:/127.0.0.1:63406 - R:localhost/127.0.0.1:9941]' for 'POST' to 'http://localhost:9941/session/7c6fb0e600dfe3dd7c5e1cff269d3a6c/element/f.99EB50FD5A94E738947D898E72E4608D.d.5FE9189B0163757B714F168C5891E4E5.e.45/value'
20:15:47.497 [Forwarding sendKeysToElement on session 7c6fb0e600dfe3dd7c5e1cff269d3a6c to remote] DEBUG org.asynchttpclient.netty.request.NettyRequestSender - Using open Channel [id: 0x66e76fbe, L:/127.0.0.1:63406 - R:localhost/127.0.0.1:9941] for POST '/session/7c6fb0e600dfe3dd7c5e1cff269d3a6c/element/f.99EB50FD5A94E738947D898E72E4608D.d.5FE9189B0163757B714F168C5891E4E5.e.45/value'
20:15:47.596 [AsyncHttpClient-1-14] DEBUG org.asynchttpclient.netty.handler.HttpHandler - 

Request DefaultHttpRequest(decodeResult: success, version: HTTP/1.1)
POST /session/7c6fb0e600dfe3dd7c5e1cff269d3a6c/element/f.99EB50FD5A94E738947D898E72E4608D.d.5FE9189B0163757B714F168C5891E4E5.e.45/value HTTP/1.1
User-Agent: selenium/4.12.0 (java windows)
Content-Length: 209
Content-Type: application/json; charset=utf-8
host: localhost:9941
accept: */*

Response DefaultHttpResponse(decodeResult: success, version: HTTP/1.1)
HTTP/1.1 200 OK
Content-Length: 14
Content-Type: application/json; charset=utf-8
cache-control: no-cache

20:15:47.596 [AsyncHttpClient-1-14] DEBUG org.asynchttpclient.netty.channel.ChannelManager - Adding key: http://localhost:9941 for channel [id: 0x66e76fbe, L:/127.0.0.1:63406 - R:localhost/127.0.0.1:9941]
screen shot class not taking
  And Provide the alternate Details859889569 alt@mail.com                  # StepDefination.Customer_onboarding.Provide_the_alternate_Details(java.lang.String,java.lang.String)
20:15:48.129 [AsyncHttpClient-1-1] DEBUG org.asynchttpclient.netty.channel.DefaultChannelPool - Entry count for : http://localhost:9941 : 1
20:15:48.129 [AsyncHttpClient-1-1] DEBUG org.asynchttpclient.netty.channel.DefaultChannelPool - Entry count for : http://localhost:63407 : 1
20:15:48.625 [Forwarding findElement on session 7c6fb0e600dfe3dd7c5e1cff269d3a6c to remote] DEBUG org.asynchttpclient.netty.request.NettyRequestSender - Using pooled Channel '[id: 0x66e76fbe, L:/127.0.0.1:63406 - R:localhost/127.0.0.1:9941]' for 'POST' to 'http://localhost:9941/session/7c6fb0e600dfe3dd7c5e1cff269d3a6c/element'
20:15:48.625 [Forwarding findElement on session 7c6fb0e600dfe3dd7c5e1cff269d3a6c to remote] DEBUG org.asynchttpclient.netty.request.NettyRequestSender - Using open Channel [id: 0x66e76fbe, L:/127.0.0.1:63406 - R:localhost/127.0.0.1:9941] for POST '/session/7c6fb0e600dfe3dd7c5e1cff269d3a6c/element'
20:15:48.641 [AsyncHttpClient-1-14] DEBUG org.asynchttpclient.netty.handler.HttpHandler - 

Request DefaultHttpRequest(decodeResult: success, version: HTTP/1.1)
POST /session/7c6fb0e600dfe3dd7c5e1cff269d3a6c/element HTTP/1.1
User-Agent: selenium/4.12.0 (java windows)
Content-Length: 88
Content-Type: application/json; charset=utf-8
host: localhost:9941
accept: */*

Response DefaultHttpResponse(decodeResult: success, version: HTTP/1.1)
HTTP/1.1 200 OK
Content-Length: 126
Content-Type: application/json; charset=utf-8
cache-control: no-cache

20:15:48.641 [AsyncHttpClient-1-14] DEBUG org.asynchttpclient.netty.channel.ChannelManager - Adding key: http://localhost:9941 for channel [id: 0x66e76fbe, L:/127.0.0.1:63406 - R:localhost/127.0.0.1:9941]
20:15:48.641 [Forwarding sendKeysToElement on session 7c6fb0e600dfe3dd7c5e1cff269d3a6c to remote] DEBUG org.asynchttpclient.netty.request.NettyRequestSender - Using pooled Channel '[id: 0x66e76fbe, L:/127.0.0.1:63406 - R:localhost/127.0.0.1:9941]' for 'POST' to 'http://localhost:9941/session/7c6fb0e600dfe3dd7c5e1cff269d3a6c/element/f.99EB50FD5A94E738947D898E72E4608D.d.5FE9189B0163757B714F168C5891E4E5.e.47/value'
20:15:48.641 [Forwarding sendKeysToElement on session 7c6fb0e600dfe3dd7c5e1cff269d3a6c to remote] DEBUG org.asynchttpclient.netty.request.NettyRequestSender - Using open Channel [id: 0x66e76fbe, L:/127.0.0.1:63406 - R:localhost/127.0.0.1:9941] for POST '/session/7c6fb0e600dfe3dd7c5e1cff269d3a6c/element/f.99EB50FD5A94E738947D898E72E4608D.d.5FE9189B0163757B714F168C5891E4E5.e.47/value'
20:15:48.778 [AsyncHttpClient-1-14] DEBUG org.asynchttpclient.netty.handler.HttpHandler - 

Request DefaultHttpRequest(decodeResult: success, version: HTTP/1.1)
POST /session/7c6fb0e600dfe3dd7c5e1cff269d3a6c/element/f.99EB50FD5A94E738947D898E72E4608D.d.5FE9189B0163757B714F168C5891E4E5.e.47/value HTTP/1.1
User-Agent: selenium/4.12.0 (java windows)
Content-Length: 259
Content-Type: application/json; charset=utf-8
host: localhost:9941
accept: */*

Response DefaultHttpResponse(decodeResult: success, version: HTTP/1.1)
HTTP/1.1 200 OK
Content-Length: 14
Content-Type: application/json; charset=utf-8
cache-control: no-cache

20:15:48.778 [AsyncHttpClient-1-14] DEBUG org.asynchttpclient.netty.channel.ChannelManager - Adding key: http://localhost:9941 for channel [id: 0x66e76fbe, L:/127.0.0.1:63406 - R:localhost/127.0.0.1:9941]
20:15:48.778 [Forwarding findElement on session 7c6fb0e600dfe3dd7c5e1cff269d3a6c to remote] DEBUG org.asynchttpclient.netty.request.NettyRequestSender - Using pooled Channel '[id: 0x66e76fbe, L:/127.0.0.1:63406 - R:localhost/127.0.0.1:9941]' for 'POST' to 'http://localhost:9941/session/7c6fb0e600dfe3dd7c5e1cff269d3a6c/element'
20:15:48.778 [Forwarding findElement on session 7c6fb0e600dfe3dd7c5e1cff269d3a6c to remote] DEBUG org.asynchttpclient.netty.request.NettyRequestSender - Using open Channel [id: 0x66e76fbe, L:/127.0.0.1:63406 - R:localhost/127.0.0.1:9941] for POST '/session/7c6fb0e600dfe3dd7c5e1cff269d3a6c/element'
20:15:48.778 [AsyncHttpClient-1-14] DEBUG org.asynchttpclient.netty.handler.HttpHandler - 

Request DefaultHttpRequest(decodeResult: success, version: HTTP/1.1)
POST /session/7c6fb0e600dfe3dd7c5e1cff269d3a6c/element HTTP/1.1
User-Agent: selenium/4.12.0 (java windows)
Content-Length: 75
Content-Type: application/json; charset=utf-8
host: localhost:9941
accept: */*

Response DefaultHttpResponse(decodeResult: success, version: HTTP/1.1)
HTTP/1.1 200 OK
Content-Length: 126
Content-Type: application/json; charset=utf-8
cache-control: no-cache

20:15:48.778 [AsyncHttpClient-1-14] DEBUG org.asynchttpclient.netty.channel.ChannelManager - Adding key: http://localhost:9941 for channel [id: 0x66e76fbe, L:/127.0.0.1:63406 - R:localhost/127.0.0.1:9941]
20:15:48.778 [Forwarding sendKeysToElement on session 7c6fb0e600dfe3dd7c5e1cff269d3a6c to remote] DEBUG org.asynchttpclient.netty.request.NettyRequestSender - Using pooled Channel '[id: 0x66e76fbe, L:/127.0.0.1:63406 - R:localhost/127.0.0.1:9941]' for 'POST' to 'http://localhost:9941/session/7c6fb0e600dfe3dd7c5e1cff269d3a6c/element/f.99EB50FD5A94E738947D898E72E4608D.d.5FE9189B0163757B714F168C5891E4E5.e.48/value'
20:15:48.778 [Forwarding sendKeysToElement on session 7c6fb0e600dfe3dd7c5e1cff269d3a6c to remote] DEBUG org.asynchttpclient.netty.request.NettyRequestSender - Using open Channel [id: 0x66e76fbe, L:/127.0.0.1:63406 - R:localhost/127.0.0.1:9941] for POST '/session/7c6fb0e600dfe3dd7c5e1cff269d3a6c/element/f.99EB50FD5A94E738947D898E72E4608D.d.5FE9189B0163757B714F168C5891E4E5.e.48/value'
20:15:48.854 [AsyncHttpClient-1-14] DEBUG org.asynchttpclient.netty.handler.HttpHandler - 

Request DefaultHttpRequest(decodeResult: success, version: HTTP/1.1)
POST /session/7c6fb0e600dfe3dd7c5e1cff269d3a6c/element/f.99EB50FD5A94E738947D898E72E4608D.d.5FE9189B0163757B714F168C5891E4E5.e.48/value HTTP/1.1
User-Agent: selenium/4.12.0 (java windows)
Content-Length: 139
Content-Type: application/json; charset=utf-8
host: localhost:9941
accept: */*

Response DefaultHttpResponse(decodeResult: success, version: HTTP/1.1)
HTTP/1.1 200 OK
Content-Length: 14
Content-Type: application/json; charset=utf-8
cache-control: no-cache

20:15:48.854 [AsyncHttpClient-1-14] DEBUG org.asynchttpclient.netty.channel.ChannelManager - Adding key: http://localhost:9941 for channel [id: 0x66e76fbe, L:/127.0.0.1:63406 - R:localhost/127.0.0.1:9941]
20:15:48.854 [Forwarding findElement on session 7c6fb0e600dfe3dd7c5e1cff269d3a6c to remote] DEBUG org.asynchttpclient.netty.request.NettyRequestSender - Using pooled Channel '[id: 0x66e76fbe, L:/127.0.0.1:63406 - R:localhost/127.0.0.1:9941]' for 'POST' to 'http://localhost:9941/session/7c6fb0e600dfe3dd7c5e1cff269d3a6c/element'
20:15:48.854 [Forwarding findElement on session 7c6fb0e600dfe3dd7c5e1cff269d3a6c to remote] DEBUG org.asynchttpclient.netty.request.NettyRequestSender - Using open Channel [id: 0x66e76fbe, L:/127.0.0.1:63406 - R:localhost/127.0.0.1:9941] for POST '/session/7c6fb0e600dfe3dd7c5e1cff269d3a6c/element'
20:15:48.867 [AsyncHttpClient-1-14] DEBUG org.asynchttpclient.netty.handler.HttpHandler - 

Request DefaultHttpRequest(decodeResult: success, version: HTTP/1.1)
POST /session/7c6fb0e600dfe3dd7c5e1cff269d3a6c/element HTTP/1.1
User-Agent: selenium/4.12.0 (java windows)
Content-Length: 90
Content-Type: application/json; charset=utf-8
host: localhost:9941
accept: */*

Response DefaultHttpResponse(decodeResult: success, version: HTTP/1.1)
HTTP/1.1 200 OK
Content-Length: 126
Content-Type: application/json; charset=utf-8
cache-control: no-cache

20:15:48.867 [AsyncHttpClient-1-14] DEBUG org.asynchttpclient.netty.channel.ChannelManager - Adding key: http://localhost:9941 for channel [id: 0x66e76fbe, L:/127.0.0.1:63406 - R:localhost/127.0.0.1:9941]
20:15:48.868 [Forwarding sendKeysToElement on session 7c6fb0e600dfe3dd7c5e1cff269d3a6c to remote] DEBUG org.asynchttpclient.netty.request.NettyRequestSender - Using pooled Channel '[id: 0x66e76fbe, L:/127.0.0.1:63406 - R:localhost/127.0.0.1:9941]' for 'POST' to 'http://localhost:9941/session/7c6fb0e600dfe3dd7c5e1cff269d3a6c/element/f.99EB50FD5A94E738947D898E72E4608D.d.5FE9189B0163757B714F168C5891E4E5.e.49/value'
20:15:48.868 [Forwarding sendKeysToElement on session 7c6fb0e600dfe3dd7c5e1cff269d3a6c to remote] DEBUG org.asynchttpclient.netty.request.NettyRequestSender - Using open Channel [id: 0x66e76fbe, L:/127.0.0.1:63406 - R:localhost/127.0.0.1:9941] for POST '/session/7c6fb0e600dfe3dd7c5e1cff269d3a6c/element/f.99EB50FD5A94E738947D898E72E4608D.d.5FE9189B0163757B714F168C5891E4E5.e.49/value'
20:15:48.930 [AsyncHttpClient-1-14] DEBUG org.asynchttpclient.netty.handler.HttpHandler - 

Request DefaultHttpRequest(decodeResult: success, version: HTTP/1.1)
POST /session/7c6fb0e600dfe3dd7c5e1cff269d3a6c/element/f.99EB50FD5A94E738947D898E72E4608D.d.5FE9189B0163757B714F168C5891E4E5.e.49/value HTTP/1.1
User-Agent: selenium/4.12.0 (java windows)
Content-Length: 139
Content-Type: application/json; charset=utf-8
host: localhost:9941
accept: */*

Response DefaultHttpResponse(decodeResult: success, version: HTTP/1.1)
HTTP/1.1 200 OK
Content-Length: 14
Content-Type: application/json; charset=utf-8
cache-control: no-cache

20:15:48.930 [AsyncHttpClient-1-14] DEBUG org.asynchttpclient.netty.channel.ChannelManager - Adding key: http://localhost:9941 for channel [id: 0x66e76fbe, L:/127.0.0.1:63406 - R:localhost/127.0.0.1:9941]
20:15:48.930 [Forwarding findElement on session 7c6fb0e600dfe3dd7c5e1cff269d3a6c to remote] DEBUG org.asynchttpclient.netty.request.NettyRequestSender - Using pooled Channel '[id: 0x66e76fbe, L:/127.0.0.1:63406 - R:localhost/127.0.0.1:9941]' for 'POST' to 'http://localhost:9941/session/7c6fb0e600dfe3dd7c5e1cff269d3a6c/element'
20:15:48.930 [Forwarding findElement on session 7c6fb0e600dfe3dd7c5e1cff269d3a6c to remote] DEBUG org.asynchttpclient.netty.request.NettyRequestSender - Using open Channel [id: 0x66e76fbe, L:/127.0.0.1:63406 - R:localhost/127.0.0.1:9941] for POST '/session/7c6fb0e600dfe3dd7c5e1cff269d3a6c/element'
20:15:48.930 [AsyncHttpClient-1-14] DEBUG org.asynchttpclient.netty.handler.HttpHandler - 

Request DefaultHttpRequest(decodeResult: success, version: HTTP/1.1)
POST /session/7c6fb0e600dfe3dd7c5e1cff269d3a6c/element HTTP/1.1
User-Agent: selenium/4.12.0 (java windows)
Content-Length: 96
Content-Type: application/json; charset=utf-8
host: localhost:9941
accept: */*

Response DefaultHttpResponse(decodeResult: success, version: HTTP/1.1)
HTTP/1.1 200 OK
Content-Length: 126
Content-Type: application/json; charset=utf-8
cache-control: no-cache

20:15:48.930 [AsyncHttpClient-1-14] DEBUG org.asynchttpclient.netty.channel.ChannelManager - Adding key: http://localhost:9941 for channel [id: 0x66e76fbe, L:/127.0.0.1:63406 - R:localhost/127.0.0.1:9941]
20:15:48.930 [Forwarding sendKeysToElement on session 7c6fb0e600dfe3dd7c5e1cff269d3a6c to remote] DEBUG org.asynchttpclient.netty.request.NettyRequestSender - Using pooled Channel '[id: 0x66e76fbe, L:/127.0.0.1:63406 - R:localhost/127.0.0.1:9941]' for 'POST' to 'http://localhost:9941/session/7c6fb0e600dfe3dd7c5e1cff269d3a6c/element/f.99EB50FD5A94E738947D898E72E4608D.d.5FE9189B0163757B714F168C5891E4E5.e.50/value'
20:15:48.930 [Forwarding sendKeysToElement on session 7c6fb0e600dfe3dd7c5e1cff269d3a6c to remote] DEBUG org.asynchttpclient.netty.request.NettyRequestSender - Using open Channel [id: 0x66e76fbe, L:/127.0.0.1:63406 - R:localhost/127.0.0.1:9941] for POST '/session/7c6fb0e600dfe3dd7c5e1cff269d3a6c/element/f.99EB50FD5A94E738947D898E72E4608D.d.5FE9189B0163757B714F168C5891E4E5.e.50/value'
20:15:49.018 [AsyncHttpClient-1-14] DEBUG org.asynchttpclient.netty.handler.HttpHandler - 

Request DefaultHttpRequest(decodeResult: success, version: HTTP/1.1)
POST /session/7c6fb0e600dfe3dd7c5e1cff269d3a6c/element/f.99EB50FD5A94E738947D898E72E4608D.d.5FE9189B0163757B714F168C5891E4E5.e.50/value HTTP/1.1
User-Agent: selenium/4.12.0 (java windows)
Content-Length: 179
Content-Type: application/json; charset=utf-8
host: localhost:9941
accept: */*

Response DefaultHttpResponse(decodeResult: success, version: HTTP/1.1)
HTTP/1.1 200 OK
Content-Length: 14
Content-Type: application/json; charset=utf-8
cache-control: no-cache

20:15:49.018 [AsyncHttpClient-1-14] DEBUG org.asynchttpclient.netty.channel.ChannelManager - Adding key: http://localhost:9941 for channel [id: 0x66e76fbe, L:/127.0.0.1:63406 - R:localhost/127.0.0.1:9941]
20:15:49.018 [Forwarding findElement on session 7c6fb0e600dfe3dd7c5e1cff269d3a6c to remote] DEBUG org.asynchttpclient.netty.request.NettyRequestSender - Using pooled Channel '[id: 0x66e76fbe, L:/127.0.0.1:63406 - R:localhost/127.0.0.1:9941]' for 'POST' to 'http://localhost:9941/session/7c6fb0e600dfe3dd7c5e1cff269d3a6c/element'
20:15:49.018 [Forwarding findElement on session 7c6fb0e600dfe3dd7c5e1cff269d3a6c to remote] DEBUG org.asynchttpclient.netty.request.NettyRequestSender - Using open Channel [id: 0x66e76fbe, L:/127.0.0.1:63406 - R:localhost/127.0.0.1:9941] for POST '/session/7c6fb0e600dfe3dd7c5e1cff269d3a6c/element'
20:15:49.031 [AsyncHttpClient-1-14] DEBUG org.asynchttpclient.netty.handler.HttpHandler - 

Request DefaultHttpRequest(decodeResult: success, version: HTTP/1.1)
POST /session/7c6fb0e600dfe3dd7c5e1cff269d3a6c/element HTTP/1.1
User-Agent: selenium/4.12.0 (java windows)
Content-Length: 78
Content-Type: application/json; charset=utf-8
host: localhost:9941
accept: */*

Response DefaultHttpResponse(decodeResult: success, version: HTTP/1.1)
HTTP/1.1 200 OK
Content-Length: 126
Content-Type: application/json; charset=utf-8
cache-control: no-cache

20:15:49.031 [AsyncHttpClient-1-14] DEBUG org.asynchttpclient.netty.channel.ChannelManager - Adding key: http://localhost:9941 for channel [id: 0x66e76fbe, L:/127.0.0.1:63406 - R:localhost/127.0.0.1:9941]
20:15:49.045 [Forwarding sendKeysToElement on session 7c6fb0e600dfe3dd7c5e1cff269d3a6c to remote] DEBUG org.asynchttpclient.netty.request.NettyRequestSender - Using pooled Channel '[id: 0x66e76fbe, L:/127.0.0.1:63406 - R:localhost/127.0.0.1:9941]' for 'POST' to 'http://localhost:9941/session/7c6fb0e600dfe3dd7c5e1cff269d3a6c/element/f.99EB50FD5A94E738947D898E72E4608D.d.5FE9189B0163757B714F168C5891E4E5.e.51/value'
20:15:49.045 [Forwarding sendKeysToElement on session 7c6fb0e600dfe3dd7c5e1cff269d3a6c to remote] DEBUG org.asynchttpclient.netty.request.NettyRequestSender - Using open Channel [id: 0x66e76fbe, L:/127.0.0.1:63406 - R:localhost/127.0.0.1:9941] for POST '/session/7c6fb0e600dfe3dd7c5e1cff269d3a6c/element/f.99EB50FD5A94E738947D898E72E4608D.d.5FE9189B0163757B714F168C5891E4E5.e.51/value'
20:15:49.113 [AsyncHttpClient-1-14] DEBUG org.asynchttpclient.netty.handler.HttpHandler - 

Request DefaultHttpRequest(decodeResult: success, version: HTTP/1.1)
POST /session/7c6fb0e600dfe3dd7c5e1cff269d3a6c/element/f.99EB50FD5A94E738947D898E72E4608D.d.5FE9189B0163757B714F168C5891E4E5.e.51/value HTTP/1.1
User-Agent: selenium/4.12.0 (java windows)
Content-Length: 149
Content-Type: application/json; charset=utf-8
host: localhost:9941
accept: */*

Response DefaultHttpResponse(decodeResult: success, version: HTTP/1.1)
HTTP/1.1 200 OK
Content-Length: 14
Content-Type: application/json; charset=utf-8
cache-control: no-cache

20:15:49.113 [AsyncHttpClient-1-14] DEBUG org.asynchttpclient.netty.channel.ChannelManager - Adding key: http://localhost:9941 for channel [id: 0x66e76fbe, L:/127.0.0.1:63406 - R:localhost/127.0.0.1:9941]
20:15:49.229 [AsyncHttpClient-1-1] DEBUG org.asynchttpclient.netty.channel.DefaultChannelPool - Entry count for : http://localhost:9941 : 1
20:15:49.229 [AsyncHttpClient-1-1] DEBUG org.asynchttpclient.netty.channel.DefaultChannelPool - Entry count for : http://localhost:63407 : 1
screen shot class not taking
  And Provide the Address DetailsMain_street001 YK FL 987678 USA           # StepDefination.Customer_onboarding.Provide_the_address_Details(java.lang.String,java.lang.String,java.lang.String,java.lang.String,java.lang.String)
20:15:49.621 [Forwarding findElement on session 7c6fb0e600dfe3dd7c5e1cff269d3a6c to remote] DEBUG org.asynchttpclient.netty.request.NettyRequestSender - Using pooled Channel '[id: 0x66e76fbe, L:/127.0.0.1:63406 - R:localhost/127.0.0.1:9941]' for 'POST' to 'http://localhost:9941/session/7c6fb0e600dfe3dd7c5e1cff269d3a6c/element'
20:15:49.621 [Forwarding findElement on session 7c6fb0e600dfe3dd7c5e1cff269d3a6c to remote] DEBUG org.asynchttpclient.netty.request.NettyRequestSender - Using open Channel [id: 0x66e76fbe, L:/127.0.0.1:63406 - R:localhost/127.0.0.1:9941] for POST '/session/7c6fb0e600dfe3dd7c5e1cff269d3a6c/element'
20:15:49.645 [AsyncHttpClient-1-14] DEBUG org.asynchttpclient.netty.handler.HttpHandler - 

Request DefaultHttpRequest(decodeResult: success, version: HTTP/1.1)
POST /session/7c6fb0e600dfe3dd7c5e1cff269d3a6c/element HTTP/1.1
User-Agent: selenium/4.12.0 (java windows)
Content-Length: 86
Content-Type: application/json; charset=utf-8
host: localhost:9941
accept: */*

Response DefaultHttpResponse(decodeResult: success, version: HTTP/1.1)
HTTP/1.1 200 OK
Content-Length: 126
Content-Type: application/json; charset=utf-8
cache-control: no-cache

20:15:49.646 [AsyncHttpClient-1-14] DEBUG org.asynchttpclient.netty.channel.ChannelManager - Adding key: http://localhost:9941 for channel [id: 0x66e76fbe, L:/127.0.0.1:63406 - R:localhost/127.0.0.1:9941]
20:15:49.647 [Forwarding clickElement on session 7c6fb0e600dfe3dd7c5e1cff269d3a6c to remote] DEBUG org.asynchttpclient.netty.request.NettyRequestSender - Using pooled Channel '[id: 0x66e76fbe, L:/127.0.0.1:63406 - R:localhost/127.0.0.1:9941]' for 'POST' to 'http://localhost:9941/session/7c6fb0e600dfe3dd7c5e1cff269d3a6c/element/f.99EB50FD5A94E738947D898E72E4608D.d.5FE9189B0163757B714F168C5891E4E5.e.46/click'
20:15:49.647 [Forwarding clickElement on session 7c6fb0e600dfe3dd7c5e1cff269d3a6c to remote] DEBUG org.asynchttpclient.netty.request.NettyRequestSender - Using open Channel [id: 0x66e76fbe, L:/127.0.0.1:63406 - R:localhost/127.0.0.1:9941] for POST '/session/7c6fb0e600dfe3dd7c5e1cff269d3a6c/element/f.99EB50FD5A94E738947D898E72E4608D.d.5FE9189B0163757B714F168C5891E4E5.e.46/click'
20:15:49.750 [AsyncHttpClient-1-14] DEBUG org.asynchttpclient.netty.handler.HttpHandler - 

Request DefaultHttpRequest(decodeResult: success, version: HTTP/1.1)
POST /session/7c6fb0e600dfe3dd7c5e1cff269d3a6c/element/f.99EB50FD5A94E738947D898E72E4608D.d.5FE9189B0163757B714F168C5891E4E5.e.46/click HTTP/1.1
User-Agent: selenium/4.12.0 (java windows)
Content-Length: 88
Content-Type: application/json; charset=utf-8
host: localhost:9941
accept: */*

Response DefaultHttpResponse(decodeResult: success, version: HTTP/1.1)
HTTP/1.1 200 OK
Content-Length: 14
Content-Type: application/json; charset=utf-8
cache-control: no-cache

20:15:49.751 [AsyncHttpClient-1-14] DEBUG org.asynchttpclient.netty.channel.ChannelManager - Adding key: http://localhost:9941 for channel [id: 0x66e76fbe, L:/127.0.0.1:63406 - R:localhost/127.0.0.1:9941]
20:15:50.327 [AsyncHttpClient-1-1] DEBUG org.asynchttpclient.netty.channel.DefaultChannelPool - Entry count for : http://localhost:9941 : 1
20:15:50.327 [AsyncHttpClient-1-1] DEBUG org.asynchttpclient.netty.channel.DefaultChannelPool - Entry count for : http://localhost:63407 : 1
20:15:50.759 [Forwarding findElement on session 7c6fb0e600dfe3dd7c5e1cff269d3a6c to remote] DEBUG org.asynchttpclient.netty.request.NettyRequestSender - Using pooled Channel '[id: 0x66e76fbe, L:/127.0.0.1:63406 - R:localhost/127.0.0.1:9941]' for 'POST' to 'http://localhost:9941/session/7c6fb0e600dfe3dd7c5e1cff269d3a6c/element'
20:15:50.759 [Forwarding findElement on session 7c6fb0e600dfe3dd7c5e1cff269d3a6c to remote] DEBUG org.asynchttpclient.netty.request.NettyRequestSender - Using open Channel [id: 0x66e76fbe, L:/127.0.0.1:63406 - R:localhost/127.0.0.1:9941] for POST '/session/7c6fb0e600dfe3dd7c5e1cff269d3a6c/element'
20:15:50.779 [AsyncHttpClient-1-14] DEBUG org.asynchttpclient.netty.handler.HttpHandler - 

Request DefaultHttpRequest(decodeResult: success, version: HTTP/1.1)
POST /session/7c6fb0e600dfe3dd7c5e1cff269d3a6c/element HTTP/1.1
User-Agent: selenium/4.12.0 (java windows)
Content-Length: 124
Content-Type: application/json; charset=utf-8
host: localhost:9941
accept: */*

Response DefaultHttpResponse(decodeResult: success, version: HTTP/1.1)
HTTP/1.1 200 OK
Content-Length: 126
Content-Type: application/json; charset=utf-8
cache-control: no-cache

20:15:50.779 [AsyncHttpClient-1-14] DEBUG org.asynchttpclient.netty.channel.ChannelManager - Adding key: http://localhost:9941 for channel [id: 0x66e76fbe, L:/127.0.0.1:63406 - R:localhost/127.0.0.1:9941]
20:15:50.779 [Forwarding clickElement on session 7c6fb0e600dfe3dd7c5e1cff269d3a6c to remote] DEBUG org.asynchttpclient.netty.request.NettyRequestSender - Using pooled Channel '[id: 0x66e76fbe, L:/127.0.0.1:63406 - R:localhost/127.0.0.1:9941]' for 'POST' to 'http://localhost:9941/session/7c6fb0e600dfe3dd7c5e1cff269d3a6c/element/f.99EB50FD5A94E738947D898E72E4608D.d.5FE9189B0163757B714F168C5891E4E5.e.95/click'
20:15:50.779 [Forwarding clickElement on session 7c6fb0e600dfe3dd7c5e1cff269d3a6c to remote] DEBUG org.asynchttpclient.netty.request.NettyRequestSender - Using open Channel [id: 0x66e76fbe, L:/127.0.0.1:63406 - R:localhost/127.0.0.1:9941] for POST '/session/7c6fb0e600dfe3dd7c5e1cff269d3a6c/element/f.99EB50FD5A94E738947D898E72E4608D.d.5FE9189B0163757B714F168C5891E4E5.e.95/click'
20:15:50.837 [AsyncHttpClient-1-14] DEBUG org.asynchttpclient.netty.handler.HttpHandler - 

Request DefaultHttpRequest(decodeResult: success, version: HTTP/1.1)
POST /session/7c6fb0e600dfe3dd7c5e1cff269d3a6c/element/f.99EB50FD5A94E738947D898E72E4608D.d.5FE9189B0163757B714F168C5891E4E5.e.95/click HTTP/1.1
User-Agent: selenium/4.12.0 (java windows)
Content-Length: 88
Content-Type: application/json; charset=utf-8
host: localhost:9941
accept: */*

Response DefaultHttpResponse(decodeResult: success, version: HTTP/1.1)
HTTP/1.1 200 OK
Content-Length: 14
Content-Type: application/json; charset=utf-8
cache-control: no-cache

20:15:50.837 [AsyncHttpClient-1-14] DEBUG org.asynchttpclient.netty.channel.ChannelManager - Adding key: http://localhost:9941 for channel [id: 0x66e76fbe, L:/127.0.0.1:63406 - R:localhost/127.0.0.1:9941]
20:15:51.429 [AsyncHttpClient-1-1] DEBUG org.asynchttpclient.netty.channel.DefaultChannelPool - Entry count for : http://localhost:9941 : 1
20:15:51.429 [AsyncHttpClient-1-1] DEBUG org.asynchttpclient.netty.channel.DefaultChannelPool - Entry count for : http://localhost:63407 : 1
20:15:51.843 [Forwarding findElement on session 7c6fb0e600dfe3dd7c5e1cff269d3a6c to remote] DEBUG org.asynchttpclient.netty.request.NettyRequestSender - Using pooled Channel '[id: 0x66e76fbe, L:/127.0.0.1:63406 - R:localhost/127.0.0.1:9941]' for 'POST' to 'http://localhost:9941/session/7c6fb0e600dfe3dd7c5e1cff269d3a6c/element'
20:15:51.843 [Forwarding findElement on session 7c6fb0e600dfe3dd7c5e1cff269d3a6c to remote] DEBUG org.asynchttpclient.netty.request.NettyRequestSender - Using open Channel [id: 0x66e76fbe, L:/127.0.0.1:63406 - R:localhost/127.0.0.1:9941] for POST '/session/7c6fb0e600dfe3dd7c5e1cff269d3a6c/element'
20:15:51.858 [AsyncHttpClient-1-14] DEBUG org.asynchttpclient.netty.handler.HttpHandler - 

Request DefaultHttpRequest(decodeResult: success, version: HTTP/1.1)
POST /session/7c6fb0e600dfe3dd7c5e1cff269d3a6c/element HTTP/1.1
User-Agent: selenium/4.12.0 (java windows)
Content-Length: 85
Content-Type: application/json; charset=utf-8
host: localhost:9941
accept: */*

Response DefaultHttpResponse(decodeResult: success, version: HTTP/1.1)
HTTP/1.1 200 OK
Content-Length: 126
Content-Type: application/json; charset=utf-8
cache-control: no-cache

20:15:51.858 [AsyncHttpClient-1-14] DEBUG org.asynchttpclient.netty.channel.ChannelManager - Adding key: http://localhost:9941 for channel [id: 0x66e76fbe, L:/127.0.0.1:63406 - R:localhost/127.0.0.1:9941]
20:15:51.862 [Forwarding sendKeysToElement on session 7c6fb0e600dfe3dd7c5e1cff269d3a6c to remote] DEBUG org.asynchttpclient.netty.request.NettyRequestSender - Using pooled Channel '[id: 0x66e76fbe, L:/127.0.0.1:63406 - R:localhost/127.0.0.1:9941]' for 'POST' to 'http://localhost:9941/session/7c6fb0e600dfe3dd7c5e1cff269d3a6c/element/f.99EB50FD5A94E738947D898E72E4608D.d.5FE9189B0163757B714F168C5891E4E5.e.98/value'
20:15:51.862 [Forwarding sendKeysToElement on session 7c6fb0e600dfe3dd7c5e1cff269d3a6c to remote] DEBUG org.asynchttpclient.netty.request.NettyRequestSender - Using open Channel [id: 0x66e76fbe, L:/127.0.0.1:63406 - R:localhost/127.0.0.1:9941] for POST '/session/7c6fb0e600dfe3dd7c5e1cff269d3a6c/element/f.99EB50FD5A94E738947D898E72E4608D.d.5FE9189B0163757B714F168C5891E4E5.e.98/value'
20:15:51.979 [AsyncHttpClient-1-14] DEBUG org.asynchttpclient.netty.handler.HttpHandler - 

Request DefaultHttpRequest(decodeResult: success, version: HTTP/1.1)
POST /session/7c6fb0e600dfe3dd7c5e1cff269d3a6c/element/f.99EB50FD5A94E738947D898E72E4608D.d.5FE9189B0163757B714F168C5891E4E5.e.98/value HTTP/1.1
User-Agent: selenium/4.12.0 (java windows)
Content-Length: 259
Content-Type: application/json; charset=utf-8
host: localhost:9941
accept: */*

Response DefaultHttpResponse(decodeResult: success, version: HTTP/1.1)
HTTP/1.1 200 OK
Content-Length: 14
Content-Type: application/json; charset=utf-8
cache-control: no-cache

20:15:51.979 [AsyncHttpClient-1-14] DEBUG org.asynchttpclient.netty.channel.ChannelManager - Adding key: http://localhost:9941 for channel [id: 0x66e76fbe, L:/127.0.0.1:63406 - R:localhost/127.0.0.1:9941]
screen shot class not taking
  And Provide the bookvia with Emailroyal.book.com                         # StepDefination.Customer_onboarding.Provide_the_bookvia_email(java.lang.String)
20:15:52.543 [AsyncHttpClient-1-1] DEBUG org.asynchttpclient.netty.channel.DefaultChannelPool - Entry count for : http://localhost:9941 : 1
20:15:52.543 [AsyncHttpClient-1-1] DEBUG org.asynchttpclient.netty.channel.DefaultChannelPool - Entry count for : http://localhost:63407 : 1
20:15:53.508 [Forwarding findElement on session 7c6fb0e600dfe3dd7c5e1cff269d3a6c to remote] DEBUG org.asynchttpclient.netty.request.NettyRequestSender - Using pooled Channel '[id: 0x66e76fbe, L:/127.0.0.1:63406 - R:localhost/127.0.0.1:9941]' for 'POST' to 'http://localhost:9941/session/7c6fb0e600dfe3dd7c5e1cff269d3a6c/element'
20:15:53.508 [Forwarding findElement on session 7c6fb0e600dfe3dd7c5e1cff269d3a6c to remote] DEBUG org.asynchttpclient.netty.request.NettyRequestSender - Using open Channel [id: 0x66e76fbe, L:/127.0.0.1:63406 - R:localhost/127.0.0.1:9941] for POST '/session/7c6fb0e600dfe3dd7c5e1cff269d3a6c/element'
20:15:53.523 [AsyncHttpClient-1-14] DEBUG org.asynchttpclient.netty.handler.HttpHandler - 

Request DefaultHttpRequest(decodeResult: success, version: HTTP/1.1)
POST /session/7c6fb0e600dfe3dd7c5e1cff269d3a6c/element HTTP/1.1
User-Agent: selenium/4.12.0 (java windows)
Content-Length: 121
Content-Type: application/json; charset=utf-8
host: localhost:9941
accept: */*

Response DefaultHttpResponse(decodeResult: success, version: HTTP/1.1)
HTTP/1.1 200 OK
Content-Length: 126
Content-Type: application/json; charset=utf-8
cache-control: no-cache

20:15:53.523 [AsyncHttpClient-1-14] DEBUG org.asynchttpclient.netty.channel.ChannelManager - Adding key: http://localhost:9941 for channel [id: 0x66e76fbe, L:/127.0.0.1:63406 - R:localhost/127.0.0.1:9941]
20:15:53.523 [Forwarding sendKeysToElement on session 7c6fb0e600dfe3dd7c5e1cff269d3a6c to remote] DEBUG org.asynchttpclient.netty.request.NettyRequestSender - Using pooled Channel '[id: 0x66e76fbe, L:/127.0.0.1:63406 - R:localhost/127.0.0.1:9941]' for 'POST' to 'http://localhost:9941/session/7c6fb0e600dfe3dd7c5e1cff269d3a6c/element/f.99EB50FD5A94E738947D898E72E4608D.d.5FE9189B0163757B714F168C5891E4E5.e.52/value'
20:15:53.523 [Forwarding sendKeysToElement on session 7c6fb0e600dfe3dd7c5e1cff269d3a6c to remote] DEBUG org.asynchttpclient.netty.request.NettyRequestSender - Using open Channel [id: 0x66e76fbe, L:/127.0.0.1:63406 - R:localhost/127.0.0.1:9941] for POST '/session/7c6fb0e600dfe3dd7c5e1cff269d3a6c/element/f.99EB50FD5A94E738947D898E72E4608D.d.5FE9189B0163757B714F168C5891E4E5.e.52/value'
20:15:53.627 [AsyncHttpClient-1-1] DEBUG org.asynchttpclient.netty.channel.DefaultChannelPool - Entry count for : http://localhost:63407 : 1
20:15:53.707 [AsyncHttpClient-1-14] DEBUG org.asynchttpclient.netty.handler.HttpHandler - 

Request DefaultHttpRequest(decodeResult: success, version: HTTP/1.1)
POST /session/7c6fb0e600dfe3dd7c5e1cff269d3a6c/element/f.99EB50FD5A94E738947D898E72E4608D.d.5FE9189B0163757B714F168C5891E4E5.e.52/value HTTP/1.1
User-Agent: selenium/4.12.0 (java windows)
Content-Length: 399
Content-Type: application/json; charset=utf-8
host: localhost:9941
accept: */*

Response DefaultHttpResponse(decodeResult: success, version: HTTP/1.1)
HTTP/1.1 200 OK
Content-Length: 14
Content-Type: application/json; charset=utf-8
cache-control: no-cache

20:15:53.707 [AsyncHttpClient-1-14] DEBUG org.asynchttpclient.netty.channel.ChannelManager - Adding key: http://localhost:9941 for channel [id: 0x66e76fbe, L:/127.0.0.1:63406 - R:localhost/127.0.0.1:9941]
screen shot class not taking
  And Provide the special_instructionsspecial_instruction_customer         # StepDefination.Customer_onboarding.Provide_the_special_instructions(java.lang.String)
20:15:54.727 [AsyncHttpClient-1-1] DEBUG org.asynchttpclient.netty.channel.DefaultChannelPool - Entry count for : http://localhost:9941 : 1
20:15:54.727 [AsyncHttpClient-1-1] DEBUG org.asynchttpclient.netty.channel.DefaultChannelPool - Entry count for : http://localhost:63407 : 1
20:15:55.223 [Forwarding findElement on session 7c6fb0e600dfe3dd7c5e1cff269d3a6c to remote] DEBUG org.asynchttpclient.netty.request.NettyRequestSender - Using pooled Channel '[id: 0x66e76fbe, L:/127.0.0.1:63406 - R:localhost/127.0.0.1:9941]' for 'POST' to 'http://localhost:9941/session/7c6fb0e600dfe3dd7c5e1cff269d3a6c/element'
20:15:55.223 [Forwarding findElement on session 7c6fb0e600dfe3dd7c5e1cff269d3a6c to remote] DEBUG org.asynchttpclient.netty.request.NettyRequestSender - Using open Channel [id: 0x66e76fbe, L:/127.0.0.1:63406 - R:localhost/127.0.0.1:9941] for POST '/session/7c6fb0e600dfe3dd7c5e1cff269d3a6c/element'
20:15:55.240 [AsyncHttpClient-1-14] DEBUG org.asynchttpclient.netty.handler.HttpHandler - 

Request DefaultHttpRequest(decodeResult: success, version: HTTP/1.1)
POST /session/7c6fb0e600dfe3dd7c5e1cff269d3a6c/element HTTP/1.1
User-Agent: selenium/4.12.0 (java windows)
Content-Length: 250
Content-Type: application/json; charset=utf-8
host: localhost:9941
accept: */*

Response DefaultHttpResponse(decodeResult: success, version: HTTP/1.1)
HTTP/1.1 200 OK
Content-Length: 127
Content-Type: application/json; charset=utf-8
cache-control: no-cache

20:15:55.240 [AsyncHttpClient-1-14] DEBUG org.asynchttpclient.netty.channel.ChannelManager - Adding key: http://localhost:9941 for channel [id: 0x66e76fbe, L:/127.0.0.1:63406 - R:localhost/127.0.0.1:9941]
20:15:55.255 [Forwarding actions on session 7c6fb0e600dfe3dd7c5e1cff269d3a6c to remote] DEBUG org.asynchttpclient.netty.request.NettyRequestSender - Using pooled Channel '[id: 0x66e76fbe, L:/127.0.0.1:63406 - R:localhost/127.0.0.1:9941]' for 'POST' to 'http://localhost:9941/session/7c6fb0e600dfe3dd7c5e1cff269d3a6c/actions'
20:15:55.255 [Forwarding actions on session 7c6fb0e600dfe3dd7c5e1cff269d3a6c to remote] DEBUG org.asynchttpclient.netty.request.NettyRequestSender - Using open Channel [id: 0x66e76fbe, L:/127.0.0.1:63406 - R:localhost/127.0.0.1:9941] for POST '/session/7c6fb0e600dfe3dd7c5e1cff269d3a6c/actions'
20:15:55.435 [AsyncHttpClient-1-14] DEBUG org.asynchttpclient.netty.handler.HttpHandler - 

Request DefaultHttpRequest(decodeResult: success, version: HTTP/1.1)
POST /session/7c6fb0e600dfe3dd7c5e1cff269d3a6c/actions HTTP/1.1
User-Agent: selenium/4.12.0 (java windows)
Content-Length: 606
Content-Type: application/json; charset=utf-8
host: localhost:9941
accept: */*

Response DefaultHttpResponse(decodeResult: success, version: HTTP/1.1)
HTTP/1.1 200 OK
Content-Length: 14
Content-Type: application/json; charset=utf-8
cache-control: no-cache

20:15:55.435 [AsyncHttpClient-1-14] DEBUG org.asynchttpclient.netty.channel.ChannelManager - Adding key: http://localhost:9941 for channel [id: 0x66e76fbe, L:/127.0.0.1:63406 - R:localhost/127.0.0.1:9941]
20:15:55.839 [AsyncHttpClient-1-1] DEBUG org.asynchttpclient.netty.channel.DefaultChannelPool - Entry count for : http://localhost:9941 : 1
20:15:55.839 [AsyncHttpClient-1-1] DEBUG org.asynchttpclient.netty.channel.DefaultChannelPool - Entry count for : http://localhost:63407 : 1
20:15:55.949 [Forwarding findElement on session 7c6fb0e600dfe3dd7c5e1cff269d3a6c to remote] DEBUG org.asynchttpclient.netty.request.NettyRequestSender - Using pooled Channel '[id: 0x66e76fbe, L:/127.0.0.1:63406 - R:localhost/127.0.0.1:9941]' for 'POST' to 'http://localhost:9941/session/7c6fb0e600dfe3dd7c5e1cff269d3a6c/element'
20:15:55.949 [Forwarding findElement on session 7c6fb0e600dfe3dd7c5e1cff269d3a6c to remote] DEBUG org.asynchttpclient.netty.request.NettyRequestSender - Using open Channel [id: 0x66e76fbe, L:/127.0.0.1:63406 - R:localhost/127.0.0.1:9941] for POST '/session/7c6fb0e600dfe3dd7c5e1cff269d3a6c/element'
20:15:55.996 [AsyncHttpClient-1-14] DEBUG org.asynchttpclient.netty.handler.HttpHandler - 

Request DefaultHttpRequest(decodeResult: success, version: HTTP/1.1)
POST /session/7c6fb0e600dfe3dd7c5e1cff269d3a6c/element HTTP/1.1
User-Agent: selenium/4.12.0 (java windows)
Content-Length: 279
Content-Type: application/json; charset=utf-8
host: localhost:9941
accept: */*

Response DefaultHttpResponse(decodeResult: success, version: HTTP/1.1)
HTTP/1.1 200 OK
Content-Length: 127
Content-Type: application/json; charset=utf-8
cache-control: no-cache

20:15:55.996 [AsyncHttpClient-1-14] DEBUG org.asynchttpclient.netty.channel.ChannelManager - Adding key: http://localhost:9941 for channel [id: 0x66e76fbe, L:/127.0.0.1:63406 - R:localhost/127.0.0.1:9941]
20:15:55.996 [Forwarding actions on session 7c6fb0e600dfe3dd7c5e1cff269d3a6c to remote] DEBUG org.asynchttpclient.netty.request.NettyRequestSender - Using pooled Channel '[id: 0x66e76fbe, L:/127.0.0.1:63406 - R:localhost/127.0.0.1:9941]' for 'POST' to 'http://localhost:9941/session/7c6fb0e600dfe3dd7c5e1cff269d3a6c/actions'
20:15:55.996 [Forwarding actions on session 7c6fb0e600dfe3dd7c5e1cff269d3a6c to remote] DEBUG org.asynchttpclient.netty.request.NettyRequestSender - Using open Channel [id: 0x66e76fbe, L:/127.0.0.1:63406 - R:localhost/127.0.0.1:9941] for POST '/session/7c6fb0e600dfe3dd7c5e1cff269d3a6c/actions'
20:15:56.148 [AsyncHttpClient-1-14] DEBUG org.asynchttpclient.netty.handler.HttpHandler - 

Request DefaultHttpRequest(decodeResult: success, version: HTTP/1.1)
POST /session/7c6fb0e600dfe3dd7c5e1cff269d3a6c/actions HTTP/1.1
User-Agent: selenium/4.12.0 (java windows)
Content-Length: 606
Content-Type: application/json; charset=utf-8
host: localhost:9941
accept: */*

Response DefaultHttpResponse(decodeResult: success, version: HTTP/1.1)
HTTP/1.1 200 OK
Content-Length: 14
Content-Type: application/json; charset=utf-8
cache-control: no-cache

20:15:56.148 [AsyncHttpClient-1-14] DEBUG org.asynchttpclient.netty.channel.ChannelManager - Adding key: http://localhost:9941 for channel [id: 0x66e76fbe, L:/127.0.0.1:63406 - R:localhost/127.0.0.1:9941]
20:15:56.149 [Forwarding sendKeysToElement on session 7c6fb0e600dfe3dd7c5e1cff269d3a6c to remote] DEBUG org.asynchttpclient.netty.request.NettyRequestSender - Using pooled Channel '[id: 0x66e76fbe, L:/127.0.0.1:63406 - R:localhost/127.0.0.1:9941]' for 'POST' to 'http://localhost:9941/session/7c6fb0e600dfe3dd7c5e1cff269d3a6c/element/f.99EB50FD5A94E738947D898E72E4608D.d.5FE9189B0163757B714F168C5891E4E5.e.110/value'
20:15:56.149 [Forwarding sendKeysToElement on session 7c6fb0e600dfe3dd7c5e1cff269d3a6c to remote] DEBUG org.asynchttpclient.netty.request.NettyRequestSender - Using open Channel [id: 0x66e76fbe, L:/127.0.0.1:63406 - R:localhost/127.0.0.1:9941] for POST '/session/7c6fb0e600dfe3dd7c5e1cff269d3a6c/element/f.99EB50FD5A94E738947D898E72E4608D.d.5FE9189B0163757B714F168C5891E4E5.e.110/value'
20:15:56.216 [AsyncHttpClient-1-14] DEBUG org.asynchttpclient.netty.handler.HttpHandler - 

Request DefaultHttpRequest(decodeResult: success, version: HTTP/1.1)
POST /session/7c6fb0e600dfe3dd7c5e1cff269d3a6c/element/f.99EB50FD5A94E738947D898E72E4608D.d.5FE9189B0163757B714F168C5891E4E5.e.110/value HTTP/1.1
User-Agent: selenium/4.12.0 (java windows)
Content-Length: 170
Content-Type: application/json; charset=utf-8
host: localhost:9941
accept: */*

Response DefaultHttpResponse(decodeResult: success, version: HTTP/1.1)
HTTP/1.1 200 OK
Content-Length: 14
Content-Type: application/json; charset=utf-8
cache-control: no-cache

20:15:56.216 [AsyncHttpClient-1-14] DEBUG org.asynchttpclient.netty.channel.ChannelManager - Adding key: http://localhost:9941 for channel [id: 0x66e76fbe, L:/127.0.0.1:63406 - R:localhost/127.0.0.1:9941]
20:15:56.728 [Forwarding findElement on session 7c6fb0e600dfe3dd7c5e1cff269d3a6c to remote] DEBUG org.asynchttpclient.netty.request.NettyRequestSender - Using pooled Channel '[id: 0x66e76fbe, L:/127.0.0.1:63406 - R:localhost/127.0.0.1:9941]' for 'POST' to 'http://localhost:9941/session/7c6fb0e600dfe3dd7c5e1cff269d3a6c/element'
20:15:56.728 [Forwarding findElement on session 7c6fb0e600dfe3dd7c5e1cff269d3a6c to remote] DEBUG org.asynchttpclient.netty.request.NettyRequestSender - Using open Channel [id: 0x66e76fbe, L:/127.0.0.1:63406 - R:localhost/127.0.0.1:9941] for POST '/session/7c6fb0e600dfe3dd7c5e1cff269d3a6c/element'
20:15:56.753 [AsyncHttpClient-1-14] DEBUG org.asynchttpclient.netty.handler.HttpHandler - 

Request DefaultHttpRequest(decodeResult: success, version: HTTP/1.1)
POST /session/7c6fb0e600dfe3dd7c5e1cff269d3a6c/element HTTP/1.1
User-Agent: selenium/4.12.0 (java windows)
Content-Length: 69
Content-Type: application/json; charset=utf-8
host: localhost:9941
accept: */*

Response DefaultHttpResponse(decodeResult: success, version: HTTP/1.1)
HTTP/1.1 200 OK
Content-Length: 127
Content-Type: application/json; charset=utf-8
cache-control: no-cache

20:15:56.753 [AsyncHttpClient-1-14] DEBUG org.asynchttpclient.netty.channel.ChannelManager - Adding key: http://localhost:9941 for channel [id: 0x66e76fbe, L:/127.0.0.1:63406 - R:localhost/127.0.0.1:9941]
20:15:56.753 [Forwarding clickElement on session 7c6fb0e600dfe3dd7c5e1cff269d3a6c to remote] DEBUG org.asynchttpclient.netty.request.NettyRequestSender - Using pooled Channel '[id: 0x66e76fbe, L:/127.0.0.1:63406 - R:localhost/127.0.0.1:9941]' for 'POST' to 'http://localhost:9941/session/7c6fb0e600dfe3dd7c5e1cff269d3a6c/element/f.99EB50FD5A94E738947D898E72E4608D.d.5FE9189B0163757B714F168C5891E4E5.e.116/click'
20:15:56.753 [Forwarding clickElement on session 7c6fb0e600dfe3dd7c5e1cff269d3a6c to remote] DEBUG org.asynchttpclient.netty.request.NettyRequestSender - Using open Channel [id: 0x66e76fbe, L:/127.0.0.1:63406 - R:localhost/127.0.0.1:9941] for POST '/session/7c6fb0e600dfe3dd7c5e1cff269d3a6c/element/f.99EB50FD5A94E738947D898E72E4608D.d.5FE9189B0163757B714F168C5891E4E5.e.116/click'
20:15:56.825 [AsyncHttpClient-1-14] DEBUG org.asynchttpclient.netty.handler.HttpHandler - 

Request DefaultHttpRequest(decodeResult: success, version: HTTP/1.1)
POST /session/7c6fb0e600dfe3dd7c5e1cff269d3a6c/element/f.99EB50FD5A94E738947D898E72E4608D.d.5FE9189B0163757B714F168C5891E4E5.e.116/click HTTP/1.1
User-Agent: selenium/4.12.0 (java windows)
Content-Length: 89
Content-Type: application/json; charset=utf-8
host: localhost:9941
accept: */*

Response DefaultHttpResponse(decodeResult: success, version: HTTP/1.1)
HTTP/1.1 200 OK
Content-Length: 14
Content-Type: application/json; charset=utf-8
cache-control: no-cache

20:15:56.827 [AsyncHttpClient-1-14] DEBUG org.asynchttpclient.netty.channel.ChannelManager - Adding key: http://localhost:9941 for channel [id: 0x66e76fbe, L:/127.0.0.1:63406 - R:localhost/127.0.0.1:9941]
20:15:56.940 [AsyncHttpClient-1-1] DEBUG org.asynchttpclient.netty.channel.DefaultChannelPool - Entry count for : http://localhost:9941 : 1
20:15:56.941 [AsyncHttpClient-1-1] DEBUG org.asynchttpclient.netty.channel.DefaultChannelPool - Entry count for : http://localhost:63407 : 1
20:15:57.344 [Forwarding findElement on session 7c6fb0e600dfe3dd7c5e1cff269d3a6c to remote] DEBUG org.asynchttpclient.netty.request.NettyRequestSender - Using pooled Channel '[id: 0x66e76fbe, L:/127.0.0.1:63406 - R:localhost/127.0.0.1:9941]' for 'POST' to 'http://localhost:9941/session/7c6fb0e600dfe3dd7c5e1cff269d3a6c/element'
20:15:57.344 [Forwarding findElement on session 7c6fb0e600dfe3dd7c5e1cff269d3a6c to remote] DEBUG org.asynchttpclient.netty.request.NettyRequestSender - Using open Channel [id: 0x66e76fbe, L:/127.0.0.1:63406 - R:localhost/127.0.0.1:9941] for POST '/session/7c6fb0e600dfe3dd7c5e1cff269d3a6c/element'
20:15:57.361 [AsyncHttpClient-1-14] DEBUG org.asynchttpclient.netty.handler.HttpHandler - 

Request DefaultHttpRequest(decodeResult: success, version: HTTP/1.1)
POST /session/7c6fb0e600dfe3dd7c5e1cff269d3a6c/element HTTP/1.1
User-Agent: selenium/4.12.0 (java windows)
Content-Length: 279
Content-Type: application/json; charset=utf-8
host: localhost:9941
accept: */*

Response DefaultHttpResponse(decodeResult: success, version: HTTP/1.1)
HTTP/1.1 200 OK
Content-Length: 127
Content-Type: application/json; charset=utf-8
cache-control: no-cache

20:15:57.361 [AsyncHttpClient-1-14] DEBUG org.asynchttpclient.netty.channel.ChannelManager - Adding key: http://localhost:9941 for channel [id: 0x66e76fbe, L:/127.0.0.1:63406 - R:localhost/127.0.0.1:9941]
20:15:57.361 [Forwarding actions on session 7c6fb0e600dfe3dd7c5e1cff269d3a6c to remote] DEBUG org.asynchttpclient.netty.request.NettyRequestSender - Using pooled Channel '[id: 0x66e76fbe, L:/127.0.0.1:63406 - R:localhost/127.0.0.1:9941]' for 'POST' to 'http://localhost:9941/session/7c6fb0e600dfe3dd7c5e1cff269d3a6c/actions'
20:15:57.361 [Forwarding actions on session 7c6fb0e600dfe3dd7c5e1cff269d3a6c to remote] DEBUG org.asynchttpclient.netty.request.NettyRequestSender - Using open Channel [id: 0x66e76fbe, L:/127.0.0.1:63406 - R:localhost/127.0.0.1:9941] for POST '/session/7c6fb0e600dfe3dd7c5e1cff269d3a6c/actions'
20:15:57.518 [AsyncHttpClient-1-14] DEBUG org.asynchttpclient.netty.handler.HttpHandler - 

Request DefaultHttpRequest(decodeResult: success, version: HTTP/1.1)
POST /session/7c6fb0e600dfe3dd7c5e1cff269d3a6c/actions HTTP/1.1
User-Agent: selenium/4.12.0 (java windows)
Content-Length: 606
Content-Type: application/json; charset=utf-8
host: localhost:9941
accept: */*

Response DefaultHttpResponse(decodeResult: success, version: HTTP/1.1)
HTTP/1.1 200 OK
Content-Length: 14
Content-Type: application/json; charset=utf-8
cache-control: no-cache

20:15:57.518 [AsyncHttpClient-1-14] DEBUG org.asynchttpclient.netty.channel.ChannelManager - Adding key: http://localhost:9941 for channel [id: 0x66e76fbe, L:/127.0.0.1:63406 - R:localhost/127.0.0.1:9941]
20:15:57.519 [Forwarding clickElement on session 7c6fb0e600dfe3dd7c5e1cff269d3a6c to remote] DEBUG org.asynchttpclient.netty.request.NettyRequestSender - Using pooled Channel '[id: 0x66e76fbe, L:/127.0.0.1:63406 - R:localhost/127.0.0.1:9941]' for 'POST' to 'http://localhost:9941/session/7c6fb0e600dfe3dd7c5e1cff269d3a6c/element/f.99EB50FD5A94E738947D898E72E4608D.d.5FE9189B0163757B714F168C5891E4E5.e.111/click'
20:15:57.519 [Forwarding clickElement on session 7c6fb0e600dfe3dd7c5e1cff269d3a6c to remote] DEBUG org.asynchttpclient.netty.request.NettyRequestSender - Using open Channel [id: 0x66e76fbe, L:/127.0.0.1:63406 - R:localhost/127.0.0.1:9941] for POST '/session/7c6fb0e600dfe3dd7c5e1cff269d3a6c/element/f.99EB50FD5A94E738947D898E72E4608D.d.5FE9189B0163757B714F168C5891E4E5.e.111/click'
20:15:57.581 [AsyncHttpClient-1-14] DEBUG org.asynchttpclient.netty.handler.HttpHandler - 

Request DefaultHttpRequest(decodeResult: success, version: HTTP/1.1)
POST /session/7c6fb0e600dfe3dd7c5e1cff269d3a6c/element/f.99EB50FD5A94E738947D898E72E4608D.d.5FE9189B0163757B714F168C5891E4E5.e.111/click HTTP/1.1
User-Agent: selenium/4.12.0 (java windows)
Content-Length: 89
Content-Type: application/json; charset=utf-8
host: localhost:9941
accept: */*

Response DefaultHttpResponse(decodeResult: success, version: HTTP/1.1)
HTTP/1.1 200 OK
Content-Length: 14
Content-Type: application/json; charset=utf-8
cache-control: no-cache

20:15:57.581 [AsyncHttpClient-1-14] DEBUG org.asynchttpclient.netty.channel.ChannelManager - Adding key: http://localhost:9941 for channel [id: 0x66e76fbe, L:/127.0.0.1:63406 - R:localhost/127.0.0.1:9941]
20:15:58.037 [AsyncHttpClient-1-1] DEBUG org.asynchttpclient.netty.channel.DefaultChannelPool - Entry count for : http://localhost:9941 : 1
20:15:58.037 [AsyncHttpClient-1-1] DEBUG org.asynchttpclient.netty.channel.DefaultChannelPool - Entry count for : http://localhost:63407 : 1
20:15:58.093 [Forwarding findElement on session 7c6fb0e600dfe3dd7c5e1cff269d3a6c to remote] DEBUG org.asynchttpclient.netty.request.NettyRequestSender - Using pooled Channel '[id: 0x66e76fbe, L:/127.0.0.1:63406 - R:localhost/127.0.0.1:9941]' for 'POST' to 'http://localhost:9941/session/7c6fb0e600dfe3dd7c5e1cff269d3a6c/element'
20:15:58.094 [Forwarding findElement on session 7c6fb0e600dfe3dd7c5e1cff269d3a6c to remote] DEBUG org.asynchttpclient.netty.request.NettyRequestSender - Using open Channel [id: 0x66e76fbe, L:/127.0.0.1:63406 - R:localhost/127.0.0.1:9941] for POST '/session/7c6fb0e600dfe3dd7c5e1cff269d3a6c/element'
20:15:58.125 [AsyncHttpClient-1-14] DEBUG org.asynchttpclient.netty.handler.HttpHandler - 

Request DefaultHttpRequest(decodeResult: success, version: HTTP/1.1)
POST /session/7c6fb0e600dfe3dd7c5e1cff269d3a6c/element HTTP/1.1
User-Agent: selenium/4.12.0 (java windows)
Content-Length: 158
Content-Type: application/json; charset=utf-8
host: localhost:9941
accept: */*

Response DefaultHttpResponse(decodeResult: success, version: HTTP/1.1)
HTTP/1.1 200 OK
Content-Length: 127
Content-Type: application/json; charset=utf-8
cache-control: no-cache

20:15:58.125 [AsyncHttpClient-1-14] DEBUG org.asynchttpclient.netty.channel.ChannelManager - Adding key: http://localhost:9941 for channel [id: 0x66e76fbe, L:/127.0.0.1:63406 - R:localhost/127.0.0.1:9941]
20:15:58.125 [Forwarding clickElement on session 7c6fb0e600dfe3dd7c5e1cff269d3a6c to remote] DEBUG org.asynchttpclient.netty.request.NettyRequestSender - Using pooled Channel '[id: 0x66e76fbe, L:/127.0.0.1:63406 - R:localhost/127.0.0.1:9941]' for 'POST' to 'http://localhost:9941/session/7c6fb0e600dfe3dd7c5e1cff269d3a6c/element/f.99EB50FD5A94E738947D898E72E4608D.d.5FE9189B0163757B714F168C5891E4E5.e.120/click'
20:15:58.125 [Forwarding clickElement on session 7c6fb0e600dfe3dd7c5e1cff269d3a6c to remote] DEBUG org.asynchttpclient.netty.request.NettyRequestSender - Using open Channel [id: 0x66e76fbe, L:/127.0.0.1:63406 - R:localhost/127.0.0.1:9941] for POST '/session/7c6fb0e600dfe3dd7c5e1cff269d3a6c/element/f.99EB50FD5A94E738947D898E72E4608D.d.5FE9189B0163757B714F168C5891E4E5.e.120/click'
20:15:58.188 [AsyncHttpClient-1-14] DEBUG org.asynchttpclient.netty.handler.HttpHandler - 

Request DefaultHttpRequest(decodeResult: success, version: HTTP/1.1)
POST /session/7c6fb0e600dfe3dd7c5e1cff269d3a6c/element/f.99EB50FD5A94E738947D898E72E4608D.d.5FE9189B0163757B714F168C5891E4E5.e.120/click HTTP/1.1
User-Agent: selenium/4.12.0 (java windows)
Content-Length: 89
Content-Type: application/json; charset=utf-8
host: localhost:9941
accept: */*

Response DefaultHttpResponse(decodeResult: success, version: HTTP/1.1)
HTTP/1.1 200 OK
Content-Length: 14
Content-Type: application/json; charset=utf-8
cache-control: no-cache

20:15:58.188 [AsyncHttpClient-1-14] DEBUG org.asynchttpclient.netty.channel.ChannelManager - Adding key: http://localhost:9941 for channel [id: 0x66e76fbe, L:/127.0.0.1:63406 - R:localhost/127.0.0.1:9941]
20:15:59.126 [AsyncHttpClient-1-1] DEBUG org.asynchttpclient.netty.channel.DefaultChannelPool - Entry count for : http://localhost:9941 : 1
20:15:59.127 [AsyncHttpClient-1-1] DEBUG org.asynchttpclient.netty.channel.DefaultChannelPool - Entry count for : http://localhost:63407 : 1
20:15:59.194 [Forwarding findElement on session 7c6fb0e600dfe3dd7c5e1cff269d3a6c to remote] DEBUG org.asynchttpclient.netty.request.NettyRequestSender - Using pooled Channel '[id: 0x66e76fbe, L:/127.0.0.1:63406 - R:localhost/127.0.0.1:9941]' for 'POST' to 'http://localhost:9941/session/7c6fb0e600dfe3dd7c5e1cff269d3a6c/element'
20:15:59.194 [Forwarding findElement on session 7c6fb0e600dfe3dd7c5e1cff269d3a6c to remote] DEBUG org.asynchttpclient.netty.request.NettyRequestSender - Using open Channel [id: 0x66e76fbe, L:/127.0.0.1:63406 - R:localhost/127.0.0.1:9941] for POST '/session/7c6fb0e600dfe3dd7c5e1cff269d3a6c/element'
20:15:59.217 [AsyncHttpClient-1-14] DEBUG org.asynchttpclient.netty.handler.HttpHandler - 

Request DefaultHttpRequest(decodeResult: success, version: HTTP/1.1)
POST /session/7c6fb0e600dfe3dd7c5e1cff269d3a6c/element HTTP/1.1
User-Agent: selenium/4.12.0 (java windows)
Content-Length: 250
Content-Type: application/json; charset=utf-8
host: localhost:9941
accept: */*

Response DefaultHttpResponse(decodeResult: success, version: HTTP/1.1)
HTTP/1.1 200 OK
Content-Length: 127
Content-Type: application/json; charset=utf-8
cache-control: no-cache

20:15:59.218 [AsyncHttpClient-1-14] DEBUG org.asynchttpclient.netty.channel.ChannelManager - Adding key: http://localhost:9941 for channel [id: 0x66e76fbe, L:/127.0.0.1:63406 - R:localhost/127.0.0.1:9941]
20:15:59.220 [Forwarding actions on session 7c6fb0e600dfe3dd7c5e1cff269d3a6c to remote] DEBUG org.asynchttpclient.netty.request.NettyRequestSender - Using pooled Channel '[id: 0x66e76fbe, L:/127.0.0.1:63406 - R:localhost/127.0.0.1:9941]' for 'POST' to 'http://localhost:9941/session/7c6fb0e600dfe3dd7c5e1cff269d3a6c/actions'
20:15:59.220 [Forwarding actions on session 7c6fb0e600dfe3dd7c5e1cff269d3a6c to remote] DEBUG org.asynchttpclient.netty.request.NettyRequestSender - Using open Channel [id: 0x66e76fbe, L:/127.0.0.1:63406 - R:localhost/127.0.0.1:9941] for POST '/session/7c6fb0e600dfe3dd7c5e1cff269d3a6c/actions'
20:15:59.390 [AsyncHttpClient-1-14] DEBUG org.asynchttpclient.netty.handler.HttpHandler - 

Request DefaultHttpRequest(decodeResult: success, version: HTTP/1.1)
POST /session/7c6fb0e600dfe3dd7c5e1cff269d3a6c/actions HTTP/1.1
User-Agent: selenium/4.12.0 (java windows)
Content-Length: 606
Content-Type: application/json; charset=utf-8
host: localhost:9941
accept: */*

Response DefaultHttpResponse(decodeResult: success, version: HTTP/1.1)
HTTP/1.1 200 OK
Content-Length: 14
Content-Type: application/json; charset=utf-8
cache-control: no-cache

20:15:59.390 [AsyncHttpClient-1-14] DEBUG org.asynchttpclient.netty.channel.ChannelManager - Adding key: http://localhost:9941 for channel [id: 0x66e76fbe, L:/127.0.0.1:63406 - R:localhost/127.0.0.1:9941]
20:15:59.390 [Forwarding findElement on session 7c6fb0e600dfe3dd7c5e1cff269d3a6c to remote] DEBUG org.asynchttpclient.netty.request.NettyRequestSender - Using pooled Channel '[id: 0x66e76fbe, L:/127.0.0.1:63406 - R:localhost/127.0.0.1:9941]' for 'POST' to 'http://localhost:9941/session/7c6fb0e600dfe3dd7c5e1cff269d3a6c/element'
20:15:59.390 [Forwarding findElement on session 7c6fb0e600dfe3dd7c5e1cff269d3a6c to remote] DEBUG org.asynchttpclient.netty.request.NettyRequestSender - Using open Channel [id: 0x66e76fbe, L:/127.0.0.1:63406 - R:localhost/127.0.0.1:9941] for POST '/session/7c6fb0e600dfe3dd7c5e1cff269d3a6c/element'
20:15:59.399 [AsyncHttpClient-1-14] DEBUG org.asynchttpclient.netty.handler.HttpHandler - 

Request DefaultHttpRequest(decodeResult: success, version: HTTP/1.1)
POST /session/7c6fb0e600dfe3dd7c5e1cff269d3a6c/element HTTP/1.1
User-Agent: selenium/4.12.0 (java windows)
Content-Length: 250
Content-Type: application/json; charset=utf-8
host: localhost:9941
accept: */*

Response DefaultHttpResponse(decodeResult: success, version: HTTP/1.1)
HTTP/1.1 200 OK
Content-Length: 127
Content-Type: application/json; charset=utf-8
cache-control: no-cache

20:15:59.399 [AsyncHttpClient-1-14] DEBUG org.asynchttpclient.netty.channel.ChannelManager - Adding key: http://localhost:9941 for channel [id: 0x66e76fbe, L:/127.0.0.1:63406 - R:localhost/127.0.0.1:9941]
20:15:59.400 [Forwarding actions on session 7c6fb0e600dfe3dd7c5e1cff269d3a6c to remote] DEBUG org.asynchttpclient.netty.request.NettyRequestSender - Using pooled Channel '[id: 0x66e76fbe, L:/127.0.0.1:63406 - R:localhost/127.0.0.1:9941]' for 'POST' to 'http://localhost:9941/session/7c6fb0e600dfe3dd7c5e1cff269d3a6c/actions'
20:15:59.407 [Forwarding actions on session 7c6fb0e600dfe3dd7c5e1cff269d3a6c to remote] DEBUG org.asynchttpclient.netty.request.NettyRequestSender - Using open Channel [id: 0x66e76fbe, L:/127.0.0.1:63406 - R:localhost/127.0.0.1:9941] for POST '/session/7c6fb0e600dfe3dd7c5e1cff269d3a6c/actions'
20:15:59.580 [AsyncHttpClient-1-14] DEBUG org.asynchttpclient.netty.handler.HttpHandler - 

Request DefaultHttpRequest(decodeResult: success, version: HTTP/1.1)
POST /session/7c6fb0e600dfe3dd7c5e1cff269d3a6c/actions HTTP/1.1
User-Agent: selenium/4.12.0 (java windows)
Content-Length: 606
Content-Type: application/json; charset=utf-8
host: localhost:9941
accept: */*

Response DefaultHttpResponse(decodeResult: success, version: HTTP/1.1)
HTTP/1.1 200 OK
Content-Length: 14
Content-Type: application/json; charset=utf-8
cache-control: no-cache

20:15:59.580 [AsyncHttpClient-1-14] DEBUG org.asynchttpclient.netty.channel.ChannelManager - Adding key: http://localhost:9941 for channel [id: 0x66e76fbe, L:/127.0.0.1:63406 - R:localhost/127.0.0.1:9941]
20:15:59.580 [Forwarding findElement on session 7c6fb0e600dfe3dd7c5e1cff269d3a6c to remote] DEBUG org.asynchttpclient.netty.request.NettyRequestSender - Using pooled Channel '[id: 0x66e76fbe, L:/127.0.0.1:63406 - R:localhost/127.0.0.1:9941]' for 'POST' to 'http://localhost:9941/session/7c6fb0e600dfe3dd7c5e1cff269d3a6c/element'
20:15:59.580 [Forwarding findElement on session 7c6fb0e600dfe3dd7c5e1cff269d3a6c to remote] DEBUG org.asynchttpclient.netty.request.NettyRequestSender - Using open Channel [id: 0x66e76fbe, L:/127.0.0.1:63406 - R:localhost/127.0.0.1:9941] for POST '/session/7c6fb0e600dfe3dd7c5e1cff269d3a6c/element'
20:15:59.610 [AsyncHttpClient-1-14] DEBUG org.asynchttpclient.netty.handler.HttpHandler - 

Request DefaultHttpRequest(decodeResult: success, version: HTTP/1.1)
POST /session/7c6fb0e600dfe3dd7c5e1cff269d3a6c/element HTTP/1.1
User-Agent: selenium/4.12.0 (java windows)
Content-Length: 250
Content-Type: application/json; charset=utf-8
host: localhost:9941
accept: */*

Response DefaultHttpResponse(decodeResult: success, version: HTTP/1.1)
HTTP/1.1 200 OK
Content-Length: 127
Content-Type: application/json; charset=utf-8
cache-control: no-cache

20:15:59.610 [AsyncHttpClient-1-14] DEBUG org.asynchttpclient.netty.channel.ChannelManager - Adding key: http://localhost:9941 for channel [id: 0x66e76fbe, L:/127.0.0.1:63406 - R:localhost/127.0.0.1:9941]
20:15:59.613 [Forwarding actions on session 7c6fb0e600dfe3dd7c5e1cff269d3a6c to remote] DEBUG org.asynchttpclient.netty.request.NettyRequestSender - Using pooled Channel '[id: 0x66e76fbe, L:/127.0.0.1:63406 - R:localhost/127.0.0.1:9941]' for 'POST' to 'http://localhost:9941/session/7c6fb0e600dfe3dd7c5e1cff269d3a6c/actions'
20:15:59.613 [Forwarding actions on session 7c6fb0e600dfe3dd7c5e1cff269d3a6c to remote] DEBUG org.asynchttpclient.netty.request.NettyRequestSender - Using open Channel [id: 0x66e76fbe, L:/127.0.0.1:63406 - R:localhost/127.0.0.1:9941] for POST '/session/7c6fb0e600dfe3dd7c5e1cff269d3a6c/actions'
20:15:59.793 [AsyncHttpClient-1-14] DEBUG org.asynchttpclient.netty.handler.HttpHandler - 

Request DefaultHttpRequest(decodeResult: success, version: HTTP/1.1)
POST /session/7c6fb0e600dfe3dd7c5e1cff269d3a6c/actions HTTP/1.1
User-Agent: selenium/4.12.0 (java windows)
Content-Length: 606
Content-Type: application/json; charset=utf-8
host: localhost:9941
accept: */*

Response DefaultHttpResponse(decodeResult: success, version: HTTP/1.1)
HTTP/1.1 200 OK
Content-Length: 14
Content-Type: application/json; charset=utf-8
cache-control: no-cache

20:15:59.793 [AsyncHttpClient-1-14] DEBUG org.asynchttpclient.netty.channel.ChannelManager - Adding key: http://localhost:9941 for channel [id: 0x66e76fbe, L:/127.0.0.1:63406 - R:localhost/127.0.0.1:9941]
20:15:59.793 [Forwarding findElement on session 7c6fb0e600dfe3dd7c5e1cff269d3a6c to remote] DEBUG org.asynchttpclient.netty.request.NettyRequestSender - Using pooled Channel '[id: 0x66e76fbe, L:/127.0.0.1:63406 - R:localhost/127.0.0.1:9941]' for 'POST' to 'http://localhost:9941/session/7c6fb0e600dfe3dd7c5e1cff269d3a6c/element'
20:15:59.793 [Forwarding findElement on session 7c6fb0e600dfe3dd7c5e1cff269d3a6c to remote] DEBUG org.asynchttpclient.netty.request.NettyRequestSender - Using open Channel [id: 0x66e76fbe, L:/127.0.0.1:63406 - R:localhost/127.0.0.1:9941] for POST '/session/7c6fb0e600dfe3dd7c5e1cff269d3a6c/element'
20:15:59.802 [AsyncHttpClient-1-14] DEBUG org.asynchttpclient.netty.handler.HttpHandler - 

Request DefaultHttpRequest(decodeResult: success, version: HTTP/1.1)
POST /session/7c6fb0e600dfe3dd7c5e1cff269d3a6c/element HTTP/1.1
User-Agent: selenium/4.12.0 (java windows)
Content-Length: 250
Content-Type: application/json; charset=utf-8
host: localhost:9941
accept: */*

Response DefaultHttpResponse(decodeResult: success, version: HTTP/1.1)
HTTP/1.1 200 OK
Content-Length: 127
Content-Type: application/json; charset=utf-8
cache-control: no-cache

20:15:59.802 [AsyncHttpClient-1-14] DEBUG org.asynchttpclient.netty.channel.ChannelManager - Adding key: http://localhost:9941 for channel [id: 0x66e76fbe, L:/127.0.0.1:63406 - R:localhost/127.0.0.1:9941]
20:15:59.804 [Forwarding actions on session 7c6fb0e600dfe3dd7c5e1cff269d3a6c to remote] DEBUG org.asynchttpclient.netty.request.NettyRequestSender - Using pooled Channel '[id: 0x66e76fbe, L:/127.0.0.1:63406 - R:localhost/127.0.0.1:9941]' for 'POST' to 'http://localhost:9941/session/7c6fb0e600dfe3dd7c5e1cff269d3a6c/actions'
20:15:59.804 [Forwarding actions on session 7c6fb0e600dfe3dd7c5e1cff269d3a6c to remote] DEBUG org.asynchttpclient.netty.request.NettyRequestSender - Using open Channel [id: 0x66e76fbe, L:/127.0.0.1:63406 - R:localhost/127.0.0.1:9941] for POST '/session/7c6fb0e600dfe3dd7c5e1cff269d3a6c/actions'
20:15:59.973 [AsyncHttpClient-1-14] DEBUG org.asynchttpclient.netty.handler.HttpHandler - 

Request DefaultHttpRequest(decodeResult: success, version: HTTP/1.1)
POST /session/7c6fb0e600dfe3dd7c5e1cff269d3a6c/actions HTTP/1.1
User-Agent: selenium/4.12.0 (java windows)
Content-Length: 606
Content-Type: application/json; charset=utf-8
host: localhost:9941
accept: */*

Response DefaultHttpResponse(decodeResult: success, version: HTTP/1.1)
HTTP/1.1 200 OK
Content-Length: 14
Content-Type: application/json; charset=utf-8
cache-control: no-cache

20:15:59.973 [AsyncHttpClient-1-14] DEBUG org.asynchttpclient.netty.channel.ChannelManager - Adding key: http://localhost:9941 for channel [id: 0x66e76fbe, L:/127.0.0.1:63406 - R:localhost/127.0.0.1:9941]
20:15:59.975 [Forwarding findElement on session 7c6fb0e600dfe3dd7c5e1cff269d3a6c to remote] DEBUG org.asynchttpclient.netty.request.NettyRequestSender - Using pooled Channel '[id: 0x66e76fbe, L:/127.0.0.1:63406 - R:localhost/127.0.0.1:9941]' for 'POST' to 'http://localhost:9941/session/7c6fb0e600dfe3dd7c5e1cff269d3a6c/element'
20:15:59.976 [Forwarding findElement on session 7c6fb0e600dfe3dd7c5e1cff269d3a6c to remote] DEBUG org.asynchttpclient.netty.request.NettyRequestSender - Using open Channel [id: 0x66e76fbe, L:/127.0.0.1:63406 - R:localhost/127.0.0.1:9941] for POST '/session/7c6fb0e600dfe3dd7c5e1cff269d3a6c/element'
20:16:00.000 [AsyncHttpClient-1-14] DEBUG org.asynchttpclient.netty.handler.HttpHandler - 

Request DefaultHttpRequest(decodeResult: success, version: HTTP/1.1)
POST /session/7c6fb0e600dfe3dd7c5e1cff269d3a6c/element HTTP/1.1
User-Agent: selenium/4.12.0 (java windows)
Content-Length: 250
Content-Type: application/json; charset=utf-8
host: localhost:9941
accept: */*

Response DefaultHttpResponse(decodeResult: success, version: HTTP/1.1)
HTTP/1.1 200 OK
Content-Length: 127
Content-Type: application/json; charset=utf-8
cache-control: no-cache

20:16:00.000 [AsyncHttpClient-1-14] DEBUG org.asynchttpclient.netty.channel.ChannelManager - Adding key: http://localhost:9941 for channel [id: 0x66e76fbe, L:/127.0.0.1:63406 - R:localhost/127.0.0.1:9941]
20:16:00.004 [Forwarding actions on session 7c6fb0e600dfe3dd7c5e1cff269d3a6c to remote] DEBUG org.asynchttpclient.netty.request.NettyRequestSender - Using pooled Channel '[id: 0x66e76fbe, L:/127.0.0.1:63406 - R:localhost/127.0.0.1:9941]' for 'POST' to 'http://localhost:9941/session/7c6fb0e600dfe3dd7c5e1cff269d3a6c/actions'
20:16:00.004 [Forwarding actions on session 7c6fb0e600dfe3dd7c5e1cff269d3a6c to remote] DEBUG org.asynchttpclient.netty.request.NettyRequestSender - Using open Channel [id: 0x66e76fbe, L:/127.0.0.1:63406 - R:localhost/127.0.0.1:9941] for POST '/session/7c6fb0e600dfe3dd7c5e1cff269d3a6c/actions'
20:16:00.182 [AsyncHttpClient-1-14] DEBUG org.asynchttpclient.netty.handler.HttpHandler - 

Request DefaultHttpRequest(decodeResult: success, version: HTTP/1.1)
POST /session/7c6fb0e600dfe3dd7c5e1cff269d3a6c/actions HTTP/1.1
User-Agent: selenium/4.12.0 (java windows)
Content-Length: 606
Content-Type: application/json; charset=utf-8
host: localhost:9941
accept: */*

Response DefaultHttpResponse(decodeResult: success, version: HTTP/1.1)
HTTP/1.1 200 OK
Content-Length: 14
Content-Type: application/json; charset=utf-8
cache-control: no-cache

20:16:00.182 [AsyncHttpClient-1-14] DEBUG org.asynchttpclient.netty.channel.ChannelManager - Adding key: http://localhost:9941 for channel [id: 0x66e76fbe, L:/127.0.0.1:63406 - R:localhost/127.0.0.1:9941]
20:16:00.183 [Forwarding findElement on session 7c6fb0e600dfe3dd7c5e1cff269d3a6c to remote] DEBUG org.asynchttpclient.netty.request.NettyRequestSender - Using pooled Channel '[id: 0x66e76fbe, L:/127.0.0.1:63406 - R:localhost/127.0.0.1:9941]' for 'POST' to 'http://localhost:9941/session/7c6fb0e600dfe3dd7c5e1cff269d3a6c/element'
20:16:00.183 [Forwarding findElement on session 7c6fb0e600dfe3dd7c5e1cff269d3a6c to remote] DEBUG org.asynchttpclient.netty.request.NettyRequestSender - Using open Channel [id: 0x66e76fbe, L:/127.0.0.1:63406 - R:localhost/127.0.0.1:9941] for POST '/session/7c6fb0e600dfe3dd7c5e1cff269d3a6c/element'
20:16:00.191 [AsyncHttpClient-1-14] DEBUG org.asynchttpclient.netty.handler.HttpHandler - 

Request DefaultHttpRequest(decodeResult: success, version: HTTP/1.1)
POST /session/7c6fb0e600dfe3dd7c5e1cff269d3a6c/element HTTP/1.1
User-Agent: selenium/4.12.0 (java windows)
Content-Length: 250
Content-Type: application/json; charset=utf-8
host: localhost:9941
accept: */*

Response DefaultHttpResponse(decodeResult: success, version: HTTP/1.1)
HTTP/1.1 200 OK
Content-Length: 127
Content-Type: application/json; charset=utf-8
cache-control: no-cache

20:16:00.191 [AsyncHttpClient-1-14] DEBUG org.asynchttpclient.netty.channel.ChannelManager - Adding key: http://localhost:9941 for channel [id: 0x66e76fbe, L:/127.0.0.1:63406 - R:localhost/127.0.0.1:9941]
20:16:00.191 [Forwarding actions on session 7c6fb0e600dfe3dd7c5e1cff269d3a6c to remote] DEBUG org.asynchttpclient.netty.request.NettyRequestSender - Using pooled Channel '[id: 0x66e76fbe, L:/127.0.0.1:63406 - R:localhost/127.0.0.1:9941]' for 'POST' to 'http://localhost:9941/session/7c6fb0e600dfe3dd7c5e1cff269d3a6c/actions'
20:16:00.191 [Forwarding actions on session 7c6fb0e600dfe3dd7c5e1cff269d3a6c to remote] DEBUG org.asynchttpclient.netty.request.NettyRequestSender - Using open Channel [id: 0x66e76fbe, L:/127.0.0.1:63406 - R:localhost/127.0.0.1:9941] for POST '/session/7c6fb0e600dfe3dd7c5e1cff269d3a6c/actions'
20:16:00.227 [AsyncHttpClient-1-1] DEBUG org.asynchttpclient.netty.channel.DefaultChannelPool - Entry count for : http://localhost:63407 : 1
20:16:00.365 [AsyncHttpClient-1-14] DEBUG org.asynchttpclient.netty.handler.HttpHandler - 

Request DefaultHttpRequest(decodeResult: success, version: HTTP/1.1)
POST /session/7c6fb0e600dfe3dd7c5e1cff269d3a6c/actions HTTP/1.1
User-Agent: selenium/4.12.0 (java windows)
Content-Length: 606
Content-Type: application/json; charset=utf-8
host: localhost:9941
accept: */*

Response DefaultHttpResponse(decodeResult: success, version: HTTP/1.1)
HTTP/1.1 200 OK
Content-Length: 14
Content-Type: application/json; charset=utf-8
cache-control: no-cache

20:16:00.365 [AsyncHttpClient-1-14] DEBUG org.asynchttpclient.netty.channel.ChannelManager - Adding key: http://localhost:9941 for channel [id: 0x66e76fbe, L:/127.0.0.1:63406 - R:localhost/127.0.0.1:9941]
20:16:01.327 [AsyncHttpClient-1-1] DEBUG org.asynchttpclient.netty.channel.DefaultChannelPool - Entry count for : http://localhost:9941 : 1
20:16:01.327 [AsyncHttpClient-1-1] DEBUG org.asynchttpclient.netty.channel.DefaultChannelPool - Entry count for : http://localhost:63407 : 1
20:16:02.428 [AsyncHttpClient-1-1] DEBUG org.asynchttpclient.netty.channel.DefaultChannelPool - Entry count for : http://localhost:9941 : 1
20:16:02.428 [AsyncHttpClient-1-1] DEBUG org.asynchttpclient.netty.channel.DefaultChannelPool - Entry count for : http://localhost:63407 : 1
screen shot class not taking
  And Provide the Business hour04:00 15:00                                 # StepDefination.Customer_onboarding.Provide_the_business_hores(java.lang.String,java.lang.String)
20:16:03.527 [AsyncHttpClient-1-1] DEBUG org.asynchttpclient.netty.channel.DefaultChannelPool - Entry count for : http://localhost:9941 : 1
20:16:03.527 [AsyncHttpClient-1-1] DEBUG org.asynchttpclient.netty.channel.DefaultChannelPool - Entry count for : http://localhost:63407 : 1
20:16:03.893 [Forwarding findElement on session 7c6fb0e600dfe3dd7c5e1cff269d3a6c to remote] DEBUG org.asynchttpclient.netty.request.NettyRequestSender - Using pooled Channel '[id: 0x66e76fbe, L:/127.0.0.1:63406 - R:localhost/127.0.0.1:9941]' for 'POST' to 'http://localhost:9941/session/7c6fb0e600dfe3dd7c5e1cff269d3a6c/element'
20:16:03.893 [Forwarding findElement on session 7c6fb0e600dfe3dd7c5e1cff269d3a6c to remote] DEBUG org.asynchttpclient.netty.request.NettyRequestSender - Using open Channel [id: 0x66e76fbe, L:/127.0.0.1:63406 - R:localhost/127.0.0.1:9941] for POST '/session/7c6fb0e600dfe3dd7c5e1cff269d3a6c/element'
20:16:03.911 [AsyncHttpClient-1-14] DEBUG org.asynchttpclient.netty.handler.HttpHandler - 

Request DefaultHttpRequest(decodeResult: success, version: HTTP/1.1)
POST /session/7c6fb0e600dfe3dd7c5e1cff269d3a6c/element HTTP/1.1
User-Agent: selenium/4.12.0 (java windows)
Content-Length: 72
Content-Type: application/json; charset=utf-8
host: localhost:9941
accept: */*

Response DefaultHttpResponse(decodeResult: success, version: HTTP/1.1)
HTTP/1.1 200 OK
Content-Length: 127
Content-Type: application/json; charset=utf-8
cache-control: no-cache

20:16:03.912 [AsyncHttpClient-1-14] DEBUG org.asynchttpclient.netty.channel.ChannelManager - Adding key: http://localhost:9941 for channel [id: 0x66e76fbe, L:/127.0.0.1:63406 - R:localhost/127.0.0.1:9941]
20:16:03.913 [Forwarding clickElement on session 7c6fb0e600dfe3dd7c5e1cff269d3a6c to remote] DEBUG org.asynchttpclient.netty.request.NettyRequestSender - Using pooled Channel '[id: 0x66e76fbe, L:/127.0.0.1:63406 - R:localhost/127.0.0.1:9941]' for 'POST' to 'http://localhost:9941/session/7c6fb0e600dfe3dd7c5e1cff269d3a6c/element/f.99EB50FD5A94E738947D898E72E4608D.d.5FE9189B0163757B714F168C5891E4E5.e.156/click'
20:16:03.913 [Forwarding clickElement on session 7c6fb0e600dfe3dd7c5e1cff269d3a6c to remote] DEBUG org.asynchttpclient.netty.request.NettyRequestSender - Using open Channel [id: 0x66e76fbe, L:/127.0.0.1:63406 - R:localhost/127.0.0.1:9941] for POST '/session/7c6fb0e600dfe3dd7c5e1cff269d3a6c/element/f.99EB50FD5A94E738947D898E72E4608D.d.5FE9189B0163757B714F168C5891E4E5.e.156/click'
20:16:03.984 [AsyncHttpClient-1-14] DEBUG org.asynchttpclient.netty.handler.HttpHandler - 

Request DefaultHttpRequest(decodeResult: success, version: HTTP/1.1)
POST /session/7c6fb0e600dfe3dd7c5e1cff269d3a6c/element/f.99EB50FD5A94E738947D898E72E4608D.d.5FE9189B0163757B714F168C5891E4E5.e.156/click HTTP/1.1
User-Agent: selenium/4.12.0 (java windows)
Content-Length: 89
Content-Type: application/json; charset=utf-8
host: localhost:9941
accept: */*

Response DefaultHttpResponse(decodeResult: success, version: HTTP/1.1)
HTTP/1.1 200 OK
Content-Length: 14
Content-Type: application/json; charset=utf-8
cache-control: no-cache

20:16:03.984 [AsyncHttpClient-1-14] DEBUG org.asynchttpclient.netty.channel.ChannelManager - Adding key: http://localhost:9941 for channel [id: 0x66e76fbe, L:/127.0.0.1:63406 - R:localhost/127.0.0.1:9941]
screen shot class not taking
  When Submit the form                                                     # StepDefination.Customer_onboarding.Submit_the_form()
20:16:04.626 [AsyncHttpClient-1-1] DEBUG org.asynchttpclient.netty.channel.DefaultChannelPool - Entry count for : http://localhost:9941 : 1
20:16:04.627 [AsyncHttpClient-1-1] DEBUG org.asynchttpclient.netty.channel.DefaultChannelPool - Entry count for : http://localhost:63407 : 1
20:16:05.010 [Forwarding findElement on session 7c6fb0e600dfe3dd7c5e1cff269d3a6c to remote] DEBUG org.asynchttpclient.netty.request.NettyRequestSender - Using pooled Channel '[id: 0x66e76fbe, L:/127.0.0.1:63406 - R:localhost/127.0.0.1:9941]' for 'POST' to 'http://localhost:9941/session/7c6fb0e600dfe3dd7c5e1cff269d3a6c/element'
20:16:05.010 [Forwarding findElement on session 7c6fb0e600dfe3dd7c5e1cff269d3a6c to remote] DEBUG org.asynchttpclient.netty.request.NettyRequestSender - Using open Channel [id: 0x66e76fbe, L:/127.0.0.1:63406 - R:localhost/127.0.0.1:9941] for POST '/session/7c6fb0e600dfe3dd7c5e1cff269d3a6c/element'
20:16:05.029 [AsyncHttpClient-1-14] DEBUG org.asynchttpclient.netty.handler.HttpHandler - 

Request DefaultHttpRequest(decodeResult: success, version: HTTP/1.1)
POST /session/7c6fb0e600dfe3dd7c5e1cff269d3a6c/element HTTP/1.1
User-Agent: selenium/4.12.0 (java windows)
Content-Length: 151
Content-Type: application/json; charset=utf-8
host: localhost:9941
accept: */*

Response DefaultHttpResponse(decodeResult: success, version: HTTP/1.1)
HTTP/1.1 200 OK
Content-Length: 127
Content-Type: application/json; charset=utf-8
cache-control: no-cache

20:16:05.029 [AsyncHttpClient-1-14] DEBUG org.asynchttpclient.netty.channel.ChannelManager - Adding key: http://localhost:9941 for channel [id: 0x66e76fbe, L:/127.0.0.1:63406 - R:localhost/127.0.0.1:9941]
20:16:05.031 [Forwarding clickElement on session 7c6fb0e600dfe3dd7c5e1cff269d3a6c to remote] DEBUG org.asynchttpclient.netty.request.NettyRequestSender - Using pooled Channel '[id: 0x66e76fbe, L:/127.0.0.1:63406 - R:localhost/127.0.0.1:9941]' for 'POST' to 'http://localhost:9941/session/7c6fb0e600dfe3dd7c5e1cff269d3a6c/element/f.99EB50FD5A94E738947D898E72E4608D.d.5FE9189B0163757B714F168C5891E4E5.e.158/click'
20:16:05.031 [Forwarding clickElement on session 7c6fb0e600dfe3dd7c5e1cff269d3a6c to remote] DEBUG org.asynchttpclient.netty.request.NettyRequestSender - Using open Channel [id: 0x66e76fbe, L:/127.0.0.1:63406 - R:localhost/127.0.0.1:9941] for POST '/session/7c6fb0e600dfe3dd7c5e1cff269d3a6c/element/f.99EB50FD5A94E738947D898E72E4608D.d.5FE9189B0163757B714F168C5891E4E5.e.158/click'
20:16:05.093 [AsyncHttpClient-1-14] DEBUG org.asynchttpclient.netty.handler.HttpHandler - 

Request DefaultHttpRequest(decodeResult: success, version: HTTP/1.1)
POST /session/7c6fb0e600dfe3dd7c5e1cff269d3a6c/element/f.99EB50FD5A94E738947D898E72E4608D.d.5FE9189B0163757B714F168C5891E4E5.e.158/click HTTP/1.1
User-Agent: selenium/4.12.0 (java windows)
Content-Length: 89
Content-Type: application/json; charset=utf-8
host: localhost:9941
accept: */*

Response DefaultHttpResponse(decodeResult: success, version: HTTP/1.1)
HTTP/1.1 200 OK
Content-Length: 14
Content-Type: application/json; charset=utf-8
cache-control: no-cache

20:16:05.093 [AsyncHttpClient-1-14] DEBUG org.asynchttpclient.netty.channel.ChannelManager - Adding key: http://localhost:9941 for channel [id: 0x66e76fbe, L:/127.0.0.1:63406 - R:localhost/127.0.0.1:9941]
screen shot class not taking
  And Tap back button                                                      # StepDefination.Customer_onboarding.Tap_back_button()
20:16:05.727 [AsyncHttpClient-1-1] DEBUG org.asynchttpclient.netty.channel.DefaultChannelPool - Entry count for : http://localhost:9941 : 1
20:16:05.728 [AsyncHttpClient-1-1] DEBUG org.asynchttpclient.netty.channel.DefaultChannelPool - Entry count for : http://localhost:63407 : 1
20:16:06.628 [Forwarding findElements on session 7c6fb0e600dfe3dd7c5e1cff269d3a6c to remote] DEBUG org.asynchttpclient.netty.request.NettyRequestSender - Using pooled Channel '[id: 0x66e76fbe, L:/127.0.0.1:63406 - R:localhost/127.0.0.1:9941]' for 'POST' to 'http://localhost:9941/session/7c6fb0e600dfe3dd7c5e1cff269d3a6c/elements'
20:16:06.628 [Forwarding findElements on session 7c6fb0e600dfe3dd7c5e1cff269d3a6c to remote] DEBUG org.asynchttpclient.netty.request.NettyRequestSender - Using open Channel [id: 0x66e76fbe, L:/127.0.0.1:63406 - R:localhost/127.0.0.1:9941] for POST '/session/7c6fb0e600dfe3dd7c5e1cff269d3a6c/elements'
20:16:06.650 [AsyncHttpClient-1-14] DEBUG org.asynchttpclient.netty.handler.HttpHandler - 

Request DefaultHttpRequest(decodeResult: success, version: HTTP/1.1)
POST /session/7c6fb0e600dfe3dd7c5e1cff269d3a6c/elements HTTP/1.1
User-Agent: selenium/4.12.0 (java windows)
Content-Length: 142
Content-Type: application/json; charset=utf-8
host: localhost:9941
accept: */*

Response DefaultHttpResponse(decodeResult: success, version: HTTP/1.1)
HTTP/1.1 200 OK
Content-Length: 3551
Content-Type: application/json; charset=utf-8
cache-control: no-cache

20:16:06.651 [AsyncHttpClient-1-14] DEBUG org.asynchttpclient.netty.channel.ChannelManager - Adding key: http://localhost:9941 for channel [id: 0x66e76fbe, L:/127.0.0.1:63406 - R:localhost/127.0.0.1:9941]
20:16:06.653 [Forwarding findElement on session 7c6fb0e600dfe3dd7c5e1cff269d3a6c to remote] DEBUG org.asynchttpclient.netty.request.NettyRequestSender - Using pooled Channel '[id: 0x66e76fbe, L:/127.0.0.1:63406 - R:localhost/127.0.0.1:9941]' for 'POST' to 'http://localhost:9941/session/7c6fb0e600dfe3dd7c5e1cff269d3a6c/element'
20:16:06.653 [Forwarding findElement on session 7c6fb0e600dfe3dd7c5e1cff269d3a6c to remote] DEBUG org.asynchttpclient.netty.request.NettyRequestSender - Using open Channel [id: 0x66e76fbe, L:/127.0.0.1:63406 - R:localhost/127.0.0.1:9941] for POST '/session/7c6fb0e600dfe3dd7c5e1cff269d3a6c/element'
20:16:06.672 [AsyncHttpClient-1-14] DEBUG org.asynchttpclient.netty.handler.HttpHandler - 

Request DefaultHttpRequest(decodeResult: success, version: HTTP/1.1)
POST /session/7c6fb0e600dfe3dd7c5e1cff269d3a6c/element HTTP/1.1
User-Agent: selenium/4.12.0 (java windows)
Content-Length: 198
Content-Type: application/json; charset=utf-8
host: localhost:9941
accept: */*

Response DefaultHttpResponse(decodeResult: success, version: HTTP/1.1)
HTTP/1.1 200 OK
Content-Length: 127
Content-Type: application/json; charset=utf-8
cache-control: no-cache

20:16:06.672 [AsyncHttpClient-1-14] DEBUG org.asynchttpclient.netty.channel.ChannelManager - Adding key: http://localhost:9941 for channel [id: 0x66e76fbe, L:/127.0.0.1:63406 - R:localhost/127.0.0.1:9941]
20:16:06.673 [Forwarding getElementText on session 7c6fb0e600dfe3dd7c5e1cff269d3a6c to remote] DEBUG org.asynchttpclient.netty.request.NettyRequestSender - Using pooled Channel '[id: 0x66e76fbe, L:/127.0.0.1:63406 - R:localhost/127.0.0.1:9941]' for 'GET' to 'http://localhost:9941/session/7c6fb0e600dfe3dd7c5e1cff269d3a6c/element/f.99EB50FD5A94E738947D898E72E4608D.d.5FE9189B0163757B714F168C5891E4E5.e.193/text'
20:16:06.673 [Forwarding getElementText on session 7c6fb0e600dfe3dd7c5e1cff269d3a6c to remote] DEBUG org.asynchttpclient.netty.request.NettyRequestSender - Using open Channel [id: 0x66e76fbe, L:/127.0.0.1:63406 - R:localhost/127.0.0.1:9941] for GET '/session/7c6fb0e600dfe3dd7c5e1cff269d3a6c/element/f.99EB50FD5A94E738947D898E72E4608D.d.5FE9189B0163757B714F168C5891E4E5.e.193/text'
20:16:06.700 [AsyncHttpClient-1-14] DEBUG org.asynchttpclient.netty.handler.HttpHandler - 

Request DefaultFullHttpRequest(decodeResult: success, version: HTTP/1.1, content: EmptyByteBufBE)
GET /session/7c6fb0e600dfe3dd7c5e1cff269d3a6c/element/f.99EB50FD5A94E738947D898E72E4608D.d.5FE9189B0163757B714F168C5891E4E5.e.193/text HTTP/1.1
Cache-Control: no-cache
User-Agent: selenium/4.12.0 (java windows)
Content-Type: application/json; charset=utf-8
host: localhost:9941
accept: */*

Response DefaultHttpResponse(decodeResult: success, version: HTTP/1.1)
HTTP/1.1 200 OK
Content-Length: 23
Content-Type: application/json; charset=utf-8
cache-control: no-cache

20:16:06.700 [AsyncHttpClient-1-14] DEBUG org.asynchttpclient.netty.channel.ChannelManager - Adding key: http://localhost:9941 for channel [id: 0x66e76fbe, L:/127.0.0.1:63406 - R:localhost/127.0.0.1:9941]
actual name: Tk_Steel
20:16:06.701 [Forwarding findElement on session 7c6fb0e600dfe3dd7c5e1cff269d3a6c to remote] DEBUG org.asynchttpclient.netty.request.NettyRequestSender - Using pooled Channel '[id: 0x66e76fbe, L:/127.0.0.1:63406 - R:localhost/127.0.0.1:9941]' for 'POST' to 'http://localhost:9941/session/7c6fb0e600dfe3dd7c5e1cff269d3a6c/element'
20:16:06.701 [Forwarding findElement on session 7c6fb0e600dfe3dd7c5e1cff269d3a6c to remote] DEBUG org.asynchttpclient.netty.request.NettyRequestSender - Using open Channel [id: 0x66e76fbe, L:/127.0.0.1:63406 - R:localhost/127.0.0.1:9941] for POST '/session/7c6fb0e600dfe3dd7c5e1cff269d3a6c/element'
20:16:06.721 [AsyncHttpClient-1-14] DEBUG org.asynchttpclient.netty.handler.HttpHandler - 

Request DefaultHttpRequest(decodeResult: success, version: HTTP/1.1)
POST /session/7c6fb0e600dfe3dd7c5e1cff269d3a6c/element HTTP/1.1
User-Agent: selenium/4.12.0 (java windows)
Content-Length: 198
Content-Type: application/json; charset=utf-8
host: localhost:9941
accept: */*

Response DefaultHttpResponse(decodeResult: success, version: HTTP/1.1)
HTTP/1.1 200 OK
Content-Length: 127
Content-Type: application/json; charset=utf-8
cache-control: no-cache

20:16:06.721 [AsyncHttpClient-1-14] DEBUG org.asynchttpclient.netty.channel.ChannelManager - Adding key: http://localhost:9941 for channel [id: 0x66e76fbe, L:/127.0.0.1:63406 - R:localhost/127.0.0.1:9941]
20:16:06.722 [Forwarding getElementText on session 7c6fb0e600dfe3dd7c5e1cff269d3a6c to remote] DEBUG org.asynchttpclient.netty.request.NettyRequestSender - Using pooled Channel '[id: 0x66e76fbe, L:/127.0.0.1:63406 - R:localhost/127.0.0.1:9941]' for 'GET' to 'http://localhost:9941/session/7c6fb0e600dfe3dd7c5e1cff269d3a6c/element/f.99EB50FD5A94E738947D898E72E4608D.d.5FE9189B0163757B714F168C5891E4E5.e.194/text'
20:16:06.722 [Forwarding getElementText on session 7c6fb0e600dfe3dd7c5e1cff269d3a6c to remote] DEBUG org.asynchttpclient.netty.request.NettyRequestSender - Using open Channel [id: 0x66e76fbe, L:/127.0.0.1:63406 - R:localhost/127.0.0.1:9941] for GET '/session/7c6fb0e600dfe3dd7c5e1cff269d3a6c/element/f.99EB50FD5A94E738947D898E72E4608D.d.5FE9189B0163757B714F168C5891E4E5.e.194/text'
20:16:06.737 [AsyncHttpClient-1-14] DEBUG org.asynchttpclient.netty.handler.HttpHandler - 

Request DefaultFullHttpRequest(decodeResult: success, version: HTTP/1.1, content: EmptyByteBufBE)
GET /session/7c6fb0e600dfe3dd7c5e1cff269d3a6c/element/f.99EB50FD5A94E738947D898E72E4608D.d.5FE9189B0163757B714F168C5891E4E5.e.194/text HTTP/1.1
Cache-Control: no-cache
User-Agent: selenium/4.12.0 (java windows)
Content-Type: application/json; charset=utf-8
host: localhost:9941
accept: */*

Response DefaultHttpResponse(decodeResult: success, version: HTTP/1.1)
HTTP/1.1 200 OK
Content-Length: 23
Content-Type: application/json; charset=utf-8
cache-control: no-cache

20:16:06.737 [AsyncHttpClient-1-14] DEBUG org.asynchttpclient.netty.channel.ChannelManager - Adding key: http://localhost:9941 for channel [id: 0x66e76fbe, L:/127.0.0.1:63406 - R:localhost/127.0.0.1:9941]
actual name: Wk_Const
20:16:06.738 [Forwarding findElement on session 7c6fb0e600dfe3dd7c5e1cff269d3a6c to remote] DEBUG org.asynchttpclient.netty.request.NettyRequestSender - Using pooled Channel '[id: 0x66e76fbe, L:/127.0.0.1:63406 - R:localhost/127.0.0.1:9941]' for 'POST' to 'http://localhost:9941/session/7c6fb0e600dfe3dd7c5e1cff269d3a6c/element'
20:16:06.738 [Forwarding findElement on session 7c6fb0e600dfe3dd7c5e1cff269d3a6c to remote] DEBUG org.asynchttpclient.netty.request.NettyRequestSender - Using open Channel [id: 0x66e76fbe, L:/127.0.0.1:63406 - R:localhost/127.0.0.1:9941] for POST '/session/7c6fb0e600dfe3dd7c5e1cff269d3a6c/element'
20:16:06.798 [AsyncHttpClient-1-14] DEBUG org.asynchttpclient.netty.handler.HttpHandler - 

Request DefaultHttpRequest(decodeResult: success, version: HTTP/1.1)
POST /session/7c6fb0e600dfe3dd7c5e1cff269d3a6c/element HTTP/1.1
User-Agent: selenium/4.12.0 (java windows)
Content-Length: 198
Content-Type: application/json; charset=utf-8
host: localhost:9941
accept: */*

Response DefaultHttpResponse(decodeResult: success, version: HTTP/1.1)
HTTP/1.1 200 OK
Content-Length: 127
Content-Type: application/json; charset=utf-8
cache-control: no-cache

20:16:06.798 [AsyncHttpClient-1-14] DEBUG org.asynchttpclient.netty.channel.ChannelManager - Adding key: http://localhost:9941 for channel [id: 0x66e76fbe, L:/127.0.0.1:63406 - R:localhost/127.0.0.1:9941]
20:16:06.799 [Forwarding getElementText on session 7c6fb0e600dfe3dd7c5e1cff269d3a6c to remote] DEBUG org.asynchttpclient.netty.request.NettyRequestSender - Using pooled Channel '[id: 0x66e76fbe, L:/127.0.0.1:63406 - R:localhost/127.0.0.1:9941]' for 'GET' to 'http://localhost:9941/session/7c6fb0e600dfe3dd7c5e1cff269d3a6c/element/f.99EB50FD5A94E738947D898E72E4608D.d.5FE9189B0163757B714F168C5891E4E5.e.195/text'
20:16:06.799 [Forwarding getElementText on session 7c6fb0e600dfe3dd7c5e1cff269d3a6c to remote] DEBUG org.asynchttpclient.netty.request.NettyRequestSender - Using open Channel [id: 0x66e76fbe, L:/127.0.0.1:63406 - R:localhost/127.0.0.1:9941] for GET '/session/7c6fb0e600dfe3dd7c5e1cff269d3a6c/element/f.99EB50FD5A94E738947D898E72E4608D.d.5FE9189B0163757B714F168C5891E4E5.e.195/text'
20:16:06.846 [AsyncHttpClient-1-14] DEBUG org.asynchttpclient.netty.handler.HttpHandler - 

Request DefaultFullHttpRequest(decodeResult: success, version: HTTP/1.1, content: EmptyByteBufBE)
GET /session/7c6fb0e600dfe3dd7c5e1cff269d3a6c/element/f.99EB50FD5A94E738947D898E72E4608D.d.5FE9189B0163757B714F168C5891E4E5.e.195/text HTTP/1.1
Cache-Control: no-cache
User-Agent: selenium/4.12.0 (java windows)
Content-Type: application/json; charset=utf-8
host: localhost:9941
accept: */*

Response DefaultHttpResponse(decodeResult: success, version: HTTP/1.1)
HTTP/1.1 200 OK
Content-Length: 23
Content-Type: application/json; charset=utf-8
cache-control: no-cache

20:16:06.847 [AsyncHttpClient-1-14] DEBUG org.asynchttpclient.netty.channel.ChannelManager - Adding key: http://localhost:9941 for channel [id: 0x66e76fbe, L:/127.0.0.1:63406 - R:localhost/127.0.0.1:9941]
20:16:06.847 [AsyncHttpClient-1-1] DEBUG org.asynchttpclient.netty.channel.DefaultChannelPool - Entry count for : http://localhost:9941 : 1
20:16:06.847 [AsyncHttpClient-1-1] DEBUG org.asynchttpclient.netty.channel.DefaultChannelPool - Entry count for : http://localhost:63407 : 1
actual name: Tk_Steel
20:16:06.847 [Forwarding findElement on session 7c6fb0e600dfe3dd7c5e1cff269d3a6c to remote] DEBUG org.asynchttpclient.netty.request.NettyRequestSender - Using pooled Channel '[id: 0x66e76fbe, L:/127.0.0.1:63406 - R:localhost/127.0.0.1:9941]' for 'POST' to 'http://localhost:9941/session/7c6fb0e600dfe3dd7c5e1cff269d3a6c/element'
20:16:06.847 [Forwarding findElement on session 7c6fb0e600dfe3dd7c5e1cff269d3a6c to remote] DEBUG org.asynchttpclient.netty.request.NettyRequestSender - Using open Channel [id: 0x66e76fbe, L:/127.0.0.1:63406 - R:localhost/127.0.0.1:9941] for POST '/session/7c6fb0e600dfe3dd7c5e1cff269d3a6c/element'
20:16:06.871 [AsyncHttpClient-1-14] DEBUG org.asynchttpclient.netty.handler.HttpHandler - 

Request DefaultHttpRequest(decodeResult: success, version: HTTP/1.1)
POST /session/7c6fb0e600dfe3dd7c5e1cff269d3a6c/element HTTP/1.1
User-Agent: selenium/4.12.0 (java windows)
Content-Length: 198
Content-Type: application/json; charset=utf-8
host: localhost:9941
accept: */*

Response DefaultHttpResponse(decodeResult: success, version: HTTP/1.1)
HTTP/1.1 200 OK
Content-Length: 127
Content-Type: application/json; charset=utf-8
cache-control: no-cache

20:16:06.871 [AsyncHttpClient-1-14] DEBUG org.asynchttpclient.netty.channel.ChannelManager - Adding key: http://localhost:9941 for channel [id: 0x66e76fbe, L:/127.0.0.1:63406 - R:localhost/127.0.0.1:9941]
20:16:06.872 [Forwarding getElementText on session 7c6fb0e600dfe3dd7c5e1cff269d3a6c to remote] DEBUG org.asynchttpclient.netty.request.NettyRequestSender - Using pooled Channel '[id: 0x66e76fbe, L:/127.0.0.1:63406 - R:localhost/127.0.0.1:9941]' for 'GET' to 'http://localhost:9941/session/7c6fb0e600dfe3dd7c5e1cff269d3a6c/element/f.99EB50FD5A94E738947D898E72E4608D.d.5FE9189B0163757B714F168C5891E4E5.e.196/text'
20:16:06.872 [Forwarding getElementText on session 7c6fb0e600dfe3dd7c5e1cff269d3a6c to remote] DEBUG org.asynchttpclient.netty.request.NettyRequestSender - Using open Channel [id: 0x66e76fbe, L:/127.0.0.1:63406 - R:localhost/127.0.0.1:9941] for GET '/session/7c6fb0e600dfe3dd7c5e1cff269d3a6c/element/f.99EB50FD5A94E738947D898E72E4608D.d.5FE9189B0163757B714F168C5891E4E5.e.196/text'
20:16:06.885 [AsyncHttpClient-1-14] DEBUG org.asynchttpclient.netty.handler.HttpHandler - 

Request DefaultFullHttpRequest(decodeResult: success, version: HTTP/1.1, content: EmptyByteBufBE)
GET /session/7c6fb0e600dfe3dd7c5e1cff269d3a6c/element/f.99EB50FD5A94E738947D898E72E4608D.d.5FE9189B0163757B714F168C5891E4E5.e.196/text HTTP/1.1
Cache-Control: no-cache
User-Agent: selenium/4.12.0 (java windows)
Content-Type: application/json; charset=utf-8
host: localhost:9941
accept: */*

Response DefaultHttpResponse(decodeResult: success, version: HTTP/1.1)
HTTP/1.1 200 OK
Content-Length: 23
Content-Type: application/json; charset=utf-8
cache-control: no-cache

20:16:06.885 [AsyncHttpClient-1-14] DEBUG org.asynchttpclient.netty.channel.ChannelManager - Adding key: http://localhost:9941 for channel [id: 0x66e76fbe, L:/127.0.0.1:63406 - R:localhost/127.0.0.1:9941]
actual name: Wk_Const
20:16:06.886 [Forwarding findElement on session 7c6fb0e600dfe3dd7c5e1cff269d3a6c to remote] DEBUG org.asynchttpclient.netty.request.NettyRequestSender - Using pooled Channel '[id: 0x66e76fbe, L:/127.0.0.1:63406 - R:localhost/127.0.0.1:9941]' for 'POST' to 'http://localhost:9941/session/7c6fb0e600dfe3dd7c5e1cff269d3a6c/element'
20:16:06.886 [Forwarding findElement on session 7c6fb0e600dfe3dd7c5e1cff269d3a6c to remote] DEBUG org.asynchttpclient.netty.request.NettyRequestSender - Using open Channel [id: 0x66e76fbe, L:/127.0.0.1:63406 - R:localhost/127.0.0.1:9941] for POST '/session/7c6fb0e600dfe3dd7c5e1cff269d3a6c/element'
20:16:06.903 [AsyncHttpClient-1-14] DEBUG org.asynchttpclient.netty.handler.HttpHandler - 

Request DefaultHttpRequest(decodeResult: success, version: HTTP/1.1)
POST /session/7c6fb0e600dfe3dd7c5e1cff269d3a6c/element HTTP/1.1
User-Agent: selenium/4.12.0 (java windows)
Content-Length: 198
Content-Type: application/json; charset=utf-8
host: localhost:9941
accept: */*

Response DefaultHttpResponse(decodeResult: success, version: HTTP/1.1)
HTTP/1.1 200 OK
Content-Length: 127
Content-Type: application/json; charset=utf-8
cache-control: no-cache

20:16:06.904 [AsyncHttpClient-1-14] DEBUG org.asynchttpclient.netty.channel.ChannelManager - Adding key: http://localhost:9941 for channel [id: 0x66e76fbe, L:/127.0.0.1:63406 - R:localhost/127.0.0.1:9941]
20:16:06.905 [Forwarding getElementText on session 7c6fb0e600dfe3dd7c5e1cff269d3a6c to remote] DEBUG org.asynchttpclient.netty.request.NettyRequestSender - Using pooled Channel '[id: 0x66e76fbe, L:/127.0.0.1:63406 - R:localhost/127.0.0.1:9941]' for 'GET' to 'http://localhost:9941/session/7c6fb0e600dfe3dd7c5e1cff269d3a6c/element/f.99EB50FD5A94E738947D898E72E4608D.d.5FE9189B0163757B714F168C5891E4E5.e.197/text'
20:16:06.905 [Forwarding getElementText on session 7c6fb0e600dfe3dd7c5e1cff269d3a6c to remote] DEBUG org.asynchttpclient.netty.request.NettyRequestSender - Using open Channel [id: 0x66e76fbe, L:/127.0.0.1:63406 - R:localhost/127.0.0.1:9941] for GET '/session/7c6fb0e600dfe3dd7c5e1cff269d3a6c/element/f.99EB50FD5A94E738947D898E72E4608D.d.5FE9189B0163757B714F168C5891E4E5.e.197/text'
20:16:06.921 [AsyncHttpClient-1-14] DEBUG org.asynchttpclient.netty.handler.HttpHandler - 

Request DefaultFullHttpRequest(decodeResult: success, version: HTTP/1.1, content: EmptyByteBufBE)
GET /session/7c6fb0e600dfe3dd7c5e1cff269d3a6c/element/f.99EB50FD5A94E738947D898E72E4608D.d.5FE9189B0163757B714F168C5891E4E5.e.197/text HTTP/1.1
Cache-Control: no-cache
User-Agent: selenium/4.12.0 (java windows)
Content-Type: application/json; charset=utf-8
host: localhost:9941
accept: */*

Response DefaultHttpResponse(decodeResult: success, version: HTTP/1.1)
HTTP/1.1 200 OK
Content-Length: 23
Content-Type: application/json; charset=utf-8
cache-control: no-cache

20:16:06.921 [AsyncHttpClient-1-14] DEBUG org.asynchttpclient.netty.channel.ChannelManager - Adding key: http://localhost:9941 for channel [id: 0x66e76fbe, L:/127.0.0.1:63406 - R:localhost/127.0.0.1:9941]
actual name: Ps_Const
20:16:06.922 [Forwarding findElement on session 7c6fb0e600dfe3dd7c5e1cff269d3a6c to remote] DEBUG org.asynchttpclient.netty.request.NettyRequestSender - Using pooled Channel '[id: 0x66e76fbe, L:/127.0.0.1:63406 - R:localhost/127.0.0.1:9941]' for 'POST' to 'http://localhost:9941/session/7c6fb0e600dfe3dd7c5e1cff269d3a6c/element'
20:16:06.922 [Forwarding findElement on session 7c6fb0e600dfe3dd7c5e1cff269d3a6c to remote] DEBUG org.asynchttpclient.netty.request.NettyRequestSender - Using open Channel [id: 0x66e76fbe, L:/127.0.0.1:63406 - R:localhost/127.0.0.1:9941] for POST '/session/7c6fb0e600dfe3dd7c5e1cff269d3a6c/element'
20:16:06.943 [AsyncHttpClient-1-14] DEBUG org.asynchttpclient.netty.handler.HttpHandler - 

Request DefaultHttpRequest(decodeResult: success, version: HTTP/1.1)
POST /session/7c6fb0e600dfe3dd7c5e1cff269d3a6c/element HTTP/1.1
User-Agent: selenium/4.12.0 (java windows)
Content-Length: 198
Content-Type: application/json; charset=utf-8
host: localhost:9941
accept: */*

Response DefaultHttpResponse(decodeResult: success, version: HTTP/1.1)
HTTP/1.1 200 OK
Content-Length: 127
Content-Type: application/json; charset=utf-8
cache-control: no-cache

20:16:06.943 [AsyncHttpClient-1-14] DEBUG org.asynchttpclient.netty.channel.ChannelManager - Adding key: http://localhost:9941 for channel [id: 0x66e76fbe, L:/127.0.0.1:63406 - R:localhost/127.0.0.1:9941]
20:16:06.944 [Forwarding getElementText on session 7c6fb0e600dfe3dd7c5e1cff269d3a6c to remote] DEBUG org.asynchttpclient.netty.request.NettyRequestSender - Using pooled Channel '[id: 0x66e76fbe, L:/127.0.0.1:63406 - R:localhost/127.0.0.1:9941]' for 'GET' to 'http://localhost:9941/session/7c6fb0e600dfe3dd7c5e1cff269d3a6c/element/f.99EB50FD5A94E738947D898E72E4608D.d.5FE9189B0163757B714F168C5891E4E5.e.198/text'
20:16:06.944 [Forwarding getElementText on session 7c6fb0e600dfe3dd7c5e1cff269d3a6c to remote] DEBUG org.asynchttpclient.netty.request.NettyRequestSender - Using open Channel [id: 0x66e76fbe, L:/127.0.0.1:63406 - R:localhost/127.0.0.1:9941] for GET '/session/7c6fb0e600dfe3dd7c5e1cff269d3a6c/element/f.99EB50FD5A94E738947D898E72E4608D.d.5FE9189B0163757B714F168C5891E4E5.e.198/text'
20:16:06.954 [AsyncHttpClient-1-14] DEBUG org.asynchttpclient.netty.handler.HttpHandler - 

Request DefaultFullHttpRequest(decodeResult: success, version: HTTP/1.1, content: EmptyByteBufBE)
GET /session/7c6fb0e600dfe3dd7c5e1cff269d3a6c/element/f.99EB50FD5A94E738947D898E72E4608D.d.5FE9189B0163757B714F168C5891E4E5.e.198/text HTTP/1.1
Cache-Control: no-cache
User-Agent: selenium/4.12.0 (java windows)
Content-Type: application/json; charset=utf-8
host: localhost:9941
accept: */*

Response DefaultHttpResponse(decodeResult: success, version: HTTP/1.1)
HTTP/1.1 200 OK
Content-Length: 23
Content-Type: application/json; charset=utf-8
cache-control: no-cache

20:16:06.954 [AsyncHttpClient-1-14] DEBUG org.asynchttpclient.netty.channel.ChannelManager - Adding key: http://localhost:9941 for channel [id: 0x66e76fbe, L:/127.0.0.1:63406 - R:localhost/127.0.0.1:9941]
actual name: Op_Steel
20:16:06.955 [Forwarding findElement on session 7c6fb0e600dfe3dd7c5e1cff269d3a6c to remote] DEBUG org.asynchttpclient.netty.request.NettyRequestSender - Using pooled Channel '[id: 0x66e76fbe, L:/127.0.0.1:63406 - R:localhost/127.0.0.1:9941]' for 'POST' to 'http://localhost:9941/session/7c6fb0e600dfe3dd7c5e1cff269d3a6c/element'
20:16:06.955 [Forwarding findElement on session 7c6fb0e600dfe3dd7c5e1cff269d3a6c to remote] DEBUG org.asynchttpclient.netty.request.NettyRequestSender - Using open Channel [id: 0x66e76fbe, L:/127.0.0.1:63406 - R:localhost/127.0.0.1:9941] for POST '/session/7c6fb0e600dfe3dd7c5e1cff269d3a6c/element'
20:16:06.963 [AsyncHttpClient-1-14] DEBUG org.asynchttpclient.netty.handler.HttpHandler - 

Request DefaultHttpRequest(decodeResult: success, version: HTTP/1.1)
POST /session/7c6fb0e600dfe3dd7c5e1cff269d3a6c/element HTTP/1.1
User-Agent: selenium/4.12.0 (java windows)
Content-Length: 198
Content-Type: application/json; charset=utf-8
host: localhost:9941
accept: */*

Response DefaultHttpResponse(decodeResult: success, version: HTTP/1.1)
HTTP/1.1 200 OK
Content-Length: 127
Content-Type: application/json; charset=utf-8
cache-control: no-cache

20:16:06.963 [AsyncHttpClient-1-14] DEBUG org.asynchttpclient.netty.channel.ChannelManager - Adding key: http://localhost:9941 for channel [id: 0x66e76fbe, L:/127.0.0.1:63406 - R:localhost/127.0.0.1:9941]
20:16:06.964 [Forwarding getElementText on session 7c6fb0e600dfe3dd7c5e1cff269d3a6c to remote] DEBUG org.asynchttpclient.netty.request.NettyRequestSender - Using pooled Channel '[id: 0x66e76fbe, L:/127.0.0.1:63406 - R:localhost/127.0.0.1:9941]' for 'GET' to 'http://localhost:9941/session/7c6fb0e600dfe3dd7c5e1cff269d3a6c/element/f.99EB50FD5A94E738947D898E72E4608D.d.5FE9189B0163757B714F168C5891E4E5.e.199/text'
20:16:06.964 [Forwarding getElementText on session 7c6fb0e600dfe3dd7c5e1cff269d3a6c to remote] DEBUG org.asynchttpclient.netty.request.NettyRequestSender - Using open Channel [id: 0x66e76fbe, L:/127.0.0.1:63406 - R:localhost/127.0.0.1:9941] for GET '/session/7c6fb0e600dfe3dd7c5e1cff269d3a6c/element/f.99EB50FD5A94E738947D898E72E4608D.d.5FE9189B0163757B714F168C5891E4E5.e.199/text'
20:16:06.969 [AsyncHttpClient-1-14] DEBUG org.asynchttpclient.netty.handler.HttpHandler - 

Request DefaultFullHttpRequest(decodeResult: success, version: HTTP/1.1, content: EmptyByteBufBE)
GET /session/7c6fb0e600dfe3dd7c5e1cff269d3a6c/element/f.99EB50FD5A94E738947D898E72E4608D.d.5FE9189B0163757B714F168C5891E4E5.e.199/text HTTP/1.1
Cache-Control: no-cache
User-Agent: selenium/4.12.0 (java windows)
Content-Type: application/json; charset=utf-8
host: localhost:9941
accept: */*

Response DefaultHttpResponse(decodeResult: success, version: HTTP/1.1)
HTTP/1.1 200 OK
Content-Length: 23
Content-Type: application/json; charset=utf-8
cache-control: no-cache

20:16:06.969 [AsyncHttpClient-1-14] DEBUG org.asynchttpclient.netty.channel.ChannelManager - Adding key: http://localhost:9941 for channel [id: 0x66e76fbe, L:/127.0.0.1:63406 - R:localhost/127.0.0.1:9941]
actual name: Tk_Steel
20:16:06.971 [Forwarding findElement on session 7c6fb0e600dfe3dd7c5e1cff269d3a6c to remote] DEBUG org.asynchttpclient.netty.request.NettyRequestSender - Using pooled Channel '[id: 0x66e76fbe, L:/127.0.0.1:63406 - R:localhost/127.0.0.1:9941]' for 'POST' to 'http://localhost:9941/session/7c6fb0e600dfe3dd7c5e1cff269d3a6c/element'
20:16:06.971 [Forwarding findElement on session 7c6fb0e600dfe3dd7c5e1cff269d3a6c to remote] DEBUG org.asynchttpclient.netty.request.NettyRequestSender - Using open Channel [id: 0x66e76fbe, L:/127.0.0.1:63406 - R:localhost/127.0.0.1:9941] for POST '/session/7c6fb0e600dfe3dd7c5e1cff269d3a6c/element'
20:16:06.977 [AsyncHttpClient-1-14] DEBUG org.asynchttpclient.netty.handler.HttpHandler - 

Request DefaultHttpRequest(decodeResult: success, version: HTTP/1.1)
POST /session/7c6fb0e600dfe3dd7c5e1cff269d3a6c/element HTTP/1.1
User-Agent: selenium/4.12.0 (java windows)
Content-Length: 198
Content-Type: application/json; charset=utf-8
host: localhost:9941
accept: */*

Response DefaultHttpResponse(decodeResult: success, version: HTTP/1.1)
HTTP/1.1 200 OK
Content-Length: 127
Content-Type: application/json; charset=utf-8
cache-control: no-cache

20:16:06.977 [AsyncHttpClient-1-14] DEBUG org.asynchttpclient.netty.channel.ChannelManager - Adding key: http://localhost:9941 for channel [id: 0x66e76fbe, L:/127.0.0.1:63406 - R:localhost/127.0.0.1:9941]
20:16:06.978 [Forwarding getElementText on session 7c6fb0e600dfe3dd7c5e1cff269d3a6c to remote] DEBUG org.asynchttpclient.netty.request.NettyRequestSender - Using pooled Channel '[id: 0x66e76fbe, L:/127.0.0.1:63406 - R:localhost/127.0.0.1:9941]' for 'GET' to 'http://localhost:9941/session/7c6fb0e600dfe3dd7c5e1cff269d3a6c/element/f.99EB50FD5A94E738947D898E72E4608D.d.5FE9189B0163757B714F168C5891E4E5.e.200/text'
20:16:06.978 [Forwarding getElementText on session 7c6fb0e600dfe3dd7c5e1cff269d3a6c to remote] DEBUG org.asynchttpclient.netty.request.NettyRequestSender - Using open Channel [id: 0x66e76fbe, L:/127.0.0.1:63406 - R:localhost/127.0.0.1:9941] for GET '/session/7c6fb0e600dfe3dd7c5e1cff269d3a6c/element/f.99EB50FD5A94E738947D898E72E4608D.d.5FE9189B0163757B714F168C5891E4E5.e.200/text'
20:16:06.982 [AsyncHttpClient-1-14] DEBUG org.asynchttpclient.netty.handler.HttpHandler - 

Request DefaultFullHttpRequest(decodeResult: success, version: HTTP/1.1, content: EmptyByteBufBE)
GET /session/7c6fb0e600dfe3dd7c5e1cff269d3a6c/element/f.99EB50FD5A94E738947D898E72E4608D.d.5FE9189B0163757B714F168C5891E4E5.e.200/text HTTP/1.1
Cache-Control: no-cache
User-Agent: selenium/4.12.0 (java windows)
Content-Type: application/json; charset=utf-8
host: localhost:9941
accept: */*

Response DefaultHttpResponse(decodeResult: success, version: HTTP/1.1)
HTTP/1.1 200 OK
Content-Length: 23
Content-Type: application/json; charset=utf-8
cache-control: no-cache

20:16:06.982 [AsyncHttpClient-1-14] DEBUG org.asynchttpclient.netty.channel.ChannelManager - Adding key: http://localhost:9941 for channel [id: 0x66e76fbe, L:/127.0.0.1:63406 - R:localhost/127.0.0.1:9941]
actual name: Wk_Const
20:16:06.983 [Forwarding findElement on session 7c6fb0e600dfe3dd7c5e1cff269d3a6c to remote] DEBUG org.asynchttpclient.netty.request.NettyRequestSender - Using pooled Channel '[id: 0x66e76fbe, L:/127.0.0.1:63406 - R:localhost/127.0.0.1:9941]' for 'POST' to 'http://localhost:9941/session/7c6fb0e600dfe3dd7c5e1cff269d3a6c/element'
20:16:06.983 [Forwarding findElement on session 7c6fb0e600dfe3dd7c5e1cff269d3a6c to remote] DEBUG org.asynchttpclient.netty.request.NettyRequestSender - Using open Channel [id: 0x66e76fbe, L:/127.0.0.1:63406 - R:localhost/127.0.0.1:9941] for POST '/session/7c6fb0e600dfe3dd7c5e1cff269d3a6c/element'
20:16:06.988 [AsyncHttpClient-1-14] DEBUG org.asynchttpclient.netty.handler.HttpHandler - 

Request DefaultHttpRequest(decodeResult: success, version: HTTP/1.1)
POST /session/7c6fb0e600dfe3dd7c5e1cff269d3a6c/element HTTP/1.1
User-Agent: selenium/4.12.0 (java windows)
Content-Length: 198
Content-Type: application/json; charset=utf-8
host: localhost:9941
accept: */*

Response DefaultHttpResponse(decodeResult: success, version: HTTP/1.1)
HTTP/1.1 200 OK
Content-Length: 127
Content-Type: application/json; charset=utf-8
cache-control: no-cache

20:16:06.988 [AsyncHttpClient-1-14] DEBUG org.asynchttpclient.netty.channel.ChannelManager - Adding key: http://localhost:9941 for channel [id: 0x66e76fbe, L:/127.0.0.1:63406 - R:localhost/127.0.0.1:9941]
20:16:06.989 [Forwarding getElementText on session 7c6fb0e600dfe3dd7c5e1cff269d3a6c to remote] DEBUG org.asynchttpclient.netty.request.NettyRequestSender - Using pooled Channel '[id: 0x66e76fbe, L:/127.0.0.1:63406 - R:localhost/127.0.0.1:9941]' for 'GET' to 'http://localhost:9941/session/7c6fb0e600dfe3dd7c5e1cff269d3a6c/element/f.99EB50FD5A94E738947D898E72E4608D.d.5FE9189B0163757B714F168C5891E4E5.e.201/text'
20:16:06.989 [Forwarding getElementText on session 7c6fb0e600dfe3dd7c5e1cff269d3a6c to remote] DEBUG org.asynchttpclient.netty.request.NettyRequestSender - Using open Channel [id: 0x66e76fbe, L:/127.0.0.1:63406 - R:localhost/127.0.0.1:9941] for GET '/session/7c6fb0e600dfe3dd7c5e1cff269d3a6c/element/f.99EB50FD5A94E738947D898E72E4608D.d.5FE9189B0163757B714F168C5891E4E5.e.201/text'
20:16:06.994 [AsyncHttpClient-1-14] DEBUG org.asynchttpclient.netty.handler.HttpHandler - 

Request DefaultFullHttpRequest(decodeResult: success, version: HTTP/1.1, content: EmptyByteBufBE)
GET /session/7c6fb0e600dfe3dd7c5e1cff269d3a6c/element/f.99EB50FD5A94E738947D898E72E4608D.d.5FE9189B0163757B714F168C5891E4E5.e.201/text HTTP/1.1
Cache-Control: no-cache
User-Agent: selenium/4.12.0 (java windows)
Content-Type: application/json; charset=utf-8
host: localhost:9941
accept: */*

Response DefaultHttpResponse(decodeResult: success, version: HTTP/1.1)
HTTP/1.1 200 OK
Content-Length: 23
Content-Type: application/json; charset=utf-8
cache-control: no-cache

20:16:06.994 [AsyncHttpClient-1-14] DEBUG org.asynchttpclient.netty.channel.ChannelManager - Adding key: http://localhost:9941 for channel [id: 0x66e76fbe, L:/127.0.0.1:63406 - R:localhost/127.0.0.1:9941]
actual name: Ps_Const
20:16:06.995 [Forwarding findElement on session 7c6fb0e600dfe3dd7c5e1cff269d3a6c to remote] DEBUG org.asynchttpclient.netty.request.NettyRequestSender - Using pooled Channel '[id: 0x66e76fbe, L:/127.0.0.1:63406 - R:localhost/127.0.0.1:9941]' for 'POST' to 'http://localhost:9941/session/7c6fb0e600dfe3dd7c5e1cff269d3a6c/element'
20:16:06.995 [Forwarding findElement on session 7c6fb0e600dfe3dd7c5e1cff269d3a6c to remote] DEBUG org.asynchttpclient.netty.request.NettyRequestSender - Using open Channel [id: 0x66e76fbe, L:/127.0.0.1:63406 - R:localhost/127.0.0.1:9941] for POST '/session/7c6fb0e600dfe3dd7c5e1cff269d3a6c/element'
20:16:07.002 [AsyncHttpClient-1-14] DEBUG org.asynchttpclient.netty.handler.HttpHandler - 

Request DefaultHttpRequest(decodeResult: success, version: HTTP/1.1)
POST /session/7c6fb0e600dfe3dd7c5e1cff269d3a6c/element HTTP/1.1
User-Agent: selenium/4.12.0 (java windows)
Content-Length: 199
Content-Type: application/json; charset=utf-8
host: localhost:9941
accept: */*

Response DefaultHttpResponse(decodeResult: success, version: HTTP/1.1)
HTTP/1.1 200 OK
Content-Length: 127
Content-Type: application/json; charset=utf-8
cache-control: no-cache

20:16:07.002 [AsyncHttpClient-1-14] DEBUG org.asynchttpclient.netty.channel.ChannelManager - Adding key: http://localhost:9941 for channel [id: 0x66e76fbe, L:/127.0.0.1:63406 - R:localhost/127.0.0.1:9941]
20:16:07.003 [Forwarding getElementText on session 7c6fb0e600dfe3dd7c5e1cff269d3a6c to remote] DEBUG org.asynchttpclient.netty.request.NettyRequestSender - Using pooled Channel '[id: 0x66e76fbe, L:/127.0.0.1:63406 - R:localhost/127.0.0.1:9941]' for 'GET' to 'http://localhost:9941/session/7c6fb0e600dfe3dd7c5e1cff269d3a6c/element/f.99EB50FD5A94E738947D898E72E4608D.d.5FE9189B0163757B714F168C5891E4E5.e.202/text'
20:16:07.003 [Forwarding getElementText on session 7c6fb0e600dfe3dd7c5e1cff269d3a6c to remote] DEBUG org.asynchttpclient.netty.request.NettyRequestSender - Using open Channel [id: 0x66e76fbe, L:/127.0.0.1:63406 - R:localhost/127.0.0.1:9941] for GET '/session/7c6fb0e600dfe3dd7c5e1cff269d3a6c/element/f.99EB50FD5A94E738947D898E72E4608D.d.5FE9189B0163757B714F168C5891E4E5.e.202/text'
20:16:07.008 [AsyncHttpClient-1-14] DEBUG org.asynchttpclient.netty.handler.HttpHandler - 

Request DefaultFullHttpRequest(decodeResult: success, version: HTTP/1.1, content: EmptyByteBufBE)
GET /session/7c6fb0e600dfe3dd7c5e1cff269d3a6c/element/f.99EB50FD5A94E738947D898E72E4608D.d.5FE9189B0163757B714F168C5891E4E5.e.202/text HTTP/1.1
Cache-Control: no-cache
User-Agent: selenium/4.12.0 (java windows)
Content-Type: application/json; charset=utf-8
host: localhost:9941
accept: */*

Response DefaultHttpResponse(decodeResult: success, version: HTTP/1.1)
HTTP/1.1 200 OK
Content-Length: 23
Content-Type: application/json; charset=utf-8
cache-control: no-cache

20:16:07.008 [AsyncHttpClient-1-14] DEBUG org.asynchttpclient.netty.channel.ChannelManager - Adding key: http://localhost:9941 for channel [id: 0x66e76fbe, L:/127.0.0.1:63406 - R:localhost/127.0.0.1:9941]
actual name: Op_Steel
20:16:07.009 [Forwarding findElement on session 7c6fb0e600dfe3dd7c5e1cff269d3a6c to remote] DEBUG org.asynchttpclient.netty.request.NettyRequestSender - Using pooled Channel '[id: 0x66e76fbe, L:/127.0.0.1:63406 - R:localhost/127.0.0.1:9941]' for 'POST' to 'http://localhost:9941/session/7c6fb0e600dfe3dd7c5e1cff269d3a6c/element'
20:16:07.009 [Forwarding findElement on session 7c6fb0e600dfe3dd7c5e1cff269d3a6c to remote] DEBUG org.asynchttpclient.netty.request.NettyRequestSender - Using open Channel [id: 0x66e76fbe, L:/127.0.0.1:63406 - R:localhost/127.0.0.1:9941] for POST '/session/7c6fb0e600dfe3dd7c5e1cff269d3a6c/element'
20:16:07.014 [AsyncHttpClient-1-14] DEBUG org.asynchttpclient.netty.handler.HttpHandler - 

Request DefaultHttpRequest(decodeResult: success, version: HTTP/1.1)
POST /session/7c6fb0e600dfe3dd7c5e1cff269d3a6c/element HTTP/1.1
User-Agent: selenium/4.12.0 (java windows)
Content-Length: 199
Content-Type: application/json; charset=utf-8
host: localhost:9941
accept: */*

Response DefaultHttpResponse(decodeResult: success, version: HTTP/1.1)
HTTP/1.1 200 OK
Content-Length: 127
Content-Type: application/json; charset=utf-8
cache-control: no-cache

20:16:07.015 [AsyncHttpClient-1-14] DEBUG org.asynchttpclient.netty.channel.ChannelManager - Adding key: http://localhost:9941 for channel [id: 0x66e76fbe, L:/127.0.0.1:63406 - R:localhost/127.0.0.1:9941]
20:16:07.015 [Forwarding getElementText on session 7c6fb0e600dfe3dd7c5e1cff269d3a6c to remote] DEBUG org.asynchttpclient.netty.request.NettyRequestSender - Using pooled Channel '[id: 0x66e76fbe, L:/127.0.0.1:63406 - R:localhost/127.0.0.1:9941]' for 'GET' to 'http://localhost:9941/session/7c6fb0e600dfe3dd7c5e1cff269d3a6c/element/f.99EB50FD5A94E738947D898E72E4608D.d.5FE9189B0163757B714F168C5891E4E5.e.203/text'
20:16:07.015 [Forwarding getElementText on session 7c6fb0e600dfe3dd7c5e1cff269d3a6c to remote] DEBUG org.asynchttpclient.netty.request.NettyRequestSender - Using open Channel [id: 0x66e76fbe, L:/127.0.0.1:63406 - R:localhost/127.0.0.1:9941] for GET '/session/7c6fb0e600dfe3dd7c5e1cff269d3a6c/element/f.99EB50FD5A94E738947D898E72E4608D.d.5FE9189B0163757B714F168C5891E4E5.e.203/text'
20:16:07.020 [AsyncHttpClient-1-14] DEBUG org.asynchttpclient.netty.handler.HttpHandler - 

Request DefaultFullHttpRequest(decodeResult: success, version: HTTP/1.1, content: EmptyByteBufBE)
GET /session/7c6fb0e600dfe3dd7c5e1cff269d3a6c/element/f.99EB50FD5A94E738947D898E72E4608D.d.5FE9189B0163757B714F168C5891E4E5.e.203/text HTTP/1.1
Cache-Control: no-cache
User-Agent: selenium/4.12.0 (java windows)
Content-Type: application/json; charset=utf-8
host: localhost:9941
accept: */*

Response DefaultHttpResponse(decodeResult: success, version: HTTP/1.1)
HTTP/1.1 200 OK
Content-Length: 23
Content-Type: application/json; charset=utf-8
cache-control: no-cache

20:16:07.020 [AsyncHttpClient-1-14] DEBUG org.asynchttpclient.netty.channel.ChannelManager - Adding key: http://localhost:9941 for channel [id: 0x66e76fbe, L:/127.0.0.1:63406 - R:localhost/127.0.0.1:9941]
actual name: Tk_Steel
20:16:07.021 [Forwarding findElement on session 7c6fb0e600dfe3dd7c5e1cff269d3a6c to remote] DEBUG org.asynchttpclient.netty.request.NettyRequestSender - Using pooled Channel '[id: 0x66e76fbe, L:/127.0.0.1:63406 - R:localhost/127.0.0.1:9941]' for 'POST' to 'http://localhost:9941/session/7c6fb0e600dfe3dd7c5e1cff269d3a6c/element'
20:16:07.021 [Forwarding findElement on session 7c6fb0e600dfe3dd7c5e1cff269d3a6c to remote] DEBUG org.asynchttpclient.netty.request.NettyRequestSender - Using open Channel [id: 0x66e76fbe, L:/127.0.0.1:63406 - R:localhost/127.0.0.1:9941] for POST '/session/7c6fb0e600dfe3dd7c5e1cff269d3a6c/element'
20:16:07.027 [AsyncHttpClient-1-14] DEBUG org.asynchttpclient.netty.handler.HttpHandler - 

Request DefaultHttpRequest(decodeResult: success, version: HTTP/1.1)
POST /session/7c6fb0e600dfe3dd7c5e1cff269d3a6c/element HTTP/1.1
User-Agent: selenium/4.12.0 (java windows)
Content-Length: 199
Content-Type: application/json; charset=utf-8
host: localhost:9941
accept: */*

Response DefaultHttpResponse(decodeResult: success, version: HTTP/1.1)
HTTP/1.1 200 OK
Content-Length: 127
Content-Type: application/json; charset=utf-8
cache-control: no-cache

20:16:07.027 [AsyncHttpClient-1-14] DEBUG org.asynchttpclient.netty.channel.ChannelManager - Adding key: http://localhost:9941 for channel [id: 0x66e76fbe, L:/127.0.0.1:63406 - R:localhost/127.0.0.1:9941]
20:16:07.028 [Forwarding getElementText on session 7c6fb0e600dfe3dd7c5e1cff269d3a6c to remote] DEBUG org.asynchttpclient.netty.request.NettyRequestSender - Using pooled Channel '[id: 0x66e76fbe, L:/127.0.0.1:63406 - R:localhost/127.0.0.1:9941]' for 'GET' to 'http://localhost:9941/session/7c6fb0e600dfe3dd7c5e1cff269d3a6c/element/f.99EB50FD5A94E738947D898E72E4608D.d.5FE9189B0163757B714F168C5891E4E5.e.204/text'
20:16:07.028 [Forwarding getElementText on session 7c6fb0e600dfe3dd7c5e1cff269d3a6c to remote] DEBUG org.asynchttpclient.netty.request.NettyRequestSender - Using open Channel [id: 0x66e76fbe, L:/127.0.0.1:63406 - R:localhost/127.0.0.1:9941] for GET '/session/7c6fb0e600dfe3dd7c5e1cff269d3a6c/element/f.99EB50FD5A94E738947D898E72E4608D.d.5FE9189B0163757B714F168C5891E4E5.e.204/text'
20:16:07.032 [AsyncHttpClient-1-14] DEBUG org.asynchttpclient.netty.handler.HttpHandler - 

Request DefaultFullHttpRequest(decodeResult: success, version: HTTP/1.1, content: EmptyByteBufBE)
GET /session/7c6fb0e600dfe3dd7c5e1cff269d3a6c/element/f.99EB50FD5A94E738947D898E72E4608D.d.5FE9189B0163757B714F168C5891E4E5.e.204/text HTTP/1.1
Cache-Control: no-cache
User-Agent: selenium/4.12.0 (java windows)
Content-Type: application/json; charset=utf-8
host: localhost:9941
accept: */*

Response DefaultHttpResponse(decodeResult: success, version: HTTP/1.1)
HTTP/1.1 200 OK
Content-Length: 23
Content-Type: application/json; charset=utf-8
cache-control: no-cache

20:16:07.032 [AsyncHttpClient-1-14] DEBUG org.asynchttpclient.netty.channel.ChannelManager - Adding key: http://localhost:9941 for channel [id: 0x66e76fbe, L:/127.0.0.1:63406 - R:localhost/127.0.0.1:9941]
actual name: Tk_Steel
20:16:07.033 [Forwarding findElement on session 7c6fb0e600dfe3dd7c5e1cff269d3a6c to remote] DEBUG org.asynchttpclient.netty.request.NettyRequestSender - Using pooled Channel '[id: 0x66e76fbe, L:/127.0.0.1:63406 - R:localhost/127.0.0.1:9941]' for 'POST' to 'http://localhost:9941/session/7c6fb0e600dfe3dd7c5e1cff269d3a6c/element'
20:16:07.033 [Forwarding findElement on session 7c6fb0e600dfe3dd7c5e1cff269d3a6c to remote] DEBUG org.asynchttpclient.netty.request.NettyRequestSender - Using open Channel [id: 0x66e76fbe, L:/127.0.0.1:63406 - R:localhost/127.0.0.1:9941] for POST '/session/7c6fb0e600dfe3dd7c5e1cff269d3a6c/element'
20:16:07.039 [AsyncHttpClient-1-14] DEBUG org.asynchttpclient.netty.handler.HttpHandler - 

Request DefaultHttpRequest(decodeResult: success, version: HTTP/1.1)
POST /session/7c6fb0e600dfe3dd7c5e1cff269d3a6c/element HTTP/1.1
User-Agent: selenium/4.12.0 (java windows)
Content-Length: 199
Content-Type: application/json; charset=utf-8
host: localhost:9941
accept: */*

Response DefaultHttpResponse(decodeResult: success, version: HTTP/1.1)
HTTP/1.1 200 OK
Content-Length: 127
Content-Type: application/json; charset=utf-8
cache-control: no-cache

20:16:07.039 [AsyncHttpClient-1-14] DEBUG org.asynchttpclient.netty.channel.ChannelManager - Adding key: http://localhost:9941 for channel [id: 0x66e76fbe, L:/127.0.0.1:63406 - R:localhost/127.0.0.1:9941]
20:16:07.039 [Forwarding getElementText on session 7c6fb0e600dfe3dd7c5e1cff269d3a6c to remote] DEBUG org.asynchttpclient.netty.request.NettyRequestSender - Using pooled Channel '[id: 0x66e76fbe, L:/127.0.0.1:63406 - R:localhost/127.0.0.1:9941]' for 'GET' to 'http://localhost:9941/session/7c6fb0e600dfe3dd7c5e1cff269d3a6c/element/f.99EB50FD5A94E738947D898E72E4608D.d.5FE9189B0163757B714F168C5891E4E5.e.205/text'
20:16:07.039 [Forwarding getElementText on session 7c6fb0e600dfe3dd7c5e1cff269d3a6c to remote] DEBUG org.asynchttpclient.netty.request.NettyRequestSender - Using open Channel [id: 0x66e76fbe, L:/127.0.0.1:63406 - R:localhost/127.0.0.1:9941] for GET '/session/7c6fb0e600dfe3dd7c5e1cff269d3a6c/element/f.99EB50FD5A94E738947D898E72E4608D.d.5FE9189B0163757B714F168C5891E4E5.e.205/text'
20:16:07.044 [AsyncHttpClient-1-14] DEBUG org.asynchttpclient.netty.handler.HttpHandler - 

Request DefaultFullHttpRequest(decodeResult: success, version: HTTP/1.1, content: EmptyByteBufBE)
GET /session/7c6fb0e600dfe3dd7c5e1cff269d3a6c/element/f.99EB50FD5A94E738947D898E72E4608D.d.5FE9189B0163757B714F168C5891E4E5.e.205/text HTTP/1.1
Cache-Control: no-cache
User-Agent: selenium/4.12.0 (java windows)
Content-Type: application/json; charset=utf-8
host: localhost:9941
accept: */*

Response DefaultHttpResponse(decodeResult: success, version: HTTP/1.1)
HTTP/1.1 200 OK
Content-Length: 23
Content-Type: application/json; charset=utf-8
cache-control: no-cache

20:16:07.044 [AsyncHttpClient-1-14] DEBUG org.asynchttpclient.netty.channel.ChannelManager - Adding key: http://localhost:9941 for channel [id: 0x66e76fbe, L:/127.0.0.1:63406 - R:localhost/127.0.0.1:9941]
actual name: Tk_Steel
20:16:07.045 [Forwarding findElement on session 7c6fb0e600dfe3dd7c5e1cff269d3a6c to remote] DEBUG org.asynchttpclient.netty.request.NettyRequestSender - Using pooled Channel '[id: 0x66e76fbe, L:/127.0.0.1:63406 - R:localhost/127.0.0.1:9941]' for 'POST' to 'http://localhost:9941/session/7c6fb0e600dfe3dd7c5e1cff269d3a6c/element'
20:16:07.045 [Forwarding findElement on session 7c6fb0e600dfe3dd7c5e1cff269d3a6c to remote] DEBUG org.asynchttpclient.netty.request.NettyRequestSender - Using open Channel [id: 0x66e76fbe, L:/127.0.0.1:63406 - R:localhost/127.0.0.1:9941] for POST '/session/7c6fb0e600dfe3dd7c5e1cff269d3a6c/element'
20:16:07.051 [AsyncHttpClient-1-14] DEBUG org.asynchttpclient.netty.handler.HttpHandler - 

Request DefaultHttpRequest(decodeResult: success, version: HTTP/1.1)
POST /session/7c6fb0e600dfe3dd7c5e1cff269d3a6c/element HTTP/1.1
User-Agent: selenium/4.12.0 (java windows)
Content-Length: 199
Content-Type: application/json; charset=utf-8
host: localhost:9941
accept: */*

Response DefaultHttpResponse(decodeResult: success, version: HTTP/1.1)
HTTP/1.1 200 OK
Content-Length: 127
Content-Type: application/json; charset=utf-8
cache-control: no-cache

20:16:07.051 [AsyncHttpClient-1-14] DEBUG org.asynchttpclient.netty.channel.ChannelManager - Adding key: http://localhost:9941 for channel [id: 0x66e76fbe, L:/127.0.0.1:63406 - R:localhost/127.0.0.1:9941]
20:16:07.051 [Forwarding getElementText on session 7c6fb0e600dfe3dd7c5e1cff269d3a6c to remote] DEBUG org.asynchttpclient.netty.request.NettyRequestSender - Using pooled Channel '[id: 0x66e76fbe, L:/127.0.0.1:63406 - R:localhost/127.0.0.1:9941]' for 'GET' to 'http://localhost:9941/session/7c6fb0e600dfe3dd7c5e1cff269d3a6c/element/f.99EB50FD5A94E738947D898E72E4608D.d.5FE9189B0163757B714F168C5891E4E5.e.206/text'
20:16:07.051 [Forwarding getElementText on session 7c6fb0e600dfe3dd7c5e1cff269d3a6c to remote] DEBUG org.asynchttpclient.netty.request.NettyRequestSender - Using open Channel [id: 0x66e76fbe, L:/127.0.0.1:63406 - R:localhost/127.0.0.1:9941] for GET '/session/7c6fb0e600dfe3dd7c5e1cff269d3a6c/element/f.99EB50FD5A94E738947D898E72E4608D.d.5FE9189B0163757B714F168C5891E4E5.e.206/text'
20:16:07.056 [AsyncHttpClient-1-14] DEBUG org.asynchttpclient.netty.handler.HttpHandler - 

Request DefaultFullHttpRequest(decodeResult: success, version: HTTP/1.1, content: EmptyByteBufBE)
GET /session/7c6fb0e600dfe3dd7c5e1cff269d3a6c/element/f.99EB50FD5A94E738947D898E72E4608D.d.5FE9189B0163757B714F168C5891E4E5.e.206/text HTTP/1.1
Cache-Control: no-cache
User-Agent: selenium/4.12.0 (java windows)
Content-Type: application/json; charset=utf-8
host: localhost:9941
accept: */*

Response DefaultHttpResponse(decodeResult: success, version: HTTP/1.1)
HTTP/1.1 200 OK
Content-Length: 23
Content-Type: application/json; charset=utf-8
cache-control: no-cache

20:16:07.056 [AsyncHttpClient-1-14] DEBUG org.asynchttpclient.netty.channel.ChannelManager - Adding key: http://localhost:9941 for channel [id: 0x66e76fbe, L:/127.0.0.1:63406 - R:localhost/127.0.0.1:9941]
actual name: Tk_Steel
20:16:07.057 [Forwarding findElement on session 7c6fb0e600dfe3dd7c5e1cff269d3a6c to remote] DEBUG org.asynchttpclient.netty.request.NettyRequestSender - Using pooled Channel '[id: 0x66e76fbe, L:/127.0.0.1:63406 - R:localhost/127.0.0.1:9941]' for 'POST' to 'http://localhost:9941/session/7c6fb0e600dfe3dd7c5e1cff269d3a6c/element'
20:16:07.057 [Forwarding findElement on session 7c6fb0e600dfe3dd7c5e1cff269d3a6c to remote] DEBUG org.asynchttpclient.netty.request.NettyRequestSender - Using open Channel [id: 0x66e76fbe, L:/127.0.0.1:63406 - R:localhost/127.0.0.1:9941] for POST '/session/7c6fb0e600dfe3dd7c5e1cff269d3a6c/element'
20:16:07.063 [AsyncHttpClient-1-14] DEBUG org.asynchttpclient.netty.handler.HttpHandler - 

Request DefaultHttpRequest(decodeResult: success, version: HTTP/1.1)
POST /session/7c6fb0e600dfe3dd7c5e1cff269d3a6c/element HTTP/1.1
User-Agent: selenium/4.12.0 (java windows)
Content-Length: 199
Content-Type: application/json; charset=utf-8
host: localhost:9941
accept: */*

Response DefaultHttpResponse(decodeResult: success, version: HTTP/1.1)
HTTP/1.1 200 OK
Content-Length: 127
Content-Type: application/json; charset=utf-8
cache-control: no-cache

20:16:07.063 [AsyncHttpClient-1-14] DEBUG org.asynchttpclient.netty.channel.ChannelManager - Adding key: http://localhost:9941 for channel [id: 0x66e76fbe, L:/127.0.0.1:63406 - R:localhost/127.0.0.1:9941]
20:16:07.064 [Forwarding getElementText on session 7c6fb0e600dfe3dd7c5e1cff269d3a6c to remote] DEBUG org.asynchttpclient.netty.request.NettyRequestSender - Using pooled Channel '[id: 0x66e76fbe, L:/127.0.0.1:63406 - R:localhost/127.0.0.1:9941]' for 'GET' to 'http://localhost:9941/session/7c6fb0e600dfe3dd7c5e1cff269d3a6c/element/f.99EB50FD5A94E738947D898E72E4608D.d.5FE9189B0163757B714F168C5891E4E5.e.207/text'
20:16:07.064 [Forwarding getElementText on session 7c6fb0e600dfe3dd7c5e1cff269d3a6c to remote] DEBUG org.asynchttpclient.netty.request.NettyRequestSender - Using open Channel [id: 0x66e76fbe, L:/127.0.0.1:63406 - R:localhost/127.0.0.1:9941] for GET '/session/7c6fb0e600dfe3dd7c5e1cff269d3a6c/element/f.99EB50FD5A94E738947D898E72E4608D.d.5FE9189B0163757B714F168C5891E4E5.e.207/text'
20:16:07.068 [AsyncHttpClient-1-14] DEBUG org.asynchttpclient.netty.handler.HttpHandler - 

Request DefaultFullHttpRequest(decodeResult: success, version: HTTP/1.1, content: EmptyByteBufBE)
GET /session/7c6fb0e600dfe3dd7c5e1cff269d3a6c/element/f.99EB50FD5A94E738947D898E72E4608D.d.5FE9189B0163757B714F168C5891E4E5.e.207/text HTTP/1.1
Cache-Control: no-cache
User-Agent: selenium/4.12.0 (java windows)
Content-Type: application/json; charset=utf-8
host: localhost:9941
accept: */*

Response DefaultHttpResponse(decodeResult: success, version: HTTP/1.1)
HTTP/1.1 200 OK
Content-Length: 23
Content-Type: application/json; charset=utf-8
cache-control: no-cache

20:16:07.068 [AsyncHttpClient-1-14] DEBUG org.asynchttpclient.netty.channel.ChannelManager - Adding key: http://localhost:9941 for channel [id: 0x66e76fbe, L:/127.0.0.1:63406 - R:localhost/127.0.0.1:9941]
actual name: Rr_Steel
20:16:07.070 [Forwarding findElement on session 7c6fb0e600dfe3dd7c5e1cff269d3a6c to remote] DEBUG org.asynchttpclient.netty.request.NettyRequestSender - Using pooled Channel '[id: 0x66e76fbe, L:/127.0.0.1:63406 - R:localhost/127.0.0.1:9941]' for 'POST' to 'http://localhost:9941/session/7c6fb0e600dfe3dd7c5e1cff269d3a6c/element'
20:16:07.070 [Forwarding findElement on session 7c6fb0e600dfe3dd7c5e1cff269d3a6c to remote] DEBUG org.asynchttpclient.netty.request.NettyRequestSender - Using open Channel [id: 0x66e76fbe, L:/127.0.0.1:63406 - R:localhost/127.0.0.1:9941] for POST '/session/7c6fb0e600dfe3dd7c5e1cff269d3a6c/element'
20:16:07.102 [AsyncHttpClient-1-14] DEBUG org.asynchttpclient.netty.handler.HttpHandler - 

Request DefaultHttpRequest(decodeResult: success, version: HTTP/1.1)
POST /session/7c6fb0e600dfe3dd7c5e1cff269d3a6c/element HTTP/1.1
User-Agent: selenium/4.12.0 (java windows)
Content-Length: 199
Content-Type: application/json; charset=utf-8
host: localhost:9941
accept: */*

Response DefaultHttpResponse(decodeResult: success, version: HTTP/1.1)
HTTP/1.1 200 OK
Content-Length: 127
Content-Type: application/json; charset=utf-8
cache-control: no-cache

20:16:07.102 [AsyncHttpClient-1-14] DEBUG org.asynchttpclient.netty.channel.ChannelManager - Adding key: http://localhost:9941 for channel [id: 0x66e76fbe, L:/127.0.0.1:63406 - R:localhost/127.0.0.1:9941]
20:16:07.102 [Forwarding getElementText on session 7c6fb0e600dfe3dd7c5e1cff269d3a6c to remote] DEBUG org.asynchttpclient.netty.request.NettyRequestSender - Using pooled Channel '[id: 0x66e76fbe, L:/127.0.0.1:63406 - R:localhost/127.0.0.1:9941]' for 'GET' to 'http://localhost:9941/session/7c6fb0e600dfe3dd7c5e1cff269d3a6c/element/f.99EB50FD5A94E738947D898E72E4608D.d.5FE9189B0163757B714F168C5891E4E5.e.208/text'
20:16:07.102 [Forwarding getElementText on session 7c6fb0e600dfe3dd7c5e1cff269d3a6c to remote] DEBUG org.asynchttpclient.netty.request.NettyRequestSender - Using open Channel [id: 0x66e76fbe, L:/127.0.0.1:63406 - R:localhost/127.0.0.1:9941] for GET '/session/7c6fb0e600dfe3dd7c5e1cff269d3a6c/element/f.99EB50FD5A94E738947D898E72E4608D.d.5FE9189B0163757B714F168C5891E4E5.e.208/text'
20:16:07.120 [AsyncHttpClient-1-14] DEBUG org.asynchttpclient.netty.handler.HttpHandler - 

Request DefaultFullHttpRequest(decodeResult: success, version: HTTP/1.1, content: EmptyByteBufBE)
GET /session/7c6fb0e600dfe3dd7c5e1cff269d3a6c/element/f.99EB50FD5A94E738947D898E72E4608D.d.5FE9189B0163757B714F168C5891E4E5.e.208/text HTTP/1.1
Cache-Control: no-cache
User-Agent: selenium/4.12.0 (java windows)
Content-Type: application/json; charset=utf-8
host: localhost:9941
accept: */*

Response DefaultHttpResponse(decodeResult: success, version: HTTP/1.1)
HTTP/1.1 200 OK
Content-Length: 23
Content-Type: application/json; charset=utf-8
cache-control: no-cache

20:16:07.120 [AsyncHttpClient-1-14] DEBUG org.asynchttpclient.netty.channel.ChannelManager - Adding key: http://localhost:9941 for channel [id: 0x66e76fbe, L:/127.0.0.1:63406 - R:localhost/127.0.0.1:9941]
actual name: Tk_Steel
20:16:07.121 [Forwarding findElement on session 7c6fb0e600dfe3dd7c5e1cff269d3a6c to remote] DEBUG org.asynchttpclient.netty.request.NettyRequestSender - Using pooled Channel '[id: 0x66e76fbe, L:/127.0.0.1:63406 - R:localhost/127.0.0.1:9941]' for 'POST' to 'http://localhost:9941/session/7c6fb0e600dfe3dd7c5e1cff269d3a6c/element'
20:16:07.121 [Forwarding findElement on session 7c6fb0e600dfe3dd7c5e1cff269d3a6c to remote] DEBUG org.asynchttpclient.netty.request.NettyRequestSender - Using open Channel [id: 0x66e76fbe, L:/127.0.0.1:63406 - R:localhost/127.0.0.1:9941] for POST '/session/7c6fb0e600dfe3dd7c5e1cff269d3a6c/element'
20:16:07.132 [AsyncHttpClient-1-14] DEBUG org.asynchttpclient.netty.handler.HttpHandler - 

Request DefaultHttpRequest(decodeResult: success, version: HTTP/1.1)
POST /session/7c6fb0e600dfe3dd7c5e1cff269d3a6c/element HTTP/1.1
User-Agent: selenium/4.12.0 (java windows)
Content-Length: 199
Content-Type: application/json; charset=utf-8
host: localhost:9941
accept: */*

Response DefaultHttpResponse(decodeResult: success, version: HTTP/1.1)
HTTP/1.1 200 OK
Content-Length: 127
Content-Type: application/json; charset=utf-8
cache-control: no-cache

20:16:07.132 [AsyncHttpClient-1-14] DEBUG org.asynchttpclient.netty.channel.ChannelManager - Adding key: http://localhost:9941 for channel [id: 0x66e76fbe, L:/127.0.0.1:63406 - R:localhost/127.0.0.1:9941]
20:16:07.133 [Forwarding getElementText on session 7c6fb0e600dfe3dd7c5e1cff269d3a6c to remote] DEBUG org.asynchttpclient.netty.request.NettyRequestSender - Using pooled Channel '[id: 0x66e76fbe, L:/127.0.0.1:63406 - R:localhost/127.0.0.1:9941]' for 'GET' to 'http://localhost:9941/session/7c6fb0e600dfe3dd7c5e1cff269d3a6c/element/f.99EB50FD5A94E738947D898E72E4608D.d.5FE9189B0163757B714F168C5891E4E5.e.209/text'
20:16:07.133 [Forwarding getElementText on session 7c6fb0e600dfe3dd7c5e1cff269d3a6c to remote] DEBUG org.asynchttpclient.netty.request.NettyRequestSender - Using open Channel [id: 0x66e76fbe, L:/127.0.0.1:63406 - R:localhost/127.0.0.1:9941] for GET '/session/7c6fb0e600dfe3dd7c5e1cff269d3a6c/element/f.99EB50FD5A94E738947D898E72E4608D.d.5FE9189B0163757B714F168C5891E4E5.e.209/text'
20:16:07.140 [AsyncHttpClient-1-14] DEBUG org.asynchttpclient.netty.handler.HttpHandler - 

Request DefaultFullHttpRequest(decodeResult: success, version: HTTP/1.1, content: EmptyByteBufBE)
GET /session/7c6fb0e600dfe3dd7c5e1cff269d3a6c/element/f.99EB50FD5A94E738947D898E72E4608D.d.5FE9189B0163757B714F168C5891E4E5.e.209/text HTTP/1.1
Cache-Control: no-cache
User-Agent: selenium/4.12.0 (java windows)
Content-Type: application/json; charset=utf-8
host: localhost:9941
accept: */*

Response DefaultHttpResponse(decodeResult: success, version: HTTP/1.1)
HTTP/1.1 200 OK
Content-Length: 23
Content-Type: application/json; charset=utf-8
cache-control: no-cache

20:16:07.140 [AsyncHttpClient-1-14] DEBUG org.asynchttpclient.netty.channel.ChannelManager - Adding key: http://localhost:9941 for channel [id: 0x66e76fbe, L:/127.0.0.1:63406 - R:localhost/127.0.0.1:9941]
actual name: Wk_Const
20:16:07.140 [Forwarding findElement on session 7c6fb0e600dfe3dd7c5e1cff269d3a6c to remote] DEBUG org.asynchttpclient.netty.request.NettyRequestSender - Using pooled Channel '[id: 0x66e76fbe, L:/127.0.0.1:63406 - R:localhost/127.0.0.1:9941]' for 'POST' to 'http://localhost:9941/session/7c6fb0e600dfe3dd7c5e1cff269d3a6c/element'
20:16:07.140 [Forwarding findElement on session 7c6fb0e600dfe3dd7c5e1cff269d3a6c to remote] DEBUG org.asynchttpclient.netty.request.NettyRequestSender - Using open Channel [id: 0x66e76fbe, L:/127.0.0.1:63406 - R:localhost/127.0.0.1:9941] for POST '/session/7c6fb0e600dfe3dd7c5e1cff269d3a6c/element'
20:16:07.165 [AsyncHttpClient-1-14] DEBUG org.asynchttpclient.netty.handler.HttpHandler - 

Request DefaultHttpRequest(decodeResult: success, version: HTTP/1.1)
POST /session/7c6fb0e600dfe3dd7c5e1cff269d3a6c/element HTTP/1.1
User-Agent: selenium/4.12.0 (java windows)
Content-Length: 199
Content-Type: application/json; charset=utf-8
host: localhost:9941
accept: */*

Response DefaultHttpResponse(decodeResult: success, version: HTTP/1.1)
HTTP/1.1 200 OK
Content-Length: 127
Content-Type: application/json; charset=utf-8
cache-control: no-cache

20:16:07.165 [AsyncHttpClient-1-14] DEBUG org.asynchttpclient.netty.channel.ChannelManager - Adding key: http://localhost:9941 for channel [id: 0x66e76fbe, L:/127.0.0.1:63406 - R:localhost/127.0.0.1:9941]
20:16:07.166 [Forwarding getElementText on session 7c6fb0e600dfe3dd7c5e1cff269d3a6c to remote] DEBUG org.asynchttpclient.netty.request.NettyRequestSender - Using pooled Channel '[id: 0x66e76fbe, L:/127.0.0.1:63406 - R:localhost/127.0.0.1:9941]' for 'GET' to 'http://localhost:9941/session/7c6fb0e600dfe3dd7c5e1cff269d3a6c/element/f.99EB50FD5A94E738947D898E72E4608D.d.5FE9189B0163757B714F168C5891E4E5.e.210/text'
20:16:07.166 [Forwarding getElementText on session 7c6fb0e600dfe3dd7c5e1cff269d3a6c to remote] DEBUG org.asynchttpclient.netty.request.NettyRequestSender - Using open Channel [id: 0x66e76fbe, L:/127.0.0.1:63406 - R:localhost/127.0.0.1:9941] for GET '/session/7c6fb0e600dfe3dd7c5e1cff269d3a6c/element/f.99EB50FD5A94E738947D898E72E4608D.d.5FE9189B0163757B714F168C5891E4E5.e.210/text'
20:16:07.180 [AsyncHttpClient-1-14] DEBUG org.asynchttpclient.netty.handler.HttpHandler - 

Request DefaultFullHttpRequest(decodeResult: success, version: HTTP/1.1, content: EmptyByteBufBE)
GET /session/7c6fb0e600dfe3dd7c5e1cff269d3a6c/element/f.99EB50FD5A94E738947D898E72E4608D.d.5FE9189B0163757B714F168C5891E4E5.e.210/text HTTP/1.1
Cache-Control: no-cache
User-Agent: selenium/4.12.0 (java windows)
Content-Type: application/json; charset=utf-8
host: localhost:9941
accept: */*

Response DefaultHttpResponse(decodeResult: success, version: HTTP/1.1)
HTTP/1.1 200 OK
Content-Length: 23
Content-Type: application/json; charset=utf-8
cache-control: no-cache

20:16:07.180 [AsyncHttpClient-1-14] DEBUG org.asynchttpclient.netty.channel.ChannelManager - Adding key: http://localhost:9941 for channel [id: 0x66e76fbe, L:/127.0.0.1:63406 - R:localhost/127.0.0.1:9941]
actual name: Rk_Steel
20:16:07.181 [Forwarding findElement on session 7c6fb0e600dfe3dd7c5e1cff269d3a6c to remote] DEBUG org.asynchttpclient.netty.request.NettyRequestSender - Using pooled Channel '[id: 0x66e76fbe, L:/127.0.0.1:63406 - R:localhost/127.0.0.1:9941]' for 'POST' to 'http://localhost:9941/session/7c6fb0e600dfe3dd7c5e1cff269d3a6c/element'
20:16:07.181 [Forwarding findElement on session 7c6fb0e600dfe3dd7c5e1cff269d3a6c to remote] DEBUG org.asynchttpclient.netty.request.NettyRequestSender - Using open Channel [id: 0x66e76fbe, L:/127.0.0.1:63406 - R:localhost/127.0.0.1:9941] for POST '/session/7c6fb0e600dfe3dd7c5e1cff269d3a6c/element'
20:16:07.192 [AsyncHttpClient-1-14] DEBUG org.asynchttpclient.netty.handler.HttpHandler - 

Request DefaultHttpRequest(decodeResult: success, version: HTTP/1.1)
POST /session/7c6fb0e600dfe3dd7c5e1cff269d3a6c/element HTTP/1.1
User-Agent: selenium/4.12.0 (java windows)
Content-Length: 199
Content-Type: application/json; charset=utf-8
host: localhost:9941
accept: */*

Response DefaultHttpResponse(decodeResult: success, version: HTTP/1.1)
HTTP/1.1 200 OK
Content-Length: 127
Content-Type: application/json; charset=utf-8
cache-control: no-cache

20:16:07.192 [AsyncHttpClient-1-14] DEBUG org.asynchttpclient.netty.channel.ChannelManager - Adding key: http://localhost:9941 for channel [id: 0x66e76fbe, L:/127.0.0.1:63406 - R:localhost/127.0.0.1:9941]
20:16:07.193 [Forwarding getElementText on session 7c6fb0e600dfe3dd7c5e1cff269d3a6c to remote] DEBUG org.asynchttpclient.netty.request.NettyRequestSender - Using pooled Channel '[id: 0x66e76fbe, L:/127.0.0.1:63406 - R:localhost/127.0.0.1:9941]' for 'GET' to 'http://localhost:9941/session/7c6fb0e600dfe3dd7c5e1cff269d3a6c/element/f.99EB50FD5A94E738947D898E72E4608D.d.5FE9189B0163757B714F168C5891E4E5.e.211/text'
20:16:07.193 [Forwarding getElementText on session 7c6fb0e600dfe3dd7c5e1cff269d3a6c to remote] DEBUG org.asynchttpclient.netty.request.NettyRequestSender - Using open Channel [id: 0x66e76fbe, L:/127.0.0.1:63406 - R:localhost/127.0.0.1:9941] for GET '/session/7c6fb0e600dfe3dd7c5e1cff269d3a6c/element/f.99EB50FD5A94E738947D898E72E4608D.d.5FE9189B0163757B714F168C5891E4E5.e.211/text'
20:16:07.201 [AsyncHttpClient-1-14] DEBUG org.asynchttpclient.netty.handler.HttpHandler - 

Request DefaultFullHttpRequest(decodeResult: success, version: HTTP/1.1, content: EmptyByteBufBE)
GET /session/7c6fb0e600dfe3dd7c5e1cff269d3a6c/element/f.99EB50FD5A94E738947D898E72E4608D.d.5FE9189B0163757B714F168C5891E4E5.e.211/text HTTP/1.1
Cache-Control: no-cache
User-Agent: selenium/4.12.0 (java windows)
Content-Type: application/json; charset=utf-8
host: localhost:9941
accept: */*

Response DefaultHttpResponse(decodeResult: success, version: HTTP/1.1)
HTTP/1.1 200 OK
Content-Length: 23
Content-Type: application/json; charset=utf-8
cache-control: no-cache

20:16:07.201 [AsyncHttpClient-1-14] DEBUG org.asynchttpclient.netty.channel.ChannelManager - Adding key: http://localhost:9941 for channel [id: 0x66e76fbe, L:/127.0.0.1:63406 - R:localhost/127.0.0.1:9941]
actual name: Wa_Const
20:16:07.202 [Forwarding findElement on session 7c6fb0e600dfe3dd7c5e1cff269d3a6c to remote] DEBUG org.asynchttpclient.netty.request.NettyRequestSender - Using pooled Channel '[id: 0x66e76fbe, L:/127.0.0.1:63406 - R:localhost/127.0.0.1:9941]' for 'POST' to 'http://localhost:9941/session/7c6fb0e600dfe3dd7c5e1cff269d3a6c/element'
20:16:07.202 [Forwarding findElement on session 7c6fb0e600dfe3dd7c5e1cff269d3a6c to remote] DEBUG org.asynchttpclient.netty.request.NettyRequestSender - Using open Channel [id: 0x66e76fbe, L:/127.0.0.1:63406 - R:localhost/127.0.0.1:9941] for POST '/session/7c6fb0e600dfe3dd7c5e1cff269d3a6c/element'
20:16:07.212 [AsyncHttpClient-1-14] DEBUG org.asynchttpclient.netty.handler.HttpHandler - 

Request DefaultHttpRequest(decodeResult: success, version: HTTP/1.1)
POST /session/7c6fb0e600dfe3dd7c5e1cff269d3a6c/element HTTP/1.1
User-Agent: selenium/4.12.0 (java windows)
Content-Length: 199
Content-Type: application/json; charset=utf-8
host: localhost:9941
accept: */*

Response DefaultHttpResponse(decodeResult: success, version: HTTP/1.1)
HTTP/1.1 200 OK
Content-Length: 127
Content-Type: application/json; charset=utf-8
cache-control: no-cache

20:16:07.225 [AsyncHttpClient-1-14] DEBUG org.asynchttpclient.netty.channel.ChannelManager - Adding key: http://localhost:9941 for channel [id: 0x66e76fbe, L:/127.0.0.1:63406 - R:localhost/127.0.0.1:9941]
20:16:07.226 [Forwarding getElementText on session 7c6fb0e600dfe3dd7c5e1cff269d3a6c to remote] DEBUG org.asynchttpclient.netty.request.NettyRequestSender - Using pooled Channel '[id: 0x66e76fbe, L:/127.0.0.1:63406 - R:localhost/127.0.0.1:9941]' for 'GET' to 'http://localhost:9941/session/7c6fb0e600dfe3dd7c5e1cff269d3a6c/element/f.99EB50FD5A94E738947D898E72E4608D.d.5FE9189B0163757B714F168C5891E4E5.e.212/text'
20:16:07.227 [Forwarding getElementText on session 7c6fb0e600dfe3dd7c5e1cff269d3a6c to remote] DEBUG org.asynchttpclient.netty.request.NettyRequestSender - Using open Channel [id: 0x66e76fbe, L:/127.0.0.1:63406 - R:localhost/127.0.0.1:9941] for GET '/session/7c6fb0e600dfe3dd7c5e1cff269d3a6c/element/f.99EB50FD5A94E738947D898E72E4608D.d.5FE9189B0163757B714F168C5891E4E5.e.212/text'
20:16:07.251 [AsyncHttpClient-1-14] DEBUG org.asynchttpclient.netty.handler.HttpHandler - 

Request DefaultFullHttpRequest(decodeResult: success, version: HTTP/1.1, content: EmptyByteBufBE)
GET /session/7c6fb0e600dfe3dd7c5e1cff269d3a6c/element/f.99EB50FD5A94E738947D898E72E4608D.d.5FE9189B0163757B714F168C5891E4E5.e.212/text HTTP/1.1
Cache-Control: no-cache
User-Agent: selenium/4.12.0 (java windows)
Content-Type: application/json; charset=utf-8
host: localhost:9941
accept: */*

Response DefaultHttpResponse(decodeResult: success, version: HTTP/1.1)
HTTP/1.1 200 OK
Content-Length: 23
Content-Type: application/json; charset=utf-8
cache-control: no-cache

20:16:07.251 [AsyncHttpClient-1-14] DEBUG org.asynchttpclient.netty.channel.ChannelManager - Adding key: http://localhost:9941 for channel [id: 0x66e76fbe, L:/127.0.0.1:63406 - R:localhost/127.0.0.1:9941]
actual name: Js_Steel
20:16:07.252 [Forwarding findElement on session 7c6fb0e600dfe3dd7c5e1cff269d3a6c to remote] DEBUG org.asynchttpclient.netty.request.NettyRequestSender - Using pooled Channel '[id: 0x66e76fbe, L:/127.0.0.1:63406 - R:localhost/127.0.0.1:9941]' for 'POST' to 'http://localhost:9941/session/7c6fb0e600dfe3dd7c5e1cff269d3a6c/element'
20:16:07.252 [Forwarding findElement on session 7c6fb0e600dfe3dd7c5e1cff269d3a6c to remote] DEBUG org.asynchttpclient.netty.request.NettyRequestSender - Using open Channel [id: 0x66e76fbe, L:/127.0.0.1:63406 - R:localhost/127.0.0.1:9941] for POST '/session/7c6fb0e600dfe3dd7c5e1cff269d3a6c/element'
20:16:07.272 [AsyncHttpClient-1-14] DEBUG org.asynchttpclient.netty.handler.HttpHandler - 

Request DefaultHttpRequest(decodeResult: success, version: HTTP/1.1)
POST /session/7c6fb0e600dfe3dd7c5e1cff269d3a6c/element HTTP/1.1
User-Agent: selenium/4.12.0 (java windows)
Content-Length: 199
Content-Type: application/json; charset=utf-8
host: localhost:9941
accept: */*

Response DefaultHttpResponse(decodeResult: success, version: HTTP/1.1)
HTTP/1.1 200 OK
Content-Length: 127
Content-Type: application/json; charset=utf-8
cache-control: no-cache

20:16:07.272 [AsyncHttpClient-1-14] DEBUG org.asynchttpclient.netty.channel.ChannelManager - Adding key: http://localhost:9941 for channel [id: 0x66e76fbe, L:/127.0.0.1:63406 - R:localhost/127.0.0.1:9941]
20:16:07.274 [Forwarding getElementText on session 7c6fb0e600dfe3dd7c5e1cff269d3a6c to remote] DEBUG org.asynchttpclient.netty.request.NettyRequestSender - Using pooled Channel '[id: 0x66e76fbe, L:/127.0.0.1:63406 - R:localhost/127.0.0.1:9941]' for 'GET' to 'http://localhost:9941/session/7c6fb0e600dfe3dd7c5e1cff269d3a6c/element/f.99EB50FD5A94E738947D898E72E4608D.d.5FE9189B0163757B714F168C5891E4E5.e.213/text'
20:16:07.274 [Forwarding getElementText on session 7c6fb0e600dfe3dd7c5e1cff269d3a6c to remote] DEBUG org.asynchttpclient.netty.request.NettyRequestSender - Using open Channel [id: 0x66e76fbe, L:/127.0.0.1:63406 - R:localhost/127.0.0.1:9941] for GET '/session/7c6fb0e600dfe3dd7c5e1cff269d3a6c/element/f.99EB50FD5A94E738947D898E72E4608D.d.5FE9189B0163757B714F168C5891E4E5.e.213/text'
20:16:07.289 [AsyncHttpClient-1-14] DEBUG org.asynchttpclient.netty.handler.HttpHandler - 

Request DefaultFullHttpRequest(decodeResult: success, version: HTTP/1.1, content: EmptyByteBufBE)
GET /session/7c6fb0e600dfe3dd7c5e1cff269d3a6c/element/f.99EB50FD5A94E738947D898E72E4608D.d.5FE9189B0163757B714F168C5891E4E5.e.213/text HTTP/1.1
Cache-Control: no-cache
User-Agent: selenium/4.12.0 (java windows)
Content-Type: application/json; charset=utf-8
host: localhost:9941
accept: */*

Response DefaultHttpResponse(decodeResult: success, version: HTTP/1.1)
HTTP/1.1 200 OK
Content-Length: 23
Content-Type: application/json; charset=utf-8
cache-control: no-cache

20:16:07.290 [AsyncHttpClient-1-14] DEBUG org.asynchttpclient.netty.channel.ChannelManager - Adding key: http://localhost:9941 for channel [id: 0x66e76fbe, L:/127.0.0.1:63406 - R:localhost/127.0.0.1:9941]
actual name: Js_Steel
20:16:07.291 [Forwarding findElement on session 7c6fb0e600dfe3dd7c5e1cff269d3a6c to remote] DEBUG org.asynchttpclient.netty.request.NettyRequestSender - Using pooled Channel '[id: 0x66e76fbe, L:/127.0.0.1:63406 - R:localhost/127.0.0.1:9941]' for 'POST' to 'http://localhost:9941/session/7c6fb0e600dfe3dd7c5e1cff269d3a6c/element'
20:16:07.291 [Forwarding findElement on session 7c6fb0e600dfe3dd7c5e1cff269d3a6c to remote] DEBUG org.asynchttpclient.netty.request.NettyRequestSender - Using open Channel [id: 0x66e76fbe, L:/127.0.0.1:63406 - R:localhost/127.0.0.1:9941] for POST '/session/7c6fb0e600dfe3dd7c5e1cff269d3a6c/element'
20:16:07.314 [AsyncHttpClient-1-14] DEBUG org.asynchttpclient.netty.handler.HttpHandler - 

Request DefaultHttpRequest(decodeResult: success, version: HTTP/1.1)
POST /session/7c6fb0e600dfe3dd7c5e1cff269d3a6c/element HTTP/1.1
User-Agent: selenium/4.12.0 (java windows)
Content-Length: 199
Content-Type: application/json; charset=utf-8
host: localhost:9941
accept: */*

Response DefaultHttpResponse(decodeResult: success, version: HTTP/1.1)
HTTP/1.1 200 OK
Content-Length: 127
Content-Type: application/json; charset=utf-8
cache-control: no-cache

20:16:07.314 [AsyncHttpClient-1-14] DEBUG org.asynchttpclient.netty.channel.ChannelManager - Adding key: http://localhost:9941 for channel [id: 0x66e76fbe, L:/127.0.0.1:63406 - R:localhost/127.0.0.1:9941]
20:16:07.315 [Forwarding getElementText on session 7c6fb0e600dfe3dd7c5e1cff269d3a6c to remote] DEBUG org.asynchttpclient.netty.request.NettyRequestSender - Using pooled Channel '[id: 0x66e76fbe, L:/127.0.0.1:63406 - R:localhost/127.0.0.1:9941]' for 'GET' to 'http://localhost:9941/session/7c6fb0e600dfe3dd7c5e1cff269d3a6c/element/f.99EB50FD5A94E738947D898E72E4608D.d.5FE9189B0163757B714F168C5891E4E5.e.214/text'
20:16:07.315 [Forwarding getElementText on session 7c6fb0e600dfe3dd7c5e1cff269d3a6c to remote] DEBUG org.asynchttpclient.netty.request.NettyRequestSender - Using open Channel [id: 0x66e76fbe, L:/127.0.0.1:63406 - R:localhost/127.0.0.1:9941] for GET '/session/7c6fb0e600dfe3dd7c5e1cff269d3a6c/element/f.99EB50FD5A94E738947D898E72E4608D.d.5FE9189B0163757B714F168C5891E4E5.e.214/text'
20:16:07.331 [AsyncHttpClient-1-14] DEBUG org.asynchttpclient.netty.handler.HttpHandler - 

Request DefaultFullHttpRequest(decodeResult: success, version: HTTP/1.1, content: EmptyByteBufBE)
GET /session/7c6fb0e600dfe3dd7c5e1cff269d3a6c/element/f.99EB50FD5A94E738947D898E72E4608D.d.5FE9189B0163757B714F168C5891E4E5.e.214/text HTTP/1.1
Cache-Control: no-cache
User-Agent: selenium/4.12.0 (java windows)
Content-Type: application/json; charset=utf-8
host: localhost:9941
accept: */*

Response DefaultHttpResponse(decodeResult: success, version: HTTP/1.1)
HTTP/1.1 200 OK
Content-Length: 23
Content-Type: application/json; charset=utf-8
cache-control: no-cache

20:16:07.331 [AsyncHttpClient-1-14] DEBUG org.asynchttpclient.netty.channel.ChannelManager - Adding key: http://localhost:9941 for channel [id: 0x66e76fbe, L:/127.0.0.1:63406 - R:localhost/127.0.0.1:9941]
actual name: Rk_Steel
20:16:07.332 [Forwarding findElement on session 7c6fb0e600dfe3dd7c5e1cff269d3a6c to remote] DEBUG org.asynchttpclient.netty.request.NettyRequestSender - Using pooled Channel '[id: 0x66e76fbe, L:/127.0.0.1:63406 - R:localhost/127.0.0.1:9941]' for 'POST' to 'http://localhost:9941/session/7c6fb0e600dfe3dd7c5e1cff269d3a6c/element'
20:16:07.332 [Forwarding findElement on session 7c6fb0e600dfe3dd7c5e1cff269d3a6c to remote] DEBUG org.asynchttpclient.netty.request.NettyRequestSender - Using open Channel [id: 0x66e76fbe, L:/127.0.0.1:63406 - R:localhost/127.0.0.1:9941] for POST '/session/7c6fb0e600dfe3dd7c5e1cff269d3a6c/element'
20:16:07.351 [AsyncHttpClient-1-14] DEBUG org.asynchttpclient.netty.handler.HttpHandler - 

Request DefaultHttpRequest(decodeResult: success, version: HTTP/1.1)
POST /session/7c6fb0e600dfe3dd7c5e1cff269d3a6c/element HTTP/1.1
User-Agent: selenium/4.12.0 (java windows)
Content-Length: 199
Content-Type: application/json; charset=utf-8
host: localhost:9941
accept: */*

Response DefaultHttpResponse(decodeResult: success, version: HTTP/1.1)
HTTP/1.1 200 OK
Content-Length: 127
Content-Type: application/json; charset=utf-8
cache-control: no-cache

20:16:07.351 [AsyncHttpClient-1-14] DEBUG org.asynchttpclient.netty.channel.ChannelManager - Adding key: http://localhost:9941 for channel [id: 0x66e76fbe, L:/127.0.0.1:63406 - R:localhost/127.0.0.1:9941]
20:16:07.351 [Forwarding getElementText on session 7c6fb0e600dfe3dd7c5e1cff269d3a6c to remote] DEBUG org.asynchttpclient.netty.request.NettyRequestSender - Using pooled Channel '[id: 0x66e76fbe, L:/127.0.0.1:63406 - R:localhost/127.0.0.1:9941]' for 'GET' to 'http://localhost:9941/session/7c6fb0e600dfe3dd7c5e1cff269d3a6c/element/f.99EB50FD5A94E738947D898E72E4608D.d.5FE9189B0163757B714F168C5891E4E5.e.215/text'
20:16:07.351 [Forwarding getElementText on session 7c6fb0e600dfe3dd7c5e1cff269d3a6c to remote] DEBUG org.asynchttpclient.netty.request.NettyRequestSender - Using open Channel [id: 0x66e76fbe, L:/127.0.0.1:63406 - R:localhost/127.0.0.1:9941] for GET '/session/7c6fb0e600dfe3dd7c5e1cff269d3a6c/element/f.99EB50FD5A94E738947D898E72E4608D.d.5FE9189B0163757B714F168C5891E4E5.e.215/text'
20:16:07.360 [AsyncHttpClient-1-14] DEBUG org.asynchttpclient.netty.handler.HttpHandler - 

Request DefaultFullHttpRequest(decodeResult: success, version: HTTP/1.1, content: EmptyByteBufBE)
GET /session/7c6fb0e600dfe3dd7c5e1cff269d3a6c/element/f.99EB50FD5A94E738947D898E72E4608D.d.5FE9189B0163757B714F168C5891E4E5.e.215/text HTTP/1.1
Cache-Control: no-cache
User-Agent: selenium/4.12.0 (java windows)
Content-Type: application/json; charset=utf-8
host: localhost:9941
accept: */*

Response DefaultHttpResponse(decodeResult: success, version: HTTP/1.1)
HTTP/1.1 200 OK
Content-Length: 23
Content-Type: application/json; charset=utf-8
cache-control: no-cache

20:16:07.360 [AsyncHttpClient-1-14] DEBUG org.asynchttpclient.netty.channel.ChannelManager - Adding key: http://localhost:9941 for channel [id: 0x66e76fbe, L:/127.0.0.1:63406 - R:localhost/127.0.0.1:9941]
actual name: Wa_Const
20:16:07.362 [Forwarding findElement on session 7c6fb0e600dfe3dd7c5e1cff269d3a6c to remote] DEBUG org.asynchttpclient.netty.request.NettyRequestSender - Using pooled Channel '[id: 0x66e76fbe, L:/127.0.0.1:63406 - R:localhost/127.0.0.1:9941]' for 'POST' to 'http://localhost:9941/session/7c6fb0e600dfe3dd7c5e1cff269d3a6c/element'
20:16:07.362 [Forwarding findElement on session 7c6fb0e600dfe3dd7c5e1cff269d3a6c to remote] DEBUG org.asynchttpclient.netty.request.NettyRequestSender - Using open Channel [id: 0x66e76fbe, L:/127.0.0.1:63406 - R:localhost/127.0.0.1:9941] for POST '/session/7c6fb0e600dfe3dd7c5e1cff269d3a6c/element'
20:16:07.371 [AsyncHttpClient-1-14] DEBUG org.asynchttpclient.netty.handler.HttpHandler - 

Request DefaultHttpRequest(decodeResult: success, version: HTTP/1.1)
POST /session/7c6fb0e600dfe3dd7c5e1cff269d3a6c/element HTTP/1.1
User-Agent: selenium/4.12.0 (java windows)
Content-Length: 199
Content-Type: application/json; charset=utf-8
host: localhost:9941
accept: */*

Response DefaultHttpResponse(decodeResult: success, version: HTTP/1.1)
HTTP/1.1 200 OK
Content-Length: 127
Content-Type: application/json; charset=utf-8
cache-control: no-cache

20:16:07.371 [AsyncHttpClient-1-14] DEBUG org.asynchttpclient.netty.channel.ChannelManager - Adding key: http://localhost:9941 for channel [id: 0x66e76fbe, L:/127.0.0.1:63406 - R:localhost/127.0.0.1:9941]
20:16:07.371 [Forwarding getElementText on session 7c6fb0e600dfe3dd7c5e1cff269d3a6c to remote] DEBUG org.asynchttpclient.netty.request.NettyRequestSender - Using pooled Channel '[id: 0x66e76fbe, L:/127.0.0.1:63406 - R:localhost/127.0.0.1:9941]' for 'GET' to 'http://localhost:9941/session/7c6fb0e600dfe3dd7c5e1cff269d3a6c/element/f.99EB50FD5A94E738947D898E72E4608D.d.5FE9189B0163757B714F168C5891E4E5.e.216/text'
20:16:07.371 [Forwarding getElementText on session 7c6fb0e600dfe3dd7c5e1cff269d3a6c to remote] DEBUG org.asynchttpclient.netty.request.NettyRequestSender - Using open Channel [id: 0x66e76fbe, L:/127.0.0.1:63406 - R:localhost/127.0.0.1:9941] for GET '/session/7c6fb0e600dfe3dd7c5e1cff269d3a6c/element/f.99EB50FD5A94E738947D898E72E4608D.d.5FE9189B0163757B714F168C5891E4E5.e.216/text'
20:16:07.378 [AsyncHttpClient-1-14] DEBUG org.asynchttpclient.netty.handler.HttpHandler - 

Request DefaultFullHttpRequest(decodeResult: success, version: HTTP/1.1, content: EmptyByteBufBE)
GET /session/7c6fb0e600dfe3dd7c5e1cff269d3a6c/element/f.99EB50FD5A94E738947D898E72E4608D.d.5FE9189B0163757B714F168C5891E4E5.e.216/text HTTP/1.1
Cache-Control: no-cache
User-Agent: selenium/4.12.0 (java windows)
Content-Type: application/json; charset=utf-8
host: localhost:9941
accept: */*

Response DefaultHttpResponse(decodeResult: success, version: HTTP/1.1)
HTTP/1.1 200 OK
Content-Length: 23
Content-Type: application/json; charset=utf-8
cache-control: no-cache

20:16:07.378 [AsyncHttpClient-1-14] DEBUG org.asynchttpclient.netty.channel.ChannelManager - Adding key: http://localhost:9941 for channel [id: 0x66e76fbe, L:/127.0.0.1:63406 - R:localhost/127.0.0.1:9941]
actual name: Rk_Steel
20:16:07.379 [Forwarding findElement on session 7c6fb0e600dfe3dd7c5e1cff269d3a6c to remote] DEBUG org.asynchttpclient.netty.request.NettyRequestSender - Using pooled Channel '[id: 0x66e76fbe, L:/127.0.0.1:63406 - R:localhost/127.0.0.1:9941]' for 'POST' to 'http://localhost:9941/session/7c6fb0e600dfe3dd7c5e1cff269d3a6c/element'
20:16:07.379 [Forwarding findElement on session 7c6fb0e600dfe3dd7c5e1cff269d3a6c to remote] DEBUG org.asynchttpclient.netty.request.NettyRequestSender - Using open Channel [id: 0x66e76fbe, L:/127.0.0.1:63406 - R:localhost/127.0.0.1:9941] for POST '/session/7c6fb0e600dfe3dd7c5e1cff269d3a6c/element'
20:16:07.387 [AsyncHttpClient-1-14] DEBUG org.asynchttpclient.netty.handler.HttpHandler - 

Request DefaultHttpRequest(decodeResult: success, version: HTTP/1.1)
POST /session/7c6fb0e600dfe3dd7c5e1cff269d3a6c/element HTTP/1.1
User-Agent: selenium/4.12.0 (java windows)
Content-Length: 199
Content-Type: application/json; charset=utf-8
host: localhost:9941
accept: */*

Response DefaultHttpResponse(decodeResult: success, version: HTTP/1.1)
HTTP/1.1 200 OK
Content-Length: 127
Content-Type: application/json; charset=utf-8
cache-control: no-cache

20:16:07.387 [AsyncHttpClient-1-14] DEBUG org.asynchttpclient.netty.channel.ChannelManager - Adding key: http://localhost:9941 for channel [id: 0x66e76fbe, L:/127.0.0.1:63406 - R:localhost/127.0.0.1:9941]
20:16:07.387 [Forwarding getElementText on session 7c6fb0e600dfe3dd7c5e1cff269d3a6c to remote] DEBUG org.asynchttpclient.netty.request.NettyRequestSender - Using pooled Channel '[id: 0x66e76fbe, L:/127.0.0.1:63406 - R:localhost/127.0.0.1:9941]' for 'GET' to 'http://localhost:9941/session/7c6fb0e600dfe3dd7c5e1cff269d3a6c/element/f.99EB50FD5A94E738947D898E72E4608D.d.5FE9189B0163757B714F168C5891E4E5.e.217/text'
20:16:07.387 [Forwarding getElementText on session 7c6fb0e600dfe3dd7c5e1cff269d3a6c to remote] DEBUG org.asynchttpclient.netty.request.NettyRequestSender - Using open Channel [id: 0x66e76fbe, L:/127.0.0.1:63406 - R:localhost/127.0.0.1:9941] for GET '/session/7c6fb0e600dfe3dd7c5e1cff269d3a6c/element/f.99EB50FD5A94E738947D898E72E4608D.d.5FE9189B0163757B714F168C5891E4E5.e.217/text'
20:16:07.395 [AsyncHttpClient-1-14] DEBUG org.asynchttpclient.netty.handler.HttpHandler - 

Request DefaultFullHttpRequest(decodeResult: success, version: HTTP/1.1, content: EmptyByteBufBE)
GET /session/7c6fb0e600dfe3dd7c5e1cff269d3a6c/element/f.99EB50FD5A94E738947D898E72E4608D.d.5FE9189B0163757B714F168C5891E4E5.e.217/text HTTP/1.1
Cache-Control: no-cache
User-Agent: selenium/4.12.0 (java windows)
Content-Type: application/json; charset=utf-8
host: localhost:9941
accept: */*

Response DefaultHttpResponse(decodeResult: success, version: HTTP/1.1)
HTTP/1.1 200 OK
Content-Length: 23
Content-Type: application/json; charset=utf-8
cache-control: no-cache

20:16:07.395 [AsyncHttpClient-1-14] DEBUG org.asynchttpclient.netty.channel.ChannelManager - Adding key: http://localhost:9941 for channel [id: 0x66e76fbe, L:/127.0.0.1:63406 - R:localhost/127.0.0.1:9941]
actual name: Wa_Const
20:16:07.396 [Forwarding findElement on session 7c6fb0e600dfe3dd7c5e1cff269d3a6c to remote] DEBUG org.asynchttpclient.netty.request.NettyRequestSender - Using pooled Channel '[id: 0x66e76fbe, L:/127.0.0.1:63406 - R:localhost/127.0.0.1:9941]' for 'POST' to 'http://localhost:9941/session/7c6fb0e600dfe3dd7c5e1cff269d3a6c/element'
20:16:07.396 [Forwarding findElement on session 7c6fb0e600dfe3dd7c5e1cff269d3a6c to remote] DEBUG org.asynchttpclient.netty.request.NettyRequestSender - Using open Channel [id: 0x66e76fbe, L:/127.0.0.1:63406 - R:localhost/127.0.0.1:9941] for POST '/session/7c6fb0e600dfe3dd7c5e1cff269d3a6c/element'
20:16:07.403 [AsyncHttpClient-1-14] DEBUG org.asynchttpclient.netty.handler.HttpHandler - 

Request DefaultHttpRequest(decodeResult: success, version: HTTP/1.1)
POST /session/7c6fb0e600dfe3dd7c5e1cff269d3a6c/element HTTP/1.1
User-Agent: selenium/4.12.0 (java windows)
Content-Length: 199
Content-Type: application/json; charset=utf-8
host: localhost:9941
accept: */*

Response DefaultHttpResponse(decodeResult: success, version: HTTP/1.1)
HTTP/1.1 200 OK
Content-Length: 127
Content-Type: application/json; charset=utf-8
cache-control: no-cache

20:16:07.403 [AsyncHttpClient-1-14] DEBUG org.asynchttpclient.netty.channel.ChannelManager - Adding key: http://localhost:9941 for channel [id: 0x66e76fbe, L:/127.0.0.1:63406 - R:localhost/127.0.0.1:9941]
20:16:07.404 [Forwarding getElementText on session 7c6fb0e600dfe3dd7c5e1cff269d3a6c to remote] DEBUG org.asynchttpclient.netty.request.NettyRequestSender - Using pooled Channel '[id: 0x66e76fbe, L:/127.0.0.1:63406 - R:localhost/127.0.0.1:9941]' for 'GET' to 'http://localhost:9941/session/7c6fb0e600dfe3dd7c5e1cff269d3a6c/element/f.99EB50FD5A94E738947D898E72E4608D.d.5FE9189B0163757B714F168C5891E4E5.e.218/text'
20:16:07.404 [Forwarding getElementText on session 7c6fb0e600dfe3dd7c5e1cff269d3a6c to remote] DEBUG org.asynchttpclient.netty.request.NettyRequestSender - Using open Channel [id: 0x66e76fbe, L:/127.0.0.1:63406 - R:localhost/127.0.0.1:9941] for GET '/session/7c6fb0e600dfe3dd7c5e1cff269d3a6c/element/f.99EB50FD5A94E738947D898E72E4608D.d.5FE9189B0163757B714F168C5891E4E5.e.218/text'
20:16:07.411 [AsyncHttpClient-1-14] DEBUG org.asynchttpclient.netty.handler.HttpHandler - 

Request DefaultFullHttpRequest(decodeResult: success, version: HTTP/1.1, content: EmptyByteBufBE)
GET /session/7c6fb0e600dfe3dd7c5e1cff269d3a6c/element/f.99EB50FD5A94E738947D898E72E4608D.d.5FE9189B0163757B714F168C5891E4E5.e.218/text HTTP/1.1
Cache-Control: no-cache
User-Agent: selenium/4.12.0 (java windows)
Content-Type: application/json; charset=utf-8
host: localhost:9941
accept: */*

Response DefaultHttpResponse(decodeResult: success, version: HTTP/1.1)
HTTP/1.1 200 OK
Content-Length: 25
Content-Type: application/json; charset=utf-8
cache-control: no-cache

20:16:07.411 [AsyncHttpClient-1-14] DEBUG org.asynchttpclient.netty.channel.ChannelManager - Adding key: http://localhost:9941 for channel [id: 0x66e76fbe, L:/127.0.0.1:63406 - R:localhost/127.0.0.1:9941]
actual name: Rock_Steel
20:16:07.412 [Forwarding findElement on session 7c6fb0e600dfe3dd7c5e1cff269d3a6c to remote] DEBUG org.asynchttpclient.netty.request.NettyRequestSender - Using pooled Channel '[id: 0x66e76fbe, L:/127.0.0.1:63406 - R:localhost/127.0.0.1:9941]' for 'POST' to 'http://localhost:9941/session/7c6fb0e600dfe3dd7c5e1cff269d3a6c/element'
20:16:07.412 [Forwarding findElement on session 7c6fb0e600dfe3dd7c5e1cff269d3a6c to remote] DEBUG org.asynchttpclient.netty.request.NettyRequestSender - Using open Channel [id: 0x66e76fbe, L:/127.0.0.1:63406 - R:localhost/127.0.0.1:9941] for POST '/session/7c6fb0e600dfe3dd7c5e1cff269d3a6c/element'
20:16:07.443 [AsyncHttpClient-1-14] DEBUG org.asynchttpclient.netty.handler.HttpHandler - 

Request DefaultHttpRequest(decodeResult: success, version: HTTP/1.1)
POST /session/7c6fb0e600dfe3dd7c5e1cff269d3a6c/element HTTP/1.1
User-Agent: selenium/4.12.0 (java windows)
Content-Length: 199
Content-Type: application/json; charset=utf-8
host: localhost:9941
accept: */*

Response DefaultHttpResponse(decodeResult: success, version: HTTP/1.1)
HTTP/1.1 200 OK
Content-Length: 127
Content-Type: application/json; charset=utf-8
cache-control: no-cache

20:16:07.443 [AsyncHttpClient-1-14] DEBUG org.asynchttpclient.netty.channel.ChannelManager - Adding key: http://localhost:9941 for channel [id: 0x66e76fbe, L:/127.0.0.1:63406 - R:localhost/127.0.0.1:9941]
20:16:07.443 [Forwarding getElementText on session 7c6fb0e600dfe3dd7c5e1cff269d3a6c to remote] DEBUG org.asynchttpclient.netty.request.NettyRequestSender - Using pooled Channel '[id: 0x66e76fbe, L:/127.0.0.1:63406 - R:localhost/127.0.0.1:9941]' for 'GET' to 'http://localhost:9941/session/7c6fb0e600dfe3dd7c5e1cff269d3a6c/element/f.99EB50FD5A94E738947D898E72E4608D.d.5FE9189B0163757B714F168C5891E4E5.e.219/text'
20:16:07.443 [Forwarding getElementText on session 7c6fb0e600dfe3dd7c5e1cff269d3a6c to remote] DEBUG org.asynchttpclient.netty.request.NettyRequestSender - Using open Channel [id: 0x66e76fbe, L:/127.0.0.1:63406 - R:localhost/127.0.0.1:9941] for GET '/session/7c6fb0e600dfe3dd7c5e1cff269d3a6c/element/f.99EB50FD5A94E738947D898E72E4608D.d.5FE9189B0163757B714F168C5891E4E5.e.219/text'
20:16:07.450 [AsyncHttpClient-1-14] DEBUG org.asynchttpclient.netty.handler.HttpHandler - 

Request DefaultFullHttpRequest(decodeResult: success, version: HTTP/1.1, content: EmptyByteBufBE)
GET /session/7c6fb0e600dfe3dd7c5e1cff269d3a6c/element/f.99EB50FD5A94E738947D898E72E4608D.d.5FE9189B0163757B714F168C5891E4E5.e.219/text HTTP/1.1
Cache-Control: no-cache
User-Agent: selenium/4.12.0 (java windows)
Content-Type: application/json; charset=utf-8
host: localhost:9941
accept: */*

Response DefaultHttpResponse(decodeResult: success, version: HTTP/1.1)
HTTP/1.1 200 OK
Content-Length: 22
Content-Type: application/json; charset=utf-8
cache-control: no-cache

20:16:07.450 [AsyncHttpClient-1-14] DEBUG org.asynchttpclient.netty.channel.ChannelManager - Adding key: http://localhost:9941 for channel [id: 0x66e76fbe, L:/127.0.0.1:63406 - R:localhost/127.0.0.1:9941]
actual name: Walmart
20:16:07.451 [Forwarding findElement on session 7c6fb0e600dfe3dd7c5e1cff269d3a6c to remote] DEBUG org.asynchttpclient.netty.request.NettyRequestSender - Using pooled Channel '[id: 0x66e76fbe, L:/127.0.0.1:63406 - R:localhost/127.0.0.1:9941]' for 'POST' to 'http://localhost:9941/session/7c6fb0e600dfe3dd7c5e1cff269d3a6c/element'
20:16:07.451 [Forwarding findElement on session 7c6fb0e600dfe3dd7c5e1cff269d3a6c to remote] DEBUG org.asynchttpclient.netty.request.NettyRequestSender - Using open Channel [id: 0x66e76fbe, L:/127.0.0.1:63406 - R:localhost/127.0.0.1:9941] for POST '/session/7c6fb0e600dfe3dd7c5e1cff269d3a6c/element'
20:16:07.457 [AsyncHttpClient-1-14] DEBUG org.asynchttpclient.netty.handler.HttpHandler - 

Request DefaultHttpRequest(decodeResult: success, version: HTTP/1.1)
POST /session/7c6fb0e600dfe3dd7c5e1cff269d3a6c/element HTTP/1.1
User-Agent: selenium/4.12.0 (java windows)
Content-Length: 199
Content-Type: application/json; charset=utf-8
host: localhost:9941
accept: */*

Response DefaultHttpResponse(decodeResult: success, version: HTTP/1.1)
HTTP/1.1 200 OK
Content-Length: 127
Content-Type: application/json; charset=utf-8
cache-control: no-cache

20:16:07.457 [AsyncHttpClient-1-14] DEBUG org.asynchttpclient.netty.channel.ChannelManager - Adding key: http://localhost:9941 for channel [id: 0x66e76fbe, L:/127.0.0.1:63406 - R:localhost/127.0.0.1:9941]
20:16:07.458 [Forwarding getElementText on session 7c6fb0e600dfe3dd7c5e1cff269d3a6c to remote] DEBUG org.asynchttpclient.netty.request.NettyRequestSender - Using pooled Channel '[id: 0x66e76fbe, L:/127.0.0.1:63406 - R:localhost/127.0.0.1:9941]' for 'GET' to 'http://localhost:9941/session/7c6fb0e600dfe3dd7c5e1cff269d3a6c/element/f.99EB50FD5A94E738947D898E72E4608D.d.5FE9189B0163757B714F168C5891E4E5.e.220/text'
20:16:07.458 [Forwarding getElementText on session 7c6fb0e600dfe3dd7c5e1cff269d3a6c to remote] DEBUG org.asynchttpclient.netty.request.NettyRequestSender - Using open Channel [id: 0x66e76fbe, L:/127.0.0.1:63406 - R:localhost/127.0.0.1:9941] for GET '/session/7c6fb0e600dfe3dd7c5e1cff269d3a6c/element/f.99EB50FD5A94E738947D898E72E4608D.d.5FE9189B0163757B714F168C5891E4E5.e.220/text'
20:16:07.462 [AsyncHttpClient-1-14] DEBUG org.asynchttpclient.netty.handler.HttpHandler - 

Request DefaultFullHttpRequest(decodeResult: success, version: HTTP/1.1, content: EmptyByteBufBE)
GET /session/7c6fb0e600dfe3dd7c5e1cff269d3a6c/element/f.99EB50FD5A94E738947D898E72E4608D.d.5FE9189B0163757B714F168C5891E4E5.e.220/text HTTP/1.1
Cache-Control: no-cache
User-Agent: selenium/4.12.0 (java windows)
Content-Type: application/json; charset=utf-8
host: localhost:9941
accept: */*

Response DefaultHttpResponse(decodeResult: success, version: HTTP/1.1)
HTTP/1.1 200 OK
Content-Length: 23
Content-Type: application/json; charset=utf-8
cache-control: no-cache

20:16:07.462 [AsyncHttpClient-1-14] DEBUG org.asynchttpclient.netty.channel.ChannelManager - Adding key: http://localhost:9941 for channel [id: 0x66e76fbe, L:/127.0.0.1:63406 - R:localhost/127.0.0.1:9941]
actual name: Rj_Steel
20:16:07.462 [Forwarding findElement on session 7c6fb0e600dfe3dd7c5e1cff269d3a6c to remote] DEBUG org.asynchttpclient.netty.request.NettyRequestSender - Using pooled Channel '[id: 0x66e76fbe, L:/127.0.0.1:63406 - R:localhost/127.0.0.1:9941]' for 'POST' to 'http://localhost:9941/session/7c6fb0e600dfe3dd7c5e1cff269d3a6c/element'
20:16:07.462 [Forwarding findElement on session 7c6fb0e600dfe3dd7c5e1cff269d3a6c to remote] DEBUG org.asynchttpclient.netty.request.NettyRequestSender - Using open Channel [id: 0x66e76fbe, L:/127.0.0.1:63406 - R:localhost/127.0.0.1:9941] for POST '/session/7c6fb0e600dfe3dd7c5e1cff269d3a6c/element'
20:16:07.469 [AsyncHttpClient-1-14] DEBUG org.asynchttpclient.netty.handler.HttpHandler - 

Request DefaultHttpRequest(decodeResult: success, version: HTTP/1.1)
POST /session/7c6fb0e600dfe3dd7c5e1cff269d3a6c/element HTTP/1.1
User-Agent: selenium/4.12.0 (java windows)
Content-Length: 199
Content-Type: application/json; charset=utf-8
host: localhost:9941
accept: */*

Response DefaultHttpResponse(decodeResult: success, version: HTTP/1.1)
HTTP/1.1 200 OK
Content-Length: 127
Content-Type: application/json; charset=utf-8
cache-control: no-cache

20:16:07.469 [AsyncHttpClient-1-14] DEBUG org.asynchttpclient.netty.channel.ChannelManager - Adding key: http://localhost:9941 for channel [id: 0x66e76fbe, L:/127.0.0.1:63406 - R:localhost/127.0.0.1:9941]
20:16:07.469 [Forwarding getElementText on session 7c6fb0e600dfe3dd7c5e1cff269d3a6c to remote] DEBUG org.asynchttpclient.netty.request.NettyRequestSender - Using pooled Channel '[id: 0x66e76fbe, L:/127.0.0.1:63406 - R:localhost/127.0.0.1:9941]' for 'GET' to 'http://localhost:9941/session/7c6fb0e600dfe3dd7c5e1cff269d3a6c/element/f.99EB50FD5A94E738947D898E72E4608D.d.5FE9189B0163757B714F168C5891E4E5.e.221/text'
20:16:07.470 [Forwarding getElementText on session 7c6fb0e600dfe3dd7c5e1cff269d3a6c to remote] DEBUG org.asynchttpclient.netty.request.NettyRequestSender - Using open Channel [id: 0x66e76fbe, L:/127.0.0.1:63406 - R:localhost/127.0.0.1:9941] for GET '/session/7c6fb0e600dfe3dd7c5e1cff269d3a6c/element/f.99EB50FD5A94E738947D898E72E4608D.d.5FE9189B0163757B714F168C5891E4E5.e.221/text'
20:16:07.474 [AsyncHttpClient-1-14] DEBUG org.asynchttpclient.netty.handler.HttpHandler - 

Request DefaultFullHttpRequest(decodeResult: success, version: HTTP/1.1, content: EmptyByteBufBE)
GET /session/7c6fb0e600dfe3dd7c5e1cff269d3a6c/element/f.99EB50FD5A94E738947D898E72E4608D.d.5FE9189B0163757B714F168C5891E4E5.e.221/text HTTP/1.1
Cache-Control: no-cache
User-Agent: selenium/4.12.0 (java windows)
Content-Type: application/json; charset=utf-8
host: localhost:9941
accept: */*

Response DefaultHttpResponse(decodeResult: success, version: HTTP/1.1)
HTTP/1.1 200 OK
Content-Length: 25
Content-Type: application/json; charset=utf-8
cache-control: no-cache

20:16:07.474 [AsyncHttpClient-1-14] DEBUG org.asynchttpclient.netty.channel.ChannelManager - Adding key: http://localhost:9941 for channel [id: 0x66e76fbe, L:/127.0.0.1:63406 - R:localhost/127.0.0.1:9941]
actual name: Rock_Steel
20:16:07.476 [Forwarding findElement on session 7c6fb0e600dfe3dd7c5e1cff269d3a6c to remote] DEBUG org.asynchttpclient.netty.request.NettyRequestSender - Using pooled Channel '[id: 0x66e76fbe, L:/127.0.0.1:63406 - R:localhost/127.0.0.1:9941]' for 'POST' to 'http://localhost:9941/session/7c6fb0e600dfe3dd7c5e1cff269d3a6c/element'
20:16:07.476 [Forwarding findElement on session 7c6fb0e600dfe3dd7c5e1cff269d3a6c to remote] DEBUG org.asynchttpclient.netty.request.NettyRequestSender - Using open Channel [id: 0x66e76fbe, L:/127.0.0.1:63406 - R:localhost/127.0.0.1:9941] for POST '/session/7c6fb0e600dfe3dd7c5e1cff269d3a6c/element'
20:16:07.486 [AsyncHttpClient-1-14] DEBUG org.asynchttpclient.netty.handler.HttpHandler - 

Request DefaultHttpRequest(decodeResult: success, version: HTTP/1.1)
POST /session/7c6fb0e600dfe3dd7c5e1cff269d3a6c/element HTTP/1.1
User-Agent: selenium/4.12.0 (java windows)
Content-Length: 199
Content-Type: application/json; charset=utf-8
host: localhost:9941
accept: */*

Response DefaultHttpResponse(decodeResult: success, version: HTTP/1.1)
HTTP/1.1 200 OK
Content-Length: 127
Content-Type: application/json; charset=utf-8
cache-control: no-cache

20:16:07.486 [AsyncHttpClient-1-14] DEBUG org.asynchttpclient.netty.channel.ChannelManager - Adding key: http://localhost:9941 for channel [id: 0x66e76fbe, L:/127.0.0.1:63406 - R:localhost/127.0.0.1:9941]
20:16:07.487 [Forwarding getElementText on session 7c6fb0e600dfe3dd7c5e1cff269d3a6c to remote] DEBUG org.asynchttpclient.netty.request.NettyRequestSender - Using pooled Channel '[id: 0x66e76fbe, L:/127.0.0.1:63406 - R:localhost/127.0.0.1:9941]' for 'GET' to 'http://localhost:9941/session/7c6fb0e600dfe3dd7c5e1cff269d3a6c/element/f.99EB50FD5A94E738947D898E72E4608D.d.5FE9189B0163757B714F168C5891E4E5.e.222/text'
20:16:07.487 [Forwarding getElementText on session 7c6fb0e600dfe3dd7c5e1cff269d3a6c to remote] DEBUG org.asynchttpclient.netty.request.NettyRequestSender - Using open Channel [id: 0x66e76fbe, L:/127.0.0.1:63406 - R:localhost/127.0.0.1:9941] for GET '/session/7c6fb0e600dfe3dd7c5e1cff269d3a6c/element/f.99EB50FD5A94E738947D898E72E4608D.d.5FE9189B0163757B714F168C5891E4E5.e.222/text'
20:16:07.491 [AsyncHttpClient-1-14] DEBUG org.asynchttpclient.netty.handler.HttpHandler - 

Request DefaultFullHttpRequest(decodeResult: success, version: HTTP/1.1, content: EmptyByteBufBE)
GET /session/7c6fb0e600dfe3dd7c5e1cff269d3a6c/element/f.99EB50FD5A94E738947D898E72E4608D.d.5FE9189B0163757B714F168C5891E4E5.e.222/text HTTP/1.1
Cache-Control: no-cache
User-Agent: selenium/4.12.0 (java windows)
Content-Type: application/json; charset=utf-8
host: localhost:9941
accept: */*

Response DefaultHttpResponse(decodeResult: success, version: HTTP/1.1)
HTTP/1.1 200 OK
Content-Length: 22
Content-Type: application/json; charset=utf-8
cache-control: no-cache

20:16:07.491 [AsyncHttpClient-1-14] DEBUG org.asynchttpclient.netty.channel.ChannelManager - Adding key: http://localhost:9941 for channel [id: 0x66e76fbe, L:/127.0.0.1:63406 - R:localhost/127.0.0.1:9941]
actual name: Walmart
Company Not created 
  Then customer successsfully added                                        # StepDefination.Customer_onboarding.customer_successsfully_added()
20:16:07.492 [AsyncHttpClient-1-16] DEBUG org.asynchttpclient.netty.handler.WebSocketHandler - Channel Closed: [id: 0xec69c1cd, L:/127.0.0.1:63414 ! R:localhost/127.0.0.1:63407] with attribute DISCARD
20:16:07.493 [Driver Command Executor] DEBUG org.asynchttpclient.netty.request.NettyRequestSender - Using pooled Channel '[id: 0x66e76fbe, L:/127.0.0.1:63406 - R:localhost/127.0.0.1:9941]' for 'DELETE' to 'http://localhost:9941/session/7c6fb0e600dfe3dd7c5e1cff269d3a6c'
20:16:07.493 [Driver Command Executor] DEBUG org.asynchttpclient.netty.request.NettyRequestSender - Using open Channel [id: 0x66e76fbe, L:/127.0.0.1:63406 - R:localhost/127.0.0.1:9941] for DELETE '/session/7c6fb0e600dfe3dd7c5e1cff269d3a6c'
20:16:07.527 [AsyncHttpClient-1-15] DEBUG org.asynchttpclient.netty.handler.HttpHandler - Unexpected I/O exception on channel [id: 0xf494738a, L:/127.0.0.1:63413 - R:localhost/127.0.0.1:63407]
java.net.SocketException: Connection reset
	at java.base/sun.nio.ch.SocketChannelImpl.throwConnectionReset(SocketChannelImpl.java:394)
	at java.base/sun.nio.ch.SocketChannelImpl.read(SocketChannelImpl.java:426)
	at io.netty.buffer.PooledByteBuf.setBytes(PooledByteBuf.java:254)
	at io.netty.buffer.AbstractByteBuf.writeBytes(AbstractByteBuf.java:1132)
	at io.netty.channel.socket.nio.NioSocketChannel.doReadBytes(NioSocketChannel.java:357)
	at io.netty.channel.nio.AbstractNioByteChannel$NioByteUnsafe.read(AbstractNioByteChannel.java:151)
	at io.netty.channel.nio.NioEventLoop.processSelectedKey(NioEventLoop.java:788)
	at io.netty.channel.nio.NioEventLoop.processSelectedKeysOptimized(NioEventLoop.java:724)
	at io.netty.channel.nio.NioEventLoop.processSelectedKeys(NioEventLoop.java:650)
	at io.netty.channel.nio.NioEventLoop.run(NioEventLoop.java:562)
	at io.netty.util.concurrent.SingleThreadEventExecutor$4.run(SingleThreadEventExecutor.java:997)
	at io.netty.util.internal.ThreadExecutorMap$2.run(ThreadExecutorMap.java:74)
	at io.netty.util.concurrent.FastThreadLocalRunnable.run(FastThreadLocalRunnable.java:30)
	at java.base/java.lang.Thread.run(Thread.java:840)
20:16:07.527 [AsyncHttpClient-1-15] DEBUG org.asynchttpclient.netty.channel.ChannelManager - Closing Channel [id: 0xf494738a, L:/127.0.0.1:63413 - R:localhost/127.0.0.1:63407] 
20:16:07.527 [AsyncHttpClient-1-15] DEBUG org.asynchttpclient.netty.handler.HttpHandler - Channel Closed: [id: 0xf494738a, L:/127.0.0.1:63413 ! R:localhost/127.0.0.1:63407] with attribute DISCARD
20:16:07.558 [AsyncHttpClient-1-14] DEBUG org.asynchttpclient.netty.handler.HttpHandler - 

Request DefaultFullHttpRequest(decodeResult: success, version: HTTP/1.1, content: EmptyByteBufBE)
DELETE /session/7c6fb0e600dfe3dd7c5e1cff269d3a6c HTTP/1.1
User-Agent: selenium/4.12.0 (java windows)
Content-Type: application/json; charset=utf-8
host: localhost:9941
accept: */*

Response DefaultHttpResponse(decodeResult: success, version: HTTP/1.1)
HTTP/1.1 200 OK
Content-Length: 14
Content-Type: application/json; charset=utf-8
cache-control: no-cache

20:16:07.558 [AsyncHttpClient-1-14] DEBUG org.asynchttpclient.netty.channel.ChannelManager - Adding key: http://localhost:9941 for channel [id: 0x66e76fbe, L:/127.0.0.1:63406 - R:localhost/127.0.0.1:9941]
20:16:07.935 [AsyncHttpClient-1-1] DEBUG org.asynchttpclient.netty.channel.DefaultChannelPool - Entry count for : http://localhost:9941 : 1
20:16:07.935 [AsyncHttpClient-1-1] DEBUG org.asynchttpclient.netty.channel.DefaultChannelPool - Entry count for : http://localhost:63407 : 1
20:16:07.935 [AsyncHttpClient-1-1] DEBUG org.asynchttpclient.netty.channel.DefaultChannelPool - Adding Candidate expired Channel [id: 0xf494738a, L:/127.0.0.1:63413 ! R:localhost/127.0.0.1:63407] isIdleTimeoutExpired=false isRemotelyClosed=true isTtlExpired=false
20:16:07.935 [AsyncHttpClient-1-1] DEBUG org.asynchttpclient.netty.channel.DefaultChannelPool - Closing Idle Channel [id: 0xf494738a, L:/127.0.0.1:63413 ! R:localhost/127.0.0.1:63407]
20:16:07.935 [AsyncHttpClient-1-1] DEBUG org.asynchttpclient.netty.channel.DefaultChannelPool - Closed 1 connections out of 2 in 0 ms
20:16:07.983 [AsyncHttpClient-1-14] DEBUG org.asynchttpclient.netty.handler.HttpHandler - Channel Closed: [id: 0x66e76fbe, L:/127.0.0.1:63406 ! R:localhost/127.0.0.1:9941] with attribute DISCARD
  And Close_Window                                                         # StepDefination.Customer_onboarding.close_window()
      java.lang.NullPointerException: Cannot invoke "org.openqa.selenium.WebDriver.quit()" because "this.Idriver" is null
	at PageObjects.Base_class.close_window(Base_class.java:52)
	at StepDefination.Signin.close_window(Signin.java:119)
	at StepDefination.My_Load.AfterAll(My_Load.java:144)

]]></system-out>
    <system-err><![CDATA[Jan 18, 2025 8:15:29 PM org.openqa.selenium.devtools.CdpVersionFinder findNearestMatch
WARNING: Unable to find CDP implementation matching 131
Jan 18, 2025 8:15:29 PM org.openqa.selenium.chromium.ChromiumDriver lambda$new$5
WARNING: Unable to find version of CDP to use for 131.0.6778.265. You may need to include a dependency on a specific version of the CDP using something similar to `org.seleniumhq.selenium:selenium-devtools-v86:4.12.0` where the version ("v86") matches the version of the chromium-based browser you're using and the version number of the artifact is the same as Selenium's.
]]></system-err>
  </testcase>
  <testcase name="Add single customer with company name and address" classname="Customer Onboarding form for Broker" time="21.283">
    <error message="Cannot invoke &quot;org.openqa.selenium.WebDriver.quit()&quot; because &quot;this.Idriver&quot; is null" type="java.lang.NullPointerException"><![CDATA[java.lang.NullPointerException: Cannot invoke "org.openqa.selenium.WebDriver.quit()" because "this.Idriver" is null
	at PageObjects.Base_class.close_window(Base_class.java:52)
	at StepDefination.Signin.close_window(Signin.java:119)
	at StepDefination.My_Load.AfterAll(My_Load.java:144)
]]></error>
    <system-out><![CDATA[
Scenario Outline: Add single customer with company name and address # src/test/resources/Customers/Customer_form.feature:36
20:16:08.391 [AsyncHttpClient-1-17] DEBUG org.asynchttpclient.netty.channel.NettyConnectListener - Using new Channel '[id: 0x5880e72e, L:/127.0.0.1:63453 - R:localhost/127.0.0.1:35746]' for 'POST' to '/session'
20:16:09.036 [AsyncHttpClient-1-1] DEBUG org.asynchttpclient.netty.channel.DefaultChannelPool - Entry count for : http://localhost:9941 : 1
20:16:09.036 [AsyncHttpClient-1-1] DEBUG org.asynchttpclient.netty.channel.DefaultChannelPool - Adding Candidate expired Channel [id: 0x66e76fbe, L:/127.0.0.1:63406 ! R:localhost/127.0.0.1:9941] isIdleTimeoutExpired=false isRemotelyClosed=true isTtlExpired=false
20:16:09.036 [AsyncHttpClient-1-1] DEBUG org.asynchttpclient.netty.channel.DefaultChannelPool - Closing Idle Channel [id: 0x66e76fbe, L:/127.0.0.1:63406 ! R:localhost/127.0.0.1:9941]
20:16:09.036 [AsyncHttpClient-1-1] DEBUG org.asynchttpclient.netty.channel.DefaultChannelPool - Closed 1 connections out of 1 in 0 ms
20:16:09.136 [AsyncHttpClient-1-17] DEBUG org.asynchttpclient.netty.handler.HttpHandler - 

Request DefaultHttpRequest(decodeResult: success, version: HTTP/1.1)
POST /session HTTP/1.1
User-Agent: selenium/4.12.0 (java windows)
Content-Length: 254
Content-Type: application/json; charset=utf-8
host: localhost:35746
accept: */*

Response DefaultHttpResponse(decodeResult: success, version: HTTP/1.1)
HTTP/1.1 200 OK
Content-Length: 887
Content-Type: application/json; charset=utf-8
cache-control: no-cache

20:16:09.136 [AsyncHttpClient-1-17] DEBUG org.asynchttpclient.netty.channel.ChannelManager - Adding key: http://localhost:35746 for channel [id: 0x5880e72e, L:/127.0.0.1:63453 - R:localhost/127.0.0.1:35746]
20:16:09.149 [AsyncHttpClient-1-18] DEBUG org.asynchttpclient.netty.channel.NettyConnectListener - Using new Channel '[id: 0x03a7a094, L:/127.0.0.1:63460 - R:localhost/127.0.0.1:63454]' for 'GET' to '/json/version'
20:16:09.150 [AsyncHttpClient-1-18] DEBUG org.asynchttpclient.netty.handler.HttpHandler - 

Request DefaultFullHttpRequest(decodeResult: success, version: HTTP/1.1, content: EmptyByteBufBE)
GET /json/version HTTP/1.1
User-Agent: selenium/4.12.0 (java windows)
host: localhost:63454
accept: */*

Response DefaultHttpResponse(decodeResult: success, version: HTTP/1.1)
HTTP/1.1 200 OK
Content-Security-Policy: frame-ancestors 'none'
Content-Length: 424
Content-Type: application/json; charset=UTF-8

20:16:09.150 [AsyncHttpClient-1-18] DEBUG org.asynchttpclient.netty.channel.ChannelManager - Adding key: http://localhost:63454 for channel [id: 0x03a7a094, L:/127.0.0.1:63460 - R:localhost/127.0.0.1:63454]
20:16:09.155 [AsyncHttpClient-1-19] DEBUG org.asynchttpclient.netty.channel.NettyConnectListener - Using new Channel '[id: 0x9d152076, L:/127.0.0.1:63461 - R:localhost/127.0.0.1:63454]' for 'GET' to '/devtools/browser/8721b23d-dc5a-49a8-903d-d0f734c35a19'
20:16:09.155 [AsyncHttpClient-1-19] DEBUG org.asynchttpclient.netty.handler.WebSocketHandler - 

Request DefaultFullHttpRequest(decodeResult: success, version: HTTP/1.1, content: EmptyByteBufBE)
GET /devtools/browser/8721b23d-dc5a-49a8-903d-d0f734c35a19 HTTP/1.1
upgrade: websocket
connection: upgrade
sec-websocket-key: TBP5aOpIkkDW3xrLIgDqUQ==
sec-websocket-version: 13
origin: http://localhost:63454
host: localhost:63454
accept: */*
user-agent: AHC/2.1

Response DefaultHttpResponse(decodeResult: success, version: HTTP/1.1)
HTTP/1.1 101 WebSocket Protocol Handshake
Upgrade: WebSocket
Connection: Upgrade
Sec-WebSocket-Accept: cr5h7Jmv8QprLLIDaAlehH7nVGI=

20:16:09.163 [Forwarding get on session 3329aa6b765f309066bc8dd02191d6ff to remote] DEBUG org.asynchttpclient.netty.request.NettyRequestSender - Using pooled Channel '[id: 0x5880e72e, L:/127.0.0.1:63453 - R:localhost/127.0.0.1:35746]' for 'POST' to 'http://localhost:35746/session/3329aa6b765f309066bc8dd02191d6ff/url'
20:16:09.163 [Forwarding get on session 3329aa6b765f309066bc8dd02191d6ff to remote] DEBUG org.asynchttpclient.netty.request.NettyRequestSender - Using open Channel [id: 0x5880e72e, L:/127.0.0.1:63453 - R:localhost/127.0.0.1:35746] for POST '/session/3329aa6b765f309066bc8dd02191d6ff/url'
20:16:10.126 [AsyncHttpClient-1-1] DEBUG org.asynchttpclient.netty.channel.DefaultChannelPool - Entry count for : http://localhost:63454 : 1
20:16:10.681 [AsyncHttpClient-1-17] DEBUG org.asynchttpclient.netty.handler.HttpHandler - 

Request DefaultHttpRequest(decodeResult: success, version: HTTP/1.1)
POST /session/3329aa6b765f309066bc8dd02191d6ff/url HTTP/1.1
User-Agent: selenium/4.12.0 (java windows)
Content-Length: 92
Content-Type: application/json; charset=utf-8
host: localhost:35746
accept: */*

Response DefaultHttpResponse(decodeResult: success, version: HTTP/1.1)
HTTP/1.1 200 OK
Content-Length: 14
Content-Type: application/json; charset=utf-8
cache-control: no-cache

20:16:10.681 [AsyncHttpClient-1-17] DEBUG org.asynchttpclient.netty.channel.ChannelManager - Adding key: http://localhost:35746 for channel [id: 0x5880e72e, L:/127.0.0.1:63453 - R:localhost/127.0.0.1:35746]
20:16:10.681 [Forwarding maximizeCurrentWindow on session 3329aa6b765f309066bc8dd02191d6ff to remote] DEBUG org.asynchttpclient.netty.request.NettyRequestSender - Using pooled Channel '[id: 0x5880e72e, L:/127.0.0.1:63453 - R:localhost/127.0.0.1:35746]' for 'POST' to 'http://localhost:35746/session/3329aa6b765f309066bc8dd02191d6ff/window/maximize'
20:16:10.681 [Forwarding maximizeCurrentWindow on session 3329aa6b765f309066bc8dd02191d6ff to remote] DEBUG org.asynchttpclient.netty.request.NettyRequestSender - Using open Channel [id: 0x5880e72e, L:/127.0.0.1:63453 - R:localhost/127.0.0.1:35746] for POST '/session/3329aa6b765f309066bc8dd02191d6ff/window/maximize'
20:16:10.700 [AsyncHttpClient-1-17] DEBUG org.asynchttpclient.netty.handler.HttpHandler - 

Request DefaultHttpRequest(decodeResult: success, version: HTTP/1.1)
POST /session/3329aa6b765f309066bc8dd02191d6ff/window/maximize HTTP/1.1
User-Agent: selenium/4.12.0 (java windows)
Content-Length: 3
Content-Type: application/json; charset=utf-8
host: localhost:35746
accept: */*

Response DefaultHttpResponse(decodeResult: success, version: HTTP/1.1)
HTTP/1.1 200 OK
Content-Length: 51
Content-Type: application/json; charset=utf-8
cache-control: no-cache

20:16:10.700 [AsyncHttpClient-1-17] DEBUG org.asynchttpclient.netty.channel.ChannelManager - Adding key: http://localhost:35746 for channel [id: 0x5880e72e, L:/127.0.0.1:63453 - R:localhost/127.0.0.1:35746]
20:16:10.700 [Forwarding findElement on session 3329aa6b765f309066bc8dd02191d6ff to remote] DEBUG org.asynchttpclient.netty.request.NettyRequestSender - Using pooled Channel '[id: 0x5880e72e, L:/127.0.0.1:63453 - R:localhost/127.0.0.1:35746]' for 'POST' to 'http://localhost:35746/session/3329aa6b765f309066bc8dd02191d6ff/element'
20:16:10.700 [Forwarding findElement on session 3329aa6b765f309066bc8dd02191d6ff to remote] DEBUG org.asynchttpclient.netty.request.NettyRequestSender - Using open Channel [id: 0x5880e72e, L:/127.0.0.1:63453 - R:localhost/127.0.0.1:35746] for POST '/session/3329aa6b765f309066bc8dd02191d6ff/element'
20:16:10.715 [AsyncHttpClient-1-17] DEBUG org.asynchttpclient.netty.handler.HttpHandler - 

Request DefaultHttpRequest(decodeResult: success, version: HTTP/1.1)
POST /session/3329aa6b765f309066bc8dd02191d6ff/element HTTP/1.1
User-Agent: selenium/4.12.0 (java windows)
Content-Length: 69
Content-Type: application/json; charset=utf-8
host: localhost:35746
accept: */*

Response DefaultHttpResponse(decodeResult: success, version: HTTP/1.1)
HTTP/1.1 200 OK
Content-Length: 125
Content-Type: application/json; charset=utf-8
cache-control: no-cache

20:16:10.715 [AsyncHttpClient-1-17] DEBUG org.asynchttpclient.netty.channel.ChannelManager - Adding key: http://localhost:35746 for channel [id: 0x5880e72e, L:/127.0.0.1:63453 - R:localhost/127.0.0.1:35746]
20:16:10.715 [Forwarding sendKeysToElement on session 3329aa6b765f309066bc8dd02191d6ff to remote] DEBUG org.asynchttpclient.netty.request.NettyRequestSender - Using pooled Channel '[id: 0x5880e72e, L:/127.0.0.1:63453 - R:localhost/127.0.0.1:35746]' for 'POST' to 'http://localhost:35746/session/3329aa6b765f309066bc8dd02191d6ff/element/f.B2870DF7316A537857E9721FD09A3092.d.9CBB8B3B133B603217FAE47986039762.e.4/value'
20:16:10.715 [Forwarding sendKeysToElement on session 3329aa6b765f309066bc8dd02191d6ff to remote] DEBUG org.asynchttpclient.netty.request.NettyRequestSender - Using open Channel [id: 0x5880e72e, L:/127.0.0.1:63453 - R:localhost/127.0.0.1:35746] for POST '/session/3329aa6b765f309066bc8dd02191d6ff/element/f.B2870DF7316A537857E9721FD09A3092.d.9CBB8B3B133B603217FAE47986039762.e.4/value'
20:16:10.819 [AsyncHttpClient-1-17] DEBUG org.asynchttpclient.netty.handler.HttpHandler - 

Request DefaultHttpRequest(decodeResult: success, version: HTTP/1.1)
POST /session/3329aa6b765f309066bc8dd02191d6ff/element/f.B2870DF7316A537857E9721FD09A3092.d.9CBB8B3B133B603217FAE47986039762.e.4/value HTTP/1.1
User-Agent: selenium/4.12.0 (java windows)
Content-Length: 338
Content-Type: application/json; charset=utf-8
host: localhost:35746
accept: */*

Response DefaultHttpResponse(decodeResult: success, version: HTTP/1.1)
HTTP/1.1 200 OK
Content-Length: 14
Content-Type: application/json; charset=utf-8
cache-control: no-cache

20:16:10.819 [AsyncHttpClient-1-17] DEBUG org.asynchttpclient.netty.channel.ChannelManager - Adding key: http://localhost:35746 for channel [id: 0x5880e72e, L:/127.0.0.1:63453 - R:localhost/127.0.0.1:35746]
20:16:10.820 [Forwarding findElement on session 3329aa6b765f309066bc8dd02191d6ff to remote] DEBUG org.asynchttpclient.netty.request.NettyRequestSender - Using pooled Channel '[id: 0x5880e72e, L:/127.0.0.1:63453 - R:localhost/127.0.0.1:35746]' for 'POST' to 'http://localhost:35746/session/3329aa6b765f309066bc8dd02191d6ff/element'
20:16:10.820 [Forwarding findElement on session 3329aa6b765f309066bc8dd02191d6ff to remote] DEBUG org.asynchttpclient.netty.request.NettyRequestSender - Using open Channel [id: 0x5880e72e, L:/127.0.0.1:63453 - R:localhost/127.0.0.1:35746] for POST '/session/3329aa6b765f309066bc8dd02191d6ff/element'
20:16:10.826 [AsyncHttpClient-1-17] DEBUG org.asynchttpclient.netty.handler.HttpHandler - 

Request DefaultHttpRequest(decodeResult: success, version: HTTP/1.1)
POST /session/3329aa6b765f309066bc8dd02191d6ff/element HTTP/1.1
User-Agent: selenium/4.12.0 (java windows)
Content-Length: 72
Content-Type: application/json; charset=utf-8
host: localhost:35746
accept: */*

Response DefaultHttpResponse(decodeResult: success, version: HTTP/1.1)
HTTP/1.1 200 OK
Content-Length: 125
Content-Type: application/json; charset=utf-8
cache-control: no-cache

20:16:10.826 [AsyncHttpClient-1-17] DEBUG org.asynchttpclient.netty.channel.ChannelManager - Adding key: http://localhost:35746 for channel [id: 0x5880e72e, L:/127.0.0.1:63453 - R:localhost/127.0.0.1:35746]
20:16:10.826 [Forwarding sendKeysToElement on session 3329aa6b765f309066bc8dd02191d6ff to remote] DEBUG org.asynchttpclient.netty.request.NettyRequestSender - Using pooled Channel '[id: 0x5880e72e, L:/127.0.0.1:63453 - R:localhost/127.0.0.1:35746]' for 'POST' to 'http://localhost:35746/session/3329aa6b765f309066bc8dd02191d6ff/element/f.B2870DF7316A537857E9721FD09A3092.d.9CBB8B3B133B603217FAE47986039762.e.6/value'
20:16:10.826 [Forwarding sendKeysToElement on session 3329aa6b765f309066bc8dd02191d6ff to remote] DEBUG org.asynchttpclient.netty.request.NettyRequestSender - Using open Channel [id: 0x5880e72e, L:/127.0.0.1:63453 - R:localhost/127.0.0.1:35746] for POST '/session/3329aa6b765f309066bc8dd02191d6ff/element/f.B2870DF7316A537857E9721FD09A3092.d.9CBB8B3B133B603217FAE47986039762.e.6/value'
20:16:10.886 [AsyncHttpClient-1-17] DEBUG org.asynchttpclient.netty.handler.HttpHandler - 

Request DefaultHttpRequest(decodeResult: success, version: HTTP/1.1)
POST /session/3329aa6b765f309066bc8dd02191d6ff/element/f.B2870DF7316A537857E9721FD09A3092.d.9CBB8B3B133B603217FAE47986039762.e.6/value HTTP/1.1
User-Agent: selenium/4.12.0 (java windows)
Content-Length: 208
Content-Type: application/json; charset=utf-8
host: localhost:35746
accept: */*

Response DefaultHttpResponse(decodeResult: success, version: HTTP/1.1)
HTTP/1.1 200 OK
Content-Length: 14
Content-Type: application/json; charset=utf-8
cache-control: no-cache

20:16:10.886 [AsyncHttpClient-1-17] DEBUG org.asynchttpclient.netty.channel.ChannelManager - Adding key: http://localhost:35746 for channel [id: 0x5880e72e, L:/127.0.0.1:63453 - R:localhost/127.0.0.1:35746]
20:16:10.886 [Forwarding findElement on session 3329aa6b765f309066bc8dd02191d6ff to remote] DEBUG org.asynchttpclient.netty.request.NettyRequestSender - Using pooled Channel '[id: 0x5880e72e, L:/127.0.0.1:63453 - R:localhost/127.0.0.1:35746]' for 'POST' to 'http://localhost:35746/session/3329aa6b765f309066bc8dd02191d6ff/element'
20:16:10.886 [Forwarding findElement on session 3329aa6b765f309066bc8dd02191d6ff to remote] DEBUG org.asynchttpclient.netty.request.NettyRequestSender - Using open Channel [id: 0x5880e72e, L:/127.0.0.1:63453 - R:localhost/127.0.0.1:35746] for POST '/session/3329aa6b765f309066bc8dd02191d6ff/element'
20:16:10.894 [AsyncHttpClient-1-17] DEBUG org.asynchttpclient.netty.handler.HttpHandler - 

Request DefaultHttpRequest(decodeResult: success, version: HTTP/1.1)
POST /session/3329aa6b765f309066bc8dd02191d6ff/element HTTP/1.1
User-Agent: selenium/4.12.0 (java windows)
Content-Length: 73
Content-Type: application/json; charset=utf-8
host: localhost:35746
accept: */*

Response DefaultHttpResponse(decodeResult: success, version: HTTP/1.1)
HTTP/1.1 200 OK
Content-Length: 125
Content-Type: application/json; charset=utf-8
cache-control: no-cache

20:16:10.894 [AsyncHttpClient-1-17] DEBUG org.asynchttpclient.netty.channel.ChannelManager - Adding key: http://localhost:35746 for channel [id: 0x5880e72e, L:/127.0.0.1:63453 - R:localhost/127.0.0.1:35746]
20:16:10.894 [Forwarding clickElement on session 3329aa6b765f309066bc8dd02191d6ff to remote] DEBUG org.asynchttpclient.netty.request.NettyRequestSender - Using pooled Channel '[id: 0x5880e72e, L:/127.0.0.1:63453 - R:localhost/127.0.0.1:35746]' for 'POST' to 'http://localhost:35746/session/3329aa6b765f309066bc8dd02191d6ff/element/f.B2870DF7316A537857E9721FD09A3092.d.9CBB8B3B133B603217FAE47986039762.e.8/click'
20:16:10.894 [Forwarding clickElement on session 3329aa6b765f309066bc8dd02191d6ff to remote] DEBUG org.asynchttpclient.netty.request.NettyRequestSender - Using open Channel [id: 0x5880e72e, L:/127.0.0.1:63453 - R:localhost/127.0.0.1:35746] for POST '/session/3329aa6b765f309066bc8dd02191d6ff/element/f.B2870DF7316A537857E9721FD09A3092.d.9CBB8B3B133B603217FAE47986039762.e.8/click'
20:16:10.927 [AsyncHttpClient-1-17] DEBUG org.asynchttpclient.netty.handler.HttpHandler - 

Request DefaultHttpRequest(decodeResult: success, version: HTTP/1.1)
POST /session/3329aa6b765f309066bc8dd02191d6ff/element/f.B2870DF7316A537857E9721FD09A3092.d.9CBB8B3B133B603217FAE47986039762.e.8/click HTTP/1.1
User-Agent: selenium/4.12.0 (java windows)
Content-Length: 87
Content-Type: application/json; charset=utf-8
host: localhost:35746
accept: */*

Response DefaultHttpResponse(decodeResult: success, version: HTTP/1.1)
HTTP/1.1 200 OK
Content-Length: 14
Content-Type: application/json; charset=utf-8
cache-control: no-cache

20:16:10.927 [AsyncHttpClient-1-17] DEBUG org.asynchttpclient.netty.channel.ChannelManager - Adding key: http://localhost:35746 for channel [id: 0x5880e72e, L:/127.0.0.1:63453 - R:localhost/127.0.0.1:35746]
20:16:11.226 [AsyncHttpClient-1-1] DEBUG org.asynchttpclient.netty.channel.DefaultChannelPool - Entry count for : http://localhost:63454 : 1
20:16:11.227 [AsyncHttpClient-1-1] DEBUG org.asynchttpclient.netty.channel.DefaultChannelPool - Entry count for : http://localhost:35746 : 1
20:16:12.340 [AsyncHttpClient-1-1] DEBUG org.asynchttpclient.netty.channel.DefaultChannelPool - Entry count for : http://localhost:63454 : 1
20:16:12.340 [AsyncHttpClient-1-1] DEBUG org.asynchttpclient.netty.channel.DefaultChannelPool - Entry count for : http://localhost:35746 : 1
20:16:13.425 [AsyncHttpClient-1-1] DEBUG org.asynchttpclient.netty.channel.DefaultChannelPool - Entry count for : http://localhost:63454 : 1
20:16:13.425 [AsyncHttpClient-1-1] DEBUG org.asynchttpclient.netty.channel.DefaultChannelPool - Entry count for : http://localhost:35746 : 1
20:16:14.528 [AsyncHttpClient-1-1] DEBUG org.asynchttpclient.netty.channel.DefaultChannelPool - Entry count for : http://localhost:63454 : 1
20:16:14.528 [AsyncHttpClient-1-1] DEBUG org.asynchttpclient.netty.channel.DefaultChannelPool - Entry count for : http://localhost:35746 : 1
20:16:15.632 [AsyncHttpClient-1-1] DEBUG org.asynchttpclient.netty.channel.DefaultChannelPool - Entry count for : http://localhost:63454 : 1
20:16:15.632 [AsyncHttpClient-1-1] DEBUG org.asynchttpclient.netty.channel.DefaultChannelPool - Entry count for : http://localhost:35746 : 1
20:16:15.949 [Forwarding getCurrentUrl on session 3329aa6b765f309066bc8dd02191d6ff to remote] DEBUG org.asynchttpclient.netty.request.NettyRequestSender - Using pooled Channel '[id: 0x5880e72e, L:/127.0.0.1:63453 - R:localhost/127.0.0.1:35746]' for 'GET' to 'http://localhost:35746/session/3329aa6b765f309066bc8dd02191d6ff/url'
20:16:15.949 [Forwarding getCurrentUrl on session 3329aa6b765f309066bc8dd02191d6ff to remote] DEBUG org.asynchttpclient.netty.request.NettyRequestSender - Using open Channel [id: 0x5880e72e, L:/127.0.0.1:63453 - R:localhost/127.0.0.1:35746] for GET '/session/3329aa6b765f309066bc8dd02191d6ff/url'
20:16:15.949 [AsyncHttpClient-1-17] DEBUG org.asynchttpclient.netty.handler.HttpHandler - 

Request DefaultFullHttpRequest(decodeResult: success, version: HTTP/1.1, content: EmptyByteBufBE)
GET /session/3329aa6b765f309066bc8dd02191d6ff/url HTTP/1.1
Cache-Control: no-cache
User-Agent: selenium/4.12.0 (java windows)
Content-Type: application/json; charset=utf-8
host: localhost:35746
accept: */*

Response DefaultHttpResponse(decodeResult: success, version: HTTP/1.1)
HTTP/1.1 200 OK
Content-Length: 69
Content-Type: application/json; charset=utf-8
cache-control: no-cache

20:16:15.949 [AsyncHttpClient-1-17] DEBUG org.asynchttpclient.netty.channel.ChannelManager - Adding key: http://localhost:35746 for channel [id: 0x5880e72e, L:/127.0.0.1:63453 - R:localhost/127.0.0.1:35746]
https://fleet-manager-development.vercel.app/auth/sign-in
20:16:15.949 [Forwarding findElement on session 3329aa6b765f309066bc8dd02191d6ff to remote] DEBUG org.asynchttpclient.netty.request.NettyRequestSender - Using pooled Channel '[id: 0x5880e72e, L:/127.0.0.1:63453 - R:localhost/127.0.0.1:35746]' for 'POST' to 'http://localhost:35746/session/3329aa6b765f309066bc8dd02191d6ff/element'
20:16:15.949 [Forwarding findElement on session 3329aa6b765f309066bc8dd02191d6ff to remote] DEBUG org.asynchttpclient.netty.request.NettyRequestSender - Using open Channel [id: 0x5880e72e, L:/127.0.0.1:63453 - R:localhost/127.0.0.1:35746] for POST '/session/3329aa6b765f309066bc8dd02191d6ff/element'
20:16:15.965 [AsyncHttpClient-1-17] DEBUG org.asynchttpclient.netty.handler.HttpHandler - 

Request DefaultHttpRequest(decodeResult: success, version: HTTP/1.1)
POST /session/3329aa6b765f309066bc8dd02191d6ff/element HTTP/1.1
User-Agent: selenium/4.12.0 (java windows)
Content-Length: 66
Content-Type: application/json; charset=utf-8
host: localhost:35746
accept: */*

Response DefaultHttpResponse(decodeResult: success, version: HTTP/1.1)
HTTP/1.1 200 OK
Content-Length: 126
Content-Type: application/json; charset=utf-8
cache-control: no-cache

20:16:15.965 [AsyncHttpClient-1-17] DEBUG org.asynchttpclient.netty.channel.ChannelManager - Adding key: http://localhost:35746 for channel [id: 0x5880e72e, L:/127.0.0.1:63453 - R:localhost/127.0.0.1:35746]
20:16:15.965 [Forwarding isElementDisplayed on session 3329aa6b765f309066bc8dd02191d6ff to remote] DEBUG org.asynchttpclient.netty.request.NettyRequestSender - Using pooled Channel '[id: 0x5880e72e, L:/127.0.0.1:63453 - R:localhost/127.0.0.1:35746]' for 'POST' to 'http://localhost:35746/session/3329aa6b765f309066bc8dd02191d6ff/execute/sync'
20:16:15.965 [Forwarding isElementDisplayed on session 3329aa6b765f309066bc8dd02191d6ff to remote] DEBUG org.asynchttpclient.netty.request.NettyRequestSender - Using open Channel [id: 0x5880e72e, L:/127.0.0.1:63453 - R:localhost/127.0.0.1:35746] for POST '/session/3329aa6b765f309066bc8dd02191d6ff/execute/sync'
20:16:15.981 [AsyncHttpClient-1-17] DEBUG org.asynchttpclient.netty.handler.HttpHandler - 

Request DefaultHttpRequest(decodeResult: success, version: HTTP/1.1)
POST /session/3329aa6b765f309066bc8dd02191d6ff/execute/sync HTTP/1.1
User-Agent: selenium/4.12.0 (java windows)
Content-Length: 48734
Content-Type: application/json; charset=utf-8
host: localhost:35746
accept: */*

Response DefaultHttpResponse(decodeResult: success, version: HTTP/1.1)
HTTP/1.1 200 OK
Content-Length: 14
Content-Type: application/json; charset=utf-8
cache-control: no-cache

20:16:15.981 [AsyncHttpClient-1-17] DEBUG org.asynchttpclient.netty.channel.ChannelManager - Adding key: http://localhost:35746 for channel [id: 0x5880e72e, L:/127.0.0.1:63453 - R:localhost/127.0.0.1:35746]
20:16:15.981 [Forwarding findElement on session 3329aa6b765f309066bc8dd02191d6ff to remote] DEBUG org.asynchttpclient.netty.request.NettyRequestSender - Using pooled Channel '[id: 0x5880e72e, L:/127.0.0.1:63453 - R:localhost/127.0.0.1:35746]' for 'POST' to 'http://localhost:35746/session/3329aa6b765f309066bc8dd02191d6ff/element'
20:16:15.981 [Forwarding findElement on session 3329aa6b765f309066bc8dd02191d6ff to remote] DEBUG org.asynchttpclient.netty.request.NettyRequestSender - Using open Channel [id: 0x5880e72e, L:/127.0.0.1:63453 - R:localhost/127.0.0.1:35746] for POST '/session/3329aa6b765f309066bc8dd02191d6ff/element'
20:16:15.981 [AsyncHttpClient-1-17] DEBUG org.asynchttpclient.netty.handler.HttpHandler - 

Request DefaultHttpRequest(decodeResult: success, version: HTTP/1.1)
POST /session/3329aa6b765f309066bc8dd02191d6ff/element HTTP/1.1
User-Agent: selenium/4.12.0 (java windows)
Content-Length: 66
Content-Type: application/json; charset=utf-8
host: localhost:35746
accept: */*

Response DefaultHttpResponse(decodeResult: success, version: HTTP/1.1)
HTTP/1.1 200 OK
Content-Length: 126
Content-Type: application/json; charset=utf-8
cache-control: no-cache

20:16:15.981 [AsyncHttpClient-1-17] DEBUG org.asynchttpclient.netty.channel.ChannelManager - Adding key: http://localhost:35746 for channel [id: 0x5880e72e, L:/127.0.0.1:63453 - R:localhost/127.0.0.1:35746]
20:16:15.981 [Forwarding getElementText on session 3329aa6b765f309066bc8dd02191d6ff to remote] DEBUG org.asynchttpclient.netty.request.NettyRequestSender - Using pooled Channel '[id: 0x5880e72e, L:/127.0.0.1:63453 - R:localhost/127.0.0.1:35746]' for 'GET' to 'http://localhost:35746/session/3329aa6b765f309066bc8dd02191d6ff/element/f.B2870DF7316A537857E9721FD09A3092.d.9CBB8B3B133B603217FAE47986039762.e.21/text'
20:16:15.981 [Forwarding getElementText on session 3329aa6b765f309066bc8dd02191d6ff to remote] DEBUG org.asynchttpclient.netty.request.NettyRequestSender - Using open Channel [id: 0x5880e72e, L:/127.0.0.1:63453 - R:localhost/127.0.0.1:35746] for GET '/session/3329aa6b765f309066bc8dd02191d6ff/element/f.B2870DF7316A537857E9721FD09A3092.d.9CBB8B3B133B603217FAE47986039762.e.21/text'
20:16:15.996 [AsyncHttpClient-1-17] DEBUG org.asynchttpclient.netty.handler.HttpHandler - 

Request DefaultFullHttpRequest(decodeResult: success, version: HTTP/1.1, content: EmptyByteBufBE)
GET /session/3329aa6b765f309066bc8dd02191d6ff/element/f.B2870DF7316A537857E9721FD09A3092.d.9CBB8B3B133B603217FAE47986039762.e.21/text HTTP/1.1
Cache-Control: no-cache
User-Agent: selenium/4.12.0 (java windows)
Content-Type: application/json; charset=utf-8
host: localhost:35746
accept: */*

Response DefaultHttpResponse(decodeResult: success, version: HTTP/1.1)
HTTP/1.1 200 OK
Content-Length: 33
Content-Type: application/json; charset=utf-8
cache-control: no-cache

20:16:15.996 [AsyncHttpClient-1-17] DEBUG org.asynchttpclient.netty.channel.ChannelManager - Adding key: http://localhost:35746 for channel [id: 0x5880e72e, L:/127.0.0.1:63453 - R:localhost/127.0.0.1:35746]
20:16:15.996 [Forwarding findElement on session 3329aa6b765f309066bc8dd02191d6ff to remote] DEBUG org.asynchttpclient.netty.request.NettyRequestSender - Using pooled Channel '[id: 0x5880e72e, L:/127.0.0.1:63453 - R:localhost/127.0.0.1:35746]' for 'POST' to 'http://localhost:35746/session/3329aa6b765f309066bc8dd02191d6ff/element'
20:16:15.996 [Forwarding findElement on session 3329aa6b765f309066bc8dd02191d6ff to remote] DEBUG org.asynchttpclient.netty.request.NettyRequestSender - Using open Channel [id: 0x5880e72e, L:/127.0.0.1:63453 - R:localhost/127.0.0.1:35746] for POST '/session/3329aa6b765f309066bc8dd02191d6ff/element'
20:16:15.996 [AsyncHttpClient-1-17] DEBUG org.asynchttpclient.netty.handler.HttpHandler - 

Request DefaultHttpRequest(decodeResult: success, version: HTTP/1.1)
POST /session/3329aa6b765f309066bc8dd02191d6ff/element HTTP/1.1
User-Agent: selenium/4.12.0 (java windows)
Content-Length: 74
Content-Type: application/json; charset=utf-8
host: localhost:35746
accept: */*

Response DefaultHttpResponse(decodeResult: success, version: HTTP/1.1)
HTTP/1.1 200 OK
Content-Length: 126
Content-Type: application/json; charset=utf-8
cache-control: no-cache

20:16:15.996 [AsyncHttpClient-1-17] DEBUG org.asynchttpclient.netty.channel.ChannelManager - Adding key: http://localhost:35746 for channel [id: 0x5880e72e, L:/127.0.0.1:63453 - R:localhost/127.0.0.1:35746]
20:16:15.996 [Forwarding clickElement on session 3329aa6b765f309066bc8dd02191d6ff to remote] DEBUG org.asynchttpclient.netty.request.NettyRequestSender - Using pooled Channel '[id: 0x5880e72e, L:/127.0.0.1:63453 - R:localhost/127.0.0.1:35746]' for 'POST' to 'http://localhost:35746/session/3329aa6b765f309066bc8dd02191d6ff/element/f.B2870DF7316A537857E9721FD09A3092.d.9CBB8B3B133B603217FAE47986039762.e.22/click'
20:16:15.996 [Forwarding clickElement on session 3329aa6b765f309066bc8dd02191d6ff to remote] DEBUG org.asynchttpclient.netty.request.NettyRequestSender - Using open Channel [id: 0x5880e72e, L:/127.0.0.1:63453 - R:localhost/127.0.0.1:35746] for POST '/session/3329aa6b765f309066bc8dd02191d6ff/element/f.B2870DF7316A537857E9721FD09A3092.d.9CBB8B3B133B603217FAE47986039762.e.22/click'
20:16:16.038 [AsyncHttpClient-1-17] DEBUG org.asynchttpclient.netty.handler.HttpHandler - 

Request DefaultHttpRequest(decodeResult: success, version: HTTP/1.1)
POST /session/3329aa6b765f309066bc8dd02191d6ff/element/f.B2870DF7316A537857E9721FD09A3092.d.9CBB8B3B133B603217FAE47986039762.e.22/click HTTP/1.1
User-Agent: selenium/4.12.0 (java windows)
Content-Length: 88
Content-Type: application/json; charset=utf-8
host: localhost:35746
accept: */*

Response DefaultHttpResponse(decodeResult: success, version: HTTP/1.1)
HTTP/1.1 200 OK
Content-Length: 14
Content-Type: application/json; charset=utf-8
cache-control: no-cache

20:16:16.038 [AsyncHttpClient-1-17] DEBUG org.asynchttpclient.netty.channel.ChannelManager - Adding key: http://localhost:35746 for channel [id: 0x5880e72e, L:/127.0.0.1:63453 - R:localhost/127.0.0.1:35746]
20:16:16.727 [AsyncHttpClient-1-1] DEBUG org.asynchttpclient.netty.channel.DefaultChannelPool - Entry count for : http://localhost:63454 : 1
20:16:16.727 [AsyncHttpClient-1-1] DEBUG org.asynchttpclient.netty.channel.DefaultChannelPool - Entry count for : http://localhost:35746 : 1
20:16:17.841 [AsyncHttpClient-1-1] DEBUG org.asynchttpclient.netty.channel.DefaultChannelPool - Entry count for : http://localhost:63454 : 1
20:16:17.841 [AsyncHttpClient-1-1] DEBUG org.asynchttpclient.netty.channel.DefaultChannelPool - Entry count for : http://localhost:35746 : 1
20:16:18.935 [AsyncHttpClient-1-1] DEBUG org.asynchttpclient.netty.channel.DefaultChannelPool - Entry count for : http://localhost:63454 : 1
20:16:18.935 [AsyncHttpClient-1-1] DEBUG org.asynchttpclient.netty.channel.DefaultChannelPool - Entry count for : http://localhost:35746 : 1
screen shot class not taking
  Given I am on dashboardfokisaj290@edectus.com and Fleet@123       # StepDefination.Customer_onboarding.I_am_on_dashboard(java.lang.String,java.lang.String)
20:16:19.045 [Forwarding findElement on session 3329aa6b765f309066bc8dd02191d6ff to remote] DEBUG org.asynchttpclient.netty.request.NettyRequestSender - Using pooled Channel '[id: 0x5880e72e, L:/127.0.0.1:63453 - R:localhost/127.0.0.1:35746]' for 'POST' to 'http://localhost:35746/session/3329aa6b765f309066bc8dd02191d6ff/element'
20:16:19.045 [Forwarding findElement on session 3329aa6b765f309066bc8dd02191d6ff to remote] DEBUG org.asynchttpclient.netty.request.NettyRequestSender - Using open Channel [id: 0x5880e72e, L:/127.0.0.1:63453 - R:localhost/127.0.0.1:35746] for POST '/session/3329aa6b765f309066bc8dd02191d6ff/element'
20:16:19.061 [AsyncHttpClient-1-17] DEBUG org.asynchttpclient.netty.handler.HttpHandler - 

Request DefaultHttpRequest(decodeResult: success, version: HTTP/1.1)
POST /session/3329aa6b765f309066bc8dd02191d6ff/element HTTP/1.1
User-Agent: selenium/4.12.0 (java windows)
Content-Length: 127
Content-Type: application/json; charset=utf-8
host: localhost:35746
accept: */*

Response DefaultHttpResponse(decodeResult: success, version: HTTP/1.1)
HTTP/1.1 200 OK
Content-Length: 126
Content-Type: application/json; charset=utf-8
cache-control: no-cache

20:16:19.061 [AsyncHttpClient-1-17] DEBUG org.asynchttpclient.netty.channel.ChannelManager - Adding key: http://localhost:35746 for channel [id: 0x5880e72e, L:/127.0.0.1:63453 - R:localhost/127.0.0.1:35746]
20:16:19.061 [Forwarding getElementText on session 3329aa6b765f309066bc8dd02191d6ff to remote] DEBUG org.asynchttpclient.netty.request.NettyRequestSender - Using pooled Channel '[id: 0x5880e72e, L:/127.0.0.1:63453 - R:localhost/127.0.0.1:35746]' for 'GET' to 'http://localhost:35746/session/3329aa6b765f309066bc8dd02191d6ff/element/f.B2870DF7316A537857E9721FD09A3092.d.5EA4DF0DB7D0CC302DE213574A15B309.e.31/text'
20:16:19.061 [Forwarding getElementText on session 3329aa6b765f309066bc8dd02191d6ff to remote] DEBUG org.asynchttpclient.netty.request.NettyRequestSender - Using open Channel [id: 0x5880e72e, L:/127.0.0.1:63453 - R:localhost/127.0.0.1:35746] for GET '/session/3329aa6b765f309066bc8dd02191d6ff/element/f.B2870DF7316A537857E9721FD09A3092.d.5EA4DF0DB7D0CC302DE213574A15B309.e.31/text'
20:16:19.077 [AsyncHttpClient-1-17] DEBUG org.asynchttpclient.netty.handler.HttpHandler - 

Request DefaultFullHttpRequest(decodeResult: success, version: HTTP/1.1, content: EmptyByteBufBE)
GET /session/3329aa6b765f309066bc8dd02191d6ff/element/f.B2870DF7316A537857E9721FD09A3092.d.5EA4DF0DB7D0CC302DE213574A15B309.e.31/text HTTP/1.1
Cache-Control: no-cache
User-Agent: selenium/4.12.0 (java windows)
Content-Type: application/json; charset=utf-8
host: localhost:35746
accept: */*

Response DefaultHttpResponse(decodeResult: success, version: HTTP/1.1)
HTTP/1.1 200 OK
Content-Length: 21
Content-Type: application/json; charset=utf-8
cache-control: no-cache

20:16:19.077 [AsyncHttpClient-1-17] DEBUG org.asynchttpclient.netty.channel.ChannelManager - Adding key: http://localhost:35746 for channel [id: 0x5880e72e, L:/127.0.0.1:63453 - R:localhost/127.0.0.1:35746]
20:16:19.077 [Forwarding findElement on session 3329aa6b765f309066bc8dd02191d6ff to remote] DEBUG org.asynchttpclient.netty.request.NettyRequestSender - Using pooled Channel '[id: 0x5880e72e, L:/127.0.0.1:63453 - R:localhost/127.0.0.1:35746]' for 'POST' to 'http://localhost:35746/session/3329aa6b765f309066bc8dd02191d6ff/element'
20:16:19.077 [Forwarding findElement on session 3329aa6b765f309066bc8dd02191d6ff to remote] DEBUG org.asynchttpclient.netty.request.NettyRequestSender - Using open Channel [id: 0x5880e72e, L:/127.0.0.1:63453 - R:localhost/127.0.0.1:35746] for POST '/session/3329aa6b765f309066bc8dd02191d6ff/element'
20:16:19.077 [AsyncHttpClient-1-17] DEBUG org.asynchttpclient.netty.handler.HttpHandler - 

Request DefaultHttpRequest(decodeResult: success, version: HTTP/1.1)
POST /session/3329aa6b765f309066bc8dd02191d6ff/element HTTP/1.1
User-Agent: selenium/4.12.0 (java windows)
Content-Length: 127
Content-Type: application/json; charset=utf-8
host: localhost:35746
accept: */*

Response DefaultHttpResponse(decodeResult: success, version: HTTP/1.1)
HTTP/1.1 200 OK
Content-Length: 126
Content-Type: application/json; charset=utf-8
cache-control: no-cache

20:16:19.077 [AsyncHttpClient-1-17] DEBUG org.asynchttpclient.netty.channel.ChannelManager - Adding key: http://localhost:35746 for channel [id: 0x5880e72e, L:/127.0.0.1:63453 - R:localhost/127.0.0.1:35746]
20:16:19.077 [Forwarding clickElement on session 3329aa6b765f309066bc8dd02191d6ff to remote] DEBUG org.asynchttpclient.netty.request.NettyRequestSender - Using pooled Channel '[id: 0x5880e72e, L:/127.0.0.1:63453 - R:localhost/127.0.0.1:35746]' for 'POST' to 'http://localhost:35746/session/3329aa6b765f309066bc8dd02191d6ff/element/f.B2870DF7316A537857E9721FD09A3092.d.5EA4DF0DB7D0CC302DE213574A15B309.e.31/click'
20:16:19.077 [Forwarding clickElement on session 3329aa6b765f309066bc8dd02191d6ff to remote] DEBUG org.asynchttpclient.netty.request.NettyRequestSender - Using open Channel [id: 0x5880e72e, L:/127.0.0.1:63453 - R:localhost/127.0.0.1:35746] for POST '/session/3329aa6b765f309066bc8dd02191d6ff/element/f.B2870DF7316A537857E9721FD09A3092.d.5EA4DF0DB7D0CC302DE213574A15B309.e.31/click'
20:16:19.128 [AsyncHttpClient-1-17] DEBUG org.asynchttpclient.netty.handler.HttpHandler - 

Request DefaultHttpRequest(decodeResult: success, version: HTTP/1.1)
POST /session/3329aa6b765f309066bc8dd02191d6ff/element/f.B2870DF7316A537857E9721FD09A3092.d.5EA4DF0DB7D0CC302DE213574A15B309.e.31/click HTTP/1.1
User-Agent: selenium/4.12.0 (java windows)
Content-Length: 88
Content-Type: application/json; charset=utf-8
host: localhost:35746
accept: */*

Response DefaultHttpResponse(decodeResult: success, version: HTTP/1.1)
HTTP/1.1 200 OK
Content-Length: 14
Content-Type: application/json; charset=utf-8
cache-control: no-cache

20:16:19.128 [AsyncHttpClient-1-17] DEBUG org.asynchttpclient.netty.channel.ChannelManager - Adding key: http://localhost:35746 for channel [id: 0x5880e72e, L:/127.0.0.1:63453 - R:localhost/127.0.0.1:35746]
20:16:20.027 [AsyncHttpClient-1-1] DEBUG org.asynchttpclient.netty.channel.DefaultChannelPool - Entry count for : http://localhost:63454 : 1
20:16:20.027 [AsyncHttpClient-1-1] DEBUG org.asynchttpclient.netty.channel.DefaultChannelPool - Entry count for : http://localhost:35746 : 1
screen shot class not taking
20:16:21.134 [AsyncHttpClient-1-1] DEBUG org.asynchttpclient.netty.channel.DefaultChannelPool - Entry count for : http://localhost:63454 : 1
20:16:21.134 [AsyncHttpClient-1-1] DEBUG org.asynchttpclient.netty.channel.DefaultChannelPool - Entry count for : http://localhost:35746 : 1
20:16:21.134 [Forwarding findElement on session 3329aa6b765f309066bc8dd02191d6ff to remote] DEBUG org.asynchttpclient.netty.request.NettyRequestSender - Using pooled Channel '[id: 0x5880e72e, L:/127.0.0.1:63453 - R:localhost/127.0.0.1:35746]' for 'POST' to 'http://localhost:35746/session/3329aa6b765f309066bc8dd02191d6ff/element'
20:16:21.134 [Forwarding findElement on session 3329aa6b765f309066bc8dd02191d6ff to remote] DEBUG org.asynchttpclient.netty.request.NettyRequestSender - Using open Channel [id: 0x5880e72e, L:/127.0.0.1:63453 - R:localhost/127.0.0.1:35746] for POST '/session/3329aa6b765f309066bc8dd02191d6ff/element'
20:16:21.154 [AsyncHttpClient-1-17] DEBUG org.asynchttpclient.netty.handler.HttpHandler - 

Request DefaultHttpRequest(decodeResult: success, version: HTTP/1.1)
POST /session/3329aa6b765f309066bc8dd02191d6ff/element HTTP/1.1
User-Agent: selenium/4.12.0 (java windows)
Content-Length: 178
Content-Type: application/json; charset=utf-8
host: localhost:35746
accept: */*

Response DefaultHttpResponse(decodeResult: success, version: HTTP/1.1)
HTTP/1.1 200 OK
Content-Length: 126
Content-Type: application/json; charset=utf-8
cache-control: no-cache

20:16:21.154 [AsyncHttpClient-1-17] DEBUG org.asynchttpclient.netty.channel.ChannelManager - Adding key: http://localhost:35746 for channel [id: 0x5880e72e, L:/127.0.0.1:63453 - R:localhost/127.0.0.1:35746]
20:16:21.154 [Forwarding getElementText on session 3329aa6b765f309066bc8dd02191d6ff to remote] DEBUG org.asynchttpclient.netty.request.NettyRequestSender - Using pooled Channel '[id: 0x5880e72e, L:/127.0.0.1:63453 - R:localhost/127.0.0.1:35746]' for 'GET' to 'http://localhost:35746/session/3329aa6b765f309066bc8dd02191d6ff/element/f.B2870DF7316A537857E9721FD09A3092.d.5EA4DF0DB7D0CC302DE213574A15B309.e.34/text'
20:16:21.154 [Forwarding getElementText on session 3329aa6b765f309066bc8dd02191d6ff to remote] DEBUG org.asynchttpclient.netty.request.NettyRequestSender - Using open Channel [id: 0x5880e72e, L:/127.0.0.1:63453 - R:localhost/127.0.0.1:35746] for GET '/session/3329aa6b765f309066bc8dd02191d6ff/element/f.B2870DF7316A537857E9721FD09A3092.d.5EA4DF0DB7D0CC302DE213574A15B309.e.34/text'
20:16:21.157 [AsyncHttpClient-1-17] DEBUG org.asynchttpclient.netty.handler.HttpHandler - 

Request DefaultFullHttpRequest(decodeResult: success, version: HTTP/1.1, content: EmptyByteBufBE)
GET /session/3329aa6b765f309066bc8dd02191d6ff/element/f.B2870DF7316A537857E9721FD09A3092.d.5EA4DF0DB7D0CC302DE213574A15B309.e.34/text HTTP/1.1
Cache-Control: no-cache
User-Agent: selenium/4.12.0 (java windows)
Content-Type: application/json; charset=utf-8
host: localhost:35746
accept: */*

Response DefaultHttpResponse(decodeResult: success, version: HTTP/1.1)
HTTP/1.1 200 OK
Content-Length: 28
Content-Type: application/json; charset=utf-8
cache-control: no-cache

20:16:21.157 [AsyncHttpClient-1-17] DEBUG org.asynchttpclient.netty.channel.ChannelManager - Adding key: http://localhost:35746 for channel [id: 0x5880e72e, L:/127.0.0.1:63453 - R:localhost/127.0.0.1:35746]
20:16:21.165 [Forwarding findElement on session 3329aa6b765f309066bc8dd02191d6ff to remote] DEBUG org.asynchttpclient.netty.request.NettyRequestSender - Using pooled Channel '[id: 0x5880e72e, L:/127.0.0.1:63453 - R:localhost/127.0.0.1:35746]' for 'POST' to 'http://localhost:35746/session/3329aa6b765f309066bc8dd02191d6ff/element'
20:16:21.165 [Forwarding findElement on session 3329aa6b765f309066bc8dd02191d6ff to remote] DEBUG org.asynchttpclient.netty.request.NettyRequestSender - Using open Channel [id: 0x5880e72e, L:/127.0.0.1:63453 - R:localhost/127.0.0.1:35746] for POST '/session/3329aa6b765f309066bc8dd02191d6ff/element'
20:16:21.167 [AsyncHttpClient-1-17] DEBUG org.asynchttpclient.netty.handler.HttpHandler - 

Request DefaultHttpRequest(decodeResult: success, version: HTTP/1.1)
POST /session/3329aa6b765f309066bc8dd02191d6ff/element HTTP/1.1
User-Agent: selenium/4.12.0 (java windows)
Content-Length: 178
Content-Type: application/json; charset=utf-8
host: localhost:35746
accept: */*

Response DefaultHttpResponse(decodeResult: success, version: HTTP/1.1)
HTTP/1.1 200 OK
Content-Length: 126
Content-Type: application/json; charset=utf-8
cache-control: no-cache

20:16:21.167 [AsyncHttpClient-1-17] DEBUG org.asynchttpclient.netty.channel.ChannelManager - Adding key: http://localhost:35746 for channel [id: 0x5880e72e, L:/127.0.0.1:63453 - R:localhost/127.0.0.1:35746]
20:16:21.167 [Forwarding clickElement on session 3329aa6b765f309066bc8dd02191d6ff to remote] DEBUG org.asynchttpclient.netty.request.NettyRequestSender - Using pooled Channel '[id: 0x5880e72e, L:/127.0.0.1:63453 - R:localhost/127.0.0.1:35746]' for 'POST' to 'http://localhost:35746/session/3329aa6b765f309066bc8dd02191d6ff/element/f.B2870DF7316A537857E9721FD09A3092.d.5EA4DF0DB7D0CC302DE213574A15B309.e.34/click'
20:16:21.167 [Forwarding clickElement on session 3329aa6b765f309066bc8dd02191d6ff to remote] DEBUG org.asynchttpclient.netty.request.NettyRequestSender - Using open Channel [id: 0x5880e72e, L:/127.0.0.1:63453 - R:localhost/127.0.0.1:35746] for POST '/session/3329aa6b765f309066bc8dd02191d6ff/element/f.B2870DF7316A537857E9721FD09A3092.d.5EA4DF0DB7D0CC302DE213574A15B309.e.34/click'
20:16:21.203 [AsyncHttpClient-1-17] DEBUG org.asynchttpclient.netty.handler.HttpHandler - 

Request DefaultHttpRequest(decodeResult: success, version: HTTP/1.1)
POST /session/3329aa6b765f309066bc8dd02191d6ff/element/f.B2870DF7316A537857E9721FD09A3092.d.5EA4DF0DB7D0CC302DE213574A15B309.e.34/click HTTP/1.1
User-Agent: selenium/4.12.0 (java windows)
Content-Length: 88
Content-Type: application/json; charset=utf-8
host: localhost:35746
accept: */*

Response DefaultHttpResponse(decodeResult: success, version: HTTP/1.1)
HTTP/1.1 200 OK
Content-Length: 14
Content-Type: application/json; charset=utf-8
cache-control: no-cache

20:16:21.203 [AsyncHttpClient-1-17] DEBUG org.asynchttpclient.netty.channel.ChannelManager - Adding key: http://localhost:35746 for channel [id: 0x5880e72e, L:/127.0.0.1:63453 - R:localhost/127.0.0.1:35746]
  When Open customer form                                           # StepDefination.Customer_onboarding.Open_customer_form()
20:16:22.229 [AsyncHttpClient-1-1] DEBUG org.asynchttpclient.netty.channel.DefaultChannelPool - Entry count for : http://localhost:63454 : 1
20:16:22.229 [AsyncHttpClient-1-1] DEBUG org.asynchttpclient.netty.channel.DefaultChannelPool - Entry count for : http://localhost:35746 : 1
20:16:22.720 [Forwarding findElement on session 3329aa6b765f309066bc8dd02191d6ff to remote] DEBUG org.asynchttpclient.netty.request.NettyRequestSender - Using pooled Channel '[id: 0x5880e72e, L:/127.0.0.1:63453 - R:localhost/127.0.0.1:35746]' for 'POST' to 'http://localhost:35746/session/3329aa6b765f309066bc8dd02191d6ff/element'
20:16:22.720 [Forwarding findElement on session 3329aa6b765f309066bc8dd02191d6ff to remote] DEBUG org.asynchttpclient.netty.request.NettyRequestSender - Using open Channel [id: 0x5880e72e, L:/127.0.0.1:63453 - R:localhost/127.0.0.1:35746] for POST '/session/3329aa6b765f309066bc8dd02191d6ff/element'
20:16:22.738 [AsyncHttpClient-1-17] DEBUG org.asynchttpclient.netty.handler.HttpHandler - 

Request DefaultHttpRequest(decodeResult: success, version: HTTP/1.1)
POST /session/3329aa6b765f309066bc8dd02191d6ff/element HTTP/1.1
User-Agent: selenium/4.12.0 (java windows)
Content-Length: 114
Content-Type: application/json; charset=utf-8
host: localhost:35746
accept: */*

Response DefaultHttpResponse(decodeResult: success, version: HTTP/1.1)
HTTP/1.1 200 OK
Content-Length: 126
Content-Type: application/json; charset=utf-8
cache-control: no-cache

20:16:22.738 [AsyncHttpClient-1-17] DEBUG org.asynchttpclient.netty.channel.ChannelManager - Adding key: http://localhost:35746 for channel [id: 0x5880e72e, L:/127.0.0.1:63453 - R:localhost/127.0.0.1:35746]
20:16:22.738 [Forwarding sendKeysToElement on session 3329aa6b765f309066bc8dd02191d6ff to remote] DEBUG org.asynchttpclient.netty.request.NettyRequestSender - Using pooled Channel '[id: 0x5880e72e, L:/127.0.0.1:63453 - R:localhost/127.0.0.1:35746]' for 'POST' to 'http://localhost:35746/session/3329aa6b765f309066bc8dd02191d6ff/element/f.B2870DF7316A537857E9721FD09A3092.d.5EA4DF0DB7D0CC302DE213574A15B309.e.38/value'
20:16:22.738 [Forwarding sendKeysToElement on session 3329aa6b765f309066bc8dd02191d6ff to remote] DEBUG org.asynchttpclient.netty.request.NettyRequestSender - Using open Channel [id: 0x5880e72e, L:/127.0.0.1:63453 - R:localhost/127.0.0.1:35746] for POST '/session/3329aa6b765f309066bc8dd02191d6ff/element/f.B2870DF7316A537857E9721FD09A3092.d.5EA4DF0DB7D0CC302DE213574A15B309.e.38/value'
20:16:22.857 [AsyncHttpClient-1-17] DEBUG org.asynchttpclient.netty.handler.HttpHandler - 

Request DefaultHttpRequest(decodeResult: success, version: HTTP/1.1)
POST /session/3329aa6b765f309066bc8dd02191d6ff/element/f.B2870DF7316A537857E9721FD09A3092.d.5EA4DF0DB7D0CC302DE213574A15B309.e.38/value HTTP/1.1
User-Agent: selenium/4.12.0 (java windows)
Content-Length: 199
Content-Type: application/json; charset=utf-8
host: localhost:35746
accept: */*

Response DefaultHttpResponse(decodeResult: success, version: HTTP/1.1)
HTTP/1.1 200 OK
Content-Length: 14
Content-Type: application/json; charset=utf-8
cache-control: no-cache

20:16:22.857 [AsyncHttpClient-1-17] DEBUG org.asynchttpclient.netty.channel.ChannelManager - Adding key: http://localhost:35746 for channel [id: 0x5880e72e, L:/127.0.0.1:63453 - R:localhost/127.0.0.1:35746]
screen shot class not taking
  And Provide the company nameTK_Steel                              # StepDefination.Customer_onboarding.Provide_the_company_name(java.lang.String)
20:16:23.328 [AsyncHttpClient-1-1] DEBUG org.asynchttpclient.netty.channel.DefaultChannelPool - Entry count for : http://localhost:63454 : 1
20:16:23.328 [AsyncHttpClient-1-1] DEBUG org.asynchttpclient.netty.channel.DefaultChannelPool - Entry count for : http://localhost:35746 : 1
20:16:23.359 [Forwarding findElement on session 3329aa6b765f309066bc8dd02191d6ff to remote] DEBUG org.asynchttpclient.netty.request.NettyRequestSender - Using pooled Channel '[id: 0x5880e72e, L:/127.0.0.1:63453 - R:localhost/127.0.0.1:35746]' for 'POST' to 'http://localhost:35746/session/3329aa6b765f309066bc8dd02191d6ff/element'
20:16:23.359 [Forwarding findElement on session 3329aa6b765f309066bc8dd02191d6ff to remote] DEBUG org.asynchttpclient.netty.request.NettyRequestSender - Using open Channel [id: 0x5880e72e, L:/127.0.0.1:63453 - R:localhost/127.0.0.1:35746] for POST '/session/3329aa6b765f309066bc8dd02191d6ff/element'
20:16:23.375 [AsyncHttpClient-1-17] DEBUG org.asynchttpclient.netty.handler.HttpHandler - 

Request DefaultHttpRequest(decodeResult: success, version: HTTP/1.1)
POST /session/3329aa6b765f309066bc8dd02191d6ff/element HTTP/1.1
User-Agent: selenium/4.12.0 (java windows)
Content-Length: 88
Content-Type: application/json; charset=utf-8
host: localhost:35746
accept: */*

Response DefaultHttpResponse(decodeResult: success, version: HTTP/1.1)
HTTP/1.1 200 OK
Content-Length: 126
Content-Type: application/json; charset=utf-8
cache-control: no-cache

20:16:23.375 [AsyncHttpClient-1-17] DEBUG org.asynchttpclient.netty.channel.ChannelManager - Adding key: http://localhost:35746 for channel [id: 0x5880e72e, L:/127.0.0.1:63453 - R:localhost/127.0.0.1:35746]
20:16:23.375 [Forwarding sendKeysToElement on session 3329aa6b765f309066bc8dd02191d6ff to remote] DEBUG org.asynchttpclient.netty.request.NettyRequestSender - Using pooled Channel '[id: 0x5880e72e, L:/127.0.0.1:63453 - R:localhost/127.0.0.1:35746]' for 'POST' to 'http://localhost:35746/session/3329aa6b765f309066bc8dd02191d6ff/element/f.B2870DF7316A537857E9721FD09A3092.d.5EA4DF0DB7D0CC302DE213574A15B309.e.47/value'
20:16:23.375 [Forwarding sendKeysToElement on session 3329aa6b765f309066bc8dd02191d6ff to remote] DEBUG org.asynchttpclient.netty.request.NettyRequestSender - Using open Channel [id: 0x5880e72e, L:/127.0.0.1:63453 - R:localhost/127.0.0.1:35746] for POST '/session/3329aa6b765f309066bc8dd02191d6ff/element/f.B2870DF7316A537857E9721FD09A3092.d.5EA4DF0DB7D0CC302DE213574A15B309.e.47/value'
20:16:23.501 [AsyncHttpClient-1-17] DEBUG org.asynchttpclient.netty.handler.HttpHandler - 

Request DefaultHttpRequest(decodeResult: success, version: HTTP/1.1)
POST /session/3329aa6b765f309066bc8dd02191d6ff/element/f.B2870DF7316A537857E9721FD09A3092.d.5EA4DF0DB7D0CC302DE213574A15B309.e.47/value HTTP/1.1
User-Agent: selenium/4.12.0 (java windows)
Content-Length: 259
Content-Type: application/json; charset=utf-8
host: localhost:35746
accept: */*

Response DefaultHttpResponse(decodeResult: success, version: HTTP/1.1)
HTTP/1.1 200 OK
Content-Length: 14
Content-Type: application/json; charset=utf-8
cache-control: no-cache

20:16:23.501 [AsyncHttpClient-1-17] DEBUG org.asynchttpclient.netty.channel.ChannelManager - Adding key: http://localhost:35746 for channel [id: 0x5880e72e, L:/127.0.0.1:63453 - R:localhost/127.0.0.1:35746]
20:16:23.501 [Forwarding findElement on session 3329aa6b765f309066bc8dd02191d6ff to remote] DEBUG org.asynchttpclient.netty.request.NettyRequestSender - Using pooled Channel '[id: 0x5880e72e, L:/127.0.0.1:63453 - R:localhost/127.0.0.1:35746]' for 'POST' to 'http://localhost:35746/session/3329aa6b765f309066bc8dd02191d6ff/element'
20:16:23.501 [Forwarding findElement on session 3329aa6b765f309066bc8dd02191d6ff to remote] DEBUG org.asynchttpclient.netty.request.NettyRequestSender - Using open Channel [id: 0x5880e72e, L:/127.0.0.1:63453 - R:localhost/127.0.0.1:35746] for POST '/session/3329aa6b765f309066bc8dd02191d6ff/element'
20:16:23.509 [AsyncHttpClient-1-17] DEBUG org.asynchttpclient.netty.handler.HttpHandler - 

Request DefaultHttpRequest(decodeResult: success, version: HTTP/1.1)
POST /session/3329aa6b765f309066bc8dd02191d6ff/element HTTP/1.1
User-Agent: selenium/4.12.0 (java windows)
Content-Length: 75
Content-Type: application/json; charset=utf-8
host: localhost:35746
accept: */*

Response DefaultHttpResponse(decodeResult: success, version: HTTP/1.1)
HTTP/1.1 200 OK
Content-Length: 126
Content-Type: application/json; charset=utf-8
cache-control: no-cache

20:16:23.509 [AsyncHttpClient-1-17] DEBUG org.asynchttpclient.netty.channel.ChannelManager - Adding key: http://localhost:35746 for channel [id: 0x5880e72e, L:/127.0.0.1:63453 - R:localhost/127.0.0.1:35746]
20:16:23.509 [Forwarding sendKeysToElement on session 3329aa6b765f309066bc8dd02191d6ff to remote] DEBUG org.asynchttpclient.netty.request.NettyRequestSender - Using pooled Channel '[id: 0x5880e72e, L:/127.0.0.1:63453 - R:localhost/127.0.0.1:35746]' for 'POST' to 'http://localhost:35746/session/3329aa6b765f309066bc8dd02191d6ff/element/f.B2870DF7316A537857E9721FD09A3092.d.5EA4DF0DB7D0CC302DE213574A15B309.e.48/value'
20:16:23.509 [Forwarding sendKeysToElement on session 3329aa6b765f309066bc8dd02191d6ff to remote] DEBUG org.asynchttpclient.netty.request.NettyRequestSender - Using open Channel [id: 0x5880e72e, L:/127.0.0.1:63453 - R:localhost/127.0.0.1:35746] for POST '/session/3329aa6b765f309066bc8dd02191d6ff/element/f.B2870DF7316A537857E9721FD09A3092.d.5EA4DF0DB7D0CC302DE213574A15B309.e.48/value'
20:16:23.592 [AsyncHttpClient-1-17] DEBUG org.asynchttpclient.netty.handler.HttpHandler - 

Request DefaultHttpRequest(decodeResult: success, version: HTTP/1.1)
POST /session/3329aa6b765f309066bc8dd02191d6ff/element/f.B2870DF7316A537857E9721FD09A3092.d.5EA4DF0DB7D0CC302DE213574A15B309.e.48/value HTTP/1.1
User-Agent: selenium/4.12.0 (java windows)
Content-Length: 139
Content-Type: application/json; charset=utf-8
host: localhost:35746
accept: */*

Response DefaultHttpResponse(decodeResult: success, version: HTTP/1.1)
HTTP/1.1 200 OK
Content-Length: 14
Content-Type: application/json; charset=utf-8
cache-control: no-cache

20:16:23.592 [AsyncHttpClient-1-17] DEBUG org.asynchttpclient.netty.channel.ChannelManager - Adding key: http://localhost:35746 for channel [id: 0x5880e72e, L:/127.0.0.1:63453 - R:localhost/127.0.0.1:35746]
20:16:23.592 [Forwarding findElement on session 3329aa6b765f309066bc8dd02191d6ff to remote] DEBUG org.asynchttpclient.netty.request.NettyRequestSender - Using pooled Channel '[id: 0x5880e72e, L:/127.0.0.1:63453 - R:localhost/127.0.0.1:35746]' for 'POST' to 'http://localhost:35746/session/3329aa6b765f309066bc8dd02191d6ff/element'
20:16:23.592 [Forwarding findElement on session 3329aa6b765f309066bc8dd02191d6ff to remote] DEBUG org.asynchttpclient.netty.request.NettyRequestSender - Using open Channel [id: 0x5880e72e, L:/127.0.0.1:63453 - R:localhost/127.0.0.1:35746] for POST '/session/3329aa6b765f309066bc8dd02191d6ff/element'
20:16:23.594 [AsyncHttpClient-1-17] DEBUG org.asynchttpclient.netty.handler.HttpHandler - 

Request DefaultHttpRequest(decodeResult: success, version: HTTP/1.1)
POST /session/3329aa6b765f309066bc8dd02191d6ff/element HTTP/1.1
User-Agent: selenium/4.12.0 (java windows)
Content-Length: 90
Content-Type: application/json; charset=utf-8
host: localhost:35746
accept: */*

Response DefaultHttpResponse(decodeResult: success, version: HTTP/1.1)
HTTP/1.1 200 OK
Content-Length: 126
Content-Type: application/json; charset=utf-8
cache-control: no-cache

20:16:23.594 [AsyncHttpClient-1-17] DEBUG org.asynchttpclient.netty.channel.ChannelManager - Adding key: http://localhost:35746 for channel [id: 0x5880e72e, L:/127.0.0.1:63453 - R:localhost/127.0.0.1:35746]
20:16:23.594 [Forwarding sendKeysToElement on session 3329aa6b765f309066bc8dd02191d6ff to remote] DEBUG org.asynchttpclient.netty.request.NettyRequestSender - Using pooled Channel '[id: 0x5880e72e, L:/127.0.0.1:63453 - R:localhost/127.0.0.1:35746]' for 'POST' to 'http://localhost:35746/session/3329aa6b765f309066bc8dd02191d6ff/element/f.B2870DF7316A537857E9721FD09A3092.d.5EA4DF0DB7D0CC302DE213574A15B309.e.49/value'
20:16:23.594 [Forwarding sendKeysToElement on session 3329aa6b765f309066bc8dd02191d6ff to remote] DEBUG org.asynchttpclient.netty.request.NettyRequestSender - Using open Channel [id: 0x5880e72e, L:/127.0.0.1:63453 - R:localhost/127.0.0.1:35746] for POST '/session/3329aa6b765f309066bc8dd02191d6ff/element/f.B2870DF7316A537857E9721FD09A3092.d.5EA4DF0DB7D0CC302DE213574A15B309.e.49/value'
20:16:23.667 [AsyncHttpClient-1-17] DEBUG org.asynchttpclient.netty.handler.HttpHandler - 

Request DefaultHttpRequest(decodeResult: success, version: HTTP/1.1)
POST /session/3329aa6b765f309066bc8dd02191d6ff/element/f.B2870DF7316A537857E9721FD09A3092.d.5EA4DF0DB7D0CC302DE213574A15B309.e.49/value HTTP/1.1
User-Agent: selenium/4.12.0 (java windows)
Content-Length: 139
Content-Type: application/json; charset=utf-8
host: localhost:35746
accept: */*

Response DefaultHttpResponse(decodeResult: success, version: HTTP/1.1)
HTTP/1.1 200 OK
Content-Length: 14
Content-Type: application/json; charset=utf-8
cache-control: no-cache

20:16:23.667 [AsyncHttpClient-1-17] DEBUG org.asynchttpclient.netty.channel.ChannelManager - Adding key: http://localhost:35746 for channel [id: 0x5880e72e, L:/127.0.0.1:63453 - R:localhost/127.0.0.1:35746]
20:16:23.667 [Forwarding findElement on session 3329aa6b765f309066bc8dd02191d6ff to remote] DEBUG org.asynchttpclient.netty.request.NettyRequestSender - Using pooled Channel '[id: 0x5880e72e, L:/127.0.0.1:63453 - R:localhost/127.0.0.1:35746]' for 'POST' to 'http://localhost:35746/session/3329aa6b765f309066bc8dd02191d6ff/element'
20:16:23.667 [Forwarding findElement on session 3329aa6b765f309066bc8dd02191d6ff to remote] DEBUG org.asynchttpclient.netty.request.NettyRequestSender - Using open Channel [id: 0x5880e72e, L:/127.0.0.1:63453 - R:localhost/127.0.0.1:35746] for POST '/session/3329aa6b765f309066bc8dd02191d6ff/element'
20:16:23.677 [AsyncHttpClient-1-17] DEBUG org.asynchttpclient.netty.handler.HttpHandler - 

Request DefaultHttpRequest(decodeResult: success, version: HTTP/1.1)
POST /session/3329aa6b765f309066bc8dd02191d6ff/element HTTP/1.1
User-Agent: selenium/4.12.0 (java windows)
Content-Length: 96
Content-Type: application/json; charset=utf-8
host: localhost:35746
accept: */*

Response DefaultHttpResponse(decodeResult: success, version: HTTP/1.1)
HTTP/1.1 200 OK
Content-Length: 126
Content-Type: application/json; charset=utf-8
cache-control: no-cache

20:16:23.677 [AsyncHttpClient-1-17] DEBUG org.asynchttpclient.netty.channel.ChannelManager - Adding key: http://localhost:35746 for channel [id: 0x5880e72e, L:/127.0.0.1:63453 - R:localhost/127.0.0.1:35746]
20:16:23.678 [Forwarding sendKeysToElement on session 3329aa6b765f309066bc8dd02191d6ff to remote] DEBUG org.asynchttpclient.netty.request.NettyRequestSender - Using pooled Channel '[id: 0x5880e72e, L:/127.0.0.1:63453 - R:localhost/127.0.0.1:35746]' for 'POST' to 'http://localhost:35746/session/3329aa6b765f309066bc8dd02191d6ff/element/f.B2870DF7316A537857E9721FD09A3092.d.5EA4DF0DB7D0CC302DE213574A15B309.e.50/value'
20:16:23.678 [Forwarding sendKeysToElement on session 3329aa6b765f309066bc8dd02191d6ff to remote] DEBUG org.asynchttpclient.netty.request.NettyRequestSender - Using open Channel [id: 0x5880e72e, L:/127.0.0.1:63453 - R:localhost/127.0.0.1:35746] for POST '/session/3329aa6b765f309066bc8dd02191d6ff/element/f.B2870DF7316A537857E9721FD09A3092.d.5EA4DF0DB7D0CC302DE213574A15B309.e.50/value'
20:16:23.744 [AsyncHttpClient-1-17] DEBUG org.asynchttpclient.netty.handler.HttpHandler - 

Request DefaultHttpRequest(decodeResult: success, version: HTTP/1.1)
POST /session/3329aa6b765f309066bc8dd02191d6ff/element/f.B2870DF7316A537857E9721FD09A3092.d.5EA4DF0DB7D0CC302DE213574A15B309.e.50/value HTTP/1.1
User-Agent: selenium/4.12.0 (java windows)
Content-Length: 179
Content-Type: application/json; charset=utf-8
host: localhost:35746
accept: */*

Response DefaultHttpResponse(decodeResult: success, version: HTTP/1.1)
HTTP/1.1 200 OK
Content-Length: 14
Content-Type: application/json; charset=utf-8
cache-control: no-cache

20:16:23.744 [AsyncHttpClient-1-17] DEBUG org.asynchttpclient.netty.channel.ChannelManager - Adding key: http://localhost:35746 for channel [id: 0x5880e72e, L:/127.0.0.1:63453 - R:localhost/127.0.0.1:35746]
20:16:23.744 [Forwarding findElement on session 3329aa6b765f309066bc8dd02191d6ff to remote] DEBUG org.asynchttpclient.netty.request.NettyRequestSender - Using pooled Channel '[id: 0x5880e72e, L:/127.0.0.1:63453 - R:localhost/127.0.0.1:35746]' for 'POST' to 'http://localhost:35746/session/3329aa6b765f309066bc8dd02191d6ff/element'
20:16:23.744 [Forwarding findElement on session 3329aa6b765f309066bc8dd02191d6ff to remote] DEBUG org.asynchttpclient.netty.request.NettyRequestSender - Using open Channel [id: 0x5880e72e, L:/127.0.0.1:63453 - R:localhost/127.0.0.1:35746] for POST '/session/3329aa6b765f309066bc8dd02191d6ff/element'
20:16:23.760 [AsyncHttpClient-1-17] DEBUG org.asynchttpclient.netty.handler.HttpHandler - 

Request DefaultHttpRequest(decodeResult: success, version: HTTP/1.1)
POST /session/3329aa6b765f309066bc8dd02191d6ff/element HTTP/1.1
User-Agent: selenium/4.12.0 (java windows)
Content-Length: 78
Content-Type: application/json; charset=utf-8
host: localhost:35746
accept: */*

Response DefaultHttpResponse(decodeResult: success, version: HTTP/1.1)
HTTP/1.1 200 OK
Content-Length: 126
Content-Type: application/json; charset=utf-8
cache-control: no-cache

20:16:23.760 [AsyncHttpClient-1-17] DEBUG org.asynchttpclient.netty.channel.ChannelManager - Adding key: http://localhost:35746 for channel [id: 0x5880e72e, L:/127.0.0.1:63453 - R:localhost/127.0.0.1:35746]
20:16:23.761 [Forwarding sendKeysToElement on session 3329aa6b765f309066bc8dd02191d6ff to remote] DEBUG org.asynchttpclient.netty.request.NettyRequestSender - Using pooled Channel '[id: 0x5880e72e, L:/127.0.0.1:63453 - R:localhost/127.0.0.1:35746]' for 'POST' to 'http://localhost:35746/session/3329aa6b765f309066bc8dd02191d6ff/element/f.B2870DF7316A537857E9721FD09A3092.d.5EA4DF0DB7D0CC302DE213574A15B309.e.51/value'
20:16:23.761 [Forwarding sendKeysToElement on session 3329aa6b765f309066bc8dd02191d6ff to remote] DEBUG org.asynchttpclient.netty.request.NettyRequestSender - Using open Channel [id: 0x5880e72e, L:/127.0.0.1:63453 - R:localhost/127.0.0.1:35746] for POST '/session/3329aa6b765f309066bc8dd02191d6ff/element/f.B2870DF7316A537857E9721FD09A3092.d.5EA4DF0DB7D0CC302DE213574A15B309.e.51/value'
20:16:23.830 [AsyncHttpClient-1-17] DEBUG org.asynchttpclient.netty.handler.HttpHandler - 

Request DefaultHttpRequest(decodeResult: success, version: HTTP/1.1)
POST /session/3329aa6b765f309066bc8dd02191d6ff/element/f.B2870DF7316A537857E9721FD09A3092.d.5EA4DF0DB7D0CC302DE213574A15B309.e.51/value HTTP/1.1
User-Agent: selenium/4.12.0 (java windows)
Content-Length: 149
Content-Type: application/json; charset=utf-8
host: localhost:35746
accept: */*

Response DefaultHttpResponse(decodeResult: success, version: HTTP/1.1)
HTTP/1.1 200 OK
Content-Length: 14
Content-Type: application/json; charset=utf-8
cache-control: no-cache

20:16:23.830 [AsyncHttpClient-1-17] DEBUG org.asynchttpclient.netty.channel.ChannelManager - Adding key: http://localhost:35746 for channel [id: 0x5880e72e, L:/127.0.0.1:63453 - R:localhost/127.0.0.1:35746]
screen shot class not taking
  And Provide the Address DetailsMain_street001 YK FL 987678 USA    # StepDefination.Customer_onboarding.Provide_the_address_Details(java.lang.String,java.lang.String,java.lang.String,java.lang.String,java.lang.String)
20:16:24.439 [AsyncHttpClient-1-1] DEBUG org.asynchttpclient.netty.channel.DefaultChannelPool - Entry count for : http://localhost:63454 : 1
20:16:24.439 [AsyncHttpClient-1-1] DEBUG org.asynchttpclient.netty.channel.DefaultChannelPool - Entry count for : http://localhost:35746 : 1
20:16:25.340 [Forwarding findElement on session 3329aa6b765f309066bc8dd02191d6ff to remote] DEBUG org.asynchttpclient.netty.request.NettyRequestSender - Using pooled Channel '[id: 0x5880e72e, L:/127.0.0.1:63453 - R:localhost/127.0.0.1:35746]' for 'POST' to 'http://localhost:35746/session/3329aa6b765f309066bc8dd02191d6ff/element'
20:16:25.340 [Forwarding findElement on session 3329aa6b765f309066bc8dd02191d6ff to remote] DEBUG org.asynchttpclient.netty.request.NettyRequestSender - Using open Channel [id: 0x5880e72e, L:/127.0.0.1:63453 - R:localhost/127.0.0.1:35746] for POST '/session/3329aa6b765f309066bc8dd02191d6ff/element'
20:16:25.357 [AsyncHttpClient-1-17] DEBUG org.asynchttpclient.netty.handler.HttpHandler - 

Request DefaultHttpRequest(decodeResult: success, version: HTTP/1.1)
POST /session/3329aa6b765f309066bc8dd02191d6ff/element HTTP/1.1
User-Agent: selenium/4.12.0 (java windows)
Content-Length: 72
Content-Type: application/json; charset=utf-8
host: localhost:35746
accept: */*

Response DefaultHttpResponse(decodeResult: success, version: HTTP/1.1)
HTTP/1.1 200 OK
Content-Length: 126
Content-Type: application/json; charset=utf-8
cache-control: no-cache

20:16:25.357 [AsyncHttpClient-1-17] DEBUG org.asynchttpclient.netty.channel.ChannelManager - Adding key: http://localhost:35746 for channel [id: 0x5880e72e, L:/127.0.0.1:63453 - R:localhost/127.0.0.1:35746]
20:16:25.357 [Forwarding clickElement on session 3329aa6b765f309066bc8dd02191d6ff to remote] DEBUG org.asynchttpclient.netty.request.NettyRequestSender - Using pooled Channel '[id: 0x5880e72e, L:/127.0.0.1:63453 - R:localhost/127.0.0.1:35746]' for 'POST' to 'http://localhost:35746/session/3329aa6b765f309066bc8dd02191d6ff/element/f.B2870DF7316A537857E9721FD09A3092.d.5EA4DF0DB7D0CC302DE213574A15B309.e.88/click'
20:16:25.357 [Forwarding clickElement on session 3329aa6b765f309066bc8dd02191d6ff to remote] DEBUG org.asynchttpclient.netty.request.NettyRequestSender - Using open Channel [id: 0x5880e72e, L:/127.0.0.1:63453 - R:localhost/127.0.0.1:35746] for POST '/session/3329aa6b765f309066bc8dd02191d6ff/element/f.B2870DF7316A537857E9721FD09A3092.d.5EA4DF0DB7D0CC302DE213574A15B309.e.88/click'
20:16:25.442 [AsyncHttpClient-1-17] DEBUG org.asynchttpclient.netty.handler.HttpHandler - 

Request DefaultHttpRequest(decodeResult: success, version: HTTP/1.1)
POST /session/3329aa6b765f309066bc8dd02191d6ff/element/f.B2870DF7316A537857E9721FD09A3092.d.5EA4DF0DB7D0CC302DE213574A15B309.e.88/click HTTP/1.1
User-Agent: selenium/4.12.0 (java windows)
Content-Length: 88
Content-Type: application/json; charset=utf-8
host: localhost:35746
accept: */*

Response DefaultHttpResponse(decodeResult: success, version: HTTP/1.1)
HTTP/1.1 200 OK
Content-Length: 14
Content-Type: application/json; charset=utf-8
cache-control: no-cache

20:16:25.442 [AsyncHttpClient-1-17] DEBUG org.asynchttpclient.netty.channel.ChannelManager - Adding key: http://localhost:35746 for channel [id: 0x5880e72e, L:/127.0.0.1:63453 - R:localhost/127.0.0.1:35746]
20:16:25.526 [AsyncHttpClient-1-1] DEBUG org.asynchttpclient.netty.channel.DefaultChannelPool - Entry count for : http://localhost:63454 : 1
20:16:25.526 [AsyncHttpClient-1-1] DEBUG org.asynchttpclient.netty.channel.DefaultChannelPool - Entry count for : http://localhost:35746 : 1
screen shot class not taking
  When Submit the form                                              # StepDefination.Customer_onboarding.Submit_the_form()
20:16:26.464 [Forwarding findElement on session 3329aa6b765f309066bc8dd02191d6ff to remote] DEBUG org.asynchttpclient.netty.request.NettyRequestSender - Using pooled Channel '[id: 0x5880e72e, L:/127.0.0.1:63453 - R:localhost/127.0.0.1:35746]' for 'POST' to 'http://localhost:35746/session/3329aa6b765f309066bc8dd02191d6ff/element'
20:16:26.464 [Forwarding findElement on session 3329aa6b765f309066bc8dd02191d6ff to remote] DEBUG org.asynchttpclient.netty.request.NettyRequestSender - Using open Channel [id: 0x5880e72e, L:/127.0.0.1:63453 - R:localhost/127.0.0.1:35746] for POST '/session/3329aa6b765f309066bc8dd02191d6ff/element'
20:16:26.480 [AsyncHttpClient-1-17] DEBUG org.asynchttpclient.netty.handler.HttpHandler - 

Request DefaultHttpRequest(decodeResult: success, version: HTTP/1.1)
POST /session/3329aa6b765f309066bc8dd02191d6ff/element HTTP/1.1
User-Agent: selenium/4.12.0 (java windows)
Content-Length: 151
Content-Type: application/json; charset=utf-8
host: localhost:35746
accept: */*

Response DefaultHttpResponse(decodeResult: success, version: HTTP/1.1)
HTTP/1.1 200 OK
Content-Length: 126
Content-Type: application/json; charset=utf-8
cache-control: no-cache

20:16:26.480 [AsyncHttpClient-1-17] DEBUG org.asynchttpclient.netty.channel.ChannelManager - Adding key: http://localhost:35746 for channel [id: 0x5880e72e, L:/127.0.0.1:63453 - R:localhost/127.0.0.1:35746]
20:16:26.480 [Forwarding clickElement on session 3329aa6b765f309066bc8dd02191d6ff to remote] DEBUG org.asynchttpclient.netty.request.NettyRequestSender - Using pooled Channel '[id: 0x5880e72e, L:/127.0.0.1:63453 - R:localhost/127.0.0.1:35746]' for 'POST' to 'http://localhost:35746/session/3329aa6b765f309066bc8dd02191d6ff/element/f.B2870DF7316A537857E9721FD09A3092.d.5EA4DF0DB7D0CC302DE213574A15B309.e.90/click'
20:16:26.480 [Forwarding clickElement on session 3329aa6b765f309066bc8dd02191d6ff to remote] DEBUG org.asynchttpclient.netty.request.NettyRequestSender - Using open Channel [id: 0x5880e72e, L:/127.0.0.1:63453 - R:localhost/127.0.0.1:35746] for POST '/session/3329aa6b765f309066bc8dd02191d6ff/element/f.B2870DF7316A537857E9721FD09A3092.d.5EA4DF0DB7D0CC302DE213574A15B309.e.90/click'
20:16:26.524 [AsyncHttpClient-1-17] DEBUG org.asynchttpclient.netty.handler.HttpHandler - 

Request DefaultHttpRequest(decodeResult: success, version: HTTP/1.1)
POST /session/3329aa6b765f309066bc8dd02191d6ff/element/f.B2870DF7316A537857E9721FD09A3092.d.5EA4DF0DB7D0CC302DE213574A15B309.e.90/click HTTP/1.1
User-Agent: selenium/4.12.0 (java windows)
Content-Length: 88
Content-Type: application/json; charset=utf-8
host: localhost:35746
accept: */*

Response DefaultHttpResponse(decodeResult: success, version: HTTP/1.1)
HTTP/1.1 200 OK
Content-Length: 14
Content-Type: application/json; charset=utf-8
cache-control: no-cache

20:16:26.524 [AsyncHttpClient-1-17] DEBUG org.asynchttpclient.netty.channel.ChannelManager - Adding key: http://localhost:35746 for channel [id: 0x5880e72e, L:/127.0.0.1:63453 - R:localhost/127.0.0.1:35746]
20:16:26.641 [AsyncHttpClient-1-1] DEBUG org.asynchttpclient.netty.channel.DefaultChannelPool - Entry count for : http://localhost:63454 : 1
20:16:26.641 [AsyncHttpClient-1-1] DEBUG org.asynchttpclient.netty.channel.DefaultChannelPool - Entry count for : http://localhost:35746 : 1
screen shot class not taking
  And Tap back button                                               # StepDefination.Customer_onboarding.Tap_back_button()
20:16:27.731 [AsyncHttpClient-1-1] DEBUG org.asynchttpclient.netty.channel.DefaultChannelPool - Entry count for : http://localhost:63454 : 1
20:16:27.731 [AsyncHttpClient-1-1] DEBUG org.asynchttpclient.netty.channel.DefaultChannelPool - Entry count for : http://localhost:35746 : 1
20:16:28.042 [Forwarding findElements on session 3329aa6b765f309066bc8dd02191d6ff to remote] DEBUG org.asynchttpclient.netty.request.NettyRequestSender - Using pooled Channel '[id: 0x5880e72e, L:/127.0.0.1:63453 - R:localhost/127.0.0.1:35746]' for 'POST' to 'http://localhost:35746/session/3329aa6b765f309066bc8dd02191d6ff/elements'
20:16:28.042 [Forwarding findElements on session 3329aa6b765f309066bc8dd02191d6ff to remote] DEBUG org.asynchttpclient.netty.request.NettyRequestSender - Using open Channel [id: 0x5880e72e, L:/127.0.0.1:63453 - R:localhost/127.0.0.1:35746] for POST '/session/3329aa6b765f309066bc8dd02191d6ff/elements'
20:16:28.063 [AsyncHttpClient-1-17] DEBUG org.asynchttpclient.netty.handler.HttpHandler - 

Request DefaultHttpRequest(decodeResult: success, version: HTTP/1.1)
POST /session/3329aa6b765f309066bc8dd02191d6ff/elements HTTP/1.1
User-Agent: selenium/4.12.0 (java windows)
Content-Length: 142
Content-Type: application/json; charset=utf-8
host: localhost:35746
accept: */*

Response DefaultHttpResponse(decodeResult: success, version: HTTP/1.1)
HTTP/1.1 200 OK
Content-Length: 3546
Content-Type: application/json; charset=utf-8
cache-control: no-cache

20:16:28.063 [AsyncHttpClient-1-17] DEBUG org.asynchttpclient.netty.channel.ChannelManager - Adding key: http://localhost:35746 for channel [id: 0x5880e72e, L:/127.0.0.1:63453 - R:localhost/127.0.0.1:35746]
20:16:28.063 [Forwarding findElement on session 3329aa6b765f309066bc8dd02191d6ff to remote] DEBUG org.asynchttpclient.netty.request.NettyRequestSender - Using pooled Channel '[id: 0x5880e72e, L:/127.0.0.1:63453 - R:localhost/127.0.0.1:35746]' for 'POST' to 'http://localhost:35746/session/3329aa6b765f309066bc8dd02191d6ff/element'
20:16:28.063 [Forwarding findElement on session 3329aa6b765f309066bc8dd02191d6ff to remote] DEBUG org.asynchttpclient.netty.request.NettyRequestSender - Using open Channel [id: 0x5880e72e, L:/127.0.0.1:63453 - R:localhost/127.0.0.1:35746] for POST '/session/3329aa6b765f309066bc8dd02191d6ff/element'
20:16:28.079 [AsyncHttpClient-1-17] DEBUG org.asynchttpclient.netty.handler.HttpHandler - 

Request DefaultHttpRequest(decodeResult: success, version: HTTP/1.1)
POST /session/3329aa6b765f309066bc8dd02191d6ff/element HTTP/1.1
User-Agent: selenium/4.12.0 (java windows)
Content-Length: 198
Content-Type: application/json; charset=utf-8
host: localhost:35746
accept: */*

Response DefaultHttpResponse(decodeResult: success, version: HTTP/1.1)
HTTP/1.1 200 OK
Content-Length: 127
Content-Type: application/json; charset=utf-8
cache-control: no-cache

20:16:28.079 [AsyncHttpClient-1-17] DEBUG org.asynchttpclient.netty.channel.ChannelManager - Adding key: http://localhost:35746 for channel [id: 0x5880e72e, L:/127.0.0.1:63453 - R:localhost/127.0.0.1:35746]
20:16:28.079 [Forwarding getElementText on session 3329aa6b765f309066bc8dd02191d6ff to remote] DEBUG org.asynchttpclient.netty.request.NettyRequestSender - Using pooled Channel '[id: 0x5880e72e, L:/127.0.0.1:63453 - R:localhost/127.0.0.1:35746]' for 'GET' to 'http://localhost:35746/session/3329aa6b765f309066bc8dd02191d6ff/element/f.B2870DF7316A537857E9721FD09A3092.d.5EA4DF0DB7D0CC302DE213574A15B309.e.125/text'
20:16:28.079 [Forwarding getElementText on session 3329aa6b765f309066bc8dd02191d6ff to remote] DEBUG org.asynchttpclient.netty.request.NettyRequestSender - Using open Channel [id: 0x5880e72e, L:/127.0.0.1:63453 - R:localhost/127.0.0.1:35746] for GET '/session/3329aa6b765f309066bc8dd02191d6ff/element/f.B2870DF7316A537857E9721FD09A3092.d.5EA4DF0DB7D0CC302DE213574A15B309.e.125/text'
20:16:28.091 [AsyncHttpClient-1-17] DEBUG org.asynchttpclient.netty.handler.HttpHandler - 

Request DefaultFullHttpRequest(decodeResult: success, version: HTTP/1.1, content: EmptyByteBufBE)
GET /session/3329aa6b765f309066bc8dd02191d6ff/element/f.B2870DF7316A537857E9721FD09A3092.d.5EA4DF0DB7D0CC302DE213574A15B309.e.125/text HTTP/1.1
Cache-Control: no-cache
User-Agent: selenium/4.12.0 (java windows)
Content-Type: application/json; charset=utf-8
host: localhost:35746
accept: */*

Response DefaultHttpResponse(decodeResult: success, version: HTTP/1.1)
HTTP/1.1 200 OK
Content-Length: 23
Content-Type: application/json; charset=utf-8
cache-control: no-cache

20:16:28.091 [AsyncHttpClient-1-17] DEBUG org.asynchttpclient.netty.channel.ChannelManager - Adding key: http://localhost:35746 for channel [id: 0x5880e72e, L:/127.0.0.1:63453 - R:localhost/127.0.0.1:35746]
actual name: Tk_Steel
20:16:28.091 [Forwarding findElement on session 3329aa6b765f309066bc8dd02191d6ff to remote] DEBUG org.asynchttpclient.netty.request.NettyRequestSender - Using pooled Channel '[id: 0x5880e72e, L:/127.0.0.1:63453 - R:localhost/127.0.0.1:35746]' for 'POST' to 'http://localhost:35746/session/3329aa6b765f309066bc8dd02191d6ff/element'
20:16:28.091 [Forwarding findElement on session 3329aa6b765f309066bc8dd02191d6ff to remote] DEBUG org.asynchttpclient.netty.request.NettyRequestSender - Using open Channel [id: 0x5880e72e, L:/127.0.0.1:63453 - R:localhost/127.0.0.1:35746] for POST '/session/3329aa6b765f309066bc8dd02191d6ff/element'
20:16:28.091 [AsyncHttpClient-1-17] DEBUG org.asynchttpclient.netty.handler.HttpHandler - 

Request DefaultHttpRequest(decodeResult: success, version: HTTP/1.1)
POST /session/3329aa6b765f309066bc8dd02191d6ff/element HTTP/1.1
User-Agent: selenium/4.12.0 (java windows)
Content-Length: 198
Content-Type: application/json; charset=utf-8
host: localhost:35746
accept: */*

Response DefaultHttpResponse(decodeResult: success, version: HTTP/1.1)
HTTP/1.1 200 OK
Content-Length: 127
Content-Type: application/json; charset=utf-8
cache-control: no-cache

20:16:28.091 [AsyncHttpClient-1-17] DEBUG org.asynchttpclient.netty.channel.ChannelManager - Adding key: http://localhost:35746 for channel [id: 0x5880e72e, L:/127.0.0.1:63453 - R:localhost/127.0.0.1:35746]
20:16:28.091 [Forwarding getElementText on session 3329aa6b765f309066bc8dd02191d6ff to remote] DEBUG org.asynchttpclient.netty.request.NettyRequestSender - Using pooled Channel '[id: 0x5880e72e, L:/127.0.0.1:63453 - R:localhost/127.0.0.1:35746]' for 'GET' to 'http://localhost:35746/session/3329aa6b765f309066bc8dd02191d6ff/element/f.B2870DF7316A537857E9721FD09A3092.d.5EA4DF0DB7D0CC302DE213574A15B309.e.126/text'
20:16:28.091 [Forwarding getElementText on session 3329aa6b765f309066bc8dd02191d6ff to remote] DEBUG org.asynchttpclient.netty.request.NettyRequestSender - Using open Channel [id: 0x5880e72e, L:/127.0.0.1:63453 - R:localhost/127.0.0.1:35746] for GET '/session/3329aa6b765f309066bc8dd02191d6ff/element/f.B2870DF7316A537857E9721FD09A3092.d.5EA4DF0DB7D0CC302DE213574A15B309.e.126/text'
20:16:28.138 [AsyncHttpClient-1-17] DEBUG org.asynchttpclient.netty.handler.HttpHandler - 

Request DefaultFullHttpRequest(decodeResult: success, version: HTTP/1.1, content: EmptyByteBufBE)
GET /session/3329aa6b765f309066bc8dd02191d6ff/element/f.B2870DF7316A537857E9721FD09A3092.d.5EA4DF0DB7D0CC302DE213574A15B309.e.126/text HTTP/1.1
Cache-Control: no-cache
User-Agent: selenium/4.12.0 (java windows)
Content-Type: application/json; charset=utf-8
host: localhost:35746
accept: */*

Response DefaultHttpResponse(decodeResult: success, version: HTTP/1.1)
HTTP/1.1 200 OK
Content-Length: 23
Content-Type: application/json; charset=utf-8
cache-control: no-cache

20:16:28.138 [AsyncHttpClient-1-17] DEBUG org.asynchttpclient.netty.channel.ChannelManager - Adding key: http://localhost:35746 for channel [id: 0x5880e72e, L:/127.0.0.1:63453 - R:localhost/127.0.0.1:35746]
actual name: Wk_Const
20:16:28.139 [Forwarding findElement on session 3329aa6b765f309066bc8dd02191d6ff to remote] DEBUG org.asynchttpclient.netty.request.NettyRequestSender - Using pooled Channel '[id: 0x5880e72e, L:/127.0.0.1:63453 - R:localhost/127.0.0.1:35746]' for 'POST' to 'http://localhost:35746/session/3329aa6b765f309066bc8dd02191d6ff/element'
20:16:28.139 [Forwarding findElement on session 3329aa6b765f309066bc8dd02191d6ff to remote] DEBUG org.asynchttpclient.netty.request.NettyRequestSender - Using open Channel [id: 0x5880e72e, L:/127.0.0.1:63453 - R:localhost/127.0.0.1:35746] for POST '/session/3329aa6b765f309066bc8dd02191d6ff/element'
20:16:28.147 [AsyncHttpClient-1-17] DEBUG org.asynchttpclient.netty.handler.HttpHandler - 

Request DefaultHttpRequest(decodeResult: success, version: HTTP/1.1)
POST /session/3329aa6b765f309066bc8dd02191d6ff/element HTTP/1.1
User-Agent: selenium/4.12.0 (java windows)
Content-Length: 198
Content-Type: application/json; charset=utf-8
host: localhost:35746
accept: */*

Response DefaultHttpResponse(decodeResult: success, version: HTTP/1.1)
HTTP/1.1 200 OK
Content-Length: 127
Content-Type: application/json; charset=utf-8
cache-control: no-cache

20:16:28.147 [AsyncHttpClient-1-17] DEBUG org.asynchttpclient.netty.channel.ChannelManager - Adding key: http://localhost:35746 for channel [id: 0x5880e72e, L:/127.0.0.1:63453 - R:localhost/127.0.0.1:35746]
20:16:28.157 [Forwarding getElementText on session 3329aa6b765f309066bc8dd02191d6ff to remote] DEBUG org.asynchttpclient.netty.request.NettyRequestSender - Using pooled Channel '[id: 0x5880e72e, L:/127.0.0.1:63453 - R:localhost/127.0.0.1:35746]' for 'GET' to 'http://localhost:35746/session/3329aa6b765f309066bc8dd02191d6ff/element/f.B2870DF7316A537857E9721FD09A3092.d.5EA4DF0DB7D0CC302DE213574A15B309.e.127/text'
20:16:28.157 [Forwarding getElementText on session 3329aa6b765f309066bc8dd02191d6ff to remote] DEBUG org.asynchttpclient.netty.request.NettyRequestSender - Using open Channel [id: 0x5880e72e, L:/127.0.0.1:63453 - R:localhost/127.0.0.1:35746] for GET '/session/3329aa6b765f309066bc8dd02191d6ff/element/f.B2870DF7316A537857E9721FD09A3092.d.5EA4DF0DB7D0CC302DE213574A15B309.e.127/text'
20:16:28.157 [AsyncHttpClient-1-17] DEBUG org.asynchttpclient.netty.handler.HttpHandler - 

Request DefaultFullHttpRequest(decodeResult: success, version: HTTP/1.1, content: EmptyByteBufBE)
GET /session/3329aa6b765f309066bc8dd02191d6ff/element/f.B2870DF7316A537857E9721FD09A3092.d.5EA4DF0DB7D0CC302DE213574A15B309.e.127/text HTTP/1.1
Cache-Control: no-cache
User-Agent: selenium/4.12.0 (java windows)
Content-Type: application/json; charset=utf-8
host: localhost:35746
accept: */*

Response DefaultHttpResponse(decodeResult: success, version: HTTP/1.1)
HTTP/1.1 200 OK
Content-Length: 23
Content-Type: application/json; charset=utf-8
cache-control: no-cache

20:16:28.157 [AsyncHttpClient-1-17] DEBUG org.asynchttpclient.netty.channel.ChannelManager - Adding key: http://localhost:35746 for channel [id: 0x5880e72e, L:/127.0.0.1:63453 - R:localhost/127.0.0.1:35746]
actual name: Tk_Steel
20:16:28.169 [Forwarding findElement on session 3329aa6b765f309066bc8dd02191d6ff to remote] DEBUG org.asynchttpclient.netty.request.NettyRequestSender - Using pooled Channel '[id: 0x5880e72e, L:/127.0.0.1:63453 - R:localhost/127.0.0.1:35746]' for 'POST' to 'http://localhost:35746/session/3329aa6b765f309066bc8dd02191d6ff/element'
20:16:28.169 [Forwarding findElement on session 3329aa6b765f309066bc8dd02191d6ff to remote] DEBUG org.asynchttpclient.netty.request.NettyRequestSender - Using open Channel [id: 0x5880e72e, L:/127.0.0.1:63453 - R:localhost/127.0.0.1:35746] for POST '/session/3329aa6b765f309066bc8dd02191d6ff/element'
20:16:28.174 [AsyncHttpClient-1-17] DEBUG org.asynchttpclient.netty.handler.HttpHandler - 

Request DefaultHttpRequest(decodeResult: success, version: HTTP/1.1)
POST /session/3329aa6b765f309066bc8dd02191d6ff/element HTTP/1.1
User-Agent: selenium/4.12.0 (java windows)
Content-Length: 198
Content-Type: application/json; charset=utf-8
host: localhost:35746
accept: */*

Response DefaultHttpResponse(decodeResult: success, version: HTTP/1.1)
HTTP/1.1 200 OK
Content-Length: 127
Content-Type: application/json; charset=utf-8
cache-control: no-cache

20:16:28.174 [AsyncHttpClient-1-17] DEBUG org.asynchttpclient.netty.channel.ChannelManager - Adding key: http://localhost:35746 for channel [id: 0x5880e72e, L:/127.0.0.1:63453 - R:localhost/127.0.0.1:35746]
20:16:28.174 [Forwarding getElementText on session 3329aa6b765f309066bc8dd02191d6ff to remote] DEBUG org.asynchttpclient.netty.request.NettyRequestSender - Using pooled Channel '[id: 0x5880e72e, L:/127.0.0.1:63453 - R:localhost/127.0.0.1:35746]' for 'GET' to 'http://localhost:35746/session/3329aa6b765f309066bc8dd02191d6ff/element/f.B2870DF7316A537857E9721FD09A3092.d.5EA4DF0DB7D0CC302DE213574A15B309.e.128/text'
20:16:28.174 [Forwarding getElementText on session 3329aa6b765f309066bc8dd02191d6ff to remote] DEBUG org.asynchttpclient.netty.request.NettyRequestSender - Using open Channel [id: 0x5880e72e, L:/127.0.0.1:63453 - R:localhost/127.0.0.1:35746] for GET '/session/3329aa6b765f309066bc8dd02191d6ff/element/f.B2870DF7316A537857E9721FD09A3092.d.5EA4DF0DB7D0CC302DE213574A15B309.e.128/text'
20:16:28.174 [AsyncHttpClient-1-17] DEBUG org.asynchttpclient.netty.handler.HttpHandler - 

Request DefaultFullHttpRequest(decodeResult: success, version: HTTP/1.1, content: EmptyByteBufBE)
GET /session/3329aa6b765f309066bc8dd02191d6ff/element/f.B2870DF7316A537857E9721FD09A3092.d.5EA4DF0DB7D0CC302DE213574A15B309.e.128/text HTTP/1.1
Cache-Control: no-cache
User-Agent: selenium/4.12.0 (java windows)
Content-Type: application/json; charset=utf-8
host: localhost:35746
accept: */*

Response DefaultHttpResponse(decodeResult: success, version: HTTP/1.1)
HTTP/1.1 200 OK
Content-Length: 23
Content-Type: application/json; charset=utf-8
cache-control: no-cache

20:16:28.174 [AsyncHttpClient-1-17] DEBUG org.asynchttpclient.netty.channel.ChannelManager - Adding key: http://localhost:35746 for channel [id: 0x5880e72e, L:/127.0.0.1:63453 - R:localhost/127.0.0.1:35746]
actual name: Wk_Const
20:16:28.185 [Forwarding findElement on session 3329aa6b765f309066bc8dd02191d6ff to remote] DEBUG org.asynchttpclient.netty.request.NettyRequestSender - Using pooled Channel '[id: 0x5880e72e, L:/127.0.0.1:63453 - R:localhost/127.0.0.1:35746]' for 'POST' to 'http://localhost:35746/session/3329aa6b765f309066bc8dd02191d6ff/element'
20:16:28.185 [Forwarding findElement on session 3329aa6b765f309066bc8dd02191d6ff to remote] DEBUG org.asynchttpclient.netty.request.NettyRequestSender - Using open Channel [id: 0x5880e72e, L:/127.0.0.1:63453 - R:localhost/127.0.0.1:35746] for POST '/session/3329aa6b765f309066bc8dd02191d6ff/element'
20:16:28.189 [AsyncHttpClient-1-17] DEBUG org.asynchttpclient.netty.handler.HttpHandler - 

Request DefaultHttpRequest(decodeResult: success, version: HTTP/1.1)
POST /session/3329aa6b765f309066bc8dd02191d6ff/element HTTP/1.1
User-Agent: selenium/4.12.0 (java windows)
Content-Length: 198
Content-Type: application/json; charset=utf-8
host: localhost:35746
accept: */*

Response DefaultHttpResponse(decodeResult: success, version: HTTP/1.1)
HTTP/1.1 200 OK
Content-Length: 127
Content-Type: application/json; charset=utf-8
cache-control: no-cache

20:16:28.189 [AsyncHttpClient-1-17] DEBUG org.asynchttpclient.netty.channel.ChannelManager - Adding key: http://localhost:35746 for channel [id: 0x5880e72e, L:/127.0.0.1:63453 - R:localhost/127.0.0.1:35746]
20:16:28.189 [Forwarding getElementText on session 3329aa6b765f309066bc8dd02191d6ff to remote] DEBUG org.asynchttpclient.netty.request.NettyRequestSender - Using pooled Channel '[id: 0x5880e72e, L:/127.0.0.1:63453 - R:localhost/127.0.0.1:35746]' for 'GET' to 'http://localhost:35746/session/3329aa6b765f309066bc8dd02191d6ff/element/f.B2870DF7316A537857E9721FD09A3092.d.5EA4DF0DB7D0CC302DE213574A15B309.e.129/text'
20:16:28.189 [Forwarding getElementText on session 3329aa6b765f309066bc8dd02191d6ff to remote] DEBUG org.asynchttpclient.netty.request.NettyRequestSender - Using open Channel [id: 0x5880e72e, L:/127.0.0.1:63453 - R:localhost/127.0.0.1:35746] for GET '/session/3329aa6b765f309066bc8dd02191d6ff/element/f.B2870DF7316A537857E9721FD09A3092.d.5EA4DF0DB7D0CC302DE213574A15B309.e.129/text'
20:16:28.189 [AsyncHttpClient-1-17] DEBUG org.asynchttpclient.netty.handler.HttpHandler - 

Request DefaultFullHttpRequest(decodeResult: success, version: HTTP/1.1, content: EmptyByteBufBE)
GET /session/3329aa6b765f309066bc8dd02191d6ff/element/f.B2870DF7316A537857E9721FD09A3092.d.5EA4DF0DB7D0CC302DE213574A15B309.e.129/text HTTP/1.1
Cache-Control: no-cache
User-Agent: selenium/4.12.0 (java windows)
Content-Type: application/json; charset=utf-8
host: localhost:35746
accept: */*

Response DefaultHttpResponse(decodeResult: success, version: HTTP/1.1)
HTTP/1.1 200 OK
Content-Length: 23
Content-Type: application/json; charset=utf-8
cache-control: no-cache

20:16:28.189 [AsyncHttpClient-1-17] DEBUG org.asynchttpclient.netty.channel.ChannelManager - Adding key: http://localhost:35746 for channel [id: 0x5880e72e, L:/127.0.0.1:63453 - R:localhost/127.0.0.1:35746]
actual name: Ps_Const
20:16:28.200 [Forwarding findElement on session 3329aa6b765f309066bc8dd02191d6ff to remote] DEBUG org.asynchttpclient.netty.request.NettyRequestSender - Using pooled Channel '[id: 0x5880e72e, L:/127.0.0.1:63453 - R:localhost/127.0.0.1:35746]' for 'POST' to 'http://localhost:35746/session/3329aa6b765f309066bc8dd02191d6ff/element'
20:16:28.200 [Forwarding findElement on session 3329aa6b765f309066bc8dd02191d6ff to remote] DEBUG org.asynchttpclient.netty.request.NettyRequestSender - Using open Channel [id: 0x5880e72e, L:/127.0.0.1:63453 - R:localhost/127.0.0.1:35746] for POST '/session/3329aa6b765f309066bc8dd02191d6ff/element'
20:16:28.207 [AsyncHttpClient-1-17] DEBUG org.asynchttpclient.netty.handler.HttpHandler - 

Request DefaultHttpRequest(decodeResult: success, version: HTTP/1.1)
POST /session/3329aa6b765f309066bc8dd02191d6ff/element HTTP/1.1
User-Agent: selenium/4.12.0 (java windows)
Content-Length: 198
Content-Type: application/json; charset=utf-8
host: localhost:35746
accept: */*

Response DefaultHttpResponse(decodeResult: success, version: HTTP/1.1)
HTTP/1.1 200 OK
Content-Length: 127
Content-Type: application/json; charset=utf-8
cache-control: no-cache

20:16:28.207 [AsyncHttpClient-1-17] DEBUG org.asynchttpclient.netty.channel.ChannelManager - Adding key: http://localhost:35746 for channel [id: 0x5880e72e, L:/127.0.0.1:63453 - R:localhost/127.0.0.1:35746]
20:16:28.207 [Forwarding getElementText on session 3329aa6b765f309066bc8dd02191d6ff to remote] DEBUG org.asynchttpclient.netty.request.NettyRequestSender - Using pooled Channel '[id: 0x5880e72e, L:/127.0.0.1:63453 - R:localhost/127.0.0.1:35746]' for 'GET' to 'http://localhost:35746/session/3329aa6b765f309066bc8dd02191d6ff/element/f.B2870DF7316A537857E9721FD09A3092.d.5EA4DF0DB7D0CC302DE213574A15B309.e.130/text'
20:16:28.207 [Forwarding getElementText on session 3329aa6b765f309066bc8dd02191d6ff to remote] DEBUG org.asynchttpclient.netty.request.NettyRequestSender - Using open Channel [id: 0x5880e72e, L:/127.0.0.1:63453 - R:localhost/127.0.0.1:35746] for GET '/session/3329aa6b765f309066bc8dd02191d6ff/element/f.B2870DF7316A537857E9721FD09A3092.d.5EA4DF0DB7D0CC302DE213574A15B309.e.130/text'
20:16:28.209 [AsyncHttpClient-1-17] DEBUG org.asynchttpclient.netty.handler.HttpHandler - 

Request DefaultFullHttpRequest(decodeResult: success, version: HTTP/1.1, content: EmptyByteBufBE)
GET /session/3329aa6b765f309066bc8dd02191d6ff/element/f.B2870DF7316A537857E9721FD09A3092.d.5EA4DF0DB7D0CC302DE213574A15B309.e.130/text HTTP/1.1
Cache-Control: no-cache
User-Agent: selenium/4.12.0 (java windows)
Content-Type: application/json; charset=utf-8
host: localhost:35746
accept: */*

Response DefaultHttpResponse(decodeResult: success, version: HTTP/1.1)
HTTP/1.1 200 OK
Content-Length: 23
Content-Type: application/json; charset=utf-8
cache-control: no-cache

20:16:28.209 [AsyncHttpClient-1-17] DEBUG org.asynchttpclient.netty.channel.ChannelManager - Adding key: http://localhost:35746 for channel [id: 0x5880e72e, L:/127.0.0.1:63453 - R:localhost/127.0.0.1:35746]
actual name: Op_Steel
20:16:28.213 [Forwarding findElement on session 3329aa6b765f309066bc8dd02191d6ff to remote] DEBUG org.asynchttpclient.netty.request.NettyRequestSender - Using pooled Channel '[id: 0x5880e72e, L:/127.0.0.1:63453 - R:localhost/127.0.0.1:35746]' for 'POST' to 'http://localhost:35746/session/3329aa6b765f309066bc8dd02191d6ff/element'
20:16:28.213 [Forwarding findElement on session 3329aa6b765f309066bc8dd02191d6ff to remote] DEBUG org.asynchttpclient.netty.request.NettyRequestSender - Using open Channel [id: 0x5880e72e, L:/127.0.0.1:63453 - R:localhost/127.0.0.1:35746] for POST '/session/3329aa6b765f309066bc8dd02191d6ff/element'
20:16:28.215 [AsyncHttpClient-1-17] DEBUG org.asynchttpclient.netty.handler.HttpHandler - 

Request DefaultHttpRequest(decodeResult: success, version: HTTP/1.1)
POST /session/3329aa6b765f309066bc8dd02191d6ff/element HTTP/1.1
User-Agent: selenium/4.12.0 (java windows)
Content-Length: 198
Content-Type: application/json; charset=utf-8
host: localhost:35746
accept: */*

Response DefaultHttpResponse(decodeResult: success, version: HTTP/1.1)
HTTP/1.1 200 OK
Content-Length: 127
Content-Type: application/json; charset=utf-8
cache-control: no-cache

20:16:28.215 [AsyncHttpClient-1-17] DEBUG org.asynchttpclient.netty.channel.ChannelManager - Adding key: http://localhost:35746 for channel [id: 0x5880e72e, L:/127.0.0.1:63453 - R:localhost/127.0.0.1:35746]
20:16:28.215 [Forwarding getElementText on session 3329aa6b765f309066bc8dd02191d6ff to remote] DEBUG org.asynchttpclient.netty.request.NettyRequestSender - Using pooled Channel '[id: 0x5880e72e, L:/127.0.0.1:63453 - R:localhost/127.0.0.1:35746]' for 'GET' to 'http://localhost:35746/session/3329aa6b765f309066bc8dd02191d6ff/element/f.B2870DF7316A537857E9721FD09A3092.d.5EA4DF0DB7D0CC302DE213574A15B309.e.131/text'
20:16:28.215 [Forwarding getElementText on session 3329aa6b765f309066bc8dd02191d6ff to remote] DEBUG org.asynchttpclient.netty.request.NettyRequestSender - Using open Channel [id: 0x5880e72e, L:/127.0.0.1:63453 - R:localhost/127.0.0.1:35746] for GET '/session/3329aa6b765f309066bc8dd02191d6ff/element/f.B2870DF7316A537857E9721FD09A3092.d.5EA4DF0DB7D0CC302DE213574A15B309.e.131/text'
20:16:28.224 [AsyncHttpClient-1-17] DEBUG org.asynchttpclient.netty.handler.HttpHandler - 

Request DefaultFullHttpRequest(decodeResult: success, version: HTTP/1.1, content: EmptyByteBufBE)
GET /session/3329aa6b765f309066bc8dd02191d6ff/element/f.B2870DF7316A537857E9721FD09A3092.d.5EA4DF0DB7D0CC302DE213574A15B309.e.131/text HTTP/1.1
Cache-Control: no-cache
User-Agent: selenium/4.12.0 (java windows)
Content-Type: application/json; charset=utf-8
host: localhost:35746
accept: */*

Response DefaultHttpResponse(decodeResult: success, version: HTTP/1.1)
HTTP/1.1 200 OK
Content-Length: 23
Content-Type: application/json; charset=utf-8
cache-control: no-cache

20:16:28.224 [AsyncHttpClient-1-17] DEBUG org.asynchttpclient.netty.channel.ChannelManager - Adding key: http://localhost:35746 for channel [id: 0x5880e72e, L:/127.0.0.1:63453 - R:localhost/127.0.0.1:35746]
actual name: Tk_Steel
20:16:28.227 [Forwarding findElement on session 3329aa6b765f309066bc8dd02191d6ff to remote] DEBUG org.asynchttpclient.netty.request.NettyRequestSender - Using pooled Channel '[id: 0x5880e72e, L:/127.0.0.1:63453 - R:localhost/127.0.0.1:35746]' for 'POST' to 'http://localhost:35746/session/3329aa6b765f309066bc8dd02191d6ff/element'
20:16:28.227 [Forwarding findElement on session 3329aa6b765f309066bc8dd02191d6ff to remote] DEBUG org.asynchttpclient.netty.request.NettyRequestSender - Using open Channel [id: 0x5880e72e, L:/127.0.0.1:63453 - R:localhost/127.0.0.1:35746] for POST '/session/3329aa6b765f309066bc8dd02191d6ff/element'
20:16:28.227 [AsyncHttpClient-1-17] DEBUG org.asynchttpclient.netty.handler.HttpHandler - 

Request DefaultHttpRequest(decodeResult: success, version: HTTP/1.1)
POST /session/3329aa6b765f309066bc8dd02191d6ff/element HTTP/1.1
User-Agent: selenium/4.12.0 (java windows)
Content-Length: 198
Content-Type: application/json; charset=utf-8
host: localhost:35746
accept: */*

Response DefaultHttpResponse(decodeResult: success, version: HTTP/1.1)
HTTP/1.1 200 OK
Content-Length: 127
Content-Type: application/json; charset=utf-8
cache-control: no-cache

20:16:28.227 [AsyncHttpClient-1-17] DEBUG org.asynchttpclient.netty.channel.ChannelManager - Adding key: http://localhost:35746 for channel [id: 0x5880e72e, L:/127.0.0.1:63453 - R:localhost/127.0.0.1:35746]
20:16:28.227 [Forwarding getElementText on session 3329aa6b765f309066bc8dd02191d6ff to remote] DEBUG org.asynchttpclient.netty.request.NettyRequestSender - Using pooled Channel '[id: 0x5880e72e, L:/127.0.0.1:63453 - R:localhost/127.0.0.1:35746]' for 'GET' to 'http://localhost:35746/session/3329aa6b765f309066bc8dd02191d6ff/element/f.B2870DF7316A537857E9721FD09A3092.d.5EA4DF0DB7D0CC302DE213574A15B309.e.132/text'
20:16:28.227 [Forwarding getElementText on session 3329aa6b765f309066bc8dd02191d6ff to remote] DEBUG org.asynchttpclient.netty.request.NettyRequestSender - Using open Channel [id: 0x5880e72e, L:/127.0.0.1:63453 - R:localhost/127.0.0.1:35746] for GET '/session/3329aa6b765f309066bc8dd02191d6ff/element/f.B2870DF7316A537857E9721FD09A3092.d.5EA4DF0DB7D0CC302DE213574A15B309.e.132/text'
20:16:28.239 [AsyncHttpClient-1-17] DEBUG org.asynchttpclient.netty.handler.HttpHandler - 

Request DefaultFullHttpRequest(decodeResult: success, version: HTTP/1.1, content: EmptyByteBufBE)
GET /session/3329aa6b765f309066bc8dd02191d6ff/element/f.B2870DF7316A537857E9721FD09A3092.d.5EA4DF0DB7D0CC302DE213574A15B309.e.132/text HTTP/1.1
Cache-Control: no-cache
User-Agent: selenium/4.12.0 (java windows)
Content-Type: application/json; charset=utf-8
host: localhost:35746
accept: */*

Response DefaultHttpResponse(decodeResult: success, version: HTTP/1.1)
HTTP/1.1 200 OK
Content-Length: 23
Content-Type: application/json; charset=utf-8
cache-control: no-cache

20:16:28.239 [AsyncHttpClient-1-17] DEBUG org.asynchttpclient.netty.channel.ChannelManager - Adding key: http://localhost:35746 for channel [id: 0x5880e72e, L:/127.0.0.1:63453 - R:localhost/127.0.0.1:35746]
actual name: Wk_Const
20:16:28.240 [Forwarding findElement on session 3329aa6b765f309066bc8dd02191d6ff to remote] DEBUG org.asynchttpclient.netty.request.NettyRequestSender - Using pooled Channel '[id: 0x5880e72e, L:/127.0.0.1:63453 - R:localhost/127.0.0.1:35746]' for 'POST' to 'http://localhost:35746/session/3329aa6b765f309066bc8dd02191d6ff/element'
20:16:28.240 [Forwarding findElement on session 3329aa6b765f309066bc8dd02191d6ff to remote] DEBUG org.asynchttpclient.netty.request.NettyRequestSender - Using open Channel [id: 0x5880e72e, L:/127.0.0.1:63453 - R:localhost/127.0.0.1:35746] for POST '/session/3329aa6b765f309066bc8dd02191d6ff/element'
20:16:28.259 [AsyncHttpClient-1-17] DEBUG org.asynchttpclient.netty.handler.HttpHandler - 

Request DefaultHttpRequest(decodeResult: success, version: HTTP/1.1)
POST /session/3329aa6b765f309066bc8dd02191d6ff/element HTTP/1.1
User-Agent: selenium/4.12.0 (java windows)
Content-Length: 198
Content-Type: application/json; charset=utf-8
host: localhost:35746
accept: */*

Response DefaultHttpResponse(decodeResult: success, version: HTTP/1.1)
HTTP/1.1 200 OK
Content-Length: 127
Content-Type: application/json; charset=utf-8
cache-control: no-cache

20:16:28.259 [AsyncHttpClient-1-17] DEBUG org.asynchttpclient.netty.channel.ChannelManager - Adding key: http://localhost:35746 for channel [id: 0x5880e72e, L:/127.0.0.1:63453 - R:localhost/127.0.0.1:35746]
20:16:28.260 [Forwarding getElementText on session 3329aa6b765f309066bc8dd02191d6ff to remote] DEBUG org.asynchttpclient.netty.request.NettyRequestSender - Using pooled Channel '[id: 0x5880e72e, L:/127.0.0.1:63453 - R:localhost/127.0.0.1:35746]' for 'GET' to 'http://localhost:35746/session/3329aa6b765f309066bc8dd02191d6ff/element/f.B2870DF7316A537857E9721FD09A3092.d.5EA4DF0DB7D0CC302DE213574A15B309.e.133/text'
20:16:28.260 [Forwarding getElementText on session 3329aa6b765f309066bc8dd02191d6ff to remote] DEBUG org.asynchttpclient.netty.request.NettyRequestSender - Using open Channel [id: 0x5880e72e, L:/127.0.0.1:63453 - R:localhost/127.0.0.1:35746] for GET '/session/3329aa6b765f309066bc8dd02191d6ff/element/f.B2870DF7316A537857E9721FD09A3092.d.5EA4DF0DB7D0CC302DE213574A15B309.e.133/text'
20:16:28.275 [AsyncHttpClient-1-17] DEBUG org.asynchttpclient.netty.handler.HttpHandler - 

Request DefaultFullHttpRequest(decodeResult: success, version: HTTP/1.1, content: EmptyByteBufBE)
GET /session/3329aa6b765f309066bc8dd02191d6ff/element/f.B2870DF7316A537857E9721FD09A3092.d.5EA4DF0DB7D0CC302DE213574A15B309.e.133/text HTTP/1.1
Cache-Control: no-cache
User-Agent: selenium/4.12.0 (java windows)
Content-Type: application/json; charset=utf-8
host: localhost:35746
accept: */*

Response DefaultHttpResponse(decodeResult: success, version: HTTP/1.1)
HTTP/1.1 200 OK
Content-Length: 23
Content-Type: application/json; charset=utf-8
cache-control: no-cache

20:16:28.275 [AsyncHttpClient-1-17] DEBUG org.asynchttpclient.netty.channel.ChannelManager - Adding key: http://localhost:35746 for channel [id: 0x5880e72e, L:/127.0.0.1:63453 - R:localhost/127.0.0.1:35746]
actual name: Ps_Const
20:16:28.276 [Forwarding findElement on session 3329aa6b765f309066bc8dd02191d6ff to remote] DEBUG org.asynchttpclient.netty.request.NettyRequestSender - Using pooled Channel '[id: 0x5880e72e, L:/127.0.0.1:63453 - R:localhost/127.0.0.1:35746]' for 'POST' to 'http://localhost:35746/session/3329aa6b765f309066bc8dd02191d6ff/element'
20:16:28.276 [Forwarding findElement on session 3329aa6b765f309066bc8dd02191d6ff to remote] DEBUG org.asynchttpclient.netty.request.NettyRequestSender - Using open Channel [id: 0x5880e72e, L:/127.0.0.1:63453 - R:localhost/127.0.0.1:35746] for POST '/session/3329aa6b765f309066bc8dd02191d6ff/element'
20:16:28.294 [AsyncHttpClient-1-17] DEBUG org.asynchttpclient.netty.handler.HttpHandler - 

Request DefaultHttpRequest(decodeResult: success, version: HTTP/1.1)
POST /session/3329aa6b765f309066bc8dd02191d6ff/element HTTP/1.1
User-Agent: selenium/4.12.0 (java windows)
Content-Length: 199
Content-Type: application/json; charset=utf-8
host: localhost:35746
accept: */*

Response DefaultHttpResponse(decodeResult: success, version: HTTP/1.1)
HTTP/1.1 200 OK
Content-Length: 127
Content-Type: application/json; charset=utf-8
cache-control: no-cache

20:16:28.294 [AsyncHttpClient-1-17] DEBUG org.asynchttpclient.netty.channel.ChannelManager - Adding key: http://localhost:35746 for channel [id: 0x5880e72e, L:/127.0.0.1:63453 - R:localhost/127.0.0.1:35746]
20:16:28.295 [Forwarding getElementText on session 3329aa6b765f309066bc8dd02191d6ff to remote] DEBUG org.asynchttpclient.netty.request.NettyRequestSender - Using pooled Channel '[id: 0x5880e72e, L:/127.0.0.1:63453 - R:localhost/127.0.0.1:35746]' for 'GET' to 'http://localhost:35746/session/3329aa6b765f309066bc8dd02191d6ff/element/f.B2870DF7316A537857E9721FD09A3092.d.5EA4DF0DB7D0CC302DE213574A15B309.e.134/text'
20:16:28.295 [Forwarding getElementText on session 3329aa6b765f309066bc8dd02191d6ff to remote] DEBUG org.asynchttpclient.netty.request.NettyRequestSender - Using open Channel [id: 0x5880e72e, L:/127.0.0.1:63453 - R:localhost/127.0.0.1:35746] for GET '/session/3329aa6b765f309066bc8dd02191d6ff/element/f.B2870DF7316A537857E9721FD09A3092.d.5EA4DF0DB7D0CC302DE213574A15B309.e.134/text'
20:16:28.307 [AsyncHttpClient-1-17] DEBUG org.asynchttpclient.netty.handler.HttpHandler - 

Request DefaultFullHttpRequest(decodeResult: success, version: HTTP/1.1, content: EmptyByteBufBE)
GET /session/3329aa6b765f309066bc8dd02191d6ff/element/f.B2870DF7316A537857E9721FD09A3092.d.5EA4DF0DB7D0CC302DE213574A15B309.e.134/text HTTP/1.1
Cache-Control: no-cache
User-Agent: selenium/4.12.0 (java windows)
Content-Type: application/json; charset=utf-8
host: localhost:35746
accept: */*

Response DefaultHttpResponse(decodeResult: success, version: HTTP/1.1)
HTTP/1.1 200 OK
Content-Length: 23
Content-Type: application/json; charset=utf-8
cache-control: no-cache

20:16:28.307 [AsyncHttpClient-1-17] DEBUG org.asynchttpclient.netty.channel.ChannelManager - Adding key: http://localhost:35746 for channel [id: 0x5880e72e, L:/127.0.0.1:63453 - R:localhost/127.0.0.1:35746]
actual name: Op_Steel
20:16:28.307 [Forwarding findElement on session 3329aa6b765f309066bc8dd02191d6ff to remote] DEBUG org.asynchttpclient.netty.request.NettyRequestSender - Using pooled Channel '[id: 0x5880e72e, L:/127.0.0.1:63453 - R:localhost/127.0.0.1:35746]' for 'POST' to 'http://localhost:35746/session/3329aa6b765f309066bc8dd02191d6ff/element'
20:16:28.307 [Forwarding findElement on session 3329aa6b765f309066bc8dd02191d6ff to remote] DEBUG org.asynchttpclient.netty.request.NettyRequestSender - Using open Channel [id: 0x5880e72e, L:/127.0.0.1:63453 - R:localhost/127.0.0.1:35746] for POST '/session/3329aa6b765f309066bc8dd02191d6ff/element'
20:16:28.328 [AsyncHttpClient-1-17] DEBUG org.asynchttpclient.netty.handler.HttpHandler - 

Request DefaultHttpRequest(decodeResult: success, version: HTTP/1.1)
POST /session/3329aa6b765f309066bc8dd02191d6ff/element HTTP/1.1
User-Agent: selenium/4.12.0 (java windows)
Content-Length: 199
Content-Type: application/json; charset=utf-8
host: localhost:35746
accept: */*

Response DefaultHttpResponse(decodeResult: success, version: HTTP/1.1)
HTTP/1.1 200 OK
Content-Length: 127
Content-Type: application/json; charset=utf-8
cache-control: no-cache

20:16:28.328 [AsyncHttpClient-1-17] DEBUG org.asynchttpclient.netty.channel.ChannelManager - Adding key: http://localhost:35746 for channel [id: 0x5880e72e, L:/127.0.0.1:63453 - R:localhost/127.0.0.1:35746]
20:16:28.328 [Forwarding getElementText on session 3329aa6b765f309066bc8dd02191d6ff to remote] DEBUG org.asynchttpclient.netty.request.NettyRequestSender - Using pooled Channel '[id: 0x5880e72e, L:/127.0.0.1:63453 - R:localhost/127.0.0.1:35746]' for 'GET' to 'http://localhost:35746/session/3329aa6b765f309066bc8dd02191d6ff/element/f.B2870DF7316A537857E9721FD09A3092.d.5EA4DF0DB7D0CC302DE213574A15B309.e.135/text'
20:16:28.328 [Forwarding getElementText on session 3329aa6b765f309066bc8dd02191d6ff to remote] DEBUG org.asynchttpclient.netty.request.NettyRequestSender - Using open Channel [id: 0x5880e72e, L:/127.0.0.1:63453 - R:localhost/127.0.0.1:35746] for GET '/session/3329aa6b765f309066bc8dd02191d6ff/element/f.B2870DF7316A537857E9721FD09A3092.d.5EA4DF0DB7D0CC302DE213574A15B309.e.135/text'
20:16:28.354 [AsyncHttpClient-1-17] DEBUG org.asynchttpclient.netty.handler.HttpHandler - 

Request DefaultFullHttpRequest(decodeResult: success, version: HTTP/1.1, content: EmptyByteBufBE)
GET /session/3329aa6b765f309066bc8dd02191d6ff/element/f.B2870DF7316A537857E9721FD09A3092.d.5EA4DF0DB7D0CC302DE213574A15B309.e.135/text HTTP/1.1
Cache-Control: no-cache
User-Agent: selenium/4.12.0 (java windows)
Content-Type: application/json; charset=utf-8
host: localhost:35746
accept: */*

Response DefaultHttpResponse(decodeResult: success, version: HTTP/1.1)
HTTP/1.1 200 OK
Content-Length: 23
Content-Type: application/json; charset=utf-8
cache-control: no-cache

20:16:28.354 [AsyncHttpClient-1-17] DEBUG org.asynchttpclient.netty.channel.ChannelManager - Adding key: http://localhost:35746 for channel [id: 0x5880e72e, L:/127.0.0.1:63453 - R:localhost/127.0.0.1:35746]
actual name: Tk_Steel
20:16:28.354 [Forwarding findElement on session 3329aa6b765f309066bc8dd02191d6ff to remote] DEBUG org.asynchttpclient.netty.request.NettyRequestSender - Using pooled Channel '[id: 0x5880e72e, L:/127.0.0.1:63453 - R:localhost/127.0.0.1:35746]' for 'POST' to 'http://localhost:35746/session/3329aa6b765f309066bc8dd02191d6ff/element'
20:16:28.354 [Forwarding findElement on session 3329aa6b765f309066bc8dd02191d6ff to remote] DEBUG org.asynchttpclient.netty.request.NettyRequestSender - Using open Channel [id: 0x5880e72e, L:/127.0.0.1:63453 - R:localhost/127.0.0.1:35746] for POST '/session/3329aa6b765f309066bc8dd02191d6ff/element'
20:16:28.370 [AsyncHttpClient-1-17] DEBUG org.asynchttpclient.netty.handler.HttpHandler - 

Request DefaultHttpRequest(decodeResult: success, version: HTTP/1.1)
POST /session/3329aa6b765f309066bc8dd02191d6ff/element HTTP/1.1
User-Agent: selenium/4.12.0 (java windows)
Content-Length: 199
Content-Type: application/json; charset=utf-8
host: localhost:35746
accept: */*

Response DefaultHttpResponse(decodeResult: success, version: HTTP/1.1)
HTTP/1.1 200 OK
Content-Length: 127
Content-Type: application/json; charset=utf-8
cache-control: no-cache

20:16:28.370 [AsyncHttpClient-1-17] DEBUG org.asynchttpclient.netty.channel.ChannelManager - Adding key: http://localhost:35746 for channel [id: 0x5880e72e, L:/127.0.0.1:63453 - R:localhost/127.0.0.1:35746]
20:16:28.370 [Forwarding getElementText on session 3329aa6b765f309066bc8dd02191d6ff to remote] DEBUG org.asynchttpclient.netty.request.NettyRequestSender - Using pooled Channel '[id: 0x5880e72e, L:/127.0.0.1:63453 - R:localhost/127.0.0.1:35746]' for 'GET' to 'http://localhost:35746/session/3329aa6b765f309066bc8dd02191d6ff/element/f.B2870DF7316A537857E9721FD09A3092.d.5EA4DF0DB7D0CC302DE213574A15B309.e.136/text'
20:16:28.370 [Forwarding getElementText on session 3329aa6b765f309066bc8dd02191d6ff to remote] DEBUG org.asynchttpclient.netty.request.NettyRequestSender - Using open Channel [id: 0x5880e72e, L:/127.0.0.1:63453 - R:localhost/127.0.0.1:35746] for GET '/session/3329aa6b765f309066bc8dd02191d6ff/element/f.B2870DF7316A537857E9721FD09A3092.d.5EA4DF0DB7D0CC302DE213574A15B309.e.136/text'
20:16:28.386 [AsyncHttpClient-1-17] DEBUG org.asynchttpclient.netty.handler.HttpHandler - 

Request DefaultFullHttpRequest(decodeResult: success, version: HTTP/1.1, content: EmptyByteBufBE)
GET /session/3329aa6b765f309066bc8dd02191d6ff/element/f.B2870DF7316A537857E9721FD09A3092.d.5EA4DF0DB7D0CC302DE213574A15B309.e.136/text HTTP/1.1
Cache-Control: no-cache
User-Agent: selenium/4.12.0 (java windows)
Content-Type: application/json; charset=utf-8
host: localhost:35746
accept: */*

Response DefaultHttpResponse(decodeResult: success, version: HTTP/1.1)
HTTP/1.1 200 OK
Content-Length: 23
Content-Type: application/json; charset=utf-8
cache-control: no-cache

20:16:28.386 [AsyncHttpClient-1-17] DEBUG org.asynchttpclient.netty.channel.ChannelManager - Adding key: http://localhost:35746 for channel [id: 0x5880e72e, L:/127.0.0.1:63453 - R:localhost/127.0.0.1:35746]
actual name: Tk_Steel
20:16:28.386 [Forwarding findElement on session 3329aa6b765f309066bc8dd02191d6ff to remote] DEBUG org.asynchttpclient.netty.request.NettyRequestSender - Using pooled Channel '[id: 0x5880e72e, L:/127.0.0.1:63453 - R:localhost/127.0.0.1:35746]' for 'POST' to 'http://localhost:35746/session/3329aa6b765f309066bc8dd02191d6ff/element'
20:16:28.386 [Forwarding findElement on session 3329aa6b765f309066bc8dd02191d6ff to remote] DEBUG org.asynchttpclient.netty.request.NettyRequestSender - Using open Channel [id: 0x5880e72e, L:/127.0.0.1:63453 - R:localhost/127.0.0.1:35746] for POST '/session/3329aa6b765f309066bc8dd02191d6ff/element'
20:16:28.401 [AsyncHttpClient-1-17] DEBUG org.asynchttpclient.netty.handler.HttpHandler - 

Request DefaultHttpRequest(decodeResult: success, version: HTTP/1.1)
POST /session/3329aa6b765f309066bc8dd02191d6ff/element HTTP/1.1
User-Agent: selenium/4.12.0 (java windows)
Content-Length: 199
Content-Type: application/json; charset=utf-8
host: localhost:35746
accept: */*

Response DefaultHttpResponse(decodeResult: success, version: HTTP/1.1)
HTTP/1.1 200 OK
Content-Length: 127
Content-Type: application/json; charset=utf-8
cache-control: no-cache

20:16:28.401 [AsyncHttpClient-1-17] DEBUG org.asynchttpclient.netty.channel.ChannelManager - Adding key: http://localhost:35746 for channel [id: 0x5880e72e, L:/127.0.0.1:63453 - R:localhost/127.0.0.1:35746]
20:16:28.401 [Forwarding getElementText on session 3329aa6b765f309066bc8dd02191d6ff to remote] DEBUG org.asynchttpclient.netty.request.NettyRequestSender - Using pooled Channel '[id: 0x5880e72e, L:/127.0.0.1:63453 - R:localhost/127.0.0.1:35746]' for 'GET' to 'http://localhost:35746/session/3329aa6b765f309066bc8dd02191d6ff/element/f.B2870DF7316A537857E9721FD09A3092.d.5EA4DF0DB7D0CC302DE213574A15B309.e.137/text'
20:16:28.401 [Forwarding getElementText on session 3329aa6b765f309066bc8dd02191d6ff to remote] DEBUG org.asynchttpclient.netty.request.NettyRequestSender - Using open Channel [id: 0x5880e72e, L:/127.0.0.1:63453 - R:localhost/127.0.0.1:35746] for GET '/session/3329aa6b765f309066bc8dd02191d6ff/element/f.B2870DF7316A537857E9721FD09A3092.d.5EA4DF0DB7D0CC302DE213574A15B309.e.137/text'
20:16:28.432 [AsyncHttpClient-1-17] DEBUG org.asynchttpclient.netty.handler.HttpHandler - 

Request DefaultFullHttpRequest(decodeResult: success, version: HTTP/1.1, content: EmptyByteBufBE)
GET /session/3329aa6b765f309066bc8dd02191d6ff/element/f.B2870DF7316A537857E9721FD09A3092.d.5EA4DF0DB7D0CC302DE213574A15B309.e.137/text HTTP/1.1
Cache-Control: no-cache
User-Agent: selenium/4.12.0 (java windows)
Content-Type: application/json; charset=utf-8
host: localhost:35746
accept: */*

Response DefaultHttpResponse(decodeResult: success, version: HTTP/1.1)
HTTP/1.1 200 OK
Content-Length: 23
Content-Type: application/json; charset=utf-8
cache-control: no-cache

20:16:28.432 [AsyncHttpClient-1-17] DEBUG org.asynchttpclient.netty.channel.ChannelManager - Adding key: http://localhost:35746 for channel [id: 0x5880e72e, L:/127.0.0.1:63453 - R:localhost/127.0.0.1:35746]
actual name: Tk_Steel
20:16:28.432 [Forwarding findElement on session 3329aa6b765f309066bc8dd02191d6ff to remote] DEBUG org.asynchttpclient.netty.request.NettyRequestSender - Using pooled Channel '[id: 0x5880e72e, L:/127.0.0.1:63453 - R:localhost/127.0.0.1:35746]' for 'POST' to 'http://localhost:35746/session/3329aa6b765f309066bc8dd02191d6ff/element'
20:16:28.432 [Forwarding findElement on session 3329aa6b765f309066bc8dd02191d6ff to remote] DEBUG org.asynchttpclient.netty.request.NettyRequestSender - Using open Channel [id: 0x5880e72e, L:/127.0.0.1:63453 - R:localhost/127.0.0.1:35746] for POST '/session/3329aa6b765f309066bc8dd02191d6ff/element'
20:16:28.464 [AsyncHttpClient-1-17] DEBUG org.asynchttpclient.netty.handler.HttpHandler - 

Request DefaultHttpRequest(decodeResult: success, version: HTTP/1.1)
POST /session/3329aa6b765f309066bc8dd02191d6ff/element HTTP/1.1
User-Agent: selenium/4.12.0 (java windows)
Content-Length: 199
Content-Type: application/json; charset=utf-8
host: localhost:35746
accept: */*

Response DefaultHttpResponse(decodeResult: success, version: HTTP/1.1)
HTTP/1.1 200 OK
Content-Length: 127
Content-Type: application/json; charset=utf-8
cache-control: no-cache

20:16:28.464 [AsyncHttpClient-1-17] DEBUG org.asynchttpclient.netty.channel.ChannelManager - Adding key: http://localhost:35746 for channel [id: 0x5880e72e, L:/127.0.0.1:63453 - R:localhost/127.0.0.1:35746]
20:16:28.464 [Forwarding getElementText on session 3329aa6b765f309066bc8dd02191d6ff to remote] DEBUG org.asynchttpclient.netty.request.NettyRequestSender - Using pooled Channel '[id: 0x5880e72e, L:/127.0.0.1:63453 - R:localhost/127.0.0.1:35746]' for 'GET' to 'http://localhost:35746/session/3329aa6b765f309066bc8dd02191d6ff/element/f.B2870DF7316A537857E9721FD09A3092.d.5EA4DF0DB7D0CC302DE213574A15B309.e.138/text'
20:16:28.464 [Forwarding getElementText on session 3329aa6b765f309066bc8dd02191d6ff to remote] DEBUG org.asynchttpclient.netty.request.NettyRequestSender - Using open Channel [id: 0x5880e72e, L:/127.0.0.1:63453 - R:localhost/127.0.0.1:35746] for GET '/session/3329aa6b765f309066bc8dd02191d6ff/element/f.B2870DF7316A537857E9721FD09A3092.d.5EA4DF0DB7D0CC302DE213574A15B309.e.138/text'
20:16:28.479 [AsyncHttpClient-1-17] DEBUG org.asynchttpclient.netty.handler.HttpHandler - 

Request DefaultFullHttpRequest(decodeResult: success, version: HTTP/1.1, content: EmptyByteBufBE)
GET /session/3329aa6b765f309066bc8dd02191d6ff/element/f.B2870DF7316A537857E9721FD09A3092.d.5EA4DF0DB7D0CC302DE213574A15B309.e.138/text HTTP/1.1
Cache-Control: no-cache
User-Agent: selenium/4.12.0 (java windows)
Content-Type: application/json; charset=utf-8
host: localhost:35746
accept: */*

Response DefaultHttpResponse(decodeResult: success, version: HTTP/1.1)
HTTP/1.1 200 OK
Content-Length: 23
Content-Type: application/json; charset=utf-8
cache-control: no-cache

20:16:28.479 [AsyncHttpClient-1-17] DEBUG org.asynchttpclient.netty.channel.ChannelManager - Adding key: http://localhost:35746 for channel [id: 0x5880e72e, L:/127.0.0.1:63453 - R:localhost/127.0.0.1:35746]
actual name: Tk_Steel
20:16:28.479 [Forwarding findElement on session 3329aa6b765f309066bc8dd02191d6ff to remote] DEBUG org.asynchttpclient.netty.request.NettyRequestSender - Using pooled Channel '[id: 0x5880e72e, L:/127.0.0.1:63453 - R:localhost/127.0.0.1:35746]' for 'POST' to 'http://localhost:35746/session/3329aa6b765f309066bc8dd02191d6ff/element'
20:16:28.479 [Forwarding findElement on session 3329aa6b765f309066bc8dd02191d6ff to remote] DEBUG org.asynchttpclient.netty.request.NettyRequestSender - Using open Channel [id: 0x5880e72e, L:/127.0.0.1:63453 - R:localhost/127.0.0.1:35746] for POST '/session/3329aa6b765f309066bc8dd02191d6ff/element'
20:16:28.495 [AsyncHttpClient-1-17] DEBUG org.asynchttpclient.netty.handler.HttpHandler - 

Request DefaultHttpRequest(decodeResult: success, version: HTTP/1.1)
POST /session/3329aa6b765f309066bc8dd02191d6ff/element HTTP/1.1
User-Agent: selenium/4.12.0 (java windows)
Content-Length: 199
Content-Type: application/json; charset=utf-8
host: localhost:35746
accept: */*

Response DefaultHttpResponse(decodeResult: success, version: HTTP/1.1)
HTTP/1.1 200 OK
Content-Length: 127
Content-Type: application/json; charset=utf-8
cache-control: no-cache

20:16:28.495 [AsyncHttpClient-1-17] DEBUG org.asynchttpclient.netty.channel.ChannelManager - Adding key: http://localhost:35746 for channel [id: 0x5880e72e, L:/127.0.0.1:63453 - R:localhost/127.0.0.1:35746]
20:16:28.495 [Forwarding getElementText on session 3329aa6b765f309066bc8dd02191d6ff to remote] DEBUG org.asynchttpclient.netty.request.NettyRequestSender - Using pooled Channel '[id: 0x5880e72e, L:/127.0.0.1:63453 - R:localhost/127.0.0.1:35746]' for 'GET' to 'http://localhost:35746/session/3329aa6b765f309066bc8dd02191d6ff/element/f.B2870DF7316A537857E9721FD09A3092.d.5EA4DF0DB7D0CC302DE213574A15B309.e.139/text'
20:16:28.495 [Forwarding getElementText on session 3329aa6b765f309066bc8dd02191d6ff to remote] DEBUG org.asynchttpclient.netty.request.NettyRequestSender - Using open Channel [id: 0x5880e72e, L:/127.0.0.1:63453 - R:localhost/127.0.0.1:35746] for GET '/session/3329aa6b765f309066bc8dd02191d6ff/element/f.B2870DF7316A537857E9721FD09A3092.d.5EA4DF0DB7D0CC302DE213574A15B309.e.139/text'
20:16:28.511 [AsyncHttpClient-1-17] DEBUG org.asynchttpclient.netty.handler.HttpHandler - 

Request DefaultFullHttpRequest(decodeResult: success, version: HTTP/1.1, content: EmptyByteBufBE)
GET /session/3329aa6b765f309066bc8dd02191d6ff/element/f.B2870DF7316A537857E9721FD09A3092.d.5EA4DF0DB7D0CC302DE213574A15B309.e.139/text HTTP/1.1
Cache-Control: no-cache
User-Agent: selenium/4.12.0 (java windows)
Content-Type: application/json; charset=utf-8
host: localhost:35746
accept: */*

Response DefaultHttpResponse(decodeResult: success, version: HTTP/1.1)
HTTP/1.1 200 OK
Content-Length: 23
Content-Type: application/json; charset=utf-8
cache-control: no-cache

20:16:28.511 [AsyncHttpClient-1-17] DEBUG org.asynchttpclient.netty.channel.ChannelManager - Adding key: http://localhost:35746 for channel [id: 0x5880e72e, L:/127.0.0.1:63453 - R:localhost/127.0.0.1:35746]
actual name: Rr_Steel
20:16:28.511 [Forwarding findElement on session 3329aa6b765f309066bc8dd02191d6ff to remote] DEBUG org.asynchttpclient.netty.request.NettyRequestSender - Using pooled Channel '[id: 0x5880e72e, L:/127.0.0.1:63453 - R:localhost/127.0.0.1:35746]' for 'POST' to 'http://localhost:35746/session/3329aa6b765f309066bc8dd02191d6ff/element'
20:16:28.511 [Forwarding findElement on session 3329aa6b765f309066bc8dd02191d6ff to remote] DEBUG org.asynchttpclient.netty.request.NettyRequestSender - Using open Channel [id: 0x5880e72e, L:/127.0.0.1:63453 - R:localhost/127.0.0.1:35746] for POST '/session/3329aa6b765f309066bc8dd02191d6ff/element'
20:16:28.526 [AsyncHttpClient-1-17] DEBUG org.asynchttpclient.netty.handler.HttpHandler - 

Request DefaultHttpRequest(decodeResult: success, version: HTTP/1.1)
POST /session/3329aa6b765f309066bc8dd02191d6ff/element HTTP/1.1
User-Agent: selenium/4.12.0 (java windows)
Content-Length: 199
Content-Type: application/json; charset=utf-8
host: localhost:35746
accept: */*

Response DefaultHttpResponse(decodeResult: success, version: HTTP/1.1)
HTTP/1.1 200 OK
Content-Length: 127
Content-Type: application/json; charset=utf-8
cache-control: no-cache

20:16:28.526 [AsyncHttpClient-1-17] DEBUG org.asynchttpclient.netty.channel.ChannelManager - Adding key: http://localhost:35746 for channel [id: 0x5880e72e, L:/127.0.0.1:63453 - R:localhost/127.0.0.1:35746]
20:16:28.542 [Forwarding getElementText on session 3329aa6b765f309066bc8dd02191d6ff to remote] DEBUG org.asynchttpclient.netty.request.NettyRequestSender - Using pooled Channel '[id: 0x5880e72e, L:/127.0.0.1:63453 - R:localhost/127.0.0.1:35746]' for 'GET' to 'http://localhost:35746/session/3329aa6b765f309066bc8dd02191d6ff/element/f.B2870DF7316A537857E9721FD09A3092.d.5EA4DF0DB7D0CC302DE213574A15B309.e.140/text'
20:16:28.542 [Forwarding getElementText on session 3329aa6b765f309066bc8dd02191d6ff to remote] DEBUG org.asynchttpclient.netty.request.NettyRequestSender - Using open Channel [id: 0x5880e72e, L:/127.0.0.1:63453 - R:localhost/127.0.0.1:35746] for GET '/session/3329aa6b765f309066bc8dd02191d6ff/element/f.B2870DF7316A537857E9721FD09A3092.d.5EA4DF0DB7D0CC302DE213574A15B309.e.140/text'
20:16:28.550 [AsyncHttpClient-1-17] DEBUG org.asynchttpclient.netty.handler.HttpHandler - 

Request DefaultFullHttpRequest(decodeResult: success, version: HTTP/1.1, content: EmptyByteBufBE)
GET /session/3329aa6b765f309066bc8dd02191d6ff/element/f.B2870DF7316A537857E9721FD09A3092.d.5EA4DF0DB7D0CC302DE213574A15B309.e.140/text HTTP/1.1
Cache-Control: no-cache
User-Agent: selenium/4.12.0 (java windows)
Content-Type: application/json; charset=utf-8
host: localhost:35746
accept: */*

Response DefaultHttpResponse(decodeResult: success, version: HTTP/1.1)
HTTP/1.1 200 OK
Content-Length: 23
Content-Type: application/json; charset=utf-8
cache-control: no-cache

20:16:28.550 [AsyncHttpClient-1-17] DEBUG org.asynchttpclient.netty.channel.ChannelManager - Adding key: http://localhost:35746 for channel [id: 0x5880e72e, L:/127.0.0.1:63453 - R:localhost/127.0.0.1:35746]
actual name: Tk_Steel
20:16:28.554 [Forwarding findElement on session 3329aa6b765f309066bc8dd02191d6ff to remote] DEBUG org.asynchttpclient.netty.request.NettyRequestSender - Using pooled Channel '[id: 0x5880e72e, L:/127.0.0.1:63453 - R:localhost/127.0.0.1:35746]' for 'POST' to 'http://localhost:35746/session/3329aa6b765f309066bc8dd02191d6ff/element'
20:16:28.554 [Forwarding findElement on session 3329aa6b765f309066bc8dd02191d6ff to remote] DEBUG org.asynchttpclient.netty.request.NettyRequestSender - Using open Channel [id: 0x5880e72e, L:/127.0.0.1:63453 - R:localhost/127.0.0.1:35746] for POST '/session/3329aa6b765f309066bc8dd02191d6ff/element'
20:16:28.559 [AsyncHttpClient-1-17] DEBUG org.asynchttpclient.netty.handler.HttpHandler - 

Request DefaultHttpRequest(decodeResult: success, version: HTTP/1.1)
POST /session/3329aa6b765f309066bc8dd02191d6ff/element HTTP/1.1
User-Agent: selenium/4.12.0 (java windows)
Content-Length: 199
Content-Type: application/json; charset=utf-8
host: localhost:35746
accept: */*

Response DefaultHttpResponse(decodeResult: success, version: HTTP/1.1)
HTTP/1.1 200 OK
Content-Length: 127
Content-Type: application/json; charset=utf-8
cache-control: no-cache

20:16:28.559 [AsyncHttpClient-1-17] DEBUG org.asynchttpclient.netty.channel.ChannelManager - Adding key: http://localhost:35746 for channel [id: 0x5880e72e, L:/127.0.0.1:63453 - R:localhost/127.0.0.1:35746]
20:16:28.559 [Forwarding getElementText on session 3329aa6b765f309066bc8dd02191d6ff to remote] DEBUG org.asynchttpclient.netty.request.NettyRequestSender - Using pooled Channel '[id: 0x5880e72e, L:/127.0.0.1:63453 - R:localhost/127.0.0.1:35746]' for 'GET' to 'http://localhost:35746/session/3329aa6b765f309066bc8dd02191d6ff/element/f.B2870DF7316A537857E9721FD09A3092.d.5EA4DF0DB7D0CC302DE213574A15B309.e.141/text'
20:16:28.559 [Forwarding getElementText on session 3329aa6b765f309066bc8dd02191d6ff to remote] DEBUG org.asynchttpclient.netty.request.NettyRequestSender - Using open Channel [id: 0x5880e72e, L:/127.0.0.1:63453 - R:localhost/127.0.0.1:35746] for GET '/session/3329aa6b765f309066bc8dd02191d6ff/element/f.B2870DF7316A537857E9721FD09A3092.d.5EA4DF0DB7D0CC302DE213574A15B309.e.141/text'
20:16:28.563 [AsyncHttpClient-1-17] DEBUG org.asynchttpclient.netty.handler.HttpHandler - 

Request DefaultFullHttpRequest(decodeResult: success, version: HTTP/1.1, content: EmptyByteBufBE)
GET /session/3329aa6b765f309066bc8dd02191d6ff/element/f.B2870DF7316A537857E9721FD09A3092.d.5EA4DF0DB7D0CC302DE213574A15B309.e.141/text HTTP/1.1
Cache-Control: no-cache
User-Agent: selenium/4.12.0 (java windows)
Content-Type: application/json; charset=utf-8
host: localhost:35746
accept: */*

Response DefaultHttpResponse(decodeResult: success, version: HTTP/1.1)
HTTP/1.1 200 OK
Content-Length: 23
Content-Type: application/json; charset=utf-8
cache-control: no-cache

20:16:28.563 [AsyncHttpClient-1-17] DEBUG org.asynchttpclient.netty.channel.ChannelManager - Adding key: http://localhost:35746 for channel [id: 0x5880e72e, L:/127.0.0.1:63453 - R:localhost/127.0.0.1:35746]
actual name: Wk_Const
20:16:28.567 [Forwarding findElement on session 3329aa6b765f309066bc8dd02191d6ff to remote] DEBUG org.asynchttpclient.netty.request.NettyRequestSender - Using pooled Channel '[id: 0x5880e72e, L:/127.0.0.1:63453 - R:localhost/127.0.0.1:35746]' for 'POST' to 'http://localhost:35746/session/3329aa6b765f309066bc8dd02191d6ff/element'
20:16:28.567 [Forwarding findElement on session 3329aa6b765f309066bc8dd02191d6ff to remote] DEBUG org.asynchttpclient.netty.request.NettyRequestSender - Using open Channel [id: 0x5880e72e, L:/127.0.0.1:63453 - R:localhost/127.0.0.1:35746] for POST '/session/3329aa6b765f309066bc8dd02191d6ff/element'
20:16:28.568 [AsyncHttpClient-1-17] DEBUG org.asynchttpclient.netty.handler.HttpHandler - 

Request DefaultHttpRequest(decodeResult: success, version: HTTP/1.1)
POST /session/3329aa6b765f309066bc8dd02191d6ff/element HTTP/1.1
User-Agent: selenium/4.12.0 (java windows)
Content-Length: 199
Content-Type: application/json; charset=utf-8
host: localhost:35746
accept: */*

Response DefaultHttpResponse(decodeResult: success, version: HTTP/1.1)
HTTP/1.1 200 OK
Content-Length: 127
Content-Type: application/json; charset=utf-8
cache-control: no-cache

20:16:28.568 [AsyncHttpClient-1-17] DEBUG org.asynchttpclient.netty.channel.ChannelManager - Adding key: http://localhost:35746 for channel [id: 0x5880e72e, L:/127.0.0.1:63453 - R:localhost/127.0.0.1:35746]
20:16:28.573 [Forwarding getElementText on session 3329aa6b765f309066bc8dd02191d6ff to remote] DEBUG org.asynchttpclient.netty.request.NettyRequestSender - Using pooled Channel '[id: 0x5880e72e, L:/127.0.0.1:63453 - R:localhost/127.0.0.1:35746]' for 'GET' to 'http://localhost:35746/session/3329aa6b765f309066bc8dd02191d6ff/element/f.B2870DF7316A537857E9721FD09A3092.d.5EA4DF0DB7D0CC302DE213574A15B309.e.142/text'
20:16:28.573 [Forwarding getElementText on session 3329aa6b765f309066bc8dd02191d6ff to remote] DEBUG org.asynchttpclient.netty.request.NettyRequestSender - Using open Channel [id: 0x5880e72e, L:/127.0.0.1:63453 - R:localhost/127.0.0.1:35746] for GET '/session/3329aa6b765f309066bc8dd02191d6ff/element/f.B2870DF7316A537857E9721FD09A3092.d.5EA4DF0DB7D0CC302DE213574A15B309.e.142/text'
20:16:28.575 [AsyncHttpClient-1-17] DEBUG org.asynchttpclient.netty.handler.HttpHandler - 

Request DefaultFullHttpRequest(decodeResult: success, version: HTTP/1.1, content: EmptyByteBufBE)
GET /session/3329aa6b765f309066bc8dd02191d6ff/element/f.B2870DF7316A537857E9721FD09A3092.d.5EA4DF0DB7D0CC302DE213574A15B309.e.142/text HTTP/1.1
Cache-Control: no-cache
User-Agent: selenium/4.12.0 (java windows)
Content-Type: application/json; charset=utf-8
host: localhost:35746
accept: */*

Response DefaultHttpResponse(decodeResult: success, version: HTTP/1.1)
HTTP/1.1 200 OK
Content-Length: 23
Content-Type: application/json; charset=utf-8
cache-control: no-cache

20:16:28.575 [AsyncHttpClient-1-17] DEBUG org.asynchttpclient.netty.channel.ChannelManager - Adding key: http://localhost:35746 for channel [id: 0x5880e72e, L:/127.0.0.1:63453 - R:localhost/127.0.0.1:35746]
actual name: Rk_Steel
20:16:28.580 [Forwarding findElement on session 3329aa6b765f309066bc8dd02191d6ff to remote] DEBUG org.asynchttpclient.netty.request.NettyRequestSender - Using pooled Channel '[id: 0x5880e72e, L:/127.0.0.1:63453 - R:localhost/127.0.0.1:35746]' for 'POST' to 'http://localhost:35746/session/3329aa6b765f309066bc8dd02191d6ff/element'
20:16:28.580 [Forwarding findElement on session 3329aa6b765f309066bc8dd02191d6ff to remote] DEBUG org.asynchttpclient.netty.request.NettyRequestSender - Using open Channel [id: 0x5880e72e, L:/127.0.0.1:63453 - R:localhost/127.0.0.1:35746] for POST '/session/3329aa6b765f309066bc8dd02191d6ff/element'
20:16:28.581 [AsyncHttpClient-1-17] DEBUG org.asynchttpclient.netty.handler.HttpHandler - 

Request DefaultHttpRequest(decodeResult: success, version: HTTP/1.1)
POST /session/3329aa6b765f309066bc8dd02191d6ff/element HTTP/1.1
User-Agent: selenium/4.12.0 (java windows)
Content-Length: 199
Content-Type: application/json; charset=utf-8
host: localhost:35746
accept: */*

Response DefaultHttpResponse(decodeResult: success, version: HTTP/1.1)
HTTP/1.1 200 OK
Content-Length: 127
Content-Type: application/json; charset=utf-8
cache-control: no-cache

20:16:28.581 [AsyncHttpClient-1-17] DEBUG org.asynchttpclient.netty.channel.ChannelManager - Adding key: http://localhost:35746 for channel [id: 0x5880e72e, L:/127.0.0.1:63453 - R:localhost/127.0.0.1:35746]
20:16:28.581 [Forwarding getElementText on session 3329aa6b765f309066bc8dd02191d6ff to remote] DEBUG org.asynchttpclient.netty.request.NettyRequestSender - Using pooled Channel '[id: 0x5880e72e, L:/127.0.0.1:63453 - R:localhost/127.0.0.1:35746]' for 'GET' to 'http://localhost:35746/session/3329aa6b765f309066bc8dd02191d6ff/element/f.B2870DF7316A537857E9721FD09A3092.d.5EA4DF0DB7D0CC302DE213574A15B309.e.143/text'
20:16:28.586 [Forwarding getElementText on session 3329aa6b765f309066bc8dd02191d6ff to remote] DEBUG org.asynchttpclient.netty.request.NettyRequestSender - Using open Channel [id: 0x5880e72e, L:/127.0.0.1:63453 - R:localhost/127.0.0.1:35746] for GET '/session/3329aa6b765f309066bc8dd02191d6ff/element/f.B2870DF7316A537857E9721FD09A3092.d.5EA4DF0DB7D0CC302DE213574A15B309.e.143/text'
20:16:28.590 [AsyncHttpClient-1-17] DEBUG org.asynchttpclient.netty.handler.HttpHandler - 

Request DefaultFullHttpRequest(decodeResult: success, version: HTTP/1.1, content: EmptyByteBufBE)
GET /session/3329aa6b765f309066bc8dd02191d6ff/element/f.B2870DF7316A537857E9721FD09A3092.d.5EA4DF0DB7D0CC302DE213574A15B309.e.143/text HTTP/1.1
Cache-Control: no-cache
User-Agent: selenium/4.12.0 (java windows)
Content-Type: application/json; charset=utf-8
host: localhost:35746
accept: */*

Response DefaultHttpResponse(decodeResult: success, version: HTTP/1.1)
HTTP/1.1 200 OK
Content-Length: 23
Content-Type: application/json; charset=utf-8
cache-control: no-cache

20:16:28.590 [AsyncHttpClient-1-17] DEBUG org.asynchttpclient.netty.channel.ChannelManager - Adding key: http://localhost:35746 for channel [id: 0x5880e72e, L:/127.0.0.1:63453 - R:localhost/127.0.0.1:35746]
actual name: Wa_Const
20:16:28.590 [Forwarding findElement on session 3329aa6b765f309066bc8dd02191d6ff to remote] DEBUG org.asynchttpclient.netty.request.NettyRequestSender - Using pooled Channel '[id: 0x5880e72e, L:/127.0.0.1:63453 - R:localhost/127.0.0.1:35746]' for 'POST' to 'http://localhost:35746/session/3329aa6b765f309066bc8dd02191d6ff/element'
20:16:28.590 [Forwarding findElement on session 3329aa6b765f309066bc8dd02191d6ff to remote] DEBUG org.asynchttpclient.netty.request.NettyRequestSender - Using open Channel [id: 0x5880e72e, L:/127.0.0.1:63453 - R:localhost/127.0.0.1:35746] for POST '/session/3329aa6b765f309066bc8dd02191d6ff/element'
20:16:28.595 [AsyncHttpClient-1-17] DEBUG org.asynchttpclient.netty.handler.HttpHandler - 

Request DefaultHttpRequest(decodeResult: success, version: HTTP/1.1)
POST /session/3329aa6b765f309066bc8dd02191d6ff/element HTTP/1.1
User-Agent: selenium/4.12.0 (java windows)
Content-Length: 199
Content-Type: application/json; charset=utf-8
host: localhost:35746
accept: */*

Response DefaultHttpResponse(decodeResult: success, version: HTTP/1.1)
HTTP/1.1 200 OK
Content-Length: 127
Content-Type: application/json; charset=utf-8
cache-control: no-cache

20:16:28.595 [AsyncHttpClient-1-17] DEBUG org.asynchttpclient.netty.channel.ChannelManager - Adding key: http://localhost:35746 for channel [id: 0x5880e72e, L:/127.0.0.1:63453 - R:localhost/127.0.0.1:35746]
20:16:28.595 [Forwarding getElementText on session 3329aa6b765f309066bc8dd02191d6ff to remote] DEBUG org.asynchttpclient.netty.request.NettyRequestSender - Using pooled Channel '[id: 0x5880e72e, L:/127.0.0.1:63453 - R:localhost/127.0.0.1:35746]' for 'GET' to 'http://localhost:35746/session/3329aa6b765f309066bc8dd02191d6ff/element/f.B2870DF7316A537857E9721FD09A3092.d.5EA4DF0DB7D0CC302DE213574A15B309.e.144/text'
20:16:28.600 [Forwarding getElementText on session 3329aa6b765f309066bc8dd02191d6ff to remote] DEBUG org.asynchttpclient.netty.request.NettyRequestSender - Using open Channel [id: 0x5880e72e, L:/127.0.0.1:63453 - R:localhost/127.0.0.1:35746] for GET '/session/3329aa6b765f309066bc8dd02191d6ff/element/f.B2870DF7316A537857E9721FD09A3092.d.5EA4DF0DB7D0CC302DE213574A15B309.e.144/text'
20:16:28.602 [AsyncHttpClient-1-17] DEBUG org.asynchttpclient.netty.handler.HttpHandler - 

Request DefaultFullHttpRequest(decodeResult: success, version: HTTP/1.1, content: EmptyByteBufBE)
GET /session/3329aa6b765f309066bc8dd02191d6ff/element/f.B2870DF7316A537857E9721FD09A3092.d.5EA4DF0DB7D0CC302DE213574A15B309.e.144/text HTTP/1.1
Cache-Control: no-cache
User-Agent: selenium/4.12.0 (java windows)
Content-Type: application/json; charset=utf-8
host: localhost:35746
accept: */*

Response DefaultHttpResponse(decodeResult: success, version: HTTP/1.1)
HTTP/1.1 200 OK
Content-Length: 23
Content-Type: application/json; charset=utf-8
cache-control: no-cache

20:16:28.602 [AsyncHttpClient-1-17] DEBUG org.asynchttpclient.netty.channel.ChannelManager - Adding key: http://localhost:35746 for channel [id: 0x5880e72e, L:/127.0.0.1:63453 - R:localhost/127.0.0.1:35746]
actual name: Js_Steel
20:16:28.605 [Forwarding findElement on session 3329aa6b765f309066bc8dd02191d6ff to remote] DEBUG org.asynchttpclient.netty.request.NettyRequestSender - Using pooled Channel '[id: 0x5880e72e, L:/127.0.0.1:63453 - R:localhost/127.0.0.1:35746]' for 'POST' to 'http://localhost:35746/session/3329aa6b765f309066bc8dd02191d6ff/element'
20:16:28.605 [Forwarding findElement on session 3329aa6b765f309066bc8dd02191d6ff to remote] DEBUG org.asynchttpclient.netty.request.NettyRequestSender - Using open Channel [id: 0x5880e72e, L:/127.0.0.1:63453 - R:localhost/127.0.0.1:35746] for POST '/session/3329aa6b765f309066bc8dd02191d6ff/element'
20:16:28.605 [AsyncHttpClient-1-17] DEBUG org.asynchttpclient.netty.handler.HttpHandler - 

Request DefaultHttpRequest(decodeResult: success, version: HTTP/1.1)
POST /session/3329aa6b765f309066bc8dd02191d6ff/element HTTP/1.1
User-Agent: selenium/4.12.0 (java windows)
Content-Length: 199
Content-Type: application/json; charset=utf-8
host: localhost:35746
accept: */*

Response DefaultHttpResponse(decodeResult: success, version: HTTP/1.1)
HTTP/1.1 200 OK
Content-Length: 127
Content-Type: application/json; charset=utf-8
cache-control: no-cache

20:16:28.621 [AsyncHttpClient-1-17] DEBUG org.asynchttpclient.netty.channel.ChannelManager - Adding key: http://localhost:35746 for channel [id: 0x5880e72e, L:/127.0.0.1:63453 - R:localhost/127.0.0.1:35746]
20:16:28.621 [Forwarding getElementText on session 3329aa6b765f309066bc8dd02191d6ff to remote] DEBUG org.asynchttpclient.netty.request.NettyRequestSender - Using pooled Channel '[id: 0x5880e72e, L:/127.0.0.1:63453 - R:localhost/127.0.0.1:35746]' for 'GET' to 'http://localhost:35746/session/3329aa6b765f309066bc8dd02191d6ff/element/f.B2870DF7316A537857E9721FD09A3092.d.5EA4DF0DB7D0CC302DE213574A15B309.e.145/text'
20:16:28.621 [Forwarding getElementText on session 3329aa6b765f309066bc8dd02191d6ff to remote] DEBUG org.asynchttpclient.netty.request.NettyRequestSender - Using open Channel [id: 0x5880e72e, L:/127.0.0.1:63453 - R:localhost/127.0.0.1:35746] for GET '/session/3329aa6b765f309066bc8dd02191d6ff/element/f.B2870DF7316A537857E9721FD09A3092.d.5EA4DF0DB7D0CC302DE213574A15B309.e.145/text'
20:16:28.624 [AsyncHttpClient-1-17] DEBUG org.asynchttpclient.netty.handler.HttpHandler - 

Request DefaultFullHttpRequest(decodeResult: success, version: HTTP/1.1, content: EmptyByteBufBE)
GET /session/3329aa6b765f309066bc8dd02191d6ff/element/f.B2870DF7316A537857E9721FD09A3092.d.5EA4DF0DB7D0CC302DE213574A15B309.e.145/text HTTP/1.1
Cache-Control: no-cache
User-Agent: selenium/4.12.0 (java windows)
Content-Type: application/json; charset=utf-8
host: localhost:35746
accept: */*

Response DefaultHttpResponse(decodeResult: success, version: HTTP/1.1)
HTTP/1.1 200 OK
Content-Length: 23
Content-Type: application/json; charset=utf-8
cache-control: no-cache

20:16:28.624 [AsyncHttpClient-1-17] DEBUG org.asynchttpclient.netty.channel.ChannelManager - Adding key: http://localhost:35746 for channel [id: 0x5880e72e, L:/127.0.0.1:63453 - R:localhost/127.0.0.1:35746]
actual name: Js_Steel
20:16:28.628 [Forwarding findElement on session 3329aa6b765f309066bc8dd02191d6ff to remote] DEBUG org.asynchttpclient.netty.request.NettyRequestSender - Using pooled Channel '[id: 0x5880e72e, L:/127.0.0.1:63453 - R:localhost/127.0.0.1:35746]' for 'POST' to 'http://localhost:35746/session/3329aa6b765f309066bc8dd02191d6ff/element'
20:16:28.628 [Forwarding findElement on session 3329aa6b765f309066bc8dd02191d6ff to remote] DEBUG org.asynchttpclient.netty.request.NettyRequestSender - Using open Channel [id: 0x5880e72e, L:/127.0.0.1:63453 - R:localhost/127.0.0.1:35746] for POST '/session/3329aa6b765f309066bc8dd02191d6ff/element'
20:16:28.631 [AsyncHttpClient-1-17] DEBUG org.asynchttpclient.netty.handler.HttpHandler - 

Request DefaultHttpRequest(decodeResult: success, version: HTTP/1.1)
POST /session/3329aa6b765f309066bc8dd02191d6ff/element HTTP/1.1
User-Agent: selenium/4.12.0 (java windows)
Content-Length: 199
Content-Type: application/json; charset=utf-8
host: localhost:35746
accept: */*

Response DefaultHttpResponse(decodeResult: success, version: HTTP/1.1)
HTTP/1.1 200 OK
Content-Length: 127
Content-Type: application/json; charset=utf-8
cache-control: no-cache

20:16:28.631 [AsyncHttpClient-1-17] DEBUG org.asynchttpclient.netty.channel.ChannelManager - Adding key: http://localhost:35746 for channel [id: 0x5880e72e, L:/127.0.0.1:63453 - R:localhost/127.0.0.1:35746]
20:16:28.631 [Forwarding getElementText on session 3329aa6b765f309066bc8dd02191d6ff to remote] DEBUG org.asynchttpclient.netty.request.NettyRequestSender - Using pooled Channel '[id: 0x5880e72e, L:/127.0.0.1:63453 - R:localhost/127.0.0.1:35746]' for 'GET' to 'http://localhost:35746/session/3329aa6b765f309066bc8dd02191d6ff/element/f.B2870DF7316A537857E9721FD09A3092.d.5EA4DF0DB7D0CC302DE213574A15B309.e.146/text'
20:16:28.634 [Forwarding getElementText on session 3329aa6b765f309066bc8dd02191d6ff to remote] DEBUG org.asynchttpclient.netty.request.NettyRequestSender - Using open Channel [id: 0x5880e72e, L:/127.0.0.1:63453 - R:localhost/127.0.0.1:35746] for GET '/session/3329aa6b765f309066bc8dd02191d6ff/element/f.B2870DF7316A537857E9721FD09A3092.d.5EA4DF0DB7D0CC302DE213574A15B309.e.146/text'
20:16:28.637 [AsyncHttpClient-1-17] DEBUG org.asynchttpclient.netty.handler.HttpHandler - 

Request DefaultFullHttpRequest(decodeResult: success, version: HTTP/1.1, content: EmptyByteBufBE)
GET /session/3329aa6b765f309066bc8dd02191d6ff/element/f.B2870DF7316A537857E9721FD09A3092.d.5EA4DF0DB7D0CC302DE213574A15B309.e.146/text HTTP/1.1
Cache-Control: no-cache
User-Agent: selenium/4.12.0 (java windows)
Content-Type: application/json; charset=utf-8
host: localhost:35746
accept: */*

Response DefaultHttpResponse(decodeResult: success, version: HTTP/1.1)
HTTP/1.1 200 OK
Content-Length: 23
Content-Type: application/json; charset=utf-8
cache-control: no-cache

20:16:28.637 [AsyncHttpClient-1-17] DEBUG org.asynchttpclient.netty.channel.ChannelManager - Adding key: http://localhost:35746 for channel [id: 0x5880e72e, L:/127.0.0.1:63453 - R:localhost/127.0.0.1:35746]
actual name: Rk_Steel
20:16:28.641 [Forwarding findElement on session 3329aa6b765f309066bc8dd02191d6ff to remote] DEBUG org.asynchttpclient.netty.request.NettyRequestSender - Using pooled Channel '[id: 0x5880e72e, L:/127.0.0.1:63453 - R:localhost/127.0.0.1:35746]' for 'POST' to 'http://localhost:35746/session/3329aa6b765f309066bc8dd02191d6ff/element'
20:16:28.641 [Forwarding findElement on session 3329aa6b765f309066bc8dd02191d6ff to remote] DEBUG org.asynchttpclient.netty.request.NettyRequestSender - Using open Channel [id: 0x5880e72e, L:/127.0.0.1:63453 - R:localhost/127.0.0.1:35746] for POST '/session/3329aa6b765f309066bc8dd02191d6ff/element'
20:16:28.643 [AsyncHttpClient-1-17] DEBUG org.asynchttpclient.netty.handler.HttpHandler - 

Request DefaultHttpRequest(decodeResult: success, version: HTTP/1.1)
POST /session/3329aa6b765f309066bc8dd02191d6ff/element HTTP/1.1
User-Agent: selenium/4.12.0 (java windows)
Content-Length: 199
Content-Type: application/json; charset=utf-8
host: localhost:35746
accept: */*

Response DefaultHttpResponse(decodeResult: success, version: HTTP/1.1)
HTTP/1.1 200 OK
Content-Length: 127
Content-Type: application/json; charset=utf-8
cache-control: no-cache

20:16:28.643 [AsyncHttpClient-1-17] DEBUG org.asynchttpclient.netty.channel.ChannelManager - Adding key: http://localhost:35746 for channel [id: 0x5880e72e, L:/127.0.0.1:63453 - R:localhost/127.0.0.1:35746]
20:16:28.643 [Forwarding getElementText on session 3329aa6b765f309066bc8dd02191d6ff to remote] DEBUG org.asynchttpclient.netty.request.NettyRequestSender - Using pooled Channel '[id: 0x5880e72e, L:/127.0.0.1:63453 - R:localhost/127.0.0.1:35746]' for 'GET' to 'http://localhost:35746/session/3329aa6b765f309066bc8dd02191d6ff/element/f.B2870DF7316A537857E9721FD09A3092.d.5EA4DF0DB7D0CC302DE213574A15B309.e.147/text'
20:16:28.643 [Forwarding getElementText on session 3329aa6b765f309066bc8dd02191d6ff to remote] DEBUG org.asynchttpclient.netty.request.NettyRequestSender - Using open Channel [id: 0x5880e72e, L:/127.0.0.1:63453 - R:localhost/127.0.0.1:35746] for GET '/session/3329aa6b765f309066bc8dd02191d6ff/element/f.B2870DF7316A537857E9721FD09A3092.d.5EA4DF0DB7D0CC302DE213574A15B309.e.147/text'
20:16:28.652 [AsyncHttpClient-1-17] DEBUG org.asynchttpclient.netty.handler.HttpHandler - 

Request DefaultFullHttpRequest(decodeResult: success, version: HTTP/1.1, content: EmptyByteBufBE)
GET /session/3329aa6b765f309066bc8dd02191d6ff/element/f.B2870DF7316A537857E9721FD09A3092.d.5EA4DF0DB7D0CC302DE213574A15B309.e.147/text HTTP/1.1
Cache-Control: no-cache
User-Agent: selenium/4.12.0 (java windows)
Content-Type: application/json; charset=utf-8
host: localhost:35746
accept: */*

Response DefaultHttpResponse(decodeResult: success, version: HTTP/1.1)
HTTP/1.1 200 OK
Content-Length: 23
Content-Type: application/json; charset=utf-8
cache-control: no-cache

20:16:28.652 [AsyncHttpClient-1-17] DEBUG org.asynchttpclient.netty.channel.ChannelManager - Adding key: http://localhost:35746 for channel [id: 0x5880e72e, L:/127.0.0.1:63453 - R:localhost/127.0.0.1:35746]
actual name: Wa_Const
20:16:28.653 [Forwarding findElement on session 3329aa6b765f309066bc8dd02191d6ff to remote] DEBUG org.asynchttpclient.netty.request.NettyRequestSender - Using pooled Channel '[id: 0x5880e72e, L:/127.0.0.1:63453 - R:localhost/127.0.0.1:35746]' for 'POST' to 'http://localhost:35746/session/3329aa6b765f309066bc8dd02191d6ff/element'
20:16:28.653 [Forwarding findElement on session 3329aa6b765f309066bc8dd02191d6ff to remote] DEBUG org.asynchttpclient.netty.request.NettyRequestSender - Using open Channel [id: 0x5880e72e, L:/127.0.0.1:63453 - R:localhost/127.0.0.1:35746] for POST '/session/3329aa6b765f309066bc8dd02191d6ff/element'
20:16:28.654 [AsyncHttpClient-1-17] DEBUG org.asynchttpclient.netty.handler.HttpHandler - 

Request DefaultHttpRequest(decodeResult: success, version: HTTP/1.1)
POST /session/3329aa6b765f309066bc8dd02191d6ff/element HTTP/1.1
User-Agent: selenium/4.12.0 (java windows)
Content-Length: 199
Content-Type: application/json; charset=utf-8
host: localhost:35746
accept: */*

Response DefaultHttpResponse(decodeResult: success, version: HTTP/1.1)
HTTP/1.1 200 OK
Content-Length: 127
Content-Type: application/json; charset=utf-8
cache-control: no-cache

20:16:28.654 [AsyncHttpClient-1-17] DEBUG org.asynchttpclient.netty.channel.ChannelManager - Adding key: http://localhost:35746 for channel [id: 0x5880e72e, L:/127.0.0.1:63453 - R:localhost/127.0.0.1:35746]
20:16:28.654 [Forwarding getElementText on session 3329aa6b765f309066bc8dd02191d6ff to remote] DEBUG org.asynchttpclient.netty.request.NettyRequestSender - Using pooled Channel '[id: 0x5880e72e, L:/127.0.0.1:63453 - R:localhost/127.0.0.1:35746]' for 'GET' to 'http://localhost:35746/session/3329aa6b765f309066bc8dd02191d6ff/element/f.B2870DF7316A537857E9721FD09A3092.d.5EA4DF0DB7D0CC302DE213574A15B309.e.148/text'
20:16:28.662 [Forwarding getElementText on session 3329aa6b765f309066bc8dd02191d6ff to remote] DEBUG org.asynchttpclient.netty.request.NettyRequestSender - Using open Channel [id: 0x5880e72e, L:/127.0.0.1:63453 - R:localhost/127.0.0.1:35746] for GET '/session/3329aa6b765f309066bc8dd02191d6ff/element/f.B2870DF7316A537857E9721FD09A3092.d.5EA4DF0DB7D0CC302DE213574A15B309.e.148/text'
20:16:28.664 [AsyncHttpClient-1-17] DEBUG org.asynchttpclient.netty.handler.HttpHandler - 

Request DefaultFullHttpRequest(decodeResult: success, version: HTTP/1.1, content: EmptyByteBufBE)
GET /session/3329aa6b765f309066bc8dd02191d6ff/element/f.B2870DF7316A537857E9721FD09A3092.d.5EA4DF0DB7D0CC302DE213574A15B309.e.148/text HTTP/1.1
Cache-Control: no-cache
User-Agent: selenium/4.12.0 (java windows)
Content-Type: application/json; charset=utf-8
host: localhost:35746
accept: */*

Response DefaultHttpResponse(decodeResult: success, version: HTTP/1.1)
HTTP/1.1 200 OK
Content-Length: 23
Content-Type: application/json; charset=utf-8
cache-control: no-cache

20:16:28.664 [AsyncHttpClient-1-17] DEBUG org.asynchttpclient.netty.channel.ChannelManager - Adding key: http://localhost:35746 for channel [id: 0x5880e72e, L:/127.0.0.1:63453 - R:localhost/127.0.0.1:35746]
actual name: Rk_Steel
20:16:28.667 [Forwarding findElement on session 3329aa6b765f309066bc8dd02191d6ff to remote] DEBUG org.asynchttpclient.netty.request.NettyRequestSender - Using pooled Channel '[id: 0x5880e72e, L:/127.0.0.1:63453 - R:localhost/127.0.0.1:35746]' for 'POST' to 'http://localhost:35746/session/3329aa6b765f309066bc8dd02191d6ff/element'
20:16:28.667 [Forwarding findElement on session 3329aa6b765f309066bc8dd02191d6ff to remote] DEBUG org.asynchttpclient.netty.request.NettyRequestSender - Using open Channel [id: 0x5880e72e, L:/127.0.0.1:63453 - R:localhost/127.0.0.1:35746] for POST '/session/3329aa6b765f309066bc8dd02191d6ff/element'
20:16:28.670 [AsyncHttpClient-1-17] DEBUG org.asynchttpclient.netty.handler.HttpHandler - 

Request DefaultHttpRequest(decodeResult: success, version: HTTP/1.1)
POST /session/3329aa6b765f309066bc8dd02191d6ff/element HTTP/1.1
User-Agent: selenium/4.12.0 (java windows)
Content-Length: 199
Content-Type: application/json; charset=utf-8
host: localhost:35746
accept: */*

Response DefaultHttpResponse(decodeResult: success, version: HTTP/1.1)
HTTP/1.1 200 OK
Content-Length: 127
Content-Type: application/json; charset=utf-8
cache-control: no-cache

20:16:28.670 [AsyncHttpClient-1-17] DEBUG org.asynchttpclient.netty.channel.ChannelManager - Adding key: http://localhost:35746 for channel [id: 0x5880e72e, L:/127.0.0.1:63453 - R:localhost/127.0.0.1:35746]
20:16:28.674 [Forwarding getElementText on session 3329aa6b765f309066bc8dd02191d6ff to remote] DEBUG org.asynchttpclient.netty.request.NettyRequestSender - Using pooled Channel '[id: 0x5880e72e, L:/127.0.0.1:63453 - R:localhost/127.0.0.1:35746]' for 'GET' to 'http://localhost:35746/session/3329aa6b765f309066bc8dd02191d6ff/element/f.B2870DF7316A537857E9721FD09A3092.d.5EA4DF0DB7D0CC302DE213574A15B309.e.149/text'
20:16:28.674 [Forwarding getElementText on session 3329aa6b765f309066bc8dd02191d6ff to remote] DEBUG org.asynchttpclient.netty.request.NettyRequestSender - Using open Channel [id: 0x5880e72e, L:/127.0.0.1:63453 - R:localhost/127.0.0.1:35746] for GET '/session/3329aa6b765f309066bc8dd02191d6ff/element/f.B2870DF7316A537857E9721FD09A3092.d.5EA4DF0DB7D0CC302DE213574A15B309.e.149/text'
20:16:28.699 [AsyncHttpClient-1-17] DEBUG org.asynchttpclient.netty.handler.HttpHandler - 

Request DefaultFullHttpRequest(decodeResult: success, version: HTTP/1.1, content: EmptyByteBufBE)
GET /session/3329aa6b765f309066bc8dd02191d6ff/element/f.B2870DF7316A537857E9721FD09A3092.d.5EA4DF0DB7D0CC302DE213574A15B309.e.149/text HTTP/1.1
Cache-Control: no-cache
User-Agent: selenium/4.12.0 (java windows)
Content-Type: application/json; charset=utf-8
host: localhost:35746
accept: */*

Response DefaultHttpResponse(decodeResult: success, version: HTTP/1.1)
HTTP/1.1 200 OK
Content-Length: 23
Content-Type: application/json; charset=utf-8
cache-control: no-cache

20:16:28.699 [AsyncHttpClient-1-17] DEBUG org.asynchttpclient.netty.channel.ChannelManager - Adding key: http://localhost:35746 for channel [id: 0x5880e72e, L:/127.0.0.1:63453 - R:localhost/127.0.0.1:35746]
actual name: Wa_Const
20:16:28.699 [Forwarding findElement on session 3329aa6b765f309066bc8dd02191d6ff to remote] DEBUG org.asynchttpclient.netty.request.NettyRequestSender - Using pooled Channel '[id: 0x5880e72e, L:/127.0.0.1:63453 - R:localhost/127.0.0.1:35746]' for 'POST' to 'http://localhost:35746/session/3329aa6b765f309066bc8dd02191d6ff/element'
20:16:28.699 [Forwarding findElement on session 3329aa6b765f309066bc8dd02191d6ff to remote] DEBUG org.asynchttpclient.netty.request.NettyRequestSender - Using open Channel [id: 0x5880e72e, L:/127.0.0.1:63453 - R:localhost/127.0.0.1:35746] for POST '/session/3329aa6b765f309066bc8dd02191d6ff/element'
20:16:28.725 [AsyncHttpClient-1-17] DEBUG org.asynchttpclient.netty.handler.HttpHandler - 

Request DefaultHttpRequest(decodeResult: success, version: HTTP/1.1)
POST /session/3329aa6b765f309066bc8dd02191d6ff/element HTTP/1.1
User-Agent: selenium/4.12.0 (java windows)
Content-Length: 199
Content-Type: application/json; charset=utf-8
host: localhost:35746
accept: */*

Response DefaultHttpResponse(decodeResult: success, version: HTTP/1.1)
HTTP/1.1 200 OK
Content-Length: 127
Content-Type: application/json; charset=utf-8
cache-control: no-cache

20:16:28.725 [AsyncHttpClient-1-17] DEBUG org.asynchttpclient.netty.channel.ChannelManager - Adding key: http://localhost:35746 for channel [id: 0x5880e72e, L:/127.0.0.1:63453 - R:localhost/127.0.0.1:35746]
20:16:28.725 [Forwarding getElementText on session 3329aa6b765f309066bc8dd02191d6ff to remote] DEBUG org.asynchttpclient.netty.request.NettyRequestSender - Using pooled Channel '[id: 0x5880e72e, L:/127.0.0.1:63453 - R:localhost/127.0.0.1:35746]' for 'GET' to 'http://localhost:35746/session/3329aa6b765f309066bc8dd02191d6ff/element/f.B2870DF7316A537857E9721FD09A3092.d.5EA4DF0DB7D0CC302DE213574A15B309.e.150/text'
20:16:28.725 [Forwarding getElementText on session 3329aa6b765f309066bc8dd02191d6ff to remote] DEBUG org.asynchttpclient.netty.request.NettyRequestSender - Using open Channel [id: 0x5880e72e, L:/127.0.0.1:63453 - R:localhost/127.0.0.1:35746] for GET '/session/3329aa6b765f309066bc8dd02191d6ff/element/f.B2870DF7316A537857E9721FD09A3092.d.5EA4DF0DB7D0CC302DE213574A15B309.e.150/text'
20:16:28.747 [AsyncHttpClient-1-17] DEBUG org.asynchttpclient.netty.handler.HttpHandler - 

Request DefaultFullHttpRequest(decodeResult: success, version: HTTP/1.1, content: EmptyByteBufBE)
GET /session/3329aa6b765f309066bc8dd02191d6ff/element/f.B2870DF7316A537857E9721FD09A3092.d.5EA4DF0DB7D0CC302DE213574A15B309.e.150/text HTTP/1.1
Cache-Control: no-cache
User-Agent: selenium/4.12.0 (java windows)
Content-Type: application/json; charset=utf-8
host: localhost:35746
accept: */*

Response DefaultHttpResponse(decodeResult: success, version: HTTP/1.1)
HTTP/1.1 200 OK
Content-Length: 25
Content-Type: application/json; charset=utf-8
cache-control: no-cache

20:16:28.747 [AsyncHttpClient-1-17] DEBUG org.asynchttpclient.netty.channel.ChannelManager - Adding key: http://localhost:35746 for channel [id: 0x5880e72e, L:/127.0.0.1:63453 - R:localhost/127.0.0.1:35746]
actual name: Rock_Steel
20:16:28.747 [Forwarding findElement on session 3329aa6b765f309066bc8dd02191d6ff to remote] DEBUG org.asynchttpclient.netty.request.NettyRequestSender - Using pooled Channel '[id: 0x5880e72e, L:/127.0.0.1:63453 - R:localhost/127.0.0.1:35746]' for 'POST' to 'http://localhost:35746/session/3329aa6b765f309066bc8dd02191d6ff/element'
20:16:28.747 [Forwarding findElement on session 3329aa6b765f309066bc8dd02191d6ff to remote] DEBUG org.asynchttpclient.netty.request.NettyRequestSender - Using open Channel [id: 0x5880e72e, L:/127.0.0.1:63453 - R:localhost/127.0.0.1:35746] for POST '/session/3329aa6b765f309066bc8dd02191d6ff/element'
20:16:28.758 [AsyncHttpClient-1-17] DEBUG org.asynchttpclient.netty.handler.HttpHandler - 

Request DefaultHttpRequest(decodeResult: success, version: HTTP/1.1)
POST /session/3329aa6b765f309066bc8dd02191d6ff/element HTTP/1.1
User-Agent: selenium/4.12.0 (java windows)
Content-Length: 199
Content-Type: application/json; charset=utf-8
host: localhost:35746
accept: */*

Response DefaultHttpResponse(decodeResult: success, version: HTTP/1.1)
HTTP/1.1 200 OK
Content-Length: 127
Content-Type: application/json; charset=utf-8
cache-control: no-cache

20:16:28.758 [AsyncHttpClient-1-17] DEBUG org.asynchttpclient.netty.channel.ChannelManager - Adding key: http://localhost:35746 for channel [id: 0x5880e72e, L:/127.0.0.1:63453 - R:localhost/127.0.0.1:35746]
20:16:28.758 [Forwarding getElementText on session 3329aa6b765f309066bc8dd02191d6ff to remote] DEBUG org.asynchttpclient.netty.request.NettyRequestSender - Using pooled Channel '[id: 0x5880e72e, L:/127.0.0.1:63453 - R:localhost/127.0.0.1:35746]' for 'GET' to 'http://localhost:35746/session/3329aa6b765f309066bc8dd02191d6ff/element/f.B2870DF7316A537857E9721FD09A3092.d.5EA4DF0DB7D0CC302DE213574A15B309.e.151/text'
20:16:28.758 [Forwarding getElementText on session 3329aa6b765f309066bc8dd02191d6ff to remote] DEBUG org.asynchttpclient.netty.request.NettyRequestSender - Using open Channel [id: 0x5880e72e, L:/127.0.0.1:63453 - R:localhost/127.0.0.1:35746] for GET '/session/3329aa6b765f309066bc8dd02191d6ff/element/f.B2870DF7316A537857E9721FD09A3092.d.5EA4DF0DB7D0CC302DE213574A15B309.e.151/text'
20:16:28.778 [AsyncHttpClient-1-17] DEBUG org.asynchttpclient.netty.handler.HttpHandler - 

Request DefaultFullHttpRequest(decodeResult: success, version: HTTP/1.1, content: EmptyByteBufBE)
GET /session/3329aa6b765f309066bc8dd02191d6ff/element/f.B2870DF7316A537857E9721FD09A3092.d.5EA4DF0DB7D0CC302DE213574A15B309.e.151/text HTTP/1.1
Cache-Control: no-cache
User-Agent: selenium/4.12.0 (java windows)
Content-Type: application/json; charset=utf-8
host: localhost:35746
accept: */*

Response DefaultHttpResponse(decodeResult: success, version: HTTP/1.1)
HTTP/1.1 200 OK
Content-Length: 22
Content-Type: application/json; charset=utf-8
cache-control: no-cache

20:16:28.778 [AsyncHttpClient-1-17] DEBUG org.asynchttpclient.netty.channel.ChannelManager - Adding key: http://localhost:35746 for channel [id: 0x5880e72e, L:/127.0.0.1:63453 - R:localhost/127.0.0.1:35746]
actual name: Walmart
20:16:28.778 [Forwarding findElement on session 3329aa6b765f309066bc8dd02191d6ff to remote] DEBUG org.asynchttpclient.netty.request.NettyRequestSender - Using pooled Channel '[id: 0x5880e72e, L:/127.0.0.1:63453 - R:localhost/127.0.0.1:35746]' for 'POST' to 'http://localhost:35746/session/3329aa6b765f309066bc8dd02191d6ff/element'
20:16:28.778 [Forwarding findElement on session 3329aa6b765f309066bc8dd02191d6ff to remote] DEBUG org.asynchttpclient.netty.request.NettyRequestSender - Using open Channel [id: 0x5880e72e, L:/127.0.0.1:63453 - R:localhost/127.0.0.1:35746] for POST '/session/3329aa6b765f309066bc8dd02191d6ff/element'
20:16:28.794 [AsyncHttpClient-1-17] DEBUG org.asynchttpclient.netty.handler.HttpHandler - 

Request DefaultHttpRequest(decodeResult: success, version: HTTP/1.1)
POST /session/3329aa6b765f309066bc8dd02191d6ff/element HTTP/1.1
User-Agent: selenium/4.12.0 (java windows)
Content-Length: 199
Content-Type: application/json; charset=utf-8
host: localhost:35746
accept: */*

Response DefaultHttpResponse(decodeResult: success, version: HTTP/1.1)
HTTP/1.1 200 OK
Content-Length: 127
Content-Type: application/json; charset=utf-8
cache-control: no-cache

20:16:28.794 [AsyncHttpClient-1-17] DEBUG org.asynchttpclient.netty.channel.ChannelManager - Adding key: http://localhost:35746 for channel [id: 0x5880e72e, L:/127.0.0.1:63453 - R:localhost/127.0.0.1:35746]
20:16:28.794 [Forwarding getElementText on session 3329aa6b765f309066bc8dd02191d6ff to remote] DEBUG org.asynchttpclient.netty.request.NettyRequestSender - Using pooled Channel '[id: 0x5880e72e, L:/127.0.0.1:63453 - R:localhost/127.0.0.1:35746]' for 'GET' to 'http://localhost:35746/session/3329aa6b765f309066bc8dd02191d6ff/element/f.B2870DF7316A537857E9721FD09A3092.d.5EA4DF0DB7D0CC302DE213574A15B309.e.152/text'
20:16:28.794 [Forwarding getElementText on session 3329aa6b765f309066bc8dd02191d6ff to remote] DEBUG org.asynchttpclient.netty.request.NettyRequestSender - Using open Channel [id: 0x5880e72e, L:/127.0.0.1:63453 - R:localhost/127.0.0.1:35746] for GET '/session/3329aa6b765f309066bc8dd02191d6ff/element/f.B2870DF7316A537857E9721FD09A3092.d.5EA4DF0DB7D0CC302DE213574A15B309.e.152/text'
20:16:28.825 [AsyncHttpClient-1-17] DEBUG org.asynchttpclient.netty.handler.HttpHandler - 

Request DefaultFullHttpRequest(decodeResult: success, version: HTTP/1.1, content: EmptyByteBufBE)
GET /session/3329aa6b765f309066bc8dd02191d6ff/element/f.B2870DF7316A537857E9721FD09A3092.d.5EA4DF0DB7D0CC302DE213574A15B309.e.152/text HTTP/1.1
Cache-Control: no-cache
User-Agent: selenium/4.12.0 (java windows)
Content-Type: application/json; charset=utf-8
host: localhost:35746
accept: */*

Response DefaultHttpResponse(decodeResult: success, version: HTTP/1.1)
HTTP/1.1 200 OK
Content-Length: 23
Content-Type: application/json; charset=utf-8
cache-control: no-cache

20:16:28.825 [AsyncHttpClient-1-17] DEBUG org.asynchttpclient.netty.channel.ChannelManager - Adding key: http://localhost:35746 for channel [id: 0x5880e72e, L:/127.0.0.1:63453 - R:localhost/127.0.0.1:35746]
actual name: Rj_Steel
20:16:28.825 [Forwarding findElement on session 3329aa6b765f309066bc8dd02191d6ff to remote] DEBUG org.asynchttpclient.netty.request.NettyRequestSender - Using pooled Channel '[id: 0x5880e72e, L:/127.0.0.1:63453 - R:localhost/127.0.0.1:35746]' for 'POST' to 'http://localhost:35746/session/3329aa6b765f309066bc8dd02191d6ff/element'
20:16:28.825 [Forwarding findElement on session 3329aa6b765f309066bc8dd02191d6ff to remote] DEBUG org.asynchttpclient.netty.request.NettyRequestSender - Using open Channel [id: 0x5880e72e, L:/127.0.0.1:63453 - R:localhost/127.0.0.1:35746] for POST '/session/3329aa6b765f309066bc8dd02191d6ff/element'
20:16:28.826 [AsyncHttpClient-1-1] DEBUG org.asynchttpclient.netty.channel.DefaultChannelPool - Entry count for : http://localhost:63454 : 1
20:16:28.831 [AsyncHttpClient-1-17] DEBUG org.asynchttpclient.netty.handler.HttpHandler - 

Request DefaultHttpRequest(decodeResult: success, version: HTTP/1.1)
POST /session/3329aa6b765f309066bc8dd02191d6ff/element HTTP/1.1
User-Agent: selenium/4.12.0 (java windows)
Content-Length: 199
Content-Type: application/json; charset=utf-8
host: localhost:35746
accept: */*

Response DefaultHttpResponse(decodeResult: success, version: HTTP/1.1)
HTTP/1.1 200 OK
Content-Length: 127
Content-Type: application/json; charset=utf-8
cache-control: no-cache

20:16:28.831 [AsyncHttpClient-1-17] DEBUG org.asynchttpclient.netty.channel.ChannelManager - Adding key: http://localhost:35746 for channel [id: 0x5880e72e, L:/127.0.0.1:63453 - R:localhost/127.0.0.1:35746]
20:16:28.831 [Forwarding getElementText on session 3329aa6b765f309066bc8dd02191d6ff to remote] DEBUG org.asynchttpclient.netty.request.NettyRequestSender - Using pooled Channel '[id: 0x5880e72e, L:/127.0.0.1:63453 - R:localhost/127.0.0.1:35746]' for 'GET' to 'http://localhost:35746/session/3329aa6b765f309066bc8dd02191d6ff/element/f.B2870DF7316A537857E9721FD09A3092.d.5EA4DF0DB7D0CC302DE213574A15B309.e.153/text'
20:16:28.831 [Forwarding getElementText on session 3329aa6b765f309066bc8dd02191d6ff to remote] DEBUG org.asynchttpclient.netty.request.NettyRequestSender - Using open Channel [id: 0x5880e72e, L:/127.0.0.1:63453 - R:localhost/127.0.0.1:35746] for GET '/session/3329aa6b765f309066bc8dd02191d6ff/element/f.B2870DF7316A537857E9721FD09A3092.d.5EA4DF0DB7D0CC302DE213574A15B309.e.153/text'
20:16:28.844 [AsyncHttpClient-1-17] DEBUG org.asynchttpclient.netty.handler.HttpHandler - 

Request DefaultFullHttpRequest(decodeResult: success, version: HTTP/1.1, content: EmptyByteBufBE)
GET /session/3329aa6b765f309066bc8dd02191d6ff/element/f.B2870DF7316A537857E9721FD09A3092.d.5EA4DF0DB7D0CC302DE213574A15B309.e.153/text HTTP/1.1
Cache-Control: no-cache
User-Agent: selenium/4.12.0 (java windows)
Content-Type: application/json; charset=utf-8
host: localhost:35746
accept: */*

Response DefaultHttpResponse(decodeResult: success, version: HTTP/1.1)
HTTP/1.1 200 OK
Content-Length: 25
Content-Type: application/json; charset=utf-8
cache-control: no-cache

20:16:28.844 [AsyncHttpClient-1-17] DEBUG org.asynchttpclient.netty.channel.ChannelManager - Adding key: http://localhost:35746 for channel [id: 0x5880e72e, L:/127.0.0.1:63453 - R:localhost/127.0.0.1:35746]
actual name: Rock_Steel
20:16:28.848 [Forwarding findElement on session 3329aa6b765f309066bc8dd02191d6ff to remote] DEBUG org.asynchttpclient.netty.request.NettyRequestSender - Using pooled Channel '[id: 0x5880e72e, L:/127.0.0.1:63453 - R:localhost/127.0.0.1:35746]' for 'POST' to 'http://localhost:35746/session/3329aa6b765f309066bc8dd02191d6ff/element'
20:16:28.848 [Forwarding findElement on session 3329aa6b765f309066bc8dd02191d6ff to remote] DEBUG org.asynchttpclient.netty.request.NettyRequestSender - Using open Channel [id: 0x5880e72e, L:/127.0.0.1:63453 - R:localhost/127.0.0.1:35746] for POST '/session/3329aa6b765f309066bc8dd02191d6ff/element'
20:16:28.851 [AsyncHttpClient-1-17] DEBUG org.asynchttpclient.netty.handler.HttpHandler - 

Request DefaultHttpRequest(decodeResult: success, version: HTTP/1.1)
POST /session/3329aa6b765f309066bc8dd02191d6ff/element HTTP/1.1
User-Agent: selenium/4.12.0 (java windows)
Content-Length: 199
Content-Type: application/json; charset=utf-8
host: localhost:35746
accept: */*

Response DefaultHttpResponse(decodeResult: success, version: HTTP/1.1)
HTTP/1.1 200 OK
Content-Length: 127
Content-Type: application/json; charset=utf-8
cache-control: no-cache

20:16:28.851 [AsyncHttpClient-1-17] DEBUG org.asynchttpclient.netty.channel.ChannelManager - Adding key: http://localhost:35746 for channel [id: 0x5880e72e, L:/127.0.0.1:63453 - R:localhost/127.0.0.1:35746]
20:16:28.856 [Forwarding getElementText on session 3329aa6b765f309066bc8dd02191d6ff to remote] DEBUG org.asynchttpclient.netty.request.NettyRequestSender - Using pooled Channel '[id: 0x5880e72e, L:/127.0.0.1:63453 - R:localhost/127.0.0.1:35746]' for 'GET' to 'http://localhost:35746/session/3329aa6b765f309066bc8dd02191d6ff/element/f.B2870DF7316A537857E9721FD09A3092.d.5EA4DF0DB7D0CC302DE213574A15B309.e.154/text'
20:16:28.856 [Forwarding getElementText on session 3329aa6b765f309066bc8dd02191d6ff to remote] DEBUG org.asynchttpclient.netty.request.NettyRequestSender - Using open Channel [id: 0x5880e72e, L:/127.0.0.1:63453 - R:localhost/127.0.0.1:35746] for GET '/session/3329aa6b765f309066bc8dd02191d6ff/element/f.B2870DF7316A537857E9721FD09A3092.d.5EA4DF0DB7D0CC302DE213574A15B309.e.154/text'
20:16:28.858 [AsyncHttpClient-1-17] DEBUG org.asynchttpclient.netty.handler.HttpHandler - 

Request DefaultFullHttpRequest(decodeResult: success, version: HTTP/1.1, content: EmptyByteBufBE)
GET /session/3329aa6b765f309066bc8dd02191d6ff/element/f.B2870DF7316A537857E9721FD09A3092.d.5EA4DF0DB7D0CC302DE213574A15B309.e.154/text HTTP/1.1
Cache-Control: no-cache
User-Agent: selenium/4.12.0 (java windows)
Content-Type: application/json; charset=utf-8
host: localhost:35746
accept: */*

Response DefaultHttpResponse(decodeResult: success, version: HTTP/1.1)
HTTP/1.1 200 OK
Content-Length: 22
Content-Type: application/json; charset=utf-8
cache-control: no-cache

20:16:28.858 [AsyncHttpClient-1-17] DEBUG org.asynchttpclient.netty.channel.ChannelManager - Adding key: http://localhost:35746 for channel [id: 0x5880e72e, L:/127.0.0.1:63453 - R:localhost/127.0.0.1:35746]
actual name: Walmart
Company Not created 
  Then customer successsfully added                                 # StepDefination.Customer_onboarding.customer_successsfully_added()
20:16:28.863 [AsyncHttpClient-1-19] DEBUG org.asynchttpclient.netty.handler.WebSocketHandler - Channel Closed: [id: 0x9d152076, L:/127.0.0.1:63461 ! R:localhost/127.0.0.1:63454] with attribute DISCARD
20:16:28.863 [Driver Command Executor] DEBUG org.asynchttpclient.netty.request.NettyRequestSender - Using pooled Channel '[id: 0x5880e72e, L:/127.0.0.1:63453 - R:localhost/127.0.0.1:35746]' for 'DELETE' to 'http://localhost:35746/session/3329aa6b765f309066bc8dd02191d6ff'
20:16:28.863 [Driver Command Executor] DEBUG org.asynchttpclient.netty.request.NettyRequestSender - Using open Channel [id: 0x5880e72e, L:/127.0.0.1:63453 - R:localhost/127.0.0.1:35746] for DELETE '/session/3329aa6b765f309066bc8dd02191d6ff'
20:16:28.905 [AsyncHttpClient-1-18] DEBUG org.asynchttpclient.netty.handler.HttpHandler - Unexpected I/O exception on channel [id: 0x03a7a094, L:/127.0.0.1:63460 - R:localhost/127.0.0.1:63454]
java.net.SocketException: Connection reset
	at java.base/sun.nio.ch.SocketChannelImpl.throwConnectionReset(SocketChannelImpl.java:394)
	at java.base/sun.nio.ch.SocketChannelImpl.read(SocketChannelImpl.java:426)
	at io.netty.buffer.PooledByteBuf.setBytes(PooledByteBuf.java:254)
	at io.netty.buffer.AbstractByteBuf.writeBytes(AbstractByteBuf.java:1132)
	at io.netty.channel.socket.nio.NioSocketChannel.doReadBytes(NioSocketChannel.java:357)
	at io.netty.channel.nio.AbstractNioByteChannel$NioByteUnsafe.read(AbstractNioByteChannel.java:151)
	at io.netty.channel.nio.NioEventLoop.processSelectedKey(NioEventLoop.java:788)
	at io.netty.channel.nio.NioEventLoop.processSelectedKeysOptimized(NioEventLoop.java:724)
	at io.netty.channel.nio.NioEventLoop.processSelectedKeys(NioEventLoop.java:650)
	at io.netty.channel.nio.NioEventLoop.run(NioEventLoop.java:562)
	at io.netty.util.concurrent.SingleThreadEventExecutor$4.run(SingleThreadEventExecutor.java:997)
	at io.netty.util.internal.ThreadExecutorMap$2.run(ThreadExecutorMap.java:74)
	at io.netty.util.concurrent.FastThreadLocalRunnable.run(FastThreadLocalRunnable.java:30)
	at java.base/java.lang.Thread.run(Thread.java:840)
20:16:28.905 [AsyncHttpClient-1-18] DEBUG org.asynchttpclient.netty.channel.ChannelManager - Closing Channel [id: 0x03a7a094, L:/127.0.0.1:63460 - R:localhost/127.0.0.1:63454] 
20:16:28.905 [AsyncHttpClient-1-18] DEBUG org.asynchttpclient.netty.handler.HttpHandler - Channel Closed: [id: 0x03a7a094, L:/127.0.0.1:63460 ! R:localhost/127.0.0.1:63454] with attribute DISCARD
20:16:28.936 [AsyncHttpClient-1-17] DEBUG org.asynchttpclient.netty.handler.HttpHandler - 

Request DefaultFullHttpRequest(decodeResult: success, version: HTTP/1.1, content: EmptyByteBufBE)
DELETE /session/3329aa6b765f309066bc8dd02191d6ff HTTP/1.1
User-Agent: selenium/4.12.0 (java windows)
Content-Type: application/json; charset=utf-8
host: localhost:35746
accept: */*

Response DefaultHttpResponse(decodeResult: success, version: HTTP/1.1)
HTTP/1.1 200 OK
Content-Length: 14
Content-Type: application/json; charset=utf-8
cache-control: no-cache

20:16:28.936 [AsyncHttpClient-1-17] DEBUG org.asynchttpclient.netty.channel.ChannelManager - Adding key: http://localhost:35746 for channel [id: 0x5880e72e, L:/127.0.0.1:63453 - R:localhost/127.0.0.1:35746]
20:16:29.298 [AsyncHttpClient-1-17] DEBUG org.asynchttpclient.netty.handler.HttpHandler - Channel Closed: [id: 0x5880e72e, L:/127.0.0.1:63453 ! R:localhost/127.0.0.1:35746] with attribute DISCARD
  And Close_Window                                                  # StepDefination.Customer_onboarding.close_window()
      java.lang.NullPointerException: Cannot invoke "org.openqa.selenium.WebDriver.quit()" because "this.Idriver" is null
	at PageObjects.Base_class.close_window(Base_class.java:52)
	at StepDefination.Signin.close_window(Signin.java:119)
	at StepDefination.My_Load.AfterAll(My_Load.java:144)

]]></system-out>
    <system-err><![CDATA[Jan 18, 2025 8:16:09 PM org.openqa.selenium.devtools.CdpVersionFinder findNearestMatch
WARNING: Unable to find CDP implementation matching 131
Jan 18, 2025 8:16:09 PM org.openqa.selenium.chromium.ChromiumDriver lambda$new$5
WARNING: Unable to find version of CDP to use for 131.0.6778.265. You may need to include a dependency on a specific version of the CDP using something similar to `org.seleniumhq.selenium:selenium-devtools-v86:4.12.0` where the version ("v86") matches the version of the chromium-based browser you're using and the version number of the artifact is the same as Selenium's.
]]></system-err>
  </testcase>
  <testcase name="Add customer without company name" classname="Customer Onboarding form for Broker" time="18.048">
    <error message="Cannot invoke &quot;org.openqa.selenium.WebDriver.quit()&quot; because &quot;this.Idriver&quot; is null" type="java.lang.NullPointerException"><![CDATA[java.lang.NullPointerException: Cannot invoke "org.openqa.selenium.WebDriver.quit()" because "this.Idriver" is null
	at PageObjects.Base_class.close_window(Base_class.java:52)
	at StepDefination.Signin.close_window(Signin.java:119)
	at StepDefination.My_Load.AfterAll(My_Load.java:144)
]]></error>
    <system-out><![CDATA[
Scenario Outline: Add customer without company name              # src/test/resources/Customers/Customer_form.feature:50
20:16:29.650 [AsyncHttpClient-1-20] DEBUG org.asynchttpclient.netty.channel.NettyConnectListener - Using new Channel '[id: 0x3f4ad5ae, L:/127.0.0.1:63493 - R:localhost/127.0.0.1:42391]' for 'POST' to '/session'
20:16:29.927 [AsyncHttpClient-1-1] DEBUG org.asynchttpclient.netty.channel.DefaultChannelPool - Entry count for : http://localhost:63454 : 1
20:16:29.927 [AsyncHttpClient-1-1] DEBUG org.asynchttpclient.netty.channel.DefaultChannelPool - Entry count for : http://localhost:35746 : 1
20:16:29.927 [AsyncHttpClient-1-1] DEBUG org.asynchttpclient.netty.channel.DefaultChannelPool - Adding Candidate expired Channel [id: 0x03a7a094, L:/127.0.0.1:63460 ! R:localhost/127.0.0.1:63454] isIdleTimeoutExpired=false isRemotelyClosed=true isTtlExpired=false
20:16:29.927 [AsyncHttpClient-1-1] DEBUG org.asynchttpclient.netty.channel.DefaultChannelPool - Closing Idle Channel [id: 0x03a7a094, L:/127.0.0.1:63460 ! R:localhost/127.0.0.1:63454]
20:16:29.927 [AsyncHttpClient-1-1] DEBUG org.asynchttpclient.netty.channel.DefaultChannelPool - Adding Candidate expired Channel [id: 0x5880e72e, L:/127.0.0.1:63453 ! R:localhost/127.0.0.1:35746] isIdleTimeoutExpired=false isRemotelyClosed=true isTtlExpired=false
20:16:29.927 [AsyncHttpClient-1-1] DEBUG org.asynchttpclient.netty.channel.DefaultChannelPool - Closing Idle Channel [id: 0x5880e72e, L:/127.0.0.1:63453 ! R:localhost/127.0.0.1:35746]
20:16:29.927 [AsyncHttpClient-1-1] DEBUG org.asynchttpclient.netty.channel.DefaultChannelPool - Closed 2 connections out of 2 in 0 ms
20:16:30.310 [AsyncHttpClient-1-20] DEBUG org.asynchttpclient.netty.handler.HttpHandler - 

Request DefaultHttpRequest(decodeResult: success, version: HTTP/1.1)
POST /session HTTP/1.1
User-Agent: selenium/4.12.0 (java windows)
Content-Length: 254
Content-Type: application/json; charset=utf-8
host: localhost:42391
accept: */*

Response DefaultHttpResponse(decodeResult: success, version: HTTP/1.1)
HTTP/1.1 200 OK
Content-Length: 888
Content-Type: application/json; charset=utf-8
cache-control: no-cache

20:16:30.310 [AsyncHttpClient-1-20] DEBUG org.asynchttpclient.netty.channel.ChannelManager - Adding key: http://localhost:42391 for channel [id: 0x3f4ad5ae, L:/127.0.0.1:63493 - R:localhost/127.0.0.1:42391]
20:16:30.320 [AsyncHttpClient-1-21] DEBUG org.asynchttpclient.netty.channel.NettyConnectListener - Using new Channel '[id: 0x5320369a, L:/127.0.0.1:63499 - R:localhost/127.0.0.1:63494]' for 'GET' to '/json/version'
20:16:30.329 [AsyncHttpClient-1-21] DEBUG org.asynchttpclient.netty.handler.HttpHandler - 

Request DefaultFullHttpRequest(decodeResult: success, version: HTTP/1.1, content: EmptyByteBufBE)
GET /json/version HTTP/1.1
User-Agent: selenium/4.12.0 (java windows)
host: localhost:63494
accept: */*

Response DefaultHttpResponse(decodeResult: success, version: HTTP/1.1)
HTTP/1.1 200 OK
Content-Security-Policy: frame-ancestors 'none'
Content-Length: 424
Content-Type: application/json; charset=UTF-8

20:16:30.329 [AsyncHttpClient-1-21] DEBUG org.asynchttpclient.netty.channel.ChannelManager - Adding key: http://localhost:63494 for channel [id: 0x5320369a, L:/127.0.0.1:63499 - R:localhost/127.0.0.1:63494]
20:16:30.333 [AsyncHttpClient-1-22] DEBUG org.asynchttpclient.netty.channel.NettyConnectListener - Using new Channel '[id: 0x2a048792, L:/127.0.0.1:63500 - R:localhost/127.0.0.1:63494]' for 'GET' to '/devtools/browser/85377447-12e4-4197-98c7-961af9f76c87'
20:16:30.336 [AsyncHttpClient-1-22] DEBUG org.asynchttpclient.netty.handler.WebSocketHandler - 

Request DefaultFullHttpRequest(decodeResult: success, version: HTTP/1.1, content: EmptyByteBufBE)
GET /devtools/browser/85377447-12e4-4197-98c7-961af9f76c87 HTTP/1.1
upgrade: websocket
connection: upgrade
sec-websocket-key: D/9zYInmNEPZnoWX9PBh/Q==
sec-websocket-version: 13
origin: http://localhost:63494
host: localhost:63494
accept: */*
user-agent: AHC/2.1

Response DefaultHttpResponse(decodeResult: success, version: HTTP/1.1)
HTTP/1.1 101 WebSocket Protocol Handshake
Upgrade: WebSocket
Connection: Upgrade
Sec-WebSocket-Accept: YoalZ+vYE5a1Og8R2w4jpF1CYyc=

20:16:30.343 [Forwarding get on session bf9cca4ee81381117c2331a975aa7b2e to remote] DEBUG org.asynchttpclient.netty.request.NettyRequestSender - Using pooled Channel '[id: 0x3f4ad5ae, L:/127.0.0.1:63493 - R:localhost/127.0.0.1:42391]' for 'POST' to 'http://localhost:42391/session/bf9cca4ee81381117c2331a975aa7b2e/url'
20:16:30.343 [Forwarding get on session bf9cca4ee81381117c2331a975aa7b2e to remote] DEBUG org.asynchttpclient.netty.request.NettyRequestSender - Using open Channel [id: 0x3f4ad5ae, L:/127.0.0.1:63493 - R:localhost/127.0.0.1:42391] for POST '/session/bf9cca4ee81381117c2331a975aa7b2e/url'
20:16:31.026 [AsyncHttpClient-1-1] DEBUG org.asynchttpclient.netty.channel.DefaultChannelPool - Entry count for : http://localhost:63494 : 1
20:16:31.340 [AsyncHttpClient-1-20] DEBUG org.asynchttpclient.netty.handler.HttpHandler - 

Request DefaultHttpRequest(decodeResult: success, version: HTTP/1.1)
POST /session/bf9cca4ee81381117c2331a975aa7b2e/url HTTP/1.1
User-Agent: selenium/4.12.0 (java windows)
Content-Length: 92
Content-Type: application/json; charset=utf-8
host: localhost:42391
accept: */*

Response DefaultHttpResponse(decodeResult: success, version: HTTP/1.1)
HTTP/1.1 200 OK
Content-Length: 14
Content-Type: application/json; charset=utf-8
cache-control: no-cache

20:16:31.340 [AsyncHttpClient-1-20] DEBUG org.asynchttpclient.netty.channel.ChannelManager - Adding key: http://localhost:42391 for channel [id: 0x3f4ad5ae, L:/127.0.0.1:63493 - R:localhost/127.0.0.1:42391]
20:16:31.340 [Forwarding maximizeCurrentWindow on session bf9cca4ee81381117c2331a975aa7b2e to remote] DEBUG org.asynchttpclient.netty.request.NettyRequestSender - Using pooled Channel '[id: 0x3f4ad5ae, L:/127.0.0.1:63493 - R:localhost/127.0.0.1:42391]' for 'POST' to 'http://localhost:42391/session/bf9cca4ee81381117c2331a975aa7b2e/window/maximize'
20:16:31.340 [Forwarding maximizeCurrentWindow on session bf9cca4ee81381117c2331a975aa7b2e to remote] DEBUG org.asynchttpclient.netty.request.NettyRequestSender - Using open Channel [id: 0x3f4ad5ae, L:/127.0.0.1:63493 - R:localhost/127.0.0.1:42391] for POST '/session/bf9cca4ee81381117c2331a975aa7b2e/window/maximize'
20:16:31.362 [AsyncHttpClient-1-20] DEBUG org.asynchttpclient.netty.handler.HttpHandler - 

Request DefaultHttpRequest(decodeResult: success, version: HTTP/1.1)
POST /session/bf9cca4ee81381117c2331a975aa7b2e/window/maximize HTTP/1.1
User-Agent: selenium/4.12.0 (java windows)
Content-Length: 3
Content-Type: application/json; charset=utf-8
host: localhost:42391
accept: */*

Response DefaultHttpResponse(decodeResult: success, version: HTTP/1.1)
HTTP/1.1 200 OK
Content-Length: 51
Content-Type: application/json; charset=utf-8
cache-control: no-cache

20:16:31.362 [AsyncHttpClient-1-20] DEBUG org.asynchttpclient.netty.channel.ChannelManager - Adding key: http://localhost:42391 for channel [id: 0x3f4ad5ae, L:/127.0.0.1:63493 - R:localhost/127.0.0.1:42391]
20:16:31.362 [Forwarding findElement on session bf9cca4ee81381117c2331a975aa7b2e to remote] DEBUG org.asynchttpclient.netty.request.NettyRequestSender - Using pooled Channel '[id: 0x3f4ad5ae, L:/127.0.0.1:63493 - R:localhost/127.0.0.1:42391]' for 'POST' to 'http://localhost:42391/session/bf9cca4ee81381117c2331a975aa7b2e/element'
20:16:31.362 [Forwarding findElement on session bf9cca4ee81381117c2331a975aa7b2e to remote] DEBUG org.asynchttpclient.netty.request.NettyRequestSender - Using open Channel [id: 0x3f4ad5ae, L:/127.0.0.1:63493 - R:localhost/127.0.0.1:42391] for POST '/session/bf9cca4ee81381117c2331a975aa7b2e/element'
20:16:31.362 [AsyncHttpClient-1-20] DEBUG org.asynchttpclient.netty.handler.HttpHandler - 

Request DefaultHttpRequest(decodeResult: success, version: HTTP/1.1)
POST /session/bf9cca4ee81381117c2331a975aa7b2e/element HTTP/1.1
User-Agent: selenium/4.12.0 (java windows)
Content-Length: 69
Content-Type: application/json; charset=utf-8
host: localhost:42391
accept: */*

Response DefaultHttpResponse(decodeResult: success, version: HTTP/1.1)
HTTP/1.1 200 OK
Content-Length: 125
Content-Type: application/json; charset=utf-8
cache-control: no-cache

20:16:31.362 [AsyncHttpClient-1-20] DEBUG org.asynchttpclient.netty.channel.ChannelManager - Adding key: http://localhost:42391 for channel [id: 0x3f4ad5ae, L:/127.0.0.1:63493 - R:localhost/127.0.0.1:42391]
20:16:31.373 [Forwarding sendKeysToElement on session bf9cca4ee81381117c2331a975aa7b2e to remote] DEBUG org.asynchttpclient.netty.request.NettyRequestSender - Using pooled Channel '[id: 0x3f4ad5ae, L:/127.0.0.1:63493 - R:localhost/127.0.0.1:42391]' for 'POST' to 'http://localhost:42391/session/bf9cca4ee81381117c2331a975aa7b2e/element/f.9AAAD39E9FA2072B800A013D1413DD43.d.CE1A8C605B32C06AD393BD3F140F500F.e.1/value'
20:16:31.373 [Forwarding sendKeysToElement on session bf9cca4ee81381117c2331a975aa7b2e to remote] DEBUG org.asynchttpclient.netty.request.NettyRequestSender - Using open Channel [id: 0x3f4ad5ae, L:/127.0.0.1:63493 - R:localhost/127.0.0.1:42391] for POST '/session/bf9cca4ee81381117c2331a975aa7b2e/element/f.9AAAD39E9FA2072B800A013D1413DD43.d.CE1A8C605B32C06AD393BD3F140F500F.e.1/value'
20:16:31.474 [AsyncHttpClient-1-20] DEBUG org.asynchttpclient.netty.handler.HttpHandler - 

Request DefaultHttpRequest(decodeResult: success, version: HTTP/1.1)
POST /session/bf9cca4ee81381117c2331a975aa7b2e/element/f.9AAAD39E9FA2072B800A013D1413DD43.d.CE1A8C605B32C06AD393BD3F140F500F.e.1/value HTTP/1.1
User-Agent: selenium/4.12.0 (java windows)
Content-Length: 338
Content-Type: application/json; charset=utf-8
host: localhost:42391
accept: */*

Response DefaultHttpResponse(decodeResult: success, version: HTTP/1.1)
HTTP/1.1 200 OK
Content-Length: 14
Content-Type: application/json; charset=utf-8
cache-control: no-cache

20:16:31.474 [AsyncHttpClient-1-20] DEBUG org.asynchttpclient.netty.channel.ChannelManager - Adding key: http://localhost:42391 for channel [id: 0x3f4ad5ae, L:/127.0.0.1:63493 - R:localhost/127.0.0.1:42391]
20:16:31.474 [Forwarding findElement on session bf9cca4ee81381117c2331a975aa7b2e to remote] DEBUG org.asynchttpclient.netty.request.NettyRequestSender - Using pooled Channel '[id: 0x3f4ad5ae, L:/127.0.0.1:63493 - R:localhost/127.0.0.1:42391]' for 'POST' to 'http://localhost:42391/session/bf9cca4ee81381117c2331a975aa7b2e/element'
20:16:31.474 [Forwarding findElement on session bf9cca4ee81381117c2331a975aa7b2e to remote] DEBUG org.asynchttpclient.netty.request.NettyRequestSender - Using open Channel [id: 0x3f4ad5ae, L:/127.0.0.1:63493 - R:localhost/127.0.0.1:42391] for POST '/session/bf9cca4ee81381117c2331a975aa7b2e/element'
20:16:31.474 [AsyncHttpClient-1-20] DEBUG org.asynchttpclient.netty.handler.HttpHandler - 

Request DefaultHttpRequest(decodeResult: success, version: HTTP/1.1)
POST /session/bf9cca4ee81381117c2331a975aa7b2e/element HTTP/1.1
User-Agent: selenium/4.12.0 (java windows)
Content-Length: 72
Content-Type: application/json; charset=utf-8
host: localhost:42391
accept: */*

Response DefaultHttpResponse(decodeResult: success, version: HTTP/1.1)
HTTP/1.1 200 OK
Content-Length: 125
Content-Type: application/json; charset=utf-8
cache-control: no-cache

20:16:31.474 [AsyncHttpClient-1-20] DEBUG org.asynchttpclient.netty.channel.ChannelManager - Adding key: http://localhost:42391 for channel [id: 0x3f4ad5ae, L:/127.0.0.1:63493 - R:localhost/127.0.0.1:42391]
20:16:31.474 [Forwarding sendKeysToElement on session bf9cca4ee81381117c2331a975aa7b2e to remote] DEBUG org.asynchttpclient.netty.request.NettyRequestSender - Using pooled Channel '[id: 0x3f4ad5ae, L:/127.0.0.1:63493 - R:localhost/127.0.0.1:42391]' for 'POST' to 'http://localhost:42391/session/bf9cca4ee81381117c2331a975aa7b2e/element/f.9AAAD39E9FA2072B800A013D1413DD43.d.CE1A8C605B32C06AD393BD3F140F500F.e.3/value'
20:16:31.474 [Forwarding sendKeysToElement on session bf9cca4ee81381117c2331a975aa7b2e to remote] DEBUG org.asynchttpclient.netty.request.NettyRequestSender - Using open Channel [id: 0x3f4ad5ae, L:/127.0.0.1:63493 - R:localhost/127.0.0.1:42391] for POST '/session/bf9cca4ee81381117c2331a975aa7b2e/element/f.9AAAD39E9FA2072B800A013D1413DD43.d.CE1A8C605B32C06AD393BD3F140F500F.e.3/value'
20:16:31.543 [AsyncHttpClient-1-20] DEBUG org.asynchttpclient.netty.handler.HttpHandler - 

Request DefaultHttpRequest(decodeResult: success, version: HTTP/1.1)
POST /session/bf9cca4ee81381117c2331a975aa7b2e/element/f.9AAAD39E9FA2072B800A013D1413DD43.d.CE1A8C605B32C06AD393BD3F140F500F.e.3/value HTTP/1.1
User-Agent: selenium/4.12.0 (java windows)
Content-Length: 208
Content-Type: application/json; charset=utf-8
host: localhost:42391
accept: */*

Response DefaultHttpResponse(decodeResult: success, version: HTTP/1.1)
HTTP/1.1 200 OK
Content-Length: 14
Content-Type: application/json; charset=utf-8
cache-control: no-cache

20:16:31.543 [AsyncHttpClient-1-20] DEBUG org.asynchttpclient.netty.channel.ChannelManager - Adding key: http://localhost:42391 for channel [id: 0x3f4ad5ae, L:/127.0.0.1:63493 - R:localhost/127.0.0.1:42391]
20:16:31.543 [Forwarding findElement on session bf9cca4ee81381117c2331a975aa7b2e to remote] DEBUG org.asynchttpclient.netty.request.NettyRequestSender - Using pooled Channel '[id: 0x3f4ad5ae, L:/127.0.0.1:63493 - R:localhost/127.0.0.1:42391]' for 'POST' to 'http://localhost:42391/session/bf9cca4ee81381117c2331a975aa7b2e/element'
20:16:31.543 [Forwarding findElement on session bf9cca4ee81381117c2331a975aa7b2e to remote] DEBUG org.asynchttpclient.netty.request.NettyRequestSender - Using open Channel [id: 0x3f4ad5ae, L:/127.0.0.1:63493 - R:localhost/127.0.0.1:42391] for POST '/session/bf9cca4ee81381117c2331a975aa7b2e/element'
20:16:31.543 [AsyncHttpClient-1-20] DEBUG org.asynchttpclient.netty.handler.HttpHandler - 

Request DefaultHttpRequest(decodeResult: success, version: HTTP/1.1)
POST /session/bf9cca4ee81381117c2331a975aa7b2e/element HTTP/1.1
User-Agent: selenium/4.12.0 (java windows)
Content-Length: 73
Content-Type: application/json; charset=utf-8
host: localhost:42391
accept: */*

Response DefaultHttpResponse(decodeResult: success, version: HTTP/1.1)
HTTP/1.1 200 OK
Content-Length: 125
Content-Type: application/json; charset=utf-8
cache-control: no-cache

20:16:31.543 [AsyncHttpClient-1-20] DEBUG org.asynchttpclient.netty.channel.ChannelManager - Adding key: http://localhost:42391 for channel [id: 0x3f4ad5ae, L:/127.0.0.1:63493 - R:localhost/127.0.0.1:42391]
20:16:31.543 [Forwarding clickElement on session bf9cca4ee81381117c2331a975aa7b2e to remote] DEBUG org.asynchttpclient.netty.request.NettyRequestSender - Using pooled Channel '[id: 0x3f4ad5ae, L:/127.0.0.1:63493 - R:localhost/127.0.0.1:42391]' for 'POST' to 'http://localhost:42391/session/bf9cca4ee81381117c2331a975aa7b2e/element/f.9AAAD39E9FA2072B800A013D1413DD43.d.CE1A8C605B32C06AD393BD3F140F500F.e.5/click'
20:16:31.543 [Forwarding clickElement on session bf9cca4ee81381117c2331a975aa7b2e to remote] DEBUG org.asynchttpclient.netty.request.NettyRequestSender - Using open Channel [id: 0x3f4ad5ae, L:/127.0.0.1:63493 - R:localhost/127.0.0.1:42391] for POST '/session/bf9cca4ee81381117c2331a975aa7b2e/element/f.9AAAD39E9FA2072B800A013D1413DD43.d.CE1A8C605B32C06AD393BD3F140F500F.e.5/click'
20:16:31.598 [AsyncHttpClient-1-20] DEBUG org.asynchttpclient.netty.handler.HttpHandler - 

Request DefaultHttpRequest(decodeResult: success, version: HTTP/1.1)
POST /session/bf9cca4ee81381117c2331a975aa7b2e/element/f.9AAAD39E9FA2072B800A013D1413DD43.d.CE1A8C605B32C06AD393BD3F140F500F.e.5/click HTTP/1.1
User-Agent: selenium/4.12.0 (java windows)
Content-Length: 87
Content-Type: application/json; charset=utf-8
host: localhost:42391
accept: */*

Response DefaultHttpResponse(decodeResult: success, version: HTTP/1.1)
HTTP/1.1 200 OK
Content-Length: 14
Content-Type: application/json; charset=utf-8
cache-control: no-cache

20:16:31.598 [AsyncHttpClient-1-20] DEBUG org.asynchttpclient.netty.channel.ChannelManager - Adding key: http://localhost:42391 for channel [id: 0x3f4ad5ae, L:/127.0.0.1:63493 - R:localhost/127.0.0.1:42391]
20:16:32.139 [AsyncHttpClient-1-1] DEBUG org.asynchttpclient.netty.channel.DefaultChannelPool - Entry count for : http://localhost:63494 : 1
20:16:32.140 [AsyncHttpClient-1-1] DEBUG org.asynchttpclient.netty.channel.DefaultChannelPool - Entry count for : http://localhost:42391 : 1
20:16:33.230 [AsyncHttpClient-1-1] DEBUG org.asynchttpclient.netty.channel.DefaultChannelPool - Entry count for : http://localhost:63494 : 1
20:16:33.230 [AsyncHttpClient-1-1] DEBUG org.asynchttpclient.netty.channel.DefaultChannelPool - Entry count for : http://localhost:42391 : 1
20:16:34.332 [AsyncHttpClient-1-1] DEBUG org.asynchttpclient.netty.channel.DefaultChannelPool - Entry count for : http://localhost:63494 : 1
20:16:34.332 [AsyncHttpClient-1-1] DEBUG org.asynchttpclient.netty.channel.DefaultChannelPool - Entry count for : http://localhost:42391 : 1
20:16:35.439 [AsyncHttpClient-1-1] DEBUG org.asynchttpclient.netty.channel.DefaultChannelPool - Entry count for : http://localhost:63494 : 1
20:16:35.439 [AsyncHttpClient-1-1] DEBUG org.asynchttpclient.netty.channel.DefaultChannelPool - Entry count for : http://localhost:42391 : 1
20:16:36.527 [AsyncHttpClient-1-1] DEBUG org.asynchttpclient.netty.channel.DefaultChannelPool - Entry count for : http://localhost:63494 : 1
20:16:36.527 [AsyncHttpClient-1-1] DEBUG org.asynchttpclient.netty.channel.DefaultChannelPool - Entry count for : http://localhost:42391 : 1
20:16:36.605 [Forwarding getCurrentUrl on session bf9cca4ee81381117c2331a975aa7b2e to remote] DEBUG org.asynchttpclient.netty.request.NettyRequestSender - Using pooled Channel '[id: 0x3f4ad5ae, L:/127.0.0.1:63493 - R:localhost/127.0.0.1:42391]' for 'GET' to 'http://localhost:42391/session/bf9cca4ee81381117c2331a975aa7b2e/url'
20:16:36.605 [Forwarding getCurrentUrl on session bf9cca4ee81381117c2331a975aa7b2e to remote] DEBUG org.asynchttpclient.netty.request.NettyRequestSender - Using open Channel [id: 0x3f4ad5ae, L:/127.0.0.1:63493 - R:localhost/127.0.0.1:42391] for GET '/session/bf9cca4ee81381117c2331a975aa7b2e/url'
20:16:36.621 [AsyncHttpClient-1-20] DEBUG org.asynchttpclient.netty.handler.HttpHandler - 

Request DefaultFullHttpRequest(decodeResult: success, version: HTTP/1.1, content: EmptyByteBufBE)
GET /session/bf9cca4ee81381117c2331a975aa7b2e/url HTTP/1.1
Cache-Control: no-cache
User-Agent: selenium/4.12.0 (java windows)
Content-Type: application/json; charset=utf-8
host: localhost:42391
accept: */*

Response DefaultHttpResponse(decodeResult: success, version: HTTP/1.1)
HTTP/1.1 200 OK
Content-Length: 69
Content-Type: application/json; charset=utf-8
cache-control: no-cache

20:16:36.621 [AsyncHttpClient-1-20] DEBUG org.asynchttpclient.netty.channel.ChannelManager - Adding key: http://localhost:42391 for channel [id: 0x3f4ad5ae, L:/127.0.0.1:63493 - R:localhost/127.0.0.1:42391]
https://fleet-manager-development.vercel.app/auth/sign-in
20:16:36.621 [Forwarding findElement on session bf9cca4ee81381117c2331a975aa7b2e to remote] DEBUG org.asynchttpclient.netty.request.NettyRequestSender - Using pooled Channel '[id: 0x3f4ad5ae, L:/127.0.0.1:63493 - R:localhost/127.0.0.1:42391]' for 'POST' to 'http://localhost:42391/session/bf9cca4ee81381117c2331a975aa7b2e/element'
20:16:36.621 [Forwarding findElement on session bf9cca4ee81381117c2331a975aa7b2e to remote] DEBUG org.asynchttpclient.netty.request.NettyRequestSender - Using open Channel [id: 0x3f4ad5ae, L:/127.0.0.1:63493 - R:localhost/127.0.0.1:42391] for POST '/session/bf9cca4ee81381117c2331a975aa7b2e/element'
20:16:36.636 [AsyncHttpClient-1-20] DEBUG org.asynchttpclient.netty.handler.HttpHandler - 

Request DefaultHttpRequest(decodeResult: success, version: HTTP/1.1)
POST /session/bf9cca4ee81381117c2331a975aa7b2e/element HTTP/1.1
User-Agent: selenium/4.12.0 (java windows)
Content-Length: 66
Content-Type: application/json; charset=utf-8
host: localhost:42391
accept: */*

Response DefaultHttpResponse(decodeResult: success, version: HTTP/1.1)
HTTP/1.1 200 OK
Content-Length: 126
Content-Type: application/json; charset=utf-8
cache-control: no-cache

20:16:36.636 [AsyncHttpClient-1-20] DEBUG org.asynchttpclient.netty.channel.ChannelManager - Adding key: http://localhost:42391 for channel [id: 0x3f4ad5ae, L:/127.0.0.1:63493 - R:localhost/127.0.0.1:42391]
20:16:36.636 [Forwarding isElementDisplayed on session bf9cca4ee81381117c2331a975aa7b2e to remote] DEBUG org.asynchttpclient.netty.request.NettyRequestSender - Using pooled Channel '[id: 0x3f4ad5ae, L:/127.0.0.1:63493 - R:localhost/127.0.0.1:42391]' for 'POST' to 'http://localhost:42391/session/bf9cca4ee81381117c2331a975aa7b2e/execute/sync'
20:16:36.636 [Forwarding isElementDisplayed on session bf9cca4ee81381117c2331a975aa7b2e to remote] DEBUG org.asynchttpclient.netty.request.NettyRequestSender - Using open Channel [id: 0x3f4ad5ae, L:/127.0.0.1:63493 - R:localhost/127.0.0.1:42391] for POST '/session/bf9cca4ee81381117c2331a975aa7b2e/execute/sync'
20:16:36.667 [AsyncHttpClient-1-20] DEBUG org.asynchttpclient.netty.handler.HttpHandler - 

Request DefaultHttpRequest(decodeResult: success, version: HTTP/1.1)
POST /session/bf9cca4ee81381117c2331a975aa7b2e/execute/sync HTTP/1.1
User-Agent: selenium/4.12.0 (java windows)
Content-Length: 48734
Content-Type: application/json; charset=utf-8
host: localhost:42391
accept: */*

Response DefaultHttpResponse(decodeResult: success, version: HTTP/1.1)
HTTP/1.1 200 OK
Content-Length: 14
Content-Type: application/json; charset=utf-8
cache-control: no-cache

20:16:36.667 [AsyncHttpClient-1-20] DEBUG org.asynchttpclient.netty.channel.ChannelManager - Adding key: http://localhost:42391 for channel [id: 0x3f4ad5ae, L:/127.0.0.1:63493 - R:localhost/127.0.0.1:42391]
20:16:36.667 [Forwarding findElement on session bf9cca4ee81381117c2331a975aa7b2e to remote] DEBUG org.asynchttpclient.netty.request.NettyRequestSender - Using pooled Channel '[id: 0x3f4ad5ae, L:/127.0.0.1:63493 - R:localhost/127.0.0.1:42391]' for 'POST' to 'http://localhost:42391/session/bf9cca4ee81381117c2331a975aa7b2e/element'
20:16:36.667 [Forwarding findElement on session bf9cca4ee81381117c2331a975aa7b2e to remote] DEBUG org.asynchttpclient.netty.request.NettyRequestSender - Using open Channel [id: 0x3f4ad5ae, L:/127.0.0.1:63493 - R:localhost/127.0.0.1:42391] for POST '/session/bf9cca4ee81381117c2331a975aa7b2e/element'
20:16:36.683 [AsyncHttpClient-1-20] DEBUG org.asynchttpclient.netty.handler.HttpHandler - 

Request DefaultHttpRequest(decodeResult: success, version: HTTP/1.1)
POST /session/bf9cca4ee81381117c2331a975aa7b2e/element HTTP/1.1
User-Agent: selenium/4.12.0 (java windows)
Content-Length: 66
Content-Type: application/json; charset=utf-8
host: localhost:42391
accept: */*

Response DefaultHttpResponse(decodeResult: success, version: HTTP/1.1)
HTTP/1.1 200 OK
Content-Length: 126
Content-Type: application/json; charset=utf-8
cache-control: no-cache

20:16:36.683 [AsyncHttpClient-1-20] DEBUG org.asynchttpclient.netty.channel.ChannelManager - Adding key: http://localhost:42391 for channel [id: 0x3f4ad5ae, L:/127.0.0.1:63493 - R:localhost/127.0.0.1:42391]
20:16:36.683 [Forwarding getElementText on session bf9cca4ee81381117c2331a975aa7b2e to remote] DEBUG org.asynchttpclient.netty.request.NettyRequestSender - Using pooled Channel '[id: 0x3f4ad5ae, L:/127.0.0.1:63493 - R:localhost/127.0.0.1:42391]' for 'GET' to 'http://localhost:42391/session/bf9cca4ee81381117c2331a975aa7b2e/element/f.9AAAD39E9FA2072B800A013D1413DD43.d.CE1A8C605B32C06AD393BD3F140F500F.e.21/text'
20:16:36.683 [Forwarding getElementText on session bf9cca4ee81381117c2331a975aa7b2e to remote] DEBUG org.asynchttpclient.netty.request.NettyRequestSender - Using open Channel [id: 0x3f4ad5ae, L:/127.0.0.1:63493 - R:localhost/127.0.0.1:42391] for GET '/session/bf9cca4ee81381117c2331a975aa7b2e/element/f.9AAAD39E9FA2072B800A013D1413DD43.d.CE1A8C605B32C06AD393BD3F140F500F.e.21/text'
20:16:36.683 [AsyncHttpClient-1-20] DEBUG org.asynchttpclient.netty.handler.HttpHandler - 

Request DefaultFullHttpRequest(decodeResult: success, version: HTTP/1.1, content: EmptyByteBufBE)
GET /session/bf9cca4ee81381117c2331a975aa7b2e/element/f.9AAAD39E9FA2072B800A013D1413DD43.d.CE1A8C605B32C06AD393BD3F140F500F.e.21/text HTTP/1.1
Cache-Control: no-cache
User-Agent: selenium/4.12.0 (java windows)
Content-Type: application/json; charset=utf-8
host: localhost:42391
accept: */*

Response DefaultHttpResponse(decodeResult: success, version: HTTP/1.1)
HTTP/1.1 200 OK
Content-Length: 33
Content-Type: application/json; charset=utf-8
cache-control: no-cache

20:16:36.683 [AsyncHttpClient-1-20] DEBUG org.asynchttpclient.netty.channel.ChannelManager - Adding key: http://localhost:42391 for channel [id: 0x3f4ad5ae, L:/127.0.0.1:63493 - R:localhost/127.0.0.1:42391]
20:16:36.683 [Forwarding findElement on session bf9cca4ee81381117c2331a975aa7b2e to remote] DEBUG org.asynchttpclient.netty.request.NettyRequestSender - Using pooled Channel '[id: 0x3f4ad5ae, L:/127.0.0.1:63493 - R:localhost/127.0.0.1:42391]' for 'POST' to 'http://localhost:42391/session/bf9cca4ee81381117c2331a975aa7b2e/element'
20:16:36.683 [Forwarding findElement on session bf9cca4ee81381117c2331a975aa7b2e to remote] DEBUG org.asynchttpclient.netty.request.NettyRequestSender - Using open Channel [id: 0x3f4ad5ae, L:/127.0.0.1:63493 - R:localhost/127.0.0.1:42391] for POST '/session/bf9cca4ee81381117c2331a975aa7b2e/element'
20:16:36.699 [AsyncHttpClient-1-20] DEBUG org.asynchttpclient.netty.handler.HttpHandler - 

Request DefaultHttpRequest(decodeResult: success, version: HTTP/1.1)
POST /session/bf9cca4ee81381117c2331a975aa7b2e/element HTTP/1.1
User-Agent: selenium/4.12.0 (java windows)
Content-Length: 74
Content-Type: application/json; charset=utf-8
host: localhost:42391
accept: */*

Response DefaultHttpResponse(decodeResult: success, version: HTTP/1.1)
HTTP/1.1 200 OK
Content-Length: 126
Content-Type: application/json; charset=utf-8
cache-control: no-cache

20:16:36.699 [AsyncHttpClient-1-20] DEBUG org.asynchttpclient.netty.channel.ChannelManager - Adding key: http://localhost:42391 for channel [id: 0x3f4ad5ae, L:/127.0.0.1:63493 - R:localhost/127.0.0.1:42391]
20:16:36.699 [Forwarding clickElement on session bf9cca4ee81381117c2331a975aa7b2e to remote] DEBUG org.asynchttpclient.netty.request.NettyRequestSender - Using pooled Channel '[id: 0x3f4ad5ae, L:/127.0.0.1:63493 - R:localhost/127.0.0.1:42391]' for 'POST' to 'http://localhost:42391/session/bf9cca4ee81381117c2331a975aa7b2e/element/f.9AAAD39E9FA2072B800A013D1413DD43.d.CE1A8C605B32C06AD393BD3F140F500F.e.22/click'
20:16:36.699 [Forwarding clickElement on session bf9cca4ee81381117c2331a975aa7b2e to remote] DEBUG org.asynchttpclient.netty.request.NettyRequestSender - Using open Channel [id: 0x3f4ad5ae, L:/127.0.0.1:63493 - R:localhost/127.0.0.1:42391] for POST '/session/bf9cca4ee81381117c2331a975aa7b2e/element/f.9AAAD39E9FA2072B800A013D1413DD43.d.CE1A8C605B32C06AD393BD3F140F500F.e.22/click'
20:16:36.740 [AsyncHttpClient-1-20] DEBUG org.asynchttpclient.netty.handler.HttpHandler - 

Request DefaultHttpRequest(decodeResult: success, version: HTTP/1.1)
POST /session/bf9cca4ee81381117c2331a975aa7b2e/element/f.9AAAD39E9FA2072B800A013D1413DD43.d.CE1A8C605B32C06AD393BD3F140F500F.e.22/click HTTP/1.1
User-Agent: selenium/4.12.0 (java windows)
Content-Length: 88
Content-Type: application/json; charset=utf-8
host: localhost:42391
accept: */*

Response DefaultHttpResponse(decodeResult: success, version: HTTP/1.1)
HTTP/1.1 200 OK
Content-Length: 14
Content-Type: application/json; charset=utf-8
cache-control: no-cache

20:16:36.741 [AsyncHttpClient-1-20] DEBUG org.asynchttpclient.netty.channel.ChannelManager - Adding key: http://localhost:42391 for channel [id: 0x3f4ad5ae, L:/127.0.0.1:63493 - R:localhost/127.0.0.1:42391]
20:16:37.641 [AsyncHttpClient-1-1] DEBUG org.asynchttpclient.netty.channel.DefaultChannelPool - Entry count for : http://localhost:63494 : 1
20:16:37.641 [AsyncHttpClient-1-1] DEBUG org.asynchttpclient.netty.channel.DefaultChannelPool - Entry count for : http://localhost:42391 : 1
20:16:38.736 [AsyncHttpClient-1-1] DEBUG org.asynchttpclient.netty.channel.DefaultChannelPool - Entry count for : http://localhost:63494 : 1
20:16:38.736 [AsyncHttpClient-1-1] DEBUG org.asynchttpclient.netty.channel.DefaultChannelPool - Entry count for : http://localhost:42391 : 1
screen shot class not taking
  Given I am on dashboardfokisaj290@edectus.com and Fleet@123    # StepDefination.Customer_onboarding.I_am_on_dashboard(java.lang.String,java.lang.String)
20:16:39.758 [Forwarding findElement on session bf9cca4ee81381117c2331a975aa7b2e to remote] DEBUG org.asynchttpclient.netty.request.NettyRequestSender - Using pooled Channel '[id: 0x3f4ad5ae, L:/127.0.0.1:63493 - R:localhost/127.0.0.1:42391]' for 'POST' to 'http://localhost:42391/session/bf9cca4ee81381117c2331a975aa7b2e/element'
20:16:39.758 [Forwarding findElement on session bf9cca4ee81381117c2331a975aa7b2e to remote] DEBUG org.asynchttpclient.netty.request.NettyRequestSender - Using open Channel [id: 0x3f4ad5ae, L:/127.0.0.1:63493 - R:localhost/127.0.0.1:42391] for POST '/session/bf9cca4ee81381117c2331a975aa7b2e/element'
20:16:39.773 [AsyncHttpClient-1-20] DEBUG org.asynchttpclient.netty.handler.HttpHandler - 

Request DefaultHttpRequest(decodeResult: success, version: HTTP/1.1)
POST /session/bf9cca4ee81381117c2331a975aa7b2e/element HTTP/1.1
User-Agent: selenium/4.12.0 (java windows)
Content-Length: 127
Content-Type: application/json; charset=utf-8
host: localhost:42391
accept: */*

Response DefaultHttpResponse(decodeResult: success, version: HTTP/1.1)
HTTP/1.1 200 OK
Content-Length: 126
Content-Type: application/json; charset=utf-8
cache-control: no-cache

20:16:39.773 [AsyncHttpClient-1-20] DEBUG org.asynchttpclient.netty.channel.ChannelManager - Adding key: http://localhost:42391 for channel [id: 0x3f4ad5ae, L:/127.0.0.1:63493 - R:localhost/127.0.0.1:42391]
20:16:39.773 [Forwarding getElementText on session bf9cca4ee81381117c2331a975aa7b2e to remote] DEBUG org.asynchttpclient.netty.request.NettyRequestSender - Using pooled Channel '[id: 0x3f4ad5ae, L:/127.0.0.1:63493 - R:localhost/127.0.0.1:42391]' for 'GET' to 'http://localhost:42391/session/bf9cca4ee81381117c2331a975aa7b2e/element/f.9AAAD39E9FA2072B800A013D1413DD43.d.F44ED93E219463D5849F3E5CF482ED3C.e.32/text'
20:16:39.773 [Forwarding getElementText on session bf9cca4ee81381117c2331a975aa7b2e to remote] DEBUG org.asynchttpclient.netty.request.NettyRequestSender - Using open Channel [id: 0x3f4ad5ae, L:/127.0.0.1:63493 - R:localhost/127.0.0.1:42391] for GET '/session/bf9cca4ee81381117c2331a975aa7b2e/element/f.9AAAD39E9FA2072B800A013D1413DD43.d.F44ED93E219463D5849F3E5CF482ED3C.e.32/text'
20:16:39.790 [AsyncHttpClient-1-20] DEBUG org.asynchttpclient.netty.handler.HttpHandler - 

Request DefaultFullHttpRequest(decodeResult: success, version: HTTP/1.1, content: EmptyByteBufBE)
GET /session/bf9cca4ee81381117c2331a975aa7b2e/element/f.9AAAD39E9FA2072B800A013D1413DD43.d.F44ED93E219463D5849F3E5CF482ED3C.e.32/text HTTP/1.1
Cache-Control: no-cache
User-Agent: selenium/4.12.0 (java windows)
Content-Type: application/json; charset=utf-8
host: localhost:42391
accept: */*

Response DefaultHttpResponse(decodeResult: success, version: HTTP/1.1)
HTTP/1.1 200 OK
Content-Length: 21
Content-Type: application/json; charset=utf-8
cache-control: no-cache

20:16:39.790 [AsyncHttpClient-1-20] DEBUG org.asynchttpclient.netty.channel.ChannelManager - Adding key: http://localhost:42391 for channel [id: 0x3f4ad5ae, L:/127.0.0.1:63493 - R:localhost/127.0.0.1:42391]
20:16:39.790 [Forwarding findElement on session bf9cca4ee81381117c2331a975aa7b2e to remote] DEBUG org.asynchttpclient.netty.request.NettyRequestSender - Using pooled Channel '[id: 0x3f4ad5ae, L:/127.0.0.1:63493 - R:localhost/127.0.0.1:42391]' for 'POST' to 'http://localhost:42391/session/bf9cca4ee81381117c2331a975aa7b2e/element'
20:16:39.790 [Forwarding findElement on session bf9cca4ee81381117c2331a975aa7b2e to remote] DEBUG org.asynchttpclient.netty.request.NettyRequestSender - Using open Channel [id: 0x3f4ad5ae, L:/127.0.0.1:63493 - R:localhost/127.0.0.1:42391] for POST '/session/bf9cca4ee81381117c2331a975aa7b2e/element'
20:16:39.796 [AsyncHttpClient-1-20] DEBUG org.asynchttpclient.netty.handler.HttpHandler - 

Request DefaultHttpRequest(decodeResult: success, version: HTTP/1.1)
POST /session/bf9cca4ee81381117c2331a975aa7b2e/element HTTP/1.1
User-Agent: selenium/4.12.0 (java windows)
Content-Length: 127
Content-Type: application/json; charset=utf-8
host: localhost:42391
accept: */*

Response DefaultHttpResponse(decodeResult: success, version: HTTP/1.1)
HTTP/1.1 200 OK
Content-Length: 126
Content-Type: application/json; charset=utf-8
cache-control: no-cache

20:16:39.796 [AsyncHttpClient-1-20] DEBUG org.asynchttpclient.netty.channel.ChannelManager - Adding key: http://localhost:42391 for channel [id: 0x3f4ad5ae, L:/127.0.0.1:63493 - R:localhost/127.0.0.1:42391]
20:16:39.796 [Forwarding clickElement on session bf9cca4ee81381117c2331a975aa7b2e to remote] DEBUG org.asynchttpclient.netty.request.NettyRequestSender - Using pooled Channel '[id: 0x3f4ad5ae, L:/127.0.0.1:63493 - R:localhost/127.0.0.1:42391]' for 'POST' to 'http://localhost:42391/session/bf9cca4ee81381117c2331a975aa7b2e/element/f.9AAAD39E9FA2072B800A013D1413DD43.d.F44ED93E219463D5849F3E5CF482ED3C.e.32/click'
20:16:39.796 [Forwarding clickElement on session bf9cca4ee81381117c2331a975aa7b2e to remote] DEBUG org.asynchttpclient.netty.request.NettyRequestSender - Using open Channel [id: 0x3f4ad5ae, L:/127.0.0.1:63493 - R:localhost/127.0.0.1:42391] for POST '/session/bf9cca4ee81381117c2331a975aa7b2e/element/f.9AAAD39E9FA2072B800A013D1413DD43.d.F44ED93E219463D5849F3E5CF482ED3C.e.32/click'
20:16:39.829 [AsyncHttpClient-1-1] DEBUG org.asynchttpclient.netty.channel.DefaultChannelPool - Entry count for : http://localhost:63494 : 1
20:16:39.835 [AsyncHttpClient-1-20] DEBUG org.asynchttpclient.netty.handler.HttpHandler - 

Request DefaultHttpRequest(decodeResult: success, version: HTTP/1.1)
POST /session/bf9cca4ee81381117c2331a975aa7b2e/element/f.9AAAD39E9FA2072B800A013D1413DD43.d.F44ED93E219463D5849F3E5CF482ED3C.e.32/click HTTP/1.1
User-Agent: selenium/4.12.0 (java windows)
Content-Length: 88
Content-Type: application/json; charset=utf-8
host: localhost:42391
accept: */*

Response DefaultHttpResponse(decodeResult: success, version: HTTP/1.1)
HTTP/1.1 200 OK
Content-Length: 14
Content-Type: application/json; charset=utf-8
cache-control: no-cache

20:16:39.835 [AsyncHttpClient-1-20] DEBUG org.asynchttpclient.netty.channel.ChannelManager - Adding key: http://localhost:42391 for channel [id: 0x3f4ad5ae, L:/127.0.0.1:63493 - R:localhost/127.0.0.1:42391]
20:16:40.933 [AsyncHttpClient-1-1] DEBUG org.asynchttpclient.netty.channel.DefaultChannelPool - Entry count for : http://localhost:63494 : 1
20:16:40.933 [AsyncHttpClient-1-1] DEBUG org.asynchttpclient.netty.channel.DefaultChannelPool - Entry count for : http://localhost:42391 : 1
screen shot class not taking
20:16:41.848 [Forwarding findElement on session bf9cca4ee81381117c2331a975aa7b2e to remote] DEBUG org.asynchttpclient.netty.request.NettyRequestSender - Using pooled Channel '[id: 0x3f4ad5ae, L:/127.0.0.1:63493 - R:localhost/127.0.0.1:42391]' for 'POST' to 'http://localhost:42391/session/bf9cca4ee81381117c2331a975aa7b2e/element'
20:16:41.848 [Forwarding findElement on session bf9cca4ee81381117c2331a975aa7b2e to remote] DEBUG org.asynchttpclient.netty.request.NettyRequestSender - Using open Channel [id: 0x3f4ad5ae, L:/127.0.0.1:63493 - R:localhost/127.0.0.1:42391] for POST '/session/bf9cca4ee81381117c2331a975aa7b2e/element'
20:16:41.856 [AsyncHttpClient-1-20] DEBUG org.asynchttpclient.netty.handler.HttpHandler - 

Request DefaultHttpRequest(decodeResult: success, version: HTTP/1.1)
POST /session/bf9cca4ee81381117c2331a975aa7b2e/element HTTP/1.1
User-Agent: selenium/4.12.0 (java windows)
Content-Length: 178
Content-Type: application/json; charset=utf-8
host: localhost:42391
accept: */*

Response DefaultHttpResponse(decodeResult: success, version: HTTP/1.1)
HTTP/1.1 200 OK
Content-Length: 126
Content-Type: application/json; charset=utf-8
cache-control: no-cache

20:16:41.856 [AsyncHttpClient-1-20] DEBUG org.asynchttpclient.netty.channel.ChannelManager - Adding key: http://localhost:42391 for channel [id: 0x3f4ad5ae, L:/127.0.0.1:63493 - R:localhost/127.0.0.1:42391]
20:16:41.863 [Forwarding getElementText on session bf9cca4ee81381117c2331a975aa7b2e to remote] DEBUG org.asynchttpclient.netty.request.NettyRequestSender - Using pooled Channel '[id: 0x3f4ad5ae, L:/127.0.0.1:63493 - R:localhost/127.0.0.1:42391]' for 'GET' to 'http://localhost:42391/session/bf9cca4ee81381117c2331a975aa7b2e/element/f.9AAAD39E9FA2072B800A013D1413DD43.d.F44ED93E219463D5849F3E5CF482ED3C.e.35/text'
20:16:41.863 [Forwarding getElementText on session bf9cca4ee81381117c2331a975aa7b2e to remote] DEBUG org.asynchttpclient.netty.request.NettyRequestSender - Using open Channel [id: 0x3f4ad5ae, L:/127.0.0.1:63493 - R:localhost/127.0.0.1:42391] for GET '/session/bf9cca4ee81381117c2331a975aa7b2e/element/f.9AAAD39E9FA2072B800A013D1413DD43.d.F44ED93E219463D5849F3E5CF482ED3C.e.35/text'
20:16:41.866 [AsyncHttpClient-1-20] DEBUG org.asynchttpclient.netty.handler.HttpHandler - 

Request DefaultFullHttpRequest(decodeResult: success, version: HTTP/1.1, content: EmptyByteBufBE)
GET /session/bf9cca4ee81381117c2331a975aa7b2e/element/f.9AAAD39E9FA2072B800A013D1413DD43.d.F44ED93E219463D5849F3E5CF482ED3C.e.35/text HTTP/1.1
Cache-Control: no-cache
User-Agent: selenium/4.12.0 (java windows)
Content-Type: application/json; charset=utf-8
host: localhost:42391
accept: */*

Response DefaultHttpResponse(decodeResult: success, version: HTTP/1.1)
HTTP/1.1 200 OK
Content-Length: 28
Content-Type: application/json; charset=utf-8
cache-control: no-cache

20:16:41.866 [AsyncHttpClient-1-20] DEBUG org.asynchttpclient.netty.channel.ChannelManager - Adding key: http://localhost:42391 for channel [id: 0x3f4ad5ae, L:/127.0.0.1:63493 - R:localhost/127.0.0.1:42391]
20:16:41.869 [Forwarding findElement on session bf9cca4ee81381117c2331a975aa7b2e to remote] DEBUG org.asynchttpclient.netty.request.NettyRequestSender - Using pooled Channel '[id: 0x3f4ad5ae, L:/127.0.0.1:63493 - R:localhost/127.0.0.1:42391]' for 'POST' to 'http://localhost:42391/session/bf9cca4ee81381117c2331a975aa7b2e/element'
20:16:41.869 [Forwarding findElement on session bf9cca4ee81381117c2331a975aa7b2e to remote] DEBUG org.asynchttpclient.netty.request.NettyRequestSender - Using open Channel [id: 0x3f4ad5ae, L:/127.0.0.1:63493 - R:localhost/127.0.0.1:42391] for POST '/session/bf9cca4ee81381117c2331a975aa7b2e/element'
20:16:41.869 [AsyncHttpClient-1-20] DEBUG org.asynchttpclient.netty.handler.HttpHandler - 

Request DefaultHttpRequest(decodeResult: success, version: HTTP/1.1)
POST /session/bf9cca4ee81381117c2331a975aa7b2e/element HTTP/1.1
User-Agent: selenium/4.12.0 (java windows)
Content-Length: 178
Content-Type: application/json; charset=utf-8
host: localhost:42391
accept: */*

Response DefaultHttpResponse(decodeResult: success, version: HTTP/1.1)
HTTP/1.1 200 OK
Content-Length: 126
Content-Type: application/json; charset=utf-8
cache-control: no-cache

20:16:41.869 [AsyncHttpClient-1-20] DEBUG org.asynchttpclient.netty.channel.ChannelManager - Adding key: http://localhost:42391 for channel [id: 0x3f4ad5ae, L:/127.0.0.1:63493 - R:localhost/127.0.0.1:42391]
20:16:41.869 [Forwarding clickElement on session bf9cca4ee81381117c2331a975aa7b2e to remote] DEBUG org.asynchttpclient.netty.request.NettyRequestSender - Using pooled Channel '[id: 0x3f4ad5ae, L:/127.0.0.1:63493 - R:localhost/127.0.0.1:42391]' for 'POST' to 'http://localhost:42391/session/bf9cca4ee81381117c2331a975aa7b2e/element/f.9AAAD39E9FA2072B800A013D1413DD43.d.F44ED93E219463D5849F3E5CF482ED3C.e.35/click'
20:16:41.869 [Forwarding clickElement on session bf9cca4ee81381117c2331a975aa7b2e to remote] DEBUG org.asynchttpclient.netty.request.NettyRequestSender - Using open Channel [id: 0x3f4ad5ae, L:/127.0.0.1:63493 - R:localhost/127.0.0.1:42391] for POST '/session/bf9cca4ee81381117c2331a975aa7b2e/element/f.9AAAD39E9FA2072B800A013D1413DD43.d.F44ED93E219463D5849F3E5CF482ED3C.e.35/click'
20:16:41.923 [AsyncHttpClient-1-20] DEBUG org.asynchttpclient.netty.handler.HttpHandler - 

Request DefaultHttpRequest(decodeResult: success, version: HTTP/1.1)
POST /session/bf9cca4ee81381117c2331a975aa7b2e/element/f.9AAAD39E9FA2072B800A013D1413DD43.d.F44ED93E219463D5849F3E5CF482ED3C.e.35/click HTTP/1.1
User-Agent: selenium/4.12.0 (java windows)
Content-Length: 88
Content-Type: application/json; charset=utf-8
host: localhost:42391
accept: */*

Response DefaultHttpResponse(decodeResult: success, version: HTTP/1.1)
HTTP/1.1 200 OK
Content-Length: 14
Content-Type: application/json; charset=utf-8
cache-control: no-cache

20:16:41.923 [AsyncHttpClient-1-20] DEBUG org.asynchttpclient.netty.channel.ChannelManager - Adding key: http://localhost:42391 for channel [id: 0x3f4ad5ae, L:/127.0.0.1:63493 - R:localhost/127.0.0.1:42391]
  When Open customer form                                        # StepDefination.Customer_onboarding.Open_customer_form()
20:16:42.025 [AsyncHttpClient-1-1] DEBUG org.asynchttpclient.netty.channel.DefaultChannelPool - Entry count for : http://localhost:63494 : 1
20:16:42.025 [AsyncHttpClient-1-1] DEBUG org.asynchttpclient.netty.channel.DefaultChannelPool - Entry count for : http://localhost:42391 : 1
20:16:42.931 [Forwarding findElement on session bf9cca4ee81381117c2331a975aa7b2e to remote] DEBUG org.asynchttpclient.netty.request.NettyRequestSender - Using pooled Channel '[id: 0x3f4ad5ae, L:/127.0.0.1:63493 - R:localhost/127.0.0.1:42391]' for 'POST' to 'http://localhost:42391/session/bf9cca4ee81381117c2331a975aa7b2e/element'
20:16:42.931 [Forwarding findElement on session bf9cca4ee81381117c2331a975aa7b2e to remote] DEBUG org.asynchttpclient.netty.request.NettyRequestSender - Using open Channel [id: 0x3f4ad5ae, L:/127.0.0.1:63493 - R:localhost/127.0.0.1:42391] for POST '/session/bf9cca4ee81381117c2331a975aa7b2e/element'
20:16:42.946 [AsyncHttpClient-1-20] DEBUG org.asynchttpclient.netty.handler.HttpHandler - 

Request DefaultHttpRequest(decodeResult: success, version: HTTP/1.1)
POST /session/bf9cca4ee81381117c2331a975aa7b2e/element HTTP/1.1
User-Agent: selenium/4.12.0 (java windows)
Content-Length: 82
Content-Type: application/json; charset=utf-8
host: localhost:42391
accept: */*

Response DefaultHttpResponse(decodeResult: success, version: HTTP/1.1)
HTTP/1.1 200 OK
Content-Length: 126
Content-Type: application/json; charset=utf-8
cache-control: no-cache

20:16:42.946 [AsyncHttpClient-1-20] DEBUG org.asynchttpclient.netty.channel.ChannelManager - Adding key: http://localhost:42391 for channel [id: 0x3f4ad5ae, L:/127.0.0.1:63493 - R:localhost/127.0.0.1:42391]
20:16:42.946 [Forwarding sendKeysToElement on session bf9cca4ee81381117c2331a975aa7b2e to remote] DEBUG org.asynchttpclient.netty.request.NettyRequestSender - Using pooled Channel '[id: 0x3f4ad5ae, L:/127.0.0.1:63493 - R:localhost/127.0.0.1:42391]' for 'POST' to 'http://localhost:42391/session/bf9cca4ee81381117c2331a975aa7b2e/element/f.9AAAD39E9FA2072B800A013D1413DD43.d.F44ED93E219463D5849F3E5CF482ED3C.e.43/value'
20:16:42.946 [Forwarding sendKeysToElement on session bf9cca4ee81381117c2331a975aa7b2e to remote] DEBUG org.asynchttpclient.netty.request.NettyRequestSender - Using open Channel [id: 0x3f4ad5ae, L:/127.0.0.1:63493 - R:localhost/127.0.0.1:42391] for POST '/session/bf9cca4ee81381117c2331a975aa7b2e/element/f.9AAAD39E9FA2072B800A013D1413DD43.d.F44ED93E219463D5849F3E5CF482ED3C.e.43/value'
20:16:43.076 [AsyncHttpClient-1-20] DEBUG org.asynchttpclient.netty.handler.HttpHandler - 

Request DefaultHttpRequest(decodeResult: success, version: HTTP/1.1)
POST /session/bf9cca4ee81381117c2331a975aa7b2e/element/f.9AAAD39E9FA2072B800A013D1413DD43.d.F44ED93E219463D5849F3E5CF482ED3C.e.43/value HTTP/1.1
User-Agent: selenium/4.12.0 (java windows)
Content-Length: 259
Content-Type: application/json; charset=utf-8
host: localhost:42391
accept: */*

Response DefaultHttpResponse(decodeResult: success, version: HTTP/1.1)
HTTP/1.1 200 OK
Content-Length: 14
Content-Type: application/json; charset=utf-8
cache-control: no-cache

20:16:43.080 [AsyncHttpClient-1-20] DEBUG org.asynchttpclient.netty.channel.ChannelManager - Adding key: http://localhost:42391 for channel [id: 0x3f4ad5ae, L:/127.0.0.1:63493 - R:localhost/127.0.0.1:42391]
20:16:43.080 [Forwarding findElement on session bf9cca4ee81381117c2331a975aa7b2e to remote] DEBUG org.asynchttpclient.netty.request.NettyRequestSender - Using pooled Channel '[id: 0x3f4ad5ae, L:/127.0.0.1:63493 - R:localhost/127.0.0.1:42391]' for 'POST' to 'http://localhost:42391/session/bf9cca4ee81381117c2331a975aa7b2e/element'
20:16:43.080 [Forwarding findElement on session bf9cca4ee81381117c2331a975aa7b2e to remote] DEBUG org.asynchttpclient.netty.request.NettyRequestSender - Using open Channel [id: 0x3f4ad5ae, L:/127.0.0.1:63493 - R:localhost/127.0.0.1:42391] for POST '/session/bf9cca4ee81381117c2331a975aa7b2e/element'
20:16:43.089 [AsyncHttpClient-1-20] DEBUG org.asynchttpclient.netty.handler.HttpHandler - 

Request DefaultHttpRequest(decodeResult: success, version: HTTP/1.1)
POST /session/bf9cca4ee81381117c2331a975aa7b2e/element HTTP/1.1
User-Agent: selenium/4.12.0 (java windows)
Content-Length: 89
Content-Type: application/json; charset=utf-8
host: localhost:42391
accept: */*

Response DefaultHttpResponse(decodeResult: success, version: HTTP/1.1)
HTTP/1.1 200 OK
Content-Length: 126
Content-Type: application/json; charset=utf-8
cache-control: no-cache

20:16:43.089 [AsyncHttpClient-1-20] DEBUG org.asynchttpclient.netty.channel.ChannelManager - Adding key: http://localhost:42391 for channel [id: 0x3f4ad5ae, L:/127.0.0.1:63493 - R:localhost/127.0.0.1:42391]
20:16:43.089 [Forwarding sendKeysToElement on session bf9cca4ee81381117c2331a975aa7b2e to remote] DEBUG org.asynchttpclient.netty.request.NettyRequestSender - Using pooled Channel '[id: 0x3f4ad5ae, L:/127.0.0.1:63493 - R:localhost/127.0.0.1:42391]' for 'POST' to 'http://localhost:42391/session/bf9cca4ee81381117c2331a975aa7b2e/element/f.9AAAD39E9FA2072B800A013D1413DD43.d.F44ED93E219463D5849F3E5CF482ED3C.e.45/value'
20:16:43.089 [Forwarding sendKeysToElement on session bf9cca4ee81381117c2331a975aa7b2e to remote] DEBUG org.asynchttpclient.netty.request.NettyRequestSender - Using open Channel [id: 0x3f4ad5ae, L:/127.0.0.1:63493 - R:localhost/127.0.0.1:42391] for POST '/session/bf9cca4ee81381117c2331a975aa7b2e/element/f.9AAAD39E9FA2072B800A013D1413DD43.d.F44ED93E219463D5849F3E5CF482ED3C.e.45/value'
20:16:43.137 [AsyncHttpClient-1-1] DEBUG org.asynchttpclient.netty.channel.DefaultChannelPool - Entry count for : http://localhost:63494 : 1
20:16:43.239 [AsyncHttpClient-1-20] DEBUG org.asynchttpclient.netty.handler.HttpHandler - 

Request DefaultHttpRequest(decodeResult: success, version: HTTP/1.1)
POST /session/bf9cca4ee81381117c2331a975aa7b2e/element/f.9AAAD39E9FA2072B800A013D1413DD43.d.F44ED93E219463D5849F3E5CF482ED3C.e.45/value HTTP/1.1
User-Agent: selenium/4.12.0 (java windows)
Content-Length: 219
Content-Type: application/json; charset=utf-8
host: localhost:42391
accept: */*

Response DefaultHttpResponse(decodeResult: success, version: HTTP/1.1)
HTTP/1.1 200 OK
Content-Length: 14
Content-Type: application/json; charset=utf-8
cache-control: no-cache

20:16:43.239 [AsyncHttpClient-1-20] DEBUG org.asynchttpclient.netty.channel.ChannelManager - Adding key: http://localhost:42391 for channel [id: 0x3f4ad5ae, L:/127.0.0.1:63493 - R:localhost/127.0.0.1:42391]
screen shot class not taking
  And Provide the contact Details9865768576 royal@mail.com       # StepDefination.Customer_onboarding.Provide_the_contact_Details(java.lang.String,java.lang.String)
20:16:43.755 [Forwarding findElement on session bf9cca4ee81381117c2331a975aa7b2e to remote] DEBUG org.asynchttpclient.netty.request.NettyRequestSender - Using pooled Channel '[id: 0x3f4ad5ae, L:/127.0.0.1:63493 - R:localhost/127.0.0.1:42391]' for 'POST' to 'http://localhost:42391/session/bf9cca4ee81381117c2331a975aa7b2e/element'
20:16:43.755 [Forwarding findElement on session bf9cca4ee81381117c2331a975aa7b2e to remote] DEBUG org.asynchttpclient.netty.request.NettyRequestSender - Using open Channel [id: 0x3f4ad5ae, L:/127.0.0.1:63493 - R:localhost/127.0.0.1:42391] for POST '/session/bf9cca4ee81381117c2331a975aa7b2e/element'
20:16:43.756 [AsyncHttpClient-1-20] DEBUG org.asynchttpclient.netty.handler.HttpHandler - 

Request DefaultHttpRequest(decodeResult: success, version: HTTP/1.1)
POST /session/bf9cca4ee81381117c2331a975aa7b2e/element HTTP/1.1
User-Agent: selenium/4.12.0 (java windows)
Content-Length: 88
Content-Type: application/json; charset=utf-8
host: localhost:42391
accept: */*

Response DefaultHttpResponse(decodeResult: success, version: HTTP/1.1)
HTTP/1.1 200 OK
Content-Length: 126
Content-Type: application/json; charset=utf-8
cache-control: no-cache

20:16:43.756 [AsyncHttpClient-1-20] DEBUG org.asynchttpclient.netty.channel.ChannelManager - Adding key: http://localhost:42391 for channel [id: 0x3f4ad5ae, L:/127.0.0.1:63493 - R:localhost/127.0.0.1:42391]
20:16:43.756 [Forwarding sendKeysToElement on session bf9cca4ee81381117c2331a975aa7b2e to remote] DEBUG org.asynchttpclient.netty.request.NettyRequestSender - Using pooled Channel '[id: 0x3f4ad5ae, L:/127.0.0.1:63493 - R:localhost/127.0.0.1:42391]' for 'POST' to 'http://localhost:42391/session/bf9cca4ee81381117c2331a975aa7b2e/element/f.9AAAD39E9FA2072B800A013D1413DD43.d.F44ED93E219463D5849F3E5CF482ED3C.e.48/value'
20:16:43.756 [Forwarding sendKeysToElement on session bf9cca4ee81381117c2331a975aa7b2e to remote] DEBUG org.asynchttpclient.netty.request.NettyRequestSender - Using open Channel [id: 0x3f4ad5ae, L:/127.0.0.1:63493 - R:localhost/127.0.0.1:42391] for POST '/session/bf9cca4ee81381117c2331a975aa7b2e/element/f.9AAAD39E9FA2072B800A013D1413DD43.d.F44ED93E219463D5849F3E5CF482ED3C.e.48/value'
20:16:43.891 [AsyncHttpClient-1-20] DEBUG org.asynchttpclient.netty.handler.HttpHandler - 

Request DefaultHttpRequest(decodeResult: success, version: HTTP/1.1)
POST /session/bf9cca4ee81381117c2331a975aa7b2e/element/f.9AAAD39E9FA2072B800A013D1413DD43.d.F44ED93E219463D5849F3E5CF482ED3C.e.48/value HTTP/1.1
User-Agent: selenium/4.12.0 (java windows)
Content-Length: 259
Content-Type: application/json; charset=utf-8
host: localhost:42391
accept: */*

Response DefaultHttpResponse(decodeResult: success, version: HTTP/1.1)
HTTP/1.1 200 OK
Content-Length: 14
Content-Type: application/json; charset=utf-8
cache-control: no-cache

20:16:43.891 [AsyncHttpClient-1-20] DEBUG org.asynchttpclient.netty.channel.ChannelManager - Adding key: http://localhost:42391 for channel [id: 0x3f4ad5ae, L:/127.0.0.1:63493 - R:localhost/127.0.0.1:42391]
20:16:43.896 [Forwarding findElement on session bf9cca4ee81381117c2331a975aa7b2e to remote] DEBUG org.asynchttpclient.netty.request.NettyRequestSender - Using pooled Channel '[id: 0x3f4ad5ae, L:/127.0.0.1:63493 - R:localhost/127.0.0.1:42391]' for 'POST' to 'http://localhost:42391/session/bf9cca4ee81381117c2331a975aa7b2e/element'
20:16:43.896 [Forwarding findElement on session bf9cca4ee81381117c2331a975aa7b2e to remote] DEBUG org.asynchttpclient.netty.request.NettyRequestSender - Using open Channel [id: 0x3f4ad5ae, L:/127.0.0.1:63493 - R:localhost/127.0.0.1:42391] for POST '/session/bf9cca4ee81381117c2331a975aa7b2e/element'
20:16:43.909 [AsyncHttpClient-1-20] DEBUG org.asynchttpclient.netty.handler.HttpHandler - 

Request DefaultHttpRequest(decodeResult: success, version: HTTP/1.1)
POST /session/bf9cca4ee81381117c2331a975aa7b2e/element HTTP/1.1
User-Agent: selenium/4.12.0 (java windows)
Content-Length: 75
Content-Type: application/json; charset=utf-8
host: localhost:42391
accept: */*

Response DefaultHttpResponse(decodeResult: success, version: HTTP/1.1)
HTTP/1.1 200 OK
Content-Length: 126
Content-Type: application/json; charset=utf-8
cache-control: no-cache

20:16:43.909 [AsyncHttpClient-1-20] DEBUG org.asynchttpclient.netty.channel.ChannelManager - Adding key: http://localhost:42391 for channel [id: 0x3f4ad5ae, L:/127.0.0.1:63493 - R:localhost/127.0.0.1:42391]
20:16:43.909 [Forwarding sendKeysToElement on session bf9cca4ee81381117c2331a975aa7b2e to remote] DEBUG org.asynchttpclient.netty.request.NettyRequestSender - Using pooled Channel '[id: 0x3f4ad5ae, L:/127.0.0.1:63493 - R:localhost/127.0.0.1:42391]' for 'POST' to 'http://localhost:42391/session/bf9cca4ee81381117c2331a975aa7b2e/element/f.9AAAD39E9FA2072B800A013D1413DD43.d.F44ED93E219463D5849F3E5CF482ED3C.e.49/value'
20:16:43.909 [Forwarding sendKeysToElement on session bf9cca4ee81381117c2331a975aa7b2e to remote] DEBUG org.asynchttpclient.netty.request.NettyRequestSender - Using open Channel [id: 0x3f4ad5ae, L:/127.0.0.1:63493 - R:localhost/127.0.0.1:42391] for POST '/session/bf9cca4ee81381117c2331a975aa7b2e/element/f.9AAAD39E9FA2072B800A013D1413DD43.d.F44ED93E219463D5849F3E5CF482ED3C.e.49/value'
20:16:43.967 [AsyncHttpClient-1-20] DEBUG org.asynchttpclient.netty.handler.HttpHandler - 

Request DefaultHttpRequest(decodeResult: success, version: HTTP/1.1)
POST /session/bf9cca4ee81381117c2331a975aa7b2e/element/f.9AAAD39E9FA2072B800A013D1413DD43.d.F44ED93E219463D5849F3E5CF482ED3C.e.49/value HTTP/1.1
User-Agent: selenium/4.12.0 (java windows)
Content-Length: 139
Content-Type: application/json; charset=utf-8
host: localhost:42391
accept: */*

Response DefaultHttpResponse(decodeResult: success, version: HTTP/1.1)
HTTP/1.1 200 OK
Content-Length: 14
Content-Type: application/json; charset=utf-8
cache-control: no-cache

20:16:43.967 [AsyncHttpClient-1-20] DEBUG org.asynchttpclient.netty.channel.ChannelManager - Adding key: http://localhost:42391 for channel [id: 0x3f4ad5ae, L:/127.0.0.1:63493 - R:localhost/127.0.0.1:42391]
20:16:43.967 [Forwarding findElement on session bf9cca4ee81381117c2331a975aa7b2e to remote] DEBUG org.asynchttpclient.netty.request.NettyRequestSender - Using pooled Channel '[id: 0x3f4ad5ae, L:/127.0.0.1:63493 - R:localhost/127.0.0.1:42391]' for 'POST' to 'http://localhost:42391/session/bf9cca4ee81381117c2331a975aa7b2e/element'
20:16:43.967 [Forwarding findElement on session bf9cca4ee81381117c2331a975aa7b2e to remote] DEBUG org.asynchttpclient.netty.request.NettyRequestSender - Using open Channel [id: 0x3f4ad5ae, L:/127.0.0.1:63493 - R:localhost/127.0.0.1:42391] for POST '/session/bf9cca4ee81381117c2331a975aa7b2e/element'
20:16:43.977 [AsyncHttpClient-1-20] DEBUG org.asynchttpclient.netty.handler.HttpHandler - 

Request DefaultHttpRequest(decodeResult: success, version: HTTP/1.1)
POST /session/bf9cca4ee81381117c2331a975aa7b2e/element HTTP/1.1
User-Agent: selenium/4.12.0 (java windows)
Content-Length: 90
Content-Type: application/json; charset=utf-8
host: localhost:42391
accept: */*

Response DefaultHttpResponse(decodeResult: success, version: HTTP/1.1)
HTTP/1.1 200 OK
Content-Length: 126
Content-Type: application/json; charset=utf-8
cache-control: no-cache

20:16:43.977 [AsyncHttpClient-1-20] DEBUG org.asynchttpclient.netty.channel.ChannelManager - Adding key: http://localhost:42391 for channel [id: 0x3f4ad5ae, L:/127.0.0.1:63493 - R:localhost/127.0.0.1:42391]
20:16:43.978 [Forwarding sendKeysToElement on session bf9cca4ee81381117c2331a975aa7b2e to remote] DEBUG org.asynchttpclient.netty.request.NettyRequestSender - Using pooled Channel '[id: 0x3f4ad5ae, L:/127.0.0.1:63493 - R:localhost/127.0.0.1:42391]' for 'POST' to 'http://localhost:42391/session/bf9cca4ee81381117c2331a975aa7b2e/element/f.9AAAD39E9FA2072B800A013D1413DD43.d.F44ED93E219463D5849F3E5CF482ED3C.e.50/value'
20:16:43.978 [Forwarding sendKeysToElement on session bf9cca4ee81381117c2331a975aa7b2e to remote] DEBUG org.asynchttpclient.netty.request.NettyRequestSender - Using open Channel [id: 0x3f4ad5ae, L:/127.0.0.1:63493 - R:localhost/127.0.0.1:42391] for POST '/session/bf9cca4ee81381117c2331a975aa7b2e/element/f.9AAAD39E9FA2072B800A013D1413DD43.d.F44ED93E219463D5849F3E5CF482ED3C.e.50/value'
20:16:44.029 [AsyncHttpClient-1-20] DEBUG org.asynchttpclient.netty.handler.HttpHandler - 

Request DefaultHttpRequest(decodeResult: success, version: HTTP/1.1)
POST /session/bf9cca4ee81381117c2331a975aa7b2e/element/f.9AAAD39E9FA2072B800A013D1413DD43.d.F44ED93E219463D5849F3E5CF482ED3C.e.50/value HTTP/1.1
User-Agent: selenium/4.12.0 (java windows)
Content-Length: 139
Content-Type: application/json; charset=utf-8
host: localhost:42391
accept: */*

Response DefaultHttpResponse(decodeResult: success, version: HTTP/1.1)
HTTP/1.1 200 OK
Content-Length: 14
Content-Type: application/json; charset=utf-8
cache-control: no-cache

20:16:44.029 [AsyncHttpClient-1-20] DEBUG org.asynchttpclient.netty.channel.ChannelManager - Adding key: http://localhost:42391 for channel [id: 0x3f4ad5ae, L:/127.0.0.1:63493 - R:localhost/127.0.0.1:42391]
20:16:44.029 [Forwarding findElement on session bf9cca4ee81381117c2331a975aa7b2e to remote] DEBUG org.asynchttpclient.netty.request.NettyRequestSender - Using pooled Channel '[id: 0x3f4ad5ae, L:/127.0.0.1:63493 - R:localhost/127.0.0.1:42391]' for 'POST' to 'http://localhost:42391/session/bf9cca4ee81381117c2331a975aa7b2e/element'
20:16:44.029 [Forwarding findElement on session bf9cca4ee81381117c2331a975aa7b2e to remote] DEBUG org.asynchttpclient.netty.request.NettyRequestSender - Using open Channel [id: 0x3f4ad5ae, L:/127.0.0.1:63493 - R:localhost/127.0.0.1:42391] for POST '/session/bf9cca4ee81381117c2331a975aa7b2e/element'
20:16:44.041 [AsyncHttpClient-1-20] DEBUG org.asynchttpclient.netty.handler.HttpHandler - 

Request DefaultHttpRequest(decodeResult: success, version: HTTP/1.1)
POST /session/bf9cca4ee81381117c2331a975aa7b2e/element HTTP/1.1
User-Agent: selenium/4.12.0 (java windows)
Content-Length: 96
Content-Type: application/json; charset=utf-8
host: localhost:42391
accept: */*

Response DefaultHttpResponse(decodeResult: success, version: HTTP/1.1)
HTTP/1.1 200 OK
Content-Length: 126
Content-Type: application/json; charset=utf-8
cache-control: no-cache

20:16:44.041 [AsyncHttpClient-1-20] DEBUG org.asynchttpclient.netty.channel.ChannelManager - Adding key: http://localhost:42391 for channel [id: 0x3f4ad5ae, L:/127.0.0.1:63493 - R:localhost/127.0.0.1:42391]
20:16:44.042 [Forwarding sendKeysToElement on session bf9cca4ee81381117c2331a975aa7b2e to remote] DEBUG org.asynchttpclient.netty.request.NettyRequestSender - Using pooled Channel '[id: 0x3f4ad5ae, L:/127.0.0.1:63493 - R:localhost/127.0.0.1:42391]' for 'POST' to 'http://localhost:42391/session/bf9cca4ee81381117c2331a975aa7b2e/element/f.9AAAD39E9FA2072B800A013D1413DD43.d.F44ED93E219463D5849F3E5CF482ED3C.e.51/value'
20:16:44.042 [Forwarding sendKeysToElement on session bf9cca4ee81381117c2331a975aa7b2e to remote] DEBUG org.asynchttpclient.netty.request.NettyRequestSender - Using open Channel [id: 0x3f4ad5ae, L:/127.0.0.1:63493 - R:localhost/127.0.0.1:42391] for POST '/session/bf9cca4ee81381117c2331a975aa7b2e/element/f.9AAAD39E9FA2072B800A013D1413DD43.d.F44ED93E219463D5849F3E5CF482ED3C.e.51/value'
20:16:44.128 [AsyncHttpClient-1-20] DEBUG org.asynchttpclient.netty.handler.HttpHandler - 

Request DefaultHttpRequest(decodeResult: success, version: HTTP/1.1)
POST /session/bf9cca4ee81381117c2331a975aa7b2e/element/f.9AAAD39E9FA2072B800A013D1413DD43.d.F44ED93E219463D5849F3E5CF482ED3C.e.51/value HTTP/1.1
User-Agent: selenium/4.12.0 (java windows)
Content-Length: 179
Content-Type: application/json; charset=utf-8
host: localhost:42391
accept: */*

Response DefaultHttpResponse(decodeResult: success, version: HTTP/1.1)
HTTP/1.1 200 OK
Content-Length: 14
Content-Type: application/json; charset=utf-8
cache-control: no-cache

20:16:44.128 [AsyncHttpClient-1-20] DEBUG org.asynchttpclient.netty.channel.ChannelManager - Adding key: http://localhost:42391 for channel [id: 0x3f4ad5ae, L:/127.0.0.1:63493 - R:localhost/127.0.0.1:42391]
20:16:44.128 [Forwarding findElement on session bf9cca4ee81381117c2331a975aa7b2e to remote] DEBUG org.asynchttpclient.netty.request.NettyRequestSender - Using pooled Channel '[id: 0x3f4ad5ae, L:/127.0.0.1:63493 - R:localhost/127.0.0.1:42391]' for 'POST' to 'http://localhost:42391/session/bf9cca4ee81381117c2331a975aa7b2e/element'
20:16:44.128 [Forwarding findElement on session bf9cca4ee81381117c2331a975aa7b2e to remote] DEBUG org.asynchttpclient.netty.request.NettyRequestSender - Using open Channel [id: 0x3f4ad5ae, L:/127.0.0.1:63493 - R:localhost/127.0.0.1:42391] for POST '/session/bf9cca4ee81381117c2331a975aa7b2e/element'
20:16:44.140 [AsyncHttpClient-1-20] DEBUG org.asynchttpclient.netty.handler.HttpHandler - 

Request DefaultHttpRequest(decodeResult: success, version: HTTP/1.1)
POST /session/bf9cca4ee81381117c2331a975aa7b2e/element HTTP/1.1
User-Agent: selenium/4.12.0 (java windows)
Content-Length: 78
Content-Type: application/json; charset=utf-8
host: localhost:42391
accept: */*

Response DefaultHttpResponse(decodeResult: success, version: HTTP/1.1)
HTTP/1.1 200 OK
Content-Length: 126
Content-Type: application/json; charset=utf-8
cache-control: no-cache

20:16:44.140 [AsyncHttpClient-1-20] DEBUG org.asynchttpclient.netty.channel.ChannelManager - Adding key: http://localhost:42391 for channel [id: 0x3f4ad5ae, L:/127.0.0.1:63493 - R:localhost/127.0.0.1:42391]
20:16:44.141 [Forwarding sendKeysToElement on session bf9cca4ee81381117c2331a975aa7b2e to remote] DEBUG org.asynchttpclient.netty.request.NettyRequestSender - Using pooled Channel '[id: 0x3f4ad5ae, L:/127.0.0.1:63493 - R:localhost/127.0.0.1:42391]' for 'POST' to 'http://localhost:42391/session/bf9cca4ee81381117c2331a975aa7b2e/element/f.9AAAD39E9FA2072B800A013D1413DD43.d.F44ED93E219463D5849F3E5CF482ED3C.e.52/value'
20:16:44.141 [Forwarding sendKeysToElement on session bf9cca4ee81381117c2331a975aa7b2e to remote] DEBUG org.asynchttpclient.netty.request.NettyRequestSender - Using open Channel [id: 0x3f4ad5ae, L:/127.0.0.1:63493 - R:localhost/127.0.0.1:42391] for POST '/session/bf9cca4ee81381117c2331a975aa7b2e/element/f.9AAAD39E9FA2072B800A013D1413DD43.d.F44ED93E219463D5849F3E5CF482ED3C.e.52/value'
20:16:44.202 [AsyncHttpClient-1-20] DEBUG org.asynchttpclient.netty.handler.HttpHandler - 

Request DefaultHttpRequest(decodeResult: success, version: HTTP/1.1)
POST /session/bf9cca4ee81381117c2331a975aa7b2e/element/f.9AAAD39E9FA2072B800A013D1413DD43.d.F44ED93E219463D5849F3E5CF482ED3C.e.52/value HTTP/1.1
User-Agent: selenium/4.12.0 (java windows)
Content-Length: 149
Content-Type: application/json; charset=utf-8
host: localhost:42391
accept: */*

Response DefaultHttpResponse(decodeResult: success, version: HTTP/1.1)
HTTP/1.1 200 OK
Content-Length: 14
Content-Type: application/json; charset=utf-8
cache-control: no-cache

20:16:44.202 [AsyncHttpClient-1-20] DEBUG org.asynchttpclient.netty.channel.ChannelManager - Adding key: http://localhost:42391 for channel [id: 0x3f4ad5ae, L:/127.0.0.1:63493 - R:localhost/127.0.0.1:42391]
20:16:44.227 [AsyncHttpClient-1-1] DEBUG org.asynchttpclient.netty.channel.DefaultChannelPool - Entry count for : http://localhost:63494 : 1
20:16:44.227 [AsyncHttpClient-1-1] DEBUG org.asynchttpclient.netty.channel.DefaultChannelPool - Entry count for : http://localhost:42391 : 1
screen shot class not taking
  And Provide the Address DetailsMain_street001 YK FL 987678 USA # StepDefination.Customer_onboarding.Provide_the_address_Details(java.lang.String,java.lang.String,java.lang.String,java.lang.String,java.lang.String)
20:16:45.337 [AsyncHttpClient-1-1] DEBUG org.asynchttpclient.netty.channel.DefaultChannelPool - Entry count for : http://localhost:63494 : 1
20:16:45.338 [AsyncHttpClient-1-1] DEBUG org.asynchttpclient.netty.channel.DefaultChannelPool - Entry count for : http://localhost:42391 : 1
20:16:45.716 [Forwarding findElement on session bf9cca4ee81381117c2331a975aa7b2e to remote] DEBUG org.asynchttpclient.netty.request.NettyRequestSender - Using pooled Channel '[id: 0x3f4ad5ae, L:/127.0.0.1:63493 - R:localhost/127.0.0.1:42391]' for 'POST' to 'http://localhost:42391/session/bf9cca4ee81381117c2331a975aa7b2e/element'
20:16:45.716 [Forwarding findElement on session bf9cca4ee81381117c2331a975aa7b2e to remote] DEBUG org.asynchttpclient.netty.request.NettyRequestSender - Using open Channel [id: 0x3f4ad5ae, L:/127.0.0.1:63493 - R:localhost/127.0.0.1:42391] for POST '/session/bf9cca4ee81381117c2331a975aa7b2e/element'
20:16:45.716 [AsyncHttpClient-1-20] DEBUG org.asynchttpclient.netty.handler.HttpHandler - 

Request DefaultHttpRequest(decodeResult: success, version: HTTP/1.1)
POST /session/bf9cca4ee81381117c2331a975aa7b2e/element HTTP/1.1
User-Agent: selenium/4.12.0 (java windows)
Content-Length: 72
Content-Type: application/json; charset=utf-8
host: localhost:42391
accept: */*

Response DefaultHttpResponse(decodeResult: success, version: HTTP/1.1)
HTTP/1.1 200 OK
Content-Length: 126
Content-Type: application/json; charset=utf-8
cache-control: no-cache

20:16:45.716 [AsyncHttpClient-1-20] DEBUG org.asynchttpclient.netty.channel.ChannelManager - Adding key: http://localhost:42391 for channel [id: 0x3f4ad5ae, L:/127.0.0.1:63493 - R:localhost/127.0.0.1:42391]
20:16:45.732 [Forwarding clickElement on session bf9cca4ee81381117c2331a975aa7b2e to remote] DEBUG org.asynchttpclient.netty.request.NettyRequestSender - Using pooled Channel '[id: 0x3f4ad5ae, L:/127.0.0.1:63493 - R:localhost/127.0.0.1:42391]' for 'POST' to 'http://localhost:42391/session/bf9cca4ee81381117c2331a975aa7b2e/element/f.9AAAD39E9FA2072B800A013D1413DD43.d.F44ED93E219463D5849F3E5CF482ED3C.e.89/click'
20:16:45.732 [Forwarding clickElement on session bf9cca4ee81381117c2331a975aa7b2e to remote] DEBUG org.asynchttpclient.netty.request.NettyRequestSender - Using open Channel [id: 0x3f4ad5ae, L:/127.0.0.1:63493 - R:localhost/127.0.0.1:42391] for POST '/session/bf9cca4ee81381117c2331a975aa7b2e/element/f.9AAAD39E9FA2072B800A013D1413DD43.d.F44ED93E219463D5849F3E5CF482ED3C.e.89/click'
20:16:45.774 [AsyncHttpClient-1-20] DEBUG org.asynchttpclient.netty.handler.HttpHandler - 

Request DefaultHttpRequest(decodeResult: success, version: HTTP/1.1)
POST /session/bf9cca4ee81381117c2331a975aa7b2e/element/f.9AAAD39E9FA2072B800A013D1413DD43.d.F44ED93E219463D5849F3E5CF482ED3C.e.89/click HTTP/1.1
User-Agent: selenium/4.12.0 (java windows)
Content-Length: 88
Content-Type: application/json; charset=utf-8
host: localhost:42391
accept: */*

Response DefaultHttpResponse(decodeResult: success, version: HTTP/1.1)
HTTP/1.1 200 OK
Content-Length: 14
Content-Type: application/json; charset=utf-8
cache-control: no-cache

20:16:45.775 [AsyncHttpClient-1-20] DEBUG org.asynchttpclient.netty.channel.ChannelManager - Adding key: http://localhost:42391 for channel [id: 0x3f4ad5ae, L:/127.0.0.1:63493 - R:localhost/127.0.0.1:42391]
screen shot class not taking
  When Submit the form                                           # StepDefination.Customer_onboarding.Submit_the_form()
20:16:46.291 [Forwarding findElement on session bf9cca4ee81381117c2331a975aa7b2e to remote] DEBUG org.asynchttpclient.netty.request.NettyRequestSender - Using pooled Channel '[id: 0x3f4ad5ae, L:/127.0.0.1:63493 - R:localhost/127.0.0.1:42391]' for 'POST' to 'http://localhost:42391/session/bf9cca4ee81381117c2331a975aa7b2e/element'
20:16:46.291 [Forwarding findElement on session bf9cca4ee81381117c2331a975aa7b2e to remote] DEBUG org.asynchttpclient.netty.request.NettyRequestSender - Using open Channel [id: 0x3f4ad5ae, L:/127.0.0.1:63493 - R:localhost/127.0.0.1:42391] for POST '/session/bf9cca4ee81381117c2331a975aa7b2e/element'
20:16:46.307 [AsyncHttpClient-1-20] DEBUG org.asynchttpclient.netty.handler.HttpHandler - 

Request DefaultHttpRequest(decodeResult: success, version: HTTP/1.1)
POST /session/bf9cca4ee81381117c2331a975aa7b2e/element HTTP/1.1
User-Agent: selenium/4.12.0 (java windows)
Content-Length: 137
Content-Type: application/json; charset=utf-8
host: localhost:42391
accept: */*

Response DefaultHttpResponse(decodeResult: success, version: HTTP/1.1)
HTTP/1.1 200 OK
Content-Length: 126
Content-Type: application/json; charset=utf-8
cache-control: no-cache

20:16:46.307 [AsyncHttpClient-1-20] DEBUG org.asynchttpclient.netty.channel.ChannelManager - Adding key: http://localhost:42391 for channel [id: 0x3f4ad5ae, L:/127.0.0.1:63493 - R:localhost/127.0.0.1:42391]
20:16:46.307 [Forwarding getElementText on session bf9cca4ee81381117c2331a975aa7b2e to remote] DEBUG org.asynchttpclient.netty.request.NettyRequestSender - Using pooled Channel '[id: 0x3f4ad5ae, L:/127.0.0.1:63493 - R:localhost/127.0.0.1:42391]' for 'GET' to 'http://localhost:42391/session/bf9cca4ee81381117c2331a975aa7b2e/element/f.9AAAD39E9FA2072B800A013D1413DD43.d.F44ED93E219463D5849F3E5CF482ED3C.e.90/text'
20:16:46.307 [Forwarding getElementText on session bf9cca4ee81381117c2331a975aa7b2e to remote] DEBUG org.asynchttpclient.netty.request.NettyRequestSender - Using open Channel [id: 0x3f4ad5ae, L:/127.0.0.1:63493 - R:localhost/127.0.0.1:42391] for GET '/session/bf9cca4ee81381117c2331a975aa7b2e/element/f.9AAAD39E9FA2072B800A013D1413DD43.d.F44ED93E219463D5849F3E5CF482ED3C.e.90/text'
20:16:46.322 [AsyncHttpClient-1-20] DEBUG org.asynchttpclient.netty.handler.HttpHandler - 

Request DefaultFullHttpRequest(decodeResult: success, version: HTTP/1.1, content: EmptyByteBufBE)
GET /session/bf9cca4ee81381117c2331a975aa7b2e/element/f.9AAAD39E9FA2072B800A013D1413DD43.d.F44ED93E219463D5849F3E5CF482ED3C.e.90/text HTTP/1.1
Cache-Control: no-cache
User-Agent: selenium/4.12.0 (java windows)
Content-Type: application/json; charset=utf-8
host: localhost:42391
accept: */*

Response DefaultHttpResponse(decodeResult: success, version: HTTP/1.1)
HTTP/1.1 200 OK
Content-Length: 36
Content-Type: application/json; charset=utf-8
cache-control: no-cache

20:16:46.322 [AsyncHttpClient-1-20] DEBUG org.asynchttpclient.netty.channel.ChannelManager - Adding key: http://localhost:42391 for channel [id: 0x3f4ad5ae, L:/127.0.0.1:63493 - R:localhost/127.0.0.1:42391]
Company Name is required
20:16:46.432 [AsyncHttpClient-1-1] DEBUG org.asynchttpclient.netty.channel.DefaultChannelPool - Entry count for : http://localhost:63494 : 1
20:16:46.432 [AsyncHttpClient-1-1] DEBUG org.asynchttpclient.netty.channel.DefaultChannelPool - Entry count for : http://localhost:42391 : 1
screen shot class not taking
  Then Display Error responseCompany Name is required            # StepDefination.Customer_onboarding.customerNot_added(java.lang.String)
20:16:46.842 [AsyncHttpClient-1-22] DEBUG org.asynchttpclient.netty.handler.WebSocketHandler - Channel Closed: [id: 0x2a048792, L:/127.0.0.1:63500 ! R:localhost/127.0.0.1:63494] with attribute DISCARD
20:16:46.842 [Driver Command Executor] DEBUG org.asynchttpclient.netty.request.NettyRequestSender - Using pooled Channel '[id: 0x3f4ad5ae, L:/127.0.0.1:63493 - R:localhost/127.0.0.1:42391]' for 'DELETE' to 'http://localhost:42391/session/bf9cca4ee81381117c2331a975aa7b2e'
20:16:46.842 [Driver Command Executor] DEBUG org.asynchttpclient.netty.request.NettyRequestSender - Using open Channel [id: 0x3f4ad5ae, L:/127.0.0.1:63493 - R:localhost/127.0.0.1:42391] for DELETE '/session/bf9cca4ee81381117c2331a975aa7b2e'
20:16:46.911 [AsyncHttpClient-1-21] DEBUG org.asynchttpclient.netty.handler.HttpHandler - Unexpected I/O exception on channel [id: 0x5320369a, L:/127.0.0.1:63499 - R:localhost/127.0.0.1:63494]
java.net.SocketException: Connection reset
	at java.base/sun.nio.ch.SocketChannelImpl.throwConnectionReset(SocketChannelImpl.java:394)
	at java.base/sun.nio.ch.SocketChannelImpl.read(SocketChannelImpl.java:426)
	at io.netty.buffer.PooledByteBuf.setBytes(PooledByteBuf.java:254)
	at io.netty.buffer.AbstractByteBuf.writeBytes(AbstractByteBuf.java:1132)
	at io.netty.channel.socket.nio.NioSocketChannel.doReadBytes(NioSocketChannel.java:357)
	at io.netty.channel.nio.AbstractNioByteChannel$NioByteUnsafe.read(AbstractNioByteChannel.java:151)
	at io.netty.channel.nio.NioEventLoop.processSelectedKey(NioEventLoop.java:788)
	at io.netty.channel.nio.NioEventLoop.processSelectedKeysOptimized(NioEventLoop.java:724)
	at io.netty.channel.nio.NioEventLoop.processSelectedKeys(NioEventLoop.java:650)
	at io.netty.channel.nio.NioEventLoop.run(NioEventLoop.java:562)
	at io.netty.util.concurrent.SingleThreadEventExecutor$4.run(SingleThreadEventExecutor.java:997)
	at io.netty.util.internal.ThreadExecutorMap$2.run(ThreadExecutorMap.java:74)
	at io.netty.util.concurrent.FastThreadLocalRunnable.run(FastThreadLocalRunnable.java:30)
	at java.base/java.lang.Thread.run(Thread.java:840)
20:16:46.911 [AsyncHttpClient-1-21] DEBUG org.asynchttpclient.netty.channel.ChannelManager - Closing Channel [id: 0x5320369a, L:/127.0.0.1:63499 - R:localhost/127.0.0.1:63494] 
20:16:46.911 [AsyncHttpClient-1-21] DEBUG org.asynchttpclient.netty.handler.HttpHandler - Channel Closed: [id: 0x5320369a, L:/127.0.0.1:63499 ! R:localhost/127.0.0.1:63494] with attribute DISCARD
20:16:46.956 [AsyncHttpClient-1-20] DEBUG org.asynchttpclient.netty.handler.HttpHandler - 

Request DefaultFullHttpRequest(decodeResult: success, version: HTTP/1.1, content: EmptyByteBufBE)
DELETE /session/bf9cca4ee81381117c2331a975aa7b2e HTTP/1.1
User-Agent: selenium/4.12.0 (java windows)
Content-Type: application/json; charset=utf-8
host: localhost:42391
accept: */*

Response DefaultHttpResponse(decodeResult: success, version: HTTP/1.1)
HTTP/1.1 200 OK
Content-Length: 14
Content-Type: application/json; charset=utf-8
cache-control: no-cache

20:16:46.956 [AsyncHttpClient-1-20] DEBUG org.asynchttpclient.netty.channel.ChannelManager - Adding key: http://localhost:42391 for channel [id: 0x3f4ad5ae, L:/127.0.0.1:63493 - R:localhost/127.0.0.1:42391]
20:16:47.360 [AsyncHttpClient-1-20] DEBUG org.asynchttpclient.netty.handler.HttpHandler - Channel Closed: [id: 0x3f4ad5ae, L:/127.0.0.1:63493 ! R:localhost/127.0.0.1:42391] with attribute DISCARD
  And Close_Window                                               # StepDefination.Customer_onboarding.close_window()
      java.lang.NullPointerException: Cannot invoke "org.openqa.selenium.WebDriver.quit()" because "this.Idriver" is null
	at PageObjects.Base_class.close_window(Base_class.java:52)
	at StepDefination.Signin.close_window(Signin.java:119)
	at StepDefination.My_Load.AfterAll(My_Load.java:144)

]]></system-out>
    <system-err><![CDATA[Jan 18, 2025 8:16:30 PM org.openqa.selenium.devtools.CdpVersionFinder findNearestMatch
WARNING: Unable to find CDP implementation matching 131
Jan 18, 2025 8:16:30 PM org.openqa.selenium.chromium.ChromiumDriver lambda$new$5
WARNING: Unable to find version of CDP to use for 131.0.6778.265. You may need to include a dependency on a specific version of the CDP using something similar to `org.seleniumhq.selenium:selenium-devtools-v86:4.12.0` where the version ("v86") matches the version of the chromium-based browser you're using and the version number of the artifact is the same as Selenium's.
]]></system-err>
  </testcase>
  <testcase name="Add customer without Address" classname="Customer Onboarding form for Broker" time="19.601">
    <error message="Cannot invoke &quot;org.openqa.selenium.WebDriver.quit()&quot; because &quot;this.Idriver&quot; is null" type="java.lang.NullPointerException"><![CDATA[java.lang.NullPointerException: Cannot invoke "org.openqa.selenium.WebDriver.quit()" because "this.Idriver" is null
	at PageObjects.Base_class.close_window(Base_class.java:52)
	at StepDefination.Signin.close_window(Signin.java:119)
	at StepDefination.My_Load.AfterAll(My_Load.java:144)
]]></error>
    <system-out><![CDATA[
Scenario Outline: Add customer without Address                # src/test/resources/Customers/Customer_form.feature:66
20:16:47.534 [AsyncHttpClient-1-1] DEBUG org.asynchttpclient.netty.channel.DefaultChannelPool - Entry count for : http://localhost:63494 : 1
20:16:47.534 [AsyncHttpClient-1-1] DEBUG org.asynchttpclient.netty.channel.DefaultChannelPool - Entry count for : http://localhost:42391 : 1
20:16:47.534 [AsyncHttpClient-1-1] DEBUG org.asynchttpclient.netty.channel.DefaultChannelPool - Adding Candidate expired Channel [id: 0x5320369a, L:/127.0.0.1:63499 ! R:localhost/127.0.0.1:63494] isIdleTimeoutExpired=false isRemotelyClosed=true isTtlExpired=false
20:16:47.534 [AsyncHttpClient-1-1] DEBUG org.asynchttpclient.netty.channel.DefaultChannelPool - Closing Idle Channel [id: 0x5320369a, L:/127.0.0.1:63499 ! R:localhost/127.0.0.1:63494]
20:16:47.534 [AsyncHttpClient-1-1] DEBUG org.asynchttpclient.netty.channel.DefaultChannelPool - Adding Candidate expired Channel [id: 0x3f4ad5ae, L:/127.0.0.1:63493 ! R:localhost/127.0.0.1:42391] isIdleTimeoutExpired=false isRemotelyClosed=true isTtlExpired=false
20:16:47.534 [AsyncHttpClient-1-1] DEBUG org.asynchttpclient.netty.channel.DefaultChannelPool - Closing Idle Channel [id: 0x3f4ad5ae, L:/127.0.0.1:63493 ! R:localhost/127.0.0.1:42391]
20:16:47.534 [AsyncHttpClient-1-1] DEBUG org.asynchttpclient.netty.channel.DefaultChannelPool - Closed 2 connections out of 2 in 0 ms
20:16:47.739 [AsyncHttpClient-1-23] DEBUG org.asynchttpclient.netty.channel.NettyConnectListener - Using new Channel '[id: 0x8030de5c, L:/127.0.0.1:63530 - R:localhost/127.0.0.1:26405]' for 'POST' to '/session'
20:16:48.471 [AsyncHttpClient-1-23] DEBUG org.asynchttpclient.netty.handler.HttpHandler - 

Request DefaultHttpRequest(decodeResult: success, version: HTTP/1.1)
POST /session HTTP/1.1
User-Agent: selenium/4.12.0 (java windows)
Content-Length: 254
Content-Type: application/json; charset=utf-8
host: localhost:26405
accept: */*

Response DefaultHttpResponse(decodeResult: success, version: HTTP/1.1)
HTTP/1.1 200 OK
Content-Length: 888
Content-Type: application/json; charset=utf-8
cache-control: no-cache

20:16:48.471 [AsyncHttpClient-1-23] DEBUG org.asynchttpclient.netty.channel.ChannelManager - Adding key: http://localhost:26405 for channel [id: 0x8030de5c, L:/127.0.0.1:63530 - R:localhost/127.0.0.1:26405]
20:16:48.471 [AsyncHttpClient-1-24] DEBUG org.asynchttpclient.netty.channel.NettyConnectListener - Using new Channel '[id: 0x94843c5c, L:/127.0.0.1:63538 - R:localhost/127.0.0.1:63532]' for 'GET' to '/json/version'
20:16:48.471 [AsyncHttpClient-1-24] DEBUG org.asynchttpclient.netty.handler.HttpHandler - 

Request DefaultFullHttpRequest(decodeResult: success, version: HTTP/1.1, content: EmptyByteBufBE)
GET /json/version HTTP/1.1
User-Agent: selenium/4.12.0 (java windows)
host: localhost:63532
accept: */*

Response DefaultHttpResponse(decodeResult: success, version: HTTP/1.1)
HTTP/1.1 200 OK
Content-Security-Policy: frame-ancestors 'none'
Content-Length: 424
Content-Type: application/json; charset=UTF-8

20:16:48.471 [AsyncHttpClient-1-24] DEBUG org.asynchttpclient.netty.channel.ChannelManager - Adding key: http://localhost:63532 for channel [id: 0x94843c5c, L:/127.0.0.1:63538 - R:localhost/127.0.0.1:63532]
20:16:48.471 [AsyncHttpClient-1-25] DEBUG org.asynchttpclient.netty.channel.NettyConnectListener - Using new Channel '[id: 0xa66499f5, L:/127.0.0.1:63539 - R:localhost/127.0.0.1:63532]' for 'GET' to '/devtools/browser/eee88490-c408-40b7-a90d-3e7bc616903c'
20:16:48.490 [AsyncHttpClient-1-25] DEBUG org.asynchttpclient.netty.handler.WebSocketHandler - 

Request DefaultFullHttpRequest(decodeResult: success, version: HTTP/1.1, content: EmptyByteBufBE)
GET /devtools/browser/eee88490-c408-40b7-a90d-3e7bc616903c HTTP/1.1
upgrade: websocket
connection: upgrade
sec-websocket-key: Jx5BewezZIKwsTVmQe82/A==
sec-websocket-version: 13
origin: http://localhost:63532
host: localhost:63532
accept: */*
user-agent: AHC/2.1

Response DefaultHttpResponse(decodeResult: success, version: HTTP/1.1)
HTTP/1.1 101 WebSocket Protocol Handshake
Upgrade: WebSocket
Connection: Upgrade
Sec-WebSocket-Accept: fdFbgNESVsPIzpirpr6GHch3Ack=

20:16:48.499 [Forwarding get on session ec12cb9888709f60694a2f4415f6a316 to remote] DEBUG org.asynchttpclient.netty.request.NettyRequestSender - Using pooled Channel '[id: 0x8030de5c, L:/127.0.0.1:63530 - R:localhost/127.0.0.1:26405]' for 'POST' to 'http://localhost:26405/session/ec12cb9888709f60694a2f4415f6a316/url'
20:16:48.499 [Forwarding get on session ec12cb9888709f60694a2f4415f6a316 to remote] DEBUG org.asynchttpclient.netty.request.NettyRequestSender - Using open Channel [id: 0x8030de5c, L:/127.0.0.1:63530 - R:localhost/127.0.0.1:26405] for POST '/session/ec12cb9888709f60694a2f4415f6a316/url'
20:16:48.638 [AsyncHttpClient-1-1] DEBUG org.asynchttpclient.netty.channel.DefaultChannelPool - Entry count for : http://localhost:63532 : 1
20:16:49.733 [AsyncHttpClient-1-1] DEBUG org.asynchttpclient.netty.channel.DefaultChannelPool - Entry count for : http://localhost:63532 : 1
20:16:49.896 [AsyncHttpClient-1-23] DEBUG org.asynchttpclient.netty.handler.HttpHandler - 

Request DefaultHttpRequest(decodeResult: success, version: HTTP/1.1)
POST /session/ec12cb9888709f60694a2f4415f6a316/url HTTP/1.1
User-Agent: selenium/4.12.0 (java windows)
Content-Length: 92
Content-Type: application/json; charset=utf-8
host: localhost:26405
accept: */*

Response DefaultHttpResponse(decodeResult: success, version: HTTP/1.1)
HTTP/1.1 200 OK
Content-Length: 14
Content-Type: application/json; charset=utf-8
cache-control: no-cache

20:16:49.896 [AsyncHttpClient-1-23] DEBUG org.asynchttpclient.netty.channel.ChannelManager - Adding key: http://localhost:26405 for channel [id: 0x8030de5c, L:/127.0.0.1:63530 - R:localhost/127.0.0.1:26405]
20:16:49.896 [Forwarding maximizeCurrentWindow on session ec12cb9888709f60694a2f4415f6a316 to remote] DEBUG org.asynchttpclient.netty.request.NettyRequestSender - Using pooled Channel '[id: 0x8030de5c, L:/127.0.0.1:63530 - R:localhost/127.0.0.1:26405]' for 'POST' to 'http://localhost:26405/session/ec12cb9888709f60694a2f4415f6a316/window/maximize'
20:16:49.896 [Forwarding maximizeCurrentWindow on session ec12cb9888709f60694a2f4415f6a316 to remote] DEBUG org.asynchttpclient.netty.request.NettyRequestSender - Using open Channel [id: 0x8030de5c, L:/127.0.0.1:63530 - R:localhost/127.0.0.1:26405] for POST '/session/ec12cb9888709f60694a2f4415f6a316/window/maximize'
20:16:49.923 [AsyncHttpClient-1-23] DEBUG org.asynchttpclient.netty.handler.HttpHandler - 

Request DefaultHttpRequest(decodeResult: success, version: HTTP/1.1)
POST /session/ec12cb9888709f60694a2f4415f6a316/window/maximize HTTP/1.1
User-Agent: selenium/4.12.0 (java windows)
Content-Length: 3
Content-Type: application/json; charset=utf-8
host: localhost:26405
accept: */*

Response DefaultHttpResponse(decodeResult: success, version: HTTP/1.1)
HTTP/1.1 200 OK
Content-Length: 51
Content-Type: application/json; charset=utf-8
cache-control: no-cache

20:16:49.923 [AsyncHttpClient-1-23] DEBUG org.asynchttpclient.netty.channel.ChannelManager - Adding key: http://localhost:26405 for channel [id: 0x8030de5c, L:/127.0.0.1:63530 - R:localhost/127.0.0.1:26405]
20:16:49.923 [Forwarding findElement on session ec12cb9888709f60694a2f4415f6a316 to remote] DEBUG org.asynchttpclient.netty.request.NettyRequestSender - Using pooled Channel '[id: 0x8030de5c, L:/127.0.0.1:63530 - R:localhost/127.0.0.1:26405]' for 'POST' to 'http://localhost:26405/session/ec12cb9888709f60694a2f4415f6a316/element'
20:16:49.923 [Forwarding findElement on session ec12cb9888709f60694a2f4415f6a316 to remote] DEBUG org.asynchttpclient.netty.request.NettyRequestSender - Using open Channel [id: 0x8030de5c, L:/127.0.0.1:63530 - R:localhost/127.0.0.1:26405] for POST '/session/ec12cb9888709f60694a2f4415f6a316/element'
20:16:49.942 [AsyncHttpClient-1-23] DEBUG org.asynchttpclient.netty.handler.HttpHandler - 

Request DefaultHttpRequest(decodeResult: success, version: HTTP/1.1)
POST /session/ec12cb9888709f60694a2f4415f6a316/element HTTP/1.1
User-Agent: selenium/4.12.0 (java windows)
Content-Length: 69
Content-Type: application/json; charset=utf-8
host: localhost:26405
accept: */*

Response DefaultHttpResponse(decodeResult: success, version: HTTP/1.1)
HTTP/1.1 200 OK
Content-Length: 125
Content-Type: application/json; charset=utf-8
cache-control: no-cache

20:16:49.942 [AsyncHttpClient-1-23] DEBUG org.asynchttpclient.netty.channel.ChannelManager - Adding key: http://localhost:26405 for channel [id: 0x8030de5c, L:/127.0.0.1:63530 - R:localhost/127.0.0.1:26405]
20:16:49.942 [Forwarding sendKeysToElement on session ec12cb9888709f60694a2f4415f6a316 to remote] DEBUG org.asynchttpclient.netty.request.NettyRequestSender - Using pooled Channel '[id: 0x8030de5c, L:/127.0.0.1:63530 - R:localhost/127.0.0.1:26405]' for 'POST' to 'http://localhost:26405/session/ec12cb9888709f60694a2f4415f6a316/element/f.0BC51C9FADD23FE0AAC41C48BEE58712.d.C458737BB177263E719BAE698BB2BB1E.e.4/value'
20:16:49.942 [Forwarding sendKeysToElement on session ec12cb9888709f60694a2f4415f6a316 to remote] DEBUG org.asynchttpclient.netty.request.NettyRequestSender - Using open Channel [id: 0x8030de5c, L:/127.0.0.1:63530 - R:localhost/127.0.0.1:26405] for POST '/session/ec12cb9888709f60694a2f4415f6a316/element/f.0BC51C9FADD23FE0AAC41C48BEE58712.d.C458737BB177263E719BAE698BB2BB1E.e.4/value'
20:16:50.041 [AsyncHttpClient-1-23] DEBUG org.asynchttpclient.netty.handler.HttpHandler - 

Request DefaultHttpRequest(decodeResult: success, version: HTTP/1.1)
POST /session/ec12cb9888709f60694a2f4415f6a316/element/f.0BC51C9FADD23FE0AAC41C48BEE58712.d.C458737BB177263E719BAE698BB2BB1E.e.4/value HTTP/1.1
User-Agent: selenium/4.12.0 (java windows)
Content-Length: 338
Content-Type: application/json; charset=utf-8
host: localhost:26405
accept: */*

Response DefaultHttpResponse(decodeResult: success, version: HTTP/1.1)
HTTP/1.1 200 OK
Content-Length: 14
Content-Type: application/json; charset=utf-8
cache-control: no-cache

20:16:50.041 [AsyncHttpClient-1-23] DEBUG org.asynchttpclient.netty.channel.ChannelManager - Adding key: http://localhost:26405 for channel [id: 0x8030de5c, L:/127.0.0.1:63530 - R:localhost/127.0.0.1:26405]
20:16:50.042 [Forwarding findElement on session ec12cb9888709f60694a2f4415f6a316 to remote] DEBUG org.asynchttpclient.netty.request.NettyRequestSender - Using pooled Channel '[id: 0x8030de5c, L:/127.0.0.1:63530 - R:localhost/127.0.0.1:26405]' for 'POST' to 'http://localhost:26405/session/ec12cb9888709f60694a2f4415f6a316/element'
20:16:50.042 [Forwarding findElement on session ec12cb9888709f60694a2f4415f6a316 to remote] DEBUG org.asynchttpclient.netty.request.NettyRequestSender - Using open Channel [id: 0x8030de5c, L:/127.0.0.1:63530 - R:localhost/127.0.0.1:26405] for POST '/session/ec12cb9888709f60694a2f4415f6a316/element'
20:16:50.042 [AsyncHttpClient-1-23] DEBUG org.asynchttpclient.netty.handler.HttpHandler - 

Request DefaultHttpRequest(decodeResult: success, version: HTTP/1.1)
POST /session/ec12cb9888709f60694a2f4415f6a316/element HTTP/1.1
User-Agent: selenium/4.12.0 (java windows)
Content-Length: 72
Content-Type: application/json; charset=utf-8
host: localhost:26405
accept: */*

Response DefaultHttpResponse(decodeResult: success, version: HTTP/1.1)
HTTP/1.1 200 OK
Content-Length: 125
Content-Type: application/json; charset=utf-8
cache-control: no-cache

20:16:50.042 [AsyncHttpClient-1-23] DEBUG org.asynchttpclient.netty.channel.ChannelManager - Adding key: http://localhost:26405 for channel [id: 0x8030de5c, L:/127.0.0.1:63530 - R:localhost/127.0.0.1:26405]
20:16:50.042 [Forwarding sendKeysToElement on session ec12cb9888709f60694a2f4415f6a316 to remote] DEBUG org.asynchttpclient.netty.request.NettyRequestSender - Using pooled Channel '[id: 0x8030de5c, L:/127.0.0.1:63530 - R:localhost/127.0.0.1:26405]' for 'POST' to 'http://localhost:26405/session/ec12cb9888709f60694a2f4415f6a316/element/f.0BC51C9FADD23FE0AAC41C48BEE58712.d.C458737BB177263E719BAE698BB2BB1E.e.6/value'
20:16:50.042 [Forwarding sendKeysToElement on session ec12cb9888709f60694a2f4415f6a316 to remote] DEBUG org.asynchttpclient.netty.request.NettyRequestSender - Using open Channel [id: 0x8030de5c, L:/127.0.0.1:63530 - R:localhost/127.0.0.1:26405] for POST '/session/ec12cb9888709f60694a2f4415f6a316/element/f.0BC51C9FADD23FE0AAC41C48BEE58712.d.C458737BB177263E719BAE698BB2BB1E.e.6/value'
20:16:50.099 [AsyncHttpClient-1-23] DEBUG org.asynchttpclient.netty.handler.HttpHandler - 

Request DefaultHttpRequest(decodeResult: success, version: HTTP/1.1)
POST /session/ec12cb9888709f60694a2f4415f6a316/element/f.0BC51C9FADD23FE0AAC41C48BEE58712.d.C458737BB177263E719BAE698BB2BB1E.e.6/value HTTP/1.1
User-Agent: selenium/4.12.0 (java windows)
Content-Length: 208
Content-Type: application/json; charset=utf-8
host: localhost:26405
accept: */*

Response DefaultHttpResponse(decodeResult: success, version: HTTP/1.1)
HTTP/1.1 200 OK
Content-Length: 14
Content-Type: application/json; charset=utf-8
cache-control: no-cache

20:16:50.099 [AsyncHttpClient-1-23] DEBUG org.asynchttpclient.netty.channel.ChannelManager - Adding key: http://localhost:26405 for channel [id: 0x8030de5c, L:/127.0.0.1:63530 - R:localhost/127.0.0.1:26405]
20:16:50.099 [Forwarding findElement on session ec12cb9888709f60694a2f4415f6a316 to remote] DEBUG org.asynchttpclient.netty.request.NettyRequestSender - Using pooled Channel '[id: 0x8030de5c, L:/127.0.0.1:63530 - R:localhost/127.0.0.1:26405]' for 'POST' to 'http://localhost:26405/session/ec12cb9888709f60694a2f4415f6a316/element'
20:16:50.099 [Forwarding findElement on session ec12cb9888709f60694a2f4415f6a316 to remote] DEBUG org.asynchttpclient.netty.request.NettyRequestSender - Using open Channel [id: 0x8030de5c, L:/127.0.0.1:63530 - R:localhost/127.0.0.1:26405] for POST '/session/ec12cb9888709f60694a2f4415f6a316/element'
20:16:50.106 [AsyncHttpClient-1-23] DEBUG org.asynchttpclient.netty.handler.HttpHandler - 

Request DefaultHttpRequest(decodeResult: success, version: HTTP/1.1)
POST /session/ec12cb9888709f60694a2f4415f6a316/element HTTP/1.1
User-Agent: selenium/4.12.0 (java windows)
Content-Length: 73
Content-Type: application/json; charset=utf-8
host: localhost:26405
accept: */*

Response DefaultHttpResponse(decodeResult: success, version: HTTP/1.1)
HTTP/1.1 200 OK
Content-Length: 125
Content-Type: application/json; charset=utf-8
cache-control: no-cache

20:16:50.106 [AsyncHttpClient-1-23] DEBUG org.asynchttpclient.netty.channel.ChannelManager - Adding key: http://localhost:26405 for channel [id: 0x8030de5c, L:/127.0.0.1:63530 - R:localhost/127.0.0.1:26405]
20:16:50.106 [Forwarding clickElement on session ec12cb9888709f60694a2f4415f6a316 to remote] DEBUG org.asynchttpclient.netty.request.NettyRequestSender - Using pooled Channel '[id: 0x8030de5c, L:/127.0.0.1:63530 - R:localhost/127.0.0.1:26405]' for 'POST' to 'http://localhost:26405/session/ec12cb9888709f60694a2f4415f6a316/element/f.0BC51C9FADD23FE0AAC41C48BEE58712.d.C458737BB177263E719BAE698BB2BB1E.e.8/click'
20:16:50.106 [Forwarding clickElement on session ec12cb9888709f60694a2f4415f6a316 to remote] DEBUG org.asynchttpclient.netty.request.NettyRequestSender - Using open Channel [id: 0x8030de5c, L:/127.0.0.1:63530 - R:localhost/127.0.0.1:26405] for POST '/session/ec12cb9888709f60694a2f4415f6a316/element/f.0BC51C9FADD23FE0AAC41C48BEE58712.d.C458737BB177263E719BAE698BB2BB1E.e.8/click'
20:16:50.156 [AsyncHttpClient-1-23] DEBUG org.asynchttpclient.netty.handler.HttpHandler - 

Request DefaultHttpRequest(decodeResult: success, version: HTTP/1.1)
POST /session/ec12cb9888709f60694a2f4415f6a316/element/f.0BC51C9FADD23FE0AAC41C48BEE58712.d.C458737BB177263E719BAE698BB2BB1E.e.8/click HTTP/1.1
User-Agent: selenium/4.12.0 (java windows)
Content-Length: 87
Content-Type: application/json; charset=utf-8
host: localhost:26405
accept: */*

Response DefaultHttpResponse(decodeResult: success, version: HTTP/1.1)
HTTP/1.1 200 OK
Content-Length: 14
Content-Type: application/json; charset=utf-8
cache-control: no-cache

20:16:50.156 [AsyncHttpClient-1-23] DEBUG org.asynchttpclient.netty.channel.ChannelManager - Adding key: http://localhost:26405 for channel [id: 0x8030de5c, L:/127.0.0.1:63530 - R:localhost/127.0.0.1:26405]
20:16:50.836 [AsyncHttpClient-1-1] DEBUG org.asynchttpclient.netty.channel.DefaultChannelPool - Entry count for : http://localhost:63532 : 1
20:16:50.836 [AsyncHttpClient-1-1] DEBUG org.asynchttpclient.netty.channel.DefaultChannelPool - Entry count for : http://localhost:26405 : 1
20:16:51.932 [AsyncHttpClient-1-1] DEBUG org.asynchttpclient.netty.channel.DefaultChannelPool - Entry count for : http://localhost:63532 : 1
20:16:51.932 [AsyncHttpClient-1-1] DEBUG org.asynchttpclient.netty.channel.DefaultChannelPool - Entry count for : http://localhost:26405 : 1
20:16:53.034 [AsyncHttpClient-1-1] DEBUG org.asynchttpclient.netty.channel.DefaultChannelPool - Entry count for : http://localhost:63532 : 1
20:16:53.034 [AsyncHttpClient-1-1] DEBUG org.asynchttpclient.netty.channel.DefaultChannelPool - Entry count for : http://localhost:26405 : 1
20:16:54.130 [AsyncHttpClient-1-1] DEBUG org.asynchttpclient.netty.channel.DefaultChannelPool - Entry count for : http://localhost:63532 : 1
20:16:54.130 [AsyncHttpClient-1-1] DEBUG org.asynchttpclient.netty.channel.DefaultChannelPool - Entry count for : http://localhost:26405 : 1
20:16:55.163 [Forwarding getCurrentUrl on session ec12cb9888709f60694a2f4415f6a316 to remote] DEBUG org.asynchttpclient.netty.request.NettyRequestSender - Using pooled Channel '[id: 0x8030de5c, L:/127.0.0.1:63530 - R:localhost/127.0.0.1:26405]' for 'GET' to 'http://localhost:26405/session/ec12cb9888709f60694a2f4415f6a316/url'
20:16:55.163 [Forwarding getCurrentUrl on session ec12cb9888709f60694a2f4415f6a316 to remote] DEBUG org.asynchttpclient.netty.request.NettyRequestSender - Using open Channel [id: 0x8030de5c, L:/127.0.0.1:63530 - R:localhost/127.0.0.1:26405] for GET '/session/ec12cb9888709f60694a2f4415f6a316/url'
20:16:55.163 [AsyncHttpClient-1-23] DEBUG org.asynchttpclient.netty.handler.HttpHandler - 

Request DefaultFullHttpRequest(decodeResult: success, version: HTTP/1.1, content: EmptyByteBufBE)
GET /session/ec12cb9888709f60694a2f4415f6a316/url HTTP/1.1
Cache-Control: no-cache
User-Agent: selenium/4.12.0 (java windows)
Content-Type: application/json; charset=utf-8
host: localhost:26405
accept: */*

Response DefaultHttpResponse(decodeResult: success, version: HTTP/1.1)
HTTP/1.1 200 OK
Content-Length: 69
Content-Type: application/json; charset=utf-8
cache-control: no-cache

20:16:55.163 [AsyncHttpClient-1-23] DEBUG org.asynchttpclient.netty.channel.ChannelManager - Adding key: http://localhost:26405 for channel [id: 0x8030de5c, L:/127.0.0.1:63530 - R:localhost/127.0.0.1:26405]
https://fleet-manager-development.vercel.app/auth/sign-in
20:16:55.163 [Forwarding findElement on session ec12cb9888709f60694a2f4415f6a316 to remote] DEBUG org.asynchttpclient.netty.request.NettyRequestSender - Using pooled Channel '[id: 0x8030de5c, L:/127.0.0.1:63530 - R:localhost/127.0.0.1:26405]' for 'POST' to 'http://localhost:26405/session/ec12cb9888709f60694a2f4415f6a316/element'
20:16:55.163 [Forwarding findElement on session ec12cb9888709f60694a2f4415f6a316 to remote] DEBUG org.asynchttpclient.netty.request.NettyRequestSender - Using open Channel [id: 0x8030de5c, L:/127.0.0.1:63530 - R:localhost/127.0.0.1:26405] for POST '/session/ec12cb9888709f60694a2f4415f6a316/element'
20:16:55.178 [AsyncHttpClient-1-23] DEBUG org.asynchttpclient.netty.handler.HttpHandler - 

Request DefaultHttpRequest(decodeResult: success, version: HTTP/1.1)
POST /session/ec12cb9888709f60694a2f4415f6a316/element HTTP/1.1
User-Agent: selenium/4.12.0 (java windows)
Content-Length: 66
Content-Type: application/json; charset=utf-8
host: localhost:26405
accept: */*

Response DefaultHttpResponse(decodeResult: success, version: HTTP/1.1)
HTTP/1.1 200 OK
Content-Length: 126
Content-Type: application/json; charset=utf-8
cache-control: no-cache

20:16:55.178 [AsyncHttpClient-1-23] DEBUG org.asynchttpclient.netty.channel.ChannelManager - Adding key: http://localhost:26405 for channel [id: 0x8030de5c, L:/127.0.0.1:63530 - R:localhost/127.0.0.1:26405]
20:16:55.188 [Forwarding isElementDisplayed on session ec12cb9888709f60694a2f4415f6a316 to remote] DEBUG org.asynchttpclient.netty.request.NettyRequestSender - Using pooled Channel '[id: 0x8030de5c, L:/127.0.0.1:63530 - R:localhost/127.0.0.1:26405]' for 'POST' to 'http://localhost:26405/session/ec12cb9888709f60694a2f4415f6a316/execute/sync'
20:16:55.188 [Forwarding isElementDisplayed on session ec12cb9888709f60694a2f4415f6a316 to remote] DEBUG org.asynchttpclient.netty.request.NettyRequestSender - Using open Channel [id: 0x8030de5c, L:/127.0.0.1:63530 - R:localhost/127.0.0.1:26405] for POST '/session/ec12cb9888709f60694a2f4415f6a316/execute/sync'
20:16:55.195 [AsyncHttpClient-1-23] DEBUG org.asynchttpclient.netty.handler.HttpHandler - 

Request DefaultHttpRequest(decodeResult: success, version: HTTP/1.1)
POST /session/ec12cb9888709f60694a2f4415f6a316/execute/sync HTTP/1.1
User-Agent: selenium/4.12.0 (java windows)
Content-Length: 48734
Content-Type: application/json; charset=utf-8
host: localhost:26405
accept: */*

Response DefaultHttpResponse(decodeResult: success, version: HTTP/1.1)
HTTP/1.1 200 OK
Content-Length: 14
Content-Type: application/json; charset=utf-8
cache-control: no-cache

20:16:55.195 [AsyncHttpClient-1-23] DEBUG org.asynchttpclient.netty.channel.ChannelManager - Adding key: http://localhost:26405 for channel [id: 0x8030de5c, L:/127.0.0.1:63530 - R:localhost/127.0.0.1:26405]
20:16:55.195 [Forwarding findElement on session ec12cb9888709f60694a2f4415f6a316 to remote] DEBUG org.asynchttpclient.netty.request.NettyRequestSender - Using pooled Channel '[id: 0x8030de5c, L:/127.0.0.1:63530 - R:localhost/127.0.0.1:26405]' for 'POST' to 'http://localhost:26405/session/ec12cb9888709f60694a2f4415f6a316/element'
20:16:55.195 [Forwarding findElement on session ec12cb9888709f60694a2f4415f6a316 to remote] DEBUG org.asynchttpclient.netty.request.NettyRequestSender - Using open Channel [id: 0x8030de5c, L:/127.0.0.1:63530 - R:localhost/127.0.0.1:26405] for POST '/session/ec12cb9888709f60694a2f4415f6a316/element'
20:16:55.206 [AsyncHttpClient-1-23] DEBUG org.asynchttpclient.netty.handler.HttpHandler - 

Request DefaultHttpRequest(decodeResult: success, version: HTTP/1.1)
POST /session/ec12cb9888709f60694a2f4415f6a316/element HTTP/1.1
User-Agent: selenium/4.12.0 (java windows)
Content-Length: 66
Content-Type: application/json; charset=utf-8
host: localhost:26405
accept: */*

Response DefaultHttpResponse(decodeResult: success, version: HTTP/1.1)
HTTP/1.1 200 OK
Content-Length: 126
Content-Type: application/json; charset=utf-8
cache-control: no-cache

20:16:55.206 [AsyncHttpClient-1-23] DEBUG org.asynchttpclient.netty.channel.ChannelManager - Adding key: http://localhost:26405 for channel [id: 0x8030de5c, L:/127.0.0.1:63530 - R:localhost/127.0.0.1:26405]
20:16:55.206 [Forwarding getElementText on session ec12cb9888709f60694a2f4415f6a316 to remote] DEBUG org.asynchttpclient.netty.request.NettyRequestSender - Using pooled Channel '[id: 0x8030de5c, L:/127.0.0.1:63530 - R:localhost/127.0.0.1:26405]' for 'GET' to 'http://localhost:26405/session/ec12cb9888709f60694a2f4415f6a316/element/f.0BC51C9FADD23FE0AAC41C48BEE58712.d.C458737BB177263E719BAE698BB2BB1E.e.21/text'
20:16:55.206 [Forwarding getElementText on session ec12cb9888709f60694a2f4415f6a316 to remote] DEBUG org.asynchttpclient.netty.request.NettyRequestSender - Using open Channel [id: 0x8030de5c, L:/127.0.0.1:63530 - R:localhost/127.0.0.1:26405] for GET '/session/ec12cb9888709f60694a2f4415f6a316/element/f.0BC51C9FADD23FE0AAC41C48BEE58712.d.C458737BB177263E719BAE698BB2BB1E.e.21/text'
20:16:55.212 [AsyncHttpClient-1-23] DEBUG org.asynchttpclient.netty.handler.HttpHandler - 

Request DefaultFullHttpRequest(decodeResult: success, version: HTTP/1.1, content: EmptyByteBufBE)
GET /session/ec12cb9888709f60694a2f4415f6a316/element/f.0BC51C9FADD23FE0AAC41C48BEE58712.d.C458737BB177263E719BAE698BB2BB1E.e.21/text HTTP/1.1
Cache-Control: no-cache
User-Agent: selenium/4.12.0 (java windows)
Content-Type: application/json; charset=utf-8
host: localhost:26405
accept: */*

Response DefaultHttpResponse(decodeResult: success, version: HTTP/1.1)
HTTP/1.1 200 OK
Content-Length: 33
Content-Type: application/json; charset=utf-8
cache-control: no-cache

20:16:55.212 [AsyncHttpClient-1-23] DEBUG org.asynchttpclient.netty.channel.ChannelManager - Adding key: http://localhost:26405 for channel [id: 0x8030de5c, L:/127.0.0.1:63530 - R:localhost/127.0.0.1:26405]
20:16:55.212 [Forwarding findElement on session ec12cb9888709f60694a2f4415f6a316 to remote] DEBUG org.asynchttpclient.netty.request.NettyRequestSender - Using pooled Channel '[id: 0x8030de5c, L:/127.0.0.1:63530 - R:localhost/127.0.0.1:26405]' for 'POST' to 'http://localhost:26405/session/ec12cb9888709f60694a2f4415f6a316/element'
20:16:55.212 [Forwarding findElement on session ec12cb9888709f60694a2f4415f6a316 to remote] DEBUG org.asynchttpclient.netty.request.NettyRequestSender - Using open Channel [id: 0x8030de5c, L:/127.0.0.1:63530 - R:localhost/127.0.0.1:26405] for POST '/session/ec12cb9888709f60694a2f4415f6a316/element'
20:16:55.221 [AsyncHttpClient-1-23] DEBUG org.asynchttpclient.netty.handler.HttpHandler - 

Request DefaultHttpRequest(decodeResult: success, version: HTTP/1.1)
POST /session/ec12cb9888709f60694a2f4415f6a316/element HTTP/1.1
User-Agent: selenium/4.12.0 (java windows)
Content-Length: 74
Content-Type: application/json; charset=utf-8
host: localhost:26405
accept: */*

Response DefaultHttpResponse(decodeResult: success, version: HTTP/1.1)
HTTP/1.1 200 OK
Content-Length: 126
Content-Type: application/json; charset=utf-8
cache-control: no-cache

20:16:55.221 [AsyncHttpClient-1-23] DEBUG org.asynchttpclient.netty.channel.ChannelManager - Adding key: http://localhost:26405 for channel [id: 0x8030de5c, L:/127.0.0.1:63530 - R:localhost/127.0.0.1:26405]
20:16:55.221 [Forwarding clickElement on session ec12cb9888709f60694a2f4415f6a316 to remote] DEBUG org.asynchttpclient.netty.request.NettyRequestSender - Using pooled Channel '[id: 0x8030de5c, L:/127.0.0.1:63530 - R:localhost/127.0.0.1:26405]' for 'POST' to 'http://localhost:26405/session/ec12cb9888709f60694a2f4415f6a316/element/f.0BC51C9FADD23FE0AAC41C48BEE58712.d.C458737BB177263E719BAE698BB2BB1E.e.22/click'
20:16:55.221 [Forwarding clickElement on session ec12cb9888709f60694a2f4415f6a316 to remote] DEBUG org.asynchttpclient.netty.request.NettyRequestSender - Using open Channel [id: 0x8030de5c, L:/127.0.0.1:63530 - R:localhost/127.0.0.1:26405] for POST '/session/ec12cb9888709f60694a2f4415f6a316/element/f.0BC51C9FADD23FE0AAC41C48BEE58712.d.C458737BB177263E719BAE698BB2BB1E.e.22/click'
20:16:55.226 [AsyncHttpClient-1-1] DEBUG org.asynchttpclient.netty.channel.DefaultChannelPool - Entry count for : http://localhost:63532 : 1
20:16:55.258 [AsyncHttpClient-1-23] DEBUG org.asynchttpclient.netty.handler.HttpHandler - 

Request DefaultHttpRequest(decodeResult: success, version: HTTP/1.1)
POST /session/ec12cb9888709f60694a2f4415f6a316/element/f.0BC51C9FADD23FE0AAC41C48BEE58712.d.C458737BB177263E719BAE698BB2BB1E.e.22/click HTTP/1.1
User-Agent: selenium/4.12.0 (java windows)
Content-Length: 88
Content-Type: application/json; charset=utf-8
host: localhost:26405
accept: */*

Response DefaultHttpResponse(decodeResult: success, version: HTTP/1.1)
HTTP/1.1 200 OK
Content-Length: 14
Content-Type: application/json; charset=utf-8
cache-control: no-cache

20:16:55.258 [AsyncHttpClient-1-23] DEBUG org.asynchttpclient.netty.channel.ChannelManager - Adding key: http://localhost:26405 for channel [id: 0x8030de5c, L:/127.0.0.1:63530 - R:localhost/127.0.0.1:26405]
20:16:56.338 [AsyncHttpClient-1-1] DEBUG org.asynchttpclient.netty.channel.DefaultChannelPool - Entry count for : http://localhost:63532 : 1
20:16:56.338 [AsyncHttpClient-1-1] DEBUG org.asynchttpclient.netty.channel.DefaultChannelPool - Entry count for : http://localhost:26405 : 1
20:16:57.435 [AsyncHttpClient-1-1] DEBUG org.asynchttpclient.netty.channel.DefaultChannelPool - Entry count for : http://localhost:63532 : 1
20:16:57.435 [AsyncHttpClient-1-1] DEBUG org.asynchttpclient.netty.channel.DefaultChannelPool - Entry count for : http://localhost:26405 : 1
screen shot class not taking
  Given I am on dashboardfokisaj290@edectus.com and Fleet@123 # StepDefination.Customer_onboarding.I_am_on_dashboard(java.lang.String,java.lang.String)
20:16:58.264 [Forwarding findElement on session ec12cb9888709f60694a2f4415f6a316 to remote] DEBUG org.asynchttpclient.netty.request.NettyRequestSender - Using pooled Channel '[id: 0x8030de5c, L:/127.0.0.1:63530 - R:localhost/127.0.0.1:26405]' for 'POST' to 'http://localhost:26405/session/ec12cb9888709f60694a2f4415f6a316/element'
20:16:58.264 [Forwarding findElement on session ec12cb9888709f60694a2f4415f6a316 to remote] DEBUG org.asynchttpclient.netty.request.NettyRequestSender - Using open Channel [id: 0x8030de5c, L:/127.0.0.1:63530 - R:localhost/127.0.0.1:26405] for POST '/session/ec12cb9888709f60694a2f4415f6a316/element'
20:16:58.280 [AsyncHttpClient-1-23] DEBUG org.asynchttpclient.netty.handler.HttpHandler - 

Request DefaultHttpRequest(decodeResult: success, version: HTTP/1.1)
POST /session/ec12cb9888709f60694a2f4415f6a316/element HTTP/1.1
User-Agent: selenium/4.12.0 (java windows)
Content-Length: 127
Content-Type: application/json; charset=utf-8
host: localhost:26405
accept: */*

Response DefaultHttpResponse(decodeResult: success, version: HTTP/1.1)
HTTP/1.1 200 OK
Content-Length: 126
Content-Type: application/json; charset=utf-8
cache-control: no-cache

20:16:58.280 [AsyncHttpClient-1-23] DEBUG org.asynchttpclient.netty.channel.ChannelManager - Adding key: http://localhost:26405 for channel [id: 0x8030de5c, L:/127.0.0.1:63530 - R:localhost/127.0.0.1:26405]
20:16:58.280 [Forwarding getElementText on session ec12cb9888709f60694a2f4415f6a316 to remote] DEBUG org.asynchttpclient.netty.request.NettyRequestSender - Using pooled Channel '[id: 0x8030de5c, L:/127.0.0.1:63530 - R:localhost/127.0.0.1:26405]' for 'GET' to 'http://localhost:26405/session/ec12cb9888709f60694a2f4415f6a316/element/f.0BC51C9FADD23FE0AAC41C48BEE58712.d.4A8E7E51DE6145DB175278D90320E90D.e.32/text'
20:16:58.280 [Forwarding getElementText on session ec12cb9888709f60694a2f4415f6a316 to remote] DEBUG org.asynchttpclient.netty.request.NettyRequestSender - Using open Channel [id: 0x8030de5c, L:/127.0.0.1:63530 - R:localhost/127.0.0.1:26405] for GET '/session/ec12cb9888709f60694a2f4415f6a316/element/f.0BC51C9FADD23FE0AAC41C48BEE58712.d.4A8E7E51DE6145DB175278D90320E90D.e.32/text'
20:16:58.309 [AsyncHttpClient-1-23] DEBUG org.asynchttpclient.netty.handler.HttpHandler - 

Request DefaultFullHttpRequest(decodeResult: success, version: HTTP/1.1, content: EmptyByteBufBE)
GET /session/ec12cb9888709f60694a2f4415f6a316/element/f.0BC51C9FADD23FE0AAC41C48BEE58712.d.4A8E7E51DE6145DB175278D90320E90D.e.32/text HTTP/1.1
Cache-Control: no-cache
User-Agent: selenium/4.12.0 (java windows)
Content-Type: application/json; charset=utf-8
host: localhost:26405
accept: */*

Response DefaultHttpResponse(decodeResult: success, version: HTTP/1.1)
HTTP/1.1 200 OK
Content-Length: 21
Content-Type: application/json; charset=utf-8
cache-control: no-cache

20:16:58.309 [AsyncHttpClient-1-23] DEBUG org.asynchttpclient.netty.channel.ChannelManager - Adding key: http://localhost:26405 for channel [id: 0x8030de5c, L:/127.0.0.1:63530 - R:localhost/127.0.0.1:26405]
20:16:58.312 [Forwarding findElement on session ec12cb9888709f60694a2f4415f6a316 to remote] DEBUG org.asynchttpclient.netty.request.NettyRequestSender - Using pooled Channel '[id: 0x8030de5c, L:/127.0.0.1:63530 - R:localhost/127.0.0.1:26405]' for 'POST' to 'http://localhost:26405/session/ec12cb9888709f60694a2f4415f6a316/element'
20:16:58.312 [Forwarding findElement on session ec12cb9888709f60694a2f4415f6a316 to remote] DEBUG org.asynchttpclient.netty.request.NettyRequestSender - Using open Channel [id: 0x8030de5c, L:/127.0.0.1:63530 - R:localhost/127.0.0.1:26405] for POST '/session/ec12cb9888709f60694a2f4415f6a316/element'
20:16:58.326 [AsyncHttpClient-1-23] DEBUG org.asynchttpclient.netty.handler.HttpHandler - 

Request DefaultHttpRequest(decodeResult: success, version: HTTP/1.1)
POST /session/ec12cb9888709f60694a2f4415f6a316/element HTTP/1.1
User-Agent: selenium/4.12.0 (java windows)
Content-Length: 127
Content-Type: application/json; charset=utf-8
host: localhost:26405
accept: */*

Response DefaultHttpResponse(decodeResult: success, version: HTTP/1.1)
HTTP/1.1 200 OK
Content-Length: 126
Content-Type: application/json; charset=utf-8
cache-control: no-cache

20:16:58.328 [AsyncHttpClient-1-23] DEBUG org.asynchttpclient.netty.channel.ChannelManager - Adding key: http://localhost:26405 for channel [id: 0x8030de5c, L:/127.0.0.1:63530 - R:localhost/127.0.0.1:26405]
20:16:58.328 [Forwarding clickElement on session ec12cb9888709f60694a2f4415f6a316 to remote] DEBUG org.asynchttpclient.netty.request.NettyRequestSender - Using pooled Channel '[id: 0x8030de5c, L:/127.0.0.1:63530 - R:localhost/127.0.0.1:26405]' for 'POST' to 'http://localhost:26405/session/ec12cb9888709f60694a2f4415f6a316/element/f.0BC51C9FADD23FE0AAC41C48BEE58712.d.4A8E7E51DE6145DB175278D90320E90D.e.32/click'
20:16:58.328 [Forwarding clickElement on session ec12cb9888709f60694a2f4415f6a316 to remote] DEBUG org.asynchttpclient.netty.request.NettyRequestSender - Using open Channel [id: 0x8030de5c, L:/127.0.0.1:63530 - R:localhost/127.0.0.1:26405] for POST '/session/ec12cb9888709f60694a2f4415f6a316/element/f.0BC51C9FADD23FE0AAC41C48BEE58712.d.4A8E7E51DE6145DB175278D90320E90D.e.32/click'
20:16:58.401 [AsyncHttpClient-1-23] DEBUG org.asynchttpclient.netty.handler.HttpHandler - 

Request DefaultHttpRequest(decodeResult: success, version: HTTP/1.1)
POST /session/ec12cb9888709f60694a2f4415f6a316/element/f.0BC51C9FADD23FE0AAC41C48BEE58712.d.4A8E7E51DE6145DB175278D90320E90D.e.32/click HTTP/1.1
User-Agent: selenium/4.12.0 (java windows)
Content-Length: 88
Content-Type: application/json; charset=utf-8
host: localhost:26405
accept: */*

Response DefaultHttpResponse(decodeResult: success, version: HTTP/1.1)
HTTP/1.1 200 OK
Content-Length: 14
Content-Type: application/json; charset=utf-8
cache-control: no-cache

20:16:58.401 [AsyncHttpClient-1-23] DEBUG org.asynchttpclient.netty.channel.ChannelManager - Adding key: http://localhost:26405 for channel [id: 0x8030de5c, L:/127.0.0.1:63530 - R:localhost/127.0.0.1:26405]
20:16:58.539 [AsyncHttpClient-1-1] DEBUG org.asynchttpclient.netty.channel.DefaultChannelPool - Entry count for : http://localhost:63532 : 1
20:16:58.539 [AsyncHttpClient-1-1] DEBUG org.asynchttpclient.netty.channel.DefaultChannelPool - Entry count for : http://localhost:26405 : 1
20:16:59.640 [AsyncHttpClient-1-1] DEBUG org.asynchttpclient.netty.channel.DefaultChannelPool - Entry count for : http://localhost:63532 : 1
20:16:59.640 [AsyncHttpClient-1-1] DEBUG org.asynchttpclient.netty.channel.DefaultChannelPool - Entry count for : http://localhost:26405 : 1
screen shot class not taking
20:17:00.408 [Forwarding findElement on session ec12cb9888709f60694a2f4415f6a316 to remote] DEBUG org.asynchttpclient.netty.request.NettyRequestSender - Using pooled Channel '[id: 0x8030de5c, L:/127.0.0.1:63530 - R:localhost/127.0.0.1:26405]' for 'POST' to 'http://localhost:26405/session/ec12cb9888709f60694a2f4415f6a316/element'
20:17:00.408 [Forwarding findElement on session ec12cb9888709f60694a2f4415f6a316 to remote] DEBUG org.asynchttpclient.netty.request.NettyRequestSender - Using open Channel [id: 0x8030de5c, L:/127.0.0.1:63530 - R:localhost/127.0.0.1:26405] for POST '/session/ec12cb9888709f60694a2f4415f6a316/element'
20:17:00.425 [AsyncHttpClient-1-23] DEBUG org.asynchttpclient.netty.handler.HttpHandler - 

Request DefaultHttpRequest(decodeResult: success, version: HTTP/1.1)
POST /session/ec12cb9888709f60694a2f4415f6a316/element HTTP/1.1
User-Agent: selenium/4.12.0 (java windows)
Content-Length: 178
Content-Type: application/json; charset=utf-8
host: localhost:26405
accept: */*

Response DefaultHttpResponse(decodeResult: success, version: HTTP/1.1)
HTTP/1.1 200 OK
Content-Length: 126
Content-Type: application/json; charset=utf-8
cache-control: no-cache

20:17:00.425 [AsyncHttpClient-1-23] DEBUG org.asynchttpclient.netty.channel.ChannelManager - Adding key: http://localhost:26405 for channel [id: 0x8030de5c, L:/127.0.0.1:63530 - R:localhost/127.0.0.1:26405]
20:17:00.425 [Forwarding getElementText on session ec12cb9888709f60694a2f4415f6a316 to remote] DEBUG org.asynchttpclient.netty.request.NettyRequestSender - Using pooled Channel '[id: 0x8030de5c, L:/127.0.0.1:63530 - R:localhost/127.0.0.1:26405]' for 'GET' to 'http://localhost:26405/session/ec12cb9888709f60694a2f4415f6a316/element/f.0BC51C9FADD23FE0AAC41C48BEE58712.d.4A8E7E51DE6145DB175278D90320E90D.e.35/text'
20:17:00.425 [Forwarding getElementText on session ec12cb9888709f60694a2f4415f6a316 to remote] DEBUG org.asynchttpclient.netty.request.NettyRequestSender - Using open Channel [id: 0x8030de5c, L:/127.0.0.1:63530 - R:localhost/127.0.0.1:26405] for GET '/session/ec12cb9888709f60694a2f4415f6a316/element/f.0BC51C9FADD23FE0AAC41C48BEE58712.d.4A8E7E51DE6145DB175278D90320E90D.e.35/text'
20:17:00.442 [AsyncHttpClient-1-23] DEBUG org.asynchttpclient.netty.handler.HttpHandler - 

Request DefaultFullHttpRequest(decodeResult: success, version: HTTP/1.1, content: EmptyByteBufBE)
GET /session/ec12cb9888709f60694a2f4415f6a316/element/f.0BC51C9FADD23FE0AAC41C48BEE58712.d.4A8E7E51DE6145DB175278D90320E90D.e.35/text HTTP/1.1
Cache-Control: no-cache
User-Agent: selenium/4.12.0 (java windows)
Content-Type: application/json; charset=utf-8
host: localhost:26405
accept: */*

Response DefaultHttpResponse(decodeResult: success, version: HTTP/1.1)
HTTP/1.1 200 OK
Content-Length: 28
Content-Type: application/json; charset=utf-8
cache-control: no-cache

20:17:00.442 [AsyncHttpClient-1-23] DEBUG org.asynchttpclient.netty.channel.ChannelManager - Adding key: http://localhost:26405 for channel [id: 0x8030de5c, L:/127.0.0.1:63530 - R:localhost/127.0.0.1:26405]
20:17:00.445 [Forwarding findElement on session ec12cb9888709f60694a2f4415f6a316 to remote] DEBUG org.asynchttpclient.netty.request.NettyRequestSender - Using pooled Channel '[id: 0x8030de5c, L:/127.0.0.1:63530 - R:localhost/127.0.0.1:26405]' for 'POST' to 'http://localhost:26405/session/ec12cb9888709f60694a2f4415f6a316/element'
20:17:00.445 [Forwarding findElement on session ec12cb9888709f60694a2f4415f6a316 to remote] DEBUG org.asynchttpclient.netty.request.NettyRequestSender - Using open Channel [id: 0x8030de5c, L:/127.0.0.1:63530 - R:localhost/127.0.0.1:26405] for POST '/session/ec12cb9888709f60694a2f4415f6a316/element'
20:17:00.445 [AsyncHttpClient-1-23] DEBUG org.asynchttpclient.netty.handler.HttpHandler - 

Request DefaultHttpRequest(decodeResult: success, version: HTTP/1.1)
POST /session/ec12cb9888709f60694a2f4415f6a316/element HTTP/1.1
User-Agent: selenium/4.12.0 (java windows)
Content-Length: 178
Content-Type: application/json; charset=utf-8
host: localhost:26405
accept: */*

Response DefaultHttpResponse(decodeResult: success, version: HTTP/1.1)
HTTP/1.1 200 OK
Content-Length: 126
Content-Type: application/json; charset=utf-8
cache-control: no-cache

20:17:00.445 [AsyncHttpClient-1-23] DEBUG org.asynchttpclient.netty.channel.ChannelManager - Adding key: http://localhost:26405 for channel [id: 0x8030de5c, L:/127.0.0.1:63530 - R:localhost/127.0.0.1:26405]
20:17:00.456 [Forwarding clickElement on session ec12cb9888709f60694a2f4415f6a316 to remote] DEBUG org.asynchttpclient.netty.request.NettyRequestSender - Using pooled Channel '[id: 0x8030de5c, L:/127.0.0.1:63530 - R:localhost/127.0.0.1:26405]' for 'POST' to 'http://localhost:26405/session/ec12cb9888709f60694a2f4415f6a316/element/f.0BC51C9FADD23FE0AAC41C48BEE58712.d.4A8E7E51DE6145DB175278D90320E90D.e.35/click'
20:17:00.456 [Forwarding clickElement on session ec12cb9888709f60694a2f4415f6a316 to remote] DEBUG org.asynchttpclient.netty.request.NettyRequestSender - Using open Channel [id: 0x8030de5c, L:/127.0.0.1:63530 - R:localhost/127.0.0.1:26405] for POST '/session/ec12cb9888709f60694a2f4415f6a316/element/f.0BC51C9FADD23FE0AAC41C48BEE58712.d.4A8E7E51DE6145DB175278D90320E90D.e.35/click'
20:17:00.504 [AsyncHttpClient-1-23] DEBUG org.asynchttpclient.netty.handler.HttpHandler - 

Request DefaultHttpRequest(decodeResult: success, version: HTTP/1.1)
POST /session/ec12cb9888709f60694a2f4415f6a316/element/f.0BC51C9FADD23FE0AAC41C48BEE58712.d.4A8E7E51DE6145DB175278D90320E90D.e.35/click HTTP/1.1
User-Agent: selenium/4.12.0 (java windows)
Content-Length: 88
Content-Type: application/json; charset=utf-8
host: localhost:26405
accept: */*

Response DefaultHttpResponse(decodeResult: success, version: HTTP/1.1)
HTTP/1.1 200 OK
Content-Length: 14
Content-Type: application/json; charset=utf-8
cache-control: no-cache

20:17:00.504 [AsyncHttpClient-1-23] DEBUG org.asynchttpclient.netty.channel.ChannelManager - Adding key: http://localhost:26405 for channel [id: 0x8030de5c, L:/127.0.0.1:63530 - R:localhost/127.0.0.1:26405]
  When Open customer form                                     # StepDefination.Customer_onboarding.Open_customer_form()
20:17:00.736 [AsyncHttpClient-1-1] DEBUG org.asynchttpclient.netty.channel.DefaultChannelPool - Entry count for : http://localhost:63532 : 1
20:17:00.736 [AsyncHttpClient-1-1] DEBUG org.asynchttpclient.netty.channel.DefaultChannelPool - Entry count for : http://localhost:26405 : 1
20:17:01.841 [AsyncHttpClient-1-1] DEBUG org.asynchttpclient.netty.channel.DefaultChannelPool - Entry count for : http://localhost:63532 : 1
20:17:01.841 [AsyncHttpClient-1-1] DEBUG org.asynchttpclient.netty.channel.DefaultChannelPool - Entry count for : http://localhost:26405 : 1
20:17:02.030 [Forwarding findElement on session ec12cb9888709f60694a2f4415f6a316 to remote] DEBUG org.asynchttpclient.netty.request.NettyRequestSender - Using pooled Channel '[id: 0x8030de5c, L:/127.0.0.1:63530 - R:localhost/127.0.0.1:26405]' for 'POST' to 'http://localhost:26405/session/ec12cb9888709f60694a2f4415f6a316/element'
20:17:02.030 [Forwarding findElement on session ec12cb9888709f60694a2f4415f6a316 to remote] DEBUG org.asynchttpclient.netty.request.NettyRequestSender - Using open Channel [id: 0x8030de5c, L:/127.0.0.1:63530 - R:localhost/127.0.0.1:26405] for POST '/session/ec12cb9888709f60694a2f4415f6a316/element'
20:17:02.030 [AsyncHttpClient-1-23] DEBUG org.asynchttpclient.netty.handler.HttpHandler - 

Request DefaultHttpRequest(decodeResult: success, version: HTTP/1.1)
POST /session/ec12cb9888709f60694a2f4415f6a316/element HTTP/1.1
User-Agent: selenium/4.12.0 (java windows)
Content-Length: 114
Content-Type: application/json; charset=utf-8
host: localhost:26405
accept: */*

Response DefaultHttpResponse(decodeResult: success, version: HTTP/1.1)
HTTP/1.1 200 OK
Content-Length: 126
Content-Type: application/json; charset=utf-8
cache-control: no-cache

20:17:02.030 [AsyncHttpClient-1-23] DEBUG org.asynchttpclient.netty.channel.ChannelManager - Adding key: http://localhost:26405 for channel [id: 0x8030de5c, L:/127.0.0.1:63530 - R:localhost/127.0.0.1:26405]
20:17:02.046 [Forwarding sendKeysToElement on session ec12cb9888709f60694a2f4415f6a316 to remote] DEBUG org.asynchttpclient.netty.request.NettyRequestSender - Using pooled Channel '[id: 0x8030de5c, L:/127.0.0.1:63530 - R:localhost/127.0.0.1:26405]' for 'POST' to 'http://localhost:26405/session/ec12cb9888709f60694a2f4415f6a316/element/f.0BC51C9FADD23FE0AAC41C48BEE58712.d.4A8E7E51DE6145DB175278D90320E90D.e.39/value'
20:17:02.046 [Forwarding sendKeysToElement on session ec12cb9888709f60694a2f4415f6a316 to remote] DEBUG org.asynchttpclient.netty.request.NettyRequestSender - Using open Channel [id: 0x8030de5c, L:/127.0.0.1:63530 - R:localhost/127.0.0.1:26405] for POST '/session/ec12cb9888709f60694a2f4415f6a316/element/f.0BC51C9FADD23FE0AAC41C48BEE58712.d.4A8E7E51DE6145DB175278D90320E90D.e.39/value'
20:17:02.136 [AsyncHttpClient-1-23] DEBUG org.asynchttpclient.netty.handler.HttpHandler - 

Request DefaultHttpRequest(decodeResult: success, version: HTTP/1.1)
POST /session/ec12cb9888709f60694a2f4415f6a316/element/f.0BC51C9FADD23FE0AAC41C48BEE58712.d.4A8E7E51DE6145DB175278D90320E90D.e.39/value HTTP/1.1
User-Agent: selenium/4.12.0 (java windows)
Content-Length: 179
Content-Type: application/json; charset=utf-8
host: localhost:26405
accept: */*

Response DefaultHttpResponse(decodeResult: success, version: HTTP/1.1)
HTTP/1.1 200 OK
Content-Length: 14
Content-Type: application/json; charset=utf-8
cache-control: no-cache

20:17:02.136 [AsyncHttpClient-1-23] DEBUG org.asynchttpclient.netty.channel.ChannelManager - Adding key: http://localhost:26405 for channel [id: 0x8030de5c, L:/127.0.0.1:63530 - R:localhost/127.0.0.1:26405]
screen shot class not taking
  And Provide the company nameTE_Inc                          # StepDefination.Customer_onboarding.Provide_the_company_name(java.lang.String)
20:17:02.927 [AsyncHttpClient-1-1] DEBUG org.asynchttpclient.netty.channel.DefaultChannelPool - Entry count for : http://localhost:63532 : 1
20:17:02.927 [AsyncHttpClient-1-1] DEBUG org.asynchttpclient.netty.channel.DefaultChannelPool - Entry count for : http://localhost:26405 : 1
20:17:03.150 [Forwarding findElement on session ec12cb9888709f60694a2f4415f6a316 to remote] DEBUG org.asynchttpclient.netty.request.NettyRequestSender - Using pooled Channel '[id: 0x8030de5c, L:/127.0.0.1:63530 - R:localhost/127.0.0.1:26405]' for 'POST' to 'http://localhost:26405/session/ec12cb9888709f60694a2f4415f6a316/element'
20:17:03.150 [Forwarding findElement on session ec12cb9888709f60694a2f4415f6a316 to remote] DEBUG org.asynchttpclient.netty.request.NettyRequestSender - Using open Channel [id: 0x8030de5c, L:/127.0.0.1:63530 - R:localhost/127.0.0.1:26405] for POST '/session/ec12cb9888709f60694a2f4415f6a316/element'
20:17:03.171 [AsyncHttpClient-1-23] DEBUG org.asynchttpclient.netty.handler.HttpHandler - 

Request DefaultHttpRequest(decodeResult: success, version: HTTP/1.1)
POST /session/ec12cb9888709f60694a2f4415f6a316/element HTTP/1.1
User-Agent: selenium/4.12.0 (java windows)
Content-Length: 72
Content-Type: application/json; charset=utf-8
host: localhost:26405
accept: */*

Response DefaultHttpResponse(decodeResult: success, version: HTTP/1.1)
HTTP/1.1 200 OK
Content-Length: 126
Content-Type: application/json; charset=utf-8
cache-control: no-cache

20:17:03.171 [AsyncHttpClient-1-23] DEBUG org.asynchttpclient.netty.channel.ChannelManager - Adding key: http://localhost:26405 for channel [id: 0x8030de5c, L:/127.0.0.1:63530 - R:localhost/127.0.0.1:26405]
20:17:03.171 [Forwarding clickElement on session ec12cb9888709f60694a2f4415f6a316 to remote] DEBUG org.asynchttpclient.netty.request.NettyRequestSender - Using pooled Channel '[id: 0x8030de5c, L:/127.0.0.1:63530 - R:localhost/127.0.0.1:26405]' for 'POST' to 'http://localhost:26405/session/ec12cb9888709f60694a2f4415f6a316/element/f.0BC51C9FADD23FE0AAC41C48BEE58712.d.4A8E7E51DE6145DB175278D90320E90D.e.81/click'
20:17:03.171 [Forwarding clickElement on session ec12cb9888709f60694a2f4415f6a316 to remote] DEBUG org.asynchttpclient.netty.request.NettyRequestSender - Using open Channel [id: 0x8030de5c, L:/127.0.0.1:63530 - R:localhost/127.0.0.1:26405] for POST '/session/ec12cb9888709f60694a2f4415f6a316/element/f.0BC51C9FADD23FE0AAC41C48BEE58712.d.4A8E7E51DE6145DB175278D90320E90D.e.81/click'
20:17:03.233 [AsyncHttpClient-1-23] DEBUG org.asynchttpclient.netty.handler.HttpHandler - 

Request DefaultHttpRequest(decodeResult: success, version: HTTP/1.1)
POST /session/ec12cb9888709f60694a2f4415f6a316/element/f.0BC51C9FADD23FE0AAC41C48BEE58712.d.4A8E7E51DE6145DB175278D90320E90D.e.81/click HTTP/1.1
User-Agent: selenium/4.12.0 (java windows)
Content-Length: 88
Content-Type: application/json; charset=utf-8
host: localhost:26405
accept: */*

Response DefaultHttpResponse(decodeResult: success, version: HTTP/1.1)
HTTP/1.1 200 OK
Content-Length: 14
Content-Type: application/json; charset=utf-8
cache-control: no-cache

20:17:03.254 [AsyncHttpClient-1-23] DEBUG org.asynchttpclient.netty.channel.ChannelManager - Adding key: http://localhost:26405 for channel [id: 0x8030de5c, L:/127.0.0.1:63530 - R:localhost/127.0.0.1:26405]
screen shot class not taking
  When Submit the form                                        # StepDefination.Customer_onboarding.Submit_the_form()
20:17:03.759 [Forwarding findElement on session ec12cb9888709f60694a2f4415f6a316 to remote] DEBUG org.asynchttpclient.netty.request.NettyRequestSender - Using pooled Channel '[id: 0x8030de5c, L:/127.0.0.1:63530 - R:localhost/127.0.0.1:26405]' for 'POST' to 'http://localhost:26405/session/ec12cb9888709f60694a2f4415f6a316/element'
20:17:03.759 [Forwarding findElement on session ec12cb9888709f60694a2f4415f6a316 to remote] DEBUG org.asynchttpclient.netty.request.NettyRequestSender - Using open Channel [id: 0x8030de5c, L:/127.0.0.1:63530 - R:localhost/127.0.0.1:26405] for POST '/session/ec12cb9888709f60694a2f4415f6a316/element'
20:17:03.776 [AsyncHttpClient-1-23] DEBUG org.asynchttpclient.netty.handler.HttpHandler - 

Request DefaultHttpRequest(decodeResult: success, version: HTTP/1.1)
POST /session/ec12cb9888709f60694a2f4415f6a316/element HTTP/1.1
User-Agent: selenium/4.12.0 (java windows)
Content-Length: 131
Content-Type: application/json; charset=utf-8
host: localhost:26405
accept: */*

Response DefaultHttpResponse(decodeResult: success, version: HTTP/1.1)
HTTP/1.1 200 OK
Content-Length: 126
Content-Type: application/json; charset=utf-8
cache-control: no-cache

20:17:03.776 [AsyncHttpClient-1-23] DEBUG org.asynchttpclient.netty.channel.ChannelManager - Adding key: http://localhost:26405 for channel [id: 0x8030de5c, L:/127.0.0.1:63530 - R:localhost/127.0.0.1:26405]
20:17:03.776 [Forwarding getElementText on session ec12cb9888709f60694a2f4415f6a316 to remote] DEBUG org.asynchttpclient.netty.request.NettyRequestSender - Using pooled Channel '[id: 0x8030de5c, L:/127.0.0.1:63530 - R:localhost/127.0.0.1:26405]' for 'GET' to 'http://localhost:26405/session/ec12cb9888709f60694a2f4415f6a316/element/f.0BC51C9FADD23FE0AAC41C48BEE58712.d.4A8E7E51DE6145DB175278D90320E90D.e.82/text'
20:17:03.776 [Forwarding getElementText on session ec12cb9888709f60694a2f4415f6a316 to remote] DEBUG org.asynchttpclient.netty.request.NettyRequestSender - Using open Channel [id: 0x8030de5c, L:/127.0.0.1:63530 - R:localhost/127.0.0.1:26405] for GET '/session/ec12cb9888709f60694a2f4415f6a316/element/f.0BC51C9FADD23FE0AAC41C48BEE58712.d.4A8E7E51DE6145DB175278D90320E90D.e.82/text'
20:17:03.782 [AsyncHttpClient-1-23] DEBUG org.asynchttpclient.netty.handler.HttpHandler - 

Request DefaultFullHttpRequest(decodeResult: success, version: HTTP/1.1, content: EmptyByteBufBE)
GET /session/ec12cb9888709f60694a2f4415f6a316/element/f.0BC51C9FADD23FE0AAC41C48BEE58712.d.4A8E7E51DE6145DB175278D90320E90D.e.82/text HTTP/1.1
Cache-Control: no-cache
User-Agent: selenium/4.12.0 (java windows)
Content-Type: application/json; charset=utf-8
host: localhost:26405
accept: */*

Response DefaultHttpResponse(decodeResult: success, version: HTTP/1.1)
HTTP/1.1 200 OK
Content-Length: 30
Content-Type: application/json; charset=utf-8
cache-control: no-cache

20:17:03.782 [AsyncHttpClient-1-23] DEBUG org.asynchttpclient.netty.channel.ChannelManager - Adding key: http://localhost:26405 for channel [id: 0x8030de5c, L:/127.0.0.1:63530 - R:localhost/127.0.0.1:26405]
Street is required
20:17:04.032 [AsyncHttpClient-1-1] DEBUG org.asynchttpclient.netty.channel.DefaultChannelPool - Entry count for : http://localhost:63532 : 1
20:17:04.032 [AsyncHttpClient-1-1] DEBUG org.asynchttpclient.netty.channel.DefaultChannelPool - Entry count for : http://localhost:26405 : 1
screen shot class not taking
  Then Display Error responseStreet is required               # StepDefination.Customer_onboarding.customerNot_added(java.lang.String)
20:17:04.288 [Forwarding findElement on session ec12cb9888709f60694a2f4415f6a316 to remote] DEBUG org.asynchttpclient.netty.request.NettyRequestSender - Using pooled Channel '[id: 0x8030de5c, L:/127.0.0.1:63530 - R:localhost/127.0.0.1:26405]' for 'POST' to 'http://localhost:26405/session/ec12cb9888709f60694a2f4415f6a316/element'
20:17:04.288 [Forwarding findElement on session ec12cb9888709f60694a2f4415f6a316 to remote] DEBUG org.asynchttpclient.netty.request.NettyRequestSender - Using open Channel [id: 0x8030de5c, L:/127.0.0.1:63530 - R:localhost/127.0.0.1:26405] for POST '/session/ec12cb9888709f60694a2f4415f6a316/element'
20:17:04.307 [AsyncHttpClient-1-23] DEBUG org.asynchttpclient.netty.handler.HttpHandler - 

Request DefaultHttpRequest(decodeResult: success, version: HTTP/1.1)
POST /session/ec12cb9888709f60694a2f4415f6a316/element HTTP/1.1
User-Agent: selenium/4.12.0 (java windows)
Content-Length: 129
Content-Type: application/json; charset=utf-8
host: localhost:26405
accept: */*

Response DefaultHttpResponse(decodeResult: success, version: HTTP/1.1)
HTTP/1.1 200 OK
Content-Length: 126
Content-Type: application/json; charset=utf-8
cache-control: no-cache

20:17:04.307 [AsyncHttpClient-1-23] DEBUG org.asynchttpclient.netty.channel.ChannelManager - Adding key: http://localhost:26405 for channel [id: 0x8030de5c, L:/127.0.0.1:63530 - R:localhost/127.0.0.1:26405]
20:17:04.307 [Forwarding getElementText on session ec12cb9888709f60694a2f4415f6a316 to remote] DEBUG org.asynchttpclient.netty.request.NettyRequestSender - Using pooled Channel '[id: 0x8030de5c, L:/127.0.0.1:63530 - R:localhost/127.0.0.1:26405]' for 'GET' to 'http://localhost:26405/session/ec12cb9888709f60694a2f4415f6a316/element/f.0BC51C9FADD23FE0AAC41C48BEE58712.d.4A8E7E51DE6145DB175278D90320E90D.e.83/text'
20:17:04.307 [Forwarding getElementText on session ec12cb9888709f60694a2f4415f6a316 to remote] DEBUG org.asynchttpclient.netty.request.NettyRequestSender - Using open Channel [id: 0x8030de5c, L:/127.0.0.1:63530 - R:localhost/127.0.0.1:26405] for GET '/session/ec12cb9888709f60694a2f4415f6a316/element/f.0BC51C9FADD23FE0AAC41C48BEE58712.d.4A8E7E51DE6145DB175278D90320E90D.e.83/text'
20:17:04.313 [AsyncHttpClient-1-23] DEBUG org.asynchttpclient.netty.handler.HttpHandler - 

Request DefaultFullHttpRequest(decodeResult: success, version: HTTP/1.1, content: EmptyByteBufBE)
GET /session/ec12cb9888709f60694a2f4415f6a316/element/f.0BC51C9FADD23FE0AAC41C48BEE58712.d.4A8E7E51DE6145DB175278D90320E90D.e.83/text HTTP/1.1
Cache-Control: no-cache
User-Agent: selenium/4.12.0 (java windows)
Content-Type: application/json; charset=utf-8
host: localhost:26405
accept: */*

Response DefaultHttpResponse(decodeResult: success, version: HTTP/1.1)
HTTP/1.1 200 OK
Content-Length: 28
Content-Type: application/json; charset=utf-8
cache-control: no-cache

20:17:04.313 [AsyncHttpClient-1-23] DEBUG org.asynchttpclient.netty.channel.ChannelManager - Adding key: http://localhost:26405 for channel [id: 0x8030de5c, L:/127.0.0.1:63530 - R:localhost/127.0.0.1:26405]
City is required
screen shot class not taking
  Then Display Error responseCity is required                 # StepDefination.Customer_onboarding.customerNot_added(java.lang.String)
20:17:04.846 [Forwarding findElement on session ec12cb9888709f60694a2f4415f6a316 to remote] DEBUG org.asynchttpclient.netty.request.NettyRequestSender - Using pooled Channel '[id: 0x8030de5c, L:/127.0.0.1:63530 - R:localhost/127.0.0.1:26405]' for 'POST' to 'http://localhost:26405/session/ec12cb9888709f60694a2f4415f6a316/element'
20:17:04.846 [Forwarding findElement on session ec12cb9888709f60694a2f4415f6a316 to remote] DEBUG org.asynchttpclient.netty.request.NettyRequestSender - Using open Channel [id: 0x8030de5c, L:/127.0.0.1:63530 - R:localhost/127.0.0.1:26405] for POST '/session/ec12cb9888709f60694a2f4415f6a316/element'
20:17:04.871 [AsyncHttpClient-1-23] DEBUG org.asynchttpclient.netty.handler.HttpHandler - 

Request DefaultHttpRequest(decodeResult: success, version: HTTP/1.1)
POST /session/ec12cb9888709f60694a2f4415f6a316/element HTTP/1.1
User-Agent: selenium/4.12.0 (java windows)
Content-Length: 133
Content-Type: application/json; charset=utf-8
host: localhost:26405
accept: */*

Response DefaultHttpResponse(decodeResult: success, version: HTTP/1.1)
HTTP/1.1 200 OK
Content-Length: 126
Content-Type: application/json; charset=utf-8
cache-control: no-cache

20:17:04.871 [AsyncHttpClient-1-23] DEBUG org.asynchttpclient.netty.channel.ChannelManager - Adding key: http://localhost:26405 for channel [id: 0x8030de5c, L:/127.0.0.1:63530 - R:localhost/127.0.0.1:26405]
20:17:04.871 [Forwarding getElementText on session ec12cb9888709f60694a2f4415f6a316 to remote] DEBUG org.asynchttpclient.netty.request.NettyRequestSender - Using pooled Channel '[id: 0x8030de5c, L:/127.0.0.1:63530 - R:localhost/127.0.0.1:26405]' for 'GET' to 'http://localhost:26405/session/ec12cb9888709f60694a2f4415f6a316/element/f.0BC51C9FADD23FE0AAC41C48BEE58712.d.4A8E7E51DE6145DB175278D90320E90D.e.84/text'
20:17:04.871 [Forwarding getElementText on session ec12cb9888709f60694a2f4415f6a316 to remote] DEBUG org.asynchttpclient.netty.request.NettyRequestSender - Using open Channel [id: 0x8030de5c, L:/127.0.0.1:63530 - R:localhost/127.0.0.1:26405] for GET '/session/ec12cb9888709f60694a2f4415f6a316/element/f.0BC51C9FADD23FE0AAC41C48BEE58712.d.4A8E7E51DE6145DB175278D90320E90D.e.84/text'
20:17:04.880 [AsyncHttpClient-1-23] DEBUG org.asynchttpclient.netty.handler.HttpHandler - 

Request DefaultFullHttpRequest(decodeResult: success, version: HTTP/1.1, content: EmptyByteBufBE)
GET /session/ec12cb9888709f60694a2f4415f6a316/element/f.0BC51C9FADD23FE0AAC41C48BEE58712.d.4A8E7E51DE6145DB175278D90320E90D.e.84/text HTTP/1.1
Cache-Control: no-cache
User-Agent: selenium/4.12.0 (java windows)
Content-Type: application/json; charset=utf-8
host: localhost:26405
accept: */*

Response DefaultHttpResponse(decodeResult: success, version: HTTP/1.1)
HTTP/1.1 200 OK
Content-Length: 32
Content-Type: application/json; charset=utf-8
cache-control: no-cache

20:17:04.880 [AsyncHttpClient-1-23] DEBUG org.asynchttpclient.netty.channel.ChannelManager - Adding key: http://localhost:26405 for channel [id: 0x8030de5c, L:/127.0.0.1:63530 - R:localhost/127.0.0.1:26405]
Province is required
20:17:05.132 [AsyncHttpClient-1-1] DEBUG org.asynchttpclient.netty.channel.DefaultChannelPool - Entry count for : http://localhost:63532 : 1
20:17:05.132 [AsyncHttpClient-1-1] DEBUG org.asynchttpclient.netty.channel.DefaultChannelPool - Entry count for : http://localhost:26405 : 1
screen shot class not taking
  Then Display Error responseProvince is required             # StepDefination.Customer_onboarding.customerNot_added(java.lang.String)
20:17:05.388 [Forwarding findElement on session ec12cb9888709f60694a2f4415f6a316 to remote] DEBUG org.asynchttpclient.netty.request.NettyRequestSender - Using pooled Channel '[id: 0x8030de5c, L:/127.0.0.1:63530 - R:localhost/127.0.0.1:26405]' for 'POST' to 'http://localhost:26405/session/ec12cb9888709f60694a2f4415f6a316/element'
20:17:05.388 [Forwarding findElement on session ec12cb9888709f60694a2f4415f6a316 to remote] DEBUG org.asynchttpclient.netty.request.NettyRequestSender - Using open Channel [id: 0x8030de5c, L:/127.0.0.1:63530 - R:localhost/127.0.0.1:26405] for POST '/session/ec12cb9888709f60694a2f4415f6a316/element'
20:17:05.403 [AsyncHttpClient-1-23] DEBUG org.asynchttpclient.netty.handler.HttpHandler - 

Request DefaultHttpRequest(decodeResult: success, version: HTTP/1.1)
POST /session/ec12cb9888709f60694a2f4415f6a316/element HTTP/1.1
User-Agent: selenium/4.12.0 (java windows)
Content-Length: 136
Content-Type: application/json; charset=utf-8
host: localhost:26405
accept: */*

Response DefaultHttpResponse(decodeResult: success, version: HTTP/1.1)
HTTP/1.1 200 OK
Content-Length: 126
Content-Type: application/json; charset=utf-8
cache-control: no-cache

20:17:05.403 [AsyncHttpClient-1-23] DEBUG org.asynchttpclient.netty.channel.ChannelManager - Adding key: http://localhost:26405 for channel [id: 0x8030de5c, L:/127.0.0.1:63530 - R:localhost/127.0.0.1:26405]
20:17:05.403 [Forwarding getElementText on session ec12cb9888709f60694a2f4415f6a316 to remote] DEBUG org.asynchttpclient.netty.request.NettyRequestSender - Using pooled Channel '[id: 0x8030de5c, L:/127.0.0.1:63530 - R:localhost/127.0.0.1:26405]' for 'GET' to 'http://localhost:26405/session/ec12cb9888709f60694a2f4415f6a316/element/f.0BC51C9FADD23FE0AAC41C48BEE58712.d.4A8E7E51DE6145DB175278D90320E90D.e.85/text'
20:17:05.403 [Forwarding getElementText on session ec12cb9888709f60694a2f4415f6a316 to remote] DEBUG org.asynchttpclient.netty.request.NettyRequestSender - Using open Channel [id: 0x8030de5c, L:/127.0.0.1:63530 - R:localhost/127.0.0.1:26405] for GET '/session/ec12cb9888709f60694a2f4415f6a316/element/f.0BC51C9FADD23FE0AAC41C48BEE58712.d.4A8E7E51DE6145DB175278D90320E90D.e.85/text'
20:17:05.421 [AsyncHttpClient-1-23] DEBUG org.asynchttpclient.netty.handler.HttpHandler - 

Request DefaultFullHttpRequest(decodeResult: success, version: HTTP/1.1, content: EmptyByteBufBE)
GET /session/ec12cb9888709f60694a2f4415f6a316/element/f.0BC51C9FADD23FE0AAC41C48BEE58712.d.4A8E7E51DE6145DB175278D90320E90D.e.85/text HTTP/1.1
Cache-Control: no-cache
User-Agent: selenium/4.12.0 (java windows)
Content-Type: application/json; charset=utf-8
host: localhost:26405
accept: */*

Response DefaultHttpResponse(decodeResult: success, version: HTTP/1.1)
HTTP/1.1 200 OK
Content-Length: 35
Content-Type: application/json; charset=utf-8
cache-control: no-cache

20:17:05.421 [AsyncHttpClient-1-23] DEBUG org.asynchttpclient.netty.channel.ChannelManager - Adding key: http://localhost:26405 for channel [id: 0x8030de5c, L:/127.0.0.1:63530 - R:localhost/127.0.0.1:26405]
Postal Code is required
screen shot class not taking
  Then Display Error responsePostal Code is required          # StepDefination.Customer_onboarding.customerNot_added(java.lang.String)
20:17:05.929 [Forwarding findElement on session ec12cb9888709f60694a2f4415f6a316 to remote] DEBUG org.asynchttpclient.netty.request.NettyRequestSender - Using pooled Channel '[id: 0x8030de5c, L:/127.0.0.1:63530 - R:localhost/127.0.0.1:26405]' for 'POST' to 'http://localhost:26405/session/ec12cb9888709f60694a2f4415f6a316/element'
20:17:05.929 [Forwarding findElement on session ec12cb9888709f60694a2f4415f6a316 to remote] DEBUG org.asynchttpclient.netty.request.NettyRequestSender - Using open Channel [id: 0x8030de5c, L:/127.0.0.1:63530 - R:localhost/127.0.0.1:26405] for POST '/session/ec12cb9888709f60694a2f4415f6a316/element'
20:17:05.945 [AsyncHttpClient-1-23] DEBUG org.asynchttpclient.netty.handler.HttpHandler - 

Request DefaultHttpRequest(decodeResult: success, version: HTTP/1.1)
POST /session/ec12cb9888709f60694a2f4415f6a316/element HTTP/1.1
User-Agent: selenium/4.12.0 (java windows)
Content-Length: 132
Content-Type: application/json; charset=utf-8
host: localhost:26405
accept: */*

Response DefaultHttpResponse(decodeResult: success, version: HTTP/1.1)
HTTP/1.1 200 OK
Content-Length: 126
Content-Type: application/json; charset=utf-8
cache-control: no-cache

20:17:05.961 [AsyncHttpClient-1-23] DEBUG org.asynchttpclient.netty.channel.ChannelManager - Adding key: http://localhost:26405 for channel [id: 0x8030de5c, L:/127.0.0.1:63530 - R:localhost/127.0.0.1:26405]
20:17:05.961 [Forwarding getElementText on session ec12cb9888709f60694a2f4415f6a316 to remote] DEBUG org.asynchttpclient.netty.request.NettyRequestSender - Using pooled Channel '[id: 0x8030de5c, L:/127.0.0.1:63530 - R:localhost/127.0.0.1:26405]' for 'GET' to 'http://localhost:26405/session/ec12cb9888709f60694a2f4415f6a316/element/f.0BC51C9FADD23FE0AAC41C48BEE58712.d.4A8E7E51DE6145DB175278D90320E90D.e.86/text'
20:17:05.961 [Forwarding getElementText on session ec12cb9888709f60694a2f4415f6a316 to remote] DEBUG org.asynchttpclient.netty.request.NettyRequestSender - Using open Channel [id: 0x8030de5c, L:/127.0.0.1:63530 - R:localhost/127.0.0.1:26405] for GET '/session/ec12cb9888709f60694a2f4415f6a316/element/f.0BC51C9FADD23FE0AAC41C48BEE58712.d.4A8E7E51DE6145DB175278D90320E90D.e.86/text'
20:17:05.969 [AsyncHttpClient-1-23] DEBUG org.asynchttpclient.netty.handler.HttpHandler - 

Request DefaultFullHttpRequest(decodeResult: success, version: HTTP/1.1, content: EmptyByteBufBE)
GET /session/ec12cb9888709f60694a2f4415f6a316/element/f.0BC51C9FADD23FE0AAC41C48BEE58712.d.4A8E7E51DE6145DB175278D90320E90D.e.86/text HTTP/1.1
Cache-Control: no-cache
User-Agent: selenium/4.12.0 (java windows)
Content-Type: application/json; charset=utf-8
host: localhost:26405
accept: */*

Response DefaultHttpResponse(decodeResult: success, version: HTTP/1.1)
HTTP/1.1 200 OK
Content-Length: 31
Content-Type: application/json; charset=utf-8
cache-control: no-cache

20:17:05.969 [AsyncHttpClient-1-23] DEBUG org.asynchttpclient.netty.channel.ChannelManager - Adding key: http://localhost:26405 for channel [id: 0x8030de5c, L:/127.0.0.1:63530 - R:localhost/127.0.0.1:26405]
Country is required
20:17:06.234 [AsyncHttpClient-1-1] DEBUG org.asynchttpclient.netty.channel.DefaultChannelPool - Entry count for : http://localhost:63532 : 1
20:17:06.234 [AsyncHttpClient-1-1] DEBUG org.asynchttpclient.netty.channel.DefaultChannelPool - Entry count for : http://localhost:26405 : 1
screen shot class not taking
  Then Display Error responseCountry is required              # StepDefination.Customer_onboarding.customerNot_added(java.lang.String)
20:17:06.475 [AsyncHttpClient-1-25] DEBUG org.asynchttpclient.netty.handler.WebSocketHandler - Channel Closed: [id: 0xa66499f5, L:/127.0.0.1:63539 ! R:localhost/127.0.0.1:63532] with attribute DISCARD
20:17:06.475 [Driver Command Executor] DEBUG org.asynchttpclient.netty.request.NettyRequestSender - Using pooled Channel '[id: 0x8030de5c, L:/127.0.0.1:63530 - R:localhost/127.0.0.1:26405]' for 'DELETE' to 'http://localhost:26405/session/ec12cb9888709f60694a2f4415f6a316'
20:17:06.475 [Driver Command Executor] DEBUG org.asynchttpclient.netty.request.NettyRequestSender - Using open Channel [id: 0x8030de5c, L:/127.0.0.1:63530 - R:localhost/127.0.0.1:26405] for DELETE '/session/ec12cb9888709f60694a2f4415f6a316'
20:17:06.553 [AsyncHttpClient-1-24] DEBUG org.asynchttpclient.netty.handler.HttpHandler - Unexpected I/O exception on channel [id: 0x94843c5c, L:/127.0.0.1:63538 - R:localhost/127.0.0.1:63532]
java.net.SocketException: Connection reset
	at java.base/sun.nio.ch.SocketChannelImpl.throwConnectionReset(SocketChannelImpl.java:394)
	at java.base/sun.nio.ch.SocketChannelImpl.read(SocketChannelImpl.java:426)
	at io.netty.buffer.PooledByteBuf.setBytes(PooledByteBuf.java:254)
	at io.netty.buffer.AbstractByteBuf.writeBytes(AbstractByteBuf.java:1132)
	at io.netty.channel.socket.nio.NioSocketChannel.doReadBytes(NioSocketChannel.java:357)
	at io.netty.channel.nio.AbstractNioByteChannel$NioByteUnsafe.read(AbstractNioByteChannel.java:151)
	at io.netty.channel.nio.NioEventLoop.processSelectedKey(NioEventLoop.java:788)
	at io.netty.channel.nio.NioEventLoop.processSelectedKeysOptimized(NioEventLoop.java:724)
	at io.netty.channel.nio.NioEventLoop.processSelectedKeys(NioEventLoop.java:650)
	at io.netty.channel.nio.NioEventLoop.run(NioEventLoop.java:562)
	at io.netty.util.concurrent.SingleThreadEventExecutor$4.run(SingleThreadEventExecutor.java:997)
	at io.netty.util.internal.ThreadExecutorMap$2.run(ThreadExecutorMap.java:74)
	at io.netty.util.concurrent.FastThreadLocalRunnable.run(FastThreadLocalRunnable.java:30)
	at java.base/java.lang.Thread.run(Thread.java:840)
20:17:06.553 [AsyncHttpClient-1-24] DEBUG org.asynchttpclient.netty.channel.ChannelManager - Closing Channel [id: 0x94843c5c, L:/127.0.0.1:63538 - R:localhost/127.0.0.1:63532] 
20:17:06.553 [AsyncHttpClient-1-24] DEBUG org.asynchttpclient.netty.handler.HttpHandler - Channel Closed: [id: 0x94843c5c, L:/127.0.0.1:63538 ! R:localhost/127.0.0.1:63532] with attribute DISCARD
20:17:06.585 [AsyncHttpClient-1-23] DEBUG org.asynchttpclient.netty.handler.HttpHandler - 

Request DefaultFullHttpRequest(decodeResult: success, version: HTTP/1.1, content: EmptyByteBufBE)
DELETE /session/ec12cb9888709f60694a2f4415f6a316 HTTP/1.1
User-Agent: selenium/4.12.0 (java windows)
Content-Type: application/json; charset=utf-8
host: localhost:26405
accept: */*

Response DefaultHttpResponse(decodeResult: success, version: HTTP/1.1)
HTTP/1.1 200 OK
Content-Length: 14
Content-Type: application/json; charset=utf-8
cache-control: no-cache

20:17:06.585 [AsyncHttpClient-1-23] DEBUG org.asynchttpclient.netty.channel.ChannelManager - Adding key: http://localhost:26405 for channel [id: 0x8030de5c, L:/127.0.0.1:63530 - R:localhost/127.0.0.1:26405]
20:17:06.946 [AsyncHttpClient-1-23] DEBUG org.asynchttpclient.netty.handler.HttpHandler - Channel Closed: [id: 0x8030de5c, L:/127.0.0.1:63530 ! R:localhost/127.0.0.1:26405] with attribute DISCARD
  And Close_Window                                            # StepDefination.Customer_onboarding.close_window()
      java.lang.NullPointerException: Cannot invoke "org.openqa.selenium.WebDriver.quit()" because "this.Idriver" is null
	at PageObjects.Base_class.close_window(Base_class.java:52)
	at StepDefination.Signin.close_window(Signin.java:119)
	at StepDefination.My_Load.AfterAll(My_Load.java:144)

]]></system-out>
    <system-err><![CDATA[Jan 18, 2025 8:16:48 PM org.openqa.selenium.devtools.CdpVersionFinder findNearestMatch
WARNING: Unable to find CDP implementation matching 131
Jan 18, 2025 8:16:48 PM org.openqa.selenium.chromium.ChromiumDriver lambda$new$5
WARNING: Unable to find version of CDP to use for 131.0.6778.265. You may need to include a dependency on a specific version of the CDP using something similar to `org.seleniumhq.selenium:selenium-devtools-v86:4.12.0` where the version ("v86") matches the version of the chromium-based browser you're using and the version number of the artifact is the same as Selenium's.
]]></system-err>
  </testcase>
  <testcase name="Add Extra address" classname="Customer Onboarding form for Broker" time="20.496">
    <error message="no such element: Unable to locate element: {&quot;method&quot;:&quot;xpath&quot;,&quot;selector&quot;:&quot;//div[@class=&apos;h-full overflow-x-hidden overflow-y-scroll relative grow p-6&apos;]//input[@placeholder=&apos;Enter street name&apos;]&quot;}&#10;  (Session info: chrome=131.0.6778.265)&#10;For documentation on this error, please visit: https://www.selenium.dev/documentation/webdriver/troubleshooting/errors#no-such-element-exception&#10;Build info: version: &apos;4.12.0&apos;, revision: &apos;249f2a7d1b*&apos;&#10;System info: os.name: &apos;Windows 11&apos;, os.arch: &apos;amd64&apos;, os.version: &apos;10.0&apos;, java.version: &apos;17.0.11&apos;&#10;Driver info: org.openqa.selenium.chrome.ChromeDriver&#10;Command: [01514487ab659c439176413635aa551f, findElement {using=xpath, value=//div[@class=&apos;h-full overflow-x-hidden overflow-y-scroll relative grow p-6&apos;]//input[@placeholder=&apos;Enter street name&apos;]}]&#10;Capabilities {acceptInsecureCerts: false, browserName: chrome, browserVersion: 131.0.6778.265, chrome: {chromedriverVersion: 131.0.6778.204 (52183f9e99a..., userDataDir: C:\Users\ANIKET~1\AppData\L...}, fedcm:accounts: true, goog:chromeOptions: {debuggerAddress: localhost:63569}, networkConnectionEnabled: false, pageLoadStrategy: normal, platformName: windows, proxy: Proxy(), se:cdp: ws://localhost:63569/devtoo..., se:cdpVersion: 131.0.6778.265, setWindowRect: true, strictFileInteractability: false, timeouts: {implicit: 0, pageLoad: 300000, script: 30000}, unhandledPromptBehavior: dismiss and notify, webauthn:extension:credBlob: true, webauthn:extension:largeBlob: true, webauthn:extension:minPinLength: true, webauthn:extension:prf: true, webauthn:virtualAuthenticators: true}&#10;Session ID: 01514487ab659c439176413635aa551f" type="org.openqa.selenium.NoSuchElementException"><![CDATA[org.openqa.selenium.NoSuchElementException: 
no such element: Unable to locate element: {"method":"xpath","selector":"//div[@class='h-full overflow-x-hidden overflow-y-scroll relative grow p-6']//input[@placeholder='Enter street name']"}
  (Session info: chrome=131.0.6778.265)
For documentation on this error, please visit: https://www.selenium.dev/documentation/webdriver/troubleshooting/errors#no-such-element-exception
Build info: version: '4.12.0', revision: '249f2a7d1b*'
System info: os.name: 'Windows 11', os.arch: 'amd64', os.version: '10.0', java.version: '17.0.11'
Driver info: org.openqa.selenium.chrome.ChromeDriver
Command: [01514487ab659c439176413635aa551f, findElement {using=xpath, value=//div[@class='h-full overflow-x-hidden overflow-y-scroll relative grow p-6']//input[@placeholder='Enter street name']}]
Capabilities {acceptInsecureCerts: false, browserName: chrome, browserVersion: 131.0.6778.265, chrome: {chromedriverVersion: 131.0.6778.204 (52183f9e99a..., userDataDir: C:\Users\ANIKET~1\AppData\L...}, fedcm:accounts: true, goog:chromeOptions: {debuggerAddress: localhost:63569}, networkConnectionEnabled: false, pageLoadStrategy: normal, platformName: windows, proxy: Proxy(), se:cdp: ws://localhost:63569/devtoo..., se:cdpVersion: 131.0.6778.265, setWindowRect: true, strictFileInteractability: false, timeouts: {implicit: 0, pageLoad: 300000, script: 30000}, unhandledPromptBehavior: dismiss and notify, webauthn:extension:credBlob: true, webauthn:extension:largeBlob: true, webauthn:extension:minPinLength: true, webauthn:extension:prf: true, webauthn:virtualAuthenticators: true}
Session ID: 01514487ab659c439176413635aa551f
	at java.base/jdk.internal.reflect.NativeConstructorAccessorImpl.newInstance0(Native Method)
	at java.base/jdk.internal.reflect.NativeConstructorAccessorImpl.newInstance(NativeConstructorAccessorImpl.java:77)
	at java.base/jdk.internal.reflect.DelegatingConstructorAccessorImpl.newInstance(DelegatingConstructorAccessorImpl.java:45)
	at java.base/java.lang.reflect.Constructor.newInstanceWithCaller(Constructor.java:499)
	at java.base/java.lang.reflect.Constructor.newInstance(Constructor.java:480)
	at org.openqa.selenium.remote.codec.w3c.W3CHttpResponseCodec.createException(W3CHttpResponseCodec.java:200)
	at org.openqa.selenium.remote.codec.w3c.W3CHttpResponseCodec.decode(W3CHttpResponseCodec.java:133)
	at org.openqa.selenium.remote.codec.w3c.W3CHttpResponseCodec.decode(W3CHttpResponseCodec.java:52)
	at org.openqa.selenium.remote.HttpCommandExecutor.execute(HttpCommandExecutor.java:191)
	at org.openqa.selenium.remote.service.DriverCommandExecutor.invokeExecute(DriverCommandExecutor.java:196)
	at org.openqa.selenium.remote.service.DriverCommandExecutor.execute(DriverCommandExecutor.java:171)
	at org.openqa.selenium.remote.RemoteWebDriver.execute(RemoteWebDriver.java:602)
	at org.openqa.selenium.remote.ElementLocation$ElementFinder$2.findElement(ElementLocation.java:165)
	at org.openqa.selenium.remote.ElementLocation.findElement(ElementLocation.java:59)
	at org.openqa.selenium.remote.RemoteWebDriver.findElement(RemoteWebDriver.java:359)
	at org.openqa.selenium.remote.RemoteWebDriver.findElement(RemoteWebDriver.java:353)
	at org.openqa.selenium.support.pagefactory.DefaultElementLocator.findElement(DefaultElementLocator.java:68)
	at org.openqa.selenium.support.pagefactory.internal.LocatingElementHandler.invoke(LocatingElementHandler.java:38)
	at jdk.proxy2/jdk.proxy2.$Proxy24.sendKeys(Unknown Source)
	at PageObjects.Customer_objects.New_Enter_address(Customer_objects.java:206)
	at StepDefination.Customer_onboarding.Add_new_addrest_details(Customer_onboarding.java:120)
	at ✽.Add_new_address_detailsMain_street001 YK FL 987678 USA(file:///C:/Users/Aniket%20Satpute/eclipse-workspace/FleetProject/src/test/resources/Customers/Customer_form.feature:75)
]]></error>
    <system-out><![CDATA[
Scenario Outline: Add Extra address                                        # src/test/resources/Customers/Customer_form.feature:82
20:17:07.292 [AsyncHttpClient-1-2] DEBUG org.asynchttpclient.netty.channel.NettyConnectListener - Using new Channel '[id: 0x1710d0e1, L:/127.0.0.1:63568 - R:localhost/127.0.0.1:19589]' for 'POST' to '/session'
20:17:07.340 [AsyncHttpClient-1-1] DEBUG org.asynchttpclient.netty.channel.DefaultChannelPool - Entry count for : http://localhost:63532 : 1
20:17:07.340 [AsyncHttpClient-1-1] DEBUG org.asynchttpclient.netty.channel.DefaultChannelPool - Entry count for : http://localhost:26405 : 1
20:17:07.340 [AsyncHttpClient-1-1] DEBUG org.asynchttpclient.netty.channel.DefaultChannelPool - Adding Candidate expired Channel [id: 0x94843c5c, L:/127.0.0.1:63538 ! R:localhost/127.0.0.1:63532] isIdleTimeoutExpired=false isRemotelyClosed=true isTtlExpired=false
20:17:07.340 [AsyncHttpClient-1-1] DEBUG org.asynchttpclient.netty.channel.DefaultChannelPool - Closing Idle Channel [id: 0x94843c5c, L:/127.0.0.1:63538 ! R:localhost/127.0.0.1:63532]
20:17:07.340 [AsyncHttpClient-1-1] DEBUG org.asynchttpclient.netty.channel.DefaultChannelPool - Adding Candidate expired Channel [id: 0x8030de5c, L:/127.0.0.1:63530 ! R:localhost/127.0.0.1:26405] isIdleTimeoutExpired=false isRemotelyClosed=true isTtlExpired=false
20:17:07.340 [AsyncHttpClient-1-1] DEBUG org.asynchttpclient.netty.channel.DefaultChannelPool - Closing Idle Channel [id: 0x8030de5c, L:/127.0.0.1:63530 ! R:localhost/127.0.0.1:26405]
20:17:07.340 [AsyncHttpClient-1-1] DEBUG org.asynchttpclient.netty.channel.DefaultChannelPool - Closed 2 connections out of 2 in 0 ms
20:17:07.995 [AsyncHttpClient-1-2] DEBUG org.asynchttpclient.netty.handler.HttpHandler - 

Request DefaultHttpRequest(decodeResult: success, version: HTTP/1.1)
POST /session HTTP/1.1
User-Agent: selenium/4.12.0 (java windows)
Content-Length: 254
Content-Type: application/json; charset=utf-8
host: localhost:19589
accept: */*

Response DefaultHttpResponse(decodeResult: success, version: HTTP/1.1)
HTTP/1.1 200 OK
Content-Length: 888
Content-Type: application/json; charset=utf-8
cache-control: no-cache

20:17:07.995 [AsyncHttpClient-1-2] DEBUG org.asynchttpclient.netty.channel.ChannelManager - Adding key: http://localhost:19589 for channel [id: 0x1710d0e1, L:/127.0.0.1:63568 - R:localhost/127.0.0.1:19589]
20:17:08.003 [AsyncHttpClient-1-3] DEBUG org.asynchttpclient.netty.channel.NettyConnectListener - Using new Channel '[id: 0x576e3e75, L:/127.0.0.1:63575 - R:localhost/127.0.0.1:63569]' for 'GET' to '/json/version'
20:17:08.003 [AsyncHttpClient-1-3] DEBUG org.asynchttpclient.netty.handler.HttpHandler - 

Request DefaultFullHttpRequest(decodeResult: success, version: HTTP/1.1, content: EmptyByteBufBE)
GET /json/version HTTP/1.1
User-Agent: selenium/4.12.0 (java windows)
host: localhost:63569
accept: */*

Response DefaultHttpResponse(decodeResult: success, version: HTTP/1.1)
HTTP/1.1 200 OK
Content-Security-Policy: frame-ancestors 'none'
Content-Length: 424
Content-Type: application/json; charset=UTF-8

20:17:08.003 [AsyncHttpClient-1-3] DEBUG org.asynchttpclient.netty.channel.ChannelManager - Adding key: http://localhost:63569 for channel [id: 0x576e3e75, L:/127.0.0.1:63575 - R:localhost/127.0.0.1:63569]
20:17:08.018 [AsyncHttpClient-1-4] DEBUG org.asynchttpclient.netty.channel.NettyConnectListener - Using new Channel '[id: 0x43d1ed69, L:/127.0.0.1:63576 - R:localhost/127.0.0.1:63569]' for 'GET' to '/devtools/browser/02185635-6918-4d90-9d16-719d6dd95723'
20:17:08.019 [AsyncHttpClient-1-4] DEBUG org.asynchttpclient.netty.handler.WebSocketHandler - 

Request DefaultFullHttpRequest(decodeResult: success, version: HTTP/1.1, content: EmptyByteBufBE)
GET /devtools/browser/02185635-6918-4d90-9d16-719d6dd95723 HTTP/1.1
upgrade: websocket
connection: upgrade
sec-websocket-key: e71PQLiz1uIKV3JnWLHQtw==
sec-websocket-version: 13
origin: http://localhost:63569
host: localhost:63569
accept: */*
user-agent: AHC/2.1

Response DefaultHttpResponse(decodeResult: success, version: HTTP/1.1)
HTTP/1.1 101 WebSocket Protocol Handshake
Upgrade: WebSocket
Connection: Upgrade
Sec-WebSocket-Accept: YykuEfs016kBM5XRhvJKBzhwxfs=

20:17:08.024 [Forwarding get on session 01514487ab659c439176413635aa551f to remote] DEBUG org.asynchttpclient.netty.request.NettyRequestSender - Using pooled Channel '[id: 0x1710d0e1, L:/127.0.0.1:63568 - R:localhost/127.0.0.1:19589]' for 'POST' to 'http://localhost:19589/session/01514487ab659c439176413635aa551f/url'
20:17:08.024 [Forwarding get on session 01514487ab659c439176413635aa551f to remote] DEBUG org.asynchttpclient.netty.request.NettyRequestSender - Using open Channel [id: 0x1710d0e1, L:/127.0.0.1:63568 - R:localhost/127.0.0.1:19589] for POST '/session/01514487ab659c439176413635aa551f/url'
20:17:08.437 [AsyncHttpClient-1-1] DEBUG org.asynchttpclient.netty.channel.DefaultChannelPool - Entry count for : http://localhost:63569 : 1
20:17:09.226 [AsyncHttpClient-1-2] DEBUG org.asynchttpclient.netty.handler.HttpHandler - 

Request DefaultHttpRequest(decodeResult: success, version: HTTP/1.1)
POST /session/01514487ab659c439176413635aa551f/url HTTP/1.1
User-Agent: selenium/4.12.0 (java windows)
Content-Length: 92
Content-Type: application/json; charset=utf-8
host: localhost:19589
accept: */*

Response DefaultHttpResponse(decodeResult: success, version: HTTP/1.1)
HTTP/1.1 200 OK
Content-Length: 14
Content-Type: application/json; charset=utf-8
cache-control: no-cache

20:17:09.226 [AsyncHttpClient-1-2] DEBUG org.asynchttpclient.netty.channel.ChannelManager - Adding key: http://localhost:19589 for channel [id: 0x1710d0e1, L:/127.0.0.1:63568 - R:localhost/127.0.0.1:19589]
20:17:09.226 [Forwarding maximizeCurrentWindow on session 01514487ab659c439176413635aa551f to remote] DEBUG org.asynchttpclient.netty.request.NettyRequestSender - Using pooled Channel '[id: 0x1710d0e1, L:/127.0.0.1:63568 - R:localhost/127.0.0.1:19589]' for 'POST' to 'http://localhost:19589/session/01514487ab659c439176413635aa551f/window/maximize'
20:17:09.226 [Forwarding maximizeCurrentWindow on session 01514487ab659c439176413635aa551f to remote] DEBUG org.asynchttpclient.netty.request.NettyRequestSender - Using open Channel [id: 0x1710d0e1, L:/127.0.0.1:63568 - R:localhost/127.0.0.1:19589] for POST '/session/01514487ab659c439176413635aa551f/window/maximize'
20:17:09.255 [AsyncHttpClient-1-2] DEBUG org.asynchttpclient.netty.handler.HttpHandler - 

Request DefaultHttpRequest(decodeResult: success, version: HTTP/1.1)
POST /session/01514487ab659c439176413635aa551f/window/maximize HTTP/1.1
User-Agent: selenium/4.12.0 (java windows)
Content-Length: 3
Content-Type: application/json; charset=utf-8
host: localhost:19589
accept: */*

Response DefaultHttpResponse(decodeResult: success, version: HTTP/1.1)
HTTP/1.1 200 OK
Content-Length: 51
Content-Type: application/json; charset=utf-8
cache-control: no-cache

20:17:09.255 [AsyncHttpClient-1-2] DEBUG org.asynchttpclient.netty.channel.ChannelManager - Adding key: http://localhost:19589 for channel [id: 0x1710d0e1, L:/127.0.0.1:63568 - R:localhost/127.0.0.1:19589]
20:17:09.255 [Forwarding findElement on session 01514487ab659c439176413635aa551f to remote] DEBUG org.asynchttpclient.netty.request.NettyRequestSender - Using pooled Channel '[id: 0x1710d0e1, L:/127.0.0.1:63568 - R:localhost/127.0.0.1:19589]' for 'POST' to 'http://localhost:19589/session/01514487ab659c439176413635aa551f/element'
20:17:09.255 [Forwarding findElement on session 01514487ab659c439176413635aa551f to remote] DEBUG org.asynchttpclient.netty.request.NettyRequestSender - Using open Channel [id: 0x1710d0e1, L:/127.0.0.1:63568 - R:localhost/127.0.0.1:19589] for POST '/session/01514487ab659c439176413635aa551f/element'
20:17:09.275 [AsyncHttpClient-1-2] DEBUG org.asynchttpclient.netty.handler.HttpHandler - 

Request DefaultHttpRequest(decodeResult: success, version: HTTP/1.1)
POST /session/01514487ab659c439176413635aa551f/element HTTP/1.1
User-Agent: selenium/4.12.0 (java windows)
Content-Length: 69
Content-Type: application/json; charset=utf-8
host: localhost:19589
accept: */*

Response DefaultHttpResponse(decodeResult: success, version: HTTP/1.1)
HTTP/1.1 200 OK
Content-Length: 125
Content-Type: application/json; charset=utf-8
cache-control: no-cache

20:17:09.275 [AsyncHttpClient-1-2] DEBUG org.asynchttpclient.netty.channel.ChannelManager - Adding key: http://localhost:19589 for channel [id: 0x1710d0e1, L:/127.0.0.1:63568 - R:localhost/127.0.0.1:19589]
20:17:09.275 [Forwarding sendKeysToElement on session 01514487ab659c439176413635aa551f to remote] DEBUG org.asynchttpclient.netty.request.NettyRequestSender - Using pooled Channel '[id: 0x1710d0e1, L:/127.0.0.1:63568 - R:localhost/127.0.0.1:19589]' for 'POST' to 'http://localhost:19589/session/01514487ab659c439176413635aa551f/element/f.633A1AB8BC7C3ACADAC8B4CABEC273A3.d.ACA349B9BA313743478CC7F5608FE25E.e.4/value'
20:17:09.275 [Forwarding sendKeysToElement on session 01514487ab659c439176413635aa551f to remote] DEBUG org.asynchttpclient.netty.request.NettyRequestSender - Using open Channel [id: 0x1710d0e1, L:/127.0.0.1:63568 - R:localhost/127.0.0.1:19589] for POST '/session/01514487ab659c439176413635aa551f/element/f.633A1AB8BC7C3ACADAC8B4CABEC273A3.d.ACA349B9BA313743478CC7F5608FE25E.e.4/value'
20:17:09.369 [AsyncHttpClient-1-2] DEBUG org.asynchttpclient.netty.handler.HttpHandler - 

Request DefaultHttpRequest(decodeResult: success, version: HTTP/1.1)
POST /session/01514487ab659c439176413635aa551f/element/f.633A1AB8BC7C3ACADAC8B4CABEC273A3.d.ACA349B9BA313743478CC7F5608FE25E.e.4/value HTTP/1.1
User-Agent: selenium/4.12.0 (java windows)
Content-Length: 338
Content-Type: application/json; charset=utf-8
host: localhost:19589
accept: */*

Response DefaultHttpResponse(decodeResult: success, version: HTTP/1.1)
HTTP/1.1 200 OK
Content-Length: 14
Content-Type: application/json; charset=utf-8
cache-control: no-cache

20:17:09.369 [AsyncHttpClient-1-2] DEBUG org.asynchttpclient.netty.channel.ChannelManager - Adding key: http://localhost:19589 for channel [id: 0x1710d0e1, L:/127.0.0.1:63568 - R:localhost/127.0.0.1:19589]
20:17:09.369 [Forwarding findElement on session 01514487ab659c439176413635aa551f to remote] DEBUG org.asynchttpclient.netty.request.NettyRequestSender - Using pooled Channel '[id: 0x1710d0e1, L:/127.0.0.1:63568 - R:localhost/127.0.0.1:19589]' for 'POST' to 'http://localhost:19589/session/01514487ab659c439176413635aa551f/element'
20:17:09.369 [Forwarding findElement on session 01514487ab659c439176413635aa551f to remote] DEBUG org.asynchttpclient.netty.request.NettyRequestSender - Using open Channel [id: 0x1710d0e1, L:/127.0.0.1:63568 - R:localhost/127.0.0.1:19589] for POST '/session/01514487ab659c439176413635aa551f/element'
20:17:09.370 [AsyncHttpClient-1-2] DEBUG org.asynchttpclient.netty.handler.HttpHandler - 

Request DefaultHttpRequest(decodeResult: success, version: HTTP/1.1)
POST /session/01514487ab659c439176413635aa551f/element HTTP/1.1
User-Agent: selenium/4.12.0 (java windows)
Content-Length: 72
Content-Type: application/json; charset=utf-8
host: localhost:19589
accept: */*

Response DefaultHttpResponse(decodeResult: success, version: HTTP/1.1)
HTTP/1.1 200 OK
Content-Length: 125
Content-Type: application/json; charset=utf-8
cache-control: no-cache

20:17:09.370 [AsyncHttpClient-1-2] DEBUG org.asynchttpclient.netty.channel.ChannelManager - Adding key: http://localhost:19589 for channel [id: 0x1710d0e1, L:/127.0.0.1:63568 - R:localhost/127.0.0.1:19589]
20:17:09.370 [Forwarding sendKeysToElement on session 01514487ab659c439176413635aa551f to remote] DEBUG org.asynchttpclient.netty.request.NettyRequestSender - Using pooled Channel '[id: 0x1710d0e1, L:/127.0.0.1:63568 - R:localhost/127.0.0.1:19589]' for 'POST' to 'http://localhost:19589/session/01514487ab659c439176413635aa551f/element/f.633A1AB8BC7C3ACADAC8B4CABEC273A3.d.ACA349B9BA313743478CC7F5608FE25E.e.6/value'
20:17:09.370 [Forwarding sendKeysToElement on session 01514487ab659c439176413635aa551f to remote] DEBUG org.asynchttpclient.netty.request.NettyRequestSender - Using open Channel [id: 0x1710d0e1, L:/127.0.0.1:63568 - R:localhost/127.0.0.1:19589] for POST '/session/01514487ab659c439176413635aa551f/element/f.633A1AB8BC7C3ACADAC8B4CABEC273A3.d.ACA349B9BA313743478CC7F5608FE25E.e.6/value'
20:17:09.424 [AsyncHttpClient-1-2] DEBUG org.asynchttpclient.netty.handler.HttpHandler - 

Request DefaultHttpRequest(decodeResult: success, version: HTTP/1.1)
POST /session/01514487ab659c439176413635aa551f/element/f.633A1AB8BC7C3ACADAC8B4CABEC273A3.d.ACA349B9BA313743478CC7F5608FE25E.e.6/value HTTP/1.1
User-Agent: selenium/4.12.0 (java windows)
Content-Length: 208
Content-Type: application/json; charset=utf-8
host: localhost:19589
accept: */*

Response DefaultHttpResponse(decodeResult: success, version: HTTP/1.1)
HTTP/1.1 200 OK
Content-Length: 14
Content-Type: application/json; charset=utf-8
cache-control: no-cache

20:17:09.424 [AsyncHttpClient-1-2] DEBUG org.asynchttpclient.netty.channel.ChannelManager - Adding key: http://localhost:19589 for channel [id: 0x1710d0e1, L:/127.0.0.1:63568 - R:localhost/127.0.0.1:19589]
20:17:09.430 [Forwarding findElement on session 01514487ab659c439176413635aa551f to remote] DEBUG org.asynchttpclient.netty.request.NettyRequestSender - Using pooled Channel '[id: 0x1710d0e1, L:/127.0.0.1:63568 - R:localhost/127.0.0.1:19589]' for 'POST' to 'http://localhost:19589/session/01514487ab659c439176413635aa551f/element'
20:17:09.430 [Forwarding findElement on session 01514487ab659c439176413635aa551f to remote] DEBUG org.asynchttpclient.netty.request.NettyRequestSender - Using open Channel [id: 0x1710d0e1, L:/127.0.0.1:63568 - R:localhost/127.0.0.1:19589] for POST '/session/01514487ab659c439176413635aa551f/element'
20:17:09.438 [AsyncHttpClient-1-2] DEBUG org.asynchttpclient.netty.handler.HttpHandler - 

Request DefaultHttpRequest(decodeResult: success, version: HTTP/1.1)
POST /session/01514487ab659c439176413635aa551f/element HTTP/1.1
User-Agent: selenium/4.12.0 (java windows)
Content-Length: 73
Content-Type: application/json; charset=utf-8
host: localhost:19589
accept: */*

Response DefaultHttpResponse(decodeResult: success, version: HTTP/1.1)
HTTP/1.1 200 OK
Content-Length: 125
Content-Type: application/json; charset=utf-8
cache-control: no-cache

20:17:09.438 [AsyncHttpClient-1-2] DEBUG org.asynchttpclient.netty.channel.ChannelManager - Adding key: http://localhost:19589 for channel [id: 0x1710d0e1, L:/127.0.0.1:63568 - R:localhost/127.0.0.1:19589]
20:17:09.438 [Forwarding clickElement on session 01514487ab659c439176413635aa551f to remote] DEBUG org.asynchttpclient.netty.request.NettyRequestSender - Using pooled Channel '[id: 0x1710d0e1, L:/127.0.0.1:63568 - R:localhost/127.0.0.1:19589]' for 'POST' to 'http://localhost:19589/session/01514487ab659c439176413635aa551f/element/f.633A1AB8BC7C3ACADAC8B4CABEC273A3.d.ACA349B9BA313743478CC7F5608FE25E.e.8/click'
20:17:09.438 [Forwarding clickElement on session 01514487ab659c439176413635aa551f to remote] DEBUG org.asynchttpclient.netty.request.NettyRequestSender - Using open Channel [id: 0x1710d0e1, L:/127.0.0.1:63568 - R:localhost/127.0.0.1:19589] for POST '/session/01514487ab659c439176413635aa551f/element/f.633A1AB8BC7C3ACADAC8B4CABEC273A3.d.ACA349B9BA313743478CC7F5608FE25E.e.8/click'
20:17:09.470 [AsyncHttpClient-1-2] DEBUG org.asynchttpclient.netty.handler.HttpHandler - 

Request DefaultHttpRequest(decodeResult: success, version: HTTP/1.1)
POST /session/01514487ab659c439176413635aa551f/element/f.633A1AB8BC7C3ACADAC8B4CABEC273A3.d.ACA349B9BA313743478CC7F5608FE25E.e.8/click HTTP/1.1
User-Agent: selenium/4.12.0 (java windows)
Content-Length: 87
Content-Type: application/json; charset=utf-8
host: localhost:19589
accept: */*

Response DefaultHttpResponse(decodeResult: success, version: HTTP/1.1)
HTTP/1.1 200 OK
Content-Length: 14
Content-Type: application/json; charset=utf-8
cache-control: no-cache

20:17:09.470 [AsyncHttpClient-1-2] DEBUG org.asynchttpclient.netty.channel.ChannelManager - Adding key: http://localhost:19589 for channel [id: 0x1710d0e1, L:/127.0.0.1:63568 - R:localhost/127.0.0.1:19589]
20:17:09.534 [AsyncHttpClient-1-1] DEBUG org.asynchttpclient.netty.channel.DefaultChannelPool - Entry count for : http://localhost:19589 : 1
20:17:09.534 [AsyncHttpClient-1-1] DEBUG org.asynchttpclient.netty.channel.DefaultChannelPool - Entry count for : http://localhost:63569 : 1
20:17:10.639 [AsyncHttpClient-1-1] DEBUG org.asynchttpclient.netty.channel.DefaultChannelPool - Entry count for : http://localhost:19589 : 1
20:17:10.639 [AsyncHttpClient-1-1] DEBUG org.asynchttpclient.netty.channel.DefaultChannelPool - Entry count for : http://localhost:63569 : 1
20:17:11.739 [AsyncHttpClient-1-1] DEBUG org.asynchttpclient.netty.channel.DefaultChannelPool - Entry count for : http://localhost:19589 : 1
20:17:11.739 [AsyncHttpClient-1-1] DEBUG org.asynchttpclient.netty.channel.DefaultChannelPool - Entry count for : http://localhost:63569 : 1
20:17:12.827 [AsyncHttpClient-1-1] DEBUG org.asynchttpclient.netty.channel.DefaultChannelPool - Entry count for : http://localhost:19589 : 1
20:17:12.827 [AsyncHttpClient-1-1] DEBUG org.asynchttpclient.netty.channel.DefaultChannelPool - Entry count for : http://localhost:63569 : 1
20:17:13.930 [AsyncHttpClient-1-1] DEBUG org.asynchttpclient.netty.channel.DefaultChannelPool - Entry count for : http://localhost:19589 : 1
20:17:13.930 [AsyncHttpClient-1-1] DEBUG org.asynchttpclient.netty.channel.DefaultChannelPool - Entry count for : http://localhost:63569 : 1
20:17:14.496 [Forwarding getCurrentUrl on session 01514487ab659c439176413635aa551f to remote] DEBUG org.asynchttpclient.netty.request.NettyRequestSender - Using pooled Channel '[id: 0x1710d0e1, L:/127.0.0.1:63568 - R:localhost/127.0.0.1:19589]' for 'GET' to 'http://localhost:19589/session/01514487ab659c439176413635aa551f/url'
20:17:14.496 [Forwarding getCurrentUrl on session 01514487ab659c439176413635aa551f to remote] DEBUG org.asynchttpclient.netty.request.NettyRequestSender - Using open Channel [id: 0x1710d0e1, L:/127.0.0.1:63568 - R:localhost/127.0.0.1:19589] for GET '/session/01514487ab659c439176413635aa551f/url'
20:17:14.496 [AsyncHttpClient-1-2] DEBUG org.asynchttpclient.netty.handler.HttpHandler - 

Request DefaultFullHttpRequest(decodeResult: success, version: HTTP/1.1, content: EmptyByteBufBE)
GET /session/01514487ab659c439176413635aa551f/url HTTP/1.1
Cache-Control: no-cache
User-Agent: selenium/4.12.0 (java windows)
Content-Type: application/json; charset=utf-8
host: localhost:19589
accept: */*

Response DefaultHttpResponse(decodeResult: success, version: HTTP/1.1)
HTTP/1.1 200 OK
Content-Length: 69
Content-Type: application/json; charset=utf-8
cache-control: no-cache

20:17:14.496 [AsyncHttpClient-1-2] DEBUG org.asynchttpclient.netty.channel.ChannelManager - Adding key: http://localhost:19589 for channel [id: 0x1710d0e1, L:/127.0.0.1:63568 - R:localhost/127.0.0.1:19589]
https://fleet-manager-development.vercel.app/auth/sign-in
20:17:14.496 [Forwarding findElement on session 01514487ab659c439176413635aa551f to remote] DEBUG org.asynchttpclient.netty.request.NettyRequestSender - Using pooled Channel '[id: 0x1710d0e1, L:/127.0.0.1:63568 - R:localhost/127.0.0.1:19589]' for 'POST' to 'http://localhost:19589/session/01514487ab659c439176413635aa551f/element'
20:17:14.496 [Forwarding findElement on session 01514487ab659c439176413635aa551f to remote] DEBUG org.asynchttpclient.netty.request.NettyRequestSender - Using open Channel [id: 0x1710d0e1, L:/127.0.0.1:63568 - R:localhost/127.0.0.1:19589] for POST '/session/01514487ab659c439176413635aa551f/element'
20:17:14.511 [AsyncHttpClient-1-2] DEBUG org.asynchttpclient.netty.handler.HttpHandler - 

Request DefaultHttpRequest(decodeResult: success, version: HTTP/1.1)
POST /session/01514487ab659c439176413635aa551f/element HTTP/1.1
User-Agent: selenium/4.12.0 (java windows)
Content-Length: 66
Content-Type: application/json; charset=utf-8
host: localhost:19589
accept: */*

Response DefaultHttpResponse(decodeResult: success, version: HTTP/1.1)
HTTP/1.1 200 OK
Content-Length: 126
Content-Type: application/json; charset=utf-8
cache-control: no-cache

20:17:14.511 [AsyncHttpClient-1-2] DEBUG org.asynchttpclient.netty.channel.ChannelManager - Adding key: http://localhost:19589 for channel [id: 0x1710d0e1, L:/127.0.0.1:63568 - R:localhost/127.0.0.1:19589]
20:17:14.511 [Forwarding isElementDisplayed on session 01514487ab659c439176413635aa551f to remote] DEBUG org.asynchttpclient.netty.request.NettyRequestSender - Using pooled Channel '[id: 0x1710d0e1, L:/127.0.0.1:63568 - R:localhost/127.0.0.1:19589]' for 'POST' to 'http://localhost:19589/session/01514487ab659c439176413635aa551f/execute/sync'
20:17:14.511 [Forwarding isElementDisplayed on session 01514487ab659c439176413635aa551f to remote] DEBUG org.asynchttpclient.netty.request.NettyRequestSender - Using open Channel [id: 0x1710d0e1, L:/127.0.0.1:63568 - R:localhost/127.0.0.1:19589] for POST '/session/01514487ab659c439176413635aa551f/execute/sync'
20:17:14.527 [AsyncHttpClient-1-2] DEBUG org.asynchttpclient.netty.handler.HttpHandler - 

Request DefaultHttpRequest(decodeResult: success, version: HTTP/1.1)
POST /session/01514487ab659c439176413635aa551f/execute/sync HTTP/1.1
User-Agent: selenium/4.12.0 (java windows)
Content-Length: 48734
Content-Type: application/json; charset=utf-8
host: localhost:19589
accept: */*

Response DefaultHttpResponse(decodeResult: success, version: HTTP/1.1)
HTTP/1.1 200 OK
Content-Length: 14
Content-Type: application/json; charset=utf-8
cache-control: no-cache

20:17:14.527 [AsyncHttpClient-1-2] DEBUG org.asynchttpclient.netty.channel.ChannelManager - Adding key: http://localhost:19589 for channel [id: 0x1710d0e1, L:/127.0.0.1:63568 - R:localhost/127.0.0.1:19589]
20:17:14.527 [Forwarding findElement on session 01514487ab659c439176413635aa551f to remote] DEBUG org.asynchttpclient.netty.request.NettyRequestSender - Using pooled Channel '[id: 0x1710d0e1, L:/127.0.0.1:63568 - R:localhost/127.0.0.1:19589]' for 'POST' to 'http://localhost:19589/session/01514487ab659c439176413635aa551f/element'
20:17:14.527 [Forwarding findElement on session 01514487ab659c439176413635aa551f to remote] DEBUG org.asynchttpclient.netty.request.NettyRequestSender - Using open Channel [id: 0x1710d0e1, L:/127.0.0.1:63568 - R:localhost/127.0.0.1:19589] for POST '/session/01514487ab659c439176413635aa551f/element'
20:17:14.527 [AsyncHttpClient-1-2] DEBUG org.asynchttpclient.netty.handler.HttpHandler - 

Request DefaultHttpRequest(decodeResult: success, version: HTTP/1.1)
POST /session/01514487ab659c439176413635aa551f/element HTTP/1.1
User-Agent: selenium/4.12.0 (java windows)
Content-Length: 66
Content-Type: application/json; charset=utf-8
host: localhost:19589
accept: */*

Response DefaultHttpResponse(decodeResult: success, version: HTTP/1.1)
HTTP/1.1 200 OK
Content-Length: 126
Content-Type: application/json; charset=utf-8
cache-control: no-cache

20:17:14.527 [AsyncHttpClient-1-2] DEBUG org.asynchttpclient.netty.channel.ChannelManager - Adding key: http://localhost:19589 for channel [id: 0x1710d0e1, L:/127.0.0.1:63568 - R:localhost/127.0.0.1:19589]
20:17:14.527 [Forwarding getElementText on session 01514487ab659c439176413635aa551f to remote] DEBUG org.asynchttpclient.netty.request.NettyRequestSender - Using pooled Channel '[id: 0x1710d0e1, L:/127.0.0.1:63568 - R:localhost/127.0.0.1:19589]' for 'GET' to 'http://localhost:19589/session/01514487ab659c439176413635aa551f/element/f.633A1AB8BC7C3ACADAC8B4CABEC273A3.d.ACA349B9BA313743478CC7F5608FE25E.e.19/text'
20:17:14.527 [Forwarding getElementText on session 01514487ab659c439176413635aa551f to remote] DEBUG org.asynchttpclient.netty.request.NettyRequestSender - Using open Channel [id: 0x1710d0e1, L:/127.0.0.1:63568 - R:localhost/127.0.0.1:19589] for GET '/session/01514487ab659c439176413635aa551f/element/f.633A1AB8BC7C3ACADAC8B4CABEC273A3.d.ACA349B9BA313743478CC7F5608FE25E.e.19/text'
20:17:14.536 [AsyncHttpClient-1-2] DEBUG org.asynchttpclient.netty.handler.HttpHandler - 

Request DefaultFullHttpRequest(decodeResult: success, version: HTTP/1.1, content: EmptyByteBufBE)
GET /session/01514487ab659c439176413635aa551f/element/f.633A1AB8BC7C3ACADAC8B4CABEC273A3.d.ACA349B9BA313743478CC7F5608FE25E.e.19/text HTTP/1.1
Cache-Control: no-cache
User-Agent: selenium/4.12.0 (java windows)
Content-Type: application/json; charset=utf-8
host: localhost:19589
accept: */*

Response DefaultHttpResponse(decodeResult: success, version: HTTP/1.1)
HTTP/1.1 200 OK
Content-Length: 33
Content-Type: application/json; charset=utf-8
cache-control: no-cache

20:17:14.536 [AsyncHttpClient-1-2] DEBUG org.asynchttpclient.netty.channel.ChannelManager - Adding key: http://localhost:19589 for channel [id: 0x1710d0e1, L:/127.0.0.1:63568 - R:localhost/127.0.0.1:19589]
20:17:14.536 [Forwarding findElement on session 01514487ab659c439176413635aa551f to remote] DEBUG org.asynchttpclient.netty.request.NettyRequestSender - Using pooled Channel '[id: 0x1710d0e1, L:/127.0.0.1:63568 - R:localhost/127.0.0.1:19589]' for 'POST' to 'http://localhost:19589/session/01514487ab659c439176413635aa551f/element'
20:17:14.536 [Forwarding findElement on session 01514487ab659c439176413635aa551f to remote] DEBUG org.asynchttpclient.netty.request.NettyRequestSender - Using open Channel [id: 0x1710d0e1, L:/127.0.0.1:63568 - R:localhost/127.0.0.1:19589] for POST '/session/01514487ab659c439176413635aa551f/element'
20:17:14.543 [AsyncHttpClient-1-2] DEBUG org.asynchttpclient.netty.handler.HttpHandler - 

Request DefaultHttpRequest(decodeResult: success, version: HTTP/1.1)
POST /session/01514487ab659c439176413635aa551f/element HTTP/1.1
User-Agent: selenium/4.12.0 (java windows)
Content-Length: 74
Content-Type: application/json; charset=utf-8
host: localhost:19589
accept: */*

Response DefaultHttpResponse(decodeResult: success, version: HTTP/1.1)
HTTP/1.1 200 OK
Content-Length: 126
Content-Type: application/json; charset=utf-8
cache-control: no-cache

20:17:14.543 [AsyncHttpClient-1-2] DEBUG org.asynchttpclient.netty.channel.ChannelManager - Adding key: http://localhost:19589 for channel [id: 0x1710d0e1, L:/127.0.0.1:63568 - R:localhost/127.0.0.1:19589]
20:17:14.543 [Forwarding clickElement on session 01514487ab659c439176413635aa551f to remote] DEBUG org.asynchttpclient.netty.request.NettyRequestSender - Using pooled Channel '[id: 0x1710d0e1, L:/127.0.0.1:63568 - R:localhost/127.0.0.1:19589]' for 'POST' to 'http://localhost:19589/session/01514487ab659c439176413635aa551f/element/f.633A1AB8BC7C3ACADAC8B4CABEC273A3.d.ACA349B9BA313743478CC7F5608FE25E.e.20/click'
20:17:14.543 [Forwarding clickElement on session 01514487ab659c439176413635aa551f to remote] DEBUG org.asynchttpclient.netty.request.NettyRequestSender - Using open Channel [id: 0x1710d0e1, L:/127.0.0.1:63568 - R:localhost/127.0.0.1:19589] for POST '/session/01514487ab659c439176413635aa551f/element/f.633A1AB8BC7C3ACADAC8B4CABEC273A3.d.ACA349B9BA313743478CC7F5608FE25E.e.20/click'
20:17:14.583 [AsyncHttpClient-1-2] DEBUG org.asynchttpclient.netty.handler.HttpHandler - 

Request DefaultHttpRequest(decodeResult: success, version: HTTP/1.1)
POST /session/01514487ab659c439176413635aa551f/element/f.633A1AB8BC7C3ACADAC8B4CABEC273A3.d.ACA349B9BA313743478CC7F5608FE25E.e.20/click HTTP/1.1
User-Agent: selenium/4.12.0 (java windows)
Content-Length: 88
Content-Type: application/json; charset=utf-8
host: localhost:19589
accept: */*

Response DefaultHttpResponse(decodeResult: success, version: HTTP/1.1)
HTTP/1.1 200 OK
Content-Length: 14
Content-Type: application/json; charset=utf-8
cache-control: no-cache

20:17:14.583 [AsyncHttpClient-1-2] DEBUG org.asynchttpclient.netty.channel.ChannelManager - Adding key: http://localhost:19589 for channel [id: 0x1710d0e1, L:/127.0.0.1:63568 - R:localhost/127.0.0.1:19589]
20:17:15.037 [AsyncHttpClient-1-1] DEBUG org.asynchttpclient.netty.channel.DefaultChannelPool - Entry count for : http://localhost:19589 : 1
20:17:15.037 [AsyncHttpClient-1-1] DEBUG org.asynchttpclient.netty.channel.DefaultChannelPool - Entry count for : http://localhost:63569 : 1
20:17:16.136 [AsyncHttpClient-1-1] DEBUG org.asynchttpclient.netty.channel.DefaultChannelPool - Entry count for : http://localhost:19589 : 1
20:17:16.136 [AsyncHttpClient-1-1] DEBUG org.asynchttpclient.netty.channel.DefaultChannelPool - Entry count for : http://localhost:63569 : 1
20:17:17.234 [AsyncHttpClient-1-1] DEBUG org.asynchttpclient.netty.channel.DefaultChannelPool - Entry count for : http://localhost:19589 : 1
20:17:17.234 [AsyncHttpClient-1-1] DEBUG org.asynchttpclient.netty.channel.DefaultChannelPool - Entry count for : http://localhost:63569 : 1
screen shot class not taking
  Given I am on dashboardfokisaj290@edectus.com and Fleet@123              # StepDefination.Customer_onboarding.I_am_on_dashboard(java.lang.String,java.lang.String)
20:17:17.593 [Forwarding findElement on session 01514487ab659c439176413635aa551f to remote] DEBUG org.asynchttpclient.netty.request.NettyRequestSender - Using pooled Channel '[id: 0x1710d0e1, L:/127.0.0.1:63568 - R:localhost/127.0.0.1:19589]' for 'POST' to 'http://localhost:19589/session/01514487ab659c439176413635aa551f/element'
20:17:17.593 [Forwarding findElement on session 01514487ab659c439176413635aa551f to remote] DEBUG org.asynchttpclient.netty.request.NettyRequestSender - Using open Channel [id: 0x1710d0e1, L:/127.0.0.1:63568 - R:localhost/127.0.0.1:19589] for POST '/session/01514487ab659c439176413635aa551f/element'
20:17:17.608 [AsyncHttpClient-1-2] DEBUG org.asynchttpclient.netty.handler.HttpHandler - 

Request DefaultHttpRequest(decodeResult: success, version: HTTP/1.1)
POST /session/01514487ab659c439176413635aa551f/element HTTP/1.1
User-Agent: selenium/4.12.0 (java windows)
Content-Length: 127
Content-Type: application/json; charset=utf-8
host: localhost:19589
accept: */*

Response DefaultHttpResponse(decodeResult: success, version: HTTP/1.1)
HTTP/1.1 200 OK
Content-Length: 126
Content-Type: application/json; charset=utf-8
cache-control: no-cache

20:17:17.608 [AsyncHttpClient-1-2] DEBUG org.asynchttpclient.netty.channel.ChannelManager - Adding key: http://localhost:19589 for channel [id: 0x1710d0e1, L:/127.0.0.1:63568 - R:localhost/127.0.0.1:19589]
20:17:17.608 [Forwarding getElementText on session 01514487ab659c439176413635aa551f to remote] DEBUG org.asynchttpclient.netty.request.NettyRequestSender - Using pooled Channel '[id: 0x1710d0e1, L:/127.0.0.1:63568 - R:localhost/127.0.0.1:19589]' for 'GET' to 'http://localhost:19589/session/01514487ab659c439176413635aa551f/element/f.633A1AB8BC7C3ACADAC8B4CABEC273A3.d.7A20D0A3E3FFC25391832E661480E5DA.e.31/text'
20:17:17.608 [Forwarding getElementText on session 01514487ab659c439176413635aa551f to remote] DEBUG org.asynchttpclient.netty.request.NettyRequestSender - Using open Channel [id: 0x1710d0e1, L:/127.0.0.1:63568 - R:localhost/127.0.0.1:19589] for GET '/session/01514487ab659c439176413635aa551f/element/f.633A1AB8BC7C3ACADAC8B4CABEC273A3.d.7A20D0A3E3FFC25391832E661480E5DA.e.31/text'
20:17:17.608 [AsyncHttpClient-1-2] DEBUG org.asynchttpclient.netty.handler.HttpHandler - 

Request DefaultFullHttpRequest(decodeResult: success, version: HTTP/1.1, content: EmptyByteBufBE)
GET /session/01514487ab659c439176413635aa551f/element/f.633A1AB8BC7C3ACADAC8B4CABEC273A3.d.7A20D0A3E3FFC25391832E661480E5DA.e.31/text HTTP/1.1
Cache-Control: no-cache
User-Agent: selenium/4.12.0 (java windows)
Content-Type: application/json; charset=utf-8
host: localhost:19589
accept: */*

Response DefaultHttpResponse(decodeResult: success, version: HTTP/1.1)
HTTP/1.1 200 OK
Content-Length: 21
Content-Type: application/json; charset=utf-8
cache-control: no-cache

20:17:17.608 [AsyncHttpClient-1-2] DEBUG org.asynchttpclient.netty.channel.ChannelManager - Adding key: http://localhost:19589 for channel [id: 0x1710d0e1, L:/127.0.0.1:63568 - R:localhost/127.0.0.1:19589]
20:17:17.608 [Forwarding findElement on session 01514487ab659c439176413635aa551f to remote] DEBUG org.asynchttpclient.netty.request.NettyRequestSender - Using pooled Channel '[id: 0x1710d0e1, L:/127.0.0.1:63568 - R:localhost/127.0.0.1:19589]' for 'POST' to 'http://localhost:19589/session/01514487ab659c439176413635aa551f/element'
20:17:17.608 [Forwarding findElement on session 01514487ab659c439176413635aa551f to remote] DEBUG org.asynchttpclient.netty.request.NettyRequestSender - Using open Channel [id: 0x1710d0e1, L:/127.0.0.1:63568 - R:localhost/127.0.0.1:19589] for POST '/session/01514487ab659c439176413635aa551f/element'
20:17:17.608 [AsyncHttpClient-1-2] DEBUG org.asynchttpclient.netty.handler.HttpHandler - 

Request DefaultHttpRequest(decodeResult: success, version: HTTP/1.1)
POST /session/01514487ab659c439176413635aa551f/element HTTP/1.1
User-Agent: selenium/4.12.0 (java windows)
Content-Length: 127
Content-Type: application/json; charset=utf-8
host: localhost:19589
accept: */*

Response DefaultHttpResponse(decodeResult: success, version: HTTP/1.1)
HTTP/1.1 200 OK
Content-Length: 126
Content-Type: application/json; charset=utf-8
cache-control: no-cache

20:17:17.608 [AsyncHttpClient-1-2] DEBUG org.asynchttpclient.netty.channel.ChannelManager - Adding key: http://localhost:19589 for channel [id: 0x1710d0e1, L:/127.0.0.1:63568 - R:localhost/127.0.0.1:19589]
20:17:17.608 [Forwarding clickElement on session 01514487ab659c439176413635aa551f to remote] DEBUG org.asynchttpclient.netty.request.NettyRequestSender - Using pooled Channel '[id: 0x1710d0e1, L:/127.0.0.1:63568 - R:localhost/127.0.0.1:19589]' for 'POST' to 'http://localhost:19589/session/01514487ab659c439176413635aa551f/element/f.633A1AB8BC7C3ACADAC8B4CABEC273A3.d.7A20D0A3E3FFC25391832E661480E5DA.e.31/click'
20:17:17.608 [Forwarding clickElement on session 01514487ab659c439176413635aa551f to remote] DEBUG org.asynchttpclient.netty.request.NettyRequestSender - Using open Channel [id: 0x1710d0e1, L:/127.0.0.1:63568 - R:localhost/127.0.0.1:19589] for POST '/session/01514487ab659c439176413635aa551f/element/f.633A1AB8BC7C3ACADAC8B4CABEC273A3.d.7A20D0A3E3FFC25391832E661480E5DA.e.31/click'
20:17:17.652 [AsyncHttpClient-1-2] DEBUG org.asynchttpclient.netty.handler.HttpHandler - 

Request DefaultHttpRequest(decodeResult: success, version: HTTP/1.1)
POST /session/01514487ab659c439176413635aa551f/element/f.633A1AB8BC7C3ACADAC8B4CABEC273A3.d.7A20D0A3E3FFC25391832E661480E5DA.e.31/click HTTP/1.1
User-Agent: selenium/4.12.0 (java windows)
Content-Length: 88
Content-Type: application/json; charset=utf-8
host: localhost:19589
accept: */*

Response DefaultHttpResponse(decodeResult: success, version: HTTP/1.1)
HTTP/1.1 200 OK
Content-Length: 14
Content-Type: application/json; charset=utf-8
cache-control: no-cache

20:17:17.652 [AsyncHttpClient-1-2] DEBUG org.asynchttpclient.netty.channel.ChannelManager - Adding key: http://localhost:19589 for channel [id: 0x1710d0e1, L:/127.0.0.1:63568 - R:localhost/127.0.0.1:19589]
20:17:18.332 [AsyncHttpClient-1-1] DEBUG org.asynchttpclient.netty.channel.DefaultChannelPool - Entry count for : http://localhost:19589 : 1
20:17:18.332 [AsyncHttpClient-1-1] DEBUG org.asynchttpclient.netty.channel.DefaultChannelPool - Entry count for : http://localhost:63569 : 1
20:17:19.438 [AsyncHttpClient-1-1] DEBUG org.asynchttpclient.netty.channel.DefaultChannelPool - Entry count for : http://localhost:19589 : 1
20:17:19.438 [AsyncHttpClient-1-1] DEBUG org.asynchttpclient.netty.channel.DefaultChannelPool - Entry count for : http://localhost:63569 : 1
screen shot class not taking
20:17:19.658 [Forwarding findElement on session 01514487ab659c439176413635aa551f to remote] DEBUG org.asynchttpclient.netty.request.NettyRequestSender - Using pooled Channel '[id: 0x1710d0e1, L:/127.0.0.1:63568 - R:localhost/127.0.0.1:19589]' for 'POST' to 'http://localhost:19589/session/01514487ab659c439176413635aa551f/element'
20:17:19.658 [Forwarding findElement on session 01514487ab659c439176413635aa551f to remote] DEBUG org.asynchttpclient.netty.request.NettyRequestSender - Using open Channel [id: 0x1710d0e1, L:/127.0.0.1:63568 - R:localhost/127.0.0.1:19589] for POST '/session/01514487ab659c439176413635aa551f/element'
20:17:19.672 [AsyncHttpClient-1-2] DEBUG org.asynchttpclient.netty.handler.HttpHandler - 

Request DefaultHttpRequest(decodeResult: success, version: HTTP/1.1)
POST /session/01514487ab659c439176413635aa551f/element HTTP/1.1
User-Agent: selenium/4.12.0 (java windows)
Content-Length: 178
Content-Type: application/json; charset=utf-8
host: localhost:19589
accept: */*

Response DefaultHttpResponse(decodeResult: success, version: HTTP/1.1)
HTTP/1.1 200 OK
Content-Length: 126
Content-Type: application/json; charset=utf-8
cache-control: no-cache

20:17:19.672 [AsyncHttpClient-1-2] DEBUG org.asynchttpclient.netty.channel.ChannelManager - Adding key: http://localhost:19589 for channel [id: 0x1710d0e1, L:/127.0.0.1:63568 - R:localhost/127.0.0.1:19589]
20:17:19.672 [Forwarding getElementText on session 01514487ab659c439176413635aa551f to remote] DEBUG org.asynchttpclient.netty.request.NettyRequestSender - Using pooled Channel '[id: 0x1710d0e1, L:/127.0.0.1:63568 - R:localhost/127.0.0.1:19589]' for 'GET' to 'http://localhost:19589/session/01514487ab659c439176413635aa551f/element/f.633A1AB8BC7C3ACADAC8B4CABEC273A3.d.7A20D0A3E3FFC25391832E661480E5DA.e.34/text'
20:17:19.672 [Forwarding getElementText on session 01514487ab659c439176413635aa551f to remote] DEBUG org.asynchttpclient.netty.request.NettyRequestSender - Using open Channel [id: 0x1710d0e1, L:/127.0.0.1:63568 - R:localhost/127.0.0.1:19589] for GET '/session/01514487ab659c439176413635aa551f/element/f.633A1AB8BC7C3ACADAC8B4CABEC273A3.d.7A20D0A3E3FFC25391832E661480E5DA.e.34/text'
20:17:19.675 [AsyncHttpClient-1-2] DEBUG org.asynchttpclient.netty.handler.HttpHandler - 

Request DefaultFullHttpRequest(decodeResult: success, version: HTTP/1.1, content: EmptyByteBufBE)
GET /session/01514487ab659c439176413635aa551f/element/f.633A1AB8BC7C3ACADAC8B4CABEC273A3.d.7A20D0A3E3FFC25391832E661480E5DA.e.34/text HTTP/1.1
Cache-Control: no-cache
User-Agent: selenium/4.12.0 (java windows)
Content-Type: application/json; charset=utf-8
host: localhost:19589
accept: */*

Response DefaultHttpResponse(decodeResult: success, version: HTTP/1.1)
HTTP/1.1 200 OK
Content-Length: 28
Content-Type: application/json; charset=utf-8
cache-control: no-cache

20:17:19.675 [AsyncHttpClient-1-2] DEBUG org.asynchttpclient.netty.channel.ChannelManager - Adding key: http://localhost:19589 for channel [id: 0x1710d0e1, L:/127.0.0.1:63568 - R:localhost/127.0.0.1:19589]
20:17:19.675 [Forwarding findElement on session 01514487ab659c439176413635aa551f to remote] DEBUG org.asynchttpclient.netty.request.NettyRequestSender - Using pooled Channel '[id: 0x1710d0e1, L:/127.0.0.1:63568 - R:localhost/127.0.0.1:19589]' for 'POST' to 'http://localhost:19589/session/01514487ab659c439176413635aa551f/element'
20:17:19.675 [Forwarding findElement on session 01514487ab659c439176413635aa551f to remote] DEBUG org.asynchttpclient.netty.request.NettyRequestSender - Using open Channel [id: 0x1710d0e1, L:/127.0.0.1:63568 - R:localhost/127.0.0.1:19589] for POST '/session/01514487ab659c439176413635aa551f/element'
20:17:19.688 [AsyncHttpClient-1-2] DEBUG org.asynchttpclient.netty.handler.HttpHandler - 

Request DefaultHttpRequest(decodeResult: success, version: HTTP/1.1)
POST /session/01514487ab659c439176413635aa551f/element HTTP/1.1
User-Agent: selenium/4.12.0 (java windows)
Content-Length: 178
Content-Type: application/json; charset=utf-8
host: localhost:19589
accept: */*

Response DefaultHttpResponse(decodeResult: success, version: HTTP/1.1)
HTTP/1.1 200 OK
Content-Length: 126
Content-Type: application/json; charset=utf-8
cache-control: no-cache

20:17:19.688 [AsyncHttpClient-1-2] DEBUG org.asynchttpclient.netty.channel.ChannelManager - Adding key: http://localhost:19589 for channel [id: 0x1710d0e1, L:/127.0.0.1:63568 - R:localhost/127.0.0.1:19589]
20:17:19.690 [Forwarding clickElement on session 01514487ab659c439176413635aa551f to remote] DEBUG org.asynchttpclient.netty.request.NettyRequestSender - Using pooled Channel '[id: 0x1710d0e1, L:/127.0.0.1:63568 - R:localhost/127.0.0.1:19589]' for 'POST' to 'http://localhost:19589/session/01514487ab659c439176413635aa551f/element/f.633A1AB8BC7C3ACADAC8B4CABEC273A3.d.7A20D0A3E3FFC25391832E661480E5DA.e.34/click'
20:17:19.690 [Forwarding clickElement on session 01514487ab659c439176413635aa551f to remote] DEBUG org.asynchttpclient.netty.request.NettyRequestSender - Using open Channel [id: 0x1710d0e1, L:/127.0.0.1:63568 - R:localhost/127.0.0.1:19589] for POST '/session/01514487ab659c439176413635aa551f/element/f.633A1AB8BC7C3ACADAC8B4CABEC273A3.d.7A20D0A3E3FFC25391832E661480E5DA.e.34/click'
20:17:19.839 [AsyncHttpClient-1-2] DEBUG org.asynchttpclient.netty.handler.HttpHandler - 

Request DefaultHttpRequest(decodeResult: success, version: HTTP/1.1)
POST /session/01514487ab659c439176413635aa551f/element/f.633A1AB8BC7C3ACADAC8B4CABEC273A3.d.7A20D0A3E3FFC25391832E661480E5DA.e.34/click HTTP/1.1
User-Agent: selenium/4.12.0 (java windows)
Content-Length: 88
Content-Type: application/json; charset=utf-8
host: localhost:19589
accept: */*

Response DefaultHttpResponse(decodeResult: success, version: HTTP/1.1)
HTTP/1.1 200 OK
Content-Length: 14
Content-Type: application/json; charset=utf-8
cache-control: no-cache

20:17:19.839 [AsyncHttpClient-1-2] DEBUG org.asynchttpclient.netty.channel.ChannelManager - Adding key: http://localhost:19589 for channel [id: 0x1710d0e1, L:/127.0.0.1:63568 - R:localhost/127.0.0.1:19589]
  When Open customer form                                                  # StepDefination.Customer_onboarding.Open_customer_form()
20:17:20.534 [AsyncHttpClient-1-1] DEBUG org.asynchttpclient.netty.channel.DefaultChannelPool - Entry count for : http://localhost:19589 : 1
20:17:20.534 [AsyncHttpClient-1-1] DEBUG org.asynchttpclient.netty.channel.DefaultChannelPool - Entry count for : http://localhost:63569 : 1
20:17:21.356 [Forwarding findElement on session 01514487ab659c439176413635aa551f to remote] DEBUG org.asynchttpclient.netty.request.NettyRequestSender - Using pooled Channel '[id: 0x1710d0e1, L:/127.0.0.1:63568 - R:localhost/127.0.0.1:19589]' for 'POST' to 'http://localhost:19589/session/01514487ab659c439176413635aa551f/element'
20:17:21.356 [Forwarding findElement on session 01514487ab659c439176413635aa551f to remote] DEBUG org.asynchttpclient.netty.request.NettyRequestSender - Using open Channel [id: 0x1710d0e1, L:/127.0.0.1:63568 - R:localhost/127.0.0.1:19589] for POST '/session/01514487ab659c439176413635aa551f/element'
20:17:21.356 [AsyncHttpClient-1-2] DEBUG org.asynchttpclient.netty.handler.HttpHandler - 

Request DefaultHttpRequest(decodeResult: success, version: HTTP/1.1)
POST /session/01514487ab659c439176413635aa551f/element HTTP/1.1
User-Agent: selenium/4.12.0 (java windows)
Content-Length: 114
Content-Type: application/json; charset=utf-8
host: localhost:19589
accept: */*

Response DefaultHttpResponse(decodeResult: success, version: HTTP/1.1)
HTTP/1.1 200 OK
Content-Length: 126
Content-Type: application/json; charset=utf-8
cache-control: no-cache

20:17:21.356 [AsyncHttpClient-1-2] DEBUG org.asynchttpclient.netty.channel.ChannelManager - Adding key: http://localhost:19589 for channel [id: 0x1710d0e1, L:/127.0.0.1:63568 - R:localhost/127.0.0.1:19589]
20:17:21.356 [Forwarding sendKeysToElement on session 01514487ab659c439176413635aa551f to remote] DEBUG org.asynchttpclient.netty.request.NettyRequestSender - Using pooled Channel '[id: 0x1710d0e1, L:/127.0.0.1:63568 - R:localhost/127.0.0.1:19589]' for 'POST' to 'http://localhost:19589/session/01514487ab659c439176413635aa551f/element/f.633A1AB8BC7C3ACADAC8B4CABEC273A3.d.7A20D0A3E3FFC25391832E661480E5DA.e.38/value'
20:17:21.356 [Forwarding sendKeysToElement on session 01514487ab659c439176413635aa551f to remote] DEBUG org.asynchttpclient.netty.request.NettyRequestSender - Using open Channel [id: 0x1710d0e1, L:/127.0.0.1:63568 - R:localhost/127.0.0.1:19589] for POST '/session/01514487ab659c439176413635aa551f/element/f.633A1AB8BC7C3ACADAC8B4CABEC273A3.d.7A20D0A3E3FFC25391832E661480E5DA.e.38/value'
20:17:21.457 [AsyncHttpClient-1-2] DEBUG org.asynchttpclient.netty.handler.HttpHandler - 

Request DefaultHttpRequest(decodeResult: success, version: HTTP/1.1)
POST /session/01514487ab659c439176413635aa551f/element/f.633A1AB8BC7C3ACADAC8B4CABEC273A3.d.7A20D0A3E3FFC25391832E661480E5DA.e.38/value HTTP/1.1
User-Agent: selenium/4.12.0 (java windows)
Content-Length: 199
Content-Type: application/json; charset=utf-8
host: localhost:19589
accept: */*

Response DefaultHttpResponse(decodeResult: success, version: HTTP/1.1)
HTTP/1.1 200 OK
Content-Length: 14
Content-Type: application/json; charset=utf-8
cache-control: no-cache

20:17:21.457 [AsyncHttpClient-1-2] DEBUG org.asynchttpclient.netty.channel.ChannelManager - Adding key: http://localhost:19589 for channel [id: 0x1710d0e1, L:/127.0.0.1:63568 - R:localhost/127.0.0.1:19589]
20:17:21.457 [Forwarding findElement on session 01514487ab659c439176413635aa551f to remote] DEBUG org.asynchttpclient.netty.request.NettyRequestSender - Using pooled Channel '[id: 0x1710d0e1, L:/127.0.0.1:63568 - R:localhost/127.0.0.1:19589]' for 'POST' to 'http://localhost:19589/session/01514487ab659c439176413635aa551f/element'
20:17:21.457 [Forwarding findElement on session 01514487ab659c439176413635aa551f to remote] DEBUG org.asynchttpclient.netty.request.NettyRequestSender - Using open Channel [id: 0x1710d0e1, L:/127.0.0.1:63568 - R:localhost/127.0.0.1:19589] for POST '/session/01514487ab659c439176413635aa551f/element'
20:17:21.469 [AsyncHttpClient-1-2] DEBUG org.asynchttpclient.netty.handler.HttpHandler - 

Request DefaultHttpRequest(decodeResult: success, version: HTTP/1.1)
POST /session/01514487ab659c439176413635aa551f/element HTTP/1.1
User-Agent: selenium/4.12.0 (java windows)
Content-Length: 87
Content-Type: application/json; charset=utf-8
host: localhost:19589
accept: */*

Response DefaultHttpResponse(decodeResult: success, version: HTTP/1.1)
HTTP/1.1 200 OK
Content-Length: 126
Content-Type: application/json; charset=utf-8
cache-control: no-cache

20:17:21.469 [AsyncHttpClient-1-2] DEBUG org.asynchttpclient.netty.channel.ChannelManager - Adding key: http://localhost:19589 for channel [id: 0x1710d0e1, L:/127.0.0.1:63568 - R:localhost/127.0.0.1:19589]
20:17:21.469 [Forwarding sendKeysToElement on session 01514487ab659c439176413635aa551f to remote] DEBUG org.asynchttpclient.netty.request.NettyRequestSender - Using pooled Channel '[id: 0x1710d0e1, L:/127.0.0.1:63568 - R:localhost/127.0.0.1:19589]' for 'POST' to 'http://localhost:19589/session/01514487ab659c439176413635aa551f/element/f.633A1AB8BC7C3ACADAC8B4CABEC273A3.d.7A20D0A3E3FFC25391832E661480E5DA.e.39/value'
20:17:21.469 [Forwarding sendKeysToElement on session 01514487ab659c439176413635aa551f to remote] DEBUG org.asynchttpclient.netty.request.NettyRequestSender - Using open Channel [id: 0x1710d0e1, L:/127.0.0.1:63568 - R:localhost/127.0.0.1:19589] for POST '/session/01514487ab659c439176413635aa551f/element/f.633A1AB8BC7C3ACADAC8B4CABEC273A3.d.7A20D0A3E3FFC25391832E661480E5DA.e.39/value'
20:17:21.545 [AsyncHttpClient-1-2] DEBUG org.asynchttpclient.netty.handler.HttpHandler - 

Request DefaultHttpRequest(decodeResult: success, version: HTTP/1.1)
POST /session/01514487ab659c439176413635aa551f/element/f.633A1AB8BC7C3ACADAC8B4CABEC273A3.d.7A20D0A3E3FFC25391832E661480E5DA.e.39/value HTTP/1.1
User-Agent: selenium/4.12.0 (java windows)
Content-Length: 179
Content-Type: application/json; charset=utf-8
host: localhost:19589
accept: */*

Response DefaultHttpResponse(decodeResult: success, version: HTTP/1.1)
HTTP/1.1 200 OK
Content-Length: 14
Content-Type: application/json; charset=utf-8
cache-control: no-cache

20:17:21.545 [AsyncHttpClient-1-2] DEBUG org.asynchttpclient.netty.channel.ChannelManager - Adding key: http://localhost:19589 for channel [id: 0x1710d0e1, L:/127.0.0.1:63568 - R:localhost/127.0.0.1:19589]
20:17:21.545 [Forwarding findElement on session 01514487ab659c439176413635aa551f to remote] DEBUG org.asynchttpclient.netty.request.NettyRequestSender - Using pooled Channel '[id: 0x1710d0e1, L:/127.0.0.1:63568 - R:localhost/127.0.0.1:19589]' for 'POST' to 'http://localhost:19589/session/01514487ab659c439176413635aa551f/element'
20:17:21.545 [Forwarding findElement on session 01514487ab659c439176413635aa551f to remote] DEBUG org.asynchttpclient.netty.request.NettyRequestSender - Using open Channel [id: 0x1710d0e1, L:/127.0.0.1:63568 - R:localhost/127.0.0.1:19589] for POST '/session/01514487ab659c439176413635aa551f/element'
20:17:21.554 [AsyncHttpClient-1-2] DEBUG org.asynchttpclient.netty.handler.HttpHandler - 

Request DefaultHttpRequest(decodeResult: success, version: HTTP/1.1)
POST /session/01514487ab659c439176413635aa551f/element HTTP/1.1
User-Agent: selenium/4.12.0 (java windows)
Content-Length: 96
Content-Type: application/json; charset=utf-8
host: localhost:19589
accept: */*

Response DefaultHttpResponse(decodeResult: success, version: HTTP/1.1)
HTTP/1.1 200 OK
Content-Length: 126
Content-Type: application/json; charset=utf-8
cache-control: no-cache

20:17:21.554 [AsyncHttpClient-1-2] DEBUG org.asynchttpclient.netty.channel.ChannelManager - Adding key: http://localhost:19589 for channel [id: 0x1710d0e1, L:/127.0.0.1:63568 - R:localhost/127.0.0.1:19589]
20:17:21.554 [Forwarding sendKeysToElement on session 01514487ab659c439176413635aa551f to remote] DEBUG org.asynchttpclient.netty.request.NettyRequestSender - Using pooled Channel '[id: 0x1710d0e1, L:/127.0.0.1:63568 - R:localhost/127.0.0.1:19589]' for 'POST' to 'http://localhost:19589/session/01514487ab659c439176413635aa551f/element/f.633A1AB8BC7C3ACADAC8B4CABEC273A3.d.7A20D0A3E3FFC25391832E661480E5DA.e.40/value'
20:17:21.554 [Forwarding sendKeysToElement on session 01514487ab659c439176413635aa551f to remote] DEBUG org.asynchttpclient.netty.request.NettyRequestSender - Using open Channel [id: 0x1710d0e1, L:/127.0.0.1:63568 - R:localhost/127.0.0.1:19589] for POST '/session/01514487ab659c439176413635aa551f/element/f.633A1AB8BC7C3ACADAC8B4CABEC273A3.d.7A20D0A3E3FFC25391832E661480E5DA.e.40/value'
20:17:21.633 [AsyncHttpClient-1-1] DEBUG org.asynchttpclient.netty.channel.DefaultChannelPool - Entry count for : http://localhost:63569 : 1
20:17:21.663 [AsyncHttpClient-1-2] DEBUG org.asynchttpclient.netty.handler.HttpHandler - 

Request DefaultHttpRequest(decodeResult: success, version: HTTP/1.1)
POST /session/01514487ab659c439176413635aa551f/element/f.633A1AB8BC7C3ACADAC8B4CABEC273A3.d.7A20D0A3E3FFC25391832E661480E5DA.e.40/value HTTP/1.1
User-Agent: selenium/4.12.0 (java windows)
Content-Length: 229
Content-Type: application/json; charset=utf-8
host: localhost:19589
accept: */*

Response DefaultHttpResponse(decodeResult: success, version: HTTP/1.1)
HTTP/1.1 200 OK
Content-Length: 14
Content-Type: application/json; charset=utf-8
cache-control: no-cache

20:17:21.663 [AsyncHttpClient-1-2] DEBUG org.asynchttpclient.netty.channel.ChannelManager - Adding key: http://localhost:19589 for channel [id: 0x1710d0e1, L:/127.0.0.1:63568 - R:localhost/127.0.0.1:19589]
20:17:21.663 [Forwarding findElement on session 01514487ab659c439176413635aa551f to remote] DEBUG org.asynchttpclient.netty.request.NettyRequestSender - Using pooled Channel '[id: 0x1710d0e1, L:/127.0.0.1:63568 - R:localhost/127.0.0.1:19589]' for 'POST' to 'http://localhost:19589/session/01514487ab659c439176413635aa551f/element'
20:17:21.663 [Forwarding findElement on session 01514487ab659c439176413635aa551f to remote] DEBUG org.asynchttpclient.netty.request.NettyRequestSender - Using open Channel [id: 0x1710d0e1, L:/127.0.0.1:63568 - R:localhost/127.0.0.1:19589] for POST '/session/01514487ab659c439176413635aa551f/element'
20:17:21.668 [AsyncHttpClient-1-2] DEBUG org.asynchttpclient.netty.handler.HttpHandler - 

Request DefaultHttpRequest(decodeResult: success, version: HTTP/1.1)
POST /session/01514487ab659c439176413635aa551f/element HTTP/1.1
User-Agent: selenium/4.12.0 (java windows)
Content-Length: 84
Content-Type: application/json; charset=utf-8
host: localhost:19589
accept: */*

Response DefaultHttpResponse(decodeResult: success, version: HTTP/1.1)
HTTP/1.1 200 OK
Content-Length: 126
Content-Type: application/json; charset=utf-8
cache-control: no-cache

20:17:21.668 [AsyncHttpClient-1-2] DEBUG org.asynchttpclient.netty.channel.ChannelManager - Adding key: http://localhost:19589 for channel [id: 0x1710d0e1, L:/127.0.0.1:63568 - R:localhost/127.0.0.1:19589]
20:17:21.668 [Forwarding sendKeysToElement on session 01514487ab659c439176413635aa551f to remote] DEBUG org.asynchttpclient.netty.request.NettyRequestSender - Using pooled Channel '[id: 0x1710d0e1, L:/127.0.0.1:63568 - R:localhost/127.0.0.1:19589]' for 'POST' to 'http://localhost:19589/session/01514487ab659c439176413635aa551f/element/f.633A1AB8BC7C3ACADAC8B4CABEC273A3.d.7A20D0A3E3FFC25391832E661480E5DA.e.41/value'
20:17:21.668 [Forwarding sendKeysToElement on session 01514487ab659c439176413635aa551f to remote] DEBUG org.asynchttpclient.netty.request.NettyRequestSender - Using open Channel [id: 0x1710d0e1, L:/127.0.0.1:63568 - R:localhost/127.0.0.1:19589] for POST '/session/01514487ab659c439176413635aa551f/element/f.633A1AB8BC7C3ACADAC8B4CABEC273A3.d.7A20D0A3E3FFC25391832E661480E5DA.e.41/value'
20:17:21.789 [AsyncHttpClient-1-2] DEBUG org.asynchttpclient.netty.handler.HttpHandler - 

Request DefaultHttpRequest(decodeResult: success, version: HTTP/1.1)
POST /session/01514487ab659c439176413635aa551f/element/f.633A1AB8BC7C3ACADAC8B4CABEC273A3.d.7A20D0A3E3FFC25391832E661480E5DA.e.41/value HTTP/1.1
User-Agent: selenium/4.12.0 (java windows)
Content-Length: 249
Content-Type: application/json; charset=utf-8
host: localhost:19589
accept: */*

Response DefaultHttpResponse(decodeResult: success, version: HTTP/1.1)
HTTP/1.1 200 OK
Content-Length: 14
Content-Type: application/json; charset=utf-8
cache-control: no-cache

20:17:21.789 [AsyncHttpClient-1-2] DEBUG org.asynchttpclient.netty.channel.ChannelManager - Adding key: http://localhost:19589 for channel [id: 0x1710d0e1, L:/127.0.0.1:63568 - R:localhost/127.0.0.1:19589]
20:17:22.738 [AsyncHttpClient-1-1] DEBUG org.asynchttpclient.netty.channel.DefaultChannelPool - Entry count for : http://localhost:19589 : 1
20:17:22.738 [AsyncHttpClient-1-1] DEBUG org.asynchttpclient.netty.channel.DefaultChannelPool - Entry count for : http://localhost:63569 : 1
screen shot class not taking
  And Provide the company DetailsRR_Steel 447788 Sara_Sharma www.royal.com # StepDefination.Customer_onboarding.Provide_the_customer_Details(java.lang.String,java.lang.String,java.lang.String,java.lang.String)
20:17:23.319 [Forwarding findElement on session 01514487ab659c439176413635aa551f to remote] DEBUG org.asynchttpclient.netty.request.NettyRequestSender - Using pooled Channel '[id: 0x1710d0e1, L:/127.0.0.1:63568 - R:localhost/127.0.0.1:19589]' for 'POST' to 'http://localhost:19589/session/01514487ab659c439176413635aa551f/element'
20:17:23.319 [Forwarding findElement on session 01514487ab659c439176413635aa551f to remote] DEBUG org.asynchttpclient.netty.request.NettyRequestSender - Using open Channel [id: 0x1710d0e1, L:/127.0.0.1:63568 - R:localhost/127.0.0.1:19589] for POST '/session/01514487ab659c439176413635aa551f/element'
20:17:23.336 [AsyncHttpClient-1-2] DEBUG org.asynchttpclient.netty.handler.HttpHandler - 

Request DefaultHttpRequest(decodeResult: success, version: HTTP/1.1)
POST /session/01514487ab659c439176413635aa551f/element HTTP/1.1
User-Agent: selenium/4.12.0 (java windows)
Content-Length: 88
Content-Type: application/json; charset=utf-8
host: localhost:19589
accept: */*

Response DefaultHttpResponse(decodeResult: success, version: HTTP/1.1)
HTTP/1.1 200 OK
Content-Length: 126
Content-Type: application/json; charset=utf-8
cache-control: no-cache

20:17:23.336 [AsyncHttpClient-1-2] DEBUG org.asynchttpclient.netty.channel.ChannelManager - Adding key: http://localhost:19589 for channel [id: 0x1710d0e1, L:/127.0.0.1:63568 - R:localhost/127.0.0.1:19589]
20:17:23.336 [Forwarding sendKeysToElement on session 01514487ab659c439176413635aa551f to remote] DEBUG org.asynchttpclient.netty.request.NettyRequestSender - Using pooled Channel '[id: 0x1710d0e1, L:/127.0.0.1:63568 - R:localhost/127.0.0.1:19589]' for 'POST' to 'http://localhost:19589/session/01514487ab659c439176413635aa551f/element/f.633A1AB8BC7C3ACADAC8B4CABEC273A3.d.7A20D0A3E3FFC25391832E661480E5DA.e.47/value'
20:17:23.336 [Forwarding sendKeysToElement on session 01514487ab659c439176413635aa551f to remote] DEBUG org.asynchttpclient.netty.request.NettyRequestSender - Using open Channel [id: 0x1710d0e1, L:/127.0.0.1:63568 - R:localhost/127.0.0.1:19589] for POST '/session/01514487ab659c439176413635aa551f/element/f.633A1AB8BC7C3ACADAC8B4CABEC273A3.d.7A20D0A3E3FFC25391832E661480E5DA.e.47/value'
20:17:23.453 [AsyncHttpClient-1-2] DEBUG org.asynchttpclient.netty.handler.HttpHandler - 

Request DefaultHttpRequest(decodeResult: success, version: HTTP/1.1)
POST /session/01514487ab659c439176413635aa551f/element/f.633A1AB8BC7C3ACADAC8B4CABEC273A3.d.7A20D0A3E3FFC25391832E661480E5DA.e.47/value HTTP/1.1
User-Agent: selenium/4.12.0 (java windows)
Content-Length: 259
Content-Type: application/json; charset=utf-8
host: localhost:19589
accept: */*

Response DefaultHttpResponse(decodeResult: success, version: HTTP/1.1)
HTTP/1.1 200 OK
Content-Length: 14
Content-Type: application/json; charset=utf-8
cache-control: no-cache

20:17:23.453 [AsyncHttpClient-1-2] DEBUG org.asynchttpclient.netty.channel.ChannelManager - Adding key: http://localhost:19589 for channel [id: 0x1710d0e1, L:/127.0.0.1:63568 - R:localhost/127.0.0.1:19589]
20:17:23.453 [Forwarding findElement on session 01514487ab659c439176413635aa551f to remote] DEBUG org.asynchttpclient.netty.request.NettyRequestSender - Using pooled Channel '[id: 0x1710d0e1, L:/127.0.0.1:63568 - R:localhost/127.0.0.1:19589]' for 'POST' to 'http://localhost:19589/session/01514487ab659c439176413635aa551f/element'
20:17:23.453 [Forwarding findElement on session 01514487ab659c439176413635aa551f to remote] DEBUG org.asynchttpclient.netty.request.NettyRequestSender - Using open Channel [id: 0x1710d0e1, L:/127.0.0.1:63568 - R:localhost/127.0.0.1:19589] for POST '/session/01514487ab659c439176413635aa551f/element'
20:17:23.471 [AsyncHttpClient-1-2] DEBUG org.asynchttpclient.netty.handler.HttpHandler - 

Request DefaultHttpRequest(decodeResult: success, version: HTTP/1.1)
POST /session/01514487ab659c439176413635aa551f/element HTTP/1.1
User-Agent: selenium/4.12.0 (java windows)
Content-Length: 75
Content-Type: application/json; charset=utf-8
host: localhost:19589
accept: */*

Response DefaultHttpResponse(decodeResult: success, version: HTTP/1.1)
HTTP/1.1 200 OK
Content-Length: 126
Content-Type: application/json; charset=utf-8
cache-control: no-cache

20:17:23.471 [AsyncHttpClient-1-2] DEBUG org.asynchttpclient.netty.channel.ChannelManager - Adding key: http://localhost:19589 for channel [id: 0x1710d0e1, L:/127.0.0.1:63568 - R:localhost/127.0.0.1:19589]
20:17:23.471 [Forwarding sendKeysToElement on session 01514487ab659c439176413635aa551f to remote] DEBUG org.asynchttpclient.netty.request.NettyRequestSender - Using pooled Channel '[id: 0x1710d0e1, L:/127.0.0.1:63568 - R:localhost/127.0.0.1:19589]' for 'POST' to 'http://localhost:19589/session/01514487ab659c439176413635aa551f/element/f.633A1AB8BC7C3ACADAC8B4CABEC273A3.d.7A20D0A3E3FFC25391832E661480E5DA.e.48/value'
20:17:23.471 [Forwarding sendKeysToElement on session 01514487ab659c439176413635aa551f to remote] DEBUG org.asynchttpclient.netty.request.NettyRequestSender - Using open Channel [id: 0x1710d0e1, L:/127.0.0.1:63568 - R:localhost/127.0.0.1:19589] for POST '/session/01514487ab659c439176413635aa551f/element/f.633A1AB8BC7C3ACADAC8B4CABEC273A3.d.7A20D0A3E3FFC25391832E661480E5DA.e.48/value'
20:17:23.537 [AsyncHttpClient-1-2] DEBUG org.asynchttpclient.netty.handler.HttpHandler - 

Request DefaultHttpRequest(decodeResult: success, version: HTTP/1.1)
POST /session/01514487ab659c439176413635aa551f/element/f.633A1AB8BC7C3ACADAC8B4CABEC273A3.d.7A20D0A3E3FFC25391832E661480E5DA.e.48/value HTTP/1.1
User-Agent: selenium/4.12.0 (java windows)
Content-Length: 139
Content-Type: application/json; charset=utf-8
host: localhost:19589
accept: */*

Response DefaultHttpResponse(decodeResult: success, version: HTTP/1.1)
HTTP/1.1 200 OK
Content-Length: 14
Content-Type: application/json; charset=utf-8
cache-control: no-cache

20:17:23.537 [AsyncHttpClient-1-2] DEBUG org.asynchttpclient.netty.channel.ChannelManager - Adding key: http://localhost:19589 for channel [id: 0x1710d0e1, L:/127.0.0.1:63568 - R:localhost/127.0.0.1:19589]
20:17:23.551 [Forwarding findElement on session 01514487ab659c439176413635aa551f to remote] DEBUG org.asynchttpclient.netty.request.NettyRequestSender - Using pooled Channel '[id: 0x1710d0e1, L:/127.0.0.1:63568 - R:localhost/127.0.0.1:19589]' for 'POST' to 'http://localhost:19589/session/01514487ab659c439176413635aa551f/element'
20:17:23.551 [Forwarding findElement on session 01514487ab659c439176413635aa551f to remote] DEBUG org.asynchttpclient.netty.request.NettyRequestSender - Using open Channel [id: 0x1710d0e1, L:/127.0.0.1:63568 - R:localhost/127.0.0.1:19589] for POST '/session/01514487ab659c439176413635aa551f/element'
20:17:23.559 [AsyncHttpClient-1-2] DEBUG org.asynchttpclient.netty.handler.HttpHandler - 

Request DefaultHttpRequest(decodeResult: success, version: HTTP/1.1)
POST /session/01514487ab659c439176413635aa551f/element HTTP/1.1
User-Agent: selenium/4.12.0 (java windows)
Content-Length: 90
Content-Type: application/json; charset=utf-8
host: localhost:19589
accept: */*

Response DefaultHttpResponse(decodeResult: success, version: HTTP/1.1)
HTTP/1.1 200 OK
Content-Length: 126
Content-Type: application/json; charset=utf-8
cache-control: no-cache

20:17:23.559 [AsyncHttpClient-1-2] DEBUG org.asynchttpclient.netty.channel.ChannelManager - Adding key: http://localhost:19589 for channel [id: 0x1710d0e1, L:/127.0.0.1:63568 - R:localhost/127.0.0.1:19589]
20:17:23.559 [Forwarding sendKeysToElement on session 01514487ab659c439176413635aa551f to remote] DEBUG org.asynchttpclient.netty.request.NettyRequestSender - Using pooled Channel '[id: 0x1710d0e1, L:/127.0.0.1:63568 - R:localhost/127.0.0.1:19589]' for 'POST' to 'http://localhost:19589/session/01514487ab659c439176413635aa551f/element/f.633A1AB8BC7C3ACADAC8B4CABEC273A3.d.7A20D0A3E3FFC25391832E661480E5DA.e.49/value'
20:17:23.559 [Forwarding sendKeysToElement on session 01514487ab659c439176413635aa551f to remote] DEBUG org.asynchttpclient.netty.request.NettyRequestSender - Using open Channel [id: 0x1710d0e1, L:/127.0.0.1:63568 - R:localhost/127.0.0.1:19589] for POST '/session/01514487ab659c439176413635aa551f/element/f.633A1AB8BC7C3ACADAC8B4CABEC273A3.d.7A20D0A3E3FFC25391832E661480E5DA.e.49/value'
20:17:23.641 [AsyncHttpClient-1-2] DEBUG org.asynchttpclient.netty.handler.HttpHandler - 

Request DefaultHttpRequest(decodeResult: success, version: HTTP/1.1)
POST /session/01514487ab659c439176413635aa551f/element/f.633A1AB8BC7C3ACADAC8B4CABEC273A3.d.7A20D0A3E3FFC25391832E661480E5DA.e.49/value HTTP/1.1
User-Agent: selenium/4.12.0 (java windows)
Content-Length: 139
Content-Type: application/json; charset=utf-8
host: localhost:19589
accept: */*

Response DefaultHttpResponse(decodeResult: success, version: HTTP/1.1)
HTTP/1.1 200 OK
Content-Length: 14
Content-Type: application/json; charset=utf-8
cache-control: no-cache

20:17:23.641 [AsyncHttpClient-1-2] DEBUG org.asynchttpclient.netty.channel.ChannelManager - Adding key: http://localhost:19589 for channel [id: 0x1710d0e1, L:/127.0.0.1:63568 - R:localhost/127.0.0.1:19589]
20:17:23.641 [Forwarding findElement on session 01514487ab659c439176413635aa551f to remote] DEBUG org.asynchttpclient.netty.request.NettyRequestSender - Using pooled Channel '[id: 0x1710d0e1, L:/127.0.0.1:63568 - R:localhost/127.0.0.1:19589]' for 'POST' to 'http://localhost:19589/session/01514487ab659c439176413635aa551f/element'
20:17:23.641 [Forwarding findElement on session 01514487ab659c439176413635aa551f to remote] DEBUG org.asynchttpclient.netty.request.NettyRequestSender - Using open Channel [id: 0x1710d0e1, L:/127.0.0.1:63568 - R:localhost/127.0.0.1:19589] for POST '/session/01514487ab659c439176413635aa551f/element'
20:17:23.652 [AsyncHttpClient-1-2] DEBUG org.asynchttpclient.netty.handler.HttpHandler - 

Request DefaultHttpRequest(decodeResult: success, version: HTTP/1.1)
POST /session/01514487ab659c439176413635aa551f/element HTTP/1.1
User-Agent: selenium/4.12.0 (java windows)
Content-Length: 96
Content-Type: application/json; charset=utf-8
host: localhost:19589
accept: */*

Response DefaultHttpResponse(decodeResult: success, version: HTTP/1.1)
HTTP/1.1 200 OK
Content-Length: 126
Content-Type: application/json; charset=utf-8
cache-control: no-cache

20:17:23.652 [AsyncHttpClient-1-2] DEBUG org.asynchttpclient.netty.channel.ChannelManager - Adding key: http://localhost:19589 for channel [id: 0x1710d0e1, L:/127.0.0.1:63568 - R:localhost/127.0.0.1:19589]
20:17:23.653 [Forwarding sendKeysToElement on session 01514487ab659c439176413635aa551f to remote] DEBUG org.asynchttpclient.netty.request.NettyRequestSender - Using pooled Channel '[id: 0x1710d0e1, L:/127.0.0.1:63568 - R:localhost/127.0.0.1:19589]' for 'POST' to 'http://localhost:19589/session/01514487ab659c439176413635aa551f/element/f.633A1AB8BC7C3ACADAC8B4CABEC273A3.d.7A20D0A3E3FFC25391832E661480E5DA.e.50/value'
20:17:23.653 [Forwarding sendKeysToElement on session 01514487ab659c439176413635aa551f to remote] DEBUG org.asynchttpclient.netty.request.NettyRequestSender - Using open Channel [id: 0x1710d0e1, L:/127.0.0.1:63568 - R:localhost/127.0.0.1:19589] for POST '/session/01514487ab659c439176413635aa551f/element/f.633A1AB8BC7C3ACADAC8B4CABEC273A3.d.7A20D0A3E3FFC25391832E661480E5DA.e.50/value'
20:17:23.716 [AsyncHttpClient-1-2] DEBUG org.asynchttpclient.netty.handler.HttpHandler - 

Request DefaultHttpRequest(decodeResult: success, version: HTTP/1.1)
POST /session/01514487ab659c439176413635aa551f/element/f.633A1AB8BC7C3ACADAC8B4CABEC273A3.d.7A20D0A3E3FFC25391832E661480E5DA.e.50/value HTTP/1.1
User-Agent: selenium/4.12.0 (java windows)
Content-Length: 179
Content-Type: application/json; charset=utf-8
host: localhost:19589
accept: */*

Response DefaultHttpResponse(decodeResult: success, version: HTTP/1.1)
HTTP/1.1 200 OK
Content-Length: 14
Content-Type: application/json; charset=utf-8
cache-control: no-cache

20:17:23.716 [AsyncHttpClient-1-2] DEBUG org.asynchttpclient.netty.channel.ChannelManager - Adding key: http://localhost:19589 for channel [id: 0x1710d0e1, L:/127.0.0.1:63568 - R:localhost/127.0.0.1:19589]
20:17:23.716 [Forwarding findElement on session 01514487ab659c439176413635aa551f to remote] DEBUG org.asynchttpclient.netty.request.NettyRequestSender - Using pooled Channel '[id: 0x1710d0e1, L:/127.0.0.1:63568 - R:localhost/127.0.0.1:19589]' for 'POST' to 'http://localhost:19589/session/01514487ab659c439176413635aa551f/element'
20:17:23.716 [Forwarding findElement on session 01514487ab659c439176413635aa551f to remote] DEBUG org.asynchttpclient.netty.request.NettyRequestSender - Using open Channel [id: 0x1710d0e1, L:/127.0.0.1:63568 - R:localhost/127.0.0.1:19589] for POST '/session/01514487ab659c439176413635aa551f/element'
20:17:23.720 [AsyncHttpClient-1-2] DEBUG org.asynchttpclient.netty.handler.HttpHandler - 

Request DefaultHttpRequest(decodeResult: success, version: HTTP/1.1)
POST /session/01514487ab659c439176413635aa551f/element HTTP/1.1
User-Agent: selenium/4.12.0 (java windows)
Content-Length: 78
Content-Type: application/json; charset=utf-8
host: localhost:19589
accept: */*

Response DefaultHttpResponse(decodeResult: success, version: HTTP/1.1)
HTTP/1.1 200 OK
Content-Length: 126
Content-Type: application/json; charset=utf-8
cache-control: no-cache

20:17:23.720 [AsyncHttpClient-1-2] DEBUG org.asynchttpclient.netty.channel.ChannelManager - Adding key: http://localhost:19589 for channel [id: 0x1710d0e1, L:/127.0.0.1:63568 - R:localhost/127.0.0.1:19589]
20:17:23.720 [Forwarding sendKeysToElement on session 01514487ab659c439176413635aa551f to remote] DEBUG org.asynchttpclient.netty.request.NettyRequestSender - Using pooled Channel '[id: 0x1710d0e1, L:/127.0.0.1:63568 - R:localhost/127.0.0.1:19589]' for 'POST' to 'http://localhost:19589/session/01514487ab659c439176413635aa551f/element/f.633A1AB8BC7C3ACADAC8B4CABEC273A3.d.7A20D0A3E3FFC25391832E661480E5DA.e.51/value'
20:17:23.720 [Forwarding sendKeysToElement on session 01514487ab659c439176413635aa551f to remote] DEBUG org.asynchttpclient.netty.request.NettyRequestSender - Using open Channel [id: 0x1710d0e1, L:/127.0.0.1:63568 - R:localhost/127.0.0.1:19589] for POST '/session/01514487ab659c439176413635aa551f/element/f.633A1AB8BC7C3ACADAC8B4CABEC273A3.d.7A20D0A3E3FFC25391832E661480E5DA.e.51/value'
20:17:23.797 [AsyncHttpClient-1-2] DEBUG org.asynchttpclient.netty.handler.HttpHandler - 

Request DefaultHttpRequest(decodeResult: success, version: HTTP/1.1)
POST /session/01514487ab659c439176413635aa551f/element/f.633A1AB8BC7C3ACADAC8B4CABEC273A3.d.7A20D0A3E3FFC25391832E661480E5DA.e.51/value HTTP/1.1
User-Agent: selenium/4.12.0 (java windows)
Content-Length: 149
Content-Type: application/json; charset=utf-8
host: localhost:19589
accept: */*

Response DefaultHttpResponse(decodeResult: success, version: HTTP/1.1)
HTTP/1.1 200 OK
Content-Length: 14
Content-Type: application/json; charset=utf-8
cache-control: no-cache

20:17:23.797 [AsyncHttpClient-1-2] DEBUG org.asynchttpclient.netty.channel.ChannelManager - Adding key: http://localhost:19589 for channel [id: 0x1710d0e1, L:/127.0.0.1:63568 - R:localhost/127.0.0.1:19589]
20:17:23.836 [AsyncHttpClient-1-1] DEBUG org.asynchttpclient.netty.channel.DefaultChannelPool - Entry count for : http://localhost:19589 : 1
20:17:23.836 [AsyncHttpClient-1-1] DEBUG org.asynchttpclient.netty.channel.DefaultChannelPool - Entry count for : http://localhost:63569 : 1
screen shot class not taking
  And Provide the Address DetailsMain_street001 YK FL 987678 USA           # StepDefination.Customer_onboarding.Provide_the_address_Details(java.lang.String,java.lang.String,java.lang.String,java.lang.String,java.lang.String)
20:17:24.933 [AsyncHttpClient-1-1] DEBUG org.asynchttpclient.netty.channel.DefaultChannelPool - Entry count for : http://localhost:19589 : 1
20:17:24.933 [AsyncHttpClient-1-1] DEBUG org.asynchttpclient.netty.channel.DefaultChannelPool - Entry count for : http://localhost:63569 : 1
20:17:25.327 [Forwarding findElement on session 01514487ab659c439176413635aa551f to remote] DEBUG org.asynchttpclient.netty.request.NettyRequestSender - Using pooled Channel '[id: 0x1710d0e1, L:/127.0.0.1:63568 - R:localhost/127.0.0.1:19589]' for 'POST' to 'http://localhost:19589/session/01514487ab659c439176413635aa551f/element'
20:17:25.327 [Forwarding findElement on session 01514487ab659c439176413635aa551f to remote] DEBUG org.asynchttpclient.netty.request.NettyRequestSender - Using open Channel [id: 0x1710d0e1, L:/127.0.0.1:63568 - R:localhost/127.0.0.1:19589] for POST '/session/01514487ab659c439176413635aa551f/element'
20:17:25.343 [AsyncHttpClient-1-2] DEBUG org.asynchttpclient.netty.handler.HttpHandler - 

Request DefaultHttpRequest(decodeResult: success, version: HTTP/1.1)
POST /session/01514487ab659c439176413635aa551f/element HTTP/1.1
User-Agent: selenium/4.12.0 (java windows)
Content-Length: 72
Content-Type: application/json; charset=utf-8
host: localhost:19589
accept: */*

Response DefaultHttpResponse(decodeResult: success, version: HTTP/1.1)
HTTP/1.1 200 OK
Content-Length: 126
Content-Type: application/json; charset=utf-8
cache-control: no-cache

20:17:25.343 [AsyncHttpClient-1-2] DEBUG org.asynchttpclient.netty.channel.ChannelManager - Adding key: http://localhost:19589 for channel [id: 0x1710d0e1, L:/127.0.0.1:63568 - R:localhost/127.0.0.1:19589]
20:17:25.343 [Forwarding clickElement on session 01514487ab659c439176413635aa551f to remote] DEBUG org.asynchttpclient.netty.request.NettyRequestSender - Using pooled Channel '[id: 0x1710d0e1, L:/127.0.0.1:63568 - R:localhost/127.0.0.1:19589]' for 'POST' to 'http://localhost:19589/session/01514487ab659c439176413635aa551f/element/f.633A1AB8BC7C3ACADAC8B4CABEC273A3.d.7A20D0A3E3FFC25391832E661480E5DA.e.91/click'
20:17:25.343 [Forwarding clickElement on session 01514487ab659c439176413635aa551f to remote] DEBUG org.asynchttpclient.netty.request.NettyRequestSender - Using open Channel [id: 0x1710d0e1, L:/127.0.0.1:63568 - R:localhost/127.0.0.1:19589] for POST '/session/01514487ab659c439176413635aa551f/element/f.633A1AB8BC7C3ACADAC8B4CABEC273A3.d.7A20D0A3E3FFC25391832E661480E5DA.e.91/click'
20:17:25.392 [AsyncHttpClient-1-2] DEBUG org.asynchttpclient.netty.handler.HttpHandler - 

Request DefaultHttpRequest(decodeResult: success, version: HTTP/1.1)
POST /session/01514487ab659c439176413635aa551f/element/f.633A1AB8BC7C3ACADAC8B4CABEC273A3.d.7A20D0A3E3FFC25391832E661480E5DA.e.91/click HTTP/1.1
User-Agent: selenium/4.12.0 (java windows)
Content-Length: 88
Content-Type: application/json; charset=utf-8
host: localhost:19589
accept: */*

Response DefaultHttpResponse(decodeResult: success, version: HTTP/1.1)
HTTP/1.1 200 OK
Content-Length: 14
Content-Type: application/json; charset=utf-8
cache-control: no-cache

20:17:25.392 [AsyncHttpClient-1-2] DEBUG org.asynchttpclient.netty.channel.ChannelManager - Adding key: http://localhost:19589 for channel [id: 0x1710d0e1, L:/127.0.0.1:63568 - R:localhost/127.0.0.1:19589]
screen shot class not taking
  When Submit the form                                                     # StepDefination.Customer_onboarding.Submit_the_form()
20:17:26.034 [AsyncHttpClient-1-1] DEBUG org.asynchttpclient.netty.channel.DefaultChannelPool - Entry count for : http://localhost:19589 : 1
20:17:26.034 [AsyncHttpClient-1-1] DEBUG org.asynchttpclient.netty.channel.DefaultChannelPool - Entry count for : http://localhost:63569 : 1
20:17:26.413 [Forwarding findElement on session 01514487ab659c439176413635aa551f to remote] DEBUG org.asynchttpclient.netty.request.NettyRequestSender - Using pooled Channel '[id: 0x1710d0e1, L:/127.0.0.1:63568 - R:localhost/127.0.0.1:19589]' for 'POST' to 'http://localhost:19589/session/01514487ab659c439176413635aa551f/element'
20:17:26.413 [Forwarding findElement on session 01514487ab659c439176413635aa551f to remote] DEBUG org.asynchttpclient.netty.request.NettyRequestSender - Using open Channel [id: 0x1710d0e1, L:/127.0.0.1:63568 - R:localhost/127.0.0.1:19589] for POST '/session/01514487ab659c439176413635aa551f/element'
20:17:26.429 [AsyncHttpClient-1-2] DEBUG org.asynchttpclient.netty.handler.HttpHandler - 

Request DefaultHttpRequest(decodeResult: success, version: HTTP/1.1)
POST /session/01514487ab659c439176413635aa551f/element HTTP/1.1
User-Agent: selenium/4.12.0 (java windows)
Content-Length: 175
Content-Type: application/json; charset=utf-8
host: localhost:19589
accept: */*

Response DefaultHttpResponse(decodeResult: success, version: HTTP/1.1)
HTTP/1.1 200 OK
Content-Length: 126
Content-Type: application/json; charset=utf-8
cache-control: no-cache

20:17:26.429 [AsyncHttpClient-1-2] DEBUG org.asynchttpclient.netty.channel.ChannelManager - Adding key: http://localhost:19589 for channel [id: 0x1710d0e1, L:/127.0.0.1:63568 - R:localhost/127.0.0.1:19589]
20:17:26.429 [Forwarding clickElement on session 01514487ab659c439176413635aa551f to remote] DEBUG org.asynchttpclient.netty.request.NettyRequestSender - Using pooled Channel '[id: 0x1710d0e1, L:/127.0.0.1:63568 - R:localhost/127.0.0.1:19589]' for 'POST' to 'http://localhost:19589/session/01514487ab659c439176413635aa551f/element/f.633A1AB8BC7C3ACADAC8B4CABEC273A3.d.7A20D0A3E3FFC25391832E661480E5DA.e.91/click'
20:17:26.429 [Forwarding clickElement on session 01514487ab659c439176413635aa551f to remote] DEBUG org.asynchttpclient.netty.request.NettyRequestSender - Using open Channel [id: 0x1710d0e1, L:/127.0.0.1:63568 - R:localhost/127.0.0.1:19589] for POST '/session/01514487ab659c439176413635aa551f/element/f.633A1AB8BC7C3ACADAC8B4CABEC273A3.d.7A20D0A3E3FFC25391832E661480E5DA.e.91/click'
20:17:26.472 [AsyncHttpClient-1-2] DEBUG org.asynchttpclient.netty.handler.HttpHandler - 

Request DefaultHttpRequest(decodeResult: success, version: HTTP/1.1)
POST /session/01514487ab659c439176413635aa551f/element/f.633A1AB8BC7C3ACADAC8B4CABEC273A3.d.7A20D0A3E3FFC25391832E661480E5DA.e.91/click HTTP/1.1
User-Agent: selenium/4.12.0 (java windows)
Content-Length: 88
Content-Type: application/json; charset=utf-8
host: localhost:19589
accept: */*

Response DefaultHttpResponse(decodeResult: success, version: HTTP/1.1)
HTTP/1.1 200 OK
Content-Length: 14
Content-Type: application/json; charset=utf-8
cache-control: no-cache

20:17:26.472 [AsyncHttpClient-1-2] DEBUG org.asynchttpclient.netty.channel.ChannelManager - Adding key: http://localhost:19589 for channel [id: 0x1710d0e1, L:/127.0.0.1:63568 - R:localhost/127.0.0.1:19589]
screen shot class not taking
  When Add new address                                                     # StepDefination.Customer_onboarding.Add_ew_address()
20:17:27.134 [AsyncHttpClient-1-1] DEBUG org.asynchttpclient.netty.channel.DefaultChannelPool - Entry count for : http://localhost:19589 : 1
20:17:27.134 [AsyncHttpClient-1-1] DEBUG org.asynchttpclient.netty.channel.DefaultChannelPool - Entry count for : http://localhost:63569 : 1
20:17:27.488 [Forwarding findElement on session 01514487ab659c439176413635aa551f to remote] DEBUG org.asynchttpclient.netty.request.NettyRequestSender - Using pooled Channel '[id: 0x1710d0e1, L:/127.0.0.1:63568 - R:localhost/127.0.0.1:19589]' for 'POST' to 'http://localhost:19589/session/01514487ab659c439176413635aa551f/element'
20:17:27.488 [Forwarding findElement on session 01514487ab659c439176413635aa551f to remote] DEBUG org.asynchttpclient.netty.request.NettyRequestSender - Using open Channel [id: 0x1710d0e1, L:/127.0.0.1:63568 - R:localhost/127.0.0.1:19589] for POST '/session/01514487ab659c439176413635aa551f/element'
20:17:27.503 [AsyncHttpClient-1-2] DEBUG org.asynchttpclient.netty.handler.HttpHandler - 

Request DefaultHttpRequest(decodeResult: success, version: HTTP/1.1)
POST /session/01514487ab659c439176413635aa551f/element HTTP/1.1
User-Agent: selenium/4.12.0 (java windows)
Content-Length: 174
Content-Type: application/json; charset=utf-8
host: localhost:19589
accept: */*

Response DefaultHttpResponse(decodeResult: success, version: HTTP/1.1)
HTTP/1.1 404 Not Found
Content-Length: 1151
Content-Type: application/json; charset=utf-8
cache-control: no-cache

20:17:27.503 [AsyncHttpClient-1-2] DEBUG org.asynchttpclient.netty.channel.ChannelManager - Adding key: http://localhost:19589 for channel [id: 0x1710d0e1, L:/127.0.0.1:63568 - R:localhost/127.0.0.1:19589]
  And Add_new_address_detailsMain_street001 YK FL 987678 USA               # StepDefination.Customer_onboarding.Add_new_addrest_details(java.lang.String,java.lang.String,java.lang.String,java.lang.String,java.lang.String)
      org.openqa.selenium.NoSuchElementException: no such element: Unable to locate element: {"method":"xpath","selector":"//div[@class='h-full overflow-x-hidden overflow-y-scroll relative grow p-6']//input[@placeholder='Enter street name']"}
  (Session info: chrome=131.0.6778.265)
For documentation on this error, please visit: https://www.selenium.dev/documentation/webdriver/troubleshooting/errors#no-such-element-exception
Build info: version: '4.12.0', revision: '249f2a7d1b*'
System info: os.name: 'Windows 11', os.arch: 'amd64', os.version: '10.0', java.version: '17.0.11'
Driver info: org.openqa.selenium.chrome.ChromeDriver
Command: [01514487ab659c439176413635aa551f, findElement {using=xpath, value=//div[@class='h-full overflow-x-hidden overflow-y-scroll relative grow p-6']//input[@placeholder='Enter street name']}]
Capabilities {acceptInsecureCerts: false, browserName: chrome, browserVersion: 131.0.6778.265, chrome: {chromedriverVersion: 131.0.6778.204 (52183f9e99a..., userDataDir: C:\Users\ANIKET~1\AppData\L...}, fedcm:accounts: true, goog:chromeOptions: {debuggerAddress: localhost:63569}, networkConnectionEnabled: false, pageLoadStrategy: normal, platformName: windows, proxy: Proxy(), se:cdp: ws://localhost:63569/devtoo..., se:cdpVersion: 131.0.6778.265, setWindowRect: true, strictFileInteractability: false, timeouts: {implicit: 0, pageLoad: 300000, script: 30000}, unhandledPromptBehavior: dismiss and notify, webauthn:extension:credBlob: true, webauthn:extension:largeBlob: true, webauthn:extension:minPinLength: true, webauthn:extension:prf: true, webauthn:virtualAuthenticators: true}
Session ID: 01514487ab659c439176413635aa551f
	at java.base/jdk.internal.reflect.NativeConstructorAccessorImpl.newInstance0(Native Method)
	at java.base/jdk.internal.reflect.NativeConstructorAccessorImpl.newInstance(NativeConstructorAccessorImpl.java:77)
	at java.base/jdk.internal.reflect.DelegatingConstructorAccessorImpl.newInstance(DelegatingConstructorAccessorImpl.java:45)
	at java.base/java.lang.reflect.Constructor.newInstanceWithCaller(Constructor.java:499)
	at java.base/java.lang.reflect.Constructor.newInstance(Constructor.java:480)
	at org.openqa.selenium.remote.codec.w3c.W3CHttpResponseCodec.createException(W3CHttpResponseCodec.java:200)
	at org.openqa.selenium.remote.codec.w3c.W3CHttpResponseCodec.decode(W3CHttpResponseCodec.java:133)
	at org.openqa.selenium.remote.codec.w3c.W3CHttpResponseCodec.decode(W3CHttpResponseCodec.java:52)
	at org.openqa.selenium.remote.HttpCommandExecutor.execute(HttpCommandExecutor.java:191)
	at org.openqa.selenium.remote.service.DriverCommandExecutor.invokeExecute(DriverCommandExecutor.java:196)
	at org.openqa.selenium.remote.service.DriverCommandExecutor.execute(DriverCommandExecutor.java:171)
	at org.openqa.selenium.remote.RemoteWebDriver.execute(RemoteWebDriver.java:602)
	at org.openqa.selenium.remote.ElementLocation$ElementFinder$2.findElement(ElementLocation.java:165)
	at org.openqa.selenium.remote.ElementLocation.findElement(ElementLocation.java:59)
	at org.openqa.selenium.remote.RemoteWebDriver.findElement(RemoteWebDriver.java:359)
	at org.openqa.selenium.remote.RemoteWebDriver.findElement(RemoteWebDriver.java:353)
	at org.openqa.selenium.support.pagefactory.DefaultElementLocator.findElement(DefaultElementLocator.java:68)
	at org.openqa.selenium.support.pagefactory.internal.LocatingElementHandler.invoke(LocatingElementHandler.java:38)
	at jdk.proxy2/jdk.proxy2.$Proxy24.sendKeys(Unknown Source)
	at PageObjects.Customer_objects.New_Enter_address(Customer_objects.java:206)
	at StepDefination.Customer_onboarding.Add_new_addrest_details(Customer_onboarding.java:120)
	at âœ½.Add_new_address_detailsMain_street001 YK FL 987678 USA(file:///C:/Users/Aniket%20Satpute/eclipse-workspace/FleetProject/src/test/resources/Customers/Customer_form.feature:75)

  When Submit the form                                                     # StepDefination.Customer_onboarding.Submit_the_form()
  Then Verify_the_New_address                                              # StepDefination.Customer_onboarding.Verify_the_New_address()
  And Close_Window                                                         # StepDefination.Customer_onboarding.close_window()
      java.lang.NullPointerException: Cannot invoke "org.openqa.selenium.WebDriver.quit()" because "this.Idriver" is null
	at PageObjects.Base_class.close_window(Base_class.java:52)
	at StepDefination.Signin.close_window(Signin.java:119)
	at StepDefination.My_Load.AfterAll(My_Load.java:144)

]]></system-out>
    <system-err><![CDATA[Jan 18, 2025 8:17:08 PM org.openqa.selenium.devtools.CdpVersionFinder findNearestMatch
WARNING: Unable to find CDP implementation matching 131
Jan 18, 2025 8:17:08 PM org.openqa.selenium.chromium.ChromiumDriver lambda$new$5
WARNING: Unable to find version of CDP to use for 131.0.6778.265. You may need to include a dependency on a specific version of the CDP using something similar to `org.seleniumhq.selenium:selenium-devtools-v86:4.12.0` where the version ("v86") matches the version of the chromium-based browser you're using and the version number of the artifact is the same as Selenium's.
]]></system-err>
  </testcase>
  <testcase name="Add Extra address" classname="Customer Onboarding form for Broker" time="20.498">
    <error message="Cannot invoke &quot;org.openqa.selenium.WebDriver.quit()&quot; because &quot;this.Idriver&quot; is null" type="java.lang.NullPointerException"><![CDATA[java.lang.NullPointerException: Cannot invoke "org.openqa.selenium.WebDriver.quit()" because "this.Idriver" is null
	at PageObjects.Base_class.close_window(Base_class.java:52)
	at StepDefination.Signin.close_window(Signin.java:119)
	at StepDefination.My_Load.AfterAll(My_Load.java:144)
]]></error>
  </testcase>
  <testcase name="Signin with email and password #1" classname="User sign IN" time="11.337">
    <error message="Cannot invoke &quot;org.openqa.selenium.WebDriver.quit()&quot; because &quot;this.Idriver&quot; is null" type="java.lang.NullPointerException"><![CDATA[java.lang.NullPointerException: Cannot invoke "org.openqa.selenium.WebDriver.quit()" because "this.Idriver" is null
	at PageObjects.Base_class.close_window(Base_class.java:52)
	at StepDefination.Signin.close_window(Signin.java:119)
	at StepDefination.My_Load.AfterAll(My_Load.java:144)
]]></error>
    <system-out><![CDATA[
Scenario Outline: Signin with email and password           # src/test/resources/Login/Login.feature:12
20:17:27.805 [AsyncHttpClient-1-5] DEBUG org.asynchttpclient.netty.channel.NettyConnectListener - Using new Channel '[id: 0x4dec896b, L:/127.0.0.1:63606 - R:localhost/127.0.0.1:5581]' for 'POST' to '/session'
20:17:28.233 [AsyncHttpClient-1-1] DEBUG org.asynchttpclient.netty.channel.DefaultChannelPool - Entry count for : http://localhost:19589 : 1
20:17:28.233 [AsyncHttpClient-1-1] DEBUG org.asynchttpclient.netty.channel.DefaultChannelPool - Entry count for : http://localhost:63569 : 1
20:17:28.484 [AsyncHttpClient-1-5] DEBUG org.asynchttpclient.netty.handler.HttpHandler - 

Request DefaultHttpRequest(decodeResult: success, version: HTTP/1.1)
POST /session HTTP/1.1
User-Agent: selenium/4.12.0 (java windows)
Content-Length: 254
Content-Type: application/json; charset=utf-8
host: localhost:5581
accept: */*

Response DefaultHttpResponse(decodeResult: success, version: HTTP/1.1)
HTTP/1.1 200 OK
Content-Length: 887
Content-Type: application/json; charset=utf-8
cache-control: no-cache

20:17:28.484 [AsyncHttpClient-1-5] DEBUG org.asynchttpclient.netty.channel.ChannelManager - Adding key: http://localhost:5581 for channel [id: 0x4dec896b, L:/127.0.0.1:63606 - R:localhost/127.0.0.1:5581]
20:17:28.484 [AsyncHttpClient-1-6] DEBUG org.asynchttpclient.netty.channel.NettyConnectListener - Using new Channel '[id: 0x639fab6b, L:/127.0.0.1:63613 - R:localhost/127.0.0.1:63607]' for 'GET' to '/json/version'
20:17:28.484 [AsyncHttpClient-1-6] DEBUG org.asynchttpclient.netty.handler.HttpHandler - 

Request DefaultFullHttpRequest(decodeResult: success, version: HTTP/1.1, content: EmptyByteBufBE)
GET /json/version HTTP/1.1
User-Agent: selenium/4.12.0 (java windows)
host: localhost:63607
accept: */*

Response DefaultHttpResponse(decodeResult: success, version: HTTP/1.1)
HTTP/1.1 200 OK
Content-Security-Policy: frame-ancestors 'none'
Content-Length: 424
Content-Type: application/json; charset=UTF-8

20:17:28.484 [AsyncHttpClient-1-6] DEBUG org.asynchttpclient.netty.channel.ChannelManager - Adding key: http://localhost:63607 for channel [id: 0x639fab6b, L:/127.0.0.1:63613 - R:localhost/127.0.0.1:63607]
20:17:28.499 [AsyncHttpClient-1-7] DEBUG org.asynchttpclient.netty.channel.NettyConnectListener - Using new Channel '[id: 0x02717f63, L:/127.0.0.1:63614 - R:localhost/127.0.0.1:63607]' for 'GET' to '/devtools/browser/15cd5aa1-7f6a-4fb3-a9d3-a1bb7ee3f3bb'
20:17:28.501 [AsyncHttpClient-1-7] DEBUG org.asynchttpclient.netty.handler.WebSocketHandler - 

Request DefaultFullHttpRequest(decodeResult: success, version: HTTP/1.1, content: EmptyByteBufBE)
GET /devtools/browser/15cd5aa1-7f6a-4fb3-a9d3-a1bb7ee3f3bb HTTP/1.1
upgrade: websocket
connection: upgrade
sec-websocket-key: wCSUOnRdRmRMIKKr5dnBTg==
sec-websocket-version: 13
origin: http://localhost:63607
host: localhost:63607
accept: */*
user-agent: AHC/2.1

Response DefaultHttpResponse(decodeResult: success, version: HTTP/1.1)
HTTP/1.1 101 WebSocket Protocol Handshake
Upgrade: WebSocket
Connection: Upgrade
Sec-WebSocket-Accept: fS/Dl1z3hORtkv+dtF0RFNJhEeY=

20:17:28.506 [Forwarding get on session 18f260d25f47a04cc334bc6e52275d74 to remote] DEBUG org.asynchttpclient.netty.request.NettyRequestSender - Using pooled Channel '[id: 0x4dec896b, L:/127.0.0.1:63606 - R:localhost/127.0.0.1:5581]' for 'POST' to 'http://localhost:5581/session/18f260d25f47a04cc334bc6e52275d74/url'
20:17:28.506 [Forwarding get on session 18f260d25f47a04cc334bc6e52275d74 to remote] DEBUG org.asynchttpclient.netty.request.NettyRequestSender - Using open Channel [id: 0x4dec896b, L:/127.0.0.1:63606 - R:localhost/127.0.0.1:5581] for POST '/session/18f260d25f47a04cc334bc6e52275d74/url'
20:17:29.334 [AsyncHttpClient-1-1] DEBUG org.asynchttpclient.netty.channel.DefaultChannelPool - Entry count for : http://localhost:19589 : 1
20:17:29.334 [AsyncHttpClient-1-1] DEBUG org.asynchttpclient.netty.channel.DefaultChannelPool - Entry count for : http://localhost:63607 : 1
20:17:29.334 [AsyncHttpClient-1-1] DEBUG org.asynchttpclient.netty.channel.DefaultChannelPool - Entry count for : http://localhost:63569 : 1
20:17:29.938 [AsyncHttpClient-1-5] DEBUG org.asynchttpclient.netty.handler.HttpHandler - 

Request DefaultHttpRequest(decodeResult: success, version: HTTP/1.1)
POST /session/18f260d25f47a04cc334bc6e52275d74/url HTTP/1.1
User-Agent: selenium/4.12.0 (java windows)
Content-Length: 92
Content-Type: application/json; charset=utf-8
host: localhost:5581
accept: */*

Response DefaultHttpResponse(decodeResult: success, version: HTTP/1.1)
HTTP/1.1 200 OK
Content-Length: 14
Content-Type: application/json; charset=utf-8
cache-control: no-cache

20:17:29.938 [AsyncHttpClient-1-5] DEBUG org.asynchttpclient.netty.channel.ChannelManager - Adding key: http://localhost:5581 for channel [id: 0x4dec896b, L:/127.0.0.1:63606 - R:localhost/127.0.0.1:5581]
20:17:29.938 [Forwarding maximizeCurrentWindow on session 18f260d25f47a04cc334bc6e52275d74 to remote] DEBUG org.asynchttpclient.netty.request.NettyRequestSender - Using pooled Channel '[id: 0x4dec896b, L:/127.0.0.1:63606 - R:localhost/127.0.0.1:5581]' for 'POST' to 'http://localhost:5581/session/18f260d25f47a04cc334bc6e52275d74/window/maximize'
20:17:29.938 [Forwarding maximizeCurrentWindow on session 18f260d25f47a04cc334bc6e52275d74 to remote] DEBUG org.asynchttpclient.netty.request.NettyRequestSender - Using open Channel [id: 0x4dec896b, L:/127.0.0.1:63606 - R:localhost/127.0.0.1:5581] for POST '/session/18f260d25f47a04cc334bc6e52275d74/window/maximize'
20:17:29.968 [AsyncHttpClient-1-5] DEBUG org.asynchttpclient.netty.handler.HttpHandler - 

Request DefaultHttpRequest(decodeResult: success, version: HTTP/1.1)
POST /session/18f260d25f47a04cc334bc6e52275d74/window/maximize HTTP/1.1
User-Agent: selenium/4.12.0 (java windows)
Content-Length: 3
Content-Type: application/json; charset=utf-8
host: localhost:5581
accept: */*

Response DefaultHttpResponse(decodeResult: success, version: HTTP/1.1)
HTTP/1.1 200 OK
Content-Length: 51
Content-Type: application/json; charset=utf-8
cache-control: no-cache

20:17:29.968 [AsyncHttpClient-1-5] DEBUG org.asynchttpclient.netty.channel.ChannelManager - Adding key: http://localhost:5581 for channel [id: 0x4dec896b, L:/127.0.0.1:63606 - R:localhost/127.0.0.1:5581]
  Given I have login panel-test                            # StepDefination.Signin.I_have_login_panel()
20:17:29.973 [Forwarding findElement on session 18f260d25f47a04cc334bc6e52275d74 to remote] DEBUG org.asynchttpclient.netty.request.NettyRequestSender - Using pooled Channel '[id: 0x4dec896b, L:/127.0.0.1:63606 - R:localhost/127.0.0.1:5581]' for 'POST' to 'http://localhost:5581/session/18f260d25f47a04cc334bc6e52275d74/element'
20:17:29.973 [Forwarding findElement on session 18f260d25f47a04cc334bc6e52275d74 to remote] DEBUG org.asynchttpclient.netty.request.NettyRequestSender - Using open Channel [id: 0x4dec896b, L:/127.0.0.1:63606 - R:localhost/127.0.0.1:5581] for POST '/session/18f260d25f47a04cc334bc6e52275d74/element'
20:17:29.986 [AsyncHttpClient-1-5] DEBUG org.asynchttpclient.netty.handler.HttpHandler - 

Request DefaultHttpRequest(decodeResult: success, version: HTTP/1.1)
POST /session/18f260d25f47a04cc334bc6e52275d74/element HTTP/1.1
User-Agent: selenium/4.12.0 (java windows)
Content-Length: 69
Content-Type: application/json; charset=utf-8
host: localhost:5581
accept: */*

Response DefaultHttpResponse(decodeResult: success, version: HTTP/1.1)
HTTP/1.1 200 OK
Content-Length: 125
Content-Type: application/json; charset=utf-8
cache-control: no-cache

20:17:29.986 [AsyncHttpClient-1-5] DEBUG org.asynchttpclient.netty.channel.ChannelManager - Adding key: http://localhost:5581 for channel [id: 0x4dec896b, L:/127.0.0.1:63606 - R:localhost/127.0.0.1:5581]
20:17:29.986 [Forwarding sendKeysToElement on session 18f260d25f47a04cc334bc6e52275d74 to remote] DEBUG org.asynchttpclient.netty.request.NettyRequestSender - Using pooled Channel '[id: 0x4dec896b, L:/127.0.0.1:63606 - R:localhost/127.0.0.1:5581]' for 'POST' to 'http://localhost:5581/session/18f260d25f47a04cc334bc6e52275d74/element/f.5D9AE17FDF409DB9A901C41CAAE7821A.d.E47FF82C8EA96E786999E2F96709ADE4.e.4/value'
20:17:29.986 [Forwarding sendKeysToElement on session 18f260d25f47a04cc334bc6e52275d74 to remote] DEBUG org.asynchttpclient.netty.request.NettyRequestSender - Using open Channel [id: 0x4dec896b, L:/127.0.0.1:63606 - R:localhost/127.0.0.1:5581] for POST '/session/18f260d25f47a04cc334bc6e52275d74/element/f.5D9AE17FDF409DB9A901C41CAAE7821A.d.E47FF82C8EA96E786999E2F96709ADE4.e.4/value'
20:17:30.079 [AsyncHttpClient-1-5] DEBUG org.asynchttpclient.netty.handler.HttpHandler - 

Request DefaultHttpRequest(decodeResult: success, version: HTTP/1.1)
POST /session/18f260d25f47a04cc334bc6e52275d74/element/f.5D9AE17FDF409DB9A901C41CAAE7821A.d.E47FF82C8EA96E786999E2F96709ADE4.e.4/value HTTP/1.1
User-Agent: selenium/4.12.0 (java windows)
Content-Length: 338
Content-Type: application/json; charset=utf-8
host: localhost:5581
accept: */*

Response DefaultHttpResponse(decodeResult: success, version: HTTP/1.1)
HTTP/1.1 200 OK
Content-Length: 14
Content-Type: application/json; charset=utf-8
cache-control: no-cache

20:17:30.079 [AsyncHttpClient-1-5] DEBUG org.asynchttpclient.netty.channel.ChannelManager - Adding key: http://localhost:5581 for channel [id: 0x4dec896b, L:/127.0.0.1:63606 - R:localhost/127.0.0.1:5581]
20:17:30.079 [Forwarding findElement on session 18f260d25f47a04cc334bc6e52275d74 to remote] DEBUG org.asynchttpclient.netty.request.NettyRequestSender - Using pooled Channel '[id: 0x4dec896b, L:/127.0.0.1:63606 - R:localhost/127.0.0.1:5581]' for 'POST' to 'http://localhost:5581/session/18f260d25f47a04cc334bc6e52275d74/element'
20:17:30.079 [Forwarding findElement on session 18f260d25f47a04cc334bc6e52275d74 to remote] DEBUG org.asynchttpclient.netty.request.NettyRequestSender - Using open Channel [id: 0x4dec896b, L:/127.0.0.1:63606 - R:localhost/127.0.0.1:5581] for POST '/session/18f260d25f47a04cc334bc6e52275d74/element'
20:17:30.084 [AsyncHttpClient-1-5] DEBUG org.asynchttpclient.netty.handler.HttpHandler - 

Request DefaultHttpRequest(decodeResult: success, version: HTTP/1.1)
POST /session/18f260d25f47a04cc334bc6e52275d74/element HTTP/1.1
User-Agent: selenium/4.12.0 (java windows)
Content-Length: 72
Content-Type: application/json; charset=utf-8
host: localhost:5581
accept: */*

Response DefaultHttpResponse(decodeResult: success, version: HTTP/1.1)
HTTP/1.1 200 OK
Content-Length: 125
Content-Type: application/json; charset=utf-8
cache-control: no-cache

20:17:30.084 [AsyncHttpClient-1-5] DEBUG org.asynchttpclient.netty.channel.ChannelManager - Adding key: http://localhost:5581 for channel [id: 0x4dec896b, L:/127.0.0.1:63606 - R:localhost/127.0.0.1:5581]
20:17:30.084 [Forwarding sendKeysToElement on session 18f260d25f47a04cc334bc6e52275d74 to remote] DEBUG org.asynchttpclient.netty.request.NettyRequestSender - Using pooled Channel '[id: 0x4dec896b, L:/127.0.0.1:63606 - R:localhost/127.0.0.1:5581]' for 'POST' to 'http://localhost:5581/session/18f260d25f47a04cc334bc6e52275d74/element/f.5D9AE17FDF409DB9A901C41CAAE7821A.d.E47FF82C8EA96E786999E2F96709ADE4.e.6/value'
20:17:30.084 [Forwarding sendKeysToElement on session 18f260d25f47a04cc334bc6e52275d74 to remote] DEBUG org.asynchttpclient.netty.request.NettyRequestSender - Using open Channel [id: 0x4dec896b, L:/127.0.0.1:63606 - R:localhost/127.0.0.1:5581] for POST '/session/18f260d25f47a04cc334bc6e52275d74/element/f.5D9AE17FDF409DB9A901C41CAAE7821A.d.E47FF82C8EA96E786999E2F96709ADE4.e.6/value'
20:17:30.137 [AsyncHttpClient-1-5] DEBUG org.asynchttpclient.netty.handler.HttpHandler - 

Request DefaultHttpRequest(decodeResult: success, version: HTTP/1.1)
POST /session/18f260d25f47a04cc334bc6e52275d74/element/f.5D9AE17FDF409DB9A901C41CAAE7821A.d.E47FF82C8EA96E786999E2F96709ADE4.e.6/value HTTP/1.1
User-Agent: selenium/4.12.0 (java windows)
Content-Length: 208
Content-Type: application/json; charset=utf-8
host: localhost:5581
accept: */*

Response DefaultHttpResponse(decodeResult: success, version: HTTP/1.1)
HTTP/1.1 200 OK
Content-Length: 14
Content-Type: application/json; charset=utf-8
cache-control: no-cache

20:17:30.137 [AsyncHttpClient-1-5] DEBUG org.asynchttpclient.netty.channel.ChannelManager - Adding key: http://localhost:5581 for channel [id: 0x4dec896b, L:/127.0.0.1:63606 - R:localhost/127.0.0.1:5581]
  When I provide fokisaj290@edectus.com and Fleet@123-test # StepDefination.Signin.i_provide_id_and_password(java.lang.String,java.lang.String)
20:17:30.149 [Forwarding findElement on session 18f260d25f47a04cc334bc6e52275d74 to remote] DEBUG org.asynchttpclient.netty.request.NettyRequestSender - Using pooled Channel '[id: 0x4dec896b, L:/127.0.0.1:63606 - R:localhost/127.0.0.1:5581]' for 'POST' to 'http://localhost:5581/session/18f260d25f47a04cc334bc6e52275d74/element'
20:17:30.149 [Forwarding findElement on session 18f260d25f47a04cc334bc6e52275d74 to remote] DEBUG org.asynchttpclient.netty.request.NettyRequestSender - Using open Channel [id: 0x4dec896b, L:/127.0.0.1:63606 - R:localhost/127.0.0.1:5581] for POST '/session/18f260d25f47a04cc334bc6e52275d74/element'
20:17:30.150 [AsyncHttpClient-1-5] DEBUG org.asynchttpclient.netty.handler.HttpHandler - 

Request DefaultHttpRequest(decodeResult: success, version: HTTP/1.1)
POST /session/18f260d25f47a04cc334bc6e52275d74/element HTTP/1.1
User-Agent: selenium/4.12.0 (java windows)
Content-Length: 73
Content-Type: application/json; charset=utf-8
host: localhost:5581
accept: */*

Response DefaultHttpResponse(decodeResult: success, version: HTTP/1.1)
HTTP/1.1 200 OK
Content-Length: 125
Content-Type: application/json; charset=utf-8
cache-control: no-cache

20:17:30.150 [AsyncHttpClient-1-5] DEBUG org.asynchttpclient.netty.channel.ChannelManager - Adding key: http://localhost:5581 for channel [id: 0x4dec896b, L:/127.0.0.1:63606 - R:localhost/127.0.0.1:5581]
20:17:30.150 [Forwarding clickElement on session 18f260d25f47a04cc334bc6e52275d74 to remote] DEBUG org.asynchttpclient.netty.request.NettyRequestSender - Using pooled Channel '[id: 0x4dec896b, L:/127.0.0.1:63606 - R:localhost/127.0.0.1:5581]' for 'POST' to 'http://localhost:5581/session/18f260d25f47a04cc334bc6e52275d74/element/f.5D9AE17FDF409DB9A901C41CAAE7821A.d.E47FF82C8EA96E786999E2F96709ADE4.e.8/click'
20:17:30.150 [Forwarding clickElement on session 18f260d25f47a04cc334bc6e52275d74 to remote] DEBUG org.asynchttpclient.netty.request.NettyRequestSender - Using open Channel [id: 0x4dec896b, L:/127.0.0.1:63606 - R:localhost/127.0.0.1:5581] for POST '/session/18f260d25f47a04cc334bc6e52275d74/element/f.5D9AE17FDF409DB9A901C41CAAE7821A.d.E47FF82C8EA96E786999E2F96709ADE4.e.8/click'
20:17:30.204 [AsyncHttpClient-1-5] DEBUG org.asynchttpclient.netty.handler.HttpHandler - 

Request DefaultHttpRequest(decodeResult: success, version: HTTP/1.1)
POST /session/18f260d25f47a04cc334bc6e52275d74/element/f.5D9AE17FDF409DB9A901C41CAAE7821A.d.E47FF82C8EA96E786999E2F96709ADE4.e.8/click HTTP/1.1
User-Agent: selenium/4.12.0 (java windows)
Content-Length: 87
Content-Type: application/json; charset=utf-8
host: localhost:5581
accept: */*

Response DefaultHttpResponse(decodeResult: success, version: HTTP/1.1)
HTTP/1.1 200 OK
Content-Length: 14
Content-Type: application/json; charset=utf-8
cache-control: no-cache

20:17:30.204 [AsyncHttpClient-1-5] DEBUG org.asynchttpclient.netty.channel.ChannelManager - Adding key: http://localhost:5581 for channel [id: 0x4dec896b, L:/127.0.0.1:63606 - R:localhost/127.0.0.1:5581]
20:17:30.434 [AsyncHttpClient-1-1] DEBUG org.asynchttpclient.netty.channel.DefaultChannelPool - Entry count for : http://localhost:19589 : 1
20:17:30.434 [AsyncHttpClient-1-1] DEBUG org.asynchttpclient.netty.channel.DefaultChannelPool - Entry count for : http://localhost:5581 : 1
20:17:30.434 [AsyncHttpClient-1-1] DEBUG org.asynchttpclient.netty.channel.DefaultChannelPool - Entry count for : http://localhost:63607 : 1
20:17:30.434 [AsyncHttpClient-1-1] DEBUG org.asynchttpclient.netty.channel.DefaultChannelPool - Entry count for : http://localhost:63569 : 1
20:17:31.537 [AsyncHttpClient-1-1] DEBUG org.asynchttpclient.netty.channel.DefaultChannelPool - Entry count for : http://localhost:19589 : 1
20:17:31.537 [AsyncHttpClient-1-1] DEBUG org.asynchttpclient.netty.channel.DefaultChannelPool - Entry count for : http://localhost:5581 : 1
20:17:31.537 [AsyncHttpClient-1-1] DEBUG org.asynchttpclient.netty.channel.DefaultChannelPool - Entry count for : http://localhost:63607 : 1
20:17:31.537 [AsyncHttpClient-1-1] DEBUG org.asynchttpclient.netty.channel.DefaultChannelPool - Entry count for : http://localhost:63569 : 1
20:17:32.633 [AsyncHttpClient-1-1] DEBUG org.asynchttpclient.netty.channel.DefaultChannelPool - Entry count for : http://localhost:19589 : 1
20:17:32.633 [AsyncHttpClient-1-1] DEBUG org.asynchttpclient.netty.channel.DefaultChannelPool - Entry count for : http://localhost:5581 : 1
20:17:32.633 [AsyncHttpClient-1-1] DEBUG org.asynchttpclient.netty.channel.DefaultChannelPool - Entry count for : http://localhost:63607 : 1
20:17:32.633 [AsyncHttpClient-1-1] DEBUG org.asynchttpclient.netty.channel.DefaultChannelPool - Entry count for : http://localhost:63569 : 1
20:17:33.737 [AsyncHttpClient-1-1] DEBUG org.asynchttpclient.netty.channel.DefaultChannelPool - Entry count for : http://localhost:19589 : 1
20:17:33.737 [AsyncHttpClient-1-1] DEBUG org.asynchttpclient.netty.channel.DefaultChannelPool - Entry count for : http://localhost:5581 : 1
20:17:33.737 [AsyncHttpClient-1-1] DEBUG org.asynchttpclient.netty.channel.DefaultChannelPool - Entry count for : http://localhost:63607 : 1
20:17:33.737 [AsyncHttpClient-1-1] DEBUG org.asynchttpclient.netty.channel.DefaultChannelPool - Entry count for : http://localhost:63569 : 1
20:17:34.832 [AsyncHttpClient-1-1] DEBUG org.asynchttpclient.netty.channel.DefaultChannelPool - Entry count for : http://localhost:19589 : 1
20:17:34.832 [AsyncHttpClient-1-1] DEBUG org.asynchttpclient.netty.channel.DefaultChannelPool - Entry count for : http://localhost:5581 : 1
20:17:34.832 [AsyncHttpClient-1-1] DEBUG org.asynchttpclient.netty.channel.DefaultChannelPool - Entry count for : http://localhost:63607 : 1
20:17:34.832 [AsyncHttpClient-1-1] DEBUG org.asynchttpclient.netty.channel.DefaultChannelPool - Entry count for : http://localhost:63569 : 1
  And Tap on submit button-test                            # StepDefination.Signin.tap_on_submit_button()
20:17:35.217 [Forwarding getCurrentUrl on session 18f260d25f47a04cc334bc6e52275d74 to remote] DEBUG org.asynchttpclient.netty.request.NettyRequestSender - Using pooled Channel '[id: 0x4dec896b, L:/127.0.0.1:63606 - R:localhost/127.0.0.1:5581]' for 'GET' to 'http://localhost:5581/session/18f260d25f47a04cc334bc6e52275d74/url'
20:17:35.217 [Forwarding getCurrentUrl on session 18f260d25f47a04cc334bc6e52275d74 to remote] DEBUG org.asynchttpclient.netty.request.NettyRequestSender - Using open Channel [id: 0x4dec896b, L:/127.0.0.1:63606 - R:localhost/127.0.0.1:5581] for GET '/session/18f260d25f47a04cc334bc6e52275d74/url'
20:17:35.217 [AsyncHttpClient-1-5] DEBUG org.asynchttpclient.netty.handler.HttpHandler - 

Request DefaultFullHttpRequest(decodeResult: success, version: HTTP/1.1, content: EmptyByteBufBE)
GET /session/18f260d25f47a04cc334bc6e52275d74/url HTTP/1.1
Cache-Control: no-cache
User-Agent: selenium/4.12.0 (java windows)
Content-Type: application/json; charset=utf-8
host: localhost:5581
accept: */*

Response DefaultHttpResponse(decodeResult: success, version: HTTP/1.1)
HTTP/1.1 200 OK
Content-Length: 69
Content-Type: application/json; charset=utf-8
cache-control: no-cache

20:17:35.217 [AsyncHttpClient-1-5] DEBUG org.asynchttpclient.netty.channel.ChannelManager - Adding key: http://localhost:5581 for channel [id: 0x4dec896b, L:/127.0.0.1:63606 - R:localhost/127.0.0.1:5581]
https://fleet-manager-development.vercel.app/auth/sign-in
20:17:35.233 [Forwarding findElement on session 18f260d25f47a04cc334bc6e52275d74 to remote] DEBUG org.asynchttpclient.netty.request.NettyRequestSender - Using pooled Channel '[id: 0x4dec896b, L:/127.0.0.1:63606 - R:localhost/127.0.0.1:5581]' for 'POST' to 'http://localhost:5581/session/18f260d25f47a04cc334bc6e52275d74/element'
20:17:35.233 [Forwarding findElement on session 18f260d25f47a04cc334bc6e52275d74 to remote] DEBUG org.asynchttpclient.netty.request.NettyRequestSender - Using open Channel [id: 0x4dec896b, L:/127.0.0.1:63606 - R:localhost/127.0.0.1:5581] for POST '/session/18f260d25f47a04cc334bc6e52275d74/element'
20:17:35.249 [AsyncHttpClient-1-5] DEBUG org.asynchttpclient.netty.handler.HttpHandler - 

Request DefaultHttpRequest(decodeResult: success, version: HTTP/1.1)
POST /session/18f260d25f47a04cc334bc6e52275d74/element HTTP/1.1
User-Agent: selenium/4.12.0 (java windows)
Content-Length: 66
Content-Type: application/json; charset=utf-8
host: localhost:5581
accept: */*

Response DefaultHttpResponse(decodeResult: success, version: HTTP/1.1)
HTTP/1.1 200 OK
Content-Length: 126
Content-Type: application/json; charset=utf-8
cache-control: no-cache

20:17:35.249 [AsyncHttpClient-1-5] DEBUG org.asynchttpclient.netty.channel.ChannelManager - Adding key: http://localhost:5581 for channel [id: 0x4dec896b, L:/127.0.0.1:63606 - R:localhost/127.0.0.1:5581]
20:17:35.249 [Forwarding isElementDisplayed on session 18f260d25f47a04cc334bc6e52275d74 to remote] DEBUG org.asynchttpclient.netty.request.NettyRequestSender - Using pooled Channel '[id: 0x4dec896b, L:/127.0.0.1:63606 - R:localhost/127.0.0.1:5581]' for 'POST' to 'http://localhost:5581/session/18f260d25f47a04cc334bc6e52275d74/execute/sync'
20:17:35.249 [Forwarding isElementDisplayed on session 18f260d25f47a04cc334bc6e52275d74 to remote] DEBUG org.asynchttpclient.netty.request.NettyRequestSender - Using open Channel [id: 0x4dec896b, L:/127.0.0.1:63606 - R:localhost/127.0.0.1:5581] for POST '/session/18f260d25f47a04cc334bc6e52275d74/execute/sync'
20:17:35.249 [AsyncHttpClient-1-5] DEBUG org.asynchttpclient.netty.handler.HttpHandler - 

Request DefaultHttpRequest(decodeResult: success, version: HTTP/1.1)
POST /session/18f260d25f47a04cc334bc6e52275d74/execute/sync HTTP/1.1
User-Agent: selenium/4.12.0 (java windows)
Content-Length: 48734
Content-Type: application/json; charset=utf-8
host: localhost:5581
accept: */*

Response DefaultHttpResponse(decodeResult: success, version: HTTP/1.1)
HTTP/1.1 200 OK
Content-Length: 14
Content-Type: application/json; charset=utf-8
cache-control: no-cache

20:17:35.249 [AsyncHttpClient-1-5] DEBUG org.asynchttpclient.netty.channel.ChannelManager - Adding key: http://localhost:5581 for channel [id: 0x4dec896b, L:/127.0.0.1:63606 - R:localhost/127.0.0.1:5581]
20:17:35.249 [Forwarding findElement on session 18f260d25f47a04cc334bc6e52275d74 to remote] DEBUG org.asynchttpclient.netty.request.NettyRequestSender - Using pooled Channel '[id: 0x4dec896b, L:/127.0.0.1:63606 - R:localhost/127.0.0.1:5581]' for 'POST' to 'http://localhost:5581/session/18f260d25f47a04cc334bc6e52275d74/element'
20:17:35.249 [Forwarding findElement on session 18f260d25f47a04cc334bc6e52275d74 to remote] DEBUG org.asynchttpclient.netty.request.NettyRequestSender - Using open Channel [id: 0x4dec896b, L:/127.0.0.1:63606 - R:localhost/127.0.0.1:5581] for POST '/session/18f260d25f47a04cc334bc6e52275d74/element'
20:17:35.264 [AsyncHttpClient-1-5] DEBUG org.asynchttpclient.netty.handler.HttpHandler - 

Request DefaultHttpRequest(decodeResult: success, version: HTTP/1.1)
POST /session/18f260d25f47a04cc334bc6e52275d74/element HTTP/1.1
User-Agent: selenium/4.12.0 (java windows)
Content-Length: 66
Content-Type: application/json; charset=utf-8
host: localhost:5581
accept: */*

Response DefaultHttpResponse(decodeResult: success, version: HTTP/1.1)
HTTP/1.1 200 OK
Content-Length: 126
Content-Type: application/json; charset=utf-8
cache-control: no-cache

20:17:35.264 [AsyncHttpClient-1-5] DEBUG org.asynchttpclient.netty.channel.ChannelManager - Adding key: http://localhost:5581 for channel [id: 0x4dec896b, L:/127.0.0.1:63606 - R:localhost/127.0.0.1:5581]
20:17:35.264 [Forwarding getElementText on session 18f260d25f47a04cc334bc6e52275d74 to remote] DEBUG org.asynchttpclient.netty.request.NettyRequestSender - Using pooled Channel '[id: 0x4dec896b, L:/127.0.0.1:63606 - R:localhost/127.0.0.1:5581]' for 'GET' to 'http://localhost:5581/session/18f260d25f47a04cc334bc6e52275d74/element/f.5D9AE17FDF409DB9A901C41CAAE7821A.d.E47FF82C8EA96E786999E2F96709ADE4.e.19/text'
20:17:35.264 [Forwarding getElementText on session 18f260d25f47a04cc334bc6e52275d74 to remote] DEBUG org.asynchttpclient.netty.request.NettyRequestSender - Using open Channel [id: 0x4dec896b, L:/127.0.0.1:63606 - R:localhost/127.0.0.1:5581] for GET '/session/18f260d25f47a04cc334bc6e52275d74/element/f.5D9AE17FDF409DB9A901C41CAAE7821A.d.E47FF82C8EA96E786999E2F96709ADE4.e.19/text'
20:17:35.267 [AsyncHttpClient-1-5] DEBUG org.asynchttpclient.netty.handler.HttpHandler - 

Request DefaultFullHttpRequest(decodeResult: success, version: HTTP/1.1, content: EmptyByteBufBE)
GET /session/18f260d25f47a04cc334bc6e52275d74/element/f.5D9AE17FDF409DB9A901C41CAAE7821A.d.E47FF82C8EA96E786999E2F96709ADE4.e.19/text HTTP/1.1
Cache-Control: no-cache
User-Agent: selenium/4.12.0 (java windows)
Content-Type: application/json; charset=utf-8
host: localhost:5581
accept: */*

Response DefaultHttpResponse(decodeResult: success, version: HTTP/1.1)
HTTP/1.1 200 OK
Content-Length: 33
Content-Type: application/json; charset=utf-8
cache-control: no-cache

20:17:35.267 [AsyncHttpClient-1-5] DEBUG org.asynchttpclient.netty.channel.ChannelManager - Adding key: http://localhost:5581 for channel [id: 0x4dec896b, L:/127.0.0.1:63606 - R:localhost/127.0.0.1:5581]
20:17:35.267 [Forwarding findElement on session 18f260d25f47a04cc334bc6e52275d74 to remote] DEBUG org.asynchttpclient.netty.request.NettyRequestSender - Using pooled Channel '[id: 0x4dec896b, L:/127.0.0.1:63606 - R:localhost/127.0.0.1:5581]' for 'POST' to 'http://localhost:5581/session/18f260d25f47a04cc334bc6e52275d74/element'
20:17:35.267 [Forwarding findElement on session 18f260d25f47a04cc334bc6e52275d74 to remote] DEBUG org.asynchttpclient.netty.request.NettyRequestSender - Using open Channel [id: 0x4dec896b, L:/127.0.0.1:63606 - R:localhost/127.0.0.1:5581] for POST '/session/18f260d25f47a04cc334bc6e52275d74/element'
20:17:35.267 [AsyncHttpClient-1-5] DEBUG org.asynchttpclient.netty.handler.HttpHandler - 

Request DefaultHttpRequest(decodeResult: success, version: HTTP/1.1)
POST /session/18f260d25f47a04cc334bc6e52275d74/element HTTP/1.1
User-Agent: selenium/4.12.0 (java windows)
Content-Length: 74
Content-Type: application/json; charset=utf-8
host: localhost:5581
accept: */*

Response DefaultHttpResponse(decodeResult: success, version: HTTP/1.1)
HTTP/1.1 200 OK
Content-Length: 126
Content-Type: application/json; charset=utf-8
cache-control: no-cache

20:17:35.267 [AsyncHttpClient-1-5] DEBUG org.asynchttpclient.netty.channel.ChannelManager - Adding key: http://localhost:5581 for channel [id: 0x4dec896b, L:/127.0.0.1:63606 - R:localhost/127.0.0.1:5581]
20:17:35.267 [Forwarding clickElement on session 18f260d25f47a04cc334bc6e52275d74 to remote] DEBUG org.asynchttpclient.netty.request.NettyRequestSender - Using pooled Channel '[id: 0x4dec896b, L:/127.0.0.1:63606 - R:localhost/127.0.0.1:5581]' for 'POST' to 'http://localhost:5581/session/18f260d25f47a04cc334bc6e52275d74/element/f.5D9AE17FDF409DB9A901C41CAAE7821A.d.E47FF82C8EA96E786999E2F96709ADE4.e.20/click'
20:17:35.267 [Forwarding clickElement on session 18f260d25f47a04cc334bc6e52275d74 to remote] DEBUG org.asynchttpclient.netty.request.NettyRequestSender - Using open Channel [id: 0x4dec896b, L:/127.0.0.1:63606 - R:localhost/127.0.0.1:5581] for POST '/session/18f260d25f47a04cc334bc6e52275d74/element/f.5D9AE17FDF409DB9A901C41CAAE7821A.d.E47FF82C8EA96E786999E2F96709ADE4.e.20/click'
20:17:35.317 [AsyncHttpClient-1-5] DEBUG org.asynchttpclient.netty.handler.HttpHandler - 

Request DefaultHttpRequest(decodeResult: success, version: HTTP/1.1)
POST /session/18f260d25f47a04cc334bc6e52275d74/element/f.5D9AE17FDF409DB9A901C41CAAE7821A.d.E47FF82C8EA96E786999E2F96709ADE4.e.20/click HTTP/1.1
User-Agent: selenium/4.12.0 (java windows)
Content-Length: 88
Content-Type: application/json; charset=utf-8
host: localhost:5581
accept: */*

Response DefaultHttpResponse(decodeResult: success, version: HTTP/1.1)
HTTP/1.1 200 OK
Content-Length: 14
Content-Type: application/json; charset=utf-8
cache-control: no-cache

20:17:35.317 [AsyncHttpClient-1-5] DEBUG org.asynchttpclient.netty.channel.ChannelManager - Adding key: http://localhost:5581 for channel [id: 0x4dec896b, L:/127.0.0.1:63606 - R:localhost/127.0.0.1:5581]
20:17:35.929 [AsyncHttpClient-1-1] DEBUG org.asynchttpclient.netty.channel.DefaultChannelPool - Entry count for : http://localhost:19589 : 1
20:17:35.929 [AsyncHttpClient-1-1] DEBUG org.asynchttpclient.netty.channel.DefaultChannelPool - Entry count for : http://localhost:5581 : 1
20:17:35.929 [AsyncHttpClient-1-1] DEBUG org.asynchttpclient.netty.channel.DefaultChannelPool - Entry count for : http://localhost:63607 : 1
20:17:35.929 [AsyncHttpClient-1-1] DEBUG org.asynchttpclient.netty.channel.DefaultChannelPool - Entry count for : http://localhost:63569 : 1
20:17:37.033 [AsyncHttpClient-1-1] DEBUG org.asynchttpclient.netty.channel.DefaultChannelPool - Entry count for : http://localhost:19589 : 1
20:17:37.033 [AsyncHttpClient-1-1] DEBUG org.asynchttpclient.netty.channel.DefaultChannelPool - Entry count for : http://localhost:5581 : 1
20:17:37.033 [AsyncHttpClient-1-1] DEBUG org.asynchttpclient.netty.channel.DefaultChannelPool - Entry count for : http://localhost:63607 : 1
20:17:37.033 [AsyncHttpClient-1-1] DEBUG org.asynchttpclient.netty.channel.DefaultChannelPool - Entry count for : http://localhost:63569 : 1
20:17:38.136 [AsyncHttpClient-1-1] DEBUG org.asynchttpclient.netty.channel.DefaultChannelPool - Entry count for : http://localhost:19589 : 1
20:17:38.136 [AsyncHttpClient-1-1] DEBUG org.asynchttpclient.netty.channel.DefaultChannelPool - Entry count for : http://localhost:5581 : 1
20:17:38.136 [AsyncHttpClient-1-1] DEBUG org.asynchttpclient.netty.channel.DefaultChannelPool - Entry count for : http://localhost:63607 : 1
20:17:38.136 [AsyncHttpClient-1-1] DEBUG org.asynchttpclient.netty.channel.DefaultChannelPool - Entry count for : http://localhost:63569 : 1
screen shot class not taking
  Then User should be logged in-test                       # StepDefination.Signin.user_should_be_logged_in()
20:17:38.325 [AsyncHttpClient-1-7] DEBUG org.asynchttpclient.netty.handler.WebSocketHandler - Channel Closed: [id: 0x02717f63, L:/127.0.0.1:63614 ! R:localhost/127.0.0.1:63607] with attribute DISCARD
20:17:38.325 [Driver Command Executor] DEBUG org.asynchttpclient.netty.request.NettyRequestSender - Using pooled Channel '[id: 0x4dec896b, L:/127.0.0.1:63606 - R:localhost/127.0.0.1:5581]' for 'DELETE' to 'http://localhost:5581/session/18f260d25f47a04cc334bc6e52275d74'
20:17:38.325 [Driver Command Executor] DEBUG org.asynchttpclient.netty.request.NettyRequestSender - Using open Channel [id: 0x4dec896b, L:/127.0.0.1:63606 - R:localhost/127.0.0.1:5581] for DELETE '/session/18f260d25f47a04cc334bc6e52275d74'
20:17:38.420 [AsyncHttpClient-1-6] DEBUG org.asynchttpclient.netty.handler.HttpHandler - Unexpected I/O exception on channel [id: 0x639fab6b, L:/127.0.0.1:63613 - R:localhost/127.0.0.1:63607]
java.net.SocketException: Connection reset
	at java.base/sun.nio.ch.SocketChannelImpl.throwConnectionReset(SocketChannelImpl.java:394)
	at java.base/sun.nio.ch.SocketChannelImpl.read(SocketChannelImpl.java:426)
	at io.netty.buffer.PooledByteBuf.setBytes(PooledByteBuf.java:254)
	at io.netty.buffer.AbstractByteBuf.writeBytes(AbstractByteBuf.java:1132)
	at io.netty.channel.socket.nio.NioSocketChannel.doReadBytes(NioSocketChannel.java:357)
	at io.netty.channel.nio.AbstractNioByteChannel$NioByteUnsafe.read(AbstractNioByteChannel.java:151)
	at io.netty.channel.nio.NioEventLoop.processSelectedKey(NioEventLoop.java:788)
	at io.netty.channel.nio.NioEventLoop.processSelectedKeysOptimized(NioEventLoop.java:724)
	at io.netty.channel.nio.NioEventLoop.processSelectedKeys(NioEventLoop.java:650)
	at io.netty.channel.nio.NioEventLoop.run(NioEventLoop.java:562)
	at io.netty.util.concurrent.SingleThreadEventExecutor$4.run(SingleThreadEventExecutor.java:997)
	at io.netty.util.internal.ThreadExecutorMap$2.run(ThreadExecutorMap.java:74)
	at io.netty.util.concurrent.FastThreadLocalRunnable.run(FastThreadLocalRunnable.java:30)
	at java.base/java.lang.Thread.run(Thread.java:840)
20:17:38.420 [AsyncHttpClient-1-6] DEBUG org.asynchttpclient.netty.channel.ChannelManager - Closing Channel [id: 0x639fab6b, L:/127.0.0.1:63613 - R:localhost/127.0.0.1:63607] 
20:17:38.420 [AsyncHttpClient-1-6] DEBUG org.asynchttpclient.netty.handler.HttpHandler - Channel Closed: [id: 0x639fab6b, L:/127.0.0.1:63613 ! R:localhost/127.0.0.1:63607] with attribute DISCARD
20:17:38.451 [AsyncHttpClient-1-5] DEBUG org.asynchttpclient.netty.handler.HttpHandler - 

Request DefaultFullHttpRequest(decodeResult: success, version: HTTP/1.1, content: EmptyByteBufBE)
DELETE /session/18f260d25f47a04cc334bc6e52275d74 HTTP/1.1
User-Agent: selenium/4.12.0 (java windows)
Content-Type: application/json; charset=utf-8
host: localhost:5581
accept: */*

Response DefaultHttpResponse(decodeResult: success, version: HTTP/1.1)
HTTP/1.1 200 OK
Content-Length: 14
Content-Type: application/json; charset=utf-8
cache-control: no-cache

20:17:38.451 [AsyncHttpClient-1-5] DEBUG org.asynchttpclient.netty.channel.ChannelManager - Adding key: http://localhost:5581 for channel [id: 0x4dec896b, L:/127.0.0.1:63606 - R:localhost/127.0.0.1:5581]
20:17:38.783 [AsyncHttpClient-1-5] DEBUG org.asynchttpclient.netty.handler.HttpHandler - Channel Closed: [id: 0x4dec896b, L:/127.0.0.1:63606 ! R:localhost/127.0.0.1:5581] with attribute DISCARD
  And Close Window                                         # StepDefination.Signin.close_window()
      java.lang.NullPointerException: Cannot invoke "org.openqa.selenium.WebDriver.quit()" because "this.Idriver" is null
	at PageObjects.Base_class.close_window(Base_class.java:52)
	at StepDefination.Signin.close_window(Signin.java:119)
	at StepDefination.My_Load.AfterAll(My_Load.java:144)

]]></system-out>
    <system-err><![CDATA[Jan 18, 2025 8:17:28 PM org.openqa.selenium.devtools.CdpVersionFinder findNearestMatch
WARNING: Unable to find CDP implementation matching 131
Jan 18, 2025 8:17:28 PM org.openqa.selenium.chromium.ChromiumDriver lambda$new$5
WARNING: Unable to find version of CDP to use for 131.0.6778.265. You may need to include a dependency on a specific version of the CDP using something similar to `org.seleniumhq.selenium:selenium-devtools-v86:4.12.0` where the version ("v86") matches the version of the chromium-based browser you're using and the version number of the artifact is the same as Selenium's.
]]></system-err>
  </testcase>
  <testcase name="Signin with email and password #2" classname="User sign IN" time="7.783">
    <error message="Cannot invoke &quot;org.openqa.selenium.WebDriver.quit()&quot; because &quot;this.Idriver&quot; is null" type="java.lang.NullPointerException"><![CDATA[java.lang.NullPointerException: Cannot invoke "org.openqa.selenium.WebDriver.quit()" because "this.Idriver" is null
	at PageObjects.Base_class.close_window(Base_class.java:52)
	at StepDefination.Signin.close_window(Signin.java:119)
	at StepDefination.My_Load.AfterAll(My_Load.java:144)
]]></error>
    <system-out><![CDATA[
Scenario Outline: Signin with email and password       # src/test/resources/Login/Login.feature:13
20:17:39.176 [AsyncHttpClient-1-8] DEBUG org.asynchttpclient.netty.channel.NettyConnectListener - Using new Channel '[id: 0x689116fe, L:/127.0.0.1:63641 - R:localhost/127.0.0.1:16674]' for 'POST' to '/session'
20:17:39.239 [AsyncHttpClient-1-1] DEBUG org.asynchttpclient.netty.channel.DefaultChannelPool - Entry count for : http://localhost:19589 : 1
20:17:39.239 [AsyncHttpClient-1-1] DEBUG org.asynchttpclient.netty.channel.DefaultChannelPool - Entry count for : http://localhost:5581 : 1
20:17:39.239 [AsyncHttpClient-1-1] DEBUG org.asynchttpclient.netty.channel.DefaultChannelPool - Entry count for : http://localhost:63607 : 1
20:17:39.239 [AsyncHttpClient-1-1] DEBUG org.asynchttpclient.netty.channel.DefaultChannelPool - Entry count for : http://localhost:63569 : 1
20:17:39.239 [AsyncHttpClient-1-1] DEBUG org.asynchttpclient.netty.channel.DefaultChannelPool - Adding Candidate expired Channel [id: 0x4dec896b, L:/127.0.0.1:63606 ! R:localhost/127.0.0.1:5581] isIdleTimeoutExpired=false isRemotelyClosed=true isTtlExpired=false
20:17:39.239 [AsyncHttpClient-1-1] DEBUG org.asynchttpclient.netty.channel.DefaultChannelPool - Closing Idle Channel [id: 0x4dec896b, L:/127.0.0.1:63606 ! R:localhost/127.0.0.1:5581]
20:17:39.239 [AsyncHttpClient-1-1] DEBUG org.asynchttpclient.netty.channel.DefaultChannelPool - Adding Candidate expired Channel [id: 0x639fab6b, L:/127.0.0.1:63613 ! R:localhost/127.0.0.1:63607] isIdleTimeoutExpired=false isRemotelyClosed=true isTtlExpired=false
20:17:39.239 [AsyncHttpClient-1-1] DEBUG org.asynchttpclient.netty.channel.DefaultChannelPool - Closing Idle Channel [id: 0x639fab6b, L:/127.0.0.1:63613 ! R:localhost/127.0.0.1:63607]
20:17:39.239 [AsyncHttpClient-1-1] DEBUG org.asynchttpclient.netty.channel.DefaultChannelPool - Closed 2 connections out of 4 in 0 ms
20:17:39.850 [AsyncHttpClient-1-8] DEBUG org.asynchttpclient.netty.handler.HttpHandler - 

Request DefaultHttpRequest(decodeResult: success, version: HTTP/1.1)
POST /session HTTP/1.1
User-Agent: selenium/4.12.0 (java windows)
Content-Length: 254
Content-Type: application/json; charset=utf-8
host: localhost:16674
accept: */*

Response DefaultHttpResponse(decodeResult: success, version: HTTP/1.1)
HTTP/1.1 200 OK
Content-Length: 887
Content-Type: application/json; charset=utf-8
cache-control: no-cache

20:17:39.850 [AsyncHttpClient-1-8] DEBUG org.asynchttpclient.netty.channel.ChannelManager - Adding key: http://localhost:16674 for channel [id: 0x689116fe, L:/127.0.0.1:63641 - R:localhost/127.0.0.1:16674]
20:17:39.865 [AsyncHttpClient-1-9] DEBUG org.asynchttpclient.netty.channel.NettyConnectListener - Using new Channel '[id: 0x7f24d6a4, L:/127.0.0.1:63648 - R:localhost/127.0.0.1:63642]' for 'GET' to '/json/version'
20:17:39.868 [AsyncHttpClient-1-9] DEBUG org.asynchttpclient.netty.handler.HttpHandler - 

Request DefaultFullHttpRequest(decodeResult: success, version: HTTP/1.1, content: EmptyByteBufBE)
GET /json/version HTTP/1.1
User-Agent: selenium/4.12.0 (java windows)
host: localhost:63642
accept: */*

Response DefaultHttpResponse(decodeResult: success, version: HTTP/1.1)
HTTP/1.1 200 OK
Content-Security-Policy: frame-ancestors 'none'
Content-Length: 424
Content-Type: application/json; charset=UTF-8

20:17:39.868 [AsyncHttpClient-1-9] DEBUG org.asynchttpclient.netty.channel.ChannelManager - Adding key: http://localhost:63642 for channel [id: 0x7f24d6a4, L:/127.0.0.1:63648 - R:localhost/127.0.0.1:63642]
20:17:39.870 [AsyncHttpClient-1-10] DEBUG org.asynchttpclient.netty.channel.NettyConnectListener - Using new Channel '[id: 0x8941738f, L:/127.0.0.1:63649 - R:localhost/127.0.0.1:63642]' for 'GET' to '/devtools/browser/97e4e553-592d-4302-ab5e-eb0f7a142093'
20:17:39.871 [AsyncHttpClient-1-10] DEBUG org.asynchttpclient.netty.handler.WebSocketHandler - 

Request DefaultFullHttpRequest(decodeResult: success, version: HTTP/1.1, content: EmptyByteBufBE)
GET /devtools/browser/97e4e553-592d-4302-ab5e-eb0f7a142093 HTTP/1.1
upgrade: websocket
connection: upgrade
sec-websocket-key: Gb+IrVXRFp5DSkIwCOTgvQ==
sec-websocket-version: 13
origin: http://localhost:63642
host: localhost:63642
accept: */*
user-agent: AHC/2.1

Response DefaultHttpResponse(decodeResult: success, version: HTTP/1.1)
HTTP/1.1 101 WebSocket Protocol Handshake
Upgrade: WebSocket
Connection: Upgrade
Sec-WebSocket-Accept: InJCTNkM7SONlaB4B6sH9/k9mJc=

20:17:39.876 [Forwarding get on session 7b46df761c221cf9117786ff0141a741 to remote] DEBUG org.asynchttpclient.netty.request.NettyRequestSender - Using pooled Channel '[id: 0x689116fe, L:/127.0.0.1:63641 - R:localhost/127.0.0.1:16674]' for 'POST' to 'http://localhost:16674/session/7b46df761c221cf9117786ff0141a741/url'
20:17:39.877 [Forwarding get on session 7b46df761c221cf9117786ff0141a741 to remote] DEBUG org.asynchttpclient.netty.request.NettyRequestSender - Using open Channel [id: 0x689116fe, L:/127.0.0.1:63641 - R:localhost/127.0.0.1:16674] for POST '/session/7b46df761c221cf9117786ff0141a741/url'
20:17:40.333 [AsyncHttpClient-1-1] DEBUG org.asynchttpclient.netty.channel.DefaultChannelPool - Entry count for : http://localhost:63642 : 1
20:17:40.333 [AsyncHttpClient-1-1] DEBUG org.asynchttpclient.netty.channel.DefaultChannelPool - Entry count for : http://localhost:19589 : 1
20:17:40.333 [AsyncHttpClient-1-1] DEBUG org.asynchttpclient.netty.channel.DefaultChannelPool - Entry count for : http://localhost:63569 : 1
20:17:41.051 [AsyncHttpClient-1-8] DEBUG org.asynchttpclient.netty.handler.HttpHandler - 

Request DefaultHttpRequest(decodeResult: success, version: HTTP/1.1)
POST /session/7b46df761c221cf9117786ff0141a741/url HTTP/1.1
User-Agent: selenium/4.12.0 (java windows)
Content-Length: 92
Content-Type: application/json; charset=utf-8
host: localhost:16674
accept: */*

Response DefaultHttpResponse(decodeResult: success, version: HTTP/1.1)
HTTP/1.1 200 OK
Content-Length: 14
Content-Type: application/json; charset=utf-8
cache-control: no-cache

20:17:41.051 [AsyncHttpClient-1-8] DEBUG org.asynchttpclient.netty.channel.ChannelManager - Adding key: http://localhost:16674 for channel [id: 0x689116fe, L:/127.0.0.1:63641 - R:localhost/127.0.0.1:16674]
20:17:41.052 [Forwarding maximizeCurrentWindow on session 7b46df761c221cf9117786ff0141a741 to remote] DEBUG org.asynchttpclient.netty.request.NettyRequestSender - Using pooled Channel '[id: 0x689116fe, L:/127.0.0.1:63641 - R:localhost/127.0.0.1:16674]' for 'POST' to 'http://localhost:16674/session/7b46df761c221cf9117786ff0141a741/window/maximize'
20:17:41.052 [Forwarding maximizeCurrentWindow on session 7b46df761c221cf9117786ff0141a741 to remote] DEBUG org.asynchttpclient.netty.request.NettyRequestSender - Using open Channel [id: 0x689116fe, L:/127.0.0.1:63641 - R:localhost/127.0.0.1:16674] for POST '/session/7b46df761c221cf9117786ff0141a741/window/maximize'
20:17:41.071 [AsyncHttpClient-1-8] DEBUG org.asynchttpclient.netty.handler.HttpHandler - 

Request DefaultHttpRequest(decodeResult: success, version: HTTP/1.1)
POST /session/7b46df761c221cf9117786ff0141a741/window/maximize HTTP/1.1
User-Agent: selenium/4.12.0 (java windows)
Content-Length: 3
Content-Type: application/json; charset=utf-8
host: localhost:16674
accept: */*

Response DefaultHttpResponse(decodeResult: success, version: HTTP/1.1)
HTTP/1.1 200 OK
Content-Length: 51
Content-Type: application/json; charset=utf-8
cache-control: no-cache

20:17:41.071 [AsyncHttpClient-1-8] DEBUG org.asynchttpclient.netty.channel.ChannelManager - Adding key: http://localhost:16674 for channel [id: 0x689116fe, L:/127.0.0.1:63641 - R:localhost/127.0.0.1:16674]
  Given I have login panel-test                        # StepDefination.Signin.I_have_login_panel()
20:17:41.071 [Forwarding findElement on session 7b46df761c221cf9117786ff0141a741 to remote] DEBUG org.asynchttpclient.netty.request.NettyRequestSender - Using pooled Channel '[id: 0x689116fe, L:/127.0.0.1:63641 - R:localhost/127.0.0.1:16674]' for 'POST' to 'http://localhost:16674/session/7b46df761c221cf9117786ff0141a741/element'
20:17:41.071 [Forwarding findElement on session 7b46df761c221cf9117786ff0141a741 to remote] DEBUG org.asynchttpclient.netty.request.NettyRequestSender - Using open Channel [id: 0x689116fe, L:/127.0.0.1:63641 - R:localhost/127.0.0.1:16674] for POST '/session/7b46df761c221cf9117786ff0141a741/element'
20:17:41.084 [AsyncHttpClient-1-8] DEBUG org.asynchttpclient.netty.handler.HttpHandler - 

Request DefaultHttpRequest(decodeResult: success, version: HTTP/1.1)
POST /session/7b46df761c221cf9117786ff0141a741/element HTTP/1.1
User-Agent: selenium/4.12.0 (java windows)
Content-Length: 69
Content-Type: application/json; charset=utf-8
host: localhost:16674
accept: */*

Response DefaultHttpResponse(decodeResult: success, version: HTTP/1.1)
HTTP/1.1 200 OK
Content-Length: 125
Content-Type: application/json; charset=utf-8
cache-control: no-cache

20:17:41.084 [AsyncHttpClient-1-8] DEBUG org.asynchttpclient.netty.channel.ChannelManager - Adding key: http://localhost:16674 for channel [id: 0x689116fe, L:/127.0.0.1:63641 - R:localhost/127.0.0.1:16674]
20:17:41.084 [Forwarding sendKeysToElement on session 7b46df761c221cf9117786ff0141a741 to remote] DEBUG org.asynchttpclient.netty.request.NettyRequestSender - Using pooled Channel '[id: 0x689116fe, L:/127.0.0.1:63641 - R:localhost/127.0.0.1:16674]' for 'POST' to 'http://localhost:16674/session/7b46df761c221cf9117786ff0141a741/element/f.833407BE7E78EEEE748A3156E129DB12.d.4BD6ADD5EF1AA17282A54AD510A67AE0.e.4/value'
20:17:41.084 [Forwarding sendKeysToElement on session 7b46df761c221cf9117786ff0141a741 to remote] DEBUG org.asynchttpclient.netty.request.NettyRequestSender - Using open Channel [id: 0x689116fe, L:/127.0.0.1:63641 - R:localhost/127.0.0.1:16674] for POST '/session/7b46df761c221cf9117786ff0141a741/element/f.833407BE7E78EEEE748A3156E129DB12.d.4BD6ADD5EF1AA17282A54AD510A67AE0.e.4/value'
20:17:41.179 [AsyncHttpClient-1-8] DEBUG org.asynchttpclient.netty.handler.HttpHandler - 

Request DefaultHttpRequest(decodeResult: success, version: HTTP/1.1)
POST /session/7b46df761c221cf9117786ff0141a741/element/f.833407BE7E78EEEE748A3156E129DB12.d.4BD6ADD5EF1AA17282A54AD510A67AE0.e.4/value HTTP/1.1
User-Agent: selenium/4.12.0 (java windows)
Content-Length: 338
Content-Type: application/json; charset=utf-8
host: localhost:16674
accept: */*

Response DefaultHttpResponse(decodeResult: success, version: HTTP/1.1)
HTTP/1.1 200 OK
Content-Length: 14
Content-Type: application/json; charset=utf-8
cache-control: no-cache

20:17:41.179 [AsyncHttpClient-1-8] DEBUG org.asynchttpclient.netty.channel.ChannelManager - Adding key: http://localhost:16674 for channel [id: 0x689116fe, L:/127.0.0.1:63641 - R:localhost/127.0.0.1:16674]
20:17:41.179 [Forwarding findElement on session 7b46df761c221cf9117786ff0141a741 to remote] DEBUG org.asynchttpclient.netty.request.NettyRequestSender - Using pooled Channel '[id: 0x689116fe, L:/127.0.0.1:63641 - R:localhost/127.0.0.1:16674]' for 'POST' to 'http://localhost:16674/session/7b46df761c221cf9117786ff0141a741/element'
20:17:41.179 [Forwarding findElement on session 7b46df761c221cf9117786ff0141a741 to remote] DEBUG org.asynchttpclient.netty.request.NettyRequestSender - Using open Channel [id: 0x689116fe, L:/127.0.0.1:63641 - R:localhost/127.0.0.1:16674] for POST '/session/7b46df761c221cf9117786ff0141a741/element'
20:17:41.185 [AsyncHttpClient-1-8] DEBUG org.asynchttpclient.netty.handler.HttpHandler - 

Request DefaultHttpRequest(decodeResult: success, version: HTTP/1.1)
POST /session/7b46df761c221cf9117786ff0141a741/element HTTP/1.1
User-Agent: selenium/4.12.0 (java windows)
Content-Length: 72
Content-Type: application/json; charset=utf-8
host: localhost:16674
accept: */*

Response DefaultHttpResponse(decodeResult: success, version: HTTP/1.1)
HTTP/1.1 200 OK
Content-Length: 125
Content-Type: application/json; charset=utf-8
cache-control: no-cache

20:17:41.185 [AsyncHttpClient-1-8] DEBUG org.asynchttpclient.netty.channel.ChannelManager - Adding key: http://localhost:16674 for channel [id: 0x689116fe, L:/127.0.0.1:63641 - R:localhost/127.0.0.1:16674]
20:17:41.185 [Forwarding sendKeysToElement on session 7b46df761c221cf9117786ff0141a741 to remote] DEBUG org.asynchttpclient.netty.request.NettyRequestSender - Using pooled Channel '[id: 0x689116fe, L:/127.0.0.1:63641 - R:localhost/127.0.0.1:16674]' for 'POST' to 'http://localhost:16674/session/7b46df761c221cf9117786ff0141a741/element/f.833407BE7E78EEEE748A3156E129DB12.d.4BD6ADD5EF1AA17282A54AD510A67AE0.e.6/value'
20:17:41.185 [Forwarding sendKeysToElement on session 7b46df761c221cf9117786ff0141a741 to remote] DEBUG org.asynchttpclient.netty.request.NettyRequestSender - Using open Channel [id: 0x689116fe, L:/127.0.0.1:63641 - R:localhost/127.0.0.1:16674] for POST '/session/7b46df761c221cf9117786ff0141a741/element/f.833407BE7E78EEEE748A3156E129DB12.d.4BD6ADD5EF1AA17282A54AD510A67AE0.e.6/value'
20:17:41.234 [AsyncHttpClient-1-8] DEBUG org.asynchttpclient.netty.handler.HttpHandler - 

Request DefaultHttpRequest(decodeResult: success, version: HTTP/1.1)
POST /session/7b46df761c221cf9117786ff0141a741/element/f.833407BE7E78EEEE748A3156E129DB12.d.4BD6ADD5EF1AA17282A54AD510A67AE0.e.6/value HTTP/1.1
User-Agent: selenium/4.12.0 (java windows)
Content-Length: 168
Content-Type: application/json; charset=utf-8
host: localhost:16674
accept: */*

Response DefaultHttpResponse(decodeResult: success, version: HTTP/1.1)
HTTP/1.1 200 OK
Content-Length: 14
Content-Type: application/json; charset=utf-8
cache-control: no-cache

20:17:41.234 [AsyncHttpClient-1-8] DEBUG org.asynchttpclient.netty.channel.ChannelManager - Adding key: http://localhost:16674 for channel [id: 0x689116fe, L:/127.0.0.1:63641 - R:localhost/127.0.0.1:16674]
  When I provide fokisaj290@edectus.com and wrong-test # StepDefination.Signin.i_provide_id_and_password(java.lang.String,java.lang.String)
20:17:41.234 [Forwarding findElement on session 7b46df761c221cf9117786ff0141a741 to remote] DEBUG org.asynchttpclient.netty.request.NettyRequestSender - Using pooled Channel '[id: 0x689116fe, L:/127.0.0.1:63641 - R:localhost/127.0.0.1:16674]' for 'POST' to 'http://localhost:16674/session/7b46df761c221cf9117786ff0141a741/element'
20:17:41.234 [Forwarding findElement on session 7b46df761c221cf9117786ff0141a741 to remote] DEBUG org.asynchttpclient.netty.request.NettyRequestSender - Using open Channel [id: 0x689116fe, L:/127.0.0.1:63641 - R:localhost/127.0.0.1:16674] for POST '/session/7b46df761c221cf9117786ff0141a741/element'
20:17:41.234 [AsyncHttpClient-1-8] DEBUG org.asynchttpclient.netty.handler.HttpHandler - 

Request DefaultHttpRequest(decodeResult: success, version: HTTP/1.1)
POST /session/7b46df761c221cf9117786ff0141a741/element HTTP/1.1
User-Agent: selenium/4.12.0 (java windows)
Content-Length: 73
Content-Type: application/json; charset=utf-8
host: localhost:16674
accept: */*

Response DefaultHttpResponse(decodeResult: success, version: HTTP/1.1)
HTTP/1.1 200 OK
Content-Length: 125
Content-Type: application/json; charset=utf-8
cache-control: no-cache

20:17:41.234 [AsyncHttpClient-1-8] DEBUG org.asynchttpclient.netty.channel.ChannelManager - Adding key: http://localhost:16674 for channel [id: 0x689116fe, L:/127.0.0.1:63641 - R:localhost/127.0.0.1:16674]
20:17:41.234 [Forwarding clickElement on session 7b46df761c221cf9117786ff0141a741 to remote] DEBUG org.asynchttpclient.netty.request.NettyRequestSender - Using pooled Channel '[id: 0x689116fe, L:/127.0.0.1:63641 - R:localhost/127.0.0.1:16674]' for 'POST' to 'http://localhost:16674/session/7b46df761c221cf9117786ff0141a741/element/f.833407BE7E78EEEE748A3156E129DB12.d.4BD6ADD5EF1AA17282A54AD510A67AE0.e.8/click'
20:17:41.234 [Forwarding clickElement on session 7b46df761c221cf9117786ff0141a741 to remote] DEBUG org.asynchttpclient.netty.request.NettyRequestSender - Using open Channel [id: 0x689116fe, L:/127.0.0.1:63641 - R:localhost/127.0.0.1:16674] for POST '/session/7b46df761c221cf9117786ff0141a741/element/f.833407BE7E78EEEE748A3156E129DB12.d.4BD6ADD5EF1AA17282A54AD510A67AE0.e.8/click'
20:17:41.300 [AsyncHttpClient-1-8] DEBUG org.asynchttpclient.netty.handler.HttpHandler - 

Request DefaultHttpRequest(decodeResult: success, version: HTTP/1.1)
POST /session/7b46df761c221cf9117786ff0141a741/element/f.833407BE7E78EEEE748A3156E129DB12.d.4BD6ADD5EF1AA17282A54AD510A67AE0.e.8/click HTTP/1.1
User-Agent: selenium/4.12.0 (java windows)
Content-Length: 87
Content-Type: application/json; charset=utf-8
host: localhost:16674
accept: */*

Response DefaultHttpResponse(decodeResult: success, version: HTTP/1.1)
HTTP/1.1 200 OK
Content-Length: 14
Content-Type: application/json; charset=utf-8
cache-control: no-cache

20:17:41.300 [AsyncHttpClient-1-8] DEBUG org.asynchttpclient.netty.channel.ChannelManager - Adding key: http://localhost:16674 for channel [id: 0x689116fe, L:/127.0.0.1:63641 - R:localhost/127.0.0.1:16674]
20:17:41.433 [AsyncHttpClient-1-1] DEBUG org.asynchttpclient.netty.channel.DefaultChannelPool - Entry count for : http://localhost:63642 : 1
20:17:41.433 [AsyncHttpClient-1-1] DEBUG org.asynchttpclient.netty.channel.DefaultChannelPool - Entry count for : http://localhost:19589 : 1
20:17:41.434 [AsyncHttpClient-1-1] DEBUG org.asynchttpclient.netty.channel.DefaultChannelPool - Entry count for : http://localhost:16674 : 1
20:17:41.434 [AsyncHttpClient-1-1] DEBUG org.asynchttpclient.netty.channel.DefaultChannelPool - Entry count for : http://localhost:63569 : 1
20:17:42.536 [AsyncHttpClient-1-1] DEBUG org.asynchttpclient.netty.channel.DefaultChannelPool - Entry count for : http://localhost:63642 : 1
20:17:42.536 [AsyncHttpClient-1-1] DEBUG org.asynchttpclient.netty.channel.DefaultChannelPool - Entry count for : http://localhost:19589 : 1
20:17:42.536 [AsyncHttpClient-1-1] DEBUG org.asynchttpclient.netty.channel.DefaultChannelPool - Entry count for : http://localhost:16674 : 1
20:17:42.536 [AsyncHttpClient-1-1] DEBUG org.asynchttpclient.netty.channel.DefaultChannelPool - Entry count for : http://localhost:63569 : 1
20:17:43.637 [AsyncHttpClient-1-1] DEBUG org.asynchttpclient.netty.channel.DefaultChannelPool - Entry count for : http://localhost:63642 : 1
20:17:43.637 [AsyncHttpClient-1-1] DEBUG org.asynchttpclient.netty.channel.DefaultChannelPool - Entry count for : http://localhost:19589 : 1
20:17:43.637 [AsyncHttpClient-1-1] DEBUG org.asynchttpclient.netty.channel.DefaultChannelPool - Entry count for : http://localhost:16674 : 1
20:17:43.637 [AsyncHttpClient-1-1] DEBUG org.asynchttpclient.netty.channel.DefaultChannelPool - Entry count for : http://localhost:63569 : 1
20:17:44.738 [AsyncHttpClient-1-1] DEBUG org.asynchttpclient.netty.channel.DefaultChannelPool - Entry count for : http://localhost:63642 : 1
20:17:44.738 [AsyncHttpClient-1-1] DEBUG org.asynchttpclient.netty.channel.DefaultChannelPool - Entry count for : http://localhost:19589 : 1
20:17:44.738 [AsyncHttpClient-1-1] DEBUG org.asynchttpclient.netty.channel.DefaultChannelPool - Entry count for : http://localhost:16674 : 1
20:17:44.738 [AsyncHttpClient-1-1] DEBUG org.asynchttpclient.netty.channel.DefaultChannelPool - Entry count for : http://localhost:63569 : 1
20:17:45.833 [AsyncHttpClient-1-1] DEBUG org.asynchttpclient.netty.channel.DefaultChannelPool - Entry count for : http://localhost:63642 : 1
20:17:45.834 [AsyncHttpClient-1-1] DEBUG org.asynchttpclient.netty.channel.DefaultChannelPool - Entry count for : http://localhost:19589 : 1
20:17:45.834 [AsyncHttpClient-1-1] DEBUG org.asynchttpclient.netty.channel.DefaultChannelPool - Entry count for : http://localhost:16674 : 1
20:17:45.834 [AsyncHttpClient-1-1] DEBUG org.asynchttpclient.netty.channel.DefaultChannelPool - Entry count for : http://localhost:63569 : 1
  And Tap on submit button-test                        # StepDefination.Signin.tap_on_submit_button()
20:17:46.310 [Forwarding getCurrentUrl on session 7b46df761c221cf9117786ff0141a741 to remote] DEBUG org.asynchttpclient.netty.request.NettyRequestSender - Using pooled Channel '[id: 0x689116fe, L:/127.0.0.1:63641 - R:localhost/127.0.0.1:16674]' for 'GET' to 'http://localhost:16674/session/7b46df761c221cf9117786ff0141a741/url'
20:17:46.314 [Forwarding getCurrentUrl on session 7b46df761c221cf9117786ff0141a741 to remote] DEBUG org.asynchttpclient.netty.request.NettyRequestSender - Using open Channel [id: 0x689116fe, L:/127.0.0.1:63641 - R:localhost/127.0.0.1:16674] for GET '/session/7b46df761c221cf9117786ff0141a741/url'
20:17:46.314 [AsyncHttpClient-1-8] DEBUG org.asynchttpclient.netty.handler.HttpHandler - 

Request DefaultFullHttpRequest(decodeResult: success, version: HTTP/1.1, content: EmptyByteBufBE)
GET /session/7b46df761c221cf9117786ff0141a741/url HTTP/1.1
Cache-Control: no-cache
User-Agent: selenium/4.12.0 (java windows)
Content-Type: application/json; charset=utf-8
host: localhost:16674
accept: */*

Response DefaultHttpResponse(decodeResult: success, version: HTTP/1.1)
HTTP/1.1 200 OK
Content-Length: 69
Content-Type: application/json; charset=utf-8
cache-control: no-cache

20:17:46.314 [AsyncHttpClient-1-8] DEBUG org.asynchttpclient.netty.channel.ChannelManager - Adding key: http://localhost:16674 for channel [id: 0x689116fe, L:/127.0.0.1:63641 - R:localhost/127.0.0.1:16674]
https://fleet-manager-development.vercel.app/auth/sign-in
20:17:46.314 [Forwarding findElement on session 7b46df761c221cf9117786ff0141a741 to remote] DEBUG org.asynchttpclient.netty.request.NettyRequestSender - Using pooled Channel '[id: 0x689116fe, L:/127.0.0.1:63641 - R:localhost/127.0.0.1:16674]' for 'POST' to 'http://localhost:16674/session/7b46df761c221cf9117786ff0141a741/element'
20:17:46.314 [Forwarding findElement on session 7b46df761c221cf9117786ff0141a741 to remote] DEBUG org.asynchttpclient.netty.request.NettyRequestSender - Using open Channel [id: 0x689116fe, L:/127.0.0.1:63641 - R:localhost/127.0.0.1:16674] for POST '/session/7b46df761c221cf9117786ff0141a741/element'
20:17:46.332 [AsyncHttpClient-1-8] DEBUG org.asynchttpclient.netty.handler.HttpHandler - 

Request DefaultHttpRequest(decodeResult: success, version: HTTP/1.1)
POST /session/7b46df761c221cf9117786ff0141a741/element HTTP/1.1
User-Agent: selenium/4.12.0 (java windows)
Content-Length: 66
Content-Type: application/json; charset=utf-8
host: localhost:16674
accept: */*

Response DefaultHttpResponse(decodeResult: success, version: HTTP/1.1)
HTTP/1.1 404 Not Found
Content-Length: 1053
Content-Type: application/json; charset=utf-8
cache-control: no-cache

20:17:46.332 [AsyncHttpClient-1-8] DEBUG org.asynchttpclient.netty.channel.ChannelManager - Adding key: http://localhost:16674 for channel [id: 0x689116fe, L:/127.0.0.1:63641 - R:localhost/127.0.0.1:16674]
Faild to logged in
screen shot class not taking
  Then User should be logged in-test                   # StepDefination.Signin.user_should_be_logged_in()
20:17:46.335 [AsyncHttpClient-1-10] DEBUG org.asynchttpclient.netty.handler.WebSocketHandler - Channel Closed: [id: 0x8941738f, L:/127.0.0.1:63649 ! R:localhost/127.0.0.1:63642] with attribute DISCARD
20:17:46.335 [Driver Command Executor] DEBUG org.asynchttpclient.netty.request.NettyRequestSender - Using pooled Channel '[id: 0x689116fe, L:/127.0.0.1:63641 - R:localhost/127.0.0.1:16674]' for 'DELETE' to 'http://localhost:16674/session/7b46df761c221cf9117786ff0141a741'
20:17:46.335 [Driver Command Executor] DEBUG org.asynchttpclient.netty.request.NettyRequestSender - Using open Channel [id: 0x689116fe, L:/127.0.0.1:63641 - R:localhost/127.0.0.1:16674] for DELETE '/session/7b46df761c221cf9117786ff0141a741'
20:17:46.374 [AsyncHttpClient-1-9] DEBUG org.asynchttpclient.netty.handler.HttpHandler - Unexpected I/O exception on channel [id: 0x7f24d6a4, L:/127.0.0.1:63648 - R:localhost/127.0.0.1:63642]
java.net.SocketException: Connection reset
	at java.base/sun.nio.ch.SocketChannelImpl.throwConnectionReset(SocketChannelImpl.java:394)
	at java.base/sun.nio.ch.SocketChannelImpl.read(SocketChannelImpl.java:426)
	at io.netty.buffer.PooledByteBuf.setBytes(PooledByteBuf.java:254)
	at io.netty.buffer.AbstractByteBuf.writeBytes(AbstractByteBuf.java:1132)
	at io.netty.channel.socket.nio.NioSocketChannel.doReadBytes(NioSocketChannel.java:357)
	at io.netty.channel.nio.AbstractNioByteChannel$NioByteUnsafe.read(AbstractNioByteChannel.java:151)
	at io.netty.channel.nio.NioEventLoop.processSelectedKey(NioEventLoop.java:788)
	at io.netty.channel.nio.NioEventLoop.processSelectedKeysOptimized(NioEventLoop.java:724)
	at io.netty.channel.nio.NioEventLoop.processSelectedKeys(NioEventLoop.java:650)
	at io.netty.channel.nio.NioEventLoop.run(NioEventLoop.java:562)
	at io.netty.util.concurrent.SingleThreadEventExecutor$4.run(SingleThreadEventExecutor.java:997)
	at io.netty.util.internal.ThreadExecutorMap$2.run(ThreadExecutorMap.java:74)
	at io.netty.util.concurrent.FastThreadLocalRunnable.run(FastThreadLocalRunnable.java:30)
	at java.base/java.lang.Thread.run(Thread.java:840)
20:17:46.374 [AsyncHttpClient-1-9] DEBUG org.asynchttpclient.netty.channel.ChannelManager - Closing Channel [id: 0x7f24d6a4, L:/127.0.0.1:63648 - R:localhost/127.0.0.1:63642] 
20:17:46.374 [AsyncHttpClient-1-9] DEBUG org.asynchttpclient.netty.handler.HttpHandler - Channel Closed: [id: 0x7f24d6a4, L:/127.0.0.1:63648 ! R:localhost/127.0.0.1:63642] with attribute DISCARD
20:17:46.414 [AsyncHttpClient-1-8] DEBUG org.asynchttpclient.netty.handler.HttpHandler - 

Request DefaultFullHttpRequest(decodeResult: success, version: HTTP/1.1, content: EmptyByteBufBE)
DELETE /session/7b46df761c221cf9117786ff0141a741 HTTP/1.1
User-Agent: selenium/4.12.0 (java windows)
Content-Type: application/json; charset=utf-8
host: localhost:16674
accept: */*

Response DefaultHttpResponse(decodeResult: success, version: HTTP/1.1)
HTTP/1.1 200 OK
Content-Length: 14
Content-Type: application/json; charset=utf-8
cache-control: no-cache

20:17:46.414 [AsyncHttpClient-1-8] DEBUG org.asynchttpclient.netty.channel.ChannelManager - Adding key: http://localhost:16674 for channel [id: 0x689116fe, L:/127.0.0.1:63641 - R:localhost/127.0.0.1:16674]
20:17:46.583 [AsyncHttpClient-1-8] DEBUG org.asynchttpclient.netty.handler.HttpHandler - Channel Closed: [id: 0x689116fe, L:/127.0.0.1:63641 ! R:localhost/127.0.0.1:16674] with attribute DISCARD
  And Close Window                                     # StepDefination.Signin.close_window()
      java.lang.NullPointerException: Cannot invoke "org.openqa.selenium.WebDriver.quit()" because "this.Idriver" is null
	at PageObjects.Base_class.close_window(Base_class.java:52)
	at StepDefination.Signin.close_window(Signin.java:119)
	at StepDefination.My_Load.AfterAll(My_Load.java:144)

]]></system-out>
    <system-err><![CDATA[Jan 18, 2025 8:17:39 PM org.openqa.selenium.devtools.CdpVersionFinder findNearestMatch
WARNING: Unable to find CDP implementation matching 131
Jan 18, 2025 8:17:39 PM org.openqa.selenium.chromium.ChromiumDriver lambda$new$5
WARNING: Unable to find version of CDP to use for 131.0.6778.265. You may need to include a dependency on a specific version of the CDP using something similar to `org.seleniumhq.selenium:selenium-devtools-v86:4.12.0` where the version ("v86") matches the version of the chromium-based browser you're using and the version number of the artifact is the same as Selenium's.
]]></system-err>
  </testcase>
  <testcase name="Signin with email and password #3" classname="User sign IN" time="7.983">
    <error message="Cannot invoke &quot;org.openqa.selenium.WebDriver.quit()&quot; because &quot;this.Idriver&quot; is null" type="java.lang.NullPointerException"><![CDATA[java.lang.NullPointerException: Cannot invoke "org.openqa.selenium.WebDriver.quit()" because "this.Idriver" is null
	at PageObjects.Base_class.close_window(Base_class.java:52)
	at StepDefination.Signin.close_window(Signin.java:119)
	at StepDefination.My_Load.AfterAll(My_Load.java:144)
]]></error>
    <system-out><![CDATA[
Scenario Outline: Signin with email and password # src/test/resources/Login/Login.feature:14
20:17:46.927 [AsyncHttpClient-1-1] DEBUG org.asynchttpclient.netty.channel.DefaultChannelPool - Entry count for : http://localhost:63642 : 1
20:17:46.927 [AsyncHttpClient-1-1] DEBUG org.asynchttpclient.netty.channel.DefaultChannelPool - Entry count for : http://localhost:19589 : 1
20:17:46.927 [AsyncHttpClient-1-1] DEBUG org.asynchttpclient.netty.channel.DefaultChannelPool - Entry count for : http://localhost:16674 : 1
20:17:46.927 [AsyncHttpClient-1-1] DEBUG org.asynchttpclient.netty.channel.DefaultChannelPool - Entry count for : http://localhost:63569 : 1
20:17:46.927 [AsyncHttpClient-1-1] DEBUG org.asynchttpclient.netty.channel.DefaultChannelPool - Adding Candidate expired Channel [id: 0x7f24d6a4, L:/127.0.0.1:63648 ! R:localhost/127.0.0.1:63642] isIdleTimeoutExpired=false isRemotelyClosed=true isTtlExpired=false
20:17:46.927 [AsyncHttpClient-1-1] DEBUG org.asynchttpclient.netty.channel.DefaultChannelPool - Closing Idle Channel [id: 0x7f24d6a4, L:/127.0.0.1:63648 ! R:localhost/127.0.0.1:63642]
20:17:46.927 [AsyncHttpClient-1-1] DEBUG org.asynchttpclient.netty.channel.DefaultChannelPool - Adding Candidate expired Channel [id: 0x689116fe, L:/127.0.0.1:63641 ! R:localhost/127.0.0.1:16674] isIdleTimeoutExpired=false isRemotelyClosed=true isTtlExpired=false
20:17:46.927 [AsyncHttpClient-1-1] DEBUG org.asynchttpclient.netty.channel.DefaultChannelPool - Closing Idle Channel [id: 0x689116fe, L:/127.0.0.1:63641 ! R:localhost/127.0.0.1:16674]
20:17:46.927 [AsyncHttpClient-1-1] DEBUG org.asynchttpclient.netty.channel.DefaultChannelPool - Closed 2 connections out of 4 in 0 ms
20:17:46.930 [AsyncHttpClient-1-11] DEBUG org.asynchttpclient.netty.channel.NettyConnectListener - Using new Channel '[id: 0x2e2cfce4, L:/127.0.0.1:63667 - R:localhost/127.0.0.1:26244]' for 'POST' to '/session'
20:17:47.665 [AsyncHttpClient-1-11] DEBUG org.asynchttpclient.netty.handler.HttpHandler - 

Request DefaultHttpRequest(decodeResult: success, version: HTTP/1.1)
POST /session HTTP/1.1
User-Agent: selenium/4.12.0 (java windows)
Content-Length: 254
Content-Type: application/json; charset=utf-8
host: localhost:26244
accept: */*

Response DefaultHttpResponse(decodeResult: success, version: HTTP/1.1)
HTTP/1.1 200 OK
Content-Length: 888
Content-Type: application/json; charset=utf-8
cache-control: no-cache

20:17:47.665 [AsyncHttpClient-1-11] DEBUG org.asynchttpclient.netty.channel.ChannelManager - Adding key: http://localhost:26244 for channel [id: 0x2e2cfce4, L:/127.0.0.1:63667 - R:localhost/127.0.0.1:26244]
20:17:47.665 [AsyncHttpClient-1-12] DEBUG org.asynchttpclient.netty.channel.NettyConnectListener - Using new Channel '[id: 0xdbeae3f8, L:/127.0.0.1:63674 - R:localhost/127.0.0.1:63668]' for 'GET' to '/json/version'
20:17:47.665 [AsyncHttpClient-1-12] DEBUG org.asynchttpclient.netty.handler.HttpHandler - 

Request DefaultFullHttpRequest(decodeResult: success, version: HTTP/1.1, content: EmptyByteBufBE)
GET /json/version HTTP/1.1
User-Agent: selenium/4.12.0 (java windows)
host: localhost:63668
accept: */*

Response DefaultHttpResponse(decodeResult: success, version: HTTP/1.1)
HTTP/1.1 200 OK
Content-Security-Policy: frame-ancestors 'none'
Content-Length: 424
Content-Type: application/json; charset=UTF-8

20:17:47.665 [AsyncHttpClient-1-12] DEBUG org.asynchttpclient.netty.channel.ChannelManager - Adding key: http://localhost:63668 for channel [id: 0xdbeae3f8, L:/127.0.0.1:63674 - R:localhost/127.0.0.1:63668]
20:17:47.665 [AsyncHttpClient-1-13] DEBUG org.asynchttpclient.netty.channel.NettyConnectListener - Using new Channel '[id: 0x09b5da79, L:/127.0.0.1:63675 - R:localhost/127.0.0.1:63668]' for 'GET' to '/devtools/browser/d0c9c402-2fd6-4d54-9fa7-038bd5ac80f9'
20:17:47.665 [AsyncHttpClient-1-13] DEBUG org.asynchttpclient.netty.handler.WebSocketHandler - 

Request DefaultFullHttpRequest(decodeResult: success, version: HTTP/1.1, content: EmptyByteBufBE)
GET /devtools/browser/d0c9c402-2fd6-4d54-9fa7-038bd5ac80f9 HTTP/1.1
upgrade: websocket
connection: upgrade
sec-websocket-key: /km2gCFb+etPLVw0b386DA==
sec-websocket-version: 13
origin: http://localhost:63668
host: localhost:63668
accept: */*
user-agent: AHC/2.1

Response DefaultHttpResponse(decodeResult: success, version: HTTP/1.1)
HTTP/1.1 101 WebSocket Protocol Handshake
Upgrade: WebSocket
Connection: Upgrade
Sec-WebSocket-Accept: s1hkym8HCISZa2N5ORM9byOzj+c=

20:17:47.682 [Forwarding get on session 999b0a02c4c1026ec4c8644c557ef190 to remote] DEBUG org.asynchttpclient.netty.request.NettyRequestSender - Using pooled Channel '[id: 0x2e2cfce4, L:/127.0.0.1:63667 - R:localhost/127.0.0.1:26244]' for 'POST' to 'http://localhost:26244/session/999b0a02c4c1026ec4c8644c557ef190/url'
20:17:47.682 [Forwarding get on session 999b0a02c4c1026ec4c8644c557ef190 to remote] DEBUG org.asynchttpclient.netty.request.NettyRequestSender - Using open Channel [id: 0x2e2cfce4, L:/127.0.0.1:63667 - R:localhost/127.0.0.1:26244] for POST '/session/999b0a02c4c1026ec4c8644c557ef190/url'
20:17:48.029 [AsyncHttpClient-1-1] DEBUG org.asynchttpclient.netty.channel.DefaultChannelPool - Entry count for : http://localhost:63569 : 1
20:17:48.029 [AsyncHttpClient-1-1] DEBUG org.asynchttpclient.netty.channel.DefaultChannelPool - Entry count for : http://localhost:63668 : 1
20:17:48.029 [AsyncHttpClient-1-1] DEBUG org.asynchttpclient.netty.channel.DefaultChannelPool - Entry count for : http://localhost:19589 : 1
20:17:49.051 [AsyncHttpClient-1-11] DEBUG org.asynchttpclient.netty.handler.HttpHandler - 

Request DefaultHttpRequest(decodeResult: success, version: HTTP/1.1)
POST /session/999b0a02c4c1026ec4c8644c557ef190/url HTTP/1.1
User-Agent: selenium/4.12.0 (java windows)
Content-Length: 92
Content-Type: application/json; charset=utf-8
host: localhost:26244
accept: */*

Response DefaultHttpResponse(decodeResult: success, version: HTTP/1.1)
HTTP/1.1 200 OK
Content-Length: 14
Content-Type: application/json; charset=utf-8
cache-control: no-cache

20:17:49.051 [AsyncHttpClient-1-11] DEBUG org.asynchttpclient.netty.channel.ChannelManager - Adding key: http://localhost:26244 for channel [id: 0x2e2cfce4, L:/127.0.0.1:63667 - R:localhost/127.0.0.1:26244]
20:17:49.051 [Forwarding maximizeCurrentWindow on session 999b0a02c4c1026ec4c8644c557ef190 to remote] DEBUG org.asynchttpclient.netty.request.NettyRequestSender - Using pooled Channel '[id: 0x2e2cfce4, L:/127.0.0.1:63667 - R:localhost/127.0.0.1:26244]' for 'POST' to 'http://localhost:26244/session/999b0a02c4c1026ec4c8644c557ef190/window/maximize'
20:17:49.051 [Forwarding maximizeCurrentWindow on session 999b0a02c4c1026ec4c8644c557ef190 to remote] DEBUG org.asynchttpclient.netty.request.NettyRequestSender - Using open Channel [id: 0x2e2cfce4, L:/127.0.0.1:63667 - R:localhost/127.0.0.1:26244] for POST '/session/999b0a02c4c1026ec4c8644c557ef190/window/maximize'
20:17:49.085 [AsyncHttpClient-1-11] DEBUG org.asynchttpclient.netty.handler.HttpHandler - 

Request DefaultHttpRequest(decodeResult: success, version: HTTP/1.1)
POST /session/999b0a02c4c1026ec4c8644c557ef190/window/maximize HTTP/1.1
User-Agent: selenium/4.12.0 (java windows)
Content-Length: 3
Content-Type: application/json; charset=utf-8
host: localhost:26244
accept: */*

Response DefaultHttpResponse(decodeResult: success, version: HTTP/1.1)
HTTP/1.1 200 OK
Content-Length: 51
Content-Type: application/json; charset=utf-8
cache-control: no-cache

20:17:49.085 [AsyncHttpClient-1-11] DEBUG org.asynchttpclient.netty.channel.ChannelManager - Adding key: http://localhost:26244 for channel [id: 0x2e2cfce4, L:/127.0.0.1:63667 - R:localhost/127.0.0.1:26244]
  Given I have login panel-test                  # StepDefination.Signin.I_have_login_panel()
20:17:49.085 [Forwarding findElement on session 999b0a02c4c1026ec4c8644c557ef190 to remote] DEBUG org.asynchttpclient.netty.request.NettyRequestSender - Using pooled Channel '[id: 0x2e2cfce4, L:/127.0.0.1:63667 - R:localhost/127.0.0.1:26244]' for 'POST' to 'http://localhost:26244/session/999b0a02c4c1026ec4c8644c557ef190/element'
20:17:49.085 [Forwarding findElement on session 999b0a02c4c1026ec4c8644c557ef190 to remote] DEBUG org.asynchttpclient.netty.request.NettyRequestSender - Using open Channel [id: 0x2e2cfce4, L:/127.0.0.1:63667 - R:localhost/127.0.0.1:26244] for POST '/session/999b0a02c4c1026ec4c8644c557ef190/element'
20:17:49.098 [AsyncHttpClient-1-11] DEBUG org.asynchttpclient.netty.handler.HttpHandler - 

Request DefaultHttpRequest(decodeResult: success, version: HTTP/1.1)
POST /session/999b0a02c4c1026ec4c8644c557ef190/element HTTP/1.1
User-Agent: selenium/4.12.0 (java windows)
Content-Length: 69
Content-Type: application/json; charset=utf-8
host: localhost:26244
accept: */*

Response DefaultHttpResponse(decodeResult: success, version: HTTP/1.1)
HTTP/1.1 200 OK
Content-Length: 125
Content-Type: application/json; charset=utf-8
cache-control: no-cache

20:17:49.098 [AsyncHttpClient-1-11] DEBUG org.asynchttpclient.netty.channel.ChannelManager - Adding key: http://localhost:26244 for channel [id: 0x2e2cfce4, L:/127.0.0.1:63667 - R:localhost/127.0.0.1:26244]
20:17:49.099 [Forwarding sendKeysToElement on session 999b0a02c4c1026ec4c8644c557ef190 to remote] DEBUG org.asynchttpclient.netty.request.NettyRequestSender - Using pooled Channel '[id: 0x2e2cfce4, L:/127.0.0.1:63667 - R:localhost/127.0.0.1:26244]' for 'POST' to 'http://localhost:26244/session/999b0a02c4c1026ec4c8644c557ef190/element/f.013F541737234474DE53C8161B7E9DAA.d.DD2E0DBD19FE61C1D9D1F00B9A10CB63.e.4/value'
20:17:49.099 [Forwarding sendKeysToElement on session 999b0a02c4c1026ec4c8644c557ef190 to remote] DEBUG org.asynchttpclient.netty.request.NettyRequestSender - Using open Channel [id: 0x2e2cfce4, L:/127.0.0.1:63667 - R:localhost/127.0.0.1:26244] for POST '/session/999b0a02c4c1026ec4c8644c557ef190/element/f.013F541737234474DE53C8161B7E9DAA.d.DD2E0DBD19FE61C1D9D1F00B9A10CB63.e.4/value'
20:17:49.132 [AsyncHttpClient-1-1] DEBUG org.asynchttpclient.netty.channel.DefaultChannelPool - Entry count for : http://localhost:63569 : 1
20:17:49.132 [AsyncHttpClient-1-1] DEBUG org.asynchttpclient.netty.channel.DefaultChannelPool - Entry count for : http://localhost:63668 : 1
20:17:49.132 [AsyncHttpClient-1-1] DEBUG org.asynchttpclient.netty.channel.DefaultChannelPool - Entry count for : http://localhost:19589 : 1
20:17:49.159 [AsyncHttpClient-1-11] DEBUG org.asynchttpclient.netty.handler.HttpHandler - 

Request DefaultHttpRequest(decodeResult: success, version: HTTP/1.1)
POST /session/999b0a02c4c1026ec4c8644c557ef190/element/f.013F541737234474DE53C8161B7E9DAA.d.DD2E0DBD19FE61C1D9D1F00B9A10CB63.e.4/value HTTP/1.1
User-Agent: selenium/4.12.0 (java windows)
Content-Length: 218
Content-Type: application/json; charset=utf-8
host: localhost:26244
accept: */*

Response DefaultHttpResponse(decodeResult: success, version: HTTP/1.1)
HTTP/1.1 200 OK
Content-Length: 14
Content-Type: application/json; charset=utf-8
cache-control: no-cache

20:17:49.159 [AsyncHttpClient-1-11] DEBUG org.asynchttpclient.netty.channel.ChannelManager - Adding key: http://localhost:26244 for channel [id: 0x2e2cfce4, L:/127.0.0.1:63667 - R:localhost/127.0.0.1:26244]
20:17:49.159 [Forwarding findElement on session 999b0a02c4c1026ec4c8644c557ef190 to remote] DEBUG org.asynchttpclient.netty.request.NettyRequestSender - Using pooled Channel '[id: 0x2e2cfce4, L:/127.0.0.1:63667 - R:localhost/127.0.0.1:26244]' for 'POST' to 'http://localhost:26244/session/999b0a02c4c1026ec4c8644c557ef190/element'
20:17:49.159 [Forwarding findElement on session 999b0a02c4c1026ec4c8644c557ef190 to remote] DEBUG org.asynchttpclient.netty.request.NettyRequestSender - Using open Channel [id: 0x2e2cfce4, L:/127.0.0.1:63667 - R:localhost/127.0.0.1:26244] for POST '/session/999b0a02c4c1026ec4c8644c557ef190/element'
20:17:49.167 [AsyncHttpClient-1-11] DEBUG org.asynchttpclient.netty.handler.HttpHandler - 

Request DefaultHttpRequest(decodeResult: success, version: HTTP/1.1)
POST /session/999b0a02c4c1026ec4c8644c557ef190/element HTTP/1.1
User-Agent: selenium/4.12.0 (java windows)
Content-Length: 72
Content-Type: application/json; charset=utf-8
host: localhost:26244
accept: */*

Response DefaultHttpResponse(decodeResult: success, version: HTTP/1.1)
HTTP/1.1 200 OK
Content-Length: 125
Content-Type: application/json; charset=utf-8
cache-control: no-cache

20:17:49.167 [AsyncHttpClient-1-11] DEBUG org.asynchttpclient.netty.channel.ChannelManager - Adding key: http://localhost:26244 for channel [id: 0x2e2cfce4, L:/127.0.0.1:63667 - R:localhost/127.0.0.1:26244]
20:17:49.167 [Forwarding sendKeysToElement on session 999b0a02c4c1026ec4c8644c557ef190 to remote] DEBUG org.asynchttpclient.netty.request.NettyRequestSender - Using pooled Channel '[id: 0x2e2cfce4, L:/127.0.0.1:63667 - R:localhost/127.0.0.1:26244]' for 'POST' to 'http://localhost:26244/session/999b0a02c4c1026ec4c8644c557ef190/element/f.013F541737234474DE53C8161B7E9DAA.d.DD2E0DBD19FE61C1D9D1F00B9A10CB63.e.6/value'
20:17:49.167 [Forwarding sendKeysToElement on session 999b0a02c4c1026ec4c8644c557ef190 to remote] DEBUG org.asynchttpclient.netty.request.NettyRequestSender - Using open Channel [id: 0x2e2cfce4, L:/127.0.0.1:63667 - R:localhost/127.0.0.1:26244] for POST '/session/999b0a02c4c1026ec4c8644c557ef190/element/f.013F541737234474DE53C8161B7E9DAA.d.DD2E0DBD19FE61C1D9D1F00B9A10CB63.e.6/value'
20:17:49.227 [AsyncHttpClient-1-11] DEBUG org.asynchttpclient.netty.handler.HttpHandler - 

Request DefaultHttpRequest(decodeResult: success, version: HTTP/1.1)
POST /session/999b0a02c4c1026ec4c8644c557ef190/element/f.013F541737234474DE53C8161B7E9DAA.d.DD2E0DBD19FE61C1D9D1F00B9A10CB63.e.6/value HTTP/1.1
User-Agent: selenium/4.12.0 (java windows)
Content-Length: 208
Content-Type: application/json; charset=utf-8
host: localhost:26244
accept: */*

Response DefaultHttpResponse(decodeResult: success, version: HTTP/1.1)
HTTP/1.1 200 OK
Content-Length: 14
Content-Type: application/json; charset=utf-8
cache-control: no-cache

20:17:49.227 [AsyncHttpClient-1-11] DEBUG org.asynchttpclient.netty.channel.ChannelManager - Adding key: http://localhost:26244 for channel [id: 0x2e2cfce4, L:/127.0.0.1:63667 - R:localhost/127.0.0.1:26244]
  When I provide Wrong.mail and Fleet@123-test   # StepDefination.Signin.i_provide_id_and_password(java.lang.String,java.lang.String)
20:17:49.227 [Forwarding findElement on session 999b0a02c4c1026ec4c8644c557ef190 to remote] DEBUG org.asynchttpclient.netty.request.NettyRequestSender - Using pooled Channel '[id: 0x2e2cfce4, L:/127.0.0.1:63667 - R:localhost/127.0.0.1:26244]' for 'POST' to 'http://localhost:26244/session/999b0a02c4c1026ec4c8644c557ef190/element'
20:17:49.227 [Forwarding findElement on session 999b0a02c4c1026ec4c8644c557ef190 to remote] DEBUG org.asynchttpclient.netty.request.NettyRequestSender - Using open Channel [id: 0x2e2cfce4, L:/127.0.0.1:63667 - R:localhost/127.0.0.1:26244] for POST '/session/999b0a02c4c1026ec4c8644c557ef190/element'
20:17:49.234 [AsyncHttpClient-1-11] DEBUG org.asynchttpclient.netty.handler.HttpHandler - 

Request DefaultHttpRequest(decodeResult: success, version: HTTP/1.1)
POST /session/999b0a02c4c1026ec4c8644c557ef190/element HTTP/1.1
User-Agent: selenium/4.12.0 (java windows)
Content-Length: 73
Content-Type: application/json; charset=utf-8
host: localhost:26244
accept: */*

Response DefaultHttpResponse(decodeResult: success, version: HTTP/1.1)
HTTP/1.1 200 OK
Content-Length: 125
Content-Type: application/json; charset=utf-8
cache-control: no-cache

20:17:49.234 [AsyncHttpClient-1-11] DEBUG org.asynchttpclient.netty.channel.ChannelManager - Adding key: http://localhost:26244 for channel [id: 0x2e2cfce4, L:/127.0.0.1:63667 - R:localhost/127.0.0.1:26244]
20:17:49.234 [Forwarding clickElement on session 999b0a02c4c1026ec4c8644c557ef190 to remote] DEBUG org.asynchttpclient.netty.request.NettyRequestSender - Using pooled Channel '[id: 0x2e2cfce4, L:/127.0.0.1:63667 - R:localhost/127.0.0.1:26244]' for 'POST' to 'http://localhost:26244/session/999b0a02c4c1026ec4c8644c557ef190/element/f.013F541737234474DE53C8161B7E9DAA.d.DD2E0DBD19FE61C1D9D1F00B9A10CB63.e.8/click'
20:17:49.234 [Forwarding clickElement on session 999b0a02c4c1026ec4c8644c557ef190 to remote] DEBUG org.asynchttpclient.netty.request.NettyRequestSender - Using open Channel [id: 0x2e2cfce4, L:/127.0.0.1:63667 - R:localhost/127.0.0.1:26244] for POST '/session/999b0a02c4c1026ec4c8644c557ef190/element/f.013F541737234474DE53C8161B7E9DAA.d.DD2E0DBD19FE61C1D9D1F00B9A10CB63.e.8/click'
20:17:49.286 [AsyncHttpClient-1-11] DEBUG org.asynchttpclient.netty.handler.HttpHandler - 

Request DefaultHttpRequest(decodeResult: success, version: HTTP/1.1)
POST /session/999b0a02c4c1026ec4c8644c557ef190/element/f.013F541737234474DE53C8161B7E9DAA.d.DD2E0DBD19FE61C1D9D1F00B9A10CB63.e.8/click HTTP/1.1
User-Agent: selenium/4.12.0 (java windows)
Content-Length: 87
Content-Type: application/json; charset=utf-8
host: localhost:26244
accept: */*

Response DefaultHttpResponse(decodeResult: success, version: HTTP/1.1)
HTTP/1.1 200 OK
Content-Length: 14
Content-Type: application/json; charset=utf-8
cache-control: no-cache

20:17:49.286 [AsyncHttpClient-1-11] DEBUG org.asynchttpclient.netty.channel.ChannelManager - Adding key: http://localhost:26244 for channel [id: 0x2e2cfce4, L:/127.0.0.1:63667 - R:localhost/127.0.0.1:26244]
20:17:50.233 [AsyncHttpClient-1-1] DEBUG org.asynchttpclient.netty.channel.DefaultChannelPool - Entry count for : http://localhost:63569 : 1
20:17:50.233 [AsyncHttpClient-1-1] DEBUG org.asynchttpclient.netty.channel.DefaultChannelPool - Entry count for : http://localhost:63668 : 1
20:17:50.233 [AsyncHttpClient-1-1] DEBUG org.asynchttpclient.netty.channel.DefaultChannelPool - Entry count for : http://localhost:19589 : 1
20:17:50.233 [AsyncHttpClient-1-1] DEBUG org.asynchttpclient.netty.channel.DefaultChannelPool - Entry count for : http://localhost:26244 : 1
20:17:51.332 [AsyncHttpClient-1-1] DEBUG org.asynchttpclient.netty.channel.DefaultChannelPool - Entry count for : http://localhost:63569 : 1
20:17:51.332 [AsyncHttpClient-1-1] DEBUG org.asynchttpclient.netty.channel.DefaultChannelPool - Entry count for : http://localhost:63668 : 1
20:17:51.332 [AsyncHttpClient-1-1] DEBUG org.asynchttpclient.netty.channel.DefaultChannelPool - Entry count for : http://localhost:19589 : 1
20:17:51.332 [AsyncHttpClient-1-1] DEBUG org.asynchttpclient.netty.channel.DefaultChannelPool - Entry count for : http://localhost:26244 : 1
20:17:52.432 [AsyncHttpClient-1-1] DEBUG org.asynchttpclient.netty.channel.DefaultChannelPool - Entry count for : http://localhost:63569 : 1
20:17:52.432 [AsyncHttpClient-1-1] DEBUG org.asynchttpclient.netty.channel.DefaultChannelPool - Entry count for : http://localhost:63668 : 1
20:17:52.432 [AsyncHttpClient-1-1] DEBUG org.asynchttpclient.netty.channel.DefaultChannelPool - Entry count for : http://localhost:19589 : 1
20:17:52.432 [AsyncHttpClient-1-1] DEBUG org.asynchttpclient.netty.channel.DefaultChannelPool - Entry count for : http://localhost:26244 : 1
20:17:53.532 [AsyncHttpClient-1-1] DEBUG org.asynchttpclient.netty.channel.DefaultChannelPool - Entry count for : http://localhost:63569 : 1
20:17:53.533 [AsyncHttpClient-1-1] DEBUG org.asynchttpclient.netty.channel.DefaultChannelPool - Entry count for : http://localhost:63668 : 1
20:17:53.533 [AsyncHttpClient-1-1] DEBUG org.asynchttpclient.netty.channel.DefaultChannelPool - Entry count for : http://localhost:19589 : 1
20:17:53.533 [AsyncHttpClient-1-1] DEBUG org.asynchttpclient.netty.channel.DefaultChannelPool - Entry count for : http://localhost:26244 : 1
  And Tap on submit button-test                  # StepDefination.Signin.tap_on_submit_button()
20:17:54.300 [Forwarding getCurrentUrl on session 999b0a02c4c1026ec4c8644c557ef190 to remote] DEBUG org.asynchttpclient.netty.request.NettyRequestSender - Using pooled Channel '[id: 0x2e2cfce4, L:/127.0.0.1:63667 - R:localhost/127.0.0.1:26244]' for 'GET' to 'http://localhost:26244/session/999b0a02c4c1026ec4c8644c557ef190/url'
20:17:54.300 [Forwarding getCurrentUrl on session 999b0a02c4c1026ec4c8644c557ef190 to remote] DEBUG org.asynchttpclient.netty.request.NettyRequestSender - Using open Channel [id: 0x2e2cfce4, L:/127.0.0.1:63667 - R:localhost/127.0.0.1:26244] for GET '/session/999b0a02c4c1026ec4c8644c557ef190/url'
20:17:54.316 [AsyncHttpClient-1-11] DEBUG org.asynchttpclient.netty.handler.HttpHandler - 

Request DefaultFullHttpRequest(decodeResult: success, version: HTTP/1.1, content: EmptyByteBufBE)
GET /session/999b0a02c4c1026ec4c8644c557ef190/url HTTP/1.1
Cache-Control: no-cache
User-Agent: selenium/4.12.0 (java windows)
Content-Type: application/json; charset=utf-8
host: localhost:26244
accept: */*

Response DefaultHttpResponse(decodeResult: success, version: HTTP/1.1)
HTTP/1.1 200 OK
Content-Length: 69
Content-Type: application/json; charset=utf-8
cache-control: no-cache

20:17:54.316 [AsyncHttpClient-1-11] DEBUG org.asynchttpclient.netty.channel.ChannelManager - Adding key: http://localhost:26244 for channel [id: 0x2e2cfce4, L:/127.0.0.1:63667 - R:localhost/127.0.0.1:26244]
https://fleet-manager-development.vercel.app/auth/sign-in
20:17:54.316 [Forwarding findElement on session 999b0a02c4c1026ec4c8644c557ef190 to remote] DEBUG org.asynchttpclient.netty.request.NettyRequestSender - Using pooled Channel '[id: 0x2e2cfce4, L:/127.0.0.1:63667 - R:localhost/127.0.0.1:26244]' for 'POST' to 'http://localhost:26244/session/999b0a02c4c1026ec4c8644c557ef190/element'
20:17:54.316 [Forwarding findElement on session 999b0a02c4c1026ec4c8644c557ef190 to remote] DEBUG org.asynchttpclient.netty.request.NettyRequestSender - Using open Channel [id: 0x2e2cfce4, L:/127.0.0.1:63667 - R:localhost/127.0.0.1:26244] for POST '/session/999b0a02c4c1026ec4c8644c557ef190/element'
20:17:54.339 [AsyncHttpClient-1-11] DEBUG org.asynchttpclient.netty.handler.HttpHandler - 

Request DefaultHttpRequest(decodeResult: success, version: HTTP/1.1)
POST /session/999b0a02c4c1026ec4c8644c557ef190/element HTTP/1.1
User-Agent: selenium/4.12.0 (java windows)
Content-Length: 66
Content-Type: application/json; charset=utf-8
host: localhost:26244
accept: */*

Response DefaultHttpResponse(decodeResult: success, version: HTTP/1.1)
HTTP/1.1 404 Not Found
Content-Length: 1053
Content-Type: application/json; charset=utf-8
cache-control: no-cache

20:17:54.339 [AsyncHttpClient-1-11] DEBUG org.asynchttpclient.netty.channel.ChannelManager - Adding key: http://localhost:26244 for channel [id: 0x2e2cfce4, L:/127.0.0.1:63667 - R:localhost/127.0.0.1:26244]
Faild to logged in
screen shot class not taking
  Then User should be logged in-test             # StepDefination.Signin.user_should_be_logged_in()
20:17:54.339 [AsyncHttpClient-1-13] DEBUG org.asynchttpclient.netty.handler.WebSocketHandler - Channel Closed: [id: 0x09b5da79, L:/127.0.0.1:63675 ! R:localhost/127.0.0.1:63668] with attribute DISCARD
20:17:54.339 [Driver Command Executor] DEBUG org.asynchttpclient.netty.request.NettyRequestSender - Using pooled Channel '[id: 0x2e2cfce4, L:/127.0.0.1:63667 - R:localhost/127.0.0.1:26244]' for 'DELETE' to 'http://localhost:26244/session/999b0a02c4c1026ec4c8644c557ef190'
20:17:54.339 [Driver Command Executor] DEBUG org.asynchttpclient.netty.request.NettyRequestSender - Using open Channel [id: 0x2e2cfce4, L:/127.0.0.1:63667 - R:localhost/127.0.0.1:26244] for DELETE '/session/999b0a02c4c1026ec4c8644c557ef190'
20:17:54.431 [AsyncHttpClient-1-12] DEBUG org.asynchttpclient.netty.handler.HttpHandler - Unexpected I/O exception on channel [id: 0xdbeae3f8, L:/127.0.0.1:63674 - R:localhost/127.0.0.1:63668]
java.net.SocketException: Connection reset
	at java.base/sun.nio.ch.SocketChannelImpl.throwConnectionReset(SocketChannelImpl.java:394)
	at java.base/sun.nio.ch.SocketChannelImpl.read(SocketChannelImpl.java:426)
	at io.netty.buffer.PooledByteBuf.setBytes(PooledByteBuf.java:254)
	at io.netty.buffer.AbstractByteBuf.writeBytes(AbstractByteBuf.java:1132)
	at io.netty.channel.socket.nio.NioSocketChannel.doReadBytes(NioSocketChannel.java:357)
	at io.netty.channel.nio.AbstractNioByteChannel$NioByteUnsafe.read(AbstractNioByteChannel.java:151)
	at io.netty.channel.nio.NioEventLoop.processSelectedKey(NioEventLoop.java:788)
	at io.netty.channel.nio.NioEventLoop.processSelectedKeysOptimized(NioEventLoop.java:724)
	at io.netty.channel.nio.NioEventLoop.processSelectedKeys(NioEventLoop.java:650)
	at io.netty.channel.nio.NioEventLoop.run(NioEventLoop.java:562)
	at io.netty.util.concurrent.SingleThreadEventExecutor$4.run(SingleThreadEventExecutor.java:997)
	at io.netty.util.internal.ThreadExecutorMap$2.run(ThreadExecutorMap.java:74)
	at io.netty.util.concurrent.FastThreadLocalRunnable.run(FastThreadLocalRunnable.java:30)
	at java.base/java.lang.Thread.run(Thread.java:840)
20:17:54.431 [AsyncHttpClient-1-12] DEBUG org.asynchttpclient.netty.channel.ChannelManager - Closing Channel [id: 0xdbeae3f8, L:/127.0.0.1:63674 - R:localhost/127.0.0.1:63668] 
20:17:54.431 [AsyncHttpClient-1-12] DEBUG org.asynchttpclient.netty.handler.HttpHandler - Channel Closed: [id: 0xdbeae3f8, L:/127.0.0.1:63674 ! R:localhost/127.0.0.1:63668] with attribute DISCARD
20:17:54.460 [AsyncHttpClient-1-11] DEBUG org.asynchttpclient.netty.handler.HttpHandler - 

Request DefaultFullHttpRequest(decodeResult: success, version: HTTP/1.1, content: EmptyByteBufBE)
DELETE /session/999b0a02c4c1026ec4c8644c557ef190 HTTP/1.1
User-Agent: selenium/4.12.0 (java windows)
Content-Type: application/json; charset=utf-8
host: localhost:26244
accept: */*

Response DefaultHttpResponse(decodeResult: success, version: HTTP/1.1)
HTTP/1.1 200 OK
Content-Length: 14
Content-Type: application/json; charset=utf-8
cache-control: no-cache

20:17:54.461 [AsyncHttpClient-1-11] DEBUG org.asynchttpclient.netty.channel.ChannelManager - Adding key: http://localhost:26244 for channel [id: 0x2e2cfce4, L:/127.0.0.1:63667 - R:localhost/127.0.0.1:26244]
20:17:54.575 [AsyncHttpClient-1-11] DEBUG org.asynchttpclient.netty.handler.HttpHandler - Channel Closed: [id: 0x2e2cfce4, L:/127.0.0.1:63667 ! R:localhost/127.0.0.1:26244] with attribute DISCARD
  And Close Window                               # StepDefination.Signin.close_window()
20:17:54.639 [AsyncHttpClient-1-1] DEBUG org.asynchttpclient.netty.channel.DefaultChannelPool - Entry count for : http://localhost:63569 : 1
20:17:54.639 [AsyncHttpClient-1-1] DEBUG org.asynchttpclient.netty.channel.DefaultChannelPool - Entry count for : http://localhost:63668 : 1
20:17:54.639 [AsyncHttpClient-1-1] DEBUG org.asynchttpclient.netty.channel.DefaultChannelPool - Entry count for : http://localhost:19589 : 1
20:17:54.639 [AsyncHttpClient-1-1] DEBUG org.asynchttpclient.netty.channel.DefaultChannelPool - Entry count for : http://localhost:26244 : 1
20:17:54.639 [AsyncHttpClient-1-1] DEBUG org.asynchttpclient.netty.channel.DefaultChannelPool - Adding Candidate expired Channel [id: 0xdbeae3f8, L:/127.0.0.1:63674 ! R:localhost/127.0.0.1:63668] isIdleTimeoutExpired=false isRemotelyClosed=true isTtlExpired=false
20:17:54.639 [AsyncHttpClient-1-1] DEBUG org.asynchttpclient.netty.channel.DefaultChannelPool - Closing Idle Channel [id: 0xdbeae3f8, L:/127.0.0.1:63674 ! R:localhost/127.0.0.1:63668]
20:17:54.639 [AsyncHttpClient-1-1] DEBUG org.asynchttpclient.netty.channel.DefaultChannelPool - Adding Candidate expired Channel [id: 0x2e2cfce4, L:/127.0.0.1:63667 ! R:localhost/127.0.0.1:26244] isIdleTimeoutExpired=false isRemotelyClosed=true isTtlExpired=false
20:17:54.639 [AsyncHttpClient-1-1] DEBUG org.asynchttpclient.netty.channel.DefaultChannelPool - Closing Idle Channel [id: 0x2e2cfce4, L:/127.0.0.1:63667 ! R:localhost/127.0.0.1:26244]
20:17:54.639 [AsyncHttpClient-1-1] DEBUG org.asynchttpclient.netty.channel.DefaultChannelPool - Closed 2 connections out of 4 in 0 ms
      java.lang.NullPointerException: Cannot invoke "org.openqa.selenium.WebDriver.quit()" because "this.Idriver" is null
	at PageObjects.Base_class.close_window(Base_class.java:52)
	at StepDefination.Signin.close_window(Signin.java:119)
	at StepDefination.My_Load.AfterAll(My_Load.java:144)

]]></system-out>
    <system-err><![CDATA[Jan 18, 2025 8:17:47 PM org.openqa.selenium.devtools.CdpVersionFinder findNearestMatch
WARNING: Unable to find CDP implementation matching 131
Jan 18, 2025 8:17:47 PM org.openqa.selenium.chromium.ChromiumDriver lambda$new$5
WARNING: Unable to find version of CDP to use for 131.0.6778.265. You may need to include a dependency on a specific version of the CDP using something similar to `org.seleniumhq.selenium:selenium-devtools-v86:4.12.0` where the version ("v86") matches the version of the chromium-based browser you're using and the version number of the artifact is the same as Selenium's.
]]></system-err>
  </testcase>
  <testcase name="Signin with email and password #4" classname="User sign IN" time="8.722">
    <error message="Cannot invoke &quot;org.openqa.selenium.WebDriver.quit()&quot; because &quot;this.Idriver&quot; is null" type="java.lang.NullPointerException"><![CDATA[java.lang.NullPointerException: Cannot invoke "org.openqa.selenium.WebDriver.quit()" because "this.Idriver" is null
	at PageObjects.Base_class.close_window(Base_class.java:52)
	at StepDefination.Signin.close_window(Signin.java:119)
	at StepDefination.My_Load.AfterAll(My_Load.java:144)
]]></error>
    <system-out><![CDATA[
Scenario Outline: Signin with email and password # src/test/resources/Login/Login.feature:15
20:17:54.932 [AsyncHttpClient-1-14] DEBUG org.asynchttpclient.netty.channel.NettyConnectListener - Using new Channel '[id: 0x05228300, L:/127.0.0.1:63693 - R:localhost/127.0.0.1:17850]' for 'POST' to '/session'
20:17:55.623 [AsyncHttpClient-1-14] DEBUG org.asynchttpclient.netty.handler.HttpHandler - 

Request DefaultHttpRequest(decodeResult: success, version: HTTP/1.1)
POST /session HTTP/1.1
User-Agent: selenium/4.12.0 (java windows)
Content-Length: 254
Content-Type: application/json; charset=utf-8
host: localhost:17850
accept: */*

Response DefaultHttpResponse(decodeResult: success, version: HTTP/1.1)
HTTP/1.1 200 OK
Content-Length: 887
Content-Type: application/json; charset=utf-8
cache-control: no-cache

20:17:55.623 [AsyncHttpClient-1-14] DEBUG org.asynchttpclient.netty.channel.ChannelManager - Adding key: http://localhost:17850 for channel [id: 0x05228300, L:/127.0.0.1:63693 - R:localhost/127.0.0.1:17850]
20:17:55.630 [AsyncHttpClient-1-15] DEBUG org.asynchttpclient.netty.channel.NettyConnectListener - Using new Channel '[id: 0xdcac26a3, L:/127.0.0.1:63700 - R:localhost/127.0.0.1:63694]' for 'GET' to '/json/version'
20:17:55.635 [AsyncHttpClient-1-15] DEBUG org.asynchttpclient.netty.handler.HttpHandler - 

Request DefaultFullHttpRequest(decodeResult: success, version: HTTP/1.1, content: EmptyByteBufBE)
GET /json/version HTTP/1.1
User-Agent: selenium/4.12.0 (java windows)
host: localhost:63694
accept: */*

Response DefaultHttpResponse(decodeResult: success, version: HTTP/1.1)
HTTP/1.1 200 OK
Content-Security-Policy: frame-ancestors 'none'
Content-Length: 424
Content-Type: application/json; charset=UTF-8

20:17:55.635 [AsyncHttpClient-1-15] DEBUG org.asynchttpclient.netty.channel.ChannelManager - Adding key: http://localhost:63694 for channel [id: 0xdcac26a3, L:/127.0.0.1:63700 - R:localhost/127.0.0.1:63694]
20:17:55.637 [AsyncHttpClient-1-16] DEBUG org.asynchttpclient.netty.channel.NettyConnectListener - Using new Channel '[id: 0x83665f92, L:/127.0.0.1:63701 - R:localhost/127.0.0.1:63694]' for 'GET' to '/devtools/browser/bb335187-8dc4-4f1a-a81b-7ed4b7ad3680'
20:17:55.638 [AsyncHttpClient-1-16] DEBUG org.asynchttpclient.netty.handler.WebSocketHandler - 

Request DefaultFullHttpRequest(decodeResult: success, version: HTTP/1.1, content: EmptyByteBufBE)
GET /devtools/browser/bb335187-8dc4-4f1a-a81b-7ed4b7ad3680 HTTP/1.1
upgrade: websocket
connection: upgrade
sec-websocket-key: mbGQi88bnRXJlFQVdkmEbw==
sec-websocket-version: 13
origin: http://localhost:63694
host: localhost:63694
accept: */*
user-agent: AHC/2.1

Response DefaultHttpResponse(decodeResult: success, version: HTTP/1.1)
HTTP/1.1 101 WebSocket Protocol Handshake
Upgrade: WebSocket
Connection: Upgrade
Sec-WebSocket-Accept: qMs2D1/4pX3v0eeKdKHdlel8Dpc=

20:17:55.644 [Forwarding get on session f6d25dadaac6ecd380f52c4603bc1589 to remote] DEBUG org.asynchttpclient.netty.request.NettyRequestSender - Using pooled Channel '[id: 0x05228300, L:/127.0.0.1:63693 - R:localhost/127.0.0.1:17850]' for 'POST' to 'http://localhost:17850/session/f6d25dadaac6ecd380f52c4603bc1589/url'
20:17:55.644 [Forwarding get on session f6d25dadaac6ecd380f52c4603bc1589 to remote] DEBUG org.asynchttpclient.netty.request.NettyRequestSender - Using open Channel [id: 0x05228300, L:/127.0.0.1:63693 - R:localhost/127.0.0.1:17850] for POST '/session/f6d25dadaac6ecd380f52c4603bc1589/url'
20:17:55.732 [AsyncHttpClient-1-1] DEBUG org.asynchttpclient.netty.channel.DefaultChannelPool - Entry count for : http://localhost:63694 : 1
20:17:55.732 [AsyncHttpClient-1-1] DEBUG org.asynchttpclient.netty.channel.DefaultChannelPool - Entry count for : http://localhost:63569 : 1
20:17:55.732 [AsyncHttpClient-1-1] DEBUG org.asynchttpclient.netty.channel.DefaultChannelPool - Entry count for : http://localhost:19589 : 1
20:17:56.838 [AsyncHttpClient-1-1] DEBUG org.asynchttpclient.netty.channel.DefaultChannelPool - Entry count for : http://localhost:63694 : 1
20:17:56.838 [AsyncHttpClient-1-1] DEBUG org.asynchttpclient.netty.channel.DefaultChannelPool - Entry count for : http://localhost:63569 : 1
20:17:56.838 [AsyncHttpClient-1-1] DEBUG org.asynchttpclient.netty.channel.DefaultChannelPool - Entry count for : http://localhost:19589 : 1
20:17:57.671 [AsyncHttpClient-1-14] DEBUG org.asynchttpclient.netty.handler.HttpHandler - 

Request DefaultHttpRequest(decodeResult: success, version: HTTP/1.1)
POST /session/f6d25dadaac6ecd380f52c4603bc1589/url HTTP/1.1
User-Agent: selenium/4.12.0 (java windows)
Content-Length: 92
Content-Type: application/json; charset=utf-8
host: localhost:17850
accept: */*

Response DefaultHttpResponse(decodeResult: success, version: HTTP/1.1)
HTTP/1.1 200 OK
Content-Length: 14
Content-Type: application/json; charset=utf-8
cache-control: no-cache

20:17:57.671 [AsyncHttpClient-1-14] DEBUG org.asynchttpclient.netty.channel.ChannelManager - Adding key: http://localhost:17850 for channel [id: 0x05228300, L:/127.0.0.1:63693 - R:localhost/127.0.0.1:17850]
20:17:57.671 [Forwarding maximizeCurrentWindow on session f6d25dadaac6ecd380f52c4603bc1589 to remote] DEBUG org.asynchttpclient.netty.request.NettyRequestSender - Using pooled Channel '[id: 0x05228300, L:/127.0.0.1:63693 - R:localhost/127.0.0.1:17850]' for 'POST' to 'http://localhost:17850/session/f6d25dadaac6ecd380f52c4603bc1589/window/maximize'
20:17:57.671 [Forwarding maximizeCurrentWindow on session f6d25dadaac6ecd380f52c4603bc1589 to remote] DEBUG org.asynchttpclient.netty.request.NettyRequestSender - Using open Channel [id: 0x05228300, L:/127.0.0.1:63693 - R:localhost/127.0.0.1:17850] for POST '/session/f6d25dadaac6ecd380f52c4603bc1589/window/maximize'
20:17:57.701 [AsyncHttpClient-1-14] DEBUG org.asynchttpclient.netty.handler.HttpHandler - 

Request DefaultHttpRequest(decodeResult: success, version: HTTP/1.1)
POST /session/f6d25dadaac6ecd380f52c4603bc1589/window/maximize HTTP/1.1
User-Agent: selenium/4.12.0 (java windows)
Content-Length: 3
Content-Type: application/json; charset=utf-8
host: localhost:17850
accept: */*

Response DefaultHttpResponse(decodeResult: success, version: HTTP/1.1)
HTTP/1.1 200 OK
Content-Length: 51
Content-Type: application/json; charset=utf-8
cache-control: no-cache

20:17:57.701 [AsyncHttpClient-1-14] DEBUG org.asynchttpclient.netty.channel.ChannelManager - Adding key: http://localhost:17850 for channel [id: 0x05228300, L:/127.0.0.1:63693 - R:localhost/127.0.0.1:17850]
  Given I have login panel-test                  # StepDefination.Signin.I_have_login_panel()
20:17:57.701 [Forwarding findElement on session f6d25dadaac6ecd380f52c4603bc1589 to remote] DEBUG org.asynchttpclient.netty.request.NettyRequestSender - Using pooled Channel '[id: 0x05228300, L:/127.0.0.1:63693 - R:localhost/127.0.0.1:17850]' for 'POST' to 'http://localhost:17850/session/f6d25dadaac6ecd380f52c4603bc1589/element'
20:17:57.701 [Forwarding findElement on session f6d25dadaac6ecd380f52c4603bc1589 to remote] DEBUG org.asynchttpclient.netty.request.NettyRequestSender - Using open Channel [id: 0x05228300, L:/127.0.0.1:63693 - R:localhost/127.0.0.1:17850] for POST '/session/f6d25dadaac6ecd380f52c4603bc1589/element'
20:17:57.719 [AsyncHttpClient-1-14] DEBUG org.asynchttpclient.netty.handler.HttpHandler - 

Request DefaultHttpRequest(decodeResult: success, version: HTTP/1.1)
POST /session/f6d25dadaac6ecd380f52c4603bc1589/element HTTP/1.1
User-Agent: selenium/4.12.0 (java windows)
Content-Length: 69
Content-Type: application/json; charset=utf-8
host: localhost:17850
accept: */*

Response DefaultHttpResponse(decodeResult: success, version: HTTP/1.1)
HTTP/1.1 200 OK
Content-Length: 125
Content-Type: application/json; charset=utf-8
cache-control: no-cache

20:17:57.719 [AsyncHttpClient-1-14] DEBUG org.asynchttpclient.netty.channel.ChannelManager - Adding key: http://localhost:17850 for channel [id: 0x05228300, L:/127.0.0.1:63693 - R:localhost/127.0.0.1:17850]
20:17:57.719 [Forwarding sendKeysToElement on session f6d25dadaac6ecd380f52c4603bc1589 to remote] DEBUG org.asynchttpclient.netty.request.NettyRequestSender - Using pooled Channel '[id: 0x05228300, L:/127.0.0.1:63693 - R:localhost/127.0.0.1:17850]' for 'POST' to 'http://localhost:17850/session/f6d25dadaac6ecd380f52c4603bc1589/element/f.D13E1B3FA014FB1C3A55209FBF412831.d.32BCE8A5479E76DA2B3E3F40FA462D5C.e.4/value'
20:17:57.719 [Forwarding sendKeysToElement on session f6d25dadaac6ecd380f52c4603bc1589 to remote] DEBUG org.asynchttpclient.netty.request.NettyRequestSender - Using open Channel [id: 0x05228300, L:/127.0.0.1:63693 - R:localhost/127.0.0.1:17850] for POST '/session/f6d25dadaac6ecd380f52c4603bc1589/element/f.D13E1B3FA014FB1C3A55209FBF412831.d.32BCE8A5479E76DA2B3E3F40FA462D5C.e.4/value'
20:17:57.792 [AsyncHttpClient-1-14] DEBUG org.asynchttpclient.netty.handler.HttpHandler - 

Request DefaultHttpRequest(decodeResult: success, version: HTTP/1.1)
POST /session/f6d25dadaac6ecd380f52c4603bc1589/element/f.D13E1B3FA014FB1C3A55209FBF412831.d.32BCE8A5479E76DA2B3E3F40FA462D5C.e.4/value HTTP/1.1
User-Agent: selenium/4.12.0 (java windows)
Content-Length: 218
Content-Type: application/json; charset=utf-8
host: localhost:17850
accept: */*

Response DefaultHttpResponse(decodeResult: success, version: HTTP/1.1)
HTTP/1.1 200 OK
Content-Length: 14
Content-Type: application/json; charset=utf-8
cache-control: no-cache

20:17:57.792 [AsyncHttpClient-1-14] DEBUG org.asynchttpclient.netty.channel.ChannelManager - Adding key: http://localhost:17850 for channel [id: 0x05228300, L:/127.0.0.1:63693 - R:localhost/127.0.0.1:17850]
20:17:57.792 [Forwarding findElement on session f6d25dadaac6ecd380f52c4603bc1589 to remote] DEBUG org.asynchttpclient.netty.request.NettyRequestSender - Using pooled Channel '[id: 0x05228300, L:/127.0.0.1:63693 - R:localhost/127.0.0.1:17850]' for 'POST' to 'http://localhost:17850/session/f6d25dadaac6ecd380f52c4603bc1589/element'
20:17:57.792 [Forwarding findElement on session f6d25dadaac6ecd380f52c4603bc1589 to remote] DEBUG org.asynchttpclient.netty.request.NettyRequestSender - Using open Channel [id: 0x05228300, L:/127.0.0.1:63693 - R:localhost/127.0.0.1:17850] for POST '/session/f6d25dadaac6ecd380f52c4603bc1589/element'
20:17:57.802 [AsyncHttpClient-1-14] DEBUG org.asynchttpclient.netty.handler.HttpHandler - 

Request DefaultHttpRequest(decodeResult: success, version: HTTP/1.1)
POST /session/f6d25dadaac6ecd380f52c4603bc1589/element HTTP/1.1
User-Agent: selenium/4.12.0 (java windows)
Content-Length: 72
Content-Type: application/json; charset=utf-8
host: localhost:17850
accept: */*

Response DefaultHttpResponse(decodeResult: success, version: HTTP/1.1)
HTTP/1.1 200 OK
Content-Length: 125
Content-Type: application/json; charset=utf-8
cache-control: no-cache

20:17:57.802 [AsyncHttpClient-1-14] DEBUG org.asynchttpclient.netty.channel.ChannelManager - Adding key: http://localhost:17850 for channel [id: 0x05228300, L:/127.0.0.1:63693 - R:localhost/127.0.0.1:17850]
20:17:57.802 [Forwarding sendKeysToElement on session f6d25dadaac6ecd380f52c4603bc1589 to remote] DEBUG org.asynchttpclient.netty.request.NettyRequestSender - Using pooled Channel '[id: 0x05228300, L:/127.0.0.1:63693 - R:localhost/127.0.0.1:17850]' for 'POST' to 'http://localhost:17850/session/f6d25dadaac6ecd380f52c4603bc1589/element/f.D13E1B3FA014FB1C3A55209FBF412831.d.32BCE8A5479E76DA2B3E3F40FA462D5C.e.6/value'
20:17:57.802 [Forwarding sendKeysToElement on session f6d25dadaac6ecd380f52c4603bc1589 to remote] DEBUG org.asynchttpclient.netty.request.NettyRequestSender - Using open Channel [id: 0x05228300, L:/127.0.0.1:63693 - R:localhost/127.0.0.1:17850] for POST '/session/f6d25dadaac6ecd380f52c4603bc1589/element/f.D13E1B3FA014FB1C3A55209FBF412831.d.32BCE8A5479E76DA2B3E3F40FA462D5C.e.6/value'
20:17:57.856 [AsyncHttpClient-1-14] DEBUG org.asynchttpclient.netty.handler.HttpHandler - 

Request DefaultHttpRequest(decodeResult: success, version: HTTP/1.1)
POST /session/f6d25dadaac6ecd380f52c4603bc1589/element/f.D13E1B3FA014FB1C3A55209FBF412831.d.32BCE8A5479E76DA2B3E3F40FA462D5C.e.6/value HTTP/1.1
User-Agent: selenium/4.12.0 (java windows)
Content-Length: 168
Content-Type: application/json; charset=utf-8
host: localhost:17850
accept: */*

Response DefaultHttpResponse(decodeResult: success, version: HTTP/1.1)
HTTP/1.1 200 OK
Content-Length: 14
Content-Type: application/json; charset=utf-8
cache-control: no-cache

20:17:57.856 [AsyncHttpClient-1-14] DEBUG org.asynchttpclient.netty.channel.ChannelManager - Adding key: http://localhost:17850 for channel [id: 0x05228300, L:/127.0.0.1:63693 - R:localhost/127.0.0.1:17850]
  When I provide Wrong.mail and wrong-test       # StepDefination.Signin.i_provide_id_and_password(java.lang.String,java.lang.String)
20:17:57.856 [Forwarding findElement on session f6d25dadaac6ecd380f52c4603bc1589 to remote] DEBUG org.asynchttpclient.netty.request.NettyRequestSender - Using pooled Channel '[id: 0x05228300, L:/127.0.0.1:63693 - R:localhost/127.0.0.1:17850]' for 'POST' to 'http://localhost:17850/session/f6d25dadaac6ecd380f52c4603bc1589/element'
20:17:57.856 [Forwarding findElement on session f6d25dadaac6ecd380f52c4603bc1589 to remote] DEBUG org.asynchttpclient.netty.request.NettyRequestSender - Using open Channel [id: 0x05228300, L:/127.0.0.1:63693 - R:localhost/127.0.0.1:17850] for POST '/session/f6d25dadaac6ecd380f52c4603bc1589/element'
20:17:57.866 [AsyncHttpClient-1-14] DEBUG org.asynchttpclient.netty.handler.HttpHandler - 

Request DefaultHttpRequest(decodeResult: success, version: HTTP/1.1)
POST /session/f6d25dadaac6ecd380f52c4603bc1589/element HTTP/1.1
User-Agent: selenium/4.12.0 (java windows)
Content-Length: 73
Content-Type: application/json; charset=utf-8
host: localhost:17850
accept: */*

Response DefaultHttpResponse(decodeResult: success, version: HTTP/1.1)
HTTP/1.1 200 OK
Content-Length: 125
Content-Type: application/json; charset=utf-8
cache-control: no-cache

20:17:57.866 [AsyncHttpClient-1-14] DEBUG org.asynchttpclient.netty.channel.ChannelManager - Adding key: http://localhost:17850 for channel [id: 0x05228300, L:/127.0.0.1:63693 - R:localhost/127.0.0.1:17850]
20:17:57.866 [Forwarding clickElement on session f6d25dadaac6ecd380f52c4603bc1589 to remote] DEBUG org.asynchttpclient.netty.request.NettyRequestSender - Using pooled Channel '[id: 0x05228300, L:/127.0.0.1:63693 - R:localhost/127.0.0.1:17850]' for 'POST' to 'http://localhost:17850/session/f6d25dadaac6ecd380f52c4603bc1589/element/f.D13E1B3FA014FB1C3A55209FBF412831.d.32BCE8A5479E76DA2B3E3F40FA462D5C.e.8/click'
20:17:57.866 [Forwarding clickElement on session f6d25dadaac6ecd380f52c4603bc1589 to remote] DEBUG org.asynchttpclient.netty.request.NettyRequestSender - Using open Channel [id: 0x05228300, L:/127.0.0.1:63693 - R:localhost/127.0.0.1:17850] for POST '/session/f6d25dadaac6ecd380f52c4603bc1589/element/f.D13E1B3FA014FB1C3A55209FBF412831.d.32BCE8A5479E76DA2B3E3F40FA462D5C.e.8/click'
20:17:57.899 [AsyncHttpClient-1-14] DEBUG org.asynchttpclient.netty.handler.HttpHandler - 

Request DefaultHttpRequest(decodeResult: success, version: HTTP/1.1)
POST /session/f6d25dadaac6ecd380f52c4603bc1589/element/f.D13E1B3FA014FB1C3A55209FBF412831.d.32BCE8A5479E76DA2B3E3F40FA462D5C.e.8/click HTTP/1.1
User-Agent: selenium/4.12.0 (java windows)
Content-Length: 87
Content-Type: application/json; charset=utf-8
host: localhost:17850
accept: */*

Response DefaultHttpResponse(decodeResult: success, version: HTTP/1.1)
HTTP/1.1 200 OK
Content-Length: 14
Content-Type: application/json; charset=utf-8
cache-control: no-cache

20:17:57.899 [AsyncHttpClient-1-14] DEBUG org.asynchttpclient.netty.channel.ChannelManager - Adding key: http://localhost:17850 for channel [id: 0x05228300, L:/127.0.0.1:63693 - R:localhost/127.0.0.1:17850]
20:17:57.933 [AsyncHttpClient-1-1] DEBUG org.asynchttpclient.netty.channel.DefaultChannelPool - Entry count for : http://localhost:63694 : 1
20:17:57.933 [AsyncHttpClient-1-1] DEBUG org.asynchttpclient.netty.channel.DefaultChannelPool - Entry count for : http://localhost:17850 : 1
20:17:57.933 [AsyncHttpClient-1-1] DEBUG org.asynchttpclient.netty.channel.DefaultChannelPool - Entry count for : http://localhost:63569 : 1
20:17:57.933 [AsyncHttpClient-1-1] DEBUG org.asynchttpclient.netty.channel.DefaultChannelPool - Entry count for : http://localhost:19589 : 1
20:17:59.031 [AsyncHttpClient-1-1] DEBUG org.asynchttpclient.netty.channel.DefaultChannelPool - Entry count for : http://localhost:63694 : 1
20:17:59.031 [AsyncHttpClient-1-1] DEBUG org.asynchttpclient.netty.channel.DefaultChannelPool - Entry count for : http://localhost:17850 : 1
20:17:59.031 [AsyncHttpClient-1-1] DEBUG org.asynchttpclient.netty.channel.DefaultChannelPool - Entry count for : http://localhost:63569 : 1
20:17:59.031 [AsyncHttpClient-1-1] DEBUG org.asynchttpclient.netty.channel.DefaultChannelPool - Entry count for : http://localhost:19589 : 1
20:18:00.130 [AsyncHttpClient-1-1] DEBUG org.asynchttpclient.netty.channel.DefaultChannelPool - Entry count for : http://localhost:63694 : 1
20:18:00.130 [AsyncHttpClient-1-1] DEBUG org.asynchttpclient.netty.channel.DefaultChannelPool - Entry count for : http://localhost:17850 : 1
20:18:00.130 [AsyncHttpClient-1-1] DEBUG org.asynchttpclient.netty.channel.DefaultChannelPool - Entry count for : http://localhost:63569 : 1
20:18:00.130 [AsyncHttpClient-1-1] DEBUG org.asynchttpclient.netty.channel.DefaultChannelPool - Entry count for : http://localhost:19589 : 1
20:18:01.231 [AsyncHttpClient-1-1] DEBUG org.asynchttpclient.netty.channel.DefaultChannelPool - Entry count for : http://localhost:63694 : 1
20:18:01.231 [AsyncHttpClient-1-1] DEBUG org.asynchttpclient.netty.channel.DefaultChannelPool - Entry count for : http://localhost:17850 : 1
20:18:01.231 [AsyncHttpClient-1-1] DEBUG org.asynchttpclient.netty.channel.DefaultChannelPool - Entry count for : http://localhost:63569 : 1
20:18:01.231 [AsyncHttpClient-1-1] DEBUG org.asynchttpclient.netty.channel.DefaultChannelPool - Entry count for : http://localhost:19589 : 1
20:18:02.331 [AsyncHttpClient-1-1] DEBUG org.asynchttpclient.netty.channel.DefaultChannelPool - Entry count for : http://localhost:63694 : 1
20:18:02.331 [AsyncHttpClient-1-1] DEBUG org.asynchttpclient.netty.channel.DefaultChannelPool - Entry count for : http://localhost:17850 : 1
20:18:02.331 [AsyncHttpClient-1-1] DEBUG org.asynchttpclient.netty.channel.DefaultChannelPool - Entry count for : http://localhost:63569 : 1
20:18:02.331 [AsyncHttpClient-1-1] DEBUG org.asynchttpclient.netty.channel.DefaultChannelPool - Entry count for : http://localhost:19589 : 1
  And Tap on submit button-test                  # StepDefination.Signin.tap_on_submit_button()
20:18:02.915 [Forwarding getCurrentUrl on session f6d25dadaac6ecd380f52c4603bc1589 to remote] DEBUG org.asynchttpclient.netty.request.NettyRequestSender - Using pooled Channel '[id: 0x05228300, L:/127.0.0.1:63693 - R:localhost/127.0.0.1:17850]' for 'GET' to 'http://localhost:17850/session/f6d25dadaac6ecd380f52c4603bc1589/url'
20:18:02.915 [Forwarding getCurrentUrl on session f6d25dadaac6ecd380f52c4603bc1589 to remote] DEBUG org.asynchttpclient.netty.request.NettyRequestSender - Using open Channel [id: 0x05228300, L:/127.0.0.1:63693 - R:localhost/127.0.0.1:17850] for GET '/session/f6d25dadaac6ecd380f52c4603bc1589/url'
20:18:02.930 [AsyncHttpClient-1-14] DEBUG org.asynchttpclient.netty.handler.HttpHandler - 

Request DefaultFullHttpRequest(decodeResult: success, version: HTTP/1.1, content: EmptyByteBufBE)
GET /session/f6d25dadaac6ecd380f52c4603bc1589/url HTTP/1.1
Cache-Control: no-cache
User-Agent: selenium/4.12.0 (java windows)
Content-Type: application/json; charset=utf-8
host: localhost:17850
accept: */*

Response DefaultHttpResponse(decodeResult: success, version: HTTP/1.1)
HTTP/1.1 200 OK
Content-Length: 69
Content-Type: application/json; charset=utf-8
cache-control: no-cache

20:18:02.931 [AsyncHttpClient-1-14] DEBUG org.asynchttpclient.netty.channel.ChannelManager - Adding key: http://localhost:17850 for channel [id: 0x05228300, L:/127.0.0.1:63693 - R:localhost/127.0.0.1:17850]
https://fleet-manager-development.vercel.app/auth/sign-in
20:18:02.932 [Forwarding findElement on session f6d25dadaac6ecd380f52c4603bc1589 to remote] DEBUG org.asynchttpclient.netty.request.NettyRequestSender - Using pooled Channel '[id: 0x05228300, L:/127.0.0.1:63693 - R:localhost/127.0.0.1:17850]' for 'POST' to 'http://localhost:17850/session/f6d25dadaac6ecd380f52c4603bc1589/element'
20:18:02.932 [Forwarding findElement on session f6d25dadaac6ecd380f52c4603bc1589 to remote] DEBUG org.asynchttpclient.netty.request.NettyRequestSender - Using open Channel [id: 0x05228300, L:/127.0.0.1:63693 - R:localhost/127.0.0.1:17850] for POST '/session/f6d25dadaac6ecd380f52c4603bc1589/element'
20:18:02.953 [AsyncHttpClient-1-14] DEBUG org.asynchttpclient.netty.handler.HttpHandler - 

Request DefaultHttpRequest(decodeResult: success, version: HTTP/1.1)
POST /session/f6d25dadaac6ecd380f52c4603bc1589/element HTTP/1.1
User-Agent: selenium/4.12.0 (java windows)
Content-Length: 66
Content-Type: application/json; charset=utf-8
host: localhost:17850
accept: */*

Response DefaultHttpResponse(decodeResult: success, version: HTTP/1.1)
HTTP/1.1 404 Not Found
Content-Length: 1053
Content-Type: application/json; charset=utf-8
cache-control: no-cache

20:18:02.953 [AsyncHttpClient-1-14] DEBUG org.asynchttpclient.netty.channel.ChannelManager - Adding key: http://localhost:17850 for channel [id: 0x05228300, L:/127.0.0.1:63693 - R:localhost/127.0.0.1:17850]
Faild to logged in
screen shot class not taking
  Then User should be logged in-test             # StepDefination.Signin.user_should_be_logged_in()
20:18:02.953 [AsyncHttpClient-1-16] DEBUG org.asynchttpclient.netty.handler.WebSocketHandler - Channel Closed: [id: 0x83665f92, L:/127.0.0.1:63701 ! R:localhost/127.0.0.1:63694] with attribute DISCARD
20:18:02.953 [Driver Command Executor] DEBUG org.asynchttpclient.netty.request.NettyRequestSender - Using pooled Channel '[id: 0x05228300, L:/127.0.0.1:63693 - R:localhost/127.0.0.1:17850]' for 'DELETE' to 'http://localhost:17850/session/f6d25dadaac6ecd380f52c4603bc1589'
20:18:02.953 [Driver Command Executor] DEBUG org.asynchttpclient.netty.request.NettyRequestSender - Using open Channel [id: 0x05228300, L:/127.0.0.1:63693 - R:localhost/127.0.0.1:17850] for DELETE '/session/f6d25dadaac6ecd380f52c4603bc1589'
20:18:03.028 [AsyncHttpClient-1-15] DEBUG org.asynchttpclient.netty.handler.HttpHandler - Unexpected I/O exception on channel [id: 0xdcac26a3, L:/127.0.0.1:63700 - R:localhost/127.0.0.1:63694]
java.net.SocketException: Connection reset
	at java.base/sun.nio.ch.SocketChannelImpl.throwConnectionReset(SocketChannelImpl.java:394)
	at java.base/sun.nio.ch.SocketChannelImpl.read(SocketChannelImpl.java:426)
	at io.netty.buffer.PooledByteBuf.setBytes(PooledByteBuf.java:254)
	at io.netty.buffer.AbstractByteBuf.writeBytes(AbstractByteBuf.java:1132)
	at io.netty.channel.socket.nio.NioSocketChannel.doReadBytes(NioSocketChannel.java:357)
	at io.netty.channel.nio.AbstractNioByteChannel$NioByteUnsafe.read(AbstractNioByteChannel.java:151)
	at io.netty.channel.nio.NioEventLoop.processSelectedKey(NioEventLoop.java:788)
	at io.netty.channel.nio.NioEventLoop.processSelectedKeysOptimized(NioEventLoop.java:724)
	at io.netty.channel.nio.NioEventLoop.processSelectedKeys(NioEventLoop.java:650)
	at io.netty.channel.nio.NioEventLoop.run(NioEventLoop.java:562)
	at io.netty.util.concurrent.SingleThreadEventExecutor$4.run(SingleThreadEventExecutor.java:997)
	at io.netty.util.internal.ThreadExecutorMap$2.run(ThreadExecutorMap.java:74)
	at io.netty.util.concurrent.FastThreadLocalRunnable.run(FastThreadLocalRunnable.java:30)
	at java.base/java.lang.Thread.run(Thread.java:840)
20:18:03.029 [AsyncHttpClient-1-15] DEBUG org.asynchttpclient.netty.channel.ChannelManager - Closing Channel [id: 0xdcac26a3, L:/127.0.0.1:63700 - R:localhost/127.0.0.1:63694] 
20:18:03.029 [AsyncHttpClient-1-15] DEBUG org.asynchttpclient.netty.handler.HttpHandler - Channel Closed: [id: 0xdcac26a3, L:/127.0.0.1:63700 ! R:localhost/127.0.0.1:63694] with attribute DISCARD
20:18:03.059 [AsyncHttpClient-1-14] DEBUG org.asynchttpclient.netty.handler.HttpHandler - 

Request DefaultFullHttpRequest(decodeResult: success, version: HTTP/1.1, content: EmptyByteBufBE)
DELETE /session/f6d25dadaac6ecd380f52c4603bc1589 HTTP/1.1
User-Agent: selenium/4.12.0 (java windows)
Content-Type: application/json; charset=utf-8
host: localhost:17850
accept: */*

Response DefaultHttpResponse(decodeResult: success, version: HTTP/1.1)
HTTP/1.1 200 OK
Content-Length: 14
Content-Type: application/json; charset=utf-8
cache-control: no-cache

20:18:03.059 [AsyncHttpClient-1-14] DEBUG org.asynchttpclient.netty.channel.ChannelManager - Adding key: http://localhost:17850 for channel [id: 0x05228300, L:/127.0.0.1:63693 - R:localhost/127.0.0.1:17850]
20:18:03.332 [AsyncHttpClient-1-14] DEBUG org.asynchttpclient.netty.handler.HttpHandler - Channel Closed: [id: 0x05228300, L:/127.0.0.1:63693 ! R:localhost/127.0.0.1:17850] with attribute DISCARD
  And Close Window                               # StepDefination.Signin.close_window()
      java.lang.NullPointerException: Cannot invoke "org.openqa.selenium.WebDriver.quit()" because "this.Idriver" is null
	at PageObjects.Base_class.close_window(Base_class.java:52)
	at StepDefination.Signin.close_window(Signin.java:119)
	at StepDefination.My_Load.AfterAll(My_Load.java:144)

]]></system-out>
    <system-err><![CDATA[Jan 18, 2025 8:17:55 PM org.openqa.selenium.devtools.CdpVersionFinder findNearestMatch
WARNING: Unable to find CDP implementation matching 131
Jan 18, 2025 8:17:55 PM org.openqa.selenium.chromium.ChromiumDriver lambda$new$5
WARNING: Unable to find version of CDP to use for 131.0.6778.265. You may need to include a dependency on a specific version of the CDP using something similar to `org.seleniumhq.selenium:selenium-devtools-v86:4.12.0` where the version ("v86") matches the version of the chromium-based browser you're using and the version number of the artifact is the same as Selenium's.
]]></system-err>
  </testcase>
</testsuite>