<?xml version="1.0" encoding="UTF-8"?>
<testsuite xmlns:xsi="http://www.w3.org/2001/XMLSchema-instance" xsi:noNamespaceSchemaLocation="https://maven.apache.org/surefire/maven-surefire-plugin/xsd/surefire-test-report.xsd" version="3.0.2" name="Test_runner.Run_file" time="346.554" tests="13" errors="0" skipped="0" failures="0">
  <properties>
    <property name="java.specification.version" value="17"/>
    <property name="sun.cpu.isalist" value="amd64"/>
    <property name="sun.jnu.encoding" value="Cp1252"/>
    <property name="java.class.path" value="C:\Users\Aniket Satpute\eclipse-workspace\FleetProject\target\test-classes;C:\Users\Aniket Satpute\eclipse-workspace\FleetProject\target\classes;C:\Users\Aniket Satpute\.m2\repository\io\cucumber\cucumber-java\7.18.1\cucumber-java-7.18.1.jar;C:\Users\Aniket Satpute\.m2\repository\io\cucumber\cucumber-core\7.18.1\cucumber-core-7.18.1.jar;C:\Users\Aniket Satpute\.m2\repository\io\cucumber\cucumber-gherkin\7.18.1\cucumber-gherkin-7.18.1.jar;C:\Users\Aniket Satpute\.m2\repository\io\cucumber\cucumber-gherkin-messages\7.18.1\cucumber-gherkin-messages-7.18.1.jar;C:\Users\Aniket Satpute\.m2\repository\io\cucumber\gherkin\28.0.0\gherkin-28.0.0.jar;C:\Users\Aniket Satpute\.m2\repository\io\cucumber\messages\24.1.0\messages-24.1.0.jar;C:\Users\Aniket Satpute\.m2\repository\io\cucumber\testng-xml-formatter\0.2.0\testng-xml-formatter-0.2.0.jar;C:\Users\Aniket Satpute\.m2\repository\io\cucumber\query\12.2.0\query-12.2.0.jar;C:\Users\Aniket Satpute\.m2\repository\io\cucumber\tag-expressions\6.1.0\tag-expressions-6.1.0.jar;C:\Users\Aniket Satpute\.m2\repository\io\cucumber\cucumber-expressions\17.1.0\cucumber-expressions-17.1.0.jar;C:\Users\Aniket Satpute\.m2\repository\io\cucumber\datatable\7.18.1\datatable-7.18.1.jar;C:\Users\Aniket Satpute\.m2\repository\io\cucumber\cucumber-plugin\7.18.1\cucumber-plugin-7.18.1.jar;C:\Users\Aniket Satpute\.m2\repository\io\cucumber\docstring\7.18.1\docstring-7.18.1.jar;C:\Users\Aniket Satpute\.m2\repository\io\cucumber\html-formatter\21.4.1\html-formatter-21.4.1.jar;C:\Users\Aniket Satpute\.m2\repository\io\cucumber\junit-xml-formatter\0.5.0\junit-xml-formatter-0.5.0.jar;C:\Users\Aniket Satpute\.m2\repository\io\cucumber\ci-environment\10.0.1\ci-environment-10.0.1.jar;C:\Users\Aniket Satpute\.m2\repository\org\apiguardian\apiguardian-api\1.1.2\apiguardian-api-1.1.2.jar;C:\Users\Aniket Satpute\.m2\repository\junit\junit\4.13.1\junit-4.13.1.jar;C:\Users\Aniket Satpute\.m2\repository\org\hamcrest\hamcrest-core\1.3\hamcrest-core-1.3.jar;C:\Users\Aniket Satpute\.m2\repository\io\cucumber\cucumber-junit\7.18.1\cucumber-junit-7.18.1.jar;C:\Users\Aniket Satpute\.m2\repository\org\seleniumhq\selenium\selenium-java\4.12.0\selenium-java-4.12.0.jar;C:\Users\Aniket Satpute\.m2\repository\org\seleniumhq\selenium\selenium-api\4.12.0\selenium-api-4.12.0.jar;C:\Users\Aniket Satpute\.m2\repository\org\seleniumhq\selenium\selenium-chrome-driver\4.12.0\selenium-chrome-driver-4.12.0.jar;C:\Users\Aniket Satpute\.m2\repository\com\google\auto\service\auto-service-annotations\1.1.1\auto-service-annotations-1.1.1.jar;C:\Users\Aniket Satpute\.m2\repository\com\google\guava\guava\32.1.2-jre\guava-32.1.2-jre.jar;C:\Users\Aniket Satpute\.m2\repository\com\google\guava\failureaccess\1.0.1\failureaccess-1.0.1.jar;C:\Users\Aniket Satpute\.m2\repository\com\google\guava\listenablefuture\9999.0-empty-to-avoid-conflict-with-guava\listenablefuture-9999.0-empty-to-avoid-conflict-with-guava.jar;C:\Users\Aniket Satpute\.m2\repository\com\google\code\findbugs\jsr305\3.0.2\jsr305-3.0.2.jar;C:\Users\Aniket Satpute\.m2\repository\org\checkerframework\checker-qual\3.33.0\checker-qual-3.33.0.jar;C:\Users\Aniket Satpute\.m2\repository\com\google\errorprone\error_prone_annotations\2.18.0\error_prone_annotations-2.18.0.jar;C:\Users\Aniket Satpute\.m2\repository\com\google\j2objc\j2objc-annotations\2.8\j2objc-annotations-2.8.jar;C:\Users\Aniket Satpute\.m2\repository\org\seleniumhq\selenium\selenium-chromium-driver\4.12.0\selenium-chromium-driver-4.12.0.jar;C:\Users\Aniket Satpute\.m2\repository\org\seleniumhq\selenium\selenium-json\4.12.0\selenium-json-4.12.0.jar;C:\Users\Aniket Satpute\.m2\repository\org\seleniumhq\selenium\selenium-manager\4.12.0\selenium-manager-4.12.0.jar;C:\Users\Aniket Satpute\.m2\repository\org\seleniumhq\selenium\selenium-devtools-v114\4.12.0\selenium-devtools-v114-4.12.0.jar;C:\Users\Aniket Satpute\.m2\repository\org\seleniumhq\selenium\selenium-devtools-v115\4.12.0\selenium-devtools-v115-4.12.0.jar;C:\Users\Aniket Satpute\.m2\repository\org\seleniumhq\selenium\selenium-devtools-v116\4.12.0\selenium-devtools-v116-4.12.0.jar;C:\Users\Aniket Satpute\.m2\repository\org\seleniumhq\selenium\selenium-devtools-v85\4.12.0\selenium-devtools-v85-4.12.0.jar;C:\Users\Aniket Satpute\.m2\repository\org\seleniumhq\selenium\selenium-edge-driver\4.12.0\selenium-edge-driver-4.12.0.jar;C:\Users\Aniket Satpute\.m2\repository\org\seleniumhq\selenium\selenium-firefox-driver\4.12.0\selenium-firefox-driver-4.12.0.jar;C:\Users\Aniket Satpute\.m2\repository\org\seleniumhq\selenium\selenium-http\4.12.0\selenium-http-4.12.0.jar;C:\Users\Aniket Satpute\.m2\repository\dev\failsafe\failsafe\3.3.2\failsafe-3.3.2.jar;C:\Users\Aniket Satpute\.m2\repository\org\seleniumhq\selenium\selenium-ie-driver\4.12.0\selenium-ie-driver-4.12.0.jar;C:\Users\Aniket Satpute\.m2\repository\org\seleniumhq\selenium\selenium-remote-driver\4.12.0\selenium-remote-driver-4.12.0.jar;C:\Users\Aniket Satpute\.m2\repository\io\netty\netty-buffer\4.1.96.Final\netty-buffer-4.1.96.Final.jar;C:\Users\Aniket Satpute\.m2\repository\io\netty\netty-codec-http\4.1.96.Final\netty-codec-http-4.1.96.Final.jar;C:\Users\Aniket Satpute\.m2\repository\io\netty\netty-codec\4.1.96.Final\netty-codec-4.1.96.Final.jar;C:\Users\Aniket Satpute\.m2\repository\io\netty\netty-handler\4.1.96.Final\netty-handler-4.1.96.Final.jar;C:\Users\Aniket Satpute\.m2\repository\io\netty\netty-common\4.1.96.Final\netty-common-4.1.96.Final.jar;C:\Users\Aniket Satpute\.m2\repository\io\netty\netty-transport-classes-epoll\4.1.96.Final\netty-transport-classes-epoll-4.1.96.Final.jar;C:\Users\Aniket Satpute\.m2\repository\io\netty\netty-transport-classes-kqueue\4.1.96.Final\netty-transport-classes-kqueue-4.1.96.Final.jar;C:\Users\Aniket Satpute\.m2\repository\io\netty\netty-transport-native-epoll\4.1.96.Final\netty-transport-native-epoll-4.1.96.Final.jar;C:\Users\Aniket Satpute\.m2\repository\io\netty\netty-transport-native-kqueue\4.1.96.Final\netty-transport-native-kqueue-4.1.96.Final.jar;C:\Users\Aniket Satpute\.m2\repository\io\netty\netty-transport-native-unix-common\4.1.96.Final\netty-transport-native-unix-common-4.1.96.Final.jar;C:\Users\Aniket Satpute\.m2\repository\io\netty\netty-transport\4.1.96.Final\netty-transport-4.1.96.Final.jar;C:\Users\Aniket Satpute\.m2\repository\io\netty\netty-resolver\4.1.96.Final\netty-resolver-4.1.96.Final.jar;C:\Users\Aniket Satpute\.m2\repository\io\opentelemetry\opentelemetry-api\1.28.0\opentelemetry-api-1.28.0.jar;C:\Users\Aniket Satpute\.m2\repository\io\opentelemetry\opentelemetry-context\1.28.0\opentelemetry-context-1.28.0.jar;C:\Users\Aniket Satpute\.m2\repository\io\opentelemetry\opentelemetry-exporter-logging\1.28.0\opentelemetry-exporter-logging-1.28.0.jar;C:\Users\Aniket Satpute\.m2\repository\io\opentelemetry\opentelemetry-sdk-metrics\1.28.0\opentelemetry-sdk-metrics-1.28.0.jar;C:\Users\Aniket Satpute\.m2\repository\io\opentelemetry\opentelemetry-extension-incubator\1.28.0-alpha\opentelemetry-extension-incubator-1.28.0-alpha.jar;C:\Users\Aniket Satpute\.m2\repository\io\opentelemetry\opentelemetry-sdk-logs\1.28.0\opentelemetry-sdk-logs-1.28.0.jar;C:\Users\Aniket Satpute\.m2\repository\io\opentelemetry\opentelemetry-sdk-common\1.28.0\opentelemetry-sdk-common-1.28.0.jar;C:\Users\Aniket Satpute\.m2\repository\io\opentelemetry\opentelemetry-sdk-extension-autoconfigure-spi\1.28.0\opentelemetry-sdk-extension-autoconfigure-spi-1.28.0.jar;C:\Users\Aniket Satpute\.m2\repository\io\opentelemetry\opentelemetry-sdk-extension-autoconfigure\1.28.0\opentelemetry-sdk-extension-autoconfigure-1.28.0.jar;C:\Users\Aniket Satpute\.m2\repository\io\opentelemetry\opentelemetry-api-events\1.28.0-alpha\opentelemetry-api-events-1.28.0-alpha.jar;C:\Users\Aniket Satpute\.m2\repository\io\opentelemetry\opentelemetry-sdk-trace\1.28.0\opentelemetry-sdk-trace-1.28.0.jar;C:\Users\Aniket Satpute\.m2\repository\io\opentelemetry\opentelemetry-sdk\1.28.0\opentelemetry-sdk-1.28.0.jar;C:\Users\Aniket Satpute\.m2\repository\io\opentelemetry\opentelemetry-semconv\1.28.0-alpha\opentelemetry-semconv-1.28.0-alpha.jar;C:\Users\Aniket Satpute\.m2\repository\net\bytebuddy\byte-buddy\1.14.5\byte-buddy-1.14.5.jar;C:\Users\Aniket Satpute\.m2\repository\org\asynchttpclient\async-http-client\2.12.3\async-http-client-2.12.3.jar;C:\Users\Aniket Satpute\.m2\repository\org\asynchttpclient\async-http-client-netty-utils\2.12.3\async-http-client-netty-utils-2.12.3.jar;C:\Users\Aniket Satpute\.m2\repository\io\netty\netty-codec-socks\4.1.60.Final\netty-codec-socks-4.1.60.Final.jar;C:\Users\Aniket Satpute\.m2\repository\io\netty\netty-handler-proxy\4.1.60.Final\netty-handler-proxy-4.1.60.Final.jar;C:\Users\Aniket Satpute\.m2\repository\io\netty\netty-transport-native-epoll\4.1.60.Final\netty-transport-native-epoll-4.1.60.Final-linux-x86_64.jar;C:\Users\Aniket Satpute\.m2\repository\io\netty\netty-transport-native-kqueue\4.1.60.Final\netty-transport-native-kqueue-4.1.60.Final-osx-x86_64.jar;C:\Users\Aniket Satpute\.m2\repository\org\reactivestreams\reactive-streams\1.0.3\reactive-streams-1.0.3.jar;C:\Users\Aniket Satpute\.m2\repository\com\typesafe\netty\netty-reactive-streams\2.0.4\netty-reactive-streams-2.0.4.jar;C:\Users\Aniket Satpute\.m2\repository\com\sun\activation\jakarta.activation\1.2.2\jakarta.activation-1.2.2.jar;C:\Users\Aniket Satpute\.m2\repository\org\seleniumhq\selenium\selenium-os\4.12.0\selenium-os-4.12.0.jar;C:\Users\Aniket Satpute\.m2\repository\org\apache\commons\commons-exec\1.3\commons-exec-1.3.jar;C:\Users\Aniket Satpute\.m2\repository\org\seleniumhq\selenium\selenium-safari-driver\4.12.0\selenium-safari-driver-4.12.0.jar;C:\Users\Aniket Satpute\.m2\repository\org\seleniumhq\selenium\selenium-support\4.12.0\selenium-support-4.12.0.jar;C:\Users\Aniket Satpute\.m2\repository\ch\qos\logback\logback-classic\1.2.11\logback-classic-1.2.11.jar;C:\Users\Aniket Satpute\.m2\repository\ch\qos\logback\logback-core\1.2.11\logback-core-1.2.11.jar;C:\Users\Aniket Satpute\.m2\repository\org\slf4j\slf4j-simple\2.0.9\slf4j-simple-2.0.9.jar;C:\Users\Aniket Satpute\.m2\repository\org\slf4j\slf4j-api\1.7.36\slf4j-api-1.7.36.jar;C:\Users\Aniket Satpute\.m2\repository\com\github\javafaker\javafaker\1.0.2\javafaker-1.0.2.jar;C:\Users\Aniket Satpute\.m2\repository\org\apache\commons\commons-lang3\3.5\commons-lang3-3.5.jar;C:\Users\Aniket Satpute\.m2\repository\com\github\mifmif\generex\1.0.2\generex-1.0.2.jar;C:\Users\Aniket Satpute\.m2\repository\dk\brics\automaton\automaton\1.11-8\automaton-1.11-8.jar;"/>
    <property name="java.vm.vendor" value="Eclipse Adoptium"/>
    <property name="sun.arch.data.model" value="64"/>
    <property name="user.variant" value=""/>
    <property name="java.vendor.url" value="https://adoptium.net/"/>
    <property name="user.timezone" value="Asia/Calcutta"/>
    <property name="os.name" value="Windows 11"/>
    <property name="java.vm.specification.version" value="17"/>
    <property name="sun.java.launcher" value="SUN_STANDARD"/>
    <property name="user.country" value="IN"/>
    <property name="sun.boot.library.path" value="C:\Users\Aniket Satpute\.p2\pool\plugins\org.eclipse.justj.openjdk.hotspot.jre.full.win32.x86_64_17.0.11.v20240426-1830\jre\bin"/>
    <property name="sun.java.command" value="C:\Users\Aniket Satpute\AppData\Local\Temp\surefire5299446184880678602\surefirebooter-20250125014653971_3.jar C:\Users\Aniket Satpute\AppData\Local\Temp\surefire5299446184880678602 2025-01-25T01-46-53_730-jvmRun1 surefire-20250125014653971_1tmp surefire_0-20250125014653971_2tmp"/>
    <property name="jdk.debug" value="release"/>
    <property name="surefire.test.class.path" value="C:\Users\Aniket Satpute\eclipse-workspace\FleetProject\target\test-classes;C:\Users\Aniket Satpute\eclipse-workspace\FleetProject\target\classes;C:\Users\Aniket Satpute\.m2\repository\io\cucumber\cucumber-java\7.18.1\cucumber-java-7.18.1.jar;C:\Users\Aniket Satpute\.m2\repository\io\cucumber\cucumber-core\7.18.1\cucumber-core-7.18.1.jar;C:\Users\Aniket Satpute\.m2\repository\io\cucumber\cucumber-gherkin\7.18.1\cucumber-gherkin-7.18.1.jar;C:\Users\Aniket Satpute\.m2\repository\io\cucumber\cucumber-gherkin-messages\7.18.1\cucumber-gherkin-messages-7.18.1.jar;C:\Users\Aniket Satpute\.m2\repository\io\cucumber\gherkin\28.0.0\gherkin-28.0.0.jar;C:\Users\Aniket Satpute\.m2\repository\io\cucumber\messages\24.1.0\messages-24.1.0.jar;C:\Users\Aniket Satpute\.m2\repository\io\cucumber\testng-xml-formatter\0.2.0\testng-xml-formatter-0.2.0.jar;C:\Users\Aniket Satpute\.m2\repository\io\cucumber\query\12.2.0\query-12.2.0.jar;C:\Users\Aniket Satpute\.m2\repository\io\cucumber\tag-expressions\6.1.0\tag-expressions-6.1.0.jar;C:\Users\Aniket Satpute\.m2\repository\io\cucumber\cucumber-expressions\17.1.0\cucumber-expressions-17.1.0.jar;C:\Users\Aniket Satpute\.m2\repository\io\cucumber\datatable\7.18.1\datatable-7.18.1.jar;C:\Users\Aniket Satpute\.m2\repository\io\cucumber\cucumber-plugin\7.18.1\cucumber-plugin-7.18.1.jar;C:\Users\Aniket Satpute\.m2\repository\io\cucumber\docstring\7.18.1\docstring-7.18.1.jar;C:\Users\Aniket Satpute\.m2\repository\io\cucumber\html-formatter\21.4.1\html-formatter-21.4.1.jar;C:\Users\Aniket Satpute\.m2\repository\io\cucumber\junit-xml-formatter\0.5.0\junit-xml-formatter-0.5.0.jar;C:\Users\Aniket Satpute\.m2\repository\io\cucumber\ci-environment\10.0.1\ci-environment-10.0.1.jar;C:\Users\Aniket Satpute\.m2\repository\org\apiguardian\apiguardian-api\1.1.2\apiguardian-api-1.1.2.jar;C:\Users\Aniket Satpute\.m2\repository\junit\junit\4.13.1\junit-4.13.1.jar;C:\Users\Aniket Satpute\.m2\repository\org\hamcrest\hamcrest-core\1.3\hamcrest-core-1.3.jar;C:\Users\Aniket Satpute\.m2\repository\io\cucumber\cucumber-junit\7.18.1\cucumber-junit-7.18.1.jar;C:\Users\Aniket Satpute\.m2\repository\org\seleniumhq\selenium\selenium-java\4.12.0\selenium-java-4.12.0.jar;C:\Users\Aniket Satpute\.m2\repository\org\seleniumhq\selenium\selenium-api\4.12.0\selenium-api-4.12.0.jar;C:\Users\Aniket Satpute\.m2\repository\org\seleniumhq\selenium\selenium-chrome-driver\4.12.0\selenium-chrome-driver-4.12.0.jar;C:\Users\Aniket Satpute\.m2\repository\com\google\auto\service\auto-service-annotations\1.1.1\auto-service-annotations-1.1.1.jar;C:\Users\Aniket Satpute\.m2\repository\com\google\guava\guava\32.1.2-jre\guava-32.1.2-jre.jar;C:\Users\Aniket Satpute\.m2\repository\com\google\guava\failureaccess\1.0.1\failureaccess-1.0.1.jar;C:\Users\Aniket Satpute\.m2\repository\com\google\guava\listenablefuture\9999.0-empty-to-avoid-conflict-with-guava\listenablefuture-9999.0-empty-to-avoid-conflict-with-guava.jar;C:\Users\Aniket Satpute\.m2\repository\com\google\code\findbugs\jsr305\3.0.2\jsr305-3.0.2.jar;C:\Users\Aniket Satpute\.m2\repository\org\checkerframework\checker-qual\3.33.0\checker-qual-3.33.0.jar;C:\Users\Aniket Satpute\.m2\repository\com\google\errorprone\error_prone_annotations\2.18.0\error_prone_annotations-2.18.0.jar;C:\Users\Aniket Satpute\.m2\repository\com\google\j2objc\j2objc-annotations\2.8\j2objc-annotations-2.8.jar;C:\Users\Aniket Satpute\.m2\repository\org\seleniumhq\selenium\selenium-chromium-driver\4.12.0\selenium-chromium-driver-4.12.0.jar;C:\Users\Aniket Satpute\.m2\repository\org\seleniumhq\selenium\selenium-json\4.12.0\selenium-json-4.12.0.jar;C:\Users\Aniket Satpute\.m2\repository\org\seleniumhq\selenium\selenium-manager\4.12.0\selenium-manager-4.12.0.jar;C:\Users\Aniket Satpute\.m2\repository\org\seleniumhq\selenium\selenium-devtools-v114\4.12.0\selenium-devtools-v114-4.12.0.jar;C:\Users\Aniket Satpute\.m2\repository\org\seleniumhq\selenium\selenium-devtools-v115\4.12.0\selenium-devtools-v115-4.12.0.jar;C:\Users\Aniket Satpute\.m2\repository\org\seleniumhq\selenium\selenium-devtools-v116\4.12.0\selenium-devtools-v116-4.12.0.jar;C:\Users\Aniket Satpute\.m2\repository\org\seleniumhq\selenium\selenium-devtools-v85\4.12.0\selenium-devtools-v85-4.12.0.jar;C:\Users\Aniket Satpute\.m2\repository\org\seleniumhq\selenium\selenium-edge-driver\4.12.0\selenium-edge-driver-4.12.0.jar;C:\Users\Aniket Satpute\.m2\repository\org\seleniumhq\selenium\selenium-firefox-driver\4.12.0\selenium-firefox-driver-4.12.0.jar;C:\Users\Aniket Satpute\.m2\repository\org\seleniumhq\selenium\selenium-http\4.12.0\selenium-http-4.12.0.jar;C:\Users\Aniket Satpute\.m2\repository\dev\failsafe\failsafe\3.3.2\failsafe-3.3.2.jar;C:\Users\Aniket Satpute\.m2\repository\org\seleniumhq\selenium\selenium-ie-driver\4.12.0\selenium-ie-driver-4.12.0.jar;C:\Users\Aniket Satpute\.m2\repository\org\seleniumhq\selenium\selenium-remote-driver\4.12.0\selenium-remote-driver-4.12.0.jar;C:\Users\Aniket Satpute\.m2\repository\io\netty\netty-buffer\4.1.96.Final\netty-buffer-4.1.96.Final.jar;C:\Users\Aniket Satpute\.m2\repository\io\netty\netty-codec-http\4.1.96.Final\netty-codec-http-4.1.96.Final.jar;C:\Users\Aniket Satpute\.m2\repository\io\netty\netty-codec\4.1.96.Final\netty-codec-4.1.96.Final.jar;C:\Users\Aniket Satpute\.m2\repository\io\netty\netty-handler\4.1.96.Final\netty-handler-4.1.96.Final.jar;C:\Users\Aniket Satpute\.m2\repository\io\netty\netty-common\4.1.96.Final\netty-common-4.1.96.Final.jar;C:\Users\Aniket Satpute\.m2\repository\io\netty\netty-transport-classes-epoll\4.1.96.Final\netty-transport-classes-epoll-4.1.96.Final.jar;C:\Users\Aniket Satpute\.m2\repository\io\netty\netty-transport-classes-kqueue\4.1.96.Final\netty-transport-classes-kqueue-4.1.96.Final.jar;C:\Users\Aniket Satpute\.m2\repository\io\netty\netty-transport-native-epoll\4.1.96.Final\netty-transport-native-epoll-4.1.96.Final.jar;C:\Users\Aniket Satpute\.m2\repository\io\netty\netty-transport-native-kqueue\4.1.96.Final\netty-transport-native-kqueue-4.1.96.Final.jar;C:\Users\Aniket Satpute\.m2\repository\io\netty\netty-transport-native-unix-common\4.1.96.Final\netty-transport-native-unix-common-4.1.96.Final.jar;C:\Users\Aniket Satpute\.m2\repository\io\netty\netty-transport\4.1.96.Final\netty-transport-4.1.96.Final.jar;C:\Users\Aniket Satpute\.m2\repository\io\netty\netty-resolver\4.1.96.Final\netty-resolver-4.1.96.Final.jar;C:\Users\Aniket Satpute\.m2\repository\io\opentelemetry\opentelemetry-api\1.28.0\opentelemetry-api-1.28.0.jar;C:\Users\Aniket Satpute\.m2\repository\io\opentelemetry\opentelemetry-context\1.28.0\opentelemetry-context-1.28.0.jar;C:\Users\Aniket Satpute\.m2\repository\io\opentelemetry\opentelemetry-exporter-logging\1.28.0\opentelemetry-exporter-logging-1.28.0.jar;C:\Users\Aniket Satpute\.m2\repository\io\opentelemetry\opentelemetry-sdk-metrics\1.28.0\opentelemetry-sdk-metrics-1.28.0.jar;C:\Users\Aniket Satpute\.m2\repository\io\opentelemetry\opentelemetry-extension-incubator\1.28.0-alpha\opentelemetry-extension-incubator-1.28.0-alpha.jar;C:\Users\Aniket Satpute\.m2\repository\io\opentelemetry\opentelemetry-sdk-logs\1.28.0\opentelemetry-sdk-logs-1.28.0.jar;C:\Users\Aniket Satpute\.m2\repository\io\opentelemetry\opentelemetry-sdk-common\1.28.0\opentelemetry-sdk-common-1.28.0.jar;C:\Users\Aniket Satpute\.m2\repository\io\opentelemetry\opentelemetry-sdk-extension-autoconfigure-spi\1.28.0\opentelemetry-sdk-extension-autoconfigure-spi-1.28.0.jar;C:\Users\Aniket Satpute\.m2\repository\io\opentelemetry\opentelemetry-sdk-extension-autoconfigure\1.28.0\opentelemetry-sdk-extension-autoconfigure-1.28.0.jar;C:\Users\Aniket Satpute\.m2\repository\io\opentelemetry\opentelemetry-api-events\1.28.0-alpha\opentelemetry-api-events-1.28.0-alpha.jar;C:\Users\Aniket Satpute\.m2\repository\io\opentelemetry\opentelemetry-sdk-trace\1.28.0\opentelemetry-sdk-trace-1.28.0.jar;C:\Users\Aniket Satpute\.m2\repository\io\opentelemetry\opentelemetry-sdk\1.28.0\opentelemetry-sdk-1.28.0.jar;C:\Users\Aniket Satpute\.m2\repository\io\opentelemetry\opentelemetry-semconv\1.28.0-alpha\opentelemetry-semconv-1.28.0-alpha.jar;C:\Users\Aniket Satpute\.m2\repository\net\bytebuddy\byte-buddy\1.14.5\byte-buddy-1.14.5.jar;C:\Users\Aniket Satpute\.m2\repository\org\asynchttpclient\async-http-client\2.12.3\async-http-client-2.12.3.jar;C:\Users\Aniket Satpute\.m2\repository\org\asynchttpclient\async-http-client-netty-utils\2.12.3\async-http-client-netty-utils-2.12.3.jar;C:\Users\Aniket Satpute\.m2\repository\io\netty\netty-codec-socks\4.1.60.Final\netty-codec-socks-4.1.60.Final.jar;C:\Users\Aniket Satpute\.m2\repository\io\netty\netty-handler-proxy\4.1.60.Final\netty-handler-proxy-4.1.60.Final.jar;C:\Users\Aniket Satpute\.m2\repository\io\netty\netty-transport-native-epoll\4.1.60.Final\netty-transport-native-epoll-4.1.60.Final-linux-x86_64.jar;C:\Users\Aniket Satpute\.m2\repository\io\netty\netty-transport-native-kqueue\4.1.60.Final\netty-transport-native-kqueue-4.1.60.Final-osx-x86_64.jar;C:\Users\Aniket Satpute\.m2\repository\org\reactivestreams\reactive-streams\1.0.3\reactive-streams-1.0.3.jar;C:\Users\Aniket Satpute\.m2\repository\com\typesafe\netty\netty-reactive-streams\2.0.4\netty-reactive-streams-2.0.4.jar;C:\Users\Aniket Satpute\.m2\repository\com\sun\activation\jakarta.activation\1.2.2\jakarta.activation-1.2.2.jar;C:\Users\Aniket Satpute\.m2\repository\org\seleniumhq\selenium\selenium-os\4.12.0\selenium-os-4.12.0.jar;C:\Users\Aniket Satpute\.m2\repository\org\apache\commons\commons-exec\1.3\commons-exec-1.3.jar;C:\Users\Aniket Satpute\.m2\repository\org\seleniumhq\selenium\selenium-safari-driver\4.12.0\selenium-safari-driver-4.12.0.jar;C:\Users\Aniket Satpute\.m2\repository\org\seleniumhq\selenium\selenium-support\4.12.0\selenium-support-4.12.0.jar;C:\Users\Aniket Satpute\.m2\repository\ch\qos\logback\logback-classic\1.2.11\logback-classic-1.2.11.jar;C:\Users\Aniket Satpute\.m2\repository\ch\qos\logback\logback-core\1.2.11\logback-core-1.2.11.jar;C:\Users\Aniket Satpute\.m2\repository\org\slf4j\slf4j-simple\2.0.9\slf4j-simple-2.0.9.jar;C:\Users\Aniket Satpute\.m2\repository\org\slf4j\slf4j-api\1.7.36\slf4j-api-1.7.36.jar;C:\Users\Aniket Satpute\.m2\repository\com\github\javafaker\javafaker\1.0.2\javafaker-1.0.2.jar;C:\Users\Aniket Satpute\.m2\repository\org\apache\commons\commons-lang3\3.5\commons-lang3-3.5.jar;C:\Users\Aniket Satpute\.m2\repository\com\github\mifmif\generex\1.0.2\generex-1.0.2.jar;C:\Users\Aniket Satpute\.m2\repository\dk\brics\automaton\automaton\1.11-8\automaton-1.11-8.jar;"/>
    <property name="sun.cpu.endian" value="little"/>
    <property name="user.home" value="C:\Users\Aniket Satpute"/>
    <property name="user.language" value="en"/>
    <property name="java.specification.vendor" value="Oracle Corporation"/>
    <property name="java.version.date" value="2024-04-16"/>
    <property name="java.home" value="C:\Users\Aniket Satpute\.p2\pool\plugins\org.eclipse.justj.openjdk.hotspot.jre.full.win32.x86_64_17.0.11.v20240426-1830\jre"/>
    <property name="file.separator" value="\"/>
    <property name="style.color" value="always"/>
    <property name="basedir" value="C:\Users\Aniket Satpute\eclipse-workspace\FleetProject"/>
    <property name="java.vm.compressedOopsMode" value="Zero based"/>
    <property name="line.separator" value="&#10;"/>
    <property name="java.vm.specification.vendor" value="Oracle Corporation"/>
    <property name="java.specification.name" value="Java Platform API Specification"/>
    <property name="surefire.real.class.path" value="C:\Users\Aniket Satpute\AppData\Local\Temp\surefire5299446184880678602\surefirebooter-20250125014653971_3.jar"/>
    <property name="user.script" value=""/>
    <property name="sun.management.compiler" value="HotSpot 64-Bit Tiered Compilers"/>
    <property name="java.runtime.version" value="17.0.11+9"/>
    <property name="user.name" value="Aniket Satpute"/>
    <property name="path.separator" value=";"/>
    <property name="os.version" value="10.0"/>
    <property name="java.runtime.name" value="OpenJDK Runtime Environment"/>
    <property name="file.encoding" value="Cp1252"/>
    <property name="java.vm.name" value="OpenJDK 64-Bit Server VM"/>
    <property name="java.vendor.version" value="Temurin-17.0.11+9"/>
    <property name="localRepository" value="C:\Users\Aniket Satpute\.m2\repository"/>
    <property name="java.vendor.url.bug" value="https://github.com/adoptium/adoptium-support/issues"/>
    <property name="java.io.tmpdir" value="C:\Users\ANIKET~1\AppData\Local\Temp\"/>
    <property name="java.version" value="17.0.11"/>
    <property name="user.dir" value="C:\Users\Aniket Satpute\eclipse-workspace\FleetProject"/>
    <property name="os.arch" value="amd64"/>
    <property name="java.vm.specification.name" value="Java Virtual Machine Specification"/>
    <property name="sun.os.patch.level" value=""/>
    <property name="native.encoding" value="Cp1252"/>
    <property name="java.library.path" value="C:\Users\Aniket Satpute\.p2\pool\plugins\org.eclipse.justj.openjdk.hotspot.jre.full.win32.x86_64_17.0.11.v20240426-1830\jre\bin;C:\Windows\Sun\Java\bin;C:\Windows\system32;C:\Windows;C:/Users/Aniket Satpute/.p2/pool/plugins/org.eclipse.justj.openjdk.hotspot.jre.full.win32.x86_64_17.0.11.v20240426-1830/jre/bin/server;C:/Users/Aniket Satpute/.p2/pool/plugins/org.eclipse.justj.openjdk.hotspot.jre.full.win32.x86_64_17.0.11.v20240426-1830/jre/bin;C:\Python313\Scripts\;C:\Python313\;C:\Program Files\Common Files\Oracle\Java\javapath;C:\Program Files (x86)\Common Files\Oracle\Java\java8path;C:\Program Files (x86)\Common Files\Oracle\Java\javapath;C:\Python312\Scripts\;C:\Python312\;C:\Windows\system32;C:\Windows;C:\Windows\System32\Wbem;C:\Windows\System32\WindowsPowerShell\v1.0\;C:\Windows\System32\OpenSSH\;C:\Program Files (x86)\NVIDIA Corporation\PhysX\Common;C:\Program Files\NVIDIA Corporation\NVIDIA NvDLISR;C:\Program Files\Microsoft SQL Server\150\Tools\Binn\;C:\Program Files\MySQL\MySQL Server 8.0\bin;C:\ProgramData\chocolatey\bin;C:\Program Files\Java\jdk-21\bin;C:\Program Files (x86)\Java\jre1.8.0_421\bin;C:\Program Files (x86)\Java\jre1.8.0_421\bin\bin;C:\Program Files\Java\jdk-23\bin;C:\Users\Aniket Satpute\OneDrive\Desktop\javapractice\Oracle_JDK-23\bin;C:\apache-maven-3.9.9-bin\apache-maven-3.9.9\bin;C:\apache-maven-3.9.9-bin\apache-maven-3.9.9\bin;C:\apache-maven-3.9.9-bin\apache-maven-3.9.9\bin;C:\Program Files\Java\jdk-23\bin;C:\Program Files\Java\jdk-23\bin;C:\Program Files\Git\cmd;C:\Program Files\Git\bin;C:\Program Files\nodejs\;C:\Users\Aniket Satpute\AppData\Roaming\npm;C:\Users\Aniket Satpute\AppData\Local\Programs\Microsoft VS Code\bin;C:\Windows\System32;;."/>
    <property name="java.vm.info" value="mixed mode"/>
    <property name="java.vendor" value="Eclipse Adoptium"/>
    <property name="java.vm.version" value="17.0.11+9"/>
    <property name="sun.io.unicode.encoding" value="UnicodeLittle"/>
    <property name="java.class.version" value="61.0"/>
  </properties>
  <testcase name="create Load with basic information" classname="Create load in broker" time="33.631">
    <system-out><![CDATA[
Scenario Outline: create Load with basic information       # src/test/resources/Create_Load/Create_Load.feature:23
01:46:58.328 [main] DEBUG io.netty.util.internal.logging.InternalLoggerFactory - Using SLF4J as the default logging framework
01:46:58.339 [main] DEBUG io.netty.util.ResourceLeakDetector - -Dio.netty.leakDetection.level: simple
01:46:58.339 [main] DEBUG io.netty.util.ResourceLeakDetector - -Dio.netty.leakDetection.targetRecords: 4
01:46:58.343 [main] DEBUG io.netty.util.ResourceLeakDetectorFactory - Loaded default ResourceLeakDetector: io.netty.util.ResourceLeakDetector@cda4919
01:46:58.368 [main] DEBUG io.netty.util.internal.PlatformDependent0 - -Dio.netty.noUnsafe: false
01:46:58.368 [main] DEBUG io.netty.util.internal.PlatformDependent0 - Java version: 17
01:46:58.370 [main] DEBUG io.netty.util.internal.PlatformDependent0 - sun.misc.Unsafe.theUnsafe: available
01:46:58.371 [main] DEBUG io.netty.util.internal.PlatformDependent0 - sun.misc.Unsafe.copyMemory: available
01:46:58.372 [main] DEBUG io.netty.util.internal.PlatformDependent0 - sun.misc.Unsafe.storeFence: available
01:46:58.372 [main] DEBUG io.netty.util.internal.PlatformDependent0 - java.nio.Buffer.address: available
01:46:58.373 [main] DEBUG io.netty.util.internal.PlatformDependent0 - direct buffer constructor: unavailable: Reflective setAccessible(true) disabled
01:46:58.374 [main] DEBUG io.netty.util.internal.PlatformDependent0 - java.nio.Bits.unaligned: available, true
01:46:58.375 [main] DEBUG io.netty.util.internal.PlatformDependent0 - jdk.internal.misc.Unsafe.allocateUninitializedArray(int): unavailable: class io.netty.util.internal.PlatformDependent0$7 cannot access class jdk.internal.misc.Unsafe (in module java.base) because module java.base does not export jdk.internal.misc to unnamed module @5d740a0f
01:46:58.377 [main] DEBUG io.netty.util.internal.PlatformDependent0 - java.nio.DirectByteBuffer.<init>(long, {int,long}): unavailable
01:46:58.378 [main] DEBUG io.netty.util.internal.PlatformDependent - sun.misc.Unsafe: available
01:46:58.381 [main] DEBUG io.netty.util.internal.PlatformDependent - maxDirectMemory: 4219469824 bytes (maybe)
01:46:58.381 [main] DEBUG io.netty.util.internal.PlatformDependent - -Dio.netty.tmpdir: C:\Users\ANIKET~1\AppData\Local\Temp (java.io.tmpdir)
01:46:58.381 [main] DEBUG io.netty.util.internal.PlatformDependent - -Dio.netty.bitMode: 64 (sun.arch.data.model)
01:46:58.382 [main] DEBUG io.netty.util.internal.PlatformDependent - Platform: Windows
01:46:58.383 [main] DEBUG io.netty.util.internal.PlatformDependent - -Dio.netty.maxDirectMemory: -1 bytes
01:46:58.383 [main] DEBUG io.netty.util.internal.PlatformDependent - -Dio.netty.uninitializedArrayAllocationThreshold: -1
01:46:58.385 [main] DEBUG io.netty.util.internal.CleanerJava9 - java.nio.ByteBuffer.cleaner(): available
01:46:58.385 [main] DEBUG io.netty.util.internal.PlatformDependent - -Dio.netty.noPreferDirect: false
01:46:58.397 [main] DEBUG io.netty.util.internal.PlatformDependent - org.jctools-core.MpscChunkedArrayQueue: available
01:46:58.435 [main] DEBUG io.netty.util.internal.InternalThreadLocalMap - -Dio.netty.threadLocalMap.stringBuilder.initialSize: 1024
01:46:58.436 [main] DEBUG io.netty.util.internal.InternalThreadLocalMap - -Dio.netty.threadLocalMap.stringBuilder.maxSize: 4096
01:46:58.673 [main] DEBUG io.netty.handler.ssl.JdkSslContext - Default protocols (JDK): [TLSv1.3, TLSv1.2] 
01:46:58.673 [main] DEBUG io.netty.handler.ssl.JdkSslContext - Default cipher suites (JDK): [TLS_ECDHE_ECDSA_WITH_AES_256_GCM_SHA384, TLS_ECDHE_ECDSA_WITH_AES_128_GCM_SHA256, TLS_ECDHE_RSA_WITH_AES_128_GCM_SHA256, TLS_ECDHE_RSA_WITH_AES_256_GCM_SHA384, TLS_ECDHE_RSA_WITH_AES_128_CBC_SHA, TLS_ECDHE_RSA_WITH_AES_256_CBC_SHA, TLS_RSA_WITH_AES_128_GCM_SHA256, TLS_RSA_WITH_AES_128_CBC_SHA, TLS_RSA_WITH_AES_256_CBC_SHA, TLS_AES_128_GCM_SHA256, TLS_AES_256_GCM_SHA384]
01:46:58.690 [main] DEBUG io.netty.util.concurrent.GlobalEventExecutor - -Dio.netty.globalEventExecutor.quietPeriodSeconds: 1
01:46:58.707 [main] DEBUG io.netty.channel.MultithreadEventLoopGroup - -Dio.netty.eventLoopThreads: 24
01:46:58.718 [main] DEBUG io.netty.channel.nio.NioEventLoop - -Dio.netty.noKeySetOptimization: false
01:46:58.718 [main] DEBUG io.netty.channel.nio.NioEventLoop - -Dio.netty.selectorAutoRebuildThreshold: 512
01:46:58.855 [main] DEBUG io.netty.buffer.PooledByteBufAllocator - -Dio.netty.allocator.numHeapArenas: 24
01:46:58.855 [main] DEBUG io.netty.buffer.PooledByteBufAllocator - -Dio.netty.allocator.numDirectArenas: 24
01:46:58.855 [main] DEBUG io.netty.buffer.PooledByteBufAllocator - -Dio.netty.allocator.pageSize: 8192
01:46:58.856 [main] DEBUG io.netty.buffer.PooledByteBufAllocator - -Dio.netty.allocator.maxOrder: 9
01:46:58.856 [main] DEBUG io.netty.buffer.PooledByteBufAllocator - -Dio.netty.allocator.chunkSize: 4194304
01:46:58.856 [main] DEBUG io.netty.buffer.PooledByteBufAllocator - -Dio.netty.allocator.smallCacheSize: 256
01:46:58.856 [main] DEBUG io.netty.buffer.PooledByteBufAllocator - -Dio.netty.allocator.normalCacheSize: 64
01:46:58.856 [main] DEBUG io.netty.buffer.PooledByteBufAllocator - -Dio.netty.allocator.maxCachedBufferCapacity: 32768
01:46:58.856 [main] DEBUG io.netty.buffer.PooledByteBufAllocator - -Dio.netty.allocator.cacheTrimInterval: 8192
01:46:58.856 [main] DEBUG io.netty.buffer.PooledByteBufAllocator - -Dio.netty.allocator.cacheTrimIntervalMillis: 0
01:46:58.856 [main] DEBUG io.netty.buffer.PooledByteBufAllocator - -Dio.netty.allocator.useCacheForAllThreads: false
01:46:58.856 [main] DEBUG io.netty.buffer.PooledByteBufAllocator - -Dio.netty.allocator.maxCachedByteBuffersPerChunk: 1023
01:46:58.880 [main] DEBUG io.netty.buffer.ByteBufUtil - -Dio.netty.allocator.type: pooled
01:46:58.882 [main] DEBUG io.netty.buffer.ByteBufUtil - -Dio.netty.threadLocalDirectBufferSize: 0
01:46:58.882 [main] DEBUG io.netty.buffer.ByteBufUtil - -Dio.netty.maxThreadLocalCharBufferSize: 16384
01:46:59.448 [Forwarding newSession on session null to remote] DEBUG io.netty.channel.DefaultChannelId - -Dio.netty.processId: 35304 (auto-detected)
01:46:59.450 [Forwarding newSession on session null to remote] DEBUG io.netty.util.NetUtil - -Djava.net.preferIPv4Stack: false
01:46:59.450 [Forwarding newSession on session null to remote] DEBUG io.netty.util.NetUtil - -Djava.net.preferIPv6Addresses: false
01:46:59.465 [Forwarding newSession on session null to remote] DEBUG io.netty.util.NetUtilInitializations - Loopback interface: lo (Software Loopback Interface 1, 127.0.0.1)
01:46:59.466 [Forwarding newSession on session null to remote] DEBUG io.netty.util.NetUtil - Failed to get SOMAXCONN from sysctl and file \proc\sys\net\core\somaxconn. Default: 200
01:46:59.483 [Forwarding newSession on session null to remote] DEBUG io.netty.channel.DefaultChannelId - -Dio.netty.machineId: f4:6a:dd:ff:fe:57:6c:f3 (auto-detected)
01:46:59.547 [AsyncHttpClient-1-2] DEBUG io.netty.buffer.AbstractByteBuf - -Dio.netty.buffer.checkAccessible: true
01:46:59.547 [AsyncHttpClient-1-2] DEBUG io.netty.buffer.AbstractByteBuf - -Dio.netty.buffer.checkBounds: true
01:46:59.547 [AsyncHttpClient-1-2] DEBUG io.netty.util.ResourceLeakDetectorFactory - Loaded default ResourceLeakDetector: io.netty.util.ResourceLeakDetector@47eb28d6
01:46:59.570 [AsyncHttpClient-1-2] DEBUG org.asynchttpclient.netty.channel.NettyConnectListener - Using new Channel '[id: 0xe49d6a83, L:/127.0.0.1:62478 - R:localhost/127.0.0.1:35843]' for 'POST' to '/session'
01:46:59.590 [AsyncHttpClient-1-2] DEBUG io.netty.util.Recycler - -Dio.netty.recycler.maxCapacityPerThread: 4096
01:46:59.590 [AsyncHttpClient-1-2] DEBUG io.netty.util.Recycler - -Dio.netty.recycler.ratio: 8
01:46:59.590 [AsyncHttpClient-1-2] DEBUG io.netty.util.Recycler - -Dio.netty.recycler.chunkSize: 32
01:46:59.590 [AsyncHttpClient-1-2] DEBUG io.netty.util.Recycler - -Dio.netty.recycler.blocking: false
01:46:59.590 [AsyncHttpClient-1-2] DEBUG io.netty.util.Recycler - -Dio.netty.recycler.batchFastThreadLocalOnly: true
01:47:01.058 [AsyncHttpClient-1-2] DEBUG io.netty.handler.codec.compression.Brotli - brotli4j not in the classpath; Brotli support will be unavailable.
01:47:01.059 [AsyncHttpClient-1-2] DEBUG org.asynchttpclient.netty.handler.HttpHandler - 

Request DefaultHttpRequest(decodeResult: success, version: HTTP/1.1)
POST /session HTTP/1.1
User-Agent: selenium/4.12.0 (java windows)
Content-Length: 254
Content-Type: application/json; charset=utf-8
host: localhost:35843
accept: */*

Response DefaultHttpResponse(decodeResult: success, version: HTTP/1.1)
HTTP/1.1 200 OK
Content-Length: 888
Content-Type: application/json; charset=utf-8
cache-control: no-cache

01:47:01.068 [AsyncHttpClient-1-2] DEBUG org.asynchttpclient.netty.channel.ChannelManager - Adding key: http://localhost:35843 for channel [id: 0xe49d6a83, L:/127.0.0.1:62478 - R:localhost/127.0.0.1:35843]
01:47:01.195 [AsyncHttpClient-1-3] DEBUG org.asynchttpclient.netty.channel.NettyConnectListener - Using new Channel '[id: 0xd31528b6, L:/127.0.0.1:62486 - R:localhost/127.0.0.1:62479]' for 'GET' to '/json/version'
01:47:01.199 [AsyncHttpClient-1-3] DEBUG org.asynchttpclient.netty.handler.HttpHandler - 

Request DefaultFullHttpRequest(decodeResult: success, version: HTTP/1.1, content: EmptyByteBufBE)
GET /json/version HTTP/1.1
User-Agent: selenium/4.12.0 (java windows)
host: localhost:62479
accept: */*

Response DefaultHttpResponse(decodeResult: success, version: HTTP/1.1)
HTTP/1.1 200 OK
Content-Security-Policy: frame-ancestors 'none'
Content-Length: 424
Content-Type: application/json; charset=UTF-8

01:47:01.199 [AsyncHttpClient-1-3] DEBUG org.asynchttpclient.netty.channel.ChannelManager - Adding key: http://localhost:62479 for channel [id: 0xd31528b6, L:/127.0.0.1:62486 - R:localhost/127.0.0.1:62479]
01:47:01.214 [main] DEBUG io.netty.util.internal.ThreadLocalRandom - -Dio.netty.initialSeedUniquifier: 0x6e6195042a96f67d
01:47:01.218 [AsyncHttpClient-1-4] DEBUG org.asynchttpclient.netty.channel.NettyConnectListener - Using new Channel '[id: 0x090183ee, L:/127.0.0.1:62487 - R:localhost/127.0.0.1:62479]' for 'GET' to '/devtools/browser/edf389cc-d7b6-4c58-9ce0-5a78d8547159'
01:47:01.223 [AsyncHttpClient-1-4] DEBUG org.asynchttpclient.netty.handler.WebSocketHandler - 

Request DefaultFullHttpRequest(decodeResult: success, version: HTTP/1.1, content: EmptyByteBufBE)
GET /devtools/browser/edf389cc-d7b6-4c58-9ce0-5a78d8547159 HTTP/1.1
upgrade: websocket
connection: upgrade
sec-websocket-key: GGrk9e07pGHwnj0RAD+HJA==
sec-websocket-version: 13
origin: http://localhost:62479
host: localhost:62479
accept: */*
user-agent: AHC/2.1

Response DefaultHttpResponse(decodeResult: success, version: HTTP/1.1)
HTTP/1.1 101 WebSocket Protocol Handshake
Upgrade: WebSocket
Connection: Upgrade
Sec-WebSocket-Accept: yCgqTd+Lk8qFfocRY7nSWm5Pty8=

01:47:01.285 [Forwarding get on session bc2d90bfe00911a34f753429ad676dbe to remote] DEBUG org.asynchttpclient.netty.request.NettyRequestSender - Using pooled Channel '[id: 0xe49d6a83, L:/127.0.0.1:62478 - R:localhost/127.0.0.1:35843]' for 'POST' to 'http://localhost:35843/session/bc2d90bfe00911a34f753429ad676dbe/url'
01:47:01.286 [Forwarding get on session bc2d90bfe00911a34f753429ad676dbe to remote] DEBUG org.asynchttpclient.netty.request.NettyRequestSender - Using open Channel [id: 0xe49d6a83, L:/127.0.0.1:62478 - R:localhost/127.0.0.1:35843] for POST '/session/bc2d90bfe00911a34f753429ad676dbe/url'
01:47:01.854 [AsyncHttpClient-1-2] DEBUG org.asynchttpclient.netty.handler.HttpHandler - 

Request DefaultHttpRequest(decodeResult: success, version: HTTP/1.1)
POST /session/bc2d90bfe00911a34f753429ad676dbe/url HTTP/1.1
User-Agent: selenium/4.12.0 (java windows)
Content-Length: 79
Content-Type: application/json; charset=utf-8
host: localhost:35843
accept: */*

Response DefaultHttpResponse(decodeResult: success, version: HTTP/1.1)
HTTP/1.1 200 OK
Content-Length: 14
Content-Type: application/json; charset=utf-8
cache-control: no-cache

01:47:01.856 [AsyncHttpClient-1-2] DEBUG org.asynchttpclient.netty.channel.ChannelManager - Adding key: http://localhost:35843 for channel [id: 0xe49d6a83, L:/127.0.0.1:62478 - R:localhost/127.0.0.1:35843]
01:47:01.870 [Forwarding maximizeCurrentWindow on session bc2d90bfe00911a34f753429ad676dbe to remote] DEBUG org.asynchttpclient.netty.request.NettyRequestSender - Using pooled Channel '[id: 0xe49d6a83, L:/127.0.0.1:62478 - R:localhost/127.0.0.1:35843]' for 'POST' to 'http://localhost:35843/session/bc2d90bfe00911a34f753429ad676dbe/window/maximize'
01:47:01.871 [Forwarding maximizeCurrentWindow on session bc2d90bfe00911a34f753429ad676dbe to remote] DEBUG org.asynchttpclient.netty.request.NettyRequestSender - Using open Channel [id: 0xe49d6a83, L:/127.0.0.1:62478 - R:localhost/127.0.0.1:35843] for POST '/session/bc2d90bfe00911a34f753429ad676dbe/window/maximize'
01:47:01.908 [AsyncHttpClient-1-1] DEBUG org.asynchttpclient.netty.channel.DefaultChannelPool - Entry count for : http://localhost:62479 : 1
01:47:03.013 [AsyncHttpClient-1-1] DEBUG org.asynchttpclient.netty.channel.DefaultChannelPool - Entry count for : http://localhost:62479 : 1
01:47:03.233 [AsyncHttpClient-1-2] DEBUG org.asynchttpclient.netty.handler.HttpHandler - 

Request DefaultHttpRequest(decodeResult: success, version: HTTP/1.1)
POST /session/bc2d90bfe00911a34f753429ad676dbe/window/maximize HTTP/1.1
User-Agent: selenium/4.12.0 (java windows)
Content-Length: 3
Content-Type: application/json; charset=utf-8
host: localhost:35843
accept: */*

Response DefaultHttpResponse(decodeResult: success, version: HTTP/1.1)
HTTP/1.1 200 OK
Content-Length: 51
Content-Type: application/json; charset=utf-8
cache-control: no-cache

01:47:03.233 [AsyncHttpClient-1-2] DEBUG org.asynchttpclient.netty.channel.ChannelManager - Adding key: http://localhost:35843 for channel [id: 0xe49d6a83, L:/127.0.0.1:62478 - R:localhost/127.0.0.1:35843]
01:47:03.262 [Forwarding findElement on session bc2d90bfe00911a34f753429ad676dbe to remote] DEBUG org.asynchttpclient.netty.request.NettyRequestSender - Using pooled Channel '[id: 0xe49d6a83, L:/127.0.0.1:62478 - R:localhost/127.0.0.1:35843]' for 'POST' to 'http://localhost:35843/session/bc2d90bfe00911a34f753429ad676dbe/element'
01:47:03.262 [Forwarding findElement on session bc2d90bfe00911a34f753429ad676dbe to remote] DEBUG org.asynchttpclient.netty.request.NettyRequestSender - Using open Channel [id: 0xe49d6a83, L:/127.0.0.1:62478 - R:localhost/127.0.0.1:35843] for POST '/session/bc2d90bfe00911a34f753429ad676dbe/element'
01:47:03.282 [AsyncHttpClient-1-2] DEBUG org.asynchttpclient.netty.handler.HttpHandler - 

Request DefaultHttpRequest(decodeResult: success, version: HTTP/1.1)
POST /session/bc2d90bfe00911a34f753429ad676dbe/element HTTP/1.1
User-Agent: selenium/4.12.0 (java windows)
Content-Length: 69
Content-Type: application/json; charset=utf-8
host: localhost:35843
accept: */*

Response DefaultHttpResponse(decodeResult: success, version: HTTP/1.1)
HTTP/1.1 200 OK
Content-Length: 125
Content-Type: application/json; charset=utf-8
cache-control: no-cache

01:47:03.282 [AsyncHttpClient-1-2] DEBUG org.asynchttpclient.netty.channel.ChannelManager - Adding key: http://localhost:35843 for channel [id: 0xe49d6a83, L:/127.0.0.1:62478 - R:localhost/127.0.0.1:35843]
01:47:03.294 [Forwarding sendKeysToElement on session bc2d90bfe00911a34f753429ad676dbe to remote] DEBUG org.asynchttpclient.netty.request.NettyRequestSender - Using pooled Channel '[id: 0xe49d6a83, L:/127.0.0.1:62478 - R:localhost/127.0.0.1:35843]' for 'POST' to 'http://localhost:35843/session/bc2d90bfe00911a34f753429ad676dbe/element/f.7EEA724B631D5082E6157C54756243B6.d.5FBA059B47B0CAEDC425EDAF4DA7A276.e.4/value'
01:47:03.295 [Forwarding sendKeysToElement on session bc2d90bfe00911a34f753429ad676dbe to remote] DEBUG org.asynchttpclient.netty.request.NettyRequestSender - Using open Channel [id: 0xe49d6a83, L:/127.0.0.1:62478 - R:localhost/127.0.0.1:35843] for POST '/session/bc2d90bfe00911a34f753429ad676dbe/element/f.7EEA724B631D5082E6157C54756243B6.d.5FBA059B47B0CAEDC425EDAF4DA7A276.e.4/value'
01:47:03.519 [AsyncHttpClient-1-2] DEBUG org.asynchttpclient.netty.handler.HttpHandler - 

Request DefaultHttpRequest(decodeResult: success, version: HTTP/1.1)
POST /session/bc2d90bfe00911a34f753429ad676dbe/element/f.7EEA724B631D5082E6157C54756243B6.d.5FBA059B47B0CAEDC425EDAF4DA7A276.e.4/value HTTP/1.1
User-Agent: selenium/4.12.0 (java windows)
Content-Length: 328
Content-Type: application/json; charset=utf-8
host: localhost:35843
accept: */*

Response DefaultHttpResponse(decodeResult: success, version: HTTP/1.1)
HTTP/1.1 200 OK
Content-Length: 14
Content-Type: application/json; charset=utf-8
cache-control: no-cache

01:47:03.520 [AsyncHttpClient-1-2] DEBUG org.asynchttpclient.netty.channel.ChannelManager - Adding key: http://localhost:35843 for channel [id: 0xe49d6a83, L:/127.0.0.1:62478 - R:localhost/127.0.0.1:35843]
01:47:03.522 [Forwarding findElement on session bc2d90bfe00911a34f753429ad676dbe to remote] DEBUG org.asynchttpclient.netty.request.NettyRequestSender - Using pooled Channel '[id: 0xe49d6a83, L:/127.0.0.1:62478 - R:localhost/127.0.0.1:35843]' for 'POST' to 'http://localhost:35843/session/bc2d90bfe00911a34f753429ad676dbe/element'
01:47:03.522 [Forwarding findElement on session bc2d90bfe00911a34f753429ad676dbe to remote] DEBUG org.asynchttpclient.netty.request.NettyRequestSender - Using open Channel [id: 0xe49d6a83, L:/127.0.0.1:62478 - R:localhost/127.0.0.1:35843] for POST '/session/bc2d90bfe00911a34f753429ad676dbe/element'
01:47:03.538 [AsyncHttpClient-1-2] DEBUG org.asynchttpclient.netty.handler.HttpHandler - 

Request DefaultHttpRequest(decodeResult: success, version: HTTP/1.1)
POST /session/bc2d90bfe00911a34f753429ad676dbe/element HTTP/1.1
User-Agent: selenium/4.12.0 (java windows)
Content-Length: 72
Content-Type: application/json; charset=utf-8
host: localhost:35843
accept: */*

Response DefaultHttpResponse(decodeResult: success, version: HTTP/1.1)
HTTP/1.1 200 OK
Content-Length: 125
Content-Type: application/json; charset=utf-8
cache-control: no-cache

01:47:03.538 [AsyncHttpClient-1-2] DEBUG org.asynchttpclient.netty.channel.ChannelManager - Adding key: http://localhost:35843 for channel [id: 0xe49d6a83, L:/127.0.0.1:62478 - R:localhost/127.0.0.1:35843]
01:47:03.542 [Forwarding sendKeysToElement on session bc2d90bfe00911a34f753429ad676dbe to remote] DEBUG org.asynchttpclient.netty.request.NettyRequestSender - Using pooled Channel '[id: 0xe49d6a83, L:/127.0.0.1:62478 - R:localhost/127.0.0.1:35843]' for 'POST' to 'http://localhost:35843/session/bc2d90bfe00911a34f753429ad676dbe/element/f.7EEA724B631D5082E6157C54756243B6.d.5FBA059B47B0CAEDC425EDAF4DA7A276.e.6/value'
01:47:03.542 [Forwarding sendKeysToElement on session bc2d90bfe00911a34f753429ad676dbe to remote] DEBUG org.asynchttpclient.netty.request.NettyRequestSender - Using open Channel [id: 0xe49d6a83, L:/127.0.0.1:62478 - R:localhost/127.0.0.1:35843] for POST '/session/bc2d90bfe00911a34f753429ad676dbe/element/f.7EEA724B631D5082E6157C54756243B6.d.5FBA059B47B0CAEDC425EDAF4DA7A276.e.6/value'
01:47:03.785 [AsyncHttpClient-1-2] DEBUG org.asynchttpclient.netty.handler.HttpHandler - 

Request DefaultHttpRequest(decodeResult: success, version: HTTP/1.1)
POST /session/bc2d90bfe00911a34f753429ad676dbe/element/f.7EEA724B631D5082E6157C54756243B6.d.5FBA059B47B0CAEDC425EDAF4DA7A276.e.6/value HTTP/1.1
User-Agent: selenium/4.12.0 (java windows)
Content-Length: 198
Content-Type: application/json; charset=utf-8
host: localhost:35843
accept: */*

Response DefaultHttpResponse(decodeResult: success, version: HTTP/1.1)
HTTP/1.1 200 OK
Content-Length: 14
Content-Type: application/json; charset=utf-8
cache-control: no-cache

01:47:03.785 [AsyncHttpClient-1-2] DEBUG org.asynchttpclient.netty.channel.ChannelManager - Adding key: http://localhost:35843 for channel [id: 0xe49d6a83, L:/127.0.0.1:62478 - R:localhost/127.0.0.1:35843]
01:47:03.791 [Forwarding findElement on session bc2d90bfe00911a34f753429ad676dbe to remote] DEBUG org.asynchttpclient.netty.request.NettyRequestSender - Using pooled Channel '[id: 0xe49d6a83, L:/127.0.0.1:62478 - R:localhost/127.0.0.1:35843]' for 'POST' to 'http://localhost:35843/session/bc2d90bfe00911a34f753429ad676dbe/element'
01:47:03.792 [Forwarding findElement on session bc2d90bfe00911a34f753429ad676dbe to remote] DEBUG org.asynchttpclient.netty.request.NettyRequestSender - Using open Channel [id: 0xe49d6a83, L:/127.0.0.1:62478 - R:localhost/127.0.0.1:35843] for POST '/session/bc2d90bfe00911a34f753429ad676dbe/element'
01:47:03.820 [AsyncHttpClient-1-2] DEBUG org.asynchttpclient.netty.handler.HttpHandler - 

Request DefaultHttpRequest(decodeResult: success, version: HTTP/1.1)
POST /session/bc2d90bfe00911a34f753429ad676dbe/element HTTP/1.1
User-Agent: selenium/4.12.0 (java windows)
Content-Length: 73
Content-Type: application/json; charset=utf-8
host: localhost:35843
accept: */*

Response DefaultHttpResponse(decodeResult: success, version: HTTP/1.1)
HTTP/1.1 200 OK
Content-Length: 125
Content-Type: application/json; charset=utf-8
cache-control: no-cache

01:47:03.821 [AsyncHttpClient-1-2] DEBUG org.asynchttpclient.netty.channel.ChannelManager - Adding key: http://localhost:35843 for channel [id: 0xe49d6a83, L:/127.0.0.1:62478 - R:localhost/127.0.0.1:35843]
01:47:03.824 [Forwarding clickElement on session bc2d90bfe00911a34f753429ad676dbe to remote] DEBUG org.asynchttpclient.netty.request.NettyRequestSender - Using pooled Channel '[id: 0xe49d6a83, L:/127.0.0.1:62478 - R:localhost/127.0.0.1:35843]' for 'POST' to 'http://localhost:35843/session/bc2d90bfe00911a34f753429ad676dbe/element/f.7EEA724B631D5082E6157C54756243B6.d.5FBA059B47B0CAEDC425EDAF4DA7A276.e.8/click'
01:47:03.824 [Forwarding clickElement on session bc2d90bfe00911a34f753429ad676dbe to remote] DEBUG org.asynchttpclient.netty.request.NettyRequestSender - Using open Channel [id: 0xe49d6a83, L:/127.0.0.1:62478 - R:localhost/127.0.0.1:35843] for POST '/session/bc2d90bfe00911a34f753429ad676dbe/element/f.7EEA724B631D5082E6157C54756243B6.d.5FBA059B47B0CAEDC425EDAF4DA7A276.e.8/click'
01:47:04.040 [AsyncHttpClient-1-2] DEBUG org.asynchttpclient.netty.handler.HttpHandler - 

Request DefaultHttpRequest(decodeResult: success, version: HTTP/1.1)
POST /session/bc2d90bfe00911a34f753429ad676dbe/element/f.7EEA724B631D5082E6157C54756243B6.d.5FBA059B47B0CAEDC425EDAF4DA7A276.e.8/click HTTP/1.1
User-Agent: selenium/4.12.0 (java windows)
Content-Length: 87
Content-Type: application/json; charset=utf-8
host: localhost:35843
accept: */*

Response DefaultHttpResponse(decodeResult: success, version: HTTP/1.1)
HTTP/1.1 200 OK
Content-Length: 14
Content-Type: application/json; charset=utf-8
cache-control: no-cache

01:47:04.041 [AsyncHttpClient-1-2] DEBUG org.asynchttpclient.netty.channel.ChannelManager - Adding key: http://localhost:35843 for channel [id: 0xe49d6a83, L:/127.0.0.1:62478 - R:localhost/127.0.0.1:35843]
01:47:04.107 [AsyncHttpClient-1-1] DEBUG org.asynchttpclient.netty.channel.DefaultChannelPool - Entry count for : http://localhost:35843 : 1
01:47:04.107 [AsyncHttpClient-1-1] DEBUG org.asynchttpclient.netty.channel.DefaultChannelPool - Entry count for : http://localhost:62479 : 1
01:47:05.215 [AsyncHttpClient-1-1] DEBUG org.asynchttpclient.netty.channel.DefaultChannelPool - Entry count for : http://localhost:35843 : 1
01:47:05.216 [AsyncHttpClient-1-1] DEBUG org.asynchttpclient.netty.channel.DefaultChannelPool - Entry count for : http://localhost:62479 : 1
01:47:06.311 [AsyncHttpClient-1-1] DEBUG org.asynchttpclient.netty.channel.DefaultChannelPool - Entry count for : http://localhost:35843 : 1
01:47:06.312 [AsyncHttpClient-1-1] DEBUG org.asynchttpclient.netty.channel.DefaultChannelPool - Entry count for : http://localhost:62479 : 1
01:47:07.415 [AsyncHttpClient-1-1] DEBUG org.asynchttpclient.netty.channel.DefaultChannelPool - Entry count for : http://localhost:35843 : 1
01:47:07.415 [AsyncHttpClient-1-1] DEBUG org.asynchttpclient.netty.channel.DefaultChannelPool - Entry count for : http://localhost:62479 : 1
01:47:08.513 [AsyncHttpClient-1-1] DEBUG org.asynchttpclient.netty.channel.DefaultChannelPool - Entry count for : http://localhost:35843 : 1
01:47:08.513 [AsyncHttpClient-1-1] DEBUG org.asynchttpclient.netty.channel.DefaultChannelPool - Entry count for : http://localhost:62479 : 1
01:47:09.047 [Forwarding getCurrentUrl on session bc2d90bfe00911a34f753429ad676dbe to remote] DEBUG org.asynchttpclient.netty.request.NettyRequestSender - Using pooled Channel '[id: 0xe49d6a83, L:/127.0.0.1:62478 - R:localhost/127.0.0.1:35843]' for 'GET' to 'http://localhost:35843/session/bc2d90bfe00911a34f753429ad676dbe/url'
01:47:09.047 [Forwarding getCurrentUrl on session bc2d90bfe00911a34f753429ad676dbe to remote] DEBUG org.asynchttpclient.netty.request.NettyRequestSender - Using open Channel [id: 0xe49d6a83, L:/127.0.0.1:62478 - R:localhost/127.0.0.1:35843] for GET '/session/bc2d90bfe00911a34f753429ad676dbe/url'
01:47:09.063 [AsyncHttpClient-1-2] DEBUG org.asynchttpclient.netty.handler.HttpHandler - 

Request DefaultFullHttpRequest(decodeResult: success, version: HTTP/1.1, content: EmptyByteBufBE)
GET /session/bc2d90bfe00911a34f753429ad676dbe/url HTTP/1.1
Cache-Control: no-cache
User-Agent: selenium/4.12.0 (java windows)
Content-Type: application/json; charset=utf-8
host: localhost:35843
accept: */*

Response DefaultHttpResponse(decodeResult: success, version: HTTP/1.1)
HTTP/1.1 200 OK
Content-Length: 56
Content-Type: application/json; charset=utf-8
cache-control: no-cache

01:47:09.063 [AsyncHttpClient-1-2] DEBUG org.asynchttpclient.netty.channel.ChannelManager - Adding key: http://localhost:35843 for channel [id: 0xe49d6a83, L:/127.0.0.1:62478 - R:localhost/127.0.0.1:35843]
Site 1: https://platform.fleetsyncs.com/admin/onboarding/broker/load-tender
Site 2: https://platform.fleetsyncs.com/auth/sign-in
Site 2: https://platform.fleetsyncs.com/auth/sign-in
https://platform.fleetsyncs.com/auth/sign-in
01:47:09.063 [Forwarding findElement on session bc2d90bfe00911a34f753429ad676dbe to remote] DEBUG org.asynchttpclient.netty.request.NettyRequestSender - Using pooled Channel '[id: 0xe49d6a83, L:/127.0.0.1:62478 - R:localhost/127.0.0.1:35843]' for 'POST' to 'http://localhost:35843/session/bc2d90bfe00911a34f753429ad676dbe/element'
01:47:09.063 [Forwarding findElement on session bc2d90bfe00911a34f753429ad676dbe to remote] DEBUG org.asynchttpclient.netty.request.NettyRequestSender - Using open Channel [id: 0xe49d6a83, L:/127.0.0.1:62478 - R:localhost/127.0.0.1:35843] for POST '/session/bc2d90bfe00911a34f753429ad676dbe/element'
01:47:09.097 [AsyncHttpClient-1-2] DEBUG org.asynchttpclient.netty.handler.HttpHandler - 

Request DefaultHttpRequest(decodeResult: success, version: HTTP/1.1)
POST /session/bc2d90bfe00911a34f753429ad676dbe/element HTTP/1.1
User-Agent: selenium/4.12.0 (java windows)
Content-Length: 66
Content-Type: application/json; charset=utf-8
host: localhost:35843
accept: */*

Response DefaultHttpResponse(decodeResult: success, version: HTTP/1.1)
HTTP/1.1 200 OK
Content-Length: 126
Content-Type: application/json; charset=utf-8
cache-control: no-cache

01:47:09.097 [AsyncHttpClient-1-2] DEBUG org.asynchttpclient.netty.channel.ChannelManager - Adding key: http://localhost:35843 for channel [id: 0xe49d6a83, L:/127.0.0.1:62478 - R:localhost/127.0.0.1:35843]
01:47:09.113 [Forwarding isElementDisplayed on session bc2d90bfe00911a34f753429ad676dbe to remote] DEBUG org.asynchttpclient.netty.request.NettyRequestSender - Using pooled Channel '[id: 0xe49d6a83, L:/127.0.0.1:62478 - R:localhost/127.0.0.1:35843]' for 'POST' to 'http://localhost:35843/session/bc2d90bfe00911a34f753429ad676dbe/execute/sync'
01:47:09.113 [Forwarding isElementDisplayed on session bc2d90bfe00911a34f753429ad676dbe to remote] DEBUG org.asynchttpclient.netty.request.NettyRequestSender - Using open Channel [id: 0xe49d6a83, L:/127.0.0.1:62478 - R:localhost/127.0.0.1:35843] for POST '/session/bc2d90bfe00911a34f753429ad676dbe/execute/sync'
01:47:09.140 [AsyncHttpClient-1-2] DEBUG org.asynchttpclient.netty.handler.HttpHandler - 

Request DefaultHttpRequest(decodeResult: success, version: HTTP/1.1)
POST /session/bc2d90bfe00911a34f753429ad676dbe/execute/sync HTTP/1.1
User-Agent: selenium/4.12.0 (java windows)
Content-Length: 48734
Content-Type: application/json; charset=utf-8
host: localhost:35843
accept: */*

Response DefaultHttpResponse(decodeResult: success, version: HTTP/1.1)
HTTP/1.1 200 OK
Content-Length: 14
Content-Type: application/json; charset=utf-8
cache-control: no-cache

01:47:09.140 [AsyncHttpClient-1-2] DEBUG org.asynchttpclient.netty.channel.ChannelManager - Adding key: http://localhost:35843 for channel [id: 0xe49d6a83, L:/127.0.0.1:62478 - R:localhost/127.0.0.1:35843]
01:47:09.140 [Forwarding findElement on session bc2d90bfe00911a34f753429ad676dbe to remote] DEBUG org.asynchttpclient.netty.request.NettyRequestSender - Using pooled Channel '[id: 0xe49d6a83, L:/127.0.0.1:62478 - R:localhost/127.0.0.1:35843]' for 'POST' to 'http://localhost:35843/session/bc2d90bfe00911a34f753429ad676dbe/element'
01:47:09.140 [Forwarding findElement on session bc2d90bfe00911a34f753429ad676dbe to remote] DEBUG org.asynchttpclient.netty.request.NettyRequestSender - Using open Channel [id: 0xe49d6a83, L:/127.0.0.1:62478 - R:localhost/127.0.0.1:35843] for POST '/session/bc2d90bfe00911a34f753429ad676dbe/element'
01:47:09.154 [AsyncHttpClient-1-2] DEBUG org.asynchttpclient.netty.handler.HttpHandler - 

Request DefaultHttpRequest(decodeResult: success, version: HTTP/1.1)
POST /session/bc2d90bfe00911a34f753429ad676dbe/element HTTP/1.1
User-Agent: selenium/4.12.0 (java windows)
Content-Length: 66
Content-Type: application/json; charset=utf-8
host: localhost:35843
accept: */*

Response DefaultHttpResponse(decodeResult: success, version: HTTP/1.1)
HTTP/1.1 200 OK
Content-Length: 126
Content-Type: application/json; charset=utf-8
cache-control: no-cache

01:47:09.154 [AsyncHttpClient-1-2] DEBUG org.asynchttpclient.netty.channel.ChannelManager - Adding key: http://localhost:35843 for channel [id: 0xe49d6a83, L:/127.0.0.1:62478 - R:localhost/127.0.0.1:35843]
01:47:09.154 [Forwarding getElementText on session bc2d90bfe00911a34f753429ad676dbe to remote] DEBUG org.asynchttpclient.netty.request.NettyRequestSender - Using pooled Channel '[id: 0xe49d6a83, L:/127.0.0.1:62478 - R:localhost/127.0.0.1:35843]' for 'GET' to 'http://localhost:35843/session/bc2d90bfe00911a34f753429ad676dbe/element/f.7EEA724B631D5082E6157C54756243B6.d.5FBA059B47B0CAEDC425EDAF4DA7A276.e.16/text'
01:47:09.154 [Forwarding getElementText on session bc2d90bfe00911a34f753429ad676dbe to remote] DEBUG org.asynchttpclient.netty.request.NettyRequestSender - Using open Channel [id: 0xe49d6a83, L:/127.0.0.1:62478 - R:localhost/127.0.0.1:35843] for GET '/session/bc2d90bfe00911a34f753429ad676dbe/element/f.7EEA724B631D5082E6157C54756243B6.d.5FBA059B47B0CAEDC425EDAF4DA7A276.e.16/text'
01:47:09.179 [AsyncHttpClient-1-2] DEBUG org.asynchttpclient.netty.handler.HttpHandler - 

Request DefaultFullHttpRequest(decodeResult: success, version: HTTP/1.1, content: EmptyByteBufBE)
GET /session/bc2d90bfe00911a34f753429ad676dbe/element/f.7EEA724B631D5082E6157C54756243B6.d.5FBA059B47B0CAEDC425EDAF4DA7A276.e.16/text HTTP/1.1
Cache-Control: no-cache
User-Agent: selenium/4.12.0 (java windows)
Content-Type: application/json; charset=utf-8
host: localhost:35843
accept: */*

Response DefaultHttpResponse(decodeResult: success, version: HTTP/1.1)
HTTP/1.1 200 OK
Content-Length: 33
Content-Type: application/json; charset=utf-8
cache-control: no-cache

01:47:09.179 [AsyncHttpClient-1-2] DEBUG org.asynchttpclient.netty.channel.ChannelManager - Adding key: http://localhost:35843 for channel [id: 0xe49d6a83, L:/127.0.0.1:62478 - R:localhost/127.0.0.1:35843]
01:47:09.187 [Forwarding findElement on session bc2d90bfe00911a34f753429ad676dbe to remote] DEBUG org.asynchttpclient.netty.request.NettyRequestSender - Using pooled Channel '[id: 0xe49d6a83, L:/127.0.0.1:62478 - R:localhost/127.0.0.1:35843]' for 'POST' to 'http://localhost:35843/session/bc2d90bfe00911a34f753429ad676dbe/element'
01:47:09.188 [Forwarding findElement on session bc2d90bfe00911a34f753429ad676dbe to remote] DEBUG org.asynchttpclient.netty.request.NettyRequestSender - Using open Channel [id: 0xe49d6a83, L:/127.0.0.1:62478 - R:localhost/127.0.0.1:35843] for POST '/session/bc2d90bfe00911a34f753429ad676dbe/element'
01:47:09.204 [AsyncHttpClient-1-2] DEBUG org.asynchttpclient.netty.handler.HttpHandler - 

Request DefaultHttpRequest(decodeResult: success, version: HTTP/1.1)
POST /session/bc2d90bfe00911a34f753429ad676dbe/element HTTP/1.1
User-Agent: selenium/4.12.0 (java windows)
Content-Length: 74
Content-Type: application/json; charset=utf-8
host: localhost:35843
accept: */*

Response DefaultHttpResponse(decodeResult: success, version: HTTP/1.1)
HTTP/1.1 200 OK
Content-Length: 126
Content-Type: application/json; charset=utf-8
cache-control: no-cache

01:47:09.204 [AsyncHttpClient-1-2] DEBUG org.asynchttpclient.netty.channel.ChannelManager - Adding key: http://localhost:35843 for channel [id: 0xe49d6a83, L:/127.0.0.1:62478 - R:localhost/127.0.0.1:35843]
01:47:09.204 [Forwarding clickElement on session bc2d90bfe00911a34f753429ad676dbe to remote] DEBUG org.asynchttpclient.netty.request.NettyRequestSender - Using pooled Channel '[id: 0xe49d6a83, L:/127.0.0.1:62478 - R:localhost/127.0.0.1:35843]' for 'POST' to 'http://localhost:35843/session/bc2d90bfe00911a34f753429ad676dbe/element/f.7EEA724B631D5082E6157C54756243B6.d.5FBA059B47B0CAEDC425EDAF4DA7A276.e.17/click'
01:47:09.204 [Forwarding clickElement on session bc2d90bfe00911a34f753429ad676dbe to remote] DEBUG org.asynchttpclient.netty.request.NettyRequestSender - Using open Channel [id: 0xe49d6a83, L:/127.0.0.1:62478 - R:localhost/127.0.0.1:35843] for POST '/session/bc2d90bfe00911a34f753429ad676dbe/element/f.7EEA724B631D5082E6157C54756243B6.d.5FBA059B47B0CAEDC425EDAF4DA7A276.e.17/click'
01:47:09.319 [AsyncHttpClient-1-2] DEBUG org.asynchttpclient.netty.handler.HttpHandler - 

Request DefaultHttpRequest(decodeResult: success, version: HTTP/1.1)
POST /session/bc2d90bfe00911a34f753429ad676dbe/element/f.7EEA724B631D5082E6157C54756243B6.d.5FBA059B47B0CAEDC425EDAF4DA7A276.e.17/click HTTP/1.1
User-Agent: selenium/4.12.0 (java windows)
Content-Length: 88
Content-Type: application/json; charset=utf-8
host: localhost:35843
accept: */*

Response DefaultHttpResponse(decodeResult: success, version: HTTP/1.1)
HTTP/1.1 200 OK
Content-Length: 14
Content-Type: application/json; charset=utf-8
cache-control: no-cache

01:47:09.328 [AsyncHttpClient-1-2] DEBUG org.asynchttpclient.netty.channel.ChannelManager - Adding key: http://localhost:35843 for channel [id: 0xe49d6a83, L:/127.0.0.1:62478 - R:localhost/127.0.0.1:35843]
01:47:09.612 [AsyncHttpClient-1-1] DEBUG org.asynchttpclient.netty.channel.DefaultChannelPool - Entry count for : http://localhost:35843 : 1
01:47:09.612 [AsyncHttpClient-1-1] DEBUG org.asynchttpclient.netty.channel.DefaultChannelPool - Entry count for : http://localhost:62479 : 1
01:47:10.712 [AsyncHttpClient-1-1] DEBUG org.asynchttpclient.netty.channel.DefaultChannelPool - Entry count for : http://localhost:35843 : 1
01:47:10.713 [AsyncHttpClient-1-1] DEBUG org.asynchttpclient.netty.channel.DefaultChannelPool - Entry count for : http://localhost:62479 : 1
01:47:11.814 [AsyncHttpClient-1-1] DEBUG org.asynchttpclient.netty.channel.DefaultChannelPool - Entry count for : http://localhost:35843 : 1
01:47:11.815 [AsyncHttpClient-1-1] DEBUG org.asynchttpclient.netty.channel.DefaultChannelPool - Entry count for : http://localhost:62479 : 1
screen shot class not taking
  Given Open dashboardasatpute008@gmail.com and Pass@123   # StepDefination.My_Load.I_am_on_dashboard(java.lang.String,java.lang.String)
01:47:12.913 [AsyncHttpClient-1-1] DEBUG org.asynchttpclient.netty.channel.DefaultChannelPool - Entry count for : http://localhost:35843 : 1
01:47:12.915 [AsyncHttpClient-1-1] DEBUG org.asynchttpclient.netty.channel.DefaultChannelPool - Entry count for : http://localhost:62479 : 1
01:47:14.025 [AsyncHttpClient-1-1] DEBUG org.asynchttpclient.netty.channel.DefaultChannelPool - Entry count for : http://localhost:35843 : 1
01:47:14.025 [AsyncHttpClient-1-1] DEBUG org.asynchttpclient.netty.channel.DefaultChannelPool - Entry count for : http://localhost:62479 : 1
01:47:14.350 [Forwarding findElement on session bc2d90bfe00911a34f753429ad676dbe to remote] DEBUG org.asynchttpclient.netty.request.NettyRequestSender - Using pooled Channel '[id: 0xe49d6a83, L:/127.0.0.1:62478 - R:localhost/127.0.0.1:35843]' for 'POST' to 'http://localhost:35843/session/bc2d90bfe00911a34f753429ad676dbe/element'
01:47:14.350 [Forwarding findElement on session bc2d90bfe00911a34f753429ad676dbe to remote] DEBUG org.asynchttpclient.netty.request.NettyRequestSender - Using open Channel [id: 0xe49d6a83, L:/127.0.0.1:62478 - R:localhost/127.0.0.1:35843] for POST '/session/bc2d90bfe00911a34f753429ad676dbe/element'
01:47:14.411 [AsyncHttpClient-1-2] DEBUG org.asynchttpclient.netty.handler.HttpHandler - 

Request DefaultHttpRequest(decodeResult: success, version: HTTP/1.1)
POST /session/bc2d90bfe00911a34f753429ad676dbe/element HTTP/1.1
User-Agent: selenium/4.12.0 (java windows)
Content-Length: 70
Content-Type: application/json; charset=utf-8
host: localhost:35843
accept: */*

Response DefaultHttpResponse(decodeResult: success, version: HTTP/1.1)
HTTP/1.1 200 OK
Content-Length: 126
Content-Type: application/json; charset=utf-8
cache-control: no-cache

01:47:14.411 [AsyncHttpClient-1-2] DEBUG org.asynchttpclient.netty.channel.ChannelManager - Adding key: http://localhost:35843 for channel [id: 0xe49d6a83, L:/127.0.0.1:62478 - R:localhost/127.0.0.1:35843]
01:47:14.413 [Forwarding clickElement on session bc2d90bfe00911a34f753429ad676dbe to remote] DEBUG org.asynchttpclient.netty.request.NettyRequestSender - Using pooled Channel '[id: 0xe49d6a83, L:/127.0.0.1:62478 - R:localhost/127.0.0.1:35843]' for 'POST' to 'http://localhost:35843/session/bc2d90bfe00911a34f753429ad676dbe/element/f.7EEA724B631D5082E6157C54756243B6.d.C64564A72B3E927BA77A40B33FB5529E.e.37/click'
01:47:14.413 [Forwarding clickElement on session bc2d90bfe00911a34f753429ad676dbe to remote] DEBUG org.asynchttpclient.netty.request.NettyRequestSender - Using open Channel [id: 0xe49d6a83, L:/127.0.0.1:62478 - R:localhost/127.0.0.1:35843] for POST '/session/bc2d90bfe00911a34f753429ad676dbe/element/f.7EEA724B631D5082E6157C54756243B6.d.C64564A72B3E927BA77A40B33FB5529E.e.37/click'
01:47:14.518 [AsyncHttpClient-1-2] DEBUG org.asynchttpclient.netty.handler.HttpHandler - 

Request DefaultHttpRequest(decodeResult: success, version: HTTP/1.1)
POST /session/bc2d90bfe00911a34f753429ad676dbe/element/f.7EEA724B631D5082E6157C54756243B6.d.C64564A72B3E927BA77A40B33FB5529E.e.37/click HTTP/1.1
User-Agent: selenium/4.12.0 (java windows)
Content-Length: 88
Content-Type: application/json; charset=utf-8
host: localhost:35843
accept: */*

Response DefaultHttpResponse(decodeResult: success, version: HTTP/1.1)
HTTP/1.1 200 OK
Content-Length: 14
Content-Type: application/json; charset=utf-8
cache-control: no-cache

01:47:14.518 [AsyncHttpClient-1-2] DEBUG org.asynchttpclient.netty.channel.ChannelManager - Adding key: http://localhost:35843 for channel [id: 0xe49d6a83, L:/127.0.0.1:62478 - R:localhost/127.0.0.1:35843]
01:47:15.023 [Forwarding findElement on session bc2d90bfe00911a34f753429ad676dbe to remote] DEBUG org.asynchttpclient.netty.request.NettyRequestSender - Using pooled Channel '[id: 0xe49d6a83, L:/127.0.0.1:62478 - R:localhost/127.0.0.1:35843]' for 'POST' to 'http://localhost:35843/session/bc2d90bfe00911a34f753429ad676dbe/element'
01:47:15.023 [Forwarding findElement on session bc2d90bfe00911a34f753429ad676dbe to remote] DEBUG org.asynchttpclient.netty.request.NettyRequestSender - Using open Channel [id: 0xe49d6a83, L:/127.0.0.1:62478 - R:localhost/127.0.0.1:35843] for POST '/session/bc2d90bfe00911a34f753429ad676dbe/element'
01:47:15.056 [AsyncHttpClient-1-2] DEBUG org.asynchttpclient.netty.handler.HttpHandler - 

Request DefaultHttpRequest(decodeResult: success, version: HTTP/1.1)
POST /session/bc2d90bfe00911a34f753429ad676dbe/element HTTP/1.1
User-Agent: selenium/4.12.0 (java windows)
Content-Length: 71
Content-Type: application/json; charset=utf-8
host: localhost:35843
accept: */*

Response DefaultHttpResponse(decodeResult: success, version: HTTP/1.1)
HTTP/1.1 200 OK
Content-Length: 126
Content-Type: application/json; charset=utf-8
cache-control: no-cache

01:47:15.056 [AsyncHttpClient-1-2] DEBUG org.asynchttpclient.netty.channel.ChannelManager - Adding key: http://localhost:35843 for channel [id: 0xe49d6a83, L:/127.0.0.1:62478 - R:localhost/127.0.0.1:35843]
01:47:15.064 [Forwarding clickElement on session bc2d90bfe00911a34f753429ad676dbe to remote] DEBUG org.asynchttpclient.netty.request.NettyRequestSender - Using pooled Channel '[id: 0xe49d6a83, L:/127.0.0.1:62478 - R:localhost/127.0.0.1:35843]' for 'POST' to 'http://localhost:35843/session/bc2d90bfe00911a34f753429ad676dbe/element/f.7EEA724B631D5082E6157C54756243B6.d.C64564A72B3E927BA77A40B33FB5529E.e.39/click'
01:47:15.064 [Forwarding clickElement on session bc2d90bfe00911a34f753429ad676dbe to remote] DEBUG org.asynchttpclient.netty.request.NettyRequestSender - Using open Channel [id: 0xe49d6a83, L:/127.0.0.1:62478 - R:localhost/127.0.0.1:35843] for POST '/session/bc2d90bfe00911a34f753429ad676dbe/element/f.7EEA724B631D5082E6157C54756243B6.d.C64564A72B3E927BA77A40B33FB5529E.e.39/click'
01:47:15.114 [AsyncHttpClient-1-1] DEBUG org.asynchttpclient.netty.channel.DefaultChannelPool - Entry count for : http://localhost:62479 : 1
01:47:15.199 [AsyncHttpClient-1-2] DEBUG org.asynchttpclient.netty.handler.HttpHandler - 

Request DefaultHttpRequest(decodeResult: success, version: HTTP/1.1)
POST /session/bc2d90bfe00911a34f753429ad676dbe/element/f.7EEA724B631D5082E6157C54756243B6.d.C64564A72B3E927BA77A40B33FB5529E.e.39/click HTTP/1.1
User-Agent: selenium/4.12.0 (java windows)
Content-Length: 88
Content-Type: application/json; charset=utf-8
host: localhost:35843
accept: */*

Response DefaultHttpResponse(decodeResult: success, version: HTTP/1.1)
HTTP/1.1 200 OK
Content-Length: 14
Content-Type: application/json; charset=utf-8
cache-control: no-cache

01:47:15.199 [AsyncHttpClient-1-2] DEBUG org.asynchttpclient.netty.channel.ChannelManager - Adding key: http://localhost:35843 for channel [id: 0xe49d6a83, L:/127.0.0.1:62478 - R:localhost/127.0.0.1:35843]
  And Tap on My_load sub module                            # StepDefination.My_Load.Tap_on_My_load_sub_module()
01:47:16.207 [AsyncHttpClient-1-1] DEBUG org.asynchttpclient.netty.channel.DefaultChannelPool - Entry count for : http://localhost:35843 : 1
01:47:16.207 [AsyncHttpClient-1-1] DEBUG org.asynchttpclient.netty.channel.DefaultChannelPool - Entry count for : http://localhost:62479 : 1
01:47:17.207 [Forwarding findElement on session bc2d90bfe00911a34f753429ad676dbe to remote] DEBUG org.asynchttpclient.netty.request.NettyRequestSender - Using pooled Channel '[id: 0xe49d6a83, L:/127.0.0.1:62478 - R:localhost/127.0.0.1:35843]' for 'POST' to 'http://localhost:35843/session/bc2d90bfe00911a34f753429ad676dbe/element'
01:47:17.207 [Forwarding findElement on session bc2d90bfe00911a34f753429ad676dbe to remote] DEBUG org.asynchttpclient.netty.request.NettyRequestSender - Using open Channel [id: 0xe49d6a83, L:/127.0.0.1:62478 - R:localhost/127.0.0.1:35843] for POST '/session/bc2d90bfe00911a34f753429ad676dbe/element'
01:47:17.232 [AsyncHttpClient-1-2] DEBUG org.asynchttpclient.netty.handler.HttpHandler - 

Request DefaultHttpRequest(decodeResult: success, version: HTTP/1.1)
POST /session/bc2d90bfe00911a34f753429ad676dbe/element HTTP/1.1
User-Agent: selenium/4.12.0 (java windows)
Content-Length: 77
Content-Type: application/json; charset=utf-8
host: localhost:35843
accept: */*

Response DefaultHttpResponse(decodeResult: success, version: HTTP/1.1)
HTTP/1.1 200 OK
Content-Length: 126
Content-Type: application/json; charset=utf-8
cache-control: no-cache

01:47:17.232 [AsyncHttpClient-1-2] DEBUG org.asynchttpclient.netty.channel.ChannelManager - Adding key: http://localhost:35843 for channel [id: 0xe49d6a83, L:/127.0.0.1:62478 - R:localhost/127.0.0.1:35843]
01:47:17.239 [Forwarding clickElement on session bc2d90bfe00911a34f753429ad676dbe to remote] DEBUG org.asynchttpclient.netty.request.NettyRequestSender - Using pooled Channel '[id: 0xe49d6a83, L:/127.0.0.1:62478 - R:localhost/127.0.0.1:35843]' for 'POST' to 'http://localhost:35843/session/bc2d90bfe00911a34f753429ad676dbe/element/f.7EEA724B631D5082E6157C54756243B6.d.C64564A72B3E927BA77A40B33FB5529E.e.44/click'
01:47:17.239 [Forwarding clickElement on session bc2d90bfe00911a34f753429ad676dbe to remote] DEBUG org.asynchttpclient.netty.request.NettyRequestSender - Using open Channel [id: 0xe49d6a83, L:/127.0.0.1:62478 - R:localhost/127.0.0.1:35843] for POST '/session/bc2d90bfe00911a34f753429ad676dbe/element/f.7EEA724B631D5082E6157C54756243B6.d.C64564A72B3E927BA77A40B33FB5529E.e.44/click'
01:47:17.321 [AsyncHttpClient-1-1] DEBUG org.asynchttpclient.netty.channel.DefaultChannelPool - Entry count for : http://localhost:62479 : 1
01:47:17.559 [AsyncHttpClient-1-2] DEBUG org.asynchttpclient.netty.handler.HttpHandler - 

Request DefaultHttpRequest(decodeResult: success, version: HTTP/1.1)
POST /session/bc2d90bfe00911a34f753429ad676dbe/element/f.7EEA724B631D5082E6157C54756243B6.d.C64564A72B3E927BA77A40B33FB5529E.e.44/click HTTP/1.1
User-Agent: selenium/4.12.0 (java windows)
Content-Length: 88
Content-Type: application/json; charset=utf-8
host: localhost:35843
accept: */*

Response DefaultHttpResponse(decodeResult: success, version: HTTP/1.1)
HTTP/1.1 200 OK
Content-Length: 14
Content-Type: application/json; charset=utf-8
cache-control: no-cache

01:47:17.559 [AsyncHttpClient-1-2] DEBUG org.asynchttpclient.netty.channel.ChannelManager - Adding key: http://localhost:35843 for channel [id: 0xe49d6a83, L:/127.0.0.1:62478 - R:localhost/127.0.0.1:35843]
  And Open Load form                                       # StepDefination.My_Load.Open_Load_Form()
01:47:18.408 [AsyncHttpClient-1-1] DEBUG org.asynchttpclient.netty.channel.DefaultChannelPool - Entry count for : http://localhost:35843 : 1
01:47:18.408 [AsyncHttpClient-1-1] DEBUG org.asynchttpclient.netty.channel.DefaultChannelPool - Entry count for : http://localhost:62479 : 1
01:47:18.578 [Forwarding findElement on session bc2d90bfe00911a34f753429ad676dbe to remote] DEBUG org.asynchttpclient.netty.request.NettyRequestSender - Using pooled Channel '[id: 0xe49d6a83, L:/127.0.0.1:62478 - R:localhost/127.0.0.1:35843]' for 'POST' to 'http://localhost:35843/session/bc2d90bfe00911a34f753429ad676dbe/element'
01:47:18.578 [Forwarding findElement on session bc2d90bfe00911a34f753429ad676dbe to remote] DEBUG org.asynchttpclient.netty.request.NettyRequestSender - Using open Channel [id: 0xe49d6a83, L:/127.0.0.1:62478 - R:localhost/127.0.0.1:35843] for POST '/session/bc2d90bfe00911a34f753429ad676dbe/element'
01:47:18.606 [AsyncHttpClient-1-2] DEBUG org.asynchttpclient.netty.handler.HttpHandler - 

Request DefaultHttpRequest(decodeResult: success, version: HTTP/1.1)
POST /session/bc2d90bfe00911a34f753429ad676dbe/element HTTP/1.1
User-Agent: selenium/4.12.0 (java windows)
Content-Length: 83
Content-Type: application/json; charset=utf-8
host: localhost:35843
accept: */*

Response DefaultHttpResponse(decodeResult: success, version: HTTP/1.1)
HTTP/1.1 200 OK
Content-Length: 126
Content-Type: application/json; charset=utf-8
cache-control: no-cache

01:47:18.606 [AsyncHttpClient-1-2] DEBUG org.asynchttpclient.netty.channel.ChannelManager - Adding key: http://localhost:35843 for channel [id: 0xe49d6a83, L:/127.0.0.1:62478 - R:localhost/127.0.0.1:35843]
01:47:18.610 [Forwarding clickElement on session bc2d90bfe00911a34f753429ad676dbe to remote] DEBUG org.asynchttpclient.netty.request.NettyRequestSender - Using pooled Channel '[id: 0xe49d6a83, L:/127.0.0.1:62478 - R:localhost/127.0.0.1:35843]' for 'POST' to 'http://localhost:35843/session/bc2d90bfe00911a34f753429ad676dbe/element/f.7EEA724B631D5082E6157C54756243B6.d.C64564A72B3E927BA77A40B33FB5529E.e.63/click'
01:47:18.610 [Forwarding clickElement on session bc2d90bfe00911a34f753429ad676dbe to remote] DEBUG org.asynchttpclient.netty.request.NettyRequestSender - Using open Channel [id: 0xe49d6a83, L:/127.0.0.1:62478 - R:localhost/127.0.0.1:35843] for POST '/session/bc2d90bfe00911a34f753429ad676dbe/element/f.7EEA724B631D5082E6157C54756243B6.d.C64564A72B3E927BA77A40B33FB5529E.e.63/click'
01:47:18.779 [AsyncHttpClient-1-2] DEBUG org.asynchttpclient.netty.handler.HttpHandler - 

Request DefaultHttpRequest(decodeResult: success, version: HTTP/1.1)
POST /session/bc2d90bfe00911a34f753429ad676dbe/element/f.7EEA724B631D5082E6157C54756243B6.d.C64564A72B3E927BA77A40B33FB5529E.e.63/click HTTP/1.1
User-Agent: selenium/4.12.0 (java windows)
Content-Length: 88
Content-Type: application/json; charset=utf-8
host: localhost:35843
accept: */*

Response DefaultHttpResponse(decodeResult: success, version: HTTP/1.1)
HTTP/1.1 200 OK
Content-Length: 14
Content-Type: application/json; charset=utf-8
cache-control: no-cache

01:47:18.779 [AsyncHttpClient-1-2] DEBUG org.asynchttpclient.netty.channel.ChannelManager - Adding key: http://localhost:35843 for channel [id: 0xe49d6a83, L:/127.0.0.1:62478 - R:localhost/127.0.0.1:35843]
  And Provide load and transport type FTL (Full Truckload) # StepDefination.My_Load.Provide_transport_type(java.lang.String)
01:47:19.509 [AsyncHttpClient-1-1] DEBUG org.asynchttpclient.netty.channel.DefaultChannelPool - Entry count for : http://localhost:35843 : 1
01:47:19.509 [AsyncHttpClient-1-1] DEBUG org.asynchttpclient.netty.channel.DefaultChannelPool - Entry count for : http://localhost:62479 : 1
01:47:20.609 [AsyncHttpClient-1-1] DEBUG org.asynchttpclient.netty.channel.DefaultChannelPool - Entry count for : http://localhost:35843 : 1
01:47:20.609 [AsyncHttpClient-1-1] DEBUG org.asynchttpclient.netty.channel.DefaultChannelPool - Entry count for : http://localhost:62479 : 1
01:47:20.826 [Forwarding findElement on session bc2d90bfe00911a34f753429ad676dbe to remote] DEBUG org.asynchttpclient.netty.request.NettyRequestSender - Using pooled Channel '[id: 0xe49d6a83, L:/127.0.0.1:62478 - R:localhost/127.0.0.1:35843]' for 'POST' to 'http://localhost:35843/session/bc2d90bfe00911a34f753429ad676dbe/element'
01:47:20.826 [Forwarding findElement on session bc2d90bfe00911a34f753429ad676dbe to remote] DEBUG org.asynchttpclient.netty.request.NettyRequestSender - Using open Channel [id: 0xe49d6a83, L:/127.0.0.1:62478 - R:localhost/127.0.0.1:35843] for POST '/session/bc2d90bfe00911a34f753429ad676dbe/element'
01:47:20.849 [AsyncHttpClient-1-2] DEBUG org.asynchttpclient.netty.handler.HttpHandler - 

Request DefaultHttpRequest(decodeResult: success, version: HTTP/1.1)
POST /session/bc2d90bfe00911a34f753429ad676dbe/element HTTP/1.1
User-Agent: selenium/4.12.0 (java windows)
Content-Length: 119
Content-Type: application/json; charset=utf-8
host: localhost:35843
accept: */*

Response DefaultHttpResponse(decodeResult: success, version: HTTP/1.1)
HTTP/1.1 200 OK
Content-Length: 126
Content-Type: application/json; charset=utf-8
cache-control: no-cache

01:47:20.849 [AsyncHttpClient-1-2] DEBUG org.asynchttpclient.netty.channel.ChannelManager - Adding key: http://localhost:35843 for channel [id: 0xe49d6a83, L:/127.0.0.1:62478 - R:localhost/127.0.0.1:35843]
01:47:20.853 [Forwarding clickElement on session bc2d90bfe00911a34f753429ad676dbe to remote] DEBUG org.asynchttpclient.netty.request.NettyRequestSender - Using pooled Channel '[id: 0xe49d6a83, L:/127.0.0.1:62478 - R:localhost/127.0.0.1:35843]' for 'POST' to 'http://localhost:35843/session/bc2d90bfe00911a34f753429ad676dbe/element/f.7EEA724B631D5082E6157C54756243B6.d.C64564A72B3E927BA77A40B33FB5529E.e.47/click'
01:47:20.853 [Forwarding clickElement on session bc2d90bfe00911a34f753429ad676dbe to remote] DEBUG org.asynchttpclient.netty.request.NettyRequestSender - Using open Channel [id: 0xe49d6a83, L:/127.0.0.1:62478 - R:localhost/127.0.0.1:35843] for POST '/session/bc2d90bfe00911a34f753429ad676dbe/element/f.7EEA724B631D5082E6157C54756243B6.d.C64564A72B3E927BA77A40B33FB5529E.e.47/click'
01:47:20.999 [AsyncHttpClient-1-2] DEBUG org.asynchttpclient.netty.handler.HttpHandler - 

Request DefaultHttpRequest(decodeResult: success, version: HTTP/1.1)
POST /session/bc2d90bfe00911a34f753429ad676dbe/element/f.7EEA724B631D5082E6157C54756243B6.d.C64564A72B3E927BA77A40B33FB5529E.e.47/click HTTP/1.1
User-Agent: selenium/4.12.0 (java windows)
Content-Length: 88
Content-Type: application/json; charset=utf-8
host: localhost:35843
accept: */*

Response DefaultHttpResponse(decodeResult: success, version: HTTP/1.1)
HTTP/1.1 200 OK
Content-Length: 14
Content-Type: application/json; charset=utf-8
cache-control: no-cache

01:47:20.999 [AsyncHttpClient-1-2] DEBUG org.asynchttpclient.netty.channel.ChannelManager - Adding key: http://localhost:35843 for channel [id: 0xe49d6a83, L:/127.0.0.1:62478 - R:localhost/127.0.0.1:35843]
01:47:21.001 [Forwarding findElements on session bc2d90bfe00911a34f753429ad676dbe to remote] DEBUG org.asynchttpclient.netty.request.NettyRequestSender - Using pooled Channel '[id: 0xe49d6a83, L:/127.0.0.1:62478 - R:localhost/127.0.0.1:35843]' for 'POST' to 'http://localhost:35843/session/bc2d90bfe00911a34f753429ad676dbe/elements'
01:47:21.001 [Forwarding findElements on session bc2d90bfe00911a34f753429ad676dbe to remote] DEBUG org.asynchttpclient.netty.request.NettyRequestSender - Using open Channel [id: 0xe49d6a83, L:/127.0.0.1:62478 - R:localhost/127.0.0.1:35843] for POST '/session/bc2d90bfe00911a34f753429ad676dbe/elements'
01:47:21.021 [AsyncHttpClient-1-2] DEBUG org.asynchttpclient.netty.handler.HttpHandler - 

Request DefaultHttpRequest(decodeResult: success, version: HTTP/1.1)
POST /session/bc2d90bfe00911a34f753429ad676dbe/elements HTTP/1.1
User-Agent: selenium/4.12.0 (java windows)
Content-Length: 97
Content-Type: application/json; charset=utf-8
host: localhost:35843
accept: */*

Response DefaultHttpResponse(decodeResult: success, version: HTTP/1.1)
HTTP/1.1 200 OK
Content-Length: 1649
Content-Type: application/json; charset=utf-8
cache-control: no-cache

01:47:21.021 [AsyncHttpClient-1-2] DEBUG org.asynchttpclient.netty.channel.ChannelManager - Adding key: http://localhost:35843 for channel [id: 0xe49d6a83, L:/127.0.0.1:62478 - R:localhost/127.0.0.1:35843]
01:47:21.038 [Forwarding findElement on session bc2d90bfe00911a34f753429ad676dbe to remote] DEBUG org.asynchttpclient.netty.request.NettyRequestSender - Using pooled Channel '[id: 0xe49d6a83, L:/127.0.0.1:62478 - R:localhost/127.0.0.1:35843]' for 'POST' to 'http://localhost:35843/session/bc2d90bfe00911a34f753429ad676dbe/element'
01:47:21.038 [Forwarding findElement on session bc2d90bfe00911a34f753429ad676dbe to remote] DEBUG org.asynchttpclient.netty.request.NettyRequestSender - Using open Channel [id: 0xe49d6a83, L:/127.0.0.1:62478 - R:localhost/127.0.0.1:35843] for POST '/session/bc2d90bfe00911a34f753429ad676dbe/element'
01:47:21.054 [AsyncHttpClient-1-2] DEBUG org.asynchttpclient.netty.handler.HttpHandler - 

Request DefaultHttpRequest(decodeResult: success, version: HTTP/1.1)
POST /session/bc2d90bfe00911a34f753429ad676dbe/element HTTP/1.1
User-Agent: selenium/4.12.0 (java windows)
Content-Length: 97
Content-Type: application/json; charset=utf-8
host: localhost:35843
accept: */*

Response DefaultHttpResponse(decodeResult: success, version: HTTP/1.1)
HTTP/1.1 200 OK
Content-Length: 126
Content-Type: application/json; charset=utf-8
cache-control: no-cache

01:47:21.054 [AsyncHttpClient-1-2] DEBUG org.asynchttpclient.netty.channel.ChannelManager - Adding key: http://localhost:35843 for channel [id: 0xe49d6a83, L:/127.0.0.1:62478 - R:localhost/127.0.0.1:35843]
01:47:21.054 [Forwarding clickElement on session bc2d90bfe00911a34f753429ad676dbe to remote] DEBUG org.asynchttpclient.netty.request.NettyRequestSender - Using pooled Channel '[id: 0xe49d6a83, L:/127.0.0.1:62478 - R:localhost/127.0.0.1:35843]' for 'POST' to 'http://localhost:35843/session/bc2d90bfe00911a34f753429ad676dbe/element/f.7EEA724B631D5082E6157C54756243B6.d.C64564A72B3E927BA77A40B33FB5529E.e.65/click'
01:47:21.054 [Forwarding clickElement on session bc2d90bfe00911a34f753429ad676dbe to remote] DEBUG org.asynchttpclient.netty.request.NettyRequestSender - Using open Channel [id: 0xe49d6a83, L:/127.0.0.1:62478 - R:localhost/127.0.0.1:35843] for POST '/session/bc2d90bfe00911a34f753429ad676dbe/element/f.7EEA724B631D5082E6157C54756243B6.d.C64564A72B3E927BA77A40B33FB5529E.e.65/click'
01:47:21.177 [AsyncHttpClient-1-2] DEBUG org.asynchttpclient.netty.handler.HttpHandler - 

Request DefaultHttpRequest(decodeResult: success, version: HTTP/1.1)
POST /session/bc2d90bfe00911a34f753429ad676dbe/element/f.7EEA724B631D5082E6157C54756243B6.d.C64564A72B3E927BA77A40B33FB5529E.e.65/click HTTP/1.1
User-Agent: selenium/4.12.0 (java windows)
Content-Length: 88
Content-Type: application/json; charset=utf-8
host: localhost:35843
accept: */*

Response DefaultHttpResponse(decodeResult: success, version: HTTP/1.1)
HTTP/1.1 200 OK
Content-Length: 14
Content-Type: application/json; charset=utf-8
cache-control: no-cache

01:47:21.177 [AsyncHttpClient-1-2] DEBUG org.asynchttpclient.netty.channel.ChannelManager - Adding key: http://localhost:35843 for channel [id: 0xe49d6a83, L:/127.0.0.1:62478 - R:localhost/127.0.0.1:35843]
Add first 1
  And Provide billing details NA                           # StepDefination.My_Load.Provide_billing_details(java.lang.String)
01:47:21.697 [Forwarding findElement on session bc2d90bfe00911a34f753429ad676dbe to remote] DEBUG org.asynchttpclient.netty.request.NettyRequestSender - Using pooled Channel '[id: 0xe49d6a83, L:/127.0.0.1:62478 - R:localhost/127.0.0.1:35843]' for 'POST' to 'http://localhost:35843/session/bc2d90bfe00911a34f753429ad676dbe/element'
01:47:21.697 [Forwarding findElement on session bc2d90bfe00911a34f753429ad676dbe to remote] DEBUG org.asynchttpclient.netty.request.NettyRequestSender - Using open Channel [id: 0xe49d6a83, L:/127.0.0.1:62478 - R:localhost/127.0.0.1:35843] for POST '/session/bc2d90bfe00911a34f753429ad676dbe/element'
01:47:21.714 [AsyncHttpClient-1-1] DEBUG org.asynchttpclient.netty.channel.DefaultChannelPool - Entry count for : http://localhost:62479 : 1
01:47:21.722 [AsyncHttpClient-1-2] DEBUG org.asynchttpclient.netty.handler.HttpHandler - 

Request DefaultHttpRequest(decodeResult: success, version: HTTP/1.1)
POST /session/bc2d90bfe00911a34f753429ad676dbe/element HTTP/1.1
User-Agent: selenium/4.12.0 (java windows)
Content-Length: 86
Content-Type: application/json; charset=utf-8
host: localhost:35843
accept: */*

Response DefaultHttpResponse(decodeResult: success, version: HTTP/1.1)
HTTP/1.1 200 OK
Content-Length: 126
Content-Type: application/json; charset=utf-8
cache-control: no-cache

01:47:21.722 [AsyncHttpClient-1-2] DEBUG org.asynchttpclient.netty.channel.ChannelManager - Adding key: http://localhost:35843 for channel [id: 0xe49d6a83, L:/127.0.0.1:62478 - R:localhost/127.0.0.1:35843]
01:47:21.722 [Forwarding sendKeysToElement on session bc2d90bfe00911a34f753429ad676dbe to remote] DEBUG org.asynchttpclient.netty.request.NettyRequestSender - Using pooled Channel '[id: 0xe49d6a83, L:/127.0.0.1:62478 - R:localhost/127.0.0.1:35843]' for 'POST' to 'http://localhost:35843/session/bc2d90bfe00911a34f753429ad676dbe/element/f.7EEA724B631D5082E6157C54756243B6.d.C64564A72B3E927BA77A40B33FB5529E.e.48/value'
01:47:21.722 [Forwarding sendKeysToElement on session bc2d90bfe00911a34f753429ad676dbe to remote] DEBUG org.asynchttpclient.netty.request.NettyRequestSender - Using open Channel [id: 0xe49d6a83, L:/127.0.0.1:62478 - R:localhost/127.0.0.1:35843] for POST '/session/bc2d90bfe00911a34f753429ad676dbe/element/f.7EEA724B631D5082E6157C54756243B6.d.C64564A72B3E927BA77A40B33FB5529E.e.48/value'
01:47:21.840 [AsyncHttpClient-1-2] DEBUG org.asynchttpclient.netty.handler.HttpHandler - 

Request DefaultHttpRequest(decodeResult: success, version: HTTP/1.1)
POST /session/bc2d90bfe00911a34f753429ad676dbe/element/f.7EEA724B631D5082E6157C54756243B6.d.C64564A72B3E927BA77A40B33FB5529E.e.48/value HTTP/1.1
User-Agent: selenium/4.12.0 (java windows)
Content-Length: 159
Content-Type: application/json; charset=utf-8
host: localhost:35843
accept: */*

Response DefaultHttpResponse(decodeResult: success, version: HTTP/1.1)
HTTP/1.1 200 OK
Content-Length: 14
Content-Type: application/json; charset=utf-8
cache-control: no-cache

01:47:21.840 [AsyncHttpClient-1-2] DEBUG org.asynchttpclient.netty.channel.ChannelManager - Adding key: http://localhost:35843 for channel [id: 0xe49d6a83, L:/127.0.0.1:62478 - R:localhost/127.0.0.1:35843]
01:47:21.857 [Forwarding findElement on session bc2d90bfe00911a34f753429ad676dbe to remote] DEBUG org.asynchttpclient.netty.request.NettyRequestSender - Using pooled Channel '[id: 0xe49d6a83, L:/127.0.0.1:62478 - R:localhost/127.0.0.1:35843]' for 'POST' to 'http://localhost:35843/session/bc2d90bfe00911a34f753429ad676dbe/element'
01:47:21.857 [Forwarding findElement on session bc2d90bfe00911a34f753429ad676dbe to remote] DEBUG org.asynchttpclient.netty.request.NettyRequestSender - Using open Channel [id: 0xe49d6a83, L:/127.0.0.1:62478 - R:localhost/127.0.0.1:35843] for POST '/session/bc2d90bfe00911a34f753429ad676dbe/element'
01:47:21.879 [AsyncHttpClient-1-2] DEBUG org.asynchttpclient.netty.handler.HttpHandler - 

Request DefaultHttpRequest(decodeResult: success, version: HTTP/1.1)
POST /session/bc2d90bfe00911a34f753429ad676dbe/element HTTP/1.1
User-Agent: selenium/4.12.0 (java windows)
Content-Length: 96
Content-Type: application/json; charset=utf-8
host: localhost:35843
accept: */*

Response DefaultHttpResponse(decodeResult: success, version: HTTP/1.1)
HTTP/1.1 200 OK
Content-Length: 126
Content-Type: application/json; charset=utf-8
cache-control: no-cache

01:47:21.879 [AsyncHttpClient-1-2] DEBUG org.asynchttpclient.netty.channel.ChannelManager - Adding key: http://localhost:35843 for channel [id: 0xe49d6a83, L:/127.0.0.1:62478 - R:localhost/127.0.0.1:35843]
01:47:21.891 [Forwarding actions on session bc2d90bfe00911a34f753429ad676dbe to remote] DEBUG org.asynchttpclient.netty.request.NettyRequestSender - Using pooled Channel '[id: 0xe49d6a83, L:/127.0.0.1:62478 - R:localhost/127.0.0.1:35843]' for 'POST' to 'http://localhost:35843/session/bc2d90bfe00911a34f753429ad676dbe/actions'
01:47:21.891 [Forwarding actions on session bc2d90bfe00911a34f753429ad676dbe to remote] DEBUG org.asynchttpclient.netty.request.NettyRequestSender - Using open Channel [id: 0xe49d6a83, L:/127.0.0.1:62478 - R:localhost/127.0.0.1:35843] for POST '/session/bc2d90bfe00911a34f753429ad676dbe/actions'
01:47:22.073 [AsyncHttpClient-1-2] DEBUG org.asynchttpclient.netty.handler.HttpHandler - 

Request DefaultHttpRequest(decodeResult: success, version: HTTP/1.1)
POST /session/bc2d90bfe00911a34f753429ad676dbe/actions HTTP/1.1
User-Agent: selenium/4.12.0 (java windows)
Content-Length: 605
Content-Type: application/json; charset=utf-8
host: localhost:35843
accept: */*

Response DefaultHttpResponse(decodeResult: success, version: HTTP/1.1)
HTTP/1.1 200 OK
Content-Length: 14
Content-Type: application/json; charset=utf-8
cache-control: no-cache

01:47:22.073 [AsyncHttpClient-1-2] DEBUG org.asynchttpclient.netty.channel.ChannelManager - Adding key: http://localhost:35843 for channel [id: 0xe49d6a83, L:/127.0.0.1:62478 - R:localhost/127.0.0.1:35843]
  And Provide multiples_Po_number 1144 1                   # StepDefination.My_Load.Provide_multiples_Po_number(java.lang.String,int)
01:47:22.810 [AsyncHttpClient-1-1] DEBUG org.asynchttpclient.netty.channel.DefaultChannelPool - Entry count for : http://localhost:35843 : 1
01:47:22.810 [AsyncHttpClient-1-1] DEBUG org.asynchttpclient.netty.channel.DefaultChannelPool - Entry count for : http://localhost:62479 : 1
01:47:23.091 [Forwarding findElement on session bc2d90bfe00911a34f753429ad676dbe to remote] DEBUG org.asynchttpclient.netty.request.NettyRequestSender - Using pooled Channel '[id: 0xe49d6a83, L:/127.0.0.1:62478 - R:localhost/127.0.0.1:35843]' for 'POST' to 'http://localhost:35843/session/bc2d90bfe00911a34f753429ad676dbe/element'
01:47:23.091 [Forwarding findElement on session bc2d90bfe00911a34f753429ad676dbe to remote] DEBUG org.asynchttpclient.netty.request.NettyRequestSender - Using open Channel [id: 0xe49d6a83, L:/127.0.0.1:62478 - R:localhost/127.0.0.1:35843] for POST '/session/bc2d90bfe00911a34f753429ad676dbe/element'
01:47:23.113 [AsyncHttpClient-1-2] DEBUG org.asynchttpclient.netty.handler.HttpHandler - 

Request DefaultHttpRequest(decodeResult: success, version: HTTP/1.1)
POST /session/bc2d90bfe00911a34f753429ad676dbe/element HTTP/1.1
User-Agent: selenium/4.12.0 (java windows)
Content-Length: 98
Content-Type: application/json; charset=utf-8
host: localhost:35843
accept: */*

Response DefaultHttpResponse(decodeResult: success, version: HTTP/1.1)
HTTP/1.1 200 OK
Content-Length: 126
Content-Type: application/json; charset=utf-8
cache-control: no-cache

01:47:23.113 [AsyncHttpClient-1-2] DEBUG org.asynchttpclient.netty.channel.ChannelManager - Adding key: http://localhost:35843 for channel [id: 0xe49d6a83, L:/127.0.0.1:62478 - R:localhost/127.0.0.1:35843]
01:47:23.116 [Forwarding sendKeysToElement on session bc2d90bfe00911a34f753429ad676dbe to remote] DEBUG org.asynchttpclient.netty.request.NettyRequestSender - Using pooled Channel '[id: 0xe49d6a83, L:/127.0.0.1:62478 - R:localhost/127.0.0.1:35843]' for 'POST' to 'http://localhost:35843/session/bc2d90bfe00911a34f753429ad676dbe/element/f.7EEA724B631D5082E6157C54756243B6.d.C64564A72B3E927BA77A40B33FB5529E.e.49/value'
01:47:23.116 [Forwarding sendKeysToElement on session bc2d90bfe00911a34f753429ad676dbe to remote] DEBUG org.asynchttpclient.netty.request.NettyRequestSender - Using open Channel [id: 0xe49d6a83, L:/127.0.0.1:62478 - R:localhost/127.0.0.1:35843] for POST '/session/bc2d90bfe00911a34f753429ad676dbe/element/f.7EEA724B631D5082E6157C54756243B6.d.C64564A72B3E927BA77A40B33FB5529E.e.49/value'
01:47:23.283 [AsyncHttpClient-1-2] DEBUG org.asynchttpclient.netty.handler.HttpHandler - 

Request DefaultHttpRequest(decodeResult: success, version: HTTP/1.1)
POST /session/bc2d90bfe00911a34f753429ad676dbe/element/f.7EEA724B631D5082E6157C54756243B6.d.C64564A72B3E927BA77A40B33FB5529E.e.49/value HTTP/1.1
User-Agent: selenium/4.12.0 (java windows)
Content-Length: 169
Content-Type: application/json; charset=utf-8
host: localhost:35843
accept: */*

Response DefaultHttpResponse(decodeResult: success, version: HTTP/1.1)
HTTP/1.1 200 OK
Content-Length: 14
Content-Type: application/json; charset=utf-8
cache-control: no-cache

01:47:23.283 [AsyncHttpClient-1-2] DEBUG org.asynchttpclient.netty.channel.ChannelManager - Adding key: http://localhost:35843 for channel [id: 0xe49d6a83, L:/127.0.0.1:62478 - R:localhost/127.0.0.1:35843]
  And Provide order_number 23142                           # StepDefination.My_Load.Provide_order_number(java.lang.String)
01:47:23.791 [Forwarding findElement on session bc2d90bfe00911a34f753429ad676dbe to remote] DEBUG org.asynchttpclient.netty.request.NettyRequestSender - Using pooled Channel '[id: 0xe49d6a83, L:/127.0.0.1:62478 - R:localhost/127.0.0.1:35843]' for 'POST' to 'http://localhost:35843/session/bc2d90bfe00911a34f753429ad676dbe/element'
01:47:23.791 [Forwarding findElement on session bc2d90bfe00911a34f753429ad676dbe to remote] DEBUG org.asynchttpclient.netty.request.NettyRequestSender - Using open Channel [id: 0xe49d6a83, L:/127.0.0.1:62478 - R:localhost/127.0.0.1:35843] for POST '/session/bc2d90bfe00911a34f753429ad676dbe/element'
01:47:23.811 [AsyncHttpClient-1-2] DEBUG org.asynchttpclient.netty.handler.HttpHandler - 

Request DefaultHttpRequest(decodeResult: success, version: HTTP/1.1)
POST /session/bc2d90bfe00911a34f753429ad676dbe/element HTTP/1.1
User-Agent: selenium/4.12.0 (java windows)
Content-Length: 78
Content-Type: application/json; charset=utf-8
host: localhost:35843
accept: */*

Response DefaultHttpResponse(decodeResult: success, version: HTTP/1.1)
HTTP/1.1 200 OK
Content-Length: 126
Content-Type: application/json; charset=utf-8
cache-control: no-cache

01:47:23.811 [AsyncHttpClient-1-2] DEBUG org.asynchttpclient.netty.channel.ChannelManager - Adding key: http://localhost:35843 for channel [id: 0xe49d6a83, L:/127.0.0.1:62478 - R:localhost/127.0.0.1:35843]
01:47:23.817 [Forwarding actions on session bc2d90bfe00911a34f753429ad676dbe to remote] DEBUG org.asynchttpclient.netty.request.NettyRequestSender - Using pooled Channel '[id: 0xe49d6a83, L:/127.0.0.1:62478 - R:localhost/127.0.0.1:35843]' for 'POST' to 'http://localhost:35843/session/bc2d90bfe00911a34f753429ad676dbe/actions'
01:47:23.817 [Forwarding actions on session bc2d90bfe00911a34f753429ad676dbe to remote] DEBUG org.asynchttpclient.netty.request.NettyRequestSender - Using open Channel [id: 0xe49d6a83, L:/127.0.0.1:62478 - R:localhost/127.0.0.1:35843] for POST '/session/bc2d90bfe00911a34f753429ad676dbe/actions'
01:47:23.922 [AsyncHttpClient-1-1] DEBUG org.asynchttpclient.netty.channel.DefaultChannelPool - Entry count for : http://localhost:62479 : 1
01:47:23.964 [AsyncHttpClient-1-2] DEBUG org.asynchttpclient.netty.handler.HttpHandler - 

Request DefaultHttpRequest(decodeResult: success, version: HTTP/1.1)
POST /session/bc2d90bfe00911a34f753429ad676dbe/actions HTTP/1.1
User-Agent: selenium/4.12.0 (java windows)
Content-Length: 605
Content-Type: application/json; charset=utf-8
host: localhost:35843
accept: */*

Response DefaultHttpResponse(decodeResult: success, version: HTTP/1.1)
HTTP/1.1 200 OK
Content-Length: 14
Content-Type: application/json; charset=utf-8
cache-control: no-cache

01:47:23.964 [AsyncHttpClient-1-2] DEBUG org.asynchttpclient.netty.channel.ChannelManager - Adding key: http://localhost:35843 for channel [id: 0xe49d6a83, L:/127.0.0.1:62478 - R:localhost/127.0.0.1:35843]
01:47:23.967 [Forwarding findElement on session bc2d90bfe00911a34f753429ad676dbe to remote] DEBUG org.asynchttpclient.netty.request.NettyRequestSender - Using pooled Channel '[id: 0xe49d6a83, L:/127.0.0.1:62478 - R:localhost/127.0.0.1:35843]' for 'POST' to 'http://localhost:35843/session/bc2d90bfe00911a34f753429ad676dbe/element'
01:47:23.967 [Forwarding findElement on session bc2d90bfe00911a34f753429ad676dbe to remote] DEBUG org.asynchttpclient.netty.request.NettyRequestSender - Using open Channel [id: 0xe49d6a83, L:/127.0.0.1:62478 - R:localhost/127.0.0.1:35843] for POST '/session/bc2d90bfe00911a34f753429ad676dbe/element'
01:47:23.987 [AsyncHttpClient-1-2] DEBUG org.asynchttpclient.netty.handler.HttpHandler - 

Request DefaultHttpRequest(decodeResult: success, version: HTTP/1.1)
POST /session/bc2d90bfe00911a34f753429ad676dbe/element HTTP/1.1
User-Agent: selenium/4.12.0 (java windows)
Content-Length: 70
Content-Type: application/json; charset=utf-8
host: localhost:35843
accept: */*

Response DefaultHttpResponse(decodeResult: success, version: HTTP/1.1)
HTTP/1.1 200 OK
Content-Length: 126
Content-Type: application/json; charset=utf-8
cache-control: no-cache

01:47:23.987 [AsyncHttpClient-1-2] DEBUG org.asynchttpclient.netty.channel.ChannelManager - Adding key: http://localhost:35843 for channel [id: 0xe49d6a83, L:/127.0.0.1:62478 - R:localhost/127.0.0.1:35843]
01:47:23.997 [Forwarding actions on session bc2d90bfe00911a34f753429ad676dbe to remote] DEBUG org.asynchttpclient.netty.request.NettyRequestSender - Using pooled Channel '[id: 0xe49d6a83, L:/127.0.0.1:62478 - R:localhost/127.0.0.1:35843]' for 'POST' to 'http://localhost:35843/session/bc2d90bfe00911a34f753429ad676dbe/actions'
01:47:23.997 [Forwarding actions on session bc2d90bfe00911a34f753429ad676dbe to remote] DEBUG org.asynchttpclient.netty.request.NettyRequestSender - Using open Channel [id: 0xe49d6a83, L:/127.0.0.1:62478 - R:localhost/127.0.0.1:35843] for POST '/session/bc2d90bfe00911a34f753429ad676dbe/actions'
01:47:24.144 [AsyncHttpClient-1-2] DEBUG org.asynchttpclient.netty.handler.HttpHandler - 

Request DefaultHttpRequest(decodeResult: success, version: HTTP/1.1)
POST /session/bc2d90bfe00911a34f753429ad676dbe/actions HTTP/1.1
User-Agent: selenium/4.12.0 (java windows)
Content-Length: 605
Content-Type: application/json; charset=utf-8
host: localhost:35843
accept: */*

Response DefaultHttpResponse(decodeResult: success, version: HTTP/1.1)
HTTP/1.1 200 OK
Content-Length: 14
Content-Type: application/json; charset=utf-8
cache-control: no-cache

01:47:24.144 [AsyncHttpClient-1-2] DEBUG org.asynchttpclient.netty.channel.ChannelManager - Adding key: http://localhost:35843 for channel [id: 0xe49d6a83, L:/127.0.0.1:62478 - R:localhost/127.0.0.1:35843]
  And Provide shipping type 2                              # StepDefination.My_Load.Provide_shipping_type(int)
01:47:24.658 [Forwarding findElement on session bc2d90bfe00911a34f753429ad676dbe to remote] DEBUG org.asynchttpclient.netty.request.NettyRequestSender - Using pooled Channel '[id: 0xe49d6a83, L:/127.0.0.1:62478 - R:localhost/127.0.0.1:35843]' for 'POST' to 'http://localhost:35843/session/bc2d90bfe00911a34f753429ad676dbe/element'
01:47:24.658 [Forwarding findElement on session bc2d90bfe00911a34f753429ad676dbe to remote] DEBUG org.asynchttpclient.netty.request.NettyRequestSender - Using open Channel [id: 0xe49d6a83, L:/127.0.0.1:62478 - R:localhost/127.0.0.1:35843] for POST '/session/bc2d90bfe00911a34f753429ad676dbe/element'
01:47:24.682 [AsyncHttpClient-1-2] DEBUG org.asynchttpclient.netty.handler.HttpHandler - 

Request DefaultHttpRequest(decodeResult: success, version: HTTP/1.1)
POST /session/bc2d90bfe00911a34f753429ad676dbe/element HTTP/1.1
User-Agent: selenium/4.12.0 (java windows)
Content-Length: 86
Content-Type: application/json; charset=utf-8
host: localhost:35843
accept: */*

Response DefaultHttpResponse(decodeResult: success, version: HTTP/1.1)
HTTP/1.1 200 OK
Content-Length: 126
Content-Type: application/json; charset=utf-8
cache-control: no-cache

01:47:24.682 [AsyncHttpClient-1-2] DEBUG org.asynchttpclient.netty.channel.ChannelManager - Adding key: http://localhost:35843 for channel [id: 0xe49d6a83, L:/127.0.0.1:62478 - R:localhost/127.0.0.1:35843]
01:47:24.682 [Forwarding clickElement on session bc2d90bfe00911a34f753429ad676dbe to remote] DEBUG org.asynchttpclient.netty.request.NettyRequestSender - Using pooled Channel '[id: 0xe49d6a83, L:/127.0.0.1:62478 - R:localhost/127.0.0.1:35843]' for 'POST' to 'http://localhost:35843/session/bc2d90bfe00911a34f753429ad676dbe/element/f.7EEA724B631D5082E6157C54756243B6.d.C64564A72B3E927BA77A40B33FB5529E.e.94/click'
01:47:24.682 [Forwarding clickElement on session bc2d90bfe00911a34f753429ad676dbe to remote] DEBUG org.asynchttpclient.netty.request.NettyRequestSender - Using open Channel [id: 0xe49d6a83, L:/127.0.0.1:62478 - R:localhost/127.0.0.1:35843] for POST '/session/bc2d90bfe00911a34f753429ad676dbe/element/f.7EEA724B631D5082E6157C54756243B6.d.C64564A72B3E927BA77A40B33FB5529E.e.94/click'
01:47:24.814 [AsyncHttpClient-1-2] DEBUG org.asynchttpclient.netty.handler.HttpHandler - 

Request DefaultHttpRequest(decodeResult: success, version: HTTP/1.1)
POST /session/bc2d90bfe00911a34f753429ad676dbe/element/f.7EEA724B631D5082E6157C54756243B6.d.C64564A72B3E927BA77A40B33FB5529E.e.94/click HTTP/1.1
User-Agent: selenium/4.12.0 (java windows)
Content-Length: 88
Content-Type: application/json; charset=utf-8
host: localhost:35843
accept: */*

Response DefaultHttpResponse(decodeResult: success, version: HTTP/1.1)
HTTP/1.1 200 OK
Content-Length: 14
Content-Type: application/json; charset=utf-8
cache-control: no-cache

01:47:24.814 [AsyncHttpClient-1-2] DEBUG org.asynchttpclient.netty.channel.ChannelManager - Adding key: http://localhost:35843 for channel [id: 0xe49d6a83, L:/127.0.0.1:62478 - R:localhost/127.0.0.1:35843]
01:47:25.015 [AsyncHttpClient-1-1] DEBUG org.asynchttpclient.netty.channel.DefaultChannelPool - Entry count for : http://localhost:35843 : 1
01:47:25.015 [AsyncHttpClient-1-1] DEBUG org.asynchttpclient.netty.channel.DefaultChannelPool - Entry count for : http://localhost:62479 : 1
01:47:26.109 [AsyncHttpClient-1-1] DEBUG org.asynchttpclient.netty.channel.DefaultChannelPool - Entry count for : http://localhost:35843 : 1
01:47:26.109 [AsyncHttpClient-1-1] DEBUG org.asynchttpclient.netty.channel.DefaultChannelPool - Entry count for : http://localhost:62479 : 1
01:47:27.221 [AsyncHttpClient-1-1] DEBUG org.asynchttpclient.netty.channel.DefaultChannelPool - Entry count for : http://localhost:35843 : 1
01:47:27.221 [AsyncHttpClient-1-1] DEBUG org.asynchttpclient.netty.channel.DefaultChannelPool - Entry count for : http://localhost:62479 : 1
01:47:28.310 [AsyncHttpClient-1-1] DEBUG org.asynchttpclient.netty.channel.DefaultChannelPool - Entry count for : http://localhost:35843 : 1
01:47:28.310 [AsyncHttpClient-1-1] DEBUG org.asynchttpclient.netty.channel.DefaultChannelPool - Entry count for : http://localhost:62479 : 1
01:47:29.409 [AsyncHttpClient-1-1] DEBUG org.asynchttpclient.netty.channel.DefaultChannelPool - Entry count for : http://localhost:35843 : 1
01:47:29.409 [AsyncHttpClient-1-1] DEBUG org.asynchttpclient.netty.channel.DefaultChannelPool - Entry count for : http://localhost:62479 : 1
  When Tap on submit button                                # StepDefination.My_Load.Submit_form()
01:47:29.837 [Forwarding findElement on session bc2d90bfe00911a34f753429ad676dbe to remote] DEBUG org.asynchttpclient.netty.request.NettyRequestSender - Using pooled Channel '[id: 0xe49d6a83, L:/127.0.0.1:62478 - R:localhost/127.0.0.1:35843]' for 'POST' to 'http://localhost:35843/session/bc2d90bfe00911a34f753429ad676dbe/element'
01:47:29.837 [Forwarding findElement on session bc2d90bfe00911a34f753429ad676dbe to remote] DEBUG org.asynchttpclient.netty.request.NettyRequestSender - Using open Channel [id: 0xe49d6a83, L:/127.0.0.1:62478 - R:localhost/127.0.0.1:35843] for POST '/session/bc2d90bfe00911a34f753429ad676dbe/element'
01:47:29.859 [AsyncHttpClient-1-2] DEBUG org.asynchttpclient.netty.handler.HttpHandler - 

Request DefaultHttpRequest(decodeResult: success, version: HTTP/1.1)
POST /session/bc2d90bfe00911a34f753429ad676dbe/element HTTP/1.1
User-Agent: selenium/4.12.0 (java windows)
Content-Length: 80
Content-Type: application/json; charset=utf-8
host: localhost:35843
accept: */*

Response DefaultHttpResponse(decodeResult: success, version: HTTP/1.1)
HTTP/1.1 200 OK
Content-Length: 127
Content-Type: application/json; charset=utf-8
cache-control: no-cache

01:47:29.859 [AsyncHttpClient-1-2] DEBUG org.asynchttpclient.netty.channel.ChannelManager - Adding key: http://localhost:35843 for channel [id: 0xe49d6a83, L:/127.0.0.1:62478 - R:localhost/127.0.0.1:35843]
01:47:29.869 [Forwarding actions on session bc2d90bfe00911a34f753429ad676dbe to remote] DEBUG org.asynchttpclient.netty.request.NettyRequestSender - Using pooled Channel '[id: 0xe49d6a83, L:/127.0.0.1:62478 - R:localhost/127.0.0.1:35843]' for 'POST' to 'http://localhost:35843/session/bc2d90bfe00911a34f753429ad676dbe/actions'
01:47:29.869 [Forwarding actions on session bc2d90bfe00911a34f753429ad676dbe to remote] DEBUG org.asynchttpclient.netty.request.NettyRequestSender - Using open Channel [id: 0xe49d6a83, L:/127.0.0.1:62478 - R:localhost/127.0.0.1:35843] for POST '/session/bc2d90bfe00911a34f753429ad676dbe/actions'
01:47:30.077 [AsyncHttpClient-1-2] DEBUG org.asynchttpclient.netty.handler.HttpHandler - 

Request DefaultHttpRequest(decodeResult: success, version: HTTP/1.1)
POST /session/bc2d90bfe00911a34f753429ad676dbe/actions HTTP/1.1
User-Agent: selenium/4.12.0 (java windows)
Content-Length: 606
Content-Type: application/json; charset=utf-8
host: localhost:35843
accept: */*

Response DefaultHttpResponse(decodeResult: success, version: HTTP/1.1)
HTTP/1.1 200 OK
Content-Length: 14
Content-Type: application/json; charset=utf-8
cache-control: no-cache

01:47:30.077 [AsyncHttpClient-1-2] DEBUG org.asynchttpclient.netty.channel.ChannelManager - Adding key: http://localhost:35843 for channel [id: 0xe49d6a83, L:/127.0.0.1:62478 - R:localhost/127.0.0.1:35843]
01:47:30.512 [AsyncHttpClient-1-1] DEBUG org.asynchttpclient.netty.channel.DefaultChannelPool - Entry count for : http://localhost:35843 : 1
01:47:30.512 [AsyncHttpClient-1-1] DEBUG org.asynchttpclient.netty.channel.DefaultChannelPool - Entry count for : http://localhost:62479 : 1
01:47:30.590 [Forwarding findElement on session bc2d90bfe00911a34f753429ad676dbe to remote] DEBUG org.asynchttpclient.netty.request.NettyRequestSender - Using pooled Channel '[id: 0xe49d6a83, L:/127.0.0.1:62478 - R:localhost/127.0.0.1:35843]' for 'POST' to 'http://localhost:35843/session/bc2d90bfe00911a34f753429ad676dbe/element'
01:47:30.590 [Forwarding findElement on session bc2d90bfe00911a34f753429ad676dbe to remote] DEBUG org.asynchttpclient.netty.request.NettyRequestSender - Using open Channel [id: 0xe49d6a83, L:/127.0.0.1:62478 - R:localhost/127.0.0.1:35843] for POST '/session/bc2d90bfe00911a34f753429ad676dbe/element'
01:47:30.619 [AsyncHttpClient-1-2] DEBUG org.asynchttpclient.netty.handler.HttpHandler - 

Request DefaultHttpRequest(decodeResult: success, version: HTTP/1.1)
POST /session/bc2d90bfe00911a34f753429ad676dbe/element HTTP/1.1
User-Agent: selenium/4.12.0 (java windows)
Content-Length: 69
Content-Type: application/json; charset=utf-8
host: localhost:35843
accept: */*

Response DefaultHttpResponse(decodeResult: success, version: HTTP/1.1)
HTTP/1.1 200 OK
Content-Length: 127
Content-Type: application/json; charset=utf-8
cache-control: no-cache

01:47:30.619 [AsyncHttpClient-1-2] DEBUG org.asynchttpclient.netty.channel.ChannelManager - Adding key: http://localhost:35843 for channel [id: 0xe49d6a83, L:/127.0.0.1:62478 - R:localhost/127.0.0.1:35843]
01:47:30.624 [Forwarding isElementDisplayed on session bc2d90bfe00911a34f753429ad676dbe to remote] DEBUG org.asynchttpclient.netty.request.NettyRequestSender - Using pooled Channel '[id: 0xe49d6a83, L:/127.0.0.1:62478 - R:localhost/127.0.0.1:35843]' for 'POST' to 'http://localhost:35843/session/bc2d90bfe00911a34f753429ad676dbe/execute/sync'
01:47:30.624 [Forwarding isElementDisplayed on session bc2d90bfe00911a34f753429ad676dbe to remote] DEBUG org.asynchttpclient.netty.request.NettyRequestSender - Using open Channel [id: 0xe49d6a83, L:/127.0.0.1:62478 - R:localhost/127.0.0.1:35843] for POST '/session/bc2d90bfe00911a34f753429ad676dbe/execute/sync'
01:47:30.652 [AsyncHttpClient-1-2] DEBUG org.asynchttpclient.netty.handler.HttpHandler - 

Request DefaultHttpRequest(decodeResult: success, version: HTTP/1.1)
POST /session/bc2d90bfe00911a34f753429ad676dbe/execute/sync HTTP/1.1
User-Agent: selenium/4.12.0 (java windows)
Content-Length: 48735
Content-Type: application/json; charset=utf-8
host: localhost:35843
accept: */*

Response DefaultHttpResponse(decodeResult: success, version: HTTP/1.1)
HTTP/1.1 200 OK
Content-Length: 14
Content-Type: application/json; charset=utf-8
cache-control: no-cache

01:47:30.654 [AsyncHttpClient-1-2] DEBUG org.asynchttpclient.netty.channel.ChannelManager - Adding key: http://localhost:35843 for channel [id: 0xe49d6a83, L:/127.0.0.1:62478 - R:localhost/127.0.0.1:35843]
Basic Information successfully submited
  Then Basic information successfully submited 1144        # StepDefination.My_Load.Verify_form(java.lang.String)
01:47:30.663 [Driver Command Executor] DEBUG org.asynchttpclient.netty.request.NettyRequestSender - Using pooled Channel '[id: 0xe49d6a83, L:/127.0.0.1:62478 - R:localhost/127.0.0.1:35843]' for 'DELETE' to 'http://localhost:35843/session/bc2d90bfe00911a34f753429ad676dbe'
01:47:30.663 [Driver Command Executor] DEBUG org.asynchttpclient.netty.request.NettyRequestSender - Using open Channel [id: 0xe49d6a83, L:/127.0.0.1:62478 - R:localhost/127.0.0.1:35843] for DELETE '/session/bc2d90bfe00911a34f753429ad676dbe'
01:47:30.671 [AsyncHttpClient-1-4] DEBUG org.asynchttpclient.netty.handler.WebSocketHandler - Channel Closed: [id: 0x090183ee, L:/127.0.0.1:62487 ! R:localhost/127.0.0.1:62479] with attribute DISCARD
01:47:30.848 [AsyncHttpClient-1-3] DEBUG org.asynchttpclient.netty.handler.HttpHandler - Unexpected I/O exception on channel [id: 0xd31528b6, L:/127.0.0.1:62486 - R:localhost/127.0.0.1:62479]
java.net.SocketException: Connection reset
	at java.base/sun.nio.ch.SocketChannelImpl.throwConnectionReset(SocketChannelImpl.java:394)
	at java.base/sun.nio.ch.SocketChannelImpl.read(SocketChannelImpl.java:426)
	at io.netty.buffer.PooledByteBuf.setBytes(PooledByteBuf.java:254)
	at io.netty.buffer.AbstractByteBuf.writeBytes(AbstractByteBuf.java:1132)
	at io.netty.channel.socket.nio.NioSocketChannel.doReadBytes(NioSocketChannel.java:357)
	at io.netty.channel.nio.AbstractNioByteChannel$NioByteUnsafe.read(AbstractNioByteChannel.java:151)
	at io.netty.channel.nio.NioEventLoop.processSelectedKey(NioEventLoop.java:788)
	at io.netty.channel.nio.NioEventLoop.processSelectedKeysOptimized(NioEventLoop.java:724)
	at io.netty.channel.nio.NioEventLoop.processSelectedKeys(NioEventLoop.java:650)
	at io.netty.channel.nio.NioEventLoop.run(NioEventLoop.java:562)
	at io.netty.util.concurrent.SingleThreadEventExecutor$4.run(SingleThreadEventExecutor.java:997)
	at io.netty.util.internal.ThreadExecutorMap$2.run(ThreadExecutorMap.java:74)
	at io.netty.util.concurrent.FastThreadLocalRunnable.run(FastThreadLocalRunnable.java:30)
	at java.base/java.lang.Thread.run(Thread.java:840)
01:47:30.848 [AsyncHttpClient-1-3] DEBUG org.asynchttpclient.netty.channel.ChannelManager - Closing Channel [id: 0xd31528b6, L:/127.0.0.1:62486 - R:localhost/127.0.0.1:62479] 
01:47:30.849 [AsyncHttpClient-1-3] DEBUG org.asynchttpclient.netty.handler.HttpHandler - Channel Closed: [id: 0xd31528b6, L:/127.0.0.1:62486 ! R:localhost/127.0.0.1:62479] with attribute DISCARD
01:47:30.882 [AsyncHttpClient-1-2] DEBUG org.asynchttpclient.netty.handler.HttpHandler - 

Request DefaultFullHttpRequest(decodeResult: success, version: HTTP/1.1, content: EmptyByteBufBE)
DELETE /session/bc2d90bfe00911a34f753429ad676dbe HTTP/1.1
User-Agent: selenium/4.12.0 (java windows)
Content-Type: application/json; charset=utf-8
host: localhost:35843
accept: */*

Response DefaultHttpResponse(decodeResult: success, version: HTTP/1.1)
HTTP/1.1 200 OK
Content-Length: 14
Content-Type: application/json; charset=utf-8
cache-control: no-cache

01:47:30.889 [AsyncHttpClient-1-2] DEBUG org.asynchttpclient.netty.channel.ChannelManager - Adding key: http://localhost:35843 for channel [id: 0xe49d6a83, L:/127.0.0.1:62478 - R:localhost/127.0.0.1:35843]
01:47:31.463 [AsyncHttpClient-1-2] DEBUG org.asynchttpclient.netty.handler.HttpHandler - Channel Closed: [id: 0xe49d6a83, L:/127.0.0.1:62478 ! R:localhost/127.0.0.1:35843] with attribute DISCARD
WebDriver quit successfully.
]]></system-out>
    <system-err><![CDATA[Jan 25, 2025 1:47:01 AM org.openqa.selenium.devtools.CdpVersionFinder findNearestMatch
WARNING: Unable to find CDP implementation matching 131
Jan 25, 2025 1:47:01 AM org.openqa.selenium.chromium.ChromiumDriver lambda$new$5
WARNING: Unable to find version of CDP to use for 131.0.6778.265. You may need to include a dependency on a specific version of the CDP using something similar to `org.seleniumhq.selenium:selenium-devtools-v86:4.12.0` where the version ("v86") matches the version of the chromium-based browser you're using and the version number of the artifact is the same as Selenium's.
]]></system-err>
  </testcase>
  <testcase name="User should not submit the basic info withot PO number" classname="Create load in broker" time="35.46">
    <system-out><![CDATA[
Scenario Outline: User should not submit the basic info withot PO number # src/test/resources/Create_Load/Create_Load.feature:44
01:47:31.611 [AsyncHttpClient-1-1] DEBUG org.asynchttpclient.netty.channel.DefaultChannelPool - Entry count for : http://localhost:35843 : 1
01:47:31.611 [AsyncHttpClient-1-1] DEBUG org.asynchttpclient.netty.channel.DefaultChannelPool - Entry count for : http://localhost:62479 : 1
01:47:31.611 [AsyncHttpClient-1-1] DEBUG org.asynchttpclient.netty.channel.DefaultChannelPool - Adding Candidate expired Channel [id: 0xe49d6a83, L:/127.0.0.1:62478 ! R:localhost/127.0.0.1:35843] isIdleTimeoutExpired=false isRemotelyClosed=true isTtlExpired=false
01:47:31.611 [AsyncHttpClient-1-1] DEBUG org.asynchttpclient.netty.channel.DefaultChannelPool - Closing Idle Channel [id: 0xe49d6a83, L:/127.0.0.1:62478 ! R:localhost/127.0.0.1:35843]
01:47:31.611 [AsyncHttpClient-1-1] DEBUG org.asynchttpclient.netty.channel.DefaultChannelPool - Adding Candidate expired Channel [id: 0xd31528b6, L:/127.0.0.1:62486 ! R:localhost/127.0.0.1:62479] isIdleTimeoutExpired=false isRemotelyClosed=true isTtlExpired=false
01:47:31.611 [AsyncHttpClient-1-1] DEBUG org.asynchttpclient.netty.channel.DefaultChannelPool - Closing Idle Channel [id: 0xd31528b6, L:/127.0.0.1:62486 ! R:localhost/127.0.0.1:62479]
01:47:31.611 [AsyncHttpClient-1-1] DEBUG org.asynchttpclient.netty.channel.DefaultChannelPool - Closed 2 connections out of 2 in 0 ms
01:47:31.883 [AsyncHttpClient-1-5] DEBUG org.asynchttpclient.netty.channel.NettyConnectListener - Using new Channel '[id: 0x3cd35f84, L:/127.0.0.1:62537 - R:localhost/127.0.0.1:44237]' for 'POST' to '/session'
01:47:33.366 [AsyncHttpClient-1-5] DEBUG org.asynchttpclient.netty.handler.HttpHandler - 

Request DefaultHttpRequest(decodeResult: success, version: HTTP/1.1)
POST /session HTTP/1.1
User-Agent: selenium/4.12.0 (java windows)
Content-Length: 254
Content-Type: application/json; charset=utf-8
host: localhost:44237
accept: */*

Response DefaultHttpResponse(decodeResult: success, version: HTTP/1.1)
HTTP/1.1 200 OK
Content-Length: 887
Content-Type: application/json; charset=utf-8
cache-control: no-cache

01:47:33.366 [AsyncHttpClient-1-5] DEBUG org.asynchttpclient.netty.channel.ChannelManager - Adding key: http://localhost:44237 for channel [id: 0x3cd35f84, L:/127.0.0.1:62537 - R:localhost/127.0.0.1:44237]
01:47:33.390 [AsyncHttpClient-1-6] DEBUG org.asynchttpclient.netty.channel.NettyConnectListener - Using new Channel '[id: 0xad1f08e1, L:/127.0.0.1:62545 - R:localhost/127.0.0.1:62538]' for 'GET' to '/json/version'
01:47:33.398 [AsyncHttpClient-1-6] DEBUG org.asynchttpclient.netty.handler.HttpHandler - 

Request DefaultFullHttpRequest(decodeResult: success, version: HTTP/1.1, content: EmptyByteBufBE)
GET /json/version HTTP/1.1
User-Agent: selenium/4.12.0 (java windows)
host: localhost:62538
accept: */*

Response DefaultHttpResponse(decodeResult: success, version: HTTP/1.1)
HTTP/1.1 200 OK
Content-Security-Policy: frame-ancestors 'none'
Content-Length: 424
Content-Type: application/json; charset=UTF-8

01:47:33.398 [AsyncHttpClient-1-6] DEBUG org.asynchttpclient.netty.channel.ChannelManager - Adding key: http://localhost:62538 for channel [id: 0xad1f08e1, L:/127.0.0.1:62545 - R:localhost/127.0.0.1:62538]
01:47:33.407 [AsyncHttpClient-1-7] DEBUG org.asynchttpclient.netty.channel.NettyConnectListener - Using new Channel '[id: 0x54dc41e8, L:/127.0.0.1:62546 - R:localhost/127.0.0.1:62538]' for 'GET' to '/devtools/browser/08e91c03-c1f9-48a0-b8e5-6477aaa5110d'
01:47:33.415 [AsyncHttpClient-1-7] DEBUG org.asynchttpclient.netty.handler.WebSocketHandler - 

Request DefaultFullHttpRequest(decodeResult: success, version: HTTP/1.1, content: EmptyByteBufBE)
GET /devtools/browser/08e91c03-c1f9-48a0-b8e5-6477aaa5110d HTTP/1.1
upgrade: websocket
connection: upgrade
sec-websocket-key: iE9P6NtDIjseuai37aPcHQ==
sec-websocket-version: 13
origin: http://localhost:62538
host: localhost:62538
accept: */*
user-agent: AHC/2.1

Response DefaultHttpResponse(decodeResult: success, version: HTTP/1.1)
HTTP/1.1 101 WebSocket Protocol Handshake
Upgrade: WebSocket
Connection: Upgrade
Sec-WebSocket-Accept: 09cocXitI8VcC0EeaukdTgziRII=

01:47:33.423 [Forwarding get on session f48cf9a0475c71be6b95e5f0cbbff58a to remote] DEBUG org.asynchttpclient.netty.request.NettyRequestSender - Using pooled Channel '[id: 0x3cd35f84, L:/127.0.0.1:62537 - R:localhost/127.0.0.1:44237]' for 'POST' to 'http://localhost:44237/session/f48cf9a0475c71be6b95e5f0cbbff58a/url'
01:47:33.423 [Forwarding get on session f48cf9a0475c71be6b95e5f0cbbff58a to remote] DEBUG org.asynchttpclient.netty.request.NettyRequestSender - Using open Channel [id: 0x3cd35f84, L:/127.0.0.1:62537 - R:localhost/127.0.0.1:44237] for POST '/session/f48cf9a0475c71be6b95e5f0cbbff58a/url'
01:47:33.810 [AsyncHttpClient-1-1] DEBUG org.asynchttpclient.netty.channel.DefaultChannelPool - Entry count for : http://localhost:62538 : 1
01:47:34.912 [AsyncHttpClient-1-1] DEBUG org.asynchttpclient.netty.channel.DefaultChannelPool - Entry count for : http://localhost:62538 : 1
01:47:35.001 [AsyncHttpClient-1-5] DEBUG org.asynchttpclient.netty.handler.HttpHandler - 

Request DefaultHttpRequest(decodeResult: success, version: HTTP/1.1)
POST /session/f48cf9a0475c71be6b95e5f0cbbff58a/url HTTP/1.1
User-Agent: selenium/4.12.0 (java windows)
Content-Length: 79
Content-Type: application/json; charset=utf-8
host: localhost:44237
accept: */*

Response DefaultHttpResponse(decodeResult: success, version: HTTP/1.1)
HTTP/1.1 200 OK
Content-Length: 14
Content-Type: application/json; charset=utf-8
cache-control: no-cache

01:47:35.001 [AsyncHttpClient-1-5] DEBUG org.asynchttpclient.netty.channel.ChannelManager - Adding key: http://localhost:44237 for channel [id: 0x3cd35f84, L:/127.0.0.1:62537 - R:localhost/127.0.0.1:44237]
01:47:35.009 [Forwarding maximizeCurrentWindow on session f48cf9a0475c71be6b95e5f0cbbff58a to remote] DEBUG org.asynchttpclient.netty.request.NettyRequestSender - Using pooled Channel '[id: 0x3cd35f84, L:/127.0.0.1:62537 - R:localhost/127.0.0.1:44237]' for 'POST' to 'http://localhost:44237/session/f48cf9a0475c71be6b95e5f0cbbff58a/window/maximize'
01:47:35.009 [Forwarding maximizeCurrentWindow on session f48cf9a0475c71be6b95e5f0cbbff58a to remote] DEBUG org.asynchttpclient.netty.request.NettyRequestSender - Using open Channel [id: 0x3cd35f84, L:/127.0.0.1:62537 - R:localhost/127.0.0.1:44237] for POST '/session/f48cf9a0475c71be6b95e5f0cbbff58a/window/maximize'
01:47:35.107 [AsyncHttpClient-1-5] DEBUG org.asynchttpclient.netty.handler.HttpHandler - 

Request DefaultHttpRequest(decodeResult: success, version: HTTP/1.1)
POST /session/f48cf9a0475c71be6b95e5f0cbbff58a/window/maximize HTTP/1.1
User-Agent: selenium/4.12.0 (java windows)
Content-Length: 3
Content-Type: application/json; charset=utf-8
host: localhost:44237
accept: */*

Response DefaultHttpResponse(decodeResult: success, version: HTTP/1.1)
HTTP/1.1 200 OK
Content-Length: 51
Content-Type: application/json; charset=utf-8
cache-control: no-cache

01:47:35.107 [AsyncHttpClient-1-5] DEBUG org.asynchttpclient.netty.channel.ChannelManager - Adding key: http://localhost:44237 for channel [id: 0x3cd35f84, L:/127.0.0.1:62537 - R:localhost/127.0.0.1:44237]
01:47:35.115 [Forwarding findElement on session f48cf9a0475c71be6b95e5f0cbbff58a to remote] DEBUG org.asynchttpclient.netty.request.NettyRequestSender - Using pooled Channel '[id: 0x3cd35f84, L:/127.0.0.1:62537 - R:localhost/127.0.0.1:44237]' for 'POST' to 'http://localhost:44237/session/f48cf9a0475c71be6b95e5f0cbbff58a/element'
01:47:35.115 [Forwarding findElement on session f48cf9a0475c71be6b95e5f0cbbff58a to remote] DEBUG org.asynchttpclient.netty.request.NettyRequestSender - Using open Channel [id: 0x3cd35f84, L:/127.0.0.1:62537 - R:localhost/127.0.0.1:44237] for POST '/session/f48cf9a0475c71be6b95e5f0cbbff58a/element'
01:47:35.143 [AsyncHttpClient-1-5] DEBUG org.asynchttpclient.netty.handler.HttpHandler - 

Request DefaultHttpRequest(decodeResult: success, version: HTTP/1.1)
POST /session/f48cf9a0475c71be6b95e5f0cbbff58a/element HTTP/1.1
User-Agent: selenium/4.12.0 (java windows)
Content-Length: 69
Content-Type: application/json; charset=utf-8
host: localhost:44237
accept: */*

Response DefaultHttpResponse(decodeResult: success, version: HTTP/1.1)
HTTP/1.1 200 OK
Content-Length: 125
Content-Type: application/json; charset=utf-8
cache-control: no-cache

01:47:35.143 [AsyncHttpClient-1-5] DEBUG org.asynchttpclient.netty.channel.ChannelManager - Adding key: http://localhost:44237 for channel [id: 0x3cd35f84, L:/127.0.0.1:62537 - R:localhost/127.0.0.1:44237]
01:47:35.147 [Forwarding sendKeysToElement on session f48cf9a0475c71be6b95e5f0cbbff58a to remote] DEBUG org.asynchttpclient.netty.request.NettyRequestSender - Using pooled Channel '[id: 0x3cd35f84, L:/127.0.0.1:62537 - R:localhost/127.0.0.1:44237]' for 'POST' to 'http://localhost:44237/session/f48cf9a0475c71be6b95e5f0cbbff58a/element/f.194DC57FC7C036C76FBA2BC25E22CD3D.d.5D5FC5D1D625B8EF5EF13E57364D830B.e.4/value'
01:47:35.147 [Forwarding sendKeysToElement on session f48cf9a0475c71be6b95e5f0cbbff58a to remote] DEBUG org.asynchttpclient.netty.request.NettyRequestSender - Using open Channel [id: 0x3cd35f84, L:/127.0.0.1:62537 - R:localhost/127.0.0.1:44237] for POST '/session/f48cf9a0475c71be6b95e5f0cbbff58a/element/f.194DC57FC7C036C76FBA2BC25E22CD3D.d.5D5FC5D1D625B8EF5EF13E57364D830B.e.4/value'
01:47:35.465 [AsyncHttpClient-1-5] DEBUG org.asynchttpclient.netty.handler.HttpHandler - 

Request DefaultHttpRequest(decodeResult: success, version: HTTP/1.1)
POST /session/f48cf9a0475c71be6b95e5f0cbbff58a/element/f.194DC57FC7C036C76FBA2BC25E22CD3D.d.5D5FC5D1D625B8EF5EF13E57364D830B.e.4/value HTTP/1.1
User-Agent: selenium/4.12.0 (java windows)
Content-Length: 328
Content-Type: application/json; charset=utf-8
host: localhost:44237
accept: */*

Response DefaultHttpResponse(decodeResult: success, version: HTTP/1.1)
HTTP/1.1 200 OK
Content-Length: 14
Content-Type: application/json; charset=utf-8
cache-control: no-cache

01:47:35.465 [AsyncHttpClient-1-5] DEBUG org.asynchttpclient.netty.channel.ChannelManager - Adding key: http://localhost:44237 for channel [id: 0x3cd35f84, L:/127.0.0.1:62537 - R:localhost/127.0.0.1:44237]
01:47:35.465 [Forwarding findElement on session f48cf9a0475c71be6b95e5f0cbbff58a to remote] DEBUG org.asynchttpclient.netty.request.NettyRequestSender - Using pooled Channel '[id: 0x3cd35f84, L:/127.0.0.1:62537 - R:localhost/127.0.0.1:44237]' for 'POST' to 'http://localhost:44237/session/f48cf9a0475c71be6b95e5f0cbbff58a/element'
01:47:35.465 [Forwarding findElement on session f48cf9a0475c71be6b95e5f0cbbff58a to remote] DEBUG org.asynchttpclient.netty.request.NettyRequestSender - Using open Channel [id: 0x3cd35f84, L:/127.0.0.1:62537 - R:localhost/127.0.0.1:44237] for POST '/session/f48cf9a0475c71be6b95e5f0cbbff58a/element'
01:47:35.482 [AsyncHttpClient-1-5] DEBUG org.asynchttpclient.netty.handler.HttpHandler - 

Request DefaultHttpRequest(decodeResult: success, version: HTTP/1.1)
POST /session/f48cf9a0475c71be6b95e5f0cbbff58a/element HTTP/1.1
User-Agent: selenium/4.12.0 (java windows)
Content-Length: 72
Content-Type: application/json; charset=utf-8
host: localhost:44237
accept: */*

Response DefaultHttpResponse(decodeResult: success, version: HTTP/1.1)
HTTP/1.1 200 OK
Content-Length: 125
Content-Type: application/json; charset=utf-8
cache-control: no-cache

01:47:35.482 [AsyncHttpClient-1-5] DEBUG org.asynchttpclient.netty.channel.ChannelManager - Adding key: http://localhost:44237 for channel [id: 0x3cd35f84, L:/127.0.0.1:62537 - R:localhost/127.0.0.1:44237]
01:47:35.490 [Forwarding sendKeysToElement on session f48cf9a0475c71be6b95e5f0cbbff58a to remote] DEBUG org.asynchttpclient.netty.request.NettyRequestSender - Using pooled Channel '[id: 0x3cd35f84, L:/127.0.0.1:62537 - R:localhost/127.0.0.1:44237]' for 'POST' to 'http://localhost:44237/session/f48cf9a0475c71be6b95e5f0cbbff58a/element/f.194DC57FC7C036C76FBA2BC25E22CD3D.d.5D5FC5D1D625B8EF5EF13E57364D830B.e.6/value'
01:47:35.490 [Forwarding sendKeysToElement on session f48cf9a0475c71be6b95e5f0cbbff58a to remote] DEBUG org.asynchttpclient.netty.request.NettyRequestSender - Using open Channel [id: 0x3cd35f84, L:/127.0.0.1:62537 - R:localhost/127.0.0.1:44237] for POST '/session/f48cf9a0475c71be6b95e5f0cbbff58a/element/f.194DC57FC7C036C76FBA2BC25E22CD3D.d.5D5FC5D1D625B8EF5EF13E57364D830B.e.6/value'
01:47:35.806 [AsyncHttpClient-1-5] DEBUG org.asynchttpclient.netty.handler.HttpHandler - 

Request DefaultHttpRequest(decodeResult: success, version: HTTP/1.1)
POST /session/f48cf9a0475c71be6b95e5f0cbbff58a/element/f.194DC57FC7C036C76FBA2BC25E22CD3D.d.5D5FC5D1D625B8EF5EF13E57364D830B.e.6/value HTTP/1.1
User-Agent: selenium/4.12.0 (java windows)
Content-Length: 198
Content-Type: application/json; charset=utf-8
host: localhost:44237
accept: */*

Response DefaultHttpResponse(decodeResult: success, version: HTTP/1.1)
HTTP/1.1 200 OK
Content-Length: 14
Content-Type: application/json; charset=utf-8
cache-control: no-cache

01:47:35.807 [AsyncHttpClient-1-5] DEBUG org.asynchttpclient.netty.channel.ChannelManager - Adding key: http://localhost:44237 for channel [id: 0x3cd35f84, L:/127.0.0.1:62537 - R:localhost/127.0.0.1:44237]
01:47:35.811 [Forwarding findElement on session f48cf9a0475c71be6b95e5f0cbbff58a to remote] DEBUG org.asynchttpclient.netty.request.NettyRequestSender - Using pooled Channel '[id: 0x3cd35f84, L:/127.0.0.1:62537 - R:localhost/127.0.0.1:44237]' for 'POST' to 'http://localhost:44237/session/f48cf9a0475c71be6b95e5f0cbbff58a/element'
01:47:35.811 [Forwarding findElement on session f48cf9a0475c71be6b95e5f0cbbff58a to remote] DEBUG org.asynchttpclient.netty.request.NettyRequestSender - Using open Channel [id: 0x3cd35f84, L:/127.0.0.1:62537 - R:localhost/127.0.0.1:44237] for POST '/session/f48cf9a0475c71be6b95e5f0cbbff58a/element'
01:47:35.842 [AsyncHttpClient-1-5] DEBUG org.asynchttpclient.netty.handler.HttpHandler - 

Request DefaultHttpRequest(decodeResult: success, version: HTTP/1.1)
POST /session/f48cf9a0475c71be6b95e5f0cbbff58a/element HTTP/1.1
User-Agent: selenium/4.12.0 (java windows)
Content-Length: 73
Content-Type: application/json; charset=utf-8
host: localhost:44237
accept: */*

Response DefaultHttpResponse(decodeResult: success, version: HTTP/1.1)
HTTP/1.1 200 OK
Content-Length: 125
Content-Type: application/json; charset=utf-8
cache-control: no-cache

01:47:35.842 [AsyncHttpClient-1-5] DEBUG org.asynchttpclient.netty.channel.ChannelManager - Adding key: http://localhost:44237 for channel [id: 0x3cd35f84, L:/127.0.0.1:62537 - R:localhost/127.0.0.1:44237]
01:47:35.845 [Forwarding clickElement on session f48cf9a0475c71be6b95e5f0cbbff58a to remote] DEBUG org.asynchttpclient.netty.request.NettyRequestSender - Using pooled Channel '[id: 0x3cd35f84, L:/127.0.0.1:62537 - R:localhost/127.0.0.1:44237]' for 'POST' to 'http://localhost:44237/session/f48cf9a0475c71be6b95e5f0cbbff58a/element/f.194DC57FC7C036C76FBA2BC25E22CD3D.d.5D5FC5D1D625B8EF5EF13E57364D830B.e.8/click'
01:47:35.845 [Forwarding clickElement on session f48cf9a0475c71be6b95e5f0cbbff58a to remote] DEBUG org.asynchttpclient.netty.request.NettyRequestSender - Using open Channel [id: 0x3cd35f84, L:/127.0.0.1:62537 - R:localhost/127.0.0.1:44237] for POST '/session/f48cf9a0475c71be6b95e5f0cbbff58a/element/f.194DC57FC7C036C76FBA2BC25E22CD3D.d.5D5FC5D1D625B8EF5EF13E57364D830B.e.8/click'
01:47:36.013 [AsyncHttpClient-1-1] DEBUG org.asynchttpclient.netty.channel.DefaultChannelPool - Entry count for : http://localhost:62538 : 1
01:47:36.026 [AsyncHttpClient-1-5] DEBUG org.asynchttpclient.netty.handler.HttpHandler - 

Request DefaultHttpRequest(decodeResult: success, version: HTTP/1.1)
POST /session/f48cf9a0475c71be6b95e5f0cbbff58a/element/f.194DC57FC7C036C76FBA2BC25E22CD3D.d.5D5FC5D1D625B8EF5EF13E57364D830B.e.8/click HTTP/1.1
User-Agent: selenium/4.12.0 (java windows)
Content-Length: 87
Content-Type: application/json; charset=utf-8
host: localhost:44237
accept: */*

Response DefaultHttpResponse(decodeResult: success, version: HTTP/1.1)
HTTP/1.1 200 OK
Content-Length: 14
Content-Type: application/json; charset=utf-8
cache-control: no-cache

01:47:36.027 [AsyncHttpClient-1-5] DEBUG org.asynchttpclient.netty.channel.ChannelManager - Adding key: http://localhost:44237 for channel [id: 0x3cd35f84, L:/127.0.0.1:62537 - R:localhost/127.0.0.1:44237]
01:47:37.107 [AsyncHttpClient-1-1] DEBUG org.asynchttpclient.netty.channel.DefaultChannelPool - Entry count for : http://localhost:62538 : 1
01:47:37.107 [AsyncHttpClient-1-1] DEBUG org.asynchttpclient.netty.channel.DefaultChannelPool - Entry count for : http://localhost:44237 : 1
01:47:38.209 [AsyncHttpClient-1-1] DEBUG org.asynchttpclient.netty.channel.DefaultChannelPool - Entry count for : http://localhost:62538 : 1
01:47:38.209 [AsyncHttpClient-1-1] DEBUG org.asynchttpclient.netty.channel.DefaultChannelPool - Entry count for : http://localhost:44237 : 1
01:47:39.309 [AsyncHttpClient-1-1] DEBUG org.asynchttpclient.netty.channel.DefaultChannelPool - Entry count for : http://localhost:62538 : 1
01:47:39.309 [AsyncHttpClient-1-1] DEBUG org.asynchttpclient.netty.channel.DefaultChannelPool - Entry count for : http://localhost:44237 : 1
01:47:40.408 [AsyncHttpClient-1-1] DEBUG org.asynchttpclient.netty.channel.DefaultChannelPool - Entry count for : http://localhost:62538 : 1
01:47:40.408 [AsyncHttpClient-1-1] DEBUG org.asynchttpclient.netty.channel.DefaultChannelPool - Entry count for : http://localhost:44237 : 1
01:47:41.034 [Forwarding getCurrentUrl on session f48cf9a0475c71be6b95e5f0cbbff58a to remote] DEBUG org.asynchttpclient.netty.request.NettyRequestSender - Using pooled Channel '[id: 0x3cd35f84, L:/127.0.0.1:62537 - R:localhost/127.0.0.1:44237]' for 'GET' to 'http://localhost:44237/session/f48cf9a0475c71be6b95e5f0cbbff58a/url'
01:47:41.034 [Forwarding getCurrentUrl on session f48cf9a0475c71be6b95e5f0cbbff58a to remote] DEBUG org.asynchttpclient.netty.request.NettyRequestSender - Using open Channel [id: 0x3cd35f84, L:/127.0.0.1:62537 - R:localhost/127.0.0.1:44237] for GET '/session/f48cf9a0475c71be6b95e5f0cbbff58a/url'
01:47:41.046 [AsyncHttpClient-1-5] DEBUG org.asynchttpclient.netty.handler.HttpHandler - 

Request DefaultFullHttpRequest(decodeResult: success, version: HTTP/1.1, content: EmptyByteBufBE)
GET /session/f48cf9a0475c71be6b95e5f0cbbff58a/url HTTP/1.1
Cache-Control: no-cache
User-Agent: selenium/4.12.0 (java windows)
Content-Type: application/json; charset=utf-8
host: localhost:44237
accept: */*

Response DefaultHttpResponse(decodeResult: success, version: HTTP/1.1)
HTTP/1.1 200 OK
Content-Length: 56
Content-Type: application/json; charset=utf-8
cache-control: no-cache

01:47:41.046 [AsyncHttpClient-1-5] DEBUG org.asynchttpclient.netty.channel.ChannelManager - Adding key: http://localhost:44237 for channel [id: 0x3cd35f84, L:/127.0.0.1:62537 - R:localhost/127.0.0.1:44237]
Site 1: https://platform.fleetsyncs.com/admin/onboarding/broker/load-tender
Site 2: https://platform.fleetsyncs.com/auth/sign-in
Site 2: https://platform.fleetsyncs.com/auth/sign-in
https://platform.fleetsyncs.com/auth/sign-in
01:47:41.046 [Forwarding findElement on session f48cf9a0475c71be6b95e5f0cbbff58a to remote] DEBUG org.asynchttpclient.netty.request.NettyRequestSender - Using pooled Channel '[id: 0x3cd35f84, L:/127.0.0.1:62537 - R:localhost/127.0.0.1:44237]' for 'POST' to 'http://localhost:44237/session/f48cf9a0475c71be6b95e5f0cbbff58a/element'
01:47:41.046 [Forwarding findElement on session f48cf9a0475c71be6b95e5f0cbbff58a to remote] DEBUG org.asynchttpclient.netty.request.NettyRequestSender - Using open Channel [id: 0x3cd35f84, L:/127.0.0.1:62537 - R:localhost/127.0.0.1:44237] for POST '/session/f48cf9a0475c71be6b95e5f0cbbff58a/element'
01:47:41.069 [AsyncHttpClient-1-5] DEBUG org.asynchttpclient.netty.handler.HttpHandler - 

Request DefaultHttpRequest(decodeResult: success, version: HTTP/1.1)
POST /session/f48cf9a0475c71be6b95e5f0cbbff58a/element HTTP/1.1
User-Agent: selenium/4.12.0 (java windows)
Content-Length: 66
Content-Type: application/json; charset=utf-8
host: localhost:44237
accept: */*

Response DefaultHttpResponse(decodeResult: success, version: HTTP/1.1)
HTTP/1.1 200 OK
Content-Length: 126
Content-Type: application/json; charset=utf-8
cache-control: no-cache

01:47:41.069 [AsyncHttpClient-1-5] DEBUG org.asynchttpclient.netty.channel.ChannelManager - Adding key: http://localhost:44237 for channel [id: 0x3cd35f84, L:/127.0.0.1:62537 - R:localhost/127.0.0.1:44237]
01:47:41.076 [Forwarding isElementDisplayed on session f48cf9a0475c71be6b95e5f0cbbff58a to remote] DEBUG org.asynchttpclient.netty.request.NettyRequestSender - Using pooled Channel '[id: 0x3cd35f84, L:/127.0.0.1:62537 - R:localhost/127.0.0.1:44237]' for 'POST' to 'http://localhost:44237/session/f48cf9a0475c71be6b95e5f0cbbff58a/execute/sync'
01:47:41.076 [Forwarding isElementDisplayed on session f48cf9a0475c71be6b95e5f0cbbff58a to remote] DEBUG org.asynchttpclient.netty.request.NettyRequestSender - Using open Channel [id: 0x3cd35f84, L:/127.0.0.1:62537 - R:localhost/127.0.0.1:44237] for POST '/session/f48cf9a0475c71be6b95e5f0cbbff58a/execute/sync'
01:47:41.101 [AsyncHttpClient-1-5] DEBUG org.asynchttpclient.netty.handler.HttpHandler - 

Request DefaultHttpRequest(decodeResult: success, version: HTTP/1.1)
POST /session/f48cf9a0475c71be6b95e5f0cbbff58a/execute/sync HTTP/1.1
User-Agent: selenium/4.12.0 (java windows)
Content-Length: 48734
Content-Type: application/json; charset=utf-8
host: localhost:44237
accept: */*

Response DefaultHttpResponse(decodeResult: success, version: HTTP/1.1)
HTTP/1.1 200 OK
Content-Length: 14
Content-Type: application/json; charset=utf-8
cache-control: no-cache

01:47:41.101 [AsyncHttpClient-1-5] DEBUG org.asynchttpclient.netty.channel.ChannelManager - Adding key: http://localhost:44237 for channel [id: 0x3cd35f84, L:/127.0.0.1:62537 - R:localhost/127.0.0.1:44237]
01:47:41.101 [Forwarding findElement on session f48cf9a0475c71be6b95e5f0cbbff58a to remote] DEBUG org.asynchttpclient.netty.request.NettyRequestSender - Using pooled Channel '[id: 0x3cd35f84, L:/127.0.0.1:62537 - R:localhost/127.0.0.1:44237]' for 'POST' to 'http://localhost:44237/session/f48cf9a0475c71be6b95e5f0cbbff58a/element'
01:47:41.101 [Forwarding findElement on session f48cf9a0475c71be6b95e5f0cbbff58a to remote] DEBUG org.asynchttpclient.netty.request.NettyRequestSender - Using open Channel [id: 0x3cd35f84, L:/127.0.0.1:62537 - R:localhost/127.0.0.1:44237] for POST '/session/f48cf9a0475c71be6b95e5f0cbbff58a/element'
01:47:41.117 [AsyncHttpClient-1-5] DEBUG org.asynchttpclient.netty.handler.HttpHandler - 

Request DefaultHttpRequest(decodeResult: success, version: HTTP/1.1)
POST /session/f48cf9a0475c71be6b95e5f0cbbff58a/element HTTP/1.1
User-Agent: selenium/4.12.0 (java windows)
Content-Length: 66
Content-Type: application/json; charset=utf-8
host: localhost:44237
accept: */*

Response DefaultHttpResponse(decodeResult: success, version: HTTP/1.1)
HTTP/1.1 200 OK
Content-Length: 126
Content-Type: application/json; charset=utf-8
cache-control: no-cache

01:47:41.117 [AsyncHttpClient-1-5] DEBUG org.asynchttpclient.netty.channel.ChannelManager - Adding key: http://localhost:44237 for channel [id: 0x3cd35f84, L:/127.0.0.1:62537 - R:localhost/127.0.0.1:44237]
01:47:41.117 [Forwarding getElementText on session f48cf9a0475c71be6b95e5f0cbbff58a to remote] DEBUG org.asynchttpclient.netty.request.NettyRequestSender - Using pooled Channel '[id: 0x3cd35f84, L:/127.0.0.1:62537 - R:localhost/127.0.0.1:44237]' for 'GET' to 'http://localhost:44237/session/f48cf9a0475c71be6b95e5f0cbbff58a/element/f.194DC57FC7C036C76FBA2BC25E22CD3D.d.5D5FC5D1D625B8EF5EF13E57364D830B.e.21/text'
01:47:41.117 [Forwarding getElementText on session f48cf9a0475c71be6b95e5f0cbbff58a to remote] DEBUG org.asynchttpclient.netty.request.NettyRequestSender - Using open Channel [id: 0x3cd35f84, L:/127.0.0.1:62537 - R:localhost/127.0.0.1:44237] for GET '/session/f48cf9a0475c71be6b95e5f0cbbff58a/element/f.194DC57FC7C036C76FBA2BC25E22CD3D.d.5D5FC5D1D625B8EF5EF13E57364D830B.e.21/text'
01:47:41.143 [AsyncHttpClient-1-5] DEBUG org.asynchttpclient.netty.handler.HttpHandler - 

Request DefaultFullHttpRequest(decodeResult: success, version: HTTP/1.1, content: EmptyByteBufBE)
GET /session/f48cf9a0475c71be6b95e5f0cbbff58a/element/f.194DC57FC7C036C76FBA2BC25E22CD3D.d.5D5FC5D1D625B8EF5EF13E57364D830B.e.21/text HTTP/1.1
Cache-Control: no-cache
User-Agent: selenium/4.12.0 (java windows)
Content-Type: application/json; charset=utf-8
host: localhost:44237
accept: */*

Response DefaultHttpResponse(decodeResult: success, version: HTTP/1.1)
HTTP/1.1 200 OK
Content-Length: 33
Content-Type: application/json; charset=utf-8
cache-control: no-cache

01:47:41.143 [AsyncHttpClient-1-5] DEBUG org.asynchttpclient.netty.channel.ChannelManager - Adding key: http://localhost:44237 for channel [id: 0x3cd35f84, L:/127.0.0.1:62537 - R:localhost/127.0.0.1:44237]
01:47:41.148 [Forwarding findElement on session f48cf9a0475c71be6b95e5f0cbbff58a to remote] DEBUG org.asynchttpclient.netty.request.NettyRequestSender - Using pooled Channel '[id: 0x3cd35f84, L:/127.0.0.1:62537 - R:localhost/127.0.0.1:44237]' for 'POST' to 'http://localhost:44237/session/f48cf9a0475c71be6b95e5f0cbbff58a/element'
01:47:41.148 [Forwarding findElement on session f48cf9a0475c71be6b95e5f0cbbff58a to remote] DEBUG org.asynchttpclient.netty.request.NettyRequestSender - Using open Channel [id: 0x3cd35f84, L:/127.0.0.1:62537 - R:localhost/127.0.0.1:44237] for POST '/session/f48cf9a0475c71be6b95e5f0cbbff58a/element'
01:47:41.159 [AsyncHttpClient-1-5] DEBUG org.asynchttpclient.netty.handler.HttpHandler - 

Request DefaultHttpRequest(decodeResult: success, version: HTTP/1.1)
POST /session/f48cf9a0475c71be6b95e5f0cbbff58a/element HTTP/1.1
User-Agent: selenium/4.12.0 (java windows)
Content-Length: 74
Content-Type: application/json; charset=utf-8
host: localhost:44237
accept: */*

Response DefaultHttpResponse(decodeResult: success, version: HTTP/1.1)
HTTP/1.1 200 OK
Content-Length: 126
Content-Type: application/json; charset=utf-8
cache-control: no-cache

01:47:41.167 [AsyncHttpClient-1-5] DEBUG org.asynchttpclient.netty.channel.ChannelManager - Adding key: http://localhost:44237 for channel [id: 0x3cd35f84, L:/127.0.0.1:62537 - R:localhost/127.0.0.1:44237]
01:47:41.168 [Forwarding clickElement on session f48cf9a0475c71be6b95e5f0cbbff58a to remote] DEBUG org.asynchttpclient.netty.request.NettyRequestSender - Using pooled Channel '[id: 0x3cd35f84, L:/127.0.0.1:62537 - R:localhost/127.0.0.1:44237]' for 'POST' to 'http://localhost:44237/session/f48cf9a0475c71be6b95e5f0cbbff58a/element/f.194DC57FC7C036C76FBA2BC25E22CD3D.d.5D5FC5D1D625B8EF5EF13E57364D830B.e.22/click'
01:47:41.168 [Forwarding clickElement on session f48cf9a0475c71be6b95e5f0cbbff58a to remote] DEBUG org.asynchttpclient.netty.request.NettyRequestSender - Using open Channel [id: 0x3cd35f84, L:/127.0.0.1:62537 - R:localhost/127.0.0.1:44237] for POST '/session/f48cf9a0475c71be6b95e5f0cbbff58a/element/f.194DC57FC7C036C76FBA2BC25E22CD3D.d.5D5FC5D1D625B8EF5EF13E57364D830B.e.22/click'
01:47:41.276 [AsyncHttpClient-1-5] DEBUG org.asynchttpclient.netty.handler.HttpHandler - 

Request DefaultHttpRequest(decodeResult: success, version: HTTP/1.1)
POST /session/f48cf9a0475c71be6b95e5f0cbbff58a/element/f.194DC57FC7C036C76FBA2BC25E22CD3D.d.5D5FC5D1D625B8EF5EF13E57364D830B.e.22/click HTTP/1.1
User-Agent: selenium/4.12.0 (java windows)
Content-Length: 88
Content-Type: application/json; charset=utf-8
host: localhost:44237
accept: */*

Response DefaultHttpResponse(decodeResult: success, version: HTTP/1.1)
HTTP/1.1 200 OK
Content-Length: 14
Content-Type: application/json; charset=utf-8
cache-control: no-cache

01:47:41.279 [AsyncHttpClient-1-5] DEBUG org.asynchttpclient.netty.channel.ChannelManager - Adding key: http://localhost:44237 for channel [id: 0x3cd35f84, L:/127.0.0.1:62537 - R:localhost/127.0.0.1:44237]
01:47:41.509 [AsyncHttpClient-1-1] DEBUG org.asynchttpclient.netty.channel.DefaultChannelPool - Entry count for : http://localhost:62538 : 1
01:47:41.509 [AsyncHttpClient-1-1] DEBUG org.asynchttpclient.netty.channel.DefaultChannelPool - Entry count for : http://localhost:44237 : 1
01:47:42.614 [AsyncHttpClient-1-1] DEBUG org.asynchttpclient.netty.channel.DefaultChannelPool - Entry count for : http://localhost:62538 : 1
01:47:42.614 [AsyncHttpClient-1-1] DEBUG org.asynchttpclient.netty.channel.DefaultChannelPool - Entry count for : http://localhost:44237 : 1
01:47:43.711 [AsyncHttpClient-1-1] DEBUG org.asynchttpclient.netty.channel.DefaultChannelPool - Entry count for : http://localhost:62538 : 1
01:47:43.711 [AsyncHttpClient-1-1] DEBUG org.asynchttpclient.netty.channel.DefaultChannelPool - Entry count for : http://localhost:44237 : 1
screen shot class not taking
  Given Open dashboardasatpute008@gmail.com and Pass@123                 # StepDefination.My_Load.I_am_on_dashboard(java.lang.String,java.lang.String)
01:47:44.814 [AsyncHttpClient-1-1] DEBUG org.asynchttpclient.netty.channel.DefaultChannelPool - Entry count for : http://localhost:62538 : 1
01:47:44.814 [AsyncHttpClient-1-1] DEBUG org.asynchttpclient.netty.channel.DefaultChannelPool - Entry count for : http://localhost:44237 : 1
01:47:45.946 [AsyncHttpClient-1-1] DEBUG org.asynchttpclient.netty.channel.DefaultChannelPool - Entry count for : http://localhost:62538 : 1
01:47:45.946 [AsyncHttpClient-1-1] DEBUG org.asynchttpclient.netty.channel.DefaultChannelPool - Entry count for : http://localhost:44237 : 1
01:47:46.288 [Forwarding findElement on session f48cf9a0475c71be6b95e5f0cbbff58a to remote] DEBUG org.asynchttpclient.netty.request.NettyRequestSender - Using pooled Channel '[id: 0x3cd35f84, L:/127.0.0.1:62537 - R:localhost/127.0.0.1:44237]' for 'POST' to 'http://localhost:44237/session/f48cf9a0475c71be6b95e5f0cbbff58a/element'
01:47:46.288 [Forwarding findElement on session f48cf9a0475c71be6b95e5f0cbbff58a to remote] DEBUG org.asynchttpclient.netty.request.NettyRequestSender - Using open Channel [id: 0x3cd35f84, L:/127.0.0.1:62537 - R:localhost/127.0.0.1:44237] for POST '/session/f48cf9a0475c71be6b95e5f0cbbff58a/element'
01:47:46.305 [AsyncHttpClient-1-5] DEBUG org.asynchttpclient.netty.handler.HttpHandler - 

Request DefaultHttpRequest(decodeResult: success, version: HTTP/1.1)
POST /session/f48cf9a0475c71be6b95e5f0cbbff58a/element HTTP/1.1
User-Agent: selenium/4.12.0 (java windows)
Content-Length: 70
Content-Type: application/json; charset=utf-8
host: localhost:44237
accept: */*

Response DefaultHttpResponse(decodeResult: success, version: HTTP/1.1)
HTTP/1.1 200 OK
Content-Length: 126
Content-Type: application/json; charset=utf-8
cache-control: no-cache

01:47:46.313 [AsyncHttpClient-1-5] DEBUG org.asynchttpclient.netty.channel.ChannelManager - Adding key: http://localhost:44237 for channel [id: 0x3cd35f84, L:/127.0.0.1:62537 - R:localhost/127.0.0.1:44237]
01:47:46.313 [Forwarding clickElement on session f48cf9a0475c71be6b95e5f0cbbff58a to remote] DEBUG org.asynchttpclient.netty.request.NettyRequestSender - Using pooled Channel '[id: 0x3cd35f84, L:/127.0.0.1:62537 - R:localhost/127.0.0.1:44237]' for 'POST' to 'http://localhost:44237/session/f48cf9a0475c71be6b95e5f0cbbff58a/element/f.194DC57FC7C036C76FBA2BC25E22CD3D.d.C3D4149BF462C30D10A4E6317988BACD.e.40/click'
01:47:46.313 [Forwarding clickElement on session f48cf9a0475c71be6b95e5f0cbbff58a to remote] DEBUG org.asynchttpclient.netty.request.NettyRequestSender - Using open Channel [id: 0x3cd35f84, L:/127.0.0.1:62537 - R:localhost/127.0.0.1:44237] for POST '/session/f48cf9a0475c71be6b95e5f0cbbff58a/element/f.194DC57FC7C036C76FBA2BC25E22CD3D.d.C3D4149BF462C30D10A4E6317988BACD.e.40/click'
01:47:46.525 [AsyncHttpClient-1-5] DEBUG org.asynchttpclient.netty.handler.HttpHandler - 

Request DefaultHttpRequest(decodeResult: success, version: HTTP/1.1)
POST /session/f48cf9a0475c71be6b95e5f0cbbff58a/element/f.194DC57FC7C036C76FBA2BC25E22CD3D.d.C3D4149BF462C30D10A4E6317988BACD.e.40/click HTTP/1.1
User-Agent: selenium/4.12.0 (java windows)
Content-Length: 88
Content-Type: application/json; charset=utf-8
host: localhost:44237
accept: */*

Response DefaultHttpResponse(decodeResult: success, version: HTTP/1.1)
HTTP/1.1 200 OK
Content-Length: 14
Content-Type: application/json; charset=utf-8
cache-control: no-cache

01:47:46.525 [AsyncHttpClient-1-5] DEBUG org.asynchttpclient.netty.channel.ChannelManager - Adding key: http://localhost:44237 for channel [id: 0x3cd35f84, L:/127.0.0.1:62537 - R:localhost/127.0.0.1:44237]
01:47:47.010 [AsyncHttpClient-1-1] DEBUG org.asynchttpclient.netty.channel.DefaultChannelPool - Entry count for : http://localhost:62538 : 1
01:47:47.010 [AsyncHttpClient-1-1] DEBUG org.asynchttpclient.netty.channel.DefaultChannelPool - Entry count for : http://localhost:44237 : 1
01:47:47.035 [Forwarding findElement on session f48cf9a0475c71be6b95e5f0cbbff58a to remote] DEBUG org.asynchttpclient.netty.request.NettyRequestSender - Using pooled Channel '[id: 0x3cd35f84, L:/127.0.0.1:62537 - R:localhost/127.0.0.1:44237]' for 'POST' to 'http://localhost:44237/session/f48cf9a0475c71be6b95e5f0cbbff58a/element'
01:47:47.035 [Forwarding findElement on session f48cf9a0475c71be6b95e5f0cbbff58a to remote] DEBUG org.asynchttpclient.netty.request.NettyRequestSender - Using open Channel [id: 0x3cd35f84, L:/127.0.0.1:62537 - R:localhost/127.0.0.1:44237] for POST '/session/f48cf9a0475c71be6b95e5f0cbbff58a/element'
01:47:47.052 [AsyncHttpClient-1-5] DEBUG org.asynchttpclient.netty.handler.HttpHandler - 

Request DefaultHttpRequest(decodeResult: success, version: HTTP/1.1)
POST /session/f48cf9a0475c71be6b95e5f0cbbff58a/element HTTP/1.1
User-Agent: selenium/4.12.0 (java windows)
Content-Length: 71
Content-Type: application/json; charset=utf-8
host: localhost:44237
accept: */*

Response DefaultHttpResponse(decodeResult: success, version: HTTP/1.1)
HTTP/1.1 200 OK
Content-Length: 126
Content-Type: application/json; charset=utf-8
cache-control: no-cache

01:47:47.052 [AsyncHttpClient-1-5] DEBUG org.asynchttpclient.netty.channel.ChannelManager - Adding key: http://localhost:44237 for channel [id: 0x3cd35f84, L:/127.0.0.1:62537 - R:localhost/127.0.0.1:44237]
01:47:47.060 [Forwarding clickElement on session f48cf9a0475c71be6b95e5f0cbbff58a to remote] DEBUG org.asynchttpclient.netty.request.NettyRequestSender - Using pooled Channel '[id: 0x3cd35f84, L:/127.0.0.1:62537 - R:localhost/127.0.0.1:44237]' for 'POST' to 'http://localhost:44237/session/f48cf9a0475c71be6b95e5f0cbbff58a/element/f.194DC57FC7C036C76FBA2BC25E22CD3D.d.C3D4149BF462C30D10A4E6317988BACD.e.42/click'
01:47:47.060 [Forwarding clickElement on session f48cf9a0475c71be6b95e5f0cbbff58a to remote] DEBUG org.asynchttpclient.netty.request.NettyRequestSender - Using open Channel [id: 0x3cd35f84, L:/127.0.0.1:62537 - R:localhost/127.0.0.1:44237] for POST '/session/f48cf9a0475c71be6b95e5f0cbbff58a/element/f.194DC57FC7C036C76FBA2BC25E22CD3D.d.C3D4149BF462C30D10A4E6317988BACD.e.42/click'
01:47:47.522 [AsyncHttpClient-1-5] DEBUG org.asynchttpclient.netty.handler.HttpHandler - 

Request DefaultHttpRequest(decodeResult: success, version: HTTP/1.1)
POST /session/f48cf9a0475c71be6b95e5f0cbbff58a/element/f.194DC57FC7C036C76FBA2BC25E22CD3D.d.C3D4149BF462C30D10A4E6317988BACD.e.42/click HTTP/1.1
User-Agent: selenium/4.12.0 (java windows)
Content-Length: 88
Content-Type: application/json; charset=utf-8
host: localhost:44237
accept: */*

Response DefaultHttpResponse(decodeResult: success, version: HTTP/1.1)
HTTP/1.1 200 OK
Content-Length: 14
Content-Type: application/json; charset=utf-8
cache-control: no-cache

01:47:47.522 [AsyncHttpClient-1-5] DEBUG org.asynchttpclient.netty.channel.ChannelManager - Adding key: http://localhost:44237 for channel [id: 0x3cd35f84, L:/127.0.0.1:62537 - R:localhost/127.0.0.1:44237]
  And Tap on My_load sub module                                          # StepDefination.My_Load.Tap_on_My_load_sub_module()
01:47:48.112 [AsyncHttpClient-1-1] DEBUG org.asynchttpclient.netty.channel.DefaultChannelPool - Entry count for : http://localhost:62538 : 1
01:47:48.112 [AsyncHttpClient-1-1] DEBUG org.asynchttpclient.netty.channel.DefaultChannelPool - Entry count for : http://localhost:44237 : 1
01:47:49.214 [AsyncHttpClient-1-1] DEBUG org.asynchttpclient.netty.channel.DefaultChannelPool - Entry count for : http://localhost:62538 : 1
01:47:49.214 [AsyncHttpClient-1-1] DEBUG org.asynchttpclient.netty.channel.DefaultChannelPool - Entry count for : http://localhost:44237 : 1
01:47:49.532 [Forwarding findElement on session f48cf9a0475c71be6b95e5f0cbbff58a to remote] DEBUG org.asynchttpclient.netty.request.NettyRequestSender - Using pooled Channel '[id: 0x3cd35f84, L:/127.0.0.1:62537 - R:localhost/127.0.0.1:44237]' for 'POST' to 'http://localhost:44237/session/f48cf9a0475c71be6b95e5f0cbbff58a/element'
01:47:49.532 [Forwarding findElement on session f48cf9a0475c71be6b95e5f0cbbff58a to remote] DEBUG org.asynchttpclient.netty.request.NettyRequestSender - Using open Channel [id: 0x3cd35f84, L:/127.0.0.1:62537 - R:localhost/127.0.0.1:44237] for POST '/session/f48cf9a0475c71be6b95e5f0cbbff58a/element'
01:47:49.557 [AsyncHttpClient-1-5] DEBUG org.asynchttpclient.netty.handler.HttpHandler - 

Request DefaultHttpRequest(decodeResult: success, version: HTTP/1.1)
POST /session/f48cf9a0475c71be6b95e5f0cbbff58a/element HTTP/1.1
User-Agent: selenium/4.12.0 (java windows)
Content-Length: 77
Content-Type: application/json; charset=utf-8
host: localhost:44237
accept: */*

Response DefaultHttpResponse(decodeResult: success, version: HTTP/1.1)
HTTP/1.1 200 OK
Content-Length: 126
Content-Type: application/json; charset=utf-8
cache-control: no-cache

01:47:49.557 [AsyncHttpClient-1-5] DEBUG org.asynchttpclient.netty.channel.ChannelManager - Adding key: http://localhost:44237 for channel [id: 0x3cd35f84, L:/127.0.0.1:62537 - R:localhost/127.0.0.1:44237]
01:47:49.557 [Forwarding clickElement on session f48cf9a0475c71be6b95e5f0cbbff58a to remote] DEBUG org.asynchttpclient.netty.request.NettyRequestSender - Using pooled Channel '[id: 0x3cd35f84, L:/127.0.0.1:62537 - R:localhost/127.0.0.1:44237]' for 'POST' to 'http://localhost:44237/session/f48cf9a0475c71be6b95e5f0cbbff58a/element/f.194DC57FC7C036C76FBA2BC25E22CD3D.d.C3D4149BF462C30D10A4E6317988BACD.e.47/click'
01:47:49.557 [Forwarding clickElement on session f48cf9a0475c71be6b95e5f0cbbff58a to remote] DEBUG org.asynchttpclient.netty.request.NettyRequestSender - Using open Channel [id: 0x3cd35f84, L:/127.0.0.1:62537 - R:localhost/127.0.0.1:44237] for POST '/session/f48cf9a0475c71be6b95e5f0cbbff58a/element/f.194DC57FC7C036C76FBA2BC25E22CD3D.d.C3D4149BF462C30D10A4E6317988BACD.e.47/click'
01:47:49.858 [AsyncHttpClient-1-5] DEBUG org.asynchttpclient.netty.handler.HttpHandler - 

Request DefaultHttpRequest(decodeResult: success, version: HTTP/1.1)
POST /session/f48cf9a0475c71be6b95e5f0cbbff58a/element/f.194DC57FC7C036C76FBA2BC25E22CD3D.d.C3D4149BF462C30D10A4E6317988BACD.e.47/click HTTP/1.1
User-Agent: selenium/4.12.0 (java windows)
Content-Length: 88
Content-Type: application/json; charset=utf-8
host: localhost:44237
accept: */*

Response DefaultHttpResponse(decodeResult: success, version: HTTP/1.1)
HTTP/1.1 200 OK
Content-Length: 14
Content-Type: application/json; charset=utf-8
cache-control: no-cache

01:47:49.866 [AsyncHttpClient-1-5] DEBUG org.asynchttpclient.netty.channel.ChannelManager - Adding key: http://localhost:44237 for channel [id: 0x3cd35f84, L:/127.0.0.1:62537 - R:localhost/127.0.0.1:44237]
  And Open Load form                                                     # StepDefination.My_Load.Open_Load_Form()
01:47:50.307 [AsyncHttpClient-1-1] DEBUG org.asynchttpclient.netty.channel.DefaultChannelPool - Entry count for : http://localhost:62538 : 1
01:47:50.307 [AsyncHttpClient-1-1] DEBUG org.asynchttpclient.netty.channel.DefaultChannelPool - Entry count for : http://localhost:44237 : 1
01:47:50.875 [Forwarding findElement on session f48cf9a0475c71be6b95e5f0cbbff58a to remote] DEBUG org.asynchttpclient.netty.request.NettyRequestSender - Using pooled Channel '[id: 0x3cd35f84, L:/127.0.0.1:62537 - R:localhost/127.0.0.1:44237]' for 'POST' to 'http://localhost:44237/session/f48cf9a0475c71be6b95e5f0cbbff58a/element'
01:47:50.875 [Forwarding findElement on session f48cf9a0475c71be6b95e5f0cbbff58a to remote] DEBUG org.asynchttpclient.netty.request.NettyRequestSender - Using open Channel [id: 0x3cd35f84, L:/127.0.0.1:62537 - R:localhost/127.0.0.1:44237] for POST '/session/f48cf9a0475c71be6b95e5f0cbbff58a/element'
01:47:50.907 [AsyncHttpClient-1-5] DEBUG org.asynchttpclient.netty.handler.HttpHandler - 

Request DefaultHttpRequest(decodeResult: success, version: HTTP/1.1)
POST /session/f48cf9a0475c71be6b95e5f0cbbff58a/element HTTP/1.1
User-Agent: selenium/4.12.0 (java windows)
Content-Length: 83
Content-Type: application/json; charset=utf-8
host: localhost:44237
accept: */*

Response DefaultHttpResponse(decodeResult: success, version: HTTP/1.1)
HTTP/1.1 200 OK
Content-Length: 126
Content-Type: application/json; charset=utf-8
cache-control: no-cache

01:47:50.907 [AsyncHttpClient-1-5] DEBUG org.asynchttpclient.netty.channel.ChannelManager - Adding key: http://localhost:44237 for channel [id: 0x3cd35f84, L:/127.0.0.1:62537 - R:localhost/127.0.0.1:44237]
01:47:50.907 [Forwarding clickElement on session f48cf9a0475c71be6b95e5f0cbbff58a to remote] DEBUG org.asynchttpclient.netty.request.NettyRequestSender - Using pooled Channel '[id: 0x3cd35f84, L:/127.0.0.1:62537 - R:localhost/127.0.0.1:44237]' for 'POST' to 'http://localhost:44237/session/f48cf9a0475c71be6b95e5f0cbbff58a/element/f.194DC57FC7C036C76FBA2BC25E22CD3D.d.C3D4149BF462C30D10A4E6317988BACD.e.66/click'
01:47:50.907 [Forwarding clickElement on session f48cf9a0475c71be6b95e5f0cbbff58a to remote] DEBUG org.asynchttpclient.netty.request.NettyRequestSender - Using open Channel [id: 0x3cd35f84, L:/127.0.0.1:62537 - R:localhost/127.0.0.1:44237] for POST '/session/f48cf9a0475c71be6b95e5f0cbbff58a/element/f.194DC57FC7C036C76FBA2BC25E22CD3D.d.C3D4149BF462C30D10A4E6317988BACD.e.66/click'
01:47:51.082 [AsyncHttpClient-1-5] DEBUG org.asynchttpclient.netty.handler.HttpHandler - 

Request DefaultHttpRequest(decodeResult: success, version: HTTP/1.1)
POST /session/f48cf9a0475c71be6b95e5f0cbbff58a/element/f.194DC57FC7C036C76FBA2BC25E22CD3D.d.C3D4149BF462C30D10A4E6317988BACD.e.66/click HTTP/1.1
User-Agent: selenium/4.12.0 (java windows)
Content-Length: 88
Content-Type: application/json; charset=utf-8
host: localhost:44237
accept: */*

Response DefaultHttpResponse(decodeResult: success, version: HTTP/1.1)
HTTP/1.1 200 OK
Content-Length: 14
Content-Type: application/json; charset=utf-8
cache-control: no-cache

01:47:51.082 [AsyncHttpClient-1-5] DEBUG org.asynchttpclient.netty.channel.ChannelManager - Adding key: http://localhost:44237 for channel [id: 0x3cd35f84, L:/127.0.0.1:62537 - R:localhost/127.0.0.1:44237]
  And Provide load and transport type FTL (Full Truckload)               # StepDefination.My_Load.Provide_transport_type(java.lang.String)
01:47:51.418 [AsyncHttpClient-1-1] DEBUG org.asynchttpclient.netty.channel.DefaultChannelPool - Entry count for : http://localhost:62538 : 1
01:47:51.418 [AsyncHttpClient-1-1] DEBUG org.asynchttpclient.netty.channel.DefaultChannelPool - Entry count for : http://localhost:44237 : 1
01:47:52.521 [AsyncHttpClient-1-1] DEBUG org.asynchttpclient.netty.channel.DefaultChannelPool - Entry count for : http://localhost:62538 : 1
01:47:52.521 [AsyncHttpClient-1-1] DEBUG org.asynchttpclient.netty.channel.DefaultChannelPool - Entry count for : http://localhost:44237 : 1
01:47:53.099 [Forwarding findElement on session f48cf9a0475c71be6b95e5f0cbbff58a to remote] DEBUG org.asynchttpclient.netty.request.NettyRequestSender - Using pooled Channel '[id: 0x3cd35f84, L:/127.0.0.1:62537 - R:localhost/127.0.0.1:44237]' for 'POST' to 'http://localhost:44237/session/f48cf9a0475c71be6b95e5f0cbbff58a/element'
01:47:53.099 [Forwarding findElement on session f48cf9a0475c71be6b95e5f0cbbff58a to remote] DEBUG org.asynchttpclient.netty.request.NettyRequestSender - Using open Channel [id: 0x3cd35f84, L:/127.0.0.1:62537 - R:localhost/127.0.0.1:44237] for POST '/session/f48cf9a0475c71be6b95e5f0cbbff58a/element'
01:47:53.120 [AsyncHttpClient-1-5] DEBUG org.asynchttpclient.netty.handler.HttpHandler - 

Request DefaultHttpRequest(decodeResult: success, version: HTTP/1.1)
POST /session/f48cf9a0475c71be6b95e5f0cbbff58a/element HTTP/1.1
User-Agent: selenium/4.12.0 (java windows)
Content-Length: 119
Content-Type: application/json; charset=utf-8
host: localhost:44237
accept: */*

Response DefaultHttpResponse(decodeResult: success, version: HTTP/1.1)
HTTP/1.1 200 OK
Content-Length: 126
Content-Type: application/json; charset=utf-8
cache-control: no-cache

01:47:53.120 [AsyncHttpClient-1-5] DEBUG org.asynchttpclient.netty.channel.ChannelManager - Adding key: http://localhost:44237 for channel [id: 0x3cd35f84, L:/127.0.0.1:62537 - R:localhost/127.0.0.1:44237]
01:47:53.120 [Forwarding clickElement on session f48cf9a0475c71be6b95e5f0cbbff58a to remote] DEBUG org.asynchttpclient.netty.request.NettyRequestSender - Using pooled Channel '[id: 0x3cd35f84, L:/127.0.0.1:62537 - R:localhost/127.0.0.1:44237]' for 'POST' to 'http://localhost:44237/session/f48cf9a0475c71be6b95e5f0cbbff58a/element/f.194DC57FC7C036C76FBA2BC25E22CD3D.d.C3D4149BF462C30D10A4E6317988BACD.e.50/click'
01:47:53.120 [Forwarding clickElement on session f48cf9a0475c71be6b95e5f0cbbff58a to remote] DEBUG org.asynchttpclient.netty.request.NettyRequestSender - Using open Channel [id: 0x3cd35f84, L:/127.0.0.1:62537 - R:localhost/127.0.0.1:44237] for POST '/session/f48cf9a0475c71be6b95e5f0cbbff58a/element/f.194DC57FC7C036C76FBA2BC25E22CD3D.d.C3D4149BF462C30D10A4E6317988BACD.e.50/click'
01:47:53.247 [AsyncHttpClient-1-5] DEBUG org.asynchttpclient.netty.handler.HttpHandler - 

Request DefaultHttpRequest(decodeResult: success, version: HTTP/1.1)
POST /session/f48cf9a0475c71be6b95e5f0cbbff58a/element/f.194DC57FC7C036C76FBA2BC25E22CD3D.d.C3D4149BF462C30D10A4E6317988BACD.e.50/click HTTP/1.1
User-Agent: selenium/4.12.0 (java windows)
Content-Length: 88
Content-Type: application/json; charset=utf-8
host: localhost:44237
accept: */*

Response DefaultHttpResponse(decodeResult: success, version: HTTP/1.1)
HTTP/1.1 200 OK
Content-Length: 14
Content-Type: application/json; charset=utf-8
cache-control: no-cache

01:47:53.248 [AsyncHttpClient-1-5] DEBUG org.asynchttpclient.netty.channel.ChannelManager - Adding key: http://localhost:44237 for channel [id: 0x3cd35f84, L:/127.0.0.1:62537 - R:localhost/127.0.0.1:44237]
01:47:53.248 [Forwarding findElements on session f48cf9a0475c71be6b95e5f0cbbff58a to remote] DEBUG org.asynchttpclient.netty.request.NettyRequestSender - Using pooled Channel '[id: 0x3cd35f84, L:/127.0.0.1:62537 - R:localhost/127.0.0.1:44237]' for 'POST' to 'http://localhost:44237/session/f48cf9a0475c71be6b95e5f0cbbff58a/elements'
01:47:53.248 [Forwarding findElements on session f48cf9a0475c71be6b95e5f0cbbff58a to remote] DEBUG org.asynchttpclient.netty.request.NettyRequestSender - Using open Channel [id: 0x3cd35f84, L:/127.0.0.1:62537 - R:localhost/127.0.0.1:44237] for POST '/session/f48cf9a0475c71be6b95e5f0cbbff58a/elements'
01:47:53.274 [AsyncHttpClient-1-5] DEBUG org.asynchttpclient.netty.handler.HttpHandler - 

Request DefaultHttpRequest(decodeResult: success, version: HTTP/1.1)
POST /session/f48cf9a0475c71be6b95e5f0cbbff58a/elements HTTP/1.1
User-Agent: selenium/4.12.0 (java windows)
Content-Length: 97
Content-Type: application/json; charset=utf-8
host: localhost:44237
accept: */*

Response DefaultHttpResponse(decodeResult: success, version: HTTP/1.1)
HTTP/1.1 200 OK
Content-Length: 1649
Content-Type: application/json; charset=utf-8
cache-control: no-cache

01:47:53.274 [AsyncHttpClient-1-5] DEBUG org.asynchttpclient.netty.channel.ChannelManager - Adding key: http://localhost:44237 for channel [id: 0x3cd35f84, L:/127.0.0.1:62537 - R:localhost/127.0.0.1:44237]
01:47:53.274 [Forwarding findElement on session f48cf9a0475c71be6b95e5f0cbbff58a to remote] DEBUG org.asynchttpclient.netty.request.NettyRequestSender - Using pooled Channel '[id: 0x3cd35f84, L:/127.0.0.1:62537 - R:localhost/127.0.0.1:44237]' for 'POST' to 'http://localhost:44237/session/f48cf9a0475c71be6b95e5f0cbbff58a/element'
01:47:53.274 [Forwarding findElement on session f48cf9a0475c71be6b95e5f0cbbff58a to remote] DEBUG org.asynchttpclient.netty.request.NettyRequestSender - Using open Channel [id: 0x3cd35f84, L:/127.0.0.1:62537 - R:localhost/127.0.0.1:44237] for POST '/session/f48cf9a0475c71be6b95e5f0cbbff58a/element'
01:47:53.303 [AsyncHttpClient-1-5] DEBUG org.asynchttpclient.netty.handler.HttpHandler - 

Request DefaultHttpRequest(decodeResult: success, version: HTTP/1.1)
POST /session/f48cf9a0475c71be6b95e5f0cbbff58a/element HTTP/1.1
User-Agent: selenium/4.12.0 (java windows)
Content-Length: 97
Content-Type: application/json; charset=utf-8
host: localhost:44237
accept: */*

Response DefaultHttpResponse(decodeResult: success, version: HTTP/1.1)
HTTP/1.1 200 OK
Content-Length: 126
Content-Type: application/json; charset=utf-8
cache-control: no-cache

01:47:53.303 [AsyncHttpClient-1-5] DEBUG org.asynchttpclient.netty.channel.ChannelManager - Adding key: http://localhost:44237 for channel [id: 0x3cd35f84, L:/127.0.0.1:62537 - R:localhost/127.0.0.1:44237]
01:47:53.306 [Forwarding clickElement on session f48cf9a0475c71be6b95e5f0cbbff58a to remote] DEBUG org.asynchttpclient.netty.request.NettyRequestSender - Using pooled Channel '[id: 0x3cd35f84, L:/127.0.0.1:62537 - R:localhost/127.0.0.1:44237]' for 'POST' to 'http://localhost:44237/session/f48cf9a0475c71be6b95e5f0cbbff58a/element/f.194DC57FC7C036C76FBA2BC25E22CD3D.d.C3D4149BF462C30D10A4E6317988BACD.e.68/click'
01:47:53.306 [Forwarding clickElement on session f48cf9a0475c71be6b95e5f0cbbff58a to remote] DEBUG org.asynchttpclient.netty.request.NettyRequestSender - Using open Channel [id: 0x3cd35f84, L:/127.0.0.1:62537 - R:localhost/127.0.0.1:44237] for POST '/session/f48cf9a0475c71be6b95e5f0cbbff58a/element/f.194DC57FC7C036C76FBA2BC25E22CD3D.d.C3D4149BF462C30D10A4E6317988BACD.e.68/click'
01:47:53.426 [AsyncHttpClient-1-5] DEBUG org.asynchttpclient.netty.handler.HttpHandler - 

Request DefaultHttpRequest(decodeResult: success, version: HTTP/1.1)
POST /session/f48cf9a0475c71be6b95e5f0cbbff58a/element/f.194DC57FC7C036C76FBA2BC25E22CD3D.d.C3D4149BF462C30D10A4E6317988BACD.e.68/click HTTP/1.1
User-Agent: selenium/4.12.0 (java windows)
Content-Length: 88
Content-Type: application/json; charset=utf-8
host: localhost:44237
accept: */*

Response DefaultHttpResponse(decodeResult: success, version: HTTP/1.1)
HTTP/1.1 200 OK
Content-Length: 14
Content-Type: application/json; charset=utf-8
cache-control: no-cache

01:47:53.426 [AsyncHttpClient-1-5] DEBUG org.asynchttpclient.netty.channel.ChannelManager - Adding key: http://localhost:44237 for channel [id: 0x3cd35f84, L:/127.0.0.1:62537 - R:localhost/127.0.0.1:44237]
Add first 1
  And Provide billing details NA                                         # StepDefination.My_Load.Provide_billing_details(java.lang.String)
01:47:53.614 [AsyncHttpClient-1-1] DEBUG org.asynchttpclient.netty.channel.DefaultChannelPool - Entry count for : http://localhost:62538 : 1
01:47:53.614 [AsyncHttpClient-1-1] DEBUG org.asynchttpclient.netty.channel.DefaultChannelPool - Entry count for : http://localhost:44237 : 1
01:47:53.943 [Forwarding findElement on session f48cf9a0475c71be6b95e5f0cbbff58a to remote] DEBUG org.asynchttpclient.netty.request.NettyRequestSender - Using pooled Channel '[id: 0x3cd35f84, L:/127.0.0.1:62537 - R:localhost/127.0.0.1:44237]' for 'POST' to 'http://localhost:44237/session/f48cf9a0475c71be6b95e5f0cbbff58a/element'
01:47:53.943 [Forwarding findElement on session f48cf9a0475c71be6b95e5f0cbbff58a to remote] DEBUG org.asynchttpclient.netty.request.NettyRequestSender - Using open Channel [id: 0x3cd35f84, L:/127.0.0.1:62537 - R:localhost/127.0.0.1:44237] for POST '/session/f48cf9a0475c71be6b95e5f0cbbff58a/element'
01:47:53.967 [AsyncHttpClient-1-5] DEBUG org.asynchttpclient.netty.handler.HttpHandler - 

Request DefaultHttpRequest(decodeResult: success, version: HTTP/1.1)
POST /session/f48cf9a0475c71be6b95e5f0cbbff58a/element HTTP/1.1
User-Agent: selenium/4.12.0 (java windows)
Content-Length: 86
Content-Type: application/json; charset=utf-8
host: localhost:44237
accept: */*

Response DefaultHttpResponse(decodeResult: success, version: HTTP/1.1)
HTTP/1.1 200 OK
Content-Length: 126
Content-Type: application/json; charset=utf-8
cache-control: no-cache

01:47:53.969 [AsyncHttpClient-1-5] DEBUG org.asynchttpclient.netty.channel.ChannelManager - Adding key: http://localhost:44237 for channel [id: 0x3cd35f84, L:/127.0.0.1:62537 - R:localhost/127.0.0.1:44237]
01:47:53.971 [Forwarding sendKeysToElement on session f48cf9a0475c71be6b95e5f0cbbff58a to remote] DEBUG org.asynchttpclient.netty.request.NettyRequestSender - Using pooled Channel '[id: 0x3cd35f84, L:/127.0.0.1:62537 - R:localhost/127.0.0.1:44237]' for 'POST' to 'http://localhost:44237/session/f48cf9a0475c71be6b95e5f0cbbff58a/element/f.194DC57FC7C036C76FBA2BC25E22CD3D.d.C3D4149BF462C30D10A4E6317988BACD.e.51/value'
01:47:53.971 [Forwarding sendKeysToElement on session f48cf9a0475c71be6b95e5f0cbbff58a to remote] DEBUG org.asynchttpclient.netty.request.NettyRequestSender - Using open Channel [id: 0x3cd35f84, L:/127.0.0.1:62537 - R:localhost/127.0.0.1:44237] for POST '/session/f48cf9a0475c71be6b95e5f0cbbff58a/element/f.194DC57FC7C036C76FBA2BC25E22CD3D.d.C3D4149BF462C30D10A4E6317988BACD.e.51/value'
01:47:54.086 [AsyncHttpClient-1-5] DEBUG org.asynchttpclient.netty.handler.HttpHandler - 

Request DefaultHttpRequest(decodeResult: success, version: HTTP/1.1)
POST /session/f48cf9a0475c71be6b95e5f0cbbff58a/element/f.194DC57FC7C036C76FBA2BC25E22CD3D.d.C3D4149BF462C30D10A4E6317988BACD.e.51/value HTTP/1.1
User-Agent: selenium/4.12.0 (java windows)
Content-Length: 159
Content-Type: application/json; charset=utf-8
host: localhost:44237
accept: */*

Response DefaultHttpResponse(decodeResult: success, version: HTTP/1.1)
HTTP/1.1 200 OK
Content-Length: 14
Content-Type: application/json; charset=utf-8
cache-control: no-cache

01:47:54.086 [AsyncHttpClient-1-5] DEBUG org.asynchttpclient.netty.channel.ChannelManager - Adding key: http://localhost:44237 for channel [id: 0x3cd35f84, L:/127.0.0.1:62537 - R:localhost/127.0.0.1:44237]
01:47:54.090 [Forwarding findElement on session f48cf9a0475c71be6b95e5f0cbbff58a to remote] DEBUG org.asynchttpclient.netty.request.NettyRequestSender - Using pooled Channel '[id: 0x3cd35f84, L:/127.0.0.1:62537 - R:localhost/127.0.0.1:44237]' for 'POST' to 'http://localhost:44237/session/f48cf9a0475c71be6b95e5f0cbbff58a/element'
01:47:54.090 [Forwarding findElement on session f48cf9a0475c71be6b95e5f0cbbff58a to remote] DEBUG org.asynchttpclient.netty.request.NettyRequestSender - Using open Channel [id: 0x3cd35f84, L:/127.0.0.1:62537 - R:localhost/127.0.0.1:44237] for POST '/session/f48cf9a0475c71be6b95e5f0cbbff58a/element'
01:47:54.122 [AsyncHttpClient-1-5] DEBUG org.asynchttpclient.netty.handler.HttpHandler - 

Request DefaultHttpRequest(decodeResult: success, version: HTTP/1.1)
POST /session/f48cf9a0475c71be6b95e5f0cbbff58a/element HTTP/1.1
User-Agent: selenium/4.12.0 (java windows)
Content-Length: 96
Content-Type: application/json; charset=utf-8
host: localhost:44237
accept: */*

Response DefaultHttpResponse(decodeResult: success, version: HTTP/1.1)
HTTP/1.1 200 OK
Content-Length: 126
Content-Type: application/json; charset=utf-8
cache-control: no-cache

01:47:54.122 [AsyncHttpClient-1-5] DEBUG org.asynchttpclient.netty.channel.ChannelManager - Adding key: http://localhost:44237 for channel [id: 0x3cd35f84, L:/127.0.0.1:62537 - R:localhost/127.0.0.1:44237]
01:47:54.136 [Forwarding actions on session f48cf9a0475c71be6b95e5f0cbbff58a to remote] DEBUG org.asynchttpclient.netty.request.NettyRequestSender - Using pooled Channel '[id: 0x3cd35f84, L:/127.0.0.1:62537 - R:localhost/127.0.0.1:44237]' for 'POST' to 'http://localhost:44237/session/f48cf9a0475c71be6b95e5f0cbbff58a/actions'
01:47:54.137 [Forwarding actions on session f48cf9a0475c71be6b95e5f0cbbff58a to remote] DEBUG org.asynchttpclient.netty.request.NettyRequestSender - Using open Channel [id: 0x3cd35f84, L:/127.0.0.1:62537 - R:localhost/127.0.0.1:44237] for POST '/session/f48cf9a0475c71be6b95e5f0cbbff58a/actions'
01:47:54.306 [AsyncHttpClient-1-5] DEBUG org.asynchttpclient.netty.handler.HttpHandler - 

Request DefaultHttpRequest(decodeResult: success, version: HTTP/1.1)
POST /session/f48cf9a0475c71be6b95e5f0cbbff58a/actions HTTP/1.1
User-Agent: selenium/4.12.0 (java windows)
Content-Length: 605
Content-Type: application/json; charset=utf-8
host: localhost:44237
accept: */*

Response DefaultHttpResponse(decodeResult: success, version: HTTP/1.1)
HTTP/1.1 200 OK
Content-Length: 14
Content-Type: application/json; charset=utf-8
cache-control: no-cache

01:47:54.306 [AsyncHttpClient-1-5] DEBUG org.asynchttpclient.netty.channel.ChannelManager - Adding key: http://localhost:44237 for channel [id: 0x3cd35f84, L:/127.0.0.1:62537 - R:localhost/127.0.0.1:44237]
01:47:54.707 [AsyncHttpClient-1-1] DEBUG org.asynchttpclient.netty.channel.DefaultChannelPool - Entry count for : http://localhost:62538 : 1
01:47:54.707 [AsyncHttpClient-1-1] DEBUG org.asynchttpclient.netty.channel.DefaultChannelPool - Entry count for : http://localhost:44237 : 1
  And Provide multiples_Po_number 1144 1                                 # StepDefination.My_Load.Provide_multiples_Po_number(java.lang.String,int)
01:47:55.814 [AsyncHttpClient-1-1] DEBUG org.asynchttpclient.netty.channel.DefaultChannelPool - Entry count for : http://localhost:62538 : 1
01:47:55.815 [AsyncHttpClient-1-1] DEBUG org.asynchttpclient.netty.channel.DefaultChannelPool - Entry count for : http://localhost:44237 : 1
01:47:55.840 [Forwarding findElement on session f48cf9a0475c71be6b95e5f0cbbff58a to remote] DEBUG org.asynchttpclient.netty.request.NettyRequestSender - Using pooled Channel '[id: 0x3cd35f84, L:/127.0.0.1:62537 - R:localhost/127.0.0.1:44237]' for 'POST' to 'http://localhost:44237/session/f48cf9a0475c71be6b95e5f0cbbff58a/element'
01:47:55.840 [Forwarding findElement on session f48cf9a0475c71be6b95e5f0cbbff58a to remote] DEBUG org.asynchttpclient.netty.request.NettyRequestSender - Using open Channel [id: 0x3cd35f84, L:/127.0.0.1:62537 - R:localhost/127.0.0.1:44237] for POST '/session/f48cf9a0475c71be6b95e5f0cbbff58a/element'
01:47:55.866 [AsyncHttpClient-1-5] DEBUG org.asynchttpclient.netty.handler.HttpHandler - 

Request DefaultHttpRequest(decodeResult: success, version: HTTP/1.1)
POST /session/f48cf9a0475c71be6b95e5f0cbbff58a/element HTTP/1.1
User-Agent: selenium/4.12.0 (java windows)
Content-Length: 130
Content-Type: application/json; charset=utf-8
host: localhost:44237
accept: */*

Response DefaultHttpResponse(decodeResult: success, version: HTTP/1.1)
HTTP/1.1 200 OK
Content-Length: 126
Content-Type: application/json; charset=utf-8
cache-control: no-cache

01:47:55.871 [AsyncHttpClient-1-5] DEBUG org.asynchttpclient.netty.channel.ChannelManager - Adding key: http://localhost:44237 for channel [id: 0x3cd35f84, L:/127.0.0.1:62537 - R:localhost/127.0.0.1:44237]
01:47:55.872 [Forwarding clickElement on session f48cf9a0475c71be6b95e5f0cbbff58a to remote] DEBUG org.asynchttpclient.netty.request.NettyRequestSender - Using pooled Channel '[id: 0x3cd35f84, L:/127.0.0.1:62537 - R:localhost/127.0.0.1:44237]' for 'POST' to 'http://localhost:44237/session/f48cf9a0475c71be6b95e5f0cbbff58a/element/f.194DC57FC7C036C76FBA2BC25E22CD3D.d.C3D4149BF462C30D10A4E6317988BACD.e.89/click'
01:47:55.872 [Forwarding clickElement on session f48cf9a0475c71be6b95e5f0cbbff58a to remote] DEBUG org.asynchttpclient.netty.request.NettyRequestSender - Using open Channel [id: 0x3cd35f84, L:/127.0.0.1:62537 - R:localhost/127.0.0.1:44237] for POST '/session/f48cf9a0475c71be6b95e5f0cbbff58a/element/f.194DC57FC7C036C76FBA2BC25E22CD3D.d.C3D4149BF462C30D10A4E6317988BACD.e.89/click'
01:47:56.028 [AsyncHttpClient-1-5] DEBUG org.asynchttpclient.netty.handler.HttpHandler - 

Request DefaultHttpRequest(decodeResult: success, version: HTTP/1.1)
POST /session/f48cf9a0475c71be6b95e5f0cbbff58a/element/f.194DC57FC7C036C76FBA2BC25E22CD3D.d.C3D4149BF462C30D10A4E6317988BACD.e.89/click HTTP/1.1
User-Agent: selenium/4.12.0 (java windows)
Content-Length: 88
Content-Type: application/json; charset=utf-8
host: localhost:44237
accept: */*

Response DefaultHttpResponse(decodeResult: success, version: HTTP/1.1)
HTTP/1.1 200 OK
Content-Length: 14
Content-Type: application/json; charset=utf-8
cache-control: no-cache

01:47:56.028 [AsyncHttpClient-1-5] DEBUG org.asynchttpclient.netty.channel.ChannelManager - Adding key: http://localhost:44237 for channel [id: 0x3cd35f84, L:/127.0.0.1:62537 - R:localhost/127.0.0.1:44237]
01:47:56.537 [Forwarding findElement on session f48cf9a0475c71be6b95e5f0cbbff58a to remote] DEBUG org.asynchttpclient.netty.request.NettyRequestSender - Using pooled Channel '[id: 0x3cd35f84, L:/127.0.0.1:62537 - R:localhost/127.0.0.1:44237]' for 'POST' to 'http://localhost:44237/session/f48cf9a0475c71be6b95e5f0cbbff58a/element'
01:47:56.537 [Forwarding findElement on session f48cf9a0475c71be6b95e5f0cbbff58a to remote] DEBUG org.asynchttpclient.netty.request.NettyRequestSender - Using open Channel [id: 0x3cd35f84, L:/127.0.0.1:62537 - R:localhost/127.0.0.1:44237] for POST '/session/f48cf9a0475c71be6b95e5f0cbbff58a/element'
01:47:56.546 [AsyncHttpClient-1-5] DEBUG org.asynchttpclient.netty.handler.HttpHandler - 

Request DefaultHttpRequest(decodeResult: success, version: HTTP/1.1)
POST /session/f48cf9a0475c71be6b95e5f0cbbff58a/element HTTP/1.1
User-Agent: selenium/4.12.0 (java windows)
Content-Length: 130
Content-Type: application/json; charset=utf-8
host: localhost:44237
accept: */*

Response DefaultHttpResponse(decodeResult: success, version: HTTP/1.1)
HTTP/1.1 200 OK
Content-Length: 126
Content-Type: application/json; charset=utf-8
cache-control: no-cache

01:47:56.546 [AsyncHttpClient-1-5] DEBUG org.asynchttpclient.netty.channel.ChannelManager - Adding key: http://localhost:44237 for channel [id: 0x3cd35f84, L:/127.0.0.1:62537 - R:localhost/127.0.0.1:44237]
01:47:56.553 [Forwarding clickElement on session f48cf9a0475c71be6b95e5f0cbbff58a to remote] DEBUG org.asynchttpclient.netty.request.NettyRequestSender - Using pooled Channel '[id: 0x3cd35f84, L:/127.0.0.1:62537 - R:localhost/127.0.0.1:44237]' for 'POST' to 'http://localhost:44237/session/f48cf9a0475c71be6b95e5f0cbbff58a/element/f.194DC57FC7C036C76FBA2BC25E22CD3D.d.C3D4149BF462C30D10A4E6317988BACD.e.93/click'
01:47:56.553 [Forwarding clickElement on session f48cf9a0475c71be6b95e5f0cbbff58a to remote] DEBUG org.asynchttpclient.netty.request.NettyRequestSender - Using open Channel [id: 0x3cd35f84, L:/127.0.0.1:62537 - R:localhost/127.0.0.1:44237] for POST '/session/f48cf9a0475c71be6b95e5f0cbbff58a/element/f.194DC57FC7C036C76FBA2BC25E22CD3D.d.C3D4149BF462C30D10A4E6317988BACD.e.93/click'
01:47:56.628 [AsyncHttpClient-1-5] DEBUG org.asynchttpclient.netty.handler.HttpHandler - 

Request DefaultHttpRequest(decodeResult: success, version: HTTP/1.1)
POST /session/f48cf9a0475c71be6b95e5f0cbbff58a/element/f.194DC57FC7C036C76FBA2BC25E22CD3D.d.C3D4149BF462C30D10A4E6317988BACD.e.93/click HTTP/1.1
User-Agent: selenium/4.12.0 (java windows)
Content-Length: 88
Content-Type: application/json; charset=utf-8
host: localhost:44237
accept: */*

Response DefaultHttpResponse(decodeResult: success, version: HTTP/1.1)
HTTP/1.1 200 OK
Content-Length: 14
Content-Type: application/json; charset=utf-8
cache-control: no-cache

01:47:56.628 [AsyncHttpClient-1-5] DEBUG org.asynchttpclient.netty.channel.ChannelManager - Adding key: http://localhost:44237 for channel [id: 0x3cd35f84, L:/127.0.0.1:62537 - R:localhost/127.0.0.1:44237]
01:47:56.915 [AsyncHttpClient-1-1] DEBUG org.asynchttpclient.netty.channel.DefaultChannelPool - Entry count for : http://localhost:62538 : 1
01:47:56.915 [AsyncHttpClient-1-1] DEBUG org.asynchttpclient.netty.channel.DefaultChannelPool - Entry count for : http://localhost:44237 : 1
01:47:57.153 [Forwarding findElement on session f48cf9a0475c71be6b95e5f0cbbff58a to remote] DEBUG org.asynchttpclient.netty.request.NettyRequestSender - Using pooled Channel '[id: 0x3cd35f84, L:/127.0.0.1:62537 - R:localhost/127.0.0.1:44237]' for 'POST' to 'http://localhost:44237/session/f48cf9a0475c71be6b95e5f0cbbff58a/element'
01:47:57.154 [Forwarding findElement on session f48cf9a0475c71be6b95e5f0cbbff58a to remote] DEBUG org.asynchttpclient.netty.request.NettyRequestSender - Using open Channel [id: 0x3cd35f84, L:/127.0.0.1:62537 - R:localhost/127.0.0.1:44237] for POST '/session/f48cf9a0475c71be6b95e5f0cbbff58a/element'
01:47:57.266 [AsyncHttpClient-1-5] DEBUG org.asynchttpclient.netty.handler.HttpHandler - 

Request DefaultHttpRequest(decodeResult: success, version: HTTP/1.1)
POST /session/f48cf9a0475c71be6b95e5f0cbbff58a/element HTTP/1.1
User-Agent: selenium/4.12.0 (java windows)
Content-Length: 130
Content-Type: application/json; charset=utf-8
host: localhost:44237
accept: */*

Response DefaultHttpResponse(decodeResult: success, version: HTTP/1.1)
HTTP/1.1 200 OK
Content-Length: 126
Content-Type: application/json; charset=utf-8
cache-control: no-cache

01:47:57.266 [AsyncHttpClient-1-5] DEBUG org.asynchttpclient.netty.channel.ChannelManager - Adding key: http://localhost:44237 for channel [id: 0x3cd35f84, L:/127.0.0.1:62537 - R:localhost/127.0.0.1:44237]
01:47:57.273 [Forwarding clickElement on session f48cf9a0475c71be6b95e5f0cbbff58a to remote] DEBUG org.asynchttpclient.netty.request.NettyRequestSender - Using pooled Channel '[id: 0x3cd35f84, L:/127.0.0.1:62537 - R:localhost/127.0.0.1:44237]' for 'POST' to 'http://localhost:44237/session/f48cf9a0475c71be6b95e5f0cbbff58a/element/f.194DC57FC7C036C76FBA2BC25E22CD3D.d.C3D4149BF462C30D10A4E6317988BACD.e.93/click'
01:47:57.273 [Forwarding clickElement on session f48cf9a0475c71be6b95e5f0cbbff58a to remote] DEBUG org.asynchttpclient.netty.request.NettyRequestSender - Using open Channel [id: 0x3cd35f84, L:/127.0.0.1:62537 - R:localhost/127.0.0.1:44237] for POST '/session/f48cf9a0475c71be6b95e5f0cbbff58a/element/f.194DC57FC7C036C76FBA2BC25E22CD3D.d.C3D4149BF462C30D10A4E6317988BACD.e.93/click'
01:47:57.418 [AsyncHttpClient-1-5] DEBUG org.asynchttpclient.netty.handler.HttpHandler - 

Request DefaultHttpRequest(decodeResult: success, version: HTTP/1.1)
POST /session/f48cf9a0475c71be6b95e5f0cbbff58a/element/f.194DC57FC7C036C76FBA2BC25E22CD3D.d.C3D4149BF462C30D10A4E6317988BACD.e.93/click HTTP/1.1
User-Agent: selenium/4.12.0 (java windows)
Content-Length: 88
Content-Type: application/json; charset=utf-8
host: localhost:44237
accept: */*

Response DefaultHttpResponse(decodeResult: success, version: HTTP/1.1)
HTTP/1.1 200 OK
Content-Length: 14
Content-Type: application/json; charset=utf-8
cache-control: no-cache

01:47:57.418 [AsyncHttpClient-1-5] DEBUG org.asynchttpclient.netty.channel.ChannelManager - Adding key: http://localhost:44237 for channel [id: 0x3cd35f84, L:/127.0.0.1:62537 - R:localhost/127.0.0.1:44237]
01:47:57.932 [Forwarding findElement on session f48cf9a0475c71be6b95e5f0cbbff58a to remote] DEBUG org.asynchttpclient.netty.request.NettyRequestSender - Using pooled Channel '[id: 0x3cd35f84, L:/127.0.0.1:62537 - R:localhost/127.0.0.1:44237]' for 'POST' to 'http://localhost:44237/session/f48cf9a0475c71be6b95e5f0cbbff58a/element'
01:47:57.932 [Forwarding findElement on session f48cf9a0475c71be6b95e5f0cbbff58a to remote] DEBUG org.asynchttpclient.netty.request.NettyRequestSender - Using open Channel [id: 0x3cd35f84, L:/127.0.0.1:62537 - R:localhost/127.0.0.1:44237] for POST '/session/f48cf9a0475c71be6b95e5f0cbbff58a/element'
01:47:57.948 [AsyncHttpClient-1-5] DEBUG org.asynchttpclient.netty.handler.HttpHandler - 

Request DefaultHttpRequest(decodeResult: success, version: HTTP/1.1)
POST /session/f48cf9a0475c71be6b95e5f0cbbff58a/element HTTP/1.1
User-Agent: selenium/4.12.0 (java windows)
Content-Length: 130
Content-Type: application/json; charset=utf-8
host: localhost:44237
accept: */*

Response DefaultHttpResponse(decodeResult: success, version: HTTP/1.1)
HTTP/1.1 200 OK
Content-Length: 126
Content-Type: application/json; charset=utf-8
cache-control: no-cache

01:47:57.948 [AsyncHttpClient-1-5] DEBUG org.asynchttpclient.netty.channel.ChannelManager - Adding key: http://localhost:44237 for channel [id: 0x3cd35f84, L:/127.0.0.1:62537 - R:localhost/127.0.0.1:44237]
01:47:57.956 [Forwarding clickElement on session f48cf9a0475c71be6b95e5f0cbbff58a to remote] DEBUG org.asynchttpclient.netty.request.NettyRequestSender - Using pooled Channel '[id: 0x3cd35f84, L:/127.0.0.1:62537 - R:localhost/127.0.0.1:44237]' for 'POST' to 'http://localhost:44237/session/f48cf9a0475c71be6b95e5f0cbbff58a/element/f.194DC57FC7C036C76FBA2BC25E22CD3D.d.C3D4149BF462C30D10A4E6317988BACD.e.93/click'
01:47:57.956 [Forwarding clickElement on session f48cf9a0475c71be6b95e5f0cbbff58a to remote] DEBUG org.asynchttpclient.netty.request.NettyRequestSender - Using open Channel [id: 0x3cd35f84, L:/127.0.0.1:62537 - R:localhost/127.0.0.1:44237] for POST '/session/f48cf9a0475c71be6b95e5f0cbbff58a/element/f.194DC57FC7C036C76FBA2BC25E22CD3D.d.C3D4149BF462C30D10A4E6317988BACD.e.93/click'
01:47:58.012 [AsyncHttpClient-1-1] DEBUG org.asynchttpclient.netty.channel.DefaultChannelPool - Entry count for : http://localhost:62538 : 1
01:47:58.084 [AsyncHttpClient-1-5] DEBUG org.asynchttpclient.netty.handler.HttpHandler - 

Request DefaultHttpRequest(decodeResult: success, version: HTTP/1.1)
POST /session/f48cf9a0475c71be6b95e5f0cbbff58a/element/f.194DC57FC7C036C76FBA2BC25E22CD3D.d.C3D4149BF462C30D10A4E6317988BACD.e.93/click HTTP/1.1
User-Agent: selenium/4.12.0 (java windows)
Content-Length: 88
Content-Type: application/json; charset=utf-8
host: localhost:44237
accept: */*

Response DefaultHttpResponse(decodeResult: success, version: HTTP/1.1)
HTTP/1.1 200 OK
Content-Length: 14
Content-Type: application/json; charset=utf-8
cache-control: no-cache

01:47:58.084 [AsyncHttpClient-1-5] DEBUG org.asynchttpclient.netty.channel.ChannelManager - Adding key: http://localhost:44237 for channel [id: 0x3cd35f84, L:/127.0.0.1:62537 - R:localhost/127.0.0.1:44237]
  And Delete_Po_number 1                                                 # StepDefination.My_Load.Provide_Po_number(java.lang.String)
01:47:58.602 [Forwarding findElement on session f48cf9a0475c71be6b95e5f0cbbff58a to remote] DEBUG org.asynchttpclient.netty.request.NettyRequestSender - Using pooled Channel '[id: 0x3cd35f84, L:/127.0.0.1:62537 - R:localhost/127.0.0.1:44237]' for 'POST' to 'http://localhost:44237/session/f48cf9a0475c71be6b95e5f0cbbff58a/element'
01:47:58.602 [Forwarding findElement on session f48cf9a0475c71be6b95e5f0cbbff58a to remote] DEBUG org.asynchttpclient.netty.request.NettyRequestSender - Using open Channel [id: 0x3cd35f84, L:/127.0.0.1:62537 - R:localhost/127.0.0.1:44237] for POST '/session/f48cf9a0475c71be6b95e5f0cbbff58a/element'
01:47:58.642 [AsyncHttpClient-1-5] DEBUG org.asynchttpclient.netty.handler.HttpHandler - 

Request DefaultHttpRequest(decodeResult: success, version: HTTP/1.1)
POST /session/f48cf9a0475c71be6b95e5f0cbbff58a/element HTTP/1.1
User-Agent: selenium/4.12.0 (java windows)
Content-Length: 98
Content-Type: application/json; charset=utf-8
host: localhost:44237
accept: */*

Response DefaultHttpResponse(decodeResult: success, version: HTTP/1.1)
HTTP/1.1 200 OK
Content-Length: 126
Content-Type: application/json; charset=utf-8
cache-control: no-cache

01:47:58.642 [AsyncHttpClient-1-5] DEBUG org.asynchttpclient.netty.channel.ChannelManager - Adding key: http://localhost:44237 for channel [id: 0x3cd35f84, L:/127.0.0.1:62537 - R:localhost/127.0.0.1:44237]
01:47:58.642 [Forwarding sendKeysToElement on session f48cf9a0475c71be6b95e5f0cbbff58a to remote] DEBUG org.asynchttpclient.netty.request.NettyRequestSender - Using pooled Channel '[id: 0x3cd35f84, L:/127.0.0.1:62537 - R:localhost/127.0.0.1:44237]' for 'POST' to 'http://localhost:44237/session/f48cf9a0475c71be6b95e5f0cbbff58a/element/f.194DC57FC7C036C76FBA2BC25E22CD3D.d.C3D4149BF462C30D10A4E6317988BACD.e.52/value'
01:47:58.642 [Forwarding sendKeysToElement on session f48cf9a0475c71be6b95e5f0cbbff58a to remote] DEBUG org.asynchttpclient.netty.request.NettyRequestSender - Using open Channel [id: 0x3cd35f84, L:/127.0.0.1:62537 - R:localhost/127.0.0.1:44237] for POST '/session/f48cf9a0475c71be6b95e5f0cbbff58a/element/f.194DC57FC7C036C76FBA2BC25E22CD3D.d.C3D4149BF462C30D10A4E6317988BACD.e.52/value'
01:47:58.984 [AsyncHttpClient-1-5] DEBUG org.asynchttpclient.netty.handler.HttpHandler - 

Request DefaultHttpRequest(decodeResult: success, version: HTTP/1.1)
POST /session/f48cf9a0475c71be6b95e5f0cbbff58a/element/f.194DC57FC7C036C76FBA2BC25E22CD3D.d.C3D4149BF462C30D10A4E6317988BACD.e.52/value HTTP/1.1
User-Agent: selenium/4.12.0 (java windows)
Content-Length: 169
Content-Type: application/json; charset=utf-8
host: localhost:44237
accept: */*

Response DefaultHttpResponse(decodeResult: success, version: HTTP/1.1)
HTTP/1.1 200 OK
Content-Length: 14
Content-Type: application/json; charset=utf-8
cache-control: no-cache

01:47:58.984 [AsyncHttpClient-1-5] DEBUG org.asynchttpclient.netty.channel.ChannelManager - Adding key: http://localhost:44237 for channel [id: 0x3cd35f84, L:/127.0.0.1:62537 - R:localhost/127.0.0.1:44237]
  And Provide order_number 23142                                         # StepDefination.My_Load.Provide_order_number(java.lang.String)
01:47:59.108 [AsyncHttpClient-1-1] DEBUG org.asynchttpclient.netty.channel.DefaultChannelPool - Entry count for : http://localhost:62538 : 1
01:47:59.109 [AsyncHttpClient-1-1] DEBUG org.asynchttpclient.netty.channel.DefaultChannelPool - Entry count for : http://localhost:44237 : 1
01:47:59.507 [Forwarding findElement on session f48cf9a0475c71be6b95e5f0cbbff58a to remote] DEBUG org.asynchttpclient.netty.request.NettyRequestSender - Using pooled Channel '[id: 0x3cd35f84, L:/127.0.0.1:62537 - R:localhost/127.0.0.1:44237]' for 'POST' to 'http://localhost:44237/session/f48cf9a0475c71be6b95e5f0cbbff58a/element'
01:47:59.507 [Forwarding findElement on session f48cf9a0475c71be6b95e5f0cbbff58a to remote] DEBUG org.asynchttpclient.netty.request.NettyRequestSender - Using open Channel [id: 0x3cd35f84, L:/127.0.0.1:62537 - R:localhost/127.0.0.1:44237] for POST '/session/f48cf9a0475c71be6b95e5f0cbbff58a/element'
01:47:59.540 [AsyncHttpClient-1-5] DEBUG org.asynchttpclient.netty.handler.HttpHandler - 

Request DefaultHttpRequest(decodeResult: success, version: HTTP/1.1)
POST /session/f48cf9a0475c71be6b95e5f0cbbff58a/element HTTP/1.1
User-Agent: selenium/4.12.0 (java windows)
Content-Length: 78
Content-Type: application/json; charset=utf-8
host: localhost:44237
accept: */*

Response DefaultHttpResponse(decodeResult: success, version: HTTP/1.1)
HTTP/1.1 200 OK
Content-Length: 126
Content-Type: application/json; charset=utf-8
cache-control: no-cache

01:47:59.540 [AsyncHttpClient-1-5] DEBUG org.asynchttpclient.netty.channel.ChannelManager - Adding key: http://localhost:44237 for channel [id: 0x3cd35f84, L:/127.0.0.1:62537 - R:localhost/127.0.0.1:44237]
01:47:59.548 [Forwarding actions on session f48cf9a0475c71be6b95e5f0cbbff58a to remote] DEBUG org.asynchttpclient.netty.request.NettyRequestSender - Using pooled Channel '[id: 0x3cd35f84, L:/127.0.0.1:62537 - R:localhost/127.0.0.1:44237]' for 'POST' to 'http://localhost:44237/session/f48cf9a0475c71be6b95e5f0cbbff58a/actions'
01:47:59.548 [Forwarding actions on session f48cf9a0475c71be6b95e5f0cbbff58a to remote] DEBUG org.asynchttpclient.netty.request.NettyRequestSender - Using open Channel [id: 0x3cd35f84, L:/127.0.0.1:62537 - R:localhost/127.0.0.1:44237] for POST '/session/f48cf9a0475c71be6b95e5f0cbbff58a/actions'
01:47:59.741 [AsyncHttpClient-1-5] DEBUG org.asynchttpclient.netty.handler.HttpHandler - 

Request DefaultHttpRequest(decodeResult: success, version: HTTP/1.1)
POST /session/f48cf9a0475c71be6b95e5f0cbbff58a/actions HTTP/1.1
User-Agent: selenium/4.12.0 (java windows)
Content-Length: 605
Content-Type: application/json; charset=utf-8
host: localhost:44237
accept: */*

Response DefaultHttpResponse(decodeResult: success, version: HTTP/1.1)
HTTP/1.1 200 OK
Content-Length: 14
Content-Type: application/json; charset=utf-8
cache-control: no-cache

01:47:59.741 [AsyncHttpClient-1-5] DEBUG org.asynchttpclient.netty.channel.ChannelManager - Adding key: http://localhost:44237 for channel [id: 0x3cd35f84, L:/127.0.0.1:62537 - R:localhost/127.0.0.1:44237]
  And Provide perticuler shipping Fast Shipping                          # StepDefination.My_Load.Provide_shipping_type(java.lang.String)
01:48:00.208 [AsyncHttpClient-1-1] DEBUG org.asynchttpclient.netty.channel.DefaultChannelPool - Entry count for : http://localhost:62538 : 1
01:48:00.208 [AsyncHttpClient-1-1] DEBUG org.asynchttpclient.netty.channel.DefaultChannelPool - Entry count for : http://localhost:44237 : 1
01:48:00.257 [Forwarding findElement on session f48cf9a0475c71be6b95e5f0cbbff58a to remote] DEBUG org.asynchttpclient.netty.request.NettyRequestSender - Using pooled Channel '[id: 0x3cd35f84, L:/127.0.0.1:62537 - R:localhost/127.0.0.1:44237]' for 'POST' to 'http://localhost:44237/session/f48cf9a0475c71be6b95e5f0cbbff58a/element'
01:48:00.257 [Forwarding findElement on session f48cf9a0475c71be6b95e5f0cbbff58a to remote] DEBUG org.asynchttpclient.netty.request.NettyRequestSender - Using open Channel [id: 0x3cd35f84, L:/127.0.0.1:62537 - R:localhost/127.0.0.1:44237] for POST '/session/f48cf9a0475c71be6b95e5f0cbbff58a/element'
01:48:00.283 [AsyncHttpClient-1-5] DEBUG org.asynchttpclient.netty.handler.HttpHandler - 

Request DefaultHttpRequest(decodeResult: success, version: HTTP/1.1)
POST /session/f48cf9a0475c71be6b95e5f0cbbff58a/element HTTP/1.1
User-Agent: selenium/4.12.0 (java windows)
Content-Length: 86
Content-Type: application/json; charset=utf-8
host: localhost:44237
accept: */*

Response DefaultHttpResponse(decodeResult: success, version: HTTP/1.1)
HTTP/1.1 200 OK
Content-Length: 126
Content-Type: application/json; charset=utf-8
cache-control: no-cache

01:48:00.283 [AsyncHttpClient-1-5] DEBUG org.asynchttpclient.netty.channel.ChannelManager - Adding key: http://localhost:44237 for channel [id: 0x3cd35f84, L:/127.0.0.1:62537 - R:localhost/127.0.0.1:44237]
01:48:00.290 [Forwarding clickElement on session f48cf9a0475c71be6b95e5f0cbbff58a to remote] DEBUG org.asynchttpclient.netty.request.NettyRequestSender - Using pooled Channel '[id: 0x3cd35f84, L:/127.0.0.1:62537 - R:localhost/127.0.0.1:44237]' for 'POST' to 'http://localhost:44237/session/f48cf9a0475c71be6b95e5f0cbbff58a/element/f.194DC57FC7C036C76FBA2BC25E22CD3D.d.C3D4149BF462C30D10A4E6317988BACD.e.99/click'
01:48:00.290 [Forwarding clickElement on session f48cf9a0475c71be6b95e5f0cbbff58a to remote] DEBUG org.asynchttpclient.netty.request.NettyRequestSender - Using open Channel [id: 0x3cd35f84, L:/127.0.0.1:62537 - R:localhost/127.0.0.1:44237] for POST '/session/f48cf9a0475c71be6b95e5f0cbbff58a/element/f.194DC57FC7C036C76FBA2BC25E22CD3D.d.C3D4149BF462C30D10A4E6317988BACD.e.99/click'
01:48:00.493 [AsyncHttpClient-1-5] DEBUG org.asynchttpclient.netty.handler.HttpHandler - 

Request DefaultHttpRequest(decodeResult: success, version: HTTP/1.1)
POST /session/f48cf9a0475c71be6b95e5f0cbbff58a/element/f.194DC57FC7C036C76FBA2BC25E22CD3D.d.C3D4149BF462C30D10A4E6317988BACD.e.99/click HTTP/1.1
User-Agent: selenium/4.12.0 (java windows)
Content-Length: 88
Content-Type: application/json; charset=utf-8
host: localhost:44237
accept: */*

Response DefaultHttpResponse(decodeResult: success, version: HTTP/1.1)
HTTP/1.1 200 OK
Content-Length: 14
Content-Type: application/json; charset=utf-8
cache-control: no-cache

01:48:00.493 [AsyncHttpClient-1-5] DEBUG org.asynchttpclient.netty.channel.ChannelManager - Adding key: http://localhost:44237 for channel [id: 0x3cd35f84, L:/127.0.0.1:62537 - R:localhost/127.0.0.1:44237]
01:48:01.315 [AsyncHttpClient-1-1] DEBUG org.asynchttpclient.netty.channel.DefaultChannelPool - Entry count for : http://localhost:62538 : 1
01:48:01.315 [AsyncHttpClient-1-1] DEBUG org.asynchttpclient.netty.channel.DefaultChannelPool - Entry count for : http://localhost:44237 : 1
01:48:02.415 [AsyncHttpClient-1-1] DEBUG org.asynchttpclient.netty.channel.DefaultChannelPool - Entry count for : http://localhost:62538 : 1
01:48:02.416 [AsyncHttpClient-1-1] DEBUG org.asynchttpclient.netty.channel.DefaultChannelPool - Entry count for : http://localhost:44237 : 1
01:48:03.508 [AsyncHttpClient-1-1] DEBUG org.asynchttpclient.netty.channel.DefaultChannelPool - Entry count for : http://localhost:62538 : 1
01:48:03.508 [AsyncHttpClient-1-1] DEBUG org.asynchttpclient.netty.channel.DefaultChannelPool - Entry count for : http://localhost:44237 : 1
01:48:04.621 [AsyncHttpClient-1-1] DEBUG org.asynchttpclient.netty.channel.DefaultChannelPool - Entry count for : http://localhost:62538 : 1
01:48:04.621 [AsyncHttpClient-1-1] DEBUG org.asynchttpclient.netty.channel.DefaultChannelPool - Entry count for : http://localhost:44237 : 1
  When Tap on submit button                                              # StepDefination.My_Load.Submit_form()
01:48:05.722 [AsyncHttpClient-1-1] DEBUG org.asynchttpclient.netty.channel.DefaultChannelPool - Entry count for : http://localhost:62538 : 1
01:48:05.722 [AsyncHttpClient-1-1] DEBUG org.asynchttpclient.netty.channel.DefaultChannelPool - Entry count for : http://localhost:44237 : 1
01:48:06.015 [Forwarding findElement on session f48cf9a0475c71be6b95e5f0cbbff58a to remote] DEBUG org.asynchttpclient.netty.request.NettyRequestSender - Using pooled Channel '[id: 0x3cd35f84, L:/127.0.0.1:62537 - R:localhost/127.0.0.1:44237]' for 'POST' to 'http://localhost:44237/session/f48cf9a0475c71be6b95e5f0cbbff58a/element'
01:48:06.015 [Forwarding findElement on session f48cf9a0475c71be6b95e5f0cbbff58a to remote] DEBUG org.asynchttpclient.netty.request.NettyRequestSender - Using open Channel [id: 0x3cd35f84, L:/127.0.0.1:62537 - R:localhost/127.0.0.1:44237] for POST '/session/f48cf9a0475c71be6b95e5f0cbbff58a/element'
01:48:06.040 [AsyncHttpClient-1-5] DEBUG org.asynchttpclient.netty.handler.HttpHandler - 

Request DefaultHttpRequest(decodeResult: success, version: HTTP/1.1)
POST /session/f48cf9a0475c71be6b95e5f0cbbff58a/element HTTP/1.1
User-Agent: selenium/4.12.0 (java windows)
Content-Length: 84
Content-Type: application/json; charset=utf-8
host: localhost:44237
accept: */*

Response DefaultHttpResponse(decodeResult: success, version: HTTP/1.1)
HTTP/1.1 200 OK
Content-Length: 127
Content-Type: application/json; charset=utf-8
cache-control: no-cache

01:48:06.040 [AsyncHttpClient-1-5] DEBUG org.asynchttpclient.netty.channel.ChannelManager - Adding key: http://localhost:44237 for channel [id: 0x3cd35f84, L:/127.0.0.1:62537 - R:localhost/127.0.0.1:44237]
01:48:06.048 [Forwarding isElementDisplayed on session f48cf9a0475c71be6b95e5f0cbbff58a to remote] DEBUG org.asynchttpclient.netty.request.NettyRequestSender - Using pooled Channel '[id: 0x3cd35f84, L:/127.0.0.1:62537 - R:localhost/127.0.0.1:44237]' for 'POST' to 'http://localhost:44237/session/f48cf9a0475c71be6b95e5f0cbbff58a/execute/sync'
01:48:06.048 [Forwarding isElementDisplayed on session f48cf9a0475c71be6b95e5f0cbbff58a to remote] DEBUG org.asynchttpclient.netty.request.NettyRequestSender - Using open Channel [id: 0x3cd35f84, L:/127.0.0.1:62537 - R:localhost/127.0.0.1:44237] for POST '/session/f48cf9a0475c71be6b95e5f0cbbff58a/execute/sync'
01:48:06.073 [AsyncHttpClient-1-5] DEBUG org.asynchttpclient.netty.handler.HttpHandler - 

Request DefaultHttpRequest(decodeResult: success, version: HTTP/1.1)
POST /session/f48cf9a0475c71be6b95e5f0cbbff58a/execute/sync HTTP/1.1
User-Agent: selenium/4.12.0 (java windows)
Content-Length: 48735
Content-Type: application/json; charset=utf-8
host: localhost:44237
accept: */*

Response DefaultHttpResponse(decodeResult: success, version: HTTP/1.1)
HTTP/1.1 200 OK
Content-Length: 14
Content-Type: application/json; charset=utf-8
cache-control: no-cache

01:48:06.073 [AsyncHttpClient-1-5] DEBUG org.asynchttpclient.netty.channel.ChannelManager - Adding key: http://localhost:44237 for channel [id: 0x3cd35f84, L:/127.0.0.1:62537 - R:localhost/127.0.0.1:44237]
Display the error response when user not provide po number 
  Then Display the error response on PO number PO Number is required     # StepDefination.My_Load.verify_PO_Number(java.lang.String)
01:48:06.077 [AsyncHttpClient-1-7] DEBUG org.asynchttpclient.netty.handler.WebSocketHandler - Channel Closed: [id: 0x54dc41e8, L:/127.0.0.1:62546 ! R:localhost/127.0.0.1:62538] with attribute DISCARD
01:48:06.077 [Driver Command Executor] DEBUG org.asynchttpclient.netty.request.NettyRequestSender - Using pooled Channel '[id: 0x3cd35f84, L:/127.0.0.1:62537 - R:localhost/127.0.0.1:44237]' for 'DELETE' to 'http://localhost:44237/session/f48cf9a0475c71be6b95e5f0cbbff58a'
01:48:06.077 [Driver Command Executor] DEBUG org.asynchttpclient.netty.request.NettyRequestSender - Using open Channel [id: 0x3cd35f84, L:/127.0.0.1:62537 - R:localhost/127.0.0.1:44237] for DELETE '/session/f48cf9a0475c71be6b95e5f0cbbff58a'
01:48:06.207 [AsyncHttpClient-1-6] DEBUG org.asynchttpclient.netty.handler.HttpHandler - Unexpected I/O exception on channel [id: 0xad1f08e1, L:/127.0.0.1:62545 - R:localhost/127.0.0.1:62538]
java.net.SocketException: Connection reset
	at java.base/sun.nio.ch.SocketChannelImpl.throwConnectionReset(SocketChannelImpl.java:394)
	at java.base/sun.nio.ch.SocketChannelImpl.read(SocketChannelImpl.java:426)
	at io.netty.buffer.PooledByteBuf.setBytes(PooledByteBuf.java:254)
	at io.netty.buffer.AbstractByteBuf.writeBytes(AbstractByteBuf.java:1132)
	at io.netty.channel.socket.nio.NioSocketChannel.doReadBytes(NioSocketChannel.java:357)
	at io.netty.channel.nio.AbstractNioByteChannel$NioByteUnsafe.read(AbstractNioByteChannel.java:151)
	at io.netty.channel.nio.NioEventLoop.processSelectedKey(NioEventLoop.java:788)
	at io.netty.channel.nio.NioEventLoop.processSelectedKeysOptimized(NioEventLoop.java:724)
	at io.netty.channel.nio.NioEventLoop.processSelectedKeys(NioEventLoop.java:650)
	at io.netty.channel.nio.NioEventLoop.run(NioEventLoop.java:562)
	at io.netty.util.concurrent.SingleThreadEventExecutor$4.run(SingleThreadEventExecutor.java:997)
	at io.netty.util.internal.ThreadExecutorMap$2.run(ThreadExecutorMap.java:74)
	at io.netty.util.concurrent.FastThreadLocalRunnable.run(FastThreadLocalRunnable.java:30)
	at java.base/java.lang.Thread.run(Thread.java:840)
01:48:06.207 [AsyncHttpClient-1-6] DEBUG org.asynchttpclient.netty.channel.ChannelManager - Closing Channel [id: 0xad1f08e1, L:/127.0.0.1:62545 - R:localhost/127.0.0.1:62538] 
01:48:06.207 [AsyncHttpClient-1-6] DEBUG org.asynchttpclient.netty.handler.HttpHandler - Channel Closed: [id: 0xad1f08e1, L:/127.0.0.1:62545 ! R:localhost/127.0.0.1:62538] with attribute DISCARD
01:48:06.243 [AsyncHttpClient-1-5] DEBUG org.asynchttpclient.netty.handler.HttpHandler - 

Request DefaultFullHttpRequest(decodeResult: success, version: HTTP/1.1, content: EmptyByteBufBE)
DELETE /session/f48cf9a0475c71be6b95e5f0cbbff58a HTTP/1.1
User-Agent: selenium/4.12.0 (java windows)
Content-Type: application/json; charset=utf-8
host: localhost:44237
accept: */*

Response DefaultHttpResponse(decodeResult: success, version: HTTP/1.1)
HTTP/1.1 200 OK
Content-Length: 14
Content-Type: application/json; charset=utf-8
cache-control: no-cache

01:48:06.243 [AsyncHttpClient-1-5] DEBUG org.asynchttpclient.netty.channel.ChannelManager - Adding key: http://localhost:44237 for channel [id: 0x3cd35f84, L:/127.0.0.1:62537 - R:localhost/127.0.0.1:44237]
01:48:06.823 [AsyncHttpClient-1-1] DEBUG org.asynchttpclient.netty.channel.DefaultChannelPool - Entry count for : http://localhost:62538 : 1
01:48:06.824 [AsyncHttpClient-1-1] DEBUG org.asynchttpclient.netty.channel.DefaultChannelPool - Entry count for : http://localhost:44237 : 1
01:48:06.824 [AsyncHttpClient-1-1] DEBUG org.asynchttpclient.netty.channel.DefaultChannelPool - Adding Candidate expired Channel [id: 0xad1f08e1, L:/127.0.0.1:62545 ! R:localhost/127.0.0.1:62538] isIdleTimeoutExpired=false isRemotelyClosed=true isTtlExpired=false
01:48:06.824 [AsyncHttpClient-1-1] DEBUG org.asynchttpclient.netty.channel.DefaultChannelPool - Closing Idle Channel [id: 0xad1f08e1, L:/127.0.0.1:62545 ! R:localhost/127.0.0.1:62538]
01:48:06.824 [AsyncHttpClient-1-1] DEBUG org.asynchttpclient.netty.channel.DefaultChannelPool - Closed 1 connections out of 2 in 0 ms
01:48:06.988 [AsyncHttpClient-1-5] DEBUG org.asynchttpclient.netty.handler.HttpHandler - Channel Closed: [id: 0x3cd35f84, L:/127.0.0.1:62537 ! R:localhost/127.0.0.1:44237] with attribute DISCARD
WebDriver quit successfully.
]]></system-out>
    <system-err><![CDATA[Jan 25, 2025 1:47:33 AM org.openqa.selenium.devtools.CdpVersionFinder findNearestMatch
WARNING: Unable to find CDP implementation matching 131
Jan 25, 2025 1:47:33 AM org.openqa.selenium.chromium.ChromiumDriver lambda$new$5
WARNING: Unable to find version of CDP to use for 131.0.6778.265. You may need to include a dependency on a specific version of the CDP using something similar to `org.seleniumhq.selenium:selenium-devtools-v86:4.12.0` where the version ("v86") matches the version of the chromium-based browser you're using and the version number of the artifact is the same as Selenium's.
]]></system-err>
  </testcase>
  <testcase name="In Carrier Add single customer with company name and address" classname="Carrier Customer Onboarding" time="29.866">
    <system-out><![CDATA[
Scenario Outline: In Carrier Add single customer with company name and address # src/test/resources/Customers/Carrier_Customer_Onboarding.feature:17
01:48:07.426 [AsyncHttpClient-1-8] DEBUG org.asynchttpclient.netty.channel.NettyConnectListener - Using new Channel '[id: 0xb71035ae, L:/127.0.0.1:62634 - R:localhost/127.0.0.1:37415]' for 'POST' to '/session'
01:48:07.913 [AsyncHttpClient-1-1] DEBUG org.asynchttpclient.netty.channel.DefaultChannelPool - Entry count for : http://localhost:44237 : 1
01:48:07.913 [AsyncHttpClient-1-1] DEBUG org.asynchttpclient.netty.channel.DefaultChannelPool - Adding Candidate expired Channel [id: 0x3cd35f84, L:/127.0.0.1:62537 ! R:localhost/127.0.0.1:44237] isIdleTimeoutExpired=false isRemotelyClosed=true isTtlExpired=false
01:48:07.913 [AsyncHttpClient-1-1] DEBUG org.asynchttpclient.netty.channel.DefaultChannelPool - Closing Idle Channel [id: 0x3cd35f84, L:/127.0.0.1:62537 ! R:localhost/127.0.0.1:44237]
01:48:07.913 [AsyncHttpClient-1-1] DEBUG org.asynchttpclient.netty.channel.DefaultChannelPool - Closed 1 connections out of 1 in 0 ms
01:48:08.758 [AsyncHttpClient-1-8] DEBUG org.asynchttpclient.netty.handler.HttpHandler - 

Request DefaultHttpRequest(decodeResult: success, version: HTTP/1.1)
POST /session HTTP/1.1
User-Agent: selenium/4.12.0 (java windows)
Content-Length: 254
Content-Type: application/json; charset=utf-8
host: localhost:37415
accept: */*

Response DefaultHttpResponse(decodeResult: success, version: HTTP/1.1)
HTTP/1.1 200 OK
Content-Length: 888
Content-Type: application/json; charset=utf-8
cache-control: no-cache

01:48:08.758 [AsyncHttpClient-1-8] DEBUG org.asynchttpclient.netty.channel.ChannelManager - Adding key: http://localhost:37415 for channel [id: 0xb71035ae, L:/127.0.0.1:62634 - R:localhost/127.0.0.1:37415]
01:48:08.782 [AsyncHttpClient-1-9] DEBUG org.asynchttpclient.netty.channel.NettyConnectListener - Using new Channel '[id: 0x538cb3a7, L:/127.0.0.1:62642 - R:localhost/127.0.0.1:62635]' for 'GET' to '/json/version'
01:48:08.789 [AsyncHttpClient-1-9] DEBUG org.asynchttpclient.netty.handler.HttpHandler - 

Request DefaultFullHttpRequest(decodeResult: success, version: HTTP/1.1, content: EmptyByteBufBE)
GET /json/version HTTP/1.1
User-Agent: selenium/4.12.0 (java windows)
host: localhost:62635
accept: */*

Response DefaultHttpResponse(decodeResult: success, version: HTTP/1.1)
HTTP/1.1 200 OK
Content-Security-Policy: frame-ancestors 'none'
Content-Length: 424
Content-Type: application/json; charset=UTF-8

01:48:08.789 [AsyncHttpClient-1-9] DEBUG org.asynchttpclient.netty.channel.ChannelManager - Adding key: http://localhost:62635 for channel [id: 0x538cb3a7, L:/127.0.0.1:62642 - R:localhost/127.0.0.1:62635]
01:48:08.799 [AsyncHttpClient-1-10] DEBUG org.asynchttpclient.netty.channel.NettyConnectListener - Using new Channel '[id: 0xd413b7e2, L:/127.0.0.1:62643 - R:localhost/127.0.0.1:62635]' for 'GET' to '/devtools/browser/a72a5253-9536-46e6-a5b6-b8a91c91a942'
01:48:08.799 [AsyncHttpClient-1-10] DEBUG org.asynchttpclient.netty.handler.WebSocketHandler - 

Request DefaultFullHttpRequest(decodeResult: success, version: HTTP/1.1, content: EmptyByteBufBE)
GET /devtools/browser/a72a5253-9536-46e6-a5b6-b8a91c91a942 HTTP/1.1
upgrade: websocket
connection: upgrade
sec-websocket-key: lMIrEtuP4do3CPO/rgG6WA==
sec-websocket-version: 13
origin: http://localhost:62635
host: localhost:62635
accept: */*
user-agent: AHC/2.1

Response DefaultHttpResponse(decodeResult: success, version: HTTP/1.1)
HTTP/1.1 101 WebSocket Protocol Handshake
Upgrade: WebSocket
Connection: Upgrade
Sec-WebSocket-Accept: HlZ/2Rz6BO4RY6b8GjfkjQx4BIM=

01:48:08.814 [Forwarding get on session d38a26058a3f7d94c21efdfe7c44e501 to remote] DEBUG org.asynchttpclient.netty.request.NettyRequestSender - Using pooled Channel '[id: 0xb71035ae, L:/127.0.0.1:62634 - R:localhost/127.0.0.1:37415]' for 'POST' to 'http://localhost:37415/session/d38a26058a3f7d94c21efdfe7c44e501/url'
01:48:08.831 [Forwarding get on session d38a26058a3f7d94c21efdfe7c44e501 to remote] DEBUG org.asynchttpclient.netty.request.NettyRequestSender - Using open Channel [id: 0xb71035ae, L:/127.0.0.1:62634 - R:localhost/127.0.0.1:37415] for POST '/session/d38a26058a3f7d94c21efdfe7c44e501/url'
01:48:09.020 [AsyncHttpClient-1-1] DEBUG org.asynchttpclient.netty.channel.DefaultChannelPool - Entry count for : http://localhost:62635 : 1
01:48:10.112 [AsyncHttpClient-1-1] DEBUG org.asynchttpclient.netty.channel.DefaultChannelPool - Entry count for : http://localhost:62635 : 1
01:48:10.556 [AsyncHttpClient-1-8] DEBUG org.asynchttpclient.netty.handler.HttpHandler - 

Request DefaultHttpRequest(decodeResult: success, version: HTTP/1.1)
POST /session/d38a26058a3f7d94c21efdfe7c44e501/url HTTP/1.1
User-Agent: selenium/4.12.0 (java windows)
Content-Length: 79
Content-Type: application/json; charset=utf-8
host: localhost:37415
accept: */*

Response DefaultHttpResponse(decodeResult: success, version: HTTP/1.1)
HTTP/1.1 200 OK
Content-Length: 14
Content-Type: application/json; charset=utf-8
cache-control: no-cache

01:48:10.556 [AsyncHttpClient-1-8] DEBUG org.asynchttpclient.netty.channel.ChannelManager - Adding key: http://localhost:37415 for channel [id: 0xb71035ae, L:/127.0.0.1:62634 - R:localhost/127.0.0.1:37415]
01:48:10.556 [Forwarding maximizeCurrentWindow on session d38a26058a3f7d94c21efdfe7c44e501 to remote] DEBUG org.asynchttpclient.netty.request.NettyRequestSender - Using pooled Channel '[id: 0xb71035ae, L:/127.0.0.1:62634 - R:localhost/127.0.0.1:37415]' for 'POST' to 'http://localhost:37415/session/d38a26058a3f7d94c21efdfe7c44e501/window/maximize'
01:48:10.556 [Forwarding maximizeCurrentWindow on session d38a26058a3f7d94c21efdfe7c44e501 to remote] DEBUG org.asynchttpclient.netty.request.NettyRequestSender - Using open Channel [id: 0xb71035ae, L:/127.0.0.1:62634 - R:localhost/127.0.0.1:37415] for POST '/session/d38a26058a3f7d94c21efdfe7c44e501/window/maximize'
01:48:10.629 [AsyncHttpClient-1-8] DEBUG org.asynchttpclient.netty.handler.HttpHandler - 

Request DefaultHttpRequest(decodeResult: success, version: HTTP/1.1)
POST /session/d38a26058a3f7d94c21efdfe7c44e501/window/maximize HTTP/1.1
User-Agent: selenium/4.12.0 (java windows)
Content-Length: 3
Content-Type: application/json; charset=utf-8
host: localhost:37415
accept: */*

Response DefaultHttpResponse(decodeResult: success, version: HTTP/1.1)
HTTP/1.1 200 OK
Content-Length: 51
Content-Type: application/json; charset=utf-8
cache-control: no-cache

01:48:10.629 [AsyncHttpClient-1-8] DEBUG org.asynchttpclient.netty.channel.ChannelManager - Adding key: http://localhost:37415 for channel [id: 0xb71035ae, L:/127.0.0.1:62634 - R:localhost/127.0.0.1:37415]
01:48:10.638 [Forwarding findElement on session d38a26058a3f7d94c21efdfe7c44e501 to remote] DEBUG org.asynchttpclient.netty.request.NettyRequestSender - Using pooled Channel '[id: 0xb71035ae, L:/127.0.0.1:62634 - R:localhost/127.0.0.1:37415]' for 'POST' to 'http://localhost:37415/session/d38a26058a3f7d94c21efdfe7c44e501/element'
01:48:10.638 [Forwarding findElement on session d38a26058a3f7d94c21efdfe7c44e501 to remote] DEBUG org.asynchttpclient.netty.request.NettyRequestSender - Using open Channel [id: 0xb71035ae, L:/127.0.0.1:62634 - R:localhost/127.0.0.1:37415] for POST '/session/d38a26058a3f7d94c21efdfe7c44e501/element'
01:48:10.678 [AsyncHttpClient-1-8] DEBUG org.asynchttpclient.netty.handler.HttpHandler - 

Request DefaultHttpRequest(decodeResult: success, version: HTTP/1.1)
POST /session/d38a26058a3f7d94c21efdfe7c44e501/element HTTP/1.1
User-Agent: selenium/4.12.0 (java windows)
Content-Length: 69
Content-Type: application/json; charset=utf-8
host: localhost:37415
accept: */*

Response DefaultHttpResponse(decodeResult: success, version: HTTP/1.1)
HTTP/1.1 200 OK
Content-Length: 125
Content-Type: application/json; charset=utf-8
cache-control: no-cache

01:48:10.678 [AsyncHttpClient-1-8] DEBUG org.asynchttpclient.netty.channel.ChannelManager - Adding key: http://localhost:37415 for channel [id: 0xb71035ae, L:/127.0.0.1:62634 - R:localhost/127.0.0.1:37415]
01:48:10.678 [Forwarding sendKeysToElement on session d38a26058a3f7d94c21efdfe7c44e501 to remote] DEBUG org.asynchttpclient.netty.request.NettyRequestSender - Using pooled Channel '[id: 0xb71035ae, L:/127.0.0.1:62634 - R:localhost/127.0.0.1:37415]' for 'POST' to 'http://localhost:37415/session/d38a26058a3f7d94c21efdfe7c44e501/element/f.4348782CDCDDBE88A74ACF8B9FAC6FC9.d.800407760C2E98920A3FE7E2CCED9DFB.e.3/value'
01:48:10.678 [Forwarding sendKeysToElement on session d38a26058a3f7d94c21efdfe7c44e501 to remote] DEBUG org.asynchttpclient.netty.request.NettyRequestSender - Using open Channel [id: 0xb71035ae, L:/127.0.0.1:62634 - R:localhost/127.0.0.1:37415] for POST '/session/d38a26058a3f7d94c21efdfe7c44e501/element/f.4348782CDCDDBE88A74ACF8B9FAC6FC9.d.800407760C2E98920A3FE7E2CCED9DFB.e.3/value'
01:48:10.988 [AsyncHttpClient-1-8] DEBUG org.asynchttpclient.netty.handler.HttpHandler - 

Request DefaultHttpRequest(decodeResult: success, version: HTTP/1.1)
POST /session/d38a26058a3f7d94c21efdfe7c44e501/element/f.4348782CDCDDBE88A74ACF8B9FAC6FC9.d.800407760C2E98920A3FE7E2CCED9DFB.e.3/value HTTP/1.1
User-Agent: selenium/4.12.0 (java windows)
Content-Length: 328
Content-Type: application/json; charset=utf-8
host: localhost:37415
accept: */*

Response DefaultHttpResponse(decodeResult: success, version: HTTP/1.1)
HTTP/1.1 200 OK
Content-Length: 14
Content-Type: application/json; charset=utf-8
cache-control: no-cache

01:48:10.988 [AsyncHttpClient-1-8] DEBUG org.asynchttpclient.netty.channel.ChannelManager - Adding key: http://localhost:37415 for channel [id: 0xb71035ae, L:/127.0.0.1:62634 - R:localhost/127.0.0.1:37415]
01:48:10.996 [Forwarding findElement on session d38a26058a3f7d94c21efdfe7c44e501 to remote] DEBUG org.asynchttpclient.netty.request.NettyRequestSender - Using pooled Channel '[id: 0xb71035ae, L:/127.0.0.1:62634 - R:localhost/127.0.0.1:37415]' for 'POST' to 'http://localhost:37415/session/d38a26058a3f7d94c21efdfe7c44e501/element'
01:48:10.996 [Forwarding findElement on session d38a26058a3f7d94c21efdfe7c44e501 to remote] DEBUG org.asynchttpclient.netty.request.NettyRequestSender - Using open Channel [id: 0xb71035ae, L:/127.0.0.1:62634 - R:localhost/127.0.0.1:37415] for POST '/session/d38a26058a3f7d94c21efdfe7c44e501/element'
01:48:11.013 [AsyncHttpClient-1-8] DEBUG org.asynchttpclient.netty.handler.HttpHandler - 

Request DefaultHttpRequest(decodeResult: success, version: HTTP/1.1)
POST /session/d38a26058a3f7d94c21efdfe7c44e501/element HTTP/1.1
User-Agent: selenium/4.12.0 (java windows)
Content-Length: 72
Content-Type: application/json; charset=utf-8
host: localhost:37415
accept: */*

Response DefaultHttpResponse(decodeResult: success, version: HTTP/1.1)
HTTP/1.1 200 OK
Content-Length: 125
Content-Type: application/json; charset=utf-8
cache-control: no-cache

01:48:11.013 [AsyncHttpClient-1-8] DEBUG org.asynchttpclient.netty.channel.ChannelManager - Adding key: http://localhost:37415 for channel [id: 0xb71035ae, L:/127.0.0.1:62634 - R:localhost/127.0.0.1:37415]
01:48:11.013 [Forwarding sendKeysToElement on session d38a26058a3f7d94c21efdfe7c44e501 to remote] DEBUG org.asynchttpclient.netty.request.NettyRequestSender - Using pooled Channel '[id: 0xb71035ae, L:/127.0.0.1:62634 - R:localhost/127.0.0.1:37415]' for 'POST' to 'http://localhost:37415/session/d38a26058a3f7d94c21efdfe7c44e501/element/f.4348782CDCDDBE88A74ACF8B9FAC6FC9.d.800407760C2E98920A3FE7E2CCED9DFB.e.5/value'
01:48:11.013 [Forwarding sendKeysToElement on session d38a26058a3f7d94c21efdfe7c44e501 to remote] DEBUG org.asynchttpclient.netty.request.NettyRequestSender - Using open Channel [id: 0xb71035ae, L:/127.0.0.1:62634 - R:localhost/127.0.0.1:37415] for POST '/session/d38a26058a3f7d94c21efdfe7c44e501/element/f.4348782CDCDDBE88A74ACF8B9FAC6FC9.d.800407760C2E98920A3FE7E2CCED9DFB.e.5/value'
01:48:11.211 [AsyncHttpClient-1-1] DEBUG org.asynchttpclient.netty.channel.DefaultChannelPool - Entry count for : http://localhost:62635 : 1
01:48:11.268 [AsyncHttpClient-1-8] DEBUG org.asynchttpclient.netty.handler.HttpHandler - 

Request DefaultHttpRequest(decodeResult: success, version: HTTP/1.1)
POST /session/d38a26058a3f7d94c21efdfe7c44e501/element/f.4348782CDCDDBE88A74ACF8B9FAC6FC9.d.800407760C2E98920A3FE7E2CCED9DFB.e.5/value HTTP/1.1
User-Agent: selenium/4.12.0 (java windows)
Content-Length: 198
Content-Type: application/json; charset=utf-8
host: localhost:37415
accept: */*

Response DefaultHttpResponse(decodeResult: success, version: HTTP/1.1)
HTTP/1.1 200 OK
Content-Length: 14
Content-Type: application/json; charset=utf-8
cache-control: no-cache

01:48:11.268 [AsyncHttpClient-1-8] DEBUG org.asynchttpclient.netty.channel.ChannelManager - Adding key: http://localhost:37415 for channel [id: 0xb71035ae, L:/127.0.0.1:62634 - R:localhost/127.0.0.1:37415]
01:48:11.276 [Forwarding findElement on session d38a26058a3f7d94c21efdfe7c44e501 to remote] DEBUG org.asynchttpclient.netty.request.NettyRequestSender - Using pooled Channel '[id: 0xb71035ae, L:/127.0.0.1:62634 - R:localhost/127.0.0.1:37415]' for 'POST' to 'http://localhost:37415/session/d38a26058a3f7d94c21efdfe7c44e501/element'
01:48:11.276 [Forwarding findElement on session d38a26058a3f7d94c21efdfe7c44e501 to remote] DEBUG org.asynchttpclient.netty.request.NettyRequestSender - Using open Channel [id: 0xb71035ae, L:/127.0.0.1:62634 - R:localhost/127.0.0.1:37415] for POST '/session/d38a26058a3f7d94c21efdfe7c44e501/element'
01:48:11.301 [AsyncHttpClient-1-8] DEBUG org.asynchttpclient.netty.handler.HttpHandler - 

Request DefaultHttpRequest(decodeResult: success, version: HTTP/1.1)
POST /session/d38a26058a3f7d94c21efdfe7c44e501/element HTTP/1.1
User-Agent: selenium/4.12.0 (java windows)
Content-Length: 73
Content-Type: application/json; charset=utf-8
host: localhost:37415
accept: */*

Response DefaultHttpResponse(decodeResult: success, version: HTTP/1.1)
HTTP/1.1 200 OK
Content-Length: 125
Content-Type: application/json; charset=utf-8
cache-control: no-cache

01:48:11.301 [AsyncHttpClient-1-8] DEBUG org.asynchttpclient.netty.channel.ChannelManager - Adding key: http://localhost:37415 for channel [id: 0xb71035ae, L:/127.0.0.1:62634 - R:localhost/127.0.0.1:37415]
01:48:11.301 [Forwarding clickElement on session d38a26058a3f7d94c21efdfe7c44e501 to remote] DEBUG org.asynchttpclient.netty.request.NettyRequestSender - Using pooled Channel '[id: 0xb71035ae, L:/127.0.0.1:62634 - R:localhost/127.0.0.1:37415]' for 'POST' to 'http://localhost:37415/session/d38a26058a3f7d94c21efdfe7c44e501/element/f.4348782CDCDDBE88A74ACF8B9FAC6FC9.d.800407760C2E98920A3FE7E2CCED9DFB.e.7/click'
01:48:11.301 [Forwarding clickElement on session d38a26058a3f7d94c21efdfe7c44e501 to remote] DEBUG org.asynchttpclient.netty.request.NettyRequestSender - Using open Channel [id: 0xb71035ae, L:/127.0.0.1:62634 - R:localhost/127.0.0.1:37415] for POST '/session/d38a26058a3f7d94c21efdfe7c44e501/element/f.4348782CDCDDBE88A74ACF8B9FAC6FC9.d.800407760C2E98920A3FE7E2CCED9DFB.e.7/click'
01:48:11.465 [AsyncHttpClient-1-8] DEBUG org.asynchttpclient.netty.handler.HttpHandler - 

Request DefaultHttpRequest(decodeResult: success, version: HTTP/1.1)
POST /session/d38a26058a3f7d94c21efdfe7c44e501/element/f.4348782CDCDDBE88A74ACF8B9FAC6FC9.d.800407760C2E98920A3FE7E2CCED9DFB.e.7/click HTTP/1.1
User-Agent: selenium/4.12.0 (java windows)
Content-Length: 87
Content-Type: application/json; charset=utf-8
host: localhost:37415
accept: */*

Response DefaultHttpResponse(decodeResult: success, version: HTTP/1.1)
HTTP/1.1 200 OK
Content-Length: 14
Content-Type: application/json; charset=utf-8
cache-control: no-cache

01:48:11.473 [AsyncHttpClient-1-8] DEBUG org.asynchttpclient.netty.channel.ChannelManager - Adding key: http://localhost:37415 for channel [id: 0xb71035ae, L:/127.0.0.1:62634 - R:localhost/127.0.0.1:37415]
01:48:12.313 [AsyncHttpClient-1-1] DEBUG org.asynchttpclient.netty.channel.DefaultChannelPool - Entry count for : http://localhost:37415 : 1
01:48:12.313 [AsyncHttpClient-1-1] DEBUG org.asynchttpclient.netty.channel.DefaultChannelPool - Entry count for : http://localhost:62635 : 1
01:48:13.421 [AsyncHttpClient-1-1] DEBUG org.asynchttpclient.netty.channel.DefaultChannelPool - Entry count for : http://localhost:37415 : 1
01:48:13.421 [AsyncHttpClient-1-1] DEBUG org.asynchttpclient.netty.channel.DefaultChannelPool - Entry count for : http://localhost:62635 : 1
01:48:14.507 [AsyncHttpClient-1-1] DEBUG org.asynchttpclient.netty.channel.DefaultChannelPool - Entry count for : http://localhost:37415 : 1
01:48:14.507 [AsyncHttpClient-1-1] DEBUG org.asynchttpclient.netty.channel.DefaultChannelPool - Entry count for : http://localhost:62635 : 1
01:48:15.613 [AsyncHttpClient-1-1] DEBUG org.asynchttpclient.netty.channel.DefaultChannelPool - Entry count for : http://localhost:37415 : 1
01:48:15.614 [AsyncHttpClient-1-1] DEBUG org.asynchttpclient.netty.channel.DefaultChannelPool - Entry count for : http://localhost:62635 : 1
01:48:16.486 [Forwarding getCurrentUrl on session d38a26058a3f7d94c21efdfe7c44e501 to remote] DEBUG org.asynchttpclient.netty.request.NettyRequestSender - Using pooled Channel '[id: 0xb71035ae, L:/127.0.0.1:62634 - R:localhost/127.0.0.1:37415]' for 'GET' to 'http://localhost:37415/session/d38a26058a3f7d94c21efdfe7c44e501/url'
01:48:16.486 [Forwarding getCurrentUrl on session d38a26058a3f7d94c21efdfe7c44e501 to remote] DEBUG org.asynchttpclient.netty.request.NettyRequestSender - Using open Channel [id: 0xb71035ae, L:/127.0.0.1:62634 - R:localhost/127.0.0.1:37415] for GET '/session/d38a26058a3f7d94c21efdfe7c44e501/url'
01:48:16.495 [AsyncHttpClient-1-8] DEBUG org.asynchttpclient.netty.handler.HttpHandler - 

Request DefaultFullHttpRequest(decodeResult: success, version: HTTP/1.1, content: EmptyByteBufBE)
GET /session/d38a26058a3f7d94c21efdfe7c44e501/url HTTP/1.1
Cache-Control: no-cache
User-Agent: selenium/4.12.0 (java windows)
Content-Type: application/json; charset=utf-8
host: localhost:37415
accept: */*

Response DefaultHttpResponse(decodeResult: success, version: HTTP/1.1)
HTTP/1.1 200 OK
Content-Length: 56
Content-Type: application/json; charset=utf-8
cache-control: no-cache

01:48:16.495 [AsyncHttpClient-1-8] DEBUG org.asynchttpclient.netty.channel.ChannelManager - Adding key: http://localhost:37415 for channel [id: 0xb71035ae, L:/127.0.0.1:62634 - R:localhost/127.0.0.1:37415]
Site 1: https://platform.fleetsyncs.com/admin/onboarding/broker/load-tender
Site 2: https://platform.fleetsyncs.com/auth/sign-in
Site 2: https://platform.fleetsyncs.com/auth/sign-in
https://platform.fleetsyncs.com/auth/sign-in
01:48:16.495 [Forwarding findElement on session d38a26058a3f7d94c21efdfe7c44e501 to remote] DEBUG org.asynchttpclient.netty.request.NettyRequestSender - Using pooled Channel '[id: 0xb71035ae, L:/127.0.0.1:62634 - R:localhost/127.0.0.1:37415]' for 'POST' to 'http://localhost:37415/session/d38a26058a3f7d94c21efdfe7c44e501/element'
01:48:16.495 [Forwarding findElement on session d38a26058a3f7d94c21efdfe7c44e501 to remote] DEBUG org.asynchttpclient.netty.request.NettyRequestSender - Using open Channel [id: 0xb71035ae, L:/127.0.0.1:62634 - R:localhost/127.0.0.1:37415] for POST '/session/d38a26058a3f7d94c21efdfe7c44e501/element'
01:48:16.515 [AsyncHttpClient-1-8] DEBUG org.asynchttpclient.netty.handler.HttpHandler - 

Request DefaultHttpRequest(decodeResult: success, version: HTTP/1.1)
POST /session/d38a26058a3f7d94c21efdfe7c44e501/element HTTP/1.1
User-Agent: selenium/4.12.0 (java windows)
Content-Length: 66
Content-Type: application/json; charset=utf-8
host: localhost:37415
accept: */*

Response DefaultHttpResponse(decodeResult: success, version: HTTP/1.1)
HTTP/1.1 200 OK
Content-Length: 126
Content-Type: application/json; charset=utf-8
cache-control: no-cache

01:48:16.515 [AsyncHttpClient-1-8] DEBUG org.asynchttpclient.netty.channel.ChannelManager - Adding key: http://localhost:37415 for channel [id: 0xb71035ae, L:/127.0.0.1:62634 - R:localhost/127.0.0.1:37415]
01:48:16.518 [Forwarding isElementDisplayed on session d38a26058a3f7d94c21efdfe7c44e501 to remote] DEBUG org.asynchttpclient.netty.request.NettyRequestSender - Using pooled Channel '[id: 0xb71035ae, L:/127.0.0.1:62634 - R:localhost/127.0.0.1:37415]' for 'POST' to 'http://localhost:37415/session/d38a26058a3f7d94c21efdfe7c44e501/execute/sync'
01:48:16.518 [Forwarding isElementDisplayed on session d38a26058a3f7d94c21efdfe7c44e501 to remote] DEBUG org.asynchttpclient.netty.request.NettyRequestSender - Using open Channel [id: 0xb71035ae, L:/127.0.0.1:62634 - R:localhost/127.0.0.1:37415] for POST '/session/d38a26058a3f7d94c21efdfe7c44e501/execute/sync'
01:48:16.543 [AsyncHttpClient-1-8] DEBUG org.asynchttpclient.netty.handler.HttpHandler - 

Request DefaultHttpRequest(decodeResult: success, version: HTTP/1.1)
POST /session/d38a26058a3f7d94c21efdfe7c44e501/execute/sync HTTP/1.1
User-Agent: selenium/4.12.0 (java windows)
Content-Length: 48734
Content-Type: application/json; charset=utf-8
host: localhost:37415
accept: */*

Response DefaultHttpResponse(decodeResult: success, version: HTTP/1.1)
HTTP/1.1 200 OK
Content-Length: 14
Content-Type: application/json; charset=utf-8
cache-control: no-cache

01:48:16.543 [AsyncHttpClient-1-8] DEBUG org.asynchttpclient.netty.channel.ChannelManager - Adding key: http://localhost:37415 for channel [id: 0xb71035ae, L:/127.0.0.1:62634 - R:localhost/127.0.0.1:37415]
01:48:16.543 [Forwarding findElement on session d38a26058a3f7d94c21efdfe7c44e501 to remote] DEBUG org.asynchttpclient.netty.request.NettyRequestSender - Using pooled Channel '[id: 0xb71035ae, L:/127.0.0.1:62634 - R:localhost/127.0.0.1:37415]' for 'POST' to 'http://localhost:37415/session/d38a26058a3f7d94c21efdfe7c44e501/element'
01:48:16.543 [Forwarding findElement on session d38a26058a3f7d94c21efdfe7c44e501 to remote] DEBUG org.asynchttpclient.netty.request.NettyRequestSender - Using open Channel [id: 0xb71035ae, L:/127.0.0.1:62634 - R:localhost/127.0.0.1:37415] for POST '/session/d38a26058a3f7d94c21efdfe7c44e501/element'
01:48:16.558 [AsyncHttpClient-1-8] DEBUG org.asynchttpclient.netty.handler.HttpHandler - 

Request DefaultHttpRequest(decodeResult: success, version: HTTP/1.1)
POST /session/d38a26058a3f7d94c21efdfe7c44e501/element HTTP/1.1
User-Agent: selenium/4.12.0 (java windows)
Content-Length: 66
Content-Type: application/json; charset=utf-8
host: localhost:37415
accept: */*

Response DefaultHttpResponse(decodeResult: success, version: HTTP/1.1)
HTTP/1.1 200 OK
Content-Length: 126
Content-Type: application/json; charset=utf-8
cache-control: no-cache

01:48:16.558 [AsyncHttpClient-1-8] DEBUG org.asynchttpclient.netty.channel.ChannelManager - Adding key: http://localhost:37415 for channel [id: 0xb71035ae, L:/127.0.0.1:62634 - R:localhost/127.0.0.1:37415]
01:48:16.558 [Forwarding getElementText on session d38a26058a3f7d94c21efdfe7c44e501 to remote] DEBUG org.asynchttpclient.netty.request.NettyRequestSender - Using pooled Channel '[id: 0xb71035ae, L:/127.0.0.1:62634 - R:localhost/127.0.0.1:37415]' for 'GET' to 'http://localhost:37415/session/d38a26058a3f7d94c21efdfe7c44e501/element/f.4348782CDCDDBE88A74ACF8B9FAC6FC9.d.800407760C2E98920A3FE7E2CCED9DFB.e.21/text'
01:48:16.558 [Forwarding getElementText on session d38a26058a3f7d94c21efdfe7c44e501 to remote] DEBUG org.asynchttpclient.netty.request.NettyRequestSender - Using open Channel [id: 0xb71035ae, L:/127.0.0.1:62634 - R:localhost/127.0.0.1:37415] for GET '/session/d38a26058a3f7d94c21efdfe7c44e501/element/f.4348782CDCDDBE88A74ACF8B9FAC6FC9.d.800407760C2E98920A3FE7E2CCED9DFB.e.21/text'
01:48:16.584 [AsyncHttpClient-1-8] DEBUG org.asynchttpclient.netty.handler.HttpHandler - 

Request DefaultFullHttpRequest(decodeResult: success, version: HTTP/1.1, content: EmptyByteBufBE)
GET /session/d38a26058a3f7d94c21efdfe7c44e501/element/f.4348782CDCDDBE88A74ACF8B9FAC6FC9.d.800407760C2E98920A3FE7E2CCED9DFB.e.21/text HTTP/1.1
Cache-Control: no-cache
User-Agent: selenium/4.12.0 (java windows)
Content-Type: application/json; charset=utf-8
host: localhost:37415
accept: */*

Response DefaultHttpResponse(decodeResult: success, version: HTTP/1.1)
HTTP/1.1 200 OK
Content-Length: 33
Content-Type: application/json; charset=utf-8
cache-control: no-cache

01:48:16.584 [AsyncHttpClient-1-8] DEBUG org.asynchttpclient.netty.channel.ChannelManager - Adding key: http://localhost:37415 for channel [id: 0xb71035ae, L:/127.0.0.1:62634 - R:localhost/127.0.0.1:37415]
01:48:16.584 [Forwarding findElement on session d38a26058a3f7d94c21efdfe7c44e501 to remote] DEBUG org.asynchttpclient.netty.request.NettyRequestSender - Using pooled Channel '[id: 0xb71035ae, L:/127.0.0.1:62634 - R:localhost/127.0.0.1:37415]' for 'POST' to 'http://localhost:37415/session/d38a26058a3f7d94c21efdfe7c44e501/element'
01:48:16.584 [Forwarding findElement on session d38a26058a3f7d94c21efdfe7c44e501 to remote] DEBUG org.asynchttpclient.netty.request.NettyRequestSender - Using open Channel [id: 0xb71035ae, L:/127.0.0.1:62634 - R:localhost/127.0.0.1:37415] for POST '/session/d38a26058a3f7d94c21efdfe7c44e501/element'
01:48:16.606 [AsyncHttpClient-1-8] DEBUG org.asynchttpclient.netty.handler.HttpHandler - 

Request DefaultHttpRequest(decodeResult: success, version: HTTP/1.1)
POST /session/d38a26058a3f7d94c21efdfe7c44e501/element HTTP/1.1
User-Agent: selenium/4.12.0 (java windows)
Content-Length: 74
Content-Type: application/json; charset=utf-8
host: localhost:37415
accept: */*

Response DefaultHttpResponse(decodeResult: success, version: HTTP/1.1)
HTTP/1.1 200 OK
Content-Length: 126
Content-Type: application/json; charset=utf-8
cache-control: no-cache

01:48:16.606 [AsyncHttpClient-1-8] DEBUG org.asynchttpclient.netty.channel.ChannelManager - Adding key: http://localhost:37415 for channel [id: 0xb71035ae, L:/127.0.0.1:62634 - R:localhost/127.0.0.1:37415]
01:48:16.609 [Forwarding clickElement on session d38a26058a3f7d94c21efdfe7c44e501 to remote] DEBUG org.asynchttpclient.netty.request.NettyRequestSender - Using pooled Channel '[id: 0xb71035ae, L:/127.0.0.1:62634 - R:localhost/127.0.0.1:37415]' for 'POST' to 'http://localhost:37415/session/d38a26058a3f7d94c21efdfe7c44e501/element/f.4348782CDCDDBE88A74ACF8B9FAC6FC9.d.800407760C2E98920A3FE7E2CCED9DFB.e.22/click'
01:48:16.609 [Forwarding clickElement on session d38a26058a3f7d94c21efdfe7c44e501 to remote] DEBUG org.asynchttpclient.netty.request.NettyRequestSender - Using open Channel [id: 0xb71035ae, L:/127.0.0.1:62634 - R:localhost/127.0.0.1:37415] for POST '/session/d38a26058a3f7d94c21efdfe7c44e501/element/f.4348782CDCDDBE88A74ACF8B9FAC6FC9.d.800407760C2E98920A3FE7E2CCED9DFB.e.22/click'
01:48:16.714 [AsyncHttpClient-1-8] DEBUG org.asynchttpclient.netty.handler.HttpHandler - 

Request DefaultHttpRequest(decodeResult: success, version: HTTP/1.1)
POST /session/d38a26058a3f7d94c21efdfe7c44e501/element/f.4348782CDCDDBE88A74ACF8B9FAC6FC9.d.800407760C2E98920A3FE7E2CCED9DFB.e.22/click HTTP/1.1
User-Agent: selenium/4.12.0 (java windows)
Content-Length: 88
Content-Type: application/json; charset=utf-8
host: localhost:37415
accept: */*

Response DefaultHttpResponse(decodeResult: success, version: HTTP/1.1)
HTTP/1.1 200 OK
Content-Length: 14
Content-Type: application/json; charset=utf-8
cache-control: no-cache

01:48:16.714 [AsyncHttpClient-1-8] DEBUG org.asynchttpclient.netty.channel.ChannelManager - Adding key: http://localhost:37415 for channel [id: 0xb71035ae, L:/127.0.0.1:62634 - R:localhost/127.0.0.1:37415]
01:48:16.723 [AsyncHttpClient-1-1] DEBUG org.asynchttpclient.netty.channel.DefaultChannelPool - Entry count for : http://localhost:37415 : 1
01:48:16.723 [AsyncHttpClient-1-1] DEBUG org.asynchttpclient.netty.channel.DefaultChannelPool - Entry count for : http://localhost:62635 : 1
01:48:17.812 [AsyncHttpClient-1-1] DEBUG org.asynchttpclient.netty.channel.DefaultChannelPool - Entry count for : http://localhost:37415 : 1
01:48:17.812 [AsyncHttpClient-1-1] DEBUG org.asynchttpclient.netty.channel.DefaultChannelPool - Entry count for : http://localhost:62635 : 1
01:48:18.908 [AsyncHttpClient-1-1] DEBUG org.asynchttpclient.netty.channel.DefaultChannelPool - Entry count for : http://localhost:37415 : 1
01:48:18.908 [AsyncHttpClient-1-1] DEBUG org.asynchttpclient.netty.channel.DefaultChannelPool - Entry count for : http://localhost:62635 : 1
screen shot class not taking
  Given I am on dashboardasatpute008@gmail.com and Pass@123                    # StepDefination.Customer_onboarding.I_am_on_dashboard(java.lang.String,java.lang.String)
01:48:20.014 [AsyncHttpClient-1-1] DEBUG org.asynchttpclient.netty.channel.DefaultChannelPool - Entry count for : http://localhost:37415 : 1
01:48:20.014 [AsyncHttpClient-1-1] DEBUG org.asynchttpclient.netty.channel.DefaultChannelPool - Entry count for : http://localhost:62635 : 1
01:48:21.109 [AsyncHttpClient-1-1] DEBUG org.asynchttpclient.netty.channel.DefaultChannelPool - Entry count for : http://localhost:37415 : 1
01:48:21.109 [AsyncHttpClient-1-1] DEBUG org.asynchttpclient.netty.channel.DefaultChannelPool - Entry count for : http://localhost:62635 : 1
01:48:21.736 [Forwarding findElement on session d38a26058a3f7d94c21efdfe7c44e501 to remote] DEBUG org.asynchttpclient.netty.request.NettyRequestSender - Using pooled Channel '[id: 0xb71035ae, L:/127.0.0.1:62634 - R:localhost/127.0.0.1:37415]' for 'POST' to 'http://localhost:37415/session/d38a26058a3f7d94c21efdfe7c44e501/element'
01:48:21.736 [Forwarding findElement on session d38a26058a3f7d94c21efdfe7c44e501 to remote] DEBUG org.asynchttpclient.netty.request.NettyRequestSender - Using open Channel [id: 0xb71035ae, L:/127.0.0.1:62634 - R:localhost/127.0.0.1:37415] for POST '/session/d38a26058a3f7d94c21efdfe7c44e501/element'
01:48:21.826 [AsyncHttpClient-1-8] DEBUG org.asynchttpclient.netty.handler.HttpHandler - 

Request DefaultHttpRequest(decodeResult: success, version: HTTP/1.1)
POST /session/d38a26058a3f7d94c21efdfe7c44e501/element HTTP/1.1
User-Agent: selenium/4.12.0 (java windows)
Content-Length: 195
Content-Type: application/json; charset=utf-8
host: localhost:37415
accept: */*

Response DefaultHttpResponse(decodeResult: success, version: HTTP/1.1)
HTTP/1.1 200 OK
Content-Length: 126
Content-Type: application/json; charset=utf-8
cache-control: no-cache

01:48:21.826 [AsyncHttpClient-1-8] DEBUG org.asynchttpclient.netty.channel.ChannelManager - Adding key: http://localhost:37415 for channel [id: 0xb71035ae, L:/127.0.0.1:62634 - R:localhost/127.0.0.1:37415]
01:48:21.826 [Forwarding clickElement on session d38a26058a3f7d94c21efdfe7c44e501 to remote] DEBUG org.asynchttpclient.netty.request.NettyRequestSender - Using pooled Channel '[id: 0xb71035ae, L:/127.0.0.1:62634 - R:localhost/127.0.0.1:37415]' for 'POST' to 'http://localhost:37415/session/d38a26058a3f7d94c21efdfe7c44e501/element/f.4348782CDCDDBE88A74ACF8B9FAC6FC9.d.57AA111EC7861991A5304A155CDF31EF.e.41/click'
01:48:21.826 [Forwarding clickElement on session d38a26058a3f7d94c21efdfe7c44e501 to remote] DEBUG org.asynchttpclient.netty.request.NettyRequestSender - Using open Channel [id: 0xb71035ae, L:/127.0.0.1:62634 - R:localhost/127.0.0.1:37415] for POST '/session/d38a26058a3f7d94c21efdfe7c44e501/element/f.4348782CDCDDBE88A74ACF8B9FAC6FC9.d.57AA111EC7861991A5304A155CDF31EF.e.41/click'
01:48:21.941 [AsyncHttpClient-1-8] DEBUG org.asynchttpclient.netty.handler.HttpHandler - 

Request DefaultHttpRequest(decodeResult: success, version: HTTP/1.1)
POST /session/d38a26058a3f7d94c21efdfe7c44e501/element/f.4348782CDCDDBE88A74ACF8B9FAC6FC9.d.57AA111EC7861991A5304A155CDF31EF.e.41/click HTTP/1.1
User-Agent: selenium/4.12.0 (java windows)
Content-Length: 88
Content-Type: application/json; charset=utf-8
host: localhost:37415
accept: */*

Response DefaultHttpResponse(decodeResult: success, version: HTTP/1.1)
HTTP/1.1 200 OK
Content-Length: 14
Content-Type: application/json; charset=utf-8
cache-control: no-cache

01:48:21.941 [AsyncHttpClient-1-8] DEBUG org.asynchttpclient.netty.channel.ChannelManager - Adding key: http://localhost:37415 for channel [id: 0xb71035ae, L:/127.0.0.1:62634 - R:localhost/127.0.0.1:37415]
  And Tap_On_Carrier_Tab                                                       # StepDefination.Customer_onboarding.tap_on_carrirer_Tab()
01:48:22.214 [AsyncHttpClient-1-1] DEBUG org.asynchttpclient.netty.channel.DefaultChannelPool - Entry count for : http://localhost:37415 : 1
01:48:22.214 [AsyncHttpClient-1-1] DEBUG org.asynchttpclient.netty.channel.DefaultChannelPool - Entry count for : http://localhost:62635 : 1
01:48:23.319 [AsyncHttpClient-1-1] DEBUG org.asynchttpclient.netty.channel.DefaultChannelPool - Entry count for : http://localhost:37415 : 1
01:48:23.319 [AsyncHttpClient-1-1] DEBUG org.asynchttpclient.netty.channel.DefaultChannelPool - Entry count for : http://localhost:62635 : 1
01:48:23.955 [Forwarding findElement on session d38a26058a3f7d94c21efdfe7c44e501 to remote] DEBUG org.asynchttpclient.netty.request.NettyRequestSender - Using pooled Channel '[id: 0xb71035ae, L:/127.0.0.1:62634 - R:localhost/127.0.0.1:37415]' for 'POST' to 'http://localhost:37415/session/d38a26058a3f7d94c21efdfe7c44e501/element'
01:48:23.955 [Forwarding findElement on session d38a26058a3f7d94c21efdfe7c44e501 to remote] DEBUG org.asynchttpclient.netty.request.NettyRequestSender - Using open Channel [id: 0xb71035ae, L:/127.0.0.1:62634 - R:localhost/127.0.0.1:37415] for POST '/session/d38a26058a3f7d94c21efdfe7c44e501/element'
01:48:23.979 [AsyncHttpClient-1-8] DEBUG org.asynchttpclient.netty.handler.HttpHandler - 

Request DefaultHttpRequest(decodeResult: success, version: HTTP/1.1)
POST /session/d38a26058a3f7d94c21efdfe7c44e501/element HTTP/1.1
User-Agent: selenium/4.12.0 (java windows)
Content-Length: 127
Content-Type: application/json; charset=utf-8
host: localhost:37415
accept: */*

Response DefaultHttpResponse(decodeResult: success, version: HTTP/1.1)
HTTP/1.1 200 OK
Content-Length: 126
Content-Type: application/json; charset=utf-8
cache-control: no-cache

01:48:23.988 [AsyncHttpClient-1-8] DEBUG org.asynchttpclient.netty.channel.ChannelManager - Adding key: http://localhost:37415 for channel [id: 0xb71035ae, L:/127.0.0.1:62634 - R:localhost/127.0.0.1:37415]
01:48:23.988 [Forwarding getElementText on session d38a26058a3f7d94c21efdfe7c44e501 to remote] DEBUG org.asynchttpclient.netty.request.NettyRequestSender - Using pooled Channel '[id: 0xb71035ae, L:/127.0.0.1:62634 - R:localhost/127.0.0.1:37415]' for 'GET' to 'http://localhost:37415/session/d38a26058a3f7d94c21efdfe7c44e501/element/f.4348782CDCDDBE88A74ACF8B9FAC6FC9.d.57AA111EC7861991A5304A155CDF31EF.e.43/text'
01:48:23.988 [Forwarding getElementText on session d38a26058a3f7d94c21efdfe7c44e501 to remote] DEBUG org.asynchttpclient.netty.request.NettyRequestSender - Using open Channel [id: 0xb71035ae, L:/127.0.0.1:62634 - R:localhost/127.0.0.1:37415] for GET '/session/d38a26058a3f7d94c21efdfe7c44e501/element/f.4348782CDCDDBE88A74ACF8B9FAC6FC9.d.57AA111EC7861991A5304A155CDF31EF.e.43/text'
01:48:24.013 [AsyncHttpClient-1-8] DEBUG org.asynchttpclient.netty.handler.HttpHandler - 

Request DefaultFullHttpRequest(decodeResult: success, version: HTTP/1.1, content: EmptyByteBufBE)
GET /session/d38a26058a3f7d94c21efdfe7c44e501/element/f.4348782CDCDDBE88A74ACF8B9FAC6FC9.d.57AA111EC7861991A5304A155CDF31EF.e.43/text HTTP/1.1
Cache-Control: no-cache
User-Agent: selenium/4.12.0 (java windows)
Content-Type: application/json; charset=utf-8
host: localhost:37415
accept: */*

Response DefaultHttpResponse(decodeResult: success, version: HTTP/1.1)
HTTP/1.1 200 OK
Content-Length: 21
Content-Type: application/json; charset=utf-8
cache-control: no-cache

01:48:24.013 [AsyncHttpClient-1-8] DEBUG org.asynchttpclient.netty.channel.ChannelManager - Adding key: http://localhost:37415 for channel [id: 0xb71035ae, L:/127.0.0.1:62634 - R:localhost/127.0.0.1:37415]
01:48:24.422 [AsyncHttpClient-1-1] DEBUG org.asynchttpclient.netty.channel.DefaultChannelPool - Entry count for : http://localhost:37415 : 1
01:48:24.422 [AsyncHttpClient-1-1] DEBUG org.asynchttpclient.netty.channel.DefaultChannelPool - Entry count for : http://localhost:62635 : 1
01:48:24.532 [Forwarding findElement on session d38a26058a3f7d94c21efdfe7c44e501 to remote] DEBUG org.asynchttpclient.netty.request.NettyRequestSender - Using pooled Channel '[id: 0xb71035ae, L:/127.0.0.1:62634 - R:localhost/127.0.0.1:37415]' for 'POST' to 'http://localhost:37415/session/d38a26058a3f7d94c21efdfe7c44e501/element'
01:48:24.532 [Forwarding findElement on session d38a26058a3f7d94c21efdfe7c44e501 to remote] DEBUG org.asynchttpclient.netty.request.NettyRequestSender - Using open Channel [id: 0xb71035ae, L:/127.0.0.1:62634 - R:localhost/127.0.0.1:37415] for POST '/session/d38a26058a3f7d94c21efdfe7c44e501/element'
01:48:24.555 [AsyncHttpClient-1-8] DEBUG org.asynchttpclient.netty.handler.HttpHandler - 

Request DefaultHttpRequest(decodeResult: success, version: HTTP/1.1)
POST /session/d38a26058a3f7d94c21efdfe7c44e501/element HTTP/1.1
User-Agent: selenium/4.12.0 (java windows)
Content-Length: 127
Content-Type: application/json; charset=utf-8
host: localhost:37415
accept: */*

Response DefaultHttpResponse(decodeResult: success, version: HTTP/1.1)
HTTP/1.1 200 OK
Content-Length: 126
Content-Type: application/json; charset=utf-8
cache-control: no-cache

01:48:24.555 [AsyncHttpClient-1-8] DEBUG org.asynchttpclient.netty.channel.ChannelManager - Adding key: http://localhost:37415 for channel [id: 0xb71035ae, L:/127.0.0.1:62634 - R:localhost/127.0.0.1:37415]
01:48:24.555 [Forwarding clickElement on session d38a26058a3f7d94c21efdfe7c44e501 to remote] DEBUG org.asynchttpclient.netty.request.NettyRequestSender - Using pooled Channel '[id: 0xb71035ae, L:/127.0.0.1:62634 - R:localhost/127.0.0.1:37415]' for 'POST' to 'http://localhost:37415/session/d38a26058a3f7d94c21efdfe7c44e501/element/f.4348782CDCDDBE88A74ACF8B9FAC6FC9.d.57AA111EC7861991A5304A155CDF31EF.e.43/click'
01:48:24.555 [Forwarding clickElement on session d38a26058a3f7d94c21efdfe7c44e501 to remote] DEBUG org.asynchttpclient.netty.request.NettyRequestSender - Using open Channel [id: 0xb71035ae, L:/127.0.0.1:62634 - R:localhost/127.0.0.1:37415] for POST '/session/d38a26058a3f7d94c21efdfe7c44e501/element/f.4348782CDCDDBE88A74ACF8B9FAC6FC9.d.57AA111EC7861991A5304A155CDF31EF.e.43/click'
01:48:24.719 [AsyncHttpClient-1-8] DEBUG org.asynchttpclient.netty.handler.HttpHandler - 

Request DefaultHttpRequest(decodeResult: success, version: HTTP/1.1)
POST /session/d38a26058a3f7d94c21efdfe7c44e501/element/f.4348782CDCDDBE88A74ACF8B9FAC6FC9.d.57AA111EC7861991A5304A155CDF31EF.e.43/click HTTP/1.1
User-Agent: selenium/4.12.0 (java windows)
Content-Length: 88
Content-Type: application/json; charset=utf-8
host: localhost:37415
accept: */*

Response DefaultHttpResponse(decodeResult: success, version: HTTP/1.1)
HTTP/1.1 200 OK
Content-Length: 14
Content-Type: application/json; charset=utf-8
cache-control: no-cache

01:48:24.719 [AsyncHttpClient-1-8] DEBUG org.asynchttpclient.netty.channel.ChannelManager - Adding key: http://localhost:37415 for channel [id: 0xb71035ae, L:/127.0.0.1:62634 - R:localhost/127.0.0.1:37415]
01:48:25.513 [AsyncHttpClient-1-1] DEBUG org.asynchttpclient.netty.channel.DefaultChannelPool - Entry count for : http://localhost:37415 : 1
01:48:25.513 [AsyncHttpClient-1-1] DEBUG org.asynchttpclient.netty.channel.DefaultChannelPool - Entry count for : http://localhost:62635 : 1
01:48:26.608 [AsyncHttpClient-1-1] DEBUG org.asynchttpclient.netty.channel.DefaultChannelPool - Entry count for : http://localhost:37415 : 1
01:48:26.608 [AsyncHttpClient-1-1] DEBUG org.asynchttpclient.netty.channel.DefaultChannelPool - Entry count for : http://localhost:62635 : 1
screen shot class not taking
01:48:26.730 [Forwarding findElement on session d38a26058a3f7d94c21efdfe7c44e501 to remote] DEBUG org.asynchttpclient.netty.request.NettyRequestSender - Using pooled Channel '[id: 0xb71035ae, L:/127.0.0.1:62634 - R:localhost/127.0.0.1:37415]' for 'POST' to 'http://localhost:37415/session/d38a26058a3f7d94c21efdfe7c44e501/element'
01:48:26.730 [Forwarding findElement on session d38a26058a3f7d94c21efdfe7c44e501 to remote] DEBUG org.asynchttpclient.netty.request.NettyRequestSender - Using open Channel [id: 0xb71035ae, L:/127.0.0.1:62634 - R:localhost/127.0.0.1:37415] for POST '/session/d38a26058a3f7d94c21efdfe7c44e501/element'
01:48:26.763 [AsyncHttpClient-1-8] DEBUG org.asynchttpclient.netty.handler.HttpHandler - 

Request DefaultHttpRequest(decodeResult: success, version: HTTP/1.1)
POST /session/d38a26058a3f7d94c21efdfe7c44e501/element HTTP/1.1
User-Agent: selenium/4.12.0 (java windows)
Content-Length: 178
Content-Type: application/json; charset=utf-8
host: localhost:37415
accept: */*

Response DefaultHttpResponse(decodeResult: success, version: HTTP/1.1)
HTTP/1.1 200 OK
Content-Length: 126
Content-Type: application/json; charset=utf-8
cache-control: no-cache

01:48:26.763 [AsyncHttpClient-1-8] DEBUG org.asynchttpclient.netty.channel.ChannelManager - Adding key: http://localhost:37415 for channel [id: 0xb71035ae, L:/127.0.0.1:62634 - R:localhost/127.0.0.1:37415]
01:48:26.763 [Forwarding getElementText on session d38a26058a3f7d94c21efdfe7c44e501 to remote] DEBUG org.asynchttpclient.netty.request.NettyRequestSender - Using pooled Channel '[id: 0xb71035ae, L:/127.0.0.1:62634 - R:localhost/127.0.0.1:37415]' for 'GET' to 'http://localhost:37415/session/d38a26058a3f7d94c21efdfe7c44e501/element/f.4348782CDCDDBE88A74ACF8B9FAC6FC9.d.57AA111EC7861991A5304A155CDF31EF.e.48/text'
01:48:26.763 [Forwarding getElementText on session d38a26058a3f7d94c21efdfe7c44e501 to remote] DEBUG org.asynchttpclient.netty.request.NettyRequestSender - Using open Channel [id: 0xb71035ae, L:/127.0.0.1:62634 - R:localhost/127.0.0.1:37415] for GET '/session/d38a26058a3f7d94c21efdfe7c44e501/element/f.4348782CDCDDBE88A74ACF8B9FAC6FC9.d.57AA111EC7861991A5304A155CDF31EF.e.48/text'
01:48:26.804 [AsyncHttpClient-1-8] DEBUG org.asynchttpclient.netty.handler.HttpHandler - 

Request DefaultFullHttpRequest(decodeResult: success, version: HTTP/1.1, content: EmptyByteBufBE)
GET /session/d38a26058a3f7d94c21efdfe7c44e501/element/f.4348782CDCDDBE88A74ACF8B9FAC6FC9.d.57AA111EC7861991A5304A155CDF31EF.e.48/text HTTP/1.1
Cache-Control: no-cache
User-Agent: selenium/4.12.0 (java windows)
Content-Type: application/json; charset=utf-8
host: localhost:37415
accept: */*

Response DefaultHttpResponse(decodeResult: success, version: HTTP/1.1)
HTTP/1.1 200 OK
Content-Length: 28
Content-Type: application/json; charset=utf-8
cache-control: no-cache

01:48:26.804 [AsyncHttpClient-1-8] DEBUG org.asynchttpclient.netty.channel.ChannelManager - Adding key: http://localhost:37415 for channel [id: 0xb71035ae, L:/127.0.0.1:62634 - R:localhost/127.0.0.1:37415]
01:48:26.804 [Forwarding findElement on session d38a26058a3f7d94c21efdfe7c44e501 to remote] DEBUG org.asynchttpclient.netty.request.NettyRequestSender - Using pooled Channel '[id: 0xb71035ae, L:/127.0.0.1:62634 - R:localhost/127.0.0.1:37415]' for 'POST' to 'http://localhost:37415/session/d38a26058a3f7d94c21efdfe7c44e501/element'
01:48:26.804 [Forwarding findElement on session d38a26058a3f7d94c21efdfe7c44e501 to remote] DEBUG org.asynchttpclient.netty.request.NettyRequestSender - Using open Channel [id: 0xb71035ae, L:/127.0.0.1:62634 - R:localhost/127.0.0.1:37415] for POST '/session/d38a26058a3f7d94c21efdfe7c44e501/element'
01:48:26.829 [AsyncHttpClient-1-8] DEBUG org.asynchttpclient.netty.handler.HttpHandler - 

Request DefaultHttpRequest(decodeResult: success, version: HTTP/1.1)
POST /session/d38a26058a3f7d94c21efdfe7c44e501/element HTTP/1.1
User-Agent: selenium/4.12.0 (java windows)
Content-Length: 178
Content-Type: application/json; charset=utf-8
host: localhost:37415
accept: */*

Response DefaultHttpResponse(decodeResult: success, version: HTTP/1.1)
HTTP/1.1 200 OK
Content-Length: 126
Content-Type: application/json; charset=utf-8
cache-control: no-cache

01:48:26.829 [AsyncHttpClient-1-8] DEBUG org.asynchttpclient.netty.channel.ChannelManager - Adding key: http://localhost:37415 for channel [id: 0xb71035ae, L:/127.0.0.1:62634 - R:localhost/127.0.0.1:37415]
01:48:26.837 [Forwarding clickElement on session d38a26058a3f7d94c21efdfe7c44e501 to remote] DEBUG org.asynchttpclient.netty.request.NettyRequestSender - Using pooled Channel '[id: 0xb71035ae, L:/127.0.0.1:62634 - R:localhost/127.0.0.1:37415]' for 'POST' to 'http://localhost:37415/session/d38a26058a3f7d94c21efdfe7c44e501/element/f.4348782CDCDDBE88A74ACF8B9FAC6FC9.d.57AA111EC7861991A5304A155CDF31EF.e.48/click'
01:48:26.837 [Forwarding clickElement on session d38a26058a3f7d94c21efdfe7c44e501 to remote] DEBUG org.asynchttpclient.netty.request.NettyRequestSender - Using open Channel [id: 0xb71035ae, L:/127.0.0.1:62634 - R:localhost/127.0.0.1:37415] for POST '/session/d38a26058a3f7d94c21efdfe7c44e501/element/f.4348782CDCDDBE88A74ACF8B9FAC6FC9.d.57AA111EC7861991A5304A155CDF31EF.e.48/click'
01:48:27.012 [AsyncHttpClient-1-8] DEBUG org.asynchttpclient.netty.handler.HttpHandler - 

Request DefaultHttpRequest(decodeResult: success, version: HTTP/1.1)
POST /session/d38a26058a3f7d94c21efdfe7c44e501/element/f.4348782CDCDDBE88A74ACF8B9FAC6FC9.d.57AA111EC7861991A5304A155CDF31EF.e.48/click HTTP/1.1
User-Agent: selenium/4.12.0 (java windows)
Content-Length: 88
Content-Type: application/json; charset=utf-8
host: localhost:37415
accept: */*

Response DefaultHttpResponse(decodeResult: success, version: HTTP/1.1)
HTTP/1.1 200 OK
Content-Length: 14
Content-Type: application/json; charset=utf-8
cache-control: no-cache

01:48:27.012 [AsyncHttpClient-1-8] DEBUG org.asynchttpclient.netty.channel.ChannelManager - Adding key: http://localhost:37415 for channel [id: 0xb71035ae, L:/127.0.0.1:62634 - R:localhost/127.0.0.1:37415]
  When Open customer form                                                      # StepDefination.Customer_onboarding.Open_customer_form()
01:48:27.722 [AsyncHttpClient-1-1] DEBUG org.asynchttpclient.netty.channel.DefaultChannelPool - Entry count for : http://localhost:37415 : 1
01:48:27.722 [AsyncHttpClient-1-1] DEBUG org.asynchttpclient.netty.channel.DefaultChannelPool - Entry count for : http://localhost:62635 : 1
01:48:28.650 [Forwarding findElement on session d38a26058a3f7d94c21efdfe7c44e501 to remote] DEBUG org.asynchttpclient.netty.request.NettyRequestSender - Using pooled Channel '[id: 0xb71035ae, L:/127.0.0.1:62634 - R:localhost/127.0.0.1:37415]' for 'POST' to 'http://localhost:37415/session/d38a26058a3f7d94c21efdfe7c44e501/element'
01:48:28.650 [Forwarding findElement on session d38a26058a3f7d94c21efdfe7c44e501 to remote] DEBUG org.asynchttpclient.netty.request.NettyRequestSender - Using open Channel [id: 0xb71035ae, L:/127.0.0.1:62634 - R:localhost/127.0.0.1:37415] for POST '/session/d38a26058a3f7d94c21efdfe7c44e501/element'
01:48:28.675 [AsyncHttpClient-1-8] DEBUG org.asynchttpclient.netty.handler.HttpHandler - 

Request DefaultHttpRequest(decodeResult: success, version: HTTP/1.1)
POST /session/d38a26058a3f7d94c21efdfe7c44e501/element HTTP/1.1
User-Agent: selenium/4.12.0 (java windows)
Content-Length: 114
Content-Type: application/json; charset=utf-8
host: localhost:37415
accept: */*

Response DefaultHttpResponse(decodeResult: success, version: HTTP/1.1)
HTTP/1.1 200 OK
Content-Length: 126
Content-Type: application/json; charset=utf-8
cache-control: no-cache

01:48:28.675 [AsyncHttpClient-1-8] DEBUG org.asynchttpclient.netty.channel.ChannelManager - Adding key: http://localhost:37415 for channel [id: 0xb71035ae, L:/127.0.0.1:62634 - R:localhost/127.0.0.1:37415]
01:48:28.675 [Forwarding sendKeysToElement on session d38a26058a3f7d94c21efdfe7c44e501 to remote] DEBUG org.asynchttpclient.netty.request.NettyRequestSender - Using pooled Channel '[id: 0xb71035ae, L:/127.0.0.1:62634 - R:localhost/127.0.0.1:37415]' for 'POST' to 'http://localhost:37415/session/d38a26058a3f7d94c21efdfe7c44e501/element/f.4348782CDCDDBE88A74ACF8B9FAC6FC9.d.57AA111EC7861991A5304A155CDF31EF.e.50/value'
01:48:28.675 [Forwarding sendKeysToElement on session d38a26058a3f7d94c21efdfe7c44e501 to remote] DEBUG org.asynchttpclient.netty.request.NettyRequestSender - Using open Channel [id: 0xb71035ae, L:/127.0.0.1:62634 - R:localhost/127.0.0.1:37415] for POST '/session/d38a26058a3f7d94c21efdfe7c44e501/element/f.4348782CDCDDBE88A74ACF8B9FAC6FC9.d.57AA111EC7861991A5304A155CDF31EF.e.50/value'
01:48:28.815 [AsyncHttpClient-1-1] DEBUG org.asynchttpclient.netty.channel.DefaultChannelPool - Entry count for : http://localhost:62635 : 1
01:48:29.161 [AsyncHttpClient-1-8] DEBUG org.asynchttpclient.netty.handler.HttpHandler - 

Request DefaultHttpRequest(decodeResult: success, version: HTTP/1.1)
POST /session/d38a26058a3f7d94c21efdfe7c44e501/element/f.4348782CDCDDBE88A74ACF8B9FAC6FC9.d.57AA111EC7861991A5304A155CDF31EF.e.50/value HTTP/1.1
User-Agent: selenium/4.12.0 (java windows)
Content-Length: 389
Content-Type: application/json; charset=utf-8
host: localhost:37415
accept: */*

Response DefaultHttpResponse(decodeResult: success, version: HTTP/1.1)
HTTP/1.1 200 OK
Content-Length: 14
Content-Type: application/json; charset=utf-8
cache-control: no-cache

01:48:29.161 [AsyncHttpClient-1-8] DEBUG org.asynchttpclient.netty.channel.ChannelManager - Adding key: http://localhost:37415 for channel [id: 0xb71035ae, L:/127.0.0.1:62634 - R:localhost/127.0.0.1:37415]
screen shot class not taking
  And Provide the company nameRandom                                           # StepDefination.Customer_onboarding.Provide_the_company_name(java.lang.String)
01:48:29.677 [Forwarding findElement on session d38a26058a3f7d94c21efdfe7c44e501 to remote] DEBUG org.asynchttpclient.netty.request.NettyRequestSender - Using pooled Channel '[id: 0xb71035ae, L:/127.0.0.1:62634 - R:localhost/127.0.0.1:37415]' for 'POST' to 'http://localhost:37415/session/d38a26058a3f7d94c21efdfe7c44e501/element'
01:48:29.677 [Forwarding findElement on session d38a26058a3f7d94c21efdfe7c44e501 to remote] DEBUG org.asynchttpclient.netty.request.NettyRequestSender - Using open Channel [id: 0xb71035ae, L:/127.0.0.1:62634 - R:localhost/127.0.0.1:37415] for POST '/session/d38a26058a3f7d94c21efdfe7c44e501/element'
01:48:29.711 [AsyncHttpClient-1-8] DEBUG org.asynchttpclient.netty.handler.HttpHandler - 

Request DefaultHttpRequest(decodeResult: success, version: HTTP/1.1)
POST /session/d38a26058a3f7d94c21efdfe7c44e501/element HTTP/1.1
User-Agent: selenium/4.12.0 (java windows)
Content-Length: 88
Content-Type: application/json; charset=utf-8
host: localhost:37415
accept: */*

Response DefaultHttpResponse(decodeResult: success, version: HTTP/1.1)
HTTP/1.1 200 OK
Content-Length: 126
Content-Type: application/json; charset=utf-8
cache-control: no-cache

01:48:29.711 [AsyncHttpClient-1-8] DEBUG org.asynchttpclient.netty.channel.ChannelManager - Adding key: http://localhost:37415 for channel [id: 0xb71035ae, L:/127.0.0.1:62634 - R:localhost/127.0.0.1:37415]
01:48:29.712 [Forwarding sendKeysToElement on session d38a26058a3f7d94c21efdfe7c44e501 to remote] DEBUG org.asynchttpclient.netty.request.NettyRequestSender - Using pooled Channel '[id: 0xb71035ae, L:/127.0.0.1:62634 - R:localhost/127.0.0.1:37415]' for 'POST' to 'http://localhost:37415/session/d38a26058a3f7d94c21efdfe7c44e501/element/f.4348782CDCDDBE88A74ACF8B9FAC6FC9.d.57AA111EC7861991A5304A155CDF31EF.e.59/value'
01:48:29.712 [Forwarding sendKeysToElement on session d38a26058a3f7d94c21efdfe7c44e501 to remote] DEBUG org.asynchttpclient.netty.request.NettyRequestSender - Using open Channel [id: 0xb71035ae, L:/127.0.0.1:62634 - R:localhost/127.0.0.1:37415] for POST '/session/d38a26058a3f7d94c21efdfe7c44e501/element/f.4348782CDCDDBE88A74ACF8B9FAC6FC9.d.57AA111EC7861991A5304A155CDF31EF.e.59/value'
01:48:29.907 [AsyncHttpClient-1-1] DEBUG org.asynchttpclient.netty.channel.DefaultChannelPool - Entry count for : http://localhost:62635 : 1
01:48:30.037 [AsyncHttpClient-1-8] DEBUG org.asynchttpclient.netty.handler.HttpHandler - 

Request DefaultHttpRequest(decodeResult: success, version: HTTP/1.1)
POST /session/d38a26058a3f7d94c21efdfe7c44e501/element/f.4348782CDCDDBE88A74ACF8B9FAC6FC9.d.57AA111EC7861991A5304A155CDF31EF.e.59/value HTTP/1.1
User-Agent: selenium/4.12.0 (java windows)
Content-Length: 259
Content-Type: application/json; charset=utf-8
host: localhost:37415
accept: */*

Response DefaultHttpResponse(decodeResult: success, version: HTTP/1.1)
HTTP/1.1 200 OK
Content-Length: 14
Content-Type: application/json; charset=utf-8
cache-control: no-cache

01:48:30.045 [AsyncHttpClient-1-8] DEBUG org.asynchttpclient.netty.channel.ChannelManager - Adding key: http://localhost:37415 for channel [id: 0xb71035ae, L:/127.0.0.1:62634 - R:localhost/127.0.0.1:37415]
01:48:30.045 [Forwarding findElement on session d38a26058a3f7d94c21efdfe7c44e501 to remote] DEBUG org.asynchttpclient.netty.request.NettyRequestSender - Using pooled Channel '[id: 0xb71035ae, L:/127.0.0.1:62634 - R:localhost/127.0.0.1:37415]' for 'POST' to 'http://localhost:37415/session/d38a26058a3f7d94c21efdfe7c44e501/element'
01:48:30.045 [Forwarding findElement on session d38a26058a3f7d94c21efdfe7c44e501 to remote] DEBUG org.asynchttpclient.netty.request.NettyRequestSender - Using open Channel [id: 0xb71035ae, L:/127.0.0.1:62634 - R:localhost/127.0.0.1:37415] for POST '/session/d38a26058a3f7d94c21efdfe7c44e501/element'
01:48:30.077 [AsyncHttpClient-1-8] DEBUG org.asynchttpclient.netty.handler.HttpHandler - 

Request DefaultHttpRequest(decodeResult: success, version: HTTP/1.1)
POST /session/d38a26058a3f7d94c21efdfe7c44e501/element HTTP/1.1
User-Agent: selenium/4.12.0 (java windows)
Content-Length: 75
Content-Type: application/json; charset=utf-8
host: localhost:37415
accept: */*

Response DefaultHttpResponse(decodeResult: success, version: HTTP/1.1)
HTTP/1.1 200 OK
Content-Length: 126
Content-Type: application/json; charset=utf-8
cache-control: no-cache

01:48:30.077 [AsyncHttpClient-1-8] DEBUG org.asynchttpclient.netty.channel.ChannelManager - Adding key: http://localhost:37415 for channel [id: 0xb71035ae, L:/127.0.0.1:62634 - R:localhost/127.0.0.1:37415]
01:48:30.077 [Forwarding sendKeysToElement on session d38a26058a3f7d94c21efdfe7c44e501 to remote] DEBUG org.asynchttpclient.netty.request.NettyRequestSender - Using pooled Channel '[id: 0xb71035ae, L:/127.0.0.1:62634 - R:localhost/127.0.0.1:37415]' for 'POST' to 'http://localhost:37415/session/d38a26058a3f7d94c21efdfe7c44e501/element/f.4348782CDCDDBE88A74ACF8B9FAC6FC9.d.57AA111EC7861991A5304A155CDF31EF.e.60/value'
01:48:30.077 [Forwarding sendKeysToElement on session d38a26058a3f7d94c21efdfe7c44e501 to remote] DEBUG org.asynchttpclient.netty.request.NettyRequestSender - Using open Channel [id: 0xb71035ae, L:/127.0.0.1:62634 - R:localhost/127.0.0.1:37415] for POST '/session/d38a26058a3f7d94c21efdfe7c44e501/element/f.4348782CDCDDBE88A74ACF8B9FAC6FC9.d.57AA111EC7861991A5304A155CDF31EF.e.60/value'
01:48:30.349 [AsyncHttpClient-1-8] DEBUG org.asynchttpclient.netty.handler.HttpHandler - 

Request DefaultHttpRequest(decodeResult: success, version: HTTP/1.1)
POST /session/d38a26058a3f7d94c21efdfe7c44e501/element/f.4348782CDCDDBE88A74ACF8B9FAC6FC9.d.57AA111EC7861991A5304A155CDF31EF.e.60/value HTTP/1.1
User-Agent: selenium/4.12.0 (java windows)
Content-Length: 139
Content-Type: application/json; charset=utf-8
host: localhost:37415
accept: */*

Response DefaultHttpResponse(decodeResult: success, version: HTTP/1.1)
HTTP/1.1 200 OK
Content-Length: 14
Content-Type: application/json; charset=utf-8
cache-control: no-cache

01:48:30.349 [AsyncHttpClient-1-8] DEBUG org.asynchttpclient.netty.channel.ChannelManager - Adding key: http://localhost:37415 for channel [id: 0xb71035ae, L:/127.0.0.1:62634 - R:localhost/127.0.0.1:37415]
01:48:30.357 [Forwarding findElement on session d38a26058a3f7d94c21efdfe7c44e501 to remote] DEBUG org.asynchttpclient.netty.request.NettyRequestSender - Using pooled Channel '[id: 0xb71035ae, L:/127.0.0.1:62634 - R:localhost/127.0.0.1:37415]' for 'POST' to 'http://localhost:37415/session/d38a26058a3f7d94c21efdfe7c44e501/element'
01:48:30.357 [Forwarding findElement on session d38a26058a3f7d94c21efdfe7c44e501 to remote] DEBUG org.asynchttpclient.netty.request.NettyRequestSender - Using open Channel [id: 0xb71035ae, L:/127.0.0.1:62634 - R:localhost/127.0.0.1:37415] for POST '/session/d38a26058a3f7d94c21efdfe7c44e501/element'
01:48:30.398 [AsyncHttpClient-1-8] DEBUG org.asynchttpclient.netty.handler.HttpHandler - 

Request DefaultHttpRequest(decodeResult: success, version: HTTP/1.1)
POST /session/d38a26058a3f7d94c21efdfe7c44e501/element HTTP/1.1
User-Agent: selenium/4.12.0 (java windows)
Content-Length: 90
Content-Type: application/json; charset=utf-8
host: localhost:37415
accept: */*

Response DefaultHttpResponse(decodeResult: success, version: HTTP/1.1)
HTTP/1.1 200 OK
Content-Length: 126
Content-Type: application/json; charset=utf-8
cache-control: no-cache

01:48:30.398 [AsyncHttpClient-1-8] DEBUG org.asynchttpclient.netty.channel.ChannelManager - Adding key: http://localhost:37415 for channel [id: 0xb71035ae, L:/127.0.0.1:62634 - R:localhost/127.0.0.1:37415]
01:48:30.407 [Forwarding sendKeysToElement on session d38a26058a3f7d94c21efdfe7c44e501 to remote] DEBUG org.asynchttpclient.netty.request.NettyRequestSender - Using pooled Channel '[id: 0xb71035ae, L:/127.0.0.1:62634 - R:localhost/127.0.0.1:37415]' for 'POST' to 'http://localhost:37415/session/d38a26058a3f7d94c21efdfe7c44e501/element/f.4348782CDCDDBE88A74ACF8B9FAC6FC9.d.57AA111EC7861991A5304A155CDF31EF.e.61/value'
01:48:30.407 [Forwarding sendKeysToElement on session d38a26058a3f7d94c21efdfe7c44e501 to remote] DEBUG org.asynchttpclient.netty.request.NettyRequestSender - Using open Channel [id: 0xb71035ae, L:/127.0.0.1:62634 - R:localhost/127.0.0.1:37415] for POST '/session/d38a26058a3f7d94c21efdfe7c44e501/element/f.4348782CDCDDBE88A74ACF8B9FAC6FC9.d.57AA111EC7861991A5304A155CDF31EF.e.61/value'
01:48:30.653 [AsyncHttpClient-1-8] DEBUG org.asynchttpclient.netty.handler.HttpHandler - 

Request DefaultHttpRequest(decodeResult: success, version: HTTP/1.1)
POST /session/d38a26058a3f7d94c21efdfe7c44e501/element/f.4348782CDCDDBE88A74ACF8B9FAC6FC9.d.57AA111EC7861991A5304A155CDF31EF.e.61/value HTTP/1.1
User-Agent: selenium/4.12.0 (java windows)
Content-Length: 139
Content-Type: application/json; charset=utf-8
host: localhost:37415
accept: */*

Response DefaultHttpResponse(decodeResult: success, version: HTTP/1.1)
HTTP/1.1 200 OK
Content-Length: 14
Content-Type: application/json; charset=utf-8
cache-control: no-cache

01:48:30.661 [AsyncHttpClient-1-8] DEBUG org.asynchttpclient.netty.channel.ChannelManager - Adding key: http://localhost:37415 for channel [id: 0xb71035ae, L:/127.0.0.1:62634 - R:localhost/127.0.0.1:37415]
01:48:30.661 [Forwarding findElement on session d38a26058a3f7d94c21efdfe7c44e501 to remote] DEBUG org.asynchttpclient.netty.request.NettyRequestSender - Using pooled Channel '[id: 0xb71035ae, L:/127.0.0.1:62634 - R:localhost/127.0.0.1:37415]' for 'POST' to 'http://localhost:37415/session/d38a26058a3f7d94c21efdfe7c44e501/element'
01:48:30.661 [Forwarding findElement on session d38a26058a3f7d94c21efdfe7c44e501 to remote] DEBUG org.asynchttpclient.netty.request.NettyRequestSender - Using open Channel [id: 0xb71035ae, L:/127.0.0.1:62634 - R:localhost/127.0.0.1:37415] for POST '/session/d38a26058a3f7d94c21efdfe7c44e501/element'
01:48:30.686 [AsyncHttpClient-1-8] DEBUG org.asynchttpclient.netty.handler.HttpHandler - 

Request DefaultHttpRequest(decodeResult: success, version: HTTP/1.1)
POST /session/d38a26058a3f7d94c21efdfe7c44e501/element HTTP/1.1
User-Agent: selenium/4.12.0 (java windows)
Content-Length: 96
Content-Type: application/json; charset=utf-8
host: localhost:37415
accept: */*

Response DefaultHttpResponse(decodeResult: success, version: HTTP/1.1)
HTTP/1.1 200 OK
Content-Length: 126
Content-Type: application/json; charset=utf-8
cache-control: no-cache

01:48:30.686 [AsyncHttpClient-1-8] DEBUG org.asynchttpclient.netty.channel.ChannelManager - Adding key: http://localhost:37415 for channel [id: 0xb71035ae, L:/127.0.0.1:62634 - R:localhost/127.0.0.1:37415]
01:48:30.694 [Forwarding sendKeysToElement on session d38a26058a3f7d94c21efdfe7c44e501 to remote] DEBUG org.asynchttpclient.netty.request.NettyRequestSender - Using pooled Channel '[id: 0xb71035ae, L:/127.0.0.1:62634 - R:localhost/127.0.0.1:37415]' for 'POST' to 'http://localhost:37415/session/d38a26058a3f7d94c21efdfe7c44e501/element/f.4348782CDCDDBE88A74ACF8B9FAC6FC9.d.57AA111EC7861991A5304A155CDF31EF.e.62/value'
01:48:30.694 [Forwarding sendKeysToElement on session d38a26058a3f7d94c21efdfe7c44e501 to remote] DEBUG org.asynchttpclient.netty.request.NettyRequestSender - Using open Channel [id: 0xb71035ae, L:/127.0.0.1:62634 - R:localhost/127.0.0.1:37415] for POST '/session/d38a26058a3f7d94c21efdfe7c44e501/element/f.4348782CDCDDBE88A74ACF8B9FAC6FC9.d.57AA111EC7861991A5304A155CDF31EF.e.62/value'
01:48:30.956 [AsyncHttpClient-1-8] DEBUG org.asynchttpclient.netty.handler.HttpHandler - 

Request DefaultHttpRequest(decodeResult: success, version: HTTP/1.1)
POST /session/d38a26058a3f7d94c21efdfe7c44e501/element/f.4348782CDCDDBE88A74ACF8B9FAC6FC9.d.57AA111EC7861991A5304A155CDF31EF.e.62/value HTTP/1.1
User-Agent: selenium/4.12.0 (java windows)
Content-Length: 179
Content-Type: application/json; charset=utf-8
host: localhost:37415
accept: */*

Response DefaultHttpResponse(decodeResult: success, version: HTTP/1.1)
HTTP/1.1 200 OK
Content-Length: 14
Content-Type: application/json; charset=utf-8
cache-control: no-cache

01:48:30.956 [AsyncHttpClient-1-8] DEBUG org.asynchttpclient.netty.channel.ChannelManager - Adding key: http://localhost:37415 for channel [id: 0xb71035ae, L:/127.0.0.1:62634 - R:localhost/127.0.0.1:37415]
01:48:30.961 [Forwarding findElement on session d38a26058a3f7d94c21efdfe7c44e501 to remote] DEBUG org.asynchttpclient.netty.request.NettyRequestSender - Using pooled Channel '[id: 0xb71035ae, L:/127.0.0.1:62634 - R:localhost/127.0.0.1:37415]' for 'POST' to 'http://localhost:37415/session/d38a26058a3f7d94c21efdfe7c44e501/element'
01:48:30.961 [Forwarding findElement on session d38a26058a3f7d94c21efdfe7c44e501 to remote] DEBUG org.asynchttpclient.netty.request.NettyRequestSender - Using open Channel [id: 0xb71035ae, L:/127.0.0.1:62634 - R:localhost/127.0.0.1:37415] for POST '/session/d38a26058a3f7d94c21efdfe7c44e501/element'
01:48:31.014 [AsyncHttpClient-1-1] DEBUG org.asynchttpclient.netty.channel.DefaultChannelPool - Entry count for : http://localhost:62635 : 1
01:48:31.039 [AsyncHttpClient-1-8] DEBUG org.asynchttpclient.netty.handler.HttpHandler - 

Request DefaultHttpRequest(decodeResult: success, version: HTTP/1.1)
POST /session/d38a26058a3f7d94c21efdfe7c44e501/element HTTP/1.1
User-Agent: selenium/4.12.0 (java windows)
Content-Length: 78
Content-Type: application/json; charset=utf-8
host: localhost:37415
accept: */*

Response DefaultHttpResponse(decodeResult: success, version: HTTP/1.1)
HTTP/1.1 200 OK
Content-Length: 126
Content-Type: application/json; charset=utf-8
cache-control: no-cache

01:48:31.039 [AsyncHttpClient-1-8] DEBUG org.asynchttpclient.netty.channel.ChannelManager - Adding key: http://localhost:37415 for channel [id: 0xb71035ae, L:/127.0.0.1:62634 - R:localhost/127.0.0.1:37415]
01:48:31.048 [Forwarding sendKeysToElement on session d38a26058a3f7d94c21efdfe7c44e501 to remote] DEBUG org.asynchttpclient.netty.request.NettyRequestSender - Using pooled Channel '[id: 0xb71035ae, L:/127.0.0.1:62634 - R:localhost/127.0.0.1:37415]' for 'POST' to 'http://localhost:37415/session/d38a26058a3f7d94c21efdfe7c44e501/element/f.4348782CDCDDBE88A74ACF8B9FAC6FC9.d.57AA111EC7861991A5304A155CDF31EF.e.63/value'
01:48:31.048 [Forwarding sendKeysToElement on session d38a26058a3f7d94c21efdfe7c44e501 to remote] DEBUG org.asynchttpclient.netty.request.NettyRequestSender - Using open Channel [id: 0xb71035ae, L:/127.0.0.1:62634 - R:localhost/127.0.0.1:37415] for POST '/session/d38a26058a3f7d94c21efdfe7c44e501/element/f.4348782CDCDDBE88A74ACF8B9FAC6FC9.d.57AA111EC7861991A5304A155CDF31EF.e.63/value'
01:48:31.337 [AsyncHttpClient-1-8] DEBUG org.asynchttpclient.netty.handler.HttpHandler - 

Request DefaultHttpRequest(decodeResult: success, version: HTTP/1.1)
POST /session/d38a26058a3f7d94c21efdfe7c44e501/element/f.4348782CDCDDBE88A74ACF8B9FAC6FC9.d.57AA111EC7861991A5304A155CDF31EF.e.63/value HTTP/1.1
User-Agent: selenium/4.12.0 (java windows)
Content-Length: 149
Content-Type: application/json; charset=utf-8
host: localhost:37415
accept: */*

Response DefaultHttpResponse(decodeResult: success, version: HTTP/1.1)
HTTP/1.1 200 OK
Content-Length: 14
Content-Type: application/json; charset=utf-8
cache-control: no-cache

01:48:31.337 [AsyncHttpClient-1-8] DEBUG org.asynchttpclient.netty.channel.ChannelManager - Adding key: http://localhost:37415 for channel [id: 0xb71035ae, L:/127.0.0.1:62634 - R:localhost/127.0.0.1:37415]
screen shot class not taking
  And Provide the Address DetailsMain_street001 YK FL 987678 USA               # StepDefination.Customer_onboarding.Provide_the_address_Details(java.lang.String,java.lang.String,java.lang.String,java.lang.String,java.lang.String)
01:48:32.121 [AsyncHttpClient-1-1] DEBUG org.asynchttpclient.netty.channel.DefaultChannelPool - Entry count for : http://localhost:37415 : 1
01:48:32.122 [AsyncHttpClient-1-1] DEBUG org.asynchttpclient.netty.channel.DefaultChannelPool - Entry count for : http://localhost:62635 : 1
01:48:32.859 [Forwarding findElement on session d38a26058a3f7d94c21efdfe7c44e501 to remote] DEBUG org.asynchttpclient.netty.request.NettyRequestSender - Using pooled Channel '[id: 0xb71035ae, L:/127.0.0.1:62634 - R:localhost/127.0.0.1:37415]' for 'POST' to 'http://localhost:37415/session/d38a26058a3f7d94c21efdfe7c44e501/element'
01:48:32.859 [Forwarding findElement on session d38a26058a3f7d94c21efdfe7c44e501 to remote] DEBUG org.asynchttpclient.netty.request.NettyRequestSender - Using open Channel [id: 0xb71035ae, L:/127.0.0.1:62634 - R:localhost/127.0.0.1:37415] for POST '/session/d38a26058a3f7d94c21efdfe7c44e501/element'
01:48:32.884 [AsyncHttpClient-1-8] DEBUG org.asynchttpclient.netty.handler.HttpHandler - 

Request DefaultHttpRequest(decodeResult: success, version: HTTP/1.1)
POST /session/d38a26058a3f7d94c21efdfe7c44e501/element HTTP/1.1
User-Agent: selenium/4.12.0 (java windows)
Content-Length: 72
Content-Type: application/json; charset=utf-8
host: localhost:37415
accept: */*

Response DefaultHttpResponse(decodeResult: success, version: HTTP/1.1)
HTTP/1.1 200 OK
Content-Length: 127
Content-Type: application/json; charset=utf-8
cache-control: no-cache

01:48:32.884 [AsyncHttpClient-1-8] DEBUG org.asynchttpclient.netty.channel.ChannelManager - Adding key: http://localhost:37415 for channel [id: 0xb71035ae, L:/127.0.0.1:62634 - R:localhost/127.0.0.1:37415]
01:48:32.884 [Forwarding clickElement on session d38a26058a3f7d94c21efdfe7c44e501 to remote] DEBUG org.asynchttpclient.netty.request.NettyRequestSender - Using pooled Channel '[id: 0xb71035ae, L:/127.0.0.1:62634 - R:localhost/127.0.0.1:37415]' for 'POST' to 'http://localhost:37415/session/d38a26058a3f7d94c21efdfe7c44e501/element/f.4348782CDCDDBE88A74ACF8B9FAC6FC9.d.57AA111EC7861991A5304A155CDF31EF.e.100/click'
01:48:32.884 [Forwarding clickElement on session d38a26058a3f7d94c21efdfe7c44e501 to remote] DEBUG org.asynchttpclient.netty.request.NettyRequestSender - Using open Channel [id: 0xb71035ae, L:/127.0.0.1:62634 - R:localhost/127.0.0.1:37415] for POST '/session/d38a26058a3f7d94c21efdfe7c44e501/element/f.4348782CDCDDBE88A74ACF8B9FAC6FC9.d.57AA111EC7861991A5304A155CDF31EF.e.100/click'
01:48:33.066 [AsyncHttpClient-1-8] DEBUG org.asynchttpclient.netty.handler.HttpHandler - 

Request DefaultHttpRequest(decodeResult: success, version: HTTP/1.1)
POST /session/d38a26058a3f7d94c21efdfe7c44e501/element/f.4348782CDCDDBE88A74ACF8B9FAC6FC9.d.57AA111EC7861991A5304A155CDF31EF.e.100/click HTTP/1.1
User-Agent: selenium/4.12.0 (java windows)
Content-Length: 89
Content-Type: application/json; charset=utf-8
host: localhost:37415
accept: */*

Response DefaultHttpResponse(decodeResult: success, version: HTTP/1.1)
HTTP/1.1 200 OK
Content-Length: 14
Content-Type: application/json; charset=utf-8
cache-control: no-cache

01:48:33.066 [AsyncHttpClient-1-8] DEBUG org.asynchttpclient.netty.channel.ChannelManager - Adding key: http://localhost:37415 for channel [id: 0xb71035ae, L:/127.0.0.1:62634 - R:localhost/127.0.0.1:37415]
01:48:33.212 [AsyncHttpClient-1-1] DEBUG org.asynchttpclient.netty.channel.DefaultChannelPool - Entry count for : http://localhost:37415 : 1
01:48:33.212 [AsyncHttpClient-1-1] DEBUG org.asynchttpclient.netty.channel.DefaultChannelPool - Entry count for : http://localhost:62635 : 1
screen shot class not taking
  When Submit the form                                                         # StepDefination.Customer_onboarding.Submit_the_form()
01:48:34.098 [Forwarding findElement on session d38a26058a3f7d94c21efdfe7c44e501 to remote] DEBUG org.asynchttpclient.netty.request.NettyRequestSender - Using pooled Channel '[id: 0xb71035ae, L:/127.0.0.1:62634 - R:localhost/127.0.0.1:37415]' for 'POST' to 'http://localhost:37415/session/d38a26058a3f7d94c21efdfe7c44e501/element'
01:48:34.098 [Forwarding findElement on session d38a26058a3f7d94c21efdfe7c44e501 to remote] DEBUG org.asynchttpclient.netty.request.NettyRequestSender - Using open Channel [id: 0xb71035ae, L:/127.0.0.1:62634 - R:localhost/127.0.0.1:37415] for POST '/session/d38a26058a3f7d94c21efdfe7c44e501/element'
01:48:34.122 [AsyncHttpClient-1-8] DEBUG org.asynchttpclient.netty.handler.HttpHandler - 

Request DefaultHttpRequest(decodeResult: success, version: HTTP/1.1)
POST /session/d38a26058a3f7d94c21efdfe7c44e501/element HTTP/1.1
User-Agent: selenium/4.12.0 (java windows)
Content-Length: 151
Content-Type: application/json; charset=utf-8
host: localhost:37415
accept: */*

Response DefaultHttpResponse(decodeResult: success, version: HTTP/1.1)
HTTP/1.1 200 OK
Content-Length: 127
Content-Type: application/json; charset=utf-8
cache-control: no-cache

01:48:34.122 [AsyncHttpClient-1-8] DEBUG org.asynchttpclient.netty.channel.ChannelManager - Adding key: http://localhost:37415 for channel [id: 0xb71035ae, L:/127.0.0.1:62634 - R:localhost/127.0.0.1:37415]
01:48:34.131 [Forwarding clickElement on session d38a26058a3f7d94c21efdfe7c44e501 to remote] DEBUG org.asynchttpclient.netty.request.NettyRequestSender - Using pooled Channel '[id: 0xb71035ae, L:/127.0.0.1:62634 - R:localhost/127.0.0.1:37415]' for 'POST' to 'http://localhost:37415/session/d38a26058a3f7d94c21efdfe7c44e501/element/f.4348782CDCDDBE88A74ACF8B9FAC6FC9.d.57AA111EC7861991A5304A155CDF31EF.e.102/click'
01:48:34.131 [Forwarding clickElement on session d38a26058a3f7d94c21efdfe7c44e501 to remote] DEBUG org.asynchttpclient.netty.request.NettyRequestSender - Using open Channel [id: 0xb71035ae, L:/127.0.0.1:62634 - R:localhost/127.0.0.1:37415] for POST '/session/d38a26058a3f7d94c21efdfe7c44e501/element/f.4348782CDCDDBE88A74ACF8B9FAC6FC9.d.57AA111EC7861991A5304A155CDF31EF.e.102/click'
01:48:34.294 [AsyncHttpClient-1-8] DEBUG org.asynchttpclient.netty.handler.HttpHandler - 

Request DefaultHttpRequest(decodeResult: success, version: HTTP/1.1)
POST /session/d38a26058a3f7d94c21efdfe7c44e501/element/f.4348782CDCDDBE88A74ACF8B9FAC6FC9.d.57AA111EC7861991A5304A155CDF31EF.e.102/click HTTP/1.1
User-Agent: selenium/4.12.0 (java windows)
Content-Length: 89
Content-Type: application/json; charset=utf-8
host: localhost:37415
accept: */*

Response DefaultHttpResponse(decodeResult: success, version: HTTP/1.1)
HTTP/1.1 200 OK
Content-Length: 14
Content-Type: application/json; charset=utf-8
cache-control: no-cache

01:48:34.294 [AsyncHttpClient-1-8] DEBUG org.asynchttpclient.netty.channel.ChannelManager - Adding key: http://localhost:37415 for channel [id: 0xb71035ae, L:/127.0.0.1:62634 - R:localhost/127.0.0.1:37415]
01:48:34.310 [AsyncHttpClient-1-1] DEBUG org.asynchttpclient.netty.channel.DefaultChannelPool - Entry count for : http://localhost:37415 : 1
01:48:34.310 [AsyncHttpClient-1-1] DEBUG org.asynchttpclient.netty.channel.DefaultChannelPool - Entry count for : http://localhost:62635 : 1
screen shot class not taking
  And Tap back button                                                          # StepDefination.Customer_onboarding.Tap_back_button()
01:48:35.409 [AsyncHttpClient-1-1] DEBUG org.asynchttpclient.netty.channel.DefaultChannelPool - Entry count for : http://localhost:37415 : 1
01:48:35.409 [AsyncHttpClient-1-1] DEBUG org.asynchttpclient.netty.channel.DefaultChannelPool - Entry count for : http://localhost:62635 : 1
01:48:35.811 [Forwarding findElements on session d38a26058a3f7d94c21efdfe7c44e501 to remote] DEBUG org.asynchttpclient.netty.request.NettyRequestSender - Using pooled Channel '[id: 0xb71035ae, L:/127.0.0.1:62634 - R:localhost/127.0.0.1:37415]' for 'POST' to 'http://localhost:37415/session/d38a26058a3f7d94c21efdfe7c44e501/elements'
01:48:35.811 [Forwarding findElements on session d38a26058a3f7d94c21efdfe7c44e501 to remote] DEBUG org.asynchttpclient.netty.request.NettyRequestSender - Using open Channel [id: 0xb71035ae, L:/127.0.0.1:62634 - R:localhost/127.0.0.1:37415] for POST '/session/d38a26058a3f7d94c21efdfe7c44e501/elements'
01:48:35.834 [AsyncHttpClient-1-8] DEBUG org.asynchttpclient.netty.handler.HttpHandler - 

Request DefaultHttpRequest(decodeResult: success, version: HTTP/1.1)
POST /session/d38a26058a3f7d94c21efdfe7c44e501/elements HTTP/1.1
User-Agent: selenium/4.12.0 (java windows)
Content-Length: 142
Content-Type: application/json; charset=utf-8
host: localhost:37415
accept: */*

Response DefaultHttpResponse(decodeResult: success, version: HTTP/1.1)
HTTP/1.1 200 OK
Content-Length: 12
Content-Type: application/json; charset=utf-8
cache-control: no-cache

01:48:35.834 [AsyncHttpClient-1-8] DEBUG org.asynchttpclient.netty.channel.ChannelManager - Adding key: http://localhost:37415 for channel [id: 0xb71035ae, L:/127.0.0.1:62634 - R:localhost/127.0.0.1:37415]
Company Not created 
  Then customer successsfully added                                            # StepDefination.Customer_onboarding.customer_successsfully_added()
01:48:35.838 [Driver Command Executor] DEBUG org.asynchttpclient.netty.request.NettyRequestSender - Using pooled Channel '[id: 0xb71035ae, L:/127.0.0.1:62634 - R:localhost/127.0.0.1:37415]' for 'DELETE' to 'http://localhost:37415/session/d38a26058a3f7d94c21efdfe7c44e501'
01:48:35.838 [Driver Command Executor] DEBUG org.asynchttpclient.netty.request.NettyRequestSender - Using open Channel [id: 0xb71035ae, L:/127.0.0.1:62634 - R:localhost/127.0.0.1:37415] for DELETE '/session/d38a26058a3f7d94c21efdfe7c44e501'
01:48:35.838 [AsyncHttpClient-1-10] DEBUG org.asynchttpclient.netty.handler.WebSocketHandler - Channel Closed: [id: 0xd413b7e2, L:/127.0.0.1:62643 ! R:localhost/127.0.0.1:62635] with attribute DISCARD
01:48:35.984 [AsyncHttpClient-1-9] DEBUG org.asynchttpclient.netty.handler.HttpHandler - Unexpected I/O exception on channel [id: 0x538cb3a7, L:/127.0.0.1:62642 - R:localhost/127.0.0.1:62635]
java.net.SocketException: Connection reset
	at java.base/sun.nio.ch.SocketChannelImpl.throwConnectionReset(SocketChannelImpl.java:394)
	at java.base/sun.nio.ch.SocketChannelImpl.read(SocketChannelImpl.java:426)
	at io.netty.buffer.PooledByteBuf.setBytes(PooledByteBuf.java:254)
	at io.netty.buffer.AbstractByteBuf.writeBytes(AbstractByteBuf.java:1132)
	at io.netty.buffer.WrappedByteBuf.writeBytes(WrappedByteBuf.java:821)
	at io.netty.channel.socket.nio.NioSocketChannel.doReadBytes(NioSocketChannel.java:357)
	at io.netty.channel.nio.AbstractNioByteChannel$NioByteUnsafe.read(AbstractNioByteChannel.java:151)
	at io.netty.channel.nio.NioEventLoop.processSelectedKey(NioEventLoop.java:788)
	at io.netty.channel.nio.NioEventLoop.processSelectedKeysOptimized(NioEventLoop.java:724)
	at io.netty.channel.nio.NioEventLoop.processSelectedKeys(NioEventLoop.java:650)
	at io.netty.channel.nio.NioEventLoop.run(NioEventLoop.java:562)
	at io.netty.util.concurrent.SingleThreadEventExecutor$4.run(SingleThreadEventExecutor.java:997)
	at io.netty.util.internal.ThreadExecutorMap$2.run(ThreadExecutorMap.java:74)
	at io.netty.util.concurrent.FastThreadLocalRunnable.run(FastThreadLocalRunnable.java:30)
	at java.base/java.lang.Thread.run(Thread.java:840)
01:48:35.986 [AsyncHttpClient-1-9] DEBUG org.asynchttpclient.netty.channel.ChannelManager - Closing Channel [id: 0x538cb3a7, L:/127.0.0.1:62642 - R:localhost/127.0.0.1:62635] 
01:48:35.986 [AsyncHttpClient-1-9] DEBUG org.asynchttpclient.netty.handler.HttpHandler - Channel Closed: [id: 0x538cb3a7, L:/127.0.0.1:62642 ! R:localhost/127.0.0.1:62635] with attribute DISCARD
01:48:36.040 [AsyncHttpClient-1-8] DEBUG org.asynchttpclient.netty.handler.HttpHandler - 

Request DefaultFullHttpRequest(decodeResult: success, version: HTTP/1.1, content: EmptyByteBufBE)
DELETE /session/d38a26058a3f7d94c21efdfe7c44e501 HTTP/1.1
User-Agent: selenium/4.12.0 (java windows)
Content-Type: application/json; charset=utf-8
host: localhost:37415
accept: */*

Response DefaultHttpResponse(decodeResult: success, version: HTTP/1.1)
HTTP/1.1 200 OK
Content-Length: 14
Content-Type: application/json; charset=utf-8
cache-control: no-cache

01:48:36.040 [AsyncHttpClient-1-8] DEBUG org.asynchttpclient.netty.channel.ChannelManager - Adding key: http://localhost:37415 for channel [id: 0xb71035ae, L:/127.0.0.1:62634 - R:localhost/127.0.0.1:37415]
01:48:36.516 [AsyncHttpClient-1-1] DEBUG org.asynchttpclient.netty.channel.DefaultChannelPool - Entry count for : http://localhost:37415 : 1
01:48:36.516 [AsyncHttpClient-1-1] DEBUG org.asynchttpclient.netty.channel.DefaultChannelPool - Entry count for : http://localhost:62635 : 1
01:48:36.516 [AsyncHttpClient-1-1] DEBUG org.asynchttpclient.netty.channel.DefaultChannelPool - Adding Candidate expired Channel [id: 0x538cb3a7, L:/127.0.0.1:62642 ! R:localhost/127.0.0.1:62635] isIdleTimeoutExpired=false isRemotelyClosed=true isTtlExpired=false
01:48:36.516 [AsyncHttpClient-1-1] DEBUG org.asynchttpclient.netty.channel.DefaultChannelPool - Closing Idle Channel [id: 0x538cb3a7, L:/127.0.0.1:62642 ! R:localhost/127.0.0.1:62635]
01:48:36.516 [AsyncHttpClient-1-1] DEBUG org.asynchttpclient.netty.channel.DefaultChannelPool - Closed 1 connections out of 2 in 0 ms
01:48:36.822 [AsyncHttpClient-1-8] DEBUG org.asynchttpclient.netty.handler.HttpHandler - Channel Closed: [id: 0xb71035ae, L:/127.0.0.1:62634 ! R:localhost/127.0.0.1:37415] with attribute DISCARD
  And Close_Window                                                             # StepDefination.Customer_onboarding.close_window()
WebDriver is null. Nothing to close.
]]></system-out>
    <system-err><![CDATA[Jan 25, 2025 1:48:08 AM org.openqa.selenium.devtools.CdpVersionFinder findNearestMatch
WARNING: Unable to find CDP implementation matching 131
Jan 25, 2025 1:48:08 AM org.openqa.selenium.chromium.ChromiumDriver lambda$new$5
WARNING: Unable to find version of CDP to use for 131.0.6778.265. You may need to include a dependency on a specific version of the CDP using something similar to `org.seleniumhq.selenium:selenium-devtools-v86:4.12.0` where the version ("v86") matches the version of the chromium-based browser you're using and the version number of the artifact is the same as Selenium's.
]]></system-err>
  </testcase>
  <testcase name="In Carrier Add single customer with all details" classname="Carrier Customer Onboarding" time="47.922">
    <system-out><![CDATA[
Scenario Outline: In Carrier Add single customer with all details        # src/test/resources/Customers/Carrier_Customer_Onboarding.feature:38
01:48:37.270 [AsyncHttpClient-1-11] DEBUG org.asynchttpclient.netty.channel.NettyConnectListener - Using new Channel '[id: 0x706e2989, L:/127.0.0.1:62692 - R:localhost/127.0.0.1:39129]' for 'POST' to '/session'
01:48:37.609 [AsyncHttpClient-1-1] DEBUG org.asynchttpclient.netty.channel.DefaultChannelPool - Entry count for : http://localhost:37415 : 1
01:48:37.610 [AsyncHttpClient-1-1] DEBUG org.asynchttpclient.netty.channel.DefaultChannelPool - Adding Candidate expired Channel [id: 0xb71035ae, L:/127.0.0.1:62634 ! R:localhost/127.0.0.1:37415] isIdleTimeoutExpired=false isRemotelyClosed=true isTtlExpired=false
01:48:37.610 [AsyncHttpClient-1-1] DEBUG org.asynchttpclient.netty.channel.DefaultChannelPool - Closing Idle Channel [id: 0xb71035ae, L:/127.0.0.1:62634 ! R:localhost/127.0.0.1:37415]
01:48:37.610 [AsyncHttpClient-1-1] DEBUG org.asynchttpclient.netty.channel.DefaultChannelPool - Closed 1 connections out of 1 in 0 ms
01:48:38.734 [AsyncHttpClient-1-11] DEBUG org.asynchttpclient.netty.handler.HttpHandler - 

Request DefaultHttpRequest(decodeResult: success, version: HTTP/1.1)
POST /session HTTP/1.1
User-Agent: selenium/4.12.0 (java windows)
Content-Length: 254
Content-Type: application/json; charset=utf-8
host: localhost:39129
accept: */*

Response DefaultHttpResponse(decodeResult: success, version: HTTP/1.1)
HTTP/1.1 200 OK
Content-Length: 887
Content-Type: application/json; charset=utf-8
cache-control: no-cache

01:48:38.734 [AsyncHttpClient-1-11] DEBUG org.asynchttpclient.netty.channel.ChannelManager - Adding key: http://localhost:39129 for channel [id: 0x706e2989, L:/127.0.0.1:62692 - R:localhost/127.0.0.1:39129]
01:48:38.758 [AsyncHttpClient-1-12] DEBUG org.asynchttpclient.netty.channel.NettyConnectListener - Using new Channel '[id: 0x37658993, L:/127.0.0.1:62701 - R:localhost/127.0.0.1:62693]' for 'GET' to '/json/version'
01:48:38.758 [AsyncHttpClient-1-12] DEBUG org.asynchttpclient.netty.handler.HttpHandler - 

Request DefaultFullHttpRequest(decodeResult: success, version: HTTP/1.1, content: EmptyByteBufBE)
GET /json/version HTTP/1.1
User-Agent: selenium/4.12.0 (java windows)
host: localhost:62693
accept: */*

Response DefaultHttpResponse(decodeResult: success, version: HTTP/1.1)
HTTP/1.1 200 OK
Content-Security-Policy: frame-ancestors 'none'
Content-Length: 424
Content-Type: application/json; charset=UTF-8

01:48:38.758 [AsyncHttpClient-1-12] DEBUG org.asynchttpclient.netty.channel.ChannelManager - Adding key: http://localhost:62693 for channel [id: 0x37658993, L:/127.0.0.1:62701 - R:localhost/127.0.0.1:62693]
01:48:38.766 [AsyncHttpClient-1-13] DEBUG org.asynchttpclient.netty.channel.NettyConnectListener - Using new Channel '[id: 0x510a1668, L:/127.0.0.1:62702 - R:localhost/127.0.0.1:62693]' for 'GET' to '/devtools/browser/97631611-8a49-4438-9821-4cbfd2a418fd'
01:48:38.766 [AsyncHttpClient-1-13] DEBUG org.asynchttpclient.netty.handler.WebSocketHandler - 

Request DefaultFullHttpRequest(decodeResult: success, version: HTTP/1.1, content: EmptyByteBufBE)
GET /devtools/browser/97631611-8a49-4438-9821-4cbfd2a418fd HTTP/1.1
upgrade: websocket
connection: upgrade
sec-websocket-key: qGL+/A7jaj21V1FFgHQTbw==
sec-websocket-version: 13
origin: http://localhost:62693
host: localhost:62693
accept: */*
user-agent: AHC/2.1

Response DefaultHttpResponse(decodeResult: success, version: HTTP/1.1)
HTTP/1.1 101 WebSocket Protocol Handshake
Upgrade: WebSocket
Connection: Upgrade
Sec-WebSocket-Accept: Z0OhmYRc0NSNOx6zMZQaLsz3DQc=

01:48:38.783 [Forwarding get on session c0b5674e5b961df2d0f4e7fac81a2cbc to remote] DEBUG org.asynchttpclient.netty.request.NettyRequestSender - Using pooled Channel '[id: 0x706e2989, L:/127.0.0.1:62692 - R:localhost/127.0.0.1:39129]' for 'POST' to 'http://localhost:39129/session/c0b5674e5b961df2d0f4e7fac81a2cbc/url'
01:48:38.783 [Forwarding get on session c0b5674e5b961df2d0f4e7fac81a2cbc to remote] DEBUG org.asynchttpclient.netty.request.NettyRequestSender - Using open Channel [id: 0x706e2989, L:/127.0.0.1:62692 - R:localhost/127.0.0.1:39129] for POST '/session/c0b5674e5b961df2d0f4e7fac81a2cbc/url'
01:48:39.807 [AsyncHttpClient-1-1] DEBUG org.asynchttpclient.netty.channel.DefaultChannelPool - Entry count for : http://localhost:62693 : 1
01:48:40.383 [AsyncHttpClient-1-11] DEBUG org.asynchttpclient.netty.handler.HttpHandler - 

Request DefaultHttpRequest(decodeResult: success, version: HTTP/1.1)
POST /session/c0b5674e5b961df2d0f4e7fac81a2cbc/url HTTP/1.1
User-Agent: selenium/4.12.0 (java windows)
Content-Length: 79
Content-Type: application/json; charset=utf-8
host: localhost:39129
accept: */*

Response DefaultHttpResponse(decodeResult: success, version: HTTP/1.1)
HTTP/1.1 200 OK
Content-Length: 14
Content-Type: application/json; charset=utf-8
cache-control: no-cache

01:48:40.383 [AsyncHttpClient-1-11] DEBUG org.asynchttpclient.netty.channel.ChannelManager - Adding key: http://localhost:39129 for channel [id: 0x706e2989, L:/127.0.0.1:62692 - R:localhost/127.0.0.1:39129]
01:48:40.383 [Forwarding maximizeCurrentWindow on session c0b5674e5b961df2d0f4e7fac81a2cbc to remote] DEBUG org.asynchttpclient.netty.request.NettyRequestSender - Using pooled Channel '[id: 0x706e2989, L:/127.0.0.1:62692 - R:localhost/127.0.0.1:39129]' for 'POST' to 'http://localhost:39129/session/c0b5674e5b961df2d0f4e7fac81a2cbc/window/maximize'
01:48:40.383 [Forwarding maximizeCurrentWindow on session c0b5674e5b961df2d0f4e7fac81a2cbc to remote] DEBUG org.asynchttpclient.netty.request.NettyRequestSender - Using open Channel [id: 0x706e2989, L:/127.0.0.1:62692 - R:localhost/127.0.0.1:39129] for POST '/session/c0b5674e5b961df2d0f4e7fac81a2cbc/window/maximize'
01:48:40.463 [AsyncHttpClient-1-11] DEBUG org.asynchttpclient.netty.handler.HttpHandler - 

Request DefaultHttpRequest(decodeResult: success, version: HTTP/1.1)
POST /session/c0b5674e5b961df2d0f4e7fac81a2cbc/window/maximize HTTP/1.1
User-Agent: selenium/4.12.0 (java windows)
Content-Length: 3
Content-Type: application/json; charset=utf-8
host: localhost:39129
accept: */*

Response DefaultHttpResponse(decodeResult: success, version: HTTP/1.1)
HTTP/1.1 200 OK
Content-Length: 51
Content-Type: application/json; charset=utf-8
cache-control: no-cache

01:48:40.463 [AsyncHttpClient-1-11] DEBUG org.asynchttpclient.netty.channel.ChannelManager - Adding key: http://localhost:39129 for channel [id: 0x706e2989, L:/127.0.0.1:62692 - R:localhost/127.0.0.1:39129]
01:48:40.472 [Forwarding findElement on session c0b5674e5b961df2d0f4e7fac81a2cbc to remote] DEBUG org.asynchttpclient.netty.request.NettyRequestSender - Using pooled Channel '[id: 0x706e2989, L:/127.0.0.1:62692 - R:localhost/127.0.0.1:39129]' for 'POST' to 'http://localhost:39129/session/c0b5674e5b961df2d0f4e7fac81a2cbc/element'
01:48:40.472 [Forwarding findElement on session c0b5674e5b961df2d0f4e7fac81a2cbc to remote] DEBUG org.asynchttpclient.netty.request.NettyRequestSender - Using open Channel [id: 0x706e2989, L:/127.0.0.1:62692 - R:localhost/127.0.0.1:39129] for POST '/session/c0b5674e5b961df2d0f4e7fac81a2cbc/element'
01:48:40.496 [AsyncHttpClient-1-11] DEBUG org.asynchttpclient.netty.handler.HttpHandler - 

Request DefaultHttpRequest(decodeResult: success, version: HTTP/1.1)
POST /session/c0b5674e5b961df2d0f4e7fac81a2cbc/element HTTP/1.1
User-Agent: selenium/4.12.0 (java windows)
Content-Length: 69
Content-Type: application/json; charset=utf-8
host: localhost:39129
accept: */*

Response DefaultHttpResponse(decodeResult: success, version: HTTP/1.1)
HTTP/1.1 200 OK
Content-Length: 125
Content-Type: application/json; charset=utf-8
cache-control: no-cache

01:48:40.496 [AsyncHttpClient-1-11] DEBUG org.asynchttpclient.netty.channel.ChannelManager - Adding key: http://localhost:39129 for channel [id: 0x706e2989, L:/127.0.0.1:62692 - R:localhost/127.0.0.1:39129]
01:48:40.496 [Forwarding sendKeysToElement on session c0b5674e5b961df2d0f4e7fac81a2cbc to remote] DEBUG org.asynchttpclient.netty.request.NettyRequestSender - Using pooled Channel '[id: 0x706e2989, L:/127.0.0.1:62692 - R:localhost/127.0.0.1:39129]' for 'POST' to 'http://localhost:39129/session/c0b5674e5b961df2d0f4e7fac81a2cbc/element/f.D45E56467E3E6A7B289AB50B8C3E5BE9.d.5CCD2F9AC4C422DEFF4A6F1228F246CC.e.4/value'
01:48:40.496 [Forwarding sendKeysToElement on session c0b5674e5b961df2d0f4e7fac81a2cbc to remote] DEBUG org.asynchttpclient.netty.request.NettyRequestSender - Using open Channel [id: 0x706e2989, L:/127.0.0.1:62692 - R:localhost/127.0.0.1:39129] for POST '/session/c0b5674e5b961df2d0f4e7fac81a2cbc/element/f.D45E56467E3E6A7B289AB50B8C3E5BE9.d.5CCD2F9AC4C422DEFF4A6F1228F246CC.e.4/value'
01:48:40.796 [AsyncHttpClient-1-11] DEBUG org.asynchttpclient.netty.handler.HttpHandler - 

Request DefaultHttpRequest(decodeResult: success, version: HTTP/1.1)
POST /session/c0b5674e5b961df2d0f4e7fac81a2cbc/element/f.D45E56467E3E6A7B289AB50B8C3E5BE9.d.5CCD2F9AC4C422DEFF4A6F1228F246CC.e.4/value HTTP/1.1
User-Agent: selenium/4.12.0 (java windows)
Content-Length: 328
Content-Type: application/json; charset=utf-8
host: localhost:39129
accept: */*

Response DefaultHttpResponse(decodeResult: success, version: HTTP/1.1)
HTTP/1.1 200 OK
Content-Length: 14
Content-Type: application/json; charset=utf-8
cache-control: no-cache

01:48:40.796 [AsyncHttpClient-1-11] DEBUG org.asynchttpclient.netty.channel.ChannelManager - Adding key: http://localhost:39129 for channel [id: 0x706e2989, L:/127.0.0.1:62692 - R:localhost/127.0.0.1:39129]
01:48:40.796 [Forwarding findElement on session c0b5674e5b961df2d0f4e7fac81a2cbc to remote] DEBUG org.asynchttpclient.netty.request.NettyRequestSender - Using pooled Channel '[id: 0x706e2989, L:/127.0.0.1:62692 - R:localhost/127.0.0.1:39129]' for 'POST' to 'http://localhost:39129/session/c0b5674e5b961df2d0f4e7fac81a2cbc/element'
01:48:40.796 [Forwarding findElement on session c0b5674e5b961df2d0f4e7fac81a2cbc to remote] DEBUG org.asynchttpclient.netty.request.NettyRequestSender - Using open Channel [id: 0x706e2989, L:/127.0.0.1:62692 - R:localhost/127.0.0.1:39129] for POST '/session/c0b5674e5b961df2d0f4e7fac81a2cbc/element'
01:48:40.812 [AsyncHttpClient-1-11] DEBUG org.asynchttpclient.netty.handler.HttpHandler - 

Request DefaultHttpRequest(decodeResult: success, version: HTTP/1.1)
POST /session/c0b5674e5b961df2d0f4e7fac81a2cbc/element HTTP/1.1
User-Agent: selenium/4.12.0 (java windows)
Content-Length: 72
Content-Type: application/json; charset=utf-8
host: localhost:39129
accept: */*

Response DefaultHttpResponse(decodeResult: success, version: HTTP/1.1)
HTTP/1.1 200 OK
Content-Length: 125
Content-Type: application/json; charset=utf-8
cache-control: no-cache

01:48:40.812 [AsyncHttpClient-1-11] DEBUG org.asynchttpclient.netty.channel.ChannelManager - Adding key: http://localhost:39129 for channel [id: 0x706e2989, L:/127.0.0.1:62692 - R:localhost/127.0.0.1:39129]
01:48:40.821 [Forwarding sendKeysToElement on session c0b5674e5b961df2d0f4e7fac81a2cbc to remote] DEBUG org.asynchttpclient.netty.request.NettyRequestSender - Using pooled Channel '[id: 0x706e2989, L:/127.0.0.1:62692 - R:localhost/127.0.0.1:39129]' for 'POST' to 'http://localhost:39129/session/c0b5674e5b961df2d0f4e7fac81a2cbc/element/f.D45E56467E3E6A7B289AB50B8C3E5BE9.d.5CCD2F9AC4C422DEFF4A6F1228F246CC.e.6/value'
01:48:40.821 [Forwarding sendKeysToElement on session c0b5674e5b961df2d0f4e7fac81a2cbc to remote] DEBUG org.asynchttpclient.netty.request.NettyRequestSender - Using open Channel [id: 0x706e2989, L:/127.0.0.1:62692 - R:localhost/127.0.0.1:39129] for POST '/session/c0b5674e5b961df2d0f4e7fac81a2cbc/element/f.D45E56467E3E6A7B289AB50B8C3E5BE9.d.5CCD2F9AC4C422DEFF4A6F1228F246CC.e.6/value'
01:48:40.909 [AsyncHttpClient-1-1] DEBUG org.asynchttpclient.netty.channel.DefaultChannelPool - Entry count for : http://localhost:62693 : 1
01:48:41.134 [AsyncHttpClient-1-11] DEBUG org.asynchttpclient.netty.handler.HttpHandler - 

Request DefaultHttpRequest(decodeResult: success, version: HTTP/1.1)
POST /session/c0b5674e5b961df2d0f4e7fac81a2cbc/element/f.D45E56467E3E6A7B289AB50B8C3E5BE9.d.5CCD2F9AC4C422DEFF4A6F1228F246CC.e.6/value HTTP/1.1
User-Agent: selenium/4.12.0 (java windows)
Content-Length: 198
Content-Type: application/json; charset=utf-8
host: localhost:39129
accept: */*

Response DefaultHttpResponse(decodeResult: success, version: HTTP/1.1)
HTTP/1.1 200 OK
Content-Length: 14
Content-Type: application/json; charset=utf-8
cache-control: no-cache

01:48:41.134 [AsyncHttpClient-1-11] DEBUG org.asynchttpclient.netty.channel.ChannelManager - Adding key: http://localhost:39129 for channel [id: 0x706e2989, L:/127.0.0.1:62692 - R:localhost/127.0.0.1:39129]
01:48:41.136 [Forwarding findElement on session c0b5674e5b961df2d0f4e7fac81a2cbc to remote] DEBUG org.asynchttpclient.netty.request.NettyRequestSender - Using pooled Channel '[id: 0x706e2989, L:/127.0.0.1:62692 - R:localhost/127.0.0.1:39129]' for 'POST' to 'http://localhost:39129/session/c0b5674e5b961df2d0f4e7fac81a2cbc/element'
01:48:41.136 [Forwarding findElement on session c0b5674e5b961df2d0f4e7fac81a2cbc to remote] DEBUG org.asynchttpclient.netty.request.NettyRequestSender - Using open Channel [id: 0x706e2989, L:/127.0.0.1:62692 - R:localhost/127.0.0.1:39129] for POST '/session/c0b5674e5b961df2d0f4e7fac81a2cbc/element'
01:48:41.159 [AsyncHttpClient-1-11] DEBUG org.asynchttpclient.netty.handler.HttpHandler - 

Request DefaultHttpRequest(decodeResult: success, version: HTTP/1.1)
POST /session/c0b5674e5b961df2d0f4e7fac81a2cbc/element HTTP/1.1
User-Agent: selenium/4.12.0 (java windows)
Content-Length: 73
Content-Type: application/json; charset=utf-8
host: localhost:39129
accept: */*

Response DefaultHttpResponse(decodeResult: success, version: HTTP/1.1)
HTTP/1.1 200 OK
Content-Length: 125
Content-Type: application/json; charset=utf-8
cache-control: no-cache

01:48:41.159 [AsyncHttpClient-1-11] DEBUG org.asynchttpclient.netty.channel.ChannelManager - Adding key: http://localhost:39129 for channel [id: 0x706e2989, L:/127.0.0.1:62692 - R:localhost/127.0.0.1:39129]
01:48:41.161 [Forwarding clickElement on session c0b5674e5b961df2d0f4e7fac81a2cbc to remote] DEBUG org.asynchttpclient.netty.request.NettyRequestSender - Using pooled Channel '[id: 0x706e2989, L:/127.0.0.1:62692 - R:localhost/127.0.0.1:39129]' for 'POST' to 'http://localhost:39129/session/c0b5674e5b961df2d0f4e7fac81a2cbc/element/f.D45E56467E3E6A7B289AB50B8C3E5BE9.d.5CCD2F9AC4C422DEFF4A6F1228F246CC.e.8/click'
01:48:41.161 [Forwarding clickElement on session c0b5674e5b961df2d0f4e7fac81a2cbc to remote] DEBUG org.asynchttpclient.netty.request.NettyRequestSender - Using open Channel [id: 0x706e2989, L:/127.0.0.1:62692 - R:localhost/127.0.0.1:39129] for POST '/session/c0b5674e5b961df2d0f4e7fac81a2cbc/element/f.D45E56467E3E6A7B289AB50B8C3E5BE9.d.5CCD2F9AC4C422DEFF4A6F1228F246CC.e.8/click'
01:48:41.339 [AsyncHttpClient-1-11] DEBUG org.asynchttpclient.netty.handler.HttpHandler - 

Request DefaultHttpRequest(decodeResult: success, version: HTTP/1.1)
POST /session/c0b5674e5b961df2d0f4e7fac81a2cbc/element/f.D45E56467E3E6A7B289AB50B8C3E5BE9.d.5CCD2F9AC4C422DEFF4A6F1228F246CC.e.8/click HTTP/1.1
User-Agent: selenium/4.12.0 (java windows)
Content-Length: 87
Content-Type: application/json; charset=utf-8
host: localhost:39129
accept: */*

Response DefaultHttpResponse(decodeResult: success, version: HTTP/1.1)
HTTP/1.1 200 OK
Content-Length: 14
Content-Type: application/json; charset=utf-8
cache-control: no-cache

01:48:41.339 [AsyncHttpClient-1-11] DEBUG org.asynchttpclient.netty.channel.ChannelManager - Adding key: http://localhost:39129 for channel [id: 0x706e2989, L:/127.0.0.1:62692 - R:localhost/127.0.0.1:39129]
01:48:42.008 [AsyncHttpClient-1-1] DEBUG org.asynchttpclient.netty.channel.DefaultChannelPool - Entry count for : http://localhost:39129 : 1
01:48:42.008 [AsyncHttpClient-1-1] DEBUG org.asynchttpclient.netty.channel.DefaultChannelPool - Entry count for : http://localhost:62693 : 1
01:48:43.111 [AsyncHttpClient-1-1] DEBUG org.asynchttpclient.netty.channel.DefaultChannelPool - Entry count for : http://localhost:39129 : 1
01:48:43.112 [AsyncHttpClient-1-1] DEBUG org.asynchttpclient.netty.channel.DefaultChannelPool - Entry count for : http://localhost:62693 : 1
01:48:44.212 [AsyncHttpClient-1-1] DEBUG org.asynchttpclient.netty.channel.DefaultChannelPool - Entry count for : http://localhost:39129 : 1
01:48:44.212 [AsyncHttpClient-1-1] DEBUG org.asynchttpclient.netty.channel.DefaultChannelPool - Entry count for : http://localhost:62693 : 1
01:48:45.316 [AsyncHttpClient-1-1] DEBUG org.asynchttpclient.netty.channel.DefaultChannelPool - Entry count for : http://localhost:39129 : 1
01:48:45.316 [AsyncHttpClient-1-1] DEBUG org.asynchttpclient.netty.channel.DefaultChannelPool - Entry count for : http://localhost:62693 : 1
01:48:46.355 [Forwarding getCurrentUrl on session c0b5674e5b961df2d0f4e7fac81a2cbc to remote] DEBUG org.asynchttpclient.netty.request.NettyRequestSender - Using pooled Channel '[id: 0x706e2989, L:/127.0.0.1:62692 - R:localhost/127.0.0.1:39129]' for 'GET' to 'http://localhost:39129/session/c0b5674e5b961df2d0f4e7fac81a2cbc/url'
01:48:46.355 [Forwarding getCurrentUrl on session c0b5674e5b961df2d0f4e7fac81a2cbc to remote] DEBUG org.asynchttpclient.netty.request.NettyRequestSender - Using open Channel [id: 0x706e2989, L:/127.0.0.1:62692 - R:localhost/127.0.0.1:39129] for GET '/session/c0b5674e5b961df2d0f4e7fac81a2cbc/url'
01:48:46.363 [AsyncHttpClient-1-11] DEBUG org.asynchttpclient.netty.handler.HttpHandler - 

Request DefaultFullHttpRequest(decodeResult: success, version: HTTP/1.1, content: EmptyByteBufBE)
GET /session/c0b5674e5b961df2d0f4e7fac81a2cbc/url HTTP/1.1
Cache-Control: no-cache
User-Agent: selenium/4.12.0 (java windows)
Content-Type: application/json; charset=utf-8
host: localhost:39129
accept: */*

Response DefaultHttpResponse(decodeResult: success, version: HTTP/1.1)
HTTP/1.1 200 OK
Content-Length: 56
Content-Type: application/json; charset=utf-8
cache-control: no-cache

01:48:46.363 [AsyncHttpClient-1-11] DEBUG org.asynchttpclient.netty.channel.ChannelManager - Adding key: http://localhost:39129 for channel [id: 0x706e2989, L:/127.0.0.1:62692 - R:localhost/127.0.0.1:39129]
Site 1: https://platform.fleetsyncs.com/admin/onboarding/broker/load-tender
Site 2: https://platform.fleetsyncs.com/auth/sign-in
Site 2: https://platform.fleetsyncs.com/auth/sign-in
https://platform.fleetsyncs.com/auth/sign-in
01:48:46.363 [Forwarding findElement on session c0b5674e5b961df2d0f4e7fac81a2cbc to remote] DEBUG org.asynchttpclient.netty.request.NettyRequestSender - Using pooled Channel '[id: 0x706e2989, L:/127.0.0.1:62692 - R:localhost/127.0.0.1:39129]' for 'POST' to 'http://localhost:39129/session/c0b5674e5b961df2d0f4e7fac81a2cbc/element'
01:48:46.363 [Forwarding findElement on session c0b5674e5b961df2d0f4e7fac81a2cbc to remote] DEBUG org.asynchttpclient.netty.request.NettyRequestSender - Using open Channel [id: 0x706e2989, L:/127.0.0.1:62692 - R:localhost/127.0.0.1:39129] for POST '/session/c0b5674e5b961df2d0f4e7fac81a2cbc/element'
01:48:46.379 [AsyncHttpClient-1-11] DEBUG org.asynchttpclient.netty.handler.HttpHandler - 

Request DefaultHttpRequest(decodeResult: success, version: HTTP/1.1)
POST /session/c0b5674e5b961df2d0f4e7fac81a2cbc/element HTTP/1.1
User-Agent: selenium/4.12.0 (java windows)
Content-Length: 66
Content-Type: application/json; charset=utf-8
host: localhost:39129
accept: */*

Response DefaultHttpResponse(decodeResult: success, version: HTTP/1.1)
HTTP/1.1 200 OK
Content-Length: 126
Content-Type: application/json; charset=utf-8
cache-control: no-cache

01:48:46.379 [AsyncHttpClient-1-11] DEBUG org.asynchttpclient.netty.channel.ChannelManager - Adding key: http://localhost:39129 for channel [id: 0x706e2989, L:/127.0.0.1:62692 - R:localhost/127.0.0.1:39129]
01:48:46.388 [Forwarding isElementDisplayed on session c0b5674e5b961df2d0f4e7fac81a2cbc to remote] DEBUG org.asynchttpclient.netty.request.NettyRequestSender - Using pooled Channel '[id: 0x706e2989, L:/127.0.0.1:62692 - R:localhost/127.0.0.1:39129]' for 'POST' to 'http://localhost:39129/session/c0b5674e5b961df2d0f4e7fac81a2cbc/execute/sync'
01:48:46.388 [Forwarding isElementDisplayed on session c0b5674e5b961df2d0f4e7fac81a2cbc to remote] DEBUG org.asynchttpclient.netty.request.NettyRequestSender - Using open Channel [id: 0x706e2989, L:/127.0.0.1:62692 - R:localhost/127.0.0.1:39129] for POST '/session/c0b5674e5b961df2d0f4e7fac81a2cbc/execute/sync'
01:48:46.405 [AsyncHttpClient-1-11] DEBUG org.asynchttpclient.netty.handler.HttpHandler - 

Request DefaultHttpRequest(decodeResult: success, version: HTTP/1.1)
POST /session/c0b5674e5b961df2d0f4e7fac81a2cbc/execute/sync HTTP/1.1
User-Agent: selenium/4.12.0 (java windows)
Content-Length: 48734
Content-Type: application/json; charset=utf-8
host: localhost:39129
accept: */*

Response DefaultHttpResponse(decodeResult: success, version: HTTP/1.1)
HTTP/1.1 200 OK
Content-Length: 14
Content-Type: application/json; charset=utf-8
cache-control: no-cache

01:48:46.405 [AsyncHttpClient-1-11] DEBUG org.asynchttpclient.netty.channel.ChannelManager - Adding key: http://localhost:39129 for channel [id: 0x706e2989, L:/127.0.0.1:62692 - R:localhost/127.0.0.1:39129]
01:48:46.405 [Forwarding findElement on session c0b5674e5b961df2d0f4e7fac81a2cbc to remote] DEBUG org.asynchttpclient.netty.request.NettyRequestSender - Using pooled Channel '[id: 0x706e2989, L:/127.0.0.1:62692 - R:localhost/127.0.0.1:39129]' for 'POST' to 'http://localhost:39129/session/c0b5674e5b961df2d0f4e7fac81a2cbc/element'
01:48:46.405 [Forwarding findElement on session c0b5674e5b961df2d0f4e7fac81a2cbc to remote] DEBUG org.asynchttpclient.netty.request.NettyRequestSender - Using open Channel [id: 0x706e2989, L:/127.0.0.1:62692 - R:localhost/127.0.0.1:39129] for POST '/session/c0b5674e5b961df2d0f4e7fac81a2cbc/element'
01:48:46.413 [AsyncHttpClient-1-1] DEBUG org.asynchttpclient.netty.channel.DefaultChannelPool - Entry count for : http://localhost:62693 : 1
01:48:46.421 [AsyncHttpClient-1-11] DEBUG org.asynchttpclient.netty.handler.HttpHandler - 

Request DefaultHttpRequest(decodeResult: success, version: HTTP/1.1)
POST /session/c0b5674e5b961df2d0f4e7fac81a2cbc/element HTTP/1.1
User-Agent: selenium/4.12.0 (java windows)
Content-Length: 66
Content-Type: application/json; charset=utf-8
host: localhost:39129
accept: */*

Response DefaultHttpResponse(decodeResult: success, version: HTTP/1.1)
HTTP/1.1 200 OK
Content-Length: 126
Content-Type: application/json; charset=utf-8
cache-control: no-cache

01:48:46.421 [AsyncHttpClient-1-11] DEBUG org.asynchttpclient.netty.channel.ChannelManager - Adding key: http://localhost:39129 for channel [id: 0x706e2989, L:/127.0.0.1:62692 - R:localhost/127.0.0.1:39129]
01:48:46.421 [Forwarding getElementText on session c0b5674e5b961df2d0f4e7fac81a2cbc to remote] DEBUG org.asynchttpclient.netty.request.NettyRequestSender - Using pooled Channel '[id: 0x706e2989, L:/127.0.0.1:62692 - R:localhost/127.0.0.1:39129]' for 'GET' to 'http://localhost:39129/session/c0b5674e5b961df2d0f4e7fac81a2cbc/element/f.D45E56467E3E6A7B289AB50B8C3E5BE9.d.5CCD2F9AC4C422DEFF4A6F1228F246CC.e.19/text'
01:48:46.421 [Forwarding getElementText on session c0b5674e5b961df2d0f4e7fac81a2cbc to remote] DEBUG org.asynchttpclient.netty.request.NettyRequestSender - Using open Channel [id: 0x706e2989, L:/127.0.0.1:62692 - R:localhost/127.0.0.1:39129] for GET '/session/c0b5674e5b961df2d0f4e7fac81a2cbc/element/f.D45E56467E3E6A7B289AB50B8C3E5BE9.d.5CCD2F9AC4C422DEFF4A6F1228F246CC.e.19/text'
01:48:46.446 [AsyncHttpClient-1-11] DEBUG org.asynchttpclient.netty.handler.HttpHandler - 

Request DefaultFullHttpRequest(decodeResult: success, version: HTTP/1.1, content: EmptyByteBufBE)
GET /session/c0b5674e5b961df2d0f4e7fac81a2cbc/element/f.D45E56467E3E6A7B289AB50B8C3E5BE9.d.5CCD2F9AC4C422DEFF4A6F1228F246CC.e.19/text HTTP/1.1
Cache-Control: no-cache
User-Agent: selenium/4.12.0 (java windows)
Content-Type: application/json; charset=utf-8
host: localhost:39129
accept: */*

Response DefaultHttpResponse(decodeResult: success, version: HTTP/1.1)
HTTP/1.1 200 OK
Content-Length: 33
Content-Type: application/json; charset=utf-8
cache-control: no-cache

01:48:46.446 [AsyncHttpClient-1-11] DEBUG org.asynchttpclient.netty.channel.ChannelManager - Adding key: http://localhost:39129 for channel [id: 0x706e2989, L:/127.0.0.1:62692 - R:localhost/127.0.0.1:39129]
01:48:46.446 [Forwarding findElement on session c0b5674e5b961df2d0f4e7fac81a2cbc to remote] DEBUG org.asynchttpclient.netty.request.NettyRequestSender - Using pooled Channel '[id: 0x706e2989, L:/127.0.0.1:62692 - R:localhost/127.0.0.1:39129]' for 'POST' to 'http://localhost:39129/session/c0b5674e5b961df2d0f4e7fac81a2cbc/element'
01:48:46.446 [Forwarding findElement on session c0b5674e5b961df2d0f4e7fac81a2cbc to remote] DEBUG org.asynchttpclient.netty.request.NettyRequestSender - Using open Channel [id: 0x706e2989, L:/127.0.0.1:62692 - R:localhost/127.0.0.1:39129] for POST '/session/c0b5674e5b961df2d0f4e7fac81a2cbc/element'
01:48:46.463 [AsyncHttpClient-1-11] DEBUG org.asynchttpclient.netty.handler.HttpHandler - 

Request DefaultHttpRequest(decodeResult: success, version: HTTP/1.1)
POST /session/c0b5674e5b961df2d0f4e7fac81a2cbc/element HTTP/1.1
User-Agent: selenium/4.12.0 (java windows)
Content-Length: 74
Content-Type: application/json; charset=utf-8
host: localhost:39129
accept: */*

Response DefaultHttpResponse(decodeResult: success, version: HTTP/1.1)
HTTP/1.1 200 OK
Content-Length: 126
Content-Type: application/json; charset=utf-8
cache-control: no-cache

01:48:46.463 [AsyncHttpClient-1-11] DEBUG org.asynchttpclient.netty.channel.ChannelManager - Adding key: http://localhost:39129 for channel [id: 0x706e2989, L:/127.0.0.1:62692 - R:localhost/127.0.0.1:39129]
01:48:46.463 [Forwarding clickElement on session c0b5674e5b961df2d0f4e7fac81a2cbc to remote] DEBUG org.asynchttpclient.netty.request.NettyRequestSender - Using pooled Channel '[id: 0x706e2989, L:/127.0.0.1:62692 - R:localhost/127.0.0.1:39129]' for 'POST' to 'http://localhost:39129/session/c0b5674e5b961df2d0f4e7fac81a2cbc/element/f.D45E56467E3E6A7B289AB50B8C3E5BE9.d.5CCD2F9AC4C422DEFF4A6F1228F246CC.e.20/click'
01:48:46.463 [Forwarding clickElement on session c0b5674e5b961df2d0f4e7fac81a2cbc to remote] DEBUG org.asynchttpclient.netty.request.NettyRequestSender - Using open Channel [id: 0x706e2989, L:/127.0.0.1:62692 - R:localhost/127.0.0.1:39129] for POST '/session/c0b5674e5b961df2d0f4e7fac81a2cbc/element/f.D45E56467E3E6A7B289AB50B8C3E5BE9.d.5CCD2F9AC4C422DEFF4A6F1228F246CC.e.20/click'
01:48:46.553 [AsyncHttpClient-1-11] DEBUG org.asynchttpclient.netty.handler.HttpHandler - 

Request DefaultHttpRequest(decodeResult: success, version: HTTP/1.1)
POST /session/c0b5674e5b961df2d0f4e7fac81a2cbc/element/f.D45E56467E3E6A7B289AB50B8C3E5BE9.d.5CCD2F9AC4C422DEFF4A6F1228F246CC.e.20/click HTTP/1.1
User-Agent: selenium/4.12.0 (java windows)
Content-Length: 88
Content-Type: application/json; charset=utf-8
host: localhost:39129
accept: */*

Response DefaultHttpResponse(decodeResult: success, version: HTTP/1.1)
HTTP/1.1 200 OK
Content-Length: 14
Content-Type: application/json; charset=utf-8
cache-control: no-cache

01:48:46.553 [AsyncHttpClient-1-11] DEBUG org.asynchttpclient.netty.channel.ChannelManager - Adding key: http://localhost:39129 for channel [id: 0x706e2989, L:/127.0.0.1:62692 - R:localhost/127.0.0.1:39129]
01:48:47.510 [AsyncHttpClient-1-1] DEBUG org.asynchttpclient.netty.channel.DefaultChannelPool - Entry count for : http://localhost:39129 : 1
01:48:47.510 [AsyncHttpClient-1-1] DEBUG org.asynchttpclient.netty.channel.DefaultChannelPool - Entry count for : http://localhost:62693 : 1
01:48:48.609 [AsyncHttpClient-1-1] DEBUG org.asynchttpclient.netty.channel.DefaultChannelPool - Entry count for : http://localhost:39129 : 1
01:48:48.609 [AsyncHttpClient-1-1] DEBUG org.asynchttpclient.netty.channel.DefaultChannelPool - Entry count for : http://localhost:62693 : 1
screen shot class not taking
  Given I am on dashboardasatpute008@gmail.com and Pass@123              # StepDefination.Customer_onboarding.I_am_on_dashboard(java.lang.String,java.lang.String)
01:48:49.721 [AsyncHttpClient-1-1] DEBUG org.asynchttpclient.netty.channel.DefaultChannelPool - Entry count for : http://localhost:39129 : 1
01:48:49.722 [AsyncHttpClient-1-1] DEBUG org.asynchttpclient.netty.channel.DefaultChannelPool - Entry count for : http://localhost:62693 : 1
01:48:50.813 [AsyncHttpClient-1-1] DEBUG org.asynchttpclient.netty.channel.DefaultChannelPool - Entry count for : http://localhost:39129 : 1
01:48:50.813 [AsyncHttpClient-1-1] DEBUG org.asynchttpclient.netty.channel.DefaultChannelPool - Entry count for : http://localhost:62693 : 1
01:48:51.579 [Forwarding findElement on session c0b5674e5b961df2d0f4e7fac81a2cbc to remote] DEBUG org.asynchttpclient.netty.request.NettyRequestSender - Using pooled Channel '[id: 0x706e2989, L:/127.0.0.1:62692 - R:localhost/127.0.0.1:39129]' for 'POST' to 'http://localhost:39129/session/c0b5674e5b961df2d0f4e7fac81a2cbc/element'
01:48:51.579 [Forwarding findElement on session c0b5674e5b961df2d0f4e7fac81a2cbc to remote] DEBUG org.asynchttpclient.netty.request.NettyRequestSender - Using open Channel [id: 0x706e2989, L:/127.0.0.1:62692 - R:localhost/127.0.0.1:39129] for POST '/session/c0b5674e5b961df2d0f4e7fac81a2cbc/element'
01:48:51.612 [AsyncHttpClient-1-11] DEBUG org.asynchttpclient.netty.handler.HttpHandler - 

Request DefaultHttpRequest(decodeResult: success, version: HTTP/1.1)
POST /session/c0b5674e5b961df2d0f4e7fac81a2cbc/element HTTP/1.1
User-Agent: selenium/4.12.0 (java windows)
Content-Length: 195
Content-Type: application/json; charset=utf-8
host: localhost:39129
accept: */*

Response DefaultHttpResponse(decodeResult: success, version: HTTP/1.1)
HTTP/1.1 200 OK
Content-Length: 126
Content-Type: application/json; charset=utf-8
cache-control: no-cache

01:48:51.612 [AsyncHttpClient-1-11] DEBUG org.asynchttpclient.netty.channel.ChannelManager - Adding key: http://localhost:39129 for channel [id: 0x706e2989, L:/127.0.0.1:62692 - R:localhost/127.0.0.1:39129]
01:48:51.619 [Forwarding clickElement on session c0b5674e5b961df2d0f4e7fac81a2cbc to remote] DEBUG org.asynchttpclient.netty.request.NettyRequestSender - Using pooled Channel '[id: 0x706e2989, L:/127.0.0.1:62692 - R:localhost/127.0.0.1:39129]' for 'POST' to 'http://localhost:39129/session/c0b5674e5b961df2d0f4e7fac81a2cbc/element/f.D45E56467E3E6A7B289AB50B8C3E5BE9.d.5A0C4853F65A24F91F7A83D4A39CC2B4.e.41/click'
01:48:51.619 [Forwarding clickElement on session c0b5674e5b961df2d0f4e7fac81a2cbc to remote] DEBUG org.asynchttpclient.netty.request.NettyRequestSender - Using open Channel [id: 0x706e2989, L:/127.0.0.1:62692 - R:localhost/127.0.0.1:39129] for POST '/session/c0b5674e5b961df2d0f4e7fac81a2cbc/element/f.D45E56467E3E6A7B289AB50B8C3E5BE9.d.5A0C4853F65A24F91F7A83D4A39CC2B4.e.41/click'
01:48:51.833 [AsyncHttpClient-1-11] DEBUG org.asynchttpclient.netty.handler.HttpHandler - 

Request DefaultHttpRequest(decodeResult: success, version: HTTP/1.1)
POST /session/c0b5674e5b961df2d0f4e7fac81a2cbc/element/f.D45E56467E3E6A7B289AB50B8C3E5BE9.d.5A0C4853F65A24F91F7A83D4A39CC2B4.e.41/click HTTP/1.1
User-Agent: selenium/4.12.0 (java windows)
Content-Length: 88
Content-Type: application/json; charset=utf-8
host: localhost:39129
accept: */*

Response DefaultHttpResponse(decodeResult: success, version: HTTP/1.1)
HTTP/1.1 200 OK
Content-Length: 14
Content-Type: application/json; charset=utf-8
cache-control: no-cache

01:48:51.833 [AsyncHttpClient-1-11] DEBUG org.asynchttpclient.netty.channel.ChannelManager - Adding key: http://localhost:39129 for channel [id: 0x706e2989, L:/127.0.0.1:62692 - R:localhost/127.0.0.1:39129]
  And Tap_On_Carrier_Tab                                                 # StepDefination.Customer_onboarding.tap_on_carrirer_Tab()
01:48:51.915 [AsyncHttpClient-1-1] DEBUG org.asynchttpclient.netty.channel.DefaultChannelPool - Entry count for : http://localhost:39129 : 1
01:48:51.916 [AsyncHttpClient-1-1] DEBUG org.asynchttpclient.netty.channel.DefaultChannelPool - Entry count for : http://localhost:62693 : 1
01:48:53.010 [AsyncHttpClient-1-1] DEBUG org.asynchttpclient.netty.channel.DefaultChannelPool - Entry count for : http://localhost:39129 : 1
01:48:53.010 [AsyncHttpClient-1-1] DEBUG org.asynchttpclient.netty.channel.DefaultChannelPool - Entry count for : http://localhost:62693 : 1
01:48:53.851 [Forwarding findElement on session c0b5674e5b961df2d0f4e7fac81a2cbc to remote] DEBUG org.asynchttpclient.netty.request.NettyRequestSender - Using pooled Channel '[id: 0x706e2989, L:/127.0.0.1:62692 - R:localhost/127.0.0.1:39129]' for 'POST' to 'http://localhost:39129/session/c0b5674e5b961df2d0f4e7fac81a2cbc/element'
01:48:53.851 [Forwarding findElement on session c0b5674e5b961df2d0f4e7fac81a2cbc to remote] DEBUG org.asynchttpclient.netty.request.NettyRequestSender - Using open Channel [id: 0x706e2989, L:/127.0.0.1:62692 - R:localhost/127.0.0.1:39129] for POST '/session/c0b5674e5b961df2d0f4e7fac81a2cbc/element'
01:48:53.867 [AsyncHttpClient-1-11] DEBUG org.asynchttpclient.netty.handler.HttpHandler - 

Request DefaultHttpRequest(decodeResult: success, version: HTTP/1.1)
POST /session/c0b5674e5b961df2d0f4e7fac81a2cbc/element HTTP/1.1
User-Agent: selenium/4.12.0 (java windows)
Content-Length: 127
Content-Type: application/json; charset=utf-8
host: localhost:39129
accept: */*

Response DefaultHttpResponse(decodeResult: success, version: HTTP/1.1)
HTTP/1.1 200 OK
Content-Length: 126
Content-Type: application/json; charset=utf-8
cache-control: no-cache

01:48:53.867 [AsyncHttpClient-1-11] DEBUG org.asynchttpclient.netty.channel.ChannelManager - Adding key: http://localhost:39129 for channel [id: 0x706e2989, L:/127.0.0.1:62692 - R:localhost/127.0.0.1:39129]
01:48:53.876 [Forwarding getElementText on session c0b5674e5b961df2d0f4e7fac81a2cbc to remote] DEBUG org.asynchttpclient.netty.request.NettyRequestSender - Using pooled Channel '[id: 0x706e2989, L:/127.0.0.1:62692 - R:localhost/127.0.0.1:39129]' for 'GET' to 'http://localhost:39129/session/c0b5674e5b961df2d0f4e7fac81a2cbc/element/f.D45E56467E3E6A7B289AB50B8C3E5BE9.d.5A0C4853F65A24F91F7A83D4A39CC2B4.e.43/text'
01:48:53.876 [Forwarding getElementText on session c0b5674e5b961df2d0f4e7fac81a2cbc to remote] DEBUG org.asynchttpclient.netty.request.NettyRequestSender - Using open Channel [id: 0x706e2989, L:/127.0.0.1:62692 - R:localhost/127.0.0.1:39129] for GET '/session/c0b5674e5b961df2d0f4e7fac81a2cbc/element/f.D45E56467E3E6A7B289AB50B8C3E5BE9.d.5A0C4853F65A24F91F7A83D4A39CC2B4.e.43/text'
01:48:53.892 [AsyncHttpClient-1-11] DEBUG org.asynchttpclient.netty.handler.HttpHandler - 

Request DefaultFullHttpRequest(decodeResult: success, version: HTTP/1.1, content: EmptyByteBufBE)
GET /session/c0b5674e5b961df2d0f4e7fac81a2cbc/element/f.D45E56467E3E6A7B289AB50B8C3E5BE9.d.5A0C4853F65A24F91F7A83D4A39CC2B4.e.43/text HTTP/1.1
Cache-Control: no-cache
User-Agent: selenium/4.12.0 (java windows)
Content-Type: application/json; charset=utf-8
host: localhost:39129
accept: */*

Response DefaultHttpResponse(decodeResult: success, version: HTTP/1.1)
HTTP/1.1 200 OK
Content-Length: 21
Content-Type: application/json; charset=utf-8
cache-control: no-cache

01:48:53.892 [AsyncHttpClient-1-11] DEBUG org.asynchttpclient.netty.channel.ChannelManager - Adding key: http://localhost:39129 for channel [id: 0x706e2989, L:/127.0.0.1:62692 - R:localhost/127.0.0.1:39129]
01:48:54.117 [AsyncHttpClient-1-1] DEBUG org.asynchttpclient.netty.channel.DefaultChannelPool - Entry count for : http://localhost:39129 : 1
01:48:54.118 [AsyncHttpClient-1-1] DEBUG org.asynchttpclient.netty.channel.DefaultChannelPool - Entry count for : http://localhost:62693 : 1
01:48:54.400 [Forwarding findElement on session c0b5674e5b961df2d0f4e7fac81a2cbc to remote] DEBUG org.asynchttpclient.netty.request.NettyRequestSender - Using pooled Channel '[id: 0x706e2989, L:/127.0.0.1:62692 - R:localhost/127.0.0.1:39129]' for 'POST' to 'http://localhost:39129/session/c0b5674e5b961df2d0f4e7fac81a2cbc/element'
01:48:54.400 [Forwarding findElement on session c0b5674e5b961df2d0f4e7fac81a2cbc to remote] DEBUG org.asynchttpclient.netty.request.NettyRequestSender - Using open Channel [id: 0x706e2989, L:/127.0.0.1:62692 - R:localhost/127.0.0.1:39129] for POST '/session/c0b5674e5b961df2d0f4e7fac81a2cbc/element'
01:48:54.417 [AsyncHttpClient-1-11] DEBUG org.asynchttpclient.netty.handler.HttpHandler - 

Request DefaultHttpRequest(decodeResult: success, version: HTTP/1.1)
POST /session/c0b5674e5b961df2d0f4e7fac81a2cbc/element HTTP/1.1
User-Agent: selenium/4.12.0 (java windows)
Content-Length: 127
Content-Type: application/json; charset=utf-8
host: localhost:39129
accept: */*

Response DefaultHttpResponse(decodeResult: success, version: HTTP/1.1)
HTTP/1.1 200 OK
Content-Length: 126
Content-Type: application/json; charset=utf-8
cache-control: no-cache

01:48:54.417 [AsyncHttpClient-1-11] DEBUG org.asynchttpclient.netty.channel.ChannelManager - Adding key: http://localhost:39129 for channel [id: 0x706e2989, L:/127.0.0.1:62692 - R:localhost/127.0.0.1:39129]
01:48:54.417 [Forwarding clickElement on session c0b5674e5b961df2d0f4e7fac81a2cbc to remote] DEBUG org.asynchttpclient.netty.request.NettyRequestSender - Using pooled Channel '[id: 0x706e2989, L:/127.0.0.1:62692 - R:localhost/127.0.0.1:39129]' for 'POST' to 'http://localhost:39129/session/c0b5674e5b961df2d0f4e7fac81a2cbc/element/f.D45E56467E3E6A7B289AB50B8C3E5BE9.d.5A0C4853F65A24F91F7A83D4A39CC2B4.e.43/click'
01:48:54.417 [Forwarding clickElement on session c0b5674e5b961df2d0f4e7fac81a2cbc to remote] DEBUG org.asynchttpclient.netty.request.NettyRequestSender - Using open Channel [id: 0x706e2989, L:/127.0.0.1:62692 - R:localhost/127.0.0.1:39129] for POST '/session/c0b5674e5b961df2d0f4e7fac81a2cbc/element/f.D45E56467E3E6A7B289AB50B8C3E5BE9.d.5A0C4853F65A24F91F7A83D4A39CC2B4.e.43/click'
01:48:54.574 [AsyncHttpClient-1-11] DEBUG org.asynchttpclient.netty.handler.HttpHandler - 

Request DefaultHttpRequest(decodeResult: success, version: HTTP/1.1)
POST /session/c0b5674e5b961df2d0f4e7fac81a2cbc/element/f.D45E56467E3E6A7B289AB50B8C3E5BE9.d.5A0C4853F65A24F91F7A83D4A39CC2B4.e.43/click HTTP/1.1
User-Agent: selenium/4.12.0 (java windows)
Content-Length: 88
Content-Type: application/json; charset=utf-8
host: localhost:39129
accept: */*

Response DefaultHttpResponse(decodeResult: success, version: HTTP/1.1)
HTTP/1.1 200 OK
Content-Length: 14
Content-Type: application/json; charset=utf-8
cache-control: no-cache

01:48:54.574 [AsyncHttpClient-1-11] DEBUG org.asynchttpclient.netty.channel.ChannelManager - Adding key: http://localhost:39129 for channel [id: 0x706e2989, L:/127.0.0.1:62692 - R:localhost/127.0.0.1:39129]
01:48:55.207 [AsyncHttpClient-1-1] DEBUG org.asynchttpclient.netty.channel.DefaultChannelPool - Entry count for : http://localhost:39129 : 1
01:48:55.207 [AsyncHttpClient-1-1] DEBUG org.asynchttpclient.netty.channel.DefaultChannelPool - Entry count for : http://localhost:62693 : 1
01:48:56.308 [AsyncHttpClient-1-1] DEBUG org.asynchttpclient.netty.channel.DefaultChannelPool - Entry count for : http://localhost:39129 : 1
01:48:56.308 [AsyncHttpClient-1-1] DEBUG org.asynchttpclient.netty.channel.DefaultChannelPool - Entry count for : http://localhost:62693 : 1
screen shot class not taking
01:48:56.582 [Forwarding findElement on session c0b5674e5b961df2d0f4e7fac81a2cbc to remote] DEBUG org.asynchttpclient.netty.request.NettyRequestSender - Using pooled Channel '[id: 0x706e2989, L:/127.0.0.1:62692 - R:localhost/127.0.0.1:39129]' for 'POST' to 'http://localhost:39129/session/c0b5674e5b961df2d0f4e7fac81a2cbc/element'
01:48:56.582 [Forwarding findElement on session c0b5674e5b961df2d0f4e7fac81a2cbc to remote] DEBUG org.asynchttpclient.netty.request.NettyRequestSender - Using open Channel [id: 0x706e2989, L:/127.0.0.1:62692 - R:localhost/127.0.0.1:39129] for POST '/session/c0b5674e5b961df2d0f4e7fac81a2cbc/element'
01:48:56.630 [AsyncHttpClient-1-11] DEBUG org.asynchttpclient.netty.handler.HttpHandler - 

Request DefaultHttpRequest(decodeResult: success, version: HTTP/1.1)
POST /session/c0b5674e5b961df2d0f4e7fac81a2cbc/element HTTP/1.1
User-Agent: selenium/4.12.0 (java windows)
Content-Length: 178
Content-Type: application/json; charset=utf-8
host: localhost:39129
accept: */*

Response DefaultHttpResponse(decodeResult: success, version: HTTP/1.1)
HTTP/1.1 200 OK
Content-Length: 126
Content-Type: application/json; charset=utf-8
cache-control: no-cache

01:48:56.630 [AsyncHttpClient-1-11] DEBUG org.asynchttpclient.netty.channel.ChannelManager - Adding key: http://localhost:39129 for channel [id: 0x706e2989, L:/127.0.0.1:62692 - R:localhost/127.0.0.1:39129]
01:48:56.630 [Forwarding getElementText on session c0b5674e5b961df2d0f4e7fac81a2cbc to remote] DEBUG org.asynchttpclient.netty.request.NettyRequestSender - Using pooled Channel '[id: 0x706e2989, L:/127.0.0.1:62692 - R:localhost/127.0.0.1:39129]' for 'GET' to 'http://localhost:39129/session/c0b5674e5b961df2d0f4e7fac81a2cbc/element/f.D45E56467E3E6A7B289AB50B8C3E5BE9.d.5A0C4853F65A24F91F7A83D4A39CC2B4.e.48/text'
01:48:56.630 [Forwarding getElementText on session c0b5674e5b961df2d0f4e7fac81a2cbc to remote] DEBUG org.asynchttpclient.netty.request.NettyRequestSender - Using open Channel [id: 0x706e2989, L:/127.0.0.1:62692 - R:localhost/127.0.0.1:39129] for GET '/session/c0b5674e5b961df2d0f4e7fac81a2cbc/element/f.D45E56467E3E6A7B289AB50B8C3E5BE9.d.5A0C4853F65A24F91F7A83D4A39CC2B4.e.48/text'
01:48:56.656 [AsyncHttpClient-1-11] DEBUG org.asynchttpclient.netty.handler.HttpHandler - 

Request DefaultFullHttpRequest(decodeResult: success, version: HTTP/1.1, content: EmptyByteBufBE)
GET /session/c0b5674e5b961df2d0f4e7fac81a2cbc/element/f.D45E56467E3E6A7B289AB50B8C3E5BE9.d.5A0C4853F65A24F91F7A83D4A39CC2B4.e.48/text HTTP/1.1
Cache-Control: no-cache
User-Agent: selenium/4.12.0 (java windows)
Content-Type: application/json; charset=utf-8
host: localhost:39129
accept: */*

Response DefaultHttpResponse(decodeResult: success, version: HTTP/1.1)
HTTP/1.1 200 OK
Content-Length: 28
Content-Type: application/json; charset=utf-8
cache-control: no-cache

01:48:56.656 [AsyncHttpClient-1-11] DEBUG org.asynchttpclient.netty.channel.ChannelManager - Adding key: http://localhost:39129 for channel [id: 0x706e2989, L:/127.0.0.1:62692 - R:localhost/127.0.0.1:39129]
01:48:56.663 [Forwarding findElement on session c0b5674e5b961df2d0f4e7fac81a2cbc to remote] DEBUG org.asynchttpclient.netty.request.NettyRequestSender - Using pooled Channel '[id: 0x706e2989, L:/127.0.0.1:62692 - R:localhost/127.0.0.1:39129]' for 'POST' to 'http://localhost:39129/session/c0b5674e5b961df2d0f4e7fac81a2cbc/element'
01:48:56.663 [Forwarding findElement on session c0b5674e5b961df2d0f4e7fac81a2cbc to remote] DEBUG org.asynchttpclient.netty.request.NettyRequestSender - Using open Channel [id: 0x706e2989, L:/127.0.0.1:62692 - R:localhost/127.0.0.1:39129] for POST '/session/c0b5674e5b961df2d0f4e7fac81a2cbc/element'
01:48:56.680 [AsyncHttpClient-1-11] DEBUG org.asynchttpclient.netty.handler.HttpHandler - 

Request DefaultHttpRequest(decodeResult: success, version: HTTP/1.1)
POST /session/c0b5674e5b961df2d0f4e7fac81a2cbc/element HTTP/1.1
User-Agent: selenium/4.12.0 (java windows)
Content-Length: 178
Content-Type: application/json; charset=utf-8
host: localhost:39129
accept: */*

Response DefaultHttpResponse(decodeResult: success, version: HTTP/1.1)
HTTP/1.1 200 OK
Content-Length: 126
Content-Type: application/json; charset=utf-8
cache-control: no-cache

01:48:56.680 [AsyncHttpClient-1-11] DEBUG org.asynchttpclient.netty.channel.ChannelManager - Adding key: http://localhost:39129 for channel [id: 0x706e2989, L:/127.0.0.1:62692 - R:localhost/127.0.0.1:39129]
01:48:56.680 [Forwarding clickElement on session c0b5674e5b961df2d0f4e7fac81a2cbc to remote] DEBUG org.asynchttpclient.netty.request.NettyRequestSender - Using pooled Channel '[id: 0x706e2989, L:/127.0.0.1:62692 - R:localhost/127.0.0.1:39129]' for 'POST' to 'http://localhost:39129/session/c0b5674e5b961df2d0f4e7fac81a2cbc/element/f.D45E56467E3E6A7B289AB50B8C3E5BE9.d.5A0C4853F65A24F91F7A83D4A39CC2B4.e.48/click'
01:48:56.680 [Forwarding clickElement on session c0b5674e5b961df2d0f4e7fac81a2cbc to remote] DEBUG org.asynchttpclient.netty.request.NettyRequestSender - Using open Channel [id: 0x706e2989, L:/127.0.0.1:62692 - R:localhost/127.0.0.1:39129] for POST '/session/c0b5674e5b961df2d0f4e7fac81a2cbc/element/f.D45E56467E3E6A7B289AB50B8C3E5BE9.d.5A0C4853F65A24F91F7A83D4A39CC2B4.e.48/click'
01:48:56.856 [AsyncHttpClient-1-11] DEBUG org.asynchttpclient.netty.handler.HttpHandler - 

Request DefaultHttpRequest(decodeResult: success, version: HTTP/1.1)
POST /session/c0b5674e5b961df2d0f4e7fac81a2cbc/element/f.D45E56467E3E6A7B289AB50B8C3E5BE9.d.5A0C4853F65A24F91F7A83D4A39CC2B4.e.48/click HTTP/1.1
User-Agent: selenium/4.12.0 (java windows)
Content-Length: 88
Content-Type: application/json; charset=utf-8
host: localhost:39129
accept: */*

Response DefaultHttpResponse(decodeResult: success, version: HTTP/1.1)
HTTP/1.1 200 OK
Content-Length: 14
Content-Type: application/json; charset=utf-8
cache-control: no-cache

01:48:56.861 [AsyncHttpClient-1-11] DEBUG org.asynchttpclient.netty.channel.ChannelManager - Adding key: http://localhost:39129 for channel [id: 0x706e2989, L:/127.0.0.1:62692 - R:localhost/127.0.0.1:39129]
  When Open customer form                                                # StepDefination.Customer_onboarding.Open_customer_form()
01:48:57.410 [AsyncHttpClient-1-1] DEBUG org.asynchttpclient.netty.channel.DefaultChannelPool - Entry count for : http://localhost:39129 : 1
01:48:57.410 [AsyncHttpClient-1-1] DEBUG org.asynchttpclient.netty.channel.DefaultChannelPool - Entry count for : http://localhost:62693 : 1
01:48:58.375 [Forwarding findElement on session c0b5674e5b961df2d0f4e7fac81a2cbc to remote] DEBUG org.asynchttpclient.netty.request.NettyRequestSender - Using pooled Channel '[id: 0x706e2989, L:/127.0.0.1:62692 - R:localhost/127.0.0.1:39129]' for 'POST' to 'http://localhost:39129/session/c0b5674e5b961df2d0f4e7fac81a2cbc/element'
01:48:58.375 [Forwarding findElement on session c0b5674e5b961df2d0f4e7fac81a2cbc to remote] DEBUG org.asynchttpclient.netty.request.NettyRequestSender - Using open Channel [id: 0x706e2989, L:/127.0.0.1:62692 - R:localhost/127.0.0.1:39129] for POST '/session/c0b5674e5b961df2d0f4e7fac81a2cbc/element'
01:48:58.398 [AsyncHttpClient-1-11] DEBUG org.asynchttpclient.netty.handler.HttpHandler - 

Request DefaultHttpRequest(decodeResult: success, version: HTTP/1.1)
POST /session/c0b5674e5b961df2d0f4e7fac81a2cbc/element HTTP/1.1
User-Agent: selenium/4.12.0 (java windows)
Content-Length: 114
Content-Type: application/json; charset=utf-8
host: localhost:39129
accept: */*

Response DefaultHttpResponse(decodeResult: success, version: HTTP/1.1)
HTTP/1.1 200 OK
Content-Length: 126
Content-Type: application/json; charset=utf-8
cache-control: no-cache

01:48:58.398 [AsyncHttpClient-1-11] DEBUG org.asynchttpclient.netty.channel.ChannelManager - Adding key: http://localhost:39129 for channel [id: 0x706e2989, L:/127.0.0.1:62692 - R:localhost/127.0.0.1:39129]
01:48:58.398 [Forwarding sendKeysToElement on session c0b5674e5b961df2d0f4e7fac81a2cbc to remote] DEBUG org.asynchttpclient.netty.request.NettyRequestSender - Using pooled Channel '[id: 0x706e2989, L:/127.0.0.1:62692 - R:localhost/127.0.0.1:39129]' for 'POST' to 'http://localhost:39129/session/c0b5674e5b961df2d0f4e7fac81a2cbc/element/f.D45E56467E3E6A7B289AB50B8C3E5BE9.d.5A0C4853F65A24F91F7A83D4A39CC2B4.e.50/value'
01:48:58.398 [Forwarding sendKeysToElement on session c0b5674e5b961df2d0f4e7fac81a2cbc to remote] DEBUG org.asynchttpclient.netty.request.NettyRequestSender - Using open Channel [id: 0x706e2989, L:/127.0.0.1:62692 - R:localhost/127.0.0.1:39129] for POST '/session/c0b5674e5b961df2d0f4e7fac81a2cbc/element/f.D45E56467E3E6A7B289AB50B8C3E5BE9.d.5A0C4853F65A24F91F7A83D4A39CC2B4.e.50/value'
01:48:58.514 [AsyncHttpClient-1-1] DEBUG org.asynchttpclient.netty.channel.DefaultChannelPool - Entry count for : http://localhost:62693 : 1
01:48:58.788 [AsyncHttpClient-1-11] DEBUG org.asynchttpclient.netty.handler.HttpHandler - 

Request DefaultHttpRequest(decodeResult: success, version: HTTP/1.1)
POST /session/c0b5674e5b961df2d0f4e7fac81a2cbc/element/f.D45E56467E3E6A7B289AB50B8C3E5BE9.d.5A0C4853F65A24F91F7A83D4A39CC2B4.e.50/value HTTP/1.1
User-Agent: selenium/4.12.0 (java windows)
Content-Length: 359
Content-Type: application/json; charset=utf-8
host: localhost:39129
accept: */*

Response DefaultHttpResponse(decodeResult: success, version: HTTP/1.1)
HTTP/1.1 200 OK
Content-Length: 14
Content-Type: application/json; charset=utf-8
cache-control: no-cache

01:48:58.788 [AsyncHttpClient-1-11] DEBUG org.asynchttpclient.netty.channel.ChannelManager - Adding key: http://localhost:39129 for channel [id: 0x706e2989, L:/127.0.0.1:62692 - R:localhost/127.0.0.1:39129]
01:48:58.788 [Forwarding findElement on session c0b5674e5b961df2d0f4e7fac81a2cbc to remote] DEBUG org.asynchttpclient.netty.request.NettyRequestSender - Using pooled Channel '[id: 0x706e2989, L:/127.0.0.1:62692 - R:localhost/127.0.0.1:39129]' for 'POST' to 'http://localhost:39129/session/c0b5674e5b961df2d0f4e7fac81a2cbc/element'
01:48:58.788 [Forwarding findElement on session c0b5674e5b961df2d0f4e7fac81a2cbc to remote] DEBUG org.asynchttpclient.netty.request.NettyRequestSender - Using open Channel [id: 0x706e2989, L:/127.0.0.1:62692 - R:localhost/127.0.0.1:39129] for POST '/session/c0b5674e5b961df2d0f4e7fac81a2cbc/element'
01:48:58.823 [AsyncHttpClient-1-11] DEBUG org.asynchttpclient.netty.handler.HttpHandler - 

Request DefaultHttpRequest(decodeResult: success, version: HTTP/1.1)
POST /session/c0b5674e5b961df2d0f4e7fac81a2cbc/element HTTP/1.1
User-Agent: selenium/4.12.0 (java windows)
Content-Length: 87
Content-Type: application/json; charset=utf-8
host: localhost:39129
accept: */*

Response DefaultHttpResponse(decodeResult: success, version: HTTP/1.1)
HTTP/1.1 200 OK
Content-Length: 126
Content-Type: application/json; charset=utf-8
cache-control: no-cache

01:48:58.823 [AsyncHttpClient-1-11] DEBUG org.asynchttpclient.netty.channel.ChannelManager - Adding key: http://localhost:39129 for channel [id: 0x706e2989, L:/127.0.0.1:62692 - R:localhost/127.0.0.1:39129]
01:48:58.823 [Forwarding sendKeysToElement on session c0b5674e5b961df2d0f4e7fac81a2cbc to remote] DEBUG org.asynchttpclient.netty.request.NettyRequestSender - Using pooled Channel '[id: 0x706e2989, L:/127.0.0.1:62692 - R:localhost/127.0.0.1:39129]' for 'POST' to 'http://localhost:39129/session/c0b5674e5b961df2d0f4e7fac81a2cbc/element/f.D45E56467E3E6A7B289AB50B8C3E5BE9.d.5A0C4853F65A24F91F7A83D4A39CC2B4.e.51/value'
01:48:58.823 [Forwarding sendKeysToElement on session c0b5674e5b961df2d0f4e7fac81a2cbc to remote] DEBUG org.asynchttpclient.netty.request.NettyRequestSender - Using open Channel [id: 0x706e2989, L:/127.0.0.1:62692 - R:localhost/127.0.0.1:39129] for POST '/session/c0b5674e5b961df2d0f4e7fac81a2cbc/element/f.D45E56467E3E6A7B289AB50B8C3E5BE9.d.5A0C4853F65A24F91F7A83D4A39CC2B4.e.51/value'
01:48:59.048 [AsyncHttpClient-1-11] DEBUG org.asynchttpclient.netty.handler.HttpHandler - 

Request DefaultHttpRequest(decodeResult: success, version: HTTP/1.1)
POST /session/c0b5674e5b961df2d0f4e7fac81a2cbc/element/f.D45E56467E3E6A7B289AB50B8C3E5BE9.d.5A0C4853F65A24F91F7A83D4A39CC2B4.e.51/value HTTP/1.1
User-Agent: selenium/4.12.0 (java windows)
Content-Length: 179
Content-Type: application/json; charset=utf-8
host: localhost:39129
accept: */*

Response DefaultHttpResponse(decodeResult: success, version: HTTP/1.1)
HTTP/1.1 200 OK
Content-Length: 14
Content-Type: application/json; charset=utf-8
cache-control: no-cache

01:48:59.048 [AsyncHttpClient-1-11] DEBUG org.asynchttpclient.netty.channel.ChannelManager - Adding key: http://localhost:39129 for channel [id: 0x706e2989, L:/127.0.0.1:62692 - R:localhost/127.0.0.1:39129]
01:48:59.048 [Forwarding findElement on session c0b5674e5b961df2d0f4e7fac81a2cbc to remote] DEBUG org.asynchttpclient.netty.request.NettyRequestSender - Using pooled Channel '[id: 0x706e2989, L:/127.0.0.1:62692 - R:localhost/127.0.0.1:39129]' for 'POST' to 'http://localhost:39129/session/c0b5674e5b961df2d0f4e7fac81a2cbc/element'
01:48:59.048 [Forwarding findElement on session c0b5674e5b961df2d0f4e7fac81a2cbc to remote] DEBUG org.asynchttpclient.netty.request.NettyRequestSender - Using open Channel [id: 0x706e2989, L:/127.0.0.1:62692 - R:localhost/127.0.0.1:39129] for POST '/session/c0b5674e5b961df2d0f4e7fac81a2cbc/element'
01:48:59.073 [AsyncHttpClient-1-11] DEBUG org.asynchttpclient.netty.handler.HttpHandler - 

Request DefaultHttpRequest(decodeResult: success, version: HTTP/1.1)
POST /session/c0b5674e5b961df2d0f4e7fac81a2cbc/element HTTP/1.1
User-Agent: selenium/4.12.0 (java windows)
Content-Length: 96
Content-Type: application/json; charset=utf-8
host: localhost:39129
accept: */*

Response DefaultHttpResponse(decodeResult: success, version: HTTP/1.1)
HTTP/1.1 200 OK
Content-Length: 126
Content-Type: application/json; charset=utf-8
cache-control: no-cache

01:48:59.073 [AsyncHttpClient-1-11] DEBUG org.asynchttpclient.netty.channel.ChannelManager - Adding key: http://localhost:39129 for channel [id: 0x706e2989, L:/127.0.0.1:62692 - R:localhost/127.0.0.1:39129]
01:48:59.082 [Forwarding sendKeysToElement on session c0b5674e5b961df2d0f4e7fac81a2cbc to remote] DEBUG org.asynchttpclient.netty.request.NettyRequestSender - Using pooled Channel '[id: 0x706e2989, L:/127.0.0.1:62692 - R:localhost/127.0.0.1:39129]' for 'POST' to 'http://localhost:39129/session/c0b5674e5b961df2d0f4e7fac81a2cbc/element/f.D45E56467E3E6A7B289AB50B8C3E5BE9.d.5A0C4853F65A24F91F7A83D4A39CC2B4.e.52/value'
01:48:59.082 [Forwarding sendKeysToElement on session c0b5674e5b961df2d0f4e7fac81a2cbc to remote] DEBUG org.asynchttpclient.netty.request.NettyRequestSender - Using open Channel [id: 0x706e2989, L:/127.0.0.1:62692 - R:localhost/127.0.0.1:39129] for POST '/session/c0b5674e5b961df2d0f4e7fac81a2cbc/element/f.D45E56467E3E6A7B289AB50B8C3E5BE9.d.5A0C4853F65A24F91F7A83D4A39CC2B4.e.52/value'
01:48:59.343 [AsyncHttpClient-1-11] DEBUG org.asynchttpclient.netty.handler.HttpHandler - 

Request DefaultHttpRequest(decodeResult: success, version: HTTP/1.1)
POST /session/c0b5674e5b961df2d0f4e7fac81a2cbc/element/f.D45E56467E3E6A7B289AB50B8C3E5BE9.d.5A0C4853F65A24F91F7A83D4A39CC2B4.e.52/value HTTP/1.1
User-Agent: selenium/4.12.0 (java windows)
Content-Length: 229
Content-Type: application/json; charset=utf-8
host: localhost:39129
accept: */*

Response DefaultHttpResponse(decodeResult: success, version: HTTP/1.1)
HTTP/1.1 200 OK
Content-Length: 14
Content-Type: application/json; charset=utf-8
cache-control: no-cache

01:48:59.343 [AsyncHttpClient-1-11] DEBUG org.asynchttpclient.netty.channel.ChannelManager - Adding key: http://localhost:39129 for channel [id: 0x706e2989, L:/127.0.0.1:62692 - R:localhost/127.0.0.1:39129]
01:48:59.343 [Forwarding findElement on session c0b5674e5b961df2d0f4e7fac81a2cbc to remote] DEBUG org.asynchttpclient.netty.request.NettyRequestSender - Using pooled Channel '[id: 0x706e2989, L:/127.0.0.1:62692 - R:localhost/127.0.0.1:39129]' for 'POST' to 'http://localhost:39129/session/c0b5674e5b961df2d0f4e7fac81a2cbc/element'
01:48:59.343 [Forwarding findElement on session c0b5674e5b961df2d0f4e7fac81a2cbc to remote] DEBUG org.asynchttpclient.netty.request.NettyRequestSender - Using open Channel [id: 0x706e2989, L:/127.0.0.1:62692 - R:localhost/127.0.0.1:39129] for POST '/session/c0b5674e5b961df2d0f4e7fac81a2cbc/element'
01:48:59.376 [AsyncHttpClient-1-11] DEBUG org.asynchttpclient.netty.handler.HttpHandler - 

Request DefaultHttpRequest(decodeResult: success, version: HTTP/1.1)
POST /session/c0b5674e5b961df2d0f4e7fac81a2cbc/element HTTP/1.1
User-Agent: selenium/4.12.0 (java windows)
Content-Length: 84
Content-Type: application/json; charset=utf-8
host: localhost:39129
accept: */*

Response DefaultHttpResponse(decodeResult: success, version: HTTP/1.1)
HTTP/1.1 200 OK
Content-Length: 126
Content-Type: application/json; charset=utf-8
cache-control: no-cache

01:48:59.376 [AsyncHttpClient-1-11] DEBUG org.asynchttpclient.netty.channel.ChannelManager - Adding key: http://localhost:39129 for channel [id: 0x706e2989, L:/127.0.0.1:62692 - R:localhost/127.0.0.1:39129]
01:48:59.376 [Forwarding sendKeysToElement on session c0b5674e5b961df2d0f4e7fac81a2cbc to remote] DEBUG org.asynchttpclient.netty.request.NettyRequestSender - Using pooled Channel '[id: 0x706e2989, L:/127.0.0.1:62692 - R:localhost/127.0.0.1:39129]' for 'POST' to 'http://localhost:39129/session/c0b5674e5b961df2d0f4e7fac81a2cbc/element/f.D45E56467E3E6A7B289AB50B8C3E5BE9.d.5A0C4853F65A24F91F7A83D4A39CC2B4.e.53/value'
01:48:59.376 [Forwarding sendKeysToElement on session c0b5674e5b961df2d0f4e7fac81a2cbc to remote] DEBUG org.asynchttpclient.netty.request.NettyRequestSender - Using open Channel [id: 0x706e2989, L:/127.0.0.1:62692 - R:localhost/127.0.0.1:39129] for POST '/session/c0b5674e5b961df2d0f4e7fac81a2cbc/element/f.D45E56467E3E6A7B289AB50B8C3E5BE9.d.5A0C4853F65A24F91F7A83D4A39CC2B4.e.53/value'
01:48:59.613 [AsyncHttpClient-1-1] DEBUG org.asynchttpclient.netty.channel.DefaultChannelPool - Entry count for : http://localhost:62693 : 1
01:48:59.654 [AsyncHttpClient-1-11] DEBUG org.asynchttpclient.netty.handler.HttpHandler - 

Request DefaultHttpRequest(decodeResult: success, version: HTTP/1.1)
POST /session/c0b5674e5b961df2d0f4e7fac81a2cbc/element/f.D45E56467E3E6A7B289AB50B8C3E5BE9.d.5A0C4853F65A24F91F7A83D4A39CC2B4.e.53/value HTTP/1.1
User-Agent: selenium/4.12.0 (java windows)
Content-Length: 249
Content-Type: application/json; charset=utf-8
host: localhost:39129
accept: */*

Response DefaultHttpResponse(decodeResult: success, version: HTTP/1.1)
HTTP/1.1 200 OK
Content-Length: 14
Content-Type: application/json; charset=utf-8
cache-control: no-cache

01:48:59.654 [AsyncHttpClient-1-11] DEBUG org.asynchttpclient.netty.channel.ChannelManager - Adding key: http://localhost:39129 for channel [id: 0x706e2989, L:/127.0.0.1:62692 - R:localhost/127.0.0.1:39129]
screen shot class not taking
  And Provide the company DetailsRandom 447788 Sara_Sharma www.royal.com # StepDefination.Customer_onboarding.Provide_the_customer_Details(java.lang.String,java.lang.String,java.lang.String,java.lang.String)
01:49:00.716 [AsyncHttpClient-1-1] DEBUG org.asynchttpclient.netty.channel.DefaultChannelPool - Entry count for : http://localhost:39129 : 1
01:49:00.716 [AsyncHttpClient-1-1] DEBUG org.asynchttpclient.netty.channel.DefaultChannelPool - Entry count for : http://localhost:62693 : 1
01:49:01.674 [Forwarding findElement on session c0b5674e5b961df2d0f4e7fac81a2cbc to remote] DEBUG org.asynchttpclient.netty.request.NettyRequestSender - Using pooled Channel '[id: 0x706e2989, L:/127.0.0.1:62692 - R:localhost/127.0.0.1:39129]' for 'POST' to 'http://localhost:39129/session/c0b5674e5b961df2d0f4e7fac81a2cbc/element'
01:49:01.674 [Forwarding findElement on session c0b5674e5b961df2d0f4e7fac81a2cbc to remote] DEBUG org.asynchttpclient.netty.request.NettyRequestSender - Using open Channel [id: 0x706e2989, L:/127.0.0.1:62692 - R:localhost/127.0.0.1:39129] for POST '/session/c0b5674e5b961df2d0f4e7fac81a2cbc/element'
01:49:01.690 [AsyncHttpClient-1-11] DEBUG org.asynchttpclient.netty.handler.HttpHandler - 

Request DefaultHttpRequest(decodeResult: success, version: HTTP/1.1)
POST /session/c0b5674e5b961df2d0f4e7fac81a2cbc/element HTTP/1.1
User-Agent: selenium/4.12.0 (java windows)
Content-Length: 82
Content-Type: application/json; charset=utf-8
host: localhost:39129
accept: */*

Response DefaultHttpResponse(decodeResult: success, version: HTTP/1.1)
HTTP/1.1 200 OK
Content-Length: 126
Content-Type: application/json; charset=utf-8
cache-control: no-cache

01:49:01.690 [AsyncHttpClient-1-11] DEBUG org.asynchttpclient.netty.channel.ChannelManager - Adding key: http://localhost:39129 for channel [id: 0x706e2989, L:/127.0.0.1:62692 - R:localhost/127.0.0.1:39129]
01:49:01.699 [Forwarding sendKeysToElement on session c0b5674e5b961df2d0f4e7fac81a2cbc to remote] DEBUG org.asynchttpclient.netty.request.NettyRequestSender - Using pooled Channel '[id: 0x706e2989, L:/127.0.0.1:62692 - R:localhost/127.0.0.1:39129]' for 'POST' to 'http://localhost:39129/session/c0b5674e5b961df2d0f4e7fac81a2cbc/element/f.D45E56467E3E6A7B289AB50B8C3E5BE9.d.5A0C4853F65A24F91F7A83D4A39CC2B4.e.54/value'
01:49:01.699 [Forwarding sendKeysToElement on session c0b5674e5b961df2d0f4e7fac81a2cbc to remote] DEBUG org.asynchttpclient.netty.request.NettyRequestSender - Using open Channel [id: 0x706e2989, L:/127.0.0.1:62692 - R:localhost/127.0.0.1:39129] for POST '/session/c0b5674e5b961df2d0f4e7fac81a2cbc/element/f.D45E56467E3E6A7B289AB50B8C3E5BE9.d.5A0C4853F65A24F91F7A83D4A39CC2B4.e.54/value'
01:49:01.815 [AsyncHttpClient-1-1] DEBUG org.asynchttpclient.netty.channel.DefaultChannelPool - Entry count for : http://localhost:62693 : 1
01:49:01.931 [AsyncHttpClient-1-11] DEBUG org.asynchttpclient.netty.handler.HttpHandler - 

Request DefaultHttpRequest(decodeResult: success, version: HTTP/1.1)
POST /session/c0b5674e5b961df2d0f4e7fac81a2cbc/element/f.D45E56467E3E6A7B289AB50B8C3E5BE9.d.5A0C4853F65A24F91F7A83D4A39CC2B4.e.54/value HTTP/1.1
User-Agent: selenium/4.12.0 (java windows)
Content-Length: 259
Content-Type: application/json; charset=utf-8
host: localhost:39129
accept: */*

Response DefaultHttpResponse(decodeResult: success, version: HTTP/1.1)
HTTP/1.1 200 OK
Content-Length: 14
Content-Type: application/json; charset=utf-8
cache-control: no-cache

01:49:01.931 [AsyncHttpClient-1-11] DEBUG org.asynchttpclient.netty.channel.ChannelManager - Adding key: http://localhost:39129 for channel [id: 0x706e2989, L:/127.0.0.1:62692 - R:localhost/127.0.0.1:39129]
01:49:01.938 [Forwarding findElement on session c0b5674e5b961df2d0f4e7fac81a2cbc to remote] DEBUG org.asynchttpclient.netty.request.NettyRequestSender - Using pooled Channel '[id: 0x706e2989, L:/127.0.0.1:62692 - R:localhost/127.0.0.1:39129]' for 'POST' to 'http://localhost:39129/session/c0b5674e5b961df2d0f4e7fac81a2cbc/element'
01:49:01.938 [Forwarding findElement on session c0b5674e5b961df2d0f4e7fac81a2cbc to remote] DEBUG org.asynchttpclient.netty.request.NettyRequestSender - Using open Channel [id: 0x706e2989, L:/127.0.0.1:62692 - R:localhost/127.0.0.1:39129] for POST '/session/c0b5674e5b961df2d0f4e7fac81a2cbc/element'
01:49:01.954 [AsyncHttpClient-1-11] DEBUG org.asynchttpclient.netty.handler.HttpHandler - 

Request DefaultHttpRequest(decodeResult: success, version: HTTP/1.1)
POST /session/c0b5674e5b961df2d0f4e7fac81a2cbc/element HTTP/1.1
User-Agent: selenium/4.12.0 (java windows)
Content-Length: 89
Content-Type: application/json; charset=utf-8
host: localhost:39129
accept: */*

Response DefaultHttpResponse(decodeResult: success, version: HTTP/1.1)
HTTP/1.1 200 OK
Content-Length: 126
Content-Type: application/json; charset=utf-8
cache-control: no-cache

01:49:01.954 [AsyncHttpClient-1-11] DEBUG org.asynchttpclient.netty.channel.ChannelManager - Adding key: http://localhost:39129 for channel [id: 0x706e2989, L:/127.0.0.1:62692 - R:localhost/127.0.0.1:39129]
01:49:01.958 [Forwarding sendKeysToElement on session c0b5674e5b961df2d0f4e7fac81a2cbc to remote] DEBUG org.asynchttpclient.netty.request.NettyRequestSender - Using pooled Channel '[id: 0x706e2989, L:/127.0.0.1:62692 - R:localhost/127.0.0.1:39129]' for 'POST' to 'http://localhost:39129/session/c0b5674e5b961df2d0f4e7fac81a2cbc/element/f.D45E56467E3E6A7B289AB50B8C3E5BE9.d.5A0C4853F65A24F91F7A83D4A39CC2B4.e.56/value'
01:49:01.958 [Forwarding sendKeysToElement on session c0b5674e5b961df2d0f4e7fac81a2cbc to remote] DEBUG org.asynchttpclient.netty.request.NettyRequestSender - Using open Channel [id: 0x706e2989, L:/127.0.0.1:62692 - R:localhost/127.0.0.1:39129] for POST '/session/c0b5674e5b961df2d0f4e7fac81a2cbc/element/f.D45E56467E3E6A7B289AB50B8C3E5BE9.d.5A0C4853F65A24F91F7A83D4A39CC2B4.e.56/value'
01:49:02.166 [AsyncHttpClient-1-11] DEBUG org.asynchttpclient.netty.handler.HttpHandler - 

Request DefaultHttpRequest(decodeResult: success, version: HTTP/1.1)
POST /session/c0b5674e5b961df2d0f4e7fac81a2cbc/element/f.D45E56467E3E6A7B289AB50B8C3E5BE9.d.5A0C4853F65A24F91F7A83D4A39CC2B4.e.56/value HTTP/1.1
User-Agent: selenium/4.12.0 (java windows)
Content-Length: 219
Content-Type: application/json; charset=utf-8
host: localhost:39129
accept: */*

Response DefaultHttpResponse(decodeResult: success, version: HTTP/1.1)
HTTP/1.1 200 OK
Content-Length: 14
Content-Type: application/json; charset=utf-8
cache-control: no-cache

01:49:02.173 [AsyncHttpClient-1-11] DEBUG org.asynchttpclient.netty.channel.ChannelManager - Adding key: http://localhost:39129 for channel [id: 0x706e2989, L:/127.0.0.1:62692 - R:localhost/127.0.0.1:39129]
screen shot class not taking
  And Provide the contact Details9865768576 royal@mail.com               # StepDefination.Customer_onboarding.Provide_the_contact_Details(java.lang.String,java.lang.String)
01:49:02.913 [AsyncHttpClient-1-1] DEBUG org.asynchttpclient.netty.channel.DefaultChannelPool - Entry count for : http://localhost:39129 : 1
01:49:02.914 [AsyncHttpClient-1-1] DEBUG org.asynchttpclient.netty.channel.DefaultChannelPool - Entry count for : http://localhost:62693 : 1
01:49:03.184 [Forwarding findElement on session c0b5674e5b961df2d0f4e7fac81a2cbc to remote] DEBUG org.asynchttpclient.netty.request.NettyRequestSender - Using pooled Channel '[id: 0x706e2989, L:/127.0.0.1:62692 - R:localhost/127.0.0.1:39129]' for 'POST' to 'http://localhost:39129/session/c0b5674e5b961df2d0f4e7fac81a2cbc/element'
01:49:03.184 [Forwarding findElement on session c0b5674e5b961df2d0f4e7fac81a2cbc to remote] DEBUG org.asynchttpclient.netty.request.NettyRequestSender - Using open Channel [id: 0x706e2989, L:/127.0.0.1:62692 - R:localhost/127.0.0.1:39129] for POST '/session/c0b5674e5b961df2d0f4e7fac81a2cbc/element'
01:49:03.199 [AsyncHttpClient-1-11] DEBUG org.asynchttpclient.netty.handler.HttpHandler - 

Request DefaultHttpRequest(decodeResult: success, version: HTTP/1.1)
POST /session/c0b5674e5b961df2d0f4e7fac81a2cbc/element HTTP/1.1
User-Agent: selenium/4.12.0 (java windows)
Content-Length: 94
Content-Type: application/json; charset=utf-8
host: localhost:39129
accept: */*

Response DefaultHttpResponse(decodeResult: success, version: HTTP/1.1)
HTTP/1.1 200 OK
Content-Length: 126
Content-Type: application/json; charset=utf-8
cache-control: no-cache

01:49:03.199 [AsyncHttpClient-1-11] DEBUG org.asynchttpclient.netty.channel.ChannelManager - Adding key: http://localhost:39129 for channel [id: 0x706e2989, L:/127.0.0.1:62692 - R:localhost/127.0.0.1:39129]
01:49:03.207 [Forwarding sendKeysToElement on session c0b5674e5b961df2d0f4e7fac81a2cbc to remote] DEBUG org.asynchttpclient.netty.request.NettyRequestSender - Using pooled Channel '[id: 0x706e2989, L:/127.0.0.1:62692 - R:localhost/127.0.0.1:39129]' for 'POST' to 'http://localhost:39129/session/c0b5674e5b961df2d0f4e7fac81a2cbc/element/f.D45E56467E3E6A7B289AB50B8C3E5BE9.d.5A0C4853F65A24F91F7A83D4A39CC2B4.e.55/value'
01:49:03.207 [Forwarding sendKeysToElement on session c0b5674e5b961df2d0f4e7fac81a2cbc to remote] DEBUG org.asynchttpclient.netty.request.NettyRequestSender - Using open Channel [id: 0x706e2989, L:/127.0.0.1:62692 - R:localhost/127.0.0.1:39129] for POST '/session/c0b5674e5b961df2d0f4e7fac81a2cbc/element/f.D45E56467E3E6A7B289AB50B8C3E5BE9.d.5A0C4853F65A24F91F7A83D4A39CC2B4.e.55/value'
01:49:03.438 [AsyncHttpClient-1-11] DEBUG org.asynchttpclient.netty.handler.HttpHandler - 

Request DefaultHttpRequest(decodeResult: success, version: HTTP/1.1)
POST /session/c0b5674e5b961df2d0f4e7fac81a2cbc/element/f.D45E56467E3E6A7B289AB50B8C3E5BE9.d.5A0C4853F65A24F91F7A83D4A39CC2B4.e.55/value HTTP/1.1
User-Agent: selenium/4.12.0 (java windows)
Content-Length: 239
Content-Type: application/json; charset=utf-8
host: localhost:39129
accept: */*

Response DefaultHttpResponse(decodeResult: success, version: HTTP/1.1)
HTTP/1.1 200 OK
Content-Length: 14
Content-Type: application/json; charset=utf-8
cache-control: no-cache

01:49:03.438 [AsyncHttpClient-1-11] DEBUG org.asynchttpclient.netty.channel.ChannelManager - Adding key: http://localhost:39129 for channel [id: 0x706e2989, L:/127.0.0.1:62692 - R:localhost/127.0.0.1:39129]
01:49:03.438 [Forwarding findElement on session c0b5674e5b961df2d0f4e7fac81a2cbc to remote] DEBUG org.asynchttpclient.netty.request.NettyRequestSender - Using pooled Channel '[id: 0x706e2989, L:/127.0.0.1:62692 - R:localhost/127.0.0.1:39129]' for 'POST' to 'http://localhost:39129/session/c0b5674e5b961df2d0f4e7fac81a2cbc/element'
01:49:03.438 [Forwarding findElement on session c0b5674e5b961df2d0f4e7fac81a2cbc to remote] DEBUG org.asynchttpclient.netty.request.NettyRequestSender - Using open Channel [id: 0x706e2989, L:/127.0.0.1:62692 - R:localhost/127.0.0.1:39129] for POST '/session/c0b5674e5b961df2d0f4e7fac81a2cbc/element'
01:49:03.454 [AsyncHttpClient-1-11] DEBUG org.asynchttpclient.netty.handler.HttpHandler - 

Request DefaultHttpRequest(decodeResult: success, version: HTTP/1.1)
POST /session/c0b5674e5b961df2d0f4e7fac81a2cbc/element HTTP/1.1
User-Agent: selenium/4.12.0 (java windows)
Content-Length: 101
Content-Type: application/json; charset=utf-8
host: localhost:39129
accept: */*

Response DefaultHttpResponse(decodeResult: success, version: HTTP/1.1)
HTTP/1.1 200 OK
Content-Length: 126
Content-Type: application/json; charset=utf-8
cache-control: no-cache

01:49:03.454 [AsyncHttpClient-1-11] DEBUG org.asynchttpclient.netty.channel.ChannelManager - Adding key: http://localhost:39129 for channel [id: 0x706e2989, L:/127.0.0.1:62692 - R:localhost/127.0.0.1:39129]
01:49:03.454 [Forwarding sendKeysToElement on session c0b5674e5b961df2d0f4e7fac81a2cbc to remote] DEBUG org.asynchttpclient.netty.request.NettyRequestSender - Using pooled Channel '[id: 0x706e2989, L:/127.0.0.1:62692 - R:localhost/127.0.0.1:39129]' for 'POST' to 'http://localhost:39129/session/c0b5674e5b961df2d0f4e7fac81a2cbc/element/f.D45E56467E3E6A7B289AB50B8C3E5BE9.d.5A0C4853F65A24F91F7A83D4A39CC2B4.e.57/value'
01:49:03.454 [Forwarding sendKeysToElement on session c0b5674e5b961df2d0f4e7fac81a2cbc to remote] DEBUG org.asynchttpclient.netty.request.NettyRequestSender - Using open Channel [id: 0x706e2989, L:/127.0.0.1:62692 - R:localhost/127.0.0.1:39129] for POST '/session/c0b5674e5b961df2d0f4e7fac81a2cbc/element/f.D45E56467E3E6A7B289AB50B8C3E5BE9.d.5A0C4853F65A24F91F7A83D4A39CC2B4.e.57/value'
01:49:03.610 [AsyncHttpClient-1-11] DEBUG org.asynchttpclient.netty.handler.HttpHandler - 

Request DefaultHttpRequest(decodeResult: success, version: HTTP/1.1)
POST /session/c0b5674e5b961df2d0f4e7fac81a2cbc/element/f.D45E56467E3E6A7B289AB50B8C3E5BE9.d.5A0C4853F65A24F91F7A83D4A39CC2B4.e.57/value HTTP/1.1
User-Agent: selenium/4.12.0 (java windows)
Content-Length: 209
Content-Type: application/json; charset=utf-8
host: localhost:39129
accept: */*

Response DefaultHttpResponse(decodeResult: success, version: HTTP/1.1)
HTTP/1.1 200 OK
Content-Length: 14
Content-Type: application/json; charset=utf-8
cache-control: no-cache

01:49:03.615 [AsyncHttpClient-1-11] DEBUG org.asynchttpclient.netty.channel.ChannelManager - Adding key: http://localhost:39129 for channel [id: 0x706e2989, L:/127.0.0.1:62692 - R:localhost/127.0.0.1:39129]
01:49:04.020 [AsyncHttpClient-1-1] DEBUG org.asynchttpclient.netty.channel.DefaultChannelPool - Entry count for : http://localhost:39129 : 1
01:49:04.020 [AsyncHttpClient-1-1] DEBUG org.asynchttpclient.netty.channel.DefaultChannelPool - Entry count for : http://localhost:62693 : 1
screen shot class not taking
  And Provide the alternate Details859889569 alt@mail.com                # StepDefination.Customer_onboarding.Provide_the_alternate_Details(java.lang.String,java.lang.String)
01:49:04.639 [Forwarding findElement on session c0b5674e5b961df2d0f4e7fac81a2cbc to remote] DEBUG org.asynchttpclient.netty.request.NettyRequestSender - Using pooled Channel '[id: 0x706e2989, L:/127.0.0.1:62692 - R:localhost/127.0.0.1:39129]' for 'POST' to 'http://localhost:39129/session/c0b5674e5b961df2d0f4e7fac81a2cbc/element'
01:49:04.639 [Forwarding findElement on session c0b5674e5b961df2d0f4e7fac81a2cbc to remote] DEBUG org.asynchttpclient.netty.request.NettyRequestSender - Using open Channel [id: 0x706e2989, L:/127.0.0.1:62692 - R:localhost/127.0.0.1:39129] for POST '/session/c0b5674e5b961df2d0f4e7fac81a2cbc/element'
01:49:04.655 [AsyncHttpClient-1-11] DEBUG org.asynchttpclient.netty.handler.HttpHandler - 

Request DefaultHttpRequest(decodeResult: success, version: HTTP/1.1)
POST /session/c0b5674e5b961df2d0f4e7fac81a2cbc/element HTTP/1.1
User-Agent: selenium/4.12.0 (java windows)
Content-Length: 88
Content-Type: application/json; charset=utf-8
host: localhost:39129
accept: */*

Response DefaultHttpResponse(decodeResult: success, version: HTTP/1.1)
HTTP/1.1 200 OK
Content-Length: 126
Content-Type: application/json; charset=utf-8
cache-control: no-cache

01:49:04.655 [AsyncHttpClient-1-11] DEBUG org.asynchttpclient.netty.channel.ChannelManager - Adding key: http://localhost:39129 for channel [id: 0x706e2989, L:/127.0.0.1:62692 - R:localhost/127.0.0.1:39129]
01:49:04.655 [Forwarding sendKeysToElement on session c0b5674e5b961df2d0f4e7fac81a2cbc to remote] DEBUG org.asynchttpclient.netty.request.NettyRequestSender - Using pooled Channel '[id: 0x706e2989, L:/127.0.0.1:62692 - R:localhost/127.0.0.1:39129]' for 'POST' to 'http://localhost:39129/session/c0b5674e5b961df2d0f4e7fac81a2cbc/element/f.D45E56467E3E6A7B289AB50B8C3E5BE9.d.5A0C4853F65A24F91F7A83D4A39CC2B4.e.59/value'
01:49:04.655 [Forwarding sendKeysToElement on session c0b5674e5b961df2d0f4e7fac81a2cbc to remote] DEBUG org.asynchttpclient.netty.request.NettyRequestSender - Using open Channel [id: 0x706e2989, L:/127.0.0.1:62692 - R:localhost/127.0.0.1:39129] for POST '/session/c0b5674e5b961df2d0f4e7fac81a2cbc/element/f.D45E56467E3E6A7B289AB50B8C3E5BE9.d.5A0C4853F65A24F91F7A83D4A39CC2B4.e.59/value'
01:49:04.918 [AsyncHttpClient-1-11] DEBUG org.asynchttpclient.netty.handler.HttpHandler - 

Request DefaultHttpRequest(decodeResult: success, version: HTTP/1.1)
POST /session/c0b5674e5b961df2d0f4e7fac81a2cbc/element/f.D45E56467E3E6A7B289AB50B8C3E5BE9.d.5A0C4853F65A24F91F7A83D4A39CC2B4.e.59/value HTTP/1.1
User-Agent: selenium/4.12.0 (java windows)
Content-Length: 259
Content-Type: application/json; charset=utf-8
host: localhost:39129
accept: */*

Response DefaultHttpResponse(decodeResult: success, version: HTTP/1.1)
HTTP/1.1 200 OK
Content-Length: 14
Content-Type: application/json; charset=utf-8
cache-control: no-cache

01:49:04.918 [AsyncHttpClient-1-11] DEBUG org.asynchttpclient.netty.channel.ChannelManager - Adding key: http://localhost:39129 for channel [id: 0x706e2989, L:/127.0.0.1:62692 - R:localhost/127.0.0.1:39129]
01:49:04.918 [Forwarding findElement on session c0b5674e5b961df2d0f4e7fac81a2cbc to remote] DEBUG org.asynchttpclient.netty.request.NettyRequestSender - Using pooled Channel '[id: 0x706e2989, L:/127.0.0.1:62692 - R:localhost/127.0.0.1:39129]' for 'POST' to 'http://localhost:39129/session/c0b5674e5b961df2d0f4e7fac81a2cbc/element'
01:49:04.918 [Forwarding findElement on session c0b5674e5b961df2d0f4e7fac81a2cbc to remote] DEBUG org.asynchttpclient.netty.request.NettyRequestSender - Using open Channel [id: 0x706e2989, L:/127.0.0.1:62692 - R:localhost/127.0.0.1:39129] for POST '/session/c0b5674e5b961df2d0f4e7fac81a2cbc/element'
01:49:04.949 [AsyncHttpClient-1-11] DEBUG org.asynchttpclient.netty.handler.HttpHandler - 

Request DefaultHttpRequest(decodeResult: success, version: HTTP/1.1)
POST /session/c0b5674e5b961df2d0f4e7fac81a2cbc/element HTTP/1.1
User-Agent: selenium/4.12.0 (java windows)
Content-Length: 75
Content-Type: application/json; charset=utf-8
host: localhost:39129
accept: */*

Response DefaultHttpResponse(decodeResult: success, version: HTTP/1.1)
HTTP/1.1 200 OK
Content-Length: 126
Content-Type: application/json; charset=utf-8
cache-control: no-cache

01:49:04.949 [AsyncHttpClient-1-11] DEBUG org.asynchttpclient.netty.channel.ChannelManager - Adding key: http://localhost:39129 for channel [id: 0x706e2989, L:/127.0.0.1:62692 - R:localhost/127.0.0.1:39129]
01:49:04.949 [Forwarding sendKeysToElement on session c0b5674e5b961df2d0f4e7fac81a2cbc to remote] DEBUG org.asynchttpclient.netty.request.NettyRequestSender - Using pooled Channel '[id: 0x706e2989, L:/127.0.0.1:62692 - R:localhost/127.0.0.1:39129]' for 'POST' to 'http://localhost:39129/session/c0b5674e5b961df2d0f4e7fac81a2cbc/element/f.D45E56467E3E6A7B289AB50B8C3E5BE9.d.5A0C4853F65A24F91F7A83D4A39CC2B4.e.60/value'
01:49:04.949 [Forwarding sendKeysToElement on session c0b5674e5b961df2d0f4e7fac81a2cbc to remote] DEBUG org.asynchttpclient.netty.request.NettyRequestSender - Using open Channel [id: 0x706e2989, L:/127.0.0.1:62692 - R:localhost/127.0.0.1:39129] for POST '/session/c0b5674e5b961df2d0f4e7fac81a2cbc/element/f.D45E56467E3E6A7B289AB50B8C3E5BE9.d.5A0C4853F65A24F91F7A83D4A39CC2B4.e.60/value'
01:49:05.041 [AsyncHttpClient-1-11] DEBUG org.asynchttpclient.netty.handler.HttpHandler - 

Request DefaultHttpRequest(decodeResult: success, version: HTTP/1.1)
POST /session/c0b5674e5b961df2d0f4e7fac81a2cbc/element/f.D45E56467E3E6A7B289AB50B8C3E5BE9.d.5A0C4853F65A24F91F7A83D4A39CC2B4.e.60/value HTTP/1.1
User-Agent: selenium/4.12.0 (java windows)
Content-Length: 139
Content-Type: application/json; charset=utf-8
host: localhost:39129
accept: */*

Response DefaultHttpResponse(decodeResult: success, version: HTTP/1.1)
HTTP/1.1 200 OK
Content-Length: 14
Content-Type: application/json; charset=utf-8
cache-control: no-cache

01:49:05.041 [AsyncHttpClient-1-11] DEBUG org.asynchttpclient.netty.channel.ChannelManager - Adding key: http://localhost:39129 for channel [id: 0x706e2989, L:/127.0.0.1:62692 - R:localhost/127.0.0.1:39129]
01:49:05.041 [Forwarding findElement on session c0b5674e5b961df2d0f4e7fac81a2cbc to remote] DEBUG org.asynchttpclient.netty.request.NettyRequestSender - Using pooled Channel '[id: 0x706e2989, L:/127.0.0.1:62692 - R:localhost/127.0.0.1:39129]' for 'POST' to 'http://localhost:39129/session/c0b5674e5b961df2d0f4e7fac81a2cbc/element'
01:49:05.041 [Forwarding findElement on session c0b5674e5b961df2d0f4e7fac81a2cbc to remote] DEBUG org.asynchttpclient.netty.request.NettyRequestSender - Using open Channel [id: 0x706e2989, L:/127.0.0.1:62692 - R:localhost/127.0.0.1:39129] for POST '/session/c0b5674e5b961df2d0f4e7fac81a2cbc/element'
01:49:05.064 [AsyncHttpClient-1-11] DEBUG org.asynchttpclient.netty.handler.HttpHandler - 

Request DefaultHttpRequest(decodeResult: success, version: HTTP/1.1)
POST /session/c0b5674e5b961df2d0f4e7fac81a2cbc/element HTTP/1.1
User-Agent: selenium/4.12.0 (java windows)
Content-Length: 90
Content-Type: application/json; charset=utf-8
host: localhost:39129
accept: */*

Response DefaultHttpResponse(decodeResult: success, version: HTTP/1.1)
HTTP/1.1 200 OK
Content-Length: 126
Content-Type: application/json; charset=utf-8
cache-control: no-cache

01:49:05.064 [AsyncHttpClient-1-11] DEBUG org.asynchttpclient.netty.channel.ChannelManager - Adding key: http://localhost:39129 for channel [id: 0x706e2989, L:/127.0.0.1:62692 - R:localhost/127.0.0.1:39129]
01:49:05.065 [Forwarding sendKeysToElement on session c0b5674e5b961df2d0f4e7fac81a2cbc to remote] DEBUG org.asynchttpclient.netty.request.NettyRequestSender - Using pooled Channel '[id: 0x706e2989, L:/127.0.0.1:62692 - R:localhost/127.0.0.1:39129]' for 'POST' to 'http://localhost:39129/session/c0b5674e5b961df2d0f4e7fac81a2cbc/element/f.D45E56467E3E6A7B289AB50B8C3E5BE9.d.5A0C4853F65A24F91F7A83D4A39CC2B4.e.61/value'
01:49:05.065 [Forwarding sendKeysToElement on session c0b5674e5b961df2d0f4e7fac81a2cbc to remote] DEBUG org.asynchttpclient.netty.request.NettyRequestSender - Using open Channel [id: 0x706e2989, L:/127.0.0.1:62692 - R:localhost/127.0.0.1:39129] for POST '/session/c0b5674e5b961df2d0f4e7fac81a2cbc/element/f.D45E56467E3E6A7B289AB50B8C3E5BE9.d.5A0C4853F65A24F91F7A83D4A39CC2B4.e.61/value'
01:49:05.114 [AsyncHttpClient-1-1] DEBUG org.asynchttpclient.netty.channel.DefaultChannelPool - Entry count for : http://localhost:62693 : 1
01:49:05.156 [AsyncHttpClient-1-11] DEBUG org.asynchttpclient.netty.handler.HttpHandler - 

Request DefaultHttpRequest(decodeResult: success, version: HTTP/1.1)
POST /session/c0b5674e5b961df2d0f4e7fac81a2cbc/element/f.D45E56467E3E6A7B289AB50B8C3E5BE9.d.5A0C4853F65A24F91F7A83D4A39CC2B4.e.61/value HTTP/1.1
User-Agent: selenium/4.12.0 (java windows)
Content-Length: 139
Content-Type: application/json; charset=utf-8
host: localhost:39129
accept: */*

Response DefaultHttpResponse(decodeResult: success, version: HTTP/1.1)
HTTP/1.1 200 OK
Content-Length: 14
Content-Type: application/json; charset=utf-8
cache-control: no-cache

01:49:05.156 [AsyncHttpClient-1-11] DEBUG org.asynchttpclient.netty.channel.ChannelManager - Adding key: http://localhost:39129 for channel [id: 0x706e2989, L:/127.0.0.1:62692 - R:localhost/127.0.0.1:39129]
01:49:05.156 [Forwarding findElement on session c0b5674e5b961df2d0f4e7fac81a2cbc to remote] DEBUG org.asynchttpclient.netty.request.NettyRequestSender - Using pooled Channel '[id: 0x706e2989, L:/127.0.0.1:62692 - R:localhost/127.0.0.1:39129]' for 'POST' to 'http://localhost:39129/session/c0b5674e5b961df2d0f4e7fac81a2cbc/element'
01:49:05.156 [Forwarding findElement on session c0b5674e5b961df2d0f4e7fac81a2cbc to remote] DEBUG org.asynchttpclient.netty.request.NettyRequestSender - Using open Channel [id: 0x706e2989, L:/127.0.0.1:62692 - R:localhost/127.0.0.1:39129] for POST '/session/c0b5674e5b961df2d0f4e7fac81a2cbc/element'
01:49:05.180 [AsyncHttpClient-1-11] DEBUG org.asynchttpclient.netty.handler.HttpHandler - 

Request DefaultHttpRequest(decodeResult: success, version: HTTP/1.1)
POST /session/c0b5674e5b961df2d0f4e7fac81a2cbc/element HTTP/1.1
User-Agent: selenium/4.12.0 (java windows)
Content-Length: 96
Content-Type: application/json; charset=utf-8
host: localhost:39129
accept: */*

Response DefaultHttpResponse(decodeResult: success, version: HTTP/1.1)
HTTP/1.1 200 OK
Content-Length: 126
Content-Type: application/json; charset=utf-8
cache-control: no-cache

01:49:05.180 [AsyncHttpClient-1-11] DEBUG org.asynchttpclient.netty.channel.ChannelManager - Adding key: http://localhost:39129 for channel [id: 0x706e2989, L:/127.0.0.1:62692 - R:localhost/127.0.0.1:39129]
01:49:05.180 [Forwarding sendKeysToElement on session c0b5674e5b961df2d0f4e7fac81a2cbc to remote] DEBUG org.asynchttpclient.netty.request.NettyRequestSender - Using pooled Channel '[id: 0x706e2989, L:/127.0.0.1:62692 - R:localhost/127.0.0.1:39129]' for 'POST' to 'http://localhost:39129/session/c0b5674e5b961df2d0f4e7fac81a2cbc/element/f.D45E56467E3E6A7B289AB50B8C3E5BE9.d.5A0C4853F65A24F91F7A83D4A39CC2B4.e.62/value'
01:49:05.180 [Forwarding sendKeysToElement on session c0b5674e5b961df2d0f4e7fac81a2cbc to remote] DEBUG org.asynchttpclient.netty.request.NettyRequestSender - Using open Channel [id: 0x706e2989, L:/127.0.0.1:62692 - R:localhost/127.0.0.1:39129] for POST '/session/c0b5674e5b961df2d0f4e7fac81a2cbc/element/f.D45E56467E3E6A7B289AB50B8C3E5BE9.d.5A0C4853F65A24F91F7A83D4A39CC2B4.e.62/value'
01:49:05.319 [AsyncHttpClient-1-11] DEBUG org.asynchttpclient.netty.handler.HttpHandler - 

Request DefaultHttpRequest(decodeResult: success, version: HTTP/1.1)
POST /session/c0b5674e5b961df2d0f4e7fac81a2cbc/element/f.D45E56467E3E6A7B289AB50B8C3E5BE9.d.5A0C4853F65A24F91F7A83D4A39CC2B4.e.62/value HTTP/1.1
User-Agent: selenium/4.12.0 (java windows)
Content-Length: 179
Content-Type: application/json; charset=utf-8
host: localhost:39129
accept: */*

Response DefaultHttpResponse(decodeResult: success, version: HTTP/1.1)
HTTP/1.1 200 OK
Content-Length: 14
Content-Type: application/json; charset=utf-8
cache-control: no-cache

01:49:05.319 [AsyncHttpClient-1-11] DEBUG org.asynchttpclient.netty.channel.ChannelManager - Adding key: http://localhost:39129 for channel [id: 0x706e2989, L:/127.0.0.1:62692 - R:localhost/127.0.0.1:39129]
01:49:05.326 [Forwarding findElement on session c0b5674e5b961df2d0f4e7fac81a2cbc to remote] DEBUG org.asynchttpclient.netty.request.NettyRequestSender - Using pooled Channel '[id: 0x706e2989, L:/127.0.0.1:62692 - R:localhost/127.0.0.1:39129]' for 'POST' to 'http://localhost:39129/session/c0b5674e5b961df2d0f4e7fac81a2cbc/element'
01:49:05.326 [Forwarding findElement on session c0b5674e5b961df2d0f4e7fac81a2cbc to remote] DEBUG org.asynchttpclient.netty.request.NettyRequestSender - Using open Channel [id: 0x706e2989, L:/127.0.0.1:62692 - R:localhost/127.0.0.1:39129] for POST '/session/c0b5674e5b961df2d0f4e7fac81a2cbc/element'
01:49:05.347 [AsyncHttpClient-1-11] DEBUG org.asynchttpclient.netty.handler.HttpHandler - 

Request DefaultHttpRequest(decodeResult: success, version: HTTP/1.1)
POST /session/c0b5674e5b961df2d0f4e7fac81a2cbc/element HTTP/1.1
User-Agent: selenium/4.12.0 (java windows)
Content-Length: 78
Content-Type: application/json; charset=utf-8
host: localhost:39129
accept: */*

Response DefaultHttpResponse(decodeResult: success, version: HTTP/1.1)
HTTP/1.1 200 OK
Content-Length: 126
Content-Type: application/json; charset=utf-8
cache-control: no-cache

01:49:05.347 [AsyncHttpClient-1-11] DEBUG org.asynchttpclient.netty.channel.ChannelManager - Adding key: http://localhost:39129 for channel [id: 0x706e2989, L:/127.0.0.1:62692 - R:localhost/127.0.0.1:39129]
01:49:05.347 [Forwarding sendKeysToElement on session c0b5674e5b961df2d0f4e7fac81a2cbc to remote] DEBUG org.asynchttpclient.netty.request.NettyRequestSender - Using pooled Channel '[id: 0x706e2989, L:/127.0.0.1:62692 - R:localhost/127.0.0.1:39129]' for 'POST' to 'http://localhost:39129/session/c0b5674e5b961df2d0f4e7fac81a2cbc/element/f.D45E56467E3E6A7B289AB50B8C3E5BE9.d.5A0C4853F65A24F91F7A83D4A39CC2B4.e.63/value'
01:49:05.347 [Forwarding sendKeysToElement on session c0b5674e5b961df2d0f4e7fac81a2cbc to remote] DEBUG org.asynchttpclient.netty.request.NettyRequestSender - Using open Channel [id: 0x706e2989, L:/127.0.0.1:62692 - R:localhost/127.0.0.1:39129] for POST '/session/c0b5674e5b961df2d0f4e7fac81a2cbc/element/f.D45E56467E3E6A7B289AB50B8C3E5BE9.d.5A0C4853F65A24F91F7A83D4A39CC2B4.e.63/value'
01:49:05.452 [AsyncHttpClient-1-11] DEBUG org.asynchttpclient.netty.handler.HttpHandler - 

Request DefaultHttpRequest(decodeResult: success, version: HTTP/1.1)
POST /session/c0b5674e5b961df2d0f4e7fac81a2cbc/element/f.D45E56467E3E6A7B289AB50B8C3E5BE9.d.5A0C4853F65A24F91F7A83D4A39CC2B4.e.63/value HTTP/1.1
User-Agent: selenium/4.12.0 (java windows)
Content-Length: 149
Content-Type: application/json; charset=utf-8
host: localhost:39129
accept: */*

Response DefaultHttpResponse(decodeResult: success, version: HTTP/1.1)
HTTP/1.1 200 OK
Content-Length: 14
Content-Type: application/json; charset=utf-8
cache-control: no-cache

01:49:05.452 [AsyncHttpClient-1-11] DEBUG org.asynchttpclient.netty.channel.ChannelManager - Adding key: http://localhost:39129 for channel [id: 0x706e2989, L:/127.0.0.1:62692 - R:localhost/127.0.0.1:39129]
screen shot class not taking
  And Provide the Address DetailsMain_street001 YK FL 987678 USA         # StepDefination.Customer_onboarding.Provide_the_address_Details(java.lang.String,java.lang.String,java.lang.String,java.lang.String,java.lang.String)
01:49:05.969 [Forwarding findElement on session c0b5674e5b961df2d0f4e7fac81a2cbc to remote] DEBUG org.asynchttpclient.netty.request.NettyRequestSender - Using pooled Channel '[id: 0x706e2989, L:/127.0.0.1:62692 - R:localhost/127.0.0.1:39129]' for 'POST' to 'http://localhost:39129/session/c0b5674e5b961df2d0f4e7fac81a2cbc/element'
01:49:05.969 [Forwarding findElement on session c0b5674e5b961df2d0f4e7fac81a2cbc to remote] DEBUG org.asynchttpclient.netty.request.NettyRequestSender - Using open Channel [id: 0x706e2989, L:/127.0.0.1:62692 - R:localhost/127.0.0.1:39129] for POST '/session/c0b5674e5b961df2d0f4e7fac81a2cbc/element'
01:49:05.992 [AsyncHttpClient-1-11] DEBUG org.asynchttpclient.netty.handler.HttpHandler - 

Request DefaultHttpRequest(decodeResult: success, version: HTTP/1.1)
POST /session/c0b5674e5b961df2d0f4e7fac81a2cbc/element HTTP/1.1
User-Agent: selenium/4.12.0 (java windows)
Content-Length: 86
Content-Type: application/json; charset=utf-8
host: localhost:39129
accept: */*

Response DefaultHttpResponse(decodeResult: success, version: HTTP/1.1)
HTTP/1.1 200 OK
Content-Length: 126
Content-Type: application/json; charset=utf-8
cache-control: no-cache

01:49:05.993 [AsyncHttpClient-1-11] DEBUG org.asynchttpclient.netty.channel.ChannelManager - Adding key: http://localhost:39129 for channel [id: 0x706e2989, L:/127.0.0.1:62692 - R:localhost/127.0.0.1:39129]
01:49:05.993 [Forwarding clickElement on session c0b5674e5b961df2d0f4e7fac81a2cbc to remote] DEBUG org.asynchttpclient.netty.request.NettyRequestSender - Using pooled Channel '[id: 0x706e2989, L:/127.0.0.1:62692 - R:localhost/127.0.0.1:39129]' for 'POST' to 'http://localhost:39129/session/c0b5674e5b961df2d0f4e7fac81a2cbc/element/f.D45E56467E3E6A7B289AB50B8C3E5BE9.d.5A0C4853F65A24F91F7A83D4A39CC2B4.e.58/click'
01:49:05.993 [Forwarding clickElement on session c0b5674e5b961df2d0f4e7fac81a2cbc to remote] DEBUG org.asynchttpclient.netty.request.NettyRequestSender - Using open Channel [id: 0x706e2989, L:/127.0.0.1:62692 - R:localhost/127.0.0.1:39129] for POST '/session/c0b5674e5b961df2d0f4e7fac81a2cbc/element/f.D45E56467E3E6A7B289AB50B8C3E5BE9.d.5A0C4853F65A24F91F7A83D4A39CC2B4.e.58/click'
01:49:06.132 [AsyncHttpClient-1-11] DEBUG org.asynchttpclient.netty.handler.HttpHandler - 

Request DefaultHttpRequest(decodeResult: success, version: HTTP/1.1)
POST /session/c0b5674e5b961df2d0f4e7fac81a2cbc/element/f.D45E56467E3E6A7B289AB50B8C3E5BE9.d.5A0C4853F65A24F91F7A83D4A39CC2B4.e.58/click HTTP/1.1
User-Agent: selenium/4.12.0 (java windows)
Content-Length: 88
Content-Type: application/json; charset=utf-8
host: localhost:39129
accept: */*

Response DefaultHttpResponse(decodeResult: success, version: HTTP/1.1)
HTTP/1.1 200 OK
Content-Length: 14
Content-Type: application/json; charset=utf-8
cache-control: no-cache

01:49:06.137 [AsyncHttpClient-1-11] DEBUG org.asynchttpclient.netty.channel.ChannelManager - Adding key: http://localhost:39129 for channel [id: 0x706e2989, L:/127.0.0.1:62692 - R:localhost/127.0.0.1:39129]
01:49:06.216 [AsyncHttpClient-1-1] DEBUG org.asynchttpclient.netty.channel.DefaultChannelPool - Entry count for : http://localhost:39129 : 1
01:49:06.216 [AsyncHttpClient-1-1] DEBUG org.asynchttpclient.netty.channel.DefaultChannelPool - Entry count for : http://localhost:62693 : 1
01:49:07.143 [Forwarding findElement on session c0b5674e5b961df2d0f4e7fac81a2cbc to remote] DEBUG org.asynchttpclient.netty.request.NettyRequestSender - Using pooled Channel '[id: 0x706e2989, L:/127.0.0.1:62692 - R:localhost/127.0.0.1:39129]' for 'POST' to 'http://localhost:39129/session/c0b5674e5b961df2d0f4e7fac81a2cbc/element'
01:49:07.143 [Forwarding findElement on session c0b5674e5b961df2d0f4e7fac81a2cbc to remote] DEBUG org.asynchttpclient.netty.request.NettyRequestSender - Using open Channel [id: 0x706e2989, L:/127.0.0.1:62692 - R:localhost/127.0.0.1:39129] for POST '/session/c0b5674e5b961df2d0f4e7fac81a2cbc/element'
01:49:07.165 [AsyncHttpClient-1-11] DEBUG org.asynchttpclient.netty.handler.HttpHandler - 

Request DefaultHttpRequest(decodeResult: success, version: HTTP/1.1)
POST /session/c0b5674e5b961df2d0f4e7fac81a2cbc/element HTTP/1.1
User-Agent: selenium/4.12.0 (java windows)
Content-Length: 124
Content-Type: application/json; charset=utf-8
host: localhost:39129
accept: */*

Response DefaultHttpResponse(decodeResult: success, version: HTTP/1.1)
HTTP/1.1 200 OK
Content-Length: 127
Content-Type: application/json; charset=utf-8
cache-control: no-cache

01:49:07.165 [AsyncHttpClient-1-11] DEBUG org.asynchttpclient.netty.channel.ChannelManager - Adding key: http://localhost:39129 for channel [id: 0x706e2989, L:/127.0.0.1:62692 - R:localhost/127.0.0.1:39129]
01:49:07.165 [Forwarding clickElement on session c0b5674e5b961df2d0f4e7fac81a2cbc to remote] DEBUG org.asynchttpclient.netty.request.NettyRequestSender - Using pooled Channel '[id: 0x706e2989, L:/127.0.0.1:62692 - R:localhost/127.0.0.1:39129]' for 'POST' to 'http://localhost:39129/session/c0b5674e5b961df2d0f4e7fac81a2cbc/element/f.D45E56467E3E6A7B289AB50B8C3E5BE9.d.5A0C4853F65A24F91F7A83D4A39CC2B4.e.109/click'
01:49:07.165 [Forwarding clickElement on session c0b5674e5b961df2d0f4e7fac81a2cbc to remote] DEBUG org.asynchttpclient.netty.request.NettyRequestSender - Using open Channel [id: 0x706e2989, L:/127.0.0.1:62692 - R:localhost/127.0.0.1:39129] for POST '/session/c0b5674e5b961df2d0f4e7fac81a2cbc/element/f.D45E56467E3E6A7B289AB50B8C3E5BE9.d.5A0C4853F65A24F91F7A83D4A39CC2B4.e.109/click'
01:49:07.277 [AsyncHttpClient-1-11] DEBUG org.asynchttpclient.netty.handler.HttpHandler - 

Request DefaultHttpRequest(decodeResult: success, version: HTTP/1.1)
POST /session/c0b5674e5b961df2d0f4e7fac81a2cbc/element/f.D45E56467E3E6A7B289AB50B8C3E5BE9.d.5A0C4853F65A24F91F7A83D4A39CC2B4.e.109/click HTTP/1.1
User-Agent: selenium/4.12.0 (java windows)
Content-Length: 89
Content-Type: application/json; charset=utf-8
host: localhost:39129
accept: */*

Response DefaultHttpResponse(decodeResult: success, version: HTTP/1.1)
HTTP/1.1 200 OK
Content-Length: 14
Content-Type: application/json; charset=utf-8
cache-control: no-cache

01:49:07.277 [AsyncHttpClient-1-11] DEBUG org.asynchttpclient.netty.channel.ChannelManager - Adding key: http://localhost:39129 for channel [id: 0x706e2989, L:/127.0.0.1:62692 - R:localhost/127.0.0.1:39129]
01:49:07.308 [AsyncHttpClient-1-1] DEBUG org.asynchttpclient.netty.channel.DefaultChannelPool - Entry count for : http://localhost:39129 : 1
01:49:07.308 [AsyncHttpClient-1-1] DEBUG org.asynchttpclient.netty.channel.DefaultChannelPool - Entry count for : http://localhost:62693 : 1
01:49:08.285 [Forwarding findElement on session c0b5674e5b961df2d0f4e7fac81a2cbc to remote] DEBUG org.asynchttpclient.netty.request.NettyRequestSender - Using pooled Channel '[id: 0x706e2989, L:/127.0.0.1:62692 - R:localhost/127.0.0.1:39129]' for 'POST' to 'http://localhost:39129/session/c0b5674e5b961df2d0f4e7fac81a2cbc/element'
01:49:08.285 [Forwarding findElement on session c0b5674e5b961df2d0f4e7fac81a2cbc to remote] DEBUG org.asynchttpclient.netty.request.NettyRequestSender - Using open Channel [id: 0x706e2989, L:/127.0.0.1:62692 - R:localhost/127.0.0.1:39129] for POST '/session/c0b5674e5b961df2d0f4e7fac81a2cbc/element'
01:49:08.300 [AsyncHttpClient-1-11] DEBUG org.asynchttpclient.netty.handler.HttpHandler - 

Request DefaultHttpRequest(decodeResult: success, version: HTTP/1.1)
POST /session/c0b5674e5b961df2d0f4e7fac81a2cbc/element HTTP/1.1
User-Agent: selenium/4.12.0 (java windows)
Content-Length: 85
Content-Type: application/json; charset=utf-8
host: localhost:39129
accept: */*

Response DefaultHttpResponse(decodeResult: success, version: HTTP/1.1)
HTTP/1.1 200 OK
Content-Length: 127
Content-Type: application/json; charset=utf-8
cache-control: no-cache

01:49:08.300 [AsyncHttpClient-1-11] DEBUG org.asynchttpclient.netty.channel.ChannelManager - Adding key: http://localhost:39129 for channel [id: 0x706e2989, L:/127.0.0.1:62692 - R:localhost/127.0.0.1:39129]
01:49:08.308 [Forwarding sendKeysToElement on session c0b5674e5b961df2d0f4e7fac81a2cbc to remote] DEBUG org.asynchttpclient.netty.request.NettyRequestSender - Using pooled Channel '[id: 0x706e2989, L:/127.0.0.1:62692 - R:localhost/127.0.0.1:39129]' for 'POST' to 'http://localhost:39129/session/c0b5674e5b961df2d0f4e7fac81a2cbc/element/f.D45E56467E3E6A7B289AB50B8C3E5BE9.d.5A0C4853F65A24F91F7A83D4A39CC2B4.e.111/value'
01:49:08.308 [Forwarding sendKeysToElement on session c0b5674e5b961df2d0f4e7fac81a2cbc to remote] DEBUG org.asynchttpclient.netty.request.NettyRequestSender - Using open Channel [id: 0x706e2989, L:/127.0.0.1:62692 - R:localhost/127.0.0.1:39129] for POST '/session/c0b5674e5b961df2d0f4e7fac81a2cbc/element/f.D45E56467E3E6A7B289AB50B8C3E5BE9.d.5A0C4853F65A24F91F7A83D4A39CC2B4.e.111/value'
01:49:08.411 [AsyncHttpClient-1-1] DEBUG org.asynchttpclient.netty.channel.DefaultChannelPool - Entry count for : http://localhost:62693 : 1
01:49:08.556 [AsyncHttpClient-1-11] DEBUG org.asynchttpclient.netty.handler.HttpHandler - 

Request DefaultHttpRequest(decodeResult: success, version: HTTP/1.1)
POST /session/c0b5674e5b961df2d0f4e7fac81a2cbc/element/f.D45E56467E3E6A7B289AB50B8C3E5BE9.d.5A0C4853F65A24F91F7A83D4A39CC2B4.e.111/value HTTP/1.1
User-Agent: selenium/4.12.0 (java windows)
Content-Length: 260
Content-Type: application/json; charset=utf-8
host: localhost:39129
accept: */*

Response DefaultHttpResponse(decodeResult: success, version: HTTP/1.1)
HTTP/1.1 200 OK
Content-Length: 14
Content-Type: application/json; charset=utf-8
cache-control: no-cache

01:49:08.556 [AsyncHttpClient-1-11] DEBUG org.asynchttpclient.netty.channel.ChannelManager - Adding key: http://localhost:39129 for channel [id: 0x706e2989, L:/127.0.0.1:62692 - R:localhost/127.0.0.1:39129]
screen shot class not taking
  And Provide the bookvia with Emailroyal.book.com                       # StepDefination.Customer_onboarding.Provide_the_bookvia_email(java.lang.String)
01:49:09.518 [AsyncHttpClient-1-1] DEBUG org.asynchttpclient.netty.channel.DefaultChannelPool - Entry count for : http://localhost:39129 : 1
01:49:09.518 [AsyncHttpClient-1-1] DEBUG org.asynchttpclient.netty.channel.DefaultChannelPool - Entry count for : http://localhost:62693 : 1
01:49:10.065 [Forwarding findElement on session c0b5674e5b961df2d0f4e7fac81a2cbc to remote] DEBUG org.asynchttpclient.netty.request.NettyRequestSender - Using pooled Channel '[id: 0x706e2989, L:/127.0.0.1:62692 - R:localhost/127.0.0.1:39129]' for 'POST' to 'http://localhost:39129/session/c0b5674e5b961df2d0f4e7fac81a2cbc/element'
01:49:10.065 [Forwarding findElement on session c0b5674e5b961df2d0f4e7fac81a2cbc to remote] DEBUG org.asynchttpclient.netty.request.NettyRequestSender - Using open Channel [id: 0x706e2989, L:/127.0.0.1:62692 - R:localhost/127.0.0.1:39129] for POST '/session/c0b5674e5b961df2d0f4e7fac81a2cbc/element'
01:49:10.102 [AsyncHttpClient-1-11] DEBUG org.asynchttpclient.netty.handler.HttpHandler - 

Request DefaultHttpRequest(decodeResult: success, version: HTTP/1.1)
POST /session/c0b5674e5b961df2d0f4e7fac81a2cbc/element HTTP/1.1
User-Agent: selenium/4.12.0 (java windows)
Content-Length: 121
Content-Type: application/json; charset=utf-8
host: localhost:39129
accept: */*

Response DefaultHttpResponse(decodeResult: success, version: HTTP/1.1)
HTTP/1.1 200 OK
Content-Length: 126
Content-Type: application/json; charset=utf-8
cache-control: no-cache

01:49:10.102 [AsyncHttpClient-1-11] DEBUG org.asynchttpclient.netty.channel.ChannelManager - Adding key: http://localhost:39129 for channel [id: 0x706e2989, L:/127.0.0.1:62692 - R:localhost/127.0.0.1:39129]
01:49:10.102 [Forwarding sendKeysToElement on session c0b5674e5b961df2d0f4e7fac81a2cbc to remote] DEBUG org.asynchttpclient.netty.request.NettyRequestSender - Using pooled Channel '[id: 0x706e2989, L:/127.0.0.1:62692 - R:localhost/127.0.0.1:39129]' for 'POST' to 'http://localhost:39129/session/c0b5674e5b961df2d0f4e7fac81a2cbc/element/f.D45E56467E3E6A7B289AB50B8C3E5BE9.d.5A0C4853F65A24F91F7A83D4A39CC2B4.e.64/value'
01:49:10.102 [Forwarding sendKeysToElement on session c0b5674e5b961df2d0f4e7fac81a2cbc to remote] DEBUG org.asynchttpclient.netty.request.NettyRequestSender - Using open Channel [id: 0x706e2989, L:/127.0.0.1:62692 - R:localhost/127.0.0.1:39129] for POST '/session/c0b5674e5b961df2d0f4e7fac81a2cbc/element/f.D45E56467E3E6A7B289AB50B8C3E5BE9.d.5A0C4853F65A24F91F7A83D4A39CC2B4.e.64/value'
01:49:10.536 [AsyncHttpClient-1-11] DEBUG org.asynchttpclient.netty.handler.HttpHandler - 

Request DefaultHttpRequest(decodeResult: success, version: HTTP/1.1)
POST /session/c0b5674e5b961df2d0f4e7fac81a2cbc/element/f.D45E56467E3E6A7B289AB50B8C3E5BE9.d.5A0C4853F65A24F91F7A83D4A39CC2B4.e.64/value HTTP/1.1
User-Agent: selenium/4.12.0 (java windows)
Content-Length: 399
Content-Type: application/json; charset=utf-8
host: localhost:39129
accept: */*

Response DefaultHttpResponse(decodeResult: success, version: HTTP/1.1)
HTTP/1.1 200 OK
Content-Length: 14
Content-Type: application/json; charset=utf-8
cache-control: no-cache

01:49:10.536 [AsyncHttpClient-1-11] DEBUG org.asynchttpclient.netty.channel.ChannelManager - Adding key: http://localhost:39129 for channel [id: 0x706e2989, L:/127.0.0.1:62692 - R:localhost/127.0.0.1:39129]
01:49:10.618 [AsyncHttpClient-1-1] DEBUG org.asynchttpclient.netty.channel.DefaultChannelPool - Entry count for : http://localhost:39129 : 1
01:49:10.618 [AsyncHttpClient-1-1] DEBUG org.asynchttpclient.netty.channel.DefaultChannelPool - Entry count for : http://localhost:62693 : 1
screen shot class not taking
  And Provide the special_instructionsspecial_instruction_customer       # StepDefination.Customer_onboarding.Provide_the_special_instructions(java.lang.String)
01:49:11.720 [AsyncHttpClient-1-1] DEBUG org.asynchttpclient.netty.channel.DefaultChannelPool - Entry count for : http://localhost:39129 : 1
01:49:11.720 [AsyncHttpClient-1-1] DEBUG org.asynchttpclient.netty.channel.DefaultChannelPool - Entry count for : http://localhost:62693 : 1
01:49:12.058 [Forwarding findElement on session c0b5674e5b961df2d0f4e7fac81a2cbc to remote] DEBUG org.asynchttpclient.netty.request.NettyRequestSender - Using pooled Channel '[id: 0x706e2989, L:/127.0.0.1:62692 - R:localhost/127.0.0.1:39129]' for 'POST' to 'http://localhost:39129/session/c0b5674e5b961df2d0f4e7fac81a2cbc/element'
01:49:12.058 [Forwarding findElement on session c0b5674e5b961df2d0f4e7fac81a2cbc to remote] DEBUG org.asynchttpclient.netty.request.NettyRequestSender - Using open Channel [id: 0x706e2989, L:/127.0.0.1:62692 - R:localhost/127.0.0.1:39129] for POST '/session/c0b5674e5b961df2d0f4e7fac81a2cbc/element'
01:49:12.078 [AsyncHttpClient-1-11] DEBUG org.asynchttpclient.netty.handler.HttpHandler - 

Request DefaultHttpRequest(decodeResult: success, version: HTTP/1.1)
POST /session/c0b5674e5b961df2d0f4e7fac81a2cbc/element HTTP/1.1
User-Agent: selenium/4.12.0 (java windows)
Content-Length: 250
Content-Type: application/json; charset=utf-8
host: localhost:39129
accept: */*

Response DefaultHttpResponse(decodeResult: success, version: HTTP/1.1)
HTTP/1.1 200 OK
Content-Length: 127
Content-Type: application/json; charset=utf-8
cache-control: no-cache

01:49:12.078 [AsyncHttpClient-1-11] DEBUG org.asynchttpclient.netty.channel.ChannelManager - Adding key: http://localhost:39129 for channel [id: 0x706e2989, L:/127.0.0.1:62692 - R:localhost/127.0.0.1:39129]
01:49:12.082 [Forwarding actions on session c0b5674e5b961df2d0f4e7fac81a2cbc to remote] DEBUG org.asynchttpclient.netty.request.NettyRequestSender - Using pooled Channel '[id: 0x706e2989, L:/127.0.0.1:62692 - R:localhost/127.0.0.1:39129]' for 'POST' to 'http://localhost:39129/session/c0b5674e5b961df2d0f4e7fac81a2cbc/actions'
01:49:12.082 [Forwarding actions on session c0b5674e5b961df2d0f4e7fac81a2cbc to remote] DEBUG org.asynchttpclient.netty.request.NettyRequestSender - Using open Channel [id: 0x706e2989, L:/127.0.0.1:62692 - R:localhost/127.0.0.1:39129] for POST '/session/c0b5674e5b961df2d0f4e7fac81a2cbc/actions'
01:49:12.271 [AsyncHttpClient-1-11] DEBUG org.asynchttpclient.netty.handler.HttpHandler - 

Request DefaultHttpRequest(decodeResult: success, version: HTTP/1.1)
POST /session/c0b5674e5b961df2d0f4e7fac81a2cbc/actions HTTP/1.1
User-Agent: selenium/4.12.0 (java windows)
Content-Length: 606
Content-Type: application/json; charset=utf-8
host: localhost:39129
accept: */*

Response DefaultHttpResponse(decodeResult: success, version: HTTP/1.1)
HTTP/1.1 200 OK
Content-Length: 14
Content-Type: application/json; charset=utf-8
cache-control: no-cache

01:49:12.271 [AsyncHttpClient-1-11] DEBUG org.asynchttpclient.netty.channel.ChannelManager - Adding key: http://localhost:39129 for channel [id: 0x706e2989, L:/127.0.0.1:62692 - R:localhost/127.0.0.1:39129]
01:49:12.782 [Forwarding findElement on session c0b5674e5b961df2d0f4e7fac81a2cbc to remote] DEBUG org.asynchttpclient.netty.request.NettyRequestSender - Using pooled Channel '[id: 0x706e2989, L:/127.0.0.1:62692 - R:localhost/127.0.0.1:39129]' for 'POST' to 'http://localhost:39129/session/c0b5674e5b961df2d0f4e7fac81a2cbc/element'
01:49:12.782 [Forwarding findElement on session c0b5674e5b961df2d0f4e7fac81a2cbc to remote] DEBUG org.asynchttpclient.netty.request.NettyRequestSender - Using open Channel [id: 0x706e2989, L:/127.0.0.1:62692 - R:localhost/127.0.0.1:39129] for POST '/session/c0b5674e5b961df2d0f4e7fac81a2cbc/element'
01:49:12.798 [AsyncHttpClient-1-11] DEBUG org.asynchttpclient.netty.handler.HttpHandler - 

Request DefaultHttpRequest(decodeResult: success, version: HTTP/1.1)
POST /session/c0b5674e5b961df2d0f4e7fac81a2cbc/element HTTP/1.1
User-Agent: selenium/4.12.0 (java windows)
Content-Length: 279
Content-Type: application/json; charset=utf-8
host: localhost:39129
accept: */*

Response DefaultHttpResponse(decodeResult: success, version: HTTP/1.1)
HTTP/1.1 200 OK
Content-Length: 127
Content-Type: application/json; charset=utf-8
cache-control: no-cache

01:49:12.798 [AsyncHttpClient-1-11] DEBUG org.asynchttpclient.netty.channel.ChannelManager - Adding key: http://localhost:39129 for channel [id: 0x706e2989, L:/127.0.0.1:62692 - R:localhost/127.0.0.1:39129]
01:49:12.806 [Forwarding actions on session c0b5674e5b961df2d0f4e7fac81a2cbc to remote] DEBUG org.asynchttpclient.netty.request.NettyRequestSender - Using pooled Channel '[id: 0x706e2989, L:/127.0.0.1:62692 - R:localhost/127.0.0.1:39129]' for 'POST' to 'http://localhost:39129/session/c0b5674e5b961df2d0f4e7fac81a2cbc/actions'
01:49:12.806 [Forwarding actions on session c0b5674e5b961df2d0f4e7fac81a2cbc to remote] DEBUG org.asynchttpclient.netty.request.NettyRequestSender - Using open Channel [id: 0x706e2989, L:/127.0.0.1:62692 - R:localhost/127.0.0.1:39129] for POST '/session/c0b5674e5b961df2d0f4e7fac81a2cbc/actions'
01:49:12.814 [AsyncHttpClient-1-1] DEBUG org.asynchttpclient.netty.channel.DefaultChannelPool - Entry count for : http://localhost:62693 : 1
01:49:12.968 [AsyncHttpClient-1-11] DEBUG org.asynchttpclient.netty.handler.HttpHandler - 

Request DefaultHttpRequest(decodeResult: success, version: HTTP/1.1)
POST /session/c0b5674e5b961df2d0f4e7fac81a2cbc/actions HTTP/1.1
User-Agent: selenium/4.12.0 (java windows)
Content-Length: 606
Content-Type: application/json; charset=utf-8
host: localhost:39129
accept: */*

Response DefaultHttpResponse(decodeResult: success, version: HTTP/1.1)
HTTP/1.1 200 OK
Content-Length: 14
Content-Type: application/json; charset=utf-8
cache-control: no-cache

01:49:12.972 [AsyncHttpClient-1-11] DEBUG org.asynchttpclient.netty.channel.ChannelManager - Adding key: http://localhost:39129 for channel [id: 0x706e2989, L:/127.0.0.1:62692 - R:localhost/127.0.0.1:39129]
01:49:12.972 [Forwarding sendKeysToElement on session c0b5674e5b961df2d0f4e7fac81a2cbc to remote] DEBUG org.asynchttpclient.netty.request.NettyRequestSender - Using pooled Channel '[id: 0x706e2989, L:/127.0.0.1:62692 - R:localhost/127.0.0.1:39129]' for 'POST' to 'http://localhost:39129/session/c0b5674e5b961df2d0f4e7fac81a2cbc/element/f.D45E56467E3E6A7B289AB50B8C3E5BE9.d.5A0C4853F65A24F91F7A83D4A39CC2B4.e.121/value'
01:49:12.972 [Forwarding sendKeysToElement on session c0b5674e5b961df2d0f4e7fac81a2cbc to remote] DEBUG org.asynchttpclient.netty.request.NettyRequestSender - Using open Channel [id: 0x706e2989, L:/127.0.0.1:62692 - R:localhost/127.0.0.1:39129] for POST '/session/c0b5674e5b961df2d0f4e7fac81a2cbc/element/f.D45E56467E3E6A7B289AB50B8C3E5BE9.d.5A0C4853F65A24F91F7A83D4A39CC2B4.e.121/value'
01:49:13.071 [AsyncHttpClient-1-11] DEBUG org.asynchttpclient.netty.handler.HttpHandler - 

Request DefaultHttpRequest(decodeResult: success, version: HTTP/1.1)
POST /session/c0b5674e5b961df2d0f4e7fac81a2cbc/element/f.D45E56467E3E6A7B289AB50B8C3E5BE9.d.5A0C4853F65A24F91F7A83D4A39CC2B4.e.121/value HTTP/1.1
User-Agent: selenium/4.12.0 (java windows)
Content-Length: 170
Content-Type: application/json; charset=utf-8
host: localhost:39129
accept: */*

Response DefaultHttpResponse(decodeResult: success, version: HTTP/1.1)
HTTP/1.1 200 OK
Content-Length: 14
Content-Type: application/json; charset=utf-8
cache-control: no-cache

01:49:13.071 [AsyncHttpClient-1-11] DEBUG org.asynchttpclient.netty.channel.ChannelManager - Adding key: http://localhost:39129 for channel [id: 0x706e2989, L:/127.0.0.1:62692 - R:localhost/127.0.0.1:39129]
01:49:13.587 [Forwarding findElement on session c0b5674e5b961df2d0f4e7fac81a2cbc to remote] DEBUG org.asynchttpclient.netty.request.NettyRequestSender - Using pooled Channel '[id: 0x706e2989, L:/127.0.0.1:62692 - R:localhost/127.0.0.1:39129]' for 'POST' to 'http://localhost:39129/session/c0b5674e5b961df2d0f4e7fac81a2cbc/element'
01:49:13.587 [Forwarding findElement on session c0b5674e5b961df2d0f4e7fac81a2cbc to remote] DEBUG org.asynchttpclient.netty.request.NettyRequestSender - Using open Channel [id: 0x706e2989, L:/127.0.0.1:62692 - R:localhost/127.0.0.1:39129] for POST '/session/c0b5674e5b961df2d0f4e7fac81a2cbc/element'
01:49:13.603 [AsyncHttpClient-1-11] DEBUG org.asynchttpclient.netty.handler.HttpHandler - 

Request DefaultHttpRequest(decodeResult: success, version: HTTP/1.1)
POST /session/c0b5674e5b961df2d0f4e7fac81a2cbc/element HTTP/1.1
User-Agent: selenium/4.12.0 (java windows)
Content-Length: 69
Content-Type: application/json; charset=utf-8
host: localhost:39129
accept: */*

Response DefaultHttpResponse(decodeResult: success, version: HTTP/1.1)
HTTP/1.1 200 OK
Content-Length: 127
Content-Type: application/json; charset=utf-8
cache-control: no-cache

01:49:13.611 [AsyncHttpClient-1-11] DEBUG org.asynchttpclient.netty.channel.ChannelManager - Adding key: http://localhost:39129 for channel [id: 0x706e2989, L:/127.0.0.1:62692 - R:localhost/127.0.0.1:39129]
01:49:13.611 [Forwarding clickElement on session c0b5674e5b961df2d0f4e7fac81a2cbc to remote] DEBUG org.asynchttpclient.netty.request.NettyRequestSender - Using pooled Channel '[id: 0x706e2989, L:/127.0.0.1:62692 - R:localhost/127.0.0.1:39129]' for 'POST' to 'http://localhost:39129/session/c0b5674e5b961df2d0f4e7fac81a2cbc/element/f.D45E56467E3E6A7B289AB50B8C3E5BE9.d.5A0C4853F65A24F91F7A83D4A39CC2B4.e.128/click'
01:49:13.611 [Forwarding clickElement on session c0b5674e5b961df2d0f4e7fac81a2cbc to remote] DEBUG org.asynchttpclient.netty.request.NettyRequestSender - Using open Channel [id: 0x706e2989, L:/127.0.0.1:62692 - R:localhost/127.0.0.1:39129] for POST '/session/c0b5674e5b961df2d0f4e7fac81a2cbc/element/f.D45E56467E3E6A7B289AB50B8C3E5BE9.d.5A0C4853F65A24F91F7A83D4A39CC2B4.e.128/click'
01:49:13.733 [AsyncHttpClient-1-11] DEBUG org.asynchttpclient.netty.handler.HttpHandler - 

Request DefaultHttpRequest(decodeResult: success, version: HTTP/1.1)
POST /session/c0b5674e5b961df2d0f4e7fac81a2cbc/element/f.D45E56467E3E6A7B289AB50B8C3E5BE9.d.5A0C4853F65A24F91F7A83D4A39CC2B4.e.128/click HTTP/1.1
User-Agent: selenium/4.12.0 (java windows)
Content-Length: 89
Content-Type: application/json; charset=utf-8
host: localhost:39129
accept: */*

Response DefaultHttpResponse(decodeResult: success, version: HTTP/1.1)
HTTP/1.1 200 OK
Content-Length: 14
Content-Type: application/json; charset=utf-8
cache-control: no-cache

01:49:13.733 [AsyncHttpClient-1-11] DEBUG org.asynchttpclient.netty.channel.ChannelManager - Adding key: http://localhost:39129 for channel [id: 0x706e2989, L:/127.0.0.1:62692 - R:localhost/127.0.0.1:39129]
01:49:13.920 [AsyncHttpClient-1-1] DEBUG org.asynchttpclient.netty.channel.DefaultChannelPool - Entry count for : http://localhost:39129 : 1
01:49:13.920 [AsyncHttpClient-1-1] DEBUG org.asynchttpclient.netty.channel.DefaultChannelPool - Entry count for : http://localhost:62693 : 1
01:49:14.246 [Forwarding findElement on session c0b5674e5b961df2d0f4e7fac81a2cbc to remote] DEBUG org.asynchttpclient.netty.request.NettyRequestSender - Using pooled Channel '[id: 0x706e2989, L:/127.0.0.1:62692 - R:localhost/127.0.0.1:39129]' for 'POST' to 'http://localhost:39129/session/c0b5674e5b961df2d0f4e7fac81a2cbc/element'
01:49:14.246 [Forwarding findElement on session c0b5674e5b961df2d0f4e7fac81a2cbc to remote] DEBUG org.asynchttpclient.netty.request.NettyRequestSender - Using open Channel [id: 0x706e2989, L:/127.0.0.1:62692 - R:localhost/127.0.0.1:39129] for POST '/session/c0b5674e5b961df2d0f4e7fac81a2cbc/element'
01:49:14.267 [AsyncHttpClient-1-11] DEBUG org.asynchttpclient.netty.handler.HttpHandler - 

Request DefaultHttpRequest(decodeResult: success, version: HTTP/1.1)
POST /session/c0b5674e5b961df2d0f4e7fac81a2cbc/element HTTP/1.1
User-Agent: selenium/4.12.0 (java windows)
Content-Length: 279
Content-Type: application/json; charset=utf-8
host: localhost:39129
accept: */*

Response DefaultHttpResponse(decodeResult: success, version: HTTP/1.1)
HTTP/1.1 200 OK
Content-Length: 127
Content-Type: application/json; charset=utf-8
cache-control: no-cache

01:49:14.267 [AsyncHttpClient-1-11] DEBUG org.asynchttpclient.netty.channel.ChannelManager - Adding key: http://localhost:39129 for channel [id: 0x706e2989, L:/127.0.0.1:62692 - R:localhost/127.0.0.1:39129]
01:49:14.270 [Forwarding actions on session c0b5674e5b961df2d0f4e7fac81a2cbc to remote] DEBUG org.asynchttpclient.netty.request.NettyRequestSender - Using pooled Channel '[id: 0x706e2989, L:/127.0.0.1:62692 - R:localhost/127.0.0.1:39129]' for 'POST' to 'http://localhost:39129/session/c0b5674e5b961df2d0f4e7fac81a2cbc/actions'
01:49:14.270 [Forwarding actions on session c0b5674e5b961df2d0f4e7fac81a2cbc to remote] DEBUG org.asynchttpclient.netty.request.NettyRequestSender - Using open Channel [id: 0x706e2989, L:/127.0.0.1:62692 - R:localhost/127.0.0.1:39129] for POST '/session/c0b5674e5b961df2d0f4e7fac81a2cbc/actions'
01:49:14.438 [AsyncHttpClient-1-11] DEBUG org.asynchttpclient.netty.handler.HttpHandler - 

Request DefaultHttpRequest(decodeResult: success, version: HTTP/1.1)
POST /session/c0b5674e5b961df2d0f4e7fac81a2cbc/actions HTTP/1.1
User-Agent: selenium/4.12.0 (java windows)
Content-Length: 606
Content-Type: application/json; charset=utf-8
host: localhost:39129
accept: */*

Response DefaultHttpResponse(decodeResult: success, version: HTTP/1.1)
HTTP/1.1 200 OK
Content-Length: 14
Content-Type: application/json; charset=utf-8
cache-control: no-cache

01:49:14.438 [AsyncHttpClient-1-11] DEBUG org.asynchttpclient.netty.channel.ChannelManager - Adding key: http://localhost:39129 for channel [id: 0x706e2989, L:/127.0.0.1:62692 - R:localhost/127.0.0.1:39129]
01:49:14.438 [Forwarding clickElement on session c0b5674e5b961df2d0f4e7fac81a2cbc to remote] DEBUG org.asynchttpclient.netty.request.NettyRequestSender - Using pooled Channel '[id: 0x706e2989, L:/127.0.0.1:62692 - R:localhost/127.0.0.1:39129]' for 'POST' to 'http://localhost:39129/session/c0b5674e5b961df2d0f4e7fac81a2cbc/element/f.D45E56467E3E6A7B289AB50B8C3E5BE9.d.5A0C4853F65A24F91F7A83D4A39CC2B4.e.122/click'
01:49:14.438 [Forwarding clickElement on session c0b5674e5b961df2d0f4e7fac81a2cbc to remote] DEBUG org.asynchttpclient.netty.request.NettyRequestSender - Using open Channel [id: 0x706e2989, L:/127.0.0.1:62692 - R:localhost/127.0.0.1:39129] for POST '/session/c0b5674e5b961df2d0f4e7fac81a2cbc/element/f.D45E56467E3E6A7B289AB50B8C3E5BE9.d.5A0C4853F65A24F91F7A83D4A39CC2B4.e.122/click'
01:49:14.555 [AsyncHttpClient-1-11] DEBUG org.asynchttpclient.netty.handler.HttpHandler - 

Request DefaultHttpRequest(decodeResult: success, version: HTTP/1.1)
POST /session/c0b5674e5b961df2d0f4e7fac81a2cbc/element/f.D45E56467E3E6A7B289AB50B8C3E5BE9.d.5A0C4853F65A24F91F7A83D4A39CC2B4.e.122/click HTTP/1.1
User-Agent: selenium/4.12.0 (java windows)
Content-Length: 89
Content-Type: application/json; charset=utf-8
host: localhost:39129
accept: */*

Response DefaultHttpResponse(decodeResult: success, version: HTTP/1.1)
HTTP/1.1 200 OK
Content-Length: 14
Content-Type: application/json; charset=utf-8
cache-control: no-cache

01:49:14.555 [AsyncHttpClient-1-11] DEBUG org.asynchttpclient.netty.channel.ChannelManager - Adding key: http://localhost:39129 for channel [id: 0x706e2989, L:/127.0.0.1:62692 - R:localhost/127.0.0.1:39129]
01:49:15.008 [AsyncHttpClient-1-1] DEBUG org.asynchttpclient.netty.channel.DefaultChannelPool - Entry count for : http://localhost:39129 : 1
01:49:15.009 [AsyncHttpClient-1-1] DEBUG org.asynchttpclient.netty.channel.DefaultChannelPool - Entry count for : http://localhost:62693 : 1
01:49:15.077 [Forwarding findElement on session c0b5674e5b961df2d0f4e7fac81a2cbc to remote] DEBUG org.asynchttpclient.netty.request.NettyRequestSender - Using pooled Channel '[id: 0x706e2989, L:/127.0.0.1:62692 - R:localhost/127.0.0.1:39129]' for 'POST' to 'http://localhost:39129/session/c0b5674e5b961df2d0f4e7fac81a2cbc/element'
01:49:15.077 [Forwarding findElement on session c0b5674e5b961df2d0f4e7fac81a2cbc to remote] DEBUG org.asynchttpclient.netty.request.NettyRequestSender - Using open Channel [id: 0x706e2989, L:/127.0.0.1:62692 - R:localhost/127.0.0.1:39129] for POST '/session/c0b5674e5b961df2d0f4e7fac81a2cbc/element'
01:49:15.102 [AsyncHttpClient-1-11] DEBUG org.asynchttpclient.netty.handler.HttpHandler - 

Request DefaultHttpRequest(decodeResult: success, version: HTTP/1.1)
POST /session/c0b5674e5b961df2d0f4e7fac81a2cbc/element HTTP/1.1
User-Agent: selenium/4.12.0 (java windows)
Content-Length: 158
Content-Type: application/json; charset=utf-8
host: localhost:39129
accept: */*

Response DefaultHttpResponse(decodeResult: success, version: HTTP/1.1)
HTTP/1.1 200 OK
Content-Length: 127
Content-Type: application/json; charset=utf-8
cache-control: no-cache

01:49:15.102 [AsyncHttpClient-1-11] DEBUG org.asynchttpclient.netty.channel.ChannelManager - Adding key: http://localhost:39129 for channel [id: 0x706e2989, L:/127.0.0.1:62692 - R:localhost/127.0.0.1:39129]
01:49:15.102 [Forwarding clickElement on session c0b5674e5b961df2d0f4e7fac81a2cbc to remote] DEBUG org.asynchttpclient.netty.request.NettyRequestSender - Using pooled Channel '[id: 0x706e2989, L:/127.0.0.1:62692 - R:localhost/127.0.0.1:39129]' for 'POST' to 'http://localhost:39129/session/c0b5674e5b961df2d0f4e7fac81a2cbc/element/f.D45E56467E3E6A7B289AB50B8C3E5BE9.d.5A0C4853F65A24F91F7A83D4A39CC2B4.e.132/click'
01:49:15.102 [Forwarding clickElement on session c0b5674e5b961df2d0f4e7fac81a2cbc to remote] DEBUG org.asynchttpclient.netty.request.NettyRequestSender - Using open Channel [id: 0x706e2989, L:/127.0.0.1:62692 - R:localhost/127.0.0.1:39129] for POST '/session/c0b5674e5b961df2d0f4e7fac81a2cbc/element/f.D45E56467E3E6A7B289AB50B8C3E5BE9.d.5A0C4853F65A24F91F7A83D4A39CC2B4.e.132/click'
01:49:15.228 [AsyncHttpClient-1-11] DEBUG org.asynchttpclient.netty.handler.HttpHandler - 

Request DefaultHttpRequest(decodeResult: success, version: HTTP/1.1)
POST /session/c0b5674e5b961df2d0f4e7fac81a2cbc/element/f.D45E56467E3E6A7B289AB50B8C3E5BE9.d.5A0C4853F65A24F91F7A83D4A39CC2B4.e.132/click HTTP/1.1
User-Agent: selenium/4.12.0 (java windows)
Content-Length: 89
Content-Type: application/json; charset=utf-8
host: localhost:39129
accept: */*

Response DefaultHttpResponse(decodeResult: success, version: HTTP/1.1)
HTTP/1.1 200 OK
Content-Length: 14
Content-Type: application/json; charset=utf-8
cache-control: no-cache

01:49:15.231 [AsyncHttpClient-1-11] DEBUG org.asynchttpclient.netty.channel.ChannelManager - Adding key: http://localhost:39129 for channel [id: 0x706e2989, L:/127.0.0.1:62692 - R:localhost/127.0.0.1:39129]
01:49:16.113 [AsyncHttpClient-1-1] DEBUG org.asynchttpclient.netty.channel.DefaultChannelPool - Entry count for : http://localhost:39129 : 1
01:49:16.113 [AsyncHttpClient-1-1] DEBUG org.asynchttpclient.netty.channel.DefaultChannelPool - Entry count for : http://localhost:62693 : 1
01:49:16.239 [Forwarding findElement on session c0b5674e5b961df2d0f4e7fac81a2cbc to remote] DEBUG org.asynchttpclient.netty.request.NettyRequestSender - Using pooled Channel '[id: 0x706e2989, L:/127.0.0.1:62692 - R:localhost/127.0.0.1:39129]' for 'POST' to 'http://localhost:39129/session/c0b5674e5b961df2d0f4e7fac81a2cbc/element'
01:49:16.239 [Forwarding findElement on session c0b5674e5b961df2d0f4e7fac81a2cbc to remote] DEBUG org.asynchttpclient.netty.request.NettyRequestSender - Using open Channel [id: 0x706e2989, L:/127.0.0.1:62692 - R:localhost/127.0.0.1:39129] for POST '/session/c0b5674e5b961df2d0f4e7fac81a2cbc/element'
01:49:16.256 [AsyncHttpClient-1-11] DEBUG org.asynchttpclient.netty.handler.HttpHandler - 

Request DefaultHttpRequest(decodeResult: success, version: HTTP/1.1)
POST /session/c0b5674e5b961df2d0f4e7fac81a2cbc/element HTTP/1.1
User-Agent: selenium/4.12.0 (java windows)
Content-Length: 250
Content-Type: application/json; charset=utf-8
host: localhost:39129
accept: */*

Response DefaultHttpResponse(decodeResult: success, version: HTTP/1.1)
HTTP/1.1 200 OK
Content-Length: 127
Content-Type: application/json; charset=utf-8
cache-control: no-cache

01:49:16.263 [AsyncHttpClient-1-11] DEBUG org.asynchttpclient.netty.channel.ChannelManager - Adding key: http://localhost:39129 for channel [id: 0x706e2989, L:/127.0.0.1:62692 - R:localhost/127.0.0.1:39129]
01:49:16.264 [Forwarding actions on session c0b5674e5b961df2d0f4e7fac81a2cbc to remote] DEBUG org.asynchttpclient.netty.request.NettyRequestSender - Using pooled Channel '[id: 0x706e2989, L:/127.0.0.1:62692 - R:localhost/127.0.0.1:39129]' for 'POST' to 'http://localhost:39129/session/c0b5674e5b961df2d0f4e7fac81a2cbc/actions'
01:49:16.264 [Forwarding actions on session c0b5674e5b961df2d0f4e7fac81a2cbc to remote] DEBUG org.asynchttpclient.netty.request.NettyRequestSender - Using open Channel [id: 0x706e2989, L:/127.0.0.1:62692 - R:localhost/127.0.0.1:39129] for POST '/session/c0b5674e5b961df2d0f4e7fac81a2cbc/actions'
01:49:16.462 [AsyncHttpClient-1-11] DEBUG org.asynchttpclient.netty.handler.HttpHandler - 

Request DefaultHttpRequest(decodeResult: success, version: HTTP/1.1)
POST /session/c0b5674e5b961df2d0f4e7fac81a2cbc/actions HTTP/1.1
User-Agent: selenium/4.12.0 (java windows)
Content-Length: 606
Content-Type: application/json; charset=utf-8
host: localhost:39129
accept: */*

Response DefaultHttpResponse(decodeResult: success, version: HTTP/1.1)
HTTP/1.1 200 OK
Content-Length: 14
Content-Type: application/json; charset=utf-8
cache-control: no-cache

01:49:16.462 [AsyncHttpClient-1-11] DEBUG org.asynchttpclient.netty.channel.ChannelManager - Adding key: http://localhost:39129 for channel [id: 0x706e2989, L:/127.0.0.1:62692 - R:localhost/127.0.0.1:39129]
01:49:16.464 [Forwarding findElement on session c0b5674e5b961df2d0f4e7fac81a2cbc to remote] DEBUG org.asynchttpclient.netty.request.NettyRequestSender - Using pooled Channel '[id: 0x706e2989, L:/127.0.0.1:62692 - R:localhost/127.0.0.1:39129]' for 'POST' to 'http://localhost:39129/session/c0b5674e5b961df2d0f4e7fac81a2cbc/element'
01:49:16.464 [Forwarding findElement on session c0b5674e5b961df2d0f4e7fac81a2cbc to remote] DEBUG org.asynchttpclient.netty.request.NettyRequestSender - Using open Channel [id: 0x706e2989, L:/127.0.0.1:62692 - R:localhost/127.0.0.1:39129] for POST '/session/c0b5674e5b961df2d0f4e7fac81a2cbc/element'
01:49:16.484 [AsyncHttpClient-1-11] DEBUG org.asynchttpclient.netty.handler.HttpHandler - 

Request DefaultHttpRequest(decodeResult: success, version: HTTP/1.1)
POST /session/c0b5674e5b961df2d0f4e7fac81a2cbc/element HTTP/1.1
User-Agent: selenium/4.12.0 (java windows)
Content-Length: 250
Content-Type: application/json; charset=utf-8
host: localhost:39129
accept: */*

Response DefaultHttpResponse(decodeResult: success, version: HTTP/1.1)
HTTP/1.1 200 OK
Content-Length: 127
Content-Type: application/json; charset=utf-8
cache-control: no-cache

01:49:16.484 [AsyncHttpClient-1-11] DEBUG org.asynchttpclient.netty.channel.ChannelManager - Adding key: http://localhost:39129 for channel [id: 0x706e2989, L:/127.0.0.1:62692 - R:localhost/127.0.0.1:39129]
01:49:16.486 [Forwarding actions on session c0b5674e5b961df2d0f4e7fac81a2cbc to remote] DEBUG org.asynchttpclient.netty.request.NettyRequestSender - Using pooled Channel '[id: 0x706e2989, L:/127.0.0.1:62692 - R:localhost/127.0.0.1:39129]' for 'POST' to 'http://localhost:39129/session/c0b5674e5b961df2d0f4e7fac81a2cbc/actions'
01:49:16.486 [Forwarding actions on session c0b5674e5b961df2d0f4e7fac81a2cbc to remote] DEBUG org.asynchttpclient.netty.request.NettyRequestSender - Using open Channel [id: 0x706e2989, L:/127.0.0.1:62692 - R:localhost/127.0.0.1:39129] for POST '/session/c0b5674e5b961df2d0f4e7fac81a2cbc/actions'
01:49:16.661 [AsyncHttpClient-1-11] DEBUG org.asynchttpclient.netty.handler.HttpHandler - 

Request DefaultHttpRequest(decodeResult: success, version: HTTP/1.1)
POST /session/c0b5674e5b961df2d0f4e7fac81a2cbc/actions HTTP/1.1
User-Agent: selenium/4.12.0 (java windows)
Content-Length: 606
Content-Type: application/json; charset=utf-8
host: localhost:39129
accept: */*

Response DefaultHttpResponse(decodeResult: success, version: HTTP/1.1)
HTTP/1.1 200 OK
Content-Length: 14
Content-Type: application/json; charset=utf-8
cache-control: no-cache

01:49:16.666 [AsyncHttpClient-1-11] DEBUG org.asynchttpclient.netty.channel.ChannelManager - Adding key: http://localhost:39129 for channel [id: 0x706e2989, L:/127.0.0.1:62692 - R:localhost/127.0.0.1:39129]
01:49:16.668 [Forwarding findElement on session c0b5674e5b961df2d0f4e7fac81a2cbc to remote] DEBUG org.asynchttpclient.netty.request.NettyRequestSender - Using pooled Channel '[id: 0x706e2989, L:/127.0.0.1:62692 - R:localhost/127.0.0.1:39129]' for 'POST' to 'http://localhost:39129/session/c0b5674e5b961df2d0f4e7fac81a2cbc/element'
01:49:16.668 [Forwarding findElement on session c0b5674e5b961df2d0f4e7fac81a2cbc to remote] DEBUG org.asynchttpclient.netty.request.NettyRequestSender - Using open Channel [id: 0x706e2989, L:/127.0.0.1:62692 - R:localhost/127.0.0.1:39129] for POST '/session/c0b5674e5b961df2d0f4e7fac81a2cbc/element'
01:49:16.686 [AsyncHttpClient-1-11] DEBUG org.asynchttpclient.netty.handler.HttpHandler - 

Request DefaultHttpRequest(decodeResult: success, version: HTTP/1.1)
POST /session/c0b5674e5b961df2d0f4e7fac81a2cbc/element HTTP/1.1
User-Agent: selenium/4.12.0 (java windows)
Content-Length: 250
Content-Type: application/json; charset=utf-8
host: localhost:39129
accept: */*

Response DefaultHttpResponse(decodeResult: success, version: HTTP/1.1)
HTTP/1.1 200 OK
Content-Length: 127
Content-Type: application/json; charset=utf-8
cache-control: no-cache

01:49:16.686 [AsyncHttpClient-1-11] DEBUG org.asynchttpclient.netty.channel.ChannelManager - Adding key: http://localhost:39129 for channel [id: 0x706e2989, L:/127.0.0.1:62692 - R:localhost/127.0.0.1:39129]
01:49:16.694 [Forwarding actions on session c0b5674e5b961df2d0f4e7fac81a2cbc to remote] DEBUG org.asynchttpclient.netty.request.NettyRequestSender - Using pooled Channel '[id: 0x706e2989, L:/127.0.0.1:62692 - R:localhost/127.0.0.1:39129]' for 'POST' to 'http://localhost:39129/session/c0b5674e5b961df2d0f4e7fac81a2cbc/actions'
01:49:16.694 [Forwarding actions on session c0b5674e5b961df2d0f4e7fac81a2cbc to remote] DEBUG org.asynchttpclient.netty.request.NettyRequestSender - Using open Channel [id: 0x706e2989, L:/127.0.0.1:62692 - R:localhost/127.0.0.1:39129] for POST '/session/c0b5674e5b961df2d0f4e7fac81a2cbc/actions'
01:49:16.876 [AsyncHttpClient-1-11] DEBUG org.asynchttpclient.netty.handler.HttpHandler - 

Request DefaultHttpRequest(decodeResult: success, version: HTTP/1.1)
POST /session/c0b5674e5b961df2d0f4e7fac81a2cbc/actions HTTP/1.1
User-Agent: selenium/4.12.0 (java windows)
Content-Length: 606
Content-Type: application/json; charset=utf-8
host: localhost:39129
accept: */*

Response DefaultHttpResponse(decodeResult: success, version: HTTP/1.1)
HTTP/1.1 200 OK
Content-Length: 14
Content-Type: application/json; charset=utf-8
cache-control: no-cache

01:49:16.876 [AsyncHttpClient-1-11] DEBUG org.asynchttpclient.netty.channel.ChannelManager - Adding key: http://localhost:39129 for channel [id: 0x706e2989, L:/127.0.0.1:62692 - R:localhost/127.0.0.1:39129]
01:49:16.876 [Forwarding findElement on session c0b5674e5b961df2d0f4e7fac81a2cbc to remote] DEBUG org.asynchttpclient.netty.request.NettyRequestSender - Using pooled Channel '[id: 0x706e2989, L:/127.0.0.1:62692 - R:localhost/127.0.0.1:39129]' for 'POST' to 'http://localhost:39129/session/c0b5674e5b961df2d0f4e7fac81a2cbc/element'
01:49:16.876 [Forwarding findElement on session c0b5674e5b961df2d0f4e7fac81a2cbc to remote] DEBUG org.asynchttpclient.netty.request.NettyRequestSender - Using open Channel [id: 0x706e2989, L:/127.0.0.1:62692 - R:localhost/127.0.0.1:39129] for POST '/session/c0b5674e5b961df2d0f4e7fac81a2cbc/element'
01:49:16.901 [AsyncHttpClient-1-11] DEBUG org.asynchttpclient.netty.handler.HttpHandler - 

Request DefaultHttpRequest(decodeResult: success, version: HTTP/1.1)
POST /session/c0b5674e5b961df2d0f4e7fac81a2cbc/element HTTP/1.1
User-Agent: selenium/4.12.0 (java windows)
Content-Length: 250
Content-Type: application/json; charset=utf-8
host: localhost:39129
accept: */*

Response DefaultHttpResponse(decodeResult: success, version: HTTP/1.1)
HTTP/1.1 200 OK
Content-Length: 127
Content-Type: application/json; charset=utf-8
cache-control: no-cache

01:49:16.901 [AsyncHttpClient-1-11] DEBUG org.asynchttpclient.netty.channel.ChannelManager - Adding key: http://localhost:39129 for channel [id: 0x706e2989, L:/127.0.0.1:62692 - R:localhost/127.0.0.1:39129]
01:49:16.901 [Forwarding actions on session c0b5674e5b961df2d0f4e7fac81a2cbc to remote] DEBUG org.asynchttpclient.netty.request.NettyRequestSender - Using pooled Channel '[id: 0x706e2989, L:/127.0.0.1:62692 - R:localhost/127.0.0.1:39129]' for 'POST' to 'http://localhost:39129/session/c0b5674e5b961df2d0f4e7fac81a2cbc/actions'
01:49:16.901 [Forwarding actions on session c0b5674e5b961df2d0f4e7fac81a2cbc to remote] DEBUG org.asynchttpclient.netty.request.NettyRequestSender - Using open Channel [id: 0x706e2989, L:/127.0.0.1:62692 - R:localhost/127.0.0.1:39129] for POST '/session/c0b5674e5b961df2d0f4e7fac81a2cbc/actions'
01:49:17.084 [AsyncHttpClient-1-11] DEBUG org.asynchttpclient.netty.handler.HttpHandler - 

Request DefaultHttpRequest(decodeResult: success, version: HTTP/1.1)
POST /session/c0b5674e5b961df2d0f4e7fac81a2cbc/actions HTTP/1.1
User-Agent: selenium/4.12.0 (java windows)
Content-Length: 606
Content-Type: application/json; charset=utf-8
host: localhost:39129
accept: */*

Response DefaultHttpResponse(decodeResult: success, version: HTTP/1.1)
HTTP/1.1 200 OK
Content-Length: 14
Content-Type: application/json; charset=utf-8
cache-control: no-cache

01:49:17.084 [AsyncHttpClient-1-11] DEBUG org.asynchttpclient.netty.channel.ChannelManager - Adding key: http://localhost:39129 for channel [id: 0x706e2989, L:/127.0.0.1:62692 - R:localhost/127.0.0.1:39129]
01:49:17.088 [Forwarding findElement on session c0b5674e5b961df2d0f4e7fac81a2cbc to remote] DEBUG org.asynchttpclient.netty.request.NettyRequestSender - Using pooled Channel '[id: 0x706e2989, L:/127.0.0.1:62692 - R:localhost/127.0.0.1:39129]' for 'POST' to 'http://localhost:39129/session/c0b5674e5b961df2d0f4e7fac81a2cbc/element'
01:49:17.088 [Forwarding findElement on session c0b5674e5b961df2d0f4e7fac81a2cbc to remote] DEBUG org.asynchttpclient.netty.request.NettyRequestSender - Using open Channel [id: 0x706e2989, L:/127.0.0.1:62692 - R:localhost/127.0.0.1:39129] for POST '/session/c0b5674e5b961df2d0f4e7fac81a2cbc/element'
01:49:17.109 [AsyncHttpClient-1-11] DEBUG org.asynchttpclient.netty.handler.HttpHandler - 

Request DefaultHttpRequest(decodeResult: success, version: HTTP/1.1)
POST /session/c0b5674e5b961df2d0f4e7fac81a2cbc/element HTTP/1.1
User-Agent: selenium/4.12.0 (java windows)
Content-Length: 250
Content-Type: application/json; charset=utf-8
host: localhost:39129
accept: */*

Response DefaultHttpResponse(decodeResult: success, version: HTTP/1.1)
HTTP/1.1 200 OK
Content-Length: 127
Content-Type: application/json; charset=utf-8
cache-control: no-cache

01:49:17.109 [AsyncHttpClient-1-11] DEBUG org.asynchttpclient.netty.channel.ChannelManager - Adding key: http://localhost:39129 for channel [id: 0x706e2989, L:/127.0.0.1:62692 - R:localhost/127.0.0.1:39129]
01:49:17.109 [Forwarding actions on session c0b5674e5b961df2d0f4e7fac81a2cbc to remote] DEBUG org.asynchttpclient.netty.request.NettyRequestSender - Using pooled Channel '[id: 0x706e2989, L:/127.0.0.1:62692 - R:localhost/127.0.0.1:39129]' for 'POST' to 'http://localhost:39129/session/c0b5674e5b961df2d0f4e7fac81a2cbc/actions'
01:49:17.109 [Forwarding actions on session c0b5674e5b961df2d0f4e7fac81a2cbc to remote] DEBUG org.asynchttpclient.netty.request.NettyRequestSender - Using open Channel [id: 0x706e2989, L:/127.0.0.1:62692 - R:localhost/127.0.0.1:39129] for POST '/session/c0b5674e5b961df2d0f4e7fac81a2cbc/actions'
01:49:17.218 [AsyncHttpClient-1-1] DEBUG org.asynchttpclient.netty.channel.DefaultChannelPool - Entry count for : http://localhost:62693 : 1
01:49:17.310 [AsyncHttpClient-1-11] DEBUG org.asynchttpclient.netty.handler.HttpHandler - 

Request DefaultHttpRequest(decodeResult: success, version: HTTP/1.1)
POST /session/c0b5674e5b961df2d0f4e7fac81a2cbc/actions HTTP/1.1
User-Agent: selenium/4.12.0 (java windows)
Content-Length: 606
Content-Type: application/json; charset=utf-8
host: localhost:39129
accept: */*

Response DefaultHttpResponse(decodeResult: success, version: HTTP/1.1)
HTTP/1.1 200 OK
Content-Length: 14
Content-Type: application/json; charset=utf-8
cache-control: no-cache

01:49:17.315 [AsyncHttpClient-1-11] DEBUG org.asynchttpclient.netty.channel.ChannelManager - Adding key: http://localhost:39129 for channel [id: 0x706e2989, L:/127.0.0.1:62692 - R:localhost/127.0.0.1:39129]
01:49:17.315 [Forwarding findElement on session c0b5674e5b961df2d0f4e7fac81a2cbc to remote] DEBUG org.asynchttpclient.netty.request.NettyRequestSender - Using pooled Channel '[id: 0x706e2989, L:/127.0.0.1:62692 - R:localhost/127.0.0.1:39129]' for 'POST' to 'http://localhost:39129/session/c0b5674e5b961df2d0f4e7fac81a2cbc/element'
01:49:17.315 [Forwarding findElement on session c0b5674e5b961df2d0f4e7fac81a2cbc to remote] DEBUG org.asynchttpclient.netty.request.NettyRequestSender - Using open Channel [id: 0x706e2989, L:/127.0.0.1:62692 - R:localhost/127.0.0.1:39129] for POST '/session/c0b5674e5b961df2d0f4e7fac81a2cbc/element'
01:49:17.333 [AsyncHttpClient-1-11] DEBUG org.asynchttpclient.netty.handler.HttpHandler - 

Request DefaultHttpRequest(decodeResult: success, version: HTTP/1.1)
POST /session/c0b5674e5b961df2d0f4e7fac81a2cbc/element HTTP/1.1
User-Agent: selenium/4.12.0 (java windows)
Content-Length: 250
Content-Type: application/json; charset=utf-8
host: localhost:39129
accept: */*

Response DefaultHttpResponse(decodeResult: success, version: HTTP/1.1)
HTTP/1.1 200 OK
Content-Length: 127
Content-Type: application/json; charset=utf-8
cache-control: no-cache

01:49:17.334 [AsyncHttpClient-1-11] DEBUG org.asynchttpclient.netty.channel.ChannelManager - Adding key: http://localhost:39129 for channel [id: 0x706e2989, L:/127.0.0.1:62692 - R:localhost/127.0.0.1:39129]
01:49:17.335 [Forwarding actions on session c0b5674e5b961df2d0f4e7fac81a2cbc to remote] DEBUG org.asynchttpclient.netty.request.NettyRequestSender - Using pooled Channel '[id: 0x706e2989, L:/127.0.0.1:62692 - R:localhost/127.0.0.1:39129]' for 'POST' to 'http://localhost:39129/session/c0b5674e5b961df2d0f4e7fac81a2cbc/actions'
01:49:17.335 [Forwarding actions on session c0b5674e5b961df2d0f4e7fac81a2cbc to remote] DEBUG org.asynchttpclient.netty.request.NettyRequestSender - Using open Channel [id: 0x706e2989, L:/127.0.0.1:62692 - R:localhost/127.0.0.1:39129] for POST '/session/c0b5674e5b961df2d0f4e7fac81a2cbc/actions'
01:49:17.549 [AsyncHttpClient-1-11] DEBUG org.asynchttpclient.netty.handler.HttpHandler - 

Request DefaultHttpRequest(decodeResult: success, version: HTTP/1.1)
POST /session/c0b5674e5b961df2d0f4e7fac81a2cbc/actions HTTP/1.1
User-Agent: selenium/4.12.0 (java windows)
Content-Length: 606
Content-Type: application/json; charset=utf-8
host: localhost:39129
accept: */*

Response DefaultHttpResponse(decodeResult: success, version: HTTP/1.1)
HTTP/1.1 200 OK
Content-Length: 14
Content-Type: application/json; charset=utf-8
cache-control: no-cache

01:49:17.549 [AsyncHttpClient-1-11] DEBUG org.asynchttpclient.netty.channel.ChannelManager - Adding key: http://localhost:39129 for channel [id: 0x706e2989, L:/127.0.0.1:62692 - R:localhost/127.0.0.1:39129]
01:49:18.307 [AsyncHttpClient-1-1] DEBUG org.asynchttpclient.netty.channel.DefaultChannelPool - Entry count for : http://localhost:39129 : 1
01:49:18.307 [AsyncHttpClient-1-1] DEBUG org.asynchttpclient.netty.channel.DefaultChannelPool - Entry count for : http://localhost:62693 : 1
01:49:19.410 [AsyncHttpClient-1-1] DEBUG org.asynchttpclient.netty.channel.DefaultChannelPool - Entry count for : http://localhost:39129 : 1
01:49:19.410 [AsyncHttpClient-1-1] DEBUG org.asynchttpclient.netty.channel.DefaultChannelPool - Entry count for : http://localhost:62693 : 1
screen shot class not taking
  And Provide the Business hour04:00 15:00                               # StepDefination.Customer_onboarding.Provide_the_business_hores(java.lang.String,java.lang.String)
01:49:20.517 [AsyncHttpClient-1-1] DEBUG org.asynchttpclient.netty.channel.DefaultChannelPool - Entry count for : http://localhost:39129 : 1
01:49:20.518 [AsyncHttpClient-1-1] DEBUG org.asynchttpclient.netty.channel.DefaultChannelPool - Entry count for : http://localhost:62693 : 1
01:49:21.079 [Forwarding findElement on session c0b5674e5b961df2d0f4e7fac81a2cbc to remote] DEBUG org.asynchttpclient.netty.request.NettyRequestSender - Using pooled Channel '[id: 0x706e2989, L:/127.0.0.1:62692 - R:localhost/127.0.0.1:39129]' for 'POST' to 'http://localhost:39129/session/c0b5674e5b961df2d0f4e7fac81a2cbc/element'
01:49:21.079 [Forwarding findElement on session c0b5674e5b961df2d0f4e7fac81a2cbc to remote] DEBUG org.asynchttpclient.netty.request.NettyRequestSender - Using open Channel [id: 0x706e2989, L:/127.0.0.1:62692 - R:localhost/127.0.0.1:39129] for POST '/session/c0b5674e5b961df2d0f4e7fac81a2cbc/element'
01:49:21.096 [AsyncHttpClient-1-11] DEBUG org.asynchttpclient.netty.handler.HttpHandler - 

Request DefaultHttpRequest(decodeResult: success, version: HTTP/1.1)
POST /session/c0b5674e5b961df2d0f4e7fac81a2cbc/element HTTP/1.1
User-Agent: selenium/4.12.0 (java windows)
Content-Length: 72
Content-Type: application/json; charset=utf-8
host: localhost:39129
accept: */*

Response DefaultHttpResponse(decodeResult: success, version: HTTP/1.1)
HTTP/1.1 200 OK
Content-Length: 127
Content-Type: application/json; charset=utf-8
cache-control: no-cache

01:49:21.096 [AsyncHttpClient-1-11] DEBUG org.asynchttpclient.netty.channel.ChannelManager - Adding key: http://localhost:39129 for channel [id: 0x706e2989, L:/127.0.0.1:62692 - R:localhost/127.0.0.1:39129]
01:49:21.103 [Forwarding clickElement on session c0b5674e5b961df2d0f4e7fac81a2cbc to remote] DEBUG org.asynchttpclient.netty.request.NettyRequestSender - Using pooled Channel '[id: 0x706e2989, L:/127.0.0.1:62692 - R:localhost/127.0.0.1:39129]' for 'POST' to 'http://localhost:39129/session/c0b5674e5b961df2d0f4e7fac81a2cbc/element/f.D45E56467E3E6A7B289AB50B8C3E5BE9.d.5A0C4853F65A24F91F7A83D4A39CC2B4.e.165/click'
01:49:21.103 [Forwarding clickElement on session c0b5674e5b961df2d0f4e7fac81a2cbc to remote] DEBUG org.asynchttpclient.netty.request.NettyRequestSender - Using open Channel [id: 0x706e2989, L:/127.0.0.1:62692 - R:localhost/127.0.0.1:39129] for POST '/session/c0b5674e5b961df2d0f4e7fac81a2cbc/element/f.D45E56467E3E6A7B289AB50B8C3E5BE9.d.5A0C4853F65A24F91F7A83D4A39CC2B4.e.165/click'
01:49:21.244 [AsyncHttpClient-1-11] DEBUG org.asynchttpclient.netty.handler.HttpHandler - 

Request DefaultHttpRequest(decodeResult: success, version: HTTP/1.1)
POST /session/c0b5674e5b961df2d0f4e7fac81a2cbc/element/f.D45E56467E3E6A7B289AB50B8C3E5BE9.d.5A0C4853F65A24F91F7A83D4A39CC2B4.e.165/click HTTP/1.1
User-Agent: selenium/4.12.0 (java windows)
Content-Length: 89
Content-Type: application/json; charset=utf-8
host: localhost:39129
accept: */*

Response DefaultHttpResponse(decodeResult: success, version: HTTP/1.1)
HTTP/1.1 200 OK
Content-Length: 14
Content-Type: application/json; charset=utf-8
cache-control: no-cache

01:49:21.252 [AsyncHttpClient-1-11] DEBUG org.asynchttpclient.netty.channel.ChannelManager - Adding key: http://localhost:39129 for channel [id: 0x706e2989, L:/127.0.0.1:62692 - R:localhost/127.0.0.1:39129]
01:49:21.607 [AsyncHttpClient-1-1] DEBUG org.asynchttpclient.netty.channel.DefaultChannelPool - Entry count for : http://localhost:39129 : 1
01:49:21.607 [AsyncHttpClient-1-1] DEBUG org.asynchttpclient.netty.channel.DefaultChannelPool - Entry count for : http://localhost:62693 : 1
screen shot class not taking
  When Submit the form                                                   # StepDefination.Customer_onboarding.Submit_the_form()
01:49:22.270 [Forwarding findElement on session c0b5674e5b961df2d0f4e7fac81a2cbc to remote] DEBUG org.asynchttpclient.netty.request.NettyRequestSender - Using pooled Channel '[id: 0x706e2989, L:/127.0.0.1:62692 - R:localhost/127.0.0.1:39129]' for 'POST' to 'http://localhost:39129/session/c0b5674e5b961df2d0f4e7fac81a2cbc/element'
01:49:22.270 [Forwarding findElement on session c0b5674e5b961df2d0f4e7fac81a2cbc to remote] DEBUG org.asynchttpclient.netty.request.NettyRequestSender - Using open Channel [id: 0x706e2989, L:/127.0.0.1:62692 - R:localhost/127.0.0.1:39129] for POST '/session/c0b5674e5b961df2d0f4e7fac81a2cbc/element'
01:49:22.287 [AsyncHttpClient-1-11] DEBUG org.asynchttpclient.netty.handler.HttpHandler - 

Request DefaultHttpRequest(decodeResult: success, version: HTTP/1.1)
POST /session/c0b5674e5b961df2d0f4e7fac81a2cbc/element HTTP/1.1
User-Agent: selenium/4.12.0 (java windows)
Content-Length: 151
Content-Type: application/json; charset=utf-8
host: localhost:39129
accept: */*

Response DefaultHttpResponse(decodeResult: success, version: HTTP/1.1)
HTTP/1.1 200 OK
Content-Length: 127
Content-Type: application/json; charset=utf-8
cache-control: no-cache

01:49:22.287 [AsyncHttpClient-1-11] DEBUG org.asynchttpclient.netty.channel.ChannelManager - Adding key: http://localhost:39129 for channel [id: 0x706e2989, L:/127.0.0.1:62692 - R:localhost/127.0.0.1:39129]
01:49:22.295 [Forwarding clickElement on session c0b5674e5b961df2d0f4e7fac81a2cbc to remote] DEBUG org.asynchttpclient.netty.request.NettyRequestSender - Using pooled Channel '[id: 0x706e2989, L:/127.0.0.1:62692 - R:localhost/127.0.0.1:39129]' for 'POST' to 'http://localhost:39129/session/c0b5674e5b961df2d0f4e7fac81a2cbc/element/f.D45E56467E3E6A7B289AB50B8C3E5BE9.d.5A0C4853F65A24F91F7A83D4A39CC2B4.e.169/click'
01:49:22.295 [Forwarding clickElement on session c0b5674e5b961df2d0f4e7fac81a2cbc to remote] DEBUG org.asynchttpclient.netty.request.NettyRequestSender - Using open Channel [id: 0x706e2989, L:/127.0.0.1:62692 - R:localhost/127.0.0.1:39129] for POST '/session/c0b5674e5b961df2d0f4e7fac81a2cbc/element/f.D45E56467E3E6A7B289AB50B8C3E5BE9.d.5A0C4853F65A24F91F7A83D4A39CC2B4.e.169/click'
01:49:22.415 [AsyncHttpClient-1-11] DEBUG org.asynchttpclient.netty.handler.HttpHandler - 

Request DefaultHttpRequest(decodeResult: success, version: HTTP/1.1)
POST /session/c0b5674e5b961df2d0f4e7fac81a2cbc/element/f.D45E56467E3E6A7B289AB50B8C3E5BE9.d.5A0C4853F65A24F91F7A83D4A39CC2B4.e.169/click HTTP/1.1
User-Agent: selenium/4.12.0 (java windows)
Content-Length: 89
Content-Type: application/json; charset=utf-8
host: localhost:39129
accept: */*

Response DefaultHttpResponse(decodeResult: success, version: HTTP/1.1)
HTTP/1.1 200 OK
Content-Length: 14
Content-Type: application/json; charset=utf-8
cache-control: no-cache

01:49:22.415 [AsyncHttpClient-1-11] DEBUG org.asynchttpclient.netty.channel.ChannelManager - Adding key: http://localhost:39129 for channel [id: 0x706e2989, L:/127.0.0.1:62692 - R:localhost/127.0.0.1:39129]
01:49:22.708 [AsyncHttpClient-1-1] DEBUG org.asynchttpclient.netty.channel.DefaultChannelPool - Entry count for : http://localhost:39129 : 1
01:49:22.708 [AsyncHttpClient-1-1] DEBUG org.asynchttpclient.netty.channel.DefaultChannelPool - Entry count for : http://localhost:62693 : 1
screen shot class not taking
  And Tap back button                                                    # StepDefination.Customer_onboarding.Tap_back_button()
01:49:23.812 [AsyncHttpClient-1-1] DEBUG org.asynchttpclient.netty.channel.DefaultChannelPool - Entry count for : http://localhost:39129 : 1
01:49:23.812 [AsyncHttpClient-1-1] DEBUG org.asynchttpclient.netty.channel.DefaultChannelPool - Entry count for : http://localhost:62693 : 1
01:49:23.937 [Forwarding findElements on session c0b5674e5b961df2d0f4e7fac81a2cbc to remote] DEBUG org.asynchttpclient.netty.request.NettyRequestSender - Using pooled Channel '[id: 0x706e2989, L:/127.0.0.1:62692 - R:localhost/127.0.0.1:39129]' for 'POST' to 'http://localhost:39129/session/c0b5674e5b961df2d0f4e7fac81a2cbc/elements'
01:49:23.937 [Forwarding findElements on session c0b5674e5b961df2d0f4e7fac81a2cbc to remote] DEBUG org.asynchttpclient.netty.request.NettyRequestSender - Using open Channel [id: 0x706e2989, L:/127.0.0.1:62692 - R:localhost/127.0.0.1:39129] for POST '/session/c0b5674e5b961df2d0f4e7fac81a2cbc/elements'
01:49:23.958 [AsyncHttpClient-1-11] DEBUG org.asynchttpclient.netty.handler.HttpHandler - 

Request DefaultHttpRequest(decodeResult: success, version: HTTP/1.1)
POST /session/c0b5674e5b961df2d0f4e7fac81a2cbc/elements HTTP/1.1
User-Agent: selenium/4.12.0 (java windows)
Content-Length: 142
Content-Type: application/json; charset=utf-8
host: localhost:39129
accept: */*

Response DefaultHttpResponse(decodeResult: success, version: HTTP/1.1)
HTTP/1.1 200 OK
Content-Length: 12
Content-Type: application/json; charset=utf-8
cache-control: no-cache

01:49:23.958 [AsyncHttpClient-1-11] DEBUG org.asynchttpclient.netty.channel.ChannelManager - Adding key: http://localhost:39129 for channel [id: 0x706e2989, L:/127.0.0.1:62692 - R:localhost/127.0.0.1:39129]
Company Not created 
  Then customer successsfully added                                      # StepDefination.Customer_onboarding.customer_successsfully_added()
01:49:23.962 [AsyncHttpClient-1-13] DEBUG org.asynchttpclient.netty.handler.WebSocketHandler - Channel Closed: [id: 0x510a1668, L:/127.0.0.1:62702 ! R:localhost/127.0.0.1:62693] with attribute DISCARD
01:49:23.962 [Driver Command Executor] DEBUG org.asynchttpclient.netty.request.NettyRequestSender - Using pooled Channel '[id: 0x706e2989, L:/127.0.0.1:62692 - R:localhost/127.0.0.1:39129]' for 'DELETE' to 'http://localhost:39129/session/c0b5674e5b961df2d0f4e7fac81a2cbc'
01:49:23.962 [Driver Command Executor] DEBUG org.asynchttpclient.netty.request.NettyRequestSender - Using open Channel [id: 0x706e2989, L:/127.0.0.1:62692 - R:localhost/127.0.0.1:39129] for DELETE '/session/c0b5674e5b961df2d0f4e7fac81a2cbc'
01:49:24.120 [AsyncHttpClient-1-12] DEBUG org.asynchttpclient.netty.handler.HttpHandler - Unexpected I/O exception on channel [id: 0x37658993, L:/127.0.0.1:62701 - R:localhost/127.0.0.1:62693]
java.net.SocketException: Connection reset
	at java.base/sun.nio.ch.SocketChannelImpl.throwConnectionReset(SocketChannelImpl.java:394)
	at java.base/sun.nio.ch.SocketChannelImpl.read(SocketChannelImpl.java:426)
	at io.netty.buffer.PooledByteBuf.setBytes(PooledByteBuf.java:254)
	at io.netty.buffer.AbstractByteBuf.writeBytes(AbstractByteBuf.java:1132)
	at io.netty.channel.socket.nio.NioSocketChannel.doReadBytes(NioSocketChannel.java:357)
	at io.netty.channel.nio.AbstractNioByteChannel$NioByteUnsafe.read(AbstractNioByteChannel.java:151)
	at io.netty.channel.nio.NioEventLoop.processSelectedKey(NioEventLoop.java:788)
	at io.netty.channel.nio.NioEventLoop.processSelectedKeysOptimized(NioEventLoop.java:724)
	at io.netty.channel.nio.NioEventLoop.processSelectedKeys(NioEventLoop.java:650)
	at io.netty.channel.nio.NioEventLoop.run(NioEventLoop.java:562)
	at io.netty.util.concurrent.SingleThreadEventExecutor$4.run(SingleThreadEventExecutor.java:997)
	at io.netty.util.internal.ThreadExecutorMap$2.run(ThreadExecutorMap.java:74)
	at io.netty.util.concurrent.FastThreadLocalRunnable.run(FastThreadLocalRunnable.java:30)
	at java.base/java.lang.Thread.run(Thread.java:840)
01:49:24.120 [AsyncHttpClient-1-12] DEBUG org.asynchttpclient.netty.channel.ChannelManager - Closing Channel [id: 0x37658993, L:/127.0.0.1:62701 - R:localhost/127.0.0.1:62693] 
01:49:24.120 [AsyncHttpClient-1-12] DEBUG org.asynchttpclient.netty.handler.HttpHandler - Channel Closed: [id: 0x37658993, L:/127.0.0.1:62701 ! R:localhost/127.0.0.1:62693] with attribute DISCARD
01:49:24.161 [AsyncHttpClient-1-11] DEBUG org.asynchttpclient.netty.handler.HttpHandler - 

Request DefaultFullHttpRequest(decodeResult: success, version: HTTP/1.1, content: EmptyByteBufBE)
DELETE /session/c0b5674e5b961df2d0f4e7fac81a2cbc HTTP/1.1
User-Agent: selenium/4.12.0 (java windows)
Content-Type: application/json; charset=utf-8
host: localhost:39129
accept: */*

Response DefaultHttpResponse(decodeResult: success, version: HTTP/1.1)
HTTP/1.1 200 OK
Content-Length: 14
Content-Type: application/json; charset=utf-8
cache-control: no-cache

01:49:24.161 [AsyncHttpClient-1-11] DEBUG org.asynchttpclient.netty.channel.ChannelManager - Adding key: http://localhost:39129 for channel [id: 0x706e2989, L:/127.0.0.1:62692 - R:localhost/127.0.0.1:39129]
01:49:24.751 [AsyncHttpClient-1-11] DEBUG org.asynchttpclient.netty.handler.HttpHandler - Channel Closed: [id: 0x706e2989, L:/127.0.0.1:62692 ! R:localhost/127.0.0.1:39129] with attribute DISCARD
  And Close_Window                                                       # StepDefination.Customer_onboarding.close_window()
WebDriver is null. Nothing to close.
]]></system-out>
    <system-err><![CDATA[Jan 25, 2025 1:48:38 AM org.openqa.selenium.devtools.CdpVersionFinder findNearestMatch
WARNING: Unable to find CDP implementation matching 131
Jan 25, 2025 1:48:38 AM org.openqa.selenium.chromium.ChromiumDriver lambda$new$5
WARNING: Unable to find version of CDP to use for 131.0.6778.265. You may need to include a dependency on a specific version of the CDP using something similar to `org.seleniumhq.selenium:selenium-devtools-v86:4.12.0` where the version ("v86") matches the version of the chromium-based browser you're using and the version number of the artifact is the same as Selenium's.
]]></system-err>
  </testcase>
  <testcase name="Add single customer with all details" classname="Customer Onboarding form for Broker" time="45.543">
    <system-out><![CDATA[
Scenario Outline: Add single customer with all details                   # src/test/resources/Customers/Customer_form.feature:21
01:49:24.916 [AsyncHttpClient-1-1] DEBUG org.asynchttpclient.netty.channel.DefaultChannelPool - Entry count for : http://localhost:39129 : 1
01:49:24.916 [AsyncHttpClient-1-1] DEBUG org.asynchttpclient.netty.channel.DefaultChannelPool - Entry count for : http://localhost:62693 : 1
01:49:24.916 [AsyncHttpClient-1-1] DEBUG org.asynchttpclient.netty.channel.DefaultChannelPool - Adding Candidate expired Channel [id: 0x706e2989, L:/127.0.0.1:62692 ! R:localhost/127.0.0.1:39129] isIdleTimeoutExpired=false isRemotelyClosed=true isTtlExpired=false
01:49:24.916 [AsyncHttpClient-1-1] DEBUG org.asynchttpclient.netty.channel.DefaultChannelPool - Closing Idle Channel [id: 0x706e2989, L:/127.0.0.1:62692 ! R:localhost/127.0.0.1:39129]
01:49:24.916 [AsyncHttpClient-1-1] DEBUG org.asynchttpclient.netty.channel.DefaultChannelPool - Adding Candidate expired Channel [id: 0x37658993, L:/127.0.0.1:62701 ! R:localhost/127.0.0.1:62693] isIdleTimeoutExpired=false isRemotelyClosed=true isTtlExpired=false
01:49:24.916 [AsyncHttpClient-1-1] DEBUG org.asynchttpclient.netty.channel.DefaultChannelPool - Closing Idle Channel [id: 0x37658993, L:/127.0.0.1:62701 ! R:localhost/127.0.0.1:62693]
01:49:24.916 [AsyncHttpClient-1-1] DEBUG org.asynchttpclient.netty.channel.DefaultChannelPool - Closed 2 connections out of 2 in 0 ms
01:49:25.214 [AsyncHttpClient-1-14] DEBUG org.asynchttpclient.netty.channel.NettyConnectListener - Using new Channel '[id: 0x78a4e09f, L:/127.0.0.1:62771 - R:localhost/127.0.0.1:20443]' for 'POST' to '/session'
01:49:26.590 [AsyncHttpClient-1-14] DEBUG org.asynchttpclient.netty.handler.HttpHandler - 

Request DefaultHttpRequest(decodeResult: success, version: HTTP/1.1)
POST /session HTTP/1.1
User-Agent: selenium/4.12.0 (java windows)
Content-Length: 254
Content-Type: application/json; charset=utf-8
host: localhost:20443
accept: */*

Response DefaultHttpResponse(decodeResult: success, version: HTTP/1.1)
HTTP/1.1 200 OK
Content-Length: 887
Content-Type: application/json; charset=utf-8
cache-control: no-cache

01:49:26.590 [AsyncHttpClient-1-14] DEBUG org.asynchttpclient.netty.channel.ChannelManager - Adding key: http://localhost:20443 for channel [id: 0x78a4e09f, L:/127.0.0.1:62771 - R:localhost/127.0.0.1:20443]
01:49:26.612 [AsyncHttpClient-1-15] DEBUG org.asynchttpclient.netty.channel.NettyConnectListener - Using new Channel '[id: 0xa5a6b993, L:/127.0.0.1:62780 - R:localhost/127.0.0.1:62773]' for 'GET' to '/json/version'
01:49:26.612 [AsyncHttpClient-1-15] DEBUG org.asynchttpclient.netty.handler.HttpHandler - 

Request DefaultFullHttpRequest(decodeResult: success, version: HTTP/1.1, content: EmptyByteBufBE)
GET /json/version HTTP/1.1
User-Agent: selenium/4.12.0 (java windows)
host: localhost:62773
accept: */*

Response DefaultHttpResponse(decodeResult: success, version: HTTP/1.1)
HTTP/1.1 200 OK
Content-Security-Policy: frame-ancestors 'none'
Content-Length: 424
Content-Type: application/json; charset=UTF-8

01:49:26.612 [AsyncHttpClient-1-15] DEBUG org.asynchttpclient.netty.channel.ChannelManager - Adding key: http://localhost:62773 for channel [id: 0xa5a6b993, L:/127.0.0.1:62780 - R:localhost/127.0.0.1:62773]
01:49:26.620 [AsyncHttpClient-1-16] DEBUG org.asynchttpclient.netty.channel.NettyConnectListener - Using new Channel '[id: 0x73fa2bfa, L:/127.0.0.1:62781 - R:localhost/127.0.0.1:62773]' for 'GET' to '/devtools/browser/9bed5e82-f539-4083-9035-f6070f003e22'
01:49:26.628 [AsyncHttpClient-1-16] DEBUG org.asynchttpclient.netty.handler.WebSocketHandler - 

Request DefaultFullHttpRequest(decodeResult: success, version: HTTP/1.1, content: EmptyByteBufBE)
GET /devtools/browser/9bed5e82-f539-4083-9035-f6070f003e22 HTTP/1.1
upgrade: websocket
connection: upgrade
sec-websocket-key: d7D+qfN/nIMccPmKIDnM7g==
sec-websocket-version: 13
origin: http://localhost:62773
host: localhost:62773
accept: */*
user-agent: AHC/2.1

Response DefaultHttpResponse(decodeResult: success, version: HTTP/1.1)
HTTP/1.1 101 WebSocket Protocol Handshake
Upgrade: WebSocket
Connection: Upgrade
Sec-WebSocket-Accept: ieL7YGkKXCO7wUHjJgbeS4aXYUU=

01:49:26.636 [Forwarding get on session 6f14e2ca72a66cb1053934781f2382cf to remote] DEBUG org.asynchttpclient.netty.request.NettyRequestSender - Using pooled Channel '[id: 0x78a4e09f, L:/127.0.0.1:62771 - R:localhost/127.0.0.1:20443]' for 'POST' to 'http://localhost:20443/session/6f14e2ca72a66cb1053934781f2382cf/url'
01:49:26.636 [Forwarding get on session 6f14e2ca72a66cb1053934781f2382cf to remote] DEBUG org.asynchttpclient.netty.request.NettyRequestSender - Using open Channel [id: 0x78a4e09f, L:/127.0.0.1:62771 - R:localhost/127.0.0.1:20443] for POST '/session/6f14e2ca72a66cb1053934781f2382cf/url'
01:49:27.110 [AsyncHttpClient-1-1] DEBUG org.asynchttpclient.netty.channel.DefaultChannelPool - Entry count for : http://localhost:62773 : 1
01:49:28.127 [AsyncHttpClient-1-14] DEBUG org.asynchttpclient.netty.handler.HttpHandler - 

Request DefaultHttpRequest(decodeResult: success, version: HTTP/1.1)
POST /session/6f14e2ca72a66cb1053934781f2382cf/url HTTP/1.1
User-Agent: selenium/4.12.0 (java windows)
Content-Length: 79
Content-Type: application/json; charset=utf-8
host: localhost:20443
accept: */*

Response DefaultHttpResponse(decodeResult: success, version: HTTP/1.1)
HTTP/1.1 200 OK
Content-Length: 14
Content-Type: application/json; charset=utf-8
cache-control: no-cache

01:49:28.127 [AsyncHttpClient-1-14] DEBUG org.asynchttpclient.netty.channel.ChannelManager - Adding key: http://localhost:20443 for channel [id: 0x78a4e09f, L:/127.0.0.1:62771 - R:localhost/127.0.0.1:20443]
01:49:28.130 [Forwarding maximizeCurrentWindow on session 6f14e2ca72a66cb1053934781f2382cf to remote] DEBUG org.asynchttpclient.netty.request.NettyRequestSender - Using pooled Channel '[id: 0x78a4e09f, L:/127.0.0.1:62771 - R:localhost/127.0.0.1:20443]' for 'POST' to 'http://localhost:20443/session/6f14e2ca72a66cb1053934781f2382cf/window/maximize'
01:49:28.130 [Forwarding maximizeCurrentWindow on session 6f14e2ca72a66cb1053934781f2382cf to remote] DEBUG org.asynchttpclient.netty.request.NettyRequestSender - Using open Channel [id: 0x78a4e09f, L:/127.0.0.1:62771 - R:localhost/127.0.0.1:20443] for POST '/session/6f14e2ca72a66cb1053934781f2382cf/window/maximize'
01:49:28.209 [AsyncHttpClient-1-1] DEBUG org.asynchttpclient.netty.channel.DefaultChannelPool - Entry count for : http://localhost:62773 : 1
01:49:28.217 [AsyncHttpClient-1-14] DEBUG org.asynchttpclient.netty.handler.HttpHandler - 

Request DefaultHttpRequest(decodeResult: success, version: HTTP/1.1)
POST /session/6f14e2ca72a66cb1053934781f2382cf/window/maximize HTTP/1.1
User-Agent: selenium/4.12.0 (java windows)
Content-Length: 3
Content-Type: application/json; charset=utf-8
host: localhost:20443
accept: */*

Response DefaultHttpResponse(decodeResult: success, version: HTTP/1.1)
HTTP/1.1 200 OK
Content-Length: 51
Content-Type: application/json; charset=utf-8
cache-control: no-cache

01:49:28.217 [AsyncHttpClient-1-14] DEBUG org.asynchttpclient.netty.channel.ChannelManager - Adding key: http://localhost:20443 for channel [id: 0x78a4e09f, L:/127.0.0.1:62771 - R:localhost/127.0.0.1:20443]
01:49:28.217 [Forwarding findElement on session 6f14e2ca72a66cb1053934781f2382cf to remote] DEBUG org.asynchttpclient.netty.request.NettyRequestSender - Using pooled Channel '[id: 0x78a4e09f, L:/127.0.0.1:62771 - R:localhost/127.0.0.1:20443]' for 'POST' to 'http://localhost:20443/session/6f14e2ca72a66cb1053934781f2382cf/element'
01:49:28.217 [Forwarding findElement on session 6f14e2ca72a66cb1053934781f2382cf to remote] DEBUG org.asynchttpclient.netty.request.NettyRequestSender - Using open Channel [id: 0x78a4e09f, L:/127.0.0.1:62771 - R:localhost/127.0.0.1:20443] for POST '/session/6f14e2ca72a66cb1053934781f2382cf/element'
01:49:28.258 [AsyncHttpClient-1-14] DEBUG org.asynchttpclient.netty.handler.HttpHandler - 

Request DefaultHttpRequest(decodeResult: success, version: HTTP/1.1)
POST /session/6f14e2ca72a66cb1053934781f2382cf/element HTTP/1.1
User-Agent: selenium/4.12.0 (java windows)
Content-Length: 69
Content-Type: application/json; charset=utf-8
host: localhost:20443
accept: */*

Response DefaultHttpResponse(decodeResult: success, version: HTTP/1.1)
HTTP/1.1 200 OK
Content-Length: 125
Content-Type: application/json; charset=utf-8
cache-control: no-cache

01:49:28.258 [AsyncHttpClient-1-14] DEBUG org.asynchttpclient.netty.channel.ChannelManager - Adding key: http://localhost:20443 for channel [id: 0x78a4e09f, L:/127.0.0.1:62771 - R:localhost/127.0.0.1:20443]
01:49:28.258 [Forwarding sendKeysToElement on session 6f14e2ca72a66cb1053934781f2382cf to remote] DEBUG org.asynchttpclient.netty.request.NettyRequestSender - Using pooled Channel '[id: 0x78a4e09f, L:/127.0.0.1:62771 - R:localhost/127.0.0.1:20443]' for 'POST' to 'http://localhost:20443/session/6f14e2ca72a66cb1053934781f2382cf/element/f.F7C2923727F8B25AA697250A5824495F.d.E7DCD98CE2B6BEA228456AEE8F781A71.e.2/value'
01:49:28.258 [Forwarding sendKeysToElement on session 6f14e2ca72a66cb1053934781f2382cf to remote] DEBUG org.asynchttpclient.netty.request.NettyRequestSender - Using open Channel [id: 0x78a4e09f, L:/127.0.0.1:62771 - R:localhost/127.0.0.1:20443] for POST '/session/6f14e2ca72a66cb1053934781f2382cf/element/f.F7C2923727F8B25AA697250A5824495F.d.E7DCD98CE2B6BEA228456AEE8F781A71.e.2/value'
01:49:28.554 [AsyncHttpClient-1-14] DEBUG org.asynchttpclient.netty.handler.HttpHandler - 

Request DefaultHttpRequest(decodeResult: success, version: HTTP/1.1)
POST /session/6f14e2ca72a66cb1053934781f2382cf/element/f.F7C2923727F8B25AA697250A5824495F.d.E7DCD98CE2B6BEA228456AEE8F781A71.e.2/value HTTP/1.1
User-Agent: selenium/4.12.0 (java windows)
Content-Length: 328
Content-Type: application/json; charset=utf-8
host: localhost:20443
accept: */*

Response DefaultHttpResponse(decodeResult: success, version: HTTP/1.1)
HTTP/1.1 200 OK
Content-Length: 14
Content-Type: application/json; charset=utf-8
cache-control: no-cache

01:49:28.554 [AsyncHttpClient-1-14] DEBUG org.asynchttpclient.netty.channel.ChannelManager - Adding key: http://localhost:20443 for channel [id: 0x78a4e09f, L:/127.0.0.1:62771 - R:localhost/127.0.0.1:20443]
01:49:28.554 [Forwarding findElement on session 6f14e2ca72a66cb1053934781f2382cf to remote] DEBUG org.asynchttpclient.netty.request.NettyRequestSender - Using pooled Channel '[id: 0x78a4e09f, L:/127.0.0.1:62771 - R:localhost/127.0.0.1:20443]' for 'POST' to 'http://localhost:20443/session/6f14e2ca72a66cb1053934781f2382cf/element'
01:49:28.554 [Forwarding findElement on session 6f14e2ca72a66cb1053934781f2382cf to remote] DEBUG org.asynchttpclient.netty.request.NettyRequestSender - Using open Channel [id: 0x78a4e09f, L:/127.0.0.1:62771 - R:localhost/127.0.0.1:20443] for POST '/session/6f14e2ca72a66cb1053934781f2382cf/element'
01:49:28.570 [AsyncHttpClient-1-14] DEBUG org.asynchttpclient.netty.handler.HttpHandler - 

Request DefaultHttpRequest(decodeResult: success, version: HTTP/1.1)
POST /session/6f14e2ca72a66cb1053934781f2382cf/element HTTP/1.1
User-Agent: selenium/4.12.0 (java windows)
Content-Length: 72
Content-Type: application/json; charset=utf-8
host: localhost:20443
accept: */*

Response DefaultHttpResponse(decodeResult: success, version: HTTP/1.1)
HTTP/1.1 200 OK
Content-Length: 125
Content-Type: application/json; charset=utf-8
cache-control: no-cache

01:49:28.570 [AsyncHttpClient-1-14] DEBUG org.asynchttpclient.netty.channel.ChannelManager - Adding key: http://localhost:20443 for channel [id: 0x78a4e09f, L:/127.0.0.1:62771 - R:localhost/127.0.0.1:20443]
01:49:28.570 [Forwarding sendKeysToElement on session 6f14e2ca72a66cb1053934781f2382cf to remote] DEBUG org.asynchttpclient.netty.request.NettyRequestSender - Using pooled Channel '[id: 0x78a4e09f, L:/127.0.0.1:62771 - R:localhost/127.0.0.1:20443]' for 'POST' to 'http://localhost:20443/session/6f14e2ca72a66cb1053934781f2382cf/element/f.F7C2923727F8B25AA697250A5824495F.d.E7DCD98CE2B6BEA228456AEE8F781A71.e.4/value'
01:49:28.570 [Forwarding sendKeysToElement on session 6f14e2ca72a66cb1053934781f2382cf to remote] DEBUG org.asynchttpclient.netty.request.NettyRequestSender - Using open Channel [id: 0x78a4e09f, L:/127.0.0.1:62771 - R:localhost/127.0.0.1:20443] for POST '/session/6f14e2ca72a66cb1053934781f2382cf/element/f.F7C2923727F8B25AA697250A5824495F.d.E7DCD98CE2B6BEA228456AEE8F781A71.e.4/value'
01:49:28.831 [AsyncHttpClient-1-14] DEBUG org.asynchttpclient.netty.handler.HttpHandler - 

Request DefaultHttpRequest(decodeResult: success, version: HTTP/1.1)
POST /session/6f14e2ca72a66cb1053934781f2382cf/element/f.F7C2923727F8B25AA697250A5824495F.d.E7DCD98CE2B6BEA228456AEE8F781A71.e.4/value HTTP/1.1
User-Agent: selenium/4.12.0 (java windows)
Content-Length: 198
Content-Type: application/json; charset=utf-8
host: localhost:20443
accept: */*

Response DefaultHttpResponse(decodeResult: success, version: HTTP/1.1)
HTTP/1.1 200 OK
Content-Length: 14
Content-Type: application/json; charset=utf-8
cache-control: no-cache

01:49:28.831 [AsyncHttpClient-1-14] DEBUG org.asynchttpclient.netty.channel.ChannelManager - Adding key: http://localhost:20443 for channel [id: 0x78a4e09f, L:/127.0.0.1:62771 - R:localhost/127.0.0.1:20443]
01:49:28.839 [Forwarding findElement on session 6f14e2ca72a66cb1053934781f2382cf to remote] DEBUG org.asynchttpclient.netty.request.NettyRequestSender - Using pooled Channel '[id: 0x78a4e09f, L:/127.0.0.1:62771 - R:localhost/127.0.0.1:20443]' for 'POST' to 'http://localhost:20443/session/6f14e2ca72a66cb1053934781f2382cf/element'
01:49:28.839 [Forwarding findElement on session 6f14e2ca72a66cb1053934781f2382cf to remote] DEBUG org.asynchttpclient.netty.request.NettyRequestSender - Using open Channel [id: 0x78a4e09f, L:/127.0.0.1:62771 - R:localhost/127.0.0.1:20443] for POST '/session/6f14e2ca72a66cb1053934781f2382cf/element'
01:49:28.864 [AsyncHttpClient-1-14] DEBUG org.asynchttpclient.netty.handler.HttpHandler - 

Request DefaultHttpRequest(decodeResult: success, version: HTTP/1.1)
POST /session/6f14e2ca72a66cb1053934781f2382cf/element HTTP/1.1
User-Agent: selenium/4.12.0 (java windows)
Content-Length: 73
Content-Type: application/json; charset=utf-8
host: localhost:20443
accept: */*

Response DefaultHttpResponse(decodeResult: success, version: HTTP/1.1)
HTTP/1.1 200 OK
Content-Length: 125
Content-Type: application/json; charset=utf-8
cache-control: no-cache

01:49:28.864 [AsyncHttpClient-1-14] DEBUG org.asynchttpclient.netty.channel.ChannelManager - Adding key: http://localhost:20443 for channel [id: 0x78a4e09f, L:/127.0.0.1:62771 - R:localhost/127.0.0.1:20443]
01:49:28.872 [Forwarding clickElement on session 6f14e2ca72a66cb1053934781f2382cf to remote] DEBUG org.asynchttpclient.netty.request.NettyRequestSender - Using pooled Channel '[id: 0x78a4e09f, L:/127.0.0.1:62771 - R:localhost/127.0.0.1:20443]' for 'POST' to 'http://localhost:20443/session/6f14e2ca72a66cb1053934781f2382cf/element/f.F7C2923727F8B25AA697250A5824495F.d.E7DCD98CE2B6BEA228456AEE8F781A71.e.6/click'
01:49:28.872 [Forwarding clickElement on session 6f14e2ca72a66cb1053934781f2382cf to remote] DEBUG org.asynchttpclient.netty.request.NettyRequestSender - Using open Channel [id: 0x78a4e09f, L:/127.0.0.1:62771 - R:localhost/127.0.0.1:20443] for POST '/session/6f14e2ca72a66cb1053934781f2382cf/element/f.F7C2923727F8B25AA697250A5824495F.d.E7DCD98CE2B6BEA228456AEE8F781A71.e.6/click'
01:49:29.053 [AsyncHttpClient-1-14] DEBUG org.asynchttpclient.netty.handler.HttpHandler - 

Request DefaultHttpRequest(decodeResult: success, version: HTTP/1.1)
POST /session/6f14e2ca72a66cb1053934781f2382cf/element/f.F7C2923727F8B25AA697250A5824495F.d.E7DCD98CE2B6BEA228456AEE8F781A71.e.6/click HTTP/1.1
User-Agent: selenium/4.12.0 (java windows)
Content-Length: 87
Content-Type: application/json; charset=utf-8
host: localhost:20443
accept: */*

Response DefaultHttpResponse(decodeResult: success, version: HTTP/1.1)
HTTP/1.1 200 OK
Content-Length: 14
Content-Type: application/json; charset=utf-8
cache-control: no-cache

01:49:29.053 [AsyncHttpClient-1-14] DEBUG org.asynchttpclient.netty.channel.ChannelManager - Adding key: http://localhost:20443 for channel [id: 0x78a4e09f, L:/127.0.0.1:62771 - R:localhost/127.0.0.1:20443]
01:49:29.308 [AsyncHttpClient-1-1] DEBUG org.asynchttpclient.netty.channel.DefaultChannelPool - Entry count for : http://localhost:62773 : 1
01:49:29.308 [AsyncHttpClient-1-1] DEBUG org.asynchttpclient.netty.channel.DefaultChannelPool - Entry count for : http://localhost:20443 : 1
01:49:30.415 [AsyncHttpClient-1-1] DEBUG org.asynchttpclient.netty.channel.DefaultChannelPool - Entry count for : http://localhost:62773 : 1
01:49:30.415 [AsyncHttpClient-1-1] DEBUG org.asynchttpclient.netty.channel.DefaultChannelPool - Entry count for : http://localhost:20443 : 1
01:49:31.508 [AsyncHttpClient-1-1] DEBUG org.asynchttpclient.netty.channel.DefaultChannelPool - Entry count for : http://localhost:62773 : 1
01:49:31.508 [AsyncHttpClient-1-1] DEBUG org.asynchttpclient.netty.channel.DefaultChannelPool - Entry count for : http://localhost:20443 : 1
01:49:32.609 [AsyncHttpClient-1-1] DEBUG org.asynchttpclient.netty.channel.DefaultChannelPool - Entry count for : http://localhost:62773 : 1
01:49:32.609 [AsyncHttpClient-1-1] DEBUG org.asynchttpclient.netty.channel.DefaultChannelPool - Entry count for : http://localhost:20443 : 1
01:49:33.708 [AsyncHttpClient-1-1] DEBUG org.asynchttpclient.netty.channel.DefaultChannelPool - Entry count for : http://localhost:62773 : 1
01:49:33.709 [AsyncHttpClient-1-1] DEBUG org.asynchttpclient.netty.channel.DefaultChannelPool - Entry count for : http://localhost:20443 : 1
01:49:34.063 [Forwarding getCurrentUrl on session 6f14e2ca72a66cb1053934781f2382cf to remote] DEBUG org.asynchttpclient.netty.request.NettyRequestSender - Using pooled Channel '[id: 0x78a4e09f, L:/127.0.0.1:62771 - R:localhost/127.0.0.1:20443]' for 'GET' to 'http://localhost:20443/session/6f14e2ca72a66cb1053934781f2382cf/url'
01:49:34.064 [Forwarding getCurrentUrl on session 6f14e2ca72a66cb1053934781f2382cf to remote] DEBUG org.asynchttpclient.netty.request.NettyRequestSender - Using open Channel [id: 0x78a4e09f, L:/127.0.0.1:62771 - R:localhost/127.0.0.1:20443] for GET '/session/6f14e2ca72a66cb1053934781f2382cf/url'
01:49:34.071 [AsyncHttpClient-1-14] DEBUG org.asynchttpclient.netty.handler.HttpHandler - 

Request DefaultFullHttpRequest(decodeResult: success, version: HTTP/1.1, content: EmptyByteBufBE)
GET /session/6f14e2ca72a66cb1053934781f2382cf/url HTTP/1.1
Cache-Control: no-cache
User-Agent: selenium/4.12.0 (java windows)
Content-Type: application/json; charset=utf-8
host: localhost:20443
accept: */*

Response DefaultHttpResponse(decodeResult: success, version: HTTP/1.1)
HTTP/1.1 200 OK
Content-Length: 56
Content-Type: application/json; charset=utf-8
cache-control: no-cache

01:49:34.071 [AsyncHttpClient-1-14] DEBUG org.asynchttpclient.netty.channel.ChannelManager - Adding key: http://localhost:20443 for channel [id: 0x78a4e09f, L:/127.0.0.1:62771 - R:localhost/127.0.0.1:20443]
Site 1: https://platform.fleetsyncs.com/admin/onboarding/broker/load-tender
Site 2: https://platform.fleetsyncs.com/auth/sign-in
Site 2: https://platform.fleetsyncs.com/auth/sign-in
https://platform.fleetsyncs.com/auth/sign-in
01:49:34.079 [Forwarding findElement on session 6f14e2ca72a66cb1053934781f2382cf to remote] DEBUG org.asynchttpclient.netty.request.NettyRequestSender - Using pooled Channel '[id: 0x78a4e09f, L:/127.0.0.1:62771 - R:localhost/127.0.0.1:20443]' for 'POST' to 'http://localhost:20443/session/6f14e2ca72a66cb1053934781f2382cf/element'
01:49:34.079 [Forwarding findElement on session 6f14e2ca72a66cb1053934781f2382cf to remote] DEBUG org.asynchttpclient.netty.request.NettyRequestSender - Using open Channel [id: 0x78a4e09f, L:/127.0.0.1:62771 - R:localhost/127.0.0.1:20443] for POST '/session/6f14e2ca72a66cb1053934781f2382cf/element'
01:49:34.096 [AsyncHttpClient-1-14] DEBUG org.asynchttpclient.netty.handler.HttpHandler - 

Request DefaultHttpRequest(decodeResult: success, version: HTTP/1.1)
POST /session/6f14e2ca72a66cb1053934781f2382cf/element HTTP/1.1
User-Agent: selenium/4.12.0 (java windows)
Content-Length: 66
Content-Type: application/json; charset=utf-8
host: localhost:20443
accept: */*

Response DefaultHttpResponse(decodeResult: success, version: HTTP/1.1)
HTTP/1.1 200 OK
Content-Length: 126
Content-Type: application/json; charset=utf-8
cache-control: no-cache

01:49:34.096 [AsyncHttpClient-1-14] DEBUG org.asynchttpclient.netty.channel.ChannelManager - Adding key: http://localhost:20443 for channel [id: 0x78a4e09f, L:/127.0.0.1:62771 - R:localhost/127.0.0.1:20443]
01:49:34.104 [Forwarding isElementDisplayed on session 6f14e2ca72a66cb1053934781f2382cf to remote] DEBUG org.asynchttpclient.netty.request.NettyRequestSender - Using pooled Channel '[id: 0x78a4e09f, L:/127.0.0.1:62771 - R:localhost/127.0.0.1:20443]' for 'POST' to 'http://localhost:20443/session/6f14e2ca72a66cb1053934781f2382cf/execute/sync'
01:49:34.104 [Forwarding isElementDisplayed on session 6f14e2ca72a66cb1053934781f2382cf to remote] DEBUG org.asynchttpclient.netty.request.NettyRequestSender - Using open Channel [id: 0x78a4e09f, L:/127.0.0.1:62771 - R:localhost/127.0.0.1:20443] for POST '/session/6f14e2ca72a66cb1053934781f2382cf/execute/sync'
01:49:34.127 [AsyncHttpClient-1-14] DEBUG org.asynchttpclient.netty.handler.HttpHandler - 

Request DefaultHttpRequest(decodeResult: success, version: HTTP/1.1)
POST /session/6f14e2ca72a66cb1053934781f2382cf/execute/sync HTTP/1.1
User-Agent: selenium/4.12.0 (java windows)
Content-Length: 48734
Content-Type: application/json; charset=utf-8
host: localhost:20443
accept: */*

Response DefaultHttpResponse(decodeResult: success, version: HTTP/1.1)
HTTP/1.1 200 OK
Content-Length: 14
Content-Type: application/json; charset=utf-8
cache-control: no-cache

01:49:34.128 [AsyncHttpClient-1-14] DEBUG org.asynchttpclient.netty.channel.ChannelManager - Adding key: http://localhost:20443 for channel [id: 0x78a4e09f, L:/127.0.0.1:62771 - R:localhost/127.0.0.1:20443]
01:49:34.130 [Forwarding findElement on session 6f14e2ca72a66cb1053934781f2382cf to remote] DEBUG org.asynchttpclient.netty.request.NettyRequestSender - Using pooled Channel '[id: 0x78a4e09f, L:/127.0.0.1:62771 - R:localhost/127.0.0.1:20443]' for 'POST' to 'http://localhost:20443/session/6f14e2ca72a66cb1053934781f2382cf/element'
01:49:34.130 [Forwarding findElement on session 6f14e2ca72a66cb1053934781f2382cf to remote] DEBUG org.asynchttpclient.netty.request.NettyRequestSender - Using open Channel [id: 0x78a4e09f, L:/127.0.0.1:62771 - R:localhost/127.0.0.1:20443] for POST '/session/6f14e2ca72a66cb1053934781f2382cf/element'
01:49:34.142 [AsyncHttpClient-1-14] DEBUG org.asynchttpclient.netty.handler.HttpHandler - 

Request DefaultHttpRequest(decodeResult: success, version: HTTP/1.1)
POST /session/6f14e2ca72a66cb1053934781f2382cf/element HTTP/1.1
User-Agent: selenium/4.12.0 (java windows)
Content-Length: 66
Content-Type: application/json; charset=utf-8
host: localhost:20443
accept: */*

Response DefaultHttpResponse(decodeResult: success, version: HTTP/1.1)
HTTP/1.1 200 OK
Content-Length: 126
Content-Type: application/json; charset=utf-8
cache-control: no-cache

01:49:34.142 [AsyncHttpClient-1-14] DEBUG org.asynchttpclient.netty.channel.ChannelManager - Adding key: http://localhost:20443 for channel [id: 0x78a4e09f, L:/127.0.0.1:62771 - R:localhost/127.0.0.1:20443]
01:49:34.142 [Forwarding getElementText on session 6f14e2ca72a66cb1053934781f2382cf to remote] DEBUG org.asynchttpclient.netty.request.NettyRequestSender - Using pooled Channel '[id: 0x78a4e09f, L:/127.0.0.1:62771 - R:localhost/127.0.0.1:20443]' for 'GET' to 'http://localhost:20443/session/6f14e2ca72a66cb1053934781f2382cf/element/f.F7C2923727F8B25AA697250A5824495F.d.E7DCD98CE2B6BEA228456AEE8F781A71.e.19/text'
01:49:34.142 [Forwarding getElementText on session 6f14e2ca72a66cb1053934781f2382cf to remote] DEBUG org.asynchttpclient.netty.request.NettyRequestSender - Using open Channel [id: 0x78a4e09f, L:/127.0.0.1:62771 - R:localhost/127.0.0.1:20443] for GET '/session/6f14e2ca72a66cb1053934781f2382cf/element/f.F7C2923727F8B25AA697250A5824495F.d.E7DCD98CE2B6BEA228456AEE8F781A71.e.19/text'
01:49:34.166 [AsyncHttpClient-1-14] DEBUG org.asynchttpclient.netty.handler.HttpHandler - 

Request DefaultFullHttpRequest(decodeResult: success, version: HTTP/1.1, content: EmptyByteBufBE)
GET /session/6f14e2ca72a66cb1053934781f2382cf/element/f.F7C2923727F8B25AA697250A5824495F.d.E7DCD98CE2B6BEA228456AEE8F781A71.e.19/text HTTP/1.1
Cache-Control: no-cache
User-Agent: selenium/4.12.0 (java windows)
Content-Type: application/json; charset=utf-8
host: localhost:20443
accept: */*

Response DefaultHttpResponse(decodeResult: success, version: HTTP/1.1)
HTTP/1.1 200 OK
Content-Length: 33
Content-Type: application/json; charset=utf-8
cache-control: no-cache

01:49:34.166 [AsyncHttpClient-1-14] DEBUG org.asynchttpclient.netty.channel.ChannelManager - Adding key: http://localhost:20443 for channel [id: 0x78a4e09f, L:/127.0.0.1:62771 - R:localhost/127.0.0.1:20443]
01:49:34.166 [Forwarding findElement on session 6f14e2ca72a66cb1053934781f2382cf to remote] DEBUG org.asynchttpclient.netty.request.NettyRequestSender - Using pooled Channel '[id: 0x78a4e09f, L:/127.0.0.1:62771 - R:localhost/127.0.0.1:20443]' for 'POST' to 'http://localhost:20443/session/6f14e2ca72a66cb1053934781f2382cf/element'
01:49:34.166 [Forwarding findElement on session 6f14e2ca72a66cb1053934781f2382cf to remote] DEBUG org.asynchttpclient.netty.request.NettyRequestSender - Using open Channel [id: 0x78a4e09f, L:/127.0.0.1:62771 - R:localhost/127.0.0.1:20443] for POST '/session/6f14e2ca72a66cb1053934781f2382cf/element'
01:49:34.179 [AsyncHttpClient-1-14] DEBUG org.asynchttpclient.netty.handler.HttpHandler - 

Request DefaultHttpRequest(decodeResult: success, version: HTTP/1.1)
POST /session/6f14e2ca72a66cb1053934781f2382cf/element HTTP/1.1
User-Agent: selenium/4.12.0 (java windows)
Content-Length: 74
Content-Type: application/json; charset=utf-8
host: localhost:20443
accept: */*

Response DefaultHttpResponse(decodeResult: success, version: HTTP/1.1)
HTTP/1.1 200 OK
Content-Length: 126
Content-Type: application/json; charset=utf-8
cache-control: no-cache

01:49:34.179 [AsyncHttpClient-1-14] DEBUG org.asynchttpclient.netty.channel.ChannelManager - Adding key: http://localhost:20443 for channel [id: 0x78a4e09f, L:/127.0.0.1:62771 - R:localhost/127.0.0.1:20443]
01:49:34.187 [Forwarding clickElement on session 6f14e2ca72a66cb1053934781f2382cf to remote] DEBUG org.asynchttpclient.netty.request.NettyRequestSender - Using pooled Channel '[id: 0x78a4e09f, L:/127.0.0.1:62771 - R:localhost/127.0.0.1:20443]' for 'POST' to 'http://localhost:20443/session/6f14e2ca72a66cb1053934781f2382cf/element/f.F7C2923727F8B25AA697250A5824495F.d.E7DCD98CE2B6BEA228456AEE8F781A71.e.20/click'
01:49:34.187 [Forwarding clickElement on session 6f14e2ca72a66cb1053934781f2382cf to remote] DEBUG org.asynchttpclient.netty.request.NettyRequestSender - Using open Channel [id: 0x78a4e09f, L:/127.0.0.1:62771 - R:localhost/127.0.0.1:20443] for POST '/session/6f14e2ca72a66cb1053934781f2382cf/element/f.F7C2923727F8B25AA697250A5824495F.d.E7DCD98CE2B6BEA228456AEE8F781A71.e.20/click'
01:49:34.285 [AsyncHttpClient-1-14] DEBUG org.asynchttpclient.netty.handler.HttpHandler - 

Request DefaultHttpRequest(decodeResult: success, version: HTTP/1.1)
POST /session/6f14e2ca72a66cb1053934781f2382cf/element/f.F7C2923727F8B25AA697250A5824495F.d.E7DCD98CE2B6BEA228456AEE8F781A71.e.20/click HTTP/1.1
User-Agent: selenium/4.12.0 (java windows)
Content-Length: 88
Content-Type: application/json; charset=utf-8
host: localhost:20443
accept: */*

Response DefaultHttpResponse(decodeResult: success, version: HTTP/1.1)
HTTP/1.1 200 OK
Content-Length: 14
Content-Type: application/json; charset=utf-8
cache-control: no-cache

01:49:34.292 [AsyncHttpClient-1-14] DEBUG org.asynchttpclient.netty.channel.ChannelManager - Adding key: http://localhost:20443 for channel [id: 0x78a4e09f, L:/127.0.0.1:62771 - R:localhost/127.0.0.1:20443]
01:49:34.815 [AsyncHttpClient-1-1] DEBUG org.asynchttpclient.netty.channel.DefaultChannelPool - Entry count for : http://localhost:62773 : 1
01:49:34.815 [AsyncHttpClient-1-1] DEBUG org.asynchttpclient.netty.channel.DefaultChannelPool - Entry count for : http://localhost:20443 : 1
01:49:35.909 [AsyncHttpClient-1-1] DEBUG org.asynchttpclient.netty.channel.DefaultChannelPool - Entry count for : http://localhost:62773 : 1
01:49:35.909 [AsyncHttpClient-1-1] DEBUG org.asynchttpclient.netty.channel.DefaultChannelPool - Entry count for : http://localhost:20443 : 1
01:49:37.012 [AsyncHttpClient-1-1] DEBUG org.asynchttpclient.netty.channel.DefaultChannelPool - Entry count for : http://localhost:62773 : 1
01:49:37.012 [AsyncHttpClient-1-1] DEBUG org.asynchttpclient.netty.channel.DefaultChannelPool - Entry count for : http://localhost:20443 : 1
screen shot class not taking
  Given I am on dashboardasatpute008@gmail.com and Pass@123              # StepDefination.Customer_onboarding.I_am_on_dashboard(java.lang.String,java.lang.String)
01:49:38.109 [AsyncHttpClient-1-1] DEBUG org.asynchttpclient.netty.channel.DefaultChannelPool - Entry count for : http://localhost:62773 : 1
01:49:38.109 [AsyncHttpClient-1-1] DEBUG org.asynchttpclient.netty.channel.DefaultChannelPool - Entry count for : http://localhost:20443 : 1
01:49:39.216 [AsyncHttpClient-1-1] DEBUG org.asynchttpclient.netty.channel.DefaultChannelPool - Entry count for : http://localhost:62773 : 1
01:49:39.216 [AsyncHttpClient-1-1] DEBUG org.asynchttpclient.netty.channel.DefaultChannelPool - Entry count for : http://localhost:20443 : 1
01:49:39.306 [Forwarding findElement on session 6f14e2ca72a66cb1053934781f2382cf to remote] DEBUG org.asynchttpclient.netty.request.NettyRequestSender - Using pooled Channel '[id: 0x78a4e09f, L:/127.0.0.1:62771 - R:localhost/127.0.0.1:20443]' for 'POST' to 'http://localhost:20443/session/6f14e2ca72a66cb1053934781f2382cf/element'
01:49:39.306 [Forwarding findElement on session 6f14e2ca72a66cb1053934781f2382cf to remote] DEBUG org.asynchttpclient.netty.request.NettyRequestSender - Using open Channel [id: 0x78a4e09f, L:/127.0.0.1:62771 - R:localhost/127.0.0.1:20443] for POST '/session/6f14e2ca72a66cb1053934781f2382cf/element'
01:49:39.395 [AsyncHttpClient-1-14] DEBUG org.asynchttpclient.netty.handler.HttpHandler - 

Request DefaultHttpRequest(decodeResult: success, version: HTTP/1.1)
POST /session/6f14e2ca72a66cb1053934781f2382cf/element HTTP/1.1
User-Agent: selenium/4.12.0 (java windows)
Content-Length: 127
Content-Type: application/json; charset=utf-8
host: localhost:20443
accept: */*

Response DefaultHttpResponse(decodeResult: success, version: HTTP/1.1)
HTTP/1.1 200 OK
Content-Length: 126
Content-Type: application/json; charset=utf-8
cache-control: no-cache

01:49:39.395 [AsyncHttpClient-1-14] DEBUG org.asynchttpclient.netty.channel.ChannelManager - Adding key: http://localhost:20443 for channel [id: 0x78a4e09f, L:/127.0.0.1:62771 - R:localhost/127.0.0.1:20443]
01:49:39.404 [Forwarding getElementText on session 6f14e2ca72a66cb1053934781f2382cf to remote] DEBUG org.asynchttpclient.netty.request.NettyRequestSender - Using pooled Channel '[id: 0x78a4e09f, L:/127.0.0.1:62771 - R:localhost/127.0.0.1:20443]' for 'GET' to 'http://localhost:20443/session/6f14e2ca72a66cb1053934781f2382cf/element/f.F7C2923727F8B25AA697250A5824495F.d.AB9F556D8CF8CA5C85E40FEED1761391.e.40/text'
01:49:39.404 [Forwarding getElementText on session 6f14e2ca72a66cb1053934781f2382cf to remote] DEBUG org.asynchttpclient.netty.request.NettyRequestSender - Using open Channel [id: 0x78a4e09f, L:/127.0.0.1:62771 - R:localhost/127.0.0.1:20443] for GET '/session/6f14e2ca72a66cb1053934781f2382cf/element/f.F7C2923727F8B25AA697250A5824495F.d.AB9F556D8CF8CA5C85E40FEED1761391.e.40/text'
01:49:39.412 [AsyncHttpClient-1-14] DEBUG org.asynchttpclient.netty.handler.HttpHandler - 

Request DefaultFullHttpRequest(decodeResult: success, version: HTTP/1.1, content: EmptyByteBufBE)
GET /session/6f14e2ca72a66cb1053934781f2382cf/element/f.F7C2923727F8B25AA697250A5824495F.d.AB9F556D8CF8CA5C85E40FEED1761391.e.40/text HTTP/1.1
Cache-Control: no-cache
User-Agent: selenium/4.12.0 (java windows)
Content-Type: application/json; charset=utf-8
host: localhost:20443
accept: */*

Response DefaultHttpResponse(decodeResult: success, version: HTTP/1.1)
HTTP/1.1 200 OK
Content-Length: 21
Content-Type: application/json; charset=utf-8
cache-control: no-cache

01:49:39.412 [AsyncHttpClient-1-14] DEBUG org.asynchttpclient.netty.channel.ChannelManager - Adding key: http://localhost:20443 for channel [id: 0x78a4e09f, L:/127.0.0.1:62771 - R:localhost/127.0.0.1:20443]
01:49:39.927 [Forwarding findElement on session 6f14e2ca72a66cb1053934781f2382cf to remote] DEBUG org.asynchttpclient.netty.request.NettyRequestSender - Using pooled Channel '[id: 0x78a4e09f, L:/127.0.0.1:62771 - R:localhost/127.0.0.1:20443]' for 'POST' to 'http://localhost:20443/session/6f14e2ca72a66cb1053934781f2382cf/element'
01:49:39.927 [Forwarding findElement on session 6f14e2ca72a66cb1053934781f2382cf to remote] DEBUG org.asynchttpclient.netty.request.NettyRequestSender - Using open Channel [id: 0x78a4e09f, L:/127.0.0.1:62771 - R:localhost/127.0.0.1:20443] for POST '/session/6f14e2ca72a66cb1053934781f2382cf/element'
01:49:39.952 [AsyncHttpClient-1-14] DEBUG org.asynchttpclient.netty.handler.HttpHandler - 

Request DefaultHttpRequest(decodeResult: success, version: HTTP/1.1)
POST /session/6f14e2ca72a66cb1053934781f2382cf/element HTTP/1.1
User-Agent: selenium/4.12.0 (java windows)
Content-Length: 127
Content-Type: application/json; charset=utf-8
host: localhost:20443
accept: */*

Response DefaultHttpResponse(decodeResult: success, version: HTTP/1.1)
HTTP/1.1 200 OK
Content-Length: 126
Content-Type: application/json; charset=utf-8
cache-control: no-cache

01:49:39.952 [AsyncHttpClient-1-14] DEBUG org.asynchttpclient.netty.channel.ChannelManager - Adding key: http://localhost:20443 for channel [id: 0x78a4e09f, L:/127.0.0.1:62771 - R:localhost/127.0.0.1:20443]
01:49:39.952 [Forwarding clickElement on session 6f14e2ca72a66cb1053934781f2382cf to remote] DEBUG org.asynchttpclient.netty.request.NettyRequestSender - Using pooled Channel '[id: 0x78a4e09f, L:/127.0.0.1:62771 - R:localhost/127.0.0.1:20443]' for 'POST' to 'http://localhost:20443/session/6f14e2ca72a66cb1053934781f2382cf/element/f.F7C2923727F8B25AA697250A5824495F.d.AB9F556D8CF8CA5C85E40FEED1761391.e.40/click'
01:49:39.952 [Forwarding clickElement on session 6f14e2ca72a66cb1053934781f2382cf to remote] DEBUG org.asynchttpclient.netty.request.NettyRequestSender - Using open Channel [id: 0x78a4e09f, L:/127.0.0.1:62771 - R:localhost/127.0.0.1:20443] for POST '/session/6f14e2ca72a66cb1053934781f2382cf/element/f.F7C2923727F8B25AA697250A5824495F.d.AB9F556D8CF8CA5C85E40FEED1761391.e.40/click'
01:49:40.132 [AsyncHttpClient-1-14] DEBUG org.asynchttpclient.netty.handler.HttpHandler - 

Request DefaultHttpRequest(decodeResult: success, version: HTTP/1.1)
POST /session/6f14e2ca72a66cb1053934781f2382cf/element/f.F7C2923727F8B25AA697250A5824495F.d.AB9F556D8CF8CA5C85E40FEED1761391.e.40/click HTTP/1.1
User-Agent: selenium/4.12.0 (java windows)
Content-Length: 88
Content-Type: application/json; charset=utf-8
host: localhost:20443
accept: */*

Response DefaultHttpResponse(decodeResult: success, version: HTTP/1.1)
HTTP/1.1 200 OK
Content-Length: 14
Content-Type: application/json; charset=utf-8
cache-control: no-cache

01:49:40.132 [AsyncHttpClient-1-14] DEBUG org.asynchttpclient.netty.channel.ChannelManager - Adding key: http://localhost:20443 for channel [id: 0x78a4e09f, L:/127.0.0.1:62771 - R:localhost/127.0.0.1:20443]
01:49:40.313 [AsyncHttpClient-1-1] DEBUG org.asynchttpclient.netty.channel.DefaultChannelPool - Entry count for : http://localhost:62773 : 1
01:49:40.313 [AsyncHttpClient-1-1] DEBUG org.asynchttpclient.netty.channel.DefaultChannelPool - Entry count for : http://localhost:20443 : 1
01:49:41.413 [AsyncHttpClient-1-1] DEBUG org.asynchttpclient.netty.channel.DefaultChannelPool - Entry count for : http://localhost:62773 : 1
01:49:41.414 [AsyncHttpClient-1-1] DEBUG org.asynchttpclient.netty.channel.DefaultChannelPool - Entry count for : http://localhost:20443 : 1
screen shot class not taking
01:49:42.143 [Forwarding findElement on session 6f14e2ca72a66cb1053934781f2382cf to remote] DEBUG org.asynchttpclient.netty.request.NettyRequestSender - Using pooled Channel '[id: 0x78a4e09f, L:/127.0.0.1:62771 - R:localhost/127.0.0.1:20443]' for 'POST' to 'http://localhost:20443/session/6f14e2ca72a66cb1053934781f2382cf/element'
01:49:42.143 [Forwarding findElement on session 6f14e2ca72a66cb1053934781f2382cf to remote] DEBUG org.asynchttpclient.netty.request.NettyRequestSender - Using open Channel [id: 0x78a4e09f, L:/127.0.0.1:62771 - R:localhost/127.0.0.1:20443] for POST '/session/6f14e2ca72a66cb1053934781f2382cf/element'
01:49:42.174 [AsyncHttpClient-1-14] DEBUG org.asynchttpclient.netty.handler.HttpHandler - 

Request DefaultHttpRequest(decodeResult: success, version: HTTP/1.1)
POST /session/6f14e2ca72a66cb1053934781f2382cf/element HTTP/1.1
User-Agent: selenium/4.12.0 (java windows)
Content-Length: 178
Content-Type: application/json; charset=utf-8
host: localhost:20443
accept: */*

Response DefaultHttpResponse(decodeResult: success, version: HTTP/1.1)
HTTP/1.1 200 OK
Content-Length: 126
Content-Type: application/json; charset=utf-8
cache-control: no-cache

01:49:42.175 [AsyncHttpClient-1-14] DEBUG org.asynchttpclient.netty.channel.ChannelManager - Adding key: http://localhost:20443 for channel [id: 0x78a4e09f, L:/127.0.0.1:62771 - R:localhost/127.0.0.1:20443]
01:49:42.183 [Forwarding getElementText on session 6f14e2ca72a66cb1053934781f2382cf to remote] DEBUG org.asynchttpclient.netty.request.NettyRequestSender - Using pooled Channel '[id: 0x78a4e09f, L:/127.0.0.1:62771 - R:localhost/127.0.0.1:20443]' for 'GET' to 'http://localhost:20443/session/6f14e2ca72a66cb1053934781f2382cf/element/f.F7C2923727F8B25AA697250A5824495F.d.AB9F556D8CF8CA5C85E40FEED1761391.e.46/text'
01:49:42.183 [Forwarding getElementText on session 6f14e2ca72a66cb1053934781f2382cf to remote] DEBUG org.asynchttpclient.netty.request.NettyRequestSender - Using open Channel [id: 0x78a4e09f, L:/127.0.0.1:62771 - R:localhost/127.0.0.1:20443] for GET '/session/6f14e2ca72a66cb1053934781f2382cf/element/f.F7C2923727F8B25AA697250A5824495F.d.AB9F556D8CF8CA5C85E40FEED1761391.e.46/text'
01:49:42.224 [AsyncHttpClient-1-14] DEBUG org.asynchttpclient.netty.handler.HttpHandler - 

Request DefaultFullHttpRequest(decodeResult: success, version: HTTP/1.1, content: EmptyByteBufBE)
GET /session/6f14e2ca72a66cb1053934781f2382cf/element/f.F7C2923727F8B25AA697250A5824495F.d.AB9F556D8CF8CA5C85E40FEED1761391.e.46/text HTTP/1.1
Cache-Control: no-cache
User-Agent: selenium/4.12.0 (java windows)
Content-Type: application/json; charset=utf-8
host: localhost:20443
accept: */*

Response DefaultHttpResponse(decodeResult: success, version: HTTP/1.1)
HTTP/1.1 200 OK
Content-Length: 28
Content-Type: application/json; charset=utf-8
cache-control: no-cache

01:49:42.224 [AsyncHttpClient-1-14] DEBUG org.asynchttpclient.netty.channel.ChannelManager - Adding key: http://localhost:20443 for channel [id: 0x78a4e09f, L:/127.0.0.1:62771 - R:localhost/127.0.0.1:20443]
01:49:42.228 [Forwarding findElement on session 6f14e2ca72a66cb1053934781f2382cf to remote] DEBUG org.asynchttpclient.netty.request.NettyRequestSender - Using pooled Channel '[id: 0x78a4e09f, L:/127.0.0.1:62771 - R:localhost/127.0.0.1:20443]' for 'POST' to 'http://localhost:20443/session/6f14e2ca72a66cb1053934781f2382cf/element'
01:49:42.228 [Forwarding findElement on session 6f14e2ca72a66cb1053934781f2382cf to remote] DEBUG org.asynchttpclient.netty.request.NettyRequestSender - Using open Channel [id: 0x78a4e09f, L:/127.0.0.1:62771 - R:localhost/127.0.0.1:20443] for POST '/session/6f14e2ca72a66cb1053934781f2382cf/element'
01:49:42.240 [AsyncHttpClient-1-14] DEBUG org.asynchttpclient.netty.handler.HttpHandler - 

Request DefaultHttpRequest(decodeResult: success, version: HTTP/1.1)
POST /session/6f14e2ca72a66cb1053934781f2382cf/element HTTP/1.1
User-Agent: selenium/4.12.0 (java windows)
Content-Length: 178
Content-Type: application/json; charset=utf-8
host: localhost:20443
accept: */*

Response DefaultHttpResponse(decodeResult: success, version: HTTP/1.1)
HTTP/1.1 200 OK
Content-Length: 126
Content-Type: application/json; charset=utf-8
cache-control: no-cache

01:49:42.240 [AsyncHttpClient-1-14] DEBUG org.asynchttpclient.netty.channel.ChannelManager - Adding key: http://localhost:20443 for channel [id: 0x78a4e09f, L:/127.0.0.1:62771 - R:localhost/127.0.0.1:20443]
01:49:42.248 [Forwarding clickElement on session 6f14e2ca72a66cb1053934781f2382cf to remote] DEBUG org.asynchttpclient.netty.request.NettyRequestSender - Using pooled Channel '[id: 0x78a4e09f, L:/127.0.0.1:62771 - R:localhost/127.0.0.1:20443]' for 'POST' to 'http://localhost:20443/session/6f14e2ca72a66cb1053934781f2382cf/element/f.F7C2923727F8B25AA697250A5824495F.d.AB9F556D8CF8CA5C85E40FEED1761391.e.46/click'
01:49:42.249 [Forwarding clickElement on session 6f14e2ca72a66cb1053934781f2382cf to remote] DEBUG org.asynchttpclient.netty.request.NettyRequestSender - Using open Channel [id: 0x78a4e09f, L:/127.0.0.1:62771 - R:localhost/127.0.0.1:20443] for POST '/session/6f14e2ca72a66cb1053934781f2382cf/element/f.F7C2923727F8B25AA697250A5824495F.d.AB9F556D8CF8CA5C85E40FEED1761391.e.46/click'
01:49:42.412 [AsyncHttpClient-1-14] DEBUG org.asynchttpclient.netty.handler.HttpHandler - 

Request DefaultHttpRequest(decodeResult: success, version: HTTP/1.1)
POST /session/6f14e2ca72a66cb1053934781f2382cf/element/f.F7C2923727F8B25AA697250A5824495F.d.AB9F556D8CF8CA5C85E40FEED1761391.e.46/click HTTP/1.1
User-Agent: selenium/4.12.0 (java windows)
Content-Length: 88
Content-Type: application/json; charset=utf-8
host: localhost:20443
accept: */*

Response DefaultHttpResponse(decodeResult: success, version: HTTP/1.1)
HTTP/1.1 200 OK
Content-Length: 14
Content-Type: application/json; charset=utf-8
cache-control: no-cache

01:49:42.414 [AsyncHttpClient-1-14] DEBUG org.asynchttpclient.netty.channel.ChannelManager - Adding key: http://localhost:20443 for channel [id: 0x78a4e09f, L:/127.0.0.1:62771 - R:localhost/127.0.0.1:20443]
  When Open customer form                                                # StepDefination.Customer_onboarding.Open_customer_form()
01:49:42.512 [AsyncHttpClient-1-1] DEBUG org.asynchttpclient.netty.channel.DefaultChannelPool - Entry count for : http://localhost:62773 : 1
01:49:42.512 [AsyncHttpClient-1-1] DEBUG org.asynchttpclient.netty.channel.DefaultChannelPool - Entry count for : http://localhost:20443 : 1
01:49:43.610 [AsyncHttpClient-1-1] DEBUG org.asynchttpclient.netty.channel.DefaultChannelPool - Entry count for : http://localhost:62773 : 1
01:49:43.610 [AsyncHttpClient-1-1] DEBUG org.asynchttpclient.netty.channel.DefaultChannelPool - Entry count for : http://localhost:20443 : 1
01:49:43.932 [Forwarding findElement on session 6f14e2ca72a66cb1053934781f2382cf to remote] DEBUG org.asynchttpclient.netty.request.NettyRequestSender - Using pooled Channel '[id: 0x78a4e09f, L:/127.0.0.1:62771 - R:localhost/127.0.0.1:20443]' for 'POST' to 'http://localhost:20443/session/6f14e2ca72a66cb1053934781f2382cf/element'
01:49:43.932 [Forwarding findElement on session 6f14e2ca72a66cb1053934781f2382cf to remote] DEBUG org.asynchttpclient.netty.request.NettyRequestSender - Using open Channel [id: 0x78a4e09f, L:/127.0.0.1:62771 - R:localhost/127.0.0.1:20443] for POST '/session/6f14e2ca72a66cb1053934781f2382cf/element'
01:49:43.954 [AsyncHttpClient-1-14] DEBUG org.asynchttpclient.netty.handler.HttpHandler - 

Request DefaultHttpRequest(decodeResult: success, version: HTTP/1.1)
POST /session/6f14e2ca72a66cb1053934781f2382cf/element HTTP/1.1
User-Agent: selenium/4.12.0 (java windows)
Content-Length: 114
Content-Type: application/json; charset=utf-8
host: localhost:20443
accept: */*

Response DefaultHttpResponse(decodeResult: success, version: HTTP/1.1)
HTTP/1.1 200 OK
Content-Length: 126
Content-Type: application/json; charset=utf-8
cache-control: no-cache

01:49:43.954 [AsyncHttpClient-1-14] DEBUG org.asynchttpclient.netty.channel.ChannelManager - Adding key: http://localhost:20443 for channel [id: 0x78a4e09f, L:/127.0.0.1:62771 - R:localhost/127.0.0.1:20443]
01:49:43.954 [Forwarding sendKeysToElement on session 6f14e2ca72a66cb1053934781f2382cf to remote] DEBUG org.asynchttpclient.netty.request.NettyRequestSender - Using pooled Channel '[id: 0x78a4e09f, L:/127.0.0.1:62771 - R:localhost/127.0.0.1:20443]' for 'POST' to 'http://localhost:20443/session/6f14e2ca72a66cb1053934781f2382cf/element/f.F7C2923727F8B25AA697250A5824495F.d.AB9F556D8CF8CA5C85E40FEED1761391.e.50/value'
01:49:43.954 [Forwarding sendKeysToElement on session 6f14e2ca72a66cb1053934781f2382cf to remote] DEBUG org.asynchttpclient.netty.request.NettyRequestSender - Using open Channel [id: 0x78a4e09f, L:/127.0.0.1:62771 - R:localhost/127.0.0.1:20443] for POST '/session/6f14e2ca72a66cb1053934781f2382cf/element/f.F7C2923727F8B25AA697250A5824495F.d.AB9F556D8CF8CA5C85E40FEED1761391.e.50/value'
01:49:44.347 [AsyncHttpClient-1-14] DEBUG org.asynchttpclient.netty.handler.HttpHandler - 

Request DefaultHttpRequest(decodeResult: success, version: HTTP/1.1)
POST /session/6f14e2ca72a66cb1053934781f2382cf/element/f.F7C2923727F8B25AA697250A5824495F.d.AB9F556D8CF8CA5C85E40FEED1761391.e.50/value HTTP/1.1
User-Agent: selenium/4.12.0 (java windows)
Content-Length: 339
Content-Type: application/json; charset=utf-8
host: localhost:20443
accept: */*

Response DefaultHttpResponse(decodeResult: success, version: HTTP/1.1)
HTTP/1.1 200 OK
Content-Length: 14
Content-Type: application/json; charset=utf-8
cache-control: no-cache

01:49:44.347 [AsyncHttpClient-1-14] DEBUG org.asynchttpclient.netty.channel.ChannelManager - Adding key: http://localhost:20443 for channel [id: 0x78a4e09f, L:/127.0.0.1:62771 - R:localhost/127.0.0.1:20443]
01:49:44.347 [Forwarding findElement on session 6f14e2ca72a66cb1053934781f2382cf to remote] DEBUG org.asynchttpclient.netty.request.NettyRequestSender - Using pooled Channel '[id: 0x78a4e09f, L:/127.0.0.1:62771 - R:localhost/127.0.0.1:20443]' for 'POST' to 'http://localhost:20443/session/6f14e2ca72a66cb1053934781f2382cf/element'
01:49:44.347 [Forwarding findElement on session 6f14e2ca72a66cb1053934781f2382cf to remote] DEBUG org.asynchttpclient.netty.request.NettyRequestSender - Using open Channel [id: 0x78a4e09f, L:/127.0.0.1:62771 - R:localhost/127.0.0.1:20443] for POST '/session/6f14e2ca72a66cb1053934781f2382cf/element'
01:49:44.371 [AsyncHttpClient-1-14] DEBUG org.asynchttpclient.netty.handler.HttpHandler - 

Request DefaultHttpRequest(decodeResult: success, version: HTTP/1.1)
POST /session/6f14e2ca72a66cb1053934781f2382cf/element HTTP/1.1
User-Agent: selenium/4.12.0 (java windows)
Content-Length: 87
Content-Type: application/json; charset=utf-8
host: localhost:20443
accept: */*

Response DefaultHttpResponse(decodeResult: success, version: HTTP/1.1)
HTTP/1.1 200 OK
Content-Length: 126
Content-Type: application/json; charset=utf-8
cache-control: no-cache

01:49:44.371 [AsyncHttpClient-1-14] DEBUG org.asynchttpclient.netty.channel.ChannelManager - Adding key: http://localhost:20443 for channel [id: 0x78a4e09f, L:/127.0.0.1:62771 - R:localhost/127.0.0.1:20443]
01:49:44.379 [Forwarding sendKeysToElement on session 6f14e2ca72a66cb1053934781f2382cf to remote] DEBUG org.asynchttpclient.netty.request.NettyRequestSender - Using pooled Channel '[id: 0x78a4e09f, L:/127.0.0.1:62771 - R:localhost/127.0.0.1:20443]' for 'POST' to 'http://localhost:20443/session/6f14e2ca72a66cb1053934781f2382cf/element/f.F7C2923727F8B25AA697250A5824495F.d.AB9F556D8CF8CA5C85E40FEED1761391.e.51/value'
01:49:44.379 [Forwarding sendKeysToElement on session 6f14e2ca72a66cb1053934781f2382cf to remote] DEBUG org.asynchttpclient.netty.request.NettyRequestSender - Using open Channel [id: 0x78a4e09f, L:/127.0.0.1:62771 - R:localhost/127.0.0.1:20443] for POST '/session/6f14e2ca72a66cb1053934781f2382cf/element/f.F7C2923727F8B25AA697250A5824495F.d.AB9F556D8CF8CA5C85E40FEED1761391.e.51/value'
01:49:44.601 [AsyncHttpClient-1-14] DEBUG org.asynchttpclient.netty.handler.HttpHandler - 

Request DefaultHttpRequest(decodeResult: success, version: HTTP/1.1)
POST /session/6f14e2ca72a66cb1053934781f2382cf/element/f.F7C2923727F8B25AA697250A5824495F.d.AB9F556D8CF8CA5C85E40FEED1761391.e.51/value HTTP/1.1
User-Agent: selenium/4.12.0 (java windows)
Content-Length: 179
Content-Type: application/json; charset=utf-8
host: localhost:20443
accept: */*

Response DefaultHttpResponse(decodeResult: success, version: HTTP/1.1)
HTTP/1.1 200 OK
Content-Length: 14
Content-Type: application/json; charset=utf-8
cache-control: no-cache

01:49:44.604 [AsyncHttpClient-1-14] DEBUG org.asynchttpclient.netty.channel.ChannelManager - Adding key: http://localhost:20443 for channel [id: 0x78a4e09f, L:/127.0.0.1:62771 - R:localhost/127.0.0.1:20443]
01:49:44.604 [Forwarding findElement on session 6f14e2ca72a66cb1053934781f2382cf to remote] DEBUG org.asynchttpclient.netty.request.NettyRequestSender - Using pooled Channel '[id: 0x78a4e09f, L:/127.0.0.1:62771 - R:localhost/127.0.0.1:20443]' for 'POST' to 'http://localhost:20443/session/6f14e2ca72a66cb1053934781f2382cf/element'
01:49:44.604 [Forwarding findElement on session 6f14e2ca72a66cb1053934781f2382cf to remote] DEBUG org.asynchttpclient.netty.request.NettyRequestSender - Using open Channel [id: 0x78a4e09f, L:/127.0.0.1:62771 - R:localhost/127.0.0.1:20443] for POST '/session/6f14e2ca72a66cb1053934781f2382cf/element'
01:49:44.625 [AsyncHttpClient-1-14] DEBUG org.asynchttpclient.netty.handler.HttpHandler - 

Request DefaultHttpRequest(decodeResult: success, version: HTTP/1.1)
POST /session/6f14e2ca72a66cb1053934781f2382cf/element HTTP/1.1
User-Agent: selenium/4.12.0 (java windows)
Content-Length: 96
Content-Type: application/json; charset=utf-8
host: localhost:20443
accept: */*

Response DefaultHttpResponse(decodeResult: success, version: HTTP/1.1)
HTTP/1.1 200 OK
Content-Length: 126
Content-Type: application/json; charset=utf-8
cache-control: no-cache

01:49:44.625 [AsyncHttpClient-1-14] DEBUG org.asynchttpclient.netty.channel.ChannelManager - Adding key: http://localhost:20443 for channel [id: 0x78a4e09f, L:/127.0.0.1:62771 - R:localhost/127.0.0.1:20443]
01:49:44.625 [Forwarding sendKeysToElement on session 6f14e2ca72a66cb1053934781f2382cf to remote] DEBUG org.asynchttpclient.netty.request.NettyRequestSender - Using pooled Channel '[id: 0x78a4e09f, L:/127.0.0.1:62771 - R:localhost/127.0.0.1:20443]' for 'POST' to 'http://localhost:20443/session/6f14e2ca72a66cb1053934781f2382cf/element/f.F7C2923727F8B25AA697250A5824495F.d.AB9F556D8CF8CA5C85E40FEED1761391.e.52/value'
01:49:44.625 [Forwarding sendKeysToElement on session 6f14e2ca72a66cb1053934781f2382cf to remote] DEBUG org.asynchttpclient.netty.request.NettyRequestSender - Using open Channel [id: 0x78a4e09f, L:/127.0.0.1:62771 - R:localhost/127.0.0.1:20443] for POST '/session/6f14e2ca72a66cb1053934781f2382cf/element/f.F7C2923727F8B25AA697250A5824495F.d.AB9F556D8CF8CA5C85E40FEED1761391.e.52/value'
01:49:44.707 [AsyncHttpClient-1-1] DEBUG org.asynchttpclient.netty.channel.DefaultChannelPool - Entry count for : http://localhost:62773 : 1
01:49:44.903 [AsyncHttpClient-1-14] DEBUG org.asynchttpclient.netty.handler.HttpHandler - 

Request DefaultHttpRequest(decodeResult: success, version: HTTP/1.1)
POST /session/6f14e2ca72a66cb1053934781f2382cf/element/f.F7C2923727F8B25AA697250A5824495F.d.AB9F556D8CF8CA5C85E40FEED1761391.e.52/value HTTP/1.1
User-Agent: selenium/4.12.0 (java windows)
Content-Length: 229
Content-Type: application/json; charset=utf-8
host: localhost:20443
accept: */*

Response DefaultHttpResponse(decodeResult: success, version: HTTP/1.1)
HTTP/1.1 200 OK
Content-Length: 14
Content-Type: application/json; charset=utf-8
cache-control: no-cache

01:49:44.903 [AsyncHttpClient-1-14] DEBUG org.asynchttpclient.netty.channel.ChannelManager - Adding key: http://localhost:20443 for channel [id: 0x78a4e09f, L:/127.0.0.1:62771 - R:localhost/127.0.0.1:20443]
01:49:44.910 [Forwarding findElement on session 6f14e2ca72a66cb1053934781f2382cf to remote] DEBUG org.asynchttpclient.netty.request.NettyRequestSender - Using pooled Channel '[id: 0x78a4e09f, L:/127.0.0.1:62771 - R:localhost/127.0.0.1:20443]' for 'POST' to 'http://localhost:20443/session/6f14e2ca72a66cb1053934781f2382cf/element'
01:49:44.910 [Forwarding findElement on session 6f14e2ca72a66cb1053934781f2382cf to remote] DEBUG org.asynchttpclient.netty.request.NettyRequestSender - Using open Channel [id: 0x78a4e09f, L:/127.0.0.1:62771 - R:localhost/127.0.0.1:20443] for POST '/session/6f14e2ca72a66cb1053934781f2382cf/element'
01:49:44.928 [AsyncHttpClient-1-14] DEBUG org.asynchttpclient.netty.handler.HttpHandler - 

Request DefaultHttpRequest(decodeResult: success, version: HTTP/1.1)
POST /session/6f14e2ca72a66cb1053934781f2382cf/element HTTP/1.1
User-Agent: selenium/4.12.0 (java windows)
Content-Length: 84
Content-Type: application/json; charset=utf-8
host: localhost:20443
accept: */*

Response DefaultHttpResponse(decodeResult: success, version: HTTP/1.1)
HTTP/1.1 200 OK
Content-Length: 126
Content-Type: application/json; charset=utf-8
cache-control: no-cache

01:49:44.928 [AsyncHttpClient-1-14] DEBUG org.asynchttpclient.netty.channel.ChannelManager - Adding key: http://localhost:20443 for channel [id: 0x78a4e09f, L:/127.0.0.1:62771 - R:localhost/127.0.0.1:20443]
01:49:44.928 [Forwarding sendKeysToElement on session 6f14e2ca72a66cb1053934781f2382cf to remote] DEBUG org.asynchttpclient.netty.request.NettyRequestSender - Using pooled Channel '[id: 0x78a4e09f, L:/127.0.0.1:62771 - R:localhost/127.0.0.1:20443]' for 'POST' to 'http://localhost:20443/session/6f14e2ca72a66cb1053934781f2382cf/element/f.F7C2923727F8B25AA697250A5824495F.d.AB9F556D8CF8CA5C85E40FEED1761391.e.53/value'
01:49:44.928 [Forwarding sendKeysToElement on session 6f14e2ca72a66cb1053934781f2382cf to remote] DEBUG org.asynchttpclient.netty.request.NettyRequestSender - Using open Channel [id: 0x78a4e09f, L:/127.0.0.1:62771 - R:localhost/127.0.0.1:20443] for POST '/session/6f14e2ca72a66cb1053934781f2382cf/element/f.F7C2923727F8B25AA697250A5824495F.d.AB9F556D8CF8CA5C85E40FEED1761391.e.53/value'
01:49:45.213 [AsyncHttpClient-1-14] DEBUG org.asynchttpclient.netty.handler.HttpHandler - 

Request DefaultHttpRequest(decodeResult: success, version: HTTP/1.1)
POST /session/6f14e2ca72a66cb1053934781f2382cf/element/f.F7C2923727F8B25AA697250A5824495F.d.AB9F556D8CF8CA5C85E40FEED1761391.e.53/value HTTP/1.1
User-Agent: selenium/4.12.0 (java windows)
Content-Length: 249
Content-Type: application/json; charset=utf-8
host: localhost:20443
accept: */*

Response DefaultHttpResponse(decodeResult: success, version: HTTP/1.1)
HTTP/1.1 200 OK
Content-Length: 14
Content-Type: application/json; charset=utf-8
cache-control: no-cache

01:49:45.213 [AsyncHttpClient-1-14] DEBUG org.asynchttpclient.netty.channel.ChannelManager - Adding key: http://localhost:20443 for channel [id: 0x78a4e09f, L:/127.0.0.1:62771 - R:localhost/127.0.0.1:20443]
01:49:45.811 [AsyncHttpClient-1-1] DEBUG org.asynchttpclient.netty.channel.DefaultChannelPool - Entry count for : http://localhost:62773 : 1
01:49:45.811 [AsyncHttpClient-1-1] DEBUG org.asynchttpclient.netty.channel.DefaultChannelPool - Entry count for : http://localhost:20443 : 1
screen shot class not taking
  And Provide the company DetailsRandom 447788 Sara_Sharma www.royal.com # StepDefination.Customer_onboarding.Provide_the_customer_Details(java.lang.String,java.lang.String,java.lang.String,java.lang.String)
01:49:46.910 [AsyncHttpClient-1-1] DEBUG org.asynchttpclient.netty.channel.DefaultChannelPool - Entry count for : http://localhost:62773 : 1
01:49:46.910 [AsyncHttpClient-1-1] DEBUG org.asynchttpclient.netty.channel.DefaultChannelPool - Entry count for : http://localhost:20443 : 1
01:49:47.232 [Forwarding findElement on session 6f14e2ca72a66cb1053934781f2382cf to remote] DEBUG org.asynchttpclient.netty.request.NettyRequestSender - Using pooled Channel '[id: 0x78a4e09f, L:/127.0.0.1:62771 - R:localhost/127.0.0.1:20443]' for 'POST' to 'http://localhost:20443/session/6f14e2ca72a66cb1053934781f2382cf/element'
01:49:47.232 [Forwarding findElement on session 6f14e2ca72a66cb1053934781f2382cf to remote] DEBUG org.asynchttpclient.netty.request.NettyRequestSender - Using open Channel [id: 0x78a4e09f, L:/127.0.0.1:62771 - R:localhost/127.0.0.1:20443] for POST '/session/6f14e2ca72a66cb1053934781f2382cf/element'
01:49:47.248 [AsyncHttpClient-1-14] DEBUG org.asynchttpclient.netty.handler.HttpHandler - 

Request DefaultHttpRequest(decodeResult: success, version: HTTP/1.1)
POST /session/6f14e2ca72a66cb1053934781f2382cf/element HTTP/1.1
User-Agent: selenium/4.12.0 (java windows)
Content-Length: 82
Content-Type: application/json; charset=utf-8
host: localhost:20443
accept: */*

Response DefaultHttpResponse(decodeResult: success, version: HTTP/1.1)
HTTP/1.1 200 OK
Content-Length: 126
Content-Type: application/json; charset=utf-8
cache-control: no-cache

01:49:47.248 [AsyncHttpClient-1-14] DEBUG org.asynchttpclient.netty.channel.ChannelManager - Adding key: http://localhost:20443 for channel [id: 0x78a4e09f, L:/127.0.0.1:62771 - R:localhost/127.0.0.1:20443]
01:49:47.256 [Forwarding sendKeysToElement on session 6f14e2ca72a66cb1053934781f2382cf to remote] DEBUG org.asynchttpclient.netty.request.NettyRequestSender - Using pooled Channel '[id: 0x78a4e09f, L:/127.0.0.1:62771 - R:localhost/127.0.0.1:20443]' for 'POST' to 'http://localhost:20443/session/6f14e2ca72a66cb1053934781f2382cf/element/f.F7C2923727F8B25AA697250A5824495F.d.AB9F556D8CF8CA5C85E40FEED1761391.e.54/value'
01:49:47.256 [Forwarding sendKeysToElement on session 6f14e2ca72a66cb1053934781f2382cf to remote] DEBUG org.asynchttpclient.netty.request.NettyRequestSender - Using open Channel [id: 0x78a4e09f, L:/127.0.0.1:62771 - R:localhost/127.0.0.1:20443] for POST '/session/6f14e2ca72a66cb1053934781f2382cf/element/f.F7C2923727F8B25AA697250A5824495F.d.AB9F556D8CF8CA5C85E40FEED1761391.e.54/value'
01:49:47.470 [AsyncHttpClient-1-14] DEBUG org.asynchttpclient.netty.handler.HttpHandler - 

Request DefaultHttpRequest(decodeResult: success, version: HTTP/1.1)
POST /session/6f14e2ca72a66cb1053934781f2382cf/element/f.F7C2923727F8B25AA697250A5824495F.d.AB9F556D8CF8CA5C85E40FEED1761391.e.54/value HTTP/1.1
User-Agent: selenium/4.12.0 (java windows)
Content-Length: 259
Content-Type: application/json; charset=utf-8
host: localhost:20443
accept: */*

Response DefaultHttpResponse(decodeResult: success, version: HTTP/1.1)
HTTP/1.1 200 OK
Content-Length: 14
Content-Type: application/json; charset=utf-8
cache-control: no-cache

01:49:47.470 [AsyncHttpClient-1-14] DEBUG org.asynchttpclient.netty.channel.ChannelManager - Adding key: http://localhost:20443 for channel [id: 0x78a4e09f, L:/127.0.0.1:62771 - R:localhost/127.0.0.1:20443]
01:49:47.470 [Forwarding findElement on session 6f14e2ca72a66cb1053934781f2382cf to remote] DEBUG org.asynchttpclient.netty.request.NettyRequestSender - Using pooled Channel '[id: 0x78a4e09f, L:/127.0.0.1:62771 - R:localhost/127.0.0.1:20443]' for 'POST' to 'http://localhost:20443/session/6f14e2ca72a66cb1053934781f2382cf/element'
01:49:47.470 [Forwarding findElement on session 6f14e2ca72a66cb1053934781f2382cf to remote] DEBUG org.asynchttpclient.netty.request.NettyRequestSender - Using open Channel [id: 0x78a4e09f, L:/127.0.0.1:62771 - R:localhost/127.0.0.1:20443] for POST '/session/6f14e2ca72a66cb1053934781f2382cf/element'
01:49:47.494 [AsyncHttpClient-1-14] DEBUG org.asynchttpclient.netty.handler.HttpHandler - 

Request DefaultHttpRequest(decodeResult: success, version: HTTP/1.1)
POST /session/6f14e2ca72a66cb1053934781f2382cf/element HTTP/1.1
User-Agent: selenium/4.12.0 (java windows)
Content-Length: 89
Content-Type: application/json; charset=utf-8
host: localhost:20443
accept: */*

Response DefaultHttpResponse(decodeResult: success, version: HTTP/1.1)
HTTP/1.1 200 OK
Content-Length: 126
Content-Type: application/json; charset=utf-8
cache-control: no-cache

01:49:47.494 [AsyncHttpClient-1-14] DEBUG org.asynchttpclient.netty.channel.ChannelManager - Adding key: http://localhost:20443 for channel [id: 0x78a4e09f, L:/127.0.0.1:62771 - R:localhost/127.0.0.1:20443]
01:49:47.494 [Forwarding sendKeysToElement on session 6f14e2ca72a66cb1053934781f2382cf to remote] DEBUG org.asynchttpclient.netty.request.NettyRequestSender - Using pooled Channel '[id: 0x78a4e09f, L:/127.0.0.1:62771 - R:localhost/127.0.0.1:20443]' for 'POST' to 'http://localhost:20443/session/6f14e2ca72a66cb1053934781f2382cf/element/f.F7C2923727F8B25AA697250A5824495F.d.AB9F556D8CF8CA5C85E40FEED1761391.e.56/value'
01:49:47.494 [Forwarding sendKeysToElement on session 6f14e2ca72a66cb1053934781f2382cf to remote] DEBUG org.asynchttpclient.netty.request.NettyRequestSender - Using open Channel [id: 0x78a4e09f, L:/127.0.0.1:62771 - R:localhost/127.0.0.1:20443] for POST '/session/6f14e2ca72a66cb1053934781f2382cf/element/f.F7C2923727F8B25AA697250A5824495F.d.AB9F556D8CF8CA5C85E40FEED1761391.e.56/value'
01:49:47.705 [AsyncHttpClient-1-14] DEBUG org.asynchttpclient.netty.handler.HttpHandler - 

Request DefaultHttpRequest(decodeResult: success, version: HTTP/1.1)
POST /session/6f14e2ca72a66cb1053934781f2382cf/element/f.F7C2923727F8B25AA697250A5824495F.d.AB9F556D8CF8CA5C85E40FEED1761391.e.56/value HTTP/1.1
User-Agent: selenium/4.12.0 (java windows)
Content-Length: 219
Content-Type: application/json; charset=utf-8
host: localhost:20443
accept: */*

Response DefaultHttpResponse(decodeResult: success, version: HTTP/1.1)
HTTP/1.1 200 OK
Content-Length: 14
Content-Type: application/json; charset=utf-8
cache-control: no-cache

01:49:47.705 [AsyncHttpClient-1-14] DEBUG org.asynchttpclient.netty.channel.ChannelManager - Adding key: http://localhost:20443 for channel [id: 0x78a4e09f, L:/127.0.0.1:62771 - R:localhost/127.0.0.1:20443]
screen shot class not taking
  And Provide the contact Details9865768576 royal@mail.com               # StepDefination.Customer_onboarding.Provide_the_contact_Details(java.lang.String,java.lang.String)
01:49:48.011 [AsyncHttpClient-1-1] DEBUG org.asynchttpclient.netty.channel.DefaultChannelPool - Entry count for : http://localhost:62773 : 1
01:49:48.011 [AsyncHttpClient-1-1] DEBUG org.asynchttpclient.netty.channel.DefaultChannelPool - Entry count for : http://localhost:20443 : 1
01:49:48.775 [Forwarding findElement on session 6f14e2ca72a66cb1053934781f2382cf to remote] DEBUG org.asynchttpclient.netty.request.NettyRequestSender - Using pooled Channel '[id: 0x78a4e09f, L:/127.0.0.1:62771 - R:localhost/127.0.0.1:20443]' for 'POST' to 'http://localhost:20443/session/6f14e2ca72a66cb1053934781f2382cf/element'
01:49:48.775 [Forwarding findElement on session 6f14e2ca72a66cb1053934781f2382cf to remote] DEBUG org.asynchttpclient.netty.request.NettyRequestSender - Using open Channel [id: 0x78a4e09f, L:/127.0.0.1:62771 - R:localhost/127.0.0.1:20443] for POST '/session/6f14e2ca72a66cb1053934781f2382cf/element'
01:49:48.806 [AsyncHttpClient-1-14] DEBUG org.asynchttpclient.netty.handler.HttpHandler - 

Request DefaultHttpRequest(decodeResult: success, version: HTTP/1.1)
POST /session/6f14e2ca72a66cb1053934781f2382cf/element HTTP/1.1
User-Agent: selenium/4.12.0 (java windows)
Content-Length: 94
Content-Type: application/json; charset=utf-8
host: localhost:20443
accept: */*

Response DefaultHttpResponse(decodeResult: success, version: HTTP/1.1)
HTTP/1.1 200 OK
Content-Length: 126
Content-Type: application/json; charset=utf-8
cache-control: no-cache

01:49:48.806 [AsyncHttpClient-1-14] DEBUG org.asynchttpclient.netty.channel.ChannelManager - Adding key: http://localhost:20443 for channel [id: 0x78a4e09f, L:/127.0.0.1:62771 - R:localhost/127.0.0.1:20443]
01:49:48.806 [Forwarding sendKeysToElement on session 6f14e2ca72a66cb1053934781f2382cf to remote] DEBUG org.asynchttpclient.netty.request.NettyRequestSender - Using pooled Channel '[id: 0x78a4e09f, L:/127.0.0.1:62771 - R:localhost/127.0.0.1:20443]' for 'POST' to 'http://localhost:20443/session/6f14e2ca72a66cb1053934781f2382cf/element/f.F7C2923727F8B25AA697250A5824495F.d.AB9F556D8CF8CA5C85E40FEED1761391.e.55/value'
01:49:48.806 [Forwarding sendKeysToElement on session 6f14e2ca72a66cb1053934781f2382cf to remote] DEBUG org.asynchttpclient.netty.request.NettyRequestSender - Using open Channel [id: 0x78a4e09f, L:/127.0.0.1:62771 - R:localhost/127.0.0.1:20443] for POST '/session/6f14e2ca72a66cb1053934781f2382cf/element/f.F7C2923727F8B25AA697250A5824495F.d.AB9F556D8CF8CA5C85E40FEED1761391.e.55/value'
01:49:48.997 [AsyncHttpClient-1-14] DEBUG org.asynchttpclient.netty.handler.HttpHandler - 

Request DefaultHttpRequest(decodeResult: success, version: HTTP/1.1)
POST /session/6f14e2ca72a66cb1053934781f2382cf/element/f.F7C2923727F8B25AA697250A5824495F.d.AB9F556D8CF8CA5C85E40FEED1761391.e.55/value HTTP/1.1
User-Agent: selenium/4.12.0 (java windows)
Content-Length: 239
Content-Type: application/json; charset=utf-8
host: localhost:20443
accept: */*

Response DefaultHttpResponse(decodeResult: success, version: HTTP/1.1)
HTTP/1.1 200 OK
Content-Length: 14
Content-Type: application/json; charset=utf-8
cache-control: no-cache

01:49:48.997 [AsyncHttpClient-1-14] DEBUG org.asynchttpclient.netty.channel.ChannelManager - Adding key: http://localhost:20443 for channel [id: 0x78a4e09f, L:/127.0.0.1:62771 - R:localhost/127.0.0.1:20443]
01:49:48.997 [Forwarding findElement on session 6f14e2ca72a66cb1053934781f2382cf to remote] DEBUG org.asynchttpclient.netty.request.NettyRequestSender - Using pooled Channel '[id: 0x78a4e09f, L:/127.0.0.1:62771 - R:localhost/127.0.0.1:20443]' for 'POST' to 'http://localhost:20443/session/6f14e2ca72a66cb1053934781f2382cf/element'
01:49:48.997 [Forwarding findElement on session 6f14e2ca72a66cb1053934781f2382cf to remote] DEBUG org.asynchttpclient.netty.request.NettyRequestSender - Using open Channel [id: 0x78a4e09f, L:/127.0.0.1:62771 - R:localhost/127.0.0.1:20443] for POST '/session/6f14e2ca72a66cb1053934781f2382cf/element'
01:49:49.013 [AsyncHttpClient-1-14] DEBUG org.asynchttpclient.netty.handler.HttpHandler - 

Request DefaultHttpRequest(decodeResult: success, version: HTTP/1.1)
POST /session/6f14e2ca72a66cb1053934781f2382cf/element HTTP/1.1
User-Agent: selenium/4.12.0 (java windows)
Content-Length: 101
Content-Type: application/json; charset=utf-8
host: localhost:20443
accept: */*

Response DefaultHttpResponse(decodeResult: success, version: HTTP/1.1)
HTTP/1.1 200 OK
Content-Length: 126
Content-Type: application/json; charset=utf-8
cache-control: no-cache

01:49:49.013 [AsyncHttpClient-1-14] DEBUG org.asynchttpclient.netty.channel.ChannelManager - Adding key: http://localhost:20443 for channel [id: 0x78a4e09f, L:/127.0.0.1:62771 - R:localhost/127.0.0.1:20443]
01:49:49.013 [Forwarding sendKeysToElement on session 6f14e2ca72a66cb1053934781f2382cf to remote] DEBUG org.asynchttpclient.netty.request.NettyRequestSender - Using pooled Channel '[id: 0x78a4e09f, L:/127.0.0.1:62771 - R:localhost/127.0.0.1:20443]' for 'POST' to 'http://localhost:20443/session/6f14e2ca72a66cb1053934781f2382cf/element/f.F7C2923727F8B25AA697250A5824495F.d.AB9F556D8CF8CA5C85E40FEED1761391.e.57/value'
01:49:49.013 [Forwarding sendKeysToElement on session 6f14e2ca72a66cb1053934781f2382cf to remote] DEBUG org.asynchttpclient.netty.request.NettyRequestSender - Using open Channel [id: 0x78a4e09f, L:/127.0.0.1:62771 - R:localhost/127.0.0.1:20443] for POST '/session/6f14e2ca72a66cb1053934781f2382cf/element/f.F7C2923727F8B25AA697250A5824495F.d.AB9F556D8CF8CA5C85E40FEED1761391.e.57/value'
01:49:49.121 [AsyncHttpClient-1-1] DEBUG org.asynchttpclient.netty.channel.DefaultChannelPool - Entry count for : http://localhost:62773 : 1
01:49:49.172 [AsyncHttpClient-1-14] DEBUG org.asynchttpclient.netty.handler.HttpHandler - 

Request DefaultHttpRequest(decodeResult: success, version: HTTP/1.1)
POST /session/6f14e2ca72a66cb1053934781f2382cf/element/f.F7C2923727F8B25AA697250A5824495F.d.AB9F556D8CF8CA5C85E40FEED1761391.e.57/value HTTP/1.1
User-Agent: selenium/4.12.0 (java windows)
Content-Length: 209
Content-Type: application/json; charset=utf-8
host: localhost:20443
accept: */*

Response DefaultHttpResponse(decodeResult: success, version: HTTP/1.1)
HTTP/1.1 200 OK
Content-Length: 14
Content-Type: application/json; charset=utf-8
cache-control: no-cache

01:49:49.172 [AsyncHttpClient-1-14] DEBUG org.asynchttpclient.netty.channel.ChannelManager - Adding key: http://localhost:20443 for channel [id: 0x78a4e09f, L:/127.0.0.1:62771 - R:localhost/127.0.0.1:20443]
screen shot class not taking
  And Provide the alternate Details859889569 alt@mail.com                # StepDefination.Customer_onboarding.Provide_the_alternate_Details(java.lang.String,java.lang.String)
01:49:50.198 [Forwarding findElement on session 6f14e2ca72a66cb1053934781f2382cf to remote] DEBUG org.asynchttpclient.netty.request.NettyRequestSender - Using pooled Channel '[id: 0x78a4e09f, L:/127.0.0.1:62771 - R:localhost/127.0.0.1:20443]' for 'POST' to 'http://localhost:20443/session/6f14e2ca72a66cb1053934781f2382cf/element'
01:49:50.198 [Forwarding findElement on session 6f14e2ca72a66cb1053934781f2382cf to remote] DEBUG org.asynchttpclient.netty.request.NettyRequestSender - Using open Channel [id: 0x78a4e09f, L:/127.0.0.1:62771 - R:localhost/127.0.0.1:20443] for POST '/session/6f14e2ca72a66cb1053934781f2382cf/element'
01:49:50.215 [AsyncHttpClient-1-1] DEBUG org.asynchttpclient.netty.channel.DefaultChannelPool - Entry count for : http://localhost:62773 : 1
01:49:50.215 [AsyncHttpClient-1-14] DEBUG org.asynchttpclient.netty.handler.HttpHandler - 

Request DefaultHttpRequest(decodeResult: success, version: HTTP/1.1)
POST /session/6f14e2ca72a66cb1053934781f2382cf/element HTTP/1.1
User-Agent: selenium/4.12.0 (java windows)
Content-Length: 88
Content-Type: application/json; charset=utf-8
host: localhost:20443
accept: */*

Response DefaultHttpResponse(decodeResult: success, version: HTTP/1.1)
HTTP/1.1 200 OK
Content-Length: 126
Content-Type: application/json; charset=utf-8
cache-control: no-cache

01:49:50.215 [AsyncHttpClient-1-14] DEBUG org.asynchttpclient.netty.channel.ChannelManager - Adding key: http://localhost:20443 for channel [id: 0x78a4e09f, L:/127.0.0.1:62771 - R:localhost/127.0.0.1:20443]
01:49:50.224 [Forwarding sendKeysToElement on session 6f14e2ca72a66cb1053934781f2382cf to remote] DEBUG org.asynchttpclient.netty.request.NettyRequestSender - Using pooled Channel '[id: 0x78a4e09f, L:/127.0.0.1:62771 - R:localhost/127.0.0.1:20443]' for 'POST' to 'http://localhost:20443/session/6f14e2ca72a66cb1053934781f2382cf/element/f.F7C2923727F8B25AA697250A5824495F.d.AB9F556D8CF8CA5C85E40FEED1761391.e.59/value'
01:49:50.224 [Forwarding sendKeysToElement on session 6f14e2ca72a66cb1053934781f2382cf to remote] DEBUG org.asynchttpclient.netty.request.NettyRequestSender - Using open Channel [id: 0x78a4e09f, L:/127.0.0.1:62771 - R:localhost/127.0.0.1:20443] for POST '/session/6f14e2ca72a66cb1053934781f2382cf/element/f.F7C2923727F8B25AA697250A5824495F.d.AB9F556D8CF8CA5C85E40FEED1761391.e.59/value'
01:49:50.481 [AsyncHttpClient-1-14] DEBUG org.asynchttpclient.netty.handler.HttpHandler - 

Request DefaultHttpRequest(decodeResult: success, version: HTTP/1.1)
POST /session/6f14e2ca72a66cb1053934781f2382cf/element/f.F7C2923727F8B25AA697250A5824495F.d.AB9F556D8CF8CA5C85E40FEED1761391.e.59/value HTTP/1.1
User-Agent: selenium/4.12.0 (java windows)
Content-Length: 259
Content-Type: application/json; charset=utf-8
host: localhost:20443
accept: */*

Response DefaultHttpResponse(decodeResult: success, version: HTTP/1.1)
HTTP/1.1 200 OK
Content-Length: 14
Content-Type: application/json; charset=utf-8
cache-control: no-cache

01:49:50.481 [AsyncHttpClient-1-14] DEBUG org.asynchttpclient.netty.channel.ChannelManager - Adding key: http://localhost:20443 for channel [id: 0x78a4e09f, L:/127.0.0.1:62771 - R:localhost/127.0.0.1:20443]
01:49:50.482 [Forwarding findElement on session 6f14e2ca72a66cb1053934781f2382cf to remote] DEBUG org.asynchttpclient.netty.request.NettyRequestSender - Using pooled Channel '[id: 0x78a4e09f, L:/127.0.0.1:62771 - R:localhost/127.0.0.1:20443]' for 'POST' to 'http://localhost:20443/session/6f14e2ca72a66cb1053934781f2382cf/element'
01:49:50.482 [Forwarding findElement on session 6f14e2ca72a66cb1053934781f2382cf to remote] DEBUG org.asynchttpclient.netty.request.NettyRequestSender - Using open Channel [id: 0x78a4e09f, L:/127.0.0.1:62771 - R:localhost/127.0.0.1:20443] for POST '/session/6f14e2ca72a66cb1053934781f2382cf/element'
01:49:50.509 [AsyncHttpClient-1-14] DEBUG org.asynchttpclient.netty.handler.HttpHandler - 

Request DefaultHttpRequest(decodeResult: success, version: HTTP/1.1)
POST /session/6f14e2ca72a66cb1053934781f2382cf/element HTTP/1.1
User-Agent: selenium/4.12.0 (java windows)
Content-Length: 75
Content-Type: application/json; charset=utf-8
host: localhost:20443
accept: */*

Response DefaultHttpResponse(decodeResult: success, version: HTTP/1.1)
HTTP/1.1 200 OK
Content-Length: 126
Content-Type: application/json; charset=utf-8
cache-control: no-cache

01:49:50.510 [AsyncHttpClient-1-14] DEBUG org.asynchttpclient.netty.channel.ChannelManager - Adding key: http://localhost:20443 for channel [id: 0x78a4e09f, L:/127.0.0.1:62771 - R:localhost/127.0.0.1:20443]
01:49:50.512 [Forwarding sendKeysToElement on session 6f14e2ca72a66cb1053934781f2382cf to remote] DEBUG org.asynchttpclient.netty.request.NettyRequestSender - Using pooled Channel '[id: 0x78a4e09f, L:/127.0.0.1:62771 - R:localhost/127.0.0.1:20443]' for 'POST' to 'http://localhost:20443/session/6f14e2ca72a66cb1053934781f2382cf/element/f.F7C2923727F8B25AA697250A5824495F.d.AB9F556D8CF8CA5C85E40FEED1761391.e.60/value'
01:49:50.512 [Forwarding sendKeysToElement on session 6f14e2ca72a66cb1053934781f2382cf to remote] DEBUG org.asynchttpclient.netty.request.NettyRequestSender - Using open Channel [id: 0x78a4e09f, L:/127.0.0.1:62771 - R:localhost/127.0.0.1:20443] for POST '/session/6f14e2ca72a66cb1053934781f2382cf/element/f.F7C2923727F8B25AA697250A5824495F.d.AB9F556D8CF8CA5C85E40FEED1761391.e.60/value'
01:49:50.603 [AsyncHttpClient-1-14] DEBUG org.asynchttpclient.netty.handler.HttpHandler - 

Request DefaultHttpRequest(decodeResult: success, version: HTTP/1.1)
POST /session/6f14e2ca72a66cb1053934781f2382cf/element/f.F7C2923727F8B25AA697250A5824495F.d.AB9F556D8CF8CA5C85E40FEED1761391.e.60/value HTTP/1.1
User-Agent: selenium/4.12.0 (java windows)
Content-Length: 139
Content-Type: application/json; charset=utf-8
host: localhost:20443
accept: */*

Response DefaultHttpResponse(decodeResult: success, version: HTTP/1.1)
HTTP/1.1 200 OK
Content-Length: 14
Content-Type: application/json; charset=utf-8
cache-control: no-cache

01:49:50.603 [AsyncHttpClient-1-14] DEBUG org.asynchttpclient.netty.channel.ChannelManager - Adding key: http://localhost:20443 for channel [id: 0x78a4e09f, L:/127.0.0.1:62771 - R:localhost/127.0.0.1:20443]
01:49:50.603 [Forwarding findElement on session 6f14e2ca72a66cb1053934781f2382cf to remote] DEBUG org.asynchttpclient.netty.request.NettyRequestSender - Using pooled Channel '[id: 0x78a4e09f, L:/127.0.0.1:62771 - R:localhost/127.0.0.1:20443]' for 'POST' to 'http://localhost:20443/session/6f14e2ca72a66cb1053934781f2382cf/element'
01:49:50.603 [Forwarding findElement on session 6f14e2ca72a66cb1053934781f2382cf to remote] DEBUG org.asynchttpclient.netty.request.NettyRequestSender - Using open Channel [id: 0x78a4e09f, L:/127.0.0.1:62771 - R:localhost/127.0.0.1:20443] for POST '/session/6f14e2ca72a66cb1053934781f2382cf/element'
01:49:50.619 [AsyncHttpClient-1-14] DEBUG org.asynchttpclient.netty.handler.HttpHandler - 

Request DefaultHttpRequest(decodeResult: success, version: HTTP/1.1)
POST /session/6f14e2ca72a66cb1053934781f2382cf/element HTTP/1.1
User-Agent: selenium/4.12.0 (java windows)
Content-Length: 90
Content-Type: application/json; charset=utf-8
host: localhost:20443
accept: */*

Response DefaultHttpResponse(decodeResult: success, version: HTTP/1.1)
HTTP/1.1 200 OK
Content-Length: 126
Content-Type: application/json; charset=utf-8
cache-control: no-cache

01:49:50.619 [AsyncHttpClient-1-14] DEBUG org.asynchttpclient.netty.channel.ChannelManager - Adding key: http://localhost:20443 for channel [id: 0x78a4e09f, L:/127.0.0.1:62771 - R:localhost/127.0.0.1:20443]
01:49:50.619 [Forwarding sendKeysToElement on session 6f14e2ca72a66cb1053934781f2382cf to remote] DEBUG org.asynchttpclient.netty.request.NettyRequestSender - Using pooled Channel '[id: 0x78a4e09f, L:/127.0.0.1:62771 - R:localhost/127.0.0.1:20443]' for 'POST' to 'http://localhost:20443/session/6f14e2ca72a66cb1053934781f2382cf/element/f.F7C2923727F8B25AA697250A5824495F.d.AB9F556D8CF8CA5C85E40FEED1761391.e.61/value'
01:49:50.619 [Forwarding sendKeysToElement on session 6f14e2ca72a66cb1053934781f2382cf to remote] DEBUG org.asynchttpclient.netty.request.NettyRequestSender - Using open Channel [id: 0x78a4e09f, L:/127.0.0.1:62771 - R:localhost/127.0.0.1:20443] for POST '/session/6f14e2ca72a66cb1053934781f2382cf/element/f.F7C2923727F8B25AA697250A5824495F.d.AB9F556D8CF8CA5C85E40FEED1761391.e.61/value'
01:49:50.710 [AsyncHttpClient-1-14] DEBUG org.asynchttpclient.netty.handler.HttpHandler - 

Request DefaultHttpRequest(decodeResult: success, version: HTTP/1.1)
POST /session/6f14e2ca72a66cb1053934781f2382cf/element/f.F7C2923727F8B25AA697250A5824495F.d.AB9F556D8CF8CA5C85E40FEED1761391.e.61/value HTTP/1.1
User-Agent: selenium/4.12.0 (java windows)
Content-Length: 139
Content-Type: application/json; charset=utf-8
host: localhost:20443
accept: */*

Response DefaultHttpResponse(decodeResult: success, version: HTTP/1.1)
HTTP/1.1 200 OK
Content-Length: 14
Content-Type: application/json; charset=utf-8
cache-control: no-cache

01:49:50.710 [AsyncHttpClient-1-14] DEBUG org.asynchttpclient.netty.channel.ChannelManager - Adding key: http://localhost:20443 for channel [id: 0x78a4e09f, L:/127.0.0.1:62771 - R:localhost/127.0.0.1:20443]
01:49:50.719 [Forwarding findElement on session 6f14e2ca72a66cb1053934781f2382cf to remote] DEBUG org.asynchttpclient.netty.request.NettyRequestSender - Using pooled Channel '[id: 0x78a4e09f, L:/127.0.0.1:62771 - R:localhost/127.0.0.1:20443]' for 'POST' to 'http://localhost:20443/session/6f14e2ca72a66cb1053934781f2382cf/element'
01:49:50.719 [Forwarding findElement on session 6f14e2ca72a66cb1053934781f2382cf to remote] DEBUG org.asynchttpclient.netty.request.NettyRequestSender - Using open Channel [id: 0x78a4e09f, L:/127.0.0.1:62771 - R:localhost/127.0.0.1:20443] for POST '/session/6f14e2ca72a66cb1053934781f2382cf/element'
01:49:50.726 [AsyncHttpClient-1-14] DEBUG org.asynchttpclient.netty.handler.HttpHandler - 

Request DefaultHttpRequest(decodeResult: success, version: HTTP/1.1)
POST /session/6f14e2ca72a66cb1053934781f2382cf/element HTTP/1.1
User-Agent: selenium/4.12.0 (java windows)
Content-Length: 96
Content-Type: application/json; charset=utf-8
host: localhost:20443
accept: */*

Response DefaultHttpResponse(decodeResult: success, version: HTTP/1.1)
HTTP/1.1 200 OK
Content-Length: 126
Content-Type: application/json; charset=utf-8
cache-control: no-cache

01:49:50.726 [AsyncHttpClient-1-14] DEBUG org.asynchttpclient.netty.channel.ChannelManager - Adding key: http://localhost:20443 for channel [id: 0x78a4e09f, L:/127.0.0.1:62771 - R:localhost/127.0.0.1:20443]
01:49:50.734 [Forwarding sendKeysToElement on session 6f14e2ca72a66cb1053934781f2382cf to remote] DEBUG org.asynchttpclient.netty.request.NettyRequestSender - Using pooled Channel '[id: 0x78a4e09f, L:/127.0.0.1:62771 - R:localhost/127.0.0.1:20443]' for 'POST' to 'http://localhost:20443/session/6f14e2ca72a66cb1053934781f2382cf/element/f.F7C2923727F8B25AA697250A5824495F.d.AB9F556D8CF8CA5C85E40FEED1761391.e.62/value'
01:49:50.734 [Forwarding sendKeysToElement on session 6f14e2ca72a66cb1053934781f2382cf to remote] DEBUG org.asynchttpclient.netty.request.NettyRequestSender - Using open Channel [id: 0x78a4e09f, L:/127.0.0.1:62771 - R:localhost/127.0.0.1:20443] for POST '/session/6f14e2ca72a66cb1053934781f2382cf/element/f.F7C2923727F8B25AA697250A5824495F.d.AB9F556D8CF8CA5C85E40FEED1761391.e.62/value'
01:49:50.859 [AsyncHttpClient-1-14] DEBUG org.asynchttpclient.netty.handler.HttpHandler - 

Request DefaultHttpRequest(decodeResult: success, version: HTTP/1.1)
POST /session/6f14e2ca72a66cb1053934781f2382cf/element/f.F7C2923727F8B25AA697250A5824495F.d.AB9F556D8CF8CA5C85E40FEED1761391.e.62/value HTTP/1.1
User-Agent: selenium/4.12.0 (java windows)
Content-Length: 179
Content-Type: application/json; charset=utf-8
host: localhost:20443
accept: */*

Response DefaultHttpResponse(decodeResult: success, version: HTTP/1.1)
HTTP/1.1 200 OK
Content-Length: 14
Content-Type: application/json; charset=utf-8
cache-control: no-cache

01:49:50.859 [AsyncHttpClient-1-14] DEBUG org.asynchttpclient.netty.channel.ChannelManager - Adding key: http://localhost:20443 for channel [id: 0x78a4e09f, L:/127.0.0.1:62771 - R:localhost/127.0.0.1:20443]
01:49:50.859 [Forwarding findElement on session 6f14e2ca72a66cb1053934781f2382cf to remote] DEBUG org.asynchttpclient.netty.request.NettyRequestSender - Using pooled Channel '[id: 0x78a4e09f, L:/127.0.0.1:62771 - R:localhost/127.0.0.1:20443]' for 'POST' to 'http://localhost:20443/session/6f14e2ca72a66cb1053934781f2382cf/element'
01:49:50.859 [Forwarding findElement on session 6f14e2ca72a66cb1053934781f2382cf to remote] DEBUG org.asynchttpclient.netty.request.NettyRequestSender - Using open Channel [id: 0x78a4e09f, L:/127.0.0.1:62771 - R:localhost/127.0.0.1:20443] for POST '/session/6f14e2ca72a66cb1053934781f2382cf/element'
01:49:50.875 [AsyncHttpClient-1-14] DEBUG org.asynchttpclient.netty.handler.HttpHandler - 

Request DefaultHttpRequest(decodeResult: success, version: HTTP/1.1)
POST /session/6f14e2ca72a66cb1053934781f2382cf/element HTTP/1.1
User-Agent: selenium/4.12.0 (java windows)
Content-Length: 78
Content-Type: application/json; charset=utf-8
host: localhost:20443
accept: */*

Response DefaultHttpResponse(decodeResult: success, version: HTTP/1.1)
HTTP/1.1 200 OK
Content-Length: 126
Content-Type: application/json; charset=utf-8
cache-control: no-cache

01:49:50.875 [AsyncHttpClient-1-14] DEBUG org.asynchttpclient.netty.channel.ChannelManager - Adding key: http://localhost:20443 for channel [id: 0x78a4e09f, L:/127.0.0.1:62771 - R:localhost/127.0.0.1:20443]
01:49:50.875 [Forwarding sendKeysToElement on session 6f14e2ca72a66cb1053934781f2382cf to remote] DEBUG org.asynchttpclient.netty.request.NettyRequestSender - Using pooled Channel '[id: 0x78a4e09f, L:/127.0.0.1:62771 - R:localhost/127.0.0.1:20443]' for 'POST' to 'http://localhost:20443/session/6f14e2ca72a66cb1053934781f2382cf/element/f.F7C2923727F8B25AA697250A5824495F.d.AB9F556D8CF8CA5C85E40FEED1761391.e.63/value'
01:49:50.875 [Forwarding sendKeysToElement on session 6f14e2ca72a66cb1053934781f2382cf to remote] DEBUG org.asynchttpclient.netty.request.NettyRequestSender - Using open Channel [id: 0x78a4e09f, L:/127.0.0.1:62771 - R:localhost/127.0.0.1:20443] for POST '/session/6f14e2ca72a66cb1053934781f2382cf/element/f.F7C2923727F8B25AA697250A5824495F.d.AB9F556D8CF8CA5C85E40FEED1761391.e.63/value'
01:49:50.999 [AsyncHttpClient-1-14] DEBUG org.asynchttpclient.netty.handler.HttpHandler - 

Request DefaultHttpRequest(decodeResult: success, version: HTTP/1.1)
POST /session/6f14e2ca72a66cb1053934781f2382cf/element/f.F7C2923727F8B25AA697250A5824495F.d.AB9F556D8CF8CA5C85E40FEED1761391.e.63/value HTTP/1.1
User-Agent: selenium/4.12.0 (java windows)
Content-Length: 149
Content-Type: application/json; charset=utf-8
host: localhost:20443
accept: */*

Response DefaultHttpResponse(decodeResult: success, version: HTTP/1.1)
HTTP/1.1 200 OK
Content-Length: 14
Content-Type: application/json; charset=utf-8
cache-control: no-cache

01:49:50.999 [AsyncHttpClient-1-14] DEBUG org.asynchttpclient.netty.channel.ChannelManager - Adding key: http://localhost:20443 for channel [id: 0x78a4e09f, L:/127.0.0.1:62771 - R:localhost/127.0.0.1:20443]
01:49:51.312 [AsyncHttpClient-1-1] DEBUG org.asynchttpclient.netty.channel.DefaultChannelPool - Entry count for : http://localhost:62773 : 1
01:49:51.312 [AsyncHttpClient-1-1] DEBUG org.asynchttpclient.netty.channel.DefaultChannelPool - Entry count for : http://localhost:20443 : 1
screen shot class not taking
  And Provide the Address DetailsMain_street001 YK FL 987678 USA         # StepDefination.Customer_onboarding.Provide_the_address_Details(java.lang.String,java.lang.String,java.lang.String,java.lang.String,java.lang.String)
01:49:51.508 [Forwarding findElement on session 6f14e2ca72a66cb1053934781f2382cf to remote] DEBUG org.asynchttpclient.netty.request.NettyRequestSender - Using pooled Channel '[id: 0x78a4e09f, L:/127.0.0.1:62771 - R:localhost/127.0.0.1:20443]' for 'POST' to 'http://localhost:20443/session/6f14e2ca72a66cb1053934781f2382cf/element'
01:49:51.508 [Forwarding findElement on session 6f14e2ca72a66cb1053934781f2382cf to remote] DEBUG org.asynchttpclient.netty.request.NettyRequestSender - Using open Channel [id: 0x78a4e09f, L:/127.0.0.1:62771 - R:localhost/127.0.0.1:20443] for POST '/session/6f14e2ca72a66cb1053934781f2382cf/element'
01:49:51.531 [AsyncHttpClient-1-14] DEBUG org.asynchttpclient.netty.handler.HttpHandler - 

Request DefaultHttpRequest(decodeResult: success, version: HTTP/1.1)
POST /session/6f14e2ca72a66cb1053934781f2382cf/element HTTP/1.1
User-Agent: selenium/4.12.0 (java windows)
Content-Length: 86
Content-Type: application/json; charset=utf-8
host: localhost:20443
accept: */*

Response DefaultHttpResponse(decodeResult: success, version: HTTP/1.1)
HTTP/1.1 200 OK
Content-Length: 126
Content-Type: application/json; charset=utf-8
cache-control: no-cache

01:49:51.531 [AsyncHttpClient-1-14] DEBUG org.asynchttpclient.netty.channel.ChannelManager - Adding key: http://localhost:20443 for channel [id: 0x78a4e09f, L:/127.0.0.1:62771 - R:localhost/127.0.0.1:20443]
01:49:51.531 [Forwarding clickElement on session 6f14e2ca72a66cb1053934781f2382cf to remote] DEBUG org.asynchttpclient.netty.request.NettyRequestSender - Using pooled Channel '[id: 0x78a4e09f, L:/127.0.0.1:62771 - R:localhost/127.0.0.1:20443]' for 'POST' to 'http://localhost:20443/session/6f14e2ca72a66cb1053934781f2382cf/element/f.F7C2923727F8B25AA697250A5824495F.d.AB9F556D8CF8CA5C85E40FEED1761391.e.58/click'
01:49:51.531 [Forwarding clickElement on session 6f14e2ca72a66cb1053934781f2382cf to remote] DEBUG org.asynchttpclient.netty.request.NettyRequestSender - Using open Channel [id: 0x78a4e09f, L:/127.0.0.1:62771 - R:localhost/127.0.0.1:20443] for POST '/session/6f14e2ca72a66cb1053934781f2382cf/element/f.F7C2923727F8B25AA697250A5824495F.d.AB9F556D8CF8CA5C85E40FEED1761391.e.58/click'
01:49:51.679 [AsyncHttpClient-1-14] DEBUG org.asynchttpclient.netty.handler.HttpHandler - 

Request DefaultHttpRequest(decodeResult: success, version: HTTP/1.1)
POST /session/6f14e2ca72a66cb1053934781f2382cf/element/f.F7C2923727F8B25AA697250A5824495F.d.AB9F556D8CF8CA5C85E40FEED1761391.e.58/click HTTP/1.1
User-Agent: selenium/4.12.0 (java windows)
Content-Length: 88
Content-Type: application/json; charset=utf-8
host: localhost:20443
accept: */*

Response DefaultHttpResponse(decodeResult: success, version: HTTP/1.1)
HTTP/1.1 200 OK
Content-Length: 14
Content-Type: application/json; charset=utf-8
cache-control: no-cache

01:49:51.679 [AsyncHttpClient-1-14] DEBUG org.asynchttpclient.netty.channel.ChannelManager - Adding key: http://localhost:20443 for channel [id: 0x78a4e09f, L:/127.0.0.1:62771 - R:localhost/127.0.0.1:20443]
01:49:52.422 [AsyncHttpClient-1-1] DEBUG org.asynchttpclient.netty.channel.DefaultChannelPool - Entry count for : http://localhost:62773 : 1
01:49:52.423 [AsyncHttpClient-1-1] DEBUG org.asynchttpclient.netty.channel.DefaultChannelPool - Entry count for : http://localhost:20443 : 1
01:49:52.694 [Forwarding findElement on session 6f14e2ca72a66cb1053934781f2382cf to remote] DEBUG org.asynchttpclient.netty.request.NettyRequestSender - Using pooled Channel '[id: 0x78a4e09f, L:/127.0.0.1:62771 - R:localhost/127.0.0.1:20443]' for 'POST' to 'http://localhost:20443/session/6f14e2ca72a66cb1053934781f2382cf/element'
01:49:52.694 [Forwarding findElement on session 6f14e2ca72a66cb1053934781f2382cf to remote] DEBUG org.asynchttpclient.netty.request.NettyRequestSender - Using open Channel [id: 0x78a4e09f, L:/127.0.0.1:62771 - R:localhost/127.0.0.1:20443] for POST '/session/6f14e2ca72a66cb1053934781f2382cf/element'
01:49:52.710 [AsyncHttpClient-1-14] DEBUG org.asynchttpclient.netty.handler.HttpHandler - 

Request DefaultHttpRequest(decodeResult: success, version: HTTP/1.1)
POST /session/6f14e2ca72a66cb1053934781f2382cf/element HTTP/1.1
User-Agent: selenium/4.12.0 (java windows)
Content-Length: 124
Content-Type: application/json; charset=utf-8
host: localhost:20443
accept: */*

Response DefaultHttpResponse(decodeResult: success, version: HTTP/1.1)
HTTP/1.1 200 OK
Content-Length: 127
Content-Type: application/json; charset=utf-8
cache-control: no-cache

01:49:52.710 [AsyncHttpClient-1-14] DEBUG org.asynchttpclient.netty.channel.ChannelManager - Adding key: http://localhost:20443 for channel [id: 0x78a4e09f, L:/127.0.0.1:62771 - R:localhost/127.0.0.1:20443]
01:49:52.710 [Forwarding clickElement on session 6f14e2ca72a66cb1053934781f2382cf to remote] DEBUG org.asynchttpclient.netty.request.NettyRequestSender - Using pooled Channel '[id: 0x78a4e09f, L:/127.0.0.1:62771 - R:localhost/127.0.0.1:20443]' for 'POST' to 'http://localhost:20443/session/6f14e2ca72a66cb1053934781f2382cf/element/f.F7C2923727F8B25AA697250A5824495F.d.AB9F556D8CF8CA5C85E40FEED1761391.e.109/click'
01:49:52.710 [Forwarding clickElement on session 6f14e2ca72a66cb1053934781f2382cf to remote] DEBUG org.asynchttpclient.netty.request.NettyRequestSender - Using open Channel [id: 0x78a4e09f, L:/127.0.0.1:62771 - R:localhost/127.0.0.1:20443] for POST '/session/6f14e2ca72a66cb1053934781f2382cf/element/f.F7C2923727F8B25AA697250A5824495F.d.AB9F556D8CF8CA5C85E40FEED1761391.e.109/click'
01:49:52.850 [AsyncHttpClient-1-14] DEBUG org.asynchttpclient.netty.handler.HttpHandler - 

Request DefaultHttpRequest(decodeResult: success, version: HTTP/1.1)
POST /session/6f14e2ca72a66cb1053934781f2382cf/element/f.F7C2923727F8B25AA697250A5824495F.d.AB9F556D8CF8CA5C85E40FEED1761391.e.109/click HTTP/1.1
User-Agent: selenium/4.12.0 (java windows)
Content-Length: 89
Content-Type: application/json; charset=utf-8
host: localhost:20443
accept: */*

Response DefaultHttpResponse(decodeResult: success, version: HTTP/1.1)
HTTP/1.1 200 OK
Content-Length: 14
Content-Type: application/json; charset=utf-8
cache-control: no-cache

01:49:52.850 [AsyncHttpClient-1-14] DEBUG org.asynchttpclient.netty.channel.ChannelManager - Adding key: http://localhost:20443 for channel [id: 0x78a4e09f, L:/127.0.0.1:62771 - R:localhost/127.0.0.1:20443]
01:49:53.513 [AsyncHttpClient-1-1] DEBUG org.asynchttpclient.netty.channel.DefaultChannelPool - Entry count for : http://localhost:62773 : 1
01:49:53.513 [AsyncHttpClient-1-1] DEBUG org.asynchttpclient.netty.channel.DefaultChannelPool - Entry count for : http://localhost:20443 : 1
01:49:53.864 [Forwarding findElement on session 6f14e2ca72a66cb1053934781f2382cf to remote] DEBUG org.asynchttpclient.netty.request.NettyRequestSender - Using pooled Channel '[id: 0x78a4e09f, L:/127.0.0.1:62771 - R:localhost/127.0.0.1:20443]' for 'POST' to 'http://localhost:20443/session/6f14e2ca72a66cb1053934781f2382cf/element'
01:49:53.864 [Forwarding findElement on session 6f14e2ca72a66cb1053934781f2382cf to remote] DEBUG org.asynchttpclient.netty.request.NettyRequestSender - Using open Channel [id: 0x78a4e09f, L:/127.0.0.1:62771 - R:localhost/127.0.0.1:20443] for POST '/session/6f14e2ca72a66cb1053934781f2382cf/element'
01:49:53.883 [AsyncHttpClient-1-14] DEBUG org.asynchttpclient.netty.handler.HttpHandler - 

Request DefaultHttpRequest(decodeResult: success, version: HTTP/1.1)
POST /session/6f14e2ca72a66cb1053934781f2382cf/element HTTP/1.1
User-Agent: selenium/4.12.0 (java windows)
Content-Length: 85
Content-Type: application/json; charset=utf-8
host: localhost:20443
accept: */*

Response DefaultHttpResponse(decodeResult: success, version: HTTP/1.1)
HTTP/1.1 200 OK
Content-Length: 127
Content-Type: application/json; charset=utf-8
cache-control: no-cache

01:49:53.883 [AsyncHttpClient-1-14] DEBUG org.asynchttpclient.netty.channel.ChannelManager - Adding key: http://localhost:20443 for channel [id: 0x78a4e09f, L:/127.0.0.1:62771 - R:localhost/127.0.0.1:20443]
01:49:53.885 [Forwarding sendKeysToElement on session 6f14e2ca72a66cb1053934781f2382cf to remote] DEBUG org.asynchttpclient.netty.request.NettyRequestSender - Using pooled Channel '[id: 0x78a4e09f, L:/127.0.0.1:62771 - R:localhost/127.0.0.1:20443]' for 'POST' to 'http://localhost:20443/session/6f14e2ca72a66cb1053934781f2382cf/element/f.F7C2923727F8B25AA697250A5824495F.d.AB9F556D8CF8CA5C85E40FEED1761391.e.111/value'
01:49:53.885 [Forwarding sendKeysToElement on session 6f14e2ca72a66cb1053934781f2382cf to remote] DEBUG org.asynchttpclient.netty.request.NettyRequestSender - Using open Channel [id: 0x78a4e09f, L:/127.0.0.1:62771 - R:localhost/127.0.0.1:20443] for POST '/session/6f14e2ca72a66cb1053934781f2382cf/element/f.F7C2923727F8B25AA697250A5824495F.d.AB9F556D8CF8CA5C85E40FEED1761391.e.111/value'
01:49:54.108 [AsyncHttpClient-1-14] DEBUG org.asynchttpclient.netty.handler.HttpHandler - 

Request DefaultHttpRequest(decodeResult: success, version: HTTP/1.1)
POST /session/6f14e2ca72a66cb1053934781f2382cf/element/f.F7C2923727F8B25AA697250A5824495F.d.AB9F556D8CF8CA5C85E40FEED1761391.e.111/value HTTP/1.1
User-Agent: selenium/4.12.0 (java windows)
Content-Length: 260
Content-Type: application/json; charset=utf-8
host: localhost:20443
accept: */*

Response DefaultHttpResponse(decodeResult: success, version: HTTP/1.1)
HTTP/1.1 200 OK
Content-Length: 14
Content-Type: application/json; charset=utf-8
cache-control: no-cache

01:49:54.108 [AsyncHttpClient-1-14] DEBUG org.asynchttpclient.netty.channel.ChannelManager - Adding key: http://localhost:20443 for channel [id: 0x78a4e09f, L:/127.0.0.1:62771 - R:localhost/127.0.0.1:20443]
screen shot class not taking
01:49:54.624 [AsyncHttpClient-1-1] DEBUG org.asynchttpclient.netty.channel.DefaultChannelPool - Entry count for : http://localhost:62773 : 1
01:49:54.624 [AsyncHttpClient-1-1] DEBUG org.asynchttpclient.netty.channel.DefaultChannelPool - Entry count for : http://localhost:20443 : 1
  And Provide the bookvia with Emailroyal.book.com                       # StepDefination.Customer_onboarding.Provide_the_bookvia_email(java.lang.String)
01:49:55.629 [Forwarding findElement on session 6f14e2ca72a66cb1053934781f2382cf to remote] DEBUG org.asynchttpclient.netty.request.NettyRequestSender - Using pooled Channel '[id: 0x78a4e09f, L:/127.0.0.1:62771 - R:localhost/127.0.0.1:20443]' for 'POST' to 'http://localhost:20443/session/6f14e2ca72a66cb1053934781f2382cf/element'
01:49:55.629 [Forwarding findElement on session 6f14e2ca72a66cb1053934781f2382cf to remote] DEBUG org.asynchttpclient.netty.request.NettyRequestSender - Using open Channel [id: 0x78a4e09f, L:/127.0.0.1:62771 - R:localhost/127.0.0.1:20443] for POST '/session/6f14e2ca72a66cb1053934781f2382cf/element'
01:49:55.646 [AsyncHttpClient-1-14] DEBUG org.asynchttpclient.netty.handler.HttpHandler - 

Request DefaultHttpRequest(decodeResult: success, version: HTTP/1.1)
POST /session/6f14e2ca72a66cb1053934781f2382cf/element HTTP/1.1
User-Agent: selenium/4.12.0 (java windows)
Content-Length: 121
Content-Type: application/json; charset=utf-8
host: localhost:20443
accept: */*

Response DefaultHttpResponse(decodeResult: success, version: HTTP/1.1)
HTTP/1.1 200 OK
Content-Length: 126
Content-Type: application/json; charset=utf-8
cache-control: no-cache

01:49:55.646 [AsyncHttpClient-1-14] DEBUG org.asynchttpclient.netty.channel.ChannelManager - Adding key: http://localhost:20443 for channel [id: 0x78a4e09f, L:/127.0.0.1:62771 - R:localhost/127.0.0.1:20443]
01:49:55.647 [Forwarding sendKeysToElement on session 6f14e2ca72a66cb1053934781f2382cf to remote] DEBUG org.asynchttpclient.netty.request.NettyRequestSender - Using pooled Channel '[id: 0x78a4e09f, L:/127.0.0.1:62771 - R:localhost/127.0.0.1:20443]' for 'POST' to 'http://localhost:20443/session/6f14e2ca72a66cb1053934781f2382cf/element/f.F7C2923727F8B25AA697250A5824495F.d.AB9F556D8CF8CA5C85E40FEED1761391.e.64/value'
01:49:55.647 [Forwarding sendKeysToElement on session 6f14e2ca72a66cb1053934781f2382cf to remote] DEBUG org.asynchttpclient.netty.request.NettyRequestSender - Using open Channel [id: 0x78a4e09f, L:/127.0.0.1:62771 - R:localhost/127.0.0.1:20443] for POST '/session/6f14e2ca72a66cb1053934781f2382cf/element/f.F7C2923727F8B25AA697250A5824495F.d.AB9F556D8CF8CA5C85E40FEED1761391.e.64/value'
01:49:55.712 [AsyncHttpClient-1-1] DEBUG org.asynchttpclient.netty.channel.DefaultChannelPool - Entry count for : http://localhost:62773 : 1
01:49:56.045 [AsyncHttpClient-1-14] DEBUG org.asynchttpclient.netty.handler.HttpHandler - 

Request DefaultHttpRequest(decodeResult: success, version: HTTP/1.1)
POST /session/6f14e2ca72a66cb1053934781f2382cf/element/f.F7C2923727F8B25AA697250A5824495F.d.AB9F556D8CF8CA5C85E40FEED1761391.e.64/value HTTP/1.1
User-Agent: selenium/4.12.0 (java windows)
Content-Length: 399
Content-Type: application/json; charset=utf-8
host: localhost:20443
accept: */*

Response DefaultHttpResponse(decodeResult: success, version: HTTP/1.1)
HTTP/1.1 200 OK
Content-Length: 14
Content-Type: application/json; charset=utf-8
cache-control: no-cache

01:49:56.045 [AsyncHttpClient-1-14] DEBUG org.asynchttpclient.netty.channel.ChannelManager - Adding key: http://localhost:20443 for channel [id: 0x78a4e09f, L:/127.0.0.1:62771 - R:localhost/127.0.0.1:20443]
screen shot class not taking
  And Provide the special_instructionsspecial_instruction_customer       # StepDefination.Customer_onboarding.Provide_the_special_instructions(java.lang.String)
01:49:56.823 [AsyncHttpClient-1-1] DEBUG org.asynchttpclient.netty.channel.DefaultChannelPool - Entry count for : http://localhost:62773 : 1
01:49:56.824 [AsyncHttpClient-1-1] DEBUG org.asynchttpclient.netty.channel.DefaultChannelPool - Entry count for : http://localhost:20443 : 1
01:49:57.567 [Forwarding findElement on session 6f14e2ca72a66cb1053934781f2382cf to remote] DEBUG org.asynchttpclient.netty.request.NettyRequestSender - Using pooled Channel '[id: 0x78a4e09f, L:/127.0.0.1:62771 - R:localhost/127.0.0.1:20443]' for 'POST' to 'http://localhost:20443/session/6f14e2ca72a66cb1053934781f2382cf/element'
01:49:57.567 [Forwarding findElement on session 6f14e2ca72a66cb1053934781f2382cf to remote] DEBUG org.asynchttpclient.netty.request.NettyRequestSender - Using open Channel [id: 0x78a4e09f, L:/127.0.0.1:62771 - R:localhost/127.0.0.1:20443] for POST '/session/6f14e2ca72a66cb1053934781f2382cf/element'
01:49:57.583 [AsyncHttpClient-1-14] DEBUG org.asynchttpclient.netty.handler.HttpHandler - 

Request DefaultHttpRequest(decodeResult: success, version: HTTP/1.1)
POST /session/6f14e2ca72a66cb1053934781f2382cf/element HTTP/1.1
User-Agent: selenium/4.12.0 (java windows)
Content-Length: 250
Content-Type: application/json; charset=utf-8
host: localhost:20443
accept: */*

Response DefaultHttpResponse(decodeResult: success, version: HTTP/1.1)
HTTP/1.1 200 OK
Content-Length: 127
Content-Type: application/json; charset=utf-8
cache-control: no-cache

01:49:57.583 [AsyncHttpClient-1-14] DEBUG org.asynchttpclient.netty.channel.ChannelManager - Adding key: http://localhost:20443 for channel [id: 0x78a4e09f, L:/127.0.0.1:62771 - R:localhost/127.0.0.1:20443]
01:49:57.592 [Forwarding actions on session 6f14e2ca72a66cb1053934781f2382cf to remote] DEBUG org.asynchttpclient.netty.request.NettyRequestSender - Using pooled Channel '[id: 0x78a4e09f, L:/127.0.0.1:62771 - R:localhost/127.0.0.1:20443]' for 'POST' to 'http://localhost:20443/session/6f14e2ca72a66cb1053934781f2382cf/actions'
01:49:57.592 [Forwarding actions on session 6f14e2ca72a66cb1053934781f2382cf to remote] DEBUG org.asynchttpclient.netty.request.NettyRequestSender - Using open Channel [id: 0x78a4e09f, L:/127.0.0.1:62771 - R:localhost/127.0.0.1:20443] for POST '/session/6f14e2ca72a66cb1053934781f2382cf/actions'
01:49:57.782 [AsyncHttpClient-1-14] DEBUG org.asynchttpclient.netty.handler.HttpHandler - 

Request DefaultHttpRequest(decodeResult: success, version: HTTP/1.1)
POST /session/6f14e2ca72a66cb1053934781f2382cf/actions HTTP/1.1
User-Agent: selenium/4.12.0 (java windows)
Content-Length: 606
Content-Type: application/json; charset=utf-8
host: localhost:20443
accept: */*

Response DefaultHttpResponse(decodeResult: success, version: HTTP/1.1)
HTTP/1.1 200 OK
Content-Length: 14
Content-Type: application/json; charset=utf-8
cache-control: no-cache

01:49:57.782 [AsyncHttpClient-1-14] DEBUG org.asynchttpclient.netty.channel.ChannelManager - Adding key: http://localhost:20443 for channel [id: 0x78a4e09f, L:/127.0.0.1:62771 - R:localhost/127.0.0.1:20443]
01:49:57.916 [AsyncHttpClient-1-1] DEBUG org.asynchttpclient.netty.channel.DefaultChannelPool - Entry count for : http://localhost:62773 : 1
01:49:57.917 [AsyncHttpClient-1-1] DEBUG org.asynchttpclient.netty.channel.DefaultChannelPool - Entry count for : http://localhost:20443 : 1
01:49:58.294 [Forwarding findElement on session 6f14e2ca72a66cb1053934781f2382cf to remote] DEBUG org.asynchttpclient.netty.request.NettyRequestSender - Using pooled Channel '[id: 0x78a4e09f, L:/127.0.0.1:62771 - R:localhost/127.0.0.1:20443]' for 'POST' to 'http://localhost:20443/session/6f14e2ca72a66cb1053934781f2382cf/element'
01:49:58.294 [Forwarding findElement on session 6f14e2ca72a66cb1053934781f2382cf to remote] DEBUG org.asynchttpclient.netty.request.NettyRequestSender - Using open Channel [id: 0x78a4e09f, L:/127.0.0.1:62771 - R:localhost/127.0.0.1:20443] for POST '/session/6f14e2ca72a66cb1053934781f2382cf/element'
01:49:58.311 [AsyncHttpClient-1-14] DEBUG org.asynchttpclient.netty.handler.HttpHandler - 

Request DefaultHttpRequest(decodeResult: success, version: HTTP/1.1)
POST /session/6f14e2ca72a66cb1053934781f2382cf/element HTTP/1.1
User-Agent: selenium/4.12.0 (java windows)
Content-Length: 279
Content-Type: application/json; charset=utf-8
host: localhost:20443
accept: */*

Response DefaultHttpResponse(decodeResult: success, version: HTTP/1.1)
HTTP/1.1 200 OK
Content-Length: 127
Content-Type: application/json; charset=utf-8
cache-control: no-cache

01:49:58.311 [AsyncHttpClient-1-14] DEBUG org.asynchttpclient.netty.channel.ChannelManager - Adding key: http://localhost:20443 for channel [id: 0x78a4e09f, L:/127.0.0.1:62771 - R:localhost/127.0.0.1:20443]
01:49:58.319 [Forwarding actions on session 6f14e2ca72a66cb1053934781f2382cf to remote] DEBUG org.asynchttpclient.netty.request.NettyRequestSender - Using pooled Channel '[id: 0x78a4e09f, L:/127.0.0.1:62771 - R:localhost/127.0.0.1:20443]' for 'POST' to 'http://localhost:20443/session/6f14e2ca72a66cb1053934781f2382cf/actions'
01:49:58.319 [Forwarding actions on session 6f14e2ca72a66cb1053934781f2382cf to remote] DEBUG org.asynchttpclient.netty.request.NettyRequestSender - Using open Channel [id: 0x78a4e09f, L:/127.0.0.1:62771 - R:localhost/127.0.0.1:20443] for POST '/session/6f14e2ca72a66cb1053934781f2382cf/actions'
01:49:58.480 [AsyncHttpClient-1-14] DEBUG org.asynchttpclient.netty.handler.HttpHandler - 

Request DefaultHttpRequest(decodeResult: success, version: HTTP/1.1)
POST /session/6f14e2ca72a66cb1053934781f2382cf/actions HTTP/1.1
User-Agent: selenium/4.12.0 (java windows)
Content-Length: 606
Content-Type: application/json; charset=utf-8
host: localhost:20443
accept: */*

Response DefaultHttpResponse(decodeResult: success, version: HTTP/1.1)
HTTP/1.1 200 OK
Content-Length: 14
Content-Type: application/json; charset=utf-8
cache-control: no-cache

01:49:58.480 [AsyncHttpClient-1-14] DEBUG org.asynchttpclient.netty.channel.ChannelManager - Adding key: http://localhost:20443 for channel [id: 0x78a4e09f, L:/127.0.0.1:62771 - R:localhost/127.0.0.1:20443]
01:49:58.480 [Forwarding sendKeysToElement on session 6f14e2ca72a66cb1053934781f2382cf to remote] DEBUG org.asynchttpclient.netty.request.NettyRequestSender - Using pooled Channel '[id: 0x78a4e09f, L:/127.0.0.1:62771 - R:localhost/127.0.0.1:20443]' for 'POST' to 'http://localhost:20443/session/6f14e2ca72a66cb1053934781f2382cf/element/f.F7C2923727F8B25AA697250A5824495F.d.AB9F556D8CF8CA5C85E40FEED1761391.e.122/value'
01:49:58.480 [Forwarding sendKeysToElement on session 6f14e2ca72a66cb1053934781f2382cf to remote] DEBUG org.asynchttpclient.netty.request.NettyRequestSender - Using open Channel [id: 0x78a4e09f, L:/127.0.0.1:62771 - R:localhost/127.0.0.1:20443] for POST '/session/6f14e2ca72a66cb1053934781f2382cf/element/f.F7C2923727F8B25AA697250A5824495F.d.AB9F556D8CF8CA5C85E40FEED1761391.e.122/value'
01:49:58.585 [AsyncHttpClient-1-14] DEBUG org.asynchttpclient.netty.handler.HttpHandler - 

Request DefaultHttpRequest(decodeResult: success, version: HTTP/1.1)
POST /session/6f14e2ca72a66cb1053934781f2382cf/element/f.F7C2923727F8B25AA697250A5824495F.d.AB9F556D8CF8CA5C85E40FEED1761391.e.122/value HTTP/1.1
User-Agent: selenium/4.12.0 (java windows)
Content-Length: 170
Content-Type: application/json; charset=utf-8
host: localhost:20443
accept: */*

Response DefaultHttpResponse(decodeResult: success, version: HTTP/1.1)
HTTP/1.1 200 OK
Content-Length: 14
Content-Type: application/json; charset=utf-8
cache-control: no-cache

01:49:58.585 [AsyncHttpClient-1-14] DEBUG org.asynchttpclient.netty.channel.ChannelManager - Adding key: http://localhost:20443 for channel [id: 0x78a4e09f, L:/127.0.0.1:62771 - R:localhost/127.0.0.1:20443]
01:49:59.011 [AsyncHttpClient-1-1] DEBUG org.asynchttpclient.netty.channel.DefaultChannelPool - Entry count for : http://localhost:62773 : 1
01:49:59.011 [AsyncHttpClient-1-1] DEBUG org.asynchttpclient.netty.channel.DefaultChannelPool - Entry count for : http://localhost:20443 : 1
01:49:59.098 [Forwarding findElement on session 6f14e2ca72a66cb1053934781f2382cf to remote] DEBUG org.asynchttpclient.netty.request.NettyRequestSender - Using pooled Channel '[id: 0x78a4e09f, L:/127.0.0.1:62771 - R:localhost/127.0.0.1:20443]' for 'POST' to 'http://localhost:20443/session/6f14e2ca72a66cb1053934781f2382cf/element'
01:49:59.098 [Forwarding findElement on session 6f14e2ca72a66cb1053934781f2382cf to remote] DEBUG org.asynchttpclient.netty.request.NettyRequestSender - Using open Channel [id: 0x78a4e09f, L:/127.0.0.1:62771 - R:localhost/127.0.0.1:20443] for POST '/session/6f14e2ca72a66cb1053934781f2382cf/element'
01:49:59.116 [AsyncHttpClient-1-14] DEBUG org.asynchttpclient.netty.handler.HttpHandler - 

Request DefaultHttpRequest(decodeResult: success, version: HTTP/1.1)
POST /session/6f14e2ca72a66cb1053934781f2382cf/element HTTP/1.1
User-Agent: selenium/4.12.0 (java windows)
Content-Length: 69
Content-Type: application/json; charset=utf-8
host: localhost:20443
accept: */*

Response DefaultHttpResponse(decodeResult: success, version: HTTP/1.1)
HTTP/1.1 200 OK
Content-Length: 127
Content-Type: application/json; charset=utf-8
cache-control: no-cache

01:49:59.116 [AsyncHttpClient-1-14] DEBUG org.asynchttpclient.netty.channel.ChannelManager - Adding key: http://localhost:20443 for channel [id: 0x78a4e09f, L:/127.0.0.1:62771 - R:localhost/127.0.0.1:20443]
01:49:59.116 [Forwarding clickElement on session 6f14e2ca72a66cb1053934781f2382cf to remote] DEBUG org.asynchttpclient.netty.request.NettyRequestSender - Using pooled Channel '[id: 0x78a4e09f, L:/127.0.0.1:62771 - R:localhost/127.0.0.1:20443]' for 'POST' to 'http://localhost:20443/session/6f14e2ca72a66cb1053934781f2382cf/element/f.F7C2923727F8B25AA697250A5824495F.d.AB9F556D8CF8CA5C85E40FEED1761391.e.127/click'
01:49:59.116 [Forwarding clickElement on session 6f14e2ca72a66cb1053934781f2382cf to remote] DEBUG org.asynchttpclient.netty.request.NettyRequestSender - Using open Channel [id: 0x78a4e09f, L:/127.0.0.1:62771 - R:localhost/127.0.0.1:20443] for POST '/session/6f14e2ca72a66cb1053934781f2382cf/element/f.F7C2923727F8B25AA697250A5824495F.d.AB9F556D8CF8CA5C85E40FEED1761391.e.127/click'
01:49:59.248 [AsyncHttpClient-1-14] DEBUG org.asynchttpclient.netty.handler.HttpHandler - 

Request DefaultHttpRequest(decodeResult: success, version: HTTP/1.1)
POST /session/6f14e2ca72a66cb1053934781f2382cf/element/f.F7C2923727F8B25AA697250A5824495F.d.AB9F556D8CF8CA5C85E40FEED1761391.e.127/click HTTP/1.1
User-Agent: selenium/4.12.0 (java windows)
Content-Length: 89
Content-Type: application/json; charset=utf-8
host: localhost:20443
accept: */*

Response DefaultHttpResponse(decodeResult: success, version: HTTP/1.1)
HTTP/1.1 200 OK
Content-Length: 14
Content-Type: application/json; charset=utf-8
cache-control: no-cache

01:49:59.248 [AsyncHttpClient-1-14] DEBUG org.asynchttpclient.netty.channel.ChannelManager - Adding key: http://localhost:20443 for channel [id: 0x78a4e09f, L:/127.0.0.1:62771 - R:localhost/127.0.0.1:20443]
01:49:59.752 [Forwarding findElement on session 6f14e2ca72a66cb1053934781f2382cf to remote] DEBUG org.asynchttpclient.netty.request.NettyRequestSender - Using pooled Channel '[id: 0x78a4e09f, L:/127.0.0.1:62771 - R:localhost/127.0.0.1:20443]' for 'POST' to 'http://localhost:20443/session/6f14e2ca72a66cb1053934781f2382cf/element'
01:49:59.752 [Forwarding findElement on session 6f14e2ca72a66cb1053934781f2382cf to remote] DEBUG org.asynchttpclient.netty.request.NettyRequestSender - Using open Channel [id: 0x78a4e09f, L:/127.0.0.1:62771 - R:localhost/127.0.0.1:20443] for POST '/session/6f14e2ca72a66cb1053934781f2382cf/element'
01:49:59.776 [AsyncHttpClient-1-14] DEBUG org.asynchttpclient.netty.handler.HttpHandler - 

Request DefaultHttpRequest(decodeResult: success, version: HTTP/1.1)
POST /session/6f14e2ca72a66cb1053934781f2382cf/element HTTP/1.1
User-Agent: selenium/4.12.0 (java windows)
Content-Length: 279
Content-Type: application/json; charset=utf-8
host: localhost:20443
accept: */*

Response DefaultHttpResponse(decodeResult: success, version: HTTP/1.1)
HTTP/1.1 200 OK
Content-Length: 127
Content-Type: application/json; charset=utf-8
cache-control: no-cache

01:49:59.776 [AsyncHttpClient-1-14] DEBUG org.asynchttpclient.netty.channel.ChannelManager - Adding key: http://localhost:20443 for channel [id: 0x78a4e09f, L:/127.0.0.1:62771 - R:localhost/127.0.0.1:20443]
01:49:59.776 [Forwarding actions on session 6f14e2ca72a66cb1053934781f2382cf to remote] DEBUG org.asynchttpclient.netty.request.NettyRequestSender - Using pooled Channel '[id: 0x78a4e09f, L:/127.0.0.1:62771 - R:localhost/127.0.0.1:20443]' for 'POST' to 'http://localhost:20443/session/6f14e2ca72a66cb1053934781f2382cf/actions'
01:49:59.776 [Forwarding actions on session 6f14e2ca72a66cb1053934781f2382cf to remote] DEBUG org.asynchttpclient.netty.request.NettyRequestSender - Using open Channel [id: 0x78a4e09f, L:/127.0.0.1:62771 - R:localhost/127.0.0.1:20443] for POST '/session/6f14e2ca72a66cb1053934781f2382cf/actions'
01:49:59.936 [AsyncHttpClient-1-14] DEBUG org.asynchttpclient.netty.handler.HttpHandler - 

Request DefaultHttpRequest(decodeResult: success, version: HTTP/1.1)
POST /session/6f14e2ca72a66cb1053934781f2382cf/actions HTTP/1.1
User-Agent: selenium/4.12.0 (java windows)
Content-Length: 606
Content-Type: application/json; charset=utf-8
host: localhost:20443
accept: */*

Response DefaultHttpResponse(decodeResult: success, version: HTTP/1.1)
HTTP/1.1 200 OK
Content-Length: 14
Content-Type: application/json; charset=utf-8
cache-control: no-cache

01:49:59.936 [AsyncHttpClient-1-14] DEBUG org.asynchttpclient.netty.channel.ChannelManager - Adding key: http://localhost:20443 for channel [id: 0x78a4e09f, L:/127.0.0.1:62771 - R:localhost/127.0.0.1:20443]
01:49:59.936 [Forwarding clickElement on session 6f14e2ca72a66cb1053934781f2382cf to remote] DEBUG org.asynchttpclient.netty.request.NettyRequestSender - Using pooled Channel '[id: 0x78a4e09f, L:/127.0.0.1:62771 - R:localhost/127.0.0.1:20443]' for 'POST' to 'http://localhost:20443/session/6f14e2ca72a66cb1053934781f2382cf/element/f.F7C2923727F8B25AA697250A5824495F.d.AB9F556D8CF8CA5C85E40FEED1761391.e.123/click'
01:49:59.936 [Forwarding clickElement on session 6f14e2ca72a66cb1053934781f2382cf to remote] DEBUG org.asynchttpclient.netty.request.NettyRequestSender - Using open Channel [id: 0x78a4e09f, L:/127.0.0.1:62771 - R:localhost/127.0.0.1:20443] for POST '/session/6f14e2ca72a66cb1053934781f2382cf/element/f.F7C2923727F8B25AA697250A5824495F.d.AB9F556D8CF8CA5C85E40FEED1761391.e.123/click'
01:50:00.057 [AsyncHttpClient-1-14] DEBUG org.asynchttpclient.netty.handler.HttpHandler - 

Request DefaultHttpRequest(decodeResult: success, version: HTTP/1.1)
POST /session/6f14e2ca72a66cb1053934781f2382cf/element/f.F7C2923727F8B25AA697250A5824495F.d.AB9F556D8CF8CA5C85E40FEED1761391.e.123/click HTTP/1.1
User-Agent: selenium/4.12.0 (java windows)
Content-Length: 89
Content-Type: application/json; charset=utf-8
host: localhost:20443
accept: */*

Response DefaultHttpResponse(decodeResult: success, version: HTTP/1.1)
HTTP/1.1 200 OK
Content-Length: 14
Content-Type: application/json; charset=utf-8
cache-control: no-cache

01:50:00.057 [AsyncHttpClient-1-14] DEBUG org.asynchttpclient.netty.channel.ChannelManager - Adding key: http://localhost:20443 for channel [id: 0x78a4e09f, L:/127.0.0.1:62771 - R:localhost/127.0.0.1:20443]
01:50:00.108 [AsyncHttpClient-1-1] DEBUG org.asynchttpclient.netty.channel.DefaultChannelPool - Entry count for : http://localhost:62773 : 1
01:50:00.108 [AsyncHttpClient-1-1] DEBUG org.asynchttpclient.netty.channel.DefaultChannelPool - Entry count for : http://localhost:20443 : 1
01:50:00.572 [Forwarding findElement on session 6f14e2ca72a66cb1053934781f2382cf to remote] DEBUG org.asynchttpclient.netty.request.NettyRequestSender - Using pooled Channel '[id: 0x78a4e09f, L:/127.0.0.1:62771 - R:localhost/127.0.0.1:20443]' for 'POST' to 'http://localhost:20443/session/6f14e2ca72a66cb1053934781f2382cf/element'
01:50:00.572 [Forwarding findElement on session 6f14e2ca72a66cb1053934781f2382cf to remote] DEBUG org.asynchttpclient.netty.request.NettyRequestSender - Using open Channel [id: 0x78a4e09f, L:/127.0.0.1:62771 - R:localhost/127.0.0.1:20443] for POST '/session/6f14e2ca72a66cb1053934781f2382cf/element'
01:50:00.589 [AsyncHttpClient-1-14] DEBUG org.asynchttpclient.netty.handler.HttpHandler - 

Request DefaultHttpRequest(decodeResult: success, version: HTTP/1.1)
POST /session/6f14e2ca72a66cb1053934781f2382cf/element HTTP/1.1
User-Agent: selenium/4.12.0 (java windows)
Content-Length: 158
Content-Type: application/json; charset=utf-8
host: localhost:20443
accept: */*

Response DefaultHttpResponse(decodeResult: success, version: HTTP/1.1)
HTTP/1.1 200 OK
Content-Length: 127
Content-Type: application/json; charset=utf-8
cache-control: no-cache

01:50:00.589 [AsyncHttpClient-1-14] DEBUG org.asynchttpclient.netty.channel.ChannelManager - Adding key: http://localhost:20443 for channel [id: 0x78a4e09f, L:/127.0.0.1:62771 - R:localhost/127.0.0.1:20443]
01:50:00.596 [Forwarding clickElement on session 6f14e2ca72a66cb1053934781f2382cf to remote] DEBUG org.asynchttpclient.netty.request.NettyRequestSender - Using pooled Channel '[id: 0x78a4e09f, L:/127.0.0.1:62771 - R:localhost/127.0.0.1:20443]' for 'POST' to 'http://localhost:20443/session/6f14e2ca72a66cb1053934781f2382cf/element/f.F7C2923727F8B25AA697250A5824495F.d.AB9F556D8CF8CA5C85E40FEED1761391.e.131/click'
01:50:00.596 [Forwarding clickElement on session 6f14e2ca72a66cb1053934781f2382cf to remote] DEBUG org.asynchttpclient.netty.request.NettyRequestSender - Using open Channel [id: 0x78a4e09f, L:/127.0.0.1:62771 - R:localhost/127.0.0.1:20443] for POST '/session/6f14e2ca72a66cb1053934781f2382cf/element/f.F7C2923727F8B25AA697250A5824495F.d.AB9F556D8CF8CA5C85E40FEED1761391.e.131/click'
01:50:00.716 [AsyncHttpClient-1-14] DEBUG org.asynchttpclient.netty.handler.HttpHandler - 

Request DefaultHttpRequest(decodeResult: success, version: HTTP/1.1)
POST /session/6f14e2ca72a66cb1053934781f2382cf/element/f.F7C2923727F8B25AA697250A5824495F.d.AB9F556D8CF8CA5C85E40FEED1761391.e.131/click HTTP/1.1
User-Agent: selenium/4.12.0 (java windows)
Content-Length: 89
Content-Type: application/json; charset=utf-8
host: localhost:20443
accept: */*

Response DefaultHttpResponse(decodeResult: success, version: HTTP/1.1)
HTTP/1.1 200 OK
Content-Length: 14
Content-Type: application/json; charset=utf-8
cache-control: no-cache

01:50:00.719 [AsyncHttpClient-1-14] DEBUG org.asynchttpclient.netty.channel.ChannelManager - Adding key: http://localhost:20443 for channel [id: 0x78a4e09f, L:/127.0.0.1:62771 - R:localhost/127.0.0.1:20443]
01:50:01.209 [AsyncHttpClient-1-1] DEBUG org.asynchttpclient.netty.channel.DefaultChannelPool - Entry count for : http://localhost:62773 : 1
01:50:01.209 [AsyncHttpClient-1-1] DEBUG org.asynchttpclient.netty.channel.DefaultChannelPool - Entry count for : http://localhost:20443 : 1
01:50:01.727 [Forwarding findElement on session 6f14e2ca72a66cb1053934781f2382cf to remote] DEBUG org.asynchttpclient.netty.request.NettyRequestSender - Using pooled Channel '[id: 0x78a4e09f, L:/127.0.0.1:62771 - R:localhost/127.0.0.1:20443]' for 'POST' to 'http://localhost:20443/session/6f14e2ca72a66cb1053934781f2382cf/element'
01:50:01.727 [Forwarding findElement on session 6f14e2ca72a66cb1053934781f2382cf to remote] DEBUG org.asynchttpclient.netty.request.NettyRequestSender - Using open Channel [id: 0x78a4e09f, L:/127.0.0.1:62771 - R:localhost/127.0.0.1:20443] for POST '/session/6f14e2ca72a66cb1053934781f2382cf/element'
01:50:01.744 [AsyncHttpClient-1-14] DEBUG org.asynchttpclient.netty.handler.HttpHandler - 

Request DefaultHttpRequest(decodeResult: success, version: HTTP/1.1)
POST /session/6f14e2ca72a66cb1053934781f2382cf/element HTTP/1.1
User-Agent: selenium/4.12.0 (java windows)
Content-Length: 250
Content-Type: application/json; charset=utf-8
host: localhost:20443
accept: */*

Response DefaultHttpResponse(decodeResult: success, version: HTTP/1.1)
HTTP/1.1 200 OK
Content-Length: 127
Content-Type: application/json; charset=utf-8
cache-control: no-cache

01:50:01.744 [AsyncHttpClient-1-14] DEBUG org.asynchttpclient.netty.channel.ChannelManager - Adding key: http://localhost:20443 for channel [id: 0x78a4e09f, L:/127.0.0.1:62771 - R:localhost/127.0.0.1:20443]
01:50:01.753 [Forwarding actions on session 6f14e2ca72a66cb1053934781f2382cf to remote] DEBUG org.asynchttpclient.netty.request.NettyRequestSender - Using pooled Channel '[id: 0x78a4e09f, L:/127.0.0.1:62771 - R:localhost/127.0.0.1:20443]' for 'POST' to 'http://localhost:20443/session/6f14e2ca72a66cb1053934781f2382cf/actions'
01:50:01.753 [Forwarding actions on session 6f14e2ca72a66cb1053934781f2382cf to remote] DEBUG org.asynchttpclient.netty.request.NettyRequestSender - Using open Channel [id: 0x78a4e09f, L:/127.0.0.1:62771 - R:localhost/127.0.0.1:20443] for POST '/session/6f14e2ca72a66cb1053934781f2382cf/actions'
01:50:01.966 [AsyncHttpClient-1-14] DEBUG org.asynchttpclient.netty.handler.HttpHandler - 

Request DefaultHttpRequest(decodeResult: success, version: HTTP/1.1)
POST /session/6f14e2ca72a66cb1053934781f2382cf/actions HTTP/1.1
User-Agent: selenium/4.12.0 (java windows)
Content-Length: 606
Content-Type: application/json; charset=utf-8
host: localhost:20443
accept: */*

Response DefaultHttpResponse(decodeResult: success, version: HTTP/1.1)
HTTP/1.1 200 OK
Content-Length: 14
Content-Type: application/json; charset=utf-8
cache-control: no-cache

01:50:01.966 [AsyncHttpClient-1-14] DEBUG org.asynchttpclient.netty.channel.ChannelManager - Adding key: http://localhost:20443 for channel [id: 0x78a4e09f, L:/127.0.0.1:62771 - R:localhost/127.0.0.1:20443]
01:50:01.971 [Forwarding findElement on session 6f14e2ca72a66cb1053934781f2382cf to remote] DEBUG org.asynchttpclient.netty.request.NettyRequestSender - Using pooled Channel '[id: 0x78a4e09f, L:/127.0.0.1:62771 - R:localhost/127.0.0.1:20443]' for 'POST' to 'http://localhost:20443/session/6f14e2ca72a66cb1053934781f2382cf/element'
01:50:01.971 [Forwarding findElement on session 6f14e2ca72a66cb1053934781f2382cf to remote] DEBUG org.asynchttpclient.netty.request.NettyRequestSender - Using open Channel [id: 0x78a4e09f, L:/127.0.0.1:62771 - R:localhost/127.0.0.1:20443] for POST '/session/6f14e2ca72a66cb1053934781f2382cf/element'
01:50:01.991 [AsyncHttpClient-1-14] DEBUG org.asynchttpclient.netty.handler.HttpHandler - 

Request DefaultHttpRequest(decodeResult: success, version: HTTP/1.1)
POST /session/6f14e2ca72a66cb1053934781f2382cf/element HTTP/1.1
User-Agent: selenium/4.12.0 (java windows)
Content-Length: 250
Content-Type: application/json; charset=utf-8
host: localhost:20443
accept: */*

Response DefaultHttpResponse(decodeResult: success, version: HTTP/1.1)
HTTP/1.1 200 OK
Content-Length: 127
Content-Type: application/json; charset=utf-8
cache-control: no-cache

01:50:01.991 [AsyncHttpClient-1-14] DEBUG org.asynchttpclient.netty.channel.ChannelManager - Adding key: http://localhost:20443 for channel [id: 0x78a4e09f, L:/127.0.0.1:62771 - R:localhost/127.0.0.1:20443]
01:50:01.991 [Forwarding actions on session 6f14e2ca72a66cb1053934781f2382cf to remote] DEBUG org.asynchttpclient.netty.request.NettyRequestSender - Using pooled Channel '[id: 0x78a4e09f, L:/127.0.0.1:62771 - R:localhost/127.0.0.1:20443]' for 'POST' to 'http://localhost:20443/session/6f14e2ca72a66cb1053934781f2382cf/actions'
01:50:01.991 [Forwarding actions on session 6f14e2ca72a66cb1053934781f2382cf to remote] DEBUG org.asynchttpclient.netty.request.NettyRequestSender - Using open Channel [id: 0x78a4e09f, L:/127.0.0.1:62771 - R:localhost/127.0.0.1:20443] for POST '/session/6f14e2ca72a66cb1053934781f2382cf/actions'
01:50:02.176 [AsyncHttpClient-1-14] DEBUG org.asynchttpclient.netty.handler.HttpHandler - 

Request DefaultHttpRequest(decodeResult: success, version: HTTP/1.1)
POST /session/6f14e2ca72a66cb1053934781f2382cf/actions HTTP/1.1
User-Agent: selenium/4.12.0 (java windows)
Content-Length: 606
Content-Type: application/json; charset=utf-8
host: localhost:20443
accept: */*

Response DefaultHttpResponse(decodeResult: success, version: HTTP/1.1)
HTTP/1.1 200 OK
Content-Length: 14
Content-Type: application/json; charset=utf-8
cache-control: no-cache

01:50:02.176 [AsyncHttpClient-1-14] DEBUG org.asynchttpclient.netty.channel.ChannelManager - Adding key: http://localhost:20443 for channel [id: 0x78a4e09f, L:/127.0.0.1:62771 - R:localhost/127.0.0.1:20443]
01:50:02.178 [Forwarding findElement on session 6f14e2ca72a66cb1053934781f2382cf to remote] DEBUG org.asynchttpclient.netty.request.NettyRequestSender - Using pooled Channel '[id: 0x78a4e09f, L:/127.0.0.1:62771 - R:localhost/127.0.0.1:20443]' for 'POST' to 'http://localhost:20443/session/6f14e2ca72a66cb1053934781f2382cf/element'
01:50:02.178 [Forwarding findElement on session 6f14e2ca72a66cb1053934781f2382cf to remote] DEBUG org.asynchttpclient.netty.request.NettyRequestSender - Using open Channel [id: 0x78a4e09f, L:/127.0.0.1:62771 - R:localhost/127.0.0.1:20443] for POST '/session/6f14e2ca72a66cb1053934781f2382cf/element'
01:50:02.194 [AsyncHttpClient-1-14] DEBUG org.asynchttpclient.netty.handler.HttpHandler - 

Request DefaultHttpRequest(decodeResult: success, version: HTTP/1.1)
POST /session/6f14e2ca72a66cb1053934781f2382cf/element HTTP/1.1
User-Agent: selenium/4.12.0 (java windows)
Content-Length: 250
Content-Type: application/json; charset=utf-8
host: localhost:20443
accept: */*

Response DefaultHttpResponse(decodeResult: success, version: HTTP/1.1)
HTTP/1.1 200 OK
Content-Length: 127
Content-Type: application/json; charset=utf-8
cache-control: no-cache

01:50:02.194 [AsyncHttpClient-1-14] DEBUG org.asynchttpclient.netty.channel.ChannelManager - Adding key: http://localhost:20443 for channel [id: 0x78a4e09f, L:/127.0.0.1:62771 - R:localhost/127.0.0.1:20443]
01:50:02.194 [Forwarding actions on session 6f14e2ca72a66cb1053934781f2382cf to remote] DEBUG org.asynchttpclient.netty.request.NettyRequestSender - Using pooled Channel '[id: 0x78a4e09f, L:/127.0.0.1:62771 - R:localhost/127.0.0.1:20443]' for 'POST' to 'http://localhost:20443/session/6f14e2ca72a66cb1053934781f2382cf/actions'
01:50:02.194 [Forwarding actions on session 6f14e2ca72a66cb1053934781f2382cf to remote] DEBUG org.asynchttpclient.netty.request.NettyRequestSender - Using open Channel [id: 0x78a4e09f, L:/127.0.0.1:62771 - R:localhost/127.0.0.1:20443] for POST '/session/6f14e2ca72a66cb1053934781f2382cf/actions'
01:50:02.317 [AsyncHttpClient-1-1] DEBUG org.asynchttpclient.netty.channel.DefaultChannelPool - Entry count for : http://localhost:62773 : 1
01:50:02.382 [AsyncHttpClient-1-14] DEBUG org.asynchttpclient.netty.handler.HttpHandler - 

Request DefaultHttpRequest(decodeResult: success, version: HTTP/1.1)
POST /session/6f14e2ca72a66cb1053934781f2382cf/actions HTTP/1.1
User-Agent: selenium/4.12.0 (java windows)
Content-Length: 606
Content-Type: application/json; charset=utf-8
host: localhost:20443
accept: */*

Response DefaultHttpResponse(decodeResult: success, version: HTTP/1.1)
HTTP/1.1 200 OK
Content-Length: 14
Content-Type: application/json; charset=utf-8
cache-control: no-cache

01:50:02.388 [AsyncHttpClient-1-14] DEBUG org.asynchttpclient.netty.channel.ChannelManager - Adding key: http://localhost:20443 for channel [id: 0x78a4e09f, L:/127.0.0.1:62771 - R:localhost/127.0.0.1:20443]
01:50:02.388 [Forwarding findElement on session 6f14e2ca72a66cb1053934781f2382cf to remote] DEBUG org.asynchttpclient.netty.request.NettyRequestSender - Using pooled Channel '[id: 0x78a4e09f, L:/127.0.0.1:62771 - R:localhost/127.0.0.1:20443]' for 'POST' to 'http://localhost:20443/session/6f14e2ca72a66cb1053934781f2382cf/element'
01:50:02.388 [Forwarding findElement on session 6f14e2ca72a66cb1053934781f2382cf to remote] DEBUG org.asynchttpclient.netty.request.NettyRequestSender - Using open Channel [id: 0x78a4e09f, L:/127.0.0.1:62771 - R:localhost/127.0.0.1:20443] for POST '/session/6f14e2ca72a66cb1053934781f2382cf/element'
01:50:02.407 [AsyncHttpClient-1-14] DEBUG org.asynchttpclient.netty.handler.HttpHandler - 

Request DefaultHttpRequest(decodeResult: success, version: HTTP/1.1)
POST /session/6f14e2ca72a66cb1053934781f2382cf/element HTTP/1.1
User-Agent: selenium/4.12.0 (java windows)
Content-Length: 250
Content-Type: application/json; charset=utf-8
host: localhost:20443
accept: */*

Response DefaultHttpResponse(decodeResult: success, version: HTTP/1.1)
HTTP/1.1 200 OK
Content-Length: 127
Content-Type: application/json; charset=utf-8
cache-control: no-cache

01:50:02.407 [AsyncHttpClient-1-14] DEBUG org.asynchttpclient.netty.channel.ChannelManager - Adding key: http://localhost:20443 for channel [id: 0x78a4e09f, L:/127.0.0.1:62771 - R:localhost/127.0.0.1:20443]
01:50:02.407 [Forwarding actions on session 6f14e2ca72a66cb1053934781f2382cf to remote] DEBUG org.asynchttpclient.netty.request.NettyRequestSender - Using pooled Channel '[id: 0x78a4e09f, L:/127.0.0.1:62771 - R:localhost/127.0.0.1:20443]' for 'POST' to 'http://localhost:20443/session/6f14e2ca72a66cb1053934781f2382cf/actions'
01:50:02.407 [Forwarding actions on session 6f14e2ca72a66cb1053934781f2382cf to remote] DEBUG org.asynchttpclient.netty.request.NettyRequestSender - Using open Channel [id: 0x78a4e09f, L:/127.0.0.1:62771 - R:localhost/127.0.0.1:20443] for POST '/session/6f14e2ca72a66cb1053934781f2382cf/actions'
01:50:02.608 [AsyncHttpClient-1-14] DEBUG org.asynchttpclient.netty.handler.HttpHandler - 

Request DefaultHttpRequest(decodeResult: success, version: HTTP/1.1)
POST /session/6f14e2ca72a66cb1053934781f2382cf/actions HTTP/1.1
User-Agent: selenium/4.12.0 (java windows)
Content-Length: 606
Content-Type: application/json; charset=utf-8
host: localhost:20443
accept: */*

Response DefaultHttpResponse(decodeResult: success, version: HTTP/1.1)
HTTP/1.1 200 OK
Content-Length: 14
Content-Type: application/json; charset=utf-8
cache-control: no-cache

01:50:02.608 [AsyncHttpClient-1-14] DEBUG org.asynchttpclient.netty.channel.ChannelManager - Adding key: http://localhost:20443 for channel [id: 0x78a4e09f, L:/127.0.0.1:62771 - R:localhost/127.0.0.1:20443]
01:50:02.611 [Forwarding findElement on session 6f14e2ca72a66cb1053934781f2382cf to remote] DEBUG org.asynchttpclient.netty.request.NettyRequestSender - Using pooled Channel '[id: 0x78a4e09f, L:/127.0.0.1:62771 - R:localhost/127.0.0.1:20443]' for 'POST' to 'http://localhost:20443/session/6f14e2ca72a66cb1053934781f2382cf/element'
01:50:02.611 [Forwarding findElement on session 6f14e2ca72a66cb1053934781f2382cf to remote] DEBUG org.asynchttpclient.netty.request.NettyRequestSender - Using open Channel [id: 0x78a4e09f, L:/127.0.0.1:62771 - R:localhost/127.0.0.1:20443] for POST '/session/6f14e2ca72a66cb1053934781f2382cf/element'
01:50:02.628 [AsyncHttpClient-1-14] DEBUG org.asynchttpclient.netty.handler.HttpHandler - 

Request DefaultHttpRequest(decodeResult: success, version: HTTP/1.1)
POST /session/6f14e2ca72a66cb1053934781f2382cf/element HTTP/1.1
User-Agent: selenium/4.12.0 (java windows)
Content-Length: 250
Content-Type: application/json; charset=utf-8
host: localhost:20443
accept: */*

Response DefaultHttpResponse(decodeResult: success, version: HTTP/1.1)
HTTP/1.1 200 OK
Content-Length: 127
Content-Type: application/json; charset=utf-8
cache-control: no-cache

01:50:02.628 [AsyncHttpClient-1-14] DEBUG org.asynchttpclient.netty.channel.ChannelManager - Adding key: http://localhost:20443 for channel [id: 0x78a4e09f, L:/127.0.0.1:62771 - R:localhost/127.0.0.1:20443]
01:50:02.636 [Forwarding actions on session 6f14e2ca72a66cb1053934781f2382cf to remote] DEBUG org.asynchttpclient.netty.request.NettyRequestSender - Using pooled Channel '[id: 0x78a4e09f, L:/127.0.0.1:62771 - R:localhost/127.0.0.1:20443]' for 'POST' to 'http://localhost:20443/session/6f14e2ca72a66cb1053934781f2382cf/actions'
01:50:02.636 [Forwarding actions on session 6f14e2ca72a66cb1053934781f2382cf to remote] DEBUG org.asynchttpclient.netty.request.NettyRequestSender - Using open Channel [id: 0x78a4e09f, L:/127.0.0.1:62771 - R:localhost/127.0.0.1:20443] for POST '/session/6f14e2ca72a66cb1053934781f2382cf/actions'
01:50:02.818 [AsyncHttpClient-1-14] DEBUG org.asynchttpclient.netty.handler.HttpHandler - 

Request DefaultHttpRequest(decodeResult: success, version: HTTP/1.1)
POST /session/6f14e2ca72a66cb1053934781f2382cf/actions HTTP/1.1
User-Agent: selenium/4.12.0 (java windows)
Content-Length: 606
Content-Type: application/json; charset=utf-8
host: localhost:20443
accept: */*

Response DefaultHttpResponse(decodeResult: success, version: HTTP/1.1)
HTTP/1.1 200 OK
Content-Length: 14
Content-Type: application/json; charset=utf-8
cache-control: no-cache

01:50:02.818 [AsyncHttpClient-1-14] DEBUG org.asynchttpclient.netty.channel.ChannelManager - Adding key: http://localhost:20443 for channel [id: 0x78a4e09f, L:/127.0.0.1:62771 - R:localhost/127.0.0.1:20443]
01:50:02.819 [Forwarding findElement on session 6f14e2ca72a66cb1053934781f2382cf to remote] DEBUG org.asynchttpclient.netty.request.NettyRequestSender - Using pooled Channel '[id: 0x78a4e09f, L:/127.0.0.1:62771 - R:localhost/127.0.0.1:20443]' for 'POST' to 'http://localhost:20443/session/6f14e2ca72a66cb1053934781f2382cf/element'
01:50:02.819 [Forwarding findElement on session 6f14e2ca72a66cb1053934781f2382cf to remote] DEBUG org.asynchttpclient.netty.request.NettyRequestSender - Using open Channel [id: 0x78a4e09f, L:/127.0.0.1:62771 - R:localhost/127.0.0.1:20443] for POST '/session/6f14e2ca72a66cb1053934781f2382cf/element'
01:50:02.831 [AsyncHttpClient-1-14] DEBUG org.asynchttpclient.netty.handler.HttpHandler - 

Request DefaultHttpRequest(decodeResult: success, version: HTTP/1.1)
POST /session/6f14e2ca72a66cb1053934781f2382cf/element HTTP/1.1
User-Agent: selenium/4.12.0 (java windows)
Content-Length: 250
Content-Type: application/json; charset=utf-8
host: localhost:20443
accept: */*

Response DefaultHttpResponse(decodeResult: success, version: HTTP/1.1)
HTTP/1.1 200 OK
Content-Length: 127
Content-Type: application/json; charset=utf-8
cache-control: no-cache

01:50:02.831 [AsyncHttpClient-1-14] DEBUG org.asynchttpclient.netty.channel.ChannelManager - Adding key: http://localhost:20443 for channel [id: 0x78a4e09f, L:/127.0.0.1:62771 - R:localhost/127.0.0.1:20443]
01:50:02.839 [Forwarding actions on session 6f14e2ca72a66cb1053934781f2382cf to remote] DEBUG org.asynchttpclient.netty.request.NettyRequestSender - Using pooled Channel '[id: 0x78a4e09f, L:/127.0.0.1:62771 - R:localhost/127.0.0.1:20443]' for 'POST' to 'http://localhost:20443/session/6f14e2ca72a66cb1053934781f2382cf/actions'
01:50:02.839 [Forwarding actions on session 6f14e2ca72a66cb1053934781f2382cf to remote] DEBUG org.asynchttpclient.netty.request.NettyRequestSender - Using open Channel [id: 0x78a4e09f, L:/127.0.0.1:62771 - R:localhost/127.0.0.1:20443] for POST '/session/6f14e2ca72a66cb1053934781f2382cf/actions'
01:50:03.058 [AsyncHttpClient-1-14] DEBUG org.asynchttpclient.netty.handler.HttpHandler - 

Request DefaultHttpRequest(decodeResult: success, version: HTTP/1.1)
POST /session/6f14e2ca72a66cb1053934781f2382cf/actions HTTP/1.1
User-Agent: selenium/4.12.0 (java windows)
Content-Length: 606
Content-Type: application/json; charset=utf-8
host: localhost:20443
accept: */*

Response DefaultHttpResponse(decodeResult: success, version: HTTP/1.1)
HTTP/1.1 200 OK
Content-Length: 14
Content-Type: application/json; charset=utf-8
cache-control: no-cache

01:50:03.058 [AsyncHttpClient-1-14] DEBUG org.asynchttpclient.netty.channel.ChannelManager - Adding key: http://localhost:20443 for channel [id: 0x78a4e09f, L:/127.0.0.1:62771 - R:localhost/127.0.0.1:20443]
01:50:03.410 [AsyncHttpClient-1-1] DEBUG org.asynchttpclient.netty.channel.DefaultChannelPool - Entry count for : http://localhost:62773 : 1
01:50:03.410 [AsyncHttpClient-1-1] DEBUG org.asynchttpclient.netty.channel.DefaultChannelPool - Entry count for : http://localhost:20443 : 1
01:50:04.511 [AsyncHttpClient-1-1] DEBUG org.asynchttpclient.netty.channel.DefaultChannelPool - Entry count for : http://localhost:62773 : 1
01:50:04.511 [AsyncHttpClient-1-1] DEBUG org.asynchttpclient.netty.channel.DefaultChannelPool - Entry count for : http://localhost:20443 : 1
screen shot class not taking
  And Provide the Business hour04:00 15:00                               # StepDefination.Customer_onboarding.Provide_the_business_hores(java.lang.String,java.lang.String)
01:50:05.620 [AsyncHttpClient-1-1] DEBUG org.asynchttpclient.netty.channel.DefaultChannelPool - Entry count for : http://localhost:62773 : 1
01:50:05.620 [AsyncHttpClient-1-1] DEBUG org.asynchttpclient.netty.channel.DefaultChannelPool - Entry count for : http://localhost:20443 : 1
01:50:06.593 [Forwarding findElement on session 6f14e2ca72a66cb1053934781f2382cf to remote] DEBUG org.asynchttpclient.netty.request.NettyRequestSender - Using pooled Channel '[id: 0x78a4e09f, L:/127.0.0.1:62771 - R:localhost/127.0.0.1:20443]' for 'POST' to 'http://localhost:20443/session/6f14e2ca72a66cb1053934781f2382cf/element'
01:50:06.593 [Forwarding findElement on session 6f14e2ca72a66cb1053934781f2382cf to remote] DEBUG org.asynchttpclient.netty.request.NettyRequestSender - Using open Channel [id: 0x78a4e09f, L:/127.0.0.1:62771 - R:localhost/127.0.0.1:20443] for POST '/session/6f14e2ca72a66cb1053934781f2382cf/element'
01:50:06.609 [AsyncHttpClient-1-14] DEBUG org.asynchttpclient.netty.handler.HttpHandler - 

Request DefaultHttpRequest(decodeResult: success, version: HTTP/1.1)
POST /session/6f14e2ca72a66cb1053934781f2382cf/element HTTP/1.1
User-Agent: selenium/4.12.0 (java windows)
Content-Length: 72
Content-Type: application/json; charset=utf-8
host: localhost:20443
accept: */*

Response DefaultHttpResponse(decodeResult: success, version: HTTP/1.1)
HTTP/1.1 200 OK
Content-Length: 127
Content-Type: application/json; charset=utf-8
cache-control: no-cache

01:50:06.617 [AsyncHttpClient-1-14] DEBUG org.asynchttpclient.netty.channel.ChannelManager - Adding key: http://localhost:20443 for channel [id: 0x78a4e09f, L:/127.0.0.1:62771 - R:localhost/127.0.0.1:20443]
01:50:06.618 [Forwarding clickElement on session 6f14e2ca72a66cb1053934781f2382cf to remote] DEBUG org.asynchttpclient.netty.request.NettyRequestSender - Using pooled Channel '[id: 0x78a4e09f, L:/127.0.0.1:62771 - R:localhost/127.0.0.1:20443]' for 'POST' to 'http://localhost:20443/session/6f14e2ca72a66cb1053934781f2382cf/element/f.F7C2923727F8B25AA697250A5824495F.d.AB9F556D8CF8CA5C85E40FEED1761391.e.167/click'
01:50:06.618 [Forwarding clickElement on session 6f14e2ca72a66cb1053934781f2382cf to remote] DEBUG org.asynchttpclient.netty.request.NettyRequestSender - Using open Channel [id: 0x78a4e09f, L:/127.0.0.1:62771 - R:localhost/127.0.0.1:20443] for POST '/session/6f14e2ca72a66cb1053934781f2382cf/element/f.F7C2923727F8B25AA697250A5824495F.d.AB9F556D8CF8CA5C85E40FEED1761391.e.167/click'
01:50:06.716 [AsyncHttpClient-1-1] DEBUG org.asynchttpclient.netty.channel.DefaultChannelPool - Entry count for : http://localhost:62773 : 1
01:50:06.779 [AsyncHttpClient-1-14] DEBUG org.asynchttpclient.netty.handler.HttpHandler - 

Request DefaultHttpRequest(decodeResult: success, version: HTTP/1.1)
POST /session/6f14e2ca72a66cb1053934781f2382cf/element/f.F7C2923727F8B25AA697250A5824495F.d.AB9F556D8CF8CA5C85E40FEED1761391.e.167/click HTTP/1.1
User-Agent: selenium/4.12.0 (java windows)
Content-Length: 89
Content-Type: application/json; charset=utf-8
host: localhost:20443
accept: */*

Response DefaultHttpResponse(decodeResult: success, version: HTTP/1.1)
HTTP/1.1 200 OK
Content-Length: 14
Content-Type: application/json; charset=utf-8
cache-control: no-cache

01:50:06.779 [AsyncHttpClient-1-14] DEBUG org.asynchttpclient.netty.channel.ChannelManager - Adding key: http://localhost:20443 for channel [id: 0x78a4e09f, L:/127.0.0.1:62771 - R:localhost/127.0.0.1:20443]
screen shot class not taking
  When Submit the form                                                   # StepDefination.Customer_onboarding.Submit_the_form()
01:50:07.793 [Forwarding findElement on session 6f14e2ca72a66cb1053934781f2382cf to remote] DEBUG org.asynchttpclient.netty.request.NettyRequestSender - Using pooled Channel '[id: 0x78a4e09f, L:/127.0.0.1:62771 - R:localhost/127.0.0.1:20443]' for 'POST' to 'http://localhost:20443/session/6f14e2ca72a66cb1053934781f2382cf/element'
01:50:07.793 [Forwarding findElement on session 6f14e2ca72a66cb1053934781f2382cf to remote] DEBUG org.asynchttpclient.netty.request.NettyRequestSender - Using open Channel [id: 0x78a4e09f, L:/127.0.0.1:62771 - R:localhost/127.0.0.1:20443] for POST '/session/6f14e2ca72a66cb1053934781f2382cf/element'
01:50:07.819 [AsyncHttpClient-1-1] DEBUG org.asynchttpclient.netty.channel.DefaultChannelPool - Entry count for : http://localhost:62773 : 1
01:50:07.819 [AsyncHttpClient-1-14] DEBUG org.asynchttpclient.netty.handler.HttpHandler - 

Request DefaultHttpRequest(decodeResult: success, version: HTTP/1.1)
POST /session/6f14e2ca72a66cb1053934781f2382cf/element HTTP/1.1
User-Agent: selenium/4.12.0 (java windows)
Content-Length: 151
Content-Type: application/json; charset=utf-8
host: localhost:20443
accept: */*

Response DefaultHttpResponse(decodeResult: success, version: HTTP/1.1)
HTTP/1.1 200 OK
Content-Length: 127
Content-Type: application/json; charset=utf-8
cache-control: no-cache

01:50:07.819 [AsyncHttpClient-1-14] DEBUG org.asynchttpclient.netty.channel.ChannelManager - Adding key: http://localhost:20443 for channel [id: 0x78a4e09f, L:/127.0.0.1:62771 - R:localhost/127.0.0.1:20443]
01:50:07.819 [Forwarding clickElement on session 6f14e2ca72a66cb1053934781f2382cf to remote] DEBUG org.asynchttpclient.netty.request.NettyRequestSender - Using pooled Channel '[id: 0x78a4e09f, L:/127.0.0.1:62771 - R:localhost/127.0.0.1:20443]' for 'POST' to 'http://localhost:20443/session/6f14e2ca72a66cb1053934781f2382cf/element/f.F7C2923727F8B25AA697250A5824495F.d.AB9F556D8CF8CA5C85E40FEED1761391.e.169/click'
01:50:07.819 [Forwarding clickElement on session 6f14e2ca72a66cb1053934781f2382cf to remote] DEBUG org.asynchttpclient.netty.request.NettyRequestSender - Using open Channel [id: 0x78a4e09f, L:/127.0.0.1:62771 - R:localhost/127.0.0.1:20443] for POST '/session/6f14e2ca72a66cb1053934781f2382cf/element/f.F7C2923727F8B25AA697250A5824495F.d.AB9F556D8CF8CA5C85E40FEED1761391.e.169/click'
01:50:07.943 [AsyncHttpClient-1-14] DEBUG org.asynchttpclient.netty.handler.HttpHandler - 

Request DefaultHttpRequest(decodeResult: success, version: HTTP/1.1)
POST /session/6f14e2ca72a66cb1053934781f2382cf/element/f.F7C2923727F8B25AA697250A5824495F.d.AB9F556D8CF8CA5C85E40FEED1761391.e.169/click HTTP/1.1
User-Agent: selenium/4.12.0 (java windows)
Content-Length: 89
Content-Type: application/json; charset=utf-8
host: localhost:20443
accept: */*

Response DefaultHttpResponse(decodeResult: success, version: HTTP/1.1)
HTTP/1.1 200 OK
Content-Length: 14
Content-Type: application/json; charset=utf-8
cache-control: no-cache

01:50:07.943 [AsyncHttpClient-1-14] DEBUG org.asynchttpclient.netty.channel.ChannelManager - Adding key: http://localhost:20443 for channel [id: 0x78a4e09f, L:/127.0.0.1:62771 - R:localhost/127.0.0.1:20443]
screen shot class not taking
  And Tap back button                                                    # StepDefination.Customer_onboarding.Tap_back_button()
01:50:08.917 [AsyncHttpClient-1-1] DEBUG org.asynchttpclient.netty.channel.DefaultChannelPool - Entry count for : http://localhost:62773 : 1
01:50:08.917 [AsyncHttpClient-1-1] DEBUG org.asynchttpclient.netty.channel.DefaultChannelPool - Entry count for : http://localhost:20443 : 1
01:50:09.458 [Forwarding findElements on session 6f14e2ca72a66cb1053934781f2382cf to remote] DEBUG org.asynchttpclient.netty.request.NettyRequestSender - Using pooled Channel '[id: 0x78a4e09f, L:/127.0.0.1:62771 - R:localhost/127.0.0.1:20443]' for 'POST' to 'http://localhost:20443/session/6f14e2ca72a66cb1053934781f2382cf/elements'
01:50:09.458 [Forwarding findElements on session 6f14e2ca72a66cb1053934781f2382cf to remote] DEBUG org.asynchttpclient.netty.request.NettyRequestSender - Using open Channel [id: 0x78a4e09f, L:/127.0.0.1:62771 - R:localhost/127.0.0.1:20443] for POST '/session/6f14e2ca72a66cb1053934781f2382cf/elements'
01:50:09.474 [AsyncHttpClient-1-14] DEBUG org.asynchttpclient.netty.handler.HttpHandler - 

Request DefaultHttpRequest(decodeResult: success, version: HTTP/1.1)
POST /session/6f14e2ca72a66cb1053934781f2382cf/elements HTTP/1.1
User-Agent: selenium/4.12.0 (java windows)
Content-Length: 142
Content-Type: application/json; charset=utf-8
host: localhost:20443
accept: */*

Response DefaultHttpResponse(decodeResult: success, version: HTTP/1.1)
HTTP/1.1 200 OK
Content-Length: 12
Content-Type: application/json; charset=utf-8
cache-control: no-cache

01:50:09.474 [AsyncHttpClient-1-14] DEBUG org.asynchttpclient.netty.channel.ChannelManager - Adding key: http://localhost:20443 for channel [id: 0x78a4e09f, L:/127.0.0.1:62771 - R:localhost/127.0.0.1:20443]
Company Not created 
  Then customer successsfully added                                      # StepDefination.Customer_onboarding.customer_successsfully_added()
01:50:09.479 [AsyncHttpClient-1-16] DEBUG org.asynchttpclient.netty.handler.WebSocketHandler - Channel Closed: [id: 0x73fa2bfa, L:/127.0.0.1:62781 ! R:localhost/127.0.0.1:62773] with attribute DISCARD
01:50:09.479 [Driver Command Executor] DEBUG org.asynchttpclient.netty.request.NettyRequestSender - Using pooled Channel '[id: 0x78a4e09f, L:/127.0.0.1:62771 - R:localhost/127.0.0.1:20443]' for 'DELETE' to 'http://localhost:20443/session/6f14e2ca72a66cb1053934781f2382cf'
01:50:09.479 [Driver Command Executor] DEBUG org.asynchttpclient.netty.request.NettyRequestSender - Using open Channel [id: 0x78a4e09f, L:/127.0.0.1:62771 - R:localhost/127.0.0.1:20443] for DELETE '/session/6f14e2ca72a66cb1053934781f2382cf'
01:50:09.684 [AsyncHttpClient-1-15] DEBUG org.asynchttpclient.netty.handler.HttpHandler - Unexpected I/O exception on channel [id: 0xa5a6b993, L:/127.0.0.1:62780 - R:localhost/127.0.0.1:62773]
java.net.SocketException: Connection reset
	at java.base/sun.nio.ch.SocketChannelImpl.throwConnectionReset(SocketChannelImpl.java:394)
	at java.base/sun.nio.ch.SocketChannelImpl.read(SocketChannelImpl.java:426)
	at io.netty.buffer.PooledByteBuf.setBytes(PooledByteBuf.java:254)
	at io.netty.buffer.AbstractByteBuf.writeBytes(AbstractByteBuf.java:1132)
	at io.netty.channel.socket.nio.NioSocketChannel.doReadBytes(NioSocketChannel.java:357)
	at io.netty.channel.nio.AbstractNioByteChannel$NioByteUnsafe.read(AbstractNioByteChannel.java:151)
	at io.netty.channel.nio.NioEventLoop.processSelectedKey(NioEventLoop.java:788)
	at io.netty.channel.nio.NioEventLoop.processSelectedKeysOptimized(NioEventLoop.java:724)
	at io.netty.channel.nio.NioEventLoop.processSelectedKeys(NioEventLoop.java:650)
	at io.netty.channel.nio.NioEventLoop.run(NioEventLoop.java:562)
	at io.netty.util.concurrent.SingleThreadEventExecutor$4.run(SingleThreadEventExecutor.java:997)
	at io.netty.util.internal.ThreadExecutorMap$2.run(ThreadExecutorMap.java:74)
	at io.netty.util.concurrent.FastThreadLocalRunnable.run(FastThreadLocalRunnable.java:30)
	at java.base/java.lang.Thread.run(Thread.java:840)
01:50:09.684 [AsyncHttpClient-1-15] DEBUG org.asynchttpclient.netty.channel.ChannelManager - Closing Channel [id: 0xa5a6b993, L:/127.0.0.1:62780 - R:localhost/127.0.0.1:62773] 
01:50:09.684 [AsyncHttpClient-1-15] DEBUG org.asynchttpclient.netty.handler.HttpHandler - Channel Closed: [id: 0xa5a6b993, L:/127.0.0.1:62780 ! R:localhost/127.0.0.1:62773] with attribute DISCARD
01:50:09.721 [AsyncHttpClient-1-14] DEBUG org.asynchttpclient.netty.handler.HttpHandler - 

Request DefaultFullHttpRequest(decodeResult: success, version: HTTP/1.1, content: EmptyByteBufBE)
DELETE /session/6f14e2ca72a66cb1053934781f2382cf HTTP/1.1
User-Agent: selenium/4.12.0 (java windows)
Content-Type: application/json; charset=utf-8
host: localhost:20443
accept: */*

Response DefaultHttpResponse(decodeResult: success, version: HTTP/1.1)
HTTP/1.1 200 OK
Content-Length: 14
Content-Type: application/json; charset=utf-8
cache-control: no-cache

01:50:09.721 [AsyncHttpClient-1-14] DEBUG org.asynchttpclient.netty.channel.ChannelManager - Adding key: http://localhost:20443 for channel [id: 0x78a4e09f, L:/127.0.0.1:62771 - R:localhost/127.0.0.1:20443]
01:50:10.019 [AsyncHttpClient-1-1] DEBUG org.asynchttpclient.netty.channel.DefaultChannelPool - Entry count for : http://localhost:62773 : 1
01:50:10.019 [AsyncHttpClient-1-1] DEBUG org.asynchttpclient.netty.channel.DefaultChannelPool - Entry count for : http://localhost:20443 : 1
01:50:10.019 [AsyncHttpClient-1-1] DEBUG org.asynchttpclient.netty.channel.DefaultChannelPool - Adding Candidate expired Channel [id: 0xa5a6b993, L:/127.0.0.1:62780 ! R:localhost/127.0.0.1:62773] isIdleTimeoutExpired=false isRemotelyClosed=true isTtlExpired=false
01:50:10.019 [AsyncHttpClient-1-1] DEBUG org.asynchttpclient.netty.channel.DefaultChannelPool - Closing Idle Channel [id: 0xa5a6b993, L:/127.0.0.1:62780 ! R:localhost/127.0.0.1:62773]
01:50:10.019 [AsyncHttpClient-1-1] DEBUG org.asynchttpclient.netty.channel.DefaultChannelPool - Closed 1 connections out of 2 in 0 ms
01:50:10.300 [AsyncHttpClient-1-14] DEBUG org.asynchttpclient.netty.handler.HttpHandler - Channel Closed: [id: 0x78a4e09f, L:/127.0.0.1:62771 ! R:localhost/127.0.0.1:20443] with attribute DISCARD
  And Close_Window                                                       # StepDefination.Customer_onboarding.close_window()
WebDriver is null. Nothing to close.
]]></system-out>
    <system-err><![CDATA[Jan 25, 2025 1:49:26 AM org.openqa.selenium.devtools.CdpVersionFinder findNearestMatch
WARNING: Unable to find CDP implementation matching 131
Jan 25, 2025 1:49:26 AM org.openqa.selenium.chromium.ChromiumDriver lambda$new$5
WARNING: Unable to find version of CDP to use for 131.0.6778.265. You may need to include a dependency on a specific version of the CDP using something similar to `org.seleniumhq.selenium:selenium-devtools-v86:4.12.0` where the version ("v86") matches the version of the chromium-based browser you're using and the version number of the artifact is the same as Selenium's.
]]></system-err>
  </testcase>
  <testcase name="Add single customer with company name and address" classname="Customer Onboarding form for Broker" time="28.454">
    <system-out><![CDATA[
Scenario Outline: Add single customer with company name and address # src/test/resources/Customers/Customer_form.feature:36
01:50:10.749 [AsyncHttpClient-1-17] DEBUG org.asynchttpclient.netty.channel.NettyConnectListener - Using new Channel '[id: 0x3cb3eb23, L:/127.0.0.1:62838 - R:localhost/127.0.0.1:1471]' for 'POST' to '/session'
01:50:11.114 [AsyncHttpClient-1-1] DEBUG org.asynchttpclient.netty.channel.DefaultChannelPool - Entry count for : http://localhost:20443 : 1
01:50:11.114 [AsyncHttpClient-1-1] DEBUG org.asynchttpclient.netty.channel.DefaultChannelPool - Adding Candidate expired Channel [id: 0x78a4e09f, L:/127.0.0.1:62771 ! R:localhost/127.0.0.1:20443] isIdleTimeoutExpired=false isRemotelyClosed=true isTtlExpired=false
01:50:11.114 [AsyncHttpClient-1-1] DEBUG org.asynchttpclient.netty.channel.DefaultChannelPool - Closing Idle Channel [id: 0x78a4e09f, L:/127.0.0.1:62771 ! R:localhost/127.0.0.1:20443]
01:50:11.114 [AsyncHttpClient-1-1] DEBUG org.asynchttpclient.netty.channel.DefaultChannelPool - Closed 1 connections out of 1 in 0 ms
01:50:12.049 [AsyncHttpClient-1-17] DEBUG org.asynchttpclient.netty.handler.HttpHandler - 

Request DefaultHttpRequest(decodeResult: success, version: HTTP/1.1)
POST /session HTTP/1.1
User-Agent: selenium/4.12.0 (java windows)
Content-Length: 254
Content-Type: application/json; charset=utf-8
host: localhost:1471
accept: */*

Response DefaultHttpResponse(decodeResult: success, version: HTTP/1.1)
HTTP/1.1 200 OK
Content-Length: 887
Content-Type: application/json; charset=utf-8
cache-control: no-cache

01:50:12.049 [AsyncHttpClient-1-17] DEBUG org.asynchttpclient.netty.channel.ChannelManager - Adding key: http://localhost:1471 for channel [id: 0x3cb3eb23, L:/127.0.0.1:62838 - R:localhost/127.0.0.1:1471]
01:50:12.065 [AsyncHttpClient-1-18] DEBUG org.asynchttpclient.netty.channel.NettyConnectListener - Using new Channel '[id: 0x2bfeee34, L:/127.0.0.1:62847 - R:localhost/127.0.0.1:62839]' for 'GET' to '/json/version'
01:50:12.073 [AsyncHttpClient-1-18] DEBUG org.asynchttpclient.netty.handler.HttpHandler - 

Request DefaultFullHttpRequest(decodeResult: success, version: HTTP/1.1, content: EmptyByteBufBE)
GET /json/version HTTP/1.1
User-Agent: selenium/4.12.0 (java windows)
host: localhost:62839
accept: */*

Response DefaultHttpResponse(decodeResult: success, version: HTTP/1.1)
HTTP/1.1 200 OK
Content-Security-Policy: frame-ancestors 'none'
Content-Length: 424
Content-Type: application/json; charset=UTF-8

01:50:12.073 [AsyncHttpClient-1-18] DEBUG org.asynchttpclient.netty.channel.ChannelManager - Adding key: http://localhost:62839 for channel [id: 0x2bfeee34, L:/127.0.0.1:62847 - R:localhost/127.0.0.1:62839]
01:50:12.073 [AsyncHttpClient-1-19] DEBUG org.asynchttpclient.netty.channel.NettyConnectListener - Using new Channel '[id: 0x5aa27c6f, L:/127.0.0.1:62848 - R:localhost/127.0.0.1:62839]' for 'GET' to '/devtools/browser/9e475a8e-0850-49de-8c0b-37778d750177'
01:50:12.081 [AsyncHttpClient-1-19] DEBUG org.asynchttpclient.netty.handler.WebSocketHandler - 

Request DefaultFullHttpRequest(decodeResult: success, version: HTTP/1.1, content: EmptyByteBufBE)
GET /devtools/browser/9e475a8e-0850-49de-8c0b-37778d750177 HTTP/1.1
upgrade: websocket
connection: upgrade
sec-websocket-key: pmw4E+j9jHRYvgwVY5Xlpw==
sec-websocket-version: 13
origin: http://localhost:62839
host: localhost:62839
accept: */*
user-agent: AHC/2.1

Response DefaultHttpResponse(decodeResult: success, version: HTTP/1.1)
HTTP/1.1 101 WebSocket Protocol Handshake
Upgrade: WebSocket
Connection: Upgrade
Sec-WebSocket-Accept: 2Qw17qfCW1WGh1PrKLp6c+U9tLU=

01:50:12.089 [Forwarding get on session 0301f929d1e8ca286bf6db3c67543429 to remote] DEBUG org.asynchttpclient.netty.request.NettyRequestSender - Using pooled Channel '[id: 0x3cb3eb23, L:/127.0.0.1:62838 - R:localhost/127.0.0.1:1471]' for 'POST' to 'http://localhost:1471/session/0301f929d1e8ca286bf6db3c67543429/url'
01:50:12.089 [Forwarding get on session 0301f929d1e8ca286bf6db3c67543429 to remote] DEBUG org.asynchttpclient.netty.request.NettyRequestSender - Using open Channel [id: 0x3cb3eb23, L:/127.0.0.1:62838 - R:localhost/127.0.0.1:1471] for POST '/session/0301f929d1e8ca286bf6db3c67543429/url'
01:50:12.211 [AsyncHttpClient-1-1] DEBUG org.asynchttpclient.netty.channel.DefaultChannelPool - Entry count for : http://localhost:62839 : 1
01:50:13.309 [AsyncHttpClient-1-1] DEBUG org.asynchttpclient.netty.channel.DefaultChannelPool - Entry count for : http://localhost:62839 : 1
01:50:14.421 [AsyncHttpClient-1-1] DEBUG org.asynchttpclient.netty.channel.DefaultChannelPool - Entry count for : http://localhost:62839 : 1
01:50:15.249 [AsyncHttpClient-1-17] DEBUG org.asynchttpclient.netty.handler.HttpHandler - 

Request DefaultHttpRequest(decodeResult: success, version: HTTP/1.1)
POST /session/0301f929d1e8ca286bf6db3c67543429/url HTTP/1.1
User-Agent: selenium/4.12.0 (java windows)
Content-Length: 79
Content-Type: application/json; charset=utf-8
host: localhost:1471
accept: */*

Response DefaultHttpResponse(decodeResult: success, version: HTTP/1.1)
HTTP/1.1 200 OK
Content-Length: 14
Content-Type: application/json; charset=utf-8
cache-control: no-cache

01:50:15.249 [AsyncHttpClient-1-17] DEBUG org.asynchttpclient.netty.channel.ChannelManager - Adding key: http://localhost:1471 for channel [id: 0x3cb3eb23, L:/127.0.0.1:62838 - R:localhost/127.0.0.1:1471]
01:50:15.250 [Forwarding maximizeCurrentWindow on session 0301f929d1e8ca286bf6db3c67543429 to remote] DEBUG org.asynchttpclient.netty.request.NettyRequestSender - Using pooled Channel '[id: 0x3cb3eb23, L:/127.0.0.1:62838 - R:localhost/127.0.0.1:1471]' for 'POST' to 'http://localhost:1471/session/0301f929d1e8ca286bf6db3c67543429/window/maximize'
01:50:15.250 [Forwarding maximizeCurrentWindow on session 0301f929d1e8ca286bf6db3c67543429 to remote] DEBUG org.asynchttpclient.netty.request.NettyRequestSender - Using open Channel [id: 0x3cb3eb23, L:/127.0.0.1:62838 - R:localhost/127.0.0.1:1471] for POST '/session/0301f929d1e8ca286bf6db3c67543429/window/maximize'
01:50:15.332 [AsyncHttpClient-1-17] DEBUG org.asynchttpclient.netty.handler.HttpHandler - 

Request DefaultHttpRequest(decodeResult: success, version: HTTP/1.1)
POST /session/0301f929d1e8ca286bf6db3c67543429/window/maximize HTTP/1.1
User-Agent: selenium/4.12.0 (java windows)
Content-Length: 3
Content-Type: application/json; charset=utf-8
host: localhost:1471
accept: */*

Response DefaultHttpResponse(decodeResult: success, version: HTTP/1.1)
HTTP/1.1 200 OK
Content-Length: 51
Content-Type: application/json; charset=utf-8
cache-control: no-cache

01:50:15.332 [AsyncHttpClient-1-17] DEBUG org.asynchttpclient.netty.channel.ChannelManager - Adding key: http://localhost:1471 for channel [id: 0x3cb3eb23, L:/127.0.0.1:62838 - R:localhost/127.0.0.1:1471]
01:50:15.337 [Forwarding findElement on session 0301f929d1e8ca286bf6db3c67543429 to remote] DEBUG org.asynchttpclient.netty.request.NettyRequestSender - Using pooled Channel '[id: 0x3cb3eb23, L:/127.0.0.1:62838 - R:localhost/127.0.0.1:1471]' for 'POST' to 'http://localhost:1471/session/0301f929d1e8ca286bf6db3c67543429/element'
01:50:15.337 [Forwarding findElement on session 0301f929d1e8ca286bf6db3c67543429 to remote] DEBUG org.asynchttpclient.netty.request.NettyRequestSender - Using open Channel [id: 0x3cb3eb23, L:/127.0.0.1:62838 - R:localhost/127.0.0.1:1471] for POST '/session/0301f929d1e8ca286bf6db3c67543429/element'
01:50:15.372 [AsyncHttpClient-1-17] DEBUG org.asynchttpclient.netty.handler.HttpHandler - 

Request DefaultHttpRequest(decodeResult: success, version: HTTP/1.1)
POST /session/0301f929d1e8ca286bf6db3c67543429/element HTTP/1.1
User-Agent: selenium/4.12.0 (java windows)
Content-Length: 69
Content-Type: application/json; charset=utf-8
host: localhost:1471
accept: */*

Response DefaultHttpResponse(decodeResult: success, version: HTTP/1.1)
HTTP/1.1 200 OK
Content-Length: 125
Content-Type: application/json; charset=utf-8
cache-control: no-cache

01:50:15.372 [AsyncHttpClient-1-17] DEBUG org.asynchttpclient.netty.channel.ChannelManager - Adding key: http://localhost:1471 for channel [id: 0x3cb3eb23, L:/127.0.0.1:62838 - R:localhost/127.0.0.1:1471]
01:50:15.374 [Forwarding sendKeysToElement on session 0301f929d1e8ca286bf6db3c67543429 to remote] DEBUG org.asynchttpclient.netty.request.NettyRequestSender - Using pooled Channel '[id: 0x3cb3eb23, L:/127.0.0.1:62838 - R:localhost/127.0.0.1:1471]' for 'POST' to 'http://localhost:1471/session/0301f929d1e8ca286bf6db3c67543429/element/f.E55001CCC7F03BAAD8FEDD228B156A19.d.22712C9DAA1AF80312396B0CF5704DEB.e.4/value'
01:50:15.374 [Forwarding sendKeysToElement on session 0301f929d1e8ca286bf6db3c67543429 to remote] DEBUG org.asynchttpclient.netty.request.NettyRequestSender - Using open Channel [id: 0x3cb3eb23, L:/127.0.0.1:62838 - R:localhost/127.0.0.1:1471] for POST '/session/0301f929d1e8ca286bf6db3c67543429/element/f.E55001CCC7F03BAAD8FEDD228B156A19.d.22712C9DAA1AF80312396B0CF5704DEB.e.4/value'
01:50:15.510 [AsyncHttpClient-1-1] DEBUG org.asynchttpclient.netty.channel.DefaultChannelPool - Entry count for : http://localhost:62839 : 1
01:50:15.623 [AsyncHttpClient-1-17] DEBUG org.asynchttpclient.netty.handler.HttpHandler - 

Request DefaultHttpRequest(decodeResult: success, version: HTTP/1.1)
POST /session/0301f929d1e8ca286bf6db3c67543429/element/f.E55001CCC7F03BAAD8FEDD228B156A19.d.22712C9DAA1AF80312396B0CF5704DEB.e.4/value HTTP/1.1
User-Agent: selenium/4.12.0 (java windows)
Content-Length: 328
Content-Type: application/json; charset=utf-8
host: localhost:1471
accept: */*

Response DefaultHttpResponse(decodeResult: success, version: HTTP/1.1)
HTTP/1.1 200 OK
Content-Length: 14
Content-Type: application/json; charset=utf-8
cache-control: no-cache

01:50:15.624 [AsyncHttpClient-1-17] DEBUG org.asynchttpclient.netty.channel.ChannelManager - Adding key: http://localhost:1471 for channel [id: 0x3cb3eb23, L:/127.0.0.1:62838 - R:localhost/127.0.0.1:1471]
01:50:15.625 [Forwarding findElement on session 0301f929d1e8ca286bf6db3c67543429 to remote] DEBUG org.asynchttpclient.netty.request.NettyRequestSender - Using pooled Channel '[id: 0x3cb3eb23, L:/127.0.0.1:62838 - R:localhost/127.0.0.1:1471]' for 'POST' to 'http://localhost:1471/session/0301f929d1e8ca286bf6db3c67543429/element'
01:50:15.625 [Forwarding findElement on session 0301f929d1e8ca286bf6db3c67543429 to remote] DEBUG org.asynchttpclient.netty.request.NettyRequestSender - Using open Channel [id: 0x3cb3eb23, L:/127.0.0.1:62838 - R:localhost/127.0.0.1:1471] for POST '/session/0301f929d1e8ca286bf6db3c67543429/element'
01:50:15.642 [AsyncHttpClient-1-17] DEBUG org.asynchttpclient.netty.handler.HttpHandler - 

Request DefaultHttpRequest(decodeResult: success, version: HTTP/1.1)
POST /session/0301f929d1e8ca286bf6db3c67543429/element HTTP/1.1
User-Agent: selenium/4.12.0 (java windows)
Content-Length: 72
Content-Type: application/json; charset=utf-8
host: localhost:1471
accept: */*

Response DefaultHttpResponse(decodeResult: success, version: HTTP/1.1)
HTTP/1.1 200 OK
Content-Length: 125
Content-Type: application/json; charset=utf-8
cache-control: no-cache

01:50:15.644 [AsyncHttpClient-1-17] DEBUG org.asynchttpclient.netty.channel.ChannelManager - Adding key: http://localhost:1471 for channel [id: 0x3cb3eb23, L:/127.0.0.1:62838 - R:localhost/127.0.0.1:1471]
01:50:15.645 [Forwarding sendKeysToElement on session 0301f929d1e8ca286bf6db3c67543429 to remote] DEBUG org.asynchttpclient.netty.request.NettyRequestSender - Using pooled Channel '[id: 0x3cb3eb23, L:/127.0.0.1:62838 - R:localhost/127.0.0.1:1471]' for 'POST' to 'http://localhost:1471/session/0301f929d1e8ca286bf6db3c67543429/element/f.E55001CCC7F03BAAD8FEDD228B156A19.d.22712C9DAA1AF80312396B0CF5704DEB.e.6/value'
01:50:15.645 [Forwarding sendKeysToElement on session 0301f929d1e8ca286bf6db3c67543429 to remote] DEBUG org.asynchttpclient.netty.request.NettyRequestSender - Using open Channel [id: 0x3cb3eb23, L:/127.0.0.1:62838 - R:localhost/127.0.0.1:1471] for POST '/session/0301f929d1e8ca286bf6db3c67543429/element/f.E55001CCC7F03BAAD8FEDD228B156A19.d.22712C9DAA1AF80312396B0CF5704DEB.e.6/value'
01:50:15.907 [AsyncHttpClient-1-17] DEBUG org.asynchttpclient.netty.handler.HttpHandler - 

Request DefaultHttpRequest(decodeResult: success, version: HTTP/1.1)
POST /session/0301f929d1e8ca286bf6db3c67543429/element/f.E55001CCC7F03BAAD8FEDD228B156A19.d.22712C9DAA1AF80312396B0CF5704DEB.e.6/value HTTP/1.1
User-Agent: selenium/4.12.0 (java windows)
Content-Length: 198
Content-Type: application/json; charset=utf-8
host: localhost:1471
accept: */*

Response DefaultHttpResponse(decodeResult: success, version: HTTP/1.1)
HTTP/1.1 200 OK
Content-Length: 14
Content-Type: application/json; charset=utf-8
cache-control: no-cache

01:50:15.907 [AsyncHttpClient-1-17] DEBUG org.asynchttpclient.netty.channel.ChannelManager - Adding key: http://localhost:1471 for channel [id: 0x3cb3eb23, L:/127.0.0.1:62838 - R:localhost/127.0.0.1:1471]
01:50:15.909 [Forwarding findElement on session 0301f929d1e8ca286bf6db3c67543429 to remote] DEBUG org.asynchttpclient.netty.request.NettyRequestSender - Using pooled Channel '[id: 0x3cb3eb23, L:/127.0.0.1:62838 - R:localhost/127.0.0.1:1471]' for 'POST' to 'http://localhost:1471/session/0301f929d1e8ca286bf6db3c67543429/element'
01:50:15.909 [Forwarding findElement on session 0301f929d1e8ca286bf6db3c67543429 to remote] DEBUG org.asynchttpclient.netty.request.NettyRequestSender - Using open Channel [id: 0x3cb3eb23, L:/127.0.0.1:62838 - R:localhost/127.0.0.1:1471] for POST '/session/0301f929d1e8ca286bf6db3c67543429/element'
01:50:15.929 [AsyncHttpClient-1-17] DEBUG org.asynchttpclient.netty.handler.HttpHandler - 

Request DefaultHttpRequest(decodeResult: success, version: HTTP/1.1)
POST /session/0301f929d1e8ca286bf6db3c67543429/element HTTP/1.1
User-Agent: selenium/4.12.0 (java windows)
Content-Length: 73
Content-Type: application/json; charset=utf-8
host: localhost:1471
accept: */*

Response DefaultHttpResponse(decodeResult: success, version: HTTP/1.1)
HTTP/1.1 200 OK
Content-Length: 125
Content-Type: application/json; charset=utf-8
cache-control: no-cache

01:50:15.929 [AsyncHttpClient-1-17] DEBUG org.asynchttpclient.netty.channel.ChannelManager - Adding key: http://localhost:1471 for channel [id: 0x3cb3eb23, L:/127.0.0.1:62838 - R:localhost/127.0.0.1:1471]
01:50:15.931 [Forwarding clickElement on session 0301f929d1e8ca286bf6db3c67543429 to remote] DEBUG org.asynchttpclient.netty.request.NettyRequestSender - Using pooled Channel '[id: 0x3cb3eb23, L:/127.0.0.1:62838 - R:localhost/127.0.0.1:1471]' for 'POST' to 'http://localhost:1471/session/0301f929d1e8ca286bf6db3c67543429/element/f.E55001CCC7F03BAAD8FEDD228B156A19.d.22712C9DAA1AF80312396B0CF5704DEB.e.8/click'
01:50:15.931 [Forwarding clickElement on session 0301f929d1e8ca286bf6db3c67543429 to remote] DEBUG org.asynchttpclient.netty.request.NettyRequestSender - Using open Channel [id: 0x3cb3eb23, L:/127.0.0.1:62838 - R:localhost/127.0.0.1:1471] for POST '/session/0301f929d1e8ca286bf6db3c67543429/element/f.E55001CCC7F03BAAD8FEDD228B156A19.d.22712C9DAA1AF80312396B0CF5704DEB.e.8/click'
01:50:16.114 [AsyncHttpClient-1-17] DEBUG org.asynchttpclient.netty.handler.HttpHandler - 

Request DefaultHttpRequest(decodeResult: success, version: HTTP/1.1)
POST /session/0301f929d1e8ca286bf6db3c67543429/element/f.E55001CCC7F03BAAD8FEDD228B156A19.d.22712C9DAA1AF80312396B0CF5704DEB.e.8/click HTTP/1.1
User-Agent: selenium/4.12.0 (java windows)
Content-Length: 87
Content-Type: application/json; charset=utf-8
host: localhost:1471
accept: */*

Response DefaultHttpResponse(decodeResult: success, version: HTTP/1.1)
HTTP/1.1 200 OK
Content-Length: 14
Content-Type: application/json; charset=utf-8
cache-control: no-cache

01:50:16.115 [AsyncHttpClient-1-17] DEBUG org.asynchttpclient.netty.channel.ChannelManager - Adding key: http://localhost:1471 for channel [id: 0x3cb3eb23, L:/127.0.0.1:62838 - R:localhost/127.0.0.1:1471]
01:50:16.609 [AsyncHttpClient-1-1] DEBUG org.asynchttpclient.netty.channel.DefaultChannelPool - Entry count for : http://localhost:1471 : 1
01:50:16.609 [AsyncHttpClient-1-1] DEBUG org.asynchttpclient.netty.channel.DefaultChannelPool - Entry count for : http://localhost:62839 : 1
01:50:17.708 [AsyncHttpClient-1-1] DEBUG org.asynchttpclient.netty.channel.DefaultChannelPool - Entry count for : http://localhost:1471 : 1
01:50:17.708 [AsyncHttpClient-1-1] DEBUG org.asynchttpclient.netty.channel.DefaultChannelPool - Entry count for : http://localhost:62839 : 1
01:50:18.814 [AsyncHttpClient-1-1] DEBUG org.asynchttpclient.netty.channel.DefaultChannelPool - Entry count for : http://localhost:1471 : 1
01:50:18.814 [AsyncHttpClient-1-1] DEBUG org.asynchttpclient.netty.channel.DefaultChannelPool - Entry count for : http://localhost:62839 : 1
01:50:19.907 [AsyncHttpClient-1-1] DEBUG org.asynchttpclient.netty.channel.DefaultChannelPool - Entry count for : http://localhost:1471 : 1
01:50:19.907 [AsyncHttpClient-1-1] DEBUG org.asynchttpclient.netty.channel.DefaultChannelPool - Entry count for : http://localhost:62839 : 1
01:50:21.007 [AsyncHttpClient-1-1] DEBUG org.asynchttpclient.netty.channel.DefaultChannelPool - Entry count for : http://localhost:1471 : 1
01:50:21.007 [AsyncHttpClient-1-1] DEBUG org.asynchttpclient.netty.channel.DefaultChannelPool - Entry count for : http://localhost:62839 : 1
01:50:21.131 [Forwarding getCurrentUrl on session 0301f929d1e8ca286bf6db3c67543429 to remote] DEBUG org.asynchttpclient.netty.request.NettyRequestSender - Using pooled Channel '[id: 0x3cb3eb23, L:/127.0.0.1:62838 - R:localhost/127.0.0.1:1471]' for 'GET' to 'http://localhost:1471/session/0301f929d1e8ca286bf6db3c67543429/url'
01:50:21.131 [Forwarding getCurrentUrl on session 0301f929d1e8ca286bf6db3c67543429 to remote] DEBUG org.asynchttpclient.netty.request.NettyRequestSender - Using open Channel [id: 0x3cb3eb23, L:/127.0.0.1:62838 - R:localhost/127.0.0.1:1471] for GET '/session/0301f929d1e8ca286bf6db3c67543429/url'
01:50:21.143 [AsyncHttpClient-1-17] DEBUG org.asynchttpclient.netty.handler.HttpHandler - 

Request DefaultFullHttpRequest(decodeResult: success, version: HTTP/1.1, content: EmptyByteBufBE)
GET /session/0301f929d1e8ca286bf6db3c67543429/url HTTP/1.1
Cache-Control: no-cache
User-Agent: selenium/4.12.0 (java windows)
Content-Type: application/json; charset=utf-8
host: localhost:1471
accept: */*

Response DefaultHttpResponse(decodeResult: success, version: HTTP/1.1)
HTTP/1.1 200 OK
Content-Length: 56
Content-Type: application/json; charset=utf-8
cache-control: no-cache

01:50:21.143 [AsyncHttpClient-1-17] DEBUG org.asynchttpclient.netty.channel.ChannelManager - Adding key: http://localhost:1471 for channel [id: 0x3cb3eb23, L:/127.0.0.1:62838 - R:localhost/127.0.0.1:1471]
Site 1: https://platform.fleetsyncs.com/admin/onboarding/broker/load-tender
Site 2: https://platform.fleetsyncs.com/auth/sign-in
Site 2: https://platform.fleetsyncs.com/auth/sign-in
https://platform.fleetsyncs.com/auth/sign-in
01:50:21.144 [Forwarding findElement on session 0301f929d1e8ca286bf6db3c67543429 to remote] DEBUG org.asynchttpclient.netty.request.NettyRequestSender - Using pooled Channel '[id: 0x3cb3eb23, L:/127.0.0.1:62838 - R:localhost/127.0.0.1:1471]' for 'POST' to 'http://localhost:1471/session/0301f929d1e8ca286bf6db3c67543429/element'
01:50:21.144 [Forwarding findElement on session 0301f929d1e8ca286bf6db3c67543429 to remote] DEBUG org.asynchttpclient.netty.request.NettyRequestSender - Using open Channel [id: 0x3cb3eb23, L:/127.0.0.1:62838 - R:localhost/127.0.0.1:1471] for POST '/session/0301f929d1e8ca286bf6db3c67543429/element'
01:50:21.164 [AsyncHttpClient-1-17] DEBUG org.asynchttpclient.netty.handler.HttpHandler - 

Request DefaultHttpRequest(decodeResult: success, version: HTTP/1.1)
POST /session/0301f929d1e8ca286bf6db3c67543429/element HTTP/1.1
User-Agent: selenium/4.12.0 (java windows)
Content-Length: 66
Content-Type: application/json; charset=utf-8
host: localhost:1471
accept: */*

Response DefaultHttpResponse(decodeResult: success, version: HTTP/1.1)
HTTP/1.1 200 OK
Content-Length: 126
Content-Type: application/json; charset=utf-8
cache-control: no-cache

01:50:21.164 [AsyncHttpClient-1-17] DEBUG org.asynchttpclient.netty.channel.ChannelManager - Adding key: http://localhost:1471 for channel [id: 0x3cb3eb23, L:/127.0.0.1:62838 - R:localhost/127.0.0.1:1471]
01:50:21.167 [Forwarding isElementDisplayed on session 0301f929d1e8ca286bf6db3c67543429 to remote] DEBUG org.asynchttpclient.netty.request.NettyRequestSender - Using pooled Channel '[id: 0x3cb3eb23, L:/127.0.0.1:62838 - R:localhost/127.0.0.1:1471]' for 'POST' to 'http://localhost:1471/session/0301f929d1e8ca286bf6db3c67543429/execute/sync'
01:50:21.167 [Forwarding isElementDisplayed on session 0301f929d1e8ca286bf6db3c67543429 to remote] DEBUG org.asynchttpclient.netty.request.NettyRequestSender - Using open Channel [id: 0x3cb3eb23, L:/127.0.0.1:62838 - R:localhost/127.0.0.1:1471] for POST '/session/0301f929d1e8ca286bf6db3c67543429/execute/sync'
01:50:21.186 [AsyncHttpClient-1-17] DEBUG org.asynchttpclient.netty.handler.HttpHandler - 

Request DefaultHttpRequest(decodeResult: success, version: HTTP/1.1)
POST /session/0301f929d1e8ca286bf6db3c67543429/execute/sync HTTP/1.1
User-Agent: selenium/4.12.0 (java windows)
Content-Length: 48734
Content-Type: application/json; charset=utf-8
host: localhost:1471
accept: */*

Response DefaultHttpResponse(decodeResult: success, version: HTTP/1.1)
HTTP/1.1 200 OK
Content-Length: 14
Content-Type: application/json; charset=utf-8
cache-control: no-cache

01:50:21.186 [AsyncHttpClient-1-17] DEBUG org.asynchttpclient.netty.channel.ChannelManager - Adding key: http://localhost:1471 for channel [id: 0x3cb3eb23, L:/127.0.0.1:62838 - R:localhost/127.0.0.1:1471]
01:50:21.187 [Forwarding findElement on session 0301f929d1e8ca286bf6db3c67543429 to remote] DEBUG org.asynchttpclient.netty.request.NettyRequestSender - Using pooled Channel '[id: 0x3cb3eb23, L:/127.0.0.1:62838 - R:localhost/127.0.0.1:1471]' for 'POST' to 'http://localhost:1471/session/0301f929d1e8ca286bf6db3c67543429/element'
01:50:21.187 [Forwarding findElement on session 0301f929d1e8ca286bf6db3c67543429 to remote] DEBUG org.asynchttpclient.netty.request.NettyRequestSender - Using open Channel [id: 0x3cb3eb23, L:/127.0.0.1:62838 - R:localhost/127.0.0.1:1471] for POST '/session/0301f929d1e8ca286bf6db3c67543429/element'
01:50:21.198 [AsyncHttpClient-1-17] DEBUG org.asynchttpclient.netty.handler.HttpHandler - 

Request DefaultHttpRequest(decodeResult: success, version: HTTP/1.1)
POST /session/0301f929d1e8ca286bf6db3c67543429/element HTTP/1.1
User-Agent: selenium/4.12.0 (java windows)
Content-Length: 66
Content-Type: application/json; charset=utf-8
host: localhost:1471
accept: */*

Response DefaultHttpResponse(decodeResult: success, version: HTTP/1.1)
HTTP/1.1 200 OK
Content-Length: 126
Content-Type: application/json; charset=utf-8
cache-control: no-cache

01:50:21.198 [AsyncHttpClient-1-17] DEBUG org.asynchttpclient.netty.channel.ChannelManager - Adding key: http://localhost:1471 for channel [id: 0x3cb3eb23, L:/127.0.0.1:62838 - R:localhost/127.0.0.1:1471]
01:50:21.199 [Forwarding getElementText on session 0301f929d1e8ca286bf6db3c67543429 to remote] DEBUG org.asynchttpclient.netty.request.NettyRequestSender - Using pooled Channel '[id: 0x3cb3eb23, L:/127.0.0.1:62838 - R:localhost/127.0.0.1:1471]' for 'GET' to 'http://localhost:1471/session/0301f929d1e8ca286bf6db3c67543429/element/f.E55001CCC7F03BAAD8FEDD228B156A19.d.22712C9DAA1AF80312396B0CF5704DEB.e.19/text'
01:50:21.199 [Forwarding getElementText on session 0301f929d1e8ca286bf6db3c67543429 to remote] DEBUG org.asynchttpclient.netty.request.NettyRequestSender - Using open Channel [id: 0x3cb3eb23, L:/127.0.0.1:62838 - R:localhost/127.0.0.1:1471] for GET '/session/0301f929d1e8ca286bf6db3c67543429/element/f.E55001CCC7F03BAAD8FEDD228B156A19.d.22712C9DAA1AF80312396B0CF5704DEB.e.19/text'
01:50:21.216 [AsyncHttpClient-1-17] DEBUG org.asynchttpclient.netty.handler.HttpHandler - 

Request DefaultFullHttpRequest(decodeResult: success, version: HTTP/1.1, content: EmptyByteBufBE)
GET /session/0301f929d1e8ca286bf6db3c67543429/element/f.E55001CCC7F03BAAD8FEDD228B156A19.d.22712C9DAA1AF80312396B0CF5704DEB.e.19/text HTTP/1.1
Cache-Control: no-cache
User-Agent: selenium/4.12.0 (java windows)
Content-Type: application/json; charset=utf-8
host: localhost:1471
accept: */*

Response DefaultHttpResponse(decodeResult: success, version: HTTP/1.1)
HTTP/1.1 200 OK
Content-Length: 33
Content-Type: application/json; charset=utf-8
cache-control: no-cache

01:50:21.217 [AsyncHttpClient-1-17] DEBUG org.asynchttpclient.netty.channel.ChannelManager - Adding key: http://localhost:1471 for channel [id: 0x3cb3eb23, L:/127.0.0.1:62838 - R:localhost/127.0.0.1:1471]
01:50:21.218 [Forwarding findElement on session 0301f929d1e8ca286bf6db3c67543429 to remote] DEBUG org.asynchttpclient.netty.request.NettyRequestSender - Using pooled Channel '[id: 0x3cb3eb23, L:/127.0.0.1:62838 - R:localhost/127.0.0.1:1471]' for 'POST' to 'http://localhost:1471/session/0301f929d1e8ca286bf6db3c67543429/element'
01:50:21.218 [Forwarding findElement on session 0301f929d1e8ca286bf6db3c67543429 to remote] DEBUG org.asynchttpclient.netty.request.NettyRequestSender - Using open Channel [id: 0x3cb3eb23, L:/127.0.0.1:62838 - R:localhost/127.0.0.1:1471] for POST '/session/0301f929d1e8ca286bf6db3c67543429/element'
01:50:21.231 [AsyncHttpClient-1-17] DEBUG org.asynchttpclient.netty.handler.HttpHandler - 

Request DefaultHttpRequest(decodeResult: success, version: HTTP/1.1)
POST /session/0301f929d1e8ca286bf6db3c67543429/element HTTP/1.1
User-Agent: selenium/4.12.0 (java windows)
Content-Length: 74
Content-Type: application/json; charset=utf-8
host: localhost:1471
accept: */*

Response DefaultHttpResponse(decodeResult: success, version: HTTP/1.1)
HTTP/1.1 200 OK
Content-Length: 126
Content-Type: application/json; charset=utf-8
cache-control: no-cache

01:50:21.233 [AsyncHttpClient-1-17] DEBUG org.asynchttpclient.netty.channel.ChannelManager - Adding key: http://localhost:1471 for channel [id: 0x3cb3eb23, L:/127.0.0.1:62838 - R:localhost/127.0.0.1:1471]
01:50:21.233 [Forwarding clickElement on session 0301f929d1e8ca286bf6db3c67543429 to remote] DEBUG org.asynchttpclient.netty.request.NettyRequestSender - Using pooled Channel '[id: 0x3cb3eb23, L:/127.0.0.1:62838 - R:localhost/127.0.0.1:1471]' for 'POST' to 'http://localhost:1471/session/0301f929d1e8ca286bf6db3c67543429/element/f.E55001CCC7F03BAAD8FEDD228B156A19.d.22712C9DAA1AF80312396B0CF5704DEB.e.20/click'
01:50:21.233 [Forwarding clickElement on session 0301f929d1e8ca286bf6db3c67543429 to remote] DEBUG org.asynchttpclient.netty.request.NettyRequestSender - Using open Channel [id: 0x3cb3eb23, L:/127.0.0.1:62838 - R:localhost/127.0.0.1:1471] for POST '/session/0301f929d1e8ca286bf6db3c67543429/element/f.E55001CCC7F03BAAD8FEDD228B156A19.d.22712C9DAA1AF80312396B0CF5704DEB.e.20/click'
01:50:21.329 [AsyncHttpClient-1-17] DEBUG org.asynchttpclient.netty.handler.HttpHandler - 

Request DefaultHttpRequest(decodeResult: success, version: HTTP/1.1)
POST /session/0301f929d1e8ca286bf6db3c67543429/element/f.E55001CCC7F03BAAD8FEDD228B156A19.d.22712C9DAA1AF80312396B0CF5704DEB.e.20/click HTTP/1.1
User-Agent: selenium/4.12.0 (java windows)
Content-Length: 88
Content-Type: application/json; charset=utf-8
host: localhost:1471
accept: */*

Response DefaultHttpResponse(decodeResult: success, version: HTTP/1.1)
HTTP/1.1 200 OK
Content-Length: 14
Content-Type: application/json; charset=utf-8
cache-control: no-cache

01:50:21.329 [AsyncHttpClient-1-17] DEBUG org.asynchttpclient.netty.channel.ChannelManager - Adding key: http://localhost:1471 for channel [id: 0x3cb3eb23, L:/127.0.0.1:62838 - R:localhost/127.0.0.1:1471]
01:50:22.108 [AsyncHttpClient-1-1] DEBUG org.asynchttpclient.netty.channel.DefaultChannelPool - Entry count for : http://localhost:1471 : 1
01:50:22.108 [AsyncHttpClient-1-1] DEBUG org.asynchttpclient.netty.channel.DefaultChannelPool - Entry count for : http://localhost:62839 : 1
01:50:23.207 [AsyncHttpClient-1-1] DEBUG org.asynchttpclient.netty.channel.DefaultChannelPool - Entry count for : http://localhost:1471 : 1
01:50:23.207 [AsyncHttpClient-1-1] DEBUG org.asynchttpclient.netty.channel.DefaultChannelPool - Entry count for : http://localhost:62839 : 1
01:50:24.307 [AsyncHttpClient-1-1] DEBUG org.asynchttpclient.netty.channel.DefaultChannelPool - Entry count for : http://localhost:1471 : 1
01:50:24.307 [AsyncHttpClient-1-1] DEBUG org.asynchttpclient.netty.channel.DefaultChannelPool - Entry count for : http://localhost:62839 : 1
screen shot class not taking
  Given I am on dashboardasatpute008@gmail.com and Pass@123         # StepDefination.Customer_onboarding.I_am_on_dashboard(java.lang.String,java.lang.String)
01:50:25.413 [AsyncHttpClient-1-1] DEBUG org.asynchttpclient.netty.channel.DefaultChannelPool - Entry count for : http://localhost:1471 : 1
01:50:25.413 [AsyncHttpClient-1-1] DEBUG org.asynchttpclient.netty.channel.DefaultChannelPool - Entry count for : http://localhost:62839 : 1
01:50:26.339 [Forwarding findElement on session 0301f929d1e8ca286bf6db3c67543429 to remote] DEBUG org.asynchttpclient.netty.request.NettyRequestSender - Using pooled Channel '[id: 0x3cb3eb23, L:/127.0.0.1:62838 - R:localhost/127.0.0.1:1471]' for 'POST' to 'http://localhost:1471/session/0301f929d1e8ca286bf6db3c67543429/element'
01:50:26.339 [Forwarding findElement on session 0301f929d1e8ca286bf6db3c67543429 to remote] DEBUG org.asynchttpclient.netty.request.NettyRequestSender - Using open Channel [id: 0x3cb3eb23, L:/127.0.0.1:62838 - R:localhost/127.0.0.1:1471] for POST '/session/0301f929d1e8ca286bf6db3c67543429/element'
01:50:26.390 [AsyncHttpClient-1-17] DEBUG org.asynchttpclient.netty.handler.HttpHandler - 

Request DefaultHttpRequest(decodeResult: success, version: HTTP/1.1)
POST /session/0301f929d1e8ca286bf6db3c67543429/element HTTP/1.1
User-Agent: selenium/4.12.0 (java windows)
Content-Length: 127
Content-Type: application/json; charset=utf-8
host: localhost:1471
accept: */*

Response DefaultHttpResponse(decodeResult: success, version: HTTP/1.1)
HTTP/1.1 200 OK
Content-Length: 126
Content-Type: application/json; charset=utf-8
cache-control: no-cache

01:50:26.390 [AsyncHttpClient-1-17] DEBUG org.asynchttpclient.netty.channel.ChannelManager - Adding key: http://localhost:1471 for channel [id: 0x3cb3eb23, L:/127.0.0.1:62838 - R:localhost/127.0.0.1:1471]
01:50:26.390 [Forwarding getElementText on session 0301f929d1e8ca286bf6db3c67543429 to remote] DEBUG org.asynchttpclient.netty.request.NettyRequestSender - Using pooled Channel '[id: 0x3cb3eb23, L:/127.0.0.1:62838 - R:localhost/127.0.0.1:1471]' for 'GET' to 'http://localhost:1471/session/0301f929d1e8ca286bf6db3c67543429/element/f.E55001CCC7F03BAAD8FEDD228B156A19.d.963F03653C14471BCF40A533CEB155D4.e.41/text'
01:50:26.390 [Forwarding getElementText on session 0301f929d1e8ca286bf6db3c67543429 to remote] DEBUG org.asynchttpclient.netty.request.NettyRequestSender - Using open Channel [id: 0x3cb3eb23, L:/127.0.0.1:62838 - R:localhost/127.0.0.1:1471] for GET '/session/0301f929d1e8ca286bf6db3c67543429/element/f.E55001CCC7F03BAAD8FEDD228B156A19.d.963F03653C14471BCF40A533CEB155D4.e.41/text'
01:50:26.461 [AsyncHttpClient-1-17] DEBUG org.asynchttpclient.netty.handler.HttpHandler - 

Request DefaultFullHttpRequest(decodeResult: success, version: HTTP/1.1, content: EmptyByteBufBE)
GET /session/0301f929d1e8ca286bf6db3c67543429/element/f.E55001CCC7F03BAAD8FEDD228B156A19.d.963F03653C14471BCF40A533CEB155D4.e.41/text HTTP/1.1
Cache-Control: no-cache
User-Agent: selenium/4.12.0 (java windows)
Content-Type: application/json; charset=utf-8
host: localhost:1471
accept: */*

Response DefaultHttpResponse(decodeResult: success, version: HTTP/1.1)
HTTP/1.1 200 OK
Content-Length: 21
Content-Type: application/json; charset=utf-8
cache-control: no-cache

01:50:26.461 [AsyncHttpClient-1-17] DEBUG org.asynchttpclient.netty.channel.ChannelManager - Adding key: http://localhost:1471 for channel [id: 0x3cb3eb23, L:/127.0.0.1:62838 - R:localhost/127.0.0.1:1471]
01:50:26.511 [AsyncHttpClient-1-1] DEBUG org.asynchttpclient.netty.channel.DefaultChannelPool - Entry count for : http://localhost:1471 : 1
01:50:26.511 [AsyncHttpClient-1-1] DEBUG org.asynchttpclient.netty.channel.DefaultChannelPool - Entry count for : http://localhost:62839 : 1
01:50:26.965 [Forwarding findElement on session 0301f929d1e8ca286bf6db3c67543429 to remote] DEBUG org.asynchttpclient.netty.request.NettyRequestSender - Using pooled Channel '[id: 0x3cb3eb23, L:/127.0.0.1:62838 - R:localhost/127.0.0.1:1471]' for 'POST' to 'http://localhost:1471/session/0301f929d1e8ca286bf6db3c67543429/element'
01:50:26.965 [Forwarding findElement on session 0301f929d1e8ca286bf6db3c67543429 to remote] DEBUG org.asynchttpclient.netty.request.NettyRequestSender - Using open Channel [id: 0x3cb3eb23, L:/127.0.0.1:62838 - R:localhost/127.0.0.1:1471] for POST '/session/0301f929d1e8ca286bf6db3c67543429/element'
01:50:27.055 [AsyncHttpClient-1-17] DEBUG org.asynchttpclient.netty.handler.HttpHandler - 

Request DefaultHttpRequest(decodeResult: success, version: HTTP/1.1)
POST /session/0301f929d1e8ca286bf6db3c67543429/element HTTP/1.1
User-Agent: selenium/4.12.0 (java windows)
Content-Length: 127
Content-Type: application/json; charset=utf-8
host: localhost:1471
accept: */*

Response DefaultHttpResponse(decodeResult: success, version: HTTP/1.1)
HTTP/1.1 200 OK
Content-Length: 126
Content-Type: application/json; charset=utf-8
cache-control: no-cache

01:50:27.055 [AsyncHttpClient-1-17] DEBUG org.asynchttpclient.netty.channel.ChannelManager - Adding key: http://localhost:1471 for channel [id: 0x3cb3eb23, L:/127.0.0.1:62838 - R:localhost/127.0.0.1:1471]
01:50:27.055 [Forwarding clickElement on session 0301f929d1e8ca286bf6db3c67543429 to remote] DEBUG org.asynchttpclient.netty.request.NettyRequestSender - Using pooled Channel '[id: 0x3cb3eb23, L:/127.0.0.1:62838 - R:localhost/127.0.0.1:1471]' for 'POST' to 'http://localhost:1471/session/0301f929d1e8ca286bf6db3c67543429/element/f.E55001CCC7F03BAAD8FEDD228B156A19.d.963F03653C14471BCF40A533CEB155D4.e.41/click'
01:50:27.055 [Forwarding clickElement on session 0301f929d1e8ca286bf6db3c67543429 to remote] DEBUG org.asynchttpclient.netty.request.NettyRequestSender - Using open Channel [id: 0x3cb3eb23, L:/127.0.0.1:62838 - R:localhost/127.0.0.1:1471] for POST '/session/0301f929d1e8ca286bf6db3c67543429/element/f.E55001CCC7F03BAAD8FEDD228B156A19.d.963F03653C14471BCF40A533CEB155D4.e.41/click'
01:50:27.268 [AsyncHttpClient-1-17] DEBUG org.asynchttpclient.netty.handler.HttpHandler - 

Request DefaultHttpRequest(decodeResult: success, version: HTTP/1.1)
POST /session/0301f929d1e8ca286bf6db3c67543429/element/f.E55001CCC7F03BAAD8FEDD228B156A19.d.963F03653C14471BCF40A533CEB155D4.e.41/click HTTP/1.1
User-Agent: selenium/4.12.0 (java windows)
Content-Length: 88
Content-Type: application/json; charset=utf-8
host: localhost:1471
accept: */*

Response DefaultHttpResponse(decodeResult: success, version: HTTP/1.1)
HTTP/1.1 200 OK
Content-Length: 14
Content-Type: application/json; charset=utf-8
cache-control: no-cache

01:50:27.269 [AsyncHttpClient-1-17] DEBUG org.asynchttpclient.netty.channel.ChannelManager - Adding key: http://localhost:1471 for channel [id: 0x3cb3eb23, L:/127.0.0.1:62838 - R:localhost/127.0.0.1:1471]
01:50:27.618 [AsyncHttpClient-1-1] DEBUG org.asynchttpclient.netty.channel.DefaultChannelPool - Entry count for : http://localhost:1471 : 1
01:50:27.618 [AsyncHttpClient-1-1] DEBUG org.asynchttpclient.netty.channel.DefaultChannelPool - Entry count for : http://localhost:62839 : 1
01:50:28.723 [AsyncHttpClient-1-1] DEBUG org.asynchttpclient.netty.channel.DefaultChannelPool - Entry count for : http://localhost:1471 : 1
01:50:28.723 [AsyncHttpClient-1-1] DEBUG org.asynchttpclient.netty.channel.DefaultChannelPool - Entry count for : http://localhost:62839 : 1
screen shot class not taking
01:50:29.277 [Forwarding findElement on session 0301f929d1e8ca286bf6db3c67543429 to remote] DEBUG org.asynchttpclient.netty.request.NettyRequestSender - Using pooled Channel '[id: 0x3cb3eb23, L:/127.0.0.1:62838 - R:localhost/127.0.0.1:1471]' for 'POST' to 'http://localhost:1471/session/0301f929d1e8ca286bf6db3c67543429/element'
01:50:29.277 [Forwarding findElement on session 0301f929d1e8ca286bf6db3c67543429 to remote] DEBUG org.asynchttpclient.netty.request.NettyRequestSender - Using open Channel [id: 0x3cb3eb23, L:/127.0.0.1:62838 - R:localhost/127.0.0.1:1471] for POST '/session/0301f929d1e8ca286bf6db3c67543429/element'
01:50:29.318 [AsyncHttpClient-1-17] DEBUG org.asynchttpclient.netty.handler.HttpHandler - 

Request DefaultHttpRequest(decodeResult: success, version: HTTP/1.1)
POST /session/0301f929d1e8ca286bf6db3c67543429/element HTTP/1.1
User-Agent: selenium/4.12.0 (java windows)
Content-Length: 178
Content-Type: application/json; charset=utf-8
host: localhost:1471
accept: */*

Response DefaultHttpResponse(decodeResult: success, version: HTTP/1.1)
HTTP/1.1 200 OK
Content-Length: 126
Content-Type: application/json; charset=utf-8
cache-control: no-cache

01:50:29.318 [AsyncHttpClient-1-17] DEBUG org.asynchttpclient.netty.channel.ChannelManager - Adding key: http://localhost:1471 for channel [id: 0x3cb3eb23, L:/127.0.0.1:62838 - R:localhost/127.0.0.1:1471]
01:50:29.318 [Forwarding getElementText on session 0301f929d1e8ca286bf6db3c67543429 to remote] DEBUG org.asynchttpclient.netty.request.NettyRequestSender - Using pooled Channel '[id: 0x3cb3eb23, L:/127.0.0.1:62838 - R:localhost/127.0.0.1:1471]' for 'GET' to 'http://localhost:1471/session/0301f929d1e8ca286bf6db3c67543429/element/f.E55001CCC7F03BAAD8FEDD228B156A19.d.963F03653C14471BCF40A533CEB155D4.e.46/text'
01:50:29.318 [Forwarding getElementText on session 0301f929d1e8ca286bf6db3c67543429 to remote] DEBUG org.asynchttpclient.netty.request.NettyRequestSender - Using open Channel [id: 0x3cb3eb23, L:/127.0.0.1:62838 - R:localhost/127.0.0.1:1471] for GET '/session/0301f929d1e8ca286bf6db3c67543429/element/f.E55001CCC7F03BAAD8FEDD228B156A19.d.963F03653C14471BCF40A533CEB155D4.e.46/text'
01:50:29.343 [AsyncHttpClient-1-17] DEBUG org.asynchttpclient.netty.handler.HttpHandler - 

Request DefaultFullHttpRequest(decodeResult: success, version: HTTP/1.1, content: EmptyByteBufBE)
GET /session/0301f929d1e8ca286bf6db3c67543429/element/f.E55001CCC7F03BAAD8FEDD228B156A19.d.963F03653C14471BCF40A533CEB155D4.e.46/text HTTP/1.1
Cache-Control: no-cache
User-Agent: selenium/4.12.0 (java windows)
Content-Type: application/json; charset=utf-8
host: localhost:1471
accept: */*

Response DefaultHttpResponse(decodeResult: success, version: HTTP/1.1)
HTTP/1.1 200 OK
Content-Length: 28
Content-Type: application/json; charset=utf-8
cache-control: no-cache

01:50:29.343 [AsyncHttpClient-1-17] DEBUG org.asynchttpclient.netty.channel.ChannelManager - Adding key: http://localhost:1471 for channel [id: 0x3cb3eb23, L:/127.0.0.1:62838 - R:localhost/127.0.0.1:1471]
01:50:29.343 [Forwarding findElement on session 0301f929d1e8ca286bf6db3c67543429 to remote] DEBUG org.asynchttpclient.netty.request.NettyRequestSender - Using pooled Channel '[id: 0x3cb3eb23, L:/127.0.0.1:62838 - R:localhost/127.0.0.1:1471]' for 'POST' to 'http://localhost:1471/session/0301f929d1e8ca286bf6db3c67543429/element'
01:50:29.343 [Forwarding findElement on session 0301f929d1e8ca286bf6db3c67543429 to remote] DEBUG org.asynchttpclient.netty.request.NettyRequestSender - Using open Channel [id: 0x3cb3eb23, L:/127.0.0.1:62838 - R:localhost/127.0.0.1:1471] for POST '/session/0301f929d1e8ca286bf6db3c67543429/element'
01:50:29.367 [AsyncHttpClient-1-17] DEBUG org.asynchttpclient.netty.handler.HttpHandler - 

Request DefaultHttpRequest(decodeResult: success, version: HTTP/1.1)
POST /session/0301f929d1e8ca286bf6db3c67543429/element HTTP/1.1
User-Agent: selenium/4.12.0 (java windows)
Content-Length: 178
Content-Type: application/json; charset=utf-8
host: localhost:1471
accept: */*

Response DefaultHttpResponse(decodeResult: success, version: HTTP/1.1)
HTTP/1.1 200 OK
Content-Length: 126
Content-Type: application/json; charset=utf-8
cache-control: no-cache

01:50:29.367 [AsyncHttpClient-1-17] DEBUG org.asynchttpclient.netty.channel.ChannelManager - Adding key: http://localhost:1471 for channel [id: 0x3cb3eb23, L:/127.0.0.1:62838 - R:localhost/127.0.0.1:1471]
01:50:29.367 [Forwarding clickElement on session 0301f929d1e8ca286bf6db3c67543429 to remote] DEBUG org.asynchttpclient.netty.request.NettyRequestSender - Using pooled Channel '[id: 0x3cb3eb23, L:/127.0.0.1:62838 - R:localhost/127.0.0.1:1471]' for 'POST' to 'http://localhost:1471/session/0301f929d1e8ca286bf6db3c67543429/element/f.E55001CCC7F03BAAD8FEDD228B156A19.d.963F03653C14471BCF40A533CEB155D4.e.46/click'
01:50:29.367 [Forwarding clickElement on session 0301f929d1e8ca286bf6db3c67543429 to remote] DEBUG org.asynchttpclient.netty.request.NettyRequestSender - Using open Channel [id: 0x3cb3eb23, L:/127.0.0.1:62838 - R:localhost/127.0.0.1:1471] for POST '/session/0301f929d1e8ca286bf6db3c67543429/element/f.E55001CCC7F03BAAD8FEDD228B156A19.d.963F03653C14471BCF40A533CEB155D4.e.46/click'
01:50:29.523 [AsyncHttpClient-1-17] DEBUG org.asynchttpclient.netty.handler.HttpHandler - 

Request DefaultHttpRequest(decodeResult: success, version: HTTP/1.1)
POST /session/0301f929d1e8ca286bf6db3c67543429/element/f.E55001CCC7F03BAAD8FEDD228B156A19.d.963F03653C14471BCF40A533CEB155D4.e.46/click HTTP/1.1
User-Agent: selenium/4.12.0 (java windows)
Content-Length: 88
Content-Type: application/json; charset=utf-8
host: localhost:1471
accept: */*

Response DefaultHttpResponse(decodeResult: success, version: HTTP/1.1)
HTTP/1.1 200 OK
Content-Length: 14
Content-Type: application/json; charset=utf-8
cache-control: no-cache

01:50:29.523 [AsyncHttpClient-1-17] DEBUG org.asynchttpclient.netty.channel.ChannelManager - Adding key: http://localhost:1471 for channel [id: 0x3cb3eb23, L:/127.0.0.1:62838 - R:localhost/127.0.0.1:1471]
  When Open customer form                                           # StepDefination.Customer_onboarding.Open_customer_form()
01:50:29.824 [AsyncHttpClient-1-1] DEBUG org.asynchttpclient.netty.channel.DefaultChannelPool - Entry count for : http://localhost:1471 : 1
01:50:29.824 [AsyncHttpClient-1-1] DEBUG org.asynchttpclient.netty.channel.DefaultChannelPool - Entry count for : http://localhost:62839 : 1
01:50:30.915 [AsyncHttpClient-1-1] DEBUG org.asynchttpclient.netty.channel.DefaultChannelPool - Entry count for : http://localhost:1471 : 1
01:50:30.915 [AsyncHttpClient-1-1] DEBUG org.asynchttpclient.netty.channel.DefaultChannelPool - Entry count for : http://localhost:62839 : 1
01:50:31.065 [Forwarding findElement on session 0301f929d1e8ca286bf6db3c67543429 to remote] DEBUG org.asynchttpclient.netty.request.NettyRequestSender - Using pooled Channel '[id: 0x3cb3eb23, L:/127.0.0.1:62838 - R:localhost/127.0.0.1:1471]' for 'POST' to 'http://localhost:1471/session/0301f929d1e8ca286bf6db3c67543429/element'
01:50:31.065 [Forwarding findElement on session 0301f929d1e8ca286bf6db3c67543429 to remote] DEBUG org.asynchttpclient.netty.request.NettyRequestSender - Using open Channel [id: 0x3cb3eb23, L:/127.0.0.1:62838 - R:localhost/127.0.0.1:1471] for POST '/session/0301f929d1e8ca286bf6db3c67543429/element'
01:50:31.089 [AsyncHttpClient-1-17] DEBUG org.asynchttpclient.netty.handler.HttpHandler - 

Request DefaultHttpRequest(decodeResult: success, version: HTTP/1.1)
POST /session/0301f929d1e8ca286bf6db3c67543429/element HTTP/1.1
User-Agent: selenium/4.12.0 (java windows)
Content-Length: 114
Content-Type: application/json; charset=utf-8
host: localhost:1471
accept: */*

Response DefaultHttpResponse(decodeResult: success, version: HTTP/1.1)
HTTP/1.1 200 OK
Content-Length: 126
Content-Type: application/json; charset=utf-8
cache-control: no-cache

01:50:31.089 [AsyncHttpClient-1-17] DEBUG org.asynchttpclient.netty.channel.ChannelManager - Adding key: http://localhost:1471 for channel [id: 0x3cb3eb23, L:/127.0.0.1:62838 - R:localhost/127.0.0.1:1471]
01:50:31.089 [Forwarding sendKeysToElement on session 0301f929d1e8ca286bf6db3c67543429 to remote] DEBUG org.asynchttpclient.netty.request.NettyRequestSender - Using pooled Channel '[id: 0x3cb3eb23, L:/127.0.0.1:62838 - R:localhost/127.0.0.1:1471]' for 'POST' to 'http://localhost:1471/session/0301f929d1e8ca286bf6db3c67543429/element/f.E55001CCC7F03BAAD8FEDD228B156A19.d.963F03653C14471BCF40A533CEB155D4.e.48/value'
01:50:31.089 [Forwarding sendKeysToElement on session 0301f929d1e8ca286bf6db3c67543429 to remote] DEBUG org.asynchttpclient.netty.request.NettyRequestSender - Using open Channel [id: 0x3cb3eb23, L:/127.0.0.1:62838 - R:localhost/127.0.0.1:1471] for POST '/session/0301f929d1e8ca286bf6db3c67543429/element/f.E55001CCC7F03BAAD8FEDD228B156A19.d.963F03653C14471BCF40A533CEB155D4.e.48/value'
01:50:31.463 [AsyncHttpClient-1-17] DEBUG org.asynchttpclient.netty.handler.HttpHandler - 

Request DefaultHttpRequest(decodeResult: success, version: HTTP/1.1)
POST /session/0301f929d1e8ca286bf6db3c67543429/element/f.E55001CCC7F03BAAD8FEDD228B156A19.d.963F03653C14471BCF40A533CEB155D4.e.48/value HTTP/1.1
User-Agent: selenium/4.12.0 (java windows)
Content-Length: 339
Content-Type: application/json; charset=utf-8
host: localhost:1471
accept: */*

Response DefaultHttpResponse(decodeResult: success, version: HTTP/1.1)
HTTP/1.1 200 OK
Content-Length: 14
Content-Type: application/json; charset=utf-8
cache-control: no-cache

01:50:31.463 [AsyncHttpClient-1-17] DEBUG org.asynchttpclient.netty.channel.ChannelManager - Adding key: http://localhost:1471 for channel [id: 0x3cb3eb23, L:/127.0.0.1:62838 - R:localhost/127.0.0.1:1471]
screen shot class not taking
  And Provide the company nameRandom                                # StepDefination.Customer_onboarding.Provide_the_company_name(java.lang.String)
01:50:31.983 [Forwarding findElement on session 0301f929d1e8ca286bf6db3c67543429 to remote] DEBUG org.asynchttpclient.netty.request.NettyRequestSender - Using pooled Channel '[id: 0x3cb3eb23, L:/127.0.0.1:62838 - R:localhost/127.0.0.1:1471]' for 'POST' to 'http://localhost:1471/session/0301f929d1e8ca286bf6db3c67543429/element'
01:50:31.983 [Forwarding findElement on session 0301f929d1e8ca286bf6db3c67543429 to remote] DEBUG org.asynchttpclient.netty.request.NettyRequestSender - Using open Channel [id: 0x3cb3eb23, L:/127.0.0.1:62838 - R:localhost/127.0.0.1:1471] for POST '/session/0301f929d1e8ca286bf6db3c67543429/element'
01:50:31.999 [AsyncHttpClient-1-17] DEBUG org.asynchttpclient.netty.handler.HttpHandler - 

Request DefaultHttpRequest(decodeResult: success, version: HTTP/1.1)
POST /session/0301f929d1e8ca286bf6db3c67543429/element HTTP/1.1
User-Agent: selenium/4.12.0 (java windows)
Content-Length: 88
Content-Type: application/json; charset=utf-8
host: localhost:1471
accept: */*

Response DefaultHttpResponse(decodeResult: success, version: HTTP/1.1)
HTTP/1.1 200 OK
Content-Length: 126
Content-Type: application/json; charset=utf-8
cache-control: no-cache

01:50:31.999 [AsyncHttpClient-1-17] DEBUG org.asynchttpclient.netty.channel.ChannelManager - Adding key: http://localhost:1471 for channel [id: 0x3cb3eb23, L:/127.0.0.1:62838 - R:localhost/127.0.0.1:1471]
01:50:32.008 [AsyncHttpClient-1-1] DEBUG org.asynchttpclient.netty.channel.DefaultChannelPool - Entry count for : http://localhost:1471 : 1
01:50:32.008 [AsyncHttpClient-1-1] DEBUG org.asynchttpclient.netty.channel.DefaultChannelPool - Entry count for : http://localhost:62839 : 1
01:50:32.008 [Forwarding sendKeysToElement on session 0301f929d1e8ca286bf6db3c67543429 to remote] DEBUG org.asynchttpclient.netty.request.NettyRequestSender - Using pooled Channel '[id: 0x3cb3eb23, L:/127.0.0.1:62838 - R:localhost/127.0.0.1:1471]' for 'POST' to 'http://localhost:1471/session/0301f929d1e8ca286bf6db3c67543429/element/f.E55001CCC7F03BAAD8FEDD228B156A19.d.963F03653C14471BCF40A533CEB155D4.e.57/value'
01:50:32.008 [Forwarding sendKeysToElement on session 0301f929d1e8ca286bf6db3c67543429 to remote] DEBUG org.asynchttpclient.netty.request.NettyRequestSender - Using open Channel [id: 0x3cb3eb23, L:/127.0.0.1:62838 - R:localhost/127.0.0.1:1471] for POST '/session/0301f929d1e8ca286bf6db3c67543429/element/f.E55001CCC7F03BAAD8FEDD228B156A19.d.963F03653C14471BCF40A533CEB155D4.e.57/value'
01:50:32.325 [AsyncHttpClient-1-17] DEBUG org.asynchttpclient.netty.handler.HttpHandler - 

Request DefaultHttpRequest(decodeResult: success, version: HTTP/1.1)
POST /session/0301f929d1e8ca286bf6db3c67543429/element/f.E55001CCC7F03BAAD8FEDD228B156A19.d.963F03653C14471BCF40A533CEB155D4.e.57/value HTTP/1.1
User-Agent: selenium/4.12.0 (java windows)
Content-Length: 259
Content-Type: application/json; charset=utf-8
host: localhost:1471
accept: */*

Response DefaultHttpResponse(decodeResult: success, version: HTTP/1.1)
HTTP/1.1 200 OK
Content-Length: 14
Content-Type: application/json; charset=utf-8
cache-control: no-cache

01:50:32.325 [AsyncHttpClient-1-17] DEBUG org.asynchttpclient.netty.channel.ChannelManager - Adding key: http://localhost:1471 for channel [id: 0x3cb3eb23, L:/127.0.0.1:62838 - R:localhost/127.0.0.1:1471]
01:50:32.333 [Forwarding findElement on session 0301f929d1e8ca286bf6db3c67543429 to remote] DEBUG org.asynchttpclient.netty.request.NettyRequestSender - Using pooled Channel '[id: 0x3cb3eb23, L:/127.0.0.1:62838 - R:localhost/127.0.0.1:1471]' for 'POST' to 'http://localhost:1471/session/0301f929d1e8ca286bf6db3c67543429/element'
01:50:32.333 [Forwarding findElement on session 0301f929d1e8ca286bf6db3c67543429 to remote] DEBUG org.asynchttpclient.netty.request.NettyRequestSender - Using open Channel [id: 0x3cb3eb23, L:/127.0.0.1:62838 - R:localhost/127.0.0.1:1471] for POST '/session/0301f929d1e8ca286bf6db3c67543429/element'
01:50:32.359 [AsyncHttpClient-1-17] DEBUG org.asynchttpclient.netty.handler.HttpHandler - 

Request DefaultHttpRequest(decodeResult: success, version: HTTP/1.1)
POST /session/0301f929d1e8ca286bf6db3c67543429/element HTTP/1.1
User-Agent: selenium/4.12.0 (java windows)
Content-Length: 75
Content-Type: application/json; charset=utf-8
host: localhost:1471
accept: */*

Response DefaultHttpResponse(decodeResult: success, version: HTTP/1.1)
HTTP/1.1 200 OK
Content-Length: 126
Content-Type: application/json; charset=utf-8
cache-control: no-cache

01:50:32.359 [AsyncHttpClient-1-17] DEBUG org.asynchttpclient.netty.channel.ChannelManager - Adding key: http://localhost:1471 for channel [id: 0x3cb3eb23, L:/127.0.0.1:62838 - R:localhost/127.0.0.1:1471]
01:50:32.359 [Forwarding sendKeysToElement on session 0301f929d1e8ca286bf6db3c67543429 to remote] DEBUG org.asynchttpclient.netty.request.NettyRequestSender - Using pooled Channel '[id: 0x3cb3eb23, L:/127.0.0.1:62838 - R:localhost/127.0.0.1:1471]' for 'POST' to 'http://localhost:1471/session/0301f929d1e8ca286bf6db3c67543429/element/f.E55001CCC7F03BAAD8FEDD228B156A19.d.963F03653C14471BCF40A533CEB155D4.e.58/value'
01:50:32.359 [Forwarding sendKeysToElement on session 0301f929d1e8ca286bf6db3c67543429 to remote] DEBUG org.asynchttpclient.netty.request.NettyRequestSender - Using open Channel [id: 0x3cb3eb23, L:/127.0.0.1:62838 - R:localhost/127.0.0.1:1471] for POST '/session/0301f929d1e8ca286bf6db3c67543429/element/f.E55001CCC7F03BAAD8FEDD228B156A19.d.963F03653C14471BCF40A533CEB155D4.e.58/value'
01:50:32.637 [AsyncHttpClient-1-17] DEBUG org.asynchttpclient.netty.handler.HttpHandler - 

Request DefaultHttpRequest(decodeResult: success, version: HTTP/1.1)
POST /session/0301f929d1e8ca286bf6db3c67543429/element/f.E55001CCC7F03BAAD8FEDD228B156A19.d.963F03653C14471BCF40A533CEB155D4.e.58/value HTTP/1.1
User-Agent: selenium/4.12.0 (java windows)
Content-Length: 139
Content-Type: application/json; charset=utf-8
host: localhost:1471
accept: */*

Response DefaultHttpResponse(decodeResult: success, version: HTTP/1.1)
HTTP/1.1 200 OK
Content-Length: 14
Content-Type: application/json; charset=utf-8
cache-control: no-cache

01:50:32.637 [AsyncHttpClient-1-17] DEBUG org.asynchttpclient.netty.channel.ChannelManager - Adding key: http://localhost:1471 for channel [id: 0x3cb3eb23, L:/127.0.0.1:62838 - R:localhost/127.0.0.1:1471]
01:50:32.646 [Forwarding findElement on session 0301f929d1e8ca286bf6db3c67543429 to remote] DEBUG org.asynchttpclient.netty.request.NettyRequestSender - Using pooled Channel '[id: 0x3cb3eb23, L:/127.0.0.1:62838 - R:localhost/127.0.0.1:1471]' for 'POST' to 'http://localhost:1471/session/0301f929d1e8ca286bf6db3c67543429/element'
01:50:32.646 [Forwarding findElement on session 0301f929d1e8ca286bf6db3c67543429 to remote] DEBUG org.asynchttpclient.netty.request.NettyRequestSender - Using open Channel [id: 0x3cb3eb23, L:/127.0.0.1:62838 - R:localhost/127.0.0.1:1471] for POST '/session/0301f929d1e8ca286bf6db3c67543429/element'
01:50:32.679 [AsyncHttpClient-1-17] DEBUG org.asynchttpclient.netty.handler.HttpHandler - 

Request DefaultHttpRequest(decodeResult: success, version: HTTP/1.1)
POST /session/0301f929d1e8ca286bf6db3c67543429/element HTTP/1.1
User-Agent: selenium/4.12.0 (java windows)
Content-Length: 90
Content-Type: application/json; charset=utf-8
host: localhost:1471
accept: */*

Response DefaultHttpResponse(decodeResult: success, version: HTTP/1.1)
HTTP/1.1 200 OK
Content-Length: 126
Content-Type: application/json; charset=utf-8
cache-control: no-cache

01:50:32.679 [AsyncHttpClient-1-17] DEBUG org.asynchttpclient.netty.channel.ChannelManager - Adding key: http://localhost:1471 for channel [id: 0x3cb3eb23, L:/127.0.0.1:62838 - R:localhost/127.0.0.1:1471]
01:50:32.679 [Forwarding sendKeysToElement on session 0301f929d1e8ca286bf6db3c67543429 to remote] DEBUG org.asynchttpclient.netty.request.NettyRequestSender - Using pooled Channel '[id: 0x3cb3eb23, L:/127.0.0.1:62838 - R:localhost/127.0.0.1:1471]' for 'POST' to 'http://localhost:1471/session/0301f929d1e8ca286bf6db3c67543429/element/f.E55001CCC7F03BAAD8FEDD228B156A19.d.963F03653C14471BCF40A533CEB155D4.e.59/value'
01:50:32.679 [Forwarding sendKeysToElement on session 0301f929d1e8ca286bf6db3c67543429 to remote] DEBUG org.asynchttpclient.netty.request.NettyRequestSender - Using open Channel [id: 0x3cb3eb23, L:/127.0.0.1:62838 - R:localhost/127.0.0.1:1471] for POST '/session/0301f929d1e8ca286bf6db3c67543429/element/f.E55001CCC7F03BAAD8FEDD228B156A19.d.963F03653C14471BCF40A533CEB155D4.e.59/value'
01:50:32.947 [AsyncHttpClient-1-17] DEBUG org.asynchttpclient.netty.handler.HttpHandler - 

Request DefaultHttpRequest(decodeResult: success, version: HTTP/1.1)
POST /session/0301f929d1e8ca286bf6db3c67543429/element/f.E55001CCC7F03BAAD8FEDD228B156A19.d.963F03653C14471BCF40A533CEB155D4.e.59/value HTTP/1.1
User-Agent: selenium/4.12.0 (java windows)
Content-Length: 139
Content-Type: application/json; charset=utf-8
host: localhost:1471
accept: */*

Response DefaultHttpResponse(decodeResult: success, version: HTTP/1.1)
HTTP/1.1 200 OK
Content-Length: 14
Content-Type: application/json; charset=utf-8
cache-control: no-cache

01:50:32.947 [AsyncHttpClient-1-17] DEBUG org.asynchttpclient.netty.channel.ChannelManager - Adding key: http://localhost:1471 for channel [id: 0x3cb3eb23, L:/127.0.0.1:62838 - R:localhost/127.0.0.1:1471]
01:50:32.947 [Forwarding findElement on session 0301f929d1e8ca286bf6db3c67543429 to remote] DEBUG org.asynchttpclient.netty.request.NettyRequestSender - Using pooled Channel '[id: 0x3cb3eb23, L:/127.0.0.1:62838 - R:localhost/127.0.0.1:1471]' for 'POST' to 'http://localhost:1471/session/0301f929d1e8ca286bf6db3c67543429/element'
01:50:32.947 [Forwarding findElement on session 0301f929d1e8ca286bf6db3c67543429 to remote] DEBUG org.asynchttpclient.netty.request.NettyRequestSender - Using open Channel [id: 0x3cb3eb23, L:/127.0.0.1:62838 - R:localhost/127.0.0.1:1471] for POST '/session/0301f929d1e8ca286bf6db3c67543429/element'
01:50:32.979 [AsyncHttpClient-1-17] DEBUG org.asynchttpclient.netty.handler.HttpHandler - 

Request DefaultHttpRequest(decodeResult: success, version: HTTP/1.1)
POST /session/0301f929d1e8ca286bf6db3c67543429/element HTTP/1.1
User-Agent: selenium/4.12.0 (java windows)
Content-Length: 96
Content-Type: application/json; charset=utf-8
host: localhost:1471
accept: */*

Response DefaultHttpResponse(decodeResult: success, version: HTTP/1.1)
HTTP/1.1 200 OK
Content-Length: 126
Content-Type: application/json; charset=utf-8
cache-control: no-cache

01:50:32.979 [AsyncHttpClient-1-17] DEBUG org.asynchttpclient.netty.channel.ChannelManager - Adding key: http://localhost:1471 for channel [id: 0x3cb3eb23, L:/127.0.0.1:62838 - R:localhost/127.0.0.1:1471]
01:50:32.979 [Forwarding sendKeysToElement on session 0301f929d1e8ca286bf6db3c67543429 to remote] DEBUG org.asynchttpclient.netty.request.NettyRequestSender - Using pooled Channel '[id: 0x3cb3eb23, L:/127.0.0.1:62838 - R:localhost/127.0.0.1:1471]' for 'POST' to 'http://localhost:1471/session/0301f929d1e8ca286bf6db3c67543429/element/f.E55001CCC7F03BAAD8FEDD228B156A19.d.963F03653C14471BCF40A533CEB155D4.e.60/value'
01:50:32.979 [Forwarding sendKeysToElement on session 0301f929d1e8ca286bf6db3c67543429 to remote] DEBUG org.asynchttpclient.netty.request.NettyRequestSender - Using open Channel [id: 0x3cb3eb23, L:/127.0.0.1:62838 - R:localhost/127.0.0.1:1471] for POST '/session/0301f929d1e8ca286bf6db3c67543429/element/f.E55001CCC7F03BAAD8FEDD228B156A19.d.963F03653C14471BCF40A533CEB155D4.e.60/value'
01:50:33.112 [AsyncHttpClient-1-1] DEBUG org.asynchttpclient.netty.channel.DefaultChannelPool - Entry count for : http://localhost:62839 : 1
01:50:33.278 [AsyncHttpClient-1-17] DEBUG org.asynchttpclient.netty.handler.HttpHandler - 

Request DefaultHttpRequest(decodeResult: success, version: HTTP/1.1)
POST /session/0301f929d1e8ca286bf6db3c67543429/element/f.E55001CCC7F03BAAD8FEDD228B156A19.d.963F03653C14471BCF40A533CEB155D4.e.60/value HTTP/1.1
User-Agent: selenium/4.12.0 (java windows)
Content-Length: 179
Content-Type: application/json; charset=utf-8
host: localhost:1471
accept: */*

Response DefaultHttpResponse(decodeResult: success, version: HTTP/1.1)
HTTP/1.1 200 OK
Content-Length: 14
Content-Type: application/json; charset=utf-8
cache-control: no-cache

01:50:33.281 [AsyncHttpClient-1-17] DEBUG org.asynchttpclient.netty.channel.ChannelManager - Adding key: http://localhost:1471 for channel [id: 0x3cb3eb23, L:/127.0.0.1:62838 - R:localhost/127.0.0.1:1471]
01:50:33.282 [Forwarding findElement on session 0301f929d1e8ca286bf6db3c67543429 to remote] DEBUG org.asynchttpclient.netty.request.NettyRequestSender - Using pooled Channel '[id: 0x3cb3eb23, L:/127.0.0.1:62838 - R:localhost/127.0.0.1:1471]' for 'POST' to 'http://localhost:1471/session/0301f929d1e8ca286bf6db3c67543429/element'
01:50:33.282 [Forwarding findElement on session 0301f929d1e8ca286bf6db3c67543429 to remote] DEBUG org.asynchttpclient.netty.request.NettyRequestSender - Using open Channel [id: 0x3cb3eb23, L:/127.0.0.1:62838 - R:localhost/127.0.0.1:1471] for POST '/session/0301f929d1e8ca286bf6db3c67543429/element'
01:50:33.331 [AsyncHttpClient-1-17] DEBUG org.asynchttpclient.netty.handler.HttpHandler - 

Request DefaultHttpRequest(decodeResult: success, version: HTTP/1.1)
POST /session/0301f929d1e8ca286bf6db3c67543429/element HTTP/1.1
User-Agent: selenium/4.12.0 (java windows)
Content-Length: 78
Content-Type: application/json; charset=utf-8
host: localhost:1471
accept: */*

Response DefaultHttpResponse(decodeResult: success, version: HTTP/1.1)
HTTP/1.1 200 OK
Content-Length: 126
Content-Type: application/json; charset=utf-8
cache-control: no-cache

01:50:33.331 [AsyncHttpClient-1-17] DEBUG org.asynchttpclient.netty.channel.ChannelManager - Adding key: http://localhost:1471 for channel [id: 0x3cb3eb23, L:/127.0.0.1:62838 - R:localhost/127.0.0.1:1471]
01:50:33.331 [Forwarding sendKeysToElement on session 0301f929d1e8ca286bf6db3c67543429 to remote] DEBUG org.asynchttpclient.netty.request.NettyRequestSender - Using pooled Channel '[id: 0x3cb3eb23, L:/127.0.0.1:62838 - R:localhost/127.0.0.1:1471]' for 'POST' to 'http://localhost:1471/session/0301f929d1e8ca286bf6db3c67543429/element/f.E55001CCC7F03BAAD8FEDD228B156A19.d.963F03653C14471BCF40A533CEB155D4.e.61/value'
01:50:33.331 [Forwarding sendKeysToElement on session 0301f929d1e8ca286bf6db3c67543429 to remote] DEBUG org.asynchttpclient.netty.request.NettyRequestSender - Using open Channel [id: 0x3cb3eb23, L:/127.0.0.1:62838 - R:localhost/127.0.0.1:1471] for POST '/session/0301f929d1e8ca286bf6db3c67543429/element/f.E55001CCC7F03BAAD8FEDD228B156A19.d.963F03653C14471BCF40A533CEB155D4.e.61/value'
01:50:33.652 [AsyncHttpClient-1-17] DEBUG org.asynchttpclient.netty.handler.HttpHandler - 

Request DefaultHttpRequest(decodeResult: success, version: HTTP/1.1)
POST /session/0301f929d1e8ca286bf6db3c67543429/element/f.E55001CCC7F03BAAD8FEDD228B156A19.d.963F03653C14471BCF40A533CEB155D4.e.61/value HTTP/1.1
User-Agent: selenium/4.12.0 (java windows)
Content-Length: 149
Content-Type: application/json; charset=utf-8
host: localhost:1471
accept: */*

Response DefaultHttpResponse(decodeResult: success, version: HTTP/1.1)
HTTP/1.1 200 OK
Content-Length: 14
Content-Type: application/json; charset=utf-8
cache-control: no-cache

01:50:33.652 [AsyncHttpClient-1-17] DEBUG org.asynchttpclient.netty.channel.ChannelManager - Adding key: http://localhost:1471 for channel [id: 0x3cb3eb23, L:/127.0.0.1:62838 - R:localhost/127.0.0.1:1471]
screen shot class not taking
  And Provide the Address DetailsMain_street001 YK FL 987678 USA    # StepDefination.Customer_onboarding.Provide_the_address_Details(java.lang.String,java.lang.String,java.lang.String,java.lang.String,java.lang.String)
01:50:34.211 [AsyncHttpClient-1-1] DEBUG org.asynchttpclient.netty.channel.DefaultChannelPool - Entry count for : http://localhost:1471 : 1
01:50:34.211 [AsyncHttpClient-1-1] DEBUG org.asynchttpclient.netty.channel.DefaultChannelPool - Entry count for : http://localhost:62839 : 1
01:50:35.177 [Forwarding findElement on session 0301f929d1e8ca286bf6db3c67543429 to remote] DEBUG org.asynchttpclient.netty.request.NettyRequestSender - Using pooled Channel '[id: 0x3cb3eb23, L:/127.0.0.1:62838 - R:localhost/127.0.0.1:1471]' for 'POST' to 'http://localhost:1471/session/0301f929d1e8ca286bf6db3c67543429/element'
01:50:35.177 [Forwarding findElement on session 0301f929d1e8ca286bf6db3c67543429 to remote] DEBUG org.asynchttpclient.netty.request.NettyRequestSender - Using open Channel [id: 0x3cb3eb23, L:/127.0.0.1:62838 - R:localhost/127.0.0.1:1471] for POST '/session/0301f929d1e8ca286bf6db3c67543429/element'
01:50:35.198 [AsyncHttpClient-1-17] DEBUG org.asynchttpclient.netty.handler.HttpHandler - 

Request DefaultHttpRequest(decodeResult: success, version: HTTP/1.1)
POST /session/0301f929d1e8ca286bf6db3c67543429/element HTTP/1.1
User-Agent: selenium/4.12.0 (java windows)
Content-Length: 72
Content-Type: application/json; charset=utf-8
host: localhost:1471
accept: */*

Response DefaultHttpResponse(decodeResult: success, version: HTTP/1.1)
HTTP/1.1 200 OK
Content-Length: 126
Content-Type: application/json; charset=utf-8
cache-control: no-cache

01:50:35.198 [AsyncHttpClient-1-17] DEBUG org.asynchttpclient.netty.channel.ChannelManager - Adding key: http://localhost:1471 for channel [id: 0x3cb3eb23, L:/127.0.0.1:62838 - R:localhost/127.0.0.1:1471]
01:50:35.200 [Forwarding clickElement on session 0301f929d1e8ca286bf6db3c67543429 to remote] DEBUG org.asynchttpclient.netty.request.NettyRequestSender - Using pooled Channel '[id: 0x3cb3eb23, L:/127.0.0.1:62838 - R:localhost/127.0.0.1:1471]' for 'POST' to 'http://localhost:1471/session/0301f929d1e8ca286bf6db3c67543429/element/f.E55001CCC7F03BAAD8FEDD228B156A19.d.963F03653C14471BCF40A533CEB155D4.e.99/click'
01:50:35.200 [Forwarding clickElement on session 0301f929d1e8ca286bf6db3c67543429 to remote] DEBUG org.asynchttpclient.netty.request.NettyRequestSender - Using open Channel [id: 0x3cb3eb23, L:/127.0.0.1:62838 - R:localhost/127.0.0.1:1471] for POST '/session/0301f929d1e8ca286bf6db3c67543429/element/f.E55001CCC7F03BAAD8FEDD228B156A19.d.963F03653C14471BCF40A533CEB155D4.e.99/click'
01:50:35.316 [AsyncHttpClient-1-1] DEBUG org.asynchttpclient.netty.channel.DefaultChannelPool - Entry count for : http://localhost:62839 : 1
01:50:35.330 [AsyncHttpClient-1-17] DEBUG org.asynchttpclient.netty.handler.HttpHandler - 

Request DefaultHttpRequest(decodeResult: success, version: HTTP/1.1)
POST /session/0301f929d1e8ca286bf6db3c67543429/element/f.E55001CCC7F03BAAD8FEDD228B156A19.d.963F03653C14471BCF40A533CEB155D4.e.99/click HTTP/1.1
User-Agent: selenium/4.12.0 (java windows)
Content-Length: 88
Content-Type: application/json; charset=utf-8
host: localhost:1471
accept: */*

Response DefaultHttpResponse(decodeResult: success, version: HTTP/1.1)
HTTP/1.1 200 OK
Content-Length: 14
Content-Type: application/json; charset=utf-8
cache-control: no-cache

01:50:35.330 [AsyncHttpClient-1-17] DEBUG org.asynchttpclient.netty.channel.ChannelManager - Adding key: http://localhost:1471 for channel [id: 0x3cb3eb23, L:/127.0.0.1:62838 - R:localhost/127.0.0.1:1471]
screen shot class not taking
  When Submit the form                                              # StepDefination.Customer_onboarding.Submit_the_form()
01:50:36.352 [Forwarding findElement on session 0301f929d1e8ca286bf6db3c67543429 to remote] DEBUG org.asynchttpclient.netty.request.NettyRequestSender - Using pooled Channel '[id: 0x3cb3eb23, L:/127.0.0.1:62838 - R:localhost/127.0.0.1:1471]' for 'POST' to 'http://localhost:1471/session/0301f929d1e8ca286bf6db3c67543429/element'
01:50:36.352 [Forwarding findElement on session 0301f929d1e8ca286bf6db3c67543429 to remote] DEBUG org.asynchttpclient.netty.request.NettyRequestSender - Using open Channel [id: 0x3cb3eb23, L:/127.0.0.1:62838 - R:localhost/127.0.0.1:1471] for POST '/session/0301f929d1e8ca286bf6db3c67543429/element'
01:50:36.372 [AsyncHttpClient-1-17] DEBUG org.asynchttpclient.netty.handler.HttpHandler - 

Request DefaultHttpRequest(decodeResult: success, version: HTTP/1.1)
POST /session/0301f929d1e8ca286bf6db3c67543429/element HTTP/1.1
User-Agent: selenium/4.12.0 (java windows)
Content-Length: 151
Content-Type: application/json; charset=utf-8
host: localhost:1471
accept: */*

Response DefaultHttpResponse(decodeResult: success, version: HTTP/1.1)
HTTP/1.1 200 OK
Content-Length: 127
Content-Type: application/json; charset=utf-8
cache-control: no-cache

01:50:36.372 [AsyncHttpClient-1-17] DEBUG org.asynchttpclient.netty.channel.ChannelManager - Adding key: http://localhost:1471 for channel [id: 0x3cb3eb23, L:/127.0.0.1:62838 - R:localhost/127.0.0.1:1471]
01:50:36.372 [Forwarding clickElement on session 0301f929d1e8ca286bf6db3c67543429 to remote] DEBUG org.asynchttpclient.netty.request.NettyRequestSender - Using pooled Channel '[id: 0x3cb3eb23, L:/127.0.0.1:62838 - R:localhost/127.0.0.1:1471]' for 'POST' to 'http://localhost:1471/session/0301f929d1e8ca286bf6db3c67543429/element/f.E55001CCC7F03BAAD8FEDD228B156A19.d.963F03653C14471BCF40A533CEB155D4.e.101/click'
01:50:36.372 [Forwarding clickElement on session 0301f929d1e8ca286bf6db3c67543429 to remote] DEBUG org.asynchttpclient.netty.request.NettyRequestSender - Using open Channel [id: 0x3cb3eb23, L:/127.0.0.1:62838 - R:localhost/127.0.0.1:1471] for POST '/session/0301f929d1e8ca286bf6db3c67543429/element/f.E55001CCC7F03BAAD8FEDD228B156A19.d.963F03653C14471BCF40A533CEB155D4.e.101/click'
01:50:36.413 [AsyncHttpClient-1-1] DEBUG org.asynchttpclient.netty.channel.DefaultChannelPool - Entry count for : http://localhost:62839 : 1
01:50:36.487 [AsyncHttpClient-1-17] DEBUG org.asynchttpclient.netty.handler.HttpHandler - 

Request DefaultHttpRequest(decodeResult: success, version: HTTP/1.1)
POST /session/0301f929d1e8ca286bf6db3c67543429/element/f.E55001CCC7F03BAAD8FEDD228B156A19.d.963F03653C14471BCF40A533CEB155D4.e.101/click HTTP/1.1
User-Agent: selenium/4.12.0 (java windows)
Content-Length: 89
Content-Type: application/json; charset=utf-8
host: localhost:1471
accept: */*

Response DefaultHttpResponse(decodeResult: success, version: HTTP/1.1)
HTTP/1.1 200 OK
Content-Length: 14
Content-Type: application/json; charset=utf-8
cache-control: no-cache

01:50:36.487 [AsyncHttpClient-1-17] DEBUG org.asynchttpclient.netty.channel.ChannelManager - Adding key: http://localhost:1471 for channel [id: 0x3cb3eb23, L:/127.0.0.1:62838 - R:localhost/127.0.0.1:1471]
screen shot class not taking
  And Tap back button                                               # StepDefination.Customer_onboarding.Tap_back_button()
01:50:37.514 [AsyncHttpClient-1-1] DEBUG org.asynchttpclient.netty.channel.DefaultChannelPool - Entry count for : http://localhost:1471 : 1
01:50:37.514 [AsyncHttpClient-1-1] DEBUG org.asynchttpclient.netty.channel.DefaultChannelPool - Entry count for : http://localhost:62839 : 1
01:50:38.015 [Forwarding findElements on session 0301f929d1e8ca286bf6db3c67543429 to remote] DEBUG org.asynchttpclient.netty.request.NettyRequestSender - Using pooled Channel '[id: 0x3cb3eb23, L:/127.0.0.1:62838 - R:localhost/127.0.0.1:1471]' for 'POST' to 'http://localhost:1471/session/0301f929d1e8ca286bf6db3c67543429/elements'
01:50:38.015 [Forwarding findElements on session 0301f929d1e8ca286bf6db3c67543429 to remote] DEBUG org.asynchttpclient.netty.request.NettyRequestSender - Using open Channel [id: 0x3cb3eb23, L:/127.0.0.1:62838 - R:localhost/127.0.0.1:1471] for POST '/session/0301f929d1e8ca286bf6db3c67543429/elements'
01:50:38.032 [AsyncHttpClient-1-17] DEBUG org.asynchttpclient.netty.handler.HttpHandler - 

Request DefaultHttpRequest(decodeResult: success, version: HTTP/1.1)
POST /session/0301f929d1e8ca286bf6db3c67543429/elements HTTP/1.1
User-Agent: selenium/4.12.0 (java windows)
Content-Length: 142
Content-Type: application/json; charset=utf-8
host: localhost:1471
accept: */*

Response DefaultHttpResponse(decodeResult: success, version: HTTP/1.1)
HTTP/1.1 200 OK
Content-Length: 2135
Content-Type: application/json; charset=utf-8
cache-control: no-cache

01:50:38.032 [AsyncHttpClient-1-17] DEBUG org.asynchttpclient.netty.channel.ChannelManager - Adding key: http://localhost:1471 for channel [id: 0x3cb3eb23, L:/127.0.0.1:62838 - R:localhost/127.0.0.1:1471]
01:50:38.032 [Forwarding findElement on session 0301f929d1e8ca286bf6db3c67543429 to remote] DEBUG org.asynchttpclient.netty.request.NettyRequestSender - Using pooled Channel '[id: 0x3cb3eb23, L:/127.0.0.1:62838 - R:localhost/127.0.0.1:1471]' for 'POST' to 'http://localhost:1471/session/0301f929d1e8ca286bf6db3c67543429/element'
01:50:38.032 [Forwarding findElement on session 0301f929d1e8ca286bf6db3c67543429 to remote] DEBUG org.asynchttpclient.netty.request.NettyRequestSender - Using open Channel [id: 0x3cb3eb23, L:/127.0.0.1:62838 - R:localhost/127.0.0.1:1471] for POST '/session/0301f929d1e8ca286bf6db3c67543429/element'
01:50:38.057 [AsyncHttpClient-1-17] DEBUG org.asynchttpclient.netty.handler.HttpHandler - 

Request DefaultHttpRequest(decodeResult: success, version: HTTP/1.1)
POST /session/0301f929d1e8ca286bf6db3c67543429/element HTTP/1.1
User-Agent: selenium/4.12.0 (java windows)
Content-Length: 198
Content-Type: application/json; charset=utf-8
host: localhost:1471
accept: */*

Response DefaultHttpResponse(decodeResult: success, version: HTTP/1.1)
HTTP/1.1 200 OK
Content-Length: 127
Content-Type: application/json; charset=utf-8
cache-control: no-cache

01:50:38.057 [AsyncHttpClient-1-17] DEBUG org.asynchttpclient.netty.channel.ChannelManager - Adding key: http://localhost:1471 for channel [id: 0x3cb3eb23, L:/127.0.0.1:62838 - R:localhost/127.0.0.1:1471]
01:50:38.057 [Forwarding getElementText on session 0301f929d1e8ca286bf6db3c67543429 to remote] DEBUG org.asynchttpclient.netty.request.NettyRequestSender - Using pooled Channel '[id: 0x3cb3eb23, L:/127.0.0.1:62838 - R:localhost/127.0.0.1:1471]' for 'GET' to 'http://localhost:1471/session/0301f929d1e8ca286bf6db3c67543429/element/f.E55001CCC7F03BAAD8FEDD228B156A19.d.963F03653C14471BCF40A533CEB155D4.e.124/text'
01:50:38.057 [Forwarding getElementText on session 0301f929d1e8ca286bf6db3c67543429 to remote] DEBUG org.asynchttpclient.netty.request.NettyRequestSender - Using open Channel [id: 0x3cb3eb23, L:/127.0.0.1:62838 - R:localhost/127.0.0.1:1471] for GET '/session/0301f929d1e8ca286bf6db3c67543429/element/f.E55001CCC7F03BAAD8FEDD228B156A19.d.963F03653C14471BCF40A533CEB155D4.e.124/text'
01:50:38.076 [AsyncHttpClient-1-17] DEBUG org.asynchttpclient.netty.handler.HttpHandler - 

Request DefaultFullHttpRequest(decodeResult: success, version: HTTP/1.1, content: EmptyByteBufBE)
GET /session/0301f929d1e8ca286bf6db3c67543429/element/f.E55001CCC7F03BAAD8FEDD228B156A19.d.963F03653C14471BCF40A533CEB155D4.e.124/text HTTP/1.1
Cache-Control: no-cache
User-Agent: selenium/4.12.0 (java windows)
Content-Type: application/json; charset=utf-8
host: localhost:1471
accept: */*

Response DefaultHttpResponse(decodeResult: success, version: HTTP/1.1)
HTTP/1.1 200 OK
Content-Length: 37
Content-Type: application/json; charset=utf-8
cache-control: no-cache

01:50:38.076 [AsyncHttpClient-1-17] DEBUG org.asynchttpclient.netty.channel.ChannelManager - Adding key: http://localhost:1471 for channel [id: 0x3cb3eb23, L:/127.0.0.1:62838 - R:localhost/127.0.0.1:1471]
actual name: Nova Partners Group -A
Company successfully created
  Then customer successsfully added                                 # StepDefination.Customer_onboarding.customer_successsfully_added()
01:50:38.076 [AsyncHttpClient-1-19] DEBUG org.asynchttpclient.netty.handler.WebSocketHandler - Channel Closed: [id: 0x5aa27c6f, L:/127.0.0.1:62848 ! R:localhost/127.0.0.1:62839] with attribute DISCARD
01:50:38.076 [Driver Command Executor] DEBUG org.asynchttpclient.netty.request.NettyRequestSender - Using pooled Channel '[id: 0x3cb3eb23, L:/127.0.0.1:62838 - R:localhost/127.0.0.1:1471]' for 'DELETE' to 'http://localhost:1471/session/0301f929d1e8ca286bf6db3c67543429'
01:50:38.076 [Driver Command Executor] DEBUG org.asynchttpclient.netty.request.NettyRequestSender - Using open Channel [id: 0x3cb3eb23, L:/127.0.0.1:62838 - R:localhost/127.0.0.1:1471] for DELETE '/session/0301f929d1e8ca286bf6db3c67543429'
01:50:38.155 [AsyncHttpClient-1-18] DEBUG org.asynchttpclient.netty.handler.HttpHandler - Unexpected I/O exception on channel [id: 0x2bfeee34, L:/127.0.0.1:62847 - R:localhost/127.0.0.1:62839]
java.net.SocketException: Connection reset
	at java.base/sun.nio.ch.SocketChannelImpl.throwConnectionReset(SocketChannelImpl.java:394)
	at java.base/sun.nio.ch.SocketChannelImpl.read(SocketChannelImpl.java:426)
	at io.netty.buffer.PooledByteBuf.setBytes(PooledByteBuf.java:254)
	at io.netty.buffer.AbstractByteBuf.writeBytes(AbstractByteBuf.java:1132)
	at io.netty.channel.socket.nio.NioSocketChannel.doReadBytes(NioSocketChannel.java:357)
	at io.netty.channel.nio.AbstractNioByteChannel$NioByteUnsafe.read(AbstractNioByteChannel.java:151)
	at io.netty.channel.nio.NioEventLoop.processSelectedKey(NioEventLoop.java:788)
	at io.netty.channel.nio.NioEventLoop.processSelectedKeysOptimized(NioEventLoop.java:724)
	at io.netty.channel.nio.NioEventLoop.processSelectedKeys(NioEventLoop.java:650)
	at io.netty.channel.nio.NioEventLoop.run(NioEventLoop.java:562)
	at io.netty.util.concurrent.SingleThreadEventExecutor$4.run(SingleThreadEventExecutor.java:997)
	at io.netty.util.internal.ThreadExecutorMap$2.run(ThreadExecutorMap.java:74)
	at io.netty.util.concurrent.FastThreadLocalRunnable.run(FastThreadLocalRunnable.java:30)
	at java.base/java.lang.Thread.run(Thread.java:840)
01:50:38.155 [AsyncHttpClient-1-18] DEBUG org.asynchttpclient.netty.channel.ChannelManager - Closing Channel [id: 0x2bfeee34, L:/127.0.0.1:62847 - R:localhost/127.0.0.1:62839] 
01:50:38.155 [AsyncHttpClient-1-18] DEBUG org.asynchttpclient.netty.handler.HttpHandler - Channel Closed: [id: 0x2bfeee34, L:/127.0.0.1:62847 ! R:localhost/127.0.0.1:62839] with attribute DISCARD
01:50:38.229 [AsyncHttpClient-1-17] DEBUG org.asynchttpclient.netty.handler.HttpHandler - 

Request DefaultFullHttpRequest(decodeResult: success, version: HTTP/1.1, content: EmptyByteBufBE)
DELETE /session/0301f929d1e8ca286bf6db3c67543429 HTTP/1.1
User-Agent: selenium/4.12.0 (java windows)
Content-Type: application/json; charset=utf-8
host: localhost:1471
accept: */*

Response DefaultHttpResponse(decodeResult: success, version: HTTP/1.1)
HTTP/1.1 200 OK
Content-Length: 14
Content-Type: application/json; charset=utf-8
cache-control: no-cache

01:50:38.232 [AsyncHttpClient-1-17] DEBUG org.asynchttpclient.netty.channel.ChannelManager - Adding key: http://localhost:1471 for channel [id: 0x3cb3eb23, L:/127.0.0.1:62838 - R:localhost/127.0.0.1:1471]
01:50:38.618 [AsyncHttpClient-1-1] DEBUG org.asynchttpclient.netty.channel.DefaultChannelPool - Entry count for : http://localhost:1471 : 1
01:50:38.618 [AsyncHttpClient-1-1] DEBUG org.asynchttpclient.netty.channel.DefaultChannelPool - Entry count for : http://localhost:62839 : 1
01:50:38.618 [AsyncHttpClient-1-1] DEBUG org.asynchttpclient.netty.channel.DefaultChannelPool - Adding Candidate expired Channel [id: 0x2bfeee34, L:/127.0.0.1:62847 ! R:localhost/127.0.0.1:62839] isIdleTimeoutExpired=false isRemotelyClosed=true isTtlExpired=false
01:50:38.618 [AsyncHttpClient-1-1] DEBUG org.asynchttpclient.netty.channel.DefaultChannelPool - Closing Idle Channel [id: 0x2bfeee34, L:/127.0.0.1:62847 ! R:localhost/127.0.0.1:62839]
01:50:38.618 [AsyncHttpClient-1-1] DEBUG org.asynchttpclient.netty.channel.DefaultChannelPool - Closed 1 connections out of 2 in 0 ms
01:50:38.760 [AsyncHttpClient-1-17] DEBUG org.asynchttpclient.netty.handler.HttpHandler - Channel Closed: [id: 0x3cb3eb23, L:/127.0.0.1:62838 ! R:localhost/127.0.0.1:1471] with attribute DISCARD
  And Close_Window                                                  # StepDefination.Customer_onboarding.close_window()
WebDriver is null. Nothing to close.
]]></system-out>
    <system-err><![CDATA[Jan 25, 2025 1:50:12 AM org.openqa.selenium.devtools.CdpVersionFinder findNearestMatch
WARNING: Unable to find CDP implementation matching 131
Jan 25, 2025 1:50:12 AM org.openqa.selenium.chromium.ChromiumDriver lambda$new$5
WARNING: Unable to find version of CDP to use for 131.0.6778.265. You may need to include a dependency on a specific version of the CDP using something similar to `org.seleniumhq.selenium:selenium-devtools-v86:4.12.0` where the version ("v86") matches the version of the chromium-based browser you're using and the version number of the artifact is the same as Selenium's.
]]></system-err>
  </testcase>
  <testcase name="Add customer without company name" classname="Customer Onboarding form for Broker" time="25.182">
    <system-out><![CDATA[
Scenario Outline: Add customer without company name              # src/test/resources/Customers/Customer_form.feature:50
01:50:39.156 [AsyncHttpClient-1-20] DEBUG org.asynchttpclient.netty.channel.NettyConnectListener - Using new Channel '[id: 0xa0303876, L:/127.0.0.1:62890 - R:localhost/127.0.0.1:1449]' for 'POST' to '/session'
01:50:39.770 [AsyncHttpClient-1-1] DEBUG org.asynchttpclient.netty.channel.DefaultChannelPool - Entry count for : http://localhost:1471 : 1
01:50:39.770 [AsyncHttpClient-1-1] DEBUG org.asynchttpclient.netty.channel.DefaultChannelPool - Adding Candidate expired Channel [id: 0x3cb3eb23, L:/127.0.0.1:62838 ! R:localhost/127.0.0.1:1471] isIdleTimeoutExpired=false isRemotelyClosed=true isTtlExpired=false
01:50:39.770 [AsyncHttpClient-1-1] DEBUG org.asynchttpclient.netty.channel.DefaultChannelPool - Closing Idle Channel [id: 0x3cb3eb23, L:/127.0.0.1:62838 ! R:localhost/127.0.0.1:1471]
01:50:39.770 [AsyncHttpClient-1-1] DEBUG org.asynchttpclient.netty.channel.DefaultChannelPool - Closed 1 connections out of 1 in 0 ms
01:50:40.644 [AsyncHttpClient-1-20] DEBUG org.asynchttpclient.netty.handler.HttpHandler - 

Request DefaultHttpRequest(decodeResult: success, version: HTTP/1.1)
POST /session HTTP/1.1
User-Agent: selenium/4.12.0 (java windows)
Content-Length: 254
Content-Type: application/json; charset=utf-8
host: localhost:1449
accept: */*

Response DefaultHttpResponse(decodeResult: success, version: HTTP/1.1)
HTTP/1.1 200 OK
Content-Length: 888
Content-Type: application/json; charset=utf-8
cache-control: no-cache

01:50:40.644 [AsyncHttpClient-1-20] DEBUG org.asynchttpclient.netty.channel.ChannelManager - Adding key: http://localhost:1449 for channel [id: 0xa0303876, L:/127.0.0.1:62890 - R:localhost/127.0.0.1:1449]
01:50:40.660 [AsyncHttpClient-1-21] DEBUG org.asynchttpclient.netty.channel.NettyConnectListener - Using new Channel '[id: 0xcc666fee, L:/127.0.0.1:62898 - R:localhost/127.0.0.1:62891]' for 'GET' to '/json/version'
01:50:40.660 [AsyncHttpClient-1-21] DEBUG org.asynchttpclient.netty.handler.HttpHandler - 

Request DefaultFullHttpRequest(decodeResult: success, version: HTTP/1.1, content: EmptyByteBufBE)
GET /json/version HTTP/1.1
User-Agent: selenium/4.12.0 (java windows)
host: localhost:62891
accept: */*

Response DefaultHttpResponse(decodeResult: success, version: HTTP/1.1)
HTTP/1.1 200 OK
Content-Security-Policy: frame-ancestors 'none'
Content-Length: 424
Content-Type: application/json; charset=UTF-8

01:50:40.660 [AsyncHttpClient-1-21] DEBUG org.asynchttpclient.netty.channel.ChannelManager - Adding key: http://localhost:62891 for channel [id: 0xcc666fee, L:/127.0.0.1:62898 - R:localhost/127.0.0.1:62891]
01:50:40.674 [AsyncHttpClient-1-22] DEBUG org.asynchttpclient.netty.channel.NettyConnectListener - Using new Channel '[id: 0x0de3c71c, L:/127.0.0.1:62899 - R:localhost/127.0.0.1:62891]' for 'GET' to '/devtools/browser/ef612392-5dc4-4479-a0fd-7a2204febf38'
01:50:40.676 [AsyncHttpClient-1-22] DEBUG org.asynchttpclient.netty.handler.WebSocketHandler - 

Request DefaultFullHttpRequest(decodeResult: success, version: HTTP/1.1, content: EmptyByteBufBE)
GET /devtools/browser/ef612392-5dc4-4479-a0fd-7a2204febf38 HTTP/1.1
upgrade: websocket
connection: upgrade
sec-websocket-key: pWfYCD8hT1pJgKHdCDiD1g==
sec-websocket-version: 13
origin: http://localhost:62891
host: localhost:62891
accept: */*
user-agent: AHC/2.1

Response DefaultHttpResponse(decodeResult: success, version: HTTP/1.1)
HTTP/1.1 101 WebSocket Protocol Handshake
Upgrade: WebSocket
Connection: Upgrade
Sec-WebSocket-Accept: 7GY/z9CbUc9m/XKm+6Y1AP1SS9M=

01:50:40.685 [Forwarding get on session dcda1bd4774295af0c831570e967daea to remote] DEBUG org.asynchttpclient.netty.request.NettyRequestSender - Using pooled Channel '[id: 0xa0303876, L:/127.0.0.1:62890 - R:localhost/127.0.0.1:1449]' for 'POST' to 'http://localhost:1449/session/dcda1bd4774295af0c831570e967daea/url'
01:50:40.685 [Forwarding get on session dcda1bd4774295af0c831570e967daea to remote] DEBUG org.asynchttpclient.netty.request.NettyRequestSender - Using open Channel [id: 0xa0303876, L:/127.0.0.1:62890 - R:localhost/127.0.0.1:1449] for POST '/session/dcda1bd4774295af0c831570e967daea/url'
01:50:40.808 [AsyncHttpClient-1-1] DEBUG org.asynchttpclient.netty.channel.DefaultChannelPool - Entry count for : http://localhost:62891 : 1
01:50:41.909 [AsyncHttpClient-1-1] DEBUG org.asynchttpclient.netty.channel.DefaultChannelPool - Entry count for : http://localhost:62891 : 1
01:50:42.269 [AsyncHttpClient-1-20] DEBUG org.asynchttpclient.netty.handler.HttpHandler - 

Request DefaultHttpRequest(decodeResult: success, version: HTTP/1.1)
POST /session/dcda1bd4774295af0c831570e967daea/url HTTP/1.1
User-Agent: selenium/4.12.0 (java windows)
Content-Length: 79
Content-Type: application/json; charset=utf-8
host: localhost:1449
accept: */*

Response DefaultHttpResponse(decodeResult: success, version: HTTP/1.1)
HTTP/1.1 200 OK
Content-Length: 14
Content-Type: application/json; charset=utf-8
cache-control: no-cache

01:50:42.269 [AsyncHttpClient-1-20] DEBUG org.asynchttpclient.netty.channel.ChannelManager - Adding key: http://localhost:1449 for channel [id: 0xa0303876, L:/127.0.0.1:62890 - R:localhost/127.0.0.1:1449]
01:50:42.278 [Forwarding maximizeCurrentWindow on session dcda1bd4774295af0c831570e967daea to remote] DEBUG org.asynchttpclient.netty.request.NettyRequestSender - Using pooled Channel '[id: 0xa0303876, L:/127.0.0.1:62890 - R:localhost/127.0.0.1:1449]' for 'POST' to 'http://localhost:1449/session/dcda1bd4774295af0c831570e967daea/window/maximize'
01:50:42.278 [Forwarding maximizeCurrentWindow on session dcda1bd4774295af0c831570e967daea to remote] DEBUG org.asynchttpclient.netty.request.NettyRequestSender - Using open Channel [id: 0xa0303876, L:/127.0.0.1:62890 - R:localhost/127.0.0.1:1449] for POST '/session/dcda1bd4774295af0c831570e967daea/window/maximize'
01:50:42.341 [AsyncHttpClient-1-20] DEBUG org.asynchttpclient.netty.handler.HttpHandler - 

Request DefaultHttpRequest(decodeResult: success, version: HTTP/1.1)
POST /session/dcda1bd4774295af0c831570e967daea/window/maximize HTTP/1.1
User-Agent: selenium/4.12.0 (java windows)
Content-Length: 3
Content-Type: application/json; charset=utf-8
host: localhost:1449
accept: */*

Response DefaultHttpResponse(decodeResult: success, version: HTTP/1.1)
HTTP/1.1 200 OK
Content-Length: 51
Content-Type: application/json; charset=utf-8
cache-control: no-cache

01:50:42.341 [AsyncHttpClient-1-20] DEBUG org.asynchttpclient.netty.channel.ChannelManager - Adding key: http://localhost:1449 for channel [id: 0xa0303876, L:/127.0.0.1:62890 - R:localhost/127.0.0.1:1449]
01:50:42.341 [Forwarding findElement on session dcda1bd4774295af0c831570e967daea to remote] DEBUG org.asynchttpclient.netty.request.NettyRequestSender - Using pooled Channel '[id: 0xa0303876, L:/127.0.0.1:62890 - R:localhost/127.0.0.1:1449]' for 'POST' to 'http://localhost:1449/session/dcda1bd4774295af0c831570e967daea/element'
01:50:42.341 [Forwarding findElement on session dcda1bd4774295af0c831570e967daea to remote] DEBUG org.asynchttpclient.netty.request.NettyRequestSender - Using open Channel [id: 0xa0303876, L:/127.0.0.1:62890 - R:localhost/127.0.0.1:1449] for POST '/session/dcda1bd4774295af0c831570e967daea/element'
01:50:42.374 [AsyncHttpClient-1-20] DEBUG org.asynchttpclient.netty.handler.HttpHandler - 

Request DefaultHttpRequest(decodeResult: success, version: HTTP/1.1)
POST /session/dcda1bd4774295af0c831570e967daea/element HTTP/1.1
User-Agent: selenium/4.12.0 (java windows)
Content-Length: 69
Content-Type: application/json; charset=utf-8
host: localhost:1449
accept: */*

Response DefaultHttpResponse(decodeResult: success, version: HTTP/1.1)
HTTP/1.1 200 OK
Content-Length: 125
Content-Type: application/json; charset=utf-8
cache-control: no-cache

01:50:42.374 [AsyncHttpClient-1-20] DEBUG org.asynchttpclient.netty.channel.ChannelManager - Adding key: http://localhost:1449 for channel [id: 0xa0303876, L:/127.0.0.1:62890 - R:localhost/127.0.0.1:1449]
01:50:42.378 [Forwarding sendKeysToElement on session dcda1bd4774295af0c831570e967daea to remote] DEBUG org.asynchttpclient.netty.request.NettyRequestSender - Using pooled Channel '[id: 0xa0303876, L:/127.0.0.1:62890 - R:localhost/127.0.0.1:1449]' for 'POST' to 'http://localhost:1449/session/dcda1bd4774295af0c831570e967daea/element/f.E45F2AD4B442591BD0DF2F5A06C048D9.d.B46F77A2810C53558C4B85D2E83CC74B.e.2/value'
01:50:42.378 [Forwarding sendKeysToElement on session dcda1bd4774295af0c831570e967daea to remote] DEBUG org.asynchttpclient.netty.request.NettyRequestSender - Using open Channel [id: 0xa0303876, L:/127.0.0.1:62890 - R:localhost/127.0.0.1:1449] for POST '/session/dcda1bd4774295af0c831570e967daea/element/f.E45F2AD4B442591BD0DF2F5A06C048D9.d.B46F77A2810C53558C4B85D2E83CC74B.e.2/value'
01:50:42.666 [AsyncHttpClient-1-20] DEBUG org.asynchttpclient.netty.handler.HttpHandler - 

Request DefaultHttpRequest(decodeResult: success, version: HTTP/1.1)
POST /session/dcda1bd4774295af0c831570e967daea/element/f.E45F2AD4B442591BD0DF2F5A06C048D9.d.B46F77A2810C53558C4B85D2E83CC74B.e.2/value HTTP/1.1
User-Agent: selenium/4.12.0 (java windows)
Content-Length: 328
Content-Type: application/json; charset=utf-8
host: localhost:1449
accept: */*

Response DefaultHttpResponse(decodeResult: success, version: HTTP/1.1)
HTTP/1.1 200 OK
Content-Length: 14
Content-Type: application/json; charset=utf-8
cache-control: no-cache

01:50:42.666 [AsyncHttpClient-1-20] DEBUG org.asynchttpclient.netty.channel.ChannelManager - Adding key: http://localhost:1449 for channel [id: 0xa0303876, L:/127.0.0.1:62890 - R:localhost/127.0.0.1:1449]
01:50:42.667 [Forwarding findElement on session dcda1bd4774295af0c831570e967daea to remote] DEBUG org.asynchttpclient.netty.request.NettyRequestSender - Using pooled Channel '[id: 0xa0303876, L:/127.0.0.1:62890 - R:localhost/127.0.0.1:1449]' for 'POST' to 'http://localhost:1449/session/dcda1bd4774295af0c831570e967daea/element'
01:50:42.667 [Forwarding findElement on session dcda1bd4774295af0c831570e967daea to remote] DEBUG org.asynchttpclient.netty.request.NettyRequestSender - Using open Channel [id: 0xa0303876, L:/127.0.0.1:62890 - R:localhost/127.0.0.1:1449] for POST '/session/dcda1bd4774295af0c831570e967daea/element'
01:50:42.698 [AsyncHttpClient-1-20] DEBUG org.asynchttpclient.netty.handler.HttpHandler - 

Request DefaultHttpRequest(decodeResult: success, version: HTTP/1.1)
POST /session/dcda1bd4774295af0c831570e967daea/element HTTP/1.1
User-Agent: selenium/4.12.0 (java windows)
Content-Length: 72
Content-Type: application/json; charset=utf-8
host: localhost:1449
accept: */*

Response DefaultHttpResponse(decodeResult: success, version: HTTP/1.1)
HTTP/1.1 200 OK
Content-Length: 125
Content-Type: application/json; charset=utf-8
cache-control: no-cache

01:50:42.698 [AsyncHttpClient-1-20] DEBUG org.asynchttpclient.netty.channel.ChannelManager - Adding key: http://localhost:1449 for channel [id: 0xa0303876, L:/127.0.0.1:62890 - R:localhost/127.0.0.1:1449]
01:50:42.698 [Forwarding sendKeysToElement on session dcda1bd4774295af0c831570e967daea to remote] DEBUG org.asynchttpclient.netty.request.NettyRequestSender - Using pooled Channel '[id: 0xa0303876, L:/127.0.0.1:62890 - R:localhost/127.0.0.1:1449]' for 'POST' to 'http://localhost:1449/session/dcda1bd4774295af0c831570e967daea/element/f.E45F2AD4B442591BD0DF2F5A06C048D9.d.B46F77A2810C53558C4B85D2E83CC74B.e.4/value'
01:50:42.698 [Forwarding sendKeysToElement on session dcda1bd4774295af0c831570e967daea to remote] DEBUG org.asynchttpclient.netty.request.NettyRequestSender - Using open Channel [id: 0xa0303876, L:/127.0.0.1:62890 - R:localhost/127.0.0.1:1449] for POST '/session/dcda1bd4774295af0c831570e967daea/element/f.E45F2AD4B442591BD0DF2F5A06C048D9.d.B46F77A2810C53558C4B85D2E83CC74B.e.4/value'
01:50:43.004 [AsyncHttpClient-1-20] DEBUG org.asynchttpclient.netty.handler.HttpHandler - 

Request DefaultHttpRequest(decodeResult: success, version: HTTP/1.1)
POST /session/dcda1bd4774295af0c831570e967daea/element/f.E45F2AD4B442591BD0DF2F5A06C048D9.d.B46F77A2810C53558C4B85D2E83CC74B.e.4/value HTTP/1.1
User-Agent: selenium/4.12.0 (java windows)
Content-Length: 198
Content-Type: application/json; charset=utf-8
host: localhost:1449
accept: */*

Response DefaultHttpResponse(decodeResult: success, version: HTTP/1.1)
HTTP/1.1 200 OK
Content-Length: 14
Content-Type: application/json; charset=utf-8
cache-control: no-cache

01:50:43.004 [AsyncHttpClient-1-20] DEBUG org.asynchttpclient.netty.channel.ChannelManager - Adding key: http://localhost:1449 for channel [id: 0xa0303876, L:/127.0.0.1:62890 - R:localhost/127.0.0.1:1449]
01:50:43.012 [AsyncHttpClient-1-1] DEBUG org.asynchttpclient.netty.channel.DefaultChannelPool - Entry count for : http://localhost:62891 : 1
01:50:43.012 [AsyncHttpClient-1-1] DEBUG org.asynchttpclient.netty.channel.DefaultChannelPool - Entry count for : http://localhost:1449 : 1
01:50:43.012 [Forwarding findElement on session dcda1bd4774295af0c831570e967daea to remote] DEBUG org.asynchttpclient.netty.request.NettyRequestSender - Using pooled Channel '[id: 0xa0303876, L:/127.0.0.1:62890 - R:localhost/127.0.0.1:1449]' for 'POST' to 'http://localhost:1449/session/dcda1bd4774295af0c831570e967daea/element'
01:50:43.012 [Forwarding findElement on session dcda1bd4774295af0c831570e967daea to remote] DEBUG org.asynchttpclient.netty.request.NettyRequestSender - Using open Channel [id: 0xa0303876, L:/127.0.0.1:62890 - R:localhost/127.0.0.1:1449] for POST '/session/dcda1bd4774295af0c831570e967daea/element'
01:50:43.044 [AsyncHttpClient-1-20] DEBUG org.asynchttpclient.netty.handler.HttpHandler - 

Request DefaultHttpRequest(decodeResult: success, version: HTTP/1.1)
POST /session/dcda1bd4774295af0c831570e967daea/element HTTP/1.1
User-Agent: selenium/4.12.0 (java windows)
Content-Length: 73
Content-Type: application/json; charset=utf-8
host: localhost:1449
accept: */*

Response DefaultHttpResponse(decodeResult: success, version: HTTP/1.1)
HTTP/1.1 200 OK
Content-Length: 125
Content-Type: application/json; charset=utf-8
cache-control: no-cache

01:50:43.044 [AsyncHttpClient-1-20] DEBUG org.asynchttpclient.netty.channel.ChannelManager - Adding key: http://localhost:1449 for channel [id: 0xa0303876, L:/127.0.0.1:62890 - R:localhost/127.0.0.1:1449]
01:50:43.052 [Forwarding clickElement on session dcda1bd4774295af0c831570e967daea to remote] DEBUG org.asynchttpclient.netty.request.NettyRequestSender - Using pooled Channel '[id: 0xa0303876, L:/127.0.0.1:62890 - R:localhost/127.0.0.1:1449]' for 'POST' to 'http://localhost:1449/session/dcda1bd4774295af0c831570e967daea/element/f.E45F2AD4B442591BD0DF2F5A06C048D9.d.B46F77A2810C53558C4B85D2E83CC74B.e.6/click'
01:50:43.052 [Forwarding clickElement on session dcda1bd4774295af0c831570e967daea to remote] DEBUG org.asynchttpclient.netty.request.NettyRequestSender - Using open Channel [id: 0xa0303876, L:/127.0.0.1:62890 - R:localhost/127.0.0.1:1449] for POST '/session/dcda1bd4774295af0c831570e967daea/element/f.E45F2AD4B442591BD0DF2F5A06C048D9.d.B46F77A2810C53558C4B85D2E83CC74B.e.6/click'
01:50:43.232 [AsyncHttpClient-1-20] DEBUG org.asynchttpclient.netty.handler.HttpHandler - 

Request DefaultHttpRequest(decodeResult: success, version: HTTP/1.1)
POST /session/dcda1bd4774295af0c831570e967daea/element/f.E45F2AD4B442591BD0DF2F5A06C048D9.d.B46F77A2810C53558C4B85D2E83CC74B.e.6/click HTTP/1.1
User-Agent: selenium/4.12.0 (java windows)
Content-Length: 87
Content-Type: application/json; charset=utf-8
host: localhost:1449
accept: */*

Response DefaultHttpResponse(decodeResult: success, version: HTTP/1.1)
HTTP/1.1 200 OK
Content-Length: 14
Content-Type: application/json; charset=utf-8
cache-control: no-cache

01:50:43.232 [AsyncHttpClient-1-20] DEBUG org.asynchttpclient.netty.channel.ChannelManager - Adding key: http://localhost:1449 for channel [id: 0xa0303876, L:/127.0.0.1:62890 - R:localhost/127.0.0.1:1449]
01:50:44.108 [AsyncHttpClient-1-1] DEBUG org.asynchttpclient.netty.channel.DefaultChannelPool - Entry count for : http://localhost:62891 : 1
01:50:44.108 [AsyncHttpClient-1-1] DEBUG org.asynchttpclient.netty.channel.DefaultChannelPool - Entry count for : http://localhost:1449 : 1
01:50:45.218 [AsyncHttpClient-1-1] DEBUG org.asynchttpclient.netty.channel.DefaultChannelPool - Entry count for : http://localhost:62891 : 1
01:50:45.218 [AsyncHttpClient-1-1] DEBUG org.asynchttpclient.netty.channel.DefaultChannelPool - Entry count for : http://localhost:1449 : 1
01:50:46.314 [AsyncHttpClient-1-1] DEBUG org.asynchttpclient.netty.channel.DefaultChannelPool - Entry count for : http://localhost:62891 : 1
01:50:46.314 [AsyncHttpClient-1-1] DEBUG org.asynchttpclient.netty.channel.DefaultChannelPool - Entry count for : http://localhost:1449 : 1
01:50:47.416 [AsyncHttpClient-1-1] DEBUG org.asynchttpclient.netty.channel.DefaultChannelPool - Entry count for : http://localhost:62891 : 1
01:50:47.416 [AsyncHttpClient-1-1] DEBUG org.asynchttpclient.netty.channel.DefaultChannelPool - Entry count for : http://localhost:1449 : 1
01:50:48.242 [Forwarding getCurrentUrl on session dcda1bd4774295af0c831570e967daea to remote] DEBUG org.asynchttpclient.netty.request.NettyRequestSender - Using pooled Channel '[id: 0xa0303876, L:/127.0.0.1:62890 - R:localhost/127.0.0.1:1449]' for 'GET' to 'http://localhost:1449/session/dcda1bd4774295af0c831570e967daea/url'
01:50:48.242 [Forwarding getCurrentUrl on session dcda1bd4774295af0c831570e967daea to remote] DEBUG org.asynchttpclient.netty.request.NettyRequestSender - Using open Channel [id: 0xa0303876, L:/127.0.0.1:62890 - R:localhost/127.0.0.1:1449] for GET '/session/dcda1bd4774295af0c831570e967daea/url'
01:50:48.242 [AsyncHttpClient-1-20] DEBUG org.asynchttpclient.netty.handler.HttpHandler - 

Request DefaultFullHttpRequest(decodeResult: success, version: HTTP/1.1, content: EmptyByteBufBE)
GET /session/dcda1bd4774295af0c831570e967daea/url HTTP/1.1
Cache-Control: no-cache
User-Agent: selenium/4.12.0 (java windows)
Content-Type: application/json; charset=utf-8
host: localhost:1449
accept: */*

Response DefaultHttpResponse(decodeResult: success, version: HTTP/1.1)
HTTP/1.1 200 OK
Content-Length: 56
Content-Type: application/json; charset=utf-8
cache-control: no-cache

01:50:48.250 [AsyncHttpClient-1-20] DEBUG org.asynchttpclient.netty.channel.ChannelManager - Adding key: http://localhost:1449 for channel [id: 0xa0303876, L:/127.0.0.1:62890 - R:localhost/127.0.0.1:1449]
Site 1: https://platform.fleetsyncs.com/admin/onboarding/broker/load-tender
Site 2: https://platform.fleetsyncs.com/auth/sign-in
Site 2: https://platform.fleetsyncs.com/auth/sign-in
https://platform.fleetsyncs.com/auth/sign-in
01:50:48.250 [Forwarding findElement on session dcda1bd4774295af0c831570e967daea to remote] DEBUG org.asynchttpclient.netty.request.NettyRequestSender - Using pooled Channel '[id: 0xa0303876, L:/127.0.0.1:62890 - R:localhost/127.0.0.1:1449]' for 'POST' to 'http://localhost:1449/session/dcda1bd4774295af0c831570e967daea/element'
01:50:48.250 [Forwarding findElement on session dcda1bd4774295af0c831570e967daea to remote] DEBUG org.asynchttpclient.netty.request.NettyRequestSender - Using open Channel [id: 0xa0303876, L:/127.0.0.1:62890 - R:localhost/127.0.0.1:1449] for POST '/session/dcda1bd4774295af0c831570e967daea/element'
01:50:48.269 [AsyncHttpClient-1-20] DEBUG org.asynchttpclient.netty.handler.HttpHandler - 

Request DefaultHttpRequest(decodeResult: success, version: HTTP/1.1)
POST /session/dcda1bd4774295af0c831570e967daea/element HTTP/1.1
User-Agent: selenium/4.12.0 (java windows)
Content-Length: 66
Content-Type: application/json; charset=utf-8
host: localhost:1449
accept: */*

Response DefaultHttpResponse(decodeResult: success, version: HTTP/1.1)
HTTP/1.1 200 OK
Content-Length: 126
Content-Type: application/json; charset=utf-8
cache-control: no-cache

01:50:48.269 [AsyncHttpClient-1-20] DEBUG org.asynchttpclient.netty.channel.ChannelManager - Adding key: http://localhost:1449 for channel [id: 0xa0303876, L:/127.0.0.1:62890 - R:localhost/127.0.0.1:1449]
01:50:48.269 [Forwarding isElementDisplayed on session dcda1bd4774295af0c831570e967daea to remote] DEBUG org.asynchttpclient.netty.request.NettyRequestSender - Using pooled Channel '[id: 0xa0303876, L:/127.0.0.1:62890 - R:localhost/127.0.0.1:1449]' for 'POST' to 'http://localhost:1449/session/dcda1bd4774295af0c831570e967daea/execute/sync'
01:50:48.269 [Forwarding isElementDisplayed on session dcda1bd4774295af0c831570e967daea to remote] DEBUG org.asynchttpclient.netty.request.NettyRequestSender - Using open Channel [id: 0xa0303876, L:/127.0.0.1:62890 - R:localhost/127.0.0.1:1449] for POST '/session/dcda1bd4774295af0c831570e967daea/execute/sync'
01:50:48.292 [AsyncHttpClient-1-20] DEBUG org.asynchttpclient.netty.handler.HttpHandler - 

Request DefaultHttpRequest(decodeResult: success, version: HTTP/1.1)
POST /session/dcda1bd4774295af0c831570e967daea/execute/sync HTTP/1.1
User-Agent: selenium/4.12.0 (java windows)
Content-Length: 48734
Content-Type: application/json; charset=utf-8
host: localhost:1449
accept: */*

Response DefaultHttpResponse(decodeResult: success, version: HTTP/1.1)
HTTP/1.1 200 OK
Content-Length: 14
Content-Type: application/json; charset=utf-8
cache-control: no-cache

01:50:48.292 [AsyncHttpClient-1-20] DEBUG org.asynchttpclient.netty.channel.ChannelManager - Adding key: http://localhost:1449 for channel [id: 0xa0303876, L:/127.0.0.1:62890 - R:localhost/127.0.0.1:1449]
01:50:48.292 [Forwarding findElement on session dcda1bd4774295af0c831570e967daea to remote] DEBUG org.asynchttpclient.netty.request.NettyRequestSender - Using pooled Channel '[id: 0xa0303876, L:/127.0.0.1:62890 - R:localhost/127.0.0.1:1449]' for 'POST' to 'http://localhost:1449/session/dcda1bd4774295af0c831570e967daea/element'
01:50:48.292 [Forwarding findElement on session dcda1bd4774295af0c831570e967daea to remote] DEBUG org.asynchttpclient.netty.request.NettyRequestSender - Using open Channel [id: 0xa0303876, L:/127.0.0.1:62890 - R:localhost/127.0.0.1:1449] for POST '/session/dcda1bd4774295af0c831570e967daea/element'
01:50:48.299 [AsyncHttpClient-1-20] DEBUG org.asynchttpclient.netty.handler.HttpHandler - 

Request DefaultHttpRequest(decodeResult: success, version: HTTP/1.1)
POST /session/dcda1bd4774295af0c831570e967daea/element HTTP/1.1
User-Agent: selenium/4.12.0 (java windows)
Content-Length: 66
Content-Type: application/json; charset=utf-8
host: localhost:1449
accept: */*

Response DefaultHttpResponse(decodeResult: success, version: HTTP/1.1)
HTTP/1.1 200 OK
Content-Length: 126
Content-Type: application/json; charset=utf-8
cache-control: no-cache

01:50:48.299 [AsyncHttpClient-1-20] DEBUG org.asynchttpclient.netty.channel.ChannelManager - Adding key: http://localhost:1449 for channel [id: 0xa0303876, L:/127.0.0.1:62890 - R:localhost/127.0.0.1:1449]
01:50:48.299 [Forwarding getElementText on session dcda1bd4774295af0c831570e967daea to remote] DEBUG org.asynchttpclient.netty.request.NettyRequestSender - Using pooled Channel '[id: 0xa0303876, L:/127.0.0.1:62890 - R:localhost/127.0.0.1:1449]' for 'GET' to 'http://localhost:1449/session/dcda1bd4774295af0c831570e967daea/element/f.E45F2AD4B442591BD0DF2F5A06C048D9.d.B46F77A2810C53558C4B85D2E83CC74B.e.19/text'
01:50:48.299 [Forwarding getElementText on session dcda1bd4774295af0c831570e967daea to remote] DEBUG org.asynchttpclient.netty.request.NettyRequestSender - Using open Channel [id: 0xa0303876, L:/127.0.0.1:62890 - R:localhost/127.0.0.1:1449] for GET '/session/dcda1bd4774295af0c831570e967daea/element/f.E45F2AD4B442591BD0DF2F5A06C048D9.d.B46F77A2810C53558C4B85D2E83CC74B.e.19/text'
01:50:48.325 [AsyncHttpClient-1-20] DEBUG org.asynchttpclient.netty.handler.HttpHandler - 

Request DefaultFullHttpRequest(decodeResult: success, version: HTTP/1.1, content: EmptyByteBufBE)
GET /session/dcda1bd4774295af0c831570e967daea/element/f.E45F2AD4B442591BD0DF2F5A06C048D9.d.B46F77A2810C53558C4B85D2E83CC74B.e.19/text HTTP/1.1
Cache-Control: no-cache
User-Agent: selenium/4.12.0 (java windows)
Content-Type: application/json; charset=utf-8
host: localhost:1449
accept: */*

Response DefaultHttpResponse(decodeResult: success, version: HTTP/1.1)
HTTP/1.1 200 OK
Content-Length: 33
Content-Type: application/json; charset=utf-8
cache-control: no-cache

01:50:48.325 [AsyncHttpClient-1-20] DEBUG org.asynchttpclient.netty.channel.ChannelManager - Adding key: http://localhost:1449 for channel [id: 0xa0303876, L:/127.0.0.1:62890 - R:localhost/127.0.0.1:1449]
01:50:48.325 [Forwarding findElement on session dcda1bd4774295af0c831570e967daea to remote] DEBUG org.asynchttpclient.netty.request.NettyRequestSender - Using pooled Channel '[id: 0xa0303876, L:/127.0.0.1:62890 - R:localhost/127.0.0.1:1449]' for 'POST' to 'http://localhost:1449/session/dcda1bd4774295af0c831570e967daea/element'
01:50:48.325 [Forwarding findElement on session dcda1bd4774295af0c831570e967daea to remote] DEBUG org.asynchttpclient.netty.request.NettyRequestSender - Using open Channel [id: 0xa0303876, L:/127.0.0.1:62890 - R:localhost/127.0.0.1:1449] for POST '/session/dcda1bd4774295af0c831570e967daea/element'
01:50:48.340 [AsyncHttpClient-1-20] DEBUG org.asynchttpclient.netty.handler.HttpHandler - 

Request DefaultHttpRequest(decodeResult: success, version: HTTP/1.1)
POST /session/dcda1bd4774295af0c831570e967daea/element HTTP/1.1
User-Agent: selenium/4.12.0 (java windows)
Content-Length: 74
Content-Type: application/json; charset=utf-8
host: localhost:1449
accept: */*

Response DefaultHttpResponse(decodeResult: success, version: HTTP/1.1)
HTTP/1.1 200 OK
Content-Length: 126
Content-Type: application/json; charset=utf-8
cache-control: no-cache

01:50:48.340 [AsyncHttpClient-1-20] DEBUG org.asynchttpclient.netty.channel.ChannelManager - Adding key: http://localhost:1449 for channel [id: 0xa0303876, L:/127.0.0.1:62890 - R:localhost/127.0.0.1:1449]
01:50:48.340 [Forwarding clickElement on session dcda1bd4774295af0c831570e967daea to remote] DEBUG org.asynchttpclient.netty.request.NettyRequestSender - Using pooled Channel '[id: 0xa0303876, L:/127.0.0.1:62890 - R:localhost/127.0.0.1:1449]' for 'POST' to 'http://localhost:1449/session/dcda1bd4774295af0c831570e967daea/element/f.E45F2AD4B442591BD0DF2F5A06C048D9.d.B46F77A2810C53558C4B85D2E83CC74B.e.20/click'
01:50:48.340 [Forwarding clickElement on session dcda1bd4774295af0c831570e967daea to remote] DEBUG org.asynchttpclient.netty.request.NettyRequestSender - Using open Channel [id: 0xa0303876, L:/127.0.0.1:62890 - R:localhost/127.0.0.1:1449] for POST '/session/dcda1bd4774295af0c831570e967daea/element/f.E45F2AD4B442591BD0DF2F5A06C048D9.d.B46F77A2810C53558C4B85D2E83CC74B.e.20/click'
01:50:48.425 [AsyncHttpClient-1-20] DEBUG org.asynchttpclient.netty.handler.HttpHandler - 

Request DefaultHttpRequest(decodeResult: success, version: HTTP/1.1)
POST /session/dcda1bd4774295af0c831570e967daea/element/f.E45F2AD4B442591BD0DF2F5A06C048D9.d.B46F77A2810C53558C4B85D2E83CC74B.e.20/click HTTP/1.1
User-Agent: selenium/4.12.0 (java windows)
Content-Length: 88
Content-Type: application/json; charset=utf-8
host: localhost:1449
accept: */*

Response DefaultHttpResponse(decodeResult: success, version: HTTP/1.1)
HTTP/1.1 200 OK
Content-Length: 14
Content-Type: application/json; charset=utf-8
cache-control: no-cache

01:50:48.425 [AsyncHttpClient-1-20] DEBUG org.asynchttpclient.netty.channel.ChannelManager - Adding key: http://localhost:1449 for channel [id: 0xa0303876, L:/127.0.0.1:62890 - R:localhost/127.0.0.1:1449]
01:50:48.517 [AsyncHttpClient-1-1] DEBUG org.asynchttpclient.netty.channel.DefaultChannelPool - Entry count for : http://localhost:62891 : 1
01:50:48.517 [AsyncHttpClient-1-1] DEBUG org.asynchttpclient.netty.channel.DefaultChannelPool - Entry count for : http://localhost:1449 : 1
01:50:49.620 [AsyncHttpClient-1-1] DEBUG org.asynchttpclient.netty.channel.DefaultChannelPool - Entry count for : http://localhost:62891 : 1
01:50:49.620 [AsyncHttpClient-1-1] DEBUG org.asynchttpclient.netty.channel.DefaultChannelPool - Entry count for : http://localhost:1449 : 1
01:50:50.712 [AsyncHttpClient-1-1] DEBUG org.asynchttpclient.netty.channel.DefaultChannelPool - Entry count for : http://localhost:62891 : 1
01:50:50.712 [AsyncHttpClient-1-1] DEBUG org.asynchttpclient.netty.channel.DefaultChannelPool - Entry count for : http://localhost:1449 : 1
screen shot class not taking
  Given I am on dashboardasatpute008@gmail.com and Pass@123      # StepDefination.Customer_onboarding.I_am_on_dashboard(java.lang.String,java.lang.String)
01:50:51.808 [AsyncHttpClient-1-1] DEBUG org.asynchttpclient.netty.channel.DefaultChannelPool - Entry count for : http://localhost:62891 : 1
01:50:51.808 [AsyncHttpClient-1-1] DEBUG org.asynchttpclient.netty.channel.DefaultChannelPool - Entry count for : http://localhost:1449 : 1
01:50:52.915 [AsyncHttpClient-1-1] DEBUG org.asynchttpclient.netty.channel.DefaultChannelPool - Entry count for : http://localhost:62891 : 1
01:50:52.915 [AsyncHttpClient-1-1] DEBUG org.asynchttpclient.netty.channel.DefaultChannelPool - Entry count for : http://localhost:1449 : 1
01:50:53.431 [Forwarding findElement on session dcda1bd4774295af0c831570e967daea to remote] DEBUG org.asynchttpclient.netty.request.NettyRequestSender - Using pooled Channel '[id: 0xa0303876, L:/127.0.0.1:62890 - R:localhost/127.0.0.1:1449]' for 'POST' to 'http://localhost:1449/session/dcda1bd4774295af0c831570e967daea/element'
01:50:53.431 [Forwarding findElement on session dcda1bd4774295af0c831570e967daea to remote] DEBUG org.asynchttpclient.netty.request.NettyRequestSender - Using open Channel [id: 0xa0303876, L:/127.0.0.1:62890 - R:localhost/127.0.0.1:1449] for POST '/session/dcda1bd4774295af0c831570e967daea/element'
01:50:53.521 [AsyncHttpClient-1-20] DEBUG org.asynchttpclient.netty.handler.HttpHandler - 

Request DefaultHttpRequest(decodeResult: success, version: HTTP/1.1)
POST /session/dcda1bd4774295af0c831570e967daea/element HTTP/1.1
User-Agent: selenium/4.12.0 (java windows)
Content-Length: 127
Content-Type: application/json; charset=utf-8
host: localhost:1449
accept: */*

Response DefaultHttpResponse(decodeResult: success, version: HTTP/1.1)
HTTP/1.1 200 OK
Content-Length: 126
Content-Type: application/json; charset=utf-8
cache-control: no-cache

01:50:53.521 [AsyncHttpClient-1-20] DEBUG org.asynchttpclient.netty.channel.ChannelManager - Adding key: http://localhost:1449 for channel [id: 0xa0303876, L:/127.0.0.1:62890 - R:localhost/127.0.0.1:1449]
01:50:53.529 [Forwarding getElementText on session dcda1bd4774295af0c831570e967daea to remote] DEBUG org.asynchttpclient.netty.request.NettyRequestSender - Using pooled Channel '[id: 0xa0303876, L:/127.0.0.1:62890 - R:localhost/127.0.0.1:1449]' for 'GET' to 'http://localhost:1449/session/dcda1bd4774295af0c831570e967daea/element/f.E45F2AD4B442591BD0DF2F5A06C048D9.d.80EE0A8DE9C9B57865F86B4019BF278E.e.37/text'
01:50:53.529 [Forwarding getElementText on session dcda1bd4774295af0c831570e967daea to remote] DEBUG org.asynchttpclient.netty.request.NettyRequestSender - Using open Channel [id: 0xa0303876, L:/127.0.0.1:62890 - R:localhost/127.0.0.1:1449] for GET '/session/dcda1bd4774295af0c831570e967daea/element/f.E45F2AD4B442591BD0DF2F5A06C048D9.d.80EE0A8DE9C9B57865F86B4019BF278E.e.37/text'
01:50:53.537 [AsyncHttpClient-1-20] DEBUG org.asynchttpclient.netty.handler.HttpHandler - 

Request DefaultFullHttpRequest(decodeResult: success, version: HTTP/1.1, content: EmptyByteBufBE)
GET /session/dcda1bd4774295af0c831570e967daea/element/f.E45F2AD4B442591BD0DF2F5A06C048D9.d.80EE0A8DE9C9B57865F86B4019BF278E.e.37/text HTTP/1.1
Cache-Control: no-cache
User-Agent: selenium/4.12.0 (java windows)
Content-Type: application/json; charset=utf-8
host: localhost:1449
accept: */*

Response DefaultHttpResponse(decodeResult: success, version: HTTP/1.1)
HTTP/1.1 200 OK
Content-Length: 21
Content-Type: application/json; charset=utf-8
cache-control: no-cache

01:50:53.537 [AsyncHttpClient-1-20] DEBUG org.asynchttpclient.netty.channel.ChannelManager - Adding key: http://localhost:1449 for channel [id: 0xa0303876, L:/127.0.0.1:62890 - R:localhost/127.0.0.1:1449]
01:50:54.014 [AsyncHttpClient-1-1] DEBUG org.asynchttpclient.netty.channel.DefaultChannelPool - Entry count for : http://localhost:62891 : 1
01:50:54.014 [AsyncHttpClient-1-1] DEBUG org.asynchttpclient.netty.channel.DefaultChannelPool - Entry count for : http://localhost:1449 : 1
01:50:54.048 [Forwarding findElement on session dcda1bd4774295af0c831570e967daea to remote] DEBUG org.asynchttpclient.netty.request.NettyRequestSender - Using pooled Channel '[id: 0xa0303876, L:/127.0.0.1:62890 - R:localhost/127.0.0.1:1449]' for 'POST' to 'http://localhost:1449/session/dcda1bd4774295af0c831570e967daea/element'
01:50:54.048 [Forwarding findElement on session dcda1bd4774295af0c831570e967daea to remote] DEBUG org.asynchttpclient.netty.request.NettyRequestSender - Using open Channel [id: 0xa0303876, L:/127.0.0.1:62890 - R:localhost/127.0.0.1:1449] for POST '/session/dcda1bd4774295af0c831570e967daea/element'
01:50:54.056 [AsyncHttpClient-1-20] DEBUG org.asynchttpclient.netty.handler.HttpHandler - 

Request DefaultHttpRequest(decodeResult: success, version: HTTP/1.1)
POST /session/dcda1bd4774295af0c831570e967daea/element HTTP/1.1
User-Agent: selenium/4.12.0 (java windows)
Content-Length: 127
Content-Type: application/json; charset=utf-8
host: localhost:1449
accept: */*

Response DefaultHttpResponse(decodeResult: success, version: HTTP/1.1)
HTTP/1.1 200 OK
Content-Length: 126
Content-Type: application/json; charset=utf-8
cache-control: no-cache

01:50:54.056 [AsyncHttpClient-1-20] DEBUG org.asynchttpclient.netty.channel.ChannelManager - Adding key: http://localhost:1449 for channel [id: 0xa0303876, L:/127.0.0.1:62890 - R:localhost/127.0.0.1:1449]
01:50:54.056 [Forwarding clickElement on session dcda1bd4774295af0c831570e967daea to remote] DEBUG org.asynchttpclient.netty.request.NettyRequestSender - Using pooled Channel '[id: 0xa0303876, L:/127.0.0.1:62890 - R:localhost/127.0.0.1:1449]' for 'POST' to 'http://localhost:1449/session/dcda1bd4774295af0c831570e967daea/element/f.E45F2AD4B442591BD0DF2F5A06C048D9.d.80EE0A8DE9C9B57865F86B4019BF278E.e.37/click'
01:50:54.056 [Forwarding clickElement on session dcda1bd4774295af0c831570e967daea to remote] DEBUG org.asynchttpclient.netty.request.NettyRequestSender - Using open Channel [id: 0xa0303876, L:/127.0.0.1:62890 - R:localhost/127.0.0.1:1449] for POST '/session/dcda1bd4774295af0c831570e967daea/element/f.E45F2AD4B442591BD0DF2F5A06C048D9.d.80EE0A8DE9C9B57865F86B4019BF278E.e.37/click'
01:50:54.185 [AsyncHttpClient-1-20] DEBUG org.asynchttpclient.netty.handler.HttpHandler - 

Request DefaultHttpRequest(decodeResult: success, version: HTTP/1.1)
POST /session/dcda1bd4774295af0c831570e967daea/element/f.E45F2AD4B442591BD0DF2F5A06C048D9.d.80EE0A8DE9C9B57865F86B4019BF278E.e.37/click HTTP/1.1
User-Agent: selenium/4.12.0 (java windows)
Content-Length: 88
Content-Type: application/json; charset=utf-8
host: localhost:1449
accept: */*

Response DefaultHttpResponse(decodeResult: success, version: HTTP/1.1)
HTTP/1.1 200 OK
Content-Length: 14
Content-Type: application/json; charset=utf-8
cache-control: no-cache

01:50:54.185 [AsyncHttpClient-1-20] DEBUG org.asynchttpclient.netty.channel.ChannelManager - Adding key: http://localhost:1449 for channel [id: 0xa0303876, L:/127.0.0.1:62890 - R:localhost/127.0.0.1:1449]
01:50:55.120 [AsyncHttpClient-1-1] DEBUG org.asynchttpclient.netty.channel.DefaultChannelPool - Entry count for : http://localhost:62891 : 1
01:50:55.120 [AsyncHttpClient-1-1] DEBUG org.asynchttpclient.netty.channel.DefaultChannelPool - Entry count for : http://localhost:1449 : 1
screen shot class not taking
01:50:56.200 [Forwarding findElement on session dcda1bd4774295af0c831570e967daea to remote] DEBUG org.asynchttpclient.netty.request.NettyRequestSender - Using pooled Channel '[id: 0xa0303876, L:/127.0.0.1:62890 - R:localhost/127.0.0.1:1449]' for 'POST' to 'http://localhost:1449/session/dcda1bd4774295af0c831570e967daea/element'
01:50:56.200 [Forwarding findElement on session dcda1bd4774295af0c831570e967daea to remote] DEBUG org.asynchttpclient.netty.request.NettyRequestSender - Using open Channel [id: 0xa0303876, L:/127.0.0.1:62890 - R:localhost/127.0.0.1:1449] for POST '/session/dcda1bd4774295af0c831570e967daea/element'
01:50:56.216 [AsyncHttpClient-1-1] DEBUG org.asynchttpclient.netty.channel.DefaultChannelPool - Entry count for : http://localhost:62891 : 1
01:50:56.224 [AsyncHttpClient-1-20] DEBUG org.asynchttpclient.netty.handler.HttpHandler - 

Request DefaultHttpRequest(decodeResult: success, version: HTTP/1.1)
POST /session/dcda1bd4774295af0c831570e967daea/element HTTP/1.1
User-Agent: selenium/4.12.0 (java windows)
Content-Length: 178
Content-Type: application/json; charset=utf-8
host: localhost:1449
accept: */*

Response DefaultHttpResponse(decodeResult: success, version: HTTP/1.1)
HTTP/1.1 200 OK
Content-Length: 126
Content-Type: application/json; charset=utf-8
cache-control: no-cache

01:50:56.224 [AsyncHttpClient-1-20] DEBUG org.asynchttpclient.netty.channel.ChannelManager - Adding key: http://localhost:1449 for channel [id: 0xa0303876, L:/127.0.0.1:62890 - R:localhost/127.0.0.1:1449]
01:50:56.225 [Forwarding getElementText on session dcda1bd4774295af0c831570e967daea to remote] DEBUG org.asynchttpclient.netty.request.NettyRequestSender - Using pooled Channel '[id: 0xa0303876, L:/127.0.0.1:62890 - R:localhost/127.0.0.1:1449]' for 'GET' to 'http://localhost:1449/session/dcda1bd4774295af0c831570e967daea/element/f.E45F2AD4B442591BD0DF2F5A06C048D9.d.80EE0A8DE9C9B57865F86B4019BF278E.e.43/text'
01:50:56.225 [Forwarding getElementText on session dcda1bd4774295af0c831570e967daea to remote] DEBUG org.asynchttpclient.netty.request.NettyRequestSender - Using open Channel [id: 0xa0303876, L:/127.0.0.1:62890 - R:localhost/127.0.0.1:1449] for GET '/session/dcda1bd4774295af0c831570e967daea/element/f.E45F2AD4B442591BD0DF2F5A06C048D9.d.80EE0A8DE9C9B57865F86B4019BF278E.e.43/text'
01:50:56.252 [AsyncHttpClient-1-20] DEBUG org.asynchttpclient.netty.handler.HttpHandler - 

Request DefaultFullHttpRequest(decodeResult: success, version: HTTP/1.1, content: EmptyByteBufBE)
GET /session/dcda1bd4774295af0c831570e967daea/element/f.E45F2AD4B442591BD0DF2F5A06C048D9.d.80EE0A8DE9C9B57865F86B4019BF278E.e.43/text HTTP/1.1
Cache-Control: no-cache
User-Agent: selenium/4.12.0 (java windows)
Content-Type: application/json; charset=utf-8
host: localhost:1449
accept: */*

Response DefaultHttpResponse(decodeResult: success, version: HTTP/1.1)
HTTP/1.1 200 OK
Content-Length: 28
Content-Type: application/json; charset=utf-8
cache-control: no-cache

01:50:56.252 [AsyncHttpClient-1-20] DEBUG org.asynchttpclient.netty.channel.ChannelManager - Adding key: http://localhost:1449 for channel [id: 0xa0303876, L:/127.0.0.1:62890 - R:localhost/127.0.0.1:1449]
01:50:56.252 [Forwarding findElement on session dcda1bd4774295af0c831570e967daea to remote] DEBUG org.asynchttpclient.netty.request.NettyRequestSender - Using pooled Channel '[id: 0xa0303876, L:/127.0.0.1:62890 - R:localhost/127.0.0.1:1449]' for 'POST' to 'http://localhost:1449/session/dcda1bd4774295af0c831570e967daea/element'
01:50:56.252 [Forwarding findElement on session dcda1bd4774295af0c831570e967daea to remote] DEBUG org.asynchttpclient.netty.request.NettyRequestSender - Using open Channel [id: 0xa0303876, L:/127.0.0.1:62890 - R:localhost/127.0.0.1:1449] for POST '/session/dcda1bd4774295af0c831570e967daea/element'
01:50:56.266 [AsyncHttpClient-1-20] DEBUG org.asynchttpclient.netty.handler.HttpHandler - 

Request DefaultHttpRequest(decodeResult: success, version: HTTP/1.1)
POST /session/dcda1bd4774295af0c831570e967daea/element HTTP/1.1
User-Agent: selenium/4.12.0 (java windows)
Content-Length: 178
Content-Type: application/json; charset=utf-8
host: localhost:1449
accept: */*

Response DefaultHttpResponse(decodeResult: success, version: HTTP/1.1)
HTTP/1.1 200 OK
Content-Length: 126
Content-Type: application/json; charset=utf-8
cache-control: no-cache

01:50:56.266 [AsyncHttpClient-1-20] DEBUG org.asynchttpclient.netty.channel.ChannelManager - Adding key: http://localhost:1449 for channel [id: 0xa0303876, L:/127.0.0.1:62890 - R:localhost/127.0.0.1:1449]
01:50:56.274 [Forwarding clickElement on session dcda1bd4774295af0c831570e967daea to remote] DEBUG org.asynchttpclient.netty.request.NettyRequestSender - Using pooled Channel '[id: 0xa0303876, L:/127.0.0.1:62890 - R:localhost/127.0.0.1:1449]' for 'POST' to 'http://localhost:1449/session/dcda1bd4774295af0c831570e967daea/element/f.E45F2AD4B442591BD0DF2F5A06C048D9.d.80EE0A8DE9C9B57865F86B4019BF278E.e.43/click'
01:50:56.274 [Forwarding clickElement on session dcda1bd4774295af0c831570e967daea to remote] DEBUG org.asynchttpclient.netty.request.NettyRequestSender - Using open Channel [id: 0xa0303876, L:/127.0.0.1:62890 - R:localhost/127.0.0.1:1449] for POST '/session/dcda1bd4774295af0c831570e967daea/element/f.E45F2AD4B442591BD0DF2F5A06C048D9.d.80EE0A8DE9C9B57865F86B4019BF278E.e.43/click'
01:50:56.430 [AsyncHttpClient-1-20] DEBUG org.asynchttpclient.netty.handler.HttpHandler - 

Request DefaultHttpRequest(decodeResult: success, version: HTTP/1.1)
POST /session/dcda1bd4774295af0c831570e967daea/element/f.E45F2AD4B442591BD0DF2F5A06C048D9.d.80EE0A8DE9C9B57865F86B4019BF278E.e.43/click HTTP/1.1
User-Agent: selenium/4.12.0 (java windows)
Content-Length: 88
Content-Type: application/json; charset=utf-8
host: localhost:1449
accept: */*

Response DefaultHttpResponse(decodeResult: success, version: HTTP/1.1)
HTTP/1.1 200 OK
Content-Length: 14
Content-Type: application/json; charset=utf-8
cache-control: no-cache

01:50:56.430 [AsyncHttpClient-1-20] DEBUG org.asynchttpclient.netty.channel.ChannelManager - Adding key: http://localhost:1449 for channel [id: 0xa0303876, L:/127.0.0.1:62890 - R:localhost/127.0.0.1:1449]
  When Open customer form                                        # StepDefination.Customer_onboarding.Open_customer_form()
01:50:57.310 [AsyncHttpClient-1-1] DEBUG org.asynchttpclient.netty.channel.DefaultChannelPool - Entry count for : http://localhost:62891 : 1
01:50:57.310 [AsyncHttpClient-1-1] DEBUG org.asynchttpclient.netty.channel.DefaultChannelPool - Entry count for : http://localhost:1449 : 1
01:50:57.443 [Forwarding findElement on session dcda1bd4774295af0c831570e967daea to remote] DEBUG org.asynchttpclient.netty.request.NettyRequestSender - Using pooled Channel '[id: 0xa0303876, L:/127.0.0.1:62890 - R:localhost/127.0.0.1:1449]' for 'POST' to 'http://localhost:1449/session/dcda1bd4774295af0c831570e967daea/element'
01:50:57.443 [Forwarding findElement on session dcda1bd4774295af0c831570e967daea to remote] DEBUG org.asynchttpclient.netty.request.NettyRequestSender - Using open Channel [id: 0xa0303876, L:/127.0.0.1:62890 - R:localhost/127.0.0.1:1449] for POST '/session/dcda1bd4774295af0c831570e967daea/element'
01:50:57.467 [AsyncHttpClient-1-20] DEBUG org.asynchttpclient.netty.handler.HttpHandler - 

Request DefaultHttpRequest(decodeResult: success, version: HTTP/1.1)
POST /session/dcda1bd4774295af0c831570e967daea/element HTTP/1.1
User-Agent: selenium/4.12.0 (java windows)
Content-Length: 82
Content-Type: application/json; charset=utf-8
host: localhost:1449
accept: */*

Response DefaultHttpResponse(decodeResult: success, version: HTTP/1.1)
HTTP/1.1 200 OK
Content-Length: 126
Content-Type: application/json; charset=utf-8
cache-control: no-cache

01:50:57.467 [AsyncHttpClient-1-20] DEBUG org.asynchttpclient.netty.channel.ChannelManager - Adding key: http://localhost:1449 for channel [id: 0xa0303876, L:/127.0.0.1:62890 - R:localhost/127.0.0.1:1449]
01:50:57.467 [Forwarding sendKeysToElement on session dcda1bd4774295af0c831570e967daea to remote] DEBUG org.asynchttpclient.netty.request.NettyRequestSender - Using pooled Channel '[id: 0xa0303876, L:/127.0.0.1:62890 - R:localhost/127.0.0.1:1449]' for 'POST' to 'http://localhost:1449/session/dcda1bd4774295af0c831570e967daea/element/f.E45F2AD4B442591BD0DF2F5A06C048D9.d.80EE0A8DE9C9B57865F86B4019BF278E.e.51/value'
01:50:57.467 [Forwarding sendKeysToElement on session dcda1bd4774295af0c831570e967daea to remote] DEBUG org.asynchttpclient.netty.request.NettyRequestSender - Using open Channel [id: 0xa0303876, L:/127.0.0.1:62890 - R:localhost/127.0.0.1:1449] for POST '/session/dcda1bd4774295af0c831570e967daea/element/f.E45F2AD4B442591BD0DF2F5A06C048D9.d.80EE0A8DE9C9B57865F86B4019BF278E.e.51/value'
01:50:57.824 [AsyncHttpClient-1-20] DEBUG org.asynchttpclient.netty.handler.HttpHandler - 

Request DefaultHttpRequest(decodeResult: success, version: HTTP/1.1)
POST /session/dcda1bd4774295af0c831570e967daea/element/f.E45F2AD4B442591BD0DF2F5A06C048D9.d.80EE0A8DE9C9B57865F86B4019BF278E.e.51/value HTTP/1.1
User-Agent: selenium/4.12.0 (java windows)
Content-Length: 259
Content-Type: application/json; charset=utf-8
host: localhost:1449
accept: */*

Response DefaultHttpResponse(decodeResult: success, version: HTTP/1.1)
HTTP/1.1 200 OK
Content-Length: 14
Content-Type: application/json; charset=utf-8
cache-control: no-cache

01:50:57.824 [AsyncHttpClient-1-20] DEBUG org.asynchttpclient.netty.channel.ChannelManager - Adding key: http://localhost:1449 for channel [id: 0xa0303876, L:/127.0.0.1:62890 - R:localhost/127.0.0.1:1449]
01:50:57.832 [Forwarding findElement on session dcda1bd4774295af0c831570e967daea to remote] DEBUG org.asynchttpclient.netty.request.NettyRequestSender - Using pooled Channel '[id: 0xa0303876, L:/127.0.0.1:62890 - R:localhost/127.0.0.1:1449]' for 'POST' to 'http://localhost:1449/session/dcda1bd4774295af0c831570e967daea/element'
01:50:57.832 [Forwarding findElement on session dcda1bd4774295af0c831570e967daea to remote] DEBUG org.asynchttpclient.netty.request.NettyRequestSender - Using open Channel [id: 0xa0303876, L:/127.0.0.1:62890 - R:localhost/127.0.0.1:1449] for POST '/session/dcda1bd4774295af0c831570e967daea/element'
01:50:57.848 [AsyncHttpClient-1-20] DEBUG org.asynchttpclient.netty.handler.HttpHandler - 

Request DefaultHttpRequest(decodeResult: success, version: HTTP/1.1)
POST /session/dcda1bd4774295af0c831570e967daea/element HTTP/1.1
User-Agent: selenium/4.12.0 (java windows)
Content-Length: 89
Content-Type: application/json; charset=utf-8
host: localhost:1449
accept: */*

Response DefaultHttpResponse(decodeResult: success, version: HTTP/1.1)
HTTP/1.1 200 OK
Content-Length: 126
Content-Type: application/json; charset=utf-8
cache-control: no-cache

01:50:57.848 [AsyncHttpClient-1-20] DEBUG org.asynchttpclient.netty.channel.ChannelManager - Adding key: http://localhost:1449 for channel [id: 0xa0303876, L:/127.0.0.1:62890 - R:localhost/127.0.0.1:1449]
01:50:57.848 [Forwarding sendKeysToElement on session dcda1bd4774295af0c831570e967daea to remote] DEBUG org.asynchttpclient.netty.request.NettyRequestSender - Using pooled Channel '[id: 0xa0303876, L:/127.0.0.1:62890 - R:localhost/127.0.0.1:1449]' for 'POST' to 'http://localhost:1449/session/dcda1bd4774295af0c831570e967daea/element/f.E45F2AD4B442591BD0DF2F5A06C048D9.d.80EE0A8DE9C9B57865F86B4019BF278E.e.53/value'
01:50:57.848 [Forwarding sendKeysToElement on session dcda1bd4774295af0c831570e967daea to remote] DEBUG org.asynchttpclient.netty.request.NettyRequestSender - Using open Channel [id: 0xa0303876, L:/127.0.0.1:62890 - R:localhost/127.0.0.1:1449] for POST '/session/dcda1bd4774295af0c831570e967daea/element/f.E45F2AD4B442591BD0DF2F5A06C048D9.d.80EE0A8DE9C9B57865F86B4019BF278E.e.53/value'
01:50:58.164 [AsyncHttpClient-1-20] DEBUG org.asynchttpclient.netty.handler.HttpHandler - 

Request DefaultHttpRequest(decodeResult: success, version: HTTP/1.1)
POST /session/dcda1bd4774295af0c831570e967daea/element/f.E45F2AD4B442591BD0DF2F5A06C048D9.d.80EE0A8DE9C9B57865F86B4019BF278E.e.53/value HTTP/1.1
User-Agent: selenium/4.12.0 (java windows)
Content-Length: 219
Content-Type: application/json; charset=utf-8
host: localhost:1449
accept: */*

Response DefaultHttpResponse(decodeResult: success, version: HTTP/1.1)
HTTP/1.1 200 OK
Content-Length: 14
Content-Type: application/json; charset=utf-8
cache-control: no-cache

01:50:58.164 [AsyncHttpClient-1-20] DEBUG org.asynchttpclient.netty.channel.ChannelManager - Adding key: http://localhost:1449 for channel [id: 0xa0303876, L:/127.0.0.1:62890 - R:localhost/127.0.0.1:1449]
screen shot class not taking
  And Provide the contact Details9865768576 royal@mail.com       # StepDefination.Customer_onboarding.Provide_the_contact_Details(java.lang.String,java.lang.String)
01:50:58.420 [AsyncHttpClient-1-1] DEBUG org.asynchttpclient.netty.channel.DefaultChannelPool - Entry count for : http://localhost:62891 : 1
01:50:58.420 [AsyncHttpClient-1-1] DEBUG org.asynchttpclient.netty.channel.DefaultChannelPool - Entry count for : http://localhost:1449 : 1
01:50:58.679 [Forwarding findElement on session dcda1bd4774295af0c831570e967daea to remote] DEBUG org.asynchttpclient.netty.request.NettyRequestSender - Using pooled Channel '[id: 0xa0303876, L:/127.0.0.1:62890 - R:localhost/127.0.0.1:1449]' for 'POST' to 'http://localhost:1449/session/dcda1bd4774295af0c831570e967daea/element'
01:50:58.679 [Forwarding findElement on session dcda1bd4774295af0c831570e967daea to remote] DEBUG org.asynchttpclient.netty.request.NettyRequestSender - Using open Channel [id: 0xa0303876, L:/127.0.0.1:62890 - R:localhost/127.0.0.1:1449] for POST '/session/dcda1bd4774295af0c831570e967daea/element'
01:50:58.712 [AsyncHttpClient-1-20] DEBUG org.asynchttpclient.netty.handler.HttpHandler - 

Request DefaultHttpRequest(decodeResult: success, version: HTTP/1.1)
POST /session/dcda1bd4774295af0c831570e967daea/element HTTP/1.1
User-Agent: selenium/4.12.0 (java windows)
Content-Length: 88
Content-Type: application/json; charset=utf-8
host: localhost:1449
accept: */*

Response DefaultHttpResponse(decodeResult: success, version: HTTP/1.1)
HTTP/1.1 200 OK
Content-Length: 126
Content-Type: application/json; charset=utf-8
cache-control: no-cache

01:50:58.712 [AsyncHttpClient-1-20] DEBUG org.asynchttpclient.netty.channel.ChannelManager - Adding key: http://localhost:1449 for channel [id: 0xa0303876, L:/127.0.0.1:62890 - R:localhost/127.0.0.1:1449]
01:50:58.712 [Forwarding sendKeysToElement on session dcda1bd4774295af0c831570e967daea to remote] DEBUG org.asynchttpclient.netty.request.NettyRequestSender - Using pooled Channel '[id: 0xa0303876, L:/127.0.0.1:62890 - R:localhost/127.0.0.1:1449]' for 'POST' to 'http://localhost:1449/session/dcda1bd4774295af0c831570e967daea/element/f.E45F2AD4B442591BD0DF2F5A06C048D9.d.80EE0A8DE9C9B57865F86B4019BF278E.e.56/value'
01:50:58.712 [Forwarding sendKeysToElement on session dcda1bd4774295af0c831570e967daea to remote] DEBUG org.asynchttpclient.netty.request.NettyRequestSender - Using open Channel [id: 0xa0303876, L:/127.0.0.1:62890 - R:localhost/127.0.0.1:1449] for POST '/session/dcda1bd4774295af0c831570e967daea/element/f.E45F2AD4B442591BD0DF2F5A06C048D9.d.80EE0A8DE9C9B57865F86B4019BF278E.e.56/value'
01:50:59.009 [AsyncHttpClient-1-20] DEBUG org.asynchttpclient.netty.handler.HttpHandler - 

Request DefaultHttpRequest(decodeResult: success, version: HTTP/1.1)
POST /session/dcda1bd4774295af0c831570e967daea/element/f.E45F2AD4B442591BD0DF2F5A06C048D9.d.80EE0A8DE9C9B57865F86B4019BF278E.e.56/value HTTP/1.1
User-Agent: selenium/4.12.0 (java windows)
Content-Length: 259
Content-Type: application/json; charset=utf-8
host: localhost:1449
accept: */*

Response DefaultHttpResponse(decodeResult: success, version: HTTP/1.1)
HTTP/1.1 200 OK
Content-Length: 14
Content-Type: application/json; charset=utf-8
cache-control: no-cache

01:50:59.009 [AsyncHttpClient-1-20] DEBUG org.asynchttpclient.netty.channel.ChannelManager - Adding key: http://localhost:1449 for channel [id: 0xa0303876, L:/127.0.0.1:62890 - R:localhost/127.0.0.1:1449]
01:50:59.009 [Forwarding findElement on session dcda1bd4774295af0c831570e967daea to remote] DEBUG org.asynchttpclient.netty.request.NettyRequestSender - Using pooled Channel '[id: 0xa0303876, L:/127.0.0.1:62890 - R:localhost/127.0.0.1:1449]' for 'POST' to 'http://localhost:1449/session/dcda1bd4774295af0c831570e967daea/element'
01:50:59.009 [Forwarding findElement on session dcda1bd4774295af0c831570e967daea to remote] DEBUG org.asynchttpclient.netty.request.NettyRequestSender - Using open Channel [id: 0xa0303876, L:/127.0.0.1:62890 - R:localhost/127.0.0.1:1449] for POST '/session/dcda1bd4774295af0c831570e967daea/element'
01:50:59.029 [AsyncHttpClient-1-20] DEBUG org.asynchttpclient.netty.handler.HttpHandler - 

Request DefaultHttpRequest(decodeResult: success, version: HTTP/1.1)
POST /session/dcda1bd4774295af0c831570e967daea/element HTTP/1.1
User-Agent: selenium/4.12.0 (java windows)
Content-Length: 75
Content-Type: application/json; charset=utf-8
host: localhost:1449
accept: */*

Response DefaultHttpResponse(decodeResult: success, version: HTTP/1.1)
HTTP/1.1 200 OK
Content-Length: 126
Content-Type: application/json; charset=utf-8
cache-control: no-cache

01:50:59.029 [AsyncHttpClient-1-20] DEBUG org.asynchttpclient.netty.channel.ChannelManager - Adding key: http://localhost:1449 for channel [id: 0xa0303876, L:/127.0.0.1:62890 - R:localhost/127.0.0.1:1449]
01:50:59.037 [Forwarding sendKeysToElement on session dcda1bd4774295af0c831570e967daea to remote] DEBUG org.asynchttpclient.netty.request.NettyRequestSender - Using pooled Channel '[id: 0xa0303876, L:/127.0.0.1:62890 - R:localhost/127.0.0.1:1449]' for 'POST' to 'http://localhost:1449/session/dcda1bd4774295af0c831570e967daea/element/f.E45F2AD4B442591BD0DF2F5A06C048D9.d.80EE0A8DE9C9B57865F86B4019BF278E.e.57/value'
01:50:59.037 [Forwarding sendKeysToElement on session dcda1bd4774295af0c831570e967daea to remote] DEBUG org.asynchttpclient.netty.request.NettyRequestSender - Using open Channel [id: 0xa0303876, L:/127.0.0.1:62890 - R:localhost/127.0.0.1:1449] for POST '/session/dcda1bd4774295af0c831570e967daea/element/f.E45F2AD4B442591BD0DF2F5A06C048D9.d.80EE0A8DE9C9B57865F86B4019BF278E.e.57/value'
01:50:59.383 [AsyncHttpClient-1-20] DEBUG org.asynchttpclient.netty.handler.HttpHandler - 

Request DefaultHttpRequest(decodeResult: success, version: HTTP/1.1)
POST /session/dcda1bd4774295af0c831570e967daea/element/f.E45F2AD4B442591BD0DF2F5A06C048D9.d.80EE0A8DE9C9B57865F86B4019BF278E.e.57/value HTTP/1.1
User-Agent: selenium/4.12.0 (java windows)
Content-Length: 139
Content-Type: application/json; charset=utf-8
host: localhost:1449
accept: */*

Response DefaultHttpResponse(decodeResult: success, version: HTTP/1.1)
HTTP/1.1 200 OK
Content-Length: 14
Content-Type: application/json; charset=utf-8
cache-control: no-cache

01:50:59.383 [AsyncHttpClient-1-20] DEBUG org.asynchttpclient.netty.channel.ChannelManager - Adding key: http://localhost:1449 for channel [id: 0xa0303876, L:/127.0.0.1:62890 - R:localhost/127.0.0.1:1449]
01:50:59.383 [Forwarding findElement on session dcda1bd4774295af0c831570e967daea to remote] DEBUG org.asynchttpclient.netty.request.NettyRequestSender - Using pooled Channel '[id: 0xa0303876, L:/127.0.0.1:62890 - R:localhost/127.0.0.1:1449]' for 'POST' to 'http://localhost:1449/session/dcda1bd4774295af0c831570e967daea/element'
01:50:59.383 [Forwarding findElement on session dcda1bd4774295af0c831570e967daea to remote] DEBUG org.asynchttpclient.netty.request.NettyRequestSender - Using open Channel [id: 0xa0303876, L:/127.0.0.1:62890 - R:localhost/127.0.0.1:1449] for POST '/session/dcda1bd4774295af0c831570e967daea/element'
01:50:59.456 [AsyncHttpClient-1-20] DEBUG org.asynchttpclient.netty.handler.HttpHandler - 

Request DefaultHttpRequest(decodeResult: success, version: HTTP/1.1)
POST /session/dcda1bd4774295af0c831570e967daea/element HTTP/1.1
User-Agent: selenium/4.12.0 (java windows)
Content-Length: 90
Content-Type: application/json; charset=utf-8
host: localhost:1449
accept: */*

Response DefaultHttpResponse(decodeResult: success, version: HTTP/1.1)
HTTP/1.1 200 OK
Content-Length: 126
Content-Type: application/json; charset=utf-8
cache-control: no-cache

01:50:59.456 [AsyncHttpClient-1-20] DEBUG org.asynchttpclient.netty.channel.ChannelManager - Adding key: http://localhost:1449 for channel [id: 0xa0303876, L:/127.0.0.1:62890 - R:localhost/127.0.0.1:1449]
01:50:59.457 [Forwarding sendKeysToElement on session dcda1bd4774295af0c831570e967daea to remote] DEBUG org.asynchttpclient.netty.request.NettyRequestSender - Using pooled Channel '[id: 0xa0303876, L:/127.0.0.1:62890 - R:localhost/127.0.0.1:1449]' for 'POST' to 'http://localhost:1449/session/dcda1bd4774295af0c831570e967daea/element/f.E45F2AD4B442591BD0DF2F5A06C048D9.d.80EE0A8DE9C9B57865F86B4019BF278E.e.58/value'
01:50:59.457 [Forwarding sendKeysToElement on session dcda1bd4774295af0c831570e967daea to remote] DEBUG org.asynchttpclient.netty.request.NettyRequestSender - Using open Channel [id: 0xa0303876, L:/127.0.0.1:62890 - R:localhost/127.0.0.1:1449] for POST '/session/dcda1bd4774295af0c831570e967daea/element/f.E45F2AD4B442591BD0DF2F5A06C048D9.d.80EE0A8DE9C9B57865F86B4019BF278E.e.58/value'
01:50:59.515 [AsyncHttpClient-1-1] DEBUG org.asynchttpclient.netty.channel.DefaultChannelPool - Entry count for : http://localhost:62891 : 1
01:50:59.744 [AsyncHttpClient-1-20] DEBUG org.asynchttpclient.netty.handler.HttpHandler - 

Request DefaultHttpRequest(decodeResult: success, version: HTTP/1.1)
POST /session/dcda1bd4774295af0c831570e967daea/element/f.E45F2AD4B442591BD0DF2F5A06C048D9.d.80EE0A8DE9C9B57865F86B4019BF278E.e.58/value HTTP/1.1
User-Agent: selenium/4.12.0 (java windows)
Content-Length: 139
Content-Type: application/json; charset=utf-8
host: localhost:1449
accept: */*

Response DefaultHttpResponse(decodeResult: success, version: HTTP/1.1)
HTTP/1.1 200 OK
Content-Length: 14
Content-Type: application/json; charset=utf-8
cache-control: no-cache

01:50:59.746 [AsyncHttpClient-1-20] DEBUG org.asynchttpclient.netty.channel.ChannelManager - Adding key: http://localhost:1449 for channel [id: 0xa0303876, L:/127.0.0.1:62890 - R:localhost/127.0.0.1:1449]
01:50:59.746 [Forwarding findElement on session dcda1bd4774295af0c831570e967daea to remote] DEBUG org.asynchttpclient.netty.request.NettyRequestSender - Using pooled Channel '[id: 0xa0303876, L:/127.0.0.1:62890 - R:localhost/127.0.0.1:1449]' for 'POST' to 'http://localhost:1449/session/dcda1bd4774295af0c831570e967daea/element'
01:50:59.746 [Forwarding findElement on session dcda1bd4774295af0c831570e967daea to remote] DEBUG org.asynchttpclient.netty.request.NettyRequestSender - Using open Channel [id: 0xa0303876, L:/127.0.0.1:62890 - R:localhost/127.0.0.1:1449] for POST '/session/dcda1bd4774295af0c831570e967daea/element'
01:50:59.770 [AsyncHttpClient-1-20] DEBUG org.asynchttpclient.netty.handler.HttpHandler - 

Request DefaultHttpRequest(decodeResult: success, version: HTTP/1.1)
POST /session/dcda1bd4774295af0c831570e967daea/element HTTP/1.1
User-Agent: selenium/4.12.0 (java windows)
Content-Length: 96
Content-Type: application/json; charset=utf-8
host: localhost:1449
accept: */*

Response DefaultHttpResponse(decodeResult: success, version: HTTP/1.1)
HTTP/1.1 200 OK
Content-Length: 126
Content-Type: application/json; charset=utf-8
cache-control: no-cache

01:50:59.770 [AsyncHttpClient-1-20] DEBUG org.asynchttpclient.netty.channel.ChannelManager - Adding key: http://localhost:1449 for channel [id: 0xa0303876, L:/127.0.0.1:62890 - R:localhost/127.0.0.1:1449]
01:50:59.778 [Forwarding sendKeysToElement on session dcda1bd4774295af0c831570e967daea to remote] DEBUG org.asynchttpclient.netty.request.NettyRequestSender - Using pooled Channel '[id: 0xa0303876, L:/127.0.0.1:62890 - R:localhost/127.0.0.1:1449]' for 'POST' to 'http://localhost:1449/session/dcda1bd4774295af0c831570e967daea/element/f.E45F2AD4B442591BD0DF2F5A06C048D9.d.80EE0A8DE9C9B57865F86B4019BF278E.e.59/value'
01:50:59.778 [Forwarding sendKeysToElement on session dcda1bd4774295af0c831570e967daea to remote] DEBUG org.asynchttpclient.netty.request.NettyRequestSender - Using open Channel [id: 0xa0303876, L:/127.0.0.1:62890 - R:localhost/127.0.0.1:1449] for POST '/session/dcda1bd4774295af0c831570e967daea/element/f.E45F2AD4B442591BD0DF2F5A06C048D9.d.80EE0A8DE9C9B57865F86B4019BF278E.e.59/value'
01:51:00.220 [AsyncHttpClient-1-20] DEBUG org.asynchttpclient.netty.handler.HttpHandler - 

Request DefaultHttpRequest(decodeResult: success, version: HTTP/1.1)
POST /session/dcda1bd4774295af0c831570e967daea/element/f.E45F2AD4B442591BD0DF2F5A06C048D9.d.80EE0A8DE9C9B57865F86B4019BF278E.e.59/value HTTP/1.1
User-Agent: selenium/4.12.0 (java windows)
Content-Length: 179
Content-Type: application/json; charset=utf-8
host: localhost:1449
accept: */*

Response DefaultHttpResponse(decodeResult: success, version: HTTP/1.1)
HTTP/1.1 200 OK
Content-Length: 14
Content-Type: application/json; charset=utf-8
cache-control: no-cache

01:51:00.220 [AsyncHttpClient-1-20] DEBUG org.asynchttpclient.netty.channel.ChannelManager - Adding key: http://localhost:1449 for channel [id: 0xa0303876, L:/127.0.0.1:62890 - R:localhost/127.0.0.1:1449]
01:51:00.220 [Forwarding findElement on session dcda1bd4774295af0c831570e967daea to remote] DEBUG org.asynchttpclient.netty.request.NettyRequestSender - Using pooled Channel '[id: 0xa0303876, L:/127.0.0.1:62890 - R:localhost/127.0.0.1:1449]' for 'POST' to 'http://localhost:1449/session/dcda1bd4774295af0c831570e967daea/element'
01:51:00.220 [Forwarding findElement on session dcda1bd4774295af0c831570e967daea to remote] DEBUG org.asynchttpclient.netty.request.NettyRequestSender - Using open Channel [id: 0xa0303876, L:/127.0.0.1:62890 - R:localhost/127.0.0.1:1449] for POST '/session/dcda1bd4774295af0c831570e967daea/element'
01:51:00.244 [AsyncHttpClient-1-20] DEBUG org.asynchttpclient.netty.handler.HttpHandler - 

Request DefaultHttpRequest(decodeResult: success, version: HTTP/1.1)
POST /session/dcda1bd4774295af0c831570e967daea/element HTTP/1.1
User-Agent: selenium/4.12.0 (java windows)
Content-Length: 78
Content-Type: application/json; charset=utf-8
host: localhost:1449
accept: */*

Response DefaultHttpResponse(decodeResult: success, version: HTTP/1.1)
HTTP/1.1 200 OK
Content-Length: 126
Content-Type: application/json; charset=utf-8
cache-control: no-cache

01:51:00.244 [AsyncHttpClient-1-20] DEBUG org.asynchttpclient.netty.channel.ChannelManager - Adding key: http://localhost:1449 for channel [id: 0xa0303876, L:/127.0.0.1:62890 - R:localhost/127.0.0.1:1449]
01:51:00.244 [Forwarding sendKeysToElement on session dcda1bd4774295af0c831570e967daea to remote] DEBUG org.asynchttpclient.netty.request.NettyRequestSender - Using pooled Channel '[id: 0xa0303876, L:/127.0.0.1:62890 - R:localhost/127.0.0.1:1449]' for 'POST' to 'http://localhost:1449/session/dcda1bd4774295af0c831570e967daea/element/f.E45F2AD4B442591BD0DF2F5A06C048D9.d.80EE0A8DE9C9B57865F86B4019BF278E.e.60/value'
01:51:00.244 [Forwarding sendKeysToElement on session dcda1bd4774295af0c831570e967daea to remote] DEBUG org.asynchttpclient.netty.request.NettyRequestSender - Using open Channel [id: 0xa0303876, L:/127.0.0.1:62890 - R:localhost/127.0.0.1:1449] for POST '/session/dcda1bd4774295af0c831570e967daea/element/f.E45F2AD4B442591BD0DF2F5A06C048D9.d.80EE0A8DE9C9B57865F86B4019BF278E.e.60/value'
01:51:00.407 [AsyncHttpClient-1-20] DEBUG org.asynchttpclient.netty.handler.HttpHandler - 

Request DefaultHttpRequest(decodeResult: success, version: HTTP/1.1)
POST /session/dcda1bd4774295af0c831570e967daea/element/f.E45F2AD4B442591BD0DF2F5A06C048D9.d.80EE0A8DE9C9B57865F86B4019BF278E.e.60/value HTTP/1.1
User-Agent: selenium/4.12.0 (java windows)
Content-Length: 149
Content-Type: application/json; charset=utf-8
host: localhost:1449
accept: */*

Response DefaultHttpResponse(decodeResult: success, version: HTTP/1.1)
HTTP/1.1 200 OK
Content-Length: 14
Content-Type: application/json; charset=utf-8
cache-control: no-cache

01:51:00.411 [AsyncHttpClient-1-20] DEBUG org.asynchttpclient.netty.channel.ChannelManager - Adding key: http://localhost:1449 for channel [id: 0xa0303876, L:/127.0.0.1:62890 - R:localhost/127.0.0.1:1449]
01:51:00.612 [AsyncHttpClient-1-1] DEBUG org.asynchttpclient.netty.channel.DefaultChannelPool - Entry count for : http://localhost:62891 : 1
01:51:00.612 [AsyncHttpClient-1-1] DEBUG org.asynchttpclient.netty.channel.DefaultChannelPool - Entry count for : http://localhost:1449 : 1
screen shot class not taking
  And Provide the Address DetailsMain_street001 YK FL 987678 USA # StepDefination.Customer_onboarding.Provide_the_address_Details(java.lang.String,java.lang.String,java.lang.String,java.lang.String,java.lang.String)
01:51:01.713 [AsyncHttpClient-1-1] DEBUG org.asynchttpclient.netty.channel.DefaultChannelPool - Entry count for : http://localhost:62891 : 1
01:51:01.713 [AsyncHttpClient-1-1] DEBUG org.asynchttpclient.netty.channel.DefaultChannelPool - Entry count for : http://localhost:1449 : 1
01:51:01.930 [Forwarding findElement on session dcda1bd4774295af0c831570e967daea to remote] DEBUG org.asynchttpclient.netty.request.NettyRequestSender - Using pooled Channel '[id: 0xa0303876, L:/127.0.0.1:62890 - R:localhost/127.0.0.1:1449]' for 'POST' to 'http://localhost:1449/session/dcda1bd4774295af0c831570e967daea/element'
01:51:01.930 [Forwarding findElement on session dcda1bd4774295af0c831570e967daea to remote] DEBUG org.asynchttpclient.netty.request.NettyRequestSender - Using open Channel [id: 0xa0303876, L:/127.0.0.1:62890 - R:localhost/127.0.0.1:1449] for POST '/session/dcda1bd4774295af0c831570e967daea/element'
01:51:01.947 [AsyncHttpClient-1-20] DEBUG org.asynchttpclient.netty.handler.HttpHandler - 

Request DefaultHttpRequest(decodeResult: success, version: HTTP/1.1)
POST /session/dcda1bd4774295af0c831570e967daea/element HTTP/1.1
User-Agent: selenium/4.12.0 (java windows)
Content-Length: 72
Content-Type: application/json; charset=utf-8
host: localhost:1449
accept: */*

Response DefaultHttpResponse(decodeResult: success, version: HTTP/1.1)
HTTP/1.1 200 OK
Content-Length: 126
Content-Type: application/json; charset=utf-8
cache-control: no-cache

01:51:01.947 [AsyncHttpClient-1-20] DEBUG org.asynchttpclient.netty.channel.ChannelManager - Adding key: http://localhost:1449 for channel [id: 0xa0303876, L:/127.0.0.1:62890 - R:localhost/127.0.0.1:1449]
01:51:01.954 [Forwarding clickElement on session dcda1bd4774295af0c831570e967daea to remote] DEBUG org.asynchttpclient.netty.request.NettyRequestSender - Using pooled Channel '[id: 0xa0303876, L:/127.0.0.1:62890 - R:localhost/127.0.0.1:1449]' for 'POST' to 'http://localhost:1449/session/dcda1bd4774295af0c831570e967daea/element/f.E45F2AD4B442591BD0DF2F5A06C048D9.d.80EE0A8DE9C9B57865F86B4019BF278E.e.95/click'
01:51:01.955 [Forwarding clickElement on session dcda1bd4774295af0c831570e967daea to remote] DEBUG org.asynchttpclient.netty.request.NettyRequestSender - Using open Channel [id: 0xa0303876, L:/127.0.0.1:62890 - R:localhost/127.0.0.1:1449] for POST '/session/dcda1bd4774295af0c831570e967daea/element/f.E45F2AD4B442591BD0DF2F5A06C048D9.d.80EE0A8DE9C9B57865F86B4019BF278E.e.95/click'
01:51:02.081 [AsyncHttpClient-1-20] DEBUG org.asynchttpclient.netty.handler.HttpHandler - 

Request DefaultHttpRequest(decodeResult: success, version: HTTP/1.1)
POST /session/dcda1bd4774295af0c831570e967daea/element/f.E45F2AD4B442591BD0DF2F5A06C048D9.d.80EE0A8DE9C9B57865F86B4019BF278E.e.95/click HTTP/1.1
User-Agent: selenium/4.12.0 (java windows)
Content-Length: 88
Content-Type: application/json; charset=utf-8
host: localhost:1449
accept: */*

Response DefaultHttpResponse(decodeResult: success, version: HTTP/1.1)
HTTP/1.1 200 OK
Content-Length: 14
Content-Type: application/json; charset=utf-8
cache-control: no-cache

01:51:02.081 [AsyncHttpClient-1-20] DEBUG org.asynchttpclient.netty.channel.ChannelManager - Adding key: http://localhost:1449 for channel [id: 0xa0303876, L:/127.0.0.1:62890 - R:localhost/127.0.0.1:1449]
screen shot class not taking
  When Submit the form                                           # StepDefination.Customer_onboarding.Submit_the_form()
01:51:02.594 [Forwarding findElement on session dcda1bd4774295af0c831570e967daea to remote] DEBUG org.asynchttpclient.netty.request.NettyRequestSender - Using pooled Channel '[id: 0xa0303876, L:/127.0.0.1:62890 - R:localhost/127.0.0.1:1449]' for 'POST' to 'http://localhost:1449/session/dcda1bd4774295af0c831570e967daea/element'
01:51:02.594 [Forwarding findElement on session dcda1bd4774295af0c831570e967daea to remote] DEBUG org.asynchttpclient.netty.request.NettyRequestSender - Using open Channel [id: 0xa0303876, L:/127.0.0.1:62890 - R:localhost/127.0.0.1:1449] for POST '/session/dcda1bd4774295af0c831570e967daea/element'
01:51:02.611 [AsyncHttpClient-1-20] DEBUG org.asynchttpclient.netty.handler.HttpHandler - 

Request DefaultHttpRequest(decodeResult: success, version: HTTP/1.1)
POST /session/dcda1bd4774295af0c831570e967daea/element HTTP/1.1
User-Agent: selenium/4.12.0 (java windows)
Content-Length: 87
Content-Type: application/json; charset=utf-8
host: localhost:1449
accept: */*

Response DefaultHttpResponse(decodeResult: success, version: HTTP/1.1)
HTTP/1.1 200 OK
Content-Length: 126
Content-Type: application/json; charset=utf-8
cache-control: no-cache

01:51:02.618 [AsyncHttpClient-1-20] DEBUG org.asynchttpclient.netty.channel.ChannelManager - Adding key: http://localhost:1449 for channel [id: 0xa0303876, L:/127.0.0.1:62890 - R:localhost/127.0.0.1:1449]
01:51:02.618 [Forwarding getElementText on session dcda1bd4774295af0c831570e967daea to remote] DEBUG org.asynchttpclient.netty.request.NettyRequestSender - Using pooled Channel '[id: 0xa0303876, L:/127.0.0.1:62890 - R:localhost/127.0.0.1:1449]' for 'GET' to 'http://localhost:1449/session/dcda1bd4774295af0c831570e967daea/element/f.E45F2AD4B442591BD0DF2F5A06C048D9.d.80EE0A8DE9C9B57865F86B4019BF278E.e.96/text'
01:51:02.618 [Forwarding getElementText on session dcda1bd4774295af0c831570e967daea to remote] DEBUG org.asynchttpclient.netty.request.NettyRequestSender - Using open Channel [id: 0xa0303876, L:/127.0.0.1:62890 - R:localhost/127.0.0.1:1449] for GET '/session/dcda1bd4774295af0c831570e967daea/element/f.E45F2AD4B442591BD0DF2F5A06C048D9.d.80EE0A8DE9C9B57865F86B4019BF278E.e.96/text'
01:51:02.635 [AsyncHttpClient-1-20] DEBUG org.asynchttpclient.netty.handler.HttpHandler - 

Request DefaultFullHttpRequest(decodeResult: success, version: HTTP/1.1, content: EmptyByteBufBE)
GET /session/dcda1bd4774295af0c831570e967daea/element/f.E45F2AD4B442591BD0DF2F5A06C048D9.d.80EE0A8DE9C9B57865F86B4019BF278E.e.96/text HTTP/1.1
Cache-Control: no-cache
User-Agent: selenium/4.12.0 (java windows)
Content-Type: application/json; charset=utf-8
host: localhost:1449
accept: */*

Response DefaultHttpResponse(decodeResult: success, version: HTTP/1.1)
HTTP/1.1 200 OK
Content-Length: 36
Content-Type: application/json; charset=utf-8
cache-control: no-cache

01:51:02.635 [AsyncHttpClient-1-20] DEBUG org.asynchttpclient.netty.channel.ChannelManager - Adding key: http://localhost:1449 for channel [id: 0xa0303876, L:/127.0.0.1:62890 - R:localhost/127.0.0.1:1449]
Company name is required
01:51:02.814 [AsyncHttpClient-1-1] DEBUG org.asynchttpclient.netty.channel.DefaultChannelPool - Entry count for : http://localhost:62891 : 1
01:51:02.814 [AsyncHttpClient-1-1] DEBUG org.asynchttpclient.netty.channel.DefaultChannelPool - Entry count for : http://localhost:1449 : 1
screen shot class not taking
  Then Display Error responseCompany name is required            # StepDefination.Customer_onboarding.customerNot_added(java.lang.String)
01:51:03.152 [AsyncHttpClient-1-22] DEBUG org.asynchttpclient.netty.handler.WebSocketHandler - Channel Closed: [id: 0x0de3c71c, L:/127.0.0.1:62899 ! R:localhost/127.0.0.1:62891] with attribute DISCARD
01:51:03.152 [Driver Command Executor] DEBUG org.asynchttpclient.netty.request.NettyRequestSender - Using pooled Channel '[id: 0xa0303876, L:/127.0.0.1:62890 - R:localhost/127.0.0.1:1449]' for 'DELETE' to 'http://localhost:1449/session/dcda1bd4774295af0c831570e967daea'
01:51:03.152 [Driver Command Executor] DEBUG org.asynchttpclient.netty.request.NettyRequestSender - Using open Channel [id: 0xa0303876, L:/127.0.0.1:62890 - R:localhost/127.0.0.1:1449] for DELETE '/session/dcda1bd4774295af0c831570e967daea'
01:51:03.295 [AsyncHttpClient-1-21] DEBUG org.asynchttpclient.netty.handler.HttpHandler - Unexpected I/O exception on channel [id: 0xcc666fee, L:/127.0.0.1:62898 - R:localhost/127.0.0.1:62891]
java.net.SocketException: Connection reset
	at java.base/sun.nio.ch.SocketChannelImpl.throwConnectionReset(SocketChannelImpl.java:394)
	at java.base/sun.nio.ch.SocketChannelImpl.read(SocketChannelImpl.java:426)
	at io.netty.buffer.PooledByteBuf.setBytes(PooledByteBuf.java:254)
	at io.netty.buffer.AbstractByteBuf.writeBytes(AbstractByteBuf.java:1132)
	at io.netty.channel.socket.nio.NioSocketChannel.doReadBytes(NioSocketChannel.java:357)
	at io.netty.channel.nio.AbstractNioByteChannel$NioByteUnsafe.read(AbstractNioByteChannel.java:151)
	at io.netty.channel.nio.NioEventLoop.processSelectedKey(NioEventLoop.java:788)
	at io.netty.channel.nio.NioEventLoop.processSelectedKeysOptimized(NioEventLoop.java:724)
	at io.netty.channel.nio.NioEventLoop.processSelectedKeys(NioEventLoop.java:650)
	at io.netty.channel.nio.NioEventLoop.run(NioEventLoop.java:562)
	at io.netty.util.concurrent.SingleThreadEventExecutor$4.run(SingleThreadEventExecutor.java:997)
	at io.netty.util.internal.ThreadExecutorMap$2.run(ThreadExecutorMap.java:74)
	at io.netty.util.concurrent.FastThreadLocalRunnable.run(FastThreadLocalRunnable.java:30)
	at java.base/java.lang.Thread.run(Thread.java:840)
01:51:03.295 [AsyncHttpClient-1-21] DEBUG org.asynchttpclient.netty.channel.ChannelManager - Closing Channel [id: 0xcc666fee, L:/127.0.0.1:62898 - R:localhost/127.0.0.1:62891] 
01:51:03.295 [AsyncHttpClient-1-21] DEBUG org.asynchttpclient.netty.handler.HttpHandler - Channel Closed: [id: 0xcc666fee, L:/127.0.0.1:62898 ! R:localhost/127.0.0.1:62891] with attribute DISCARD
01:51:03.335 [AsyncHttpClient-1-20] DEBUG org.asynchttpclient.netty.handler.HttpHandler - 

Request DefaultFullHttpRequest(decodeResult: success, version: HTTP/1.1, content: EmptyByteBufBE)
DELETE /session/dcda1bd4774295af0c831570e967daea HTTP/1.1
User-Agent: selenium/4.12.0 (java windows)
Content-Type: application/json; charset=utf-8
host: localhost:1449
accept: */*

Response DefaultHttpResponse(decodeResult: success, version: HTTP/1.1)
HTTP/1.1 200 OK
Content-Length: 14
Content-Type: application/json; charset=utf-8
cache-control: no-cache

01:51:03.335 [AsyncHttpClient-1-20] DEBUG org.asynchttpclient.netty.channel.ChannelManager - Adding key: http://localhost:1449 for channel [id: 0xa0303876, L:/127.0.0.1:62890 - R:localhost/127.0.0.1:1449]
01:51:03.911 [AsyncHttpClient-1-1] DEBUG org.asynchttpclient.netty.channel.DefaultChannelPool - Entry count for : http://localhost:62891 : 1
01:51:03.911 [AsyncHttpClient-1-1] DEBUG org.asynchttpclient.netty.channel.DefaultChannelPool - Entry count for : http://localhost:1449 : 1
01:51:03.911 [AsyncHttpClient-1-1] DEBUG org.asynchttpclient.netty.channel.DefaultChannelPool - Adding Candidate expired Channel [id: 0xcc666fee, L:/127.0.0.1:62898 ! R:localhost/127.0.0.1:62891] isIdleTimeoutExpired=false isRemotelyClosed=true isTtlExpired=false
01:51:03.911 [AsyncHttpClient-1-1] DEBUG org.asynchttpclient.netty.channel.DefaultChannelPool - Closing Idle Channel [id: 0xcc666fee, L:/127.0.0.1:62898 ! R:localhost/127.0.0.1:62891]
01:51:03.911 [AsyncHttpClient-1-1] DEBUG org.asynchttpclient.netty.channel.DefaultChannelPool - Closed 1 connections out of 2 in 0 ms
01:51:03.972 [AsyncHttpClient-1-20] DEBUG org.asynchttpclient.netty.handler.HttpHandler - Channel Closed: [id: 0xa0303876, L:/127.0.0.1:62890 ! R:localhost/127.0.0.1:1449] with attribute DISCARD
  And Close_Window                                               # StepDefination.Customer_onboarding.close_window()
WebDriver is null. Nothing to close.
]]></system-out>
    <system-err><![CDATA[Jan 25, 2025 1:50:40 AM org.openqa.selenium.devtools.CdpVersionFinder findNearestMatch
WARNING: Unable to find CDP implementation matching 131
Jan 25, 2025 1:50:40 AM org.openqa.selenium.chromium.ChromiumDriver lambda$new$5
WARNING: Unable to find version of CDP to use for 131.0.6778.265. You may need to include a dependency on a specific version of the CDP using something similar to `org.seleniumhq.selenium:selenium-devtools-v86:4.12.0` where the version ("v86") matches the version of the chromium-based browser you're using and the version number of the artifact is the same as Selenium's.
]]></system-err>
  </testcase>
  <testcase name="Add customer without Address" classname="Customer Onboarding form for Broker" time="24.459">
    <system-out><![CDATA[
Scenario Outline: Add customer without Address                # src/test/resources/Customers/Customer_form.feature:66
01:51:04.367 [AsyncHttpClient-1-23] DEBUG org.asynchttpclient.netty.channel.NettyConnectListener - Using new Channel '[id: 0xa97e19a7, L:/127.0.0.1:62954 - R:localhost/127.0.0.1:3358]' for 'POST' to '/session'
01:51:05.009 [AsyncHttpClient-1-1] DEBUG org.asynchttpclient.netty.channel.DefaultChannelPool - Entry count for : http://localhost:1449 : 1
01:51:05.009 [AsyncHttpClient-1-1] DEBUG org.asynchttpclient.netty.channel.DefaultChannelPool - Adding Candidate expired Channel [id: 0xa0303876, L:/127.0.0.1:62890 ! R:localhost/127.0.0.1:1449] isIdleTimeoutExpired=false isRemotelyClosed=true isTtlExpired=false
01:51:05.009 [AsyncHttpClient-1-1] DEBUG org.asynchttpclient.netty.channel.DefaultChannelPool - Closing Idle Channel [id: 0xa0303876, L:/127.0.0.1:62890 ! R:localhost/127.0.0.1:1449]
01:51:05.009 [AsyncHttpClient-1-1] DEBUG org.asynchttpclient.netty.channel.DefaultChannelPool - Closed 1 connections out of 1 in 0 ms
01:51:05.582 [AsyncHttpClient-1-23] DEBUG org.asynchttpclient.netty.handler.HttpHandler - 

Request DefaultHttpRequest(decodeResult: success, version: HTTP/1.1)
POST /session HTTP/1.1
User-Agent: selenium/4.12.0 (java windows)
Content-Length: 254
Content-Type: application/json; charset=utf-8
host: localhost:3358
accept: */*

Response DefaultHttpResponse(decodeResult: success, version: HTTP/1.1)
HTTP/1.1 200 OK
Content-Length: 886
Content-Type: application/json; charset=utf-8
cache-control: no-cache

01:51:05.582 [AsyncHttpClient-1-23] DEBUG org.asynchttpclient.netty.channel.ChannelManager - Adding key: http://localhost:3358 for channel [id: 0xa97e19a7, L:/127.0.0.1:62954 - R:localhost/127.0.0.1:3358]
01:51:05.598 [AsyncHttpClient-1-24] DEBUG org.asynchttpclient.netty.channel.NettyConnectListener - Using new Channel '[id: 0xed8b0459, L:/127.0.0.1:62962 - R:localhost/127.0.0.1:62955]' for 'GET' to '/json/version'
01:51:05.598 [AsyncHttpClient-1-24] DEBUG org.asynchttpclient.netty.handler.HttpHandler - 

Request DefaultFullHttpRequest(decodeResult: success, version: HTTP/1.1, content: EmptyByteBufBE)
GET /json/version HTTP/1.1
User-Agent: selenium/4.12.0 (java windows)
host: localhost:62955
accept: */*

Response DefaultHttpResponse(decodeResult: success, version: HTTP/1.1)
HTTP/1.1 200 OK
Content-Security-Policy: frame-ancestors 'none'
Content-Length: 424
Content-Type: application/json; charset=UTF-8

01:51:05.598 [AsyncHttpClient-1-24] DEBUG org.asynchttpclient.netty.channel.ChannelManager - Adding key: http://localhost:62955 for channel [id: 0xed8b0459, L:/127.0.0.1:62962 - R:localhost/127.0.0.1:62955]
01:51:05.606 [AsyncHttpClient-1-25] DEBUG org.asynchttpclient.netty.channel.NettyConnectListener - Using new Channel '[id: 0x88a28370, L:/127.0.0.1:62963 - R:localhost/127.0.0.1:62955]' for 'GET' to '/devtools/browser/d3a2f892-7ce4-43d3-856d-4242cf760eca'
01:51:05.615 [AsyncHttpClient-1-25] DEBUG org.asynchttpclient.netty.handler.WebSocketHandler - 

Request DefaultFullHttpRequest(decodeResult: success, version: HTTP/1.1, content: EmptyByteBufBE)
GET /devtools/browser/d3a2f892-7ce4-43d3-856d-4242cf760eca HTTP/1.1
upgrade: websocket
connection: upgrade
sec-websocket-key: jIT52QFT/0/sVPJFlBq5dA==
sec-websocket-version: 13
origin: http://localhost:62955
host: localhost:62955
accept: */*
user-agent: AHC/2.1

Response DefaultHttpResponse(decodeResult: success, version: HTTP/1.1)
HTTP/1.1 101 WebSocket Protocol Handshake
Upgrade: WebSocket
Connection: Upgrade
Sec-WebSocket-Accept: vDyXYGYFxlKXhbXJzp0tlIP4I9Y=

01:51:05.623 [Forwarding get on session 31126552eedebc7fa663d7539d993716 to remote] DEBUG org.asynchttpclient.netty.request.NettyRequestSender - Using pooled Channel '[id: 0xa97e19a7, L:/127.0.0.1:62954 - R:localhost/127.0.0.1:3358]' for 'POST' to 'http://localhost:3358/session/31126552eedebc7fa663d7539d993716/url'
01:51:05.623 [Forwarding get on session 31126552eedebc7fa663d7539d993716 to remote] DEBUG org.asynchttpclient.netty.request.NettyRequestSender - Using open Channel [id: 0xa97e19a7, L:/127.0.0.1:62954 - R:localhost/127.0.0.1:3358] for POST '/session/31126552eedebc7fa663d7539d993716/url'
01:51:06.121 [AsyncHttpClient-1-1] DEBUG org.asynchttpclient.netty.channel.DefaultChannelPool - Entry count for : http://localhost:62955 : 1
01:51:07.157 [AsyncHttpClient-1-23] DEBUG org.asynchttpclient.netty.handler.HttpHandler - 

Request DefaultHttpRequest(decodeResult: success, version: HTTP/1.1)
POST /session/31126552eedebc7fa663d7539d993716/url HTTP/1.1
User-Agent: selenium/4.12.0 (java windows)
Content-Length: 79
Content-Type: application/json; charset=utf-8
host: localhost:3358
accept: */*

Response DefaultHttpResponse(decodeResult: success, version: HTTP/1.1)
HTTP/1.1 200 OK
Content-Length: 14
Content-Type: application/json; charset=utf-8
cache-control: no-cache

01:51:07.157 [AsyncHttpClient-1-23] DEBUG org.asynchttpclient.netty.channel.ChannelManager - Adding key: http://localhost:3358 for channel [id: 0xa97e19a7, L:/127.0.0.1:62954 - R:localhost/127.0.0.1:3358]
01:51:07.157 [Forwarding maximizeCurrentWindow on session 31126552eedebc7fa663d7539d993716 to remote] DEBUG org.asynchttpclient.netty.request.NettyRequestSender - Using pooled Channel '[id: 0xa97e19a7, L:/127.0.0.1:62954 - R:localhost/127.0.0.1:3358]' for 'POST' to 'http://localhost:3358/session/31126552eedebc7fa663d7539d993716/window/maximize'
01:51:07.157 [Forwarding maximizeCurrentWindow on session 31126552eedebc7fa663d7539d993716 to remote] DEBUG org.asynchttpclient.netty.request.NettyRequestSender - Using open Channel [id: 0xa97e19a7, L:/127.0.0.1:62954 - R:localhost/127.0.0.1:3358] for POST '/session/31126552eedebc7fa663d7539d993716/window/maximize'
01:51:07.212 [AsyncHttpClient-1-1] DEBUG org.asynchttpclient.netty.channel.DefaultChannelPool - Entry count for : http://localhost:62955 : 1
01:51:07.261 [AsyncHttpClient-1-23] DEBUG org.asynchttpclient.netty.handler.HttpHandler - 

Request DefaultHttpRequest(decodeResult: success, version: HTTP/1.1)
POST /session/31126552eedebc7fa663d7539d993716/window/maximize HTTP/1.1
User-Agent: selenium/4.12.0 (java windows)
Content-Length: 3
Content-Type: application/json; charset=utf-8
host: localhost:3358
accept: */*

Response DefaultHttpResponse(decodeResult: success, version: HTTP/1.1)
HTTP/1.1 200 OK
Content-Length: 51
Content-Type: application/json; charset=utf-8
cache-control: no-cache

01:51:07.261 [AsyncHttpClient-1-23] DEBUG org.asynchttpclient.netty.channel.ChannelManager - Adding key: http://localhost:3358 for channel [id: 0xa97e19a7, L:/127.0.0.1:62954 - R:localhost/127.0.0.1:3358]
01:51:07.261 [Forwarding findElement on session 31126552eedebc7fa663d7539d993716 to remote] DEBUG org.asynchttpclient.netty.request.NettyRequestSender - Using pooled Channel '[id: 0xa97e19a7, L:/127.0.0.1:62954 - R:localhost/127.0.0.1:3358]' for 'POST' to 'http://localhost:3358/session/31126552eedebc7fa663d7539d993716/element'
01:51:07.261 [Forwarding findElement on session 31126552eedebc7fa663d7539d993716 to remote] DEBUG org.asynchttpclient.netty.request.NettyRequestSender - Using open Channel [id: 0xa97e19a7, L:/127.0.0.1:62954 - R:localhost/127.0.0.1:3358] for POST '/session/31126552eedebc7fa663d7539d993716/element'
01:51:07.286 [AsyncHttpClient-1-23] DEBUG org.asynchttpclient.netty.handler.HttpHandler - 

Request DefaultHttpRequest(decodeResult: success, version: HTTP/1.1)
POST /session/31126552eedebc7fa663d7539d993716/element HTTP/1.1
User-Agent: selenium/4.12.0 (java windows)
Content-Length: 69
Content-Type: application/json; charset=utf-8
host: localhost:3358
accept: */*

Response DefaultHttpResponse(decodeResult: success, version: HTTP/1.1)
HTTP/1.1 200 OK
Content-Length: 125
Content-Type: application/json; charset=utf-8
cache-control: no-cache

01:51:07.286 [AsyncHttpClient-1-23] DEBUG org.asynchttpclient.netty.channel.ChannelManager - Adding key: http://localhost:3358 for channel [id: 0xa97e19a7, L:/127.0.0.1:62954 - R:localhost/127.0.0.1:3358]
01:51:07.286 [Forwarding sendKeysToElement on session 31126552eedebc7fa663d7539d993716 to remote] DEBUG org.asynchttpclient.netty.request.NettyRequestSender - Using pooled Channel '[id: 0xa97e19a7, L:/127.0.0.1:62954 - R:localhost/127.0.0.1:3358]' for 'POST' to 'http://localhost:3358/session/31126552eedebc7fa663d7539d993716/element/f.2B231388188B3EF1975DC62A3136C09C.d.CD8570C178F67F77CEDB9EAE3B7E9047.e.4/value'
01:51:07.286 [Forwarding sendKeysToElement on session 31126552eedebc7fa663d7539d993716 to remote] DEBUG org.asynchttpclient.netty.request.NettyRequestSender - Using open Channel [id: 0xa97e19a7, L:/127.0.0.1:62954 - R:localhost/127.0.0.1:3358] for POST '/session/31126552eedebc7fa663d7539d993716/element/f.2B231388188B3EF1975DC62A3136C09C.d.CD8570C178F67F77CEDB9EAE3B7E9047.e.4/value'
01:51:07.505 [AsyncHttpClient-1-23] DEBUG org.asynchttpclient.netty.handler.HttpHandler - 

Request DefaultHttpRequest(decodeResult: success, version: HTTP/1.1)
POST /session/31126552eedebc7fa663d7539d993716/element/f.2B231388188B3EF1975DC62A3136C09C.d.CD8570C178F67F77CEDB9EAE3B7E9047.e.4/value HTTP/1.1
User-Agent: selenium/4.12.0 (java windows)
Content-Length: 328
Content-Type: application/json; charset=utf-8
host: localhost:3358
accept: */*

Response DefaultHttpResponse(decodeResult: success, version: HTTP/1.1)
HTTP/1.1 200 OK
Content-Length: 14
Content-Type: application/json; charset=utf-8
cache-control: no-cache

01:51:07.505 [AsyncHttpClient-1-23] DEBUG org.asynchttpclient.netty.channel.ChannelManager - Adding key: http://localhost:3358 for channel [id: 0xa97e19a7, L:/127.0.0.1:62954 - R:localhost/127.0.0.1:3358]
01:51:07.505 [Forwarding findElement on session 31126552eedebc7fa663d7539d993716 to remote] DEBUG org.asynchttpclient.netty.request.NettyRequestSender - Using pooled Channel '[id: 0xa97e19a7, L:/127.0.0.1:62954 - R:localhost/127.0.0.1:3358]' for 'POST' to 'http://localhost:3358/session/31126552eedebc7fa663d7539d993716/element'
01:51:07.505 [Forwarding findElement on session 31126552eedebc7fa663d7539d993716 to remote] DEBUG org.asynchttpclient.netty.request.NettyRequestSender - Using open Channel [id: 0xa97e19a7, L:/127.0.0.1:62954 - R:localhost/127.0.0.1:3358] for POST '/session/31126552eedebc7fa663d7539d993716/element'
01:51:07.522 [AsyncHttpClient-1-23] DEBUG org.asynchttpclient.netty.handler.HttpHandler - 

Request DefaultHttpRequest(decodeResult: success, version: HTTP/1.1)
POST /session/31126552eedebc7fa663d7539d993716/element HTTP/1.1
User-Agent: selenium/4.12.0 (java windows)
Content-Length: 72
Content-Type: application/json; charset=utf-8
host: localhost:3358
accept: */*

Response DefaultHttpResponse(decodeResult: success, version: HTTP/1.1)
HTTP/1.1 200 OK
Content-Length: 125
Content-Type: application/json; charset=utf-8
cache-control: no-cache

01:51:07.522 [AsyncHttpClient-1-23] DEBUG org.asynchttpclient.netty.channel.ChannelManager - Adding key: http://localhost:3358 for channel [id: 0xa97e19a7, L:/127.0.0.1:62954 - R:localhost/127.0.0.1:3358]
01:51:07.522 [Forwarding sendKeysToElement on session 31126552eedebc7fa663d7539d993716 to remote] DEBUG org.asynchttpclient.netty.request.NettyRequestSender - Using pooled Channel '[id: 0xa97e19a7, L:/127.0.0.1:62954 - R:localhost/127.0.0.1:3358]' for 'POST' to 'http://localhost:3358/session/31126552eedebc7fa663d7539d993716/element/f.2B231388188B3EF1975DC62A3136C09C.d.CD8570C178F67F77CEDB9EAE3B7E9047.e.6/value'
01:51:07.522 [Forwarding sendKeysToElement on session 31126552eedebc7fa663d7539d993716 to remote] DEBUG org.asynchttpclient.netty.request.NettyRequestSender - Using open Channel [id: 0xa97e19a7, L:/127.0.0.1:62954 - R:localhost/127.0.0.1:3358] for POST '/session/31126552eedebc7fa663d7539d993716/element/f.2B231388188B3EF1975DC62A3136C09C.d.CD8570C178F67F77CEDB9EAE3B7E9047.e.6/value'
01:51:07.735 [AsyncHttpClient-1-23] DEBUG org.asynchttpclient.netty.handler.HttpHandler - 

Request DefaultHttpRequest(decodeResult: success, version: HTTP/1.1)
POST /session/31126552eedebc7fa663d7539d993716/element/f.2B231388188B3EF1975DC62A3136C09C.d.CD8570C178F67F77CEDB9EAE3B7E9047.e.6/value HTTP/1.1
User-Agent: selenium/4.12.0 (java windows)
Content-Length: 198
Content-Type: application/json; charset=utf-8
host: localhost:3358
accept: */*

Response DefaultHttpResponse(decodeResult: success, version: HTTP/1.1)
HTTP/1.1 200 OK
Content-Length: 14
Content-Type: application/json; charset=utf-8
cache-control: no-cache

01:51:07.735 [AsyncHttpClient-1-23] DEBUG org.asynchttpclient.netty.channel.ChannelManager - Adding key: http://localhost:3358 for channel [id: 0xa97e19a7, L:/127.0.0.1:62954 - R:localhost/127.0.0.1:3358]
01:51:07.744 [Forwarding findElement on session 31126552eedebc7fa663d7539d993716 to remote] DEBUG org.asynchttpclient.netty.request.NettyRequestSender - Using pooled Channel '[id: 0xa97e19a7, L:/127.0.0.1:62954 - R:localhost/127.0.0.1:3358]' for 'POST' to 'http://localhost:3358/session/31126552eedebc7fa663d7539d993716/element'
01:51:07.744 [Forwarding findElement on session 31126552eedebc7fa663d7539d993716 to remote] DEBUG org.asynchttpclient.netty.request.NettyRequestSender - Using open Channel [id: 0xa97e19a7, L:/127.0.0.1:62954 - R:localhost/127.0.0.1:3358] for POST '/session/31126552eedebc7fa663d7539d993716/element'
01:51:07.760 [AsyncHttpClient-1-23] DEBUG org.asynchttpclient.netty.handler.HttpHandler - 

Request DefaultHttpRequest(decodeResult: success, version: HTTP/1.1)
POST /session/31126552eedebc7fa663d7539d993716/element HTTP/1.1
User-Agent: selenium/4.12.0 (java windows)
Content-Length: 73
Content-Type: application/json; charset=utf-8
host: localhost:3358
accept: */*

Response DefaultHttpResponse(decodeResult: success, version: HTTP/1.1)
HTTP/1.1 200 OK
Content-Length: 125
Content-Type: application/json; charset=utf-8
cache-control: no-cache

01:51:07.760 [AsyncHttpClient-1-23] DEBUG org.asynchttpclient.netty.channel.ChannelManager - Adding key: http://localhost:3358 for channel [id: 0xa97e19a7, L:/127.0.0.1:62954 - R:localhost/127.0.0.1:3358]
01:51:07.760 [Forwarding clickElement on session 31126552eedebc7fa663d7539d993716 to remote] DEBUG org.asynchttpclient.netty.request.NettyRequestSender - Using pooled Channel '[id: 0xa97e19a7, L:/127.0.0.1:62954 - R:localhost/127.0.0.1:3358]' for 'POST' to 'http://localhost:3358/session/31126552eedebc7fa663d7539d993716/element/f.2B231388188B3EF1975DC62A3136C09C.d.CD8570C178F67F77CEDB9EAE3B7E9047.e.8/click'
01:51:07.760 [Forwarding clickElement on session 31126552eedebc7fa663d7539d993716 to remote] DEBUG org.asynchttpclient.netty.request.NettyRequestSender - Using open Channel [id: 0xa97e19a7, L:/127.0.0.1:62954 - R:localhost/127.0.0.1:3358] for POST '/session/31126552eedebc7fa663d7539d993716/element/f.2B231388188B3EF1975DC62A3136C09C.d.CD8570C178F67F77CEDB9EAE3B7E9047.e.8/click'
01:51:07.911 [AsyncHttpClient-1-23] DEBUG org.asynchttpclient.netty.handler.HttpHandler - 

Request DefaultHttpRequest(decodeResult: success, version: HTTP/1.1)
POST /session/31126552eedebc7fa663d7539d993716/element/f.2B231388188B3EF1975DC62A3136C09C.d.CD8570C178F67F77CEDB9EAE3B7E9047.e.8/click HTTP/1.1
User-Agent: selenium/4.12.0 (java windows)
Content-Length: 87
Content-Type: application/json; charset=utf-8
host: localhost:3358
accept: */*

Response DefaultHttpResponse(decodeResult: success, version: HTTP/1.1)
HTTP/1.1 200 OK
Content-Length: 14
Content-Type: application/json; charset=utf-8
cache-control: no-cache

01:51:07.911 [AsyncHttpClient-1-23] DEBUG org.asynchttpclient.netty.channel.ChannelManager - Adding key: http://localhost:3358 for channel [id: 0xa97e19a7, L:/127.0.0.1:62954 - R:localhost/127.0.0.1:3358]
01:51:08.313 [AsyncHttpClient-1-1] DEBUG org.asynchttpclient.netty.channel.DefaultChannelPool - Entry count for : http://localhost:3358 : 1
01:51:08.314 [AsyncHttpClient-1-1] DEBUG org.asynchttpclient.netty.channel.DefaultChannelPool - Entry count for : http://localhost:62955 : 1
01:51:09.411 [AsyncHttpClient-1-1] DEBUG org.asynchttpclient.netty.channel.DefaultChannelPool - Entry count for : http://localhost:3358 : 1
01:51:09.411 [AsyncHttpClient-1-1] DEBUG org.asynchttpclient.netty.channel.DefaultChannelPool - Entry count for : http://localhost:62955 : 1
01:51:10.514 [AsyncHttpClient-1-1] DEBUG org.asynchttpclient.netty.channel.DefaultChannelPool - Entry count for : http://localhost:3358 : 1
01:51:10.514 [AsyncHttpClient-1-1] DEBUG org.asynchttpclient.netty.channel.DefaultChannelPool - Entry count for : http://localhost:62955 : 1
01:51:11.620 [AsyncHttpClient-1-1] DEBUG org.asynchttpclient.netty.channel.DefaultChannelPool - Entry count for : http://localhost:3358 : 1
01:51:11.620 [AsyncHttpClient-1-1] DEBUG org.asynchttpclient.netty.channel.DefaultChannelPool - Entry count for : http://localhost:62955 : 1
01:51:12.720 [AsyncHttpClient-1-1] DEBUG org.asynchttpclient.netty.channel.DefaultChannelPool - Entry count for : http://localhost:3358 : 1
01:51:12.720 [AsyncHttpClient-1-1] DEBUG org.asynchttpclient.netty.channel.DefaultChannelPool - Entry count for : http://localhost:62955 : 1
01:51:12.914 [Forwarding getCurrentUrl on session 31126552eedebc7fa663d7539d993716 to remote] DEBUG org.asynchttpclient.netty.request.NettyRequestSender - Using pooled Channel '[id: 0xa97e19a7, L:/127.0.0.1:62954 - R:localhost/127.0.0.1:3358]' for 'GET' to 'http://localhost:3358/session/31126552eedebc7fa663d7539d993716/url'
01:51:12.914 [Forwarding getCurrentUrl on session 31126552eedebc7fa663d7539d993716 to remote] DEBUG org.asynchttpclient.netty.request.NettyRequestSender - Using open Channel [id: 0xa97e19a7, L:/127.0.0.1:62954 - R:localhost/127.0.0.1:3358] for GET '/session/31126552eedebc7fa663d7539d993716/url'
01:51:12.923 [AsyncHttpClient-1-23] DEBUG org.asynchttpclient.netty.handler.HttpHandler - 

Request DefaultFullHttpRequest(decodeResult: success, version: HTTP/1.1, content: EmptyByteBufBE)
GET /session/31126552eedebc7fa663d7539d993716/url HTTP/1.1
Cache-Control: no-cache
User-Agent: selenium/4.12.0 (java windows)
Content-Type: application/json; charset=utf-8
host: localhost:3358
accept: */*

Response DefaultHttpResponse(decodeResult: success, version: HTTP/1.1)
HTTP/1.1 200 OK
Content-Length: 56
Content-Type: application/json; charset=utf-8
cache-control: no-cache

01:51:12.923 [AsyncHttpClient-1-23] DEBUG org.asynchttpclient.netty.channel.ChannelManager - Adding key: http://localhost:3358 for channel [id: 0xa97e19a7, L:/127.0.0.1:62954 - R:localhost/127.0.0.1:3358]
Site 1: https://platform.fleetsyncs.com/admin/onboarding/broker/load-tender
Site 2: https://platform.fleetsyncs.com/auth/sign-in
Site 2: https://platform.fleetsyncs.com/auth/sign-in
https://platform.fleetsyncs.com/auth/sign-in
01:51:12.923 [Forwarding findElement on session 31126552eedebc7fa663d7539d993716 to remote] DEBUG org.asynchttpclient.netty.request.NettyRequestSender - Using pooled Channel '[id: 0xa97e19a7, L:/127.0.0.1:62954 - R:localhost/127.0.0.1:3358]' for 'POST' to 'http://localhost:3358/session/31126552eedebc7fa663d7539d993716/element'
01:51:12.923 [Forwarding findElement on session 31126552eedebc7fa663d7539d993716 to remote] DEBUG org.asynchttpclient.netty.request.NettyRequestSender - Using open Channel [id: 0xa97e19a7, L:/127.0.0.1:62954 - R:localhost/127.0.0.1:3358] for POST '/session/31126552eedebc7fa663d7539d993716/element'
01:51:12.947 [AsyncHttpClient-1-23] DEBUG org.asynchttpclient.netty.handler.HttpHandler - 

Request DefaultHttpRequest(decodeResult: success, version: HTTP/1.1)
POST /session/31126552eedebc7fa663d7539d993716/element HTTP/1.1
User-Agent: selenium/4.12.0 (java windows)
Content-Length: 66
Content-Type: application/json; charset=utf-8
host: localhost:3358
accept: */*

Response DefaultHttpResponse(decodeResult: success, version: HTTP/1.1)
HTTP/1.1 200 OK
Content-Length: 126
Content-Type: application/json; charset=utf-8
cache-control: no-cache

01:51:12.947 [AsyncHttpClient-1-23] DEBUG org.asynchttpclient.netty.channel.ChannelManager - Adding key: http://localhost:3358 for channel [id: 0xa97e19a7, L:/127.0.0.1:62954 - R:localhost/127.0.0.1:3358]
01:51:12.947 [Forwarding isElementDisplayed on session 31126552eedebc7fa663d7539d993716 to remote] DEBUG org.asynchttpclient.netty.request.NettyRequestSender - Using pooled Channel '[id: 0xa97e19a7, L:/127.0.0.1:62954 - R:localhost/127.0.0.1:3358]' for 'POST' to 'http://localhost:3358/session/31126552eedebc7fa663d7539d993716/execute/sync'
01:51:12.947 [Forwarding isElementDisplayed on session 31126552eedebc7fa663d7539d993716 to remote] DEBUG org.asynchttpclient.netty.request.NettyRequestSender - Using open Channel [id: 0xa97e19a7, L:/127.0.0.1:62954 - R:localhost/127.0.0.1:3358] for POST '/session/31126552eedebc7fa663d7539d993716/execute/sync'
01:51:12.972 [AsyncHttpClient-1-23] DEBUG org.asynchttpclient.netty.handler.HttpHandler - 

Request DefaultHttpRequest(decodeResult: success, version: HTTP/1.1)
POST /session/31126552eedebc7fa663d7539d993716/execute/sync HTTP/1.1
User-Agent: selenium/4.12.0 (java windows)
Content-Length: 48734
Content-Type: application/json; charset=utf-8
host: localhost:3358
accept: */*

Response DefaultHttpResponse(decodeResult: success, version: HTTP/1.1)
HTTP/1.1 200 OK
Content-Length: 14
Content-Type: application/json; charset=utf-8
cache-control: no-cache

01:51:12.972 [AsyncHttpClient-1-23] DEBUG org.asynchttpclient.netty.channel.ChannelManager - Adding key: http://localhost:3358 for channel [id: 0xa97e19a7, L:/127.0.0.1:62954 - R:localhost/127.0.0.1:3358]
01:51:12.972 [Forwarding findElement on session 31126552eedebc7fa663d7539d993716 to remote] DEBUG org.asynchttpclient.netty.request.NettyRequestSender - Using pooled Channel '[id: 0xa97e19a7, L:/127.0.0.1:62954 - R:localhost/127.0.0.1:3358]' for 'POST' to 'http://localhost:3358/session/31126552eedebc7fa663d7539d993716/element'
01:51:12.972 [Forwarding findElement on session 31126552eedebc7fa663d7539d993716 to remote] DEBUG org.asynchttpclient.netty.request.NettyRequestSender - Using open Channel [id: 0xa97e19a7, L:/127.0.0.1:62954 - R:localhost/127.0.0.1:3358] for POST '/session/31126552eedebc7fa663d7539d993716/element'
01:51:12.980 [AsyncHttpClient-1-23] DEBUG org.asynchttpclient.netty.handler.HttpHandler - 

Request DefaultHttpRequest(decodeResult: success, version: HTTP/1.1)
POST /session/31126552eedebc7fa663d7539d993716/element HTTP/1.1
User-Agent: selenium/4.12.0 (java windows)
Content-Length: 66
Content-Type: application/json; charset=utf-8
host: localhost:3358
accept: */*

Response DefaultHttpResponse(decodeResult: success, version: HTTP/1.1)
HTTP/1.1 200 OK
Content-Length: 126
Content-Type: application/json; charset=utf-8
cache-control: no-cache

01:51:12.980 [AsyncHttpClient-1-23] DEBUG org.asynchttpclient.netty.channel.ChannelManager - Adding key: http://localhost:3358 for channel [id: 0xa97e19a7, L:/127.0.0.1:62954 - R:localhost/127.0.0.1:3358]
01:51:12.980 [Forwarding getElementText on session 31126552eedebc7fa663d7539d993716 to remote] DEBUG org.asynchttpclient.netty.request.NettyRequestSender - Using pooled Channel '[id: 0xa97e19a7, L:/127.0.0.1:62954 - R:localhost/127.0.0.1:3358]' for 'GET' to 'http://localhost:3358/session/31126552eedebc7fa663d7539d993716/element/f.2B231388188B3EF1975DC62A3136C09C.d.CD8570C178F67F77CEDB9EAE3B7E9047.e.19/text'
01:51:12.980 [Forwarding getElementText on session 31126552eedebc7fa663d7539d993716 to remote] DEBUG org.asynchttpclient.netty.request.NettyRequestSender - Using open Channel [id: 0xa97e19a7, L:/127.0.0.1:62954 - R:localhost/127.0.0.1:3358] for GET '/session/31126552eedebc7fa663d7539d993716/element/f.2B231388188B3EF1975DC62A3136C09C.d.CD8570C178F67F77CEDB9EAE3B7E9047.e.19/text'
01:51:13.006 [AsyncHttpClient-1-23] DEBUG org.asynchttpclient.netty.handler.HttpHandler - 

Request DefaultFullHttpRequest(decodeResult: success, version: HTTP/1.1, content: EmptyByteBufBE)
GET /session/31126552eedebc7fa663d7539d993716/element/f.2B231388188B3EF1975DC62A3136C09C.d.CD8570C178F67F77CEDB9EAE3B7E9047.e.19/text HTTP/1.1
Cache-Control: no-cache
User-Agent: selenium/4.12.0 (java windows)
Content-Type: application/json; charset=utf-8
host: localhost:3358
accept: */*

Response DefaultHttpResponse(decodeResult: success, version: HTTP/1.1)
HTTP/1.1 200 OK
Content-Length: 33
Content-Type: application/json; charset=utf-8
cache-control: no-cache

01:51:13.006 [AsyncHttpClient-1-23] DEBUG org.asynchttpclient.netty.channel.ChannelManager - Adding key: http://localhost:3358 for channel [id: 0xa97e19a7, L:/127.0.0.1:62954 - R:localhost/127.0.0.1:3358]
01:51:13.006 [Forwarding findElement on session 31126552eedebc7fa663d7539d993716 to remote] DEBUG org.asynchttpclient.netty.request.NettyRequestSender - Using pooled Channel '[id: 0xa97e19a7, L:/127.0.0.1:62954 - R:localhost/127.0.0.1:3358]' for 'POST' to 'http://localhost:3358/session/31126552eedebc7fa663d7539d993716/element'
01:51:13.006 [Forwarding findElement on session 31126552eedebc7fa663d7539d993716 to remote] DEBUG org.asynchttpclient.netty.request.NettyRequestSender - Using open Channel [id: 0xa97e19a7, L:/127.0.0.1:62954 - R:localhost/127.0.0.1:3358] for POST '/session/31126552eedebc7fa663d7539d993716/element'
01:51:13.023 [AsyncHttpClient-1-23] DEBUG org.asynchttpclient.netty.handler.HttpHandler - 

Request DefaultHttpRequest(decodeResult: success, version: HTTP/1.1)
POST /session/31126552eedebc7fa663d7539d993716/element HTTP/1.1
User-Agent: selenium/4.12.0 (java windows)
Content-Length: 74
Content-Type: application/json; charset=utf-8
host: localhost:3358
accept: */*

Response DefaultHttpResponse(decodeResult: success, version: HTTP/1.1)
HTTP/1.1 200 OK
Content-Length: 126
Content-Type: application/json; charset=utf-8
cache-control: no-cache

01:51:13.023 [AsyncHttpClient-1-23] DEBUG org.asynchttpclient.netty.channel.ChannelManager - Adding key: http://localhost:3358 for channel [id: 0xa97e19a7, L:/127.0.0.1:62954 - R:localhost/127.0.0.1:3358]
01:51:13.023 [Forwarding clickElement on session 31126552eedebc7fa663d7539d993716 to remote] DEBUG org.asynchttpclient.netty.request.NettyRequestSender - Using pooled Channel '[id: 0xa97e19a7, L:/127.0.0.1:62954 - R:localhost/127.0.0.1:3358]' for 'POST' to 'http://localhost:3358/session/31126552eedebc7fa663d7539d993716/element/f.2B231388188B3EF1975DC62A3136C09C.d.CD8570C178F67F77CEDB9EAE3B7E9047.e.20/click'
01:51:13.023 [Forwarding clickElement on session 31126552eedebc7fa663d7539d993716 to remote] DEBUG org.asynchttpclient.netty.request.NettyRequestSender - Using open Channel [id: 0xa97e19a7, L:/127.0.0.1:62954 - R:localhost/127.0.0.1:3358] for POST '/session/31126552eedebc7fa663d7539d993716/element/f.2B231388188B3EF1975DC62A3136C09C.d.CD8570C178F67F77CEDB9EAE3B7E9047.e.20/click'
01:51:13.130 [AsyncHttpClient-1-23] DEBUG org.asynchttpclient.netty.handler.HttpHandler - 

Request DefaultHttpRequest(decodeResult: success, version: HTTP/1.1)
POST /session/31126552eedebc7fa663d7539d993716/element/f.2B231388188B3EF1975DC62A3136C09C.d.CD8570C178F67F77CEDB9EAE3B7E9047.e.20/click HTTP/1.1
User-Agent: selenium/4.12.0 (java windows)
Content-Length: 88
Content-Type: application/json; charset=utf-8
host: localhost:3358
accept: */*

Response DefaultHttpResponse(decodeResult: success, version: HTTP/1.1)
HTTP/1.1 200 OK
Content-Length: 14
Content-Type: application/json; charset=utf-8
cache-control: no-cache

01:51:13.130 [AsyncHttpClient-1-23] DEBUG org.asynchttpclient.netty.channel.ChannelManager - Adding key: http://localhost:3358 for channel [id: 0xa97e19a7, L:/127.0.0.1:62954 - R:localhost/127.0.0.1:3358]
01:51:13.817 [AsyncHttpClient-1-1] DEBUG org.asynchttpclient.netty.channel.DefaultChannelPool - Entry count for : http://localhost:3358 : 1
01:51:13.817 [AsyncHttpClient-1-1] DEBUG org.asynchttpclient.netty.channel.DefaultChannelPool - Entry count for : http://localhost:62955 : 1
01:51:14.921 [AsyncHttpClient-1-1] DEBUG org.asynchttpclient.netty.channel.DefaultChannelPool - Entry count for : http://localhost:3358 : 1
01:51:14.921 [AsyncHttpClient-1-1] DEBUG org.asynchttpclient.netty.channel.DefaultChannelPool - Entry count for : http://localhost:62955 : 1
01:51:16.010 [AsyncHttpClient-1-1] DEBUG org.asynchttpclient.netty.channel.DefaultChannelPool - Entry count for : http://localhost:3358 : 1
01:51:16.010 [AsyncHttpClient-1-1] DEBUG org.asynchttpclient.netty.channel.DefaultChannelPool - Entry count for : http://localhost:62955 : 1
screen shot class not taking
  Given I am on dashboardasatpute008@gmail.com and Pass@123   # StepDefination.Customer_onboarding.I_am_on_dashboard(java.lang.String,java.lang.String)
01:51:17.115 [AsyncHttpClient-1-1] DEBUG org.asynchttpclient.netty.channel.DefaultChannelPool - Entry count for : http://localhost:3358 : 1
01:51:17.115 [AsyncHttpClient-1-1] DEBUG org.asynchttpclient.netty.channel.DefaultChannelPool - Entry count for : http://localhost:62955 : 1
01:51:18.139 [Forwarding findElement on session 31126552eedebc7fa663d7539d993716 to remote] DEBUG org.asynchttpclient.netty.request.NettyRequestSender - Using pooled Channel '[id: 0xa97e19a7, L:/127.0.0.1:62954 - R:localhost/127.0.0.1:3358]' for 'POST' to 'http://localhost:3358/session/31126552eedebc7fa663d7539d993716/element'
01:51:18.139 [Forwarding findElement on session 31126552eedebc7fa663d7539d993716 to remote] DEBUG org.asynchttpclient.netty.request.NettyRequestSender - Using open Channel [id: 0xa97e19a7, L:/127.0.0.1:62954 - R:localhost/127.0.0.1:3358] for POST '/session/31126552eedebc7fa663d7539d993716/element'
01:51:18.155 [AsyncHttpClient-1-23] DEBUG org.asynchttpclient.netty.handler.HttpHandler - 

Request DefaultHttpRequest(decodeResult: success, version: HTTP/1.1)
POST /session/31126552eedebc7fa663d7539d993716/element HTTP/1.1
User-Agent: selenium/4.12.0 (java windows)
Content-Length: 127
Content-Type: application/json; charset=utf-8
host: localhost:3358
accept: */*

Response DefaultHttpResponse(decodeResult: success, version: HTTP/1.1)
HTTP/1.1 200 OK
Content-Length: 126
Content-Type: application/json; charset=utf-8
cache-control: no-cache

01:51:18.155 [AsyncHttpClient-1-23] DEBUG org.asynchttpclient.netty.channel.ChannelManager - Adding key: http://localhost:3358 for channel [id: 0xa97e19a7, L:/127.0.0.1:62954 - R:localhost/127.0.0.1:3358]
01:51:18.163 [Forwarding getElementText on session 31126552eedebc7fa663d7539d993716 to remote] DEBUG org.asynchttpclient.netty.request.NettyRequestSender - Using pooled Channel '[id: 0xa97e19a7, L:/127.0.0.1:62954 - R:localhost/127.0.0.1:3358]' for 'GET' to 'http://localhost:3358/session/31126552eedebc7fa663d7539d993716/element/f.2B231388188B3EF1975DC62A3136C09C.d.4C31F178C933D8E8D379AFD02A8F407C.e.41/text'
01:51:18.163 [Forwarding getElementText on session 31126552eedebc7fa663d7539d993716 to remote] DEBUG org.asynchttpclient.netty.request.NettyRequestSender - Using open Channel [id: 0xa97e19a7, L:/127.0.0.1:62954 - R:localhost/127.0.0.1:3358] for GET '/session/31126552eedebc7fa663d7539d993716/element/f.2B231388188B3EF1975DC62A3136C09C.d.4C31F178C933D8E8D379AFD02A8F407C.e.41/text'
01:51:18.172 [AsyncHttpClient-1-23] DEBUG org.asynchttpclient.netty.handler.HttpHandler - 

Request DefaultFullHttpRequest(decodeResult: success, version: HTTP/1.1, content: EmptyByteBufBE)
GET /session/31126552eedebc7fa663d7539d993716/element/f.2B231388188B3EF1975DC62A3136C09C.d.4C31F178C933D8E8D379AFD02A8F407C.e.41/text HTTP/1.1
Cache-Control: no-cache
User-Agent: selenium/4.12.0 (java windows)
Content-Type: application/json; charset=utf-8
host: localhost:3358
accept: */*

Response DefaultHttpResponse(decodeResult: success, version: HTTP/1.1)
HTTP/1.1 200 OK
Content-Length: 21
Content-Type: application/json; charset=utf-8
cache-control: no-cache

01:51:18.172 [AsyncHttpClient-1-23] DEBUG org.asynchttpclient.netty.channel.ChannelManager - Adding key: http://localhost:3358 for channel [id: 0xa97e19a7, L:/127.0.0.1:62954 - R:localhost/127.0.0.1:3358]
01:51:18.213 [AsyncHttpClient-1-1] DEBUG org.asynchttpclient.netty.channel.DefaultChannelPool - Entry count for : http://localhost:3358 : 1
01:51:18.213 [AsyncHttpClient-1-1] DEBUG org.asynchttpclient.netty.channel.DefaultChannelPool - Entry count for : http://localhost:62955 : 1
01:51:18.680 [Forwarding findElement on session 31126552eedebc7fa663d7539d993716 to remote] DEBUG org.asynchttpclient.netty.request.NettyRequestSender - Using pooled Channel '[id: 0xa97e19a7, L:/127.0.0.1:62954 - R:localhost/127.0.0.1:3358]' for 'POST' to 'http://localhost:3358/session/31126552eedebc7fa663d7539d993716/element'
01:51:18.680 [Forwarding findElement on session 31126552eedebc7fa663d7539d993716 to remote] DEBUG org.asynchttpclient.netty.request.NettyRequestSender - Using open Channel [id: 0xa97e19a7, L:/127.0.0.1:62954 - R:localhost/127.0.0.1:3358] for POST '/session/31126552eedebc7fa663d7539d993716/element'
01:51:18.720 [AsyncHttpClient-1-23] DEBUG org.asynchttpclient.netty.handler.HttpHandler - 

Request DefaultHttpRequest(decodeResult: success, version: HTTP/1.1)
POST /session/31126552eedebc7fa663d7539d993716/element HTTP/1.1
User-Agent: selenium/4.12.0 (java windows)
Content-Length: 127
Content-Type: application/json; charset=utf-8
host: localhost:3358
accept: */*

Response DefaultHttpResponse(decodeResult: success, version: HTTP/1.1)
HTTP/1.1 200 OK
Content-Length: 126
Content-Type: application/json; charset=utf-8
cache-control: no-cache

01:51:18.720 [AsyncHttpClient-1-23] DEBUG org.asynchttpclient.netty.channel.ChannelManager - Adding key: http://localhost:3358 for channel [id: 0xa97e19a7, L:/127.0.0.1:62954 - R:localhost/127.0.0.1:3358]
01:51:18.728 [Forwarding clickElement on session 31126552eedebc7fa663d7539d993716 to remote] DEBUG org.asynchttpclient.netty.request.NettyRequestSender - Using pooled Channel '[id: 0xa97e19a7, L:/127.0.0.1:62954 - R:localhost/127.0.0.1:3358]' for 'POST' to 'http://localhost:3358/session/31126552eedebc7fa663d7539d993716/element/f.2B231388188B3EF1975DC62A3136C09C.d.4C31F178C933D8E8D379AFD02A8F407C.e.41/click'
01:51:18.728 [Forwarding clickElement on session 31126552eedebc7fa663d7539d993716 to remote] DEBUG org.asynchttpclient.netty.request.NettyRequestSender - Using open Channel [id: 0xa97e19a7, L:/127.0.0.1:62954 - R:localhost/127.0.0.1:3358] for POST '/session/31126552eedebc7fa663d7539d993716/element/f.2B231388188B3EF1975DC62A3136C09C.d.4C31F178C933D8E8D379AFD02A8F407C.e.41/click'
01:51:19.102 [AsyncHttpClient-1-23] DEBUG org.asynchttpclient.netty.handler.HttpHandler - 

Request DefaultHttpRequest(decodeResult: success, version: HTTP/1.1)
POST /session/31126552eedebc7fa663d7539d993716/element/f.2B231388188B3EF1975DC62A3136C09C.d.4C31F178C933D8E8D379AFD02A8F407C.e.41/click HTTP/1.1
User-Agent: selenium/4.12.0 (java windows)
Content-Length: 88
Content-Type: application/json; charset=utf-8
host: localhost:3358
accept: */*

Response DefaultHttpResponse(decodeResult: success, version: HTTP/1.1)
HTTP/1.1 200 OK
Content-Length: 14
Content-Type: application/json; charset=utf-8
cache-control: no-cache

01:51:19.102 [AsyncHttpClient-1-23] DEBUG org.asynchttpclient.netty.channel.ChannelManager - Adding key: http://localhost:3358 for channel [id: 0xa97e19a7, L:/127.0.0.1:62954 - R:localhost/127.0.0.1:3358]
01:51:19.308 [AsyncHttpClient-1-1] DEBUG org.asynchttpclient.netty.channel.DefaultChannelPool - Entry count for : http://localhost:3358 : 1
01:51:19.308 [AsyncHttpClient-1-1] DEBUG org.asynchttpclient.netty.channel.DefaultChannelPool - Entry count for : http://localhost:62955 : 1
01:51:20.414 [AsyncHttpClient-1-1] DEBUG org.asynchttpclient.netty.channel.DefaultChannelPool - Entry count for : http://localhost:3358 : 1
01:51:20.414 [AsyncHttpClient-1-1] DEBUG org.asynchttpclient.netty.channel.DefaultChannelPool - Entry count for : http://localhost:62955 : 1
screen shot class not taking
01:51:21.110 [Forwarding findElement on session 31126552eedebc7fa663d7539d993716 to remote] DEBUG org.asynchttpclient.netty.request.NettyRequestSender - Using pooled Channel '[id: 0xa97e19a7, L:/127.0.0.1:62954 - R:localhost/127.0.0.1:3358]' for 'POST' to 'http://localhost:3358/session/31126552eedebc7fa663d7539d993716/element'
01:51:21.110 [Forwarding findElement on session 31126552eedebc7fa663d7539d993716 to remote] DEBUG org.asynchttpclient.netty.request.NettyRequestSender - Using open Channel [id: 0xa97e19a7, L:/127.0.0.1:62954 - R:localhost/127.0.0.1:3358] for POST '/session/31126552eedebc7fa663d7539d993716/element'
01:51:21.135 [AsyncHttpClient-1-23] DEBUG org.asynchttpclient.netty.handler.HttpHandler - 

Request DefaultHttpRequest(decodeResult: success, version: HTTP/1.1)
POST /session/31126552eedebc7fa663d7539d993716/element HTTP/1.1
User-Agent: selenium/4.12.0 (java windows)
Content-Length: 178
Content-Type: application/json; charset=utf-8
host: localhost:3358
accept: */*

Response DefaultHttpResponse(decodeResult: success, version: HTTP/1.1)
HTTP/1.1 200 OK
Content-Length: 126
Content-Type: application/json; charset=utf-8
cache-control: no-cache

01:51:21.136 [AsyncHttpClient-1-23] DEBUG org.asynchttpclient.netty.channel.ChannelManager - Adding key: http://localhost:3358 for channel [id: 0xa97e19a7, L:/127.0.0.1:62954 - R:localhost/127.0.0.1:3358]
01:51:21.136 [Forwarding getElementText on session 31126552eedebc7fa663d7539d993716 to remote] DEBUG org.asynchttpclient.netty.request.NettyRequestSender - Using pooled Channel '[id: 0xa97e19a7, L:/127.0.0.1:62954 - R:localhost/127.0.0.1:3358]' for 'GET' to 'http://localhost:3358/session/31126552eedebc7fa663d7539d993716/element/f.2B231388188B3EF1975DC62A3136C09C.d.4C31F178C933D8E8D379AFD02A8F407C.e.44/text'
01:51:21.136 [Forwarding getElementText on session 31126552eedebc7fa663d7539d993716 to remote] DEBUG org.asynchttpclient.netty.request.NettyRequestSender - Using open Channel [id: 0xa97e19a7, L:/127.0.0.1:62954 - R:localhost/127.0.0.1:3358] for GET '/session/31126552eedebc7fa663d7539d993716/element/f.2B231388188B3EF1975DC62A3136C09C.d.4C31F178C933D8E8D379AFD02A8F407C.e.44/text'
01:51:21.160 [AsyncHttpClient-1-23] DEBUG org.asynchttpclient.netty.handler.HttpHandler - 

Request DefaultFullHttpRequest(decodeResult: success, version: HTTP/1.1, content: EmptyByteBufBE)
GET /session/31126552eedebc7fa663d7539d993716/element/f.2B231388188B3EF1975DC62A3136C09C.d.4C31F178C933D8E8D379AFD02A8F407C.e.44/text HTTP/1.1
Cache-Control: no-cache
User-Agent: selenium/4.12.0 (java windows)
Content-Type: application/json; charset=utf-8
host: localhost:3358
accept: */*

Response DefaultHttpResponse(decodeResult: success, version: HTTP/1.1)
HTTP/1.1 200 OK
Content-Length: 28
Content-Type: application/json; charset=utf-8
cache-control: no-cache

01:51:21.160 [AsyncHttpClient-1-23] DEBUG org.asynchttpclient.netty.channel.ChannelManager - Adding key: http://localhost:3358 for channel [id: 0xa97e19a7, L:/127.0.0.1:62954 - R:localhost/127.0.0.1:3358]
01:51:21.160 [Forwarding findElement on session 31126552eedebc7fa663d7539d993716 to remote] DEBUG org.asynchttpclient.netty.request.NettyRequestSender - Using pooled Channel '[id: 0xa97e19a7, L:/127.0.0.1:62954 - R:localhost/127.0.0.1:3358]' for 'POST' to 'http://localhost:3358/session/31126552eedebc7fa663d7539d993716/element'
01:51:21.160 [Forwarding findElement on session 31126552eedebc7fa663d7539d993716 to remote] DEBUG org.asynchttpclient.netty.request.NettyRequestSender - Using open Channel [id: 0xa97e19a7, L:/127.0.0.1:62954 - R:localhost/127.0.0.1:3358] for POST '/session/31126552eedebc7fa663d7539d993716/element'
01:51:21.185 [AsyncHttpClient-1-23] DEBUG org.asynchttpclient.netty.handler.HttpHandler - 

Request DefaultHttpRequest(decodeResult: success, version: HTTP/1.1)
POST /session/31126552eedebc7fa663d7539d993716/element HTTP/1.1
User-Agent: selenium/4.12.0 (java windows)
Content-Length: 178
Content-Type: application/json; charset=utf-8
host: localhost:3358
accept: */*

Response DefaultHttpResponse(decodeResult: success, version: HTTP/1.1)
HTTP/1.1 200 OK
Content-Length: 126
Content-Type: application/json; charset=utf-8
cache-control: no-cache

01:51:21.185 [AsyncHttpClient-1-23] DEBUG org.asynchttpclient.netty.channel.ChannelManager - Adding key: http://localhost:3358 for channel [id: 0xa97e19a7, L:/127.0.0.1:62954 - R:localhost/127.0.0.1:3358]
01:51:21.185 [Forwarding clickElement on session 31126552eedebc7fa663d7539d993716 to remote] DEBUG org.asynchttpclient.netty.request.NettyRequestSender - Using pooled Channel '[id: 0xa97e19a7, L:/127.0.0.1:62954 - R:localhost/127.0.0.1:3358]' for 'POST' to 'http://localhost:3358/session/31126552eedebc7fa663d7539d993716/element/f.2B231388188B3EF1975DC62A3136C09C.d.4C31F178C933D8E8D379AFD02A8F407C.e.44/click'
01:51:21.185 [Forwarding clickElement on session 31126552eedebc7fa663d7539d993716 to remote] DEBUG org.asynchttpclient.netty.request.NettyRequestSender - Using open Channel [id: 0xa97e19a7, L:/127.0.0.1:62954 - R:localhost/127.0.0.1:3358] for POST '/session/31126552eedebc7fa663d7539d993716/element/f.2B231388188B3EF1975DC62A3136C09C.d.4C31F178C933D8E8D379AFD02A8F407C.e.44/click'
01:51:21.350 [AsyncHttpClient-1-23] DEBUG org.asynchttpclient.netty.handler.HttpHandler - 

Request DefaultHttpRequest(decodeResult: success, version: HTTP/1.1)
POST /session/31126552eedebc7fa663d7539d993716/element/f.2B231388188B3EF1975DC62A3136C09C.d.4C31F178C933D8E8D379AFD02A8F407C.e.44/click HTTP/1.1
User-Agent: selenium/4.12.0 (java windows)
Content-Length: 88
Content-Type: application/json; charset=utf-8
host: localhost:3358
accept: */*

Response DefaultHttpResponse(decodeResult: success, version: HTTP/1.1)
HTTP/1.1 200 OK
Content-Length: 14
Content-Type: application/json; charset=utf-8
cache-control: no-cache

01:51:21.350 [AsyncHttpClient-1-23] DEBUG org.asynchttpclient.netty.channel.ChannelManager - Adding key: http://localhost:3358 for channel [id: 0xa97e19a7, L:/127.0.0.1:62954 - R:localhost/127.0.0.1:3358]
  When Open customer form                                     # StepDefination.Customer_onboarding.Open_customer_form()
01:51:21.520 [AsyncHttpClient-1-1] DEBUG org.asynchttpclient.netty.channel.DefaultChannelPool - Entry count for : http://localhost:3358 : 1
01:51:21.520 [AsyncHttpClient-1-1] DEBUG org.asynchttpclient.netty.channel.DefaultChannelPool - Entry count for : http://localhost:62955 : 1
01:51:22.610 [AsyncHttpClient-1-1] DEBUG org.asynchttpclient.netty.channel.DefaultChannelPool - Entry count for : http://localhost:3358 : 1
01:51:22.610 [AsyncHttpClient-1-1] DEBUG org.asynchttpclient.netty.channel.DefaultChannelPool - Entry count for : http://localhost:62955 : 1
01:51:22.869 [Forwarding findElement on session 31126552eedebc7fa663d7539d993716 to remote] DEBUG org.asynchttpclient.netty.request.NettyRequestSender - Using pooled Channel '[id: 0xa97e19a7, L:/127.0.0.1:62954 - R:localhost/127.0.0.1:3358]' for 'POST' to 'http://localhost:3358/session/31126552eedebc7fa663d7539d993716/element'
01:51:22.869 [Forwarding findElement on session 31126552eedebc7fa663d7539d993716 to remote] DEBUG org.asynchttpclient.netty.request.NettyRequestSender - Using open Channel [id: 0xa97e19a7, L:/127.0.0.1:62954 - R:localhost/127.0.0.1:3358] for POST '/session/31126552eedebc7fa663d7539d993716/element'
01:51:22.894 [AsyncHttpClient-1-23] DEBUG org.asynchttpclient.netty.handler.HttpHandler - 

Request DefaultHttpRequest(decodeResult: success, version: HTTP/1.1)
POST /session/31126552eedebc7fa663d7539d993716/element HTTP/1.1
User-Agent: selenium/4.12.0 (java windows)
Content-Length: 114
Content-Type: application/json; charset=utf-8
host: localhost:3358
accept: */*

Response DefaultHttpResponse(decodeResult: success, version: HTTP/1.1)
HTTP/1.1 200 OK
Content-Length: 126
Content-Type: application/json; charset=utf-8
cache-control: no-cache

01:51:22.894 [AsyncHttpClient-1-23] DEBUG org.asynchttpclient.netty.channel.ChannelManager - Adding key: http://localhost:3358 for channel [id: 0xa97e19a7, L:/127.0.0.1:62954 - R:localhost/127.0.0.1:3358]
01:51:22.894 [Forwarding sendKeysToElement on session 31126552eedebc7fa663d7539d993716 to remote] DEBUG org.asynchttpclient.netty.request.NettyRequestSender - Using pooled Channel '[id: 0xa97e19a7, L:/127.0.0.1:62954 - R:localhost/127.0.0.1:3358]' for 'POST' to 'http://localhost:3358/session/31126552eedebc7fa663d7539d993716/element/f.2B231388188B3EF1975DC62A3136C09C.d.4C31F178C933D8E8D379AFD02A8F407C.e.48/value'
01:51:22.894 [Forwarding sendKeysToElement on session 31126552eedebc7fa663d7539d993716 to remote] DEBUG org.asynchttpclient.netty.request.NettyRequestSender - Using open Channel [id: 0xa97e19a7, L:/127.0.0.1:62954 - R:localhost/127.0.0.1:3358] for POST '/session/31126552eedebc7fa663d7539d993716/element/f.2B231388188B3EF1975DC62A3136C09C.d.4C31F178C933D8E8D379AFD02A8F407C.e.48/value'
01:51:23.318 [AsyncHttpClient-1-23] DEBUG org.asynchttpclient.netty.handler.HttpHandler - 

Request DefaultHttpRequest(decodeResult: success, version: HTTP/1.1)
POST /session/31126552eedebc7fa663d7539d993716/element/f.2B231388188B3EF1975DC62A3136C09C.d.4C31F178C933D8E8D379AFD02A8F407C.e.48/value HTTP/1.1
User-Agent: selenium/4.12.0 (java windows)
Content-Length: 389
Content-Type: application/json; charset=utf-8
host: localhost:3358
accept: */*

Response DefaultHttpResponse(decodeResult: success, version: HTTP/1.1)
HTTP/1.1 200 OK
Content-Length: 14
Content-Type: application/json; charset=utf-8
cache-control: no-cache

01:51:23.326 [AsyncHttpClient-1-23] DEBUG org.asynchttpclient.netty.channel.ChannelManager - Adding key: http://localhost:3358 for channel [id: 0xa97e19a7, L:/127.0.0.1:62954 - R:localhost/127.0.0.1:3358]
screen shot class not taking
  And Provide the company nameRandom                          # StepDefination.Customer_onboarding.Provide_the_company_name(java.lang.String)
01:51:23.713 [AsyncHttpClient-1-1] DEBUG org.asynchttpclient.netty.channel.DefaultChannelPool - Entry count for : http://localhost:3358 : 1
01:51:23.713 [AsyncHttpClient-1-1] DEBUG org.asynchttpclient.netty.channel.DefaultChannelPool - Entry count for : http://localhost:62955 : 1
01:51:24.344 [Forwarding findElement on session 31126552eedebc7fa663d7539d993716 to remote] DEBUG org.asynchttpclient.netty.request.NettyRequestSender - Using pooled Channel '[id: 0xa97e19a7, L:/127.0.0.1:62954 - R:localhost/127.0.0.1:3358]' for 'POST' to 'http://localhost:3358/session/31126552eedebc7fa663d7539d993716/element'
01:51:24.344 [Forwarding findElement on session 31126552eedebc7fa663d7539d993716 to remote] DEBUG org.asynchttpclient.netty.request.NettyRequestSender - Using open Channel [id: 0xa97e19a7, L:/127.0.0.1:62954 - R:localhost/127.0.0.1:3358] for POST '/session/31126552eedebc7fa663d7539d993716/element'
01:51:24.370 [AsyncHttpClient-1-23] DEBUG org.asynchttpclient.netty.handler.HttpHandler - 

Request DefaultHttpRequest(decodeResult: success, version: HTTP/1.1)
POST /session/31126552eedebc7fa663d7539d993716/element HTTP/1.1
User-Agent: selenium/4.12.0 (java windows)
Content-Length: 72
Content-Type: application/json; charset=utf-8
host: localhost:3358
accept: */*

Response DefaultHttpResponse(decodeResult: success, version: HTTP/1.1)
HTTP/1.1 200 OK
Content-Length: 126
Content-Type: application/json; charset=utf-8
cache-control: no-cache

01:51:24.370 [AsyncHttpClient-1-23] DEBUG org.asynchttpclient.netty.channel.ChannelManager - Adding key: http://localhost:3358 for channel [id: 0xa97e19a7, L:/127.0.0.1:62954 - R:localhost/127.0.0.1:3358]
01:51:24.370 [Forwarding clickElement on session 31126552eedebc7fa663d7539d993716 to remote] DEBUG org.asynchttpclient.netty.request.NettyRequestSender - Using pooled Channel '[id: 0xa97e19a7, L:/127.0.0.1:62954 - R:localhost/127.0.0.1:3358]' for 'POST' to 'http://localhost:3358/session/31126552eedebc7fa663d7539d993716/element/f.2B231388188B3EF1975DC62A3136C09C.d.4C31F178C933D8E8D379AFD02A8F407C.e.90/click'
01:51:24.370 [Forwarding clickElement on session 31126552eedebc7fa663d7539d993716 to remote] DEBUG org.asynchttpclient.netty.request.NettyRequestSender - Using open Channel [id: 0xa97e19a7, L:/127.0.0.1:62954 - R:localhost/127.0.0.1:3358] for POST '/session/31126552eedebc7fa663d7539d993716/element/f.2B231388188B3EF1975DC62A3136C09C.d.4C31F178C933D8E8D379AFD02A8F407C.e.90/click'
01:51:24.542 [AsyncHttpClient-1-23] DEBUG org.asynchttpclient.netty.handler.HttpHandler - 

Request DefaultHttpRequest(decodeResult: success, version: HTTP/1.1)
POST /session/31126552eedebc7fa663d7539d993716/element/f.2B231388188B3EF1975DC62A3136C09C.d.4C31F178C933D8E8D379AFD02A8F407C.e.90/click HTTP/1.1
User-Agent: selenium/4.12.0 (java windows)
Content-Length: 88
Content-Type: application/json; charset=utf-8
host: localhost:3358
accept: */*

Response DefaultHttpResponse(decodeResult: success, version: HTTP/1.1)
HTTP/1.1 200 OK
Content-Length: 14
Content-Type: application/json; charset=utf-8
cache-control: no-cache

01:51:24.543 [AsyncHttpClient-1-23] DEBUG org.asynchttpclient.netty.channel.ChannelManager - Adding key: http://localhost:3358 for channel [id: 0xa97e19a7, L:/127.0.0.1:62954 - R:localhost/127.0.0.1:3358]
01:51:24.817 [AsyncHttpClient-1-1] DEBUG org.asynchttpclient.netty.channel.DefaultChannelPool - Entry count for : http://localhost:3358 : 1
01:51:24.817 [AsyncHttpClient-1-1] DEBUG org.asynchttpclient.netty.channel.DefaultChannelPool - Entry count for : http://localhost:62955 : 1
screen shot class not taking
  When Submit the form                                        # StepDefination.Customer_onboarding.Submit_the_form()
01:51:25.052 [Forwarding findElement on session 31126552eedebc7fa663d7539d993716 to remote] DEBUG org.asynchttpclient.netty.request.NettyRequestSender - Using pooled Channel '[id: 0xa97e19a7, L:/127.0.0.1:62954 - R:localhost/127.0.0.1:3358]' for 'POST' to 'http://localhost:3358/session/31126552eedebc7fa663d7539d993716/element'
01:51:25.052 [Forwarding findElement on session 31126552eedebc7fa663d7539d993716 to remote] DEBUG org.asynchttpclient.netty.request.NettyRequestSender - Using open Channel [id: 0xa97e19a7, L:/127.0.0.1:62954 - R:localhost/127.0.0.1:3358] for POST '/session/31126552eedebc7fa663d7539d993716/element'
01:51:25.077 [AsyncHttpClient-1-23] DEBUG org.asynchttpclient.netty.handler.HttpHandler - 

Request DefaultHttpRequest(decodeResult: success, version: HTTP/1.1)
POST /session/31126552eedebc7fa663d7539d993716/element HTTP/1.1
User-Agent: selenium/4.12.0 (java windows)
Content-Length: 81
Content-Type: application/json; charset=utf-8
host: localhost:3358
accept: */*

Response DefaultHttpResponse(decodeResult: success, version: HTTP/1.1)
HTTP/1.1 200 OK
Content-Length: 126
Content-Type: application/json; charset=utf-8
cache-control: no-cache

01:51:25.077 [AsyncHttpClient-1-23] DEBUG org.asynchttpclient.netty.channel.ChannelManager - Adding key: http://localhost:3358 for channel [id: 0xa97e19a7, L:/127.0.0.1:62954 - R:localhost/127.0.0.1:3358]
01:51:25.077 [Forwarding getElementText on session 31126552eedebc7fa663d7539d993716 to remote] DEBUG org.asynchttpclient.netty.request.NettyRequestSender - Using pooled Channel '[id: 0xa97e19a7, L:/127.0.0.1:62954 - R:localhost/127.0.0.1:3358]' for 'GET' to 'http://localhost:3358/session/31126552eedebc7fa663d7539d993716/element/f.2B231388188B3EF1975DC62A3136C09C.d.4C31F178C933D8E8D379AFD02A8F407C.e.91/text'
01:51:25.077 [Forwarding getElementText on session 31126552eedebc7fa663d7539d993716 to remote] DEBUG org.asynchttpclient.netty.request.NettyRequestSender - Using open Channel [id: 0xa97e19a7, L:/127.0.0.1:62954 - R:localhost/127.0.0.1:3358] for GET '/session/31126552eedebc7fa663d7539d993716/element/f.2B231388188B3EF1975DC62A3136C09C.d.4C31F178C933D8E8D379AFD02A8F407C.e.91/text'
01:51:25.092 [AsyncHttpClient-1-23] DEBUG org.asynchttpclient.netty.handler.HttpHandler - 

Request DefaultFullHttpRequest(decodeResult: success, version: HTTP/1.1, content: EmptyByteBufBE)
GET /session/31126552eedebc7fa663d7539d993716/element/f.2B231388188B3EF1975DC62A3136C09C.d.4C31F178C933D8E8D379AFD02A8F407C.e.91/text HTTP/1.1
Cache-Control: no-cache
User-Agent: selenium/4.12.0 (java windows)
Content-Type: application/json; charset=utf-8
host: localhost:3358
accept: */*

Response DefaultHttpResponse(decodeResult: success, version: HTTP/1.1)
HTTP/1.1 200 OK
Content-Length: 30
Content-Type: application/json; charset=utf-8
cache-control: no-cache

01:51:25.092 [AsyncHttpClient-1-23] DEBUG org.asynchttpclient.netty.channel.ChannelManager - Adding key: http://localhost:3358 for channel [id: 0xa97e19a7, L:/127.0.0.1:62954 - R:localhost/127.0.0.1:3358]
Street is required
screen shot class not taking
  Then Display Error responseStreet is required               # StepDefination.Customer_onboarding.customerNot_added(java.lang.String)
01:51:25.600 [Forwarding findElement on session 31126552eedebc7fa663d7539d993716 to remote] DEBUG org.asynchttpclient.netty.request.NettyRequestSender - Using pooled Channel '[id: 0xa97e19a7, L:/127.0.0.1:62954 - R:localhost/127.0.0.1:3358]' for 'POST' to 'http://localhost:3358/session/31126552eedebc7fa663d7539d993716/element'
01:51:25.600 [Forwarding findElement on session 31126552eedebc7fa663d7539d993716 to remote] DEBUG org.asynchttpclient.netty.request.NettyRequestSender - Using open Channel [id: 0xa97e19a7, L:/127.0.0.1:62954 - R:localhost/127.0.0.1:3358] for POST '/session/31126552eedebc7fa663d7539d993716/element'
01:51:25.617 [AsyncHttpClient-1-23] DEBUG org.asynchttpclient.netty.handler.HttpHandler - 

Request DefaultHttpRequest(decodeResult: success, version: HTTP/1.1)
POST /session/31126552eedebc7fa663d7539d993716/element HTTP/1.1
User-Agent: selenium/4.12.0 (java windows)
Content-Length: 79
Content-Type: application/json; charset=utf-8
host: localhost:3358
accept: */*

Response DefaultHttpResponse(decodeResult: success, version: HTTP/1.1)
HTTP/1.1 200 OK
Content-Length: 126
Content-Type: application/json; charset=utf-8
cache-control: no-cache

01:51:25.617 [AsyncHttpClient-1-23] DEBUG org.asynchttpclient.netty.channel.ChannelManager - Adding key: http://localhost:3358 for channel [id: 0xa97e19a7, L:/127.0.0.1:62954 - R:localhost/127.0.0.1:3358]
01:51:25.617 [Forwarding getElementText on session 31126552eedebc7fa663d7539d993716 to remote] DEBUG org.asynchttpclient.netty.request.NettyRequestSender - Using pooled Channel '[id: 0xa97e19a7, L:/127.0.0.1:62954 - R:localhost/127.0.0.1:3358]' for 'GET' to 'http://localhost:3358/session/31126552eedebc7fa663d7539d993716/element/f.2B231388188B3EF1975DC62A3136C09C.d.4C31F178C933D8E8D379AFD02A8F407C.e.92/text'
01:51:25.617 [Forwarding getElementText on session 31126552eedebc7fa663d7539d993716 to remote] DEBUG org.asynchttpclient.netty.request.NettyRequestSender - Using open Channel [id: 0xa97e19a7, L:/127.0.0.1:62954 - R:localhost/127.0.0.1:3358] for GET '/session/31126552eedebc7fa663d7539d993716/element/f.2B231388188B3EF1975DC62A3136C09C.d.4C31F178C933D8E8D379AFD02A8F407C.e.92/text'
01:51:25.639 [AsyncHttpClient-1-23] DEBUG org.asynchttpclient.netty.handler.HttpHandler - 

Request DefaultFullHttpRequest(decodeResult: success, version: HTTP/1.1, content: EmptyByteBufBE)
GET /session/31126552eedebc7fa663d7539d993716/element/f.2B231388188B3EF1975DC62A3136C09C.d.4C31F178C933D8E8D379AFD02A8F407C.e.92/text HTTP/1.1
Cache-Control: no-cache
User-Agent: selenium/4.12.0 (java windows)
Content-Type: application/json; charset=utf-8
host: localhost:3358
accept: */*

Response DefaultHttpResponse(decodeResult: success, version: HTTP/1.1)
HTTP/1.1 200 OK
Content-Length: 28
Content-Type: application/json; charset=utf-8
cache-control: no-cache

01:51:25.639 [AsyncHttpClient-1-23] DEBUG org.asynchttpclient.netty.channel.ChannelManager - Adding key: http://localhost:3358 for channel [id: 0xa97e19a7, L:/127.0.0.1:62954 - R:localhost/127.0.0.1:3358]
City is required
01:51:25.909 [AsyncHttpClient-1-1] DEBUG org.asynchttpclient.netty.channel.DefaultChannelPool - Entry count for : http://localhost:3358 : 1
01:51:25.909 [AsyncHttpClient-1-1] DEBUG org.asynchttpclient.netty.channel.DefaultChannelPool - Entry count for : http://localhost:62955 : 1
screen shot class not taking
  Then Display Error responseCity is required                 # StepDefination.Customer_onboarding.customerNot_added(java.lang.String)
01:51:26.155 [Forwarding findElement on session 31126552eedebc7fa663d7539d993716 to remote] DEBUG org.asynchttpclient.netty.request.NettyRequestSender - Using pooled Channel '[id: 0xa97e19a7, L:/127.0.0.1:62954 - R:localhost/127.0.0.1:3358]' for 'POST' to 'http://localhost:3358/session/31126552eedebc7fa663d7539d993716/element'
01:51:26.155 [Forwarding findElement on session 31126552eedebc7fa663d7539d993716 to remote] DEBUG org.asynchttpclient.netty.request.NettyRequestSender - Using open Channel [id: 0xa97e19a7, L:/127.0.0.1:62954 - R:localhost/127.0.0.1:3358] for POST '/session/31126552eedebc7fa663d7539d993716/element'
01:51:26.171 [AsyncHttpClient-1-23] DEBUG org.asynchttpclient.netty.handler.HttpHandler - 

Request DefaultHttpRequest(decodeResult: success, version: HTTP/1.1)
POST /session/31126552eedebc7fa663d7539d993716/element HTTP/1.1
User-Agent: selenium/4.12.0 (java windows)
Content-Length: 94
Content-Type: application/json; charset=utf-8
host: localhost:3358
accept: */*

Response DefaultHttpResponse(decodeResult: success, version: HTTP/1.1)
HTTP/1.1 200 OK
Content-Length: 126
Content-Type: application/json; charset=utf-8
cache-control: no-cache

01:51:26.171 [AsyncHttpClient-1-23] DEBUG org.asynchttpclient.netty.channel.ChannelManager - Adding key: http://localhost:3358 for channel [id: 0xa97e19a7, L:/127.0.0.1:62954 - R:localhost/127.0.0.1:3358]
01:51:26.179 [Forwarding getElementText on session 31126552eedebc7fa663d7539d993716 to remote] DEBUG org.asynchttpclient.netty.request.NettyRequestSender - Using pooled Channel '[id: 0xa97e19a7, L:/127.0.0.1:62954 - R:localhost/127.0.0.1:3358]' for 'GET' to 'http://localhost:3358/session/31126552eedebc7fa663d7539d993716/element/f.2B231388188B3EF1975DC62A3136C09C.d.4C31F178C933D8E8D379AFD02A8F407C.e.93/text'
01:51:26.179 [Forwarding getElementText on session 31126552eedebc7fa663d7539d993716 to remote] DEBUG org.asynchttpclient.netty.request.NettyRequestSender - Using open Channel [id: 0xa97e19a7, L:/127.0.0.1:62954 - R:localhost/127.0.0.1:3358] for GET '/session/31126552eedebc7fa663d7539d993716/element/f.2B231388188B3EF1975DC62A3136C09C.d.4C31F178C933D8E8D379AFD02A8F407C.e.93/text'
01:51:26.194 [AsyncHttpClient-1-23] DEBUG org.asynchttpclient.netty.handler.HttpHandler - 

Request DefaultFullHttpRequest(decodeResult: success, version: HTTP/1.1, content: EmptyByteBufBE)
GET /session/31126552eedebc7fa663d7539d993716/element/f.2B231388188B3EF1975DC62A3136C09C.d.4C31F178C933D8E8D379AFD02A8F407C.e.93/text HTTP/1.1
Cache-Control: no-cache
User-Agent: selenium/4.12.0 (java windows)
Content-Type: application/json; charset=utf-8
host: localhost:3358
accept: */*

Response DefaultHttpResponse(decodeResult: success, version: HTTP/1.1)
HTTP/1.1 200 OK
Content-Length: 38
Content-Type: application/json; charset=utf-8
cache-control: no-cache

01:51:26.194 [AsyncHttpClient-1-23] DEBUG org.asynchttpclient.netty.channel.ChannelManager - Adding key: http://localhost:3358 for channel [id: 0xa97e19a7, L:/127.0.0.1:62954 - R:localhost/127.0.0.1:3358]
Province/State is required
screen shot class not taking
  Then Display Error responseProvince/State is required       # StepDefination.Customer_onboarding.customerNot_added(java.lang.String)
01:51:26.703 [Forwarding findElement on session 31126552eedebc7fa663d7539d993716 to remote] DEBUG org.asynchttpclient.netty.request.NettyRequestSender - Using pooled Channel '[id: 0xa97e19a7, L:/127.0.0.1:62954 - R:localhost/127.0.0.1:3358]' for 'POST' to 'http://localhost:3358/session/31126552eedebc7fa663d7539d993716/element'
01:51:26.703 [Forwarding findElement on session 31126552eedebc7fa663d7539d993716 to remote] DEBUG org.asynchttpclient.netty.request.NettyRequestSender - Using open Channel [id: 0xa97e19a7, L:/127.0.0.1:62954 - R:localhost/127.0.0.1:3358] for POST '/session/31126552eedebc7fa663d7539d993716/element'
01:51:26.719 [AsyncHttpClient-1-23] DEBUG org.asynchttpclient.netty.handler.HttpHandler - 

Request DefaultHttpRequest(decodeResult: success, version: HTTP/1.1)
POST /session/31126552eedebc7fa663d7539d993716/element HTTP/1.1
User-Agent: selenium/4.12.0 (java windows)
Content-Length: 100
Content-Type: application/json; charset=utf-8
host: localhost:3358
accept: */*

Response DefaultHttpResponse(decodeResult: success, version: HTTP/1.1)
HTTP/1.1 200 OK
Content-Length: 126
Content-Type: application/json; charset=utf-8
cache-control: no-cache

01:51:26.722 [AsyncHttpClient-1-23] DEBUG org.asynchttpclient.netty.channel.ChannelManager - Adding key: http://localhost:3358 for channel [id: 0xa97e19a7, L:/127.0.0.1:62954 - R:localhost/127.0.0.1:3358]
01:51:26.722 [Forwarding getElementText on session 31126552eedebc7fa663d7539d993716 to remote] DEBUG org.asynchttpclient.netty.request.NettyRequestSender - Using pooled Channel '[id: 0xa97e19a7, L:/127.0.0.1:62954 - R:localhost/127.0.0.1:3358]' for 'GET' to 'http://localhost:3358/session/31126552eedebc7fa663d7539d993716/element/f.2B231388188B3EF1975DC62A3136C09C.d.4C31F178C933D8E8D379AFD02A8F407C.e.94/text'
01:51:26.722 [Forwarding getElementText on session 31126552eedebc7fa663d7539d993716 to remote] DEBUG org.asynchttpclient.netty.request.NettyRequestSender - Using open Channel [id: 0xa97e19a7, L:/127.0.0.1:62954 - R:localhost/127.0.0.1:3358] for GET '/session/31126552eedebc7fa663d7539d993716/element/f.2B231388188B3EF1975DC62A3136C09C.d.4C31F178C933D8E8D379AFD02A8F407C.e.94/text'
01:51:26.738 [AsyncHttpClient-1-23] DEBUG org.asynchttpclient.netty.handler.HttpHandler - 

Request DefaultFullHttpRequest(decodeResult: success, version: HTTP/1.1, content: EmptyByteBufBE)
GET /session/31126552eedebc7fa663d7539d993716/element/f.2B231388188B3EF1975DC62A3136C09C.d.4C31F178C933D8E8D379AFD02A8F407C.e.94/text HTTP/1.1
Cache-Control: no-cache
User-Agent: selenium/4.12.0 (java windows)
Content-Type: application/json; charset=utf-8
host: localhost:3358
accept: */*

Response DefaultHttpResponse(decodeResult: success, version: HTTP/1.1)
HTTP/1.1 200 OK
Content-Length: 44
Content-Type: application/json; charset=utf-8
cache-control: no-cache

01:51:26.738 [AsyncHttpClient-1-23] DEBUG org.asynchttpclient.netty.channel.ChannelManager - Adding key: http://localhost:3358 for channel [id: 0xa97e19a7, L:/127.0.0.1:62954 - R:localhost/127.0.0.1:3358]
Postal Code/Zip Code is required
01:51:27.018 [AsyncHttpClient-1-1] DEBUG org.asynchttpclient.netty.channel.DefaultChannelPool - Entry count for : http://localhost:3358 : 1
01:51:27.018 [AsyncHttpClient-1-1] DEBUG org.asynchttpclient.netty.channel.DefaultChannelPool - Entry count for : http://localhost:62955 : 1
screen shot class not taking
  Then Display Error responsePostal Code/Zip Code is required # StepDefination.Customer_onboarding.customerNot_added(java.lang.String)
01:51:27.244 [Forwarding findElement on session 31126552eedebc7fa663d7539d993716 to remote] DEBUG org.asynchttpclient.netty.request.NettyRequestSender - Using pooled Channel '[id: 0xa97e19a7, L:/127.0.0.1:62954 - R:localhost/127.0.0.1:3358]' for 'POST' to 'http://localhost:3358/session/31126552eedebc7fa663d7539d993716/element'
01:51:27.244 [Forwarding findElement on session 31126552eedebc7fa663d7539d993716 to remote] DEBUG org.asynchttpclient.netty.request.NettyRequestSender - Using open Channel [id: 0xa97e19a7, L:/127.0.0.1:62954 - R:localhost/127.0.0.1:3358] for POST '/session/31126552eedebc7fa663d7539d993716/element'
01:51:27.265 [AsyncHttpClient-1-23] DEBUG org.asynchttpclient.netty.handler.HttpHandler - 

Request DefaultHttpRequest(decodeResult: success, version: HTTP/1.1)
POST /session/31126552eedebc7fa663d7539d993716/element HTTP/1.1
User-Agent: selenium/4.12.0 (java windows)
Content-Length: 82
Content-Type: application/json; charset=utf-8
host: localhost:3358
accept: */*

Response DefaultHttpResponse(decodeResult: success, version: HTTP/1.1)
HTTP/1.1 200 OK
Content-Length: 126
Content-Type: application/json; charset=utf-8
cache-control: no-cache

01:51:27.265 [AsyncHttpClient-1-23] DEBUG org.asynchttpclient.netty.channel.ChannelManager - Adding key: http://localhost:3358 for channel [id: 0xa97e19a7, L:/127.0.0.1:62954 - R:localhost/127.0.0.1:3358]
01:51:27.265 [Forwarding getElementText on session 31126552eedebc7fa663d7539d993716 to remote] DEBUG org.asynchttpclient.netty.request.NettyRequestSender - Using pooled Channel '[id: 0xa97e19a7, L:/127.0.0.1:62954 - R:localhost/127.0.0.1:3358]' for 'GET' to 'http://localhost:3358/session/31126552eedebc7fa663d7539d993716/element/f.2B231388188B3EF1975DC62A3136C09C.d.4C31F178C933D8E8D379AFD02A8F407C.e.95/text'
01:51:27.265 [Forwarding getElementText on session 31126552eedebc7fa663d7539d993716 to remote] DEBUG org.asynchttpclient.netty.request.NettyRequestSender - Using open Channel [id: 0xa97e19a7, L:/127.0.0.1:62954 - R:localhost/127.0.0.1:3358] for GET '/session/31126552eedebc7fa663d7539d993716/element/f.2B231388188B3EF1975DC62A3136C09C.d.4C31F178C933D8E8D379AFD02A8F407C.e.95/text'
01:51:27.283 [AsyncHttpClient-1-23] DEBUG org.asynchttpclient.netty.handler.HttpHandler - 

Request DefaultFullHttpRequest(decodeResult: success, version: HTTP/1.1, content: EmptyByteBufBE)
GET /session/31126552eedebc7fa663d7539d993716/element/f.2B231388188B3EF1975DC62A3136C09C.d.4C31F178C933D8E8D379AFD02A8F407C.e.95/text HTTP/1.1
Cache-Control: no-cache
User-Agent: selenium/4.12.0 (java windows)
Content-Type: application/json; charset=utf-8
host: localhost:3358
accept: */*

Response DefaultHttpResponse(decodeResult: success, version: HTTP/1.1)
HTTP/1.1 200 OK
Content-Length: 31
Content-Type: application/json; charset=utf-8
cache-control: no-cache

01:51:27.283 [AsyncHttpClient-1-23] DEBUG org.asynchttpclient.netty.channel.ChannelManager - Adding key: http://localhost:3358 for channel [id: 0xa97e19a7, L:/127.0.0.1:62954 - R:localhost/127.0.0.1:3358]
Country is required
screen shot class not taking
  Then Display Error responseCountry is required              # StepDefination.Customer_onboarding.customerNot_added(java.lang.String)
01:51:27.797 [AsyncHttpClient-1-25] DEBUG org.asynchttpclient.netty.handler.WebSocketHandler - Channel Closed: [id: 0x88a28370, L:/127.0.0.1:62963 ! R:localhost/127.0.0.1:62955] with attribute DISCARD
01:51:27.798 [Driver Command Executor] DEBUG org.asynchttpclient.netty.request.NettyRequestSender - Using pooled Channel '[id: 0xa97e19a7, L:/127.0.0.1:62954 - R:localhost/127.0.0.1:3358]' for 'DELETE' to 'http://localhost:3358/session/31126552eedebc7fa663d7539d993716'
01:51:27.798 [Driver Command Executor] DEBUG org.asynchttpclient.netty.request.NettyRequestSender - Using open Channel [id: 0xa97e19a7, L:/127.0.0.1:62954 - R:localhost/127.0.0.1:3358] for DELETE '/session/31126552eedebc7fa663d7539d993716'
01:51:27.952 [AsyncHttpClient-1-24] DEBUG org.asynchttpclient.netty.handler.HttpHandler - Unexpected I/O exception on channel [id: 0xed8b0459, L:/127.0.0.1:62962 - R:localhost/127.0.0.1:62955]
java.net.SocketException: Connection reset
	at java.base/sun.nio.ch.SocketChannelImpl.throwConnectionReset(SocketChannelImpl.java:394)
	at java.base/sun.nio.ch.SocketChannelImpl.read(SocketChannelImpl.java:426)
	at io.netty.buffer.PooledByteBuf.setBytes(PooledByteBuf.java:254)
	at io.netty.buffer.AbstractByteBuf.writeBytes(AbstractByteBuf.java:1132)
	at io.netty.channel.socket.nio.NioSocketChannel.doReadBytes(NioSocketChannel.java:357)
	at io.netty.channel.nio.AbstractNioByteChannel$NioByteUnsafe.read(AbstractNioByteChannel.java:151)
	at io.netty.channel.nio.NioEventLoop.processSelectedKey(NioEventLoop.java:788)
	at io.netty.channel.nio.NioEventLoop.processSelectedKeysOptimized(NioEventLoop.java:724)
	at io.netty.channel.nio.NioEventLoop.processSelectedKeys(NioEventLoop.java:650)
	at io.netty.channel.nio.NioEventLoop.run(NioEventLoop.java:562)
	at io.netty.util.concurrent.SingleThreadEventExecutor$4.run(SingleThreadEventExecutor.java:997)
	at io.netty.util.internal.ThreadExecutorMap$2.run(ThreadExecutorMap.java:74)
	at io.netty.util.concurrent.FastThreadLocalRunnable.run(FastThreadLocalRunnable.java:30)
	at java.base/java.lang.Thread.run(Thread.java:840)
01:51:27.952 [AsyncHttpClient-1-24] DEBUG org.asynchttpclient.netty.channel.ChannelManager - Closing Channel [id: 0xed8b0459, L:/127.0.0.1:62962 - R:localhost/127.0.0.1:62955] 
01:51:27.952 [AsyncHttpClient-1-24] DEBUG org.asynchttpclient.netty.handler.HttpHandler - Channel Closed: [id: 0xed8b0459, L:/127.0.0.1:62962 ! R:localhost/127.0.0.1:62955] with attribute DISCARD
01:51:27.989 [AsyncHttpClient-1-23] DEBUG org.asynchttpclient.netty.handler.HttpHandler - 

Request DefaultFullHttpRequest(decodeResult: success, version: HTTP/1.1, content: EmptyByteBufBE)
DELETE /session/31126552eedebc7fa663d7539d993716 HTTP/1.1
User-Agent: selenium/4.12.0 (java windows)
Content-Type: application/json; charset=utf-8
host: localhost:3358
accept: */*

Response DefaultHttpResponse(decodeResult: success, version: HTTP/1.1)
HTTP/1.1 200 OK
Content-Length: 14
Content-Type: application/json; charset=utf-8
cache-control: no-cache

01:51:27.989 [AsyncHttpClient-1-23] DEBUG org.asynchttpclient.netty.channel.ChannelManager - Adding key: http://localhost:3358 for channel [id: 0xa97e19a7, L:/127.0.0.1:62954 - R:localhost/127.0.0.1:3358]
01:51:28.107 [AsyncHttpClient-1-1] DEBUG org.asynchttpclient.netty.channel.DefaultChannelPool - Entry count for : http://localhost:3358 : 1
01:51:28.107 [AsyncHttpClient-1-1] DEBUG org.asynchttpclient.netty.channel.DefaultChannelPool - Entry count for : http://localhost:62955 : 1
01:51:28.108 [AsyncHttpClient-1-1] DEBUG org.asynchttpclient.netty.channel.DefaultChannelPool - Adding Candidate expired Channel [id: 0xed8b0459, L:/127.0.0.1:62962 ! R:localhost/127.0.0.1:62955] isIdleTimeoutExpired=false isRemotelyClosed=true isTtlExpired=false
01:51:28.108 [AsyncHttpClient-1-1] DEBUG org.asynchttpclient.netty.channel.DefaultChannelPool - Closing Idle Channel [id: 0xed8b0459, L:/127.0.0.1:62962 ! R:localhost/127.0.0.1:62955]
01:51:28.108 [AsyncHttpClient-1-1] DEBUG org.asynchttpclient.netty.channel.DefaultChannelPool - Closed 1 connections out of 2 in 1 ms
01:51:28.419 [AsyncHttpClient-1-23] DEBUG org.asynchttpclient.netty.handler.HttpHandler - Channel Closed: [id: 0xa97e19a7, L:/127.0.0.1:62954 ! R:localhost/127.0.0.1:3358] with attribute DISCARD
  And Close_Window                                            # StepDefination.Customer_onboarding.close_window()
WebDriver is null. Nothing to close.
]]></system-out>
    <system-err><![CDATA[Jan 25, 2025 1:51:05 AM org.openqa.selenium.devtools.CdpVersionFinder findNearestMatch
WARNING: Unable to find CDP implementation matching 131
Jan 25, 2025 1:51:05 AM org.openqa.selenium.chromium.ChromiumDriver lambda$new$5
WARNING: Unable to find version of CDP to use for 131.0.6778.265. You may need to include a dependency on a specific version of the CDP using something similar to `org.seleniumhq.selenium:selenium-devtools-v86:4.12.0` where the version ("v86") matches the version of the chromium-based browser you're using and the version number of the artifact is the same as Selenium's.
]]></system-err>
  </testcase>
  <testcase name="Add Extra address" classname="Customer Onboarding form for Broker" time="31.865">
    <system-out><![CDATA[
Scenario Outline: Add Extra address                                      # src/test/resources/Customers/Customer_form.feature:82
01:51:28.800 [AsyncHttpClient-1-2] DEBUG org.asynchttpclient.netty.channel.NettyConnectListener - Using new Channel '[id: 0x359f6fa0, L:/127.0.0.1:62997 - R:localhost/127.0.0.1:14744]' for 'POST' to '/session'
01:51:29.205 [AsyncHttpClient-1-1] DEBUG org.asynchttpclient.netty.channel.DefaultChannelPool - Entry count for : http://localhost:3358 : 1
01:51:29.205 [AsyncHttpClient-1-1] DEBUG org.asynchttpclient.netty.channel.DefaultChannelPool - Adding Candidate expired Channel [id: 0xa97e19a7, L:/127.0.0.1:62954 ! R:localhost/127.0.0.1:3358] isIdleTimeoutExpired=false isRemotelyClosed=true isTtlExpired=false
01:51:29.205 [AsyncHttpClient-1-1] DEBUG org.asynchttpclient.netty.channel.DefaultChannelPool - Closing Idle Channel [id: 0xa97e19a7, L:/127.0.0.1:62954 ! R:localhost/127.0.0.1:3358]
01:51:29.205 [AsyncHttpClient-1-1] DEBUG org.asynchttpclient.netty.channel.DefaultChannelPool - Closed 1 connections out of 1 in 0 ms
01:51:30.138 [AsyncHttpClient-1-2] DEBUG org.asynchttpclient.netty.handler.HttpHandler - 

Request DefaultHttpRequest(decodeResult: success, version: HTTP/1.1)
POST /session HTTP/1.1
User-Agent: selenium/4.12.0 (java windows)
Content-Length: 254
Content-Type: application/json; charset=utf-8
host: localhost:14744
accept: */*

Response DefaultHttpResponse(decodeResult: success, version: HTTP/1.1)
HTTP/1.1 200 OK
Content-Length: 887
Content-Type: application/json; charset=utf-8
cache-control: no-cache

01:51:30.138 [AsyncHttpClient-1-2] DEBUG org.asynchttpclient.netty.channel.ChannelManager - Adding key: http://localhost:14744 for channel [id: 0x359f6fa0, L:/127.0.0.1:62997 - R:localhost/127.0.0.1:14744]
01:51:30.146 [AsyncHttpClient-1-3] DEBUG org.asynchttpclient.netty.channel.NettyConnectListener - Using new Channel '[id: 0x378d1dd3, L:/127.0.0.1:63005 - R:localhost/127.0.0.1:62998]' for 'GET' to '/json/version'
01:51:30.154 [AsyncHttpClient-1-3] DEBUG org.asynchttpclient.netty.handler.HttpHandler - 

Request DefaultFullHttpRequest(decodeResult: success, version: HTTP/1.1, content: EmptyByteBufBE)
GET /json/version HTTP/1.1
User-Agent: selenium/4.12.0 (java windows)
host: localhost:62998
accept: */*

Response DefaultHttpResponse(decodeResult: success, version: HTTP/1.1)
HTTP/1.1 200 OK
Content-Security-Policy: frame-ancestors 'none'
Content-Length: 424
Content-Type: application/json; charset=UTF-8

01:51:30.154 [AsyncHttpClient-1-3] DEBUG org.asynchttpclient.netty.channel.ChannelManager - Adding key: http://localhost:62998 for channel [id: 0x378d1dd3, L:/127.0.0.1:63005 - R:localhost/127.0.0.1:62998]
01:51:30.154 [AsyncHttpClient-1-4] DEBUG org.asynchttpclient.netty.channel.NettyConnectListener - Using new Channel '[id: 0x180f0960, L:/127.0.0.1:63006 - R:localhost/127.0.0.1:62998]' for 'GET' to '/devtools/browser/ee36af1e-3a4b-442d-8057-8194f20678df'
01:51:30.154 [AsyncHttpClient-1-4] DEBUG org.asynchttpclient.netty.handler.WebSocketHandler - 

Request DefaultFullHttpRequest(decodeResult: success, version: HTTP/1.1, content: EmptyByteBufBE)
GET /devtools/browser/ee36af1e-3a4b-442d-8057-8194f20678df HTTP/1.1
upgrade: websocket
connection: upgrade
sec-websocket-key: /tOH1dfZS2reK/jQJNMSKQ==
sec-websocket-version: 13
origin: http://localhost:62998
host: localhost:62998
accept: */*
user-agent: AHC/2.1

Response DefaultHttpResponse(decodeResult: success, version: HTTP/1.1)
HTTP/1.1 101 WebSocket Protocol Handshake
Upgrade: WebSocket
Connection: Upgrade
Sec-WebSocket-Accept: PXbAVeizZGg4+MdvUium+6X9+0g=

01:51:30.163 [Forwarding get on session 28ba4fde78c5196aa9e82739681dac20 to remote] DEBUG org.asynchttpclient.netty.request.NettyRequestSender - Using pooled Channel '[id: 0x359f6fa0, L:/127.0.0.1:62997 - R:localhost/127.0.0.1:14744]' for 'POST' to 'http://localhost:14744/session/28ba4fde78c5196aa9e82739681dac20/url'
01:51:30.163 [Forwarding get on session 28ba4fde78c5196aa9e82739681dac20 to remote] DEBUG org.asynchttpclient.netty.request.NettyRequestSender - Using open Channel [id: 0x359f6fa0, L:/127.0.0.1:62997 - R:localhost/127.0.0.1:14744] for POST '/session/28ba4fde78c5196aa9e82739681dac20/url'
01:51:30.316 [AsyncHttpClient-1-1] DEBUG org.asynchttpclient.netty.channel.DefaultChannelPool - Entry count for : http://localhost:62998 : 1
01:51:31.414 [AsyncHttpClient-1-1] DEBUG org.asynchttpclient.netty.channel.DefaultChannelPool - Entry count for : http://localhost:62998 : 1
01:51:31.585 [AsyncHttpClient-1-2] DEBUG org.asynchttpclient.netty.handler.HttpHandler - 

Request DefaultHttpRequest(decodeResult: success, version: HTTP/1.1)
POST /session/28ba4fde78c5196aa9e82739681dac20/url HTTP/1.1
User-Agent: selenium/4.12.0 (java windows)
Content-Length: 79
Content-Type: application/json; charset=utf-8
host: localhost:14744
accept: */*

Response DefaultHttpResponse(decodeResult: success, version: HTTP/1.1)
HTTP/1.1 200 OK
Content-Length: 14
Content-Type: application/json; charset=utf-8
cache-control: no-cache

01:51:31.585 [AsyncHttpClient-1-2] DEBUG org.asynchttpclient.netty.channel.ChannelManager - Adding key: http://localhost:14744 for channel [id: 0x359f6fa0, L:/127.0.0.1:62997 - R:localhost/127.0.0.1:14744]
01:51:31.585 [Forwarding maximizeCurrentWindow on session 28ba4fde78c5196aa9e82739681dac20 to remote] DEBUG org.asynchttpclient.netty.request.NettyRequestSender - Using pooled Channel '[id: 0x359f6fa0, L:/127.0.0.1:62997 - R:localhost/127.0.0.1:14744]' for 'POST' to 'http://localhost:14744/session/28ba4fde78c5196aa9e82739681dac20/window/maximize'
01:51:31.585 [Forwarding maximizeCurrentWindow on session 28ba4fde78c5196aa9e82739681dac20 to remote] DEBUG org.asynchttpclient.netty.request.NettyRequestSender - Using open Channel [id: 0x359f6fa0, L:/127.0.0.1:62997 - R:localhost/127.0.0.1:14744] for POST '/session/28ba4fde78c5196aa9e82739681dac20/window/maximize'
01:51:31.666 [AsyncHttpClient-1-2] DEBUG org.asynchttpclient.netty.handler.HttpHandler - 

Request DefaultHttpRequest(decodeResult: success, version: HTTP/1.1)
POST /session/28ba4fde78c5196aa9e82739681dac20/window/maximize HTTP/1.1
User-Agent: selenium/4.12.0 (java windows)
Content-Length: 3
Content-Type: application/json; charset=utf-8
host: localhost:14744
accept: */*

Response DefaultHttpResponse(decodeResult: success, version: HTTP/1.1)
HTTP/1.1 200 OK
Content-Length: 51
Content-Type: application/json; charset=utf-8
cache-control: no-cache

01:51:31.666 [AsyncHttpClient-1-2] DEBUG org.asynchttpclient.netty.channel.ChannelManager - Adding key: http://localhost:14744 for channel [id: 0x359f6fa0, L:/127.0.0.1:62997 - R:localhost/127.0.0.1:14744]
01:51:31.674 [Forwarding findElement on session 28ba4fde78c5196aa9e82739681dac20 to remote] DEBUG org.asynchttpclient.netty.request.NettyRequestSender - Using pooled Channel '[id: 0x359f6fa0, L:/127.0.0.1:62997 - R:localhost/127.0.0.1:14744]' for 'POST' to 'http://localhost:14744/session/28ba4fde78c5196aa9e82739681dac20/element'
01:51:31.674 [Forwarding findElement on session 28ba4fde78c5196aa9e82739681dac20 to remote] DEBUG org.asynchttpclient.netty.request.NettyRequestSender - Using open Channel [id: 0x359f6fa0, L:/127.0.0.1:62997 - R:localhost/127.0.0.1:14744] for POST '/session/28ba4fde78c5196aa9e82739681dac20/element'
01:51:31.698 [AsyncHttpClient-1-2] DEBUG org.asynchttpclient.netty.handler.HttpHandler - 

Request DefaultHttpRequest(decodeResult: success, version: HTTP/1.1)
POST /session/28ba4fde78c5196aa9e82739681dac20/element HTTP/1.1
User-Agent: selenium/4.12.0 (java windows)
Content-Length: 69
Content-Type: application/json; charset=utf-8
host: localhost:14744
accept: */*

Response DefaultHttpResponse(decodeResult: success, version: HTTP/1.1)
HTTP/1.1 200 OK
Content-Length: 125
Content-Type: application/json; charset=utf-8
cache-control: no-cache

01:51:31.698 [AsyncHttpClient-1-2] DEBUG org.asynchttpclient.netty.channel.ChannelManager - Adding key: http://localhost:14744 for channel [id: 0x359f6fa0, L:/127.0.0.1:62997 - R:localhost/127.0.0.1:14744]
01:51:31.699 [Forwarding sendKeysToElement on session 28ba4fde78c5196aa9e82739681dac20 to remote] DEBUG org.asynchttpclient.netty.request.NettyRequestSender - Using pooled Channel '[id: 0x359f6fa0, L:/127.0.0.1:62997 - R:localhost/127.0.0.1:14744]' for 'POST' to 'http://localhost:14744/session/28ba4fde78c5196aa9e82739681dac20/element/f.B91591599C0D94A3FE8D4DD5E396E44C.d.01C550AE1C4D76B3CA82F9EF913B7D05.e.2/value'
01:51:31.699 [Forwarding sendKeysToElement on session 28ba4fde78c5196aa9e82739681dac20 to remote] DEBUG org.asynchttpclient.netty.request.NettyRequestSender - Using open Channel [id: 0x359f6fa0, L:/127.0.0.1:62997 - R:localhost/127.0.0.1:14744] for POST '/session/28ba4fde78c5196aa9e82739681dac20/element/f.B91591599C0D94A3FE8D4DD5E396E44C.d.01C550AE1C4D76B3CA82F9EF913B7D05.e.2/value'
01:51:31.994 [AsyncHttpClient-1-2] DEBUG org.asynchttpclient.netty.handler.HttpHandler - 

Request DefaultHttpRequest(decodeResult: success, version: HTTP/1.1)
POST /session/28ba4fde78c5196aa9e82739681dac20/element/f.B91591599C0D94A3FE8D4DD5E396E44C.d.01C550AE1C4D76B3CA82F9EF913B7D05.e.2/value HTTP/1.1
User-Agent: selenium/4.12.0 (java windows)
Content-Length: 328
Content-Type: application/json; charset=utf-8
host: localhost:14744
accept: */*

Response DefaultHttpResponse(decodeResult: success, version: HTTP/1.1)
HTTP/1.1 200 OK
Content-Length: 14
Content-Type: application/json; charset=utf-8
cache-control: no-cache

01:51:31.994 [AsyncHttpClient-1-2] DEBUG org.asynchttpclient.netty.channel.ChannelManager - Adding key: http://localhost:14744 for channel [id: 0x359f6fa0, L:/127.0.0.1:62997 - R:localhost/127.0.0.1:14744]
01:51:31.994 [Forwarding findElement on session 28ba4fde78c5196aa9e82739681dac20 to remote] DEBUG org.asynchttpclient.netty.request.NettyRequestSender - Using pooled Channel '[id: 0x359f6fa0, L:/127.0.0.1:62997 - R:localhost/127.0.0.1:14744]' for 'POST' to 'http://localhost:14744/session/28ba4fde78c5196aa9e82739681dac20/element'
01:51:31.994 [Forwarding findElement on session 28ba4fde78c5196aa9e82739681dac20 to remote] DEBUG org.asynchttpclient.netty.request.NettyRequestSender - Using open Channel [id: 0x359f6fa0, L:/127.0.0.1:62997 - R:localhost/127.0.0.1:14744] for POST '/session/28ba4fde78c5196aa9e82739681dac20/element'
01:51:32.011 [AsyncHttpClient-1-2] DEBUG org.asynchttpclient.netty.handler.HttpHandler - 

Request DefaultHttpRequest(decodeResult: success, version: HTTP/1.1)
POST /session/28ba4fde78c5196aa9e82739681dac20/element HTTP/1.1
User-Agent: selenium/4.12.0 (java windows)
Content-Length: 72
Content-Type: application/json; charset=utf-8
host: localhost:14744
accept: */*

Response DefaultHttpResponse(decodeResult: success, version: HTTP/1.1)
HTTP/1.1 200 OK
Content-Length: 125
Content-Type: application/json; charset=utf-8
cache-control: no-cache

01:51:32.011 [AsyncHttpClient-1-2] DEBUG org.asynchttpclient.netty.channel.ChannelManager - Adding key: http://localhost:14744 for channel [id: 0x359f6fa0, L:/127.0.0.1:62997 - R:localhost/127.0.0.1:14744]
01:51:32.011 [Forwarding sendKeysToElement on session 28ba4fde78c5196aa9e82739681dac20 to remote] DEBUG org.asynchttpclient.netty.request.NettyRequestSender - Using pooled Channel '[id: 0x359f6fa0, L:/127.0.0.1:62997 - R:localhost/127.0.0.1:14744]' for 'POST' to 'http://localhost:14744/session/28ba4fde78c5196aa9e82739681dac20/element/f.B91591599C0D94A3FE8D4DD5E396E44C.d.01C550AE1C4D76B3CA82F9EF913B7D05.e.4/value'
01:51:32.011 [Forwarding sendKeysToElement on session 28ba4fde78c5196aa9e82739681dac20 to remote] DEBUG org.asynchttpclient.netty.request.NettyRequestSender - Using open Channel [id: 0x359f6fa0, L:/127.0.0.1:62997 - R:localhost/127.0.0.1:14744] for POST '/session/28ba4fde78c5196aa9e82739681dac20/element/f.B91591599C0D94A3FE8D4DD5E396E44C.d.01C550AE1C4D76B3CA82F9EF913B7D05.e.4/value'
01:51:32.282 [AsyncHttpClient-1-2] DEBUG org.asynchttpclient.netty.handler.HttpHandler - 

Request DefaultHttpRequest(decodeResult: success, version: HTTP/1.1)
POST /session/28ba4fde78c5196aa9e82739681dac20/element/f.B91591599C0D94A3FE8D4DD5E396E44C.d.01C550AE1C4D76B3CA82F9EF913B7D05.e.4/value HTTP/1.1
User-Agent: selenium/4.12.0 (java windows)
Content-Length: 198
Content-Type: application/json; charset=utf-8
host: localhost:14744
accept: */*

Response DefaultHttpResponse(decodeResult: success, version: HTTP/1.1)
HTTP/1.1 200 OK
Content-Length: 14
Content-Type: application/json; charset=utf-8
cache-control: no-cache

01:51:32.282 [AsyncHttpClient-1-2] DEBUG org.asynchttpclient.netty.channel.ChannelManager - Adding key: http://localhost:14744 for channel [id: 0x359f6fa0, L:/127.0.0.1:62997 - R:localhost/127.0.0.1:14744]
01:51:32.282 [Forwarding findElement on session 28ba4fde78c5196aa9e82739681dac20 to remote] DEBUG org.asynchttpclient.netty.request.NettyRequestSender - Using pooled Channel '[id: 0x359f6fa0, L:/127.0.0.1:62997 - R:localhost/127.0.0.1:14744]' for 'POST' to 'http://localhost:14744/session/28ba4fde78c5196aa9e82739681dac20/element'
01:51:32.282 [Forwarding findElement on session 28ba4fde78c5196aa9e82739681dac20 to remote] DEBUG org.asynchttpclient.netty.request.NettyRequestSender - Using open Channel [id: 0x359f6fa0, L:/127.0.0.1:62997 - R:localhost/127.0.0.1:14744] for POST '/session/28ba4fde78c5196aa9e82739681dac20/element'
01:51:32.299 [AsyncHttpClient-1-2] DEBUG org.asynchttpclient.netty.handler.HttpHandler - 

Request DefaultHttpRequest(decodeResult: success, version: HTTP/1.1)
POST /session/28ba4fde78c5196aa9e82739681dac20/element HTTP/1.1
User-Agent: selenium/4.12.0 (java windows)
Content-Length: 73
Content-Type: application/json; charset=utf-8
host: localhost:14744
accept: */*

Response DefaultHttpResponse(decodeResult: success, version: HTTP/1.1)
HTTP/1.1 200 OK
Content-Length: 125
Content-Type: application/json; charset=utf-8
cache-control: no-cache

01:51:32.299 [AsyncHttpClient-1-2] DEBUG org.asynchttpclient.netty.channel.ChannelManager - Adding key: http://localhost:14744 for channel [id: 0x359f6fa0, L:/127.0.0.1:62997 - R:localhost/127.0.0.1:14744]
01:51:32.307 [Forwarding clickElement on session 28ba4fde78c5196aa9e82739681dac20 to remote] DEBUG org.asynchttpclient.netty.request.NettyRequestSender - Using pooled Channel '[id: 0x359f6fa0, L:/127.0.0.1:62997 - R:localhost/127.0.0.1:14744]' for 'POST' to 'http://localhost:14744/session/28ba4fde78c5196aa9e82739681dac20/element/f.B91591599C0D94A3FE8D4DD5E396E44C.d.01C550AE1C4D76B3CA82F9EF913B7D05.e.6/click'
01:51:32.307 [Forwarding clickElement on session 28ba4fde78c5196aa9e82739681dac20 to remote] DEBUG org.asynchttpclient.netty.request.NettyRequestSender - Using open Channel [id: 0x359f6fa0, L:/127.0.0.1:62997 - R:localhost/127.0.0.1:14744] for POST '/session/28ba4fde78c5196aa9e82739681dac20/element/f.B91591599C0D94A3FE8D4DD5E396E44C.d.01C550AE1C4D76B3CA82F9EF913B7D05.e.6/click'
01:51:32.499 [AsyncHttpClient-1-2] DEBUG org.asynchttpclient.netty.handler.HttpHandler - 

Request DefaultHttpRequest(decodeResult: success, version: HTTP/1.1)
POST /session/28ba4fde78c5196aa9e82739681dac20/element/f.B91591599C0D94A3FE8D4DD5E396E44C.d.01C550AE1C4D76B3CA82F9EF913B7D05.e.6/click HTTP/1.1
User-Agent: selenium/4.12.0 (java windows)
Content-Length: 87
Content-Type: application/json; charset=utf-8
host: localhost:14744
accept: */*

Response DefaultHttpResponse(decodeResult: success, version: HTTP/1.1)
HTTP/1.1 200 OK
Content-Length: 14
Content-Type: application/json; charset=utf-8
cache-control: no-cache

01:51:32.499 [AsyncHttpClient-1-2] DEBUG org.asynchttpclient.netty.channel.ChannelManager - Adding key: http://localhost:14744 for channel [id: 0x359f6fa0, L:/127.0.0.1:62997 - R:localhost/127.0.0.1:14744]
01:51:32.519 [AsyncHttpClient-1-1] DEBUG org.asynchttpclient.netty.channel.DefaultChannelPool - Entry count for : http://localhost:14744 : 1
01:51:32.519 [AsyncHttpClient-1-1] DEBUG org.asynchttpclient.netty.channel.DefaultChannelPool - Entry count for : http://localhost:62998 : 1
01:51:33.615 [AsyncHttpClient-1-1] DEBUG org.asynchttpclient.netty.channel.DefaultChannelPool - Entry count for : http://localhost:14744 : 1
01:51:33.615 [AsyncHttpClient-1-1] DEBUG org.asynchttpclient.netty.channel.DefaultChannelPool - Entry count for : http://localhost:62998 : 1
01:51:34.707 [AsyncHttpClient-1-1] DEBUG org.asynchttpclient.netty.channel.DefaultChannelPool - Entry count for : http://localhost:14744 : 1
01:51:34.707 [AsyncHttpClient-1-1] DEBUG org.asynchttpclient.netty.channel.DefaultChannelPool - Entry count for : http://localhost:62998 : 1
01:51:35.810 [AsyncHttpClient-1-1] DEBUG org.asynchttpclient.netty.channel.DefaultChannelPool - Entry count for : http://localhost:14744 : 1
01:51:35.810 [AsyncHttpClient-1-1] DEBUG org.asynchttpclient.netty.channel.DefaultChannelPool - Entry count for : http://localhost:62998 : 1
01:51:36.912 [AsyncHttpClient-1-1] DEBUG org.asynchttpclient.netty.channel.DefaultChannelPool - Entry count for : http://localhost:14744 : 1
01:51:36.912 [AsyncHttpClient-1-1] DEBUG org.asynchttpclient.netty.channel.DefaultChannelPool - Entry count for : http://localhost:62998 : 1
01:51:37.504 [Forwarding getCurrentUrl on session 28ba4fde78c5196aa9e82739681dac20 to remote] DEBUG org.asynchttpclient.netty.request.NettyRequestSender - Using pooled Channel '[id: 0x359f6fa0, L:/127.0.0.1:62997 - R:localhost/127.0.0.1:14744]' for 'GET' to 'http://localhost:14744/session/28ba4fde78c5196aa9e82739681dac20/url'
01:51:37.505 [Forwarding getCurrentUrl on session 28ba4fde78c5196aa9e82739681dac20 to remote] DEBUG org.asynchttpclient.netty.request.NettyRequestSender - Using open Channel [id: 0x359f6fa0, L:/127.0.0.1:62997 - R:localhost/127.0.0.1:14744] for GET '/session/28ba4fde78c5196aa9e82739681dac20/url'
01:51:37.517 [AsyncHttpClient-1-2] DEBUG org.asynchttpclient.netty.handler.HttpHandler - 

Request DefaultFullHttpRequest(decodeResult: success, version: HTTP/1.1, content: EmptyByteBufBE)
GET /session/28ba4fde78c5196aa9e82739681dac20/url HTTP/1.1
Cache-Control: no-cache
User-Agent: selenium/4.12.0 (java windows)
Content-Type: application/json; charset=utf-8
host: localhost:14744
accept: */*

Response DefaultHttpResponse(decodeResult: success, version: HTTP/1.1)
HTTP/1.1 200 OK
Content-Length: 56
Content-Type: application/json; charset=utf-8
cache-control: no-cache

01:51:37.517 [AsyncHttpClient-1-2] DEBUG org.asynchttpclient.netty.channel.ChannelManager - Adding key: http://localhost:14744 for channel [id: 0x359f6fa0, L:/127.0.0.1:62997 - R:localhost/127.0.0.1:14744]
Site 1: https://platform.fleetsyncs.com/admin/onboarding/broker/load-tender
Site 2: https://platform.fleetsyncs.com/auth/sign-in
Site 2: https://platform.fleetsyncs.com/auth/sign-in
https://platform.fleetsyncs.com/auth/sign-in
01:51:37.517 [Forwarding findElement on session 28ba4fde78c5196aa9e82739681dac20 to remote] DEBUG org.asynchttpclient.netty.request.NettyRequestSender - Using pooled Channel '[id: 0x359f6fa0, L:/127.0.0.1:62997 - R:localhost/127.0.0.1:14744]' for 'POST' to 'http://localhost:14744/session/28ba4fde78c5196aa9e82739681dac20/element'
01:51:37.517 [Forwarding findElement on session 28ba4fde78c5196aa9e82739681dac20 to remote] DEBUG org.asynchttpclient.netty.request.NettyRequestSender - Using open Channel [id: 0x359f6fa0, L:/127.0.0.1:62997 - R:localhost/127.0.0.1:14744] for POST '/session/28ba4fde78c5196aa9e82739681dac20/element'
01:51:37.537 [AsyncHttpClient-1-2] DEBUG org.asynchttpclient.netty.handler.HttpHandler - 

Request DefaultHttpRequest(decodeResult: success, version: HTTP/1.1)
POST /session/28ba4fde78c5196aa9e82739681dac20/element HTTP/1.1
User-Agent: selenium/4.12.0 (java windows)
Content-Length: 66
Content-Type: application/json; charset=utf-8
host: localhost:14744
accept: */*

Response DefaultHttpResponse(decodeResult: success, version: HTTP/1.1)
HTTP/1.1 200 OK
Content-Length: 126
Content-Type: application/json; charset=utf-8
cache-control: no-cache

01:51:37.537 [AsyncHttpClient-1-2] DEBUG org.asynchttpclient.netty.channel.ChannelManager - Adding key: http://localhost:14744 for channel [id: 0x359f6fa0, L:/127.0.0.1:62997 - R:localhost/127.0.0.1:14744]
01:51:37.537 [Forwarding isElementDisplayed on session 28ba4fde78c5196aa9e82739681dac20 to remote] DEBUG org.asynchttpclient.netty.request.NettyRequestSender - Using pooled Channel '[id: 0x359f6fa0, L:/127.0.0.1:62997 - R:localhost/127.0.0.1:14744]' for 'POST' to 'http://localhost:14744/session/28ba4fde78c5196aa9e82739681dac20/execute/sync'
01:51:37.537 [Forwarding isElementDisplayed on session 28ba4fde78c5196aa9e82739681dac20 to remote] DEBUG org.asynchttpclient.netty.request.NettyRequestSender - Using open Channel [id: 0x359f6fa0, L:/127.0.0.1:62997 - R:localhost/127.0.0.1:14744] for POST '/session/28ba4fde78c5196aa9e82739681dac20/execute/sync'
01:51:37.562 [AsyncHttpClient-1-2] DEBUG org.asynchttpclient.netty.handler.HttpHandler - 

Request DefaultHttpRequest(decodeResult: success, version: HTTP/1.1)
POST /session/28ba4fde78c5196aa9e82739681dac20/execute/sync HTTP/1.1
User-Agent: selenium/4.12.0 (java windows)
Content-Length: 48734
Content-Type: application/json; charset=utf-8
host: localhost:14744
accept: */*

Response DefaultHttpResponse(decodeResult: success, version: HTTP/1.1)
HTTP/1.1 200 OK
Content-Length: 14
Content-Type: application/json; charset=utf-8
cache-control: no-cache

01:51:37.562 [AsyncHttpClient-1-2] DEBUG org.asynchttpclient.netty.channel.ChannelManager - Adding key: http://localhost:14744 for channel [id: 0x359f6fa0, L:/127.0.0.1:62997 - R:localhost/127.0.0.1:14744]
01:51:37.562 [Forwarding findElement on session 28ba4fde78c5196aa9e82739681dac20 to remote] DEBUG org.asynchttpclient.netty.request.NettyRequestSender - Using pooled Channel '[id: 0x359f6fa0, L:/127.0.0.1:62997 - R:localhost/127.0.0.1:14744]' for 'POST' to 'http://localhost:14744/session/28ba4fde78c5196aa9e82739681dac20/element'
01:51:37.562 [Forwarding findElement on session 28ba4fde78c5196aa9e82739681dac20 to remote] DEBUG org.asynchttpclient.netty.request.NettyRequestSender - Using open Channel [id: 0x359f6fa0, L:/127.0.0.1:62997 - R:localhost/127.0.0.1:14744] for POST '/session/28ba4fde78c5196aa9e82739681dac20/element'
01:51:37.582 [AsyncHttpClient-1-2] DEBUG org.asynchttpclient.netty.handler.HttpHandler - 

Request DefaultHttpRequest(decodeResult: success, version: HTTP/1.1)
POST /session/28ba4fde78c5196aa9e82739681dac20/element HTTP/1.1
User-Agent: selenium/4.12.0 (java windows)
Content-Length: 66
Content-Type: application/json; charset=utf-8
host: localhost:14744
accept: */*

Response DefaultHttpResponse(decodeResult: success, version: HTTP/1.1)
HTTP/1.1 200 OK
Content-Length: 126
Content-Type: application/json; charset=utf-8
cache-control: no-cache

01:51:37.582 [AsyncHttpClient-1-2] DEBUG org.asynchttpclient.netty.channel.ChannelManager - Adding key: http://localhost:14744 for channel [id: 0x359f6fa0, L:/127.0.0.1:62997 - R:localhost/127.0.0.1:14744]
01:51:37.582 [Forwarding getElementText on session 28ba4fde78c5196aa9e82739681dac20 to remote] DEBUG org.asynchttpclient.netty.request.NettyRequestSender - Using pooled Channel '[id: 0x359f6fa0, L:/127.0.0.1:62997 - R:localhost/127.0.0.1:14744]' for 'GET' to 'http://localhost:14744/session/28ba4fde78c5196aa9e82739681dac20/element/f.B91591599C0D94A3FE8D4DD5E396E44C.d.01C550AE1C4D76B3CA82F9EF913B7D05.e.19/text'
01:51:37.582 [Forwarding getElementText on session 28ba4fde78c5196aa9e82739681dac20 to remote] DEBUG org.asynchttpclient.netty.request.NettyRequestSender - Using open Channel [id: 0x359f6fa0, L:/127.0.0.1:62997 - R:localhost/127.0.0.1:14744] for GET '/session/28ba4fde78c5196aa9e82739681dac20/element/f.B91591599C0D94A3FE8D4DD5E396E44C.d.01C550AE1C4D76B3CA82F9EF913B7D05.e.19/text'
01:51:37.595 [AsyncHttpClient-1-2] DEBUG org.asynchttpclient.netty.handler.HttpHandler - 

Request DefaultFullHttpRequest(decodeResult: success, version: HTTP/1.1, content: EmptyByteBufBE)
GET /session/28ba4fde78c5196aa9e82739681dac20/element/f.B91591599C0D94A3FE8D4DD5E396E44C.d.01C550AE1C4D76B3CA82F9EF913B7D05.e.19/text HTTP/1.1
Cache-Control: no-cache
User-Agent: selenium/4.12.0 (java windows)
Content-Type: application/json; charset=utf-8
host: localhost:14744
accept: */*

Response DefaultHttpResponse(decodeResult: success, version: HTTP/1.1)
HTTP/1.1 200 OK
Content-Length: 33
Content-Type: application/json; charset=utf-8
cache-control: no-cache

01:51:37.595 [AsyncHttpClient-1-2] DEBUG org.asynchttpclient.netty.channel.ChannelManager - Adding key: http://localhost:14744 for channel [id: 0x359f6fa0, L:/127.0.0.1:62997 - R:localhost/127.0.0.1:14744]
01:51:37.595 [Forwarding findElement on session 28ba4fde78c5196aa9e82739681dac20 to remote] DEBUG org.asynchttpclient.netty.request.NettyRequestSender - Using pooled Channel '[id: 0x359f6fa0, L:/127.0.0.1:62997 - R:localhost/127.0.0.1:14744]' for 'POST' to 'http://localhost:14744/session/28ba4fde78c5196aa9e82739681dac20/element'
01:51:37.595 [Forwarding findElement on session 28ba4fde78c5196aa9e82739681dac20 to remote] DEBUG org.asynchttpclient.netty.request.NettyRequestSender - Using open Channel [id: 0x359f6fa0, L:/127.0.0.1:62997 - R:localhost/127.0.0.1:14744] for POST '/session/28ba4fde78c5196aa9e82739681dac20/element'
01:51:37.613 [AsyncHttpClient-1-2] DEBUG org.asynchttpclient.netty.handler.HttpHandler - 

Request DefaultHttpRequest(decodeResult: success, version: HTTP/1.1)
POST /session/28ba4fde78c5196aa9e82739681dac20/element HTTP/1.1
User-Agent: selenium/4.12.0 (java windows)
Content-Length: 74
Content-Type: application/json; charset=utf-8
host: localhost:14744
accept: */*

Response DefaultHttpResponse(decodeResult: success, version: HTTP/1.1)
HTTP/1.1 200 OK
Content-Length: 126
Content-Type: application/json; charset=utf-8
cache-control: no-cache

01:51:37.613 [AsyncHttpClient-1-2] DEBUG org.asynchttpclient.netty.channel.ChannelManager - Adding key: http://localhost:14744 for channel [id: 0x359f6fa0, L:/127.0.0.1:62997 - R:localhost/127.0.0.1:14744]
01:51:37.617 [Forwarding clickElement on session 28ba4fde78c5196aa9e82739681dac20 to remote] DEBUG org.asynchttpclient.netty.request.NettyRequestSender - Using pooled Channel '[id: 0x359f6fa0, L:/127.0.0.1:62997 - R:localhost/127.0.0.1:14744]' for 'POST' to 'http://localhost:14744/session/28ba4fde78c5196aa9e82739681dac20/element/f.B91591599C0D94A3FE8D4DD5E396E44C.d.01C550AE1C4D76B3CA82F9EF913B7D05.e.20/click'
01:51:37.617 [Forwarding clickElement on session 28ba4fde78c5196aa9e82739681dac20 to remote] DEBUG org.asynchttpclient.netty.request.NettyRequestSender - Using open Channel [id: 0x359f6fa0, L:/127.0.0.1:62997 - R:localhost/127.0.0.1:14744] for POST '/session/28ba4fde78c5196aa9e82739681dac20/element/f.B91591599C0D94A3FE8D4DD5E396E44C.d.01C550AE1C4D76B3CA82F9EF913B7D05.e.20/click'
01:51:37.711 [AsyncHttpClient-1-2] DEBUG org.asynchttpclient.netty.handler.HttpHandler - 

Request DefaultHttpRequest(decodeResult: success, version: HTTP/1.1)
POST /session/28ba4fde78c5196aa9e82739681dac20/element/f.B91591599C0D94A3FE8D4DD5E396E44C.d.01C550AE1C4D76B3CA82F9EF913B7D05.e.20/click HTTP/1.1
User-Agent: selenium/4.12.0 (java windows)
Content-Length: 88
Content-Type: application/json; charset=utf-8
host: localhost:14744
accept: */*

Response DefaultHttpResponse(decodeResult: success, version: HTTP/1.1)
HTTP/1.1 200 OK
Content-Length: 14
Content-Type: application/json; charset=utf-8
cache-control: no-cache

01:51:37.711 [AsyncHttpClient-1-2] DEBUG org.asynchttpclient.netty.channel.ChannelManager - Adding key: http://localhost:14744 for channel [id: 0x359f6fa0, L:/127.0.0.1:62997 - R:localhost/127.0.0.1:14744]
01:51:38.019 [AsyncHttpClient-1-1] DEBUG org.asynchttpclient.netty.channel.DefaultChannelPool - Entry count for : http://localhost:14744 : 1
01:51:38.019 [AsyncHttpClient-1-1] DEBUG org.asynchttpclient.netty.channel.DefaultChannelPool - Entry count for : http://localhost:62998 : 1
01:51:39.111 [AsyncHttpClient-1-1] DEBUG org.asynchttpclient.netty.channel.DefaultChannelPool - Entry count for : http://localhost:14744 : 1
01:51:39.111 [AsyncHttpClient-1-1] DEBUG org.asynchttpclient.netty.channel.DefaultChannelPool - Entry count for : http://localhost:62998 : 1
01:51:40.214 [AsyncHttpClient-1-1] DEBUG org.asynchttpclient.netty.channel.DefaultChannelPool - Entry count for : http://localhost:14744 : 1
01:51:40.214 [AsyncHttpClient-1-1] DEBUG org.asynchttpclient.netty.channel.DefaultChannelPool - Entry count for : http://localhost:62998 : 1
screen shot class not taking
  Given I am on dashboardasatpute008@gmail.com and Pass@123              # StepDefination.Customer_onboarding.I_am_on_dashboard(java.lang.String,java.lang.String)
01:51:41.309 [AsyncHttpClient-1-1] DEBUG org.asynchttpclient.netty.channel.DefaultChannelPool - Entry count for : http://localhost:14744 : 1
01:51:41.309 [AsyncHttpClient-1-1] DEBUG org.asynchttpclient.netty.channel.DefaultChannelPool - Entry count for : http://localhost:62998 : 1
01:51:42.410 [AsyncHttpClient-1-1] DEBUG org.asynchttpclient.netty.channel.DefaultChannelPool - Entry count for : http://localhost:14744 : 1
01:51:42.410 [AsyncHttpClient-1-1] DEBUG org.asynchttpclient.netty.channel.DefaultChannelPool - Entry count for : http://localhost:62998 : 1
01:51:42.724 [Forwarding findElement on session 28ba4fde78c5196aa9e82739681dac20 to remote] DEBUG org.asynchttpclient.netty.request.NettyRequestSender - Using pooled Channel '[id: 0x359f6fa0, L:/127.0.0.1:62997 - R:localhost/127.0.0.1:14744]' for 'POST' to 'http://localhost:14744/session/28ba4fde78c5196aa9e82739681dac20/element'
01:51:42.724 [Forwarding findElement on session 28ba4fde78c5196aa9e82739681dac20 to remote] DEBUG org.asynchttpclient.netty.request.NettyRequestSender - Using open Channel [id: 0x359f6fa0, L:/127.0.0.1:62997 - R:localhost/127.0.0.1:14744] for POST '/session/28ba4fde78c5196aa9e82739681dac20/element'
01:51:42.748 [AsyncHttpClient-1-2] DEBUG org.asynchttpclient.netty.handler.HttpHandler - 

Request DefaultHttpRequest(decodeResult: success, version: HTTP/1.1)
POST /session/28ba4fde78c5196aa9e82739681dac20/element HTTP/1.1
User-Agent: selenium/4.12.0 (java windows)
Content-Length: 127
Content-Type: application/json; charset=utf-8
host: localhost:14744
accept: */*

Response DefaultHttpResponse(decodeResult: success, version: HTTP/1.1)
HTTP/1.1 200 OK
Content-Length: 126
Content-Type: application/json; charset=utf-8
cache-control: no-cache

01:51:42.748 [AsyncHttpClient-1-2] DEBUG org.asynchttpclient.netty.channel.ChannelManager - Adding key: http://localhost:14744 for channel [id: 0x359f6fa0, L:/127.0.0.1:62997 - R:localhost/127.0.0.1:14744]
01:51:42.748 [Forwarding getElementText on session 28ba4fde78c5196aa9e82739681dac20 to remote] DEBUG org.asynchttpclient.netty.request.NettyRequestSender - Using pooled Channel '[id: 0x359f6fa0, L:/127.0.0.1:62997 - R:localhost/127.0.0.1:14744]' for 'GET' to 'http://localhost:14744/session/28ba4fde78c5196aa9e82739681dac20/element/f.B91591599C0D94A3FE8D4DD5E396E44C.d.8FA883D11905448C7AE75B4B37CB1CE3.e.41/text'
01:51:42.748 [Forwarding getElementText on session 28ba4fde78c5196aa9e82739681dac20 to remote] DEBUG org.asynchttpclient.netty.request.NettyRequestSender - Using open Channel [id: 0x359f6fa0, L:/127.0.0.1:62997 - R:localhost/127.0.0.1:14744] for GET '/session/28ba4fde78c5196aa9e82739681dac20/element/f.B91591599C0D94A3FE8D4DD5E396E44C.d.8FA883D11905448C7AE75B4B37CB1CE3.e.41/text'
01:51:42.765 [AsyncHttpClient-1-2] DEBUG org.asynchttpclient.netty.handler.HttpHandler - 

Request DefaultFullHttpRequest(decodeResult: success, version: HTTP/1.1, content: EmptyByteBufBE)
GET /session/28ba4fde78c5196aa9e82739681dac20/element/f.B91591599C0D94A3FE8D4DD5E396E44C.d.8FA883D11905448C7AE75B4B37CB1CE3.e.41/text HTTP/1.1
Cache-Control: no-cache
User-Agent: selenium/4.12.0 (java windows)
Content-Type: application/json; charset=utf-8
host: localhost:14744
accept: */*

Response DefaultHttpResponse(decodeResult: success, version: HTTP/1.1)
HTTP/1.1 200 OK
Content-Length: 21
Content-Type: application/json; charset=utf-8
cache-control: no-cache

01:51:42.765 [AsyncHttpClient-1-2] DEBUG org.asynchttpclient.netty.channel.ChannelManager - Adding key: http://localhost:14744 for channel [id: 0x359f6fa0, L:/127.0.0.1:62997 - R:localhost/127.0.0.1:14744]
01:51:43.273 [Forwarding findElement on session 28ba4fde78c5196aa9e82739681dac20 to remote] DEBUG org.asynchttpclient.netty.request.NettyRequestSender - Using pooled Channel '[id: 0x359f6fa0, L:/127.0.0.1:62997 - R:localhost/127.0.0.1:14744]' for 'POST' to 'http://localhost:14744/session/28ba4fde78c5196aa9e82739681dac20/element'
01:51:43.273 [Forwarding findElement on session 28ba4fde78c5196aa9e82739681dac20 to remote] DEBUG org.asynchttpclient.netty.request.NettyRequestSender - Using open Channel [id: 0x359f6fa0, L:/127.0.0.1:62997 - R:localhost/127.0.0.1:14744] for POST '/session/28ba4fde78c5196aa9e82739681dac20/element'
01:51:43.522 [AsyncHttpClient-1-1] DEBUG org.asynchttpclient.netty.channel.DefaultChannelPool - Entry count for : http://localhost:62998 : 1
01:51:43.603 [AsyncHttpClient-1-2] DEBUG org.asynchttpclient.netty.handler.HttpHandler - 

Request DefaultHttpRequest(decodeResult: success, version: HTTP/1.1)
POST /session/28ba4fde78c5196aa9e82739681dac20/element HTTP/1.1
User-Agent: selenium/4.12.0 (java windows)
Content-Length: 127
Content-Type: application/json; charset=utf-8
host: localhost:14744
accept: */*

Response DefaultHttpResponse(decodeResult: success, version: HTTP/1.1)
HTTP/1.1 200 OK
Content-Length: 126
Content-Type: application/json; charset=utf-8
cache-control: no-cache

01:51:43.603 [AsyncHttpClient-1-2] DEBUG org.asynchttpclient.netty.channel.ChannelManager - Adding key: http://localhost:14744 for channel [id: 0x359f6fa0, L:/127.0.0.1:62997 - R:localhost/127.0.0.1:14744]
01:51:43.611 [Forwarding clickElement on session 28ba4fde78c5196aa9e82739681dac20 to remote] DEBUG org.asynchttpclient.netty.request.NettyRequestSender - Using pooled Channel '[id: 0x359f6fa0, L:/127.0.0.1:62997 - R:localhost/127.0.0.1:14744]' for 'POST' to 'http://localhost:14744/session/28ba4fde78c5196aa9e82739681dac20/element/f.B91591599C0D94A3FE8D4DD5E396E44C.d.8FA883D11905448C7AE75B4B37CB1CE3.e.41/click'
01:51:43.611 [Forwarding clickElement on session 28ba4fde78c5196aa9e82739681dac20 to remote] DEBUG org.asynchttpclient.netty.request.NettyRequestSender - Using open Channel [id: 0x359f6fa0, L:/127.0.0.1:62997 - R:localhost/127.0.0.1:14744] for POST '/session/28ba4fde78c5196aa9e82739681dac20/element/f.B91591599C0D94A3FE8D4DD5E396E44C.d.8FA883D11905448C7AE75B4B37CB1CE3.e.41/click'
01:51:43.783 [AsyncHttpClient-1-2] DEBUG org.asynchttpclient.netty.handler.HttpHandler - 

Request DefaultHttpRequest(decodeResult: success, version: HTTP/1.1)
POST /session/28ba4fde78c5196aa9e82739681dac20/element/f.B91591599C0D94A3FE8D4DD5E396E44C.d.8FA883D11905448C7AE75B4B37CB1CE3.e.41/click HTTP/1.1
User-Agent: selenium/4.12.0 (java windows)
Content-Length: 88
Content-Type: application/json; charset=utf-8
host: localhost:14744
accept: */*

Response DefaultHttpResponse(decodeResult: success, version: HTTP/1.1)
HTTP/1.1 200 OK
Content-Length: 14
Content-Type: application/json; charset=utf-8
cache-control: no-cache

01:51:43.783 [AsyncHttpClient-1-2] DEBUG org.asynchttpclient.netty.channel.ChannelManager - Adding key: http://localhost:14744 for channel [id: 0x359f6fa0, L:/127.0.0.1:62997 - R:localhost/127.0.0.1:14744]
01:51:44.607 [AsyncHttpClient-1-1] DEBUG org.asynchttpclient.netty.channel.DefaultChannelPool - Entry count for : http://localhost:14744 : 1
01:51:44.607 [AsyncHttpClient-1-1] DEBUG org.asynchttpclient.netty.channel.DefaultChannelPool - Entry count for : http://localhost:62998 : 1
01:51:45.718 [AsyncHttpClient-1-1] DEBUG org.asynchttpclient.netty.channel.DefaultChannelPool - Entry count for : http://localhost:14744 : 1
01:51:45.718 [AsyncHttpClient-1-1] DEBUG org.asynchttpclient.netty.channel.DefaultChannelPool - Entry count for : http://localhost:62998 : 1
screen shot class not taking
01:51:45.793 [Forwarding findElement on session 28ba4fde78c5196aa9e82739681dac20 to remote] DEBUG org.asynchttpclient.netty.request.NettyRequestSender - Using pooled Channel '[id: 0x359f6fa0, L:/127.0.0.1:62997 - R:localhost/127.0.0.1:14744]' for 'POST' to 'http://localhost:14744/session/28ba4fde78c5196aa9e82739681dac20/element'
01:51:45.793 [Forwarding findElement on session 28ba4fde78c5196aa9e82739681dac20 to remote] DEBUG org.asynchttpclient.netty.request.NettyRequestSender - Using open Channel [id: 0x359f6fa0, L:/127.0.0.1:62997 - R:localhost/127.0.0.1:14744] for POST '/session/28ba4fde78c5196aa9e82739681dac20/element'
01:51:45.817 [AsyncHttpClient-1-2] DEBUG org.asynchttpclient.netty.handler.HttpHandler - 

Request DefaultHttpRequest(decodeResult: success, version: HTTP/1.1)
POST /session/28ba4fde78c5196aa9e82739681dac20/element HTTP/1.1
User-Agent: selenium/4.12.0 (java windows)
Content-Length: 178
Content-Type: application/json; charset=utf-8
host: localhost:14744
accept: */*

Response DefaultHttpResponse(decodeResult: success, version: HTTP/1.1)
HTTP/1.1 200 OK
Content-Length: 126
Content-Type: application/json; charset=utf-8
cache-control: no-cache

01:51:45.817 [AsyncHttpClient-1-2] DEBUG org.asynchttpclient.netty.channel.ChannelManager - Adding key: http://localhost:14744 for channel [id: 0x359f6fa0, L:/127.0.0.1:62997 - R:localhost/127.0.0.1:14744]
01:51:45.817 [Forwarding getElementText on session 28ba4fde78c5196aa9e82739681dac20 to remote] DEBUG org.asynchttpclient.netty.request.NettyRequestSender - Using pooled Channel '[id: 0x359f6fa0, L:/127.0.0.1:62997 - R:localhost/127.0.0.1:14744]' for 'GET' to 'http://localhost:14744/session/28ba4fde78c5196aa9e82739681dac20/element/f.B91591599C0D94A3FE8D4DD5E396E44C.d.8FA883D11905448C7AE75B4B37CB1CE3.e.46/text'
01:51:45.817 [Forwarding getElementText on session 28ba4fde78c5196aa9e82739681dac20 to remote] DEBUG org.asynchttpclient.netty.request.NettyRequestSender - Using open Channel [id: 0x359f6fa0, L:/127.0.0.1:62997 - R:localhost/127.0.0.1:14744] for GET '/session/28ba4fde78c5196aa9e82739681dac20/element/f.B91591599C0D94A3FE8D4DD5E396E44C.d.8FA883D11905448C7AE75B4B37CB1CE3.e.46/text'
01:51:45.835 [AsyncHttpClient-1-2] DEBUG org.asynchttpclient.netty.handler.HttpHandler - 

Request DefaultFullHttpRequest(decodeResult: success, version: HTTP/1.1, content: EmptyByteBufBE)
GET /session/28ba4fde78c5196aa9e82739681dac20/element/f.B91591599C0D94A3FE8D4DD5E396E44C.d.8FA883D11905448C7AE75B4B37CB1CE3.e.46/text HTTP/1.1
Cache-Control: no-cache
User-Agent: selenium/4.12.0 (java windows)
Content-Type: application/json; charset=utf-8
host: localhost:14744
accept: */*

Response DefaultHttpResponse(decodeResult: success, version: HTTP/1.1)
HTTP/1.1 200 OK
Content-Length: 28
Content-Type: application/json; charset=utf-8
cache-control: no-cache

01:51:45.835 [AsyncHttpClient-1-2] DEBUG org.asynchttpclient.netty.channel.ChannelManager - Adding key: http://localhost:14744 for channel [id: 0x359f6fa0, L:/127.0.0.1:62997 - R:localhost/127.0.0.1:14744]
01:51:45.835 [Forwarding findElement on session 28ba4fde78c5196aa9e82739681dac20 to remote] DEBUG org.asynchttpclient.netty.request.NettyRequestSender - Using pooled Channel '[id: 0x359f6fa0, L:/127.0.0.1:62997 - R:localhost/127.0.0.1:14744]' for 'POST' to 'http://localhost:14744/session/28ba4fde78c5196aa9e82739681dac20/element'
01:51:45.835 [Forwarding findElement on session 28ba4fde78c5196aa9e82739681dac20 to remote] DEBUG org.asynchttpclient.netty.request.NettyRequestSender - Using open Channel [id: 0x359f6fa0, L:/127.0.0.1:62997 - R:localhost/127.0.0.1:14744] for POST '/session/28ba4fde78c5196aa9e82739681dac20/element'
01:51:45.850 [AsyncHttpClient-1-2] DEBUG org.asynchttpclient.netty.handler.HttpHandler - 

Request DefaultHttpRequest(decodeResult: success, version: HTTP/1.1)
POST /session/28ba4fde78c5196aa9e82739681dac20/element HTTP/1.1
User-Agent: selenium/4.12.0 (java windows)
Content-Length: 178
Content-Type: application/json; charset=utf-8
host: localhost:14744
accept: */*

Response DefaultHttpResponse(decodeResult: success, version: HTTP/1.1)
HTTP/1.1 200 OK
Content-Length: 126
Content-Type: application/json; charset=utf-8
cache-control: no-cache

01:51:45.850 [AsyncHttpClient-1-2] DEBUG org.asynchttpclient.netty.channel.ChannelManager - Adding key: http://localhost:14744 for channel [id: 0x359f6fa0, L:/127.0.0.1:62997 - R:localhost/127.0.0.1:14744]
01:51:45.850 [Forwarding clickElement on session 28ba4fde78c5196aa9e82739681dac20 to remote] DEBUG org.asynchttpclient.netty.request.NettyRequestSender - Using pooled Channel '[id: 0x359f6fa0, L:/127.0.0.1:62997 - R:localhost/127.0.0.1:14744]' for 'POST' to 'http://localhost:14744/session/28ba4fde78c5196aa9e82739681dac20/element/f.B91591599C0D94A3FE8D4DD5E396E44C.d.8FA883D11905448C7AE75B4B37CB1CE3.e.46/click'
01:51:45.850 [Forwarding clickElement on session 28ba4fde78c5196aa9e82739681dac20 to remote] DEBUG org.asynchttpclient.netty.request.NettyRequestSender - Using open Channel [id: 0x359f6fa0, L:/127.0.0.1:62997 - R:localhost/127.0.0.1:14744] for POST '/session/28ba4fde78c5196aa9e82739681dac20/element/f.B91591599C0D94A3FE8D4DD5E396E44C.d.8FA883D11905448C7AE75B4B37CB1CE3.e.46/click'
01:51:45.965 [AsyncHttpClient-1-2] DEBUG org.asynchttpclient.netty.handler.HttpHandler - 

Request DefaultHttpRequest(decodeResult: success, version: HTTP/1.1)
POST /session/28ba4fde78c5196aa9e82739681dac20/element/f.B91591599C0D94A3FE8D4DD5E396E44C.d.8FA883D11905448C7AE75B4B37CB1CE3.e.46/click HTTP/1.1
User-Agent: selenium/4.12.0 (java windows)
Content-Length: 88
Content-Type: application/json; charset=utf-8
host: localhost:14744
accept: */*

Response DefaultHttpResponse(decodeResult: success, version: HTTP/1.1)
HTTP/1.1 200 OK
Content-Length: 14
Content-Type: application/json; charset=utf-8
cache-control: no-cache

01:51:45.965 [AsyncHttpClient-1-2] DEBUG org.asynchttpclient.netty.channel.ChannelManager - Adding key: http://localhost:14744 for channel [id: 0x359f6fa0, L:/127.0.0.1:62997 - R:localhost/127.0.0.1:14744]
  When Open customer form                                                # StepDefination.Customer_onboarding.Open_customer_form()
01:51:46.806 [AsyncHttpClient-1-1] DEBUG org.asynchttpclient.netty.channel.DefaultChannelPool - Entry count for : http://localhost:14744 : 1
01:51:46.806 [AsyncHttpClient-1-1] DEBUG org.asynchttpclient.netty.channel.DefaultChannelPool - Entry count for : http://localhost:62998 : 1
01:51:47.482 [Forwarding findElement on session 28ba4fde78c5196aa9e82739681dac20 to remote] DEBUG org.asynchttpclient.netty.request.NettyRequestSender - Using pooled Channel '[id: 0x359f6fa0, L:/127.0.0.1:62997 - R:localhost/127.0.0.1:14744]' for 'POST' to 'http://localhost:14744/session/28ba4fde78c5196aa9e82739681dac20/element'
01:51:47.482 [Forwarding findElement on session 28ba4fde78c5196aa9e82739681dac20 to remote] DEBUG org.asynchttpclient.netty.request.NettyRequestSender - Using open Channel [id: 0x359f6fa0, L:/127.0.0.1:62997 - R:localhost/127.0.0.1:14744] for POST '/session/28ba4fde78c5196aa9e82739681dac20/element'
01:51:47.498 [AsyncHttpClient-1-2] DEBUG org.asynchttpclient.netty.handler.HttpHandler - 

Request DefaultHttpRequest(decodeResult: success, version: HTTP/1.1)
POST /session/28ba4fde78c5196aa9e82739681dac20/element HTTP/1.1
User-Agent: selenium/4.12.0 (java windows)
Content-Length: 114
Content-Type: application/json; charset=utf-8
host: localhost:14744
accept: */*

Response DefaultHttpResponse(decodeResult: success, version: HTTP/1.1)
HTTP/1.1 200 OK
Content-Length: 126
Content-Type: application/json; charset=utf-8
cache-control: no-cache

01:51:47.498 [AsyncHttpClient-1-2] DEBUG org.asynchttpclient.netty.channel.ChannelManager - Adding key: http://localhost:14744 for channel [id: 0x359f6fa0, L:/127.0.0.1:62997 - R:localhost/127.0.0.1:14744]
01:51:47.498 [Forwarding sendKeysToElement on session 28ba4fde78c5196aa9e82739681dac20 to remote] DEBUG org.asynchttpclient.netty.request.NettyRequestSender - Using pooled Channel '[id: 0x359f6fa0, L:/127.0.0.1:62997 - R:localhost/127.0.0.1:14744]' for 'POST' to 'http://localhost:14744/session/28ba4fde78c5196aa9e82739681dac20/element/f.B91591599C0D94A3FE8D4DD5E396E44C.d.8FA883D11905448C7AE75B4B37CB1CE3.e.48/value'
01:51:47.498 [Forwarding sendKeysToElement on session 28ba4fde78c5196aa9e82739681dac20 to remote] DEBUG org.asynchttpclient.netty.request.NettyRequestSender - Using open Channel [id: 0x359f6fa0, L:/127.0.0.1:62997 - R:localhost/127.0.0.1:14744] for POST '/session/28ba4fde78c5196aa9e82739681dac20/element/f.B91591599C0D94A3FE8D4DD5E396E44C.d.8FA883D11905448C7AE75B4B37CB1CE3.e.48/value'
01:51:47.911 [AsyncHttpClient-1-1] DEBUG org.asynchttpclient.netty.channel.DefaultChannelPool - Entry count for : http://localhost:62998 : 1
01:51:47.911 [AsyncHttpClient-1-2] DEBUG org.asynchttpclient.netty.handler.HttpHandler - 

Request DefaultHttpRequest(decodeResult: success, version: HTTP/1.1)
POST /session/28ba4fde78c5196aa9e82739681dac20/element/f.B91591599C0D94A3FE8D4DD5E396E44C.d.8FA883D11905448C7AE75B4B37CB1CE3.e.48/value HTTP/1.1
User-Agent: selenium/4.12.0 (java windows)
Content-Length: 349
Content-Type: application/json; charset=utf-8
host: localhost:14744
accept: */*

Response DefaultHttpResponse(decodeResult: success, version: HTTP/1.1)
HTTP/1.1 200 OK
Content-Length: 14
Content-Type: application/json; charset=utf-8
cache-control: no-cache

01:51:47.911 [AsyncHttpClient-1-2] DEBUG org.asynchttpclient.netty.channel.ChannelManager - Adding key: http://localhost:14744 for channel [id: 0x359f6fa0, L:/127.0.0.1:62997 - R:localhost/127.0.0.1:14744]
01:51:47.911 [Forwarding findElement on session 28ba4fde78c5196aa9e82739681dac20 to remote] DEBUG org.asynchttpclient.netty.request.NettyRequestSender - Using pooled Channel '[id: 0x359f6fa0, L:/127.0.0.1:62997 - R:localhost/127.0.0.1:14744]' for 'POST' to 'http://localhost:14744/session/28ba4fde78c5196aa9e82739681dac20/element'
01:51:47.911 [Forwarding findElement on session 28ba4fde78c5196aa9e82739681dac20 to remote] DEBUG org.asynchttpclient.netty.request.NettyRequestSender - Using open Channel [id: 0x359f6fa0, L:/127.0.0.1:62997 - R:localhost/127.0.0.1:14744] for POST '/session/28ba4fde78c5196aa9e82739681dac20/element'
01:51:47.942 [AsyncHttpClient-1-2] DEBUG org.asynchttpclient.netty.handler.HttpHandler - 

Request DefaultHttpRequest(decodeResult: success, version: HTTP/1.1)
POST /session/28ba4fde78c5196aa9e82739681dac20/element HTTP/1.1
User-Agent: selenium/4.12.0 (java windows)
Content-Length: 87
Content-Type: application/json; charset=utf-8
host: localhost:14744
accept: */*

Response DefaultHttpResponse(decodeResult: success, version: HTTP/1.1)
HTTP/1.1 200 OK
Content-Length: 126
Content-Type: application/json; charset=utf-8
cache-control: no-cache

01:51:47.942 [AsyncHttpClient-1-2] DEBUG org.asynchttpclient.netty.channel.ChannelManager - Adding key: http://localhost:14744 for channel [id: 0x359f6fa0, L:/127.0.0.1:62997 - R:localhost/127.0.0.1:14744]
01:51:47.942 [Forwarding sendKeysToElement on session 28ba4fde78c5196aa9e82739681dac20 to remote] DEBUG org.asynchttpclient.netty.request.NettyRequestSender - Using pooled Channel '[id: 0x359f6fa0, L:/127.0.0.1:62997 - R:localhost/127.0.0.1:14744]' for 'POST' to 'http://localhost:14744/session/28ba4fde78c5196aa9e82739681dac20/element/f.B91591599C0D94A3FE8D4DD5E396E44C.d.8FA883D11905448C7AE75B4B37CB1CE3.e.49/value'
01:51:47.942 [Forwarding sendKeysToElement on session 28ba4fde78c5196aa9e82739681dac20 to remote] DEBUG org.asynchttpclient.netty.request.NettyRequestSender - Using open Channel [id: 0x359f6fa0, L:/127.0.0.1:62997 - R:localhost/127.0.0.1:14744] for POST '/session/28ba4fde78c5196aa9e82739681dac20/element/f.B91591599C0D94A3FE8D4DD5E396E44C.d.8FA883D11905448C7AE75B4B37CB1CE3.e.49/value'
01:51:48.109 [AsyncHttpClient-1-2] DEBUG org.asynchttpclient.netty.handler.HttpHandler - 

Request DefaultHttpRequest(decodeResult: success, version: HTTP/1.1)
POST /session/28ba4fde78c5196aa9e82739681dac20/element/f.B91591599C0D94A3FE8D4DD5E396E44C.d.8FA883D11905448C7AE75B4B37CB1CE3.e.49/value HTTP/1.1
User-Agent: selenium/4.12.0 (java windows)
Content-Length: 179
Content-Type: application/json; charset=utf-8
host: localhost:14744
accept: */*

Response DefaultHttpResponse(decodeResult: success, version: HTTP/1.1)
HTTP/1.1 200 OK
Content-Length: 14
Content-Type: application/json; charset=utf-8
cache-control: no-cache

01:51:48.109 [AsyncHttpClient-1-2] DEBUG org.asynchttpclient.netty.channel.ChannelManager - Adding key: http://localhost:14744 for channel [id: 0x359f6fa0, L:/127.0.0.1:62997 - R:localhost/127.0.0.1:14744]
01:51:48.111 [Forwarding findElement on session 28ba4fde78c5196aa9e82739681dac20 to remote] DEBUG org.asynchttpclient.netty.request.NettyRequestSender - Using pooled Channel '[id: 0x359f6fa0, L:/127.0.0.1:62997 - R:localhost/127.0.0.1:14744]' for 'POST' to 'http://localhost:14744/session/28ba4fde78c5196aa9e82739681dac20/element'
01:51:48.111 [Forwarding findElement on session 28ba4fde78c5196aa9e82739681dac20 to remote] DEBUG org.asynchttpclient.netty.request.NettyRequestSender - Using open Channel [id: 0x359f6fa0, L:/127.0.0.1:62997 - R:localhost/127.0.0.1:14744] for POST '/session/28ba4fde78c5196aa9e82739681dac20/element'
01:51:48.130 [AsyncHttpClient-1-2] DEBUG org.asynchttpclient.netty.handler.HttpHandler - 

Request DefaultHttpRequest(decodeResult: success, version: HTTP/1.1)
POST /session/28ba4fde78c5196aa9e82739681dac20/element HTTP/1.1
User-Agent: selenium/4.12.0 (java windows)
Content-Length: 96
Content-Type: application/json; charset=utf-8
host: localhost:14744
accept: */*

Response DefaultHttpResponse(decodeResult: success, version: HTTP/1.1)
HTTP/1.1 200 OK
Content-Length: 126
Content-Type: application/json; charset=utf-8
cache-control: no-cache

01:51:48.130 [AsyncHttpClient-1-2] DEBUG org.asynchttpclient.netty.channel.ChannelManager - Adding key: http://localhost:14744 for channel [id: 0x359f6fa0, L:/127.0.0.1:62997 - R:localhost/127.0.0.1:14744]
01:51:48.132 [Forwarding sendKeysToElement on session 28ba4fde78c5196aa9e82739681dac20 to remote] DEBUG org.asynchttpclient.netty.request.NettyRequestSender - Using pooled Channel '[id: 0x359f6fa0, L:/127.0.0.1:62997 - R:localhost/127.0.0.1:14744]' for 'POST' to 'http://localhost:14744/session/28ba4fde78c5196aa9e82739681dac20/element/f.B91591599C0D94A3FE8D4DD5E396E44C.d.8FA883D11905448C7AE75B4B37CB1CE3.e.50/value'
01:51:48.132 [Forwarding sendKeysToElement on session 28ba4fde78c5196aa9e82739681dac20 to remote] DEBUG org.asynchttpclient.netty.request.NettyRequestSender - Using open Channel [id: 0x359f6fa0, L:/127.0.0.1:62997 - R:localhost/127.0.0.1:14744] for POST '/session/28ba4fde78c5196aa9e82739681dac20/element/f.B91591599C0D94A3FE8D4DD5E396E44C.d.8FA883D11905448C7AE75B4B37CB1CE3.e.50/value'
01:51:48.363 [AsyncHttpClient-1-2] DEBUG org.asynchttpclient.netty.handler.HttpHandler - 

Request DefaultHttpRequest(decodeResult: success, version: HTTP/1.1)
POST /session/28ba4fde78c5196aa9e82739681dac20/element/f.B91591599C0D94A3FE8D4DD5E396E44C.d.8FA883D11905448C7AE75B4B37CB1CE3.e.50/value HTTP/1.1
User-Agent: selenium/4.12.0 (java windows)
Content-Length: 229
Content-Type: application/json; charset=utf-8
host: localhost:14744
accept: */*

Response DefaultHttpResponse(decodeResult: success, version: HTTP/1.1)
HTTP/1.1 200 OK
Content-Length: 14
Content-Type: application/json; charset=utf-8
cache-control: no-cache

01:51:48.363 [AsyncHttpClient-1-2] DEBUG org.asynchttpclient.netty.channel.ChannelManager - Adding key: http://localhost:14744 for channel [id: 0x359f6fa0, L:/127.0.0.1:62997 - R:localhost/127.0.0.1:14744]
01:51:48.364 [Forwarding findElement on session 28ba4fde78c5196aa9e82739681dac20 to remote] DEBUG org.asynchttpclient.netty.request.NettyRequestSender - Using pooled Channel '[id: 0x359f6fa0, L:/127.0.0.1:62997 - R:localhost/127.0.0.1:14744]' for 'POST' to 'http://localhost:14744/session/28ba4fde78c5196aa9e82739681dac20/element'
01:51:48.364 [Forwarding findElement on session 28ba4fde78c5196aa9e82739681dac20 to remote] DEBUG org.asynchttpclient.netty.request.NettyRequestSender - Using open Channel [id: 0x359f6fa0, L:/127.0.0.1:62997 - R:localhost/127.0.0.1:14744] for POST '/session/28ba4fde78c5196aa9e82739681dac20/element'
01:51:48.382 [AsyncHttpClient-1-2] DEBUG org.asynchttpclient.netty.handler.HttpHandler - 

Request DefaultHttpRequest(decodeResult: success, version: HTTP/1.1)
POST /session/28ba4fde78c5196aa9e82739681dac20/element HTTP/1.1
User-Agent: selenium/4.12.0 (java windows)
Content-Length: 84
Content-Type: application/json; charset=utf-8
host: localhost:14744
accept: */*

Response DefaultHttpResponse(decodeResult: success, version: HTTP/1.1)
HTTP/1.1 200 OK
Content-Length: 126
Content-Type: application/json; charset=utf-8
cache-control: no-cache

01:51:48.382 [AsyncHttpClient-1-2] DEBUG org.asynchttpclient.netty.channel.ChannelManager - Adding key: http://localhost:14744 for channel [id: 0x359f6fa0, L:/127.0.0.1:62997 - R:localhost/127.0.0.1:14744]
01:51:48.387 [Forwarding sendKeysToElement on session 28ba4fde78c5196aa9e82739681dac20 to remote] DEBUG org.asynchttpclient.netty.request.NettyRequestSender - Using pooled Channel '[id: 0x359f6fa0, L:/127.0.0.1:62997 - R:localhost/127.0.0.1:14744]' for 'POST' to 'http://localhost:14744/session/28ba4fde78c5196aa9e82739681dac20/element/f.B91591599C0D94A3FE8D4DD5E396E44C.d.8FA883D11905448C7AE75B4B37CB1CE3.e.51/value'
01:51:48.387 [Forwarding sendKeysToElement on session 28ba4fde78c5196aa9e82739681dac20 to remote] DEBUG org.asynchttpclient.netty.request.NettyRequestSender - Using open Channel [id: 0x359f6fa0, L:/127.0.0.1:62997 - R:localhost/127.0.0.1:14744] for POST '/session/28ba4fde78c5196aa9e82739681dac20/element/f.B91591599C0D94A3FE8D4DD5E396E44C.d.8FA883D11905448C7AE75B4B37CB1CE3.e.51/value'
01:51:48.634 [AsyncHttpClient-1-2] DEBUG org.asynchttpclient.netty.handler.HttpHandler - 

Request DefaultHttpRequest(decodeResult: success, version: HTTP/1.1)
POST /session/28ba4fde78c5196aa9e82739681dac20/element/f.B91591599C0D94A3FE8D4DD5E396E44C.d.8FA883D11905448C7AE75B4B37CB1CE3.e.51/value HTTP/1.1
User-Agent: selenium/4.12.0 (java windows)
Content-Length: 249
Content-Type: application/json; charset=utf-8
host: localhost:14744
accept: */*

Response DefaultHttpResponse(decodeResult: success, version: HTTP/1.1)
HTTP/1.1 200 OK
Content-Length: 14
Content-Type: application/json; charset=utf-8
cache-control: no-cache

01:51:48.634 [AsyncHttpClient-1-2] DEBUG org.asynchttpclient.netty.channel.ChannelManager - Adding key: http://localhost:14744 for channel [id: 0x359f6fa0, L:/127.0.0.1:62997 - R:localhost/127.0.0.1:14744]
01:51:49.011 [AsyncHttpClient-1-1] DEBUG org.asynchttpclient.netty.channel.DefaultChannelPool - Entry count for : http://localhost:14744 : 1
01:51:49.011 [AsyncHttpClient-1-1] DEBUG org.asynchttpclient.netty.channel.DefaultChannelPool - Entry count for : http://localhost:62998 : 1
screen shot class not taking
  And Provide the company DetailsRandom 447788 Sara_Sharma www.royal.com # StepDefination.Customer_onboarding.Provide_the_customer_Details(java.lang.String,java.lang.String,java.lang.String,java.lang.String)
01:51:50.114 [AsyncHttpClient-1-1] DEBUG org.asynchttpclient.netty.channel.DefaultChannelPool - Entry count for : http://localhost:14744 : 1
01:51:50.114 [AsyncHttpClient-1-1] DEBUG org.asynchttpclient.netty.channel.DefaultChannelPool - Entry count for : http://localhost:62998 : 1
01:51:50.147 [Forwarding findElement on session 28ba4fde78c5196aa9e82739681dac20 to remote] DEBUG org.asynchttpclient.netty.request.NettyRequestSender - Using pooled Channel '[id: 0x359f6fa0, L:/127.0.0.1:62997 - R:localhost/127.0.0.1:14744]' for 'POST' to 'http://localhost:14744/session/28ba4fde78c5196aa9e82739681dac20/element'
01:51:50.147 [Forwarding findElement on session 28ba4fde78c5196aa9e82739681dac20 to remote] DEBUG org.asynchttpclient.netty.request.NettyRequestSender - Using open Channel [id: 0x359f6fa0, L:/127.0.0.1:62997 - R:localhost/127.0.0.1:14744] for POST '/session/28ba4fde78c5196aa9e82739681dac20/element'
01:51:50.181 [AsyncHttpClient-1-2] DEBUG org.asynchttpclient.netty.handler.HttpHandler - 

Request DefaultHttpRequest(decodeResult: success, version: HTTP/1.1)
POST /session/28ba4fde78c5196aa9e82739681dac20/element HTTP/1.1
User-Agent: selenium/4.12.0 (java windows)
Content-Length: 88
Content-Type: application/json; charset=utf-8
host: localhost:14744
accept: */*

Response DefaultHttpResponse(decodeResult: success, version: HTTP/1.1)
HTTP/1.1 200 OK
Content-Length: 126
Content-Type: application/json; charset=utf-8
cache-control: no-cache

01:51:50.181 [AsyncHttpClient-1-2] DEBUG org.asynchttpclient.netty.channel.ChannelManager - Adding key: http://localhost:14744 for channel [id: 0x359f6fa0, L:/127.0.0.1:62997 - R:localhost/127.0.0.1:14744]
01:51:50.181 [Forwarding sendKeysToElement on session 28ba4fde78c5196aa9e82739681dac20 to remote] DEBUG org.asynchttpclient.netty.request.NettyRequestSender - Using pooled Channel '[id: 0x359f6fa0, L:/127.0.0.1:62997 - R:localhost/127.0.0.1:14744]' for 'POST' to 'http://localhost:14744/session/28ba4fde78c5196aa9e82739681dac20/element/f.B91591599C0D94A3FE8D4DD5E396E44C.d.8FA883D11905448C7AE75B4B37CB1CE3.e.57/value'
01:51:50.181 [Forwarding sendKeysToElement on session 28ba4fde78c5196aa9e82739681dac20 to remote] DEBUG org.asynchttpclient.netty.request.NettyRequestSender - Using open Channel [id: 0x359f6fa0, L:/127.0.0.1:62997 - R:localhost/127.0.0.1:14744] for POST '/session/28ba4fde78c5196aa9e82739681dac20/element/f.B91591599C0D94A3FE8D4DD5E396E44C.d.8FA883D11905448C7AE75B4B37CB1CE3.e.57/value'
01:51:50.482 [AsyncHttpClient-1-2] DEBUG org.asynchttpclient.netty.handler.HttpHandler - 

Request DefaultHttpRequest(decodeResult: success, version: HTTP/1.1)
POST /session/28ba4fde78c5196aa9e82739681dac20/element/f.B91591599C0D94A3FE8D4DD5E396E44C.d.8FA883D11905448C7AE75B4B37CB1CE3.e.57/value HTTP/1.1
User-Agent: selenium/4.12.0 (java windows)
Content-Length: 259
Content-Type: application/json; charset=utf-8
host: localhost:14744
accept: */*

Response DefaultHttpResponse(decodeResult: success, version: HTTP/1.1)
HTTP/1.1 200 OK
Content-Length: 14
Content-Type: application/json; charset=utf-8
cache-control: no-cache

01:51:50.482 [AsyncHttpClient-1-2] DEBUG org.asynchttpclient.netty.channel.ChannelManager - Adding key: http://localhost:14744 for channel [id: 0x359f6fa0, L:/127.0.0.1:62997 - R:localhost/127.0.0.1:14744]
01:51:50.482 [Forwarding findElement on session 28ba4fde78c5196aa9e82739681dac20 to remote] DEBUG org.asynchttpclient.netty.request.NettyRequestSender - Using pooled Channel '[id: 0x359f6fa0, L:/127.0.0.1:62997 - R:localhost/127.0.0.1:14744]' for 'POST' to 'http://localhost:14744/session/28ba4fde78c5196aa9e82739681dac20/element'
01:51:50.482 [Forwarding findElement on session 28ba4fde78c5196aa9e82739681dac20 to remote] DEBUG org.asynchttpclient.netty.request.NettyRequestSender - Using open Channel [id: 0x359f6fa0, L:/127.0.0.1:62997 - R:localhost/127.0.0.1:14744] for POST '/session/28ba4fde78c5196aa9e82739681dac20/element'
01:51:50.523 [AsyncHttpClient-1-2] DEBUG org.asynchttpclient.netty.handler.HttpHandler - 

Request DefaultHttpRequest(decodeResult: success, version: HTTP/1.1)
POST /session/28ba4fde78c5196aa9e82739681dac20/element HTTP/1.1
User-Agent: selenium/4.12.0 (java windows)
Content-Length: 75
Content-Type: application/json; charset=utf-8
host: localhost:14744
accept: */*

Response DefaultHttpResponse(decodeResult: success, version: HTTP/1.1)
HTTP/1.1 200 OK
Content-Length: 126
Content-Type: application/json; charset=utf-8
cache-control: no-cache

01:51:50.523 [AsyncHttpClient-1-2] DEBUG org.asynchttpclient.netty.channel.ChannelManager - Adding key: http://localhost:14744 for channel [id: 0x359f6fa0, L:/127.0.0.1:62997 - R:localhost/127.0.0.1:14744]
01:51:50.523 [Forwarding sendKeysToElement on session 28ba4fde78c5196aa9e82739681dac20 to remote] DEBUG org.asynchttpclient.netty.request.NettyRequestSender - Using pooled Channel '[id: 0x359f6fa0, L:/127.0.0.1:62997 - R:localhost/127.0.0.1:14744]' for 'POST' to 'http://localhost:14744/session/28ba4fde78c5196aa9e82739681dac20/element/f.B91591599C0D94A3FE8D4DD5E396E44C.d.8FA883D11905448C7AE75B4B37CB1CE3.e.58/value'
01:51:50.523 [Forwarding sendKeysToElement on session 28ba4fde78c5196aa9e82739681dac20 to remote] DEBUG org.asynchttpclient.netty.request.NettyRequestSender - Using open Channel [id: 0x359f6fa0, L:/127.0.0.1:62997 - R:localhost/127.0.0.1:14744] for POST '/session/28ba4fde78c5196aa9e82739681dac20/element/f.B91591599C0D94A3FE8D4DD5E396E44C.d.8FA883D11905448C7AE75B4B37CB1CE3.e.58/value'
01:51:50.920 [AsyncHttpClient-1-2] DEBUG org.asynchttpclient.netty.handler.HttpHandler - 

Request DefaultHttpRequest(decodeResult: success, version: HTTP/1.1)
POST /session/28ba4fde78c5196aa9e82739681dac20/element/f.B91591599C0D94A3FE8D4DD5E396E44C.d.8FA883D11905448C7AE75B4B37CB1CE3.e.58/value HTTP/1.1
User-Agent: selenium/4.12.0 (java windows)
Content-Length: 139
Content-Type: application/json; charset=utf-8
host: localhost:14744
accept: */*

Response DefaultHttpResponse(decodeResult: success, version: HTTP/1.1)
HTTP/1.1 200 OK
Content-Length: 14
Content-Type: application/json; charset=utf-8
cache-control: no-cache

01:51:50.920 [AsyncHttpClient-1-2] DEBUG org.asynchttpclient.netty.channel.ChannelManager - Adding key: http://localhost:14744 for channel [id: 0x359f6fa0, L:/127.0.0.1:62997 - R:localhost/127.0.0.1:14744]
01:51:50.920 [Forwarding findElement on session 28ba4fde78c5196aa9e82739681dac20 to remote] DEBUG org.asynchttpclient.netty.request.NettyRequestSender - Using pooled Channel '[id: 0x359f6fa0, L:/127.0.0.1:62997 - R:localhost/127.0.0.1:14744]' for 'POST' to 'http://localhost:14744/session/28ba4fde78c5196aa9e82739681dac20/element'
01:51:50.920 [Forwarding findElement on session 28ba4fde78c5196aa9e82739681dac20 to remote] DEBUG org.asynchttpclient.netty.request.NettyRequestSender - Using open Channel [id: 0x359f6fa0, L:/127.0.0.1:62997 - R:localhost/127.0.0.1:14744] for POST '/session/28ba4fde78c5196aa9e82739681dac20/element'
01:51:50.952 [AsyncHttpClient-1-2] DEBUG org.asynchttpclient.netty.handler.HttpHandler - 

Request DefaultHttpRequest(decodeResult: success, version: HTTP/1.1)
POST /session/28ba4fde78c5196aa9e82739681dac20/element HTTP/1.1
User-Agent: selenium/4.12.0 (java windows)
Content-Length: 90
Content-Type: application/json; charset=utf-8
host: localhost:14744
accept: */*

Response DefaultHttpResponse(decodeResult: success, version: HTTP/1.1)
HTTP/1.1 200 OK
Content-Length: 126
Content-Type: application/json; charset=utf-8
cache-control: no-cache

01:51:50.952 [AsyncHttpClient-1-2] DEBUG org.asynchttpclient.netty.channel.ChannelManager - Adding key: http://localhost:14744 for channel [id: 0x359f6fa0, L:/127.0.0.1:62997 - R:localhost/127.0.0.1:14744]
01:51:50.960 [Forwarding sendKeysToElement on session 28ba4fde78c5196aa9e82739681dac20 to remote] DEBUG org.asynchttpclient.netty.request.NettyRequestSender - Using pooled Channel '[id: 0x359f6fa0, L:/127.0.0.1:62997 - R:localhost/127.0.0.1:14744]' for 'POST' to 'http://localhost:14744/session/28ba4fde78c5196aa9e82739681dac20/element/f.B91591599C0D94A3FE8D4DD5E396E44C.d.8FA883D11905448C7AE75B4B37CB1CE3.e.59/value'
01:51:50.960 [Forwarding sendKeysToElement on session 28ba4fde78c5196aa9e82739681dac20 to remote] DEBUG org.asynchttpclient.netty.request.NettyRequestSender - Using open Channel [id: 0x359f6fa0, L:/127.0.0.1:62997 - R:localhost/127.0.0.1:14744] for POST '/session/28ba4fde78c5196aa9e82739681dac20/element/f.B91591599C0D94A3FE8D4DD5E396E44C.d.8FA883D11905448C7AE75B4B37CB1CE3.e.59/value'
01:51:51.213 [AsyncHttpClient-1-2] DEBUG org.asynchttpclient.netty.handler.HttpHandler - 

Request DefaultHttpRequest(decodeResult: success, version: HTTP/1.1)
POST /session/28ba4fde78c5196aa9e82739681dac20/element/f.B91591599C0D94A3FE8D4DD5E396E44C.d.8FA883D11905448C7AE75B4B37CB1CE3.e.59/value HTTP/1.1
User-Agent: selenium/4.12.0 (java windows)
Content-Length: 139
Content-Type: application/json; charset=utf-8
host: localhost:14744
accept: */*

Response DefaultHttpResponse(decodeResult: success, version: HTTP/1.1)
HTTP/1.1 200 OK
Content-Length: 14
Content-Type: application/json; charset=utf-8
cache-control: no-cache

01:51:51.213 [AsyncHttpClient-1-2] DEBUG org.asynchttpclient.netty.channel.ChannelManager - Adding key: http://localhost:14744 for channel [id: 0x359f6fa0, L:/127.0.0.1:62997 - R:localhost/127.0.0.1:14744]
01:51:51.213 [Forwarding findElement on session 28ba4fde78c5196aa9e82739681dac20 to remote] DEBUG org.asynchttpclient.netty.request.NettyRequestSender - Using pooled Channel '[id: 0x359f6fa0, L:/127.0.0.1:62997 - R:localhost/127.0.0.1:14744]' for 'POST' to 'http://localhost:14744/session/28ba4fde78c5196aa9e82739681dac20/element'
01:51:51.213 [Forwarding findElement on session 28ba4fde78c5196aa9e82739681dac20 to remote] DEBUG org.asynchttpclient.netty.request.NettyRequestSender - Using open Channel [id: 0x359f6fa0, L:/127.0.0.1:62997 - R:localhost/127.0.0.1:14744] for POST '/session/28ba4fde78c5196aa9e82739681dac20/element'
01:51:51.221 [AsyncHttpClient-1-1] DEBUG org.asynchttpclient.netty.channel.DefaultChannelPool - Entry count for : http://localhost:62998 : 1
01:51:51.246 [AsyncHttpClient-1-2] DEBUG org.asynchttpclient.netty.handler.HttpHandler - 

Request DefaultHttpRequest(decodeResult: success, version: HTTP/1.1)
POST /session/28ba4fde78c5196aa9e82739681dac20/element HTTP/1.1
User-Agent: selenium/4.12.0 (java windows)
Content-Length: 96
Content-Type: application/json; charset=utf-8
host: localhost:14744
accept: */*

Response DefaultHttpResponse(decodeResult: success, version: HTTP/1.1)
HTTP/1.1 200 OK
Content-Length: 126
Content-Type: application/json; charset=utf-8
cache-control: no-cache

01:51:51.249 [AsyncHttpClient-1-2] DEBUG org.asynchttpclient.netty.channel.ChannelManager - Adding key: http://localhost:14744 for channel [id: 0x359f6fa0, L:/127.0.0.1:62997 - R:localhost/127.0.0.1:14744]
01:51:51.249 [Forwarding sendKeysToElement on session 28ba4fde78c5196aa9e82739681dac20 to remote] DEBUG org.asynchttpclient.netty.request.NettyRequestSender - Using pooled Channel '[id: 0x359f6fa0, L:/127.0.0.1:62997 - R:localhost/127.0.0.1:14744]' for 'POST' to 'http://localhost:14744/session/28ba4fde78c5196aa9e82739681dac20/element/f.B91591599C0D94A3FE8D4DD5E396E44C.d.8FA883D11905448C7AE75B4B37CB1CE3.e.60/value'
01:51:51.249 [Forwarding sendKeysToElement on session 28ba4fde78c5196aa9e82739681dac20 to remote] DEBUG org.asynchttpclient.netty.request.NettyRequestSender - Using open Channel [id: 0x359f6fa0, L:/127.0.0.1:62997 - R:localhost/127.0.0.1:14744] for POST '/session/28ba4fde78c5196aa9e82739681dac20/element/f.B91591599C0D94A3FE8D4DD5E396E44C.d.8FA883D11905448C7AE75B4B37CB1CE3.e.60/value'
01:51:51.564 [AsyncHttpClient-1-2] DEBUG org.asynchttpclient.netty.handler.HttpHandler - 

Request DefaultHttpRequest(decodeResult: success, version: HTTP/1.1)
POST /session/28ba4fde78c5196aa9e82739681dac20/element/f.B91591599C0D94A3FE8D4DD5E396E44C.d.8FA883D11905448C7AE75B4B37CB1CE3.e.60/value HTTP/1.1
User-Agent: selenium/4.12.0 (java windows)
Content-Length: 179
Content-Type: application/json; charset=utf-8
host: localhost:14744
accept: */*

Response DefaultHttpResponse(decodeResult: success, version: HTTP/1.1)
HTTP/1.1 200 OK
Content-Length: 14
Content-Type: application/json; charset=utf-8
cache-control: no-cache

01:51:51.564 [AsyncHttpClient-1-2] DEBUG org.asynchttpclient.netty.channel.ChannelManager - Adding key: http://localhost:14744 for channel [id: 0x359f6fa0, L:/127.0.0.1:62997 - R:localhost/127.0.0.1:14744]
01:51:51.571 [Forwarding findElement on session 28ba4fde78c5196aa9e82739681dac20 to remote] DEBUG org.asynchttpclient.netty.request.NettyRequestSender - Using pooled Channel '[id: 0x359f6fa0, L:/127.0.0.1:62997 - R:localhost/127.0.0.1:14744]' for 'POST' to 'http://localhost:14744/session/28ba4fde78c5196aa9e82739681dac20/element'
01:51:51.571 [Forwarding findElement on session 28ba4fde78c5196aa9e82739681dac20 to remote] DEBUG org.asynchttpclient.netty.request.NettyRequestSender - Using open Channel [id: 0x359f6fa0, L:/127.0.0.1:62997 - R:localhost/127.0.0.1:14744] for POST '/session/28ba4fde78c5196aa9e82739681dac20/element'
01:51:51.629 [AsyncHttpClient-1-2] DEBUG org.asynchttpclient.netty.handler.HttpHandler - 

Request DefaultHttpRequest(decodeResult: success, version: HTTP/1.1)
POST /session/28ba4fde78c5196aa9e82739681dac20/element HTTP/1.1
User-Agent: selenium/4.12.0 (java windows)
Content-Length: 78
Content-Type: application/json; charset=utf-8
host: localhost:14744
accept: */*

Response DefaultHttpResponse(decodeResult: success, version: HTTP/1.1)
HTTP/1.1 200 OK
Content-Length: 126
Content-Type: application/json; charset=utf-8
cache-control: no-cache

01:51:51.637 [AsyncHttpClient-1-2] DEBUG org.asynchttpclient.netty.channel.ChannelManager - Adding key: http://localhost:14744 for channel [id: 0x359f6fa0, L:/127.0.0.1:62997 - R:localhost/127.0.0.1:14744]
01:51:51.637 [Forwarding sendKeysToElement on session 28ba4fde78c5196aa9e82739681dac20 to remote] DEBUG org.asynchttpclient.netty.request.NettyRequestSender - Using pooled Channel '[id: 0x359f6fa0, L:/127.0.0.1:62997 - R:localhost/127.0.0.1:14744]' for 'POST' to 'http://localhost:14744/session/28ba4fde78c5196aa9e82739681dac20/element/f.B91591599C0D94A3FE8D4DD5E396E44C.d.8FA883D11905448C7AE75B4B37CB1CE3.e.61/value'
01:51:51.637 [Forwarding sendKeysToElement on session 28ba4fde78c5196aa9e82739681dac20 to remote] DEBUG org.asynchttpclient.netty.request.NettyRequestSender - Using open Channel [id: 0x359f6fa0, L:/127.0.0.1:62997 - R:localhost/127.0.0.1:14744] for POST '/session/28ba4fde78c5196aa9e82739681dac20/element/f.B91591599C0D94A3FE8D4DD5E396E44C.d.8FA883D11905448C7AE75B4B37CB1CE3.e.61/value'
01:51:51.918 [AsyncHttpClient-1-2] DEBUG org.asynchttpclient.netty.handler.HttpHandler - 

Request DefaultHttpRequest(decodeResult: success, version: HTTP/1.1)
POST /session/28ba4fde78c5196aa9e82739681dac20/element/f.B91591599C0D94A3FE8D4DD5E396E44C.d.8FA883D11905448C7AE75B4B37CB1CE3.e.61/value HTTP/1.1
User-Agent: selenium/4.12.0 (java windows)
Content-Length: 149
Content-Type: application/json; charset=utf-8
host: localhost:14744
accept: */*

Response DefaultHttpResponse(decodeResult: success, version: HTTP/1.1)
HTTP/1.1 200 OK
Content-Length: 14
Content-Type: application/json; charset=utf-8
cache-control: no-cache

01:51:51.918 [AsyncHttpClient-1-2] DEBUG org.asynchttpclient.netty.channel.ChannelManager - Adding key: http://localhost:14744 for channel [id: 0x359f6fa0, L:/127.0.0.1:62997 - R:localhost/127.0.0.1:14744]
01:51:52.311 [AsyncHttpClient-1-1] DEBUG org.asynchttpclient.netty.channel.DefaultChannelPool - Entry count for : http://localhost:14744 : 1
01:51:52.311 [AsyncHttpClient-1-1] DEBUG org.asynchttpclient.netty.channel.DefaultChannelPool - Entry count for : http://localhost:62998 : 1
screen shot class not taking
  And Provide the Address DetailsMain_street001 YK FL 987678 USA         # StepDefination.Customer_onboarding.Provide_the_address_Details(java.lang.String,java.lang.String,java.lang.String,java.lang.String,java.lang.String)
01:51:53.411 [AsyncHttpClient-1-1] DEBUG org.asynchttpclient.netty.channel.DefaultChannelPool - Entry count for : http://localhost:14744 : 1
01:51:53.411 [AsyncHttpClient-1-1] DEBUG org.asynchttpclient.netty.channel.DefaultChannelPool - Entry count for : http://localhost:62998 : 1
01:51:53.447 [Forwarding findElement on session 28ba4fde78c5196aa9e82739681dac20 to remote] DEBUG org.asynchttpclient.netty.request.NettyRequestSender - Using pooled Channel '[id: 0x359f6fa0, L:/127.0.0.1:62997 - R:localhost/127.0.0.1:14744]' for 'POST' to 'http://localhost:14744/session/28ba4fde78c5196aa9e82739681dac20/element'
01:51:53.447 [Forwarding findElement on session 28ba4fde78c5196aa9e82739681dac20 to remote] DEBUG org.asynchttpclient.netty.request.NettyRequestSender - Using open Channel [id: 0x359f6fa0, L:/127.0.0.1:62997 - R:localhost/127.0.0.1:14744] for POST '/session/28ba4fde78c5196aa9e82739681dac20/element'
01:51:53.464 [AsyncHttpClient-1-2] DEBUG org.asynchttpclient.netty.handler.HttpHandler - 

Request DefaultHttpRequest(decodeResult: success, version: HTTP/1.1)
POST /session/28ba4fde78c5196aa9e82739681dac20/element HTTP/1.1
User-Agent: selenium/4.12.0 (java windows)
Content-Length: 72
Content-Type: application/json; charset=utf-8
host: localhost:14744
accept: */*

Response DefaultHttpResponse(decodeResult: success, version: HTTP/1.1)
HTTP/1.1 200 OK
Content-Length: 127
Content-Type: application/json; charset=utf-8
cache-control: no-cache

01:51:53.464 [AsyncHttpClient-1-2] DEBUG org.asynchttpclient.netty.channel.ChannelManager - Adding key: http://localhost:14744 for channel [id: 0x359f6fa0, L:/127.0.0.1:62997 - R:localhost/127.0.0.1:14744]
01:51:53.464 [Forwarding clickElement on session 28ba4fde78c5196aa9e82739681dac20 to remote] DEBUG org.asynchttpclient.netty.request.NettyRequestSender - Using pooled Channel '[id: 0x359f6fa0, L:/127.0.0.1:62997 - R:localhost/127.0.0.1:14744]' for 'POST' to 'http://localhost:14744/session/28ba4fde78c5196aa9e82739681dac20/element/f.B91591599C0D94A3FE8D4DD5E396E44C.d.8FA883D11905448C7AE75B4B37CB1CE3.e.102/click'
01:51:53.464 [Forwarding clickElement on session 28ba4fde78c5196aa9e82739681dac20 to remote] DEBUG org.asynchttpclient.netty.request.NettyRequestSender - Using open Channel [id: 0x359f6fa0, L:/127.0.0.1:62997 - R:localhost/127.0.0.1:14744] for POST '/session/28ba4fde78c5196aa9e82739681dac20/element/f.B91591599C0D94A3FE8D4DD5E396E44C.d.8FA883D11905448C7AE75B4B37CB1CE3.e.102/click'
01:51:53.587 [AsyncHttpClient-1-2] DEBUG org.asynchttpclient.netty.handler.HttpHandler - 

Request DefaultHttpRequest(decodeResult: success, version: HTTP/1.1)
POST /session/28ba4fde78c5196aa9e82739681dac20/element/f.B91591599C0D94A3FE8D4DD5E396E44C.d.8FA883D11905448C7AE75B4B37CB1CE3.e.102/click HTTP/1.1
User-Agent: selenium/4.12.0 (java windows)
Content-Length: 89
Content-Type: application/json; charset=utf-8
host: localhost:14744
accept: */*

Response DefaultHttpResponse(decodeResult: success, version: HTTP/1.1)
HTTP/1.1 200 OK
Content-Length: 14
Content-Type: application/json; charset=utf-8
cache-control: no-cache

01:51:53.587 [AsyncHttpClient-1-2] DEBUG org.asynchttpclient.netty.channel.ChannelManager - Adding key: http://localhost:14744 for channel [id: 0x359f6fa0, L:/127.0.0.1:62997 - R:localhost/127.0.0.1:14744]
screen shot class not taking
  When Submit the form                                                   # StepDefination.Customer_onboarding.Submit_the_form()
01:51:54.509 [AsyncHttpClient-1-1] DEBUG org.asynchttpclient.netty.channel.DefaultChannelPool - Entry count for : http://localhost:14744 : 1
01:51:54.509 [AsyncHttpClient-1-1] DEBUG org.asynchttpclient.netty.channel.DefaultChannelPool - Entry count for : http://localhost:62998 : 1
01:51:54.602 [Forwarding findElement on session 28ba4fde78c5196aa9e82739681dac20 to remote] DEBUG org.asynchttpclient.netty.request.NettyRequestSender - Using pooled Channel '[id: 0x359f6fa0, L:/127.0.0.1:62997 - R:localhost/127.0.0.1:14744]' for 'POST' to 'http://localhost:14744/session/28ba4fde78c5196aa9e82739681dac20/element'
01:51:54.602 [Forwarding findElement on session 28ba4fde78c5196aa9e82739681dac20 to remote] DEBUG org.asynchttpclient.netty.request.NettyRequestSender - Using open Channel [id: 0x359f6fa0, L:/127.0.0.1:62997 - R:localhost/127.0.0.1:14744] for POST '/session/28ba4fde78c5196aa9e82739681dac20/element'
01:51:54.623 [AsyncHttpClient-1-2] DEBUG org.asynchttpclient.netty.handler.HttpHandler - 

Request DefaultHttpRequest(decodeResult: success, version: HTTP/1.1)
POST /session/28ba4fde78c5196aa9e82739681dac20/element HTTP/1.1
User-Agent: selenium/4.12.0 (java windows)
Content-Length: 175
Content-Type: application/json; charset=utf-8
host: localhost:14744
accept: */*

Response DefaultHttpResponse(decodeResult: success, version: HTTP/1.1)
HTTP/1.1 200 OK
Content-Length: 127
Content-Type: application/json; charset=utf-8
cache-control: no-cache

01:51:54.623 [AsyncHttpClient-1-2] DEBUG org.asynchttpclient.netty.channel.ChannelManager - Adding key: http://localhost:14744 for channel [id: 0x359f6fa0, L:/127.0.0.1:62997 - R:localhost/127.0.0.1:14744]
01:51:54.626 [Forwarding clickElement on session 28ba4fde78c5196aa9e82739681dac20 to remote] DEBUG org.asynchttpclient.netty.request.NettyRequestSender - Using pooled Channel '[id: 0x359f6fa0, L:/127.0.0.1:62997 - R:localhost/127.0.0.1:14744]' for 'POST' to 'http://localhost:14744/session/28ba4fde78c5196aa9e82739681dac20/element/f.B91591599C0D94A3FE8D4DD5E396E44C.d.8FA883D11905448C7AE75B4B37CB1CE3.e.105/click'
01:51:54.626 [Forwarding clickElement on session 28ba4fde78c5196aa9e82739681dac20 to remote] DEBUG org.asynchttpclient.netty.request.NettyRequestSender - Using open Channel [id: 0x359f6fa0, L:/127.0.0.1:62997 - R:localhost/127.0.0.1:14744] for POST '/session/28ba4fde78c5196aa9e82739681dac20/element/f.B91591599C0D94A3FE8D4DD5E396E44C.d.8FA883D11905448C7AE75B4B37CB1CE3.e.105/click'
01:51:54.798 [AsyncHttpClient-1-2] DEBUG org.asynchttpclient.netty.handler.HttpHandler - 

Request DefaultHttpRequest(decodeResult: success, version: HTTP/1.1)
POST /session/28ba4fde78c5196aa9e82739681dac20/element/f.B91591599C0D94A3FE8D4DD5E396E44C.d.8FA883D11905448C7AE75B4B37CB1CE3.e.105/click HTTP/1.1
User-Agent: selenium/4.12.0 (java windows)
Content-Length: 89
Content-Type: application/json; charset=utf-8
host: localhost:14744
accept: */*

Response DefaultHttpResponse(decodeResult: success, version: HTTP/1.1)
HTTP/1.1 200 OK
Content-Length: 14
Content-Type: application/json; charset=utf-8
cache-control: no-cache

01:51:54.798 [AsyncHttpClient-1-2] DEBUG org.asynchttpclient.netty.channel.ChannelManager - Adding key: http://localhost:14744 for channel [id: 0x359f6fa0, L:/127.0.0.1:62997 - R:localhost/127.0.0.1:14744]
screen shot class not taking
  When Add new address                                                   # StepDefination.Customer_onboarding.Add_ew_address()
01:51:55.609 [AsyncHttpClient-1-1] DEBUG org.asynchttpclient.netty.channel.DefaultChannelPool - Entry count for : http://localhost:14744 : 1
01:51:55.609 [AsyncHttpClient-1-1] DEBUG org.asynchttpclient.netty.channel.DefaultChannelPool - Entry count for : http://localhost:62998 : 1
01:51:55.825 [Forwarding findElement on session 28ba4fde78c5196aa9e82739681dac20 to remote] DEBUG org.asynchttpclient.netty.request.NettyRequestSender - Using pooled Channel '[id: 0x359f6fa0, L:/127.0.0.1:62997 - R:localhost/127.0.0.1:14744]' for 'POST' to 'http://localhost:14744/session/28ba4fde78c5196aa9e82739681dac20/element'
01:51:55.825 [Forwarding findElement on session 28ba4fde78c5196aa9e82739681dac20 to remote] DEBUG org.asynchttpclient.netty.request.NettyRequestSender - Using open Channel [id: 0x359f6fa0, L:/127.0.0.1:62997 - R:localhost/127.0.0.1:14744] for POST '/session/28ba4fde78c5196aa9e82739681dac20/element'
01:51:55.843 [AsyncHttpClient-1-2] DEBUG org.asynchttpclient.netty.handler.HttpHandler - 

Request DefaultHttpRequest(decodeResult: success, version: HTTP/1.1)
POST /session/28ba4fde78c5196aa9e82739681dac20/element HTTP/1.1
User-Agent: selenium/4.12.0 (java windows)
Content-Length: 174
Content-Type: application/json; charset=utf-8
host: localhost:14744
accept: */*

Response DefaultHttpResponse(decodeResult: success, version: HTTP/1.1)
HTTP/1.1 200 OK
Content-Length: 127
Content-Type: application/json; charset=utf-8
cache-control: no-cache

01:51:55.843 [AsyncHttpClient-1-2] DEBUG org.asynchttpclient.netty.channel.ChannelManager - Adding key: http://localhost:14744 for channel [id: 0x359f6fa0, L:/127.0.0.1:62997 - R:localhost/127.0.0.1:14744]
01:51:55.843 [Forwarding sendKeysToElement on session 28ba4fde78c5196aa9e82739681dac20 to remote] DEBUG org.asynchttpclient.netty.request.NettyRequestSender - Using pooled Channel '[id: 0x359f6fa0, L:/127.0.0.1:62997 - R:localhost/127.0.0.1:14744]' for 'POST' to 'http://localhost:14744/session/28ba4fde78c5196aa9e82739681dac20/element/f.B91591599C0D94A3FE8D4DD5E396E44C.d.8FA883D11905448C7AE75B4B37CB1CE3.e.115/value'
01:51:55.847 [Forwarding sendKeysToElement on session 28ba4fde78c5196aa9e82739681dac20 to remote] DEBUG org.asynchttpclient.netty.request.NettyRequestSender - Using open Channel [id: 0x359f6fa0, L:/127.0.0.1:62997 - R:localhost/127.0.0.1:14744] for POST '/session/28ba4fde78c5196aa9e82739681dac20/element/f.B91591599C0D94A3FE8D4DD5E396E44C.d.8FA883D11905448C7AE75B4B37CB1CE3.e.115/value'
01:51:56.122 [AsyncHttpClient-1-2] DEBUG org.asynchttpclient.netty.handler.HttpHandler - 

Request DefaultHttpRequest(decodeResult: success, version: HTTP/1.1)
POST /session/28ba4fde78c5196aa9e82739681dac20/element/f.B91591599C0D94A3FE8D4DD5E396E44C.d.8FA883D11905448C7AE75B4B37CB1CE3.e.115/value HTTP/1.1
User-Agent: selenium/4.12.0 (java windows)
Content-Length: 260
Content-Type: application/json; charset=utf-8
host: localhost:14744
accept: */*

Response DefaultHttpResponse(decodeResult: success, version: HTTP/1.1)
HTTP/1.1 200 OK
Content-Length: 14
Content-Type: application/json; charset=utf-8
cache-control: no-cache

01:51:56.122 [AsyncHttpClient-1-2] DEBUG org.asynchttpclient.netty.channel.ChannelManager - Adding key: http://localhost:14744 for channel [id: 0x359f6fa0, L:/127.0.0.1:62997 - R:localhost/127.0.0.1:14744]
01:51:56.122 [Forwarding findElement on session 28ba4fde78c5196aa9e82739681dac20 to remote] DEBUG org.asynchttpclient.netty.request.NettyRequestSender - Using pooled Channel '[id: 0x359f6fa0, L:/127.0.0.1:62997 - R:localhost/127.0.0.1:14744]' for 'POST' to 'http://localhost:14744/session/28ba4fde78c5196aa9e82739681dac20/element'
01:51:56.122 [Forwarding findElement on session 28ba4fde78c5196aa9e82739681dac20 to remote] DEBUG org.asynchttpclient.netty.request.NettyRequestSender - Using open Channel [id: 0x359f6fa0, L:/127.0.0.1:62997 - R:localhost/127.0.0.1:14744] for POST '/session/28ba4fde78c5196aa9e82739681dac20/element'
01:51:56.138 [AsyncHttpClient-1-2] DEBUG org.asynchttpclient.netty.handler.HttpHandler - 

Request DefaultHttpRequest(decodeResult: success, version: HTTP/1.1)
POST /session/28ba4fde78c5196aa9e82739681dac20/element HTTP/1.1
User-Agent: selenium/4.12.0 (java windows)
Content-Length: 161
Content-Type: application/json; charset=utf-8
host: localhost:14744
accept: */*

Response DefaultHttpResponse(decodeResult: success, version: HTTP/1.1)
HTTP/1.1 200 OK
Content-Length: 127
Content-Type: application/json; charset=utf-8
cache-control: no-cache

01:51:56.138 [AsyncHttpClient-1-2] DEBUG org.asynchttpclient.netty.channel.ChannelManager - Adding key: http://localhost:14744 for channel [id: 0x359f6fa0, L:/127.0.0.1:62997 - R:localhost/127.0.0.1:14744]
01:51:56.138 [Forwarding sendKeysToElement on session 28ba4fde78c5196aa9e82739681dac20 to remote] DEBUG org.asynchttpclient.netty.request.NettyRequestSender - Using pooled Channel '[id: 0x359f6fa0, L:/127.0.0.1:62997 - R:localhost/127.0.0.1:14744]' for 'POST' to 'http://localhost:14744/session/28ba4fde78c5196aa9e82739681dac20/element/f.B91591599C0D94A3FE8D4DD5E396E44C.d.8FA883D11905448C7AE75B4B37CB1CE3.e.116/value'
01:51:56.138 [Forwarding sendKeysToElement on session 28ba4fde78c5196aa9e82739681dac20 to remote] DEBUG org.asynchttpclient.netty.request.NettyRequestSender - Using open Channel [id: 0x359f6fa0, L:/127.0.0.1:62997 - R:localhost/127.0.0.1:14744] for POST '/session/28ba4fde78c5196aa9e82739681dac20/element/f.B91591599C0D94A3FE8D4DD5E396E44C.d.8FA883D11905448C7AE75B4B37CB1CE3.e.116/value'
01:51:56.222 [AsyncHttpClient-1-2] DEBUG org.asynchttpclient.netty.handler.HttpHandler - 

Request DefaultHttpRequest(decodeResult: success, version: HTTP/1.1)
POST /session/28ba4fde78c5196aa9e82739681dac20/element/f.B91591599C0D94A3FE8D4DD5E396E44C.d.8FA883D11905448C7AE75B4B37CB1CE3.e.116/value HTTP/1.1
User-Agent: selenium/4.12.0 (java windows)
Content-Length: 140
Content-Type: application/json; charset=utf-8
host: localhost:14744
accept: */*

Response DefaultHttpResponse(decodeResult: success, version: HTTP/1.1)
HTTP/1.1 200 OK
Content-Length: 14
Content-Type: application/json; charset=utf-8
cache-control: no-cache

01:51:56.222 [AsyncHttpClient-1-2] DEBUG org.asynchttpclient.netty.channel.ChannelManager - Adding key: http://localhost:14744 for channel [id: 0x359f6fa0, L:/127.0.0.1:62997 - R:localhost/127.0.0.1:14744]
01:51:56.222 [Forwarding findElement on session 28ba4fde78c5196aa9e82739681dac20 to remote] DEBUG org.asynchttpclient.netty.request.NettyRequestSender - Using pooled Channel '[id: 0x359f6fa0, L:/127.0.0.1:62997 - R:localhost/127.0.0.1:14744]' for 'POST' to 'http://localhost:14744/session/28ba4fde78c5196aa9e82739681dac20/element'
01:51:56.222 [Forwarding findElement on session 28ba4fde78c5196aa9e82739681dac20 to remote] DEBUG org.asynchttpclient.netty.request.NettyRequestSender - Using open Channel [id: 0x359f6fa0, L:/127.0.0.1:62997 - R:localhost/127.0.0.1:14744] for POST '/session/28ba4fde78c5196aa9e82739681dac20/element'
01:51:56.238 [AsyncHttpClient-1-2] DEBUG org.asynchttpclient.netty.handler.HttpHandler - 

Request DefaultHttpRequest(decodeResult: success, version: HTTP/1.1)
POST /session/28ba4fde78c5196aa9e82739681dac20/element HTTP/1.1
User-Agent: selenium/4.12.0 (java windows)
Content-Length: 176
Content-Type: application/json; charset=utf-8
host: localhost:14744
accept: */*

Response DefaultHttpResponse(decodeResult: success, version: HTTP/1.1)
HTTP/1.1 200 OK
Content-Length: 127
Content-Type: application/json; charset=utf-8
cache-control: no-cache

01:51:56.238 [AsyncHttpClient-1-2] DEBUG org.asynchttpclient.netty.channel.ChannelManager - Adding key: http://localhost:14744 for channel [id: 0x359f6fa0, L:/127.0.0.1:62997 - R:localhost/127.0.0.1:14744]
01:51:56.238 [Forwarding sendKeysToElement on session 28ba4fde78c5196aa9e82739681dac20 to remote] DEBUG org.asynchttpclient.netty.request.NettyRequestSender - Using pooled Channel '[id: 0x359f6fa0, L:/127.0.0.1:62997 - R:localhost/127.0.0.1:14744]' for 'POST' to 'http://localhost:14744/session/28ba4fde78c5196aa9e82739681dac20/element/f.B91591599C0D94A3FE8D4DD5E396E44C.d.8FA883D11905448C7AE75B4B37CB1CE3.e.117/value'
01:51:56.238 [Forwarding sendKeysToElement on session 28ba4fde78c5196aa9e82739681dac20 to remote] DEBUG org.asynchttpclient.netty.request.NettyRequestSender - Using open Channel [id: 0x359f6fa0, L:/127.0.0.1:62997 - R:localhost/127.0.0.1:14744] for POST '/session/28ba4fde78c5196aa9e82739681dac20/element/f.B91591599C0D94A3FE8D4DD5E396E44C.d.8FA883D11905448C7AE75B4B37CB1CE3.e.117/value'
01:51:56.337 [AsyncHttpClient-1-2] DEBUG org.asynchttpclient.netty.handler.HttpHandler - 

Request DefaultHttpRequest(decodeResult: success, version: HTTP/1.1)
POST /session/28ba4fde78c5196aa9e82739681dac20/element/f.B91591599C0D94A3FE8D4DD5E396E44C.d.8FA883D11905448C7AE75B4B37CB1CE3.e.117/value HTTP/1.1
User-Agent: selenium/4.12.0 (java windows)
Content-Length: 140
Content-Type: application/json; charset=utf-8
host: localhost:14744
accept: */*

Response DefaultHttpResponse(decodeResult: success, version: HTTP/1.1)
HTTP/1.1 200 OK
Content-Length: 14
Content-Type: application/json; charset=utf-8
cache-control: no-cache

01:51:56.337 [AsyncHttpClient-1-2] DEBUG org.asynchttpclient.netty.channel.ChannelManager - Adding key: http://localhost:14744 for channel [id: 0x359f6fa0, L:/127.0.0.1:62997 - R:localhost/127.0.0.1:14744]
01:51:56.337 [Forwarding findElement on session 28ba4fde78c5196aa9e82739681dac20 to remote] DEBUG org.asynchttpclient.netty.request.NettyRequestSender - Using pooled Channel '[id: 0x359f6fa0, L:/127.0.0.1:62997 - R:localhost/127.0.0.1:14744]' for 'POST' to 'http://localhost:14744/session/28ba4fde78c5196aa9e82739681dac20/element'
01:51:56.337 [Forwarding findElement on session 28ba4fde78c5196aa9e82739681dac20 to remote] DEBUG org.asynchttpclient.netty.request.NettyRequestSender - Using open Channel [id: 0x359f6fa0, L:/127.0.0.1:62997 - R:localhost/127.0.0.1:14744] for POST '/session/28ba4fde78c5196aa9e82739681dac20/element'
01:51:56.375 [AsyncHttpClient-1-2] DEBUG org.asynchttpclient.netty.handler.HttpHandler - 

Request DefaultHttpRequest(decodeResult: success, version: HTTP/1.1)
POST /session/28ba4fde78c5196aa9e82739681dac20/element HTTP/1.1
User-Agent: selenium/4.12.0 (java windows)
Content-Length: 182
Content-Type: application/json; charset=utf-8
host: localhost:14744
accept: */*

Response DefaultHttpResponse(decodeResult: success, version: HTTP/1.1)
HTTP/1.1 200 OK
Content-Length: 127
Content-Type: application/json; charset=utf-8
cache-control: no-cache

01:51:56.375 [AsyncHttpClient-1-2] DEBUG org.asynchttpclient.netty.channel.ChannelManager - Adding key: http://localhost:14744 for channel [id: 0x359f6fa0, L:/127.0.0.1:62997 - R:localhost/127.0.0.1:14744]
01:51:56.377 [Forwarding sendKeysToElement on session 28ba4fde78c5196aa9e82739681dac20 to remote] DEBUG org.asynchttpclient.netty.request.NettyRequestSender - Using pooled Channel '[id: 0x359f6fa0, L:/127.0.0.1:62997 - R:localhost/127.0.0.1:14744]' for 'POST' to 'http://localhost:14744/session/28ba4fde78c5196aa9e82739681dac20/element/f.B91591599C0D94A3FE8D4DD5E396E44C.d.8FA883D11905448C7AE75B4B37CB1CE3.e.118/value'
01:51:56.377 [Forwarding sendKeysToElement on session 28ba4fde78c5196aa9e82739681dac20 to remote] DEBUG org.asynchttpclient.netty.request.NettyRequestSender - Using open Channel [id: 0x359f6fa0, L:/127.0.0.1:62997 - R:localhost/127.0.0.1:14744] for POST '/session/28ba4fde78c5196aa9e82739681dac20/element/f.B91591599C0D94A3FE8D4DD5E396E44C.d.8FA883D11905448C7AE75B4B37CB1CE3.e.118/value'
01:51:56.565 [AsyncHttpClient-1-2] DEBUG org.asynchttpclient.netty.handler.HttpHandler - 

Request DefaultHttpRequest(decodeResult: success, version: HTTP/1.1)
POST /session/28ba4fde78c5196aa9e82739681dac20/element/f.B91591599C0D94A3FE8D4DD5E396E44C.d.8FA883D11905448C7AE75B4B37CB1CE3.e.118/value HTTP/1.1
User-Agent: selenium/4.12.0 (java windows)
Content-Length: 180
Content-Type: application/json; charset=utf-8
host: localhost:14744
accept: */*

Response DefaultHttpResponse(decodeResult: success, version: HTTP/1.1)
HTTP/1.1 200 OK
Content-Length: 14
Content-Type: application/json; charset=utf-8
cache-control: no-cache

01:51:56.565 [AsyncHttpClient-1-2] DEBUG org.asynchttpclient.netty.channel.ChannelManager - Adding key: http://localhost:14744 for channel [id: 0x359f6fa0, L:/127.0.0.1:62997 - R:localhost/127.0.0.1:14744]
01:51:56.567 [Forwarding findElement on session 28ba4fde78c5196aa9e82739681dac20 to remote] DEBUG org.asynchttpclient.netty.request.NettyRequestSender - Using pooled Channel '[id: 0x359f6fa0, L:/127.0.0.1:62997 - R:localhost/127.0.0.1:14744]' for 'POST' to 'http://localhost:14744/session/28ba4fde78c5196aa9e82739681dac20/element'
01:51:56.567 [Forwarding findElement on session 28ba4fde78c5196aa9e82739681dac20 to remote] DEBUG org.asynchttpclient.netty.request.NettyRequestSender - Using open Channel [id: 0x359f6fa0, L:/127.0.0.1:62997 - R:localhost/127.0.0.1:14744] for POST '/session/28ba4fde78c5196aa9e82739681dac20/element'
01:51:56.585 [AsyncHttpClient-1-2] DEBUG org.asynchttpclient.netty.handler.HttpHandler - 

Request DefaultHttpRequest(decodeResult: success, version: HTTP/1.1)
POST /session/28ba4fde78c5196aa9e82739681dac20/element HTTP/1.1
User-Agent: selenium/4.12.0 (java windows)
Content-Length: 164
Content-Type: application/json; charset=utf-8
host: localhost:14744
accept: */*

Response DefaultHttpResponse(decodeResult: success, version: HTTP/1.1)
HTTP/1.1 200 OK
Content-Length: 127
Content-Type: application/json; charset=utf-8
cache-control: no-cache

01:51:56.585 [AsyncHttpClient-1-2] DEBUG org.asynchttpclient.netty.channel.ChannelManager - Adding key: http://localhost:14744 for channel [id: 0x359f6fa0, L:/127.0.0.1:62997 - R:localhost/127.0.0.1:14744]
01:51:56.585 [Forwarding sendKeysToElement on session 28ba4fde78c5196aa9e82739681dac20 to remote] DEBUG org.asynchttpclient.netty.request.NettyRequestSender - Using pooled Channel '[id: 0x359f6fa0, L:/127.0.0.1:62997 - R:localhost/127.0.0.1:14744]' for 'POST' to 'http://localhost:14744/session/28ba4fde78c5196aa9e82739681dac20/element/f.B91591599C0D94A3FE8D4DD5E396E44C.d.8FA883D11905448C7AE75B4B37CB1CE3.e.119/value'
01:51:56.585 [Forwarding sendKeysToElement on session 28ba4fde78c5196aa9e82739681dac20 to remote] DEBUG org.asynchttpclient.netty.request.NettyRequestSender - Using open Channel [id: 0x359f6fa0, L:/127.0.0.1:62997 - R:localhost/127.0.0.1:14744] for POST '/session/28ba4fde78c5196aa9e82739681dac20/element/f.B91591599C0D94A3FE8D4DD5E396E44C.d.8FA883D11905448C7AE75B4B37CB1CE3.e.119/value'
01:51:56.715 [AsyncHttpClient-1-2] DEBUG org.asynchttpclient.netty.handler.HttpHandler - 

Request DefaultHttpRequest(decodeResult: success, version: HTTP/1.1)
POST /session/28ba4fde78c5196aa9e82739681dac20/element/f.B91591599C0D94A3FE8D4DD5E396E44C.d.8FA883D11905448C7AE75B4B37CB1CE3.e.119/value HTTP/1.1
User-Agent: selenium/4.12.0 (java windows)
Content-Length: 150
Content-Type: application/json; charset=utf-8
host: localhost:14744
accept: */*

Response DefaultHttpResponse(decodeResult: success, version: HTTP/1.1)
HTTP/1.1 200 OK
Content-Length: 14
Content-Type: application/json; charset=utf-8
cache-control: no-cache

01:51:56.715 [AsyncHttpClient-1-2] DEBUG org.asynchttpclient.netty.channel.ChannelManager - Adding key: http://localhost:14744 for channel [id: 0x359f6fa0, L:/127.0.0.1:62997 - R:localhost/127.0.0.1:14744]
01:51:56.723 [AsyncHttpClient-1-1] DEBUG org.asynchttpclient.netty.channel.DefaultChannelPool - Entry count for : http://localhost:14744 : 1
01:51:56.723 [AsyncHttpClient-1-1] DEBUG org.asynchttpclient.netty.channel.DefaultChannelPool - Entry count for : http://localhost:62998 : 1
screen shot class not taking
  And Add_new_address_detailsMain_street001 YK FL 987678 USA             # StepDefination.Customer_onboarding.Add_new_addrest_details(java.lang.String,java.lang.String,java.lang.String,java.lang.String,java.lang.String)
01:51:57.812 [AsyncHttpClient-1-1] DEBUG org.asynchttpclient.netty.channel.DefaultChannelPool - Entry count for : http://localhost:14744 : 1
01:51:57.812 [AsyncHttpClient-1-1] DEBUG org.asynchttpclient.netty.channel.DefaultChannelPool - Entry count for : http://localhost:62998 : 1
01:51:58.223 [Forwarding findElement on session 28ba4fde78c5196aa9e82739681dac20 to remote] DEBUG org.asynchttpclient.netty.request.NettyRequestSender - Using pooled Channel '[id: 0x359f6fa0, L:/127.0.0.1:62997 - R:localhost/127.0.0.1:14744]' for 'POST' to 'http://localhost:14744/session/28ba4fde78c5196aa9e82739681dac20/element'
01:51:58.223 [Forwarding findElement on session 28ba4fde78c5196aa9e82739681dac20 to remote] DEBUG org.asynchttpclient.netty.request.NettyRequestSender - Using open Channel [id: 0x359f6fa0, L:/127.0.0.1:62997 - R:localhost/127.0.0.1:14744] for POST '/session/28ba4fde78c5196aa9e82739681dac20/element'
01:51:58.239 [AsyncHttpClient-1-2] DEBUG org.asynchttpclient.netty.handler.HttpHandler - 

Request DefaultHttpRequest(decodeResult: success, version: HTTP/1.1)
POST /session/28ba4fde78c5196aa9e82739681dac20/element HTTP/1.1
User-Agent: selenium/4.12.0 (java windows)
Content-Length: 72
Content-Type: application/json; charset=utf-8
host: localhost:14744
accept: */*

Response DefaultHttpResponse(decodeResult: success, version: HTTP/1.1)
HTTP/1.1 200 OK
Content-Length: 127
Content-Type: application/json; charset=utf-8
cache-control: no-cache

01:51:58.239 [AsyncHttpClient-1-2] DEBUG org.asynchttpclient.netty.channel.ChannelManager - Adding key: http://localhost:14744 for channel [id: 0x359f6fa0, L:/127.0.0.1:62997 - R:localhost/127.0.0.1:14744]
01:51:58.239 [Forwarding clickElement on session 28ba4fde78c5196aa9e82739681dac20 to remote] DEBUG org.asynchttpclient.netty.request.NettyRequestSender - Using pooled Channel '[id: 0x359f6fa0, L:/127.0.0.1:62997 - R:localhost/127.0.0.1:14744]' for 'POST' to 'http://localhost:14744/session/28ba4fde78c5196aa9e82739681dac20/element/f.B91591599C0D94A3FE8D4DD5E396E44C.d.8FA883D11905448C7AE75B4B37CB1CE3.e.151/click'
01:51:58.239 [Forwarding clickElement on session 28ba4fde78c5196aa9e82739681dac20 to remote] DEBUG org.asynchttpclient.netty.request.NettyRequestSender - Using open Channel [id: 0x359f6fa0, L:/127.0.0.1:62997 - R:localhost/127.0.0.1:14744] for POST '/session/28ba4fde78c5196aa9e82739681dac20/element/f.B91591599C0D94A3FE8D4DD5E396E44C.d.8FA883D11905448C7AE75B4B37CB1CE3.e.151/click'
01:51:58.370 [AsyncHttpClient-1-2] DEBUG org.asynchttpclient.netty.handler.HttpHandler - 

Request DefaultHttpRequest(decodeResult: success, version: HTTP/1.1)
POST /session/28ba4fde78c5196aa9e82739681dac20/element/f.B91591599C0D94A3FE8D4DD5E396E44C.d.8FA883D11905448C7AE75B4B37CB1CE3.e.151/click HTTP/1.1
User-Agent: selenium/4.12.0 (java windows)
Content-Length: 89
Content-Type: application/json; charset=utf-8
host: localhost:14744
accept: */*

Response DefaultHttpResponse(decodeResult: success, version: HTTP/1.1)
HTTP/1.1 200 OK
Content-Length: 14
Content-Type: application/json; charset=utf-8
cache-control: no-cache

01:51:58.370 [AsyncHttpClient-1-2] DEBUG org.asynchttpclient.netty.channel.ChannelManager - Adding key: http://localhost:14744 for channel [id: 0x359f6fa0, L:/127.0.0.1:62997 - R:localhost/127.0.0.1:14744]
screen shot class not taking
  When Submit the form                                                   # StepDefination.Customer_onboarding.Submit_the_form()
01:51:58.875 [Forwarding findElements on session 28ba4fde78c5196aa9e82739681dac20 to remote] DEBUG org.asynchttpclient.netty.request.NettyRequestSender - Using pooled Channel '[id: 0x359f6fa0, L:/127.0.0.1:62997 - R:localhost/127.0.0.1:14744]' for 'POST' to 'http://localhost:14744/session/28ba4fde78c5196aa9e82739681dac20/elements'
01:51:58.875 [Forwarding findElements on session 28ba4fde78c5196aa9e82739681dac20 to remote] DEBUG org.asynchttpclient.netty.request.NettyRequestSender - Using open Channel [id: 0x359f6fa0, L:/127.0.0.1:62997 - R:localhost/127.0.0.1:14744] for POST '/session/28ba4fde78c5196aa9e82739681dac20/elements'
01:51:58.898 [AsyncHttpClient-1-2] DEBUG org.asynchttpclient.netty.handler.HttpHandler - 

Request DefaultHttpRequest(decodeResult: success, version: HTTP/1.1)
POST /session/28ba4fde78c5196aa9e82739681dac20/elements HTTP/1.1
User-Agent: selenium/4.12.0 (java windows)
Content-Length: 142
Content-Type: application/json; charset=utf-8
host: localhost:14744
accept: */*

Response DefaultHttpResponse(decodeResult: success, version: HTTP/1.1)
HTTP/1.1 200 OK
Content-Length: 12
Content-Type: application/json; charset=utf-8
cache-control: no-cache

01:51:58.898 [AsyncHttpClient-1-2] DEBUG org.asynchttpclient.netty.channel.ChannelManager - Adding key: http://localhost:14744 for channel [id: 0x359f6fa0, L:/127.0.0.1:62997 - R:localhost/127.0.0.1:14744]
01:51:58.914 [AsyncHttpClient-1-1] DEBUG org.asynchttpclient.netty.channel.DefaultChannelPool - Entry count for : http://localhost:14744 : 1
01:51:58.914 [AsyncHttpClient-1-1] DEBUG org.asynchttpclient.netty.channel.DefaultChannelPool - Entry count for : http://localhost:62998 : 1
screen shot class not taking
  Then Verify_the_New_address                                            # StepDefination.Customer_onboarding.Verify_the_New_address()
01:51:59.415 [AsyncHttpClient-1-4] DEBUG org.asynchttpclient.netty.handler.WebSocketHandler - Channel Closed: [id: 0x180f0960, L:/127.0.0.1:63006 ! R:localhost/127.0.0.1:62998] with attribute DISCARD
01:51:59.415 [Driver Command Executor] DEBUG org.asynchttpclient.netty.request.NettyRequestSender - Using pooled Channel '[id: 0x359f6fa0, L:/127.0.0.1:62997 - R:localhost/127.0.0.1:14744]' for 'DELETE' to 'http://localhost:14744/session/28ba4fde78c5196aa9e82739681dac20'
01:51:59.415 [Driver Command Executor] DEBUG org.asynchttpclient.netty.request.NettyRequestSender - Using open Channel [id: 0x359f6fa0, L:/127.0.0.1:62997 - R:localhost/127.0.0.1:14744] for DELETE '/session/28ba4fde78c5196aa9e82739681dac20'
01:51:59.568 [AsyncHttpClient-1-3] DEBUG org.asynchttpclient.netty.handler.HttpHandler - Unexpected I/O exception on channel [id: 0x378d1dd3, L:/127.0.0.1:63005 - R:localhost/127.0.0.1:62998]
java.net.SocketException: Connection reset
	at java.base/sun.nio.ch.SocketChannelImpl.throwConnectionReset(SocketChannelImpl.java:394)
	at java.base/sun.nio.ch.SocketChannelImpl.read(SocketChannelImpl.java:426)
	at io.netty.buffer.PooledByteBuf.setBytes(PooledByteBuf.java:254)
	at io.netty.buffer.AbstractByteBuf.writeBytes(AbstractByteBuf.java:1132)
	at io.netty.channel.socket.nio.NioSocketChannel.doReadBytes(NioSocketChannel.java:357)
	at io.netty.channel.nio.AbstractNioByteChannel$NioByteUnsafe.read(AbstractNioByteChannel.java:151)
	at io.netty.channel.nio.NioEventLoop.processSelectedKey(NioEventLoop.java:788)
	at io.netty.channel.nio.NioEventLoop.processSelectedKeysOptimized(NioEventLoop.java:724)
	at io.netty.channel.nio.NioEventLoop.processSelectedKeys(NioEventLoop.java:650)
	at io.netty.channel.nio.NioEventLoop.run(NioEventLoop.java:562)
	at io.netty.util.concurrent.SingleThreadEventExecutor$4.run(SingleThreadEventExecutor.java:997)
	at io.netty.util.internal.ThreadExecutorMap$2.run(ThreadExecutorMap.java:74)
	at io.netty.util.concurrent.FastThreadLocalRunnable.run(FastThreadLocalRunnable.java:30)
	at java.base/java.lang.Thread.run(Thread.java:840)
01:51:59.568 [AsyncHttpClient-1-3] DEBUG org.asynchttpclient.netty.channel.ChannelManager - Closing Channel [id: 0x378d1dd3, L:/127.0.0.1:63005 - R:localhost/127.0.0.1:62998] 
01:51:59.568 [AsyncHttpClient-1-3] DEBUG org.asynchttpclient.netty.handler.HttpHandler - Channel Closed: [id: 0x378d1dd3, L:/127.0.0.1:63005 ! R:localhost/127.0.0.1:62998] with attribute DISCARD
01:51:59.609 [AsyncHttpClient-1-2] DEBUG org.asynchttpclient.netty.handler.HttpHandler - 

Request DefaultFullHttpRequest(decodeResult: success, version: HTTP/1.1, content: EmptyByteBufBE)
DELETE /session/28ba4fde78c5196aa9e82739681dac20 HTTP/1.1
User-Agent: selenium/4.12.0 (java windows)
Content-Type: application/json; charset=utf-8
host: localhost:14744
accept: */*

Response DefaultHttpResponse(decodeResult: success, version: HTTP/1.1)
HTTP/1.1 200 OK
Content-Length: 14
Content-Type: application/json; charset=utf-8
cache-control: no-cache

01:51:59.609 [AsyncHttpClient-1-2] DEBUG org.asynchttpclient.netty.channel.ChannelManager - Adding key: http://localhost:14744 for channel [id: 0x359f6fa0, L:/127.0.0.1:62997 - R:localhost/127.0.0.1:14744]
01:52:00.012 [AsyncHttpClient-1-1] DEBUG org.asynchttpclient.netty.channel.DefaultChannelPool - Entry count for : http://localhost:14744 : 1
01:52:00.012 [AsyncHttpClient-1-1] DEBUG org.asynchttpclient.netty.channel.DefaultChannelPool - Entry count for : http://localhost:62998 : 1
01:52:00.012 [AsyncHttpClient-1-1] DEBUG org.asynchttpclient.netty.channel.DefaultChannelPool - Adding Candidate expired Channel [id: 0x378d1dd3, L:/127.0.0.1:63005 ! R:localhost/127.0.0.1:62998] isIdleTimeoutExpired=false isRemotelyClosed=true isTtlExpired=false
01:52:00.012 [AsyncHttpClient-1-1] DEBUG org.asynchttpclient.netty.channel.DefaultChannelPool - Closing Idle Channel [id: 0x378d1dd3, L:/127.0.0.1:63005 ! R:localhost/127.0.0.1:62998]
01:52:00.012 [AsyncHttpClient-1-1] DEBUG org.asynchttpclient.netty.channel.DefaultChannelPool - Closed 1 connections out of 2 in 0 ms
01:52:00.310 [AsyncHttpClient-1-2] DEBUG org.asynchttpclient.netty.handler.HttpHandler - Channel Closed: [id: 0x359f6fa0, L:/127.0.0.1:62997 ! R:localhost/127.0.0.1:14744] with attribute DISCARD
  And Close_Window                                                       # StepDefination.Customer_onboarding.close_window()
WebDriver is null. Nothing to close.
]]></system-out>
    <system-err><![CDATA[Jan 25, 2025 1:51:30 AM org.openqa.selenium.devtools.CdpVersionFinder findNearestMatch
WARNING: Unable to find CDP implementation matching 131
Jan 25, 2025 1:51:30 AM org.openqa.selenium.chromium.ChromiumDriver lambda$new$5
WARNING: Unable to find version of CDP to use for 131.0.6778.265. You may need to include a dependency on a specific version of the CDP using something similar to `org.seleniumhq.selenium:selenium-devtools-v86:4.12.0` where the version ("v86") matches the version of the chromium-based browser you're using and the version number of the artifact is the same as Selenium's.
]]></system-err>
  </testcase>
  <testcase name="Signin with email and password #1" classname="User sign IN" time="9.995">
    <system-out><![CDATA[
Scenario Outline: Signin with email and password       # src/test/resources/Login/Login.feature:12
01:52:00.749 [AsyncHttpClient-1-5] DEBUG org.asynchttpclient.netty.channel.NettyConnectListener - Using new Channel '[id: 0x1b49b5c2, L:/127.0.0.1:63052 - R:localhost/127.0.0.1:22602]' for 'POST' to '/session'
01:52:01.112 [AsyncHttpClient-1-1] DEBUG org.asynchttpclient.netty.channel.DefaultChannelPool - Entry count for : http://localhost:14744 : 1
01:52:01.112 [AsyncHttpClient-1-1] DEBUG org.asynchttpclient.netty.channel.DefaultChannelPool - Adding Candidate expired Channel [id: 0x359f6fa0, L:/127.0.0.1:62997 ! R:localhost/127.0.0.1:14744] isIdleTimeoutExpired=false isRemotelyClosed=true isTtlExpired=false
01:52:01.112 [AsyncHttpClient-1-1] DEBUG org.asynchttpclient.netty.channel.DefaultChannelPool - Closing Idle Channel [id: 0x359f6fa0, L:/127.0.0.1:62997 ! R:localhost/127.0.0.1:14744]
01:52:01.112 [AsyncHttpClient-1-1] DEBUG org.asynchttpclient.netty.channel.DefaultChannelPool - Closed 1 connections out of 1 in 0 ms
01:52:01.924 [AsyncHttpClient-1-5] DEBUG org.asynchttpclient.netty.handler.HttpHandler - 

Request DefaultHttpRequest(decodeResult: success, version: HTTP/1.1)
POST /session HTTP/1.1
User-Agent: selenium/4.12.0 (java windows)
Content-Length: 254
Content-Type: application/json; charset=utf-8
host: localhost:22602
accept: */*

Response DefaultHttpResponse(decodeResult: success, version: HTTP/1.1)
HTTP/1.1 200 OK
Content-Length: 887
Content-Type: application/json; charset=utf-8
cache-control: no-cache

01:52:01.924 [AsyncHttpClient-1-5] DEBUG org.asynchttpclient.netty.channel.ChannelManager - Adding key: http://localhost:22602 for channel [id: 0x1b49b5c2, L:/127.0.0.1:63052 - R:localhost/127.0.0.1:22602]
01:52:01.933 [AsyncHttpClient-1-6] DEBUG org.asynchttpclient.netty.channel.NettyConnectListener - Using new Channel '[id: 0x55eb812d, L:/127.0.0.1:63061 - R:localhost/127.0.0.1:63054]' for 'GET' to '/json/version'
01:52:01.941 [AsyncHttpClient-1-6] DEBUG org.asynchttpclient.netty.handler.HttpHandler - 

Request DefaultFullHttpRequest(decodeResult: success, version: HTTP/1.1, content: EmptyByteBufBE)
GET /json/version HTTP/1.1
User-Agent: selenium/4.12.0 (java windows)
host: localhost:63054
accept: */*

Response DefaultHttpResponse(decodeResult: success, version: HTTP/1.1)
HTTP/1.1 200 OK
Content-Security-Policy: frame-ancestors 'none'
Content-Length: 424
Content-Type: application/json; charset=UTF-8

01:52:01.941 [AsyncHttpClient-1-6] DEBUG org.asynchttpclient.netty.channel.ChannelManager - Adding key: http://localhost:63054 for channel [id: 0x55eb812d, L:/127.0.0.1:63061 - R:localhost/127.0.0.1:63054]
01:52:01.949 [AsyncHttpClient-1-7] DEBUG org.asynchttpclient.netty.channel.NettyConnectListener - Using new Channel '[id: 0xa8f48027, L:/127.0.0.1:63062 - R:localhost/127.0.0.1:63054]' for 'GET' to '/devtools/browser/912b8461-e272-4877-b0bd-7d77130ce07b'
01:52:01.949 [AsyncHttpClient-1-7] DEBUG org.asynchttpclient.netty.handler.WebSocketHandler - 

Request DefaultFullHttpRequest(decodeResult: success, version: HTTP/1.1, content: EmptyByteBufBE)
GET /devtools/browser/912b8461-e272-4877-b0bd-7d77130ce07b HTTP/1.1
upgrade: websocket
connection: upgrade
sec-websocket-key: hvkokqnyTHQmBdzcmuYxug==
sec-websocket-version: 13
origin: http://localhost:63054
host: localhost:63054
accept: */*
user-agent: AHC/2.1

Response DefaultHttpResponse(decodeResult: success, version: HTTP/1.1)
HTTP/1.1 101 WebSocket Protocol Handshake
Upgrade: WebSocket
Connection: Upgrade
Sec-WebSocket-Accept: 5bOg8bFu+H3vQv4Xp6sgRqbWL7U=

01:52:01.957 [Forwarding get on session 8e128044a7208320c6cc9c5e92affb0a to remote] DEBUG org.asynchttpclient.netty.request.NettyRequestSender - Using pooled Channel '[id: 0x1b49b5c2, L:/127.0.0.1:63052 - R:localhost/127.0.0.1:22602]' for 'POST' to 'http://localhost:22602/session/8e128044a7208320c6cc9c5e92affb0a/url'
01:52:01.957 [Forwarding get on session 8e128044a7208320c6cc9c5e92affb0a to remote] DEBUG org.asynchttpclient.netty.request.NettyRequestSender - Using open Channel [id: 0x1b49b5c2, L:/127.0.0.1:63052 - R:localhost/127.0.0.1:22602] for POST '/session/8e128044a7208320c6cc9c5e92affb0a/url'
01:52:02.210 [AsyncHttpClient-1-1] DEBUG org.asynchttpclient.netty.channel.DefaultChannelPool - Entry count for : http://localhost:63054 : 1
01:52:03.312 [AsyncHttpClient-1-1] DEBUG org.asynchttpclient.netty.channel.DefaultChannelPool - Entry count for : http://localhost:63054 : 1
01:52:03.824 [AsyncHttpClient-1-5] DEBUG org.asynchttpclient.netty.handler.HttpHandler - 

Request DefaultHttpRequest(decodeResult: success, version: HTTP/1.1)
POST /session/8e128044a7208320c6cc9c5e92affb0a/url HTTP/1.1
User-Agent: selenium/4.12.0 (java windows)
Content-Length: 79
Content-Type: application/json; charset=utf-8
host: localhost:22602
accept: */*

Response DefaultHttpResponse(decodeResult: success, version: HTTP/1.1)
HTTP/1.1 200 OK
Content-Length: 14
Content-Type: application/json; charset=utf-8
cache-control: no-cache

01:52:03.824 [AsyncHttpClient-1-5] DEBUG org.asynchttpclient.netty.channel.ChannelManager - Adding key: http://localhost:22602 for channel [id: 0x1b49b5c2, L:/127.0.0.1:63052 - R:localhost/127.0.0.1:22602]
01:52:03.824 [Forwarding maximizeCurrentWindow on session 8e128044a7208320c6cc9c5e92affb0a to remote] DEBUG org.asynchttpclient.netty.request.NettyRequestSender - Using pooled Channel '[id: 0x1b49b5c2, L:/127.0.0.1:63052 - R:localhost/127.0.0.1:22602]' for 'POST' to 'http://localhost:22602/session/8e128044a7208320c6cc9c5e92affb0a/window/maximize'
01:52:03.824 [Forwarding maximizeCurrentWindow on session 8e128044a7208320c6cc9c5e92affb0a to remote] DEBUG org.asynchttpclient.netty.request.NettyRequestSender - Using open Channel [id: 0x1b49b5c2, L:/127.0.0.1:63052 - R:localhost/127.0.0.1:22602] for POST '/session/8e128044a7208320c6cc9c5e92affb0a/window/maximize'
01:52:03.929 [AsyncHttpClient-1-5] DEBUG org.asynchttpclient.netty.handler.HttpHandler - 

Request DefaultHttpRequest(decodeResult: success, version: HTTP/1.1)
POST /session/8e128044a7208320c6cc9c5e92affb0a/window/maximize HTTP/1.1
User-Agent: selenium/4.12.0 (java windows)
Content-Length: 3
Content-Type: application/json; charset=utf-8
host: localhost:22602
accept: */*

Response DefaultHttpResponse(decodeResult: success, version: HTTP/1.1)
HTTP/1.1 200 OK
Content-Length: 51
Content-Type: application/json; charset=utf-8
cache-control: no-cache

01:52:03.929 [AsyncHttpClient-1-5] DEBUG org.asynchttpclient.netty.channel.ChannelManager - Adding key: http://localhost:22602 for channel [id: 0x1b49b5c2, L:/127.0.0.1:63052 - R:localhost/127.0.0.1:22602]
  Given I have login panel-test                        # StepDefination.Signin.I_have_login_panel()
01:52:03.929 [Forwarding findElement on session 8e128044a7208320c6cc9c5e92affb0a to remote] DEBUG org.asynchttpclient.netty.request.NettyRequestSender - Using pooled Channel '[id: 0x1b49b5c2, L:/127.0.0.1:63052 - R:localhost/127.0.0.1:22602]' for 'POST' to 'http://localhost:22602/session/8e128044a7208320c6cc9c5e92affb0a/element'
01:52:03.929 [Forwarding findElement on session 8e128044a7208320c6cc9c5e92affb0a to remote] DEBUG org.asynchttpclient.netty.request.NettyRequestSender - Using open Channel [id: 0x1b49b5c2, L:/127.0.0.1:63052 - R:localhost/127.0.0.1:22602] for POST '/session/8e128044a7208320c6cc9c5e92affb0a/element'
01:52:03.962 [AsyncHttpClient-1-5] DEBUG org.asynchttpclient.netty.handler.HttpHandler - 

Request DefaultHttpRequest(decodeResult: success, version: HTTP/1.1)
POST /session/8e128044a7208320c6cc9c5e92affb0a/element HTTP/1.1
User-Agent: selenium/4.12.0 (java windows)
Content-Length: 69
Content-Type: application/json; charset=utf-8
host: localhost:22602
accept: */*

Response DefaultHttpResponse(decodeResult: success, version: HTTP/1.1)
HTTP/1.1 200 OK
Content-Length: 125
Content-Type: application/json; charset=utf-8
cache-control: no-cache

01:52:03.962 [AsyncHttpClient-1-5] DEBUG org.asynchttpclient.netty.channel.ChannelManager - Adding key: http://localhost:22602 for channel [id: 0x1b49b5c2, L:/127.0.0.1:63052 - R:localhost/127.0.0.1:22602]
01:52:03.962 [Forwarding sendKeysToElement on session 8e128044a7208320c6cc9c5e92affb0a to remote] DEBUG org.asynchttpclient.netty.request.NettyRequestSender - Using pooled Channel '[id: 0x1b49b5c2, L:/127.0.0.1:63052 - R:localhost/127.0.0.1:22602]' for 'POST' to 'http://localhost:22602/session/8e128044a7208320c6cc9c5e92affb0a/element/f.71F80416F50DCEBB32942A742582551B.d.6BA57ECBF6AFF109A1D9EBB6BDF8B4BD.e.4/value'
01:52:03.962 [Forwarding sendKeysToElement on session 8e128044a7208320c6cc9c5e92affb0a to remote] DEBUG org.asynchttpclient.netty.request.NettyRequestSender - Using open Channel [id: 0x1b49b5c2, L:/127.0.0.1:63052 - R:localhost/127.0.0.1:22602] for POST '/session/8e128044a7208320c6cc9c5e92affb0a/element/f.71F80416F50DCEBB32942A742582551B.d.6BA57ECBF6AFF109A1D9EBB6BDF8B4BD.e.4/value'
01:52:04.241 [AsyncHttpClient-1-5] DEBUG org.asynchttpclient.netty.handler.HttpHandler - 

Request DefaultHttpRequest(decodeResult: success, version: HTTP/1.1)
POST /session/8e128044a7208320c6cc9c5e92affb0a/element/f.71F80416F50DCEBB32942A742582551B.d.6BA57ECBF6AFF109A1D9EBB6BDF8B4BD.e.4/value HTTP/1.1
User-Agent: selenium/4.12.0 (java windows)
Content-Length: 338
Content-Type: application/json; charset=utf-8
host: localhost:22602
accept: */*

Response DefaultHttpResponse(decodeResult: success, version: HTTP/1.1)
HTTP/1.1 200 OK
Content-Length: 14
Content-Type: application/json; charset=utf-8
cache-control: no-cache

01:52:04.241 [AsyncHttpClient-1-5] DEBUG org.asynchttpclient.netty.channel.ChannelManager - Adding key: http://localhost:22602 for channel [id: 0x1b49b5c2, L:/127.0.0.1:63052 - R:localhost/127.0.0.1:22602]
01:52:04.249 [Forwarding findElement on session 8e128044a7208320c6cc9c5e92affb0a to remote] DEBUG org.asynchttpclient.netty.request.NettyRequestSender - Using pooled Channel '[id: 0x1b49b5c2, L:/127.0.0.1:63052 - R:localhost/127.0.0.1:22602]' for 'POST' to 'http://localhost:22602/session/8e128044a7208320c6cc9c5e92affb0a/element'
01:52:04.249 [Forwarding findElement on session 8e128044a7208320c6cc9c5e92affb0a to remote] DEBUG org.asynchttpclient.netty.request.NettyRequestSender - Using open Channel [id: 0x1b49b5c2, L:/127.0.0.1:63052 - R:localhost/127.0.0.1:22602] for POST '/session/8e128044a7208320c6cc9c5e92affb0a/element'
01:52:04.265 [AsyncHttpClient-1-5] DEBUG org.asynchttpclient.netty.handler.HttpHandler - 

Request DefaultHttpRequest(decodeResult: success, version: HTTP/1.1)
POST /session/8e128044a7208320c6cc9c5e92affb0a/element HTTP/1.1
User-Agent: selenium/4.12.0 (java windows)
Content-Length: 72
Content-Type: application/json; charset=utf-8
host: localhost:22602
accept: */*

Response DefaultHttpResponse(decodeResult: success, version: HTTP/1.1)
HTTP/1.1 200 OK
Content-Length: 125
Content-Type: application/json; charset=utf-8
cache-control: no-cache

01:52:04.265 [AsyncHttpClient-1-5] DEBUG org.asynchttpclient.netty.channel.ChannelManager - Adding key: http://localhost:22602 for channel [id: 0x1b49b5c2, L:/127.0.0.1:63052 - R:localhost/127.0.0.1:22602]
01:52:04.265 [Forwarding sendKeysToElement on session 8e128044a7208320c6cc9c5e92affb0a to remote] DEBUG org.asynchttpclient.netty.request.NettyRequestSender - Using pooled Channel '[id: 0x1b49b5c2, L:/127.0.0.1:63052 - R:localhost/127.0.0.1:22602]' for 'POST' to 'http://localhost:22602/session/8e128044a7208320c6cc9c5e92affb0a/element/f.71F80416F50DCEBB32942A742582551B.d.6BA57ECBF6AFF109A1D9EBB6BDF8B4BD.e.6/value'
01:52:04.265 [Forwarding sendKeysToElement on session 8e128044a7208320c6cc9c5e92affb0a to remote] DEBUG org.asynchttpclient.netty.request.NettyRequestSender - Using open Channel [id: 0x1b49b5c2, L:/127.0.0.1:63052 - R:localhost/127.0.0.1:22602] for POST '/session/8e128044a7208320c6cc9c5e92affb0a/element/f.71F80416F50DCEBB32942A742582551B.d.6BA57ECBF6AFF109A1D9EBB6BDF8B4BD.e.6/value'
01:52:04.421 [AsyncHttpClient-1-1] DEBUG org.asynchttpclient.netty.channel.DefaultChannelPool - Entry count for : http://localhost:63054 : 1
01:52:04.475 [AsyncHttpClient-1-5] DEBUG org.asynchttpclient.netty.handler.HttpHandler - 

Request DefaultHttpRequest(decodeResult: success, version: HTTP/1.1)
POST /session/8e128044a7208320c6cc9c5e92affb0a/element/f.71F80416F50DCEBB32942A742582551B.d.6BA57ECBF6AFF109A1D9EBB6BDF8B4BD.e.6/value HTTP/1.1
User-Agent: selenium/4.12.0 (java windows)
Content-Length: 168
Content-Type: application/json; charset=utf-8
host: localhost:22602
accept: */*

Response DefaultHttpResponse(decodeResult: success, version: HTTP/1.1)
HTTP/1.1 200 OK
Content-Length: 14
Content-Type: application/json; charset=utf-8
cache-control: no-cache

01:52:04.476 [AsyncHttpClient-1-5] DEBUG org.asynchttpclient.netty.channel.ChannelManager - Adding key: http://localhost:22602 for channel [id: 0x1b49b5c2, L:/127.0.0.1:63052 - R:localhost/127.0.0.1:22602]
  When I provide fokisaj290@edectus.com and wrong-test # StepDefination.Signin.i_provide_id_and_password(java.lang.String,java.lang.String)
01:52:04.479 [Forwarding findElement on session 8e128044a7208320c6cc9c5e92affb0a to remote] DEBUG org.asynchttpclient.netty.request.NettyRequestSender - Using pooled Channel '[id: 0x1b49b5c2, L:/127.0.0.1:63052 - R:localhost/127.0.0.1:22602]' for 'POST' to 'http://localhost:22602/session/8e128044a7208320c6cc9c5e92affb0a/element'
01:52:04.479 [Forwarding findElement on session 8e128044a7208320c6cc9c5e92affb0a to remote] DEBUG org.asynchttpclient.netty.request.NettyRequestSender - Using open Channel [id: 0x1b49b5c2, L:/127.0.0.1:63052 - R:localhost/127.0.0.1:22602] for POST '/session/8e128044a7208320c6cc9c5e92affb0a/element'
01:52:04.503 [AsyncHttpClient-1-5] DEBUG org.asynchttpclient.netty.handler.HttpHandler - 

Request DefaultHttpRequest(decodeResult: success, version: HTTP/1.1)
POST /session/8e128044a7208320c6cc9c5e92affb0a/element HTTP/1.1
User-Agent: selenium/4.12.0 (java windows)
Content-Length: 73
Content-Type: application/json; charset=utf-8
host: localhost:22602
accept: */*

Response DefaultHttpResponse(decodeResult: success, version: HTTP/1.1)
HTTP/1.1 200 OK
Content-Length: 125
Content-Type: application/json; charset=utf-8
cache-control: no-cache

01:52:04.503 [AsyncHttpClient-1-5] DEBUG org.asynchttpclient.netty.channel.ChannelManager - Adding key: http://localhost:22602 for channel [id: 0x1b49b5c2, L:/127.0.0.1:63052 - R:localhost/127.0.0.1:22602]
01:52:04.504 [Forwarding clickElement on session 8e128044a7208320c6cc9c5e92affb0a to remote] DEBUG org.asynchttpclient.netty.request.NettyRequestSender - Using pooled Channel '[id: 0x1b49b5c2, L:/127.0.0.1:63052 - R:localhost/127.0.0.1:22602]' for 'POST' to 'http://localhost:22602/session/8e128044a7208320c6cc9c5e92affb0a/element/f.71F80416F50DCEBB32942A742582551B.d.6BA57ECBF6AFF109A1D9EBB6BDF8B4BD.e.8/click'
01:52:04.504 [Forwarding clickElement on session 8e128044a7208320c6cc9c5e92affb0a to remote] DEBUG org.asynchttpclient.netty.request.NettyRequestSender - Using open Channel [id: 0x1b49b5c2, L:/127.0.0.1:63052 - R:localhost/127.0.0.1:22602] for POST '/session/8e128044a7208320c6cc9c5e92affb0a/element/f.71F80416F50DCEBB32942A742582551B.d.6BA57ECBF6AFF109A1D9EBB6BDF8B4BD.e.8/click'
01:52:04.646 [AsyncHttpClient-1-5] DEBUG org.asynchttpclient.netty.handler.HttpHandler - 

Request DefaultHttpRequest(decodeResult: success, version: HTTP/1.1)
POST /session/8e128044a7208320c6cc9c5e92affb0a/element/f.71F80416F50DCEBB32942A742582551B.d.6BA57ECBF6AFF109A1D9EBB6BDF8B4BD.e.8/click HTTP/1.1
User-Agent: selenium/4.12.0 (java windows)
Content-Length: 87
Content-Type: application/json; charset=utf-8
host: localhost:22602
accept: */*

Response DefaultHttpResponse(decodeResult: success, version: HTTP/1.1)
HTTP/1.1 200 OK
Content-Length: 14
Content-Type: application/json; charset=utf-8
cache-control: no-cache

01:52:04.646 [AsyncHttpClient-1-5] DEBUG org.asynchttpclient.netty.channel.ChannelManager - Adding key: http://localhost:22602 for channel [id: 0x1b49b5c2, L:/127.0.0.1:63052 - R:localhost/127.0.0.1:22602]
01:52:05.508 [AsyncHttpClient-1-1] DEBUG org.asynchttpclient.netty.channel.DefaultChannelPool - Entry count for : http://localhost:63054 : 1
01:52:05.508 [AsyncHttpClient-1-1] DEBUG org.asynchttpclient.netty.channel.DefaultChannelPool - Entry count for : http://localhost:22602 : 1
01:52:06.608 [AsyncHttpClient-1-1] DEBUG org.asynchttpclient.netty.channel.DefaultChannelPool - Entry count for : http://localhost:63054 : 1
01:52:06.608 [AsyncHttpClient-1-1] DEBUG org.asynchttpclient.netty.channel.DefaultChannelPool - Entry count for : http://localhost:22602 : 1
01:52:07.714 [AsyncHttpClient-1-1] DEBUG org.asynchttpclient.netty.channel.DefaultChannelPool - Entry count for : http://localhost:63054 : 1
01:52:07.714 [AsyncHttpClient-1-1] DEBUG org.asynchttpclient.netty.channel.DefaultChannelPool - Entry count for : http://localhost:22602 : 1
01:52:08.817 [AsyncHttpClient-1-1] DEBUG org.asynchttpclient.netty.channel.DefaultChannelPool - Entry count for : http://localhost:63054 : 1
01:52:08.817 [AsyncHttpClient-1-1] DEBUG org.asynchttpclient.netty.channel.DefaultChannelPool - Entry count for : http://localhost:22602 : 1
  And Tap on submit button-test                        # StepDefination.Signin.tap_on_submit_button()
01:52:09.655 [Forwarding getCurrentUrl on session 8e128044a7208320c6cc9c5e92affb0a to remote] DEBUG org.asynchttpclient.netty.request.NettyRequestSender - Using pooled Channel '[id: 0x1b49b5c2, L:/127.0.0.1:63052 - R:localhost/127.0.0.1:22602]' for 'GET' to 'http://localhost:22602/session/8e128044a7208320c6cc9c5e92affb0a/url'
01:52:09.655 [Forwarding getCurrentUrl on session 8e128044a7208320c6cc9c5e92affb0a to remote] DEBUG org.asynchttpclient.netty.request.NettyRequestSender - Using open Channel [id: 0x1b49b5c2, L:/127.0.0.1:63052 - R:localhost/127.0.0.1:22602] for GET '/session/8e128044a7208320c6cc9c5e92affb0a/url'
01:52:09.664 [AsyncHttpClient-1-5] DEBUG org.asynchttpclient.netty.handler.HttpHandler - 

Request DefaultFullHttpRequest(decodeResult: success, version: HTTP/1.1, content: EmptyByteBufBE)
GET /session/8e128044a7208320c6cc9c5e92affb0a/url HTTP/1.1
Cache-Control: no-cache
User-Agent: selenium/4.12.0 (java windows)
Content-Type: application/json; charset=utf-8
host: localhost:22602
accept: */*

Response DefaultHttpResponse(decodeResult: success, version: HTTP/1.1)
HTTP/1.1 200 OK
Content-Length: 56
Content-Type: application/json; charset=utf-8
cache-control: no-cache

01:52:09.664 [AsyncHttpClient-1-5] DEBUG org.asynchttpclient.netty.channel.ChannelManager - Adding key: http://localhost:22602 for channel [id: 0x1b49b5c2, L:/127.0.0.1:63052 - R:localhost/127.0.0.1:22602]
Site 1: https://platform.fleetsyncs.com/admin/onboarding/broker/load-tender
Site 2: https://platform.fleetsyncs.com/auth/sign-in
Site 2: https://platform.fleetsyncs.com/auth/sign-in
https://platform.fleetsyncs.com/auth/sign-in
01:52:09.664 [Forwarding findElement on session 8e128044a7208320c6cc9c5e92affb0a to remote] DEBUG org.asynchttpclient.netty.request.NettyRequestSender - Using pooled Channel '[id: 0x1b49b5c2, L:/127.0.0.1:63052 - R:localhost/127.0.0.1:22602]' for 'POST' to 'http://localhost:22602/session/8e128044a7208320c6cc9c5e92affb0a/element'
01:52:09.664 [Forwarding findElement on session 8e128044a7208320c6cc9c5e92affb0a to remote] DEBUG org.asynchttpclient.netty.request.NettyRequestSender - Using open Channel [id: 0x1b49b5c2, L:/127.0.0.1:63052 - R:localhost/127.0.0.1:22602] for POST '/session/8e128044a7208320c6cc9c5e92affb0a/element'
01:52:09.684 [AsyncHttpClient-1-5] DEBUG org.asynchttpclient.netty.handler.HttpHandler - 

Request DefaultHttpRequest(decodeResult: success, version: HTTP/1.1)
POST /session/8e128044a7208320c6cc9c5e92affb0a/element HTTP/1.1
User-Agent: selenium/4.12.0 (java windows)
Content-Length: 66
Content-Type: application/json; charset=utf-8
host: localhost:22602
accept: */*

Response DefaultHttpResponse(decodeResult: success, version: HTTP/1.1)
HTTP/1.1 404 Not Found
Content-Length: 1053
Content-Type: application/json; charset=utf-8
cache-control: no-cache

01:52:09.684 [AsyncHttpClient-1-5] DEBUG org.asynchttpclient.netty.channel.ChannelManager - Adding key: http://localhost:22602 for channel [id: 0x1b49b5c2, L:/127.0.0.1:63052 - R:localhost/127.0.0.1:22602]
Faild to logged in
screen shot class not taking
  Then User should be logged in-test                   # StepDefination.Signin.user_should_be_logged_in()
01:52:09.696 [AsyncHttpClient-1-7] DEBUG org.asynchttpclient.netty.handler.WebSocketHandler - Channel Closed: [id: 0xa8f48027, L:/127.0.0.1:63062 ! R:localhost/127.0.0.1:63054] with attribute DISCARD
01:52:09.701 [Driver Command Executor] DEBUG org.asynchttpclient.netty.request.NettyRequestSender - Using pooled Channel '[id: 0x1b49b5c2, L:/127.0.0.1:63052 - R:localhost/127.0.0.1:22602]' for 'DELETE' to 'http://localhost:22602/session/8e128044a7208320c6cc9c5e92affb0a'
01:52:09.701 [Driver Command Executor] DEBUG org.asynchttpclient.netty.request.NettyRequestSender - Using open Channel [id: 0x1b49b5c2, L:/127.0.0.1:63052 - R:localhost/127.0.0.1:22602] for DELETE '/session/8e128044a7208320c6cc9c5e92affb0a'
01:52:09.853 [AsyncHttpClient-1-6] DEBUG org.asynchttpclient.netty.handler.HttpHandler - Unexpected I/O exception on channel [id: 0x55eb812d, L:/127.0.0.1:63061 - R:localhost/127.0.0.1:63054]
java.net.SocketException: Connection reset
	at java.base/sun.nio.ch.SocketChannelImpl.throwConnectionReset(SocketChannelImpl.java:394)
	at java.base/sun.nio.ch.SocketChannelImpl.read(SocketChannelImpl.java:426)
	at io.netty.buffer.PooledByteBuf.setBytes(PooledByteBuf.java:254)
	at io.netty.buffer.AbstractByteBuf.writeBytes(AbstractByteBuf.java:1132)
	at io.netty.channel.socket.nio.NioSocketChannel.doReadBytes(NioSocketChannel.java:357)
	at io.netty.channel.nio.AbstractNioByteChannel$NioByteUnsafe.read(AbstractNioByteChannel.java:151)
	at io.netty.channel.nio.NioEventLoop.processSelectedKey(NioEventLoop.java:788)
	at io.netty.channel.nio.NioEventLoop.processSelectedKeysOptimized(NioEventLoop.java:724)
	at io.netty.channel.nio.NioEventLoop.processSelectedKeys(NioEventLoop.java:650)
	at io.netty.channel.nio.NioEventLoop.run(NioEventLoop.java:562)
	at io.netty.util.concurrent.SingleThreadEventExecutor$4.run(SingleThreadEventExecutor.java:997)
	at io.netty.util.internal.ThreadExecutorMap$2.run(ThreadExecutorMap.java:74)
	at io.netty.util.concurrent.FastThreadLocalRunnable.run(FastThreadLocalRunnable.java:30)
	at java.base/java.lang.Thread.run(Thread.java:840)
01:52:09.853 [AsyncHttpClient-1-6] DEBUG org.asynchttpclient.netty.channel.ChannelManager - Closing Channel [id: 0x55eb812d, L:/127.0.0.1:63061 - R:localhost/127.0.0.1:63054] 
01:52:09.853 [AsyncHttpClient-1-6] DEBUG org.asynchttpclient.netty.handler.HttpHandler - Channel Closed: [id: 0x55eb812d, L:/127.0.0.1:63061 ! R:localhost/127.0.0.1:63054] with attribute DISCARD
01:52:09.885 [AsyncHttpClient-1-5] DEBUG org.asynchttpclient.netty.handler.HttpHandler - 

Request DefaultFullHttpRequest(decodeResult: success, version: HTTP/1.1, content: EmptyByteBufBE)
DELETE /session/8e128044a7208320c6cc9c5e92affb0a HTTP/1.1
User-Agent: selenium/4.12.0 (java windows)
Content-Type: application/json; charset=utf-8
host: localhost:22602
accept: */*

Response DefaultHttpResponse(decodeResult: success, version: HTTP/1.1)
HTTP/1.1 200 OK
Content-Length: 14
Content-Type: application/json; charset=utf-8
cache-control: no-cache

01:52:09.885 [AsyncHttpClient-1-5] DEBUG org.asynchttpclient.netty.channel.ChannelManager - Adding key: http://localhost:22602 for channel [id: 0x1b49b5c2, L:/127.0.0.1:63052 - R:localhost/127.0.0.1:22602]
01:52:09.909 [AsyncHttpClient-1-1] DEBUG org.asynchttpclient.netty.channel.DefaultChannelPool - Entry count for : http://localhost:63054 : 1
01:52:09.909 [AsyncHttpClient-1-1] DEBUG org.asynchttpclient.netty.channel.DefaultChannelPool - Entry count for : http://localhost:22602 : 1
01:52:09.909 [AsyncHttpClient-1-1] DEBUG org.asynchttpclient.netty.channel.DefaultChannelPool - Adding Candidate expired Channel [id: 0x55eb812d, L:/127.0.0.1:63061 ! R:localhost/127.0.0.1:63054] isIdleTimeoutExpired=false isRemotelyClosed=true isTtlExpired=false
01:52:09.909 [AsyncHttpClient-1-1] DEBUG org.asynchttpclient.netty.channel.DefaultChannelPool - Closing Idle Channel [id: 0x55eb812d, L:/127.0.0.1:63061 ! R:localhost/127.0.0.1:63054]
01:52:09.909 [AsyncHttpClient-1-1] DEBUG org.asynchttpclient.netty.channel.DefaultChannelPool - Closed 1 connections out of 2 in 0 ms
01:52:10.329 [AsyncHttpClient-1-5] DEBUG org.asynchttpclient.netty.handler.HttpHandler - Channel Closed: [id: 0x1b49b5c2, L:/127.0.0.1:63052 ! R:localhost/127.0.0.1:22602] with attribute DISCARD
WebDriver quit successfully.
  And Close Window                                     # StepDefination.Signin.close_window()
WebDriver is null. Nothing to close.
]]></system-out>
    <system-err><![CDATA[Jan 25, 2025 1:52:01 AM org.openqa.selenium.devtools.CdpVersionFinder findNearestMatch
WARNING: Unable to find CDP implementation matching 131
Jan 25, 2025 1:52:01 AM org.openqa.selenium.chromium.ChromiumDriver lambda$new$5
WARNING: Unable to find version of CDP to use for 131.0.6778.265. You may need to include a dependency on a specific version of the CDP using something similar to `org.seleniumhq.selenium:selenium-devtools-v86:4.12.0` where the version ("v86") matches the version of the chromium-based browser you're using and the version number of the artifact is the same as Selenium's.
]]></system-err>
  </testcase>
  <testcase name="Signin with email and password #2" classname="User sign IN" time="9.678">
    <system-out><![CDATA[
Scenario Outline: Signin with email and password # src/test/resources/Login/Login.feature:13
01:52:10.831 [AsyncHttpClient-1-8] DEBUG org.asynchttpclient.netty.channel.NettyConnectListener - Using new Channel '[id: 0xa903ebf0, L:/127.0.0.1:63083 - R:localhost/127.0.0.1:6021]' for 'POST' to '/session'
01:52:11.013 [AsyncHttpClient-1-1] DEBUG org.asynchttpclient.netty.channel.DefaultChannelPool - Entry count for : http://localhost:22602 : 1
01:52:11.013 [AsyncHttpClient-1-1] DEBUG org.asynchttpclient.netty.channel.DefaultChannelPool - Adding Candidate expired Channel [id: 0x1b49b5c2, L:/127.0.0.1:63052 ! R:localhost/127.0.0.1:22602] isIdleTimeoutExpired=false isRemotelyClosed=true isTtlExpired=false
01:52:11.013 [AsyncHttpClient-1-1] DEBUG org.asynchttpclient.netty.channel.DefaultChannelPool - Closing Idle Channel [id: 0x1b49b5c2, L:/127.0.0.1:63052 ! R:localhost/127.0.0.1:22602]
01:52:11.013 [AsyncHttpClient-1-1] DEBUG org.asynchttpclient.netty.channel.DefaultChannelPool - Closed 1 connections out of 1 in 0 ms
01:52:12.067 [AsyncHttpClient-1-8] DEBUG org.asynchttpclient.netty.handler.HttpHandler - 

Request DefaultHttpRequest(decodeResult: success, version: HTTP/1.1)
POST /session HTTP/1.1
User-Agent: selenium/4.12.0 (java windows)
Content-Length: 254
Content-Type: application/json; charset=utf-8
host: localhost:6021
accept: */*

Response DefaultHttpResponse(decodeResult: success, version: HTTP/1.1)
HTTP/1.1 200 OK
Content-Length: 888
Content-Type: application/json; charset=utf-8
cache-control: no-cache

01:52:12.067 [AsyncHttpClient-1-8] DEBUG org.asynchttpclient.netty.channel.ChannelManager - Adding key: http://localhost:6021 for channel [id: 0xa903ebf0, L:/127.0.0.1:63083 - R:localhost/127.0.0.1:6021]
01:52:12.075 [AsyncHttpClient-1-9] DEBUG org.asynchttpclient.netty.channel.NettyConnectListener - Using new Channel '[id: 0x8eb2829c, L:/127.0.0.1:63092 - R:localhost/127.0.0.1:63084]' for 'GET' to '/json/version'
01:52:12.075 [AsyncHttpClient-1-9] DEBUG org.asynchttpclient.netty.handler.HttpHandler - 

Request DefaultFullHttpRequest(decodeResult: success, version: HTTP/1.1, content: EmptyByteBufBE)
GET /json/version HTTP/1.1
User-Agent: selenium/4.12.0 (java windows)
host: localhost:63084
accept: */*

Response DefaultHttpResponse(decodeResult: success, version: HTTP/1.1)
HTTP/1.1 200 OK
Content-Security-Policy: frame-ancestors 'none'
Content-Length: 424
Content-Type: application/json; charset=UTF-8

01:52:12.075 [AsyncHttpClient-1-9] DEBUG org.asynchttpclient.netty.channel.ChannelManager - Adding key: http://localhost:63084 for channel [id: 0x8eb2829c, L:/127.0.0.1:63092 - R:localhost/127.0.0.1:63084]
01:52:12.083 [AsyncHttpClient-1-10] DEBUG org.asynchttpclient.netty.channel.NettyConnectListener - Using new Channel '[id: 0x07865f5d, L:/127.0.0.1:63093 - R:localhost/127.0.0.1:63084]' for 'GET' to '/devtools/browser/f19248b9-6ace-4b9e-a12e-540c6dc6bccb'
01:52:12.083 [AsyncHttpClient-1-10] DEBUG org.asynchttpclient.netty.handler.WebSocketHandler - 

Request DefaultFullHttpRequest(decodeResult: success, version: HTTP/1.1, content: EmptyByteBufBE)
GET /devtools/browser/f19248b9-6ace-4b9e-a12e-540c6dc6bccb HTTP/1.1
upgrade: websocket
connection: upgrade
sec-websocket-key: 41Utbet2jgqF6QvKjJsF7w==
sec-websocket-version: 13
origin: http://localhost:63084
host: localhost:63084
accept: */*
user-agent: AHC/2.1

Response DefaultHttpResponse(decodeResult: success, version: HTTP/1.1)
HTTP/1.1 101 WebSocket Protocol Handshake
Upgrade: WebSocket
Connection: Upgrade
Sec-WebSocket-Accept: qbX0l3AjJjOb6osCg9QNwRbmawI=

01:52:12.093 [Forwarding get on session 3a967cfe9eb24e8b4d722b00ec6e5a9e to remote] DEBUG org.asynchttpclient.netty.request.NettyRequestSender - Using pooled Channel '[id: 0xa903ebf0, L:/127.0.0.1:63083 - R:localhost/127.0.0.1:6021]' for 'POST' to 'http://localhost:6021/session/3a967cfe9eb24e8b4d722b00ec6e5a9e/url'
01:52:12.093 [Forwarding get on session 3a967cfe9eb24e8b4d722b00ec6e5a9e to remote] DEBUG org.asynchttpclient.netty.request.NettyRequestSender - Using open Channel [id: 0xa903ebf0, L:/127.0.0.1:63083 - R:localhost/127.0.0.1:6021] for POST '/session/3a967cfe9eb24e8b4d722b00ec6e5a9e/url'
01:52:12.115 [AsyncHttpClient-1-1] DEBUG org.asynchttpclient.netty.channel.DefaultChannelPool - Entry count for : http://localhost:63084 : 1
01:52:13.221 [AsyncHttpClient-1-1] DEBUG org.asynchttpclient.netty.channel.DefaultChannelPool - Entry count for : http://localhost:63084 : 1
01:52:13.555 [AsyncHttpClient-1-8] DEBUG org.asynchttpclient.netty.handler.HttpHandler - 

Request DefaultHttpRequest(decodeResult: success, version: HTTP/1.1)
POST /session/3a967cfe9eb24e8b4d722b00ec6e5a9e/url HTTP/1.1
User-Agent: selenium/4.12.0 (java windows)
Content-Length: 79
Content-Type: application/json; charset=utf-8
host: localhost:6021
accept: */*

Response DefaultHttpResponse(decodeResult: success, version: HTTP/1.1)
HTTP/1.1 200 OK
Content-Length: 14
Content-Type: application/json; charset=utf-8
cache-control: no-cache

01:52:13.555 [AsyncHttpClient-1-8] DEBUG org.asynchttpclient.netty.channel.ChannelManager - Adding key: http://localhost:6021 for channel [id: 0xa903ebf0, L:/127.0.0.1:63083 - R:localhost/127.0.0.1:6021]
01:52:13.555 [Forwarding maximizeCurrentWindow on session 3a967cfe9eb24e8b4d722b00ec6e5a9e to remote] DEBUG org.asynchttpclient.netty.request.NettyRequestSender - Using pooled Channel '[id: 0xa903ebf0, L:/127.0.0.1:63083 - R:localhost/127.0.0.1:6021]' for 'POST' to 'http://localhost:6021/session/3a967cfe9eb24e8b4d722b00ec6e5a9e/window/maximize'
01:52:13.555 [Forwarding maximizeCurrentWindow on session 3a967cfe9eb24e8b4d722b00ec6e5a9e to remote] DEBUG org.asynchttpclient.netty.request.NettyRequestSender - Using open Channel [id: 0xa903ebf0, L:/127.0.0.1:63083 - R:localhost/127.0.0.1:6021] for POST '/session/3a967cfe9eb24e8b4d722b00ec6e5a9e/window/maximize'
01:52:13.652 [AsyncHttpClient-1-8] DEBUG org.asynchttpclient.netty.handler.HttpHandler - 

Request DefaultHttpRequest(decodeResult: success, version: HTTP/1.1)
POST /session/3a967cfe9eb24e8b4d722b00ec6e5a9e/window/maximize HTTP/1.1
User-Agent: selenium/4.12.0 (java windows)
Content-Length: 3
Content-Type: application/json; charset=utf-8
host: localhost:6021
accept: */*

Response DefaultHttpResponse(decodeResult: success, version: HTTP/1.1)
HTTP/1.1 200 OK
Content-Length: 51
Content-Type: application/json; charset=utf-8
cache-control: no-cache

01:52:13.652 [AsyncHttpClient-1-8] DEBUG org.asynchttpclient.netty.channel.ChannelManager - Adding key: http://localhost:6021 for channel [id: 0xa903ebf0, L:/127.0.0.1:63083 - R:localhost/127.0.0.1:6021]
  Given I have login panel-test                  # StepDefination.Signin.I_have_login_panel()
01:52:13.660 [Forwarding findElement on session 3a967cfe9eb24e8b4d722b00ec6e5a9e to remote] DEBUG org.asynchttpclient.netty.request.NettyRequestSender - Using pooled Channel '[id: 0xa903ebf0, L:/127.0.0.1:63083 - R:localhost/127.0.0.1:6021]' for 'POST' to 'http://localhost:6021/session/3a967cfe9eb24e8b4d722b00ec6e5a9e/element'
01:52:13.660 [Forwarding findElement on session 3a967cfe9eb24e8b4d722b00ec6e5a9e to remote] DEBUG org.asynchttpclient.netty.request.NettyRequestSender - Using open Channel [id: 0xa903ebf0, L:/127.0.0.1:63083 - R:localhost/127.0.0.1:6021] for POST '/session/3a967cfe9eb24e8b4d722b00ec6e5a9e/element'
01:52:13.700 [AsyncHttpClient-1-8] DEBUG org.asynchttpclient.netty.handler.HttpHandler - 

Request DefaultHttpRequest(decodeResult: success, version: HTTP/1.1)
POST /session/3a967cfe9eb24e8b4d722b00ec6e5a9e/element HTTP/1.1
User-Agent: selenium/4.12.0 (java windows)
Content-Length: 69
Content-Type: application/json; charset=utf-8
host: localhost:6021
accept: */*

Response DefaultHttpResponse(decodeResult: success, version: HTTP/1.1)
HTTP/1.1 200 OK
Content-Length: 125
Content-Type: application/json; charset=utf-8
cache-control: no-cache

01:52:13.700 [AsyncHttpClient-1-8] DEBUG org.asynchttpclient.netty.channel.ChannelManager - Adding key: http://localhost:6021 for channel [id: 0xa903ebf0, L:/127.0.0.1:63083 - R:localhost/127.0.0.1:6021]
01:52:13.700 [Forwarding sendKeysToElement on session 3a967cfe9eb24e8b4d722b00ec6e5a9e to remote] DEBUG org.asynchttpclient.netty.request.NettyRequestSender - Using pooled Channel '[id: 0xa903ebf0, L:/127.0.0.1:63083 - R:localhost/127.0.0.1:6021]' for 'POST' to 'http://localhost:6021/session/3a967cfe9eb24e8b4d722b00ec6e5a9e/element/f.400D7A24F8395FE2B1E07A3C9891D260.d.695537FCD5ABD0480ED63091A8B6C5E5.e.1/value'
01:52:13.700 [Forwarding sendKeysToElement on session 3a967cfe9eb24e8b4d722b00ec6e5a9e to remote] DEBUG org.asynchttpclient.netty.request.NettyRequestSender - Using open Channel [id: 0xa903ebf0, L:/127.0.0.1:63083 - R:localhost/127.0.0.1:6021] for POST '/session/3a967cfe9eb24e8b4d722b00ec6e5a9e/element/f.400D7A24F8395FE2B1E07A3C9891D260.d.695537FCD5ABD0480ED63091A8B6C5E5.e.1/value'
01:52:13.887 [AsyncHttpClient-1-8] DEBUG org.asynchttpclient.netty.handler.HttpHandler - 

Request DefaultHttpRequest(decodeResult: success, version: HTTP/1.1)
POST /session/3a967cfe9eb24e8b4d722b00ec6e5a9e/element/f.400D7A24F8395FE2B1E07A3C9891D260.d.695537FCD5ABD0480ED63091A8B6C5E5.e.1/value HTTP/1.1
User-Agent: selenium/4.12.0 (java windows)
Content-Length: 218
Content-Type: application/json; charset=utf-8
host: localhost:6021
accept: */*

Response DefaultHttpResponse(decodeResult: success, version: HTTP/1.1)
HTTP/1.1 200 OK
Content-Length: 14
Content-Type: application/json; charset=utf-8
cache-control: no-cache

01:52:13.887 [AsyncHttpClient-1-8] DEBUG org.asynchttpclient.netty.channel.ChannelManager - Adding key: http://localhost:6021 for channel [id: 0xa903ebf0, L:/127.0.0.1:63083 - R:localhost/127.0.0.1:6021]
01:52:13.890 [Forwarding findElement on session 3a967cfe9eb24e8b4d722b00ec6e5a9e to remote] DEBUG org.asynchttpclient.netty.request.NettyRequestSender - Using pooled Channel '[id: 0xa903ebf0, L:/127.0.0.1:63083 - R:localhost/127.0.0.1:6021]' for 'POST' to 'http://localhost:6021/session/3a967cfe9eb24e8b4d722b00ec6e5a9e/element'
01:52:13.890 [Forwarding findElement on session 3a967cfe9eb24e8b4d722b00ec6e5a9e to remote] DEBUG org.asynchttpclient.netty.request.NettyRequestSender - Using open Channel [id: 0xa903ebf0, L:/127.0.0.1:63083 - R:localhost/127.0.0.1:6021] for POST '/session/3a967cfe9eb24e8b4d722b00ec6e5a9e/element'
01:52:13.903 [AsyncHttpClient-1-8] DEBUG org.asynchttpclient.netty.handler.HttpHandler - 

Request DefaultHttpRequest(decodeResult: success, version: HTTP/1.1)
POST /session/3a967cfe9eb24e8b4d722b00ec6e5a9e/element HTTP/1.1
User-Agent: selenium/4.12.0 (java windows)
Content-Length: 72
Content-Type: application/json; charset=utf-8
host: localhost:6021
accept: */*

Response DefaultHttpResponse(decodeResult: success, version: HTTP/1.1)
HTTP/1.1 200 OK
Content-Length: 125
Content-Type: application/json; charset=utf-8
cache-control: no-cache

01:52:13.903 [AsyncHttpClient-1-8] DEBUG org.asynchttpclient.netty.channel.ChannelManager - Adding key: http://localhost:6021 for channel [id: 0xa903ebf0, L:/127.0.0.1:63083 - R:localhost/127.0.0.1:6021]
01:52:13.903 [Forwarding sendKeysToElement on session 3a967cfe9eb24e8b4d722b00ec6e5a9e to remote] DEBUG org.asynchttpclient.netty.request.NettyRequestSender - Using pooled Channel '[id: 0xa903ebf0, L:/127.0.0.1:63083 - R:localhost/127.0.0.1:6021]' for 'POST' to 'http://localhost:6021/session/3a967cfe9eb24e8b4d722b00ec6e5a9e/element/f.400D7A24F8395FE2B1E07A3C9891D260.d.695537FCD5ABD0480ED63091A8B6C5E5.e.3/value'
01:52:13.903 [Forwarding sendKeysToElement on session 3a967cfe9eb24e8b4d722b00ec6e5a9e to remote] DEBUG org.asynchttpclient.netty.request.NettyRequestSender - Using open Channel [id: 0xa903ebf0, L:/127.0.0.1:63083 - R:localhost/127.0.0.1:6021] for POST '/session/3a967cfe9eb24e8b4d722b00ec6e5a9e/element/f.400D7A24F8395FE2B1E07A3C9891D260.d.695537FCD5ABD0480ED63091A8B6C5E5.e.3/value'
01:52:14.150 [AsyncHttpClient-1-8] DEBUG org.asynchttpclient.netty.handler.HttpHandler - 

Request DefaultHttpRequest(decodeResult: success, version: HTTP/1.1)
POST /session/3a967cfe9eb24e8b4d722b00ec6e5a9e/element/f.400D7A24F8395FE2B1E07A3C9891D260.d.695537FCD5ABD0480ED63091A8B6C5E5.e.3/value HTTP/1.1
User-Agent: selenium/4.12.0 (java windows)
Content-Length: 208
Content-Type: application/json; charset=utf-8
host: localhost:6021
accept: */*

Response DefaultHttpResponse(decodeResult: success, version: HTTP/1.1)
HTTP/1.1 200 OK
Content-Length: 14
Content-Type: application/json; charset=utf-8
cache-control: no-cache

01:52:14.150 [AsyncHttpClient-1-8] DEBUG org.asynchttpclient.netty.channel.ChannelManager - Adding key: http://localhost:6021 for channel [id: 0xa903ebf0, L:/127.0.0.1:63083 - R:localhost/127.0.0.1:6021]
  When I provide Wrong.mail and Fleet@123-test   # StepDefination.Signin.i_provide_id_and_password(java.lang.String,java.lang.String)
01:52:14.158 [Forwarding findElement on session 3a967cfe9eb24e8b4d722b00ec6e5a9e to remote] DEBUG org.asynchttpclient.netty.request.NettyRequestSender - Using pooled Channel '[id: 0xa903ebf0, L:/127.0.0.1:63083 - R:localhost/127.0.0.1:6021]' for 'POST' to 'http://localhost:6021/session/3a967cfe9eb24e8b4d722b00ec6e5a9e/element'
01:52:14.158 [Forwarding findElement on session 3a967cfe9eb24e8b4d722b00ec6e5a9e to remote] DEBUG org.asynchttpclient.netty.request.NettyRequestSender - Using open Channel [id: 0xa903ebf0, L:/127.0.0.1:63083 - R:localhost/127.0.0.1:6021] for POST '/session/3a967cfe9eb24e8b4d722b00ec6e5a9e/element'
01:52:14.184 [AsyncHttpClient-1-8] DEBUG org.asynchttpclient.netty.handler.HttpHandler - 

Request DefaultHttpRequest(decodeResult: success, version: HTTP/1.1)
POST /session/3a967cfe9eb24e8b4d722b00ec6e5a9e/element HTTP/1.1
User-Agent: selenium/4.12.0 (java windows)
Content-Length: 73
Content-Type: application/json; charset=utf-8
host: localhost:6021
accept: */*

Response DefaultHttpResponse(decodeResult: success, version: HTTP/1.1)
HTTP/1.1 200 OK
Content-Length: 125
Content-Type: application/json; charset=utf-8
cache-control: no-cache

01:52:14.184 [AsyncHttpClient-1-8] DEBUG org.asynchttpclient.netty.channel.ChannelManager - Adding key: http://localhost:6021 for channel [id: 0xa903ebf0, L:/127.0.0.1:63083 - R:localhost/127.0.0.1:6021]
01:52:14.184 [Forwarding clickElement on session 3a967cfe9eb24e8b4d722b00ec6e5a9e to remote] DEBUG org.asynchttpclient.netty.request.NettyRequestSender - Using pooled Channel '[id: 0xa903ebf0, L:/127.0.0.1:63083 - R:localhost/127.0.0.1:6021]' for 'POST' to 'http://localhost:6021/session/3a967cfe9eb24e8b4d722b00ec6e5a9e/element/f.400D7A24F8395FE2B1E07A3C9891D260.d.695537FCD5ABD0480ED63091A8B6C5E5.e.5/click'
01:52:14.184 [Forwarding clickElement on session 3a967cfe9eb24e8b4d722b00ec6e5a9e to remote] DEBUG org.asynchttpclient.netty.request.NettyRequestSender - Using open Channel [id: 0xa903ebf0, L:/127.0.0.1:63083 - R:localhost/127.0.0.1:6021] for POST '/session/3a967cfe9eb24e8b4d722b00ec6e5a9e/element/f.400D7A24F8395FE2B1E07A3C9891D260.d.695537FCD5ABD0480ED63091A8B6C5E5.e.5/click'
01:52:14.323 [AsyncHttpClient-1-1] DEBUG org.asynchttpclient.netty.channel.DefaultChannelPool - Entry count for : http://localhost:63084 : 1
01:52:14.363 [AsyncHttpClient-1-8] DEBUG org.asynchttpclient.netty.handler.HttpHandler - 

Request DefaultHttpRequest(decodeResult: success, version: HTTP/1.1)
POST /session/3a967cfe9eb24e8b4d722b00ec6e5a9e/element/f.400D7A24F8395FE2B1E07A3C9891D260.d.695537FCD5ABD0480ED63091A8B6C5E5.e.5/click HTTP/1.1
User-Agent: selenium/4.12.0 (java windows)
Content-Length: 87
Content-Type: application/json; charset=utf-8
host: localhost:6021
accept: */*

Response DefaultHttpResponse(decodeResult: success, version: HTTP/1.1)
HTTP/1.1 200 OK
Content-Length: 14
Content-Type: application/json; charset=utf-8
cache-control: no-cache

01:52:14.363 [AsyncHttpClient-1-8] DEBUG org.asynchttpclient.netty.channel.ChannelManager - Adding key: http://localhost:6021 for channel [id: 0xa903ebf0, L:/127.0.0.1:63083 - R:localhost/127.0.0.1:6021]
01:52:15.420 [AsyncHttpClient-1-1] DEBUG org.asynchttpclient.netty.channel.DefaultChannelPool - Entry count for : http://localhost:63084 : 1
01:52:15.420 [AsyncHttpClient-1-1] DEBUG org.asynchttpclient.netty.channel.DefaultChannelPool - Entry count for : http://localhost:6021 : 1
01:52:16.512 [AsyncHttpClient-1-1] DEBUG org.asynchttpclient.netty.channel.DefaultChannelPool - Entry count for : http://localhost:63084 : 1
01:52:16.512 [AsyncHttpClient-1-1] DEBUG org.asynchttpclient.netty.channel.DefaultChannelPool - Entry count for : http://localhost:6021 : 1
01:52:17.620 [AsyncHttpClient-1-1] DEBUG org.asynchttpclient.netty.channel.DefaultChannelPool - Entry count for : http://localhost:63084 : 1
01:52:17.620 [AsyncHttpClient-1-1] DEBUG org.asynchttpclient.netty.channel.DefaultChannelPool - Entry count for : http://localhost:6021 : 1
01:52:18.710 [AsyncHttpClient-1-1] DEBUG org.asynchttpclient.netty.channel.DefaultChannelPool - Entry count for : http://localhost:63084 : 1
01:52:18.710 [AsyncHttpClient-1-1] DEBUG org.asynchttpclient.netty.channel.DefaultChannelPool - Entry count for : http://localhost:6021 : 1
  And Tap on submit button-test                  # StepDefination.Signin.tap_on_submit_button()
01:52:19.372 [Forwarding getCurrentUrl on session 3a967cfe9eb24e8b4d722b00ec6e5a9e to remote] DEBUG org.asynchttpclient.netty.request.NettyRequestSender - Using pooled Channel '[id: 0xa903ebf0, L:/127.0.0.1:63083 - R:localhost/127.0.0.1:6021]' for 'GET' to 'http://localhost:6021/session/3a967cfe9eb24e8b4d722b00ec6e5a9e/url'
01:52:19.372 [Forwarding getCurrentUrl on session 3a967cfe9eb24e8b4d722b00ec6e5a9e to remote] DEBUG org.asynchttpclient.netty.request.NettyRequestSender - Using open Channel [id: 0xa903ebf0, L:/127.0.0.1:63083 - R:localhost/127.0.0.1:6021] for GET '/session/3a967cfe9eb24e8b4d722b00ec6e5a9e/url'
01:52:19.388 [AsyncHttpClient-1-8] DEBUG org.asynchttpclient.netty.handler.HttpHandler - 

Request DefaultFullHttpRequest(decodeResult: success, version: HTTP/1.1, content: EmptyByteBufBE)
GET /session/3a967cfe9eb24e8b4d722b00ec6e5a9e/url HTTP/1.1
Cache-Control: no-cache
User-Agent: selenium/4.12.0 (java windows)
Content-Type: application/json; charset=utf-8
host: localhost:6021
accept: */*

Response DefaultHttpResponse(decodeResult: success, version: HTTP/1.1)
HTTP/1.1 200 OK
Content-Length: 56
Content-Type: application/json; charset=utf-8
cache-control: no-cache

01:52:19.388 [AsyncHttpClient-1-8] DEBUG org.asynchttpclient.netty.channel.ChannelManager - Adding key: http://localhost:6021 for channel [id: 0xa903ebf0, L:/127.0.0.1:63083 - R:localhost/127.0.0.1:6021]
Site 1: https://platform.fleetsyncs.com/admin/onboarding/broker/load-tender
Site 2: https://platform.fleetsyncs.com/auth/sign-in
Site 2: https://platform.fleetsyncs.com/auth/sign-in
https://platform.fleetsyncs.com/auth/sign-in
01:52:19.388 [Forwarding findElement on session 3a967cfe9eb24e8b4d722b00ec6e5a9e to remote] DEBUG org.asynchttpclient.netty.request.NettyRequestSender - Using pooled Channel '[id: 0xa903ebf0, L:/127.0.0.1:63083 - R:localhost/127.0.0.1:6021]' for 'POST' to 'http://localhost:6021/session/3a967cfe9eb24e8b4d722b00ec6e5a9e/element'
01:52:19.388 [Forwarding findElement on session 3a967cfe9eb24e8b4d722b00ec6e5a9e to remote] DEBUG org.asynchttpclient.netty.request.NettyRequestSender - Using open Channel [id: 0xa903ebf0, L:/127.0.0.1:63083 - R:localhost/127.0.0.1:6021] for POST '/session/3a967cfe9eb24e8b4d722b00ec6e5a9e/element'
01:52:19.422 [AsyncHttpClient-1-8] DEBUG org.asynchttpclient.netty.handler.HttpHandler - 

Request DefaultHttpRequest(decodeResult: success, version: HTTP/1.1)
POST /session/3a967cfe9eb24e8b4d722b00ec6e5a9e/element HTTP/1.1
User-Agent: selenium/4.12.0 (java windows)
Content-Length: 66
Content-Type: application/json; charset=utf-8
host: localhost:6021
accept: */*

Response DefaultHttpResponse(decodeResult: success, version: HTTP/1.1)
HTTP/1.1 404 Not Found
Content-Length: 1053
Content-Type: application/json; charset=utf-8
cache-control: no-cache

01:52:19.422 [AsyncHttpClient-1-8] DEBUG org.asynchttpclient.netty.channel.ChannelManager - Adding key: http://localhost:6021 for channel [id: 0xa903ebf0, L:/127.0.0.1:63083 - R:localhost/127.0.0.1:6021]
Faild to logged in
screen shot class not taking
  Then User should be logged in-test             # StepDefination.Signin.user_should_be_logged_in()
01:52:19.430 [AsyncHttpClient-1-10] DEBUG org.asynchttpclient.netty.handler.WebSocketHandler - Channel Closed: [id: 0x07865f5d, L:/127.0.0.1:63093 ! R:localhost/127.0.0.1:63084] with attribute DISCARD
01:52:19.438 [Driver Command Executor] DEBUG org.asynchttpclient.netty.request.NettyRequestSender - Using pooled Channel '[id: 0xa903ebf0, L:/127.0.0.1:63083 - R:localhost/127.0.0.1:6021]' for 'DELETE' to 'http://localhost:6021/session/3a967cfe9eb24e8b4d722b00ec6e5a9e'
01:52:19.438 [Driver Command Executor] DEBUG org.asynchttpclient.netty.request.NettyRequestSender - Using open Channel [id: 0xa903ebf0, L:/127.0.0.1:63083 - R:localhost/127.0.0.1:6021] for DELETE '/session/3a967cfe9eb24e8b4d722b00ec6e5a9e'
01:52:19.587 [AsyncHttpClient-1-9] DEBUG org.asynchttpclient.netty.handler.HttpHandler - Unexpected I/O exception on channel [id: 0x8eb2829c, L:/127.0.0.1:63092 - R:localhost/127.0.0.1:63084]
java.net.SocketException: Connection reset
	at java.base/sun.nio.ch.SocketChannelImpl.throwConnectionReset(SocketChannelImpl.java:394)
	at java.base/sun.nio.ch.SocketChannelImpl.read(SocketChannelImpl.java:426)
	at io.netty.buffer.PooledByteBuf.setBytes(PooledByteBuf.java:254)
	at io.netty.buffer.AbstractByteBuf.writeBytes(AbstractByteBuf.java:1132)
	at io.netty.channel.socket.nio.NioSocketChannel.doReadBytes(NioSocketChannel.java:357)
	at io.netty.channel.nio.AbstractNioByteChannel$NioByteUnsafe.read(AbstractNioByteChannel.java:151)
	at io.netty.channel.nio.NioEventLoop.processSelectedKey(NioEventLoop.java:788)
	at io.netty.channel.nio.NioEventLoop.processSelectedKeysOptimized(NioEventLoop.java:724)
	at io.netty.channel.nio.NioEventLoop.processSelectedKeys(NioEventLoop.java:650)
	at io.netty.channel.nio.NioEventLoop.run(NioEventLoop.java:562)
	at io.netty.util.concurrent.SingleThreadEventExecutor$4.run(SingleThreadEventExecutor.java:997)
	at io.netty.util.internal.ThreadExecutorMap$2.run(ThreadExecutorMap.java:74)
	at io.netty.util.concurrent.FastThreadLocalRunnable.run(FastThreadLocalRunnable.java:30)
	at java.base/java.lang.Thread.run(Thread.java:840)
01:52:19.587 [AsyncHttpClient-1-9] DEBUG org.asynchttpclient.netty.channel.ChannelManager - Closing Channel [id: 0x8eb2829c, L:/127.0.0.1:63092 - R:localhost/127.0.0.1:63084] 
01:52:19.591 [AsyncHttpClient-1-9] DEBUG org.asynchttpclient.netty.handler.HttpHandler - Channel Closed: [id: 0x8eb2829c, L:/127.0.0.1:63092 ! R:localhost/127.0.0.1:63084] with attribute DISCARD
01:52:19.636 [AsyncHttpClient-1-8] DEBUG org.asynchttpclient.netty.handler.HttpHandler - 

Request DefaultFullHttpRequest(decodeResult: success, version: HTTP/1.1, content: EmptyByteBufBE)
DELETE /session/3a967cfe9eb24e8b4d722b00ec6e5a9e HTTP/1.1
User-Agent: selenium/4.12.0 (java windows)
Content-Type: application/json; charset=utf-8
host: localhost:6021
accept: */*

Response DefaultHttpResponse(decodeResult: success, version: HTTP/1.1)
HTTP/1.1 200 OK
Content-Length: 14
Content-Type: application/json; charset=utf-8
cache-control: no-cache

01:52:19.644 [AsyncHttpClient-1-8] DEBUG org.asynchttpclient.netty.channel.ChannelManager - Adding key: http://localhost:6021 for channel [id: 0xa903ebf0, L:/127.0.0.1:63083 - R:localhost/127.0.0.1:6021]
01:52:19.808 [AsyncHttpClient-1-1] DEBUG org.asynchttpclient.netty.channel.DefaultChannelPool - Entry count for : http://localhost:63084 : 1
01:52:19.808 [AsyncHttpClient-1-1] DEBUG org.asynchttpclient.netty.channel.DefaultChannelPool - Entry count for : http://localhost:6021 : 1
01:52:19.808 [AsyncHttpClient-1-1] DEBUG org.asynchttpclient.netty.channel.DefaultChannelPool - Adding Candidate expired Channel [id: 0x8eb2829c, L:/127.0.0.1:63092 ! R:localhost/127.0.0.1:63084] isIdleTimeoutExpired=false isRemotelyClosed=true isTtlExpired=false
01:52:19.808 [AsyncHttpClient-1-1] DEBUG org.asynchttpclient.netty.channel.DefaultChannelPool - Closing Idle Channel [id: 0x8eb2829c, L:/127.0.0.1:63092 ! R:localhost/127.0.0.1:63084]
01:52:19.808 [AsyncHttpClient-1-1] DEBUG org.asynchttpclient.netty.channel.DefaultChannelPool - Closed 1 connections out of 2 in 0 ms
01:52:20.031 [AsyncHttpClient-1-8] DEBUG org.asynchttpclient.netty.handler.HttpHandler - Channel Closed: [id: 0xa903ebf0, L:/127.0.0.1:63083 ! R:localhost/127.0.0.1:6021] with attribute DISCARD
WebDriver quit successfully.
  And Close Window                               # StepDefination.Signin.close_window()
WebDriver is null. Nothing to close.
]]></system-out>
    <system-err><![CDATA[Jan 25, 2025 1:52:12 AM org.openqa.selenium.devtools.CdpVersionFinder findNearestMatch
WARNING: Unable to find CDP implementation matching 131
Jan 25, 2025 1:52:12 AM org.openqa.selenium.chromium.ChromiumDriver lambda$new$5
WARNING: Unable to find version of CDP to use for 131.0.6778.265. You may need to include a dependency on a specific version of the CDP using something similar to `org.seleniumhq.selenium:selenium-devtools-v86:4.12.0` where the version ("v86") matches the version of the chromium-based browser you're using and the version number of the artifact is the same as Selenium's.
]]></system-err>
  </testcase>
  <testcase name="Signin with email and password #3" classname="User sign IN" time="9.724">
    <system-out><![CDATA[
Scenario Outline: Signin with email and password # src/test/resources/Login/Login.feature:14
01:52:20.455 [AsyncHttpClient-1-11] DEBUG org.asynchttpclient.netty.channel.NettyConnectListener - Using new Channel '[id: 0x41aae8dc, L:/127.0.0.1:63114 - R:localhost/127.0.0.1:27939]' for 'POST' to '/session'
01:52:20.909 [AsyncHttpClient-1-1] DEBUG org.asynchttpclient.netty.channel.DefaultChannelPool - Entry count for : http://localhost:6021 : 1
01:52:20.909 [AsyncHttpClient-1-1] DEBUG org.asynchttpclient.netty.channel.DefaultChannelPool - Adding Candidate expired Channel [id: 0xa903ebf0, L:/127.0.0.1:63083 ! R:localhost/127.0.0.1:6021] isIdleTimeoutExpired=false isRemotelyClosed=true isTtlExpired=false
01:52:20.909 [AsyncHttpClient-1-1] DEBUG org.asynchttpclient.netty.channel.DefaultChannelPool - Closing Idle Channel [id: 0xa903ebf0, L:/127.0.0.1:63083 ! R:localhost/127.0.0.1:6021]
01:52:20.909 [AsyncHttpClient-1-1] DEBUG org.asynchttpclient.netty.channel.DefaultChannelPool - Closed 1 connections out of 1 in 0 ms
01:52:21.663 [AsyncHttpClient-1-11] DEBUG org.asynchttpclient.netty.handler.HttpHandler - 

Request DefaultHttpRequest(decodeResult: success, version: HTTP/1.1)
POST /session HTTP/1.1
User-Agent: selenium/4.12.0 (java windows)
Content-Length: 254
Content-Type: application/json; charset=utf-8
host: localhost:27939
accept: */*

Response DefaultHttpResponse(decodeResult: success, version: HTTP/1.1)
HTTP/1.1 200 OK
Content-Length: 887
Content-Type: application/json; charset=utf-8
cache-control: no-cache

01:52:21.663 [AsyncHttpClient-1-11] DEBUG org.asynchttpclient.netty.channel.ChannelManager - Adding key: http://localhost:27939 for channel [id: 0x41aae8dc, L:/127.0.0.1:63114 - R:localhost/127.0.0.1:27939]
01:52:21.671 [AsyncHttpClient-1-12] DEBUG org.asynchttpclient.netty.channel.NettyConnectListener - Using new Channel '[id: 0xe895fa6f, L:/127.0.0.1:63123 - R:localhost/127.0.0.1:63115]' for 'GET' to '/json/version'
01:52:21.679 [AsyncHttpClient-1-12] DEBUG org.asynchttpclient.netty.handler.HttpHandler - 

Request DefaultFullHttpRequest(decodeResult: success, version: HTTP/1.1, content: EmptyByteBufBE)
GET /json/version HTTP/1.1
User-Agent: selenium/4.12.0 (java windows)
host: localhost:63115
accept: */*

Response DefaultHttpResponse(decodeResult: success, version: HTTP/1.1)
HTTP/1.1 200 OK
Content-Security-Policy: frame-ancestors 'none'
Content-Length: 424
Content-Type: application/json; charset=UTF-8

01:52:21.679 [AsyncHttpClient-1-12] DEBUG org.asynchttpclient.netty.channel.ChannelManager - Adding key: http://localhost:63115 for channel [id: 0xe895fa6f, L:/127.0.0.1:63123 - R:localhost/127.0.0.1:63115]
01:52:21.679 [AsyncHttpClient-1-13] DEBUG org.asynchttpclient.netty.channel.NettyConnectListener - Using new Channel '[id: 0x4e19af12, L:/127.0.0.1:63124 - R:localhost/127.0.0.1:63115]' for 'GET' to '/devtools/browser/bfaa302a-96b3-4954-a210-bcf2f72f193a'
01:52:21.687 [AsyncHttpClient-1-13] DEBUG org.asynchttpclient.netty.handler.WebSocketHandler - 

Request DefaultFullHttpRequest(decodeResult: success, version: HTTP/1.1, content: EmptyByteBufBE)
GET /devtools/browser/bfaa302a-96b3-4954-a210-bcf2f72f193a HTTP/1.1
upgrade: websocket
connection: upgrade
sec-websocket-key: MZQFzaibcF63EuJY0D52RA==
sec-websocket-version: 13
origin: http://localhost:63115
host: localhost:63115
accept: */*
user-agent: AHC/2.1

Response DefaultHttpResponse(decodeResult: success, version: HTTP/1.1)
HTTP/1.1 101 WebSocket Protocol Handshake
Upgrade: WebSocket
Connection: Upgrade
Sec-WebSocket-Accept: jfG9o9DOG8YGOGT6NxCoRuk4AtA=

01:52:21.703 [Forwarding get on session 026a1c25a4179ac232ba5f5f5108d33c to remote] DEBUG org.asynchttpclient.netty.request.NettyRequestSender - Using pooled Channel '[id: 0x41aae8dc, L:/127.0.0.1:63114 - R:localhost/127.0.0.1:27939]' for 'POST' to 'http://localhost:27939/session/026a1c25a4179ac232ba5f5f5108d33c/url'
01:52:21.703 [Forwarding get on session 026a1c25a4179ac232ba5f5f5108d33c to remote] DEBUG org.asynchttpclient.netty.request.NettyRequestSender - Using open Channel [id: 0x41aae8dc, L:/127.0.0.1:63114 - R:localhost/127.0.0.1:27939] for POST '/session/026a1c25a4179ac232ba5f5f5108d33c/url'
01:52:22.023 [AsyncHttpClient-1-1] DEBUG org.asynchttpclient.netty.channel.DefaultChannelPool - Entry count for : http://localhost:63115 : 1
01:52:23.113 [AsyncHttpClient-1-1] DEBUG org.asynchttpclient.netty.channel.DefaultChannelPool - Entry count for : http://localhost:63115 : 1
01:52:23.334 [AsyncHttpClient-1-11] DEBUG org.asynchttpclient.netty.handler.HttpHandler - 

Request DefaultHttpRequest(decodeResult: success, version: HTTP/1.1)
POST /session/026a1c25a4179ac232ba5f5f5108d33c/url HTTP/1.1
User-Agent: selenium/4.12.0 (java windows)
Content-Length: 79
Content-Type: application/json; charset=utf-8
host: localhost:27939
accept: */*

Response DefaultHttpResponse(decodeResult: success, version: HTTP/1.1)
HTTP/1.1 200 OK
Content-Length: 14
Content-Type: application/json; charset=utf-8
cache-control: no-cache

01:52:23.334 [AsyncHttpClient-1-11] DEBUG org.asynchttpclient.netty.channel.ChannelManager - Adding key: http://localhost:27939 for channel [id: 0x41aae8dc, L:/127.0.0.1:63114 - R:localhost/127.0.0.1:27939]
01:52:23.334 [Forwarding maximizeCurrentWindow on session 026a1c25a4179ac232ba5f5f5108d33c to remote] DEBUG org.asynchttpclient.netty.request.NettyRequestSender - Using pooled Channel '[id: 0x41aae8dc, L:/127.0.0.1:63114 - R:localhost/127.0.0.1:27939]' for 'POST' to 'http://localhost:27939/session/026a1c25a4179ac232ba5f5f5108d33c/window/maximize'
01:52:23.334 [Forwarding maximizeCurrentWindow on session 026a1c25a4179ac232ba5f5f5108d33c to remote] DEBUG org.asynchttpclient.netty.request.NettyRequestSender - Using open Channel [id: 0x41aae8dc, L:/127.0.0.1:63114 - R:localhost/127.0.0.1:27939] for POST '/session/026a1c25a4179ac232ba5f5f5108d33c/window/maximize'
01:52:23.423 [AsyncHttpClient-1-11] DEBUG org.asynchttpclient.netty.handler.HttpHandler - 

Request DefaultHttpRequest(decodeResult: success, version: HTTP/1.1)
POST /session/026a1c25a4179ac232ba5f5f5108d33c/window/maximize HTTP/1.1
User-Agent: selenium/4.12.0 (java windows)
Content-Length: 3
Content-Type: application/json; charset=utf-8
host: localhost:27939
accept: */*

Response DefaultHttpResponse(decodeResult: success, version: HTTP/1.1)
HTTP/1.1 200 OK
Content-Length: 51
Content-Type: application/json; charset=utf-8
cache-control: no-cache

01:52:23.423 [AsyncHttpClient-1-11] DEBUG org.asynchttpclient.netty.channel.ChannelManager - Adding key: http://localhost:27939 for channel [id: 0x41aae8dc, L:/127.0.0.1:63114 - R:localhost/127.0.0.1:27939]
  Given I have login panel-test                  # StepDefination.Signin.I_have_login_panel()
01:52:23.431 [Forwarding findElement on session 026a1c25a4179ac232ba5f5f5108d33c to remote] DEBUG org.asynchttpclient.netty.request.NettyRequestSender - Using pooled Channel '[id: 0x41aae8dc, L:/127.0.0.1:63114 - R:localhost/127.0.0.1:27939]' for 'POST' to 'http://localhost:27939/session/026a1c25a4179ac232ba5f5f5108d33c/element'
01:52:23.431 [Forwarding findElement on session 026a1c25a4179ac232ba5f5f5108d33c to remote] DEBUG org.asynchttpclient.netty.request.NettyRequestSender - Using open Channel [id: 0x41aae8dc, L:/127.0.0.1:63114 - R:localhost/127.0.0.1:27939] for POST '/session/026a1c25a4179ac232ba5f5f5108d33c/element'
01:52:23.463 [AsyncHttpClient-1-11] DEBUG org.asynchttpclient.netty.handler.HttpHandler - 

Request DefaultHttpRequest(decodeResult: success, version: HTTP/1.1)
POST /session/026a1c25a4179ac232ba5f5f5108d33c/element HTTP/1.1
User-Agent: selenium/4.12.0 (java windows)
Content-Length: 69
Content-Type: application/json; charset=utf-8
host: localhost:27939
accept: */*

Response DefaultHttpResponse(decodeResult: success, version: HTTP/1.1)
HTTP/1.1 200 OK
Content-Length: 125
Content-Type: application/json; charset=utf-8
cache-control: no-cache

01:52:23.463 [AsyncHttpClient-1-11] DEBUG org.asynchttpclient.netty.channel.ChannelManager - Adding key: http://localhost:27939 for channel [id: 0x41aae8dc, L:/127.0.0.1:63114 - R:localhost/127.0.0.1:27939]
01:52:23.463 [Forwarding sendKeysToElement on session 026a1c25a4179ac232ba5f5f5108d33c to remote] DEBUG org.asynchttpclient.netty.request.NettyRequestSender - Using pooled Channel '[id: 0x41aae8dc, L:/127.0.0.1:63114 - R:localhost/127.0.0.1:27939]' for 'POST' to 'http://localhost:27939/session/026a1c25a4179ac232ba5f5f5108d33c/element/f.939211E185028EAC5D343C6B79B66F49.d.0ED3C56F826F33D04A4FBC983A1C7A94.e.2/value'
01:52:23.463 [Forwarding sendKeysToElement on session 026a1c25a4179ac232ba5f5f5108d33c to remote] DEBUG org.asynchttpclient.netty.request.NettyRequestSender - Using open Channel [id: 0x41aae8dc, L:/127.0.0.1:63114 - R:localhost/127.0.0.1:27939] for POST '/session/026a1c25a4179ac232ba5f5f5108d33c/element/f.939211E185028EAC5D343C6B79B66F49.d.0ED3C56F826F33D04A4FBC983A1C7A94.e.2/value'
01:52:23.682 [AsyncHttpClient-1-11] DEBUG org.asynchttpclient.netty.handler.HttpHandler - 

Request DefaultHttpRequest(decodeResult: success, version: HTTP/1.1)
POST /session/026a1c25a4179ac232ba5f5f5108d33c/element/f.939211E185028EAC5D343C6B79B66F49.d.0ED3C56F826F33D04A4FBC983A1C7A94.e.2/value HTTP/1.1
User-Agent: selenium/4.12.0 (java windows)
Content-Length: 218
Content-Type: application/json; charset=utf-8
host: localhost:27939
accept: */*

Response DefaultHttpResponse(decodeResult: success, version: HTTP/1.1)
HTTP/1.1 200 OK
Content-Length: 14
Content-Type: application/json; charset=utf-8
cache-control: no-cache

01:52:23.682 [AsyncHttpClient-1-11] DEBUG org.asynchttpclient.netty.channel.ChannelManager - Adding key: http://localhost:27939 for channel [id: 0x41aae8dc, L:/127.0.0.1:63114 - R:localhost/127.0.0.1:27939]
01:52:23.682 [Forwarding findElement on session 026a1c25a4179ac232ba5f5f5108d33c to remote] DEBUG org.asynchttpclient.netty.request.NettyRequestSender - Using pooled Channel '[id: 0x41aae8dc, L:/127.0.0.1:63114 - R:localhost/127.0.0.1:27939]' for 'POST' to 'http://localhost:27939/session/026a1c25a4179ac232ba5f5f5108d33c/element'
01:52:23.682 [Forwarding findElement on session 026a1c25a4179ac232ba5f5f5108d33c to remote] DEBUG org.asynchttpclient.netty.request.NettyRequestSender - Using open Channel [id: 0x41aae8dc, L:/127.0.0.1:63114 - R:localhost/127.0.0.1:27939] for POST '/session/026a1c25a4179ac232ba5f5f5108d33c/element'
01:52:23.698 [AsyncHttpClient-1-11] DEBUG org.asynchttpclient.netty.handler.HttpHandler - 

Request DefaultHttpRequest(decodeResult: success, version: HTTP/1.1)
POST /session/026a1c25a4179ac232ba5f5f5108d33c/element HTTP/1.1
User-Agent: selenium/4.12.0 (java windows)
Content-Length: 72
Content-Type: application/json; charset=utf-8
host: localhost:27939
accept: */*

Response DefaultHttpResponse(decodeResult: success, version: HTTP/1.1)
HTTP/1.1 200 OK
Content-Length: 125
Content-Type: application/json; charset=utf-8
cache-control: no-cache

01:52:23.698 [AsyncHttpClient-1-11] DEBUG org.asynchttpclient.netty.channel.ChannelManager - Adding key: http://localhost:27939 for channel [id: 0x41aae8dc, L:/127.0.0.1:63114 - R:localhost/127.0.0.1:27939]
01:52:23.698 [Forwarding sendKeysToElement on session 026a1c25a4179ac232ba5f5f5108d33c to remote] DEBUG org.asynchttpclient.netty.request.NettyRequestSender - Using pooled Channel '[id: 0x41aae8dc, L:/127.0.0.1:63114 - R:localhost/127.0.0.1:27939]' for 'POST' to 'http://localhost:27939/session/026a1c25a4179ac232ba5f5f5108d33c/element/f.939211E185028EAC5D343C6B79B66F49.d.0ED3C56F826F33D04A4FBC983A1C7A94.e.4/value'
01:52:23.698 [Forwarding sendKeysToElement on session 026a1c25a4179ac232ba5f5f5108d33c to remote] DEBUG org.asynchttpclient.netty.request.NettyRequestSender - Using open Channel [id: 0x41aae8dc, L:/127.0.0.1:63114 - R:localhost/127.0.0.1:27939] for POST '/session/026a1c25a4179ac232ba5f5f5108d33c/element/f.939211E185028EAC5D343C6B79B66F49.d.0ED3C56F826F33D04A4FBC983A1C7A94.e.4/value'
01:52:23.902 [AsyncHttpClient-1-11] DEBUG org.asynchttpclient.netty.handler.HttpHandler - 

Request DefaultHttpRequest(decodeResult: success, version: HTTP/1.1)
POST /session/026a1c25a4179ac232ba5f5f5108d33c/element/f.939211E185028EAC5D343C6B79B66F49.d.0ED3C56F826F33D04A4FBC983A1C7A94.e.4/value HTTP/1.1
User-Agent: selenium/4.12.0 (java windows)
Content-Length: 168
Content-Type: application/json; charset=utf-8
host: localhost:27939
accept: */*

Response DefaultHttpResponse(decodeResult: success, version: HTTP/1.1)
HTTP/1.1 200 OK
Content-Length: 14
Content-Type: application/json; charset=utf-8
cache-control: no-cache

01:52:23.902 [AsyncHttpClient-1-11] DEBUG org.asynchttpclient.netty.channel.ChannelManager - Adding key: http://localhost:27939 for channel [id: 0x41aae8dc, L:/127.0.0.1:63114 - R:localhost/127.0.0.1:27939]
  When I provide Wrong.mail and wrong-test       # StepDefination.Signin.i_provide_id_and_password(java.lang.String,java.lang.String)
01:52:23.902 [Forwarding findElement on session 026a1c25a4179ac232ba5f5f5108d33c to remote] DEBUG org.asynchttpclient.netty.request.NettyRequestSender - Using pooled Channel '[id: 0x41aae8dc, L:/127.0.0.1:63114 - R:localhost/127.0.0.1:27939]' for 'POST' to 'http://localhost:27939/session/026a1c25a4179ac232ba5f5f5108d33c/element'
01:52:23.902 [Forwarding findElement on session 026a1c25a4179ac232ba5f5f5108d33c to remote] DEBUG org.asynchttpclient.netty.request.NettyRequestSender - Using open Channel [id: 0x41aae8dc, L:/127.0.0.1:63114 - R:localhost/127.0.0.1:27939] for POST '/session/026a1c25a4179ac232ba5f5f5108d33c/element'
01:52:23.927 [AsyncHttpClient-1-11] DEBUG org.asynchttpclient.netty.handler.HttpHandler - 

Request DefaultHttpRequest(decodeResult: success, version: HTTP/1.1)
POST /session/026a1c25a4179ac232ba5f5f5108d33c/element HTTP/1.1
User-Agent: selenium/4.12.0 (java windows)
Content-Length: 73
Content-Type: application/json; charset=utf-8
host: localhost:27939
accept: */*

Response DefaultHttpResponse(decodeResult: success, version: HTTP/1.1)
HTTP/1.1 200 OK
Content-Length: 125
Content-Type: application/json; charset=utf-8
cache-control: no-cache

01:52:23.927 [AsyncHttpClient-1-11] DEBUG org.asynchttpclient.netty.channel.ChannelManager - Adding key: http://localhost:27939 for channel [id: 0x41aae8dc, L:/127.0.0.1:63114 - R:localhost/127.0.0.1:27939]
01:52:23.927 [Forwarding clickElement on session 026a1c25a4179ac232ba5f5f5108d33c to remote] DEBUG org.asynchttpclient.netty.request.NettyRequestSender - Using pooled Channel '[id: 0x41aae8dc, L:/127.0.0.1:63114 - R:localhost/127.0.0.1:27939]' for 'POST' to 'http://localhost:27939/session/026a1c25a4179ac232ba5f5f5108d33c/element/f.939211E185028EAC5D343C6B79B66F49.d.0ED3C56F826F33D04A4FBC983A1C7A94.e.6/click'
01:52:23.927 [Forwarding clickElement on session 026a1c25a4179ac232ba5f5f5108d33c to remote] DEBUG org.asynchttpclient.netty.request.NettyRequestSender - Using open Channel [id: 0x41aae8dc, L:/127.0.0.1:63114 - R:localhost/127.0.0.1:27939] for POST '/session/026a1c25a4179ac232ba5f5f5108d33c/element/f.939211E185028EAC5D343C6B79B66F49.d.0ED3C56F826F33D04A4FBC983A1C7A94.e.6/click'
01:52:24.117 [AsyncHttpClient-1-11] DEBUG org.asynchttpclient.netty.handler.HttpHandler - 

Request DefaultHttpRequest(decodeResult: success, version: HTTP/1.1)
POST /session/026a1c25a4179ac232ba5f5f5108d33c/element/f.939211E185028EAC5D343C6B79B66F49.d.0ED3C56F826F33D04A4FBC983A1C7A94.e.6/click HTTP/1.1
User-Agent: selenium/4.12.0 (java windows)
Content-Length: 87
Content-Type: application/json; charset=utf-8
host: localhost:27939
accept: */*

Response DefaultHttpResponse(decodeResult: success, version: HTTP/1.1)
HTTP/1.1 200 OK
Content-Length: 14
Content-Type: application/json; charset=utf-8
cache-control: no-cache

01:52:24.117 [AsyncHttpClient-1-11] DEBUG org.asynchttpclient.netty.channel.ChannelManager - Adding key: http://localhost:27939 for channel [id: 0x41aae8dc, L:/127.0.0.1:63114 - R:localhost/127.0.0.1:27939]
01:52:24.216 [AsyncHttpClient-1-1] DEBUG org.asynchttpclient.netty.channel.DefaultChannelPool - Entry count for : http://localhost:63115 : 1
01:52:24.216 [AsyncHttpClient-1-1] DEBUG org.asynchttpclient.netty.channel.DefaultChannelPool - Entry count for : http://localhost:27939 : 1
01:52:25.317 [AsyncHttpClient-1-1] DEBUG org.asynchttpclient.netty.channel.DefaultChannelPool - Entry count for : http://localhost:63115 : 1
01:52:25.317 [AsyncHttpClient-1-1] DEBUG org.asynchttpclient.netty.channel.DefaultChannelPool - Entry count for : http://localhost:27939 : 1
01:52:26.412 [AsyncHttpClient-1-1] DEBUG org.asynchttpclient.netty.channel.DefaultChannelPool - Entry count for : http://localhost:63115 : 1
01:52:26.412 [AsyncHttpClient-1-1] DEBUG org.asynchttpclient.netty.channel.DefaultChannelPool - Entry count for : http://localhost:27939 : 1
01:52:27.517 [AsyncHttpClient-1-1] DEBUG org.asynchttpclient.netty.channel.DefaultChannelPool - Entry count for : http://localhost:63115 : 1
01:52:27.517 [AsyncHttpClient-1-1] DEBUG org.asynchttpclient.netty.channel.DefaultChannelPool - Entry count for : http://localhost:27939 : 1
01:52:28.621 [AsyncHttpClient-1-1] DEBUG org.asynchttpclient.netty.channel.DefaultChannelPool - Entry count for : http://localhost:63115 : 1
01:52:28.621 [AsyncHttpClient-1-1] DEBUG org.asynchttpclient.netty.channel.DefaultChannelPool - Entry count for : http://localhost:27939 : 1
  And Tap on submit button-test                  # StepDefination.Signin.tap_on_submit_button()
01:52:29.128 [Forwarding getCurrentUrl on session 026a1c25a4179ac232ba5f5f5108d33c to remote] DEBUG org.asynchttpclient.netty.request.NettyRequestSender - Using pooled Channel '[id: 0x41aae8dc, L:/127.0.0.1:63114 - R:localhost/127.0.0.1:27939]' for 'GET' to 'http://localhost:27939/session/026a1c25a4179ac232ba5f5f5108d33c/url'
01:52:29.128 [Forwarding getCurrentUrl on session 026a1c25a4179ac232ba5f5f5108d33c to remote] DEBUG org.asynchttpclient.netty.request.NettyRequestSender - Using open Channel [id: 0x41aae8dc, L:/127.0.0.1:63114 - R:localhost/127.0.0.1:27939] for GET '/session/026a1c25a4179ac232ba5f5f5108d33c/url'
01:52:29.144 [AsyncHttpClient-1-11] DEBUG org.asynchttpclient.netty.handler.HttpHandler - 

Request DefaultFullHttpRequest(decodeResult: success, version: HTTP/1.1, content: EmptyByteBufBE)
GET /session/026a1c25a4179ac232ba5f5f5108d33c/url HTTP/1.1
Cache-Control: no-cache
User-Agent: selenium/4.12.0 (java windows)
Content-Type: application/json; charset=utf-8
host: localhost:27939
accept: */*

Response DefaultHttpResponse(decodeResult: success, version: HTTP/1.1)
HTTP/1.1 200 OK
Content-Length: 56
Content-Type: application/json; charset=utf-8
cache-control: no-cache

01:52:29.144 [AsyncHttpClient-1-11] DEBUG org.asynchttpclient.netty.channel.ChannelManager - Adding key: http://localhost:27939 for channel [id: 0x41aae8dc, L:/127.0.0.1:63114 - R:localhost/127.0.0.1:27939]
Site 1: https://platform.fleetsyncs.com/admin/onboarding/broker/load-tender
Site 2: https://platform.fleetsyncs.com/auth/sign-in
Site 2: https://platform.fleetsyncs.com/auth/sign-in
https://platform.fleetsyncs.com/auth/sign-in
01:52:29.144 [Forwarding findElement on session 026a1c25a4179ac232ba5f5f5108d33c to remote] DEBUG org.asynchttpclient.netty.request.NettyRequestSender - Using pooled Channel '[id: 0x41aae8dc, L:/127.0.0.1:63114 - R:localhost/127.0.0.1:27939]' for 'POST' to 'http://localhost:27939/session/026a1c25a4179ac232ba5f5f5108d33c/element'
01:52:29.144 [Forwarding findElement on session 026a1c25a4179ac232ba5f5f5108d33c to remote] DEBUG org.asynchttpclient.netty.request.NettyRequestSender - Using open Channel [id: 0x41aae8dc, L:/127.0.0.1:63114 - R:localhost/127.0.0.1:27939] for POST '/session/026a1c25a4179ac232ba5f5f5108d33c/element'
01:52:29.176 [AsyncHttpClient-1-11] DEBUG org.asynchttpclient.netty.handler.HttpHandler - 

Request DefaultHttpRequest(decodeResult: success, version: HTTP/1.1)
POST /session/026a1c25a4179ac232ba5f5f5108d33c/element HTTP/1.1
User-Agent: selenium/4.12.0 (java windows)
Content-Length: 66
Content-Type: application/json; charset=utf-8
host: localhost:27939
accept: */*

Response DefaultHttpResponse(decodeResult: success, version: HTTP/1.1)
HTTP/1.1 404 Not Found
Content-Length: 1053
Content-Type: application/json; charset=utf-8
cache-control: no-cache

01:52:29.176 [AsyncHttpClient-1-11] DEBUG org.asynchttpclient.netty.channel.ChannelManager - Adding key: http://localhost:27939 for channel [id: 0x41aae8dc, L:/127.0.0.1:63114 - R:localhost/127.0.0.1:27939]
Faild to logged in
screen shot class not taking
  Then User should be logged in-test             # StepDefination.Signin.user_should_be_logged_in()
01:52:29.184 [AsyncHttpClient-1-13] DEBUG org.asynchttpclient.netty.handler.WebSocketHandler - Channel Closed: [id: 0x4e19af12, L:/127.0.0.1:63124 ! R:localhost/127.0.0.1:63115] with attribute DISCARD
01:52:29.184 [Driver Command Executor] DEBUG org.asynchttpclient.netty.request.NettyRequestSender - Using pooled Channel '[id: 0x41aae8dc, L:/127.0.0.1:63114 - R:localhost/127.0.0.1:27939]' for 'DELETE' to 'http://localhost:27939/session/026a1c25a4179ac232ba5f5f5108d33c'
01:52:29.184 [Driver Command Executor] DEBUG org.asynchttpclient.netty.request.NettyRequestSender - Using open Channel [id: 0x41aae8dc, L:/127.0.0.1:63114 - R:localhost/127.0.0.1:27939] for DELETE '/session/026a1c25a4179ac232ba5f5f5108d33c'
01:52:29.332 [AsyncHttpClient-1-12] DEBUG org.asynchttpclient.netty.handler.HttpHandler - Unexpected I/O exception on channel [id: 0xe895fa6f, L:/127.0.0.1:63123 - R:localhost/127.0.0.1:63115]
java.net.SocketException: Connection reset
	at java.base/sun.nio.ch.SocketChannelImpl.throwConnectionReset(SocketChannelImpl.java:394)
	at java.base/sun.nio.ch.SocketChannelImpl.read(SocketChannelImpl.java:426)
	at io.netty.buffer.PooledByteBuf.setBytes(PooledByteBuf.java:254)
	at io.netty.buffer.AbstractByteBuf.writeBytes(AbstractByteBuf.java:1132)
	at io.netty.channel.socket.nio.NioSocketChannel.doReadBytes(NioSocketChannel.java:357)
	at io.netty.channel.nio.AbstractNioByteChannel$NioByteUnsafe.read(AbstractNioByteChannel.java:151)
	at io.netty.channel.nio.NioEventLoop.processSelectedKey(NioEventLoop.java:788)
	at io.netty.channel.nio.NioEventLoop.processSelectedKeysOptimized(NioEventLoop.java:724)
	at io.netty.channel.nio.NioEventLoop.processSelectedKeys(NioEventLoop.java:650)
	at io.netty.channel.nio.NioEventLoop.run(NioEventLoop.java:562)
	at io.netty.util.concurrent.SingleThreadEventExecutor$4.run(SingleThreadEventExecutor.java:997)
	at io.netty.util.internal.ThreadExecutorMap$2.run(ThreadExecutorMap.java:74)
	at io.netty.util.concurrent.FastThreadLocalRunnable.run(FastThreadLocalRunnable.java:30)
	at java.base/java.lang.Thread.run(Thread.java:840)
01:52:29.333 [AsyncHttpClient-1-12] DEBUG org.asynchttpclient.netty.channel.ChannelManager - Closing Channel [id: 0xe895fa6f, L:/127.0.0.1:63123 - R:localhost/127.0.0.1:63115] 
01:52:29.333 [AsyncHttpClient-1-12] DEBUG org.asynchttpclient.netty.handler.HttpHandler - Channel Closed: [id: 0xe895fa6f, L:/127.0.0.1:63123 ! R:localhost/127.0.0.1:63115] with attribute DISCARD
01:52:29.380 [AsyncHttpClient-1-11] DEBUG org.asynchttpclient.netty.handler.HttpHandler - 

Request DefaultFullHttpRequest(decodeResult: success, version: HTTP/1.1, content: EmptyByteBufBE)
DELETE /session/026a1c25a4179ac232ba5f5f5108d33c HTTP/1.1
User-Agent: selenium/4.12.0 (java windows)
Content-Type: application/json; charset=utf-8
host: localhost:27939
accept: */*

Response DefaultHttpResponse(decodeResult: success, version: HTTP/1.1)
HTTP/1.1 200 OK
Content-Length: 14
Content-Type: application/json; charset=utf-8
cache-control: no-cache

01:52:29.380 [AsyncHttpClient-1-11] DEBUG org.asynchttpclient.netty.channel.ChannelManager - Adding key: http://localhost:27939 for channel [id: 0x41aae8dc, L:/127.0.0.1:63114 - R:localhost/127.0.0.1:27939]
01:52:29.712 [AsyncHttpClient-1-1] DEBUG org.asynchttpclient.netty.channel.DefaultChannelPool - Entry count for : http://localhost:63115 : 1
01:52:29.712 [AsyncHttpClient-1-1] DEBUG org.asynchttpclient.netty.channel.DefaultChannelPool - Entry count for : http://localhost:27939 : 1
01:52:29.712 [AsyncHttpClient-1-1] DEBUG org.asynchttpclient.netty.channel.DefaultChannelPool - Adding Candidate expired Channel [id: 0xe895fa6f, L:/127.0.0.1:63123 ! R:localhost/127.0.0.1:63115] isIdleTimeoutExpired=false isRemotelyClosed=true isTtlExpired=false
01:52:29.712 [AsyncHttpClient-1-1] DEBUG org.asynchttpclient.netty.channel.DefaultChannelPool - Closing Idle Channel [id: 0xe895fa6f, L:/127.0.0.1:63123 ! R:localhost/127.0.0.1:63115]
01:52:29.712 [AsyncHttpClient-1-1] DEBUG org.asynchttpclient.netty.channel.DefaultChannelPool - Closed 1 connections out of 2 in 0 ms
01:52:29.740 [AsyncHttpClient-1-11] DEBUG org.asynchttpclient.netty.handler.HttpHandler - Channel Closed: [id: 0x41aae8dc, L:/127.0.0.1:63114 ! R:localhost/127.0.0.1:27939] with attribute DISCARD
WebDriver quit successfully.
  And Close Window                               # StepDefination.Signin.close_window()
WebDriver is null. Nothing to close.
]]></system-out>
    <system-err><![CDATA[Jan 25, 2025 1:52:21 AM org.openqa.selenium.devtools.CdpVersionFinder findNearestMatch
WARNING: Unable to find CDP implementation matching 131
Jan 25, 2025 1:52:21 AM org.openqa.selenium.chromium.ChromiumDriver lambda$new$5
WARNING: Unable to find version of CDP to use for 131.0.6778.265. You may need to include a dependency on a specific version of the CDP using something similar to `org.seleniumhq.selenium:selenium-devtools-v86:4.12.0` where the version ("v86") matches the version of the chromium-based browser you're using and the version number of the artifact is the same as Selenium's.
]]></system-err>
  </testcase>
  <testcase name="Signin with email and password #4" classname="User sign IN" time="13.492">
    <system-out><![CDATA[
Scenario Outline: Signin with email and password         # src/test/resources/Login/Login.feature:15
01:52:30.152 [AsyncHttpClient-1-14] DEBUG org.asynchttpclient.netty.channel.NettyConnectListener - Using new Channel '[id: 0x6a3a6b18, L:/127.0.0.1:63142 - R:localhost/127.0.0.1:30458]' for 'POST' to '/session'
01:52:30.832 [AsyncHttpClient-1-1] DEBUG org.asynchttpclient.netty.channel.DefaultChannelPool - Entry count for : http://localhost:27939 : 1
01:52:30.832 [AsyncHttpClient-1-1] DEBUG org.asynchttpclient.netty.channel.DefaultChannelPool - Adding Candidate expired Channel [id: 0x41aae8dc, L:/127.0.0.1:63114 ! R:localhost/127.0.0.1:27939] isIdleTimeoutExpired=false isRemotelyClosed=true isTtlExpired=false
01:52:30.832 [AsyncHttpClient-1-1] DEBUG org.asynchttpclient.netty.channel.DefaultChannelPool - Closing Idle Channel [id: 0x41aae8dc, L:/127.0.0.1:63114 ! R:localhost/127.0.0.1:27939]
01:52:30.832 [AsyncHttpClient-1-1] DEBUG org.asynchttpclient.netty.channel.DefaultChannelPool - Closed 1 connections out of 1 in 0 ms
01:52:31.410 [AsyncHttpClient-1-14] DEBUG org.asynchttpclient.netty.handler.HttpHandler - 

Request DefaultHttpRequest(decodeResult: success, version: HTTP/1.1)
POST /session HTTP/1.1
User-Agent: selenium/4.12.0 (java windows)
Content-Length: 254
Content-Type: application/json; charset=utf-8
host: localhost:30458
accept: */*

Response DefaultHttpResponse(decodeResult: success, version: HTTP/1.1)
HTTP/1.1 200 OK
Content-Length: 887
Content-Type: application/json; charset=utf-8
cache-control: no-cache

01:52:31.410 [AsyncHttpClient-1-14] DEBUG org.asynchttpclient.netty.channel.ChannelManager - Adding key: http://localhost:30458 for channel [id: 0x6a3a6b18, L:/127.0.0.1:63142 - R:localhost/127.0.0.1:30458]
01:52:31.418 [AsyncHttpClient-1-15] DEBUG org.asynchttpclient.netty.channel.NettyConnectListener - Using new Channel '[id: 0x8f98711d, L:/127.0.0.1:63151 - R:localhost/127.0.0.1:63144]' for 'GET' to '/json/version'
01:52:31.430 [AsyncHttpClient-1-15] DEBUG org.asynchttpclient.netty.handler.HttpHandler - 

Request DefaultFullHttpRequest(decodeResult: success, version: HTTP/1.1, content: EmptyByteBufBE)
GET /json/version HTTP/1.1
User-Agent: selenium/4.12.0 (java windows)
host: localhost:63144
accept: */*

Response DefaultHttpResponse(decodeResult: success, version: HTTP/1.1)
HTTP/1.1 200 OK
Content-Security-Policy: frame-ancestors 'none'
Content-Length: 424
Content-Type: application/json; charset=UTF-8

01:52:31.430 [AsyncHttpClient-1-15] DEBUG org.asynchttpclient.netty.channel.ChannelManager - Adding key: http://localhost:63144 for channel [id: 0x8f98711d, L:/127.0.0.1:63151 - R:localhost/127.0.0.1:63144]
01:52:31.434 [AsyncHttpClient-1-16] DEBUG org.asynchttpclient.netty.channel.NettyConnectListener - Using new Channel '[id: 0x2fe6146b, L:/127.0.0.1:63152 - R:localhost/127.0.0.1:63144]' for 'GET' to '/devtools/browser/79ccbf74-c08a-475f-a0a3-5e4e38718580'
01:52:31.434 [AsyncHttpClient-1-16] DEBUG org.asynchttpclient.netty.handler.WebSocketHandler - 

Request DefaultFullHttpRequest(decodeResult: success, version: HTTP/1.1, content: EmptyByteBufBE)
GET /devtools/browser/79ccbf74-c08a-475f-a0a3-5e4e38718580 HTTP/1.1
upgrade: websocket
connection: upgrade
sec-websocket-key: 8qW0D8z/V/ddNjUenvaF5Q==
sec-websocket-version: 13
origin: http://localhost:63144
host: localhost:63144
accept: */*
user-agent: AHC/2.1

Response DefaultHttpResponse(decodeResult: success, version: HTTP/1.1)
HTTP/1.1 101 WebSocket Protocol Handshake
Upgrade: WebSocket
Connection: Upgrade
Sec-WebSocket-Accept: eaRrDP63UGrei6heuyhZFp8TOh4=

01:52:31.442 [Forwarding get on session de221c9910d06b386c01e74ca90c8aa8 to remote] DEBUG org.asynchttpclient.netty.request.NettyRequestSender - Using pooled Channel '[id: 0x6a3a6b18, L:/127.0.0.1:63142 - R:localhost/127.0.0.1:30458]' for 'POST' to 'http://localhost:30458/session/de221c9910d06b386c01e74ca90c8aa8/url'
01:52:31.442 [Forwarding get on session de221c9910d06b386c01e74ca90c8aa8 to remote] DEBUG org.asynchttpclient.netty.request.NettyRequestSender - Using open Channel [id: 0x6a3a6b18, L:/127.0.0.1:63142 - R:localhost/127.0.0.1:30458] for POST '/session/de221c9910d06b386c01e74ca90c8aa8/url'
01:52:31.907 [AsyncHttpClient-1-1] DEBUG org.asynchttpclient.netty.channel.DefaultChannelPool - Entry count for : http://localhost:63144 : 1
01:52:33.007 [AsyncHttpClient-1-1] DEBUG org.asynchttpclient.netty.channel.DefaultChannelPool - Entry count for : http://localhost:63144 : 1
01:52:33.211 [AsyncHttpClient-1-14] DEBUG org.asynchttpclient.netty.handler.HttpHandler - 

Request DefaultHttpRequest(decodeResult: success, version: HTTP/1.1)
POST /session/de221c9910d06b386c01e74ca90c8aa8/url HTTP/1.1
User-Agent: selenium/4.12.0 (java windows)
Content-Length: 79
Content-Type: application/json; charset=utf-8
host: localhost:30458
accept: */*

Response DefaultHttpResponse(decodeResult: success, version: HTTP/1.1)
HTTP/1.1 200 OK
Content-Length: 14
Content-Type: application/json; charset=utf-8
cache-control: no-cache

01:52:33.211 [AsyncHttpClient-1-14] DEBUG org.asynchttpclient.netty.channel.ChannelManager - Adding key: http://localhost:30458 for channel [id: 0x6a3a6b18, L:/127.0.0.1:63142 - R:localhost/127.0.0.1:30458]
01:52:33.211 [Forwarding maximizeCurrentWindow on session de221c9910d06b386c01e74ca90c8aa8 to remote] DEBUG org.asynchttpclient.netty.request.NettyRequestSender - Using pooled Channel '[id: 0x6a3a6b18, L:/127.0.0.1:63142 - R:localhost/127.0.0.1:30458]' for 'POST' to 'http://localhost:30458/session/de221c9910d06b386c01e74ca90c8aa8/window/maximize'
01:52:33.211 [Forwarding maximizeCurrentWindow on session de221c9910d06b386c01e74ca90c8aa8 to remote] DEBUG org.asynchttpclient.netty.request.NettyRequestSender - Using open Channel [id: 0x6a3a6b18, L:/127.0.0.1:63142 - R:localhost/127.0.0.1:30458] for POST '/session/de221c9910d06b386c01e74ca90c8aa8/window/maximize'
01:52:33.285 [AsyncHttpClient-1-14] DEBUG org.asynchttpclient.netty.handler.HttpHandler - 

Request DefaultHttpRequest(decodeResult: success, version: HTTP/1.1)
POST /session/de221c9910d06b386c01e74ca90c8aa8/window/maximize HTTP/1.1
User-Agent: selenium/4.12.0 (java windows)
Content-Length: 3
Content-Type: application/json; charset=utf-8
host: localhost:30458
accept: */*

Response DefaultHttpResponse(decodeResult: success, version: HTTP/1.1)
HTTP/1.1 200 OK
Content-Length: 51
Content-Type: application/json; charset=utf-8
cache-control: no-cache

01:52:33.285 [AsyncHttpClient-1-14] DEBUG org.asynchttpclient.netty.channel.ChannelManager - Adding key: http://localhost:30458 for channel [id: 0x6a3a6b18, L:/127.0.0.1:63142 - R:localhost/127.0.0.1:30458]
  Given I have login panel-test                          # StepDefination.Signin.I_have_login_panel()
01:52:33.293 [Forwarding findElement on session de221c9910d06b386c01e74ca90c8aa8 to remote] DEBUG org.asynchttpclient.netty.request.NettyRequestSender - Using pooled Channel '[id: 0x6a3a6b18, L:/127.0.0.1:63142 - R:localhost/127.0.0.1:30458]' for 'POST' to 'http://localhost:30458/session/de221c9910d06b386c01e74ca90c8aa8/element'
01:52:33.293 [Forwarding findElement on session de221c9910d06b386c01e74ca90c8aa8 to remote] DEBUG org.asynchttpclient.netty.request.NettyRequestSender - Using open Channel [id: 0x6a3a6b18, L:/127.0.0.1:63142 - R:localhost/127.0.0.1:30458] for POST '/session/de221c9910d06b386c01e74ca90c8aa8/element'
01:52:33.326 [AsyncHttpClient-1-14] DEBUG org.asynchttpclient.netty.handler.HttpHandler - 

Request DefaultHttpRequest(decodeResult: success, version: HTTP/1.1)
POST /session/de221c9910d06b386c01e74ca90c8aa8/element HTTP/1.1
User-Agent: selenium/4.12.0 (java windows)
Content-Length: 69
Content-Type: application/json; charset=utf-8
host: localhost:30458
accept: */*

Response DefaultHttpResponse(decodeResult: success, version: HTTP/1.1)
HTTP/1.1 200 OK
Content-Length: 125
Content-Type: application/json; charset=utf-8
cache-control: no-cache

01:52:33.326 [AsyncHttpClient-1-14] DEBUG org.asynchttpclient.netty.channel.ChannelManager - Adding key: http://localhost:30458 for channel [id: 0x6a3a6b18, L:/127.0.0.1:63142 - R:localhost/127.0.0.1:30458]
01:52:33.333 [Forwarding sendKeysToElement on session de221c9910d06b386c01e74ca90c8aa8 to remote] DEBUG org.asynchttpclient.netty.request.NettyRequestSender - Using pooled Channel '[id: 0x6a3a6b18, L:/127.0.0.1:63142 - R:localhost/127.0.0.1:30458]' for 'POST' to 'http://localhost:30458/session/de221c9910d06b386c01e74ca90c8aa8/element/f.4501F9A570A950AA2DBE16C29D6F7A56.d.D5506AC11A2E9B358AC0324C837D246A.e.4/value'
01:52:33.333 [Forwarding sendKeysToElement on session de221c9910d06b386c01e74ca90c8aa8 to remote] DEBUG org.asynchttpclient.netty.request.NettyRequestSender - Using open Channel [id: 0x6a3a6b18, L:/127.0.0.1:63142 - R:localhost/127.0.0.1:30458] for POST '/session/de221c9910d06b386c01e74ca90c8aa8/element/f.4501F9A570A950AA2DBE16C29D6F7A56.d.D5506AC11A2E9B358AC0324C837D246A.e.4/value'
01:52:33.609 [AsyncHttpClient-1-14] DEBUG org.asynchttpclient.netty.handler.HttpHandler - 

Request DefaultHttpRequest(decodeResult: success, version: HTTP/1.1)
POST /session/de221c9910d06b386c01e74ca90c8aa8/element/f.4501F9A570A950AA2DBE16C29D6F7A56.d.D5506AC11A2E9B358AC0324C837D246A.e.4/value HTTP/1.1
User-Agent: selenium/4.12.0 (java windows)
Content-Length: 328
Content-Type: application/json; charset=utf-8
host: localhost:30458
accept: */*

Response DefaultHttpResponse(decodeResult: success, version: HTTP/1.1)
HTTP/1.1 200 OK
Content-Length: 14
Content-Type: application/json; charset=utf-8
cache-control: no-cache

01:52:33.609 [AsyncHttpClient-1-14] DEBUG org.asynchttpclient.netty.channel.ChannelManager - Adding key: http://localhost:30458 for channel [id: 0x6a3a6b18, L:/127.0.0.1:63142 - R:localhost/127.0.0.1:30458]
01:52:33.609 [Forwarding findElement on session de221c9910d06b386c01e74ca90c8aa8 to remote] DEBUG org.asynchttpclient.netty.request.NettyRequestSender - Using pooled Channel '[id: 0x6a3a6b18, L:/127.0.0.1:63142 - R:localhost/127.0.0.1:30458]' for 'POST' to 'http://localhost:30458/session/de221c9910d06b386c01e74ca90c8aa8/element'
01:52:33.609 [Forwarding findElement on session de221c9910d06b386c01e74ca90c8aa8 to remote] DEBUG org.asynchttpclient.netty.request.NettyRequestSender - Using open Channel [id: 0x6a3a6b18, L:/127.0.0.1:63142 - R:localhost/127.0.0.1:30458] for POST '/session/de221c9910d06b386c01e74ca90c8aa8/element'
01:52:33.634 [AsyncHttpClient-1-14] DEBUG org.asynchttpclient.netty.handler.HttpHandler - 

Request DefaultHttpRequest(decodeResult: success, version: HTTP/1.1)
POST /session/de221c9910d06b386c01e74ca90c8aa8/element HTTP/1.1
User-Agent: selenium/4.12.0 (java windows)
Content-Length: 72
Content-Type: application/json; charset=utf-8
host: localhost:30458
accept: */*

Response DefaultHttpResponse(decodeResult: success, version: HTTP/1.1)
HTTP/1.1 200 OK
Content-Length: 125
Content-Type: application/json; charset=utf-8
cache-control: no-cache

01:52:33.634 [AsyncHttpClient-1-14] DEBUG org.asynchttpclient.netty.channel.ChannelManager - Adding key: http://localhost:30458 for channel [id: 0x6a3a6b18, L:/127.0.0.1:63142 - R:localhost/127.0.0.1:30458]
01:52:33.634 [Forwarding sendKeysToElement on session de221c9910d06b386c01e74ca90c8aa8 to remote] DEBUG org.asynchttpclient.netty.request.NettyRequestSender - Using pooled Channel '[id: 0x6a3a6b18, L:/127.0.0.1:63142 - R:localhost/127.0.0.1:30458]' for 'POST' to 'http://localhost:30458/session/de221c9910d06b386c01e74ca90c8aa8/element/f.4501F9A570A950AA2DBE16C29D6F7A56.d.D5506AC11A2E9B358AC0324C837D246A.e.6/value'
01:52:33.634 [Forwarding sendKeysToElement on session de221c9910d06b386c01e74ca90c8aa8 to remote] DEBUG org.asynchttpclient.netty.request.NettyRequestSender - Using open Channel [id: 0x6a3a6b18, L:/127.0.0.1:63142 - R:localhost/127.0.0.1:30458] for POST '/session/de221c9910d06b386c01e74ca90c8aa8/element/f.4501F9A570A950AA2DBE16C29D6F7A56.d.D5506AC11A2E9B358AC0324C837D246A.e.6/value'
01:52:33.902 [AsyncHttpClient-1-14] DEBUG org.asynchttpclient.netty.handler.HttpHandler - 

Request DefaultHttpRequest(decodeResult: success, version: HTTP/1.1)
POST /session/de221c9910d06b386c01e74ca90c8aa8/element/f.4501F9A570A950AA2DBE16C29D6F7A56.d.D5506AC11A2E9B358AC0324C837D246A.e.6/value HTTP/1.1
User-Agent: selenium/4.12.0 (java windows)
Content-Length: 198
Content-Type: application/json; charset=utf-8
host: localhost:30458
accept: */*

Response DefaultHttpResponse(decodeResult: success, version: HTTP/1.1)
HTTP/1.1 200 OK
Content-Length: 14
Content-Type: application/json; charset=utf-8
cache-control: no-cache

01:52:33.902 [AsyncHttpClient-1-14] DEBUG org.asynchttpclient.netty.channel.ChannelManager - Adding key: http://localhost:30458 for channel [id: 0x6a3a6b18, L:/127.0.0.1:63142 - R:localhost/127.0.0.1:30458]
  When I provide asatpute008@gmail.com and Pass@123-test # StepDefination.Signin.i_provide_id_and_password(java.lang.String,java.lang.String)
01:52:33.911 [Forwarding findElement on session de221c9910d06b386c01e74ca90c8aa8 to remote] DEBUG org.asynchttpclient.netty.request.NettyRequestSender - Using pooled Channel '[id: 0x6a3a6b18, L:/127.0.0.1:63142 - R:localhost/127.0.0.1:30458]' for 'POST' to 'http://localhost:30458/session/de221c9910d06b386c01e74ca90c8aa8/element'
01:52:33.911 [Forwarding findElement on session de221c9910d06b386c01e74ca90c8aa8 to remote] DEBUG org.asynchttpclient.netty.request.NettyRequestSender - Using open Channel [id: 0x6a3a6b18, L:/127.0.0.1:63142 - R:localhost/127.0.0.1:30458] for POST '/session/de221c9910d06b386c01e74ca90c8aa8/element'
01:52:33.935 [AsyncHttpClient-1-14] DEBUG org.asynchttpclient.netty.handler.HttpHandler - 

Request DefaultHttpRequest(decodeResult: success, version: HTTP/1.1)
POST /session/de221c9910d06b386c01e74ca90c8aa8/element HTTP/1.1
User-Agent: selenium/4.12.0 (java windows)
Content-Length: 73
Content-Type: application/json; charset=utf-8
host: localhost:30458
accept: */*

Response DefaultHttpResponse(decodeResult: success, version: HTTP/1.1)
HTTP/1.1 200 OK
Content-Length: 125
Content-Type: application/json; charset=utf-8
cache-control: no-cache

01:52:33.935 [AsyncHttpClient-1-14] DEBUG org.asynchttpclient.netty.channel.ChannelManager - Adding key: http://localhost:30458 for channel [id: 0x6a3a6b18, L:/127.0.0.1:63142 - R:localhost/127.0.0.1:30458]
01:52:33.935 [Forwarding clickElement on session de221c9910d06b386c01e74ca90c8aa8 to remote] DEBUG org.asynchttpclient.netty.request.NettyRequestSender - Using pooled Channel '[id: 0x6a3a6b18, L:/127.0.0.1:63142 - R:localhost/127.0.0.1:30458]' for 'POST' to 'http://localhost:30458/session/de221c9910d06b386c01e74ca90c8aa8/element/f.4501F9A570A950AA2DBE16C29D6F7A56.d.D5506AC11A2E9B358AC0324C837D246A.e.8/click'
01:52:33.935 [Forwarding clickElement on session de221c9910d06b386c01e74ca90c8aa8 to remote] DEBUG org.asynchttpclient.netty.request.NettyRequestSender - Using open Channel [id: 0x6a3a6b18, L:/127.0.0.1:63142 - R:localhost/127.0.0.1:30458] for POST '/session/de221c9910d06b386c01e74ca90c8aa8/element/f.4501F9A570A950AA2DBE16C29D6F7A56.d.D5506AC11A2E9B358AC0324C837D246A.e.8/click'
01:52:34.112 [AsyncHttpClient-1-14] DEBUG org.asynchttpclient.netty.handler.HttpHandler - 

Request DefaultHttpRequest(decodeResult: success, version: HTTP/1.1)
POST /session/de221c9910d06b386c01e74ca90c8aa8/element/f.4501F9A570A950AA2DBE16C29D6F7A56.d.D5506AC11A2E9B358AC0324C837D246A.e.8/click HTTP/1.1
User-Agent: selenium/4.12.0 (java windows)
Content-Length: 87
Content-Type: application/json; charset=utf-8
host: localhost:30458
accept: */*

Response DefaultHttpResponse(decodeResult: success, version: HTTP/1.1)
HTTP/1.1 200 OK
Content-Length: 14
Content-Type: application/json; charset=utf-8
cache-control: no-cache

01:52:34.112 [AsyncHttpClient-1-14] DEBUG org.asynchttpclient.netty.channel.ChannelManager - Adding key: http://localhost:30458 for channel [id: 0x6a3a6b18, L:/127.0.0.1:63142 - R:localhost/127.0.0.1:30458]
01:52:34.117 [AsyncHttpClient-1-1] DEBUG org.asynchttpclient.netty.channel.DefaultChannelPool - Entry count for : http://localhost:63144 : 1
01:52:34.117 [AsyncHttpClient-1-1] DEBUG org.asynchttpclient.netty.channel.DefaultChannelPool - Entry count for : http://localhost:30458 : 1
01:52:35.215 [AsyncHttpClient-1-1] DEBUG org.asynchttpclient.netty.channel.DefaultChannelPool - Entry count for : http://localhost:63144 : 1
01:52:35.215 [AsyncHttpClient-1-1] DEBUG org.asynchttpclient.netty.channel.DefaultChannelPool - Entry count for : http://localhost:30458 : 1
01:52:36.308 [AsyncHttpClient-1-1] DEBUG org.asynchttpclient.netty.channel.DefaultChannelPool - Entry count for : http://localhost:63144 : 1
01:52:36.308 [AsyncHttpClient-1-1] DEBUG org.asynchttpclient.netty.channel.DefaultChannelPool - Entry count for : http://localhost:30458 : 1
01:52:37.415 [AsyncHttpClient-1-1] DEBUG org.asynchttpclient.netty.channel.DefaultChannelPool - Entry count for : http://localhost:63144 : 1
01:52:37.415 [AsyncHttpClient-1-1] DEBUG org.asynchttpclient.netty.channel.DefaultChannelPool - Entry count for : http://localhost:30458 : 1
01:52:38.508 [AsyncHttpClient-1-1] DEBUG org.asynchttpclient.netty.channel.DefaultChannelPool - Entry count for : http://localhost:63144 : 1
01:52:38.508 [AsyncHttpClient-1-1] DEBUG org.asynchttpclient.netty.channel.DefaultChannelPool - Entry count for : http://localhost:30458 : 1
  And Tap on submit button-test                          # StepDefination.Signin.tap_on_submit_button()
01:52:39.124 [Forwarding getCurrentUrl on session de221c9910d06b386c01e74ca90c8aa8 to remote] DEBUG org.asynchttpclient.netty.request.NettyRequestSender - Using pooled Channel '[id: 0x6a3a6b18, L:/127.0.0.1:63142 - R:localhost/127.0.0.1:30458]' for 'GET' to 'http://localhost:30458/session/de221c9910d06b386c01e74ca90c8aa8/url'
01:52:39.124 [Forwarding getCurrentUrl on session de221c9910d06b386c01e74ca90c8aa8 to remote] DEBUG org.asynchttpclient.netty.request.NettyRequestSender - Using open Channel [id: 0x6a3a6b18, L:/127.0.0.1:63142 - R:localhost/127.0.0.1:30458] for GET '/session/de221c9910d06b386c01e74ca90c8aa8/url'
01:52:39.131 [AsyncHttpClient-1-14] DEBUG org.asynchttpclient.netty.handler.HttpHandler - 

Request DefaultFullHttpRequest(decodeResult: success, version: HTTP/1.1, content: EmptyByteBufBE)
GET /session/de221c9910d06b386c01e74ca90c8aa8/url HTTP/1.1
Cache-Control: no-cache
User-Agent: selenium/4.12.0 (java windows)
Content-Type: application/json; charset=utf-8
host: localhost:30458
accept: */*

Response DefaultHttpResponse(decodeResult: success, version: HTTP/1.1)
HTTP/1.1 200 OK
Content-Length: 56
Content-Type: application/json; charset=utf-8
cache-control: no-cache

01:52:39.131 [AsyncHttpClient-1-14] DEBUG org.asynchttpclient.netty.channel.ChannelManager - Adding key: http://localhost:30458 for channel [id: 0x6a3a6b18, L:/127.0.0.1:63142 - R:localhost/127.0.0.1:30458]
Site 1: https://platform.fleetsyncs.com/admin/onboarding/broker/load-tender
Site 2: https://platform.fleetsyncs.com/auth/sign-in
Site 2: https://platform.fleetsyncs.com/auth/sign-in
https://platform.fleetsyncs.com/auth/sign-in
01:52:39.132 [Forwarding findElement on session de221c9910d06b386c01e74ca90c8aa8 to remote] DEBUG org.asynchttpclient.netty.request.NettyRequestSender - Using pooled Channel '[id: 0x6a3a6b18, L:/127.0.0.1:63142 - R:localhost/127.0.0.1:30458]' for 'POST' to 'http://localhost:30458/session/de221c9910d06b386c01e74ca90c8aa8/element'
01:52:39.132 [Forwarding findElement on session de221c9910d06b386c01e74ca90c8aa8 to remote] DEBUG org.asynchttpclient.netty.request.NettyRequestSender - Using open Channel [id: 0x6a3a6b18, L:/127.0.0.1:63142 - R:localhost/127.0.0.1:30458] for POST '/session/de221c9910d06b386c01e74ca90c8aa8/element'
01:52:39.147 [AsyncHttpClient-1-14] DEBUG org.asynchttpclient.netty.handler.HttpHandler - 

Request DefaultHttpRequest(decodeResult: success, version: HTTP/1.1)
POST /session/de221c9910d06b386c01e74ca90c8aa8/element HTTP/1.1
User-Agent: selenium/4.12.0 (java windows)
Content-Length: 66
Content-Type: application/json; charset=utf-8
host: localhost:30458
accept: */*

Response DefaultHttpResponse(decodeResult: success, version: HTTP/1.1)
HTTP/1.1 200 OK
Content-Length: 126
Content-Type: application/json; charset=utf-8
cache-control: no-cache

01:52:39.147 [AsyncHttpClient-1-14] DEBUG org.asynchttpclient.netty.channel.ChannelManager - Adding key: http://localhost:30458 for channel [id: 0x6a3a6b18, L:/127.0.0.1:63142 - R:localhost/127.0.0.1:30458]
01:52:39.147 [Forwarding isElementDisplayed on session de221c9910d06b386c01e74ca90c8aa8 to remote] DEBUG org.asynchttpclient.netty.request.NettyRequestSender - Using pooled Channel '[id: 0x6a3a6b18, L:/127.0.0.1:63142 - R:localhost/127.0.0.1:30458]' for 'POST' to 'http://localhost:30458/session/de221c9910d06b386c01e74ca90c8aa8/execute/sync'
01:52:39.147 [Forwarding isElementDisplayed on session de221c9910d06b386c01e74ca90c8aa8 to remote] DEBUG org.asynchttpclient.netty.request.NettyRequestSender - Using open Channel [id: 0x6a3a6b18, L:/127.0.0.1:63142 - R:localhost/127.0.0.1:30458] for POST '/session/de221c9910d06b386c01e74ca90c8aa8/execute/sync'
01:52:39.164 [AsyncHttpClient-1-14] DEBUG org.asynchttpclient.netty.handler.HttpHandler - 

Request DefaultHttpRequest(decodeResult: success, version: HTTP/1.1)
POST /session/de221c9910d06b386c01e74ca90c8aa8/execute/sync HTTP/1.1
User-Agent: selenium/4.12.0 (java windows)
Content-Length: 48734
Content-Type: application/json; charset=utf-8
host: localhost:30458
accept: */*

Response DefaultHttpResponse(decodeResult: success, version: HTTP/1.1)
HTTP/1.1 200 OK
Content-Length: 14
Content-Type: application/json; charset=utf-8
cache-control: no-cache

01:52:39.164 [AsyncHttpClient-1-14] DEBUG org.asynchttpclient.netty.channel.ChannelManager - Adding key: http://localhost:30458 for channel [id: 0x6a3a6b18, L:/127.0.0.1:63142 - R:localhost/127.0.0.1:30458]
01:52:39.164 [Forwarding findElement on session de221c9910d06b386c01e74ca90c8aa8 to remote] DEBUG org.asynchttpclient.netty.request.NettyRequestSender - Using pooled Channel '[id: 0x6a3a6b18, L:/127.0.0.1:63142 - R:localhost/127.0.0.1:30458]' for 'POST' to 'http://localhost:30458/session/de221c9910d06b386c01e74ca90c8aa8/element'
01:52:39.164 [Forwarding findElement on session de221c9910d06b386c01e74ca90c8aa8 to remote] DEBUG org.asynchttpclient.netty.request.NettyRequestSender - Using open Channel [id: 0x6a3a6b18, L:/127.0.0.1:63142 - R:localhost/127.0.0.1:30458] for POST '/session/de221c9910d06b386c01e74ca90c8aa8/element'
01:52:39.180 [AsyncHttpClient-1-14] DEBUG org.asynchttpclient.netty.handler.HttpHandler - 

Request DefaultHttpRequest(decodeResult: success, version: HTTP/1.1)
POST /session/de221c9910d06b386c01e74ca90c8aa8/element HTTP/1.1
User-Agent: selenium/4.12.0 (java windows)
Content-Length: 66
Content-Type: application/json; charset=utf-8
host: localhost:30458
accept: */*

Response DefaultHttpResponse(decodeResult: success, version: HTTP/1.1)
HTTP/1.1 200 OK
Content-Length: 126
Content-Type: application/json; charset=utf-8
cache-control: no-cache

01:52:39.180 [AsyncHttpClient-1-14] DEBUG org.asynchttpclient.netty.channel.ChannelManager - Adding key: http://localhost:30458 for channel [id: 0x6a3a6b18, L:/127.0.0.1:63142 - R:localhost/127.0.0.1:30458]
01:52:39.180 [Forwarding getElementText on session de221c9910d06b386c01e74ca90c8aa8 to remote] DEBUG org.asynchttpclient.netty.request.NettyRequestSender - Using pooled Channel '[id: 0x6a3a6b18, L:/127.0.0.1:63142 - R:localhost/127.0.0.1:30458]' for 'GET' to 'http://localhost:30458/session/de221c9910d06b386c01e74ca90c8aa8/element/f.4501F9A570A950AA2DBE16C29D6F7A56.d.D5506AC11A2E9B358AC0324C837D246A.e.19/text'
01:52:39.180 [Forwarding getElementText on session de221c9910d06b386c01e74ca90c8aa8 to remote] DEBUG org.asynchttpclient.netty.request.NettyRequestSender - Using open Channel [id: 0x6a3a6b18, L:/127.0.0.1:63142 - R:localhost/127.0.0.1:30458] for GET '/session/de221c9910d06b386c01e74ca90c8aa8/element/f.4501F9A570A950AA2DBE16C29D6F7A56.d.D5506AC11A2E9B358AC0324C837D246A.e.19/text'
01:52:39.205 [AsyncHttpClient-1-14] DEBUG org.asynchttpclient.netty.handler.HttpHandler - 

Request DefaultFullHttpRequest(decodeResult: success, version: HTTP/1.1, content: EmptyByteBufBE)
GET /session/de221c9910d06b386c01e74ca90c8aa8/element/f.4501F9A570A950AA2DBE16C29D6F7A56.d.D5506AC11A2E9B358AC0324C837D246A.e.19/text HTTP/1.1
Cache-Control: no-cache
User-Agent: selenium/4.12.0 (java windows)
Content-Type: application/json; charset=utf-8
host: localhost:30458
accept: */*

Response DefaultHttpResponse(decodeResult: success, version: HTTP/1.1)
HTTP/1.1 200 OK
Content-Length: 33
Content-Type: application/json; charset=utf-8
cache-control: no-cache

01:52:39.205 [AsyncHttpClient-1-14] DEBUG org.asynchttpclient.netty.channel.ChannelManager - Adding key: http://localhost:30458 for channel [id: 0x6a3a6b18, L:/127.0.0.1:63142 - R:localhost/127.0.0.1:30458]
01:52:39.205 [Forwarding findElement on session de221c9910d06b386c01e74ca90c8aa8 to remote] DEBUG org.asynchttpclient.netty.request.NettyRequestSender - Using pooled Channel '[id: 0x6a3a6b18, L:/127.0.0.1:63142 - R:localhost/127.0.0.1:30458]' for 'POST' to 'http://localhost:30458/session/de221c9910d06b386c01e74ca90c8aa8/element'
01:52:39.205 [Forwarding findElement on session de221c9910d06b386c01e74ca90c8aa8 to remote] DEBUG org.asynchttpclient.netty.request.NettyRequestSender - Using open Channel [id: 0x6a3a6b18, L:/127.0.0.1:63142 - R:localhost/127.0.0.1:30458] for POST '/session/de221c9910d06b386c01e74ca90c8aa8/element'
01:52:39.222 [AsyncHttpClient-1-14] DEBUG org.asynchttpclient.netty.handler.HttpHandler - 

Request DefaultHttpRequest(decodeResult: success, version: HTTP/1.1)
POST /session/de221c9910d06b386c01e74ca90c8aa8/element HTTP/1.1
User-Agent: selenium/4.12.0 (java windows)
Content-Length: 74
Content-Type: application/json; charset=utf-8
host: localhost:30458
accept: */*

Response DefaultHttpResponse(decodeResult: success, version: HTTP/1.1)
HTTP/1.1 200 OK
Content-Length: 126
Content-Type: application/json; charset=utf-8
cache-control: no-cache

01:52:39.222 [AsyncHttpClient-1-14] DEBUG org.asynchttpclient.netty.channel.ChannelManager - Adding key: http://localhost:30458 for channel [id: 0x6a3a6b18, L:/127.0.0.1:63142 - R:localhost/127.0.0.1:30458]
01:52:39.222 [Forwarding clickElement on session de221c9910d06b386c01e74ca90c8aa8 to remote] DEBUG org.asynchttpclient.netty.request.NettyRequestSender - Using pooled Channel '[id: 0x6a3a6b18, L:/127.0.0.1:63142 - R:localhost/127.0.0.1:30458]' for 'POST' to 'http://localhost:30458/session/de221c9910d06b386c01e74ca90c8aa8/element/f.4501F9A570A950AA2DBE16C29D6F7A56.d.D5506AC11A2E9B358AC0324C837D246A.e.20/click'
01:52:39.222 [Forwarding clickElement on session de221c9910d06b386c01e74ca90c8aa8 to remote] DEBUG org.asynchttpclient.netty.request.NettyRequestSender - Using open Channel [id: 0x6a3a6b18, L:/127.0.0.1:63142 - R:localhost/127.0.0.1:30458] for POST '/session/de221c9910d06b386c01e74ca90c8aa8/element/f.4501F9A570A950AA2DBE16C29D6F7A56.d.D5506AC11A2E9B358AC0324C837D246A.e.20/click'
01:52:39.327 [AsyncHttpClient-1-14] DEBUG org.asynchttpclient.netty.handler.HttpHandler - 

Request DefaultHttpRequest(decodeResult: success, version: HTTP/1.1)
POST /session/de221c9910d06b386c01e74ca90c8aa8/element/f.4501F9A570A950AA2DBE16C29D6F7A56.d.D5506AC11A2E9B358AC0324C837D246A.e.20/click HTTP/1.1
User-Agent: selenium/4.12.0 (java windows)
Content-Length: 88
Content-Type: application/json; charset=utf-8
host: localhost:30458
accept: */*

Response DefaultHttpResponse(decodeResult: success, version: HTTP/1.1)
HTTP/1.1 200 OK
Content-Length: 14
Content-Type: application/json; charset=utf-8
cache-control: no-cache

01:52:39.327 [AsyncHttpClient-1-14] DEBUG org.asynchttpclient.netty.channel.ChannelManager - Adding key: http://localhost:30458 for channel [id: 0x6a3a6b18, L:/127.0.0.1:63142 - R:localhost/127.0.0.1:30458]
01:52:39.609 [AsyncHttpClient-1-1] DEBUG org.asynchttpclient.netty.channel.DefaultChannelPool - Entry count for : http://localhost:63144 : 1
01:52:39.609 [AsyncHttpClient-1-1] DEBUG org.asynchttpclient.netty.channel.DefaultChannelPool - Entry count for : http://localhost:30458 : 1
01:52:40.707 [AsyncHttpClient-1-1] DEBUG org.asynchttpclient.netty.channel.DefaultChannelPool - Entry count for : http://localhost:63144 : 1
01:52:40.707 [AsyncHttpClient-1-1] DEBUG org.asynchttpclient.netty.channel.DefaultChannelPool - Entry count for : http://localhost:30458 : 1
01:52:41.815 [AsyncHttpClient-1-1] DEBUG org.asynchttpclient.netty.channel.DefaultChannelPool - Entry count for : http://localhost:63144 : 1
01:52:41.815 [AsyncHttpClient-1-1] DEBUG org.asynchttpclient.netty.channel.DefaultChannelPool - Entry count for : http://localhost:30458 : 1
screen shot class not taking
  Then User should be logged in-test                     # StepDefination.Signin.user_should_be_logged_in()
01:52:42.340 [AsyncHttpClient-1-16] DEBUG org.asynchttpclient.netty.handler.WebSocketHandler - Channel Closed: [id: 0x2fe6146b, L:/127.0.0.1:63152 ! R:localhost/127.0.0.1:63144] with attribute DISCARD
01:52:42.346 [Driver Command Executor] DEBUG org.asynchttpclient.netty.request.NettyRequestSender - Using pooled Channel '[id: 0x6a3a6b18, L:/127.0.0.1:63142 - R:localhost/127.0.0.1:30458]' for 'DELETE' to 'http://localhost:30458/session/de221c9910d06b386c01e74ca90c8aa8'
01:52:42.346 [Driver Command Executor] DEBUG org.asynchttpclient.netty.request.NettyRequestSender - Using open Channel [id: 0x6a3a6b18, L:/127.0.0.1:63142 - R:localhost/127.0.0.1:30458] for DELETE '/session/de221c9910d06b386c01e74ca90c8aa8'
01:52:42.623 [AsyncHttpClient-1-15] DEBUG org.asynchttpclient.netty.handler.HttpHandler - Unexpected I/O exception on channel [id: 0x8f98711d, L:/127.0.0.1:63151 - R:localhost/127.0.0.1:63144]
java.net.SocketException: Connection reset
	at java.base/sun.nio.ch.SocketChannelImpl.throwConnectionReset(SocketChannelImpl.java:394)
	at java.base/sun.nio.ch.SocketChannelImpl.read(SocketChannelImpl.java:426)
	at io.netty.buffer.PooledByteBuf.setBytes(PooledByteBuf.java:254)
	at io.netty.buffer.AbstractByteBuf.writeBytes(AbstractByteBuf.java:1132)
	at io.netty.channel.socket.nio.NioSocketChannel.doReadBytes(NioSocketChannel.java:357)
	at io.netty.channel.nio.AbstractNioByteChannel$NioByteUnsafe.read(AbstractNioByteChannel.java:151)
	at io.netty.channel.nio.NioEventLoop.processSelectedKey(NioEventLoop.java:788)
	at io.netty.channel.nio.NioEventLoop.processSelectedKeysOptimized(NioEventLoop.java:724)
	at io.netty.channel.nio.NioEventLoop.processSelectedKeys(NioEventLoop.java:650)
	at io.netty.channel.nio.NioEventLoop.run(NioEventLoop.java:562)
	at io.netty.util.concurrent.SingleThreadEventExecutor$4.run(SingleThreadEventExecutor.java:997)
	at io.netty.util.internal.ThreadExecutorMap$2.run(ThreadExecutorMap.java:74)
	at io.netty.util.concurrent.FastThreadLocalRunnable.run(FastThreadLocalRunnable.java:30)
	at java.base/java.lang.Thread.run(Thread.java:840)
01:52:42.623 [AsyncHttpClient-1-15] DEBUG org.asynchttpclient.netty.channel.ChannelManager - Closing Channel [id: 0x8f98711d, L:/127.0.0.1:63151 - R:localhost/127.0.0.1:63144] 
01:52:42.623 [AsyncHttpClient-1-15] DEBUG org.asynchttpclient.netty.handler.HttpHandler - Channel Closed: [id: 0x8f98711d, L:/127.0.0.1:63151 ! R:localhost/127.0.0.1:63144] with attribute DISCARD
01:52:42.671 [AsyncHttpClient-1-14] DEBUG org.asynchttpclient.netty.handler.HttpHandler - 

Request DefaultFullHttpRequest(decodeResult: success, version: HTTP/1.1, content: EmptyByteBufBE)
DELETE /session/de221c9910d06b386c01e74ca90c8aa8 HTTP/1.1
User-Agent: selenium/4.12.0 (java windows)
Content-Type: application/json; charset=utf-8
host: localhost:30458
accept: */*

Response DefaultHttpResponse(decodeResult: success, version: HTTP/1.1)
HTTP/1.1 200 OK
Content-Length: 14
Content-Type: application/json; charset=utf-8
cache-control: no-cache

01:52:42.671 [AsyncHttpClient-1-14] DEBUG org.asynchttpclient.netty.channel.ChannelManager - Adding key: http://localhost:30458 for channel [id: 0x6a3a6b18, L:/127.0.0.1:63142 - R:localhost/127.0.0.1:30458]
01:52:42.910 [AsyncHttpClient-1-1] DEBUG org.asynchttpclient.netty.channel.DefaultChannelPool - Entry count for : http://localhost:63144 : 1
01:52:42.910 [AsyncHttpClient-1-1] DEBUG org.asynchttpclient.netty.channel.DefaultChannelPool - Entry count for : http://localhost:30458 : 1
01:52:42.910 [AsyncHttpClient-1-1] DEBUG org.asynchttpclient.netty.channel.DefaultChannelPool - Adding Candidate expired Channel [id: 0x8f98711d, L:/127.0.0.1:63151 ! R:localhost/127.0.0.1:63144] isIdleTimeoutExpired=false isRemotelyClosed=true isTtlExpired=false
01:52:42.910 [AsyncHttpClient-1-1] DEBUG org.asynchttpclient.netty.channel.DefaultChannelPool - Closing Idle Channel [id: 0x8f98711d, L:/127.0.0.1:63151 ! R:localhost/127.0.0.1:63144]
01:52:42.910 [AsyncHttpClient-1-1] DEBUG org.asynchttpclient.netty.channel.DefaultChannelPool - Closed 1 connections out of 2 in 0 ms
01:52:43.232 [AsyncHttpClient-1-14] DEBUG org.asynchttpclient.netty.handler.HttpHandler - Channel Closed: [id: 0x6a3a6b18, L:/127.0.0.1:63142 ! R:localhost/127.0.0.1:30458] with attribute DISCARD
WebDriver quit successfully.
  And Close Window                                       # StepDefination.Signin.close_window()
WebDriver is null. Nothing to close.
]]></system-out>
    <system-err><![CDATA[Jan 25, 2025 1:52:31 AM org.openqa.selenium.devtools.CdpVersionFinder findNearestMatch
WARNING: Unable to find CDP implementation matching 131
Jan 25, 2025 1:52:31 AM org.openqa.selenium.chromium.ChromiumDriver lambda$new$5
WARNING: Unable to find version of CDP to use for 131.0.6778.265. You may need to include a dependency on a specific version of the CDP using something similar to `org.seleniumhq.selenium:selenium-devtools-v86:4.12.0` where the version ("v86") matches the version of the chromium-based browser you're using and the version number of the artifact is the same as Selenium's.
]]></system-err>
  </testcase>
</testsuite>