<?xml version="1.0" encoding="UTF-8"?>
<testsuite xmlns:xsi="http://www.w3.org/2001/XMLSchema-instance" xsi:noNamespaceSchemaLocation="https://maven.apache.org/surefire/maven-surefire-plugin/xsd/surefire-test-report.xsd" version="3.0.2" name="Test_runner.Run_file" time="321.532" tests="13" errors="0" skipped="0" failures="0">
  <properties>
    <property name="java.specification.version" value="17"/>
    <property name="sun.cpu.isalist" value="amd64"/>
    <property name="sun.jnu.encoding" value="Cp1252"/>
    <property name="java.class.path" value="C:\Users\Aniket Satpute\eclipse-workspace\FleetProject\target\test-classes;C:\Users\Aniket Satpute\eclipse-workspace\FleetProject\target\classes;C:\Users\Aniket Satpute\.m2\repository\io\cucumber\cucumber-java\7.18.1\cucumber-java-7.18.1.jar;C:\Users\Aniket Satpute\.m2\repository\io\cucumber\cucumber-core\7.18.1\cucumber-core-7.18.1.jar;C:\Users\Aniket Satpute\.m2\repository\io\cucumber\cucumber-gherkin\7.18.1\cucumber-gherkin-7.18.1.jar;C:\Users\Aniket Satpute\.m2\repository\io\cucumber\cucumber-gherkin-messages\7.18.1\cucumber-gherkin-messages-7.18.1.jar;C:\Users\Aniket Satpute\.m2\repository\io\cucumber\gherkin\28.0.0\gherkin-28.0.0.jar;C:\Users\Aniket Satpute\.m2\repository\io\cucumber\messages\24.1.0\messages-24.1.0.jar;C:\Users\Aniket Satpute\.m2\repository\io\cucumber\testng-xml-formatter\0.2.0\testng-xml-formatter-0.2.0.jar;C:\Users\Aniket Satpute\.m2\repository\io\cucumber\query\12.2.0\query-12.2.0.jar;C:\Users\Aniket Satpute\.m2\repository\io\cucumber\tag-expressions\6.1.0\tag-expressions-6.1.0.jar;C:\Users\Aniket Satpute\.m2\repository\io\cucumber\cucumber-expressions\17.1.0\cucumber-expressions-17.1.0.jar;C:\Users\Aniket Satpute\.m2\repository\io\cucumber\datatable\7.18.1\datatable-7.18.1.jar;C:\Users\Aniket Satpute\.m2\repository\io\cucumber\cucumber-plugin\7.18.1\cucumber-plugin-7.18.1.jar;C:\Users\Aniket Satpute\.m2\repository\io\cucumber\docstring\7.18.1\docstring-7.18.1.jar;C:\Users\Aniket Satpute\.m2\repository\io\cucumber\html-formatter\21.4.1\html-formatter-21.4.1.jar;C:\Users\Aniket Satpute\.m2\repository\io\cucumber\junit-xml-formatter\0.5.0\junit-xml-formatter-0.5.0.jar;C:\Users\Aniket Satpute\.m2\repository\io\cucumber\ci-environment\10.0.1\ci-environment-10.0.1.jar;C:\Users\Aniket Satpute\.m2\repository\org\apiguardian\apiguardian-api\1.1.2\apiguardian-api-1.1.2.jar;C:\Users\Aniket Satpute\.m2\repository\junit\junit\4.13.1\junit-4.13.1.jar;C:\Users\Aniket Satpute\.m2\repository\org\hamcrest\hamcrest-core\1.3\hamcrest-core-1.3.jar;C:\Users\Aniket Satpute\.m2\repository\io\cucumber\cucumber-junit\7.18.1\cucumber-junit-7.18.1.jar;C:\Users\Aniket Satpute\.m2\repository\org\seleniumhq\selenium\selenium-java\4.12.0\selenium-java-4.12.0.jar;C:\Users\Aniket Satpute\.m2\repository\org\seleniumhq\selenium\selenium-api\4.12.0\selenium-api-4.12.0.jar;C:\Users\Aniket Satpute\.m2\repository\org\seleniumhq\selenium\selenium-chrome-driver\4.12.0\selenium-chrome-driver-4.12.0.jar;C:\Users\Aniket Satpute\.m2\repository\com\google\auto\service\auto-service-annotations\1.1.1\auto-service-annotations-1.1.1.jar;C:\Users\Aniket Satpute\.m2\repository\com\google\guava\guava\32.1.2-jre\guava-32.1.2-jre.jar;C:\Users\Aniket Satpute\.m2\repository\com\google\guava\failureaccess\1.0.1\failureaccess-1.0.1.jar;C:\Users\Aniket Satpute\.m2\repository\com\google\guava\listenablefuture\9999.0-empty-to-avoid-conflict-with-guava\listenablefuture-9999.0-empty-to-avoid-conflict-with-guava.jar;C:\Users\Aniket Satpute\.m2\repository\com\google\code\findbugs\jsr305\3.0.2\jsr305-3.0.2.jar;C:\Users\Aniket Satpute\.m2\repository\org\checkerframework\checker-qual\3.33.0\checker-qual-3.33.0.jar;C:\Users\Aniket Satpute\.m2\repository\com\google\errorprone\error_prone_annotations\2.18.0\error_prone_annotations-2.18.0.jar;C:\Users\Aniket Satpute\.m2\repository\com\google\j2objc\j2objc-annotations\2.8\j2objc-annotations-2.8.jar;C:\Users\Aniket Satpute\.m2\repository\org\seleniumhq\selenium\selenium-chromium-driver\4.12.0\selenium-chromium-driver-4.12.0.jar;C:\Users\Aniket Satpute\.m2\repository\org\seleniumhq\selenium\selenium-json\4.12.0\selenium-json-4.12.0.jar;C:\Users\Aniket Satpute\.m2\repository\org\seleniumhq\selenium\selenium-manager\4.12.0\selenium-manager-4.12.0.jar;C:\Users\Aniket Satpute\.m2\repository\org\seleniumhq\selenium\selenium-devtools-v114\4.12.0\selenium-devtools-v114-4.12.0.jar;C:\Users\Aniket Satpute\.m2\repository\org\seleniumhq\selenium\selenium-devtools-v115\4.12.0\selenium-devtools-v115-4.12.0.jar;C:\Users\Aniket Satpute\.m2\repository\org\seleniumhq\selenium\selenium-devtools-v116\4.12.0\selenium-devtools-v116-4.12.0.jar;C:\Users\Aniket Satpute\.m2\repository\org\seleniumhq\selenium\selenium-devtools-v85\4.12.0\selenium-devtools-v85-4.12.0.jar;C:\Users\Aniket Satpute\.m2\repository\org\seleniumhq\selenium\selenium-edge-driver\4.12.0\selenium-edge-driver-4.12.0.jar;C:\Users\Aniket Satpute\.m2\repository\org\seleniumhq\selenium\selenium-firefox-driver\4.12.0\selenium-firefox-driver-4.12.0.jar;C:\Users\Aniket Satpute\.m2\repository\org\seleniumhq\selenium\selenium-http\4.12.0\selenium-http-4.12.0.jar;C:\Users\Aniket Satpute\.m2\repository\dev\failsafe\failsafe\3.3.2\failsafe-3.3.2.jar;C:\Users\Aniket Satpute\.m2\repository\org\seleniumhq\selenium\selenium-ie-driver\4.12.0\selenium-ie-driver-4.12.0.jar;C:\Users\Aniket Satpute\.m2\repository\org\seleniumhq\selenium\selenium-remote-driver\4.12.0\selenium-remote-driver-4.12.0.jar;C:\Users\Aniket Satpute\.m2\repository\io\netty\netty-buffer\4.1.96.Final\netty-buffer-4.1.96.Final.jar;C:\Users\Aniket Satpute\.m2\repository\io\netty\netty-codec-http\4.1.96.Final\netty-codec-http-4.1.96.Final.jar;C:\Users\Aniket Satpute\.m2\repository\io\netty\netty-codec\4.1.96.Final\netty-codec-4.1.96.Final.jar;C:\Users\Aniket Satpute\.m2\repository\io\netty\netty-handler\4.1.96.Final\netty-handler-4.1.96.Final.jar;C:\Users\Aniket Satpute\.m2\repository\io\netty\netty-common\4.1.96.Final\netty-common-4.1.96.Final.jar;C:\Users\Aniket Satpute\.m2\repository\io\netty\netty-transport-classes-epoll\4.1.96.Final\netty-transport-classes-epoll-4.1.96.Final.jar;C:\Users\Aniket Satpute\.m2\repository\io\netty\netty-transport-classes-kqueue\4.1.96.Final\netty-transport-classes-kqueue-4.1.96.Final.jar;C:\Users\Aniket Satpute\.m2\repository\io\netty\netty-transport-native-epoll\4.1.96.Final\netty-transport-native-epoll-4.1.96.Final.jar;C:\Users\Aniket Satpute\.m2\repository\io\netty\netty-transport-native-kqueue\4.1.96.Final\netty-transport-native-kqueue-4.1.96.Final.jar;C:\Users\Aniket Satpute\.m2\repository\io\netty\netty-transport-native-unix-common\4.1.96.Final\netty-transport-native-unix-common-4.1.96.Final.jar;C:\Users\Aniket Satpute\.m2\repository\io\netty\netty-transport\4.1.96.Final\netty-transport-4.1.96.Final.jar;C:\Users\Aniket Satpute\.m2\repository\io\netty\netty-resolver\4.1.96.Final\netty-resolver-4.1.96.Final.jar;C:\Users\Aniket Satpute\.m2\repository\io\opentelemetry\opentelemetry-api\1.28.0\opentelemetry-api-1.28.0.jar;C:\Users\Aniket Satpute\.m2\repository\io\opentelemetry\opentelemetry-context\1.28.0\opentelemetry-context-1.28.0.jar;C:\Users\Aniket Satpute\.m2\repository\io\opentelemetry\opentelemetry-exporter-logging\1.28.0\opentelemetry-exporter-logging-1.28.0.jar;C:\Users\Aniket Satpute\.m2\repository\io\opentelemetry\opentelemetry-sdk-metrics\1.28.0\opentelemetry-sdk-metrics-1.28.0.jar;C:\Users\Aniket Satpute\.m2\repository\io\opentelemetry\opentelemetry-extension-incubator\1.28.0-alpha\opentelemetry-extension-incubator-1.28.0-alpha.jar;C:\Users\Aniket Satpute\.m2\repository\io\opentelemetry\opentelemetry-sdk-logs\1.28.0\opentelemetry-sdk-logs-1.28.0.jar;C:\Users\Aniket Satpute\.m2\repository\io\opentelemetry\opentelemetry-sdk-common\1.28.0\opentelemetry-sdk-common-1.28.0.jar;C:\Users\Aniket Satpute\.m2\repository\io\opentelemetry\opentelemetry-sdk-extension-autoconfigure-spi\1.28.0\opentelemetry-sdk-extension-autoconfigure-spi-1.28.0.jar;C:\Users\Aniket Satpute\.m2\repository\io\opentelemetry\opentelemetry-sdk-extension-autoconfigure\1.28.0\opentelemetry-sdk-extension-autoconfigure-1.28.0.jar;C:\Users\Aniket Satpute\.m2\repository\io\opentelemetry\opentelemetry-api-events\1.28.0-alpha\opentelemetry-api-events-1.28.0-alpha.jar;C:\Users\Aniket Satpute\.m2\repository\io\opentelemetry\opentelemetry-sdk-trace\1.28.0\opentelemetry-sdk-trace-1.28.0.jar;C:\Users\Aniket Satpute\.m2\repository\io\opentelemetry\opentelemetry-sdk\1.28.0\opentelemetry-sdk-1.28.0.jar;C:\Users\Aniket Satpute\.m2\repository\io\opentelemetry\opentelemetry-semconv\1.28.0-alpha\opentelemetry-semconv-1.28.0-alpha.jar;C:\Users\Aniket Satpute\.m2\repository\net\bytebuddy\byte-buddy\1.14.5\byte-buddy-1.14.5.jar;C:\Users\Aniket Satpute\.m2\repository\org\asynchttpclient\async-http-client\2.12.3\async-http-client-2.12.3.jar;C:\Users\Aniket Satpute\.m2\repository\org\asynchttpclient\async-http-client-netty-utils\2.12.3\async-http-client-netty-utils-2.12.3.jar;C:\Users\Aniket Satpute\.m2\repository\io\netty\netty-codec-socks\4.1.60.Final\netty-codec-socks-4.1.60.Final.jar;C:\Users\Aniket Satpute\.m2\repository\io\netty\netty-handler-proxy\4.1.60.Final\netty-handler-proxy-4.1.60.Final.jar;C:\Users\Aniket Satpute\.m2\repository\io\netty\netty-transport-native-epoll\4.1.60.Final\netty-transport-native-epoll-4.1.60.Final-linux-x86_64.jar;C:\Users\Aniket Satpute\.m2\repository\io\netty\netty-transport-native-kqueue\4.1.60.Final\netty-transport-native-kqueue-4.1.60.Final-osx-x86_64.jar;C:\Users\Aniket Satpute\.m2\repository\org\reactivestreams\reactive-streams\1.0.3\reactive-streams-1.0.3.jar;C:\Users\Aniket Satpute\.m2\repository\com\typesafe\netty\netty-reactive-streams\2.0.4\netty-reactive-streams-2.0.4.jar;C:\Users\Aniket Satpute\.m2\repository\com\sun\activation\jakarta.activation\1.2.2\jakarta.activation-1.2.2.jar;C:\Users\Aniket Satpute\.m2\repository\org\seleniumhq\selenium\selenium-os\4.12.0\selenium-os-4.12.0.jar;C:\Users\Aniket Satpute\.m2\repository\org\apache\commons\commons-exec\1.3\commons-exec-1.3.jar;C:\Users\Aniket Satpute\.m2\repository\org\seleniumhq\selenium\selenium-safari-driver\4.12.0\selenium-safari-driver-4.12.0.jar;C:\Users\Aniket Satpute\.m2\repository\org\seleniumhq\selenium\selenium-support\4.12.0\selenium-support-4.12.0.jar;C:\Users\Aniket Satpute\.m2\repository\ch\qos\logback\logback-classic\1.2.11\logback-classic-1.2.11.jar;C:\Users\Aniket Satpute\.m2\repository\ch\qos\logback\logback-core\1.2.11\logback-core-1.2.11.jar;C:\Users\Aniket Satpute\.m2\repository\org\slf4j\slf4j-simple\2.0.9\slf4j-simple-2.0.9.jar;C:\Users\Aniket Satpute\.m2\repository\org\slf4j\slf4j-api\1.7.36\slf4j-api-1.7.36.jar;C:\Users\Aniket Satpute\.m2\repository\com\github\javafaker\javafaker\1.0.2\javafaker-1.0.2.jar;C:\Users\Aniket Satpute\.m2\repository\org\apache\commons\commons-lang3\3.5\commons-lang3-3.5.jar;C:\Users\Aniket Satpute\.m2\repository\com\github\mifmif\generex\1.0.2\generex-1.0.2.jar;C:\Users\Aniket Satpute\.m2\repository\dk\brics\automaton\automaton\1.11-8\automaton-1.11-8.jar;C:\Users\Aniket Satpute\.m2\repository\API_testing\API_testing\0.0.1-SNAPSHOT\API_testing-0.0.1-SNAPSHOT.jar;C:\Users\Aniket Satpute\.m2\repository\io\rest-assured\json-schema-validator\5.4.0\json-schema-validator-5.4.0.jar;C:\Users\Aniket Satpute\.m2\repository\com\github\java-json-tools\json-schema-validator\2.2.14\json-schema-validator-2.2.14.jar;C:\Users\Aniket Satpute\.m2\repository\com\github\java-json-tools\jackson-coreutils-equivalence\1.0\jackson-coreutils-equivalence-1.0.jar;C:\Users\Aniket Satpute\.m2\repository\com\fasterxml\jackson\core\jackson-databind\2.11.0\jackson-databind-2.11.0.jar;C:\Users\Aniket Satpute\.m2\repository\com\fasterxml\jackson\core\jackson-annotations\2.11.0\jackson-annotations-2.11.0.jar;C:\Users\Aniket Satpute\.m2\repository\com\fasterxml\jackson\core\jackson-core\2.11.0\jackson-core-2.11.0.jar;C:\Users\Aniket Satpute\.m2\repository\com\github\java-json-tools\jackson-coreutils\2.0\jackson-coreutils-2.0.jar;C:\Users\Aniket Satpute\.m2\repository\com\github\java-json-tools\msg-simple\1.2\msg-simple-1.2.jar;C:\Users\Aniket Satpute\.m2\repository\com\github\java-json-tools\btf\1.3\btf-1.3.jar;C:\Users\Aniket Satpute\.m2\repository\com\github\java-json-tools\json-schema-core\1.2.14\json-schema-core-1.2.14.jar;C:\Users\Aniket Satpute\.m2\repository\com\github\java-json-tools\uri-template\0.10\uri-template-0.10.jar;C:\Users\Aniket Satpute\.m2\repository\org\mozilla\rhino\1.7.7.2\rhino-1.7.7.2.jar;C:\Users\Aniket Satpute\.m2\repository\com\sun\mail\mailapi\1.6.2\mailapi-1.6.2.jar;C:\Users\Aniket Satpute\.m2\repository\joda-time\joda-time\2.10.5\joda-time-2.10.5.jar;C:\Users\Aniket Satpute\.m2\repository\com\googlecode\libphonenumber\libphonenumber\8.11.1\libphonenumber-8.11.1.jar;C:\Users\Aniket Satpute\.m2\repository\net\sf\jopt-simple\jopt-simple\5.0.4\jopt-simple-5.0.4.jar;C:\Users\Aniket Satpute\.m2\repository\org\hamcrest\hamcrest\2.2\hamcrest-2.2.jar;C:\Users\Aniket Satpute\.m2\repository\io\rest-assured\xml-path\5.4.0\xml-path-5.4.0.jar;C:\Users\Aniket Satpute\.m2\repository\org\apache\groovy\groovy-xml\4.0.16\groovy-xml-4.0.16.jar;C:\Users\Aniket Satpute\.m2\repository\org\apache\groovy\groovy\4.0.16\groovy-4.0.16.jar;C:\Users\Aniket Satpute\.m2\repository\io\rest-assured\rest-assured-common\5.4.0\rest-assured-common-5.4.0.jar;C:\Users\Aniket Satpute\.m2\repository\org\ccil\cowan\tagsoup\tagsoup\1.2.1\tagsoup-1.2.1.jar;C:\Users\Aniket Satpute\.m2\repository\org\apache\logging\log4j\log4j-slf4j-impl\2.20.0\log4j-slf4j-impl-2.20.0.jar;C:\Users\Aniket Satpute\.m2\repository\org\apache\logging\log4j\log4j-api\2.20.0\log4j-api-2.20.0.jar;C:\Users\Aniket Satpute\.m2\repository\org\apache\logging\log4j\log4j-core\2.20.0\log4j-core-2.20.0.jar;"/>
    <property name="java.vm.vendor" value="Eclipse Adoptium"/>
    <property name="sun.arch.data.model" value="64"/>
    <property name="user.variant" value=""/>
    <property name="java.vendor.url" value="https://adoptium.net/"/>
    <property name="user.timezone" value="Asia/Calcutta"/>
    <property name="os.name" value="Windows 11"/>
    <property name="java.vm.specification.version" value="17"/>
    <property name="sun.java.launcher" value="SUN_STANDARD"/>
    <property name="user.country" value="IN"/>
    <property name="sun.boot.library.path" value="C:\Users\Aniket Satpute\.p2\pool\plugins\org.eclipse.justj.openjdk.hotspot.jre.full.win32.x86_64_17.0.11.v20240426-1830\jre\bin"/>
    <property name="sun.java.command" value="C:\Users\Aniket Satpute\AppData\Local\Temp\surefire9367764236221612313\surefirebooter-20250118223925385_3.jar C:\Users\Aniket Satpute\AppData\Local\Temp\surefire9367764236221612313 2025-01-18T22-39-25_136-jvmRun1 surefire-20250118223925385_1tmp surefire_0-20250118223925385_2tmp"/>
    <property name="jdk.debug" value="release"/>
    <property name="surefire.test.class.path" value="C:\Users\Aniket Satpute\eclipse-workspace\FleetProject\target\test-classes;C:\Users\Aniket Satpute\eclipse-workspace\FleetProject\target\classes;C:\Users\Aniket Satpute\.m2\repository\io\cucumber\cucumber-java\7.18.1\cucumber-java-7.18.1.jar;C:\Users\Aniket Satpute\.m2\repository\io\cucumber\cucumber-core\7.18.1\cucumber-core-7.18.1.jar;C:\Users\Aniket Satpute\.m2\repository\io\cucumber\cucumber-gherkin\7.18.1\cucumber-gherkin-7.18.1.jar;C:\Users\Aniket Satpute\.m2\repository\io\cucumber\cucumber-gherkin-messages\7.18.1\cucumber-gherkin-messages-7.18.1.jar;C:\Users\Aniket Satpute\.m2\repository\io\cucumber\gherkin\28.0.0\gherkin-28.0.0.jar;C:\Users\Aniket Satpute\.m2\repository\io\cucumber\messages\24.1.0\messages-24.1.0.jar;C:\Users\Aniket Satpute\.m2\repository\io\cucumber\testng-xml-formatter\0.2.0\testng-xml-formatter-0.2.0.jar;C:\Users\Aniket Satpute\.m2\repository\io\cucumber\query\12.2.0\query-12.2.0.jar;C:\Users\Aniket Satpute\.m2\repository\io\cucumber\tag-expressions\6.1.0\tag-expressions-6.1.0.jar;C:\Users\Aniket Satpute\.m2\repository\io\cucumber\cucumber-expressions\17.1.0\cucumber-expressions-17.1.0.jar;C:\Users\Aniket Satpute\.m2\repository\io\cucumber\datatable\7.18.1\datatable-7.18.1.jar;C:\Users\Aniket Satpute\.m2\repository\io\cucumber\cucumber-plugin\7.18.1\cucumber-plugin-7.18.1.jar;C:\Users\Aniket Satpute\.m2\repository\io\cucumber\docstring\7.18.1\docstring-7.18.1.jar;C:\Users\Aniket Satpute\.m2\repository\io\cucumber\html-formatter\21.4.1\html-formatter-21.4.1.jar;C:\Users\Aniket Satpute\.m2\repository\io\cucumber\junit-xml-formatter\0.5.0\junit-xml-formatter-0.5.0.jar;C:\Users\Aniket Satpute\.m2\repository\io\cucumber\ci-environment\10.0.1\ci-environment-10.0.1.jar;C:\Users\Aniket Satpute\.m2\repository\org\apiguardian\apiguardian-api\1.1.2\apiguardian-api-1.1.2.jar;C:\Users\Aniket Satpute\.m2\repository\junit\junit\4.13.1\junit-4.13.1.jar;C:\Users\Aniket Satpute\.m2\repository\org\hamcrest\hamcrest-core\1.3\hamcrest-core-1.3.jar;C:\Users\Aniket Satpute\.m2\repository\io\cucumber\cucumber-junit\7.18.1\cucumber-junit-7.18.1.jar;C:\Users\Aniket Satpute\.m2\repository\org\seleniumhq\selenium\selenium-java\4.12.0\selenium-java-4.12.0.jar;C:\Users\Aniket Satpute\.m2\repository\org\seleniumhq\selenium\selenium-api\4.12.0\selenium-api-4.12.0.jar;C:\Users\Aniket Satpute\.m2\repository\org\seleniumhq\selenium\selenium-chrome-driver\4.12.0\selenium-chrome-driver-4.12.0.jar;C:\Users\Aniket Satpute\.m2\repository\com\google\auto\service\auto-service-annotations\1.1.1\auto-service-annotations-1.1.1.jar;C:\Users\Aniket Satpute\.m2\repository\com\google\guava\guava\32.1.2-jre\guava-32.1.2-jre.jar;C:\Users\Aniket Satpute\.m2\repository\com\google\guava\failureaccess\1.0.1\failureaccess-1.0.1.jar;C:\Users\Aniket Satpute\.m2\repository\com\google\guava\listenablefuture\9999.0-empty-to-avoid-conflict-with-guava\listenablefuture-9999.0-empty-to-avoid-conflict-with-guava.jar;C:\Users\Aniket Satpute\.m2\repository\com\google\code\findbugs\jsr305\3.0.2\jsr305-3.0.2.jar;C:\Users\Aniket Satpute\.m2\repository\org\checkerframework\checker-qual\3.33.0\checker-qual-3.33.0.jar;C:\Users\Aniket Satpute\.m2\repository\com\google\errorprone\error_prone_annotations\2.18.0\error_prone_annotations-2.18.0.jar;C:\Users\Aniket Satpute\.m2\repository\com\google\j2objc\j2objc-annotations\2.8\j2objc-annotations-2.8.jar;C:\Users\Aniket Satpute\.m2\repository\org\seleniumhq\selenium\selenium-chromium-driver\4.12.0\selenium-chromium-driver-4.12.0.jar;C:\Users\Aniket Satpute\.m2\repository\org\seleniumhq\selenium\selenium-json\4.12.0\selenium-json-4.12.0.jar;C:\Users\Aniket Satpute\.m2\repository\org\seleniumhq\selenium\selenium-manager\4.12.0\selenium-manager-4.12.0.jar;C:\Users\Aniket Satpute\.m2\repository\org\seleniumhq\selenium\selenium-devtools-v114\4.12.0\selenium-devtools-v114-4.12.0.jar;C:\Users\Aniket Satpute\.m2\repository\org\seleniumhq\selenium\selenium-devtools-v115\4.12.0\selenium-devtools-v115-4.12.0.jar;C:\Users\Aniket Satpute\.m2\repository\org\seleniumhq\selenium\selenium-devtools-v116\4.12.0\selenium-devtools-v116-4.12.0.jar;C:\Users\Aniket Satpute\.m2\repository\org\seleniumhq\selenium\selenium-devtools-v85\4.12.0\selenium-devtools-v85-4.12.0.jar;C:\Users\Aniket Satpute\.m2\repository\org\seleniumhq\selenium\selenium-edge-driver\4.12.0\selenium-edge-driver-4.12.0.jar;C:\Users\Aniket Satpute\.m2\repository\org\seleniumhq\selenium\selenium-firefox-driver\4.12.0\selenium-firefox-driver-4.12.0.jar;C:\Users\Aniket Satpute\.m2\repository\org\seleniumhq\selenium\selenium-http\4.12.0\selenium-http-4.12.0.jar;C:\Users\Aniket Satpute\.m2\repository\dev\failsafe\failsafe\3.3.2\failsafe-3.3.2.jar;C:\Users\Aniket Satpute\.m2\repository\org\seleniumhq\selenium\selenium-ie-driver\4.12.0\selenium-ie-driver-4.12.0.jar;C:\Users\Aniket Satpute\.m2\repository\org\seleniumhq\selenium\selenium-remote-driver\4.12.0\selenium-remote-driver-4.12.0.jar;C:\Users\Aniket Satpute\.m2\repository\io\netty\netty-buffer\4.1.96.Final\netty-buffer-4.1.96.Final.jar;C:\Users\Aniket Satpute\.m2\repository\io\netty\netty-codec-http\4.1.96.Final\netty-codec-http-4.1.96.Final.jar;C:\Users\Aniket Satpute\.m2\repository\io\netty\netty-codec\4.1.96.Final\netty-codec-4.1.96.Final.jar;C:\Users\Aniket Satpute\.m2\repository\io\netty\netty-handler\4.1.96.Final\netty-handler-4.1.96.Final.jar;C:\Users\Aniket Satpute\.m2\repository\io\netty\netty-common\4.1.96.Final\netty-common-4.1.96.Final.jar;C:\Users\Aniket Satpute\.m2\repository\io\netty\netty-transport-classes-epoll\4.1.96.Final\netty-transport-classes-epoll-4.1.96.Final.jar;C:\Users\Aniket Satpute\.m2\repository\io\netty\netty-transport-classes-kqueue\4.1.96.Final\netty-transport-classes-kqueue-4.1.96.Final.jar;C:\Users\Aniket Satpute\.m2\repository\io\netty\netty-transport-native-epoll\4.1.96.Final\netty-transport-native-epoll-4.1.96.Final.jar;C:\Users\Aniket Satpute\.m2\repository\io\netty\netty-transport-native-kqueue\4.1.96.Final\netty-transport-native-kqueue-4.1.96.Final.jar;C:\Users\Aniket Satpute\.m2\repository\io\netty\netty-transport-native-unix-common\4.1.96.Final\netty-transport-native-unix-common-4.1.96.Final.jar;C:\Users\Aniket Satpute\.m2\repository\io\netty\netty-transport\4.1.96.Final\netty-transport-4.1.96.Final.jar;C:\Users\Aniket Satpute\.m2\repository\io\netty\netty-resolver\4.1.96.Final\netty-resolver-4.1.96.Final.jar;C:\Users\Aniket Satpute\.m2\repository\io\opentelemetry\opentelemetry-api\1.28.0\opentelemetry-api-1.28.0.jar;C:\Users\Aniket Satpute\.m2\repository\io\opentelemetry\opentelemetry-context\1.28.0\opentelemetry-context-1.28.0.jar;C:\Users\Aniket Satpute\.m2\repository\io\opentelemetry\opentelemetry-exporter-logging\1.28.0\opentelemetry-exporter-logging-1.28.0.jar;C:\Users\Aniket Satpute\.m2\repository\io\opentelemetry\opentelemetry-sdk-metrics\1.28.0\opentelemetry-sdk-metrics-1.28.0.jar;C:\Users\Aniket Satpute\.m2\repository\io\opentelemetry\opentelemetry-extension-incubator\1.28.0-alpha\opentelemetry-extension-incubator-1.28.0-alpha.jar;C:\Users\Aniket Satpute\.m2\repository\io\opentelemetry\opentelemetry-sdk-logs\1.28.0\opentelemetry-sdk-logs-1.28.0.jar;C:\Users\Aniket Satpute\.m2\repository\io\opentelemetry\opentelemetry-sdk-common\1.28.0\opentelemetry-sdk-common-1.28.0.jar;C:\Users\Aniket Satpute\.m2\repository\io\opentelemetry\opentelemetry-sdk-extension-autoconfigure-spi\1.28.0\opentelemetry-sdk-extension-autoconfigure-spi-1.28.0.jar;C:\Users\Aniket Satpute\.m2\repository\io\opentelemetry\opentelemetry-sdk-extension-autoconfigure\1.28.0\opentelemetry-sdk-extension-autoconfigure-1.28.0.jar;C:\Users\Aniket Satpute\.m2\repository\io\opentelemetry\opentelemetry-api-events\1.28.0-alpha\opentelemetry-api-events-1.28.0-alpha.jar;C:\Users\Aniket Satpute\.m2\repository\io\opentelemetry\opentelemetry-sdk-trace\1.28.0\opentelemetry-sdk-trace-1.28.0.jar;C:\Users\Aniket Satpute\.m2\repository\io\opentelemetry\opentelemetry-sdk\1.28.0\opentelemetry-sdk-1.28.0.jar;C:\Users\Aniket Satpute\.m2\repository\io\opentelemetry\opentelemetry-semconv\1.28.0-alpha\opentelemetry-semconv-1.28.0-alpha.jar;C:\Users\Aniket Satpute\.m2\repository\net\bytebuddy\byte-buddy\1.14.5\byte-buddy-1.14.5.jar;C:\Users\Aniket Satpute\.m2\repository\org\asynchttpclient\async-http-client\2.12.3\async-http-client-2.12.3.jar;C:\Users\Aniket Satpute\.m2\repository\org\asynchttpclient\async-http-client-netty-utils\2.12.3\async-http-client-netty-utils-2.12.3.jar;C:\Users\Aniket Satpute\.m2\repository\io\netty\netty-codec-socks\4.1.60.Final\netty-codec-socks-4.1.60.Final.jar;C:\Users\Aniket Satpute\.m2\repository\io\netty\netty-handler-proxy\4.1.60.Final\netty-handler-proxy-4.1.60.Final.jar;C:\Users\Aniket Satpute\.m2\repository\io\netty\netty-transport-native-epoll\4.1.60.Final\netty-transport-native-epoll-4.1.60.Final-linux-x86_64.jar;C:\Users\Aniket Satpute\.m2\repository\io\netty\netty-transport-native-kqueue\4.1.60.Final\netty-transport-native-kqueue-4.1.60.Final-osx-x86_64.jar;C:\Users\Aniket Satpute\.m2\repository\org\reactivestreams\reactive-streams\1.0.3\reactive-streams-1.0.3.jar;C:\Users\Aniket Satpute\.m2\repository\com\typesafe\netty\netty-reactive-streams\2.0.4\netty-reactive-streams-2.0.4.jar;C:\Users\Aniket Satpute\.m2\repository\com\sun\activation\jakarta.activation\1.2.2\jakarta.activation-1.2.2.jar;C:\Users\Aniket Satpute\.m2\repository\org\seleniumhq\selenium\selenium-os\4.12.0\selenium-os-4.12.0.jar;C:\Users\Aniket Satpute\.m2\repository\org\apache\commons\commons-exec\1.3\commons-exec-1.3.jar;C:\Users\Aniket Satpute\.m2\repository\org\seleniumhq\selenium\selenium-safari-driver\4.12.0\selenium-safari-driver-4.12.0.jar;C:\Users\Aniket Satpute\.m2\repository\org\seleniumhq\selenium\selenium-support\4.12.0\selenium-support-4.12.0.jar;C:\Users\Aniket Satpute\.m2\repository\ch\qos\logback\logback-classic\1.2.11\logback-classic-1.2.11.jar;C:\Users\Aniket Satpute\.m2\repository\ch\qos\logback\logback-core\1.2.11\logback-core-1.2.11.jar;C:\Users\Aniket Satpute\.m2\repository\org\slf4j\slf4j-simple\2.0.9\slf4j-simple-2.0.9.jar;C:\Users\Aniket Satpute\.m2\repository\org\slf4j\slf4j-api\1.7.36\slf4j-api-1.7.36.jar;C:\Users\Aniket Satpute\.m2\repository\com\github\javafaker\javafaker\1.0.2\javafaker-1.0.2.jar;C:\Users\Aniket Satpute\.m2\repository\org\apache\commons\commons-lang3\3.5\commons-lang3-3.5.jar;C:\Users\Aniket Satpute\.m2\repository\com\github\mifmif\generex\1.0.2\generex-1.0.2.jar;C:\Users\Aniket Satpute\.m2\repository\dk\brics\automaton\automaton\1.11-8\automaton-1.11-8.jar;C:\Users\Aniket Satpute\.m2\repository\API_testing\API_testing\0.0.1-SNAPSHOT\API_testing-0.0.1-SNAPSHOT.jar;C:\Users\Aniket Satpute\.m2\repository\io\rest-assured\json-schema-validator\5.4.0\json-schema-validator-5.4.0.jar;C:\Users\Aniket Satpute\.m2\repository\com\github\java-json-tools\json-schema-validator\2.2.14\json-schema-validator-2.2.14.jar;C:\Users\Aniket Satpute\.m2\repository\com\github\java-json-tools\jackson-coreutils-equivalence\1.0\jackson-coreutils-equivalence-1.0.jar;C:\Users\Aniket Satpute\.m2\repository\com\fasterxml\jackson\core\jackson-databind\2.11.0\jackson-databind-2.11.0.jar;C:\Users\Aniket Satpute\.m2\repository\com\fasterxml\jackson\core\jackson-annotations\2.11.0\jackson-annotations-2.11.0.jar;C:\Users\Aniket Satpute\.m2\repository\com\fasterxml\jackson\core\jackson-core\2.11.0\jackson-core-2.11.0.jar;C:\Users\Aniket Satpute\.m2\repository\com\github\java-json-tools\jackson-coreutils\2.0\jackson-coreutils-2.0.jar;C:\Users\Aniket Satpute\.m2\repository\com\github\java-json-tools\msg-simple\1.2\msg-simple-1.2.jar;C:\Users\Aniket Satpute\.m2\repository\com\github\java-json-tools\btf\1.3\btf-1.3.jar;C:\Users\Aniket Satpute\.m2\repository\com\github\java-json-tools\json-schema-core\1.2.14\json-schema-core-1.2.14.jar;C:\Users\Aniket Satpute\.m2\repository\com\github\java-json-tools\uri-template\0.10\uri-template-0.10.jar;C:\Users\Aniket Satpute\.m2\repository\org\mozilla\rhino\1.7.7.2\rhino-1.7.7.2.jar;C:\Users\Aniket Satpute\.m2\repository\com\sun\mail\mailapi\1.6.2\mailapi-1.6.2.jar;C:\Users\Aniket Satpute\.m2\repository\joda-time\joda-time\2.10.5\joda-time-2.10.5.jar;C:\Users\Aniket Satpute\.m2\repository\com\googlecode\libphonenumber\libphonenumber\8.11.1\libphonenumber-8.11.1.jar;C:\Users\Aniket Satpute\.m2\repository\net\sf\jopt-simple\jopt-simple\5.0.4\jopt-simple-5.0.4.jar;C:\Users\Aniket Satpute\.m2\repository\org\hamcrest\hamcrest\2.2\hamcrest-2.2.jar;C:\Users\Aniket Satpute\.m2\repository\io\rest-assured\xml-path\5.4.0\xml-path-5.4.0.jar;C:\Users\Aniket Satpute\.m2\repository\org\apache\groovy\groovy-xml\4.0.16\groovy-xml-4.0.16.jar;C:\Users\Aniket Satpute\.m2\repository\org\apache\groovy\groovy\4.0.16\groovy-4.0.16.jar;C:\Users\Aniket Satpute\.m2\repository\io\rest-assured\rest-assured-common\5.4.0\rest-assured-common-5.4.0.jar;C:\Users\Aniket Satpute\.m2\repository\org\ccil\cowan\tagsoup\tagsoup\1.2.1\tagsoup-1.2.1.jar;C:\Users\Aniket Satpute\.m2\repository\org\apache\logging\log4j\log4j-slf4j-impl\2.20.0\log4j-slf4j-impl-2.20.0.jar;C:\Users\Aniket Satpute\.m2\repository\org\apache\logging\log4j\log4j-api\2.20.0\log4j-api-2.20.0.jar;C:\Users\Aniket Satpute\.m2\repository\org\apache\logging\log4j\log4j-core\2.20.0\log4j-core-2.20.0.jar;"/>
    <property name="sun.cpu.endian" value="little"/>
    <property name="user.home" value="C:\Users\Aniket Satpute"/>
    <property name="user.language" value="en"/>
    <property name="java.specification.vendor" value="Oracle Corporation"/>
    <property name="java.version.date" value="2024-04-16"/>
    <property name="java.home" value="C:\Users\Aniket Satpute\.p2\pool\plugins\org.eclipse.justj.openjdk.hotspot.jre.full.win32.x86_64_17.0.11.v20240426-1830\jre"/>
    <property name="file.separator" value="\"/>
    <property name="style.color" value="always"/>
    <property name="basedir" value="C:\Users\Aniket Satpute\eclipse-workspace\FleetProject"/>
    <property name="java.vm.compressedOopsMode" value="Zero based"/>
    <property name="line.separator" value="&#10;"/>
    <property name="java.vm.specification.vendor" value="Oracle Corporation"/>
    <property name="java.specification.name" value="Java Platform API Specification"/>
    <property name="surefire.real.class.path" value="C:\Users\Aniket Satpute\AppData\Local\Temp\surefire9367764236221612313\surefirebooter-20250118223925385_3.jar"/>
    <property name="user.script" value=""/>
    <property name="sun.management.compiler" value="HotSpot 64-Bit Tiered Compilers"/>
    <property name="java.runtime.version" value="17.0.11+9"/>
    <property name="user.name" value="Aniket Satpute"/>
    <property name="path.separator" value=";"/>
    <property name="os.version" value="10.0"/>
    <property name="java.runtime.name" value="OpenJDK Runtime Environment"/>
    <property name="file.encoding" value="Cp1252"/>
    <property name="java.vm.name" value="OpenJDK 64-Bit Server VM"/>
    <property name="java.vendor.version" value="Temurin-17.0.11+9"/>
    <property name="localRepository" value="C:\Users\Aniket Satpute\.m2\repository"/>
    <property name="java.vendor.url.bug" value="https://github.com/adoptium/adoptium-support/issues"/>
    <property name="java.io.tmpdir" value="C:\Users\ANIKET~1\AppData\Local\Temp\"/>
    <property name="java.version" value="17.0.11"/>
    <property name="user.dir" value="C:\Users\Aniket Satpute\eclipse-workspace\FleetProject"/>
    <property name="os.arch" value="amd64"/>
    <property name="java.vm.specification.name" value="Java Virtual Machine Specification"/>
    <property name="sun.os.patch.level" value=""/>
    <property name="native.encoding" value="Cp1252"/>
    <property name="java.library.path" value="C:\Users\Aniket Satpute\.p2\pool\plugins\org.eclipse.justj.openjdk.hotspot.jre.full.win32.x86_64_17.0.11.v20240426-1830\jre\bin;C:\Windows\Sun\Java\bin;C:\Windows\system32;C:\Windows;C:/Users/Aniket Satpute/.p2/pool/plugins/org.eclipse.justj.openjdk.hotspot.jre.full.win32.x86_64_17.0.11.v20240426-1830/jre/bin/server;C:/Users/Aniket Satpute/.p2/pool/plugins/org.eclipse.justj.openjdk.hotspot.jre.full.win32.x86_64_17.0.11.v20240426-1830/jre/bin;C:\Program Files\Common Files\Oracle\Java\javapath;C:\Program Files (x86)\Common Files\Oracle\Java\java8path;C:\Program Files (x86)\Common Files\Oracle\Java\javapath;C:\Python312\Scripts\;C:\Python312\;C:\Windows\system32;C:\Windows;C:\Windows\System32\Wbem;C:\Windows\System32\WindowsPowerShell\v1.0\;C:\Windows\System32\OpenSSH\;C:\Program Files (x86)\NVIDIA Corporation\PhysX\Common;C:\Program Files\NVIDIA Corporation\NVIDIA NvDLISR;C:\Program Files\Microsoft SQL Server\150\Tools\Binn\;C:\Program Files\MySQL\MySQL Server 8.0\bin;C:\ProgramData\chocolatey\bin;C:\Program Files\Java\jdk-21\bin;C:\Program Files (x86)\Java\jre1.8.0_421\bin;C:\Program Files (x86)\Java\jre1.8.0_421\bin\bin;C:\Program Files\Java\jdk-23\bin;C:\Users\Aniket Satpute\OneDrive\Desktop\javapractice\Oracle_JDK-23\bin;C:\apache-maven-3.9.9-bin\apache-maven-3.9.9\bin;C:\apache-maven-3.9.9-bin\apache-maven-3.9.9\bin;C:\apache-maven-3.9.9-bin\apache-maven-3.9.9\bin;C:\Program Files\Java\jdk-23\bin;C:\Program Files\Java\jdk-23\bin;C:\Program Files\Git\cmd;C:\Program Files\Git\bin;;C:\Windows\System32;;."/>
    <property name="java.vm.info" value="mixed mode"/>
    <property name="java.vendor" value="Eclipse Adoptium"/>
    <property name="java.vm.version" value="17.0.11+9"/>
    <property name="sun.io.unicode.encoding" value="UnicodeLittle"/>
    <property name="java.class.version" value="61.0"/>
  </properties>
  <testcase name="create Load with basic information" classname="Create load in broker" time="37.167">
    <system-out><![CDATA[
Scenario Outline: create Load with basic information       # src/test/resources/Create_Load/Create_Load.feature:22
22:39:29.619 [main] DEBUG io.netty.util.internal.logging.InternalLoggerFactory - Using SLF4J as the default logging framework
22:39:29.628 [main] DEBUG io.netty.util.ResourceLeakDetector - -Dio.netty.leakDetection.level: simple
22:39:29.628 [main] DEBUG io.netty.util.ResourceLeakDetector - -Dio.netty.leakDetection.targetRecords: 4
22:39:29.637 [main] DEBUG io.netty.util.ResourceLeakDetectorFactory - Loaded default ResourceLeakDetector: io.netty.util.ResourceLeakDetector@64d43929
22:39:29.655 [main] DEBUG io.netty.util.internal.PlatformDependent0 - -Dio.netty.noUnsafe: false
22:39:29.655 [main] DEBUG io.netty.util.internal.PlatformDependent0 - Java version: 17
22:39:29.657 [main] DEBUG io.netty.util.internal.PlatformDependent0 - sun.misc.Unsafe.theUnsafe: available
22:39:29.659 [main] DEBUG io.netty.util.internal.PlatformDependent0 - sun.misc.Unsafe.copyMemory: available
22:39:29.659 [main] DEBUG io.netty.util.internal.PlatformDependent0 - sun.misc.Unsafe.storeFence: available
22:39:29.660 [main] DEBUG io.netty.util.internal.PlatformDependent0 - java.nio.Buffer.address: available
22:39:29.660 [main] DEBUG io.netty.util.internal.PlatformDependent0 - direct buffer constructor: unavailable: Reflective setAccessible(true) disabled
22:39:29.661 [main] DEBUG io.netty.util.internal.PlatformDependent0 - java.nio.Bits.unaligned: available, true
22:39:29.662 [main] DEBUG io.netty.util.internal.PlatformDependent0 - jdk.internal.misc.Unsafe.allocateUninitializedArray(int): unavailable: class io.netty.util.internal.PlatformDependent0$7 cannot access class jdk.internal.misc.Unsafe (in module java.base) because module java.base does not export jdk.internal.misc to unnamed module @3b2cf7ab
22:39:29.663 [main] DEBUG io.netty.util.internal.PlatformDependent0 - java.nio.DirectByteBuffer.<init>(long, {int,long}): unavailable
22:39:29.663 [main] DEBUG io.netty.util.internal.PlatformDependent - sun.misc.Unsafe: available
22:39:29.665 [main] DEBUG io.netty.util.internal.PlatformDependent - maxDirectMemory: 4219469824 bytes (maybe)
22:39:29.666 [main] DEBUG io.netty.util.internal.PlatformDependent - -Dio.netty.tmpdir: C:\Users\ANIKET~1\AppData\Local\Temp (java.io.tmpdir)
22:39:29.666 [main] DEBUG io.netty.util.internal.PlatformDependent - -Dio.netty.bitMode: 64 (sun.arch.data.model)
22:39:29.666 [main] DEBUG io.netty.util.internal.PlatformDependent - Platform: Windows
22:39:29.667 [main] DEBUG io.netty.util.internal.PlatformDependent - -Dio.netty.maxDirectMemory: -1 bytes
22:39:29.667 [main] DEBUG io.netty.util.internal.PlatformDependent - -Dio.netty.uninitializedArrayAllocationThreshold: -1
22:39:29.667 [main] DEBUG io.netty.util.internal.CleanerJava9 - java.nio.ByteBuffer.cleaner(): available
22:39:29.668 [main] DEBUG io.netty.util.internal.PlatformDependent - -Dio.netty.noPreferDirect: false
22:39:29.675 [main] DEBUG io.netty.util.internal.PlatformDependent - org.jctools-core.MpscChunkedArrayQueue: available
22:39:29.697 [main] DEBUG io.netty.util.internal.InternalThreadLocalMap - -Dio.netty.threadLocalMap.stringBuilder.initialSize: 1024
22:39:29.697 [main] DEBUG io.netty.util.internal.InternalThreadLocalMap - -Dio.netty.threadLocalMap.stringBuilder.maxSize: 4096
22:39:30.049 [main] DEBUG io.netty.handler.ssl.JdkSslContext - Default protocols (JDK): [TLSv1.3, TLSv1.2] 
22:39:30.049 [main] DEBUG io.netty.handler.ssl.JdkSslContext - Default cipher suites (JDK): [TLS_ECDHE_ECDSA_WITH_AES_256_GCM_SHA384, TLS_ECDHE_ECDSA_WITH_AES_128_GCM_SHA256, TLS_ECDHE_RSA_WITH_AES_128_GCM_SHA256, TLS_ECDHE_RSA_WITH_AES_256_GCM_SHA384, TLS_ECDHE_RSA_WITH_AES_128_CBC_SHA, TLS_ECDHE_RSA_WITH_AES_256_CBC_SHA, TLS_RSA_WITH_AES_128_GCM_SHA256, TLS_RSA_WITH_AES_128_CBC_SHA, TLS_RSA_WITH_AES_256_CBC_SHA, TLS_AES_128_GCM_SHA256, TLS_AES_256_GCM_SHA384]
22:39:30.065 [main] DEBUG io.netty.util.concurrent.GlobalEventExecutor - -Dio.netty.globalEventExecutor.quietPeriodSeconds: 1
22:39:30.088 [main] DEBUG io.netty.channel.MultithreadEventLoopGroup - -Dio.netty.eventLoopThreads: 24
22:39:30.099 [main] DEBUG io.netty.channel.nio.NioEventLoop - -Dio.netty.noKeySetOptimization: false
22:39:30.099 [main] DEBUG io.netty.channel.nio.NioEventLoop - -Dio.netty.selectorAutoRebuildThreshold: 512
22:39:30.305 [main] DEBUG io.netty.buffer.PooledByteBufAllocator - -Dio.netty.allocator.numHeapArenas: 24
22:39:30.305 [main] DEBUG io.netty.buffer.PooledByteBufAllocator - -Dio.netty.allocator.numDirectArenas: 24
22:39:30.305 [main] DEBUG io.netty.buffer.PooledByteBufAllocator - -Dio.netty.allocator.pageSize: 8192
22:39:30.305 [main] DEBUG io.netty.buffer.PooledByteBufAllocator - -Dio.netty.allocator.maxOrder: 9
22:39:30.306 [main] DEBUG io.netty.buffer.PooledByteBufAllocator - -Dio.netty.allocator.chunkSize: 4194304
22:39:30.306 [main] DEBUG io.netty.buffer.PooledByteBufAllocator - -Dio.netty.allocator.smallCacheSize: 256
22:39:30.306 [main] DEBUG io.netty.buffer.PooledByteBufAllocator - -Dio.netty.allocator.normalCacheSize: 64
22:39:30.306 [main] DEBUG io.netty.buffer.PooledByteBufAllocator - -Dio.netty.allocator.maxCachedBufferCapacity: 32768
22:39:30.306 [main] DEBUG io.netty.buffer.PooledByteBufAllocator - -Dio.netty.allocator.cacheTrimInterval: 8192
22:39:30.306 [main] DEBUG io.netty.buffer.PooledByteBufAllocator - -Dio.netty.allocator.cacheTrimIntervalMillis: 0
22:39:30.306 [main] DEBUG io.netty.buffer.PooledByteBufAllocator - -Dio.netty.allocator.useCacheForAllThreads: false
22:39:30.306 [main] DEBUG io.netty.buffer.PooledByteBufAllocator - -Dio.netty.allocator.maxCachedByteBuffersPerChunk: 1023
22:39:30.346 [main] DEBUG io.netty.buffer.ByteBufUtil - -Dio.netty.allocator.type: pooled
22:39:30.346 [main] DEBUG io.netty.buffer.ByteBufUtil - -Dio.netty.threadLocalDirectBufferSize: 0
22:39:30.346 [main] DEBUG io.netty.buffer.ByteBufUtil - -Dio.netty.maxThreadLocalCharBufferSize: 16384
22:39:31.039 [Forwarding newSession on session null to remote] DEBUG io.netty.channel.DefaultChannelId - -Dio.netty.processId: 11916 (auto-detected)
22:39:31.043 [Forwarding newSession on session null to remote] DEBUG io.netty.util.NetUtil - -Djava.net.preferIPv4Stack: false
22:39:31.043 [Forwarding newSession on session null to remote] DEBUG io.netty.util.NetUtil - -Djava.net.preferIPv6Addresses: false
22:39:31.060 [Forwarding newSession on session null to remote] DEBUG io.netty.util.NetUtilInitializations - Loopback interface: lo (Software Loopback Interface 1, 127.0.0.1)
22:39:31.061 [Forwarding newSession on session null to remote] DEBUG io.netty.util.NetUtil - Failed to get SOMAXCONN from sysctl and file \proc\sys\net\core\somaxconn. Default: 200
22:39:31.078 [Forwarding newSession on session null to remote] DEBUG io.netty.channel.DefaultChannelId - -Dio.netty.machineId: f4:6a:dd:ff:fe:57:6c:f3 (auto-detected)
22:39:31.128 [AsyncHttpClient-1-2] DEBUG io.netty.buffer.AbstractByteBuf - -Dio.netty.buffer.checkAccessible: true
22:39:31.128 [AsyncHttpClient-1-2] DEBUG io.netty.buffer.AbstractByteBuf - -Dio.netty.buffer.checkBounds: true
22:39:31.128 [AsyncHttpClient-1-2] DEBUG io.netty.util.ResourceLeakDetectorFactory - Loaded default ResourceLeakDetector: io.netty.util.ResourceLeakDetector@2958442
22:39:31.156 [AsyncHttpClient-1-2] DEBUG org.asynchttpclient.netty.channel.NettyConnectListener - Using new Channel '[id: 0x11763fe9, L:/127.0.0.1:54602 - R:localhost/127.0.0.1:41373]' for 'POST' to '/session'
22:39:31.180 [AsyncHttpClient-1-2] DEBUG io.netty.util.Recycler - -Dio.netty.recycler.maxCapacityPerThread: 4096
22:39:31.180 [AsyncHttpClient-1-2] DEBUG io.netty.util.Recycler - -Dio.netty.recycler.ratio: 8
22:39:31.180 [AsyncHttpClient-1-2] DEBUG io.netty.util.Recycler - -Dio.netty.recycler.chunkSize: 32
22:39:31.180 [AsyncHttpClient-1-2] DEBUG io.netty.util.Recycler - -Dio.netty.recycler.blocking: false
22:39:31.180 [AsyncHttpClient-1-2] DEBUG io.netty.util.Recycler - -Dio.netty.recycler.batchFastThreadLocalOnly: true
22:39:32.391 [AsyncHttpClient-1-2] DEBUG io.netty.handler.codec.compression.Brotli - brotli4j not in the classpath; Brotli support will be unavailable.
22:39:32.392 [AsyncHttpClient-1-2] DEBUG org.asynchttpclient.netty.handler.HttpHandler - 

Request DefaultHttpRequest(decodeResult: success, version: HTTP/1.1)
POST /session HTTP/1.1
User-Agent: selenium/4.12.0 (java windows)
Content-Length: 254
Content-Type: application/json; charset=utf-8
host: localhost:41373
accept: */*

Response DefaultHttpResponse(decodeResult: success, version: HTTP/1.1)
HTTP/1.1 200 OK
Content-Length: 888
Content-Type: application/json; charset=utf-8
cache-control: no-cache

22:39:32.400 [AsyncHttpClient-1-2] DEBUG org.asynchttpclient.netty.channel.ChannelManager - Adding key: http://localhost:41373 for channel [id: 0x11763fe9, L:/127.0.0.1:54602 - R:localhost/127.0.0.1:41373]
22:39:32.505 [AsyncHttpClient-1-3] DEBUG org.asynchttpclient.netty.channel.NettyConnectListener - Using new Channel '[id: 0x2ae791e4, L:/127.0.0.1:54610 - R:localhost/127.0.0.1:54603]' for 'GET' to '/json/version'
22:39:32.509 [AsyncHttpClient-1-3] DEBUG org.asynchttpclient.netty.handler.HttpHandler - 

Request DefaultFullHttpRequest(decodeResult: success, version: HTTP/1.1, content: EmptyByteBufBE)
GET /json/version HTTP/1.1
User-Agent: selenium/4.12.0 (java windows)
host: localhost:54603
accept: */*

Response DefaultHttpResponse(decodeResult: success, version: HTTP/1.1)
HTTP/1.1 200 OK
Content-Security-Policy: frame-ancestors 'none'
Content-Length: 424
Content-Type: application/json; charset=UTF-8

22:39:32.509 [AsyncHttpClient-1-3] DEBUG org.asynchttpclient.netty.channel.ChannelManager - Adding key: http://localhost:54603 for channel [id: 0x2ae791e4, L:/127.0.0.1:54610 - R:localhost/127.0.0.1:54603]
22:39:32.520 [main] DEBUG io.netty.util.internal.ThreadLocalRandom - -Dio.netty.initialSeedUniquifier: 0xff0e5420a5381953
22:39:32.529 [AsyncHttpClient-1-4] DEBUG org.asynchttpclient.netty.channel.NettyConnectListener - Using new Channel '[id: 0x324b3bc3, L:/127.0.0.1:54611 - R:localhost/127.0.0.1:54603]' for 'GET' to '/devtools/browser/b3f8fdee-bf0c-4640-a16c-f878d90a02a0'
22:39:32.535 [AsyncHttpClient-1-4] DEBUG org.asynchttpclient.netty.handler.WebSocketHandler - 

Request DefaultFullHttpRequest(decodeResult: success, version: HTTP/1.1, content: EmptyByteBufBE)
GET /devtools/browser/b3f8fdee-bf0c-4640-a16c-f878d90a02a0 HTTP/1.1
upgrade: websocket
connection: upgrade
sec-websocket-key: 3ViuWRV1BN/bxcQfTMisqQ==
sec-websocket-version: 13
origin: http://localhost:54603
host: localhost:54603
accept: */*
user-agent: AHC/2.1

Response DefaultHttpResponse(decodeResult: success, version: HTTP/1.1)
HTTP/1.1 101 WebSocket Protocol Handshake
Upgrade: WebSocket
Connection: Upgrade
Sec-WebSocket-Accept: IRDvuhCMTBMEjHjEeSVQUyzXLzA=

22:39:32.621 [Forwarding get on session 327b04565ce3a8b029101fb842e2edab to remote] DEBUG org.asynchttpclient.netty.request.NettyRequestSender - Using pooled Channel '[id: 0x11763fe9, L:/127.0.0.1:54602 - R:localhost/127.0.0.1:41373]' for 'POST' to 'http://localhost:41373/session/327b04565ce3a8b029101fb842e2edab/url'
22:39:32.621 [Forwarding get on session 327b04565ce3a8b029101fb842e2edab to remote] DEBUG org.asynchttpclient.netty.request.NettyRequestSender - Using open Channel [id: 0x11763fe9, L:/127.0.0.1:54602 - R:localhost/127.0.0.1:41373] for POST '/session/327b04565ce3a8b029101fb842e2edab/url'
22:39:33.281 [AsyncHttpClient-1-1] DEBUG org.asynchttpclient.netty.channel.DefaultChannelPool - Entry count for : http://localhost:54603 : 1
22:39:34.386 [AsyncHttpClient-1-1] DEBUG org.asynchttpclient.netty.channel.DefaultChannelPool - Entry count for : http://localhost:54603 : 1
22:39:35.481 [AsyncHttpClient-1-1] DEBUG org.asynchttpclient.netty.channel.DefaultChannelPool - Entry count for : http://localhost:54603 : 1
22:39:36.581 [AsyncHttpClient-1-1] DEBUG org.asynchttpclient.netty.channel.DefaultChannelPool - Entry count for : http://localhost:54603 : 1
22:39:37.682 [AsyncHttpClient-1-1] DEBUG org.asynchttpclient.netty.channel.DefaultChannelPool - Entry count for : http://localhost:54603 : 1
22:39:38.785 [AsyncHttpClient-1-1] DEBUG org.asynchttpclient.netty.channel.DefaultChannelPool - Entry count for : http://localhost:54603 : 1
22:39:39.811 [AsyncHttpClient-1-2] DEBUG org.asynchttpclient.netty.handler.HttpHandler - 

Request DefaultHttpRequest(decodeResult: success, version: HTTP/1.1)
POST /session/327b04565ce3a8b029101fb842e2edab/url HTTP/1.1
User-Agent: selenium/4.12.0 (java windows)
Content-Length: 92
Content-Type: application/json; charset=utf-8
host: localhost:41373
accept: */*

Response DefaultHttpResponse(decodeResult: success, version: HTTP/1.1)
HTTP/1.1 200 OK
Content-Length: 14
Content-Type: application/json; charset=utf-8
cache-control: no-cache

22:39:39.811 [AsyncHttpClient-1-2] DEBUG org.asynchttpclient.netty.channel.ChannelManager - Adding key: http://localhost:41373 for channel [id: 0x11763fe9, L:/127.0.0.1:54602 - R:localhost/127.0.0.1:41373]
22:39:39.817 [Forwarding maximizeCurrentWindow on session 327b04565ce3a8b029101fb842e2edab to remote] DEBUG org.asynchttpclient.netty.request.NettyRequestSender - Using pooled Channel '[id: 0x11763fe9, L:/127.0.0.1:54602 - R:localhost/127.0.0.1:41373]' for 'POST' to 'http://localhost:41373/session/327b04565ce3a8b029101fb842e2edab/window/maximize'
22:39:39.818 [Forwarding maximizeCurrentWindow on session 327b04565ce3a8b029101fb842e2edab to remote] DEBUG org.asynchttpclient.netty.request.NettyRequestSender - Using open Channel [id: 0x11763fe9, L:/127.0.0.1:54602 - R:localhost/127.0.0.1:41373] for POST '/session/327b04565ce3a8b029101fb842e2edab/window/maximize'
22:39:39.919 [AsyncHttpClient-1-1] DEBUG org.asynchttpclient.netty.channel.DefaultChannelPool - Entry count for : http://localhost:54603 : 1
22:39:39.931 [AsyncHttpClient-1-2] DEBUG org.asynchttpclient.netty.handler.HttpHandler - 

Request DefaultHttpRequest(decodeResult: success, version: HTTP/1.1)
POST /session/327b04565ce3a8b029101fb842e2edab/window/maximize HTTP/1.1
User-Agent: selenium/4.12.0 (java windows)
Content-Length: 3
Content-Type: application/json; charset=utf-8
host: localhost:41373
accept: */*

Response DefaultHttpResponse(decodeResult: success, version: HTTP/1.1)
HTTP/1.1 200 OK
Content-Length: 51
Content-Type: application/json; charset=utf-8
cache-control: no-cache

22:39:39.931 [AsyncHttpClient-1-2] DEBUG org.asynchttpclient.netty.channel.ChannelManager - Adding key: http://localhost:41373 for channel [id: 0x11763fe9, L:/127.0.0.1:54602 - R:localhost/127.0.0.1:41373]
22:39:39.977 [Forwarding findElement on session 327b04565ce3a8b029101fb842e2edab to remote] DEBUG org.asynchttpclient.netty.request.NettyRequestSender - Using pooled Channel '[id: 0x11763fe9, L:/127.0.0.1:54602 - R:localhost/127.0.0.1:41373]' for 'POST' to 'http://localhost:41373/session/327b04565ce3a8b029101fb842e2edab/element'
22:39:39.977 [Forwarding findElement on session 327b04565ce3a8b029101fb842e2edab to remote] DEBUG org.asynchttpclient.netty.request.NettyRequestSender - Using open Channel [id: 0x11763fe9, L:/127.0.0.1:54602 - R:localhost/127.0.0.1:41373] for POST '/session/327b04565ce3a8b029101fb842e2edab/element'
22:39:40.001 [AsyncHttpClient-1-2] DEBUG org.asynchttpclient.netty.handler.HttpHandler - 

Request DefaultHttpRequest(decodeResult: success, version: HTTP/1.1)
POST /session/327b04565ce3a8b029101fb842e2edab/element HTTP/1.1
User-Agent: selenium/4.12.0 (java windows)
Content-Length: 69
Content-Type: application/json; charset=utf-8
host: localhost:41373
accept: */*

Response DefaultHttpResponse(decodeResult: success, version: HTTP/1.1)
HTTP/1.1 200 OK
Content-Length: 125
Content-Type: application/json; charset=utf-8
cache-control: no-cache

22:39:40.003 [AsyncHttpClient-1-2] DEBUG org.asynchttpclient.netty.channel.ChannelManager - Adding key: http://localhost:41373 for channel [id: 0x11763fe9, L:/127.0.0.1:54602 - R:localhost/127.0.0.1:41373]
22:39:40.016 [Forwarding sendKeysToElement on session 327b04565ce3a8b029101fb842e2edab to remote] DEBUG org.asynchttpclient.netty.request.NettyRequestSender - Using pooled Channel '[id: 0x11763fe9, L:/127.0.0.1:54602 - R:localhost/127.0.0.1:41373]' for 'POST' to 'http://localhost:41373/session/327b04565ce3a8b029101fb842e2edab/element/f.740C316873D624121D83935599F84F6B.d.14E5693911D355E7D755C10E74BD3474.e.2/value'
22:39:40.016 [Forwarding sendKeysToElement on session 327b04565ce3a8b029101fb842e2edab to remote] DEBUG org.asynchttpclient.netty.request.NettyRequestSender - Using open Channel [id: 0x11763fe9, L:/127.0.0.1:54602 - R:localhost/127.0.0.1:41373] for POST '/session/327b04565ce3a8b029101fb842e2edab/element/f.740C316873D624121D83935599F84F6B.d.14E5693911D355E7D755C10E74BD3474.e.2/value'
22:39:40.233 [AsyncHttpClient-1-2] DEBUG org.asynchttpclient.netty.handler.HttpHandler - 

Request DefaultHttpRequest(decodeResult: success, version: HTTP/1.1)
POST /session/327b04565ce3a8b029101fb842e2edab/element/f.740C316873D624121D83935599F84F6B.d.14E5693911D355E7D755C10E74BD3474.e.2/value HTTP/1.1
User-Agent: selenium/4.12.0 (java windows)
Content-Length: 338
Content-Type: application/json; charset=utf-8
host: localhost:41373
accept: */*

Response DefaultHttpResponse(decodeResult: success, version: HTTP/1.1)
HTTP/1.1 200 OK
Content-Length: 14
Content-Type: application/json; charset=utf-8
cache-control: no-cache

22:39:40.234 [AsyncHttpClient-1-2] DEBUG org.asynchttpclient.netty.channel.ChannelManager - Adding key: http://localhost:41373 for channel [id: 0x11763fe9, L:/127.0.0.1:54602 - R:localhost/127.0.0.1:41373]
22:39:40.236 [Forwarding findElement on session 327b04565ce3a8b029101fb842e2edab to remote] DEBUG org.asynchttpclient.netty.request.NettyRequestSender - Using pooled Channel '[id: 0x11763fe9, L:/127.0.0.1:54602 - R:localhost/127.0.0.1:41373]' for 'POST' to 'http://localhost:41373/session/327b04565ce3a8b029101fb842e2edab/element'
22:39:40.236 [Forwarding findElement on session 327b04565ce3a8b029101fb842e2edab to remote] DEBUG org.asynchttpclient.netty.request.NettyRequestSender - Using open Channel [id: 0x11763fe9, L:/127.0.0.1:54602 - R:localhost/127.0.0.1:41373] for POST '/session/327b04565ce3a8b029101fb842e2edab/element'
22:39:40.255 [AsyncHttpClient-1-2] DEBUG org.asynchttpclient.netty.handler.HttpHandler - 

Request DefaultHttpRequest(decodeResult: success, version: HTTP/1.1)
POST /session/327b04565ce3a8b029101fb842e2edab/element HTTP/1.1
User-Agent: selenium/4.12.0 (java windows)
Content-Length: 72
Content-Type: application/json; charset=utf-8
host: localhost:41373
accept: */*

Response DefaultHttpResponse(decodeResult: success, version: HTTP/1.1)
HTTP/1.1 200 OK
Content-Length: 125
Content-Type: application/json; charset=utf-8
cache-control: no-cache

22:39:40.255 [AsyncHttpClient-1-2] DEBUG org.asynchttpclient.netty.channel.ChannelManager - Adding key: http://localhost:41373 for channel [id: 0x11763fe9, L:/127.0.0.1:54602 - R:localhost/127.0.0.1:41373]
22:39:40.261 [Forwarding sendKeysToElement on session 327b04565ce3a8b029101fb842e2edab to remote] DEBUG org.asynchttpclient.netty.request.NettyRequestSender - Using pooled Channel '[id: 0x11763fe9, L:/127.0.0.1:54602 - R:localhost/127.0.0.1:41373]' for 'POST' to 'http://localhost:41373/session/327b04565ce3a8b029101fb842e2edab/element/f.740C316873D624121D83935599F84F6B.d.14E5693911D355E7D755C10E74BD3474.e.4/value'
22:39:40.261 [Forwarding sendKeysToElement on session 327b04565ce3a8b029101fb842e2edab to remote] DEBUG org.asynchttpclient.netty.request.NettyRequestSender - Using open Channel [id: 0x11763fe9, L:/127.0.0.1:54602 - R:localhost/127.0.0.1:41373] for POST '/session/327b04565ce3a8b029101fb842e2edab/element/f.740C316873D624121D83935599F84F6B.d.14E5693911D355E7D755C10E74BD3474.e.4/value'
22:39:40.362 [AsyncHttpClient-1-2] DEBUG org.asynchttpclient.netty.handler.HttpHandler - 

Request DefaultHttpRequest(decodeResult: success, version: HTTP/1.1)
POST /session/327b04565ce3a8b029101fb842e2edab/element/f.740C316873D624121D83935599F84F6B.d.14E5693911D355E7D755C10E74BD3474.e.4/value HTTP/1.1
User-Agent: selenium/4.12.0 (java windows)
Content-Length: 208
Content-Type: application/json; charset=utf-8
host: localhost:41373
accept: */*

Response DefaultHttpResponse(decodeResult: success, version: HTTP/1.1)
HTTP/1.1 200 OK
Content-Length: 14
Content-Type: application/json; charset=utf-8
cache-control: no-cache

22:39:40.364 [AsyncHttpClient-1-2] DEBUG org.asynchttpclient.netty.channel.ChannelManager - Adding key: http://localhost:41373 for channel [id: 0x11763fe9, L:/127.0.0.1:54602 - R:localhost/127.0.0.1:41373]
22:39:40.368 [Forwarding findElement on session 327b04565ce3a8b029101fb842e2edab to remote] DEBUG org.asynchttpclient.netty.request.NettyRequestSender - Using pooled Channel '[id: 0x11763fe9, L:/127.0.0.1:54602 - R:localhost/127.0.0.1:41373]' for 'POST' to 'http://localhost:41373/session/327b04565ce3a8b029101fb842e2edab/element'
22:39:40.369 [Forwarding findElement on session 327b04565ce3a8b029101fb842e2edab to remote] DEBUG org.asynchttpclient.netty.request.NettyRequestSender - Using open Channel [id: 0x11763fe9, L:/127.0.0.1:54602 - R:localhost/127.0.0.1:41373] for POST '/session/327b04565ce3a8b029101fb842e2edab/element'
22:39:40.405 [AsyncHttpClient-1-2] DEBUG org.asynchttpclient.netty.handler.HttpHandler - 

Request DefaultHttpRequest(decodeResult: success, version: HTTP/1.1)
POST /session/327b04565ce3a8b029101fb842e2edab/element HTTP/1.1
User-Agent: selenium/4.12.0 (java windows)
Content-Length: 73
Content-Type: application/json; charset=utf-8
host: localhost:41373
accept: */*

Response DefaultHttpResponse(decodeResult: success, version: HTTP/1.1)
HTTP/1.1 200 OK
Content-Length: 125
Content-Type: application/json; charset=utf-8
cache-control: no-cache

22:39:40.405 [AsyncHttpClient-1-2] DEBUG org.asynchttpclient.netty.channel.ChannelManager - Adding key: http://localhost:41373 for channel [id: 0x11763fe9, L:/127.0.0.1:54602 - R:localhost/127.0.0.1:41373]
22:39:40.409 [Forwarding clickElement on session 327b04565ce3a8b029101fb842e2edab to remote] DEBUG org.asynchttpclient.netty.request.NettyRequestSender - Using pooled Channel '[id: 0x11763fe9, L:/127.0.0.1:54602 - R:localhost/127.0.0.1:41373]' for 'POST' to 'http://localhost:41373/session/327b04565ce3a8b029101fb842e2edab/element/f.740C316873D624121D83935599F84F6B.d.14E5693911D355E7D755C10E74BD3474.e.6/click'
22:39:40.409 [Forwarding clickElement on session 327b04565ce3a8b029101fb842e2edab to remote] DEBUG org.asynchttpclient.netty.request.NettyRequestSender - Using open Channel [id: 0x11763fe9, L:/127.0.0.1:54602 - R:localhost/127.0.0.1:41373] for POST '/session/327b04565ce3a8b029101fb842e2edab/element/f.740C316873D624121D83935599F84F6B.d.14E5693911D355E7D755C10E74BD3474.e.6/click'
22:39:40.512 [AsyncHttpClient-1-2] DEBUG org.asynchttpclient.netty.handler.HttpHandler - 

Request DefaultHttpRequest(decodeResult: success, version: HTTP/1.1)
POST /session/327b04565ce3a8b029101fb842e2edab/element/f.740C316873D624121D83935599F84F6B.d.14E5693911D355E7D755C10E74BD3474.e.6/click HTTP/1.1
User-Agent: selenium/4.12.0 (java windows)
Content-Length: 87
Content-Type: application/json; charset=utf-8
host: localhost:41373
accept: */*

Response DefaultHttpResponse(decodeResult: success, version: HTTP/1.1)
HTTP/1.1 200 OK
Content-Length: 14
Content-Type: application/json; charset=utf-8
cache-control: no-cache

22:39:40.512 [AsyncHttpClient-1-2] DEBUG org.asynchttpclient.netty.channel.ChannelManager - Adding key: http://localhost:41373 for channel [id: 0x11763fe9, L:/127.0.0.1:54602 - R:localhost/127.0.0.1:41373]
22:39:40.982 [AsyncHttpClient-1-1] DEBUG org.asynchttpclient.netty.channel.DefaultChannelPool - Entry count for : http://localhost:54603 : 1
22:39:40.982 [AsyncHttpClient-1-1] DEBUG org.asynchttpclient.netty.channel.DefaultChannelPool - Entry count for : http://localhost:41373 : 1
22:39:42.088 [AsyncHttpClient-1-1] DEBUG org.asynchttpclient.netty.channel.DefaultChannelPool - Entry count for : http://localhost:54603 : 1
22:39:42.088 [AsyncHttpClient-1-1] DEBUG org.asynchttpclient.netty.channel.DefaultChannelPool - Entry count for : http://localhost:41373 : 1
22:39:43.181 [AsyncHttpClient-1-1] DEBUG org.asynchttpclient.netty.channel.DefaultChannelPool - Entry count for : http://localhost:54603 : 1
22:39:43.181 [AsyncHttpClient-1-1] DEBUG org.asynchttpclient.netty.channel.DefaultChannelPool - Entry count for : http://localhost:41373 : 1
22:39:44.282 [AsyncHttpClient-1-1] DEBUG org.asynchttpclient.netty.channel.DefaultChannelPool - Entry count for : http://localhost:54603 : 1
22:39:44.282 [AsyncHttpClient-1-1] DEBUG org.asynchttpclient.netty.channel.DefaultChannelPool - Entry count for : http://localhost:41373 : 1
22:39:45.384 [AsyncHttpClient-1-1] DEBUG org.asynchttpclient.netty.channel.DefaultChannelPool - Entry count for : http://localhost:54603 : 1
22:39:45.384 [AsyncHttpClient-1-1] DEBUG org.asynchttpclient.netty.channel.DefaultChannelPool - Entry count for : http://localhost:41373 : 1
22:39:45.525 [Forwarding getCurrentUrl on session 327b04565ce3a8b029101fb842e2edab to remote] DEBUG org.asynchttpclient.netty.request.NettyRequestSender - Using pooled Channel '[id: 0x11763fe9, L:/127.0.0.1:54602 - R:localhost/127.0.0.1:41373]' for 'GET' to 'http://localhost:41373/session/327b04565ce3a8b029101fb842e2edab/url'
22:39:45.525 [Forwarding getCurrentUrl on session 327b04565ce3a8b029101fb842e2edab to remote] DEBUG org.asynchttpclient.netty.request.NettyRequestSender - Using open Channel [id: 0x11763fe9, L:/127.0.0.1:54602 - R:localhost/127.0.0.1:41373] for GET '/session/327b04565ce3a8b029101fb842e2edab/url'
22:39:45.539 [AsyncHttpClient-1-2] DEBUG org.asynchttpclient.netty.handler.HttpHandler - 

Request DefaultFullHttpRequest(decodeResult: success, version: HTTP/1.1, content: EmptyByteBufBE)
GET /session/327b04565ce3a8b029101fb842e2edab/url HTTP/1.1
Cache-Control: no-cache
User-Agent: selenium/4.12.0 (java windows)
Content-Type: application/json; charset=utf-8
host: localhost:41373
accept: */*

Response DefaultHttpResponse(decodeResult: success, version: HTTP/1.1)
HTTP/1.1 200 OK
Content-Length: 69
Content-Type: application/json; charset=utf-8
cache-control: no-cache

22:39:45.540 [AsyncHttpClient-1-2] DEBUG org.asynchttpclient.netty.channel.ChannelManager - Adding key: http://localhost:41373 for channel [id: 0x11763fe9, L:/127.0.0.1:54602 - R:localhost/127.0.0.1:41373]
https://fleet-manager-development.vercel.app/auth/sign-in
22:39:45.544 [Forwarding findElement on session 327b04565ce3a8b029101fb842e2edab to remote] DEBUG org.asynchttpclient.netty.request.NettyRequestSender - Using pooled Channel '[id: 0x11763fe9, L:/127.0.0.1:54602 - R:localhost/127.0.0.1:41373]' for 'POST' to 'http://localhost:41373/session/327b04565ce3a8b029101fb842e2edab/element'
22:39:45.544 [Forwarding findElement on session 327b04565ce3a8b029101fb842e2edab to remote] DEBUG org.asynchttpclient.netty.request.NettyRequestSender - Using open Channel [id: 0x11763fe9, L:/127.0.0.1:54602 - R:localhost/127.0.0.1:41373] for POST '/session/327b04565ce3a8b029101fb842e2edab/element'
22:39:45.567 [AsyncHttpClient-1-2] DEBUG org.asynchttpclient.netty.handler.HttpHandler - 

Request DefaultHttpRequest(decodeResult: success, version: HTTP/1.1)
POST /session/327b04565ce3a8b029101fb842e2edab/element HTTP/1.1
User-Agent: selenium/4.12.0 (java windows)
Content-Length: 66
Content-Type: application/json; charset=utf-8
host: localhost:41373
accept: */*

Response DefaultHttpResponse(decodeResult: success, version: HTTP/1.1)
HTTP/1.1 200 OK
Content-Length: 126
Content-Type: application/json; charset=utf-8
cache-control: no-cache

22:39:45.568 [AsyncHttpClient-1-2] DEBUG org.asynchttpclient.netty.channel.ChannelManager - Adding key: http://localhost:41373 for channel [id: 0x11763fe9, L:/127.0.0.1:54602 - R:localhost/127.0.0.1:41373]
22:39:45.588 [Forwarding isElementDisplayed on session 327b04565ce3a8b029101fb842e2edab to remote] DEBUG org.asynchttpclient.netty.request.NettyRequestSender - Using pooled Channel '[id: 0x11763fe9, L:/127.0.0.1:54602 - R:localhost/127.0.0.1:41373]' for 'POST' to 'http://localhost:41373/session/327b04565ce3a8b029101fb842e2edab/execute/sync'
22:39:45.588 [Forwarding isElementDisplayed on session 327b04565ce3a8b029101fb842e2edab to remote] DEBUG org.asynchttpclient.netty.request.NettyRequestSender - Using open Channel [id: 0x11763fe9, L:/127.0.0.1:54602 - R:localhost/127.0.0.1:41373] for POST '/session/327b04565ce3a8b029101fb842e2edab/execute/sync'
22:39:45.618 [AsyncHttpClient-1-2] DEBUG org.asynchttpclient.netty.handler.HttpHandler - 

Request DefaultHttpRequest(decodeResult: success, version: HTTP/1.1)
POST /session/327b04565ce3a8b029101fb842e2edab/execute/sync HTTP/1.1
User-Agent: selenium/4.12.0 (java windows)
Content-Length: 48734
Content-Type: application/json; charset=utf-8
host: localhost:41373
accept: */*

Response DefaultHttpResponse(decodeResult: success, version: HTTP/1.1)
HTTP/1.1 200 OK
Content-Length: 14
Content-Type: application/json; charset=utf-8
cache-control: no-cache

22:39:45.619 [AsyncHttpClient-1-2] DEBUG org.asynchttpclient.netty.channel.ChannelManager - Adding key: http://localhost:41373 for channel [id: 0x11763fe9, L:/127.0.0.1:54602 - R:localhost/127.0.0.1:41373]
22:39:45.624 [Forwarding findElement on session 327b04565ce3a8b029101fb842e2edab to remote] DEBUG org.asynchttpclient.netty.request.NettyRequestSender - Using pooled Channel '[id: 0x11763fe9, L:/127.0.0.1:54602 - R:localhost/127.0.0.1:41373]' for 'POST' to 'http://localhost:41373/session/327b04565ce3a8b029101fb842e2edab/element'
22:39:45.624 [Forwarding findElement on session 327b04565ce3a8b029101fb842e2edab to remote] DEBUG org.asynchttpclient.netty.request.NettyRequestSender - Using open Channel [id: 0x11763fe9, L:/127.0.0.1:54602 - R:localhost/127.0.0.1:41373] for POST '/session/327b04565ce3a8b029101fb842e2edab/element'
22:39:45.638 [AsyncHttpClient-1-2] DEBUG org.asynchttpclient.netty.handler.HttpHandler - 

Request DefaultHttpRequest(decodeResult: success, version: HTTP/1.1)
POST /session/327b04565ce3a8b029101fb842e2edab/element HTTP/1.1
User-Agent: selenium/4.12.0 (java windows)
Content-Length: 66
Content-Type: application/json; charset=utf-8
host: localhost:41373
accept: */*

Response DefaultHttpResponse(decodeResult: success, version: HTTP/1.1)
HTTP/1.1 200 OK
Content-Length: 126
Content-Type: application/json; charset=utf-8
cache-control: no-cache

22:39:45.639 [AsyncHttpClient-1-2] DEBUG org.asynchttpclient.netty.channel.ChannelManager - Adding key: http://localhost:41373 for channel [id: 0x11763fe9, L:/127.0.0.1:54602 - R:localhost/127.0.0.1:41373]
22:39:45.641 [Forwarding getElementText on session 327b04565ce3a8b029101fb842e2edab to remote] DEBUG org.asynchttpclient.netty.request.NettyRequestSender - Using pooled Channel '[id: 0x11763fe9, L:/127.0.0.1:54602 - R:localhost/127.0.0.1:41373]' for 'GET' to 'http://localhost:41373/session/327b04565ce3a8b029101fb842e2edab/element/f.740C316873D624121D83935599F84F6B.d.14E5693911D355E7D755C10E74BD3474.e.19/text'
22:39:45.641 [Forwarding getElementText on session 327b04565ce3a8b029101fb842e2edab to remote] DEBUG org.asynchttpclient.netty.request.NettyRequestSender - Using open Channel [id: 0x11763fe9, L:/127.0.0.1:54602 - R:localhost/127.0.0.1:41373] for GET '/session/327b04565ce3a8b029101fb842e2edab/element/f.740C316873D624121D83935599F84F6B.d.14E5693911D355E7D755C10E74BD3474.e.19/text'
22:39:45.660 [AsyncHttpClient-1-2] DEBUG org.asynchttpclient.netty.handler.HttpHandler - 

Request DefaultFullHttpRequest(decodeResult: success, version: HTTP/1.1, content: EmptyByteBufBE)
GET /session/327b04565ce3a8b029101fb842e2edab/element/f.740C316873D624121D83935599F84F6B.d.14E5693911D355E7D755C10E74BD3474.e.19/text HTTP/1.1
Cache-Control: no-cache
User-Agent: selenium/4.12.0 (java windows)
Content-Type: application/json; charset=utf-8
host: localhost:41373
accept: */*

Response DefaultHttpResponse(decodeResult: success, version: HTTP/1.1)
HTTP/1.1 200 OK
Content-Length: 33
Content-Type: application/json; charset=utf-8
cache-control: no-cache

22:39:45.662 [AsyncHttpClient-1-2] DEBUG org.asynchttpclient.netty.channel.ChannelManager - Adding key: http://localhost:41373 for channel [id: 0x11763fe9, L:/127.0.0.1:54602 - R:localhost/127.0.0.1:41373]
22:39:45.667 [Forwarding findElement on session 327b04565ce3a8b029101fb842e2edab to remote] DEBUG org.asynchttpclient.netty.request.NettyRequestSender - Using pooled Channel '[id: 0x11763fe9, L:/127.0.0.1:54602 - R:localhost/127.0.0.1:41373]' for 'POST' to 'http://localhost:41373/session/327b04565ce3a8b029101fb842e2edab/element'
22:39:45.667 [Forwarding findElement on session 327b04565ce3a8b029101fb842e2edab to remote] DEBUG org.asynchttpclient.netty.request.NettyRequestSender - Using open Channel [id: 0x11763fe9, L:/127.0.0.1:54602 - R:localhost/127.0.0.1:41373] for POST '/session/327b04565ce3a8b029101fb842e2edab/element'
22:39:45.684 [AsyncHttpClient-1-2] DEBUG org.asynchttpclient.netty.handler.HttpHandler - 

Request DefaultHttpRequest(decodeResult: success, version: HTTP/1.1)
POST /session/327b04565ce3a8b029101fb842e2edab/element HTTP/1.1
User-Agent: selenium/4.12.0 (java windows)
Content-Length: 74
Content-Type: application/json; charset=utf-8
host: localhost:41373
accept: */*

Response DefaultHttpResponse(decodeResult: success, version: HTTP/1.1)
HTTP/1.1 200 OK
Content-Length: 126
Content-Type: application/json; charset=utf-8
cache-control: no-cache

22:39:45.685 [AsyncHttpClient-1-2] DEBUG org.asynchttpclient.netty.channel.ChannelManager - Adding key: http://localhost:41373 for channel [id: 0x11763fe9, L:/127.0.0.1:54602 - R:localhost/127.0.0.1:41373]
22:39:45.689 [Forwarding clickElement on session 327b04565ce3a8b029101fb842e2edab to remote] DEBUG org.asynchttpclient.netty.request.NettyRequestSender - Using pooled Channel '[id: 0x11763fe9, L:/127.0.0.1:54602 - R:localhost/127.0.0.1:41373]' for 'POST' to 'http://localhost:41373/session/327b04565ce3a8b029101fb842e2edab/element/f.740C316873D624121D83935599F84F6B.d.14E5693911D355E7D755C10E74BD3474.e.20/click'
22:39:45.689 [Forwarding clickElement on session 327b04565ce3a8b029101fb842e2edab to remote] DEBUG org.asynchttpclient.netty.request.NettyRequestSender - Using open Channel [id: 0x11763fe9, L:/127.0.0.1:54602 - R:localhost/127.0.0.1:41373] for POST '/session/327b04565ce3a8b029101fb842e2edab/element/f.740C316873D624121D83935599F84F6B.d.14E5693911D355E7D755C10E74BD3474.e.20/click'
22:39:45.769 [AsyncHttpClient-1-2] DEBUG org.asynchttpclient.netty.handler.HttpHandler - 

Request DefaultHttpRequest(decodeResult: success, version: HTTP/1.1)
POST /session/327b04565ce3a8b029101fb842e2edab/element/f.740C316873D624121D83935599F84F6B.d.14E5693911D355E7D755C10E74BD3474.e.20/click HTTP/1.1
User-Agent: selenium/4.12.0 (java windows)
Content-Length: 88
Content-Type: application/json; charset=utf-8
host: localhost:41373
accept: */*

Response DefaultHttpResponse(decodeResult: success, version: HTTP/1.1)
HTTP/1.1 200 OK
Content-Length: 14
Content-Type: application/json; charset=utf-8
cache-control: no-cache

22:39:45.769 [AsyncHttpClient-1-2] DEBUG org.asynchttpclient.netty.channel.ChannelManager - Adding key: http://localhost:41373 for channel [id: 0x11763fe9, L:/127.0.0.1:54602 - R:localhost/127.0.0.1:41373]
22:39:46.491 [AsyncHttpClient-1-1] DEBUG org.asynchttpclient.netty.channel.DefaultChannelPool - Entry count for : http://localhost:54603 : 1
22:39:46.491 [AsyncHttpClient-1-1] DEBUG org.asynchttpclient.netty.channel.DefaultChannelPool - Entry count for : http://localhost:41373 : 1
22:39:47.586 [AsyncHttpClient-1-1] DEBUG org.asynchttpclient.netty.channel.DefaultChannelPool - Entry count for : http://localhost:54603 : 1
22:39:47.586 [AsyncHttpClient-1-1] DEBUG org.asynchttpclient.netty.channel.DefaultChannelPool - Entry count for : http://localhost:41373 : 1
22:39:48.682 [AsyncHttpClient-1-1] DEBUG org.asynchttpclient.netty.channel.DefaultChannelPool - Entry count for : http://localhost:54603 : 1
22:39:48.682 [AsyncHttpClient-1-1] DEBUG org.asynchttpclient.netty.channel.DefaultChannelPool - Entry count for : http://localhost:41373 : 1
screen shot class not taking
  Given Open dashboardfokisaj290@edectus.com and Fleet@123 # StepDefination.My_Load.I_am_on_dashboard(java.lang.String,java.lang.String)
22:39:49.784 [AsyncHttpClient-1-1] DEBUG org.asynchttpclient.netty.channel.DefaultChannelPool - Entry count for : http://localhost:54603 : 1
22:39:49.784 [AsyncHttpClient-1-1] DEBUG org.asynchttpclient.netty.channel.DefaultChannelPool - Entry count for : http://localhost:41373 : 1
22:39:50.296 [Forwarding findElement on session 327b04565ce3a8b029101fb842e2edab to remote] DEBUG org.asynchttpclient.netty.request.NettyRequestSender - Using pooled Channel '[id: 0x11763fe9, L:/127.0.0.1:54602 - R:localhost/127.0.0.1:41373]' for 'POST' to 'http://localhost:41373/session/327b04565ce3a8b029101fb842e2edab/element'
22:39:50.296 [Forwarding findElement on session 327b04565ce3a8b029101fb842e2edab to remote] DEBUG org.asynchttpclient.netty.request.NettyRequestSender - Using open Channel [id: 0x11763fe9, L:/127.0.0.1:54602 - R:localhost/127.0.0.1:41373] for POST '/session/327b04565ce3a8b029101fb842e2edab/element'
22:39:50.321 [AsyncHttpClient-1-2] DEBUG org.asynchttpclient.netty.handler.HttpHandler - 

Request DefaultHttpRequest(decodeResult: success, version: HTTP/1.1)
POST /session/327b04565ce3a8b029101fb842e2edab/element HTTP/1.1
User-Agent: selenium/4.12.0 (java windows)
Content-Length: 71
Content-Type: application/json; charset=utf-8
host: localhost:41373
accept: */*

Response DefaultHttpResponse(decodeResult: success, version: HTTP/1.1)
HTTP/1.1 200 OK
Content-Length: 126
Content-Type: application/json; charset=utf-8
cache-control: no-cache

22:39:50.321 [AsyncHttpClient-1-2] DEBUG org.asynchttpclient.netty.channel.ChannelManager - Adding key: http://localhost:41373 for channel [id: 0x11763fe9, L:/127.0.0.1:54602 - R:localhost/127.0.0.1:41373]
22:39:50.328 [Forwarding clickElement on session 327b04565ce3a8b029101fb842e2edab to remote] DEBUG org.asynchttpclient.netty.request.NettyRequestSender - Using pooled Channel '[id: 0x11763fe9, L:/127.0.0.1:54602 - R:localhost/127.0.0.1:41373]' for 'POST' to 'http://localhost:41373/session/327b04565ce3a8b029101fb842e2edab/element/f.740C316873D624121D83935599F84F6B.d.716848B0F36A5552353690821FF4D283.e.31/click'
22:39:50.328 [Forwarding clickElement on session 327b04565ce3a8b029101fb842e2edab to remote] DEBUG org.asynchttpclient.netty.request.NettyRequestSender - Using open Channel [id: 0x11763fe9, L:/127.0.0.1:54602 - R:localhost/127.0.0.1:41373] for POST '/session/327b04565ce3a8b029101fb842e2edab/element/f.740C316873D624121D83935599F84F6B.d.716848B0F36A5552353690821FF4D283.e.31/click'
22:39:50.480 [AsyncHttpClient-1-2] DEBUG org.asynchttpclient.netty.handler.HttpHandler - 

Request DefaultHttpRequest(decodeResult: success, version: HTTP/1.1)
POST /session/327b04565ce3a8b029101fb842e2edab/element/f.740C316873D624121D83935599F84F6B.d.716848B0F36A5552353690821FF4D283.e.31/click HTTP/1.1
User-Agent: selenium/4.12.0 (java windows)
Content-Length: 88
Content-Type: application/json; charset=utf-8
host: localhost:41373
accept: */*

Response DefaultHttpResponse(decodeResult: success, version: HTTP/1.1)
HTTP/1.1 200 OK
Content-Length: 14
Content-Type: application/json; charset=utf-8
cache-control: no-cache

22:39:50.488 [AsyncHttpClient-1-2] DEBUG org.asynchttpclient.netty.channel.ChannelManager - Adding key: http://localhost:41373 for channel [id: 0x11763fe9, L:/127.0.0.1:54602 - R:localhost/127.0.0.1:41373]
  And Tap on My_load sub module                            # StepDefination.My_Load.Tap_on_My_load_sub_module()
22:39:50.881 [AsyncHttpClient-1-1] DEBUG org.asynchttpclient.netty.channel.DefaultChannelPool - Entry count for : http://localhost:54603 : 1
22:39:50.881 [AsyncHttpClient-1-1] DEBUG org.asynchttpclient.netty.channel.DefaultChannelPool - Entry count for : http://localhost:41373 : 1
22:39:51.980 [AsyncHttpClient-1-1] DEBUG org.asynchttpclient.netty.channel.DefaultChannelPool - Entry count for : http://localhost:54603 : 1
22:39:51.980 [AsyncHttpClient-1-1] DEBUG org.asynchttpclient.netty.channel.DefaultChannelPool - Entry count for : http://localhost:41373 : 1
22:39:51.996 [Forwarding findElement on session 327b04565ce3a8b029101fb842e2edab to remote] DEBUG org.asynchttpclient.netty.request.NettyRequestSender - Using pooled Channel '[id: 0x11763fe9, L:/127.0.0.1:54602 - R:localhost/127.0.0.1:41373]' for 'POST' to 'http://localhost:41373/session/327b04565ce3a8b029101fb842e2edab/element'
22:39:51.996 [Forwarding findElement on session 327b04565ce3a8b029101fb842e2edab to remote] DEBUG org.asynchttpclient.netty.request.NettyRequestSender - Using open Channel [id: 0x11763fe9, L:/127.0.0.1:54602 - R:localhost/127.0.0.1:41373] for POST '/session/327b04565ce3a8b029101fb842e2edab/element'
22:39:52.028 [AsyncHttpClient-1-2] DEBUG org.asynchttpclient.netty.handler.HttpHandler - 

Request DefaultHttpRequest(decodeResult: success, version: HTTP/1.1)
POST /session/327b04565ce3a8b029101fb842e2edab/element HTTP/1.1
User-Agent: selenium/4.12.0 (java windows)
Content-Length: 77
Content-Type: application/json; charset=utf-8
host: localhost:41373
accept: */*

Response DefaultHttpResponse(decodeResult: success, version: HTTP/1.1)
HTTP/1.1 200 OK
Content-Length: 126
Content-Type: application/json; charset=utf-8
cache-control: no-cache

22:39:52.028 [AsyncHttpClient-1-2] DEBUG org.asynchttpclient.netty.channel.ChannelManager - Adding key: http://localhost:41373 for channel [id: 0x11763fe9, L:/127.0.0.1:54602 - R:localhost/127.0.0.1:41373]
22:39:52.036 [Forwarding clickElement on session 327b04565ce3a8b029101fb842e2edab to remote] DEBUG org.asynchttpclient.netty.request.NettyRequestSender - Using pooled Channel '[id: 0x11763fe9, L:/127.0.0.1:54602 - R:localhost/127.0.0.1:41373]' for 'POST' to 'http://localhost:41373/session/327b04565ce3a8b029101fb842e2edab/element/f.740C316873D624121D83935599F84F6B.d.716848B0F36A5552353690821FF4D283.e.36/click'
22:39:52.036 [Forwarding clickElement on session 327b04565ce3a8b029101fb842e2edab to remote] DEBUG org.asynchttpclient.netty.request.NettyRequestSender - Using open Channel [id: 0x11763fe9, L:/127.0.0.1:54602 - R:localhost/127.0.0.1:41373] for POST '/session/327b04565ce3a8b029101fb842e2edab/element/f.740C316873D624121D83935599F84F6B.d.716848B0F36A5552353690821FF4D283.e.36/click'
22:39:52.356 [AsyncHttpClient-1-2] DEBUG org.asynchttpclient.netty.handler.HttpHandler - 

Request DefaultHttpRequest(decodeResult: success, version: HTTP/1.1)
POST /session/327b04565ce3a8b029101fb842e2edab/element/f.740C316873D624121D83935599F84F6B.d.716848B0F36A5552353690821FF4D283.e.36/click HTTP/1.1
User-Agent: selenium/4.12.0 (java windows)
Content-Length: 88
Content-Type: application/json; charset=utf-8
host: localhost:41373
accept: */*

Response DefaultHttpResponse(decodeResult: success, version: HTTP/1.1)
HTTP/1.1 200 OK
Content-Length: 14
Content-Type: application/json; charset=utf-8
cache-control: no-cache

22:39:52.356 [AsyncHttpClient-1-2] DEBUG org.asynchttpclient.netty.channel.ChannelManager - Adding key: http://localhost:41373 for channel [id: 0x11763fe9, L:/127.0.0.1:54602 - R:localhost/127.0.0.1:41373]
  And Open Load form                                       # StepDefination.My_Load.Open_Load_Form()
22:39:53.080 [AsyncHttpClient-1-1] DEBUG org.asynchttpclient.netty.channel.DefaultChannelPool - Entry count for : http://localhost:54603 : 1
22:39:53.080 [AsyncHttpClient-1-1] DEBUG org.asynchttpclient.netty.channel.DefaultChannelPool - Entry count for : http://localhost:41373 : 1
22:39:53.377 [Forwarding findElement on session 327b04565ce3a8b029101fb842e2edab to remote] DEBUG org.asynchttpclient.netty.request.NettyRequestSender - Using pooled Channel '[id: 0x11763fe9, L:/127.0.0.1:54602 - R:localhost/127.0.0.1:41373]' for 'POST' to 'http://localhost:41373/session/327b04565ce3a8b029101fb842e2edab/element'
22:39:53.377 [Forwarding findElement on session 327b04565ce3a8b029101fb842e2edab to remote] DEBUG org.asynchttpclient.netty.request.NettyRequestSender - Using open Channel [id: 0x11763fe9, L:/127.0.0.1:54602 - R:localhost/127.0.0.1:41373] for POST '/session/327b04565ce3a8b029101fb842e2edab/element'
22:39:53.425 [AsyncHttpClient-1-2] DEBUG org.asynchttpclient.netty.handler.HttpHandler - 

Request DefaultHttpRequest(decodeResult: success, version: HTTP/1.1)
POST /session/327b04565ce3a8b029101fb842e2edab/element HTTP/1.1
User-Agent: selenium/4.12.0 (java windows)
Content-Length: 83
Content-Type: application/json; charset=utf-8
host: localhost:41373
accept: */*

Response DefaultHttpResponse(decodeResult: success, version: HTTP/1.1)
HTTP/1.1 200 OK
Content-Length: 127
Content-Type: application/json; charset=utf-8
cache-control: no-cache

22:39:53.428 [AsyncHttpClient-1-2] DEBUG org.asynchttpclient.netty.channel.ChannelManager - Adding key: http://localhost:41373 for channel [id: 0x11763fe9, L:/127.0.0.1:54602 - R:localhost/127.0.0.1:41373]
22:39:53.428 [Forwarding clickElement on session 327b04565ce3a8b029101fb842e2edab to remote] DEBUG org.asynchttpclient.netty.request.NettyRequestSender - Using pooled Channel '[id: 0x11763fe9, L:/127.0.0.1:54602 - R:localhost/127.0.0.1:41373]' for 'POST' to 'http://localhost:41373/session/327b04565ce3a8b029101fb842e2edab/element/f.740C316873D624121D83935599F84F6B.d.716848B0F36A5552353690821FF4D283.e.100/click'
22:39:53.428 [Forwarding clickElement on session 327b04565ce3a8b029101fb842e2edab to remote] DEBUG org.asynchttpclient.netty.request.NettyRequestSender - Using open Channel [id: 0x11763fe9, L:/127.0.0.1:54602 - R:localhost/127.0.0.1:41373] for POST '/session/327b04565ce3a8b029101fb842e2edab/element/f.740C316873D624121D83935599F84F6B.d.716848B0F36A5552353690821FF4D283.e.100/click'
22:39:53.634 [AsyncHttpClient-1-2] DEBUG org.asynchttpclient.netty.handler.HttpHandler - 

Request DefaultHttpRequest(decodeResult: success, version: HTTP/1.1)
POST /session/327b04565ce3a8b029101fb842e2edab/element/f.740C316873D624121D83935599F84F6B.d.716848B0F36A5552353690821FF4D283.e.100/click HTTP/1.1
User-Agent: selenium/4.12.0 (java windows)
Content-Length: 89
Content-Type: application/json; charset=utf-8
host: localhost:41373
accept: */*

Response DefaultHttpResponse(decodeResult: success, version: HTTP/1.1)
HTTP/1.1 200 OK
Content-Length: 14
Content-Type: application/json; charset=utf-8
cache-control: no-cache

22:39:53.634 [AsyncHttpClient-1-2] DEBUG org.asynchttpclient.netty.channel.ChannelManager - Adding key: http://localhost:41373 for channel [id: 0x11763fe9, L:/127.0.0.1:54602 - R:localhost/127.0.0.1:41373]
  And Provide load and transport type FTL (Full Truckload) # StepDefination.My_Load.Provide_transport_type(java.lang.String)
22:39:54.184 [AsyncHttpClient-1-1] DEBUG org.asynchttpclient.netty.channel.DefaultChannelPool - Entry count for : http://localhost:54603 : 1
22:39:54.184 [AsyncHttpClient-1-1] DEBUG org.asynchttpclient.netty.channel.DefaultChannelPool - Entry count for : http://localhost:41373 : 1
22:39:54.653 [Forwarding findElement on session 327b04565ce3a8b029101fb842e2edab to remote] DEBUG org.asynchttpclient.netty.request.NettyRequestSender - Using pooled Channel '[id: 0x11763fe9, L:/127.0.0.1:54602 - R:localhost/127.0.0.1:41373]' for 'POST' to 'http://localhost:41373/session/327b04565ce3a8b029101fb842e2edab/element'
22:39:54.653 [Forwarding findElement on session 327b04565ce3a8b029101fb842e2edab to remote] DEBUG org.asynchttpclient.netty.request.NettyRequestSender - Using open Channel [id: 0x11763fe9, L:/127.0.0.1:54602 - R:localhost/127.0.0.1:41373] for POST '/session/327b04565ce3a8b029101fb842e2edab/element'
22:39:54.685 [AsyncHttpClient-1-2] DEBUG org.asynchttpclient.netty.handler.HttpHandler - 

Request DefaultHttpRequest(decodeResult: success, version: HTTP/1.1)
POST /session/327b04565ce3a8b029101fb842e2edab/element HTTP/1.1
User-Agent: selenium/4.12.0 (java windows)
Content-Length: 119
Content-Type: application/json; charset=utf-8
host: localhost:41373
accept: */*

Response DefaultHttpResponse(decodeResult: success, version: HTTP/1.1)
HTTP/1.1 200 OK
Content-Length: 126
Content-Type: application/json; charset=utf-8
cache-control: no-cache

22:39:54.685 [AsyncHttpClient-1-2] DEBUG org.asynchttpclient.netty.channel.ChannelManager - Adding key: http://localhost:41373 for channel [id: 0x11763fe9, L:/127.0.0.1:54602 - R:localhost/127.0.0.1:41373]
22:39:54.685 [Forwarding clickElement on session 327b04565ce3a8b029101fb842e2edab to remote] DEBUG org.asynchttpclient.netty.request.NettyRequestSender - Using pooled Channel '[id: 0x11763fe9, L:/127.0.0.1:54602 - R:localhost/127.0.0.1:41373]' for 'POST' to 'http://localhost:41373/session/327b04565ce3a8b029101fb842e2edab/element/f.740C316873D624121D83935599F84F6B.d.716848B0F36A5552353690821FF4D283.e.85/click'
22:39:54.685 [Forwarding clickElement on session 327b04565ce3a8b029101fb842e2edab to remote] DEBUG org.asynchttpclient.netty.request.NettyRequestSender - Using open Channel [id: 0x11763fe9, L:/127.0.0.1:54602 - R:localhost/127.0.0.1:41373] for POST '/session/327b04565ce3a8b029101fb842e2edab/element/f.740C316873D624121D83935599F84F6B.d.716848B0F36A5552353690821FF4D283.e.85/click'
22:39:54.896 [AsyncHttpClient-1-2] DEBUG org.asynchttpclient.netty.handler.HttpHandler - 

Request DefaultHttpRequest(decodeResult: success, version: HTTP/1.1)
POST /session/327b04565ce3a8b029101fb842e2edab/element/f.740C316873D624121D83935599F84F6B.d.716848B0F36A5552353690821FF4D283.e.85/click HTTP/1.1
User-Agent: selenium/4.12.0 (java windows)
Content-Length: 88
Content-Type: application/json; charset=utf-8
host: localhost:41373
accept: */*

Response DefaultHttpResponse(decodeResult: success, version: HTTP/1.1)
HTTP/1.1 200 OK
Content-Length: 14
Content-Type: application/json; charset=utf-8
cache-control: no-cache

22:39:54.896 [AsyncHttpClient-1-2] DEBUG org.asynchttpclient.netty.channel.ChannelManager - Adding key: http://localhost:41373 for channel [id: 0x11763fe9, L:/127.0.0.1:54602 - R:localhost/127.0.0.1:41373]
22:39:54.904 [Forwarding findElements on session 327b04565ce3a8b029101fb842e2edab to remote] DEBUG org.asynchttpclient.netty.request.NettyRequestSender - Using pooled Channel '[id: 0x11763fe9, L:/127.0.0.1:54602 - R:localhost/127.0.0.1:41373]' for 'POST' to 'http://localhost:41373/session/327b04565ce3a8b029101fb842e2edab/elements'
22:39:54.904 [Forwarding findElements on session 327b04565ce3a8b029101fb842e2edab to remote] DEBUG org.asynchttpclient.netty.request.NettyRequestSender - Using open Channel [id: 0x11763fe9, L:/127.0.0.1:54602 - R:localhost/127.0.0.1:41373] for POST '/session/327b04565ce3a8b029101fb842e2edab/elements'
22:39:54.944 [AsyncHttpClient-1-2] DEBUG org.asynchttpclient.netty.handler.HttpHandler - 

Request DefaultHttpRequest(decodeResult: success, version: HTTP/1.1)
POST /session/327b04565ce3a8b029101fb842e2edab/elements HTTP/1.1
User-Agent: selenium/4.12.0 (java windows)
Content-Length: 97
Content-Type: application/json; charset=utf-8
host: localhost:41373
accept: */*

Response DefaultHttpResponse(decodeResult: success, version: HTTP/1.1)
HTTP/1.1 200 OK
Content-Length: 5557
Content-Type: application/json; charset=utf-8
cache-control: no-cache

22:39:54.944 [AsyncHttpClient-1-2] DEBUG org.asynchttpclient.netty.channel.ChannelManager - Adding key: http://localhost:41373 for channel [id: 0x11763fe9, L:/127.0.0.1:54602 - R:localhost/127.0.0.1:41373]
22:39:54.960 [Forwarding findElement on session 327b04565ce3a8b029101fb842e2edab to remote] DEBUG org.asynchttpclient.netty.request.NettyRequestSender - Using pooled Channel '[id: 0x11763fe9, L:/127.0.0.1:54602 - R:localhost/127.0.0.1:41373]' for 'POST' to 'http://localhost:41373/session/327b04565ce3a8b029101fb842e2edab/element'
22:39:54.960 [Forwarding findElement on session 327b04565ce3a8b029101fb842e2edab to remote] DEBUG org.asynchttpclient.netty.request.NettyRequestSender - Using open Channel [id: 0x11763fe9, L:/127.0.0.1:54602 - R:localhost/127.0.0.1:41373] for POST '/session/327b04565ce3a8b029101fb842e2edab/element'
22:39:54.992 [AsyncHttpClient-1-2] DEBUG org.asynchttpclient.netty.handler.HttpHandler - 

Request DefaultHttpRequest(decodeResult: success, version: HTTP/1.1)
POST /session/327b04565ce3a8b029101fb842e2edab/element HTTP/1.1
User-Agent: selenium/4.12.0 (java windows)
Content-Length: 97
Content-Type: application/json; charset=utf-8
host: localhost:41373
accept: */*

Response DefaultHttpResponse(decodeResult: success, version: HTTP/1.1)
HTTP/1.1 200 OK
Content-Length: 127
Content-Type: application/json; charset=utf-8
cache-control: no-cache

22:39:54.992 [AsyncHttpClient-1-2] DEBUG org.asynchttpclient.netty.channel.ChannelManager - Adding key: http://localhost:41373 for channel [id: 0x11763fe9, L:/127.0.0.1:54602 - R:localhost/127.0.0.1:41373]
22:39:55.000 [Forwarding clickElement on session 327b04565ce3a8b029101fb842e2edab to remote] DEBUG org.asynchttpclient.netty.request.NettyRequestSender - Using pooled Channel '[id: 0x11763fe9, L:/127.0.0.1:54602 - R:localhost/127.0.0.1:41373]' for 'POST' to 'http://localhost:41373/session/327b04565ce3a8b029101fb842e2edab/element/f.740C316873D624121D83935599F84F6B.d.716848B0F36A5552353690821FF4D283.e.103/click'
22:39:55.000 [Forwarding clickElement on session 327b04565ce3a8b029101fb842e2edab to remote] DEBUG org.asynchttpclient.netty.request.NettyRequestSender - Using open Channel [id: 0x11763fe9, L:/127.0.0.1:54602 - R:localhost/127.0.0.1:41373] for POST '/session/327b04565ce3a8b029101fb842e2edab/element/f.740C316873D624121D83935599F84F6B.d.716848B0F36A5552353690821FF4D283.e.103/click'
22:39:55.209 [AsyncHttpClient-1-2] DEBUG org.asynchttpclient.netty.handler.HttpHandler - 

Request DefaultHttpRequest(decodeResult: success, version: HTTP/1.1)
POST /session/327b04565ce3a8b029101fb842e2edab/element/f.740C316873D624121D83935599F84F6B.d.716848B0F36A5552353690821FF4D283.e.103/click HTTP/1.1
User-Agent: selenium/4.12.0 (java windows)
Content-Length: 89
Content-Type: application/json; charset=utf-8
host: localhost:41373
accept: */*

Response DefaultHttpResponse(decodeResult: success, version: HTTP/1.1)
HTTP/1.1 200 OK
Content-Length: 14
Content-Type: application/json; charset=utf-8
cache-control: no-cache

22:39:55.217 [AsyncHttpClient-1-2] DEBUG org.asynchttpclient.netty.channel.ChannelManager - Adding key: http://localhost:41373 for channel [id: 0x11763fe9, L:/127.0.0.1:54602 - R:localhost/127.0.0.1:41373]
Add first 1
  And Provide billing details NA                           # StepDefination.My_Load.Provide_billing_details(java.lang.String)
22:39:55.281 [AsyncHttpClient-1-1] DEBUG org.asynchttpclient.netty.channel.DefaultChannelPool - Entry count for : http://localhost:54603 : 1
22:39:55.281 [AsyncHttpClient-1-1] DEBUG org.asynchttpclient.netty.channel.DefaultChannelPool - Entry count for : http://localhost:41373 : 1
22:39:55.725 [Forwarding findElement on session 327b04565ce3a8b029101fb842e2edab to remote] DEBUG org.asynchttpclient.netty.request.NettyRequestSender - Using pooled Channel '[id: 0x11763fe9, L:/127.0.0.1:54602 - R:localhost/127.0.0.1:41373]' for 'POST' to 'http://localhost:41373/session/327b04565ce3a8b029101fb842e2edab/element'
22:39:55.725 [Forwarding findElement on session 327b04565ce3a8b029101fb842e2edab to remote] DEBUG org.asynchttpclient.netty.request.NettyRequestSender - Using open Channel [id: 0x11763fe9, L:/127.0.0.1:54602 - R:localhost/127.0.0.1:41373] for POST '/session/327b04565ce3a8b029101fb842e2edab/element'
22:39:55.750 [AsyncHttpClient-1-2] DEBUG org.asynchttpclient.netty.handler.HttpHandler - 

Request DefaultHttpRequest(decodeResult: success, version: HTTP/1.1)
POST /session/327b04565ce3a8b029101fb842e2edab/element HTTP/1.1
User-Agent: selenium/4.12.0 (java windows)
Content-Length: 86
Content-Type: application/json; charset=utf-8
host: localhost:41373
accept: */*

Response DefaultHttpResponse(decodeResult: success, version: HTTP/1.1)
HTTP/1.1 200 OK
Content-Length: 126
Content-Type: application/json; charset=utf-8
cache-control: no-cache

22:39:55.750 [AsyncHttpClient-1-2] DEBUG org.asynchttpclient.netty.channel.ChannelManager - Adding key: http://localhost:41373 for channel [id: 0x11763fe9, L:/127.0.0.1:54602 - R:localhost/127.0.0.1:41373]
22:39:55.758 [Forwarding sendKeysToElement on session 327b04565ce3a8b029101fb842e2edab to remote] DEBUG org.asynchttpclient.netty.request.NettyRequestSender - Using pooled Channel '[id: 0x11763fe9, L:/127.0.0.1:54602 - R:localhost/127.0.0.1:41373]' for 'POST' to 'http://localhost:41373/session/327b04565ce3a8b029101fb842e2edab/element/f.740C316873D624121D83935599F84F6B.d.716848B0F36A5552353690821FF4D283.e.86/value'
22:39:55.758 [Forwarding sendKeysToElement on session 327b04565ce3a8b029101fb842e2edab to remote] DEBUG org.asynchttpclient.netty.request.NettyRequestSender - Using open Channel [id: 0x11763fe9, L:/127.0.0.1:54602 - R:localhost/127.0.0.1:41373] for POST '/session/327b04565ce3a8b029101fb842e2edab/element/f.740C316873D624121D83935599F84F6B.d.716848B0F36A5552353690821FF4D283.e.86/value'
22:39:55.991 [AsyncHttpClient-1-2] DEBUG org.asynchttpclient.netty.handler.HttpHandler - 

Request DefaultHttpRequest(decodeResult: success, version: HTTP/1.1)
POST /session/327b04565ce3a8b029101fb842e2edab/element/f.740C316873D624121D83935599F84F6B.d.716848B0F36A5552353690821FF4D283.e.86/value HTTP/1.1
User-Agent: selenium/4.12.0 (java windows)
Content-Length: 159
Content-Type: application/json; charset=utf-8
host: localhost:41373
accept: */*

Response DefaultHttpResponse(decodeResult: success, version: HTTP/1.1)
HTTP/1.1 200 OK
Content-Length: 14
Content-Type: application/json; charset=utf-8
cache-control: no-cache

22:39:55.991 [AsyncHttpClient-1-2] DEBUG org.asynchttpclient.netty.channel.ChannelManager - Adding key: http://localhost:41373 for channel [id: 0x11763fe9, L:/127.0.0.1:54602 - R:localhost/127.0.0.1:41373]
22:39:56.023 [Forwarding findElement on session 327b04565ce3a8b029101fb842e2edab to remote] DEBUG org.asynchttpclient.netty.request.NettyRequestSender - Using pooled Channel '[id: 0x11763fe9, L:/127.0.0.1:54602 - R:localhost/127.0.0.1:41373]' for 'POST' to 'http://localhost:41373/session/327b04565ce3a8b029101fb842e2edab/element'
22:39:56.023 [Forwarding findElement on session 327b04565ce3a8b029101fb842e2edab to remote] DEBUG org.asynchttpclient.netty.request.NettyRequestSender - Using open Channel [id: 0x11763fe9, L:/127.0.0.1:54602 - R:localhost/127.0.0.1:41373] for POST '/session/327b04565ce3a8b029101fb842e2edab/element'
22:39:56.151 [AsyncHttpClient-1-2] DEBUG org.asynchttpclient.netty.handler.HttpHandler - 

Request DefaultHttpRequest(decodeResult: success, version: HTTP/1.1)
POST /session/327b04565ce3a8b029101fb842e2edab/element HTTP/1.1
User-Agent: selenium/4.12.0 (java windows)
Content-Length: 96
Content-Type: application/json; charset=utf-8
host: localhost:41373
accept: */*

Response DefaultHttpResponse(decodeResult: success, version: HTTP/1.1)
HTTP/1.1 200 OK
Content-Length: 127
Content-Type: application/json; charset=utf-8
cache-control: no-cache

22:39:56.151 [AsyncHttpClient-1-2] DEBUG org.asynchttpclient.netty.channel.ChannelManager - Adding key: http://localhost:41373 for channel [id: 0x11763fe9, L:/127.0.0.1:54602 - R:localhost/127.0.0.1:41373]
22:39:56.167 [Forwarding actions on session 327b04565ce3a8b029101fb842e2edab to remote] DEBUG org.asynchttpclient.netty.request.NettyRequestSender - Using pooled Channel '[id: 0x11763fe9, L:/127.0.0.1:54602 - R:localhost/127.0.0.1:41373]' for 'POST' to 'http://localhost:41373/session/327b04565ce3a8b029101fb842e2edab/actions'
22:39:56.167 [Forwarding actions on session 327b04565ce3a8b029101fb842e2edab to remote] DEBUG org.asynchttpclient.netty.request.NettyRequestSender - Using open Channel [id: 0x11763fe9, L:/127.0.0.1:54602 - R:localhost/127.0.0.1:41373] for POST '/session/327b04565ce3a8b029101fb842e2edab/actions'
22:39:56.383 [AsyncHttpClient-1-1] DEBUG org.asynchttpclient.netty.channel.DefaultChannelPool - Entry count for : http://localhost:54603 : 1
22:39:56.497 [AsyncHttpClient-1-2] DEBUG org.asynchttpclient.netty.handler.HttpHandler - 

Request DefaultHttpRequest(decodeResult: success, version: HTTP/1.1)
POST /session/327b04565ce3a8b029101fb842e2edab/actions HTTP/1.1
User-Agent: selenium/4.12.0 (java windows)
Content-Length: 606
Content-Type: application/json; charset=utf-8
host: localhost:41373
accept: */*

Response DefaultHttpResponse(decodeResult: success, version: HTTP/1.1)
HTTP/1.1 200 OK
Content-Length: 14
Content-Type: application/json; charset=utf-8
cache-control: no-cache

22:39:56.497 [AsyncHttpClient-1-2] DEBUG org.asynchttpclient.netty.channel.ChannelManager - Adding key: http://localhost:41373 for channel [id: 0x11763fe9, L:/127.0.0.1:54602 - R:localhost/127.0.0.1:41373]
  And Provide multiples_Po_number 1144 1                   # StepDefination.My_Load.Provide_multiples_Po_number(java.lang.String,int)
22:39:57.491 [AsyncHttpClient-1-1] DEBUG org.asynchttpclient.netty.channel.DefaultChannelPool - Entry count for : http://localhost:54603 : 1
22:39:57.491 [AsyncHttpClient-1-1] DEBUG org.asynchttpclient.netty.channel.DefaultChannelPool - Entry count for : http://localhost:41373 : 1
22:39:57.523 [Forwarding findElement on session 327b04565ce3a8b029101fb842e2edab to remote] DEBUG org.asynchttpclient.netty.request.NettyRequestSender - Using pooled Channel '[id: 0x11763fe9, L:/127.0.0.1:54602 - R:localhost/127.0.0.1:41373]' for 'POST' to 'http://localhost:41373/session/327b04565ce3a8b029101fb842e2edab/element'
22:39:57.523 [Forwarding findElement on session 327b04565ce3a8b029101fb842e2edab to remote] DEBUG org.asynchttpclient.netty.request.NettyRequestSender - Using open Channel [id: 0x11763fe9, L:/127.0.0.1:54602 - R:localhost/127.0.0.1:41373] for POST '/session/327b04565ce3a8b029101fb842e2edab/element'
22:39:57.572 [AsyncHttpClient-1-2] DEBUG org.asynchttpclient.netty.handler.HttpHandler - 

Request DefaultHttpRequest(decodeResult: success, version: HTTP/1.1)
POST /session/327b04565ce3a8b029101fb842e2edab/element HTTP/1.1
User-Agent: selenium/4.12.0 (java windows)
Content-Length: 98
Content-Type: application/json; charset=utf-8
host: localhost:41373
accept: */*

Response DefaultHttpResponse(decodeResult: success, version: HTTP/1.1)
HTTP/1.1 200 OK
Content-Length: 126
Content-Type: application/json; charset=utf-8
cache-control: no-cache

22:39:57.572 [AsyncHttpClient-1-2] DEBUG org.asynchttpclient.netty.channel.ChannelManager - Adding key: http://localhost:41373 for channel [id: 0x11763fe9, L:/127.0.0.1:54602 - R:localhost/127.0.0.1:41373]
22:39:57.588 [Forwarding sendKeysToElement on session 327b04565ce3a8b029101fb842e2edab to remote] DEBUG org.asynchttpclient.netty.request.NettyRequestSender - Using pooled Channel '[id: 0x11763fe9, L:/127.0.0.1:54602 - R:localhost/127.0.0.1:41373]' for 'POST' to 'http://localhost:41373/session/327b04565ce3a8b029101fb842e2edab/element/f.740C316873D624121D83935599F84F6B.d.716848B0F36A5552353690821FF4D283.e.87/value'
22:39:57.588 [Forwarding sendKeysToElement on session 327b04565ce3a8b029101fb842e2edab to remote] DEBUG org.asynchttpclient.netty.request.NettyRequestSender - Using open Channel [id: 0x11763fe9, L:/127.0.0.1:54602 - R:localhost/127.0.0.1:41373] for POST '/session/327b04565ce3a8b029101fb842e2edab/element/f.740C316873D624121D83935599F84F6B.d.716848B0F36A5552353690821FF4D283.e.87/value'
22:39:57.981 [AsyncHttpClient-1-2] DEBUG org.asynchttpclient.netty.handler.HttpHandler - 

Request DefaultHttpRequest(decodeResult: success, version: HTTP/1.1)
POST /session/327b04565ce3a8b029101fb842e2edab/element/f.740C316873D624121D83935599F84F6B.d.716848B0F36A5552353690821FF4D283.e.87/value HTTP/1.1
User-Agent: selenium/4.12.0 (java windows)
Content-Length: 169
Content-Type: application/json; charset=utf-8
host: localhost:41373
accept: */*

Response DefaultHttpResponse(decodeResult: success, version: HTTP/1.1)
HTTP/1.1 200 OK
Content-Length: 14
Content-Type: application/json; charset=utf-8
cache-control: no-cache

22:39:57.981 [AsyncHttpClient-1-2] DEBUG org.asynchttpclient.netty.channel.ChannelManager - Adding key: http://localhost:41373 for channel [id: 0x11763fe9, L:/127.0.0.1:54602 - R:localhost/127.0.0.1:41373]
  And Provide order_number 23142                           # StepDefination.My_Load.Provide_order_number(java.lang.String)
22:39:58.492 [Forwarding findElement on session 327b04565ce3a8b029101fb842e2edab to remote] DEBUG org.asynchttpclient.netty.request.NettyRequestSender - Using pooled Channel '[id: 0x11763fe9, L:/127.0.0.1:54602 - R:localhost/127.0.0.1:41373]' for 'POST' to 'http://localhost:41373/session/327b04565ce3a8b029101fb842e2edab/element'
22:39:58.492 [Forwarding findElement on session 327b04565ce3a8b029101fb842e2edab to remote] DEBUG org.asynchttpclient.netty.request.NettyRequestSender - Using open Channel [id: 0x11763fe9, L:/127.0.0.1:54602 - R:localhost/127.0.0.1:41373] for POST '/session/327b04565ce3a8b029101fb842e2edab/element'
22:39:58.517 [AsyncHttpClient-1-2] DEBUG org.asynchttpclient.netty.handler.HttpHandler - 

Request DefaultHttpRequest(decodeResult: success, version: HTTP/1.1)
POST /session/327b04565ce3a8b029101fb842e2edab/element HTTP/1.1
User-Agent: selenium/4.12.0 (java windows)
Content-Length: 78
Content-Type: application/json; charset=utf-8
host: localhost:41373
accept: */*

Response DefaultHttpResponse(decodeResult: success, version: HTTP/1.1)
HTTP/1.1 200 OK
Content-Length: 126
Content-Type: application/json; charset=utf-8
cache-control: no-cache

22:39:58.517 [AsyncHttpClient-1-2] DEBUG org.asynchttpclient.netty.channel.ChannelManager - Adding key: http://localhost:41373 for channel [id: 0x11763fe9, L:/127.0.0.1:54602 - R:localhost/127.0.0.1:41373]
22:39:58.539 [Forwarding actions on session 327b04565ce3a8b029101fb842e2edab to remote] DEBUG org.asynchttpclient.netty.request.NettyRequestSender - Using pooled Channel '[id: 0x11763fe9, L:/127.0.0.1:54602 - R:localhost/127.0.0.1:41373]' for 'POST' to 'http://localhost:41373/session/327b04565ce3a8b029101fb842e2edab/actions'
22:39:58.539 [Forwarding actions on session 327b04565ce3a8b029101fb842e2edab to remote] DEBUG org.asynchttpclient.netty.request.NettyRequestSender - Using open Channel [id: 0x11763fe9, L:/127.0.0.1:54602 - R:localhost/127.0.0.1:41373] for POST '/session/327b04565ce3a8b029101fb842e2edab/actions'
22:39:58.582 [AsyncHttpClient-1-1] DEBUG org.asynchttpclient.netty.channel.DefaultChannelPool - Entry count for : http://localhost:54603 : 1
22:39:58.726 [AsyncHttpClient-1-2] DEBUG org.asynchttpclient.netty.handler.HttpHandler - 

Request DefaultHttpRequest(decodeResult: success, version: HTTP/1.1)
POST /session/327b04565ce3a8b029101fb842e2edab/actions HTTP/1.1
User-Agent: selenium/4.12.0 (java windows)
Content-Length: 605
Content-Type: application/json; charset=utf-8
host: localhost:41373
accept: */*

Response DefaultHttpResponse(decodeResult: success, version: HTTP/1.1)
HTTP/1.1 200 OK
Content-Length: 14
Content-Type: application/json; charset=utf-8
cache-control: no-cache

22:39:58.726 [AsyncHttpClient-1-2] DEBUG org.asynchttpclient.netty.channel.ChannelManager - Adding key: http://localhost:41373 for channel [id: 0x11763fe9, L:/127.0.0.1:54602 - R:localhost/127.0.0.1:41373]
22:39:58.726 [Forwarding findElement on session 327b04565ce3a8b029101fb842e2edab to remote] DEBUG org.asynchttpclient.netty.request.NettyRequestSender - Using pooled Channel '[id: 0x11763fe9, L:/127.0.0.1:54602 - R:localhost/127.0.0.1:41373]' for 'POST' to 'http://localhost:41373/session/327b04565ce3a8b029101fb842e2edab/element'
22:39:58.726 [Forwarding findElement on session 327b04565ce3a8b029101fb842e2edab to remote] DEBUG org.asynchttpclient.netty.request.NettyRequestSender - Using open Channel [id: 0x11763fe9, L:/127.0.0.1:54602 - R:localhost/127.0.0.1:41373] for POST '/session/327b04565ce3a8b029101fb842e2edab/element'
22:39:58.759 [AsyncHttpClient-1-2] DEBUG org.asynchttpclient.netty.handler.HttpHandler - 

Request DefaultHttpRequest(decodeResult: success, version: HTTP/1.1)
POST /session/327b04565ce3a8b029101fb842e2edab/element HTTP/1.1
User-Agent: selenium/4.12.0 (java windows)
Content-Length: 75
Content-Type: application/json; charset=utf-8
host: localhost:41373
accept: */*

Response DefaultHttpResponse(decodeResult: success, version: HTTP/1.1)
HTTP/1.1 200 OK
Content-Length: 126
Content-Type: application/json; charset=utf-8
cache-control: no-cache

22:39:58.759 [AsyncHttpClient-1-2] DEBUG org.asynchttpclient.netty.channel.ChannelManager - Adding key: http://localhost:41373 for channel [id: 0x11763fe9, L:/127.0.0.1:54602 - R:localhost/127.0.0.1:41373]
22:39:58.775 [Forwarding actions on session 327b04565ce3a8b029101fb842e2edab to remote] DEBUG org.asynchttpclient.netty.request.NettyRequestSender - Using pooled Channel '[id: 0x11763fe9, L:/127.0.0.1:54602 - R:localhost/127.0.0.1:41373]' for 'POST' to 'http://localhost:41373/session/327b04565ce3a8b029101fb842e2edab/actions'
22:39:58.775 [Forwarding actions on session 327b04565ce3a8b029101fb842e2edab to remote] DEBUG org.asynchttpclient.netty.request.NettyRequestSender - Using open Channel [id: 0x11763fe9, L:/127.0.0.1:54602 - R:localhost/127.0.0.1:41373] for POST '/session/327b04565ce3a8b029101fb842e2edab/actions'
22:39:58.952 [AsyncHttpClient-1-2] DEBUG org.asynchttpclient.netty.handler.HttpHandler - 

Request DefaultHttpRequest(decodeResult: success, version: HTTP/1.1)
POST /session/327b04565ce3a8b029101fb842e2edab/actions HTTP/1.1
User-Agent: selenium/4.12.0 (java windows)
Content-Length: 605
Content-Type: application/json; charset=utf-8
host: localhost:41373
accept: */*

Response DefaultHttpResponse(decodeResult: success, version: HTTP/1.1)
HTTP/1.1 200 OK
Content-Length: 14
Content-Type: application/json; charset=utf-8
cache-control: no-cache

22:39:58.952 [AsyncHttpClient-1-2] DEBUG org.asynchttpclient.netty.channel.ChannelManager - Adding key: http://localhost:41373 for channel [id: 0x11763fe9, L:/127.0.0.1:54602 - R:localhost/127.0.0.1:41373]
  And Provide shipping type 2                              # StepDefination.My_Load.Provide_shipping_type(int)
22:39:59.471 [Forwarding findElement on session 327b04565ce3a8b029101fb842e2edab to remote] DEBUG org.asynchttpclient.netty.request.NettyRequestSender - Using pooled Channel '[id: 0x11763fe9, L:/127.0.0.1:54602 - R:localhost/127.0.0.1:41373]' for 'POST' to 'http://localhost:41373/session/327b04565ce3a8b029101fb842e2edab/element'
22:39:59.471 [Forwarding findElement on session 327b04565ce3a8b029101fb842e2edab to remote] DEBUG org.asynchttpclient.netty.request.NettyRequestSender - Using open Channel [id: 0x11763fe9, L:/127.0.0.1:54602 - R:localhost/127.0.0.1:41373] for POST '/session/327b04565ce3a8b029101fb842e2edab/element'
22:39:59.495 [AsyncHttpClient-1-2] DEBUG org.asynchttpclient.netty.handler.HttpHandler - 

Request DefaultHttpRequest(decodeResult: success, version: HTTP/1.1)
POST /session/327b04565ce3a8b029101fb842e2edab/element HTTP/1.1
User-Agent: selenium/4.12.0 (java windows)
Content-Length: 86
Content-Type: application/json; charset=utf-8
host: localhost:41373
accept: */*

Response DefaultHttpResponse(decodeResult: success, version: HTTP/1.1)
HTTP/1.1 200 OK
Content-Length: 127
Content-Type: application/json; charset=utf-8
cache-control: no-cache

22:39:59.495 [AsyncHttpClient-1-2] DEBUG org.asynchttpclient.netty.channel.ChannelManager - Adding key: http://localhost:41373 for channel [id: 0x11763fe9, L:/127.0.0.1:54602 - R:localhost/127.0.0.1:41373]
22:39:59.503 [Forwarding clickElement on session 327b04565ce3a8b029101fb842e2edab to remote] DEBUG org.asynchttpclient.netty.request.NettyRequestSender - Using pooled Channel '[id: 0x11763fe9, L:/127.0.0.1:54602 - R:localhost/127.0.0.1:41373]' for 'POST' to 'http://localhost:41373/session/327b04565ce3a8b029101fb842e2edab/element/f.740C316873D624121D83935599F84F6B.d.716848B0F36A5552353690821FF4D283.e.159/click'
22:39:59.503 [Forwarding clickElement on session 327b04565ce3a8b029101fb842e2edab to remote] DEBUG org.asynchttpclient.netty.request.NettyRequestSender - Using open Channel [id: 0x11763fe9, L:/127.0.0.1:54602 - R:localhost/127.0.0.1:41373] for POST '/session/327b04565ce3a8b029101fb842e2edab/element/f.740C316873D624121D83935599F84F6B.d.716848B0F36A5552353690821FF4D283.e.159/click'
22:39:59.680 [AsyncHttpClient-1-1] DEBUG org.asynchttpclient.netty.channel.DefaultChannelPool - Entry count for : http://localhost:54603 : 1
22:39:59.696 [AsyncHttpClient-1-2] DEBUG org.asynchttpclient.netty.handler.HttpHandler - 

Request DefaultHttpRequest(decodeResult: success, version: HTTP/1.1)
POST /session/327b04565ce3a8b029101fb842e2edab/element/f.740C316873D624121D83935599F84F6B.d.716848B0F36A5552353690821FF4D283.e.159/click HTTP/1.1
User-Agent: selenium/4.12.0 (java windows)
Content-Length: 89
Content-Type: application/json; charset=utf-8
host: localhost:41373
accept: */*

Response DefaultHttpResponse(decodeResult: success, version: HTTP/1.1)
HTTP/1.1 200 OK
Content-Length: 14
Content-Type: application/json; charset=utf-8
cache-control: no-cache

22:39:59.696 [AsyncHttpClient-1-2] DEBUG org.asynchttpclient.netty.channel.ChannelManager - Adding key: http://localhost:41373 for channel [id: 0x11763fe9, L:/127.0.0.1:54602 - R:localhost/127.0.0.1:41373]
  When Tap on submit button                                # StepDefination.My_Load.Submit_form()
22:40:00.780 [AsyncHttpClient-1-1] DEBUG org.asynchttpclient.netty.channel.DefaultChannelPool - Entry count for : http://localhost:54603 : 1
22:40:00.780 [AsyncHttpClient-1-1] DEBUG org.asynchttpclient.netty.channel.DefaultChannelPool - Entry count for : http://localhost:41373 : 1
22:40:01.887 [AsyncHttpClient-1-1] DEBUG org.asynchttpclient.netty.channel.DefaultChannelPool - Entry count for : http://localhost:54603 : 1
22:40:01.887 [AsyncHttpClient-1-1] DEBUG org.asynchttpclient.netty.channel.DefaultChannelPool - Entry count for : http://localhost:41373 : 1
22:40:02.990 [AsyncHttpClient-1-1] DEBUG org.asynchttpclient.netty.channel.DefaultChannelPool - Entry count for : http://localhost:54603 : 1
22:40:02.990 [AsyncHttpClient-1-1] DEBUG org.asynchttpclient.netty.channel.DefaultChannelPool - Entry count for : http://localhost:41373 : 1
22:40:04.089 [AsyncHttpClient-1-1] DEBUG org.asynchttpclient.netty.channel.DefaultChannelPool - Entry count for : http://localhost:54603 : 1
22:40:04.089 [AsyncHttpClient-1-1] DEBUG org.asynchttpclient.netty.channel.DefaultChannelPool - Entry count for : http://localhost:41373 : 1
22:40:04.711 [Forwarding findElement on session 327b04565ce3a8b029101fb842e2edab to remote] DEBUG org.asynchttpclient.netty.request.NettyRequestSender - Using pooled Channel '[id: 0x11763fe9, L:/127.0.0.1:54602 - R:localhost/127.0.0.1:41373]' for 'POST' to 'http://localhost:41373/session/327b04565ce3a8b029101fb842e2edab/element'
22:40:04.711 [Forwarding findElement on session 327b04565ce3a8b029101fb842e2edab to remote] DEBUG org.asynchttpclient.netty.request.NettyRequestSender - Using open Channel [id: 0x11763fe9, L:/127.0.0.1:54602 - R:localhost/127.0.0.1:41373] for POST '/session/327b04565ce3a8b029101fb842e2edab/element'
22:40:04.738 [AsyncHttpClient-1-2] DEBUG org.asynchttpclient.netty.handler.HttpHandler - 

Request DefaultHttpRequest(decodeResult: success, version: HTTP/1.1)
POST /session/327b04565ce3a8b029101fb842e2edab/element HTTP/1.1
User-Agent: selenium/4.12.0 (java windows)
Content-Length: 80
Content-Type: application/json; charset=utf-8
host: localhost:41373
accept: */*

Response DefaultHttpResponse(decodeResult: success, version: HTTP/1.1)
HTTP/1.1 200 OK
Content-Length: 127
Content-Type: application/json; charset=utf-8
cache-control: no-cache

22:40:04.738 [AsyncHttpClient-1-2] DEBUG org.asynchttpclient.netty.channel.ChannelManager - Adding key: http://localhost:41373 for channel [id: 0x11763fe9, L:/127.0.0.1:54602 - R:localhost/127.0.0.1:41373]
22:40:04.738 [Forwarding actions on session 327b04565ce3a8b029101fb842e2edab to remote] DEBUG org.asynchttpclient.netty.request.NettyRequestSender - Using pooled Channel '[id: 0x11763fe9, L:/127.0.0.1:54602 - R:localhost/127.0.0.1:41373]' for 'POST' to 'http://localhost:41373/session/327b04565ce3a8b029101fb842e2edab/actions'
22:40:04.738 [Forwarding actions on session 327b04565ce3a8b029101fb842e2edab to remote] DEBUG org.asynchttpclient.netty.request.NettyRequestSender - Using open Channel [id: 0x11763fe9, L:/127.0.0.1:54602 - R:localhost/127.0.0.1:41373] for POST '/session/327b04565ce3a8b029101fb842e2edab/actions'
22:40:04.944 [AsyncHttpClient-1-2] DEBUG org.asynchttpclient.netty.handler.HttpHandler - 

Request DefaultHttpRequest(decodeResult: success, version: HTTP/1.1)
POST /session/327b04565ce3a8b029101fb842e2edab/actions HTTP/1.1
User-Agent: selenium/4.12.0 (java windows)
Content-Length: 606
Content-Type: application/json; charset=utf-8
host: localhost:41373
accept: */*

Response DefaultHttpResponse(decodeResult: success, version: HTTP/1.1)
HTTP/1.1 200 OK
Content-Length: 14
Content-Type: application/json; charset=utf-8
cache-control: no-cache

22:40:04.944 [AsyncHttpClient-1-2] DEBUG org.asynchttpclient.netty.channel.ChannelManager - Adding key: http://localhost:41373 for channel [id: 0x11763fe9, L:/127.0.0.1:54602 - R:localhost/127.0.0.1:41373]
22:40:05.187 [AsyncHttpClient-1-1] DEBUG org.asynchttpclient.netty.channel.DefaultChannelPool - Entry count for : http://localhost:54603 : 1
22:40:05.187 [AsyncHttpClient-1-1] DEBUG org.asynchttpclient.netty.channel.DefaultChannelPool - Entry count for : http://localhost:41373 : 1
22:40:05.455 [Forwarding findElement on session 327b04565ce3a8b029101fb842e2edab to remote] DEBUG org.asynchttpclient.netty.request.NettyRequestSender - Using pooled Channel '[id: 0x11763fe9, L:/127.0.0.1:54602 - R:localhost/127.0.0.1:41373]' for 'POST' to 'http://localhost:41373/session/327b04565ce3a8b029101fb842e2edab/element'
22:40:05.455 [Forwarding findElement on session 327b04565ce3a8b029101fb842e2edab to remote] DEBUG org.asynchttpclient.netty.request.NettyRequestSender - Using open Channel [id: 0x11763fe9, L:/127.0.0.1:54602 - R:localhost/127.0.0.1:41373] for POST '/session/327b04565ce3a8b029101fb842e2edab/element'
22:40:05.478 [AsyncHttpClient-1-2] DEBUG org.asynchttpclient.netty.handler.HttpHandler - 

Request DefaultHttpRequest(decodeResult: success, version: HTTP/1.1)
POST /session/327b04565ce3a8b029101fb842e2edab/element HTTP/1.1
User-Agent: selenium/4.12.0 (java windows)
Content-Length: 69
Content-Type: application/json; charset=utf-8
host: localhost:41373
accept: */*

Response DefaultHttpResponse(decodeResult: success, version: HTTP/1.1)
HTTP/1.1 200 OK
Content-Length: 127
Content-Type: application/json; charset=utf-8
cache-control: no-cache

22:40:05.481 [AsyncHttpClient-1-2] DEBUG org.asynchttpclient.netty.channel.ChannelManager - Adding key: http://localhost:41373 for channel [id: 0x11763fe9, L:/127.0.0.1:54602 - R:localhost/127.0.0.1:41373]
22:40:05.485 [Forwarding isElementDisplayed on session 327b04565ce3a8b029101fb842e2edab to remote] DEBUG org.asynchttpclient.netty.request.NettyRequestSender - Using pooled Channel '[id: 0x11763fe9, L:/127.0.0.1:54602 - R:localhost/127.0.0.1:41373]' for 'POST' to 'http://localhost:41373/session/327b04565ce3a8b029101fb842e2edab/execute/sync'
22:40:05.485 [Forwarding isElementDisplayed on session 327b04565ce3a8b029101fb842e2edab to remote] DEBUG org.asynchttpclient.netty.request.NettyRequestSender - Using open Channel [id: 0x11763fe9, L:/127.0.0.1:54602 - R:localhost/127.0.0.1:41373] for POST '/session/327b04565ce3a8b029101fb842e2edab/execute/sync'
22:40:05.511 [AsyncHttpClient-1-2] DEBUG org.asynchttpclient.netty.handler.HttpHandler - 

Request DefaultHttpRequest(decodeResult: success, version: HTTP/1.1)
POST /session/327b04565ce3a8b029101fb842e2edab/execute/sync HTTP/1.1
User-Agent: selenium/4.12.0 (java windows)
Content-Length: 48735
Content-Type: application/json; charset=utf-8
host: localhost:41373
accept: */*

Response DefaultHttpResponse(decodeResult: success, version: HTTP/1.1)
HTTP/1.1 200 OK
Content-Length: 14
Content-Type: application/json; charset=utf-8
cache-control: no-cache

22:40:05.511 [AsyncHttpClient-1-2] DEBUG org.asynchttpclient.netty.channel.ChannelManager - Adding key: http://localhost:41373 for channel [id: 0x11763fe9, L:/127.0.0.1:54602 - R:localhost/127.0.0.1:41373]
Basic Information successfully submited
  Then Basic information successfully submited 1144        # StepDefination.My_Load.Verify_form(java.lang.String)
22:40:05.527 [Driver Command Executor] DEBUG org.asynchttpclient.netty.request.NettyRequestSender - Using pooled Channel '[id: 0x11763fe9, L:/127.0.0.1:54602 - R:localhost/127.0.0.1:41373]' for 'DELETE' to 'http://localhost:41373/session/327b04565ce3a8b029101fb842e2edab'
22:40:05.527 [Driver Command Executor] DEBUG org.asynchttpclient.netty.request.NettyRequestSender - Using open Channel [id: 0x11763fe9, L:/127.0.0.1:54602 - R:localhost/127.0.0.1:41373] for DELETE '/session/327b04565ce3a8b029101fb842e2edab'
22:40:05.527 [AsyncHttpClient-1-4] DEBUG org.asynchttpclient.netty.handler.WebSocketHandler - Channel Closed: [id: 0x324b3bc3, L:/127.0.0.1:54611 ! R:localhost/127.0.0.1:54603] with attribute DISCARD
22:40:05.674 [AsyncHttpClient-1-3] DEBUG org.asynchttpclient.netty.handler.HttpHandler - Unexpected I/O exception on channel [id: 0x2ae791e4, L:/127.0.0.1:54610 - R:localhost/127.0.0.1:54603]
java.net.SocketException: Connection reset
	at java.base/sun.nio.ch.SocketChannelImpl.throwConnectionReset(SocketChannelImpl.java:394)
	at java.base/sun.nio.ch.SocketChannelImpl.read(SocketChannelImpl.java:426)
	at io.netty.buffer.PooledByteBuf.setBytes(PooledByteBuf.java:254)
	at io.netty.buffer.AbstractByteBuf.writeBytes(AbstractByteBuf.java:1132)
	at io.netty.channel.socket.nio.NioSocketChannel.doReadBytes(NioSocketChannel.java:357)
	at io.netty.channel.nio.AbstractNioByteChannel$NioByteUnsafe.read(AbstractNioByteChannel.java:151)
	at io.netty.channel.nio.NioEventLoop.processSelectedKey(NioEventLoop.java:788)
	at io.netty.channel.nio.NioEventLoop.processSelectedKeysOptimized(NioEventLoop.java:724)
	at io.netty.channel.nio.NioEventLoop.processSelectedKeys(NioEventLoop.java:650)
	at io.netty.channel.nio.NioEventLoop.run(NioEventLoop.java:562)
	at io.netty.util.concurrent.SingleThreadEventExecutor$4.run(SingleThreadEventExecutor.java:997)
	at io.netty.util.internal.ThreadExecutorMap$2.run(ThreadExecutorMap.java:74)
	at io.netty.util.concurrent.FastThreadLocalRunnable.run(FastThreadLocalRunnable.java:30)
	at java.base/java.lang.Thread.run(Thread.java:840)
22:40:05.675 [AsyncHttpClient-1-3] DEBUG org.asynchttpclient.netty.channel.ChannelManager - Closing Channel [id: 0x2ae791e4, L:/127.0.0.1:54610 - R:localhost/127.0.0.1:54603] 
22:40:05.676 [AsyncHttpClient-1-3] DEBUG org.asynchttpclient.netty.handler.HttpHandler - Channel Closed: [id: 0x2ae791e4, L:/127.0.0.1:54610 ! R:localhost/127.0.0.1:54603] with attribute DISCARD
22:40:05.717 [AsyncHttpClient-1-2] DEBUG org.asynchttpclient.netty.handler.HttpHandler - 

Request DefaultFullHttpRequest(decodeResult: success, version: HTTP/1.1, content: EmptyByteBufBE)
DELETE /session/327b04565ce3a8b029101fb842e2edab HTTP/1.1
User-Agent: selenium/4.12.0 (java windows)
Content-Type: application/json; charset=utf-8
host: localhost:41373
accept: */*

Response DefaultHttpResponse(decodeResult: success, version: HTTP/1.1)
HTTP/1.1 200 OK
Content-Length: 14
Content-Type: application/json; charset=utf-8
cache-control: no-cache

22:40:05.717 [AsyncHttpClient-1-2] DEBUG org.asynchttpclient.netty.channel.ChannelManager - Adding key: http://localhost:41373 for channel [id: 0x11763fe9, L:/127.0.0.1:54602 - R:localhost/127.0.0.1:41373]
22:40:06.295 [AsyncHttpClient-1-1] DEBUG org.asynchttpclient.netty.channel.DefaultChannelPool - Entry count for : http://localhost:54603 : 1
22:40:06.295 [AsyncHttpClient-1-1] DEBUG org.asynchttpclient.netty.channel.DefaultChannelPool - Entry count for : http://localhost:41373 : 1
22:40:06.295 [AsyncHttpClient-1-1] DEBUG org.asynchttpclient.netty.channel.DefaultChannelPool - Adding Candidate expired Channel [id: 0x2ae791e4, L:/127.0.0.1:54610 ! R:localhost/127.0.0.1:54603] isIdleTimeoutExpired=false isRemotelyClosed=true isTtlExpired=false
22:40:06.295 [AsyncHttpClient-1-1] DEBUG org.asynchttpclient.netty.channel.DefaultChannelPool - Closing Idle Channel [id: 0x2ae791e4, L:/127.0.0.1:54610 ! R:localhost/127.0.0.1:54603]
22:40:06.295 [AsyncHttpClient-1-1] DEBUG org.asynchttpclient.netty.channel.DefaultChannelPool - Closed 1 connections out of 2 in 0 ms
22:40:06.439 [AsyncHttpClient-1-2] DEBUG org.asynchttpclient.netty.handler.HttpHandler - Channel Closed: [id: 0x11763fe9, L:/127.0.0.1:54602 ! R:localhost/127.0.0.1:41373] with attribute DISCARD
WebDriver quit successfully.
]]></system-out>
    <system-err><![CDATA[SLF4J: Class path contains multiple SLF4J bindings.
SLF4J: Found binding in [jar:file:/C:/Users/Aniket%20Satpute/.m2/repository/ch/qos/logback/logback-classic/1.2.11/logback-classic-1.2.11.jar!/org/slf4j/impl/StaticLoggerBinder.class]
SLF4J: Found binding in [jar:file:/C:/Users/Aniket%20Satpute/.m2/repository/org/apache/logging/log4j/log4j-slf4j-impl/2.20.0/log4j-slf4j-impl-2.20.0.jar!/org/slf4j/impl/StaticLoggerBinder.class]
SLF4J: See http://www.slf4j.org/codes.html#multiple_bindings for an explanation.
SLF4J: Actual binding is of type [ch.qos.logback.classic.util.ContextSelectorStaticBinder]
Jan 18, 2025 10:39:32 PM org.openqa.selenium.devtools.CdpVersionFinder findNearestMatch
WARNING: Unable to find CDP implementation matching 131
Jan 18, 2025 10:39:32 PM org.openqa.selenium.chromium.ChromiumDriver lambda$new$5
WARNING: Unable to find version of CDP to use for 131.0.6778.265. You may need to include a dependency on a specific version of the CDP using something similar to `org.seleniumhq.selenium:selenium-devtools-v86:4.12.0` where the version ("v86") matches the version of the chromium-based browser you're using and the version number of the artifact is the same as Selenium's.
]]></system-err>
  </testcase>
  <testcase name="User should not submit the basic info withot PO number" classname="Create load in broker" time="27.661">
    <system-out><![CDATA[
Scenario Outline: User should not submit the basic info withot PO number # src/test/resources/Create_Load/Create_Load.feature:42
22:40:06.896 [AsyncHttpClient-1-5] DEBUG org.asynchttpclient.netty.channel.NettyConnectListener - Using new Channel '[id: 0xa33a7172, L:/127.0.0.1:54666 - R:localhost/127.0.0.1:29433]' for 'POST' to '/session'
22:40:07.387 [AsyncHttpClient-1-1] DEBUG org.asynchttpclient.netty.channel.DefaultChannelPool - Entry count for : http://localhost:41373 : 1
22:40:07.387 [AsyncHttpClient-1-1] DEBUG org.asynchttpclient.netty.channel.DefaultChannelPool - Adding Candidate expired Channel [id: 0x11763fe9, L:/127.0.0.1:54602 ! R:localhost/127.0.0.1:41373] isIdleTimeoutExpired=false isRemotelyClosed=true isTtlExpired=false
22:40:07.387 [AsyncHttpClient-1-1] DEBUG org.asynchttpclient.netty.channel.DefaultChannelPool - Closing Idle Channel [id: 0x11763fe9, L:/127.0.0.1:54602 ! R:localhost/127.0.0.1:41373]
22:40:07.387 [AsyncHttpClient-1-1] DEBUG org.asynchttpclient.netty.channel.DefaultChannelPool - Closed 1 connections out of 1 in 0 ms
22:40:08.240 [AsyncHttpClient-1-5] DEBUG org.asynchttpclient.netty.handler.HttpHandler - 

Request DefaultHttpRequest(decodeResult: success, version: HTTP/1.1)
POST /session HTTP/1.1
User-Agent: selenium/4.12.0 (java windows)
Content-Length: 254
Content-Type: application/json; charset=utf-8
host: localhost:29433
accept: */*

Response DefaultHttpResponse(decodeResult: success, version: HTTP/1.1)
HTTP/1.1 200 OK
Content-Length: 886
Content-Type: application/json; charset=utf-8
cache-control: no-cache

22:40:08.248 [AsyncHttpClient-1-5] DEBUG org.asynchttpclient.netty.channel.ChannelManager - Adding key: http://localhost:29433 for channel [id: 0xa33a7172, L:/127.0.0.1:54666 - R:localhost/127.0.0.1:29433]
22:40:08.264 [AsyncHttpClient-1-6] DEBUG org.asynchttpclient.netty.channel.NettyConnectListener - Using new Channel '[id: 0x9f439972, L:/127.0.0.1:54675 - R:localhost/127.0.0.1:54667]' for 'GET' to '/json/version'
22:40:08.272 [AsyncHttpClient-1-6] DEBUG org.asynchttpclient.netty.handler.HttpHandler - 

Request DefaultFullHttpRequest(decodeResult: success, version: HTTP/1.1, content: EmptyByteBufBE)
GET /json/version HTTP/1.1
User-Agent: selenium/4.12.0 (java windows)
host: localhost:54667
accept: */*

Response DefaultHttpResponse(decodeResult: success, version: HTTP/1.1)
HTTP/1.1 200 OK
Content-Security-Policy: frame-ancestors 'none'
Content-Length: 424
Content-Type: application/json; charset=UTF-8

22:40:08.272 [AsyncHttpClient-1-6] DEBUG org.asynchttpclient.netty.channel.ChannelManager - Adding key: http://localhost:54667 for channel [id: 0x9f439972, L:/127.0.0.1:54675 - R:localhost/127.0.0.1:54667]
22:40:08.280 [AsyncHttpClient-1-7] DEBUG org.asynchttpclient.netty.channel.NettyConnectListener - Using new Channel '[id: 0x3c112d03, L:/127.0.0.1:54676 - R:localhost/127.0.0.1:54667]' for 'GET' to '/devtools/browser/54c5e564-fdf3-4a5e-b6cb-dc420bae7856'
22:40:08.288 [AsyncHttpClient-1-7] DEBUG org.asynchttpclient.netty.handler.WebSocketHandler - 

Request DefaultFullHttpRequest(decodeResult: success, version: HTTP/1.1, content: EmptyByteBufBE)
GET /devtools/browser/54c5e564-fdf3-4a5e-b6cb-dc420bae7856 HTTP/1.1
upgrade: websocket
connection: upgrade
sec-websocket-key: xPUxJL8YvfQC4yQf0BEaWw==
sec-websocket-version: 13
origin: http://localhost:54667
host: localhost:54667
accept: */*
user-agent: AHC/2.1

Response DefaultHttpResponse(decodeResult: success, version: HTTP/1.1)
HTTP/1.1 101 WebSocket Protocol Handshake
Upgrade: WebSocket
Connection: Upgrade
Sec-WebSocket-Accept: HpRBo3iRDuhW4ONvRjV2Gbngs6k=

22:40:08.304 [Forwarding get on session 8a7be02f923fc4c4aa8527fd240e2852 to remote] DEBUG org.asynchttpclient.netty.request.NettyRequestSender - Using pooled Channel '[id: 0xa33a7172, L:/127.0.0.1:54666 - R:localhost/127.0.0.1:29433]' for 'POST' to 'http://localhost:29433/session/8a7be02f923fc4c4aa8527fd240e2852/url'
22:40:08.304 [Forwarding get on session 8a7be02f923fc4c4aa8527fd240e2852 to remote] DEBUG org.asynchttpclient.netty.request.NettyRequestSender - Using open Channel [id: 0xa33a7172, L:/127.0.0.1:54666 - R:localhost/127.0.0.1:29433] for POST '/session/8a7be02f923fc4c4aa8527fd240e2852/url'
22:40:08.481 [AsyncHttpClient-1-1] DEBUG org.asynchttpclient.netty.channel.DefaultChannelPool - Entry count for : http://localhost:54667 : 1
22:40:09.584 [AsyncHttpClient-1-1] DEBUG org.asynchttpclient.netty.channel.DefaultChannelPool - Entry count for : http://localhost:54667 : 1
22:40:10.248 [AsyncHttpClient-1-5] DEBUG org.asynchttpclient.netty.handler.HttpHandler - 

Request DefaultHttpRequest(decodeResult: success, version: HTTP/1.1)
POST /session/8a7be02f923fc4c4aa8527fd240e2852/url HTTP/1.1
User-Agent: selenium/4.12.0 (java windows)
Content-Length: 92
Content-Type: application/json; charset=utf-8
host: localhost:29433
accept: */*

Response DefaultHttpResponse(decodeResult: success, version: HTTP/1.1)
HTTP/1.1 200 OK
Content-Length: 14
Content-Type: application/json; charset=utf-8
cache-control: no-cache

22:40:10.248 [AsyncHttpClient-1-5] DEBUG org.asynchttpclient.netty.channel.ChannelManager - Adding key: http://localhost:29433 for channel [id: 0xa33a7172, L:/127.0.0.1:54666 - R:localhost/127.0.0.1:29433]
22:40:10.248 [Forwarding maximizeCurrentWindow on session 8a7be02f923fc4c4aa8527fd240e2852 to remote] DEBUG org.asynchttpclient.netty.request.NettyRequestSender - Using pooled Channel '[id: 0xa33a7172, L:/127.0.0.1:54666 - R:localhost/127.0.0.1:29433]' for 'POST' to 'http://localhost:29433/session/8a7be02f923fc4c4aa8527fd240e2852/window/maximize'
22:40:10.248 [Forwarding maximizeCurrentWindow on session 8a7be02f923fc4c4aa8527fd240e2852 to remote] DEBUG org.asynchttpclient.netty.request.NettyRequestSender - Using open Channel [id: 0xa33a7172, L:/127.0.0.1:54666 - R:localhost/127.0.0.1:29433] for POST '/session/8a7be02f923fc4c4aa8527fd240e2852/window/maximize'
22:40:10.352 [AsyncHttpClient-1-5] DEBUG org.asynchttpclient.netty.handler.HttpHandler - 

Request DefaultHttpRequest(decodeResult: success, version: HTTP/1.1)
POST /session/8a7be02f923fc4c4aa8527fd240e2852/window/maximize HTTP/1.1
User-Agent: selenium/4.12.0 (java windows)
Content-Length: 3
Content-Type: application/json; charset=utf-8
host: localhost:29433
accept: */*

Response DefaultHttpResponse(decodeResult: success, version: HTTP/1.1)
HTTP/1.1 200 OK
Content-Length: 51
Content-Type: application/json; charset=utf-8
cache-control: no-cache

22:40:10.360 [AsyncHttpClient-1-5] DEBUG org.asynchttpclient.netty.channel.ChannelManager - Adding key: http://localhost:29433 for channel [id: 0xa33a7172, L:/127.0.0.1:54666 - R:localhost/127.0.0.1:29433]
22:40:10.360 [Forwarding findElement on session 8a7be02f923fc4c4aa8527fd240e2852 to remote] DEBUG org.asynchttpclient.netty.request.NettyRequestSender - Using pooled Channel '[id: 0xa33a7172, L:/127.0.0.1:54666 - R:localhost/127.0.0.1:29433]' for 'POST' to 'http://localhost:29433/session/8a7be02f923fc4c4aa8527fd240e2852/element'
22:40:10.360 [Forwarding findElement on session 8a7be02f923fc4c4aa8527fd240e2852 to remote] DEBUG org.asynchttpclient.netty.request.NettyRequestSender - Using open Channel [id: 0xa33a7172, L:/127.0.0.1:54666 - R:localhost/127.0.0.1:29433] for POST '/session/8a7be02f923fc4c4aa8527fd240e2852/element'
22:40:10.392 [AsyncHttpClient-1-5] DEBUG org.asynchttpclient.netty.handler.HttpHandler - 

Request DefaultHttpRequest(decodeResult: success, version: HTTP/1.1)
POST /session/8a7be02f923fc4c4aa8527fd240e2852/element HTTP/1.1
User-Agent: selenium/4.12.0 (java windows)
Content-Length: 69
Content-Type: application/json; charset=utf-8
host: localhost:29433
accept: */*

Response DefaultHttpResponse(decodeResult: success, version: HTTP/1.1)
HTTP/1.1 200 OK
Content-Length: 125
Content-Type: application/json; charset=utf-8
cache-control: no-cache

22:40:10.392 [AsyncHttpClient-1-5] DEBUG org.asynchttpclient.netty.channel.ChannelManager - Adding key: http://localhost:29433 for channel [id: 0xa33a7172, L:/127.0.0.1:54666 - R:localhost/127.0.0.1:29433]
22:40:10.400 [Forwarding sendKeysToElement on session 8a7be02f923fc4c4aa8527fd240e2852 to remote] DEBUG org.asynchttpclient.netty.request.NettyRequestSender - Using pooled Channel '[id: 0xa33a7172, L:/127.0.0.1:54666 - R:localhost/127.0.0.1:29433]' for 'POST' to 'http://localhost:29433/session/8a7be02f923fc4c4aa8527fd240e2852/element/f.D58C07B718DCC2BEA7799A44580FB4FB.d.6EF7C5E835C1CA92141D28343EFD2A24.e.2/value'
22:40:10.400 [Forwarding sendKeysToElement on session 8a7be02f923fc4c4aa8527fd240e2852 to remote] DEBUG org.asynchttpclient.netty.request.NettyRequestSender - Using open Channel [id: 0xa33a7172, L:/127.0.0.1:54666 - R:localhost/127.0.0.1:29433] for POST '/session/8a7be02f923fc4c4aa8527fd240e2852/element/f.D58C07B718DCC2BEA7799A44580FB4FB.d.6EF7C5E835C1CA92141D28343EFD2A24.e.2/value'
22:40:10.684 [AsyncHttpClient-1-1] DEBUG org.asynchttpclient.netty.channel.DefaultChannelPool - Entry count for : http://localhost:54667 : 1
22:40:10.791 [AsyncHttpClient-1-5] DEBUG org.asynchttpclient.netty.handler.HttpHandler - 

Request DefaultHttpRequest(decodeResult: success, version: HTTP/1.1)
POST /session/8a7be02f923fc4c4aa8527fd240e2852/element/f.D58C07B718DCC2BEA7799A44580FB4FB.d.6EF7C5E835C1CA92141D28343EFD2A24.e.2/value HTTP/1.1
User-Agent: selenium/4.12.0 (java windows)
Content-Length: 338
Content-Type: application/json; charset=utf-8
host: localhost:29433
accept: */*

Response DefaultHttpResponse(decodeResult: success, version: HTTP/1.1)
HTTP/1.1 200 OK
Content-Length: 14
Content-Type: application/json; charset=utf-8
cache-control: no-cache

22:40:10.792 [AsyncHttpClient-1-5] DEBUG org.asynchttpclient.netty.channel.ChannelManager - Adding key: http://localhost:29433 for channel [id: 0xa33a7172, L:/127.0.0.1:54666 - R:localhost/127.0.0.1:29433]
22:40:10.794 [Forwarding findElement on session 8a7be02f923fc4c4aa8527fd240e2852 to remote] DEBUG org.asynchttpclient.netty.request.NettyRequestSender - Using pooled Channel '[id: 0xa33a7172, L:/127.0.0.1:54666 - R:localhost/127.0.0.1:29433]' for 'POST' to 'http://localhost:29433/session/8a7be02f923fc4c4aa8527fd240e2852/element'
22:40:10.794 [Forwarding findElement on session 8a7be02f923fc4c4aa8527fd240e2852 to remote] DEBUG org.asynchttpclient.netty.request.NettyRequestSender - Using open Channel [id: 0xa33a7172, L:/127.0.0.1:54666 - R:localhost/127.0.0.1:29433] for POST '/session/8a7be02f923fc4c4aa8527fd240e2852/element'
22:40:10.815 [AsyncHttpClient-1-5] DEBUG org.asynchttpclient.netty.handler.HttpHandler - 

Request DefaultHttpRequest(decodeResult: success, version: HTTP/1.1)
POST /session/8a7be02f923fc4c4aa8527fd240e2852/element HTTP/1.1
User-Agent: selenium/4.12.0 (java windows)
Content-Length: 72
Content-Type: application/json; charset=utf-8
host: localhost:29433
accept: */*

Response DefaultHttpResponse(decodeResult: success, version: HTTP/1.1)
HTTP/1.1 200 OK
Content-Length: 125
Content-Type: application/json; charset=utf-8
cache-control: no-cache

22:40:10.816 [AsyncHttpClient-1-5] DEBUG org.asynchttpclient.netty.channel.ChannelManager - Adding key: http://localhost:29433 for channel [id: 0xa33a7172, L:/127.0.0.1:54666 - R:localhost/127.0.0.1:29433]
22:40:10.818 [Forwarding sendKeysToElement on session 8a7be02f923fc4c4aa8527fd240e2852 to remote] DEBUG org.asynchttpclient.netty.request.NettyRequestSender - Using pooled Channel '[id: 0xa33a7172, L:/127.0.0.1:54666 - R:localhost/127.0.0.1:29433]' for 'POST' to 'http://localhost:29433/session/8a7be02f923fc4c4aa8527fd240e2852/element/f.D58C07B718DCC2BEA7799A44580FB4FB.d.6EF7C5E835C1CA92141D28343EFD2A24.e.4/value'
22:40:10.818 [Forwarding sendKeysToElement on session 8a7be02f923fc4c4aa8527fd240e2852 to remote] DEBUG org.asynchttpclient.netty.request.NettyRequestSender - Using open Channel [id: 0xa33a7172, L:/127.0.0.1:54666 - R:localhost/127.0.0.1:29433] for POST '/session/8a7be02f923fc4c4aa8527fd240e2852/element/f.D58C07B718DCC2BEA7799A44580FB4FB.d.6EF7C5E835C1CA92141D28343EFD2A24.e.4/value'
22:40:11.078 [AsyncHttpClient-1-5] DEBUG org.asynchttpclient.netty.handler.HttpHandler - 

Request DefaultHttpRequest(decodeResult: success, version: HTTP/1.1)
POST /session/8a7be02f923fc4c4aa8527fd240e2852/element/f.D58C07B718DCC2BEA7799A44580FB4FB.d.6EF7C5E835C1CA92141D28343EFD2A24.e.4/value HTTP/1.1
User-Agent: selenium/4.12.0 (java windows)
Content-Length: 208
Content-Type: application/json; charset=utf-8
host: localhost:29433
accept: */*

Response DefaultHttpResponse(decodeResult: success, version: HTTP/1.1)
HTTP/1.1 200 OK
Content-Length: 14
Content-Type: application/json; charset=utf-8
cache-control: no-cache

22:40:11.079 [AsyncHttpClient-1-5] DEBUG org.asynchttpclient.netty.channel.ChannelManager - Adding key: http://localhost:29433 for channel [id: 0xa33a7172, L:/127.0.0.1:54666 - R:localhost/127.0.0.1:29433]
22:40:11.081 [Forwarding findElement on session 8a7be02f923fc4c4aa8527fd240e2852 to remote] DEBUG org.asynchttpclient.netty.request.NettyRequestSender - Using pooled Channel '[id: 0xa33a7172, L:/127.0.0.1:54666 - R:localhost/127.0.0.1:29433]' for 'POST' to 'http://localhost:29433/session/8a7be02f923fc4c4aa8527fd240e2852/element'
22:40:11.081 [Forwarding findElement on session 8a7be02f923fc4c4aa8527fd240e2852 to remote] DEBUG org.asynchttpclient.netty.request.NettyRequestSender - Using open Channel [id: 0xa33a7172, L:/127.0.0.1:54666 - R:localhost/127.0.0.1:29433] for POST '/session/8a7be02f923fc4c4aa8527fd240e2852/element'
22:40:11.102 [AsyncHttpClient-1-5] DEBUG org.asynchttpclient.netty.handler.HttpHandler - 

Request DefaultHttpRequest(decodeResult: success, version: HTTP/1.1)
POST /session/8a7be02f923fc4c4aa8527fd240e2852/element HTTP/1.1
User-Agent: selenium/4.12.0 (java windows)
Content-Length: 73
Content-Type: application/json; charset=utf-8
host: localhost:29433
accept: */*

Response DefaultHttpResponse(decodeResult: success, version: HTTP/1.1)
HTTP/1.1 200 OK
Content-Length: 125
Content-Type: application/json; charset=utf-8
cache-control: no-cache

22:40:11.103 [AsyncHttpClient-1-5] DEBUG org.asynchttpclient.netty.channel.ChannelManager - Adding key: http://localhost:29433 for channel [id: 0xa33a7172, L:/127.0.0.1:54666 - R:localhost/127.0.0.1:29433]
22:40:11.105 [Forwarding clickElement on session 8a7be02f923fc4c4aa8527fd240e2852 to remote] DEBUG org.asynchttpclient.netty.request.NettyRequestSender - Using pooled Channel '[id: 0xa33a7172, L:/127.0.0.1:54666 - R:localhost/127.0.0.1:29433]' for 'POST' to 'http://localhost:29433/session/8a7be02f923fc4c4aa8527fd240e2852/element/f.D58C07B718DCC2BEA7799A44580FB4FB.d.6EF7C5E835C1CA92141D28343EFD2A24.e.6/click'
22:40:11.106 [Forwarding clickElement on session 8a7be02f923fc4c4aa8527fd240e2852 to remote] DEBUG org.asynchttpclient.netty.request.NettyRequestSender - Using open Channel [id: 0xa33a7172, L:/127.0.0.1:54666 - R:localhost/127.0.0.1:29433] for POST '/session/8a7be02f923fc4c4aa8527fd240e2852/element/f.D58C07B718DCC2BEA7799A44580FB4FB.d.6EF7C5E835C1CA92141D28343EFD2A24.e.6/click'
22:40:11.293 [AsyncHttpClient-1-5] DEBUG org.asynchttpclient.netty.handler.HttpHandler - 

Request DefaultHttpRequest(decodeResult: success, version: HTTP/1.1)
POST /session/8a7be02f923fc4c4aa8527fd240e2852/element/f.D58C07B718DCC2BEA7799A44580FB4FB.d.6EF7C5E835C1CA92141D28343EFD2A24.e.6/click HTTP/1.1
User-Agent: selenium/4.12.0 (java windows)
Content-Length: 87
Content-Type: application/json; charset=utf-8
host: localhost:29433
accept: */*

Response DefaultHttpResponse(decodeResult: success, version: HTTP/1.1)
HTTP/1.1 200 OK
Content-Length: 14
Content-Type: application/json; charset=utf-8
cache-control: no-cache

22:40:11.293 [AsyncHttpClient-1-5] DEBUG org.asynchttpclient.netty.channel.ChannelManager - Adding key: http://localhost:29433 for channel [id: 0xa33a7172, L:/127.0.0.1:54666 - R:localhost/127.0.0.1:29433]
22:40:11.787 [AsyncHttpClient-1-1] DEBUG org.asynchttpclient.netty.channel.DefaultChannelPool - Entry count for : http://localhost:29433 : 1
22:40:11.787 [AsyncHttpClient-1-1] DEBUG org.asynchttpclient.netty.channel.DefaultChannelPool - Entry count for : http://localhost:54667 : 1
22:40:12.881 [AsyncHttpClient-1-1] DEBUG org.asynchttpclient.netty.channel.DefaultChannelPool - Entry count for : http://localhost:29433 : 1
22:40:12.881 [AsyncHttpClient-1-1] DEBUG org.asynchttpclient.netty.channel.DefaultChannelPool - Entry count for : http://localhost:54667 : 1
22:40:13.981 [AsyncHttpClient-1-1] DEBUG org.asynchttpclient.netty.channel.DefaultChannelPool - Entry count for : http://localhost:29433 : 1
22:40:13.981 [AsyncHttpClient-1-1] DEBUG org.asynchttpclient.netty.channel.DefaultChannelPool - Entry count for : http://localhost:54667 : 1
22:40:15.081 [AsyncHttpClient-1-1] DEBUG org.asynchttpclient.netty.channel.DefaultChannelPool - Entry count for : http://localhost:29433 : 1
22:40:15.081 [AsyncHttpClient-1-1] DEBUG org.asynchttpclient.netty.channel.DefaultChannelPool - Entry count for : http://localhost:54667 : 1
22:40:16.180 [AsyncHttpClient-1-1] DEBUG org.asynchttpclient.netty.channel.DefaultChannelPool - Entry count for : http://localhost:29433 : 1
22:40:16.180 [AsyncHttpClient-1-1] DEBUG org.asynchttpclient.netty.channel.DefaultChannelPool - Entry count for : http://localhost:54667 : 1
22:40:16.303 [Forwarding getCurrentUrl on session 8a7be02f923fc4c4aa8527fd240e2852 to remote] DEBUG org.asynchttpclient.netty.request.NettyRequestSender - Using pooled Channel '[id: 0xa33a7172, L:/127.0.0.1:54666 - R:localhost/127.0.0.1:29433]' for 'GET' to 'http://localhost:29433/session/8a7be02f923fc4c4aa8527fd240e2852/url'
22:40:16.303 [Forwarding getCurrentUrl on session 8a7be02f923fc4c4aa8527fd240e2852 to remote] DEBUG org.asynchttpclient.netty.request.NettyRequestSender - Using open Channel [id: 0xa33a7172, L:/127.0.0.1:54666 - R:localhost/127.0.0.1:29433] for GET '/session/8a7be02f923fc4c4aa8527fd240e2852/url'
22:40:16.312 [AsyncHttpClient-1-5] DEBUG org.asynchttpclient.netty.handler.HttpHandler - 

Request DefaultFullHttpRequest(decodeResult: success, version: HTTP/1.1, content: EmptyByteBufBE)
GET /session/8a7be02f923fc4c4aa8527fd240e2852/url HTTP/1.1
Cache-Control: no-cache
User-Agent: selenium/4.12.0 (java windows)
Content-Type: application/json; charset=utf-8
host: localhost:29433
accept: */*

Response DefaultHttpResponse(decodeResult: success, version: HTTP/1.1)
HTTP/1.1 200 OK
Content-Length: 69
Content-Type: application/json; charset=utf-8
cache-control: no-cache

22:40:16.312 [AsyncHttpClient-1-5] DEBUG org.asynchttpclient.netty.channel.ChannelManager - Adding key: http://localhost:29433 for channel [id: 0xa33a7172, L:/127.0.0.1:54666 - R:localhost/127.0.0.1:29433]
https://fleet-manager-development.vercel.app/auth/sign-in
22:40:16.312 [Forwarding findElement on session 8a7be02f923fc4c4aa8527fd240e2852 to remote] DEBUG org.asynchttpclient.netty.request.NettyRequestSender - Using pooled Channel '[id: 0xa33a7172, L:/127.0.0.1:54666 - R:localhost/127.0.0.1:29433]' for 'POST' to 'http://localhost:29433/session/8a7be02f923fc4c4aa8527fd240e2852/element'
22:40:16.312 [Forwarding findElement on session 8a7be02f923fc4c4aa8527fd240e2852 to remote] DEBUG org.asynchttpclient.netty.request.NettyRequestSender - Using open Channel [id: 0xa33a7172, L:/127.0.0.1:54666 - R:localhost/127.0.0.1:29433] for POST '/session/8a7be02f923fc4c4aa8527fd240e2852/element'
22:40:16.327 [AsyncHttpClient-1-5] DEBUG org.asynchttpclient.netty.handler.HttpHandler - 

Request DefaultHttpRequest(decodeResult: success, version: HTTP/1.1)
POST /session/8a7be02f923fc4c4aa8527fd240e2852/element HTTP/1.1
User-Agent: selenium/4.12.0 (java windows)
Content-Length: 66
Content-Type: application/json; charset=utf-8
host: localhost:29433
accept: */*

Response DefaultHttpResponse(decodeResult: success, version: HTTP/1.1)
HTTP/1.1 200 OK
Content-Length: 126
Content-Type: application/json; charset=utf-8
cache-control: no-cache

22:40:16.327 [AsyncHttpClient-1-5] DEBUG org.asynchttpclient.netty.channel.ChannelManager - Adding key: http://localhost:29433 for channel [id: 0xa33a7172, L:/127.0.0.1:54666 - R:localhost/127.0.0.1:29433]
22:40:16.336 [Forwarding isElementDisplayed on session 8a7be02f923fc4c4aa8527fd240e2852 to remote] DEBUG org.asynchttpclient.netty.request.NettyRequestSender - Using pooled Channel '[id: 0xa33a7172, L:/127.0.0.1:54666 - R:localhost/127.0.0.1:29433]' for 'POST' to 'http://localhost:29433/session/8a7be02f923fc4c4aa8527fd240e2852/execute/sync'
22:40:16.336 [Forwarding isElementDisplayed on session 8a7be02f923fc4c4aa8527fd240e2852 to remote] DEBUG org.asynchttpclient.netty.request.NettyRequestSender - Using open Channel [id: 0xa33a7172, L:/127.0.0.1:54666 - R:localhost/127.0.0.1:29433] for POST '/session/8a7be02f923fc4c4aa8527fd240e2852/execute/sync'
22:40:16.353 [AsyncHttpClient-1-5] DEBUG org.asynchttpclient.netty.handler.HttpHandler - 

Request DefaultHttpRequest(decodeResult: success, version: HTTP/1.1)
POST /session/8a7be02f923fc4c4aa8527fd240e2852/execute/sync HTTP/1.1
User-Agent: selenium/4.12.0 (java windows)
Content-Length: 48734
Content-Type: application/json; charset=utf-8
host: localhost:29433
accept: */*

Response DefaultHttpResponse(decodeResult: success, version: HTTP/1.1)
HTTP/1.1 200 OK
Content-Length: 14
Content-Type: application/json; charset=utf-8
cache-control: no-cache

22:40:16.353 [AsyncHttpClient-1-5] DEBUG org.asynchttpclient.netty.channel.ChannelManager - Adding key: http://localhost:29433 for channel [id: 0xa33a7172, L:/127.0.0.1:54666 - R:localhost/127.0.0.1:29433]
22:40:16.362 [Forwarding findElement on session 8a7be02f923fc4c4aa8527fd240e2852 to remote] DEBUG org.asynchttpclient.netty.request.NettyRequestSender - Using pooled Channel '[id: 0xa33a7172, L:/127.0.0.1:54666 - R:localhost/127.0.0.1:29433]' for 'POST' to 'http://localhost:29433/session/8a7be02f923fc4c4aa8527fd240e2852/element'
22:40:16.362 [Forwarding findElement on session 8a7be02f923fc4c4aa8527fd240e2852 to remote] DEBUG org.asynchttpclient.netty.request.NettyRequestSender - Using open Channel [id: 0xa33a7172, L:/127.0.0.1:54666 - R:localhost/127.0.0.1:29433] for POST '/session/8a7be02f923fc4c4aa8527fd240e2852/element'
22:40:16.369 [AsyncHttpClient-1-5] DEBUG org.asynchttpclient.netty.handler.HttpHandler - 

Request DefaultHttpRequest(decodeResult: success, version: HTTP/1.1)
POST /session/8a7be02f923fc4c4aa8527fd240e2852/element HTTP/1.1
User-Agent: selenium/4.12.0 (java windows)
Content-Length: 66
Content-Type: application/json; charset=utf-8
host: localhost:29433
accept: */*

Response DefaultHttpResponse(decodeResult: success, version: HTTP/1.1)
HTTP/1.1 200 OK
Content-Length: 126
Content-Type: application/json; charset=utf-8
cache-control: no-cache

22:40:16.369 [AsyncHttpClient-1-5] DEBUG org.asynchttpclient.netty.channel.ChannelManager - Adding key: http://localhost:29433 for channel [id: 0xa33a7172, L:/127.0.0.1:54666 - R:localhost/127.0.0.1:29433]
22:40:16.377 [Forwarding getElementText on session 8a7be02f923fc4c4aa8527fd240e2852 to remote] DEBUG org.asynchttpclient.netty.request.NettyRequestSender - Using pooled Channel '[id: 0xa33a7172, L:/127.0.0.1:54666 - R:localhost/127.0.0.1:29433]' for 'GET' to 'http://localhost:29433/session/8a7be02f923fc4c4aa8527fd240e2852/element/f.D58C07B718DCC2BEA7799A44580FB4FB.d.6EF7C5E835C1CA92141D28343EFD2A24.e.19/text'
22:40:16.378 [Forwarding getElementText on session 8a7be02f923fc4c4aa8527fd240e2852 to remote] DEBUG org.asynchttpclient.netty.request.NettyRequestSender - Using open Channel [id: 0xa33a7172, L:/127.0.0.1:54666 - R:localhost/127.0.0.1:29433] for GET '/session/8a7be02f923fc4c4aa8527fd240e2852/element/f.D58C07B718DCC2BEA7799A44580FB4FB.d.6EF7C5E835C1CA92141D28343EFD2A24.e.19/text'
22:40:16.393 [AsyncHttpClient-1-5] DEBUG org.asynchttpclient.netty.handler.HttpHandler - 

Request DefaultFullHttpRequest(decodeResult: success, version: HTTP/1.1, content: EmptyByteBufBE)
GET /session/8a7be02f923fc4c4aa8527fd240e2852/element/f.D58C07B718DCC2BEA7799A44580FB4FB.d.6EF7C5E835C1CA92141D28343EFD2A24.e.19/text HTTP/1.1
Cache-Control: no-cache
User-Agent: selenium/4.12.0 (java windows)
Content-Type: application/json; charset=utf-8
host: localhost:29433
accept: */*

Response DefaultHttpResponse(decodeResult: success, version: HTTP/1.1)
HTTP/1.1 200 OK
Content-Length: 33
Content-Type: application/json; charset=utf-8
cache-control: no-cache

22:40:16.393 [AsyncHttpClient-1-5] DEBUG org.asynchttpclient.netty.channel.ChannelManager - Adding key: http://localhost:29433 for channel [id: 0xa33a7172, L:/127.0.0.1:54666 - R:localhost/127.0.0.1:29433]
22:40:16.393 [Forwarding findElement on session 8a7be02f923fc4c4aa8527fd240e2852 to remote] DEBUG org.asynchttpclient.netty.request.NettyRequestSender - Using pooled Channel '[id: 0xa33a7172, L:/127.0.0.1:54666 - R:localhost/127.0.0.1:29433]' for 'POST' to 'http://localhost:29433/session/8a7be02f923fc4c4aa8527fd240e2852/element'
22:40:16.393 [Forwarding findElement on session 8a7be02f923fc4c4aa8527fd240e2852 to remote] DEBUG org.asynchttpclient.netty.request.NettyRequestSender - Using open Channel [id: 0xa33a7172, L:/127.0.0.1:54666 - R:localhost/127.0.0.1:29433] for POST '/session/8a7be02f923fc4c4aa8527fd240e2852/element'
22:40:16.413 [AsyncHttpClient-1-5] DEBUG org.asynchttpclient.netty.handler.HttpHandler - 

Request DefaultHttpRequest(decodeResult: success, version: HTTP/1.1)
POST /session/8a7be02f923fc4c4aa8527fd240e2852/element HTTP/1.1
User-Agent: selenium/4.12.0 (java windows)
Content-Length: 74
Content-Type: application/json; charset=utf-8
host: localhost:29433
accept: */*

Response DefaultHttpResponse(decodeResult: success, version: HTTP/1.1)
HTTP/1.1 200 OK
Content-Length: 126
Content-Type: application/json; charset=utf-8
cache-control: no-cache

22:40:16.414 [AsyncHttpClient-1-5] DEBUG org.asynchttpclient.netty.channel.ChannelManager - Adding key: http://localhost:29433 for channel [id: 0xa33a7172, L:/127.0.0.1:54666 - R:localhost/127.0.0.1:29433]
22:40:16.419 [Forwarding clickElement on session 8a7be02f923fc4c4aa8527fd240e2852 to remote] DEBUG org.asynchttpclient.netty.request.NettyRequestSender - Using pooled Channel '[id: 0xa33a7172, L:/127.0.0.1:54666 - R:localhost/127.0.0.1:29433]' for 'POST' to 'http://localhost:29433/session/8a7be02f923fc4c4aa8527fd240e2852/element/f.D58C07B718DCC2BEA7799A44580FB4FB.d.6EF7C5E835C1CA92141D28343EFD2A24.e.20/click'
22:40:16.419 [Forwarding clickElement on session 8a7be02f923fc4c4aa8527fd240e2852 to remote] DEBUG org.asynchttpclient.netty.request.NettyRequestSender - Using open Channel [id: 0xa33a7172, L:/127.0.0.1:54666 - R:localhost/127.0.0.1:29433] for POST '/session/8a7be02f923fc4c4aa8527fd240e2852/element/f.D58C07B718DCC2BEA7799A44580FB4FB.d.6EF7C5E835C1CA92141D28343EFD2A24.e.20/click'
22:40:16.506 [AsyncHttpClient-1-5] DEBUG org.asynchttpclient.netty.handler.HttpHandler - 

Request DefaultHttpRequest(decodeResult: success, version: HTTP/1.1)
POST /session/8a7be02f923fc4c4aa8527fd240e2852/element/f.D58C07B718DCC2BEA7799A44580FB4FB.d.6EF7C5E835C1CA92141D28343EFD2A24.e.20/click HTTP/1.1
User-Agent: selenium/4.12.0 (java windows)
Content-Length: 88
Content-Type: application/json; charset=utf-8
host: localhost:29433
accept: */*

Response DefaultHttpResponse(decodeResult: success, version: HTTP/1.1)
HTTP/1.1 200 OK
Content-Length: 14
Content-Type: application/json; charset=utf-8
cache-control: no-cache

22:40:16.507 [AsyncHttpClient-1-5] DEBUG org.asynchttpclient.netty.channel.ChannelManager - Adding key: http://localhost:29433 for channel [id: 0xa33a7172, L:/127.0.0.1:54666 - R:localhost/127.0.0.1:29433]
22:40:17.285 [AsyncHttpClient-1-1] DEBUG org.asynchttpclient.netty.channel.DefaultChannelPool - Entry count for : http://localhost:29433 : 1
22:40:17.285 [AsyncHttpClient-1-1] DEBUG org.asynchttpclient.netty.channel.DefaultChannelPool - Entry count for : http://localhost:54667 : 1
22:40:18.391 [AsyncHttpClient-1-1] DEBUG org.asynchttpclient.netty.channel.DefaultChannelPool - Entry count for : http://localhost:29433 : 1
22:40:18.391 [AsyncHttpClient-1-1] DEBUG org.asynchttpclient.netty.channel.DefaultChannelPool - Entry count for : http://localhost:54667 : 1
22:40:19.483 [AsyncHttpClient-1-1] DEBUG org.asynchttpclient.netty.channel.DefaultChannelPool - Entry count for : http://localhost:29433 : 1
22:40:19.483 [AsyncHttpClient-1-1] DEBUG org.asynchttpclient.netty.channel.DefaultChannelPool - Entry count for : http://localhost:54667 : 1
screen shot class not taking
  Given Open dashboardfokisaj290@edectus.com and Fleet@123               # StepDefination.My_Load.I_am_on_dashboard(java.lang.String,java.lang.String)
22:40:20.583 [AsyncHttpClient-1-1] DEBUG org.asynchttpclient.netty.channel.DefaultChannelPool - Entry count for : http://localhost:29433 : 1
22:40:20.583 [AsyncHttpClient-1-1] DEBUG org.asynchttpclient.netty.channel.DefaultChannelPool - Entry count for : http://localhost:54667 : 1
22:40:21.024 [Forwarding findElement on session 8a7be02f923fc4c4aa8527fd240e2852 to remote] DEBUG org.asynchttpclient.netty.request.NettyRequestSender - Using pooled Channel '[id: 0xa33a7172, L:/127.0.0.1:54666 - R:localhost/127.0.0.1:29433]' for 'POST' to 'http://localhost:29433/session/8a7be02f923fc4c4aa8527fd240e2852/element'
22:40:21.024 [Forwarding findElement on session 8a7be02f923fc4c4aa8527fd240e2852 to remote] DEBUG org.asynchttpclient.netty.request.NettyRequestSender - Using open Channel [id: 0xa33a7172, L:/127.0.0.1:54666 - R:localhost/127.0.0.1:29433] for POST '/session/8a7be02f923fc4c4aa8527fd240e2852/element'
22:40:21.040 [AsyncHttpClient-1-5] DEBUG org.asynchttpclient.netty.handler.HttpHandler - 

Request DefaultHttpRequest(decodeResult: success, version: HTTP/1.1)
POST /session/8a7be02f923fc4c4aa8527fd240e2852/element HTTP/1.1
User-Agent: selenium/4.12.0 (java windows)
Content-Length: 71
Content-Type: application/json; charset=utf-8
host: localhost:29433
accept: */*

Response DefaultHttpResponse(decodeResult: success, version: HTTP/1.1)
HTTP/1.1 200 OK
Content-Length: 126
Content-Type: application/json; charset=utf-8
cache-control: no-cache

22:40:21.048 [AsyncHttpClient-1-5] DEBUG org.asynchttpclient.netty.channel.ChannelManager - Adding key: http://localhost:29433 for channel [id: 0xa33a7172, L:/127.0.0.1:54666 - R:localhost/127.0.0.1:29433]
22:40:21.048 [Forwarding clickElement on session 8a7be02f923fc4c4aa8527fd240e2852 to remote] DEBUG org.asynchttpclient.netty.request.NettyRequestSender - Using pooled Channel '[id: 0xa33a7172, L:/127.0.0.1:54666 - R:localhost/127.0.0.1:29433]' for 'POST' to 'http://localhost:29433/session/8a7be02f923fc4c4aa8527fd240e2852/element/f.D58C07B718DCC2BEA7799A44580FB4FB.d.67C579BA624A4892502BAF4709658414.e.44/click'
22:40:21.048 [Forwarding clickElement on session 8a7be02f923fc4c4aa8527fd240e2852 to remote] DEBUG org.asynchttpclient.netty.request.NettyRequestSender - Using open Channel [id: 0xa33a7172, L:/127.0.0.1:54666 - R:localhost/127.0.0.1:29433] for POST '/session/8a7be02f923fc4c4aa8527fd240e2852/element/f.D58C07B718DCC2BEA7799A44580FB4FB.d.67C579BA624A4892502BAF4709658414.e.44/click'
22:40:21.208 [AsyncHttpClient-1-5] DEBUG org.asynchttpclient.netty.handler.HttpHandler - 

Request DefaultHttpRequest(decodeResult: success, version: HTTP/1.1)
POST /session/8a7be02f923fc4c4aa8527fd240e2852/element/f.D58C07B718DCC2BEA7799A44580FB4FB.d.67C579BA624A4892502BAF4709658414.e.44/click HTTP/1.1
User-Agent: selenium/4.12.0 (java windows)
Content-Length: 88
Content-Type: application/json; charset=utf-8
host: localhost:29433
accept: */*

Response DefaultHttpResponse(decodeResult: success, version: HTTP/1.1)
HTTP/1.1 200 OK
Content-Length: 14
Content-Type: application/json; charset=utf-8
cache-control: no-cache

22:40:21.208 [AsyncHttpClient-1-5] DEBUG org.asynchttpclient.netty.channel.ChannelManager - Adding key: http://localhost:29433 for channel [id: 0xa33a7172, L:/127.0.0.1:54666 - R:localhost/127.0.0.1:29433]
  And Tap on My_load sub module                                          # StepDefination.My_Load.Tap_on_My_load_sub_module()
22:40:21.681 [AsyncHttpClient-1-1] DEBUG org.asynchttpclient.netty.channel.DefaultChannelPool - Entry count for : http://localhost:29433 : 1
22:40:21.681 [AsyncHttpClient-1-1] DEBUG org.asynchttpclient.netty.channel.DefaultChannelPool - Entry count for : http://localhost:54667 : 1
22:40:22.723 [Forwarding findElement on session 8a7be02f923fc4c4aa8527fd240e2852 to remote] DEBUG org.asynchttpclient.netty.request.NettyRequestSender - Using pooled Channel '[id: 0xa33a7172, L:/127.0.0.1:54666 - R:localhost/127.0.0.1:29433]' for 'POST' to 'http://localhost:29433/session/8a7be02f923fc4c4aa8527fd240e2852/element'
22:40:22.723 [Forwarding findElement on session 8a7be02f923fc4c4aa8527fd240e2852 to remote] DEBUG org.asynchttpclient.netty.request.NettyRequestSender - Using open Channel [id: 0xa33a7172, L:/127.0.0.1:54666 - R:localhost/127.0.0.1:29433] for POST '/session/8a7be02f923fc4c4aa8527fd240e2852/element'
22:40:22.739 [AsyncHttpClient-1-5] DEBUG org.asynchttpclient.netty.handler.HttpHandler - 

Request DefaultHttpRequest(decodeResult: success, version: HTTP/1.1)
POST /session/8a7be02f923fc4c4aa8527fd240e2852/element HTTP/1.1
User-Agent: selenium/4.12.0 (java windows)
Content-Length: 77
Content-Type: application/json; charset=utf-8
host: localhost:29433
accept: */*

Response DefaultHttpResponse(decodeResult: success, version: HTTP/1.1)
HTTP/1.1 200 OK
Content-Length: 126
Content-Type: application/json; charset=utf-8
cache-control: no-cache

22:40:22.739 [AsyncHttpClient-1-5] DEBUG org.asynchttpclient.netty.channel.ChannelManager - Adding key: http://localhost:29433 for channel [id: 0xa33a7172, L:/127.0.0.1:54666 - R:localhost/127.0.0.1:29433]
22:40:22.739 [Forwarding clickElement on session 8a7be02f923fc4c4aa8527fd240e2852 to remote] DEBUG org.asynchttpclient.netty.request.NettyRequestSender - Using pooled Channel '[id: 0xa33a7172, L:/127.0.0.1:54666 - R:localhost/127.0.0.1:29433]' for 'POST' to 'http://localhost:29433/session/8a7be02f923fc4c4aa8527fd240e2852/element/f.D58C07B718DCC2BEA7799A44580FB4FB.d.67C579BA624A4892502BAF4709658414.e.78/click'
22:40:22.739 [Forwarding clickElement on session 8a7be02f923fc4c4aa8527fd240e2852 to remote] DEBUG org.asynchttpclient.netty.request.NettyRequestSender - Using open Channel [id: 0xa33a7172, L:/127.0.0.1:54666 - R:localhost/127.0.0.1:29433] for POST '/session/8a7be02f923fc4c4aa8527fd240e2852/element/f.D58C07B718DCC2BEA7799A44580FB4FB.d.67C579BA624A4892502BAF4709658414.e.78/click'
22:40:22.787 [AsyncHttpClient-1-1] DEBUG org.asynchttpclient.netty.channel.DefaultChannelPool - Entry count for : http://localhost:54667 : 1
22:40:22.939 [AsyncHttpClient-1-5] DEBUG org.asynchttpclient.netty.handler.HttpHandler - 

Request DefaultHttpRequest(decodeResult: success, version: HTTP/1.1)
POST /session/8a7be02f923fc4c4aa8527fd240e2852/element/f.D58C07B718DCC2BEA7799A44580FB4FB.d.67C579BA624A4892502BAF4709658414.e.78/click HTTP/1.1
User-Agent: selenium/4.12.0 (java windows)
Content-Length: 88
Content-Type: application/json; charset=utf-8
host: localhost:29433
accept: */*

Response DefaultHttpResponse(decodeResult: success, version: HTTP/1.1)
HTTP/1.1 200 OK
Content-Length: 14
Content-Type: application/json; charset=utf-8
cache-control: no-cache

22:40:22.939 [AsyncHttpClient-1-5] DEBUG org.asynchttpclient.netty.channel.ChannelManager - Adding key: http://localhost:29433 for channel [id: 0xa33a7172, L:/127.0.0.1:54666 - R:localhost/127.0.0.1:29433]
  And Open Load form                                                     # StepDefination.My_Load.Open_Load_Form()
22:40:23.885 [AsyncHttpClient-1-1] DEBUG org.asynchttpclient.netty.channel.DefaultChannelPool - Entry count for : http://localhost:29433 : 1
22:40:23.885 [AsyncHttpClient-1-1] DEBUG org.asynchttpclient.netty.channel.DefaultChannelPool - Entry count for : http://localhost:54667 : 1
22:40:23.957 [Forwarding findElement on session 8a7be02f923fc4c4aa8527fd240e2852 to remote] DEBUG org.asynchttpclient.netty.request.NettyRequestSender - Using pooled Channel '[id: 0xa33a7172, L:/127.0.0.1:54666 - R:localhost/127.0.0.1:29433]' for 'POST' to 'http://localhost:29433/session/8a7be02f923fc4c4aa8527fd240e2852/element'
22:40:23.957 [Forwarding findElement on session 8a7be02f923fc4c4aa8527fd240e2852 to remote] DEBUG org.asynchttpclient.netty.request.NettyRequestSender - Using open Channel [id: 0xa33a7172, L:/127.0.0.1:54666 - R:localhost/127.0.0.1:29433] for POST '/session/8a7be02f923fc4c4aa8527fd240e2852/element'
22:40:23.981 [AsyncHttpClient-1-5] DEBUG org.asynchttpclient.netty.handler.HttpHandler - 

Request DefaultHttpRequest(decodeResult: success, version: HTTP/1.1)
POST /session/8a7be02f923fc4c4aa8527fd240e2852/element HTTP/1.1
User-Agent: selenium/4.12.0 (java windows)
Content-Length: 83
Content-Type: application/json; charset=utf-8
host: localhost:29433
accept: */*

Response DefaultHttpResponse(decodeResult: success, version: HTTP/1.1)
HTTP/1.1 200 OK
Content-Length: 127
Content-Type: application/json; charset=utf-8
cache-control: no-cache

22:40:23.981 [AsyncHttpClient-1-5] DEBUG org.asynchttpclient.netty.channel.ChannelManager - Adding key: http://localhost:29433 for channel [id: 0xa33a7172, L:/127.0.0.1:54666 - R:localhost/127.0.0.1:29433]
22:40:23.991 [Forwarding clickElement on session 8a7be02f923fc4c4aa8527fd240e2852 to remote] DEBUG org.asynchttpclient.netty.request.NettyRequestSender - Using pooled Channel '[id: 0xa33a7172, L:/127.0.0.1:54666 - R:localhost/127.0.0.1:29433]' for 'POST' to 'http://localhost:29433/session/8a7be02f923fc4c4aa8527fd240e2852/element/f.D58C07B718DCC2BEA7799A44580FB4FB.d.67C579BA624A4892502BAF4709658414.e.139/click'
22:40:23.991 [Forwarding clickElement on session 8a7be02f923fc4c4aa8527fd240e2852 to remote] DEBUG org.asynchttpclient.netty.request.NettyRequestSender - Using open Channel [id: 0xa33a7172, L:/127.0.0.1:54666 - R:localhost/127.0.0.1:29433] for POST '/session/8a7be02f923fc4c4aa8527fd240e2852/element/f.D58C07B718DCC2BEA7799A44580FB4FB.d.67C579BA624A4892502BAF4709658414.e.139/click'
22:40:24.174 [AsyncHttpClient-1-5] DEBUG org.asynchttpclient.netty.handler.HttpHandler - 

Request DefaultHttpRequest(decodeResult: success, version: HTTP/1.1)
POST /session/8a7be02f923fc4c4aa8527fd240e2852/element/f.D58C07B718DCC2BEA7799A44580FB4FB.d.67C579BA624A4892502BAF4709658414.e.139/click HTTP/1.1
User-Agent: selenium/4.12.0 (java windows)
Content-Length: 89
Content-Type: application/json; charset=utf-8
host: localhost:29433
accept: */*

Response DefaultHttpResponse(decodeResult: success, version: HTTP/1.1)
HTTP/1.1 200 OK
Content-Length: 14
Content-Type: application/json; charset=utf-8
cache-control: no-cache

22:40:24.174 [AsyncHttpClient-1-5] DEBUG org.asynchttpclient.netty.channel.ChannelManager - Adding key: http://localhost:29433 for channel [id: 0xa33a7172, L:/127.0.0.1:54666 - R:localhost/127.0.0.1:29433]
  And Provide load and transport type FTL (Full Truckload)               # StepDefination.My_Load.Provide_transport_type(java.lang.String)
22:40:24.993 [AsyncHttpClient-1-1] DEBUG org.asynchttpclient.netty.channel.DefaultChannelPool - Entry count for : http://localhost:29433 : 1
22:40:24.993 [AsyncHttpClient-1-1] DEBUG org.asynchttpclient.netty.channel.DefaultChannelPool - Entry count for : http://localhost:54667 : 1
22:40:25.186 [Forwarding findElement on session 8a7be02f923fc4c4aa8527fd240e2852 to remote] DEBUG org.asynchttpclient.netty.request.NettyRequestSender - Using pooled Channel '[id: 0xa33a7172, L:/127.0.0.1:54666 - R:localhost/127.0.0.1:29433]' for 'POST' to 'http://localhost:29433/session/8a7be02f923fc4c4aa8527fd240e2852/element'
22:40:25.186 [Forwarding findElement on session 8a7be02f923fc4c4aa8527fd240e2852 to remote] DEBUG org.asynchttpclient.netty.request.NettyRequestSender - Using open Channel [id: 0xa33a7172, L:/127.0.0.1:54666 - R:localhost/127.0.0.1:29433] for POST '/session/8a7be02f923fc4c4aa8527fd240e2852/element'
22:40:25.210 [AsyncHttpClient-1-5] DEBUG org.asynchttpclient.netty.handler.HttpHandler - 

Request DefaultHttpRequest(decodeResult: success, version: HTTP/1.1)
POST /session/8a7be02f923fc4c4aa8527fd240e2852/element HTTP/1.1
User-Agent: selenium/4.12.0 (java windows)
Content-Length: 119
Content-Type: application/json; charset=utf-8
host: localhost:29433
accept: */*

Response DefaultHttpResponse(decodeResult: success, version: HTTP/1.1)
HTTP/1.1 200 OK
Content-Length: 127
Content-Type: application/json; charset=utf-8
cache-control: no-cache

22:40:25.210 [AsyncHttpClient-1-5] DEBUG org.asynchttpclient.netty.channel.ChannelManager - Adding key: http://localhost:29433 for channel [id: 0xa33a7172, L:/127.0.0.1:54666 - R:localhost/127.0.0.1:29433]
22:40:25.210 [Forwarding clickElement on session 8a7be02f923fc4c4aa8527fd240e2852 to remote] DEBUG org.asynchttpclient.netty.request.NettyRequestSender - Using pooled Channel '[id: 0xa33a7172, L:/127.0.0.1:54666 - R:localhost/127.0.0.1:29433]' for 'POST' to 'http://localhost:29433/session/8a7be02f923fc4c4aa8527fd240e2852/element/f.D58C07B718DCC2BEA7799A44580FB4FB.d.67C579BA624A4892502BAF4709658414.e.124/click'
22:40:25.210 [Forwarding clickElement on session 8a7be02f923fc4c4aa8527fd240e2852 to remote] DEBUG org.asynchttpclient.netty.request.NettyRequestSender - Using open Channel [id: 0xa33a7172, L:/127.0.0.1:54666 - R:localhost/127.0.0.1:29433] for POST '/session/8a7be02f923fc4c4aa8527fd240e2852/element/f.D58C07B718DCC2BEA7799A44580FB4FB.d.67C579BA624A4892502BAF4709658414.e.124/click'
22:40:25.426 [AsyncHttpClient-1-5] DEBUG org.asynchttpclient.netty.handler.HttpHandler - 

Request DefaultHttpRequest(decodeResult: success, version: HTTP/1.1)
POST /session/8a7be02f923fc4c4aa8527fd240e2852/element/f.D58C07B718DCC2BEA7799A44580FB4FB.d.67C579BA624A4892502BAF4709658414.e.124/click HTTP/1.1
User-Agent: selenium/4.12.0 (java windows)
Content-Length: 89
Content-Type: application/json; charset=utf-8
host: localhost:29433
accept: */*

Response DefaultHttpResponse(decodeResult: success, version: HTTP/1.1)
HTTP/1.1 200 OK
Content-Length: 14
Content-Type: application/json; charset=utf-8
cache-control: no-cache

22:40:25.426 [AsyncHttpClient-1-5] DEBUG org.asynchttpclient.netty.channel.ChannelManager - Adding key: http://localhost:29433 for channel [id: 0xa33a7172, L:/127.0.0.1:54666 - R:localhost/127.0.0.1:29433]
22:40:25.434 [Forwarding findElements on session 8a7be02f923fc4c4aa8527fd240e2852 to remote] DEBUG org.asynchttpclient.netty.request.NettyRequestSender - Using pooled Channel '[id: 0xa33a7172, L:/127.0.0.1:54666 - R:localhost/127.0.0.1:29433]' for 'POST' to 'http://localhost:29433/session/8a7be02f923fc4c4aa8527fd240e2852/elements'
22:40:25.434 [Forwarding findElements on session 8a7be02f923fc4c4aa8527fd240e2852 to remote] DEBUG org.asynchttpclient.netty.request.NettyRequestSender - Using open Channel [id: 0xa33a7172, L:/127.0.0.1:54666 - R:localhost/127.0.0.1:29433] for POST '/session/8a7be02f923fc4c4aa8527fd240e2852/elements'
22:40:25.474 [AsyncHttpClient-1-5] DEBUG org.asynchttpclient.netty.handler.HttpHandler - 

Request DefaultHttpRequest(decodeResult: success, version: HTTP/1.1)
POST /session/8a7be02f923fc4c4aa8527fd240e2852/elements HTTP/1.1
User-Agent: selenium/4.12.0 (java windows)
Content-Length: 97
Content-Type: application/json; charset=utf-8
host: localhost:29433
accept: */*

Response DefaultHttpResponse(decodeResult: success, version: HTTP/1.1)
HTTP/1.1 200 OK
Content-Length: 5557
Content-Type: application/json; charset=utf-8
cache-control: no-cache

22:40:25.474 [AsyncHttpClient-1-5] DEBUG org.asynchttpclient.netty.channel.ChannelManager - Adding key: http://localhost:29433 for channel [id: 0xa33a7172, L:/127.0.0.1:54666 - R:localhost/127.0.0.1:29433]
22:40:25.482 [Forwarding findElement on session 8a7be02f923fc4c4aa8527fd240e2852 to remote] DEBUG org.asynchttpclient.netty.request.NettyRequestSender - Using pooled Channel '[id: 0xa33a7172, L:/127.0.0.1:54666 - R:localhost/127.0.0.1:29433]' for 'POST' to 'http://localhost:29433/session/8a7be02f923fc4c4aa8527fd240e2852/element'
22:40:25.482 [Forwarding findElement on session 8a7be02f923fc4c4aa8527fd240e2852 to remote] DEBUG org.asynchttpclient.netty.request.NettyRequestSender - Using open Channel [id: 0xa33a7172, L:/127.0.0.1:54666 - R:localhost/127.0.0.1:29433] for POST '/session/8a7be02f923fc4c4aa8527fd240e2852/element'
22:40:25.515 [AsyncHttpClient-1-5] DEBUG org.asynchttpclient.netty.handler.HttpHandler - 

Request DefaultHttpRequest(decodeResult: success, version: HTTP/1.1)
POST /session/8a7be02f923fc4c4aa8527fd240e2852/element HTTP/1.1
User-Agent: selenium/4.12.0 (java windows)
Content-Length: 97
Content-Type: application/json; charset=utf-8
host: localhost:29433
accept: */*

Response DefaultHttpResponse(decodeResult: success, version: HTTP/1.1)
HTTP/1.1 200 OK
Content-Length: 127
Content-Type: application/json; charset=utf-8
cache-control: no-cache

22:40:25.515 [AsyncHttpClient-1-5] DEBUG org.asynchttpclient.netty.channel.ChannelManager - Adding key: http://localhost:29433 for channel [id: 0xa33a7172, L:/127.0.0.1:54666 - R:localhost/127.0.0.1:29433]
22:40:25.515 [Forwarding clickElement on session 8a7be02f923fc4c4aa8527fd240e2852 to remote] DEBUG org.asynchttpclient.netty.request.NettyRequestSender - Using pooled Channel '[id: 0xa33a7172, L:/127.0.0.1:54666 - R:localhost/127.0.0.1:29433]' for 'POST' to 'http://localhost:29433/session/8a7be02f923fc4c4aa8527fd240e2852/element/f.D58C07B718DCC2BEA7799A44580FB4FB.d.67C579BA624A4892502BAF4709658414.e.142/click'
22:40:25.515 [Forwarding clickElement on session 8a7be02f923fc4c4aa8527fd240e2852 to remote] DEBUG org.asynchttpclient.netty.request.NettyRequestSender - Using open Channel [id: 0xa33a7172, L:/127.0.0.1:54666 - R:localhost/127.0.0.1:29433] for POST '/session/8a7be02f923fc4c4aa8527fd240e2852/element/f.D58C07B718DCC2BEA7799A44580FB4FB.d.67C579BA624A4892502BAF4709658414.e.142/click'
22:40:25.715 [AsyncHttpClient-1-5] DEBUG org.asynchttpclient.netty.handler.HttpHandler - 

Request DefaultHttpRequest(decodeResult: success, version: HTTP/1.1)
POST /session/8a7be02f923fc4c4aa8527fd240e2852/element/f.D58C07B718DCC2BEA7799A44580FB4FB.d.67C579BA624A4892502BAF4709658414.e.142/click HTTP/1.1
User-Agent: selenium/4.12.0 (java windows)
Content-Length: 89
Content-Type: application/json; charset=utf-8
host: localhost:29433
accept: */*

Response DefaultHttpResponse(decodeResult: success, version: HTTP/1.1)
HTTP/1.1 200 OK
Content-Length: 14
Content-Type: application/json; charset=utf-8
cache-control: no-cache

22:40:25.715 [AsyncHttpClient-1-5] DEBUG org.asynchttpclient.netty.channel.ChannelManager - Adding key: http://localhost:29433 for channel [id: 0xa33a7172, L:/127.0.0.1:54666 - R:localhost/127.0.0.1:29433]
Add first 1
  And Provide billing details NA                                         # StepDefination.My_Load.Provide_billing_details(java.lang.String)
22:40:26.084 [AsyncHttpClient-1-1] DEBUG org.asynchttpclient.netty.channel.DefaultChannelPool - Entry count for : http://localhost:29433 : 1
22:40:26.084 [AsyncHttpClient-1-1] DEBUG org.asynchttpclient.netty.channel.DefaultChannelPool - Entry count for : http://localhost:54667 : 1
22:40:26.231 [Forwarding findElement on session 8a7be02f923fc4c4aa8527fd240e2852 to remote] DEBUG org.asynchttpclient.netty.request.NettyRequestSender - Using pooled Channel '[id: 0xa33a7172, L:/127.0.0.1:54666 - R:localhost/127.0.0.1:29433]' for 'POST' to 'http://localhost:29433/session/8a7be02f923fc4c4aa8527fd240e2852/element'
22:40:26.231 [Forwarding findElement on session 8a7be02f923fc4c4aa8527fd240e2852 to remote] DEBUG org.asynchttpclient.netty.request.NettyRequestSender - Using open Channel [id: 0xa33a7172, L:/127.0.0.1:54666 - R:localhost/127.0.0.1:29433] for POST '/session/8a7be02f923fc4c4aa8527fd240e2852/element'
22:40:26.255 [AsyncHttpClient-1-5] DEBUG org.asynchttpclient.netty.handler.HttpHandler - 

Request DefaultHttpRequest(decodeResult: success, version: HTTP/1.1)
POST /session/8a7be02f923fc4c4aa8527fd240e2852/element HTTP/1.1
User-Agent: selenium/4.12.0 (java windows)
Content-Length: 86
Content-Type: application/json; charset=utf-8
host: localhost:29433
accept: */*

Response DefaultHttpResponse(decodeResult: success, version: HTTP/1.1)
HTTP/1.1 200 OK
Content-Length: 127
Content-Type: application/json; charset=utf-8
cache-control: no-cache

22:40:26.255 [AsyncHttpClient-1-5] DEBUG org.asynchttpclient.netty.channel.ChannelManager - Adding key: http://localhost:29433 for channel [id: 0xa33a7172, L:/127.0.0.1:54666 - R:localhost/127.0.0.1:29433]
22:40:26.263 [Forwarding sendKeysToElement on session 8a7be02f923fc4c4aa8527fd240e2852 to remote] DEBUG org.asynchttpclient.netty.request.NettyRequestSender - Using pooled Channel '[id: 0xa33a7172, L:/127.0.0.1:54666 - R:localhost/127.0.0.1:29433]' for 'POST' to 'http://localhost:29433/session/8a7be02f923fc4c4aa8527fd240e2852/element/f.D58C07B718DCC2BEA7799A44580FB4FB.d.67C579BA624A4892502BAF4709658414.e.125/value'
22:40:26.263 [Forwarding sendKeysToElement on session 8a7be02f923fc4c4aa8527fd240e2852 to remote] DEBUG org.asynchttpclient.netty.request.NettyRequestSender - Using open Channel [id: 0xa33a7172, L:/127.0.0.1:54666 - R:localhost/127.0.0.1:29433] for POST '/session/8a7be02f923fc4c4aa8527fd240e2852/element/f.D58C07B718DCC2BEA7799A44580FB4FB.d.67C579BA624A4892502BAF4709658414.e.125/value'
22:40:26.512 [AsyncHttpClient-1-5] DEBUG org.asynchttpclient.netty.handler.HttpHandler - 

Request DefaultHttpRequest(decodeResult: success, version: HTTP/1.1)
POST /session/8a7be02f923fc4c4aa8527fd240e2852/element/f.D58C07B718DCC2BEA7799A44580FB4FB.d.67C579BA624A4892502BAF4709658414.e.125/value HTTP/1.1
User-Agent: selenium/4.12.0 (java windows)
Content-Length: 160
Content-Type: application/json; charset=utf-8
host: localhost:29433
accept: */*

Response DefaultHttpResponse(decodeResult: success, version: HTTP/1.1)
HTTP/1.1 200 OK
Content-Length: 14
Content-Type: application/json; charset=utf-8
cache-control: no-cache

22:40:26.512 [AsyncHttpClient-1-5] DEBUG org.asynchttpclient.netty.channel.ChannelManager - Adding key: http://localhost:29433 for channel [id: 0xa33a7172, L:/127.0.0.1:54666 - R:localhost/127.0.0.1:29433]
22:40:26.520 [Forwarding findElement on session 8a7be02f923fc4c4aa8527fd240e2852 to remote] DEBUG org.asynchttpclient.netty.request.NettyRequestSender - Using pooled Channel '[id: 0xa33a7172, L:/127.0.0.1:54666 - R:localhost/127.0.0.1:29433]' for 'POST' to 'http://localhost:29433/session/8a7be02f923fc4c4aa8527fd240e2852/element'
22:40:26.520 [Forwarding findElement on session 8a7be02f923fc4c4aa8527fd240e2852 to remote] DEBUG org.asynchttpclient.netty.request.NettyRequestSender - Using open Channel [id: 0xa33a7172, L:/127.0.0.1:54666 - R:localhost/127.0.0.1:29433] for POST '/session/8a7be02f923fc4c4aa8527fd240e2852/element'
22:40:26.664 [AsyncHttpClient-1-5] DEBUG org.asynchttpclient.netty.handler.HttpHandler - 

Request DefaultHttpRequest(decodeResult: success, version: HTTP/1.1)
POST /session/8a7be02f923fc4c4aa8527fd240e2852/element HTTP/1.1
User-Agent: selenium/4.12.0 (java windows)
Content-Length: 96
Content-Type: application/json; charset=utf-8
host: localhost:29433
accept: */*

Response DefaultHttpResponse(decodeResult: success, version: HTTP/1.1)
HTTP/1.1 200 OK
Content-Length: 127
Content-Type: application/json; charset=utf-8
cache-control: no-cache

22:40:26.664 [AsyncHttpClient-1-5] DEBUG org.asynchttpclient.netty.channel.ChannelManager - Adding key: http://localhost:29433 for channel [id: 0xa33a7172, L:/127.0.0.1:54666 - R:localhost/127.0.0.1:29433]
22:40:26.672 [Forwarding actions on session 8a7be02f923fc4c4aa8527fd240e2852 to remote] DEBUG org.asynchttpclient.netty.request.NettyRequestSender - Using pooled Channel '[id: 0xa33a7172, L:/127.0.0.1:54666 - R:localhost/127.0.0.1:29433]' for 'POST' to 'http://localhost:29433/session/8a7be02f923fc4c4aa8527fd240e2852/actions'
22:40:26.672 [Forwarding actions on session 8a7be02f923fc4c4aa8527fd240e2852 to remote] DEBUG org.asynchttpclient.netty.request.NettyRequestSender - Using open Channel [id: 0xa33a7172, L:/127.0.0.1:54666 - R:localhost/127.0.0.1:29433] for POST '/session/8a7be02f923fc4c4aa8527fd240e2852/actions'
22:40:27.049 [AsyncHttpClient-1-5] DEBUG org.asynchttpclient.netty.handler.HttpHandler - 

Request DefaultHttpRequest(decodeResult: success, version: HTTP/1.1)
POST /session/8a7be02f923fc4c4aa8527fd240e2852/actions HTTP/1.1
User-Agent: selenium/4.12.0 (java windows)
Content-Length: 606
Content-Type: application/json; charset=utf-8
host: localhost:29433
accept: */*

Response DefaultHttpResponse(decodeResult: success, version: HTTP/1.1)
HTTP/1.1 200 OK
Content-Length: 14
Content-Type: application/json; charset=utf-8
cache-control: no-cache

22:40:27.049 [AsyncHttpClient-1-5] DEBUG org.asynchttpclient.netty.channel.ChannelManager - Adding key: http://localhost:29433 for channel [id: 0xa33a7172, L:/127.0.0.1:54666 - R:localhost/127.0.0.1:29433]
22:40:27.194 [AsyncHttpClient-1-1] DEBUG org.asynchttpclient.netty.channel.DefaultChannelPool - Entry count for : http://localhost:29433 : 1
22:40:27.194 [AsyncHttpClient-1-1] DEBUG org.asynchttpclient.netty.channel.DefaultChannelPool - Entry count for : http://localhost:54667 : 1
  And Provide multiples_Po_number 1144 1                                 # StepDefination.My_Load.Provide_multiples_Po_number(java.lang.String,int)
22:40:28.292 [AsyncHttpClient-1-1] DEBUG org.asynchttpclient.netty.channel.DefaultChannelPool - Entry count for : http://localhost:29433 : 1
22:40:28.292 [AsyncHttpClient-1-1] DEBUG org.asynchttpclient.netty.channel.DefaultChannelPool - Entry count for : http://localhost:54667 : 1
22:40:28.575 [Forwarding findElement on session 8a7be02f923fc4c4aa8527fd240e2852 to remote] DEBUG org.asynchttpclient.netty.request.NettyRequestSender - Using pooled Channel '[id: 0xa33a7172, L:/127.0.0.1:54666 - R:localhost/127.0.0.1:29433]' for 'POST' to 'http://localhost:29433/session/8a7be02f923fc4c4aa8527fd240e2852/element'
22:40:28.575 [Forwarding findElement on session 8a7be02f923fc4c4aa8527fd240e2852 to remote] DEBUG org.asynchttpclient.netty.request.NettyRequestSender - Using open Channel [id: 0xa33a7172, L:/127.0.0.1:54666 - R:localhost/127.0.0.1:29433] for POST '/session/8a7be02f923fc4c4aa8527fd240e2852/element'
22:40:28.599 [AsyncHttpClient-1-5] DEBUG org.asynchttpclient.netty.handler.HttpHandler - 

Request DefaultHttpRequest(decodeResult: success, version: HTTP/1.1)
POST /session/8a7be02f923fc4c4aa8527fd240e2852/element HTTP/1.1
User-Agent: selenium/4.12.0 (java windows)
Content-Length: 130
Content-Type: application/json; charset=utf-8
host: localhost:29433
accept: */*

Response DefaultHttpResponse(decodeResult: success, version: HTTP/1.1)
HTTP/1.1 200 OK
Content-Length: 127
Content-Type: application/json; charset=utf-8
cache-control: no-cache

22:40:28.599 [AsyncHttpClient-1-5] DEBUG org.asynchttpclient.netty.channel.ChannelManager - Adding key: http://localhost:29433 for channel [id: 0xa33a7172, L:/127.0.0.1:54666 - R:localhost/127.0.0.1:29433]
22:40:28.603 [Forwarding clickElement on session 8a7be02f923fc4c4aa8527fd240e2852 to remote] DEBUG org.asynchttpclient.netty.request.NettyRequestSender - Using pooled Channel '[id: 0xa33a7172, L:/127.0.0.1:54666 - R:localhost/127.0.0.1:29433]' for 'POST' to 'http://localhost:29433/session/8a7be02f923fc4c4aa8527fd240e2852/element/f.D58C07B718DCC2BEA7799A44580FB4FB.d.67C579BA624A4892502BAF4709658414.e.196/click'
22:40:28.603 [Forwarding clickElement on session 8a7be02f923fc4c4aa8527fd240e2852 to remote] DEBUG org.asynchttpclient.netty.request.NettyRequestSender - Using open Channel [id: 0xa33a7172, L:/127.0.0.1:54666 - R:localhost/127.0.0.1:29433] for POST '/session/8a7be02f923fc4c4aa8527fd240e2852/element/f.D58C07B718DCC2BEA7799A44580FB4FB.d.67C579BA624A4892502BAF4709658414.e.196/click'
22:40:28.735 [AsyncHttpClient-1-5] DEBUG org.asynchttpclient.netty.handler.HttpHandler - 

Request DefaultHttpRequest(decodeResult: success, version: HTTP/1.1)
POST /session/8a7be02f923fc4c4aa8527fd240e2852/element/f.D58C07B718DCC2BEA7799A44580FB4FB.d.67C579BA624A4892502BAF4709658414.e.196/click HTTP/1.1
User-Agent: selenium/4.12.0 (java windows)
Content-Length: 89
Content-Type: application/json; charset=utf-8
host: localhost:29433
accept: */*

Response DefaultHttpResponse(decodeResult: success, version: HTTP/1.1)
HTTP/1.1 200 OK
Content-Length: 14
Content-Type: application/json; charset=utf-8
cache-control: no-cache

22:40:28.735 [AsyncHttpClient-1-5] DEBUG org.asynchttpclient.netty.channel.ChannelManager - Adding key: http://localhost:29433 for channel [id: 0xa33a7172, L:/127.0.0.1:54666 - R:localhost/127.0.0.1:29433]
22:40:29.250 [Forwarding findElement on session 8a7be02f923fc4c4aa8527fd240e2852 to remote] DEBUG org.asynchttpclient.netty.request.NettyRequestSender - Using pooled Channel '[id: 0xa33a7172, L:/127.0.0.1:54666 - R:localhost/127.0.0.1:29433]' for 'POST' to 'http://localhost:29433/session/8a7be02f923fc4c4aa8527fd240e2852/element'
22:40:29.250 [Forwarding findElement on session 8a7be02f923fc4c4aa8527fd240e2852 to remote] DEBUG org.asynchttpclient.netty.request.NettyRequestSender - Using open Channel [id: 0xa33a7172, L:/127.0.0.1:54666 - R:localhost/127.0.0.1:29433] for POST '/session/8a7be02f923fc4c4aa8527fd240e2852/element'
22:40:29.258 [AsyncHttpClient-1-5] DEBUG org.asynchttpclient.netty.handler.HttpHandler - 

Request DefaultHttpRequest(decodeResult: success, version: HTTP/1.1)
POST /session/8a7be02f923fc4c4aa8527fd240e2852/element HTTP/1.1
User-Agent: selenium/4.12.0 (java windows)
Content-Length: 130
Content-Type: application/json; charset=utf-8
host: localhost:29433
accept: */*

Response DefaultHttpResponse(decodeResult: success, version: HTTP/1.1)
HTTP/1.1 200 OK
Content-Length: 127
Content-Type: application/json; charset=utf-8
cache-control: no-cache

22:40:29.258 [AsyncHttpClient-1-5] DEBUG org.asynchttpclient.netty.channel.ChannelManager - Adding key: http://localhost:29433 for channel [id: 0xa33a7172, L:/127.0.0.1:54666 - R:localhost/127.0.0.1:29433]
22:40:29.266 [Forwarding clickElement on session 8a7be02f923fc4c4aa8527fd240e2852 to remote] DEBUG org.asynchttpclient.netty.request.NettyRequestSender - Using pooled Channel '[id: 0xa33a7172, L:/127.0.0.1:54666 - R:localhost/127.0.0.1:29433]' for 'POST' to 'http://localhost:29433/session/8a7be02f923fc4c4aa8527fd240e2852/element/f.D58C07B718DCC2BEA7799A44580FB4FB.d.67C579BA624A4892502BAF4709658414.e.200/click'
22:40:29.266 [Forwarding clickElement on session 8a7be02f923fc4c4aa8527fd240e2852 to remote] DEBUG org.asynchttpclient.netty.request.NettyRequestSender - Using open Channel [id: 0xa33a7172, L:/127.0.0.1:54666 - R:localhost/127.0.0.1:29433] for POST '/session/8a7be02f923fc4c4aa8527fd240e2852/element/f.D58C07B718DCC2BEA7799A44580FB4FB.d.67C579BA624A4892502BAF4709658414.e.200/click'
22:40:29.345 [AsyncHttpClient-1-5] DEBUG org.asynchttpclient.netty.handler.HttpHandler - 

Request DefaultHttpRequest(decodeResult: success, version: HTTP/1.1)
POST /session/8a7be02f923fc4c4aa8527fd240e2852/element/f.D58C07B718DCC2BEA7799A44580FB4FB.d.67C579BA624A4892502BAF4709658414.e.200/click HTTP/1.1
User-Agent: selenium/4.12.0 (java windows)
Content-Length: 89
Content-Type: application/json; charset=utf-8
host: localhost:29433
accept: */*

Response DefaultHttpResponse(decodeResult: success, version: HTTP/1.1)
HTTP/1.1 200 OK
Content-Length: 14
Content-Type: application/json; charset=utf-8
cache-control: no-cache

22:40:29.345 [AsyncHttpClient-1-5] DEBUG org.asynchttpclient.netty.channel.ChannelManager - Adding key: http://localhost:29433 for channel [id: 0xa33a7172, L:/127.0.0.1:54666 - R:localhost/127.0.0.1:29433]
22:40:29.393 [AsyncHttpClient-1-1] DEBUG org.asynchttpclient.netty.channel.DefaultChannelPool - Entry count for : http://localhost:29433 : 1
22:40:29.393 [AsyncHttpClient-1-1] DEBUG org.asynchttpclient.netty.channel.DefaultChannelPool - Entry count for : http://localhost:54667 : 1
22:40:29.859 [Forwarding findElement on session 8a7be02f923fc4c4aa8527fd240e2852 to remote] DEBUG org.asynchttpclient.netty.request.NettyRequestSender - Using pooled Channel '[id: 0xa33a7172, L:/127.0.0.1:54666 - R:localhost/127.0.0.1:29433]' for 'POST' to 'http://localhost:29433/session/8a7be02f923fc4c4aa8527fd240e2852/element'
22:40:29.859 [Forwarding findElement on session 8a7be02f923fc4c4aa8527fd240e2852 to remote] DEBUG org.asynchttpclient.netty.request.NettyRequestSender - Using open Channel [id: 0xa33a7172, L:/127.0.0.1:54666 - R:localhost/127.0.0.1:29433] for POST '/session/8a7be02f923fc4c4aa8527fd240e2852/element'
22:40:29.878 [AsyncHttpClient-1-5] DEBUG org.asynchttpclient.netty.handler.HttpHandler - 

Request DefaultHttpRequest(decodeResult: success, version: HTTP/1.1)
POST /session/8a7be02f923fc4c4aa8527fd240e2852/element HTTP/1.1
User-Agent: selenium/4.12.0 (java windows)
Content-Length: 130
Content-Type: application/json; charset=utf-8
host: localhost:29433
accept: */*

Response DefaultHttpResponse(decodeResult: success, version: HTTP/1.1)
HTTP/1.1 200 OK
Content-Length: 127
Content-Type: application/json; charset=utf-8
cache-control: no-cache

22:40:29.878 [AsyncHttpClient-1-5] DEBUG org.asynchttpclient.netty.channel.ChannelManager - Adding key: http://localhost:29433 for channel [id: 0xa33a7172, L:/127.0.0.1:54666 - R:localhost/127.0.0.1:29433]
22:40:29.878 [Forwarding clickElement on session 8a7be02f923fc4c4aa8527fd240e2852 to remote] DEBUG org.asynchttpclient.netty.request.NettyRequestSender - Using pooled Channel '[id: 0xa33a7172, L:/127.0.0.1:54666 - R:localhost/127.0.0.1:29433]' for 'POST' to 'http://localhost:29433/session/8a7be02f923fc4c4aa8527fd240e2852/element/f.D58C07B718DCC2BEA7799A44580FB4FB.d.67C579BA624A4892502BAF4709658414.e.200/click'
22:40:29.878 [Forwarding clickElement on session 8a7be02f923fc4c4aa8527fd240e2852 to remote] DEBUG org.asynchttpclient.netty.request.NettyRequestSender - Using open Channel [id: 0xa33a7172, L:/127.0.0.1:54666 - R:localhost/127.0.0.1:29433] for POST '/session/8a7be02f923fc4c4aa8527fd240e2852/element/f.D58C07B718DCC2BEA7799A44580FB4FB.d.67C579BA624A4892502BAF4709658414.e.200/click'
22:40:29.978 [AsyncHttpClient-1-5] DEBUG org.asynchttpclient.netty.handler.HttpHandler - 

Request DefaultHttpRequest(decodeResult: success, version: HTTP/1.1)
POST /session/8a7be02f923fc4c4aa8527fd240e2852/element/f.D58C07B718DCC2BEA7799A44580FB4FB.d.67C579BA624A4892502BAF4709658414.e.200/click HTTP/1.1
User-Agent: selenium/4.12.0 (java windows)
Content-Length: 89
Content-Type: application/json; charset=utf-8
host: localhost:29433
accept: */*

Response DefaultHttpResponse(decodeResult: success, version: HTTP/1.1)
HTTP/1.1 200 OK
Content-Length: 14
Content-Type: application/json; charset=utf-8
cache-control: no-cache

22:40:29.978 [AsyncHttpClient-1-5] DEBUG org.asynchttpclient.netty.channel.ChannelManager - Adding key: http://localhost:29433 for channel [id: 0xa33a7172, L:/127.0.0.1:54666 - R:localhost/127.0.0.1:29433]
22:40:30.480 [AsyncHttpClient-1-1] DEBUG org.asynchttpclient.netty.channel.DefaultChannelPool - Entry count for : http://localhost:29433 : 1
22:40:30.480 [AsyncHttpClient-1-1] DEBUG org.asynchttpclient.netty.channel.DefaultChannelPool - Entry count for : http://localhost:54667 : 1
22:40:30.497 [Forwarding findElement on session 8a7be02f923fc4c4aa8527fd240e2852 to remote] DEBUG org.asynchttpclient.netty.request.NettyRequestSender - Using pooled Channel '[id: 0xa33a7172, L:/127.0.0.1:54666 - R:localhost/127.0.0.1:29433]' for 'POST' to 'http://localhost:29433/session/8a7be02f923fc4c4aa8527fd240e2852/element'
22:40:30.497 [Forwarding findElement on session 8a7be02f923fc4c4aa8527fd240e2852 to remote] DEBUG org.asynchttpclient.netty.request.NettyRequestSender - Using open Channel [id: 0xa33a7172, L:/127.0.0.1:54666 - R:localhost/127.0.0.1:29433] for POST '/session/8a7be02f923fc4c4aa8527fd240e2852/element'
22:40:30.514 [AsyncHttpClient-1-5] DEBUG org.asynchttpclient.netty.handler.HttpHandler - 

Request DefaultHttpRequest(decodeResult: success, version: HTTP/1.1)
POST /session/8a7be02f923fc4c4aa8527fd240e2852/element HTTP/1.1
User-Agent: selenium/4.12.0 (java windows)
Content-Length: 130
Content-Type: application/json; charset=utf-8
host: localhost:29433
accept: */*

Response DefaultHttpResponse(decodeResult: success, version: HTTP/1.1)
HTTP/1.1 200 OK
Content-Length: 127
Content-Type: application/json; charset=utf-8
cache-control: no-cache

22:40:30.514 [AsyncHttpClient-1-5] DEBUG org.asynchttpclient.netty.channel.ChannelManager - Adding key: http://localhost:29433 for channel [id: 0xa33a7172, L:/127.0.0.1:54666 - R:localhost/127.0.0.1:29433]
22:40:30.518 [Forwarding clickElement on session 8a7be02f923fc4c4aa8527fd240e2852 to remote] DEBUG org.asynchttpclient.netty.request.NettyRequestSender - Using pooled Channel '[id: 0xa33a7172, L:/127.0.0.1:54666 - R:localhost/127.0.0.1:29433]' for 'POST' to 'http://localhost:29433/session/8a7be02f923fc4c4aa8527fd240e2852/element/f.D58C07B718DCC2BEA7799A44580FB4FB.d.67C579BA624A4892502BAF4709658414.e.200/click'
22:40:30.518 [Forwarding clickElement on session 8a7be02f923fc4c4aa8527fd240e2852 to remote] DEBUG org.asynchttpclient.netty.request.NettyRequestSender - Using open Channel [id: 0xa33a7172, L:/127.0.0.1:54666 - R:localhost/127.0.0.1:29433] for POST '/session/8a7be02f923fc4c4aa8527fd240e2852/element/f.D58C07B718DCC2BEA7799A44580FB4FB.d.67C579BA624A4892502BAF4709658414.e.200/click'
22:40:30.622 [AsyncHttpClient-1-5] DEBUG org.asynchttpclient.netty.handler.HttpHandler - 

Request DefaultHttpRequest(decodeResult: success, version: HTTP/1.1)
POST /session/8a7be02f923fc4c4aa8527fd240e2852/element/f.D58C07B718DCC2BEA7799A44580FB4FB.d.67C579BA624A4892502BAF4709658414.e.200/click HTTP/1.1
User-Agent: selenium/4.12.0 (java windows)
Content-Length: 89
Content-Type: application/json; charset=utf-8
host: localhost:29433
accept: */*

Response DefaultHttpResponse(decodeResult: success, version: HTTP/1.1)
HTTP/1.1 200 OK
Content-Length: 14
Content-Type: application/json; charset=utf-8
cache-control: no-cache

22:40:30.622 [AsyncHttpClient-1-5] DEBUG org.asynchttpclient.netty.channel.ChannelManager - Adding key: http://localhost:29433 for channel [id: 0xa33a7172, L:/127.0.0.1:54666 - R:localhost/127.0.0.1:29433]
  And Delete_Po_number 1                                                 # StepDefination.My_Load.Provide_Po_number(java.lang.String)
22:40:31.131 [Forwarding findElement on session 8a7be02f923fc4c4aa8527fd240e2852 to remote] DEBUG org.asynchttpclient.netty.request.NettyRequestSender - Using pooled Channel '[id: 0xa33a7172, L:/127.0.0.1:54666 - R:localhost/127.0.0.1:29433]' for 'POST' to 'http://localhost:29433/session/8a7be02f923fc4c4aa8527fd240e2852/element'
22:40:31.131 [Forwarding findElement on session 8a7be02f923fc4c4aa8527fd240e2852 to remote] DEBUG org.asynchttpclient.netty.request.NettyRequestSender - Using open Channel [id: 0xa33a7172, L:/127.0.0.1:54666 - R:localhost/127.0.0.1:29433] for POST '/session/8a7be02f923fc4c4aa8527fd240e2852/element'
22:40:31.155 [AsyncHttpClient-1-5] DEBUG org.asynchttpclient.netty.handler.HttpHandler - 

Request DefaultHttpRequest(decodeResult: success, version: HTTP/1.1)
POST /session/8a7be02f923fc4c4aa8527fd240e2852/element HTTP/1.1
User-Agent: selenium/4.12.0 (java windows)
Content-Length: 98
Content-Type: application/json; charset=utf-8
host: localhost:29433
accept: */*

Response DefaultHttpResponse(decodeResult: success, version: HTTP/1.1)
HTTP/1.1 200 OK
Content-Length: 127
Content-Type: application/json; charset=utf-8
cache-control: no-cache

22:40:31.155 [AsyncHttpClient-1-5] DEBUG org.asynchttpclient.netty.channel.ChannelManager - Adding key: http://localhost:29433 for channel [id: 0xa33a7172, L:/127.0.0.1:54666 - R:localhost/127.0.0.1:29433]
22:40:31.155 [Forwarding sendKeysToElement on session 8a7be02f923fc4c4aa8527fd240e2852 to remote] DEBUG org.asynchttpclient.netty.request.NettyRequestSender - Using pooled Channel '[id: 0xa33a7172, L:/127.0.0.1:54666 - R:localhost/127.0.0.1:29433]' for 'POST' to 'http://localhost:29433/session/8a7be02f923fc4c4aa8527fd240e2852/element/f.D58C07B718DCC2BEA7799A44580FB4FB.d.67C579BA624A4892502BAF4709658414.e.126/value'
22:40:31.155 [Forwarding sendKeysToElement on session 8a7be02f923fc4c4aa8527fd240e2852 to remote] DEBUG org.asynchttpclient.netty.request.NettyRequestSender - Using open Channel [id: 0xa33a7172, L:/127.0.0.1:54666 - R:localhost/127.0.0.1:29433] for POST '/session/8a7be02f923fc4c4aa8527fd240e2852/element/f.D58C07B718DCC2BEA7799A44580FB4FB.d.67C579BA624A4892502BAF4709658414.e.126/value'
22:40:31.346 [AsyncHttpClient-1-5] DEBUG org.asynchttpclient.netty.handler.HttpHandler - 

Request DefaultHttpRequest(decodeResult: success, version: HTTP/1.1)
POST /session/8a7be02f923fc4c4aa8527fd240e2852/element/f.D58C07B718DCC2BEA7799A44580FB4FB.d.67C579BA624A4892502BAF4709658414.e.126/value HTTP/1.1
User-Agent: selenium/4.12.0 (java windows)
Content-Length: 170
Content-Type: application/json; charset=utf-8
host: localhost:29433
accept: */*

Response DefaultHttpResponse(decodeResult: success, version: HTTP/1.1)
HTTP/1.1 200 OK
Content-Length: 14
Content-Type: application/json; charset=utf-8
cache-control: no-cache

22:40:31.346 [AsyncHttpClient-1-5] DEBUG org.asynchttpclient.netty.channel.ChannelManager - Adding key: http://localhost:29433 for channel [id: 0xa33a7172, L:/127.0.0.1:54666 - R:localhost/127.0.0.1:29433]
  And Provide order_number 23142                                         # StepDefination.My_Load.Provide_order_number(java.lang.String)
22:40:31.591 [AsyncHttpClient-1-1] DEBUG org.asynchttpclient.netty.channel.DefaultChannelPool - Entry count for : http://localhost:29433 : 1
22:40:31.591 [AsyncHttpClient-1-1] DEBUG org.asynchttpclient.netty.channel.DefaultChannelPool - Entry count for : http://localhost:54667 : 1
22:40:31.865 [Forwarding findElement on session 8a7be02f923fc4c4aa8527fd240e2852 to remote] DEBUG org.asynchttpclient.netty.request.NettyRequestSender - Using pooled Channel '[id: 0xa33a7172, L:/127.0.0.1:54666 - R:localhost/127.0.0.1:29433]' for 'POST' to 'http://localhost:29433/session/8a7be02f923fc4c4aa8527fd240e2852/element'
22:40:31.865 [Forwarding findElement on session 8a7be02f923fc4c4aa8527fd240e2852 to remote] DEBUG org.asynchttpclient.netty.request.NettyRequestSender - Using open Channel [id: 0xa33a7172, L:/127.0.0.1:54666 - R:localhost/127.0.0.1:29433] for POST '/session/8a7be02f923fc4c4aa8527fd240e2852/element'
22:40:31.885 [AsyncHttpClient-1-5] DEBUG org.asynchttpclient.netty.handler.HttpHandler - 

Request DefaultHttpRequest(decodeResult: success, version: HTTP/1.1)
POST /session/8a7be02f923fc4c4aa8527fd240e2852/element HTTP/1.1
User-Agent: selenium/4.12.0 (java windows)
Content-Length: 78
Content-Type: application/json; charset=utf-8
host: localhost:29433
accept: */*

Response DefaultHttpResponse(decodeResult: success, version: HTTP/1.1)
HTTP/1.1 200 OK
Content-Length: 127
Content-Type: application/json; charset=utf-8
cache-control: no-cache

22:40:31.890 [AsyncHttpClient-1-5] DEBUG org.asynchttpclient.netty.channel.ChannelManager - Adding key: http://localhost:29433 for channel [id: 0xa33a7172, L:/127.0.0.1:54666 - R:localhost/127.0.0.1:29433]
22:40:31.890 [Forwarding actions on session 8a7be02f923fc4c4aa8527fd240e2852 to remote] DEBUG org.asynchttpclient.netty.request.NettyRequestSender - Using pooled Channel '[id: 0xa33a7172, L:/127.0.0.1:54666 - R:localhost/127.0.0.1:29433]' for 'POST' to 'http://localhost:29433/session/8a7be02f923fc4c4aa8527fd240e2852/actions'
22:40:31.890 [Forwarding actions on session 8a7be02f923fc4c4aa8527fd240e2852 to remote] DEBUG org.asynchttpclient.netty.request.NettyRequestSender - Using open Channel [id: 0xa33a7172, L:/127.0.0.1:54666 - R:localhost/127.0.0.1:29433] for POST '/session/8a7be02f923fc4c4aa8527fd240e2852/actions'
22:40:32.060 [AsyncHttpClient-1-5] DEBUG org.asynchttpclient.netty.handler.HttpHandler - 

Request DefaultHttpRequest(decodeResult: success, version: HTTP/1.1)
POST /session/8a7be02f923fc4c4aa8527fd240e2852/actions HTTP/1.1
User-Agent: selenium/4.12.0 (java windows)
Content-Length: 606
Content-Type: application/json; charset=utf-8
host: localhost:29433
accept: */*

Response DefaultHttpResponse(decodeResult: success, version: HTTP/1.1)
HTTP/1.1 200 OK
Content-Length: 14
Content-Type: application/json; charset=utf-8
cache-control: no-cache

22:40:32.064 [AsyncHttpClient-1-5] DEBUG org.asynchttpclient.netty.channel.ChannelManager - Adding key: http://localhost:29433 for channel [id: 0xa33a7172, L:/127.0.0.1:54666 - R:localhost/127.0.0.1:29433]
  And Provide perticuler shipping Fast Shipping                          # StepDefination.My_Load.Provide_shipping_type(java.lang.String)
22:40:32.576 [Forwarding findElement on session 8a7be02f923fc4c4aa8527fd240e2852 to remote] DEBUG org.asynchttpclient.netty.request.NettyRequestSender - Using pooled Channel '[id: 0xa33a7172, L:/127.0.0.1:54666 - R:localhost/127.0.0.1:29433]' for 'POST' to 'http://localhost:29433/session/8a7be02f923fc4c4aa8527fd240e2852/element'
22:40:32.576 [Forwarding findElement on session 8a7be02f923fc4c4aa8527fd240e2852 to remote] DEBUG org.asynchttpclient.netty.request.NettyRequestSender - Using open Channel [id: 0xa33a7172, L:/127.0.0.1:54666 - R:localhost/127.0.0.1:29433] for POST '/session/8a7be02f923fc4c4aa8527fd240e2852/element'
22:40:32.601 [AsyncHttpClient-1-5] DEBUG org.asynchttpclient.netty.handler.HttpHandler - 

Request DefaultHttpRequest(decodeResult: success, version: HTTP/1.1)
POST /session/8a7be02f923fc4c4aa8527fd240e2852/element HTTP/1.1
User-Agent: selenium/4.12.0 (java windows)
Content-Length: 86
Content-Type: application/json; charset=utf-8
host: localhost:29433
accept: */*

Response DefaultHttpResponse(decodeResult: success, version: HTTP/1.1)
HTTP/1.1 200 OK
Content-Length: 127
Content-Type: application/json; charset=utf-8
cache-control: no-cache

22:40:32.601 [AsyncHttpClient-1-5] DEBUG org.asynchttpclient.netty.channel.ChannelManager - Adding key: http://localhost:29433 for channel [id: 0xa33a7172, L:/127.0.0.1:54666 - R:localhost/127.0.0.1:29433]
22:40:32.601 [Forwarding clickElement on session 8a7be02f923fc4c4aa8527fd240e2852 to remote] DEBUG org.asynchttpclient.netty.request.NettyRequestSender - Using pooled Channel '[id: 0xa33a7172, L:/127.0.0.1:54666 - R:localhost/127.0.0.1:29433]' for 'POST' to 'http://localhost:29433/session/8a7be02f923fc4c4aa8527fd240e2852/element/f.D58C07B718DCC2BEA7799A44580FB4FB.d.67C579BA624A4892502BAF4709658414.e.206/click'
22:40:32.601 [Forwarding clickElement on session 8a7be02f923fc4c4aa8527fd240e2852 to remote] DEBUG org.asynchttpclient.netty.request.NettyRequestSender - Using open Channel [id: 0xa33a7172, L:/127.0.0.1:54666 - R:localhost/127.0.0.1:29433] for POST '/session/8a7be02f923fc4c4aa8527fd240e2852/element/f.D58C07B718DCC2BEA7799A44580FB4FB.d.67C579BA624A4892502BAF4709658414.e.206/click'
22:40:32.691 [AsyncHttpClient-1-1] DEBUG org.asynchttpclient.netty.channel.DefaultChannelPool - Entry count for : http://localhost:54667 : 1
22:40:32.724 [AsyncHttpClient-1-5] DEBUG org.asynchttpclient.netty.handler.HttpHandler - 

Request DefaultHttpRequest(decodeResult: success, version: HTTP/1.1)
POST /session/8a7be02f923fc4c4aa8527fd240e2852/element/f.D58C07B718DCC2BEA7799A44580FB4FB.d.67C579BA624A4892502BAF4709658414.e.206/click HTTP/1.1
User-Agent: selenium/4.12.0 (java windows)
Content-Length: 89
Content-Type: application/json; charset=utf-8
host: localhost:29433
accept: */*

Response DefaultHttpResponse(decodeResult: success, version: HTTP/1.1)
HTTP/1.1 200 OK
Content-Length: 14
Content-Type: application/json; charset=utf-8
cache-control: no-cache

22:40:32.724 [AsyncHttpClient-1-5] DEBUG org.asynchttpclient.netty.channel.ChannelManager - Adding key: http://localhost:29433 for channel [id: 0xa33a7172, L:/127.0.0.1:54666 - R:localhost/127.0.0.1:29433]
  When Tap on submit button                                              # StepDefination.My_Load.Submit_form()
22:40:33.240 [Forwarding findElement on session 8a7be02f923fc4c4aa8527fd240e2852 to remote] DEBUG org.asynchttpclient.netty.request.NettyRequestSender - Using pooled Channel '[id: 0xa33a7172, L:/127.0.0.1:54666 - R:localhost/127.0.0.1:29433]' for 'POST' to 'http://localhost:29433/session/8a7be02f923fc4c4aa8527fd240e2852/element'
22:40:33.240 [Forwarding findElement on session 8a7be02f923fc4c4aa8527fd240e2852 to remote] DEBUG org.asynchttpclient.netty.request.NettyRequestSender - Using open Channel [id: 0xa33a7172, L:/127.0.0.1:54666 - R:localhost/127.0.0.1:29433] for POST '/session/8a7be02f923fc4c4aa8527fd240e2852/element'
22:40:33.255 [AsyncHttpClient-1-5] DEBUG org.asynchttpclient.netty.handler.HttpHandler - 

Request DefaultHttpRequest(decodeResult: success, version: HTTP/1.1)
POST /session/8a7be02f923fc4c4aa8527fd240e2852/element HTTP/1.1
User-Agent: selenium/4.12.0 (java windows)
Content-Length: 84
Content-Type: application/json; charset=utf-8
host: localhost:29433
accept: */*

Response DefaultHttpResponse(decodeResult: success, version: HTTP/1.1)
HTTP/1.1 200 OK
Content-Length: 127
Content-Type: application/json; charset=utf-8
cache-control: no-cache

22:40:33.263 [AsyncHttpClient-1-5] DEBUG org.asynchttpclient.netty.channel.ChannelManager - Adding key: http://localhost:29433 for channel [id: 0xa33a7172, L:/127.0.0.1:54666 - R:localhost/127.0.0.1:29433]
22:40:33.264 [Forwarding isElementDisplayed on session 8a7be02f923fc4c4aa8527fd240e2852 to remote] DEBUG org.asynchttpclient.netty.request.NettyRequestSender - Using pooled Channel '[id: 0xa33a7172, L:/127.0.0.1:54666 - R:localhost/127.0.0.1:29433]' for 'POST' to 'http://localhost:29433/session/8a7be02f923fc4c4aa8527fd240e2852/execute/sync'
22:40:33.264 [Forwarding isElementDisplayed on session 8a7be02f923fc4c4aa8527fd240e2852 to remote] DEBUG org.asynchttpclient.netty.request.NettyRequestSender - Using open Channel [id: 0xa33a7172, L:/127.0.0.1:54666 - R:localhost/127.0.0.1:29433] for POST '/session/8a7be02f923fc4c4aa8527fd240e2852/execute/sync'
22:40:33.288 [AsyncHttpClient-1-5] DEBUG org.asynchttpclient.netty.handler.HttpHandler - 

Request DefaultHttpRequest(decodeResult: success, version: HTTP/1.1)
POST /session/8a7be02f923fc4c4aa8527fd240e2852/execute/sync HTTP/1.1
User-Agent: selenium/4.12.0 (java windows)
Content-Length: 48735
Content-Type: application/json; charset=utf-8
host: localhost:29433
accept: */*

Response DefaultHttpResponse(decodeResult: success, version: HTTP/1.1)
HTTP/1.1 200 OK
Content-Length: 14
Content-Type: application/json; charset=utf-8
cache-control: no-cache

22:40:33.288 [AsyncHttpClient-1-5] DEBUG org.asynchttpclient.netty.channel.ChannelManager - Adding key: http://localhost:29433 for channel [id: 0xa33a7172, L:/127.0.0.1:54666 - R:localhost/127.0.0.1:29433]
Display the error response when user not provide po number 
  Then Display the error response on PO number PO Number is required     # StepDefination.My_Load.verify_PO_Number(java.lang.String)
22:40:33.296 [Driver Command Executor] DEBUG org.asynchttpclient.netty.request.NettyRequestSender - Using pooled Channel '[id: 0xa33a7172, L:/127.0.0.1:54666 - R:localhost/127.0.0.1:29433]' for 'DELETE' to 'http://localhost:29433/session/8a7be02f923fc4c4aa8527fd240e2852'
22:40:33.296 [Driver Command Executor] DEBUG org.asynchttpclient.netty.request.NettyRequestSender - Using open Channel [id: 0xa33a7172, L:/127.0.0.1:54666 - R:localhost/127.0.0.1:29433] for DELETE '/session/8a7be02f923fc4c4aa8527fd240e2852'
22:40:33.296 [AsyncHttpClient-1-7] DEBUG org.asynchttpclient.netty.handler.WebSocketHandler - Channel Closed: [id: 0x3c112d03, L:/127.0.0.1:54676 ! R:localhost/127.0.0.1:54667] with attribute DISCARD
22:40:33.473 [AsyncHttpClient-1-6] DEBUG org.asynchttpclient.netty.handler.HttpHandler - Unexpected I/O exception on channel [id: 0x9f439972, L:/127.0.0.1:54675 - R:localhost/127.0.0.1:54667]
java.net.SocketException: Connection reset
	at java.base/sun.nio.ch.SocketChannelImpl.throwConnectionReset(SocketChannelImpl.java:394)
	at java.base/sun.nio.ch.SocketChannelImpl.read(SocketChannelImpl.java:426)
	at io.netty.buffer.PooledByteBuf.setBytes(PooledByteBuf.java:254)
	at io.netty.buffer.AbstractByteBuf.writeBytes(AbstractByteBuf.java:1132)
	at io.netty.channel.socket.nio.NioSocketChannel.doReadBytes(NioSocketChannel.java:357)
	at io.netty.channel.nio.AbstractNioByteChannel$NioByteUnsafe.read(AbstractNioByteChannel.java:151)
	at io.netty.channel.nio.NioEventLoop.processSelectedKey(NioEventLoop.java:788)
	at io.netty.channel.nio.NioEventLoop.processSelectedKeysOptimized(NioEventLoop.java:724)
	at io.netty.channel.nio.NioEventLoop.processSelectedKeys(NioEventLoop.java:650)
	at io.netty.channel.nio.NioEventLoop.run(NioEventLoop.java:562)
	at io.netty.util.concurrent.SingleThreadEventExecutor$4.run(SingleThreadEventExecutor.java:997)
	at io.netty.util.internal.ThreadExecutorMap$2.run(ThreadExecutorMap.java:74)
	at io.netty.util.concurrent.FastThreadLocalRunnable.run(FastThreadLocalRunnable.java:30)
	at java.base/java.lang.Thread.run(Thread.java:840)
22:40:33.473 [AsyncHttpClient-1-6] DEBUG org.asynchttpclient.netty.channel.ChannelManager - Closing Channel [id: 0x9f439972, L:/127.0.0.1:54675 - R:localhost/127.0.0.1:54667] 
22:40:33.473 [AsyncHttpClient-1-6] DEBUG org.asynchttpclient.netty.handler.HttpHandler - Channel Closed: [id: 0x9f439972, L:/127.0.0.1:54675 ! R:localhost/127.0.0.1:54667] with attribute DISCARD
22:40:33.516 [AsyncHttpClient-1-5] DEBUG org.asynchttpclient.netty.handler.HttpHandler - 

Request DefaultFullHttpRequest(decodeResult: success, version: HTTP/1.1, content: EmptyByteBufBE)
DELETE /session/8a7be02f923fc4c4aa8527fd240e2852 HTTP/1.1
User-Agent: selenium/4.12.0 (java windows)
Content-Type: application/json; charset=utf-8
host: localhost:29433
accept: */*

Response DefaultHttpResponse(decodeResult: success, version: HTTP/1.1)
HTTP/1.1 200 OK
Content-Length: 14
Content-Type: application/json; charset=utf-8
cache-control: no-cache

22:40:33.516 [AsyncHttpClient-1-5] DEBUG org.asynchttpclient.netty.channel.ChannelManager - Adding key: http://localhost:29433 for channel [id: 0xa33a7172, L:/127.0.0.1:54666 - R:localhost/127.0.0.1:29433]
22:40:33.785 [AsyncHttpClient-1-1] DEBUG org.asynchttpclient.netty.channel.DefaultChannelPool - Entry count for : http://localhost:29433 : 1
22:40:33.785 [AsyncHttpClient-1-1] DEBUG org.asynchttpclient.netty.channel.DefaultChannelPool - Entry count for : http://localhost:54667 : 1
22:40:33.785 [AsyncHttpClient-1-1] DEBUG org.asynchttpclient.netty.channel.DefaultChannelPool - Adding Candidate expired Channel [id: 0x9f439972, L:/127.0.0.1:54675 ! R:localhost/127.0.0.1:54667] isIdleTimeoutExpired=false isRemotelyClosed=true isTtlExpired=false
22:40:33.785 [AsyncHttpClient-1-1] DEBUG org.asynchttpclient.netty.channel.DefaultChannelPool - Closing Idle Channel [id: 0x9f439972, L:/127.0.0.1:54675 ! R:localhost/127.0.0.1:54667]
22:40:33.785 [AsyncHttpClient-1-1] DEBUG org.asynchttpclient.netty.channel.DefaultChannelPool - Closed 1 connections out of 2 in 0 ms
22:40:34.117 [AsyncHttpClient-1-5] DEBUG org.asynchttpclient.netty.handler.HttpHandler - Channel Closed: [id: 0xa33a7172, L:/127.0.0.1:54666 ! R:localhost/127.0.0.1:29433] with attribute DISCARD
WebDriver quit successfully.
]]></system-out>
    <system-err><![CDATA[Jan 18, 2025 10:40:08 PM org.openqa.selenium.devtools.CdpVersionFinder findNearestMatch
WARNING: Unable to find CDP implementation matching 131
Jan 18, 2025 10:40:08 PM org.openqa.selenium.chromium.ChromiumDriver lambda$new$5
WARNING: Unable to find version of CDP to use for 131.0.6778.265. You may need to include a dependency on a specific version of the CDP using something similar to `org.seleniumhq.selenium:selenium-devtools-v86:4.12.0` where the version ("v86") matches the version of the chromium-based browser you're using and the version number of the artifact is the same as Selenium's.
]]></system-err>
  </testcase>
  <testcase name="In Carrier Add single customer with company name and address" classname="Carrier Customer Onboarding" time="25.686">
    <system-out><![CDATA[
Scenario Outline: In Carrier Add single customer with company name and address # src/test/resources/Customers/Carrier_Customer_Onboarding.feature:17
22:40:34.452 [AsyncHttpClient-1-8] DEBUG org.asynchttpclient.netty.channel.NettyConnectListener - Using new Channel '[id: 0x65a2a380, L:/127.0.0.1:54723 - R:localhost/127.0.0.1:28457]' for 'POST' to '/session'
22:40:34.908 [AsyncHttpClient-1-1] DEBUG org.asynchttpclient.netty.channel.DefaultChannelPool - Entry count for : http://localhost:29433 : 1
22:40:34.908 [AsyncHttpClient-1-1] DEBUG org.asynchttpclient.netty.channel.DefaultChannelPool - Adding Candidate expired Channel [id: 0xa33a7172, L:/127.0.0.1:54666 ! R:localhost/127.0.0.1:29433] isIdleTimeoutExpired=false isRemotelyClosed=true isTtlExpired=false
22:40:34.908 [AsyncHttpClient-1-1] DEBUG org.asynchttpclient.netty.channel.DefaultChannelPool - Closing Idle Channel [id: 0xa33a7172, L:/127.0.0.1:54666 ! R:localhost/127.0.0.1:29433]
22:40:34.908 [AsyncHttpClient-1-1] DEBUG org.asynchttpclient.netty.channel.DefaultChannelPool - Closed 1 connections out of 1 in 0 ms
22:40:35.908 [AsyncHttpClient-1-8] DEBUG org.asynchttpclient.netty.handler.HttpHandler - 

Request DefaultHttpRequest(decodeResult: success, version: HTTP/1.1)
POST /session HTTP/1.1
User-Agent: selenium/4.12.0 (java windows)
Content-Length: 254
Content-Type: application/json; charset=utf-8
host: localhost:28457
accept: */*

Response DefaultHttpResponse(decodeResult: success, version: HTTP/1.1)
HTTP/1.1 200 OK
Content-Length: 888
Content-Type: application/json; charset=utf-8
cache-control: no-cache

22:40:35.908 [AsyncHttpClient-1-8] DEBUG org.asynchttpclient.netty.channel.ChannelManager - Adding key: http://localhost:28457 for channel [id: 0x65a2a380, L:/127.0.0.1:54723 - R:localhost/127.0.0.1:28457]
22:40:35.932 [AsyncHttpClient-1-9] DEBUG org.asynchttpclient.netty.channel.NettyConnectListener - Using new Channel '[id: 0x3e2b1328, L:/127.0.0.1:54732 - R:localhost/127.0.0.1:54724]' for 'GET' to '/json/version'
22:40:35.940 [AsyncHttpClient-1-9] DEBUG org.asynchttpclient.netty.handler.HttpHandler - 

Request DefaultFullHttpRequest(decodeResult: success, version: HTTP/1.1, content: EmptyByteBufBE)
GET /json/version HTTP/1.1
User-Agent: selenium/4.12.0 (java windows)
host: localhost:54724
accept: */*

Response DefaultHttpResponse(decodeResult: success, version: HTTP/1.1)
HTTP/1.1 200 OK
Content-Security-Policy: frame-ancestors 'none'
Content-Length: 424
Content-Type: application/json; charset=UTF-8

22:40:35.940 [AsyncHttpClient-1-9] DEBUG org.asynchttpclient.netty.channel.ChannelManager - Adding key: http://localhost:54724 for channel [id: 0x3e2b1328, L:/127.0.0.1:54732 - R:localhost/127.0.0.1:54724]
22:40:35.948 [AsyncHttpClient-1-10] DEBUG org.asynchttpclient.netty.channel.NettyConnectListener - Using new Channel '[id: 0xe3daaf39, L:/127.0.0.1:54733 - R:localhost/127.0.0.1:54724]' for 'GET' to '/devtools/browser/ab480465-de9e-44df-9fdb-ffad3753d102'
22:40:35.948 [AsyncHttpClient-1-10] DEBUG org.asynchttpclient.netty.handler.WebSocketHandler - 

Request DefaultFullHttpRequest(decodeResult: success, version: HTTP/1.1, content: EmptyByteBufBE)
GET /devtools/browser/ab480465-de9e-44df-9fdb-ffad3753d102 HTTP/1.1
upgrade: websocket
connection: upgrade
sec-websocket-key: slFDgTd28DSuyCtwOd9Hqg==
sec-websocket-version: 13
origin: http://localhost:54724
host: localhost:54724
accept: */*
user-agent: AHC/2.1

Response DefaultHttpResponse(decodeResult: success, version: HTTP/1.1)
HTTP/1.1 101 WebSocket Protocol Handshake
Upgrade: WebSocket
Connection: Upgrade
Sec-WebSocket-Accept: gS+y2lPfMUVV2QpNmlp+8wIwLkE=

22:40:35.964 [Forwarding get on session 5e70e04830ce85d358b7acfa362c7923 to remote] DEBUG org.asynchttpclient.netty.request.NettyRequestSender - Using pooled Channel '[id: 0x65a2a380, L:/127.0.0.1:54723 - R:localhost/127.0.0.1:28457]' for 'POST' to 'http://localhost:28457/session/5e70e04830ce85d358b7acfa362c7923/url'
22:40:35.964 [Forwarding get on session 5e70e04830ce85d358b7acfa362c7923 to remote] DEBUG org.asynchttpclient.netty.request.NettyRequestSender - Using open Channel [id: 0x65a2a380, L:/127.0.0.1:54723 - R:localhost/127.0.0.1:28457] for POST '/session/5e70e04830ce85d358b7acfa362c7923/url'
22:40:35.980 [AsyncHttpClient-1-1] DEBUG org.asynchttpclient.netty.channel.DefaultChannelPool - Entry count for : http://localhost:54724 : 1
22:40:37.085 [AsyncHttpClient-1-1] DEBUG org.asynchttpclient.netty.channel.DefaultChannelPool - Entry count for : http://localhost:54724 : 1
22:40:37.801 [AsyncHttpClient-1-8] DEBUG org.asynchttpclient.netty.handler.HttpHandler - 

Request DefaultHttpRequest(decodeResult: success, version: HTTP/1.1)
POST /session/5e70e04830ce85d358b7acfa362c7923/url HTTP/1.1
User-Agent: selenium/4.12.0 (java windows)
Content-Length: 92
Content-Type: application/json; charset=utf-8
host: localhost:28457
accept: */*

Response DefaultHttpResponse(decodeResult: success, version: HTTP/1.1)
HTTP/1.1 200 OK
Content-Length: 14
Content-Type: application/json; charset=utf-8
cache-control: no-cache

22:40:37.801 [AsyncHttpClient-1-8] DEBUG org.asynchttpclient.netty.channel.ChannelManager - Adding key: http://localhost:28457 for channel [id: 0x65a2a380, L:/127.0.0.1:54723 - R:localhost/127.0.0.1:28457]
22:40:37.801 [Forwarding maximizeCurrentWindow on session 5e70e04830ce85d358b7acfa362c7923 to remote] DEBUG org.asynchttpclient.netty.request.NettyRequestSender - Using pooled Channel '[id: 0x65a2a380, L:/127.0.0.1:54723 - R:localhost/127.0.0.1:28457]' for 'POST' to 'http://localhost:28457/session/5e70e04830ce85d358b7acfa362c7923/window/maximize'
22:40:37.801 [Forwarding maximizeCurrentWindow on session 5e70e04830ce85d358b7acfa362c7923 to remote] DEBUG org.asynchttpclient.netty.request.NettyRequestSender - Using open Channel [id: 0x65a2a380, L:/127.0.0.1:54723 - R:localhost/127.0.0.1:28457] for POST '/session/5e70e04830ce85d358b7acfa362c7923/window/maximize'
22:40:37.897 [AsyncHttpClient-1-8] DEBUG org.asynchttpclient.netty.handler.HttpHandler - 

Request DefaultHttpRequest(decodeResult: success, version: HTTP/1.1)
POST /session/5e70e04830ce85d358b7acfa362c7923/window/maximize HTTP/1.1
User-Agent: selenium/4.12.0 (java windows)
Content-Length: 3
Content-Type: application/json; charset=utf-8
host: localhost:28457
accept: */*

Response DefaultHttpResponse(decodeResult: success, version: HTTP/1.1)
HTTP/1.1 200 OK
Content-Length: 51
Content-Type: application/json; charset=utf-8
cache-control: no-cache

22:40:37.897 [AsyncHttpClient-1-8] DEBUG org.asynchttpclient.netty.channel.ChannelManager - Adding key: http://localhost:28457 for channel [id: 0x65a2a380, L:/127.0.0.1:54723 - R:localhost/127.0.0.1:28457]
22:40:37.905 [Forwarding findElement on session 5e70e04830ce85d358b7acfa362c7923 to remote] DEBUG org.asynchttpclient.netty.request.NettyRequestSender - Using pooled Channel '[id: 0x65a2a380, L:/127.0.0.1:54723 - R:localhost/127.0.0.1:28457]' for 'POST' to 'http://localhost:28457/session/5e70e04830ce85d358b7acfa362c7923/element'
22:40:37.905 [Forwarding findElement on session 5e70e04830ce85d358b7acfa362c7923 to remote] DEBUG org.asynchttpclient.netty.request.NettyRequestSender - Using open Channel [id: 0x65a2a380, L:/127.0.0.1:54723 - R:localhost/127.0.0.1:28457] for POST '/session/5e70e04830ce85d358b7acfa362c7923/element'
22:40:37.937 [AsyncHttpClient-1-8] DEBUG org.asynchttpclient.netty.handler.HttpHandler - 

Request DefaultHttpRequest(decodeResult: success, version: HTTP/1.1)
POST /session/5e70e04830ce85d358b7acfa362c7923/element HTTP/1.1
User-Agent: selenium/4.12.0 (java windows)
Content-Length: 69
Content-Type: application/json; charset=utf-8
host: localhost:28457
accept: */*

Response DefaultHttpResponse(decodeResult: success, version: HTTP/1.1)
HTTP/1.1 200 OK
Content-Length: 125
Content-Type: application/json; charset=utf-8
cache-control: no-cache

22:40:37.937 [AsyncHttpClient-1-8] DEBUG org.asynchttpclient.netty.channel.ChannelManager - Adding key: http://localhost:28457 for channel [id: 0x65a2a380, L:/127.0.0.1:54723 - R:localhost/127.0.0.1:28457]
22:40:37.937 [Forwarding sendKeysToElement on session 5e70e04830ce85d358b7acfa362c7923 to remote] DEBUG org.asynchttpclient.netty.request.NettyRequestSender - Using pooled Channel '[id: 0x65a2a380, L:/127.0.0.1:54723 - R:localhost/127.0.0.1:28457]' for 'POST' to 'http://localhost:28457/session/5e70e04830ce85d358b7acfa362c7923/element/f.46E9A9C0E0412B94ED6576E5E237CEF3.d.CECCD2A0389FFC780446E85FD0DD157F.e.4/value'
22:40:37.937 [Forwarding sendKeysToElement on session 5e70e04830ce85d358b7acfa362c7923 to remote] DEBUG org.asynchttpclient.netty.request.NettyRequestSender - Using open Channel [id: 0x65a2a380, L:/127.0.0.1:54723 - R:localhost/127.0.0.1:28457] for POST '/session/5e70e04830ce85d358b7acfa362c7923/element/f.46E9A9C0E0412B94ED6576E5E237CEF3.d.CECCD2A0389FFC780446E85FD0DD157F.e.4/value'
22:40:38.186 [AsyncHttpClient-1-1] DEBUG org.asynchttpclient.netty.channel.DefaultChannelPool - Entry count for : http://localhost:54724 : 1
22:40:38.298 [AsyncHttpClient-1-8] DEBUG org.asynchttpclient.netty.handler.HttpHandler - 

Request DefaultHttpRequest(decodeResult: success, version: HTTP/1.1)
POST /session/5e70e04830ce85d358b7acfa362c7923/element/f.46E9A9C0E0412B94ED6576E5E237CEF3.d.CECCD2A0389FFC780446E85FD0DD157F.e.4/value HTTP/1.1
User-Agent: selenium/4.12.0 (java windows)
Content-Length: 338
Content-Type: application/json; charset=utf-8
host: localhost:28457
accept: */*

Response DefaultHttpResponse(decodeResult: success, version: HTTP/1.1)
HTTP/1.1 200 OK
Content-Length: 14
Content-Type: application/json; charset=utf-8
cache-control: no-cache

22:40:38.298 [AsyncHttpClient-1-8] DEBUG org.asynchttpclient.netty.channel.ChannelManager - Adding key: http://localhost:28457 for channel [id: 0x65a2a380, L:/127.0.0.1:54723 - R:localhost/127.0.0.1:28457]
22:40:38.298 [Forwarding findElement on session 5e70e04830ce85d358b7acfa362c7923 to remote] DEBUG org.asynchttpclient.netty.request.NettyRequestSender - Using pooled Channel '[id: 0x65a2a380, L:/127.0.0.1:54723 - R:localhost/127.0.0.1:28457]' for 'POST' to 'http://localhost:28457/session/5e70e04830ce85d358b7acfa362c7923/element'
22:40:38.298 [Forwarding findElement on session 5e70e04830ce85d358b7acfa362c7923 to remote] DEBUG org.asynchttpclient.netty.request.NettyRequestSender - Using open Channel [id: 0x65a2a380, L:/127.0.0.1:54723 - R:localhost/127.0.0.1:28457] for POST '/session/5e70e04830ce85d358b7acfa362c7923/element'
22:40:38.322 [AsyncHttpClient-1-8] DEBUG org.asynchttpclient.netty.handler.HttpHandler - 

Request DefaultHttpRequest(decodeResult: success, version: HTTP/1.1)
POST /session/5e70e04830ce85d358b7acfa362c7923/element HTTP/1.1
User-Agent: selenium/4.12.0 (java windows)
Content-Length: 72
Content-Type: application/json; charset=utf-8
host: localhost:28457
accept: */*

Response DefaultHttpResponse(decodeResult: success, version: HTTP/1.1)
HTTP/1.1 200 OK
Content-Length: 125
Content-Type: application/json; charset=utf-8
cache-control: no-cache

22:40:38.322 [AsyncHttpClient-1-8] DEBUG org.asynchttpclient.netty.channel.ChannelManager - Adding key: http://localhost:28457 for channel [id: 0x65a2a380, L:/127.0.0.1:54723 - R:localhost/127.0.0.1:28457]
22:40:38.328 [Forwarding sendKeysToElement on session 5e70e04830ce85d358b7acfa362c7923 to remote] DEBUG org.asynchttpclient.netty.request.NettyRequestSender - Using pooled Channel '[id: 0x65a2a380, L:/127.0.0.1:54723 - R:localhost/127.0.0.1:28457]' for 'POST' to 'http://localhost:28457/session/5e70e04830ce85d358b7acfa362c7923/element/f.46E9A9C0E0412B94ED6576E5E237CEF3.d.CECCD2A0389FFC780446E85FD0DD157F.e.6/value'
22:40:38.330 [Forwarding sendKeysToElement on session 5e70e04830ce85d358b7acfa362c7923 to remote] DEBUG org.asynchttpclient.netty.request.NettyRequestSender - Using open Channel [id: 0x65a2a380, L:/127.0.0.1:54723 - R:localhost/127.0.0.1:28457] for POST '/session/5e70e04830ce85d358b7acfa362c7923/element/f.46E9A9C0E0412B94ED6576E5E237CEF3.d.CECCD2A0389FFC780446E85FD0DD157F.e.6/value'
22:40:38.628 [AsyncHttpClient-1-8] DEBUG org.asynchttpclient.netty.handler.HttpHandler - 

Request DefaultHttpRequest(decodeResult: success, version: HTTP/1.1)
POST /session/5e70e04830ce85d358b7acfa362c7923/element/f.46E9A9C0E0412B94ED6576E5E237CEF3.d.CECCD2A0389FFC780446E85FD0DD157F.e.6/value HTTP/1.1
User-Agent: selenium/4.12.0 (java windows)
Content-Length: 208
Content-Type: application/json; charset=utf-8
host: localhost:28457
accept: */*

Response DefaultHttpResponse(decodeResult: success, version: HTTP/1.1)
HTTP/1.1 200 OK
Content-Length: 14
Content-Type: application/json; charset=utf-8
cache-control: no-cache

22:40:38.628 [AsyncHttpClient-1-8] DEBUG org.asynchttpclient.netty.channel.ChannelManager - Adding key: http://localhost:28457 for channel [id: 0x65a2a380, L:/127.0.0.1:54723 - R:localhost/127.0.0.1:28457]
22:40:38.628 [Forwarding findElement on session 5e70e04830ce85d358b7acfa362c7923 to remote] DEBUG org.asynchttpclient.netty.request.NettyRequestSender - Using pooled Channel '[id: 0x65a2a380, L:/127.0.0.1:54723 - R:localhost/127.0.0.1:28457]' for 'POST' to 'http://localhost:28457/session/5e70e04830ce85d358b7acfa362c7923/element'
22:40:38.628 [Forwarding findElement on session 5e70e04830ce85d358b7acfa362c7923 to remote] DEBUG org.asynchttpclient.netty.request.NettyRequestSender - Using open Channel [id: 0x65a2a380, L:/127.0.0.1:54723 - R:localhost/127.0.0.1:28457] for POST '/session/5e70e04830ce85d358b7acfa362c7923/element'
22:40:38.659 [AsyncHttpClient-1-8] DEBUG org.asynchttpclient.netty.handler.HttpHandler - 

Request DefaultHttpRequest(decodeResult: success, version: HTTP/1.1)
POST /session/5e70e04830ce85d358b7acfa362c7923/element HTTP/1.1
User-Agent: selenium/4.12.0 (java windows)
Content-Length: 73
Content-Type: application/json; charset=utf-8
host: localhost:28457
accept: */*

Response DefaultHttpResponse(decodeResult: success, version: HTTP/1.1)
HTTP/1.1 200 OK
Content-Length: 125
Content-Type: application/json; charset=utf-8
cache-control: no-cache

22:40:38.659 [AsyncHttpClient-1-8] DEBUG org.asynchttpclient.netty.channel.ChannelManager - Adding key: http://localhost:28457 for channel [id: 0x65a2a380, L:/127.0.0.1:54723 - R:localhost/127.0.0.1:28457]
22:40:38.659 [Forwarding clickElement on session 5e70e04830ce85d358b7acfa362c7923 to remote] DEBUG org.asynchttpclient.netty.request.NettyRequestSender - Using pooled Channel '[id: 0x65a2a380, L:/127.0.0.1:54723 - R:localhost/127.0.0.1:28457]' for 'POST' to 'http://localhost:28457/session/5e70e04830ce85d358b7acfa362c7923/element/f.46E9A9C0E0412B94ED6576E5E237CEF3.d.CECCD2A0389FFC780446E85FD0DD157F.e.8/click'
22:40:38.659 [Forwarding clickElement on session 5e70e04830ce85d358b7acfa362c7923 to remote] DEBUG org.asynchttpclient.netty.request.NettyRequestSender - Using open Channel [id: 0x65a2a380, L:/127.0.0.1:54723 - R:localhost/127.0.0.1:28457] for POST '/session/5e70e04830ce85d358b7acfa362c7923/element/f.46E9A9C0E0412B94ED6576E5E237CEF3.d.CECCD2A0389FFC780446E85FD0DD157F.e.8/click'
22:40:38.837 [AsyncHttpClient-1-8] DEBUG org.asynchttpclient.netty.handler.HttpHandler - 

Request DefaultHttpRequest(decodeResult: success, version: HTTP/1.1)
POST /session/5e70e04830ce85d358b7acfa362c7923/element/f.46E9A9C0E0412B94ED6576E5E237CEF3.d.CECCD2A0389FFC780446E85FD0DD157F.e.8/click HTTP/1.1
User-Agent: selenium/4.12.0 (java windows)
Content-Length: 87
Content-Type: application/json; charset=utf-8
host: localhost:28457
accept: */*

Response DefaultHttpResponse(decodeResult: success, version: HTTP/1.1)
HTTP/1.1 200 OK
Content-Length: 14
Content-Type: application/json; charset=utf-8
cache-control: no-cache

22:40:38.837 [AsyncHttpClient-1-8] DEBUG org.asynchttpclient.netty.channel.ChannelManager - Adding key: http://localhost:28457 for channel [id: 0x65a2a380, L:/127.0.0.1:54723 - R:localhost/127.0.0.1:28457]
22:40:39.281 [AsyncHttpClient-1-1] DEBUG org.asynchttpclient.netty.channel.DefaultChannelPool - Entry count for : http://localhost:54724 : 1
22:40:39.281 [AsyncHttpClient-1-1] DEBUG org.asynchttpclient.netty.channel.DefaultChannelPool - Entry count for : http://localhost:28457 : 1
22:40:40.393 [AsyncHttpClient-1-1] DEBUG org.asynchttpclient.netty.channel.DefaultChannelPool - Entry count for : http://localhost:54724 : 1
22:40:40.393 [AsyncHttpClient-1-1] DEBUG org.asynchttpclient.netty.channel.DefaultChannelPool - Entry count for : http://localhost:28457 : 1
22:40:41.490 [AsyncHttpClient-1-1] DEBUG org.asynchttpclient.netty.channel.DefaultChannelPool - Entry count for : http://localhost:54724 : 1
22:40:41.490 [AsyncHttpClient-1-1] DEBUG org.asynchttpclient.netty.channel.DefaultChannelPool - Entry count for : http://localhost:28457 : 1
22:40:42.594 [AsyncHttpClient-1-1] DEBUG org.asynchttpclient.netty.channel.DefaultChannelPool - Entry count for : http://localhost:54724 : 1
22:40:42.594 [AsyncHttpClient-1-1] DEBUG org.asynchttpclient.netty.channel.DefaultChannelPool - Entry count for : http://localhost:28457 : 1
22:40:43.691 [AsyncHttpClient-1-1] DEBUG org.asynchttpclient.netty.channel.DefaultChannelPool - Entry count for : http://localhost:54724 : 1
22:40:43.691 [AsyncHttpClient-1-1] DEBUG org.asynchttpclient.netty.channel.DefaultChannelPool - Entry count for : http://localhost:28457 : 1
22:40:43.848 [Forwarding getCurrentUrl on session 5e70e04830ce85d358b7acfa362c7923 to remote] DEBUG org.asynchttpclient.netty.request.NettyRequestSender - Using pooled Channel '[id: 0x65a2a380, L:/127.0.0.1:54723 - R:localhost/127.0.0.1:28457]' for 'GET' to 'http://localhost:28457/session/5e70e04830ce85d358b7acfa362c7923/url'
22:40:43.848 [Forwarding getCurrentUrl on session 5e70e04830ce85d358b7acfa362c7923 to remote] DEBUG org.asynchttpclient.netty.request.NettyRequestSender - Using open Channel [id: 0x65a2a380, L:/127.0.0.1:54723 - R:localhost/127.0.0.1:28457] for GET '/session/5e70e04830ce85d358b7acfa362c7923/url'
22:40:43.856 [AsyncHttpClient-1-8] DEBUG org.asynchttpclient.netty.handler.HttpHandler - 

Request DefaultFullHttpRequest(decodeResult: success, version: HTTP/1.1, content: EmptyByteBufBE)
GET /session/5e70e04830ce85d358b7acfa362c7923/url HTTP/1.1
Cache-Control: no-cache
User-Agent: selenium/4.12.0 (java windows)
Content-Type: application/json; charset=utf-8
host: localhost:28457
accept: */*

Response DefaultHttpResponse(decodeResult: success, version: HTTP/1.1)
HTTP/1.1 200 OK
Content-Length: 69
Content-Type: application/json; charset=utf-8
cache-control: no-cache

22:40:43.856 [AsyncHttpClient-1-8] DEBUG org.asynchttpclient.netty.channel.ChannelManager - Adding key: http://localhost:28457 for channel [id: 0x65a2a380, L:/127.0.0.1:54723 - R:localhost/127.0.0.1:28457]
https://fleet-manager-development.vercel.app/auth/sign-in
22:40:43.864 [Forwarding findElement on session 5e70e04830ce85d358b7acfa362c7923 to remote] DEBUG org.asynchttpclient.netty.request.NettyRequestSender - Using pooled Channel '[id: 0x65a2a380, L:/127.0.0.1:54723 - R:localhost/127.0.0.1:28457]' for 'POST' to 'http://localhost:28457/session/5e70e04830ce85d358b7acfa362c7923/element'
22:40:43.864 [Forwarding findElement on session 5e70e04830ce85d358b7acfa362c7923 to remote] DEBUG org.asynchttpclient.netty.request.NettyRequestSender - Using open Channel [id: 0x65a2a380, L:/127.0.0.1:54723 - R:localhost/127.0.0.1:28457] for POST '/session/5e70e04830ce85d358b7acfa362c7923/element'
22:40:43.880 [AsyncHttpClient-1-8] DEBUG org.asynchttpclient.netty.handler.HttpHandler - 

Request DefaultHttpRequest(decodeResult: success, version: HTTP/1.1)
POST /session/5e70e04830ce85d358b7acfa362c7923/element HTTP/1.1
User-Agent: selenium/4.12.0 (java windows)
Content-Length: 66
Content-Type: application/json; charset=utf-8
host: localhost:28457
accept: */*

Response DefaultHttpResponse(decodeResult: success, version: HTTP/1.1)
HTTP/1.1 200 OK
Content-Length: 126
Content-Type: application/json; charset=utf-8
cache-control: no-cache

22:40:43.888 [AsyncHttpClient-1-8] DEBUG org.asynchttpclient.netty.channel.ChannelManager - Adding key: http://localhost:28457 for channel [id: 0x65a2a380, L:/127.0.0.1:54723 - R:localhost/127.0.0.1:28457]
22:40:43.888 [Forwarding isElementDisplayed on session 5e70e04830ce85d358b7acfa362c7923 to remote] DEBUG org.asynchttpclient.netty.request.NettyRequestSender - Using pooled Channel '[id: 0x65a2a380, L:/127.0.0.1:54723 - R:localhost/127.0.0.1:28457]' for 'POST' to 'http://localhost:28457/session/5e70e04830ce85d358b7acfa362c7923/execute/sync'
22:40:43.888 [Forwarding isElementDisplayed on session 5e70e04830ce85d358b7acfa362c7923 to remote] DEBUG org.asynchttpclient.netty.request.NettyRequestSender - Using open Channel [id: 0x65a2a380, L:/127.0.0.1:54723 - R:localhost/127.0.0.1:28457] for POST '/session/5e70e04830ce85d358b7acfa362c7923/execute/sync'
22:40:43.915 [AsyncHttpClient-1-8] DEBUG org.asynchttpclient.netty.handler.HttpHandler - 

Request DefaultHttpRequest(decodeResult: success, version: HTTP/1.1)
POST /session/5e70e04830ce85d358b7acfa362c7923/execute/sync HTTP/1.1
User-Agent: selenium/4.12.0 (java windows)
Content-Length: 48734
Content-Type: application/json; charset=utf-8
host: localhost:28457
accept: */*

Response DefaultHttpResponse(decodeResult: success, version: HTTP/1.1)
HTTP/1.1 200 OK
Content-Length: 14
Content-Type: application/json; charset=utf-8
cache-control: no-cache

22:40:43.915 [AsyncHttpClient-1-8] DEBUG org.asynchttpclient.netty.channel.ChannelManager - Adding key: http://localhost:28457 for channel [id: 0x65a2a380, L:/127.0.0.1:54723 - R:localhost/127.0.0.1:28457]
22:40:43.915 [Forwarding findElement on session 5e70e04830ce85d358b7acfa362c7923 to remote] DEBUG org.asynchttpclient.netty.request.NettyRequestSender - Using pooled Channel '[id: 0x65a2a380, L:/127.0.0.1:54723 - R:localhost/127.0.0.1:28457]' for 'POST' to 'http://localhost:28457/session/5e70e04830ce85d358b7acfa362c7923/element'
22:40:43.915 [Forwarding findElement on session 5e70e04830ce85d358b7acfa362c7923 to remote] DEBUG org.asynchttpclient.netty.request.NettyRequestSender - Using open Channel [id: 0x65a2a380, L:/127.0.0.1:54723 - R:localhost/127.0.0.1:28457] for POST '/session/5e70e04830ce85d358b7acfa362c7923/element'
22:40:43.935 [AsyncHttpClient-1-8] DEBUG org.asynchttpclient.netty.handler.HttpHandler - 

Request DefaultHttpRequest(decodeResult: success, version: HTTP/1.1)
POST /session/5e70e04830ce85d358b7acfa362c7923/element HTTP/1.1
User-Agent: selenium/4.12.0 (java windows)
Content-Length: 66
Content-Type: application/json; charset=utf-8
host: localhost:28457
accept: */*

Response DefaultHttpResponse(decodeResult: success, version: HTTP/1.1)
HTTP/1.1 200 OK
Content-Length: 126
Content-Type: application/json; charset=utf-8
cache-control: no-cache

22:40:43.935 [AsyncHttpClient-1-8] DEBUG org.asynchttpclient.netty.channel.ChannelManager - Adding key: http://localhost:28457 for channel [id: 0x65a2a380, L:/127.0.0.1:54723 - R:localhost/127.0.0.1:28457]
22:40:43.937 [Forwarding getElementText on session 5e70e04830ce85d358b7acfa362c7923 to remote] DEBUG org.asynchttpclient.netty.request.NettyRequestSender - Using pooled Channel '[id: 0x65a2a380, L:/127.0.0.1:54723 - R:localhost/127.0.0.1:28457]' for 'GET' to 'http://localhost:28457/session/5e70e04830ce85d358b7acfa362c7923/element/f.46E9A9C0E0412B94ED6576E5E237CEF3.d.CECCD2A0389FFC780446E85FD0DD157F.e.21/text'
22:40:43.937 [Forwarding getElementText on session 5e70e04830ce85d358b7acfa362c7923 to remote] DEBUG org.asynchttpclient.netty.request.NettyRequestSender - Using open Channel [id: 0x65a2a380, L:/127.0.0.1:54723 - R:localhost/127.0.0.1:28457] for GET '/session/5e70e04830ce85d358b7acfa362c7923/element/f.46E9A9C0E0412B94ED6576E5E237CEF3.d.CECCD2A0389FFC780446E85FD0DD157F.e.21/text'
22:40:43.962 [AsyncHttpClient-1-8] DEBUG org.asynchttpclient.netty.handler.HttpHandler - 

Request DefaultFullHttpRequest(decodeResult: success, version: HTTP/1.1, content: EmptyByteBufBE)
GET /session/5e70e04830ce85d358b7acfa362c7923/element/f.46E9A9C0E0412B94ED6576E5E237CEF3.d.CECCD2A0389FFC780446E85FD0DD157F.e.21/text HTTP/1.1
Cache-Control: no-cache
User-Agent: selenium/4.12.0 (java windows)
Content-Type: application/json; charset=utf-8
host: localhost:28457
accept: */*

Response DefaultHttpResponse(decodeResult: success, version: HTTP/1.1)
HTTP/1.1 200 OK
Content-Length: 33
Content-Type: application/json; charset=utf-8
cache-control: no-cache

22:40:43.962 [AsyncHttpClient-1-8] DEBUG org.asynchttpclient.netty.channel.ChannelManager - Adding key: http://localhost:28457 for channel [id: 0x65a2a380, L:/127.0.0.1:54723 - R:localhost/127.0.0.1:28457]
22:40:43.962 [Forwarding findElement on session 5e70e04830ce85d358b7acfa362c7923 to remote] DEBUG org.asynchttpclient.netty.request.NettyRequestSender - Using pooled Channel '[id: 0x65a2a380, L:/127.0.0.1:54723 - R:localhost/127.0.0.1:28457]' for 'POST' to 'http://localhost:28457/session/5e70e04830ce85d358b7acfa362c7923/element'
22:40:43.962 [Forwarding findElement on session 5e70e04830ce85d358b7acfa362c7923 to remote] DEBUG org.asynchttpclient.netty.request.NettyRequestSender - Using open Channel [id: 0x65a2a380, L:/127.0.0.1:54723 - R:localhost/127.0.0.1:28457] for POST '/session/5e70e04830ce85d358b7acfa362c7923/element'
22:40:43.978 [AsyncHttpClient-1-8] DEBUG org.asynchttpclient.netty.handler.HttpHandler - 

Request DefaultHttpRequest(decodeResult: success, version: HTTP/1.1)
POST /session/5e70e04830ce85d358b7acfa362c7923/element HTTP/1.1
User-Agent: selenium/4.12.0 (java windows)
Content-Length: 74
Content-Type: application/json; charset=utf-8
host: localhost:28457
accept: */*

Response DefaultHttpResponse(decodeResult: success, version: HTTP/1.1)
HTTP/1.1 200 OK
Content-Length: 126
Content-Type: application/json; charset=utf-8
cache-control: no-cache

22:40:43.984 [AsyncHttpClient-1-8] DEBUG org.asynchttpclient.netty.channel.ChannelManager - Adding key: http://localhost:28457 for channel [id: 0x65a2a380, L:/127.0.0.1:54723 - R:localhost/127.0.0.1:28457]
22:40:43.984 [Forwarding clickElement on session 5e70e04830ce85d358b7acfa362c7923 to remote] DEBUG org.asynchttpclient.netty.request.NettyRequestSender - Using pooled Channel '[id: 0x65a2a380, L:/127.0.0.1:54723 - R:localhost/127.0.0.1:28457]' for 'POST' to 'http://localhost:28457/session/5e70e04830ce85d358b7acfa362c7923/element/f.46E9A9C0E0412B94ED6576E5E237CEF3.d.CECCD2A0389FFC780446E85FD0DD157F.e.22/click'
22:40:43.984 [Forwarding clickElement on session 5e70e04830ce85d358b7acfa362c7923 to remote] DEBUG org.asynchttpclient.netty.request.NettyRequestSender - Using open Channel [id: 0x65a2a380, L:/127.0.0.1:54723 - R:localhost/127.0.0.1:28457] for POST '/session/5e70e04830ce85d358b7acfa362c7923/element/f.46E9A9C0E0412B94ED6576E5E237CEF3.d.CECCD2A0389FFC780446E85FD0DD157F.e.22/click'
22:40:44.087 [AsyncHttpClient-1-8] DEBUG org.asynchttpclient.netty.handler.HttpHandler - 

Request DefaultHttpRequest(decodeResult: success, version: HTTP/1.1)
POST /session/5e70e04830ce85d358b7acfa362c7923/element/f.46E9A9C0E0412B94ED6576E5E237CEF3.d.CECCD2A0389FFC780446E85FD0DD157F.e.22/click HTTP/1.1
User-Agent: selenium/4.12.0 (java windows)
Content-Length: 88
Content-Type: application/json; charset=utf-8
host: localhost:28457
accept: */*

Response DefaultHttpResponse(decodeResult: success, version: HTTP/1.1)
HTTP/1.1 200 OK
Content-Length: 14
Content-Type: application/json; charset=utf-8
cache-control: no-cache

22:40:44.088 [AsyncHttpClient-1-8] DEBUG org.asynchttpclient.netty.channel.ChannelManager - Adding key: http://localhost:28457 for channel [id: 0x65a2a380, L:/127.0.0.1:54723 - R:localhost/127.0.0.1:28457]
22:40:44.785 [AsyncHttpClient-1-1] DEBUG org.asynchttpclient.netty.channel.DefaultChannelPool - Entry count for : http://localhost:54724 : 1
22:40:44.785 [AsyncHttpClient-1-1] DEBUG org.asynchttpclient.netty.channel.DefaultChannelPool - Entry count for : http://localhost:28457 : 1
22:40:45.901 [AsyncHttpClient-1-1] DEBUG org.asynchttpclient.netty.channel.DefaultChannelPool - Entry count for : http://localhost:54724 : 1
22:40:45.901 [AsyncHttpClient-1-1] DEBUG org.asynchttpclient.netty.channel.DefaultChannelPool - Entry count for : http://localhost:28457 : 1
22:40:46.986 [AsyncHttpClient-1-1] DEBUG org.asynchttpclient.netty.channel.DefaultChannelPool - Entry count for : http://localhost:54724 : 1
22:40:46.986 [AsyncHttpClient-1-1] DEBUG org.asynchttpclient.netty.channel.DefaultChannelPool - Entry count for : http://localhost:28457 : 1
screen shot class not taking
  Given I am on dashboardfokisaj290@edectus.com and Fleet@123                  # StepDefination.Customer_onboarding.I_am_on_dashboard(java.lang.String,java.lang.String)
22:40:47.603 [Forwarding findElement on session 5e70e04830ce85d358b7acfa362c7923 to remote] DEBUG org.asynchttpclient.netty.request.NettyRequestSender - Using pooled Channel '[id: 0x65a2a380, L:/127.0.0.1:54723 - R:localhost/127.0.0.1:28457]' for 'POST' to 'http://localhost:28457/session/5e70e04830ce85d358b7acfa362c7923/element'
22:40:47.603 [Forwarding findElement on session 5e70e04830ce85d358b7acfa362c7923 to remote] DEBUG org.asynchttpclient.netty.request.NettyRequestSender - Using open Channel [id: 0x65a2a380, L:/127.0.0.1:54723 - R:localhost/127.0.0.1:28457] for POST '/session/5e70e04830ce85d358b7acfa362c7923/element'
22:40:47.635 [AsyncHttpClient-1-8] DEBUG org.asynchttpclient.netty.handler.HttpHandler - 

Request DefaultHttpRequest(decodeResult: success, version: HTTP/1.1)
POST /session/5e70e04830ce85d358b7acfa362c7923/element HTTP/1.1
User-Agent: selenium/4.12.0 (java windows)
Content-Length: 195
Content-Type: application/json; charset=utf-8
host: localhost:28457
accept: */*

Response DefaultHttpResponse(decodeResult: success, version: HTTP/1.1)
HTTP/1.1 200 OK
Content-Length: 126
Content-Type: application/json; charset=utf-8
cache-control: no-cache

22:40:47.635 [AsyncHttpClient-1-8] DEBUG org.asynchttpclient.netty.channel.ChannelManager - Adding key: http://localhost:28457 for channel [id: 0x65a2a380, L:/127.0.0.1:54723 - R:localhost/127.0.0.1:28457]
22:40:47.635 [Forwarding clickElement on session 5e70e04830ce85d358b7acfa362c7923 to remote] DEBUG org.asynchttpclient.netty.request.NettyRequestSender - Using pooled Channel '[id: 0x65a2a380, L:/127.0.0.1:54723 - R:localhost/127.0.0.1:28457]' for 'POST' to 'http://localhost:28457/session/5e70e04830ce85d358b7acfa362c7923/element/f.46E9A9C0E0412B94ED6576E5E237CEF3.d.B7F43354CD9AC691E919922629291DCD.e.42/click'
22:40:47.635 [Forwarding clickElement on session 5e70e04830ce85d358b7acfa362c7923 to remote] DEBUG org.asynchttpclient.netty.request.NettyRequestSender - Using open Channel [id: 0x65a2a380, L:/127.0.0.1:54723 - R:localhost/127.0.0.1:28457] for POST '/session/5e70e04830ce85d358b7acfa362c7923/element/f.46E9A9C0E0412B94ED6576E5E237CEF3.d.B7F43354CD9AC691E919922629291DCD.e.42/click'
22:40:47.787 [AsyncHttpClient-1-8] DEBUG org.asynchttpclient.netty.handler.HttpHandler - 

Request DefaultHttpRequest(decodeResult: success, version: HTTP/1.1)
POST /session/5e70e04830ce85d358b7acfa362c7923/element/f.46E9A9C0E0412B94ED6576E5E237CEF3.d.B7F43354CD9AC691E919922629291DCD.e.42/click HTTP/1.1
User-Agent: selenium/4.12.0 (java windows)
Content-Length: 88
Content-Type: application/json; charset=utf-8
host: localhost:28457
accept: */*

Response DefaultHttpResponse(decodeResult: success, version: HTTP/1.1)
HTTP/1.1 200 OK
Content-Length: 14
Content-Type: application/json; charset=utf-8
cache-control: no-cache

22:40:47.787 [AsyncHttpClient-1-8] DEBUG org.asynchttpclient.netty.channel.ChannelManager - Adding key: http://localhost:28457 for channel [id: 0x65a2a380, L:/127.0.0.1:54723 - R:localhost/127.0.0.1:28457]
  And Tap_On_Carrier_Tab                                                       # StepDefination.Customer_onboarding.tap_on_carrirer_Tab()
22:40:47.787 [Forwarding findElement on session 5e70e04830ce85d358b7acfa362c7923 to remote] DEBUG org.asynchttpclient.netty.request.NettyRequestSender - Using pooled Channel '[id: 0x65a2a380, L:/127.0.0.1:54723 - R:localhost/127.0.0.1:28457]' for 'POST' to 'http://localhost:28457/session/5e70e04830ce85d358b7acfa362c7923/element'
22:40:47.787 [Forwarding findElement on session 5e70e04830ce85d358b7acfa362c7923 to remote] DEBUG org.asynchttpclient.netty.request.NettyRequestSender - Using open Channel [id: 0x65a2a380, L:/127.0.0.1:54723 - R:localhost/127.0.0.1:28457] for POST '/session/5e70e04830ce85d358b7acfa362c7923/element'
22:40:47.811 [AsyncHttpClient-1-8] DEBUG org.asynchttpclient.netty.handler.HttpHandler - 

Request DefaultHttpRequest(decodeResult: success, version: HTTP/1.1)
POST /session/5e70e04830ce85d358b7acfa362c7923/element HTTP/1.1
User-Agent: selenium/4.12.0 (java windows)
Content-Length: 127
Content-Type: application/json; charset=utf-8
host: localhost:28457
accept: */*

Response DefaultHttpResponse(decodeResult: success, version: HTTP/1.1)
HTTP/1.1 200 OK
Content-Length: 126
Content-Type: application/json; charset=utf-8
cache-control: no-cache

22:40:47.811 [AsyncHttpClient-1-8] DEBUG org.asynchttpclient.netty.channel.ChannelManager - Adding key: http://localhost:28457 for channel [id: 0x65a2a380, L:/127.0.0.1:54723 - R:localhost/127.0.0.1:28457]
22:40:47.811 [Forwarding getElementText on session 5e70e04830ce85d358b7acfa362c7923 to remote] DEBUG org.asynchttpclient.netty.request.NettyRequestSender - Using pooled Channel '[id: 0x65a2a380, L:/127.0.0.1:54723 - R:localhost/127.0.0.1:28457]' for 'GET' to 'http://localhost:28457/session/5e70e04830ce85d358b7acfa362c7923/element/f.46E9A9C0E0412B94ED6576E5E237CEF3.d.B7F43354CD9AC691E919922629291DCD.e.44/text'
22:40:47.811 [Forwarding getElementText on session 5e70e04830ce85d358b7acfa362c7923 to remote] DEBUG org.asynchttpclient.netty.request.NettyRequestSender - Using open Channel [id: 0x65a2a380, L:/127.0.0.1:54723 - R:localhost/127.0.0.1:28457] for GET '/session/5e70e04830ce85d358b7acfa362c7923/element/f.46E9A9C0E0412B94ED6576E5E237CEF3.d.B7F43354CD9AC691E919922629291DCD.e.44/text'
22:40:47.827 [AsyncHttpClient-1-8] DEBUG org.asynchttpclient.netty.handler.HttpHandler - 

Request DefaultFullHttpRequest(decodeResult: success, version: HTTP/1.1, content: EmptyByteBufBE)
GET /session/5e70e04830ce85d358b7acfa362c7923/element/f.46E9A9C0E0412B94ED6576E5E237CEF3.d.B7F43354CD9AC691E919922629291DCD.e.44/text HTTP/1.1
Cache-Control: no-cache
User-Agent: selenium/4.12.0 (java windows)
Content-Type: application/json; charset=utf-8
host: localhost:28457
accept: */*

Response DefaultHttpResponse(decodeResult: success, version: HTTP/1.1)
HTTP/1.1 200 OK
Content-Length: 21
Content-Type: application/json; charset=utf-8
cache-control: no-cache

22:40:47.827 [AsyncHttpClient-1-8] DEBUG org.asynchttpclient.netty.channel.ChannelManager - Adding key: http://localhost:28457 for channel [id: 0x65a2a380, L:/127.0.0.1:54723 - R:localhost/127.0.0.1:28457]
22:40:47.827 [Forwarding findElement on session 5e70e04830ce85d358b7acfa362c7923 to remote] DEBUG org.asynchttpclient.netty.request.NettyRequestSender - Using pooled Channel '[id: 0x65a2a380, L:/127.0.0.1:54723 - R:localhost/127.0.0.1:28457]' for 'POST' to 'http://localhost:28457/session/5e70e04830ce85d358b7acfa362c7923/element'
22:40:47.827 [Forwarding findElement on session 5e70e04830ce85d358b7acfa362c7923 to remote] DEBUG org.asynchttpclient.netty.request.NettyRequestSender - Using open Channel [id: 0x65a2a380, L:/127.0.0.1:54723 - R:localhost/127.0.0.1:28457] for POST '/session/5e70e04830ce85d358b7acfa362c7923/element'
22:40:47.843 [AsyncHttpClient-1-8] DEBUG org.asynchttpclient.netty.handler.HttpHandler - 

Request DefaultHttpRequest(decodeResult: success, version: HTTP/1.1)
POST /session/5e70e04830ce85d358b7acfa362c7923/element HTTP/1.1
User-Agent: selenium/4.12.0 (java windows)
Content-Length: 127
Content-Type: application/json; charset=utf-8
host: localhost:28457
accept: */*

Response DefaultHttpResponse(decodeResult: success, version: HTTP/1.1)
HTTP/1.1 200 OK
Content-Length: 126
Content-Type: application/json; charset=utf-8
cache-control: no-cache

22:40:47.849 [AsyncHttpClient-1-8] DEBUG org.asynchttpclient.netty.channel.ChannelManager - Adding key: http://localhost:28457 for channel [id: 0x65a2a380, L:/127.0.0.1:54723 - R:localhost/127.0.0.1:28457]
22:40:47.851 [Forwarding clickElement on session 5e70e04830ce85d358b7acfa362c7923 to remote] DEBUG org.asynchttpclient.netty.request.NettyRequestSender - Using pooled Channel '[id: 0x65a2a380, L:/127.0.0.1:54723 - R:localhost/127.0.0.1:28457]' for 'POST' to 'http://localhost:28457/session/5e70e04830ce85d358b7acfa362c7923/element/f.46E9A9C0E0412B94ED6576E5E237CEF3.d.B7F43354CD9AC691E919922629291DCD.e.44/click'
22:40:47.851 [Forwarding clickElement on session 5e70e04830ce85d358b7acfa362c7923 to remote] DEBUG org.asynchttpclient.netty.request.NettyRequestSender - Using open Channel [id: 0x65a2a380, L:/127.0.0.1:54723 - R:localhost/127.0.0.1:28457] for POST '/session/5e70e04830ce85d358b7acfa362c7923/element/f.46E9A9C0E0412B94ED6576E5E237CEF3.d.B7F43354CD9AC691E919922629291DCD.e.44/click'
22:40:47.987 [AsyncHttpClient-1-8] DEBUG org.asynchttpclient.netty.handler.HttpHandler - 

Request DefaultHttpRequest(decodeResult: success, version: HTTP/1.1)
POST /session/5e70e04830ce85d358b7acfa362c7923/element/f.46E9A9C0E0412B94ED6576E5E237CEF3.d.B7F43354CD9AC691E919922629291DCD.e.44/click HTTP/1.1
User-Agent: selenium/4.12.0 (java windows)
Content-Length: 88
Content-Type: application/json; charset=utf-8
host: localhost:28457
accept: */*

Response DefaultHttpResponse(decodeResult: success, version: HTTP/1.1)
HTTP/1.1 200 OK
Content-Length: 14
Content-Type: application/json; charset=utf-8
cache-control: no-cache

22:40:47.987 [AsyncHttpClient-1-8] DEBUG org.asynchttpclient.netty.channel.ChannelManager - Adding key: http://localhost:28457 for channel [id: 0x65a2a380, L:/127.0.0.1:54723 - R:localhost/127.0.0.1:28457]
22:40:48.084 [AsyncHttpClient-1-1] DEBUG org.asynchttpclient.netty.channel.DefaultChannelPool - Entry count for : http://localhost:54724 : 1
22:40:48.084 [AsyncHttpClient-1-1] DEBUG org.asynchttpclient.netty.channel.DefaultChannelPool - Entry count for : http://localhost:28457 : 1
22:40:49.186 [AsyncHttpClient-1-1] DEBUG org.asynchttpclient.netty.channel.DefaultChannelPool - Entry count for : http://localhost:54724 : 1
22:40:49.186 [AsyncHttpClient-1-1] DEBUG org.asynchttpclient.netty.channel.DefaultChannelPool - Entry count for : http://localhost:28457 : 1
screen shot class not taking
22:40:49.997 [Forwarding findElement on session 5e70e04830ce85d358b7acfa362c7923 to remote] DEBUG org.asynchttpclient.netty.request.NettyRequestSender - Using pooled Channel '[id: 0x65a2a380, L:/127.0.0.1:54723 - R:localhost/127.0.0.1:28457]' for 'POST' to 'http://localhost:28457/session/5e70e04830ce85d358b7acfa362c7923/element'
22:40:49.997 [Forwarding findElement on session 5e70e04830ce85d358b7acfa362c7923 to remote] DEBUG org.asynchttpclient.netty.request.NettyRequestSender - Using open Channel [id: 0x65a2a380, L:/127.0.0.1:54723 - R:localhost/127.0.0.1:28457] for POST '/session/5e70e04830ce85d358b7acfa362c7923/element'
22:40:50.021 [AsyncHttpClient-1-8] DEBUG org.asynchttpclient.netty.handler.HttpHandler - 

Request DefaultHttpRequest(decodeResult: success, version: HTTP/1.1)
POST /session/5e70e04830ce85d358b7acfa362c7923/element HTTP/1.1
User-Agent: selenium/4.12.0 (java windows)
Content-Length: 178
Content-Type: application/json; charset=utf-8
host: localhost:28457
accept: */*

Response DefaultHttpResponse(decodeResult: success, version: HTTP/1.1)
HTTP/1.1 200 OK
Content-Length: 126
Content-Type: application/json; charset=utf-8
cache-control: no-cache

22:40:50.029 [AsyncHttpClient-1-8] DEBUG org.asynchttpclient.netty.channel.ChannelManager - Adding key: http://localhost:28457 for channel [id: 0x65a2a380, L:/127.0.0.1:54723 - R:localhost/127.0.0.1:28457]
22:40:50.029 [Forwarding getElementText on session 5e70e04830ce85d358b7acfa362c7923 to remote] DEBUG org.asynchttpclient.netty.request.NettyRequestSender - Using pooled Channel '[id: 0x65a2a380, L:/127.0.0.1:54723 - R:localhost/127.0.0.1:28457]' for 'GET' to 'http://localhost:28457/session/5e70e04830ce85d358b7acfa362c7923/element/f.46E9A9C0E0412B94ED6576E5E237CEF3.d.B7F43354CD9AC691E919922629291DCD.e.47/text'
22:40:50.029 [Forwarding getElementText on session 5e70e04830ce85d358b7acfa362c7923 to remote] DEBUG org.asynchttpclient.netty.request.NettyRequestSender - Using open Channel [id: 0x65a2a380, L:/127.0.0.1:54723 - R:localhost/127.0.0.1:28457] for GET '/session/5e70e04830ce85d358b7acfa362c7923/element/f.46E9A9C0E0412B94ED6576E5E237CEF3.d.B7F43354CD9AC691E919922629291DCD.e.47/text'
22:40:50.053 [AsyncHttpClient-1-8] DEBUG org.asynchttpclient.netty.handler.HttpHandler - 

Request DefaultFullHttpRequest(decodeResult: success, version: HTTP/1.1, content: EmptyByteBufBE)
GET /session/5e70e04830ce85d358b7acfa362c7923/element/f.46E9A9C0E0412B94ED6576E5E237CEF3.d.B7F43354CD9AC691E919922629291DCD.e.47/text HTTP/1.1
Cache-Control: no-cache
User-Agent: selenium/4.12.0 (java windows)
Content-Type: application/json; charset=utf-8
host: localhost:28457
accept: */*

Response DefaultHttpResponse(decodeResult: success, version: HTTP/1.1)
HTTP/1.1 200 OK
Content-Length: 28
Content-Type: application/json; charset=utf-8
cache-control: no-cache

22:40:50.053 [AsyncHttpClient-1-8] DEBUG org.asynchttpclient.netty.channel.ChannelManager - Adding key: http://localhost:28457 for channel [id: 0x65a2a380, L:/127.0.0.1:54723 - R:localhost/127.0.0.1:28457]
22:40:50.053 [Forwarding findElement on session 5e70e04830ce85d358b7acfa362c7923 to remote] DEBUG org.asynchttpclient.netty.request.NettyRequestSender - Using pooled Channel '[id: 0x65a2a380, L:/127.0.0.1:54723 - R:localhost/127.0.0.1:28457]' for 'POST' to 'http://localhost:28457/session/5e70e04830ce85d358b7acfa362c7923/element'
22:40:50.053 [Forwarding findElement on session 5e70e04830ce85d358b7acfa362c7923 to remote] DEBUG org.asynchttpclient.netty.request.NettyRequestSender - Using open Channel [id: 0x65a2a380, L:/127.0.0.1:54723 - R:localhost/127.0.0.1:28457] for POST '/session/5e70e04830ce85d358b7acfa362c7923/element'
22:40:50.077 [AsyncHttpClient-1-8] DEBUG org.asynchttpclient.netty.handler.HttpHandler - 

Request DefaultHttpRequest(decodeResult: success, version: HTTP/1.1)
POST /session/5e70e04830ce85d358b7acfa362c7923/element HTTP/1.1
User-Agent: selenium/4.12.0 (java windows)
Content-Length: 178
Content-Type: application/json; charset=utf-8
host: localhost:28457
accept: */*

Response DefaultHttpResponse(decodeResult: success, version: HTTP/1.1)
HTTP/1.1 200 OK
Content-Length: 126
Content-Type: application/json; charset=utf-8
cache-control: no-cache

22:40:50.077 [AsyncHttpClient-1-8] DEBUG org.asynchttpclient.netty.channel.ChannelManager - Adding key: http://localhost:28457 for channel [id: 0x65a2a380, L:/127.0.0.1:54723 - R:localhost/127.0.0.1:28457]
22:40:50.085 [Forwarding clickElement on session 5e70e04830ce85d358b7acfa362c7923 to remote] DEBUG org.asynchttpclient.netty.request.NettyRequestSender - Using pooled Channel '[id: 0x65a2a380, L:/127.0.0.1:54723 - R:localhost/127.0.0.1:28457]' for 'POST' to 'http://localhost:28457/session/5e70e04830ce85d358b7acfa362c7923/element/f.46E9A9C0E0412B94ED6576E5E237CEF3.d.B7F43354CD9AC691E919922629291DCD.e.47/click'
22:40:50.085 [Forwarding clickElement on session 5e70e04830ce85d358b7acfa362c7923 to remote] DEBUG org.asynchttpclient.netty.request.NettyRequestSender - Using open Channel [id: 0x65a2a380, L:/127.0.0.1:54723 - R:localhost/127.0.0.1:28457] for POST '/session/5e70e04830ce85d358b7acfa362c7923/element/f.46E9A9C0E0412B94ED6576E5E237CEF3.d.B7F43354CD9AC691E919922629291DCD.e.47/click'
22:40:50.229 [AsyncHttpClient-1-8] DEBUG org.asynchttpclient.netty.handler.HttpHandler - 

Request DefaultHttpRequest(decodeResult: success, version: HTTP/1.1)
POST /session/5e70e04830ce85d358b7acfa362c7923/element/f.46E9A9C0E0412B94ED6576E5E237CEF3.d.B7F43354CD9AC691E919922629291DCD.e.47/click HTTP/1.1
User-Agent: selenium/4.12.0 (java windows)
Content-Length: 88
Content-Type: application/json; charset=utf-8
host: localhost:28457
accept: */*

Response DefaultHttpResponse(decodeResult: success, version: HTTP/1.1)
HTTP/1.1 200 OK
Content-Length: 14
Content-Type: application/json; charset=utf-8
cache-control: no-cache

22:40:50.229 [AsyncHttpClient-1-8] DEBUG org.asynchttpclient.netty.channel.ChannelManager - Adding key: http://localhost:28457 for channel [id: 0x65a2a380, L:/127.0.0.1:54723 - R:localhost/127.0.0.1:28457]
  When Open customer form                                                      # StepDefination.Customer_onboarding.Open_customer_form()
22:40:50.293 [AsyncHttpClient-1-1] DEBUG org.asynchttpclient.netty.channel.DefaultChannelPool - Entry count for : http://localhost:54724 : 1
22:40:50.293 [AsyncHttpClient-1-1] DEBUG org.asynchttpclient.netty.channel.DefaultChannelPool - Entry count for : http://localhost:28457 : 1
22:40:51.386 [AsyncHttpClient-1-1] DEBUG org.asynchttpclient.netty.channel.DefaultChannelPool - Entry count for : http://localhost:54724 : 1
22:40:51.386 [AsyncHttpClient-1-1] DEBUG org.asynchttpclient.netty.channel.DefaultChannelPool - Entry count for : http://localhost:28457 : 1
22:40:51.851 [Forwarding findElement on session 5e70e04830ce85d358b7acfa362c7923 to remote] DEBUG org.asynchttpclient.netty.request.NettyRequestSender - Using pooled Channel '[id: 0x65a2a380, L:/127.0.0.1:54723 - R:localhost/127.0.0.1:28457]' for 'POST' to 'http://localhost:28457/session/5e70e04830ce85d358b7acfa362c7923/element'
22:40:51.851 [Forwarding findElement on session 5e70e04830ce85d358b7acfa362c7923 to remote] DEBUG org.asynchttpclient.netty.request.NettyRequestSender - Using open Channel [id: 0x65a2a380, L:/127.0.0.1:54723 - R:localhost/127.0.0.1:28457] for POST '/session/5e70e04830ce85d358b7acfa362c7923/element'
22:40:51.875 [AsyncHttpClient-1-8] DEBUG org.asynchttpclient.netty.handler.HttpHandler - 

Request DefaultHttpRequest(decodeResult: success, version: HTTP/1.1)
POST /session/5e70e04830ce85d358b7acfa362c7923/element HTTP/1.1
User-Agent: selenium/4.12.0 (java windows)
Content-Length: 114
Content-Type: application/json; charset=utf-8
host: localhost:28457
accept: */*

Response DefaultHttpResponse(decodeResult: success, version: HTTP/1.1)
HTTP/1.1 200 OK
Content-Length: 126
Content-Type: application/json; charset=utf-8
cache-control: no-cache

22:40:51.875 [AsyncHttpClient-1-8] DEBUG org.asynchttpclient.netty.channel.ChannelManager - Adding key: http://localhost:28457 for channel [id: 0x65a2a380, L:/127.0.0.1:54723 - R:localhost/127.0.0.1:28457]
22:40:51.883 [Forwarding sendKeysToElement on session 5e70e04830ce85d358b7acfa362c7923 to remote] DEBUG org.asynchttpclient.netty.request.NettyRequestSender - Using pooled Channel '[id: 0x65a2a380, L:/127.0.0.1:54723 - R:localhost/127.0.0.1:28457]' for 'POST' to 'http://localhost:28457/session/5e70e04830ce85d358b7acfa362c7923/element/f.46E9A9C0E0412B94ED6576E5E237CEF3.d.B7F43354CD9AC691E919922629291DCD.e.51/value'
22:40:51.883 [Forwarding sendKeysToElement on session 5e70e04830ce85d358b7acfa362c7923 to remote] DEBUG org.asynchttpclient.netty.request.NettyRequestSender - Using open Channel [id: 0x65a2a380, L:/127.0.0.1:54723 - R:localhost/127.0.0.1:28457] for POST '/session/5e70e04830ce85d358b7acfa362c7923/element/f.46E9A9C0E0412B94ED6576E5E237CEF3.d.B7F43354CD9AC691E919922629291DCD.e.51/value'
22:40:52.317 [AsyncHttpClient-1-8] DEBUG org.asynchttpclient.netty.handler.HttpHandler - 

Request DefaultHttpRequest(decodeResult: success, version: HTTP/1.1)
POST /session/5e70e04830ce85d358b7acfa362c7923/element/f.46E9A9C0E0412B94ED6576E5E237CEF3.d.B7F43354CD9AC691E919922629291DCD.e.51/value HTTP/1.1
User-Agent: selenium/4.12.0 (java windows)
Content-Length: 379
Content-Type: application/json; charset=utf-8
host: localhost:28457
accept: */*

Response DefaultHttpResponse(decodeResult: success, version: HTTP/1.1)
HTTP/1.1 200 OK
Content-Length: 14
Content-Type: application/json; charset=utf-8
cache-control: no-cache

22:40:52.317 [AsyncHttpClient-1-8] DEBUG org.asynchttpclient.netty.channel.ChannelManager - Adding key: http://localhost:28457 for channel [id: 0x65a2a380, L:/127.0.0.1:54723 - R:localhost/127.0.0.1:28457]
screen shot class not taking
  And Provide the company nameRandom                                           # StepDefination.Customer_onboarding.Provide_the_company_name(java.lang.String)
22:40:52.494 [AsyncHttpClient-1-1] DEBUG org.asynchttpclient.netty.channel.DefaultChannelPool - Entry count for : http://localhost:54724 : 1
22:40:52.494 [AsyncHttpClient-1-1] DEBUG org.asynchttpclient.netty.channel.DefaultChannelPool - Entry count for : http://localhost:28457 : 1
22:40:52.830 [Forwarding findElement on session 5e70e04830ce85d358b7acfa362c7923 to remote] DEBUG org.asynchttpclient.netty.request.NettyRequestSender - Using pooled Channel '[id: 0x65a2a380, L:/127.0.0.1:54723 - R:localhost/127.0.0.1:28457]' for 'POST' to 'http://localhost:28457/session/5e70e04830ce85d358b7acfa362c7923/element'
22:40:52.830 [Forwarding findElement on session 5e70e04830ce85d358b7acfa362c7923 to remote] DEBUG org.asynchttpclient.netty.request.NettyRequestSender - Using open Channel [id: 0x65a2a380, L:/127.0.0.1:54723 - R:localhost/127.0.0.1:28457] for POST '/session/5e70e04830ce85d358b7acfa362c7923/element'
22:40:52.855 [AsyncHttpClient-1-8] DEBUG org.asynchttpclient.netty.handler.HttpHandler - 

Request DefaultHttpRequest(decodeResult: success, version: HTTP/1.1)
POST /session/5e70e04830ce85d358b7acfa362c7923/element HTTP/1.1
User-Agent: selenium/4.12.0 (java windows)
Content-Length: 88
Content-Type: application/json; charset=utf-8
host: localhost:28457
accept: */*

Response DefaultHttpResponse(decodeResult: success, version: HTTP/1.1)
HTTP/1.1 200 OK
Content-Length: 126
Content-Type: application/json; charset=utf-8
cache-control: no-cache

22:40:52.855 [AsyncHttpClient-1-8] DEBUG org.asynchttpclient.netty.channel.ChannelManager - Adding key: http://localhost:28457 for channel [id: 0x65a2a380, L:/127.0.0.1:54723 - R:localhost/127.0.0.1:28457]
22:40:52.855 [Forwarding sendKeysToElement on session 5e70e04830ce85d358b7acfa362c7923 to remote] DEBUG org.asynchttpclient.netty.request.NettyRequestSender - Using pooled Channel '[id: 0x65a2a380, L:/127.0.0.1:54723 - R:localhost/127.0.0.1:28457]' for 'POST' to 'http://localhost:28457/session/5e70e04830ce85d358b7acfa362c7923/element/f.46E9A9C0E0412B94ED6576E5E237CEF3.d.B7F43354CD9AC691E919922629291DCD.e.60/value'
22:40:52.855 [Forwarding sendKeysToElement on session 5e70e04830ce85d358b7acfa362c7923 to remote] DEBUG org.asynchttpclient.netty.request.NettyRequestSender - Using open Channel [id: 0x65a2a380, L:/127.0.0.1:54723 - R:localhost/127.0.0.1:28457] for POST '/session/5e70e04830ce85d358b7acfa362c7923/element/f.46E9A9C0E0412B94ED6576E5E237CEF3.d.B7F43354CD9AC691E919922629291DCD.e.60/value'
22:40:53.203 [AsyncHttpClient-1-8] DEBUG org.asynchttpclient.netty.handler.HttpHandler - 

Request DefaultHttpRequest(decodeResult: success, version: HTTP/1.1)
POST /session/5e70e04830ce85d358b7acfa362c7923/element/f.46E9A9C0E0412B94ED6576E5E237CEF3.d.B7F43354CD9AC691E919922629291DCD.e.60/value HTTP/1.1
User-Agent: selenium/4.12.0 (java windows)
Content-Length: 259
Content-Type: application/json; charset=utf-8
host: localhost:28457
accept: */*

Response DefaultHttpResponse(decodeResult: success, version: HTTP/1.1)
HTTP/1.1 200 OK
Content-Length: 14
Content-Type: application/json; charset=utf-8
cache-control: no-cache

22:40:53.203 [AsyncHttpClient-1-8] DEBUG org.asynchttpclient.netty.channel.ChannelManager - Adding key: http://localhost:28457 for channel [id: 0x65a2a380, L:/127.0.0.1:54723 - R:localhost/127.0.0.1:28457]
22:40:53.203 [Forwarding findElement on session 5e70e04830ce85d358b7acfa362c7923 to remote] DEBUG org.asynchttpclient.netty.request.NettyRequestSender - Using pooled Channel '[id: 0x65a2a380, L:/127.0.0.1:54723 - R:localhost/127.0.0.1:28457]' for 'POST' to 'http://localhost:28457/session/5e70e04830ce85d358b7acfa362c7923/element'
22:40:53.203 [Forwarding findElement on session 5e70e04830ce85d358b7acfa362c7923 to remote] DEBUG org.asynchttpclient.netty.request.NettyRequestSender - Using open Channel [id: 0x65a2a380, L:/127.0.0.1:54723 - R:localhost/127.0.0.1:28457] for POST '/session/5e70e04830ce85d358b7acfa362c7923/element'
22:40:53.227 [AsyncHttpClient-1-8] DEBUG org.asynchttpclient.netty.handler.HttpHandler - 

Request DefaultHttpRequest(decodeResult: success, version: HTTP/1.1)
POST /session/5e70e04830ce85d358b7acfa362c7923/element HTTP/1.1
User-Agent: selenium/4.12.0 (java windows)
Content-Length: 75
Content-Type: application/json; charset=utf-8
host: localhost:28457
accept: */*

Response DefaultHttpResponse(decodeResult: success, version: HTTP/1.1)
HTTP/1.1 200 OK
Content-Length: 126
Content-Type: application/json; charset=utf-8
cache-control: no-cache

22:40:53.227 [AsyncHttpClient-1-8] DEBUG org.asynchttpclient.netty.channel.ChannelManager - Adding key: http://localhost:28457 for channel [id: 0x65a2a380, L:/127.0.0.1:54723 - R:localhost/127.0.0.1:28457]
22:40:53.227 [Forwarding sendKeysToElement on session 5e70e04830ce85d358b7acfa362c7923 to remote] DEBUG org.asynchttpclient.netty.request.NettyRequestSender - Using pooled Channel '[id: 0x65a2a380, L:/127.0.0.1:54723 - R:localhost/127.0.0.1:28457]' for 'POST' to 'http://localhost:28457/session/5e70e04830ce85d358b7acfa362c7923/element/f.46E9A9C0E0412B94ED6576E5E237CEF3.d.B7F43354CD9AC691E919922629291DCD.e.61/value'
22:40:53.235 [Forwarding sendKeysToElement on session 5e70e04830ce85d358b7acfa362c7923 to remote] DEBUG org.asynchttpclient.netty.request.NettyRequestSender - Using open Channel [id: 0x65a2a380, L:/127.0.0.1:54723 - R:localhost/127.0.0.1:28457] for POST '/session/5e70e04830ce85d358b7acfa362c7923/element/f.46E9A9C0E0412B94ED6576E5E237CEF3.d.B7F43354CD9AC691E919922629291DCD.e.61/value'
22:40:53.531 [AsyncHttpClient-1-8] DEBUG org.asynchttpclient.netty.handler.HttpHandler - 

Request DefaultHttpRequest(decodeResult: success, version: HTTP/1.1)
POST /session/5e70e04830ce85d358b7acfa362c7923/element/f.46E9A9C0E0412B94ED6576E5E237CEF3.d.B7F43354CD9AC691E919922629291DCD.e.61/value HTTP/1.1
User-Agent: selenium/4.12.0 (java windows)
Content-Length: 139
Content-Type: application/json; charset=utf-8
host: localhost:28457
accept: */*

Response DefaultHttpResponse(decodeResult: success, version: HTTP/1.1)
HTTP/1.1 200 OK
Content-Length: 14
Content-Type: application/json; charset=utf-8
cache-control: no-cache

22:40:53.531 [AsyncHttpClient-1-8] DEBUG org.asynchttpclient.netty.channel.ChannelManager - Adding key: http://localhost:28457 for channel [id: 0x65a2a380, L:/127.0.0.1:54723 - R:localhost/127.0.0.1:28457]
22:40:53.539 [Forwarding findElement on session 5e70e04830ce85d358b7acfa362c7923 to remote] DEBUG org.asynchttpclient.netty.request.NettyRequestSender - Using pooled Channel '[id: 0x65a2a380, L:/127.0.0.1:54723 - R:localhost/127.0.0.1:28457]' for 'POST' to 'http://localhost:28457/session/5e70e04830ce85d358b7acfa362c7923/element'
22:40:53.539 [Forwarding findElement on session 5e70e04830ce85d358b7acfa362c7923 to remote] DEBUG org.asynchttpclient.netty.request.NettyRequestSender - Using open Channel [id: 0x65a2a380, L:/127.0.0.1:54723 - R:localhost/127.0.0.1:28457] for POST '/session/5e70e04830ce85d358b7acfa362c7923/element'
22:40:53.580 [AsyncHttpClient-1-1] DEBUG org.asynchttpclient.netty.channel.DefaultChannelPool - Entry count for : http://localhost:54724 : 1
22:40:53.628 [AsyncHttpClient-1-8] DEBUG org.asynchttpclient.netty.handler.HttpHandler - 

Request DefaultHttpRequest(decodeResult: success, version: HTTP/1.1)
POST /session/5e70e04830ce85d358b7acfa362c7923/element HTTP/1.1
User-Agent: selenium/4.12.0 (java windows)
Content-Length: 90
Content-Type: application/json; charset=utf-8
host: localhost:28457
accept: */*

Response DefaultHttpResponse(decodeResult: success, version: HTTP/1.1)
HTTP/1.1 200 OK
Content-Length: 126
Content-Type: application/json; charset=utf-8
cache-control: no-cache

22:40:53.628 [AsyncHttpClient-1-8] DEBUG org.asynchttpclient.netty.channel.ChannelManager - Adding key: http://localhost:28457 for channel [id: 0x65a2a380, L:/127.0.0.1:54723 - R:localhost/127.0.0.1:28457]
22:40:53.636 [Forwarding sendKeysToElement on session 5e70e04830ce85d358b7acfa362c7923 to remote] DEBUG org.asynchttpclient.netty.request.NettyRequestSender - Using pooled Channel '[id: 0x65a2a380, L:/127.0.0.1:54723 - R:localhost/127.0.0.1:28457]' for 'POST' to 'http://localhost:28457/session/5e70e04830ce85d358b7acfa362c7923/element/f.46E9A9C0E0412B94ED6576E5E237CEF3.d.B7F43354CD9AC691E919922629291DCD.e.62/value'
22:40:53.636 [Forwarding sendKeysToElement on session 5e70e04830ce85d358b7acfa362c7923 to remote] DEBUG org.asynchttpclient.netty.request.NettyRequestSender - Using open Channel [id: 0x65a2a380, L:/127.0.0.1:54723 - R:localhost/127.0.0.1:28457] for POST '/session/5e70e04830ce85d358b7acfa362c7923/element/f.46E9A9C0E0412B94ED6576E5E237CEF3.d.B7F43354CD9AC691E919922629291DCD.e.62/value'
22:40:53.868 [AsyncHttpClient-1-8] DEBUG org.asynchttpclient.netty.handler.HttpHandler - 

Request DefaultHttpRequest(decodeResult: success, version: HTTP/1.1)
POST /session/5e70e04830ce85d358b7acfa362c7923/element/f.46E9A9C0E0412B94ED6576E5E237CEF3.d.B7F43354CD9AC691E919922629291DCD.e.62/value HTTP/1.1
User-Agent: selenium/4.12.0 (java windows)
Content-Length: 139
Content-Type: application/json; charset=utf-8
host: localhost:28457
accept: */*

Response DefaultHttpResponse(decodeResult: success, version: HTTP/1.1)
HTTP/1.1 200 OK
Content-Length: 14
Content-Type: application/json; charset=utf-8
cache-control: no-cache

22:40:53.868 [AsyncHttpClient-1-8] DEBUG org.asynchttpclient.netty.channel.ChannelManager - Adding key: http://localhost:28457 for channel [id: 0x65a2a380, L:/127.0.0.1:54723 - R:localhost/127.0.0.1:28457]
22:40:53.868 [Forwarding findElement on session 5e70e04830ce85d358b7acfa362c7923 to remote] DEBUG org.asynchttpclient.netty.request.NettyRequestSender - Using pooled Channel '[id: 0x65a2a380, L:/127.0.0.1:54723 - R:localhost/127.0.0.1:28457]' for 'POST' to 'http://localhost:28457/session/5e70e04830ce85d358b7acfa362c7923/element'
22:40:53.868 [Forwarding findElement on session 5e70e04830ce85d358b7acfa362c7923 to remote] DEBUG org.asynchttpclient.netty.request.NettyRequestSender - Using open Channel [id: 0x65a2a380, L:/127.0.0.1:54723 - R:localhost/127.0.0.1:28457] for POST '/session/5e70e04830ce85d358b7acfa362c7923/element'
22:40:53.892 [AsyncHttpClient-1-8] DEBUG org.asynchttpclient.netty.handler.HttpHandler - 

Request DefaultHttpRequest(decodeResult: success, version: HTTP/1.1)
POST /session/5e70e04830ce85d358b7acfa362c7923/element HTTP/1.1
User-Agent: selenium/4.12.0 (java windows)
Content-Length: 96
Content-Type: application/json; charset=utf-8
host: localhost:28457
accept: */*

Response DefaultHttpResponse(decodeResult: success, version: HTTP/1.1)
HTTP/1.1 200 OK
Content-Length: 126
Content-Type: application/json; charset=utf-8
cache-control: no-cache

22:40:53.892 [AsyncHttpClient-1-8] DEBUG org.asynchttpclient.netty.channel.ChannelManager - Adding key: http://localhost:28457 for channel [id: 0x65a2a380, L:/127.0.0.1:54723 - R:localhost/127.0.0.1:28457]
22:40:53.900 [Forwarding sendKeysToElement on session 5e70e04830ce85d358b7acfa362c7923 to remote] DEBUG org.asynchttpclient.netty.request.NettyRequestSender - Using pooled Channel '[id: 0x65a2a380, L:/127.0.0.1:54723 - R:localhost/127.0.0.1:28457]' for 'POST' to 'http://localhost:28457/session/5e70e04830ce85d358b7acfa362c7923/element/f.46E9A9C0E0412B94ED6576E5E237CEF3.d.B7F43354CD9AC691E919922629291DCD.e.63/value'
22:40:53.900 [Forwarding sendKeysToElement on session 5e70e04830ce85d358b7acfa362c7923 to remote] DEBUG org.asynchttpclient.netty.request.NettyRequestSender - Using open Channel [id: 0x65a2a380, L:/127.0.0.1:54723 - R:localhost/127.0.0.1:28457] for POST '/session/5e70e04830ce85d358b7acfa362c7923/element/f.46E9A9C0E0412B94ED6576E5E237CEF3.d.B7F43354CD9AC691E919922629291DCD.e.63/value'
22:40:54.148 [AsyncHttpClient-1-8] DEBUG org.asynchttpclient.netty.handler.HttpHandler - 

Request DefaultHttpRequest(decodeResult: success, version: HTTP/1.1)
POST /session/5e70e04830ce85d358b7acfa362c7923/element/f.46E9A9C0E0412B94ED6576E5E237CEF3.d.B7F43354CD9AC691E919922629291DCD.e.63/value HTTP/1.1
User-Agent: selenium/4.12.0 (java windows)
Content-Length: 179
Content-Type: application/json; charset=utf-8
host: localhost:28457
accept: */*

Response DefaultHttpResponse(decodeResult: success, version: HTTP/1.1)
HTTP/1.1 200 OK
Content-Length: 14
Content-Type: application/json; charset=utf-8
cache-control: no-cache

22:40:54.148 [AsyncHttpClient-1-8] DEBUG org.asynchttpclient.netty.channel.ChannelManager - Adding key: http://localhost:28457 for channel [id: 0x65a2a380, L:/127.0.0.1:54723 - R:localhost/127.0.0.1:28457]
22:40:54.156 [Forwarding findElement on session 5e70e04830ce85d358b7acfa362c7923 to remote] DEBUG org.asynchttpclient.netty.request.NettyRequestSender - Using pooled Channel '[id: 0x65a2a380, L:/127.0.0.1:54723 - R:localhost/127.0.0.1:28457]' for 'POST' to 'http://localhost:28457/session/5e70e04830ce85d358b7acfa362c7923/element'
22:40:54.156 [Forwarding findElement on session 5e70e04830ce85d358b7acfa362c7923 to remote] DEBUG org.asynchttpclient.netty.request.NettyRequestSender - Using open Channel [id: 0x65a2a380, L:/127.0.0.1:54723 - R:localhost/127.0.0.1:28457] for POST '/session/5e70e04830ce85d358b7acfa362c7923/element'
22:40:54.252 [AsyncHttpClient-1-8] DEBUG org.asynchttpclient.netty.handler.HttpHandler - 

Request DefaultHttpRequest(decodeResult: success, version: HTTP/1.1)
POST /session/5e70e04830ce85d358b7acfa362c7923/element HTTP/1.1
User-Agent: selenium/4.12.0 (java windows)
Content-Length: 78
Content-Type: application/json; charset=utf-8
host: localhost:28457
accept: */*

Response DefaultHttpResponse(decodeResult: success, version: HTTP/1.1)
HTTP/1.1 200 OK
Content-Length: 126
Content-Type: application/json; charset=utf-8
cache-control: no-cache

22:40:54.252 [AsyncHttpClient-1-8] DEBUG org.asynchttpclient.netty.channel.ChannelManager - Adding key: http://localhost:28457 for channel [id: 0x65a2a380, L:/127.0.0.1:54723 - R:localhost/127.0.0.1:28457]
22:40:54.260 [Forwarding sendKeysToElement on session 5e70e04830ce85d358b7acfa362c7923 to remote] DEBUG org.asynchttpclient.netty.request.NettyRequestSender - Using pooled Channel '[id: 0x65a2a380, L:/127.0.0.1:54723 - R:localhost/127.0.0.1:28457]' for 'POST' to 'http://localhost:28457/session/5e70e04830ce85d358b7acfa362c7923/element/f.46E9A9C0E0412B94ED6576E5E237CEF3.d.B7F43354CD9AC691E919922629291DCD.e.64/value'
22:40:54.260 [Forwarding sendKeysToElement on session 5e70e04830ce85d358b7acfa362c7923 to remote] DEBUG org.asynchttpclient.netty.request.NettyRequestSender - Using open Channel [id: 0x65a2a380, L:/127.0.0.1:54723 - R:localhost/127.0.0.1:28457] for POST '/session/5e70e04830ce85d358b7acfa362c7923/element/f.46E9A9C0E0412B94ED6576E5E237CEF3.d.B7F43354CD9AC691E919922629291DCD.e.64/value'
22:40:54.532 [AsyncHttpClient-1-8] DEBUG org.asynchttpclient.netty.handler.HttpHandler - 

Request DefaultHttpRequest(decodeResult: success, version: HTTP/1.1)
POST /session/5e70e04830ce85d358b7acfa362c7923/element/f.46E9A9C0E0412B94ED6576E5E237CEF3.d.B7F43354CD9AC691E919922629291DCD.e.64/value HTTP/1.1
User-Agent: selenium/4.12.0 (java windows)
Content-Length: 149
Content-Type: application/json; charset=utf-8
host: localhost:28457
accept: */*

Response DefaultHttpResponse(decodeResult: success, version: HTTP/1.1)
HTTP/1.1 200 OK
Content-Length: 14
Content-Type: application/json; charset=utf-8
cache-control: no-cache

22:40:54.532 [AsyncHttpClient-1-8] DEBUG org.asynchttpclient.netty.channel.ChannelManager - Adding key: http://localhost:28457 for channel [id: 0x65a2a380, L:/127.0.0.1:54723 - R:localhost/127.0.0.1:28457]
22:40:54.685 [AsyncHttpClient-1-1] DEBUG org.asynchttpclient.netty.channel.DefaultChannelPool - Entry count for : http://localhost:54724 : 1
22:40:54.685 [AsyncHttpClient-1-1] DEBUG org.asynchttpclient.netty.channel.DefaultChannelPool - Entry count for : http://localhost:28457 : 1
screen shot class not taking
  And Provide the Address DetailsMain_street001 YK FL 987678 USA               # StepDefination.Customer_onboarding.Provide_the_address_Details(java.lang.String,java.lang.String,java.lang.String,java.lang.String,java.lang.String)
22:40:55.781 [AsyncHttpClient-1-1] DEBUG org.asynchttpclient.netty.channel.DefaultChannelPool - Entry count for : http://localhost:54724 : 1
22:40:55.781 [AsyncHttpClient-1-1] DEBUG org.asynchttpclient.netty.channel.DefaultChannelPool - Entry count for : http://localhost:28457 : 1
22:40:56.063 [Forwarding findElement on session 5e70e04830ce85d358b7acfa362c7923 to remote] DEBUG org.asynchttpclient.netty.request.NettyRequestSender - Using pooled Channel '[id: 0x65a2a380, L:/127.0.0.1:54723 - R:localhost/127.0.0.1:28457]' for 'POST' to 'http://localhost:28457/session/5e70e04830ce85d358b7acfa362c7923/element'
22:40:56.063 [Forwarding findElement on session 5e70e04830ce85d358b7acfa362c7923 to remote] DEBUG org.asynchttpclient.netty.request.NettyRequestSender - Using open Channel [id: 0x65a2a380, L:/127.0.0.1:54723 - R:localhost/127.0.0.1:28457] for POST '/session/5e70e04830ce85d358b7acfa362c7923/element'
22:40:56.079 [AsyncHttpClient-1-8] DEBUG org.asynchttpclient.netty.handler.HttpHandler - 

Request DefaultHttpRequest(decodeResult: success, version: HTTP/1.1)
POST /session/5e70e04830ce85d358b7acfa362c7923/element HTTP/1.1
User-Agent: selenium/4.12.0 (java windows)
Content-Length: 72
Content-Type: application/json; charset=utf-8
host: localhost:28457
accept: */*

Response DefaultHttpResponse(decodeResult: success, version: HTTP/1.1)
HTTP/1.1 200 OK
Content-Length: 127
Content-Type: application/json; charset=utf-8
cache-control: no-cache

22:40:56.079 [AsyncHttpClient-1-8] DEBUG org.asynchttpclient.netty.channel.ChannelManager - Adding key: http://localhost:28457 for channel [id: 0x65a2a380, L:/127.0.0.1:54723 - R:localhost/127.0.0.1:28457]
22:40:56.087 [Forwarding clickElement on session 5e70e04830ce85d358b7acfa362c7923 to remote] DEBUG org.asynchttpclient.netty.request.NettyRequestSender - Using pooled Channel '[id: 0x65a2a380, L:/127.0.0.1:54723 - R:localhost/127.0.0.1:28457]' for 'POST' to 'http://localhost:28457/session/5e70e04830ce85d358b7acfa362c7923/element/f.46E9A9C0E0412B94ED6576E5E237CEF3.d.B7F43354CD9AC691E919922629291DCD.e.101/click'
22:40:56.087 [Forwarding clickElement on session 5e70e04830ce85d358b7acfa362c7923 to remote] DEBUG org.asynchttpclient.netty.request.NettyRequestSender - Using open Channel [id: 0x65a2a380, L:/127.0.0.1:54723 - R:localhost/127.0.0.1:28457] for POST '/session/5e70e04830ce85d358b7acfa362c7923/element/f.46E9A9C0E0412B94ED6576E5E237CEF3.d.B7F43354CD9AC691E919922629291DCD.e.101/click'
22:40:56.214 [AsyncHttpClient-1-8] DEBUG org.asynchttpclient.netty.handler.HttpHandler - 

Request DefaultHttpRequest(decodeResult: success, version: HTTP/1.1)
POST /session/5e70e04830ce85d358b7acfa362c7923/element/f.46E9A9C0E0412B94ED6576E5E237CEF3.d.B7F43354CD9AC691E919922629291DCD.e.101/click HTTP/1.1
User-Agent: selenium/4.12.0 (java windows)
Content-Length: 89
Content-Type: application/json; charset=utf-8
host: localhost:28457
accept: */*

Response DefaultHttpResponse(decodeResult: success, version: HTTP/1.1)
HTTP/1.1 200 OK
Content-Length: 14
Content-Type: application/json; charset=utf-8
cache-control: no-cache

22:40:56.214 [AsyncHttpClient-1-8] DEBUG org.asynchttpclient.netty.channel.ChannelManager - Adding key: http://localhost:28457 for channel [id: 0x65a2a380, L:/127.0.0.1:54723 - R:localhost/127.0.0.1:28457]
screen shot class not taking
  When Submit the form                                                         # StepDefination.Customer_onboarding.Submit_the_form()
22:40:56.889 [AsyncHttpClient-1-1] DEBUG org.asynchttpclient.netty.channel.DefaultChannelPool - Entry count for : http://localhost:54724 : 1
22:40:56.889 [AsyncHttpClient-1-1] DEBUG org.asynchttpclient.netty.channel.DefaultChannelPool - Entry count for : http://localhost:28457 : 1
22:40:57.223 [Forwarding findElement on session 5e70e04830ce85d358b7acfa362c7923 to remote] DEBUG org.asynchttpclient.netty.request.NettyRequestSender - Using pooled Channel '[id: 0x65a2a380, L:/127.0.0.1:54723 - R:localhost/127.0.0.1:28457]' for 'POST' to 'http://localhost:28457/session/5e70e04830ce85d358b7acfa362c7923/element'
22:40:57.223 [Forwarding findElement on session 5e70e04830ce85d358b7acfa362c7923 to remote] DEBUG org.asynchttpclient.netty.request.NettyRequestSender - Using open Channel [id: 0x65a2a380, L:/127.0.0.1:54723 - R:localhost/127.0.0.1:28457] for POST '/session/5e70e04830ce85d358b7acfa362c7923/element'
22:40:57.241 [AsyncHttpClient-1-8] DEBUG org.asynchttpclient.netty.handler.HttpHandler - 

Request DefaultHttpRequest(decodeResult: success, version: HTTP/1.1)
POST /session/5e70e04830ce85d358b7acfa362c7923/element HTTP/1.1
User-Agent: selenium/4.12.0 (java windows)
Content-Length: 151
Content-Type: application/json; charset=utf-8
host: localhost:28457
accept: */*

Response DefaultHttpResponse(decodeResult: success, version: HTTP/1.1)
HTTP/1.1 200 OK
Content-Length: 127
Content-Type: application/json; charset=utf-8
cache-control: no-cache

22:40:57.241 [AsyncHttpClient-1-8] DEBUG org.asynchttpclient.netty.channel.ChannelManager - Adding key: http://localhost:28457 for channel [id: 0x65a2a380, L:/127.0.0.1:54723 - R:localhost/127.0.0.1:28457]
22:40:57.241 [Forwarding clickElement on session 5e70e04830ce85d358b7acfa362c7923 to remote] DEBUG org.asynchttpclient.netty.request.NettyRequestSender - Using pooled Channel '[id: 0x65a2a380, L:/127.0.0.1:54723 - R:localhost/127.0.0.1:28457]' for 'POST' to 'http://localhost:28457/session/5e70e04830ce85d358b7acfa362c7923/element/f.46E9A9C0E0412B94ED6576E5E237CEF3.d.B7F43354CD9AC691E919922629291DCD.e.104/click'
22:40:57.241 [Forwarding clickElement on session 5e70e04830ce85d358b7acfa362c7923 to remote] DEBUG org.asynchttpclient.netty.request.NettyRequestSender - Using open Channel [id: 0x65a2a380, L:/127.0.0.1:54723 - R:localhost/127.0.0.1:28457] for POST '/session/5e70e04830ce85d358b7acfa362c7923/element/f.46E9A9C0E0412B94ED6576E5E237CEF3.d.B7F43354CD9AC691E919922629291DCD.e.104/click'
22:40:57.354 [AsyncHttpClient-1-8] DEBUG org.asynchttpclient.netty.handler.HttpHandler - 

Request DefaultHttpRequest(decodeResult: success, version: HTTP/1.1)
POST /session/5e70e04830ce85d358b7acfa362c7923/element/f.46E9A9C0E0412B94ED6576E5E237CEF3.d.B7F43354CD9AC691E919922629291DCD.e.104/click HTTP/1.1
User-Agent: selenium/4.12.0 (java windows)
Content-Length: 89
Content-Type: application/json; charset=utf-8
host: localhost:28457
accept: */*

Response DefaultHttpResponse(decodeResult: success, version: HTTP/1.1)
HTTP/1.1 200 OK
Content-Length: 14
Content-Type: application/json; charset=utf-8
cache-control: no-cache

22:40:57.354 [AsyncHttpClient-1-8] DEBUG org.asynchttpclient.netty.channel.ChannelManager - Adding key: http://localhost:28457 for channel [id: 0x65a2a380, L:/127.0.0.1:54723 - R:localhost/127.0.0.1:28457]
screen shot class not taking
  And Tap back button                                                          # StepDefination.Customer_onboarding.Tap_back_button()
22:40:57.992 [AsyncHttpClient-1-1] DEBUG org.asynchttpclient.netty.channel.DefaultChannelPool - Entry count for : http://localhost:54724 : 1
22:40:57.992 [AsyncHttpClient-1-1] DEBUG org.asynchttpclient.netty.channel.DefaultChannelPool - Entry count for : http://localhost:28457 : 1
22:40:58.870 [Forwarding findElements on session 5e70e04830ce85d358b7acfa362c7923 to remote] DEBUG org.asynchttpclient.netty.request.NettyRequestSender - Using pooled Channel '[id: 0x65a2a380, L:/127.0.0.1:54723 - R:localhost/127.0.0.1:28457]' for 'POST' to 'http://localhost:28457/session/5e70e04830ce85d358b7acfa362c7923/elements'
22:40:58.870 [Forwarding findElements on session 5e70e04830ce85d358b7acfa362c7923 to remote] DEBUG org.asynchttpclient.netty.request.NettyRequestSender - Using open Channel [id: 0x65a2a380, L:/127.0.0.1:54723 - R:localhost/127.0.0.1:28457] for POST '/session/5e70e04830ce85d358b7acfa362c7923/elements'
22:40:58.898 [AsyncHttpClient-1-8] DEBUG org.asynchttpclient.netty.handler.HttpHandler - 

Request DefaultHttpRequest(decodeResult: success, version: HTTP/1.1)
POST /session/5e70e04830ce85d358b7acfa362c7923/elements HTTP/1.1
User-Agent: selenium/4.12.0 (java windows)
Content-Length: 142
Content-Type: application/json; charset=utf-8
host: localhost:28457
accept: */*

Response DefaultHttpResponse(decodeResult: success, version: HTTP/1.1)
HTTP/1.1 200 OK
Content-Length: 5675
Content-Type: application/json; charset=utf-8
cache-control: no-cache

22:40:58.898 [AsyncHttpClient-1-8] DEBUG org.asynchttpclient.netty.channel.ChannelManager - Adding key: http://localhost:28457 for channel [id: 0x65a2a380, L:/127.0.0.1:54723 - R:localhost/127.0.0.1:28457]
22:40:58.903 [Forwarding findElement on session 5e70e04830ce85d358b7acfa362c7923 to remote] DEBUG org.asynchttpclient.netty.request.NettyRequestSender - Using pooled Channel '[id: 0x65a2a380, L:/127.0.0.1:54723 - R:localhost/127.0.0.1:28457]' for 'POST' to 'http://localhost:28457/session/5e70e04830ce85d358b7acfa362c7923/element'
22:40:58.903 [Forwarding findElement on session 5e70e04830ce85d358b7acfa362c7923 to remote] DEBUG org.asynchttpclient.netty.request.NettyRequestSender - Using open Channel [id: 0x65a2a380, L:/127.0.0.1:54723 - R:localhost/127.0.0.1:28457] for POST '/session/5e70e04830ce85d358b7acfa362c7923/element'
22:40:58.920 [AsyncHttpClient-1-8] DEBUG org.asynchttpclient.netty.handler.HttpHandler - 

Request DefaultHttpRequest(decodeResult: success, version: HTTP/1.1)
POST /session/5e70e04830ce85d358b7acfa362c7923/element HTTP/1.1
User-Agent: selenium/4.12.0 (java windows)
Content-Length: 198
Content-Type: application/json; charset=utf-8
host: localhost:28457
accept: */*

Response DefaultHttpResponse(decodeResult: success, version: HTTP/1.1)
HTTP/1.1 200 OK
Content-Length: 127
Content-Type: application/json; charset=utf-8
cache-control: no-cache

22:40:58.920 [AsyncHttpClient-1-8] DEBUG org.asynchttpclient.netty.channel.ChannelManager - Adding key: http://localhost:28457 for channel [id: 0x65a2a380, L:/127.0.0.1:54723 - R:localhost/127.0.0.1:28457]
22:40:58.920 [Forwarding getElementText on session 5e70e04830ce85d358b7acfa362c7923 to remote] DEBUG org.asynchttpclient.netty.request.NettyRequestSender - Using pooled Channel '[id: 0x65a2a380, L:/127.0.0.1:54723 - R:localhost/127.0.0.1:28457]' for 'GET' to 'http://localhost:28457/session/5e70e04830ce85d358b7acfa362c7923/element/f.46E9A9C0E0412B94ED6576E5E237CEF3.d.B7F43354CD9AC691E919922629291DCD.e.159/text'
22:40:58.920 [Forwarding getElementText on session 5e70e04830ce85d358b7acfa362c7923 to remote] DEBUG org.asynchttpclient.netty.request.NettyRequestSender - Using open Channel [id: 0x65a2a380, L:/127.0.0.1:54723 - R:localhost/127.0.0.1:28457] for GET '/session/5e70e04830ce85d358b7acfa362c7923/element/f.46E9A9C0E0412B94ED6576E5E237CEF3.d.B7F43354CD9AC691E919922629291DCD.e.159/text'
22:40:58.943 [AsyncHttpClient-1-8] DEBUG org.asynchttpclient.netty.handler.HttpHandler - 

Request DefaultFullHttpRequest(decodeResult: success, version: HTTP/1.1, content: EmptyByteBufBE)
GET /session/5e70e04830ce85d358b7acfa362c7923/element/f.46E9A9C0E0412B94ED6576E5E237CEF3.d.B7F43354CD9AC691E919922629291DCD.e.159/text HTTP/1.1
Cache-Control: no-cache
User-Agent: selenium/4.12.0 (java windows)
Content-Type: application/json; charset=utf-8
host: localhost:28457
accept: */*

Response DefaultHttpResponse(decodeResult: success, version: HTTP/1.1)
HTTP/1.1 200 OK
Content-Length: 41
Content-Type: application/json; charset=utf-8
cache-control: no-cache

22:40:58.944 [AsyncHttpClient-1-8] DEBUG org.asynchttpclient.netty.channel.ChannelManager - Adding key: http://localhost:28457 for channel [id: 0x65a2a380, L:/127.0.0.1:54723 - R:localhost/127.0.0.1:28457]
actual name: Quantum Innovations Con -I
Company successfully created
  Then customer successsfully added                                            # StepDefination.Customer_onboarding.customer_successsfully_added()
22:40:58.947 [AsyncHttpClient-1-10] DEBUG org.asynchttpclient.netty.handler.WebSocketHandler - Channel Closed: [id: 0xe3daaf39, L:/127.0.0.1:54733 ! R:localhost/127.0.0.1:54724] with attribute DISCARD
22:40:58.947 [Driver Command Executor] DEBUG org.asynchttpclient.netty.request.NettyRequestSender - Using pooled Channel '[id: 0x65a2a380, L:/127.0.0.1:54723 - R:localhost/127.0.0.1:28457]' for 'DELETE' to 'http://localhost:28457/session/5e70e04830ce85d358b7acfa362c7923'
22:40:58.948 [Driver Command Executor] DEBUG org.asynchttpclient.netty.request.NettyRequestSender - Using open Channel [id: 0x65a2a380, L:/127.0.0.1:54723 - R:localhost/127.0.0.1:28457] for DELETE '/session/5e70e04830ce85d358b7acfa362c7923'
22:40:59.088 [AsyncHttpClient-1-9] DEBUG org.asynchttpclient.netty.handler.HttpHandler - Unexpected I/O exception on channel [id: 0x3e2b1328, L:/127.0.0.1:54732 - R:localhost/127.0.0.1:54724]
java.net.SocketException: Connection reset
	at java.base/sun.nio.ch.SocketChannelImpl.throwConnectionReset(SocketChannelImpl.java:394)
	at java.base/sun.nio.ch.SocketChannelImpl.read(SocketChannelImpl.java:426)
	at io.netty.buffer.PooledByteBuf.setBytes(PooledByteBuf.java:254)
	at io.netty.buffer.AbstractByteBuf.writeBytes(AbstractByteBuf.java:1132)
	at io.netty.channel.socket.nio.NioSocketChannel.doReadBytes(NioSocketChannel.java:357)
	at io.netty.channel.nio.AbstractNioByteChannel$NioByteUnsafe.read(AbstractNioByteChannel.java:151)
	at io.netty.channel.nio.NioEventLoop.processSelectedKey(NioEventLoop.java:788)
	at io.netty.channel.nio.NioEventLoop.processSelectedKeysOptimized(NioEventLoop.java:724)
	at io.netty.channel.nio.NioEventLoop.processSelectedKeys(NioEventLoop.java:650)
	at io.netty.channel.nio.NioEventLoop.run(NioEventLoop.java:562)
	at io.netty.util.concurrent.SingleThreadEventExecutor$4.run(SingleThreadEventExecutor.java:997)
	at io.netty.util.internal.ThreadExecutorMap$2.run(ThreadExecutorMap.java:74)
	at io.netty.util.concurrent.FastThreadLocalRunnable.run(FastThreadLocalRunnable.java:30)
	at java.base/java.lang.Thread.run(Thread.java:840)
22:40:59.088 [AsyncHttpClient-1-9] DEBUG org.asynchttpclient.netty.channel.ChannelManager - Closing Channel [id: 0x3e2b1328, L:/127.0.0.1:54732 - R:localhost/127.0.0.1:54724] 
22:40:59.088 [AsyncHttpClient-1-9] DEBUG org.asynchttpclient.netty.handler.HttpHandler - Channel Closed: [id: 0x3e2b1328, L:/127.0.0.1:54732 ! R:localhost/127.0.0.1:54724] with attribute DISCARD
22:40:59.091 [AsyncHttpClient-1-1] DEBUG org.asynchttpclient.netty.channel.DefaultChannelPool - Entry count for : http://localhost:54724 : 1
22:40:59.091 [AsyncHttpClient-1-1] DEBUG org.asynchttpclient.netty.channel.DefaultChannelPool - Adding Candidate expired Channel [id: 0x3e2b1328, L:/127.0.0.1:54732 ! R:localhost/127.0.0.1:54724] isIdleTimeoutExpired=false isRemotelyClosed=true isTtlExpired=false
22:40:59.091 [AsyncHttpClient-1-1] DEBUG org.asynchttpclient.netty.channel.DefaultChannelPool - Closing Idle Channel [id: 0x3e2b1328, L:/127.0.0.1:54732 ! R:localhost/127.0.0.1:54724]
22:40:59.091 [AsyncHttpClient-1-1] DEBUG org.asynchttpclient.netty.channel.DefaultChannelPool - Closed 1 connections out of 1 in 0 ms
22:40:59.135 [AsyncHttpClient-1-8] DEBUG org.asynchttpclient.netty.handler.HttpHandler - 

Request DefaultFullHttpRequest(decodeResult: success, version: HTTP/1.1, content: EmptyByteBufBE)
DELETE /session/5e70e04830ce85d358b7acfa362c7923 HTTP/1.1
User-Agent: selenium/4.12.0 (java windows)
Content-Type: application/json; charset=utf-8
host: localhost:28457
accept: */*

Response DefaultHttpResponse(decodeResult: success, version: HTTP/1.1)
HTTP/1.1 200 OK
Content-Length: 14
Content-Type: application/json; charset=utf-8
cache-control: no-cache

22:40:59.135 [AsyncHttpClient-1-8] DEBUG org.asynchttpclient.netty.channel.ChannelManager - Adding key: http://localhost:28457 for channel [id: 0x65a2a380, L:/127.0.0.1:54723 - R:localhost/127.0.0.1:28457]
22:40:59.760 [AsyncHttpClient-1-8] DEBUG org.asynchttpclient.netty.handler.HttpHandler - Channel Closed: [id: 0x65a2a380, L:/127.0.0.1:54723 ! R:localhost/127.0.0.1:28457] with attribute DISCARD
  And Close_Window                                                             # StepDefination.Customer_onboarding.close_window()
WebDriver is null. Nothing to close.
]]></system-out>
    <system-err><![CDATA[Jan 18, 2025 10:40:35 PM org.openqa.selenium.devtools.CdpVersionFinder findNearestMatch
WARNING: Unable to find CDP implementation matching 131
Jan 18, 2025 10:40:35 PM org.openqa.selenium.chromium.ChromiumDriver lambda$new$5
WARNING: Unable to find version of CDP to use for 131.0.6778.265. You may need to include a dependency on a specific version of the CDP using something similar to `org.seleniumhq.selenium:selenium-devtools-v86:4.12.0` where the version ("v86") matches the version of the chromium-based browser you're using and the version number of the artifact is the same as Selenium's.
]]></system-err>
  </testcase>
  <testcase name="In Carrier Add single customer with all details" classname="Carrier Customer Onboarding" time="43.864">
    <system-out><![CDATA[
Scenario Outline: In Carrier Add single customer with all details        # src/test/resources/Customers/Carrier_Customer_Onboarding.feature:38
22:41:00.185 [AsyncHttpClient-1-1] DEBUG org.asynchttpclient.netty.channel.DefaultChannelPool - Entry count for : http://localhost:28457 : 1
22:41:00.185 [AsyncHttpClient-1-1] DEBUG org.asynchttpclient.netty.channel.DefaultChannelPool - Adding Candidate expired Channel [id: 0x65a2a380, L:/127.0.0.1:54723 ! R:localhost/127.0.0.1:28457] isIdleTimeoutExpired=false isRemotelyClosed=true isTtlExpired=false
22:41:00.185 [AsyncHttpClient-1-1] DEBUG org.asynchttpclient.netty.channel.DefaultChannelPool - Closing Idle Channel [id: 0x65a2a380, L:/127.0.0.1:54723 ! R:localhost/127.0.0.1:28457]
22:41:00.185 [AsyncHttpClient-1-1] DEBUG org.asynchttpclient.netty.channel.DefaultChannelPool - Closed 1 connections out of 1 in 0 ms
22:41:00.209 [AsyncHttpClient-1-11] DEBUG org.asynchttpclient.netty.channel.NettyConnectListener - Using new Channel '[id: 0x9e5311ca, L:/127.0.0.1:54771 - R:localhost/127.0.0.1:5569]' for 'POST' to '/session'
22:41:01.490 [AsyncHttpClient-1-11] DEBUG org.asynchttpclient.netty.handler.HttpHandler - 

Request DefaultHttpRequest(decodeResult: success, version: HTTP/1.1)
POST /session HTTP/1.1
User-Agent: selenium/4.12.0 (java windows)
Content-Length: 254
Content-Type: application/json; charset=utf-8
host: localhost:5569
accept: */*

Response DefaultHttpResponse(decodeResult: success, version: HTTP/1.1)
HTTP/1.1 200 OK
Content-Length: 886
Content-Type: application/json; charset=utf-8
cache-control: no-cache

22:41:01.490 [AsyncHttpClient-1-11] DEBUG org.asynchttpclient.netty.channel.ChannelManager - Adding key: http://localhost:5569 for channel [id: 0x9e5311ca, L:/127.0.0.1:54771 - R:localhost/127.0.0.1:5569]
22:41:01.514 [AsyncHttpClient-1-12] DEBUG org.asynchttpclient.netty.channel.NettyConnectListener - Using new Channel '[id: 0x56a46774, L:/127.0.0.1:54780 - R:localhost/127.0.0.1:54773]' for 'GET' to '/json/version'
22:41:01.514 [AsyncHttpClient-1-12] DEBUG org.asynchttpclient.netty.handler.HttpHandler - 

Request DefaultFullHttpRequest(decodeResult: success, version: HTTP/1.1, content: EmptyByteBufBE)
GET /json/version HTTP/1.1
User-Agent: selenium/4.12.0 (java windows)
host: localhost:54773
accept: */*

Response DefaultHttpResponse(decodeResult: success, version: HTTP/1.1)
HTTP/1.1 200 OK
Content-Security-Policy: frame-ancestors 'none'
Content-Length: 424
Content-Type: application/json; charset=UTF-8

22:41:01.514 [AsyncHttpClient-1-12] DEBUG org.asynchttpclient.netty.channel.ChannelManager - Adding key: http://localhost:54773 for channel [id: 0x56a46774, L:/127.0.0.1:54780 - R:localhost/127.0.0.1:54773]
22:41:01.522 [AsyncHttpClient-1-13] DEBUG org.asynchttpclient.netty.channel.NettyConnectListener - Using new Channel '[id: 0x559d8b85, L:/127.0.0.1:54781 - R:localhost/127.0.0.1:54773]' for 'GET' to '/devtools/browser/27d8fe64-0654-41c4-b906-3c74f7d897cf'
22:41:01.530 [AsyncHttpClient-1-13] DEBUG org.asynchttpclient.netty.handler.WebSocketHandler - 

Request DefaultFullHttpRequest(decodeResult: success, version: HTTP/1.1, content: EmptyByteBufBE)
GET /devtools/browser/27d8fe64-0654-41c4-b906-3c74f7d897cf HTTP/1.1
upgrade: websocket
connection: upgrade
sec-websocket-key: k/X3rX4UDDNRCzGVhDiQYQ==
sec-websocket-version: 13
origin: http://localhost:54773
host: localhost:54773
accept: */*
user-agent: AHC/2.1

Response DefaultHttpResponse(decodeResult: success, version: HTTP/1.1)
HTTP/1.1 101 WebSocket Protocol Handshake
Upgrade: WebSocket
Connection: Upgrade
Sec-WebSocket-Accept: uXCRcNEK62tNuuk9+5Ds9iypbCY=

22:41:01.538 [Forwarding get on session 3d5f2cbcdee11b482f359d80858eb70f to remote] DEBUG org.asynchttpclient.netty.request.NettyRequestSender - Using pooled Channel '[id: 0x9e5311ca, L:/127.0.0.1:54771 - R:localhost/127.0.0.1:5569]' for 'POST' to 'http://localhost:5569/session/3d5f2cbcdee11b482f359d80858eb70f/url'
22:41:01.546 [Forwarding get on session 3d5f2cbcdee11b482f359d80858eb70f to remote] DEBUG org.asynchttpclient.netty.request.NettyRequestSender - Using open Channel [id: 0x9e5311ca, L:/127.0.0.1:54771 - R:localhost/127.0.0.1:5569] for POST '/session/3d5f2cbcdee11b482f359d80858eb70f/url'
22:41:02.389 [AsyncHttpClient-1-1] DEBUG org.asynchttpclient.netty.channel.DefaultChannelPool - Entry count for : http://localhost:54773 : 1
22:41:03.064 [AsyncHttpClient-1-11] DEBUG org.asynchttpclient.netty.handler.HttpHandler - 

Request DefaultHttpRequest(decodeResult: success, version: HTTP/1.1)
POST /session/3d5f2cbcdee11b482f359d80858eb70f/url HTTP/1.1
User-Agent: selenium/4.12.0 (java windows)
Content-Length: 92
Content-Type: application/json; charset=utf-8
host: localhost:5569
accept: */*

Response DefaultHttpResponse(decodeResult: success, version: HTTP/1.1)
HTTP/1.1 200 OK
Content-Length: 14
Content-Type: application/json; charset=utf-8
cache-control: no-cache

22:41:03.064 [AsyncHttpClient-1-11] DEBUG org.asynchttpclient.netty.channel.ChannelManager - Adding key: http://localhost:5569 for channel [id: 0x9e5311ca, L:/127.0.0.1:54771 - R:localhost/127.0.0.1:5569]
22:41:03.064 [Forwarding maximizeCurrentWindow on session 3d5f2cbcdee11b482f359d80858eb70f to remote] DEBUG org.asynchttpclient.netty.request.NettyRequestSender - Using pooled Channel '[id: 0x9e5311ca, L:/127.0.0.1:54771 - R:localhost/127.0.0.1:5569]' for 'POST' to 'http://localhost:5569/session/3d5f2cbcdee11b482f359d80858eb70f/window/maximize'
22:41:03.064 [Forwarding maximizeCurrentWindow on session 3d5f2cbcdee11b482f359d80858eb70f to remote] DEBUG org.asynchttpclient.netty.request.NettyRequestSender - Using open Channel [id: 0x9e5311ca, L:/127.0.0.1:54771 - R:localhost/127.0.0.1:5569] for POST '/session/3d5f2cbcdee11b482f359d80858eb70f/window/maximize'
22:41:03.152 [AsyncHttpClient-1-11] DEBUG org.asynchttpclient.netty.handler.HttpHandler - 

Request DefaultHttpRequest(decodeResult: success, version: HTTP/1.1)
POST /session/3d5f2cbcdee11b482f359d80858eb70f/window/maximize HTTP/1.1
User-Agent: selenium/4.12.0 (java windows)
Content-Length: 3
Content-Type: application/json; charset=utf-8
host: localhost:5569
accept: */*

Response DefaultHttpResponse(decodeResult: success, version: HTTP/1.1)
HTTP/1.1 200 OK
Content-Length: 51
Content-Type: application/json; charset=utf-8
cache-control: no-cache

22:41:03.152 [AsyncHttpClient-1-11] DEBUG org.asynchttpclient.netty.channel.ChannelManager - Adding key: http://localhost:5569 for channel [id: 0x9e5311ca, L:/127.0.0.1:54771 - R:localhost/127.0.0.1:5569]
22:41:03.160 [Forwarding findElement on session 3d5f2cbcdee11b482f359d80858eb70f to remote] DEBUG org.asynchttpclient.netty.request.NettyRequestSender - Using pooled Channel '[id: 0x9e5311ca, L:/127.0.0.1:54771 - R:localhost/127.0.0.1:5569]' for 'POST' to 'http://localhost:5569/session/3d5f2cbcdee11b482f359d80858eb70f/element'
22:41:03.160 [Forwarding findElement on session 3d5f2cbcdee11b482f359d80858eb70f to remote] DEBUG org.asynchttpclient.netty.request.NettyRequestSender - Using open Channel [id: 0x9e5311ca, L:/127.0.0.1:54771 - R:localhost/127.0.0.1:5569] for POST '/session/3d5f2cbcdee11b482f359d80858eb70f/element'
22:41:03.184 [AsyncHttpClient-1-11] DEBUG org.asynchttpclient.netty.handler.HttpHandler - 

Request DefaultHttpRequest(decodeResult: success, version: HTTP/1.1)
POST /session/3d5f2cbcdee11b482f359d80858eb70f/element HTTP/1.1
User-Agent: selenium/4.12.0 (java windows)
Content-Length: 69
Content-Type: application/json; charset=utf-8
host: localhost:5569
accept: */*

Response DefaultHttpResponse(decodeResult: success, version: HTTP/1.1)
HTTP/1.1 200 OK
Content-Length: 125
Content-Type: application/json; charset=utf-8
cache-control: no-cache

22:41:03.184 [AsyncHttpClient-1-11] DEBUG org.asynchttpclient.netty.channel.ChannelManager - Adding key: http://localhost:5569 for channel [id: 0x9e5311ca, L:/127.0.0.1:54771 - R:localhost/127.0.0.1:5569]
22:41:03.192 [Forwarding sendKeysToElement on session 3d5f2cbcdee11b482f359d80858eb70f to remote] DEBUG org.asynchttpclient.netty.request.NettyRequestSender - Using pooled Channel '[id: 0x9e5311ca, L:/127.0.0.1:54771 - R:localhost/127.0.0.1:5569]' for 'POST' to 'http://localhost:5569/session/3d5f2cbcdee11b482f359d80858eb70f/element/f.032A00B3E1A7DD8501B060B65622C3A1.d.54787C16E4CD02409D49D2F6F03CC2E5.e.4/value'
22:41:03.192 [Forwarding sendKeysToElement on session 3d5f2cbcdee11b482f359d80858eb70f to remote] DEBUG org.asynchttpclient.netty.request.NettyRequestSender - Using open Channel [id: 0x9e5311ca, L:/127.0.0.1:54771 - R:localhost/127.0.0.1:5569] for POST '/session/3d5f2cbcdee11b482f359d80858eb70f/element/f.032A00B3E1A7DD8501B060B65622C3A1.d.54787C16E4CD02409D49D2F6F03CC2E5.e.4/value'
22:41:03.480 [AsyncHttpClient-1-1] DEBUG org.asynchttpclient.netty.channel.DefaultChannelPool - Entry count for : http://localhost:54773 : 1
22:41:03.520 [AsyncHttpClient-1-11] DEBUG org.asynchttpclient.netty.handler.HttpHandler - 

Request DefaultHttpRequest(decodeResult: success, version: HTTP/1.1)
POST /session/3d5f2cbcdee11b482f359d80858eb70f/element/f.032A00B3E1A7DD8501B060B65622C3A1.d.54787C16E4CD02409D49D2F6F03CC2E5.e.4/value HTTP/1.1
User-Agent: selenium/4.12.0 (java windows)
Content-Length: 338
Content-Type: application/json; charset=utf-8
host: localhost:5569
accept: */*

Response DefaultHttpResponse(decodeResult: success, version: HTTP/1.1)
HTTP/1.1 200 OK
Content-Length: 14
Content-Type: application/json; charset=utf-8
cache-control: no-cache

22:41:03.520 [AsyncHttpClient-1-11] DEBUG org.asynchttpclient.netty.channel.ChannelManager - Adding key: http://localhost:5569 for channel [id: 0x9e5311ca, L:/127.0.0.1:54771 - R:localhost/127.0.0.1:5569]
22:41:03.528 [Forwarding findElement on session 3d5f2cbcdee11b482f359d80858eb70f to remote] DEBUG org.asynchttpclient.netty.request.NettyRequestSender - Using pooled Channel '[id: 0x9e5311ca, L:/127.0.0.1:54771 - R:localhost/127.0.0.1:5569]' for 'POST' to 'http://localhost:5569/session/3d5f2cbcdee11b482f359d80858eb70f/element'
22:41:03.528 [Forwarding findElement on session 3d5f2cbcdee11b482f359d80858eb70f to remote] DEBUG org.asynchttpclient.netty.request.NettyRequestSender - Using open Channel [id: 0x9e5311ca, L:/127.0.0.1:54771 - R:localhost/127.0.0.1:5569] for POST '/session/3d5f2cbcdee11b482f359d80858eb70f/element'
22:41:03.544 [AsyncHttpClient-1-11] DEBUG org.asynchttpclient.netty.handler.HttpHandler - 

Request DefaultHttpRequest(decodeResult: success, version: HTTP/1.1)
POST /session/3d5f2cbcdee11b482f359d80858eb70f/element HTTP/1.1
User-Agent: selenium/4.12.0 (java windows)
Content-Length: 72
Content-Type: application/json; charset=utf-8
host: localhost:5569
accept: */*

Response DefaultHttpResponse(decodeResult: success, version: HTTP/1.1)
HTTP/1.1 200 OK
Content-Length: 125
Content-Type: application/json; charset=utf-8
cache-control: no-cache

22:41:03.544 [AsyncHttpClient-1-11] DEBUG org.asynchttpclient.netty.channel.ChannelManager - Adding key: http://localhost:5569 for channel [id: 0x9e5311ca, L:/127.0.0.1:54771 - R:localhost/127.0.0.1:5569]
22:41:03.552 [Forwarding sendKeysToElement on session 3d5f2cbcdee11b482f359d80858eb70f to remote] DEBUG org.asynchttpclient.netty.request.NettyRequestSender - Using pooled Channel '[id: 0x9e5311ca, L:/127.0.0.1:54771 - R:localhost/127.0.0.1:5569]' for 'POST' to 'http://localhost:5569/session/3d5f2cbcdee11b482f359d80858eb70f/element/f.032A00B3E1A7DD8501B060B65622C3A1.d.54787C16E4CD02409D49D2F6F03CC2E5.e.6/value'
22:41:03.552 [Forwarding sendKeysToElement on session 3d5f2cbcdee11b482f359d80858eb70f to remote] DEBUG org.asynchttpclient.netty.request.NettyRequestSender - Using open Channel [id: 0x9e5311ca, L:/127.0.0.1:54771 - R:localhost/127.0.0.1:5569] for POST '/session/3d5f2cbcdee11b482f359d80858eb70f/element/f.032A00B3E1A7DD8501B060B65622C3A1.d.54787C16E4CD02409D49D2F6F03CC2E5.e.6/value'
22:41:03.857 [AsyncHttpClient-1-11] DEBUG org.asynchttpclient.netty.handler.HttpHandler - 

Request DefaultHttpRequest(decodeResult: success, version: HTTP/1.1)
POST /session/3d5f2cbcdee11b482f359d80858eb70f/element/f.032A00B3E1A7DD8501B060B65622C3A1.d.54787C16E4CD02409D49D2F6F03CC2E5.e.6/value HTTP/1.1
User-Agent: selenium/4.12.0 (java windows)
Content-Length: 208
Content-Type: application/json; charset=utf-8
host: localhost:5569
accept: */*

Response DefaultHttpResponse(decodeResult: success, version: HTTP/1.1)
HTTP/1.1 200 OK
Content-Length: 14
Content-Type: application/json; charset=utf-8
cache-control: no-cache

22:41:03.857 [AsyncHttpClient-1-11] DEBUG org.asynchttpclient.netty.channel.ChannelManager - Adding key: http://localhost:5569 for channel [id: 0x9e5311ca, L:/127.0.0.1:54771 - R:localhost/127.0.0.1:5569]
22:41:03.865 [Forwarding findElement on session 3d5f2cbcdee11b482f359d80858eb70f to remote] DEBUG org.asynchttpclient.netty.request.NettyRequestSender - Using pooled Channel '[id: 0x9e5311ca, L:/127.0.0.1:54771 - R:localhost/127.0.0.1:5569]' for 'POST' to 'http://localhost:5569/session/3d5f2cbcdee11b482f359d80858eb70f/element'
22:41:03.865 [Forwarding findElement on session 3d5f2cbcdee11b482f359d80858eb70f to remote] DEBUG org.asynchttpclient.netty.request.NettyRequestSender - Using open Channel [id: 0x9e5311ca, L:/127.0.0.1:54771 - R:localhost/127.0.0.1:5569] for POST '/session/3d5f2cbcdee11b482f359d80858eb70f/element'
22:41:03.897 [AsyncHttpClient-1-11] DEBUG org.asynchttpclient.netty.handler.HttpHandler - 

Request DefaultHttpRequest(decodeResult: success, version: HTTP/1.1)
POST /session/3d5f2cbcdee11b482f359d80858eb70f/element HTTP/1.1
User-Agent: selenium/4.12.0 (java windows)
Content-Length: 73
Content-Type: application/json; charset=utf-8
host: localhost:5569
accept: */*

Response DefaultHttpResponse(decodeResult: success, version: HTTP/1.1)
HTTP/1.1 200 OK
Content-Length: 125
Content-Type: application/json; charset=utf-8
cache-control: no-cache

22:41:03.897 [AsyncHttpClient-1-11] DEBUG org.asynchttpclient.netty.channel.ChannelManager - Adding key: http://localhost:5569 for channel [id: 0x9e5311ca, L:/127.0.0.1:54771 - R:localhost/127.0.0.1:5569]
22:41:03.897 [Forwarding clickElement on session 3d5f2cbcdee11b482f359d80858eb70f to remote] DEBUG org.asynchttpclient.netty.request.NettyRequestSender - Using pooled Channel '[id: 0x9e5311ca, L:/127.0.0.1:54771 - R:localhost/127.0.0.1:5569]' for 'POST' to 'http://localhost:5569/session/3d5f2cbcdee11b482f359d80858eb70f/element/f.032A00B3E1A7DD8501B060B65622C3A1.d.54787C16E4CD02409D49D2F6F03CC2E5.e.8/click'
22:41:03.897 [Forwarding clickElement on session 3d5f2cbcdee11b482f359d80858eb70f to remote] DEBUG org.asynchttpclient.netty.request.NettyRequestSender - Using open Channel [id: 0x9e5311ca, L:/127.0.0.1:54771 - R:localhost/127.0.0.1:5569] for POST '/session/3d5f2cbcdee11b482f359d80858eb70f/element/f.032A00B3E1A7DD8501B060B65622C3A1.d.54787C16E4CD02409D49D2F6F03CC2E5.e.8/click'
22:41:04.081 [AsyncHttpClient-1-11] DEBUG org.asynchttpclient.netty.handler.HttpHandler - 

Request DefaultHttpRequest(decodeResult: success, version: HTTP/1.1)
POST /session/3d5f2cbcdee11b482f359d80858eb70f/element/f.032A00B3E1A7DD8501B060B65622C3A1.d.54787C16E4CD02409D49D2F6F03CC2E5.e.8/click HTTP/1.1
User-Agent: selenium/4.12.0 (java windows)
Content-Length: 87
Content-Type: application/json; charset=utf-8
host: localhost:5569
accept: */*

Response DefaultHttpResponse(decodeResult: success, version: HTTP/1.1)
HTTP/1.1 200 OK
Content-Length: 14
Content-Type: application/json; charset=utf-8
cache-control: no-cache

22:41:04.081 [AsyncHttpClient-1-11] DEBUG org.asynchttpclient.netty.channel.ChannelManager - Adding key: http://localhost:5569 for channel [id: 0x9e5311ca, L:/127.0.0.1:54771 - R:localhost/127.0.0.1:5569]
22:41:04.585 [AsyncHttpClient-1-1] DEBUG org.asynchttpclient.netty.channel.DefaultChannelPool - Entry count for : http://localhost:5569 : 1
22:41:04.585 [AsyncHttpClient-1-1] DEBUG org.asynchttpclient.netty.channel.DefaultChannelPool - Entry count for : http://localhost:54773 : 1
22:41:05.685 [AsyncHttpClient-1-1] DEBUG org.asynchttpclient.netty.channel.DefaultChannelPool - Entry count for : http://localhost:5569 : 1
22:41:05.685 [AsyncHttpClient-1-1] DEBUG org.asynchttpclient.netty.channel.DefaultChannelPool - Entry count for : http://localhost:54773 : 1
22:41:06.789 [AsyncHttpClient-1-1] DEBUG org.asynchttpclient.netty.channel.DefaultChannelPool - Entry count for : http://localhost:5569 : 1
22:41:06.789 [AsyncHttpClient-1-1] DEBUG org.asynchttpclient.netty.channel.DefaultChannelPool - Entry count for : http://localhost:54773 : 1
22:41:07.882 [AsyncHttpClient-1-1] DEBUG org.asynchttpclient.netty.channel.DefaultChannelPool - Entry count for : http://localhost:5569 : 1
22:41:07.882 [AsyncHttpClient-1-1] DEBUG org.asynchttpclient.netty.channel.DefaultChannelPool - Entry count for : http://localhost:54773 : 1
22:41:08.981 [AsyncHttpClient-1-1] DEBUG org.asynchttpclient.netty.channel.DefaultChannelPool - Entry count for : http://localhost:5569 : 1
22:41:08.981 [AsyncHttpClient-1-1] DEBUG org.asynchttpclient.netty.channel.DefaultChannelPool - Entry count for : http://localhost:54773 : 1
22:41:09.090 [Forwarding getCurrentUrl on session 3d5f2cbcdee11b482f359d80858eb70f to remote] DEBUG org.asynchttpclient.netty.request.NettyRequestSender - Using pooled Channel '[id: 0x9e5311ca, L:/127.0.0.1:54771 - R:localhost/127.0.0.1:5569]' for 'GET' to 'http://localhost:5569/session/3d5f2cbcdee11b482f359d80858eb70f/url'
22:41:09.090 [Forwarding getCurrentUrl on session 3d5f2cbcdee11b482f359d80858eb70f to remote] DEBUG org.asynchttpclient.netty.request.NettyRequestSender - Using open Channel [id: 0x9e5311ca, L:/127.0.0.1:54771 - R:localhost/127.0.0.1:5569] for GET '/session/3d5f2cbcdee11b482f359d80858eb70f/url'
22:41:09.098 [AsyncHttpClient-1-11] DEBUG org.asynchttpclient.netty.handler.HttpHandler - 

Request DefaultFullHttpRequest(decodeResult: success, version: HTTP/1.1, content: EmptyByteBufBE)
GET /session/3d5f2cbcdee11b482f359d80858eb70f/url HTTP/1.1
Cache-Control: no-cache
User-Agent: selenium/4.12.0 (java windows)
Content-Type: application/json; charset=utf-8
host: localhost:5569
accept: */*

Response DefaultHttpResponse(decodeResult: success, version: HTTP/1.1)
HTTP/1.1 200 OK
Content-Length: 69
Content-Type: application/json; charset=utf-8
cache-control: no-cache

22:41:09.098 [AsyncHttpClient-1-11] DEBUG org.asynchttpclient.netty.channel.ChannelManager - Adding key: http://localhost:5569 for channel [id: 0x9e5311ca, L:/127.0.0.1:54771 - R:localhost/127.0.0.1:5569]
https://fleet-manager-development.vercel.app/auth/sign-in
22:41:09.098 [Forwarding findElement on session 3d5f2cbcdee11b482f359d80858eb70f to remote] DEBUG org.asynchttpclient.netty.request.NettyRequestSender - Using pooled Channel '[id: 0x9e5311ca, L:/127.0.0.1:54771 - R:localhost/127.0.0.1:5569]' for 'POST' to 'http://localhost:5569/session/3d5f2cbcdee11b482f359d80858eb70f/element'
22:41:09.106 [Forwarding findElement on session 3d5f2cbcdee11b482f359d80858eb70f to remote] DEBUG org.asynchttpclient.netty.request.NettyRequestSender - Using open Channel [id: 0x9e5311ca, L:/127.0.0.1:54771 - R:localhost/127.0.0.1:5569] for POST '/session/3d5f2cbcdee11b482f359d80858eb70f/element'
22:41:09.122 [AsyncHttpClient-1-11] DEBUG org.asynchttpclient.netty.handler.HttpHandler - 

Request DefaultHttpRequest(decodeResult: success, version: HTTP/1.1)
POST /session/3d5f2cbcdee11b482f359d80858eb70f/element HTTP/1.1
User-Agent: selenium/4.12.0 (java windows)
Content-Length: 66
Content-Type: application/json; charset=utf-8
host: localhost:5569
accept: */*

Response DefaultHttpResponse(decodeResult: success, version: HTTP/1.1)
HTTP/1.1 200 OK
Content-Length: 126
Content-Type: application/json; charset=utf-8
cache-control: no-cache

22:41:09.122 [AsyncHttpClient-1-11] DEBUG org.asynchttpclient.netty.channel.ChannelManager - Adding key: http://localhost:5569 for channel [id: 0x9e5311ca, L:/127.0.0.1:54771 - R:localhost/127.0.0.1:5569]
22:41:09.131 [Forwarding isElementDisplayed on session 3d5f2cbcdee11b482f359d80858eb70f to remote] DEBUG org.asynchttpclient.netty.request.NettyRequestSender - Using pooled Channel '[id: 0x9e5311ca, L:/127.0.0.1:54771 - R:localhost/127.0.0.1:5569]' for 'POST' to 'http://localhost:5569/session/3d5f2cbcdee11b482f359d80858eb70f/execute/sync'
22:41:09.131 [Forwarding isElementDisplayed on session 3d5f2cbcdee11b482f359d80858eb70f to remote] DEBUG org.asynchttpclient.netty.request.NettyRequestSender - Using open Channel [id: 0x9e5311ca, L:/127.0.0.1:54771 - R:localhost/127.0.0.1:5569] for POST '/session/3d5f2cbcdee11b482f359d80858eb70f/execute/sync'
22:41:09.155 [AsyncHttpClient-1-11] DEBUG org.asynchttpclient.netty.handler.HttpHandler - 

Request DefaultHttpRequest(decodeResult: success, version: HTTP/1.1)
POST /session/3d5f2cbcdee11b482f359d80858eb70f/execute/sync HTTP/1.1
User-Agent: selenium/4.12.0 (java windows)
Content-Length: 48734
Content-Type: application/json; charset=utf-8
host: localhost:5569
accept: */*

Response DefaultHttpResponse(decodeResult: success, version: HTTP/1.1)
HTTP/1.1 200 OK
Content-Length: 14
Content-Type: application/json; charset=utf-8
cache-control: no-cache

22:41:09.155 [AsyncHttpClient-1-11] DEBUG org.asynchttpclient.netty.channel.ChannelManager - Adding key: http://localhost:5569 for channel [id: 0x9e5311ca, L:/127.0.0.1:54771 - R:localhost/127.0.0.1:5569]
22:41:09.155 [Forwarding findElement on session 3d5f2cbcdee11b482f359d80858eb70f to remote] DEBUG org.asynchttpclient.netty.request.NettyRequestSender - Using pooled Channel '[id: 0x9e5311ca, L:/127.0.0.1:54771 - R:localhost/127.0.0.1:5569]' for 'POST' to 'http://localhost:5569/session/3d5f2cbcdee11b482f359d80858eb70f/element'
22:41:09.155 [Forwarding findElement on session 3d5f2cbcdee11b482f359d80858eb70f to remote] DEBUG org.asynchttpclient.netty.request.NettyRequestSender - Using open Channel [id: 0x9e5311ca, L:/127.0.0.1:54771 - R:localhost/127.0.0.1:5569] for POST '/session/3d5f2cbcdee11b482f359d80858eb70f/element'
22:41:09.171 [AsyncHttpClient-1-11] DEBUG org.asynchttpclient.netty.handler.HttpHandler - 

Request DefaultHttpRequest(decodeResult: success, version: HTTP/1.1)
POST /session/3d5f2cbcdee11b482f359d80858eb70f/element HTTP/1.1
User-Agent: selenium/4.12.0 (java windows)
Content-Length: 66
Content-Type: application/json; charset=utf-8
host: localhost:5569
accept: */*

Response DefaultHttpResponse(decodeResult: success, version: HTTP/1.1)
HTTP/1.1 200 OK
Content-Length: 126
Content-Type: application/json; charset=utf-8
cache-control: no-cache

22:41:09.171 [AsyncHttpClient-1-11] DEBUG org.asynchttpclient.netty.channel.ChannelManager - Adding key: http://localhost:5569 for channel [id: 0x9e5311ca, L:/127.0.0.1:54771 - R:localhost/127.0.0.1:5569]
22:41:09.171 [Forwarding getElementText on session 3d5f2cbcdee11b482f359d80858eb70f to remote] DEBUG org.asynchttpclient.netty.request.NettyRequestSender - Using pooled Channel '[id: 0x9e5311ca, L:/127.0.0.1:54771 - R:localhost/127.0.0.1:5569]' for 'GET' to 'http://localhost:5569/session/3d5f2cbcdee11b482f359d80858eb70f/element/f.032A00B3E1A7DD8501B060B65622C3A1.d.54787C16E4CD02409D49D2F6F03CC2E5.e.19/text'
22:41:09.171 [Forwarding getElementText on session 3d5f2cbcdee11b482f359d80858eb70f to remote] DEBUG org.asynchttpclient.netty.request.NettyRequestSender - Using open Channel [id: 0x9e5311ca, L:/127.0.0.1:54771 - R:localhost/127.0.0.1:5569] for GET '/session/3d5f2cbcdee11b482f359d80858eb70f/element/f.032A00B3E1A7DD8501B060B65622C3A1.d.54787C16E4CD02409D49D2F6F03CC2E5.e.19/text'
22:41:09.196 [AsyncHttpClient-1-11] DEBUG org.asynchttpclient.netty.handler.HttpHandler - 

Request DefaultFullHttpRequest(decodeResult: success, version: HTTP/1.1, content: EmptyByteBufBE)
GET /session/3d5f2cbcdee11b482f359d80858eb70f/element/f.032A00B3E1A7DD8501B060B65622C3A1.d.54787C16E4CD02409D49D2F6F03CC2E5.e.19/text HTTP/1.1
Cache-Control: no-cache
User-Agent: selenium/4.12.0 (java windows)
Content-Type: application/json; charset=utf-8
host: localhost:5569
accept: */*

Response DefaultHttpResponse(decodeResult: success, version: HTTP/1.1)
HTTP/1.1 200 OK
Content-Length: 33
Content-Type: application/json; charset=utf-8
cache-control: no-cache

22:41:09.196 [AsyncHttpClient-1-11] DEBUG org.asynchttpclient.netty.channel.ChannelManager - Adding key: http://localhost:5569 for channel [id: 0x9e5311ca, L:/127.0.0.1:54771 - R:localhost/127.0.0.1:5569]
22:41:09.196 [Forwarding findElement on session 3d5f2cbcdee11b482f359d80858eb70f to remote] DEBUG org.asynchttpclient.netty.request.NettyRequestSender - Using pooled Channel '[id: 0x9e5311ca, L:/127.0.0.1:54771 - R:localhost/127.0.0.1:5569]' for 'POST' to 'http://localhost:5569/session/3d5f2cbcdee11b482f359d80858eb70f/element'
22:41:09.196 [Forwarding findElement on session 3d5f2cbcdee11b482f359d80858eb70f to remote] DEBUG org.asynchttpclient.netty.request.NettyRequestSender - Using open Channel [id: 0x9e5311ca, L:/127.0.0.1:54771 - R:localhost/127.0.0.1:5569] for POST '/session/3d5f2cbcdee11b482f359d80858eb70f/element'
22:41:09.212 [AsyncHttpClient-1-11] DEBUG org.asynchttpclient.netty.handler.HttpHandler - 

Request DefaultHttpRequest(decodeResult: success, version: HTTP/1.1)
POST /session/3d5f2cbcdee11b482f359d80858eb70f/element HTTP/1.1
User-Agent: selenium/4.12.0 (java windows)
Content-Length: 74
Content-Type: application/json; charset=utf-8
host: localhost:5569
accept: */*

Response DefaultHttpResponse(decodeResult: success, version: HTTP/1.1)
HTTP/1.1 200 OK
Content-Length: 126
Content-Type: application/json; charset=utf-8
cache-control: no-cache

22:41:09.212 [AsyncHttpClient-1-11] DEBUG org.asynchttpclient.netty.channel.ChannelManager - Adding key: http://localhost:5569 for channel [id: 0x9e5311ca, L:/127.0.0.1:54771 - R:localhost/127.0.0.1:5569]
22:41:09.220 [Forwarding clickElement on session 3d5f2cbcdee11b482f359d80858eb70f to remote] DEBUG org.asynchttpclient.netty.request.NettyRequestSender - Using pooled Channel '[id: 0x9e5311ca, L:/127.0.0.1:54771 - R:localhost/127.0.0.1:5569]' for 'POST' to 'http://localhost:5569/session/3d5f2cbcdee11b482f359d80858eb70f/element/f.032A00B3E1A7DD8501B060B65622C3A1.d.54787C16E4CD02409D49D2F6F03CC2E5.e.20/click'
22:41:09.220 [Forwarding clickElement on session 3d5f2cbcdee11b482f359d80858eb70f to remote] DEBUG org.asynchttpclient.netty.request.NettyRequestSender - Using open Channel [id: 0x9e5311ca, L:/127.0.0.1:54771 - R:localhost/127.0.0.1:5569] for POST '/session/3d5f2cbcdee11b482f359d80858eb70f/element/f.032A00B3E1A7DD8501B060B65622C3A1.d.54787C16E4CD02409D49D2F6F03CC2E5.e.20/click'
22:41:09.331 [AsyncHttpClient-1-11] DEBUG org.asynchttpclient.netty.handler.HttpHandler - 

Request DefaultHttpRequest(decodeResult: success, version: HTTP/1.1)
POST /session/3d5f2cbcdee11b482f359d80858eb70f/element/f.032A00B3E1A7DD8501B060B65622C3A1.d.54787C16E4CD02409D49D2F6F03CC2E5.e.20/click HTTP/1.1
User-Agent: selenium/4.12.0 (java windows)
Content-Length: 88
Content-Type: application/json; charset=utf-8
host: localhost:5569
accept: */*

Response DefaultHttpResponse(decodeResult: success, version: HTTP/1.1)
HTTP/1.1 200 OK
Content-Length: 14
Content-Type: application/json; charset=utf-8
cache-control: no-cache

22:41:09.331 [AsyncHttpClient-1-11] DEBUG org.asynchttpclient.netty.channel.ChannelManager - Adding key: http://localhost:5569 for channel [id: 0x9e5311ca, L:/127.0.0.1:54771 - R:localhost/127.0.0.1:5569]
22:41:10.082 [AsyncHttpClient-1-1] DEBUG org.asynchttpclient.netty.channel.DefaultChannelPool - Entry count for : http://localhost:5569 : 1
22:41:10.082 [AsyncHttpClient-1-1] DEBUG org.asynchttpclient.netty.channel.DefaultChannelPool - Entry count for : http://localhost:54773 : 1
22:41:11.199 [AsyncHttpClient-1-1] DEBUG org.asynchttpclient.netty.channel.DefaultChannelPool - Entry count for : http://localhost:5569 : 1
22:41:11.199 [AsyncHttpClient-1-1] DEBUG org.asynchttpclient.netty.channel.DefaultChannelPool - Entry count for : http://localhost:54773 : 1
22:41:12.288 [AsyncHttpClient-1-1] DEBUG org.asynchttpclient.netty.channel.DefaultChannelPool - Entry count for : http://localhost:5569 : 1
22:41:12.288 [AsyncHttpClient-1-1] DEBUG org.asynchttpclient.netty.channel.DefaultChannelPool - Entry count for : http://localhost:54773 : 1
screen shot class not taking
  Given I am on dashboardfokisaj290@edectus.com and Fleet@123            # StepDefination.Customer_onboarding.I_am_on_dashboard(java.lang.String,java.lang.String)
22:41:12.848 [Forwarding findElement on session 3d5f2cbcdee11b482f359d80858eb70f to remote] DEBUG org.asynchttpclient.netty.request.NettyRequestSender - Using pooled Channel '[id: 0x9e5311ca, L:/127.0.0.1:54771 - R:localhost/127.0.0.1:5569]' for 'POST' to 'http://localhost:5569/session/3d5f2cbcdee11b482f359d80858eb70f/element'
22:41:12.848 [Forwarding findElement on session 3d5f2cbcdee11b482f359d80858eb70f to remote] DEBUG org.asynchttpclient.netty.request.NettyRequestSender - Using open Channel [id: 0x9e5311ca, L:/127.0.0.1:54771 - R:localhost/127.0.0.1:5569] for POST '/session/3d5f2cbcdee11b482f359d80858eb70f/element'
22:41:12.896 [AsyncHttpClient-1-11] DEBUG org.asynchttpclient.netty.handler.HttpHandler - 

Request DefaultHttpRequest(decodeResult: success, version: HTTP/1.1)
POST /session/3d5f2cbcdee11b482f359d80858eb70f/element HTTP/1.1
User-Agent: selenium/4.12.0 (java windows)
Content-Length: 195
Content-Type: application/json; charset=utf-8
host: localhost:5569
accept: */*

Response DefaultHttpResponse(decodeResult: success, version: HTTP/1.1)
HTTP/1.1 200 OK
Content-Length: 126
Content-Type: application/json; charset=utf-8
cache-control: no-cache

22:41:12.896 [AsyncHttpClient-1-11] DEBUG org.asynchttpclient.netty.channel.ChannelManager - Adding key: http://localhost:5569 for channel [id: 0x9e5311ca, L:/127.0.0.1:54771 - R:localhost/127.0.0.1:5569]
22:41:12.900 [Forwarding clickElement on session 3d5f2cbcdee11b482f359d80858eb70f to remote] DEBUG org.asynchttpclient.netty.request.NettyRequestSender - Using pooled Channel '[id: 0x9e5311ca, L:/127.0.0.1:54771 - R:localhost/127.0.0.1:5569]' for 'POST' to 'http://localhost:5569/session/3d5f2cbcdee11b482f359d80858eb70f/element/f.032A00B3E1A7DD8501B060B65622C3A1.d.9491D3F2B7D0F05FC76844123DE53CE5.e.44/click'
22:41:12.900 [Forwarding clickElement on session 3d5f2cbcdee11b482f359d80858eb70f to remote] DEBUG org.asynchttpclient.netty.request.NettyRequestSender - Using open Channel [id: 0x9e5311ca, L:/127.0.0.1:54771 - R:localhost/127.0.0.1:5569] for POST '/session/3d5f2cbcdee11b482f359d80858eb70f/element/f.032A00B3E1A7DD8501B060B65622C3A1.d.9491D3F2B7D0F05FC76844123DE53CE5.e.44/click'
22:41:13.169 [AsyncHttpClient-1-11] DEBUG org.asynchttpclient.netty.handler.HttpHandler - 

Request DefaultHttpRequest(decodeResult: success, version: HTTP/1.1)
POST /session/3d5f2cbcdee11b482f359d80858eb70f/element/f.032A00B3E1A7DD8501B060B65622C3A1.d.9491D3F2B7D0F05FC76844123DE53CE5.e.44/click HTTP/1.1
User-Agent: selenium/4.12.0 (java windows)
Content-Length: 88
Content-Type: application/json; charset=utf-8
host: localhost:5569
accept: */*

Response DefaultHttpResponse(decodeResult: success, version: HTTP/1.1)
HTTP/1.1 200 OK
Content-Length: 14
Content-Type: application/json; charset=utf-8
cache-control: no-cache

22:41:13.169 [AsyncHttpClient-1-11] DEBUG org.asynchttpclient.netty.channel.ChannelManager - Adding key: http://localhost:5569 for channel [id: 0x9e5311ca, L:/127.0.0.1:54771 - R:localhost/127.0.0.1:5569]
  And Tap_On_Carrier_Tab                                                 # StepDefination.Customer_onboarding.tap_on_carrirer_Tab()
22:41:13.169 [Forwarding findElement on session 3d5f2cbcdee11b482f359d80858eb70f to remote] DEBUG org.asynchttpclient.netty.request.NettyRequestSender - Using pooled Channel '[id: 0x9e5311ca, L:/127.0.0.1:54771 - R:localhost/127.0.0.1:5569]' for 'POST' to 'http://localhost:5569/session/3d5f2cbcdee11b482f359d80858eb70f/element'
22:41:13.177 [Forwarding findElement on session 3d5f2cbcdee11b482f359d80858eb70f to remote] DEBUG org.asynchttpclient.netty.request.NettyRequestSender - Using open Channel [id: 0x9e5311ca, L:/127.0.0.1:54771 - R:localhost/127.0.0.1:5569] for POST '/session/3d5f2cbcdee11b482f359d80858eb70f/element'
22:41:13.209 [AsyncHttpClient-1-11] DEBUG org.asynchttpclient.netty.handler.HttpHandler - 

Request DefaultHttpRequest(decodeResult: success, version: HTTP/1.1)
POST /session/3d5f2cbcdee11b482f359d80858eb70f/element HTTP/1.1
User-Agent: selenium/4.12.0 (java windows)
Content-Length: 127
Content-Type: application/json; charset=utf-8
host: localhost:5569
accept: */*

Response DefaultHttpResponse(decodeResult: success, version: HTTP/1.1)
HTTP/1.1 200 OK
Content-Length: 126
Content-Type: application/json; charset=utf-8
cache-control: no-cache

22:41:13.209 [AsyncHttpClient-1-11] DEBUG org.asynchttpclient.netty.channel.ChannelManager - Adding key: http://localhost:5569 for channel [id: 0x9e5311ca, L:/127.0.0.1:54771 - R:localhost/127.0.0.1:5569]
22:41:13.209 [Forwarding getElementText on session 3d5f2cbcdee11b482f359d80858eb70f to remote] DEBUG org.asynchttpclient.netty.request.NettyRequestSender - Using pooled Channel '[id: 0x9e5311ca, L:/127.0.0.1:54771 - R:localhost/127.0.0.1:5569]' for 'GET' to 'http://localhost:5569/session/3d5f2cbcdee11b482f359d80858eb70f/element/f.032A00B3E1A7DD8501B060B65622C3A1.d.9491D3F2B7D0F05FC76844123DE53CE5.e.46/text'
22:41:13.209 [Forwarding getElementText on session 3d5f2cbcdee11b482f359d80858eb70f to remote] DEBUG org.asynchttpclient.netty.request.NettyRequestSender - Using open Channel [id: 0x9e5311ca, L:/127.0.0.1:54771 - R:localhost/127.0.0.1:5569] for GET '/session/3d5f2cbcdee11b482f359d80858eb70f/element/f.032A00B3E1A7DD8501B060B65622C3A1.d.9491D3F2B7D0F05FC76844123DE53CE5.e.46/text'
22:41:13.233 [AsyncHttpClient-1-11] DEBUG org.asynchttpclient.netty.handler.HttpHandler - 

Request DefaultFullHttpRequest(decodeResult: success, version: HTTP/1.1, content: EmptyByteBufBE)
GET /session/3d5f2cbcdee11b482f359d80858eb70f/element/f.032A00B3E1A7DD8501B060B65622C3A1.d.9491D3F2B7D0F05FC76844123DE53CE5.e.46/text HTTP/1.1
Cache-Control: no-cache
User-Agent: selenium/4.12.0 (java windows)
Content-Type: application/json; charset=utf-8
host: localhost:5569
accept: */*

Response DefaultHttpResponse(decodeResult: success, version: HTTP/1.1)
HTTP/1.1 200 OK
Content-Length: 21
Content-Type: application/json; charset=utf-8
cache-control: no-cache

22:41:13.233 [AsyncHttpClient-1-11] DEBUG org.asynchttpclient.netty.channel.ChannelManager - Adding key: http://localhost:5569 for channel [id: 0x9e5311ca, L:/127.0.0.1:54771 - R:localhost/127.0.0.1:5569]
22:41:13.241 [Forwarding findElement on session 3d5f2cbcdee11b482f359d80858eb70f to remote] DEBUG org.asynchttpclient.netty.request.NettyRequestSender - Using pooled Channel '[id: 0x9e5311ca, L:/127.0.0.1:54771 - R:localhost/127.0.0.1:5569]' for 'POST' to 'http://localhost:5569/session/3d5f2cbcdee11b482f359d80858eb70f/element'
22:41:13.241 [Forwarding findElement on session 3d5f2cbcdee11b482f359d80858eb70f to remote] DEBUG org.asynchttpclient.netty.request.NettyRequestSender - Using open Channel [id: 0x9e5311ca, L:/127.0.0.1:54771 - R:localhost/127.0.0.1:5569] for POST '/session/3d5f2cbcdee11b482f359d80858eb70f/element'
22:41:13.257 [AsyncHttpClient-1-11] DEBUG org.asynchttpclient.netty.handler.HttpHandler - 

Request DefaultHttpRequest(decodeResult: success, version: HTTP/1.1)
POST /session/3d5f2cbcdee11b482f359d80858eb70f/element HTTP/1.1
User-Agent: selenium/4.12.0 (java windows)
Content-Length: 127
Content-Type: application/json; charset=utf-8
host: localhost:5569
accept: */*

Response DefaultHttpResponse(decodeResult: success, version: HTTP/1.1)
HTTP/1.1 200 OK
Content-Length: 126
Content-Type: application/json; charset=utf-8
cache-control: no-cache

22:41:13.257 [AsyncHttpClient-1-11] DEBUG org.asynchttpclient.netty.channel.ChannelManager - Adding key: http://localhost:5569 for channel [id: 0x9e5311ca, L:/127.0.0.1:54771 - R:localhost/127.0.0.1:5569]
22:41:13.265 [Forwarding clickElement on session 3d5f2cbcdee11b482f359d80858eb70f to remote] DEBUG org.asynchttpclient.netty.request.NettyRequestSender - Using pooled Channel '[id: 0x9e5311ca, L:/127.0.0.1:54771 - R:localhost/127.0.0.1:5569]' for 'POST' to 'http://localhost:5569/session/3d5f2cbcdee11b482f359d80858eb70f/element/f.032A00B3E1A7DD8501B060B65622C3A1.d.9491D3F2B7D0F05FC76844123DE53CE5.e.46/click'
22:41:13.265 [Forwarding clickElement on session 3d5f2cbcdee11b482f359d80858eb70f to remote] DEBUG org.asynchttpclient.netty.request.NettyRequestSender - Using open Channel [id: 0x9e5311ca, L:/127.0.0.1:54771 - R:localhost/127.0.0.1:5569] for POST '/session/3d5f2cbcdee11b482f359d80858eb70f/element/f.032A00B3E1A7DD8501B060B65622C3A1.d.9491D3F2B7D0F05FC76844123DE53CE5.e.46/click'
22:41:13.393 [AsyncHttpClient-1-1] DEBUG org.asynchttpclient.netty.channel.DefaultChannelPool - Entry count for : http://localhost:54773 : 1
22:41:13.457 [AsyncHttpClient-1-11] DEBUG org.asynchttpclient.netty.handler.HttpHandler - 

Request DefaultHttpRequest(decodeResult: success, version: HTTP/1.1)
POST /session/3d5f2cbcdee11b482f359d80858eb70f/element/f.032A00B3E1A7DD8501B060B65622C3A1.d.9491D3F2B7D0F05FC76844123DE53CE5.e.46/click HTTP/1.1
User-Agent: selenium/4.12.0 (java windows)
Content-Length: 88
Content-Type: application/json; charset=utf-8
host: localhost:5569
accept: */*

Response DefaultHttpResponse(decodeResult: success, version: HTTP/1.1)
HTTP/1.1 200 OK
Content-Length: 14
Content-Type: application/json; charset=utf-8
cache-control: no-cache

22:41:13.457 [AsyncHttpClient-1-11] DEBUG org.asynchttpclient.netty.channel.ChannelManager - Adding key: http://localhost:5569 for channel [id: 0x9e5311ca, L:/127.0.0.1:54771 - R:localhost/127.0.0.1:5569]
22:41:14.486 [AsyncHttpClient-1-1] DEBUG org.asynchttpclient.netty.channel.DefaultChannelPool - Entry count for : http://localhost:5569 : 1
22:41:14.486 [AsyncHttpClient-1-1] DEBUG org.asynchttpclient.netty.channel.DefaultChannelPool - Entry count for : http://localhost:54773 : 1
screen shot class not taking
22:41:15.470 [Forwarding findElement on session 3d5f2cbcdee11b482f359d80858eb70f to remote] DEBUG org.asynchttpclient.netty.request.NettyRequestSender - Using pooled Channel '[id: 0x9e5311ca, L:/127.0.0.1:54771 - R:localhost/127.0.0.1:5569]' for 'POST' to 'http://localhost:5569/session/3d5f2cbcdee11b482f359d80858eb70f/element'
22:41:15.470 [Forwarding findElement on session 3d5f2cbcdee11b482f359d80858eb70f to remote] DEBUG org.asynchttpclient.netty.request.NettyRequestSender - Using open Channel [id: 0x9e5311ca, L:/127.0.0.1:54771 - R:localhost/127.0.0.1:5569] for POST '/session/3d5f2cbcdee11b482f359d80858eb70f/element'
22:41:15.486 [AsyncHttpClient-1-11] DEBUG org.asynchttpclient.netty.handler.HttpHandler - 

Request DefaultHttpRequest(decodeResult: success, version: HTTP/1.1)
POST /session/3d5f2cbcdee11b482f359d80858eb70f/element HTTP/1.1
User-Agent: selenium/4.12.0 (java windows)
Content-Length: 178
Content-Type: application/json; charset=utf-8
host: localhost:5569
accept: */*

Response DefaultHttpResponse(decodeResult: success, version: HTTP/1.1)
HTTP/1.1 200 OK
Content-Length: 126
Content-Type: application/json; charset=utf-8
cache-control: no-cache

22:41:15.486 [AsyncHttpClient-1-11] DEBUG org.asynchttpclient.netty.channel.ChannelManager - Adding key: http://localhost:5569 for channel [id: 0x9e5311ca, L:/127.0.0.1:54771 - R:localhost/127.0.0.1:5569]
22:41:15.486 [Forwarding getElementText on session 3d5f2cbcdee11b482f359d80858eb70f to remote] DEBUG org.asynchttpclient.netty.request.NettyRequestSender - Using pooled Channel '[id: 0x9e5311ca, L:/127.0.0.1:54771 - R:localhost/127.0.0.1:5569]' for 'GET' to 'http://localhost:5569/session/3d5f2cbcdee11b482f359d80858eb70f/element/f.032A00B3E1A7DD8501B060B65622C3A1.d.9491D3F2B7D0F05FC76844123DE53CE5.e.51/text'
22:41:15.486 [Forwarding getElementText on session 3d5f2cbcdee11b482f359d80858eb70f to remote] DEBUG org.asynchttpclient.netty.request.NettyRequestSender - Using open Channel [id: 0x9e5311ca, L:/127.0.0.1:54771 - R:localhost/127.0.0.1:5569] for GET '/session/3d5f2cbcdee11b482f359d80858eb70f/element/f.032A00B3E1A7DD8501B060B65622C3A1.d.9491D3F2B7D0F05FC76844123DE53CE5.e.51/text'
22:41:15.502 [AsyncHttpClient-1-11] DEBUG org.asynchttpclient.netty.handler.HttpHandler - 

Request DefaultFullHttpRequest(decodeResult: success, version: HTTP/1.1, content: EmptyByteBufBE)
GET /session/3d5f2cbcdee11b482f359d80858eb70f/element/f.032A00B3E1A7DD8501B060B65622C3A1.d.9491D3F2B7D0F05FC76844123DE53CE5.e.51/text HTTP/1.1
Cache-Control: no-cache
User-Agent: selenium/4.12.0 (java windows)
Content-Type: application/json; charset=utf-8
host: localhost:5569
accept: */*

Response DefaultHttpResponse(decodeResult: success, version: HTTP/1.1)
HTTP/1.1 200 OK
Content-Length: 28
Content-Type: application/json; charset=utf-8
cache-control: no-cache

22:41:15.502 [AsyncHttpClient-1-11] DEBUG org.asynchttpclient.netty.channel.ChannelManager - Adding key: http://localhost:5569 for channel [id: 0x9e5311ca, L:/127.0.0.1:54771 - R:localhost/127.0.0.1:5569]
22:41:15.502 [Forwarding findElement on session 3d5f2cbcdee11b482f359d80858eb70f to remote] DEBUG org.asynchttpclient.netty.request.NettyRequestSender - Using pooled Channel '[id: 0x9e5311ca, L:/127.0.0.1:54771 - R:localhost/127.0.0.1:5569]' for 'POST' to 'http://localhost:5569/session/3d5f2cbcdee11b482f359d80858eb70f/element'
22:41:15.502 [Forwarding findElement on session 3d5f2cbcdee11b482f359d80858eb70f to remote] DEBUG org.asynchttpclient.netty.request.NettyRequestSender - Using open Channel [id: 0x9e5311ca, L:/127.0.0.1:54771 - R:localhost/127.0.0.1:5569] for POST '/session/3d5f2cbcdee11b482f359d80858eb70f/element'
22:41:15.510 [AsyncHttpClient-1-11] DEBUG org.asynchttpclient.netty.handler.HttpHandler - 

Request DefaultHttpRequest(decodeResult: success, version: HTTP/1.1)
POST /session/3d5f2cbcdee11b482f359d80858eb70f/element HTTP/1.1
User-Agent: selenium/4.12.0 (java windows)
Content-Length: 178
Content-Type: application/json; charset=utf-8
host: localhost:5569
accept: */*

Response DefaultHttpResponse(decodeResult: success, version: HTTP/1.1)
HTTP/1.1 200 OK
Content-Length: 126
Content-Type: application/json; charset=utf-8
cache-control: no-cache

22:41:15.510 [AsyncHttpClient-1-11] DEBUG org.asynchttpclient.netty.channel.ChannelManager - Adding key: http://localhost:5569 for channel [id: 0x9e5311ca, L:/127.0.0.1:54771 - R:localhost/127.0.0.1:5569]
22:41:15.518 [Forwarding clickElement on session 3d5f2cbcdee11b482f359d80858eb70f to remote] DEBUG org.asynchttpclient.netty.request.NettyRequestSender - Using pooled Channel '[id: 0x9e5311ca, L:/127.0.0.1:54771 - R:localhost/127.0.0.1:5569]' for 'POST' to 'http://localhost:5569/session/3d5f2cbcdee11b482f359d80858eb70f/element/f.032A00B3E1A7DD8501B060B65622C3A1.d.9491D3F2B7D0F05FC76844123DE53CE5.e.51/click'
22:41:15.518 [Forwarding clickElement on session 3d5f2cbcdee11b482f359d80858eb70f to remote] DEBUG org.asynchttpclient.netty.request.NettyRequestSender - Using open Channel [id: 0x9e5311ca, L:/127.0.0.1:54771 - R:localhost/127.0.0.1:5569] for POST '/session/3d5f2cbcdee11b482f359d80858eb70f/element/f.032A00B3E1A7DD8501B060B65622C3A1.d.9491D3F2B7D0F05FC76844123DE53CE5.e.51/click'
22:41:15.582 [AsyncHttpClient-1-1] DEBUG org.asynchttpclient.netty.channel.DefaultChannelPool - Entry count for : http://localhost:54773 : 1
22:41:15.662 [AsyncHttpClient-1-11] DEBUG org.asynchttpclient.netty.handler.HttpHandler - 

Request DefaultHttpRequest(decodeResult: success, version: HTTP/1.1)
POST /session/3d5f2cbcdee11b482f359d80858eb70f/element/f.032A00B3E1A7DD8501B060B65622C3A1.d.9491D3F2B7D0F05FC76844123DE53CE5.e.51/click HTTP/1.1
User-Agent: selenium/4.12.0 (java windows)
Content-Length: 88
Content-Type: application/json; charset=utf-8
host: localhost:5569
accept: */*

Response DefaultHttpResponse(decodeResult: success, version: HTTP/1.1)
HTTP/1.1 200 OK
Content-Length: 14
Content-Type: application/json; charset=utf-8
cache-control: no-cache

22:41:15.662 [AsyncHttpClient-1-11] DEBUG org.asynchttpclient.netty.channel.ChannelManager - Adding key: http://localhost:5569 for channel [id: 0x9e5311ca, L:/127.0.0.1:54771 - R:localhost/127.0.0.1:5569]
  When Open customer form                                                # StepDefination.Customer_onboarding.Open_customer_form()
22:41:16.687 [AsyncHttpClient-1-1] DEBUG org.asynchttpclient.netty.channel.DefaultChannelPool - Entry count for : http://localhost:5569 : 1
22:41:16.687 [AsyncHttpClient-1-1] DEBUG org.asynchttpclient.netty.channel.DefaultChannelPool - Entry count for : http://localhost:54773 : 1
22:41:17.177 [Forwarding findElement on session 3d5f2cbcdee11b482f359d80858eb70f to remote] DEBUG org.asynchttpclient.netty.request.NettyRequestSender - Using pooled Channel '[id: 0x9e5311ca, L:/127.0.0.1:54771 - R:localhost/127.0.0.1:5569]' for 'POST' to 'http://localhost:5569/session/3d5f2cbcdee11b482f359d80858eb70f/element'
22:41:17.177 [Forwarding findElement on session 3d5f2cbcdee11b482f359d80858eb70f to remote] DEBUG org.asynchttpclient.netty.request.NettyRequestSender - Using open Channel [id: 0x9e5311ca, L:/127.0.0.1:54771 - R:localhost/127.0.0.1:5569] for POST '/session/3d5f2cbcdee11b482f359d80858eb70f/element'
22:41:17.208 [AsyncHttpClient-1-11] DEBUG org.asynchttpclient.netty.handler.HttpHandler - 

Request DefaultHttpRequest(decodeResult: success, version: HTTP/1.1)
POST /session/3d5f2cbcdee11b482f359d80858eb70f/element HTTP/1.1
User-Agent: selenium/4.12.0 (java windows)
Content-Length: 114
Content-Type: application/json; charset=utf-8
host: localhost:5569
accept: */*

Response DefaultHttpResponse(decodeResult: success, version: HTTP/1.1)
HTTP/1.1 200 OK
Content-Length: 126
Content-Type: application/json; charset=utf-8
cache-control: no-cache

22:41:17.208 [AsyncHttpClient-1-11] DEBUG org.asynchttpclient.netty.channel.ChannelManager - Adding key: http://localhost:5569 for channel [id: 0x9e5311ca, L:/127.0.0.1:54771 - R:localhost/127.0.0.1:5569]
22:41:17.208 [Forwarding sendKeysToElement on session 3d5f2cbcdee11b482f359d80858eb70f to remote] DEBUG org.asynchttpclient.netty.request.NettyRequestSender - Using pooled Channel '[id: 0x9e5311ca, L:/127.0.0.1:54771 - R:localhost/127.0.0.1:5569]' for 'POST' to 'http://localhost:5569/session/3d5f2cbcdee11b482f359d80858eb70f/element/f.032A00B3E1A7DD8501B060B65622C3A1.d.9491D3F2B7D0F05FC76844123DE53CE5.e.55/value'
22:41:17.208 [Forwarding sendKeysToElement on session 3d5f2cbcdee11b482f359d80858eb70f to remote] DEBUG org.asynchttpclient.netty.request.NettyRequestSender - Using open Channel [id: 0x9e5311ca, L:/127.0.0.1:54771 - R:localhost/127.0.0.1:5569] for POST '/session/3d5f2cbcdee11b482f359d80858eb70f/element/f.032A00B3E1A7DD8501B060B65622C3A1.d.9491D3F2B7D0F05FC76844123DE53CE5.e.55/value'
22:41:17.570 [AsyncHttpClient-1-11] DEBUG org.asynchttpclient.netty.handler.HttpHandler - 

Request DefaultHttpRequest(decodeResult: success, version: HTTP/1.1)
POST /session/3d5f2cbcdee11b482f359d80858eb70f/element/f.032A00B3E1A7DD8501B060B65622C3A1.d.9491D3F2B7D0F05FC76844123DE53CE5.e.55/value HTTP/1.1
User-Agent: selenium/4.12.0 (java windows)
Content-Length: 339
Content-Type: application/json; charset=utf-8
host: localhost:5569
accept: */*

Response DefaultHttpResponse(decodeResult: success, version: HTTP/1.1)
HTTP/1.1 200 OK
Content-Length: 14
Content-Type: application/json; charset=utf-8
cache-control: no-cache

22:41:17.570 [AsyncHttpClient-1-11] DEBUG org.asynchttpclient.netty.channel.ChannelManager - Adding key: http://localhost:5569 for channel [id: 0x9e5311ca, L:/127.0.0.1:54771 - R:localhost/127.0.0.1:5569]
22:41:17.570 [Forwarding findElement on session 3d5f2cbcdee11b482f359d80858eb70f to remote] DEBUG org.asynchttpclient.netty.request.NettyRequestSender - Using pooled Channel '[id: 0x9e5311ca, L:/127.0.0.1:54771 - R:localhost/127.0.0.1:5569]' for 'POST' to 'http://localhost:5569/session/3d5f2cbcdee11b482f359d80858eb70f/element'
22:41:17.570 [Forwarding findElement on session 3d5f2cbcdee11b482f359d80858eb70f to remote] DEBUG org.asynchttpclient.netty.request.NettyRequestSender - Using open Channel [id: 0x9e5311ca, L:/127.0.0.1:54771 - R:localhost/127.0.0.1:5569] for POST '/session/3d5f2cbcdee11b482f359d80858eb70f/element'
22:41:17.586 [AsyncHttpClient-1-11] DEBUG org.asynchttpclient.netty.handler.HttpHandler - 

Request DefaultHttpRequest(decodeResult: success, version: HTTP/1.1)
POST /session/3d5f2cbcdee11b482f359d80858eb70f/element HTTP/1.1
User-Agent: selenium/4.12.0 (java windows)
Content-Length: 87
Content-Type: application/json; charset=utf-8
host: localhost:5569
accept: */*

Response DefaultHttpResponse(decodeResult: success, version: HTTP/1.1)
HTTP/1.1 200 OK
Content-Length: 126
Content-Type: application/json; charset=utf-8
cache-control: no-cache

22:41:17.586 [AsyncHttpClient-1-11] DEBUG org.asynchttpclient.netty.channel.ChannelManager - Adding key: http://localhost:5569 for channel [id: 0x9e5311ca, L:/127.0.0.1:54771 - R:localhost/127.0.0.1:5569]
22:41:17.586 [Forwarding sendKeysToElement on session 3d5f2cbcdee11b482f359d80858eb70f to remote] DEBUG org.asynchttpclient.netty.request.NettyRequestSender - Using pooled Channel '[id: 0x9e5311ca, L:/127.0.0.1:54771 - R:localhost/127.0.0.1:5569]' for 'POST' to 'http://localhost:5569/session/3d5f2cbcdee11b482f359d80858eb70f/element/f.032A00B3E1A7DD8501B060B65622C3A1.d.9491D3F2B7D0F05FC76844123DE53CE5.e.56/value'
22:41:17.586 [Forwarding sendKeysToElement on session 3d5f2cbcdee11b482f359d80858eb70f to remote] DEBUG org.asynchttpclient.netty.request.NettyRequestSender - Using open Channel [id: 0x9e5311ca, L:/127.0.0.1:54771 - R:localhost/127.0.0.1:5569] for POST '/session/3d5f2cbcdee11b482f359d80858eb70f/element/f.032A00B3E1A7DD8501B060B65622C3A1.d.9491D3F2B7D0F05FC76844123DE53CE5.e.56/value'
22:41:17.738 [AsyncHttpClient-1-11] DEBUG org.asynchttpclient.netty.handler.HttpHandler - 

Request DefaultHttpRequest(decodeResult: success, version: HTTP/1.1)
POST /session/3d5f2cbcdee11b482f359d80858eb70f/element/f.032A00B3E1A7DD8501B060B65622C3A1.d.9491D3F2B7D0F05FC76844123DE53CE5.e.56/value HTTP/1.1
User-Agent: selenium/4.12.0 (java windows)
Content-Length: 179
Content-Type: application/json; charset=utf-8
host: localhost:5569
accept: */*

Response DefaultHttpResponse(decodeResult: success, version: HTTP/1.1)
HTTP/1.1 200 OK
Content-Length: 14
Content-Type: application/json; charset=utf-8
cache-control: no-cache

22:41:17.738 [AsyncHttpClient-1-11] DEBUG org.asynchttpclient.netty.channel.ChannelManager - Adding key: http://localhost:5569 for channel [id: 0x9e5311ca, L:/127.0.0.1:54771 - R:localhost/127.0.0.1:5569]
22:41:17.738 [Forwarding findElement on session 3d5f2cbcdee11b482f359d80858eb70f to remote] DEBUG org.asynchttpclient.netty.request.NettyRequestSender - Using pooled Channel '[id: 0x9e5311ca, L:/127.0.0.1:54771 - R:localhost/127.0.0.1:5569]' for 'POST' to 'http://localhost:5569/session/3d5f2cbcdee11b482f359d80858eb70f/element'
22:41:17.738 [Forwarding findElement on session 3d5f2cbcdee11b482f359d80858eb70f to remote] DEBUG org.asynchttpclient.netty.request.NettyRequestSender - Using open Channel [id: 0x9e5311ca, L:/127.0.0.1:54771 - R:localhost/127.0.0.1:5569] for POST '/session/3d5f2cbcdee11b482f359d80858eb70f/element'
22:41:17.770 [AsyncHttpClient-1-11] DEBUG org.asynchttpclient.netty.handler.HttpHandler - 

Request DefaultHttpRequest(decodeResult: success, version: HTTP/1.1)
POST /session/3d5f2cbcdee11b482f359d80858eb70f/element HTTP/1.1
User-Agent: selenium/4.12.0 (java windows)
Content-Length: 96
Content-Type: application/json; charset=utf-8
host: localhost:5569
accept: */*

Response DefaultHttpResponse(decodeResult: success, version: HTTP/1.1)
HTTP/1.1 200 OK
Content-Length: 126
Content-Type: application/json; charset=utf-8
cache-control: no-cache

22:41:17.770 [AsyncHttpClient-1-11] DEBUG org.asynchttpclient.netty.channel.ChannelManager - Adding key: http://localhost:5569 for channel [id: 0x9e5311ca, L:/127.0.0.1:54771 - R:localhost/127.0.0.1:5569]
22:41:17.770 [Forwarding sendKeysToElement on session 3d5f2cbcdee11b482f359d80858eb70f to remote] DEBUG org.asynchttpclient.netty.request.NettyRequestSender - Using pooled Channel '[id: 0x9e5311ca, L:/127.0.0.1:54771 - R:localhost/127.0.0.1:5569]' for 'POST' to 'http://localhost:5569/session/3d5f2cbcdee11b482f359d80858eb70f/element/f.032A00B3E1A7DD8501B060B65622C3A1.d.9491D3F2B7D0F05FC76844123DE53CE5.e.57/value'
22:41:17.770 [Forwarding sendKeysToElement on session 3d5f2cbcdee11b482f359d80858eb70f to remote] DEBUG org.asynchttpclient.netty.request.NettyRequestSender - Using open Channel [id: 0x9e5311ca, L:/127.0.0.1:54771 - R:localhost/127.0.0.1:5569] for POST '/session/3d5f2cbcdee11b482f359d80858eb70f/element/f.032A00B3E1A7DD8501B060B65622C3A1.d.9491D3F2B7D0F05FC76844123DE53CE5.e.57/value'
22:41:17.786 [AsyncHttpClient-1-1] DEBUG org.asynchttpclient.netty.channel.DefaultChannelPool - Entry count for : http://localhost:54773 : 1
22:41:18.058 [AsyncHttpClient-1-11] DEBUG org.asynchttpclient.netty.handler.HttpHandler - 

Request DefaultHttpRequest(decodeResult: success, version: HTTP/1.1)
POST /session/3d5f2cbcdee11b482f359d80858eb70f/element/f.032A00B3E1A7DD8501B060B65622C3A1.d.9491D3F2B7D0F05FC76844123DE53CE5.e.57/value HTTP/1.1
User-Agent: selenium/4.12.0 (java windows)
Content-Length: 229
Content-Type: application/json; charset=utf-8
host: localhost:5569
accept: */*

Response DefaultHttpResponse(decodeResult: success, version: HTTP/1.1)
HTTP/1.1 200 OK
Content-Length: 14
Content-Type: application/json; charset=utf-8
cache-control: no-cache

22:41:18.058 [AsyncHttpClient-1-11] DEBUG org.asynchttpclient.netty.channel.ChannelManager - Adding key: http://localhost:5569 for channel [id: 0x9e5311ca, L:/127.0.0.1:54771 - R:localhost/127.0.0.1:5569]
22:41:18.066 [Forwarding findElement on session 3d5f2cbcdee11b482f359d80858eb70f to remote] DEBUG org.asynchttpclient.netty.request.NettyRequestSender - Using pooled Channel '[id: 0x9e5311ca, L:/127.0.0.1:54771 - R:localhost/127.0.0.1:5569]' for 'POST' to 'http://localhost:5569/session/3d5f2cbcdee11b482f359d80858eb70f/element'
22:41:18.066 [Forwarding findElement on session 3d5f2cbcdee11b482f359d80858eb70f to remote] DEBUG org.asynchttpclient.netty.request.NettyRequestSender - Using open Channel [id: 0x9e5311ca, L:/127.0.0.1:54771 - R:localhost/127.0.0.1:5569] for POST '/session/3d5f2cbcdee11b482f359d80858eb70f/element'
22:41:18.090 [AsyncHttpClient-1-11] DEBUG org.asynchttpclient.netty.handler.HttpHandler - 

Request DefaultHttpRequest(decodeResult: success, version: HTTP/1.1)
POST /session/3d5f2cbcdee11b482f359d80858eb70f/element HTTP/1.1
User-Agent: selenium/4.12.0 (java windows)
Content-Length: 84
Content-Type: application/json; charset=utf-8
host: localhost:5569
accept: */*

Response DefaultHttpResponse(decodeResult: success, version: HTTP/1.1)
HTTP/1.1 200 OK
Content-Length: 126
Content-Type: application/json; charset=utf-8
cache-control: no-cache

22:41:18.090 [AsyncHttpClient-1-11] DEBUG org.asynchttpclient.netty.channel.ChannelManager - Adding key: http://localhost:5569 for channel [id: 0x9e5311ca, L:/127.0.0.1:54771 - R:localhost/127.0.0.1:5569]
22:41:18.098 [Forwarding sendKeysToElement on session 3d5f2cbcdee11b482f359d80858eb70f to remote] DEBUG org.asynchttpclient.netty.request.NettyRequestSender - Using pooled Channel '[id: 0x9e5311ca, L:/127.0.0.1:54771 - R:localhost/127.0.0.1:5569]' for 'POST' to 'http://localhost:5569/session/3d5f2cbcdee11b482f359d80858eb70f/element/f.032A00B3E1A7DD8501B060B65622C3A1.d.9491D3F2B7D0F05FC76844123DE53CE5.e.58/value'
22:41:18.098 [Forwarding sendKeysToElement on session 3d5f2cbcdee11b482f359d80858eb70f to remote] DEBUG org.asynchttpclient.netty.request.NettyRequestSender - Using open Channel [id: 0x9e5311ca, L:/127.0.0.1:54771 - R:localhost/127.0.0.1:5569] for POST '/session/3d5f2cbcdee11b482f359d80858eb70f/element/f.032A00B3E1A7DD8501B060B65622C3A1.d.9491D3F2B7D0F05FC76844123DE53CE5.e.58/value'
22:41:18.444 [AsyncHttpClient-1-11] DEBUG org.asynchttpclient.netty.handler.HttpHandler - 

Request DefaultHttpRequest(decodeResult: success, version: HTTP/1.1)
POST /session/3d5f2cbcdee11b482f359d80858eb70f/element/f.032A00B3E1A7DD8501B060B65622C3A1.d.9491D3F2B7D0F05FC76844123DE53CE5.e.58/value HTTP/1.1
User-Agent: selenium/4.12.0 (java windows)
Content-Length: 249
Content-Type: application/json; charset=utf-8
host: localhost:5569
accept: */*

Response DefaultHttpResponse(decodeResult: success, version: HTTP/1.1)
HTTP/1.1 200 OK
Content-Length: 14
Content-Type: application/json; charset=utf-8
cache-control: no-cache

22:41:18.444 [AsyncHttpClient-1-11] DEBUG org.asynchttpclient.netty.channel.ChannelManager - Adding key: http://localhost:5569 for channel [id: 0x9e5311ca, L:/127.0.0.1:54771 - R:localhost/127.0.0.1:5569]
22:41:18.885 [AsyncHttpClient-1-1] DEBUG org.asynchttpclient.netty.channel.DefaultChannelPool - Entry count for : http://localhost:5569 : 1
22:41:18.885 [AsyncHttpClient-1-1] DEBUG org.asynchttpclient.netty.channel.DefaultChannelPool - Entry count for : http://localhost:54773 : 1
screen shot class not taking
  And Provide the company DetailsRandom 447788 Sara_Sharma www.royal.com # StepDefination.Customer_onboarding.Provide_the_customer_Details(java.lang.String,java.lang.String,java.lang.String,java.lang.String)
22:41:19.990 [AsyncHttpClient-1-1] DEBUG org.asynchttpclient.netty.channel.DefaultChannelPool - Entry count for : http://localhost:5569 : 1
22:41:19.990 [AsyncHttpClient-1-1] DEBUG org.asynchttpclient.netty.channel.DefaultChannelPool - Entry count for : http://localhost:54773 : 1
22:41:20.467 [Forwarding findElement on session 3d5f2cbcdee11b482f359d80858eb70f to remote] DEBUG org.asynchttpclient.netty.request.NettyRequestSender - Using pooled Channel '[id: 0x9e5311ca, L:/127.0.0.1:54771 - R:localhost/127.0.0.1:5569]' for 'POST' to 'http://localhost:5569/session/3d5f2cbcdee11b482f359d80858eb70f/element'
22:41:20.467 [Forwarding findElement on session 3d5f2cbcdee11b482f359d80858eb70f to remote] DEBUG org.asynchttpclient.netty.request.NettyRequestSender - Using open Channel [id: 0x9e5311ca, L:/127.0.0.1:54771 - R:localhost/127.0.0.1:5569] for POST '/session/3d5f2cbcdee11b482f359d80858eb70f/element'
22:41:20.485 [AsyncHttpClient-1-11] DEBUG org.asynchttpclient.netty.handler.HttpHandler - 

Request DefaultHttpRequest(decodeResult: success, version: HTTP/1.1)
POST /session/3d5f2cbcdee11b482f359d80858eb70f/element HTTP/1.1
User-Agent: selenium/4.12.0 (java windows)
Content-Length: 82
Content-Type: application/json; charset=utf-8
host: localhost:5569
accept: */*

Response DefaultHttpResponse(decodeResult: success, version: HTTP/1.1)
HTTP/1.1 200 OK
Content-Length: 126
Content-Type: application/json; charset=utf-8
cache-control: no-cache

22:41:20.485 [AsyncHttpClient-1-11] DEBUG org.asynchttpclient.netty.channel.ChannelManager - Adding key: http://localhost:5569 for channel [id: 0x9e5311ca, L:/127.0.0.1:54771 - R:localhost/127.0.0.1:5569]
22:41:20.492 [Forwarding sendKeysToElement on session 3d5f2cbcdee11b482f359d80858eb70f to remote] DEBUG org.asynchttpclient.netty.request.NettyRequestSender - Using pooled Channel '[id: 0x9e5311ca, L:/127.0.0.1:54771 - R:localhost/127.0.0.1:5569]' for 'POST' to 'http://localhost:5569/session/3d5f2cbcdee11b482f359d80858eb70f/element/f.032A00B3E1A7DD8501B060B65622C3A1.d.9491D3F2B7D0F05FC76844123DE53CE5.e.59/value'
22:41:20.492 [Forwarding sendKeysToElement on session 3d5f2cbcdee11b482f359d80858eb70f to remote] DEBUG org.asynchttpclient.netty.request.NettyRequestSender - Using open Channel [id: 0x9e5311ca, L:/127.0.0.1:54771 - R:localhost/127.0.0.1:5569] for POST '/session/3d5f2cbcdee11b482f359d80858eb70f/element/f.032A00B3E1A7DD8501B060B65622C3A1.d.9491D3F2B7D0F05FC76844123DE53CE5.e.59/value'
22:41:20.714 [AsyncHttpClient-1-11] DEBUG org.asynchttpclient.netty.handler.HttpHandler - 

Request DefaultHttpRequest(decodeResult: success, version: HTTP/1.1)
POST /session/3d5f2cbcdee11b482f359d80858eb70f/element/f.032A00B3E1A7DD8501B060B65622C3A1.d.9491D3F2B7D0F05FC76844123DE53CE5.e.59/value HTTP/1.1
User-Agent: selenium/4.12.0 (java windows)
Content-Length: 259
Content-Type: application/json; charset=utf-8
host: localhost:5569
accept: */*

Response DefaultHttpResponse(decodeResult: success, version: HTTP/1.1)
HTTP/1.1 200 OK
Content-Length: 14
Content-Type: application/json; charset=utf-8
cache-control: no-cache

22:41:20.717 [AsyncHttpClient-1-11] DEBUG org.asynchttpclient.netty.channel.ChannelManager - Adding key: http://localhost:5569 for channel [id: 0x9e5311ca, L:/127.0.0.1:54771 - R:localhost/127.0.0.1:5569]
22:41:20.719 [Forwarding findElement on session 3d5f2cbcdee11b482f359d80858eb70f to remote] DEBUG org.asynchttpclient.netty.request.NettyRequestSender - Using pooled Channel '[id: 0x9e5311ca, L:/127.0.0.1:54771 - R:localhost/127.0.0.1:5569]' for 'POST' to 'http://localhost:5569/session/3d5f2cbcdee11b482f359d80858eb70f/element'
22:41:20.719 [Forwarding findElement on session 3d5f2cbcdee11b482f359d80858eb70f to remote] DEBUG org.asynchttpclient.netty.request.NettyRequestSender - Using open Channel [id: 0x9e5311ca, L:/127.0.0.1:54771 - R:localhost/127.0.0.1:5569] for POST '/session/3d5f2cbcdee11b482f359d80858eb70f/element'
22:41:20.731 [AsyncHttpClient-1-11] DEBUG org.asynchttpclient.netty.handler.HttpHandler - 

Request DefaultHttpRequest(decodeResult: success, version: HTTP/1.1)
POST /session/3d5f2cbcdee11b482f359d80858eb70f/element HTTP/1.1
User-Agent: selenium/4.12.0 (java windows)
Content-Length: 89
Content-Type: application/json; charset=utf-8
host: localhost:5569
accept: */*

Response DefaultHttpResponse(decodeResult: success, version: HTTP/1.1)
HTTP/1.1 200 OK
Content-Length: 126
Content-Type: application/json; charset=utf-8
cache-control: no-cache

22:41:20.731 [AsyncHttpClient-1-11] DEBUG org.asynchttpclient.netty.channel.ChannelManager - Adding key: http://localhost:5569 for channel [id: 0x9e5311ca, L:/127.0.0.1:54771 - R:localhost/127.0.0.1:5569]
22:41:20.731 [Forwarding sendKeysToElement on session 3d5f2cbcdee11b482f359d80858eb70f to remote] DEBUG org.asynchttpclient.netty.request.NettyRequestSender - Using pooled Channel '[id: 0x9e5311ca, L:/127.0.0.1:54771 - R:localhost/127.0.0.1:5569]' for 'POST' to 'http://localhost:5569/session/3d5f2cbcdee11b482f359d80858eb70f/element/f.032A00B3E1A7DD8501B060B65622C3A1.d.9491D3F2B7D0F05FC76844123DE53CE5.e.61/value'
22:41:20.731 [Forwarding sendKeysToElement on session 3d5f2cbcdee11b482f359d80858eb70f to remote] DEBUG org.asynchttpclient.netty.request.NettyRequestSender - Using open Channel [id: 0x9e5311ca, L:/127.0.0.1:54771 - R:localhost/127.0.0.1:5569] for POST '/session/3d5f2cbcdee11b482f359d80858eb70f/element/f.032A00B3E1A7DD8501B060B65622C3A1.d.9491D3F2B7D0F05FC76844123DE53CE5.e.61/value'
22:41:20.973 [AsyncHttpClient-1-11] DEBUG org.asynchttpclient.netty.handler.HttpHandler - 

Request DefaultHttpRequest(decodeResult: success, version: HTTP/1.1)
POST /session/3d5f2cbcdee11b482f359d80858eb70f/element/f.032A00B3E1A7DD8501B060B65622C3A1.d.9491D3F2B7D0F05FC76844123DE53CE5.e.61/value HTTP/1.1
User-Agent: selenium/4.12.0 (java windows)
Content-Length: 219
Content-Type: application/json; charset=utf-8
host: localhost:5569
accept: */*

Response DefaultHttpResponse(decodeResult: success, version: HTTP/1.1)
HTTP/1.1 200 OK
Content-Length: 14
Content-Type: application/json; charset=utf-8
cache-control: no-cache

22:41:20.973 [AsyncHttpClient-1-11] DEBUG org.asynchttpclient.netty.channel.ChannelManager - Adding key: http://localhost:5569 for channel [id: 0x9e5311ca, L:/127.0.0.1:54771 - R:localhost/127.0.0.1:5569]
screen shot class not taking
  And Provide the contact Details9865768576 royal@mail.com               # StepDefination.Customer_onboarding.Provide_the_contact_Details(java.lang.String,java.lang.String)
22:41:21.085 [AsyncHttpClient-1-1] DEBUG org.asynchttpclient.netty.channel.DefaultChannelPool - Entry count for : http://localhost:5569 : 1
22:41:21.085 [AsyncHttpClient-1-1] DEBUG org.asynchttpclient.netty.channel.DefaultChannelPool - Entry count for : http://localhost:54773 : 1
22:41:21.976 [Forwarding findElement on session 3d5f2cbcdee11b482f359d80858eb70f to remote] DEBUG org.asynchttpclient.netty.request.NettyRequestSender - Using pooled Channel '[id: 0x9e5311ca, L:/127.0.0.1:54771 - R:localhost/127.0.0.1:5569]' for 'POST' to 'http://localhost:5569/session/3d5f2cbcdee11b482f359d80858eb70f/element'
22:41:21.976 [Forwarding findElement on session 3d5f2cbcdee11b482f359d80858eb70f to remote] DEBUG org.asynchttpclient.netty.request.NettyRequestSender - Using open Channel [id: 0x9e5311ca, L:/127.0.0.1:54771 - R:localhost/127.0.0.1:5569] for POST '/session/3d5f2cbcdee11b482f359d80858eb70f/element'
22:41:21.992 [AsyncHttpClient-1-11] DEBUG org.asynchttpclient.netty.handler.HttpHandler - 

Request DefaultHttpRequest(decodeResult: success, version: HTTP/1.1)
POST /session/3d5f2cbcdee11b482f359d80858eb70f/element HTTP/1.1
User-Agent: selenium/4.12.0 (java windows)
Content-Length: 94
Content-Type: application/json; charset=utf-8
host: localhost:5569
accept: */*

Response DefaultHttpResponse(decodeResult: success, version: HTTP/1.1)
HTTP/1.1 200 OK
Content-Length: 126
Content-Type: application/json; charset=utf-8
cache-control: no-cache

22:41:21.992 [AsyncHttpClient-1-11] DEBUG org.asynchttpclient.netty.channel.ChannelManager - Adding key: http://localhost:5569 for channel [id: 0x9e5311ca, L:/127.0.0.1:54771 - R:localhost/127.0.0.1:5569]
22:41:21.992 [Forwarding sendKeysToElement on session 3d5f2cbcdee11b482f359d80858eb70f to remote] DEBUG org.asynchttpclient.netty.request.NettyRequestSender - Using pooled Channel '[id: 0x9e5311ca, L:/127.0.0.1:54771 - R:localhost/127.0.0.1:5569]' for 'POST' to 'http://localhost:5569/session/3d5f2cbcdee11b482f359d80858eb70f/element/f.032A00B3E1A7DD8501B060B65622C3A1.d.9491D3F2B7D0F05FC76844123DE53CE5.e.60/value'
22:41:21.992 [Forwarding sendKeysToElement on session 3d5f2cbcdee11b482f359d80858eb70f to remote] DEBUG org.asynchttpclient.netty.request.NettyRequestSender - Using open Channel [id: 0x9e5311ca, L:/127.0.0.1:54771 - R:localhost/127.0.0.1:5569] for POST '/session/3d5f2cbcdee11b482f359d80858eb70f/element/f.032A00B3E1A7DD8501B060B65622C3A1.d.9491D3F2B7D0F05FC76844123DE53CE5.e.60/value'
22:41:22.188 [AsyncHttpClient-1-1] DEBUG org.asynchttpclient.netty.channel.DefaultChannelPool - Entry count for : http://localhost:54773 : 1
22:41:22.196 [AsyncHttpClient-1-11] DEBUG org.asynchttpclient.netty.handler.HttpHandler - 

Request DefaultHttpRequest(decodeResult: success, version: HTTP/1.1)
POST /session/3d5f2cbcdee11b482f359d80858eb70f/element/f.032A00B3E1A7DD8501B060B65622C3A1.d.9491D3F2B7D0F05FC76844123DE53CE5.e.60/value HTTP/1.1
User-Agent: selenium/4.12.0 (java windows)
Content-Length: 239
Content-Type: application/json; charset=utf-8
host: localhost:5569
accept: */*

Response DefaultHttpResponse(decodeResult: success, version: HTTP/1.1)
HTTP/1.1 200 OK
Content-Length: 14
Content-Type: application/json; charset=utf-8
cache-control: no-cache

22:41:22.196 [AsyncHttpClient-1-11] DEBUG org.asynchttpclient.netty.channel.ChannelManager - Adding key: http://localhost:5569 for channel [id: 0x9e5311ca, L:/127.0.0.1:54771 - R:localhost/127.0.0.1:5569]
22:41:22.198 [Forwarding findElement on session 3d5f2cbcdee11b482f359d80858eb70f to remote] DEBUG org.asynchttpclient.netty.request.NettyRequestSender - Using pooled Channel '[id: 0x9e5311ca, L:/127.0.0.1:54771 - R:localhost/127.0.0.1:5569]' for 'POST' to 'http://localhost:5569/session/3d5f2cbcdee11b482f359d80858eb70f/element'
22:41:22.198 [Forwarding findElement on session 3d5f2cbcdee11b482f359d80858eb70f to remote] DEBUG org.asynchttpclient.netty.request.NettyRequestSender - Using open Channel [id: 0x9e5311ca, L:/127.0.0.1:54771 - R:localhost/127.0.0.1:5569] for POST '/session/3d5f2cbcdee11b482f359d80858eb70f/element'
22:41:22.213 [AsyncHttpClient-1-11] DEBUG org.asynchttpclient.netty.handler.HttpHandler - 

Request DefaultHttpRequest(decodeResult: success, version: HTTP/1.1)
POST /session/3d5f2cbcdee11b482f359d80858eb70f/element HTTP/1.1
User-Agent: selenium/4.12.0 (java windows)
Content-Length: 101
Content-Type: application/json; charset=utf-8
host: localhost:5569
accept: */*

Response DefaultHttpResponse(decodeResult: success, version: HTTP/1.1)
HTTP/1.1 200 OK
Content-Length: 126
Content-Type: application/json; charset=utf-8
cache-control: no-cache

22:41:22.214 [AsyncHttpClient-1-11] DEBUG org.asynchttpclient.netty.channel.ChannelManager - Adding key: http://localhost:5569 for channel [id: 0x9e5311ca, L:/127.0.0.1:54771 - R:localhost/127.0.0.1:5569]
22:41:22.215 [Forwarding sendKeysToElement on session 3d5f2cbcdee11b482f359d80858eb70f to remote] DEBUG org.asynchttpclient.netty.request.NettyRequestSender - Using pooled Channel '[id: 0x9e5311ca, L:/127.0.0.1:54771 - R:localhost/127.0.0.1:5569]' for 'POST' to 'http://localhost:5569/session/3d5f2cbcdee11b482f359d80858eb70f/element/f.032A00B3E1A7DD8501B060B65622C3A1.d.9491D3F2B7D0F05FC76844123DE53CE5.e.62/value'
22:41:22.215 [Forwarding sendKeysToElement on session 3d5f2cbcdee11b482f359d80858eb70f to remote] DEBUG org.asynchttpclient.netty.request.NettyRequestSender - Using open Channel [id: 0x9e5311ca, L:/127.0.0.1:54771 - R:localhost/127.0.0.1:5569] for POST '/session/3d5f2cbcdee11b482f359d80858eb70f/element/f.032A00B3E1A7DD8501B060B65622C3A1.d.9491D3F2B7D0F05FC76844123DE53CE5.e.62/value'
22:41:22.379 [AsyncHttpClient-1-11] DEBUG org.asynchttpclient.netty.handler.HttpHandler - 

Request DefaultHttpRequest(decodeResult: success, version: HTTP/1.1)
POST /session/3d5f2cbcdee11b482f359d80858eb70f/element/f.032A00B3E1A7DD8501B060B65622C3A1.d.9491D3F2B7D0F05FC76844123DE53CE5.e.62/value HTTP/1.1
User-Agent: selenium/4.12.0 (java windows)
Content-Length: 209
Content-Type: application/json; charset=utf-8
host: localhost:5569
accept: */*

Response DefaultHttpResponse(decodeResult: success, version: HTTP/1.1)
HTTP/1.1 200 OK
Content-Length: 14
Content-Type: application/json; charset=utf-8
cache-control: no-cache

22:41:22.379 [AsyncHttpClient-1-11] DEBUG org.asynchttpclient.netty.channel.ChannelManager - Adding key: http://localhost:5569 for channel [id: 0x9e5311ca, L:/127.0.0.1:54771 - R:localhost/127.0.0.1:5569]
screen shot class not taking
  And Provide the alternate Details859889569 alt@mail.com                # StepDefination.Customer_onboarding.Provide_the_alternate_Details(java.lang.String,java.lang.String)
22:41:23.288 [AsyncHttpClient-1-1] DEBUG org.asynchttpclient.netty.channel.DefaultChannelPool - Entry count for : http://localhost:5569 : 1
22:41:23.288 [AsyncHttpClient-1-1] DEBUG org.asynchttpclient.netty.channel.DefaultChannelPool - Entry count for : http://localhost:54773 : 1
22:41:23.401 [Forwarding findElement on session 3d5f2cbcdee11b482f359d80858eb70f to remote] DEBUG org.asynchttpclient.netty.request.NettyRequestSender - Using pooled Channel '[id: 0x9e5311ca, L:/127.0.0.1:54771 - R:localhost/127.0.0.1:5569]' for 'POST' to 'http://localhost:5569/session/3d5f2cbcdee11b482f359d80858eb70f/element'
22:41:23.401 [Forwarding findElement on session 3d5f2cbcdee11b482f359d80858eb70f to remote] DEBUG org.asynchttpclient.netty.request.NettyRequestSender - Using open Channel [id: 0x9e5311ca, L:/127.0.0.1:54771 - R:localhost/127.0.0.1:5569] for POST '/session/3d5f2cbcdee11b482f359d80858eb70f/element'
22:41:23.425 [AsyncHttpClient-1-11] DEBUG org.asynchttpclient.netty.handler.HttpHandler - 

Request DefaultHttpRequest(decodeResult: success, version: HTTP/1.1)
POST /session/3d5f2cbcdee11b482f359d80858eb70f/element HTTP/1.1
User-Agent: selenium/4.12.0 (java windows)
Content-Length: 88
Content-Type: application/json; charset=utf-8
host: localhost:5569
accept: */*

Response DefaultHttpResponse(decodeResult: success, version: HTTP/1.1)
HTTP/1.1 200 OK
Content-Length: 126
Content-Type: application/json; charset=utf-8
cache-control: no-cache

22:41:23.425 [AsyncHttpClient-1-11] DEBUG org.asynchttpclient.netty.channel.ChannelManager - Adding key: http://localhost:5569 for channel [id: 0x9e5311ca, L:/127.0.0.1:54771 - R:localhost/127.0.0.1:5569]
22:41:23.425 [Forwarding sendKeysToElement on session 3d5f2cbcdee11b482f359d80858eb70f to remote] DEBUG org.asynchttpclient.netty.request.NettyRequestSender - Using pooled Channel '[id: 0x9e5311ca, L:/127.0.0.1:54771 - R:localhost/127.0.0.1:5569]' for 'POST' to 'http://localhost:5569/session/3d5f2cbcdee11b482f359d80858eb70f/element/f.032A00B3E1A7DD8501B060B65622C3A1.d.9491D3F2B7D0F05FC76844123DE53CE5.e.64/value'
22:41:23.425 [Forwarding sendKeysToElement on session 3d5f2cbcdee11b482f359d80858eb70f to remote] DEBUG org.asynchttpclient.netty.request.NettyRequestSender - Using open Channel [id: 0x9e5311ca, L:/127.0.0.1:54771 - R:localhost/127.0.0.1:5569] for POST '/session/3d5f2cbcdee11b482f359d80858eb70f/element/f.032A00B3E1A7DD8501B060B65622C3A1.d.9491D3F2B7D0F05FC76844123DE53CE5.e.64/value'
22:41:23.672 [AsyncHttpClient-1-11] DEBUG org.asynchttpclient.netty.handler.HttpHandler - 

Request DefaultHttpRequest(decodeResult: success, version: HTTP/1.1)
POST /session/3d5f2cbcdee11b482f359d80858eb70f/element/f.032A00B3E1A7DD8501B060B65622C3A1.d.9491D3F2B7D0F05FC76844123DE53CE5.e.64/value HTTP/1.1
User-Agent: selenium/4.12.0 (java windows)
Content-Length: 259
Content-Type: application/json; charset=utf-8
host: localhost:5569
accept: */*

Response DefaultHttpResponse(decodeResult: success, version: HTTP/1.1)
HTTP/1.1 200 OK
Content-Length: 14
Content-Type: application/json; charset=utf-8
cache-control: no-cache

22:41:23.672 [AsyncHttpClient-1-11] DEBUG org.asynchttpclient.netty.channel.ChannelManager - Adding key: http://localhost:5569 for channel [id: 0x9e5311ca, L:/127.0.0.1:54771 - R:localhost/127.0.0.1:5569]
22:41:23.672 [Forwarding findElement on session 3d5f2cbcdee11b482f359d80858eb70f to remote] DEBUG org.asynchttpclient.netty.request.NettyRequestSender - Using pooled Channel '[id: 0x9e5311ca, L:/127.0.0.1:54771 - R:localhost/127.0.0.1:5569]' for 'POST' to 'http://localhost:5569/session/3d5f2cbcdee11b482f359d80858eb70f/element'
22:41:23.672 [Forwarding findElement on session 3d5f2cbcdee11b482f359d80858eb70f to remote] DEBUG org.asynchttpclient.netty.request.NettyRequestSender - Using open Channel [id: 0x9e5311ca, L:/127.0.0.1:54771 - R:localhost/127.0.0.1:5569] for POST '/session/3d5f2cbcdee11b482f359d80858eb70f/element'
22:41:23.705 [AsyncHttpClient-1-11] DEBUG org.asynchttpclient.netty.handler.HttpHandler - 

Request DefaultHttpRequest(decodeResult: success, version: HTTP/1.1)
POST /session/3d5f2cbcdee11b482f359d80858eb70f/element HTTP/1.1
User-Agent: selenium/4.12.0 (java windows)
Content-Length: 75
Content-Type: application/json; charset=utf-8
host: localhost:5569
accept: */*

Response DefaultHttpResponse(decodeResult: success, version: HTTP/1.1)
HTTP/1.1 200 OK
Content-Length: 126
Content-Type: application/json; charset=utf-8
cache-control: no-cache

22:41:23.712 [AsyncHttpClient-1-11] DEBUG org.asynchttpclient.netty.channel.ChannelManager - Adding key: http://localhost:5569 for channel [id: 0x9e5311ca, L:/127.0.0.1:54771 - R:localhost/127.0.0.1:5569]
22:41:23.716 [Forwarding sendKeysToElement on session 3d5f2cbcdee11b482f359d80858eb70f to remote] DEBUG org.asynchttpclient.netty.request.NettyRequestSender - Using pooled Channel '[id: 0x9e5311ca, L:/127.0.0.1:54771 - R:localhost/127.0.0.1:5569]' for 'POST' to 'http://localhost:5569/session/3d5f2cbcdee11b482f359d80858eb70f/element/f.032A00B3E1A7DD8501B060B65622C3A1.d.9491D3F2B7D0F05FC76844123DE53CE5.e.65/value'
22:41:23.716 [Forwarding sendKeysToElement on session 3d5f2cbcdee11b482f359d80858eb70f to remote] DEBUG org.asynchttpclient.netty.request.NettyRequestSender - Using open Channel [id: 0x9e5311ca, L:/127.0.0.1:54771 - R:localhost/127.0.0.1:5569] for POST '/session/3d5f2cbcdee11b482f359d80858eb70f/element/f.032A00B3E1A7DD8501B060B65622C3A1.d.9491D3F2B7D0F05FC76844123DE53CE5.e.65/value'
22:41:23.804 [AsyncHttpClient-1-11] DEBUG org.asynchttpclient.netty.handler.HttpHandler - 

Request DefaultHttpRequest(decodeResult: success, version: HTTP/1.1)
POST /session/3d5f2cbcdee11b482f359d80858eb70f/element/f.032A00B3E1A7DD8501B060B65622C3A1.d.9491D3F2B7D0F05FC76844123DE53CE5.e.65/value HTTP/1.1
User-Agent: selenium/4.12.0 (java windows)
Content-Length: 139
Content-Type: application/json; charset=utf-8
host: localhost:5569
accept: */*

Response DefaultHttpResponse(decodeResult: success, version: HTTP/1.1)
HTTP/1.1 200 OK
Content-Length: 14
Content-Type: application/json; charset=utf-8
cache-control: no-cache

22:41:23.804 [AsyncHttpClient-1-11] DEBUG org.asynchttpclient.netty.channel.ChannelManager - Adding key: http://localhost:5569 for channel [id: 0x9e5311ca, L:/127.0.0.1:54771 - R:localhost/127.0.0.1:5569]
22:41:23.804 [Forwarding findElement on session 3d5f2cbcdee11b482f359d80858eb70f to remote] DEBUG org.asynchttpclient.netty.request.NettyRequestSender - Using pooled Channel '[id: 0x9e5311ca, L:/127.0.0.1:54771 - R:localhost/127.0.0.1:5569]' for 'POST' to 'http://localhost:5569/session/3d5f2cbcdee11b482f359d80858eb70f/element'
22:41:23.804 [Forwarding findElement on session 3d5f2cbcdee11b482f359d80858eb70f to remote] DEBUG org.asynchttpclient.netty.request.NettyRequestSender - Using open Channel [id: 0x9e5311ca, L:/127.0.0.1:54771 - R:localhost/127.0.0.1:5569] for POST '/session/3d5f2cbcdee11b482f359d80858eb70f/element'
22:41:23.828 [AsyncHttpClient-1-11] DEBUG org.asynchttpclient.netty.handler.HttpHandler - 

Request DefaultHttpRequest(decodeResult: success, version: HTTP/1.1)
POST /session/3d5f2cbcdee11b482f359d80858eb70f/element HTTP/1.1
User-Agent: selenium/4.12.0 (java windows)
Content-Length: 90
Content-Type: application/json; charset=utf-8
host: localhost:5569
accept: */*

Response DefaultHttpResponse(decodeResult: success, version: HTTP/1.1)
HTTP/1.1 200 OK
Content-Length: 126
Content-Type: application/json; charset=utf-8
cache-control: no-cache

22:41:23.829 [AsyncHttpClient-1-11] DEBUG org.asynchttpclient.netty.channel.ChannelManager - Adding key: http://localhost:5569 for channel [id: 0x9e5311ca, L:/127.0.0.1:54771 - R:localhost/127.0.0.1:5569]
22:41:23.833 [Forwarding sendKeysToElement on session 3d5f2cbcdee11b482f359d80858eb70f to remote] DEBUG org.asynchttpclient.netty.request.NettyRequestSender - Using pooled Channel '[id: 0x9e5311ca, L:/127.0.0.1:54771 - R:localhost/127.0.0.1:5569]' for 'POST' to 'http://localhost:5569/session/3d5f2cbcdee11b482f359d80858eb70f/element/f.032A00B3E1A7DD8501B060B65622C3A1.d.9491D3F2B7D0F05FC76844123DE53CE5.e.66/value'
22:41:23.833 [Forwarding sendKeysToElement on session 3d5f2cbcdee11b482f359d80858eb70f to remote] DEBUG org.asynchttpclient.netty.request.NettyRequestSender - Using open Channel [id: 0x9e5311ca, L:/127.0.0.1:54771 - R:localhost/127.0.0.1:5569] for POST '/session/3d5f2cbcdee11b482f359d80858eb70f/element/f.032A00B3E1A7DD8501B060B65622C3A1.d.9491D3F2B7D0F05FC76844123DE53CE5.e.66/value'
22:41:23.923 [AsyncHttpClient-1-11] DEBUG org.asynchttpclient.netty.handler.HttpHandler - 

Request DefaultHttpRequest(decodeResult: success, version: HTTP/1.1)
POST /session/3d5f2cbcdee11b482f359d80858eb70f/element/f.032A00B3E1A7DD8501B060B65622C3A1.d.9491D3F2B7D0F05FC76844123DE53CE5.e.66/value HTTP/1.1
User-Agent: selenium/4.12.0 (java windows)
Content-Length: 139
Content-Type: application/json; charset=utf-8
host: localhost:5569
accept: */*

Response DefaultHttpResponse(decodeResult: success, version: HTTP/1.1)
HTTP/1.1 200 OK
Content-Length: 14
Content-Type: application/json; charset=utf-8
cache-control: no-cache

22:41:23.923 [AsyncHttpClient-1-11] DEBUG org.asynchttpclient.netty.channel.ChannelManager - Adding key: http://localhost:5569 for channel [id: 0x9e5311ca, L:/127.0.0.1:54771 - R:localhost/127.0.0.1:5569]
22:41:23.923 [Forwarding findElement on session 3d5f2cbcdee11b482f359d80858eb70f to remote] DEBUG org.asynchttpclient.netty.request.NettyRequestSender - Using pooled Channel '[id: 0x9e5311ca, L:/127.0.0.1:54771 - R:localhost/127.0.0.1:5569]' for 'POST' to 'http://localhost:5569/session/3d5f2cbcdee11b482f359d80858eb70f/element'
22:41:23.923 [Forwarding findElement on session 3d5f2cbcdee11b482f359d80858eb70f to remote] DEBUG org.asynchttpclient.netty.request.NettyRequestSender - Using open Channel [id: 0x9e5311ca, L:/127.0.0.1:54771 - R:localhost/127.0.0.1:5569] for POST '/session/3d5f2cbcdee11b482f359d80858eb70f/element'
22:41:23.936 [AsyncHttpClient-1-11] DEBUG org.asynchttpclient.netty.handler.HttpHandler - 

Request DefaultHttpRequest(decodeResult: success, version: HTTP/1.1)
POST /session/3d5f2cbcdee11b482f359d80858eb70f/element HTTP/1.1
User-Agent: selenium/4.12.0 (java windows)
Content-Length: 96
Content-Type: application/json; charset=utf-8
host: localhost:5569
accept: */*

Response DefaultHttpResponse(decodeResult: success, version: HTTP/1.1)
HTTP/1.1 200 OK
Content-Length: 126
Content-Type: application/json; charset=utf-8
cache-control: no-cache

22:41:23.936 [AsyncHttpClient-1-11] DEBUG org.asynchttpclient.netty.channel.ChannelManager - Adding key: http://localhost:5569 for channel [id: 0x9e5311ca, L:/127.0.0.1:54771 - R:localhost/127.0.0.1:5569]
22:41:23.936 [Forwarding sendKeysToElement on session 3d5f2cbcdee11b482f359d80858eb70f to remote] DEBUG org.asynchttpclient.netty.request.NettyRequestSender - Using pooled Channel '[id: 0x9e5311ca, L:/127.0.0.1:54771 - R:localhost/127.0.0.1:5569]' for 'POST' to 'http://localhost:5569/session/3d5f2cbcdee11b482f359d80858eb70f/element/f.032A00B3E1A7DD8501B060B65622C3A1.d.9491D3F2B7D0F05FC76844123DE53CE5.e.67/value'
22:41:23.936 [Forwarding sendKeysToElement on session 3d5f2cbcdee11b482f359d80858eb70f to remote] DEBUG org.asynchttpclient.netty.request.NettyRequestSender - Using open Channel [id: 0x9e5311ca, L:/127.0.0.1:54771 - R:localhost/127.0.0.1:5569] for POST '/session/3d5f2cbcdee11b482f359d80858eb70f/element/f.032A00B3E1A7DD8501B060B65622C3A1.d.9491D3F2B7D0F05FC76844123DE53CE5.e.67/value'
22:41:24.075 [AsyncHttpClient-1-11] DEBUG org.asynchttpclient.netty.handler.HttpHandler - 

Request DefaultHttpRequest(decodeResult: success, version: HTTP/1.1)
POST /session/3d5f2cbcdee11b482f359d80858eb70f/element/f.032A00B3E1A7DD8501B060B65622C3A1.d.9491D3F2B7D0F05FC76844123DE53CE5.e.67/value HTTP/1.1
User-Agent: selenium/4.12.0 (java windows)
Content-Length: 179
Content-Type: application/json; charset=utf-8
host: localhost:5569
accept: */*

Response DefaultHttpResponse(decodeResult: success, version: HTTP/1.1)
HTTP/1.1 200 OK
Content-Length: 14
Content-Type: application/json; charset=utf-8
cache-control: no-cache

22:41:24.075 [AsyncHttpClient-1-11] DEBUG org.asynchttpclient.netty.channel.ChannelManager - Adding key: http://localhost:5569 for channel [id: 0x9e5311ca, L:/127.0.0.1:54771 - R:localhost/127.0.0.1:5569]
22:41:24.076 [Forwarding findElement on session 3d5f2cbcdee11b482f359d80858eb70f to remote] DEBUG org.asynchttpclient.netty.request.NettyRequestSender - Using pooled Channel '[id: 0x9e5311ca, L:/127.0.0.1:54771 - R:localhost/127.0.0.1:5569]' for 'POST' to 'http://localhost:5569/session/3d5f2cbcdee11b482f359d80858eb70f/element'
22:41:24.076 [Forwarding findElement on session 3d5f2cbcdee11b482f359d80858eb70f to remote] DEBUG org.asynchttpclient.netty.request.NettyRequestSender - Using open Channel [id: 0x9e5311ca, L:/127.0.0.1:54771 - R:localhost/127.0.0.1:5569] for POST '/session/3d5f2cbcdee11b482f359d80858eb70f/element'
22:41:24.094 [AsyncHttpClient-1-11] DEBUG org.asynchttpclient.netty.handler.HttpHandler - 

Request DefaultHttpRequest(decodeResult: success, version: HTTP/1.1)
POST /session/3d5f2cbcdee11b482f359d80858eb70f/element HTTP/1.1
User-Agent: selenium/4.12.0 (java windows)
Content-Length: 78
Content-Type: application/json; charset=utf-8
host: localhost:5569
accept: */*

Response DefaultHttpResponse(decodeResult: success, version: HTTP/1.1)
HTTP/1.1 200 OK
Content-Length: 126
Content-Type: application/json; charset=utf-8
cache-control: no-cache

22:41:24.094 [AsyncHttpClient-1-11] DEBUG org.asynchttpclient.netty.channel.ChannelManager - Adding key: http://localhost:5569 for channel [id: 0x9e5311ca, L:/127.0.0.1:54771 - R:localhost/127.0.0.1:5569]
22:41:24.098 [Forwarding sendKeysToElement on session 3d5f2cbcdee11b482f359d80858eb70f to remote] DEBUG org.asynchttpclient.netty.request.NettyRequestSender - Using pooled Channel '[id: 0x9e5311ca, L:/127.0.0.1:54771 - R:localhost/127.0.0.1:5569]' for 'POST' to 'http://localhost:5569/session/3d5f2cbcdee11b482f359d80858eb70f/element/f.032A00B3E1A7DD8501B060B65622C3A1.d.9491D3F2B7D0F05FC76844123DE53CE5.e.68/value'
22:41:24.099 [Forwarding sendKeysToElement on session 3d5f2cbcdee11b482f359d80858eb70f to remote] DEBUG org.asynchttpclient.netty.request.NettyRequestSender - Using open Channel [id: 0x9e5311ca, L:/127.0.0.1:54771 - R:localhost/127.0.0.1:5569] for POST '/session/3d5f2cbcdee11b482f359d80858eb70f/element/f.032A00B3E1A7DD8501B060B65622C3A1.d.9491D3F2B7D0F05FC76844123DE53CE5.e.68/value'
22:41:24.190 [AsyncHttpClient-1-11] DEBUG org.asynchttpclient.netty.handler.HttpHandler - 

Request DefaultHttpRequest(decodeResult: success, version: HTTP/1.1)
POST /session/3d5f2cbcdee11b482f359d80858eb70f/element/f.032A00B3E1A7DD8501B060B65622C3A1.d.9491D3F2B7D0F05FC76844123DE53CE5.e.68/value HTTP/1.1
User-Agent: selenium/4.12.0 (java windows)
Content-Length: 149
Content-Type: application/json; charset=utf-8
host: localhost:5569
accept: */*

Response DefaultHttpResponse(decodeResult: success, version: HTTP/1.1)
HTTP/1.1 200 OK
Content-Length: 14
Content-Type: application/json; charset=utf-8
cache-control: no-cache

22:41:24.198 [AsyncHttpClient-1-11] DEBUG org.asynchttpclient.netty.channel.ChannelManager - Adding key: http://localhost:5569 for channel [id: 0x9e5311ca, L:/127.0.0.1:54771 - R:localhost/127.0.0.1:5569]
22:41:24.395 [AsyncHttpClient-1-1] DEBUG org.asynchttpclient.netty.channel.DefaultChannelPool - Entry count for : http://localhost:5569 : 1
22:41:24.395 [AsyncHttpClient-1-1] DEBUG org.asynchttpclient.netty.channel.DefaultChannelPool - Entry count for : http://localhost:54773 : 1
screen shot class not taking
  And Provide the Address DetailsMain_street001 YK FL 987678 USA         # StepDefination.Customer_onboarding.Provide_the_address_Details(java.lang.String,java.lang.String,java.lang.String,java.lang.String,java.lang.String)
22:41:24.713 [Forwarding findElement on session 3d5f2cbcdee11b482f359d80858eb70f to remote] DEBUG org.asynchttpclient.netty.request.NettyRequestSender - Using pooled Channel '[id: 0x9e5311ca, L:/127.0.0.1:54771 - R:localhost/127.0.0.1:5569]' for 'POST' to 'http://localhost:5569/session/3d5f2cbcdee11b482f359d80858eb70f/element'
22:41:24.713 [Forwarding findElement on session 3d5f2cbcdee11b482f359d80858eb70f to remote] DEBUG org.asynchttpclient.netty.request.NettyRequestSender - Using open Channel [id: 0x9e5311ca, L:/127.0.0.1:54771 - R:localhost/127.0.0.1:5569] for POST '/session/3d5f2cbcdee11b482f359d80858eb70f/element'
22:41:24.730 [AsyncHttpClient-1-11] DEBUG org.asynchttpclient.netty.handler.HttpHandler - 

Request DefaultHttpRequest(decodeResult: success, version: HTTP/1.1)
POST /session/3d5f2cbcdee11b482f359d80858eb70f/element HTTP/1.1
User-Agent: selenium/4.12.0 (java windows)
Content-Length: 86
Content-Type: application/json; charset=utf-8
host: localhost:5569
accept: */*

Response DefaultHttpResponse(decodeResult: success, version: HTTP/1.1)
HTTP/1.1 200 OK
Content-Length: 126
Content-Type: application/json; charset=utf-8
cache-control: no-cache

22:41:24.738 [AsyncHttpClient-1-11] DEBUG org.asynchttpclient.netty.channel.ChannelManager - Adding key: http://localhost:5569 for channel [id: 0x9e5311ca, L:/127.0.0.1:54771 - R:localhost/127.0.0.1:5569]
22:41:24.739 [Forwarding clickElement on session 3d5f2cbcdee11b482f359d80858eb70f to remote] DEBUG org.asynchttpclient.netty.request.NettyRequestSender - Using pooled Channel '[id: 0x9e5311ca, L:/127.0.0.1:54771 - R:localhost/127.0.0.1:5569]' for 'POST' to 'http://localhost:5569/session/3d5f2cbcdee11b482f359d80858eb70f/element/f.032A00B3E1A7DD8501B060B65622C3A1.d.9491D3F2B7D0F05FC76844123DE53CE5.e.63/click'
22:41:24.739 [Forwarding clickElement on session 3d5f2cbcdee11b482f359d80858eb70f to remote] DEBUG org.asynchttpclient.netty.request.NettyRequestSender - Using open Channel [id: 0x9e5311ca, L:/127.0.0.1:54771 - R:localhost/127.0.0.1:5569] for POST '/session/3d5f2cbcdee11b482f359d80858eb70f/element/f.032A00B3E1A7DD8501B060B65622C3A1.d.9491D3F2B7D0F05FC76844123DE53CE5.e.63/click'
22:41:24.882 [AsyncHttpClient-1-11] DEBUG org.asynchttpclient.netty.handler.HttpHandler - 

Request DefaultHttpRequest(decodeResult: success, version: HTTP/1.1)
POST /session/3d5f2cbcdee11b482f359d80858eb70f/element/f.032A00B3E1A7DD8501B060B65622C3A1.d.9491D3F2B7D0F05FC76844123DE53CE5.e.63/click HTTP/1.1
User-Agent: selenium/4.12.0 (java windows)
Content-Length: 88
Content-Type: application/json; charset=utf-8
host: localhost:5569
accept: */*

Response DefaultHttpResponse(decodeResult: success, version: HTTP/1.1)
HTTP/1.1 200 OK
Content-Length: 14
Content-Type: application/json; charset=utf-8
cache-control: no-cache

22:41:24.882 [AsyncHttpClient-1-11] DEBUG org.asynchttpclient.netty.channel.ChannelManager - Adding key: http://localhost:5569 for channel [id: 0x9e5311ca, L:/127.0.0.1:54771 - R:localhost/127.0.0.1:5569]
22:41:25.481 [AsyncHttpClient-1-1] DEBUG org.asynchttpclient.netty.channel.DefaultChannelPool - Entry count for : http://localhost:5569 : 1
22:41:25.481 [AsyncHttpClient-1-1] DEBUG org.asynchttpclient.netty.channel.DefaultChannelPool - Entry count for : http://localhost:54773 : 1
22:41:25.891 [Forwarding findElement on session 3d5f2cbcdee11b482f359d80858eb70f to remote] DEBUG org.asynchttpclient.netty.request.NettyRequestSender - Using pooled Channel '[id: 0x9e5311ca, L:/127.0.0.1:54771 - R:localhost/127.0.0.1:5569]' for 'POST' to 'http://localhost:5569/session/3d5f2cbcdee11b482f359d80858eb70f/element'
22:41:25.893 [Forwarding findElement on session 3d5f2cbcdee11b482f359d80858eb70f to remote] DEBUG org.asynchttpclient.netty.request.NettyRequestSender - Using open Channel [id: 0x9e5311ca, L:/127.0.0.1:54771 - R:localhost/127.0.0.1:5569] for POST '/session/3d5f2cbcdee11b482f359d80858eb70f/element'
22:41:25.915 [AsyncHttpClient-1-11] DEBUG org.asynchttpclient.netty.handler.HttpHandler - 

Request DefaultHttpRequest(decodeResult: success, version: HTTP/1.1)
POST /session/3d5f2cbcdee11b482f359d80858eb70f/element HTTP/1.1
User-Agent: selenium/4.12.0 (java windows)
Content-Length: 124
Content-Type: application/json; charset=utf-8
host: localhost:5569
accept: */*

Response DefaultHttpResponse(decodeResult: success, version: HTTP/1.1)
HTTP/1.1 200 OK
Content-Length: 127
Content-Type: application/json; charset=utf-8
cache-control: no-cache

22:41:25.915 [AsyncHttpClient-1-11] DEBUG org.asynchttpclient.netty.channel.ChannelManager - Adding key: http://localhost:5569 for channel [id: 0x9e5311ca, L:/127.0.0.1:54771 - R:localhost/127.0.0.1:5569]
22:41:25.915 [Forwarding clickElement on session 3d5f2cbcdee11b482f359d80858eb70f to remote] DEBUG org.asynchttpclient.netty.request.NettyRequestSender - Using pooled Channel '[id: 0x9e5311ca, L:/127.0.0.1:54771 - R:localhost/127.0.0.1:5569]' for 'POST' to 'http://localhost:5569/session/3d5f2cbcdee11b482f359d80858eb70f/element/f.032A00B3E1A7DD8501B060B65622C3A1.d.9491D3F2B7D0F05FC76844123DE53CE5.e.114/click'
22:41:25.915 [Forwarding clickElement on session 3d5f2cbcdee11b482f359d80858eb70f to remote] DEBUG org.asynchttpclient.netty.request.NettyRequestSender - Using open Channel [id: 0x9e5311ca, L:/127.0.0.1:54771 - R:localhost/127.0.0.1:5569] for POST '/session/3d5f2cbcdee11b482f359d80858eb70f/element/f.032A00B3E1A7DD8501B060B65622C3A1.d.9491D3F2B7D0F05FC76844123DE53CE5.e.114/click'
22:41:26.047 [AsyncHttpClient-1-11] DEBUG org.asynchttpclient.netty.handler.HttpHandler - 

Request DefaultHttpRequest(decodeResult: success, version: HTTP/1.1)
POST /session/3d5f2cbcdee11b482f359d80858eb70f/element/f.032A00B3E1A7DD8501B060B65622C3A1.d.9491D3F2B7D0F05FC76844123DE53CE5.e.114/click HTTP/1.1
User-Agent: selenium/4.12.0 (java windows)
Content-Length: 89
Content-Type: application/json; charset=utf-8
host: localhost:5569
accept: */*

Response DefaultHttpResponse(decodeResult: success, version: HTTP/1.1)
HTTP/1.1 200 OK
Content-Length: 14
Content-Type: application/json; charset=utf-8
cache-control: no-cache

22:41:26.048 [AsyncHttpClient-1-11] DEBUG org.asynchttpclient.netty.channel.ChannelManager - Adding key: http://localhost:5569 for channel [id: 0x9e5311ca, L:/127.0.0.1:54771 - R:localhost/127.0.0.1:5569]
22:41:26.592 [AsyncHttpClient-1-1] DEBUG org.asynchttpclient.netty.channel.DefaultChannelPool - Entry count for : http://localhost:5569 : 1
22:41:26.592 [AsyncHttpClient-1-1] DEBUG org.asynchttpclient.netty.channel.DefaultChannelPool - Entry count for : http://localhost:54773 : 1
22:41:27.054 [Forwarding findElement on session 3d5f2cbcdee11b482f359d80858eb70f to remote] DEBUG org.asynchttpclient.netty.request.NettyRequestSender - Using pooled Channel '[id: 0x9e5311ca, L:/127.0.0.1:54771 - R:localhost/127.0.0.1:5569]' for 'POST' to 'http://localhost:5569/session/3d5f2cbcdee11b482f359d80858eb70f/element'
22:41:27.054 [Forwarding findElement on session 3d5f2cbcdee11b482f359d80858eb70f to remote] DEBUG org.asynchttpclient.netty.request.NettyRequestSender - Using open Channel [id: 0x9e5311ca, L:/127.0.0.1:54771 - R:localhost/127.0.0.1:5569] for POST '/session/3d5f2cbcdee11b482f359d80858eb70f/element'
22:41:27.068 [AsyncHttpClient-1-11] DEBUG org.asynchttpclient.netty.handler.HttpHandler - 

Request DefaultHttpRequest(decodeResult: success, version: HTTP/1.1)
POST /session/3d5f2cbcdee11b482f359d80858eb70f/element HTTP/1.1
User-Agent: selenium/4.12.0 (java windows)
Content-Length: 85
Content-Type: application/json; charset=utf-8
host: localhost:5569
accept: */*

Response DefaultHttpResponse(decodeResult: success, version: HTTP/1.1)
HTTP/1.1 200 OK
Content-Length: 127
Content-Type: application/json; charset=utf-8
cache-control: no-cache

22:41:27.068 [AsyncHttpClient-1-11] DEBUG org.asynchttpclient.netty.channel.ChannelManager - Adding key: http://localhost:5569 for channel [id: 0x9e5311ca, L:/127.0.0.1:54771 - R:localhost/127.0.0.1:5569]
22:41:27.076 [Forwarding sendKeysToElement on session 3d5f2cbcdee11b482f359d80858eb70f to remote] DEBUG org.asynchttpclient.netty.request.NettyRequestSender - Using pooled Channel '[id: 0x9e5311ca, L:/127.0.0.1:54771 - R:localhost/127.0.0.1:5569]' for 'POST' to 'http://localhost:5569/session/3d5f2cbcdee11b482f359d80858eb70f/element/f.032A00B3E1A7DD8501B060B65622C3A1.d.9491D3F2B7D0F05FC76844123DE53CE5.e.116/value'
22:41:27.076 [Forwarding sendKeysToElement on session 3d5f2cbcdee11b482f359d80858eb70f to remote] DEBUG org.asynchttpclient.netty.request.NettyRequestSender - Using open Channel [id: 0x9e5311ca, L:/127.0.0.1:54771 - R:localhost/127.0.0.1:5569] for POST '/session/3d5f2cbcdee11b482f359d80858eb70f/element/f.032A00B3E1A7DD8501B060B65622C3A1.d.9491D3F2B7D0F05FC76844123DE53CE5.e.116/value'
22:41:27.315 [AsyncHttpClient-1-11] DEBUG org.asynchttpclient.netty.handler.HttpHandler - 

Request DefaultHttpRequest(decodeResult: success, version: HTTP/1.1)
POST /session/3d5f2cbcdee11b482f359d80858eb70f/element/f.032A00B3E1A7DD8501B060B65622C3A1.d.9491D3F2B7D0F05FC76844123DE53CE5.e.116/value HTTP/1.1
User-Agent: selenium/4.12.0 (java windows)
Content-Length: 260
Content-Type: application/json; charset=utf-8
host: localhost:5569
accept: */*

Response DefaultHttpResponse(decodeResult: success, version: HTTP/1.1)
HTTP/1.1 200 OK
Content-Length: 14
Content-Type: application/json; charset=utf-8
cache-control: no-cache

22:41:27.315 [AsyncHttpClient-1-11] DEBUG org.asynchttpclient.netty.channel.ChannelManager - Adding key: http://localhost:5569 for channel [id: 0x9e5311ca, L:/127.0.0.1:54771 - R:localhost/127.0.0.1:5569]
22:41:27.691 [AsyncHttpClient-1-1] DEBUG org.asynchttpclient.netty.channel.DefaultChannelPool - Entry count for : http://localhost:5569 : 1
22:41:27.691 [AsyncHttpClient-1-1] DEBUG org.asynchttpclient.netty.channel.DefaultChannelPool - Entry count for : http://localhost:54773 : 1
screen shot class not taking
  And Provide the bookvia with Emailroyal.book.com                       # StepDefination.Customer_onboarding.Provide_the_bookvia_email(java.lang.String)
22:41:28.795 [AsyncHttpClient-1-1] DEBUG org.asynchttpclient.netty.channel.DefaultChannelPool - Entry count for : http://localhost:5569 : 1
22:41:28.795 [AsyncHttpClient-1-1] DEBUG org.asynchttpclient.netty.channel.DefaultChannelPool - Entry count for : http://localhost:54773 : 1
22:41:28.837 [Forwarding findElement on session 3d5f2cbcdee11b482f359d80858eb70f to remote] DEBUG org.asynchttpclient.netty.request.NettyRequestSender - Using pooled Channel '[id: 0x9e5311ca, L:/127.0.0.1:54771 - R:localhost/127.0.0.1:5569]' for 'POST' to 'http://localhost:5569/session/3d5f2cbcdee11b482f359d80858eb70f/element'
22:41:28.837 [Forwarding findElement on session 3d5f2cbcdee11b482f359d80858eb70f to remote] DEBUG org.asynchttpclient.netty.request.NettyRequestSender - Using open Channel [id: 0x9e5311ca, L:/127.0.0.1:54771 - R:localhost/127.0.0.1:5569] for POST '/session/3d5f2cbcdee11b482f359d80858eb70f/element'
22:41:28.853 [AsyncHttpClient-1-11] DEBUG org.asynchttpclient.netty.handler.HttpHandler - 

Request DefaultHttpRequest(decodeResult: success, version: HTTP/1.1)
POST /session/3d5f2cbcdee11b482f359d80858eb70f/element HTTP/1.1
User-Agent: selenium/4.12.0 (java windows)
Content-Length: 121
Content-Type: application/json; charset=utf-8
host: localhost:5569
accept: */*

Response DefaultHttpResponse(decodeResult: success, version: HTTP/1.1)
HTTP/1.1 200 OK
Content-Length: 126
Content-Type: application/json; charset=utf-8
cache-control: no-cache

22:41:28.861 [AsyncHttpClient-1-11] DEBUG org.asynchttpclient.netty.channel.ChannelManager - Adding key: http://localhost:5569 for channel [id: 0x9e5311ca, L:/127.0.0.1:54771 - R:localhost/127.0.0.1:5569]
22:41:28.862 [Forwarding sendKeysToElement on session 3d5f2cbcdee11b482f359d80858eb70f to remote] DEBUG org.asynchttpclient.netty.request.NettyRequestSender - Using pooled Channel '[id: 0x9e5311ca, L:/127.0.0.1:54771 - R:localhost/127.0.0.1:5569]' for 'POST' to 'http://localhost:5569/session/3d5f2cbcdee11b482f359d80858eb70f/element/f.032A00B3E1A7DD8501B060B65622C3A1.d.9491D3F2B7D0F05FC76844123DE53CE5.e.69/value'
22:41:28.862 [Forwarding sendKeysToElement on session 3d5f2cbcdee11b482f359d80858eb70f to remote] DEBUG org.asynchttpclient.netty.request.NettyRequestSender - Using open Channel [id: 0x9e5311ca, L:/127.0.0.1:54771 - R:localhost/127.0.0.1:5569] for POST '/session/3d5f2cbcdee11b482f359d80858eb70f/element/f.032A00B3E1A7DD8501B060B65622C3A1.d.9491D3F2B7D0F05FC76844123DE53CE5.e.69/value'
22:41:29.249 [AsyncHttpClient-1-11] DEBUG org.asynchttpclient.netty.handler.HttpHandler - 

Request DefaultHttpRequest(decodeResult: success, version: HTTP/1.1)
POST /session/3d5f2cbcdee11b482f359d80858eb70f/element/f.032A00B3E1A7DD8501B060B65622C3A1.d.9491D3F2B7D0F05FC76844123DE53CE5.e.69/value HTTP/1.1
User-Agent: selenium/4.12.0 (java windows)
Content-Length: 399
Content-Type: application/json; charset=utf-8
host: localhost:5569
accept: */*

Response DefaultHttpResponse(decodeResult: success, version: HTTP/1.1)
HTTP/1.1 200 OK
Content-Length: 14
Content-Type: application/json; charset=utf-8
cache-control: no-cache

22:41:29.249 [AsyncHttpClient-1-11] DEBUG org.asynchttpclient.netty.channel.ChannelManager - Adding key: http://localhost:5569 for channel [id: 0x9e5311ca, L:/127.0.0.1:54771 - R:localhost/127.0.0.1:5569]
screen shot class not taking
  And Provide the special_instructionsspecial_instruction_customer       # StepDefination.Customer_onboarding.Provide_the_special_instructions(java.lang.String)
22:41:29.886 [AsyncHttpClient-1-1] DEBUG org.asynchttpclient.netty.channel.DefaultChannelPool - Entry count for : http://localhost:5569 : 1
22:41:29.886 [AsyncHttpClient-1-1] DEBUG org.asynchttpclient.netty.channel.DefaultChannelPool - Entry count for : http://localhost:54773 : 1
22:41:30.763 [Forwarding findElement on session 3d5f2cbcdee11b482f359d80858eb70f to remote] DEBUG org.asynchttpclient.netty.request.NettyRequestSender - Using pooled Channel '[id: 0x9e5311ca, L:/127.0.0.1:54771 - R:localhost/127.0.0.1:5569]' for 'POST' to 'http://localhost:5569/session/3d5f2cbcdee11b482f359d80858eb70f/element'
22:41:30.763 [Forwarding findElement on session 3d5f2cbcdee11b482f359d80858eb70f to remote] DEBUG org.asynchttpclient.netty.request.NettyRequestSender - Using open Channel [id: 0x9e5311ca, L:/127.0.0.1:54771 - R:localhost/127.0.0.1:5569] for POST '/session/3d5f2cbcdee11b482f359d80858eb70f/element'
22:41:30.786 [AsyncHttpClient-1-11] DEBUG org.asynchttpclient.netty.handler.HttpHandler - 

Request DefaultHttpRequest(decodeResult: success, version: HTTP/1.1)
POST /session/3d5f2cbcdee11b482f359d80858eb70f/element HTTP/1.1
User-Agent: selenium/4.12.0 (java windows)
Content-Length: 250
Content-Type: application/json; charset=utf-8
host: localhost:5569
accept: */*

Response DefaultHttpResponse(decodeResult: success, version: HTTP/1.1)
HTTP/1.1 200 OK
Content-Length: 127
Content-Type: application/json; charset=utf-8
cache-control: no-cache

22:41:30.786 [AsyncHttpClient-1-11] DEBUG org.asynchttpclient.netty.channel.ChannelManager - Adding key: http://localhost:5569 for channel [id: 0x9e5311ca, L:/127.0.0.1:54771 - R:localhost/127.0.0.1:5569]
22:41:30.788 [Forwarding actions on session 3d5f2cbcdee11b482f359d80858eb70f to remote] DEBUG org.asynchttpclient.netty.request.NettyRequestSender - Using pooled Channel '[id: 0x9e5311ca, L:/127.0.0.1:54771 - R:localhost/127.0.0.1:5569]' for 'POST' to 'http://localhost:5569/session/3d5f2cbcdee11b482f359d80858eb70f/actions'
22:41:30.788 [Forwarding actions on session 3d5f2cbcdee11b482f359d80858eb70f to remote] DEBUG org.asynchttpclient.netty.request.NettyRequestSender - Using open Channel [id: 0x9e5311ca, L:/127.0.0.1:54771 - R:localhost/127.0.0.1:5569] for POST '/session/3d5f2cbcdee11b482f359d80858eb70f/actions'
22:41:30.992 [AsyncHttpClient-1-1] DEBUG org.asynchttpclient.netty.channel.DefaultChannelPool - Entry count for : http://localhost:54773 : 1
22:41:30.992 [AsyncHttpClient-1-11] DEBUG org.asynchttpclient.netty.handler.HttpHandler - 

Request DefaultHttpRequest(decodeResult: success, version: HTTP/1.1)
POST /session/3d5f2cbcdee11b482f359d80858eb70f/actions HTTP/1.1
User-Agent: selenium/4.12.0 (java windows)
Content-Length: 606
Content-Type: application/json; charset=utf-8
host: localhost:5569
accept: */*

Response DefaultHttpResponse(decodeResult: success, version: HTTP/1.1)
HTTP/1.1 200 OK
Content-Length: 14
Content-Type: application/json; charset=utf-8
cache-control: no-cache

22:41:31.000 [AsyncHttpClient-1-11] DEBUG org.asynchttpclient.netty.channel.ChannelManager - Adding key: http://localhost:5569 for channel [id: 0x9e5311ca, L:/127.0.0.1:54771 - R:localhost/127.0.0.1:5569]
22:41:31.510 [Forwarding findElement on session 3d5f2cbcdee11b482f359d80858eb70f to remote] DEBUG org.asynchttpclient.netty.request.NettyRequestSender - Using pooled Channel '[id: 0x9e5311ca, L:/127.0.0.1:54771 - R:localhost/127.0.0.1:5569]' for 'POST' to 'http://localhost:5569/session/3d5f2cbcdee11b482f359d80858eb70f/element'
22:41:31.510 [Forwarding findElement on session 3d5f2cbcdee11b482f359d80858eb70f to remote] DEBUG org.asynchttpclient.netty.request.NettyRequestSender - Using open Channel [id: 0x9e5311ca, L:/127.0.0.1:54771 - R:localhost/127.0.0.1:5569] for POST '/session/3d5f2cbcdee11b482f359d80858eb70f/element'
22:41:31.533 [AsyncHttpClient-1-11] DEBUG org.asynchttpclient.netty.handler.HttpHandler - 

Request DefaultHttpRequest(decodeResult: success, version: HTTP/1.1)
POST /session/3d5f2cbcdee11b482f359d80858eb70f/element HTTP/1.1
User-Agent: selenium/4.12.0 (java windows)
Content-Length: 279
Content-Type: application/json; charset=utf-8
host: localhost:5569
accept: */*

Response DefaultHttpResponse(decodeResult: success, version: HTTP/1.1)
HTTP/1.1 200 OK
Content-Length: 127
Content-Type: application/json; charset=utf-8
cache-control: no-cache

22:41:31.533 [AsyncHttpClient-1-11] DEBUG org.asynchttpclient.netty.channel.ChannelManager - Adding key: http://localhost:5569 for channel [id: 0x9e5311ca, L:/127.0.0.1:54771 - R:localhost/127.0.0.1:5569]
22:41:31.538 [Forwarding actions on session 3d5f2cbcdee11b482f359d80858eb70f to remote] DEBUG org.asynchttpclient.netty.request.NettyRequestSender - Using pooled Channel '[id: 0x9e5311ca, L:/127.0.0.1:54771 - R:localhost/127.0.0.1:5569]' for 'POST' to 'http://localhost:5569/session/3d5f2cbcdee11b482f359d80858eb70f/actions'
22:41:31.538 [Forwarding actions on session 3d5f2cbcdee11b482f359d80858eb70f to remote] DEBUG org.asynchttpclient.netty.request.NettyRequestSender - Using open Channel [id: 0x9e5311ca, L:/127.0.0.1:54771 - R:localhost/127.0.0.1:5569] for POST '/session/3d5f2cbcdee11b482f359d80858eb70f/actions'
22:41:31.719 [AsyncHttpClient-1-11] DEBUG org.asynchttpclient.netty.handler.HttpHandler - 

Request DefaultHttpRequest(decodeResult: success, version: HTTP/1.1)
POST /session/3d5f2cbcdee11b482f359d80858eb70f/actions HTTP/1.1
User-Agent: selenium/4.12.0 (java windows)
Content-Length: 606
Content-Type: application/json; charset=utf-8
host: localhost:5569
accept: */*

Response DefaultHttpResponse(decodeResult: success, version: HTTP/1.1)
HTTP/1.1 200 OK
Content-Length: 14
Content-Type: application/json; charset=utf-8
cache-control: no-cache

22:41:31.719 [AsyncHttpClient-1-11] DEBUG org.asynchttpclient.netty.channel.ChannelManager - Adding key: http://localhost:5569 for channel [id: 0x9e5311ca, L:/127.0.0.1:54771 - R:localhost/127.0.0.1:5569]
22:41:31.721 [Forwarding sendKeysToElement on session 3d5f2cbcdee11b482f359d80858eb70f to remote] DEBUG org.asynchttpclient.netty.request.NettyRequestSender - Using pooled Channel '[id: 0x9e5311ca, L:/127.0.0.1:54771 - R:localhost/127.0.0.1:5569]' for 'POST' to 'http://localhost:5569/session/3d5f2cbcdee11b482f359d80858eb70f/element/f.032A00B3E1A7DD8501B060B65622C3A1.d.9491D3F2B7D0F05FC76844123DE53CE5.e.127/value'
22:41:31.721 [Forwarding sendKeysToElement on session 3d5f2cbcdee11b482f359d80858eb70f to remote] DEBUG org.asynchttpclient.netty.request.NettyRequestSender - Using open Channel [id: 0x9e5311ca, L:/127.0.0.1:54771 - R:localhost/127.0.0.1:5569] for POST '/session/3d5f2cbcdee11b482f359d80858eb70f/element/f.032A00B3E1A7DD8501B060B65622C3A1.d.9491D3F2B7D0F05FC76844123DE53CE5.e.127/value'
22:41:31.810 [AsyncHttpClient-1-11] DEBUG org.asynchttpclient.netty.handler.HttpHandler - 

Request DefaultHttpRequest(decodeResult: success, version: HTTP/1.1)
POST /session/3d5f2cbcdee11b482f359d80858eb70f/element/f.032A00B3E1A7DD8501B060B65622C3A1.d.9491D3F2B7D0F05FC76844123DE53CE5.e.127/value HTTP/1.1
User-Agent: selenium/4.12.0 (java windows)
Content-Length: 170
Content-Type: application/json; charset=utf-8
host: localhost:5569
accept: */*

Response DefaultHttpResponse(decodeResult: success, version: HTTP/1.1)
HTTP/1.1 200 OK
Content-Length: 14
Content-Type: application/json; charset=utf-8
cache-control: no-cache

22:41:31.810 [AsyncHttpClient-1-11] DEBUG org.asynchttpclient.netty.channel.ChannelManager - Adding key: http://localhost:5569 for channel [id: 0x9e5311ca, L:/127.0.0.1:54771 - R:localhost/127.0.0.1:5569]
22:41:32.094 [AsyncHttpClient-1-1] DEBUG org.asynchttpclient.netty.channel.DefaultChannelPool - Entry count for : http://localhost:5569 : 1
22:41:32.094 [AsyncHttpClient-1-1] DEBUG org.asynchttpclient.netty.channel.DefaultChannelPool - Entry count for : http://localhost:54773 : 1
22:41:32.314 [Forwarding findElement on session 3d5f2cbcdee11b482f359d80858eb70f to remote] DEBUG org.asynchttpclient.netty.request.NettyRequestSender - Using pooled Channel '[id: 0x9e5311ca, L:/127.0.0.1:54771 - R:localhost/127.0.0.1:5569]' for 'POST' to 'http://localhost:5569/session/3d5f2cbcdee11b482f359d80858eb70f/element'
22:41:32.314 [Forwarding findElement on session 3d5f2cbcdee11b482f359d80858eb70f to remote] DEBUG org.asynchttpclient.netty.request.NettyRequestSender - Using open Channel [id: 0x9e5311ca, L:/127.0.0.1:54771 - R:localhost/127.0.0.1:5569] for POST '/session/3d5f2cbcdee11b482f359d80858eb70f/element'
22:41:32.331 [AsyncHttpClient-1-11] DEBUG org.asynchttpclient.netty.handler.HttpHandler - 

Request DefaultHttpRequest(decodeResult: success, version: HTTP/1.1)
POST /session/3d5f2cbcdee11b482f359d80858eb70f/element HTTP/1.1
User-Agent: selenium/4.12.0 (java windows)
Content-Length: 69
Content-Type: application/json; charset=utf-8
host: localhost:5569
accept: */*

Response DefaultHttpResponse(decodeResult: success, version: HTTP/1.1)
HTTP/1.1 200 OK
Content-Length: 127
Content-Type: application/json; charset=utf-8
cache-control: no-cache

22:41:32.331 [AsyncHttpClient-1-11] DEBUG org.asynchttpclient.netty.channel.ChannelManager - Adding key: http://localhost:5569 for channel [id: 0x9e5311ca, L:/127.0.0.1:54771 - R:localhost/127.0.0.1:5569]
22:41:32.335 [Forwarding clickElement on session 3d5f2cbcdee11b482f359d80858eb70f to remote] DEBUG org.asynchttpclient.netty.request.NettyRequestSender - Using pooled Channel '[id: 0x9e5311ca, L:/127.0.0.1:54771 - R:localhost/127.0.0.1:5569]' for 'POST' to 'http://localhost:5569/session/3d5f2cbcdee11b482f359d80858eb70f/element/f.032A00B3E1A7DD8501B060B65622C3A1.d.9491D3F2B7D0F05FC76844123DE53CE5.e.133/click'
22:41:32.335 [Forwarding clickElement on session 3d5f2cbcdee11b482f359d80858eb70f to remote] DEBUG org.asynchttpclient.netty.request.NettyRequestSender - Using open Channel [id: 0x9e5311ca, L:/127.0.0.1:54771 - R:localhost/127.0.0.1:5569] for POST '/session/3d5f2cbcdee11b482f359d80858eb70f/element/f.032A00B3E1A7DD8501B060B65622C3A1.d.9491D3F2B7D0F05FC76844123DE53CE5.e.133/click'
22:41:32.430 [AsyncHttpClient-1-11] DEBUG org.asynchttpclient.netty.handler.HttpHandler - 

Request DefaultHttpRequest(decodeResult: success, version: HTTP/1.1)
POST /session/3d5f2cbcdee11b482f359d80858eb70f/element/f.032A00B3E1A7DD8501B060B65622C3A1.d.9491D3F2B7D0F05FC76844123DE53CE5.e.133/click HTTP/1.1
User-Agent: selenium/4.12.0 (java windows)
Content-Length: 89
Content-Type: application/json; charset=utf-8
host: localhost:5569
accept: */*

Response DefaultHttpResponse(decodeResult: success, version: HTTP/1.1)
HTTP/1.1 200 OK
Content-Length: 14
Content-Type: application/json; charset=utf-8
cache-control: no-cache

22:41:32.430 [AsyncHttpClient-1-11] DEBUG org.asynchttpclient.netty.channel.ChannelManager - Adding key: http://localhost:5569 for channel [id: 0x9e5311ca, L:/127.0.0.1:54771 - R:localhost/127.0.0.1:5569]
22:41:32.944 [Forwarding findElement on session 3d5f2cbcdee11b482f359d80858eb70f to remote] DEBUG org.asynchttpclient.netty.request.NettyRequestSender - Using pooled Channel '[id: 0x9e5311ca, L:/127.0.0.1:54771 - R:localhost/127.0.0.1:5569]' for 'POST' to 'http://localhost:5569/session/3d5f2cbcdee11b482f359d80858eb70f/element'
22:41:32.944 [Forwarding findElement on session 3d5f2cbcdee11b482f359d80858eb70f to remote] DEBUG org.asynchttpclient.netty.request.NettyRequestSender - Using open Channel [id: 0x9e5311ca, L:/127.0.0.1:54771 - R:localhost/127.0.0.1:5569] for POST '/session/3d5f2cbcdee11b482f359d80858eb70f/element'
22:41:32.968 [AsyncHttpClient-1-11] DEBUG org.asynchttpclient.netty.handler.HttpHandler - 

Request DefaultHttpRequest(decodeResult: success, version: HTTP/1.1)
POST /session/3d5f2cbcdee11b482f359d80858eb70f/element HTTP/1.1
User-Agent: selenium/4.12.0 (java windows)
Content-Length: 279
Content-Type: application/json; charset=utf-8
host: localhost:5569
accept: */*

Response DefaultHttpResponse(decodeResult: success, version: HTTP/1.1)
HTTP/1.1 200 OK
Content-Length: 127
Content-Type: application/json; charset=utf-8
cache-control: no-cache

22:41:32.968 [AsyncHttpClient-1-11] DEBUG org.asynchttpclient.netty.channel.ChannelManager - Adding key: http://localhost:5569 for channel [id: 0x9e5311ca, L:/127.0.0.1:54771 - R:localhost/127.0.0.1:5569]
22:41:32.968 [Forwarding actions on session 3d5f2cbcdee11b482f359d80858eb70f to remote] DEBUG org.asynchttpclient.netty.request.NettyRequestSender - Using pooled Channel '[id: 0x9e5311ca, L:/127.0.0.1:54771 - R:localhost/127.0.0.1:5569]' for 'POST' to 'http://localhost:5569/session/3d5f2cbcdee11b482f359d80858eb70f/actions'
22:41:32.968 [Forwarding actions on session 3d5f2cbcdee11b482f359d80858eb70f to remote] DEBUG org.asynchttpclient.netty.request.NettyRequestSender - Using open Channel [id: 0x9e5311ca, L:/127.0.0.1:54771 - R:localhost/127.0.0.1:5569] for POST '/session/3d5f2cbcdee11b482f359d80858eb70f/actions'
22:41:33.149 [AsyncHttpClient-1-11] DEBUG org.asynchttpclient.netty.handler.HttpHandler - 

Request DefaultHttpRequest(decodeResult: success, version: HTTP/1.1)
POST /session/3d5f2cbcdee11b482f359d80858eb70f/actions HTTP/1.1
User-Agent: selenium/4.12.0 (java windows)
Content-Length: 606
Content-Type: application/json; charset=utf-8
host: localhost:5569
accept: */*

Response DefaultHttpResponse(decodeResult: success, version: HTTP/1.1)
HTTP/1.1 200 OK
Content-Length: 14
Content-Type: application/json; charset=utf-8
cache-control: no-cache

22:41:33.150 [AsyncHttpClient-1-11] DEBUG org.asynchttpclient.netty.channel.ChannelManager - Adding key: http://localhost:5569 for channel [id: 0x9e5311ca, L:/127.0.0.1:54771 - R:localhost/127.0.0.1:5569]
22:41:33.152 [Forwarding clickElement on session 3d5f2cbcdee11b482f359d80858eb70f to remote] DEBUG org.asynchttpclient.netty.request.NettyRequestSender - Using pooled Channel '[id: 0x9e5311ca, L:/127.0.0.1:54771 - R:localhost/127.0.0.1:5569]' for 'POST' to 'http://localhost:5569/session/3d5f2cbcdee11b482f359d80858eb70f/element/f.032A00B3E1A7DD8501B060B65622C3A1.d.9491D3F2B7D0F05FC76844123DE53CE5.e.128/click'
22:41:33.152 [Forwarding clickElement on session 3d5f2cbcdee11b482f359d80858eb70f to remote] DEBUG org.asynchttpclient.netty.request.NettyRequestSender - Using open Channel [id: 0x9e5311ca, L:/127.0.0.1:54771 - R:localhost/127.0.0.1:5569] for POST '/session/3d5f2cbcdee11b482f359d80858eb70f/element/f.032A00B3E1A7DD8501B060B65622C3A1.d.9491D3F2B7D0F05FC76844123DE53CE5.e.128/click'
22:41:33.192 [AsyncHttpClient-1-1] DEBUG org.asynchttpclient.netty.channel.DefaultChannelPool - Entry count for : http://localhost:54773 : 1
22:41:33.262 [AsyncHttpClient-1-11] DEBUG org.asynchttpclient.netty.handler.HttpHandler - 

Request DefaultHttpRequest(decodeResult: success, version: HTTP/1.1)
POST /session/3d5f2cbcdee11b482f359d80858eb70f/element/f.032A00B3E1A7DD8501B060B65622C3A1.d.9491D3F2B7D0F05FC76844123DE53CE5.e.128/click HTTP/1.1
User-Agent: selenium/4.12.0 (java windows)
Content-Length: 89
Content-Type: application/json; charset=utf-8
host: localhost:5569
accept: */*

Response DefaultHttpResponse(decodeResult: success, version: HTTP/1.1)
HTTP/1.1 200 OK
Content-Length: 14
Content-Type: application/json; charset=utf-8
cache-control: no-cache

22:41:33.262 [AsyncHttpClient-1-11] DEBUG org.asynchttpclient.netty.channel.ChannelManager - Adding key: http://localhost:5569 for channel [id: 0x9e5311ca, L:/127.0.0.1:54771 - R:localhost/127.0.0.1:5569]
22:41:33.775 [Forwarding findElement on session 3d5f2cbcdee11b482f359d80858eb70f to remote] DEBUG org.asynchttpclient.netty.request.NettyRequestSender - Using pooled Channel '[id: 0x9e5311ca, L:/127.0.0.1:54771 - R:localhost/127.0.0.1:5569]' for 'POST' to 'http://localhost:5569/session/3d5f2cbcdee11b482f359d80858eb70f/element'
22:41:33.775 [Forwarding findElement on session 3d5f2cbcdee11b482f359d80858eb70f to remote] DEBUG org.asynchttpclient.netty.request.NettyRequestSender - Using open Channel [id: 0x9e5311ca, L:/127.0.0.1:54771 - R:localhost/127.0.0.1:5569] for POST '/session/3d5f2cbcdee11b482f359d80858eb70f/element'
22:41:33.796 [AsyncHttpClient-1-11] DEBUG org.asynchttpclient.netty.handler.HttpHandler - 

Request DefaultHttpRequest(decodeResult: success, version: HTTP/1.1)
POST /session/3d5f2cbcdee11b482f359d80858eb70f/element HTTP/1.1
User-Agent: selenium/4.12.0 (java windows)
Content-Length: 158
Content-Type: application/json; charset=utf-8
host: localhost:5569
accept: */*

Response DefaultHttpResponse(decodeResult: success, version: HTTP/1.1)
HTTP/1.1 200 OK
Content-Length: 127
Content-Type: application/json; charset=utf-8
cache-control: no-cache

22:41:33.796 [AsyncHttpClient-1-11] DEBUG org.asynchttpclient.netty.channel.ChannelManager - Adding key: http://localhost:5569 for channel [id: 0x9e5311ca, L:/127.0.0.1:54771 - R:localhost/127.0.0.1:5569]
22:41:33.798 [Forwarding clickElement on session 3d5f2cbcdee11b482f359d80858eb70f to remote] DEBUG org.asynchttpclient.netty.request.NettyRequestSender - Using pooled Channel '[id: 0x9e5311ca, L:/127.0.0.1:54771 - R:localhost/127.0.0.1:5569]' for 'POST' to 'http://localhost:5569/session/3d5f2cbcdee11b482f359d80858eb70f/element/f.032A00B3E1A7DD8501B060B65622C3A1.d.9491D3F2B7D0F05FC76844123DE53CE5.e.137/click'
22:41:33.798 [Forwarding clickElement on session 3d5f2cbcdee11b482f359d80858eb70f to remote] DEBUG org.asynchttpclient.netty.request.NettyRequestSender - Using open Channel [id: 0x9e5311ca, L:/127.0.0.1:54771 - R:localhost/127.0.0.1:5569] for POST '/session/3d5f2cbcdee11b482f359d80858eb70f/element/f.032A00B3E1A7DD8501B060B65622C3A1.d.9491D3F2B7D0F05FC76844123DE53CE5.e.137/click'
22:41:33.928 [AsyncHttpClient-1-11] DEBUG org.asynchttpclient.netty.handler.HttpHandler - 

Request DefaultHttpRequest(decodeResult: success, version: HTTP/1.1)
POST /session/3d5f2cbcdee11b482f359d80858eb70f/element/f.032A00B3E1A7DD8501B060B65622C3A1.d.9491D3F2B7D0F05FC76844123DE53CE5.e.137/click HTTP/1.1
User-Agent: selenium/4.12.0 (java windows)
Content-Length: 89
Content-Type: application/json; charset=utf-8
host: localhost:5569
accept: */*

Response DefaultHttpResponse(decodeResult: success, version: HTTP/1.1)
HTTP/1.1 200 OK
Content-Length: 14
Content-Type: application/json; charset=utf-8
cache-control: no-cache

22:41:33.928 [AsyncHttpClient-1-11] DEBUG org.asynchttpclient.netty.channel.ChannelManager - Adding key: http://localhost:5569 for channel [id: 0x9e5311ca, L:/127.0.0.1:54771 - R:localhost/127.0.0.1:5569]
22:41:34.283 [AsyncHttpClient-1-1] DEBUG org.asynchttpclient.netty.channel.DefaultChannelPool - Entry count for : http://localhost:5569 : 1
22:41:34.283 [AsyncHttpClient-1-1] DEBUG org.asynchttpclient.netty.channel.DefaultChannelPool - Entry count for : http://localhost:54773 : 1
22:41:34.946 [Forwarding findElement on session 3d5f2cbcdee11b482f359d80858eb70f to remote] DEBUG org.asynchttpclient.netty.request.NettyRequestSender - Using pooled Channel '[id: 0x9e5311ca, L:/127.0.0.1:54771 - R:localhost/127.0.0.1:5569]' for 'POST' to 'http://localhost:5569/session/3d5f2cbcdee11b482f359d80858eb70f/element'
22:41:34.946 [Forwarding findElement on session 3d5f2cbcdee11b482f359d80858eb70f to remote] DEBUG org.asynchttpclient.netty.request.NettyRequestSender - Using open Channel [id: 0x9e5311ca, L:/127.0.0.1:54771 - R:localhost/127.0.0.1:5569] for POST '/session/3d5f2cbcdee11b482f359d80858eb70f/element'
22:41:34.969 [AsyncHttpClient-1-11] DEBUG org.asynchttpclient.netty.handler.HttpHandler - 

Request DefaultHttpRequest(decodeResult: success, version: HTTP/1.1)
POST /session/3d5f2cbcdee11b482f359d80858eb70f/element HTTP/1.1
User-Agent: selenium/4.12.0 (java windows)
Content-Length: 250
Content-Type: application/json; charset=utf-8
host: localhost:5569
accept: */*

Response DefaultHttpResponse(decodeResult: success, version: HTTP/1.1)
HTTP/1.1 200 OK
Content-Length: 127
Content-Type: application/json; charset=utf-8
cache-control: no-cache

22:41:34.969 [AsyncHttpClient-1-11] DEBUG org.asynchttpclient.netty.channel.ChannelManager - Adding key: http://localhost:5569 for channel [id: 0x9e5311ca, L:/127.0.0.1:54771 - R:localhost/127.0.0.1:5569]
22:41:34.969 [Forwarding actions on session 3d5f2cbcdee11b482f359d80858eb70f to remote] DEBUG org.asynchttpclient.netty.request.NettyRequestSender - Using pooled Channel '[id: 0x9e5311ca, L:/127.0.0.1:54771 - R:localhost/127.0.0.1:5569]' for 'POST' to 'http://localhost:5569/session/3d5f2cbcdee11b482f359d80858eb70f/actions'
22:41:34.969 [Forwarding actions on session 3d5f2cbcdee11b482f359d80858eb70f to remote] DEBUG org.asynchttpclient.netty.request.NettyRequestSender - Using open Channel [id: 0x9e5311ca, L:/127.0.0.1:54771 - R:localhost/127.0.0.1:5569] for POST '/session/3d5f2cbcdee11b482f359d80858eb70f/actions'
22:41:35.161 [AsyncHttpClient-1-11] DEBUG org.asynchttpclient.netty.handler.HttpHandler - 

Request DefaultHttpRequest(decodeResult: success, version: HTTP/1.1)
POST /session/3d5f2cbcdee11b482f359d80858eb70f/actions HTTP/1.1
User-Agent: selenium/4.12.0 (java windows)
Content-Length: 606
Content-Type: application/json; charset=utf-8
host: localhost:5569
accept: */*

Response DefaultHttpResponse(decodeResult: success, version: HTTP/1.1)
HTTP/1.1 200 OK
Content-Length: 14
Content-Type: application/json; charset=utf-8
cache-control: no-cache

22:41:35.161 [AsyncHttpClient-1-11] DEBUG org.asynchttpclient.netty.channel.ChannelManager - Adding key: http://localhost:5569 for channel [id: 0x9e5311ca, L:/127.0.0.1:54771 - R:localhost/127.0.0.1:5569]
22:41:35.162 [Forwarding findElement on session 3d5f2cbcdee11b482f359d80858eb70f to remote] DEBUG org.asynchttpclient.netty.request.NettyRequestSender - Using pooled Channel '[id: 0x9e5311ca, L:/127.0.0.1:54771 - R:localhost/127.0.0.1:5569]' for 'POST' to 'http://localhost:5569/session/3d5f2cbcdee11b482f359d80858eb70f/element'
22:41:35.162 [Forwarding findElement on session 3d5f2cbcdee11b482f359d80858eb70f to remote] DEBUG org.asynchttpclient.netty.request.NettyRequestSender - Using open Channel [id: 0x9e5311ca, L:/127.0.0.1:54771 - R:localhost/127.0.0.1:5569] for POST '/session/3d5f2cbcdee11b482f359d80858eb70f/element'
22:41:35.178 [AsyncHttpClient-1-11] DEBUG org.asynchttpclient.netty.handler.HttpHandler - 

Request DefaultHttpRequest(decodeResult: success, version: HTTP/1.1)
POST /session/3d5f2cbcdee11b482f359d80858eb70f/element HTTP/1.1
User-Agent: selenium/4.12.0 (java windows)
Content-Length: 250
Content-Type: application/json; charset=utf-8
host: localhost:5569
accept: */*

Response DefaultHttpResponse(decodeResult: success, version: HTTP/1.1)
HTTP/1.1 200 OK
Content-Length: 127
Content-Type: application/json; charset=utf-8
cache-control: no-cache

22:41:35.178 [AsyncHttpClient-1-11] DEBUG org.asynchttpclient.netty.channel.ChannelManager - Adding key: http://localhost:5569 for channel [id: 0x9e5311ca, L:/127.0.0.1:54771 - R:localhost/127.0.0.1:5569]
22:41:35.183 [Forwarding actions on session 3d5f2cbcdee11b482f359d80858eb70f to remote] DEBUG org.asynchttpclient.netty.request.NettyRequestSender - Using pooled Channel '[id: 0x9e5311ca, L:/127.0.0.1:54771 - R:localhost/127.0.0.1:5569]' for 'POST' to 'http://localhost:5569/session/3d5f2cbcdee11b482f359d80858eb70f/actions'
22:41:35.183 [Forwarding actions on session 3d5f2cbcdee11b482f359d80858eb70f to remote] DEBUG org.asynchttpclient.netty.request.NettyRequestSender - Using open Channel [id: 0x9e5311ca, L:/127.0.0.1:54771 - R:localhost/127.0.0.1:5569] for POST '/session/3d5f2cbcdee11b482f359d80858eb70f/actions'
22:41:35.387 [AsyncHttpClient-1-1] DEBUG org.asynchttpclient.netty.channel.DefaultChannelPool - Entry count for : http://localhost:54773 : 1
22:41:35.387 [AsyncHttpClient-1-11] DEBUG org.asynchttpclient.netty.handler.HttpHandler - 

Request DefaultHttpRequest(decodeResult: success, version: HTTP/1.1)
POST /session/3d5f2cbcdee11b482f359d80858eb70f/actions HTTP/1.1
User-Agent: selenium/4.12.0 (java windows)
Content-Length: 606
Content-Type: application/json; charset=utf-8
host: localhost:5569
accept: */*

Response DefaultHttpResponse(decodeResult: success, version: HTTP/1.1)
HTTP/1.1 200 OK
Content-Length: 14
Content-Type: application/json; charset=utf-8
cache-control: no-cache

22:41:35.387 [AsyncHttpClient-1-11] DEBUG org.asynchttpclient.netty.channel.ChannelManager - Adding key: http://localhost:5569 for channel [id: 0x9e5311ca, L:/127.0.0.1:54771 - R:localhost/127.0.0.1:5569]
22:41:35.394 [Forwarding findElement on session 3d5f2cbcdee11b482f359d80858eb70f to remote] DEBUG org.asynchttpclient.netty.request.NettyRequestSender - Using pooled Channel '[id: 0x9e5311ca, L:/127.0.0.1:54771 - R:localhost/127.0.0.1:5569]' for 'POST' to 'http://localhost:5569/session/3d5f2cbcdee11b482f359d80858eb70f/element'
22:41:35.394 [Forwarding findElement on session 3d5f2cbcdee11b482f359d80858eb70f to remote] DEBUG org.asynchttpclient.netty.request.NettyRequestSender - Using open Channel [id: 0x9e5311ca, L:/127.0.0.1:54771 - R:localhost/127.0.0.1:5569] for POST '/session/3d5f2cbcdee11b482f359d80858eb70f/element'
22:41:35.420 [AsyncHttpClient-1-11] DEBUG org.asynchttpclient.netty.handler.HttpHandler - 

Request DefaultHttpRequest(decodeResult: success, version: HTTP/1.1)
POST /session/3d5f2cbcdee11b482f359d80858eb70f/element HTTP/1.1
User-Agent: selenium/4.12.0 (java windows)
Content-Length: 250
Content-Type: application/json; charset=utf-8
host: localhost:5569
accept: */*

Response DefaultHttpResponse(decodeResult: success, version: HTTP/1.1)
HTTP/1.1 200 OK
Content-Length: 127
Content-Type: application/json; charset=utf-8
cache-control: no-cache

22:41:35.420 [AsyncHttpClient-1-11] DEBUG org.asynchttpclient.netty.channel.ChannelManager - Adding key: http://localhost:5569 for channel [id: 0x9e5311ca, L:/127.0.0.1:54771 - R:localhost/127.0.0.1:5569]
22:41:35.420 [Forwarding actions on session 3d5f2cbcdee11b482f359d80858eb70f to remote] DEBUG org.asynchttpclient.netty.request.NettyRequestSender - Using pooled Channel '[id: 0x9e5311ca, L:/127.0.0.1:54771 - R:localhost/127.0.0.1:5569]' for 'POST' to 'http://localhost:5569/session/3d5f2cbcdee11b482f359d80858eb70f/actions'
22:41:35.420 [Forwarding actions on session 3d5f2cbcdee11b482f359d80858eb70f to remote] DEBUG org.asynchttpclient.netty.request.NettyRequestSender - Using open Channel [id: 0x9e5311ca, L:/127.0.0.1:54771 - R:localhost/127.0.0.1:5569] for POST '/session/3d5f2cbcdee11b482f359d80858eb70f/actions'
22:41:35.610 [AsyncHttpClient-1-11] DEBUG org.asynchttpclient.netty.handler.HttpHandler - 

Request DefaultHttpRequest(decodeResult: success, version: HTTP/1.1)
POST /session/3d5f2cbcdee11b482f359d80858eb70f/actions HTTP/1.1
User-Agent: selenium/4.12.0 (java windows)
Content-Length: 606
Content-Type: application/json; charset=utf-8
host: localhost:5569
accept: */*

Response DefaultHttpResponse(decodeResult: success, version: HTTP/1.1)
HTTP/1.1 200 OK
Content-Length: 14
Content-Type: application/json; charset=utf-8
cache-control: no-cache

22:41:35.610 [AsyncHttpClient-1-11] DEBUG org.asynchttpclient.netty.channel.ChannelManager - Adding key: http://localhost:5569 for channel [id: 0x9e5311ca, L:/127.0.0.1:54771 - R:localhost/127.0.0.1:5569]
22:41:35.610 [Forwarding findElement on session 3d5f2cbcdee11b482f359d80858eb70f to remote] DEBUG org.asynchttpclient.netty.request.NettyRequestSender - Using pooled Channel '[id: 0x9e5311ca, L:/127.0.0.1:54771 - R:localhost/127.0.0.1:5569]' for 'POST' to 'http://localhost:5569/session/3d5f2cbcdee11b482f359d80858eb70f/element'
22:41:35.610 [Forwarding findElement on session 3d5f2cbcdee11b482f359d80858eb70f to remote] DEBUG org.asynchttpclient.netty.request.NettyRequestSender - Using open Channel [id: 0x9e5311ca, L:/127.0.0.1:54771 - R:localhost/127.0.0.1:5569] for POST '/session/3d5f2cbcdee11b482f359d80858eb70f/element'
22:41:35.629 [AsyncHttpClient-1-11] DEBUG org.asynchttpclient.netty.handler.HttpHandler - 

Request DefaultHttpRequest(decodeResult: success, version: HTTP/1.1)
POST /session/3d5f2cbcdee11b482f359d80858eb70f/element HTTP/1.1
User-Agent: selenium/4.12.0 (java windows)
Content-Length: 250
Content-Type: application/json; charset=utf-8
host: localhost:5569
accept: */*

Response DefaultHttpResponse(decodeResult: success, version: HTTP/1.1)
HTTP/1.1 200 OK
Content-Length: 127
Content-Type: application/json; charset=utf-8
cache-control: no-cache

22:41:35.629 [AsyncHttpClient-1-11] DEBUG org.asynchttpclient.netty.channel.ChannelManager - Adding key: http://localhost:5569 for channel [id: 0x9e5311ca, L:/127.0.0.1:54771 - R:localhost/127.0.0.1:5569]
22:41:35.633 [Forwarding actions on session 3d5f2cbcdee11b482f359d80858eb70f to remote] DEBUG org.asynchttpclient.netty.request.NettyRequestSender - Using pooled Channel '[id: 0x9e5311ca, L:/127.0.0.1:54771 - R:localhost/127.0.0.1:5569]' for 'POST' to 'http://localhost:5569/session/3d5f2cbcdee11b482f359d80858eb70f/actions'
22:41:35.633 [Forwarding actions on session 3d5f2cbcdee11b482f359d80858eb70f to remote] DEBUG org.asynchttpclient.netty.request.NettyRequestSender - Using open Channel [id: 0x9e5311ca, L:/127.0.0.1:54771 - R:localhost/127.0.0.1:5569] for POST '/session/3d5f2cbcdee11b482f359d80858eb70f/actions'
22:41:35.811 [AsyncHttpClient-1-11] DEBUG org.asynchttpclient.netty.handler.HttpHandler - 

Request DefaultHttpRequest(decodeResult: success, version: HTTP/1.1)
POST /session/3d5f2cbcdee11b482f359d80858eb70f/actions HTTP/1.1
User-Agent: selenium/4.12.0 (java windows)
Content-Length: 606
Content-Type: application/json; charset=utf-8
host: localhost:5569
accept: */*

Response DefaultHttpResponse(decodeResult: success, version: HTTP/1.1)
HTTP/1.1 200 OK
Content-Length: 14
Content-Type: application/json; charset=utf-8
cache-control: no-cache

22:41:35.811 [AsyncHttpClient-1-11] DEBUG org.asynchttpclient.netty.channel.ChannelManager - Adding key: http://localhost:5569 for channel [id: 0x9e5311ca, L:/127.0.0.1:54771 - R:localhost/127.0.0.1:5569]
22:41:35.811 [Forwarding findElement on session 3d5f2cbcdee11b482f359d80858eb70f to remote] DEBUG org.asynchttpclient.netty.request.NettyRequestSender - Using pooled Channel '[id: 0x9e5311ca, L:/127.0.0.1:54771 - R:localhost/127.0.0.1:5569]' for 'POST' to 'http://localhost:5569/session/3d5f2cbcdee11b482f359d80858eb70f/element'
22:41:35.811 [Forwarding findElement on session 3d5f2cbcdee11b482f359d80858eb70f to remote] DEBUG org.asynchttpclient.netty.request.NettyRequestSender - Using open Channel [id: 0x9e5311ca, L:/127.0.0.1:54771 - R:localhost/127.0.0.1:5569] for POST '/session/3d5f2cbcdee11b482f359d80858eb70f/element'
22:41:35.827 [AsyncHttpClient-1-11] DEBUG org.asynchttpclient.netty.handler.HttpHandler - 

Request DefaultHttpRequest(decodeResult: success, version: HTTP/1.1)
POST /session/3d5f2cbcdee11b482f359d80858eb70f/element HTTP/1.1
User-Agent: selenium/4.12.0 (java windows)
Content-Length: 250
Content-Type: application/json; charset=utf-8
host: localhost:5569
accept: */*

Response DefaultHttpResponse(decodeResult: success, version: HTTP/1.1)
HTTP/1.1 200 OK
Content-Length: 127
Content-Type: application/json; charset=utf-8
cache-control: no-cache

22:41:35.827 [AsyncHttpClient-1-11] DEBUG org.asynchttpclient.netty.channel.ChannelManager - Adding key: http://localhost:5569 for channel [id: 0x9e5311ca, L:/127.0.0.1:54771 - R:localhost/127.0.0.1:5569]
22:41:35.836 [Forwarding actions on session 3d5f2cbcdee11b482f359d80858eb70f to remote] DEBUG org.asynchttpclient.netty.request.NettyRequestSender - Using pooled Channel '[id: 0x9e5311ca, L:/127.0.0.1:54771 - R:localhost/127.0.0.1:5569]' for 'POST' to 'http://localhost:5569/session/3d5f2cbcdee11b482f359d80858eb70f/actions'
22:41:35.836 [Forwarding actions on session 3d5f2cbcdee11b482f359d80858eb70f to remote] DEBUG org.asynchttpclient.netty.request.NettyRequestSender - Using open Channel [id: 0x9e5311ca, L:/127.0.0.1:54771 - R:localhost/127.0.0.1:5569] for POST '/session/3d5f2cbcdee11b482f359d80858eb70f/actions'
22:41:36.025 [AsyncHttpClient-1-11] DEBUG org.asynchttpclient.netty.handler.HttpHandler - 

Request DefaultHttpRequest(decodeResult: success, version: HTTP/1.1)
POST /session/3d5f2cbcdee11b482f359d80858eb70f/actions HTTP/1.1
User-Agent: selenium/4.12.0 (java windows)
Content-Length: 606
Content-Type: application/json; charset=utf-8
host: localhost:5569
accept: */*

Response DefaultHttpResponse(decodeResult: success, version: HTTP/1.1)
HTTP/1.1 200 OK
Content-Length: 14
Content-Type: application/json; charset=utf-8
cache-control: no-cache

22:41:36.032 [AsyncHttpClient-1-11] DEBUG org.asynchttpclient.netty.channel.ChannelManager - Adding key: http://localhost:5569 for channel [id: 0x9e5311ca, L:/127.0.0.1:54771 - R:localhost/127.0.0.1:5569]
22:41:36.033 [Forwarding findElement on session 3d5f2cbcdee11b482f359d80858eb70f to remote] DEBUG org.asynchttpclient.netty.request.NettyRequestSender - Using pooled Channel '[id: 0x9e5311ca, L:/127.0.0.1:54771 - R:localhost/127.0.0.1:5569]' for 'POST' to 'http://localhost:5569/session/3d5f2cbcdee11b482f359d80858eb70f/element'
22:41:36.033 [Forwarding findElement on session 3d5f2cbcdee11b482f359d80858eb70f to remote] DEBUG org.asynchttpclient.netty.request.NettyRequestSender - Using open Channel [id: 0x9e5311ca, L:/127.0.0.1:54771 - R:localhost/127.0.0.1:5569] for POST '/session/3d5f2cbcdee11b482f359d80858eb70f/element'
22:41:36.049 [AsyncHttpClient-1-11] DEBUG org.asynchttpclient.netty.handler.HttpHandler - 

Request DefaultHttpRequest(decodeResult: success, version: HTTP/1.1)
POST /session/3d5f2cbcdee11b482f359d80858eb70f/element HTTP/1.1
User-Agent: selenium/4.12.0 (java windows)
Content-Length: 250
Content-Type: application/json; charset=utf-8
host: localhost:5569
accept: */*

Response DefaultHttpResponse(decodeResult: success, version: HTTP/1.1)
HTTP/1.1 200 OK
Content-Length: 127
Content-Type: application/json; charset=utf-8
cache-control: no-cache

22:41:36.049 [AsyncHttpClient-1-11] DEBUG org.asynchttpclient.netty.channel.ChannelManager - Adding key: http://localhost:5569 for channel [id: 0x9e5311ca, L:/127.0.0.1:54771 - R:localhost/127.0.0.1:5569]
22:41:36.049 [Forwarding actions on session 3d5f2cbcdee11b482f359d80858eb70f to remote] DEBUG org.asynchttpclient.netty.request.NettyRequestSender - Using pooled Channel '[id: 0x9e5311ca, L:/127.0.0.1:54771 - R:localhost/127.0.0.1:5569]' for 'POST' to 'http://localhost:5569/session/3d5f2cbcdee11b482f359d80858eb70f/actions'
22:41:36.049 [Forwarding actions on session 3d5f2cbcdee11b482f359d80858eb70f to remote] DEBUG org.asynchttpclient.netty.request.NettyRequestSender - Using open Channel [id: 0x9e5311ca, L:/127.0.0.1:54771 - R:localhost/127.0.0.1:5569] for POST '/session/3d5f2cbcdee11b482f359d80858eb70f/actions'
22:41:36.237 [AsyncHttpClient-1-11] DEBUG org.asynchttpclient.netty.handler.HttpHandler - 

Request DefaultHttpRequest(decodeResult: success, version: HTTP/1.1)
POST /session/3d5f2cbcdee11b482f359d80858eb70f/actions HTTP/1.1
User-Agent: selenium/4.12.0 (java windows)
Content-Length: 606
Content-Type: application/json; charset=utf-8
host: localhost:5569
accept: */*

Response DefaultHttpResponse(decodeResult: success, version: HTTP/1.1)
HTTP/1.1 200 OK
Content-Length: 14
Content-Type: application/json; charset=utf-8
cache-control: no-cache

22:41:36.242 [AsyncHttpClient-1-11] DEBUG org.asynchttpclient.netty.channel.ChannelManager - Adding key: http://localhost:5569 for channel [id: 0x9e5311ca, L:/127.0.0.1:54771 - R:localhost/127.0.0.1:5569]
22:41:36.485 [AsyncHttpClient-1-1] DEBUG org.asynchttpclient.netty.channel.DefaultChannelPool - Entry count for : http://localhost:5569 : 1
22:41:36.485 [AsyncHttpClient-1-1] DEBUG org.asynchttpclient.netty.channel.DefaultChannelPool - Entry count for : http://localhost:54773 : 1
22:41:37.581 [AsyncHttpClient-1-1] DEBUG org.asynchttpclient.netty.channel.DefaultChannelPool - Entry count for : http://localhost:5569 : 1
22:41:37.581 [AsyncHttpClient-1-1] DEBUG org.asynchttpclient.netty.channel.DefaultChannelPool - Entry count for : http://localhost:54773 : 1
22:41:38.685 [AsyncHttpClient-1-1] DEBUG org.asynchttpclient.netty.channel.DefaultChannelPool - Entry count for : http://localhost:5569 : 1
22:41:38.685 [AsyncHttpClient-1-1] DEBUG org.asynchttpclient.netty.channel.DefaultChannelPool - Entry count for : http://localhost:54773 : 1
screen shot class not taking
  And Provide the Business hour04:00 15:00                               # StepDefination.Customer_onboarding.Provide_the_business_hores(java.lang.String,java.lang.String)
22:41:39.772 [Forwarding findElement on session 3d5f2cbcdee11b482f359d80858eb70f to remote] DEBUG org.asynchttpclient.netty.request.NettyRequestSender - Using pooled Channel '[id: 0x9e5311ca, L:/127.0.0.1:54771 - R:localhost/127.0.0.1:5569]' for 'POST' to 'http://localhost:5569/session/3d5f2cbcdee11b482f359d80858eb70f/element'
22:41:39.772 [Forwarding findElement on session 3d5f2cbcdee11b482f359d80858eb70f to remote] DEBUG org.asynchttpclient.netty.request.NettyRequestSender - Using open Channel [id: 0x9e5311ca, L:/127.0.0.1:54771 - R:localhost/127.0.0.1:5569] for POST '/session/3d5f2cbcdee11b482f359d80858eb70f/element'
22:41:39.789 [AsyncHttpClient-1-1] DEBUG org.asynchttpclient.netty.channel.DefaultChannelPool - Entry count for : http://localhost:54773 : 1
22:41:39.794 [AsyncHttpClient-1-11] DEBUG org.asynchttpclient.netty.handler.HttpHandler - 

Request DefaultHttpRequest(decodeResult: success, version: HTTP/1.1)
POST /session/3d5f2cbcdee11b482f359d80858eb70f/element HTTP/1.1
User-Agent: selenium/4.12.0 (java windows)
Content-Length: 72
Content-Type: application/json; charset=utf-8
host: localhost:5569
accept: */*

Response DefaultHttpResponse(decodeResult: success, version: HTTP/1.1)
HTTP/1.1 200 OK
Content-Length: 127
Content-Type: application/json; charset=utf-8
cache-control: no-cache

22:41:39.794 [AsyncHttpClient-1-11] DEBUG org.asynchttpclient.netty.channel.ChannelManager - Adding key: http://localhost:5569 for channel [id: 0x9e5311ca, L:/127.0.0.1:54771 - R:localhost/127.0.0.1:5569]
22:41:39.797 [Forwarding clickElement on session 3d5f2cbcdee11b482f359d80858eb70f to remote] DEBUG org.asynchttpclient.netty.request.NettyRequestSender - Using pooled Channel '[id: 0x9e5311ca, L:/127.0.0.1:54771 - R:localhost/127.0.0.1:5569]' for 'POST' to 'http://localhost:5569/session/3d5f2cbcdee11b482f359d80858eb70f/element/f.032A00B3E1A7DD8501B060B65622C3A1.d.9491D3F2B7D0F05FC76844123DE53CE5.e.173/click'
22:41:39.797 [Forwarding clickElement on session 3d5f2cbcdee11b482f359d80858eb70f to remote] DEBUG org.asynchttpclient.netty.request.NettyRequestSender - Using open Channel [id: 0x9e5311ca, L:/127.0.0.1:54771 - R:localhost/127.0.0.1:5569] for POST '/session/3d5f2cbcdee11b482f359d80858eb70f/element/f.032A00B3E1A7DD8501B060B65622C3A1.d.9491D3F2B7D0F05FC76844123DE53CE5.e.173/click'
22:41:39.962 [AsyncHttpClient-1-11] DEBUG org.asynchttpclient.netty.handler.HttpHandler - 

Request DefaultHttpRequest(decodeResult: success, version: HTTP/1.1)
POST /session/3d5f2cbcdee11b482f359d80858eb70f/element/f.032A00B3E1A7DD8501B060B65622C3A1.d.9491D3F2B7D0F05FC76844123DE53CE5.e.173/click HTTP/1.1
User-Agent: selenium/4.12.0 (java windows)
Content-Length: 89
Content-Type: application/json; charset=utf-8
host: localhost:5569
accept: */*

Response DefaultHttpResponse(decodeResult: success, version: HTTP/1.1)
HTTP/1.1 200 OK
Content-Length: 14
Content-Type: application/json; charset=utf-8
cache-control: no-cache

22:41:39.962 [AsyncHttpClient-1-11] DEBUG org.asynchttpclient.netty.channel.ChannelManager - Adding key: http://localhost:5569 for channel [id: 0x9e5311ca, L:/127.0.0.1:54771 - R:localhost/127.0.0.1:5569]
screen shot class not taking
  When Submit the form                                                   # StepDefination.Customer_onboarding.Submit_the_form()
22:41:40.884 [AsyncHttpClient-1-1] DEBUG org.asynchttpclient.netty.channel.DefaultChannelPool - Entry count for : http://localhost:5569 : 1
22:41:40.884 [AsyncHttpClient-1-1] DEBUG org.asynchttpclient.netty.channel.DefaultChannelPool - Entry count for : http://localhost:54773 : 1
22:41:40.994 [Forwarding findElement on session 3d5f2cbcdee11b482f359d80858eb70f to remote] DEBUG org.asynchttpclient.netty.request.NettyRequestSender - Using pooled Channel '[id: 0x9e5311ca, L:/127.0.0.1:54771 - R:localhost/127.0.0.1:5569]' for 'POST' to 'http://localhost:5569/session/3d5f2cbcdee11b482f359d80858eb70f/element'
22:41:40.994 [Forwarding findElement on session 3d5f2cbcdee11b482f359d80858eb70f to remote] DEBUG org.asynchttpclient.netty.request.NettyRequestSender - Using open Channel [id: 0x9e5311ca, L:/127.0.0.1:54771 - R:localhost/127.0.0.1:5569] for POST '/session/3d5f2cbcdee11b482f359d80858eb70f/element'
22:41:41.016 [AsyncHttpClient-1-11] DEBUG org.asynchttpclient.netty.handler.HttpHandler - 

Request DefaultHttpRequest(decodeResult: success, version: HTTP/1.1)
POST /session/3d5f2cbcdee11b482f359d80858eb70f/element HTTP/1.1
User-Agent: selenium/4.12.0 (java windows)
Content-Length: 151
Content-Type: application/json; charset=utf-8
host: localhost:5569
accept: */*

Response DefaultHttpResponse(decodeResult: success, version: HTTP/1.1)
HTTP/1.1 200 OK
Content-Length: 127
Content-Type: application/json; charset=utf-8
cache-control: no-cache

22:41:41.016 [AsyncHttpClient-1-11] DEBUG org.asynchttpclient.netty.channel.ChannelManager - Adding key: http://localhost:5569 for channel [id: 0x9e5311ca, L:/127.0.0.1:54771 - R:localhost/127.0.0.1:5569]
22:41:41.016 [Forwarding clickElement on session 3d5f2cbcdee11b482f359d80858eb70f to remote] DEBUG org.asynchttpclient.netty.request.NettyRequestSender - Using pooled Channel '[id: 0x9e5311ca, L:/127.0.0.1:54771 - R:localhost/127.0.0.1:5569]' for 'POST' to 'http://localhost:5569/session/3d5f2cbcdee11b482f359d80858eb70f/element/f.032A00B3E1A7DD8501B060B65622C3A1.d.9491D3F2B7D0F05FC76844123DE53CE5.e.176/click'
22:41:41.016 [Forwarding clickElement on session 3d5f2cbcdee11b482f359d80858eb70f to remote] DEBUG org.asynchttpclient.netty.request.NettyRequestSender - Using open Channel [id: 0x9e5311ca, L:/127.0.0.1:54771 - R:localhost/127.0.0.1:5569] for POST '/session/3d5f2cbcdee11b482f359d80858eb70f/element/f.032A00B3E1A7DD8501B060B65622C3A1.d.9491D3F2B7D0F05FC76844123DE53CE5.e.176/click'
22:41:41.132 [AsyncHttpClient-1-11] DEBUG org.asynchttpclient.netty.handler.HttpHandler - 

Request DefaultHttpRequest(decodeResult: success, version: HTTP/1.1)
POST /session/3d5f2cbcdee11b482f359d80858eb70f/element/f.032A00B3E1A7DD8501B060B65622C3A1.d.9491D3F2B7D0F05FC76844123DE53CE5.e.176/click HTTP/1.1
User-Agent: selenium/4.12.0 (java windows)
Content-Length: 89
Content-Type: application/json; charset=utf-8
host: localhost:5569
accept: */*

Response DefaultHttpResponse(decodeResult: success, version: HTTP/1.1)
HTTP/1.1 200 OK
Content-Length: 14
Content-Type: application/json; charset=utf-8
cache-control: no-cache

22:41:41.132 [AsyncHttpClient-1-11] DEBUG org.asynchttpclient.netty.channel.ChannelManager - Adding key: http://localhost:5569 for channel [id: 0x9e5311ca, L:/127.0.0.1:54771 - R:localhost/127.0.0.1:5569]
screen shot class not taking
  And Tap back button                                                    # StepDefination.Customer_onboarding.Tap_back_button()
22:41:41.993 [AsyncHttpClient-1-1] DEBUG org.asynchttpclient.netty.channel.DefaultChannelPool - Entry count for : http://localhost:5569 : 1
22:41:41.993 [AsyncHttpClient-1-1] DEBUG org.asynchttpclient.netty.channel.DefaultChannelPool - Entry count for : http://localhost:54773 : 1
22:41:42.646 [Forwarding findElements on session 3d5f2cbcdee11b482f359d80858eb70f to remote] DEBUG org.asynchttpclient.netty.request.NettyRequestSender - Using pooled Channel '[id: 0x9e5311ca, L:/127.0.0.1:54771 - R:localhost/127.0.0.1:5569]' for 'POST' to 'http://localhost:5569/session/3d5f2cbcdee11b482f359d80858eb70f/elements'
22:41:42.646 [Forwarding findElements on session 3d5f2cbcdee11b482f359d80858eb70f to remote] DEBUG org.asynchttpclient.netty.request.NettyRequestSender - Using open Channel [id: 0x9e5311ca, L:/127.0.0.1:54771 - R:localhost/127.0.0.1:5569] for POST '/session/3d5f2cbcdee11b482f359d80858eb70f/elements'
22:41:42.667 [AsyncHttpClient-1-11] DEBUG org.asynchttpclient.netty.handler.HttpHandler - 

Request DefaultHttpRequest(decodeResult: success, version: HTTP/1.1)
POST /session/3d5f2cbcdee11b482f359d80858eb70f/elements HTTP/1.1
User-Agent: selenium/4.12.0 (java windows)
Content-Length: 142
Content-Type: application/json; charset=utf-8
host: localhost:5569
accept: */*

Response DefaultHttpResponse(decodeResult: success, version: HTTP/1.1)
HTTP/1.1 200 OK
Content-Length: 5793
Content-Type: application/json; charset=utf-8
cache-control: no-cache

22:41:42.671 [AsyncHttpClient-1-11] DEBUG org.asynchttpclient.netty.channel.ChannelManager - Adding key: http://localhost:5569 for channel [id: 0x9e5311ca, L:/127.0.0.1:54771 - R:localhost/127.0.0.1:5569]
22:41:42.679 [Forwarding findElement on session 3d5f2cbcdee11b482f359d80858eb70f to remote] DEBUG org.asynchttpclient.netty.request.NettyRequestSender - Using pooled Channel '[id: 0x9e5311ca, L:/127.0.0.1:54771 - R:localhost/127.0.0.1:5569]' for 'POST' to 'http://localhost:5569/session/3d5f2cbcdee11b482f359d80858eb70f/element'
22:41:42.679 [Forwarding findElement on session 3d5f2cbcdee11b482f359d80858eb70f to remote] DEBUG org.asynchttpclient.netty.request.NettyRequestSender - Using open Channel [id: 0x9e5311ca, L:/127.0.0.1:54771 - R:localhost/127.0.0.1:5569] for POST '/session/3d5f2cbcdee11b482f359d80858eb70f/element'
22:41:42.711 [AsyncHttpClient-1-11] DEBUG org.asynchttpclient.netty.handler.HttpHandler - 

Request DefaultHttpRequest(decodeResult: success, version: HTTP/1.1)
POST /session/3d5f2cbcdee11b482f359d80858eb70f/element HTTP/1.1
User-Agent: selenium/4.12.0 (java windows)
Content-Length: 198
Content-Type: application/json; charset=utf-8
host: localhost:5569
accept: */*

Response DefaultHttpResponse(decodeResult: success, version: HTTP/1.1)
HTTP/1.1 200 OK
Content-Length: 127
Content-Type: application/json; charset=utf-8
cache-control: no-cache

22:41:42.711 [AsyncHttpClient-1-11] DEBUG org.asynchttpclient.netty.channel.ChannelManager - Adding key: http://localhost:5569 for channel [id: 0x9e5311ca, L:/127.0.0.1:54771 - R:localhost/127.0.0.1:5569]
22:41:42.712 [Forwarding getElementText on session 3d5f2cbcdee11b482f359d80858eb70f to remote] DEBUG org.asynchttpclient.netty.request.NettyRequestSender - Using pooled Channel '[id: 0x9e5311ca, L:/127.0.0.1:54771 - R:localhost/127.0.0.1:5569]' for 'GET' to 'http://localhost:5569/session/3d5f2cbcdee11b482f359d80858eb70f/element/f.032A00B3E1A7DD8501B060B65622C3A1.d.9491D3F2B7D0F05FC76844123DE53CE5.e.230/text'
22:41:42.712 [Forwarding getElementText on session 3d5f2cbcdee11b482f359d80858eb70f to remote] DEBUG org.asynchttpclient.netty.request.NettyRequestSender - Using open Channel [id: 0x9e5311ca, L:/127.0.0.1:54771 - R:localhost/127.0.0.1:5569] for GET '/session/3d5f2cbcdee11b482f359d80858eb70f/element/f.032A00B3E1A7DD8501B060B65622C3A1.d.9491D3F2B7D0F05FC76844123DE53CE5.e.230/text'
22:41:42.735 [AsyncHttpClient-1-11] DEBUG org.asynchttpclient.netty.handler.HttpHandler - 

Request DefaultFullHttpRequest(decodeResult: success, version: HTTP/1.1, content: EmptyByteBufBE)
GET /session/3d5f2cbcdee11b482f359d80858eb70f/element/f.032A00B3E1A7DD8501B060B65622C3A1.d.9491D3F2B7D0F05FC76844123DE53CE5.e.230/text HTTP/1.1
Cache-Control: no-cache
User-Agent: selenium/4.12.0 (java windows)
Content-Type: application/json; charset=utf-8
host: localhost:5569
accept: */*

Response DefaultHttpResponse(decodeResult: success, version: HTTP/1.1)
HTTP/1.1 200 OK
Content-Length: 37
Content-Type: application/json; charset=utf-8
cache-control: no-cache

22:41:42.735 [AsyncHttpClient-1-11] DEBUG org.asynchttpclient.netty.channel.ChannelManager - Adding key: http://localhost:5569 for channel [id: 0x9e5311ca, L:/127.0.0.1:54771 - R:localhost/127.0.0.1:5569]
actual name: Dynamic Designs Con -Z
Company successfully created
  Then customer successsfully added                                      # StepDefination.Customer_onboarding.customer_successsfully_added()
22:41:42.738 [AsyncHttpClient-1-13] DEBUG org.asynchttpclient.netty.handler.WebSocketHandler - Channel Closed: [id: 0x559d8b85, L:/127.0.0.1:54781 ! R:localhost/127.0.0.1:54773] with attribute DISCARD
22:41:42.738 [Driver Command Executor] DEBUG org.asynchttpclient.netty.request.NettyRequestSender - Using pooled Channel '[id: 0x9e5311ca, L:/127.0.0.1:54771 - R:localhost/127.0.0.1:5569]' for 'DELETE' to 'http://localhost:5569/session/3d5f2cbcdee11b482f359d80858eb70f'
22:41:42.738 [Driver Command Executor] DEBUG org.asynchttpclient.netty.request.NettyRequestSender - Using open Channel [id: 0x9e5311ca, L:/127.0.0.1:54771 - R:localhost/127.0.0.1:5569] for DELETE '/session/3d5f2cbcdee11b482f359d80858eb70f'
22:41:42.963 [AsyncHttpClient-1-12] DEBUG org.asynchttpclient.netty.handler.HttpHandler - Unexpected I/O exception on channel [id: 0x56a46774, L:/127.0.0.1:54780 - R:localhost/127.0.0.1:54773]
java.net.SocketException: Connection reset
	at java.base/sun.nio.ch.SocketChannelImpl.throwConnectionReset(SocketChannelImpl.java:394)
	at java.base/sun.nio.ch.SocketChannelImpl.read(SocketChannelImpl.java:426)
	at io.netty.buffer.PooledByteBuf.setBytes(PooledByteBuf.java:254)
	at io.netty.buffer.AbstractByteBuf.writeBytes(AbstractByteBuf.java:1132)
	at io.netty.channel.socket.nio.NioSocketChannel.doReadBytes(NioSocketChannel.java:357)
	at io.netty.channel.nio.AbstractNioByteChannel$NioByteUnsafe.read(AbstractNioByteChannel.java:151)
	at io.netty.channel.nio.NioEventLoop.processSelectedKey(NioEventLoop.java:788)
	at io.netty.channel.nio.NioEventLoop.processSelectedKeysOptimized(NioEventLoop.java:724)
	at io.netty.channel.nio.NioEventLoop.processSelectedKeys(NioEventLoop.java:650)
	at io.netty.channel.nio.NioEventLoop.run(NioEventLoop.java:562)
	at io.netty.util.concurrent.SingleThreadEventExecutor$4.run(SingleThreadEventExecutor.java:997)
	at io.netty.util.internal.ThreadExecutorMap$2.run(ThreadExecutorMap.java:74)
	at io.netty.util.concurrent.FastThreadLocalRunnable.run(FastThreadLocalRunnable.java:30)
	at java.base/java.lang.Thread.run(Thread.java:840)
22:41:42.963 [AsyncHttpClient-1-12] DEBUG org.asynchttpclient.netty.channel.ChannelManager - Closing Channel [id: 0x56a46774, L:/127.0.0.1:54780 - R:localhost/127.0.0.1:54773] 
22:41:42.963 [AsyncHttpClient-1-12] DEBUG org.asynchttpclient.netty.handler.HttpHandler - Channel Closed: [id: 0x56a46774, L:/127.0.0.1:54780 ! R:localhost/127.0.0.1:54773] with attribute DISCARD
22:41:43.006 [AsyncHttpClient-1-11] DEBUG org.asynchttpclient.netty.handler.HttpHandler - 

Request DefaultFullHttpRequest(decodeResult: success, version: HTTP/1.1, content: EmptyByteBufBE)
DELETE /session/3d5f2cbcdee11b482f359d80858eb70f HTTP/1.1
User-Agent: selenium/4.12.0 (java windows)
Content-Type: application/json; charset=utf-8
host: localhost:5569
accept: */*

Response DefaultHttpResponse(decodeResult: success, version: HTTP/1.1)
HTTP/1.1 200 OK
Content-Length: 14
Content-Type: application/json; charset=utf-8
cache-control: no-cache

22:41:43.006 [AsyncHttpClient-1-11] DEBUG org.asynchttpclient.netty.channel.ChannelManager - Adding key: http://localhost:5569 for channel [id: 0x9e5311ca, L:/127.0.0.1:54771 - R:localhost/127.0.0.1:5569]
22:41:43.086 [AsyncHttpClient-1-1] DEBUG org.asynchttpclient.netty.channel.DefaultChannelPool - Entry count for : http://localhost:5569 : 1
22:41:43.086 [AsyncHttpClient-1-1] DEBUG org.asynchttpclient.netty.channel.DefaultChannelPool - Entry count for : http://localhost:54773 : 1
22:41:43.086 [AsyncHttpClient-1-1] DEBUG org.asynchttpclient.netty.channel.DefaultChannelPool - Adding Candidate expired Channel [id: 0x56a46774, L:/127.0.0.1:54780 ! R:localhost/127.0.0.1:54773] isIdleTimeoutExpired=false isRemotelyClosed=true isTtlExpired=false
22:41:43.086 [AsyncHttpClient-1-1] DEBUG org.asynchttpclient.netty.channel.DefaultChannelPool - Closing Idle Channel [id: 0x56a46774, L:/127.0.0.1:54780 ! R:localhost/127.0.0.1:54773]
22:41:43.086 [AsyncHttpClient-1-1] DEBUG org.asynchttpclient.netty.channel.DefaultChannelPool - Closed 1 connections out of 2 in 0 ms
22:41:43.652 [AsyncHttpClient-1-11] DEBUG org.asynchttpclient.netty.handler.HttpHandler - Channel Closed: [id: 0x9e5311ca, L:/127.0.0.1:54771 ! R:localhost/127.0.0.1:5569] with attribute DISCARD
  And Close_Window                                                       # StepDefination.Customer_onboarding.close_window()
WebDriver is null. Nothing to close.
]]></system-out>
    <system-err><![CDATA[Jan 18, 2025 10:41:01 PM org.openqa.selenium.devtools.CdpVersionFinder findNearestMatch
WARNING: Unable to find CDP implementation matching 131
Jan 18, 2025 10:41:01 PM org.openqa.selenium.chromium.ChromiumDriver lambda$new$5
WARNING: Unable to find version of CDP to use for 131.0.6778.265. You may need to include a dependency on a specific version of the CDP using something similar to `org.seleniumhq.selenium:selenium-devtools-v86:4.12.0` where the version ("v86") matches the version of the chromium-based browser you're using and the version number of the artifact is the same as Selenium's.
]]></system-err>
  </testcase>
  <testcase name="Add single customer with all details" classname="Customer Onboarding form for Broker" time="43.19">
    <system-out><![CDATA[
Scenario Outline: Add single customer with all details                   # src/test/resources/Customers/Customer_form.feature:21
22:41:44.075 [AsyncHttpClient-1-14] DEBUG org.asynchttpclient.netty.channel.NettyConnectListener - Using new Channel '[id: 0x13af64c4, L:/127.0.0.1:54826 - R:localhost/127.0.0.1:44224]' for 'POST' to '/session'
22:41:44.195 [AsyncHttpClient-1-1] DEBUG org.asynchttpclient.netty.channel.DefaultChannelPool - Entry count for : http://localhost:5569 : 1
22:41:44.195 [AsyncHttpClient-1-1] DEBUG org.asynchttpclient.netty.channel.DefaultChannelPool - Adding Candidate expired Channel [id: 0x9e5311ca, L:/127.0.0.1:54771 ! R:localhost/127.0.0.1:5569] isIdleTimeoutExpired=false isRemotelyClosed=true isTtlExpired=false
22:41:44.195 [AsyncHttpClient-1-1] DEBUG org.asynchttpclient.netty.channel.DefaultChannelPool - Closing Idle Channel [id: 0x9e5311ca, L:/127.0.0.1:54771 ! R:localhost/127.0.0.1:5569]
22:41:44.195 [AsyncHttpClient-1-1] DEBUG org.asynchttpclient.netty.channel.DefaultChannelPool - Closed 1 connections out of 1 in 0 ms
22:41:45.441 [AsyncHttpClient-1-14] DEBUG org.asynchttpclient.netty.handler.HttpHandler - 

Request DefaultHttpRequest(decodeResult: success, version: HTTP/1.1)
POST /session HTTP/1.1
User-Agent: selenium/4.12.0 (java windows)
Content-Length: 254
Content-Type: application/json; charset=utf-8
host: localhost:44224
accept: */*

Response DefaultHttpResponse(decodeResult: success, version: HTTP/1.1)
HTTP/1.1 200 OK
Content-Length: 887
Content-Type: application/json; charset=utf-8
cache-control: no-cache

22:41:45.441 [AsyncHttpClient-1-14] DEBUG org.asynchttpclient.netty.channel.ChannelManager - Adding key: http://localhost:44224 for channel [id: 0x13af64c4, L:/127.0.0.1:54826 - R:localhost/127.0.0.1:44224]
22:41:45.457 [AsyncHttpClient-1-15] DEBUG org.asynchttpclient.netty.channel.NettyConnectListener - Using new Channel '[id: 0xd6db453d, L:/127.0.0.1:54834 - R:localhost/127.0.0.1:54827]' for 'GET' to '/json/version'
22:41:45.465 [AsyncHttpClient-1-15] DEBUG org.asynchttpclient.netty.handler.HttpHandler - 

Request DefaultFullHttpRequest(decodeResult: success, version: HTTP/1.1, content: EmptyByteBufBE)
GET /json/version HTTP/1.1
User-Agent: selenium/4.12.0 (java windows)
host: localhost:54827
accept: */*

Response DefaultHttpResponse(decodeResult: success, version: HTTP/1.1)
HTTP/1.1 200 OK
Content-Security-Policy: frame-ancestors 'none'
Content-Length: 424
Content-Type: application/json; charset=UTF-8

22:41:45.469 [AsyncHttpClient-1-15] DEBUG org.asynchttpclient.netty.channel.ChannelManager - Adding key: http://localhost:54827 for channel [id: 0xd6db453d, L:/127.0.0.1:54834 - R:localhost/127.0.0.1:54827]
22:41:45.473 [AsyncHttpClient-1-16] DEBUG org.asynchttpclient.netty.channel.NettyConnectListener - Using new Channel '[id: 0x72083e3c, L:/127.0.0.1:54835 - R:localhost/127.0.0.1:54827]' for 'GET' to '/devtools/browser/d383711d-17b6-40fe-a9dd-6b878582e0fa'
22:41:45.481 [AsyncHttpClient-1-16] DEBUG org.asynchttpclient.netty.handler.WebSocketHandler - 

Request DefaultFullHttpRequest(decodeResult: success, version: HTTP/1.1, content: EmptyByteBufBE)
GET /devtools/browser/d383711d-17b6-40fe-a9dd-6b878582e0fa HTTP/1.1
upgrade: websocket
connection: upgrade
sec-websocket-key: yZa9+ZlW+Y9davlRUh9beA==
sec-websocket-version: 13
origin: http://localhost:54827
host: localhost:54827
accept: */*
user-agent: AHC/2.1

Response DefaultHttpResponse(decodeResult: success, version: HTTP/1.1)
HTTP/1.1 101 WebSocket Protocol Handshake
Upgrade: WebSocket
Connection: Upgrade
Sec-WebSocket-Accept: qIA0EiOJt+o7d5y2oWx0WFnzI3w=

22:41:45.489 [Forwarding get on session 017f1862af1eb421fbdce7f3d6cc78f9 to remote] DEBUG org.asynchttpclient.netty.request.NettyRequestSender - Using pooled Channel '[id: 0x13af64c4, L:/127.0.0.1:54826 - R:localhost/127.0.0.1:44224]' for 'POST' to 'http://localhost:44224/session/017f1862af1eb421fbdce7f3d6cc78f9/url'
22:41:45.489 [Forwarding get on session 017f1862af1eb421fbdce7f3d6cc78f9 to remote] DEBUG org.asynchttpclient.netty.request.NettyRequestSender - Using open Channel [id: 0x13af64c4, L:/127.0.0.1:54826 - R:localhost/127.0.0.1:44224] for POST '/session/017f1862af1eb421fbdce7f3d6cc78f9/url'
22:41:46.387 [AsyncHttpClient-1-1] DEBUG org.asynchttpclient.netty.channel.DefaultChannelPool - Entry count for : http://localhost:54827 : 1
22:41:47.319 [AsyncHttpClient-1-14] DEBUG org.asynchttpclient.netty.handler.HttpHandler - 

Request DefaultHttpRequest(decodeResult: success, version: HTTP/1.1)
POST /session/017f1862af1eb421fbdce7f3d6cc78f9/url HTTP/1.1
User-Agent: selenium/4.12.0 (java windows)
Content-Length: 92
Content-Type: application/json; charset=utf-8
host: localhost:44224
accept: */*

Response DefaultHttpResponse(decodeResult: success, version: HTTP/1.1)
HTTP/1.1 200 OK
Content-Length: 14
Content-Type: application/json; charset=utf-8
cache-control: no-cache

22:41:47.319 [AsyncHttpClient-1-14] DEBUG org.asynchttpclient.netty.channel.ChannelManager - Adding key: http://localhost:44224 for channel [id: 0x13af64c4, L:/127.0.0.1:54826 - R:localhost/127.0.0.1:44224]
22:41:47.327 [Forwarding maximizeCurrentWindow on session 017f1862af1eb421fbdce7f3d6cc78f9 to remote] DEBUG org.asynchttpclient.netty.request.NettyRequestSender - Using pooled Channel '[id: 0x13af64c4, L:/127.0.0.1:54826 - R:localhost/127.0.0.1:44224]' for 'POST' to 'http://localhost:44224/session/017f1862af1eb421fbdce7f3d6cc78f9/window/maximize'
22:41:47.327 [Forwarding maximizeCurrentWindow on session 017f1862af1eb421fbdce7f3d6cc78f9 to remote] DEBUG org.asynchttpclient.netty.request.NettyRequestSender - Using open Channel [id: 0x13af64c4, L:/127.0.0.1:54826 - R:localhost/127.0.0.1:44224] for POST '/session/017f1862af1eb421fbdce7f3d6cc78f9/window/maximize'
22:41:47.423 [AsyncHttpClient-1-14] DEBUG org.asynchttpclient.netty.handler.HttpHandler - 

Request DefaultHttpRequest(decodeResult: success, version: HTTP/1.1)
POST /session/017f1862af1eb421fbdce7f3d6cc78f9/window/maximize HTTP/1.1
User-Agent: selenium/4.12.0 (java windows)
Content-Length: 3
Content-Type: application/json; charset=utf-8
host: localhost:44224
accept: */*

Response DefaultHttpResponse(decodeResult: success, version: HTTP/1.1)
HTTP/1.1 200 OK
Content-Length: 51
Content-Type: application/json; charset=utf-8
cache-control: no-cache

22:41:47.423 [AsyncHttpClient-1-14] DEBUG org.asynchttpclient.netty.channel.ChannelManager - Adding key: http://localhost:44224 for channel [id: 0x13af64c4, L:/127.0.0.1:54826 - R:localhost/127.0.0.1:44224]
22:41:47.423 [Forwarding findElement on session 017f1862af1eb421fbdce7f3d6cc78f9 to remote] DEBUG org.asynchttpclient.netty.request.NettyRequestSender - Using pooled Channel '[id: 0x13af64c4, L:/127.0.0.1:54826 - R:localhost/127.0.0.1:44224]' for 'POST' to 'http://localhost:44224/session/017f1862af1eb421fbdce7f3d6cc78f9/element'
22:41:47.423 [Forwarding findElement on session 017f1862af1eb421fbdce7f3d6cc78f9 to remote] DEBUG org.asynchttpclient.netty.request.NettyRequestSender - Using open Channel [id: 0x13af64c4, L:/127.0.0.1:54826 - R:localhost/127.0.0.1:44224] for POST '/session/017f1862af1eb421fbdce7f3d6cc78f9/element'
22:41:47.463 [AsyncHttpClient-1-14] DEBUG org.asynchttpclient.netty.handler.HttpHandler - 

Request DefaultHttpRequest(decodeResult: success, version: HTTP/1.1)
POST /session/017f1862af1eb421fbdce7f3d6cc78f9/element HTTP/1.1
User-Agent: selenium/4.12.0 (java windows)
Content-Length: 69
Content-Type: application/json; charset=utf-8
host: localhost:44224
accept: */*

Response DefaultHttpResponse(decodeResult: success, version: HTTP/1.1)
HTTP/1.1 200 OK
Content-Length: 125
Content-Type: application/json; charset=utf-8
cache-control: no-cache

22:41:47.463 [AsyncHttpClient-1-14] DEBUG org.asynchttpclient.netty.channel.ChannelManager - Adding key: http://localhost:44224 for channel [id: 0x13af64c4, L:/127.0.0.1:54826 - R:localhost/127.0.0.1:44224]
22:41:47.463 [Forwarding sendKeysToElement on session 017f1862af1eb421fbdce7f3d6cc78f9 to remote] DEBUG org.asynchttpclient.netty.request.NettyRequestSender - Using pooled Channel '[id: 0x13af64c4, L:/127.0.0.1:54826 - R:localhost/127.0.0.1:44224]' for 'POST' to 'http://localhost:44224/session/017f1862af1eb421fbdce7f3d6cc78f9/element/f.DADC30EEC02E226B794BCB660AE49937.d.5387F5E05288387D8B9BFAC1DAFAF284.e.4/value'
22:41:47.463 [Forwarding sendKeysToElement on session 017f1862af1eb421fbdce7f3d6cc78f9 to remote] DEBUG org.asynchttpclient.netty.request.NettyRequestSender - Using open Channel [id: 0x13af64c4, L:/127.0.0.1:54826 - R:localhost/127.0.0.1:44224] for POST '/session/017f1862af1eb421fbdce7f3d6cc78f9/element/f.DADC30EEC02E226B794BCB660AE49937.d.5387F5E05288387D8B9BFAC1DAFAF284.e.4/value'
22:41:47.487 [AsyncHttpClient-1-1] DEBUG org.asynchttpclient.netty.channel.DefaultChannelPool - Entry count for : http://localhost:54827 : 1
22:41:47.768 [AsyncHttpClient-1-14] DEBUG org.asynchttpclient.netty.handler.HttpHandler - 

Request DefaultHttpRequest(decodeResult: success, version: HTTP/1.1)
POST /session/017f1862af1eb421fbdce7f3d6cc78f9/element/f.DADC30EEC02E226B794BCB660AE49937.d.5387F5E05288387D8B9BFAC1DAFAF284.e.4/value HTTP/1.1
User-Agent: selenium/4.12.0 (java windows)
Content-Length: 338
Content-Type: application/json; charset=utf-8
host: localhost:44224
accept: */*

Response DefaultHttpResponse(decodeResult: success, version: HTTP/1.1)
HTTP/1.1 200 OK
Content-Length: 14
Content-Type: application/json; charset=utf-8
cache-control: no-cache

22:41:47.768 [AsyncHttpClient-1-14] DEBUG org.asynchttpclient.netty.channel.ChannelManager - Adding key: http://localhost:44224 for channel [id: 0x13af64c4, L:/127.0.0.1:54826 - R:localhost/127.0.0.1:44224]
22:41:47.768 [Forwarding findElement on session 017f1862af1eb421fbdce7f3d6cc78f9 to remote] DEBUG org.asynchttpclient.netty.request.NettyRequestSender - Using pooled Channel '[id: 0x13af64c4, L:/127.0.0.1:54826 - R:localhost/127.0.0.1:44224]' for 'POST' to 'http://localhost:44224/session/017f1862af1eb421fbdce7f3d6cc78f9/element'
22:41:47.768 [Forwarding findElement on session 017f1862af1eb421fbdce7f3d6cc78f9 to remote] DEBUG org.asynchttpclient.netty.request.NettyRequestSender - Using open Channel [id: 0x13af64c4, L:/127.0.0.1:54826 - R:localhost/127.0.0.1:44224] for POST '/session/017f1862af1eb421fbdce7f3d6cc78f9/element'
22:41:47.786 [AsyncHttpClient-1-14] DEBUG org.asynchttpclient.netty.handler.HttpHandler - 

Request DefaultHttpRequest(decodeResult: success, version: HTTP/1.1)
POST /session/017f1862af1eb421fbdce7f3d6cc78f9/element HTTP/1.1
User-Agent: selenium/4.12.0 (java windows)
Content-Length: 72
Content-Type: application/json; charset=utf-8
host: localhost:44224
accept: */*

Response DefaultHttpResponse(decodeResult: success, version: HTTP/1.1)
HTTP/1.1 200 OK
Content-Length: 125
Content-Type: application/json; charset=utf-8
cache-control: no-cache

22:41:47.786 [AsyncHttpClient-1-14] DEBUG org.asynchttpclient.netty.channel.ChannelManager - Adding key: http://localhost:44224 for channel [id: 0x13af64c4, L:/127.0.0.1:54826 - R:localhost/127.0.0.1:44224]
22:41:47.792 [Forwarding sendKeysToElement on session 017f1862af1eb421fbdce7f3d6cc78f9 to remote] DEBUG org.asynchttpclient.netty.request.NettyRequestSender - Using pooled Channel '[id: 0x13af64c4, L:/127.0.0.1:54826 - R:localhost/127.0.0.1:44224]' for 'POST' to 'http://localhost:44224/session/017f1862af1eb421fbdce7f3d6cc78f9/element/f.DADC30EEC02E226B794BCB660AE49937.d.5387F5E05288387D8B9BFAC1DAFAF284.e.6/value'
22:41:47.792 [Forwarding sendKeysToElement on session 017f1862af1eb421fbdce7f3d6cc78f9 to remote] DEBUG org.asynchttpclient.netty.request.NettyRequestSender - Using open Channel [id: 0x13af64c4, L:/127.0.0.1:54826 - R:localhost/127.0.0.1:44224] for POST '/session/017f1862af1eb421fbdce7f3d6cc78f9/element/f.DADC30EEC02E226B794BCB660AE49937.d.5387F5E05288387D8B9BFAC1DAFAF284.e.6/value'
22:41:48.032 [AsyncHttpClient-1-14] DEBUG org.asynchttpclient.netty.handler.HttpHandler - 

Request DefaultHttpRequest(decodeResult: success, version: HTTP/1.1)
POST /session/017f1862af1eb421fbdce7f3d6cc78f9/element/f.DADC30EEC02E226B794BCB660AE49937.d.5387F5E05288387D8B9BFAC1DAFAF284.e.6/value HTTP/1.1
User-Agent: selenium/4.12.0 (java windows)
Content-Length: 208
Content-Type: application/json; charset=utf-8
host: localhost:44224
accept: */*

Response DefaultHttpResponse(decodeResult: success, version: HTTP/1.1)
HTTP/1.1 200 OK
Content-Length: 14
Content-Type: application/json; charset=utf-8
cache-control: no-cache

22:41:48.032 [AsyncHttpClient-1-14] DEBUG org.asynchttpclient.netty.channel.ChannelManager - Adding key: http://localhost:44224 for channel [id: 0x13af64c4, L:/127.0.0.1:54826 - R:localhost/127.0.0.1:44224]
22:41:48.032 [Forwarding findElement on session 017f1862af1eb421fbdce7f3d6cc78f9 to remote] DEBUG org.asynchttpclient.netty.request.NettyRequestSender - Using pooled Channel '[id: 0x13af64c4, L:/127.0.0.1:54826 - R:localhost/127.0.0.1:44224]' for 'POST' to 'http://localhost:44224/session/017f1862af1eb421fbdce7f3d6cc78f9/element'
22:41:48.032 [Forwarding findElement on session 017f1862af1eb421fbdce7f3d6cc78f9 to remote] DEBUG org.asynchttpclient.netty.request.NettyRequestSender - Using open Channel [id: 0x13af64c4, L:/127.0.0.1:54826 - R:localhost/127.0.0.1:44224] for POST '/session/017f1862af1eb421fbdce7f3d6cc78f9/element'
22:41:48.064 [AsyncHttpClient-1-14] DEBUG org.asynchttpclient.netty.handler.HttpHandler - 

Request DefaultHttpRequest(decodeResult: success, version: HTTP/1.1)
POST /session/017f1862af1eb421fbdce7f3d6cc78f9/element HTTP/1.1
User-Agent: selenium/4.12.0 (java windows)
Content-Length: 73
Content-Type: application/json; charset=utf-8
host: localhost:44224
accept: */*

Response DefaultHttpResponse(decodeResult: success, version: HTTP/1.1)
HTTP/1.1 200 OK
Content-Length: 125
Content-Type: application/json; charset=utf-8
cache-control: no-cache

22:41:48.064 [AsyncHttpClient-1-14] DEBUG org.asynchttpclient.netty.channel.ChannelManager - Adding key: http://localhost:44224 for channel [id: 0x13af64c4, L:/127.0.0.1:54826 - R:localhost/127.0.0.1:44224]
22:41:48.064 [Forwarding clickElement on session 017f1862af1eb421fbdce7f3d6cc78f9 to remote] DEBUG org.asynchttpclient.netty.request.NettyRequestSender - Using pooled Channel '[id: 0x13af64c4, L:/127.0.0.1:54826 - R:localhost/127.0.0.1:44224]' for 'POST' to 'http://localhost:44224/session/017f1862af1eb421fbdce7f3d6cc78f9/element/f.DADC30EEC02E226B794BCB660AE49937.d.5387F5E05288387D8B9BFAC1DAFAF284.e.8/click'
22:41:48.064 [Forwarding clickElement on session 017f1862af1eb421fbdce7f3d6cc78f9 to remote] DEBUG org.asynchttpclient.netty.request.NettyRequestSender - Using open Channel [id: 0x13af64c4, L:/127.0.0.1:54826 - R:localhost/127.0.0.1:44224] for POST '/session/017f1862af1eb421fbdce7f3d6cc78f9/element/f.DADC30EEC02E226B794BCB660AE49937.d.5387F5E05288387D8B9BFAC1DAFAF284.e.8/click'
22:41:48.234 [AsyncHttpClient-1-14] DEBUG org.asynchttpclient.netty.handler.HttpHandler - 

Request DefaultHttpRequest(decodeResult: success, version: HTTP/1.1)
POST /session/017f1862af1eb421fbdce7f3d6cc78f9/element/f.DADC30EEC02E226B794BCB660AE49937.d.5387F5E05288387D8B9BFAC1DAFAF284.e.8/click HTTP/1.1
User-Agent: selenium/4.12.0 (java windows)
Content-Length: 87
Content-Type: application/json; charset=utf-8
host: localhost:44224
accept: */*

Response DefaultHttpResponse(decodeResult: success, version: HTTP/1.1)
HTTP/1.1 200 OK
Content-Length: 14
Content-Type: application/json; charset=utf-8
cache-control: no-cache

22:41:48.234 [AsyncHttpClient-1-14] DEBUG org.asynchttpclient.netty.channel.ChannelManager - Adding key: http://localhost:44224 for channel [id: 0x13af64c4, L:/127.0.0.1:54826 - R:localhost/127.0.0.1:44224]
22:41:48.580 [AsyncHttpClient-1-1] DEBUG org.asynchttpclient.netty.channel.DefaultChannelPool - Entry count for : http://localhost:54827 : 1
22:41:48.580 [AsyncHttpClient-1-1] DEBUG org.asynchttpclient.netty.channel.DefaultChannelPool - Entry count for : http://localhost:44224 : 1
22:41:49.690 [AsyncHttpClient-1-1] DEBUG org.asynchttpclient.netty.channel.DefaultChannelPool - Entry count for : http://localhost:54827 : 1
22:41:49.690 [AsyncHttpClient-1-1] DEBUG org.asynchttpclient.netty.channel.DefaultChannelPool - Entry count for : http://localhost:44224 : 1
22:41:50.786 [AsyncHttpClient-1-1] DEBUG org.asynchttpclient.netty.channel.DefaultChannelPool - Entry count for : http://localhost:54827 : 1
22:41:50.786 [AsyncHttpClient-1-1] DEBUG org.asynchttpclient.netty.channel.DefaultChannelPool - Entry count for : http://localhost:44224 : 1
22:41:51.886 [AsyncHttpClient-1-1] DEBUG org.asynchttpclient.netty.channel.DefaultChannelPool - Entry count for : http://localhost:54827 : 1
22:41:51.886 [AsyncHttpClient-1-1] DEBUG org.asynchttpclient.netty.channel.DefaultChannelPool - Entry count for : http://localhost:44224 : 1
22:41:52.981 [AsyncHttpClient-1-1] DEBUG org.asynchttpclient.netty.channel.DefaultChannelPool - Entry count for : http://localhost:54827 : 1
22:41:52.981 [AsyncHttpClient-1-1] DEBUG org.asynchttpclient.netty.channel.DefaultChannelPool - Entry count for : http://localhost:44224 : 1
22:41:53.251 [Forwarding getCurrentUrl on session 017f1862af1eb421fbdce7f3d6cc78f9 to remote] DEBUG org.asynchttpclient.netty.request.NettyRequestSender - Using pooled Channel '[id: 0x13af64c4, L:/127.0.0.1:54826 - R:localhost/127.0.0.1:44224]' for 'GET' to 'http://localhost:44224/session/017f1862af1eb421fbdce7f3d6cc78f9/url'
22:41:53.251 [Forwarding getCurrentUrl on session 017f1862af1eb421fbdce7f3d6cc78f9 to remote] DEBUG org.asynchttpclient.netty.request.NettyRequestSender - Using open Channel [id: 0x13af64c4, L:/127.0.0.1:54826 - R:localhost/127.0.0.1:44224] for GET '/session/017f1862af1eb421fbdce7f3d6cc78f9/url'
22:41:53.259 [AsyncHttpClient-1-14] DEBUG org.asynchttpclient.netty.handler.HttpHandler - 

Request DefaultFullHttpRequest(decodeResult: success, version: HTTP/1.1, content: EmptyByteBufBE)
GET /session/017f1862af1eb421fbdce7f3d6cc78f9/url HTTP/1.1
Cache-Control: no-cache
User-Agent: selenium/4.12.0 (java windows)
Content-Type: application/json; charset=utf-8
host: localhost:44224
accept: */*

Response DefaultHttpResponse(decodeResult: success, version: HTTP/1.1)
HTTP/1.1 200 OK
Content-Length: 69
Content-Type: application/json; charset=utf-8
cache-control: no-cache

22:41:53.259 [AsyncHttpClient-1-14] DEBUG org.asynchttpclient.netty.channel.ChannelManager - Adding key: http://localhost:44224 for channel [id: 0x13af64c4, L:/127.0.0.1:54826 - R:localhost/127.0.0.1:44224]
https://fleet-manager-development.vercel.app/auth/sign-in
22:41:53.259 [Forwarding findElement on session 017f1862af1eb421fbdce7f3d6cc78f9 to remote] DEBUG org.asynchttpclient.netty.request.NettyRequestSender - Using pooled Channel '[id: 0x13af64c4, L:/127.0.0.1:54826 - R:localhost/127.0.0.1:44224]' for 'POST' to 'http://localhost:44224/session/017f1862af1eb421fbdce7f3d6cc78f9/element'
22:41:53.259 [Forwarding findElement on session 017f1862af1eb421fbdce7f3d6cc78f9 to remote] DEBUG org.asynchttpclient.netty.request.NettyRequestSender - Using open Channel [id: 0x13af64c4, L:/127.0.0.1:54826 - R:localhost/127.0.0.1:44224] for POST '/session/017f1862af1eb421fbdce7f3d6cc78f9/element'
22:41:53.283 [AsyncHttpClient-1-14] DEBUG org.asynchttpclient.netty.handler.HttpHandler - 

Request DefaultHttpRequest(decodeResult: success, version: HTTP/1.1)
POST /session/017f1862af1eb421fbdce7f3d6cc78f9/element HTTP/1.1
User-Agent: selenium/4.12.0 (java windows)
Content-Length: 66
Content-Type: application/json; charset=utf-8
host: localhost:44224
accept: */*

Response DefaultHttpResponse(decodeResult: success, version: HTTP/1.1)
HTTP/1.1 200 OK
Content-Length: 126
Content-Type: application/json; charset=utf-8
cache-control: no-cache

22:41:53.283 [AsyncHttpClient-1-14] DEBUG org.asynchttpclient.netty.channel.ChannelManager - Adding key: http://localhost:44224 for channel [id: 0x13af64c4, L:/127.0.0.1:54826 - R:localhost/127.0.0.1:44224]
22:41:53.283 [Forwarding isElementDisplayed on session 017f1862af1eb421fbdce7f3d6cc78f9 to remote] DEBUG org.asynchttpclient.netty.request.NettyRequestSender - Using pooled Channel '[id: 0x13af64c4, L:/127.0.0.1:54826 - R:localhost/127.0.0.1:44224]' for 'POST' to 'http://localhost:44224/session/017f1862af1eb421fbdce7f3d6cc78f9/execute/sync'
22:41:53.283 [Forwarding isElementDisplayed on session 017f1862af1eb421fbdce7f3d6cc78f9 to remote] DEBUG org.asynchttpclient.netty.request.NettyRequestSender - Using open Channel [id: 0x13af64c4, L:/127.0.0.1:54826 - R:localhost/127.0.0.1:44224] for POST '/session/017f1862af1eb421fbdce7f3d6cc78f9/execute/sync'
22:41:53.307 [AsyncHttpClient-1-14] DEBUG org.asynchttpclient.netty.handler.HttpHandler - 

Request DefaultHttpRequest(decodeResult: success, version: HTTP/1.1)
POST /session/017f1862af1eb421fbdce7f3d6cc78f9/execute/sync HTTP/1.1
User-Agent: selenium/4.12.0 (java windows)
Content-Length: 48734
Content-Type: application/json; charset=utf-8
host: localhost:44224
accept: */*

Response DefaultHttpResponse(decodeResult: success, version: HTTP/1.1)
HTTP/1.1 200 OK
Content-Length: 14
Content-Type: application/json; charset=utf-8
cache-control: no-cache

22:41:53.307 [AsyncHttpClient-1-14] DEBUG org.asynchttpclient.netty.channel.ChannelManager - Adding key: http://localhost:44224 for channel [id: 0x13af64c4, L:/127.0.0.1:54826 - R:localhost/127.0.0.1:44224]
22:41:53.310 [Forwarding findElement on session 017f1862af1eb421fbdce7f3d6cc78f9 to remote] DEBUG org.asynchttpclient.netty.request.NettyRequestSender - Using pooled Channel '[id: 0x13af64c4, L:/127.0.0.1:54826 - R:localhost/127.0.0.1:44224]' for 'POST' to 'http://localhost:44224/session/017f1862af1eb421fbdce7f3d6cc78f9/element'
22:41:53.310 [Forwarding findElement on session 017f1862af1eb421fbdce7f3d6cc78f9 to remote] DEBUG org.asynchttpclient.netty.request.NettyRequestSender - Using open Channel [id: 0x13af64c4, L:/127.0.0.1:54826 - R:localhost/127.0.0.1:44224] for POST '/session/017f1862af1eb421fbdce7f3d6cc78f9/element'
22:41:53.315 [AsyncHttpClient-1-14] DEBUG org.asynchttpclient.netty.handler.HttpHandler - 

Request DefaultHttpRequest(decodeResult: success, version: HTTP/1.1)
POST /session/017f1862af1eb421fbdce7f3d6cc78f9/element HTTP/1.1
User-Agent: selenium/4.12.0 (java windows)
Content-Length: 66
Content-Type: application/json; charset=utf-8
host: localhost:44224
accept: */*

Response DefaultHttpResponse(decodeResult: success, version: HTTP/1.1)
HTTP/1.1 200 OK
Content-Length: 126
Content-Type: application/json; charset=utf-8
cache-control: no-cache

22:41:53.315 [AsyncHttpClient-1-14] DEBUG org.asynchttpclient.netty.channel.ChannelManager - Adding key: http://localhost:44224 for channel [id: 0x13af64c4, L:/127.0.0.1:54826 - R:localhost/127.0.0.1:44224]
22:41:53.315 [Forwarding getElementText on session 017f1862af1eb421fbdce7f3d6cc78f9 to remote] DEBUG org.asynchttpclient.netty.request.NettyRequestSender - Using pooled Channel '[id: 0x13af64c4, L:/127.0.0.1:54826 - R:localhost/127.0.0.1:44224]' for 'GET' to 'http://localhost:44224/session/017f1862af1eb421fbdce7f3d6cc78f9/element/f.DADC30EEC02E226B794BCB660AE49937.d.5387F5E05288387D8B9BFAC1DAFAF284.e.19/text'
22:41:53.324 [Forwarding getElementText on session 017f1862af1eb421fbdce7f3d6cc78f9 to remote] DEBUG org.asynchttpclient.netty.request.NettyRequestSender - Using open Channel [id: 0x13af64c4, L:/127.0.0.1:54826 - R:localhost/127.0.0.1:44224] for GET '/session/017f1862af1eb421fbdce7f3d6cc78f9/element/f.DADC30EEC02E226B794BCB660AE49937.d.5387F5E05288387D8B9BFAC1DAFAF284.e.19/text'
22:41:53.332 [AsyncHttpClient-1-14] DEBUG org.asynchttpclient.netty.handler.HttpHandler - 

Request DefaultFullHttpRequest(decodeResult: success, version: HTTP/1.1, content: EmptyByteBufBE)
GET /session/017f1862af1eb421fbdce7f3d6cc78f9/element/f.DADC30EEC02E226B794BCB660AE49937.d.5387F5E05288387D8B9BFAC1DAFAF284.e.19/text HTTP/1.1
Cache-Control: no-cache
User-Agent: selenium/4.12.0 (java windows)
Content-Type: application/json; charset=utf-8
host: localhost:44224
accept: */*

Response DefaultHttpResponse(decodeResult: success, version: HTTP/1.1)
HTTP/1.1 200 OK
Content-Length: 33
Content-Type: application/json; charset=utf-8
cache-control: no-cache

22:41:53.332 [AsyncHttpClient-1-14] DEBUG org.asynchttpclient.netty.channel.ChannelManager - Adding key: http://localhost:44224 for channel [id: 0x13af64c4, L:/127.0.0.1:54826 - R:localhost/127.0.0.1:44224]
22:41:53.340 [Forwarding findElement on session 017f1862af1eb421fbdce7f3d6cc78f9 to remote] DEBUG org.asynchttpclient.netty.request.NettyRequestSender - Using pooled Channel '[id: 0x13af64c4, L:/127.0.0.1:54826 - R:localhost/127.0.0.1:44224]' for 'POST' to 'http://localhost:44224/session/017f1862af1eb421fbdce7f3d6cc78f9/element'
22:41:53.340 [Forwarding findElement on session 017f1862af1eb421fbdce7f3d6cc78f9 to remote] DEBUG org.asynchttpclient.netty.request.NettyRequestSender - Using open Channel [id: 0x13af64c4, L:/127.0.0.1:54826 - R:localhost/127.0.0.1:44224] for POST '/session/017f1862af1eb421fbdce7f3d6cc78f9/element'
22:41:53.355 [AsyncHttpClient-1-14] DEBUG org.asynchttpclient.netty.handler.HttpHandler - 

Request DefaultHttpRequest(decodeResult: success, version: HTTP/1.1)
POST /session/017f1862af1eb421fbdce7f3d6cc78f9/element HTTP/1.1
User-Agent: selenium/4.12.0 (java windows)
Content-Length: 74
Content-Type: application/json; charset=utf-8
host: localhost:44224
accept: */*

Response DefaultHttpResponse(decodeResult: success, version: HTTP/1.1)
HTTP/1.1 200 OK
Content-Length: 126
Content-Type: application/json; charset=utf-8
cache-control: no-cache

22:41:53.355 [AsyncHttpClient-1-14] DEBUG org.asynchttpclient.netty.channel.ChannelManager - Adding key: http://localhost:44224 for channel [id: 0x13af64c4, L:/127.0.0.1:54826 - R:localhost/127.0.0.1:44224]
22:41:53.357 [Forwarding clickElement on session 017f1862af1eb421fbdce7f3d6cc78f9 to remote] DEBUG org.asynchttpclient.netty.request.NettyRequestSender - Using pooled Channel '[id: 0x13af64c4, L:/127.0.0.1:54826 - R:localhost/127.0.0.1:44224]' for 'POST' to 'http://localhost:44224/session/017f1862af1eb421fbdce7f3d6cc78f9/element/f.DADC30EEC02E226B794BCB660AE49937.d.5387F5E05288387D8B9BFAC1DAFAF284.e.20/click'
22:41:53.357 [Forwarding clickElement on session 017f1862af1eb421fbdce7f3d6cc78f9 to remote] DEBUG org.asynchttpclient.netty.request.NettyRequestSender - Using open Channel [id: 0x13af64c4, L:/127.0.0.1:54826 - R:localhost/127.0.0.1:44224] for POST '/session/017f1862af1eb421fbdce7f3d6cc78f9/element/f.DADC30EEC02E226B794BCB660AE49937.d.5387F5E05288387D8B9BFAC1DAFAF284.e.20/click'
22:41:53.459 [AsyncHttpClient-1-14] DEBUG org.asynchttpclient.netty.handler.HttpHandler - 

Request DefaultHttpRequest(decodeResult: success, version: HTTP/1.1)
POST /session/017f1862af1eb421fbdce7f3d6cc78f9/element/f.DADC30EEC02E226B794BCB660AE49937.d.5387F5E05288387D8B9BFAC1DAFAF284.e.20/click HTTP/1.1
User-Agent: selenium/4.12.0 (java windows)
Content-Length: 88
Content-Type: application/json; charset=utf-8
host: localhost:44224
accept: */*

Response DefaultHttpResponse(decodeResult: success, version: HTTP/1.1)
HTTP/1.1 200 OK
Content-Length: 14
Content-Type: application/json; charset=utf-8
cache-control: no-cache

22:41:53.459 [AsyncHttpClient-1-14] DEBUG org.asynchttpclient.netty.channel.ChannelManager - Adding key: http://localhost:44224 for channel [id: 0x13af64c4, L:/127.0.0.1:54826 - R:localhost/127.0.0.1:44224]
22:41:54.085 [AsyncHttpClient-1-1] DEBUG org.asynchttpclient.netty.channel.DefaultChannelPool - Entry count for : http://localhost:54827 : 1
22:41:54.085 [AsyncHttpClient-1-1] DEBUG org.asynchttpclient.netty.channel.DefaultChannelPool - Entry count for : http://localhost:44224 : 1
22:41:55.182 [AsyncHttpClient-1-1] DEBUG org.asynchttpclient.netty.channel.DefaultChannelPool - Entry count for : http://localhost:54827 : 1
22:41:55.182 [AsyncHttpClient-1-1] DEBUG org.asynchttpclient.netty.channel.DefaultChannelPool - Entry count for : http://localhost:44224 : 1
22:41:56.285 [AsyncHttpClient-1-1] DEBUG org.asynchttpclient.netty.channel.DefaultChannelPool - Entry count for : http://localhost:54827 : 1
22:41:56.285 [AsyncHttpClient-1-1] DEBUG org.asynchttpclient.netty.channel.DefaultChannelPool - Entry count for : http://localhost:44224 : 1
screen shot class not taking
  Given I am on dashboardfokisaj290@edectus.com and Fleet@123            # StepDefination.Customer_onboarding.I_am_on_dashboard(java.lang.String,java.lang.String)
22:41:56.469 [Forwarding findElement on session 017f1862af1eb421fbdce7f3d6cc78f9 to remote] DEBUG org.asynchttpclient.netty.request.NettyRequestSender - Using pooled Channel '[id: 0x13af64c4, L:/127.0.0.1:54826 - R:localhost/127.0.0.1:44224]' for 'POST' to 'http://localhost:44224/session/017f1862af1eb421fbdce7f3d6cc78f9/element'
22:41:56.469 [Forwarding findElement on session 017f1862af1eb421fbdce7f3d6cc78f9 to remote] DEBUG org.asynchttpclient.netty.request.NettyRequestSender - Using open Channel [id: 0x13af64c4, L:/127.0.0.1:54826 - R:localhost/127.0.0.1:44224] for POST '/session/017f1862af1eb421fbdce7f3d6cc78f9/element'
22:41:56.565 [AsyncHttpClient-1-14] DEBUG org.asynchttpclient.netty.handler.HttpHandler - 

Request DefaultHttpRequest(decodeResult: success, version: HTTP/1.1)
POST /session/017f1862af1eb421fbdce7f3d6cc78f9/element HTTP/1.1
User-Agent: selenium/4.12.0 (java windows)
Content-Length: 127
Content-Type: application/json; charset=utf-8
host: localhost:44224
accept: */*

Response DefaultHttpResponse(decodeResult: success, version: HTTP/1.1)
HTTP/1.1 200 OK
Content-Length: 126
Content-Type: application/json; charset=utf-8
cache-control: no-cache

22:41:56.565 [AsyncHttpClient-1-14] DEBUG org.asynchttpclient.netty.channel.ChannelManager - Adding key: http://localhost:44224 for channel [id: 0x13af64c4, L:/127.0.0.1:54826 - R:localhost/127.0.0.1:44224]
22:41:56.573 [Forwarding getElementText on session 017f1862af1eb421fbdce7f3d6cc78f9 to remote] DEBUG org.asynchttpclient.netty.request.NettyRequestSender - Using pooled Channel '[id: 0x13af64c4, L:/127.0.0.1:54826 - R:localhost/127.0.0.1:44224]' for 'GET' to 'http://localhost:44224/session/017f1862af1eb421fbdce7f3d6cc78f9/element/f.DADC30EEC02E226B794BCB660AE49937.d.D19E423C9C650E876AC3B6FFA14D9B76.e.42/text'
22:41:56.573 [Forwarding getElementText on session 017f1862af1eb421fbdce7f3d6cc78f9 to remote] DEBUG org.asynchttpclient.netty.request.NettyRequestSender - Using open Channel [id: 0x13af64c4, L:/127.0.0.1:54826 - R:localhost/127.0.0.1:44224] for GET '/session/017f1862af1eb421fbdce7f3d6cc78f9/element/f.DADC30EEC02E226B794BCB660AE49937.d.D19E423C9C650E876AC3B6FFA14D9B76.e.42/text'
22:41:56.589 [AsyncHttpClient-1-14] DEBUG org.asynchttpclient.netty.handler.HttpHandler - 

Request DefaultFullHttpRequest(decodeResult: success, version: HTTP/1.1, content: EmptyByteBufBE)
GET /session/017f1862af1eb421fbdce7f3d6cc78f9/element/f.DADC30EEC02E226B794BCB660AE49937.d.D19E423C9C650E876AC3B6FFA14D9B76.e.42/text HTTP/1.1
Cache-Control: no-cache
User-Agent: selenium/4.12.0 (java windows)
Content-Type: application/json; charset=utf-8
host: localhost:44224
accept: */*

Response DefaultHttpResponse(decodeResult: success, version: HTTP/1.1)
HTTP/1.1 200 OK
Content-Length: 21
Content-Type: application/json; charset=utf-8
cache-control: no-cache

22:41:56.589 [AsyncHttpClient-1-14] DEBUG org.asynchttpclient.netty.channel.ChannelManager - Adding key: http://localhost:44224 for channel [id: 0x13af64c4, L:/127.0.0.1:54826 - R:localhost/127.0.0.1:44224]
22:41:56.597 [Forwarding findElement on session 017f1862af1eb421fbdce7f3d6cc78f9 to remote] DEBUG org.asynchttpclient.netty.request.NettyRequestSender - Using pooled Channel '[id: 0x13af64c4, L:/127.0.0.1:54826 - R:localhost/127.0.0.1:44224]' for 'POST' to 'http://localhost:44224/session/017f1862af1eb421fbdce7f3d6cc78f9/element'
22:41:56.597 [Forwarding findElement on session 017f1862af1eb421fbdce7f3d6cc78f9 to remote] DEBUG org.asynchttpclient.netty.request.NettyRequestSender - Using open Channel [id: 0x13af64c4, L:/127.0.0.1:54826 - R:localhost/127.0.0.1:44224] for POST '/session/017f1862af1eb421fbdce7f3d6cc78f9/element'
22:41:56.653 [AsyncHttpClient-1-14] DEBUG org.asynchttpclient.netty.handler.HttpHandler - 

Request DefaultHttpRequest(decodeResult: success, version: HTTP/1.1)
POST /session/017f1862af1eb421fbdce7f3d6cc78f9/element HTTP/1.1
User-Agent: selenium/4.12.0 (java windows)
Content-Length: 127
Content-Type: application/json; charset=utf-8
host: localhost:44224
accept: */*

Response DefaultHttpResponse(decodeResult: success, version: HTTP/1.1)
HTTP/1.1 200 OK
Content-Length: 126
Content-Type: application/json; charset=utf-8
cache-control: no-cache

22:41:56.653 [AsyncHttpClient-1-14] DEBUG org.asynchttpclient.netty.channel.ChannelManager - Adding key: http://localhost:44224 for channel [id: 0x13af64c4, L:/127.0.0.1:54826 - R:localhost/127.0.0.1:44224]
22:41:56.661 [Forwarding clickElement on session 017f1862af1eb421fbdce7f3d6cc78f9 to remote] DEBUG org.asynchttpclient.netty.request.NettyRequestSender - Using pooled Channel '[id: 0x13af64c4, L:/127.0.0.1:54826 - R:localhost/127.0.0.1:44224]' for 'POST' to 'http://localhost:44224/session/017f1862af1eb421fbdce7f3d6cc78f9/element/f.DADC30EEC02E226B794BCB660AE49937.d.D19E423C9C650E876AC3B6FFA14D9B76.e.42/click'
22:41:56.661 [Forwarding clickElement on session 017f1862af1eb421fbdce7f3d6cc78f9 to remote] DEBUG org.asynchttpclient.netty.request.NettyRequestSender - Using open Channel [id: 0x13af64c4, L:/127.0.0.1:54826 - R:localhost/127.0.0.1:44224] for POST '/session/017f1862af1eb421fbdce7f3d6cc78f9/element/f.DADC30EEC02E226B794BCB660AE49937.d.D19E423C9C650E876AC3B6FFA14D9B76.e.42/click'
22:41:56.854 [AsyncHttpClient-1-14] DEBUG org.asynchttpclient.netty.handler.HttpHandler - 

Request DefaultHttpRequest(decodeResult: success, version: HTTP/1.1)
POST /session/017f1862af1eb421fbdce7f3d6cc78f9/element/f.DADC30EEC02E226B794BCB660AE49937.d.D19E423C9C650E876AC3B6FFA14D9B76.e.42/click HTTP/1.1
User-Agent: selenium/4.12.0 (java windows)
Content-Length: 88
Content-Type: application/json; charset=utf-8
host: localhost:44224
accept: */*

Response DefaultHttpResponse(decodeResult: success, version: HTTP/1.1)
HTTP/1.1 200 OK
Content-Length: 14
Content-Type: application/json; charset=utf-8
cache-control: no-cache

22:41:56.854 [AsyncHttpClient-1-14] DEBUG org.asynchttpclient.netty.channel.ChannelManager - Adding key: http://localhost:44224 for channel [id: 0x13af64c4, L:/127.0.0.1:54826 - R:localhost/127.0.0.1:44224]
22:41:57.391 [AsyncHttpClient-1-1] DEBUG org.asynchttpclient.netty.channel.DefaultChannelPool - Entry count for : http://localhost:54827 : 1
22:41:57.391 [AsyncHttpClient-1-1] DEBUG org.asynchttpclient.netty.channel.DefaultChannelPool - Entry count for : http://localhost:44224 : 1
22:41:58.484 [AsyncHttpClient-1-1] DEBUG org.asynchttpclient.netty.channel.DefaultChannelPool - Entry count for : http://localhost:54827 : 1
22:41:58.484 [AsyncHttpClient-1-1] DEBUG org.asynchttpclient.netty.channel.DefaultChannelPool - Entry count for : http://localhost:44224 : 1
screen shot class not taking
22:41:58.869 [Forwarding findElement on session 017f1862af1eb421fbdce7f3d6cc78f9 to remote] DEBUG org.asynchttpclient.netty.request.NettyRequestSender - Using pooled Channel '[id: 0x13af64c4, L:/127.0.0.1:54826 - R:localhost/127.0.0.1:44224]' for 'POST' to 'http://localhost:44224/session/017f1862af1eb421fbdce7f3d6cc78f9/element'
22:41:58.869 [Forwarding findElement on session 017f1862af1eb421fbdce7f3d6cc78f9 to remote] DEBUG org.asynchttpclient.netty.request.NettyRequestSender - Using open Channel [id: 0x13af64c4, L:/127.0.0.1:54826 - R:localhost/127.0.0.1:44224] for POST '/session/017f1862af1eb421fbdce7f3d6cc78f9/element'
22:41:58.886 [AsyncHttpClient-1-14] DEBUG org.asynchttpclient.netty.handler.HttpHandler - 

Request DefaultHttpRequest(decodeResult: success, version: HTTP/1.1)
POST /session/017f1862af1eb421fbdce7f3d6cc78f9/element HTTP/1.1
User-Agent: selenium/4.12.0 (java windows)
Content-Length: 178
Content-Type: application/json; charset=utf-8
host: localhost:44224
accept: */*

Response DefaultHttpResponse(decodeResult: success, version: HTTP/1.1)
HTTP/1.1 200 OK
Content-Length: 126
Content-Type: application/json; charset=utf-8
cache-control: no-cache

22:41:58.886 [AsyncHttpClient-1-14] DEBUG org.asynchttpclient.netty.channel.ChannelManager - Adding key: http://localhost:44224 for channel [id: 0x13af64c4, L:/127.0.0.1:54826 - R:localhost/127.0.0.1:44224]
22:41:58.886 [Forwarding getElementText on session 017f1862af1eb421fbdce7f3d6cc78f9 to remote] DEBUG org.asynchttpclient.netty.request.NettyRequestSender - Using pooled Channel '[id: 0x13af64c4, L:/127.0.0.1:54826 - R:localhost/127.0.0.1:44224]' for 'GET' to 'http://localhost:44224/session/017f1862af1eb421fbdce7f3d6cc78f9/element/f.DADC30EEC02E226B794BCB660AE49937.d.D19E423C9C650E876AC3B6FFA14D9B76.e.45/text'
22:41:58.886 [Forwarding getElementText on session 017f1862af1eb421fbdce7f3d6cc78f9 to remote] DEBUG org.asynchttpclient.netty.request.NettyRequestSender - Using open Channel [id: 0x13af64c4, L:/127.0.0.1:54826 - R:localhost/127.0.0.1:44224] for GET '/session/017f1862af1eb421fbdce7f3d6cc78f9/element/f.DADC30EEC02E226B794BCB660AE49937.d.D19E423C9C650E876AC3B6FFA14D9B76.e.45/text'
22:41:58.912 [AsyncHttpClient-1-14] DEBUG org.asynchttpclient.netty.handler.HttpHandler - 

Request DefaultFullHttpRequest(decodeResult: success, version: HTTP/1.1, content: EmptyByteBufBE)
GET /session/017f1862af1eb421fbdce7f3d6cc78f9/element/f.DADC30EEC02E226B794BCB660AE49937.d.D19E423C9C650E876AC3B6FFA14D9B76.e.45/text HTTP/1.1
Cache-Control: no-cache
User-Agent: selenium/4.12.0 (java windows)
Content-Type: application/json; charset=utf-8
host: localhost:44224
accept: */*

Response DefaultHttpResponse(decodeResult: success, version: HTTP/1.1)
HTTP/1.1 200 OK
Content-Length: 28
Content-Type: application/json; charset=utf-8
cache-control: no-cache

22:41:58.912 [AsyncHttpClient-1-14] DEBUG org.asynchttpclient.netty.channel.ChannelManager - Adding key: http://localhost:44224 for channel [id: 0x13af64c4, L:/127.0.0.1:54826 - R:localhost/127.0.0.1:44224]
22:41:58.912 [Forwarding findElement on session 017f1862af1eb421fbdce7f3d6cc78f9 to remote] DEBUG org.asynchttpclient.netty.request.NettyRequestSender - Using pooled Channel '[id: 0x13af64c4, L:/127.0.0.1:54826 - R:localhost/127.0.0.1:44224]' for 'POST' to 'http://localhost:44224/session/017f1862af1eb421fbdce7f3d6cc78f9/element'
22:41:58.912 [Forwarding findElement on session 017f1862af1eb421fbdce7f3d6cc78f9 to remote] DEBUG org.asynchttpclient.netty.request.NettyRequestSender - Using open Channel [id: 0x13af64c4, L:/127.0.0.1:54826 - R:localhost/127.0.0.1:44224] for POST '/session/017f1862af1eb421fbdce7f3d6cc78f9/element'
22:41:58.934 [AsyncHttpClient-1-14] DEBUG org.asynchttpclient.netty.handler.HttpHandler - 

Request DefaultHttpRequest(decodeResult: success, version: HTTP/1.1)
POST /session/017f1862af1eb421fbdce7f3d6cc78f9/element HTTP/1.1
User-Agent: selenium/4.12.0 (java windows)
Content-Length: 178
Content-Type: application/json; charset=utf-8
host: localhost:44224
accept: */*

Response DefaultHttpResponse(decodeResult: success, version: HTTP/1.1)
HTTP/1.1 200 OK
Content-Length: 126
Content-Type: application/json; charset=utf-8
cache-control: no-cache

22:41:58.942 [AsyncHttpClient-1-14] DEBUG org.asynchttpclient.netty.channel.ChannelManager - Adding key: http://localhost:44224 for channel [id: 0x13af64c4, L:/127.0.0.1:54826 - R:localhost/127.0.0.1:44224]
22:41:58.942 [Forwarding clickElement on session 017f1862af1eb421fbdce7f3d6cc78f9 to remote] DEBUG org.asynchttpclient.netty.request.NettyRequestSender - Using pooled Channel '[id: 0x13af64c4, L:/127.0.0.1:54826 - R:localhost/127.0.0.1:44224]' for 'POST' to 'http://localhost:44224/session/017f1862af1eb421fbdce7f3d6cc78f9/element/f.DADC30EEC02E226B794BCB660AE49937.d.D19E423C9C650E876AC3B6FFA14D9B76.e.45/click'
22:41:58.942 [Forwarding clickElement on session 017f1862af1eb421fbdce7f3d6cc78f9 to remote] DEBUG org.asynchttpclient.netty.request.NettyRequestSender - Using open Channel [id: 0x13af64c4, L:/127.0.0.1:54826 - R:localhost/127.0.0.1:44224] for POST '/session/017f1862af1eb421fbdce7f3d6cc78f9/element/f.DADC30EEC02E226B794BCB660AE49937.d.D19E423C9C650E876AC3B6FFA14D9B76.e.45/click'
22:41:59.112 [AsyncHttpClient-1-14] DEBUG org.asynchttpclient.netty.handler.HttpHandler - 

Request DefaultHttpRequest(decodeResult: success, version: HTTP/1.1)
POST /session/017f1862af1eb421fbdce7f3d6cc78f9/element/f.DADC30EEC02E226B794BCB660AE49937.d.D19E423C9C650E876AC3B6FFA14D9B76.e.45/click HTTP/1.1
User-Agent: selenium/4.12.0 (java windows)
Content-Length: 88
Content-Type: application/json; charset=utf-8
host: localhost:44224
accept: */*

Response DefaultHttpResponse(decodeResult: success, version: HTTP/1.1)
HTTP/1.1 200 OK
Content-Length: 14
Content-Type: application/json; charset=utf-8
cache-control: no-cache

22:41:59.112 [AsyncHttpClient-1-14] DEBUG org.asynchttpclient.netty.channel.ChannelManager - Adding key: http://localhost:44224 for channel [id: 0x13af64c4, L:/127.0.0.1:54826 - R:localhost/127.0.0.1:44224]
  When Open customer form                                                # StepDefination.Customer_onboarding.Open_customer_form()
22:41:59.593 [AsyncHttpClient-1-1] DEBUG org.asynchttpclient.netty.channel.DefaultChannelPool - Entry count for : http://localhost:54827 : 1
22:41:59.593 [AsyncHttpClient-1-1] DEBUG org.asynchttpclient.netty.channel.DefaultChannelPool - Entry count for : http://localhost:44224 : 1
22:42:00.620 [Forwarding findElement on session 017f1862af1eb421fbdce7f3d6cc78f9 to remote] DEBUG org.asynchttpclient.netty.request.NettyRequestSender - Using pooled Channel '[id: 0x13af64c4, L:/127.0.0.1:54826 - R:localhost/127.0.0.1:44224]' for 'POST' to 'http://localhost:44224/session/017f1862af1eb421fbdce7f3d6cc78f9/element'
22:42:00.620 [Forwarding findElement on session 017f1862af1eb421fbdce7f3d6cc78f9 to remote] DEBUG org.asynchttpclient.netty.request.NettyRequestSender - Using open Channel [id: 0x13af64c4, L:/127.0.0.1:54826 - R:localhost/127.0.0.1:44224] for POST '/session/017f1862af1eb421fbdce7f3d6cc78f9/element'
22:42:00.652 [AsyncHttpClient-1-14] DEBUG org.asynchttpclient.netty.handler.HttpHandler - 

Request DefaultHttpRequest(decodeResult: success, version: HTTP/1.1)
POST /session/017f1862af1eb421fbdce7f3d6cc78f9/element HTTP/1.1
User-Agent: selenium/4.12.0 (java windows)
Content-Length: 114
Content-Type: application/json; charset=utf-8
host: localhost:44224
accept: */*

Response DefaultHttpResponse(decodeResult: success, version: HTTP/1.1)
HTTP/1.1 200 OK
Content-Length: 126
Content-Type: application/json; charset=utf-8
cache-control: no-cache

22:42:00.652 [AsyncHttpClient-1-14] DEBUG org.asynchttpclient.netty.channel.ChannelManager - Adding key: http://localhost:44224 for channel [id: 0x13af64c4, L:/127.0.0.1:54826 - R:localhost/127.0.0.1:44224]
22:42:00.660 [Forwarding sendKeysToElement on session 017f1862af1eb421fbdce7f3d6cc78f9 to remote] DEBUG org.asynchttpclient.netty.request.NettyRequestSender - Using pooled Channel '[id: 0x13af64c4, L:/127.0.0.1:54826 - R:localhost/127.0.0.1:44224]' for 'POST' to 'http://localhost:44224/session/017f1862af1eb421fbdce7f3d6cc78f9/element/f.DADC30EEC02E226B794BCB660AE49937.d.D19E423C9C650E876AC3B6FFA14D9B76.e.49/value'
22:42:00.660 [Forwarding sendKeysToElement on session 017f1862af1eb421fbdce7f3d6cc78f9 to remote] DEBUG org.asynchttpclient.netty.request.NettyRequestSender - Using open Channel [id: 0x13af64c4, L:/127.0.0.1:54826 - R:localhost/127.0.0.1:44224] for POST '/session/017f1862af1eb421fbdce7f3d6cc78f9/element/f.DADC30EEC02E226B794BCB660AE49937.d.D19E423C9C650E876AC3B6FFA14D9B76.e.49/value'
22:42:00.684 [AsyncHttpClient-1-1] DEBUG org.asynchttpclient.netty.channel.DefaultChannelPool - Entry count for : http://localhost:54827 : 1
22:42:01.076 [AsyncHttpClient-1-14] DEBUG org.asynchttpclient.netty.handler.HttpHandler - 

Request DefaultHttpRequest(decodeResult: success, version: HTTP/1.1)
POST /session/017f1862af1eb421fbdce7f3d6cc78f9/element/f.DADC30EEC02E226B794BCB660AE49937.d.D19E423C9C650E876AC3B6FFA14D9B76.e.49/value HTTP/1.1
User-Agent: selenium/4.12.0 (java windows)
Content-Length: 349
Content-Type: application/json; charset=utf-8
host: localhost:44224
accept: */*

Response DefaultHttpResponse(decodeResult: success, version: HTTP/1.1)
HTTP/1.1 200 OK
Content-Length: 14
Content-Type: application/json; charset=utf-8
cache-control: no-cache

22:42:01.084 [AsyncHttpClient-1-14] DEBUG org.asynchttpclient.netty.channel.ChannelManager - Adding key: http://localhost:44224 for channel [id: 0x13af64c4, L:/127.0.0.1:54826 - R:localhost/127.0.0.1:44224]
22:42:01.084 [Forwarding findElement on session 017f1862af1eb421fbdce7f3d6cc78f9 to remote] DEBUG org.asynchttpclient.netty.request.NettyRequestSender - Using pooled Channel '[id: 0x13af64c4, L:/127.0.0.1:54826 - R:localhost/127.0.0.1:44224]' for 'POST' to 'http://localhost:44224/session/017f1862af1eb421fbdce7f3d6cc78f9/element'
22:42:01.084 [Forwarding findElement on session 017f1862af1eb421fbdce7f3d6cc78f9 to remote] DEBUG org.asynchttpclient.netty.request.NettyRequestSender - Using open Channel [id: 0x13af64c4, L:/127.0.0.1:54826 - R:localhost/127.0.0.1:44224] for POST '/session/017f1862af1eb421fbdce7f3d6cc78f9/element'
22:42:01.100 [AsyncHttpClient-1-14] DEBUG org.asynchttpclient.netty.handler.HttpHandler - 

Request DefaultHttpRequest(decodeResult: success, version: HTTP/1.1)
POST /session/017f1862af1eb421fbdce7f3d6cc78f9/element HTTP/1.1
User-Agent: selenium/4.12.0 (java windows)
Content-Length: 87
Content-Type: application/json; charset=utf-8
host: localhost:44224
accept: */*

Response DefaultHttpResponse(decodeResult: success, version: HTTP/1.1)
HTTP/1.1 200 OK
Content-Length: 126
Content-Type: application/json; charset=utf-8
cache-control: no-cache

22:42:01.100 [AsyncHttpClient-1-14] DEBUG org.asynchttpclient.netty.channel.ChannelManager - Adding key: http://localhost:44224 for channel [id: 0x13af64c4, L:/127.0.0.1:54826 - R:localhost/127.0.0.1:44224]
22:42:01.100 [Forwarding sendKeysToElement on session 017f1862af1eb421fbdce7f3d6cc78f9 to remote] DEBUG org.asynchttpclient.netty.request.NettyRequestSender - Using pooled Channel '[id: 0x13af64c4, L:/127.0.0.1:54826 - R:localhost/127.0.0.1:44224]' for 'POST' to 'http://localhost:44224/session/017f1862af1eb421fbdce7f3d6cc78f9/element/f.DADC30EEC02E226B794BCB660AE49937.d.D19E423C9C650E876AC3B6FFA14D9B76.e.50/value'
22:42:01.100 [Forwarding sendKeysToElement on session 017f1862af1eb421fbdce7f3d6cc78f9 to remote] DEBUG org.asynchttpclient.netty.request.NettyRequestSender - Using open Channel [id: 0x13af64c4, L:/127.0.0.1:54826 - R:localhost/127.0.0.1:44224] for POST '/session/017f1862af1eb421fbdce7f3d6cc78f9/element/f.DADC30EEC02E226B794BCB660AE49937.d.D19E423C9C650E876AC3B6FFA14D9B76.e.50/value'
22:42:01.270 [AsyncHttpClient-1-14] DEBUG org.asynchttpclient.netty.handler.HttpHandler - 

Request DefaultHttpRequest(decodeResult: success, version: HTTP/1.1)
POST /session/017f1862af1eb421fbdce7f3d6cc78f9/element/f.DADC30EEC02E226B794BCB660AE49937.d.D19E423C9C650E876AC3B6FFA14D9B76.e.50/value HTTP/1.1
User-Agent: selenium/4.12.0 (java windows)
Content-Length: 179
Content-Type: application/json; charset=utf-8
host: localhost:44224
accept: */*

Response DefaultHttpResponse(decodeResult: success, version: HTTP/1.1)
HTTP/1.1 200 OK
Content-Length: 14
Content-Type: application/json; charset=utf-8
cache-control: no-cache

22:42:01.270 [AsyncHttpClient-1-14] DEBUG org.asynchttpclient.netty.channel.ChannelManager - Adding key: http://localhost:44224 for channel [id: 0x13af64c4, L:/127.0.0.1:54826 - R:localhost/127.0.0.1:44224]
22:42:01.270 [Forwarding findElement on session 017f1862af1eb421fbdce7f3d6cc78f9 to remote] DEBUG org.asynchttpclient.netty.request.NettyRequestSender - Using pooled Channel '[id: 0x13af64c4, L:/127.0.0.1:54826 - R:localhost/127.0.0.1:44224]' for 'POST' to 'http://localhost:44224/session/017f1862af1eb421fbdce7f3d6cc78f9/element'
22:42:01.270 [Forwarding findElement on session 017f1862af1eb421fbdce7f3d6cc78f9 to remote] DEBUG org.asynchttpclient.netty.request.NettyRequestSender - Using open Channel [id: 0x13af64c4, L:/127.0.0.1:54826 - R:localhost/127.0.0.1:44224] for POST '/session/017f1862af1eb421fbdce7f3d6cc78f9/element'
22:42:01.294 [AsyncHttpClient-1-14] DEBUG org.asynchttpclient.netty.handler.HttpHandler - 

Request DefaultHttpRequest(decodeResult: success, version: HTTP/1.1)
POST /session/017f1862af1eb421fbdce7f3d6cc78f9/element HTTP/1.1
User-Agent: selenium/4.12.0 (java windows)
Content-Length: 96
Content-Type: application/json; charset=utf-8
host: localhost:44224
accept: */*

Response DefaultHttpResponse(decodeResult: success, version: HTTP/1.1)
HTTP/1.1 200 OK
Content-Length: 126
Content-Type: application/json; charset=utf-8
cache-control: no-cache

22:42:01.294 [AsyncHttpClient-1-14] DEBUG org.asynchttpclient.netty.channel.ChannelManager - Adding key: http://localhost:44224 for channel [id: 0x13af64c4, L:/127.0.0.1:54826 - R:localhost/127.0.0.1:44224]
22:42:01.294 [Forwarding sendKeysToElement on session 017f1862af1eb421fbdce7f3d6cc78f9 to remote] DEBUG org.asynchttpclient.netty.request.NettyRequestSender - Using pooled Channel '[id: 0x13af64c4, L:/127.0.0.1:54826 - R:localhost/127.0.0.1:44224]' for 'POST' to 'http://localhost:44224/session/017f1862af1eb421fbdce7f3d6cc78f9/element/f.DADC30EEC02E226B794BCB660AE49937.d.D19E423C9C650E876AC3B6FFA14D9B76.e.51/value'
22:42:01.294 [Forwarding sendKeysToElement on session 017f1862af1eb421fbdce7f3d6cc78f9 to remote] DEBUG org.asynchttpclient.netty.request.NettyRequestSender - Using open Channel [id: 0x13af64c4, L:/127.0.0.1:54826 - R:localhost/127.0.0.1:44224] for POST '/session/017f1862af1eb421fbdce7f3d6cc78f9/element/f.DADC30EEC02E226B794BCB660AE49937.d.D19E423C9C650E876AC3B6FFA14D9B76.e.51/value'
22:42:01.535 [AsyncHttpClient-1-14] DEBUG org.asynchttpclient.netty.handler.HttpHandler - 

Request DefaultHttpRequest(decodeResult: success, version: HTTP/1.1)
POST /session/017f1862af1eb421fbdce7f3d6cc78f9/element/f.DADC30EEC02E226B794BCB660AE49937.d.D19E423C9C650E876AC3B6FFA14D9B76.e.51/value HTTP/1.1
User-Agent: selenium/4.12.0 (java windows)
Content-Length: 229
Content-Type: application/json; charset=utf-8
host: localhost:44224
accept: */*

Response DefaultHttpResponse(decodeResult: success, version: HTTP/1.1)
HTTP/1.1 200 OK
Content-Length: 14
Content-Type: application/json; charset=utf-8
cache-control: no-cache

22:42:01.535 [AsyncHttpClient-1-14] DEBUG org.asynchttpclient.netty.channel.ChannelManager - Adding key: http://localhost:44224 for channel [id: 0x13af64c4, L:/127.0.0.1:54826 - R:localhost/127.0.0.1:44224]
22:42:01.535 [Forwarding findElement on session 017f1862af1eb421fbdce7f3d6cc78f9 to remote] DEBUG org.asynchttpclient.netty.request.NettyRequestSender - Using pooled Channel '[id: 0x13af64c4, L:/127.0.0.1:54826 - R:localhost/127.0.0.1:44224]' for 'POST' to 'http://localhost:44224/session/017f1862af1eb421fbdce7f3d6cc78f9/element'
22:42:01.535 [Forwarding findElement on session 017f1862af1eb421fbdce7f3d6cc78f9 to remote] DEBUG org.asynchttpclient.netty.request.NettyRequestSender - Using open Channel [id: 0x13af64c4, L:/127.0.0.1:54826 - R:localhost/127.0.0.1:44224] for POST '/session/017f1862af1eb421fbdce7f3d6cc78f9/element'
22:42:01.559 [AsyncHttpClient-1-14] DEBUG org.asynchttpclient.netty.handler.HttpHandler - 

Request DefaultHttpRequest(decodeResult: success, version: HTTP/1.1)
POST /session/017f1862af1eb421fbdce7f3d6cc78f9/element HTTP/1.1
User-Agent: selenium/4.12.0 (java windows)
Content-Length: 84
Content-Type: application/json; charset=utf-8
host: localhost:44224
accept: */*

Response DefaultHttpResponse(decodeResult: success, version: HTTP/1.1)
HTTP/1.1 200 OK
Content-Length: 126
Content-Type: application/json; charset=utf-8
cache-control: no-cache

22:42:01.559 [AsyncHttpClient-1-14] DEBUG org.asynchttpclient.netty.channel.ChannelManager - Adding key: http://localhost:44224 for channel [id: 0x13af64c4, L:/127.0.0.1:54826 - R:localhost/127.0.0.1:44224]
22:42:01.559 [Forwarding sendKeysToElement on session 017f1862af1eb421fbdce7f3d6cc78f9 to remote] DEBUG org.asynchttpclient.netty.request.NettyRequestSender - Using pooled Channel '[id: 0x13af64c4, L:/127.0.0.1:54826 - R:localhost/127.0.0.1:44224]' for 'POST' to 'http://localhost:44224/session/017f1862af1eb421fbdce7f3d6cc78f9/element/f.DADC30EEC02E226B794BCB660AE49937.d.D19E423C9C650E876AC3B6FFA14D9B76.e.52/value'
22:42:01.559 [Forwarding sendKeysToElement on session 017f1862af1eb421fbdce7f3d6cc78f9 to remote] DEBUG org.asynchttpclient.netty.request.NettyRequestSender - Using open Channel [id: 0x13af64c4, L:/127.0.0.1:54826 - R:localhost/127.0.0.1:44224] for POST '/session/017f1862af1eb421fbdce7f3d6cc78f9/element/f.DADC30EEC02E226B794BCB660AE49937.d.D19E423C9C650E876AC3B6FFA14D9B76.e.52/value'
22:42:01.767 [AsyncHttpClient-1-14] DEBUG org.asynchttpclient.netty.handler.HttpHandler - 

Request DefaultHttpRequest(decodeResult: success, version: HTTP/1.1)
POST /session/017f1862af1eb421fbdce7f3d6cc78f9/element/f.DADC30EEC02E226B794BCB660AE49937.d.D19E423C9C650E876AC3B6FFA14D9B76.e.52/value HTTP/1.1
User-Agent: selenium/4.12.0 (java windows)
Content-Length: 249
Content-Type: application/json; charset=utf-8
host: localhost:44224
accept: */*

Response DefaultHttpResponse(decodeResult: success, version: HTTP/1.1)
HTTP/1.1 200 OK
Content-Length: 14
Content-Type: application/json; charset=utf-8
cache-control: no-cache

22:42:01.767 [AsyncHttpClient-1-14] DEBUG org.asynchttpclient.netty.channel.ChannelManager - Adding key: http://localhost:44224 for channel [id: 0x13af64c4, L:/127.0.0.1:54826 - R:localhost/127.0.0.1:44224]
22:42:01.791 [AsyncHttpClient-1-1] DEBUG org.asynchttpclient.netty.channel.DefaultChannelPool - Entry count for : http://localhost:54827 : 1
22:42:01.791 [AsyncHttpClient-1-1] DEBUG org.asynchttpclient.netty.channel.DefaultChannelPool - Entry count for : http://localhost:44224 : 1
screen shot class not taking
  And Provide the company DetailsRandom 447788 Sara_Sharma www.royal.com # StepDefination.Customer_onboarding.Provide_the_customer_Details(java.lang.String,java.lang.String,java.lang.String,java.lang.String)
22:42:02.889 [AsyncHttpClient-1-1] DEBUG org.asynchttpclient.netty.channel.DefaultChannelPool - Entry count for : http://localhost:54827 : 1
22:42:02.889 [AsyncHttpClient-1-1] DEBUG org.asynchttpclient.netty.channel.DefaultChannelPool - Entry count for : http://localhost:44224 : 1
22:42:03.793 [Forwarding findElement on session 017f1862af1eb421fbdce7f3d6cc78f9 to remote] DEBUG org.asynchttpclient.netty.request.NettyRequestSender - Using pooled Channel '[id: 0x13af64c4, L:/127.0.0.1:54826 - R:localhost/127.0.0.1:44224]' for 'POST' to 'http://localhost:44224/session/017f1862af1eb421fbdce7f3d6cc78f9/element'
22:42:03.793 [Forwarding findElement on session 017f1862af1eb421fbdce7f3d6cc78f9 to remote] DEBUG org.asynchttpclient.netty.request.NettyRequestSender - Using open Channel [id: 0x13af64c4, L:/127.0.0.1:54826 - R:localhost/127.0.0.1:44224] for POST '/session/017f1862af1eb421fbdce7f3d6cc78f9/element'
22:42:03.809 [AsyncHttpClient-1-14] DEBUG org.asynchttpclient.netty.handler.HttpHandler - 

Request DefaultHttpRequest(decodeResult: success, version: HTTP/1.1)
POST /session/017f1862af1eb421fbdce7f3d6cc78f9/element HTTP/1.1
User-Agent: selenium/4.12.0 (java windows)
Content-Length: 82
Content-Type: application/json; charset=utf-8
host: localhost:44224
accept: */*

Response DefaultHttpResponse(decodeResult: success, version: HTTP/1.1)
HTTP/1.1 200 OK
Content-Length: 126
Content-Type: application/json; charset=utf-8
cache-control: no-cache

22:42:03.809 [AsyncHttpClient-1-14] DEBUG org.asynchttpclient.netty.channel.ChannelManager - Adding key: http://localhost:44224 for channel [id: 0x13af64c4, L:/127.0.0.1:54826 - R:localhost/127.0.0.1:44224]
22:42:03.809 [Forwarding sendKeysToElement on session 017f1862af1eb421fbdce7f3d6cc78f9 to remote] DEBUG org.asynchttpclient.netty.request.NettyRequestSender - Using pooled Channel '[id: 0x13af64c4, L:/127.0.0.1:54826 - R:localhost/127.0.0.1:44224]' for 'POST' to 'http://localhost:44224/session/017f1862af1eb421fbdce7f3d6cc78f9/element/f.DADC30EEC02E226B794BCB660AE49937.d.D19E423C9C650E876AC3B6FFA14D9B76.e.53/value'
22:42:03.809 [Forwarding sendKeysToElement on session 017f1862af1eb421fbdce7f3d6cc78f9 to remote] DEBUG org.asynchttpclient.netty.request.NettyRequestSender - Using open Channel [id: 0x13af64c4, L:/127.0.0.1:54826 - R:localhost/127.0.0.1:44224] for POST '/session/017f1862af1eb421fbdce7f3d6cc78f9/element/f.DADC30EEC02E226B794BCB660AE49937.d.D19E423C9C650E876AC3B6FFA14D9B76.e.53/value'
22:42:03.993 [AsyncHttpClient-1-1] DEBUG org.asynchttpclient.netty.channel.DefaultChannelPool - Entry count for : http://localhost:54827 : 1
22:42:04.009 [AsyncHttpClient-1-14] DEBUG org.asynchttpclient.netty.handler.HttpHandler - 

Request DefaultHttpRequest(decodeResult: success, version: HTTP/1.1)
POST /session/017f1862af1eb421fbdce7f3d6cc78f9/element/f.DADC30EEC02E226B794BCB660AE49937.d.D19E423C9C650E876AC3B6FFA14D9B76.e.53/value HTTP/1.1
User-Agent: selenium/4.12.0 (java windows)
Content-Length: 259
Content-Type: application/json; charset=utf-8
host: localhost:44224
accept: */*

Response DefaultHttpResponse(decodeResult: success, version: HTTP/1.1)
HTTP/1.1 200 OK
Content-Length: 14
Content-Type: application/json; charset=utf-8
cache-control: no-cache

22:42:04.009 [AsyncHttpClient-1-14] DEBUG org.asynchttpclient.netty.channel.ChannelManager - Adding key: http://localhost:44224 for channel [id: 0x13af64c4, L:/127.0.0.1:54826 - R:localhost/127.0.0.1:44224]
22:42:04.017 [Forwarding findElement on session 017f1862af1eb421fbdce7f3d6cc78f9 to remote] DEBUG org.asynchttpclient.netty.request.NettyRequestSender - Using pooled Channel '[id: 0x13af64c4, L:/127.0.0.1:54826 - R:localhost/127.0.0.1:44224]' for 'POST' to 'http://localhost:44224/session/017f1862af1eb421fbdce7f3d6cc78f9/element'
22:42:04.017 [Forwarding findElement on session 017f1862af1eb421fbdce7f3d6cc78f9 to remote] DEBUG org.asynchttpclient.netty.request.NettyRequestSender - Using open Channel [id: 0x13af64c4, L:/127.0.0.1:54826 - R:localhost/127.0.0.1:44224] for POST '/session/017f1862af1eb421fbdce7f3d6cc78f9/element'
22:42:04.027 [AsyncHttpClient-1-14] DEBUG org.asynchttpclient.netty.handler.HttpHandler - 

Request DefaultHttpRequest(decodeResult: success, version: HTTP/1.1)
POST /session/017f1862af1eb421fbdce7f3d6cc78f9/element HTTP/1.1
User-Agent: selenium/4.12.0 (java windows)
Content-Length: 89
Content-Type: application/json; charset=utf-8
host: localhost:44224
accept: */*

Response DefaultHttpResponse(decodeResult: success, version: HTTP/1.1)
HTTP/1.1 200 OK
Content-Length: 126
Content-Type: application/json; charset=utf-8
cache-control: no-cache

22:42:04.027 [AsyncHttpClient-1-14] DEBUG org.asynchttpclient.netty.channel.ChannelManager - Adding key: http://localhost:44224 for channel [id: 0x13af64c4, L:/127.0.0.1:54826 - R:localhost/127.0.0.1:44224]
22:42:04.034 [Forwarding sendKeysToElement on session 017f1862af1eb421fbdce7f3d6cc78f9 to remote] DEBUG org.asynchttpclient.netty.request.NettyRequestSender - Using pooled Channel '[id: 0x13af64c4, L:/127.0.0.1:54826 - R:localhost/127.0.0.1:44224]' for 'POST' to 'http://localhost:44224/session/017f1862af1eb421fbdce7f3d6cc78f9/element/f.DADC30EEC02E226B794BCB660AE49937.d.D19E423C9C650E876AC3B6FFA14D9B76.e.55/value'
22:42:04.034 [Forwarding sendKeysToElement on session 017f1862af1eb421fbdce7f3d6cc78f9 to remote] DEBUG org.asynchttpclient.netty.request.NettyRequestSender - Using open Channel [id: 0x13af64c4, L:/127.0.0.1:54826 - R:localhost/127.0.0.1:44224] for POST '/session/017f1862af1eb421fbdce7f3d6cc78f9/element/f.DADC30EEC02E226B794BCB660AE49937.d.D19E423C9C650E876AC3B6FFA14D9B76.e.55/value'
22:42:04.259 [AsyncHttpClient-1-14] DEBUG org.asynchttpclient.netty.handler.HttpHandler - 

Request DefaultHttpRequest(decodeResult: success, version: HTTP/1.1)
POST /session/017f1862af1eb421fbdce7f3d6cc78f9/element/f.DADC30EEC02E226B794BCB660AE49937.d.D19E423C9C650E876AC3B6FFA14D9B76.e.55/value HTTP/1.1
User-Agent: selenium/4.12.0 (java windows)
Content-Length: 219
Content-Type: application/json; charset=utf-8
host: localhost:44224
accept: */*

Response DefaultHttpResponse(decodeResult: success, version: HTTP/1.1)
HTTP/1.1 200 OK
Content-Length: 14
Content-Type: application/json; charset=utf-8
cache-control: no-cache

22:42:04.259 [AsyncHttpClient-1-14] DEBUG org.asynchttpclient.netty.channel.ChannelManager - Adding key: http://localhost:44224 for channel [id: 0x13af64c4, L:/127.0.0.1:54826 - R:localhost/127.0.0.1:44224]
screen shot class not taking
  And Provide the contact Details9865768576 royal@mail.com               # StepDefination.Customer_onboarding.Provide_the_contact_Details(java.lang.String,java.lang.String)
22:42:05.085 [AsyncHttpClient-1-1] DEBUG org.asynchttpclient.netty.channel.DefaultChannelPool - Entry count for : http://localhost:54827 : 1
22:42:05.085 [AsyncHttpClient-1-1] DEBUG org.asynchttpclient.netty.channel.DefaultChannelPool - Entry count for : http://localhost:44224 : 1
22:42:05.268 [Forwarding findElement on session 017f1862af1eb421fbdce7f3d6cc78f9 to remote] DEBUG org.asynchttpclient.netty.request.NettyRequestSender - Using pooled Channel '[id: 0x13af64c4, L:/127.0.0.1:54826 - R:localhost/127.0.0.1:44224]' for 'POST' to 'http://localhost:44224/session/017f1862af1eb421fbdce7f3d6cc78f9/element'
22:42:05.268 [Forwarding findElement on session 017f1862af1eb421fbdce7f3d6cc78f9 to remote] DEBUG org.asynchttpclient.netty.request.NettyRequestSender - Using open Channel [id: 0x13af64c4, L:/127.0.0.1:54826 - R:localhost/127.0.0.1:44224] for POST '/session/017f1862af1eb421fbdce7f3d6cc78f9/element'
22:42:05.284 [AsyncHttpClient-1-14] DEBUG org.asynchttpclient.netty.handler.HttpHandler - 

Request DefaultHttpRequest(decodeResult: success, version: HTTP/1.1)
POST /session/017f1862af1eb421fbdce7f3d6cc78f9/element HTTP/1.1
User-Agent: selenium/4.12.0 (java windows)
Content-Length: 94
Content-Type: application/json; charset=utf-8
host: localhost:44224
accept: */*

Response DefaultHttpResponse(decodeResult: success, version: HTTP/1.1)
HTTP/1.1 200 OK
Content-Length: 126
Content-Type: application/json; charset=utf-8
cache-control: no-cache

22:42:05.291 [AsyncHttpClient-1-14] DEBUG org.asynchttpclient.netty.channel.ChannelManager - Adding key: http://localhost:44224 for channel [id: 0x13af64c4, L:/127.0.0.1:54826 - R:localhost/127.0.0.1:44224]
22:42:05.292 [Forwarding sendKeysToElement on session 017f1862af1eb421fbdce7f3d6cc78f9 to remote] DEBUG org.asynchttpclient.netty.request.NettyRequestSender - Using pooled Channel '[id: 0x13af64c4, L:/127.0.0.1:54826 - R:localhost/127.0.0.1:44224]' for 'POST' to 'http://localhost:44224/session/017f1862af1eb421fbdce7f3d6cc78f9/element/f.DADC30EEC02E226B794BCB660AE49937.d.D19E423C9C650E876AC3B6FFA14D9B76.e.54/value'
22:42:05.292 [Forwarding sendKeysToElement on session 017f1862af1eb421fbdce7f3d6cc78f9 to remote] DEBUG org.asynchttpclient.netty.request.NettyRequestSender - Using open Channel [id: 0x13af64c4, L:/127.0.0.1:54826 - R:localhost/127.0.0.1:44224] for POST '/session/017f1862af1eb421fbdce7f3d6cc78f9/element/f.DADC30EEC02E226B794BCB660AE49937.d.D19E423C9C650E876AC3B6FFA14D9B76.e.54/value'
22:42:05.497 [AsyncHttpClient-1-14] DEBUG org.asynchttpclient.netty.handler.HttpHandler - 

Request DefaultHttpRequest(decodeResult: success, version: HTTP/1.1)
POST /session/017f1862af1eb421fbdce7f3d6cc78f9/element/f.DADC30EEC02E226B794BCB660AE49937.d.D19E423C9C650E876AC3B6FFA14D9B76.e.54/value HTTP/1.1
User-Agent: selenium/4.12.0 (java windows)
Content-Length: 239
Content-Type: application/json; charset=utf-8
host: localhost:44224
accept: */*

Response DefaultHttpResponse(decodeResult: success, version: HTTP/1.1)
HTTP/1.1 200 OK
Content-Length: 14
Content-Type: application/json; charset=utf-8
cache-control: no-cache

22:42:05.497 [AsyncHttpClient-1-14] DEBUG org.asynchttpclient.netty.channel.ChannelManager - Adding key: http://localhost:44224 for channel [id: 0x13af64c4, L:/127.0.0.1:54826 - R:localhost/127.0.0.1:44224]
22:42:05.497 [Forwarding findElement on session 017f1862af1eb421fbdce7f3d6cc78f9 to remote] DEBUG org.asynchttpclient.netty.request.NettyRequestSender - Using pooled Channel '[id: 0x13af64c4, L:/127.0.0.1:54826 - R:localhost/127.0.0.1:44224]' for 'POST' to 'http://localhost:44224/session/017f1862af1eb421fbdce7f3d6cc78f9/element'
22:42:05.497 [Forwarding findElement on session 017f1862af1eb421fbdce7f3d6cc78f9 to remote] DEBUG org.asynchttpclient.netty.request.NettyRequestSender - Using open Channel [id: 0x13af64c4, L:/127.0.0.1:54826 - R:localhost/127.0.0.1:44224] for POST '/session/017f1862af1eb421fbdce7f3d6cc78f9/element'
22:42:05.514 [AsyncHttpClient-1-14] DEBUG org.asynchttpclient.netty.handler.HttpHandler - 

Request DefaultHttpRequest(decodeResult: success, version: HTTP/1.1)
POST /session/017f1862af1eb421fbdce7f3d6cc78f9/element HTTP/1.1
User-Agent: selenium/4.12.0 (java windows)
Content-Length: 101
Content-Type: application/json; charset=utf-8
host: localhost:44224
accept: */*

Response DefaultHttpResponse(decodeResult: success, version: HTTP/1.1)
HTTP/1.1 200 OK
Content-Length: 126
Content-Type: application/json; charset=utf-8
cache-control: no-cache

22:42:05.514 [AsyncHttpClient-1-14] DEBUG org.asynchttpclient.netty.channel.ChannelManager - Adding key: http://localhost:44224 for channel [id: 0x13af64c4, L:/127.0.0.1:54826 - R:localhost/127.0.0.1:44224]
22:42:05.514 [Forwarding sendKeysToElement on session 017f1862af1eb421fbdce7f3d6cc78f9 to remote] DEBUG org.asynchttpclient.netty.request.NettyRequestSender - Using pooled Channel '[id: 0x13af64c4, L:/127.0.0.1:54826 - R:localhost/127.0.0.1:44224]' for 'POST' to 'http://localhost:44224/session/017f1862af1eb421fbdce7f3d6cc78f9/element/f.DADC30EEC02E226B794BCB660AE49937.d.D19E423C9C650E876AC3B6FFA14D9B76.e.56/value'
22:42:05.514 [Forwarding sendKeysToElement on session 017f1862af1eb421fbdce7f3d6cc78f9 to remote] DEBUG org.asynchttpclient.netty.request.NettyRequestSender - Using open Channel [id: 0x13af64c4, L:/127.0.0.1:54826 - R:localhost/127.0.0.1:44224] for POST '/session/017f1862af1eb421fbdce7f3d6cc78f9/element/f.DADC30EEC02E226B794BCB660AE49937.d.D19E423C9C650E876AC3B6FFA14D9B76.e.56/value'
22:42:05.681 [AsyncHttpClient-1-14] DEBUG org.asynchttpclient.netty.handler.HttpHandler - 

Request DefaultHttpRequest(decodeResult: success, version: HTTP/1.1)
POST /session/017f1862af1eb421fbdce7f3d6cc78f9/element/f.DADC30EEC02E226B794BCB660AE49937.d.D19E423C9C650E876AC3B6FFA14D9B76.e.56/value HTTP/1.1
User-Agent: selenium/4.12.0 (java windows)
Content-Length: 209
Content-Type: application/json; charset=utf-8
host: localhost:44224
accept: */*

Response DefaultHttpResponse(decodeResult: success, version: HTTP/1.1)
HTTP/1.1 200 OK
Content-Length: 14
Content-Type: application/json; charset=utf-8
cache-control: no-cache

22:42:05.681 [AsyncHttpClient-1-14] DEBUG org.asynchttpclient.netty.channel.ChannelManager - Adding key: http://localhost:44224 for channel [id: 0x13af64c4, L:/127.0.0.1:54826 - R:localhost/127.0.0.1:44224]
screen shot class not taking
  And Provide the alternate Details859889569 alt@mail.com                # StepDefination.Customer_onboarding.Provide_the_alternate_Details(java.lang.String,java.lang.String)
22:42:06.192 [AsyncHttpClient-1-1] DEBUG org.asynchttpclient.netty.channel.DefaultChannelPool - Entry count for : http://localhost:54827 : 1
22:42:06.192 [AsyncHttpClient-1-1] DEBUG org.asynchttpclient.netty.channel.DefaultChannelPool - Entry count for : http://localhost:44224 : 1
22:42:06.704 [Forwarding findElement on session 017f1862af1eb421fbdce7f3d6cc78f9 to remote] DEBUG org.asynchttpclient.netty.request.NettyRequestSender - Using pooled Channel '[id: 0x13af64c4, L:/127.0.0.1:54826 - R:localhost/127.0.0.1:44224]' for 'POST' to 'http://localhost:44224/session/017f1862af1eb421fbdce7f3d6cc78f9/element'
22:42:06.704 [Forwarding findElement on session 017f1862af1eb421fbdce7f3d6cc78f9 to remote] DEBUG org.asynchttpclient.netty.request.NettyRequestSender - Using open Channel [id: 0x13af64c4, L:/127.0.0.1:54826 - R:localhost/127.0.0.1:44224] for POST '/session/017f1862af1eb421fbdce7f3d6cc78f9/element'
22:42:06.725 [AsyncHttpClient-1-14] DEBUG org.asynchttpclient.netty.handler.HttpHandler - 

Request DefaultHttpRequest(decodeResult: success, version: HTTP/1.1)
POST /session/017f1862af1eb421fbdce7f3d6cc78f9/element HTTP/1.1
User-Agent: selenium/4.12.0 (java windows)
Content-Length: 88
Content-Type: application/json; charset=utf-8
host: localhost:44224
accept: */*

Response DefaultHttpResponse(decodeResult: success, version: HTTP/1.1)
HTTP/1.1 200 OK
Content-Length: 126
Content-Type: application/json; charset=utf-8
cache-control: no-cache

22:42:06.725 [AsyncHttpClient-1-14] DEBUG org.asynchttpclient.netty.channel.ChannelManager - Adding key: http://localhost:44224 for channel [id: 0x13af64c4, L:/127.0.0.1:54826 - R:localhost/127.0.0.1:44224]
22:42:06.725 [Forwarding sendKeysToElement on session 017f1862af1eb421fbdce7f3d6cc78f9 to remote] DEBUG org.asynchttpclient.netty.request.NettyRequestSender - Using pooled Channel '[id: 0x13af64c4, L:/127.0.0.1:54826 - R:localhost/127.0.0.1:44224]' for 'POST' to 'http://localhost:44224/session/017f1862af1eb421fbdce7f3d6cc78f9/element/f.DADC30EEC02E226B794BCB660AE49937.d.D19E423C9C650E876AC3B6FFA14D9B76.e.58/value'
22:42:06.725 [Forwarding sendKeysToElement on session 017f1862af1eb421fbdce7f3d6cc78f9 to remote] DEBUG org.asynchttpclient.netty.request.NettyRequestSender - Using open Channel [id: 0x13af64c4, L:/127.0.0.1:54826 - R:localhost/127.0.0.1:44224] for POST '/session/017f1862af1eb421fbdce7f3d6cc78f9/element/f.DADC30EEC02E226B794BCB660AE49937.d.D19E423C9C650E876AC3B6FFA14D9B76.e.58/value'
22:42:06.992 [AsyncHttpClient-1-14] DEBUG org.asynchttpclient.netty.handler.HttpHandler - 

Request DefaultHttpRequest(decodeResult: success, version: HTTP/1.1)
POST /session/017f1862af1eb421fbdce7f3d6cc78f9/element/f.DADC30EEC02E226B794BCB660AE49937.d.D19E423C9C650E876AC3B6FFA14D9B76.e.58/value HTTP/1.1
User-Agent: selenium/4.12.0 (java windows)
Content-Length: 259
Content-Type: application/json; charset=utf-8
host: localhost:44224
accept: */*

Response DefaultHttpResponse(decodeResult: success, version: HTTP/1.1)
HTTP/1.1 200 OK
Content-Length: 14
Content-Type: application/json; charset=utf-8
cache-control: no-cache

22:42:06.992 [AsyncHttpClient-1-14] DEBUG org.asynchttpclient.netty.channel.ChannelManager - Adding key: http://localhost:44224 for channel [id: 0x13af64c4, L:/127.0.0.1:54826 - R:localhost/127.0.0.1:44224]
22:42:06.992 [Forwarding findElement on session 017f1862af1eb421fbdce7f3d6cc78f9 to remote] DEBUG org.asynchttpclient.netty.request.NettyRequestSender - Using pooled Channel '[id: 0x13af64c4, L:/127.0.0.1:54826 - R:localhost/127.0.0.1:44224]' for 'POST' to 'http://localhost:44224/session/017f1862af1eb421fbdce7f3d6cc78f9/element'
22:42:06.992 [Forwarding findElement on session 017f1862af1eb421fbdce7f3d6cc78f9 to remote] DEBUG org.asynchttpclient.netty.request.NettyRequestSender - Using open Channel [id: 0x13af64c4, L:/127.0.0.1:54826 - R:localhost/127.0.0.1:44224] for POST '/session/017f1862af1eb421fbdce7f3d6cc78f9/element'
22:42:07.033 [AsyncHttpClient-1-14] DEBUG org.asynchttpclient.netty.handler.HttpHandler - 

Request DefaultHttpRequest(decodeResult: success, version: HTTP/1.1)
POST /session/017f1862af1eb421fbdce7f3d6cc78f9/element HTTP/1.1
User-Agent: selenium/4.12.0 (java windows)
Content-Length: 75
Content-Type: application/json; charset=utf-8
host: localhost:44224
accept: */*

Response DefaultHttpResponse(decodeResult: success, version: HTTP/1.1)
HTTP/1.1 200 OK
Content-Length: 126
Content-Type: application/json; charset=utf-8
cache-control: no-cache

22:42:07.033 [AsyncHttpClient-1-14] DEBUG org.asynchttpclient.netty.channel.ChannelManager - Adding key: http://localhost:44224 for channel [id: 0x13af64c4, L:/127.0.0.1:54826 - R:localhost/127.0.0.1:44224]
22:42:07.035 [Forwarding sendKeysToElement on session 017f1862af1eb421fbdce7f3d6cc78f9 to remote] DEBUG org.asynchttpclient.netty.request.NettyRequestSender - Using pooled Channel '[id: 0x13af64c4, L:/127.0.0.1:54826 - R:localhost/127.0.0.1:44224]' for 'POST' to 'http://localhost:44224/session/017f1862af1eb421fbdce7f3d6cc78f9/element/f.DADC30EEC02E226B794BCB660AE49937.d.D19E423C9C650E876AC3B6FFA14D9B76.e.59/value'
22:42:07.035 [Forwarding sendKeysToElement on session 017f1862af1eb421fbdce7f3d6cc78f9 to remote] DEBUG org.asynchttpclient.netty.request.NettyRequestSender - Using open Channel [id: 0x13af64c4, L:/127.0.0.1:54826 - R:localhost/127.0.0.1:44224] for POST '/session/017f1862af1eb421fbdce7f3d6cc78f9/element/f.DADC30EEC02E226B794BCB660AE49937.d.D19E423C9C650E876AC3B6FFA14D9B76.e.59/value'
22:42:07.140 [AsyncHttpClient-1-14] DEBUG org.asynchttpclient.netty.handler.HttpHandler - 

Request DefaultHttpRequest(decodeResult: success, version: HTTP/1.1)
POST /session/017f1862af1eb421fbdce7f3d6cc78f9/element/f.DADC30EEC02E226B794BCB660AE49937.d.D19E423C9C650E876AC3B6FFA14D9B76.e.59/value HTTP/1.1
User-Agent: selenium/4.12.0 (java windows)
Content-Length: 139
Content-Type: application/json; charset=utf-8
host: localhost:44224
accept: */*

Response DefaultHttpResponse(decodeResult: success, version: HTTP/1.1)
HTTP/1.1 200 OK
Content-Length: 14
Content-Type: application/json; charset=utf-8
cache-control: no-cache

22:42:07.140 [AsyncHttpClient-1-14] DEBUG org.asynchttpclient.netty.channel.ChannelManager - Adding key: http://localhost:44224 for channel [id: 0x13af64c4, L:/127.0.0.1:54826 - R:localhost/127.0.0.1:44224]
22:42:07.140 [Forwarding findElement on session 017f1862af1eb421fbdce7f3d6cc78f9 to remote] DEBUG org.asynchttpclient.netty.request.NettyRequestSender - Using pooled Channel '[id: 0x13af64c4, L:/127.0.0.1:54826 - R:localhost/127.0.0.1:44224]' for 'POST' to 'http://localhost:44224/session/017f1862af1eb421fbdce7f3d6cc78f9/element'
22:42:07.140 [Forwarding findElement on session 017f1862af1eb421fbdce7f3d6cc78f9 to remote] DEBUG org.asynchttpclient.netty.request.NettyRequestSender - Using open Channel [id: 0x13af64c4, L:/127.0.0.1:54826 - R:localhost/127.0.0.1:44224] for POST '/session/017f1862af1eb421fbdce7f3d6cc78f9/element'
22:42:07.161 [AsyncHttpClient-1-14] DEBUG org.asynchttpclient.netty.handler.HttpHandler - 

Request DefaultHttpRequest(decodeResult: success, version: HTTP/1.1)
POST /session/017f1862af1eb421fbdce7f3d6cc78f9/element HTTP/1.1
User-Agent: selenium/4.12.0 (java windows)
Content-Length: 90
Content-Type: application/json; charset=utf-8
host: localhost:44224
accept: */*

Response DefaultHttpResponse(decodeResult: success, version: HTTP/1.1)
HTTP/1.1 200 OK
Content-Length: 126
Content-Type: application/json; charset=utf-8
cache-control: no-cache

22:42:07.161 [AsyncHttpClient-1-14] DEBUG org.asynchttpclient.netty.channel.ChannelManager - Adding key: http://localhost:44224 for channel [id: 0x13af64c4, L:/127.0.0.1:54826 - R:localhost/127.0.0.1:44224]
22:42:07.161 [Forwarding sendKeysToElement on session 017f1862af1eb421fbdce7f3d6cc78f9 to remote] DEBUG org.asynchttpclient.netty.request.NettyRequestSender - Using pooled Channel '[id: 0x13af64c4, L:/127.0.0.1:54826 - R:localhost/127.0.0.1:44224]' for 'POST' to 'http://localhost:44224/session/017f1862af1eb421fbdce7f3d6cc78f9/element/f.DADC30EEC02E226B794BCB660AE49937.d.D19E423C9C650E876AC3B6FFA14D9B76.e.60/value'
22:42:07.161 [Forwarding sendKeysToElement on session 017f1862af1eb421fbdce7f3d6cc78f9 to remote] DEBUG org.asynchttpclient.netty.request.NettyRequestSender - Using open Channel [id: 0x13af64c4, L:/127.0.0.1:54826 - R:localhost/127.0.0.1:44224] for POST '/session/017f1862af1eb421fbdce7f3d6cc78f9/element/f.DADC30EEC02E226B794BCB660AE49937.d.D19E423C9C650E876AC3B6FFA14D9B76.e.60/value'
22:42:07.247 [AsyncHttpClient-1-14] DEBUG org.asynchttpclient.netty.handler.HttpHandler - 

Request DefaultHttpRequest(decodeResult: success, version: HTTP/1.1)
POST /session/017f1862af1eb421fbdce7f3d6cc78f9/element/f.DADC30EEC02E226B794BCB660AE49937.d.D19E423C9C650E876AC3B6FFA14D9B76.e.60/value HTTP/1.1
User-Agent: selenium/4.12.0 (java windows)
Content-Length: 139
Content-Type: application/json; charset=utf-8
host: localhost:44224
accept: */*

Response DefaultHttpResponse(decodeResult: success, version: HTTP/1.1)
HTTP/1.1 200 OK
Content-Length: 14
Content-Type: application/json; charset=utf-8
cache-control: no-cache

22:42:07.247 [AsyncHttpClient-1-14] DEBUG org.asynchttpclient.netty.channel.ChannelManager - Adding key: http://localhost:44224 for channel [id: 0x13af64c4, L:/127.0.0.1:54826 - R:localhost/127.0.0.1:44224]
22:42:07.247 [Forwarding findElement on session 017f1862af1eb421fbdce7f3d6cc78f9 to remote] DEBUG org.asynchttpclient.netty.request.NettyRequestSender - Using pooled Channel '[id: 0x13af64c4, L:/127.0.0.1:54826 - R:localhost/127.0.0.1:44224]' for 'POST' to 'http://localhost:44224/session/017f1862af1eb421fbdce7f3d6cc78f9/element'
22:42:07.247 [Forwarding findElement on session 017f1862af1eb421fbdce7f3d6cc78f9 to remote] DEBUG org.asynchttpclient.netty.request.NettyRequestSender - Using open Channel [id: 0x13af64c4, L:/127.0.0.1:54826 - R:localhost/127.0.0.1:44224] for POST '/session/017f1862af1eb421fbdce7f3d6cc78f9/element'
22:42:07.264 [AsyncHttpClient-1-14] DEBUG org.asynchttpclient.netty.handler.HttpHandler - 

Request DefaultHttpRequest(decodeResult: success, version: HTTP/1.1)
POST /session/017f1862af1eb421fbdce7f3d6cc78f9/element HTTP/1.1
User-Agent: selenium/4.12.0 (java windows)
Content-Length: 96
Content-Type: application/json; charset=utf-8
host: localhost:44224
accept: */*

Response DefaultHttpResponse(decodeResult: success, version: HTTP/1.1)
HTTP/1.1 200 OK
Content-Length: 126
Content-Type: application/json; charset=utf-8
cache-control: no-cache

22:42:07.264 [AsyncHttpClient-1-14] DEBUG org.asynchttpclient.netty.channel.ChannelManager - Adding key: http://localhost:44224 for channel [id: 0x13af64c4, L:/127.0.0.1:54826 - R:localhost/127.0.0.1:44224]
22:42:07.264 [Forwarding sendKeysToElement on session 017f1862af1eb421fbdce7f3d6cc78f9 to remote] DEBUG org.asynchttpclient.netty.request.NettyRequestSender - Using pooled Channel '[id: 0x13af64c4, L:/127.0.0.1:54826 - R:localhost/127.0.0.1:44224]' for 'POST' to 'http://localhost:44224/session/017f1862af1eb421fbdce7f3d6cc78f9/element/f.DADC30EEC02E226B794BCB660AE49937.d.D19E423C9C650E876AC3B6FFA14D9B76.e.61/value'
22:42:07.264 [Forwarding sendKeysToElement on session 017f1862af1eb421fbdce7f3d6cc78f9 to remote] DEBUG org.asynchttpclient.netty.request.NettyRequestSender - Using open Channel [id: 0x13af64c4, L:/127.0.0.1:54826 - R:localhost/127.0.0.1:44224] for POST '/session/017f1862af1eb421fbdce7f3d6cc78f9/element/f.DADC30EEC02E226B794BCB660AE49937.d.D19E423C9C650E876AC3B6FFA14D9B76.e.61/value'
22:42:07.281 [AsyncHttpClient-1-1] DEBUG org.asynchttpclient.netty.channel.DefaultChannelPool - Entry count for : http://localhost:54827 : 1
22:42:07.404 [AsyncHttpClient-1-14] DEBUG org.asynchttpclient.netty.handler.HttpHandler - 

Request DefaultHttpRequest(decodeResult: success, version: HTTP/1.1)
POST /session/017f1862af1eb421fbdce7f3d6cc78f9/element/f.DADC30EEC02E226B794BCB660AE49937.d.D19E423C9C650E876AC3B6FFA14D9B76.e.61/value HTTP/1.1
User-Agent: selenium/4.12.0 (java windows)
Content-Length: 179
Content-Type: application/json; charset=utf-8
host: localhost:44224
accept: */*

Response DefaultHttpResponse(decodeResult: success, version: HTTP/1.1)
HTTP/1.1 200 OK
Content-Length: 14
Content-Type: application/json; charset=utf-8
cache-control: no-cache

22:42:07.404 [AsyncHttpClient-1-14] DEBUG org.asynchttpclient.netty.channel.ChannelManager - Adding key: http://localhost:44224 for channel [id: 0x13af64c4, L:/127.0.0.1:54826 - R:localhost/127.0.0.1:44224]
22:42:07.412 [Forwarding findElement on session 017f1862af1eb421fbdce7f3d6cc78f9 to remote] DEBUG org.asynchttpclient.netty.request.NettyRequestSender - Using pooled Channel '[id: 0x13af64c4, L:/127.0.0.1:54826 - R:localhost/127.0.0.1:44224]' for 'POST' to 'http://localhost:44224/session/017f1862af1eb421fbdce7f3d6cc78f9/element'
22:42:07.412 [Forwarding findElement on session 017f1862af1eb421fbdce7f3d6cc78f9 to remote] DEBUG org.asynchttpclient.netty.request.NettyRequestSender - Using open Channel [id: 0x13af64c4, L:/127.0.0.1:54826 - R:localhost/127.0.0.1:44224] for POST '/session/017f1862af1eb421fbdce7f3d6cc78f9/element'
22:42:07.432 [AsyncHttpClient-1-14] DEBUG org.asynchttpclient.netty.handler.HttpHandler - 

Request DefaultHttpRequest(decodeResult: success, version: HTTP/1.1)
POST /session/017f1862af1eb421fbdce7f3d6cc78f9/element HTTP/1.1
User-Agent: selenium/4.12.0 (java windows)
Content-Length: 78
Content-Type: application/json; charset=utf-8
host: localhost:44224
accept: */*

Response DefaultHttpResponse(decodeResult: success, version: HTTP/1.1)
HTTP/1.1 200 OK
Content-Length: 126
Content-Type: application/json; charset=utf-8
cache-control: no-cache

22:42:07.432 [AsyncHttpClient-1-14] DEBUG org.asynchttpclient.netty.channel.ChannelManager - Adding key: http://localhost:44224 for channel [id: 0x13af64c4, L:/127.0.0.1:54826 - R:localhost/127.0.0.1:44224]
22:42:07.432 [Forwarding sendKeysToElement on session 017f1862af1eb421fbdce7f3d6cc78f9 to remote] DEBUG org.asynchttpclient.netty.request.NettyRequestSender - Using pooled Channel '[id: 0x13af64c4, L:/127.0.0.1:54826 - R:localhost/127.0.0.1:44224]' for 'POST' to 'http://localhost:44224/session/017f1862af1eb421fbdce7f3d6cc78f9/element/f.DADC30EEC02E226B794BCB660AE49937.d.D19E423C9C650E876AC3B6FFA14D9B76.e.62/value'
22:42:07.432 [Forwarding sendKeysToElement on session 017f1862af1eb421fbdce7f3d6cc78f9 to remote] DEBUG org.asynchttpclient.netty.request.NettyRequestSender - Using open Channel [id: 0x13af64c4, L:/127.0.0.1:54826 - R:localhost/127.0.0.1:44224] for POST '/session/017f1862af1eb421fbdce7f3d6cc78f9/element/f.DADC30EEC02E226B794BCB660AE49937.d.D19E423C9C650E876AC3B6FFA14D9B76.e.62/value'
22:42:07.551 [AsyncHttpClient-1-14] DEBUG org.asynchttpclient.netty.handler.HttpHandler - 

Request DefaultHttpRequest(decodeResult: success, version: HTTP/1.1)
POST /session/017f1862af1eb421fbdce7f3d6cc78f9/element/f.DADC30EEC02E226B794BCB660AE49937.d.D19E423C9C650E876AC3B6FFA14D9B76.e.62/value HTTP/1.1
User-Agent: selenium/4.12.0 (java windows)
Content-Length: 149
Content-Type: application/json; charset=utf-8
host: localhost:44224
accept: */*

Response DefaultHttpResponse(decodeResult: success, version: HTTP/1.1)
HTTP/1.1 200 OK
Content-Length: 14
Content-Type: application/json; charset=utf-8
cache-control: no-cache

22:42:07.551 [AsyncHttpClient-1-14] DEBUG org.asynchttpclient.netty.channel.ChannelManager - Adding key: http://localhost:44224 for channel [id: 0x13af64c4, L:/127.0.0.1:54826 - R:localhost/127.0.0.1:44224]
screen shot class not taking
  And Provide the Address DetailsMain_street001 YK FL 987678 USA         # StepDefination.Customer_onboarding.Provide_the_address_Details(java.lang.String,java.lang.String,java.lang.String,java.lang.String,java.lang.String)
22:42:08.066 [Forwarding findElement on session 017f1862af1eb421fbdce7f3d6cc78f9 to remote] DEBUG org.asynchttpclient.netty.request.NettyRequestSender - Using pooled Channel '[id: 0x13af64c4, L:/127.0.0.1:54826 - R:localhost/127.0.0.1:44224]' for 'POST' to 'http://localhost:44224/session/017f1862af1eb421fbdce7f3d6cc78f9/element'
22:42:08.066 [Forwarding findElement on session 017f1862af1eb421fbdce7f3d6cc78f9 to remote] DEBUG org.asynchttpclient.netty.request.NettyRequestSender - Using open Channel [id: 0x13af64c4, L:/127.0.0.1:54826 - R:localhost/127.0.0.1:44224] for POST '/session/017f1862af1eb421fbdce7f3d6cc78f9/element'
22:42:08.091 [AsyncHttpClient-1-14] DEBUG org.asynchttpclient.netty.handler.HttpHandler - 

Request DefaultHttpRequest(decodeResult: success, version: HTTP/1.1)
POST /session/017f1862af1eb421fbdce7f3d6cc78f9/element HTTP/1.1
User-Agent: selenium/4.12.0 (java windows)
Content-Length: 86
Content-Type: application/json; charset=utf-8
host: localhost:44224
accept: */*

Response DefaultHttpResponse(decodeResult: success, version: HTTP/1.1)
HTTP/1.1 200 OK
Content-Length: 126
Content-Type: application/json; charset=utf-8
cache-control: no-cache

22:42:08.091 [AsyncHttpClient-1-14] DEBUG org.asynchttpclient.netty.channel.ChannelManager - Adding key: http://localhost:44224 for channel [id: 0x13af64c4, L:/127.0.0.1:54826 - R:localhost/127.0.0.1:44224]
22:42:08.092 [Forwarding clickElement on session 017f1862af1eb421fbdce7f3d6cc78f9 to remote] DEBUG org.asynchttpclient.netty.request.NettyRequestSender - Using pooled Channel '[id: 0x13af64c4, L:/127.0.0.1:54826 - R:localhost/127.0.0.1:44224]' for 'POST' to 'http://localhost:44224/session/017f1862af1eb421fbdce7f3d6cc78f9/element/f.DADC30EEC02E226B794BCB660AE49937.d.D19E423C9C650E876AC3B6FFA14D9B76.e.57/click'
22:42:08.092 [Forwarding clickElement on session 017f1862af1eb421fbdce7f3d6cc78f9 to remote] DEBUG org.asynchttpclient.netty.request.NettyRequestSender - Using open Channel [id: 0x13af64c4, L:/127.0.0.1:54826 - R:localhost/127.0.0.1:44224] for POST '/session/017f1862af1eb421fbdce7f3d6cc78f9/element/f.DADC30EEC02E226B794BCB660AE49937.d.D19E423C9C650E876AC3B6FFA14D9B76.e.57/click'
22:42:08.233 [AsyncHttpClient-1-14] DEBUG org.asynchttpclient.netty.handler.HttpHandler - 

Request DefaultHttpRequest(decodeResult: success, version: HTTP/1.1)
POST /session/017f1862af1eb421fbdce7f3d6cc78f9/element/f.DADC30EEC02E226B794BCB660AE49937.d.D19E423C9C650E876AC3B6FFA14D9B76.e.57/click HTTP/1.1
User-Agent: selenium/4.12.0 (java windows)
Content-Length: 88
Content-Type: application/json; charset=utf-8
host: localhost:44224
accept: */*

Response DefaultHttpResponse(decodeResult: success, version: HTTP/1.1)
HTTP/1.1 200 OK
Content-Length: 14
Content-Type: application/json; charset=utf-8
cache-control: no-cache

22:42:08.233 [AsyncHttpClient-1-14] DEBUG org.asynchttpclient.netty.channel.ChannelManager - Adding key: http://localhost:44224 for channel [id: 0x13af64c4, L:/127.0.0.1:54826 - R:localhost/127.0.0.1:44224]
22:42:08.393 [AsyncHttpClient-1-1] DEBUG org.asynchttpclient.netty.channel.DefaultChannelPool - Entry count for : http://localhost:54827 : 1
22:42:08.393 [AsyncHttpClient-1-1] DEBUG org.asynchttpclient.netty.channel.DefaultChannelPool - Entry count for : http://localhost:44224 : 1
22:42:09.240 [Forwarding findElement on session 017f1862af1eb421fbdce7f3d6cc78f9 to remote] DEBUG org.asynchttpclient.netty.request.NettyRequestSender - Using pooled Channel '[id: 0x13af64c4, L:/127.0.0.1:54826 - R:localhost/127.0.0.1:44224]' for 'POST' to 'http://localhost:44224/session/017f1862af1eb421fbdce7f3d6cc78f9/element'
22:42:09.240 [Forwarding findElement on session 017f1862af1eb421fbdce7f3d6cc78f9 to remote] DEBUG org.asynchttpclient.netty.request.NettyRequestSender - Using open Channel [id: 0x13af64c4, L:/127.0.0.1:54826 - R:localhost/127.0.0.1:44224] for POST '/session/017f1862af1eb421fbdce7f3d6cc78f9/element'
22:42:09.255 [AsyncHttpClient-1-14] DEBUG org.asynchttpclient.netty.handler.HttpHandler - 

Request DefaultHttpRequest(decodeResult: success, version: HTTP/1.1)
POST /session/017f1862af1eb421fbdce7f3d6cc78f9/element HTTP/1.1
User-Agent: selenium/4.12.0 (java windows)
Content-Length: 124
Content-Type: application/json; charset=utf-8
host: localhost:44224
accept: */*

Response DefaultHttpResponse(decodeResult: success, version: HTTP/1.1)
HTTP/1.1 200 OK
Content-Length: 127
Content-Type: application/json; charset=utf-8
cache-control: no-cache

22:42:09.255 [AsyncHttpClient-1-14] DEBUG org.asynchttpclient.netty.channel.ChannelManager - Adding key: http://localhost:44224 for channel [id: 0x13af64c4, L:/127.0.0.1:54826 - R:localhost/127.0.0.1:44224]
22:42:09.263 [Forwarding clickElement on session 017f1862af1eb421fbdce7f3d6cc78f9 to remote] DEBUG org.asynchttpclient.netty.request.NettyRequestSender - Using pooled Channel '[id: 0x13af64c4, L:/127.0.0.1:54826 - R:localhost/127.0.0.1:44224]' for 'POST' to 'http://localhost:44224/session/017f1862af1eb421fbdce7f3d6cc78f9/element/f.DADC30EEC02E226B794BCB660AE49937.d.D19E423C9C650E876AC3B6FFA14D9B76.e.108/click'
22:42:09.263 [Forwarding clickElement on session 017f1862af1eb421fbdce7f3d6cc78f9 to remote] DEBUG org.asynchttpclient.netty.request.NettyRequestSender - Using open Channel [id: 0x13af64c4, L:/127.0.0.1:54826 - R:localhost/127.0.0.1:44224] for POST '/session/017f1862af1eb421fbdce7f3d6cc78f9/element/f.DADC30EEC02E226B794BCB660AE49937.d.D19E423C9C650E876AC3B6FFA14D9B76.e.108/click'
22:42:09.409 [AsyncHttpClient-1-14] DEBUG org.asynchttpclient.netty.handler.HttpHandler - 

Request DefaultHttpRequest(decodeResult: success, version: HTTP/1.1)
POST /session/017f1862af1eb421fbdce7f3d6cc78f9/element/f.DADC30EEC02E226B794BCB660AE49937.d.D19E423C9C650E876AC3B6FFA14D9B76.e.108/click HTTP/1.1
User-Agent: selenium/4.12.0 (java windows)
Content-Length: 89
Content-Type: application/json; charset=utf-8
host: localhost:44224
accept: */*

Response DefaultHttpResponse(decodeResult: success, version: HTTP/1.1)
HTTP/1.1 200 OK
Content-Length: 14
Content-Type: application/json; charset=utf-8
cache-control: no-cache

22:42:09.409 [AsyncHttpClient-1-14] DEBUG org.asynchttpclient.netty.channel.ChannelManager - Adding key: http://localhost:44224 for channel [id: 0x13af64c4, L:/127.0.0.1:54826 - R:localhost/127.0.0.1:44224]
22:42:09.485 [AsyncHttpClient-1-1] DEBUG org.asynchttpclient.netty.channel.DefaultChannelPool - Entry count for : http://localhost:54827 : 1
22:42:09.486 [AsyncHttpClient-1-1] DEBUG org.asynchttpclient.netty.channel.DefaultChannelPool - Entry count for : http://localhost:44224 : 1
22:42:10.415 [Forwarding findElement on session 017f1862af1eb421fbdce7f3d6cc78f9 to remote] DEBUG org.asynchttpclient.netty.request.NettyRequestSender - Using pooled Channel '[id: 0x13af64c4, L:/127.0.0.1:54826 - R:localhost/127.0.0.1:44224]' for 'POST' to 'http://localhost:44224/session/017f1862af1eb421fbdce7f3d6cc78f9/element'
22:42:10.415 [Forwarding findElement on session 017f1862af1eb421fbdce7f3d6cc78f9 to remote] DEBUG org.asynchttpclient.netty.request.NettyRequestSender - Using open Channel [id: 0x13af64c4, L:/127.0.0.1:54826 - R:localhost/127.0.0.1:44224] for POST '/session/017f1862af1eb421fbdce7f3d6cc78f9/element'
22:42:10.432 [AsyncHttpClient-1-14] DEBUG org.asynchttpclient.netty.handler.HttpHandler - 

Request DefaultHttpRequest(decodeResult: success, version: HTTP/1.1)
POST /session/017f1862af1eb421fbdce7f3d6cc78f9/element HTTP/1.1
User-Agent: selenium/4.12.0 (java windows)
Content-Length: 85
Content-Type: application/json; charset=utf-8
host: localhost:44224
accept: */*

Response DefaultHttpResponse(decodeResult: success, version: HTTP/1.1)
HTTP/1.1 200 OK
Content-Length: 127
Content-Type: application/json; charset=utf-8
cache-control: no-cache

22:42:10.440 [AsyncHttpClient-1-14] DEBUG org.asynchttpclient.netty.channel.ChannelManager - Adding key: http://localhost:44224 for channel [id: 0x13af64c4, L:/127.0.0.1:54826 - R:localhost/127.0.0.1:44224]
22:42:10.441 [Forwarding sendKeysToElement on session 017f1862af1eb421fbdce7f3d6cc78f9 to remote] DEBUG org.asynchttpclient.netty.request.NettyRequestSender - Using pooled Channel '[id: 0x13af64c4, L:/127.0.0.1:54826 - R:localhost/127.0.0.1:44224]' for 'POST' to 'http://localhost:44224/session/017f1862af1eb421fbdce7f3d6cc78f9/element/f.DADC30EEC02E226B794BCB660AE49937.d.D19E423C9C650E876AC3B6FFA14D9B76.e.110/value'
22:42:10.441 [Forwarding sendKeysToElement on session 017f1862af1eb421fbdce7f3d6cc78f9 to remote] DEBUG org.asynchttpclient.netty.request.NettyRequestSender - Using open Channel [id: 0x13af64c4, L:/127.0.0.1:54826 - R:localhost/127.0.0.1:44224] for POST '/session/017f1862af1eb421fbdce7f3d6cc78f9/element/f.DADC30EEC02E226B794BCB660AE49937.d.D19E423C9C650E876AC3B6FFA14D9B76.e.110/value'
22:42:10.590 [AsyncHttpClient-1-1] DEBUG org.asynchttpclient.netty.channel.DefaultChannelPool - Entry count for : http://localhost:54827 : 1
22:42:10.689 [AsyncHttpClient-1-14] DEBUG org.asynchttpclient.netty.handler.HttpHandler - 

Request DefaultHttpRequest(decodeResult: success, version: HTTP/1.1)
POST /session/017f1862af1eb421fbdce7f3d6cc78f9/element/f.DADC30EEC02E226B794BCB660AE49937.d.D19E423C9C650E876AC3B6FFA14D9B76.e.110/value HTTP/1.1
User-Agent: selenium/4.12.0 (java windows)
Content-Length: 260
Content-Type: application/json; charset=utf-8
host: localhost:44224
accept: */*

Response DefaultHttpResponse(decodeResult: success, version: HTTP/1.1)
HTTP/1.1 200 OK
Content-Length: 14
Content-Type: application/json; charset=utf-8
cache-control: no-cache

22:42:10.689 [AsyncHttpClient-1-14] DEBUG org.asynchttpclient.netty.channel.ChannelManager - Adding key: http://localhost:44224 for channel [id: 0x13af64c4, L:/127.0.0.1:54826 - R:localhost/127.0.0.1:44224]
screen shot class not taking
  And Provide the bookvia with Emailroyal.book.com                       # StepDefination.Customer_onboarding.Provide_the_bookvia_email(java.lang.String)
22:42:11.681 [AsyncHttpClient-1-1] DEBUG org.asynchttpclient.netty.channel.DefaultChannelPool - Entry count for : http://localhost:54827 : 1
22:42:11.681 [AsyncHttpClient-1-1] DEBUG org.asynchttpclient.netty.channel.DefaultChannelPool - Entry count for : http://localhost:44224 : 1
22:42:12.213 [Forwarding findElement on session 017f1862af1eb421fbdce7f3d6cc78f9 to remote] DEBUG org.asynchttpclient.netty.request.NettyRequestSender - Using pooled Channel '[id: 0x13af64c4, L:/127.0.0.1:54826 - R:localhost/127.0.0.1:44224]' for 'POST' to 'http://localhost:44224/session/017f1862af1eb421fbdce7f3d6cc78f9/element'
22:42:12.213 [Forwarding findElement on session 017f1862af1eb421fbdce7f3d6cc78f9 to remote] DEBUG org.asynchttpclient.netty.request.NettyRequestSender - Using open Channel [id: 0x13af64c4, L:/127.0.0.1:54826 - R:localhost/127.0.0.1:44224] for POST '/session/017f1862af1eb421fbdce7f3d6cc78f9/element'
22:42:12.234 [AsyncHttpClient-1-14] DEBUG org.asynchttpclient.netty.handler.HttpHandler - 

Request DefaultHttpRequest(decodeResult: success, version: HTTP/1.1)
POST /session/017f1862af1eb421fbdce7f3d6cc78f9/element HTTP/1.1
User-Agent: selenium/4.12.0 (java windows)
Content-Length: 121
Content-Type: application/json; charset=utf-8
host: localhost:44224
accept: */*

Response DefaultHttpResponse(decodeResult: success, version: HTTP/1.1)
HTTP/1.1 200 OK
Content-Length: 126
Content-Type: application/json; charset=utf-8
cache-control: no-cache

22:42:12.234 [AsyncHttpClient-1-14] DEBUG org.asynchttpclient.netty.channel.ChannelManager - Adding key: http://localhost:44224 for channel [id: 0x13af64c4, L:/127.0.0.1:54826 - R:localhost/127.0.0.1:44224]
22:42:12.234 [Forwarding sendKeysToElement on session 017f1862af1eb421fbdce7f3d6cc78f9 to remote] DEBUG org.asynchttpclient.netty.request.NettyRequestSender - Using pooled Channel '[id: 0x13af64c4, L:/127.0.0.1:54826 - R:localhost/127.0.0.1:44224]' for 'POST' to 'http://localhost:44224/session/017f1862af1eb421fbdce7f3d6cc78f9/element/f.DADC30EEC02E226B794BCB660AE49937.d.D19E423C9C650E876AC3B6FFA14D9B76.e.63/value'
22:42:12.234 [Forwarding sendKeysToElement on session 017f1862af1eb421fbdce7f3d6cc78f9 to remote] DEBUG org.asynchttpclient.netty.request.NettyRequestSender - Using open Channel [id: 0x13af64c4, L:/127.0.0.1:54826 - R:localhost/127.0.0.1:44224] for POST '/session/017f1862af1eb421fbdce7f3d6cc78f9/element/f.DADC30EEC02E226B794BCB660AE49937.d.D19E423C9C650E876AC3B6FFA14D9B76.e.63/value'
22:42:12.608 [AsyncHttpClient-1-14] DEBUG org.asynchttpclient.netty.handler.HttpHandler - 

Request DefaultHttpRequest(decodeResult: success, version: HTTP/1.1)
POST /session/017f1862af1eb421fbdce7f3d6cc78f9/element/f.DADC30EEC02E226B794BCB660AE49937.d.D19E423C9C650E876AC3B6FFA14D9B76.e.63/value HTTP/1.1
User-Agent: selenium/4.12.0 (java windows)
Content-Length: 399
Content-Type: application/json; charset=utf-8
host: localhost:44224
accept: */*

Response DefaultHttpResponse(decodeResult: success, version: HTTP/1.1)
HTTP/1.1 200 OK
Content-Length: 14
Content-Type: application/json; charset=utf-8
cache-control: no-cache

22:42:12.608 [AsyncHttpClient-1-14] DEBUG org.asynchttpclient.netty.channel.ChannelManager - Adding key: http://localhost:44224 for channel [id: 0x13af64c4, L:/127.0.0.1:54826 - R:localhost/127.0.0.1:44224]
22:42:12.784 [AsyncHttpClient-1-1] DEBUG org.asynchttpclient.netty.channel.DefaultChannelPool - Entry count for : http://localhost:54827 : 1
22:42:12.784 [AsyncHttpClient-1-1] DEBUG org.asynchttpclient.netty.channel.DefaultChannelPool - Entry count for : http://localhost:44224 : 1
screen shot class not taking
  And Provide the special_instructionsspecial_instruction_customer       # StepDefination.Customer_onboarding.Provide_the_special_instructions(java.lang.String)
22:42:13.885 [AsyncHttpClient-1-1] DEBUG org.asynchttpclient.netty.channel.DefaultChannelPool - Entry count for : http://localhost:54827 : 1
22:42:13.885 [AsyncHttpClient-1-1] DEBUG org.asynchttpclient.netty.channel.DefaultChannelPool - Entry count for : http://localhost:44224 : 1
22:42:14.130 [Forwarding findElement on session 017f1862af1eb421fbdce7f3d6cc78f9 to remote] DEBUG org.asynchttpclient.netty.request.NettyRequestSender - Using pooled Channel '[id: 0x13af64c4, L:/127.0.0.1:54826 - R:localhost/127.0.0.1:44224]' for 'POST' to 'http://localhost:44224/session/017f1862af1eb421fbdce7f3d6cc78f9/element'
22:42:14.130 [Forwarding findElement on session 017f1862af1eb421fbdce7f3d6cc78f9 to remote] DEBUG org.asynchttpclient.netty.request.NettyRequestSender - Using open Channel [id: 0x13af64c4, L:/127.0.0.1:54826 - R:localhost/127.0.0.1:44224] for POST '/session/017f1862af1eb421fbdce7f3d6cc78f9/element'
22:42:14.146 [AsyncHttpClient-1-14] DEBUG org.asynchttpclient.netty.handler.HttpHandler - 

Request DefaultHttpRequest(decodeResult: success, version: HTTP/1.1)
POST /session/017f1862af1eb421fbdce7f3d6cc78f9/element HTTP/1.1
User-Agent: selenium/4.12.0 (java windows)
Content-Length: 250
Content-Type: application/json; charset=utf-8
host: localhost:44224
accept: */*

Response DefaultHttpResponse(decodeResult: success, version: HTTP/1.1)
HTTP/1.1 200 OK
Content-Length: 127
Content-Type: application/json; charset=utf-8
cache-control: no-cache

22:42:14.146 [AsyncHttpClient-1-14] DEBUG org.asynchttpclient.netty.channel.ChannelManager - Adding key: http://localhost:44224 for channel [id: 0x13af64c4, L:/127.0.0.1:54826 - R:localhost/127.0.0.1:44224]
22:42:14.154 [Forwarding actions on session 017f1862af1eb421fbdce7f3d6cc78f9 to remote] DEBUG org.asynchttpclient.netty.request.NettyRequestSender - Using pooled Channel '[id: 0x13af64c4, L:/127.0.0.1:54826 - R:localhost/127.0.0.1:44224]' for 'POST' to 'http://localhost:44224/session/017f1862af1eb421fbdce7f3d6cc78f9/actions'
22:42:14.154 [Forwarding actions on session 017f1862af1eb421fbdce7f3d6cc78f9 to remote] DEBUG org.asynchttpclient.netty.request.NettyRequestSender - Using open Channel [id: 0x13af64c4, L:/127.0.0.1:54826 - R:localhost/127.0.0.1:44224] for POST '/session/017f1862af1eb421fbdce7f3d6cc78f9/actions'
22:42:14.333 [AsyncHttpClient-1-14] DEBUG org.asynchttpclient.netty.handler.HttpHandler - 

Request DefaultHttpRequest(decodeResult: success, version: HTTP/1.1)
POST /session/017f1862af1eb421fbdce7f3d6cc78f9/actions HTTP/1.1
User-Agent: selenium/4.12.0 (java windows)
Content-Length: 606
Content-Type: application/json; charset=utf-8
host: localhost:44224
accept: */*

Response DefaultHttpResponse(decodeResult: success, version: HTTP/1.1)
HTTP/1.1 200 OK
Content-Length: 14
Content-Type: application/json; charset=utf-8
cache-control: no-cache

22:42:14.333 [AsyncHttpClient-1-14] DEBUG org.asynchttpclient.netty.channel.ChannelManager - Adding key: http://localhost:44224 for channel [id: 0x13af64c4, L:/127.0.0.1:54826 - R:localhost/127.0.0.1:44224]
22:42:14.840 [Forwarding findElement on session 017f1862af1eb421fbdce7f3d6cc78f9 to remote] DEBUG org.asynchttpclient.netty.request.NettyRequestSender - Using pooled Channel '[id: 0x13af64c4, L:/127.0.0.1:54826 - R:localhost/127.0.0.1:44224]' for 'POST' to 'http://localhost:44224/session/017f1862af1eb421fbdce7f3d6cc78f9/element'
22:42:14.840 [Forwarding findElement on session 017f1862af1eb421fbdce7f3d6cc78f9 to remote] DEBUG org.asynchttpclient.netty.request.NettyRequestSender - Using open Channel [id: 0x13af64c4, L:/127.0.0.1:54826 - R:localhost/127.0.0.1:44224] for POST '/session/017f1862af1eb421fbdce7f3d6cc78f9/element'
22:42:14.862 [AsyncHttpClient-1-14] DEBUG org.asynchttpclient.netty.handler.HttpHandler - 

Request DefaultHttpRequest(decodeResult: success, version: HTTP/1.1)
POST /session/017f1862af1eb421fbdce7f3d6cc78f9/element HTTP/1.1
User-Agent: selenium/4.12.0 (java windows)
Content-Length: 279
Content-Type: application/json; charset=utf-8
host: localhost:44224
accept: */*

Response DefaultHttpResponse(decodeResult: success, version: HTTP/1.1)
HTTP/1.1 200 OK
Content-Length: 127
Content-Type: application/json; charset=utf-8
cache-control: no-cache

22:42:14.862 [AsyncHttpClient-1-14] DEBUG org.asynchttpclient.netty.channel.ChannelManager - Adding key: http://localhost:44224 for channel [id: 0x13af64c4, L:/127.0.0.1:54826 - R:localhost/127.0.0.1:44224]
22:42:14.870 [Forwarding actions on session 017f1862af1eb421fbdce7f3d6cc78f9 to remote] DEBUG org.asynchttpclient.netty.request.NettyRequestSender - Using pooled Channel '[id: 0x13af64c4, L:/127.0.0.1:54826 - R:localhost/127.0.0.1:44224]' for 'POST' to 'http://localhost:44224/session/017f1862af1eb421fbdce7f3d6cc78f9/actions'
22:42:14.870 [Forwarding actions on session 017f1862af1eb421fbdce7f3d6cc78f9 to remote] DEBUG org.asynchttpclient.netty.request.NettyRequestSender - Using open Channel [id: 0x13af64c4, L:/127.0.0.1:54826 - R:localhost/127.0.0.1:44224] for POST '/session/017f1862af1eb421fbdce7f3d6cc78f9/actions'
22:42:14.985 [AsyncHttpClient-1-1] DEBUG org.asynchttpclient.netty.channel.DefaultChannelPool - Entry count for : http://localhost:54827 : 1
22:42:15.035 [AsyncHttpClient-1-14] DEBUG org.asynchttpclient.netty.handler.HttpHandler - 

Request DefaultHttpRequest(decodeResult: success, version: HTTP/1.1)
POST /session/017f1862af1eb421fbdce7f3d6cc78f9/actions HTTP/1.1
User-Agent: selenium/4.12.0 (java windows)
Content-Length: 606
Content-Type: application/json; charset=utf-8
host: localhost:44224
accept: */*

Response DefaultHttpResponse(decodeResult: success, version: HTTP/1.1)
HTTP/1.1 200 OK
Content-Length: 14
Content-Type: application/json; charset=utf-8
cache-control: no-cache

22:42:15.035 [AsyncHttpClient-1-14] DEBUG org.asynchttpclient.netty.channel.ChannelManager - Adding key: http://localhost:44224 for channel [id: 0x13af64c4, L:/127.0.0.1:54826 - R:localhost/127.0.0.1:44224]
22:42:15.036 [Forwarding sendKeysToElement on session 017f1862af1eb421fbdce7f3d6cc78f9 to remote] DEBUG org.asynchttpclient.netty.request.NettyRequestSender - Using pooled Channel '[id: 0x13af64c4, L:/127.0.0.1:54826 - R:localhost/127.0.0.1:44224]' for 'POST' to 'http://localhost:44224/session/017f1862af1eb421fbdce7f3d6cc78f9/element/f.DADC30EEC02E226B794BCB660AE49937.d.D19E423C9C650E876AC3B6FFA14D9B76.e.121/value'
22:42:15.036 [Forwarding sendKeysToElement on session 017f1862af1eb421fbdce7f3d6cc78f9 to remote] DEBUG org.asynchttpclient.netty.request.NettyRequestSender - Using open Channel [id: 0x13af64c4, L:/127.0.0.1:54826 - R:localhost/127.0.0.1:44224] for POST '/session/017f1862af1eb421fbdce7f3d6cc78f9/element/f.DADC30EEC02E226B794BCB660AE49937.d.D19E423C9C650E876AC3B6FFA14D9B76.e.121/value'
22:42:15.125 [AsyncHttpClient-1-14] DEBUG org.asynchttpclient.netty.handler.HttpHandler - 

Request DefaultHttpRequest(decodeResult: success, version: HTTP/1.1)
POST /session/017f1862af1eb421fbdce7f3d6cc78f9/element/f.DADC30EEC02E226B794BCB660AE49937.d.D19E423C9C650E876AC3B6FFA14D9B76.e.121/value HTTP/1.1
User-Agent: selenium/4.12.0 (java windows)
Content-Length: 170
Content-Type: application/json; charset=utf-8
host: localhost:44224
accept: */*

Response DefaultHttpResponse(decodeResult: success, version: HTTP/1.1)
HTTP/1.1 200 OK
Content-Length: 14
Content-Type: application/json; charset=utf-8
cache-control: no-cache

22:42:15.133 [AsyncHttpClient-1-14] DEBUG org.asynchttpclient.netty.channel.ChannelManager - Adding key: http://localhost:44224 for channel [id: 0x13af64c4, L:/127.0.0.1:54826 - R:localhost/127.0.0.1:44224]
22:42:15.644 [Forwarding findElement on session 017f1862af1eb421fbdce7f3d6cc78f9 to remote] DEBUG org.asynchttpclient.netty.request.NettyRequestSender - Using pooled Channel '[id: 0x13af64c4, L:/127.0.0.1:54826 - R:localhost/127.0.0.1:44224]' for 'POST' to 'http://localhost:44224/session/017f1862af1eb421fbdce7f3d6cc78f9/element'
22:42:15.644 [Forwarding findElement on session 017f1862af1eb421fbdce7f3d6cc78f9 to remote] DEBUG org.asynchttpclient.netty.request.NettyRequestSender - Using open Channel [id: 0x13af64c4, L:/127.0.0.1:54826 - R:localhost/127.0.0.1:44224] for POST '/session/017f1862af1eb421fbdce7f3d6cc78f9/element'
22:42:15.661 [AsyncHttpClient-1-14] DEBUG org.asynchttpclient.netty.handler.HttpHandler - 

Request DefaultHttpRequest(decodeResult: success, version: HTTP/1.1)
POST /session/017f1862af1eb421fbdce7f3d6cc78f9/element HTTP/1.1
User-Agent: selenium/4.12.0 (java windows)
Content-Length: 69
Content-Type: application/json; charset=utf-8
host: localhost:44224
accept: */*

Response DefaultHttpResponse(decodeResult: success, version: HTTP/1.1)
HTTP/1.1 200 OK
Content-Length: 127
Content-Type: application/json; charset=utf-8
cache-control: no-cache

22:42:15.661 [AsyncHttpClient-1-14] DEBUG org.asynchttpclient.netty.channel.ChannelManager - Adding key: http://localhost:44224 for channel [id: 0x13af64c4, L:/127.0.0.1:54826 - R:localhost/127.0.0.1:44224]
22:42:15.668 [Forwarding clickElement on session 017f1862af1eb421fbdce7f3d6cc78f9 to remote] DEBUG org.asynchttpclient.netty.request.NettyRequestSender - Using pooled Channel '[id: 0x13af64c4, L:/127.0.0.1:54826 - R:localhost/127.0.0.1:44224]' for 'POST' to 'http://localhost:44224/session/017f1862af1eb421fbdce7f3d6cc78f9/element/f.DADC30EEC02E226B794BCB660AE49937.d.D19E423C9C650E876AC3B6FFA14D9B76.e.126/click'
22:42:15.669 [Forwarding clickElement on session 017f1862af1eb421fbdce7f3d6cc78f9 to remote] DEBUG org.asynchttpclient.netty.request.NettyRequestSender - Using open Channel [id: 0x13af64c4, L:/127.0.0.1:54826 - R:localhost/127.0.0.1:44224] for POST '/session/017f1862af1eb421fbdce7f3d6cc78f9/element/f.DADC30EEC02E226B794BCB660AE49937.d.D19E423C9C650E876AC3B6FFA14D9B76.e.126/click'
22:42:15.785 [AsyncHttpClient-1-14] DEBUG org.asynchttpclient.netty.handler.HttpHandler - 

Request DefaultHttpRequest(decodeResult: success, version: HTTP/1.1)
POST /session/017f1862af1eb421fbdce7f3d6cc78f9/element/f.DADC30EEC02E226B794BCB660AE49937.d.D19E423C9C650E876AC3B6FFA14D9B76.e.126/click HTTP/1.1
User-Agent: selenium/4.12.0 (java windows)
Content-Length: 89
Content-Type: application/json; charset=utf-8
host: localhost:44224
accept: */*

Response DefaultHttpResponse(decodeResult: success, version: HTTP/1.1)
HTTP/1.1 200 OK
Content-Length: 14
Content-Type: application/json; charset=utf-8
cache-control: no-cache

22:42:15.790 [AsyncHttpClient-1-14] DEBUG org.asynchttpclient.netty.channel.ChannelManager - Adding key: http://localhost:44224 for channel [id: 0x13af64c4, L:/127.0.0.1:54826 - R:localhost/127.0.0.1:44224]
22:42:16.082 [AsyncHttpClient-1-1] DEBUG org.asynchttpclient.netty.channel.DefaultChannelPool - Entry count for : http://localhost:54827 : 1
22:42:16.082 [AsyncHttpClient-1-1] DEBUG org.asynchttpclient.netty.channel.DefaultChannelPool - Entry count for : http://localhost:44224 : 1
22:42:16.298 [Forwarding findElement on session 017f1862af1eb421fbdce7f3d6cc78f9 to remote] DEBUG org.asynchttpclient.netty.request.NettyRequestSender - Using pooled Channel '[id: 0x13af64c4, L:/127.0.0.1:54826 - R:localhost/127.0.0.1:44224]' for 'POST' to 'http://localhost:44224/session/017f1862af1eb421fbdce7f3d6cc78f9/element'
22:42:16.298 [Forwarding findElement on session 017f1862af1eb421fbdce7f3d6cc78f9 to remote] DEBUG org.asynchttpclient.netty.request.NettyRequestSender - Using open Channel [id: 0x13af64c4, L:/127.0.0.1:54826 - R:localhost/127.0.0.1:44224] for POST '/session/017f1862af1eb421fbdce7f3d6cc78f9/element'
22:42:16.314 [AsyncHttpClient-1-14] DEBUG org.asynchttpclient.netty.handler.HttpHandler - 

Request DefaultHttpRequest(decodeResult: success, version: HTTP/1.1)
POST /session/017f1862af1eb421fbdce7f3d6cc78f9/element HTTP/1.1
User-Agent: selenium/4.12.0 (java windows)
Content-Length: 279
Content-Type: application/json; charset=utf-8
host: localhost:44224
accept: */*

Response DefaultHttpResponse(decodeResult: success, version: HTTP/1.1)
HTTP/1.1 200 OK
Content-Length: 127
Content-Type: application/json; charset=utf-8
cache-control: no-cache

22:42:16.322 [AsyncHttpClient-1-14] DEBUG org.asynchttpclient.netty.channel.ChannelManager - Adding key: http://localhost:44224 for channel [id: 0x13af64c4, L:/127.0.0.1:54826 - R:localhost/127.0.0.1:44224]
22:42:16.323 [Forwarding actions on session 017f1862af1eb421fbdce7f3d6cc78f9 to remote] DEBUG org.asynchttpclient.netty.request.NettyRequestSender - Using pooled Channel '[id: 0x13af64c4, L:/127.0.0.1:54826 - R:localhost/127.0.0.1:44224]' for 'POST' to 'http://localhost:44224/session/017f1862af1eb421fbdce7f3d6cc78f9/actions'
22:42:16.323 [Forwarding actions on session 017f1862af1eb421fbdce7f3d6cc78f9 to remote] DEBUG org.asynchttpclient.netty.request.NettyRequestSender - Using open Channel [id: 0x13af64c4, L:/127.0.0.1:54826 - R:localhost/127.0.0.1:44224] for POST '/session/017f1862af1eb421fbdce7f3d6cc78f9/actions'
22:42:16.490 [AsyncHttpClient-1-14] DEBUG org.asynchttpclient.netty.handler.HttpHandler - 

Request DefaultHttpRequest(decodeResult: success, version: HTTP/1.1)
POST /session/017f1862af1eb421fbdce7f3d6cc78f9/actions HTTP/1.1
User-Agent: selenium/4.12.0 (java windows)
Content-Length: 606
Content-Type: application/json; charset=utf-8
host: localhost:44224
accept: */*

Response DefaultHttpResponse(decodeResult: success, version: HTTP/1.1)
HTTP/1.1 200 OK
Content-Length: 14
Content-Type: application/json; charset=utf-8
cache-control: no-cache

22:42:16.490 [AsyncHttpClient-1-14] DEBUG org.asynchttpclient.netty.channel.ChannelManager - Adding key: http://localhost:44224 for channel [id: 0x13af64c4, L:/127.0.0.1:54826 - R:localhost/127.0.0.1:44224]
22:42:16.492 [Forwarding clickElement on session 017f1862af1eb421fbdce7f3d6cc78f9 to remote] DEBUG org.asynchttpclient.netty.request.NettyRequestSender - Using pooled Channel '[id: 0x13af64c4, L:/127.0.0.1:54826 - R:localhost/127.0.0.1:44224]' for 'POST' to 'http://localhost:44224/session/017f1862af1eb421fbdce7f3d6cc78f9/element/f.DADC30EEC02E226B794BCB660AE49937.d.D19E423C9C650E876AC3B6FFA14D9B76.e.122/click'
22:42:16.492 [Forwarding clickElement on session 017f1862af1eb421fbdce7f3d6cc78f9 to remote] DEBUG org.asynchttpclient.netty.request.NettyRequestSender - Using open Channel [id: 0x13af64c4, L:/127.0.0.1:54826 - R:localhost/127.0.0.1:44224] for POST '/session/017f1862af1eb421fbdce7f3d6cc78f9/element/f.DADC30EEC02E226B794BCB660AE49937.d.D19E423C9C650E876AC3B6FFA14D9B76.e.122/click'
22:42:16.595 [AsyncHttpClient-1-14] DEBUG org.asynchttpclient.netty.handler.HttpHandler - 

Request DefaultHttpRequest(decodeResult: success, version: HTTP/1.1)
POST /session/017f1862af1eb421fbdce7f3d6cc78f9/element/f.DADC30EEC02E226B794BCB660AE49937.d.D19E423C9C650E876AC3B6FFA14D9B76.e.122/click HTTP/1.1
User-Agent: selenium/4.12.0 (java windows)
Content-Length: 89
Content-Type: application/json; charset=utf-8
host: localhost:44224
accept: */*

Response DefaultHttpResponse(decodeResult: success, version: HTTP/1.1)
HTTP/1.1 200 OK
Content-Length: 14
Content-Type: application/json; charset=utf-8
cache-control: no-cache

22:42:16.595 [AsyncHttpClient-1-14] DEBUG org.asynchttpclient.netty.channel.ChannelManager - Adding key: http://localhost:44224 for channel [id: 0x13af64c4, L:/127.0.0.1:54826 - R:localhost/127.0.0.1:44224]
22:42:17.103 [Forwarding findElement on session 017f1862af1eb421fbdce7f3d6cc78f9 to remote] DEBUG org.asynchttpclient.netty.request.NettyRequestSender - Using pooled Channel '[id: 0x13af64c4, L:/127.0.0.1:54826 - R:localhost/127.0.0.1:44224]' for 'POST' to 'http://localhost:44224/session/017f1862af1eb421fbdce7f3d6cc78f9/element'
22:42:17.103 [Forwarding findElement on session 017f1862af1eb421fbdce7f3d6cc78f9 to remote] DEBUG org.asynchttpclient.netty.request.NettyRequestSender - Using open Channel [id: 0x13af64c4, L:/127.0.0.1:54826 - R:localhost/127.0.0.1:44224] for POST '/session/017f1862af1eb421fbdce7f3d6cc78f9/element'
22:42:17.119 [AsyncHttpClient-1-14] DEBUG org.asynchttpclient.netty.handler.HttpHandler - 

Request DefaultHttpRequest(decodeResult: success, version: HTTP/1.1)
POST /session/017f1862af1eb421fbdce7f3d6cc78f9/element HTTP/1.1
User-Agent: selenium/4.12.0 (java windows)
Content-Length: 158
Content-Type: application/json; charset=utf-8
host: localhost:44224
accept: */*

Response DefaultHttpResponse(decodeResult: success, version: HTTP/1.1)
HTTP/1.1 200 OK
Content-Length: 127
Content-Type: application/json; charset=utf-8
cache-control: no-cache

22:42:17.119 [AsyncHttpClient-1-14] DEBUG org.asynchttpclient.netty.channel.ChannelManager - Adding key: http://localhost:44224 for channel [id: 0x13af64c4, L:/127.0.0.1:54826 - R:localhost/127.0.0.1:44224]
22:42:17.127 [Forwarding clickElement on session 017f1862af1eb421fbdce7f3d6cc78f9 to remote] DEBUG org.asynchttpclient.netty.request.NettyRequestSender - Using pooled Channel '[id: 0x13af64c4, L:/127.0.0.1:54826 - R:localhost/127.0.0.1:44224]' for 'POST' to 'http://localhost:44224/session/017f1862af1eb421fbdce7f3d6cc78f9/element/f.DADC30EEC02E226B794BCB660AE49937.d.D19E423C9C650E876AC3B6FFA14D9B76.e.130/click'
22:42:17.127 [Forwarding clickElement on session 017f1862af1eb421fbdce7f3d6cc78f9 to remote] DEBUG org.asynchttpclient.netty.request.NettyRequestSender - Using open Channel [id: 0x13af64c4, L:/127.0.0.1:54826 - R:localhost/127.0.0.1:44224] for POST '/session/017f1862af1eb421fbdce7f3d6cc78f9/element/f.DADC30EEC02E226B794BCB660AE49937.d.D19E423C9C650E876AC3B6FFA14D9B76.e.130/click'
22:42:17.185 [AsyncHttpClient-1-1] DEBUG org.asynchttpclient.netty.channel.DefaultChannelPool - Entry count for : http://localhost:54827 : 1
22:42:17.259 [AsyncHttpClient-1-14] DEBUG org.asynchttpclient.netty.handler.HttpHandler - 

Request DefaultHttpRequest(decodeResult: success, version: HTTP/1.1)
POST /session/017f1862af1eb421fbdce7f3d6cc78f9/element/f.DADC30EEC02E226B794BCB660AE49937.d.D19E423C9C650E876AC3B6FFA14D9B76.e.130/click HTTP/1.1
User-Agent: selenium/4.12.0 (java windows)
Content-Length: 89
Content-Type: application/json; charset=utf-8
host: localhost:44224
accept: */*

Response DefaultHttpResponse(decodeResult: success, version: HTTP/1.1)
HTTP/1.1 200 OK
Content-Length: 14
Content-Type: application/json; charset=utf-8
cache-control: no-cache

22:42:17.262 [AsyncHttpClient-1-14] DEBUG org.asynchttpclient.netty.channel.ChannelManager - Adding key: http://localhost:44224 for channel [id: 0x13af64c4, L:/127.0.0.1:54826 - R:localhost/127.0.0.1:44224]
22:42:18.266 [Forwarding findElement on session 017f1862af1eb421fbdce7f3d6cc78f9 to remote] DEBUG org.asynchttpclient.netty.request.NettyRequestSender - Using pooled Channel '[id: 0x13af64c4, L:/127.0.0.1:54826 - R:localhost/127.0.0.1:44224]' for 'POST' to 'http://localhost:44224/session/017f1862af1eb421fbdce7f3d6cc78f9/element'
22:42:18.266 [Forwarding findElement on session 017f1862af1eb421fbdce7f3d6cc78f9 to remote] DEBUG org.asynchttpclient.netty.request.NettyRequestSender - Using open Channel [id: 0x13af64c4, L:/127.0.0.1:54826 - R:localhost/127.0.0.1:44224] for POST '/session/017f1862af1eb421fbdce7f3d6cc78f9/element'
22:42:18.283 [AsyncHttpClient-1-1] DEBUG org.asynchttpclient.netty.channel.DefaultChannelPool - Entry count for : http://localhost:54827 : 1
22:42:18.315 [AsyncHttpClient-1-14] DEBUG org.asynchttpclient.netty.handler.HttpHandler - 

Request DefaultHttpRequest(decodeResult: success, version: HTTP/1.1)
POST /session/017f1862af1eb421fbdce7f3d6cc78f9/element HTTP/1.1
User-Agent: selenium/4.12.0 (java windows)
Content-Length: 250
Content-Type: application/json; charset=utf-8
host: localhost:44224
accept: */*

Response DefaultHttpResponse(decodeResult: success, version: HTTP/1.1)
HTTP/1.1 200 OK
Content-Length: 127
Content-Type: application/json; charset=utf-8
cache-control: no-cache

22:42:18.315 [AsyncHttpClient-1-14] DEBUG org.asynchttpclient.netty.channel.ChannelManager - Adding key: http://localhost:44224 for channel [id: 0x13af64c4, L:/127.0.0.1:54826 - R:localhost/127.0.0.1:44224]
22:42:18.315 [Forwarding actions on session 017f1862af1eb421fbdce7f3d6cc78f9 to remote] DEBUG org.asynchttpclient.netty.request.NettyRequestSender - Using pooled Channel '[id: 0x13af64c4, L:/127.0.0.1:54826 - R:localhost/127.0.0.1:44224]' for 'POST' to 'http://localhost:44224/session/017f1862af1eb421fbdce7f3d6cc78f9/actions'
22:42:18.315 [Forwarding actions on session 017f1862af1eb421fbdce7f3d6cc78f9 to remote] DEBUG org.asynchttpclient.netty.request.NettyRequestSender - Using open Channel [id: 0x13af64c4, L:/127.0.0.1:54826 - R:localhost/127.0.0.1:44224] for POST '/session/017f1862af1eb421fbdce7f3d6cc78f9/actions'
22:42:18.512 [AsyncHttpClient-1-14] DEBUG org.asynchttpclient.netty.handler.HttpHandler - 

Request DefaultHttpRequest(decodeResult: success, version: HTTP/1.1)
POST /session/017f1862af1eb421fbdce7f3d6cc78f9/actions HTTP/1.1
User-Agent: selenium/4.12.0 (java windows)
Content-Length: 606
Content-Type: application/json; charset=utf-8
host: localhost:44224
accept: */*

Response DefaultHttpResponse(decodeResult: success, version: HTTP/1.1)
HTTP/1.1 200 OK
Content-Length: 14
Content-Type: application/json; charset=utf-8
cache-control: no-cache

22:42:18.514 [AsyncHttpClient-1-14] DEBUG org.asynchttpclient.netty.channel.ChannelManager - Adding key: http://localhost:44224 for channel [id: 0x13af64c4, L:/127.0.0.1:54826 - R:localhost/127.0.0.1:44224]
22:42:18.514 [Forwarding findElement on session 017f1862af1eb421fbdce7f3d6cc78f9 to remote] DEBUG org.asynchttpclient.netty.request.NettyRequestSender - Using pooled Channel '[id: 0x13af64c4, L:/127.0.0.1:54826 - R:localhost/127.0.0.1:44224]' for 'POST' to 'http://localhost:44224/session/017f1862af1eb421fbdce7f3d6cc78f9/element'
22:42:18.514 [Forwarding findElement on session 017f1862af1eb421fbdce7f3d6cc78f9 to remote] DEBUG org.asynchttpclient.netty.request.NettyRequestSender - Using open Channel [id: 0x13af64c4, L:/127.0.0.1:54826 - R:localhost/127.0.0.1:44224] for POST '/session/017f1862af1eb421fbdce7f3d6cc78f9/element'
22:42:18.528 [AsyncHttpClient-1-14] DEBUG org.asynchttpclient.netty.handler.HttpHandler - 

Request DefaultHttpRequest(decodeResult: success, version: HTTP/1.1)
POST /session/017f1862af1eb421fbdce7f3d6cc78f9/element HTTP/1.1
User-Agent: selenium/4.12.0 (java windows)
Content-Length: 250
Content-Type: application/json; charset=utf-8
host: localhost:44224
accept: */*

Response DefaultHttpResponse(decodeResult: success, version: HTTP/1.1)
HTTP/1.1 200 OK
Content-Length: 127
Content-Type: application/json; charset=utf-8
cache-control: no-cache

22:42:18.528 [AsyncHttpClient-1-14] DEBUG org.asynchttpclient.netty.channel.ChannelManager - Adding key: http://localhost:44224 for channel [id: 0x13af64c4, L:/127.0.0.1:54826 - R:localhost/127.0.0.1:44224]
22:42:18.536 [Forwarding actions on session 017f1862af1eb421fbdce7f3d6cc78f9 to remote] DEBUG org.asynchttpclient.netty.request.NettyRequestSender - Using pooled Channel '[id: 0x13af64c4, L:/127.0.0.1:54826 - R:localhost/127.0.0.1:44224]' for 'POST' to 'http://localhost:44224/session/017f1862af1eb421fbdce7f3d6cc78f9/actions'
22:42:18.536 [Forwarding actions on session 017f1862af1eb421fbdce7f3d6cc78f9 to remote] DEBUG org.asynchttpclient.netty.request.NettyRequestSender - Using open Channel [id: 0x13af64c4, L:/127.0.0.1:54826 - R:localhost/127.0.0.1:44224] for POST '/session/017f1862af1eb421fbdce7f3d6cc78f9/actions'
22:42:18.717 [AsyncHttpClient-1-14] DEBUG org.asynchttpclient.netty.handler.HttpHandler - 

Request DefaultHttpRequest(decodeResult: success, version: HTTP/1.1)
POST /session/017f1862af1eb421fbdce7f3d6cc78f9/actions HTTP/1.1
User-Agent: selenium/4.12.0 (java windows)
Content-Length: 606
Content-Type: application/json; charset=utf-8
host: localhost:44224
accept: */*

Response DefaultHttpResponse(decodeResult: success, version: HTTP/1.1)
HTTP/1.1 200 OK
Content-Length: 14
Content-Type: application/json; charset=utf-8
cache-control: no-cache

22:42:18.717 [AsyncHttpClient-1-14] DEBUG org.asynchttpclient.netty.channel.ChannelManager - Adding key: http://localhost:44224 for channel [id: 0x13af64c4, L:/127.0.0.1:54826 - R:localhost/127.0.0.1:44224]
22:42:18.724 [Forwarding findElement on session 017f1862af1eb421fbdce7f3d6cc78f9 to remote] DEBUG org.asynchttpclient.netty.request.NettyRequestSender - Using pooled Channel '[id: 0x13af64c4, L:/127.0.0.1:54826 - R:localhost/127.0.0.1:44224]' for 'POST' to 'http://localhost:44224/session/017f1862af1eb421fbdce7f3d6cc78f9/element'
22:42:18.724 [Forwarding findElement on session 017f1862af1eb421fbdce7f3d6cc78f9 to remote] DEBUG org.asynchttpclient.netty.request.NettyRequestSender - Using open Channel [id: 0x13af64c4, L:/127.0.0.1:54826 - R:localhost/127.0.0.1:44224] for POST '/session/017f1862af1eb421fbdce7f3d6cc78f9/element'
22:42:18.742 [AsyncHttpClient-1-14] DEBUG org.asynchttpclient.netty.handler.HttpHandler - 

Request DefaultHttpRequest(decodeResult: success, version: HTTP/1.1)
POST /session/017f1862af1eb421fbdce7f3d6cc78f9/element HTTP/1.1
User-Agent: selenium/4.12.0 (java windows)
Content-Length: 250
Content-Type: application/json; charset=utf-8
host: localhost:44224
accept: */*

Response DefaultHttpResponse(decodeResult: success, version: HTTP/1.1)
HTTP/1.1 200 OK
Content-Length: 127
Content-Type: application/json; charset=utf-8
cache-control: no-cache

22:42:18.742 [AsyncHttpClient-1-14] DEBUG org.asynchttpclient.netty.channel.ChannelManager - Adding key: http://localhost:44224 for channel [id: 0x13af64c4, L:/127.0.0.1:54826 - R:localhost/127.0.0.1:44224]
22:42:18.742 [Forwarding actions on session 017f1862af1eb421fbdce7f3d6cc78f9 to remote] DEBUG org.asynchttpclient.netty.request.NettyRequestSender - Using pooled Channel '[id: 0x13af64c4, L:/127.0.0.1:54826 - R:localhost/127.0.0.1:44224]' for 'POST' to 'http://localhost:44224/session/017f1862af1eb421fbdce7f3d6cc78f9/actions'
22:42:18.742 [Forwarding actions on session 017f1862af1eb421fbdce7f3d6cc78f9 to remote] DEBUG org.asynchttpclient.netty.request.NettyRequestSender - Using open Channel [id: 0x13af64c4, L:/127.0.0.1:54826 - R:localhost/127.0.0.1:44224] for POST '/session/017f1862af1eb421fbdce7f3d6cc78f9/actions'
22:42:18.929 [AsyncHttpClient-1-14] DEBUG org.asynchttpclient.netty.handler.HttpHandler - 

Request DefaultHttpRequest(decodeResult: success, version: HTTP/1.1)
POST /session/017f1862af1eb421fbdce7f3d6cc78f9/actions HTTP/1.1
User-Agent: selenium/4.12.0 (java windows)
Content-Length: 606
Content-Type: application/json; charset=utf-8
host: localhost:44224
accept: */*

Response DefaultHttpResponse(decodeResult: success, version: HTTP/1.1)
HTTP/1.1 200 OK
Content-Length: 14
Content-Type: application/json; charset=utf-8
cache-control: no-cache

22:42:18.929 [AsyncHttpClient-1-14] DEBUG org.asynchttpclient.netty.channel.ChannelManager - Adding key: http://localhost:44224 for channel [id: 0x13af64c4, L:/127.0.0.1:54826 - R:localhost/127.0.0.1:44224]
22:42:18.936 [Forwarding findElement on session 017f1862af1eb421fbdce7f3d6cc78f9 to remote] DEBUG org.asynchttpclient.netty.request.NettyRequestSender - Using pooled Channel '[id: 0x13af64c4, L:/127.0.0.1:54826 - R:localhost/127.0.0.1:44224]' for 'POST' to 'http://localhost:44224/session/017f1862af1eb421fbdce7f3d6cc78f9/element'
22:42:18.936 [Forwarding findElement on session 017f1862af1eb421fbdce7f3d6cc78f9 to remote] DEBUG org.asynchttpclient.netty.request.NettyRequestSender - Using open Channel [id: 0x13af64c4, L:/127.0.0.1:54826 - R:localhost/127.0.0.1:44224] for POST '/session/017f1862af1eb421fbdce7f3d6cc78f9/element'
22:42:18.953 [AsyncHttpClient-1-14] DEBUG org.asynchttpclient.netty.handler.HttpHandler - 

Request DefaultHttpRequest(decodeResult: success, version: HTTP/1.1)
POST /session/017f1862af1eb421fbdce7f3d6cc78f9/element HTTP/1.1
User-Agent: selenium/4.12.0 (java windows)
Content-Length: 250
Content-Type: application/json; charset=utf-8
host: localhost:44224
accept: */*

Response DefaultHttpResponse(decodeResult: success, version: HTTP/1.1)
HTTP/1.1 200 OK
Content-Length: 127
Content-Type: application/json; charset=utf-8
cache-control: no-cache

22:42:18.953 [AsyncHttpClient-1-14] DEBUG org.asynchttpclient.netty.channel.ChannelManager - Adding key: http://localhost:44224 for channel [id: 0x13af64c4, L:/127.0.0.1:54826 - R:localhost/127.0.0.1:44224]
22:42:18.956 [Forwarding actions on session 017f1862af1eb421fbdce7f3d6cc78f9 to remote] DEBUG org.asynchttpclient.netty.request.NettyRequestSender - Using pooled Channel '[id: 0x13af64c4, L:/127.0.0.1:54826 - R:localhost/127.0.0.1:44224]' for 'POST' to 'http://localhost:44224/session/017f1862af1eb421fbdce7f3d6cc78f9/actions'
22:42:18.956 [Forwarding actions on session 017f1862af1eb421fbdce7f3d6cc78f9 to remote] DEBUG org.asynchttpclient.netty.request.NettyRequestSender - Using open Channel [id: 0x13af64c4, L:/127.0.0.1:54826 - R:localhost/127.0.0.1:44224] for POST '/session/017f1862af1eb421fbdce7f3d6cc78f9/actions'
22:42:19.140 [AsyncHttpClient-1-14] DEBUG org.asynchttpclient.netty.handler.HttpHandler - 

Request DefaultHttpRequest(decodeResult: success, version: HTTP/1.1)
POST /session/017f1862af1eb421fbdce7f3d6cc78f9/actions HTTP/1.1
User-Agent: selenium/4.12.0 (java windows)
Content-Length: 606
Content-Type: application/json; charset=utf-8
host: localhost:44224
accept: */*

Response DefaultHttpResponse(decodeResult: success, version: HTTP/1.1)
HTTP/1.1 200 OK
Content-Length: 14
Content-Type: application/json; charset=utf-8
cache-control: no-cache

22:42:19.140 [AsyncHttpClient-1-14] DEBUG org.asynchttpclient.netty.channel.ChannelManager - Adding key: http://localhost:44224 for channel [id: 0x13af64c4, L:/127.0.0.1:54826 - R:localhost/127.0.0.1:44224]
22:42:19.140 [Forwarding findElement on session 017f1862af1eb421fbdce7f3d6cc78f9 to remote] DEBUG org.asynchttpclient.netty.request.NettyRequestSender - Using pooled Channel '[id: 0x13af64c4, L:/127.0.0.1:54826 - R:localhost/127.0.0.1:44224]' for 'POST' to 'http://localhost:44224/session/017f1862af1eb421fbdce7f3d6cc78f9/element'
22:42:19.140 [Forwarding findElement on session 017f1862af1eb421fbdce7f3d6cc78f9 to remote] DEBUG org.asynchttpclient.netty.request.NettyRequestSender - Using open Channel [id: 0x13af64c4, L:/127.0.0.1:54826 - R:localhost/127.0.0.1:44224] for POST '/session/017f1862af1eb421fbdce7f3d6cc78f9/element'
22:42:19.164 [AsyncHttpClient-1-14] DEBUG org.asynchttpclient.netty.handler.HttpHandler - 

Request DefaultHttpRequest(decodeResult: success, version: HTTP/1.1)
POST /session/017f1862af1eb421fbdce7f3d6cc78f9/element HTTP/1.1
User-Agent: selenium/4.12.0 (java windows)
Content-Length: 250
Content-Type: application/json; charset=utf-8
host: localhost:44224
accept: */*

Response DefaultHttpResponse(decodeResult: success, version: HTTP/1.1)
HTTP/1.1 200 OK
Content-Length: 127
Content-Type: application/json; charset=utf-8
cache-control: no-cache

22:42:19.164 [AsyncHttpClient-1-14] DEBUG org.asynchttpclient.netty.channel.ChannelManager - Adding key: http://localhost:44224 for channel [id: 0x13af64c4, L:/127.0.0.1:54826 - R:localhost/127.0.0.1:44224]
22:42:19.164 [Forwarding actions on session 017f1862af1eb421fbdce7f3d6cc78f9 to remote] DEBUG org.asynchttpclient.netty.request.NettyRequestSender - Using pooled Channel '[id: 0x13af64c4, L:/127.0.0.1:54826 - R:localhost/127.0.0.1:44224]' for 'POST' to 'http://localhost:44224/session/017f1862af1eb421fbdce7f3d6cc78f9/actions'
22:42:19.164 [Forwarding actions on session 017f1862af1eb421fbdce7f3d6cc78f9 to remote] DEBUG org.asynchttpclient.netty.request.NettyRequestSender - Using open Channel [id: 0x13af64c4, L:/127.0.0.1:54826 - R:localhost/127.0.0.1:44224] for POST '/session/017f1862af1eb421fbdce7f3d6cc78f9/actions'
22:42:19.360 [AsyncHttpClient-1-14] DEBUG org.asynchttpclient.netty.handler.HttpHandler - 

Request DefaultHttpRequest(decodeResult: success, version: HTTP/1.1)
POST /session/017f1862af1eb421fbdce7f3d6cc78f9/actions HTTP/1.1
User-Agent: selenium/4.12.0 (java windows)
Content-Length: 606
Content-Type: application/json; charset=utf-8
host: localhost:44224
accept: */*

Response DefaultHttpResponse(decodeResult: success, version: HTTP/1.1)
HTTP/1.1 200 OK
Content-Length: 14
Content-Type: application/json; charset=utf-8
cache-control: no-cache

22:42:19.360 [AsyncHttpClient-1-14] DEBUG org.asynchttpclient.netty.channel.ChannelManager - Adding key: http://localhost:44224 for channel [id: 0x13af64c4, L:/127.0.0.1:54826 - R:localhost/127.0.0.1:44224]
22:42:19.361 [Forwarding findElement on session 017f1862af1eb421fbdce7f3d6cc78f9 to remote] DEBUG org.asynchttpclient.netty.request.NettyRequestSender - Using pooled Channel '[id: 0x13af64c4, L:/127.0.0.1:54826 - R:localhost/127.0.0.1:44224]' for 'POST' to 'http://localhost:44224/session/017f1862af1eb421fbdce7f3d6cc78f9/element'
22:42:19.361 [Forwarding findElement on session 017f1862af1eb421fbdce7f3d6cc78f9 to remote] DEBUG org.asynchttpclient.netty.request.NettyRequestSender - Using open Channel [id: 0x13af64c4, L:/127.0.0.1:54826 - R:localhost/127.0.0.1:44224] for POST '/session/017f1862af1eb421fbdce7f3d6cc78f9/element'
22:42:19.377 [AsyncHttpClient-1-14] DEBUG org.asynchttpclient.netty.handler.HttpHandler - 

Request DefaultHttpRequest(decodeResult: success, version: HTTP/1.1)
POST /session/017f1862af1eb421fbdce7f3d6cc78f9/element HTTP/1.1
User-Agent: selenium/4.12.0 (java windows)
Content-Length: 250
Content-Type: application/json; charset=utf-8
host: localhost:44224
accept: */*

Response DefaultHttpResponse(decodeResult: success, version: HTTP/1.1)
HTTP/1.1 200 OK
Content-Length: 127
Content-Type: application/json; charset=utf-8
cache-control: no-cache

22:42:19.377 [AsyncHttpClient-1-14] DEBUG org.asynchttpclient.netty.channel.ChannelManager - Adding key: http://localhost:44224 for channel [id: 0x13af64c4, L:/127.0.0.1:54826 - R:localhost/127.0.0.1:44224]
22:42:19.386 [AsyncHttpClient-1-1] DEBUG org.asynchttpclient.netty.channel.DefaultChannelPool - Entry count for : http://localhost:54827 : 1
22:42:19.386 [AsyncHttpClient-1-1] DEBUG org.asynchttpclient.netty.channel.DefaultChannelPool - Entry count for : http://localhost:44224 : 1
22:42:19.386 [Forwarding actions on session 017f1862af1eb421fbdce7f3d6cc78f9 to remote] DEBUG org.asynchttpclient.netty.request.NettyRequestSender - Using pooled Channel '[id: 0x13af64c4, L:/127.0.0.1:54826 - R:localhost/127.0.0.1:44224]' for 'POST' to 'http://localhost:44224/session/017f1862af1eb421fbdce7f3d6cc78f9/actions'
22:42:19.386 [Forwarding actions on session 017f1862af1eb421fbdce7f3d6cc78f9 to remote] DEBUG org.asynchttpclient.netty.request.NettyRequestSender - Using open Channel [id: 0x13af64c4, L:/127.0.0.1:54826 - R:localhost/127.0.0.1:44224] for POST '/session/017f1862af1eb421fbdce7f3d6cc78f9/actions'
22:42:19.612 [AsyncHttpClient-1-14] DEBUG org.asynchttpclient.netty.handler.HttpHandler - 

Request DefaultHttpRequest(decodeResult: success, version: HTTP/1.1)
POST /session/017f1862af1eb421fbdce7f3d6cc78f9/actions HTTP/1.1
User-Agent: selenium/4.12.0 (java windows)
Content-Length: 606
Content-Type: application/json; charset=utf-8
host: localhost:44224
accept: */*

Response DefaultHttpResponse(decodeResult: success, version: HTTP/1.1)
HTTP/1.1 200 OK
Content-Length: 14
Content-Type: application/json; charset=utf-8
cache-control: no-cache

22:42:19.612 [AsyncHttpClient-1-14] DEBUG org.asynchttpclient.netty.channel.ChannelManager - Adding key: http://localhost:44224 for channel [id: 0x13af64c4, L:/127.0.0.1:54826 - R:localhost/127.0.0.1:44224]
22:42:20.496 [AsyncHttpClient-1-1] DEBUG org.asynchttpclient.netty.channel.DefaultChannelPool - Entry count for : http://localhost:54827 : 1
22:42:20.496 [AsyncHttpClient-1-1] DEBUG org.asynchttpclient.netty.channel.DefaultChannelPool - Entry count for : http://localhost:44224 : 1
22:42:21.584 [AsyncHttpClient-1-1] DEBUG org.asynchttpclient.netty.channel.DefaultChannelPool - Entry count for : http://localhost:54827 : 1
22:42:21.584 [AsyncHttpClient-1-1] DEBUG org.asynchttpclient.netty.channel.DefaultChannelPool - Entry count for : http://localhost:44224 : 1
screen shot class not taking
  And Provide the Business hour04:00 15:00                               # StepDefination.Customer_onboarding.Provide_the_business_hores(java.lang.String,java.lang.String)
22:42:22.693 [AsyncHttpClient-1-1] DEBUG org.asynchttpclient.netty.channel.DefaultChannelPool - Entry count for : http://localhost:54827 : 1
22:42:22.693 [AsyncHttpClient-1-1] DEBUG org.asynchttpclient.netty.channel.DefaultChannelPool - Entry count for : http://localhost:44224 : 1
22:42:23.127 [Forwarding findElement on session 017f1862af1eb421fbdce7f3d6cc78f9 to remote] DEBUG org.asynchttpclient.netty.request.NettyRequestSender - Using pooled Channel '[id: 0x13af64c4, L:/127.0.0.1:54826 - R:localhost/127.0.0.1:44224]' for 'POST' to 'http://localhost:44224/session/017f1862af1eb421fbdce7f3d6cc78f9/element'
22:42:23.127 [Forwarding findElement on session 017f1862af1eb421fbdce7f3d6cc78f9 to remote] DEBUG org.asynchttpclient.netty.request.NettyRequestSender - Using open Channel [id: 0x13af64c4, L:/127.0.0.1:54826 - R:localhost/127.0.0.1:44224] for POST '/session/017f1862af1eb421fbdce7f3d6cc78f9/element'
22:42:23.151 [AsyncHttpClient-1-14] DEBUG org.asynchttpclient.netty.handler.HttpHandler - 

Request DefaultHttpRequest(decodeResult: success, version: HTTP/1.1)
POST /session/017f1862af1eb421fbdce7f3d6cc78f9/element HTTP/1.1
User-Agent: selenium/4.12.0 (java windows)
Content-Length: 72
Content-Type: application/json; charset=utf-8
host: localhost:44224
accept: */*

Response DefaultHttpResponse(decodeResult: success, version: HTTP/1.1)
HTTP/1.1 200 OK
Content-Length: 127
Content-Type: application/json; charset=utf-8
cache-control: no-cache

22:42:23.153 [AsyncHttpClient-1-14] DEBUG org.asynchttpclient.netty.channel.ChannelManager - Adding key: http://localhost:44224 for channel [id: 0x13af64c4, L:/127.0.0.1:54826 - R:localhost/127.0.0.1:44224]
22:42:23.153 [Forwarding clickElement on session 017f1862af1eb421fbdce7f3d6cc78f9 to remote] DEBUG org.asynchttpclient.netty.request.NettyRequestSender - Using pooled Channel '[id: 0x13af64c4, L:/127.0.0.1:54826 - R:localhost/127.0.0.1:44224]' for 'POST' to 'http://localhost:44224/session/017f1862af1eb421fbdce7f3d6cc78f9/element/f.DADC30EEC02E226B794BCB660AE49937.d.D19E423C9C650E876AC3B6FFA14D9B76.e.164/click'
22:42:23.153 [Forwarding clickElement on session 017f1862af1eb421fbdce7f3d6cc78f9 to remote] DEBUG org.asynchttpclient.netty.request.NettyRequestSender - Using open Channel [id: 0x13af64c4, L:/127.0.0.1:54826 - R:localhost/127.0.0.1:44224] for POST '/session/017f1862af1eb421fbdce7f3d6cc78f9/element/f.DADC30EEC02E226B794BCB660AE49937.d.D19E423C9C650E876AC3B6FFA14D9B76.e.164/click'
22:42:23.303 [AsyncHttpClient-1-14] DEBUG org.asynchttpclient.netty.handler.HttpHandler - 

Request DefaultHttpRequest(decodeResult: success, version: HTTP/1.1)
POST /session/017f1862af1eb421fbdce7f3d6cc78f9/element/f.DADC30EEC02E226B794BCB660AE49937.d.D19E423C9C650E876AC3B6FFA14D9B76.e.164/click HTTP/1.1
User-Agent: selenium/4.12.0 (java windows)
Content-Length: 89
Content-Type: application/json; charset=utf-8
host: localhost:44224
accept: */*

Response DefaultHttpResponse(decodeResult: success, version: HTTP/1.1)
HTTP/1.1 200 OK
Content-Length: 14
Content-Type: application/json; charset=utf-8
cache-control: no-cache

22:42:23.303 [AsyncHttpClient-1-14] DEBUG org.asynchttpclient.netty.channel.ChannelManager - Adding key: http://localhost:44224 for channel [id: 0x13af64c4, L:/127.0.0.1:54826 - R:localhost/127.0.0.1:44224]
22:42:23.783 [AsyncHttpClient-1-1] DEBUG org.asynchttpclient.netty.channel.DefaultChannelPool - Entry count for : http://localhost:54827 : 1
22:42:23.783 [AsyncHttpClient-1-1] DEBUG org.asynchttpclient.netty.channel.DefaultChannelPool - Entry count for : http://localhost:44224 : 1
screen shot class not taking
  When Submit the form                                                   # StepDefination.Customer_onboarding.Submit_the_form()
22:42:24.325 [Forwarding findElement on session 017f1862af1eb421fbdce7f3d6cc78f9 to remote] DEBUG org.asynchttpclient.netty.request.NettyRequestSender - Using pooled Channel '[id: 0x13af64c4, L:/127.0.0.1:54826 - R:localhost/127.0.0.1:44224]' for 'POST' to 'http://localhost:44224/session/017f1862af1eb421fbdce7f3d6cc78f9/element'
22:42:24.325 [Forwarding findElement on session 017f1862af1eb421fbdce7f3d6cc78f9 to remote] DEBUG org.asynchttpclient.netty.request.NettyRequestSender - Using open Channel [id: 0x13af64c4, L:/127.0.0.1:54826 - R:localhost/127.0.0.1:44224] for POST '/session/017f1862af1eb421fbdce7f3d6cc78f9/element'
22:42:24.342 [AsyncHttpClient-1-14] DEBUG org.asynchttpclient.netty.handler.HttpHandler - 

Request DefaultHttpRequest(decodeResult: success, version: HTTP/1.1)
POST /session/017f1862af1eb421fbdce7f3d6cc78f9/element HTTP/1.1
User-Agent: selenium/4.12.0 (java windows)
Content-Length: 151
Content-Type: application/json; charset=utf-8
host: localhost:44224
accept: */*

Response DefaultHttpResponse(decodeResult: success, version: HTTP/1.1)
HTTP/1.1 200 OK
Content-Length: 127
Content-Type: application/json; charset=utf-8
cache-control: no-cache

22:42:24.342 [AsyncHttpClient-1-14] DEBUG org.asynchttpclient.netty.channel.ChannelManager - Adding key: http://localhost:44224 for channel [id: 0x13af64c4, L:/127.0.0.1:54826 - R:localhost/127.0.0.1:44224]
22:42:24.342 [Forwarding clickElement on session 017f1862af1eb421fbdce7f3d6cc78f9 to remote] DEBUG org.asynchttpclient.netty.request.NettyRequestSender - Using pooled Channel '[id: 0x13af64c4, L:/127.0.0.1:54826 - R:localhost/127.0.0.1:44224]' for 'POST' to 'http://localhost:44224/session/017f1862af1eb421fbdce7f3d6cc78f9/element/f.DADC30EEC02E226B794BCB660AE49937.d.D19E423C9C650E876AC3B6FFA14D9B76.e.169/click'
22:42:24.342 [Forwarding clickElement on session 017f1862af1eb421fbdce7f3d6cc78f9 to remote] DEBUG org.asynchttpclient.netty.request.NettyRequestSender - Using open Channel [id: 0x13af64c4, L:/127.0.0.1:54826 - R:localhost/127.0.0.1:44224] for POST '/session/017f1862af1eb421fbdce7f3d6cc78f9/element/f.DADC30EEC02E226B794BCB660AE49937.d.D19E423C9C650E876AC3B6FFA14D9B76.e.169/click'
22:42:24.435 [AsyncHttpClient-1-14] DEBUG org.asynchttpclient.netty.handler.HttpHandler - 

Request DefaultHttpRequest(decodeResult: success, version: HTTP/1.1)
POST /session/017f1862af1eb421fbdce7f3d6cc78f9/element/f.DADC30EEC02E226B794BCB660AE49937.d.D19E423C9C650E876AC3B6FFA14D9B76.e.169/click HTTP/1.1
User-Agent: selenium/4.12.0 (java windows)
Content-Length: 89
Content-Type: application/json; charset=utf-8
host: localhost:44224
accept: */*

Response DefaultHttpResponse(decodeResult: success, version: HTTP/1.1)
HTTP/1.1 200 OK
Content-Length: 14
Content-Type: application/json; charset=utf-8
cache-control: no-cache

22:42:24.435 [AsyncHttpClient-1-14] DEBUG org.asynchttpclient.netty.channel.ChannelManager - Adding key: http://localhost:44224 for channel [id: 0x13af64c4, L:/127.0.0.1:54826 - R:localhost/127.0.0.1:44224]
22:42:24.889 [AsyncHttpClient-1-1] DEBUG org.asynchttpclient.netty.channel.DefaultChannelPool - Entry count for : http://localhost:54827 : 1
22:42:24.889 [AsyncHttpClient-1-1] DEBUG org.asynchttpclient.netty.channel.DefaultChannelPool - Entry count for : http://localhost:44224 : 1
screen shot class not taking
  And Tap back button                                                    # StepDefination.Customer_onboarding.Tap_back_button()
22:42:25.950 [Forwarding findElements on session 017f1862af1eb421fbdce7f3d6cc78f9 to remote] DEBUG org.asynchttpclient.netty.request.NettyRequestSender - Using pooled Channel '[id: 0x13af64c4, L:/127.0.0.1:54826 - R:localhost/127.0.0.1:44224]' for 'POST' to 'http://localhost:44224/session/017f1862af1eb421fbdce7f3d6cc78f9/elements'
22:42:25.950 [Forwarding findElements on session 017f1862af1eb421fbdce7f3d6cc78f9 to remote] DEBUG org.asynchttpclient.netty.request.NettyRequestSender - Using open Channel [id: 0x13af64c4, L:/127.0.0.1:54826 - R:localhost/127.0.0.1:44224] for POST '/session/017f1862af1eb421fbdce7f3d6cc78f9/elements'
22:42:25.977 [AsyncHttpClient-1-14] DEBUG org.asynchttpclient.netty.handler.HttpHandler - 

Request DefaultHttpRequest(decodeResult: success, version: HTTP/1.1)
POST /session/017f1862af1eb421fbdce7f3d6cc78f9/elements HTTP/1.1
User-Agent: selenium/4.12.0 (java windows)
Content-Length: 142
Content-Type: application/json; charset=utf-8
host: localhost:44224
accept: */*

Response DefaultHttpResponse(decodeResult: success, version: HTTP/1.1)
HTTP/1.1 200 OK
Content-Length: 5911
Content-Type: application/json; charset=utf-8
cache-control: no-cache

22:42:25.979 [AsyncHttpClient-1-14] DEBUG org.asynchttpclient.netty.channel.ChannelManager - Adding key: http://localhost:44224 for channel [id: 0x13af64c4, L:/127.0.0.1:54826 - R:localhost/127.0.0.1:44224]
22:42:25.979 [Forwarding findElement on session 017f1862af1eb421fbdce7f3d6cc78f9 to remote] DEBUG org.asynchttpclient.netty.request.NettyRequestSender - Using pooled Channel '[id: 0x13af64c4, L:/127.0.0.1:54826 - R:localhost/127.0.0.1:44224]' for 'POST' to 'http://localhost:44224/session/017f1862af1eb421fbdce7f3d6cc78f9/element'
22:42:25.979 [Forwarding findElement on session 017f1862af1eb421fbdce7f3d6cc78f9 to remote] DEBUG org.asynchttpclient.netty.request.NettyRequestSender - Using open Channel [id: 0x13af64c4, L:/127.0.0.1:54826 - R:localhost/127.0.0.1:44224] for POST '/session/017f1862af1eb421fbdce7f3d6cc78f9/element'
22:42:25.983 [AsyncHttpClient-1-1] DEBUG org.asynchttpclient.netty.channel.DefaultChannelPool - Entry count for : http://localhost:54827 : 1
22:42:26.003 [AsyncHttpClient-1-14] DEBUG org.asynchttpclient.netty.handler.HttpHandler - 

Request DefaultHttpRequest(decodeResult: success, version: HTTP/1.1)
POST /session/017f1862af1eb421fbdce7f3d6cc78f9/element HTTP/1.1
User-Agent: selenium/4.12.0 (java windows)
Content-Length: 198
Content-Type: application/json; charset=utf-8
host: localhost:44224
accept: */*

Response DefaultHttpResponse(decodeResult: success, version: HTTP/1.1)
HTTP/1.1 200 OK
Content-Length: 127
Content-Type: application/json; charset=utf-8
cache-control: no-cache

22:42:26.003 [AsyncHttpClient-1-14] DEBUG org.asynchttpclient.netty.channel.ChannelManager - Adding key: http://localhost:44224 for channel [id: 0x13af64c4, L:/127.0.0.1:54826 - R:localhost/127.0.0.1:44224]
22:42:26.005 [Forwarding getElementText on session 017f1862af1eb421fbdce7f3d6cc78f9 to remote] DEBUG org.asynchttpclient.netty.request.NettyRequestSender - Using pooled Channel '[id: 0x13af64c4, L:/127.0.0.1:54826 - R:localhost/127.0.0.1:44224]' for 'GET' to 'http://localhost:44224/session/017f1862af1eb421fbdce7f3d6cc78f9/element/f.DADC30EEC02E226B794BCB660AE49937.d.D19E423C9C650E876AC3B6FFA14D9B76.e.224/text'
22:42:26.005 [Forwarding getElementText on session 017f1862af1eb421fbdce7f3d6cc78f9 to remote] DEBUG org.asynchttpclient.netty.request.NettyRequestSender - Using open Channel [id: 0x13af64c4, L:/127.0.0.1:54826 - R:localhost/127.0.0.1:44224] for GET '/session/017f1862af1eb421fbdce7f3d6cc78f9/element/f.DADC30EEC02E226B794BCB660AE49937.d.D19E423C9C650E876AC3B6FFA14D9B76.e.224/text'
22:42:26.027 [AsyncHttpClient-1-14] DEBUG org.asynchttpclient.netty.handler.HttpHandler - 

Request DefaultFullHttpRequest(decodeResult: success, version: HTTP/1.1, content: EmptyByteBufBE)
GET /session/017f1862af1eb421fbdce7f3d6cc78f9/element/f.DADC30EEC02E226B794BCB660AE49937.d.D19E423C9C650E876AC3B6FFA14D9B76.e.224/text HTTP/1.1
Cache-Control: no-cache
User-Agent: selenium/4.12.0 (java windows)
Content-Type: application/json; charset=utf-8
host: localhost:44224
accept: */*

Response DefaultHttpResponse(decodeResult: success, version: HTTP/1.1)
HTTP/1.1 200 OK
Content-Length: 38
Content-Type: application/json; charset=utf-8
cache-control: no-cache

22:42:26.027 [AsyncHttpClient-1-14] DEBUG org.asynchttpclient.netty.channel.ChannelManager - Adding key: http://localhost:44224 for channel [id: 0x13af64c4, L:/127.0.0.1:54826 - R:localhost/127.0.0.1:44224]
actual name: Future Solutions Inc -P
Company successfully created
  Then customer successsfully added                                      # StepDefination.Customer_onboarding.customer_successsfully_added()
22:42:26.027 [AsyncHttpClient-1-16] DEBUG org.asynchttpclient.netty.handler.WebSocketHandler - Channel Closed: [id: 0x72083e3c, L:/127.0.0.1:54835 ! R:localhost/127.0.0.1:54827] with attribute DISCARD
22:42:26.027 [Driver Command Executor] DEBUG org.asynchttpclient.netty.request.NettyRequestSender - Using pooled Channel '[id: 0x13af64c4, L:/127.0.0.1:54826 - R:localhost/127.0.0.1:44224]' for 'DELETE' to 'http://localhost:44224/session/017f1862af1eb421fbdce7f3d6cc78f9'
22:42:26.027 [Driver Command Executor] DEBUG org.asynchttpclient.netty.request.NettyRequestSender - Using open Channel [id: 0x13af64c4, L:/127.0.0.1:54826 - R:localhost/127.0.0.1:44224] for DELETE '/session/017f1862af1eb421fbdce7f3d6cc78f9'
22:42:26.174 [AsyncHttpClient-1-15] DEBUG org.asynchttpclient.netty.handler.HttpHandler - Unexpected I/O exception on channel [id: 0xd6db453d, L:/127.0.0.1:54834 - R:localhost/127.0.0.1:54827]
java.net.SocketException: Connection reset
	at java.base/sun.nio.ch.SocketChannelImpl.throwConnectionReset(SocketChannelImpl.java:394)
	at java.base/sun.nio.ch.SocketChannelImpl.read(SocketChannelImpl.java:426)
	at io.netty.buffer.PooledByteBuf.setBytes(PooledByteBuf.java:254)
	at io.netty.buffer.AbstractByteBuf.writeBytes(AbstractByteBuf.java:1132)
	at io.netty.channel.socket.nio.NioSocketChannel.doReadBytes(NioSocketChannel.java:357)
	at io.netty.channel.nio.AbstractNioByteChannel$NioByteUnsafe.read(AbstractNioByteChannel.java:151)
	at io.netty.channel.nio.NioEventLoop.processSelectedKey(NioEventLoop.java:788)
	at io.netty.channel.nio.NioEventLoop.processSelectedKeysOptimized(NioEventLoop.java:724)
	at io.netty.channel.nio.NioEventLoop.processSelectedKeys(NioEventLoop.java:650)
	at io.netty.channel.nio.NioEventLoop.run(NioEventLoop.java:562)
	at io.netty.util.concurrent.SingleThreadEventExecutor$4.run(SingleThreadEventExecutor.java:997)
	at io.netty.util.internal.ThreadExecutorMap$2.run(ThreadExecutorMap.java:74)
	at io.netty.util.concurrent.FastThreadLocalRunnable.run(FastThreadLocalRunnable.java:30)
	at java.base/java.lang.Thread.run(Thread.java:840)
22:42:26.174 [AsyncHttpClient-1-15] DEBUG org.asynchttpclient.netty.channel.ChannelManager - Closing Channel [id: 0xd6db453d, L:/127.0.0.1:54834 - R:localhost/127.0.0.1:54827] 
22:42:26.176 [AsyncHttpClient-1-15] DEBUG org.asynchttpclient.netty.handler.HttpHandler - Channel Closed: [id: 0xd6db453d, L:/127.0.0.1:54834 ! R:localhost/127.0.0.1:54827] with attribute DISCARD
22:42:26.218 [AsyncHttpClient-1-14] DEBUG org.asynchttpclient.netty.handler.HttpHandler - 

Request DefaultFullHttpRequest(decodeResult: success, version: HTTP/1.1, content: EmptyByteBufBE)
DELETE /session/017f1862af1eb421fbdce7f3d6cc78f9 HTTP/1.1
User-Agent: selenium/4.12.0 (java windows)
Content-Type: application/json; charset=utf-8
host: localhost:44224
accept: */*

Response DefaultHttpResponse(decodeResult: success, version: HTTP/1.1)
HTTP/1.1 200 OK
Content-Length: 14
Content-Type: application/json; charset=utf-8
cache-control: no-cache

22:42:26.219 [AsyncHttpClient-1-14] DEBUG org.asynchttpclient.netty.channel.ChannelManager - Adding key: http://localhost:44224 for channel [id: 0x13af64c4, L:/127.0.0.1:54826 - R:localhost/127.0.0.1:44224]
22:42:26.830 [AsyncHttpClient-1-14] DEBUG org.asynchttpclient.netty.handler.HttpHandler - Channel Closed: [id: 0x13af64c4, L:/127.0.0.1:54826 ! R:localhost/127.0.0.1:44224] with attribute DISCARD
  And Close_Window                                                       # StepDefination.Customer_onboarding.close_window()
WebDriver is null. Nothing to close.
]]></system-out>
    <system-err><![CDATA[Jan 18, 2025 10:41:45 PM org.openqa.selenium.devtools.CdpVersionFinder findNearestMatch
WARNING: Unable to find CDP implementation matching 131
Jan 18, 2025 10:41:45 PM org.openqa.selenium.chromium.ChromiumDriver lambda$new$5
WARNING: Unable to find version of CDP to use for 131.0.6778.265. You may need to include a dependency on a specific version of the CDP using something similar to `org.seleniumhq.selenium:selenium-devtools-v86:4.12.0` where the version ("v86") matches the version of the chromium-based browser you're using and the version number of the artifact is the same as Selenium's.
]]></system-err>
  </testcase>
  <testcase name="Add single customer with company name and address" classname="Customer Onboarding form for Broker" time="25.548">
    <system-out><![CDATA[
Scenario Outline: Add single customer with company name and address # src/test/resources/Customers/Customer_form.feature:36
22:42:27.087 [AsyncHttpClient-1-1] DEBUG org.asynchttpclient.netty.channel.DefaultChannelPool - Entry count for : http://localhost:54827 : 1
22:42:27.087 [AsyncHttpClient-1-1] DEBUG org.asynchttpclient.netty.channel.DefaultChannelPool - Entry count for : http://localhost:44224 : 1
22:42:27.087 [AsyncHttpClient-1-1] DEBUG org.asynchttpclient.netty.channel.DefaultChannelPool - Adding Candidate expired Channel [id: 0xd6db453d, L:/127.0.0.1:54834 ! R:localhost/127.0.0.1:54827] isIdleTimeoutExpired=false isRemotelyClosed=true isTtlExpired=false
22:42:27.087 [AsyncHttpClient-1-1] DEBUG org.asynchttpclient.netty.channel.DefaultChannelPool - Closing Idle Channel [id: 0xd6db453d, L:/127.0.0.1:54834 ! R:localhost/127.0.0.1:54827]
22:42:27.087 [AsyncHttpClient-1-1] DEBUG org.asynchttpclient.netty.channel.DefaultChannelPool - Adding Candidate expired Channel [id: 0x13af64c4, L:/127.0.0.1:54826 ! R:localhost/127.0.0.1:44224] isIdleTimeoutExpired=false isRemotelyClosed=true isTtlExpired=false
22:42:27.087 [AsyncHttpClient-1-1] DEBUG org.asynchttpclient.netty.channel.DefaultChannelPool - Closing Idle Channel [id: 0x13af64c4, L:/127.0.0.1:54826 ! R:localhost/127.0.0.1:44224]
22:42:27.087 [AsyncHttpClient-1-1] DEBUG org.asynchttpclient.netty.channel.DefaultChannelPool - Closed 2 connections out of 2 in 0 ms
22:42:27.314 [AsyncHttpClient-1-17] DEBUG org.asynchttpclient.netty.channel.NettyConnectListener - Using new Channel '[id: 0x40d633f8, L:/127.0.0.1:54883 - R:localhost/127.0.0.1:1361]' for 'POST' to '/session'
22:42:28.700 [AsyncHttpClient-1-17] DEBUG org.asynchttpclient.netty.handler.HttpHandler - 

Request DefaultHttpRequest(decodeResult: success, version: HTTP/1.1)
POST /session HTTP/1.1
User-Agent: selenium/4.12.0 (java windows)
Content-Length: 254
Content-Type: application/json; charset=utf-8
host: localhost:1361
accept: */*

Response DefaultHttpResponse(decodeResult: success, version: HTTP/1.1)
HTTP/1.1 200 OK
Content-Length: 887
Content-Type: application/json; charset=utf-8
cache-control: no-cache

22:42:28.700 [AsyncHttpClient-1-17] DEBUG org.asynchttpclient.netty.channel.ChannelManager - Adding key: http://localhost:1361 for channel [id: 0x40d633f8, L:/127.0.0.1:54883 - R:localhost/127.0.0.1:1361]
22:42:28.715 [AsyncHttpClient-1-18] DEBUG org.asynchttpclient.netty.channel.NettyConnectListener - Using new Channel '[id: 0x2670e99e, L:/127.0.0.1:54893 - R:localhost/127.0.0.1:54884]' for 'GET' to '/json/version'
22:42:28.724 [AsyncHttpClient-1-18] DEBUG org.asynchttpclient.netty.handler.HttpHandler - 

Request DefaultFullHttpRequest(decodeResult: success, version: HTTP/1.1, content: EmptyByteBufBE)
GET /json/version HTTP/1.1
User-Agent: selenium/4.12.0 (java windows)
host: localhost:54884
accept: */*

Response DefaultHttpResponse(decodeResult: success, version: HTTP/1.1)
HTTP/1.1 200 OK
Content-Security-Policy: frame-ancestors 'none'
Content-Length: 424
Content-Type: application/json; charset=UTF-8

22:42:28.724 [AsyncHttpClient-1-18] DEBUG org.asynchttpclient.netty.channel.ChannelManager - Adding key: http://localhost:54884 for channel [id: 0x2670e99e, L:/127.0.0.1:54893 - R:localhost/127.0.0.1:54884]
22:42:28.731 [AsyncHttpClient-1-19] DEBUG org.asynchttpclient.netty.channel.NettyConnectListener - Using new Channel '[id: 0xc1221e55, L:/127.0.0.1:54894 - R:localhost/127.0.0.1:54884]' for 'GET' to '/devtools/browser/06342631-798e-425d-baea-b2a39049878f'
22:42:28.739 [AsyncHttpClient-1-19] DEBUG org.asynchttpclient.netty.handler.WebSocketHandler - 

Request DefaultFullHttpRequest(decodeResult: success, version: HTTP/1.1, content: EmptyByteBufBE)
GET /devtools/browser/06342631-798e-425d-baea-b2a39049878f HTTP/1.1
upgrade: websocket
connection: upgrade
sec-websocket-key: J9rKaTy8CGOWMUmPRz0sNw==
sec-websocket-version: 13
origin: http://localhost:54884
host: localhost:54884
accept: */*
user-agent: AHC/2.1

Response DefaultHttpResponse(decodeResult: success, version: HTTP/1.1)
HTTP/1.1 101 WebSocket Protocol Handshake
Upgrade: WebSocket
Connection: Upgrade
Sec-WebSocket-Accept: q8auaHOw5VTWcBFj5cO4/40p2qU=

22:42:28.747 [Forwarding get on session 380d3a2ce817983d6dc549a063848c5e to remote] DEBUG org.asynchttpclient.netty.request.NettyRequestSender - Using pooled Channel '[id: 0x40d633f8, L:/127.0.0.1:54883 - R:localhost/127.0.0.1:1361]' for 'POST' to 'http://localhost:1361/session/380d3a2ce817983d6dc549a063848c5e/url'
22:42:28.747 [Forwarding get on session 380d3a2ce817983d6dc549a063848c5e to remote] DEBUG org.asynchttpclient.netty.request.NettyRequestSender - Using open Channel [id: 0x40d633f8, L:/127.0.0.1:54883 - R:localhost/127.0.0.1:1361] for POST '/session/380d3a2ce817983d6dc549a063848c5e/url'
22:42:29.282 [AsyncHttpClient-1-1] DEBUG org.asynchttpclient.netty.channel.DefaultChannelPool - Entry count for : http://localhost:54884 : 1
22:42:30.382 [AsyncHttpClient-1-1] DEBUG org.asynchttpclient.netty.channel.DefaultChannelPool - Entry count for : http://localhost:54884 : 1
22:42:30.772 [AsyncHttpClient-1-17] DEBUG org.asynchttpclient.netty.handler.HttpHandler - 

Request DefaultHttpRequest(decodeResult: success, version: HTTP/1.1)
POST /session/380d3a2ce817983d6dc549a063848c5e/url HTTP/1.1
User-Agent: selenium/4.12.0 (java windows)
Content-Length: 92
Content-Type: application/json; charset=utf-8
host: localhost:1361
accept: */*

Response DefaultHttpResponse(decodeResult: success, version: HTTP/1.1)
HTTP/1.1 200 OK
Content-Length: 14
Content-Type: application/json; charset=utf-8
cache-control: no-cache

22:42:30.772 [AsyncHttpClient-1-17] DEBUG org.asynchttpclient.netty.channel.ChannelManager - Adding key: http://localhost:1361 for channel [id: 0x40d633f8, L:/127.0.0.1:54883 - R:localhost/127.0.0.1:1361]
22:42:30.772 [Forwarding maximizeCurrentWindow on session 380d3a2ce817983d6dc549a063848c5e to remote] DEBUG org.asynchttpclient.netty.request.NettyRequestSender - Using pooled Channel '[id: 0x40d633f8, L:/127.0.0.1:54883 - R:localhost/127.0.0.1:1361]' for 'POST' to 'http://localhost:1361/session/380d3a2ce817983d6dc549a063848c5e/window/maximize'
22:42:30.772 [Forwarding maximizeCurrentWindow on session 380d3a2ce817983d6dc549a063848c5e to remote] DEBUG org.asynchttpclient.netty.request.NettyRequestSender - Using open Channel [id: 0x40d633f8, L:/127.0.0.1:54883 - R:localhost/127.0.0.1:1361] for POST '/session/380d3a2ce817983d6dc549a063848c5e/window/maximize'
22:42:30.878 [AsyncHttpClient-1-17] DEBUG org.asynchttpclient.netty.handler.HttpHandler - 

Request DefaultHttpRequest(decodeResult: success, version: HTTP/1.1)
POST /session/380d3a2ce817983d6dc549a063848c5e/window/maximize HTTP/1.1
User-Agent: selenium/4.12.0 (java windows)
Content-Length: 3
Content-Type: application/json; charset=utf-8
host: localhost:1361
accept: */*

Response DefaultHttpResponse(decodeResult: success, version: HTTP/1.1)
HTTP/1.1 200 OK
Content-Length: 51
Content-Type: application/json; charset=utf-8
cache-control: no-cache

22:42:30.878 [AsyncHttpClient-1-17] DEBUG org.asynchttpclient.netty.channel.ChannelManager - Adding key: http://localhost:1361 for channel [id: 0x40d633f8, L:/127.0.0.1:54883 - R:localhost/127.0.0.1:1361]
22:42:30.878 [Forwarding findElement on session 380d3a2ce817983d6dc549a063848c5e to remote] DEBUG org.asynchttpclient.netty.request.NettyRequestSender - Using pooled Channel '[id: 0x40d633f8, L:/127.0.0.1:54883 - R:localhost/127.0.0.1:1361]' for 'POST' to 'http://localhost:1361/session/380d3a2ce817983d6dc549a063848c5e/element'
22:42:30.878 [Forwarding findElement on session 380d3a2ce817983d6dc549a063848c5e to remote] DEBUG org.asynchttpclient.netty.request.NettyRequestSender - Using open Channel [id: 0x40d633f8, L:/127.0.0.1:54883 - R:localhost/127.0.0.1:1361] for POST '/session/380d3a2ce817983d6dc549a063848c5e/element'
22:42:30.910 [AsyncHttpClient-1-17] DEBUG org.asynchttpclient.netty.handler.HttpHandler - 

Request DefaultHttpRequest(decodeResult: success, version: HTTP/1.1)
POST /session/380d3a2ce817983d6dc549a063848c5e/element HTTP/1.1
User-Agent: selenium/4.12.0 (java windows)
Content-Length: 69
Content-Type: application/json; charset=utf-8
host: localhost:1361
accept: */*

Response DefaultHttpResponse(decodeResult: success, version: HTTP/1.1)
HTTP/1.1 200 OK
Content-Length: 125
Content-Type: application/json; charset=utf-8
cache-control: no-cache

22:42:30.910 [AsyncHttpClient-1-17] DEBUG org.asynchttpclient.netty.channel.ChannelManager - Adding key: http://localhost:1361 for channel [id: 0x40d633f8, L:/127.0.0.1:54883 - R:localhost/127.0.0.1:1361]
22:42:30.910 [Forwarding sendKeysToElement on session 380d3a2ce817983d6dc549a063848c5e to remote] DEBUG org.asynchttpclient.netty.request.NettyRequestSender - Using pooled Channel '[id: 0x40d633f8, L:/127.0.0.1:54883 - R:localhost/127.0.0.1:1361]' for 'POST' to 'http://localhost:1361/session/380d3a2ce817983d6dc549a063848c5e/element/f.5AEAA6C36FBFF58BB8CC3A385B3CAB78.d.4B8DCBBF51AE8BBC5E32067BAAC16E1E.e.4/value'
22:42:30.910 [Forwarding sendKeysToElement on session 380d3a2ce817983d6dc549a063848c5e to remote] DEBUG org.asynchttpclient.netty.request.NettyRequestSender - Using open Channel [id: 0x40d633f8, L:/127.0.0.1:54883 - R:localhost/127.0.0.1:1361] for POST '/session/380d3a2ce817983d6dc549a063848c5e/element/f.5AEAA6C36FBFF58BB8CC3A385B3CAB78.d.4B8DCBBF51AE8BBC5E32067BAAC16E1E.e.4/value'
22:42:31.260 [AsyncHttpClient-1-17] DEBUG org.asynchttpclient.netty.handler.HttpHandler - 

Request DefaultHttpRequest(decodeResult: success, version: HTTP/1.1)
POST /session/380d3a2ce817983d6dc549a063848c5e/element/f.5AEAA6C36FBFF58BB8CC3A385B3CAB78.d.4B8DCBBF51AE8BBC5E32067BAAC16E1E.e.4/value HTTP/1.1
User-Agent: selenium/4.12.0 (java windows)
Content-Length: 338
Content-Type: application/json; charset=utf-8
host: localhost:1361
accept: */*

Response DefaultHttpResponse(decodeResult: success, version: HTTP/1.1)
HTTP/1.1 200 OK
Content-Length: 14
Content-Type: application/json; charset=utf-8
cache-control: no-cache

22:42:31.261 [AsyncHttpClient-1-17] DEBUG org.asynchttpclient.netty.channel.ChannelManager - Adding key: http://localhost:1361 for channel [id: 0x40d633f8, L:/127.0.0.1:54883 - R:localhost/127.0.0.1:1361]
22:42:31.262 [Forwarding findElement on session 380d3a2ce817983d6dc549a063848c5e to remote] DEBUG org.asynchttpclient.netty.request.NettyRequestSender - Using pooled Channel '[id: 0x40d633f8, L:/127.0.0.1:54883 - R:localhost/127.0.0.1:1361]' for 'POST' to 'http://localhost:1361/session/380d3a2ce817983d6dc549a063848c5e/element'
22:42:31.262 [Forwarding findElement on session 380d3a2ce817983d6dc549a063848c5e to remote] DEBUG org.asynchttpclient.netty.request.NettyRequestSender - Using open Channel [id: 0x40d633f8, L:/127.0.0.1:54883 - R:localhost/127.0.0.1:1361] for POST '/session/380d3a2ce817983d6dc549a063848c5e/element'
22:42:31.283 [AsyncHttpClient-1-17] DEBUG org.asynchttpclient.netty.handler.HttpHandler - 

Request DefaultHttpRequest(decodeResult: success, version: HTTP/1.1)
POST /session/380d3a2ce817983d6dc549a063848c5e/element HTTP/1.1
User-Agent: selenium/4.12.0 (java windows)
Content-Length: 72
Content-Type: application/json; charset=utf-8
host: localhost:1361
accept: */*

Response DefaultHttpResponse(decodeResult: success, version: HTTP/1.1)
HTTP/1.1 200 OK
Content-Length: 125
Content-Type: application/json; charset=utf-8
cache-control: no-cache

22:42:31.283 [AsyncHttpClient-1-17] DEBUG org.asynchttpclient.netty.channel.ChannelManager - Adding key: http://localhost:1361 for channel [id: 0x40d633f8, L:/127.0.0.1:54883 - R:localhost/127.0.0.1:1361]
22:42:31.285 [Forwarding sendKeysToElement on session 380d3a2ce817983d6dc549a063848c5e to remote] DEBUG org.asynchttpclient.netty.request.NettyRequestSender - Using pooled Channel '[id: 0x40d633f8, L:/127.0.0.1:54883 - R:localhost/127.0.0.1:1361]' for 'POST' to 'http://localhost:1361/session/380d3a2ce817983d6dc549a063848c5e/element/f.5AEAA6C36FBFF58BB8CC3A385B3CAB78.d.4B8DCBBF51AE8BBC5E32067BAAC16E1E.e.6/value'
22:42:31.285 [Forwarding sendKeysToElement on session 380d3a2ce817983d6dc549a063848c5e to remote] DEBUG org.asynchttpclient.netty.request.NettyRequestSender - Using open Channel [id: 0x40d633f8, L:/127.0.0.1:54883 - R:localhost/127.0.0.1:1361] for POST '/session/380d3a2ce817983d6dc549a063848c5e/element/f.5AEAA6C36FBFF58BB8CC3A385B3CAB78.d.4B8DCBBF51AE8BBC5E32067BAAC16E1E.e.6/value'
22:42:31.486 [AsyncHttpClient-1-1] DEBUG org.asynchttpclient.netty.channel.DefaultChannelPool - Entry count for : http://localhost:54884 : 1
22:42:31.599 [AsyncHttpClient-1-17] DEBUG org.asynchttpclient.netty.handler.HttpHandler - 

Request DefaultHttpRequest(decodeResult: success, version: HTTP/1.1)
POST /session/380d3a2ce817983d6dc549a063848c5e/element/f.5AEAA6C36FBFF58BB8CC3A385B3CAB78.d.4B8DCBBF51AE8BBC5E32067BAAC16E1E.e.6/value HTTP/1.1
User-Agent: selenium/4.12.0 (java windows)
Content-Length: 208
Content-Type: application/json; charset=utf-8
host: localhost:1361
accept: */*

Response DefaultHttpResponse(decodeResult: success, version: HTTP/1.1)
HTTP/1.1 200 OK
Content-Length: 14
Content-Type: application/json; charset=utf-8
cache-control: no-cache

22:42:31.599 [AsyncHttpClient-1-17] DEBUG org.asynchttpclient.netty.channel.ChannelManager - Adding key: http://localhost:1361 for channel [id: 0x40d633f8, L:/127.0.0.1:54883 - R:localhost/127.0.0.1:1361]
22:42:31.601 [Forwarding findElement on session 380d3a2ce817983d6dc549a063848c5e to remote] DEBUG org.asynchttpclient.netty.request.NettyRequestSender - Using pooled Channel '[id: 0x40d633f8, L:/127.0.0.1:54883 - R:localhost/127.0.0.1:1361]' for 'POST' to 'http://localhost:1361/session/380d3a2ce817983d6dc549a063848c5e/element'
22:42:31.601 [Forwarding findElement on session 380d3a2ce817983d6dc549a063848c5e to remote] DEBUG org.asynchttpclient.netty.request.NettyRequestSender - Using open Channel [id: 0x40d633f8, L:/127.0.0.1:54883 - R:localhost/127.0.0.1:1361] for POST '/session/380d3a2ce817983d6dc549a063848c5e/element'
22:42:31.626 [AsyncHttpClient-1-17] DEBUG org.asynchttpclient.netty.handler.HttpHandler - 

Request DefaultHttpRequest(decodeResult: success, version: HTTP/1.1)
POST /session/380d3a2ce817983d6dc549a063848c5e/element HTTP/1.1
User-Agent: selenium/4.12.0 (java windows)
Content-Length: 73
Content-Type: application/json; charset=utf-8
host: localhost:1361
accept: */*

Response DefaultHttpResponse(decodeResult: success, version: HTTP/1.1)
HTTP/1.1 200 OK
Content-Length: 125
Content-Type: application/json; charset=utf-8
cache-control: no-cache

22:42:31.627 [AsyncHttpClient-1-17] DEBUG org.asynchttpclient.netty.channel.ChannelManager - Adding key: http://localhost:1361 for channel [id: 0x40d633f8, L:/127.0.0.1:54883 - R:localhost/127.0.0.1:1361]
22:42:31.628 [Forwarding clickElement on session 380d3a2ce817983d6dc549a063848c5e to remote] DEBUG org.asynchttpclient.netty.request.NettyRequestSender - Using pooled Channel '[id: 0x40d633f8, L:/127.0.0.1:54883 - R:localhost/127.0.0.1:1361]' for 'POST' to 'http://localhost:1361/session/380d3a2ce817983d6dc549a063848c5e/element/f.5AEAA6C36FBFF58BB8CC3A385B3CAB78.d.4B8DCBBF51AE8BBC5E32067BAAC16E1E.e.8/click'
22:42:31.628 [Forwarding clickElement on session 380d3a2ce817983d6dc549a063848c5e to remote] DEBUG org.asynchttpclient.netty.request.NettyRequestSender - Using open Channel [id: 0x40d633f8, L:/127.0.0.1:54883 - R:localhost/127.0.0.1:1361] for POST '/session/380d3a2ce817983d6dc549a063848c5e/element/f.5AEAA6C36FBFF58BB8CC3A385B3CAB78.d.4B8DCBBF51AE8BBC5E32067BAAC16E1E.e.8/click'
22:42:31.827 [AsyncHttpClient-1-17] DEBUG org.asynchttpclient.netty.handler.HttpHandler - 

Request DefaultHttpRequest(decodeResult: success, version: HTTP/1.1)
POST /session/380d3a2ce817983d6dc549a063848c5e/element/f.5AEAA6C36FBFF58BB8CC3A385B3CAB78.d.4B8DCBBF51AE8BBC5E32067BAAC16E1E.e.8/click HTTP/1.1
User-Agent: selenium/4.12.0 (java windows)
Content-Length: 87
Content-Type: application/json; charset=utf-8
host: localhost:1361
accept: */*

Response DefaultHttpResponse(decodeResult: success, version: HTTP/1.1)
HTTP/1.1 200 OK
Content-Length: 14
Content-Type: application/json; charset=utf-8
cache-control: no-cache

22:42:31.827 [AsyncHttpClient-1-17] DEBUG org.asynchttpclient.netty.channel.ChannelManager - Adding key: http://localhost:1361 for channel [id: 0x40d633f8, L:/127.0.0.1:54883 - R:localhost/127.0.0.1:1361]
22:42:32.581 [AsyncHttpClient-1-1] DEBUG org.asynchttpclient.netty.channel.DefaultChannelPool - Entry count for : http://localhost:1361 : 1
22:42:32.581 [AsyncHttpClient-1-1] DEBUG org.asynchttpclient.netty.channel.DefaultChannelPool - Entry count for : http://localhost:54884 : 1
22:42:33.683 [AsyncHttpClient-1-1] DEBUG org.asynchttpclient.netty.channel.DefaultChannelPool - Entry count for : http://localhost:1361 : 1
22:42:33.683 [AsyncHttpClient-1-1] DEBUG org.asynchttpclient.netty.channel.DefaultChannelPool - Entry count for : http://localhost:54884 : 1
22:42:34.790 [AsyncHttpClient-1-1] DEBUG org.asynchttpclient.netty.channel.DefaultChannelPool - Entry count for : http://localhost:1361 : 1
22:42:34.790 [AsyncHttpClient-1-1] DEBUG org.asynchttpclient.netty.channel.DefaultChannelPool - Entry count for : http://localhost:54884 : 1
22:42:35.882 [AsyncHttpClient-1-1] DEBUG org.asynchttpclient.netty.channel.DefaultChannelPool - Entry count for : http://localhost:1361 : 1
22:42:35.882 [AsyncHttpClient-1-1] DEBUG org.asynchttpclient.netty.channel.DefaultChannelPool - Entry count for : http://localhost:54884 : 1
22:42:36.837 [Forwarding getCurrentUrl on session 380d3a2ce817983d6dc549a063848c5e to remote] DEBUG org.asynchttpclient.netty.request.NettyRequestSender - Using pooled Channel '[id: 0x40d633f8, L:/127.0.0.1:54883 - R:localhost/127.0.0.1:1361]' for 'GET' to 'http://localhost:1361/session/380d3a2ce817983d6dc549a063848c5e/url'
22:42:36.837 [Forwarding getCurrentUrl on session 380d3a2ce817983d6dc549a063848c5e to remote] DEBUG org.asynchttpclient.netty.request.NettyRequestSender - Using open Channel [id: 0x40d633f8, L:/127.0.0.1:54883 - R:localhost/127.0.0.1:1361] for GET '/session/380d3a2ce817983d6dc549a063848c5e/url'
22:42:36.845 [AsyncHttpClient-1-17] DEBUG org.asynchttpclient.netty.handler.HttpHandler - 

Request DefaultFullHttpRequest(decodeResult: success, version: HTTP/1.1, content: EmptyByteBufBE)
GET /session/380d3a2ce817983d6dc549a063848c5e/url HTTP/1.1
Cache-Control: no-cache
User-Agent: selenium/4.12.0 (java windows)
Content-Type: application/json; charset=utf-8
host: localhost:1361
accept: */*

Response DefaultHttpResponse(decodeResult: success, version: HTTP/1.1)
HTTP/1.1 200 OK
Content-Length: 69
Content-Type: application/json; charset=utf-8
cache-control: no-cache

22:42:36.845 [AsyncHttpClient-1-17] DEBUG org.asynchttpclient.netty.channel.ChannelManager - Adding key: http://localhost:1361 for channel [id: 0x40d633f8, L:/127.0.0.1:54883 - R:localhost/127.0.0.1:1361]
https://fleet-manager-development.vercel.app/auth/sign-in
22:42:36.845 [Forwarding findElement on session 380d3a2ce817983d6dc549a063848c5e to remote] DEBUG org.asynchttpclient.netty.request.NettyRequestSender - Using pooled Channel '[id: 0x40d633f8, L:/127.0.0.1:54883 - R:localhost/127.0.0.1:1361]' for 'POST' to 'http://localhost:1361/session/380d3a2ce817983d6dc549a063848c5e/element'
22:42:36.853 [Forwarding findElement on session 380d3a2ce817983d6dc549a063848c5e to remote] DEBUG org.asynchttpclient.netty.request.NettyRequestSender - Using open Channel [id: 0x40d633f8, L:/127.0.0.1:54883 - R:localhost/127.0.0.1:1361] for POST '/session/380d3a2ce817983d6dc549a063848c5e/element'
22:42:36.871 [AsyncHttpClient-1-17] DEBUG org.asynchttpclient.netty.handler.HttpHandler - 

Request DefaultHttpRequest(decodeResult: success, version: HTTP/1.1)
POST /session/380d3a2ce817983d6dc549a063848c5e/element HTTP/1.1
User-Agent: selenium/4.12.0 (java windows)
Content-Length: 66
Content-Type: application/json; charset=utf-8
host: localhost:1361
accept: */*

Response DefaultHttpResponse(decodeResult: success, version: HTTP/1.1)
HTTP/1.1 200 OK
Content-Length: 126
Content-Type: application/json; charset=utf-8
cache-control: no-cache

22:42:36.873 [AsyncHttpClient-1-17] DEBUG org.asynchttpclient.netty.channel.ChannelManager - Adding key: http://localhost:1361 for channel [id: 0x40d633f8, L:/127.0.0.1:54883 - R:localhost/127.0.0.1:1361]
22:42:36.873 [Forwarding isElementDisplayed on session 380d3a2ce817983d6dc549a063848c5e to remote] DEBUG org.asynchttpclient.netty.request.NettyRequestSender - Using pooled Channel '[id: 0x40d633f8, L:/127.0.0.1:54883 - R:localhost/127.0.0.1:1361]' for 'POST' to 'http://localhost:1361/session/380d3a2ce817983d6dc549a063848c5e/execute/sync'
22:42:36.873 [Forwarding isElementDisplayed on session 380d3a2ce817983d6dc549a063848c5e to remote] DEBUG org.asynchttpclient.netty.request.NettyRequestSender - Using open Channel [id: 0x40d633f8, L:/127.0.0.1:54883 - R:localhost/127.0.0.1:1361] for POST '/session/380d3a2ce817983d6dc549a063848c5e/execute/sync'
22:42:36.895 [AsyncHttpClient-1-17] DEBUG org.asynchttpclient.netty.handler.HttpHandler - 

Request DefaultHttpRequest(decodeResult: success, version: HTTP/1.1)
POST /session/380d3a2ce817983d6dc549a063848c5e/execute/sync HTTP/1.1
User-Agent: selenium/4.12.0 (java windows)
Content-Length: 48734
Content-Type: application/json; charset=utf-8
host: localhost:1361
accept: */*

Response DefaultHttpResponse(decodeResult: success, version: HTTP/1.1)
HTTP/1.1 200 OK
Content-Length: 14
Content-Type: application/json; charset=utf-8
cache-control: no-cache

22:42:36.895 [AsyncHttpClient-1-17] DEBUG org.asynchttpclient.netty.channel.ChannelManager - Adding key: http://localhost:1361 for channel [id: 0x40d633f8, L:/127.0.0.1:54883 - R:localhost/127.0.0.1:1361]
22:42:36.895 [Forwarding findElement on session 380d3a2ce817983d6dc549a063848c5e to remote] DEBUG org.asynchttpclient.netty.request.NettyRequestSender - Using pooled Channel '[id: 0x40d633f8, L:/127.0.0.1:54883 - R:localhost/127.0.0.1:1361]' for 'POST' to 'http://localhost:1361/session/380d3a2ce817983d6dc549a063848c5e/element'
22:42:36.895 [Forwarding findElement on session 380d3a2ce817983d6dc549a063848c5e to remote] DEBUG org.asynchttpclient.netty.request.NettyRequestSender - Using open Channel [id: 0x40d633f8, L:/127.0.0.1:54883 - R:localhost/127.0.0.1:1361] for POST '/session/380d3a2ce817983d6dc549a063848c5e/element'
22:42:36.912 [AsyncHttpClient-1-17] DEBUG org.asynchttpclient.netty.handler.HttpHandler - 

Request DefaultHttpRequest(decodeResult: success, version: HTTP/1.1)
POST /session/380d3a2ce817983d6dc549a063848c5e/element HTTP/1.1
User-Agent: selenium/4.12.0 (java windows)
Content-Length: 66
Content-Type: application/json; charset=utf-8
host: localhost:1361
accept: */*

Response DefaultHttpResponse(decodeResult: success, version: HTTP/1.1)
HTTP/1.1 200 OK
Content-Length: 126
Content-Type: application/json; charset=utf-8
cache-control: no-cache

22:42:36.912 [AsyncHttpClient-1-17] DEBUG org.asynchttpclient.netty.channel.ChannelManager - Adding key: http://localhost:1361 for channel [id: 0x40d633f8, L:/127.0.0.1:54883 - R:localhost/127.0.0.1:1361]
22:42:36.912 [Forwarding getElementText on session 380d3a2ce817983d6dc549a063848c5e to remote] DEBUG org.asynchttpclient.netty.request.NettyRequestSender - Using pooled Channel '[id: 0x40d633f8, L:/127.0.0.1:54883 - R:localhost/127.0.0.1:1361]' for 'GET' to 'http://localhost:1361/session/380d3a2ce817983d6dc549a063848c5e/element/f.5AEAA6C36FBFF58BB8CC3A385B3CAB78.d.4B8DCBBF51AE8BBC5E32067BAAC16E1E.e.19/text'
22:42:36.912 [Forwarding getElementText on session 380d3a2ce817983d6dc549a063848c5e to remote] DEBUG org.asynchttpclient.netty.request.NettyRequestSender - Using open Channel [id: 0x40d633f8, L:/127.0.0.1:54883 - R:localhost/127.0.0.1:1361] for GET '/session/380d3a2ce817983d6dc549a063848c5e/element/f.5AEAA6C36FBFF58BB8CC3A385B3CAB78.d.4B8DCBBF51AE8BBC5E32067BAAC16E1E.e.19/text'
22:42:36.937 [AsyncHttpClient-1-17] DEBUG org.asynchttpclient.netty.handler.HttpHandler - 

Request DefaultFullHttpRequest(decodeResult: success, version: HTTP/1.1, content: EmptyByteBufBE)
GET /session/380d3a2ce817983d6dc549a063848c5e/element/f.5AEAA6C36FBFF58BB8CC3A385B3CAB78.d.4B8DCBBF51AE8BBC5E32067BAAC16E1E.e.19/text HTTP/1.1
Cache-Control: no-cache
User-Agent: selenium/4.12.0 (java windows)
Content-Type: application/json; charset=utf-8
host: localhost:1361
accept: */*

Response DefaultHttpResponse(decodeResult: success, version: HTTP/1.1)
HTTP/1.1 200 OK
Content-Length: 33
Content-Type: application/json; charset=utf-8
cache-control: no-cache

22:42:36.937 [AsyncHttpClient-1-17] DEBUG org.asynchttpclient.netty.channel.ChannelManager - Adding key: http://localhost:1361 for channel [id: 0x40d633f8, L:/127.0.0.1:54883 - R:localhost/127.0.0.1:1361]
22:42:36.938 [Forwarding findElement on session 380d3a2ce817983d6dc549a063848c5e to remote] DEBUG org.asynchttpclient.netty.request.NettyRequestSender - Using pooled Channel '[id: 0x40d633f8, L:/127.0.0.1:54883 - R:localhost/127.0.0.1:1361]' for 'POST' to 'http://localhost:1361/session/380d3a2ce817983d6dc549a063848c5e/element'
22:42:36.938 [Forwarding findElement on session 380d3a2ce817983d6dc549a063848c5e to remote] DEBUG org.asynchttpclient.netty.request.NettyRequestSender - Using open Channel [id: 0x40d633f8, L:/127.0.0.1:54883 - R:localhost/127.0.0.1:1361] for POST '/session/380d3a2ce817983d6dc549a063848c5e/element'
22:42:36.955 [AsyncHttpClient-1-17] DEBUG org.asynchttpclient.netty.handler.HttpHandler - 

Request DefaultHttpRequest(decodeResult: success, version: HTTP/1.1)
POST /session/380d3a2ce817983d6dc549a063848c5e/element HTTP/1.1
User-Agent: selenium/4.12.0 (java windows)
Content-Length: 74
Content-Type: application/json; charset=utf-8
host: localhost:1361
accept: */*

Response DefaultHttpResponse(decodeResult: success, version: HTTP/1.1)
HTTP/1.1 200 OK
Content-Length: 126
Content-Type: application/json; charset=utf-8
cache-control: no-cache

22:42:36.955 [AsyncHttpClient-1-17] DEBUG org.asynchttpclient.netty.channel.ChannelManager - Adding key: http://localhost:1361 for channel [id: 0x40d633f8, L:/127.0.0.1:54883 - R:localhost/127.0.0.1:1361]
22:42:36.955 [Forwarding clickElement on session 380d3a2ce817983d6dc549a063848c5e to remote] DEBUG org.asynchttpclient.netty.request.NettyRequestSender - Using pooled Channel '[id: 0x40d633f8, L:/127.0.0.1:54883 - R:localhost/127.0.0.1:1361]' for 'POST' to 'http://localhost:1361/session/380d3a2ce817983d6dc549a063848c5e/element/f.5AEAA6C36FBFF58BB8CC3A385B3CAB78.d.4B8DCBBF51AE8BBC5E32067BAAC16E1E.e.20/click'
22:42:36.955 [Forwarding clickElement on session 380d3a2ce817983d6dc549a063848c5e to remote] DEBUG org.asynchttpclient.netty.request.NettyRequestSender - Using open Channel [id: 0x40d633f8, L:/127.0.0.1:54883 - R:localhost/127.0.0.1:1361] for POST '/session/380d3a2ce817983d6dc549a063848c5e/element/f.5AEAA6C36FBFF58BB8CC3A385B3CAB78.d.4B8DCBBF51AE8BBC5E32067BAAC16E1E.e.20/click'
22:42:36.985 [AsyncHttpClient-1-1] DEBUG org.asynchttpclient.netty.channel.DefaultChannelPool - Entry count for : http://localhost:54884 : 1
22:42:37.070 [AsyncHttpClient-1-17] DEBUG org.asynchttpclient.netty.handler.HttpHandler - 

Request DefaultHttpRequest(decodeResult: success, version: HTTP/1.1)
POST /session/380d3a2ce817983d6dc549a063848c5e/element/f.5AEAA6C36FBFF58BB8CC3A385B3CAB78.d.4B8DCBBF51AE8BBC5E32067BAAC16E1E.e.20/click HTTP/1.1
User-Agent: selenium/4.12.0 (java windows)
Content-Length: 88
Content-Type: application/json; charset=utf-8
host: localhost:1361
accept: */*

Response DefaultHttpResponse(decodeResult: success, version: HTTP/1.1)
HTTP/1.1 200 OK
Content-Length: 14
Content-Type: application/json; charset=utf-8
cache-control: no-cache

22:42:37.070 [AsyncHttpClient-1-17] DEBUG org.asynchttpclient.netty.channel.ChannelManager - Adding key: http://localhost:1361 for channel [id: 0x40d633f8, L:/127.0.0.1:54883 - R:localhost/127.0.0.1:1361]
22:42:38.086 [AsyncHttpClient-1-1] DEBUG org.asynchttpclient.netty.channel.DefaultChannelPool - Entry count for : http://localhost:1361 : 1
22:42:38.086 [AsyncHttpClient-1-1] DEBUG org.asynchttpclient.netty.channel.DefaultChannelPool - Entry count for : http://localhost:54884 : 1
22:42:39.182 [AsyncHttpClient-1-1] DEBUG org.asynchttpclient.netty.channel.DefaultChannelPool - Entry count for : http://localhost:1361 : 1
22:42:39.182 [AsyncHttpClient-1-1] DEBUG org.asynchttpclient.netty.channel.DefaultChannelPool - Entry count for : http://localhost:54884 : 1
screen shot class not taking
  Given I am on dashboardfokisaj290@edectus.com and Fleet@123       # StepDefination.Customer_onboarding.I_am_on_dashboard(java.lang.String,java.lang.String)
22:42:40.082 [Forwarding findElement on session 380d3a2ce817983d6dc549a063848c5e to remote] DEBUG org.asynchttpclient.netty.request.NettyRequestSender - Using pooled Channel '[id: 0x40d633f8, L:/127.0.0.1:54883 - R:localhost/127.0.0.1:1361]' for 'POST' to 'http://localhost:1361/session/380d3a2ce817983d6dc549a063848c5e/element'
22:42:40.082 [Forwarding findElement on session 380d3a2ce817983d6dc549a063848c5e to remote] DEBUG org.asynchttpclient.netty.request.NettyRequestSender - Using open Channel [id: 0x40d633f8, L:/127.0.0.1:54883 - R:localhost/127.0.0.1:1361] for POST '/session/380d3a2ce817983d6dc549a063848c5e/element'
22:42:40.282 [AsyncHttpClient-1-1] DEBUG org.asynchttpclient.netty.channel.DefaultChannelPool - Entry count for : http://localhost:54884 : 1
22:42:40.338 [AsyncHttpClient-1-17] DEBUG org.asynchttpclient.netty.handler.HttpHandler - 

Request DefaultHttpRequest(decodeResult: success, version: HTTP/1.1)
POST /session/380d3a2ce817983d6dc549a063848c5e/element HTTP/1.1
User-Agent: selenium/4.12.0 (java windows)
Content-Length: 127
Content-Type: application/json; charset=utf-8
host: localhost:1361
accept: */*

Response DefaultHttpResponse(decodeResult: success, version: HTTP/1.1)
HTTP/1.1 200 OK
Content-Length: 126
Content-Type: application/json; charset=utf-8
cache-control: no-cache

22:42:40.338 [AsyncHttpClient-1-17] DEBUG org.asynchttpclient.netty.channel.ChannelManager - Adding key: http://localhost:1361 for channel [id: 0x40d633f8, L:/127.0.0.1:54883 - R:localhost/127.0.0.1:1361]
22:42:40.338 [Forwarding getElementText on session 380d3a2ce817983d6dc549a063848c5e to remote] DEBUG org.asynchttpclient.netty.request.NettyRequestSender - Using pooled Channel '[id: 0x40d633f8, L:/127.0.0.1:54883 - R:localhost/127.0.0.1:1361]' for 'GET' to 'http://localhost:1361/session/380d3a2ce817983d6dc549a063848c5e/element/f.5AEAA6C36FBFF58BB8CC3A385B3CAB78.d.07AAE3ADB71BDDA0AE5462E58E5491D4.e.42/text'
22:42:40.338 [Forwarding getElementText on session 380d3a2ce817983d6dc549a063848c5e to remote] DEBUG org.asynchttpclient.netty.request.NettyRequestSender - Using open Channel [id: 0x40d633f8, L:/127.0.0.1:54883 - R:localhost/127.0.0.1:1361] for GET '/session/380d3a2ce817983d6dc549a063848c5e/element/f.5AEAA6C36FBFF58BB8CC3A385B3CAB78.d.07AAE3ADB71BDDA0AE5462E58E5491D4.e.42/text'
22:42:40.378 [AsyncHttpClient-1-17] DEBUG org.asynchttpclient.netty.handler.HttpHandler - 

Request DefaultFullHttpRequest(decodeResult: success, version: HTTP/1.1, content: EmptyByteBufBE)
GET /session/380d3a2ce817983d6dc549a063848c5e/element/f.5AEAA6C36FBFF58BB8CC3A385B3CAB78.d.07AAE3ADB71BDDA0AE5462E58E5491D4.e.42/text HTTP/1.1
Cache-Control: no-cache
User-Agent: selenium/4.12.0 (java windows)
Content-Type: application/json; charset=utf-8
host: localhost:1361
accept: */*

Response DefaultHttpResponse(decodeResult: success, version: HTTP/1.1)
HTTP/1.1 200 OK
Content-Length: 21
Content-Type: application/json; charset=utf-8
cache-control: no-cache

22:42:40.378 [AsyncHttpClient-1-17] DEBUG org.asynchttpclient.netty.channel.ChannelManager - Adding key: http://localhost:1361 for channel [id: 0x40d633f8, L:/127.0.0.1:54883 - R:localhost/127.0.0.1:1361]
22:42:40.378 [Forwarding findElement on session 380d3a2ce817983d6dc549a063848c5e to remote] DEBUG org.asynchttpclient.netty.request.NettyRequestSender - Using pooled Channel '[id: 0x40d633f8, L:/127.0.0.1:54883 - R:localhost/127.0.0.1:1361]' for 'POST' to 'http://localhost:1361/session/380d3a2ce817983d6dc549a063848c5e/element'
22:42:40.378 [Forwarding findElement on session 380d3a2ce817983d6dc549a063848c5e to remote] DEBUG org.asynchttpclient.netty.request.NettyRequestSender - Using open Channel [id: 0x40d633f8, L:/127.0.0.1:54883 - R:localhost/127.0.0.1:1361] for POST '/session/380d3a2ce817983d6dc549a063848c5e/element'
22:42:40.394 [AsyncHttpClient-1-17] DEBUG org.asynchttpclient.netty.handler.HttpHandler - 

Request DefaultHttpRequest(decodeResult: success, version: HTTP/1.1)
POST /session/380d3a2ce817983d6dc549a063848c5e/element HTTP/1.1
User-Agent: selenium/4.12.0 (java windows)
Content-Length: 127
Content-Type: application/json; charset=utf-8
host: localhost:1361
accept: */*

Response DefaultHttpResponse(decodeResult: success, version: HTTP/1.1)
HTTP/1.1 200 OK
Content-Length: 126
Content-Type: application/json; charset=utf-8
cache-control: no-cache

22:42:40.394 [AsyncHttpClient-1-17] DEBUG org.asynchttpclient.netty.channel.ChannelManager - Adding key: http://localhost:1361 for channel [id: 0x40d633f8, L:/127.0.0.1:54883 - R:localhost/127.0.0.1:1361]
22:42:40.394 [Forwarding clickElement on session 380d3a2ce817983d6dc549a063848c5e to remote] DEBUG org.asynchttpclient.netty.request.NettyRequestSender - Using pooled Channel '[id: 0x40d633f8, L:/127.0.0.1:54883 - R:localhost/127.0.0.1:1361]' for 'POST' to 'http://localhost:1361/session/380d3a2ce817983d6dc549a063848c5e/element/f.5AEAA6C36FBFF58BB8CC3A385B3CAB78.d.07AAE3ADB71BDDA0AE5462E58E5491D4.e.42/click'
22:42:40.394 [Forwarding clickElement on session 380d3a2ce817983d6dc549a063848c5e to remote] DEBUG org.asynchttpclient.netty.request.NettyRequestSender - Using open Channel [id: 0x40d633f8, L:/127.0.0.1:54883 - R:localhost/127.0.0.1:1361] for POST '/session/380d3a2ce817983d6dc549a063848c5e/element/f.5AEAA6C36FBFF58BB8CC3A385B3CAB78.d.07AAE3ADB71BDDA0AE5462E58E5491D4.e.42/click'
22:42:40.627 [AsyncHttpClient-1-17] DEBUG org.asynchttpclient.netty.handler.HttpHandler - 

Request DefaultHttpRequest(decodeResult: success, version: HTTP/1.1)
POST /session/380d3a2ce817983d6dc549a063848c5e/element/f.5AEAA6C36FBFF58BB8CC3A385B3CAB78.d.07AAE3ADB71BDDA0AE5462E58E5491D4.e.42/click HTTP/1.1
User-Agent: selenium/4.12.0 (java windows)
Content-Length: 88
Content-Type: application/json; charset=utf-8
host: localhost:1361
accept: */*

Response DefaultHttpResponse(decodeResult: success, version: HTTP/1.1)
HTTP/1.1 200 OK
Content-Length: 14
Content-Type: application/json; charset=utf-8
cache-control: no-cache

22:42:40.627 [AsyncHttpClient-1-17] DEBUG org.asynchttpclient.netty.channel.ChannelManager - Adding key: http://localhost:1361 for channel [id: 0x40d633f8, L:/127.0.0.1:54883 - R:localhost/127.0.0.1:1361]
22:42:41.380 [AsyncHttpClient-1-1] DEBUG org.asynchttpclient.netty.channel.DefaultChannelPool - Entry count for : http://localhost:1361 : 1
22:42:41.380 [AsyncHttpClient-1-1] DEBUG org.asynchttpclient.netty.channel.DefaultChannelPool - Entry count for : http://localhost:54884 : 1
22:42:42.496 [AsyncHttpClient-1-1] DEBUG org.asynchttpclient.netty.channel.DefaultChannelPool - Entry count for : http://localhost:1361 : 1
22:42:42.496 [AsyncHttpClient-1-1] DEBUG org.asynchttpclient.netty.channel.DefaultChannelPool - Entry count for : http://localhost:54884 : 1
screen shot class not taking
22:42:42.649 [Forwarding findElement on session 380d3a2ce817983d6dc549a063848c5e to remote] DEBUG org.asynchttpclient.netty.request.NettyRequestSender - Using pooled Channel '[id: 0x40d633f8, L:/127.0.0.1:54883 - R:localhost/127.0.0.1:1361]' for 'POST' to 'http://localhost:1361/session/380d3a2ce817983d6dc549a063848c5e/element'
22:42:42.649 [Forwarding findElement on session 380d3a2ce817983d6dc549a063848c5e to remote] DEBUG org.asynchttpclient.netty.request.NettyRequestSender - Using open Channel [id: 0x40d633f8, L:/127.0.0.1:54883 - R:localhost/127.0.0.1:1361] for POST '/session/380d3a2ce817983d6dc549a063848c5e/element'
22:42:42.673 [AsyncHttpClient-1-17] DEBUG org.asynchttpclient.netty.handler.HttpHandler - 

Request DefaultHttpRequest(decodeResult: success, version: HTTP/1.1)
POST /session/380d3a2ce817983d6dc549a063848c5e/element HTTP/1.1
User-Agent: selenium/4.12.0 (java windows)
Content-Length: 178
Content-Type: application/json; charset=utf-8
host: localhost:1361
accept: */*

Response DefaultHttpResponse(decodeResult: success, version: HTTP/1.1)
HTTP/1.1 200 OK
Content-Length: 126
Content-Type: application/json; charset=utf-8
cache-control: no-cache

22:42:42.673 [AsyncHttpClient-1-17] DEBUG org.asynchttpclient.netty.channel.ChannelManager - Adding key: http://localhost:1361 for channel [id: 0x40d633f8, L:/127.0.0.1:54883 - R:localhost/127.0.0.1:1361]
22:42:42.681 [Forwarding getElementText on session 380d3a2ce817983d6dc549a063848c5e to remote] DEBUG org.asynchttpclient.netty.request.NettyRequestSender - Using pooled Channel '[id: 0x40d633f8, L:/127.0.0.1:54883 - R:localhost/127.0.0.1:1361]' for 'GET' to 'http://localhost:1361/session/380d3a2ce817983d6dc549a063848c5e/element/f.5AEAA6C36FBFF58BB8CC3A385B3CAB78.d.07AAE3ADB71BDDA0AE5462E58E5491D4.e.45/text'
22:42:42.681 [Forwarding getElementText on session 380d3a2ce817983d6dc549a063848c5e to remote] DEBUG org.asynchttpclient.netty.request.NettyRequestSender - Using open Channel [id: 0x40d633f8, L:/127.0.0.1:54883 - R:localhost/127.0.0.1:1361] for GET '/session/380d3a2ce817983d6dc549a063848c5e/element/f.5AEAA6C36FBFF58BB8CC3A385B3CAB78.d.07AAE3ADB71BDDA0AE5462E58E5491D4.e.45/text'
22:42:42.705 [AsyncHttpClient-1-17] DEBUG org.asynchttpclient.netty.handler.HttpHandler - 

Request DefaultFullHttpRequest(decodeResult: success, version: HTTP/1.1, content: EmptyByteBufBE)
GET /session/380d3a2ce817983d6dc549a063848c5e/element/f.5AEAA6C36FBFF58BB8CC3A385B3CAB78.d.07AAE3ADB71BDDA0AE5462E58E5491D4.e.45/text HTTP/1.1
Cache-Control: no-cache
User-Agent: selenium/4.12.0 (java windows)
Content-Type: application/json; charset=utf-8
host: localhost:1361
accept: */*

Response DefaultHttpResponse(decodeResult: success, version: HTTP/1.1)
HTTP/1.1 200 OK
Content-Length: 28
Content-Type: application/json; charset=utf-8
cache-control: no-cache

22:42:42.705 [AsyncHttpClient-1-17] DEBUG org.asynchttpclient.netty.channel.ChannelManager - Adding key: http://localhost:1361 for channel [id: 0x40d633f8, L:/127.0.0.1:54883 - R:localhost/127.0.0.1:1361]
22:42:42.705 [Forwarding findElement on session 380d3a2ce817983d6dc549a063848c5e to remote] DEBUG org.asynchttpclient.netty.request.NettyRequestSender - Using pooled Channel '[id: 0x40d633f8, L:/127.0.0.1:54883 - R:localhost/127.0.0.1:1361]' for 'POST' to 'http://localhost:1361/session/380d3a2ce817983d6dc549a063848c5e/element'
22:42:42.705 [Forwarding findElement on session 380d3a2ce817983d6dc549a063848c5e to remote] DEBUG org.asynchttpclient.netty.request.NettyRequestSender - Using open Channel [id: 0x40d633f8, L:/127.0.0.1:54883 - R:localhost/127.0.0.1:1361] for POST '/session/380d3a2ce817983d6dc549a063848c5e/element'
22:42:42.729 [AsyncHttpClient-1-17] DEBUG org.asynchttpclient.netty.handler.HttpHandler - 

Request DefaultHttpRequest(decodeResult: success, version: HTTP/1.1)
POST /session/380d3a2ce817983d6dc549a063848c5e/element HTTP/1.1
User-Agent: selenium/4.12.0 (java windows)
Content-Length: 178
Content-Type: application/json; charset=utf-8
host: localhost:1361
accept: */*

Response DefaultHttpResponse(decodeResult: success, version: HTTP/1.1)
HTTP/1.1 200 OK
Content-Length: 126
Content-Type: application/json; charset=utf-8
cache-control: no-cache

22:42:42.729 [AsyncHttpClient-1-17] DEBUG org.asynchttpclient.netty.channel.ChannelManager - Adding key: http://localhost:1361 for channel [id: 0x40d633f8, L:/127.0.0.1:54883 - R:localhost/127.0.0.1:1361]
22:42:42.729 [Forwarding clickElement on session 380d3a2ce817983d6dc549a063848c5e to remote] DEBUG org.asynchttpclient.netty.request.NettyRequestSender - Using pooled Channel '[id: 0x40d633f8, L:/127.0.0.1:54883 - R:localhost/127.0.0.1:1361]' for 'POST' to 'http://localhost:1361/session/380d3a2ce817983d6dc549a063848c5e/element/f.5AEAA6C36FBFF58BB8CC3A385B3CAB78.d.07AAE3ADB71BDDA0AE5462E58E5491D4.e.45/click'
22:42:42.729 [Forwarding clickElement on session 380d3a2ce817983d6dc549a063848c5e to remote] DEBUG org.asynchttpclient.netty.request.NettyRequestSender - Using open Channel [id: 0x40d633f8, L:/127.0.0.1:54883 - R:localhost/127.0.0.1:1361] for POST '/session/380d3a2ce817983d6dc549a063848c5e/element/f.5AEAA6C36FBFF58BB8CC3A385B3CAB78.d.07AAE3ADB71BDDA0AE5462E58E5491D4.e.45/click'
22:42:42.906 [AsyncHttpClient-1-17] DEBUG org.asynchttpclient.netty.handler.HttpHandler - 

Request DefaultHttpRequest(decodeResult: success, version: HTTP/1.1)
POST /session/380d3a2ce817983d6dc549a063848c5e/element/f.5AEAA6C36FBFF58BB8CC3A385B3CAB78.d.07AAE3ADB71BDDA0AE5462E58E5491D4.e.45/click HTTP/1.1
User-Agent: selenium/4.12.0 (java windows)
Content-Length: 88
Content-Type: application/json; charset=utf-8
host: localhost:1361
accept: */*

Response DefaultHttpResponse(decodeResult: success, version: HTTP/1.1)
HTTP/1.1 200 OK
Content-Length: 14
Content-Type: application/json; charset=utf-8
cache-control: no-cache

22:42:42.906 [AsyncHttpClient-1-17] DEBUG org.asynchttpclient.netty.channel.ChannelManager - Adding key: http://localhost:1361 for channel [id: 0x40d633f8, L:/127.0.0.1:54883 - R:localhost/127.0.0.1:1361]
  When Open customer form                                           # StepDefination.Customer_onboarding.Open_customer_form()
22:42:43.580 [AsyncHttpClient-1-1] DEBUG org.asynchttpclient.netty.channel.DefaultChannelPool - Entry count for : http://localhost:1361 : 1
22:42:43.580 [AsyncHttpClient-1-1] DEBUG org.asynchttpclient.netty.channel.DefaultChannelPool - Entry count for : http://localhost:54884 : 1
22:42:44.429 [Forwarding findElement on session 380d3a2ce817983d6dc549a063848c5e to remote] DEBUG org.asynchttpclient.netty.request.NettyRequestSender - Using pooled Channel '[id: 0x40d633f8, L:/127.0.0.1:54883 - R:localhost/127.0.0.1:1361]' for 'POST' to 'http://localhost:1361/session/380d3a2ce817983d6dc549a063848c5e/element'
22:42:44.429 [Forwarding findElement on session 380d3a2ce817983d6dc549a063848c5e to remote] DEBUG org.asynchttpclient.netty.request.NettyRequestSender - Using open Channel [id: 0x40d633f8, L:/127.0.0.1:54883 - R:localhost/127.0.0.1:1361] for POST '/session/380d3a2ce817983d6dc549a063848c5e/element'
22:42:44.453 [AsyncHttpClient-1-17] DEBUG org.asynchttpclient.netty.handler.HttpHandler - 

Request DefaultHttpRequest(decodeResult: success, version: HTTP/1.1)
POST /session/380d3a2ce817983d6dc549a063848c5e/element HTTP/1.1
User-Agent: selenium/4.12.0 (java windows)
Content-Length: 114
Content-Type: application/json; charset=utf-8
host: localhost:1361
accept: */*

Response DefaultHttpResponse(decodeResult: success, version: HTTP/1.1)
HTTP/1.1 200 OK
Content-Length: 126
Content-Type: application/json; charset=utf-8
cache-control: no-cache

22:42:44.453 [AsyncHttpClient-1-17] DEBUG org.asynchttpclient.netty.channel.ChannelManager - Adding key: http://localhost:1361 for channel [id: 0x40d633f8, L:/127.0.0.1:54883 - R:localhost/127.0.0.1:1361]
22:42:44.455 [Forwarding sendKeysToElement on session 380d3a2ce817983d6dc549a063848c5e to remote] DEBUG org.asynchttpclient.netty.request.NettyRequestSender - Using pooled Channel '[id: 0x40d633f8, L:/127.0.0.1:54883 - R:localhost/127.0.0.1:1361]' for 'POST' to 'http://localhost:1361/session/380d3a2ce817983d6dc549a063848c5e/element/f.5AEAA6C36FBFF58BB8CC3A385B3CAB78.d.07AAE3ADB71BDDA0AE5462E58E5491D4.e.49/value'
22:42:44.455 [Forwarding sendKeysToElement on session 380d3a2ce817983d6dc549a063848c5e to remote] DEBUG org.asynchttpclient.netty.request.NettyRequestSender - Using open Channel [id: 0x40d633f8, L:/127.0.0.1:54883 - R:localhost/127.0.0.1:1361] for POST '/session/380d3a2ce817983d6dc549a063848c5e/element/f.5AEAA6C36FBFF58BB8CC3A385B3CAB78.d.07AAE3ADB71BDDA0AE5462E58E5491D4.e.49/value'
22:42:44.687 [AsyncHttpClient-1-1] DEBUG org.asynchttpclient.netty.channel.DefaultChannelPool - Entry count for : http://localhost:54884 : 1
22:42:44.879 [AsyncHttpClient-1-17] DEBUG org.asynchttpclient.netty.handler.HttpHandler - 

Request DefaultHttpRequest(decodeResult: success, version: HTTP/1.1)
POST /session/380d3a2ce817983d6dc549a063848c5e/element/f.5AEAA6C36FBFF58BB8CC3A385B3CAB78.d.07AAE3ADB71BDDA0AE5462E58E5491D4.e.49/value HTTP/1.1
User-Agent: selenium/4.12.0 (java windows)
Content-Length: 369
Content-Type: application/json; charset=utf-8
host: localhost:1361
accept: */*

Response DefaultHttpResponse(decodeResult: success, version: HTTP/1.1)
HTTP/1.1 200 OK
Content-Length: 14
Content-Type: application/json; charset=utf-8
cache-control: no-cache

22:42:44.879 [AsyncHttpClient-1-17] DEBUG org.asynchttpclient.netty.channel.ChannelManager - Adding key: http://localhost:1361 for channel [id: 0x40d633f8, L:/127.0.0.1:54883 - R:localhost/127.0.0.1:1361]
screen shot class not taking
  And Provide the company nameRandom                                # StepDefination.Customer_onboarding.Provide_the_company_name(java.lang.String)
22:42:45.387 [Forwarding findElement on session 380d3a2ce817983d6dc549a063848c5e to remote] DEBUG org.asynchttpclient.netty.request.NettyRequestSender - Using pooled Channel '[id: 0x40d633f8, L:/127.0.0.1:54883 - R:localhost/127.0.0.1:1361]' for 'POST' to 'http://localhost:1361/session/380d3a2ce817983d6dc549a063848c5e/element'
22:42:45.387 [Forwarding findElement on session 380d3a2ce817983d6dc549a063848c5e to remote] DEBUG org.asynchttpclient.netty.request.NettyRequestSender - Using open Channel [id: 0x40d633f8, L:/127.0.0.1:54883 - R:localhost/127.0.0.1:1361] for POST '/session/380d3a2ce817983d6dc549a063848c5e/element'
22:42:45.414 [AsyncHttpClient-1-17] DEBUG org.asynchttpclient.netty.handler.HttpHandler - 

Request DefaultHttpRequest(decodeResult: success, version: HTTP/1.1)
POST /session/380d3a2ce817983d6dc549a063848c5e/element HTTP/1.1
User-Agent: selenium/4.12.0 (java windows)
Content-Length: 88
Content-Type: application/json; charset=utf-8
host: localhost:1361
accept: */*

Response DefaultHttpResponse(decodeResult: success, version: HTTP/1.1)
HTTP/1.1 200 OK
Content-Length: 126
Content-Type: application/json; charset=utf-8
cache-control: no-cache

22:42:45.414 [AsyncHttpClient-1-17] DEBUG org.asynchttpclient.netty.channel.ChannelManager - Adding key: http://localhost:1361 for channel [id: 0x40d633f8, L:/127.0.0.1:54883 - R:localhost/127.0.0.1:1361]
22:42:45.417 [Forwarding sendKeysToElement on session 380d3a2ce817983d6dc549a063848c5e to remote] DEBUG org.asynchttpclient.netty.request.NettyRequestSender - Using pooled Channel '[id: 0x40d633f8, L:/127.0.0.1:54883 - R:localhost/127.0.0.1:1361]' for 'POST' to 'http://localhost:1361/session/380d3a2ce817983d6dc549a063848c5e/element/f.5AEAA6C36FBFF58BB8CC3A385B3CAB78.d.07AAE3ADB71BDDA0AE5462E58E5491D4.e.58/value'
22:42:45.417 [Forwarding sendKeysToElement on session 380d3a2ce817983d6dc549a063848c5e to remote] DEBUG org.asynchttpclient.netty.request.NettyRequestSender - Using open Channel [id: 0x40d633f8, L:/127.0.0.1:54883 - R:localhost/127.0.0.1:1361] for POST '/session/380d3a2ce817983d6dc549a063848c5e/element/f.5AEAA6C36FBFF58BB8CC3A385B3CAB78.d.07AAE3ADB71BDDA0AE5462E58E5491D4.e.58/value'
22:42:45.781 [AsyncHttpClient-1-1] DEBUG org.asynchttpclient.netty.channel.DefaultChannelPool - Entry count for : http://localhost:54884 : 1
22:42:45.901 [AsyncHttpClient-1-17] DEBUG org.asynchttpclient.netty.handler.HttpHandler - 

Request DefaultHttpRequest(decodeResult: success, version: HTTP/1.1)
POST /session/380d3a2ce817983d6dc549a063848c5e/element/f.5AEAA6C36FBFF58BB8CC3A385B3CAB78.d.07AAE3ADB71BDDA0AE5462E58E5491D4.e.58/value HTTP/1.1
User-Agent: selenium/4.12.0 (java windows)
Content-Length: 259
Content-Type: application/json; charset=utf-8
host: localhost:1361
accept: */*

Response DefaultHttpResponse(decodeResult: success, version: HTTP/1.1)
HTTP/1.1 200 OK
Content-Length: 14
Content-Type: application/json; charset=utf-8
cache-control: no-cache

22:42:45.901 [AsyncHttpClient-1-17] DEBUG org.asynchttpclient.netty.channel.ChannelManager - Adding key: http://localhost:1361 for channel [id: 0x40d633f8, L:/127.0.0.1:54883 - R:localhost/127.0.0.1:1361]
22:42:45.901 [Forwarding findElement on session 380d3a2ce817983d6dc549a063848c5e to remote] DEBUG org.asynchttpclient.netty.request.NettyRequestSender - Using pooled Channel '[id: 0x40d633f8, L:/127.0.0.1:54883 - R:localhost/127.0.0.1:1361]' for 'POST' to 'http://localhost:1361/session/380d3a2ce817983d6dc549a063848c5e/element'
22:42:45.901 [Forwarding findElement on session 380d3a2ce817983d6dc549a063848c5e to remote] DEBUG org.asynchttpclient.netty.request.NettyRequestSender - Using open Channel [id: 0x40d633f8, L:/127.0.0.1:54883 - R:localhost/127.0.0.1:1361] for POST '/session/380d3a2ce817983d6dc549a063848c5e/element'
22:42:45.926 [AsyncHttpClient-1-17] DEBUG org.asynchttpclient.netty.handler.HttpHandler - 

Request DefaultHttpRequest(decodeResult: success, version: HTTP/1.1)
POST /session/380d3a2ce817983d6dc549a063848c5e/element HTTP/1.1
User-Agent: selenium/4.12.0 (java windows)
Content-Length: 75
Content-Type: application/json; charset=utf-8
host: localhost:1361
accept: */*

Response DefaultHttpResponse(decodeResult: success, version: HTTP/1.1)
HTTP/1.1 200 OK
Content-Length: 126
Content-Type: application/json; charset=utf-8
cache-control: no-cache

22:42:45.926 [AsyncHttpClient-1-17] DEBUG org.asynchttpclient.netty.channel.ChannelManager - Adding key: http://localhost:1361 for channel [id: 0x40d633f8, L:/127.0.0.1:54883 - R:localhost/127.0.0.1:1361]
22:42:45.926 [Forwarding sendKeysToElement on session 380d3a2ce817983d6dc549a063848c5e to remote] DEBUG org.asynchttpclient.netty.request.NettyRequestSender - Using pooled Channel '[id: 0x40d633f8, L:/127.0.0.1:54883 - R:localhost/127.0.0.1:1361]' for 'POST' to 'http://localhost:1361/session/380d3a2ce817983d6dc549a063848c5e/element/f.5AEAA6C36FBFF58BB8CC3A385B3CAB78.d.07AAE3ADB71BDDA0AE5462E58E5491D4.e.59/value'
22:42:45.926 [Forwarding sendKeysToElement on session 380d3a2ce817983d6dc549a063848c5e to remote] DEBUG org.asynchttpclient.netty.request.NettyRequestSender - Using open Channel [id: 0x40d633f8, L:/127.0.0.1:54883 - R:localhost/127.0.0.1:1361] for POST '/session/380d3a2ce817983d6dc549a063848c5e/element/f.5AEAA6C36FBFF58BB8CC3A385B3CAB78.d.07AAE3ADB71BDDA0AE5462E58E5491D4.e.59/value'
22:42:46.126 [AsyncHttpClient-1-17] DEBUG org.asynchttpclient.netty.handler.HttpHandler - 

Request DefaultHttpRequest(decodeResult: success, version: HTTP/1.1)
POST /session/380d3a2ce817983d6dc549a063848c5e/element/f.5AEAA6C36FBFF58BB8CC3A385B3CAB78.d.07AAE3ADB71BDDA0AE5462E58E5491D4.e.59/value HTTP/1.1
User-Agent: selenium/4.12.0 (java windows)
Content-Length: 139
Content-Type: application/json; charset=utf-8
host: localhost:1361
accept: */*

Response DefaultHttpResponse(decodeResult: success, version: HTTP/1.1)
HTTP/1.1 200 OK
Content-Length: 14
Content-Type: application/json; charset=utf-8
cache-control: no-cache

22:42:46.126 [AsyncHttpClient-1-17] DEBUG org.asynchttpclient.netty.channel.ChannelManager - Adding key: http://localhost:1361 for channel [id: 0x40d633f8, L:/127.0.0.1:54883 - R:localhost/127.0.0.1:1361]
22:42:46.126 [Forwarding findElement on session 380d3a2ce817983d6dc549a063848c5e to remote] DEBUG org.asynchttpclient.netty.request.NettyRequestSender - Using pooled Channel '[id: 0x40d633f8, L:/127.0.0.1:54883 - R:localhost/127.0.0.1:1361]' for 'POST' to 'http://localhost:1361/session/380d3a2ce817983d6dc549a063848c5e/element'
22:42:46.126 [Forwarding findElement on session 380d3a2ce817983d6dc549a063848c5e to remote] DEBUG org.asynchttpclient.netty.request.NettyRequestSender - Using open Channel [id: 0x40d633f8, L:/127.0.0.1:54883 - R:localhost/127.0.0.1:1361] for POST '/session/380d3a2ce817983d6dc549a063848c5e/element'
22:42:46.327 [AsyncHttpClient-1-17] DEBUG org.asynchttpclient.netty.handler.HttpHandler - 

Request DefaultHttpRequest(decodeResult: success, version: HTTP/1.1)
POST /session/380d3a2ce817983d6dc549a063848c5e/element HTTP/1.1
User-Agent: selenium/4.12.0 (java windows)
Content-Length: 90
Content-Type: application/json; charset=utf-8
host: localhost:1361
accept: */*

Response DefaultHttpResponse(decodeResult: success, version: HTTP/1.1)
HTTP/1.1 200 OK
Content-Length: 126
Content-Type: application/json; charset=utf-8
cache-control: no-cache

22:42:46.327 [AsyncHttpClient-1-17] DEBUG org.asynchttpclient.netty.channel.ChannelManager - Adding key: http://localhost:1361 for channel [id: 0x40d633f8, L:/127.0.0.1:54883 - R:localhost/127.0.0.1:1361]
22:42:46.327 [Forwarding sendKeysToElement on session 380d3a2ce817983d6dc549a063848c5e to remote] DEBUG org.asynchttpclient.netty.request.NettyRequestSender - Using pooled Channel '[id: 0x40d633f8, L:/127.0.0.1:54883 - R:localhost/127.0.0.1:1361]' for 'POST' to 'http://localhost:1361/session/380d3a2ce817983d6dc549a063848c5e/element/f.5AEAA6C36FBFF58BB8CC3A385B3CAB78.d.07AAE3ADB71BDDA0AE5462E58E5491D4.e.60/value'
22:42:46.327 [Forwarding sendKeysToElement on session 380d3a2ce817983d6dc549a063848c5e to remote] DEBUG org.asynchttpclient.netty.request.NettyRequestSender - Using open Channel [id: 0x40d633f8, L:/127.0.0.1:54883 - R:localhost/127.0.0.1:1361] for POST '/session/380d3a2ce817983d6dc549a063848c5e/element/f.5AEAA6C36FBFF58BB8CC3A385B3CAB78.d.07AAE3ADB71BDDA0AE5462E58E5491D4.e.60/value'
22:42:46.543 [AsyncHttpClient-1-17] DEBUG org.asynchttpclient.netty.handler.HttpHandler - 

Request DefaultHttpRequest(decodeResult: success, version: HTTP/1.1)
POST /session/380d3a2ce817983d6dc549a063848c5e/element/f.5AEAA6C36FBFF58BB8CC3A385B3CAB78.d.07AAE3ADB71BDDA0AE5462E58E5491D4.e.60/value HTTP/1.1
User-Agent: selenium/4.12.0 (java windows)
Content-Length: 139
Content-Type: application/json; charset=utf-8
host: localhost:1361
accept: */*

Response DefaultHttpResponse(decodeResult: success, version: HTTP/1.1)
HTTP/1.1 200 OK
Content-Length: 14
Content-Type: application/json; charset=utf-8
cache-control: no-cache

22:42:46.543 [AsyncHttpClient-1-17] DEBUG org.asynchttpclient.netty.channel.ChannelManager - Adding key: http://localhost:1361 for channel [id: 0x40d633f8, L:/127.0.0.1:54883 - R:localhost/127.0.0.1:1361]
22:42:46.543 [Forwarding findElement on session 380d3a2ce817983d6dc549a063848c5e to remote] DEBUG org.asynchttpclient.netty.request.NettyRequestSender - Using pooled Channel '[id: 0x40d633f8, L:/127.0.0.1:54883 - R:localhost/127.0.0.1:1361]' for 'POST' to 'http://localhost:1361/session/380d3a2ce817983d6dc549a063848c5e/element'
22:42:46.543 [Forwarding findElement on session 380d3a2ce817983d6dc549a063848c5e to remote] DEBUG org.asynchttpclient.netty.request.NettyRequestSender - Using open Channel [id: 0x40d633f8, L:/127.0.0.1:54883 - R:localhost/127.0.0.1:1361] for POST '/session/380d3a2ce817983d6dc549a063848c5e/element'
22:42:46.575 [AsyncHttpClient-1-17] DEBUG org.asynchttpclient.netty.handler.HttpHandler - 

Request DefaultHttpRequest(decodeResult: success, version: HTTP/1.1)
POST /session/380d3a2ce817983d6dc549a063848c5e/element HTTP/1.1
User-Agent: selenium/4.12.0 (java windows)
Content-Length: 96
Content-Type: application/json; charset=utf-8
host: localhost:1361
accept: */*

Response DefaultHttpResponse(decodeResult: success, version: HTTP/1.1)
HTTP/1.1 200 OK
Content-Length: 126
Content-Type: application/json; charset=utf-8
cache-control: no-cache

22:42:46.575 [AsyncHttpClient-1-17] DEBUG org.asynchttpclient.netty.channel.ChannelManager - Adding key: http://localhost:1361 for channel [id: 0x40d633f8, L:/127.0.0.1:54883 - R:localhost/127.0.0.1:1361]
22:42:46.575 [Forwarding sendKeysToElement on session 380d3a2ce817983d6dc549a063848c5e to remote] DEBUG org.asynchttpclient.netty.request.NettyRequestSender - Using pooled Channel '[id: 0x40d633f8, L:/127.0.0.1:54883 - R:localhost/127.0.0.1:1361]' for 'POST' to 'http://localhost:1361/session/380d3a2ce817983d6dc549a063848c5e/element/f.5AEAA6C36FBFF58BB8CC3A385B3CAB78.d.07AAE3ADB71BDDA0AE5462E58E5491D4.e.61/value'
22:42:46.575 [Forwarding sendKeysToElement on session 380d3a2ce817983d6dc549a063848c5e to remote] DEBUG org.asynchttpclient.netty.request.NettyRequestSender - Using open Channel [id: 0x40d633f8, L:/127.0.0.1:54883 - R:localhost/127.0.0.1:1361] for POST '/session/380d3a2ce817983d6dc549a063848c5e/element/f.5AEAA6C36FBFF58BB8CC3A385B3CAB78.d.07AAE3ADB71BDDA0AE5462E58E5491D4.e.61/value'
22:42:46.856 [AsyncHttpClient-1-17] DEBUG org.asynchttpclient.netty.handler.HttpHandler - 

Request DefaultHttpRequest(decodeResult: success, version: HTTP/1.1)
POST /session/380d3a2ce817983d6dc549a063848c5e/element/f.5AEAA6C36FBFF58BB8CC3A385B3CAB78.d.07AAE3ADB71BDDA0AE5462E58E5491D4.e.61/value HTTP/1.1
User-Agent: selenium/4.12.0 (java windows)
Content-Length: 179
Content-Type: application/json; charset=utf-8
host: localhost:1361
accept: */*

Response DefaultHttpResponse(decodeResult: success, version: HTTP/1.1)
HTTP/1.1 200 OK
Content-Length: 14
Content-Type: application/json; charset=utf-8
cache-control: no-cache

22:42:46.856 [AsyncHttpClient-1-17] DEBUG org.asynchttpclient.netty.channel.ChannelManager - Adding key: http://localhost:1361 for channel [id: 0x40d633f8, L:/127.0.0.1:54883 - R:localhost/127.0.0.1:1361]
22:42:46.856 [Forwarding findElement on session 380d3a2ce817983d6dc549a063848c5e to remote] DEBUG org.asynchttpclient.netty.request.NettyRequestSender - Using pooled Channel '[id: 0x40d633f8, L:/127.0.0.1:54883 - R:localhost/127.0.0.1:1361]' for 'POST' to 'http://localhost:1361/session/380d3a2ce817983d6dc549a063848c5e/element'
22:42:46.864 [Forwarding findElement on session 380d3a2ce817983d6dc549a063848c5e to remote] DEBUG org.asynchttpclient.netty.request.NettyRequestSender - Using open Channel [id: 0x40d633f8, L:/127.0.0.1:54883 - R:localhost/127.0.0.1:1361] for POST '/session/380d3a2ce817983d6dc549a063848c5e/element'
22:42:46.880 [AsyncHttpClient-1-17] DEBUG org.asynchttpclient.netty.handler.HttpHandler - 

Request DefaultHttpRequest(decodeResult: success, version: HTTP/1.1)
POST /session/380d3a2ce817983d6dc549a063848c5e/element HTTP/1.1
User-Agent: selenium/4.12.0 (java windows)
Content-Length: 78
Content-Type: application/json; charset=utf-8
host: localhost:1361
accept: */*

Response DefaultHttpResponse(decodeResult: success, version: HTTP/1.1)
HTTP/1.1 200 OK
Content-Length: 126
Content-Type: application/json; charset=utf-8
cache-control: no-cache

22:42:46.880 [AsyncHttpClient-1-17] DEBUG org.asynchttpclient.netty.channel.ChannelManager - Adding key: http://localhost:1361 for channel [id: 0x40d633f8, L:/127.0.0.1:54883 - R:localhost/127.0.0.1:1361]
22:42:46.888 [AsyncHttpClient-1-1] DEBUG org.asynchttpclient.netty.channel.DefaultChannelPool - Entry count for : http://localhost:1361 : 1
22:42:46.888 [AsyncHttpClient-1-1] DEBUG org.asynchttpclient.netty.channel.DefaultChannelPool - Entry count for : http://localhost:54884 : 1
22:42:46.888 [Forwarding sendKeysToElement on session 380d3a2ce817983d6dc549a063848c5e to remote] DEBUG org.asynchttpclient.netty.request.NettyRequestSender - Using pooled Channel '[id: 0x40d633f8, L:/127.0.0.1:54883 - R:localhost/127.0.0.1:1361]' for 'POST' to 'http://localhost:1361/session/380d3a2ce817983d6dc549a063848c5e/element/f.5AEAA6C36FBFF58BB8CC3A385B3CAB78.d.07AAE3ADB71BDDA0AE5462E58E5491D4.e.62/value'
22:42:46.888 [Forwarding sendKeysToElement on session 380d3a2ce817983d6dc549a063848c5e to remote] DEBUG org.asynchttpclient.netty.request.NettyRequestSender - Using open Channel [id: 0x40d633f8, L:/127.0.0.1:54883 - R:localhost/127.0.0.1:1361] for POST '/session/380d3a2ce817983d6dc549a063848c5e/element/f.5AEAA6C36FBFF58BB8CC3A385B3CAB78.d.07AAE3ADB71BDDA0AE5462E58E5491D4.e.62/value'
22:42:47.113 [AsyncHttpClient-1-17] DEBUG org.asynchttpclient.netty.handler.HttpHandler - 

Request DefaultHttpRequest(decodeResult: success, version: HTTP/1.1)
POST /session/380d3a2ce817983d6dc549a063848c5e/element/f.5AEAA6C36FBFF58BB8CC3A385B3CAB78.d.07AAE3ADB71BDDA0AE5462E58E5491D4.e.62/value HTTP/1.1
User-Agent: selenium/4.12.0 (java windows)
Content-Length: 149
Content-Type: application/json; charset=utf-8
host: localhost:1361
accept: */*

Response DefaultHttpResponse(decodeResult: success, version: HTTP/1.1)
HTTP/1.1 200 OK
Content-Length: 14
Content-Type: application/json; charset=utf-8
cache-control: no-cache

22:42:47.113 [AsyncHttpClient-1-17] DEBUG org.asynchttpclient.netty.channel.ChannelManager - Adding key: http://localhost:1361 for channel [id: 0x40d633f8, L:/127.0.0.1:54883 - R:localhost/127.0.0.1:1361]
screen shot class not taking
  And Provide the Address DetailsMain_street001 YK FL 987678 USA    # StepDefination.Customer_onboarding.Provide_the_address_Details(java.lang.String,java.lang.String,java.lang.String,java.lang.String,java.lang.String)
22:42:47.990 [AsyncHttpClient-1-1] DEBUG org.asynchttpclient.netty.channel.DefaultChannelPool - Entry count for : http://localhost:1361 : 1
22:42:47.990 [AsyncHttpClient-1-1] DEBUG org.asynchttpclient.netty.channel.DefaultChannelPool - Entry count for : http://localhost:54884 : 1
22:42:48.626 [Forwarding findElement on session 380d3a2ce817983d6dc549a063848c5e to remote] DEBUG org.asynchttpclient.netty.request.NettyRequestSender - Using pooled Channel '[id: 0x40d633f8, L:/127.0.0.1:54883 - R:localhost/127.0.0.1:1361]' for 'POST' to 'http://localhost:1361/session/380d3a2ce817983d6dc549a063848c5e/element'
22:42:48.626 [Forwarding findElement on session 380d3a2ce817983d6dc549a063848c5e to remote] DEBUG org.asynchttpclient.netty.request.NettyRequestSender - Using open Channel [id: 0x40d633f8, L:/127.0.0.1:54883 - R:localhost/127.0.0.1:1361] for POST '/session/380d3a2ce817983d6dc549a063848c5e/element'
22:42:48.644 [AsyncHttpClient-1-17] DEBUG org.asynchttpclient.netty.handler.HttpHandler - 

Request DefaultHttpRequest(decodeResult: success, version: HTTP/1.1)
POST /session/380d3a2ce817983d6dc549a063848c5e/element HTTP/1.1
User-Agent: selenium/4.12.0 (java windows)
Content-Length: 72
Content-Type: application/json; charset=utf-8
host: localhost:1361
accept: */*

Response DefaultHttpResponse(decodeResult: success, version: HTTP/1.1)
HTTP/1.1 200 OK
Content-Length: 126
Content-Type: application/json; charset=utf-8
cache-control: no-cache

22:42:48.649 [AsyncHttpClient-1-17] DEBUG org.asynchttpclient.netty.channel.ChannelManager - Adding key: http://localhost:1361 for channel [id: 0x40d633f8, L:/127.0.0.1:54883 - R:localhost/127.0.0.1:1361]
22:42:48.650 [Forwarding clickElement on session 380d3a2ce817983d6dc549a063848c5e to remote] DEBUG org.asynchttpclient.netty.request.NettyRequestSender - Using pooled Channel '[id: 0x40d633f8, L:/127.0.0.1:54883 - R:localhost/127.0.0.1:1361]' for 'POST' to 'http://localhost:1361/session/380d3a2ce817983d6dc549a063848c5e/element/f.5AEAA6C36FBFF58BB8CC3A385B3CAB78.d.07AAE3ADB71BDDA0AE5462E58E5491D4.e.99/click'
22:42:48.651 [Forwarding clickElement on session 380d3a2ce817983d6dc549a063848c5e to remote] DEBUG org.asynchttpclient.netty.request.NettyRequestSender - Using open Channel [id: 0x40d633f8, L:/127.0.0.1:54883 - R:localhost/127.0.0.1:1361] for POST '/session/380d3a2ce817983d6dc549a063848c5e/element/f.5AEAA6C36FBFF58BB8CC3A385B3CAB78.d.07AAE3ADB71BDDA0AE5462E58E5491D4.e.99/click'
22:42:48.758 [AsyncHttpClient-1-17] DEBUG org.asynchttpclient.netty.handler.HttpHandler - 

Request DefaultHttpRequest(decodeResult: success, version: HTTP/1.1)
POST /session/380d3a2ce817983d6dc549a063848c5e/element/f.5AEAA6C36FBFF58BB8CC3A385B3CAB78.d.07AAE3ADB71BDDA0AE5462E58E5491D4.e.99/click HTTP/1.1
User-Agent: selenium/4.12.0 (java windows)
Content-Length: 88
Content-Type: application/json; charset=utf-8
host: localhost:1361
accept: */*

Response DefaultHttpResponse(decodeResult: success, version: HTTP/1.1)
HTTP/1.1 200 OK
Content-Length: 14
Content-Type: application/json; charset=utf-8
cache-control: no-cache

22:42:48.758 [AsyncHttpClient-1-17] DEBUG org.asynchttpclient.netty.channel.ChannelManager - Adding key: http://localhost:1361 for channel [id: 0x40d633f8, L:/127.0.0.1:54883 - R:localhost/127.0.0.1:1361]
22:42:49.086 [AsyncHttpClient-1-1] DEBUG org.asynchttpclient.netty.channel.DefaultChannelPool - Entry count for : http://localhost:1361 : 1
22:42:49.086 [AsyncHttpClient-1-1] DEBUG org.asynchttpclient.netty.channel.DefaultChannelPool - Entry count for : http://localhost:54884 : 1
screen shot class not taking
  When Submit the form                                              # StepDefination.Customer_onboarding.Submit_the_form()
22:42:49.792 [Forwarding findElement on session 380d3a2ce817983d6dc549a063848c5e to remote] DEBUG org.asynchttpclient.netty.request.NettyRequestSender - Using pooled Channel '[id: 0x40d633f8, L:/127.0.0.1:54883 - R:localhost/127.0.0.1:1361]' for 'POST' to 'http://localhost:1361/session/380d3a2ce817983d6dc549a063848c5e/element'
22:42:49.792 [Forwarding findElement on session 380d3a2ce817983d6dc549a063848c5e to remote] DEBUG org.asynchttpclient.netty.request.NettyRequestSender - Using open Channel [id: 0x40d633f8, L:/127.0.0.1:54883 - R:localhost/127.0.0.1:1361] for POST '/session/380d3a2ce817983d6dc549a063848c5e/element'
22:42:49.808 [AsyncHttpClient-1-17] DEBUG org.asynchttpclient.netty.handler.HttpHandler - 

Request DefaultHttpRequest(decodeResult: success, version: HTTP/1.1)
POST /session/380d3a2ce817983d6dc549a063848c5e/element HTTP/1.1
User-Agent: selenium/4.12.0 (java windows)
Content-Length: 151
Content-Type: application/json; charset=utf-8
host: localhost:1361
accept: */*

Response DefaultHttpResponse(decodeResult: success, version: HTTP/1.1)
HTTP/1.1 200 OK
Content-Length: 127
Content-Type: application/json; charset=utf-8
cache-control: no-cache

22:42:49.808 [AsyncHttpClient-1-17] DEBUG org.asynchttpclient.netty.channel.ChannelManager - Adding key: http://localhost:1361 for channel [id: 0x40d633f8, L:/127.0.0.1:54883 - R:localhost/127.0.0.1:1361]
22:42:49.815 [Forwarding clickElement on session 380d3a2ce817983d6dc549a063848c5e to remote] DEBUG org.asynchttpclient.netty.request.NettyRequestSender - Using pooled Channel '[id: 0x40d633f8, L:/127.0.0.1:54883 - R:localhost/127.0.0.1:1361]' for 'POST' to 'http://localhost:1361/session/380d3a2ce817983d6dc549a063848c5e/element/f.5AEAA6C36FBFF58BB8CC3A385B3CAB78.d.07AAE3ADB71BDDA0AE5462E58E5491D4.e.102/click'
22:42:49.815 [Forwarding clickElement on session 380d3a2ce817983d6dc549a063848c5e to remote] DEBUG org.asynchttpclient.netty.request.NettyRequestSender - Using open Channel [id: 0x40d633f8, L:/127.0.0.1:54883 - R:localhost/127.0.0.1:1361] for POST '/session/380d3a2ce817983d6dc549a063848c5e/element/f.5AEAA6C36FBFF58BB8CC3A385B3CAB78.d.07AAE3ADB71BDDA0AE5462E58E5491D4.e.102/click'
22:42:49.931 [AsyncHttpClient-1-17] DEBUG org.asynchttpclient.netty.handler.HttpHandler - 

Request DefaultHttpRequest(decodeResult: success, version: HTTP/1.1)
POST /session/380d3a2ce817983d6dc549a063848c5e/element/f.5AEAA6C36FBFF58BB8CC3A385B3CAB78.d.07AAE3ADB71BDDA0AE5462E58E5491D4.e.102/click HTTP/1.1
User-Agent: selenium/4.12.0 (java windows)
Content-Length: 89
Content-Type: application/json; charset=utf-8
host: localhost:1361
accept: */*

Response DefaultHttpResponse(decodeResult: success, version: HTTP/1.1)
HTTP/1.1 200 OK
Content-Length: 14
Content-Type: application/json; charset=utf-8
cache-control: no-cache

22:42:49.931 [AsyncHttpClient-1-17] DEBUG org.asynchttpclient.netty.channel.ChannelManager - Adding key: http://localhost:1361 for channel [id: 0x40d633f8, L:/127.0.0.1:54883 - R:localhost/127.0.0.1:1361]
22:42:50.192 [AsyncHttpClient-1-1] DEBUG org.asynchttpclient.netty.channel.DefaultChannelPool - Entry count for : http://localhost:1361 : 1
22:42:50.192 [AsyncHttpClient-1-1] DEBUG org.asynchttpclient.netty.channel.DefaultChannelPool - Entry count for : http://localhost:54884 : 1
screen shot class not taking
  And Tap back button                                               # StepDefination.Customer_onboarding.Tap_back_button()
22:42:51.283 [AsyncHttpClient-1-1] DEBUG org.asynchttpclient.netty.channel.DefaultChannelPool - Entry count for : http://localhost:1361 : 1
22:42:51.283 [AsyncHttpClient-1-1] DEBUG org.asynchttpclient.netty.channel.DefaultChannelPool - Entry count for : http://localhost:54884 : 1
22:42:51.456 [Forwarding findElements on session 380d3a2ce817983d6dc549a063848c5e to remote] DEBUG org.asynchttpclient.netty.request.NettyRequestSender - Using pooled Channel '[id: 0x40d633f8, L:/127.0.0.1:54883 - R:localhost/127.0.0.1:1361]' for 'POST' to 'http://localhost:1361/session/380d3a2ce817983d6dc549a063848c5e/elements'
22:42:51.456 [Forwarding findElements on session 380d3a2ce817983d6dc549a063848c5e to remote] DEBUG org.asynchttpclient.netty.request.NettyRequestSender - Using open Channel [id: 0x40d633f8, L:/127.0.0.1:54883 - R:localhost/127.0.0.1:1361] for POST '/session/380d3a2ce817983d6dc549a063848c5e/elements'
22:42:51.480 [AsyncHttpClient-1-17] DEBUG org.asynchttpclient.netty.handler.HttpHandler - 

Request DefaultHttpRequest(decodeResult: success, version: HTTP/1.1)
POST /session/380d3a2ce817983d6dc549a063848c5e/elements HTTP/1.1
User-Agent: selenium/4.12.0 (java windows)
Content-Length: 142
Content-Type: application/json; charset=utf-8
host: localhost:1361
accept: */*

Response DefaultHttpResponse(decodeResult: success, version: HTTP/1.1)
HTTP/1.1 200 OK
Content-Length: 5911
Content-Type: application/json; charset=utf-8
cache-control: no-cache

22:42:51.480 [AsyncHttpClient-1-17] DEBUG org.asynchttpclient.netty.channel.ChannelManager - Adding key: http://localhost:1361 for channel [id: 0x40d633f8, L:/127.0.0.1:54883 - R:localhost/127.0.0.1:1361]
22:42:51.480 [Forwarding findElement on session 380d3a2ce817983d6dc549a063848c5e to remote] DEBUG org.asynchttpclient.netty.request.NettyRequestSender - Using pooled Channel '[id: 0x40d633f8, L:/127.0.0.1:54883 - R:localhost/127.0.0.1:1361]' for 'POST' to 'http://localhost:1361/session/380d3a2ce817983d6dc549a063848c5e/element'
22:42:51.480 [Forwarding findElement on session 380d3a2ce817983d6dc549a063848c5e to remote] DEBUG org.asynchttpclient.netty.request.NettyRequestSender - Using open Channel [id: 0x40d633f8, L:/127.0.0.1:54883 - R:localhost/127.0.0.1:1361] for POST '/session/380d3a2ce817983d6dc549a063848c5e/element'
22:42:51.506 [AsyncHttpClient-1-17] DEBUG org.asynchttpclient.netty.handler.HttpHandler - 

Request DefaultHttpRequest(decodeResult: success, version: HTTP/1.1)
POST /session/380d3a2ce817983d6dc549a063848c5e/element HTTP/1.1
User-Agent: selenium/4.12.0 (java windows)
Content-Length: 198
Content-Type: application/json; charset=utf-8
host: localhost:1361
accept: */*

Response DefaultHttpResponse(decodeResult: success, version: HTTP/1.1)
HTTP/1.1 200 OK
Content-Length: 127
Content-Type: application/json; charset=utf-8
cache-control: no-cache

22:42:51.506 [AsyncHttpClient-1-17] DEBUG org.asynchttpclient.netty.channel.ChannelManager - Adding key: http://localhost:1361 for channel [id: 0x40d633f8, L:/127.0.0.1:54883 - R:localhost/127.0.0.1:1361]
22:42:51.506 [Forwarding getElementText on session 380d3a2ce817983d6dc549a063848c5e to remote] DEBUG org.asynchttpclient.netty.request.NettyRequestSender - Using pooled Channel '[id: 0x40d633f8, L:/127.0.0.1:54883 - R:localhost/127.0.0.1:1361]' for 'GET' to 'http://localhost:1361/session/380d3a2ce817983d6dc549a063848c5e/element/f.5AEAA6C36FBFF58BB8CC3A385B3CAB78.d.07AAE3ADB71BDDA0AE5462E58E5491D4.e.157/text'
22:42:51.506 [Forwarding getElementText on session 380d3a2ce817983d6dc549a063848c5e to remote] DEBUG org.asynchttpclient.netty.request.NettyRequestSender - Using open Channel [id: 0x40d633f8, L:/127.0.0.1:54883 - R:localhost/127.0.0.1:1361] for GET '/session/380d3a2ce817983d6dc549a063848c5e/element/f.5AEAA6C36FBFF58BB8CC3A385B3CAB78.d.07AAE3ADB71BDDA0AE5462E58E5491D4.e.157/text'
22:42:51.521 [AsyncHttpClient-1-17] DEBUG org.asynchttpclient.netty.handler.HttpHandler - 

Request DefaultFullHttpRequest(decodeResult: success, version: HTTP/1.1, content: EmptyByteBufBE)
GET /session/380d3a2ce817983d6dc549a063848c5e/element/f.5AEAA6C36FBFF58BB8CC3A385B3CAB78.d.07AAE3ADB71BDDA0AE5462E58E5491D4.e.157/text HTTP/1.1
Cache-Control: no-cache
User-Agent: selenium/4.12.0 (java windows)
Content-Type: application/json; charset=utf-8
host: localhost:1361
accept: */*

Response DefaultHttpResponse(decodeResult: success, version: HTTP/1.1)
HTTP/1.1 200 OK
Content-Length: 40
Content-Type: application/json; charset=utf-8
cache-control: no-cache

22:42:51.521 [AsyncHttpClient-1-17] DEBUG org.asynchttpclient.netty.channel.ChannelManager - Adding key: http://localhost:1361 for channel [id: 0x40d633f8, L:/127.0.0.1:54883 - R:localhost/127.0.0.1:1361]
actual name: Nova Networks Industry -C
Company successfully created
  Then customer successsfully added                                 # StepDefination.Customer_onboarding.customer_successsfully_added()
22:42:51.526 [AsyncHttpClient-1-19] DEBUG org.asynchttpclient.netty.handler.WebSocketHandler - Channel Closed: [id: 0xc1221e55, L:/127.0.0.1:54894 ! R:localhost/127.0.0.1:54884] with attribute DISCARD
22:42:51.529 [Driver Command Executor] DEBUG org.asynchttpclient.netty.request.NettyRequestSender - Using pooled Channel '[id: 0x40d633f8, L:/127.0.0.1:54883 - R:localhost/127.0.0.1:1361]' for 'DELETE' to 'http://localhost:1361/session/380d3a2ce817983d6dc549a063848c5e'
22:42:51.529 [Driver Command Executor] DEBUG org.asynchttpclient.netty.request.NettyRequestSender - Using open Channel [id: 0x40d633f8, L:/127.0.0.1:54883 - R:localhost/127.0.0.1:1361] for DELETE '/session/380d3a2ce817983d6dc549a063848c5e'
22:42:51.717 [AsyncHttpClient-1-18] DEBUG org.asynchttpclient.netty.handler.HttpHandler - Unexpected I/O exception on channel [id: 0x2670e99e, L:/127.0.0.1:54893 - R:localhost/127.0.0.1:54884]
java.net.SocketException: Connection reset
	at java.base/sun.nio.ch.SocketChannelImpl.throwConnectionReset(SocketChannelImpl.java:394)
	at java.base/sun.nio.ch.SocketChannelImpl.read(SocketChannelImpl.java:426)
	at io.netty.buffer.PooledByteBuf.setBytes(PooledByteBuf.java:254)
	at io.netty.buffer.AbstractByteBuf.writeBytes(AbstractByteBuf.java:1132)
	at io.netty.channel.socket.nio.NioSocketChannel.doReadBytes(NioSocketChannel.java:357)
	at io.netty.channel.nio.AbstractNioByteChannel$NioByteUnsafe.read(AbstractNioByteChannel.java:151)
	at io.netty.channel.nio.NioEventLoop.processSelectedKey(NioEventLoop.java:788)
	at io.netty.channel.nio.NioEventLoop.processSelectedKeysOptimized(NioEventLoop.java:724)
	at io.netty.channel.nio.NioEventLoop.processSelectedKeys(NioEventLoop.java:650)
	at io.netty.channel.nio.NioEventLoop.run(NioEventLoop.java:562)
	at io.netty.util.concurrent.SingleThreadEventExecutor$4.run(SingleThreadEventExecutor.java:997)
	at io.netty.util.internal.ThreadExecutorMap$2.run(ThreadExecutorMap.java:74)
	at io.netty.util.concurrent.FastThreadLocalRunnable.run(FastThreadLocalRunnable.java:30)
	at java.base/java.lang.Thread.run(Thread.java:840)
22:42:51.717 [AsyncHttpClient-1-18] DEBUG org.asynchttpclient.netty.channel.ChannelManager - Closing Channel [id: 0x2670e99e, L:/127.0.0.1:54893 - R:localhost/127.0.0.1:54884] 
22:42:51.717 [AsyncHttpClient-1-18] DEBUG org.asynchttpclient.netty.handler.HttpHandler - Channel Closed: [id: 0x2670e99e, L:/127.0.0.1:54893 ! R:localhost/127.0.0.1:54884] with attribute DISCARD
22:42:51.752 [AsyncHttpClient-1-17] DEBUG org.asynchttpclient.netty.handler.HttpHandler - 

Request DefaultFullHttpRequest(decodeResult: success, version: HTTP/1.1, content: EmptyByteBufBE)
DELETE /session/380d3a2ce817983d6dc549a063848c5e HTTP/1.1
User-Agent: selenium/4.12.0 (java windows)
Content-Type: application/json; charset=utf-8
host: localhost:1361
accept: */*

Response DefaultHttpResponse(decodeResult: success, version: HTTP/1.1)
HTTP/1.1 200 OK
Content-Length: 14
Content-Type: application/json; charset=utf-8
cache-control: no-cache

22:42:51.752 [AsyncHttpClient-1-17] DEBUG org.asynchttpclient.netty.channel.ChannelManager - Adding key: http://localhost:1361 for channel [id: 0x40d633f8, L:/127.0.0.1:54883 - R:localhost/127.0.0.1:1361]
22:42:52.386 [AsyncHttpClient-1-1] DEBUG org.asynchttpclient.netty.channel.DefaultChannelPool - Entry count for : http://localhost:1361 : 1
22:42:52.386 [AsyncHttpClient-1-1] DEBUG org.asynchttpclient.netty.channel.DefaultChannelPool - Entry count for : http://localhost:54884 : 1
22:42:52.386 [AsyncHttpClient-1-1] DEBUG org.asynchttpclient.netty.channel.DefaultChannelPool - Adding Candidate expired Channel [id: 0x2670e99e, L:/127.0.0.1:54893 ! R:localhost/127.0.0.1:54884] isIdleTimeoutExpired=false isRemotelyClosed=true isTtlExpired=false
22:42:52.386 [AsyncHttpClient-1-1] DEBUG org.asynchttpclient.netty.channel.DefaultChannelPool - Closing Idle Channel [id: 0x2670e99e, L:/127.0.0.1:54893 ! R:localhost/127.0.0.1:54884]
22:42:52.386 [AsyncHttpClient-1-1] DEBUG org.asynchttpclient.netty.channel.DefaultChannelPool - Closed 1 connections out of 2 in 0 ms
22:42:52.394 [AsyncHttpClient-1-17] DEBUG org.asynchttpclient.netty.handler.HttpHandler - Channel Closed: [id: 0x40d633f8, L:/127.0.0.1:54883 ! R:localhost/127.0.0.1:1361] with attribute DISCARD
  And Close_Window                                                  # StepDefination.Customer_onboarding.close_window()
WebDriver is null. Nothing to close.
]]></system-out>
    <system-err><![CDATA[Jan 18, 2025 10:42:28 PM org.openqa.selenium.devtools.CdpVersionFinder findNearestMatch
WARNING: Unable to find CDP implementation matching 131
Jan 18, 2025 10:42:28 PM org.openqa.selenium.chromium.ChromiumDriver lambda$new$5
WARNING: Unable to find version of CDP to use for 131.0.6778.265. You may need to include a dependency on a specific version of the CDP using something similar to `org.seleniumhq.selenium:selenium-devtools-v86:4.12.0` where the version ("v86") matches the version of the chromium-based browser you're using and the version number of the artifact is the same as Selenium's.
]]></system-err>
  </testcase>
  <testcase name="Add customer without company name" classname="Customer Onboarding form for Broker" time="21.98">
    <system-out><![CDATA[
Scenario Outline: Add customer without company name              # src/test/resources/Customers/Customer_form.feature:50
22:42:52.860 [AsyncHttpClient-1-20] DEBUG org.asynchttpclient.netty.channel.NettyConnectListener - Using new Channel '[id: 0x4ee91ec4, L:/127.0.0.1:54931 - R:localhost/127.0.0.1:41986]' for 'POST' to '/session'
22:42:53.495 [AsyncHttpClient-1-1] DEBUG org.asynchttpclient.netty.channel.DefaultChannelPool - Entry count for : http://localhost:1361 : 1
22:42:53.495 [AsyncHttpClient-1-1] DEBUG org.asynchttpclient.netty.channel.DefaultChannelPool - Adding Candidate expired Channel [id: 0x40d633f8, L:/127.0.0.1:54883 ! R:localhost/127.0.0.1:1361] isIdleTimeoutExpired=false isRemotelyClosed=true isTtlExpired=false
22:42:53.495 [AsyncHttpClient-1-1] DEBUG org.asynchttpclient.netty.channel.DefaultChannelPool - Closing Idle Channel [id: 0x40d633f8, L:/127.0.0.1:54883 ! R:localhost/127.0.0.1:1361]
22:42:53.495 [AsyncHttpClient-1-1] DEBUG org.asynchttpclient.netty.channel.DefaultChannelPool - Closed 1 connections out of 1 in 0 ms
22:42:54.171 [AsyncHttpClient-1-20] DEBUG org.asynchttpclient.netty.handler.HttpHandler - 

Request DefaultHttpRequest(decodeResult: success, version: HTTP/1.1)
POST /session HTTP/1.1
User-Agent: selenium/4.12.0 (java windows)
Content-Length: 254
Content-Type: application/json; charset=utf-8
host: localhost:41986
accept: */*

Response DefaultHttpResponse(decodeResult: success, version: HTTP/1.1)
HTTP/1.1 200 OK
Content-Length: 888
Content-Type: application/json; charset=utf-8
cache-control: no-cache

22:42:54.171 [AsyncHttpClient-1-20] DEBUG org.asynchttpclient.netty.channel.ChannelManager - Adding key: http://localhost:41986 for channel [id: 0x4ee91ec4, L:/127.0.0.1:54931 - R:localhost/127.0.0.1:41986]
22:42:54.195 [AsyncHttpClient-1-21] DEBUG org.asynchttpclient.netty.channel.NettyConnectListener - Using new Channel '[id: 0x4bc22d22, L:/127.0.0.1:54940 - R:localhost/127.0.0.1:54932]' for 'GET' to '/json/version'
22:42:54.203 [AsyncHttpClient-1-21] DEBUG org.asynchttpclient.netty.handler.HttpHandler - 

Request DefaultFullHttpRequest(decodeResult: success, version: HTTP/1.1, content: EmptyByteBufBE)
GET /json/version HTTP/1.1
User-Agent: selenium/4.12.0 (java windows)
host: localhost:54932
accept: */*

Response DefaultHttpResponse(decodeResult: success, version: HTTP/1.1)
HTTP/1.1 200 OK
Content-Security-Policy: frame-ancestors 'none'
Content-Length: 424
Content-Type: application/json; charset=UTF-8

22:42:54.203 [AsyncHttpClient-1-21] DEBUG org.asynchttpclient.netty.channel.ChannelManager - Adding key: http://localhost:54932 for channel [id: 0x4bc22d22, L:/127.0.0.1:54940 - R:localhost/127.0.0.1:54932]
22:42:54.203 [AsyncHttpClient-1-22] DEBUG org.asynchttpclient.netty.channel.NettyConnectListener - Using new Channel '[id: 0x4033bb08, L:/127.0.0.1:54941 - R:localhost/127.0.0.1:54932]' for 'GET' to '/devtools/browser/2a4dfd25-22db-4560-92ad-071dea0dcded'
22:42:54.211 [AsyncHttpClient-1-22] DEBUG org.asynchttpclient.netty.handler.WebSocketHandler - 

Request DefaultFullHttpRequest(decodeResult: success, version: HTTP/1.1, content: EmptyByteBufBE)
GET /devtools/browser/2a4dfd25-22db-4560-92ad-071dea0dcded HTTP/1.1
upgrade: websocket
connection: upgrade
sec-websocket-key: 91GIzCLZ62o910DVP4Iifw==
sec-websocket-version: 13
origin: http://localhost:54932
host: localhost:54932
accept: */*
user-agent: AHC/2.1

Response DefaultHttpResponse(decodeResult: success, version: HTTP/1.1)
HTTP/1.1 101 WebSocket Protocol Handshake
Upgrade: WebSocket
Connection: Upgrade
Sec-WebSocket-Accept: Yuuq9Hfb8RcXlUUGuZLF04u4rQ4=

22:42:54.219 [Forwarding get on session a13d0e96e012170a8dd8fd03df852b64 to remote] DEBUG org.asynchttpclient.netty.request.NettyRequestSender - Using pooled Channel '[id: 0x4ee91ec4, L:/127.0.0.1:54931 - R:localhost/127.0.0.1:41986]' for 'POST' to 'http://localhost:41986/session/a13d0e96e012170a8dd8fd03df852b64/url'
22:42:54.219 [Forwarding get on session a13d0e96e012170a8dd8fd03df852b64 to remote] DEBUG org.asynchttpclient.netty.request.NettyRequestSender - Using open Channel [id: 0x4ee91ec4, L:/127.0.0.1:54931 - R:localhost/127.0.0.1:41986] for POST '/session/a13d0e96e012170a8dd8fd03df852b64/url'
22:42:54.580 [AsyncHttpClient-1-1] DEBUG org.asynchttpclient.netty.channel.DefaultChannelPool - Entry count for : http://localhost:54932 : 1
22:42:55.687 [AsyncHttpClient-1-1] DEBUG org.asynchttpclient.netty.channel.DefaultChannelPool - Entry count for : http://localhost:54932 : 1
22:42:55.775 [AsyncHttpClient-1-20] DEBUG org.asynchttpclient.netty.handler.HttpHandler - 

Request DefaultHttpRequest(decodeResult: success, version: HTTP/1.1)
POST /session/a13d0e96e012170a8dd8fd03df852b64/url HTTP/1.1
User-Agent: selenium/4.12.0 (java windows)
Content-Length: 92
Content-Type: application/json; charset=utf-8
host: localhost:41986
accept: */*

Response DefaultHttpResponse(decodeResult: success, version: HTTP/1.1)
HTTP/1.1 200 OK
Content-Length: 14
Content-Type: application/json; charset=utf-8
cache-control: no-cache

22:42:55.775 [AsyncHttpClient-1-20] DEBUG org.asynchttpclient.netty.channel.ChannelManager - Adding key: http://localhost:41986 for channel [id: 0x4ee91ec4, L:/127.0.0.1:54931 - R:localhost/127.0.0.1:41986]
22:42:55.775 [Forwarding maximizeCurrentWindow on session a13d0e96e012170a8dd8fd03df852b64 to remote] DEBUG org.asynchttpclient.netty.request.NettyRequestSender - Using pooled Channel '[id: 0x4ee91ec4, L:/127.0.0.1:54931 - R:localhost/127.0.0.1:41986]' for 'POST' to 'http://localhost:41986/session/a13d0e96e012170a8dd8fd03df852b64/window/maximize'
22:42:55.775 [Forwarding maximizeCurrentWindow on session a13d0e96e012170a8dd8fd03df852b64 to remote] DEBUG org.asynchttpclient.netty.request.NettyRequestSender - Using open Channel [id: 0x4ee91ec4, L:/127.0.0.1:54931 - R:localhost/127.0.0.1:41986] for POST '/session/a13d0e96e012170a8dd8fd03df852b64/window/maximize'
22:42:55.879 [AsyncHttpClient-1-20] DEBUG org.asynchttpclient.netty.handler.HttpHandler - 

Request DefaultHttpRequest(decodeResult: success, version: HTTP/1.1)
POST /session/a13d0e96e012170a8dd8fd03df852b64/window/maximize HTTP/1.1
User-Agent: selenium/4.12.0 (java windows)
Content-Length: 3
Content-Type: application/json; charset=utf-8
host: localhost:41986
accept: */*

Response DefaultHttpResponse(decodeResult: success, version: HTTP/1.1)
HTTP/1.1 200 OK
Content-Length: 51
Content-Type: application/json; charset=utf-8
cache-control: no-cache

22:42:55.879 [AsyncHttpClient-1-20] DEBUG org.asynchttpclient.netty.channel.ChannelManager - Adding key: http://localhost:41986 for channel [id: 0x4ee91ec4, L:/127.0.0.1:54931 - R:localhost/127.0.0.1:41986]
22:42:55.879 [Forwarding findElement on session a13d0e96e012170a8dd8fd03df852b64 to remote] DEBUG org.asynchttpclient.netty.request.NettyRequestSender - Using pooled Channel '[id: 0x4ee91ec4, L:/127.0.0.1:54931 - R:localhost/127.0.0.1:41986]' for 'POST' to 'http://localhost:41986/session/a13d0e96e012170a8dd8fd03df852b64/element'
22:42:55.879 [Forwarding findElement on session a13d0e96e012170a8dd8fd03df852b64 to remote] DEBUG org.asynchttpclient.netty.request.NettyRequestSender - Using open Channel [id: 0x4ee91ec4, L:/127.0.0.1:54931 - R:localhost/127.0.0.1:41986] for POST '/session/a13d0e96e012170a8dd8fd03df852b64/element'
22:42:55.903 [AsyncHttpClient-1-20] DEBUG org.asynchttpclient.netty.handler.HttpHandler - 

Request DefaultHttpRequest(decodeResult: success, version: HTTP/1.1)
POST /session/a13d0e96e012170a8dd8fd03df852b64/element HTTP/1.1
User-Agent: selenium/4.12.0 (java windows)
Content-Length: 69
Content-Type: application/json; charset=utf-8
host: localhost:41986
accept: */*

Response DefaultHttpResponse(decodeResult: success, version: HTTP/1.1)
HTTP/1.1 200 OK
Content-Length: 125
Content-Type: application/json; charset=utf-8
cache-control: no-cache

22:42:55.903 [AsyncHttpClient-1-20] DEBUG org.asynchttpclient.netty.channel.ChannelManager - Adding key: http://localhost:41986 for channel [id: 0x4ee91ec4, L:/127.0.0.1:54931 - R:localhost/127.0.0.1:41986]
22:42:55.903 [Forwarding sendKeysToElement on session a13d0e96e012170a8dd8fd03df852b64 to remote] DEBUG org.asynchttpclient.netty.request.NettyRequestSender - Using pooled Channel '[id: 0x4ee91ec4, L:/127.0.0.1:54931 - R:localhost/127.0.0.1:41986]' for 'POST' to 'http://localhost:41986/session/a13d0e96e012170a8dd8fd03df852b64/element/f.108F57516B46D8604224F6EC33DB2A6A.d.07B74840E3BCCAE77A1F96BB4F6E3771.e.1/value'
22:42:55.903 [Forwarding sendKeysToElement on session a13d0e96e012170a8dd8fd03df852b64 to remote] DEBUG org.asynchttpclient.netty.request.NettyRequestSender - Using open Channel [id: 0x4ee91ec4, L:/127.0.0.1:54931 - R:localhost/127.0.0.1:41986] for POST '/session/a13d0e96e012170a8dd8fd03df852b64/element/f.108F57516B46D8604224F6EC33DB2A6A.d.07B74840E3BCCAE77A1F96BB4F6E3771.e.1/value'
22:42:56.127 [AsyncHttpClient-1-20] DEBUG org.asynchttpclient.netty.handler.HttpHandler - 

Request DefaultHttpRequest(decodeResult: success, version: HTTP/1.1)
POST /session/a13d0e96e012170a8dd8fd03df852b64/element/f.108F57516B46D8604224F6EC33DB2A6A.d.07B74840E3BCCAE77A1F96BB4F6E3771.e.1/value HTTP/1.1
User-Agent: selenium/4.12.0 (java windows)
Content-Length: 338
Content-Type: application/json; charset=utf-8
host: localhost:41986
accept: */*

Response DefaultHttpResponse(decodeResult: success, version: HTTP/1.1)
HTTP/1.1 200 OK
Content-Length: 14
Content-Type: application/json; charset=utf-8
cache-control: no-cache

22:42:56.135 [AsyncHttpClient-1-20] DEBUG org.asynchttpclient.netty.channel.ChannelManager - Adding key: http://localhost:41986 for channel [id: 0x4ee91ec4, L:/127.0.0.1:54931 - R:localhost/127.0.0.1:41986]
22:42:56.135 [Forwarding findElement on session a13d0e96e012170a8dd8fd03df852b64 to remote] DEBUG org.asynchttpclient.netty.request.NettyRequestSender - Using pooled Channel '[id: 0x4ee91ec4, L:/127.0.0.1:54931 - R:localhost/127.0.0.1:41986]' for 'POST' to 'http://localhost:41986/session/a13d0e96e012170a8dd8fd03df852b64/element'
22:42:56.135 [Forwarding findElement on session a13d0e96e012170a8dd8fd03df852b64 to remote] DEBUG org.asynchttpclient.netty.request.NettyRequestSender - Using open Channel [id: 0x4ee91ec4, L:/127.0.0.1:54931 - R:localhost/127.0.0.1:41986] for POST '/session/a13d0e96e012170a8dd8fd03df852b64/element'
22:42:56.151 [AsyncHttpClient-1-20] DEBUG org.asynchttpclient.netty.handler.HttpHandler - 

Request DefaultHttpRequest(decodeResult: success, version: HTTP/1.1)
POST /session/a13d0e96e012170a8dd8fd03df852b64/element HTTP/1.1
User-Agent: selenium/4.12.0 (java windows)
Content-Length: 72
Content-Type: application/json; charset=utf-8
host: localhost:41986
accept: */*

Response DefaultHttpResponse(decodeResult: success, version: HTTP/1.1)
HTTP/1.1 200 OK
Content-Length: 125
Content-Type: application/json; charset=utf-8
cache-control: no-cache

22:42:56.151 [AsyncHttpClient-1-20] DEBUG org.asynchttpclient.netty.channel.ChannelManager - Adding key: http://localhost:41986 for channel [id: 0x4ee91ec4, L:/127.0.0.1:54931 - R:localhost/127.0.0.1:41986]
22:42:56.151 [Forwarding sendKeysToElement on session a13d0e96e012170a8dd8fd03df852b64 to remote] DEBUG org.asynchttpclient.netty.request.NettyRequestSender - Using pooled Channel '[id: 0x4ee91ec4, L:/127.0.0.1:54931 - R:localhost/127.0.0.1:41986]' for 'POST' to 'http://localhost:41986/session/a13d0e96e012170a8dd8fd03df852b64/element/f.108F57516B46D8604224F6EC33DB2A6A.d.07B74840E3BCCAE77A1F96BB4F6E3771.e.3/value'
22:42:56.151 [Forwarding sendKeysToElement on session a13d0e96e012170a8dd8fd03df852b64 to remote] DEBUG org.asynchttpclient.netty.request.NettyRequestSender - Using open Channel [id: 0x4ee91ec4, L:/127.0.0.1:54931 - R:localhost/127.0.0.1:41986] for POST '/session/a13d0e96e012170a8dd8fd03df852b64/element/f.108F57516B46D8604224F6EC33DB2A6A.d.07B74840E3BCCAE77A1F96BB4F6E3771.e.3/value'
22:42:56.303 [AsyncHttpClient-1-20] DEBUG org.asynchttpclient.netty.handler.HttpHandler - 

Request DefaultHttpRequest(decodeResult: success, version: HTTP/1.1)
POST /session/a13d0e96e012170a8dd8fd03df852b64/element/f.108F57516B46D8604224F6EC33DB2A6A.d.07B74840E3BCCAE77A1F96BB4F6E3771.e.3/value HTTP/1.1
User-Agent: selenium/4.12.0 (java windows)
Content-Length: 208
Content-Type: application/json; charset=utf-8
host: localhost:41986
accept: */*

Response DefaultHttpResponse(decodeResult: success, version: HTTP/1.1)
HTTP/1.1 200 OK
Content-Length: 14
Content-Type: application/json; charset=utf-8
cache-control: no-cache

22:42:56.303 [AsyncHttpClient-1-20] DEBUG org.asynchttpclient.netty.channel.ChannelManager - Adding key: http://localhost:41986 for channel [id: 0x4ee91ec4, L:/127.0.0.1:54931 - R:localhost/127.0.0.1:41986]
22:42:56.311 [Forwarding findElement on session a13d0e96e012170a8dd8fd03df852b64 to remote] DEBUG org.asynchttpclient.netty.request.NettyRequestSender - Using pooled Channel '[id: 0x4ee91ec4, L:/127.0.0.1:54931 - R:localhost/127.0.0.1:41986]' for 'POST' to 'http://localhost:41986/session/a13d0e96e012170a8dd8fd03df852b64/element'
22:42:56.311 [Forwarding findElement on session a13d0e96e012170a8dd8fd03df852b64 to remote] DEBUG org.asynchttpclient.netty.request.NettyRequestSender - Using open Channel [id: 0x4ee91ec4, L:/127.0.0.1:54931 - R:localhost/127.0.0.1:41986] for POST '/session/a13d0e96e012170a8dd8fd03df852b64/element'
22:42:56.327 [AsyncHttpClient-1-20] DEBUG org.asynchttpclient.netty.handler.HttpHandler - 

Request DefaultHttpRequest(decodeResult: success, version: HTTP/1.1)
POST /session/a13d0e96e012170a8dd8fd03df852b64/element HTTP/1.1
User-Agent: selenium/4.12.0 (java windows)
Content-Length: 73
Content-Type: application/json; charset=utf-8
host: localhost:41986
accept: */*

Response DefaultHttpResponse(decodeResult: success, version: HTTP/1.1)
HTTP/1.1 200 OK
Content-Length: 125
Content-Type: application/json; charset=utf-8
cache-control: no-cache

22:42:56.327 [AsyncHttpClient-1-20] DEBUG org.asynchttpclient.netty.channel.ChannelManager - Adding key: http://localhost:41986 for channel [id: 0x4ee91ec4, L:/127.0.0.1:54931 - R:localhost/127.0.0.1:41986]
22:42:56.327 [Forwarding clickElement on session a13d0e96e012170a8dd8fd03df852b64 to remote] DEBUG org.asynchttpclient.netty.request.NettyRequestSender - Using pooled Channel '[id: 0x4ee91ec4, L:/127.0.0.1:54931 - R:localhost/127.0.0.1:41986]' for 'POST' to 'http://localhost:41986/session/a13d0e96e012170a8dd8fd03df852b64/element/f.108F57516B46D8604224F6EC33DB2A6A.d.07B74840E3BCCAE77A1F96BB4F6E3771.e.5/click'
22:42:56.335 [Forwarding clickElement on session a13d0e96e012170a8dd8fd03df852b64 to remote] DEBUG org.asynchttpclient.netty.request.NettyRequestSender - Using open Channel [id: 0x4ee91ec4, L:/127.0.0.1:54931 - R:localhost/127.0.0.1:41986] for POST '/session/a13d0e96e012170a8dd8fd03df852b64/element/f.108F57516B46D8604224F6EC33DB2A6A.d.07B74840E3BCCAE77A1F96BB4F6E3771.e.5/click'
22:42:56.512 [AsyncHttpClient-1-20] DEBUG org.asynchttpclient.netty.handler.HttpHandler - 

Request DefaultHttpRequest(decodeResult: success, version: HTTP/1.1)
POST /session/a13d0e96e012170a8dd8fd03df852b64/element/f.108F57516B46D8604224F6EC33DB2A6A.d.07B74840E3BCCAE77A1F96BB4F6E3771.e.5/click HTTP/1.1
User-Agent: selenium/4.12.0 (java windows)
Content-Length: 87
Content-Type: application/json; charset=utf-8
host: localhost:41986
accept: */*

Response DefaultHttpResponse(decodeResult: success, version: HTTP/1.1)
HTTP/1.1 200 OK
Content-Length: 14
Content-Type: application/json; charset=utf-8
cache-control: no-cache

22:42:56.512 [AsyncHttpClient-1-20] DEBUG org.asynchttpclient.netty.channel.ChannelManager - Adding key: http://localhost:41986 for channel [id: 0x4ee91ec4, L:/127.0.0.1:54931 - R:localhost/127.0.0.1:41986]
22:42:56.792 [AsyncHttpClient-1-1] DEBUG org.asynchttpclient.netty.channel.DefaultChannelPool - Entry count for : http://localhost:41986 : 1
22:42:56.792 [AsyncHttpClient-1-1] DEBUG org.asynchttpclient.netty.channel.DefaultChannelPool - Entry count for : http://localhost:54932 : 1
22:42:57.883 [AsyncHttpClient-1-1] DEBUG org.asynchttpclient.netty.channel.DefaultChannelPool - Entry count for : http://localhost:41986 : 1
22:42:57.883 [AsyncHttpClient-1-1] DEBUG org.asynchttpclient.netty.channel.DefaultChannelPool - Entry count for : http://localhost:54932 : 1
22:42:58.994 [AsyncHttpClient-1-1] DEBUG org.asynchttpclient.netty.channel.DefaultChannelPool - Entry count for : http://localhost:41986 : 1
22:42:58.994 [AsyncHttpClient-1-1] DEBUG org.asynchttpclient.netty.channel.DefaultChannelPool - Entry count for : http://localhost:54932 : 1
22:43:00.093 [AsyncHttpClient-1-1] DEBUG org.asynchttpclient.netty.channel.DefaultChannelPool - Entry count for : http://localhost:41986 : 1
22:43:00.093 [AsyncHttpClient-1-1] DEBUG org.asynchttpclient.netty.channel.DefaultChannelPool - Entry count for : http://localhost:54932 : 1
22:43:01.183 [AsyncHttpClient-1-1] DEBUG org.asynchttpclient.netty.channel.DefaultChannelPool - Entry count for : http://localhost:41986 : 1
22:43:01.183 [AsyncHttpClient-1-1] DEBUG org.asynchttpclient.netty.channel.DefaultChannelPool - Entry count for : http://localhost:54932 : 1
22:43:01.525 [Forwarding getCurrentUrl on session a13d0e96e012170a8dd8fd03df852b64 to remote] DEBUG org.asynchttpclient.netty.request.NettyRequestSender - Using pooled Channel '[id: 0x4ee91ec4, L:/127.0.0.1:54931 - R:localhost/127.0.0.1:41986]' for 'GET' to 'http://localhost:41986/session/a13d0e96e012170a8dd8fd03df852b64/url'
22:43:01.525 [Forwarding getCurrentUrl on session a13d0e96e012170a8dd8fd03df852b64 to remote] DEBUG org.asynchttpclient.netty.request.NettyRequestSender - Using open Channel [id: 0x4ee91ec4, L:/127.0.0.1:54931 - R:localhost/127.0.0.1:41986] for GET '/session/a13d0e96e012170a8dd8fd03df852b64/url'
22:43:01.533 [AsyncHttpClient-1-20] DEBUG org.asynchttpclient.netty.handler.HttpHandler - 

Request DefaultFullHttpRequest(decodeResult: success, version: HTTP/1.1, content: EmptyByteBufBE)
GET /session/a13d0e96e012170a8dd8fd03df852b64/url HTTP/1.1
Cache-Control: no-cache
User-Agent: selenium/4.12.0 (java windows)
Content-Type: application/json; charset=utf-8
host: localhost:41986
accept: */*

Response DefaultHttpResponse(decodeResult: success, version: HTTP/1.1)
HTTP/1.1 200 OK
Content-Length: 69
Content-Type: application/json; charset=utf-8
cache-control: no-cache

22:43:01.533 [AsyncHttpClient-1-20] DEBUG org.asynchttpclient.netty.channel.ChannelManager - Adding key: http://localhost:41986 for channel [id: 0x4ee91ec4, L:/127.0.0.1:54931 - R:localhost/127.0.0.1:41986]
https://fleet-manager-development.vercel.app/auth/sign-in
22:43:01.533 [Forwarding findElement on session a13d0e96e012170a8dd8fd03df852b64 to remote] DEBUG org.asynchttpclient.netty.request.NettyRequestSender - Using pooled Channel '[id: 0x4ee91ec4, L:/127.0.0.1:54931 - R:localhost/127.0.0.1:41986]' for 'POST' to 'http://localhost:41986/session/a13d0e96e012170a8dd8fd03df852b64/element'
22:43:01.533 [Forwarding findElement on session a13d0e96e012170a8dd8fd03df852b64 to remote] DEBUG org.asynchttpclient.netty.request.NettyRequestSender - Using open Channel [id: 0x4ee91ec4, L:/127.0.0.1:54931 - R:localhost/127.0.0.1:41986] for POST '/session/a13d0e96e012170a8dd8fd03df852b64/element'
22:43:01.558 [AsyncHttpClient-1-20] DEBUG org.asynchttpclient.netty.handler.HttpHandler - 

Request DefaultHttpRequest(decodeResult: success, version: HTTP/1.1)
POST /session/a13d0e96e012170a8dd8fd03df852b64/element HTTP/1.1
User-Agent: selenium/4.12.0 (java windows)
Content-Length: 66
Content-Type: application/json; charset=utf-8
host: localhost:41986
accept: */*

Response DefaultHttpResponse(decodeResult: success, version: HTTP/1.1)
HTTP/1.1 200 OK
Content-Length: 126
Content-Type: application/json; charset=utf-8
cache-control: no-cache

22:43:01.558 [AsyncHttpClient-1-20] DEBUG org.asynchttpclient.netty.channel.ChannelManager - Adding key: http://localhost:41986 for channel [id: 0x4ee91ec4, L:/127.0.0.1:54931 - R:localhost/127.0.0.1:41986]
22:43:01.558 [Forwarding isElementDisplayed on session a13d0e96e012170a8dd8fd03df852b64 to remote] DEBUG org.asynchttpclient.netty.request.NettyRequestSender - Using pooled Channel '[id: 0x4ee91ec4, L:/127.0.0.1:54931 - R:localhost/127.0.0.1:41986]' for 'POST' to 'http://localhost:41986/session/a13d0e96e012170a8dd8fd03df852b64/execute/sync'
22:43:01.558 [Forwarding isElementDisplayed on session a13d0e96e012170a8dd8fd03df852b64 to remote] DEBUG org.asynchttpclient.netty.request.NettyRequestSender - Using open Channel [id: 0x4ee91ec4, L:/127.0.0.1:54931 - R:localhost/127.0.0.1:41986] for POST '/session/a13d0e96e012170a8dd8fd03df852b64/execute/sync'
22:43:01.586 [AsyncHttpClient-1-20] DEBUG org.asynchttpclient.netty.handler.HttpHandler - 

Request DefaultHttpRequest(decodeResult: success, version: HTTP/1.1)
POST /session/a13d0e96e012170a8dd8fd03df852b64/execute/sync HTTP/1.1
User-Agent: selenium/4.12.0 (java windows)
Content-Length: 48734
Content-Type: application/json; charset=utf-8
host: localhost:41986
accept: */*

Response DefaultHttpResponse(decodeResult: success, version: HTTP/1.1)
HTTP/1.1 200 OK
Content-Length: 14
Content-Type: application/json; charset=utf-8
cache-control: no-cache

22:43:01.586 [AsyncHttpClient-1-20] DEBUG org.asynchttpclient.netty.channel.ChannelManager - Adding key: http://localhost:41986 for channel [id: 0x4ee91ec4, L:/127.0.0.1:54931 - R:localhost/127.0.0.1:41986]
22:43:01.586 [Forwarding findElement on session a13d0e96e012170a8dd8fd03df852b64 to remote] DEBUG org.asynchttpclient.netty.request.NettyRequestSender - Using pooled Channel '[id: 0x4ee91ec4, L:/127.0.0.1:54931 - R:localhost/127.0.0.1:41986]' for 'POST' to 'http://localhost:41986/session/a13d0e96e012170a8dd8fd03df852b64/element'
22:43:01.586 [Forwarding findElement on session a13d0e96e012170a8dd8fd03df852b64 to remote] DEBUG org.asynchttpclient.netty.request.NettyRequestSender - Using open Channel [id: 0x4ee91ec4, L:/127.0.0.1:54931 - R:localhost/127.0.0.1:41986] for POST '/session/a13d0e96e012170a8dd8fd03df852b64/element'
22:43:01.602 [AsyncHttpClient-1-20] DEBUG org.asynchttpclient.netty.handler.HttpHandler - 

Request DefaultHttpRequest(decodeResult: success, version: HTTP/1.1)
POST /session/a13d0e96e012170a8dd8fd03df852b64/element HTTP/1.1
User-Agent: selenium/4.12.0 (java windows)
Content-Length: 66
Content-Type: application/json; charset=utf-8
host: localhost:41986
accept: */*

Response DefaultHttpResponse(decodeResult: success, version: HTTP/1.1)
HTTP/1.1 200 OK
Content-Length: 126
Content-Type: application/json; charset=utf-8
cache-control: no-cache

22:43:01.602 [AsyncHttpClient-1-20] DEBUG org.asynchttpclient.netty.channel.ChannelManager - Adding key: http://localhost:41986 for channel [id: 0x4ee91ec4, L:/127.0.0.1:54931 - R:localhost/127.0.0.1:41986]
22:43:01.602 [Forwarding getElementText on session a13d0e96e012170a8dd8fd03df852b64 to remote] DEBUG org.asynchttpclient.netty.request.NettyRequestSender - Using pooled Channel '[id: 0x4ee91ec4, L:/127.0.0.1:54931 - R:localhost/127.0.0.1:41986]' for 'GET' to 'http://localhost:41986/session/a13d0e96e012170a8dd8fd03df852b64/element/f.108F57516B46D8604224F6EC33DB2A6A.d.07B74840E3BCCAE77A1F96BB4F6E3771.e.19/text'
22:43:01.602 [Forwarding getElementText on session a13d0e96e012170a8dd8fd03df852b64 to remote] DEBUG org.asynchttpclient.netty.request.NettyRequestSender - Using open Channel [id: 0x4ee91ec4, L:/127.0.0.1:54931 - R:localhost/127.0.0.1:41986] for GET '/session/a13d0e96e012170a8dd8fd03df852b64/element/f.108F57516B46D8604224F6EC33DB2A6A.d.07B74840E3BCCAE77A1F96BB4F6E3771.e.19/text'
22:43:01.622 [AsyncHttpClient-1-20] DEBUG org.asynchttpclient.netty.handler.HttpHandler - 

Request DefaultFullHttpRequest(decodeResult: success, version: HTTP/1.1, content: EmptyByteBufBE)
GET /session/a13d0e96e012170a8dd8fd03df852b64/element/f.108F57516B46D8604224F6EC33DB2A6A.d.07B74840E3BCCAE77A1F96BB4F6E3771.e.19/text HTTP/1.1
Cache-Control: no-cache
User-Agent: selenium/4.12.0 (java windows)
Content-Type: application/json; charset=utf-8
host: localhost:41986
accept: */*

Response DefaultHttpResponse(decodeResult: success, version: HTTP/1.1)
HTTP/1.1 200 OK
Content-Length: 33
Content-Type: application/json; charset=utf-8
cache-control: no-cache

22:43:01.622 [AsyncHttpClient-1-20] DEBUG org.asynchttpclient.netty.channel.ChannelManager - Adding key: http://localhost:41986 for channel [id: 0x4ee91ec4, L:/127.0.0.1:54931 - R:localhost/127.0.0.1:41986]
22:43:01.622 [Forwarding findElement on session a13d0e96e012170a8dd8fd03df852b64 to remote] DEBUG org.asynchttpclient.netty.request.NettyRequestSender - Using pooled Channel '[id: 0x4ee91ec4, L:/127.0.0.1:54931 - R:localhost/127.0.0.1:41986]' for 'POST' to 'http://localhost:41986/session/a13d0e96e012170a8dd8fd03df852b64/element'
22:43:01.622 [Forwarding findElement on session a13d0e96e012170a8dd8fd03df852b64 to remote] DEBUG org.asynchttpclient.netty.request.NettyRequestSender - Using open Channel [id: 0x4ee91ec4, L:/127.0.0.1:54931 - R:localhost/127.0.0.1:41986] for POST '/session/a13d0e96e012170a8dd8fd03df852b64/element'
22:43:01.646 [AsyncHttpClient-1-20] DEBUG org.asynchttpclient.netty.handler.HttpHandler - 

Request DefaultHttpRequest(decodeResult: success, version: HTTP/1.1)
POST /session/a13d0e96e012170a8dd8fd03df852b64/element HTTP/1.1
User-Agent: selenium/4.12.0 (java windows)
Content-Length: 74
Content-Type: application/json; charset=utf-8
host: localhost:41986
accept: */*

Response DefaultHttpResponse(decodeResult: success, version: HTTP/1.1)
HTTP/1.1 200 OK
Content-Length: 126
Content-Type: application/json; charset=utf-8
cache-control: no-cache

22:43:01.646 [AsyncHttpClient-1-20] DEBUG org.asynchttpclient.netty.channel.ChannelManager - Adding key: http://localhost:41986 for channel [id: 0x4ee91ec4, L:/127.0.0.1:54931 - R:localhost/127.0.0.1:41986]
22:43:01.646 [Forwarding clickElement on session a13d0e96e012170a8dd8fd03df852b64 to remote] DEBUG org.asynchttpclient.netty.request.NettyRequestSender - Using pooled Channel '[id: 0x4ee91ec4, L:/127.0.0.1:54931 - R:localhost/127.0.0.1:41986]' for 'POST' to 'http://localhost:41986/session/a13d0e96e012170a8dd8fd03df852b64/element/f.108F57516B46D8604224F6EC33DB2A6A.d.07B74840E3BCCAE77A1F96BB4F6E3771.e.20/click'
22:43:01.646 [Forwarding clickElement on session a13d0e96e012170a8dd8fd03df852b64 to remote] DEBUG org.asynchttpclient.netty.request.NettyRequestSender - Using open Channel [id: 0x4ee91ec4, L:/127.0.0.1:54931 - R:localhost/127.0.0.1:41986] for POST '/session/a13d0e96e012170a8dd8fd03df852b64/element/f.108F57516B46D8604224F6EC33DB2A6A.d.07B74840E3BCCAE77A1F96BB4F6E3771.e.20/click'
22:43:01.774 [AsyncHttpClient-1-20] DEBUG org.asynchttpclient.netty.handler.HttpHandler - 

Request DefaultHttpRequest(decodeResult: success, version: HTTP/1.1)
POST /session/a13d0e96e012170a8dd8fd03df852b64/element/f.108F57516B46D8604224F6EC33DB2A6A.d.07B74840E3BCCAE77A1F96BB4F6E3771.e.20/click HTTP/1.1
User-Agent: selenium/4.12.0 (java windows)
Content-Length: 88
Content-Type: application/json; charset=utf-8
host: localhost:41986
accept: */*

Response DefaultHttpResponse(decodeResult: success, version: HTTP/1.1)
HTTP/1.1 200 OK
Content-Length: 14
Content-Type: application/json; charset=utf-8
cache-control: no-cache

22:43:01.774 [AsyncHttpClient-1-20] DEBUG org.asynchttpclient.netty.channel.ChannelManager - Adding key: http://localhost:41986 for channel [id: 0x4ee91ec4, L:/127.0.0.1:54931 - R:localhost/127.0.0.1:41986]
22:43:02.284 [AsyncHttpClient-1-1] DEBUG org.asynchttpclient.netty.channel.DefaultChannelPool - Entry count for : http://localhost:41986 : 1
22:43:02.284 [AsyncHttpClient-1-1] DEBUG org.asynchttpclient.netty.channel.DefaultChannelPool - Entry count for : http://localhost:54932 : 1
22:43:03.389 [AsyncHttpClient-1-1] DEBUG org.asynchttpclient.netty.channel.DefaultChannelPool - Entry count for : http://localhost:41986 : 1
22:43:03.389 [AsyncHttpClient-1-1] DEBUG org.asynchttpclient.netty.channel.DefaultChannelPool - Entry count for : http://localhost:54932 : 1
22:43:04.487 [AsyncHttpClient-1-1] DEBUG org.asynchttpclient.netty.channel.DefaultChannelPool - Entry count for : http://localhost:41986 : 1
22:43:04.487 [AsyncHttpClient-1-1] DEBUG org.asynchttpclient.netty.channel.DefaultChannelPool - Entry count for : http://localhost:54932 : 1
screen shot class not taking
  Given I am on dashboardfokisaj290@edectus.com and Fleet@123    # StepDefination.Customer_onboarding.I_am_on_dashboard(java.lang.String,java.lang.String)
22:43:04.782 [Forwarding findElement on session a13d0e96e012170a8dd8fd03df852b64 to remote] DEBUG org.asynchttpclient.netty.request.NettyRequestSender - Using pooled Channel '[id: 0x4ee91ec4, L:/127.0.0.1:54931 - R:localhost/127.0.0.1:41986]' for 'POST' to 'http://localhost:41986/session/a13d0e96e012170a8dd8fd03df852b64/element'
22:43:04.783 [Forwarding findElement on session a13d0e96e012170a8dd8fd03df852b64 to remote] DEBUG org.asynchttpclient.netty.request.NettyRequestSender - Using open Channel [id: 0x4ee91ec4, L:/127.0.0.1:54931 - R:localhost/127.0.0.1:41986] for POST '/session/a13d0e96e012170a8dd8fd03df852b64/element'
22:43:05.164 [AsyncHttpClient-1-20] DEBUG org.asynchttpclient.netty.handler.HttpHandler - 

Request DefaultHttpRequest(decodeResult: success, version: HTTP/1.1)
POST /session/a13d0e96e012170a8dd8fd03df852b64/element HTTP/1.1
User-Agent: selenium/4.12.0 (java windows)
Content-Length: 127
Content-Type: application/json; charset=utf-8
host: localhost:41986
accept: */*

Response DefaultHttpResponse(decodeResult: success, version: HTTP/1.1)
HTTP/1.1 200 OK
Content-Length: 126
Content-Type: application/json; charset=utf-8
cache-control: no-cache

22:43:05.164 [AsyncHttpClient-1-20] DEBUG org.asynchttpclient.netty.channel.ChannelManager - Adding key: http://localhost:41986 for channel [id: 0x4ee91ec4, L:/127.0.0.1:54931 - R:localhost/127.0.0.1:41986]
22:43:05.166 [Forwarding getElementText on session a13d0e96e012170a8dd8fd03df852b64 to remote] DEBUG org.asynchttpclient.netty.request.NettyRequestSender - Using pooled Channel '[id: 0x4ee91ec4, L:/127.0.0.1:54931 - R:localhost/127.0.0.1:41986]' for 'GET' to 'http://localhost:41986/session/a13d0e96e012170a8dd8fd03df852b64/element/f.108F57516B46D8604224F6EC33DB2A6A.d.9D8D6F53B00F059DA4DC5A5089E4BD11.e.42/text'
22:43:05.166 [Forwarding getElementText on session a13d0e96e012170a8dd8fd03df852b64 to remote] DEBUG org.asynchttpclient.netty.request.NettyRequestSender - Using open Channel [id: 0x4ee91ec4, L:/127.0.0.1:54931 - R:localhost/127.0.0.1:41986] for GET '/session/a13d0e96e012170a8dd8fd03df852b64/element/f.108F57516B46D8604224F6EC33DB2A6A.d.9D8D6F53B00F059DA4DC5A5089E4BD11.e.42/text'
22:43:05.223 [AsyncHttpClient-1-20] DEBUG org.asynchttpclient.netty.handler.HttpHandler - 

Request DefaultFullHttpRequest(decodeResult: success, version: HTTP/1.1, content: EmptyByteBufBE)
GET /session/a13d0e96e012170a8dd8fd03df852b64/element/f.108F57516B46D8604224F6EC33DB2A6A.d.9D8D6F53B00F059DA4DC5A5089E4BD11.e.42/text HTTP/1.1
Cache-Control: no-cache
User-Agent: selenium/4.12.0 (java windows)
Content-Type: application/json; charset=utf-8
host: localhost:41986
accept: */*

Response DefaultHttpResponse(decodeResult: success, version: HTTP/1.1)
HTTP/1.1 200 OK
Content-Length: 21
Content-Type: application/json; charset=utf-8
cache-control: no-cache

22:43:05.223 [AsyncHttpClient-1-20] DEBUG org.asynchttpclient.netty.channel.ChannelManager - Adding key: http://localhost:41986 for channel [id: 0x4ee91ec4, L:/127.0.0.1:54931 - R:localhost/127.0.0.1:41986]
22:43:05.223 [Forwarding findElement on session a13d0e96e012170a8dd8fd03df852b64 to remote] DEBUG org.asynchttpclient.netty.request.NettyRequestSender - Using pooled Channel '[id: 0x4ee91ec4, L:/127.0.0.1:54931 - R:localhost/127.0.0.1:41986]' for 'POST' to 'http://localhost:41986/session/a13d0e96e012170a8dd8fd03df852b64/element'
22:43:05.223 [Forwarding findElement on session a13d0e96e012170a8dd8fd03df852b64 to remote] DEBUG org.asynchttpclient.netty.request.NettyRequestSender - Using open Channel [id: 0x4ee91ec4, L:/127.0.0.1:54931 - R:localhost/127.0.0.1:41986] for POST '/session/a13d0e96e012170a8dd8fd03df852b64/element'
22:43:05.232 [AsyncHttpClient-1-20] DEBUG org.asynchttpclient.netty.handler.HttpHandler - 

Request DefaultHttpRequest(decodeResult: success, version: HTTP/1.1)
POST /session/a13d0e96e012170a8dd8fd03df852b64/element HTTP/1.1
User-Agent: selenium/4.12.0 (java windows)
Content-Length: 127
Content-Type: application/json; charset=utf-8
host: localhost:41986
accept: */*

Response DefaultHttpResponse(decodeResult: success, version: HTTP/1.1)
HTTP/1.1 200 OK
Content-Length: 126
Content-Type: application/json; charset=utf-8
cache-control: no-cache

22:43:05.233 [AsyncHttpClient-1-20] DEBUG org.asynchttpclient.netty.channel.ChannelManager - Adding key: http://localhost:41986 for channel [id: 0x4ee91ec4, L:/127.0.0.1:54931 - R:localhost/127.0.0.1:41986]
22:43:05.236 [Forwarding clickElement on session a13d0e96e012170a8dd8fd03df852b64 to remote] DEBUG org.asynchttpclient.netty.request.NettyRequestSender - Using pooled Channel '[id: 0x4ee91ec4, L:/127.0.0.1:54931 - R:localhost/127.0.0.1:41986]' for 'POST' to 'http://localhost:41986/session/a13d0e96e012170a8dd8fd03df852b64/element/f.108F57516B46D8604224F6EC33DB2A6A.d.9D8D6F53B00F059DA4DC5A5089E4BD11.e.42/click'
22:43:05.236 [Forwarding clickElement on session a13d0e96e012170a8dd8fd03df852b64 to remote] DEBUG org.asynchttpclient.netty.request.NettyRequestSender - Using open Channel [id: 0x4ee91ec4, L:/127.0.0.1:54931 - R:localhost/127.0.0.1:41986] for POST '/session/a13d0e96e012170a8dd8fd03df852b64/element/f.108F57516B46D8604224F6EC33DB2A6A.d.9D8D6F53B00F059DA4DC5A5089E4BD11.e.42/click'
22:43:05.425 [AsyncHttpClient-1-20] DEBUG org.asynchttpclient.netty.handler.HttpHandler - 

Request DefaultHttpRequest(decodeResult: success, version: HTTP/1.1)
POST /session/a13d0e96e012170a8dd8fd03df852b64/element/f.108F57516B46D8604224F6EC33DB2A6A.d.9D8D6F53B00F059DA4DC5A5089E4BD11.e.42/click HTTP/1.1
User-Agent: selenium/4.12.0 (java windows)
Content-Length: 88
Content-Type: application/json; charset=utf-8
host: localhost:41986
accept: */*

Response DefaultHttpResponse(decodeResult: success, version: HTTP/1.1)
HTTP/1.1 200 OK
Content-Length: 14
Content-Type: application/json; charset=utf-8
cache-control: no-cache

22:43:05.425 [AsyncHttpClient-1-20] DEBUG org.asynchttpclient.netty.channel.ChannelManager - Adding key: http://localhost:41986 for channel [id: 0x4ee91ec4, L:/127.0.0.1:54931 - R:localhost/127.0.0.1:41986]
22:43:05.586 [AsyncHttpClient-1-1] DEBUG org.asynchttpclient.netty.channel.DefaultChannelPool - Entry count for : http://localhost:41986 : 1
22:43:05.586 [AsyncHttpClient-1-1] DEBUG org.asynchttpclient.netty.channel.DefaultChannelPool - Entry count for : http://localhost:54932 : 1
22:43:06.688 [AsyncHttpClient-1-1] DEBUG org.asynchttpclient.netty.channel.DefaultChannelPool - Entry count for : http://localhost:41986 : 1
22:43:06.688 [AsyncHttpClient-1-1] DEBUG org.asynchttpclient.netty.channel.DefaultChannelPool - Entry count for : http://localhost:54932 : 1
screen shot class not taking
22:43:07.435 [Forwarding findElement on session a13d0e96e012170a8dd8fd03df852b64 to remote] DEBUG org.asynchttpclient.netty.request.NettyRequestSender - Using pooled Channel '[id: 0x4ee91ec4, L:/127.0.0.1:54931 - R:localhost/127.0.0.1:41986]' for 'POST' to 'http://localhost:41986/session/a13d0e96e012170a8dd8fd03df852b64/element'
22:43:07.435 [Forwarding findElement on session a13d0e96e012170a8dd8fd03df852b64 to remote] DEBUG org.asynchttpclient.netty.request.NettyRequestSender - Using open Channel [id: 0x4ee91ec4, L:/127.0.0.1:54931 - R:localhost/127.0.0.1:41986] for POST '/session/a13d0e96e012170a8dd8fd03df852b64/element'
22:43:07.468 [AsyncHttpClient-1-20] DEBUG org.asynchttpclient.netty.handler.HttpHandler - 

Request DefaultHttpRequest(decodeResult: success, version: HTTP/1.1)
POST /session/a13d0e96e012170a8dd8fd03df852b64/element HTTP/1.1
User-Agent: selenium/4.12.0 (java windows)
Content-Length: 178
Content-Type: application/json; charset=utf-8
host: localhost:41986
accept: */*

Response DefaultHttpResponse(decodeResult: success, version: HTTP/1.1)
HTTP/1.1 200 OK
Content-Length: 126
Content-Type: application/json; charset=utf-8
cache-control: no-cache

22:43:07.468 [AsyncHttpClient-1-20] DEBUG org.asynchttpclient.netty.channel.ChannelManager - Adding key: http://localhost:41986 for channel [id: 0x4ee91ec4, L:/127.0.0.1:54931 - R:localhost/127.0.0.1:41986]
22:43:07.468 [Forwarding getElementText on session a13d0e96e012170a8dd8fd03df852b64 to remote] DEBUG org.asynchttpclient.netty.request.NettyRequestSender - Using pooled Channel '[id: 0x4ee91ec4, L:/127.0.0.1:54931 - R:localhost/127.0.0.1:41986]' for 'GET' to 'http://localhost:41986/session/a13d0e96e012170a8dd8fd03df852b64/element/f.108F57516B46D8604224F6EC33DB2A6A.d.9D8D6F53B00F059DA4DC5A5089E4BD11.e.46/text'
22:43:07.468 [Forwarding getElementText on session a13d0e96e012170a8dd8fd03df852b64 to remote] DEBUG org.asynchttpclient.netty.request.NettyRequestSender - Using open Channel [id: 0x4ee91ec4, L:/127.0.0.1:54931 - R:localhost/127.0.0.1:41986] for GET '/session/a13d0e96e012170a8dd8fd03df852b64/element/f.108F57516B46D8604224F6EC33DB2A6A.d.9D8D6F53B00F059DA4DC5A5089E4BD11.e.46/text'
22:43:07.491 [AsyncHttpClient-1-20] DEBUG org.asynchttpclient.netty.handler.HttpHandler - 

Request DefaultFullHttpRequest(decodeResult: success, version: HTTP/1.1, content: EmptyByteBufBE)
GET /session/a13d0e96e012170a8dd8fd03df852b64/element/f.108F57516B46D8604224F6EC33DB2A6A.d.9D8D6F53B00F059DA4DC5A5089E4BD11.e.46/text HTTP/1.1
Cache-Control: no-cache
User-Agent: selenium/4.12.0 (java windows)
Content-Type: application/json; charset=utf-8
host: localhost:41986
accept: */*

Response DefaultHttpResponse(decodeResult: success, version: HTTP/1.1)
HTTP/1.1 200 OK
Content-Length: 28
Content-Type: application/json; charset=utf-8
cache-control: no-cache

22:43:07.491 [AsyncHttpClient-1-20] DEBUG org.asynchttpclient.netty.channel.ChannelManager - Adding key: http://localhost:41986 for channel [id: 0x4ee91ec4, L:/127.0.0.1:54931 - R:localhost/127.0.0.1:41986]
22:43:07.491 [Forwarding findElement on session a13d0e96e012170a8dd8fd03df852b64 to remote] DEBUG org.asynchttpclient.netty.request.NettyRequestSender - Using pooled Channel '[id: 0x4ee91ec4, L:/127.0.0.1:54931 - R:localhost/127.0.0.1:41986]' for 'POST' to 'http://localhost:41986/session/a13d0e96e012170a8dd8fd03df852b64/element'
22:43:07.491 [Forwarding findElement on session a13d0e96e012170a8dd8fd03df852b64 to remote] DEBUG org.asynchttpclient.netty.request.NettyRequestSender - Using open Channel [id: 0x4ee91ec4, L:/127.0.0.1:54931 - R:localhost/127.0.0.1:41986] for POST '/session/a13d0e96e012170a8dd8fd03df852b64/element'
22:43:07.507 [AsyncHttpClient-1-20] DEBUG org.asynchttpclient.netty.handler.HttpHandler - 

Request DefaultHttpRequest(decodeResult: success, version: HTTP/1.1)
POST /session/a13d0e96e012170a8dd8fd03df852b64/element HTTP/1.1
User-Agent: selenium/4.12.0 (java windows)
Content-Length: 178
Content-Type: application/json; charset=utf-8
host: localhost:41986
accept: */*

Response DefaultHttpResponse(decodeResult: success, version: HTTP/1.1)
HTTP/1.1 200 OK
Content-Length: 126
Content-Type: application/json; charset=utf-8
cache-control: no-cache

22:43:07.507 [AsyncHttpClient-1-20] DEBUG org.asynchttpclient.netty.channel.ChannelManager - Adding key: http://localhost:41986 for channel [id: 0x4ee91ec4, L:/127.0.0.1:54931 - R:localhost/127.0.0.1:41986]
22:43:07.507 [Forwarding clickElement on session a13d0e96e012170a8dd8fd03df852b64 to remote] DEBUG org.asynchttpclient.netty.request.NettyRequestSender - Using pooled Channel '[id: 0x4ee91ec4, L:/127.0.0.1:54931 - R:localhost/127.0.0.1:41986]' for 'POST' to 'http://localhost:41986/session/a13d0e96e012170a8dd8fd03df852b64/element/f.108F57516B46D8604224F6EC33DB2A6A.d.9D8D6F53B00F059DA4DC5A5089E4BD11.e.46/click'
22:43:07.507 [Forwarding clickElement on session a13d0e96e012170a8dd8fd03df852b64 to remote] DEBUG org.asynchttpclient.netty.request.NettyRequestSender - Using open Channel [id: 0x4ee91ec4, L:/127.0.0.1:54931 - R:localhost/127.0.0.1:41986] for POST '/session/a13d0e96e012170a8dd8fd03df852b64/element/f.108F57516B46D8604224F6EC33DB2A6A.d.9D8D6F53B00F059DA4DC5A5089E4BD11.e.46/click'
22:43:07.685 [AsyncHttpClient-1-20] DEBUG org.asynchttpclient.netty.handler.HttpHandler - 

Request DefaultHttpRequest(decodeResult: success, version: HTTP/1.1)
POST /session/a13d0e96e012170a8dd8fd03df852b64/element/f.108F57516B46D8604224F6EC33DB2A6A.d.9D8D6F53B00F059DA4DC5A5089E4BD11.e.46/click HTTP/1.1
User-Agent: selenium/4.12.0 (java windows)
Content-Length: 88
Content-Type: application/json; charset=utf-8
host: localhost:41986
accept: */*

Response DefaultHttpResponse(decodeResult: success, version: HTTP/1.1)
HTTP/1.1 200 OK
Content-Length: 14
Content-Type: application/json; charset=utf-8
cache-control: no-cache

22:43:07.685 [AsyncHttpClient-1-20] DEBUG org.asynchttpclient.netty.channel.ChannelManager - Adding key: http://localhost:41986 for channel [id: 0x4ee91ec4, L:/127.0.0.1:54931 - R:localhost/127.0.0.1:41986]
  When Open customer form                                        # StepDefination.Customer_onboarding.Open_customer_form()
22:43:07.782 [AsyncHttpClient-1-1] DEBUG org.asynchttpclient.netty.channel.DefaultChannelPool - Entry count for : http://localhost:41986 : 1
22:43:07.782 [AsyncHttpClient-1-1] DEBUG org.asynchttpclient.netty.channel.DefaultChannelPool - Entry count for : http://localhost:54932 : 1
22:43:08.696 [Forwarding findElement on session a13d0e96e012170a8dd8fd03df852b64 to remote] DEBUG org.asynchttpclient.netty.request.NettyRequestSender - Using pooled Channel '[id: 0x4ee91ec4, L:/127.0.0.1:54931 - R:localhost/127.0.0.1:41986]' for 'POST' to 'http://localhost:41986/session/a13d0e96e012170a8dd8fd03df852b64/element'
22:43:08.696 [Forwarding findElement on session a13d0e96e012170a8dd8fd03df852b64 to remote] DEBUG org.asynchttpclient.netty.request.NettyRequestSender - Using open Channel [id: 0x4ee91ec4, L:/127.0.0.1:54931 - R:localhost/127.0.0.1:41986] for POST '/session/a13d0e96e012170a8dd8fd03df852b64/element'
22:43:08.712 [AsyncHttpClient-1-20] DEBUG org.asynchttpclient.netty.handler.HttpHandler - 

Request DefaultHttpRequest(decodeResult: success, version: HTTP/1.1)
POST /session/a13d0e96e012170a8dd8fd03df852b64/element HTTP/1.1
User-Agent: selenium/4.12.0 (java windows)
Content-Length: 82
Content-Type: application/json; charset=utf-8
host: localhost:41986
accept: */*

Response DefaultHttpResponse(decodeResult: success, version: HTTP/1.1)
HTTP/1.1 200 OK
Content-Length: 126
Content-Type: application/json; charset=utf-8
cache-control: no-cache

22:43:08.720 [AsyncHttpClient-1-20] DEBUG org.asynchttpclient.netty.channel.ChannelManager - Adding key: http://localhost:41986 for channel [id: 0x4ee91ec4, L:/127.0.0.1:54931 - R:localhost/127.0.0.1:41986]
22:43:08.720 [Forwarding sendKeysToElement on session a13d0e96e012170a8dd8fd03df852b64 to remote] DEBUG org.asynchttpclient.netty.request.NettyRequestSender - Using pooled Channel '[id: 0x4ee91ec4, L:/127.0.0.1:54931 - R:localhost/127.0.0.1:41986]' for 'POST' to 'http://localhost:41986/session/a13d0e96e012170a8dd8fd03df852b64/element/f.108F57516B46D8604224F6EC33DB2A6A.d.9D8D6F53B00F059DA4DC5A5089E4BD11.e.52/value'
22:43:08.720 [Forwarding sendKeysToElement on session a13d0e96e012170a8dd8fd03df852b64 to remote] DEBUG org.asynchttpclient.netty.request.NettyRequestSender - Using open Channel [id: 0x4ee91ec4, L:/127.0.0.1:54931 - R:localhost/127.0.0.1:41986] for POST '/session/a13d0e96e012170a8dd8fd03df852b64/element/f.108F57516B46D8604224F6EC33DB2A6A.d.9D8D6F53B00F059DA4DC5A5089E4BD11.e.52/value'
22:43:08.888 [AsyncHttpClient-1-1] DEBUG org.asynchttpclient.netty.channel.DefaultChannelPool - Entry count for : http://localhost:54932 : 1
22:43:09.000 [AsyncHttpClient-1-20] DEBUG org.asynchttpclient.netty.handler.HttpHandler - 

Request DefaultHttpRequest(decodeResult: success, version: HTTP/1.1)
POST /session/a13d0e96e012170a8dd8fd03df852b64/element/f.108F57516B46D8604224F6EC33DB2A6A.d.9D8D6F53B00F059DA4DC5A5089E4BD11.e.52/value HTTP/1.1
User-Agent: selenium/4.12.0 (java windows)
Content-Length: 259
Content-Type: application/json; charset=utf-8
host: localhost:41986
accept: */*

Response DefaultHttpResponse(decodeResult: success, version: HTTP/1.1)
HTTP/1.1 200 OK
Content-Length: 14
Content-Type: application/json; charset=utf-8
cache-control: no-cache

22:43:09.000 [AsyncHttpClient-1-20] DEBUG org.asynchttpclient.netty.channel.ChannelManager - Adding key: http://localhost:41986 for channel [id: 0x4ee91ec4, L:/127.0.0.1:54931 - R:localhost/127.0.0.1:41986]
22:43:09.008 [Forwarding findElement on session a13d0e96e012170a8dd8fd03df852b64 to remote] DEBUG org.asynchttpclient.netty.request.NettyRequestSender - Using pooled Channel '[id: 0x4ee91ec4, L:/127.0.0.1:54931 - R:localhost/127.0.0.1:41986]' for 'POST' to 'http://localhost:41986/session/a13d0e96e012170a8dd8fd03df852b64/element'
22:43:09.008 [Forwarding findElement on session a13d0e96e012170a8dd8fd03df852b64 to remote] DEBUG org.asynchttpclient.netty.request.NettyRequestSender - Using open Channel [id: 0x4ee91ec4, L:/127.0.0.1:54931 - R:localhost/127.0.0.1:41986] for POST '/session/a13d0e96e012170a8dd8fd03df852b64/element'
22:43:09.024 [AsyncHttpClient-1-20] DEBUG org.asynchttpclient.netty.handler.HttpHandler - 

Request DefaultHttpRequest(decodeResult: success, version: HTTP/1.1)
POST /session/a13d0e96e012170a8dd8fd03df852b64/element HTTP/1.1
User-Agent: selenium/4.12.0 (java windows)
Content-Length: 89
Content-Type: application/json; charset=utf-8
host: localhost:41986
accept: */*

Response DefaultHttpResponse(decodeResult: success, version: HTTP/1.1)
HTTP/1.1 200 OK
Content-Length: 126
Content-Type: application/json; charset=utf-8
cache-control: no-cache

22:43:09.024 [AsyncHttpClient-1-20] DEBUG org.asynchttpclient.netty.channel.ChannelManager - Adding key: http://localhost:41986 for channel [id: 0x4ee91ec4, L:/127.0.0.1:54931 - R:localhost/127.0.0.1:41986]
22:43:09.024 [Forwarding sendKeysToElement on session a13d0e96e012170a8dd8fd03df852b64 to remote] DEBUG org.asynchttpclient.netty.request.NettyRequestSender - Using pooled Channel '[id: 0x4ee91ec4, L:/127.0.0.1:54931 - R:localhost/127.0.0.1:41986]' for 'POST' to 'http://localhost:41986/session/a13d0e96e012170a8dd8fd03df852b64/element/f.108F57516B46D8604224F6EC33DB2A6A.d.9D8D6F53B00F059DA4DC5A5089E4BD11.e.54/value'
22:43:09.024 [Forwarding sendKeysToElement on session a13d0e96e012170a8dd8fd03df852b64 to remote] DEBUG org.asynchttpclient.netty.request.NettyRequestSender - Using open Channel [id: 0x4ee91ec4, L:/127.0.0.1:54931 - R:localhost/127.0.0.1:41986] for POST '/session/a13d0e96e012170a8dd8fd03df852b64/element/f.108F57516B46D8604224F6EC33DB2A6A.d.9D8D6F53B00F059DA4DC5A5089E4BD11.e.54/value'
22:43:09.225 [AsyncHttpClient-1-20] DEBUG org.asynchttpclient.netty.handler.HttpHandler - 

Request DefaultHttpRequest(decodeResult: success, version: HTTP/1.1)
POST /session/a13d0e96e012170a8dd8fd03df852b64/element/f.108F57516B46D8604224F6EC33DB2A6A.d.9D8D6F53B00F059DA4DC5A5089E4BD11.e.54/value HTTP/1.1
User-Agent: selenium/4.12.0 (java windows)
Content-Length: 219
Content-Type: application/json; charset=utf-8
host: localhost:41986
accept: */*

Response DefaultHttpResponse(decodeResult: success, version: HTTP/1.1)
HTTP/1.1 200 OK
Content-Length: 14
Content-Type: application/json; charset=utf-8
cache-control: no-cache

22:43:09.225 [AsyncHttpClient-1-20] DEBUG org.asynchttpclient.netty.channel.ChannelManager - Adding key: http://localhost:41986 for channel [id: 0x4ee91ec4, L:/127.0.0.1:54931 - R:localhost/127.0.0.1:41986]
screen shot class not taking
  And Provide the contact Details9865768576 royal@mail.com       # StepDefination.Customer_onboarding.Provide_the_contact_Details(java.lang.String,java.lang.String)
22:43:09.733 [Forwarding findElement on session a13d0e96e012170a8dd8fd03df852b64 to remote] DEBUG org.asynchttpclient.netty.request.NettyRequestSender - Using pooled Channel '[id: 0x4ee91ec4, L:/127.0.0.1:54931 - R:localhost/127.0.0.1:41986]' for 'POST' to 'http://localhost:41986/session/a13d0e96e012170a8dd8fd03df852b64/element'
22:43:09.733 [Forwarding findElement on session a13d0e96e012170a8dd8fd03df852b64 to remote] DEBUG org.asynchttpclient.netty.request.NettyRequestSender - Using open Channel [id: 0x4ee91ec4, L:/127.0.0.1:54931 - R:localhost/127.0.0.1:41986] for POST '/session/a13d0e96e012170a8dd8fd03df852b64/element'
22:43:09.749 [AsyncHttpClient-1-20] DEBUG org.asynchttpclient.netty.handler.HttpHandler - 

Request DefaultHttpRequest(decodeResult: success, version: HTTP/1.1)
POST /session/a13d0e96e012170a8dd8fd03df852b64/element HTTP/1.1
User-Agent: selenium/4.12.0 (java windows)
Content-Length: 88
Content-Type: application/json; charset=utf-8
host: localhost:41986
accept: */*

Response DefaultHttpResponse(decodeResult: success, version: HTTP/1.1)
HTTP/1.1 200 OK
Content-Length: 126
Content-Type: application/json; charset=utf-8
cache-control: no-cache

22:43:09.749 [AsyncHttpClient-1-20] DEBUG org.asynchttpclient.netty.channel.ChannelManager - Adding key: http://localhost:41986 for channel [id: 0x4ee91ec4, L:/127.0.0.1:54931 - R:localhost/127.0.0.1:41986]
22:43:09.749 [Forwarding sendKeysToElement on session a13d0e96e012170a8dd8fd03df852b64 to remote] DEBUG org.asynchttpclient.netty.request.NettyRequestSender - Using pooled Channel '[id: 0x4ee91ec4, L:/127.0.0.1:54931 - R:localhost/127.0.0.1:41986]' for 'POST' to 'http://localhost:41986/session/a13d0e96e012170a8dd8fd03df852b64/element/f.108F57516B46D8604224F6EC33DB2A6A.d.9D8D6F53B00F059DA4DC5A5089E4BD11.e.57/value'
22:43:09.749 [Forwarding sendKeysToElement on session a13d0e96e012170a8dd8fd03df852b64 to remote] DEBUG org.asynchttpclient.netty.request.NettyRequestSender - Using open Channel [id: 0x4ee91ec4, L:/127.0.0.1:54931 - R:localhost/127.0.0.1:41986] for POST '/session/a13d0e96e012170a8dd8fd03df852b64/element/f.108F57516B46D8604224F6EC33DB2A6A.d.9D8D6F53B00F059DA4DC5A5089E4BD11.e.57/value'
22:43:09.981 [AsyncHttpClient-1-1] DEBUG org.asynchttpclient.netty.channel.DefaultChannelPool - Entry count for : http://localhost:54932 : 1
22:43:09.997 [AsyncHttpClient-1-20] DEBUG org.asynchttpclient.netty.handler.HttpHandler - 

Request DefaultHttpRequest(decodeResult: success, version: HTTP/1.1)
POST /session/a13d0e96e012170a8dd8fd03df852b64/element/f.108F57516B46D8604224F6EC33DB2A6A.d.9D8D6F53B00F059DA4DC5A5089E4BD11.e.57/value HTTP/1.1
User-Agent: selenium/4.12.0 (java windows)
Content-Length: 259
Content-Type: application/json; charset=utf-8
host: localhost:41986
accept: */*

Response DefaultHttpResponse(decodeResult: success, version: HTTP/1.1)
HTTP/1.1 200 OK
Content-Length: 14
Content-Type: application/json; charset=utf-8
cache-control: no-cache

22:43:09.997 [AsyncHttpClient-1-20] DEBUG org.asynchttpclient.netty.channel.ChannelManager - Adding key: http://localhost:41986 for channel [id: 0x4ee91ec4, L:/127.0.0.1:54931 - R:localhost/127.0.0.1:41986]
22:43:09.997 [Forwarding findElement on session a13d0e96e012170a8dd8fd03df852b64 to remote] DEBUG org.asynchttpclient.netty.request.NettyRequestSender - Using pooled Channel '[id: 0x4ee91ec4, L:/127.0.0.1:54931 - R:localhost/127.0.0.1:41986]' for 'POST' to 'http://localhost:41986/session/a13d0e96e012170a8dd8fd03df852b64/element'
22:43:09.997 [Forwarding findElement on session a13d0e96e012170a8dd8fd03df852b64 to remote] DEBUG org.asynchttpclient.netty.request.NettyRequestSender - Using open Channel [id: 0x4ee91ec4, L:/127.0.0.1:54931 - R:localhost/127.0.0.1:41986] for POST '/session/a13d0e96e012170a8dd8fd03df852b64/element'
22:43:10.021 [AsyncHttpClient-1-20] DEBUG org.asynchttpclient.netty.handler.HttpHandler - 

Request DefaultHttpRequest(decodeResult: success, version: HTTP/1.1)
POST /session/a13d0e96e012170a8dd8fd03df852b64/element HTTP/1.1
User-Agent: selenium/4.12.0 (java windows)
Content-Length: 75
Content-Type: application/json; charset=utf-8
host: localhost:41986
accept: */*

Response DefaultHttpResponse(decodeResult: success, version: HTTP/1.1)
HTTP/1.1 200 OK
Content-Length: 126
Content-Type: application/json; charset=utf-8
cache-control: no-cache

22:43:10.021 [AsyncHttpClient-1-20] DEBUG org.asynchttpclient.netty.channel.ChannelManager - Adding key: http://localhost:41986 for channel [id: 0x4ee91ec4, L:/127.0.0.1:54931 - R:localhost/127.0.0.1:41986]
22:43:10.021 [Forwarding sendKeysToElement on session a13d0e96e012170a8dd8fd03df852b64 to remote] DEBUG org.asynchttpclient.netty.request.NettyRequestSender - Using pooled Channel '[id: 0x4ee91ec4, L:/127.0.0.1:54931 - R:localhost/127.0.0.1:41986]' for 'POST' to 'http://localhost:41986/session/a13d0e96e012170a8dd8fd03df852b64/element/f.108F57516B46D8604224F6EC33DB2A6A.d.9D8D6F53B00F059DA4DC5A5089E4BD11.e.58/value'
22:43:10.021 [Forwarding sendKeysToElement on session a13d0e96e012170a8dd8fd03df852b64 to remote] DEBUG org.asynchttpclient.netty.request.NettyRequestSender - Using open Channel [id: 0x4ee91ec4, L:/127.0.0.1:54931 - R:localhost/127.0.0.1:41986] for POST '/session/a13d0e96e012170a8dd8fd03df852b64/element/f.108F57516B46D8604224F6EC33DB2A6A.d.9D8D6F53B00F059DA4DC5A5089E4BD11.e.58/value'
22:43:10.174 [AsyncHttpClient-1-20] DEBUG org.asynchttpclient.netty.handler.HttpHandler - 

Request DefaultHttpRequest(decodeResult: success, version: HTTP/1.1)
POST /session/a13d0e96e012170a8dd8fd03df852b64/element/f.108F57516B46D8604224F6EC33DB2A6A.d.9D8D6F53B00F059DA4DC5A5089E4BD11.e.58/value HTTP/1.1
User-Agent: selenium/4.12.0 (java windows)
Content-Length: 139
Content-Type: application/json; charset=utf-8
host: localhost:41986
accept: */*

Response DefaultHttpResponse(decodeResult: success, version: HTTP/1.1)
HTTP/1.1 200 OK
Content-Length: 14
Content-Type: application/json; charset=utf-8
cache-control: no-cache

22:43:10.174 [AsyncHttpClient-1-20] DEBUG org.asynchttpclient.netty.channel.ChannelManager - Adding key: http://localhost:41986 for channel [id: 0x4ee91ec4, L:/127.0.0.1:54931 - R:localhost/127.0.0.1:41986]
22:43:10.174 [Forwarding findElement on session a13d0e96e012170a8dd8fd03df852b64 to remote] DEBUG org.asynchttpclient.netty.request.NettyRequestSender - Using pooled Channel '[id: 0x4ee91ec4, L:/127.0.0.1:54931 - R:localhost/127.0.0.1:41986]' for 'POST' to 'http://localhost:41986/session/a13d0e96e012170a8dd8fd03df852b64/element'
22:43:10.174 [Forwarding findElement on session a13d0e96e012170a8dd8fd03df852b64 to remote] DEBUG org.asynchttpclient.netty.request.NettyRequestSender - Using open Channel [id: 0x4ee91ec4, L:/127.0.0.1:54931 - R:localhost/127.0.0.1:41986] for POST '/session/a13d0e96e012170a8dd8fd03df852b64/element'
22:43:10.198 [AsyncHttpClient-1-20] DEBUG org.asynchttpclient.netty.handler.HttpHandler - 

Request DefaultHttpRequest(decodeResult: success, version: HTTP/1.1)
POST /session/a13d0e96e012170a8dd8fd03df852b64/element HTTP/1.1
User-Agent: selenium/4.12.0 (java windows)
Content-Length: 90
Content-Type: application/json; charset=utf-8
host: localhost:41986
accept: */*

Response DefaultHttpResponse(decodeResult: success, version: HTTP/1.1)
HTTP/1.1 200 OK
Content-Length: 126
Content-Type: application/json; charset=utf-8
cache-control: no-cache

22:43:10.198 [AsyncHttpClient-1-20] DEBUG org.asynchttpclient.netty.channel.ChannelManager - Adding key: http://localhost:41986 for channel [id: 0x4ee91ec4, L:/127.0.0.1:54931 - R:localhost/127.0.0.1:41986]
22:43:10.198 [Forwarding sendKeysToElement on session a13d0e96e012170a8dd8fd03df852b64 to remote] DEBUG org.asynchttpclient.netty.request.NettyRequestSender - Using pooled Channel '[id: 0x4ee91ec4, L:/127.0.0.1:54931 - R:localhost/127.0.0.1:41986]' for 'POST' to 'http://localhost:41986/session/a13d0e96e012170a8dd8fd03df852b64/element/f.108F57516B46D8604224F6EC33DB2A6A.d.9D8D6F53B00F059DA4DC5A5089E4BD11.e.59/value'
22:43:10.198 [Forwarding sendKeysToElement on session a13d0e96e012170a8dd8fd03df852b64 to remote] DEBUG org.asynchttpclient.netty.request.NettyRequestSender - Using open Channel [id: 0x4ee91ec4, L:/127.0.0.1:54931 - R:localhost/127.0.0.1:41986] for POST '/session/a13d0e96e012170a8dd8fd03df852b64/element/f.108F57516B46D8604224F6EC33DB2A6A.d.9D8D6F53B00F059DA4DC5A5089E4BD11.e.59/value'
22:43:10.485 [AsyncHttpClient-1-20] DEBUG org.asynchttpclient.netty.handler.HttpHandler - 

Request DefaultHttpRequest(decodeResult: success, version: HTTP/1.1)
POST /session/a13d0e96e012170a8dd8fd03df852b64/element/f.108F57516B46D8604224F6EC33DB2A6A.d.9D8D6F53B00F059DA4DC5A5089E4BD11.e.59/value HTTP/1.1
User-Agent: selenium/4.12.0 (java windows)
Content-Length: 139
Content-Type: application/json; charset=utf-8
host: localhost:41986
accept: */*

Response DefaultHttpResponse(decodeResult: success, version: HTTP/1.1)
HTTP/1.1 200 OK
Content-Length: 14
Content-Type: application/json; charset=utf-8
cache-control: no-cache

22:43:10.485 [AsyncHttpClient-1-20] DEBUG org.asynchttpclient.netty.channel.ChannelManager - Adding key: http://localhost:41986 for channel [id: 0x4ee91ec4, L:/127.0.0.1:54931 - R:localhost/127.0.0.1:41986]
22:43:10.485 [Forwarding findElement on session a13d0e96e012170a8dd8fd03df852b64 to remote] DEBUG org.asynchttpclient.netty.request.NettyRequestSender - Using pooled Channel '[id: 0x4ee91ec4, L:/127.0.0.1:54931 - R:localhost/127.0.0.1:41986]' for 'POST' to 'http://localhost:41986/session/a13d0e96e012170a8dd8fd03df852b64/element'
22:43:10.485 [Forwarding findElement on session a13d0e96e012170a8dd8fd03df852b64 to remote] DEBUG org.asynchttpclient.netty.request.NettyRequestSender - Using open Channel [id: 0x4ee91ec4, L:/127.0.0.1:54931 - R:localhost/127.0.0.1:41986] for POST '/session/a13d0e96e012170a8dd8fd03df852b64/element'
22:43:10.501 [AsyncHttpClient-1-20] DEBUG org.asynchttpclient.netty.handler.HttpHandler - 

Request DefaultHttpRequest(decodeResult: success, version: HTTP/1.1)
POST /session/a13d0e96e012170a8dd8fd03df852b64/element HTTP/1.1
User-Agent: selenium/4.12.0 (java windows)
Content-Length: 96
Content-Type: application/json; charset=utf-8
host: localhost:41986
accept: */*

Response DefaultHttpResponse(decodeResult: success, version: HTTP/1.1)
HTTP/1.1 200 OK
Content-Length: 126
Content-Type: application/json; charset=utf-8
cache-control: no-cache

22:43:10.501 [AsyncHttpClient-1-20] DEBUG org.asynchttpclient.netty.channel.ChannelManager - Adding key: http://localhost:41986 for channel [id: 0x4ee91ec4, L:/127.0.0.1:54931 - R:localhost/127.0.0.1:41986]
22:43:10.501 [Forwarding sendKeysToElement on session a13d0e96e012170a8dd8fd03df852b64 to remote] DEBUG org.asynchttpclient.netty.request.NettyRequestSender - Using pooled Channel '[id: 0x4ee91ec4, L:/127.0.0.1:54931 - R:localhost/127.0.0.1:41986]' for 'POST' to 'http://localhost:41986/session/a13d0e96e012170a8dd8fd03df852b64/element/f.108F57516B46D8604224F6EC33DB2A6A.d.9D8D6F53B00F059DA4DC5A5089E4BD11.e.60/value'
22:43:10.501 [Forwarding sendKeysToElement on session a13d0e96e012170a8dd8fd03df852b64 to remote] DEBUG org.asynchttpclient.netty.request.NettyRequestSender - Using open Channel [id: 0x4ee91ec4, L:/127.0.0.1:54931 - R:localhost/127.0.0.1:41986] for POST '/session/a13d0e96e012170a8dd8fd03df852b64/element/f.108F57516B46D8604224F6EC33DB2A6A.d.9D8D6F53B00F059DA4DC5A5089E4BD11.e.60/value'
22:43:10.647 [AsyncHttpClient-1-20] DEBUG org.asynchttpclient.netty.handler.HttpHandler - 

Request DefaultHttpRequest(decodeResult: success, version: HTTP/1.1)
POST /session/a13d0e96e012170a8dd8fd03df852b64/element/f.108F57516B46D8604224F6EC33DB2A6A.d.9D8D6F53B00F059DA4DC5A5089E4BD11.e.60/value HTTP/1.1
User-Agent: selenium/4.12.0 (java windows)
Content-Length: 179
Content-Type: application/json; charset=utf-8
host: localhost:41986
accept: */*

Response DefaultHttpResponse(decodeResult: success, version: HTTP/1.1)
HTTP/1.1 200 OK
Content-Length: 14
Content-Type: application/json; charset=utf-8
cache-control: no-cache

22:43:10.647 [AsyncHttpClient-1-20] DEBUG org.asynchttpclient.netty.channel.ChannelManager - Adding key: http://localhost:41986 for channel [id: 0x4ee91ec4, L:/127.0.0.1:54931 - R:localhost/127.0.0.1:41986]
22:43:10.647 [Forwarding findElement on session a13d0e96e012170a8dd8fd03df852b64 to remote] DEBUG org.asynchttpclient.netty.request.NettyRequestSender - Using pooled Channel '[id: 0x4ee91ec4, L:/127.0.0.1:54931 - R:localhost/127.0.0.1:41986]' for 'POST' to 'http://localhost:41986/session/a13d0e96e012170a8dd8fd03df852b64/element'
22:43:10.647 [Forwarding findElement on session a13d0e96e012170a8dd8fd03df852b64 to remote] DEBUG org.asynchttpclient.netty.request.NettyRequestSender - Using open Channel [id: 0x4ee91ec4, L:/127.0.0.1:54931 - R:localhost/127.0.0.1:41986] for POST '/session/a13d0e96e012170a8dd8fd03df852b64/element'
22:43:10.671 [AsyncHttpClient-1-20] DEBUG org.asynchttpclient.netty.handler.HttpHandler - 

Request DefaultHttpRequest(decodeResult: success, version: HTTP/1.1)
POST /session/a13d0e96e012170a8dd8fd03df852b64/element HTTP/1.1
User-Agent: selenium/4.12.0 (java windows)
Content-Length: 78
Content-Type: application/json; charset=utf-8
host: localhost:41986
accept: */*

Response DefaultHttpResponse(decodeResult: success, version: HTTP/1.1)
HTTP/1.1 200 OK
Content-Length: 126
Content-Type: application/json; charset=utf-8
cache-control: no-cache

22:43:10.671 [AsyncHttpClient-1-20] DEBUG org.asynchttpclient.netty.channel.ChannelManager - Adding key: http://localhost:41986 for channel [id: 0x4ee91ec4, L:/127.0.0.1:54931 - R:localhost/127.0.0.1:41986]
22:43:10.673 [Forwarding sendKeysToElement on session a13d0e96e012170a8dd8fd03df852b64 to remote] DEBUG org.asynchttpclient.netty.request.NettyRequestSender - Using pooled Channel '[id: 0x4ee91ec4, L:/127.0.0.1:54931 - R:localhost/127.0.0.1:41986]' for 'POST' to 'http://localhost:41986/session/a13d0e96e012170a8dd8fd03df852b64/element/f.108F57516B46D8604224F6EC33DB2A6A.d.9D8D6F53B00F059DA4DC5A5089E4BD11.e.61/value'
22:43:10.673 [Forwarding sendKeysToElement on session a13d0e96e012170a8dd8fd03df852b64 to remote] DEBUG org.asynchttpclient.netty.request.NettyRequestSender - Using open Channel [id: 0x4ee91ec4, L:/127.0.0.1:54931 - R:localhost/127.0.0.1:41986] for POST '/session/a13d0e96e012170a8dd8fd03df852b64/element/f.108F57516B46D8604224F6EC33DB2A6A.d.9D8D6F53B00F059DA4DC5A5089E4BD11.e.61/value'
22:43:10.791 [AsyncHttpClient-1-20] DEBUG org.asynchttpclient.netty.handler.HttpHandler - 

Request DefaultHttpRequest(decodeResult: success, version: HTTP/1.1)
POST /session/a13d0e96e012170a8dd8fd03df852b64/element/f.108F57516B46D8604224F6EC33DB2A6A.d.9D8D6F53B00F059DA4DC5A5089E4BD11.e.61/value HTTP/1.1
User-Agent: selenium/4.12.0 (java windows)
Content-Length: 149
Content-Type: application/json; charset=utf-8
host: localhost:41986
accept: */*

Response DefaultHttpResponse(decodeResult: success, version: HTTP/1.1)
HTTP/1.1 200 OK
Content-Length: 14
Content-Type: application/json; charset=utf-8
cache-control: no-cache

22:43:10.791 [AsyncHttpClient-1-20] DEBUG org.asynchttpclient.netty.channel.ChannelManager - Adding key: http://localhost:41986 for channel [id: 0x4ee91ec4, L:/127.0.0.1:54931 - R:localhost/127.0.0.1:41986]
22:43:11.089 [AsyncHttpClient-1-1] DEBUG org.asynchttpclient.netty.channel.DefaultChannelPool - Entry count for : http://localhost:41986 : 1
22:43:11.090 [AsyncHttpClient-1-1] DEBUG org.asynchttpclient.netty.channel.DefaultChannelPool - Entry count for : http://localhost:54932 : 1
screen shot class not taking
  And Provide the Address DetailsMain_street001 YK FL 987678 USA # StepDefination.Customer_onboarding.Provide_the_address_Details(java.lang.String,java.lang.String,java.lang.String,java.lang.String,java.lang.String)
22:43:12.178 [AsyncHttpClient-1-1] DEBUG org.asynchttpclient.netty.channel.DefaultChannelPool - Entry count for : http://localhost:41986 : 1
22:43:12.178 [AsyncHttpClient-1-1] DEBUG org.asynchttpclient.netty.channel.DefaultChannelPool - Entry count for : http://localhost:54932 : 1
22:43:12.308 [Forwarding findElement on session a13d0e96e012170a8dd8fd03df852b64 to remote] DEBUG org.asynchttpclient.netty.request.NettyRequestSender - Using pooled Channel '[id: 0x4ee91ec4, L:/127.0.0.1:54931 - R:localhost/127.0.0.1:41986]' for 'POST' to 'http://localhost:41986/session/a13d0e96e012170a8dd8fd03df852b64/element'
22:43:12.308 [Forwarding findElement on session a13d0e96e012170a8dd8fd03df852b64 to remote] DEBUG org.asynchttpclient.netty.request.NettyRequestSender - Using open Channel [id: 0x4ee91ec4, L:/127.0.0.1:54931 - R:localhost/127.0.0.1:41986] for POST '/session/a13d0e96e012170a8dd8fd03df852b64/element'
22:43:12.333 [AsyncHttpClient-1-20] DEBUG org.asynchttpclient.netty.handler.HttpHandler - 

Request DefaultHttpRequest(decodeResult: success, version: HTTP/1.1)
POST /session/a13d0e96e012170a8dd8fd03df852b64/element HTTP/1.1
User-Agent: selenium/4.12.0 (java windows)
Content-Length: 72
Content-Type: application/json; charset=utf-8
host: localhost:41986
accept: */*

Response DefaultHttpResponse(decodeResult: success, version: HTTP/1.1)
HTTP/1.1 200 OK
Content-Length: 126
Content-Type: application/json; charset=utf-8
cache-control: no-cache

22:43:12.333 [AsyncHttpClient-1-20] DEBUG org.asynchttpclient.netty.channel.ChannelManager - Adding key: http://localhost:41986 for channel [id: 0x4ee91ec4, L:/127.0.0.1:54931 - R:localhost/127.0.0.1:41986]
22:43:12.333 [Forwarding clickElement on session a13d0e96e012170a8dd8fd03df852b64 to remote] DEBUG org.asynchttpclient.netty.request.NettyRequestSender - Using pooled Channel '[id: 0x4ee91ec4, L:/127.0.0.1:54931 - R:localhost/127.0.0.1:41986]' for 'POST' to 'http://localhost:41986/session/a13d0e96e012170a8dd8fd03df852b64/element/f.108F57516B46D8604224F6EC33DB2A6A.d.9D8D6F53B00F059DA4DC5A5089E4BD11.e.98/click'
22:43:12.333 [Forwarding clickElement on session a13d0e96e012170a8dd8fd03df852b64 to remote] DEBUG org.asynchttpclient.netty.request.NettyRequestSender - Using open Channel [id: 0x4ee91ec4, L:/127.0.0.1:54931 - R:localhost/127.0.0.1:41986] for POST '/session/a13d0e96e012170a8dd8fd03df852b64/element/f.108F57516B46D8604224F6EC33DB2A6A.d.9D8D6F53B00F059DA4DC5A5089E4BD11.e.98/click'
22:43:12.525 [AsyncHttpClient-1-20] DEBUG org.asynchttpclient.netty.handler.HttpHandler - 

Request DefaultHttpRequest(decodeResult: success, version: HTTP/1.1)
POST /session/a13d0e96e012170a8dd8fd03df852b64/element/f.108F57516B46D8604224F6EC33DB2A6A.d.9D8D6F53B00F059DA4DC5A5089E4BD11.e.98/click HTTP/1.1
User-Agent: selenium/4.12.0 (java windows)
Content-Length: 88
Content-Type: application/json; charset=utf-8
host: localhost:41986
accept: */*

Response DefaultHttpResponse(decodeResult: success, version: HTTP/1.1)
HTTP/1.1 200 OK
Content-Length: 14
Content-Type: application/json; charset=utf-8
cache-control: no-cache

22:43:12.525 [AsyncHttpClient-1-20] DEBUG org.asynchttpclient.netty.channel.ChannelManager - Adding key: http://localhost:41986 for channel [id: 0x4ee91ec4, L:/127.0.0.1:54931 - R:localhost/127.0.0.1:41986]
screen shot class not taking
  When Submit the form                                           # StepDefination.Customer_onboarding.Submit_the_form()
22:43:13.045 [Forwarding findElement on session a13d0e96e012170a8dd8fd03df852b64 to remote] DEBUG org.asynchttpclient.netty.request.NettyRequestSender - Using pooled Channel '[id: 0x4ee91ec4, L:/127.0.0.1:54931 - R:localhost/127.0.0.1:41986]' for 'POST' to 'http://localhost:41986/session/a13d0e96e012170a8dd8fd03df852b64/element'
22:43:13.045 [Forwarding findElement on session a13d0e96e012170a8dd8fd03df852b64 to remote] DEBUG org.asynchttpclient.netty.request.NettyRequestSender - Using open Channel [id: 0x4ee91ec4, L:/127.0.0.1:54931 - R:localhost/127.0.0.1:41986] for POST '/session/a13d0e96e012170a8dd8fd03df852b64/element'
22:43:13.069 [AsyncHttpClient-1-20] DEBUG org.asynchttpclient.netty.handler.HttpHandler - 

Request DefaultHttpRequest(decodeResult: success, version: HTTP/1.1)
POST /session/a13d0e96e012170a8dd8fd03df852b64/element HTTP/1.1
User-Agent: selenium/4.12.0 (java windows)
Content-Length: 137
Content-Type: application/json; charset=utf-8
host: localhost:41986
accept: */*

Response DefaultHttpResponse(decodeResult: success, version: HTTP/1.1)
HTTP/1.1 200 OK
Content-Length: 126
Content-Type: application/json; charset=utf-8
cache-control: no-cache

22:43:13.069 [AsyncHttpClient-1-20] DEBUG org.asynchttpclient.netty.channel.ChannelManager - Adding key: http://localhost:41986 for channel [id: 0x4ee91ec4, L:/127.0.0.1:54931 - R:localhost/127.0.0.1:41986]
22:43:13.069 [Forwarding getElementText on session a13d0e96e012170a8dd8fd03df852b64 to remote] DEBUG org.asynchttpclient.netty.request.NettyRequestSender - Using pooled Channel '[id: 0x4ee91ec4, L:/127.0.0.1:54931 - R:localhost/127.0.0.1:41986]' for 'GET' to 'http://localhost:41986/session/a13d0e96e012170a8dd8fd03df852b64/element/f.108F57516B46D8604224F6EC33DB2A6A.d.9D8D6F53B00F059DA4DC5A5089E4BD11.e.99/text'
22:43:13.069 [Forwarding getElementText on session a13d0e96e012170a8dd8fd03df852b64 to remote] DEBUG org.asynchttpclient.netty.request.NettyRequestSender - Using open Channel [id: 0x4ee91ec4, L:/127.0.0.1:54931 - R:localhost/127.0.0.1:41986] for GET '/session/a13d0e96e012170a8dd8fd03df852b64/element/f.108F57516B46D8604224F6EC33DB2A6A.d.9D8D6F53B00F059DA4DC5A5089E4BD11.e.99/text'
22:43:13.094 [AsyncHttpClient-1-20] DEBUG org.asynchttpclient.netty.handler.HttpHandler - 

Request DefaultFullHttpRequest(decodeResult: success, version: HTTP/1.1, content: EmptyByteBufBE)
GET /session/a13d0e96e012170a8dd8fd03df852b64/element/f.108F57516B46D8604224F6EC33DB2A6A.d.9D8D6F53B00F059DA4DC5A5089E4BD11.e.99/text HTTP/1.1
Cache-Control: no-cache
User-Agent: selenium/4.12.0 (java windows)
Content-Type: application/json; charset=utf-8
host: localhost:41986
accept: */*

Response DefaultHttpResponse(decodeResult: success, version: HTTP/1.1)
HTTP/1.1 200 OK
Content-Length: 36
Content-Type: application/json; charset=utf-8
cache-control: no-cache

22:43:13.094 [AsyncHttpClient-1-20] DEBUG org.asynchttpclient.netty.channel.ChannelManager - Adding key: http://localhost:41986 for channel [id: 0x4ee91ec4, L:/127.0.0.1:54931 - R:localhost/127.0.0.1:41986]
Company Name is required
22:43:13.282 [AsyncHttpClient-1-1] DEBUG org.asynchttpclient.netty.channel.DefaultChannelPool - Entry count for : http://localhost:41986 : 1
22:43:13.282 [AsyncHttpClient-1-1] DEBUG org.asynchttpclient.netty.channel.DefaultChannelPool - Entry count for : http://localhost:54932 : 1
screen shot class not taking
  Then Display Error responseCompany Name is required            # StepDefination.Customer_onboarding.customerNot_added(java.lang.String)
22:43:13.614 [AsyncHttpClient-1-22] DEBUG org.asynchttpclient.netty.handler.WebSocketHandler - Channel Closed: [id: 0x4033bb08, L:/127.0.0.1:54941 ! R:localhost/127.0.0.1:54932] with attribute DISCARD
22:43:13.614 [Driver Command Executor] DEBUG org.asynchttpclient.netty.request.NettyRequestSender - Using pooled Channel '[id: 0x4ee91ec4, L:/127.0.0.1:54931 - R:localhost/127.0.0.1:41986]' for 'DELETE' to 'http://localhost:41986/session/a13d0e96e012170a8dd8fd03df852b64'
22:43:13.614 [Driver Command Executor] DEBUG org.asynchttpclient.netty.request.NettyRequestSender - Using open Channel [id: 0x4ee91ec4, L:/127.0.0.1:54931 - R:localhost/127.0.0.1:41986] for DELETE '/session/a13d0e96e012170a8dd8fd03df852b64'
22:43:13.720 [AsyncHttpClient-1-21] DEBUG org.asynchttpclient.netty.handler.HttpHandler - Unexpected I/O exception on channel [id: 0x4bc22d22, L:/127.0.0.1:54940 - R:localhost/127.0.0.1:54932]
java.net.SocketException: Connection reset
	at java.base/sun.nio.ch.SocketChannelImpl.throwConnectionReset(SocketChannelImpl.java:394)
	at java.base/sun.nio.ch.SocketChannelImpl.read(SocketChannelImpl.java:426)
	at io.netty.buffer.PooledByteBuf.setBytes(PooledByteBuf.java:254)
	at io.netty.buffer.AbstractByteBuf.writeBytes(AbstractByteBuf.java:1132)
	at io.netty.channel.socket.nio.NioSocketChannel.doReadBytes(NioSocketChannel.java:357)
	at io.netty.channel.nio.AbstractNioByteChannel$NioByteUnsafe.read(AbstractNioByteChannel.java:151)
	at io.netty.channel.nio.NioEventLoop.processSelectedKey(NioEventLoop.java:788)
	at io.netty.channel.nio.NioEventLoop.processSelectedKeysOptimized(NioEventLoop.java:724)
	at io.netty.channel.nio.NioEventLoop.processSelectedKeys(NioEventLoop.java:650)
	at io.netty.channel.nio.NioEventLoop.run(NioEventLoop.java:562)
	at io.netty.util.concurrent.SingleThreadEventExecutor$4.run(SingleThreadEventExecutor.java:997)
	at io.netty.util.internal.ThreadExecutorMap$2.run(ThreadExecutorMap.java:74)
	at io.netty.util.concurrent.FastThreadLocalRunnable.run(FastThreadLocalRunnable.java:30)
	at java.base/java.lang.Thread.run(Thread.java:840)
22:43:13.720 [AsyncHttpClient-1-21] DEBUG org.asynchttpclient.netty.channel.ChannelManager - Closing Channel [id: 0x4bc22d22, L:/127.0.0.1:54940 - R:localhost/127.0.0.1:54932] 
22:43:13.720 [AsyncHttpClient-1-21] DEBUG org.asynchttpclient.netty.handler.HttpHandler - Channel Closed: [id: 0x4bc22d22, L:/127.0.0.1:54940 ! R:localhost/127.0.0.1:54932] with attribute DISCARD
22:43:13.784 [AsyncHttpClient-1-20] DEBUG org.asynchttpclient.netty.handler.HttpHandler - 

Request DefaultFullHttpRequest(decodeResult: success, version: HTTP/1.1, content: EmptyByteBufBE)
DELETE /session/a13d0e96e012170a8dd8fd03df852b64 HTTP/1.1
User-Agent: selenium/4.12.0 (java windows)
Content-Type: application/json; charset=utf-8
host: localhost:41986
accept: */*

Response DefaultHttpResponse(decodeResult: success, version: HTTP/1.1)
HTTP/1.1 200 OK
Content-Length: 14
Content-Type: application/json; charset=utf-8
cache-control: no-cache

22:43:13.784 [AsyncHttpClient-1-20] DEBUG org.asynchttpclient.netty.channel.ChannelManager - Adding key: http://localhost:41986 for channel [id: 0x4ee91ec4, L:/127.0.0.1:54931 - R:localhost/127.0.0.1:41986]
22:43:14.375 [AsyncHttpClient-1-20] DEBUG org.asynchttpclient.netty.handler.HttpHandler - Channel Closed: [id: 0x4ee91ec4, L:/127.0.0.1:54931 ! R:localhost/127.0.0.1:41986] with attribute DISCARD
22:43:14.391 [AsyncHttpClient-1-1] DEBUG org.asynchttpclient.netty.channel.DefaultChannelPool - Entry count for : http://localhost:41986 : 1
22:43:14.391 [AsyncHttpClient-1-1] DEBUG org.asynchttpclient.netty.channel.DefaultChannelPool - Entry count for : http://localhost:54932 : 1
22:43:14.391 [AsyncHttpClient-1-1] DEBUG org.asynchttpclient.netty.channel.DefaultChannelPool - Adding Candidate expired Channel [id: 0x4ee91ec4, L:/127.0.0.1:54931 ! R:localhost/127.0.0.1:41986] isIdleTimeoutExpired=false isRemotelyClosed=true isTtlExpired=false
22:43:14.391 [AsyncHttpClient-1-1] DEBUG org.asynchttpclient.netty.channel.DefaultChannelPool - Closing Idle Channel [id: 0x4ee91ec4, L:/127.0.0.1:54931 ! R:localhost/127.0.0.1:41986]
22:43:14.391 [AsyncHttpClient-1-1] DEBUG org.asynchttpclient.netty.channel.DefaultChannelPool - Adding Candidate expired Channel [id: 0x4bc22d22, L:/127.0.0.1:54940 ! R:localhost/127.0.0.1:54932] isIdleTimeoutExpired=false isRemotelyClosed=true isTtlExpired=false
22:43:14.391 [AsyncHttpClient-1-1] DEBUG org.asynchttpclient.netty.channel.DefaultChannelPool - Closing Idle Channel [id: 0x4bc22d22, L:/127.0.0.1:54940 ! R:localhost/127.0.0.1:54932]
22:43:14.391 [AsyncHttpClient-1-1] DEBUG org.asynchttpclient.netty.channel.DefaultChannelPool - Closed 2 connections out of 2 in 0 ms
  And Close_Window                                               # StepDefination.Customer_onboarding.close_window()
WebDriver is null. Nothing to close.
]]></system-out>
    <system-err><![CDATA[Jan 18, 2025 10:42:54 PM org.openqa.selenium.devtools.CdpVersionFinder findNearestMatch
WARNING: Unable to find CDP implementation matching 131
Jan 18, 2025 10:42:54 PM org.openqa.selenium.chromium.ChromiumDriver lambda$new$5
WARNING: Unable to find version of CDP to use for 131.0.6778.265. You may need to include a dependency on a specific version of the CDP using something similar to `org.seleniumhq.selenium:selenium-devtools-v86:4.12.0` where the version ("v86") matches the version of the chromium-based browser you're using and the version number of the artifact is the same as Selenium's.
]]></system-err>
  </testcase>
  <testcase name="Add customer without Address" classname="Customer Onboarding form for Broker" time="23.261">
    <system-out><![CDATA[
Scenario Outline: Add customer without Address                # src/test/resources/Customers/Customer_form.feature:66
22:43:14.794 [AsyncHttpClient-1-23] DEBUG org.asynchttpclient.netty.channel.NettyConnectListener - Using new Channel '[id: 0x67a80d21, L:/127.0.0.1:54978 - R:localhost/127.0.0.1:25363]' for 'POST' to '/session'
22:43:16.184 [AsyncHttpClient-1-23] DEBUG org.asynchttpclient.netty.handler.HttpHandler - 

Request DefaultHttpRequest(decodeResult: success, version: HTTP/1.1)
POST /session HTTP/1.1
User-Agent: selenium/4.12.0 (java windows)
Content-Length: 254
Content-Type: application/json; charset=utf-8
host: localhost:25363
accept: */*

Response DefaultHttpResponse(decodeResult: success, version: HTTP/1.1)
HTTP/1.1 200 OK
Content-Length: 887
Content-Type: application/json; charset=utf-8
cache-control: no-cache

22:43:16.184 [AsyncHttpClient-1-23] DEBUG org.asynchttpclient.netty.channel.ChannelManager - Adding key: http://localhost:25363 for channel [id: 0x67a80d21, L:/127.0.0.1:54978 - R:localhost/127.0.0.1:25363]
22:43:16.201 [AsyncHttpClient-1-24] DEBUG org.asynchttpclient.netty.channel.NettyConnectListener - Using new Channel '[id: 0xead3d56a, L:/127.0.0.1:54987 - R:localhost/127.0.0.1:54979]' for 'GET' to '/json/version'
22:43:16.209 [AsyncHttpClient-1-24] DEBUG org.asynchttpclient.netty.handler.HttpHandler - 

Request DefaultFullHttpRequest(decodeResult: success, version: HTTP/1.1, content: EmptyByteBufBE)
GET /json/version HTTP/1.1
User-Agent: selenium/4.12.0 (java windows)
host: localhost:54979
accept: */*

Response DefaultHttpResponse(decodeResult: success, version: HTTP/1.1)
HTTP/1.1 200 OK
Content-Security-Policy: frame-ancestors 'none'
Content-Length: 424
Content-Type: application/json; charset=UTF-8

22:43:16.209 [AsyncHttpClient-1-24] DEBUG org.asynchttpclient.netty.channel.ChannelManager - Adding key: http://localhost:54979 for channel [id: 0xead3d56a, L:/127.0.0.1:54987 - R:localhost/127.0.0.1:54979]
22:43:16.209 [AsyncHttpClient-1-25] DEBUG org.asynchttpclient.netty.channel.NettyConnectListener - Using new Channel '[id: 0xb7f6785e, L:/127.0.0.1:54988 - R:localhost/127.0.0.1:54979]' for 'GET' to '/devtools/browser/8722cfc6-d51a-4da6-b393-4681c5e1af64'
22:43:16.217 [AsyncHttpClient-1-25] DEBUG org.asynchttpclient.netty.handler.WebSocketHandler - 

Request DefaultFullHttpRequest(decodeResult: success, version: HTTP/1.1, content: EmptyByteBufBE)
GET /devtools/browser/8722cfc6-d51a-4da6-b393-4681c5e1af64 HTTP/1.1
upgrade: websocket
connection: upgrade
sec-websocket-key: 565D5rd2PWmU0zvbsEf4EA==
sec-websocket-version: 13
origin: http://localhost:54979
host: localhost:54979
accept: */*
user-agent: AHC/2.1

Response DefaultHttpResponse(decodeResult: success, version: HTTP/1.1)
HTTP/1.1 101 WebSocket Protocol Handshake
Upgrade: WebSocket
Connection: Upgrade
Sec-WebSocket-Accept: dOLacfrfS1aw1JPsM2OdzpkzTjE=

22:43:16.225 [Forwarding get on session 044a79a01677a990a4041325ca711b64 to remote] DEBUG org.asynchttpclient.netty.request.NettyRequestSender - Using pooled Channel '[id: 0x67a80d21, L:/127.0.0.1:54978 - R:localhost/127.0.0.1:25363]' for 'POST' to 'http://localhost:25363/session/044a79a01677a990a4041325ca711b64/url'
22:43:16.225 [Forwarding get on session 044a79a01677a990a4041325ca711b64 to remote] DEBUG org.asynchttpclient.netty.request.NettyRequestSender - Using open Channel [id: 0x67a80d21, L:/127.0.0.1:54978 - R:localhost/127.0.0.1:25363] for POST '/session/044a79a01677a990a4041325ca711b64/url'
22:43:16.586 [AsyncHttpClient-1-1] DEBUG org.asynchttpclient.netty.channel.DefaultChannelPool - Entry count for : http://localhost:54979 : 1
22:43:17.695 [AsyncHttpClient-1-1] DEBUG org.asynchttpclient.netty.channel.DefaultChannelPool - Entry count for : http://localhost:54979 : 1
22:43:18.401 [AsyncHttpClient-1-23] DEBUG org.asynchttpclient.netty.handler.HttpHandler - 

Request DefaultHttpRequest(decodeResult: success, version: HTTP/1.1)
POST /session/044a79a01677a990a4041325ca711b64/url HTTP/1.1
User-Agent: selenium/4.12.0 (java windows)
Content-Length: 92
Content-Type: application/json; charset=utf-8
host: localhost:25363
accept: */*

Response DefaultHttpResponse(decodeResult: success, version: HTTP/1.1)
HTTP/1.1 200 OK
Content-Length: 14
Content-Type: application/json; charset=utf-8
cache-control: no-cache

22:43:18.401 [AsyncHttpClient-1-23] DEBUG org.asynchttpclient.netty.channel.ChannelManager - Adding key: http://localhost:25363 for channel [id: 0x67a80d21, L:/127.0.0.1:54978 - R:localhost/127.0.0.1:25363]
22:43:18.401 [Forwarding maximizeCurrentWindow on session 044a79a01677a990a4041325ca711b64 to remote] DEBUG org.asynchttpclient.netty.request.NettyRequestSender - Using pooled Channel '[id: 0x67a80d21, L:/127.0.0.1:54978 - R:localhost/127.0.0.1:25363]' for 'POST' to 'http://localhost:25363/session/044a79a01677a990a4041325ca711b64/window/maximize'
22:43:18.401 [Forwarding maximizeCurrentWindow on session 044a79a01677a990a4041325ca711b64 to remote] DEBUG org.asynchttpclient.netty.request.NettyRequestSender - Using open Channel [id: 0x67a80d21, L:/127.0.0.1:54978 - R:localhost/127.0.0.1:25363] for POST '/session/044a79a01677a990a4041325ca711b64/window/maximize'
22:43:18.449 [AsyncHttpClient-1-23] DEBUG org.asynchttpclient.netty.handler.HttpHandler - 

Request DefaultHttpRequest(decodeResult: success, version: HTTP/1.1)
POST /session/044a79a01677a990a4041325ca711b64/window/maximize HTTP/1.1
User-Agent: selenium/4.12.0 (java windows)
Content-Length: 3
Content-Type: application/json; charset=utf-8
host: localhost:25363
accept: */*

Response DefaultHttpResponse(decodeResult: success, version: HTTP/1.1)
HTTP/1.1 200 OK
Content-Length: 51
Content-Type: application/json; charset=utf-8
cache-control: no-cache

22:43:18.457 [AsyncHttpClient-1-23] DEBUG org.asynchttpclient.netty.channel.ChannelManager - Adding key: http://localhost:25363 for channel [id: 0x67a80d21, L:/127.0.0.1:54978 - R:localhost/127.0.0.1:25363]
22:43:18.457 [Forwarding findElement on session 044a79a01677a990a4041325ca711b64 to remote] DEBUG org.asynchttpclient.netty.request.NettyRequestSender - Using pooled Channel '[id: 0x67a80d21, L:/127.0.0.1:54978 - R:localhost/127.0.0.1:25363]' for 'POST' to 'http://localhost:25363/session/044a79a01677a990a4041325ca711b64/element'
22:43:18.457 [Forwarding findElement on session 044a79a01677a990a4041325ca711b64 to remote] DEBUG org.asynchttpclient.netty.request.NettyRequestSender - Using open Channel [id: 0x67a80d21, L:/127.0.0.1:54978 - R:localhost/127.0.0.1:25363] for POST '/session/044a79a01677a990a4041325ca711b64/element'
22:43:18.506 [AsyncHttpClient-1-23] DEBUG org.asynchttpclient.netty.handler.HttpHandler - 

Request DefaultHttpRequest(decodeResult: success, version: HTTP/1.1)
POST /session/044a79a01677a990a4041325ca711b64/element HTTP/1.1
User-Agent: selenium/4.12.0 (java windows)
Content-Length: 69
Content-Type: application/json; charset=utf-8
host: localhost:25363
accept: */*

Response DefaultHttpResponse(decodeResult: success, version: HTTP/1.1)
HTTP/1.1 200 OK
Content-Length: 125
Content-Type: application/json; charset=utf-8
cache-control: no-cache

22:43:18.506 [AsyncHttpClient-1-23] DEBUG org.asynchttpclient.netty.channel.ChannelManager - Adding key: http://localhost:25363 for channel [id: 0x67a80d21, L:/127.0.0.1:54978 - R:localhost/127.0.0.1:25363]
22:43:18.506 [Forwarding sendKeysToElement on session 044a79a01677a990a4041325ca711b64 to remote] DEBUG org.asynchttpclient.netty.request.NettyRequestSender - Using pooled Channel '[id: 0x67a80d21, L:/127.0.0.1:54978 - R:localhost/127.0.0.1:25363]' for 'POST' to 'http://localhost:25363/session/044a79a01677a990a4041325ca711b64/element/f.6537AEF856898C4DA139069718471423.d.6D69473ECF771C63148D90F5C9C32413.e.4/value'
22:43:18.514 [Forwarding sendKeysToElement on session 044a79a01677a990a4041325ca711b64 to remote] DEBUG org.asynchttpclient.netty.request.NettyRequestSender - Using open Channel [id: 0x67a80d21, L:/127.0.0.1:54978 - R:localhost/127.0.0.1:25363] for POST '/session/044a79a01677a990a4041325ca711b64/element/f.6537AEF856898C4DA139069718471423.d.6D69473ECF771C63148D90F5C9C32413.e.4/value'
22:43:18.783 [AsyncHttpClient-1-1] DEBUG org.asynchttpclient.netty.channel.DefaultChannelPool - Entry count for : http://localhost:54979 : 1
22:43:18.841 [AsyncHttpClient-1-23] DEBUG org.asynchttpclient.netty.handler.HttpHandler - 

Request DefaultHttpRequest(decodeResult: success, version: HTTP/1.1)
POST /session/044a79a01677a990a4041325ca711b64/element/f.6537AEF856898C4DA139069718471423.d.6D69473ECF771C63148D90F5C9C32413.e.4/value HTTP/1.1
User-Agent: selenium/4.12.0 (java windows)
Content-Length: 338
Content-Type: application/json; charset=utf-8
host: localhost:25363
accept: */*

Response DefaultHttpResponse(decodeResult: success, version: HTTP/1.1)
HTTP/1.1 200 OK
Content-Length: 14
Content-Type: application/json; charset=utf-8
cache-control: no-cache

22:43:18.841 [AsyncHttpClient-1-23] DEBUG org.asynchttpclient.netty.channel.ChannelManager - Adding key: http://localhost:25363 for channel [id: 0x67a80d21, L:/127.0.0.1:54978 - R:localhost/127.0.0.1:25363]
22:43:18.841 [Forwarding findElement on session 044a79a01677a990a4041325ca711b64 to remote] DEBUG org.asynchttpclient.netty.request.NettyRequestSender - Using pooled Channel '[id: 0x67a80d21, L:/127.0.0.1:54978 - R:localhost/127.0.0.1:25363]' for 'POST' to 'http://localhost:25363/session/044a79a01677a990a4041325ca711b64/element'
22:43:18.841 [Forwarding findElement on session 044a79a01677a990a4041325ca711b64 to remote] DEBUG org.asynchttpclient.netty.request.NettyRequestSender - Using open Channel [id: 0x67a80d21, L:/127.0.0.1:54978 - R:localhost/127.0.0.1:25363] for POST '/session/044a79a01677a990a4041325ca711b64/element'
22:43:18.854 [AsyncHttpClient-1-23] DEBUG org.asynchttpclient.netty.handler.HttpHandler - 

Request DefaultHttpRequest(decodeResult: success, version: HTTP/1.1)
POST /session/044a79a01677a990a4041325ca711b64/element HTTP/1.1
User-Agent: selenium/4.12.0 (java windows)
Content-Length: 72
Content-Type: application/json; charset=utf-8
host: localhost:25363
accept: */*

Response DefaultHttpResponse(decodeResult: success, version: HTTP/1.1)
HTTP/1.1 200 OK
Content-Length: 125
Content-Type: application/json; charset=utf-8
cache-control: no-cache

22:43:18.854 [AsyncHttpClient-1-23] DEBUG org.asynchttpclient.netty.channel.ChannelManager - Adding key: http://localhost:25363 for channel [id: 0x67a80d21, L:/127.0.0.1:54978 - R:localhost/127.0.0.1:25363]
22:43:18.856 [Forwarding sendKeysToElement on session 044a79a01677a990a4041325ca711b64 to remote] DEBUG org.asynchttpclient.netty.request.NettyRequestSender - Using pooled Channel '[id: 0x67a80d21, L:/127.0.0.1:54978 - R:localhost/127.0.0.1:25363]' for 'POST' to 'http://localhost:25363/session/044a79a01677a990a4041325ca711b64/element/f.6537AEF856898C4DA139069718471423.d.6D69473ECF771C63148D90F5C9C32413.e.6/value'
22:43:18.856 [Forwarding sendKeysToElement on session 044a79a01677a990a4041325ca711b64 to remote] DEBUG org.asynchttpclient.netty.request.NettyRequestSender - Using open Channel [id: 0x67a80d21, L:/127.0.0.1:54978 - R:localhost/127.0.0.1:25363] for POST '/session/044a79a01677a990a4041325ca711b64/element/f.6537AEF856898C4DA139069718471423.d.6D69473ECF771C63148D90F5C9C32413.e.6/value'
22:43:19.092 [AsyncHttpClient-1-23] DEBUG org.asynchttpclient.netty.handler.HttpHandler - 

Request DefaultHttpRequest(decodeResult: success, version: HTTP/1.1)
POST /session/044a79a01677a990a4041325ca711b64/element/f.6537AEF856898C4DA139069718471423.d.6D69473ECF771C63148D90F5C9C32413.e.6/value HTTP/1.1
User-Agent: selenium/4.12.0 (java windows)
Content-Length: 208
Content-Type: application/json; charset=utf-8
host: localhost:25363
accept: */*

Response DefaultHttpResponse(decodeResult: success, version: HTTP/1.1)
HTTP/1.1 200 OK
Content-Length: 14
Content-Type: application/json; charset=utf-8
cache-control: no-cache

22:43:19.092 [AsyncHttpClient-1-23] DEBUG org.asynchttpclient.netty.channel.ChannelManager - Adding key: http://localhost:25363 for channel [id: 0x67a80d21, L:/127.0.0.1:54978 - R:localhost/127.0.0.1:25363]
22:43:19.093 [Forwarding findElement on session 044a79a01677a990a4041325ca711b64 to remote] DEBUG org.asynchttpclient.netty.request.NettyRequestSender - Using pooled Channel '[id: 0x67a80d21, L:/127.0.0.1:54978 - R:localhost/127.0.0.1:25363]' for 'POST' to 'http://localhost:25363/session/044a79a01677a990a4041325ca711b64/element'
22:43:19.093 [Forwarding findElement on session 044a79a01677a990a4041325ca711b64 to remote] DEBUG org.asynchttpclient.netty.request.NettyRequestSender - Using open Channel [id: 0x67a80d21, L:/127.0.0.1:54978 - R:localhost/127.0.0.1:25363] for POST '/session/044a79a01677a990a4041325ca711b64/element'
22:43:19.116 [AsyncHttpClient-1-23] DEBUG org.asynchttpclient.netty.handler.HttpHandler - 

Request DefaultHttpRequest(decodeResult: success, version: HTTP/1.1)
POST /session/044a79a01677a990a4041325ca711b64/element HTTP/1.1
User-Agent: selenium/4.12.0 (java windows)
Content-Length: 73
Content-Type: application/json; charset=utf-8
host: localhost:25363
accept: */*

Response DefaultHttpResponse(decodeResult: success, version: HTTP/1.1)
HTTP/1.1 200 OK
Content-Length: 125
Content-Type: application/json; charset=utf-8
cache-control: no-cache

22:43:19.116 [AsyncHttpClient-1-23] DEBUG org.asynchttpclient.netty.channel.ChannelManager - Adding key: http://localhost:25363 for channel [id: 0x67a80d21, L:/127.0.0.1:54978 - R:localhost/127.0.0.1:25363]
22:43:19.118 [Forwarding clickElement on session 044a79a01677a990a4041325ca711b64 to remote] DEBUG org.asynchttpclient.netty.request.NettyRequestSender - Using pooled Channel '[id: 0x67a80d21, L:/127.0.0.1:54978 - R:localhost/127.0.0.1:25363]' for 'POST' to 'http://localhost:25363/session/044a79a01677a990a4041325ca711b64/element/f.6537AEF856898C4DA139069718471423.d.6D69473ECF771C63148D90F5C9C32413.e.8/click'
22:43:19.118 [Forwarding clickElement on session 044a79a01677a990a4041325ca711b64 to remote] DEBUG org.asynchttpclient.netty.request.NettyRequestSender - Using open Channel [id: 0x67a80d21, L:/127.0.0.1:54978 - R:localhost/127.0.0.1:25363] for POST '/session/044a79a01677a990a4041325ca711b64/element/f.6537AEF856898C4DA139069718471423.d.6D69473ECF771C63148D90F5C9C32413.e.8/click'
22:43:19.322 [AsyncHttpClient-1-23] DEBUG org.asynchttpclient.netty.handler.HttpHandler - 

Request DefaultHttpRequest(decodeResult: success, version: HTTP/1.1)
POST /session/044a79a01677a990a4041325ca711b64/element/f.6537AEF856898C4DA139069718471423.d.6D69473ECF771C63148D90F5C9C32413.e.8/click HTTP/1.1
User-Agent: selenium/4.12.0 (java windows)
Content-Length: 87
Content-Type: application/json; charset=utf-8
host: localhost:25363
accept: */*

Response DefaultHttpResponse(decodeResult: success, version: HTTP/1.1)
HTTP/1.1 200 OK
Content-Length: 14
Content-Type: application/json; charset=utf-8
cache-control: no-cache

22:43:19.322 [AsyncHttpClient-1-23] DEBUG org.asynchttpclient.netty.channel.ChannelManager - Adding key: http://localhost:25363 for channel [id: 0x67a80d21, L:/127.0.0.1:54978 - R:localhost/127.0.0.1:25363]
22:43:19.881 [AsyncHttpClient-1-1] DEBUG org.asynchttpclient.netty.channel.DefaultChannelPool - Entry count for : http://localhost:54979 : 1
22:43:19.881 [AsyncHttpClient-1-1] DEBUG org.asynchttpclient.netty.channel.DefaultChannelPool - Entry count for : http://localhost:25363 : 1
22:43:20.986 [AsyncHttpClient-1-1] DEBUG org.asynchttpclient.netty.channel.DefaultChannelPool - Entry count for : http://localhost:54979 : 1
22:43:20.986 [AsyncHttpClient-1-1] DEBUG org.asynchttpclient.netty.channel.DefaultChannelPool - Entry count for : http://localhost:25363 : 1
22:43:22.083 [AsyncHttpClient-1-1] DEBUG org.asynchttpclient.netty.channel.DefaultChannelPool - Entry count for : http://localhost:54979 : 1
22:43:22.083 [AsyncHttpClient-1-1] DEBUG org.asynchttpclient.netty.channel.DefaultChannelPool - Entry count for : http://localhost:25363 : 1
22:43:23.181 [AsyncHttpClient-1-1] DEBUG org.asynchttpclient.netty.channel.DefaultChannelPool - Entry count for : http://localhost:54979 : 1
22:43:23.181 [AsyncHttpClient-1-1] DEBUG org.asynchttpclient.netty.channel.DefaultChannelPool - Entry count for : http://localhost:25363 : 1
22:43:24.283 [AsyncHttpClient-1-1] DEBUG org.asynchttpclient.netty.channel.DefaultChannelPool - Entry count for : http://localhost:54979 : 1
22:43:24.283 [AsyncHttpClient-1-1] DEBUG org.asynchttpclient.netty.channel.DefaultChannelPool - Entry count for : http://localhost:25363 : 1
22:43:24.333 [Forwarding getCurrentUrl on session 044a79a01677a990a4041325ca711b64 to remote] DEBUG org.asynchttpclient.netty.request.NettyRequestSender - Using pooled Channel '[id: 0x67a80d21, L:/127.0.0.1:54978 - R:localhost/127.0.0.1:25363]' for 'GET' to 'http://localhost:25363/session/044a79a01677a990a4041325ca711b64/url'
22:43:24.333 [Forwarding getCurrentUrl on session 044a79a01677a990a4041325ca711b64 to remote] DEBUG org.asynchttpclient.netty.request.NettyRequestSender - Using open Channel [id: 0x67a80d21, L:/127.0.0.1:54978 - R:localhost/127.0.0.1:25363] for GET '/session/044a79a01677a990a4041325ca711b64/url'
22:43:24.342 [AsyncHttpClient-1-23] DEBUG org.asynchttpclient.netty.handler.HttpHandler - 

Request DefaultFullHttpRequest(decodeResult: success, version: HTTP/1.1, content: EmptyByteBufBE)
GET /session/044a79a01677a990a4041325ca711b64/url HTTP/1.1
Cache-Control: no-cache
User-Agent: selenium/4.12.0 (java windows)
Content-Type: application/json; charset=utf-8
host: localhost:25363
accept: */*

Response DefaultHttpResponse(decodeResult: success, version: HTTP/1.1)
HTTP/1.1 200 OK
Content-Length: 69
Content-Type: application/json; charset=utf-8
cache-control: no-cache

22:43:24.342 [AsyncHttpClient-1-23] DEBUG org.asynchttpclient.netty.channel.ChannelManager - Adding key: http://localhost:25363 for channel [id: 0x67a80d21, L:/127.0.0.1:54978 - R:localhost/127.0.0.1:25363]
https://fleet-manager-development.vercel.app/auth/sign-in
22:43:24.342 [Forwarding findElement on session 044a79a01677a990a4041325ca711b64 to remote] DEBUG org.asynchttpclient.netty.request.NettyRequestSender - Using pooled Channel '[id: 0x67a80d21, L:/127.0.0.1:54978 - R:localhost/127.0.0.1:25363]' for 'POST' to 'http://localhost:25363/session/044a79a01677a990a4041325ca711b64/element'
22:43:24.342 [Forwarding findElement on session 044a79a01677a990a4041325ca711b64 to remote] DEBUG org.asynchttpclient.netty.request.NettyRequestSender - Using open Channel [id: 0x67a80d21, L:/127.0.0.1:54978 - R:localhost/127.0.0.1:25363] for POST '/session/044a79a01677a990a4041325ca711b64/element'
22:43:24.367 [AsyncHttpClient-1-23] DEBUG org.asynchttpclient.netty.handler.HttpHandler - 

Request DefaultHttpRequest(decodeResult: success, version: HTTP/1.1)
POST /session/044a79a01677a990a4041325ca711b64/element HTTP/1.1
User-Agent: selenium/4.12.0 (java windows)
Content-Length: 66
Content-Type: application/json; charset=utf-8
host: localhost:25363
accept: */*

Response DefaultHttpResponse(decodeResult: success, version: HTTP/1.1)
HTTP/1.1 200 OK
Content-Length: 126
Content-Type: application/json; charset=utf-8
cache-control: no-cache

22:43:24.367 [AsyncHttpClient-1-23] DEBUG org.asynchttpclient.netty.channel.ChannelManager - Adding key: http://localhost:25363 for channel [id: 0x67a80d21, L:/127.0.0.1:54978 - R:localhost/127.0.0.1:25363]
22:43:24.367 [Forwarding isElementDisplayed on session 044a79a01677a990a4041325ca711b64 to remote] DEBUG org.asynchttpclient.netty.request.NettyRequestSender - Using pooled Channel '[id: 0x67a80d21, L:/127.0.0.1:54978 - R:localhost/127.0.0.1:25363]' for 'POST' to 'http://localhost:25363/session/044a79a01677a990a4041325ca711b64/execute/sync'
22:43:24.367 [Forwarding isElementDisplayed on session 044a79a01677a990a4041325ca711b64 to remote] DEBUG org.asynchttpclient.netty.request.NettyRequestSender - Using open Channel [id: 0x67a80d21, L:/127.0.0.1:54978 - R:localhost/127.0.0.1:25363] for POST '/session/044a79a01677a990a4041325ca711b64/execute/sync'
22:43:24.392 [AsyncHttpClient-1-23] DEBUG org.asynchttpclient.netty.handler.HttpHandler - 

Request DefaultHttpRequest(decodeResult: success, version: HTTP/1.1)
POST /session/044a79a01677a990a4041325ca711b64/execute/sync HTTP/1.1
User-Agent: selenium/4.12.0 (java windows)
Content-Length: 48734
Content-Type: application/json; charset=utf-8
host: localhost:25363
accept: */*

Response DefaultHttpResponse(decodeResult: success, version: HTTP/1.1)
HTTP/1.1 200 OK
Content-Length: 14
Content-Type: application/json; charset=utf-8
cache-control: no-cache

22:43:24.392 [AsyncHttpClient-1-23] DEBUG org.asynchttpclient.netty.channel.ChannelManager - Adding key: http://localhost:25363 for channel [id: 0x67a80d21, L:/127.0.0.1:54978 - R:localhost/127.0.0.1:25363]
22:43:24.392 [Forwarding findElement on session 044a79a01677a990a4041325ca711b64 to remote] DEBUG org.asynchttpclient.netty.request.NettyRequestSender - Using pooled Channel '[id: 0x67a80d21, L:/127.0.0.1:54978 - R:localhost/127.0.0.1:25363]' for 'POST' to 'http://localhost:25363/session/044a79a01677a990a4041325ca711b64/element'
22:43:24.392 [Forwarding findElement on session 044a79a01677a990a4041325ca711b64 to remote] DEBUG org.asynchttpclient.netty.request.NettyRequestSender - Using open Channel [id: 0x67a80d21, L:/127.0.0.1:54978 - R:localhost/127.0.0.1:25363] for POST '/session/044a79a01677a990a4041325ca711b64/element'
22:43:24.408 [AsyncHttpClient-1-23] DEBUG org.asynchttpclient.netty.handler.HttpHandler - 

Request DefaultHttpRequest(decodeResult: success, version: HTTP/1.1)
POST /session/044a79a01677a990a4041325ca711b64/element HTTP/1.1
User-Agent: selenium/4.12.0 (java windows)
Content-Length: 66
Content-Type: application/json; charset=utf-8
host: localhost:25363
accept: */*

Response DefaultHttpResponse(decodeResult: success, version: HTTP/1.1)
HTTP/1.1 200 OK
Content-Length: 126
Content-Type: application/json; charset=utf-8
cache-control: no-cache

22:43:24.408 [AsyncHttpClient-1-23] DEBUG org.asynchttpclient.netty.channel.ChannelManager - Adding key: http://localhost:25363 for channel [id: 0x67a80d21, L:/127.0.0.1:54978 - R:localhost/127.0.0.1:25363]
22:43:24.408 [Forwarding getElementText on session 044a79a01677a990a4041325ca711b64 to remote] DEBUG org.asynchttpclient.netty.request.NettyRequestSender - Using pooled Channel '[id: 0x67a80d21, L:/127.0.0.1:54978 - R:localhost/127.0.0.1:25363]' for 'GET' to 'http://localhost:25363/session/044a79a01677a990a4041325ca711b64/element/f.6537AEF856898C4DA139069718471423.d.6D69473ECF771C63148D90F5C9C32413.e.19/text'
22:43:24.408 [Forwarding getElementText on session 044a79a01677a990a4041325ca711b64 to remote] DEBUG org.asynchttpclient.netty.request.NettyRequestSender - Using open Channel [id: 0x67a80d21, L:/127.0.0.1:54978 - R:localhost/127.0.0.1:25363] for GET '/session/044a79a01677a990a4041325ca711b64/element/f.6537AEF856898C4DA139069718471423.d.6D69473ECF771C63148D90F5C9C32413.e.19/text'
22:43:24.435 [AsyncHttpClient-1-23] DEBUG org.asynchttpclient.netty.handler.HttpHandler - 

Request DefaultFullHttpRequest(decodeResult: success, version: HTTP/1.1, content: EmptyByteBufBE)
GET /session/044a79a01677a990a4041325ca711b64/element/f.6537AEF856898C4DA139069718471423.d.6D69473ECF771C63148D90F5C9C32413.e.19/text HTTP/1.1
Cache-Control: no-cache
User-Agent: selenium/4.12.0 (java windows)
Content-Type: application/json; charset=utf-8
host: localhost:25363
accept: */*

Response DefaultHttpResponse(decodeResult: success, version: HTTP/1.1)
HTTP/1.1 200 OK
Content-Length: 33
Content-Type: application/json; charset=utf-8
cache-control: no-cache

22:43:24.437 [AsyncHttpClient-1-23] DEBUG org.asynchttpclient.netty.channel.ChannelManager - Adding key: http://localhost:25363 for channel [id: 0x67a80d21, L:/127.0.0.1:54978 - R:localhost/127.0.0.1:25363]
22:43:24.437 [Forwarding findElement on session 044a79a01677a990a4041325ca711b64 to remote] DEBUG org.asynchttpclient.netty.request.NettyRequestSender - Using pooled Channel '[id: 0x67a80d21, L:/127.0.0.1:54978 - R:localhost/127.0.0.1:25363]' for 'POST' to 'http://localhost:25363/session/044a79a01677a990a4041325ca711b64/element'
22:43:24.437 [Forwarding findElement on session 044a79a01677a990a4041325ca711b64 to remote] DEBUG org.asynchttpclient.netty.request.NettyRequestSender - Using open Channel [id: 0x67a80d21, L:/127.0.0.1:54978 - R:localhost/127.0.0.1:25363] for POST '/session/044a79a01677a990a4041325ca711b64/element'
22:43:24.449 [AsyncHttpClient-1-23] DEBUG org.asynchttpclient.netty.handler.HttpHandler - 

Request DefaultHttpRequest(decodeResult: success, version: HTTP/1.1)
POST /session/044a79a01677a990a4041325ca711b64/element HTTP/1.1
User-Agent: selenium/4.12.0 (java windows)
Content-Length: 74
Content-Type: application/json; charset=utf-8
host: localhost:25363
accept: */*

Response DefaultHttpResponse(decodeResult: success, version: HTTP/1.1)
HTTP/1.1 200 OK
Content-Length: 126
Content-Type: application/json; charset=utf-8
cache-control: no-cache

22:43:24.449 [AsyncHttpClient-1-23] DEBUG org.asynchttpclient.netty.channel.ChannelManager - Adding key: http://localhost:25363 for channel [id: 0x67a80d21, L:/127.0.0.1:54978 - R:localhost/127.0.0.1:25363]
22:43:24.449 [Forwarding clickElement on session 044a79a01677a990a4041325ca711b64 to remote] DEBUG org.asynchttpclient.netty.request.NettyRequestSender - Using pooled Channel '[id: 0x67a80d21, L:/127.0.0.1:54978 - R:localhost/127.0.0.1:25363]' for 'POST' to 'http://localhost:25363/session/044a79a01677a990a4041325ca711b64/element/f.6537AEF856898C4DA139069718471423.d.6D69473ECF771C63148D90F5C9C32413.e.20/click'
22:43:24.449 [Forwarding clickElement on session 044a79a01677a990a4041325ca711b64 to remote] DEBUG org.asynchttpclient.netty.request.NettyRequestSender - Using open Channel [id: 0x67a80d21, L:/127.0.0.1:54978 - R:localhost/127.0.0.1:25363] for POST '/session/044a79a01677a990a4041325ca711b64/element/f.6537AEF856898C4DA139069718471423.d.6D69473ECF771C63148D90F5C9C32413.e.20/click'
22:43:24.568 [AsyncHttpClient-1-23] DEBUG org.asynchttpclient.netty.handler.HttpHandler - 

Request DefaultHttpRequest(decodeResult: success, version: HTTP/1.1)
POST /session/044a79a01677a990a4041325ca711b64/element/f.6537AEF856898C4DA139069718471423.d.6D69473ECF771C63148D90F5C9C32413.e.20/click HTTP/1.1
User-Agent: selenium/4.12.0 (java windows)
Content-Length: 88
Content-Type: application/json; charset=utf-8
host: localhost:25363
accept: */*

Response DefaultHttpResponse(decodeResult: success, version: HTTP/1.1)
HTTP/1.1 200 OK
Content-Length: 14
Content-Type: application/json; charset=utf-8
cache-control: no-cache

22:43:24.568 [AsyncHttpClient-1-23] DEBUG org.asynchttpclient.netty.channel.ChannelManager - Adding key: http://localhost:25363 for channel [id: 0x67a80d21, L:/127.0.0.1:54978 - R:localhost/127.0.0.1:25363]
22:43:25.383 [AsyncHttpClient-1-1] DEBUG org.asynchttpclient.netty.channel.DefaultChannelPool - Entry count for : http://localhost:54979 : 1
22:43:25.383 [AsyncHttpClient-1-1] DEBUG org.asynchttpclient.netty.channel.DefaultChannelPool - Entry count for : http://localhost:25363 : 1
22:43:26.487 [AsyncHttpClient-1-1] DEBUG org.asynchttpclient.netty.channel.DefaultChannelPool - Entry count for : http://localhost:54979 : 1
22:43:26.487 [AsyncHttpClient-1-1] DEBUG org.asynchttpclient.netty.channel.DefaultChannelPool - Entry count for : http://localhost:25363 : 1
22:43:27.581 [AsyncHttpClient-1-1] DEBUG org.asynchttpclient.netty.channel.DefaultChannelPool - Entry count for : http://localhost:54979 : 1
22:43:27.581 [AsyncHttpClient-1-1] DEBUG org.asynchttpclient.netty.channel.DefaultChannelPool - Entry count for : http://localhost:25363 : 1
screen shot class not taking
  Given I am on dashboardfokisaj290@edectus.com and Fleet@123 # StepDefination.Customer_onboarding.I_am_on_dashboard(java.lang.String,java.lang.String)
22:43:27.581 [Forwarding findElement on session 044a79a01677a990a4041325ca711b64 to remote] DEBUG org.asynchttpclient.netty.request.NettyRequestSender - Using pooled Channel '[id: 0x67a80d21, L:/127.0.0.1:54978 - R:localhost/127.0.0.1:25363]' for 'POST' to 'http://localhost:25363/session/044a79a01677a990a4041325ca711b64/element'
22:43:27.581 [Forwarding findElement on session 044a79a01677a990a4041325ca711b64 to remote] DEBUG org.asynchttpclient.netty.request.NettyRequestSender - Using open Channel [id: 0x67a80d21, L:/127.0.0.1:54978 - R:localhost/127.0.0.1:25363] for POST '/session/044a79a01677a990a4041325ca711b64/element'
22:43:27.902 [AsyncHttpClient-1-23] DEBUG org.asynchttpclient.netty.handler.HttpHandler - 

Request DefaultHttpRequest(decodeResult: success, version: HTTP/1.1)
POST /session/044a79a01677a990a4041325ca711b64/element HTTP/1.1
User-Agent: selenium/4.12.0 (java windows)
Content-Length: 127
Content-Type: application/json; charset=utf-8
host: localhost:25363
accept: */*

Response DefaultHttpResponse(decodeResult: success, version: HTTP/1.1)
HTTP/1.1 200 OK
Content-Length: 126
Content-Type: application/json; charset=utf-8
cache-control: no-cache

22:43:27.907 [AsyncHttpClient-1-23] DEBUG org.asynchttpclient.netty.channel.ChannelManager - Adding key: http://localhost:25363 for channel [id: 0x67a80d21, L:/127.0.0.1:54978 - R:localhost/127.0.0.1:25363]
22:43:27.907 [Forwarding getElementText on session 044a79a01677a990a4041325ca711b64 to remote] DEBUG org.asynchttpclient.netty.request.NettyRequestSender - Using pooled Channel '[id: 0x67a80d21, L:/127.0.0.1:54978 - R:localhost/127.0.0.1:25363]' for 'GET' to 'http://localhost:25363/session/044a79a01677a990a4041325ca711b64/element/f.6537AEF856898C4DA139069718471423.d.82E3AB80C92481778984955A055F330B.e.42/text'
22:43:27.907 [Forwarding getElementText on session 044a79a01677a990a4041325ca711b64 to remote] DEBUG org.asynchttpclient.netty.request.NettyRequestSender - Using open Channel [id: 0x67a80d21, L:/127.0.0.1:54978 - R:localhost/127.0.0.1:25363] for GET '/session/044a79a01677a990a4041325ca711b64/element/f.6537AEF856898C4DA139069718471423.d.82E3AB80C92481778984955A055F330B.e.42/text'
22:43:27.918 [AsyncHttpClient-1-23] DEBUG org.asynchttpclient.netty.handler.HttpHandler - 

Request DefaultFullHttpRequest(decodeResult: success, version: HTTP/1.1, content: EmptyByteBufBE)
GET /session/044a79a01677a990a4041325ca711b64/element/f.6537AEF856898C4DA139069718471423.d.82E3AB80C92481778984955A055F330B.e.42/text HTTP/1.1
Cache-Control: no-cache
User-Agent: selenium/4.12.0 (java windows)
Content-Type: application/json; charset=utf-8
host: localhost:25363
accept: */*

Response DefaultHttpResponse(decodeResult: success, version: HTTP/1.1)
HTTP/1.1 200 OK
Content-Length: 21
Content-Type: application/json; charset=utf-8
cache-control: no-cache

22:43:27.918 [AsyncHttpClient-1-23] DEBUG org.asynchttpclient.netty.channel.ChannelManager - Adding key: http://localhost:25363 for channel [id: 0x67a80d21, L:/127.0.0.1:54978 - R:localhost/127.0.0.1:25363]
22:43:27.918 [Forwarding findElement on session 044a79a01677a990a4041325ca711b64 to remote] DEBUG org.asynchttpclient.netty.request.NettyRequestSender - Using pooled Channel '[id: 0x67a80d21, L:/127.0.0.1:54978 - R:localhost/127.0.0.1:25363]' for 'POST' to 'http://localhost:25363/session/044a79a01677a990a4041325ca711b64/element'
22:43:27.918 [Forwarding findElement on session 044a79a01677a990a4041325ca711b64 to remote] DEBUG org.asynchttpclient.netty.request.NettyRequestSender - Using open Channel [id: 0x67a80d21, L:/127.0.0.1:54978 - R:localhost/127.0.0.1:25363] for POST '/session/044a79a01677a990a4041325ca711b64/element'
22:43:27.934 [AsyncHttpClient-1-23] DEBUG org.asynchttpclient.netty.handler.HttpHandler - 

Request DefaultHttpRequest(decodeResult: success, version: HTTP/1.1)
POST /session/044a79a01677a990a4041325ca711b64/element HTTP/1.1
User-Agent: selenium/4.12.0 (java windows)
Content-Length: 127
Content-Type: application/json; charset=utf-8
host: localhost:25363
accept: */*

Response DefaultHttpResponse(decodeResult: success, version: HTTP/1.1)
HTTP/1.1 200 OK
Content-Length: 126
Content-Type: application/json; charset=utf-8
cache-control: no-cache

22:43:27.934 [AsyncHttpClient-1-23] DEBUG org.asynchttpclient.netty.channel.ChannelManager - Adding key: http://localhost:25363 for channel [id: 0x67a80d21, L:/127.0.0.1:54978 - R:localhost/127.0.0.1:25363]
22:43:27.934 [Forwarding clickElement on session 044a79a01677a990a4041325ca711b64 to remote] DEBUG org.asynchttpclient.netty.request.NettyRequestSender - Using pooled Channel '[id: 0x67a80d21, L:/127.0.0.1:54978 - R:localhost/127.0.0.1:25363]' for 'POST' to 'http://localhost:25363/session/044a79a01677a990a4041325ca711b64/element/f.6537AEF856898C4DA139069718471423.d.82E3AB80C92481778984955A055F330B.e.42/click'
22:43:27.934 [Forwarding clickElement on session 044a79a01677a990a4041325ca711b64 to remote] DEBUG org.asynchttpclient.netty.request.NettyRequestSender - Using open Channel [id: 0x67a80d21, L:/127.0.0.1:54978 - R:localhost/127.0.0.1:25363] for POST '/session/044a79a01677a990a4041325ca711b64/element/f.6537AEF856898C4DA139069718471423.d.82E3AB80C92481778984955A055F330B.e.42/click'
22:43:28.102 [AsyncHttpClient-1-23] DEBUG org.asynchttpclient.netty.handler.HttpHandler - 

Request DefaultHttpRequest(decodeResult: success, version: HTTP/1.1)
POST /session/044a79a01677a990a4041325ca711b64/element/f.6537AEF856898C4DA139069718471423.d.82E3AB80C92481778984955A055F330B.e.42/click HTTP/1.1
User-Agent: selenium/4.12.0 (java windows)
Content-Length: 88
Content-Type: application/json; charset=utf-8
host: localhost:25363
accept: */*

Response DefaultHttpResponse(decodeResult: success, version: HTTP/1.1)
HTTP/1.1 200 OK
Content-Length: 14
Content-Type: application/json; charset=utf-8
cache-control: no-cache

22:43:28.102 [AsyncHttpClient-1-23] DEBUG org.asynchttpclient.netty.channel.ChannelManager - Adding key: http://localhost:25363 for channel [id: 0x67a80d21, L:/127.0.0.1:54978 - R:localhost/127.0.0.1:25363]
22:43:28.688 [AsyncHttpClient-1-1] DEBUG org.asynchttpclient.netty.channel.DefaultChannelPool - Entry count for : http://localhost:54979 : 1
22:43:28.688 [AsyncHttpClient-1-1] DEBUG org.asynchttpclient.netty.channel.DefaultChannelPool - Entry count for : http://localhost:25363 : 1
22:43:29.781 [AsyncHttpClient-1-1] DEBUG org.asynchttpclient.netty.channel.DefaultChannelPool - Entry count for : http://localhost:54979 : 1
22:43:29.781 [AsyncHttpClient-1-1] DEBUG org.asynchttpclient.netty.channel.DefaultChannelPool - Entry count for : http://localhost:25363 : 1
screen shot class not taking
22:43:30.117 [Forwarding findElement on session 044a79a01677a990a4041325ca711b64 to remote] DEBUG org.asynchttpclient.netty.request.NettyRequestSender - Using pooled Channel '[id: 0x67a80d21, L:/127.0.0.1:54978 - R:localhost/127.0.0.1:25363]' for 'POST' to 'http://localhost:25363/session/044a79a01677a990a4041325ca711b64/element'
22:43:30.118 [Forwarding findElement on session 044a79a01677a990a4041325ca711b64 to remote] DEBUG org.asynchttpclient.netty.request.NettyRequestSender - Using open Channel [id: 0x67a80d21, L:/127.0.0.1:54978 - R:localhost/127.0.0.1:25363] for POST '/session/044a79a01677a990a4041325ca711b64/element'
22:43:30.143 [AsyncHttpClient-1-23] DEBUG org.asynchttpclient.netty.handler.HttpHandler - 

Request DefaultHttpRequest(decodeResult: success, version: HTTP/1.1)
POST /session/044a79a01677a990a4041325ca711b64/element HTTP/1.1
User-Agent: selenium/4.12.0 (java windows)
Content-Length: 178
Content-Type: application/json; charset=utf-8
host: localhost:25363
accept: */*

Response DefaultHttpResponse(decodeResult: success, version: HTTP/1.1)
HTTP/1.1 200 OK
Content-Length: 126
Content-Type: application/json; charset=utf-8
cache-control: no-cache

22:43:30.143 [AsyncHttpClient-1-23] DEBUG org.asynchttpclient.netty.channel.ChannelManager - Adding key: http://localhost:25363 for channel [id: 0x67a80d21, L:/127.0.0.1:54978 - R:localhost/127.0.0.1:25363]
22:43:30.143 [Forwarding getElementText on session 044a79a01677a990a4041325ca711b64 to remote] DEBUG org.asynchttpclient.netty.request.NettyRequestSender - Using pooled Channel '[id: 0x67a80d21, L:/127.0.0.1:54978 - R:localhost/127.0.0.1:25363]' for 'GET' to 'http://localhost:25363/session/044a79a01677a990a4041325ca711b64/element/f.6537AEF856898C4DA139069718471423.d.82E3AB80C92481778984955A055F330B.e.45/text'
22:43:30.143 [Forwarding getElementText on session 044a79a01677a990a4041325ca711b64 to remote] DEBUG org.asynchttpclient.netty.request.NettyRequestSender - Using open Channel [id: 0x67a80d21, L:/127.0.0.1:54978 - R:localhost/127.0.0.1:25363] for GET '/session/044a79a01677a990a4041325ca711b64/element/f.6537AEF856898C4DA139069718471423.d.82E3AB80C92481778984955A055F330B.e.45/text'
22:43:30.167 [AsyncHttpClient-1-23] DEBUG org.asynchttpclient.netty.handler.HttpHandler - 

Request DefaultFullHttpRequest(decodeResult: success, version: HTTP/1.1, content: EmptyByteBufBE)
GET /session/044a79a01677a990a4041325ca711b64/element/f.6537AEF856898C4DA139069718471423.d.82E3AB80C92481778984955A055F330B.e.45/text HTTP/1.1
Cache-Control: no-cache
User-Agent: selenium/4.12.0 (java windows)
Content-Type: application/json; charset=utf-8
host: localhost:25363
accept: */*

Response DefaultHttpResponse(decodeResult: success, version: HTTP/1.1)
HTTP/1.1 200 OK
Content-Length: 28
Content-Type: application/json; charset=utf-8
cache-control: no-cache

22:43:30.167 [AsyncHttpClient-1-23] DEBUG org.asynchttpclient.netty.channel.ChannelManager - Adding key: http://localhost:25363 for channel [id: 0x67a80d21, L:/127.0.0.1:54978 - R:localhost/127.0.0.1:25363]
22:43:30.167 [Forwarding findElement on session 044a79a01677a990a4041325ca711b64 to remote] DEBUG org.asynchttpclient.netty.request.NettyRequestSender - Using pooled Channel '[id: 0x67a80d21, L:/127.0.0.1:54978 - R:localhost/127.0.0.1:25363]' for 'POST' to 'http://localhost:25363/session/044a79a01677a990a4041325ca711b64/element'
22:43:30.175 [Forwarding findElement on session 044a79a01677a990a4041325ca711b64 to remote] DEBUG org.asynchttpclient.netty.request.NettyRequestSender - Using open Channel [id: 0x67a80d21, L:/127.0.0.1:54978 - R:localhost/127.0.0.1:25363] for POST '/session/044a79a01677a990a4041325ca711b64/element'
22:43:30.208 [AsyncHttpClient-1-23] DEBUG org.asynchttpclient.netty.handler.HttpHandler - 

Request DefaultHttpRequest(decodeResult: success, version: HTTP/1.1)
POST /session/044a79a01677a990a4041325ca711b64/element HTTP/1.1
User-Agent: selenium/4.12.0 (java windows)
Content-Length: 178
Content-Type: application/json; charset=utf-8
host: localhost:25363
accept: */*

Response DefaultHttpResponse(decodeResult: success, version: HTTP/1.1)
HTTP/1.1 200 OK
Content-Length: 126
Content-Type: application/json; charset=utf-8
cache-control: no-cache

22:43:30.208 [AsyncHttpClient-1-23] DEBUG org.asynchttpclient.netty.channel.ChannelManager - Adding key: http://localhost:25363 for channel [id: 0x67a80d21, L:/127.0.0.1:54978 - R:localhost/127.0.0.1:25363]
22:43:30.208 [Forwarding clickElement on session 044a79a01677a990a4041325ca711b64 to remote] DEBUG org.asynchttpclient.netty.request.NettyRequestSender - Using pooled Channel '[id: 0x67a80d21, L:/127.0.0.1:54978 - R:localhost/127.0.0.1:25363]' for 'POST' to 'http://localhost:25363/session/044a79a01677a990a4041325ca711b64/element/f.6537AEF856898C4DA139069718471423.d.82E3AB80C92481778984955A055F330B.e.45/click'
22:43:30.208 [Forwarding clickElement on session 044a79a01677a990a4041325ca711b64 to remote] DEBUG org.asynchttpclient.netty.request.NettyRequestSender - Using open Channel [id: 0x67a80d21, L:/127.0.0.1:54978 - R:localhost/127.0.0.1:25363] for POST '/session/044a79a01677a990a4041325ca711b64/element/f.6537AEF856898C4DA139069718471423.d.82E3AB80C92481778984955A055F330B.e.45/click'
22:43:30.368 [AsyncHttpClient-1-23] DEBUG org.asynchttpclient.netty.handler.HttpHandler - 

Request DefaultHttpRequest(decodeResult: success, version: HTTP/1.1)
POST /session/044a79a01677a990a4041325ca711b64/element/f.6537AEF856898C4DA139069718471423.d.82E3AB80C92481778984955A055F330B.e.45/click HTTP/1.1
User-Agent: selenium/4.12.0 (java windows)
Content-Length: 88
Content-Type: application/json; charset=utf-8
host: localhost:25363
accept: */*

Response DefaultHttpResponse(decodeResult: success, version: HTTP/1.1)
HTTP/1.1 200 OK
Content-Length: 14
Content-Type: application/json; charset=utf-8
cache-control: no-cache

22:43:30.368 [AsyncHttpClient-1-23] DEBUG org.asynchttpclient.netty.channel.ChannelManager - Adding key: http://localhost:25363 for channel [id: 0x67a80d21, L:/127.0.0.1:54978 - R:localhost/127.0.0.1:25363]
  When Open customer form                                     # StepDefination.Customer_onboarding.Open_customer_form()
22:43:30.882 [AsyncHttpClient-1-1] DEBUG org.asynchttpclient.netty.channel.DefaultChannelPool - Entry count for : http://localhost:54979 : 1
22:43:30.882 [AsyncHttpClient-1-1] DEBUG org.asynchttpclient.netty.channel.DefaultChannelPool - Entry count for : http://localhost:25363 : 1
22:43:31.894 [Forwarding findElement on session 044a79a01677a990a4041325ca711b64 to remote] DEBUG org.asynchttpclient.netty.request.NettyRequestSender - Using pooled Channel '[id: 0x67a80d21, L:/127.0.0.1:54978 - R:localhost/127.0.0.1:25363]' for 'POST' to 'http://localhost:25363/session/044a79a01677a990a4041325ca711b64/element'
22:43:31.894 [Forwarding findElement on session 044a79a01677a990a4041325ca711b64 to remote] DEBUG org.asynchttpclient.netty.request.NettyRequestSender - Using open Channel [id: 0x67a80d21, L:/127.0.0.1:54978 - R:localhost/127.0.0.1:25363] for POST '/session/044a79a01677a990a4041325ca711b64/element'
22:43:31.918 [AsyncHttpClient-1-23] DEBUG org.asynchttpclient.netty.handler.HttpHandler - 

Request DefaultHttpRequest(decodeResult: success, version: HTTP/1.1)
POST /session/044a79a01677a990a4041325ca711b64/element HTTP/1.1
User-Agent: selenium/4.12.0 (java windows)
Content-Length: 114
Content-Type: application/json; charset=utf-8
host: localhost:25363
accept: */*

Response DefaultHttpResponse(decodeResult: success, version: HTTP/1.1)
HTTP/1.1 200 OK
Content-Length: 126
Content-Type: application/json; charset=utf-8
cache-control: no-cache

22:43:31.918 [AsyncHttpClient-1-23] DEBUG org.asynchttpclient.netty.channel.ChannelManager - Adding key: http://localhost:25363 for channel [id: 0x67a80d21, L:/127.0.0.1:54978 - R:localhost/127.0.0.1:25363]
22:43:31.918 [Forwarding sendKeysToElement on session 044a79a01677a990a4041325ca711b64 to remote] DEBUG org.asynchttpclient.netty.request.NettyRequestSender - Using pooled Channel '[id: 0x67a80d21, L:/127.0.0.1:54978 - R:localhost/127.0.0.1:25363]' for 'POST' to 'http://localhost:25363/session/044a79a01677a990a4041325ca711b64/element/f.6537AEF856898C4DA139069718471423.d.82E3AB80C92481778984955A055F330B.e.49/value'
22:43:31.918 [Forwarding sendKeysToElement on session 044a79a01677a990a4041325ca711b64 to remote] DEBUG org.asynchttpclient.netty.request.NettyRequestSender - Using open Channel [id: 0x67a80d21, L:/127.0.0.1:54978 - R:localhost/127.0.0.1:25363] for POST '/session/044a79a01677a990a4041325ca711b64/element/f.6537AEF856898C4DA139069718471423.d.82E3AB80C92481778984955A055F330B.e.49/value'
22:43:31.982 [AsyncHttpClient-1-1] DEBUG org.asynchttpclient.netty.channel.DefaultChannelPool - Entry count for : http://localhost:54979 : 1
22:43:32.342 [AsyncHttpClient-1-23] DEBUG org.asynchttpclient.netty.handler.HttpHandler - 

Request DefaultHttpRequest(decodeResult: success, version: HTTP/1.1)
POST /session/044a79a01677a990a4041325ca711b64/element/f.6537AEF856898C4DA139069718471423.d.82E3AB80C92481778984955A055F330B.e.49/value HTTP/1.1
User-Agent: selenium/4.12.0 (java windows)
Content-Length: 389
Content-Type: application/json; charset=utf-8
host: localhost:25363
accept: */*

Response DefaultHttpResponse(decodeResult: success, version: HTTP/1.1)
HTTP/1.1 200 OK
Content-Length: 14
Content-Type: application/json; charset=utf-8
cache-control: no-cache

22:43:32.342 [AsyncHttpClient-1-23] DEBUG org.asynchttpclient.netty.channel.ChannelManager - Adding key: http://localhost:25363 for channel [id: 0x67a80d21, L:/127.0.0.1:54978 - R:localhost/127.0.0.1:25363]
screen shot class not taking
  And Provide the company nameRandom                          # StepDefination.Customer_onboarding.Provide_the_company_name(java.lang.String)
22:43:33.087 [AsyncHttpClient-1-1] DEBUG org.asynchttpclient.netty.channel.DefaultChannelPool - Entry count for : http://localhost:54979 : 1
22:43:33.087 [AsyncHttpClient-1-1] DEBUG org.asynchttpclient.netty.channel.DefaultChannelPool - Entry count for : http://localhost:25363 : 1
22:43:33.347 [Forwarding findElement on session 044a79a01677a990a4041325ca711b64 to remote] DEBUG org.asynchttpclient.netty.request.NettyRequestSender - Using pooled Channel '[id: 0x67a80d21, L:/127.0.0.1:54978 - R:localhost/127.0.0.1:25363]' for 'POST' to 'http://localhost:25363/session/044a79a01677a990a4041325ca711b64/element'
22:43:33.347 [Forwarding findElement on session 044a79a01677a990a4041325ca711b64 to remote] DEBUG org.asynchttpclient.netty.request.NettyRequestSender - Using open Channel [id: 0x67a80d21, L:/127.0.0.1:54978 - R:localhost/127.0.0.1:25363] for POST '/session/044a79a01677a990a4041325ca711b64/element'
22:43:33.389 [AsyncHttpClient-1-23] DEBUG org.asynchttpclient.netty.handler.HttpHandler - 

Request DefaultHttpRequest(decodeResult: success, version: HTTP/1.1)
POST /session/044a79a01677a990a4041325ca711b64/element HTTP/1.1
User-Agent: selenium/4.12.0 (java windows)
Content-Length: 72
Content-Type: application/json; charset=utf-8
host: localhost:25363
accept: */*

Response DefaultHttpResponse(decodeResult: success, version: HTTP/1.1)
HTTP/1.1 200 OK
Content-Length: 126
Content-Type: application/json; charset=utf-8
cache-control: no-cache

22:43:33.389 [AsyncHttpClient-1-23] DEBUG org.asynchttpclient.netty.channel.ChannelManager - Adding key: http://localhost:25363 for channel [id: 0x67a80d21, L:/127.0.0.1:54978 - R:localhost/127.0.0.1:25363]
22:43:33.389 [Forwarding clickElement on session 044a79a01677a990a4041325ca711b64 to remote] DEBUG org.asynchttpclient.netty.request.NettyRequestSender - Using pooled Channel '[id: 0x67a80d21, L:/127.0.0.1:54978 - R:localhost/127.0.0.1:25363]' for 'POST' to 'http://localhost:25363/session/044a79a01677a990a4041325ca711b64/element/f.6537AEF856898C4DA139069718471423.d.82E3AB80C92481778984955A055F330B.e.91/click'
22:43:33.389 [Forwarding clickElement on session 044a79a01677a990a4041325ca711b64 to remote] DEBUG org.asynchttpclient.netty.request.NettyRequestSender - Using open Channel [id: 0x67a80d21, L:/127.0.0.1:54978 - R:localhost/127.0.0.1:25363] for POST '/session/044a79a01677a990a4041325ca711b64/element/f.6537AEF856898C4DA139069718471423.d.82E3AB80C92481778984955A055F330B.e.91/click'
22:43:33.578 [AsyncHttpClient-1-23] DEBUG org.asynchttpclient.netty.handler.HttpHandler - 

Request DefaultHttpRequest(decodeResult: success, version: HTTP/1.1)
POST /session/044a79a01677a990a4041325ca711b64/element/f.6537AEF856898C4DA139069718471423.d.82E3AB80C92481778984955A055F330B.e.91/click HTTP/1.1
User-Agent: selenium/4.12.0 (java windows)
Content-Length: 88
Content-Type: application/json; charset=utf-8
host: localhost:25363
accept: */*

Response DefaultHttpResponse(decodeResult: success, version: HTTP/1.1)
HTTP/1.1 200 OK
Content-Length: 14
Content-Type: application/json; charset=utf-8
cache-control: no-cache

22:43:33.580 [AsyncHttpClient-1-23] DEBUG org.asynchttpclient.netty.channel.ChannelManager - Adding key: http://localhost:25363 for channel [id: 0x67a80d21, L:/127.0.0.1:54978 - R:localhost/127.0.0.1:25363]
screen shot class not taking
  When Submit the form                                        # StepDefination.Customer_onboarding.Submit_the_form()
22:43:34.087 [Forwarding findElement on session 044a79a01677a990a4041325ca711b64 to remote] DEBUG org.asynchttpclient.netty.request.NettyRequestSender - Using pooled Channel '[id: 0x67a80d21, L:/127.0.0.1:54978 - R:localhost/127.0.0.1:25363]' for 'POST' to 'http://localhost:25363/session/044a79a01677a990a4041325ca711b64/element'
22:43:34.087 [Forwarding findElement on session 044a79a01677a990a4041325ca711b64 to remote] DEBUG org.asynchttpclient.netty.request.NettyRequestSender - Using open Channel [id: 0x67a80d21, L:/127.0.0.1:54978 - R:localhost/127.0.0.1:25363] for POST '/session/044a79a01677a990a4041325ca711b64/element'
22:43:34.120 [AsyncHttpClient-1-23] DEBUG org.asynchttpclient.netty.handler.HttpHandler - 

Request DefaultHttpRequest(decodeResult: success, version: HTTP/1.1)
POST /session/044a79a01677a990a4041325ca711b64/element HTTP/1.1
User-Agent: selenium/4.12.0 (java windows)
Content-Length: 131
Content-Type: application/json; charset=utf-8
host: localhost:25363
accept: */*

Response DefaultHttpResponse(decodeResult: success, version: HTTP/1.1)
HTTP/1.1 200 OK
Content-Length: 126
Content-Type: application/json; charset=utf-8
cache-control: no-cache

22:43:34.120 [AsyncHttpClient-1-23] DEBUG org.asynchttpclient.netty.channel.ChannelManager - Adding key: http://localhost:25363 for channel [id: 0x67a80d21, L:/127.0.0.1:54978 - R:localhost/127.0.0.1:25363]
22:43:34.120 [Forwarding getElementText on session 044a79a01677a990a4041325ca711b64 to remote] DEBUG org.asynchttpclient.netty.request.NettyRequestSender - Using pooled Channel '[id: 0x67a80d21, L:/127.0.0.1:54978 - R:localhost/127.0.0.1:25363]' for 'GET' to 'http://localhost:25363/session/044a79a01677a990a4041325ca711b64/element/f.6537AEF856898C4DA139069718471423.d.82E3AB80C92481778984955A055F330B.e.92/text'
22:43:34.120 [Forwarding getElementText on session 044a79a01677a990a4041325ca711b64 to remote] DEBUG org.asynchttpclient.netty.request.NettyRequestSender - Using open Channel [id: 0x67a80d21, L:/127.0.0.1:54978 - R:localhost/127.0.0.1:25363] for GET '/session/044a79a01677a990a4041325ca711b64/element/f.6537AEF856898C4DA139069718471423.d.82E3AB80C92481778984955A055F330B.e.92/text'
22:43:34.143 [AsyncHttpClient-1-23] DEBUG org.asynchttpclient.netty.handler.HttpHandler - 

Request DefaultFullHttpRequest(decodeResult: success, version: HTTP/1.1, content: EmptyByteBufBE)
GET /session/044a79a01677a990a4041325ca711b64/element/f.6537AEF856898C4DA139069718471423.d.82E3AB80C92481778984955A055F330B.e.92/text HTTP/1.1
Cache-Control: no-cache
User-Agent: selenium/4.12.0 (java windows)
Content-Type: application/json; charset=utf-8
host: localhost:25363
accept: */*

Response DefaultHttpResponse(decodeResult: success, version: HTTP/1.1)
HTTP/1.1 200 OK
Content-Length: 30
Content-Type: application/json; charset=utf-8
cache-control: no-cache

22:43:34.143 [AsyncHttpClient-1-23] DEBUG org.asynchttpclient.netty.channel.ChannelManager - Adding key: http://localhost:25363 for channel [id: 0x67a80d21, L:/127.0.0.1:54978 - R:localhost/127.0.0.1:25363]
Street is required
22:43:34.183 [AsyncHttpClient-1-1] DEBUG org.asynchttpclient.netty.channel.DefaultChannelPool - Entry count for : http://localhost:54979 : 1
22:43:34.183 [AsyncHttpClient-1-1] DEBUG org.asynchttpclient.netty.channel.DefaultChannelPool - Entry count for : http://localhost:25363 : 1
screen shot class not taking
  Then Display Error responseStreet is required               # StepDefination.Customer_onboarding.customerNot_added(java.lang.String)
22:43:34.662 [Forwarding findElement on session 044a79a01677a990a4041325ca711b64 to remote] DEBUG org.asynchttpclient.netty.request.NettyRequestSender - Using pooled Channel '[id: 0x67a80d21, L:/127.0.0.1:54978 - R:localhost/127.0.0.1:25363]' for 'POST' to 'http://localhost:25363/session/044a79a01677a990a4041325ca711b64/element'
22:43:34.662 [Forwarding findElement on session 044a79a01677a990a4041325ca711b64 to remote] DEBUG org.asynchttpclient.netty.request.NettyRequestSender - Using open Channel [id: 0x67a80d21, L:/127.0.0.1:54978 - R:localhost/127.0.0.1:25363] for POST '/session/044a79a01677a990a4041325ca711b64/element'
22:43:34.686 [AsyncHttpClient-1-23] DEBUG org.asynchttpclient.netty.handler.HttpHandler - 

Request DefaultHttpRequest(decodeResult: success, version: HTTP/1.1)
POST /session/044a79a01677a990a4041325ca711b64/element HTTP/1.1
User-Agent: selenium/4.12.0 (java windows)
Content-Length: 129
Content-Type: application/json; charset=utf-8
host: localhost:25363
accept: */*

Response DefaultHttpResponse(decodeResult: success, version: HTTP/1.1)
HTTP/1.1 200 OK
Content-Length: 126
Content-Type: application/json; charset=utf-8
cache-control: no-cache

22:43:34.686 [AsyncHttpClient-1-23] DEBUG org.asynchttpclient.netty.channel.ChannelManager - Adding key: http://localhost:25363 for channel [id: 0x67a80d21, L:/127.0.0.1:54978 - R:localhost/127.0.0.1:25363]
22:43:34.686 [Forwarding getElementText on session 044a79a01677a990a4041325ca711b64 to remote] DEBUG org.asynchttpclient.netty.request.NettyRequestSender - Using pooled Channel '[id: 0x67a80d21, L:/127.0.0.1:54978 - R:localhost/127.0.0.1:25363]' for 'GET' to 'http://localhost:25363/session/044a79a01677a990a4041325ca711b64/element/f.6537AEF856898C4DA139069718471423.d.82E3AB80C92481778984955A055F330B.e.93/text'
22:43:34.686 [Forwarding getElementText on session 044a79a01677a990a4041325ca711b64 to remote] DEBUG org.asynchttpclient.netty.request.NettyRequestSender - Using open Channel [id: 0x67a80d21, L:/127.0.0.1:54978 - R:localhost/127.0.0.1:25363] for GET '/session/044a79a01677a990a4041325ca711b64/element/f.6537AEF856898C4DA139069718471423.d.82E3AB80C92481778984955A055F330B.e.93/text'
22:43:34.711 [AsyncHttpClient-1-23] DEBUG org.asynchttpclient.netty.handler.HttpHandler - 

Request DefaultFullHttpRequest(decodeResult: success, version: HTTP/1.1, content: EmptyByteBufBE)
GET /session/044a79a01677a990a4041325ca711b64/element/f.6537AEF856898C4DA139069718471423.d.82E3AB80C92481778984955A055F330B.e.93/text HTTP/1.1
Cache-Control: no-cache
User-Agent: selenium/4.12.0 (java windows)
Content-Type: application/json; charset=utf-8
host: localhost:25363
accept: */*

Response DefaultHttpResponse(decodeResult: success, version: HTTP/1.1)
HTTP/1.1 200 OK
Content-Length: 28
Content-Type: application/json; charset=utf-8
cache-control: no-cache

22:43:34.711 [AsyncHttpClient-1-23] DEBUG org.asynchttpclient.netty.channel.ChannelManager - Adding key: http://localhost:25363 for channel [id: 0x67a80d21, L:/127.0.0.1:54978 - R:localhost/127.0.0.1:25363]
City is required
screen shot class not taking
  Then Display Error responseCity is required                 # StepDefination.Customer_onboarding.customerNot_added(java.lang.String)
22:43:35.220 [Forwarding findElement on session 044a79a01677a990a4041325ca711b64 to remote] DEBUG org.asynchttpclient.netty.request.NettyRequestSender - Using pooled Channel '[id: 0x67a80d21, L:/127.0.0.1:54978 - R:localhost/127.0.0.1:25363]' for 'POST' to 'http://localhost:25363/session/044a79a01677a990a4041325ca711b64/element'
22:43:35.220 [Forwarding findElement on session 044a79a01677a990a4041325ca711b64 to remote] DEBUG org.asynchttpclient.netty.request.NettyRequestSender - Using open Channel [id: 0x67a80d21, L:/127.0.0.1:54978 - R:localhost/127.0.0.1:25363] for POST '/session/044a79a01677a990a4041325ca711b64/element'
22:43:35.242 [AsyncHttpClient-1-23] DEBUG org.asynchttpclient.netty.handler.HttpHandler - 

Request DefaultHttpRequest(decodeResult: success, version: HTTP/1.1)
POST /session/044a79a01677a990a4041325ca711b64/element HTTP/1.1
User-Agent: selenium/4.12.0 (java windows)
Content-Length: 133
Content-Type: application/json; charset=utf-8
host: localhost:25363
accept: */*

Response DefaultHttpResponse(decodeResult: success, version: HTTP/1.1)
HTTP/1.1 200 OK
Content-Length: 126
Content-Type: application/json; charset=utf-8
cache-control: no-cache

22:43:35.242 [AsyncHttpClient-1-23] DEBUG org.asynchttpclient.netty.channel.ChannelManager - Adding key: http://localhost:25363 for channel [id: 0x67a80d21, L:/127.0.0.1:54978 - R:localhost/127.0.0.1:25363]
22:43:35.242 [Forwarding getElementText on session 044a79a01677a990a4041325ca711b64 to remote] DEBUG org.asynchttpclient.netty.request.NettyRequestSender - Using pooled Channel '[id: 0x67a80d21, L:/127.0.0.1:54978 - R:localhost/127.0.0.1:25363]' for 'GET' to 'http://localhost:25363/session/044a79a01677a990a4041325ca711b64/element/f.6537AEF856898C4DA139069718471423.d.82E3AB80C92481778984955A055F330B.e.94/text'
22:43:35.242 [Forwarding getElementText on session 044a79a01677a990a4041325ca711b64 to remote] DEBUG org.asynchttpclient.netty.request.NettyRequestSender - Using open Channel [id: 0x67a80d21, L:/127.0.0.1:54978 - R:localhost/127.0.0.1:25363] for GET '/session/044a79a01677a990a4041325ca711b64/element/f.6537AEF856898C4DA139069718471423.d.82E3AB80C92481778984955A055F330B.e.94/text'
22:43:35.259 [AsyncHttpClient-1-23] DEBUG org.asynchttpclient.netty.handler.HttpHandler - 

Request DefaultFullHttpRequest(decodeResult: success, version: HTTP/1.1, content: EmptyByteBufBE)
GET /session/044a79a01677a990a4041325ca711b64/element/f.6537AEF856898C4DA139069718471423.d.82E3AB80C92481778984955A055F330B.e.94/text HTTP/1.1
Cache-Control: no-cache
User-Agent: selenium/4.12.0 (java windows)
Content-Type: application/json; charset=utf-8
host: localhost:25363
accept: */*

Response DefaultHttpResponse(decodeResult: success, version: HTTP/1.1)
HTTP/1.1 200 OK
Content-Length: 32
Content-Type: application/json; charset=utf-8
cache-control: no-cache

22:43:35.259 [AsyncHttpClient-1-23] DEBUG org.asynchttpclient.netty.channel.ChannelManager - Adding key: http://localhost:25363 for channel [id: 0x67a80d21, L:/127.0.0.1:54978 - R:localhost/127.0.0.1:25363]
Province is required
22:43:35.294 [AsyncHttpClient-1-1] DEBUG org.asynchttpclient.netty.channel.DefaultChannelPool - Entry count for : http://localhost:54979 : 1
22:43:35.294 [AsyncHttpClient-1-1] DEBUG org.asynchttpclient.netty.channel.DefaultChannelPool - Entry count for : http://localhost:25363 : 1
screen shot class not taking
  Then Display Error responseProvince is required             # StepDefination.Customer_onboarding.customerNot_added(java.lang.String)
22:43:35.766 [Forwarding findElement on session 044a79a01677a990a4041325ca711b64 to remote] DEBUG org.asynchttpclient.netty.request.NettyRequestSender - Using pooled Channel '[id: 0x67a80d21, L:/127.0.0.1:54978 - R:localhost/127.0.0.1:25363]' for 'POST' to 'http://localhost:25363/session/044a79a01677a990a4041325ca711b64/element'
22:43:35.766 [Forwarding findElement on session 044a79a01677a990a4041325ca711b64 to remote] DEBUG org.asynchttpclient.netty.request.NettyRequestSender - Using open Channel [id: 0x67a80d21, L:/127.0.0.1:54978 - R:localhost/127.0.0.1:25363] for POST '/session/044a79a01677a990a4041325ca711b64/element'
22:43:35.790 [AsyncHttpClient-1-23] DEBUG org.asynchttpclient.netty.handler.HttpHandler - 

Request DefaultHttpRequest(decodeResult: success, version: HTTP/1.1)
POST /session/044a79a01677a990a4041325ca711b64/element HTTP/1.1
User-Agent: selenium/4.12.0 (java windows)
Content-Length: 136
Content-Type: application/json; charset=utf-8
host: localhost:25363
accept: */*

Response DefaultHttpResponse(decodeResult: success, version: HTTP/1.1)
HTTP/1.1 200 OK
Content-Length: 126
Content-Type: application/json; charset=utf-8
cache-control: no-cache

22:43:35.790 [AsyncHttpClient-1-23] DEBUG org.asynchttpclient.netty.channel.ChannelManager - Adding key: http://localhost:25363 for channel [id: 0x67a80d21, L:/127.0.0.1:54978 - R:localhost/127.0.0.1:25363]
22:43:35.791 [Forwarding getElementText on session 044a79a01677a990a4041325ca711b64 to remote] DEBUG org.asynchttpclient.netty.request.NettyRequestSender - Using pooled Channel '[id: 0x67a80d21, L:/127.0.0.1:54978 - R:localhost/127.0.0.1:25363]' for 'GET' to 'http://localhost:25363/session/044a79a01677a990a4041325ca711b64/element/f.6537AEF856898C4DA139069718471423.d.82E3AB80C92481778984955A055F330B.e.95/text'
22:43:35.791 [Forwarding getElementText on session 044a79a01677a990a4041325ca711b64 to remote] DEBUG org.asynchttpclient.netty.request.NettyRequestSender - Using open Channel [id: 0x67a80d21, L:/127.0.0.1:54978 - R:localhost/127.0.0.1:25363] for GET '/session/044a79a01677a990a4041325ca711b64/element/f.6537AEF856898C4DA139069718471423.d.82E3AB80C92481778984955A055F330B.e.95/text'
22:43:35.806 [AsyncHttpClient-1-23] DEBUG org.asynchttpclient.netty.handler.HttpHandler - 

Request DefaultFullHttpRequest(decodeResult: success, version: HTTP/1.1, content: EmptyByteBufBE)
GET /session/044a79a01677a990a4041325ca711b64/element/f.6537AEF856898C4DA139069718471423.d.82E3AB80C92481778984955A055F330B.e.95/text HTTP/1.1
Cache-Control: no-cache
User-Agent: selenium/4.12.0 (java windows)
Content-Type: application/json; charset=utf-8
host: localhost:25363
accept: */*

Response DefaultHttpResponse(decodeResult: success, version: HTTP/1.1)
HTTP/1.1 200 OK
Content-Length: 35
Content-Type: application/json; charset=utf-8
cache-control: no-cache

22:43:35.807 [AsyncHttpClient-1-23] DEBUG org.asynchttpclient.netty.channel.ChannelManager - Adding key: http://localhost:25363 for channel [id: 0x67a80d21, L:/127.0.0.1:54978 - R:localhost/127.0.0.1:25363]
Postal Code is required
screen shot class not taking
  Then Display Error responsePostal Code is required          # StepDefination.Customer_onboarding.customerNot_added(java.lang.String)
22:43:36.310 [Forwarding findElement on session 044a79a01677a990a4041325ca711b64 to remote] DEBUG org.asynchttpclient.netty.request.NettyRequestSender - Using pooled Channel '[id: 0x67a80d21, L:/127.0.0.1:54978 - R:localhost/127.0.0.1:25363]' for 'POST' to 'http://localhost:25363/session/044a79a01677a990a4041325ca711b64/element'
22:43:36.310 [Forwarding findElement on session 044a79a01677a990a4041325ca711b64 to remote] DEBUG org.asynchttpclient.netty.request.NettyRequestSender - Using open Channel [id: 0x67a80d21, L:/127.0.0.1:54978 - R:localhost/127.0.0.1:25363] for POST '/session/044a79a01677a990a4041325ca711b64/element'
22:43:36.326 [AsyncHttpClient-1-23] DEBUG org.asynchttpclient.netty.handler.HttpHandler - 

Request DefaultHttpRequest(decodeResult: success, version: HTTP/1.1)
POST /session/044a79a01677a990a4041325ca711b64/element HTTP/1.1
User-Agent: selenium/4.12.0 (java windows)
Content-Length: 132
Content-Type: application/json; charset=utf-8
host: localhost:25363
accept: */*

Response DefaultHttpResponse(decodeResult: success, version: HTTP/1.1)
HTTP/1.1 200 OK
Content-Length: 126
Content-Type: application/json; charset=utf-8
cache-control: no-cache

22:43:36.326 [AsyncHttpClient-1-23] DEBUG org.asynchttpclient.netty.channel.ChannelManager - Adding key: http://localhost:25363 for channel [id: 0x67a80d21, L:/127.0.0.1:54978 - R:localhost/127.0.0.1:25363]
22:43:36.326 [Forwarding getElementText on session 044a79a01677a990a4041325ca711b64 to remote] DEBUG org.asynchttpclient.netty.request.NettyRequestSender - Using pooled Channel '[id: 0x67a80d21, L:/127.0.0.1:54978 - R:localhost/127.0.0.1:25363]' for 'GET' to 'http://localhost:25363/session/044a79a01677a990a4041325ca711b64/element/f.6537AEF856898C4DA139069718471423.d.82E3AB80C92481778984955A055F330B.e.96/text'
22:43:36.326 [Forwarding getElementText on session 044a79a01677a990a4041325ca711b64 to remote] DEBUG org.asynchttpclient.netty.request.NettyRequestSender - Using open Channel [id: 0x67a80d21, L:/127.0.0.1:54978 - R:localhost/127.0.0.1:25363] for GET '/session/044a79a01677a990a4041325ca711b64/element/f.6537AEF856898C4DA139069718471423.d.82E3AB80C92481778984955A055F330B.e.96/text'
22:43:36.349 [AsyncHttpClient-1-23] DEBUG org.asynchttpclient.netty.handler.HttpHandler - 

Request DefaultFullHttpRequest(decodeResult: success, version: HTTP/1.1, content: EmptyByteBufBE)
GET /session/044a79a01677a990a4041325ca711b64/element/f.6537AEF856898C4DA139069718471423.d.82E3AB80C92481778984955A055F330B.e.96/text HTTP/1.1
Cache-Control: no-cache
User-Agent: selenium/4.12.0 (java windows)
Content-Type: application/json; charset=utf-8
host: localhost:25363
accept: */*

Response DefaultHttpResponse(decodeResult: success, version: HTTP/1.1)
HTTP/1.1 200 OK
Content-Length: 31
Content-Type: application/json; charset=utf-8
cache-control: no-cache

22:43:36.349 [AsyncHttpClient-1-23] DEBUG org.asynchttpclient.netty.channel.ChannelManager - Adding key: http://localhost:25363 for channel [id: 0x67a80d21, L:/127.0.0.1:54978 - R:localhost/127.0.0.1:25363]
Country is required
22:43:36.384 [AsyncHttpClient-1-1] DEBUG org.asynchttpclient.netty.channel.DefaultChannelPool - Entry count for : http://localhost:54979 : 1
22:43:36.384 [AsyncHttpClient-1-1] DEBUG org.asynchttpclient.netty.channel.DefaultChannelPool - Entry count for : http://localhost:25363 : 1
screen shot class not taking
  Then Display Error responseCountry is required              # StepDefination.Customer_onboarding.customerNot_added(java.lang.String)
22:43:36.855 [AsyncHttpClient-1-25] DEBUG org.asynchttpclient.netty.handler.WebSocketHandler - Channel Closed: [id: 0xb7f6785e, L:/127.0.0.1:54988 ! R:localhost/127.0.0.1:54979] with attribute DISCARD
22:43:36.855 [Driver Command Executor] DEBUG org.asynchttpclient.netty.request.NettyRequestSender - Using pooled Channel '[id: 0x67a80d21, L:/127.0.0.1:54978 - R:localhost/127.0.0.1:25363]' for 'DELETE' to 'http://localhost:25363/session/044a79a01677a990a4041325ca711b64'
22:43:36.855 [Driver Command Executor] DEBUG org.asynchttpclient.netty.request.NettyRequestSender - Using open Channel [id: 0x67a80d21, L:/127.0.0.1:54978 - R:localhost/127.0.0.1:25363] for DELETE '/session/044a79a01677a990a4041325ca711b64'
22:43:37.028 [AsyncHttpClient-1-24] DEBUG org.asynchttpclient.netty.handler.HttpHandler - Unexpected I/O exception on channel [id: 0xead3d56a, L:/127.0.0.1:54987 - R:localhost/127.0.0.1:54979]
java.net.SocketException: Connection reset
	at java.base/sun.nio.ch.SocketChannelImpl.throwConnectionReset(SocketChannelImpl.java:394)
	at java.base/sun.nio.ch.SocketChannelImpl.read(SocketChannelImpl.java:426)
	at io.netty.buffer.PooledByteBuf.setBytes(PooledByteBuf.java:254)
	at io.netty.buffer.AbstractByteBuf.writeBytes(AbstractByteBuf.java:1132)
	at io.netty.channel.socket.nio.NioSocketChannel.doReadBytes(NioSocketChannel.java:357)
	at io.netty.channel.nio.AbstractNioByteChannel$NioByteUnsafe.read(AbstractNioByteChannel.java:151)
	at io.netty.channel.nio.NioEventLoop.processSelectedKey(NioEventLoop.java:788)
	at io.netty.channel.nio.NioEventLoop.processSelectedKeysOptimized(NioEventLoop.java:724)
	at io.netty.channel.nio.NioEventLoop.processSelectedKeys(NioEventLoop.java:650)
	at io.netty.channel.nio.NioEventLoop.run(NioEventLoop.java:562)
	at io.netty.util.concurrent.SingleThreadEventExecutor$4.run(SingleThreadEventExecutor.java:997)
	at io.netty.util.internal.ThreadExecutorMap$2.run(ThreadExecutorMap.java:74)
	at io.netty.util.concurrent.FastThreadLocalRunnable.run(FastThreadLocalRunnable.java:30)
	at java.base/java.lang.Thread.run(Thread.java:840)
22:43:37.028 [AsyncHttpClient-1-24] DEBUG org.asynchttpclient.netty.channel.ChannelManager - Closing Channel [id: 0xead3d56a, L:/127.0.0.1:54987 - R:localhost/127.0.0.1:54979] 
22:43:37.029 [AsyncHttpClient-1-24] DEBUG org.asynchttpclient.netty.handler.HttpHandler - Channel Closed: [id: 0xead3d56a, L:/127.0.0.1:54987 ! R:localhost/127.0.0.1:54979] with attribute DISCARD
22:43:37.075 [AsyncHttpClient-1-23] DEBUG org.asynchttpclient.netty.handler.HttpHandler - 

Request DefaultFullHttpRequest(decodeResult: success, version: HTTP/1.1, content: EmptyByteBufBE)
DELETE /session/044a79a01677a990a4041325ca711b64 HTTP/1.1
User-Agent: selenium/4.12.0 (java windows)
Content-Type: application/json; charset=utf-8
host: localhost:25363
accept: */*

Response DefaultHttpResponse(decodeResult: success, version: HTTP/1.1)
HTTP/1.1 200 OK
Content-Length: 14
Content-Type: application/json; charset=utf-8
cache-control: no-cache

22:43:37.075 [AsyncHttpClient-1-23] DEBUG org.asynchttpclient.netty.channel.ChannelManager - Adding key: http://localhost:25363 for channel [id: 0x67a80d21, L:/127.0.0.1:54978 - R:localhost/127.0.0.1:25363]
22:43:37.483 [AsyncHttpClient-1-1] DEBUG org.asynchttpclient.netty.channel.DefaultChannelPool - Entry count for : http://localhost:54979 : 1
22:43:37.483 [AsyncHttpClient-1-1] DEBUG org.asynchttpclient.netty.channel.DefaultChannelPool - Entry count for : http://localhost:25363 : 1
22:43:37.483 [AsyncHttpClient-1-1] DEBUG org.asynchttpclient.netty.channel.DefaultChannelPool - Adding Candidate expired Channel [id: 0xead3d56a, L:/127.0.0.1:54987 ! R:localhost/127.0.0.1:54979] isIdleTimeoutExpired=false isRemotelyClosed=true isTtlExpired=false
22:43:37.483 [AsyncHttpClient-1-1] DEBUG org.asynchttpclient.netty.channel.DefaultChannelPool - Closing Idle Channel [id: 0xead3d56a, L:/127.0.0.1:54987 ! R:localhost/127.0.0.1:54979]
22:43:37.483 [AsyncHttpClient-1-1] DEBUG org.asynchttpclient.netty.channel.DefaultChannelPool - Closed 1 connections out of 2 in 0 ms
22:43:37.652 [AsyncHttpClient-1-23] DEBUG org.asynchttpclient.netty.handler.HttpHandler - Channel Closed: [id: 0x67a80d21, L:/127.0.0.1:54978 ! R:localhost/127.0.0.1:25363] with attribute DISCARD
  And Close_Window                                            # StepDefination.Customer_onboarding.close_window()
WebDriver is null. Nothing to close.
]]></system-out>
    <system-err><![CDATA[Jan 18, 2025 10:43:16 PM org.openqa.selenium.devtools.CdpVersionFinder findNearestMatch
WARNING: Unable to find CDP implementation matching 131
Jan 18, 2025 10:43:16 PM org.openqa.selenium.chromium.ChromiumDriver lambda$new$5
WARNING: Unable to find version of CDP to use for 131.0.6778.265. You may need to include a dependency on a specific version of the CDP using something similar to `org.seleniumhq.selenium:selenium-devtools-v86:4.12.0` where the version ("v86") matches the version of the chromium-based browser you're using and the version number of the artifact is the same as Selenium's.
]]></system-err>
  </testcase>
  <testcase name="Add Extra address" classname="Customer Onboarding form for Broker" time="29.096">
    <system-out><![CDATA[
Scenario Outline: Add Extra address                                      # src/test/resources/Customers/Customer_form.feature:82
22:43:38.117 [AsyncHttpClient-1-2] DEBUG org.asynchttpclient.netty.channel.NettyConnectListener - Using new Channel '[id: 0x8e5a5cf2, L:/127.0.0.1:55024 - R:localhost/127.0.0.1:41147]' for 'POST' to '/session'
22:43:38.583 [AsyncHttpClient-1-1] DEBUG org.asynchttpclient.netty.channel.DefaultChannelPool - Entry count for : http://localhost:25363 : 1
22:43:38.583 [AsyncHttpClient-1-1] DEBUG org.asynchttpclient.netty.channel.DefaultChannelPool - Adding Candidate expired Channel [id: 0x67a80d21, L:/127.0.0.1:54978 ! R:localhost/127.0.0.1:25363] isIdleTimeoutExpired=false isRemotelyClosed=true isTtlExpired=false
22:43:38.583 [AsyncHttpClient-1-1] DEBUG org.asynchttpclient.netty.channel.DefaultChannelPool - Closing Idle Channel [id: 0x67a80d21, L:/127.0.0.1:54978 ! R:localhost/127.0.0.1:25363]
22:43:38.583 [AsyncHttpClient-1-1] DEBUG org.asynchttpclient.netty.channel.DefaultChannelPool - Closed 1 connections out of 1 in 0 ms
22:43:39.452 [AsyncHttpClient-1-2] DEBUG org.asynchttpclient.netty.handler.HttpHandler - 

Request DefaultHttpRequest(decodeResult: success, version: HTTP/1.1)
POST /session HTTP/1.1
User-Agent: selenium/4.12.0 (java windows)
Content-Length: 254
Content-Type: application/json; charset=utf-8
host: localhost:41147
accept: */*

Response DefaultHttpResponse(decodeResult: success, version: HTTP/1.1)
HTTP/1.1 200 OK
Content-Length: 888
Content-Type: application/json; charset=utf-8
cache-control: no-cache

22:43:39.452 [AsyncHttpClient-1-2] DEBUG org.asynchttpclient.netty.channel.ChannelManager - Adding key: http://localhost:41147 for channel [id: 0x8e5a5cf2, L:/127.0.0.1:55024 - R:localhost/127.0.0.1:41147]
22:43:39.468 [AsyncHttpClient-1-3] DEBUG org.asynchttpclient.netty.channel.NettyConnectListener - Using new Channel '[id: 0x6db88e13, L:/127.0.0.1:55032 - R:localhost/127.0.0.1:55025]' for 'GET' to '/json/version'
22:43:39.468 [AsyncHttpClient-1-3] DEBUG org.asynchttpclient.netty.handler.HttpHandler - 

Request DefaultFullHttpRequest(decodeResult: success, version: HTTP/1.1, content: EmptyByteBufBE)
GET /json/version HTTP/1.1
User-Agent: selenium/4.12.0 (java windows)
host: localhost:55025
accept: */*

Response DefaultHttpResponse(decodeResult: success, version: HTTP/1.1)
HTTP/1.1 200 OK
Content-Security-Policy: frame-ancestors 'none'
Content-Length: 424
Content-Type: application/json; charset=UTF-8

22:43:39.468 [AsyncHttpClient-1-3] DEBUG org.asynchttpclient.netty.channel.ChannelManager - Adding key: http://localhost:55025 for channel [id: 0x6db88e13, L:/127.0.0.1:55032 - R:localhost/127.0.0.1:55025]
22:43:39.476 [AsyncHttpClient-1-4] DEBUG org.asynchttpclient.netty.channel.NettyConnectListener - Using new Channel '[id: 0x8f75d5b5, L:/127.0.0.1:55033 - R:localhost/127.0.0.1:55025]' for 'GET' to '/devtools/browser/aaa164c0-a2dc-47cb-8589-10be979fd155'
22:43:39.476 [AsyncHttpClient-1-4] DEBUG org.asynchttpclient.netty.handler.WebSocketHandler - 

Request DefaultFullHttpRequest(decodeResult: success, version: HTTP/1.1, content: EmptyByteBufBE)
GET /devtools/browser/aaa164c0-a2dc-47cb-8589-10be979fd155 HTTP/1.1
upgrade: websocket
connection: upgrade
sec-websocket-key: GlWRfxyvWs2S92hI6NT+ww==
sec-websocket-version: 13
origin: http://localhost:55025
host: localhost:55025
accept: */*
user-agent: AHC/2.1

Response DefaultHttpResponse(decodeResult: success, version: HTTP/1.1)
HTTP/1.1 101 WebSocket Protocol Handshake
Upgrade: WebSocket
Connection: Upgrade
Sec-WebSocket-Accept: iWF16znWO7PlCoXqdoOg/VgeyDE=

22:43:39.484 [Forwarding get on session 5990abe861a5dff76d02c6ad79d7a5ec to remote] DEBUG org.asynchttpclient.netty.request.NettyRequestSender - Using pooled Channel '[id: 0x8e5a5cf2, L:/127.0.0.1:55024 - R:localhost/127.0.0.1:41147]' for 'POST' to 'http://localhost:41147/session/5990abe861a5dff76d02c6ad79d7a5ec/url'
22:43:39.484 [Forwarding get on session 5990abe861a5dff76d02c6ad79d7a5ec to remote] DEBUG org.asynchttpclient.netty.request.NettyRequestSender - Using open Channel [id: 0x8e5a5cf2, L:/127.0.0.1:55024 - R:localhost/127.0.0.1:41147] for POST '/session/5990abe861a5dff76d02c6ad79d7a5ec/url'
22:43:39.692 [AsyncHttpClient-1-1] DEBUG org.asynchttpclient.netty.channel.DefaultChannelPool - Entry count for : http://localhost:55025 : 1
22:43:40.786 [AsyncHttpClient-1-1] DEBUG org.asynchttpclient.netty.channel.DefaultChannelPool - Entry count for : http://localhost:55025 : 1
22:43:41.260 [AsyncHttpClient-1-2] DEBUG org.asynchttpclient.netty.handler.HttpHandler - 

Request DefaultHttpRequest(decodeResult: success, version: HTTP/1.1)
POST /session/5990abe861a5dff76d02c6ad79d7a5ec/url HTTP/1.1
User-Agent: selenium/4.12.0 (java windows)
Content-Length: 92
Content-Type: application/json; charset=utf-8
host: localhost:41147
accept: */*

Response DefaultHttpResponse(decodeResult: success, version: HTTP/1.1)
HTTP/1.1 200 OK
Content-Length: 14
Content-Type: application/json; charset=utf-8
cache-control: no-cache

22:43:41.260 [AsyncHttpClient-1-2] DEBUG org.asynchttpclient.netty.channel.ChannelManager - Adding key: http://localhost:41147 for channel [id: 0x8e5a5cf2, L:/127.0.0.1:55024 - R:localhost/127.0.0.1:41147]
22:43:41.260 [Forwarding maximizeCurrentWindow on session 5990abe861a5dff76d02c6ad79d7a5ec to remote] DEBUG org.asynchttpclient.netty.request.NettyRequestSender - Using pooled Channel '[id: 0x8e5a5cf2, L:/127.0.0.1:55024 - R:localhost/127.0.0.1:41147]' for 'POST' to 'http://localhost:41147/session/5990abe861a5dff76d02c6ad79d7a5ec/window/maximize'
22:43:41.260 [Forwarding maximizeCurrentWindow on session 5990abe861a5dff76d02c6ad79d7a5ec to remote] DEBUG org.asynchttpclient.netty.request.NettyRequestSender - Using open Channel [id: 0x8e5a5cf2, L:/127.0.0.1:55024 - R:localhost/127.0.0.1:41147] for POST '/session/5990abe861a5dff76d02c6ad79d7a5ec/window/maximize'
22:43:41.372 [AsyncHttpClient-1-2] DEBUG org.asynchttpclient.netty.handler.HttpHandler - 

Request DefaultHttpRequest(decodeResult: success, version: HTTP/1.1)
POST /session/5990abe861a5dff76d02c6ad79d7a5ec/window/maximize HTTP/1.1
User-Agent: selenium/4.12.0 (java windows)
Content-Length: 3
Content-Type: application/json; charset=utf-8
host: localhost:41147
accept: */*

Response DefaultHttpResponse(decodeResult: success, version: HTTP/1.1)
HTTP/1.1 200 OK
Content-Length: 51
Content-Type: application/json; charset=utf-8
cache-control: no-cache

22:43:41.372 [AsyncHttpClient-1-2] DEBUG org.asynchttpclient.netty.channel.ChannelManager - Adding key: http://localhost:41147 for channel [id: 0x8e5a5cf2, L:/127.0.0.1:55024 - R:localhost/127.0.0.1:41147]
22:43:41.372 [Forwarding findElement on session 5990abe861a5dff76d02c6ad79d7a5ec to remote] DEBUG org.asynchttpclient.netty.request.NettyRequestSender - Using pooled Channel '[id: 0x8e5a5cf2, L:/127.0.0.1:55024 - R:localhost/127.0.0.1:41147]' for 'POST' to 'http://localhost:41147/session/5990abe861a5dff76d02c6ad79d7a5ec/element'
22:43:41.372 [Forwarding findElement on session 5990abe861a5dff76d02c6ad79d7a5ec to remote] DEBUG org.asynchttpclient.netty.request.NettyRequestSender - Using open Channel [id: 0x8e5a5cf2, L:/127.0.0.1:55024 - R:localhost/127.0.0.1:41147] for POST '/session/5990abe861a5dff76d02c6ad79d7a5ec/element'
22:43:41.404 [AsyncHttpClient-1-2] DEBUG org.asynchttpclient.netty.handler.HttpHandler - 

Request DefaultHttpRequest(decodeResult: success, version: HTTP/1.1)
POST /session/5990abe861a5dff76d02c6ad79d7a5ec/element HTTP/1.1
User-Agent: selenium/4.12.0 (java windows)
Content-Length: 69
Content-Type: application/json; charset=utf-8
host: localhost:41147
accept: */*

Response DefaultHttpResponse(decodeResult: success, version: HTTP/1.1)
HTTP/1.1 200 OK
Content-Length: 125
Content-Type: application/json; charset=utf-8
cache-control: no-cache

22:43:41.404 [AsyncHttpClient-1-2] DEBUG org.asynchttpclient.netty.channel.ChannelManager - Adding key: http://localhost:41147 for channel [id: 0x8e5a5cf2, L:/127.0.0.1:55024 - R:localhost/127.0.0.1:41147]
22:43:41.404 [Forwarding sendKeysToElement on session 5990abe861a5dff76d02c6ad79d7a5ec to remote] DEBUG org.asynchttpclient.netty.request.NettyRequestSender - Using pooled Channel '[id: 0x8e5a5cf2, L:/127.0.0.1:55024 - R:localhost/127.0.0.1:41147]' for 'POST' to 'http://localhost:41147/session/5990abe861a5dff76d02c6ad79d7a5ec/element/f.5A6311CCD71F57A42D7A48717F927A23.d.7CDCF24ACAEE612392B5846679C7696F.e.4/value'
22:43:41.404 [Forwarding sendKeysToElement on session 5990abe861a5dff76d02c6ad79d7a5ec to remote] DEBUG org.asynchttpclient.netty.request.NettyRequestSender - Using open Channel [id: 0x8e5a5cf2, L:/127.0.0.1:55024 - R:localhost/127.0.0.1:41147] for POST '/session/5990abe861a5dff76d02c6ad79d7a5ec/element/f.5A6311CCD71F57A42D7A48717F927A23.d.7CDCF24ACAEE612392B5846679C7696F.e.4/value'
22:43:41.710 [AsyncHttpClient-1-2] DEBUG org.asynchttpclient.netty.handler.HttpHandler - 

Request DefaultHttpRequest(decodeResult: success, version: HTTP/1.1)
POST /session/5990abe861a5dff76d02c6ad79d7a5ec/element/f.5A6311CCD71F57A42D7A48717F927A23.d.7CDCF24ACAEE612392B5846679C7696F.e.4/value HTTP/1.1
User-Agent: selenium/4.12.0 (java windows)
Content-Length: 338
Content-Type: application/json; charset=utf-8
host: localhost:41147
accept: */*

Response DefaultHttpResponse(decodeResult: success, version: HTTP/1.1)
HTTP/1.1 200 OK
Content-Length: 14
Content-Type: application/json; charset=utf-8
cache-control: no-cache

22:43:41.710 [AsyncHttpClient-1-2] DEBUG org.asynchttpclient.netty.channel.ChannelManager - Adding key: http://localhost:41147 for channel [id: 0x8e5a5cf2, L:/127.0.0.1:55024 - R:localhost/127.0.0.1:41147]
22:43:41.710 [Forwarding findElement on session 5990abe861a5dff76d02c6ad79d7a5ec to remote] DEBUG org.asynchttpclient.netty.request.NettyRequestSender - Using pooled Channel '[id: 0x8e5a5cf2, L:/127.0.0.1:55024 - R:localhost/127.0.0.1:41147]' for 'POST' to 'http://localhost:41147/session/5990abe861a5dff76d02c6ad79d7a5ec/element'
22:43:41.710 [Forwarding findElement on session 5990abe861a5dff76d02c6ad79d7a5ec to remote] DEBUG org.asynchttpclient.netty.request.NettyRequestSender - Using open Channel [id: 0x8e5a5cf2, L:/127.0.0.1:55024 - R:localhost/127.0.0.1:41147] for POST '/session/5990abe861a5dff76d02c6ad79d7a5ec/element'
22:43:41.726 [AsyncHttpClient-1-2] DEBUG org.asynchttpclient.netty.handler.HttpHandler - 

Request DefaultHttpRequest(decodeResult: success, version: HTTP/1.1)
POST /session/5990abe861a5dff76d02c6ad79d7a5ec/element HTTP/1.1
User-Agent: selenium/4.12.0 (java windows)
Content-Length: 72
Content-Type: application/json; charset=utf-8
host: localhost:41147
accept: */*

Response DefaultHttpResponse(decodeResult: success, version: HTTP/1.1)
HTTP/1.1 200 OK
Content-Length: 125
Content-Type: application/json; charset=utf-8
cache-control: no-cache

22:43:41.726 [AsyncHttpClient-1-2] DEBUG org.asynchttpclient.netty.channel.ChannelManager - Adding key: http://localhost:41147 for channel [id: 0x8e5a5cf2, L:/127.0.0.1:55024 - R:localhost/127.0.0.1:41147]
22:43:41.726 [Forwarding sendKeysToElement on session 5990abe861a5dff76d02c6ad79d7a5ec to remote] DEBUG org.asynchttpclient.netty.request.NettyRequestSender - Using pooled Channel '[id: 0x8e5a5cf2, L:/127.0.0.1:55024 - R:localhost/127.0.0.1:41147]' for 'POST' to 'http://localhost:41147/session/5990abe861a5dff76d02c6ad79d7a5ec/element/f.5A6311CCD71F57A42D7A48717F927A23.d.7CDCF24ACAEE612392B5846679C7696F.e.6/value'
22:43:41.726 [Forwarding sendKeysToElement on session 5990abe861a5dff76d02c6ad79d7a5ec to remote] DEBUG org.asynchttpclient.netty.request.NettyRequestSender - Using open Channel [id: 0x8e5a5cf2, L:/127.0.0.1:55024 - R:localhost/127.0.0.1:41147] for POST '/session/5990abe861a5dff76d02c6ad79d7a5ec/element/f.5A6311CCD71F57A42D7A48717F927A23.d.7CDCF24ACAEE612392B5846679C7696F.e.6/value'
22:43:41.886 [AsyncHttpClient-1-1] DEBUG org.asynchttpclient.netty.channel.DefaultChannelPool - Entry count for : http://localhost:55025 : 1
22:43:41.974 [AsyncHttpClient-1-2] DEBUG org.asynchttpclient.netty.handler.HttpHandler - 

Request DefaultHttpRequest(decodeResult: success, version: HTTP/1.1)
POST /session/5990abe861a5dff76d02c6ad79d7a5ec/element/f.5A6311CCD71F57A42D7A48717F927A23.d.7CDCF24ACAEE612392B5846679C7696F.e.6/value HTTP/1.1
User-Agent: selenium/4.12.0 (java windows)
Content-Length: 208
Content-Type: application/json; charset=utf-8
host: localhost:41147
accept: */*

Response DefaultHttpResponse(decodeResult: success, version: HTTP/1.1)
HTTP/1.1 200 OK
Content-Length: 14
Content-Type: application/json; charset=utf-8
cache-control: no-cache

22:43:41.974 [AsyncHttpClient-1-2] DEBUG org.asynchttpclient.netty.channel.ChannelManager - Adding key: http://localhost:41147 for channel [id: 0x8e5a5cf2, L:/127.0.0.1:55024 - R:localhost/127.0.0.1:41147]
22:43:41.975 [Forwarding findElement on session 5990abe861a5dff76d02c6ad79d7a5ec to remote] DEBUG org.asynchttpclient.netty.request.NettyRequestSender - Using pooled Channel '[id: 0x8e5a5cf2, L:/127.0.0.1:55024 - R:localhost/127.0.0.1:41147]' for 'POST' to 'http://localhost:41147/session/5990abe861a5dff76d02c6ad79d7a5ec/element'
22:43:41.975 [Forwarding findElement on session 5990abe861a5dff76d02c6ad79d7a5ec to remote] DEBUG org.asynchttpclient.netty.request.NettyRequestSender - Using open Channel [id: 0x8e5a5cf2, L:/127.0.0.1:55024 - R:localhost/127.0.0.1:41147] for POST '/session/5990abe861a5dff76d02c6ad79d7a5ec/element'
22:43:41.996 [AsyncHttpClient-1-2] DEBUG org.asynchttpclient.netty.handler.HttpHandler - 

Request DefaultHttpRequest(decodeResult: success, version: HTTP/1.1)
POST /session/5990abe861a5dff76d02c6ad79d7a5ec/element HTTP/1.1
User-Agent: selenium/4.12.0 (java windows)
Content-Length: 73
Content-Type: application/json; charset=utf-8
host: localhost:41147
accept: */*

Response DefaultHttpResponse(decodeResult: success, version: HTTP/1.1)
HTTP/1.1 200 OK
Content-Length: 125
Content-Type: application/json; charset=utf-8
cache-control: no-cache

22:43:41.996 [AsyncHttpClient-1-2] DEBUG org.asynchttpclient.netty.channel.ChannelManager - Adding key: http://localhost:41147 for channel [id: 0x8e5a5cf2, L:/127.0.0.1:55024 - R:localhost/127.0.0.1:41147]
22:43:41.998 [Forwarding clickElement on session 5990abe861a5dff76d02c6ad79d7a5ec to remote] DEBUG org.asynchttpclient.netty.request.NettyRequestSender - Using pooled Channel '[id: 0x8e5a5cf2, L:/127.0.0.1:55024 - R:localhost/127.0.0.1:41147]' for 'POST' to 'http://localhost:41147/session/5990abe861a5dff76d02c6ad79d7a5ec/element/f.5A6311CCD71F57A42D7A48717F927A23.d.7CDCF24ACAEE612392B5846679C7696F.e.8/click'
22:43:41.998 [Forwarding clickElement on session 5990abe861a5dff76d02c6ad79d7a5ec to remote] DEBUG org.asynchttpclient.netty.request.NettyRequestSender - Using open Channel [id: 0x8e5a5cf2, L:/127.0.0.1:55024 - R:localhost/127.0.0.1:41147] for POST '/session/5990abe861a5dff76d02c6ad79d7a5ec/element/f.5A6311CCD71F57A42D7A48717F927A23.d.7CDCF24ACAEE612392B5846679C7696F.e.8/click'
22:43:42.181 [AsyncHttpClient-1-2] DEBUG org.asynchttpclient.netty.handler.HttpHandler - 

Request DefaultHttpRequest(decodeResult: success, version: HTTP/1.1)
POST /session/5990abe861a5dff76d02c6ad79d7a5ec/element/f.5A6311CCD71F57A42D7A48717F927A23.d.7CDCF24ACAEE612392B5846679C7696F.e.8/click HTTP/1.1
User-Agent: selenium/4.12.0 (java windows)
Content-Length: 87
Content-Type: application/json; charset=utf-8
host: localhost:41147
accept: */*

Response DefaultHttpResponse(decodeResult: success, version: HTTP/1.1)
HTTP/1.1 200 OK
Content-Length: 14
Content-Type: application/json; charset=utf-8
cache-control: no-cache

22:43:42.181 [AsyncHttpClient-1-2] DEBUG org.asynchttpclient.netty.channel.ChannelManager - Adding key: http://localhost:41147 for channel [id: 0x8e5a5cf2, L:/127.0.0.1:55024 - R:localhost/127.0.0.1:41147]
22:43:42.989 [AsyncHttpClient-1-1] DEBUG org.asynchttpclient.netty.channel.DefaultChannelPool - Entry count for : http://localhost:55025 : 1
22:43:42.989 [AsyncHttpClient-1-1] DEBUG org.asynchttpclient.netty.channel.DefaultChannelPool - Entry count for : http://localhost:41147 : 1
22:43:44.081 [AsyncHttpClient-1-1] DEBUG org.asynchttpclient.netty.channel.DefaultChannelPool - Entry count for : http://localhost:55025 : 1
22:43:44.081 [AsyncHttpClient-1-1] DEBUG org.asynchttpclient.netty.channel.DefaultChannelPool - Entry count for : http://localhost:41147 : 1
22:43:45.187 [AsyncHttpClient-1-1] DEBUG org.asynchttpclient.netty.channel.DefaultChannelPool - Entry count for : http://localhost:55025 : 1
22:43:45.188 [AsyncHttpClient-1-1] DEBUG org.asynchttpclient.netty.channel.DefaultChannelPool - Entry count for : http://localhost:41147 : 1
22:43:46.288 [AsyncHttpClient-1-1] DEBUG org.asynchttpclient.netty.channel.DefaultChannelPool - Entry count for : http://localhost:55025 : 1
22:43:46.288 [AsyncHttpClient-1-1] DEBUG org.asynchttpclient.netty.channel.DefaultChannelPool - Entry count for : http://localhost:41147 : 1
22:43:47.192 [Forwarding getCurrentUrl on session 5990abe861a5dff76d02c6ad79d7a5ec to remote] DEBUG org.asynchttpclient.netty.request.NettyRequestSender - Using pooled Channel '[id: 0x8e5a5cf2, L:/127.0.0.1:55024 - R:localhost/127.0.0.1:41147]' for 'GET' to 'http://localhost:41147/session/5990abe861a5dff76d02c6ad79d7a5ec/url'
22:43:47.192 [Forwarding getCurrentUrl on session 5990abe861a5dff76d02c6ad79d7a5ec to remote] DEBUG org.asynchttpclient.netty.request.NettyRequestSender - Using open Channel [id: 0x8e5a5cf2, L:/127.0.0.1:55024 - R:localhost/127.0.0.1:41147] for GET '/session/5990abe861a5dff76d02c6ad79d7a5ec/url'
22:43:47.201 [AsyncHttpClient-1-2] DEBUG org.asynchttpclient.netty.handler.HttpHandler - 

Request DefaultFullHttpRequest(decodeResult: success, version: HTTP/1.1, content: EmptyByteBufBE)
GET /session/5990abe861a5dff76d02c6ad79d7a5ec/url HTTP/1.1
Cache-Control: no-cache
User-Agent: selenium/4.12.0 (java windows)
Content-Type: application/json; charset=utf-8
host: localhost:41147
accept: */*

Response DefaultHttpResponse(decodeResult: success, version: HTTP/1.1)
HTTP/1.1 200 OK
Content-Length: 69
Content-Type: application/json; charset=utf-8
cache-control: no-cache

22:43:47.201 [AsyncHttpClient-1-2] DEBUG org.asynchttpclient.netty.channel.ChannelManager - Adding key: http://localhost:41147 for channel [id: 0x8e5a5cf2, L:/127.0.0.1:55024 - R:localhost/127.0.0.1:41147]
https://fleet-manager-development.vercel.app/auth/sign-in
22:43:47.201 [Forwarding findElement on session 5990abe861a5dff76d02c6ad79d7a5ec to remote] DEBUG org.asynchttpclient.netty.request.NettyRequestSender - Using pooled Channel '[id: 0x8e5a5cf2, L:/127.0.0.1:55024 - R:localhost/127.0.0.1:41147]' for 'POST' to 'http://localhost:41147/session/5990abe861a5dff76d02c6ad79d7a5ec/element'
22:43:47.201 [Forwarding findElement on session 5990abe861a5dff76d02c6ad79d7a5ec to remote] DEBUG org.asynchttpclient.netty.request.NettyRequestSender - Using open Channel [id: 0x8e5a5cf2, L:/127.0.0.1:55024 - R:localhost/127.0.0.1:41147] for POST '/session/5990abe861a5dff76d02c6ad79d7a5ec/element'
22:43:47.226 [AsyncHttpClient-1-2] DEBUG org.asynchttpclient.netty.handler.HttpHandler - 

Request DefaultHttpRequest(decodeResult: success, version: HTTP/1.1)
POST /session/5990abe861a5dff76d02c6ad79d7a5ec/element HTTP/1.1
User-Agent: selenium/4.12.0 (java windows)
Content-Length: 66
Content-Type: application/json; charset=utf-8
host: localhost:41147
accept: */*

Response DefaultHttpResponse(decodeResult: success, version: HTTP/1.1)
HTTP/1.1 200 OK
Content-Length: 126
Content-Type: application/json; charset=utf-8
cache-control: no-cache

22:43:47.226 [AsyncHttpClient-1-2] DEBUG org.asynchttpclient.netty.channel.ChannelManager - Adding key: http://localhost:41147 for channel [id: 0x8e5a5cf2, L:/127.0.0.1:55024 - R:localhost/127.0.0.1:41147]
22:43:47.230 [Forwarding isElementDisplayed on session 5990abe861a5dff76d02c6ad79d7a5ec to remote] DEBUG org.asynchttpclient.netty.request.NettyRequestSender - Using pooled Channel '[id: 0x8e5a5cf2, L:/127.0.0.1:55024 - R:localhost/127.0.0.1:41147]' for 'POST' to 'http://localhost:41147/session/5990abe861a5dff76d02c6ad79d7a5ec/execute/sync'
22:43:47.230 [Forwarding isElementDisplayed on session 5990abe861a5dff76d02c6ad79d7a5ec to remote] DEBUG org.asynchttpclient.netty.request.NettyRequestSender - Using open Channel [id: 0x8e5a5cf2, L:/127.0.0.1:55024 - R:localhost/127.0.0.1:41147] for POST '/session/5990abe861a5dff76d02c6ad79d7a5ec/execute/sync'
22:43:47.256 [AsyncHttpClient-1-2] DEBUG org.asynchttpclient.netty.handler.HttpHandler - 

Request DefaultHttpRequest(decodeResult: success, version: HTTP/1.1)
POST /session/5990abe861a5dff76d02c6ad79d7a5ec/execute/sync HTTP/1.1
User-Agent: selenium/4.12.0 (java windows)
Content-Length: 48734
Content-Type: application/json; charset=utf-8
host: localhost:41147
accept: */*

Response DefaultHttpResponse(decodeResult: success, version: HTTP/1.1)
HTTP/1.1 200 OK
Content-Length: 14
Content-Type: application/json; charset=utf-8
cache-control: no-cache

22:43:47.256 [AsyncHttpClient-1-2] DEBUG org.asynchttpclient.netty.channel.ChannelManager - Adding key: http://localhost:41147 for channel [id: 0x8e5a5cf2, L:/127.0.0.1:55024 - R:localhost/127.0.0.1:41147]
22:43:47.257 [Forwarding findElement on session 5990abe861a5dff76d02c6ad79d7a5ec to remote] DEBUG org.asynchttpclient.netty.request.NettyRequestSender - Using pooled Channel '[id: 0x8e5a5cf2, L:/127.0.0.1:55024 - R:localhost/127.0.0.1:41147]' for 'POST' to 'http://localhost:41147/session/5990abe861a5dff76d02c6ad79d7a5ec/element'
22:43:47.257 [Forwarding findElement on session 5990abe861a5dff76d02c6ad79d7a5ec to remote] DEBUG org.asynchttpclient.netty.request.NettyRequestSender - Using open Channel [id: 0x8e5a5cf2, L:/127.0.0.1:55024 - R:localhost/127.0.0.1:41147] for POST '/session/5990abe861a5dff76d02c6ad79d7a5ec/element'
22:43:47.270 [AsyncHttpClient-1-2] DEBUG org.asynchttpclient.netty.handler.HttpHandler - 

Request DefaultHttpRequest(decodeResult: success, version: HTTP/1.1)
POST /session/5990abe861a5dff76d02c6ad79d7a5ec/element HTTP/1.1
User-Agent: selenium/4.12.0 (java windows)
Content-Length: 66
Content-Type: application/json; charset=utf-8
host: localhost:41147
accept: */*

Response DefaultHttpResponse(decodeResult: success, version: HTTP/1.1)
HTTP/1.1 200 OK
Content-Length: 126
Content-Type: application/json; charset=utf-8
cache-control: no-cache

22:43:47.270 [AsyncHttpClient-1-2] DEBUG org.asynchttpclient.netty.channel.ChannelManager - Adding key: http://localhost:41147 for channel [id: 0x8e5a5cf2, L:/127.0.0.1:55024 - R:localhost/127.0.0.1:41147]
22:43:47.270 [Forwarding getElementText on session 5990abe861a5dff76d02c6ad79d7a5ec to remote] DEBUG org.asynchttpclient.netty.request.NettyRequestSender - Using pooled Channel '[id: 0x8e5a5cf2, L:/127.0.0.1:55024 - R:localhost/127.0.0.1:41147]' for 'GET' to 'http://localhost:41147/session/5990abe861a5dff76d02c6ad79d7a5ec/element/f.5A6311CCD71F57A42D7A48717F927A23.d.7CDCF24ACAEE612392B5846679C7696F.e.19/text'
22:43:47.270 [Forwarding getElementText on session 5990abe861a5dff76d02c6ad79d7a5ec to remote] DEBUG org.asynchttpclient.netty.request.NettyRequestSender - Using open Channel [id: 0x8e5a5cf2, L:/127.0.0.1:55024 - R:localhost/127.0.0.1:41147] for GET '/session/5990abe861a5dff76d02c6ad79d7a5ec/element/f.5A6311CCD71F57A42D7A48717F927A23.d.7CDCF24ACAEE612392B5846679C7696F.e.19/text'
22:43:47.289 [AsyncHttpClient-1-2] DEBUG org.asynchttpclient.netty.handler.HttpHandler - 

Request DefaultFullHttpRequest(decodeResult: success, version: HTTP/1.1, content: EmptyByteBufBE)
GET /session/5990abe861a5dff76d02c6ad79d7a5ec/element/f.5A6311CCD71F57A42D7A48717F927A23.d.7CDCF24ACAEE612392B5846679C7696F.e.19/text HTTP/1.1
Cache-Control: no-cache
User-Agent: selenium/4.12.0 (java windows)
Content-Type: application/json; charset=utf-8
host: localhost:41147
accept: */*

Response DefaultHttpResponse(decodeResult: success, version: HTTP/1.1)
HTTP/1.1 200 OK
Content-Length: 33
Content-Type: application/json; charset=utf-8
cache-control: no-cache

22:43:47.289 [AsyncHttpClient-1-2] DEBUG org.asynchttpclient.netty.channel.ChannelManager - Adding key: http://localhost:41147 for channel [id: 0x8e5a5cf2, L:/127.0.0.1:55024 - R:localhost/127.0.0.1:41147]
22:43:47.290 [Forwarding findElement on session 5990abe861a5dff76d02c6ad79d7a5ec to remote] DEBUG org.asynchttpclient.netty.request.NettyRequestSender - Using pooled Channel '[id: 0x8e5a5cf2, L:/127.0.0.1:55024 - R:localhost/127.0.0.1:41147]' for 'POST' to 'http://localhost:41147/session/5990abe861a5dff76d02c6ad79d7a5ec/element'
22:43:47.290 [Forwarding findElement on session 5990abe861a5dff76d02c6ad79d7a5ec to remote] DEBUG org.asynchttpclient.netty.request.NettyRequestSender - Using open Channel [id: 0x8e5a5cf2, L:/127.0.0.1:55024 - R:localhost/127.0.0.1:41147] for POST '/session/5990abe861a5dff76d02c6ad79d7a5ec/element'
22:43:47.298 [AsyncHttpClient-1-2] DEBUG org.asynchttpclient.netty.handler.HttpHandler - 

Request DefaultHttpRequest(decodeResult: success, version: HTTP/1.1)
POST /session/5990abe861a5dff76d02c6ad79d7a5ec/element HTTP/1.1
User-Agent: selenium/4.12.0 (java windows)
Content-Length: 74
Content-Type: application/json; charset=utf-8
host: localhost:41147
accept: */*

Response DefaultHttpResponse(decodeResult: success, version: HTTP/1.1)
HTTP/1.1 200 OK
Content-Length: 126
Content-Type: application/json; charset=utf-8
cache-control: no-cache

22:43:47.298 [AsyncHttpClient-1-2] DEBUG org.asynchttpclient.netty.channel.ChannelManager - Adding key: http://localhost:41147 for channel [id: 0x8e5a5cf2, L:/127.0.0.1:55024 - R:localhost/127.0.0.1:41147]
22:43:47.307 [Forwarding clickElement on session 5990abe861a5dff76d02c6ad79d7a5ec to remote] DEBUG org.asynchttpclient.netty.request.NettyRequestSender - Using pooled Channel '[id: 0x8e5a5cf2, L:/127.0.0.1:55024 - R:localhost/127.0.0.1:41147]' for 'POST' to 'http://localhost:41147/session/5990abe861a5dff76d02c6ad79d7a5ec/element/f.5A6311CCD71F57A42D7A48717F927A23.d.7CDCF24ACAEE612392B5846679C7696F.e.20/click'
22:43:47.307 [Forwarding clickElement on session 5990abe861a5dff76d02c6ad79d7a5ec to remote] DEBUG org.asynchttpclient.netty.request.NettyRequestSender - Using open Channel [id: 0x8e5a5cf2, L:/127.0.0.1:55024 - R:localhost/127.0.0.1:41147] for POST '/session/5990abe861a5dff76d02c6ad79d7a5ec/element/f.5A6311CCD71F57A42D7A48717F927A23.d.7CDCF24ACAEE612392B5846679C7696F.e.20/click'
22:43:47.381 [AsyncHttpClient-1-1] DEBUG org.asynchttpclient.netty.channel.DefaultChannelPool - Entry count for : http://localhost:55025 : 1
22:43:47.398 [AsyncHttpClient-1-2] DEBUG org.asynchttpclient.netty.handler.HttpHandler - 

Request DefaultHttpRequest(decodeResult: success, version: HTTP/1.1)
POST /session/5990abe861a5dff76d02c6ad79d7a5ec/element/f.5A6311CCD71F57A42D7A48717F927A23.d.7CDCF24ACAEE612392B5846679C7696F.e.20/click HTTP/1.1
User-Agent: selenium/4.12.0 (java windows)
Content-Length: 88
Content-Type: application/json; charset=utf-8
host: localhost:41147
accept: */*

Response DefaultHttpResponse(decodeResult: success, version: HTTP/1.1)
HTTP/1.1 200 OK
Content-Length: 14
Content-Type: application/json; charset=utf-8
cache-control: no-cache

22:43:47.398 [AsyncHttpClient-1-2] DEBUG org.asynchttpclient.netty.channel.ChannelManager - Adding key: http://localhost:41147 for channel [id: 0x8e5a5cf2, L:/127.0.0.1:55024 - R:localhost/127.0.0.1:41147]
22:43:48.486 [AsyncHttpClient-1-1] DEBUG org.asynchttpclient.netty.channel.DefaultChannelPool - Entry count for : http://localhost:55025 : 1
22:43:48.486 [AsyncHttpClient-1-1] DEBUG org.asynchttpclient.netty.channel.DefaultChannelPool - Entry count for : http://localhost:41147 : 1
22:43:49.585 [AsyncHttpClient-1-1] DEBUG org.asynchttpclient.netty.channel.DefaultChannelPool - Entry count for : http://localhost:55025 : 1
22:43:49.585 [AsyncHttpClient-1-1] DEBUG org.asynchttpclient.netty.channel.DefaultChannelPool - Entry count for : http://localhost:41147 : 1
screen shot class not taking
  Given I am on dashboardfokisaj290@edectus.com and Fleet@123            # StepDefination.Customer_onboarding.I_am_on_dashboard(java.lang.String,java.lang.String)
22:43:50.409 [Forwarding findElement on session 5990abe861a5dff76d02c6ad79d7a5ec to remote] DEBUG org.asynchttpclient.netty.request.NettyRequestSender - Using pooled Channel '[id: 0x8e5a5cf2, L:/127.0.0.1:55024 - R:localhost/127.0.0.1:41147]' for 'POST' to 'http://localhost:41147/session/5990abe861a5dff76d02c6ad79d7a5ec/element'
22:43:50.409 [Forwarding findElement on session 5990abe861a5dff76d02c6ad79d7a5ec to remote] DEBUG org.asynchttpclient.netty.request.NettyRequestSender - Using open Channel [id: 0x8e5a5cf2, L:/127.0.0.1:55024 - R:localhost/127.0.0.1:41147] for POST '/session/5990abe861a5dff76d02c6ad79d7a5ec/element'
22:43:50.441 [AsyncHttpClient-1-2] DEBUG org.asynchttpclient.netty.handler.HttpHandler - 

Request DefaultHttpRequest(decodeResult: success, version: HTTP/1.1)
POST /session/5990abe861a5dff76d02c6ad79d7a5ec/element HTTP/1.1
User-Agent: selenium/4.12.0 (java windows)
Content-Length: 127
Content-Type: application/json; charset=utf-8
host: localhost:41147
accept: */*

Response DefaultHttpResponse(decodeResult: success, version: HTTP/1.1)
HTTP/1.1 200 OK
Content-Length: 126
Content-Type: application/json; charset=utf-8
cache-control: no-cache

22:43:50.441 [AsyncHttpClient-1-2] DEBUG org.asynchttpclient.netty.channel.ChannelManager - Adding key: http://localhost:41147 for channel [id: 0x8e5a5cf2, L:/127.0.0.1:55024 - R:localhost/127.0.0.1:41147]
22:43:50.441 [Forwarding getElementText on session 5990abe861a5dff76d02c6ad79d7a5ec to remote] DEBUG org.asynchttpclient.netty.request.NettyRequestSender - Using pooled Channel '[id: 0x8e5a5cf2, L:/127.0.0.1:55024 - R:localhost/127.0.0.1:41147]' for 'GET' to 'http://localhost:41147/session/5990abe861a5dff76d02c6ad79d7a5ec/element/f.5A6311CCD71F57A42D7A48717F927A23.d.B4D2504F783B5EDE81A04A027B3F923B.e.44/text'
22:43:50.441 [Forwarding getElementText on session 5990abe861a5dff76d02c6ad79d7a5ec to remote] DEBUG org.asynchttpclient.netty.request.NettyRequestSender - Using open Channel [id: 0x8e5a5cf2, L:/127.0.0.1:55024 - R:localhost/127.0.0.1:41147] for GET '/session/5990abe861a5dff76d02c6ad79d7a5ec/element/f.5A6311CCD71F57A42D7A48717F927A23.d.B4D2504F783B5EDE81A04A027B3F923B.e.44/text'
22:43:50.482 [AsyncHttpClient-1-2] DEBUG org.asynchttpclient.netty.handler.HttpHandler - 

Request DefaultFullHttpRequest(decodeResult: success, version: HTTP/1.1, content: EmptyByteBufBE)
GET /session/5990abe861a5dff76d02c6ad79d7a5ec/element/f.5A6311CCD71F57A42D7A48717F927A23.d.B4D2504F783B5EDE81A04A027B3F923B.e.44/text HTTP/1.1
Cache-Control: no-cache
User-Agent: selenium/4.12.0 (java windows)
Content-Type: application/json; charset=utf-8
host: localhost:41147
accept: */*

Response DefaultHttpResponse(decodeResult: success, version: HTTP/1.1)
HTTP/1.1 200 OK
Content-Length: 21
Content-Type: application/json; charset=utf-8
cache-control: no-cache

22:43:50.482 [AsyncHttpClient-1-2] DEBUG org.asynchttpclient.netty.channel.ChannelManager - Adding key: http://localhost:41147 for channel [id: 0x8e5a5cf2, L:/127.0.0.1:55024 - R:localhost/127.0.0.1:41147]
22:43:50.482 [Forwarding findElement on session 5990abe861a5dff76d02c6ad79d7a5ec to remote] DEBUG org.asynchttpclient.netty.request.NettyRequestSender - Using pooled Channel '[id: 0x8e5a5cf2, L:/127.0.0.1:55024 - R:localhost/127.0.0.1:41147]' for 'POST' to 'http://localhost:41147/session/5990abe861a5dff76d02c6ad79d7a5ec/element'
22:43:50.482 [Forwarding findElement on session 5990abe861a5dff76d02c6ad79d7a5ec to remote] DEBUG org.asynchttpclient.netty.request.NettyRequestSender - Using open Channel [id: 0x8e5a5cf2, L:/127.0.0.1:55024 - R:localhost/127.0.0.1:41147] for POST '/session/5990abe861a5dff76d02c6ad79d7a5ec/element'
22:43:50.506 [AsyncHttpClient-1-2] DEBUG org.asynchttpclient.netty.handler.HttpHandler - 

Request DefaultHttpRequest(decodeResult: success, version: HTTP/1.1)
POST /session/5990abe861a5dff76d02c6ad79d7a5ec/element HTTP/1.1
User-Agent: selenium/4.12.0 (java windows)
Content-Length: 127
Content-Type: application/json; charset=utf-8
host: localhost:41147
accept: */*

Response DefaultHttpResponse(decodeResult: success, version: HTTP/1.1)
HTTP/1.1 200 OK
Content-Length: 126
Content-Type: application/json; charset=utf-8
cache-control: no-cache

22:43:50.506 [AsyncHttpClient-1-2] DEBUG org.asynchttpclient.netty.channel.ChannelManager - Adding key: http://localhost:41147 for channel [id: 0x8e5a5cf2, L:/127.0.0.1:55024 - R:localhost/127.0.0.1:41147]
22:43:50.514 [Forwarding clickElement on session 5990abe861a5dff76d02c6ad79d7a5ec to remote] DEBUG org.asynchttpclient.netty.request.NettyRequestSender - Using pooled Channel '[id: 0x8e5a5cf2, L:/127.0.0.1:55024 - R:localhost/127.0.0.1:41147]' for 'POST' to 'http://localhost:41147/session/5990abe861a5dff76d02c6ad79d7a5ec/element/f.5A6311CCD71F57A42D7A48717F927A23.d.B4D2504F783B5EDE81A04A027B3F923B.e.44/click'
22:43:50.514 [Forwarding clickElement on session 5990abe861a5dff76d02c6ad79d7a5ec to remote] DEBUG org.asynchttpclient.netty.request.NettyRequestSender - Using open Channel [id: 0x8e5a5cf2, L:/127.0.0.1:55024 - R:localhost/127.0.0.1:41147] for POST '/session/5990abe861a5dff76d02c6ad79d7a5ec/element/f.5A6311CCD71F57A42D7A48717F927A23.d.B4D2504F783B5EDE81A04A027B3F923B.e.44/click'
22:43:50.674 [AsyncHttpClient-1-2] DEBUG org.asynchttpclient.netty.handler.HttpHandler - 

Request DefaultHttpRequest(decodeResult: success, version: HTTP/1.1)
POST /session/5990abe861a5dff76d02c6ad79d7a5ec/element/f.5A6311CCD71F57A42D7A48717F927A23.d.B4D2504F783B5EDE81A04A027B3F923B.e.44/click HTTP/1.1
User-Agent: selenium/4.12.0 (java windows)
Content-Length: 88
Content-Type: application/json; charset=utf-8
host: localhost:41147
accept: */*

Response DefaultHttpResponse(decodeResult: success, version: HTTP/1.1)
HTTP/1.1 200 OK
Content-Length: 14
Content-Type: application/json; charset=utf-8
cache-control: no-cache

22:43:50.674 [AsyncHttpClient-1-2] DEBUG org.asynchttpclient.netty.channel.ChannelManager - Adding key: http://localhost:41147 for channel [id: 0x8e5a5cf2, L:/127.0.0.1:55024 - R:localhost/127.0.0.1:41147]
22:43:50.682 [AsyncHttpClient-1-1] DEBUG org.asynchttpclient.netty.channel.DefaultChannelPool - Entry count for : http://localhost:55025 : 1
22:43:50.682 [AsyncHttpClient-1-1] DEBUG org.asynchttpclient.netty.channel.DefaultChannelPool - Entry count for : http://localhost:41147 : 1
22:43:51.781 [AsyncHttpClient-1-1] DEBUG org.asynchttpclient.netty.channel.DefaultChannelPool - Entry count for : http://localhost:55025 : 1
22:43:51.781 [AsyncHttpClient-1-1] DEBUG org.asynchttpclient.netty.channel.DefaultChannelPool - Entry count for : http://localhost:41147 : 1
screen shot class not taking
22:43:52.683 [Forwarding findElement on session 5990abe861a5dff76d02c6ad79d7a5ec to remote] DEBUG org.asynchttpclient.netty.request.NettyRequestSender - Using pooled Channel '[id: 0x8e5a5cf2, L:/127.0.0.1:55024 - R:localhost/127.0.0.1:41147]' for 'POST' to 'http://localhost:41147/session/5990abe861a5dff76d02c6ad79d7a5ec/element'
22:43:52.683 [Forwarding findElement on session 5990abe861a5dff76d02c6ad79d7a5ec to remote] DEBUG org.asynchttpclient.netty.request.NettyRequestSender - Using open Channel [id: 0x8e5a5cf2, L:/127.0.0.1:55024 - R:localhost/127.0.0.1:41147] for POST '/session/5990abe861a5dff76d02c6ad79d7a5ec/element'
22:43:52.707 [AsyncHttpClient-1-2] DEBUG org.asynchttpclient.netty.handler.HttpHandler - 

Request DefaultHttpRequest(decodeResult: success, version: HTTP/1.1)
POST /session/5990abe861a5dff76d02c6ad79d7a5ec/element HTTP/1.1
User-Agent: selenium/4.12.0 (java windows)
Content-Length: 178
Content-Type: application/json; charset=utf-8
host: localhost:41147
accept: */*

Response DefaultHttpResponse(decodeResult: success, version: HTTP/1.1)
HTTP/1.1 200 OK
Content-Length: 126
Content-Type: application/json; charset=utf-8
cache-control: no-cache

22:43:52.707 [AsyncHttpClient-1-2] DEBUG org.asynchttpclient.netty.channel.ChannelManager - Adding key: http://localhost:41147 for channel [id: 0x8e5a5cf2, L:/127.0.0.1:55024 - R:localhost/127.0.0.1:41147]
22:43:52.707 [Forwarding getElementText on session 5990abe861a5dff76d02c6ad79d7a5ec to remote] DEBUG org.asynchttpclient.netty.request.NettyRequestSender - Using pooled Channel '[id: 0x8e5a5cf2, L:/127.0.0.1:55024 - R:localhost/127.0.0.1:41147]' for 'GET' to 'http://localhost:41147/session/5990abe861a5dff76d02c6ad79d7a5ec/element/f.5A6311CCD71F57A42D7A48717F927A23.d.B4D2504F783B5EDE81A04A027B3F923B.e.47/text'
22:43:52.707 [Forwarding getElementText on session 5990abe861a5dff76d02c6ad79d7a5ec to remote] DEBUG org.asynchttpclient.netty.request.NettyRequestSender - Using open Channel [id: 0x8e5a5cf2, L:/127.0.0.1:55024 - R:localhost/127.0.0.1:41147] for GET '/session/5990abe861a5dff76d02c6ad79d7a5ec/element/f.5A6311CCD71F57A42D7A48717F927A23.d.B4D2504F783B5EDE81A04A027B3F923B.e.47/text'
22:43:52.723 [AsyncHttpClient-1-2] DEBUG org.asynchttpclient.netty.handler.HttpHandler - 

Request DefaultFullHttpRequest(decodeResult: success, version: HTTP/1.1, content: EmptyByteBufBE)
GET /session/5990abe861a5dff76d02c6ad79d7a5ec/element/f.5A6311CCD71F57A42D7A48717F927A23.d.B4D2504F783B5EDE81A04A027B3F923B.e.47/text HTTP/1.1
Cache-Control: no-cache
User-Agent: selenium/4.12.0 (java windows)
Content-Type: application/json; charset=utf-8
host: localhost:41147
accept: */*

Response DefaultHttpResponse(decodeResult: success, version: HTTP/1.1)
HTTP/1.1 200 OK
Content-Length: 28
Content-Type: application/json; charset=utf-8
cache-control: no-cache

22:43:52.723 [AsyncHttpClient-1-2] DEBUG org.asynchttpclient.netty.channel.ChannelManager - Adding key: http://localhost:41147 for channel [id: 0x8e5a5cf2, L:/127.0.0.1:55024 - R:localhost/127.0.0.1:41147]
22:43:52.723 [Forwarding findElement on session 5990abe861a5dff76d02c6ad79d7a5ec to remote] DEBUG org.asynchttpclient.netty.request.NettyRequestSender - Using pooled Channel '[id: 0x8e5a5cf2, L:/127.0.0.1:55024 - R:localhost/127.0.0.1:41147]' for 'POST' to 'http://localhost:41147/session/5990abe861a5dff76d02c6ad79d7a5ec/element'
22:43:52.723 [Forwarding findElement on session 5990abe861a5dff76d02c6ad79d7a5ec to remote] DEBUG org.asynchttpclient.netty.request.NettyRequestSender - Using open Channel [id: 0x8e5a5cf2, L:/127.0.0.1:55024 - R:localhost/127.0.0.1:41147] for POST '/session/5990abe861a5dff76d02c6ad79d7a5ec/element'
22:43:52.739 [AsyncHttpClient-1-2] DEBUG org.asynchttpclient.netty.handler.HttpHandler - 

Request DefaultHttpRequest(decodeResult: success, version: HTTP/1.1)
POST /session/5990abe861a5dff76d02c6ad79d7a5ec/element HTTP/1.1
User-Agent: selenium/4.12.0 (java windows)
Content-Length: 178
Content-Type: application/json; charset=utf-8
host: localhost:41147
accept: */*

Response DefaultHttpResponse(decodeResult: success, version: HTTP/1.1)
HTTP/1.1 200 OK
Content-Length: 126
Content-Type: application/json; charset=utf-8
cache-control: no-cache

22:43:52.739 [AsyncHttpClient-1-2] DEBUG org.asynchttpclient.netty.channel.ChannelManager - Adding key: http://localhost:41147 for channel [id: 0x8e5a5cf2, L:/127.0.0.1:55024 - R:localhost/127.0.0.1:41147]
22:43:52.739 [Forwarding clickElement on session 5990abe861a5dff76d02c6ad79d7a5ec to remote] DEBUG org.asynchttpclient.netty.request.NettyRequestSender - Using pooled Channel '[id: 0x8e5a5cf2, L:/127.0.0.1:55024 - R:localhost/127.0.0.1:41147]' for 'POST' to 'http://localhost:41147/session/5990abe861a5dff76d02c6ad79d7a5ec/element/f.5A6311CCD71F57A42D7A48717F927A23.d.B4D2504F783B5EDE81A04A027B3F923B.e.47/click'
22:43:52.739 [Forwarding clickElement on session 5990abe861a5dff76d02c6ad79d7a5ec to remote] DEBUG org.asynchttpclient.netty.request.NettyRequestSender - Using open Channel [id: 0x8e5a5cf2, L:/127.0.0.1:55024 - R:localhost/127.0.0.1:41147] for POST '/session/5990abe861a5dff76d02c6ad79d7a5ec/element/f.5A6311CCD71F57A42D7A48717F927A23.d.B4D2504F783B5EDE81A04A027B3F923B.e.47/click'
22:43:52.883 [AsyncHttpClient-1-1] DEBUG org.asynchttpclient.netty.channel.DefaultChannelPool - Entry count for : http://localhost:55025 : 1
22:43:52.883 [AsyncHttpClient-1-2] DEBUG org.asynchttpclient.netty.handler.HttpHandler - 

Request DefaultHttpRequest(decodeResult: success, version: HTTP/1.1)
POST /session/5990abe861a5dff76d02c6ad79d7a5ec/element/f.5A6311CCD71F57A42D7A48717F927A23.d.B4D2504F783B5EDE81A04A027B3F923B.e.47/click HTTP/1.1
User-Agent: selenium/4.12.0 (java windows)
Content-Length: 88
Content-Type: application/json; charset=utf-8
host: localhost:41147
accept: */*

Response DefaultHttpResponse(decodeResult: success, version: HTTP/1.1)
HTTP/1.1 200 OK
Content-Length: 14
Content-Type: application/json; charset=utf-8
cache-control: no-cache

22:43:52.883 [AsyncHttpClient-1-2] DEBUG org.asynchttpclient.netty.channel.ChannelManager - Adding key: http://localhost:41147 for channel [id: 0x8e5a5cf2, L:/127.0.0.1:55024 - R:localhost/127.0.0.1:41147]
  When Open customer form                                                # StepDefination.Customer_onboarding.Open_customer_form()
22:43:53.979 [AsyncHttpClient-1-1] DEBUG org.asynchttpclient.netty.channel.DefaultChannelPool - Entry count for : http://localhost:55025 : 1
22:43:53.979 [AsyncHttpClient-1-1] DEBUG org.asynchttpclient.netty.channel.DefaultChannelPool - Entry count for : http://localhost:41147 : 1
22:43:54.404 [Forwarding findElement on session 5990abe861a5dff76d02c6ad79d7a5ec to remote] DEBUG org.asynchttpclient.netty.request.NettyRequestSender - Using pooled Channel '[id: 0x8e5a5cf2, L:/127.0.0.1:55024 - R:localhost/127.0.0.1:41147]' for 'POST' to 'http://localhost:41147/session/5990abe861a5dff76d02c6ad79d7a5ec/element'
22:43:54.404 [Forwarding findElement on session 5990abe861a5dff76d02c6ad79d7a5ec to remote] DEBUG org.asynchttpclient.netty.request.NettyRequestSender - Using open Channel [id: 0x8e5a5cf2, L:/127.0.0.1:55024 - R:localhost/127.0.0.1:41147] for POST '/session/5990abe861a5dff76d02c6ad79d7a5ec/element'
22:43:54.429 [AsyncHttpClient-1-2] DEBUG org.asynchttpclient.netty.handler.HttpHandler - 

Request DefaultHttpRequest(decodeResult: success, version: HTTP/1.1)
POST /session/5990abe861a5dff76d02c6ad79d7a5ec/element HTTP/1.1
User-Agent: selenium/4.12.0 (java windows)
Content-Length: 114
Content-Type: application/json; charset=utf-8
host: localhost:41147
accept: */*

Response DefaultHttpResponse(decodeResult: success, version: HTTP/1.1)
HTTP/1.1 200 OK
Content-Length: 126
Content-Type: application/json; charset=utf-8
cache-control: no-cache

22:43:54.429 [AsyncHttpClient-1-2] DEBUG org.asynchttpclient.netty.channel.ChannelManager - Adding key: http://localhost:41147 for channel [id: 0x8e5a5cf2, L:/127.0.0.1:55024 - R:localhost/127.0.0.1:41147]
22:43:54.429 [Forwarding sendKeysToElement on session 5990abe861a5dff76d02c6ad79d7a5ec to remote] DEBUG org.asynchttpclient.netty.request.NettyRequestSender - Using pooled Channel '[id: 0x8e5a5cf2, L:/127.0.0.1:55024 - R:localhost/127.0.0.1:41147]' for 'POST' to 'http://localhost:41147/session/5990abe861a5dff76d02c6ad79d7a5ec/element/f.5A6311CCD71F57A42D7A48717F927A23.d.B4D2504F783B5EDE81A04A027B3F923B.e.51/value'
22:43:54.429 [Forwarding sendKeysToElement on session 5990abe861a5dff76d02c6ad79d7a5ec to remote] DEBUG org.asynchttpclient.netty.request.NettyRequestSender - Using open Channel [id: 0x8e5a5cf2, L:/127.0.0.1:55024 - R:localhost/127.0.0.1:41147] for POST '/session/5990abe861a5dff76d02c6ad79d7a5ec/element/f.5A6311CCD71F57A42D7A48717F927A23.d.B4D2504F783B5EDE81A04A027B3F923B.e.51/value'
22:43:54.904 [AsyncHttpClient-1-2] DEBUG org.asynchttpclient.netty.handler.HttpHandler - 

Request DefaultHttpRequest(decodeResult: success, version: HTTP/1.1)
POST /session/5990abe861a5dff76d02c6ad79d7a5ec/element/f.5A6311CCD71F57A42D7A48717F927A23.d.B4D2504F783B5EDE81A04A027B3F923B.e.51/value HTTP/1.1
User-Agent: selenium/4.12.0 (java windows)
Content-Length: 409
Content-Type: application/json; charset=utf-8
host: localhost:41147
accept: */*

Response DefaultHttpResponse(decodeResult: success, version: HTTP/1.1)
HTTP/1.1 200 OK
Content-Length: 14
Content-Type: application/json; charset=utf-8
cache-control: no-cache

22:43:54.904 [AsyncHttpClient-1-2] DEBUG org.asynchttpclient.netty.channel.ChannelManager - Adding key: http://localhost:41147 for channel [id: 0x8e5a5cf2, L:/127.0.0.1:55024 - R:localhost/127.0.0.1:41147]
22:43:54.904 [Forwarding findElement on session 5990abe861a5dff76d02c6ad79d7a5ec to remote] DEBUG org.asynchttpclient.netty.request.NettyRequestSender - Using pooled Channel '[id: 0x8e5a5cf2, L:/127.0.0.1:55024 - R:localhost/127.0.0.1:41147]' for 'POST' to 'http://localhost:41147/session/5990abe861a5dff76d02c6ad79d7a5ec/element'
22:43:54.904 [Forwarding findElement on session 5990abe861a5dff76d02c6ad79d7a5ec to remote] DEBUG org.asynchttpclient.netty.request.NettyRequestSender - Using open Channel [id: 0x8e5a5cf2, L:/127.0.0.1:55024 - R:localhost/127.0.0.1:41147] for POST '/session/5990abe861a5dff76d02c6ad79d7a5ec/element'
22:43:54.928 [AsyncHttpClient-1-2] DEBUG org.asynchttpclient.netty.handler.HttpHandler - 

Request DefaultHttpRequest(decodeResult: success, version: HTTP/1.1)
POST /session/5990abe861a5dff76d02c6ad79d7a5ec/element HTTP/1.1
User-Agent: selenium/4.12.0 (java windows)
Content-Length: 87
Content-Type: application/json; charset=utf-8
host: localhost:41147
accept: */*

Response DefaultHttpResponse(decodeResult: success, version: HTTP/1.1)
HTTP/1.1 200 OK
Content-Length: 126
Content-Type: application/json; charset=utf-8
cache-control: no-cache

22:43:54.928 [AsyncHttpClient-1-2] DEBUG org.asynchttpclient.netty.channel.ChannelManager - Adding key: http://localhost:41147 for channel [id: 0x8e5a5cf2, L:/127.0.0.1:55024 - R:localhost/127.0.0.1:41147]
22:43:54.928 [Forwarding sendKeysToElement on session 5990abe861a5dff76d02c6ad79d7a5ec to remote] DEBUG org.asynchttpclient.netty.request.NettyRequestSender - Using pooled Channel '[id: 0x8e5a5cf2, L:/127.0.0.1:55024 - R:localhost/127.0.0.1:41147]' for 'POST' to 'http://localhost:41147/session/5990abe861a5dff76d02c6ad79d7a5ec/element/f.5A6311CCD71F57A42D7A48717F927A23.d.B4D2504F783B5EDE81A04A027B3F923B.e.52/value'
22:43:54.928 [Forwarding sendKeysToElement on session 5990abe861a5dff76d02c6ad79d7a5ec to remote] DEBUG org.asynchttpclient.netty.request.NettyRequestSender - Using open Channel [id: 0x8e5a5cf2, L:/127.0.0.1:55024 - R:localhost/127.0.0.1:41147] for POST '/session/5990abe861a5dff76d02c6ad79d7a5ec/element/f.5A6311CCD71F57A42D7A48717F927A23.d.B4D2504F783B5EDE81A04A027B3F923B.e.52/value'
22:43:55.082 [AsyncHttpClient-1-1] DEBUG org.asynchttpclient.netty.channel.DefaultChannelPool - Entry count for : http://localhost:55025 : 1
22:43:55.218 [AsyncHttpClient-1-2] DEBUG org.asynchttpclient.netty.handler.HttpHandler - 

Request DefaultHttpRequest(decodeResult: success, version: HTTP/1.1)
POST /session/5990abe861a5dff76d02c6ad79d7a5ec/element/f.5A6311CCD71F57A42D7A48717F927A23.d.B4D2504F783B5EDE81A04A027B3F923B.e.52/value HTTP/1.1
User-Agent: selenium/4.12.0 (java windows)
Content-Length: 179
Content-Type: application/json; charset=utf-8
host: localhost:41147
accept: */*

Response DefaultHttpResponse(decodeResult: success, version: HTTP/1.1)
HTTP/1.1 200 OK
Content-Length: 14
Content-Type: application/json; charset=utf-8
cache-control: no-cache

22:43:55.218 [AsyncHttpClient-1-2] DEBUG org.asynchttpclient.netty.channel.ChannelManager - Adding key: http://localhost:41147 for channel [id: 0x8e5a5cf2, L:/127.0.0.1:55024 - R:localhost/127.0.0.1:41147]
22:43:55.218 [Forwarding findElement on session 5990abe861a5dff76d02c6ad79d7a5ec to remote] DEBUG org.asynchttpclient.netty.request.NettyRequestSender - Using pooled Channel '[id: 0x8e5a5cf2, L:/127.0.0.1:55024 - R:localhost/127.0.0.1:41147]' for 'POST' to 'http://localhost:41147/session/5990abe861a5dff76d02c6ad79d7a5ec/element'
22:43:55.218 [Forwarding findElement on session 5990abe861a5dff76d02c6ad79d7a5ec to remote] DEBUG org.asynchttpclient.netty.request.NettyRequestSender - Using open Channel [id: 0x8e5a5cf2, L:/127.0.0.1:55024 - R:localhost/127.0.0.1:41147] for POST '/session/5990abe861a5dff76d02c6ad79d7a5ec/element'
22:43:55.250 [AsyncHttpClient-1-2] DEBUG org.asynchttpclient.netty.handler.HttpHandler - 

Request DefaultHttpRequest(decodeResult: success, version: HTTP/1.1)
POST /session/5990abe861a5dff76d02c6ad79d7a5ec/element HTTP/1.1
User-Agent: selenium/4.12.0 (java windows)
Content-Length: 96
Content-Type: application/json; charset=utf-8
host: localhost:41147
accept: */*

Response DefaultHttpResponse(decodeResult: success, version: HTTP/1.1)
HTTP/1.1 200 OK
Content-Length: 126
Content-Type: application/json; charset=utf-8
cache-control: no-cache

22:43:55.250 [AsyncHttpClient-1-2] DEBUG org.asynchttpclient.netty.channel.ChannelManager - Adding key: http://localhost:41147 for channel [id: 0x8e5a5cf2, L:/127.0.0.1:55024 - R:localhost/127.0.0.1:41147]
22:43:55.250 [Forwarding sendKeysToElement on session 5990abe861a5dff76d02c6ad79d7a5ec to remote] DEBUG org.asynchttpclient.netty.request.NettyRequestSender - Using pooled Channel '[id: 0x8e5a5cf2, L:/127.0.0.1:55024 - R:localhost/127.0.0.1:41147]' for 'POST' to 'http://localhost:41147/session/5990abe861a5dff76d02c6ad79d7a5ec/element/f.5A6311CCD71F57A42D7A48717F927A23.d.B4D2504F783B5EDE81A04A027B3F923B.e.53/value'
22:43:55.250 [Forwarding sendKeysToElement on session 5990abe861a5dff76d02c6ad79d7a5ec to remote] DEBUG org.asynchttpclient.netty.request.NettyRequestSender - Using open Channel [id: 0x8e5a5cf2, L:/127.0.0.1:55024 - R:localhost/127.0.0.1:41147] for POST '/session/5990abe861a5dff76d02c6ad79d7a5ec/element/f.5A6311CCD71F57A42D7A48717F927A23.d.B4D2504F783B5EDE81A04A027B3F923B.e.53/value'
22:43:55.554 [AsyncHttpClient-1-2] DEBUG org.asynchttpclient.netty.handler.HttpHandler - 

Request DefaultHttpRequest(decodeResult: success, version: HTTP/1.1)
POST /session/5990abe861a5dff76d02c6ad79d7a5ec/element/f.5A6311CCD71F57A42D7A48717F927A23.d.B4D2504F783B5EDE81A04A027B3F923B.e.53/value HTTP/1.1
User-Agent: selenium/4.12.0 (java windows)
Content-Length: 229
Content-Type: application/json; charset=utf-8
host: localhost:41147
accept: */*

Response DefaultHttpResponse(decodeResult: success, version: HTTP/1.1)
HTTP/1.1 200 OK
Content-Length: 14
Content-Type: application/json; charset=utf-8
cache-control: no-cache

22:43:55.554 [AsyncHttpClient-1-2] DEBUG org.asynchttpclient.netty.channel.ChannelManager - Adding key: http://localhost:41147 for channel [id: 0x8e5a5cf2, L:/127.0.0.1:55024 - R:localhost/127.0.0.1:41147]
22:43:55.554 [Forwarding findElement on session 5990abe861a5dff76d02c6ad79d7a5ec to remote] DEBUG org.asynchttpclient.netty.request.NettyRequestSender - Using pooled Channel '[id: 0x8e5a5cf2, L:/127.0.0.1:55024 - R:localhost/127.0.0.1:41147]' for 'POST' to 'http://localhost:41147/session/5990abe861a5dff76d02c6ad79d7a5ec/element'
22:43:55.554 [Forwarding findElement on session 5990abe861a5dff76d02c6ad79d7a5ec to remote] DEBUG org.asynchttpclient.netty.request.NettyRequestSender - Using open Channel [id: 0x8e5a5cf2, L:/127.0.0.1:55024 - R:localhost/127.0.0.1:41147] for POST '/session/5990abe861a5dff76d02c6ad79d7a5ec/element'
22:43:55.578 [AsyncHttpClient-1-2] DEBUG org.asynchttpclient.netty.handler.HttpHandler - 

Request DefaultHttpRequest(decodeResult: success, version: HTTP/1.1)
POST /session/5990abe861a5dff76d02c6ad79d7a5ec/element HTTP/1.1
User-Agent: selenium/4.12.0 (java windows)
Content-Length: 84
Content-Type: application/json; charset=utf-8
host: localhost:41147
accept: */*

Response DefaultHttpResponse(decodeResult: success, version: HTTP/1.1)
HTTP/1.1 200 OK
Content-Length: 126
Content-Type: application/json; charset=utf-8
cache-control: no-cache

22:43:55.578 [AsyncHttpClient-1-2] DEBUG org.asynchttpclient.netty.channel.ChannelManager - Adding key: http://localhost:41147 for channel [id: 0x8e5a5cf2, L:/127.0.0.1:55024 - R:localhost/127.0.0.1:41147]
22:43:55.586 [Forwarding sendKeysToElement on session 5990abe861a5dff76d02c6ad79d7a5ec to remote] DEBUG org.asynchttpclient.netty.request.NettyRequestSender - Using pooled Channel '[id: 0x8e5a5cf2, L:/127.0.0.1:55024 - R:localhost/127.0.0.1:41147]' for 'POST' to 'http://localhost:41147/session/5990abe861a5dff76d02c6ad79d7a5ec/element/f.5A6311CCD71F57A42D7A48717F927A23.d.B4D2504F783B5EDE81A04A027B3F923B.e.54/value'
22:43:55.586 [Forwarding sendKeysToElement on session 5990abe861a5dff76d02c6ad79d7a5ec to remote] DEBUG org.asynchttpclient.netty.request.NettyRequestSender - Using open Channel [id: 0x8e5a5cf2, L:/127.0.0.1:55024 - R:localhost/127.0.0.1:41147] for POST '/session/5990abe861a5dff76d02c6ad79d7a5ec/element/f.5A6311CCD71F57A42D7A48717F927A23.d.B4D2504F783B5EDE81A04A027B3F923B.e.54/value'
22:43:55.875 [AsyncHttpClient-1-2] DEBUG org.asynchttpclient.netty.handler.HttpHandler - 

Request DefaultHttpRequest(decodeResult: success, version: HTTP/1.1)
POST /session/5990abe861a5dff76d02c6ad79d7a5ec/element/f.5A6311CCD71F57A42D7A48717F927A23.d.B4D2504F783B5EDE81A04A027B3F923B.e.54/value HTTP/1.1
User-Agent: selenium/4.12.0 (java windows)
Content-Length: 249
Content-Type: application/json; charset=utf-8
host: localhost:41147
accept: */*

Response DefaultHttpResponse(decodeResult: success, version: HTTP/1.1)
HTTP/1.1 200 OK
Content-Length: 14
Content-Type: application/json; charset=utf-8
cache-control: no-cache

22:43:55.875 [AsyncHttpClient-1-2] DEBUG org.asynchttpclient.netty.channel.ChannelManager - Adding key: http://localhost:41147 for channel [id: 0x8e5a5cf2, L:/127.0.0.1:55024 - R:localhost/127.0.0.1:41147]
22:43:56.195 [AsyncHttpClient-1-1] DEBUG org.asynchttpclient.netty.channel.DefaultChannelPool - Entry count for : http://localhost:55025 : 1
22:43:56.195 [AsyncHttpClient-1-1] DEBUG org.asynchttpclient.netty.channel.DefaultChannelPool - Entry count for : http://localhost:41147 : 1
screen shot class not taking
  And Provide the company DetailsRandom 447788 Sara_Sharma www.royal.com # StepDefination.Customer_onboarding.Provide_the_customer_Details(java.lang.String,java.lang.String,java.lang.String,java.lang.String)
22:43:57.295 [AsyncHttpClient-1-1] DEBUG org.asynchttpclient.netty.channel.DefaultChannelPool - Entry count for : http://localhost:55025 : 1
22:43:57.295 [AsyncHttpClient-1-1] DEBUG org.asynchttpclient.netty.channel.DefaultChannelPool - Entry count for : http://localhost:41147 : 1
22:43:57.386 [Forwarding findElement on session 5990abe861a5dff76d02c6ad79d7a5ec to remote] DEBUG org.asynchttpclient.netty.request.NettyRequestSender - Using pooled Channel '[id: 0x8e5a5cf2, L:/127.0.0.1:55024 - R:localhost/127.0.0.1:41147]' for 'POST' to 'http://localhost:41147/session/5990abe861a5dff76d02c6ad79d7a5ec/element'
22:43:57.386 [Forwarding findElement on session 5990abe861a5dff76d02c6ad79d7a5ec to remote] DEBUG org.asynchttpclient.netty.request.NettyRequestSender - Using open Channel [id: 0x8e5a5cf2, L:/127.0.0.1:55024 - R:localhost/127.0.0.1:41147] for POST '/session/5990abe861a5dff76d02c6ad79d7a5ec/element'
22:43:57.403 [AsyncHttpClient-1-2] DEBUG org.asynchttpclient.netty.handler.HttpHandler - 

Request DefaultHttpRequest(decodeResult: success, version: HTTP/1.1)
POST /session/5990abe861a5dff76d02c6ad79d7a5ec/element HTTP/1.1
User-Agent: selenium/4.12.0 (java windows)
Content-Length: 88
Content-Type: application/json; charset=utf-8
host: localhost:41147
accept: */*

Response DefaultHttpResponse(decodeResult: success, version: HTTP/1.1)
HTTP/1.1 200 OK
Content-Length: 126
Content-Type: application/json; charset=utf-8
cache-control: no-cache

22:43:57.403 [AsyncHttpClient-1-2] DEBUG org.asynchttpclient.netty.channel.ChannelManager - Adding key: http://localhost:41147 for channel [id: 0x8e5a5cf2, L:/127.0.0.1:55024 - R:localhost/127.0.0.1:41147]
22:43:57.412 [Forwarding sendKeysToElement on session 5990abe861a5dff76d02c6ad79d7a5ec to remote] DEBUG org.asynchttpclient.netty.request.NettyRequestSender - Using pooled Channel '[id: 0x8e5a5cf2, L:/127.0.0.1:55024 - R:localhost/127.0.0.1:41147]' for 'POST' to 'http://localhost:41147/session/5990abe861a5dff76d02c6ad79d7a5ec/element/f.5A6311CCD71F57A42D7A48717F927A23.d.B4D2504F783B5EDE81A04A027B3F923B.e.60/value'
22:43:57.412 [Forwarding sendKeysToElement on session 5990abe861a5dff76d02c6ad79d7a5ec to remote] DEBUG org.asynchttpclient.netty.request.NettyRequestSender - Using open Channel [id: 0x8e5a5cf2, L:/127.0.0.1:55024 - R:localhost/127.0.0.1:41147] for POST '/session/5990abe861a5dff76d02c6ad79d7a5ec/element/f.5A6311CCD71F57A42D7A48717F927A23.d.B4D2504F783B5EDE81A04A027B3F923B.e.60/value'
22:43:57.678 [AsyncHttpClient-1-2] DEBUG org.asynchttpclient.netty.handler.HttpHandler - 

Request DefaultHttpRequest(decodeResult: success, version: HTTP/1.1)
POST /session/5990abe861a5dff76d02c6ad79d7a5ec/element/f.5A6311CCD71F57A42D7A48717F927A23.d.B4D2504F783B5EDE81A04A027B3F923B.e.60/value HTTP/1.1
User-Agent: selenium/4.12.0 (java windows)
Content-Length: 259
Content-Type: application/json; charset=utf-8
host: localhost:41147
accept: */*

Response DefaultHttpResponse(decodeResult: success, version: HTTP/1.1)
HTTP/1.1 200 OK
Content-Length: 14
Content-Type: application/json; charset=utf-8
cache-control: no-cache

22:43:57.678 [AsyncHttpClient-1-2] DEBUG org.asynchttpclient.netty.channel.ChannelManager - Adding key: http://localhost:41147 for channel [id: 0x8e5a5cf2, L:/127.0.0.1:55024 - R:localhost/127.0.0.1:41147]
22:43:57.681 [Forwarding findElement on session 5990abe861a5dff76d02c6ad79d7a5ec to remote] DEBUG org.asynchttpclient.netty.request.NettyRequestSender - Using pooled Channel '[id: 0x8e5a5cf2, L:/127.0.0.1:55024 - R:localhost/127.0.0.1:41147]' for 'POST' to 'http://localhost:41147/session/5990abe861a5dff76d02c6ad79d7a5ec/element'
22:43:57.681 [Forwarding findElement on session 5990abe861a5dff76d02c6ad79d7a5ec to remote] DEBUG org.asynchttpclient.netty.request.NettyRequestSender - Using open Channel [id: 0x8e5a5cf2, L:/127.0.0.1:55024 - R:localhost/127.0.0.1:41147] for POST '/session/5990abe861a5dff76d02c6ad79d7a5ec/element'
22:43:57.702 [AsyncHttpClient-1-2] DEBUG org.asynchttpclient.netty.handler.HttpHandler - 

Request DefaultHttpRequest(decodeResult: success, version: HTTP/1.1)
POST /session/5990abe861a5dff76d02c6ad79d7a5ec/element HTTP/1.1
User-Agent: selenium/4.12.0 (java windows)
Content-Length: 75
Content-Type: application/json; charset=utf-8
host: localhost:41147
accept: */*

Response DefaultHttpResponse(decodeResult: success, version: HTTP/1.1)
HTTP/1.1 200 OK
Content-Length: 126
Content-Type: application/json; charset=utf-8
cache-control: no-cache

22:43:57.703 [AsyncHttpClient-1-2] DEBUG org.asynchttpclient.netty.channel.ChannelManager - Adding key: http://localhost:41147 for channel [id: 0x8e5a5cf2, L:/127.0.0.1:55024 - R:localhost/127.0.0.1:41147]
22:43:57.703 [Forwarding sendKeysToElement on session 5990abe861a5dff76d02c6ad79d7a5ec to remote] DEBUG org.asynchttpclient.netty.request.NettyRequestSender - Using pooled Channel '[id: 0x8e5a5cf2, L:/127.0.0.1:55024 - R:localhost/127.0.0.1:41147]' for 'POST' to 'http://localhost:41147/session/5990abe861a5dff76d02c6ad79d7a5ec/element/f.5A6311CCD71F57A42D7A48717F927A23.d.B4D2504F783B5EDE81A04A027B3F923B.e.61/value'
22:43:57.703 [Forwarding sendKeysToElement on session 5990abe861a5dff76d02c6ad79d7a5ec to remote] DEBUG org.asynchttpclient.netty.request.NettyRequestSender - Using open Channel [id: 0x8e5a5cf2, L:/127.0.0.1:55024 - R:localhost/127.0.0.1:41147] for POST '/session/5990abe861a5dff76d02c6ad79d7a5ec/element/f.5A6311CCD71F57A42D7A48717F927A23.d.B4D2504F783B5EDE81A04A027B3F923B.e.61/value'
22:43:57.796 [AsyncHttpClient-1-2] DEBUG org.asynchttpclient.netty.handler.HttpHandler - 

Request DefaultHttpRequest(decodeResult: success, version: HTTP/1.1)
POST /session/5990abe861a5dff76d02c6ad79d7a5ec/element/f.5A6311CCD71F57A42D7A48717F927A23.d.B4D2504F783B5EDE81A04A027B3F923B.e.61/value HTTP/1.1
User-Agent: selenium/4.12.0 (java windows)
Content-Length: 139
Content-Type: application/json; charset=utf-8
host: localhost:41147
accept: */*

Response DefaultHttpResponse(decodeResult: success, version: HTTP/1.1)
HTTP/1.1 200 OK
Content-Length: 14
Content-Type: application/json; charset=utf-8
cache-control: no-cache

22:43:57.796 [AsyncHttpClient-1-2] DEBUG org.asynchttpclient.netty.channel.ChannelManager - Adding key: http://localhost:41147 for channel [id: 0x8e5a5cf2, L:/127.0.0.1:55024 - R:localhost/127.0.0.1:41147]
22:43:57.800 [Forwarding findElement on session 5990abe861a5dff76d02c6ad79d7a5ec to remote] DEBUG org.asynchttpclient.netty.request.NettyRequestSender - Using pooled Channel '[id: 0x8e5a5cf2, L:/127.0.0.1:55024 - R:localhost/127.0.0.1:41147]' for 'POST' to 'http://localhost:41147/session/5990abe861a5dff76d02c6ad79d7a5ec/element'
22:43:57.800 [Forwarding findElement on session 5990abe861a5dff76d02c6ad79d7a5ec to remote] DEBUG org.asynchttpclient.netty.request.NettyRequestSender - Using open Channel [id: 0x8e5a5cf2, L:/127.0.0.1:55024 - R:localhost/127.0.0.1:41147] for POST '/session/5990abe861a5dff76d02c6ad79d7a5ec/element'
22:43:57.817 [AsyncHttpClient-1-2] DEBUG org.asynchttpclient.netty.handler.HttpHandler - 

Request DefaultHttpRequest(decodeResult: success, version: HTTP/1.1)
POST /session/5990abe861a5dff76d02c6ad79d7a5ec/element HTTP/1.1
User-Agent: selenium/4.12.0 (java windows)
Content-Length: 90
Content-Type: application/json; charset=utf-8
host: localhost:41147
accept: */*

Response DefaultHttpResponse(decodeResult: success, version: HTTP/1.1)
HTTP/1.1 200 OK
Content-Length: 126
Content-Type: application/json; charset=utf-8
cache-control: no-cache

22:43:57.817 [AsyncHttpClient-1-2] DEBUG org.asynchttpclient.netty.channel.ChannelManager - Adding key: http://localhost:41147 for channel [id: 0x8e5a5cf2, L:/127.0.0.1:55024 - R:localhost/127.0.0.1:41147]
22:43:57.817 [Forwarding sendKeysToElement on session 5990abe861a5dff76d02c6ad79d7a5ec to remote] DEBUG org.asynchttpclient.netty.request.NettyRequestSender - Using pooled Channel '[id: 0x8e5a5cf2, L:/127.0.0.1:55024 - R:localhost/127.0.0.1:41147]' for 'POST' to 'http://localhost:41147/session/5990abe861a5dff76d02c6ad79d7a5ec/element/f.5A6311CCD71F57A42D7A48717F927A23.d.B4D2504F783B5EDE81A04A027B3F923B.e.62/value'
22:43:57.817 [Forwarding sendKeysToElement on session 5990abe861a5dff76d02c6ad79d7a5ec to remote] DEBUG org.asynchttpclient.netty.request.NettyRequestSender - Using open Channel [id: 0x8e5a5cf2, L:/127.0.0.1:55024 - R:localhost/127.0.0.1:41147] for POST '/session/5990abe861a5dff76d02c6ad79d7a5ec/element/f.5A6311CCD71F57A42D7A48717F927A23.d.B4D2504F783B5EDE81A04A027B3F923B.e.62/value'
22:43:57.904 [AsyncHttpClient-1-2] DEBUG org.asynchttpclient.netty.handler.HttpHandler - 

Request DefaultHttpRequest(decodeResult: success, version: HTTP/1.1)
POST /session/5990abe861a5dff76d02c6ad79d7a5ec/element/f.5A6311CCD71F57A42D7A48717F927A23.d.B4D2504F783B5EDE81A04A027B3F923B.e.62/value HTTP/1.1
User-Agent: selenium/4.12.0 (java windows)
Content-Length: 139
Content-Type: application/json; charset=utf-8
host: localhost:41147
accept: */*

Response DefaultHttpResponse(decodeResult: success, version: HTTP/1.1)
HTTP/1.1 200 OK
Content-Length: 14
Content-Type: application/json; charset=utf-8
cache-control: no-cache

22:43:57.904 [AsyncHttpClient-1-2] DEBUG org.asynchttpclient.netty.channel.ChannelManager - Adding key: http://localhost:41147 for channel [id: 0x8e5a5cf2, L:/127.0.0.1:55024 - R:localhost/127.0.0.1:41147]
22:43:57.904 [Forwarding findElement on session 5990abe861a5dff76d02c6ad79d7a5ec to remote] DEBUG org.asynchttpclient.netty.request.NettyRequestSender - Using pooled Channel '[id: 0x8e5a5cf2, L:/127.0.0.1:55024 - R:localhost/127.0.0.1:41147]' for 'POST' to 'http://localhost:41147/session/5990abe861a5dff76d02c6ad79d7a5ec/element'
22:43:57.911 [Forwarding findElement on session 5990abe861a5dff76d02c6ad79d7a5ec to remote] DEBUG org.asynchttpclient.netty.request.NettyRequestSender - Using open Channel [id: 0x8e5a5cf2, L:/127.0.0.1:55024 - R:localhost/127.0.0.1:41147] for POST '/session/5990abe861a5dff76d02c6ad79d7a5ec/element'
22:43:57.919 [AsyncHttpClient-1-2] DEBUG org.asynchttpclient.netty.handler.HttpHandler - 

Request DefaultHttpRequest(decodeResult: success, version: HTTP/1.1)
POST /session/5990abe861a5dff76d02c6ad79d7a5ec/element HTTP/1.1
User-Agent: selenium/4.12.0 (java windows)
Content-Length: 96
Content-Type: application/json; charset=utf-8
host: localhost:41147
accept: */*

Response DefaultHttpResponse(decodeResult: success, version: HTTP/1.1)
HTTP/1.1 200 OK
Content-Length: 126
Content-Type: application/json; charset=utf-8
cache-control: no-cache

22:43:57.919 [AsyncHttpClient-1-2] DEBUG org.asynchttpclient.netty.channel.ChannelManager - Adding key: http://localhost:41147 for channel [id: 0x8e5a5cf2, L:/127.0.0.1:55024 - R:localhost/127.0.0.1:41147]
22:43:57.929 [Forwarding sendKeysToElement on session 5990abe861a5dff76d02c6ad79d7a5ec to remote] DEBUG org.asynchttpclient.netty.request.NettyRequestSender - Using pooled Channel '[id: 0x8e5a5cf2, L:/127.0.0.1:55024 - R:localhost/127.0.0.1:41147]' for 'POST' to 'http://localhost:41147/session/5990abe861a5dff76d02c6ad79d7a5ec/element/f.5A6311CCD71F57A42D7A48717F927A23.d.B4D2504F783B5EDE81A04A027B3F923B.e.63/value'
22:43:57.929 [Forwarding sendKeysToElement on session 5990abe861a5dff76d02c6ad79d7a5ec to remote] DEBUG org.asynchttpclient.netty.request.NettyRequestSender - Using open Channel [id: 0x8e5a5cf2, L:/127.0.0.1:55024 - R:localhost/127.0.0.1:41147] for POST '/session/5990abe861a5dff76d02c6ad79d7a5ec/element/f.5A6311CCD71F57A42D7A48717F927A23.d.B4D2504F783B5EDE81A04A027B3F923B.e.63/value'
22:43:58.068 [AsyncHttpClient-1-2] DEBUG org.asynchttpclient.netty.handler.HttpHandler - 

Request DefaultHttpRequest(decodeResult: success, version: HTTP/1.1)
POST /session/5990abe861a5dff76d02c6ad79d7a5ec/element/f.5A6311CCD71F57A42D7A48717F927A23.d.B4D2504F783B5EDE81A04A027B3F923B.e.63/value HTTP/1.1
User-Agent: selenium/4.12.0 (java windows)
Content-Length: 179
Content-Type: application/json; charset=utf-8
host: localhost:41147
accept: */*

Response DefaultHttpResponse(decodeResult: success, version: HTTP/1.1)
HTTP/1.1 200 OK
Content-Length: 14
Content-Type: application/json; charset=utf-8
cache-control: no-cache

22:43:58.068 [AsyncHttpClient-1-2] DEBUG org.asynchttpclient.netty.channel.ChannelManager - Adding key: http://localhost:41147 for channel [id: 0x8e5a5cf2, L:/127.0.0.1:55024 - R:localhost/127.0.0.1:41147]
22:43:58.068 [Forwarding findElement on session 5990abe861a5dff76d02c6ad79d7a5ec to remote] DEBUG org.asynchttpclient.netty.request.NettyRequestSender - Using pooled Channel '[id: 0x8e5a5cf2, L:/127.0.0.1:55024 - R:localhost/127.0.0.1:41147]' for 'POST' to 'http://localhost:41147/session/5990abe861a5dff76d02c6ad79d7a5ec/element'
22:43:58.068 [Forwarding findElement on session 5990abe861a5dff76d02c6ad79d7a5ec to remote] DEBUG org.asynchttpclient.netty.request.NettyRequestSender - Using open Channel [id: 0x8e5a5cf2, L:/127.0.0.1:55024 - R:localhost/127.0.0.1:41147] for POST '/session/5990abe861a5dff76d02c6ad79d7a5ec/element'
22:43:58.085 [AsyncHttpClient-1-2] DEBUG org.asynchttpclient.netty.handler.HttpHandler - 

Request DefaultHttpRequest(decodeResult: success, version: HTTP/1.1)
POST /session/5990abe861a5dff76d02c6ad79d7a5ec/element HTTP/1.1
User-Agent: selenium/4.12.0 (java windows)
Content-Length: 78
Content-Type: application/json; charset=utf-8
host: localhost:41147
accept: */*

Response DefaultHttpResponse(decodeResult: success, version: HTTP/1.1)
HTTP/1.1 200 OK
Content-Length: 126
Content-Type: application/json; charset=utf-8
cache-control: no-cache

22:43:58.085 [AsyncHttpClient-1-2] DEBUG org.asynchttpclient.netty.channel.ChannelManager - Adding key: http://localhost:41147 for channel [id: 0x8e5a5cf2, L:/127.0.0.1:55024 - R:localhost/127.0.0.1:41147]
22:43:58.092 [Forwarding sendKeysToElement on session 5990abe861a5dff76d02c6ad79d7a5ec to remote] DEBUG org.asynchttpclient.netty.request.NettyRequestSender - Using pooled Channel '[id: 0x8e5a5cf2, L:/127.0.0.1:55024 - R:localhost/127.0.0.1:41147]' for 'POST' to 'http://localhost:41147/session/5990abe861a5dff76d02c6ad79d7a5ec/element/f.5A6311CCD71F57A42D7A48717F927A23.d.B4D2504F783B5EDE81A04A027B3F923B.e.64/value'
22:43:58.092 [Forwarding sendKeysToElement on session 5990abe861a5dff76d02c6ad79d7a5ec to remote] DEBUG org.asynchttpclient.netty.request.NettyRequestSender - Using open Channel [id: 0x8e5a5cf2, L:/127.0.0.1:55024 - R:localhost/127.0.0.1:41147] for POST '/session/5990abe861a5dff76d02c6ad79d7a5ec/element/f.5A6311CCD71F57A42D7A48717F927A23.d.B4D2504F783B5EDE81A04A027B3F923B.e.64/value'
22:43:58.200 [AsyncHttpClient-1-2] DEBUG org.asynchttpclient.netty.handler.HttpHandler - 

Request DefaultHttpRequest(decodeResult: success, version: HTTP/1.1)
POST /session/5990abe861a5dff76d02c6ad79d7a5ec/element/f.5A6311CCD71F57A42D7A48717F927A23.d.B4D2504F783B5EDE81A04A027B3F923B.e.64/value HTTP/1.1
User-Agent: selenium/4.12.0 (java windows)
Content-Length: 149
Content-Type: application/json; charset=utf-8
host: localhost:41147
accept: */*

Response DefaultHttpResponse(decodeResult: success, version: HTTP/1.1)
HTTP/1.1 200 OK
Content-Length: 14
Content-Type: application/json; charset=utf-8
cache-control: no-cache

22:43:58.200 [AsyncHttpClient-1-2] DEBUG org.asynchttpclient.netty.channel.ChannelManager - Adding key: http://localhost:41147 for channel [id: 0x8e5a5cf2, L:/127.0.0.1:55024 - R:localhost/127.0.0.1:41147]
22:43:58.383 [AsyncHttpClient-1-1] DEBUG org.asynchttpclient.netty.channel.DefaultChannelPool - Entry count for : http://localhost:55025 : 1
22:43:58.383 [AsyncHttpClient-1-1] DEBUG org.asynchttpclient.netty.channel.DefaultChannelPool - Entry count for : http://localhost:41147 : 1
screen shot class not taking
  And Provide the Address DetailsMain_street001 YK FL 987678 USA         # StepDefination.Customer_onboarding.Provide_the_address_Details(java.lang.String,java.lang.String,java.lang.String,java.lang.String,java.lang.String)
22:43:59.492 [AsyncHttpClient-1-1] DEBUG org.asynchttpclient.netty.channel.DefaultChannelPool - Entry count for : http://localhost:55025 : 1
22:43:59.492 [AsyncHttpClient-1-1] DEBUG org.asynchttpclient.netty.channel.DefaultChannelPool - Entry count for : http://localhost:41147 : 1
22:43:59.729 [Forwarding findElement on session 5990abe861a5dff76d02c6ad79d7a5ec to remote] DEBUG org.asynchttpclient.netty.request.NettyRequestSender - Using pooled Channel '[id: 0x8e5a5cf2, L:/127.0.0.1:55024 - R:localhost/127.0.0.1:41147]' for 'POST' to 'http://localhost:41147/session/5990abe861a5dff76d02c6ad79d7a5ec/element'
22:43:59.729 [Forwarding findElement on session 5990abe861a5dff76d02c6ad79d7a5ec to remote] DEBUG org.asynchttpclient.netty.request.NettyRequestSender - Using open Channel [id: 0x8e5a5cf2, L:/127.0.0.1:55024 - R:localhost/127.0.0.1:41147] for POST '/session/5990abe861a5dff76d02c6ad79d7a5ec/element'
22:43:59.753 [AsyncHttpClient-1-2] DEBUG org.asynchttpclient.netty.handler.HttpHandler - 

Request DefaultHttpRequest(decodeResult: success, version: HTTP/1.1)
POST /session/5990abe861a5dff76d02c6ad79d7a5ec/element HTTP/1.1
User-Agent: selenium/4.12.0 (java windows)
Content-Length: 72
Content-Type: application/json; charset=utf-8
host: localhost:41147
accept: */*

Response DefaultHttpResponse(decodeResult: success, version: HTTP/1.1)
HTTP/1.1 200 OK
Content-Length: 127
Content-Type: application/json; charset=utf-8
cache-control: no-cache

22:43:59.753 [AsyncHttpClient-1-2] DEBUG org.asynchttpclient.netty.channel.ChannelManager - Adding key: http://localhost:41147 for channel [id: 0x8e5a5cf2, L:/127.0.0.1:55024 - R:localhost/127.0.0.1:41147]
22:43:59.755 [Forwarding clickElement on session 5990abe861a5dff76d02c6ad79d7a5ec to remote] DEBUG org.asynchttpclient.netty.request.NettyRequestSender - Using pooled Channel '[id: 0x8e5a5cf2, L:/127.0.0.1:55024 - R:localhost/127.0.0.1:41147]' for 'POST' to 'http://localhost:41147/session/5990abe861a5dff76d02c6ad79d7a5ec/element/f.5A6311CCD71F57A42D7A48717F927A23.d.B4D2504F783B5EDE81A04A027B3F923B.e.104/click'
22:43:59.755 [Forwarding clickElement on session 5990abe861a5dff76d02c6ad79d7a5ec to remote] DEBUG org.asynchttpclient.netty.request.NettyRequestSender - Using open Channel [id: 0x8e5a5cf2, L:/127.0.0.1:55024 - R:localhost/127.0.0.1:41147] for POST '/session/5990abe861a5dff76d02c6ad79d7a5ec/element/f.5A6311CCD71F57A42D7A48717F927A23.d.B4D2504F783B5EDE81A04A027B3F923B.e.104/click'
22:43:59.881 [AsyncHttpClient-1-2] DEBUG org.asynchttpclient.netty.handler.HttpHandler - 

Request DefaultHttpRequest(decodeResult: success, version: HTTP/1.1)
POST /session/5990abe861a5dff76d02c6ad79d7a5ec/element/f.5A6311CCD71F57A42D7A48717F927A23.d.B4D2504F783B5EDE81A04A027B3F923B.e.104/click HTTP/1.1
User-Agent: selenium/4.12.0 (java windows)
Content-Length: 89
Content-Type: application/json; charset=utf-8
host: localhost:41147
accept: */*

Response DefaultHttpResponse(decodeResult: success, version: HTTP/1.1)
HTTP/1.1 200 OK
Content-Length: 14
Content-Type: application/json; charset=utf-8
cache-control: no-cache

22:43:59.881 [AsyncHttpClient-1-2] DEBUG org.asynchttpclient.netty.channel.ChannelManager - Adding key: http://localhost:41147 for channel [id: 0x8e5a5cf2, L:/127.0.0.1:55024 - R:localhost/127.0.0.1:41147]
screen shot class not taking
  When Submit the form                                                   # StepDefination.Customer_onboarding.Submit_the_form()
22:44:00.586 [AsyncHttpClient-1-1] DEBUG org.asynchttpclient.netty.channel.DefaultChannelPool - Entry count for : http://localhost:55025 : 1
22:44:00.586 [AsyncHttpClient-1-1] DEBUG org.asynchttpclient.netty.channel.DefaultChannelPool - Entry count for : http://localhost:41147 : 1
22:44:00.900 [Forwarding findElement on session 5990abe861a5dff76d02c6ad79d7a5ec to remote] DEBUG org.asynchttpclient.netty.request.NettyRequestSender - Using pooled Channel '[id: 0x8e5a5cf2, L:/127.0.0.1:55024 - R:localhost/127.0.0.1:41147]' for 'POST' to 'http://localhost:41147/session/5990abe861a5dff76d02c6ad79d7a5ec/element'
22:44:00.900 [Forwarding findElement on session 5990abe861a5dff76d02c6ad79d7a5ec to remote] DEBUG org.asynchttpclient.netty.request.NettyRequestSender - Using open Channel [id: 0x8e5a5cf2, L:/127.0.0.1:55024 - R:localhost/127.0.0.1:41147] for POST '/session/5990abe861a5dff76d02c6ad79d7a5ec/element'
22:44:00.922 [AsyncHttpClient-1-2] DEBUG org.asynchttpclient.netty.handler.HttpHandler - 

Request DefaultHttpRequest(decodeResult: success, version: HTTP/1.1)
POST /session/5990abe861a5dff76d02c6ad79d7a5ec/element HTTP/1.1
User-Agent: selenium/4.12.0 (java windows)
Content-Length: 175
Content-Type: application/json; charset=utf-8
host: localhost:41147
accept: */*

Response DefaultHttpResponse(decodeResult: success, version: HTTP/1.1)
HTTP/1.1 200 OK
Content-Length: 127
Content-Type: application/json; charset=utf-8
cache-control: no-cache

22:44:00.922 [AsyncHttpClient-1-2] DEBUG org.asynchttpclient.netty.channel.ChannelManager - Adding key: http://localhost:41147 for channel [id: 0x8e5a5cf2, L:/127.0.0.1:55024 - R:localhost/127.0.0.1:41147]
22:44:00.924 [Forwarding clickElement on session 5990abe861a5dff76d02c6ad79d7a5ec to remote] DEBUG org.asynchttpclient.netty.request.NettyRequestSender - Using pooled Channel '[id: 0x8e5a5cf2, L:/127.0.0.1:55024 - R:localhost/127.0.0.1:41147]' for 'POST' to 'http://localhost:41147/session/5990abe861a5dff76d02c6ad79d7a5ec/element/f.5A6311CCD71F57A42D7A48717F927A23.d.B4D2504F783B5EDE81A04A027B3F923B.e.107/click'
22:44:00.924 [Forwarding clickElement on session 5990abe861a5dff76d02c6ad79d7a5ec to remote] DEBUG org.asynchttpclient.netty.request.NettyRequestSender - Using open Channel [id: 0x8e5a5cf2, L:/127.0.0.1:55024 - R:localhost/127.0.0.1:41147] for POST '/session/5990abe861a5dff76d02c6ad79d7a5ec/element/f.5A6311CCD71F57A42D7A48717F927A23.d.B4D2504F783B5EDE81A04A027B3F923B.e.107/click'
22:44:01.075 [AsyncHttpClient-1-2] DEBUG org.asynchttpclient.netty.handler.HttpHandler - 

Request DefaultHttpRequest(decodeResult: success, version: HTTP/1.1)
POST /session/5990abe861a5dff76d02c6ad79d7a5ec/element/f.5A6311CCD71F57A42D7A48717F927A23.d.B4D2504F783B5EDE81A04A027B3F923B.e.107/click HTTP/1.1
User-Agent: selenium/4.12.0 (java windows)
Content-Length: 89
Content-Type: application/json; charset=utf-8
host: localhost:41147
accept: */*

Response DefaultHttpResponse(decodeResult: success, version: HTTP/1.1)
HTTP/1.1 200 OK
Content-Length: 14
Content-Type: application/json; charset=utf-8
cache-control: no-cache

22:44:01.075 [AsyncHttpClient-1-2] DEBUG org.asynchttpclient.netty.channel.ChannelManager - Adding key: http://localhost:41147 for channel [id: 0x8e5a5cf2, L:/127.0.0.1:55024 - R:localhost/127.0.0.1:41147]
screen shot class not taking
  When Add new address                                                   # StepDefination.Customer_onboarding.Add_ew_address()
22:44:01.684 [AsyncHttpClient-1-1] DEBUG org.asynchttpclient.netty.channel.DefaultChannelPool - Entry count for : http://localhost:55025 : 1
22:44:01.684 [AsyncHttpClient-1-1] DEBUG org.asynchttpclient.netty.channel.DefaultChannelPool - Entry count for : http://localhost:41147 : 1
22:44:02.099 [Forwarding findElement on session 5990abe861a5dff76d02c6ad79d7a5ec to remote] DEBUG org.asynchttpclient.netty.request.NettyRequestSender - Using pooled Channel '[id: 0x8e5a5cf2, L:/127.0.0.1:55024 - R:localhost/127.0.0.1:41147]' for 'POST' to 'http://localhost:41147/session/5990abe861a5dff76d02c6ad79d7a5ec/element'
22:44:02.099 [Forwarding findElement on session 5990abe861a5dff76d02c6ad79d7a5ec to remote] DEBUG org.asynchttpclient.netty.request.NettyRequestSender - Using open Channel [id: 0x8e5a5cf2, L:/127.0.0.1:55024 - R:localhost/127.0.0.1:41147] for POST '/session/5990abe861a5dff76d02c6ad79d7a5ec/element'
22:44:02.124 [AsyncHttpClient-1-2] DEBUG org.asynchttpclient.netty.handler.HttpHandler - 

Request DefaultHttpRequest(decodeResult: success, version: HTTP/1.1)
POST /session/5990abe861a5dff76d02c6ad79d7a5ec/element HTTP/1.1
User-Agent: selenium/4.12.0 (java windows)
Content-Length: 174
Content-Type: application/json; charset=utf-8
host: localhost:41147
accept: */*

Response DefaultHttpResponse(decodeResult: success, version: HTTP/1.1)
HTTP/1.1 200 OK
Content-Length: 127
Content-Type: application/json; charset=utf-8
cache-control: no-cache

22:44:02.124 [AsyncHttpClient-1-2] DEBUG org.asynchttpclient.netty.channel.ChannelManager - Adding key: http://localhost:41147 for channel [id: 0x8e5a5cf2, L:/127.0.0.1:55024 - R:localhost/127.0.0.1:41147]
22:44:02.128 [Forwarding sendKeysToElement on session 5990abe861a5dff76d02c6ad79d7a5ec to remote] DEBUG org.asynchttpclient.netty.request.NettyRequestSender - Using pooled Channel '[id: 0x8e5a5cf2, L:/127.0.0.1:55024 - R:localhost/127.0.0.1:41147]' for 'POST' to 'http://localhost:41147/session/5990abe861a5dff76d02c6ad79d7a5ec/element/f.5A6311CCD71F57A42D7A48717F927A23.d.B4D2504F783B5EDE81A04A027B3F923B.e.117/value'
22:44:02.128 [Forwarding sendKeysToElement on session 5990abe861a5dff76d02c6ad79d7a5ec to remote] DEBUG org.asynchttpclient.netty.request.NettyRequestSender - Using open Channel [id: 0x8e5a5cf2, L:/127.0.0.1:55024 - R:localhost/127.0.0.1:41147] for POST '/session/5990abe861a5dff76d02c6ad79d7a5ec/element/f.5A6311CCD71F57A42D7A48717F927A23.d.B4D2504F783B5EDE81A04A027B3F923B.e.117/value'
22:44:02.453 [AsyncHttpClient-1-2] DEBUG org.asynchttpclient.netty.handler.HttpHandler - 

Request DefaultHttpRequest(decodeResult: success, version: HTTP/1.1)
POST /session/5990abe861a5dff76d02c6ad79d7a5ec/element/f.5A6311CCD71F57A42D7A48717F927A23.d.B4D2504F783B5EDE81A04A027B3F923B.e.117/value HTTP/1.1
User-Agent: selenium/4.12.0 (java windows)
Content-Length: 260
Content-Type: application/json; charset=utf-8
host: localhost:41147
accept: */*

Response DefaultHttpResponse(decodeResult: success, version: HTTP/1.1)
HTTP/1.1 200 OK
Content-Length: 14
Content-Type: application/json; charset=utf-8
cache-control: no-cache

22:44:02.453 [AsyncHttpClient-1-2] DEBUG org.asynchttpclient.netty.channel.ChannelManager - Adding key: http://localhost:41147 for channel [id: 0x8e5a5cf2, L:/127.0.0.1:55024 - R:localhost/127.0.0.1:41147]
22:44:02.453 [Forwarding findElement on session 5990abe861a5dff76d02c6ad79d7a5ec to remote] DEBUG org.asynchttpclient.netty.request.NettyRequestSender - Using pooled Channel '[id: 0x8e5a5cf2, L:/127.0.0.1:55024 - R:localhost/127.0.0.1:41147]' for 'POST' to 'http://localhost:41147/session/5990abe861a5dff76d02c6ad79d7a5ec/element'
22:44:02.453 [Forwarding findElement on session 5990abe861a5dff76d02c6ad79d7a5ec to remote] DEBUG org.asynchttpclient.netty.request.NettyRequestSender - Using open Channel [id: 0x8e5a5cf2, L:/127.0.0.1:55024 - R:localhost/127.0.0.1:41147] for POST '/session/5990abe861a5dff76d02c6ad79d7a5ec/element'
22:44:02.469 [AsyncHttpClient-1-2] DEBUG org.asynchttpclient.netty.handler.HttpHandler - 

Request DefaultHttpRequest(decodeResult: success, version: HTTP/1.1)
POST /session/5990abe861a5dff76d02c6ad79d7a5ec/element HTTP/1.1
User-Agent: selenium/4.12.0 (java windows)
Content-Length: 161
Content-Type: application/json; charset=utf-8
host: localhost:41147
accept: */*

Response DefaultHttpResponse(decodeResult: success, version: HTTP/1.1)
HTTP/1.1 200 OK
Content-Length: 127
Content-Type: application/json; charset=utf-8
cache-control: no-cache

22:44:02.469 [AsyncHttpClient-1-2] DEBUG org.asynchttpclient.netty.channel.ChannelManager - Adding key: http://localhost:41147 for channel [id: 0x8e5a5cf2, L:/127.0.0.1:55024 - R:localhost/127.0.0.1:41147]
22:44:02.469 [Forwarding sendKeysToElement on session 5990abe861a5dff76d02c6ad79d7a5ec to remote] DEBUG org.asynchttpclient.netty.request.NettyRequestSender - Using pooled Channel '[id: 0x8e5a5cf2, L:/127.0.0.1:55024 - R:localhost/127.0.0.1:41147]' for 'POST' to 'http://localhost:41147/session/5990abe861a5dff76d02c6ad79d7a5ec/element/f.5A6311CCD71F57A42D7A48717F927A23.d.B4D2504F783B5EDE81A04A027B3F923B.e.118/value'
22:44:02.469 [Forwarding sendKeysToElement on session 5990abe861a5dff76d02c6ad79d7a5ec to remote] DEBUG org.asynchttpclient.netty.request.NettyRequestSender - Using open Channel [id: 0x8e5a5cf2, L:/127.0.0.1:55024 - R:localhost/127.0.0.1:41147] for POST '/session/5990abe861a5dff76d02c6ad79d7a5ec/element/f.5A6311CCD71F57A42D7A48717F927A23.d.B4D2504F783B5EDE81A04A027B3F923B.e.118/value'
22:44:02.564 [AsyncHttpClient-1-2] DEBUG org.asynchttpclient.netty.handler.HttpHandler - 

Request DefaultHttpRequest(decodeResult: success, version: HTTP/1.1)
POST /session/5990abe861a5dff76d02c6ad79d7a5ec/element/f.5A6311CCD71F57A42D7A48717F927A23.d.B4D2504F783B5EDE81A04A027B3F923B.e.118/value HTTP/1.1
User-Agent: selenium/4.12.0 (java windows)
Content-Length: 140
Content-Type: application/json; charset=utf-8
host: localhost:41147
accept: */*

Response DefaultHttpResponse(decodeResult: success, version: HTTP/1.1)
HTTP/1.1 200 OK
Content-Length: 14
Content-Type: application/json; charset=utf-8
cache-control: no-cache

22:44:02.564 [AsyncHttpClient-1-2] DEBUG org.asynchttpclient.netty.channel.ChannelManager - Adding key: http://localhost:41147 for channel [id: 0x8e5a5cf2, L:/127.0.0.1:55024 - R:localhost/127.0.0.1:41147]
22:44:02.566 [Forwarding findElement on session 5990abe861a5dff76d02c6ad79d7a5ec to remote] DEBUG org.asynchttpclient.netty.request.NettyRequestSender - Using pooled Channel '[id: 0x8e5a5cf2, L:/127.0.0.1:55024 - R:localhost/127.0.0.1:41147]' for 'POST' to 'http://localhost:41147/session/5990abe861a5dff76d02c6ad79d7a5ec/element'
22:44:02.566 [Forwarding findElement on session 5990abe861a5dff76d02c6ad79d7a5ec to remote] DEBUG org.asynchttpclient.netty.request.NettyRequestSender - Using open Channel [id: 0x8e5a5cf2, L:/127.0.0.1:55024 - R:localhost/127.0.0.1:41147] for POST '/session/5990abe861a5dff76d02c6ad79d7a5ec/element'
22:44:02.580 [AsyncHttpClient-1-2] DEBUG org.asynchttpclient.netty.handler.HttpHandler - 

Request DefaultHttpRequest(decodeResult: success, version: HTTP/1.1)
POST /session/5990abe861a5dff76d02c6ad79d7a5ec/element HTTP/1.1
User-Agent: selenium/4.12.0 (java windows)
Content-Length: 176
Content-Type: application/json; charset=utf-8
host: localhost:41147
accept: */*

Response DefaultHttpResponse(decodeResult: success, version: HTTP/1.1)
HTTP/1.1 200 OK
Content-Length: 127
Content-Type: application/json; charset=utf-8
cache-control: no-cache

22:44:02.580 [AsyncHttpClient-1-2] DEBUG org.asynchttpclient.netty.channel.ChannelManager - Adding key: http://localhost:41147 for channel [id: 0x8e5a5cf2, L:/127.0.0.1:55024 - R:localhost/127.0.0.1:41147]
22:44:02.583 [Forwarding sendKeysToElement on session 5990abe861a5dff76d02c6ad79d7a5ec to remote] DEBUG org.asynchttpclient.netty.request.NettyRequestSender - Using pooled Channel '[id: 0x8e5a5cf2, L:/127.0.0.1:55024 - R:localhost/127.0.0.1:41147]' for 'POST' to 'http://localhost:41147/session/5990abe861a5dff76d02c6ad79d7a5ec/element/f.5A6311CCD71F57A42D7A48717F927A23.d.B4D2504F783B5EDE81A04A027B3F923B.e.119/value'
22:44:02.583 [Forwarding sendKeysToElement on session 5990abe861a5dff76d02c6ad79d7a5ec to remote] DEBUG org.asynchttpclient.netty.request.NettyRequestSender - Using open Channel [id: 0x8e5a5cf2, L:/127.0.0.1:55024 - R:localhost/127.0.0.1:41147] for POST '/session/5990abe861a5dff76d02c6ad79d7a5ec/element/f.5A6311CCD71F57A42D7A48717F927A23.d.B4D2504F783B5EDE81A04A027B3F923B.e.119/value'
22:44:02.705 [AsyncHttpClient-1-2] DEBUG org.asynchttpclient.netty.handler.HttpHandler - 

Request DefaultHttpRequest(decodeResult: success, version: HTTP/1.1)
POST /session/5990abe861a5dff76d02c6ad79d7a5ec/element/f.5A6311CCD71F57A42D7A48717F927A23.d.B4D2504F783B5EDE81A04A027B3F923B.e.119/value HTTP/1.1
User-Agent: selenium/4.12.0 (java windows)
Content-Length: 140
Content-Type: application/json; charset=utf-8
host: localhost:41147
accept: */*

Response DefaultHttpResponse(decodeResult: success, version: HTTP/1.1)
HTTP/1.1 200 OK
Content-Length: 14
Content-Type: application/json; charset=utf-8
cache-control: no-cache

22:44:02.705 [AsyncHttpClient-1-2] DEBUG org.asynchttpclient.netty.channel.ChannelManager - Adding key: http://localhost:41147 for channel [id: 0x8e5a5cf2, L:/127.0.0.1:55024 - R:localhost/127.0.0.1:41147]
22:44:02.705 [Forwarding findElement on session 5990abe861a5dff76d02c6ad79d7a5ec to remote] DEBUG org.asynchttpclient.netty.request.NettyRequestSender - Using pooled Channel '[id: 0x8e5a5cf2, L:/127.0.0.1:55024 - R:localhost/127.0.0.1:41147]' for 'POST' to 'http://localhost:41147/session/5990abe861a5dff76d02c6ad79d7a5ec/element'
22:44:02.705 [Forwarding findElement on session 5990abe861a5dff76d02c6ad79d7a5ec to remote] DEBUG org.asynchttpclient.netty.request.NettyRequestSender - Using open Channel [id: 0x8e5a5cf2, L:/127.0.0.1:55024 - R:localhost/127.0.0.1:41147] for POST '/session/5990abe861a5dff76d02c6ad79d7a5ec/element'
22:44:02.730 [AsyncHttpClient-1-2] DEBUG org.asynchttpclient.netty.handler.HttpHandler - 

Request DefaultHttpRequest(decodeResult: success, version: HTTP/1.1)
POST /session/5990abe861a5dff76d02c6ad79d7a5ec/element HTTP/1.1
User-Agent: selenium/4.12.0 (java windows)
Content-Length: 182
Content-Type: application/json; charset=utf-8
host: localhost:41147
accept: */*

Response DefaultHttpResponse(decodeResult: success, version: HTTP/1.1)
HTTP/1.1 200 OK
Content-Length: 127
Content-Type: application/json; charset=utf-8
cache-control: no-cache

22:44:02.730 [AsyncHttpClient-1-2] DEBUG org.asynchttpclient.netty.channel.ChannelManager - Adding key: http://localhost:41147 for channel [id: 0x8e5a5cf2, L:/127.0.0.1:55024 - R:localhost/127.0.0.1:41147]
22:44:02.732 [Forwarding sendKeysToElement on session 5990abe861a5dff76d02c6ad79d7a5ec to remote] DEBUG org.asynchttpclient.netty.request.NettyRequestSender - Using pooled Channel '[id: 0x8e5a5cf2, L:/127.0.0.1:55024 - R:localhost/127.0.0.1:41147]' for 'POST' to 'http://localhost:41147/session/5990abe861a5dff76d02c6ad79d7a5ec/element/f.5A6311CCD71F57A42D7A48717F927A23.d.B4D2504F783B5EDE81A04A027B3F923B.e.120/value'
22:44:02.732 [Forwarding sendKeysToElement on session 5990abe861a5dff76d02c6ad79d7a5ec to remote] DEBUG org.asynchttpclient.netty.request.NettyRequestSender - Using open Channel [id: 0x8e5a5cf2, L:/127.0.0.1:55024 - R:localhost/127.0.0.1:41147] for POST '/session/5990abe861a5dff76d02c6ad79d7a5ec/element/f.5A6311CCD71F57A42D7A48717F927A23.d.B4D2504F783B5EDE81A04A027B3F923B.e.120/value'
22:44:02.781 [AsyncHttpClient-1-1] DEBUG org.asynchttpclient.netty.channel.DefaultChannelPool - Entry count for : http://localhost:55025 : 1
22:44:02.875 [AsyncHttpClient-1-2] DEBUG org.asynchttpclient.netty.handler.HttpHandler - 

Request DefaultHttpRequest(decodeResult: success, version: HTTP/1.1)
POST /session/5990abe861a5dff76d02c6ad79d7a5ec/element/f.5A6311CCD71F57A42D7A48717F927A23.d.B4D2504F783B5EDE81A04A027B3F923B.e.120/value HTTP/1.1
User-Agent: selenium/4.12.0 (java windows)
Content-Length: 180
Content-Type: application/json; charset=utf-8
host: localhost:41147
accept: */*

Response DefaultHttpResponse(decodeResult: success, version: HTTP/1.1)
HTTP/1.1 200 OK
Content-Length: 14
Content-Type: application/json; charset=utf-8
cache-control: no-cache

22:44:02.875 [AsyncHttpClient-1-2] DEBUG org.asynchttpclient.netty.channel.ChannelManager - Adding key: http://localhost:41147 for channel [id: 0x8e5a5cf2, L:/127.0.0.1:55024 - R:localhost/127.0.0.1:41147]
22:44:02.877 [Forwarding findElement on session 5990abe861a5dff76d02c6ad79d7a5ec to remote] DEBUG org.asynchttpclient.netty.request.NettyRequestSender - Using pooled Channel '[id: 0x8e5a5cf2, L:/127.0.0.1:55024 - R:localhost/127.0.0.1:41147]' for 'POST' to 'http://localhost:41147/session/5990abe861a5dff76d02c6ad79d7a5ec/element'
22:44:02.878 [Forwarding findElement on session 5990abe861a5dff76d02c6ad79d7a5ec to remote] DEBUG org.asynchttpclient.netty.request.NettyRequestSender - Using open Channel [id: 0x8e5a5cf2, L:/127.0.0.1:55024 - R:localhost/127.0.0.1:41147] for POST '/session/5990abe861a5dff76d02c6ad79d7a5ec/element'
22:44:02.897 [AsyncHttpClient-1-2] DEBUG org.asynchttpclient.netty.handler.HttpHandler - 

Request DefaultHttpRequest(decodeResult: success, version: HTTP/1.1)
POST /session/5990abe861a5dff76d02c6ad79d7a5ec/element HTTP/1.1
User-Agent: selenium/4.12.0 (java windows)
Content-Length: 164
Content-Type: application/json; charset=utf-8
host: localhost:41147
accept: */*

Response DefaultHttpResponse(decodeResult: success, version: HTTP/1.1)
HTTP/1.1 200 OK
Content-Length: 127
Content-Type: application/json; charset=utf-8
cache-control: no-cache

22:44:02.897 [AsyncHttpClient-1-2] DEBUG org.asynchttpclient.netty.channel.ChannelManager - Adding key: http://localhost:41147 for channel [id: 0x8e5a5cf2, L:/127.0.0.1:55024 - R:localhost/127.0.0.1:41147]
22:44:02.897 [Forwarding sendKeysToElement on session 5990abe861a5dff76d02c6ad79d7a5ec to remote] DEBUG org.asynchttpclient.netty.request.NettyRequestSender - Using pooled Channel '[id: 0x8e5a5cf2, L:/127.0.0.1:55024 - R:localhost/127.0.0.1:41147]' for 'POST' to 'http://localhost:41147/session/5990abe861a5dff76d02c6ad79d7a5ec/element/f.5A6311CCD71F57A42D7A48717F927A23.d.B4D2504F783B5EDE81A04A027B3F923B.e.121/value'
22:44:02.897 [Forwarding sendKeysToElement on session 5990abe861a5dff76d02c6ad79d7a5ec to remote] DEBUG org.asynchttpclient.netty.request.NettyRequestSender - Using open Channel [id: 0x8e5a5cf2, L:/127.0.0.1:55024 - R:localhost/127.0.0.1:41147] for POST '/session/5990abe861a5dff76d02c6ad79d7a5ec/element/f.5A6311CCD71F57A42D7A48717F927A23.d.B4D2504F783B5EDE81A04A027B3F923B.e.121/value'
22:44:03.002 [AsyncHttpClient-1-2] DEBUG org.asynchttpclient.netty.handler.HttpHandler - 

Request DefaultHttpRequest(decodeResult: success, version: HTTP/1.1)
POST /session/5990abe861a5dff76d02c6ad79d7a5ec/element/f.5A6311CCD71F57A42D7A48717F927A23.d.B4D2504F783B5EDE81A04A027B3F923B.e.121/value HTTP/1.1
User-Agent: selenium/4.12.0 (java windows)
Content-Length: 150
Content-Type: application/json; charset=utf-8
host: localhost:41147
accept: */*

Response DefaultHttpResponse(decodeResult: success, version: HTTP/1.1)
HTTP/1.1 200 OK
Content-Length: 14
Content-Type: application/json; charset=utf-8
cache-control: no-cache

22:44:03.002 [AsyncHttpClient-1-2] DEBUG org.asynchttpclient.netty.channel.ChannelManager - Adding key: http://localhost:41147 for channel [id: 0x8e5a5cf2, L:/127.0.0.1:55024 - R:localhost/127.0.0.1:41147]
screen shot class not taking
  And Add_new_address_detailsMain_street001 YK FL 987678 USA             # StepDefination.Customer_onboarding.Add_new_addrest_details(java.lang.String,java.lang.String,java.lang.String,java.lang.String,java.lang.String)
22:44:03.887 [AsyncHttpClient-1-1] DEBUG org.asynchttpclient.netty.channel.DefaultChannelPool - Entry count for : http://localhost:55025 : 1
22:44:03.887 [AsyncHttpClient-1-1] DEBUG org.asynchttpclient.netty.channel.DefaultChannelPool - Entry count for : http://localhost:41147 : 1
22:44:04.537 [Forwarding findElement on session 5990abe861a5dff76d02c6ad79d7a5ec to remote] DEBUG org.asynchttpclient.netty.request.NettyRequestSender - Using pooled Channel '[id: 0x8e5a5cf2, L:/127.0.0.1:55024 - R:localhost/127.0.0.1:41147]' for 'POST' to 'http://localhost:41147/session/5990abe861a5dff76d02c6ad79d7a5ec/element'
22:44:04.537 [Forwarding findElement on session 5990abe861a5dff76d02c6ad79d7a5ec to remote] DEBUG org.asynchttpclient.netty.request.NettyRequestSender - Using open Channel [id: 0x8e5a5cf2, L:/127.0.0.1:55024 - R:localhost/127.0.0.1:41147] for POST '/session/5990abe861a5dff76d02c6ad79d7a5ec/element'
22:44:04.553 [AsyncHttpClient-1-2] DEBUG org.asynchttpclient.netty.handler.HttpHandler - 

Request DefaultHttpRequest(decodeResult: success, version: HTTP/1.1)
POST /session/5990abe861a5dff76d02c6ad79d7a5ec/element HTTP/1.1
User-Agent: selenium/4.12.0 (java windows)
Content-Length: 72
Content-Type: application/json; charset=utf-8
host: localhost:41147
accept: */*

Response DefaultHttpResponse(decodeResult: success, version: HTTP/1.1)
HTTP/1.1 200 OK
Content-Length: 127
Content-Type: application/json; charset=utf-8
cache-control: no-cache

22:44:04.553 [AsyncHttpClient-1-2] DEBUG org.asynchttpclient.netty.channel.ChannelManager - Adding key: http://localhost:41147 for channel [id: 0x8e5a5cf2, L:/127.0.0.1:55024 - R:localhost/127.0.0.1:41147]
22:44:04.553 [Forwarding clickElement on session 5990abe861a5dff76d02c6ad79d7a5ec to remote] DEBUG org.asynchttpclient.netty.request.NettyRequestSender - Using pooled Channel '[id: 0x8e5a5cf2, L:/127.0.0.1:55024 - R:localhost/127.0.0.1:41147]' for 'POST' to 'http://localhost:41147/session/5990abe861a5dff76d02c6ad79d7a5ec/element/f.5A6311CCD71F57A42D7A48717F927A23.d.B4D2504F783B5EDE81A04A027B3F923B.e.153/click'
22:44:04.553 [Forwarding clickElement on session 5990abe861a5dff76d02c6ad79d7a5ec to remote] DEBUG org.asynchttpclient.netty.request.NettyRequestSender - Using open Channel [id: 0x8e5a5cf2, L:/127.0.0.1:55024 - R:localhost/127.0.0.1:41147] for POST '/session/5990abe861a5dff76d02c6ad79d7a5ec/element/f.5A6311CCD71F57A42D7A48717F927A23.d.B4D2504F783B5EDE81A04A027B3F923B.e.153/click'
22:44:04.687 [AsyncHttpClient-1-2] DEBUG org.asynchttpclient.netty.handler.HttpHandler - 

Request DefaultHttpRequest(decodeResult: success, version: HTTP/1.1)
POST /session/5990abe861a5dff76d02c6ad79d7a5ec/element/f.5A6311CCD71F57A42D7A48717F927A23.d.B4D2504F783B5EDE81A04A027B3F923B.e.153/click HTTP/1.1
User-Agent: selenium/4.12.0 (java windows)
Content-Length: 89
Content-Type: application/json; charset=utf-8
host: localhost:41147
accept: */*

Response DefaultHttpResponse(decodeResult: success, version: HTTP/1.1)
HTTP/1.1 200 OK
Content-Length: 14
Content-Type: application/json; charset=utf-8
cache-control: no-cache

22:44:04.687 [AsyncHttpClient-1-2] DEBUG org.asynchttpclient.netty.channel.ChannelManager - Adding key: http://localhost:41147 for channel [id: 0x8e5a5cf2, L:/127.0.0.1:55024 - R:localhost/127.0.0.1:41147]
22:44:04.983 [AsyncHttpClient-1-1] DEBUG org.asynchttpclient.netty.channel.DefaultChannelPool - Entry count for : http://localhost:55025 : 1
22:44:04.983 [AsyncHttpClient-1-1] DEBUG org.asynchttpclient.netty.channel.DefaultChannelPool - Entry count for : http://localhost:41147 : 1
screen shot class not taking
  When Submit the form                                                   # StepDefination.Customer_onboarding.Submit_the_form()
22:44:05.201 [Forwarding findElements on session 5990abe861a5dff76d02c6ad79d7a5ec to remote] DEBUG org.asynchttpclient.netty.request.NettyRequestSender - Using pooled Channel '[id: 0x8e5a5cf2, L:/127.0.0.1:55024 - R:localhost/127.0.0.1:41147]' for 'POST' to 'http://localhost:41147/session/5990abe861a5dff76d02c6ad79d7a5ec/elements'
22:44:05.201 [Forwarding findElements on session 5990abe861a5dff76d02c6ad79d7a5ec to remote] DEBUG org.asynchttpclient.netty.request.NettyRequestSender - Using open Channel [id: 0x8e5a5cf2, L:/127.0.0.1:55024 - R:localhost/127.0.0.1:41147] for POST '/session/5990abe861a5dff76d02c6ad79d7a5ec/elements'
22:44:05.226 [AsyncHttpClient-1-2] DEBUG org.asynchttpclient.netty.handler.HttpHandler - 

Request DefaultHttpRequest(decodeResult: success, version: HTTP/1.1)
POST /session/5990abe861a5dff76d02c6ad79d7a5ec/elements HTTP/1.1
User-Agent: selenium/4.12.0 (java windows)
Content-Length: 142
Content-Type: application/json; charset=utf-8
host: localhost:41147
accept: */*

Response DefaultHttpResponse(decodeResult: success, version: HTTP/1.1)
HTTP/1.1 200 OK
Content-Length: 129
Content-Type: application/json; charset=utf-8
cache-control: no-cache

22:44:05.226 [AsyncHttpClient-1-2] DEBUG org.asynchttpclient.netty.channel.ChannelManager - Adding key: http://localhost:41147 for channel [id: 0x8e5a5cf2, L:/127.0.0.1:55024 - R:localhost/127.0.0.1:41147]
22:44:05.226 [Forwarding findElement on session 5990abe861a5dff76d02c6ad79d7a5ec to remote] DEBUG org.asynchttpclient.netty.request.NettyRequestSender - Using pooled Channel '[id: 0x8e5a5cf2, L:/127.0.0.1:55024 - R:localhost/127.0.0.1:41147]' for 'POST' to 'http://localhost:41147/session/5990abe861a5dff76d02c6ad79d7a5ec/element'
22:44:05.226 [Forwarding findElement on session 5990abe861a5dff76d02c6ad79d7a5ec to remote] DEBUG org.asynchttpclient.netty.request.NettyRequestSender - Using open Channel [id: 0x8e5a5cf2, L:/127.0.0.1:55024 - R:localhost/127.0.0.1:41147] for POST '/session/5990abe861a5dff76d02c6ad79d7a5ec/element'
22:44:05.242 [AsyncHttpClient-1-2] DEBUG org.asynchttpclient.netty.handler.HttpHandler - 

Request DefaultHttpRequest(decodeResult: success, version: HTTP/1.1)
POST /session/5990abe861a5dff76d02c6ad79d7a5ec/element HTTP/1.1
User-Agent: selenium/4.12.0 (java windows)
Content-Length: 156
Content-Type: application/json; charset=utf-8
host: localhost:41147
accept: */*

Response DefaultHttpResponse(decodeResult: success, version: HTTP/1.1)
HTTP/1.1 200 OK
Content-Length: 127
Content-Type: application/json; charset=utf-8
cache-control: no-cache

22:44:05.242 [AsyncHttpClient-1-2] DEBUG org.asynchttpclient.netty.channel.ChannelManager - Adding key: http://localhost:41147 for channel [id: 0x8e5a5cf2, L:/127.0.0.1:55024 - R:localhost/127.0.0.1:41147]
22:44:05.250 [Forwarding getElementText on session 5990abe861a5dff76d02c6ad79d7a5ec to remote] DEBUG org.asynchttpclient.netty.request.NettyRequestSender - Using pooled Channel '[id: 0x8e5a5cf2, L:/127.0.0.1:55024 - R:localhost/127.0.0.1:41147]' for 'GET' to 'http://localhost:41147/session/5990abe861a5dff76d02c6ad79d7a5ec/element/f.5A6311CCD71F57A42D7A48717F927A23.d.B4D2504F783B5EDE81A04A027B3F923B.e.155/text'
22:44:05.250 [Forwarding getElementText on session 5990abe861a5dff76d02c6ad79d7a5ec to remote] DEBUG org.asynchttpclient.netty.request.NettyRequestSender - Using open Channel [id: 0x8e5a5cf2, L:/127.0.0.1:55024 - R:localhost/127.0.0.1:41147] for GET '/session/5990abe861a5dff76d02c6ad79d7a5ec/element/f.5A6311CCD71F57A42D7A48717F927A23.d.B4D2504F783B5EDE81A04A027B3F923B.e.155/text'
22:44:05.258 [AsyncHttpClient-1-2] DEBUG org.asynchttpclient.netty.handler.HttpHandler - 

Request DefaultFullHttpRequest(decodeResult: success, version: HTTP/1.1, content: EmptyByteBufBE)
GET /session/5990abe861a5dff76d02c6ad79d7a5ec/element/f.5A6311CCD71F57A42D7A48717F927A23.d.B4D2504F783B5EDE81A04A027B3F923B.e.155/text HTTP/1.1
Cache-Control: no-cache
User-Agent: selenium/4.12.0 (java windows)
Content-Type: application/json; charset=utf-8
host: localhost:41147
accept: */*

Response DefaultHttpResponse(decodeResult: success, version: HTTP/1.1)
HTTP/1.1 200 OK
Content-Length: 14
Content-Type: application/json; charset=utf-8
cache-control: no-cache

22:44:05.258 [AsyncHttpClient-1-2] DEBUG org.asynchttpclient.netty.channel.ChannelManager - Adding key: http://localhost:41147 for channel [id: 0x8e5a5cf2, L:/127.0.0.1:55024 - R:localhost/127.0.0.1:41147]
screen shot class not taking
  Then Verify_the_New_address                                            # StepDefination.Customer_onboarding.Verify_the_New_address()
22:44:05.772 [AsyncHttpClient-1-4] DEBUG org.asynchttpclient.netty.handler.WebSocketHandler - Channel Closed: [id: 0x8f75d5b5, L:/127.0.0.1:55033 ! R:localhost/127.0.0.1:55025] with attribute DISCARD
22:44:05.772 [Driver Command Executor] DEBUG org.asynchttpclient.netty.request.NettyRequestSender - Using pooled Channel '[id: 0x8e5a5cf2, L:/127.0.0.1:55024 - R:localhost/127.0.0.1:41147]' for 'DELETE' to 'http://localhost:41147/session/5990abe861a5dff76d02c6ad79d7a5ec'
22:44:05.772 [Driver Command Executor] DEBUG org.asynchttpclient.netty.request.NettyRequestSender - Using open Channel [id: 0x8e5a5cf2, L:/127.0.0.1:55024 - R:localhost/127.0.0.1:41147] for DELETE '/session/5990abe861a5dff76d02c6ad79d7a5ec'
22:44:05.861 [AsyncHttpClient-1-3] DEBUG org.asynchttpclient.netty.handler.HttpHandler - Unexpected I/O exception on channel [id: 0x6db88e13, L:/127.0.0.1:55032 - R:localhost/127.0.0.1:55025]
java.net.SocketException: Connection reset
	at java.base/sun.nio.ch.SocketChannelImpl.throwConnectionReset(SocketChannelImpl.java:394)
	at java.base/sun.nio.ch.SocketChannelImpl.read(SocketChannelImpl.java:426)
	at io.netty.buffer.PooledByteBuf.setBytes(PooledByteBuf.java:254)
	at io.netty.buffer.AbstractByteBuf.writeBytes(AbstractByteBuf.java:1132)
	at io.netty.channel.socket.nio.NioSocketChannel.doReadBytes(NioSocketChannel.java:357)
	at io.netty.channel.nio.AbstractNioByteChannel$NioByteUnsafe.read(AbstractNioByteChannel.java:151)
	at io.netty.channel.nio.NioEventLoop.processSelectedKey(NioEventLoop.java:788)
	at io.netty.channel.nio.NioEventLoop.processSelectedKeysOptimized(NioEventLoop.java:724)
	at io.netty.channel.nio.NioEventLoop.processSelectedKeys(NioEventLoop.java:650)
	at io.netty.channel.nio.NioEventLoop.run(NioEventLoop.java:562)
	at io.netty.util.concurrent.SingleThreadEventExecutor$4.run(SingleThreadEventExecutor.java:997)
	at io.netty.util.internal.ThreadExecutorMap$2.run(ThreadExecutorMap.java:74)
	at io.netty.util.concurrent.FastThreadLocalRunnable.run(FastThreadLocalRunnable.java:30)
	at java.base/java.lang.Thread.run(Thread.java:840)
22:44:05.861 [AsyncHttpClient-1-3] DEBUG org.asynchttpclient.netty.channel.ChannelManager - Closing Channel [id: 0x6db88e13, L:/127.0.0.1:55032 - R:localhost/127.0.0.1:55025] 
22:44:05.861 [AsyncHttpClient-1-3] DEBUG org.asynchttpclient.netty.handler.HttpHandler - Channel Closed: [id: 0x6db88e13, L:/127.0.0.1:55032 ! R:localhost/127.0.0.1:55025] with attribute DISCARD
22:44:05.949 [AsyncHttpClient-1-2] DEBUG org.asynchttpclient.netty.handler.HttpHandler - 

Request DefaultFullHttpRequest(decodeResult: success, version: HTTP/1.1, content: EmptyByteBufBE)
DELETE /session/5990abe861a5dff76d02c6ad79d7a5ec HTTP/1.1
User-Agent: selenium/4.12.0 (java windows)
Content-Type: application/json; charset=utf-8
host: localhost:41147
accept: */*

Response DefaultHttpResponse(decodeResult: success, version: HTTP/1.1)
HTTP/1.1 200 OK
Content-Length: 14
Content-Type: application/json; charset=utf-8
cache-control: no-cache

22:44:05.949 [AsyncHttpClient-1-2] DEBUG org.asynchttpclient.netty.channel.ChannelManager - Adding key: http://localhost:41147 for channel [id: 0x8e5a5cf2, L:/127.0.0.1:55024 - R:localhost/127.0.0.1:41147]
22:44:06.080 [AsyncHttpClient-1-1] DEBUG org.asynchttpclient.netty.channel.DefaultChannelPool - Entry count for : http://localhost:55025 : 1
22:44:06.080 [AsyncHttpClient-1-1] DEBUG org.asynchttpclient.netty.channel.DefaultChannelPool - Entry count for : http://localhost:41147 : 1
22:44:06.080 [AsyncHttpClient-1-1] DEBUG org.asynchttpclient.netty.channel.DefaultChannelPool - Adding Candidate expired Channel [id: 0x6db88e13, L:/127.0.0.1:55032 ! R:localhost/127.0.0.1:55025] isIdleTimeoutExpired=false isRemotelyClosed=true isTtlExpired=false
22:44:06.080 [AsyncHttpClient-1-1] DEBUG org.asynchttpclient.netty.channel.DefaultChannelPool - Closing Idle Channel [id: 0x6db88e13, L:/127.0.0.1:55032 ! R:localhost/127.0.0.1:55025]
22:44:06.080 [AsyncHttpClient-1-1] DEBUG org.asynchttpclient.netty.channel.DefaultChannelPool - Closed 1 connections out of 2 in 0 ms
22:44:06.651 [AsyncHttpClient-1-2] DEBUG org.asynchttpclient.netty.handler.HttpHandler - Channel Closed: [id: 0x8e5a5cf2, L:/127.0.0.1:55024 ! R:localhost/127.0.0.1:41147] with attribute DISCARD
  And Close_Window                                                       # StepDefination.Customer_onboarding.close_window()
WebDriver is null. Nothing to close.
]]></system-out>
    <system-err><![CDATA[Jan 18, 2025 10:43:39 PM org.openqa.selenium.devtools.CdpVersionFinder findNearestMatch
WARNING: Unable to find CDP implementation matching 131
Jan 18, 2025 10:43:39 PM org.openqa.selenium.chromium.ChromiumDriver lambda$new$5
WARNING: Unable to find version of CDP to use for 131.0.6778.265. You may need to include a dependency on a specific version of the CDP using something similar to `org.seleniumhq.selenium:selenium-devtools-v86:4.12.0` where the version ("v86") matches the version of the chromium-based browser you're using and the version number of the artifact is the same as Selenium's.
]]></system-err>
  </testcase>
  <testcase name="Signin with email and password #1" classname="User sign IN" time="13.388">
    <system-out><![CDATA[
Scenario Outline: Signin with email and password           # src/test/resources/Login/Login.feature:12
22:44:07.189 [AsyncHttpClient-1-1] DEBUG org.asynchttpclient.netty.channel.DefaultChannelPool - Entry count for : http://localhost:41147 : 1
22:44:07.189 [AsyncHttpClient-1-1] DEBUG org.asynchttpclient.netty.channel.DefaultChannelPool - Adding Candidate expired Channel [id: 0x8e5a5cf2, L:/127.0.0.1:55024 ! R:localhost/127.0.0.1:41147] isIdleTimeoutExpired=false isRemotelyClosed=true isTtlExpired=false
22:44:07.189 [AsyncHttpClient-1-1] DEBUG org.asynchttpclient.netty.channel.DefaultChannelPool - Closing Idle Channel [id: 0x8e5a5cf2, L:/127.0.0.1:55024 ! R:localhost/127.0.0.1:41147]
22:44:07.189 [AsyncHttpClient-1-1] DEBUG org.asynchttpclient.netty.channel.DefaultChannelPool - Closed 1 connections out of 1 in 0 ms
22:44:07.214 [AsyncHttpClient-1-5] DEBUG org.asynchttpclient.netty.channel.NettyConnectListener - Using new Channel '[id: 0x4b233376, L:/127.0.0.1:55072 - R:localhost/127.0.0.1:19947]' for 'POST' to '/session'
22:44:08.396 [AsyncHttpClient-1-5] DEBUG org.asynchttpclient.netty.handler.HttpHandler - 

Request DefaultHttpRequest(decodeResult: success, version: HTTP/1.1)
POST /session HTTP/1.1
User-Agent: selenium/4.12.0 (java windows)
Content-Length: 254
Content-Type: application/json; charset=utf-8
host: localhost:19947
accept: */*

Response DefaultHttpResponse(decodeResult: success, version: HTTP/1.1)
HTTP/1.1 200 OK
Content-Length: 887
Content-Type: application/json; charset=utf-8
cache-control: no-cache

22:44:08.396 [AsyncHttpClient-1-5] DEBUG org.asynchttpclient.netty.channel.ChannelManager - Adding key: http://localhost:19947 for channel [id: 0x4b233376, L:/127.0.0.1:55072 - R:localhost/127.0.0.1:19947]
22:44:08.412 [AsyncHttpClient-1-6] DEBUG org.asynchttpclient.netty.channel.NettyConnectListener - Using new Channel '[id: 0x4fae03da, L:/127.0.0.1:55080 - R:localhost/127.0.0.1:55073]' for 'GET' to '/json/version'
22:44:08.412 [AsyncHttpClient-1-6] DEBUG org.asynchttpclient.netty.handler.HttpHandler - 

Request DefaultFullHttpRequest(decodeResult: success, version: HTTP/1.1, content: EmptyByteBufBE)
GET /json/version HTTP/1.1
User-Agent: selenium/4.12.0 (java windows)
host: localhost:55073
accept: */*

Response DefaultHttpResponse(decodeResult: success, version: HTTP/1.1)
HTTP/1.1 200 OK
Content-Security-Policy: frame-ancestors 'none'
Content-Length: 424
Content-Type: application/json; charset=UTF-8

22:44:08.412 [AsyncHttpClient-1-6] DEBUG org.asynchttpclient.netty.channel.ChannelManager - Adding key: http://localhost:55073 for channel [id: 0x4fae03da, L:/127.0.0.1:55080 - R:localhost/127.0.0.1:55073]
22:44:08.420 [AsyncHttpClient-1-7] DEBUG org.asynchttpclient.netty.channel.NettyConnectListener - Using new Channel '[id: 0x33e486da, L:/127.0.0.1:55081 - R:localhost/127.0.0.1:55073]' for 'GET' to '/devtools/browser/bc078255-461d-4d65-8cef-91f0028cfdfb'
22:44:08.420 [AsyncHttpClient-1-7] DEBUG org.asynchttpclient.netty.handler.WebSocketHandler - 

Request DefaultFullHttpRequest(decodeResult: success, version: HTTP/1.1, content: EmptyByteBufBE)
GET /devtools/browser/bc078255-461d-4d65-8cef-91f0028cfdfb HTTP/1.1
upgrade: websocket
connection: upgrade
sec-websocket-key: waUgUs/wmpLN4k688mif/A==
sec-websocket-version: 13
origin: http://localhost:55073
host: localhost:55073
accept: */*
user-agent: AHC/2.1

Response DefaultHttpResponse(decodeResult: success, version: HTTP/1.1)
HTTP/1.1 101 WebSocket Protocol Handshake
Upgrade: WebSocket
Connection: Upgrade
Sec-WebSocket-Accept: mm/fbXjRq+o+0bZs6JReV0jsvDk=

22:44:08.428 [Forwarding get on session 9fedb7344e3ffa1008ba6bf913485e23 to remote] DEBUG org.asynchttpclient.netty.request.NettyRequestSender - Using pooled Channel '[id: 0x4b233376, L:/127.0.0.1:55072 - R:localhost/127.0.0.1:19947]' for 'POST' to 'http://localhost:19947/session/9fedb7344e3ffa1008ba6bf913485e23/url'
22:44:08.428 [Forwarding get on session 9fedb7344e3ffa1008ba6bf913485e23 to remote] DEBUG org.asynchttpclient.netty.request.NettyRequestSender - Using open Channel [id: 0x4b233376, L:/127.0.0.1:55072 - R:localhost/127.0.0.1:19947] for POST '/session/9fedb7344e3ffa1008ba6bf913485e23/url'
22:44:09.384 [AsyncHttpClient-1-1] DEBUG org.asynchttpclient.netty.channel.DefaultChannelPool - Entry count for : http://localhost:55073 : 1
22:44:10.089 [AsyncHttpClient-1-5] DEBUG org.asynchttpclient.netty.handler.HttpHandler - 

Request DefaultHttpRequest(decodeResult: success, version: HTTP/1.1)
POST /session/9fedb7344e3ffa1008ba6bf913485e23/url HTTP/1.1
User-Agent: selenium/4.12.0 (java windows)
Content-Length: 92
Content-Type: application/json; charset=utf-8
host: localhost:19947
accept: */*

Response DefaultHttpResponse(decodeResult: success, version: HTTP/1.1)
HTTP/1.1 200 OK
Content-Length: 14
Content-Type: application/json; charset=utf-8
cache-control: no-cache

22:44:10.089 [AsyncHttpClient-1-5] DEBUG org.asynchttpclient.netty.channel.ChannelManager - Adding key: http://localhost:19947 for channel [id: 0x4b233376, L:/127.0.0.1:55072 - R:localhost/127.0.0.1:19947]
22:44:10.089 [Forwarding maximizeCurrentWindow on session 9fedb7344e3ffa1008ba6bf913485e23 to remote] DEBUG org.asynchttpclient.netty.request.NettyRequestSender - Using pooled Channel '[id: 0x4b233376, L:/127.0.0.1:55072 - R:localhost/127.0.0.1:19947]' for 'POST' to 'http://localhost:19947/session/9fedb7344e3ffa1008ba6bf913485e23/window/maximize'
22:44:10.089 [Forwarding maximizeCurrentWindow on session 9fedb7344e3ffa1008ba6bf913485e23 to remote] DEBUG org.asynchttpclient.netty.request.NettyRequestSender - Using open Channel [id: 0x4b233376, L:/127.0.0.1:55072 - R:localhost/127.0.0.1:19947] for POST '/session/9fedb7344e3ffa1008ba6bf913485e23/window/maximize'
22:44:10.210 [AsyncHttpClient-1-5] DEBUG org.asynchttpclient.netty.handler.HttpHandler - 

Request DefaultHttpRequest(decodeResult: success, version: HTTP/1.1)
POST /session/9fedb7344e3ffa1008ba6bf913485e23/window/maximize HTTP/1.1
User-Agent: selenium/4.12.0 (java windows)
Content-Length: 3
Content-Type: application/json; charset=utf-8
host: localhost:19947
accept: */*

Response DefaultHttpResponse(decodeResult: success, version: HTTP/1.1)
HTTP/1.1 200 OK
Content-Length: 51
Content-Type: application/json; charset=utf-8
cache-control: no-cache

22:44:10.210 [AsyncHttpClient-1-5] DEBUG org.asynchttpclient.netty.channel.ChannelManager - Adding key: http://localhost:19947 for channel [id: 0x4b233376, L:/127.0.0.1:55072 - R:localhost/127.0.0.1:19947]
  Given I have login panel-test                            # StepDefination.Signin.I_have_login_panel()
22:44:10.210 [Forwarding findElement on session 9fedb7344e3ffa1008ba6bf913485e23 to remote] DEBUG org.asynchttpclient.netty.request.NettyRequestSender - Using pooled Channel '[id: 0x4b233376, L:/127.0.0.1:55072 - R:localhost/127.0.0.1:19947]' for 'POST' to 'http://localhost:19947/session/9fedb7344e3ffa1008ba6bf913485e23/element'
22:44:10.210 [Forwarding findElement on session 9fedb7344e3ffa1008ba6bf913485e23 to remote] DEBUG org.asynchttpclient.netty.request.NettyRequestSender - Using open Channel [id: 0x4b233376, L:/127.0.0.1:55072 - R:localhost/127.0.0.1:19947] for POST '/session/9fedb7344e3ffa1008ba6bf913485e23/element'
22:44:10.234 [AsyncHttpClient-1-5] DEBUG org.asynchttpclient.netty.handler.HttpHandler - 

Request DefaultHttpRequest(decodeResult: success, version: HTTP/1.1)
POST /session/9fedb7344e3ffa1008ba6bf913485e23/element HTTP/1.1
User-Agent: selenium/4.12.0 (java windows)
Content-Length: 69
Content-Type: application/json; charset=utf-8
host: localhost:19947
accept: */*

Response DefaultHttpResponse(decodeResult: success, version: HTTP/1.1)
HTTP/1.1 200 OK
Content-Length: 125
Content-Type: application/json; charset=utf-8
cache-control: no-cache

22:44:10.234 [AsyncHttpClient-1-5] DEBUG org.asynchttpclient.netty.channel.ChannelManager - Adding key: http://localhost:19947 for channel [id: 0x4b233376, L:/127.0.0.1:55072 - R:localhost/127.0.0.1:19947]
22:44:10.242 [Forwarding sendKeysToElement on session 9fedb7344e3ffa1008ba6bf913485e23 to remote] DEBUG org.asynchttpclient.netty.request.NettyRequestSender - Using pooled Channel '[id: 0x4b233376, L:/127.0.0.1:55072 - R:localhost/127.0.0.1:19947]' for 'POST' to 'http://localhost:19947/session/9fedb7344e3ffa1008ba6bf913485e23/element/f.578ABC93789428B53267C636FA77BA6B.d.7131126351393BAEA1B59ADA442B8D79.e.4/value'
22:44:10.242 [Forwarding sendKeysToElement on session 9fedb7344e3ffa1008ba6bf913485e23 to remote] DEBUG org.asynchttpclient.netty.request.NettyRequestSender - Using open Channel [id: 0x4b233376, L:/127.0.0.1:55072 - R:localhost/127.0.0.1:19947] for POST '/session/9fedb7344e3ffa1008ba6bf913485e23/element/f.578ABC93789428B53267C636FA77BA6B.d.7131126351393BAEA1B59ADA442B8D79.e.4/value'
22:44:10.490 [AsyncHttpClient-1-1] DEBUG org.asynchttpclient.netty.channel.DefaultChannelPool - Entry count for : http://localhost:55073 : 1
22:44:10.554 [AsyncHttpClient-1-5] DEBUG org.asynchttpclient.netty.handler.HttpHandler - 

Request DefaultHttpRequest(decodeResult: success, version: HTTP/1.1)
POST /session/9fedb7344e3ffa1008ba6bf913485e23/element/f.578ABC93789428B53267C636FA77BA6B.d.7131126351393BAEA1B59ADA442B8D79.e.4/value HTTP/1.1
User-Agent: selenium/4.12.0 (java windows)
Content-Length: 338
Content-Type: application/json; charset=utf-8
host: localhost:19947
accept: */*

Response DefaultHttpResponse(decodeResult: success, version: HTTP/1.1)
HTTP/1.1 200 OK
Content-Length: 14
Content-Type: application/json; charset=utf-8
cache-control: no-cache

22:44:10.554 [AsyncHttpClient-1-5] DEBUG org.asynchttpclient.netty.channel.ChannelManager - Adding key: http://localhost:19947 for channel [id: 0x4b233376, L:/127.0.0.1:55072 - R:localhost/127.0.0.1:19947]
22:44:10.554 [Forwarding findElement on session 9fedb7344e3ffa1008ba6bf913485e23 to remote] DEBUG org.asynchttpclient.netty.request.NettyRequestSender - Using pooled Channel '[id: 0x4b233376, L:/127.0.0.1:55072 - R:localhost/127.0.0.1:19947]' for 'POST' to 'http://localhost:19947/session/9fedb7344e3ffa1008ba6bf913485e23/element'
22:44:10.554 [Forwarding findElement on session 9fedb7344e3ffa1008ba6bf913485e23 to remote] DEBUG org.asynchttpclient.netty.request.NettyRequestSender - Using open Channel [id: 0x4b233376, L:/127.0.0.1:55072 - R:localhost/127.0.0.1:19947] for POST '/session/9fedb7344e3ffa1008ba6bf913485e23/element'
22:44:10.570 [AsyncHttpClient-1-5] DEBUG org.asynchttpclient.netty.handler.HttpHandler - 

Request DefaultHttpRequest(decodeResult: success, version: HTTP/1.1)
POST /session/9fedb7344e3ffa1008ba6bf913485e23/element HTTP/1.1
User-Agent: selenium/4.12.0 (java windows)
Content-Length: 72
Content-Type: application/json; charset=utf-8
host: localhost:19947
accept: */*

Response DefaultHttpResponse(decodeResult: success, version: HTTP/1.1)
HTTP/1.1 200 OK
Content-Length: 125
Content-Type: application/json; charset=utf-8
cache-control: no-cache

22:44:10.570 [AsyncHttpClient-1-5] DEBUG org.asynchttpclient.netty.channel.ChannelManager - Adding key: http://localhost:19947 for channel [id: 0x4b233376, L:/127.0.0.1:55072 - R:localhost/127.0.0.1:19947]
22:44:10.578 [Forwarding sendKeysToElement on session 9fedb7344e3ffa1008ba6bf913485e23 to remote] DEBUG org.asynchttpclient.netty.request.NettyRequestSender - Using pooled Channel '[id: 0x4b233376, L:/127.0.0.1:55072 - R:localhost/127.0.0.1:19947]' for 'POST' to 'http://localhost:19947/session/9fedb7344e3ffa1008ba6bf913485e23/element/f.578ABC93789428B53267C636FA77BA6B.d.7131126351393BAEA1B59ADA442B8D79.e.6/value'
22:44:10.578 [Forwarding sendKeysToElement on session 9fedb7344e3ffa1008ba6bf913485e23 to remote] DEBUG org.asynchttpclient.netty.request.NettyRequestSender - Using open Channel [id: 0x4b233376, L:/127.0.0.1:55072 - R:localhost/127.0.0.1:19947] for POST '/session/9fedb7344e3ffa1008ba6bf913485e23/element/f.578ABC93789428B53267C636FA77BA6B.d.7131126351393BAEA1B59ADA442B8D79.e.6/value'
22:44:10.891 [AsyncHttpClient-1-5] DEBUG org.asynchttpclient.netty.handler.HttpHandler - 

Request DefaultHttpRequest(decodeResult: success, version: HTTP/1.1)
POST /session/9fedb7344e3ffa1008ba6bf913485e23/element/f.578ABC93789428B53267C636FA77BA6B.d.7131126351393BAEA1B59ADA442B8D79.e.6/value HTTP/1.1
User-Agent: selenium/4.12.0 (java windows)
Content-Length: 208
Content-Type: application/json; charset=utf-8
host: localhost:19947
accept: */*

Response DefaultHttpResponse(decodeResult: success, version: HTTP/1.1)
HTTP/1.1 200 OK
Content-Length: 14
Content-Type: application/json; charset=utf-8
cache-control: no-cache

22:44:10.891 [AsyncHttpClient-1-5] DEBUG org.asynchttpclient.netty.channel.ChannelManager - Adding key: http://localhost:19947 for channel [id: 0x4b233376, L:/127.0.0.1:55072 - R:localhost/127.0.0.1:19947]
  When I provide fokisaj290@edectus.com and Fleet@123-test # StepDefination.Signin.i_provide_id_and_password(java.lang.String,java.lang.String)
22:44:10.893 [Forwarding findElement on session 9fedb7344e3ffa1008ba6bf913485e23 to remote] DEBUG org.asynchttpclient.netty.request.NettyRequestSender - Using pooled Channel '[id: 0x4b233376, L:/127.0.0.1:55072 - R:localhost/127.0.0.1:19947]' for 'POST' to 'http://localhost:19947/session/9fedb7344e3ffa1008ba6bf913485e23/element'
22:44:10.893 [Forwarding findElement on session 9fedb7344e3ffa1008ba6bf913485e23 to remote] DEBUG org.asynchttpclient.netty.request.NettyRequestSender - Using open Channel [id: 0x4b233376, L:/127.0.0.1:55072 - R:localhost/127.0.0.1:19947] for POST '/session/9fedb7344e3ffa1008ba6bf913485e23/element'
22:44:10.914 [AsyncHttpClient-1-5] DEBUG org.asynchttpclient.netty.handler.HttpHandler - 

Request DefaultHttpRequest(decodeResult: success, version: HTTP/1.1)
POST /session/9fedb7344e3ffa1008ba6bf913485e23/element HTTP/1.1
User-Agent: selenium/4.12.0 (java windows)
Content-Length: 73
Content-Type: application/json; charset=utf-8
host: localhost:19947
accept: */*

Response DefaultHttpResponse(decodeResult: success, version: HTTP/1.1)
HTTP/1.1 200 OK
Content-Length: 125
Content-Type: application/json; charset=utf-8
cache-control: no-cache

22:44:10.914 [AsyncHttpClient-1-5] DEBUG org.asynchttpclient.netty.channel.ChannelManager - Adding key: http://localhost:19947 for channel [id: 0x4b233376, L:/127.0.0.1:55072 - R:localhost/127.0.0.1:19947]
22:44:10.916 [Forwarding clickElement on session 9fedb7344e3ffa1008ba6bf913485e23 to remote] DEBUG org.asynchttpclient.netty.request.NettyRequestSender - Using pooled Channel '[id: 0x4b233376, L:/127.0.0.1:55072 - R:localhost/127.0.0.1:19947]' for 'POST' to 'http://localhost:19947/session/9fedb7344e3ffa1008ba6bf913485e23/element/f.578ABC93789428B53267C636FA77BA6B.d.7131126351393BAEA1B59ADA442B8D79.e.8/click'
22:44:10.916 [Forwarding clickElement on session 9fedb7344e3ffa1008ba6bf913485e23 to remote] DEBUG org.asynchttpclient.netty.request.NettyRequestSender - Using open Channel [id: 0x4b233376, L:/127.0.0.1:55072 - R:localhost/127.0.0.1:19947] for POST '/session/9fedb7344e3ffa1008ba6bf913485e23/element/f.578ABC93789428B53267C636FA77BA6B.d.7131126351393BAEA1B59ADA442B8D79.e.8/click'
22:44:11.108 [AsyncHttpClient-1-5] DEBUG org.asynchttpclient.netty.handler.HttpHandler - 

Request DefaultHttpRequest(decodeResult: success, version: HTTP/1.1)
POST /session/9fedb7344e3ffa1008ba6bf913485e23/element/f.578ABC93789428B53267C636FA77BA6B.d.7131126351393BAEA1B59ADA442B8D79.e.8/click HTTP/1.1
User-Agent: selenium/4.12.0 (java windows)
Content-Length: 87
Content-Type: application/json; charset=utf-8
host: localhost:19947
accept: */*

Response DefaultHttpResponse(decodeResult: success, version: HTTP/1.1)
HTTP/1.1 200 OK
Content-Length: 14
Content-Type: application/json; charset=utf-8
cache-control: no-cache

22:44:11.109 [AsyncHttpClient-1-5] DEBUG org.asynchttpclient.netty.channel.ChannelManager - Adding key: http://localhost:19947 for channel [id: 0x4b233376, L:/127.0.0.1:55072 - R:localhost/127.0.0.1:19947]
22:44:11.581 [AsyncHttpClient-1-1] DEBUG org.asynchttpclient.netty.channel.DefaultChannelPool - Entry count for : http://localhost:19947 : 1
22:44:11.581 [AsyncHttpClient-1-1] DEBUG org.asynchttpclient.netty.channel.DefaultChannelPool - Entry count for : http://localhost:55073 : 1
22:44:12.680 [AsyncHttpClient-1-1] DEBUG org.asynchttpclient.netty.channel.DefaultChannelPool - Entry count for : http://localhost:19947 : 1
22:44:12.680 [AsyncHttpClient-1-1] DEBUG org.asynchttpclient.netty.channel.DefaultChannelPool - Entry count for : http://localhost:55073 : 1
22:44:13.786 [AsyncHttpClient-1-1] DEBUG org.asynchttpclient.netty.channel.DefaultChannelPool - Entry count for : http://localhost:19947 : 1
22:44:13.786 [AsyncHttpClient-1-1] DEBUG org.asynchttpclient.netty.channel.DefaultChannelPool - Entry count for : http://localhost:55073 : 1
22:44:14.885 [AsyncHttpClient-1-1] DEBUG org.asynchttpclient.netty.channel.DefaultChannelPool - Entry count for : http://localhost:19947 : 1
22:44:14.886 [AsyncHttpClient-1-1] DEBUG org.asynchttpclient.netty.channel.DefaultChannelPool - Entry count for : http://localhost:55073 : 1
22:44:15.985 [AsyncHttpClient-1-1] DEBUG org.asynchttpclient.netty.channel.DefaultChannelPool - Entry count for : http://localhost:19947 : 1
22:44:15.985 [AsyncHttpClient-1-1] DEBUG org.asynchttpclient.netty.channel.DefaultChannelPool - Entry count for : http://localhost:55073 : 1
  And Tap on submit button-test                            # StepDefination.Signin.tap_on_submit_button()
22:44:16.119 [Forwarding getCurrentUrl on session 9fedb7344e3ffa1008ba6bf913485e23 to remote] DEBUG org.asynchttpclient.netty.request.NettyRequestSender - Using pooled Channel '[id: 0x4b233376, L:/127.0.0.1:55072 - R:localhost/127.0.0.1:19947]' for 'GET' to 'http://localhost:19947/session/9fedb7344e3ffa1008ba6bf913485e23/url'
22:44:16.119 [Forwarding getCurrentUrl on session 9fedb7344e3ffa1008ba6bf913485e23 to remote] DEBUG org.asynchttpclient.netty.request.NettyRequestSender - Using open Channel [id: 0x4b233376, L:/127.0.0.1:55072 - R:localhost/127.0.0.1:19947] for GET '/session/9fedb7344e3ffa1008ba6bf913485e23/url'
22:44:16.128 [AsyncHttpClient-1-5] DEBUG org.asynchttpclient.netty.handler.HttpHandler - 

Request DefaultFullHttpRequest(decodeResult: success, version: HTTP/1.1, content: EmptyByteBufBE)
GET /session/9fedb7344e3ffa1008ba6bf913485e23/url HTTP/1.1
Cache-Control: no-cache
User-Agent: selenium/4.12.0 (java windows)
Content-Type: application/json; charset=utf-8
host: localhost:19947
accept: */*

Response DefaultHttpResponse(decodeResult: success, version: HTTP/1.1)
HTTP/1.1 200 OK
Content-Length: 69
Content-Type: application/json; charset=utf-8
cache-control: no-cache

22:44:16.128 [AsyncHttpClient-1-5] DEBUG org.asynchttpclient.netty.channel.ChannelManager - Adding key: http://localhost:19947 for channel [id: 0x4b233376, L:/127.0.0.1:55072 - R:localhost/127.0.0.1:19947]
https://fleet-manager-development.vercel.app/auth/sign-in
22:44:16.128 [Forwarding findElement on session 9fedb7344e3ffa1008ba6bf913485e23 to remote] DEBUG org.asynchttpclient.netty.request.NettyRequestSender - Using pooled Channel '[id: 0x4b233376, L:/127.0.0.1:55072 - R:localhost/127.0.0.1:19947]' for 'POST' to 'http://localhost:19947/session/9fedb7344e3ffa1008ba6bf913485e23/element'
22:44:16.128 [Forwarding findElement on session 9fedb7344e3ffa1008ba6bf913485e23 to remote] DEBUG org.asynchttpclient.netty.request.NettyRequestSender - Using open Channel [id: 0x4b233376, L:/127.0.0.1:55072 - R:localhost/127.0.0.1:19947] for POST '/session/9fedb7344e3ffa1008ba6bf913485e23/element'
22:44:16.151 [AsyncHttpClient-1-5] DEBUG org.asynchttpclient.netty.handler.HttpHandler - 

Request DefaultHttpRequest(decodeResult: success, version: HTTP/1.1)
POST /session/9fedb7344e3ffa1008ba6bf913485e23/element HTTP/1.1
User-Agent: selenium/4.12.0 (java windows)
Content-Length: 66
Content-Type: application/json; charset=utf-8
host: localhost:19947
accept: */*

Response DefaultHttpResponse(decodeResult: success, version: HTTP/1.1)
HTTP/1.1 200 OK
Content-Length: 126
Content-Type: application/json; charset=utf-8
cache-control: no-cache

22:44:16.151 [AsyncHttpClient-1-5] DEBUG org.asynchttpclient.netty.channel.ChannelManager - Adding key: http://localhost:19947 for channel [id: 0x4b233376, L:/127.0.0.1:55072 - R:localhost/127.0.0.1:19947]
22:44:16.151 [Forwarding isElementDisplayed on session 9fedb7344e3ffa1008ba6bf913485e23 to remote] DEBUG org.asynchttpclient.netty.request.NettyRequestSender - Using pooled Channel '[id: 0x4b233376, L:/127.0.0.1:55072 - R:localhost/127.0.0.1:19947]' for 'POST' to 'http://localhost:19947/session/9fedb7344e3ffa1008ba6bf913485e23/execute/sync'
22:44:16.151 [Forwarding isElementDisplayed on session 9fedb7344e3ffa1008ba6bf913485e23 to remote] DEBUG org.asynchttpclient.netty.request.NettyRequestSender - Using open Channel [id: 0x4b233376, L:/127.0.0.1:55072 - R:localhost/127.0.0.1:19947] for POST '/session/9fedb7344e3ffa1008ba6bf913485e23/execute/sync'
22:44:16.180 [AsyncHttpClient-1-5] DEBUG org.asynchttpclient.netty.handler.HttpHandler - 

Request DefaultHttpRequest(decodeResult: success, version: HTTP/1.1)
POST /session/9fedb7344e3ffa1008ba6bf913485e23/execute/sync HTTP/1.1
User-Agent: selenium/4.12.0 (java windows)
Content-Length: 48734
Content-Type: application/json; charset=utf-8
host: localhost:19947
accept: */*

Response DefaultHttpResponse(decodeResult: success, version: HTTP/1.1)
HTTP/1.1 200 OK
Content-Length: 14
Content-Type: application/json; charset=utf-8
cache-control: no-cache

22:44:16.180 [AsyncHttpClient-1-5] DEBUG org.asynchttpclient.netty.channel.ChannelManager - Adding key: http://localhost:19947 for channel [id: 0x4b233376, L:/127.0.0.1:55072 - R:localhost/127.0.0.1:19947]
22:44:16.184 [Forwarding findElement on session 9fedb7344e3ffa1008ba6bf913485e23 to remote] DEBUG org.asynchttpclient.netty.request.NettyRequestSender - Using pooled Channel '[id: 0x4b233376, L:/127.0.0.1:55072 - R:localhost/127.0.0.1:19947]' for 'POST' to 'http://localhost:19947/session/9fedb7344e3ffa1008ba6bf913485e23/element'
22:44:16.184 [Forwarding findElement on session 9fedb7344e3ffa1008ba6bf913485e23 to remote] DEBUG org.asynchttpclient.netty.request.NettyRequestSender - Using open Channel [id: 0x4b233376, L:/127.0.0.1:55072 - R:localhost/127.0.0.1:19947] for POST '/session/9fedb7344e3ffa1008ba6bf913485e23/element'
22:44:16.192 [AsyncHttpClient-1-5] DEBUG org.asynchttpclient.netty.handler.HttpHandler - 

Request DefaultHttpRequest(decodeResult: success, version: HTTP/1.1)
POST /session/9fedb7344e3ffa1008ba6bf913485e23/element HTTP/1.1
User-Agent: selenium/4.12.0 (java windows)
Content-Length: 66
Content-Type: application/json; charset=utf-8
host: localhost:19947
accept: */*

Response DefaultHttpResponse(decodeResult: success, version: HTTP/1.1)
HTTP/1.1 200 OK
Content-Length: 126
Content-Type: application/json; charset=utf-8
cache-control: no-cache

22:44:16.192 [AsyncHttpClient-1-5] DEBUG org.asynchttpclient.netty.channel.ChannelManager - Adding key: http://localhost:19947 for channel [id: 0x4b233376, L:/127.0.0.1:55072 - R:localhost/127.0.0.1:19947]
22:44:16.200 [Forwarding getElementText on session 9fedb7344e3ffa1008ba6bf913485e23 to remote] DEBUG org.asynchttpclient.netty.request.NettyRequestSender - Using pooled Channel '[id: 0x4b233376, L:/127.0.0.1:55072 - R:localhost/127.0.0.1:19947]' for 'GET' to 'http://localhost:19947/session/9fedb7344e3ffa1008ba6bf913485e23/element/f.578ABC93789428B53267C636FA77BA6B.d.7131126351393BAEA1B59ADA442B8D79.e.19/text'
22:44:16.200 [Forwarding getElementText on session 9fedb7344e3ffa1008ba6bf913485e23 to remote] DEBUG org.asynchttpclient.netty.request.NettyRequestSender - Using open Channel [id: 0x4b233376, L:/127.0.0.1:55072 - R:localhost/127.0.0.1:19947] for GET '/session/9fedb7344e3ffa1008ba6bf913485e23/element/f.578ABC93789428B53267C636FA77BA6B.d.7131126351393BAEA1B59ADA442B8D79.e.19/text'
22:44:16.224 [AsyncHttpClient-1-5] DEBUG org.asynchttpclient.netty.handler.HttpHandler - 

Request DefaultFullHttpRequest(decodeResult: success, version: HTTP/1.1, content: EmptyByteBufBE)
GET /session/9fedb7344e3ffa1008ba6bf913485e23/element/f.578ABC93789428B53267C636FA77BA6B.d.7131126351393BAEA1B59ADA442B8D79.e.19/text HTTP/1.1
Cache-Control: no-cache
User-Agent: selenium/4.12.0 (java windows)
Content-Type: application/json; charset=utf-8
host: localhost:19947
accept: */*

Response DefaultHttpResponse(decodeResult: success, version: HTTP/1.1)
HTTP/1.1 200 OK
Content-Length: 33
Content-Type: application/json; charset=utf-8
cache-control: no-cache

22:44:16.224 [AsyncHttpClient-1-5] DEBUG org.asynchttpclient.netty.channel.ChannelManager - Adding key: http://localhost:19947 for channel [id: 0x4b233376, L:/127.0.0.1:55072 - R:localhost/127.0.0.1:19947]
22:44:16.224 [Forwarding findElement on session 9fedb7344e3ffa1008ba6bf913485e23 to remote] DEBUG org.asynchttpclient.netty.request.NettyRequestSender - Using pooled Channel '[id: 0x4b233376, L:/127.0.0.1:55072 - R:localhost/127.0.0.1:19947]' for 'POST' to 'http://localhost:19947/session/9fedb7344e3ffa1008ba6bf913485e23/element'
22:44:16.224 [Forwarding findElement on session 9fedb7344e3ffa1008ba6bf913485e23 to remote] DEBUG org.asynchttpclient.netty.request.NettyRequestSender - Using open Channel [id: 0x4b233376, L:/127.0.0.1:55072 - R:localhost/127.0.0.1:19947] for POST '/session/9fedb7344e3ffa1008ba6bf913485e23/element'
22:44:16.240 [AsyncHttpClient-1-5] DEBUG org.asynchttpclient.netty.handler.HttpHandler - 

Request DefaultHttpRequest(decodeResult: success, version: HTTP/1.1)
POST /session/9fedb7344e3ffa1008ba6bf913485e23/element HTTP/1.1
User-Agent: selenium/4.12.0 (java windows)
Content-Length: 74
Content-Type: application/json; charset=utf-8
host: localhost:19947
accept: */*

Response DefaultHttpResponse(decodeResult: success, version: HTTP/1.1)
HTTP/1.1 200 OK
Content-Length: 126
Content-Type: application/json; charset=utf-8
cache-control: no-cache

22:44:16.240 [AsyncHttpClient-1-5] DEBUG org.asynchttpclient.netty.channel.ChannelManager - Adding key: http://localhost:19947 for channel [id: 0x4b233376, L:/127.0.0.1:55072 - R:localhost/127.0.0.1:19947]
22:44:16.240 [Forwarding clickElement on session 9fedb7344e3ffa1008ba6bf913485e23 to remote] DEBUG org.asynchttpclient.netty.request.NettyRequestSender - Using pooled Channel '[id: 0x4b233376, L:/127.0.0.1:55072 - R:localhost/127.0.0.1:19947]' for 'POST' to 'http://localhost:19947/session/9fedb7344e3ffa1008ba6bf913485e23/element/f.578ABC93789428B53267C636FA77BA6B.d.7131126351393BAEA1B59ADA442B8D79.e.20/click'
22:44:16.240 [Forwarding clickElement on session 9fedb7344e3ffa1008ba6bf913485e23 to remote] DEBUG org.asynchttpclient.netty.request.NettyRequestSender - Using open Channel [id: 0x4b233376, L:/127.0.0.1:55072 - R:localhost/127.0.0.1:19947] for POST '/session/9fedb7344e3ffa1008ba6bf913485e23/element/f.578ABC93789428B53267C636FA77BA6B.d.7131126351393BAEA1B59ADA442B8D79.e.20/click'
22:44:16.346 [AsyncHttpClient-1-5] DEBUG org.asynchttpclient.netty.handler.HttpHandler - 

Request DefaultHttpRequest(decodeResult: success, version: HTTP/1.1)
POST /session/9fedb7344e3ffa1008ba6bf913485e23/element/f.578ABC93789428B53267C636FA77BA6B.d.7131126351393BAEA1B59ADA442B8D79.e.20/click HTTP/1.1
User-Agent: selenium/4.12.0 (java windows)
Content-Length: 88
Content-Type: application/json; charset=utf-8
host: localhost:19947
accept: */*

Response DefaultHttpResponse(decodeResult: success, version: HTTP/1.1)
HTTP/1.1 200 OK
Content-Length: 14
Content-Type: application/json; charset=utf-8
cache-control: no-cache

22:44:16.346 [AsyncHttpClient-1-5] DEBUG org.asynchttpclient.netty.channel.ChannelManager - Adding key: http://localhost:19947 for channel [id: 0x4b233376, L:/127.0.0.1:55072 - R:localhost/127.0.0.1:19947]
22:44:17.082 [AsyncHttpClient-1-1] DEBUG org.asynchttpclient.netty.channel.DefaultChannelPool - Entry count for : http://localhost:19947 : 1
22:44:17.082 [AsyncHttpClient-1-1] DEBUG org.asynchttpclient.netty.channel.DefaultChannelPool - Entry count for : http://localhost:55073 : 1
22:44:18.186 [AsyncHttpClient-1-1] DEBUG org.asynchttpclient.netty.channel.DefaultChannelPool - Entry count for : http://localhost:19947 : 1
22:44:18.186 [AsyncHttpClient-1-1] DEBUG org.asynchttpclient.netty.channel.DefaultChannelPool - Entry count for : http://localhost:55073 : 1
22:44:19.294 [AsyncHttpClient-1-1] DEBUG org.asynchttpclient.netty.channel.DefaultChannelPool - Entry count for : http://localhost:19947 : 1
22:44:19.294 [AsyncHttpClient-1-1] DEBUG org.asynchttpclient.netty.channel.DefaultChannelPool - Entry count for : http://localhost:55073 : 1
screen shot class not taking
  Then User should be logged in-test                       # StepDefination.Signin.user_should_be_logged_in()
22:44:19.359 [AsyncHttpClient-1-7] DEBUG org.asynchttpclient.netty.handler.WebSocketHandler - Channel Closed: [id: 0x33e486da, L:/127.0.0.1:55081 ! R:localhost/127.0.0.1:55073] with attribute DISCARD
22:44:19.359 [Driver Command Executor] DEBUG org.asynchttpclient.netty.request.NettyRequestSender - Using pooled Channel '[id: 0x4b233376, L:/127.0.0.1:55072 - R:localhost/127.0.0.1:19947]' for 'DELETE' to 'http://localhost:19947/session/9fedb7344e3ffa1008ba6bf913485e23'
22:44:19.359 [Driver Command Executor] DEBUG org.asynchttpclient.netty.request.NettyRequestSender - Using open Channel [id: 0x4b233376, L:/127.0.0.1:55072 - R:localhost/127.0.0.1:19947] for DELETE '/session/9fedb7344e3ffa1008ba6bf913485e23'
22:44:19.439 [AsyncHttpClient-1-6] DEBUG org.asynchttpclient.netty.handler.HttpHandler - Unexpected I/O exception on channel [id: 0x4fae03da, L:/127.0.0.1:55080 - R:localhost/127.0.0.1:55073]
java.net.SocketException: Connection reset
	at java.base/sun.nio.ch.SocketChannelImpl.throwConnectionReset(SocketChannelImpl.java:394)
	at java.base/sun.nio.ch.SocketChannelImpl.read(SocketChannelImpl.java:426)
	at io.netty.buffer.PooledByteBuf.setBytes(PooledByteBuf.java:254)
	at io.netty.buffer.AbstractByteBuf.writeBytes(AbstractByteBuf.java:1132)
	at io.netty.channel.socket.nio.NioSocketChannel.doReadBytes(NioSocketChannel.java:357)
	at io.netty.channel.nio.AbstractNioByteChannel$NioByteUnsafe.read(AbstractNioByteChannel.java:151)
	at io.netty.channel.nio.NioEventLoop.processSelectedKey(NioEventLoop.java:788)
	at io.netty.channel.nio.NioEventLoop.processSelectedKeysOptimized(NioEventLoop.java:724)
	at io.netty.channel.nio.NioEventLoop.processSelectedKeys(NioEventLoop.java:650)
	at io.netty.channel.nio.NioEventLoop.run(NioEventLoop.java:562)
	at io.netty.util.concurrent.SingleThreadEventExecutor$4.run(SingleThreadEventExecutor.java:997)
	at io.netty.util.internal.ThreadExecutorMap$2.run(ThreadExecutorMap.java:74)
	at io.netty.util.concurrent.FastThreadLocalRunnable.run(FastThreadLocalRunnable.java:30)
	at java.base/java.lang.Thread.run(Thread.java:840)
22:44:19.439 [AsyncHttpClient-1-6] DEBUG org.asynchttpclient.netty.channel.ChannelManager - Closing Channel [id: 0x4fae03da, L:/127.0.0.1:55080 - R:localhost/127.0.0.1:55073] 
22:44:19.439 [AsyncHttpClient-1-6] DEBUG org.asynchttpclient.netty.handler.HttpHandler - Channel Closed: [id: 0x4fae03da, L:/127.0.0.1:55080 ! R:localhost/127.0.0.1:55073] with attribute DISCARD
22:44:19.479 [AsyncHttpClient-1-5] DEBUG org.asynchttpclient.netty.handler.HttpHandler - 

Request DefaultFullHttpRequest(decodeResult: success, version: HTTP/1.1, content: EmptyByteBufBE)
DELETE /session/9fedb7344e3ffa1008ba6bf913485e23 HTTP/1.1
User-Agent: selenium/4.12.0 (java windows)
Content-Type: application/json; charset=utf-8
host: localhost:19947
accept: */*

Response DefaultHttpResponse(decodeResult: success, version: HTTP/1.1)
HTTP/1.1 200 OK
Content-Length: 14
Content-Type: application/json; charset=utf-8
cache-control: no-cache

22:44:19.479 [AsyncHttpClient-1-5] DEBUG org.asynchttpclient.netty.channel.ChannelManager - Adding key: http://localhost:19947 for channel [id: 0x4b233376, L:/127.0.0.1:55072 - R:localhost/127.0.0.1:19947]
22:44:20.160 [AsyncHttpClient-1-5] DEBUG org.asynchttpclient.netty.handler.HttpHandler - Channel Closed: [id: 0x4b233376, L:/127.0.0.1:55072 ! R:localhost/127.0.0.1:19947] with attribute DISCARD
WebDriver quit successfully.
  And Close Window                                         # StepDefination.Signin.close_window()
WebDriver is null. Nothing to close.
]]></system-out>
    <system-err><![CDATA[Jan 18, 2025 10:44:08 PM org.openqa.selenium.devtools.CdpVersionFinder findNearestMatch
WARNING: Unable to find CDP implementation matching 131
Jan 18, 2025 10:44:08 PM org.openqa.selenium.chromium.ChromiumDriver lambda$new$5
WARNING: Unable to find version of CDP to use for 131.0.6778.265. You may need to include a dependency on a specific version of the CDP using something similar to `org.seleniumhq.selenium:selenium-devtools-v86:4.12.0` where the version ("v86") matches the version of the chromium-based browser you're using and the version number of the artifact is the same as Selenium's.
]]></system-err>
  </testcase>
  <testcase name="Signin with email and password #2" classname="User sign IN" time="9.387">
    <system-out><![CDATA[
Scenario Outline: Signin with email and password       # src/test/resources/Login/Login.feature:13
22:44:20.385 [AsyncHttpClient-1-1] DEBUG org.asynchttpclient.netty.channel.DefaultChannelPool - Entry count for : http://localhost:19947 : 1
22:44:20.385 [AsyncHttpClient-1-1] DEBUG org.asynchttpclient.netty.channel.DefaultChannelPool - Entry count for : http://localhost:55073 : 1
22:44:20.385 [AsyncHttpClient-1-1] DEBUG org.asynchttpclient.netty.channel.DefaultChannelPool - Adding Candidate expired Channel [id: 0x4b233376, L:/127.0.0.1:55072 ! R:localhost/127.0.0.1:19947] isIdleTimeoutExpired=false isRemotelyClosed=true isTtlExpired=false
22:44:20.385 [AsyncHttpClient-1-1] DEBUG org.asynchttpclient.netty.channel.DefaultChannelPool - Closing Idle Channel [id: 0x4b233376, L:/127.0.0.1:55072 ! R:localhost/127.0.0.1:19947]
22:44:20.385 [AsyncHttpClient-1-1] DEBUG org.asynchttpclient.netty.channel.DefaultChannelPool - Adding Candidate expired Channel [id: 0x4fae03da, L:/127.0.0.1:55080 ! R:localhost/127.0.0.1:55073] isIdleTimeoutExpired=false isRemotelyClosed=true isTtlExpired=false
22:44:20.385 [AsyncHttpClient-1-1] DEBUG org.asynchttpclient.netty.channel.DefaultChannelPool - Closing Idle Channel [id: 0x4fae03da, L:/127.0.0.1:55080 ! R:localhost/127.0.0.1:55073]
22:44:20.401 [AsyncHttpClient-1-1] DEBUG org.asynchttpclient.netty.channel.DefaultChannelPool - Closed 2 connections out of 2 in 16 ms
22:44:20.570 [AsyncHttpClient-1-8] DEBUG org.asynchttpclient.netty.channel.NettyConnectListener - Using new Channel '[id: 0x1dd5f3e4, L:/127.0.0.1:55111 - R:localhost/127.0.0.1:47047]' for 'POST' to '/session'
22:44:21.870 [AsyncHttpClient-1-8] DEBUG org.asynchttpclient.netty.handler.HttpHandler - 

Request DefaultHttpRequest(decodeResult: success, version: HTTP/1.1)
POST /session HTTP/1.1
User-Agent: selenium/4.12.0 (java windows)
Content-Length: 254
Content-Type: application/json; charset=utf-8
host: localhost:47047
accept: */*

Response DefaultHttpResponse(decodeResult: success, version: HTTP/1.1)
HTTP/1.1 200 OK
Content-Length: 888
Content-Type: application/json; charset=utf-8
cache-control: no-cache

22:44:21.870 [AsyncHttpClient-1-8] DEBUG org.asynchttpclient.netty.channel.ChannelManager - Adding key: http://localhost:47047 for channel [id: 0x1dd5f3e4, L:/127.0.0.1:55111 - R:localhost/127.0.0.1:47047]
22:44:21.886 [AsyncHttpClient-1-9] DEBUG org.asynchttpclient.netty.channel.NettyConnectListener - Using new Channel '[id: 0x720f33bd, L:/127.0.0.1:55123 - R:localhost/127.0.0.1:55115]' for 'GET' to '/json/version'
22:44:21.886 [AsyncHttpClient-1-9] DEBUG org.asynchttpclient.netty.handler.HttpHandler - 

Request DefaultFullHttpRequest(decodeResult: success, version: HTTP/1.1, content: EmptyByteBufBE)
GET /json/version HTTP/1.1
User-Agent: selenium/4.12.0 (java windows)
host: localhost:55115
accept: */*

Response DefaultHttpResponse(decodeResult: success, version: HTTP/1.1)
HTTP/1.1 200 OK
Content-Security-Policy: frame-ancestors 'none'
Content-Length: 424
Content-Type: application/json; charset=UTF-8

22:44:21.886 [AsyncHttpClient-1-9] DEBUG org.asynchttpclient.netty.channel.ChannelManager - Adding key: http://localhost:55115 for channel [id: 0x720f33bd, L:/127.0.0.1:55123 - R:localhost/127.0.0.1:55115]
22:44:21.886 [AsyncHttpClient-1-10] DEBUG org.asynchttpclient.netty.channel.NettyConnectListener - Using new Channel '[id: 0x962de563, L:/127.0.0.1:55124 - R:localhost/127.0.0.1:55115]' for 'GET' to '/devtools/browser/049a17c2-c46c-460b-b9a8-5ea2413d3b95'
22:44:21.894 [AsyncHttpClient-1-10] DEBUG org.asynchttpclient.netty.handler.WebSocketHandler - 

Request DefaultFullHttpRequest(decodeResult: success, version: HTTP/1.1, content: EmptyByteBufBE)
GET /devtools/browser/049a17c2-c46c-460b-b9a8-5ea2413d3b95 HTTP/1.1
upgrade: websocket
connection: upgrade
sec-websocket-key: 6LriUFkRIt3oP/CeQQ5g0A==
sec-websocket-version: 13
origin: http://localhost:55115
host: localhost:55115
accept: */*
user-agent: AHC/2.1

Response DefaultHttpResponse(decodeResult: success, version: HTTP/1.1)
HTTP/1.1 101 WebSocket Protocol Handshake
Upgrade: WebSocket
Connection: Upgrade
Sec-WebSocket-Accept: nMnspnteIALvdmKxF3Kgoeo23Kk=

22:44:21.902 [Forwarding get on session 423fbdb122870232cf283b0c6011e171 to remote] DEBUG org.asynchttpclient.netty.request.NettyRequestSender - Using pooled Channel '[id: 0x1dd5f3e4, L:/127.0.0.1:55111 - R:localhost/127.0.0.1:47047]' for 'POST' to 'http://localhost:47047/session/423fbdb122870232cf283b0c6011e171/url'
22:44:21.902 [Forwarding get on session 423fbdb122870232cf283b0c6011e171 to remote] DEBUG org.asynchttpclient.netty.request.NettyRequestSender - Using open Channel [id: 0x1dd5f3e4, L:/127.0.0.1:55111 - R:localhost/127.0.0.1:47047] for POST '/session/423fbdb122870232cf283b0c6011e171/url'
22:44:22.584 [AsyncHttpClient-1-1] DEBUG org.asynchttpclient.netty.channel.DefaultChannelPool - Entry count for : http://localhost:55115 : 1
22:44:23.186 [AsyncHttpClient-1-8] DEBUG org.asynchttpclient.netty.handler.HttpHandler - 

Request DefaultHttpRequest(decodeResult: success, version: HTTP/1.1)
POST /session/423fbdb122870232cf283b0c6011e171/url HTTP/1.1
User-Agent: selenium/4.12.0 (java windows)
Content-Length: 92
Content-Type: application/json; charset=utf-8
host: localhost:47047
accept: */*

Response DefaultHttpResponse(decodeResult: success, version: HTTP/1.1)
HTTP/1.1 200 OK
Content-Length: 14
Content-Type: application/json; charset=utf-8
cache-control: no-cache

22:44:23.186 [AsyncHttpClient-1-8] DEBUG org.asynchttpclient.netty.channel.ChannelManager - Adding key: http://localhost:47047 for channel [id: 0x1dd5f3e4, L:/127.0.0.1:55111 - R:localhost/127.0.0.1:47047]
22:44:23.186 [Forwarding maximizeCurrentWindow on session 423fbdb122870232cf283b0c6011e171 to remote] DEBUG org.asynchttpclient.netty.request.NettyRequestSender - Using pooled Channel '[id: 0x1dd5f3e4, L:/127.0.0.1:55111 - R:localhost/127.0.0.1:47047]' for 'POST' to 'http://localhost:47047/session/423fbdb122870232cf283b0c6011e171/window/maximize'
22:44:23.186 [Forwarding maximizeCurrentWindow on session 423fbdb122870232cf283b0c6011e171 to remote] DEBUG org.asynchttpclient.netty.request.NettyRequestSender - Using open Channel [id: 0x1dd5f3e4, L:/127.0.0.1:55111 - R:localhost/127.0.0.1:47047] for POST '/session/423fbdb122870232cf283b0c6011e171/window/maximize'
22:44:23.235 [AsyncHttpClient-1-8] DEBUG org.asynchttpclient.netty.handler.HttpHandler - 

Request DefaultHttpRequest(decodeResult: success, version: HTTP/1.1)
POST /session/423fbdb122870232cf283b0c6011e171/window/maximize HTTP/1.1
User-Agent: selenium/4.12.0 (java windows)
Content-Length: 3
Content-Type: application/json; charset=utf-8
host: localhost:47047
accept: */*

Response DefaultHttpResponse(decodeResult: success, version: HTTP/1.1)
HTTP/1.1 200 OK
Content-Length: 51
Content-Type: application/json; charset=utf-8
cache-control: no-cache

22:44:23.235 [AsyncHttpClient-1-8] DEBUG org.asynchttpclient.netty.channel.ChannelManager - Adding key: http://localhost:47047 for channel [id: 0x1dd5f3e4, L:/127.0.0.1:55111 - R:localhost/127.0.0.1:47047]
  Given I have login panel-test                        # StepDefination.Signin.I_have_login_panel()
22:44:23.243 [Forwarding findElement on session 423fbdb122870232cf283b0c6011e171 to remote] DEBUG org.asynchttpclient.netty.request.NettyRequestSender - Using pooled Channel '[id: 0x1dd5f3e4, L:/127.0.0.1:55111 - R:localhost/127.0.0.1:47047]' for 'POST' to 'http://localhost:47047/session/423fbdb122870232cf283b0c6011e171/element'
22:44:23.243 [Forwarding findElement on session 423fbdb122870232cf283b0c6011e171 to remote] DEBUG org.asynchttpclient.netty.request.NettyRequestSender - Using open Channel [id: 0x1dd5f3e4, L:/127.0.0.1:55111 - R:localhost/127.0.0.1:47047] for POST '/session/423fbdb122870232cf283b0c6011e171/element'
22:44:23.267 [AsyncHttpClient-1-8] DEBUG org.asynchttpclient.netty.handler.HttpHandler - 

Request DefaultHttpRequest(decodeResult: success, version: HTTP/1.1)
POST /session/423fbdb122870232cf283b0c6011e171/element HTTP/1.1
User-Agent: selenium/4.12.0 (java windows)
Content-Length: 69
Content-Type: application/json; charset=utf-8
host: localhost:47047
accept: */*

Response DefaultHttpResponse(decodeResult: success, version: HTTP/1.1)
HTTP/1.1 200 OK
Content-Length: 125
Content-Type: application/json; charset=utf-8
cache-control: no-cache

22:44:23.267 [AsyncHttpClient-1-8] DEBUG org.asynchttpclient.netty.channel.ChannelManager - Adding key: http://localhost:47047 for channel [id: 0x1dd5f3e4, L:/127.0.0.1:55111 - R:localhost/127.0.0.1:47047]
22:44:23.267 [Forwarding sendKeysToElement on session 423fbdb122870232cf283b0c6011e171 to remote] DEBUG org.asynchttpclient.netty.request.NettyRequestSender - Using pooled Channel '[id: 0x1dd5f3e4, L:/127.0.0.1:55111 - R:localhost/127.0.0.1:47047]' for 'POST' to 'http://localhost:47047/session/423fbdb122870232cf283b0c6011e171/element/f.33301F5855376A945D54BEE7370F90C1.d.FA2F069E603CCAEE55FE536135C05FBC.e.2/value'
22:44:23.267 [Forwarding sendKeysToElement on session 423fbdb122870232cf283b0c6011e171 to remote] DEBUG org.asynchttpclient.netty.request.NettyRequestSender - Using open Channel [id: 0x1dd5f3e4, L:/127.0.0.1:55111 - R:localhost/127.0.0.1:47047] for POST '/session/423fbdb122870232cf283b0c6011e171/element/f.33301F5855376A945D54BEE7370F90C1.d.FA2F069E603CCAEE55FE536135C05FBC.e.2/value'
22:44:23.539 [AsyncHttpClient-1-8] DEBUG org.asynchttpclient.netty.handler.HttpHandler - 

Request DefaultHttpRequest(decodeResult: success, version: HTTP/1.1)
POST /session/423fbdb122870232cf283b0c6011e171/element/f.33301F5855376A945D54BEE7370F90C1.d.FA2F069E603CCAEE55FE536135C05FBC.e.2/value HTTP/1.1
User-Agent: selenium/4.12.0 (java windows)
Content-Length: 338
Content-Type: application/json; charset=utf-8
host: localhost:47047
accept: */*

Response DefaultHttpResponse(decodeResult: success, version: HTTP/1.1)
HTTP/1.1 200 OK
Content-Length: 14
Content-Type: application/json; charset=utf-8
cache-control: no-cache

22:44:23.539 [AsyncHttpClient-1-8] DEBUG org.asynchttpclient.netty.channel.ChannelManager - Adding key: http://localhost:47047 for channel [id: 0x1dd5f3e4, L:/127.0.0.1:55111 - R:localhost/127.0.0.1:47047]
22:44:23.547 [Forwarding findElement on session 423fbdb122870232cf283b0c6011e171 to remote] DEBUG org.asynchttpclient.netty.request.NettyRequestSender - Using pooled Channel '[id: 0x1dd5f3e4, L:/127.0.0.1:55111 - R:localhost/127.0.0.1:47047]' for 'POST' to 'http://localhost:47047/session/423fbdb122870232cf283b0c6011e171/element'
22:44:23.547 [Forwarding findElement on session 423fbdb122870232cf283b0c6011e171 to remote] DEBUG org.asynchttpclient.netty.request.NettyRequestSender - Using open Channel [id: 0x1dd5f3e4, L:/127.0.0.1:55111 - R:localhost/127.0.0.1:47047] for POST '/session/423fbdb122870232cf283b0c6011e171/element'
22:44:23.555 [AsyncHttpClient-1-8] DEBUG org.asynchttpclient.netty.handler.HttpHandler - 

Request DefaultHttpRequest(decodeResult: success, version: HTTP/1.1)
POST /session/423fbdb122870232cf283b0c6011e171/element HTTP/1.1
User-Agent: selenium/4.12.0 (java windows)
Content-Length: 72
Content-Type: application/json; charset=utf-8
host: localhost:47047
accept: */*

Response DefaultHttpResponse(decodeResult: success, version: HTTP/1.1)
HTTP/1.1 200 OK
Content-Length: 125
Content-Type: application/json; charset=utf-8
cache-control: no-cache

22:44:23.555 [AsyncHttpClient-1-8] DEBUG org.asynchttpclient.netty.channel.ChannelManager - Adding key: http://localhost:47047 for channel [id: 0x1dd5f3e4, L:/127.0.0.1:55111 - R:localhost/127.0.0.1:47047]
22:44:23.563 [Forwarding sendKeysToElement on session 423fbdb122870232cf283b0c6011e171 to remote] DEBUG org.asynchttpclient.netty.request.NettyRequestSender - Using pooled Channel '[id: 0x1dd5f3e4, L:/127.0.0.1:55111 - R:localhost/127.0.0.1:47047]' for 'POST' to 'http://localhost:47047/session/423fbdb122870232cf283b0c6011e171/element/f.33301F5855376A945D54BEE7370F90C1.d.FA2F069E603CCAEE55FE536135C05FBC.e.4/value'
22:44:23.563 [Forwarding sendKeysToElement on session 423fbdb122870232cf283b0c6011e171 to remote] DEBUG org.asynchttpclient.netty.request.NettyRequestSender - Using open Channel [id: 0x1dd5f3e4, L:/127.0.0.1:55111 - R:localhost/127.0.0.1:47047] for POST '/session/423fbdb122870232cf283b0c6011e171/element/f.33301F5855376A945D54BEE7370F90C1.d.FA2F069E603CCAEE55FE536135C05FBC.e.4/value'
22:44:23.691 [AsyncHttpClient-1-1] DEBUG org.asynchttpclient.netty.channel.DefaultChannelPool - Entry count for : http://localhost:55115 : 1
22:44:23.827 [AsyncHttpClient-1-8] DEBUG org.asynchttpclient.netty.handler.HttpHandler - 

Request DefaultHttpRequest(decodeResult: success, version: HTTP/1.1)
POST /session/423fbdb122870232cf283b0c6011e171/element/f.33301F5855376A945D54BEE7370F90C1.d.FA2F069E603CCAEE55FE536135C05FBC.e.4/value HTTP/1.1
User-Agent: selenium/4.12.0 (java windows)
Content-Length: 168
Content-Type: application/json; charset=utf-8
host: localhost:47047
accept: */*

Response DefaultHttpResponse(decodeResult: success, version: HTTP/1.1)
HTTP/1.1 200 OK
Content-Length: 14
Content-Type: application/json; charset=utf-8
cache-control: no-cache

22:44:23.827 [AsyncHttpClient-1-8] DEBUG org.asynchttpclient.netty.channel.ChannelManager - Adding key: http://localhost:47047 for channel [id: 0x1dd5f3e4, L:/127.0.0.1:55111 - R:localhost/127.0.0.1:47047]
  When I provide fokisaj290@edectus.com and wrong-test # StepDefination.Signin.i_provide_id_and_password(java.lang.String,java.lang.String)
22:44:23.827 [Forwarding findElement on session 423fbdb122870232cf283b0c6011e171 to remote] DEBUG org.asynchttpclient.netty.request.NettyRequestSender - Using pooled Channel '[id: 0x1dd5f3e4, L:/127.0.0.1:55111 - R:localhost/127.0.0.1:47047]' for 'POST' to 'http://localhost:47047/session/423fbdb122870232cf283b0c6011e171/element'
22:44:23.827 [Forwarding findElement on session 423fbdb122870232cf283b0c6011e171 to remote] DEBUG org.asynchttpclient.netty.request.NettyRequestSender - Using open Channel [id: 0x1dd5f3e4, L:/127.0.0.1:55111 - R:localhost/127.0.0.1:47047] for POST '/session/423fbdb122870232cf283b0c6011e171/element'
22:44:23.859 [AsyncHttpClient-1-8] DEBUG org.asynchttpclient.netty.handler.HttpHandler - 

Request DefaultHttpRequest(decodeResult: success, version: HTTP/1.1)
POST /session/423fbdb122870232cf283b0c6011e171/element HTTP/1.1
User-Agent: selenium/4.12.0 (java windows)
Content-Length: 73
Content-Type: application/json; charset=utf-8
host: localhost:47047
accept: */*

Response DefaultHttpResponse(decodeResult: success, version: HTTP/1.1)
HTTP/1.1 200 OK
Content-Length: 125
Content-Type: application/json; charset=utf-8
cache-control: no-cache

22:44:23.859 [AsyncHttpClient-1-8] DEBUG org.asynchttpclient.netty.channel.ChannelManager - Adding key: http://localhost:47047 for channel [id: 0x1dd5f3e4, L:/127.0.0.1:55111 - R:localhost/127.0.0.1:47047]
22:44:23.859 [Forwarding clickElement on session 423fbdb122870232cf283b0c6011e171 to remote] DEBUG org.asynchttpclient.netty.request.NettyRequestSender - Using pooled Channel '[id: 0x1dd5f3e4, L:/127.0.0.1:55111 - R:localhost/127.0.0.1:47047]' for 'POST' to 'http://localhost:47047/session/423fbdb122870232cf283b0c6011e171/element/f.33301F5855376A945D54BEE7370F90C1.d.FA2F069E603CCAEE55FE536135C05FBC.e.6/click'
22:44:23.859 [Forwarding clickElement on session 423fbdb122870232cf283b0c6011e171 to remote] DEBUG org.asynchttpclient.netty.request.NettyRequestSender - Using open Channel [id: 0x1dd5f3e4, L:/127.0.0.1:55111 - R:localhost/127.0.0.1:47047] for POST '/session/423fbdb122870232cf283b0c6011e171/element/f.33301F5855376A945D54BEE7370F90C1.d.FA2F069E603CCAEE55FE536135C05FBC.e.6/click'
22:44:24.084 [AsyncHttpClient-1-8] DEBUG org.asynchttpclient.netty.handler.HttpHandler - 

Request DefaultHttpRequest(decodeResult: success, version: HTTP/1.1)
POST /session/423fbdb122870232cf283b0c6011e171/element/f.33301F5855376A945D54BEE7370F90C1.d.FA2F069E603CCAEE55FE536135C05FBC.e.6/click HTTP/1.1
User-Agent: selenium/4.12.0 (java windows)
Content-Length: 87
Content-Type: application/json; charset=utf-8
host: localhost:47047
accept: */*

Response DefaultHttpResponse(decodeResult: success, version: HTTP/1.1)
HTTP/1.1 200 OK
Content-Length: 14
Content-Type: application/json; charset=utf-8
cache-control: no-cache

22:44:24.084 [AsyncHttpClient-1-8] DEBUG org.asynchttpclient.netty.channel.ChannelManager - Adding key: http://localhost:47047 for channel [id: 0x1dd5f3e4, L:/127.0.0.1:55111 - R:localhost/127.0.0.1:47047]
22:44:24.784 [AsyncHttpClient-1-1] DEBUG org.asynchttpclient.netty.channel.DefaultChannelPool - Entry count for : http://localhost:55115 : 1
22:44:24.784 [AsyncHttpClient-1-1] DEBUG org.asynchttpclient.netty.channel.DefaultChannelPool - Entry count for : http://localhost:47047 : 1
22:44:25.884 [AsyncHttpClient-1-1] DEBUG org.asynchttpclient.netty.channel.DefaultChannelPool - Entry count for : http://localhost:55115 : 1
22:44:25.884 [AsyncHttpClient-1-1] DEBUG org.asynchttpclient.netty.channel.DefaultChannelPool - Entry count for : http://localhost:47047 : 1
22:44:26.985 [AsyncHttpClient-1-1] DEBUG org.asynchttpclient.netty.channel.DefaultChannelPool - Entry count for : http://localhost:55115 : 1
22:44:26.985 [AsyncHttpClient-1-1] DEBUG org.asynchttpclient.netty.channel.DefaultChannelPool - Entry count for : http://localhost:47047 : 1
22:44:28.080 [AsyncHttpClient-1-1] DEBUG org.asynchttpclient.netty.channel.DefaultChannelPool - Entry count for : http://localhost:55115 : 1
22:44:28.080 [AsyncHttpClient-1-1] DEBUG org.asynchttpclient.netty.channel.DefaultChannelPool - Entry count for : http://localhost:47047 : 1
  And Tap on submit button-test                        # StepDefination.Signin.tap_on_submit_button()
22:44:29.098 [Forwarding getCurrentUrl on session 423fbdb122870232cf283b0c6011e171 to remote] DEBUG org.asynchttpclient.netty.request.NettyRequestSender - Using pooled Channel '[id: 0x1dd5f3e4, L:/127.0.0.1:55111 - R:localhost/127.0.0.1:47047]' for 'GET' to 'http://localhost:47047/session/423fbdb122870232cf283b0c6011e171/url'
22:44:29.098 [Forwarding getCurrentUrl on session 423fbdb122870232cf283b0c6011e171 to remote] DEBUG org.asynchttpclient.netty.request.NettyRequestSender - Using open Channel [id: 0x1dd5f3e4, L:/127.0.0.1:55111 - R:localhost/127.0.0.1:47047] for GET '/session/423fbdb122870232cf283b0c6011e171/url'
22:44:29.106 [AsyncHttpClient-1-8] DEBUG org.asynchttpclient.netty.handler.HttpHandler - 

Request DefaultFullHttpRequest(decodeResult: success, version: HTTP/1.1, content: EmptyByteBufBE)
GET /session/423fbdb122870232cf283b0c6011e171/url HTTP/1.1
Cache-Control: no-cache
User-Agent: selenium/4.12.0 (java windows)
Content-Type: application/json; charset=utf-8
host: localhost:47047
accept: */*

Response DefaultHttpResponse(decodeResult: success, version: HTTP/1.1)
HTTP/1.1 200 OK
Content-Length: 69
Content-Type: application/json; charset=utf-8
cache-control: no-cache

22:44:29.106 [AsyncHttpClient-1-8] DEBUG org.asynchttpclient.netty.channel.ChannelManager - Adding key: http://localhost:47047 for channel [id: 0x1dd5f3e4, L:/127.0.0.1:55111 - R:localhost/127.0.0.1:47047]
https://fleet-manager-development.vercel.app/auth/sign-in
22:44:29.106 [Forwarding findElement on session 423fbdb122870232cf283b0c6011e171 to remote] DEBUG org.asynchttpclient.netty.request.NettyRequestSender - Using pooled Channel '[id: 0x1dd5f3e4, L:/127.0.0.1:55111 - R:localhost/127.0.0.1:47047]' for 'POST' to 'http://localhost:47047/session/423fbdb122870232cf283b0c6011e171/element'
22:44:29.106 [Forwarding findElement on session 423fbdb122870232cf283b0c6011e171 to remote] DEBUG org.asynchttpclient.netty.request.NettyRequestSender - Using open Channel [id: 0x1dd5f3e4, L:/127.0.0.1:55111 - R:localhost/127.0.0.1:47047] for POST '/session/423fbdb122870232cf283b0c6011e171/element'
22:44:29.130 [AsyncHttpClient-1-8] DEBUG org.asynchttpclient.netty.handler.HttpHandler - 

Request DefaultHttpRequest(decodeResult: success, version: HTTP/1.1)
POST /session/423fbdb122870232cf283b0c6011e171/element HTTP/1.1
User-Agent: selenium/4.12.0 (java windows)
Content-Length: 66
Content-Type: application/json; charset=utf-8
host: localhost:47047
accept: */*

Response DefaultHttpResponse(decodeResult: success, version: HTTP/1.1)
HTTP/1.1 404 Not Found
Content-Length: 1053
Content-Type: application/json; charset=utf-8
cache-control: no-cache

22:44:29.130 [AsyncHttpClient-1-8] DEBUG org.asynchttpclient.netty.channel.ChannelManager - Adding key: http://localhost:47047 for channel [id: 0x1dd5f3e4, L:/127.0.0.1:55111 - R:localhost/127.0.0.1:47047]
Faild to logged in
screen shot class not taking
  Then User should be logged in-test                   # StepDefination.Signin.user_should_be_logged_in()
22:44:29.146 [Driver Command Executor] DEBUG org.asynchttpclient.netty.request.NettyRequestSender - Using pooled Channel '[id: 0x1dd5f3e4, L:/127.0.0.1:55111 - R:localhost/127.0.0.1:47047]' for 'DELETE' to 'http://localhost:47047/session/423fbdb122870232cf283b0c6011e171'
22:44:29.146 [AsyncHttpClient-1-10] DEBUG org.asynchttpclient.netty.handler.WebSocketHandler - Channel Closed: [id: 0x962de563, L:/127.0.0.1:55124 ! R:localhost/127.0.0.1:55115] with attribute DISCARD
22:44:29.146 [Driver Command Executor] DEBUG org.asynchttpclient.netty.request.NettyRequestSender - Using open Channel [id: 0x1dd5f3e4, L:/127.0.0.1:55111 - R:localhost/127.0.0.1:47047] for DELETE '/session/423fbdb122870232cf283b0c6011e171'
22:44:29.195 [AsyncHttpClient-1-1] DEBUG org.asynchttpclient.netty.channel.DefaultChannelPool - Entry count for : http://localhost:55115 : 1
22:44:29.260 [AsyncHttpClient-1-9] DEBUG org.asynchttpclient.netty.handler.HttpHandler - Unexpected I/O exception on channel [id: 0x720f33bd, L:/127.0.0.1:55123 - R:localhost/127.0.0.1:55115]
java.net.SocketException: Connection reset
	at java.base/sun.nio.ch.SocketChannelImpl.throwConnectionReset(SocketChannelImpl.java:394)
	at java.base/sun.nio.ch.SocketChannelImpl.read(SocketChannelImpl.java:426)
	at io.netty.buffer.PooledByteBuf.setBytes(PooledByteBuf.java:254)
	at io.netty.buffer.AbstractByteBuf.writeBytes(AbstractByteBuf.java:1132)
	at io.netty.channel.socket.nio.NioSocketChannel.doReadBytes(NioSocketChannel.java:357)
	at io.netty.channel.nio.AbstractNioByteChannel$NioByteUnsafe.read(AbstractNioByteChannel.java:151)
	at io.netty.channel.nio.NioEventLoop.processSelectedKey(NioEventLoop.java:788)
	at io.netty.channel.nio.NioEventLoop.processSelectedKeysOptimized(NioEventLoop.java:724)
	at io.netty.channel.nio.NioEventLoop.processSelectedKeys(NioEventLoop.java:650)
	at io.netty.channel.nio.NioEventLoop.run(NioEventLoop.java:562)
	at io.netty.util.concurrent.SingleThreadEventExecutor$4.run(SingleThreadEventExecutor.java:997)
	at io.netty.util.internal.ThreadExecutorMap$2.run(ThreadExecutorMap.java:74)
	at io.netty.util.concurrent.FastThreadLocalRunnable.run(FastThreadLocalRunnable.java:30)
	at java.base/java.lang.Thread.run(Thread.java:840)
22:44:29.260 [AsyncHttpClient-1-9] DEBUG org.asynchttpclient.netty.channel.ChannelManager - Closing Channel [id: 0x720f33bd, L:/127.0.0.1:55123 - R:localhost/127.0.0.1:55115] 
22:44:29.260 [AsyncHttpClient-1-9] DEBUG org.asynchttpclient.netty.handler.HttpHandler - Channel Closed: [id: 0x720f33bd, L:/127.0.0.1:55123 ! R:localhost/127.0.0.1:55115] with attribute DISCARD
22:44:29.330 [AsyncHttpClient-1-8] DEBUG org.asynchttpclient.netty.handler.HttpHandler - 

Request DefaultFullHttpRequest(decodeResult: success, version: HTTP/1.1, content: EmptyByteBufBE)
DELETE /session/423fbdb122870232cf283b0c6011e171 HTTP/1.1
User-Agent: selenium/4.12.0 (java windows)
Content-Type: application/json; charset=utf-8
host: localhost:47047
accept: */*

Response DefaultHttpResponse(decodeResult: success, version: HTTP/1.1)
HTTP/1.1 200 OK
Content-Length: 14
Content-Type: application/json; charset=utf-8
cache-control: no-cache

22:44:29.330 [AsyncHttpClient-1-8] DEBUG org.asynchttpclient.netty.channel.ChannelManager - Adding key: http://localhost:47047 for channel [id: 0x1dd5f3e4, L:/127.0.0.1:55111 - R:localhost/127.0.0.1:47047]
22:44:29.551 [AsyncHttpClient-1-8] DEBUG org.asynchttpclient.netty.handler.HttpHandler - Channel Closed: [id: 0x1dd5f3e4, L:/127.0.0.1:55111 ! R:localhost/127.0.0.1:47047] with attribute DISCARD
WebDriver quit successfully.
  And Close Window                                     # StepDefination.Signin.close_window()
WebDriver is null. Nothing to close.
]]></system-out>
    <system-err><![CDATA[Jan 18, 2025 10:44:21 PM org.openqa.selenium.devtools.CdpVersionFinder findNearestMatch
WARNING: Unable to find CDP implementation matching 131
Jan 18, 2025 10:44:21 PM org.openqa.selenium.chromium.ChromiumDriver lambda$new$5
WARNING: Unable to find version of CDP to use for 131.0.6778.265. You may need to include a dependency on a specific version of the CDP using something similar to `org.seleniumhq.selenium:selenium-devtools-v86:4.12.0` where the version ("v86") matches the version of the chromium-based browser you're using and the version number of the artifact is the same as Selenium's.
]]></system-err>
  </testcase>
  <testcase name="Signin with email and password #3" classname="User sign IN" time="10.259">
    <system-out><![CDATA[
Scenario Outline: Signin with email and password # src/test/resources/Login/Login.feature:14
22:44:29.872 [AsyncHttpClient-1-11] DEBUG org.asynchttpclient.netty.channel.NettyConnectListener - Using new Channel '[id: 0x2351d561, L:/127.0.0.1:55158 - R:localhost/127.0.0.1:13232]' for 'POST' to '/session'
22:44:30.297 [AsyncHttpClient-1-1] DEBUG org.asynchttpclient.netty.channel.DefaultChannelPool - Entry count for : http://localhost:55115 : 1
22:44:30.297 [AsyncHttpClient-1-1] DEBUG org.asynchttpclient.netty.channel.DefaultChannelPool - Entry count for : http://localhost:47047 : 1
22:44:30.297 [AsyncHttpClient-1-1] DEBUG org.asynchttpclient.netty.channel.DefaultChannelPool - Adding Candidate expired Channel [id: 0x720f33bd, L:/127.0.0.1:55123 ! R:localhost/127.0.0.1:55115] isIdleTimeoutExpired=false isRemotelyClosed=true isTtlExpired=false
22:44:30.297 [AsyncHttpClient-1-1] DEBUG org.asynchttpclient.netty.channel.DefaultChannelPool - Closing Idle Channel [id: 0x720f33bd, L:/127.0.0.1:55123 ! R:localhost/127.0.0.1:55115]
22:44:30.297 [AsyncHttpClient-1-1] DEBUG org.asynchttpclient.netty.channel.DefaultChannelPool - Adding Candidate expired Channel [id: 0x1dd5f3e4, L:/127.0.0.1:55111 ! R:localhost/127.0.0.1:47047] isIdleTimeoutExpired=false isRemotelyClosed=true isTtlExpired=false
22:44:30.297 [AsyncHttpClient-1-1] DEBUG org.asynchttpclient.netty.channel.DefaultChannelPool - Closing Idle Channel [id: 0x1dd5f3e4, L:/127.0.0.1:55111 ! R:localhost/127.0.0.1:47047]
22:44:30.297 [AsyncHttpClient-1-1] DEBUG org.asynchttpclient.netty.channel.DefaultChannelPool - Closed 2 connections out of 2 in 0 ms
22:44:31.402 [AsyncHttpClient-1-11] DEBUG org.asynchttpclient.netty.handler.HttpHandler - 

Request DefaultHttpRequest(decodeResult: success, version: HTTP/1.1)
POST /session HTTP/1.1
User-Agent: selenium/4.12.0 (java windows)
Content-Length: 254
Content-Type: application/json; charset=utf-8
host: localhost:13232
accept: */*

Response DefaultHttpResponse(decodeResult: success, version: HTTP/1.1)
HTTP/1.1 200 OK
Content-Length: 886
Content-Type: application/json; charset=utf-8
cache-control: no-cache

22:44:31.402 [AsyncHttpClient-1-11] DEBUG org.asynchttpclient.netty.channel.ChannelManager - Adding key: http://localhost:13232 for channel [id: 0x2351d561, L:/127.0.0.1:55158 - R:localhost/127.0.0.1:13232]
22:44:31.410 [AsyncHttpClient-1-12] DEBUG org.asynchttpclient.netty.channel.NettyConnectListener - Using new Channel '[id: 0xbcf418a5, L:/127.0.0.1:55167 - R:localhost/127.0.0.1:55159]' for 'GET' to '/json/version'
22:44:31.410 [AsyncHttpClient-1-12] DEBUG org.asynchttpclient.netty.handler.HttpHandler - 

Request DefaultFullHttpRequest(decodeResult: success, version: HTTP/1.1, content: EmptyByteBufBE)
GET /json/version HTTP/1.1
User-Agent: selenium/4.12.0 (java windows)
host: localhost:55159
accept: */*

Response DefaultHttpResponse(decodeResult: success, version: HTTP/1.1)
HTTP/1.1 200 OK
Content-Security-Policy: frame-ancestors 'none'
Content-Length: 424
Content-Type: application/json; charset=UTF-8

22:44:31.410 [AsyncHttpClient-1-12] DEBUG org.asynchttpclient.netty.channel.ChannelManager - Adding key: http://localhost:55159 for channel [id: 0xbcf418a5, L:/127.0.0.1:55167 - R:localhost/127.0.0.1:55159]
22:44:31.418 [AsyncHttpClient-1-13] DEBUG org.asynchttpclient.netty.channel.NettyConnectListener - Using new Channel '[id: 0xced33833, L:/127.0.0.1:55168 - R:localhost/127.0.0.1:55159]' for 'GET' to '/devtools/browser/9c6124ec-0381-45e5-83f3-726232eda369'
22:44:31.418 [AsyncHttpClient-1-13] DEBUG org.asynchttpclient.netty.handler.WebSocketHandler - 

Request DefaultFullHttpRequest(decodeResult: success, version: HTTP/1.1, content: EmptyByteBufBE)
GET /devtools/browser/9c6124ec-0381-45e5-83f3-726232eda369 HTTP/1.1
upgrade: websocket
connection: upgrade
sec-websocket-key: annUpdMP2+IW7Uxakd6EpQ==
sec-websocket-version: 13
origin: http://localhost:55159
host: localhost:55159
accept: */*
user-agent: AHC/2.1

Response DefaultHttpResponse(decodeResult: success, version: HTTP/1.1)
HTTP/1.1 101 WebSocket Protocol Handshake
Upgrade: WebSocket
Connection: Upgrade
Sec-WebSocket-Accept: PAqMtP37m2Xa0A7/RzTYpieCugg=

22:44:31.426 [Forwarding get on session b46d2c0e70a1bf95dd3fe4c9c0a8db15 to remote] DEBUG org.asynchttpclient.netty.request.NettyRequestSender - Using pooled Channel '[id: 0x2351d561, L:/127.0.0.1:55158 - R:localhost/127.0.0.1:13232]' for 'POST' to 'http://localhost:13232/session/b46d2c0e70a1bf95dd3fe4c9c0a8db15/url'
22:44:31.426 [Forwarding get on session b46d2c0e70a1bf95dd3fe4c9c0a8db15 to remote] DEBUG org.asynchttpclient.netty.request.NettyRequestSender - Using open Channel [id: 0x2351d561, L:/127.0.0.1:55158 - R:localhost/127.0.0.1:13232] for POST '/session/b46d2c0e70a1bf95dd3fe4c9c0a8db15/url'
22:44:32.487 [AsyncHttpClient-1-1] DEBUG org.asynchttpclient.netty.channel.DefaultChannelPool - Entry count for : http://localhost:55159 : 1
22:44:33.060 [AsyncHttpClient-1-11] DEBUG org.asynchttpclient.netty.handler.HttpHandler - 

Request DefaultHttpRequest(decodeResult: success, version: HTTP/1.1)
POST /session/b46d2c0e70a1bf95dd3fe4c9c0a8db15/url HTTP/1.1
User-Agent: selenium/4.12.0 (java windows)
Content-Length: 92
Content-Type: application/json; charset=utf-8
host: localhost:13232
accept: */*

Response DefaultHttpResponse(decodeResult: success, version: HTTP/1.1)
HTTP/1.1 200 OK
Content-Length: 14
Content-Type: application/json; charset=utf-8
cache-control: no-cache

22:44:33.060 [AsyncHttpClient-1-11] DEBUG org.asynchttpclient.netty.channel.ChannelManager - Adding key: http://localhost:13232 for channel [id: 0x2351d561, L:/127.0.0.1:55158 - R:localhost/127.0.0.1:13232]
22:44:33.060 [Forwarding maximizeCurrentWindow on session b46d2c0e70a1bf95dd3fe4c9c0a8db15 to remote] DEBUG org.asynchttpclient.netty.request.NettyRequestSender - Using pooled Channel '[id: 0x2351d561, L:/127.0.0.1:55158 - R:localhost/127.0.0.1:13232]' for 'POST' to 'http://localhost:13232/session/b46d2c0e70a1bf95dd3fe4c9c0a8db15/window/maximize'
22:44:33.060 [Forwarding maximizeCurrentWindow on session b46d2c0e70a1bf95dd3fe4c9c0a8db15 to remote] DEBUG org.asynchttpclient.netty.request.NettyRequestSender - Using open Channel [id: 0x2351d561, L:/127.0.0.1:55158 - R:localhost/127.0.0.1:13232] for POST '/session/b46d2c0e70a1bf95dd3fe4c9c0a8db15/window/maximize'
22:44:33.156 [AsyncHttpClient-1-11] DEBUG org.asynchttpclient.netty.handler.HttpHandler - 

Request DefaultHttpRequest(decodeResult: success, version: HTTP/1.1)
POST /session/b46d2c0e70a1bf95dd3fe4c9c0a8db15/window/maximize HTTP/1.1
User-Agent: selenium/4.12.0 (java windows)
Content-Length: 3
Content-Type: application/json; charset=utf-8
host: localhost:13232
accept: */*

Response DefaultHttpResponse(decodeResult: success, version: HTTP/1.1)
HTTP/1.1 200 OK
Content-Length: 51
Content-Type: application/json; charset=utf-8
cache-control: no-cache

22:44:33.156 [AsyncHttpClient-1-11] DEBUG org.asynchttpclient.netty.channel.ChannelManager - Adding key: http://localhost:13232 for channel [id: 0x2351d561, L:/127.0.0.1:55158 - R:localhost/127.0.0.1:13232]
  Given I have login panel-test                  # StepDefination.Signin.I_have_login_panel()
22:44:33.156 [Forwarding findElement on session b46d2c0e70a1bf95dd3fe4c9c0a8db15 to remote] DEBUG org.asynchttpclient.netty.request.NettyRequestSender - Using pooled Channel '[id: 0x2351d561, L:/127.0.0.1:55158 - R:localhost/127.0.0.1:13232]' for 'POST' to 'http://localhost:13232/session/b46d2c0e70a1bf95dd3fe4c9c0a8db15/element'
22:44:33.156 [Forwarding findElement on session b46d2c0e70a1bf95dd3fe4c9c0a8db15 to remote] DEBUG org.asynchttpclient.netty.request.NettyRequestSender - Using open Channel [id: 0x2351d561, L:/127.0.0.1:55158 - R:localhost/127.0.0.1:13232] for POST '/session/b46d2c0e70a1bf95dd3fe4c9c0a8db15/element'
22:44:33.204 [AsyncHttpClient-1-11] DEBUG org.asynchttpclient.netty.handler.HttpHandler - 

Request DefaultHttpRequest(decodeResult: success, version: HTTP/1.1)
POST /session/b46d2c0e70a1bf95dd3fe4c9c0a8db15/element HTTP/1.1
User-Agent: selenium/4.12.0 (java windows)
Content-Length: 69
Content-Type: application/json; charset=utf-8
host: localhost:13232
accept: */*

Response DefaultHttpResponse(decodeResult: success, version: HTTP/1.1)
HTTP/1.1 200 OK
Content-Length: 125
Content-Type: application/json; charset=utf-8
cache-control: no-cache

22:44:33.204 [AsyncHttpClient-1-11] DEBUG org.asynchttpclient.netty.channel.ChannelManager - Adding key: http://localhost:13232 for channel [id: 0x2351d561, L:/127.0.0.1:55158 - R:localhost/127.0.0.1:13232]
22:44:33.204 [Forwarding sendKeysToElement on session b46d2c0e70a1bf95dd3fe4c9c0a8db15 to remote] DEBUG org.asynchttpclient.netty.request.NettyRequestSender - Using pooled Channel '[id: 0x2351d561, L:/127.0.0.1:55158 - R:localhost/127.0.0.1:13232]' for 'POST' to 'http://localhost:13232/session/b46d2c0e70a1bf95dd3fe4c9c0a8db15/element/f.D5DC762D0102A4246590F4148B4C092E.d.1EBF3A14DCF78665A3791E66A55E1D11.e.4/value'
22:44:33.204 [Forwarding sendKeysToElement on session b46d2c0e70a1bf95dd3fe4c9c0a8db15 to remote] DEBUG org.asynchttpclient.netty.request.NettyRequestSender - Using open Channel [id: 0x2351d561, L:/127.0.0.1:55158 - R:localhost/127.0.0.1:13232] for POST '/session/b46d2c0e70a1bf95dd3fe4c9c0a8db15/element/f.D5DC762D0102A4246590F4148B4C092E.d.1EBF3A14DCF78665A3791E66A55E1D11.e.4/value'
22:44:33.460 [AsyncHttpClient-1-11] DEBUG org.asynchttpclient.netty.handler.HttpHandler - 

Request DefaultHttpRequest(decodeResult: success, version: HTTP/1.1)
POST /session/b46d2c0e70a1bf95dd3fe4c9c0a8db15/element/f.D5DC762D0102A4246590F4148B4C092E.d.1EBF3A14DCF78665A3791E66A55E1D11.e.4/value HTTP/1.1
User-Agent: selenium/4.12.0 (java windows)
Content-Length: 218
Content-Type: application/json; charset=utf-8
host: localhost:13232
accept: */*

Response DefaultHttpResponse(decodeResult: success, version: HTTP/1.1)
HTTP/1.1 200 OK
Content-Length: 14
Content-Type: application/json; charset=utf-8
cache-control: no-cache

22:44:33.460 [AsyncHttpClient-1-11] DEBUG org.asynchttpclient.netty.channel.ChannelManager - Adding key: http://localhost:13232 for channel [id: 0x2351d561, L:/127.0.0.1:55158 - R:localhost/127.0.0.1:13232]
22:44:33.460 [Forwarding findElement on session b46d2c0e70a1bf95dd3fe4c9c0a8db15 to remote] DEBUG org.asynchttpclient.netty.request.NettyRequestSender - Using pooled Channel '[id: 0x2351d561, L:/127.0.0.1:55158 - R:localhost/127.0.0.1:13232]' for 'POST' to 'http://localhost:13232/session/b46d2c0e70a1bf95dd3fe4c9c0a8db15/element'
22:44:33.460 [Forwarding findElement on session b46d2c0e70a1bf95dd3fe4c9c0a8db15 to remote] DEBUG org.asynchttpclient.netty.request.NettyRequestSender - Using open Channel [id: 0x2351d561, L:/127.0.0.1:55158 - R:localhost/127.0.0.1:13232] for POST '/session/b46d2c0e70a1bf95dd3fe4c9c0a8db15/element'
22:44:33.484 [AsyncHttpClient-1-11] DEBUG org.asynchttpclient.netty.handler.HttpHandler - 

Request DefaultHttpRequest(decodeResult: success, version: HTTP/1.1)
POST /session/b46d2c0e70a1bf95dd3fe4c9c0a8db15/element HTTP/1.1
User-Agent: selenium/4.12.0 (java windows)
Content-Length: 72
Content-Type: application/json; charset=utf-8
host: localhost:13232
accept: */*

Response DefaultHttpResponse(decodeResult: success, version: HTTP/1.1)
HTTP/1.1 200 OK
Content-Length: 125
Content-Type: application/json; charset=utf-8
cache-control: no-cache

22:44:33.484 [AsyncHttpClient-1-11] DEBUG org.asynchttpclient.netty.channel.ChannelManager - Adding key: http://localhost:13232 for channel [id: 0x2351d561, L:/127.0.0.1:55158 - R:localhost/127.0.0.1:13232]
22:44:33.484 [Forwarding sendKeysToElement on session b46d2c0e70a1bf95dd3fe4c9c0a8db15 to remote] DEBUG org.asynchttpclient.netty.request.NettyRequestSender - Using pooled Channel '[id: 0x2351d561, L:/127.0.0.1:55158 - R:localhost/127.0.0.1:13232]' for 'POST' to 'http://localhost:13232/session/b46d2c0e70a1bf95dd3fe4c9c0a8db15/element/f.D5DC762D0102A4246590F4148B4C092E.d.1EBF3A14DCF78665A3791E66A55E1D11.e.6/value'
22:44:33.484 [Forwarding sendKeysToElement on session b46d2c0e70a1bf95dd3fe4c9c0a8db15 to remote] DEBUG org.asynchttpclient.netty.request.NettyRequestSender - Using open Channel [id: 0x2351d561, L:/127.0.0.1:55158 - R:localhost/127.0.0.1:13232] for POST '/session/b46d2c0e70a1bf95dd3fe4c9c0a8db15/element/f.D5DC762D0102A4246590F4148B4C092E.d.1EBF3A14DCF78665A3791E66A55E1D11.e.6/value'
22:44:33.589 [AsyncHttpClient-1-1] DEBUG org.asynchttpclient.netty.channel.DefaultChannelPool - Entry count for : http://localhost:55159 : 1
22:44:33.813 [AsyncHttpClient-1-11] DEBUG org.asynchttpclient.netty.handler.HttpHandler - 

Request DefaultHttpRequest(decodeResult: success, version: HTTP/1.1)
POST /session/b46d2c0e70a1bf95dd3fe4c9c0a8db15/element/f.D5DC762D0102A4246590F4148B4C092E.d.1EBF3A14DCF78665A3791E66A55E1D11.e.6/value HTTP/1.1
User-Agent: selenium/4.12.0 (java windows)
Content-Length: 208
Content-Type: application/json; charset=utf-8
host: localhost:13232
accept: */*

Response DefaultHttpResponse(decodeResult: success, version: HTTP/1.1)
HTTP/1.1 200 OK
Content-Length: 14
Content-Type: application/json; charset=utf-8
cache-control: no-cache

22:44:33.813 [AsyncHttpClient-1-11] DEBUG org.asynchttpclient.netty.channel.ChannelManager - Adding key: http://localhost:13232 for channel [id: 0x2351d561, L:/127.0.0.1:55158 - R:localhost/127.0.0.1:13232]
  When I provide Wrong.mail and Fleet@123-test   # StepDefination.Signin.i_provide_id_and_password(java.lang.String,java.lang.String)
22:44:33.813 [Forwarding findElement on session b46d2c0e70a1bf95dd3fe4c9c0a8db15 to remote] DEBUG org.asynchttpclient.netty.request.NettyRequestSender - Using pooled Channel '[id: 0x2351d561, L:/127.0.0.1:55158 - R:localhost/127.0.0.1:13232]' for 'POST' to 'http://localhost:13232/session/b46d2c0e70a1bf95dd3fe4c9c0a8db15/element'
22:44:33.813 [Forwarding findElement on session b46d2c0e70a1bf95dd3fe4c9c0a8db15 to remote] DEBUG org.asynchttpclient.netty.request.NettyRequestSender - Using open Channel [id: 0x2351d561, L:/127.0.0.1:55158 - R:localhost/127.0.0.1:13232] for POST '/session/b46d2c0e70a1bf95dd3fe4c9c0a8db15/element'
22:44:33.837 [AsyncHttpClient-1-11] DEBUG org.asynchttpclient.netty.handler.HttpHandler - 

Request DefaultHttpRequest(decodeResult: success, version: HTTP/1.1)
POST /session/b46d2c0e70a1bf95dd3fe4c9c0a8db15/element HTTP/1.1
User-Agent: selenium/4.12.0 (java windows)
Content-Length: 73
Content-Type: application/json; charset=utf-8
host: localhost:13232
accept: */*

Response DefaultHttpResponse(decodeResult: success, version: HTTP/1.1)
HTTP/1.1 200 OK
Content-Length: 125
Content-Type: application/json; charset=utf-8
cache-control: no-cache

22:44:33.837 [AsyncHttpClient-1-11] DEBUG org.asynchttpclient.netty.channel.ChannelManager - Adding key: http://localhost:13232 for channel [id: 0x2351d561, L:/127.0.0.1:55158 - R:localhost/127.0.0.1:13232]
22:44:33.837 [Forwarding clickElement on session b46d2c0e70a1bf95dd3fe4c9c0a8db15 to remote] DEBUG org.asynchttpclient.netty.request.NettyRequestSender - Using pooled Channel '[id: 0x2351d561, L:/127.0.0.1:55158 - R:localhost/127.0.0.1:13232]' for 'POST' to 'http://localhost:13232/session/b46d2c0e70a1bf95dd3fe4c9c0a8db15/element/f.D5DC762D0102A4246590F4148B4C092E.d.1EBF3A14DCF78665A3791E66A55E1D11.e.8/click'
22:44:33.837 [Forwarding clickElement on session b46d2c0e70a1bf95dd3fe4c9c0a8db15 to remote] DEBUG org.asynchttpclient.netty.request.NettyRequestSender - Using open Channel [id: 0x2351d561, L:/127.0.0.1:55158 - R:localhost/127.0.0.1:13232] for POST '/session/b46d2c0e70a1bf95dd3fe4c9c0a8db15/element/f.D5DC762D0102A4246590F4148B4C092E.d.1EBF3A14DCF78665A3791E66A55E1D11.e.8/click'
22:44:34.007 [AsyncHttpClient-1-11] DEBUG org.asynchttpclient.netty.handler.HttpHandler - 

Request DefaultHttpRequest(decodeResult: success, version: HTTP/1.1)
POST /session/b46d2c0e70a1bf95dd3fe4c9c0a8db15/element/f.D5DC762D0102A4246590F4148B4C092E.d.1EBF3A14DCF78665A3791E66A55E1D11.e.8/click HTTP/1.1
User-Agent: selenium/4.12.0 (java windows)
Content-Length: 87
Content-Type: application/json; charset=utf-8
host: localhost:13232
accept: */*

Response DefaultHttpResponse(decodeResult: success, version: HTTP/1.1)
HTTP/1.1 200 OK
Content-Length: 14
Content-Type: application/json; charset=utf-8
cache-control: no-cache

22:44:34.007 [AsyncHttpClient-1-11] DEBUG org.asynchttpclient.netty.channel.ChannelManager - Adding key: http://localhost:13232 for channel [id: 0x2351d561, L:/127.0.0.1:55158 - R:localhost/127.0.0.1:13232]
22:44:34.691 [AsyncHttpClient-1-1] DEBUG org.asynchttpclient.netty.channel.DefaultChannelPool - Entry count for : http://localhost:55159 : 1
22:44:34.691 [AsyncHttpClient-1-1] DEBUG org.asynchttpclient.netty.channel.DefaultChannelPool - Entry count for : http://localhost:13232 : 1
22:44:35.783 [AsyncHttpClient-1-1] DEBUG org.asynchttpclient.netty.channel.DefaultChannelPool - Entry count for : http://localhost:55159 : 1
22:44:35.783 [AsyncHttpClient-1-1] DEBUG org.asynchttpclient.netty.channel.DefaultChannelPool - Entry count for : http://localhost:13232 : 1
22:44:36.882 [AsyncHttpClient-1-1] DEBUG org.asynchttpclient.netty.channel.DefaultChannelPool - Entry count for : http://localhost:55159 : 1
22:44:36.882 [AsyncHttpClient-1-1] DEBUG org.asynchttpclient.netty.channel.DefaultChannelPool - Entry count for : http://localhost:13232 : 1
22:44:37.991 [AsyncHttpClient-1-1] DEBUG org.asynchttpclient.netty.channel.DefaultChannelPool - Entry count for : http://localhost:55159 : 1
22:44:37.991 [AsyncHttpClient-1-1] DEBUG org.asynchttpclient.netty.channel.DefaultChannelPool - Entry count for : http://localhost:13232 : 1
  And Tap on submit button-test                  # StepDefination.Signin.tap_on_submit_button()
22:44:39.018 [Forwarding getCurrentUrl on session b46d2c0e70a1bf95dd3fe4c9c0a8db15 to remote] DEBUG org.asynchttpclient.netty.request.NettyRequestSender - Using pooled Channel '[id: 0x2351d561, L:/127.0.0.1:55158 - R:localhost/127.0.0.1:13232]' for 'GET' to 'http://localhost:13232/session/b46d2c0e70a1bf95dd3fe4c9c0a8db15/url'
22:44:39.018 [Forwarding getCurrentUrl on session b46d2c0e70a1bf95dd3fe4c9c0a8db15 to remote] DEBUG org.asynchttpclient.netty.request.NettyRequestSender - Using open Channel [id: 0x2351d561, L:/127.0.0.1:55158 - R:localhost/127.0.0.1:13232] for GET '/session/b46d2c0e70a1bf95dd3fe4c9c0a8db15/url'
22:44:39.034 [AsyncHttpClient-1-11] DEBUG org.asynchttpclient.netty.handler.HttpHandler - 

Request DefaultFullHttpRequest(decodeResult: success, version: HTTP/1.1, content: EmptyByteBufBE)
GET /session/b46d2c0e70a1bf95dd3fe4c9c0a8db15/url HTTP/1.1
Cache-Control: no-cache
User-Agent: selenium/4.12.0 (java windows)
Content-Type: application/json; charset=utf-8
host: localhost:13232
accept: */*

Response DefaultHttpResponse(decodeResult: success, version: HTTP/1.1)
HTTP/1.1 200 OK
Content-Length: 69
Content-Type: application/json; charset=utf-8
cache-control: no-cache

22:44:39.034 [AsyncHttpClient-1-11] DEBUG org.asynchttpclient.netty.channel.ChannelManager - Adding key: http://localhost:13232 for channel [id: 0x2351d561, L:/127.0.0.1:55158 - R:localhost/127.0.0.1:13232]
https://fleet-manager-development.vercel.app/auth/sign-in
22:44:39.034 [Forwarding findElement on session b46d2c0e70a1bf95dd3fe4c9c0a8db15 to remote] DEBUG org.asynchttpclient.netty.request.NettyRequestSender - Using pooled Channel '[id: 0x2351d561, L:/127.0.0.1:55158 - R:localhost/127.0.0.1:13232]' for 'POST' to 'http://localhost:13232/session/b46d2c0e70a1bf95dd3fe4c9c0a8db15/element'
22:44:39.034 [Forwarding findElement on session b46d2c0e70a1bf95dd3fe4c9c0a8db15 to remote] DEBUG org.asynchttpclient.netty.request.NettyRequestSender - Using open Channel [id: 0x2351d561, L:/127.0.0.1:55158 - R:localhost/127.0.0.1:13232] for POST '/session/b46d2c0e70a1bf95dd3fe4c9c0a8db15/element'
22:44:39.074 [AsyncHttpClient-1-11] DEBUG org.asynchttpclient.netty.handler.HttpHandler - 

Request DefaultHttpRequest(decodeResult: success, version: HTTP/1.1)
POST /session/b46d2c0e70a1bf95dd3fe4c9c0a8db15/element HTTP/1.1
User-Agent: selenium/4.12.0 (java windows)
Content-Length: 66
Content-Type: application/json; charset=utf-8
host: localhost:13232
accept: */*

Response DefaultHttpResponse(decodeResult: success, version: HTTP/1.1)
HTTP/1.1 404 Not Found
Content-Length: 1053
Content-Type: application/json; charset=utf-8
cache-control: no-cache

22:44:39.074 [AsyncHttpClient-1-11] DEBUG org.asynchttpclient.netty.channel.ChannelManager - Adding key: http://localhost:13232 for channel [id: 0x2351d561, L:/127.0.0.1:55158 - R:localhost/127.0.0.1:13232]
Faild to logged in
screen shot class not taking
  Then User should be logged in-test             # StepDefination.Signin.user_should_be_logged_in()
22:44:39.074 [Driver Command Executor] DEBUG org.asynchttpclient.netty.request.NettyRequestSender - Using pooled Channel '[id: 0x2351d561, L:/127.0.0.1:55158 - R:localhost/127.0.0.1:13232]' for 'DELETE' to 'http://localhost:13232/session/b46d2c0e70a1bf95dd3fe4c9c0a8db15'
22:44:39.074 [Driver Command Executor] DEBUG org.asynchttpclient.netty.request.NettyRequestSender - Using open Channel [id: 0x2351d561, L:/127.0.0.1:55158 - R:localhost/127.0.0.1:13232] for DELETE '/session/b46d2c0e70a1bf95dd3fe4c9c0a8db15'
22:44:39.074 [AsyncHttpClient-1-13] DEBUG org.asynchttpclient.netty.handler.WebSocketHandler - Channel Closed: [id: 0xced33833, L:/127.0.0.1:55168 ! R:localhost/127.0.0.1:55159] with attribute DISCARD
22:44:39.082 [AsyncHttpClient-1-1] DEBUG org.asynchttpclient.netty.channel.DefaultChannelPool - Entry count for : http://localhost:55159 : 1
22:44:39.227 [AsyncHttpClient-1-12] DEBUG org.asynchttpclient.netty.handler.HttpHandler - Unexpected I/O exception on channel [id: 0xbcf418a5, L:/127.0.0.1:55167 - R:localhost/127.0.0.1:55159]
java.net.SocketException: Connection reset
	at java.base/sun.nio.ch.SocketChannelImpl.throwConnectionReset(SocketChannelImpl.java:394)
	at java.base/sun.nio.ch.SocketChannelImpl.read(SocketChannelImpl.java:426)
	at io.netty.buffer.PooledByteBuf.setBytes(PooledByteBuf.java:254)
	at io.netty.buffer.AbstractByteBuf.writeBytes(AbstractByteBuf.java:1132)
	at io.netty.channel.socket.nio.NioSocketChannel.doReadBytes(NioSocketChannel.java:357)
	at io.netty.channel.nio.AbstractNioByteChannel$NioByteUnsafe.read(AbstractNioByteChannel.java:151)
	at io.netty.channel.nio.NioEventLoop.processSelectedKey(NioEventLoop.java:788)
	at io.netty.channel.nio.NioEventLoop.processSelectedKeysOptimized(NioEventLoop.java:724)
	at io.netty.channel.nio.NioEventLoop.processSelectedKeys(NioEventLoop.java:650)
	at io.netty.channel.nio.NioEventLoop.run(NioEventLoop.java:562)
	at io.netty.util.concurrent.SingleThreadEventExecutor$4.run(SingleThreadEventExecutor.java:997)
	at io.netty.util.internal.ThreadExecutorMap$2.run(ThreadExecutorMap.java:74)
	at io.netty.util.concurrent.FastThreadLocalRunnable.run(FastThreadLocalRunnable.java:30)
	at java.base/java.lang.Thread.run(Thread.java:840)
22:44:39.227 [AsyncHttpClient-1-12] DEBUG org.asynchttpclient.netty.channel.ChannelManager - Closing Channel [id: 0xbcf418a5, L:/127.0.0.1:55167 - R:localhost/127.0.0.1:55159] 
22:44:39.235 [AsyncHttpClient-1-12] DEBUG org.asynchttpclient.netty.handler.HttpHandler - Channel Closed: [id: 0xbcf418a5, L:/127.0.0.1:55167 ! R:localhost/127.0.0.1:55159] with attribute DISCARD
22:44:39.286 [AsyncHttpClient-1-11] DEBUG org.asynchttpclient.netty.handler.HttpHandler - 

Request DefaultFullHttpRequest(decodeResult: success, version: HTTP/1.1, content: EmptyByteBufBE)
DELETE /session/b46d2c0e70a1bf95dd3fe4c9c0a8db15 HTTP/1.1
User-Agent: selenium/4.12.0 (java windows)
Content-Type: application/json; charset=utf-8
host: localhost:13232
accept: */*

Response DefaultHttpResponse(decodeResult: success, version: HTTP/1.1)
HTTP/1.1 200 OK
Content-Length: 14
Content-Type: application/json; charset=utf-8
cache-control: no-cache

22:44:39.286 [AsyncHttpClient-1-11] DEBUG org.asynchttpclient.netty.channel.ChannelManager - Adding key: http://localhost:13232 for channel [id: 0x2351d561, L:/127.0.0.1:55158 - R:localhost/127.0.0.1:13232]
22:44:39.806 [AsyncHttpClient-1-11] DEBUG org.asynchttpclient.netty.handler.HttpHandler - Channel Closed: [id: 0x2351d561, L:/127.0.0.1:55158 ! R:localhost/127.0.0.1:13232] with attribute DISCARD
WebDriver quit successfully.
  And Close Window                               # StepDefination.Signin.close_window()
WebDriver is null. Nothing to close.
]]></system-out>
    <system-err><![CDATA[Jan 18, 2025 10:44:31 PM org.openqa.selenium.devtools.CdpVersionFinder findNearestMatch
WARNING: Unable to find CDP implementation matching 131
Jan 18, 2025 10:44:31 PM org.openqa.selenium.chromium.ChromiumDriver lambda$new$5
WARNING: Unable to find version of CDP to use for 131.0.6778.265. You may need to include a dependency on a specific version of the CDP using something similar to `org.seleniumhq.selenium:selenium-devtools-v86:4.12.0` where the version ("v86") matches the version of the chromium-based browser you're using and the version number of the artifact is the same as Selenium's.
]]></system-err>
  </testcase>
  <testcase name="Signin with email and password #4" classname="User sign IN" time="9.934">
    <system-out><![CDATA[
Scenario Outline: Signin with email and password # src/test/resources/Login/Login.feature:15
22:44:40.191 [AsyncHttpClient-1-1] DEBUG org.asynchttpclient.netty.channel.DefaultChannelPool - Entry count for : http://localhost:55159 : 1
22:44:40.191 [AsyncHttpClient-1-1] DEBUG org.asynchttpclient.netty.channel.DefaultChannelPool - Entry count for : http://localhost:13232 : 1
22:44:40.191 [AsyncHttpClient-1-1] DEBUG org.asynchttpclient.netty.channel.DefaultChannelPool - Adding Candidate expired Channel [id: 0xbcf418a5, L:/127.0.0.1:55167 ! R:localhost/127.0.0.1:55159] isIdleTimeoutExpired=false isRemotelyClosed=true isTtlExpired=false
22:44:40.191 [AsyncHttpClient-1-1] DEBUG org.asynchttpclient.netty.channel.DefaultChannelPool - Closing Idle Channel [id: 0xbcf418a5, L:/127.0.0.1:55167 ! R:localhost/127.0.0.1:55159]
22:44:40.191 [AsyncHttpClient-1-1] DEBUG org.asynchttpclient.netty.channel.DefaultChannelPool - Adding Candidate expired Channel [id: 0x2351d561, L:/127.0.0.1:55158 ! R:localhost/127.0.0.1:13232] isIdleTimeoutExpired=false isRemotelyClosed=true isTtlExpired=false
22:44:40.191 [AsyncHttpClient-1-1] DEBUG org.asynchttpclient.netty.channel.DefaultChannelPool - Closing Idle Channel [id: 0x2351d561, L:/127.0.0.1:55158 ! R:localhost/127.0.0.1:13232]
22:44:40.191 [AsyncHttpClient-1-1] DEBUG org.asynchttpclient.netty.channel.DefaultChannelPool - Closed 2 connections out of 2 in 0 ms
22:44:40.223 [AsyncHttpClient-1-14] DEBUG org.asynchttpclient.netty.channel.NettyConnectListener - Using new Channel '[id: 0xb6367854, L:/127.0.0.1:55196 - R:localhost/127.0.0.1:10023]' for 'POST' to '/session'
22:44:41.587 [AsyncHttpClient-1-14] DEBUG org.asynchttpclient.netty.handler.HttpHandler - 

Request DefaultHttpRequest(decodeResult: success, version: HTTP/1.1)
POST /session HTTP/1.1
User-Agent: selenium/4.12.0 (java windows)
Content-Length: 254
Content-Type: application/json; charset=utf-8
host: localhost:10023
accept: */*

Response DefaultHttpResponse(decodeResult: success, version: HTTP/1.1)
HTTP/1.1 200 OK
Content-Length: 887
Content-Type: application/json; charset=utf-8
cache-control: no-cache

22:44:41.587 [AsyncHttpClient-1-14] DEBUG org.asynchttpclient.netty.channel.ChannelManager - Adding key: http://localhost:10023 for channel [id: 0xb6367854, L:/127.0.0.1:55196 - R:localhost/127.0.0.1:10023]
22:44:41.603 [AsyncHttpClient-1-15] DEBUG org.asynchttpclient.netty.channel.NettyConnectListener - Using new Channel '[id: 0x19e29b95, L:/127.0.0.1:55204 - R:localhost/127.0.0.1:55197]' for 'GET' to '/json/version'
22:44:41.603 [AsyncHttpClient-1-15] DEBUG org.asynchttpclient.netty.handler.HttpHandler - 

Request DefaultFullHttpRequest(decodeResult: success, version: HTTP/1.1, content: EmptyByteBufBE)
GET /json/version HTTP/1.1
User-Agent: selenium/4.12.0 (java windows)
host: localhost:55197
accept: */*

Response DefaultHttpResponse(decodeResult: success, version: HTTP/1.1)
HTTP/1.1 200 OK
Content-Security-Policy: frame-ancestors 'none'
Content-Length: 424
Content-Type: application/json; charset=UTF-8

22:44:41.603 [AsyncHttpClient-1-15] DEBUG org.asynchttpclient.netty.channel.ChannelManager - Adding key: http://localhost:55197 for channel [id: 0x19e29b95, L:/127.0.0.1:55204 - R:localhost/127.0.0.1:55197]
22:44:41.611 [AsyncHttpClient-1-16] DEBUG org.asynchttpclient.netty.channel.NettyConnectListener - Using new Channel '[id: 0x8730f901, L:/127.0.0.1:55205 - R:localhost/127.0.0.1:55197]' for 'GET' to '/devtools/browser/30717537-75ff-4412-9560-13c4ceaea69a'
22:44:41.611 [AsyncHttpClient-1-16] DEBUG org.asynchttpclient.netty.handler.WebSocketHandler - 

Request DefaultFullHttpRequest(decodeResult: success, version: HTTP/1.1, content: EmptyByteBufBE)
GET /devtools/browser/30717537-75ff-4412-9560-13c4ceaea69a HTTP/1.1
upgrade: websocket
connection: upgrade
sec-websocket-key: Nx3Gbj4TVgR/Tl8GgI2oVA==
sec-websocket-version: 13
origin: http://localhost:55197
host: localhost:55197
accept: */*
user-agent: AHC/2.1

Response DefaultHttpResponse(decodeResult: success, version: HTTP/1.1)
HTTP/1.1 101 WebSocket Protocol Handshake
Upgrade: WebSocket
Connection: Upgrade
Sec-WebSocket-Accept: fPGTVBhB0fhan6KHfh/yv/TzjNs=

22:44:41.619 [Forwarding get on session 4ebee12d49d7c4d5713e6b36aaca60b0 to remote] DEBUG org.asynchttpclient.netty.request.NettyRequestSender - Using pooled Channel '[id: 0xb6367854, L:/127.0.0.1:55196 - R:localhost/127.0.0.1:10023]' for 'POST' to 'http://localhost:10023/session/4ebee12d49d7c4d5713e6b36aaca60b0/url'
22:44:41.619 [Forwarding get on session 4ebee12d49d7c4d5713e6b36aaca60b0 to remote] DEBUG org.asynchttpclient.netty.request.NettyRequestSender - Using open Channel [id: 0xb6367854, L:/127.0.0.1:55196 - R:localhost/127.0.0.1:10023] for POST '/session/4ebee12d49d7c4d5713e6b36aaca60b0/url'
22:44:42.381 [AsyncHttpClient-1-1] DEBUG org.asynchttpclient.netty.channel.DefaultChannelPool - Entry count for : http://localhost:55197 : 1
22:44:43.088 [AsyncHttpClient-1-14] DEBUG org.asynchttpclient.netty.handler.HttpHandler - 

Request DefaultHttpRequest(decodeResult: success, version: HTTP/1.1)
POST /session/4ebee12d49d7c4d5713e6b36aaca60b0/url HTTP/1.1
User-Agent: selenium/4.12.0 (java windows)
Content-Length: 92
Content-Type: application/json; charset=utf-8
host: localhost:10023
accept: */*

Response DefaultHttpResponse(decodeResult: success, version: HTTP/1.1)
HTTP/1.1 200 OK
Content-Length: 14
Content-Type: application/json; charset=utf-8
cache-control: no-cache

22:44:43.088 [AsyncHttpClient-1-14] DEBUG org.asynchttpclient.netty.channel.ChannelManager - Adding key: http://localhost:10023 for channel [id: 0xb6367854, L:/127.0.0.1:55196 - R:localhost/127.0.0.1:10023]
22:44:43.088 [Forwarding maximizeCurrentWindow on session 4ebee12d49d7c4d5713e6b36aaca60b0 to remote] DEBUG org.asynchttpclient.netty.request.NettyRequestSender - Using pooled Channel '[id: 0xb6367854, L:/127.0.0.1:55196 - R:localhost/127.0.0.1:10023]' for 'POST' to 'http://localhost:10023/session/4ebee12d49d7c4d5713e6b36aaca60b0/window/maximize'
22:44:43.088 [Forwarding maximizeCurrentWindow on session 4ebee12d49d7c4d5713e6b36aaca60b0 to remote] DEBUG org.asynchttpclient.netty.request.NettyRequestSender - Using open Channel [id: 0xb6367854, L:/127.0.0.1:55196 - R:localhost/127.0.0.1:10023] for POST '/session/4ebee12d49d7c4d5713e6b36aaca60b0/window/maximize'
22:44:43.152 [AsyncHttpClient-1-14] DEBUG org.asynchttpclient.netty.handler.HttpHandler - 

Request DefaultHttpRequest(decodeResult: success, version: HTTP/1.1)
POST /session/4ebee12d49d7c4d5713e6b36aaca60b0/window/maximize HTTP/1.1
User-Agent: selenium/4.12.0 (java windows)
Content-Length: 3
Content-Type: application/json; charset=utf-8
host: localhost:10023
accept: */*

Response DefaultHttpResponse(decodeResult: success, version: HTTP/1.1)
HTTP/1.1 200 OK
Content-Length: 51
Content-Type: application/json; charset=utf-8
cache-control: no-cache

22:44:43.152 [AsyncHttpClient-1-14] DEBUG org.asynchttpclient.netty.channel.ChannelManager - Adding key: http://localhost:10023 for channel [id: 0xb6367854, L:/127.0.0.1:55196 - R:localhost/127.0.0.1:10023]
  Given I have login panel-test                  # StepDefination.Signin.I_have_login_panel()
22:44:43.152 [Forwarding findElement on session 4ebee12d49d7c4d5713e6b36aaca60b0 to remote] DEBUG org.asynchttpclient.netty.request.NettyRequestSender - Using pooled Channel '[id: 0xb6367854, L:/127.0.0.1:55196 - R:localhost/127.0.0.1:10023]' for 'POST' to 'http://localhost:10023/session/4ebee12d49d7c4d5713e6b36aaca60b0/element'
22:44:43.152 [Forwarding findElement on session 4ebee12d49d7c4d5713e6b36aaca60b0 to remote] DEBUG org.asynchttpclient.netty.request.NettyRequestSender - Using open Channel [id: 0xb6367854, L:/127.0.0.1:55196 - R:localhost/127.0.0.1:10023] for POST '/session/4ebee12d49d7c4d5713e6b36aaca60b0/element'
22:44:43.184 [AsyncHttpClient-1-14] DEBUG org.asynchttpclient.netty.handler.HttpHandler - 

Request DefaultHttpRequest(decodeResult: success, version: HTTP/1.1)
POST /session/4ebee12d49d7c4d5713e6b36aaca60b0/element HTTP/1.1
User-Agent: selenium/4.12.0 (java windows)
Content-Length: 69
Content-Type: application/json; charset=utf-8
host: localhost:10023
accept: */*

Response DefaultHttpResponse(decodeResult: success, version: HTTP/1.1)
HTTP/1.1 200 OK
Content-Length: 125
Content-Type: application/json; charset=utf-8
cache-control: no-cache

22:44:43.184 [AsyncHttpClient-1-14] DEBUG org.asynchttpclient.netty.channel.ChannelManager - Adding key: http://localhost:10023 for channel [id: 0xb6367854, L:/127.0.0.1:55196 - R:localhost/127.0.0.1:10023]
22:44:43.184 [Forwarding sendKeysToElement on session 4ebee12d49d7c4d5713e6b36aaca60b0 to remote] DEBUG org.asynchttpclient.netty.request.NettyRequestSender - Using pooled Channel '[id: 0xb6367854, L:/127.0.0.1:55196 - R:localhost/127.0.0.1:10023]' for 'POST' to 'http://localhost:10023/session/4ebee12d49d7c4d5713e6b36aaca60b0/element/f.63AE9F7C4DA29A72159E9E6CEBAF493F.d.2D431C63475C3ED5EC98893068A67F70.e.2/value'
22:44:43.184 [Forwarding sendKeysToElement on session 4ebee12d49d7c4d5713e6b36aaca60b0 to remote] DEBUG org.asynchttpclient.netty.request.NettyRequestSender - Using open Channel [id: 0xb6367854, L:/127.0.0.1:55196 - R:localhost/127.0.0.1:10023] for POST '/session/4ebee12d49d7c4d5713e6b36aaca60b0/element/f.63AE9F7C4DA29A72159E9E6CEBAF493F.d.2D431C63475C3ED5EC98893068A67F70.e.2/value'
22:44:43.457 [AsyncHttpClient-1-14] DEBUG org.asynchttpclient.netty.handler.HttpHandler - 

Request DefaultHttpRequest(decodeResult: success, version: HTTP/1.1)
POST /session/4ebee12d49d7c4d5713e6b36aaca60b0/element/f.63AE9F7C4DA29A72159E9E6CEBAF493F.d.2D431C63475C3ED5EC98893068A67F70.e.2/value HTTP/1.1
User-Agent: selenium/4.12.0 (java windows)
Content-Length: 218
Content-Type: application/json; charset=utf-8
host: localhost:10023
accept: */*

Response DefaultHttpResponse(decodeResult: success, version: HTTP/1.1)
HTTP/1.1 200 OK
Content-Length: 14
Content-Type: application/json; charset=utf-8
cache-control: no-cache

22:44:43.457 [AsyncHttpClient-1-14] DEBUG org.asynchttpclient.netty.channel.ChannelManager - Adding key: http://localhost:10023 for channel [id: 0xb6367854, L:/127.0.0.1:55196 - R:localhost/127.0.0.1:10023]
22:44:43.457 [Forwarding findElement on session 4ebee12d49d7c4d5713e6b36aaca60b0 to remote] DEBUG org.asynchttpclient.netty.request.NettyRequestSender - Using pooled Channel '[id: 0xb6367854, L:/127.0.0.1:55196 - R:localhost/127.0.0.1:10023]' for 'POST' to 'http://localhost:10023/session/4ebee12d49d7c4d5713e6b36aaca60b0/element'
22:44:43.457 [Forwarding findElement on session 4ebee12d49d7c4d5713e6b36aaca60b0 to remote] DEBUG org.asynchttpclient.netty.request.NettyRequestSender - Using open Channel [id: 0xb6367854, L:/127.0.0.1:55196 - R:localhost/127.0.0.1:10023] for POST '/session/4ebee12d49d7c4d5713e6b36aaca60b0/element'
22:44:43.481 [AsyncHttpClient-1-1] DEBUG org.asynchttpclient.netty.channel.DefaultChannelPool - Entry count for : http://localhost:55197 : 1
22:44:43.481 [AsyncHttpClient-1-14] DEBUG org.asynchttpclient.netty.handler.HttpHandler - 

Request DefaultHttpRequest(decodeResult: success, version: HTTP/1.1)
POST /session/4ebee12d49d7c4d5713e6b36aaca60b0/element HTTP/1.1
User-Agent: selenium/4.12.0 (java windows)
Content-Length: 72
Content-Type: application/json; charset=utf-8
host: localhost:10023
accept: */*

Response DefaultHttpResponse(decodeResult: success, version: HTTP/1.1)
HTTP/1.1 200 OK
Content-Length: 125
Content-Type: application/json; charset=utf-8
cache-control: no-cache

22:44:43.481 [AsyncHttpClient-1-14] DEBUG org.asynchttpclient.netty.channel.ChannelManager - Adding key: http://localhost:10023 for channel [id: 0xb6367854, L:/127.0.0.1:55196 - R:localhost/127.0.0.1:10023]
22:44:43.481 [Forwarding sendKeysToElement on session 4ebee12d49d7c4d5713e6b36aaca60b0 to remote] DEBUG org.asynchttpclient.netty.request.NettyRequestSender - Using pooled Channel '[id: 0xb6367854, L:/127.0.0.1:55196 - R:localhost/127.0.0.1:10023]' for 'POST' to 'http://localhost:10023/session/4ebee12d49d7c4d5713e6b36aaca60b0/element/f.63AE9F7C4DA29A72159E9E6CEBAF493F.d.2D431C63475C3ED5EC98893068A67F70.e.4/value'
22:44:43.481 [Forwarding sendKeysToElement on session 4ebee12d49d7c4d5713e6b36aaca60b0 to remote] DEBUG org.asynchttpclient.netty.request.NettyRequestSender - Using open Channel [id: 0xb6367854, L:/127.0.0.1:55196 - R:localhost/127.0.0.1:10023] for POST '/session/4ebee12d49d7c4d5713e6b36aaca60b0/element/f.63AE9F7C4DA29A72159E9E6CEBAF493F.d.2D431C63475C3ED5EC98893068A67F70.e.4/value'
22:44:43.729 [AsyncHttpClient-1-14] DEBUG org.asynchttpclient.netty.handler.HttpHandler - 

Request DefaultHttpRequest(decodeResult: success, version: HTTP/1.1)
POST /session/4ebee12d49d7c4d5713e6b36aaca60b0/element/f.63AE9F7C4DA29A72159E9E6CEBAF493F.d.2D431C63475C3ED5EC98893068A67F70.e.4/value HTTP/1.1
User-Agent: selenium/4.12.0 (java windows)
Content-Length: 168
Content-Type: application/json; charset=utf-8
host: localhost:10023
accept: */*

Response DefaultHttpResponse(decodeResult: success, version: HTTP/1.1)
HTTP/1.1 200 OK
Content-Length: 14
Content-Type: application/json; charset=utf-8
cache-control: no-cache

22:44:43.729 [AsyncHttpClient-1-14] DEBUG org.asynchttpclient.netty.channel.ChannelManager - Adding key: http://localhost:10023 for channel [id: 0xb6367854, L:/127.0.0.1:55196 - R:localhost/127.0.0.1:10023]
  When I provide Wrong.mail and wrong-test       # StepDefination.Signin.i_provide_id_and_password(java.lang.String,java.lang.String)
22:44:43.729 [Forwarding findElement on session 4ebee12d49d7c4d5713e6b36aaca60b0 to remote] DEBUG org.asynchttpclient.netty.request.NettyRequestSender - Using pooled Channel '[id: 0xb6367854, L:/127.0.0.1:55196 - R:localhost/127.0.0.1:10023]' for 'POST' to 'http://localhost:10023/session/4ebee12d49d7c4d5713e6b36aaca60b0/element'
22:44:43.729 [Forwarding findElement on session 4ebee12d49d7c4d5713e6b36aaca60b0 to remote] DEBUG org.asynchttpclient.netty.request.NettyRequestSender - Using open Channel [id: 0xb6367854, L:/127.0.0.1:55196 - R:localhost/127.0.0.1:10023] for POST '/session/4ebee12d49d7c4d5713e6b36aaca60b0/element'
22:44:43.761 [AsyncHttpClient-1-14] DEBUG org.asynchttpclient.netty.handler.HttpHandler - 

Request DefaultHttpRequest(decodeResult: success, version: HTTP/1.1)
POST /session/4ebee12d49d7c4d5713e6b36aaca60b0/element HTTP/1.1
User-Agent: selenium/4.12.0 (java windows)
Content-Length: 73
Content-Type: application/json; charset=utf-8
host: localhost:10023
accept: */*

Response DefaultHttpResponse(decodeResult: success, version: HTTP/1.1)
HTTP/1.1 200 OK
Content-Length: 125
Content-Type: application/json; charset=utf-8
cache-control: no-cache

22:44:43.761 [AsyncHttpClient-1-14] DEBUG org.asynchttpclient.netty.channel.ChannelManager - Adding key: http://localhost:10023 for channel [id: 0xb6367854, L:/127.0.0.1:55196 - R:localhost/127.0.0.1:10023]
22:44:43.764 [Forwarding clickElement on session 4ebee12d49d7c4d5713e6b36aaca60b0 to remote] DEBUG org.asynchttpclient.netty.request.NettyRequestSender - Using pooled Channel '[id: 0xb6367854, L:/127.0.0.1:55196 - R:localhost/127.0.0.1:10023]' for 'POST' to 'http://localhost:10023/session/4ebee12d49d7c4d5713e6b36aaca60b0/element/f.63AE9F7C4DA29A72159E9E6CEBAF493F.d.2D431C63475C3ED5EC98893068A67F70.e.6/click'
22:44:43.764 [Forwarding clickElement on session 4ebee12d49d7c4d5713e6b36aaca60b0 to remote] DEBUG org.asynchttpclient.netty.request.NettyRequestSender - Using open Channel [id: 0xb6367854, L:/127.0.0.1:55196 - R:localhost/127.0.0.1:10023] for POST '/session/4ebee12d49d7c4d5713e6b36aaca60b0/element/f.63AE9F7C4DA29A72159E9E6CEBAF493F.d.2D431C63475C3ED5EC98893068A67F70.e.6/click'
22:44:43.962 [AsyncHttpClient-1-14] DEBUG org.asynchttpclient.netty.handler.HttpHandler - 

Request DefaultHttpRequest(decodeResult: success, version: HTTP/1.1)
POST /session/4ebee12d49d7c4d5713e6b36aaca60b0/element/f.63AE9F7C4DA29A72159E9E6CEBAF493F.d.2D431C63475C3ED5EC98893068A67F70.e.6/click HTTP/1.1
User-Agent: selenium/4.12.0 (java windows)
Content-Length: 87
Content-Type: application/json; charset=utf-8
host: localhost:10023
accept: */*

Response DefaultHttpResponse(decodeResult: success, version: HTTP/1.1)
HTTP/1.1 200 OK
Content-Length: 14
Content-Type: application/json; charset=utf-8
cache-control: no-cache

22:44:43.962 [AsyncHttpClient-1-14] DEBUG org.asynchttpclient.netty.channel.ChannelManager - Adding key: http://localhost:10023 for channel [id: 0xb6367854, L:/127.0.0.1:55196 - R:localhost/127.0.0.1:10023]
22:44:44.590 [AsyncHttpClient-1-1] DEBUG org.asynchttpclient.netty.channel.DefaultChannelPool - Entry count for : http://localhost:55197 : 1
22:44:44.590 [AsyncHttpClient-1-1] DEBUG org.asynchttpclient.netty.channel.DefaultChannelPool - Entry count for : http://localhost:10023 : 1
22:44:45.680 [AsyncHttpClient-1-1] DEBUG org.asynchttpclient.netty.channel.DefaultChannelPool - Entry count for : http://localhost:55197 : 1
22:44:45.680 [AsyncHttpClient-1-1] DEBUG org.asynchttpclient.netty.channel.DefaultChannelPool - Entry count for : http://localhost:10023 : 1
22:44:46.795 [AsyncHttpClient-1-1] DEBUG org.asynchttpclient.netty.channel.DefaultChannelPool - Entry count for : http://localhost:55197 : 1
22:44:46.795 [AsyncHttpClient-1-1] DEBUG org.asynchttpclient.netty.channel.DefaultChannelPool - Entry count for : http://localhost:10023 : 1
22:44:47.881 [AsyncHttpClient-1-1] DEBUG org.asynchttpclient.netty.channel.DefaultChannelPool - Entry count for : http://localhost:55197 : 1
22:44:47.881 [AsyncHttpClient-1-1] DEBUG org.asynchttpclient.netty.channel.DefaultChannelPool - Entry count for : http://localhost:10023 : 1
  And Tap on submit button-test                  # StepDefination.Signin.tap_on_submit_button()
22:44:48.968 [Forwarding getCurrentUrl on session 4ebee12d49d7c4d5713e6b36aaca60b0 to remote] DEBUG org.asynchttpclient.netty.request.NettyRequestSender - Using pooled Channel '[id: 0xb6367854, L:/127.0.0.1:55196 - R:localhost/127.0.0.1:10023]' for 'GET' to 'http://localhost:10023/session/4ebee12d49d7c4d5713e6b36aaca60b0/url'
22:44:48.968 [Forwarding getCurrentUrl on session 4ebee12d49d7c4d5713e6b36aaca60b0 to remote] DEBUG org.asynchttpclient.netty.request.NettyRequestSender - Using open Channel [id: 0xb6367854, L:/127.0.0.1:55196 - R:localhost/127.0.0.1:10023] for GET '/session/4ebee12d49d7c4d5713e6b36aaca60b0/url'
22:44:48.984 [AsyncHttpClient-1-1] DEBUG org.asynchttpclient.netty.channel.DefaultChannelPool - Entry count for : http://localhost:55197 : 1
22:44:48.984 [AsyncHttpClient-1-14] DEBUG org.asynchttpclient.netty.handler.HttpHandler - 

Request DefaultFullHttpRequest(decodeResult: success, version: HTTP/1.1, content: EmptyByteBufBE)
GET /session/4ebee12d49d7c4d5713e6b36aaca60b0/url HTTP/1.1
Cache-Control: no-cache
User-Agent: selenium/4.12.0 (java windows)
Content-Type: application/json; charset=utf-8
host: localhost:10023
accept: */*

Response DefaultHttpResponse(decodeResult: success, version: HTTP/1.1)
HTTP/1.1 200 OK
Content-Length: 69
Content-Type: application/json; charset=utf-8
cache-control: no-cache

22:44:48.984 [AsyncHttpClient-1-14] DEBUG org.asynchttpclient.netty.channel.ChannelManager - Adding key: http://localhost:10023 for channel [id: 0xb6367854, L:/127.0.0.1:55196 - R:localhost/127.0.0.1:10023]
https://fleet-manager-development.vercel.app/auth/sign-in
22:44:48.984 [Forwarding findElement on session 4ebee12d49d7c4d5713e6b36aaca60b0 to remote] DEBUG org.asynchttpclient.netty.request.NettyRequestSender - Using pooled Channel '[id: 0xb6367854, L:/127.0.0.1:55196 - R:localhost/127.0.0.1:10023]' for 'POST' to 'http://localhost:10023/session/4ebee12d49d7c4d5713e6b36aaca60b0/element'
22:44:48.984 [Forwarding findElement on session 4ebee12d49d7c4d5713e6b36aaca60b0 to remote] DEBUG org.asynchttpclient.netty.request.NettyRequestSender - Using open Channel [id: 0xb6367854, L:/127.0.0.1:55196 - R:localhost/127.0.0.1:10023] for POST '/session/4ebee12d49d7c4d5713e6b36aaca60b0/element'
22:44:49.024 [AsyncHttpClient-1-14] DEBUG org.asynchttpclient.netty.handler.HttpHandler - 

Request DefaultHttpRequest(decodeResult: success, version: HTTP/1.1)
POST /session/4ebee12d49d7c4d5713e6b36aaca60b0/element HTTP/1.1
User-Agent: selenium/4.12.0 (java windows)
Content-Length: 66
Content-Type: application/json; charset=utf-8
host: localhost:10023
accept: */*

Response DefaultHttpResponse(decodeResult: success, version: HTTP/1.1)
HTTP/1.1 404 Not Found
Content-Length: 1053
Content-Type: application/json; charset=utf-8
cache-control: no-cache

22:44:49.024 [AsyncHttpClient-1-14] DEBUG org.asynchttpclient.netty.channel.ChannelManager - Adding key: http://localhost:10023 for channel [id: 0xb6367854, L:/127.0.0.1:55196 - R:localhost/127.0.0.1:10023]
Faild to logged in
screen shot class not taking
  Then User should be logged in-test             # StepDefination.Signin.user_should_be_logged_in()
22:44:49.024 [AsyncHttpClient-1-16] DEBUG org.asynchttpclient.netty.handler.WebSocketHandler - Channel Closed: [id: 0x8730f901, L:/127.0.0.1:55205 ! R:localhost/127.0.0.1:55197] with attribute DISCARD
22:44:49.024 [Driver Command Executor] DEBUG org.asynchttpclient.netty.request.NettyRequestSender - Using pooled Channel '[id: 0xb6367854, L:/127.0.0.1:55196 - R:localhost/127.0.0.1:10023]' for 'DELETE' to 'http://localhost:10023/session/4ebee12d49d7c4d5713e6b36aaca60b0'
22:44:49.024 [Driver Command Executor] DEBUG org.asynchttpclient.netty.request.NettyRequestSender - Using open Channel [id: 0xb6367854, L:/127.0.0.1:55196 - R:localhost/127.0.0.1:10023] for DELETE '/session/4ebee12d49d7c4d5713e6b36aaca60b0'
22:44:49.170 [AsyncHttpClient-1-15] DEBUG org.asynchttpclient.netty.handler.HttpHandler - Unexpected I/O exception on channel [id: 0x19e29b95, L:/127.0.0.1:55204 - R:localhost/127.0.0.1:55197]
java.net.SocketException: Connection reset
	at java.base/sun.nio.ch.SocketChannelImpl.throwConnectionReset(SocketChannelImpl.java:394)
	at java.base/sun.nio.ch.SocketChannelImpl.read(SocketChannelImpl.java:426)
	at io.netty.buffer.PooledByteBuf.setBytes(PooledByteBuf.java:254)
	at io.netty.buffer.AbstractByteBuf.writeBytes(AbstractByteBuf.java:1132)
	at io.netty.channel.socket.nio.NioSocketChannel.doReadBytes(NioSocketChannel.java:357)
	at io.netty.channel.nio.AbstractNioByteChannel$NioByteUnsafe.read(AbstractNioByteChannel.java:151)
	at io.netty.channel.nio.NioEventLoop.processSelectedKey(NioEventLoop.java:788)
	at io.netty.channel.nio.NioEventLoop.processSelectedKeysOptimized(NioEventLoop.java:724)
	at io.netty.channel.nio.NioEventLoop.processSelectedKeys(NioEventLoop.java:650)
	at io.netty.channel.nio.NioEventLoop.run(NioEventLoop.java:562)
	at io.netty.util.concurrent.SingleThreadEventExecutor$4.run(SingleThreadEventExecutor.java:997)
	at io.netty.util.internal.ThreadExecutorMap$2.run(ThreadExecutorMap.java:74)
	at io.netty.util.concurrent.FastThreadLocalRunnable.run(FastThreadLocalRunnable.java:30)
	at java.base/java.lang.Thread.run(Thread.java:840)
22:44:49.170 [AsyncHttpClient-1-15] DEBUG org.asynchttpclient.netty.channel.ChannelManager - Closing Channel [id: 0x19e29b95, L:/127.0.0.1:55204 - R:localhost/127.0.0.1:55197] 
22:44:49.170 [AsyncHttpClient-1-15] DEBUG org.asynchttpclient.netty.handler.HttpHandler - Channel Closed: [id: 0x19e29b95, L:/127.0.0.1:55204 ! R:localhost/127.0.0.1:55197] with attribute DISCARD
22:44:49.226 [AsyncHttpClient-1-14] DEBUG org.asynchttpclient.netty.handler.HttpHandler - 

Request DefaultFullHttpRequest(decodeResult: success, version: HTTP/1.1, content: EmptyByteBufBE)
DELETE /session/4ebee12d49d7c4d5713e6b36aaca60b0 HTTP/1.1
User-Agent: selenium/4.12.0 (java windows)
Content-Type: application/json; charset=utf-8
host: localhost:10023
accept: */*

Response DefaultHttpResponse(decodeResult: success, version: HTTP/1.1)
HTTP/1.1 200 OK
Content-Length: 14
Content-Type: application/json; charset=utf-8
cache-control: no-cache

22:44:49.226 [AsyncHttpClient-1-14] DEBUG org.asynchttpclient.netty.channel.ChannelManager - Adding key: http://localhost:10023 for channel [id: 0xb6367854, L:/127.0.0.1:55196 - R:localhost/127.0.0.1:10023]
22:44:49.715 [AsyncHttpClient-1-14] DEBUG org.asynchttpclient.netty.handler.HttpHandler - Channel Closed: [id: 0xb6367854, L:/127.0.0.1:55196 ! R:localhost/127.0.0.1:10023] with attribute DISCARD
WebDriver quit successfully.
  And Close Window                               # StepDefination.Signin.close_window()
WebDriver is null. Nothing to close.
]]></system-out>
    <system-err><![CDATA[Jan 18, 2025 10:44:41 PM org.openqa.selenium.devtools.CdpVersionFinder findNearestMatch
WARNING: Unable to find CDP implementation matching 131
Jan 18, 2025 10:44:41 PM org.openqa.selenium.chromium.ChromiumDriver lambda$new$5
WARNING: Unable to find version of CDP to use for 131.0.6778.265. You may need to include a dependency on a specific version of the CDP using something similar to `org.seleniumhq.selenium:selenium-devtools-v86:4.12.0` where the version ("v86") matches the version of the chromium-based browser you're using and the version number of the artifact is the same as Selenium's.
]]></system-err>
  </testcase>
</testsuite>