<?xml version="1.0" encoding="UTF-8"?>
<testsuite xmlns:xsi="http://www.w3.org/2001/XMLSchema-instance" xsi:noNamespaceSchemaLocation="https://maven.apache.org/surefire/maven-surefire-plugin/xsd/surefire-test-report.xsd" version="3.0.2" name="Test_runner.Run_file" time="184.985" tests="9" errors="1" skipped="0" failures="0">
  <properties>
    <property name="java.specification.version" value="17"/>
    <property name="sun.cpu.isalist" value="amd64"/>
    <property name="sun.jnu.encoding" value="Cp1252"/>
    <property name="java.class.path" value="C:\Users\Aniket Satpute\eclipse-workspace\FleetProject\target\test-classes;C:\Users\Aniket Satpute\eclipse-workspace\FleetProject\target\classes;C:\Users\Aniket Satpute\.m2\repository\io\cucumber\cucumber-java\7.18.1\cucumber-java-7.18.1.jar;C:\Users\Aniket Satpute\.m2\repository\io\cucumber\cucumber-core\7.18.1\cucumber-core-7.18.1.jar;C:\Users\Aniket Satpute\.m2\repository\io\cucumber\cucumber-gherkin\7.18.1\cucumber-gherkin-7.18.1.jar;C:\Users\Aniket Satpute\.m2\repository\io\cucumber\cucumber-gherkin-messages\7.18.1\cucumber-gherkin-messages-7.18.1.jar;C:\Users\Aniket Satpute\.m2\repository\io\cucumber\gherkin\28.0.0\gherkin-28.0.0.jar;C:\Users\Aniket Satpute\.m2\repository\io\cucumber\messages\24.1.0\messages-24.1.0.jar;C:\Users\Aniket Satpute\.m2\repository\io\cucumber\testng-xml-formatter\0.2.0\testng-xml-formatter-0.2.0.jar;C:\Users\Aniket Satpute\.m2\repository\io\cucumber\query\12.2.0\query-12.2.0.jar;C:\Users\Aniket Satpute\.m2\repository\io\cucumber\tag-expressions\6.1.0\tag-expressions-6.1.0.jar;C:\Users\Aniket Satpute\.m2\repository\io\cucumber\cucumber-expressions\17.1.0\cucumber-expressions-17.1.0.jar;C:\Users\Aniket Satpute\.m2\repository\io\cucumber\datatable\7.18.1\datatable-7.18.1.jar;C:\Users\Aniket Satpute\.m2\repository\io\cucumber\cucumber-plugin\7.18.1\cucumber-plugin-7.18.1.jar;C:\Users\Aniket Satpute\.m2\repository\io\cucumber\docstring\7.18.1\docstring-7.18.1.jar;C:\Users\Aniket Satpute\.m2\repository\io\cucumber\html-formatter\21.4.1\html-formatter-21.4.1.jar;C:\Users\Aniket Satpute\.m2\repository\io\cucumber\junit-xml-formatter\0.5.0\junit-xml-formatter-0.5.0.jar;C:\Users\Aniket Satpute\.m2\repository\io\cucumber\ci-environment\10.0.1\ci-environment-10.0.1.jar;C:\Users\Aniket Satpute\.m2\repository\org\apiguardian\apiguardian-api\1.1.2\apiguardian-api-1.1.2.jar;C:\Users\Aniket Satpute\.m2\repository\junit\junit\4.13.1\junit-4.13.1.jar;C:\Users\Aniket Satpute\.m2\repository\org\hamcrest\hamcrest-core\1.3\hamcrest-core-1.3.jar;C:\Users\Aniket Satpute\.m2\repository\io\cucumber\cucumber-junit\7.18.1\cucumber-junit-7.18.1.jar;C:\Users\Aniket Satpute\.m2\repository\org\seleniumhq\selenium\selenium-java\4.12.0\selenium-java-4.12.0.jar;C:\Users\Aniket Satpute\.m2\repository\org\seleniumhq\selenium\selenium-api\4.12.0\selenium-api-4.12.0.jar;C:\Users\Aniket Satpute\.m2\repository\org\seleniumhq\selenium\selenium-chrome-driver\4.12.0\selenium-chrome-driver-4.12.0.jar;C:\Users\Aniket Satpute\.m2\repository\com\google\auto\service\auto-service-annotations\1.1.1\auto-service-annotations-1.1.1.jar;C:\Users\Aniket Satpute\.m2\repository\com\google\guava\guava\32.1.2-jre\guava-32.1.2-jre.jar;C:\Users\Aniket Satpute\.m2\repository\com\google\guava\failureaccess\1.0.1\failureaccess-1.0.1.jar;C:\Users\Aniket Satpute\.m2\repository\com\google\guava\listenablefuture\9999.0-empty-to-avoid-conflict-with-guava\listenablefuture-9999.0-empty-to-avoid-conflict-with-guava.jar;C:\Users\Aniket Satpute\.m2\repository\com\google\code\findbugs\jsr305\3.0.2\jsr305-3.0.2.jar;C:\Users\Aniket Satpute\.m2\repository\org\checkerframework\checker-qual\3.33.0\checker-qual-3.33.0.jar;C:\Users\Aniket Satpute\.m2\repository\com\google\errorprone\error_prone_annotations\2.18.0\error_prone_annotations-2.18.0.jar;C:\Users\Aniket Satpute\.m2\repository\com\google\j2objc\j2objc-annotations\2.8\j2objc-annotations-2.8.jar;C:\Users\Aniket Satpute\.m2\repository\org\seleniumhq\selenium\selenium-chromium-driver\4.12.0\selenium-chromium-driver-4.12.0.jar;C:\Users\Aniket Satpute\.m2\repository\org\seleniumhq\selenium\selenium-json\4.12.0\selenium-json-4.12.0.jar;C:\Users\Aniket Satpute\.m2\repository\org\seleniumhq\selenium\selenium-manager\4.12.0\selenium-manager-4.12.0.jar;C:\Users\Aniket Satpute\.m2\repository\org\seleniumhq\selenium\selenium-devtools-v114\4.12.0\selenium-devtools-v114-4.12.0.jar;C:\Users\Aniket Satpute\.m2\repository\org\seleniumhq\selenium\selenium-devtools-v115\4.12.0\selenium-devtools-v115-4.12.0.jar;C:\Users\Aniket Satpute\.m2\repository\org\seleniumhq\selenium\selenium-devtools-v116\4.12.0\selenium-devtools-v116-4.12.0.jar;C:\Users\Aniket Satpute\.m2\repository\org\seleniumhq\selenium\selenium-devtools-v85\4.12.0\selenium-devtools-v85-4.12.0.jar;C:\Users\Aniket Satpute\.m2\repository\org\seleniumhq\selenium\selenium-edge-driver\4.12.0\selenium-edge-driver-4.12.0.jar;C:\Users\Aniket Satpute\.m2\repository\org\seleniumhq\selenium\selenium-firefox-driver\4.12.0\selenium-firefox-driver-4.12.0.jar;C:\Users\Aniket Satpute\.m2\repository\org\seleniumhq\selenium\selenium-http\4.12.0\selenium-http-4.12.0.jar;C:\Users\Aniket Satpute\.m2\repository\dev\failsafe\failsafe\3.3.2\failsafe-3.3.2.jar;C:\Users\Aniket Satpute\.m2\repository\org\seleniumhq\selenium\selenium-ie-driver\4.12.0\selenium-ie-driver-4.12.0.jar;C:\Users\Aniket Satpute\.m2\repository\org\seleniumhq\selenium\selenium-remote-driver\4.12.0\selenium-remote-driver-4.12.0.jar;C:\Users\Aniket Satpute\.m2\repository\io\netty\netty-buffer\4.1.96.Final\netty-buffer-4.1.96.Final.jar;C:\Users\Aniket Satpute\.m2\repository\io\netty\netty-codec-http\4.1.96.Final\netty-codec-http-4.1.96.Final.jar;C:\Users\Aniket Satpute\.m2\repository\io\netty\netty-codec\4.1.96.Final\netty-codec-4.1.96.Final.jar;C:\Users\Aniket Satpute\.m2\repository\io\netty\netty-handler\4.1.96.Final\netty-handler-4.1.96.Final.jar;C:\Users\Aniket Satpute\.m2\repository\io\netty\netty-common\4.1.96.Final\netty-common-4.1.96.Final.jar;C:\Users\Aniket Satpute\.m2\repository\io\netty\netty-transport-classes-epoll\4.1.96.Final\netty-transport-classes-epoll-4.1.96.Final.jar;C:\Users\Aniket Satpute\.m2\repository\io\netty\netty-transport-classes-kqueue\4.1.96.Final\netty-transport-classes-kqueue-4.1.96.Final.jar;C:\Users\Aniket Satpute\.m2\repository\io\netty\netty-transport-native-epoll\4.1.96.Final\netty-transport-native-epoll-4.1.96.Final.jar;C:\Users\Aniket Satpute\.m2\repository\io\netty\netty-transport-native-kqueue\4.1.96.Final\netty-transport-native-kqueue-4.1.96.Final.jar;C:\Users\Aniket Satpute\.m2\repository\io\netty\netty-transport-native-unix-common\4.1.96.Final\netty-transport-native-unix-common-4.1.96.Final.jar;C:\Users\Aniket Satpute\.m2\repository\io\netty\netty-transport\4.1.96.Final\netty-transport-4.1.96.Final.jar;C:\Users\Aniket Satpute\.m2\repository\io\netty\netty-resolver\4.1.96.Final\netty-resolver-4.1.96.Final.jar;C:\Users\Aniket Satpute\.m2\repository\io\opentelemetry\opentelemetry-api\1.28.0\opentelemetry-api-1.28.0.jar;C:\Users\Aniket Satpute\.m2\repository\io\opentelemetry\opentelemetry-context\1.28.0\opentelemetry-context-1.28.0.jar;C:\Users\Aniket Satpute\.m2\repository\io\opentelemetry\opentelemetry-exporter-logging\1.28.0\opentelemetry-exporter-logging-1.28.0.jar;C:\Users\Aniket Satpute\.m2\repository\io\opentelemetry\opentelemetry-sdk-metrics\1.28.0\opentelemetry-sdk-metrics-1.28.0.jar;C:\Users\Aniket Satpute\.m2\repository\io\opentelemetry\opentelemetry-extension-incubator\1.28.0-alpha\opentelemetry-extension-incubator-1.28.0-alpha.jar;C:\Users\Aniket Satpute\.m2\repository\io\opentelemetry\opentelemetry-sdk-logs\1.28.0\opentelemetry-sdk-logs-1.28.0.jar;C:\Users\Aniket Satpute\.m2\repository\io\opentelemetry\opentelemetry-sdk-common\1.28.0\opentelemetry-sdk-common-1.28.0.jar;C:\Users\Aniket Satpute\.m2\repository\io\opentelemetry\opentelemetry-sdk-extension-autoconfigure-spi\1.28.0\opentelemetry-sdk-extension-autoconfigure-spi-1.28.0.jar;C:\Users\Aniket Satpute\.m2\repository\io\opentelemetry\opentelemetry-sdk-extension-autoconfigure\1.28.0\opentelemetry-sdk-extension-autoconfigure-1.28.0.jar;C:\Users\Aniket Satpute\.m2\repository\io\opentelemetry\opentelemetry-api-events\1.28.0-alpha\opentelemetry-api-events-1.28.0-alpha.jar;C:\Users\Aniket Satpute\.m2\repository\io\opentelemetry\opentelemetry-sdk-trace\1.28.0\opentelemetry-sdk-trace-1.28.0.jar;C:\Users\Aniket Satpute\.m2\repository\io\opentelemetry\opentelemetry-sdk\1.28.0\opentelemetry-sdk-1.28.0.jar;C:\Users\Aniket Satpute\.m2\repository\io\opentelemetry\opentelemetry-semconv\1.28.0-alpha\opentelemetry-semconv-1.28.0-alpha.jar;C:\Users\Aniket Satpute\.m2\repository\net\bytebuddy\byte-buddy\1.14.5\byte-buddy-1.14.5.jar;C:\Users\Aniket Satpute\.m2\repository\org\asynchttpclient\async-http-client\2.12.3\async-http-client-2.12.3.jar;C:\Users\Aniket Satpute\.m2\repository\org\asynchttpclient\async-http-client-netty-utils\2.12.3\async-http-client-netty-utils-2.12.3.jar;C:\Users\Aniket Satpute\.m2\repository\io\netty\netty-codec-socks\4.1.60.Final\netty-codec-socks-4.1.60.Final.jar;C:\Users\Aniket Satpute\.m2\repository\io\netty\netty-handler-proxy\4.1.60.Final\netty-handler-proxy-4.1.60.Final.jar;C:\Users\Aniket Satpute\.m2\repository\io\netty\netty-transport-native-epoll\4.1.60.Final\netty-transport-native-epoll-4.1.60.Final-linux-x86_64.jar;C:\Users\Aniket Satpute\.m2\repository\io\netty\netty-transport-native-kqueue\4.1.60.Final\netty-transport-native-kqueue-4.1.60.Final-osx-x86_64.jar;C:\Users\Aniket Satpute\.m2\repository\org\reactivestreams\reactive-streams\1.0.3\reactive-streams-1.0.3.jar;C:\Users\Aniket Satpute\.m2\repository\com\typesafe\netty\netty-reactive-streams\2.0.4\netty-reactive-streams-2.0.4.jar;C:\Users\Aniket Satpute\.m2\repository\com\sun\activation\jakarta.activation\1.2.2\jakarta.activation-1.2.2.jar;C:\Users\Aniket Satpute\.m2\repository\org\seleniumhq\selenium\selenium-os\4.12.0\selenium-os-4.12.0.jar;C:\Users\Aniket Satpute\.m2\repository\org\apache\commons\commons-exec\1.3\commons-exec-1.3.jar;C:\Users\Aniket Satpute\.m2\repository\org\seleniumhq\selenium\selenium-safari-driver\4.12.0\selenium-safari-driver-4.12.0.jar;C:\Users\Aniket Satpute\.m2\repository\org\seleniumhq\selenium\selenium-support\4.12.0\selenium-support-4.12.0.jar;C:\Users\Aniket Satpute\.m2\repository\ch\qos\logback\logback-classic\1.2.11\logback-classic-1.2.11.jar;C:\Users\Aniket Satpute\.m2\repository\ch\qos\logback\logback-core\1.2.11\logback-core-1.2.11.jar;C:\Users\Aniket Satpute\.m2\repository\org\slf4j\slf4j-simple\2.0.9\slf4j-simple-2.0.9.jar;C:\Users\Aniket Satpute\.m2\repository\org\slf4j\slf4j-api\1.7.36\slf4j-api-1.7.36.jar;"/>
    <property name="java.vm.vendor" value="Eclipse Adoptium"/>
    <property name="sun.arch.data.model" value="64"/>
    <property name="user.variant" value=""/>
    <property name="java.vendor.url" value="https://adoptium.net/"/>
    <property name="user.timezone" value="Asia/Calcutta"/>
    <property name="os.name" value="Windows 11"/>
    <property name="java.vm.specification.version" value="17"/>
    <property name="sun.java.launcher" value="SUN_STANDARD"/>
    <property name="user.country" value="IN"/>
    <property name="sun.boot.library.path" value="C:\Users\Aniket Satpute\.p2\pool\plugins\org.eclipse.justj.openjdk.hotspot.jre.full.win32.x86_64_17.0.11.v20240426-1830\jre\bin"/>
    <property name="sun.java.command" value="C:\Users\Aniket Satpute\AppData\Local\Temp\surefire402971121531748620\surefirebooter-20250115003306522_3.jar C:\Users\Aniket Satpute\AppData\Local\Temp\surefire402971121531748620 2025-01-15T00-33-06_391-jvmRun1 surefire-20250115003306522_1tmp surefire_0-20250115003306522_2tmp"/>
    <property name="jdk.debug" value="release"/>
    <property name="surefire.test.class.path" value="C:\Users\Aniket Satpute\eclipse-workspace\FleetProject\target\test-classes;C:\Users\Aniket Satpute\eclipse-workspace\FleetProject\target\classes;C:\Users\Aniket Satpute\.m2\repository\io\cucumber\cucumber-java\7.18.1\cucumber-java-7.18.1.jar;C:\Users\Aniket Satpute\.m2\repository\io\cucumber\cucumber-core\7.18.1\cucumber-core-7.18.1.jar;C:\Users\Aniket Satpute\.m2\repository\io\cucumber\cucumber-gherkin\7.18.1\cucumber-gherkin-7.18.1.jar;C:\Users\Aniket Satpute\.m2\repository\io\cucumber\cucumber-gherkin-messages\7.18.1\cucumber-gherkin-messages-7.18.1.jar;C:\Users\Aniket Satpute\.m2\repository\io\cucumber\gherkin\28.0.0\gherkin-28.0.0.jar;C:\Users\Aniket Satpute\.m2\repository\io\cucumber\messages\24.1.0\messages-24.1.0.jar;C:\Users\Aniket Satpute\.m2\repository\io\cucumber\testng-xml-formatter\0.2.0\testng-xml-formatter-0.2.0.jar;C:\Users\Aniket Satpute\.m2\repository\io\cucumber\query\12.2.0\query-12.2.0.jar;C:\Users\Aniket Satpute\.m2\repository\io\cucumber\tag-expressions\6.1.0\tag-expressions-6.1.0.jar;C:\Users\Aniket Satpute\.m2\repository\io\cucumber\cucumber-expressions\17.1.0\cucumber-expressions-17.1.0.jar;C:\Users\Aniket Satpute\.m2\repository\io\cucumber\datatable\7.18.1\datatable-7.18.1.jar;C:\Users\Aniket Satpute\.m2\repository\io\cucumber\cucumber-plugin\7.18.1\cucumber-plugin-7.18.1.jar;C:\Users\Aniket Satpute\.m2\repository\io\cucumber\docstring\7.18.1\docstring-7.18.1.jar;C:\Users\Aniket Satpute\.m2\repository\io\cucumber\html-formatter\21.4.1\html-formatter-21.4.1.jar;C:\Users\Aniket Satpute\.m2\repository\io\cucumber\junit-xml-formatter\0.5.0\junit-xml-formatter-0.5.0.jar;C:\Users\Aniket Satpute\.m2\repository\io\cucumber\ci-environment\10.0.1\ci-environment-10.0.1.jar;C:\Users\Aniket Satpute\.m2\repository\org\apiguardian\apiguardian-api\1.1.2\apiguardian-api-1.1.2.jar;C:\Users\Aniket Satpute\.m2\repository\junit\junit\4.13.1\junit-4.13.1.jar;C:\Users\Aniket Satpute\.m2\repository\org\hamcrest\hamcrest-core\1.3\hamcrest-core-1.3.jar;C:\Users\Aniket Satpute\.m2\repository\io\cucumber\cucumber-junit\7.18.1\cucumber-junit-7.18.1.jar;C:\Users\Aniket Satpute\.m2\repository\org\seleniumhq\selenium\selenium-java\4.12.0\selenium-java-4.12.0.jar;C:\Users\Aniket Satpute\.m2\repository\org\seleniumhq\selenium\selenium-api\4.12.0\selenium-api-4.12.0.jar;C:\Users\Aniket Satpute\.m2\repository\org\seleniumhq\selenium\selenium-chrome-driver\4.12.0\selenium-chrome-driver-4.12.0.jar;C:\Users\Aniket Satpute\.m2\repository\com\google\auto\service\auto-service-annotations\1.1.1\auto-service-annotations-1.1.1.jar;C:\Users\Aniket Satpute\.m2\repository\com\google\guava\guava\32.1.2-jre\guava-32.1.2-jre.jar;C:\Users\Aniket Satpute\.m2\repository\com\google\guava\failureaccess\1.0.1\failureaccess-1.0.1.jar;C:\Users\Aniket Satpute\.m2\repository\com\google\guava\listenablefuture\9999.0-empty-to-avoid-conflict-with-guava\listenablefuture-9999.0-empty-to-avoid-conflict-with-guava.jar;C:\Users\Aniket Satpute\.m2\repository\com\google\code\findbugs\jsr305\3.0.2\jsr305-3.0.2.jar;C:\Users\Aniket Satpute\.m2\repository\org\checkerframework\checker-qual\3.33.0\checker-qual-3.33.0.jar;C:\Users\Aniket Satpute\.m2\repository\com\google\errorprone\error_prone_annotations\2.18.0\error_prone_annotations-2.18.0.jar;C:\Users\Aniket Satpute\.m2\repository\com\google\j2objc\j2objc-annotations\2.8\j2objc-annotations-2.8.jar;C:\Users\Aniket Satpute\.m2\repository\org\seleniumhq\selenium\selenium-chromium-driver\4.12.0\selenium-chromium-driver-4.12.0.jar;C:\Users\Aniket Satpute\.m2\repository\org\seleniumhq\selenium\selenium-json\4.12.0\selenium-json-4.12.0.jar;C:\Users\Aniket Satpute\.m2\repository\org\seleniumhq\selenium\selenium-manager\4.12.0\selenium-manager-4.12.0.jar;C:\Users\Aniket Satpute\.m2\repository\org\seleniumhq\selenium\selenium-devtools-v114\4.12.0\selenium-devtools-v114-4.12.0.jar;C:\Users\Aniket Satpute\.m2\repository\org\seleniumhq\selenium\selenium-devtools-v115\4.12.0\selenium-devtools-v115-4.12.0.jar;C:\Users\Aniket Satpute\.m2\repository\org\seleniumhq\selenium\selenium-devtools-v116\4.12.0\selenium-devtools-v116-4.12.0.jar;C:\Users\Aniket Satpute\.m2\repository\org\seleniumhq\selenium\selenium-devtools-v85\4.12.0\selenium-devtools-v85-4.12.0.jar;C:\Users\Aniket Satpute\.m2\repository\org\seleniumhq\selenium\selenium-edge-driver\4.12.0\selenium-edge-driver-4.12.0.jar;C:\Users\Aniket Satpute\.m2\repository\org\seleniumhq\selenium\selenium-firefox-driver\4.12.0\selenium-firefox-driver-4.12.0.jar;C:\Users\Aniket Satpute\.m2\repository\org\seleniumhq\selenium\selenium-http\4.12.0\selenium-http-4.12.0.jar;C:\Users\Aniket Satpute\.m2\repository\dev\failsafe\failsafe\3.3.2\failsafe-3.3.2.jar;C:\Users\Aniket Satpute\.m2\repository\org\seleniumhq\selenium\selenium-ie-driver\4.12.0\selenium-ie-driver-4.12.0.jar;C:\Users\Aniket Satpute\.m2\repository\org\seleniumhq\selenium\selenium-remote-driver\4.12.0\selenium-remote-driver-4.12.0.jar;C:\Users\Aniket Satpute\.m2\repository\io\netty\netty-buffer\4.1.96.Final\netty-buffer-4.1.96.Final.jar;C:\Users\Aniket Satpute\.m2\repository\io\netty\netty-codec-http\4.1.96.Final\netty-codec-http-4.1.96.Final.jar;C:\Users\Aniket Satpute\.m2\repository\io\netty\netty-codec\4.1.96.Final\netty-codec-4.1.96.Final.jar;C:\Users\Aniket Satpute\.m2\repository\io\netty\netty-handler\4.1.96.Final\netty-handler-4.1.96.Final.jar;C:\Users\Aniket Satpute\.m2\repository\io\netty\netty-common\4.1.96.Final\netty-common-4.1.96.Final.jar;C:\Users\Aniket Satpute\.m2\repository\io\netty\netty-transport-classes-epoll\4.1.96.Final\netty-transport-classes-epoll-4.1.96.Final.jar;C:\Users\Aniket Satpute\.m2\repository\io\netty\netty-transport-classes-kqueue\4.1.96.Final\netty-transport-classes-kqueue-4.1.96.Final.jar;C:\Users\Aniket Satpute\.m2\repository\io\netty\netty-transport-native-epoll\4.1.96.Final\netty-transport-native-epoll-4.1.96.Final.jar;C:\Users\Aniket Satpute\.m2\repository\io\netty\netty-transport-native-kqueue\4.1.96.Final\netty-transport-native-kqueue-4.1.96.Final.jar;C:\Users\Aniket Satpute\.m2\repository\io\netty\netty-transport-native-unix-common\4.1.96.Final\netty-transport-native-unix-common-4.1.96.Final.jar;C:\Users\Aniket Satpute\.m2\repository\io\netty\netty-transport\4.1.96.Final\netty-transport-4.1.96.Final.jar;C:\Users\Aniket Satpute\.m2\repository\io\netty\netty-resolver\4.1.96.Final\netty-resolver-4.1.96.Final.jar;C:\Users\Aniket Satpute\.m2\repository\io\opentelemetry\opentelemetry-api\1.28.0\opentelemetry-api-1.28.0.jar;C:\Users\Aniket Satpute\.m2\repository\io\opentelemetry\opentelemetry-context\1.28.0\opentelemetry-context-1.28.0.jar;C:\Users\Aniket Satpute\.m2\repository\io\opentelemetry\opentelemetry-exporter-logging\1.28.0\opentelemetry-exporter-logging-1.28.0.jar;C:\Users\Aniket Satpute\.m2\repository\io\opentelemetry\opentelemetry-sdk-metrics\1.28.0\opentelemetry-sdk-metrics-1.28.0.jar;C:\Users\Aniket Satpute\.m2\repository\io\opentelemetry\opentelemetry-extension-incubator\1.28.0-alpha\opentelemetry-extension-incubator-1.28.0-alpha.jar;C:\Users\Aniket Satpute\.m2\repository\io\opentelemetry\opentelemetry-sdk-logs\1.28.0\opentelemetry-sdk-logs-1.28.0.jar;C:\Users\Aniket Satpute\.m2\repository\io\opentelemetry\opentelemetry-sdk-common\1.28.0\opentelemetry-sdk-common-1.28.0.jar;C:\Users\Aniket Satpute\.m2\repository\io\opentelemetry\opentelemetry-sdk-extension-autoconfigure-spi\1.28.0\opentelemetry-sdk-extension-autoconfigure-spi-1.28.0.jar;C:\Users\Aniket Satpute\.m2\repository\io\opentelemetry\opentelemetry-sdk-extension-autoconfigure\1.28.0\opentelemetry-sdk-extension-autoconfigure-1.28.0.jar;C:\Users\Aniket Satpute\.m2\repository\io\opentelemetry\opentelemetry-api-events\1.28.0-alpha\opentelemetry-api-events-1.28.0-alpha.jar;C:\Users\Aniket Satpute\.m2\repository\io\opentelemetry\opentelemetry-sdk-trace\1.28.0\opentelemetry-sdk-trace-1.28.0.jar;C:\Users\Aniket Satpute\.m2\repository\io\opentelemetry\opentelemetry-sdk\1.28.0\opentelemetry-sdk-1.28.0.jar;C:\Users\Aniket Satpute\.m2\repository\io\opentelemetry\opentelemetry-semconv\1.28.0-alpha\opentelemetry-semconv-1.28.0-alpha.jar;C:\Users\Aniket Satpute\.m2\repository\net\bytebuddy\byte-buddy\1.14.5\byte-buddy-1.14.5.jar;C:\Users\Aniket Satpute\.m2\repository\org\asynchttpclient\async-http-client\2.12.3\async-http-client-2.12.3.jar;C:\Users\Aniket Satpute\.m2\repository\org\asynchttpclient\async-http-client-netty-utils\2.12.3\async-http-client-netty-utils-2.12.3.jar;C:\Users\Aniket Satpute\.m2\repository\io\netty\netty-codec-socks\4.1.60.Final\netty-codec-socks-4.1.60.Final.jar;C:\Users\Aniket Satpute\.m2\repository\io\netty\netty-handler-proxy\4.1.60.Final\netty-handler-proxy-4.1.60.Final.jar;C:\Users\Aniket Satpute\.m2\repository\io\netty\netty-transport-native-epoll\4.1.60.Final\netty-transport-native-epoll-4.1.60.Final-linux-x86_64.jar;C:\Users\Aniket Satpute\.m2\repository\io\netty\netty-transport-native-kqueue\4.1.60.Final\netty-transport-native-kqueue-4.1.60.Final-osx-x86_64.jar;C:\Users\Aniket Satpute\.m2\repository\org\reactivestreams\reactive-streams\1.0.3\reactive-streams-1.0.3.jar;C:\Users\Aniket Satpute\.m2\repository\com\typesafe\netty\netty-reactive-streams\2.0.4\netty-reactive-streams-2.0.4.jar;C:\Users\Aniket Satpute\.m2\repository\com\sun\activation\jakarta.activation\1.2.2\jakarta.activation-1.2.2.jar;C:\Users\Aniket Satpute\.m2\repository\org\seleniumhq\selenium\selenium-os\4.12.0\selenium-os-4.12.0.jar;C:\Users\Aniket Satpute\.m2\repository\org\apache\commons\commons-exec\1.3\commons-exec-1.3.jar;C:\Users\Aniket Satpute\.m2\repository\org\seleniumhq\selenium\selenium-safari-driver\4.12.0\selenium-safari-driver-4.12.0.jar;C:\Users\Aniket Satpute\.m2\repository\org\seleniumhq\selenium\selenium-support\4.12.0\selenium-support-4.12.0.jar;C:\Users\Aniket Satpute\.m2\repository\ch\qos\logback\logback-classic\1.2.11\logback-classic-1.2.11.jar;C:\Users\Aniket Satpute\.m2\repository\ch\qos\logback\logback-core\1.2.11\logback-core-1.2.11.jar;C:\Users\Aniket Satpute\.m2\repository\org\slf4j\slf4j-simple\2.0.9\slf4j-simple-2.0.9.jar;C:\Users\Aniket Satpute\.m2\repository\org\slf4j\slf4j-api\1.7.36\slf4j-api-1.7.36.jar;"/>
    <property name="sun.cpu.endian" value="little"/>
    <property name="user.home" value="C:\Users\Aniket Satpute"/>
    <property name="user.language" value="en"/>
    <property name="java.specification.vendor" value="Oracle Corporation"/>
    <property name="java.version.date" value="2024-04-16"/>
    <property name="java.home" value="C:\Users\Aniket Satpute\.p2\pool\plugins\org.eclipse.justj.openjdk.hotspot.jre.full.win32.x86_64_17.0.11.v20240426-1830\jre"/>
    <property name="file.separator" value="\"/>
    <property name="style.color" value="always"/>
    <property name="basedir" value="C:\Users\Aniket Satpute\eclipse-workspace\FleetProject"/>
    <property name="java.vm.compressedOopsMode" value="Zero based"/>
    <property name="line.separator" value="&#10;"/>
    <property name="java.vm.specification.vendor" value="Oracle Corporation"/>
    <property name="java.specification.name" value="Java Platform API Specification"/>
    <property name="surefire.real.class.path" value="C:\Users\Aniket Satpute\AppData\Local\Temp\surefire402971121531748620\surefirebooter-20250115003306522_3.jar"/>
    <property name="user.script" value=""/>
    <property name="sun.management.compiler" value="HotSpot 64-Bit Tiered Compilers"/>
    <property name="java.runtime.version" value="17.0.11+9"/>
    <property name="user.name" value="Aniket Satpute"/>
    <property name="path.separator" value=";"/>
    <property name="os.version" value="10.0"/>
    <property name="java.runtime.name" value="OpenJDK Runtime Environment"/>
    <property name="file.encoding" value="Cp1252"/>
    <property name="java.vm.name" value="OpenJDK 64-Bit Server VM"/>
    <property name="java.vendor.version" value="Temurin-17.0.11+9"/>
    <property name="localRepository" value="C:\Users\Aniket Satpute\.m2\repository"/>
    <property name="java.vendor.url.bug" value="https://github.com/adoptium/adoptium-support/issues"/>
    <property name="java.io.tmpdir" value="C:\Users\ANIKET~1\AppData\Local\Temp\"/>
    <property name="java.version" value="17.0.11"/>
    <property name="user.dir" value="C:\Users\Aniket Satpute\eclipse-workspace\FleetProject"/>
    <property name="os.arch" value="amd64"/>
    <property name="java.vm.specification.name" value="Java Virtual Machine Specification"/>
    <property name="sun.os.patch.level" value=""/>
    <property name="native.encoding" value="Cp1252"/>
    <property name="java.library.path" value="C:\Users\Aniket Satpute\.p2\pool\plugins\org.eclipse.justj.openjdk.hotspot.jre.full.win32.x86_64_17.0.11.v20240426-1830\jre\bin;C:\Windows\Sun\Java\bin;C:\Windows\system32;C:\Windows;C:/Users/Aniket Satpute/.p2/pool/plugins/org.eclipse.justj.openjdk.hotspot.jre.full.win32.x86_64_17.0.11.v20240426-1830/jre/bin/server;C:/Users/Aniket Satpute/.p2/pool/plugins/org.eclipse.justj.openjdk.hotspot.jre.full.win32.x86_64_17.0.11.v20240426-1830/jre/bin;C:\Program Files\Common Files\Oracle\Java\javapath;C:\Program Files (x86)\Common Files\Oracle\Java\java8path;C:\Program Files (x86)\Common Files\Oracle\Java\javapath;C:\Python312\Scripts\;C:\Python312\;C:\Windows\system32;C:\Windows;C:\Windows\System32\Wbem;C:\Windows\System32\WindowsPowerShell\v1.0\;C:\Windows\System32\OpenSSH\;C:\Program Files (x86)\NVIDIA Corporation\PhysX\Common;C:\Program Files\NVIDIA Corporation\NVIDIA NvDLISR;C:\Program Files\Microsoft SQL Server\150\Tools\Binn\;C:\Program Files\MySQL\MySQL Server 8.0\bin;C:\ProgramData\chocolatey\bin;C:\Program Files\Java\jdk-21\bin;C:\Program Files (x86)\Java\jre1.8.0_421\bin;C:\Program Files (x86)\Java\jre1.8.0_421\bin\bin;C:\Program Files\Java\jdk-23\bin;C:\Users\Aniket Satpute\OneDrive\Desktop\javapractice\Oracle_JDK-23\bin;C:\apache-maven-3.9.9-bin\apache-maven-3.9.9\bin;C:\apache-maven-3.9.9-bin\apache-maven-3.9.9\bin;C:\apache-maven-3.9.9-bin\apache-maven-3.9.9\bin;C:\Program Files\Java\jdk-23\bin;C:\Program Files\Java\jdk-23\bin;;C:\Windows\System32;;."/>
    <property name="java.vm.info" value="mixed mode"/>
    <property name="java.vendor" value="Eclipse Adoptium"/>
    <property name="java.vm.version" value="17.0.11+9"/>
    <property name="sun.io.unicode.encoding" value="UnicodeLittle"/>
    <property name="java.class.version" value="61.0"/>
  </properties>
  <testcase name="Add single customer with all details" classname="Customer Onboarding form" time="47.447">
    <system-out><![CDATA[
Scenario Outline: Add single customer with all details                        # src/test/resources/Customers/Customer_form.feature:21
00:33:10.758 [main] DEBUG io.netty.util.internal.logging.InternalLoggerFactory - Using SLF4J as the default logging framework
00:33:10.765 [main] DEBUG io.netty.util.ResourceLeakDetector - -Dio.netty.leakDetection.level: simple
00:33:10.765 [main] DEBUG io.netty.util.ResourceLeakDetector - -Dio.netty.leakDetection.targetRecords: 4
00:33:10.769 [main] DEBUG io.netty.util.ResourceLeakDetectorFactory - Loaded default ResourceLeakDetector: io.netty.util.ResourceLeakDetector@742d4e15
00:33:10.786 [main] DEBUG io.netty.util.internal.PlatformDependent0 - -Dio.netty.noUnsafe: false
00:33:10.787 [main] DEBUG io.netty.util.internal.PlatformDependent0 - Java version: 17
00:33:10.789 [main] DEBUG io.netty.util.internal.PlatformDependent0 - sun.misc.Unsafe.theUnsafe: available
00:33:10.789 [main] DEBUG io.netty.util.internal.PlatformDependent0 - sun.misc.Unsafe.copyMemory: available
00:33:10.790 [main] DEBUG io.netty.util.internal.PlatformDependent0 - sun.misc.Unsafe.storeFence: available
00:33:10.791 [main] DEBUG io.netty.util.internal.PlatformDependent0 - java.nio.Buffer.address: available
00:33:10.791 [main] DEBUG io.netty.util.internal.PlatformDependent0 - direct buffer constructor: unavailable: Reflective setAccessible(true) disabled
00:33:10.792 [main] DEBUG io.netty.util.internal.PlatformDependent0 - java.nio.Bits.unaligned: available, true
00:33:10.793 [main] DEBUG io.netty.util.internal.PlatformDependent0 - jdk.internal.misc.Unsafe.allocateUninitializedArray(int): unavailable: class io.netty.util.internal.PlatformDependent0$7 cannot access class jdk.internal.misc.Unsafe (in module java.base) because module java.base does not export jdk.internal.misc to unnamed module @482cd91f
00:33:10.794 [main] DEBUG io.netty.util.internal.PlatformDependent0 - java.nio.DirectByteBuffer.<init>(long, {int,long}): unavailable
00:33:10.795 [main] DEBUG io.netty.util.internal.PlatformDependent - sun.misc.Unsafe: available
00:33:10.796 [main] DEBUG io.netty.util.internal.PlatformDependent - maxDirectMemory: 4219469824 bytes (maybe)
00:33:10.796 [main] DEBUG io.netty.util.internal.PlatformDependent - -Dio.netty.tmpdir: C:\Users\ANIKET~1\AppData\Local\Temp (java.io.tmpdir)
00:33:10.796 [main] DEBUG io.netty.util.internal.PlatformDependent - -Dio.netty.bitMode: 64 (sun.arch.data.model)
00:33:10.797 [main] DEBUG io.netty.util.internal.PlatformDependent - Platform: Windows
00:33:10.797 [main] DEBUG io.netty.util.internal.PlatformDependent - -Dio.netty.maxDirectMemory: -1 bytes
00:33:10.798 [main] DEBUG io.netty.util.internal.PlatformDependent - -Dio.netty.uninitializedArrayAllocationThreshold: -1
00:33:10.798 [main] DEBUG io.netty.util.internal.CleanerJava9 - java.nio.ByteBuffer.cleaner(): available
00:33:10.799 [main] DEBUG io.netty.util.internal.PlatformDependent - -Dio.netty.noPreferDirect: false
00:33:10.806 [main] DEBUG io.netty.util.internal.PlatformDependent - org.jctools-core.MpscChunkedArrayQueue: available
00:33:10.828 [main] DEBUG io.netty.util.internal.InternalThreadLocalMap - -Dio.netty.threadLocalMap.stringBuilder.initialSize: 1024
00:33:10.828 [main] DEBUG io.netty.util.internal.InternalThreadLocalMap - -Dio.netty.threadLocalMap.stringBuilder.maxSize: 4096
00:33:11.108 [main] DEBUG io.netty.handler.ssl.JdkSslContext - Default protocols (JDK): [TLSv1.3, TLSv1.2] 
00:33:11.108 [main] DEBUG io.netty.handler.ssl.JdkSslContext - Default cipher suites (JDK): [TLS_ECDHE_ECDSA_WITH_AES_256_GCM_SHA384, TLS_ECDHE_ECDSA_WITH_AES_128_GCM_SHA256, TLS_ECDHE_RSA_WITH_AES_128_GCM_SHA256, TLS_ECDHE_RSA_WITH_AES_256_GCM_SHA384, TLS_ECDHE_RSA_WITH_AES_128_CBC_SHA, TLS_ECDHE_RSA_WITH_AES_256_CBC_SHA, TLS_RSA_WITH_AES_128_GCM_SHA256, TLS_RSA_WITH_AES_128_CBC_SHA, TLS_RSA_WITH_AES_256_CBC_SHA, TLS_AES_128_GCM_SHA256, TLS_AES_256_GCM_SHA384]
00:33:11.124 [main] DEBUG io.netty.util.concurrent.GlobalEventExecutor - -Dio.netty.globalEventExecutor.quietPeriodSeconds: 1
00:33:11.138 [main] DEBUG io.netty.channel.MultithreadEventLoopGroup - -Dio.netty.eventLoopThreads: 24
00:33:11.151 [main] DEBUG io.netty.channel.nio.NioEventLoop - -Dio.netty.noKeySetOptimization: false
00:33:11.151 [main] DEBUG io.netty.channel.nio.NioEventLoop - -Dio.netty.selectorAutoRebuildThreshold: 512
00:33:11.334 [main] DEBUG io.netty.buffer.PooledByteBufAllocator - -Dio.netty.allocator.numHeapArenas: 24
00:33:11.334 [main] DEBUG io.netty.buffer.PooledByteBufAllocator - -Dio.netty.allocator.numDirectArenas: 24
00:33:11.334 [main] DEBUG io.netty.buffer.PooledByteBufAllocator - -Dio.netty.allocator.pageSize: 8192
00:33:11.335 [main] DEBUG io.netty.buffer.PooledByteBufAllocator - -Dio.netty.allocator.maxOrder: 9
00:33:11.335 [main] DEBUG io.netty.buffer.PooledByteBufAllocator - -Dio.netty.allocator.chunkSize: 4194304
00:33:11.335 [main] DEBUG io.netty.buffer.PooledByteBufAllocator - -Dio.netty.allocator.smallCacheSize: 256
00:33:11.335 [main] DEBUG io.netty.buffer.PooledByteBufAllocator - -Dio.netty.allocator.normalCacheSize: 64
00:33:11.335 [main] DEBUG io.netty.buffer.PooledByteBufAllocator - -Dio.netty.allocator.maxCachedBufferCapacity: 32768
00:33:11.335 [main] DEBUG io.netty.buffer.PooledByteBufAllocator - -Dio.netty.allocator.cacheTrimInterval: 8192
00:33:11.335 [main] DEBUG io.netty.buffer.PooledByteBufAllocator - -Dio.netty.allocator.cacheTrimIntervalMillis: 0
00:33:11.335 [main] DEBUG io.netty.buffer.PooledByteBufAllocator - -Dio.netty.allocator.useCacheForAllThreads: false
00:33:11.335 [main] DEBUG io.netty.buffer.PooledByteBufAllocator - -Dio.netty.allocator.maxCachedByteBuffersPerChunk: 1023
00:33:11.381 [main] DEBUG io.netty.buffer.ByteBufUtil - -Dio.netty.allocator.type: pooled
00:33:11.381 [main] DEBUG io.netty.buffer.ByteBufUtil - -Dio.netty.threadLocalDirectBufferSize: 0
00:33:11.381 [main] DEBUG io.netty.buffer.ByteBufUtil - -Dio.netty.maxThreadLocalCharBufferSize: 16384
00:33:12.070 [Forwarding newSession on session null to remote] DEBUG io.netty.channel.DefaultChannelId - -Dio.netty.processId: 9128 (auto-detected)
00:33:12.072 [Forwarding newSession on session null to remote] DEBUG io.netty.util.NetUtil - -Djava.net.preferIPv4Stack: false
00:33:12.073 [Forwarding newSession on session null to remote] DEBUG io.netty.util.NetUtil - -Djava.net.preferIPv6Addresses: false
00:33:12.086 [Forwarding newSession on session null to remote] DEBUG io.netty.util.NetUtilInitializations - Loopback interface: lo (Software Loopback Interface 1, 127.0.0.1)
00:33:12.089 [Forwarding newSession on session null to remote] DEBUG io.netty.util.NetUtil - Failed to get SOMAXCONN from sysctl and file \proc\sys\net\core\somaxconn. Default: 200
00:33:12.104 [Forwarding newSession on session null to remote] DEBUG io.netty.channel.DefaultChannelId - -Dio.netty.machineId: f4:6a:dd:ff:fe:57:6c:f3 (auto-detected)
00:33:12.155 [AsyncHttpClient-1-2] DEBUG io.netty.buffer.AbstractByteBuf - -Dio.netty.buffer.checkAccessible: true
00:33:12.155 [AsyncHttpClient-1-2] DEBUG io.netty.buffer.AbstractByteBuf - -Dio.netty.buffer.checkBounds: true
00:33:12.155 [AsyncHttpClient-1-2] DEBUG io.netty.util.ResourceLeakDetectorFactory - Loaded default ResourceLeakDetector: io.netty.util.ResourceLeakDetector@2e273644
00:33:12.180 [AsyncHttpClient-1-2] DEBUG org.asynchttpclient.netty.channel.NettyConnectListener - Using new Channel '[id: 0xd01e8c32, L:/127.0.0.1:61620 - R:localhost/127.0.0.1:32249]' for 'POST' to '/session'
00:33:12.197 [AsyncHttpClient-1-2] DEBUG io.netty.util.Recycler - -Dio.netty.recycler.maxCapacityPerThread: 4096
00:33:12.197 [AsyncHttpClient-1-2] DEBUG io.netty.util.Recycler - -Dio.netty.recycler.ratio: 8
00:33:12.197 [AsyncHttpClient-1-2] DEBUG io.netty.util.Recycler - -Dio.netty.recycler.chunkSize: 32
00:33:12.197 [AsyncHttpClient-1-2] DEBUG io.netty.util.Recycler - -Dio.netty.recycler.blocking: false
00:33:12.197 [AsyncHttpClient-1-2] DEBUG io.netty.util.Recycler - -Dio.netty.recycler.batchFastThreadLocalOnly: true
00:33:13.521 [AsyncHttpClient-1-2] DEBUG io.netty.handler.codec.compression.Brotli - brotli4j not in the classpath; Brotli support will be unavailable.
00:33:13.522 [AsyncHttpClient-1-2] DEBUG org.asynchttpclient.netty.handler.HttpHandler - 

Request DefaultHttpRequest(decodeResult: success, version: HTTP/1.1)
POST /session HTTP/1.1
User-Agent: selenium/4.12.0 (java windows)
Content-Length: 254
Content-Type: application/json; charset=utf-8
host: localhost:32249
accept: */*

Response DefaultHttpResponse(decodeResult: success, version: HTTP/1.1)
HTTP/1.1 200 OK
Content-Length: 887
Content-Type: application/json; charset=utf-8
cache-control: no-cache

00:33:13.529 [AsyncHttpClient-1-2] DEBUG org.asynchttpclient.netty.channel.ChannelManager - Adding key: http://localhost:32249 for channel [id: 0xd01e8c32, L:/127.0.0.1:61620 - R:localhost/127.0.0.1:32249]
00:33:13.656 [AsyncHttpClient-1-3] DEBUG org.asynchttpclient.netty.channel.NettyConnectListener - Using new Channel '[id: 0x51279774, L:/127.0.0.1:61629 - R:localhost/127.0.0.1:61621]' for 'GET' to '/json/version'
00:33:13.663 [AsyncHttpClient-1-3] DEBUG org.asynchttpclient.netty.handler.HttpHandler - 

Request DefaultFullHttpRequest(decodeResult: success, version: HTTP/1.1, content: EmptyByteBufBE)
GET /json/version HTTP/1.1
User-Agent: selenium/4.12.0 (java windows)
host: localhost:61621
accept: */*

Response DefaultHttpResponse(decodeResult: success, version: HTTP/1.1)
HTTP/1.1 200 OK
Content-Security-Policy: frame-ancestors 'none'
Content-Length: 424
Content-Type: application/json; charset=UTF-8

00:33:13.664 [AsyncHttpClient-1-3] DEBUG org.asynchttpclient.netty.channel.ChannelManager - Adding key: http://localhost:61621 for channel [id: 0x51279774, L:/127.0.0.1:61629 - R:localhost/127.0.0.1:61621]
00:33:13.678 [main] DEBUG io.netty.util.internal.ThreadLocalRandom - -Dio.netty.initialSeedUniquifier: 0x08a9eaa413342a8c
00:33:13.684 [AsyncHttpClient-1-4] DEBUG org.asynchttpclient.netty.channel.NettyConnectListener - Using new Channel '[id: 0x69808c5f, L:/127.0.0.1:61630 - R:localhost/127.0.0.1:61621]' for 'GET' to '/devtools/browser/7e7ac3b9-6d29-4462-a154-d5f173d020ea'
00:33:13.689 [AsyncHttpClient-1-4] DEBUG org.asynchttpclient.netty.handler.WebSocketHandler - 

Request DefaultFullHttpRequest(decodeResult: success, version: HTTP/1.1, content: EmptyByteBufBE)
GET /devtools/browser/7e7ac3b9-6d29-4462-a154-d5f173d020ea HTTP/1.1
upgrade: websocket
connection: upgrade
sec-websocket-key: nCg0e3baN3ib5u5xY4NZLg==
sec-websocket-version: 13
origin: http://localhost:61621
host: localhost:61621
accept: */*
user-agent: AHC/2.1

Response DefaultHttpResponse(decodeResult: success, version: HTTP/1.1)
HTTP/1.1 101 WebSocket Protocol Handshake
Upgrade: WebSocket
Connection: Upgrade
Sec-WebSocket-Accept: EmsMttY5n+9BJe3BVknjUy9oA1w=

00:33:13.763 [Forwarding get on session 56837aa4f5537bf7b4ed1ab6cf69df7a to remote] DEBUG org.asynchttpclient.netty.request.NettyRequestSender - Using pooled Channel '[id: 0xd01e8c32, L:/127.0.0.1:61620 - R:localhost/127.0.0.1:32249]' for 'POST' to 'http://localhost:32249/session/56837aa4f5537bf7b4ed1ab6cf69df7a/url'
00:33:13.764 [Forwarding get on session 56837aa4f5537bf7b4ed1ab6cf69df7a to remote] DEBUG org.asynchttpclient.netty.request.NettyRequestSender - Using open Channel [id: 0xd01e8c32, L:/127.0.0.1:61620 - R:localhost/127.0.0.1:32249] for POST '/session/56837aa4f5537bf7b4ed1ab6cf69df7a/url'
00:33:14.411 [AsyncHttpClient-1-1] DEBUG org.asynchttpclient.netty.channel.DefaultChannelPool - Entry count for : http://localhost:61621 : 1
00:33:15.515 [AsyncHttpClient-1-1] DEBUG org.asynchttpclient.netty.channel.DefaultChannelPool - Entry count for : http://localhost:61621 : 1
00:33:16.614 [AsyncHttpClient-1-1] DEBUG org.asynchttpclient.netty.channel.DefaultChannelPool - Entry count for : http://localhost:61621 : 1
00:33:17.427 [AsyncHttpClient-1-2] DEBUG org.asynchttpclient.netty.handler.HttpHandler - 

Request DefaultHttpRequest(decodeResult: success, version: HTTP/1.1)
POST /session/56837aa4f5537bf7b4ed1ab6cf69df7a/url HTTP/1.1
User-Agent: selenium/4.12.0 (java windows)
Content-Length: 92
Content-Type: application/json; charset=utf-8
host: localhost:32249
accept: */*

Response DefaultHttpResponse(decodeResult: success, version: HTTP/1.1)
HTTP/1.1 200 OK
Content-Length: 14
Content-Type: application/json; charset=utf-8
cache-control: no-cache

00:33:17.428 [AsyncHttpClient-1-2] DEBUG org.asynchttpclient.netty.channel.ChannelManager - Adding key: http://localhost:32249 for channel [id: 0xd01e8c32, L:/127.0.0.1:61620 - R:localhost/127.0.0.1:32249]
00:33:17.434 [Forwarding maximizeCurrentWindow on session 56837aa4f5537bf7b4ed1ab6cf69df7a to remote] DEBUG org.asynchttpclient.netty.request.NettyRequestSender - Using pooled Channel '[id: 0xd01e8c32, L:/127.0.0.1:61620 - R:localhost/127.0.0.1:32249]' for 'POST' to 'http://localhost:32249/session/56837aa4f5537bf7b4ed1ab6cf69df7a/window/maximize'
00:33:17.434 [Forwarding maximizeCurrentWindow on session 56837aa4f5537bf7b4ed1ab6cf69df7a to remote] DEBUG org.asynchttpclient.netty.request.NettyRequestSender - Using open Channel [id: 0xd01e8c32, L:/127.0.0.1:61620 - R:localhost/127.0.0.1:32249] for POST '/session/56837aa4f5537bf7b4ed1ab6cf69df7a/window/maximize'
00:33:17.510 [AsyncHttpClient-1-2] DEBUG org.asynchttpclient.netty.handler.HttpHandler - 

Request DefaultHttpRequest(decodeResult: success, version: HTTP/1.1)
POST /session/56837aa4f5537bf7b4ed1ab6cf69df7a/window/maximize HTTP/1.1
User-Agent: selenium/4.12.0 (java windows)
Content-Length: 3
Content-Type: application/json; charset=utf-8
host: localhost:32249
accept: */*

Response DefaultHttpResponse(decodeResult: success, version: HTTP/1.1)
HTTP/1.1 200 OK
Content-Length: 51
Content-Type: application/json; charset=utf-8
cache-control: no-cache

00:33:17.510 [AsyncHttpClient-1-2] DEBUG org.asynchttpclient.netty.channel.ChannelManager - Adding key: http://localhost:32249 for channel [id: 0xd01e8c32, L:/127.0.0.1:61620 - R:localhost/127.0.0.1:32249]
00:33:17.546 [Forwarding findElement on session 56837aa4f5537bf7b4ed1ab6cf69df7a to remote] DEBUG org.asynchttpclient.netty.request.NettyRequestSender - Using pooled Channel '[id: 0xd01e8c32, L:/127.0.0.1:61620 - R:localhost/127.0.0.1:32249]' for 'POST' to 'http://localhost:32249/session/56837aa4f5537bf7b4ed1ab6cf69df7a/element'
00:33:17.547 [Forwarding findElement on session 56837aa4f5537bf7b4ed1ab6cf69df7a to remote] DEBUG org.asynchttpclient.netty.request.NettyRequestSender - Using open Channel [id: 0xd01e8c32, L:/127.0.0.1:61620 - R:localhost/127.0.0.1:32249] for POST '/session/56837aa4f5537bf7b4ed1ab6cf69df7a/element'
00:33:17.568 [AsyncHttpClient-1-2] DEBUG org.asynchttpclient.netty.handler.HttpHandler - 

Request DefaultHttpRequest(decodeResult: success, version: HTTP/1.1)
POST /session/56837aa4f5537bf7b4ed1ab6cf69df7a/element HTTP/1.1
User-Agent: selenium/4.12.0 (java windows)
Content-Length: 69
Content-Type: application/json; charset=utf-8
host: localhost:32249
accept: */*

Response DefaultHttpResponse(decodeResult: success, version: HTTP/1.1)
HTTP/1.1 200 OK
Content-Length: 125
Content-Type: application/json; charset=utf-8
cache-control: no-cache

00:33:17.568 [AsyncHttpClient-1-2] DEBUG org.asynchttpclient.netty.channel.ChannelManager - Adding key: http://localhost:32249 for channel [id: 0xd01e8c32, L:/127.0.0.1:61620 - R:localhost/127.0.0.1:32249]
00:33:17.574 [Forwarding sendKeysToElement on session 56837aa4f5537bf7b4ed1ab6cf69df7a to remote] DEBUG org.asynchttpclient.netty.request.NettyRequestSender - Using pooled Channel '[id: 0xd01e8c32, L:/127.0.0.1:61620 - R:localhost/127.0.0.1:32249]' for 'POST' to 'http://localhost:32249/session/56837aa4f5537bf7b4ed1ab6cf69df7a/element/f.E032C8C09C6360B497DD7515C53FEADA.d.455B27BA9FDBEC0E1430C8432956AB1D.e.2/value'
00:33:17.574 [Forwarding sendKeysToElement on session 56837aa4f5537bf7b4ed1ab6cf69df7a to remote] DEBUG org.asynchttpclient.netty.request.NettyRequestSender - Using open Channel [id: 0xd01e8c32, L:/127.0.0.1:61620 - R:localhost/127.0.0.1:32249] for POST '/session/56837aa4f5537bf7b4ed1ab6cf69df7a/element/f.E032C8C09C6360B497DD7515C53FEADA.d.455B27BA9FDBEC0E1430C8432956AB1D.e.2/value'
00:33:17.711 [AsyncHttpClient-1-1] DEBUG org.asynchttpclient.netty.channel.DefaultChannelPool - Entry count for : http://localhost:61621 : 1
00:33:17.745 [AsyncHttpClient-1-2] DEBUG org.asynchttpclient.netty.handler.HttpHandler - 

Request DefaultHttpRequest(decodeResult: success, version: HTTP/1.1)
POST /session/56837aa4f5537bf7b4ed1ab6cf69df7a/element/f.E032C8C09C6360B497DD7515C53FEADA.d.455B27BA9FDBEC0E1430C8432956AB1D.e.2/value HTTP/1.1
User-Agent: selenium/4.12.0 (java windows)
Content-Length: 338
Content-Type: application/json; charset=utf-8
host: localhost:32249
accept: */*

Response DefaultHttpResponse(decodeResult: success, version: HTTP/1.1)
HTTP/1.1 200 OK
Content-Length: 14
Content-Type: application/json; charset=utf-8
cache-control: no-cache

00:33:17.746 [AsyncHttpClient-1-2] DEBUG org.asynchttpclient.netty.channel.ChannelManager - Adding key: http://localhost:32249 for channel [id: 0xd01e8c32, L:/127.0.0.1:61620 - R:localhost/127.0.0.1:32249]
00:33:17.751 [Forwarding findElement on session 56837aa4f5537bf7b4ed1ab6cf69df7a to remote] DEBUG org.asynchttpclient.netty.request.NettyRequestSender - Using pooled Channel '[id: 0xd01e8c32, L:/127.0.0.1:61620 - R:localhost/127.0.0.1:32249]' for 'POST' to 'http://localhost:32249/session/56837aa4f5537bf7b4ed1ab6cf69df7a/element'
00:33:17.751 [Forwarding findElement on session 56837aa4f5537bf7b4ed1ab6cf69df7a to remote] DEBUG org.asynchttpclient.netty.request.NettyRequestSender - Using open Channel [id: 0xd01e8c32, L:/127.0.0.1:61620 - R:localhost/127.0.0.1:32249] for POST '/session/56837aa4f5537bf7b4ed1ab6cf69df7a/element'
00:33:17.769 [AsyncHttpClient-1-2] DEBUG org.asynchttpclient.netty.handler.HttpHandler - 

Request DefaultHttpRequest(decodeResult: success, version: HTTP/1.1)
POST /session/56837aa4f5537bf7b4ed1ab6cf69df7a/element HTTP/1.1
User-Agent: selenium/4.12.0 (java windows)
Content-Length: 72
Content-Type: application/json; charset=utf-8
host: localhost:32249
accept: */*

Response DefaultHttpResponse(decodeResult: success, version: HTTP/1.1)
HTTP/1.1 200 OK
Content-Length: 125
Content-Type: application/json; charset=utf-8
cache-control: no-cache

00:33:17.770 [AsyncHttpClient-1-2] DEBUG org.asynchttpclient.netty.channel.ChannelManager - Adding key: http://localhost:32249 for channel [id: 0xd01e8c32, L:/127.0.0.1:61620 - R:localhost/127.0.0.1:32249]
00:33:17.772 [Forwarding sendKeysToElement on session 56837aa4f5537bf7b4ed1ab6cf69df7a to remote] DEBUG org.asynchttpclient.netty.request.NettyRequestSender - Using pooled Channel '[id: 0xd01e8c32, L:/127.0.0.1:61620 - R:localhost/127.0.0.1:32249]' for 'POST' to 'http://localhost:32249/session/56837aa4f5537bf7b4ed1ab6cf69df7a/element/f.E032C8C09C6360B497DD7515C53FEADA.d.455B27BA9FDBEC0E1430C8432956AB1D.e.4/value'
00:33:17.772 [Forwarding sendKeysToElement on session 56837aa4f5537bf7b4ed1ab6cf69df7a to remote] DEBUG org.asynchttpclient.netty.request.NettyRequestSender - Using open Channel [id: 0xd01e8c32, L:/127.0.0.1:61620 - R:localhost/127.0.0.1:32249] for POST '/session/56837aa4f5537bf7b4ed1ab6cf69df7a/element/f.E032C8C09C6360B497DD7515C53FEADA.d.455B27BA9FDBEC0E1430C8432956AB1D.e.4/value'
00:33:17.862 [AsyncHttpClient-1-2] DEBUG org.asynchttpclient.netty.handler.HttpHandler - 

Request DefaultHttpRequest(decodeResult: success, version: HTTP/1.1)
POST /session/56837aa4f5537bf7b4ed1ab6cf69df7a/element/f.E032C8C09C6360B497DD7515C53FEADA.d.455B27BA9FDBEC0E1430C8432956AB1D.e.4/value HTTP/1.1
User-Agent: selenium/4.12.0 (java windows)
Content-Length: 208
Content-Type: application/json; charset=utf-8
host: localhost:32249
accept: */*

Response DefaultHttpResponse(decodeResult: success, version: HTTP/1.1)
HTTP/1.1 200 OK
Content-Length: 14
Content-Type: application/json; charset=utf-8
cache-control: no-cache

00:33:17.862 [AsyncHttpClient-1-2] DEBUG org.asynchttpclient.netty.channel.ChannelManager - Adding key: http://localhost:32249 for channel [id: 0xd01e8c32, L:/127.0.0.1:61620 - R:localhost/127.0.0.1:32249]
00:33:17.884 [Forwarding findElement on session 56837aa4f5537bf7b4ed1ab6cf69df7a to remote] DEBUG org.asynchttpclient.netty.request.NettyRequestSender - Using pooled Channel '[id: 0xd01e8c32, L:/127.0.0.1:61620 - R:localhost/127.0.0.1:32249]' for 'POST' to 'http://localhost:32249/session/56837aa4f5537bf7b4ed1ab6cf69df7a/element'
00:33:17.887 [Forwarding findElement on session 56837aa4f5537bf7b4ed1ab6cf69df7a to remote] DEBUG org.asynchttpclient.netty.request.NettyRequestSender - Using open Channel [id: 0xd01e8c32, L:/127.0.0.1:61620 - R:localhost/127.0.0.1:32249] for POST '/session/56837aa4f5537bf7b4ed1ab6cf69df7a/element'
00:33:17.897 [AsyncHttpClient-1-2] DEBUG org.asynchttpclient.netty.handler.HttpHandler - 

Request DefaultHttpRequest(decodeResult: success, version: HTTP/1.1)
POST /session/56837aa4f5537bf7b4ed1ab6cf69df7a/element HTTP/1.1
User-Agent: selenium/4.12.0 (java windows)
Content-Length: 73
Content-Type: application/json; charset=utf-8
host: localhost:32249
accept: */*

Response DefaultHttpResponse(decodeResult: success, version: HTTP/1.1)
HTTP/1.1 200 OK
Content-Length: 125
Content-Type: application/json; charset=utf-8
cache-control: no-cache

00:33:17.897 [AsyncHttpClient-1-2] DEBUG org.asynchttpclient.netty.channel.ChannelManager - Adding key: http://localhost:32249 for channel [id: 0xd01e8c32, L:/127.0.0.1:61620 - R:localhost/127.0.0.1:32249]
00:33:17.914 [Forwarding clickElement on session 56837aa4f5537bf7b4ed1ab6cf69df7a to remote] DEBUG org.asynchttpclient.netty.request.NettyRequestSender - Using pooled Channel '[id: 0xd01e8c32, L:/127.0.0.1:61620 - R:localhost/127.0.0.1:32249]' for 'POST' to 'http://localhost:32249/session/56837aa4f5537bf7b4ed1ab6cf69df7a/element/f.E032C8C09C6360B497DD7515C53FEADA.d.455B27BA9FDBEC0E1430C8432956AB1D.e.6/click'
00:33:17.914 [Forwarding clickElement on session 56837aa4f5537bf7b4ed1ab6cf69df7a to remote] DEBUG org.asynchttpclient.netty.request.NettyRequestSender - Using open Channel [id: 0xd01e8c32, L:/127.0.0.1:61620 - R:localhost/127.0.0.1:32249] for POST '/session/56837aa4f5537bf7b4ed1ab6cf69df7a/element/f.E032C8C09C6360B497DD7515C53FEADA.d.455B27BA9FDBEC0E1430C8432956AB1D.e.6/click'
00:33:17.990 [AsyncHttpClient-1-2] DEBUG org.asynchttpclient.netty.handler.HttpHandler - 

Request DefaultHttpRequest(decodeResult: success, version: HTTP/1.1)
POST /session/56837aa4f5537bf7b4ed1ab6cf69df7a/element/f.E032C8C09C6360B497DD7515C53FEADA.d.455B27BA9FDBEC0E1430C8432956AB1D.e.6/click HTTP/1.1
User-Agent: selenium/4.12.0 (java windows)
Content-Length: 87
Content-Type: application/json; charset=utf-8
host: localhost:32249
accept: */*

Response DefaultHttpResponse(decodeResult: success, version: HTTP/1.1)
HTTP/1.1 200 OK
Content-Length: 14
Content-Type: application/json; charset=utf-8
cache-control: no-cache

00:33:17.991 [AsyncHttpClient-1-2] DEBUG org.asynchttpclient.netty.channel.ChannelManager - Adding key: http://localhost:32249 for channel [id: 0xd01e8c32, L:/127.0.0.1:61620 - R:localhost/127.0.0.1:32249]
00:33:18.812 [AsyncHttpClient-1-1] DEBUG org.asynchttpclient.netty.channel.DefaultChannelPool - Entry count for : http://localhost:32249 : 1
00:33:18.812 [AsyncHttpClient-1-1] DEBUG org.asynchttpclient.netty.channel.DefaultChannelPool - Entry count for : http://localhost:61621 : 1
00:33:19.917 [AsyncHttpClient-1-1] DEBUG org.asynchttpclient.netty.channel.DefaultChannelPool - Entry count for : http://localhost:32249 : 1
00:33:19.917 [AsyncHttpClient-1-1] DEBUG org.asynchttpclient.netty.channel.DefaultChannelPool - Entry count for : http://localhost:61621 : 1
00:33:21.020 [AsyncHttpClient-1-1] DEBUG org.asynchttpclient.netty.channel.DefaultChannelPool - Entry count for : http://localhost:32249 : 1
00:33:21.020 [AsyncHttpClient-1-1] DEBUG org.asynchttpclient.netty.channel.DefaultChannelPool - Entry count for : http://localhost:61621 : 1
00:33:22.127 [AsyncHttpClient-1-1] DEBUG org.asynchttpclient.netty.channel.DefaultChannelPool - Entry count for : http://localhost:32249 : 1
00:33:22.127 [AsyncHttpClient-1-1] DEBUG org.asynchttpclient.netty.channel.DefaultChannelPool - Entry count for : http://localhost:61621 : 1
00:33:22.995 [Forwarding getCurrentUrl on session 56837aa4f5537bf7b4ed1ab6cf69df7a to remote] DEBUG org.asynchttpclient.netty.request.NettyRequestSender - Using pooled Channel '[id: 0xd01e8c32, L:/127.0.0.1:61620 - R:localhost/127.0.0.1:32249]' for 'GET' to 'http://localhost:32249/session/56837aa4f5537bf7b4ed1ab6cf69df7a/url'
00:33:22.995 [Forwarding getCurrentUrl on session 56837aa4f5537bf7b4ed1ab6cf69df7a to remote] DEBUG org.asynchttpclient.netty.request.NettyRequestSender - Using open Channel [id: 0xd01e8c32, L:/127.0.0.1:61620 - R:localhost/127.0.0.1:32249] for GET '/session/56837aa4f5537bf7b4ed1ab6cf69df7a/url'
00:33:23.008 [AsyncHttpClient-1-2] DEBUG org.asynchttpclient.netty.handler.HttpHandler - 

Request DefaultFullHttpRequest(decodeResult: success, version: HTTP/1.1, content: EmptyByteBufBE)
GET /session/56837aa4f5537bf7b4ed1ab6cf69df7a/url HTTP/1.1
Cache-Control: no-cache
User-Agent: selenium/4.12.0 (java windows)
Content-Type: application/json; charset=utf-8
host: localhost:32249
accept: */*

Response DefaultHttpResponse(decodeResult: success, version: HTTP/1.1)
HTTP/1.1 200 OK
Content-Length: 69
Content-Type: application/json; charset=utf-8
cache-control: no-cache

00:33:23.011 [AsyncHttpClient-1-2] DEBUG org.asynchttpclient.netty.channel.ChannelManager - Adding key: http://localhost:32249 for channel [id: 0xd01e8c32, L:/127.0.0.1:61620 - R:localhost/127.0.0.1:32249]
https://fleet-manager-development.vercel.app/auth/sign-in
00:33:23.014 [Forwarding findElement on session 56837aa4f5537bf7b4ed1ab6cf69df7a to remote] DEBUG org.asynchttpclient.netty.request.NettyRequestSender - Using pooled Channel '[id: 0xd01e8c32, L:/127.0.0.1:61620 - R:localhost/127.0.0.1:32249]' for 'POST' to 'http://localhost:32249/session/56837aa4f5537bf7b4ed1ab6cf69df7a/element'
00:33:23.014 [Forwarding findElement on session 56837aa4f5537bf7b4ed1ab6cf69df7a to remote] DEBUG org.asynchttpclient.netty.request.NettyRequestSender - Using open Channel [id: 0xd01e8c32, L:/127.0.0.1:61620 - R:localhost/127.0.0.1:32249] for POST '/session/56837aa4f5537bf7b4ed1ab6cf69df7a/element'
00:33:23.026 [AsyncHttpClient-1-2] DEBUG org.asynchttpclient.netty.handler.HttpHandler - 

Request DefaultHttpRequest(decodeResult: success, version: HTTP/1.1)
POST /session/56837aa4f5537bf7b4ed1ab6cf69df7a/element HTTP/1.1
User-Agent: selenium/4.12.0 (java windows)
Content-Length: 66
Content-Type: application/json; charset=utf-8
host: localhost:32249
accept: */*

Response DefaultHttpResponse(decodeResult: success, version: HTTP/1.1)
HTTP/1.1 200 OK
Content-Length: 126
Content-Type: application/json; charset=utf-8
cache-control: no-cache

00:33:23.026 [AsyncHttpClient-1-2] DEBUG org.asynchttpclient.netty.channel.ChannelManager - Adding key: http://localhost:32249 for channel [id: 0xd01e8c32, L:/127.0.0.1:61620 - R:localhost/127.0.0.1:32249]
00:33:23.059 [Forwarding isElementDisplayed on session 56837aa4f5537bf7b4ed1ab6cf69df7a to remote] DEBUG org.asynchttpclient.netty.request.NettyRequestSender - Using pooled Channel '[id: 0xd01e8c32, L:/127.0.0.1:61620 - R:localhost/127.0.0.1:32249]' for 'POST' to 'http://localhost:32249/session/56837aa4f5537bf7b4ed1ab6cf69df7a/execute/sync'
00:33:23.059 [Forwarding isElementDisplayed on session 56837aa4f5537bf7b4ed1ab6cf69df7a to remote] DEBUG org.asynchttpclient.netty.request.NettyRequestSender - Using open Channel [id: 0xd01e8c32, L:/127.0.0.1:61620 - R:localhost/127.0.0.1:32249] for POST '/session/56837aa4f5537bf7b4ed1ab6cf69df7a/execute/sync'
00:33:23.084 [AsyncHttpClient-1-2] DEBUG org.asynchttpclient.netty.handler.HttpHandler - 

Request DefaultHttpRequest(decodeResult: success, version: HTTP/1.1)
POST /session/56837aa4f5537bf7b4ed1ab6cf69df7a/execute/sync HTTP/1.1
User-Agent: selenium/4.12.0 (java windows)
Content-Length: 48734
Content-Type: application/json; charset=utf-8
host: localhost:32249
accept: */*

Response DefaultHttpResponse(decodeResult: success, version: HTTP/1.1)
HTTP/1.1 200 OK
Content-Length: 14
Content-Type: application/json; charset=utf-8
cache-control: no-cache

00:33:23.084 [AsyncHttpClient-1-2] DEBUG org.asynchttpclient.netty.channel.ChannelManager - Adding key: http://localhost:32249 for channel [id: 0xd01e8c32, L:/127.0.0.1:61620 - R:localhost/127.0.0.1:32249]
00:33:23.084 [Forwarding findElement on session 56837aa4f5537bf7b4ed1ab6cf69df7a to remote] DEBUG org.asynchttpclient.netty.request.NettyRequestSender - Using pooled Channel '[id: 0xd01e8c32, L:/127.0.0.1:61620 - R:localhost/127.0.0.1:32249]' for 'POST' to 'http://localhost:32249/session/56837aa4f5537bf7b4ed1ab6cf69df7a/element'
00:33:23.084 [Forwarding findElement on session 56837aa4f5537bf7b4ed1ab6cf69df7a to remote] DEBUG org.asynchttpclient.netty.request.NettyRequestSender - Using open Channel [id: 0xd01e8c32, L:/127.0.0.1:61620 - R:localhost/127.0.0.1:32249] for POST '/session/56837aa4f5537bf7b4ed1ab6cf69df7a/element'
00:33:23.100 [AsyncHttpClient-1-2] DEBUG org.asynchttpclient.netty.handler.HttpHandler - 

Request DefaultHttpRequest(decodeResult: success, version: HTTP/1.1)
POST /session/56837aa4f5537bf7b4ed1ab6cf69df7a/element HTTP/1.1
User-Agent: selenium/4.12.0 (java windows)
Content-Length: 66
Content-Type: application/json; charset=utf-8
host: localhost:32249
accept: */*

Response DefaultHttpResponse(decodeResult: success, version: HTTP/1.1)
HTTP/1.1 200 OK
Content-Length: 126
Content-Type: application/json; charset=utf-8
cache-control: no-cache

00:33:23.100 [AsyncHttpClient-1-2] DEBUG org.asynchttpclient.netty.channel.ChannelManager - Adding key: http://localhost:32249 for channel [id: 0xd01e8c32, L:/127.0.0.1:61620 - R:localhost/127.0.0.1:32249]
00:33:23.100 [Forwarding getElementText on session 56837aa4f5537bf7b4ed1ab6cf69df7a to remote] DEBUG org.asynchttpclient.netty.request.NettyRequestSender - Using pooled Channel '[id: 0xd01e8c32, L:/127.0.0.1:61620 - R:localhost/127.0.0.1:32249]' for 'GET' to 'http://localhost:32249/session/56837aa4f5537bf7b4ed1ab6cf69df7a/element/f.E032C8C09C6360B497DD7515C53FEADA.d.455B27BA9FDBEC0E1430C8432956AB1D.e.19/text'
00:33:23.100 [Forwarding getElementText on session 56837aa4f5537bf7b4ed1ab6cf69df7a to remote] DEBUG org.asynchttpclient.netty.request.NettyRequestSender - Using open Channel [id: 0xd01e8c32, L:/127.0.0.1:61620 - R:localhost/127.0.0.1:32249] for GET '/session/56837aa4f5537bf7b4ed1ab6cf69df7a/element/f.E032C8C09C6360B497DD7515C53FEADA.d.455B27BA9FDBEC0E1430C8432956AB1D.e.19/text'
00:33:23.121 [AsyncHttpClient-1-2] DEBUG org.asynchttpclient.netty.handler.HttpHandler - 

Request DefaultFullHttpRequest(decodeResult: success, version: HTTP/1.1, content: EmptyByteBufBE)
GET /session/56837aa4f5537bf7b4ed1ab6cf69df7a/element/f.E032C8C09C6360B497DD7515C53FEADA.d.455B27BA9FDBEC0E1430C8432956AB1D.e.19/text HTTP/1.1
Cache-Control: no-cache
User-Agent: selenium/4.12.0 (java windows)
Content-Type: application/json; charset=utf-8
host: localhost:32249
accept: */*

Response DefaultHttpResponse(decodeResult: success, version: HTTP/1.1)
HTTP/1.1 200 OK
Content-Length: 33
Content-Type: application/json; charset=utf-8
cache-control: no-cache

00:33:23.121 [AsyncHttpClient-1-2] DEBUG org.asynchttpclient.netty.channel.ChannelManager - Adding key: http://localhost:32249 for channel [id: 0xd01e8c32, L:/127.0.0.1:61620 - R:localhost/127.0.0.1:32249]
00:33:23.121 [Forwarding findElement on session 56837aa4f5537bf7b4ed1ab6cf69df7a to remote] DEBUG org.asynchttpclient.netty.request.NettyRequestSender - Using pooled Channel '[id: 0xd01e8c32, L:/127.0.0.1:61620 - R:localhost/127.0.0.1:32249]' for 'POST' to 'http://localhost:32249/session/56837aa4f5537bf7b4ed1ab6cf69df7a/element'
00:33:23.121 [Forwarding findElement on session 56837aa4f5537bf7b4ed1ab6cf69df7a to remote] DEBUG org.asynchttpclient.netty.request.NettyRequestSender - Using open Channel [id: 0xd01e8c32, L:/127.0.0.1:61620 - R:localhost/127.0.0.1:32249] for POST '/session/56837aa4f5537bf7b4ed1ab6cf69df7a/element'
00:33:23.137 [AsyncHttpClient-1-2] DEBUG org.asynchttpclient.netty.handler.HttpHandler - 

Request DefaultHttpRequest(decodeResult: success, version: HTTP/1.1)
POST /session/56837aa4f5537bf7b4ed1ab6cf69df7a/element HTTP/1.1
User-Agent: selenium/4.12.0 (java windows)
Content-Length: 74
Content-Type: application/json; charset=utf-8
host: localhost:32249
accept: */*

Response DefaultHttpResponse(decodeResult: success, version: HTTP/1.1)
HTTP/1.1 200 OK
Content-Length: 126
Content-Type: application/json; charset=utf-8
cache-control: no-cache

00:33:23.137 [AsyncHttpClient-1-2] DEBUG org.asynchttpclient.netty.channel.ChannelManager - Adding key: http://localhost:32249 for channel [id: 0xd01e8c32, L:/127.0.0.1:61620 - R:localhost/127.0.0.1:32249]
00:33:23.137 [Forwarding clickElement on session 56837aa4f5537bf7b4ed1ab6cf69df7a to remote] DEBUG org.asynchttpclient.netty.request.NettyRequestSender - Using pooled Channel '[id: 0xd01e8c32, L:/127.0.0.1:61620 - R:localhost/127.0.0.1:32249]' for 'POST' to 'http://localhost:32249/session/56837aa4f5537bf7b4ed1ab6cf69df7a/element/f.E032C8C09C6360B497DD7515C53FEADA.d.455B27BA9FDBEC0E1430C8432956AB1D.e.20/click'
00:33:23.137 [Forwarding clickElement on session 56837aa4f5537bf7b4ed1ab6cf69df7a to remote] DEBUG org.asynchttpclient.netty.request.NettyRequestSender - Using open Channel [id: 0xd01e8c32, L:/127.0.0.1:61620 - R:localhost/127.0.0.1:32249] for POST '/session/56837aa4f5537bf7b4ed1ab6cf69df7a/element/f.E032C8C09C6360B497DD7515C53FEADA.d.455B27BA9FDBEC0E1430C8432956AB1D.e.20/click'
00:33:23.217 [AsyncHttpClient-1-1] DEBUG org.asynchttpclient.netty.channel.DefaultChannelPool - Entry count for : http://localhost:61621 : 1
00:33:23.236 [AsyncHttpClient-1-2] DEBUG org.asynchttpclient.netty.handler.HttpHandler - 

Request DefaultHttpRequest(decodeResult: success, version: HTTP/1.1)
POST /session/56837aa4f5537bf7b4ed1ab6cf69df7a/element/f.E032C8C09C6360B497DD7515C53FEADA.d.455B27BA9FDBEC0E1430C8432956AB1D.e.20/click HTTP/1.1
User-Agent: selenium/4.12.0 (java windows)
Content-Length: 88
Content-Type: application/json; charset=utf-8
host: localhost:32249
accept: */*

Response DefaultHttpResponse(decodeResult: success, version: HTTP/1.1)
HTTP/1.1 200 OK
Content-Length: 14
Content-Type: application/json; charset=utf-8
cache-control: no-cache

00:33:23.237 [AsyncHttpClient-1-2] DEBUG org.asynchttpclient.netty.channel.ChannelManager - Adding key: http://localhost:32249 for channel [id: 0xd01e8c32, L:/127.0.0.1:61620 - R:localhost/127.0.0.1:32249]
00:33:24.320 [AsyncHttpClient-1-1] DEBUG org.asynchttpclient.netty.channel.DefaultChannelPool - Entry count for : http://localhost:32249 : 1
00:33:24.320 [AsyncHttpClient-1-1] DEBUG org.asynchttpclient.netty.channel.DefaultChannelPool - Entry count for : http://localhost:61621 : 1
00:33:25.417 [AsyncHttpClient-1-1] DEBUG org.asynchttpclient.netty.channel.DefaultChannelPool - Entry count for : http://localhost:32249 : 1
00:33:25.417 [AsyncHttpClient-1-1] DEBUG org.asynchttpclient.netty.channel.DefaultChannelPool - Entry count for : http://localhost:61621 : 1
00:33:26.252 [Forwarding screenshot on session 56837aa4f5537bf7b4ed1ab6cf69df7a to remote] DEBUG org.asynchttpclient.netty.request.NettyRequestSender - Using pooled Channel '[id: 0xd01e8c32, L:/127.0.0.1:61620 - R:localhost/127.0.0.1:32249]' for 'GET' to 'http://localhost:32249/session/56837aa4f5537bf7b4ed1ab6cf69df7a/screenshot'
00:33:26.252 [Forwarding screenshot on session 56837aa4f5537bf7b4ed1ab6cf69df7a to remote] DEBUG org.asynchttpclient.netty.request.NettyRequestSender - Using open Channel [id: 0xd01e8c32, L:/127.0.0.1:61620 - R:localhost/127.0.0.1:32249] for GET '/session/56837aa4f5537bf7b4ed1ab6cf69df7a/screenshot'
00:33:26.447 [AsyncHttpClient-1-2] DEBUG org.asynchttpclient.netty.handler.HttpHandler - 

Request DefaultFullHttpRequest(decodeResult: success, version: HTTP/1.1, content: EmptyByteBufBE)
GET /session/56837aa4f5537bf7b4ed1ab6cf69df7a/screenshot HTTP/1.1
Cache-Control: no-cache
User-Agent: selenium/4.12.0 (java windows)
Content-Type: application/json; charset=utf-8
host: localhost:32249
accept: */*

Response DefaultHttpResponse(decodeResult: success, version: HTTP/1.1)
HTTP/1.1 200 OK
Content-Length: 233672
Content-Type: application/json; charset=utf-8
cache-control: no-cache

00:33:26.447 [AsyncHttpClient-1-2] DEBUG org.asynchttpclient.netty.channel.ChannelManager - Adding key: http://localhost:32249 for channel [id: 0xd01e8c32, L:/127.0.0.1:61620 - R:localhost/127.0.0.1:32249]
00:33:26.525 [AsyncHttpClient-1-1] DEBUG org.asynchttpclient.netty.channel.DefaultChannelPool - Entry count for : http://localhost:32249 : 1
00:33:26.525 [AsyncHttpClient-1-1] DEBUG org.asynchttpclient.netty.channel.DefaultChannelPool - Entry count for : http://localhost:61621 : 1
  Given I am on dashboardfokisaj290@edectus.com and Fleet@123                 # StepDefination.Customer_onboarding.I_am_on_dashboard(java.lang.String,java.lang.String)
00:33:26.541 [Forwarding findElement on session 56837aa4f5537bf7b4ed1ab6cf69df7a to remote] DEBUG org.asynchttpclient.netty.request.NettyRequestSender - Using pooled Channel '[id: 0xd01e8c32, L:/127.0.0.1:61620 - R:localhost/127.0.0.1:32249]' for 'POST' to 'http://localhost:32249/session/56837aa4f5537bf7b4ed1ab6cf69df7a/element'
00:33:26.541 [Forwarding findElement on session 56837aa4f5537bf7b4ed1ab6cf69df7a to remote] DEBUG org.asynchttpclient.netty.request.NettyRequestSender - Using open Channel [id: 0xd01e8c32, L:/127.0.0.1:61620 - R:localhost/127.0.0.1:32249] for POST '/session/56837aa4f5537bf7b4ed1ab6cf69df7a/element'
00:33:26.557 [AsyncHttpClient-1-2] DEBUG org.asynchttpclient.netty.handler.HttpHandler - 

Request DefaultHttpRequest(decodeResult: success, version: HTTP/1.1)
POST /session/56837aa4f5537bf7b4ed1ab6cf69df7a/element HTTP/1.1
User-Agent: selenium/4.12.0 (java windows)
Content-Length: 127
Content-Type: application/json; charset=utf-8
host: localhost:32249
accept: */*

Response DefaultHttpResponse(decodeResult: success, version: HTTP/1.1)
HTTP/1.1 200 OK
Content-Length: 126
Content-Type: application/json; charset=utf-8
cache-control: no-cache

00:33:26.557 [AsyncHttpClient-1-2] DEBUG org.asynchttpclient.netty.channel.ChannelManager - Adding key: http://localhost:32249 for channel [id: 0xd01e8c32, L:/127.0.0.1:61620 - R:localhost/127.0.0.1:32249]
00:33:26.572 [Forwarding getElementText on session 56837aa4f5537bf7b4ed1ab6cf69df7a to remote] DEBUG org.asynchttpclient.netty.request.NettyRequestSender - Using pooled Channel '[id: 0xd01e8c32, L:/127.0.0.1:61620 - R:localhost/127.0.0.1:32249]' for 'GET' to 'http://localhost:32249/session/56837aa4f5537bf7b4ed1ab6cf69df7a/element/f.E032C8C09C6360B497DD7515C53FEADA.d.BAEA445B3328D562E59FE97EF355F735.e.30/text'
00:33:26.572 [Forwarding getElementText on session 56837aa4f5537bf7b4ed1ab6cf69df7a to remote] DEBUG org.asynchttpclient.netty.request.NettyRequestSender - Using open Channel [id: 0xd01e8c32, L:/127.0.0.1:61620 - R:localhost/127.0.0.1:32249] for GET '/session/56837aa4f5537bf7b4ed1ab6cf69df7a/element/f.E032C8C09C6360B497DD7515C53FEADA.d.BAEA445B3328D562E59FE97EF355F735.e.30/text'
00:33:26.588 [AsyncHttpClient-1-2] DEBUG org.asynchttpclient.netty.handler.HttpHandler - 

Request DefaultFullHttpRequest(decodeResult: success, version: HTTP/1.1, content: EmptyByteBufBE)
GET /session/56837aa4f5537bf7b4ed1ab6cf69df7a/element/f.E032C8C09C6360B497DD7515C53FEADA.d.BAEA445B3328D562E59FE97EF355F735.e.30/text HTTP/1.1
Cache-Control: no-cache
User-Agent: selenium/4.12.0 (java windows)
Content-Type: application/json; charset=utf-8
host: localhost:32249
accept: */*

Response DefaultHttpResponse(decodeResult: success, version: HTTP/1.1)
HTTP/1.1 200 OK
Content-Length: 21
Content-Type: application/json; charset=utf-8
cache-control: no-cache

00:33:26.588 [AsyncHttpClient-1-2] DEBUG org.asynchttpclient.netty.channel.ChannelManager - Adding key: http://localhost:32249 for channel [id: 0xd01e8c32, L:/127.0.0.1:61620 - R:localhost/127.0.0.1:32249]
00:33:26.588 [Forwarding findElement on session 56837aa4f5537bf7b4ed1ab6cf69df7a to remote] DEBUG org.asynchttpclient.netty.request.NettyRequestSender - Using pooled Channel '[id: 0xd01e8c32, L:/127.0.0.1:61620 - R:localhost/127.0.0.1:32249]' for 'POST' to 'http://localhost:32249/session/56837aa4f5537bf7b4ed1ab6cf69df7a/element'
00:33:26.588 [Forwarding findElement on session 56837aa4f5537bf7b4ed1ab6cf69df7a to remote] DEBUG org.asynchttpclient.netty.request.NettyRequestSender - Using open Channel [id: 0xd01e8c32, L:/127.0.0.1:61620 - R:localhost/127.0.0.1:32249] for POST '/session/56837aa4f5537bf7b4ed1ab6cf69df7a/element'
00:33:26.603 [AsyncHttpClient-1-2] DEBUG org.asynchttpclient.netty.handler.HttpHandler - 

Request DefaultHttpRequest(decodeResult: success, version: HTTP/1.1)
POST /session/56837aa4f5537bf7b4ed1ab6cf69df7a/element HTTP/1.1
User-Agent: selenium/4.12.0 (java windows)
Content-Length: 127
Content-Type: application/json; charset=utf-8
host: localhost:32249
accept: */*

Response DefaultHttpResponse(decodeResult: success, version: HTTP/1.1)
HTTP/1.1 200 OK
Content-Length: 126
Content-Type: application/json; charset=utf-8
cache-control: no-cache

00:33:26.603 [AsyncHttpClient-1-2] DEBUG org.asynchttpclient.netty.channel.ChannelManager - Adding key: http://localhost:32249 for channel [id: 0xd01e8c32, L:/127.0.0.1:61620 - R:localhost/127.0.0.1:32249]
00:33:26.603 [Forwarding clickElement on session 56837aa4f5537bf7b4ed1ab6cf69df7a to remote] DEBUG org.asynchttpclient.netty.request.NettyRequestSender - Using pooled Channel '[id: 0xd01e8c32, L:/127.0.0.1:61620 - R:localhost/127.0.0.1:32249]' for 'POST' to 'http://localhost:32249/session/56837aa4f5537bf7b4ed1ab6cf69df7a/element/f.E032C8C09C6360B497DD7515C53FEADA.d.BAEA445B3328D562E59FE97EF355F735.e.30/click'
00:33:26.603 [Forwarding clickElement on session 56837aa4f5537bf7b4ed1ab6cf69df7a to remote] DEBUG org.asynchttpclient.netty.request.NettyRequestSender - Using open Channel [id: 0xd01e8c32, L:/127.0.0.1:61620 - R:localhost/127.0.0.1:32249] for POST '/session/56837aa4f5537bf7b4ed1ab6cf69df7a/element/f.E032C8C09C6360B497DD7515C53FEADA.d.BAEA445B3328D562E59FE97EF355F735.e.30/click'
00:33:26.745 [AsyncHttpClient-1-2] DEBUG org.asynchttpclient.netty.handler.HttpHandler - 

Request DefaultHttpRequest(decodeResult: success, version: HTTP/1.1)
POST /session/56837aa4f5537bf7b4ed1ab6cf69df7a/element/f.E032C8C09C6360B497DD7515C53FEADA.d.BAEA445B3328D562E59FE97EF355F735.e.30/click HTTP/1.1
User-Agent: selenium/4.12.0 (java windows)
Content-Length: 88
Content-Type: application/json; charset=utf-8
host: localhost:32249
accept: */*

Response DefaultHttpResponse(decodeResult: success, version: HTTP/1.1)
HTTP/1.1 200 OK
Content-Length: 14
Content-Type: application/json; charset=utf-8
cache-control: no-cache

00:33:26.745 [AsyncHttpClient-1-2] DEBUG org.asynchttpclient.netty.channel.ChannelManager - Adding key: http://localhost:32249 for channel [id: 0xd01e8c32, L:/127.0.0.1:61620 - R:localhost/127.0.0.1:32249]
00:33:27.618 [AsyncHttpClient-1-1] DEBUG org.asynchttpclient.netty.channel.DefaultChannelPool - Entry count for : http://localhost:32249 : 1
00:33:27.618 [AsyncHttpClient-1-1] DEBUG org.asynchttpclient.netty.channel.DefaultChannelPool - Entry count for : http://localhost:61621 : 1
00:33:28.715 [AsyncHttpClient-1-1] DEBUG org.asynchttpclient.netty.channel.DefaultChannelPool - Entry count for : http://localhost:32249 : 1
00:33:28.715 [AsyncHttpClient-1-1] DEBUG org.asynchttpclient.netty.channel.DefaultChannelPool - Entry count for : http://localhost:61621 : 1
00:33:28.762 [Forwarding screenshot on session 56837aa4f5537bf7b4ed1ab6cf69df7a to remote] DEBUG org.asynchttpclient.netty.request.NettyRequestSender - Using pooled Channel '[id: 0xd01e8c32, L:/127.0.0.1:61620 - R:localhost/127.0.0.1:32249]' for 'GET' to 'http://localhost:32249/session/56837aa4f5537bf7b4ed1ab6cf69df7a/screenshot'
00:33:28.762 [Forwarding screenshot on session 56837aa4f5537bf7b4ed1ab6cf69df7a to remote] DEBUG org.asynchttpclient.netty.request.NettyRequestSender - Using open Channel [id: 0xd01e8c32, L:/127.0.0.1:61620 - R:localhost/127.0.0.1:32249] for GET '/session/56837aa4f5537bf7b4ed1ab6cf69df7a/screenshot'
00:33:28.945 [AsyncHttpClient-1-2] DEBUG org.asynchttpclient.netty.handler.HttpHandler - 

Request DefaultFullHttpRequest(decodeResult: success, version: HTTP/1.1, content: EmptyByteBufBE)
GET /session/56837aa4f5537bf7b4ed1ab6cf69df7a/screenshot HTTP/1.1
Cache-Control: no-cache
User-Agent: selenium/4.12.0 (java windows)
Content-Type: application/json; charset=utf-8
host: localhost:32249
accept: */*

Response DefaultHttpResponse(decodeResult: success, version: HTTP/1.1)
HTTP/1.1 200 OK
Content-Length: 335008
Content-Type: application/json; charset=utf-8
cache-control: no-cache

00:33:28.945 [AsyncHttpClient-1-2] DEBUG org.asynchttpclient.netty.channel.ChannelManager - Adding key: http://localhost:32249 for channel [id: 0xd01e8c32, L:/127.0.0.1:61620 - R:localhost/127.0.0.1:32249]
00:33:28.992 [Forwarding findElement on session 56837aa4f5537bf7b4ed1ab6cf69df7a to remote] DEBUG org.asynchttpclient.netty.request.NettyRequestSender - Using pooled Channel '[id: 0xd01e8c32, L:/127.0.0.1:61620 - R:localhost/127.0.0.1:32249]' for 'POST' to 'http://localhost:32249/session/56837aa4f5537bf7b4ed1ab6cf69df7a/element'
00:33:28.992 [Forwarding findElement on session 56837aa4f5537bf7b4ed1ab6cf69df7a to remote] DEBUG org.asynchttpclient.netty.request.NettyRequestSender - Using open Channel [id: 0xd01e8c32, L:/127.0.0.1:61620 - R:localhost/127.0.0.1:32249] for POST '/session/56837aa4f5537bf7b4ed1ab6cf69df7a/element'
00:33:29.024 [AsyncHttpClient-1-2] DEBUG org.asynchttpclient.netty.handler.HttpHandler - 

Request DefaultHttpRequest(decodeResult: success, version: HTTP/1.1)
POST /session/56837aa4f5537bf7b4ed1ab6cf69df7a/element HTTP/1.1
User-Agent: selenium/4.12.0 (java windows)
Content-Length: 178
Content-Type: application/json; charset=utf-8
host: localhost:32249
accept: */*

Response DefaultHttpResponse(decodeResult: success, version: HTTP/1.1)
HTTP/1.1 200 OK
Content-Length: 126
Content-Type: application/json; charset=utf-8
cache-control: no-cache

00:33:29.024 [AsyncHttpClient-1-2] DEBUG org.asynchttpclient.netty.channel.ChannelManager - Adding key: http://localhost:32249 for channel [id: 0xd01e8c32, L:/127.0.0.1:61620 - R:localhost/127.0.0.1:32249]
00:33:29.024 [Forwarding getElementText on session 56837aa4f5537bf7b4ed1ab6cf69df7a to remote] DEBUG org.asynchttpclient.netty.request.NettyRequestSender - Using pooled Channel '[id: 0xd01e8c32, L:/127.0.0.1:61620 - R:localhost/127.0.0.1:32249]' for 'GET' to 'http://localhost:32249/session/56837aa4f5537bf7b4ed1ab6cf69df7a/element/f.E032C8C09C6360B497DD7515C53FEADA.d.BAEA445B3328D562E59FE97EF355F735.e.35/text'
00:33:29.040 [Forwarding getElementText on session 56837aa4f5537bf7b4ed1ab6cf69df7a to remote] DEBUG org.asynchttpclient.netty.request.NettyRequestSender - Using open Channel [id: 0xd01e8c32, L:/127.0.0.1:61620 - R:localhost/127.0.0.1:32249] for GET '/session/56837aa4f5537bf7b4ed1ab6cf69df7a/element/f.E032C8C09C6360B497DD7515C53FEADA.d.BAEA445B3328D562E59FE97EF355F735.e.35/text'
00:33:29.055 [AsyncHttpClient-1-2] DEBUG org.asynchttpclient.netty.handler.HttpHandler - 

Request DefaultFullHttpRequest(decodeResult: success, version: HTTP/1.1, content: EmptyByteBufBE)
GET /session/56837aa4f5537bf7b4ed1ab6cf69df7a/element/f.E032C8C09C6360B497DD7515C53FEADA.d.BAEA445B3328D562E59FE97EF355F735.e.35/text HTTP/1.1
Cache-Control: no-cache
User-Agent: selenium/4.12.0 (java windows)
Content-Type: application/json; charset=utf-8
host: localhost:32249
accept: */*

Response DefaultHttpResponse(decodeResult: success, version: HTTP/1.1)
HTTP/1.1 200 OK
Content-Length: 28
Content-Type: application/json; charset=utf-8
cache-control: no-cache

00:33:29.055 [AsyncHttpClient-1-2] DEBUG org.asynchttpclient.netty.channel.ChannelManager - Adding key: http://localhost:32249 for channel [id: 0xd01e8c32, L:/127.0.0.1:61620 - R:localhost/127.0.0.1:32249]
00:33:29.055 [Forwarding findElement on session 56837aa4f5537bf7b4ed1ab6cf69df7a to remote] DEBUG org.asynchttpclient.netty.request.NettyRequestSender - Using pooled Channel '[id: 0xd01e8c32, L:/127.0.0.1:61620 - R:localhost/127.0.0.1:32249]' for 'POST' to 'http://localhost:32249/session/56837aa4f5537bf7b4ed1ab6cf69df7a/element'
00:33:29.055 [Forwarding findElement on session 56837aa4f5537bf7b4ed1ab6cf69df7a to remote] DEBUG org.asynchttpclient.netty.request.NettyRequestSender - Using open Channel [id: 0xd01e8c32, L:/127.0.0.1:61620 - R:localhost/127.0.0.1:32249] for POST '/session/56837aa4f5537bf7b4ed1ab6cf69df7a/element'
00:33:29.086 [AsyncHttpClient-1-2] DEBUG org.asynchttpclient.netty.handler.HttpHandler - 

Request DefaultHttpRequest(decodeResult: success, version: HTTP/1.1)
POST /session/56837aa4f5537bf7b4ed1ab6cf69df7a/element HTTP/1.1
User-Agent: selenium/4.12.0 (java windows)
Content-Length: 178
Content-Type: application/json; charset=utf-8
host: localhost:32249
accept: */*

Response DefaultHttpResponse(decodeResult: success, version: HTTP/1.1)
HTTP/1.1 200 OK
Content-Length: 126
Content-Type: application/json; charset=utf-8
cache-control: no-cache

00:33:29.086 [AsyncHttpClient-1-2] DEBUG org.asynchttpclient.netty.channel.ChannelManager - Adding key: http://localhost:32249 for channel [id: 0xd01e8c32, L:/127.0.0.1:61620 - R:localhost/127.0.0.1:32249]
00:33:29.086 [Forwarding clickElement on session 56837aa4f5537bf7b4ed1ab6cf69df7a to remote] DEBUG org.asynchttpclient.netty.request.NettyRequestSender - Using pooled Channel '[id: 0xd01e8c32, L:/127.0.0.1:61620 - R:localhost/127.0.0.1:32249]' for 'POST' to 'http://localhost:32249/session/56837aa4f5537bf7b4ed1ab6cf69df7a/element/f.E032C8C09C6360B497DD7515C53FEADA.d.BAEA445B3328D562E59FE97EF355F735.e.35/click'
00:33:29.086 [Forwarding clickElement on session 56837aa4f5537bf7b4ed1ab6cf69df7a to remote] DEBUG org.asynchttpclient.netty.request.NettyRequestSender - Using open Channel [id: 0xd01e8c32, L:/127.0.0.1:61620 - R:localhost/127.0.0.1:32249] for POST '/session/56837aa4f5537bf7b4ed1ab6cf69df7a/element/f.E032C8C09C6360B497DD7515C53FEADA.d.BAEA445B3328D562E59FE97EF355F735.e.35/click'
00:33:29.258 [AsyncHttpClient-1-2] DEBUG org.asynchttpclient.netty.handler.HttpHandler - 

Request DefaultHttpRequest(decodeResult: success, version: HTTP/1.1)
POST /session/56837aa4f5537bf7b4ed1ab6cf69df7a/element/f.E032C8C09C6360B497DD7515C53FEADA.d.BAEA445B3328D562E59FE97EF355F735.e.35/click HTTP/1.1
User-Agent: selenium/4.12.0 (java windows)
Content-Length: 88
Content-Type: application/json; charset=utf-8
host: localhost:32249
accept: */*

Response DefaultHttpResponse(decodeResult: success, version: HTTP/1.1)
HTTP/1.1 200 OK
Content-Length: 14
Content-Type: application/json; charset=utf-8
cache-control: no-cache

00:33:29.258 [AsyncHttpClient-1-2] DEBUG org.asynchttpclient.netty.channel.ChannelManager - Adding key: http://localhost:32249 for channel [id: 0xd01e8c32, L:/127.0.0.1:61620 - R:localhost/127.0.0.1:32249]
  When Open customer form                                                     # StepDefination.Customer_onboarding.Open_customer_form()
00:33:29.825 [AsyncHttpClient-1-1] DEBUG org.asynchttpclient.netty.channel.DefaultChannelPool - Entry count for : http://localhost:32249 : 1
00:33:29.825 [AsyncHttpClient-1-1] DEBUG org.asynchttpclient.netty.channel.DefaultChannelPool - Entry count for : http://localhost:61621 : 1
00:33:30.289 [Forwarding findElement on session 56837aa4f5537bf7b4ed1ab6cf69df7a to remote] DEBUG org.asynchttpclient.netty.request.NettyRequestSender - Using pooled Channel '[id: 0xd01e8c32, L:/127.0.0.1:61620 - R:localhost/127.0.0.1:32249]' for 'POST' to 'http://localhost:32249/session/56837aa4f5537bf7b4ed1ab6cf69df7a/element'
00:33:30.289 [Forwarding findElement on session 56837aa4f5537bf7b4ed1ab6cf69df7a to remote] DEBUG org.asynchttpclient.netty.request.NettyRequestSender - Using open Channel [id: 0xd01e8c32, L:/127.0.0.1:61620 - R:localhost/127.0.0.1:32249] for POST '/session/56837aa4f5537bf7b4ed1ab6cf69df7a/element'
00:33:30.304 [AsyncHttpClient-1-2] DEBUG org.asynchttpclient.netty.handler.HttpHandler - 

Request DefaultHttpRequest(decodeResult: success, version: HTTP/1.1)
POST /session/56837aa4f5537bf7b4ed1ab6cf69df7a/element HTTP/1.1
User-Agent: selenium/4.12.0 (java windows)
Content-Length: 114
Content-Type: application/json; charset=utf-8
host: localhost:32249
accept: */*

Response DefaultHttpResponse(decodeResult: success, version: HTTP/1.1)
HTTP/1.1 200 OK
Content-Length: 126
Content-Type: application/json; charset=utf-8
cache-control: no-cache

00:33:30.320 [AsyncHttpClient-1-2] DEBUG org.asynchttpclient.netty.channel.ChannelManager - Adding key: http://localhost:32249 for channel [id: 0xd01e8c32, L:/127.0.0.1:61620 - R:localhost/127.0.0.1:32249]
00:33:30.320 [Forwarding sendKeysToElement on session 56837aa4f5537bf7b4ed1ab6cf69df7a to remote] DEBUG org.asynchttpclient.netty.request.NettyRequestSender - Using pooled Channel '[id: 0xd01e8c32, L:/127.0.0.1:61620 - R:localhost/127.0.0.1:32249]' for 'POST' to 'http://localhost:32249/session/56837aa4f5537bf7b4ed1ab6cf69df7a/element/f.E032C8C09C6360B497DD7515C53FEADA.d.BAEA445B3328D562E59FE97EF355F735.e.37/value'
00:33:30.320 [Forwarding sendKeysToElement on session 56837aa4f5537bf7b4ed1ab6cf69df7a to remote] DEBUG org.asynchttpclient.netty.request.NettyRequestSender - Using open Channel [id: 0xd01e8c32, L:/127.0.0.1:61620 - R:localhost/127.0.0.1:32249] for POST '/session/56837aa4f5537bf7b4ed1ab6cf69df7a/element/f.E032C8C09C6360B497DD7515C53FEADA.d.BAEA445B3328D562E59FE97EF355F735.e.37/value'
00:33:30.628 [AsyncHttpClient-1-2] DEBUG org.asynchttpclient.netty.handler.HttpHandler - 

Request DefaultHttpRequest(decodeResult: success, version: HTTP/1.1)
POST /session/56837aa4f5537bf7b4ed1ab6cf69df7a/element/f.E032C8C09C6360B497DD7515C53FEADA.d.BAEA445B3328D562E59FE97EF355F735.e.37/value HTTP/1.1
User-Agent: selenium/4.12.0 (java windows)
Content-Length: 229
Content-Type: application/json; charset=utf-8
host: localhost:32249
accept: */*

Response DefaultHttpResponse(decodeResult: success, version: HTTP/1.1)
HTTP/1.1 200 OK
Content-Length: 14
Content-Type: application/json; charset=utf-8
cache-control: no-cache

00:33:30.628 [AsyncHttpClient-1-2] DEBUG org.asynchttpclient.netty.channel.ChannelManager - Adding key: http://localhost:32249 for channel [id: 0xd01e8c32, L:/127.0.0.1:61620 - R:localhost/127.0.0.1:32249]
00:33:30.628 [Forwarding findElement on session 56837aa4f5537bf7b4ed1ab6cf69df7a to remote] DEBUG org.asynchttpclient.netty.request.NettyRequestSender - Using pooled Channel '[id: 0xd01e8c32, L:/127.0.0.1:61620 - R:localhost/127.0.0.1:32249]' for 'POST' to 'http://localhost:32249/session/56837aa4f5537bf7b4ed1ab6cf69df7a/element'
00:33:30.628 [Forwarding findElement on session 56837aa4f5537bf7b4ed1ab6cf69df7a to remote] DEBUG org.asynchttpclient.netty.request.NettyRequestSender - Using open Channel [id: 0xd01e8c32, L:/127.0.0.1:61620 - R:localhost/127.0.0.1:32249] for POST '/session/56837aa4f5537bf7b4ed1ab6cf69df7a/element'
00:33:30.653 [AsyncHttpClient-1-2] DEBUG org.asynchttpclient.netty.handler.HttpHandler - 

Request DefaultHttpRequest(decodeResult: success, version: HTTP/1.1)
POST /session/56837aa4f5537bf7b4ed1ab6cf69df7a/element HTTP/1.1
User-Agent: selenium/4.12.0 (java windows)
Content-Length: 87
Content-Type: application/json; charset=utf-8
host: localhost:32249
accept: */*

Response DefaultHttpResponse(decodeResult: success, version: HTTP/1.1)
HTTP/1.1 200 OK
Content-Length: 126
Content-Type: application/json; charset=utf-8
cache-control: no-cache

00:33:30.661 [AsyncHttpClient-1-2] DEBUG org.asynchttpclient.netty.channel.ChannelManager - Adding key: http://localhost:32249 for channel [id: 0xd01e8c32, L:/127.0.0.1:61620 - R:localhost/127.0.0.1:32249]
00:33:30.663 [Forwarding sendKeysToElement on session 56837aa4f5537bf7b4ed1ab6cf69df7a to remote] DEBUG org.asynchttpclient.netty.request.NettyRequestSender - Using pooled Channel '[id: 0xd01e8c32, L:/127.0.0.1:61620 - R:localhost/127.0.0.1:32249]' for 'POST' to 'http://localhost:32249/session/56837aa4f5537bf7b4ed1ab6cf69df7a/element/f.E032C8C09C6360B497DD7515C53FEADA.d.BAEA445B3328D562E59FE97EF355F735.e.38/value'
00:33:30.663 [Forwarding sendKeysToElement on session 56837aa4f5537bf7b4ed1ab6cf69df7a to remote] DEBUG org.asynchttpclient.netty.request.NettyRequestSender - Using open Channel [id: 0xd01e8c32, L:/127.0.0.1:61620 - R:localhost/127.0.0.1:32249] for POST '/session/56837aa4f5537bf7b4ed1ab6cf69df7a/element/f.E032C8C09C6360B497DD7515C53FEADA.d.BAEA445B3328D562E59FE97EF355F735.e.38/value'
00:33:30.805 [AsyncHttpClient-1-2] DEBUG org.asynchttpclient.netty.handler.HttpHandler - 

Request DefaultHttpRequest(decodeResult: success, version: HTTP/1.1)
POST /session/56837aa4f5537bf7b4ed1ab6cf69df7a/element/f.E032C8C09C6360B497DD7515C53FEADA.d.BAEA445B3328D562E59FE97EF355F735.e.38/value HTTP/1.1
User-Agent: selenium/4.12.0 (java windows)
Content-Length: 179
Content-Type: application/json; charset=utf-8
host: localhost:32249
accept: */*

Response DefaultHttpResponse(decodeResult: success, version: HTTP/1.1)
HTTP/1.1 200 OK
Content-Length: 14
Content-Type: application/json; charset=utf-8
cache-control: no-cache

00:33:30.805 [AsyncHttpClient-1-2] DEBUG org.asynchttpclient.netty.channel.ChannelManager - Adding key: http://localhost:32249 for channel [id: 0xd01e8c32, L:/127.0.0.1:61620 - R:localhost/127.0.0.1:32249]
00:33:30.805 [Forwarding findElement on session 56837aa4f5537bf7b4ed1ab6cf69df7a to remote] DEBUG org.asynchttpclient.netty.request.NettyRequestSender - Using pooled Channel '[id: 0xd01e8c32, L:/127.0.0.1:61620 - R:localhost/127.0.0.1:32249]' for 'POST' to 'http://localhost:32249/session/56837aa4f5537bf7b4ed1ab6cf69df7a/element'
00:33:30.812 [Forwarding findElement on session 56837aa4f5537bf7b4ed1ab6cf69df7a to remote] DEBUG org.asynchttpclient.netty.request.NettyRequestSender - Using open Channel [id: 0xd01e8c32, L:/127.0.0.1:61620 - R:localhost/127.0.0.1:32249] for POST '/session/56837aa4f5537bf7b4ed1ab6cf69df7a/element'
00:33:30.830 [AsyncHttpClient-1-2] DEBUG org.asynchttpclient.netty.handler.HttpHandler - 

Request DefaultHttpRequest(decodeResult: success, version: HTTP/1.1)
POST /session/56837aa4f5537bf7b4ed1ab6cf69df7a/element HTTP/1.1
User-Agent: selenium/4.12.0 (java windows)
Content-Length: 96
Content-Type: application/json; charset=utf-8
host: localhost:32249
accept: */*

Response DefaultHttpResponse(decodeResult: success, version: HTTP/1.1)
HTTP/1.1 200 OK
Content-Length: 126
Content-Type: application/json; charset=utf-8
cache-control: no-cache

00:33:30.830 [AsyncHttpClient-1-2] DEBUG org.asynchttpclient.netty.channel.ChannelManager - Adding key: http://localhost:32249 for channel [id: 0xd01e8c32, L:/127.0.0.1:61620 - R:localhost/127.0.0.1:32249]
00:33:30.830 [Forwarding sendKeysToElement on session 56837aa4f5537bf7b4ed1ab6cf69df7a to remote] DEBUG org.asynchttpclient.netty.request.NettyRequestSender - Using pooled Channel '[id: 0xd01e8c32, L:/127.0.0.1:61620 - R:localhost/127.0.0.1:32249]' for 'POST' to 'http://localhost:32249/session/56837aa4f5537bf7b4ed1ab6cf69df7a/element/f.E032C8C09C6360B497DD7515C53FEADA.d.BAEA445B3328D562E59FE97EF355F735.e.39/value'
00:33:30.830 [Forwarding sendKeysToElement on session 56837aa4f5537bf7b4ed1ab6cf69df7a to remote] DEBUG org.asynchttpclient.netty.request.NettyRequestSender - Using open Channel [id: 0xd01e8c32, L:/127.0.0.1:61620 - R:localhost/127.0.0.1:32249] for POST '/session/56837aa4f5537bf7b4ed1ab6cf69df7a/element/f.E032C8C09C6360B497DD7515C53FEADA.d.BAEA445B3328D562E59FE97EF355F735.e.39/value'
00:33:30.923 [AsyncHttpClient-1-1] DEBUG org.asynchttpclient.netty.channel.DefaultChannelPool - Entry count for : http://localhost:61621 : 1
00:33:31.029 [AsyncHttpClient-1-2] DEBUG org.asynchttpclient.netty.handler.HttpHandler - 

Request DefaultHttpRequest(decodeResult: success, version: HTTP/1.1)
POST /session/56837aa4f5537bf7b4ed1ab6cf69df7a/element/f.E032C8C09C6360B497DD7515C53FEADA.d.BAEA445B3328D562E59FE97EF355F735.e.39/value HTTP/1.1
User-Agent: selenium/4.12.0 (java windows)
Content-Length: 229
Content-Type: application/json; charset=utf-8
host: localhost:32249
accept: */*

Response DefaultHttpResponse(decodeResult: success, version: HTTP/1.1)
HTTP/1.1 200 OK
Content-Length: 14
Content-Type: application/json; charset=utf-8
cache-control: no-cache

00:33:31.029 [AsyncHttpClient-1-2] DEBUG org.asynchttpclient.netty.channel.ChannelManager - Adding key: http://localhost:32249 for channel [id: 0xd01e8c32, L:/127.0.0.1:61620 - R:localhost/127.0.0.1:32249]
00:33:31.029 [Forwarding findElement on session 56837aa4f5537bf7b4ed1ab6cf69df7a to remote] DEBUG org.asynchttpclient.netty.request.NettyRequestSender - Using pooled Channel '[id: 0xd01e8c32, L:/127.0.0.1:61620 - R:localhost/127.0.0.1:32249]' for 'POST' to 'http://localhost:32249/session/56837aa4f5537bf7b4ed1ab6cf69df7a/element'
00:33:31.029 [Forwarding findElement on session 56837aa4f5537bf7b4ed1ab6cf69df7a to remote] DEBUG org.asynchttpclient.netty.request.NettyRequestSender - Using open Channel [id: 0xd01e8c32, L:/127.0.0.1:61620 - R:localhost/127.0.0.1:32249] for POST '/session/56837aa4f5537bf7b4ed1ab6cf69df7a/element'
00:33:31.046 [AsyncHttpClient-1-2] DEBUG org.asynchttpclient.netty.handler.HttpHandler - 

Request DefaultHttpRequest(decodeResult: success, version: HTTP/1.1)
POST /session/56837aa4f5537bf7b4ed1ab6cf69df7a/element HTTP/1.1
User-Agent: selenium/4.12.0 (java windows)
Content-Length: 84
Content-Type: application/json; charset=utf-8
host: localhost:32249
accept: */*

Response DefaultHttpResponse(decodeResult: success, version: HTTP/1.1)
HTTP/1.1 200 OK
Content-Length: 126
Content-Type: application/json; charset=utf-8
cache-control: no-cache

00:33:31.046 [AsyncHttpClient-1-2] DEBUG org.asynchttpclient.netty.channel.ChannelManager - Adding key: http://localhost:32249 for channel [id: 0xd01e8c32, L:/127.0.0.1:61620 - R:localhost/127.0.0.1:32249]
00:33:31.046 [Forwarding sendKeysToElement on session 56837aa4f5537bf7b4ed1ab6cf69df7a to remote] DEBUG org.asynchttpclient.netty.request.NettyRequestSender - Using pooled Channel '[id: 0xd01e8c32, L:/127.0.0.1:61620 - R:localhost/127.0.0.1:32249]' for 'POST' to 'http://localhost:32249/session/56837aa4f5537bf7b4ed1ab6cf69df7a/element/f.E032C8C09C6360B497DD7515C53FEADA.d.BAEA445B3328D562E59FE97EF355F735.e.40/value'
00:33:31.062 [Forwarding sendKeysToElement on session 56837aa4f5537bf7b4ed1ab6cf69df7a to remote] DEBUG org.asynchttpclient.netty.request.NettyRequestSender - Using open Channel [id: 0xd01e8c32, L:/127.0.0.1:61620 - R:localhost/127.0.0.1:32249] for POST '/session/56837aa4f5537bf7b4ed1ab6cf69df7a/element/f.E032C8C09C6360B497DD7515C53FEADA.d.BAEA445B3328D562E59FE97EF355F735.e.40/value'
00:33:31.344 [AsyncHttpClient-1-2] DEBUG org.asynchttpclient.netty.handler.HttpHandler - 

Request DefaultHttpRequest(decodeResult: success, version: HTTP/1.1)
POST /session/56837aa4f5537bf7b4ed1ab6cf69df7a/element/f.E032C8C09C6360B497DD7515C53FEADA.d.BAEA445B3328D562E59FE97EF355F735.e.40/value HTTP/1.1
User-Agent: selenium/4.12.0 (java windows)
Content-Length: 249
Content-Type: application/json; charset=utf-8
host: localhost:32249
accept: */*

Response DefaultHttpResponse(decodeResult: success, version: HTTP/1.1)
HTTP/1.1 200 OK
Content-Length: 14
Content-Type: application/json; charset=utf-8
cache-control: no-cache

00:33:31.345 [AsyncHttpClient-1-2] DEBUG org.asynchttpclient.netty.channel.ChannelManager - Adding key: http://localhost:32249 for channel [id: 0xd01e8c32, L:/127.0.0.1:61620 - R:localhost/127.0.0.1:32249]
00:33:32.017 [AsyncHttpClient-1-1] DEBUG org.asynchttpclient.netty.channel.DefaultChannelPool - Entry count for : http://localhost:32249 : 1
00:33:32.017 [AsyncHttpClient-1-1] DEBUG org.asynchttpclient.netty.channel.DefaultChannelPool - Entry count for : http://localhost:61621 : 1
00:33:32.367 [Forwarding screenshot on session 56837aa4f5537bf7b4ed1ab6cf69df7a to remote] DEBUG org.asynchttpclient.netty.request.NettyRequestSender - Using pooled Channel '[id: 0xd01e8c32, L:/127.0.0.1:61620 - R:localhost/127.0.0.1:32249]' for 'GET' to 'http://localhost:32249/session/56837aa4f5537bf7b4ed1ab6cf69df7a/screenshot'
00:33:32.367 [Forwarding screenshot on session 56837aa4f5537bf7b4ed1ab6cf69df7a to remote] DEBUG org.asynchttpclient.netty.request.NettyRequestSender - Using open Channel [id: 0xd01e8c32, L:/127.0.0.1:61620 - R:localhost/127.0.0.1:32249] for GET '/session/56837aa4f5537bf7b4ed1ab6cf69df7a/screenshot'
00:33:32.528 [AsyncHttpClient-1-2] DEBUG org.asynchttpclient.netty.handler.HttpHandler - 

Request DefaultFullHttpRequest(decodeResult: success, version: HTTP/1.1, content: EmptyByteBufBE)
GET /session/56837aa4f5537bf7b4ed1ab6cf69df7a/screenshot HTTP/1.1
Cache-Control: no-cache
User-Agent: selenium/4.12.0 (java windows)
Content-Type: application/json; charset=utf-8
host: localhost:32249
accept: */*

Response DefaultHttpResponse(decodeResult: success, version: HTTP/1.1)
HTTP/1.1 200 OK
Content-Length: 326268
Content-Type: application/json; charset=utf-8
cache-control: no-cache

00:33:32.528 [AsyncHttpClient-1-2] DEBUG org.asynchttpclient.netty.channel.ChannelManager - Adding key: http://localhost:32249 for channel [id: 0xd01e8c32, L:/127.0.0.1:61620 - R:localhost/127.0.0.1:32249]
  And Provide the company DetailsRoyal_Steel 447788 Sara_Sharma www.royal.com # StepDefination.Customer_onboarding.Provide_the_customer_Details(java.lang.String,java.lang.String,java.lang.String,java.lang.String)
00:33:33.120 [AsyncHttpClient-1-1] DEBUG org.asynchttpclient.netty.channel.DefaultChannelPool - Entry count for : http://localhost:32249 : 1
00:33:33.120 [AsyncHttpClient-1-1] DEBUG org.asynchttpclient.netty.channel.DefaultChannelPool - Entry count for : http://localhost:61621 : 1
00:33:33.577 [Forwarding findElement on session 56837aa4f5537bf7b4ed1ab6cf69df7a to remote] DEBUG org.asynchttpclient.netty.request.NettyRequestSender - Using pooled Channel '[id: 0xd01e8c32, L:/127.0.0.1:61620 - R:localhost/127.0.0.1:32249]' for 'POST' to 'http://localhost:32249/session/56837aa4f5537bf7b4ed1ab6cf69df7a/element'
00:33:33.577 [Forwarding findElement on session 56837aa4f5537bf7b4ed1ab6cf69df7a to remote] DEBUG org.asynchttpclient.netty.request.NettyRequestSender - Using open Channel [id: 0xd01e8c32, L:/127.0.0.1:61620 - R:localhost/127.0.0.1:32249] for POST '/session/56837aa4f5537bf7b4ed1ab6cf69df7a/element'
00:33:33.593 [AsyncHttpClient-1-2] DEBUG org.asynchttpclient.netty.handler.HttpHandler - 

Request DefaultHttpRequest(decodeResult: success, version: HTTP/1.1)
POST /session/56837aa4f5537bf7b4ed1ab6cf69df7a/element HTTP/1.1
User-Agent: selenium/4.12.0 (java windows)
Content-Length: 82
Content-Type: application/json; charset=utf-8
host: localhost:32249
accept: */*

Response DefaultHttpResponse(decodeResult: success, version: HTTP/1.1)
HTTP/1.1 200 OK
Content-Length: 126
Content-Type: application/json; charset=utf-8
cache-control: no-cache

00:33:33.593 [AsyncHttpClient-1-2] DEBUG org.asynchttpclient.netty.channel.ChannelManager - Adding key: http://localhost:32249 for channel [id: 0xd01e8c32, L:/127.0.0.1:61620 - R:localhost/127.0.0.1:32249]
00:33:33.593 [Forwarding sendKeysToElement on session 56837aa4f5537bf7b4ed1ab6cf69df7a to remote] DEBUG org.asynchttpclient.netty.request.NettyRequestSender - Using pooled Channel '[id: 0xd01e8c32, L:/127.0.0.1:61620 - R:localhost/127.0.0.1:32249]' for 'POST' to 'http://localhost:32249/session/56837aa4f5537bf7b4ed1ab6cf69df7a/element/f.E032C8C09C6360B497DD7515C53FEADA.d.BAEA445B3328D562E59FE97EF355F735.e.41/value'
00:33:33.593 [Forwarding sendKeysToElement on session 56837aa4f5537bf7b4ed1ab6cf69df7a to remote] DEBUG org.asynchttpclient.netty.request.NettyRequestSender - Using open Channel [id: 0xd01e8c32, L:/127.0.0.1:61620 - R:localhost/127.0.0.1:32249] for POST '/session/56837aa4f5537bf7b4ed1ab6cf69df7a/element/f.E032C8C09C6360B497DD7515C53FEADA.d.BAEA445B3328D562E59FE97EF355F735.e.41/value'
00:33:33.839 [AsyncHttpClient-1-2] DEBUG org.asynchttpclient.netty.handler.HttpHandler - 

Request DefaultHttpRequest(decodeResult: success, version: HTTP/1.1)
POST /session/56837aa4f5537bf7b4ed1ab6cf69df7a/element/f.E032C8C09C6360B497DD7515C53FEADA.d.BAEA445B3328D562E59FE97EF355F735.e.41/value HTTP/1.1
User-Agent: selenium/4.12.0 (java windows)
Content-Length: 259
Content-Type: application/json; charset=utf-8
host: localhost:32249
accept: */*

Response DefaultHttpResponse(decodeResult: success, version: HTTP/1.1)
HTTP/1.1 200 OK
Content-Length: 14
Content-Type: application/json; charset=utf-8
cache-control: no-cache

00:33:33.839 [AsyncHttpClient-1-2] DEBUG org.asynchttpclient.netty.channel.ChannelManager - Adding key: http://localhost:32249 for channel [id: 0xd01e8c32, L:/127.0.0.1:61620 - R:localhost/127.0.0.1:32249]
00:33:33.845 [Forwarding findElement on session 56837aa4f5537bf7b4ed1ab6cf69df7a to remote] DEBUG org.asynchttpclient.netty.request.NettyRequestSender - Using pooled Channel '[id: 0xd01e8c32, L:/127.0.0.1:61620 - R:localhost/127.0.0.1:32249]' for 'POST' to 'http://localhost:32249/session/56837aa4f5537bf7b4ed1ab6cf69df7a/element'
00:33:33.845 [Forwarding findElement on session 56837aa4f5537bf7b4ed1ab6cf69df7a to remote] DEBUG org.asynchttpclient.netty.request.NettyRequestSender - Using open Channel [id: 0xd01e8c32, L:/127.0.0.1:61620 - R:localhost/127.0.0.1:32249] for POST '/session/56837aa4f5537bf7b4ed1ab6cf69df7a/element'
00:33:33.846 [AsyncHttpClient-1-2] DEBUG org.asynchttpclient.netty.handler.HttpHandler - 

Request DefaultHttpRequest(decodeResult: success, version: HTTP/1.1)
POST /session/56837aa4f5537bf7b4ed1ab6cf69df7a/element HTTP/1.1
User-Agent: selenium/4.12.0 (java windows)
Content-Length: 89
Content-Type: application/json; charset=utf-8
host: localhost:32249
accept: */*

Response DefaultHttpResponse(decodeResult: success, version: HTTP/1.1)
HTTP/1.1 200 OK
Content-Length: 126
Content-Type: application/json; charset=utf-8
cache-control: no-cache

00:33:33.860 [AsyncHttpClient-1-2] DEBUG org.asynchttpclient.netty.channel.ChannelManager - Adding key: http://localhost:32249 for channel [id: 0xd01e8c32, L:/127.0.0.1:61620 - R:localhost/127.0.0.1:32249]
00:33:33.864 [Forwarding sendKeysToElement on session 56837aa4f5537bf7b4ed1ab6cf69df7a to remote] DEBUG org.asynchttpclient.netty.request.NettyRequestSender - Using pooled Channel '[id: 0xd01e8c32, L:/127.0.0.1:61620 - R:localhost/127.0.0.1:32249]' for 'POST' to 'http://localhost:32249/session/56837aa4f5537bf7b4ed1ab6cf69df7a/element/f.E032C8C09C6360B497DD7515C53FEADA.d.BAEA445B3328D562E59FE97EF355F735.e.43/value'
00:33:33.864 [Forwarding sendKeysToElement on session 56837aa4f5537bf7b4ed1ab6cf69df7a to remote] DEBUG org.asynchttpclient.netty.request.NettyRequestSender - Using open Channel [id: 0xd01e8c32, L:/127.0.0.1:61620 - R:localhost/127.0.0.1:32249] for POST '/session/56837aa4f5537bf7b4ed1ab6cf69df7a/element/f.E032C8C09C6360B497DD7515C53FEADA.d.BAEA445B3328D562E59FE97EF355F735.e.43/value'
00:33:34.064 [AsyncHttpClient-1-2] DEBUG org.asynchttpclient.netty.handler.HttpHandler - 

Request DefaultHttpRequest(decodeResult: success, version: HTTP/1.1)
POST /session/56837aa4f5537bf7b4ed1ab6cf69df7a/element/f.E032C8C09C6360B497DD7515C53FEADA.d.BAEA445B3328D562E59FE97EF355F735.e.43/value HTTP/1.1
User-Agent: selenium/4.12.0 (java windows)
Content-Length: 219
Content-Type: application/json; charset=utf-8
host: localhost:32249
accept: */*

Response DefaultHttpResponse(decodeResult: success, version: HTTP/1.1)
HTTP/1.1 200 OK
Content-Length: 14
Content-Type: application/json; charset=utf-8
cache-control: no-cache

00:33:34.064 [AsyncHttpClient-1-2] DEBUG org.asynchttpclient.netty.channel.ChannelManager - Adding key: http://localhost:32249 for channel [id: 0xd01e8c32, L:/127.0.0.1:61620 - R:localhost/127.0.0.1:32249]
00:33:34.066 [Forwarding screenshot on session 56837aa4f5537bf7b4ed1ab6cf69df7a to remote] DEBUG org.asynchttpclient.netty.request.NettyRequestSender - Using pooled Channel '[id: 0xd01e8c32, L:/127.0.0.1:61620 - R:localhost/127.0.0.1:32249]' for 'GET' to 'http://localhost:32249/session/56837aa4f5537bf7b4ed1ab6cf69df7a/screenshot'
00:33:34.066 [Forwarding screenshot on session 56837aa4f5537bf7b4ed1ab6cf69df7a to remote] DEBUG org.asynchttpclient.netty.request.NettyRequestSender - Using open Channel [id: 0xd01e8c32, L:/127.0.0.1:61620 - R:localhost/127.0.0.1:32249] for GET '/session/56837aa4f5537bf7b4ed1ab6cf69df7a/screenshot'
00:33:34.215 [AsyncHttpClient-1-1] DEBUG org.asynchttpclient.netty.channel.DefaultChannelPool - Entry count for : http://localhost:61621 : 1
00:33:34.293 [AsyncHttpClient-1-2] DEBUG org.asynchttpclient.netty.handler.HttpHandler - 

Request DefaultFullHttpRequest(decodeResult: success, version: HTTP/1.1, content: EmptyByteBufBE)
GET /session/56837aa4f5537bf7b4ed1ab6cf69df7a/screenshot HTTP/1.1
Cache-Control: no-cache
User-Agent: selenium/4.12.0 (java windows)
Content-Type: application/json; charset=utf-8
host: localhost:32249
accept: */*

Response DefaultHttpResponse(decodeResult: success, version: HTTP/1.1)
HTTP/1.1 200 OK
Content-Length: 333144
Content-Type: application/json; charset=utf-8
cache-control: no-cache

00:33:34.293 [AsyncHttpClient-1-2] DEBUG org.asynchttpclient.netty.channel.ChannelManager - Adding key: http://localhost:32249 for channel [id: 0xd01e8c32, L:/127.0.0.1:61620 - R:localhost/127.0.0.1:32249]
  And Provide the contact Details9865768576 royal@mail.com                    # StepDefination.Customer_onboarding.Provide_the_contact_Details(java.lang.String,java.lang.String)
00:33:35.321 [AsyncHttpClient-1-1] DEBUG org.asynchttpclient.netty.channel.DefaultChannelPool - Entry count for : http://localhost:32249 : 1
00:33:35.321 [AsyncHttpClient-1-1] DEBUG org.asynchttpclient.netty.channel.DefaultChannelPool - Entry count for : http://localhost:61621 : 1
00:33:35.337 [Forwarding findElement on session 56837aa4f5537bf7b4ed1ab6cf69df7a to remote] DEBUG org.asynchttpclient.netty.request.NettyRequestSender - Using pooled Channel '[id: 0xd01e8c32, L:/127.0.0.1:61620 - R:localhost/127.0.0.1:32249]' for 'POST' to 'http://localhost:32249/session/56837aa4f5537bf7b4ed1ab6cf69df7a/element'
00:33:35.337 [Forwarding findElement on session 56837aa4f5537bf7b4ed1ab6cf69df7a to remote] DEBUG org.asynchttpclient.netty.request.NettyRequestSender - Using open Channel [id: 0xd01e8c32, L:/127.0.0.1:61620 - R:localhost/127.0.0.1:32249] for POST '/session/56837aa4f5537bf7b4ed1ab6cf69df7a/element'
00:33:35.352 [AsyncHttpClient-1-2] DEBUG org.asynchttpclient.netty.handler.HttpHandler - 

Request DefaultHttpRequest(decodeResult: success, version: HTTP/1.1)
POST /session/56837aa4f5537bf7b4ed1ab6cf69df7a/element HTTP/1.1
User-Agent: selenium/4.12.0 (java windows)
Content-Length: 94
Content-Type: application/json; charset=utf-8
host: localhost:32249
accept: */*

Response DefaultHttpResponse(decodeResult: success, version: HTTP/1.1)
HTTP/1.1 200 OK
Content-Length: 126
Content-Type: application/json; charset=utf-8
cache-control: no-cache

00:33:35.352 [AsyncHttpClient-1-2] DEBUG org.asynchttpclient.netty.channel.ChannelManager - Adding key: http://localhost:32249 for channel [id: 0xd01e8c32, L:/127.0.0.1:61620 - R:localhost/127.0.0.1:32249]
00:33:35.352 [Forwarding sendKeysToElement on session 56837aa4f5537bf7b4ed1ab6cf69df7a to remote] DEBUG org.asynchttpclient.netty.request.NettyRequestSender - Using pooled Channel '[id: 0xd01e8c32, L:/127.0.0.1:61620 - R:localhost/127.0.0.1:32249]' for 'POST' to 'http://localhost:32249/session/56837aa4f5537bf7b4ed1ab6cf69df7a/element/f.E032C8C09C6360B497DD7515C53FEADA.d.BAEA445B3328D562E59FE97EF355F735.e.42/value'
00:33:35.352 [Forwarding sendKeysToElement on session 56837aa4f5537bf7b4ed1ab6cf69df7a to remote] DEBUG org.asynchttpclient.netty.request.NettyRequestSender - Using open Channel [id: 0xd01e8c32, L:/127.0.0.1:61620 - R:localhost/127.0.0.1:32249] for POST '/session/56837aa4f5537bf7b4ed1ab6cf69df7a/element/f.E032C8C09C6360B497DD7515C53FEADA.d.BAEA445B3328D562E59FE97EF355F735.e.42/value'
00:33:35.579 [AsyncHttpClient-1-2] DEBUG org.asynchttpclient.netty.handler.HttpHandler - 

Request DefaultHttpRequest(decodeResult: success, version: HTTP/1.1)
POST /session/56837aa4f5537bf7b4ed1ab6cf69df7a/element/f.E032C8C09C6360B497DD7515C53FEADA.d.BAEA445B3328D562E59FE97EF355F735.e.42/value HTTP/1.1
User-Agent: selenium/4.12.0 (java windows)
Content-Length: 239
Content-Type: application/json; charset=utf-8
host: localhost:32249
accept: */*

Response DefaultHttpResponse(decodeResult: success, version: HTTP/1.1)
HTTP/1.1 200 OK
Content-Length: 14
Content-Type: application/json; charset=utf-8
cache-control: no-cache

00:33:35.579 [AsyncHttpClient-1-2] DEBUG org.asynchttpclient.netty.channel.ChannelManager - Adding key: http://localhost:32249 for channel [id: 0xd01e8c32, L:/127.0.0.1:61620 - R:localhost/127.0.0.1:32249]
00:33:35.579 [Forwarding findElement on session 56837aa4f5537bf7b4ed1ab6cf69df7a to remote] DEBUG org.asynchttpclient.netty.request.NettyRequestSender - Using pooled Channel '[id: 0xd01e8c32, L:/127.0.0.1:61620 - R:localhost/127.0.0.1:32249]' for 'POST' to 'http://localhost:32249/session/56837aa4f5537bf7b4ed1ab6cf69df7a/element'
00:33:35.579 [Forwarding findElement on session 56837aa4f5537bf7b4ed1ab6cf69df7a to remote] DEBUG org.asynchttpclient.netty.request.NettyRequestSender - Using open Channel [id: 0xd01e8c32, L:/127.0.0.1:61620 - R:localhost/127.0.0.1:32249] for POST '/session/56837aa4f5537bf7b4ed1ab6cf69df7a/element'
00:33:35.613 [AsyncHttpClient-1-2] DEBUG org.asynchttpclient.netty.handler.HttpHandler - 

Request DefaultHttpRequest(decodeResult: success, version: HTTP/1.1)
POST /session/56837aa4f5537bf7b4ed1ab6cf69df7a/element HTTP/1.1
User-Agent: selenium/4.12.0 (java windows)
Content-Length: 101
Content-Type: application/json; charset=utf-8
host: localhost:32249
accept: */*

Response DefaultHttpResponse(decodeResult: success, version: HTTP/1.1)
HTTP/1.1 200 OK
Content-Length: 126
Content-Type: application/json; charset=utf-8
cache-control: no-cache

00:33:35.613 [AsyncHttpClient-1-2] DEBUG org.asynchttpclient.netty.channel.ChannelManager - Adding key: http://localhost:32249 for channel [id: 0xd01e8c32, L:/127.0.0.1:61620 - R:localhost/127.0.0.1:32249]
00:33:35.613 [Forwarding sendKeysToElement on session 56837aa4f5537bf7b4ed1ab6cf69df7a to remote] DEBUG org.asynchttpclient.netty.request.NettyRequestSender - Using pooled Channel '[id: 0xd01e8c32, L:/127.0.0.1:61620 - R:localhost/127.0.0.1:32249]' for 'POST' to 'http://localhost:32249/session/56837aa4f5537bf7b4ed1ab6cf69df7a/element/f.E032C8C09C6360B497DD7515C53FEADA.d.BAEA445B3328D562E59FE97EF355F735.e.44/value'
00:33:35.613 [Forwarding sendKeysToElement on session 56837aa4f5537bf7b4ed1ab6cf69df7a to remote] DEBUG org.asynchttpclient.netty.request.NettyRequestSender - Using open Channel [id: 0xd01e8c32, L:/127.0.0.1:61620 - R:localhost/127.0.0.1:32249] for POST '/session/56837aa4f5537bf7b4ed1ab6cf69df7a/element/f.E032C8C09C6360B497DD7515C53FEADA.d.BAEA445B3328D562E59FE97EF355F735.e.44/value'
00:33:35.769 [AsyncHttpClient-1-2] DEBUG org.asynchttpclient.netty.handler.HttpHandler - 

Request DefaultHttpRequest(decodeResult: success, version: HTTP/1.1)
POST /session/56837aa4f5537bf7b4ed1ab6cf69df7a/element/f.E032C8C09C6360B497DD7515C53FEADA.d.BAEA445B3328D562E59FE97EF355F735.e.44/value HTTP/1.1
User-Agent: selenium/4.12.0 (java windows)
Content-Length: 209
Content-Type: application/json; charset=utf-8
host: localhost:32249
accept: */*

Response DefaultHttpResponse(decodeResult: success, version: HTTP/1.1)
HTTP/1.1 200 OK
Content-Length: 14
Content-Type: application/json; charset=utf-8
cache-control: no-cache

00:33:35.769 [AsyncHttpClient-1-2] DEBUG org.asynchttpclient.netty.channel.ChannelManager - Adding key: http://localhost:32249 for channel [id: 0xd01e8c32, L:/127.0.0.1:61620 - R:localhost/127.0.0.1:32249]
00:33:36.288 [Forwarding screenshot on session 56837aa4f5537bf7b4ed1ab6cf69df7a to remote] DEBUG org.asynchttpclient.netty.request.NettyRequestSender - Using pooled Channel '[id: 0xd01e8c32, L:/127.0.0.1:61620 - R:localhost/127.0.0.1:32249]' for 'GET' to 'http://localhost:32249/session/56837aa4f5537bf7b4ed1ab6cf69df7a/screenshot'
00:33:36.288 [Forwarding screenshot on session 56837aa4f5537bf7b4ed1ab6cf69df7a to remote] DEBUG org.asynchttpclient.netty.request.NettyRequestSender - Using open Channel [id: 0xd01e8c32, L:/127.0.0.1:61620 - R:localhost/127.0.0.1:32249] for GET '/session/56837aa4f5537bf7b4ed1ab6cf69df7a/screenshot'
00:33:36.415 [AsyncHttpClient-1-1] DEBUG org.asynchttpclient.netty.channel.DefaultChannelPool - Entry count for : http://localhost:61621 : 1
00:33:36.464 [AsyncHttpClient-1-2] DEBUG org.asynchttpclient.netty.handler.HttpHandler - 

Request DefaultFullHttpRequest(decodeResult: success, version: HTTP/1.1, content: EmptyByteBufBE)
GET /session/56837aa4f5537bf7b4ed1ab6cf69df7a/screenshot HTTP/1.1
Cache-Control: no-cache
User-Agent: selenium/4.12.0 (java windows)
Content-Type: application/json; charset=utf-8
host: localhost:32249
accept: */*

Response DefaultHttpResponse(decodeResult: success, version: HTTP/1.1)
HTTP/1.1 200 OK
Content-Length: 328372
Content-Type: application/json; charset=utf-8
cache-control: no-cache

00:33:36.478 [AsyncHttpClient-1-2] DEBUG org.asynchttpclient.netty.channel.ChannelManager - Adding key: http://localhost:32249 for channel [id: 0xd01e8c32, L:/127.0.0.1:61620 - R:localhost/127.0.0.1:32249]
  And Provide the alternate Details859889569 alt@mail.com                     # StepDefination.Customer_onboarding.Provide_the_alternate_Details(java.lang.String,java.lang.String)
00:33:36.502 [Forwarding findElement on session 56837aa4f5537bf7b4ed1ab6cf69df7a to remote] DEBUG org.asynchttpclient.netty.request.NettyRequestSender - Using pooled Channel '[id: 0xd01e8c32, L:/127.0.0.1:61620 - R:localhost/127.0.0.1:32249]' for 'POST' to 'http://localhost:32249/session/56837aa4f5537bf7b4ed1ab6cf69df7a/element'
00:33:36.509 [Forwarding findElement on session 56837aa4f5537bf7b4ed1ab6cf69df7a to remote] DEBUG org.asynchttpclient.netty.request.NettyRequestSender - Using open Channel [id: 0xd01e8c32, L:/127.0.0.1:61620 - R:localhost/127.0.0.1:32249] for POST '/session/56837aa4f5537bf7b4ed1ab6cf69df7a/element'
00:33:36.525 [AsyncHttpClient-1-2] DEBUG org.asynchttpclient.netty.handler.HttpHandler - 

Request DefaultHttpRequest(decodeResult: success, version: HTTP/1.1)
POST /session/56837aa4f5537bf7b4ed1ab6cf69df7a/element HTTP/1.1
User-Agent: selenium/4.12.0 (java windows)
Content-Length: 88
Content-Type: application/json; charset=utf-8
host: localhost:32249
accept: */*

Response DefaultHttpResponse(decodeResult: success, version: HTTP/1.1)
HTTP/1.1 200 OK
Content-Length: 126
Content-Type: application/json; charset=utf-8
cache-control: no-cache

00:33:36.525 [AsyncHttpClient-1-2] DEBUG org.asynchttpclient.netty.channel.ChannelManager - Adding key: http://localhost:32249 for channel [id: 0xd01e8c32, L:/127.0.0.1:61620 - R:localhost/127.0.0.1:32249]
00:33:36.525 [Forwarding sendKeysToElement on session 56837aa4f5537bf7b4ed1ab6cf69df7a to remote] DEBUG org.asynchttpclient.netty.request.NettyRequestSender - Using pooled Channel '[id: 0xd01e8c32, L:/127.0.0.1:61620 - R:localhost/127.0.0.1:32249]' for 'POST' to 'http://localhost:32249/session/56837aa4f5537bf7b4ed1ab6cf69df7a/element/f.E032C8C09C6360B497DD7515C53FEADA.d.BAEA445B3328D562E59FE97EF355F735.e.46/value'
00:33:36.525 [Forwarding sendKeysToElement on session 56837aa4f5537bf7b4ed1ab6cf69df7a to remote] DEBUG org.asynchttpclient.netty.request.NettyRequestSender - Using open Channel [id: 0xd01e8c32, L:/127.0.0.1:61620 - R:localhost/127.0.0.1:32249] for POST '/session/56837aa4f5537bf7b4ed1ab6cf69df7a/element/f.E032C8C09C6360B497DD7515C53FEADA.d.BAEA445B3328D562E59FE97EF355F735.e.46/value'
00:33:36.752 [AsyncHttpClient-1-2] DEBUG org.asynchttpclient.netty.handler.HttpHandler - 

Request DefaultHttpRequest(decodeResult: success, version: HTTP/1.1)
POST /session/56837aa4f5537bf7b4ed1ab6cf69df7a/element/f.E032C8C09C6360B497DD7515C53FEADA.d.BAEA445B3328D562E59FE97EF355F735.e.46/value HTTP/1.1
User-Agent: selenium/4.12.0 (java windows)
Content-Length: 259
Content-Type: application/json; charset=utf-8
host: localhost:32249
accept: */*

Response DefaultHttpResponse(decodeResult: success, version: HTTP/1.1)
HTTP/1.1 200 OK
Content-Length: 14
Content-Type: application/json; charset=utf-8
cache-control: no-cache

00:33:36.752 [AsyncHttpClient-1-2] DEBUG org.asynchttpclient.netty.channel.ChannelManager - Adding key: http://localhost:32249 for channel [id: 0xd01e8c32, L:/127.0.0.1:61620 - R:localhost/127.0.0.1:32249]
00:33:36.752 [Forwarding findElement on session 56837aa4f5537bf7b4ed1ab6cf69df7a to remote] DEBUG org.asynchttpclient.netty.request.NettyRequestSender - Using pooled Channel '[id: 0xd01e8c32, L:/127.0.0.1:61620 - R:localhost/127.0.0.1:32249]' for 'POST' to 'http://localhost:32249/session/56837aa4f5537bf7b4ed1ab6cf69df7a/element'
00:33:36.752 [Forwarding findElement on session 56837aa4f5537bf7b4ed1ab6cf69df7a to remote] DEBUG org.asynchttpclient.netty.request.NettyRequestSender - Using open Channel [id: 0xd01e8c32, L:/127.0.0.1:61620 - R:localhost/127.0.0.1:32249] for POST '/session/56837aa4f5537bf7b4ed1ab6cf69df7a/element'
00:33:36.765 [AsyncHttpClient-1-2] DEBUG org.asynchttpclient.netty.handler.HttpHandler - 

Request DefaultHttpRequest(decodeResult: success, version: HTTP/1.1)
POST /session/56837aa4f5537bf7b4ed1ab6cf69df7a/element HTTP/1.1
User-Agent: selenium/4.12.0 (java windows)
Content-Length: 75
Content-Type: application/json; charset=utf-8
host: localhost:32249
accept: */*

Response DefaultHttpResponse(decodeResult: success, version: HTTP/1.1)
HTTP/1.1 200 OK
Content-Length: 126
Content-Type: application/json; charset=utf-8
cache-control: no-cache

00:33:36.765 [AsyncHttpClient-1-2] DEBUG org.asynchttpclient.netty.channel.ChannelManager - Adding key: http://localhost:32249 for channel [id: 0xd01e8c32, L:/127.0.0.1:61620 - R:localhost/127.0.0.1:32249]
00:33:36.779 [Forwarding sendKeysToElement on session 56837aa4f5537bf7b4ed1ab6cf69df7a to remote] DEBUG org.asynchttpclient.netty.request.NettyRequestSender - Using pooled Channel '[id: 0xd01e8c32, L:/127.0.0.1:61620 - R:localhost/127.0.0.1:32249]' for 'POST' to 'http://localhost:32249/session/56837aa4f5537bf7b4ed1ab6cf69df7a/element/f.E032C8C09C6360B497DD7515C53FEADA.d.BAEA445B3328D562E59FE97EF355F735.e.47/value'
00:33:36.779 [Forwarding sendKeysToElement on session 56837aa4f5537bf7b4ed1ab6cf69df7a to remote] DEBUG org.asynchttpclient.netty.request.NettyRequestSender - Using open Channel [id: 0xd01e8c32, L:/127.0.0.1:61620 - R:localhost/127.0.0.1:32249] for POST '/session/56837aa4f5537bf7b4ed1ab6cf69df7a/element/f.E032C8C09C6360B497DD7515C53FEADA.d.BAEA445B3328D562E59FE97EF355F735.e.47/value'
00:33:36.871 [AsyncHttpClient-1-2] DEBUG org.asynchttpclient.netty.handler.HttpHandler - 

Request DefaultHttpRequest(decodeResult: success, version: HTTP/1.1)
POST /session/56837aa4f5537bf7b4ed1ab6cf69df7a/element/f.E032C8C09C6360B497DD7515C53FEADA.d.BAEA445B3328D562E59FE97EF355F735.e.47/value HTTP/1.1
User-Agent: selenium/4.12.0 (java windows)
Content-Length: 139
Content-Type: application/json; charset=utf-8
host: localhost:32249
accept: */*

Response DefaultHttpResponse(decodeResult: success, version: HTTP/1.1)
HTTP/1.1 200 OK
Content-Length: 14
Content-Type: application/json; charset=utf-8
cache-control: no-cache

00:33:36.871 [AsyncHttpClient-1-2] DEBUG org.asynchttpclient.netty.channel.ChannelManager - Adding key: http://localhost:32249 for channel [id: 0xd01e8c32, L:/127.0.0.1:61620 - R:localhost/127.0.0.1:32249]
00:33:36.871 [Forwarding findElement on session 56837aa4f5537bf7b4ed1ab6cf69df7a to remote] DEBUG org.asynchttpclient.netty.request.NettyRequestSender - Using pooled Channel '[id: 0xd01e8c32, L:/127.0.0.1:61620 - R:localhost/127.0.0.1:32249]' for 'POST' to 'http://localhost:32249/session/56837aa4f5537bf7b4ed1ab6cf69df7a/element'
00:33:36.871 [Forwarding findElement on session 56837aa4f5537bf7b4ed1ab6cf69df7a to remote] DEBUG org.asynchttpclient.netty.request.NettyRequestSender - Using open Channel [id: 0xd01e8c32, L:/127.0.0.1:61620 - R:localhost/127.0.0.1:32249] for POST '/session/56837aa4f5537bf7b4ed1ab6cf69df7a/element'
00:33:36.894 [AsyncHttpClient-1-2] DEBUG org.asynchttpclient.netty.handler.HttpHandler - 

Request DefaultHttpRequest(decodeResult: success, version: HTTP/1.1)
POST /session/56837aa4f5537bf7b4ed1ab6cf69df7a/element HTTP/1.1
User-Agent: selenium/4.12.0 (java windows)
Content-Length: 90
Content-Type: application/json; charset=utf-8
host: localhost:32249
accept: */*

Response DefaultHttpResponse(decodeResult: success, version: HTTP/1.1)
HTTP/1.1 200 OK
Content-Length: 126
Content-Type: application/json; charset=utf-8
cache-control: no-cache

00:33:36.894 [AsyncHttpClient-1-2] DEBUG org.asynchttpclient.netty.channel.ChannelManager - Adding key: http://localhost:32249 for channel [id: 0xd01e8c32, L:/127.0.0.1:61620 - R:localhost/127.0.0.1:32249]
00:33:36.899 [Forwarding sendKeysToElement on session 56837aa4f5537bf7b4ed1ab6cf69df7a to remote] DEBUG org.asynchttpclient.netty.request.NettyRequestSender - Using pooled Channel '[id: 0xd01e8c32, L:/127.0.0.1:61620 - R:localhost/127.0.0.1:32249]' for 'POST' to 'http://localhost:32249/session/56837aa4f5537bf7b4ed1ab6cf69df7a/element/f.E032C8C09C6360B497DD7515C53FEADA.d.BAEA445B3328D562E59FE97EF355F735.e.48/value'
00:33:36.900 [Forwarding sendKeysToElement on session 56837aa4f5537bf7b4ed1ab6cf69df7a to remote] DEBUG org.asynchttpclient.netty.request.NettyRequestSender - Using open Channel [id: 0xd01e8c32, L:/127.0.0.1:61620 - R:localhost/127.0.0.1:32249] for POST '/session/56837aa4f5537bf7b4ed1ab6cf69df7a/element/f.E032C8C09C6360B497DD7515C53FEADA.d.BAEA445B3328D562E59FE97EF355F735.e.48/value'
00:33:37.010 [AsyncHttpClient-1-2] DEBUG org.asynchttpclient.netty.handler.HttpHandler - 

Request DefaultHttpRequest(decodeResult: success, version: HTTP/1.1)
POST /session/56837aa4f5537bf7b4ed1ab6cf69df7a/element/f.E032C8C09C6360B497DD7515C53FEADA.d.BAEA445B3328D562E59FE97EF355F735.e.48/value HTTP/1.1
User-Agent: selenium/4.12.0 (java windows)
Content-Length: 139
Content-Type: application/json; charset=utf-8
host: localhost:32249
accept: */*

Response DefaultHttpResponse(decodeResult: success, version: HTTP/1.1)
HTTP/1.1 200 OK
Content-Length: 14
Content-Type: application/json; charset=utf-8
cache-control: no-cache

00:33:37.010 [AsyncHttpClient-1-2] DEBUG org.asynchttpclient.netty.channel.ChannelManager - Adding key: http://localhost:32249 for channel [id: 0xd01e8c32, L:/127.0.0.1:61620 - R:localhost/127.0.0.1:32249]
00:33:37.013 [Forwarding findElement on session 56837aa4f5537bf7b4ed1ab6cf69df7a to remote] DEBUG org.asynchttpclient.netty.request.NettyRequestSender - Using pooled Channel '[id: 0xd01e8c32, L:/127.0.0.1:61620 - R:localhost/127.0.0.1:32249]' for 'POST' to 'http://localhost:32249/session/56837aa4f5537bf7b4ed1ab6cf69df7a/element'
00:33:37.013 [Forwarding findElement on session 56837aa4f5537bf7b4ed1ab6cf69df7a to remote] DEBUG org.asynchttpclient.netty.request.NettyRequestSender - Using open Channel [id: 0xd01e8c32, L:/127.0.0.1:61620 - R:localhost/127.0.0.1:32249] for POST '/session/56837aa4f5537bf7b4ed1ab6cf69df7a/element'
00:33:37.031 [AsyncHttpClient-1-2] DEBUG org.asynchttpclient.netty.handler.HttpHandler - 

Request DefaultHttpRequest(decodeResult: success, version: HTTP/1.1)
POST /session/56837aa4f5537bf7b4ed1ab6cf69df7a/element HTTP/1.1
User-Agent: selenium/4.12.0 (java windows)
Content-Length: 96
Content-Type: application/json; charset=utf-8
host: localhost:32249
accept: */*

Response DefaultHttpResponse(decodeResult: success, version: HTTP/1.1)
HTTP/1.1 200 OK
Content-Length: 126
Content-Type: application/json; charset=utf-8
cache-control: no-cache

00:33:37.031 [AsyncHttpClient-1-2] DEBUG org.asynchttpclient.netty.channel.ChannelManager - Adding key: http://localhost:32249 for channel [id: 0xd01e8c32, L:/127.0.0.1:61620 - R:localhost/127.0.0.1:32249]
00:33:37.033 [Forwarding sendKeysToElement on session 56837aa4f5537bf7b4ed1ab6cf69df7a to remote] DEBUG org.asynchttpclient.netty.request.NettyRequestSender - Using pooled Channel '[id: 0xd01e8c32, L:/127.0.0.1:61620 - R:localhost/127.0.0.1:32249]' for 'POST' to 'http://localhost:32249/session/56837aa4f5537bf7b4ed1ab6cf69df7a/element/f.E032C8C09C6360B497DD7515C53FEADA.d.BAEA445B3328D562E59FE97EF355F735.e.49/value'
00:33:37.034 [Forwarding sendKeysToElement on session 56837aa4f5537bf7b4ed1ab6cf69df7a to remote] DEBUG org.asynchttpclient.netty.request.NettyRequestSender - Using open Channel [id: 0xd01e8c32, L:/127.0.0.1:61620 - R:localhost/127.0.0.1:32249] for POST '/session/56837aa4f5537bf7b4ed1ab6cf69df7a/element/f.E032C8C09C6360B497DD7515C53FEADA.d.BAEA445B3328D562E59FE97EF355F735.e.49/value'
00:33:37.185 [AsyncHttpClient-1-2] DEBUG org.asynchttpclient.netty.handler.HttpHandler - 

Request DefaultHttpRequest(decodeResult: success, version: HTTP/1.1)
POST /session/56837aa4f5537bf7b4ed1ab6cf69df7a/element/f.E032C8C09C6360B497DD7515C53FEADA.d.BAEA445B3328D562E59FE97EF355F735.e.49/value HTTP/1.1
User-Agent: selenium/4.12.0 (java windows)
Content-Length: 179
Content-Type: application/json; charset=utf-8
host: localhost:32249
accept: */*

Response DefaultHttpResponse(decodeResult: success, version: HTTP/1.1)
HTTP/1.1 200 OK
Content-Length: 14
Content-Type: application/json; charset=utf-8
cache-control: no-cache

00:33:37.185 [AsyncHttpClient-1-2] DEBUG org.asynchttpclient.netty.channel.ChannelManager - Adding key: http://localhost:32249 for channel [id: 0xd01e8c32, L:/127.0.0.1:61620 - R:localhost/127.0.0.1:32249]
00:33:37.187 [Forwarding findElement on session 56837aa4f5537bf7b4ed1ab6cf69df7a to remote] DEBUG org.asynchttpclient.netty.request.NettyRequestSender - Using pooled Channel '[id: 0xd01e8c32, L:/127.0.0.1:61620 - R:localhost/127.0.0.1:32249]' for 'POST' to 'http://localhost:32249/session/56837aa4f5537bf7b4ed1ab6cf69df7a/element'
00:33:37.187 [Forwarding findElement on session 56837aa4f5537bf7b4ed1ab6cf69df7a to remote] DEBUG org.asynchttpclient.netty.request.NettyRequestSender - Using open Channel [id: 0xd01e8c32, L:/127.0.0.1:61620 - R:localhost/127.0.0.1:32249] for POST '/session/56837aa4f5537bf7b4ed1ab6cf69df7a/element'
00:33:37.201 [AsyncHttpClient-1-2] DEBUG org.asynchttpclient.netty.handler.HttpHandler - 

Request DefaultHttpRequest(decodeResult: success, version: HTTP/1.1)
POST /session/56837aa4f5537bf7b4ed1ab6cf69df7a/element HTTP/1.1
User-Agent: selenium/4.12.0 (java windows)
Content-Length: 78
Content-Type: application/json; charset=utf-8
host: localhost:32249
accept: */*

Response DefaultHttpResponse(decodeResult: success, version: HTTP/1.1)
HTTP/1.1 200 OK
Content-Length: 126
Content-Type: application/json; charset=utf-8
cache-control: no-cache

00:33:37.201 [AsyncHttpClient-1-2] DEBUG org.asynchttpclient.netty.channel.ChannelManager - Adding key: http://localhost:32249 for channel [id: 0xd01e8c32, L:/127.0.0.1:61620 - R:localhost/127.0.0.1:32249]
00:33:37.215 [Forwarding sendKeysToElement on session 56837aa4f5537bf7b4ed1ab6cf69df7a to remote] DEBUG org.asynchttpclient.netty.request.NettyRequestSender - Using pooled Channel '[id: 0xd01e8c32, L:/127.0.0.1:61620 - R:localhost/127.0.0.1:32249]' for 'POST' to 'http://localhost:32249/session/56837aa4f5537bf7b4ed1ab6cf69df7a/element/f.E032C8C09C6360B497DD7515C53FEADA.d.BAEA445B3328D562E59FE97EF355F735.e.50/value'
00:33:37.215 [Forwarding sendKeysToElement on session 56837aa4f5537bf7b4ed1ab6cf69df7a to remote] DEBUG org.asynchttpclient.netty.request.NettyRequestSender - Using open Channel [id: 0xd01e8c32, L:/127.0.0.1:61620 - R:localhost/127.0.0.1:32249] for POST '/session/56837aa4f5537bf7b4ed1ab6cf69df7a/element/f.E032C8C09C6360B497DD7515C53FEADA.d.BAEA445B3328D562E59FE97EF355F735.e.50/value'
00:33:37.319 [AsyncHttpClient-1-2] DEBUG org.asynchttpclient.netty.handler.HttpHandler - 

Request DefaultHttpRequest(decodeResult: success, version: HTTP/1.1)
POST /session/56837aa4f5537bf7b4ed1ab6cf69df7a/element/f.E032C8C09C6360B497DD7515C53FEADA.d.BAEA445B3328D562E59FE97EF355F735.e.50/value HTTP/1.1
User-Agent: selenium/4.12.0 (java windows)
Content-Length: 149
Content-Type: application/json; charset=utf-8
host: localhost:32249
accept: */*

Response DefaultHttpResponse(decodeResult: success, version: HTTP/1.1)
HTTP/1.1 200 OK
Content-Length: 14
Content-Type: application/json; charset=utf-8
cache-control: no-cache

00:33:37.319 [AsyncHttpClient-1-2] DEBUG org.asynchttpclient.netty.channel.ChannelManager - Adding key: http://localhost:32249 for channel [id: 0xd01e8c32, L:/127.0.0.1:61620 - R:localhost/127.0.0.1:32249]
00:33:37.524 [AsyncHttpClient-1-1] DEBUG org.asynchttpclient.netty.channel.DefaultChannelPool - Entry count for : http://localhost:32249 : 1
00:33:37.524 [AsyncHttpClient-1-1] DEBUG org.asynchttpclient.netty.channel.DefaultChannelPool - Entry count for : http://localhost:61621 : 1
00:33:37.830 [Forwarding screenshot on session 56837aa4f5537bf7b4ed1ab6cf69df7a to remote] DEBUG org.asynchttpclient.netty.request.NettyRequestSender - Using pooled Channel '[id: 0xd01e8c32, L:/127.0.0.1:61620 - R:localhost/127.0.0.1:32249]' for 'GET' to 'http://localhost:32249/session/56837aa4f5537bf7b4ed1ab6cf69df7a/screenshot'
00:33:37.830 [Forwarding screenshot on session 56837aa4f5537bf7b4ed1ab6cf69df7a to remote] DEBUG org.asynchttpclient.netty.request.NettyRequestSender - Using open Channel [id: 0xd01e8c32, L:/127.0.0.1:61620 - R:localhost/127.0.0.1:32249] for GET '/session/56837aa4f5537bf7b4ed1ab6cf69df7a/screenshot'
00:33:38.006 [AsyncHttpClient-1-2] DEBUG org.asynchttpclient.netty.handler.HttpHandler - 

Request DefaultFullHttpRequest(decodeResult: success, version: HTTP/1.1, content: EmptyByteBufBE)
GET /session/56837aa4f5537bf7b4ed1ab6cf69df7a/screenshot HTTP/1.1
Cache-Control: no-cache
User-Agent: selenium/4.12.0 (java windows)
Content-Type: application/json; charset=utf-8
host: localhost:32249
accept: */*

Response DefaultHttpResponse(decodeResult: success, version: HTTP/1.1)
HTTP/1.1 200 OK
Content-Length: 318328
Content-Type: application/json; charset=utf-8
cache-control: no-cache

00:33:38.006 [AsyncHttpClient-1-2] DEBUG org.asynchttpclient.netty.channel.ChannelManager - Adding key: http://localhost:32249 for channel [id: 0xd01e8c32, L:/127.0.0.1:61620 - R:localhost/127.0.0.1:32249]
  And Provide the Address DetailsMain_street001 YK FL 987678 USA              # StepDefination.Customer_onboarding.Provide_the_address_Details(java.lang.String,java.lang.String,java.lang.String,java.lang.String,java.lang.String)
00:33:38.038 [Forwarding findElement on session 56837aa4f5537bf7b4ed1ab6cf69df7a to remote] DEBUG org.asynchttpclient.netty.request.NettyRequestSender - Using pooled Channel '[id: 0xd01e8c32, L:/127.0.0.1:61620 - R:localhost/127.0.0.1:32249]' for 'POST' to 'http://localhost:32249/session/56837aa4f5537bf7b4ed1ab6cf69df7a/element'
00:33:38.038 [Forwarding findElement on session 56837aa4f5537bf7b4ed1ab6cf69df7a to remote] DEBUG org.asynchttpclient.netty.request.NettyRequestSender - Using open Channel [id: 0xd01e8c32, L:/127.0.0.1:61620 - R:localhost/127.0.0.1:32249] for POST '/session/56837aa4f5537bf7b4ed1ab6cf69df7a/element'
00:33:38.056 [AsyncHttpClient-1-2] DEBUG org.asynchttpclient.netty.handler.HttpHandler - 

Request DefaultHttpRequest(decodeResult: success, version: HTTP/1.1)
POST /session/56837aa4f5537bf7b4ed1ab6cf69df7a/element HTTP/1.1
User-Agent: selenium/4.12.0 (java windows)
Content-Length: 86
Content-Type: application/json; charset=utf-8
host: localhost:32249
accept: */*

Response DefaultHttpResponse(decodeResult: success, version: HTTP/1.1)
HTTP/1.1 200 OK
Content-Length: 126
Content-Type: application/json; charset=utf-8
cache-control: no-cache

00:33:38.056 [AsyncHttpClient-1-2] DEBUG org.asynchttpclient.netty.channel.ChannelManager - Adding key: http://localhost:32249 for channel [id: 0xd01e8c32, L:/127.0.0.1:61620 - R:localhost/127.0.0.1:32249]
00:33:38.056 [Forwarding clickElement on session 56837aa4f5537bf7b4ed1ab6cf69df7a to remote] DEBUG org.asynchttpclient.netty.request.NettyRequestSender - Using pooled Channel '[id: 0xd01e8c32, L:/127.0.0.1:61620 - R:localhost/127.0.0.1:32249]' for 'POST' to 'http://localhost:32249/session/56837aa4f5537bf7b4ed1ab6cf69df7a/element/f.E032C8C09C6360B497DD7515C53FEADA.d.BAEA445B3328D562E59FE97EF355F735.e.45/click'
00:33:38.056 [Forwarding clickElement on session 56837aa4f5537bf7b4ed1ab6cf69df7a to remote] DEBUG org.asynchttpclient.netty.request.NettyRequestSender - Using open Channel [id: 0xd01e8c32, L:/127.0.0.1:61620 - R:localhost/127.0.0.1:32249] for POST '/session/56837aa4f5537bf7b4ed1ab6cf69df7a/element/f.E032C8C09C6360B497DD7515C53FEADA.d.BAEA445B3328D562E59FE97EF355F735.e.45/click'
00:33:38.181 [AsyncHttpClient-1-2] DEBUG org.asynchttpclient.netty.handler.HttpHandler - 

Request DefaultHttpRequest(decodeResult: success, version: HTTP/1.1)
POST /session/56837aa4f5537bf7b4ed1ab6cf69df7a/element/f.E032C8C09C6360B497DD7515C53FEADA.d.BAEA445B3328D562E59FE97EF355F735.e.45/click HTTP/1.1
User-Agent: selenium/4.12.0 (java windows)
Content-Length: 88
Content-Type: application/json; charset=utf-8
host: localhost:32249
accept: */*

Response DefaultHttpResponse(decodeResult: success, version: HTTP/1.1)
HTTP/1.1 200 OK
Content-Length: 14
Content-Type: application/json; charset=utf-8
cache-control: no-cache

00:33:38.181 [AsyncHttpClient-1-2] DEBUG org.asynchttpclient.netty.channel.ChannelManager - Adding key: http://localhost:32249 for channel [id: 0xd01e8c32, L:/127.0.0.1:61620 - R:localhost/127.0.0.1:32249]
00:33:38.612 [AsyncHttpClient-1-1] DEBUG org.asynchttpclient.netty.channel.DefaultChannelPool - Entry count for : http://localhost:32249 : 1
00:33:38.612 [AsyncHttpClient-1-1] DEBUG org.asynchttpclient.netty.channel.DefaultChannelPool - Entry count for : http://localhost:61621 : 1
00:33:39.191 [Forwarding findElement on session 56837aa4f5537bf7b4ed1ab6cf69df7a to remote] DEBUG org.asynchttpclient.netty.request.NettyRequestSender - Using pooled Channel '[id: 0xd01e8c32, L:/127.0.0.1:61620 - R:localhost/127.0.0.1:32249]' for 'POST' to 'http://localhost:32249/session/56837aa4f5537bf7b4ed1ab6cf69df7a/element'
00:33:39.191 [Forwarding findElement on session 56837aa4f5537bf7b4ed1ab6cf69df7a to remote] DEBUG org.asynchttpclient.netty.request.NettyRequestSender - Using open Channel [id: 0xd01e8c32, L:/127.0.0.1:61620 - R:localhost/127.0.0.1:32249] for POST '/session/56837aa4f5537bf7b4ed1ab6cf69df7a/element'
00:33:39.206 [AsyncHttpClient-1-2] DEBUG org.asynchttpclient.netty.handler.HttpHandler - 

Request DefaultHttpRequest(decodeResult: success, version: HTTP/1.1)
POST /session/56837aa4f5537bf7b4ed1ab6cf69df7a/element HTTP/1.1
User-Agent: selenium/4.12.0 (java windows)
Content-Length: 124
Content-Type: application/json; charset=utf-8
host: localhost:32249
accept: */*

Response DefaultHttpResponse(decodeResult: success, version: HTTP/1.1)
HTTP/1.1 200 OK
Content-Length: 126
Content-Type: application/json; charset=utf-8
cache-control: no-cache

00:33:39.206 [AsyncHttpClient-1-2] DEBUG org.asynchttpclient.netty.channel.ChannelManager - Adding key: http://localhost:32249 for channel [id: 0xd01e8c32, L:/127.0.0.1:61620 - R:localhost/127.0.0.1:32249]
00:33:39.206 [Forwarding clickElement on session 56837aa4f5537bf7b4ed1ab6cf69df7a to remote] DEBUG org.asynchttpclient.netty.request.NettyRequestSender - Using pooled Channel '[id: 0xd01e8c32, L:/127.0.0.1:61620 - R:localhost/127.0.0.1:32249]' for 'POST' to 'http://localhost:32249/session/56837aa4f5537bf7b4ed1ab6cf69df7a/element/f.E032C8C09C6360B497DD7515C53FEADA.d.BAEA445B3328D562E59FE97EF355F735.e.96/click'
00:33:39.206 [Forwarding clickElement on session 56837aa4f5537bf7b4ed1ab6cf69df7a to remote] DEBUG org.asynchttpclient.netty.request.NettyRequestSender - Using open Channel [id: 0xd01e8c32, L:/127.0.0.1:61620 - R:localhost/127.0.0.1:32249] for POST '/session/56837aa4f5537bf7b4ed1ab6cf69df7a/element/f.E032C8C09C6360B497DD7515C53FEADA.d.BAEA445B3328D562E59FE97EF355F735.e.96/click'
00:33:39.332 [AsyncHttpClient-1-2] DEBUG org.asynchttpclient.netty.handler.HttpHandler - 

Request DefaultHttpRequest(decodeResult: success, version: HTTP/1.1)
POST /session/56837aa4f5537bf7b4ed1ab6cf69df7a/element/f.E032C8C09C6360B497DD7515C53FEADA.d.BAEA445B3328D562E59FE97EF355F735.e.96/click HTTP/1.1
User-Agent: selenium/4.12.0 (java windows)
Content-Length: 88
Content-Type: application/json; charset=utf-8
host: localhost:32249
accept: */*

Response DefaultHttpResponse(decodeResult: success, version: HTTP/1.1)
HTTP/1.1 200 OK
Content-Length: 14
Content-Type: application/json; charset=utf-8
cache-control: no-cache

00:33:39.332 [AsyncHttpClient-1-2] DEBUG org.asynchttpclient.netty.channel.ChannelManager - Adding key: http://localhost:32249 for channel [id: 0xd01e8c32, L:/127.0.0.1:61620 - R:localhost/127.0.0.1:32249]
00:33:39.712 [AsyncHttpClient-1-1] DEBUG org.asynchttpclient.netty.channel.DefaultChannelPool - Entry count for : http://localhost:32249 : 1
00:33:39.712 [AsyncHttpClient-1-1] DEBUG org.asynchttpclient.netty.channel.DefaultChannelPool - Entry count for : http://localhost:61621 : 1
00:33:40.342 [Forwarding findElement on session 56837aa4f5537bf7b4ed1ab6cf69df7a to remote] DEBUG org.asynchttpclient.netty.request.NettyRequestSender - Using pooled Channel '[id: 0xd01e8c32, L:/127.0.0.1:61620 - R:localhost/127.0.0.1:32249]' for 'POST' to 'http://localhost:32249/session/56837aa4f5537bf7b4ed1ab6cf69df7a/element'
00:33:40.342 [Forwarding findElement on session 56837aa4f5537bf7b4ed1ab6cf69df7a to remote] DEBUG org.asynchttpclient.netty.request.NettyRequestSender - Using open Channel [id: 0xd01e8c32, L:/127.0.0.1:61620 - R:localhost/127.0.0.1:32249] for POST '/session/56837aa4f5537bf7b4ed1ab6cf69df7a/element'
00:33:40.356 [AsyncHttpClient-1-2] DEBUG org.asynchttpclient.netty.handler.HttpHandler - 

Request DefaultHttpRequest(decodeResult: success, version: HTTP/1.1)
POST /session/56837aa4f5537bf7b4ed1ab6cf69df7a/element HTTP/1.1
User-Agent: selenium/4.12.0 (java windows)
Content-Length: 85
Content-Type: application/json; charset=utf-8
host: localhost:32249
accept: */*

Response DefaultHttpResponse(decodeResult: success, version: HTTP/1.1)
HTTP/1.1 200 OK
Content-Length: 127
Content-Type: application/json; charset=utf-8
cache-control: no-cache

00:33:40.356 [AsyncHttpClient-1-2] DEBUG org.asynchttpclient.netty.channel.ChannelManager - Adding key: http://localhost:32249 for channel [id: 0xd01e8c32, L:/127.0.0.1:61620 - R:localhost/127.0.0.1:32249]
00:33:40.356 [Forwarding sendKeysToElement on session 56837aa4f5537bf7b4ed1ab6cf69df7a to remote] DEBUG org.asynchttpclient.netty.request.NettyRequestSender - Using pooled Channel '[id: 0xd01e8c32, L:/127.0.0.1:61620 - R:localhost/127.0.0.1:32249]' for 'POST' to 'http://localhost:32249/session/56837aa4f5537bf7b4ed1ab6cf69df7a/element/f.E032C8C09C6360B497DD7515C53FEADA.d.BAEA445B3328D562E59FE97EF355F735.e.100/value'
00:33:40.356 [Forwarding sendKeysToElement on session 56837aa4f5537bf7b4ed1ab6cf69df7a to remote] DEBUG org.asynchttpclient.netty.request.NettyRequestSender - Using open Channel [id: 0xd01e8c32, L:/127.0.0.1:61620 - R:localhost/127.0.0.1:32249] for POST '/session/56837aa4f5537bf7b4ed1ab6cf69df7a/element/f.E032C8C09C6360B497DD7515C53FEADA.d.BAEA445B3328D562E59FE97EF355F735.e.100/value'
00:33:40.603 [AsyncHttpClient-1-2] DEBUG org.asynchttpclient.netty.handler.HttpHandler - 

Request DefaultHttpRequest(decodeResult: success, version: HTTP/1.1)
POST /session/56837aa4f5537bf7b4ed1ab6cf69df7a/element/f.E032C8C09C6360B497DD7515C53FEADA.d.BAEA445B3328D562E59FE97EF355F735.e.100/value HTTP/1.1
User-Agent: selenium/4.12.0 (java windows)
Content-Length: 260
Content-Type: application/json; charset=utf-8
host: localhost:32249
accept: */*

Response DefaultHttpResponse(decodeResult: success, version: HTTP/1.1)
HTTP/1.1 200 OK
Content-Length: 14
Content-Type: application/json; charset=utf-8
cache-control: no-cache

00:33:40.603 [AsyncHttpClient-1-2] DEBUG org.asynchttpclient.netty.channel.ChannelManager - Adding key: http://localhost:32249 for channel [id: 0xd01e8c32, L:/127.0.0.1:61620 - R:localhost/127.0.0.1:32249]
00:33:40.816 [AsyncHttpClient-1-1] DEBUG org.asynchttpclient.netty.channel.DefaultChannelPool - Entry count for : http://localhost:32249 : 1
00:33:40.816 [AsyncHttpClient-1-1] DEBUG org.asynchttpclient.netty.channel.DefaultChannelPool - Entry count for : http://localhost:61621 : 1
00:33:41.119 [Forwarding screenshot on session 56837aa4f5537bf7b4ed1ab6cf69df7a to remote] DEBUG org.asynchttpclient.netty.request.NettyRequestSender - Using pooled Channel '[id: 0xd01e8c32, L:/127.0.0.1:61620 - R:localhost/127.0.0.1:32249]' for 'GET' to 'http://localhost:32249/session/56837aa4f5537bf7b4ed1ab6cf69df7a/screenshot'
00:33:41.119 [Forwarding screenshot on session 56837aa4f5537bf7b4ed1ab6cf69df7a to remote] DEBUG org.asynchttpclient.netty.request.NettyRequestSender - Using open Channel [id: 0xd01e8c32, L:/127.0.0.1:61620 - R:localhost/127.0.0.1:32249] for GET '/session/56837aa4f5537bf7b4ed1ab6cf69df7a/screenshot'
00:33:41.298 [AsyncHttpClient-1-2] DEBUG org.asynchttpclient.netty.handler.HttpHandler - 

Request DefaultFullHttpRequest(decodeResult: success, version: HTTP/1.1, content: EmptyByteBufBE)
GET /session/56837aa4f5537bf7b4ed1ab6cf69df7a/screenshot HTTP/1.1
Cache-Control: no-cache
User-Agent: selenium/4.12.0 (java windows)
Content-Type: application/json; charset=utf-8
host: localhost:32249
accept: */*

Response DefaultHttpResponse(decodeResult: success, version: HTTP/1.1)
HTTP/1.1 200 OK
Content-Length: 323348
Content-Type: application/json; charset=utf-8
cache-control: no-cache

00:33:41.298 [AsyncHttpClient-1-2] DEBUG org.asynchttpclient.netty.channel.ChannelManager - Adding key: http://localhost:32249 for channel [id: 0xd01e8c32, L:/127.0.0.1:61620 - R:localhost/127.0.0.1:32249]
  And Provide the bookvia with Emailroyal.book.com                            # StepDefination.Customer_onboarding.Provide_the_bookvia_email(java.lang.String)
00:33:41.917 [AsyncHttpClient-1-1] DEBUG org.asynchttpclient.netty.channel.DefaultChannelPool - Entry count for : http://localhost:32249 : 1
00:33:41.917 [AsyncHttpClient-1-1] DEBUG org.asynchttpclient.netty.channel.DefaultChannelPool - Entry count for : http://localhost:61621 : 1
00:33:42.355 [Forwarding findElement on session 56837aa4f5537bf7b4ed1ab6cf69df7a to remote] DEBUG org.asynchttpclient.netty.request.NettyRequestSender - Using pooled Channel '[id: 0xd01e8c32, L:/127.0.0.1:61620 - R:localhost/127.0.0.1:32249]' for 'POST' to 'http://localhost:32249/session/56837aa4f5537bf7b4ed1ab6cf69df7a/element'
00:33:42.355 [Forwarding findElement on session 56837aa4f5537bf7b4ed1ab6cf69df7a to remote] DEBUG org.asynchttpclient.netty.request.NettyRequestSender - Using open Channel [id: 0xd01e8c32, L:/127.0.0.1:61620 - R:localhost/127.0.0.1:32249] for POST '/session/56837aa4f5537bf7b4ed1ab6cf69df7a/element'
00:33:42.371 [AsyncHttpClient-1-2] DEBUG org.asynchttpclient.netty.handler.HttpHandler - 

Request DefaultHttpRequest(decodeResult: success, version: HTTP/1.1)
POST /session/56837aa4f5537bf7b4ed1ab6cf69df7a/element HTTP/1.1
User-Agent: selenium/4.12.0 (java windows)
Content-Length: 121
Content-Type: application/json; charset=utf-8
host: localhost:32249
accept: */*

Response DefaultHttpResponse(decodeResult: success, version: HTTP/1.1)
HTTP/1.1 200 OK
Content-Length: 126
Content-Type: application/json; charset=utf-8
cache-control: no-cache

00:33:42.371 [AsyncHttpClient-1-2] DEBUG org.asynchttpclient.netty.channel.ChannelManager - Adding key: http://localhost:32249 for channel [id: 0xd01e8c32, L:/127.0.0.1:61620 - R:localhost/127.0.0.1:32249]
00:33:42.371 [Forwarding sendKeysToElement on session 56837aa4f5537bf7b4ed1ab6cf69df7a to remote] DEBUG org.asynchttpclient.netty.request.NettyRequestSender - Using pooled Channel '[id: 0xd01e8c32, L:/127.0.0.1:61620 - R:localhost/127.0.0.1:32249]' for 'POST' to 'http://localhost:32249/session/56837aa4f5537bf7b4ed1ab6cf69df7a/element/f.E032C8C09C6360B497DD7515C53FEADA.d.BAEA445B3328D562E59FE97EF355F735.e.51/value'
00:33:42.371 [Forwarding sendKeysToElement on session 56837aa4f5537bf7b4ed1ab6cf69df7a to remote] DEBUG org.asynchttpclient.netty.request.NettyRequestSender - Using open Channel [id: 0xd01e8c32, L:/127.0.0.1:61620 - R:localhost/127.0.0.1:32249] for POST '/session/56837aa4f5537bf7b4ed1ab6cf69df7a/element/f.E032C8C09C6360B497DD7515C53FEADA.d.BAEA445B3328D562E59FE97EF355F735.e.51/value'
00:33:42.764 [AsyncHttpClient-1-2] DEBUG org.asynchttpclient.netty.handler.HttpHandler - 

Request DefaultHttpRequest(decodeResult: success, version: HTTP/1.1)
POST /session/56837aa4f5537bf7b4ed1ab6cf69df7a/element/f.E032C8C09C6360B497DD7515C53FEADA.d.BAEA445B3328D562E59FE97EF355F735.e.51/value HTTP/1.1
User-Agent: selenium/4.12.0 (java windows)
Content-Length: 399
Content-Type: application/json; charset=utf-8
host: localhost:32249
accept: */*

Response DefaultHttpResponse(decodeResult: success, version: HTTP/1.1)
HTTP/1.1 200 OK
Content-Length: 14
Content-Type: application/json; charset=utf-8
cache-control: no-cache

00:33:42.764 [AsyncHttpClient-1-2] DEBUG org.asynchttpclient.netty.channel.ChannelManager - Adding key: http://localhost:32249 for channel [id: 0xd01e8c32, L:/127.0.0.1:61620 - R:localhost/127.0.0.1:32249]
00:33:43.022 [AsyncHttpClient-1-1] DEBUG org.asynchttpclient.netty.channel.DefaultChannelPool - Entry count for : http://localhost:32249 : 1
00:33:43.022 [AsyncHttpClient-1-1] DEBUG org.asynchttpclient.netty.channel.DefaultChannelPool - Entry count for : http://localhost:61621 : 1
00:33:43.282 [Forwarding screenshot on session 56837aa4f5537bf7b4ed1ab6cf69df7a to remote] DEBUG org.asynchttpclient.netty.request.NettyRequestSender - Using pooled Channel '[id: 0xd01e8c32, L:/127.0.0.1:61620 - R:localhost/127.0.0.1:32249]' for 'GET' to 'http://localhost:32249/session/56837aa4f5537bf7b4ed1ab6cf69df7a/screenshot'
00:33:43.282 [Forwarding screenshot on session 56837aa4f5537bf7b4ed1ab6cf69df7a to remote] DEBUG org.asynchttpclient.netty.request.NettyRequestSender - Using open Channel [id: 0xd01e8c32, L:/127.0.0.1:61620 - R:localhost/127.0.0.1:32249] for GET '/session/56837aa4f5537bf7b4ed1ab6cf69df7a/screenshot'
00:33:43.453 [AsyncHttpClient-1-2] DEBUG org.asynchttpclient.netty.handler.HttpHandler - 

Request DefaultFullHttpRequest(decodeResult: success, version: HTTP/1.1, content: EmptyByteBufBE)
GET /session/56837aa4f5537bf7b4ed1ab6cf69df7a/screenshot HTTP/1.1
Cache-Control: no-cache
User-Agent: selenium/4.12.0 (java windows)
Content-Type: application/json; charset=utf-8
host: localhost:32249
accept: */*

Response DefaultHttpResponse(decodeResult: success, version: HTTP/1.1)
HTTP/1.1 200 OK
Content-Length: 307676
Content-Type: application/json; charset=utf-8
cache-control: no-cache

00:33:43.453 [AsyncHttpClient-1-2] DEBUG org.asynchttpclient.netty.channel.ChannelManager - Adding key: http://localhost:32249 for channel [id: 0xd01e8c32, L:/127.0.0.1:61620 - R:localhost/127.0.0.1:32249]
  And Provide the special_instructionsspecial_instruction_customer            # StepDefination.Customer_onboarding.Provide_the_special_instructions(java.lang.String)
00:33:44.127 [AsyncHttpClient-1-1] DEBUG org.asynchttpclient.netty.channel.DefaultChannelPool - Entry count for : http://localhost:32249 : 1
00:33:44.128 [AsyncHttpClient-1-1] DEBUG org.asynchttpclient.netty.channel.DefaultChannelPool - Entry count for : http://localhost:61621 : 1
00:33:44.504 [Forwarding findElement on session 56837aa4f5537bf7b4ed1ab6cf69df7a to remote] DEBUG org.asynchttpclient.netty.request.NettyRequestSender - Using pooled Channel '[id: 0xd01e8c32, L:/127.0.0.1:61620 - R:localhost/127.0.0.1:32249]' for 'POST' to 'http://localhost:32249/session/56837aa4f5537bf7b4ed1ab6cf69df7a/element'
00:33:44.504 [Forwarding findElement on session 56837aa4f5537bf7b4ed1ab6cf69df7a to remote] DEBUG org.asynchttpclient.netty.request.NettyRequestSender - Using open Channel [id: 0xd01e8c32, L:/127.0.0.1:61620 - R:localhost/127.0.0.1:32249] for POST '/session/56837aa4f5537bf7b4ed1ab6cf69df7a/element'
00:33:44.520 [AsyncHttpClient-1-2] DEBUG org.asynchttpclient.netty.handler.HttpHandler - 

Request DefaultHttpRequest(decodeResult: success, version: HTTP/1.1)
POST /session/56837aa4f5537bf7b4ed1ab6cf69df7a/element HTTP/1.1
User-Agent: selenium/4.12.0 (java windows)
Content-Length: 250
Content-Type: application/json; charset=utf-8
host: localhost:32249
accept: */*

Response DefaultHttpResponse(decodeResult: success, version: HTTP/1.1)
HTTP/1.1 200 OK
Content-Length: 127
Content-Type: application/json; charset=utf-8
cache-control: no-cache

00:33:44.520 [AsyncHttpClient-1-2] DEBUG org.asynchttpclient.netty.channel.ChannelManager - Adding key: http://localhost:32249 for channel [id: 0xd01e8c32, L:/127.0.0.1:61620 - R:localhost/127.0.0.1:32249]
00:33:44.536 [Forwarding actions on session 56837aa4f5537bf7b4ed1ab6cf69df7a to remote] DEBUG org.asynchttpclient.netty.request.NettyRequestSender - Using pooled Channel '[id: 0xd01e8c32, L:/127.0.0.1:61620 - R:localhost/127.0.0.1:32249]' for 'POST' to 'http://localhost:32249/session/56837aa4f5537bf7b4ed1ab6cf69df7a/actions'
00:33:44.536 [Forwarding actions on session 56837aa4f5537bf7b4ed1ab6cf69df7a to remote] DEBUG org.asynchttpclient.netty.request.NettyRequestSender - Using open Channel [id: 0xd01e8c32, L:/127.0.0.1:61620 - R:localhost/127.0.0.1:32249] for POST '/session/56837aa4f5537bf7b4ed1ab6cf69df7a/actions'
00:33:44.750 [AsyncHttpClient-1-2] DEBUG org.asynchttpclient.netty.handler.HttpHandler - 

Request DefaultHttpRequest(decodeResult: success, version: HTTP/1.1)
POST /session/56837aa4f5537bf7b4ed1ab6cf69df7a/actions HTTP/1.1
User-Agent: selenium/4.12.0 (java windows)
Content-Length: 606
Content-Type: application/json; charset=utf-8
host: localhost:32249
accept: */*

Response DefaultHttpResponse(decodeResult: success, version: HTTP/1.1)
HTTP/1.1 200 OK
Content-Length: 14
Content-Type: application/json; charset=utf-8
cache-control: no-cache

00:33:44.750 [AsyncHttpClient-1-2] DEBUG org.asynchttpclient.netty.channel.ChannelManager - Adding key: http://localhost:32249 for channel [id: 0xd01e8c32, L:/127.0.0.1:61620 - R:localhost/127.0.0.1:32249]
00:33:45.225 [AsyncHttpClient-1-1] DEBUG org.asynchttpclient.netty.channel.DefaultChannelPool - Entry count for : http://localhost:32249 : 1
00:33:45.225 [AsyncHttpClient-1-1] DEBUG org.asynchttpclient.netty.channel.DefaultChannelPool - Entry count for : http://localhost:61621 : 1
00:33:45.258 [Forwarding findElement on session 56837aa4f5537bf7b4ed1ab6cf69df7a to remote] DEBUG org.asynchttpclient.netty.request.NettyRequestSender - Using pooled Channel '[id: 0xd01e8c32, L:/127.0.0.1:61620 - R:localhost/127.0.0.1:32249]' for 'POST' to 'http://localhost:32249/session/56837aa4f5537bf7b4ed1ab6cf69df7a/element'
00:33:45.258 [Forwarding findElement on session 56837aa4f5537bf7b4ed1ab6cf69df7a to remote] DEBUG org.asynchttpclient.netty.request.NettyRequestSender - Using open Channel [id: 0xd01e8c32, L:/127.0.0.1:61620 - R:localhost/127.0.0.1:32249] for POST '/session/56837aa4f5537bf7b4ed1ab6cf69df7a/element'
00:33:45.272 [AsyncHttpClient-1-2] DEBUG org.asynchttpclient.netty.handler.HttpHandler - 

Request DefaultHttpRequest(decodeResult: success, version: HTTP/1.1)
POST /session/56837aa4f5537bf7b4ed1ab6cf69df7a/element HTTP/1.1
User-Agent: selenium/4.12.0 (java windows)
Content-Length: 279
Content-Type: application/json; charset=utf-8
host: localhost:32249
accept: */*

Response DefaultHttpResponse(decodeResult: success, version: HTTP/1.1)
HTTP/1.1 200 OK
Content-Length: 127
Content-Type: application/json; charset=utf-8
cache-control: no-cache

00:33:45.272 [AsyncHttpClient-1-2] DEBUG org.asynchttpclient.netty.channel.ChannelManager - Adding key: http://localhost:32249 for channel [id: 0xd01e8c32, L:/127.0.0.1:61620 - R:localhost/127.0.0.1:32249]
00:33:45.272 [Forwarding actions on session 56837aa4f5537bf7b4ed1ab6cf69df7a to remote] DEBUG org.asynchttpclient.netty.request.NettyRequestSender - Using pooled Channel '[id: 0xd01e8c32, L:/127.0.0.1:61620 - R:localhost/127.0.0.1:32249]' for 'POST' to 'http://localhost:32249/session/56837aa4f5537bf7b4ed1ab6cf69df7a/actions'
00:33:45.272 [Forwarding actions on session 56837aa4f5537bf7b4ed1ab6cf69df7a to remote] DEBUG org.asynchttpclient.netty.request.NettyRequestSender - Using open Channel [id: 0xd01e8c32, L:/127.0.0.1:61620 - R:localhost/127.0.0.1:32249] for POST '/session/56837aa4f5537bf7b4ed1ab6cf69df7a/actions'
00:33:45.461 [AsyncHttpClient-1-2] DEBUG org.asynchttpclient.netty.handler.HttpHandler - 

Request DefaultHttpRequest(decodeResult: success, version: HTTP/1.1)
POST /session/56837aa4f5537bf7b4ed1ab6cf69df7a/actions HTTP/1.1
User-Agent: selenium/4.12.0 (java windows)
Content-Length: 606
Content-Type: application/json; charset=utf-8
host: localhost:32249
accept: */*

Response DefaultHttpResponse(decodeResult: success, version: HTTP/1.1)
HTTP/1.1 200 OK
Content-Length: 14
Content-Type: application/json; charset=utf-8
cache-control: no-cache

00:33:45.461 [AsyncHttpClient-1-2] DEBUG org.asynchttpclient.netty.channel.ChannelManager - Adding key: http://localhost:32249 for channel [id: 0xd01e8c32, L:/127.0.0.1:61620 - R:localhost/127.0.0.1:32249]
00:33:45.463 [Forwarding sendKeysToElement on session 56837aa4f5537bf7b4ed1ab6cf69df7a to remote] DEBUG org.asynchttpclient.netty.request.NettyRequestSender - Using pooled Channel '[id: 0xd01e8c32, L:/127.0.0.1:61620 - R:localhost/127.0.0.1:32249]' for 'POST' to 'http://localhost:32249/session/56837aa4f5537bf7b4ed1ab6cf69df7a/element/f.E032C8C09C6360B497DD7515C53FEADA.d.BAEA445B3328D562E59FE97EF355F735.e.108/value'
00:33:45.463 [Forwarding sendKeysToElement on session 56837aa4f5537bf7b4ed1ab6cf69df7a to remote] DEBUG org.asynchttpclient.netty.request.NettyRequestSender - Using open Channel [id: 0xd01e8c32, L:/127.0.0.1:61620 - R:localhost/127.0.0.1:32249] for POST '/session/56837aa4f5537bf7b4ed1ab6cf69df7a/element/f.E032C8C09C6360B497DD7515C53FEADA.d.BAEA445B3328D562E59FE97EF355F735.e.108/value'
00:33:45.558 [AsyncHttpClient-1-2] DEBUG org.asynchttpclient.netty.handler.HttpHandler - 

Request DefaultHttpRequest(decodeResult: success, version: HTTP/1.1)
POST /session/56837aa4f5537bf7b4ed1ab6cf69df7a/element/f.E032C8C09C6360B497DD7515C53FEADA.d.BAEA445B3328D562E59FE97EF355F735.e.108/value HTTP/1.1
User-Agent: selenium/4.12.0 (java windows)
Content-Length: 170
Content-Type: application/json; charset=utf-8
host: localhost:32249
accept: */*

Response DefaultHttpResponse(decodeResult: success, version: HTTP/1.1)
HTTP/1.1 200 OK
Content-Length: 14
Content-Type: application/json; charset=utf-8
cache-control: no-cache

00:33:45.558 [AsyncHttpClient-1-2] DEBUG org.asynchttpclient.netty.channel.ChannelManager - Adding key: http://localhost:32249 for channel [id: 0xd01e8c32, L:/127.0.0.1:61620 - R:localhost/127.0.0.1:32249]
00:33:46.065 [Forwarding findElement on session 56837aa4f5537bf7b4ed1ab6cf69df7a to remote] DEBUG org.asynchttpclient.netty.request.NettyRequestSender - Using pooled Channel '[id: 0xd01e8c32, L:/127.0.0.1:61620 - R:localhost/127.0.0.1:32249]' for 'POST' to 'http://localhost:32249/session/56837aa4f5537bf7b4ed1ab6cf69df7a/element'
00:33:46.065 [Forwarding findElement on session 56837aa4f5537bf7b4ed1ab6cf69df7a to remote] DEBUG org.asynchttpclient.netty.request.NettyRequestSender - Using open Channel [id: 0xd01e8c32, L:/127.0.0.1:61620 - R:localhost/127.0.0.1:32249] for POST '/session/56837aa4f5537bf7b4ed1ab6cf69df7a/element'
00:33:46.086 [AsyncHttpClient-1-2] DEBUG org.asynchttpclient.netty.handler.HttpHandler - 

Request DefaultHttpRequest(decodeResult: success, version: HTTP/1.1)
POST /session/56837aa4f5537bf7b4ed1ab6cf69df7a/element HTTP/1.1
User-Agent: selenium/4.12.0 (java windows)
Content-Length: 69
Content-Type: application/json; charset=utf-8
host: localhost:32249
accept: */*

Response DefaultHttpResponse(decodeResult: success, version: HTTP/1.1)
HTTP/1.1 200 OK
Content-Length: 127
Content-Type: application/json; charset=utf-8
cache-control: no-cache

00:33:46.089 [AsyncHttpClient-1-2] DEBUG org.asynchttpclient.netty.channel.ChannelManager - Adding key: http://localhost:32249 for channel [id: 0xd01e8c32, L:/127.0.0.1:61620 - R:localhost/127.0.0.1:32249]
00:33:46.089 [Forwarding clickElement on session 56837aa4f5537bf7b4ed1ab6cf69df7a to remote] DEBUG org.asynchttpclient.netty.request.NettyRequestSender - Using pooled Channel '[id: 0xd01e8c32, L:/127.0.0.1:61620 - R:localhost/127.0.0.1:32249]' for 'POST' to 'http://localhost:32249/session/56837aa4f5537bf7b4ed1ab6cf69df7a/element/f.E032C8C09C6360B497DD7515C53FEADA.d.BAEA445B3328D562E59FE97EF355F735.e.115/click'
00:33:46.089 [Forwarding clickElement on session 56837aa4f5537bf7b4ed1ab6cf69df7a to remote] DEBUG org.asynchttpclient.netty.request.NettyRequestSender - Using open Channel [id: 0xd01e8c32, L:/127.0.0.1:61620 - R:localhost/127.0.0.1:32249] for POST '/session/56837aa4f5537bf7b4ed1ab6cf69df7a/element/f.E032C8C09C6360B497DD7515C53FEADA.d.BAEA445B3328D562E59FE97EF355F735.e.115/click'
00:33:46.218 [AsyncHttpClient-1-2] DEBUG org.asynchttpclient.netty.handler.HttpHandler - 

Request DefaultHttpRequest(decodeResult: success, version: HTTP/1.1)
POST /session/56837aa4f5537bf7b4ed1ab6cf69df7a/element/f.E032C8C09C6360B497DD7515C53FEADA.d.BAEA445B3328D562E59FE97EF355F735.e.115/click HTTP/1.1
User-Agent: selenium/4.12.0 (java windows)
Content-Length: 89
Content-Type: application/json; charset=utf-8
host: localhost:32249
accept: */*

Response DefaultHttpResponse(decodeResult: success, version: HTTP/1.1)
HTTP/1.1 200 OK
Content-Length: 14
Content-Type: application/json; charset=utf-8
cache-control: no-cache

00:33:46.218 [AsyncHttpClient-1-2] DEBUG org.asynchttpclient.netty.channel.ChannelManager - Adding key: http://localhost:32249 for channel [id: 0xd01e8c32, L:/127.0.0.1:61620 - R:localhost/127.0.0.1:32249]
00:33:46.324 [AsyncHttpClient-1-1] DEBUG org.asynchttpclient.netty.channel.DefaultChannelPool - Entry count for : http://localhost:32249 : 1
00:33:46.324 [AsyncHttpClient-1-1] DEBUG org.asynchttpclient.netty.channel.DefaultChannelPool - Entry count for : http://localhost:61621 : 1
00:33:46.733 [Forwarding findElement on session 56837aa4f5537bf7b4ed1ab6cf69df7a to remote] DEBUG org.asynchttpclient.netty.request.NettyRequestSender - Using pooled Channel '[id: 0xd01e8c32, L:/127.0.0.1:61620 - R:localhost/127.0.0.1:32249]' for 'POST' to 'http://localhost:32249/session/56837aa4f5537bf7b4ed1ab6cf69df7a/element'
00:33:46.733 [Forwarding findElement on session 56837aa4f5537bf7b4ed1ab6cf69df7a to remote] DEBUG org.asynchttpclient.netty.request.NettyRequestSender - Using open Channel [id: 0xd01e8c32, L:/127.0.0.1:61620 - R:localhost/127.0.0.1:32249] for POST '/session/56837aa4f5537bf7b4ed1ab6cf69df7a/element'
00:33:46.753 [AsyncHttpClient-1-2] DEBUG org.asynchttpclient.netty.handler.HttpHandler - 

Request DefaultHttpRequest(decodeResult: success, version: HTTP/1.1)
POST /session/56837aa4f5537bf7b4ed1ab6cf69df7a/element HTTP/1.1
User-Agent: selenium/4.12.0 (java windows)
Content-Length: 279
Content-Type: application/json; charset=utf-8
host: localhost:32249
accept: */*

Response DefaultHttpResponse(decodeResult: success, version: HTTP/1.1)
HTTP/1.1 200 OK
Content-Length: 127
Content-Type: application/json; charset=utf-8
cache-control: no-cache

00:33:46.753 [AsyncHttpClient-1-2] DEBUG org.asynchttpclient.netty.channel.ChannelManager - Adding key: http://localhost:32249 for channel [id: 0xd01e8c32, L:/127.0.0.1:61620 - R:localhost/127.0.0.1:32249]
00:33:46.753 [Forwarding actions on session 56837aa4f5537bf7b4ed1ab6cf69df7a to remote] DEBUG org.asynchttpclient.netty.request.NettyRequestSender - Using pooled Channel '[id: 0xd01e8c32, L:/127.0.0.1:61620 - R:localhost/127.0.0.1:32249]' for 'POST' to 'http://localhost:32249/session/56837aa4f5537bf7b4ed1ab6cf69df7a/actions'
00:33:46.753 [Forwarding actions on session 56837aa4f5537bf7b4ed1ab6cf69df7a to remote] DEBUG org.asynchttpclient.netty.request.NettyRequestSender - Using open Channel [id: 0xd01e8c32, L:/127.0.0.1:61620 - R:localhost/127.0.0.1:32249] for POST '/session/56837aa4f5537bf7b4ed1ab6cf69df7a/actions'
00:33:46.920 [AsyncHttpClient-1-2] DEBUG org.asynchttpclient.netty.handler.HttpHandler - 

Request DefaultHttpRequest(decodeResult: success, version: HTTP/1.1)
POST /session/56837aa4f5537bf7b4ed1ab6cf69df7a/actions HTTP/1.1
User-Agent: selenium/4.12.0 (java windows)
Content-Length: 606
Content-Type: application/json; charset=utf-8
host: localhost:32249
accept: */*

Response DefaultHttpResponse(decodeResult: success, version: HTTP/1.1)
HTTP/1.1 200 OK
Content-Length: 14
Content-Type: application/json; charset=utf-8
cache-control: no-cache

00:33:46.920 [AsyncHttpClient-1-2] DEBUG org.asynchttpclient.netty.channel.ChannelManager - Adding key: http://localhost:32249 for channel [id: 0xd01e8c32, L:/127.0.0.1:61620 - R:localhost/127.0.0.1:32249]
00:33:46.923 [Forwarding clickElement on session 56837aa4f5537bf7b4ed1ab6cf69df7a to remote] DEBUG org.asynchttpclient.netty.request.NettyRequestSender - Using pooled Channel '[id: 0xd01e8c32, L:/127.0.0.1:61620 - R:localhost/127.0.0.1:32249]' for 'POST' to 'http://localhost:32249/session/56837aa4f5537bf7b4ed1ab6cf69df7a/element/f.E032C8C09C6360B497DD7515C53FEADA.d.BAEA445B3328D562E59FE97EF355F735.e.109/click'
00:33:46.923 [Forwarding clickElement on session 56837aa4f5537bf7b4ed1ab6cf69df7a to remote] DEBUG org.asynchttpclient.netty.request.NettyRequestSender - Using open Channel [id: 0xd01e8c32, L:/127.0.0.1:61620 - R:localhost/127.0.0.1:32249] for POST '/session/56837aa4f5537bf7b4ed1ab6cf69df7a/element/f.E032C8C09C6360B497DD7515C53FEADA.d.BAEA445B3328D562E59FE97EF355F735.e.109/click'
00:33:47.037 [AsyncHttpClient-1-2] DEBUG org.asynchttpclient.netty.handler.HttpHandler - 

Request DefaultHttpRequest(decodeResult: success, version: HTTP/1.1)
POST /session/56837aa4f5537bf7b4ed1ab6cf69df7a/element/f.E032C8C09C6360B497DD7515C53FEADA.d.BAEA445B3328D562E59FE97EF355F735.e.109/click HTTP/1.1
User-Agent: selenium/4.12.0 (java windows)
Content-Length: 89
Content-Type: application/json; charset=utf-8
host: localhost:32249
accept: */*

Response DefaultHttpResponse(decodeResult: success, version: HTTP/1.1)
HTTP/1.1 200 OK
Content-Length: 14
Content-Type: application/json; charset=utf-8
cache-control: no-cache

00:33:47.037 [AsyncHttpClient-1-2] DEBUG org.asynchttpclient.netty.channel.ChannelManager - Adding key: http://localhost:32249 for channel [id: 0xd01e8c32, L:/127.0.0.1:61620 - R:localhost/127.0.0.1:32249]
00:33:47.415 [AsyncHttpClient-1-1] DEBUG org.asynchttpclient.netty.channel.DefaultChannelPool - Entry count for : http://localhost:32249 : 1
00:33:47.415 [AsyncHttpClient-1-1] DEBUG org.asynchttpclient.netty.channel.DefaultChannelPool - Entry count for : http://localhost:61621 : 1
00:33:47.541 [Forwarding findElement on session 56837aa4f5537bf7b4ed1ab6cf69df7a to remote] DEBUG org.asynchttpclient.netty.request.NettyRequestSender - Using pooled Channel '[id: 0xd01e8c32, L:/127.0.0.1:61620 - R:localhost/127.0.0.1:32249]' for 'POST' to 'http://localhost:32249/session/56837aa4f5537bf7b4ed1ab6cf69df7a/element'
00:33:47.541 [Forwarding findElement on session 56837aa4f5537bf7b4ed1ab6cf69df7a to remote] DEBUG org.asynchttpclient.netty.request.NettyRequestSender - Using open Channel [id: 0xd01e8c32, L:/127.0.0.1:61620 - R:localhost/127.0.0.1:32249] for POST '/session/56837aa4f5537bf7b4ed1ab6cf69df7a/element'
00:33:47.564 [AsyncHttpClient-1-2] DEBUG org.asynchttpclient.netty.handler.HttpHandler - 

Request DefaultHttpRequest(decodeResult: success, version: HTTP/1.1)
POST /session/56837aa4f5537bf7b4ed1ab6cf69df7a/element HTTP/1.1
User-Agent: selenium/4.12.0 (java windows)
Content-Length: 158
Content-Type: application/json; charset=utf-8
host: localhost:32249
accept: */*

Response DefaultHttpResponse(decodeResult: success, version: HTTP/1.1)
HTTP/1.1 200 OK
Content-Length: 127
Content-Type: application/json; charset=utf-8
cache-control: no-cache

00:33:47.564 [AsyncHttpClient-1-2] DEBUG org.asynchttpclient.netty.channel.ChannelManager - Adding key: http://localhost:32249 for channel [id: 0xd01e8c32, L:/127.0.0.1:61620 - R:localhost/127.0.0.1:32249]
00:33:47.564 [Forwarding clickElement on session 56837aa4f5537bf7b4ed1ab6cf69df7a to remote] DEBUG org.asynchttpclient.netty.request.NettyRequestSender - Using pooled Channel '[id: 0xd01e8c32, L:/127.0.0.1:61620 - R:localhost/127.0.0.1:32249]' for 'POST' to 'http://localhost:32249/session/56837aa4f5537bf7b4ed1ab6cf69df7a/element/f.E032C8C09C6360B497DD7515C53FEADA.d.BAEA445B3328D562E59FE97EF355F735.e.119/click'
00:33:47.564 [Forwarding clickElement on session 56837aa4f5537bf7b4ed1ab6cf69df7a to remote] DEBUG org.asynchttpclient.netty.request.NettyRequestSender - Using open Channel [id: 0xd01e8c32, L:/127.0.0.1:61620 - R:localhost/127.0.0.1:32249] for POST '/session/56837aa4f5537bf7b4ed1ab6cf69df7a/element/f.E032C8C09C6360B497DD7515C53FEADA.d.BAEA445B3328D562E59FE97EF355F735.e.119/click'
00:33:47.703 [AsyncHttpClient-1-2] DEBUG org.asynchttpclient.netty.handler.HttpHandler - 

Request DefaultHttpRequest(decodeResult: success, version: HTTP/1.1)
POST /session/56837aa4f5537bf7b4ed1ab6cf69df7a/element/f.E032C8C09C6360B497DD7515C53FEADA.d.BAEA445B3328D562E59FE97EF355F735.e.119/click HTTP/1.1
User-Agent: selenium/4.12.0 (java windows)
Content-Length: 89
Content-Type: application/json; charset=utf-8
host: localhost:32249
accept: */*

Response DefaultHttpResponse(decodeResult: success, version: HTTP/1.1)
HTTP/1.1 200 OK
Content-Length: 14
Content-Type: application/json; charset=utf-8
cache-control: no-cache

00:33:47.703 [AsyncHttpClient-1-2] DEBUG org.asynchttpclient.netty.channel.ChannelManager - Adding key: http://localhost:32249 for channel [id: 0xd01e8c32, L:/127.0.0.1:61620 - R:localhost/127.0.0.1:32249]
00:33:48.521 [AsyncHttpClient-1-1] DEBUG org.asynchttpclient.netty.channel.DefaultChannelPool - Entry count for : http://localhost:32249 : 1
00:33:48.521 [AsyncHttpClient-1-1] DEBUG org.asynchttpclient.netty.channel.DefaultChannelPool - Entry count for : http://localhost:61621 : 1
00:33:48.711 [Forwarding findElement on session 56837aa4f5537bf7b4ed1ab6cf69df7a to remote] DEBUG org.asynchttpclient.netty.request.NettyRequestSender - Using pooled Channel '[id: 0xd01e8c32, L:/127.0.0.1:61620 - R:localhost/127.0.0.1:32249]' for 'POST' to 'http://localhost:32249/session/56837aa4f5537bf7b4ed1ab6cf69df7a/element'
00:33:48.711 [Forwarding findElement on session 56837aa4f5537bf7b4ed1ab6cf69df7a to remote] DEBUG org.asynchttpclient.netty.request.NettyRequestSender - Using open Channel [id: 0xd01e8c32, L:/127.0.0.1:61620 - R:localhost/127.0.0.1:32249] for POST '/session/56837aa4f5537bf7b4ed1ab6cf69df7a/element'
00:33:48.734 [AsyncHttpClient-1-2] DEBUG org.asynchttpclient.netty.handler.HttpHandler - 

Request DefaultHttpRequest(decodeResult: success, version: HTTP/1.1)
POST /session/56837aa4f5537bf7b4ed1ab6cf69df7a/element HTTP/1.1
User-Agent: selenium/4.12.0 (java windows)
Content-Length: 250
Content-Type: application/json; charset=utf-8
host: localhost:32249
accept: */*

Response DefaultHttpResponse(decodeResult: success, version: HTTP/1.1)
HTTP/1.1 200 OK
Content-Length: 127
Content-Type: application/json; charset=utf-8
cache-control: no-cache

00:33:48.734 [AsyncHttpClient-1-2] DEBUG org.asynchttpclient.netty.channel.ChannelManager - Adding key: http://localhost:32249 for channel [id: 0xd01e8c32, L:/127.0.0.1:61620 - R:localhost/127.0.0.1:32249]
00:33:48.734 [Forwarding actions on session 56837aa4f5537bf7b4ed1ab6cf69df7a to remote] DEBUG org.asynchttpclient.netty.request.NettyRequestSender - Using pooled Channel '[id: 0xd01e8c32, L:/127.0.0.1:61620 - R:localhost/127.0.0.1:32249]' for 'POST' to 'http://localhost:32249/session/56837aa4f5537bf7b4ed1ab6cf69df7a/actions'
00:33:48.734 [Forwarding actions on session 56837aa4f5537bf7b4ed1ab6cf69df7a to remote] DEBUG org.asynchttpclient.netty.request.NettyRequestSender - Using open Channel [id: 0xd01e8c32, L:/127.0.0.1:61620 - R:localhost/127.0.0.1:32249] for POST '/session/56837aa4f5537bf7b4ed1ab6cf69df7a/actions'
00:33:48.913 [AsyncHttpClient-1-2] DEBUG org.asynchttpclient.netty.handler.HttpHandler - 

Request DefaultHttpRequest(decodeResult: success, version: HTTP/1.1)
POST /session/56837aa4f5537bf7b4ed1ab6cf69df7a/actions HTTP/1.1
User-Agent: selenium/4.12.0 (java windows)
Content-Length: 606
Content-Type: application/json; charset=utf-8
host: localhost:32249
accept: */*

Response DefaultHttpResponse(decodeResult: success, version: HTTP/1.1)
HTTP/1.1 200 OK
Content-Length: 14
Content-Type: application/json; charset=utf-8
cache-control: no-cache

00:33:48.913 [AsyncHttpClient-1-2] DEBUG org.asynchttpclient.netty.channel.ChannelManager - Adding key: http://localhost:32249 for channel [id: 0xd01e8c32, L:/127.0.0.1:61620 - R:localhost/127.0.0.1:32249]
00:33:48.913 [Forwarding findElement on session 56837aa4f5537bf7b4ed1ab6cf69df7a to remote] DEBUG org.asynchttpclient.netty.request.NettyRequestSender - Using pooled Channel '[id: 0xd01e8c32, L:/127.0.0.1:61620 - R:localhost/127.0.0.1:32249]' for 'POST' to 'http://localhost:32249/session/56837aa4f5537bf7b4ed1ab6cf69df7a/element'
00:33:48.913 [Forwarding findElement on session 56837aa4f5537bf7b4ed1ab6cf69df7a to remote] DEBUG org.asynchttpclient.netty.request.NettyRequestSender - Using open Channel [id: 0xd01e8c32, L:/127.0.0.1:61620 - R:localhost/127.0.0.1:32249] for POST '/session/56837aa4f5537bf7b4ed1ab6cf69df7a/element'
00:33:48.932 [AsyncHttpClient-1-2] DEBUG org.asynchttpclient.netty.handler.HttpHandler - 

Request DefaultHttpRequest(decodeResult: success, version: HTTP/1.1)
POST /session/56837aa4f5537bf7b4ed1ab6cf69df7a/element HTTP/1.1
User-Agent: selenium/4.12.0 (java windows)
Content-Length: 250
Content-Type: application/json; charset=utf-8
host: localhost:32249
accept: */*

Response DefaultHttpResponse(decodeResult: success, version: HTTP/1.1)
HTTP/1.1 200 OK
Content-Length: 127
Content-Type: application/json; charset=utf-8
cache-control: no-cache

00:33:48.932 [AsyncHttpClient-1-2] DEBUG org.asynchttpclient.netty.channel.ChannelManager - Adding key: http://localhost:32249 for channel [id: 0xd01e8c32, L:/127.0.0.1:61620 - R:localhost/127.0.0.1:32249]
00:33:48.934 [Forwarding actions on session 56837aa4f5537bf7b4ed1ab6cf69df7a to remote] DEBUG org.asynchttpclient.netty.request.NettyRequestSender - Using pooled Channel '[id: 0xd01e8c32, L:/127.0.0.1:61620 - R:localhost/127.0.0.1:32249]' for 'POST' to 'http://localhost:32249/session/56837aa4f5537bf7b4ed1ab6cf69df7a/actions'
00:33:48.934 [Forwarding actions on session 56837aa4f5537bf7b4ed1ab6cf69df7a to remote] DEBUG org.asynchttpclient.netty.request.NettyRequestSender - Using open Channel [id: 0xd01e8c32, L:/127.0.0.1:61620 - R:localhost/127.0.0.1:32249] for POST '/session/56837aa4f5537bf7b4ed1ab6cf69df7a/actions'
00:33:49.161 [AsyncHttpClient-1-2] DEBUG org.asynchttpclient.netty.handler.HttpHandler - 

Request DefaultHttpRequest(decodeResult: success, version: HTTP/1.1)
POST /session/56837aa4f5537bf7b4ed1ab6cf69df7a/actions HTTP/1.1
User-Agent: selenium/4.12.0 (java windows)
Content-Length: 606
Content-Type: application/json; charset=utf-8
host: localhost:32249
accept: */*

Response DefaultHttpResponse(decodeResult: success, version: HTTP/1.1)
HTTP/1.1 200 OK
Content-Length: 14
Content-Type: application/json; charset=utf-8
cache-control: no-cache

00:33:49.161 [AsyncHttpClient-1-2] DEBUG org.asynchttpclient.netty.channel.ChannelManager - Adding key: http://localhost:32249 for channel [id: 0xd01e8c32, L:/127.0.0.1:61620 - R:localhost/127.0.0.1:32249]
00:33:49.169 [Forwarding findElement on session 56837aa4f5537bf7b4ed1ab6cf69df7a to remote] DEBUG org.asynchttpclient.netty.request.NettyRequestSender - Using pooled Channel '[id: 0xd01e8c32, L:/127.0.0.1:61620 - R:localhost/127.0.0.1:32249]' for 'POST' to 'http://localhost:32249/session/56837aa4f5537bf7b4ed1ab6cf69df7a/element'
00:33:49.169 [Forwarding findElement on session 56837aa4f5537bf7b4ed1ab6cf69df7a to remote] DEBUG org.asynchttpclient.netty.request.NettyRequestSender - Using open Channel [id: 0xd01e8c32, L:/127.0.0.1:61620 - R:localhost/127.0.0.1:32249] for POST '/session/56837aa4f5537bf7b4ed1ab6cf69df7a/element'
00:33:49.188 [AsyncHttpClient-1-2] DEBUG org.asynchttpclient.netty.handler.HttpHandler - 

Request DefaultHttpRequest(decodeResult: success, version: HTTP/1.1)
POST /session/56837aa4f5537bf7b4ed1ab6cf69df7a/element HTTP/1.1
User-Agent: selenium/4.12.0 (java windows)
Content-Length: 250
Content-Type: application/json; charset=utf-8
host: localhost:32249
accept: */*

Response DefaultHttpResponse(decodeResult: success, version: HTTP/1.1)
HTTP/1.1 200 OK
Content-Length: 127
Content-Type: application/json; charset=utf-8
cache-control: no-cache

00:33:49.188 [AsyncHttpClient-1-2] DEBUG org.asynchttpclient.netty.channel.ChannelManager - Adding key: http://localhost:32249 for channel [id: 0xd01e8c32, L:/127.0.0.1:61620 - R:localhost/127.0.0.1:32249]
00:33:49.194 [Forwarding actions on session 56837aa4f5537bf7b4ed1ab6cf69df7a to remote] DEBUG org.asynchttpclient.netty.request.NettyRequestSender - Using pooled Channel '[id: 0xd01e8c32, L:/127.0.0.1:61620 - R:localhost/127.0.0.1:32249]' for 'POST' to 'http://localhost:32249/session/56837aa4f5537bf7b4ed1ab6cf69df7a/actions'
00:33:49.194 [Forwarding actions on session 56837aa4f5537bf7b4ed1ab6cf69df7a to remote] DEBUG org.asynchttpclient.netty.request.NettyRequestSender - Using open Channel [id: 0xd01e8c32, L:/127.0.0.1:61620 - R:localhost/127.0.0.1:32249] for POST '/session/56837aa4f5537bf7b4ed1ab6cf69df7a/actions'
00:33:49.385 [AsyncHttpClient-1-2] DEBUG org.asynchttpclient.netty.handler.HttpHandler - 

Request DefaultHttpRequest(decodeResult: success, version: HTTP/1.1)
POST /session/56837aa4f5537bf7b4ed1ab6cf69df7a/actions HTTP/1.1
User-Agent: selenium/4.12.0 (java windows)
Content-Length: 606
Content-Type: application/json; charset=utf-8
host: localhost:32249
accept: */*

Response DefaultHttpResponse(decodeResult: success, version: HTTP/1.1)
HTTP/1.1 200 OK
Content-Length: 14
Content-Type: application/json; charset=utf-8
cache-control: no-cache

00:33:49.385 [AsyncHttpClient-1-2] DEBUG org.asynchttpclient.netty.channel.ChannelManager - Adding key: http://localhost:32249 for channel [id: 0xd01e8c32, L:/127.0.0.1:61620 - R:localhost/127.0.0.1:32249]
00:33:49.385 [Forwarding findElement on session 56837aa4f5537bf7b4ed1ab6cf69df7a to remote] DEBUG org.asynchttpclient.netty.request.NettyRequestSender - Using pooled Channel '[id: 0xd01e8c32, L:/127.0.0.1:61620 - R:localhost/127.0.0.1:32249]' for 'POST' to 'http://localhost:32249/session/56837aa4f5537bf7b4ed1ab6cf69df7a/element'
00:33:49.385 [Forwarding findElement on session 56837aa4f5537bf7b4ed1ab6cf69df7a to remote] DEBUG org.asynchttpclient.netty.request.NettyRequestSender - Using open Channel [id: 0xd01e8c32, L:/127.0.0.1:61620 - R:localhost/127.0.0.1:32249] for POST '/session/56837aa4f5537bf7b4ed1ab6cf69df7a/element'
00:33:49.400 [AsyncHttpClient-1-2] DEBUG org.asynchttpclient.netty.handler.HttpHandler - 

Request DefaultHttpRequest(decodeResult: success, version: HTTP/1.1)
POST /session/56837aa4f5537bf7b4ed1ab6cf69df7a/element HTTP/1.1
User-Agent: selenium/4.12.0 (java windows)
Content-Length: 250
Content-Type: application/json; charset=utf-8
host: localhost:32249
accept: */*

Response DefaultHttpResponse(decodeResult: success, version: HTTP/1.1)
HTTP/1.1 200 OK
Content-Length: 127
Content-Type: application/json; charset=utf-8
cache-control: no-cache

00:33:49.400 [AsyncHttpClient-1-2] DEBUG org.asynchttpclient.netty.channel.ChannelManager - Adding key: http://localhost:32249 for channel [id: 0xd01e8c32, L:/127.0.0.1:61620 - R:localhost/127.0.0.1:32249]
00:33:49.408 [Forwarding actions on session 56837aa4f5537bf7b4ed1ab6cf69df7a to remote] DEBUG org.asynchttpclient.netty.request.NettyRequestSender - Using pooled Channel '[id: 0xd01e8c32, L:/127.0.0.1:61620 - R:localhost/127.0.0.1:32249]' for 'POST' to 'http://localhost:32249/session/56837aa4f5537bf7b4ed1ab6cf69df7a/actions'
00:33:49.408 [Forwarding actions on session 56837aa4f5537bf7b4ed1ab6cf69df7a to remote] DEBUG org.asynchttpclient.netty.request.NettyRequestSender - Using open Channel [id: 0xd01e8c32, L:/127.0.0.1:61620 - R:localhost/127.0.0.1:32249] for POST '/session/56837aa4f5537bf7b4ed1ab6cf69df7a/actions'
00:33:49.593 [AsyncHttpClient-1-2] DEBUG org.asynchttpclient.netty.handler.HttpHandler - 

Request DefaultHttpRequest(decodeResult: success, version: HTTP/1.1)
POST /session/56837aa4f5537bf7b4ed1ab6cf69df7a/actions HTTP/1.1
User-Agent: selenium/4.12.0 (java windows)
Content-Length: 606
Content-Type: application/json; charset=utf-8
host: localhost:32249
accept: */*

Response DefaultHttpResponse(decodeResult: success, version: HTTP/1.1)
HTTP/1.1 200 OK
Content-Length: 14
Content-Type: application/json; charset=utf-8
cache-control: no-cache

00:33:49.594 [AsyncHttpClient-1-2] DEBUG org.asynchttpclient.netty.channel.ChannelManager - Adding key: http://localhost:32249 for channel [id: 0xd01e8c32, L:/127.0.0.1:61620 - R:localhost/127.0.0.1:32249]
00:33:49.594 [Forwarding findElement on session 56837aa4f5537bf7b4ed1ab6cf69df7a to remote] DEBUG org.asynchttpclient.netty.request.NettyRequestSender - Using pooled Channel '[id: 0xd01e8c32, L:/127.0.0.1:61620 - R:localhost/127.0.0.1:32249]' for 'POST' to 'http://localhost:32249/session/56837aa4f5537bf7b4ed1ab6cf69df7a/element'
00:33:49.594 [Forwarding findElement on session 56837aa4f5537bf7b4ed1ab6cf69df7a to remote] DEBUG org.asynchttpclient.netty.request.NettyRequestSender - Using open Channel [id: 0xd01e8c32, L:/127.0.0.1:61620 - R:localhost/127.0.0.1:32249] for POST '/session/56837aa4f5537bf7b4ed1ab6cf69df7a/element'
00:33:49.609 [AsyncHttpClient-1-2] DEBUG org.asynchttpclient.netty.handler.HttpHandler - 

Request DefaultHttpRequest(decodeResult: success, version: HTTP/1.1)
POST /session/56837aa4f5537bf7b4ed1ab6cf69df7a/element HTTP/1.1
User-Agent: selenium/4.12.0 (java windows)
Content-Length: 250
Content-Type: application/json; charset=utf-8
host: localhost:32249
accept: */*

Response DefaultHttpResponse(decodeResult: success, version: HTTP/1.1)
HTTP/1.1 200 OK
Content-Length: 127
Content-Type: application/json; charset=utf-8
cache-control: no-cache

00:33:49.609 [AsyncHttpClient-1-2] DEBUG org.asynchttpclient.netty.channel.ChannelManager - Adding key: http://localhost:32249 for channel [id: 0xd01e8c32, L:/127.0.0.1:61620 - R:localhost/127.0.0.1:32249]
00:33:49.617 [AsyncHttpClient-1-1] DEBUG org.asynchttpclient.netty.channel.DefaultChannelPool - Entry count for : http://localhost:32249 : 1
00:33:49.617 [AsyncHttpClient-1-1] DEBUG org.asynchttpclient.netty.channel.DefaultChannelPool - Entry count for : http://localhost:61621 : 1
00:33:49.617 [Forwarding actions on session 56837aa4f5537bf7b4ed1ab6cf69df7a to remote] DEBUG org.asynchttpclient.netty.request.NettyRequestSender - Using pooled Channel '[id: 0xd01e8c32, L:/127.0.0.1:61620 - R:localhost/127.0.0.1:32249]' for 'POST' to 'http://localhost:32249/session/56837aa4f5537bf7b4ed1ab6cf69df7a/actions'
00:33:49.617 [Forwarding actions on session 56837aa4f5537bf7b4ed1ab6cf69df7a to remote] DEBUG org.asynchttpclient.netty.request.NettyRequestSender - Using open Channel [id: 0xd01e8c32, L:/127.0.0.1:61620 - R:localhost/127.0.0.1:32249] for POST '/session/56837aa4f5537bf7b4ed1ab6cf69df7a/actions'
00:33:49.809 [AsyncHttpClient-1-2] DEBUG org.asynchttpclient.netty.handler.HttpHandler - 

Request DefaultHttpRequest(decodeResult: success, version: HTTP/1.1)
POST /session/56837aa4f5537bf7b4ed1ab6cf69df7a/actions HTTP/1.1
User-Agent: selenium/4.12.0 (java windows)
Content-Length: 606
Content-Type: application/json; charset=utf-8
host: localhost:32249
accept: */*

Response DefaultHttpResponse(decodeResult: success, version: HTTP/1.1)
HTTP/1.1 200 OK
Content-Length: 14
Content-Type: application/json; charset=utf-8
cache-control: no-cache

00:33:49.809 [AsyncHttpClient-1-2] DEBUG org.asynchttpclient.netty.channel.ChannelManager - Adding key: http://localhost:32249 for channel [id: 0xd01e8c32, L:/127.0.0.1:61620 - R:localhost/127.0.0.1:32249]
00:33:49.809 [Forwarding findElement on session 56837aa4f5537bf7b4ed1ab6cf69df7a to remote] DEBUG org.asynchttpclient.netty.request.NettyRequestSender - Using pooled Channel '[id: 0xd01e8c32, L:/127.0.0.1:61620 - R:localhost/127.0.0.1:32249]' for 'POST' to 'http://localhost:32249/session/56837aa4f5537bf7b4ed1ab6cf69df7a/element'
00:33:49.809 [Forwarding findElement on session 56837aa4f5537bf7b4ed1ab6cf69df7a to remote] DEBUG org.asynchttpclient.netty.request.NettyRequestSender - Using open Channel [id: 0xd01e8c32, L:/127.0.0.1:61620 - R:localhost/127.0.0.1:32249] for POST '/session/56837aa4f5537bf7b4ed1ab6cf69df7a/element'
00:33:49.828 [AsyncHttpClient-1-2] DEBUG org.asynchttpclient.netty.handler.HttpHandler - 

Request DefaultHttpRequest(decodeResult: success, version: HTTP/1.1)
POST /session/56837aa4f5537bf7b4ed1ab6cf69df7a/element HTTP/1.1
User-Agent: selenium/4.12.0 (java windows)
Content-Length: 250
Content-Type: application/json; charset=utf-8
host: localhost:32249
accept: */*

Response DefaultHttpResponse(decodeResult: success, version: HTTP/1.1)
HTTP/1.1 200 OK
Content-Length: 127
Content-Type: application/json; charset=utf-8
cache-control: no-cache

00:33:49.828 [AsyncHttpClient-1-2] DEBUG org.asynchttpclient.netty.channel.ChannelManager - Adding key: http://localhost:32249 for channel [id: 0xd01e8c32, L:/127.0.0.1:61620 - R:localhost/127.0.0.1:32249]
00:33:49.829 [Forwarding actions on session 56837aa4f5537bf7b4ed1ab6cf69df7a to remote] DEBUG org.asynchttpclient.netty.request.NettyRequestSender - Using pooled Channel '[id: 0xd01e8c32, L:/127.0.0.1:61620 - R:localhost/127.0.0.1:32249]' for 'POST' to 'http://localhost:32249/session/56837aa4f5537bf7b4ed1ab6cf69df7a/actions'
00:33:49.829 [Forwarding actions on session 56837aa4f5537bf7b4ed1ab6cf69df7a to remote] DEBUG org.asynchttpclient.netty.request.NettyRequestSender - Using open Channel [id: 0xd01e8c32, L:/127.0.0.1:61620 - R:localhost/127.0.0.1:32249] for POST '/session/56837aa4f5537bf7b4ed1ab6cf69df7a/actions'
00:33:50.033 [AsyncHttpClient-1-2] DEBUG org.asynchttpclient.netty.handler.HttpHandler - 

Request DefaultHttpRequest(decodeResult: success, version: HTTP/1.1)
POST /session/56837aa4f5537bf7b4ed1ab6cf69df7a/actions HTTP/1.1
User-Agent: selenium/4.12.0 (java windows)
Content-Length: 606
Content-Type: application/json; charset=utf-8
host: localhost:32249
accept: */*

Response DefaultHttpResponse(decodeResult: success, version: HTTP/1.1)
HTTP/1.1 200 OK
Content-Length: 14
Content-Type: application/json; charset=utf-8
cache-control: no-cache

00:33:50.033 [AsyncHttpClient-1-2] DEBUG org.asynchttpclient.netty.channel.ChannelManager - Adding key: http://localhost:32249 for channel [id: 0xd01e8c32, L:/127.0.0.1:61620 - R:localhost/127.0.0.1:32249]
00:33:50.725 [AsyncHttpClient-1-1] DEBUG org.asynchttpclient.netty.channel.DefaultChannelPool - Entry count for : http://localhost:32249 : 1
00:33:50.725 [AsyncHttpClient-1-1] DEBUG org.asynchttpclient.netty.channel.DefaultChannelPool - Entry count for : http://localhost:61621 : 1
00:33:51.819 [AsyncHttpClient-1-1] DEBUG org.asynchttpclient.netty.channel.DefaultChannelPool - Entry count for : http://localhost:32249 : 1
00:33:51.819 [AsyncHttpClient-1-1] DEBUG org.asynchttpclient.netty.channel.DefaultChannelPool - Entry count for : http://localhost:61621 : 1
00:33:52.543 [Forwarding screenshot on session 56837aa4f5537bf7b4ed1ab6cf69df7a to remote] DEBUG org.asynchttpclient.netty.request.NettyRequestSender - Using pooled Channel '[id: 0xd01e8c32, L:/127.0.0.1:61620 - R:localhost/127.0.0.1:32249]' for 'GET' to 'http://localhost:32249/session/56837aa4f5537bf7b4ed1ab6cf69df7a/screenshot'
00:33:52.543 [Forwarding screenshot on session 56837aa4f5537bf7b4ed1ab6cf69df7a to remote] DEBUG org.asynchttpclient.netty.request.NettyRequestSender - Using open Channel [id: 0xd01e8c32, L:/127.0.0.1:61620 - R:localhost/127.0.0.1:32249] for GET '/session/56837aa4f5537bf7b4ed1ab6cf69df7a/screenshot'
00:33:52.728 [AsyncHttpClient-1-2] DEBUG org.asynchttpclient.netty.handler.HttpHandler - 

Request DefaultFullHttpRequest(decodeResult: success, version: HTTP/1.1, content: EmptyByteBufBE)
GET /session/56837aa4f5537bf7b4ed1ab6cf69df7a/screenshot HTTP/1.1
Cache-Control: no-cache
User-Agent: selenium/4.12.0 (java windows)
Content-Type: application/json; charset=utf-8
host: localhost:32249
accept: */*

Response DefaultHttpResponse(decodeResult: success, version: HTTP/1.1)
HTTP/1.1 200 OK
Content-Length: 334692
Content-Type: application/json; charset=utf-8
cache-control: no-cache

00:33:52.728 [AsyncHttpClient-1-2] DEBUG org.asynchttpclient.netty.channel.ChannelManager - Adding key: http://localhost:32249 for channel [id: 0xd01e8c32, L:/127.0.0.1:61620 - R:localhost/127.0.0.1:32249]
  And Provide the Business hour04:00 15:00                                    # StepDefination.Customer_onboarding.Provide_the_business_hores(java.lang.String,java.lang.String)
00:33:52.919 [AsyncHttpClient-1-1] DEBUG org.asynchttpclient.netty.channel.DefaultChannelPool - Entry count for : http://localhost:32249 : 1
00:33:52.919 [AsyncHttpClient-1-1] DEBUG org.asynchttpclient.netty.channel.DefaultChannelPool - Entry count for : http://localhost:61621 : 1
00:33:53.758 [Forwarding findElement on session 56837aa4f5537bf7b4ed1ab6cf69df7a to remote] DEBUG org.asynchttpclient.netty.request.NettyRequestSender - Using pooled Channel '[id: 0xd01e8c32, L:/127.0.0.1:61620 - R:localhost/127.0.0.1:32249]' for 'POST' to 'http://localhost:32249/session/56837aa4f5537bf7b4ed1ab6cf69df7a/element'
00:33:53.758 [Forwarding findElement on session 56837aa4f5537bf7b4ed1ab6cf69df7a to remote] DEBUG org.asynchttpclient.netty.request.NettyRequestSender - Using open Channel [id: 0xd01e8c32, L:/127.0.0.1:61620 - R:localhost/127.0.0.1:32249] for POST '/session/56837aa4f5537bf7b4ed1ab6cf69df7a/element'
00:33:53.772 [AsyncHttpClient-1-2] DEBUG org.asynchttpclient.netty.handler.HttpHandler - 

Request DefaultHttpRequest(decodeResult: success, version: HTTP/1.1)
POST /session/56837aa4f5537bf7b4ed1ab6cf69df7a/element HTTP/1.1
User-Agent: selenium/4.12.0 (java windows)
Content-Length: 72
Content-Type: application/json; charset=utf-8
host: localhost:32249
accept: */*

Response DefaultHttpResponse(decodeResult: success, version: HTTP/1.1)
HTTP/1.1 200 OK
Content-Length: 127
Content-Type: application/json; charset=utf-8
cache-control: no-cache

00:33:53.782 [AsyncHttpClient-1-2] DEBUG org.asynchttpclient.netty.channel.ChannelManager - Adding key: http://localhost:32249 for channel [id: 0xd01e8c32, L:/127.0.0.1:61620 - R:localhost/127.0.0.1:32249]
00:33:53.782 [Forwarding clickElement on session 56837aa4f5537bf7b4ed1ab6cf69df7a to remote] DEBUG org.asynchttpclient.netty.request.NettyRequestSender - Using pooled Channel '[id: 0xd01e8c32, L:/127.0.0.1:61620 - R:localhost/127.0.0.1:32249]' for 'POST' to 'http://localhost:32249/session/56837aa4f5537bf7b4ed1ab6cf69df7a/element/f.E032C8C09C6360B497DD7515C53FEADA.d.BAEA445B3328D562E59FE97EF355F735.e.154/click'
00:33:53.782 [Forwarding clickElement on session 56837aa4f5537bf7b4ed1ab6cf69df7a to remote] DEBUG org.asynchttpclient.netty.request.NettyRequestSender - Using open Channel [id: 0xd01e8c32, L:/127.0.0.1:61620 - R:localhost/127.0.0.1:32249] for POST '/session/56837aa4f5537bf7b4ed1ab6cf69df7a/element/f.E032C8C09C6360B497DD7515C53FEADA.d.BAEA445B3328D562E59FE97EF355F735.e.154/click'
00:33:53.951 [AsyncHttpClient-1-2] DEBUG org.asynchttpclient.netty.handler.HttpHandler - 

Request DefaultHttpRequest(decodeResult: success, version: HTTP/1.1)
POST /session/56837aa4f5537bf7b4ed1ab6cf69df7a/element/f.E032C8C09C6360B497DD7515C53FEADA.d.BAEA445B3328D562E59FE97EF355F735.e.154/click HTTP/1.1
User-Agent: selenium/4.12.0 (java windows)
Content-Length: 89
Content-Type: application/json; charset=utf-8
host: localhost:32249
accept: */*

Response DefaultHttpResponse(decodeResult: success, version: HTTP/1.1)
HTTP/1.1 200 OK
Content-Length: 14
Content-Type: application/json; charset=utf-8
cache-control: no-cache

00:33:53.951 [AsyncHttpClient-1-2] DEBUG org.asynchttpclient.netty.channel.ChannelManager - Adding key: http://localhost:32249 for channel [id: 0xd01e8c32, L:/127.0.0.1:61620 - R:localhost/127.0.0.1:32249]
00:33:54.023 [AsyncHttpClient-1-1] DEBUG org.asynchttpclient.netty.channel.DefaultChannelPool - Entry count for : http://localhost:32249 : 1
00:33:54.023 [AsyncHttpClient-1-1] DEBUG org.asynchttpclient.netty.channel.DefaultChannelPool - Entry count for : http://localhost:61621 : 1
00:33:54.456 [Forwarding screenshot on session 56837aa4f5537bf7b4ed1ab6cf69df7a to remote] DEBUG org.asynchttpclient.netty.request.NettyRequestSender - Using pooled Channel '[id: 0xd01e8c32, L:/127.0.0.1:61620 - R:localhost/127.0.0.1:32249]' for 'GET' to 'http://localhost:32249/session/56837aa4f5537bf7b4ed1ab6cf69df7a/screenshot'
00:33:54.456 [Forwarding screenshot on session 56837aa4f5537bf7b4ed1ab6cf69df7a to remote] DEBUG org.asynchttpclient.netty.request.NettyRequestSender - Using open Channel [id: 0xd01e8c32, L:/127.0.0.1:61620 - R:localhost/127.0.0.1:32249] for GET '/session/56837aa4f5537bf7b4ed1ab6cf69df7a/screenshot'
00:33:54.677 [AsyncHttpClient-1-2] DEBUG org.asynchttpclient.netty.handler.HttpHandler - 

Request DefaultFullHttpRequest(decodeResult: success, version: HTTP/1.1, content: EmptyByteBufBE)
GET /session/56837aa4f5537bf7b4ed1ab6cf69df7a/screenshot HTTP/1.1
Cache-Control: no-cache
User-Agent: selenium/4.12.0 (java windows)
Content-Type: application/json; charset=utf-8
host: localhost:32249
accept: */*

Response DefaultHttpResponse(decodeResult: success, version: HTTP/1.1)
HTTP/1.1 200 OK
Content-Length: 358344
Content-Type: application/json; charset=utf-8
cache-control: no-cache

00:33:54.677 [AsyncHttpClient-1-2] DEBUG org.asynchttpclient.netty.channel.ChannelManager - Adding key: http://localhost:32249 for channel [id: 0xd01e8c32, L:/127.0.0.1:61620 - R:localhost/127.0.0.1:32249]
  When Submit the form                                                        # StepDefination.Customer_onboarding.Submit_the_form()
00:33:55.116 [AsyncHttpClient-1-1] DEBUG org.asynchttpclient.netty.channel.DefaultChannelPool - Entry count for : http://localhost:32249 : 1
00:33:55.116 [AsyncHttpClient-1-1] DEBUG org.asynchttpclient.netty.channel.DefaultChannelPool - Entry count for : http://localhost:61621 : 1
00:33:55.211 [Forwarding findElement on session 56837aa4f5537bf7b4ed1ab6cf69df7a to remote] DEBUG org.asynchttpclient.netty.request.NettyRequestSender - Using pooled Channel '[id: 0xd01e8c32, L:/127.0.0.1:61620 - R:localhost/127.0.0.1:32249]' for 'POST' to 'http://localhost:32249/session/56837aa4f5537bf7b4ed1ab6cf69df7a/element'
00:33:55.211 [Forwarding findElement on session 56837aa4f5537bf7b4ed1ab6cf69df7a to remote] DEBUG org.asynchttpclient.netty.request.NettyRequestSender - Using open Channel [id: 0xd01e8c32, L:/127.0.0.1:61620 - R:localhost/127.0.0.1:32249] for POST '/session/56837aa4f5537bf7b4ed1ab6cf69df7a/element'
00:33:55.232 [AsyncHttpClient-1-2] DEBUG org.asynchttpclient.netty.handler.HttpHandler - 

Request DefaultHttpRequest(decodeResult: success, version: HTTP/1.1)
POST /session/56837aa4f5537bf7b4ed1ab6cf69df7a/element HTTP/1.1
User-Agent: selenium/4.12.0 (java windows)
Content-Length: 151
Content-Type: application/json; charset=utf-8
host: localhost:32249
accept: */*

Response DefaultHttpResponse(decodeResult: success, version: HTTP/1.1)
HTTP/1.1 200 OK
Content-Length: 127
Content-Type: application/json; charset=utf-8
cache-control: no-cache

00:33:55.232 [AsyncHttpClient-1-2] DEBUG org.asynchttpclient.netty.channel.ChannelManager - Adding key: http://localhost:32249 for channel [id: 0xd01e8c32, L:/127.0.0.1:61620 - R:localhost/127.0.0.1:32249]
00:33:55.232 [Forwarding clickElement on session 56837aa4f5537bf7b4ed1ab6cf69df7a to remote] DEBUG org.asynchttpclient.netty.request.NettyRequestSender - Using pooled Channel '[id: 0xd01e8c32, L:/127.0.0.1:61620 - R:localhost/127.0.0.1:32249]' for 'POST' to 'http://localhost:32249/session/56837aa4f5537bf7b4ed1ab6cf69df7a/element/f.E032C8C09C6360B497DD7515C53FEADA.d.BAEA445B3328D562E59FE97EF355F735.e.156/click'
00:33:55.232 [Forwarding clickElement on session 56837aa4f5537bf7b4ed1ab6cf69df7a to remote] DEBUG org.asynchttpclient.netty.request.NettyRequestSender - Using open Channel [id: 0xd01e8c32, L:/127.0.0.1:61620 - R:localhost/127.0.0.1:32249] for POST '/session/56837aa4f5537bf7b4ed1ab6cf69df7a/element/f.E032C8C09C6360B497DD7515C53FEADA.d.BAEA445B3328D562E59FE97EF355F735.e.156/click'
00:33:55.349 [AsyncHttpClient-1-2] DEBUG org.asynchttpclient.netty.handler.HttpHandler - 

Request DefaultHttpRequest(decodeResult: success, version: HTTP/1.1)
POST /session/56837aa4f5537bf7b4ed1ab6cf69df7a/element/f.E032C8C09C6360B497DD7515C53FEADA.d.BAEA445B3328D562E59FE97EF355F735.e.156/click HTTP/1.1
User-Agent: selenium/4.12.0 (java windows)
Content-Length: 89
Content-Type: application/json; charset=utf-8
host: localhost:32249
accept: */*

Response DefaultHttpResponse(decodeResult: success, version: HTTP/1.1)
HTTP/1.1 200 OK
Content-Length: 14
Content-Type: application/json; charset=utf-8
cache-control: no-cache

00:33:55.349 [AsyncHttpClient-1-2] DEBUG org.asynchttpclient.netty.channel.ChannelManager - Adding key: http://localhost:32249 for channel [id: 0xd01e8c32, L:/127.0.0.1:61620 - R:localhost/127.0.0.1:32249]
00:33:55.855 [Forwarding screenshot on session 56837aa4f5537bf7b4ed1ab6cf69df7a to remote] DEBUG org.asynchttpclient.netty.request.NettyRequestSender - Using pooled Channel '[id: 0xd01e8c32, L:/127.0.0.1:61620 - R:localhost/127.0.0.1:32249]' for 'GET' to 'http://localhost:32249/session/56837aa4f5537bf7b4ed1ab6cf69df7a/screenshot'
00:33:55.855 [Forwarding screenshot on session 56837aa4f5537bf7b4ed1ab6cf69df7a to remote] DEBUG org.asynchttpclient.netty.request.NettyRequestSender - Using open Channel [id: 0xd01e8c32, L:/127.0.0.1:61620 - R:localhost/127.0.0.1:32249] for GET '/session/56837aa4f5537bf7b4ed1ab6cf69df7a/screenshot'
00:33:56.044 [AsyncHttpClient-1-2] DEBUG org.asynchttpclient.netty.handler.HttpHandler - 

Request DefaultFullHttpRequest(decodeResult: success, version: HTTP/1.1, content: EmptyByteBufBE)
GET /session/56837aa4f5537bf7b4ed1ab6cf69df7a/screenshot HTTP/1.1
Cache-Control: no-cache
User-Agent: selenium/4.12.0 (java windows)
Content-Type: application/json; charset=utf-8
host: localhost:32249
accept: */*

Response DefaultHttpResponse(decodeResult: success, version: HTTP/1.1)
HTTP/1.1 200 OK
Content-Length: 354904
Content-Type: application/json; charset=utf-8
cache-control: no-cache

00:33:56.044 [AsyncHttpClient-1-2] DEBUG org.asynchttpclient.netty.channel.ChannelManager - Adding key: http://localhost:32249 for channel [id: 0xd01e8c32, L:/127.0.0.1:61620 - R:localhost/127.0.0.1:32249]
  And Tap back button                                                         # StepDefination.Customer_onboarding.Tap_back_button()
00:33:56.218 [AsyncHttpClient-1-1] DEBUG org.asynchttpclient.netty.channel.DefaultChannelPool - Entry count for : http://localhost:32249 : 1
00:33:56.218 [AsyncHttpClient-1-1] DEBUG org.asynchttpclient.netty.channel.DefaultChannelPool - Entry count for : http://localhost:61621 : 1
00:33:57.074 [Forwarding findElements on session 56837aa4f5537bf7b4ed1ab6cf69df7a to remote] DEBUG org.asynchttpclient.netty.request.NettyRequestSender - Using pooled Channel '[id: 0xd01e8c32, L:/127.0.0.1:61620 - R:localhost/127.0.0.1:32249]' for 'POST' to 'http://localhost:32249/session/56837aa4f5537bf7b4ed1ab6cf69df7a/elements'
00:33:57.074 [Forwarding findElements on session 56837aa4f5537bf7b4ed1ab6cf69df7a to remote] DEBUG org.asynchttpclient.netty.request.NettyRequestSender - Using open Channel [id: 0xd01e8c32, L:/127.0.0.1:61620 - R:localhost/127.0.0.1:32249] for POST '/session/56837aa4f5537bf7b4ed1ab6cf69df7a/elements'
00:33:57.090 [AsyncHttpClient-1-2] DEBUG org.asynchttpclient.netty.handler.HttpHandler - 

Request DefaultHttpRequest(decodeResult: success, version: HTTP/1.1)
POST /session/56837aa4f5537bf7b4ed1ab6cf69df7a/elements HTTP/1.1
User-Agent: selenium/4.12.0 (java windows)
Content-Length: 142
Content-Type: application/json; charset=utf-8
host: localhost:32249
accept: */*

Response DefaultHttpResponse(decodeResult: success, version: HTTP/1.1)
HTTP/1.1 200 OK
Content-Length: 3315
Content-Type: application/json; charset=utf-8
cache-control: no-cache

00:33:57.090 [AsyncHttpClient-1-2] DEBUG org.asynchttpclient.netty.channel.ChannelManager - Adding key: http://localhost:32249 for channel [id: 0xd01e8c32, L:/127.0.0.1:61620 - R:localhost/127.0.0.1:32249]
00:33:57.111 [Forwarding findElement on session 56837aa4f5537bf7b4ed1ab6cf69df7a to remote] DEBUG org.asynchttpclient.netty.request.NettyRequestSender - Using pooled Channel '[id: 0xd01e8c32, L:/127.0.0.1:61620 - R:localhost/127.0.0.1:32249]' for 'POST' to 'http://localhost:32249/session/56837aa4f5537bf7b4ed1ab6cf69df7a/element'
00:33:57.111 [Forwarding findElement on session 56837aa4f5537bf7b4ed1ab6cf69df7a to remote] DEBUG org.asynchttpclient.netty.request.NettyRequestSender - Using open Channel [id: 0xd01e8c32, L:/127.0.0.1:61620 - R:localhost/127.0.0.1:32249] for POST '/session/56837aa4f5537bf7b4ed1ab6cf69df7a/element'
00:33:57.121 [AsyncHttpClient-1-2] DEBUG org.asynchttpclient.netty.handler.HttpHandler - 

Request DefaultHttpRequest(decodeResult: success, version: HTTP/1.1)
POST /session/56837aa4f5537bf7b4ed1ab6cf69df7a/element HTTP/1.1
User-Agent: selenium/4.12.0 (java windows)
Content-Length: 198
Content-Type: application/json; charset=utf-8
host: localhost:32249
accept: */*

Response DefaultHttpResponse(decodeResult: success, version: HTTP/1.1)
HTTP/1.1 200 OK
Content-Length: 127
Content-Type: application/json; charset=utf-8
cache-control: no-cache

00:33:57.121 [AsyncHttpClient-1-2] DEBUG org.asynchttpclient.netty.channel.ChannelManager - Adding key: http://localhost:32249 for channel [id: 0xd01e8c32, L:/127.0.0.1:61620 - R:localhost/127.0.0.1:32249]
00:33:57.121 [Forwarding getElementText on session 56837aa4f5537bf7b4ed1ab6cf69df7a to remote] DEBUG org.asynchttpclient.netty.request.NettyRequestSender - Using pooled Channel '[id: 0xd01e8c32, L:/127.0.0.1:61620 - R:localhost/127.0.0.1:32249]' for 'GET' to 'http://localhost:32249/session/56837aa4f5537bf7b4ed1ab6cf69df7a/element/f.E032C8C09C6360B497DD7515C53FEADA.d.BAEA445B3328D562E59FE97EF355F735.e.189/text'
00:33:57.121 [Forwarding getElementText on session 56837aa4f5537bf7b4ed1ab6cf69df7a to remote] DEBUG org.asynchttpclient.netty.request.NettyRequestSender - Using open Channel [id: 0xd01e8c32, L:/127.0.0.1:61620 - R:localhost/127.0.0.1:32249] for GET '/session/56837aa4f5537bf7b4ed1ab6cf69df7a/element/f.E032C8C09C6360B497DD7515C53FEADA.d.BAEA445B3328D562E59FE97EF355F735.e.189/text'
00:33:57.160 [AsyncHttpClient-1-2] DEBUG org.asynchttpclient.netty.handler.HttpHandler - 

Request DefaultFullHttpRequest(decodeResult: success, version: HTTP/1.1, content: EmptyByteBufBE)
GET /session/56837aa4f5537bf7b4ed1ab6cf69df7a/element/f.E032C8C09C6360B497DD7515C53FEADA.d.BAEA445B3328D562E59FE97EF355F735.e.189/text HTTP/1.1
Cache-Control: no-cache
User-Agent: selenium/4.12.0 (java windows)
Content-Type: application/json; charset=utf-8
host: localhost:32249
accept: */*

Response DefaultHttpResponse(decodeResult: success, version: HTTP/1.1)
HTTP/1.1 200 OK
Content-Length: 24
Content-Type: application/json; charset=utf-8
cache-control: no-cache

00:33:57.160 [AsyncHttpClient-1-2] DEBUG org.asynchttpclient.netty.channel.ChannelManager - Adding key: http://localhost:32249 for channel [id: 0xd01e8c32, L:/127.0.0.1:61620 - R:localhost/127.0.0.1:32249]
actual name: Raj_Steel
00:33:57.160 [Forwarding findElement on session 56837aa4f5537bf7b4ed1ab6cf69df7a to remote] DEBUG org.asynchttpclient.netty.request.NettyRequestSender - Using pooled Channel '[id: 0xd01e8c32, L:/127.0.0.1:61620 - R:localhost/127.0.0.1:32249]' for 'POST' to 'http://localhost:32249/session/56837aa4f5537bf7b4ed1ab6cf69df7a/element'
00:33:57.160 [Forwarding findElement on session 56837aa4f5537bf7b4ed1ab6cf69df7a to remote] DEBUG org.asynchttpclient.netty.request.NettyRequestSender - Using open Channel [id: 0xd01e8c32, L:/127.0.0.1:61620 - R:localhost/127.0.0.1:32249] for POST '/session/56837aa4f5537bf7b4ed1ab6cf69df7a/element'
00:33:57.169 [AsyncHttpClient-1-2] DEBUG org.asynchttpclient.netty.handler.HttpHandler - 

Request DefaultHttpRequest(decodeResult: success, version: HTTP/1.1)
POST /session/56837aa4f5537bf7b4ed1ab6cf69df7a/element HTTP/1.1
User-Agent: selenium/4.12.0 (java windows)
Content-Length: 198
Content-Type: application/json; charset=utf-8
host: localhost:32249
accept: */*

Response DefaultHttpResponse(decodeResult: success, version: HTTP/1.1)
HTTP/1.1 200 OK
Content-Length: 127
Content-Type: application/json; charset=utf-8
cache-control: no-cache

00:33:57.169 [AsyncHttpClient-1-2] DEBUG org.asynchttpclient.netty.channel.ChannelManager - Adding key: http://localhost:32249 for channel [id: 0xd01e8c32, L:/127.0.0.1:61620 - R:localhost/127.0.0.1:32249]
00:33:57.185 [Forwarding getElementText on session 56837aa4f5537bf7b4ed1ab6cf69df7a to remote] DEBUG org.asynchttpclient.netty.request.NettyRequestSender - Using pooled Channel '[id: 0xd01e8c32, L:/127.0.0.1:61620 - R:localhost/127.0.0.1:32249]' for 'GET' to 'http://localhost:32249/session/56837aa4f5537bf7b4ed1ab6cf69df7a/element/f.E032C8C09C6360B497DD7515C53FEADA.d.BAEA445B3328D562E59FE97EF355F735.e.190/text'
00:33:57.185 [Forwarding getElementText on session 56837aa4f5537bf7b4ed1ab6cf69df7a to remote] DEBUG org.asynchttpclient.netty.request.NettyRequestSender - Using open Channel [id: 0xd01e8c32, L:/127.0.0.1:61620 - R:localhost/127.0.0.1:32249] for GET '/session/56837aa4f5537bf7b4ed1ab6cf69df7a/element/f.E032C8C09C6360B497DD7515C53FEADA.d.BAEA445B3328D562E59FE97EF355F735.e.190/text'
00:33:57.200 [AsyncHttpClient-1-2] DEBUG org.asynchttpclient.netty.handler.HttpHandler - 

Request DefaultFullHttpRequest(decodeResult: success, version: HTTP/1.1, content: EmptyByteBufBE)
GET /session/56837aa4f5537bf7b4ed1ab6cf69df7a/element/f.E032C8C09C6360B497DD7515C53FEADA.d.BAEA445B3328D562E59FE97EF355F735.e.190/text HTTP/1.1
Cache-Control: no-cache
User-Agent: selenium/4.12.0 (java windows)
Content-Type: application/json; charset=utf-8
host: localhost:32249
accept: */*

Response DefaultHttpResponse(decodeResult: success, version: HTTP/1.1)
HTTP/1.1 200 OK
Content-Length: 26
Content-Type: application/json; charset=utf-8
cache-control: no-cache

00:33:57.200 [AsyncHttpClient-1-2] DEBUG org.asynchttpclient.netty.channel.ChannelManager - Adding key: http://localhost:32249 for channel [id: 0xd01e8c32, L:/127.0.0.1:61620 - R:localhost/127.0.0.1:32249]
actual name: Royal_Steel
Company successfully created
  Then customer successsfully added                                           # StepDefination.Customer_onboarding.customer_successsfully_added()
00:33:57.200 [Driver Command Executor] DEBUG org.asynchttpclient.netty.request.NettyRequestSender - Using pooled Channel '[id: 0xd01e8c32, L:/127.0.0.1:61620 - R:localhost/127.0.0.1:32249]' for 'DELETE' to 'http://localhost:32249/session/56837aa4f5537bf7b4ed1ab6cf69df7a'
00:33:57.200 [Driver Command Executor] DEBUG org.asynchttpclient.netty.request.NettyRequestSender - Using open Channel [id: 0xd01e8c32, L:/127.0.0.1:61620 - R:localhost/127.0.0.1:32249] for DELETE '/session/56837aa4f5537bf7b4ed1ab6cf69df7a'
00:33:57.216 [AsyncHttpClient-1-4] DEBUG org.asynchttpclient.netty.handler.WebSocketHandler - Channel Closed: [id: 0x69808c5f, L:/127.0.0.1:61630 ! R:localhost/127.0.0.1:61621] with attribute DISCARD
00:33:57.322 [AsyncHttpClient-1-1] DEBUG org.asynchttpclient.netty.channel.DefaultChannelPool - Entry count for : http://localhost:61621 : 1
00:33:57.359 [AsyncHttpClient-1-3] DEBUG org.asynchttpclient.netty.handler.HttpHandler - Unexpected I/O exception on channel [id: 0x51279774, L:/127.0.0.1:61629 - R:localhost/127.0.0.1:61621]
java.net.SocketException: Connection reset
	at java.base/sun.nio.ch.SocketChannelImpl.throwConnectionReset(SocketChannelImpl.java:394)
	at java.base/sun.nio.ch.SocketChannelImpl.read(SocketChannelImpl.java:426)
	at io.netty.buffer.PooledByteBuf.setBytes(PooledByteBuf.java:254)
	at io.netty.buffer.AbstractByteBuf.writeBytes(AbstractByteBuf.java:1132)
	at io.netty.channel.socket.nio.NioSocketChannel.doReadBytes(NioSocketChannel.java:357)
	at io.netty.channel.nio.AbstractNioByteChannel$NioByteUnsafe.read(AbstractNioByteChannel.java:151)
	at io.netty.channel.nio.NioEventLoop.processSelectedKey(NioEventLoop.java:788)
	at io.netty.channel.nio.NioEventLoop.processSelectedKeysOptimized(NioEventLoop.java:724)
	at io.netty.channel.nio.NioEventLoop.processSelectedKeys(NioEventLoop.java:650)
	at io.netty.channel.nio.NioEventLoop.run(NioEventLoop.java:562)
	at io.netty.util.concurrent.SingleThreadEventExecutor$4.run(SingleThreadEventExecutor.java:997)
	at io.netty.util.internal.ThreadExecutorMap$2.run(ThreadExecutorMap.java:74)
	at io.netty.util.concurrent.FastThreadLocalRunnable.run(FastThreadLocalRunnable.java:30)
	at java.base/java.lang.Thread.run(Thread.java:840)
00:33:57.359 [AsyncHttpClient-1-3] DEBUG org.asynchttpclient.netty.channel.ChannelManager - Closing Channel [id: 0x51279774, L:/127.0.0.1:61629 - R:localhost/127.0.0.1:61621] 
00:33:57.359 [AsyncHttpClient-1-3] DEBUG org.asynchttpclient.netty.handler.HttpHandler - Channel Closed: [id: 0x51279774, L:/127.0.0.1:61629 ! R:localhost/127.0.0.1:61621] with attribute DISCARD
00:33:57.407 [AsyncHttpClient-1-2] DEBUG org.asynchttpclient.netty.handler.HttpHandler - 

Request DefaultFullHttpRequest(decodeResult: success, version: HTTP/1.1, content: EmptyByteBufBE)
DELETE /session/56837aa4f5537bf7b4ed1ab6cf69df7a HTTP/1.1
User-Agent: selenium/4.12.0 (java windows)
Content-Type: application/json; charset=utf-8
host: localhost:32249
accept: */*

Response DefaultHttpResponse(decodeResult: success, version: HTTP/1.1)
HTTP/1.1 200 OK
Content-Length: 14
Content-Type: application/json; charset=utf-8
cache-control: no-cache

00:33:57.418 [AsyncHttpClient-1-2] DEBUG org.asynchttpclient.netty.channel.ChannelManager - Adding key: http://localhost:32249 for channel [id: 0xd01e8c32, L:/127.0.0.1:61620 - R:localhost/127.0.0.1:32249]
00:33:57.850 [AsyncHttpClient-1-2] DEBUG org.asynchttpclient.netty.handler.HttpHandler - Channel Closed: [id: 0xd01e8c32, L:/127.0.0.1:61620 ! R:localhost/127.0.0.1:32249] with attribute DISCARD
  And Close_Window                                                            # StepDefination.Customer_onboarding.close_window()
]]></system-out>
    <system-err><![CDATA[Jan 15, 2025 12:33:13 AM org.openqa.selenium.devtools.CdpVersionFinder findNearestMatch
WARNING: Unable to find CDP implementation matching 131
Jan 15, 2025 12:33:13 AM org.openqa.selenium.chromium.ChromiumDriver lambda$new$5
WARNING: Unable to find version of CDP to use for 131.0.6778.265. You may need to include a dependency on a specific version of the CDP using something similar to `org.seleniumhq.selenium:selenium-devtools-v86:4.12.0` where the version ("v86") matches the version of the chromium-based browser you're using and the version number of the artifact is the same as Selenium's.
]]></system-err>
  </testcase>
  <testcase name="Add single customer with company name and address" classname="Customer Onboarding form" time="24.823">
    <system-out><![CDATA[
Scenario Outline: Add single customer with company name and address # src/test/resources/Customers/Customer_form.feature:36
00:33:58.276 [AsyncHttpClient-1-5] DEBUG org.asynchttpclient.netty.channel.NettyConnectListener - Using new Channel '[id: 0xeff9f645, L:/127.0.0.1:61681 - R:localhost/127.0.0.1:23579]' for 'POST' to '/session'
00:33:58.418 [AsyncHttpClient-1-1] DEBUG org.asynchttpclient.netty.channel.DefaultChannelPool - Entry count for : http://localhost:32249 : 1
00:33:58.418 [AsyncHttpClient-1-1] DEBUG org.asynchttpclient.netty.channel.DefaultChannelPool - Entry count for : http://localhost:61621 : 1
00:33:58.418 [AsyncHttpClient-1-1] DEBUG org.asynchttpclient.netty.channel.DefaultChannelPool - Adding Candidate expired Channel [id: 0xd01e8c32, L:/127.0.0.1:61620 ! R:localhost/127.0.0.1:32249] isIdleTimeoutExpired=false isRemotelyClosed=true isTtlExpired=false
00:33:58.418 [AsyncHttpClient-1-1] DEBUG org.asynchttpclient.netty.channel.DefaultChannelPool - Closing Idle Channel [id: 0xd01e8c32, L:/127.0.0.1:61620 ! R:localhost/127.0.0.1:32249]
00:33:58.418 [AsyncHttpClient-1-1] DEBUG org.asynchttpclient.netty.channel.DefaultChannelPool - Adding Candidate expired Channel [id: 0x51279774, L:/127.0.0.1:61629 ! R:localhost/127.0.0.1:61621] isIdleTimeoutExpired=false isRemotelyClosed=true isTtlExpired=false
00:33:58.418 [AsyncHttpClient-1-1] DEBUG org.asynchttpclient.netty.channel.DefaultChannelPool - Closing Idle Channel [id: 0x51279774, L:/127.0.0.1:61629 ! R:localhost/127.0.0.1:61621]
00:33:58.418 [AsyncHttpClient-1-1] DEBUG org.asynchttpclient.netty.channel.DefaultChannelPool - Closed 2 connections out of 2 in 0 ms
00:33:59.558 [AsyncHttpClient-1-5] DEBUG org.asynchttpclient.netty.handler.HttpHandler - 

Request DefaultHttpRequest(decodeResult: success, version: HTTP/1.1)
POST /session HTTP/1.1
User-Agent: selenium/4.12.0 (java windows)
Content-Length: 254
Content-Type: application/json; charset=utf-8
host: localhost:23579
accept: */*

Response DefaultHttpResponse(decodeResult: success, version: HTTP/1.1)
HTTP/1.1 200 OK
Content-Length: 887
Content-Type: application/json; charset=utf-8
cache-control: no-cache

00:33:59.558 [AsyncHttpClient-1-5] DEBUG org.asynchttpclient.netty.channel.ChannelManager - Adding key: http://localhost:23579 for channel [id: 0xeff9f645, L:/127.0.0.1:61681 - R:localhost/127.0.0.1:23579]
00:33:59.582 [AsyncHttpClient-1-6] DEBUG org.asynchttpclient.netty.channel.NettyConnectListener - Using new Channel '[id: 0x9fee804c, L:/127.0.0.1:61690 - R:localhost/127.0.0.1:61683]' for 'GET' to '/json/version'
00:33:59.590 [AsyncHttpClient-1-6] DEBUG org.asynchttpclient.netty.handler.HttpHandler - 

Request DefaultFullHttpRequest(decodeResult: success, version: HTTP/1.1, content: EmptyByteBufBE)
GET /json/version HTTP/1.1
User-Agent: selenium/4.12.0 (java windows)
host: localhost:61683
accept: */*

Response DefaultHttpResponse(decodeResult: success, version: HTTP/1.1)
HTTP/1.1 200 OK
Content-Security-Policy: frame-ancestors 'none'
Content-Length: 424
Content-Type: application/json; charset=UTF-8

00:33:59.593 [AsyncHttpClient-1-6] DEBUG org.asynchttpclient.netty.channel.ChannelManager - Adding key: http://localhost:61683 for channel [id: 0x9fee804c, L:/127.0.0.1:61690 - R:localhost/127.0.0.1:61683]
00:33:59.599 [AsyncHttpClient-1-7] DEBUG org.asynchttpclient.netty.channel.NettyConnectListener - Using new Channel '[id: 0x4d07e8eb, L:/127.0.0.1:61691 - R:localhost/127.0.0.1:61683]' for 'GET' to '/devtools/browser/9351c6f8-f1c2-4a7c-83a8-72cacf484e0b'
00:33:59.599 [AsyncHttpClient-1-7] DEBUG org.asynchttpclient.netty.handler.WebSocketHandler - 

Request DefaultFullHttpRequest(decodeResult: success, version: HTTP/1.1, content: EmptyByteBufBE)
GET /devtools/browser/9351c6f8-f1c2-4a7c-83a8-72cacf484e0b HTTP/1.1
upgrade: websocket
connection: upgrade
sec-websocket-key: QePyVeGlJ3Ki5HMBPaBRBg==
sec-websocket-version: 13
origin: http://localhost:61683
host: localhost:61683
accept: */*
user-agent: AHC/2.1

Response DefaultHttpResponse(decodeResult: success, version: HTTP/1.1)
HTTP/1.1 101 WebSocket Protocol Handshake
Upgrade: WebSocket
Connection: Upgrade
Sec-WebSocket-Accept: i29h5bOThacRr2Hc15pFCBDRV+U=

00:33:59.614 [Forwarding get on session 88b205040de338fb62662689878b11ff to remote] DEBUG org.asynchttpclient.netty.request.NettyRequestSender - Using pooled Channel '[id: 0xeff9f645, L:/127.0.0.1:61681 - R:localhost/127.0.0.1:23579]' for 'POST' to 'http://localhost:23579/session/88b205040de338fb62662689878b11ff/url'
00:33:59.614 [Forwarding get on session 88b205040de338fb62662689878b11ff to remote] DEBUG org.asynchttpclient.netty.request.NettyRequestSender - Using open Channel [id: 0xeff9f645, L:/127.0.0.1:61681 - R:localhost/127.0.0.1:23579] for POST '/session/88b205040de338fb62662689878b11ff/url'
00:34:00.614 [AsyncHttpClient-1-1] DEBUG org.asynchttpclient.netty.channel.DefaultChannelPool - Entry count for : http://localhost:61683 : 1
00:34:01.300 [AsyncHttpClient-1-5] DEBUG org.asynchttpclient.netty.handler.HttpHandler - 

Request DefaultHttpRequest(decodeResult: success, version: HTTP/1.1)
POST /session/88b205040de338fb62662689878b11ff/url HTTP/1.1
User-Agent: selenium/4.12.0 (java windows)
Content-Length: 92
Content-Type: application/json; charset=utf-8
host: localhost:23579
accept: */*

Response DefaultHttpResponse(decodeResult: success, version: HTTP/1.1)
HTTP/1.1 200 OK
Content-Length: 14
Content-Type: application/json; charset=utf-8
cache-control: no-cache

00:34:01.300 [AsyncHttpClient-1-5] DEBUG org.asynchttpclient.netty.channel.ChannelManager - Adding key: http://localhost:23579 for channel [id: 0xeff9f645, L:/127.0.0.1:61681 - R:localhost/127.0.0.1:23579]
00:34:01.310 [Forwarding maximizeCurrentWindow on session 88b205040de338fb62662689878b11ff to remote] DEBUG org.asynchttpclient.netty.request.NettyRequestSender - Using pooled Channel '[id: 0xeff9f645, L:/127.0.0.1:61681 - R:localhost/127.0.0.1:23579]' for 'POST' to 'http://localhost:23579/session/88b205040de338fb62662689878b11ff/window/maximize'
00:34:01.310 [Forwarding maximizeCurrentWindow on session 88b205040de338fb62662689878b11ff to remote] DEBUG org.asynchttpclient.netty.request.NettyRequestSender - Using open Channel [id: 0xeff9f645, L:/127.0.0.1:61681 - R:localhost/127.0.0.1:23579] for POST '/session/88b205040de338fb62662689878b11ff/window/maximize'
00:34:01.383 [AsyncHttpClient-1-5] DEBUG org.asynchttpclient.netty.handler.HttpHandler - 

Request DefaultHttpRequest(decodeResult: success, version: HTTP/1.1)
POST /session/88b205040de338fb62662689878b11ff/window/maximize HTTP/1.1
User-Agent: selenium/4.12.0 (java windows)
Content-Length: 3
Content-Type: application/json; charset=utf-8
host: localhost:23579
accept: */*

Response DefaultHttpResponse(decodeResult: success, version: HTTP/1.1)
HTTP/1.1 200 OK
Content-Length: 51
Content-Type: application/json; charset=utf-8
cache-control: no-cache

00:34:01.383 [AsyncHttpClient-1-5] DEBUG org.asynchttpclient.netty.channel.ChannelManager - Adding key: http://localhost:23579 for channel [id: 0xeff9f645, L:/127.0.0.1:61681 - R:localhost/127.0.0.1:23579]
00:34:01.391 [Forwarding findElement on session 88b205040de338fb62662689878b11ff to remote] DEBUG org.asynchttpclient.netty.request.NettyRequestSender - Using pooled Channel '[id: 0xeff9f645, L:/127.0.0.1:61681 - R:localhost/127.0.0.1:23579]' for 'POST' to 'http://localhost:23579/session/88b205040de338fb62662689878b11ff/element'
00:34:01.391 [Forwarding findElement on session 88b205040de338fb62662689878b11ff to remote] DEBUG org.asynchttpclient.netty.request.NettyRequestSender - Using open Channel [id: 0xeff9f645, L:/127.0.0.1:61681 - R:localhost/127.0.0.1:23579] for POST '/session/88b205040de338fb62662689878b11ff/element'
00:34:01.425 [AsyncHttpClient-1-5] DEBUG org.asynchttpclient.netty.handler.HttpHandler - 

Request DefaultHttpRequest(decodeResult: success, version: HTTP/1.1)
POST /session/88b205040de338fb62662689878b11ff/element HTTP/1.1
User-Agent: selenium/4.12.0 (java windows)
Content-Length: 69
Content-Type: application/json; charset=utf-8
host: localhost:23579
accept: */*

Response DefaultHttpResponse(decodeResult: success, version: HTTP/1.1)
HTTP/1.1 200 OK
Content-Length: 125
Content-Type: application/json; charset=utf-8
cache-control: no-cache

00:34:01.425 [AsyncHttpClient-1-5] DEBUG org.asynchttpclient.netty.channel.ChannelManager - Adding key: http://localhost:23579 for channel [id: 0xeff9f645, L:/127.0.0.1:61681 - R:localhost/127.0.0.1:23579]
00:34:01.430 [Forwarding sendKeysToElement on session 88b205040de338fb62662689878b11ff to remote] DEBUG org.asynchttpclient.netty.request.NettyRequestSender - Using pooled Channel '[id: 0xeff9f645, L:/127.0.0.1:61681 - R:localhost/127.0.0.1:23579]' for 'POST' to 'http://localhost:23579/session/88b205040de338fb62662689878b11ff/element/f.53EDC4F01ABAEDC3A2C2077489A62F4E.d.ABF28752D9B4CFC16E63D2450EB27066.e.4/value'
00:34:01.430 [Forwarding sendKeysToElement on session 88b205040de338fb62662689878b11ff to remote] DEBUG org.asynchttpclient.netty.request.NettyRequestSender - Using open Channel [id: 0xeff9f645, L:/127.0.0.1:61681 - R:localhost/127.0.0.1:23579] for POST '/session/88b205040de338fb62662689878b11ff/element/f.53EDC4F01ABAEDC3A2C2077489A62F4E.d.ABF28752D9B4CFC16E63D2450EB27066.e.4/value'
00:34:01.700 [AsyncHttpClient-1-5] DEBUG org.asynchttpclient.netty.handler.HttpHandler - 

Request DefaultHttpRequest(decodeResult: success, version: HTTP/1.1)
POST /session/88b205040de338fb62662689878b11ff/element/f.53EDC4F01ABAEDC3A2C2077489A62F4E.d.ABF28752D9B4CFC16E63D2450EB27066.e.4/value HTTP/1.1
User-Agent: selenium/4.12.0 (java windows)
Content-Length: 338
Content-Type: application/json; charset=utf-8
host: localhost:23579
accept: */*

Response DefaultHttpResponse(decodeResult: success, version: HTTP/1.1)
HTTP/1.1 200 OK
Content-Length: 14
Content-Type: application/json; charset=utf-8
cache-control: no-cache

00:34:01.705 [AsyncHttpClient-1-5] DEBUG org.asynchttpclient.netty.channel.ChannelManager - Adding key: http://localhost:23579 for channel [id: 0xeff9f645, L:/127.0.0.1:61681 - R:localhost/127.0.0.1:23579]
00:34:01.705 [Forwarding findElement on session 88b205040de338fb62662689878b11ff to remote] DEBUG org.asynchttpclient.netty.request.NettyRequestSender - Using pooled Channel '[id: 0xeff9f645, L:/127.0.0.1:61681 - R:localhost/127.0.0.1:23579]' for 'POST' to 'http://localhost:23579/session/88b205040de338fb62662689878b11ff/element'
00:34:01.705 [Forwarding findElement on session 88b205040de338fb62662689878b11ff to remote] DEBUG org.asynchttpclient.netty.request.NettyRequestSender - Using open Channel [id: 0xeff9f645, L:/127.0.0.1:61681 - R:localhost/127.0.0.1:23579] for POST '/session/88b205040de338fb62662689878b11ff/element'
00:34:01.721 [AsyncHttpClient-1-1] DEBUG org.asynchttpclient.netty.channel.DefaultChannelPool - Entry count for : http://localhost:61683 : 1
00:34:01.725 [AsyncHttpClient-1-5] DEBUG org.asynchttpclient.netty.handler.HttpHandler - 

Request DefaultHttpRequest(decodeResult: success, version: HTTP/1.1)
POST /session/88b205040de338fb62662689878b11ff/element HTTP/1.1
User-Agent: selenium/4.12.0 (java windows)
Content-Length: 72
Content-Type: application/json; charset=utf-8
host: localhost:23579
accept: */*

Response DefaultHttpResponse(decodeResult: success, version: HTTP/1.1)
HTTP/1.1 200 OK
Content-Length: 125
Content-Type: application/json; charset=utf-8
cache-control: no-cache

00:34:01.725 [AsyncHttpClient-1-5] DEBUG org.asynchttpclient.netty.channel.ChannelManager - Adding key: http://localhost:23579 for channel [id: 0xeff9f645, L:/127.0.0.1:61681 - R:localhost/127.0.0.1:23579]
00:34:01.725 [Forwarding sendKeysToElement on session 88b205040de338fb62662689878b11ff to remote] DEBUG org.asynchttpclient.netty.request.NettyRequestSender - Using pooled Channel '[id: 0xeff9f645, L:/127.0.0.1:61681 - R:localhost/127.0.0.1:23579]' for 'POST' to 'http://localhost:23579/session/88b205040de338fb62662689878b11ff/element/f.53EDC4F01ABAEDC3A2C2077489A62F4E.d.ABF28752D9B4CFC16E63D2450EB27066.e.6/value'
00:34:01.725 [Forwarding sendKeysToElement on session 88b205040de338fb62662689878b11ff to remote] DEBUG org.asynchttpclient.netty.request.NettyRequestSender - Using open Channel [id: 0xeff9f645, L:/127.0.0.1:61681 - R:localhost/127.0.0.1:23579] for POST '/session/88b205040de338fb62662689878b11ff/element/f.53EDC4F01ABAEDC3A2C2077489A62F4E.d.ABF28752D9B4CFC16E63D2450EB27066.e.6/value'
00:34:01.908 [AsyncHttpClient-1-5] DEBUG org.asynchttpclient.netty.handler.HttpHandler - 

Request DefaultHttpRequest(decodeResult: success, version: HTTP/1.1)
POST /session/88b205040de338fb62662689878b11ff/element/f.53EDC4F01ABAEDC3A2C2077489A62F4E.d.ABF28752D9B4CFC16E63D2450EB27066.e.6/value HTTP/1.1
User-Agent: selenium/4.12.0 (java windows)
Content-Length: 208
Content-Type: application/json; charset=utf-8
host: localhost:23579
accept: */*

Response DefaultHttpResponse(decodeResult: success, version: HTTP/1.1)
HTTP/1.1 200 OK
Content-Length: 14
Content-Type: application/json; charset=utf-8
cache-control: no-cache

00:34:01.908 [AsyncHttpClient-1-5] DEBUG org.asynchttpclient.netty.channel.ChannelManager - Adding key: http://localhost:23579 for channel [id: 0xeff9f645, L:/127.0.0.1:61681 - R:localhost/127.0.0.1:23579]
00:34:01.919 [Forwarding findElement on session 88b205040de338fb62662689878b11ff to remote] DEBUG org.asynchttpclient.netty.request.NettyRequestSender - Using pooled Channel '[id: 0xeff9f645, L:/127.0.0.1:61681 - R:localhost/127.0.0.1:23579]' for 'POST' to 'http://localhost:23579/session/88b205040de338fb62662689878b11ff/element'
00:34:01.919 [Forwarding findElement on session 88b205040de338fb62662689878b11ff to remote] DEBUG org.asynchttpclient.netty.request.NettyRequestSender - Using open Channel [id: 0xeff9f645, L:/127.0.0.1:61681 - R:localhost/127.0.0.1:23579] for POST '/session/88b205040de338fb62662689878b11ff/element'
00:34:01.935 [AsyncHttpClient-1-5] DEBUG org.asynchttpclient.netty.handler.HttpHandler - 

Request DefaultHttpRequest(decodeResult: success, version: HTTP/1.1)
POST /session/88b205040de338fb62662689878b11ff/element HTTP/1.1
User-Agent: selenium/4.12.0 (java windows)
Content-Length: 73
Content-Type: application/json; charset=utf-8
host: localhost:23579
accept: */*

Response DefaultHttpResponse(decodeResult: success, version: HTTP/1.1)
HTTP/1.1 200 OK
Content-Length: 125
Content-Type: application/json; charset=utf-8
cache-control: no-cache

00:34:01.935 [AsyncHttpClient-1-5] DEBUG org.asynchttpclient.netty.channel.ChannelManager - Adding key: http://localhost:23579 for channel [id: 0xeff9f645, L:/127.0.0.1:61681 - R:localhost/127.0.0.1:23579]
00:34:01.942 [Forwarding clickElement on session 88b205040de338fb62662689878b11ff to remote] DEBUG org.asynchttpclient.netty.request.NettyRequestSender - Using pooled Channel '[id: 0xeff9f645, L:/127.0.0.1:61681 - R:localhost/127.0.0.1:23579]' for 'POST' to 'http://localhost:23579/session/88b205040de338fb62662689878b11ff/element/f.53EDC4F01ABAEDC3A2C2077489A62F4E.d.ABF28752D9B4CFC16E63D2450EB27066.e.8/click'
00:34:01.942 [Forwarding clickElement on session 88b205040de338fb62662689878b11ff to remote] DEBUG org.asynchttpclient.netty.request.NettyRequestSender - Using open Channel [id: 0xeff9f645, L:/127.0.0.1:61681 - R:localhost/127.0.0.1:23579] for POST '/session/88b205040de338fb62662689878b11ff/element/f.53EDC4F01ABAEDC3A2C2077489A62F4E.d.ABF28752D9B4CFC16E63D2450EB27066.e.8/click'
00:34:02.090 [AsyncHttpClient-1-5] DEBUG org.asynchttpclient.netty.handler.HttpHandler - 

Request DefaultHttpRequest(decodeResult: success, version: HTTP/1.1)
POST /session/88b205040de338fb62662689878b11ff/element/f.53EDC4F01ABAEDC3A2C2077489A62F4E.d.ABF28752D9B4CFC16E63D2450EB27066.e.8/click HTTP/1.1
User-Agent: selenium/4.12.0 (java windows)
Content-Length: 87
Content-Type: application/json; charset=utf-8
host: localhost:23579
accept: */*

Response DefaultHttpResponse(decodeResult: success, version: HTTP/1.1)
HTTP/1.1 200 OK
Content-Length: 14
Content-Type: application/json; charset=utf-8
cache-control: no-cache

00:34:02.090 [AsyncHttpClient-1-5] DEBUG org.asynchttpclient.netty.channel.ChannelManager - Adding key: http://localhost:23579 for channel [id: 0xeff9f645, L:/127.0.0.1:61681 - R:localhost/127.0.0.1:23579]
00:34:02.823 [AsyncHttpClient-1-1] DEBUG org.asynchttpclient.netty.channel.DefaultChannelPool - Entry count for : http://localhost:61683 : 1
00:34:02.823 [AsyncHttpClient-1-1] DEBUG org.asynchttpclient.netty.channel.DefaultChannelPool - Entry count for : http://localhost:23579 : 1
00:34:03.917 [AsyncHttpClient-1-1] DEBUG org.asynchttpclient.netty.channel.DefaultChannelPool - Entry count for : http://localhost:61683 : 1
00:34:03.917 [AsyncHttpClient-1-1] DEBUG org.asynchttpclient.netty.channel.DefaultChannelPool - Entry count for : http://localhost:23579 : 1
00:34:05.016 [AsyncHttpClient-1-1] DEBUG org.asynchttpclient.netty.channel.DefaultChannelPool - Entry count for : http://localhost:61683 : 1
00:34:05.016 [AsyncHttpClient-1-1] DEBUG org.asynchttpclient.netty.channel.DefaultChannelPool - Entry count for : http://localhost:23579 : 1
00:34:06.116 [AsyncHttpClient-1-1] DEBUG org.asynchttpclient.netty.channel.DefaultChannelPool - Entry count for : http://localhost:61683 : 1
00:34:06.116 [AsyncHttpClient-1-1] DEBUG org.asynchttpclient.netty.channel.DefaultChannelPool - Entry count for : http://localhost:23579 : 1
00:34:07.109 [Forwarding getCurrentUrl on session 88b205040de338fb62662689878b11ff to remote] DEBUG org.asynchttpclient.netty.request.NettyRequestSender - Using pooled Channel '[id: 0xeff9f645, L:/127.0.0.1:61681 - R:localhost/127.0.0.1:23579]' for 'GET' to 'http://localhost:23579/session/88b205040de338fb62662689878b11ff/url'
00:34:07.109 [Forwarding getCurrentUrl on session 88b205040de338fb62662689878b11ff to remote] DEBUG org.asynchttpclient.netty.request.NettyRequestSender - Using open Channel [id: 0xeff9f645, L:/127.0.0.1:61681 - R:localhost/127.0.0.1:23579] for GET '/session/88b205040de338fb62662689878b11ff/url'
00:34:07.116 [AsyncHttpClient-1-5] DEBUG org.asynchttpclient.netty.handler.HttpHandler - 

Request DefaultFullHttpRequest(decodeResult: success, version: HTTP/1.1, content: EmptyByteBufBE)
GET /session/88b205040de338fb62662689878b11ff/url HTTP/1.1
Cache-Control: no-cache
User-Agent: selenium/4.12.0 (java windows)
Content-Type: application/json; charset=utf-8
host: localhost:23579
accept: */*

Response DefaultHttpResponse(decodeResult: success, version: HTTP/1.1)
HTTP/1.1 200 OK
Content-Length: 69
Content-Type: application/json; charset=utf-8
cache-control: no-cache

00:34:07.116 [AsyncHttpClient-1-5] DEBUG org.asynchttpclient.netty.channel.ChannelManager - Adding key: http://localhost:23579 for channel [id: 0xeff9f645, L:/127.0.0.1:61681 - R:localhost/127.0.0.1:23579]
https://fleet-manager-development.vercel.app/auth/sign-in
00:34:07.126 [Forwarding findElement on session 88b205040de338fb62662689878b11ff to remote] DEBUG org.asynchttpclient.netty.request.NettyRequestSender - Using pooled Channel '[id: 0xeff9f645, L:/127.0.0.1:61681 - R:localhost/127.0.0.1:23579]' for 'POST' to 'http://localhost:23579/session/88b205040de338fb62662689878b11ff/element'
00:34:07.126 [Forwarding findElement on session 88b205040de338fb62662689878b11ff to remote] DEBUG org.asynchttpclient.netty.request.NettyRequestSender - Using open Channel [id: 0xeff9f645, L:/127.0.0.1:61681 - R:localhost/127.0.0.1:23579] for POST '/session/88b205040de338fb62662689878b11ff/element'
00:34:07.126 [AsyncHttpClient-1-5] DEBUG org.asynchttpclient.netty.handler.HttpHandler - 

Request DefaultHttpRequest(decodeResult: success, version: HTTP/1.1)
POST /session/88b205040de338fb62662689878b11ff/element HTTP/1.1
User-Agent: selenium/4.12.0 (java windows)
Content-Length: 66
Content-Type: application/json; charset=utf-8
host: localhost:23579
accept: */*

Response DefaultHttpResponse(decodeResult: success, version: HTTP/1.1)
HTTP/1.1 200 OK
Content-Length: 126
Content-Type: application/json; charset=utf-8
cache-control: no-cache

00:34:07.126 [AsyncHttpClient-1-5] DEBUG org.asynchttpclient.netty.channel.ChannelManager - Adding key: http://localhost:23579 for channel [id: 0xeff9f645, L:/127.0.0.1:61681 - R:localhost/127.0.0.1:23579]
00:34:07.141 [Forwarding isElementDisplayed on session 88b205040de338fb62662689878b11ff to remote] DEBUG org.asynchttpclient.netty.request.NettyRequestSender - Using pooled Channel '[id: 0xeff9f645, L:/127.0.0.1:61681 - R:localhost/127.0.0.1:23579]' for 'POST' to 'http://localhost:23579/session/88b205040de338fb62662689878b11ff/execute/sync'
00:34:07.141 [Forwarding isElementDisplayed on session 88b205040de338fb62662689878b11ff to remote] DEBUG org.asynchttpclient.netty.request.NettyRequestSender - Using open Channel [id: 0xeff9f645, L:/127.0.0.1:61681 - R:localhost/127.0.0.1:23579] for POST '/session/88b205040de338fb62662689878b11ff/execute/sync'
00:34:07.157 [AsyncHttpClient-1-5] DEBUG org.asynchttpclient.netty.handler.HttpHandler - 

Request DefaultHttpRequest(decodeResult: success, version: HTTP/1.1)
POST /session/88b205040de338fb62662689878b11ff/execute/sync HTTP/1.1
User-Agent: selenium/4.12.0 (java windows)
Content-Length: 48734
Content-Type: application/json; charset=utf-8
host: localhost:23579
accept: */*

Response DefaultHttpResponse(decodeResult: success, version: HTTP/1.1)
HTTP/1.1 200 OK
Content-Length: 14
Content-Type: application/json; charset=utf-8
cache-control: no-cache

00:34:07.157 [AsyncHttpClient-1-5] DEBUG org.asynchttpclient.netty.channel.ChannelManager - Adding key: http://localhost:23579 for channel [id: 0xeff9f645, L:/127.0.0.1:61681 - R:localhost/127.0.0.1:23579]
00:34:07.157 [Forwarding findElement on session 88b205040de338fb62662689878b11ff to remote] DEBUG org.asynchttpclient.netty.request.NettyRequestSender - Using pooled Channel '[id: 0xeff9f645, L:/127.0.0.1:61681 - R:localhost/127.0.0.1:23579]' for 'POST' to 'http://localhost:23579/session/88b205040de338fb62662689878b11ff/element'
00:34:07.157 [Forwarding findElement on session 88b205040de338fb62662689878b11ff to remote] DEBUG org.asynchttpclient.netty.request.NettyRequestSender - Using open Channel [id: 0xeff9f645, L:/127.0.0.1:61681 - R:localhost/127.0.0.1:23579] for POST '/session/88b205040de338fb62662689878b11ff/element'
00:34:07.172 [AsyncHttpClient-1-5] DEBUG org.asynchttpclient.netty.handler.HttpHandler - 

Request DefaultHttpRequest(decodeResult: success, version: HTTP/1.1)
POST /session/88b205040de338fb62662689878b11ff/element HTTP/1.1
User-Agent: selenium/4.12.0 (java windows)
Content-Length: 66
Content-Type: application/json; charset=utf-8
host: localhost:23579
accept: */*

Response DefaultHttpResponse(decodeResult: success, version: HTTP/1.1)
HTTP/1.1 200 OK
Content-Length: 126
Content-Type: application/json; charset=utf-8
cache-control: no-cache

00:34:07.172 [AsyncHttpClient-1-5] DEBUG org.asynchttpclient.netty.channel.ChannelManager - Adding key: http://localhost:23579 for channel [id: 0xeff9f645, L:/127.0.0.1:61681 - R:localhost/127.0.0.1:23579]
00:34:07.172 [Forwarding getElementText on session 88b205040de338fb62662689878b11ff to remote] DEBUG org.asynchttpclient.netty.request.NettyRequestSender - Using pooled Channel '[id: 0xeff9f645, L:/127.0.0.1:61681 - R:localhost/127.0.0.1:23579]' for 'GET' to 'http://localhost:23579/session/88b205040de338fb62662689878b11ff/element/f.53EDC4F01ABAEDC3A2C2077489A62F4E.d.ABF28752D9B4CFC16E63D2450EB27066.e.19/text'
00:34:07.172 [Forwarding getElementText on session 88b205040de338fb62662689878b11ff to remote] DEBUG org.asynchttpclient.netty.request.NettyRequestSender - Using open Channel [id: 0xeff9f645, L:/127.0.0.1:61681 - R:localhost/127.0.0.1:23579] for GET '/session/88b205040de338fb62662689878b11ff/element/f.53EDC4F01ABAEDC3A2C2077489A62F4E.d.ABF28752D9B4CFC16E63D2450EB27066.e.19/text'
00:34:07.189 [AsyncHttpClient-1-5] DEBUG org.asynchttpclient.netty.handler.HttpHandler - 

Request DefaultFullHttpRequest(decodeResult: success, version: HTTP/1.1, content: EmptyByteBufBE)
GET /session/88b205040de338fb62662689878b11ff/element/f.53EDC4F01ABAEDC3A2C2077489A62F4E.d.ABF28752D9B4CFC16E63D2450EB27066.e.19/text HTTP/1.1
Cache-Control: no-cache
User-Agent: selenium/4.12.0 (java windows)
Content-Type: application/json; charset=utf-8
host: localhost:23579
accept: */*

Response DefaultHttpResponse(decodeResult: success, version: HTTP/1.1)
HTTP/1.1 200 OK
Content-Length: 33
Content-Type: application/json; charset=utf-8
cache-control: no-cache

00:34:07.189 [AsyncHttpClient-1-5] DEBUG org.asynchttpclient.netty.channel.ChannelManager - Adding key: http://localhost:23579 for channel [id: 0xeff9f645, L:/127.0.0.1:61681 - R:localhost/127.0.0.1:23579]
00:34:07.189 [Forwarding findElement on session 88b205040de338fb62662689878b11ff to remote] DEBUG org.asynchttpclient.netty.request.NettyRequestSender - Using pooled Channel '[id: 0xeff9f645, L:/127.0.0.1:61681 - R:localhost/127.0.0.1:23579]' for 'POST' to 'http://localhost:23579/session/88b205040de338fb62662689878b11ff/element'
00:34:07.189 [Forwarding findElement on session 88b205040de338fb62662689878b11ff to remote] DEBUG org.asynchttpclient.netty.request.NettyRequestSender - Using open Channel [id: 0xeff9f645, L:/127.0.0.1:61681 - R:localhost/127.0.0.1:23579] for POST '/session/88b205040de338fb62662689878b11ff/element'
00:34:07.216 [AsyncHttpClient-1-5] DEBUG org.asynchttpclient.netty.handler.HttpHandler - 

Request DefaultHttpRequest(decodeResult: success, version: HTTP/1.1)
POST /session/88b205040de338fb62662689878b11ff/element HTTP/1.1
User-Agent: selenium/4.12.0 (java windows)
Content-Length: 74
Content-Type: application/json; charset=utf-8
host: localhost:23579
accept: */*

Response DefaultHttpResponse(decodeResult: success, version: HTTP/1.1)
HTTP/1.1 200 OK
Content-Length: 126
Content-Type: application/json; charset=utf-8
cache-control: no-cache

00:34:07.216 [AsyncHttpClient-1-5] DEBUG org.asynchttpclient.netty.channel.ChannelManager - Adding key: http://localhost:23579 for channel [id: 0xeff9f645, L:/127.0.0.1:61681 - R:localhost/127.0.0.1:23579]
00:34:07.220 [Forwarding clickElement on session 88b205040de338fb62662689878b11ff to remote] DEBUG org.asynchttpclient.netty.request.NettyRequestSender - Using pooled Channel '[id: 0xeff9f645, L:/127.0.0.1:61681 - R:localhost/127.0.0.1:23579]' for 'POST' to 'http://localhost:23579/session/88b205040de338fb62662689878b11ff/element/f.53EDC4F01ABAEDC3A2C2077489A62F4E.d.ABF28752D9B4CFC16E63D2450EB27066.e.20/click'
00:34:07.220 [Forwarding clickElement on session 88b205040de338fb62662689878b11ff to remote] DEBUG org.asynchttpclient.netty.request.NettyRequestSender - Using open Channel [id: 0xeff9f645, L:/127.0.0.1:61681 - R:localhost/127.0.0.1:23579] for POST '/session/88b205040de338fb62662689878b11ff/element/f.53EDC4F01ABAEDC3A2C2077489A62F4E.d.ABF28752D9B4CFC16E63D2450EB27066.e.20/click'
00:34:07.220 [AsyncHttpClient-1-1] DEBUG org.asynchttpclient.netty.channel.DefaultChannelPool - Entry count for : http://localhost:61683 : 1
00:34:07.319 [AsyncHttpClient-1-5] DEBUG org.asynchttpclient.netty.handler.HttpHandler - 

Request DefaultHttpRequest(decodeResult: success, version: HTTP/1.1)
POST /session/88b205040de338fb62662689878b11ff/element/f.53EDC4F01ABAEDC3A2C2077489A62F4E.d.ABF28752D9B4CFC16E63D2450EB27066.e.20/click HTTP/1.1
User-Agent: selenium/4.12.0 (java windows)
Content-Length: 88
Content-Type: application/json; charset=utf-8
host: localhost:23579
accept: */*

Response DefaultHttpResponse(decodeResult: success, version: HTTP/1.1)
HTTP/1.1 200 OK
Content-Length: 14
Content-Type: application/json; charset=utf-8
cache-control: no-cache

00:34:07.322 [AsyncHttpClient-1-5] DEBUG org.asynchttpclient.netty.channel.ChannelManager - Adding key: http://localhost:23579 for channel [id: 0xeff9f645, L:/127.0.0.1:61681 - R:localhost/127.0.0.1:23579]
00:34:08.317 [AsyncHttpClient-1-1] DEBUG org.asynchttpclient.netty.channel.DefaultChannelPool - Entry count for : http://localhost:61683 : 1
00:34:08.317 [AsyncHttpClient-1-1] DEBUG org.asynchttpclient.netty.channel.DefaultChannelPool - Entry count for : http://localhost:23579 : 1
00:34:09.418 [AsyncHttpClient-1-1] DEBUG org.asynchttpclient.netty.channel.DefaultChannelPool - Entry count for : http://localhost:61683 : 1
00:34:09.419 [AsyncHttpClient-1-1] DEBUG org.asynchttpclient.netty.channel.DefaultChannelPool - Entry count for : http://localhost:23579 : 1
00:34:10.343 [Forwarding screenshot on session 88b205040de338fb62662689878b11ff to remote] DEBUG org.asynchttpclient.netty.request.NettyRequestSender - Using pooled Channel '[id: 0xeff9f645, L:/127.0.0.1:61681 - R:localhost/127.0.0.1:23579]' for 'GET' to 'http://localhost:23579/session/88b205040de338fb62662689878b11ff/screenshot'
00:34:10.343 [Forwarding screenshot on session 88b205040de338fb62662689878b11ff to remote] DEBUG org.asynchttpclient.netty.request.NettyRequestSender - Using open Channel [id: 0xeff9f645, L:/127.0.0.1:61681 - R:localhost/127.0.0.1:23579] for GET '/session/88b205040de338fb62662689878b11ff/screenshot'
00:34:10.506 [AsyncHttpClient-1-5] DEBUG org.asynchttpclient.netty.handler.HttpHandler - 

Request DefaultFullHttpRequest(decodeResult: success, version: HTTP/1.1, content: EmptyByteBufBE)
GET /session/88b205040de338fb62662689878b11ff/screenshot HTTP/1.1
Cache-Control: no-cache
User-Agent: selenium/4.12.0 (java windows)
Content-Type: application/json; charset=utf-8
host: localhost:23579
accept: */*

Response DefaultHttpResponse(decodeResult: success, version: HTTP/1.1)
HTTP/1.1 200 OK
Content-Length: 233672
Content-Type: application/json; charset=utf-8
cache-control: no-cache

00:34:10.506 [AsyncHttpClient-1-5] DEBUG org.asynchttpclient.netty.channel.ChannelManager - Adding key: http://localhost:23579 for channel [id: 0xeff9f645, L:/127.0.0.1:61681 - R:localhost/127.0.0.1:23579]
00:34:10.523 [AsyncHttpClient-1-1] DEBUG org.asynchttpclient.netty.channel.DefaultChannelPool - Entry count for : http://localhost:61683 : 1
00:34:10.523 [AsyncHttpClient-1-1] DEBUG org.asynchttpclient.netty.channel.DefaultChannelPool - Entry count for : http://localhost:23579 : 1
  Given I am on dashboardfokisaj290@edectus.com and Fleet@123       # StepDefination.Customer_onboarding.I_am_on_dashboard(java.lang.String,java.lang.String)
00:34:10.537 [Forwarding findElement on session 88b205040de338fb62662689878b11ff to remote] DEBUG org.asynchttpclient.netty.request.NettyRequestSender - Using pooled Channel '[id: 0xeff9f645, L:/127.0.0.1:61681 - R:localhost/127.0.0.1:23579]' for 'POST' to 'http://localhost:23579/session/88b205040de338fb62662689878b11ff/element'
00:34:10.537 [Forwarding findElement on session 88b205040de338fb62662689878b11ff to remote] DEBUG org.asynchttpclient.netty.request.NettyRequestSender - Using open Channel [id: 0xeff9f645, L:/127.0.0.1:61681 - R:localhost/127.0.0.1:23579] for POST '/session/88b205040de338fb62662689878b11ff/element'
00:34:10.584 [AsyncHttpClient-1-5] DEBUG org.asynchttpclient.netty.handler.HttpHandler - 

Request DefaultHttpRequest(decodeResult: success, version: HTTP/1.1)
POST /session/88b205040de338fb62662689878b11ff/element HTTP/1.1
User-Agent: selenium/4.12.0 (java windows)
Content-Length: 127
Content-Type: application/json; charset=utf-8
host: localhost:23579
accept: */*

Response DefaultHttpResponse(decodeResult: success, version: HTTP/1.1)
HTTP/1.1 200 OK
Content-Length: 126
Content-Type: application/json; charset=utf-8
cache-control: no-cache

00:34:10.584 [AsyncHttpClient-1-5] DEBUG org.asynchttpclient.netty.channel.ChannelManager - Adding key: http://localhost:23579 for channel [id: 0xeff9f645, L:/127.0.0.1:61681 - R:localhost/127.0.0.1:23579]
00:34:10.600 [Forwarding getElementText on session 88b205040de338fb62662689878b11ff to remote] DEBUG org.asynchttpclient.netty.request.NettyRequestSender - Using pooled Channel '[id: 0xeff9f645, L:/127.0.0.1:61681 - R:localhost/127.0.0.1:23579]' for 'GET' to 'http://localhost:23579/session/88b205040de338fb62662689878b11ff/element/f.53EDC4F01ABAEDC3A2C2077489A62F4E.d.358CB3EA4A1A21EFC62F579D0833AD35.e.42/text'
00:34:10.600 [Forwarding getElementText on session 88b205040de338fb62662689878b11ff to remote] DEBUG org.asynchttpclient.netty.request.NettyRequestSender - Using open Channel [id: 0xeff9f645, L:/127.0.0.1:61681 - R:localhost/127.0.0.1:23579] for GET '/session/88b205040de338fb62662689878b11ff/element/f.53EDC4F01ABAEDC3A2C2077489A62F4E.d.358CB3EA4A1A21EFC62F579D0833AD35.e.42/text'
00:34:10.615 [AsyncHttpClient-1-5] DEBUG org.asynchttpclient.netty.handler.HttpHandler - 

Request DefaultFullHttpRequest(decodeResult: success, version: HTTP/1.1, content: EmptyByteBufBE)
GET /session/88b205040de338fb62662689878b11ff/element/f.53EDC4F01ABAEDC3A2C2077489A62F4E.d.358CB3EA4A1A21EFC62F579D0833AD35.e.42/text HTTP/1.1
Cache-Control: no-cache
User-Agent: selenium/4.12.0 (java windows)
Content-Type: application/json; charset=utf-8
host: localhost:23579
accept: */*

Response DefaultHttpResponse(decodeResult: success, version: HTTP/1.1)
HTTP/1.1 200 OK
Content-Length: 21
Content-Type: application/json; charset=utf-8
cache-control: no-cache

00:34:10.615 [AsyncHttpClient-1-5] DEBUG org.asynchttpclient.netty.channel.ChannelManager - Adding key: http://localhost:23579 for channel [id: 0xeff9f645, L:/127.0.0.1:61681 - R:localhost/127.0.0.1:23579]
00:34:10.623 [Forwarding findElement on session 88b205040de338fb62662689878b11ff to remote] DEBUG org.asynchttpclient.netty.request.NettyRequestSender - Using pooled Channel '[id: 0xeff9f645, L:/127.0.0.1:61681 - R:localhost/127.0.0.1:23579]' for 'POST' to 'http://localhost:23579/session/88b205040de338fb62662689878b11ff/element'
00:34:10.623 [Forwarding findElement on session 88b205040de338fb62662689878b11ff to remote] DEBUG org.asynchttpclient.netty.request.NettyRequestSender - Using open Channel [id: 0xeff9f645, L:/127.0.0.1:61681 - R:localhost/127.0.0.1:23579] for POST '/session/88b205040de338fb62662689878b11ff/element'
00:34:10.631 [AsyncHttpClient-1-5] DEBUG org.asynchttpclient.netty.handler.HttpHandler - 

Request DefaultHttpRequest(decodeResult: success, version: HTTP/1.1)
POST /session/88b205040de338fb62662689878b11ff/element HTTP/1.1
User-Agent: selenium/4.12.0 (java windows)
Content-Length: 127
Content-Type: application/json; charset=utf-8
host: localhost:23579
accept: */*

Response DefaultHttpResponse(decodeResult: success, version: HTTP/1.1)
HTTP/1.1 200 OK
Content-Length: 126
Content-Type: application/json; charset=utf-8
cache-control: no-cache

00:34:10.631 [AsyncHttpClient-1-5] DEBUG org.asynchttpclient.netty.channel.ChannelManager - Adding key: http://localhost:23579 for channel [id: 0xeff9f645, L:/127.0.0.1:61681 - R:localhost/127.0.0.1:23579]
00:34:10.631 [Forwarding clickElement on session 88b205040de338fb62662689878b11ff to remote] DEBUG org.asynchttpclient.netty.request.NettyRequestSender - Using pooled Channel '[id: 0xeff9f645, L:/127.0.0.1:61681 - R:localhost/127.0.0.1:23579]' for 'POST' to 'http://localhost:23579/session/88b205040de338fb62662689878b11ff/element/f.53EDC4F01ABAEDC3A2C2077489A62F4E.d.358CB3EA4A1A21EFC62F579D0833AD35.e.42/click'
00:34:10.631 [Forwarding clickElement on session 88b205040de338fb62662689878b11ff to remote] DEBUG org.asynchttpclient.netty.request.NettyRequestSender - Using open Channel [id: 0xeff9f645, L:/127.0.0.1:61681 - R:localhost/127.0.0.1:23579] for POST '/session/88b205040de338fb62662689878b11ff/element/f.53EDC4F01ABAEDC3A2C2077489A62F4E.d.358CB3EA4A1A21EFC62F579D0833AD35.e.42/click'
00:34:10.796 [AsyncHttpClient-1-5] DEBUG org.asynchttpclient.netty.handler.HttpHandler - 

Request DefaultHttpRequest(decodeResult: success, version: HTTP/1.1)
POST /session/88b205040de338fb62662689878b11ff/element/f.53EDC4F01ABAEDC3A2C2077489A62F4E.d.358CB3EA4A1A21EFC62F579D0833AD35.e.42/click HTTP/1.1
User-Agent: selenium/4.12.0 (java windows)
Content-Length: 88
Content-Type: application/json; charset=utf-8
host: localhost:23579
accept: */*

Response DefaultHttpResponse(decodeResult: success, version: HTTP/1.1)
HTTP/1.1 200 OK
Content-Length: 14
Content-Type: application/json; charset=utf-8
cache-control: no-cache

00:34:10.796 [AsyncHttpClient-1-5] DEBUG org.asynchttpclient.netty.channel.ChannelManager - Adding key: http://localhost:23579 for channel [id: 0xeff9f645, L:/127.0.0.1:61681 - R:localhost/127.0.0.1:23579]
00:34:11.615 [AsyncHttpClient-1-1] DEBUG org.asynchttpclient.netty.channel.DefaultChannelPool - Entry count for : http://localhost:61683 : 1
00:34:11.615 [AsyncHttpClient-1-1] DEBUG org.asynchttpclient.netty.channel.DefaultChannelPool - Entry count for : http://localhost:23579 : 1
00:34:12.723 [AsyncHttpClient-1-1] DEBUG org.asynchttpclient.netty.channel.DefaultChannelPool - Entry count for : http://localhost:61683 : 1
00:34:12.723 [AsyncHttpClient-1-1] DEBUG org.asynchttpclient.netty.channel.DefaultChannelPool - Entry count for : http://localhost:23579 : 1
00:34:12.802 [Forwarding screenshot on session 88b205040de338fb62662689878b11ff to remote] DEBUG org.asynchttpclient.netty.request.NettyRequestSender - Using pooled Channel '[id: 0xeff9f645, L:/127.0.0.1:61681 - R:localhost/127.0.0.1:23579]' for 'GET' to 'http://localhost:23579/session/88b205040de338fb62662689878b11ff/screenshot'
00:34:12.802 [Forwarding screenshot on session 88b205040de338fb62662689878b11ff to remote] DEBUG org.asynchttpclient.netty.request.NettyRequestSender - Using open Channel [id: 0xeff9f645, L:/127.0.0.1:61681 - R:localhost/127.0.0.1:23579] for GET '/session/88b205040de338fb62662689878b11ff/screenshot'
00:34:12.991 [AsyncHttpClient-1-5] DEBUG org.asynchttpclient.netty.handler.HttpHandler - 

Request DefaultFullHttpRequest(decodeResult: success, version: HTTP/1.1, content: EmptyByteBufBE)
GET /session/88b205040de338fb62662689878b11ff/screenshot HTTP/1.1
Cache-Control: no-cache
User-Agent: selenium/4.12.0 (java windows)
Content-Type: application/json; charset=utf-8
host: localhost:23579
accept: */*

Response DefaultHttpResponse(decodeResult: success, version: HTTP/1.1)
HTTP/1.1 200 OK
Content-Length: 335008
Content-Type: application/json; charset=utf-8
cache-control: no-cache

00:34:12.991 [AsyncHttpClient-1-5] DEBUG org.asynchttpclient.netty.channel.ChannelManager - Adding key: http://localhost:23579 for channel [id: 0xeff9f645, L:/127.0.0.1:61681 - R:localhost/127.0.0.1:23579]
00:34:13.022 [Forwarding findElement on session 88b205040de338fb62662689878b11ff to remote] DEBUG org.asynchttpclient.netty.request.NettyRequestSender - Using pooled Channel '[id: 0xeff9f645, L:/127.0.0.1:61681 - R:localhost/127.0.0.1:23579]' for 'POST' to 'http://localhost:23579/session/88b205040de338fb62662689878b11ff/element'
00:34:13.027 [Forwarding findElement on session 88b205040de338fb62662689878b11ff to remote] DEBUG org.asynchttpclient.netty.request.NettyRequestSender - Using open Channel [id: 0xeff9f645, L:/127.0.0.1:61681 - R:localhost/127.0.0.1:23579] for POST '/session/88b205040de338fb62662689878b11ff/element'
00:34:13.038 [AsyncHttpClient-1-5] DEBUG org.asynchttpclient.netty.handler.HttpHandler - 

Request DefaultHttpRequest(decodeResult: success, version: HTTP/1.1)
POST /session/88b205040de338fb62662689878b11ff/element HTTP/1.1
User-Agent: selenium/4.12.0 (java windows)
Content-Length: 178
Content-Type: application/json; charset=utf-8
host: localhost:23579
accept: */*

Response DefaultHttpResponse(decodeResult: success, version: HTTP/1.1)
HTTP/1.1 200 OK
Content-Length: 126
Content-Type: application/json; charset=utf-8
cache-control: no-cache

00:34:13.038 [AsyncHttpClient-1-5] DEBUG org.asynchttpclient.netty.channel.ChannelManager - Adding key: http://localhost:23579 for channel [id: 0xeff9f645, L:/127.0.0.1:61681 - R:localhost/127.0.0.1:23579]
00:34:13.038 [Forwarding getElementText on session 88b205040de338fb62662689878b11ff to remote] DEBUG org.asynchttpclient.netty.request.NettyRequestSender - Using pooled Channel '[id: 0xeff9f645, L:/127.0.0.1:61681 - R:localhost/127.0.0.1:23579]' for 'GET' to 'http://localhost:23579/session/88b205040de338fb62662689878b11ff/element/f.53EDC4F01ABAEDC3A2C2077489A62F4E.d.358CB3EA4A1A21EFC62F579D0833AD35.e.47/text'
00:34:13.038 [Forwarding getElementText on session 88b205040de338fb62662689878b11ff to remote] DEBUG org.asynchttpclient.netty.request.NettyRequestSender - Using open Channel [id: 0xeff9f645, L:/127.0.0.1:61681 - R:localhost/127.0.0.1:23579] for GET '/session/88b205040de338fb62662689878b11ff/element/f.53EDC4F01ABAEDC3A2C2077489A62F4E.d.358CB3EA4A1A21EFC62F579D0833AD35.e.47/text'
00:34:13.054 [AsyncHttpClient-1-5] DEBUG org.asynchttpclient.netty.handler.HttpHandler - 

Request DefaultFullHttpRequest(decodeResult: success, version: HTTP/1.1, content: EmptyByteBufBE)
GET /session/88b205040de338fb62662689878b11ff/element/f.53EDC4F01ABAEDC3A2C2077489A62F4E.d.358CB3EA4A1A21EFC62F579D0833AD35.e.47/text HTTP/1.1
Cache-Control: no-cache
User-Agent: selenium/4.12.0 (java windows)
Content-Type: application/json; charset=utf-8
host: localhost:23579
accept: */*

Response DefaultHttpResponse(decodeResult: success, version: HTTP/1.1)
HTTP/1.1 200 OK
Content-Length: 28
Content-Type: application/json; charset=utf-8
cache-control: no-cache

00:34:13.054 [AsyncHttpClient-1-5] DEBUG org.asynchttpclient.netty.channel.ChannelManager - Adding key: http://localhost:23579 for channel [id: 0xeff9f645, L:/127.0.0.1:61681 - R:localhost/127.0.0.1:23579]
00:34:13.054 [Forwarding findElement on session 88b205040de338fb62662689878b11ff to remote] DEBUG org.asynchttpclient.netty.request.NettyRequestSender - Using pooled Channel '[id: 0xeff9f645, L:/127.0.0.1:61681 - R:localhost/127.0.0.1:23579]' for 'POST' to 'http://localhost:23579/session/88b205040de338fb62662689878b11ff/element'
00:34:13.054 [Forwarding findElement on session 88b205040de338fb62662689878b11ff to remote] DEBUG org.asynchttpclient.netty.request.NettyRequestSender - Using open Channel [id: 0xeff9f645, L:/127.0.0.1:61681 - R:localhost/127.0.0.1:23579] for POST '/session/88b205040de338fb62662689878b11ff/element'
00:34:13.069 [AsyncHttpClient-1-5] DEBUG org.asynchttpclient.netty.handler.HttpHandler - 

Request DefaultHttpRequest(decodeResult: success, version: HTTP/1.1)
POST /session/88b205040de338fb62662689878b11ff/element HTTP/1.1
User-Agent: selenium/4.12.0 (java windows)
Content-Length: 178
Content-Type: application/json; charset=utf-8
host: localhost:23579
accept: */*

Response DefaultHttpResponse(decodeResult: success, version: HTTP/1.1)
HTTP/1.1 200 OK
Content-Length: 126
Content-Type: application/json; charset=utf-8
cache-control: no-cache

00:34:13.069 [AsyncHttpClient-1-5] DEBUG org.asynchttpclient.netty.channel.ChannelManager - Adding key: http://localhost:23579 for channel [id: 0xeff9f645, L:/127.0.0.1:61681 - R:localhost/127.0.0.1:23579]
00:34:13.069 [Forwarding clickElement on session 88b205040de338fb62662689878b11ff to remote] DEBUG org.asynchttpclient.netty.request.NettyRequestSender - Using pooled Channel '[id: 0xeff9f645, L:/127.0.0.1:61681 - R:localhost/127.0.0.1:23579]' for 'POST' to 'http://localhost:23579/session/88b205040de338fb62662689878b11ff/element/f.53EDC4F01ABAEDC3A2C2077489A62F4E.d.358CB3EA4A1A21EFC62F579D0833AD35.e.47/click'
00:34:13.069 [Forwarding clickElement on session 88b205040de338fb62662689878b11ff to remote] DEBUG org.asynchttpclient.netty.request.NettyRequestSender - Using open Channel [id: 0xeff9f645, L:/127.0.0.1:61681 - R:localhost/127.0.0.1:23579] for POST '/session/88b205040de338fb62662689878b11ff/element/f.53EDC4F01ABAEDC3A2C2077489A62F4E.d.358CB3EA4A1A21EFC62F579D0833AD35.e.47/click'
00:34:13.194 [AsyncHttpClient-1-5] DEBUG org.asynchttpclient.netty.handler.HttpHandler - 

Request DefaultHttpRequest(decodeResult: success, version: HTTP/1.1)
POST /session/88b205040de338fb62662689878b11ff/element/f.53EDC4F01ABAEDC3A2C2077489A62F4E.d.358CB3EA4A1A21EFC62F579D0833AD35.e.47/click HTTP/1.1
User-Agent: selenium/4.12.0 (java windows)
Content-Length: 88
Content-Type: application/json; charset=utf-8
host: localhost:23579
accept: */*

Response DefaultHttpResponse(decodeResult: success, version: HTTP/1.1)
HTTP/1.1 200 OK
Content-Length: 14
Content-Type: application/json; charset=utf-8
cache-control: no-cache

00:34:13.194 [AsyncHttpClient-1-5] DEBUG org.asynchttpclient.netty.channel.ChannelManager - Adding key: http://localhost:23579 for channel [id: 0xeff9f645, L:/127.0.0.1:61681 - R:localhost/127.0.0.1:23579]
  When Open customer form                                           # StepDefination.Customer_onboarding.Open_customer_form()
00:34:13.817 [AsyncHttpClient-1-1] DEBUG org.asynchttpclient.netty.channel.DefaultChannelPool - Entry count for : http://localhost:61683 : 1
00:34:13.817 [AsyncHttpClient-1-1] DEBUG org.asynchttpclient.netty.channel.DefaultChannelPool - Entry count for : http://localhost:23579 : 1
00:34:14.711 [Forwarding findElement on session 88b205040de338fb62662689878b11ff to remote] DEBUG org.asynchttpclient.netty.request.NettyRequestSender - Using pooled Channel '[id: 0xeff9f645, L:/127.0.0.1:61681 - R:localhost/127.0.0.1:23579]' for 'POST' to 'http://localhost:23579/session/88b205040de338fb62662689878b11ff/element'
00:34:14.711 [Forwarding findElement on session 88b205040de338fb62662689878b11ff to remote] DEBUG org.asynchttpclient.netty.request.NettyRequestSender - Using open Channel [id: 0xeff9f645, L:/127.0.0.1:61681 - R:localhost/127.0.0.1:23579] for POST '/session/88b205040de338fb62662689878b11ff/element'
00:34:14.730 [AsyncHttpClient-1-5] DEBUG org.asynchttpclient.netty.handler.HttpHandler - 

Request DefaultHttpRequest(decodeResult: success, version: HTTP/1.1)
POST /session/88b205040de338fb62662689878b11ff/element HTTP/1.1
User-Agent: selenium/4.12.0 (java windows)
Content-Length: 114
Content-Type: application/json; charset=utf-8
host: localhost:23579
accept: */*

Response DefaultHttpResponse(decodeResult: success, version: HTTP/1.1)
HTTP/1.1 200 OK
Content-Length: 126
Content-Type: application/json; charset=utf-8
cache-control: no-cache

00:34:14.730 [AsyncHttpClient-1-5] DEBUG org.asynchttpclient.netty.channel.ChannelManager - Adding key: http://localhost:23579 for channel [id: 0xeff9f645, L:/127.0.0.1:61681 - R:localhost/127.0.0.1:23579]
00:34:14.730 [Forwarding sendKeysToElement on session 88b205040de338fb62662689878b11ff to remote] DEBUG org.asynchttpclient.netty.request.NettyRequestSender - Using pooled Channel '[id: 0xeff9f645, L:/127.0.0.1:61681 - R:localhost/127.0.0.1:23579]' for 'POST' to 'http://localhost:23579/session/88b205040de338fb62662689878b11ff/element/f.53EDC4F01ABAEDC3A2C2077489A62F4E.d.358CB3EA4A1A21EFC62F579D0833AD35.e.49/value'
00:34:14.730 [Forwarding sendKeysToElement on session 88b205040de338fb62662689878b11ff to remote] DEBUG org.asynchttpclient.netty.request.NettyRequestSender - Using open Channel [id: 0xeff9f645, L:/127.0.0.1:61681 - R:localhost/127.0.0.1:23579] for POST '/session/88b205040de338fb62662689878b11ff/element/f.53EDC4F01ABAEDC3A2C2077489A62F4E.d.358CB3EA4A1A21EFC62F579D0833AD35.e.49/value'
00:34:14.917 [AsyncHttpClient-1-1] DEBUG org.asynchttpclient.netty.channel.DefaultChannelPool - Entry count for : http://localhost:61683 : 1
00:34:14.999 [AsyncHttpClient-1-5] DEBUG org.asynchttpclient.netty.handler.HttpHandler - 

Request DefaultHttpRequest(decodeResult: success, version: HTTP/1.1)
POST /session/88b205040de338fb62662689878b11ff/element/f.53EDC4F01ABAEDC3A2C2077489A62F4E.d.358CB3EA4A1A21EFC62F579D0833AD35.e.49/value HTTP/1.1
User-Agent: selenium/4.12.0 (java windows)
Content-Length: 229
Content-Type: application/json; charset=utf-8
host: localhost:23579
accept: */*

Response DefaultHttpResponse(decodeResult: success, version: HTTP/1.1)
HTTP/1.1 200 OK
Content-Length: 14
Content-Type: application/json; charset=utf-8
cache-control: no-cache

00:34:14.999 [AsyncHttpClient-1-5] DEBUG org.asynchttpclient.netty.channel.ChannelManager - Adding key: http://localhost:23579 for channel [id: 0xeff9f645, L:/127.0.0.1:61681 - R:localhost/127.0.0.1:23579]
00:34:14.999 [Forwarding screenshot on session 88b205040de338fb62662689878b11ff to remote] DEBUG org.asynchttpclient.netty.request.NettyRequestSender - Using pooled Channel '[id: 0xeff9f645, L:/127.0.0.1:61681 - R:localhost/127.0.0.1:23579]' for 'GET' to 'http://localhost:23579/session/88b205040de338fb62662689878b11ff/screenshot'
00:34:14.999 [Forwarding screenshot on session 88b205040de338fb62662689878b11ff to remote] DEBUG org.asynchttpclient.netty.request.NettyRequestSender - Using open Channel [id: 0xeff9f645, L:/127.0.0.1:61681 - R:localhost/127.0.0.1:23579] for GET '/session/88b205040de338fb62662689878b11ff/screenshot'
00:34:15.206 [AsyncHttpClient-1-5] DEBUG org.asynchttpclient.netty.handler.HttpHandler - 

Request DefaultFullHttpRequest(decodeResult: success, version: HTTP/1.1, content: EmptyByteBufBE)
GET /session/88b205040de338fb62662689878b11ff/screenshot HTTP/1.1
Cache-Control: no-cache
User-Agent: selenium/4.12.0 (java windows)
Content-Type: application/json; charset=utf-8
host: localhost:23579
accept: */*

Response DefaultHttpResponse(decodeResult: success, version: HTTP/1.1)
HTTP/1.1 200 OK
Content-Length: 328692
Content-Type: application/json; charset=utf-8
cache-control: no-cache

00:34:15.206 [AsyncHttpClient-1-5] DEBUG org.asynchttpclient.netty.channel.ChannelManager - Adding key: http://localhost:23579 for channel [id: 0xeff9f645, L:/127.0.0.1:61681 - R:localhost/127.0.0.1:23579]
  And Provide the company nameRoyal_Steel                           # StepDefination.Customer_onboarding.Provide_the_company_name(java.lang.String)
00:34:15.238 [Forwarding findElement on session 88b205040de338fb62662689878b11ff to remote] DEBUG org.asynchttpclient.netty.request.NettyRequestSender - Using pooled Channel '[id: 0xeff9f645, L:/127.0.0.1:61681 - R:localhost/127.0.0.1:23579]' for 'POST' to 'http://localhost:23579/session/88b205040de338fb62662689878b11ff/element'
00:34:15.238 [Forwarding findElement on session 88b205040de338fb62662689878b11ff to remote] DEBUG org.asynchttpclient.netty.request.NettyRequestSender - Using open Channel [id: 0xeff9f645, L:/127.0.0.1:61681 - R:localhost/127.0.0.1:23579] for POST '/session/88b205040de338fb62662689878b11ff/element'
00:34:15.270 [AsyncHttpClient-1-5] DEBUG org.asynchttpclient.netty.handler.HttpHandler - 

Request DefaultHttpRequest(decodeResult: success, version: HTTP/1.1)
POST /session/88b205040de338fb62662689878b11ff/element HTTP/1.1
User-Agent: selenium/4.12.0 (java windows)
Content-Length: 88
Content-Type: application/json; charset=utf-8
host: localhost:23579
accept: */*

Response DefaultHttpResponse(decodeResult: success, version: HTTP/1.1)
HTTP/1.1 200 OK
Content-Length: 126
Content-Type: application/json; charset=utf-8
cache-control: no-cache

00:34:15.270 [AsyncHttpClient-1-5] DEBUG org.asynchttpclient.netty.channel.ChannelManager - Adding key: http://localhost:23579 for channel [id: 0xeff9f645, L:/127.0.0.1:61681 - R:localhost/127.0.0.1:23579]
00:34:15.270 [Forwarding sendKeysToElement on session 88b205040de338fb62662689878b11ff to remote] DEBUG org.asynchttpclient.netty.request.NettyRequestSender - Using pooled Channel '[id: 0xeff9f645, L:/127.0.0.1:61681 - R:localhost/127.0.0.1:23579]' for 'POST' to 'http://localhost:23579/session/88b205040de338fb62662689878b11ff/element/f.53EDC4F01ABAEDC3A2C2077489A62F4E.d.358CB3EA4A1A21EFC62F579D0833AD35.e.58/value'
00:34:15.270 [Forwarding sendKeysToElement on session 88b205040de338fb62662689878b11ff to remote] DEBUG org.asynchttpclient.netty.request.NettyRequestSender - Using open Channel [id: 0xeff9f645, L:/127.0.0.1:61681 - R:localhost/127.0.0.1:23579] for POST '/session/88b205040de338fb62662689878b11ff/element/f.53EDC4F01ABAEDC3A2C2077489A62F4E.d.358CB3EA4A1A21EFC62F579D0833AD35.e.58/value'
00:34:15.589 [AsyncHttpClient-1-5] DEBUG org.asynchttpclient.netty.handler.HttpHandler - 

Request DefaultHttpRequest(decodeResult: success, version: HTTP/1.1)
POST /session/88b205040de338fb62662689878b11ff/element/f.53EDC4F01ABAEDC3A2C2077489A62F4E.d.358CB3EA4A1A21EFC62F579D0833AD35.e.58/value HTTP/1.1
User-Agent: selenium/4.12.0 (java windows)
Content-Length: 259
Content-Type: application/json; charset=utf-8
host: localhost:23579
accept: */*

Response DefaultHttpResponse(decodeResult: success, version: HTTP/1.1)
HTTP/1.1 200 OK
Content-Length: 14
Content-Type: application/json; charset=utf-8
cache-control: no-cache

00:34:15.592 [AsyncHttpClient-1-5] DEBUG org.asynchttpclient.netty.channel.ChannelManager - Adding key: http://localhost:23579 for channel [id: 0xeff9f645, L:/127.0.0.1:61681 - R:localhost/127.0.0.1:23579]
00:34:15.592 [Forwarding findElement on session 88b205040de338fb62662689878b11ff to remote] DEBUG org.asynchttpclient.netty.request.NettyRequestSender - Using pooled Channel '[id: 0xeff9f645, L:/127.0.0.1:61681 - R:localhost/127.0.0.1:23579]' for 'POST' to 'http://localhost:23579/session/88b205040de338fb62662689878b11ff/element'
00:34:15.592 [Forwarding findElement on session 88b205040de338fb62662689878b11ff to remote] DEBUG org.asynchttpclient.netty.request.NettyRequestSender - Using open Channel [id: 0xeff9f645, L:/127.0.0.1:61681 - R:localhost/127.0.0.1:23579] for POST '/session/88b205040de338fb62662689878b11ff/element'
00:34:15.622 [AsyncHttpClient-1-5] DEBUG org.asynchttpclient.netty.handler.HttpHandler - 

Request DefaultHttpRequest(decodeResult: success, version: HTTP/1.1)
POST /session/88b205040de338fb62662689878b11ff/element HTTP/1.1
User-Agent: selenium/4.12.0 (java windows)
Content-Length: 75
Content-Type: application/json; charset=utf-8
host: localhost:23579
accept: */*

Response DefaultHttpResponse(decodeResult: success, version: HTTP/1.1)
HTTP/1.1 200 OK
Content-Length: 126
Content-Type: application/json; charset=utf-8
cache-control: no-cache

00:34:15.622 [AsyncHttpClient-1-5] DEBUG org.asynchttpclient.netty.channel.ChannelManager - Adding key: http://localhost:23579 for channel [id: 0xeff9f645, L:/127.0.0.1:61681 - R:localhost/127.0.0.1:23579]
00:34:15.626 [Forwarding sendKeysToElement on session 88b205040de338fb62662689878b11ff to remote] DEBUG org.asynchttpclient.netty.request.NettyRequestSender - Using pooled Channel '[id: 0xeff9f645, L:/127.0.0.1:61681 - R:localhost/127.0.0.1:23579]' for 'POST' to 'http://localhost:23579/session/88b205040de338fb62662689878b11ff/element/f.53EDC4F01ABAEDC3A2C2077489A62F4E.d.358CB3EA4A1A21EFC62F579D0833AD35.e.59/value'
00:34:15.626 [Forwarding sendKeysToElement on session 88b205040de338fb62662689878b11ff to remote] DEBUG org.asynchttpclient.netty.request.NettyRequestSender - Using open Channel [id: 0xeff9f645, L:/127.0.0.1:61681 - R:localhost/127.0.0.1:23579] for POST '/session/88b205040de338fb62662689878b11ff/element/f.53EDC4F01ABAEDC3A2C2077489A62F4E.d.358CB3EA4A1A21EFC62F579D0833AD35.e.59/value'
00:34:15.926 [AsyncHttpClient-1-5] DEBUG org.asynchttpclient.netty.handler.HttpHandler - 

Request DefaultHttpRequest(decodeResult: success, version: HTTP/1.1)
POST /session/88b205040de338fb62662689878b11ff/element/f.53EDC4F01ABAEDC3A2C2077489A62F4E.d.358CB3EA4A1A21EFC62F579D0833AD35.e.59/value HTTP/1.1
User-Agent: selenium/4.12.0 (java windows)
Content-Length: 139
Content-Type: application/json; charset=utf-8
host: localhost:23579
accept: */*

Response DefaultHttpResponse(decodeResult: success, version: HTTP/1.1)
HTTP/1.1 200 OK
Content-Length: 14
Content-Type: application/json; charset=utf-8
cache-control: no-cache

00:34:15.926 [AsyncHttpClient-1-5] DEBUG org.asynchttpclient.netty.channel.ChannelManager - Adding key: http://localhost:23579 for channel [id: 0xeff9f645, L:/127.0.0.1:61681 - R:localhost/127.0.0.1:23579]
00:34:15.926 [Forwarding findElement on session 88b205040de338fb62662689878b11ff to remote] DEBUG org.asynchttpclient.netty.request.NettyRequestSender - Using pooled Channel '[id: 0xeff9f645, L:/127.0.0.1:61681 - R:localhost/127.0.0.1:23579]' for 'POST' to 'http://localhost:23579/session/88b205040de338fb62662689878b11ff/element'
00:34:15.926 [Forwarding findElement on session 88b205040de338fb62662689878b11ff to remote] DEBUG org.asynchttpclient.netty.request.NettyRequestSender - Using open Channel [id: 0xeff9f645, L:/127.0.0.1:61681 - R:localhost/127.0.0.1:23579] for POST '/session/88b205040de338fb62662689878b11ff/element'
00:34:15.956 [AsyncHttpClient-1-5] DEBUG org.asynchttpclient.netty.handler.HttpHandler - 

Request DefaultHttpRequest(decodeResult: success, version: HTTP/1.1)
POST /session/88b205040de338fb62662689878b11ff/element HTTP/1.1
User-Agent: selenium/4.12.0 (java windows)
Content-Length: 90
Content-Type: application/json; charset=utf-8
host: localhost:23579
accept: */*

Response DefaultHttpResponse(decodeResult: success, version: HTTP/1.1)
HTTP/1.1 200 OK
Content-Length: 126
Content-Type: application/json; charset=utf-8
cache-control: no-cache

00:34:15.956 [AsyncHttpClient-1-5] DEBUG org.asynchttpclient.netty.channel.ChannelManager - Adding key: http://localhost:23579 for channel [id: 0xeff9f645, L:/127.0.0.1:61681 - R:localhost/127.0.0.1:23579]
00:34:15.962 [Forwarding sendKeysToElement on session 88b205040de338fb62662689878b11ff to remote] DEBUG org.asynchttpclient.netty.request.NettyRequestSender - Using pooled Channel '[id: 0xeff9f645, L:/127.0.0.1:61681 - R:localhost/127.0.0.1:23579]' for 'POST' to 'http://localhost:23579/session/88b205040de338fb62662689878b11ff/element/f.53EDC4F01ABAEDC3A2C2077489A62F4E.d.358CB3EA4A1A21EFC62F579D0833AD35.e.60/value'
00:34:15.962 [Forwarding sendKeysToElement on session 88b205040de338fb62662689878b11ff to remote] DEBUG org.asynchttpclient.netty.request.NettyRequestSender - Using open Channel [id: 0xeff9f645, L:/127.0.0.1:61681 - R:localhost/127.0.0.1:23579] for POST '/session/88b205040de338fb62662689878b11ff/element/f.53EDC4F01ABAEDC3A2C2077489A62F4E.d.358CB3EA4A1A21EFC62F579D0833AD35.e.60/value'
00:34:16.021 [AsyncHttpClient-1-1] DEBUG org.asynchttpclient.netty.channel.DefaultChannelPool - Entry count for : http://localhost:61683 : 1
00:34:16.173 [AsyncHttpClient-1-5] DEBUG org.asynchttpclient.netty.handler.HttpHandler - 

Request DefaultHttpRequest(decodeResult: success, version: HTTP/1.1)
POST /session/88b205040de338fb62662689878b11ff/element/f.53EDC4F01ABAEDC3A2C2077489A62F4E.d.358CB3EA4A1A21EFC62F579D0833AD35.e.60/value HTTP/1.1
User-Agent: selenium/4.12.0 (java windows)
Content-Length: 139
Content-Type: application/json; charset=utf-8
host: localhost:23579
accept: */*

Response DefaultHttpResponse(decodeResult: success, version: HTTP/1.1)
HTTP/1.1 200 OK
Content-Length: 14
Content-Type: application/json; charset=utf-8
cache-control: no-cache

00:34:16.174 [AsyncHttpClient-1-5] DEBUG org.asynchttpclient.netty.channel.ChannelManager - Adding key: http://localhost:23579 for channel [id: 0xeff9f645, L:/127.0.0.1:61681 - R:localhost/127.0.0.1:23579]
00:34:16.174 [Forwarding findElement on session 88b205040de338fb62662689878b11ff to remote] DEBUG org.asynchttpclient.netty.request.NettyRequestSender - Using pooled Channel '[id: 0xeff9f645, L:/127.0.0.1:61681 - R:localhost/127.0.0.1:23579]' for 'POST' to 'http://localhost:23579/session/88b205040de338fb62662689878b11ff/element'
00:34:16.174 [Forwarding findElement on session 88b205040de338fb62662689878b11ff to remote] DEBUG org.asynchttpclient.netty.request.NettyRequestSender - Using open Channel [id: 0xeff9f645, L:/127.0.0.1:61681 - R:localhost/127.0.0.1:23579] for POST '/session/88b205040de338fb62662689878b11ff/element'
00:34:16.195 [AsyncHttpClient-1-5] DEBUG org.asynchttpclient.netty.handler.HttpHandler - 

Request DefaultHttpRequest(decodeResult: success, version: HTTP/1.1)
POST /session/88b205040de338fb62662689878b11ff/element HTTP/1.1
User-Agent: selenium/4.12.0 (java windows)
Content-Length: 96
Content-Type: application/json; charset=utf-8
host: localhost:23579
accept: */*

Response DefaultHttpResponse(decodeResult: success, version: HTTP/1.1)
HTTP/1.1 200 OK
Content-Length: 126
Content-Type: application/json; charset=utf-8
cache-control: no-cache

00:34:16.195 [AsyncHttpClient-1-5] DEBUG org.asynchttpclient.netty.channel.ChannelManager - Adding key: http://localhost:23579 for channel [id: 0xeff9f645, L:/127.0.0.1:61681 - R:localhost/127.0.0.1:23579]
00:34:16.195 [Forwarding sendKeysToElement on session 88b205040de338fb62662689878b11ff to remote] DEBUG org.asynchttpclient.netty.request.NettyRequestSender - Using pooled Channel '[id: 0xeff9f645, L:/127.0.0.1:61681 - R:localhost/127.0.0.1:23579]' for 'POST' to 'http://localhost:23579/session/88b205040de338fb62662689878b11ff/element/f.53EDC4F01ABAEDC3A2C2077489A62F4E.d.358CB3EA4A1A21EFC62F579D0833AD35.e.61/value'
00:34:16.195 [Forwarding sendKeysToElement on session 88b205040de338fb62662689878b11ff to remote] DEBUG org.asynchttpclient.netty.request.NettyRequestSender - Using open Channel [id: 0xeff9f645, L:/127.0.0.1:61681 - R:localhost/127.0.0.1:23579] for POST '/session/88b205040de338fb62662689878b11ff/element/f.53EDC4F01ABAEDC3A2C2077489A62F4E.d.358CB3EA4A1A21EFC62F579D0833AD35.e.61/value'
00:34:16.409 [AsyncHttpClient-1-5] DEBUG org.asynchttpclient.netty.handler.HttpHandler - 

Request DefaultHttpRequest(decodeResult: success, version: HTTP/1.1)
POST /session/88b205040de338fb62662689878b11ff/element/f.53EDC4F01ABAEDC3A2C2077489A62F4E.d.358CB3EA4A1A21EFC62F579D0833AD35.e.61/value HTTP/1.1
User-Agent: selenium/4.12.0 (java windows)
Content-Length: 179
Content-Type: application/json; charset=utf-8
host: localhost:23579
accept: */*

Response DefaultHttpResponse(decodeResult: success, version: HTTP/1.1)
HTTP/1.1 200 OK
Content-Length: 14
Content-Type: application/json; charset=utf-8
cache-control: no-cache

00:34:16.409 [AsyncHttpClient-1-5] DEBUG org.asynchttpclient.netty.channel.ChannelManager - Adding key: http://localhost:23579 for channel [id: 0xeff9f645, L:/127.0.0.1:61681 - R:localhost/127.0.0.1:23579]
00:34:16.409 [Forwarding findElement on session 88b205040de338fb62662689878b11ff to remote] DEBUG org.asynchttpclient.netty.request.NettyRequestSender - Using pooled Channel '[id: 0xeff9f645, L:/127.0.0.1:61681 - R:localhost/127.0.0.1:23579]' for 'POST' to 'http://localhost:23579/session/88b205040de338fb62662689878b11ff/element'
00:34:16.409 [Forwarding findElement on session 88b205040de338fb62662689878b11ff to remote] DEBUG org.asynchttpclient.netty.request.NettyRequestSender - Using open Channel [id: 0xeff9f645, L:/127.0.0.1:61681 - R:localhost/127.0.0.1:23579] for POST '/session/88b205040de338fb62662689878b11ff/element'
00:34:16.444 [AsyncHttpClient-1-5] DEBUG org.asynchttpclient.netty.handler.HttpHandler - 

Request DefaultHttpRequest(decodeResult: success, version: HTTP/1.1)
POST /session/88b205040de338fb62662689878b11ff/element HTTP/1.1
User-Agent: selenium/4.12.0 (java windows)
Content-Length: 78
Content-Type: application/json; charset=utf-8
host: localhost:23579
accept: */*

Response DefaultHttpResponse(decodeResult: success, version: HTTP/1.1)
HTTP/1.1 200 OK
Content-Length: 126
Content-Type: application/json; charset=utf-8
cache-control: no-cache

00:34:16.444 [AsyncHttpClient-1-5] DEBUG org.asynchttpclient.netty.channel.ChannelManager - Adding key: http://localhost:23579 for channel [id: 0xeff9f645, L:/127.0.0.1:61681 - R:localhost/127.0.0.1:23579]
00:34:16.444 [Forwarding sendKeysToElement on session 88b205040de338fb62662689878b11ff to remote] DEBUG org.asynchttpclient.netty.request.NettyRequestSender - Using pooled Channel '[id: 0xeff9f645, L:/127.0.0.1:61681 - R:localhost/127.0.0.1:23579]' for 'POST' to 'http://localhost:23579/session/88b205040de338fb62662689878b11ff/element/f.53EDC4F01ABAEDC3A2C2077489A62F4E.d.358CB3EA4A1A21EFC62F579D0833AD35.e.62/value'
00:34:16.454 [Forwarding sendKeysToElement on session 88b205040de338fb62662689878b11ff to remote] DEBUG org.asynchttpclient.netty.request.NettyRequestSender - Using open Channel [id: 0xeff9f645, L:/127.0.0.1:61681 - R:localhost/127.0.0.1:23579] for POST '/session/88b205040de338fb62662689878b11ff/element/f.53EDC4F01ABAEDC3A2C2077489A62F4E.d.358CB3EA4A1A21EFC62F579D0833AD35.e.62/value'
00:34:16.691 [AsyncHttpClient-1-5] DEBUG org.asynchttpclient.netty.handler.HttpHandler - 

Request DefaultHttpRequest(decodeResult: success, version: HTTP/1.1)
POST /session/88b205040de338fb62662689878b11ff/element/f.53EDC4F01ABAEDC3A2C2077489A62F4E.d.358CB3EA4A1A21EFC62F579D0833AD35.e.62/value HTTP/1.1
User-Agent: selenium/4.12.0 (java windows)
Content-Length: 149
Content-Type: application/json; charset=utf-8
host: localhost:23579
accept: */*

Response DefaultHttpResponse(decodeResult: success, version: HTTP/1.1)
HTTP/1.1 200 OK
Content-Length: 14
Content-Type: application/json; charset=utf-8
cache-control: no-cache

00:34:16.691 [AsyncHttpClient-1-5] DEBUG org.asynchttpclient.netty.channel.ChannelManager - Adding key: http://localhost:23579 for channel [id: 0xeff9f645, L:/127.0.0.1:61681 - R:localhost/127.0.0.1:23579]
00:34:17.125 [AsyncHttpClient-1-1] DEBUG org.asynchttpclient.netty.channel.DefaultChannelPool - Entry count for : http://localhost:61683 : 1
00:34:17.125 [AsyncHttpClient-1-1] DEBUG org.asynchttpclient.netty.channel.DefaultChannelPool - Entry count for : http://localhost:23579 : 1
00:34:17.205 [Forwarding screenshot on session 88b205040de338fb62662689878b11ff to remote] DEBUG org.asynchttpclient.netty.request.NettyRequestSender - Using pooled Channel '[id: 0xeff9f645, L:/127.0.0.1:61681 - R:localhost/127.0.0.1:23579]' for 'GET' to 'http://localhost:23579/session/88b205040de338fb62662689878b11ff/screenshot'
00:34:17.205 [Forwarding screenshot on session 88b205040de338fb62662689878b11ff to remote] DEBUG org.asynchttpclient.netty.request.NettyRequestSender - Using open Channel [id: 0xeff9f645, L:/127.0.0.1:61681 - R:localhost/127.0.0.1:23579] for GET '/session/88b205040de338fb62662689878b11ff/screenshot'
00:34:17.391 [AsyncHttpClient-1-5] DEBUG org.asynchttpclient.netty.handler.HttpHandler - 

Request DefaultFullHttpRequest(decodeResult: success, version: HTTP/1.1, content: EmptyByteBufBE)
GET /session/88b205040de338fb62662689878b11ff/screenshot HTTP/1.1
Cache-Control: no-cache
User-Agent: selenium/4.12.0 (java windows)
Content-Type: application/json; charset=utf-8
host: localhost:23579
accept: */*

Response DefaultHttpResponse(decodeResult: success, version: HTTP/1.1)
HTTP/1.1 200 OK
Content-Length: 315936
Content-Type: application/json; charset=utf-8
cache-control: no-cache

00:34:17.406 [AsyncHttpClient-1-5] DEBUG org.asynchttpclient.netty.channel.ChannelManager - Adding key: http://localhost:23579 for channel [id: 0xeff9f645, L:/127.0.0.1:61681 - R:localhost/127.0.0.1:23579]
  And Provide the Address DetailsMain_street001 YK FL 987678 USA    # StepDefination.Customer_onboarding.Provide_the_address_Details(java.lang.String,java.lang.String,java.lang.String,java.lang.String,java.lang.String)
00:34:18.212 [AsyncHttpClient-1-1] DEBUG org.asynchttpclient.netty.channel.DefaultChannelPool - Entry count for : http://localhost:61683 : 1
00:34:18.212 [AsyncHttpClient-1-1] DEBUG org.asynchttpclient.netty.channel.DefaultChannelPool - Entry count for : http://localhost:23579 : 1
00:34:18.436 [Forwarding findElement on session 88b205040de338fb62662689878b11ff to remote] DEBUG org.asynchttpclient.netty.request.NettyRequestSender - Using pooled Channel '[id: 0xeff9f645, L:/127.0.0.1:61681 - R:localhost/127.0.0.1:23579]' for 'POST' to 'http://localhost:23579/session/88b205040de338fb62662689878b11ff/element'
00:34:18.436 [Forwarding findElement on session 88b205040de338fb62662689878b11ff to remote] DEBUG org.asynchttpclient.netty.request.NettyRequestSender - Using open Channel [id: 0xeff9f645, L:/127.0.0.1:61681 - R:localhost/127.0.0.1:23579] for POST '/session/88b205040de338fb62662689878b11ff/element'
00:34:18.454 [AsyncHttpClient-1-5] DEBUG org.asynchttpclient.netty.handler.HttpHandler - 

Request DefaultHttpRequest(decodeResult: success, version: HTTP/1.1)
POST /session/88b205040de338fb62662689878b11ff/element HTTP/1.1
User-Agent: selenium/4.12.0 (java windows)
Content-Length: 72
Content-Type: application/json; charset=utf-8
host: localhost:23579
accept: */*

Response DefaultHttpResponse(decodeResult: success, version: HTTP/1.1)
HTTP/1.1 200 OK
Content-Length: 127
Content-Type: application/json; charset=utf-8
cache-control: no-cache

00:34:18.454 [AsyncHttpClient-1-5] DEBUG org.asynchttpclient.netty.channel.ChannelManager - Adding key: http://localhost:23579 for channel [id: 0xeff9f645, L:/127.0.0.1:61681 - R:localhost/127.0.0.1:23579]
00:34:18.454 [Forwarding clickElement on session 88b205040de338fb62662689878b11ff to remote] DEBUG org.asynchttpclient.netty.request.NettyRequestSender - Using pooled Channel '[id: 0xeff9f645, L:/127.0.0.1:61681 - R:localhost/127.0.0.1:23579]' for 'POST' to 'http://localhost:23579/session/88b205040de338fb62662689878b11ff/element/f.53EDC4F01ABAEDC3A2C2077489A62F4E.d.358CB3EA4A1A21EFC62F579D0833AD35.e.100/click'
00:34:18.454 [Forwarding clickElement on session 88b205040de338fb62662689878b11ff to remote] DEBUG org.asynchttpclient.netty.request.NettyRequestSender - Using open Channel [id: 0xeff9f645, L:/127.0.0.1:61681 - R:localhost/127.0.0.1:23579] for POST '/session/88b205040de338fb62662689878b11ff/element/f.53EDC4F01ABAEDC3A2C2077489A62F4E.d.358CB3EA4A1A21EFC62F579D0833AD35.e.100/click'
00:34:18.578 [AsyncHttpClient-1-5] DEBUG org.asynchttpclient.netty.handler.HttpHandler - 

Request DefaultHttpRequest(decodeResult: success, version: HTTP/1.1)
POST /session/88b205040de338fb62662689878b11ff/element/f.53EDC4F01ABAEDC3A2C2077489A62F4E.d.358CB3EA4A1A21EFC62F579D0833AD35.e.100/click HTTP/1.1
User-Agent: selenium/4.12.0 (java windows)
Content-Length: 89
Content-Type: application/json; charset=utf-8
host: localhost:23579
accept: */*

Response DefaultHttpResponse(decodeResult: success, version: HTTP/1.1)
HTTP/1.1 200 OK
Content-Length: 14
Content-Type: application/json; charset=utf-8
cache-control: no-cache

00:34:18.578 [AsyncHttpClient-1-5] DEBUG org.asynchttpclient.netty.channel.ChannelManager - Adding key: http://localhost:23579 for channel [id: 0xeff9f645, L:/127.0.0.1:61681 - R:localhost/127.0.0.1:23579]
00:34:19.093 [Forwarding screenshot on session 88b205040de338fb62662689878b11ff to remote] DEBUG org.asynchttpclient.netty.request.NettyRequestSender - Using pooled Channel '[id: 0xeff9f645, L:/127.0.0.1:61681 - R:localhost/127.0.0.1:23579]' for 'GET' to 'http://localhost:23579/session/88b205040de338fb62662689878b11ff/screenshot'
00:34:19.093 [Forwarding screenshot on session 88b205040de338fb62662689878b11ff to remote] DEBUG org.asynchttpclient.netty.request.NettyRequestSender - Using open Channel [id: 0xeff9f645, L:/127.0.0.1:61681 - R:localhost/127.0.0.1:23579] for GET '/session/88b205040de338fb62662689878b11ff/screenshot'
00:34:19.326 [AsyncHttpClient-1-1] DEBUG org.asynchttpclient.netty.channel.DefaultChannelPool - Entry count for : http://localhost:61683 : 1
00:34:19.339 [AsyncHttpClient-1-5] DEBUG org.asynchttpclient.netty.handler.HttpHandler - 

Request DefaultFullHttpRequest(decodeResult: success, version: HTTP/1.1, content: EmptyByteBufBE)
GET /session/88b205040de338fb62662689878b11ff/screenshot HTTP/1.1
Cache-Control: no-cache
User-Agent: selenium/4.12.0 (java windows)
Content-Type: application/json; charset=utf-8
host: localhost:23579
accept: */*

Response DefaultHttpResponse(decodeResult: success, version: HTTP/1.1)
HTTP/1.1 200 OK
Content-Length: 337788
Content-Type: application/json; charset=utf-8
cache-control: no-cache

00:34:19.341 [AsyncHttpClient-1-5] DEBUG org.asynchttpclient.netty.channel.ChannelManager - Adding key: http://localhost:23579 for channel [id: 0xeff9f645, L:/127.0.0.1:61681 - R:localhost/127.0.0.1:23579]
  When Submit the form                                              # StepDefination.Customer_onboarding.Submit_the_form()
00:34:19.867 [Forwarding findElement on session 88b205040de338fb62662689878b11ff to remote] DEBUG org.asynchttpclient.netty.request.NettyRequestSender - Using pooled Channel '[id: 0xeff9f645, L:/127.0.0.1:61681 - R:localhost/127.0.0.1:23579]' for 'POST' to 'http://localhost:23579/session/88b205040de338fb62662689878b11ff/element'
00:34:19.867 [Forwarding findElement on session 88b205040de338fb62662689878b11ff to remote] DEBUG org.asynchttpclient.netty.request.NettyRequestSender - Using open Channel [id: 0xeff9f645, L:/127.0.0.1:61681 - R:localhost/127.0.0.1:23579] for POST '/session/88b205040de338fb62662689878b11ff/element'
00:34:19.882 [AsyncHttpClient-1-5] DEBUG org.asynchttpclient.netty.handler.HttpHandler - 

Request DefaultHttpRequest(decodeResult: success, version: HTTP/1.1)
POST /session/88b205040de338fb62662689878b11ff/element HTTP/1.1
User-Agent: selenium/4.12.0 (java windows)
Content-Length: 151
Content-Type: application/json; charset=utf-8
host: localhost:23579
accept: */*

Response DefaultHttpResponse(decodeResult: success, version: HTTP/1.1)
HTTP/1.1 200 OK
Content-Length: 127
Content-Type: application/json; charset=utf-8
cache-control: no-cache

00:34:19.882 [AsyncHttpClient-1-5] DEBUG org.asynchttpclient.netty.channel.ChannelManager - Adding key: http://localhost:23579 for channel [id: 0xeff9f645, L:/127.0.0.1:61681 - R:localhost/127.0.0.1:23579]
00:34:19.882 [Forwarding clickElement on session 88b205040de338fb62662689878b11ff to remote] DEBUG org.asynchttpclient.netty.request.NettyRequestSender - Using pooled Channel '[id: 0xeff9f645, L:/127.0.0.1:61681 - R:localhost/127.0.0.1:23579]' for 'POST' to 'http://localhost:23579/session/88b205040de338fb62662689878b11ff/element/f.53EDC4F01ABAEDC3A2C2077489A62F4E.d.358CB3EA4A1A21EFC62F579D0833AD35.e.102/click'
00:34:19.882 [Forwarding clickElement on session 88b205040de338fb62662689878b11ff to remote] DEBUG org.asynchttpclient.netty.request.NettyRequestSender - Using open Channel [id: 0xeff9f645, L:/127.0.0.1:61681 - R:localhost/127.0.0.1:23579] for POST '/session/88b205040de338fb62662689878b11ff/element/f.53EDC4F01ABAEDC3A2C2077489A62F4E.d.358CB3EA4A1A21EFC62F579D0833AD35.e.102/click'
00:34:20.006 [AsyncHttpClient-1-5] DEBUG org.asynchttpclient.netty.handler.HttpHandler - 

Request DefaultHttpRequest(decodeResult: success, version: HTTP/1.1)
POST /session/88b205040de338fb62662689878b11ff/element/f.53EDC4F01ABAEDC3A2C2077489A62F4E.d.358CB3EA4A1A21EFC62F579D0833AD35.e.102/click HTTP/1.1
User-Agent: selenium/4.12.0 (java windows)
Content-Length: 89
Content-Type: application/json; charset=utf-8
host: localhost:23579
accept: */*

Response DefaultHttpResponse(decodeResult: success, version: HTTP/1.1)
HTTP/1.1 200 OK
Content-Length: 14
Content-Type: application/json; charset=utf-8
cache-control: no-cache

00:34:20.008 [AsyncHttpClient-1-5] DEBUG org.asynchttpclient.netty.channel.ChannelManager - Adding key: http://localhost:23579 for channel [id: 0xeff9f645, L:/127.0.0.1:61681 - R:localhost/127.0.0.1:23579]
00:34:20.418 [AsyncHttpClient-1-1] DEBUG org.asynchttpclient.netty.channel.DefaultChannelPool - Entry count for : http://localhost:61683 : 1
00:34:20.418 [AsyncHttpClient-1-1] DEBUG org.asynchttpclient.netty.channel.DefaultChannelPool - Entry count for : http://localhost:23579 : 1
00:34:20.519 [Forwarding screenshot on session 88b205040de338fb62662689878b11ff to remote] DEBUG org.asynchttpclient.netty.request.NettyRequestSender - Using pooled Channel '[id: 0xeff9f645, L:/127.0.0.1:61681 - R:localhost/127.0.0.1:23579]' for 'GET' to 'http://localhost:23579/session/88b205040de338fb62662689878b11ff/screenshot'
00:34:20.519 [Forwarding screenshot on session 88b205040de338fb62662689878b11ff to remote] DEBUG org.asynchttpclient.netty.request.NettyRequestSender - Using open Channel [id: 0xeff9f645, L:/127.0.0.1:61681 - R:localhost/127.0.0.1:23579] for GET '/session/88b205040de338fb62662689878b11ff/screenshot'
00:34:20.688 [AsyncHttpClient-1-5] DEBUG org.asynchttpclient.netty.handler.HttpHandler - 

Request DefaultFullHttpRequest(decodeResult: success, version: HTTP/1.1, content: EmptyByteBufBE)
GET /session/88b205040de338fb62662689878b11ff/screenshot HTTP/1.1
Cache-Control: no-cache
User-Agent: selenium/4.12.0 (java windows)
Content-Type: application/json; charset=utf-8
host: localhost:23579
accept: */*

Response DefaultHttpResponse(decodeResult: success, version: HTTP/1.1)
HTTP/1.1 200 OK
Content-Length: 354904
Content-Type: application/json; charset=utf-8
cache-control: no-cache

00:34:20.688 [AsyncHttpClient-1-5] DEBUG org.asynchttpclient.netty.channel.ChannelManager - Adding key: http://localhost:23579 for channel [id: 0xeff9f645, L:/127.0.0.1:61681 - R:localhost/127.0.0.1:23579]
  And Tap back button                                               # StepDefination.Customer_onboarding.Tap_back_button()
00:34:21.519 [AsyncHttpClient-1-1] DEBUG org.asynchttpclient.netty.channel.DefaultChannelPool - Entry count for : http://localhost:61683 : 1
00:34:21.519 [AsyncHttpClient-1-1] DEBUG org.asynchttpclient.netty.channel.DefaultChannelPool - Entry count for : http://localhost:23579 : 1
00:34:21.740 [Forwarding findElements on session 88b205040de338fb62662689878b11ff to remote] DEBUG org.asynchttpclient.netty.request.NettyRequestSender - Using pooled Channel '[id: 0xeff9f645, L:/127.0.0.1:61681 - R:localhost/127.0.0.1:23579]' for 'POST' to 'http://localhost:23579/session/88b205040de338fb62662689878b11ff/elements'
00:34:21.740 [Forwarding findElements on session 88b205040de338fb62662689878b11ff to remote] DEBUG org.asynchttpclient.netty.request.NettyRequestSender - Using open Channel [id: 0xeff9f645, L:/127.0.0.1:61681 - R:localhost/127.0.0.1:23579] for POST '/session/88b205040de338fb62662689878b11ff/elements'
00:34:21.756 [AsyncHttpClient-1-5] DEBUG org.asynchttpclient.netty.handler.HttpHandler - 

Request DefaultHttpRequest(decodeResult: success, version: HTTP/1.1)
POST /session/88b205040de338fb62662689878b11ff/elements HTTP/1.1
User-Agent: selenium/4.12.0 (java windows)
Content-Length: 142
Content-Type: application/json; charset=utf-8
host: localhost:23579
accept: */*

Response DefaultHttpResponse(decodeResult: success, version: HTTP/1.1)
HTTP/1.1 200 OK
Content-Length: 3315
Content-Type: application/json; charset=utf-8
cache-control: no-cache

00:34:21.756 [AsyncHttpClient-1-5] DEBUG org.asynchttpclient.netty.channel.ChannelManager - Adding key: http://localhost:23579 for channel [id: 0xeff9f645, L:/127.0.0.1:61681 - R:localhost/127.0.0.1:23579]
00:34:21.756 [Forwarding findElement on session 88b205040de338fb62662689878b11ff to remote] DEBUG org.asynchttpclient.netty.request.NettyRequestSender - Using pooled Channel '[id: 0xeff9f645, L:/127.0.0.1:61681 - R:localhost/127.0.0.1:23579]' for 'POST' to 'http://localhost:23579/session/88b205040de338fb62662689878b11ff/element'
00:34:21.756 [Forwarding findElement on session 88b205040de338fb62662689878b11ff to remote] DEBUG org.asynchttpclient.netty.request.NettyRequestSender - Using open Channel [id: 0xeff9f645, L:/127.0.0.1:61681 - R:localhost/127.0.0.1:23579] for POST '/session/88b205040de338fb62662689878b11ff/element'
00:34:21.788 [AsyncHttpClient-1-5] DEBUG org.asynchttpclient.netty.handler.HttpHandler - 

Request DefaultHttpRequest(decodeResult: success, version: HTTP/1.1)
POST /session/88b205040de338fb62662689878b11ff/element HTTP/1.1
User-Agent: selenium/4.12.0 (java windows)
Content-Length: 198
Content-Type: application/json; charset=utf-8
host: localhost:23579
accept: */*

Response DefaultHttpResponse(decodeResult: success, version: HTTP/1.1)
HTTP/1.1 200 OK
Content-Length: 127
Content-Type: application/json; charset=utf-8
cache-control: no-cache

00:34:21.788 [AsyncHttpClient-1-5] DEBUG org.asynchttpclient.netty.channel.ChannelManager - Adding key: http://localhost:23579 for channel [id: 0xeff9f645, L:/127.0.0.1:61681 - R:localhost/127.0.0.1:23579]
00:34:21.788 [Forwarding getElementText on session 88b205040de338fb62662689878b11ff to remote] DEBUG org.asynchttpclient.netty.request.NettyRequestSender - Using pooled Channel '[id: 0xeff9f645, L:/127.0.0.1:61681 - R:localhost/127.0.0.1:23579]' for 'GET' to 'http://localhost:23579/session/88b205040de338fb62662689878b11ff/element/f.53EDC4F01ABAEDC3A2C2077489A62F4E.d.358CB3EA4A1A21EFC62F579D0833AD35.e.135/text'
00:34:21.788 [Forwarding getElementText on session 88b205040de338fb62662689878b11ff to remote] DEBUG org.asynchttpclient.netty.request.NettyRequestSender - Using open Channel [id: 0xeff9f645, L:/127.0.0.1:61681 - R:localhost/127.0.0.1:23579] for GET '/session/88b205040de338fb62662689878b11ff/element/f.53EDC4F01ABAEDC3A2C2077489A62F4E.d.358CB3EA4A1A21EFC62F579D0833AD35.e.135/text'
00:34:21.803 [AsyncHttpClient-1-5] DEBUG org.asynchttpclient.netty.handler.HttpHandler - 

Request DefaultFullHttpRequest(decodeResult: success, version: HTTP/1.1, content: EmptyByteBufBE)
GET /session/88b205040de338fb62662689878b11ff/element/f.53EDC4F01ABAEDC3A2C2077489A62F4E.d.358CB3EA4A1A21EFC62F579D0833AD35.e.135/text HTTP/1.1
Cache-Control: no-cache
User-Agent: selenium/4.12.0 (java windows)
Content-Type: application/json; charset=utf-8
host: localhost:23579
accept: */*

Response DefaultHttpResponse(decodeResult: success, version: HTTP/1.1)
HTTP/1.1 200 OK
Content-Length: 24
Content-Type: application/json; charset=utf-8
cache-control: no-cache

00:34:21.803 [AsyncHttpClient-1-5] DEBUG org.asynchttpclient.netty.channel.ChannelManager - Adding key: http://localhost:23579 for channel [id: 0xeff9f645, L:/127.0.0.1:61681 - R:localhost/127.0.0.1:23579]
actual name: Raj_Steel
00:34:21.803 [Forwarding findElement on session 88b205040de338fb62662689878b11ff to remote] DEBUG org.asynchttpclient.netty.request.NettyRequestSender - Using pooled Channel '[id: 0xeff9f645, L:/127.0.0.1:61681 - R:localhost/127.0.0.1:23579]' for 'POST' to 'http://localhost:23579/session/88b205040de338fb62662689878b11ff/element'
00:34:21.803 [Forwarding findElement on session 88b205040de338fb62662689878b11ff to remote] DEBUG org.asynchttpclient.netty.request.NettyRequestSender - Using open Channel [id: 0xeff9f645, L:/127.0.0.1:61681 - R:localhost/127.0.0.1:23579] for POST '/session/88b205040de338fb62662689878b11ff/element'
00:34:21.820 [AsyncHttpClient-1-5] DEBUG org.asynchttpclient.netty.handler.HttpHandler - 

Request DefaultHttpRequest(decodeResult: success, version: HTTP/1.1)
POST /session/88b205040de338fb62662689878b11ff/element HTTP/1.1
User-Agent: selenium/4.12.0 (java windows)
Content-Length: 198
Content-Type: application/json; charset=utf-8
host: localhost:23579
accept: */*

Response DefaultHttpResponse(decodeResult: success, version: HTTP/1.1)
HTTP/1.1 200 OK
Content-Length: 127
Content-Type: application/json; charset=utf-8
cache-control: no-cache

00:34:21.820 [AsyncHttpClient-1-5] DEBUG org.asynchttpclient.netty.channel.ChannelManager - Adding key: http://localhost:23579 for channel [id: 0xeff9f645, L:/127.0.0.1:61681 - R:localhost/127.0.0.1:23579]
00:34:21.820 [Forwarding getElementText on session 88b205040de338fb62662689878b11ff to remote] DEBUG org.asynchttpclient.netty.request.NettyRequestSender - Using pooled Channel '[id: 0xeff9f645, L:/127.0.0.1:61681 - R:localhost/127.0.0.1:23579]' for 'GET' to 'http://localhost:23579/session/88b205040de338fb62662689878b11ff/element/f.53EDC4F01ABAEDC3A2C2077489A62F4E.d.358CB3EA4A1A21EFC62F579D0833AD35.e.136/text'
00:34:21.820 [Forwarding getElementText on session 88b205040de338fb62662689878b11ff to remote] DEBUG org.asynchttpclient.netty.request.NettyRequestSender - Using open Channel [id: 0xeff9f645, L:/127.0.0.1:61681 - R:localhost/127.0.0.1:23579] for GET '/session/88b205040de338fb62662689878b11ff/element/f.53EDC4F01ABAEDC3A2C2077489A62F4E.d.358CB3EA4A1A21EFC62F579D0833AD35.e.136/text'
00:34:21.847 [AsyncHttpClient-1-5] DEBUG org.asynchttpclient.netty.handler.HttpHandler - 

Request DefaultFullHttpRequest(decodeResult: success, version: HTTP/1.1, content: EmptyByteBufBE)
GET /session/88b205040de338fb62662689878b11ff/element/f.53EDC4F01ABAEDC3A2C2077489A62F4E.d.358CB3EA4A1A21EFC62F579D0833AD35.e.136/text HTTP/1.1
Cache-Control: no-cache
User-Agent: selenium/4.12.0 (java windows)
Content-Type: application/json; charset=utf-8
host: localhost:23579
accept: */*

Response DefaultHttpResponse(decodeResult: success, version: HTTP/1.1)
HTTP/1.1 200 OK
Content-Length: 26
Content-Type: application/json; charset=utf-8
cache-control: no-cache

00:34:21.847 [AsyncHttpClient-1-5] DEBUG org.asynchttpclient.netty.channel.ChannelManager - Adding key: http://localhost:23579 for channel [id: 0xeff9f645, L:/127.0.0.1:61681 - R:localhost/127.0.0.1:23579]
actual name: Royal_Steel
Company successfully created
  Then customer successsfully added                                 # StepDefination.Customer_onboarding.customer_successsfully_added()
00:34:21.851 [AsyncHttpClient-1-7] DEBUG org.asynchttpclient.netty.handler.WebSocketHandler - Channel Closed: [id: 0x4d07e8eb, L:/127.0.0.1:61691 ! R:localhost/127.0.0.1:61683] with attribute DISCARD
00:34:21.852 [Driver Command Executor] DEBUG org.asynchttpclient.netty.request.NettyRequestSender - Using pooled Channel '[id: 0xeff9f645, L:/127.0.0.1:61681 - R:localhost/127.0.0.1:23579]' for 'DELETE' to 'http://localhost:23579/session/88b205040de338fb62662689878b11ff'
00:34:21.852 [Driver Command Executor] DEBUG org.asynchttpclient.netty.request.NettyRequestSender - Using open Channel [id: 0xeff9f645, L:/127.0.0.1:61681 - R:localhost/127.0.0.1:23579] for DELETE '/session/88b205040de338fb62662689878b11ff'
00:34:21.996 [AsyncHttpClient-1-6] DEBUG org.asynchttpclient.netty.handler.HttpHandler - Unexpected I/O exception on channel [id: 0x9fee804c, L:/127.0.0.1:61690 - R:localhost/127.0.0.1:61683]
java.net.SocketException: Connection reset
	at java.base/sun.nio.ch.SocketChannelImpl.throwConnectionReset(SocketChannelImpl.java:394)
	at java.base/sun.nio.ch.SocketChannelImpl.read(SocketChannelImpl.java:426)
	at io.netty.buffer.PooledByteBuf.setBytes(PooledByteBuf.java:254)
	at io.netty.buffer.AbstractByteBuf.writeBytes(AbstractByteBuf.java:1132)
	at io.netty.channel.socket.nio.NioSocketChannel.doReadBytes(NioSocketChannel.java:357)
	at io.netty.channel.nio.AbstractNioByteChannel$NioByteUnsafe.read(AbstractNioByteChannel.java:151)
	at io.netty.channel.nio.NioEventLoop.processSelectedKey(NioEventLoop.java:788)
	at io.netty.channel.nio.NioEventLoop.processSelectedKeysOptimized(NioEventLoop.java:724)
	at io.netty.channel.nio.NioEventLoop.processSelectedKeys(NioEventLoop.java:650)
	at io.netty.channel.nio.NioEventLoop.run(NioEventLoop.java:562)
	at io.netty.util.concurrent.SingleThreadEventExecutor$4.run(SingleThreadEventExecutor.java:997)
	at io.netty.util.internal.ThreadExecutorMap$2.run(ThreadExecutorMap.java:74)
	at io.netty.util.concurrent.FastThreadLocalRunnable.run(FastThreadLocalRunnable.java:30)
	at java.base/java.lang.Thread.run(Thread.java:840)
00:34:21.996 [AsyncHttpClient-1-6] DEBUG org.asynchttpclient.netty.channel.ChannelManager - Closing Channel [id: 0x9fee804c, L:/127.0.0.1:61690 - R:localhost/127.0.0.1:61683] 
00:34:21.996 [AsyncHttpClient-1-6] DEBUG org.asynchttpclient.netty.handler.HttpHandler - Channel Closed: [id: 0x9fee804c, L:/127.0.0.1:61690 ! R:localhost/127.0.0.1:61683] with attribute DISCARD
00:34:22.050 [AsyncHttpClient-1-5] DEBUG org.asynchttpclient.netty.handler.HttpHandler - 

Request DefaultFullHttpRequest(decodeResult: success, version: HTTP/1.1, content: EmptyByteBufBE)
DELETE /session/88b205040de338fb62662689878b11ff HTTP/1.1
User-Agent: selenium/4.12.0 (java windows)
Content-Type: application/json; charset=utf-8
host: localhost:23579
accept: */*

Response DefaultHttpResponse(decodeResult: success, version: HTTP/1.1)
HTTP/1.1 200 OK
Content-Length: 14
Content-Type: application/json; charset=utf-8
cache-control: no-cache

00:34:22.050 [AsyncHttpClient-1-5] DEBUG org.asynchttpclient.netty.channel.ChannelManager - Adding key: http://localhost:23579 for channel [id: 0xeff9f645, L:/127.0.0.1:61681 - R:localhost/127.0.0.1:23579]
00:34:22.625 [AsyncHttpClient-1-1] DEBUG org.asynchttpclient.netty.channel.DefaultChannelPool - Entry count for : http://localhost:61683 : 1
00:34:22.625 [AsyncHttpClient-1-1] DEBUG org.asynchttpclient.netty.channel.DefaultChannelPool - Entry count for : http://localhost:23579 : 1
00:34:22.625 [AsyncHttpClient-1-1] DEBUG org.asynchttpclient.netty.channel.DefaultChannelPool - Adding Candidate expired Channel [id: 0x9fee804c, L:/127.0.0.1:61690 ! R:localhost/127.0.0.1:61683] isIdleTimeoutExpired=false isRemotelyClosed=true isTtlExpired=false
00:34:22.625 [AsyncHttpClient-1-1] DEBUG org.asynchttpclient.netty.channel.DefaultChannelPool - Closing Idle Channel [id: 0x9fee804c, L:/127.0.0.1:61690 ! R:localhost/127.0.0.1:61683]
00:34:22.625 [AsyncHttpClient-1-1] DEBUG org.asynchttpclient.netty.channel.DefaultChannelPool - Closed 1 connections out of 2 in 0 ms
00:34:22.689 [AsyncHttpClient-1-5] DEBUG org.asynchttpclient.netty.handler.HttpHandler - Channel Closed: [id: 0xeff9f645, L:/127.0.0.1:61681 ! R:localhost/127.0.0.1:23579] with attribute DISCARD
  And Close_Window                                                  # StepDefination.Customer_onboarding.close_window()
]]></system-out>
    <system-err><![CDATA[Jan 15, 2025 12:33:59 AM org.openqa.selenium.devtools.CdpVersionFinder findNearestMatch
WARNING: Unable to find CDP implementation matching 131
Jan 15, 2025 12:33:59 AM org.openqa.selenium.chromium.ChromiumDriver lambda$new$5
WARNING: Unable to find version of CDP to use for 131.0.6778.265. You may need to include a dependency on a specific version of the CDP using something similar to `org.seleniumhq.selenium:selenium-devtools-v86:4.12.0` where the version ("v86") matches the version of the chromium-based browser you're using and the version number of the artifact is the same as Selenium's.
]]></system-err>
  </testcase>
  <testcase name="Add customer without company name" classname="Customer Onboarding form" time="21.623">
    <system-out><![CDATA[
Scenario Outline: Add customer without company name              # src/test/resources/Customers/Customer_form.feature:50
00:34:23.113 [AsyncHttpClient-1-8] DEBUG org.asynchttpclient.netty.channel.NettyConnectListener - Using new Channel '[id: 0x9cfea8e9, L:/127.0.0.1:61724 - R:localhost/127.0.0.1:45059]' for 'POST' to '/session'
00:34:23.710 [AsyncHttpClient-1-1] DEBUG org.asynchttpclient.netty.channel.DefaultChannelPool - Entry count for : http://localhost:23579 : 1
00:34:23.710 [AsyncHttpClient-1-1] DEBUG org.asynchttpclient.netty.channel.DefaultChannelPool - Adding Candidate expired Channel [id: 0xeff9f645, L:/127.0.0.1:61681 ! R:localhost/127.0.0.1:23579] isIdleTimeoutExpired=false isRemotelyClosed=true isTtlExpired=false
00:34:23.710 [AsyncHttpClient-1-1] DEBUG org.asynchttpclient.netty.channel.DefaultChannelPool - Closing Idle Channel [id: 0xeff9f645, L:/127.0.0.1:61681 ! R:localhost/127.0.0.1:23579]
00:34:23.710 [AsyncHttpClient-1-1] DEBUG org.asynchttpclient.netty.channel.DefaultChannelPool - Closed 1 connections out of 1 in 0 ms
00:34:24.397 [AsyncHttpClient-1-8] DEBUG org.asynchttpclient.netty.handler.HttpHandler - 

Request DefaultHttpRequest(decodeResult: success, version: HTTP/1.1)
POST /session HTTP/1.1
User-Agent: selenium/4.12.0 (java windows)
Content-Length: 254
Content-Type: application/json; charset=utf-8
host: localhost:45059
accept: */*

Response DefaultHttpResponse(decodeResult: success, version: HTTP/1.1)
HTTP/1.1 200 OK
Content-Length: 886
Content-Type: application/json; charset=utf-8
cache-control: no-cache

00:34:24.397 [AsyncHttpClient-1-8] DEBUG org.asynchttpclient.netty.channel.ChannelManager - Adding key: http://localhost:45059 for channel [id: 0x9cfea8e9, L:/127.0.0.1:61724 - R:localhost/127.0.0.1:45059]
00:34:24.422 [AsyncHttpClient-1-9] DEBUG org.asynchttpclient.netty.channel.NettyConnectListener - Using new Channel '[id: 0x65a273ad, L:/127.0.0.1:61745 - R:localhost/127.0.0.1:61725]' for 'GET' to '/json/version'
00:34:24.438 [AsyncHttpClient-1-9] DEBUG org.asynchttpclient.netty.handler.HttpHandler - 

Request DefaultFullHttpRequest(decodeResult: success, version: HTTP/1.1, content: EmptyByteBufBE)
GET /json/version HTTP/1.1
User-Agent: selenium/4.12.0 (java windows)
host: localhost:61725
accept: */*

Response DefaultHttpResponse(decodeResult: success, version: HTTP/1.1)
HTTP/1.1 200 OK
Content-Security-Policy: frame-ancestors 'none'
Content-Length: 424
Content-Type: application/json; charset=UTF-8

00:34:24.438 [AsyncHttpClient-1-9] DEBUG org.asynchttpclient.netty.channel.ChannelManager - Adding key: http://localhost:61725 for channel [id: 0x65a273ad, L:/127.0.0.1:61745 - R:localhost/127.0.0.1:61725]
00:34:24.451 [AsyncHttpClient-1-10] DEBUG org.asynchttpclient.netty.channel.NettyConnectListener - Using new Channel '[id: 0xa834aca8, L:/127.0.0.1:61746 - R:localhost/127.0.0.1:61725]' for 'GET' to '/devtools/browser/bba7f2ef-0e4b-4dfb-90a9-0be05126512c'
00:34:24.457 [AsyncHttpClient-1-10] DEBUG org.asynchttpclient.netty.handler.WebSocketHandler - 

Request DefaultFullHttpRequest(decodeResult: success, version: HTTP/1.1, content: EmptyByteBufBE)
GET /devtools/browser/bba7f2ef-0e4b-4dfb-90a9-0be05126512c HTTP/1.1
upgrade: websocket
connection: upgrade
sec-websocket-key: w+gHzQBnoDlqTpsRWRR7Gg==
sec-websocket-version: 13
origin: http://localhost:61725
host: localhost:61725
accept: */*
user-agent: AHC/2.1

Response DefaultHttpResponse(decodeResult: success, version: HTTP/1.1)
HTTP/1.1 101 WebSocket Protocol Handshake
Upgrade: WebSocket
Connection: Upgrade
Sec-WebSocket-Accept: VHefc+bull18ccLIBSUqNSBzZIc=

00:34:24.471 [Forwarding get on session 79c31d8f16207cc13330e17370b034f2 to remote] DEBUG org.asynchttpclient.netty.request.NettyRequestSender - Using pooled Channel '[id: 0x9cfea8e9, L:/127.0.0.1:61724 - R:localhost/127.0.0.1:45059]' for 'POST' to 'http://localhost:45059/session/79c31d8f16207cc13330e17370b034f2/url'
00:34:24.471 [Forwarding get on session 79c31d8f16207cc13330e17370b034f2 to remote] DEBUG org.asynchttpclient.netty.request.NettyRequestSender - Using open Channel [id: 0x9cfea8e9, L:/127.0.0.1:61724 - R:localhost/127.0.0.1:45059] for POST '/session/79c31d8f16207cc13330e17370b034f2/url'
00:34:24.820 [AsyncHttpClient-1-1] DEBUG org.asynchttpclient.netty.channel.DefaultChannelPool - Entry count for : http://localhost:61725 : 1
00:34:25.919 [AsyncHttpClient-1-1] DEBUG org.asynchttpclient.netty.channel.DefaultChannelPool - Entry count for : http://localhost:61725 : 1
00:34:25.938 [AsyncHttpClient-1-8] DEBUG org.asynchttpclient.netty.handler.HttpHandler - 

Request DefaultHttpRequest(decodeResult: success, version: HTTP/1.1)
POST /session/79c31d8f16207cc13330e17370b034f2/url HTTP/1.1
User-Agent: selenium/4.12.0 (java windows)
Content-Length: 92
Content-Type: application/json; charset=utf-8
host: localhost:45059
accept: */*

Response DefaultHttpResponse(decodeResult: success, version: HTTP/1.1)
HTTP/1.1 200 OK
Content-Length: 14
Content-Type: application/json; charset=utf-8
cache-control: no-cache

00:34:25.938 [AsyncHttpClient-1-8] DEBUG org.asynchttpclient.netty.channel.ChannelManager - Adding key: http://localhost:45059 for channel [id: 0x9cfea8e9, L:/127.0.0.1:61724 - R:localhost/127.0.0.1:45059]
00:34:25.941 [Forwarding maximizeCurrentWindow on session 79c31d8f16207cc13330e17370b034f2 to remote] DEBUG org.asynchttpclient.netty.request.NettyRequestSender - Using pooled Channel '[id: 0x9cfea8e9, L:/127.0.0.1:61724 - R:localhost/127.0.0.1:45059]' for 'POST' to 'http://localhost:45059/session/79c31d8f16207cc13330e17370b034f2/window/maximize'
00:34:25.941 [Forwarding maximizeCurrentWindow on session 79c31d8f16207cc13330e17370b034f2 to remote] DEBUG org.asynchttpclient.netty.request.NettyRequestSender - Using open Channel [id: 0x9cfea8e9, L:/127.0.0.1:61724 - R:localhost/127.0.0.1:45059] for POST '/session/79c31d8f16207cc13330e17370b034f2/window/maximize'
00:34:25.983 [AsyncHttpClient-1-8] DEBUG org.asynchttpclient.netty.handler.HttpHandler - 

Request DefaultHttpRequest(decodeResult: success, version: HTTP/1.1)
POST /session/79c31d8f16207cc13330e17370b034f2/window/maximize HTTP/1.1
User-Agent: selenium/4.12.0 (java windows)
Content-Length: 3
Content-Type: application/json; charset=utf-8
host: localhost:45059
accept: */*

Response DefaultHttpResponse(decodeResult: success, version: HTTP/1.1)
HTTP/1.1 200 OK
Content-Length: 51
Content-Type: application/json; charset=utf-8
cache-control: no-cache

00:34:25.983 [AsyncHttpClient-1-8] DEBUG org.asynchttpclient.netty.channel.ChannelManager - Adding key: http://localhost:45059 for channel [id: 0x9cfea8e9, L:/127.0.0.1:61724 - R:localhost/127.0.0.1:45059]
00:34:25.983 [Forwarding findElement on session 79c31d8f16207cc13330e17370b034f2 to remote] DEBUG org.asynchttpclient.netty.request.NettyRequestSender - Using pooled Channel '[id: 0x9cfea8e9, L:/127.0.0.1:61724 - R:localhost/127.0.0.1:45059]' for 'POST' to 'http://localhost:45059/session/79c31d8f16207cc13330e17370b034f2/element'
00:34:25.983 [Forwarding findElement on session 79c31d8f16207cc13330e17370b034f2 to remote] DEBUG org.asynchttpclient.netty.request.NettyRequestSender - Using open Channel [id: 0x9cfea8e9, L:/127.0.0.1:61724 - R:localhost/127.0.0.1:45059] for POST '/session/79c31d8f16207cc13330e17370b034f2/element'
00:34:26.022 [AsyncHttpClient-1-8] DEBUG org.asynchttpclient.netty.handler.HttpHandler - 

Request DefaultHttpRequest(decodeResult: success, version: HTTP/1.1)
POST /session/79c31d8f16207cc13330e17370b034f2/element HTTP/1.1
User-Agent: selenium/4.12.0 (java windows)
Content-Length: 69
Content-Type: application/json; charset=utf-8
host: localhost:45059
accept: */*

Response DefaultHttpResponse(decodeResult: success, version: HTTP/1.1)
HTTP/1.1 200 OK
Content-Length: 125
Content-Type: application/json; charset=utf-8
cache-control: no-cache

00:34:26.022 [AsyncHttpClient-1-8] DEBUG org.asynchttpclient.netty.channel.ChannelManager - Adding key: http://localhost:45059 for channel [id: 0x9cfea8e9, L:/127.0.0.1:61724 - R:localhost/127.0.0.1:45059]
00:34:26.025 [Forwarding sendKeysToElement on session 79c31d8f16207cc13330e17370b034f2 to remote] DEBUG org.asynchttpclient.netty.request.NettyRequestSender - Using pooled Channel '[id: 0x9cfea8e9, L:/127.0.0.1:61724 - R:localhost/127.0.0.1:45059]' for 'POST' to 'http://localhost:45059/session/79c31d8f16207cc13330e17370b034f2/element/f.29F1B365C5160408A239DD54CDE2A979.d.F003411B2583A0045D106518E44834A0.e.2/value'
00:34:26.025 [Forwarding sendKeysToElement on session 79c31d8f16207cc13330e17370b034f2 to remote] DEBUG org.asynchttpclient.netty.request.NettyRequestSender - Using open Channel [id: 0x9cfea8e9, L:/127.0.0.1:61724 - R:localhost/127.0.0.1:45059] for POST '/session/79c31d8f16207cc13330e17370b034f2/element/f.29F1B365C5160408A239DD54CDE2A979.d.F003411B2583A0045D106518E44834A0.e.2/value'
00:34:26.290 [AsyncHttpClient-1-8] DEBUG org.asynchttpclient.netty.handler.HttpHandler - 

Request DefaultHttpRequest(decodeResult: success, version: HTTP/1.1)
POST /session/79c31d8f16207cc13330e17370b034f2/element/f.29F1B365C5160408A239DD54CDE2A979.d.F003411B2583A0045D106518E44834A0.e.2/value HTTP/1.1
User-Agent: selenium/4.12.0 (java windows)
Content-Length: 338
Content-Type: application/json; charset=utf-8
host: localhost:45059
accept: */*

Response DefaultHttpResponse(decodeResult: success, version: HTTP/1.1)
HTTP/1.1 200 OK
Content-Length: 14
Content-Type: application/json; charset=utf-8
cache-control: no-cache

00:34:26.290 [AsyncHttpClient-1-8] DEBUG org.asynchttpclient.netty.channel.ChannelManager - Adding key: http://localhost:45059 for channel [id: 0x9cfea8e9, L:/127.0.0.1:61724 - R:localhost/127.0.0.1:45059]
00:34:26.290 [Forwarding findElement on session 79c31d8f16207cc13330e17370b034f2 to remote] DEBUG org.asynchttpclient.netty.request.NettyRequestSender - Using pooled Channel '[id: 0x9cfea8e9, L:/127.0.0.1:61724 - R:localhost/127.0.0.1:45059]' for 'POST' to 'http://localhost:45059/session/79c31d8f16207cc13330e17370b034f2/element'
00:34:26.290 [Forwarding findElement on session 79c31d8f16207cc13330e17370b034f2 to remote] DEBUG org.asynchttpclient.netty.request.NettyRequestSender - Using open Channel [id: 0x9cfea8e9, L:/127.0.0.1:61724 - R:localhost/127.0.0.1:45059] for POST '/session/79c31d8f16207cc13330e17370b034f2/element'
00:34:26.306 [AsyncHttpClient-1-8] DEBUG org.asynchttpclient.netty.handler.HttpHandler - 

Request DefaultHttpRequest(decodeResult: success, version: HTTP/1.1)
POST /session/79c31d8f16207cc13330e17370b034f2/element HTTP/1.1
User-Agent: selenium/4.12.0 (java windows)
Content-Length: 72
Content-Type: application/json; charset=utf-8
host: localhost:45059
accept: */*

Response DefaultHttpResponse(decodeResult: success, version: HTTP/1.1)
HTTP/1.1 200 OK
Content-Length: 125
Content-Type: application/json; charset=utf-8
cache-control: no-cache

00:34:26.306 [AsyncHttpClient-1-8] DEBUG org.asynchttpclient.netty.channel.ChannelManager - Adding key: http://localhost:45059 for channel [id: 0x9cfea8e9, L:/127.0.0.1:61724 - R:localhost/127.0.0.1:45059]
00:34:26.306 [Forwarding sendKeysToElement on session 79c31d8f16207cc13330e17370b034f2 to remote] DEBUG org.asynchttpclient.netty.request.NettyRequestSender - Using pooled Channel '[id: 0x9cfea8e9, L:/127.0.0.1:61724 - R:localhost/127.0.0.1:45059]' for 'POST' to 'http://localhost:45059/session/79c31d8f16207cc13330e17370b034f2/element/f.29F1B365C5160408A239DD54CDE2A979.d.F003411B2583A0045D106518E44834A0.e.4/value'
00:34:26.306 [Forwarding sendKeysToElement on session 79c31d8f16207cc13330e17370b034f2 to remote] DEBUG org.asynchttpclient.netty.request.NettyRequestSender - Using open Channel [id: 0x9cfea8e9, L:/127.0.0.1:61724 - R:localhost/127.0.0.1:45059] for POST '/session/79c31d8f16207cc13330e17370b034f2/element/f.29F1B365C5160408A239DD54CDE2A979.d.F003411B2583A0045D106518E44834A0.e.4/value'
00:34:26.568 [AsyncHttpClient-1-8] DEBUG org.asynchttpclient.netty.handler.HttpHandler - 

Request DefaultHttpRequest(decodeResult: success, version: HTTP/1.1)
POST /session/79c31d8f16207cc13330e17370b034f2/element/f.29F1B365C5160408A239DD54CDE2A979.d.F003411B2583A0045D106518E44834A0.e.4/value HTTP/1.1
User-Agent: selenium/4.12.0 (java windows)
Content-Length: 208
Content-Type: application/json; charset=utf-8
host: localhost:45059
accept: */*

Response DefaultHttpResponse(decodeResult: success, version: HTTP/1.1)
HTTP/1.1 200 OK
Content-Length: 14
Content-Type: application/json; charset=utf-8
cache-control: no-cache

00:34:26.568 [AsyncHttpClient-1-8] DEBUG org.asynchttpclient.netty.channel.ChannelManager - Adding key: http://localhost:45059 for channel [id: 0x9cfea8e9, L:/127.0.0.1:61724 - R:localhost/127.0.0.1:45059]
00:34:26.568 [Forwarding findElement on session 79c31d8f16207cc13330e17370b034f2 to remote] DEBUG org.asynchttpclient.netty.request.NettyRequestSender - Using pooled Channel '[id: 0x9cfea8e9, L:/127.0.0.1:61724 - R:localhost/127.0.0.1:45059]' for 'POST' to 'http://localhost:45059/session/79c31d8f16207cc13330e17370b034f2/element'
00:34:26.568 [Forwarding findElement on session 79c31d8f16207cc13330e17370b034f2 to remote] DEBUG org.asynchttpclient.netty.request.NettyRequestSender - Using open Channel [id: 0x9cfea8e9, L:/127.0.0.1:61724 - R:localhost/127.0.0.1:45059] for POST '/session/79c31d8f16207cc13330e17370b034f2/element'
00:34:26.590 [AsyncHttpClient-1-8] DEBUG org.asynchttpclient.netty.handler.HttpHandler - 

Request DefaultHttpRequest(decodeResult: success, version: HTTP/1.1)
POST /session/79c31d8f16207cc13330e17370b034f2/element HTTP/1.1
User-Agent: selenium/4.12.0 (java windows)
Content-Length: 73
Content-Type: application/json; charset=utf-8
host: localhost:45059
accept: */*

Response DefaultHttpResponse(decodeResult: success, version: HTTP/1.1)
HTTP/1.1 200 OK
Content-Length: 125
Content-Type: application/json; charset=utf-8
cache-control: no-cache

00:34:26.590 [AsyncHttpClient-1-8] DEBUG org.asynchttpclient.netty.channel.ChannelManager - Adding key: http://localhost:45059 for channel [id: 0x9cfea8e9, L:/127.0.0.1:61724 - R:localhost/127.0.0.1:45059]
00:34:26.590 [Forwarding clickElement on session 79c31d8f16207cc13330e17370b034f2 to remote] DEBUG org.asynchttpclient.netty.request.NettyRequestSender - Using pooled Channel '[id: 0x9cfea8e9, L:/127.0.0.1:61724 - R:localhost/127.0.0.1:45059]' for 'POST' to 'http://localhost:45059/session/79c31d8f16207cc13330e17370b034f2/element/f.29F1B365C5160408A239DD54CDE2A979.d.F003411B2583A0045D106518E44834A0.e.6/click'
00:34:26.590 [Forwarding clickElement on session 79c31d8f16207cc13330e17370b034f2 to remote] DEBUG org.asynchttpclient.netty.request.NettyRequestSender - Using open Channel [id: 0x9cfea8e9, L:/127.0.0.1:61724 - R:localhost/127.0.0.1:45059] for POST '/session/79c31d8f16207cc13330e17370b034f2/element/f.29F1B365C5160408A239DD54CDE2A979.d.F003411B2583A0045D106518E44834A0.e.6/click'
00:34:26.759 [AsyncHttpClient-1-8] DEBUG org.asynchttpclient.netty.handler.HttpHandler - 

Request DefaultHttpRequest(decodeResult: success, version: HTTP/1.1)
POST /session/79c31d8f16207cc13330e17370b034f2/element/f.29F1B365C5160408A239DD54CDE2A979.d.F003411B2583A0045D106518E44834A0.e.6/click HTTP/1.1
User-Agent: selenium/4.12.0 (java windows)
Content-Length: 87
Content-Type: application/json; charset=utf-8
host: localhost:45059
accept: */*

Response DefaultHttpResponse(decodeResult: success, version: HTTP/1.1)
HTTP/1.1 200 OK
Content-Length: 14
Content-Type: application/json; charset=utf-8
cache-control: no-cache

00:34:26.759 [AsyncHttpClient-1-8] DEBUG org.asynchttpclient.netty.channel.ChannelManager - Adding key: http://localhost:45059 for channel [id: 0x9cfea8e9, L:/127.0.0.1:61724 - R:localhost/127.0.0.1:45059]
00:34:27.018 [AsyncHttpClient-1-1] DEBUG org.asynchttpclient.netty.channel.DefaultChannelPool - Entry count for : http://localhost:61725 : 1
00:34:27.018 [AsyncHttpClient-1-1] DEBUG org.asynchttpclient.netty.channel.DefaultChannelPool - Entry count for : http://localhost:45059 : 1
00:34:28.113 [AsyncHttpClient-1-1] DEBUG org.asynchttpclient.netty.channel.DefaultChannelPool - Entry count for : http://localhost:61725 : 1
00:34:28.113 [AsyncHttpClient-1-1] DEBUG org.asynchttpclient.netty.channel.DefaultChannelPool - Entry count for : http://localhost:45059 : 1
00:34:29.220 [AsyncHttpClient-1-1] DEBUG org.asynchttpclient.netty.channel.DefaultChannelPool - Entry count for : http://localhost:61725 : 1
00:34:29.220 [AsyncHttpClient-1-1] DEBUG org.asynchttpclient.netty.channel.DefaultChannelPool - Entry count for : http://localhost:45059 : 1
00:34:30.322 [AsyncHttpClient-1-1] DEBUG org.asynchttpclient.netty.channel.DefaultChannelPool - Entry count for : http://localhost:61725 : 1
00:34:30.322 [AsyncHttpClient-1-1] DEBUG org.asynchttpclient.netty.channel.DefaultChannelPool - Entry count for : http://localhost:45059 : 1
00:34:31.412 [AsyncHttpClient-1-1] DEBUG org.asynchttpclient.netty.channel.DefaultChannelPool - Entry count for : http://localhost:61725 : 1
00:34:31.412 [AsyncHttpClient-1-1] DEBUG org.asynchttpclient.netty.channel.DefaultChannelPool - Entry count for : http://localhost:45059 : 1
00:34:31.774 [Forwarding getCurrentUrl on session 79c31d8f16207cc13330e17370b034f2 to remote] DEBUG org.asynchttpclient.netty.request.NettyRequestSender - Using pooled Channel '[id: 0x9cfea8e9, L:/127.0.0.1:61724 - R:localhost/127.0.0.1:45059]' for 'GET' to 'http://localhost:45059/session/79c31d8f16207cc13330e17370b034f2/url'
00:34:31.774 [Forwarding getCurrentUrl on session 79c31d8f16207cc13330e17370b034f2 to remote] DEBUG org.asynchttpclient.netty.request.NettyRequestSender - Using open Channel [id: 0x9cfea8e9, L:/127.0.0.1:61724 - R:localhost/127.0.0.1:45059] for GET '/session/79c31d8f16207cc13330e17370b034f2/url'
00:34:31.774 [AsyncHttpClient-1-8] DEBUG org.asynchttpclient.netty.handler.HttpHandler - 

Request DefaultFullHttpRequest(decodeResult: success, version: HTTP/1.1, content: EmptyByteBufBE)
GET /session/79c31d8f16207cc13330e17370b034f2/url HTTP/1.1
Cache-Control: no-cache
User-Agent: selenium/4.12.0 (java windows)
Content-Type: application/json; charset=utf-8
host: localhost:45059
accept: */*

Response DefaultHttpResponse(decodeResult: success, version: HTTP/1.1)
HTTP/1.1 200 OK
Content-Length: 69
Content-Type: application/json; charset=utf-8
cache-control: no-cache

00:34:31.774 [AsyncHttpClient-1-8] DEBUG org.asynchttpclient.netty.channel.ChannelManager - Adding key: http://localhost:45059 for channel [id: 0x9cfea8e9, L:/127.0.0.1:61724 - R:localhost/127.0.0.1:45059]
https://fleet-manager-development.vercel.app/auth/sign-in
00:34:31.774 [Forwarding findElement on session 79c31d8f16207cc13330e17370b034f2 to remote] DEBUG org.asynchttpclient.netty.request.NettyRequestSender - Using pooled Channel '[id: 0x9cfea8e9, L:/127.0.0.1:61724 - R:localhost/127.0.0.1:45059]' for 'POST' to 'http://localhost:45059/session/79c31d8f16207cc13330e17370b034f2/element'
00:34:31.774 [Forwarding findElement on session 79c31d8f16207cc13330e17370b034f2 to remote] DEBUG org.asynchttpclient.netty.request.NettyRequestSender - Using open Channel [id: 0x9cfea8e9, L:/127.0.0.1:61724 - R:localhost/127.0.0.1:45059] for POST '/session/79c31d8f16207cc13330e17370b034f2/element'
00:34:31.805 [AsyncHttpClient-1-8] DEBUG org.asynchttpclient.netty.handler.HttpHandler - 

Request DefaultHttpRequest(decodeResult: success, version: HTTP/1.1)
POST /session/79c31d8f16207cc13330e17370b034f2/element HTTP/1.1
User-Agent: selenium/4.12.0 (java windows)
Content-Length: 66
Content-Type: application/json; charset=utf-8
host: localhost:45059
accept: */*

Response DefaultHttpResponse(decodeResult: success, version: HTTP/1.1)
HTTP/1.1 200 OK
Content-Length: 126
Content-Type: application/json; charset=utf-8
cache-control: no-cache

00:34:31.805 [AsyncHttpClient-1-8] DEBUG org.asynchttpclient.netty.channel.ChannelManager - Adding key: http://localhost:45059 for channel [id: 0x9cfea8e9, L:/127.0.0.1:61724 - R:localhost/127.0.0.1:45059]
00:34:31.805 [Forwarding isElementDisplayed on session 79c31d8f16207cc13330e17370b034f2 to remote] DEBUG org.asynchttpclient.netty.request.NettyRequestSender - Using pooled Channel '[id: 0x9cfea8e9, L:/127.0.0.1:61724 - R:localhost/127.0.0.1:45059]' for 'POST' to 'http://localhost:45059/session/79c31d8f16207cc13330e17370b034f2/execute/sync'
00:34:31.805 [Forwarding isElementDisplayed on session 79c31d8f16207cc13330e17370b034f2 to remote] DEBUG org.asynchttpclient.netty.request.NettyRequestSender - Using open Channel [id: 0x9cfea8e9, L:/127.0.0.1:61724 - R:localhost/127.0.0.1:45059] for POST '/session/79c31d8f16207cc13330e17370b034f2/execute/sync'
00:34:31.821 [AsyncHttpClient-1-8] DEBUG org.asynchttpclient.netty.handler.HttpHandler - 

Request DefaultHttpRequest(decodeResult: success, version: HTTP/1.1)
POST /session/79c31d8f16207cc13330e17370b034f2/execute/sync HTTP/1.1
User-Agent: selenium/4.12.0 (java windows)
Content-Length: 48734
Content-Type: application/json; charset=utf-8
host: localhost:45059
accept: */*

Response DefaultHttpResponse(decodeResult: success, version: HTTP/1.1)
HTTP/1.1 200 OK
Content-Length: 14
Content-Type: application/json; charset=utf-8
cache-control: no-cache

00:34:31.821 [AsyncHttpClient-1-8] DEBUG org.asynchttpclient.netty.channel.ChannelManager - Adding key: http://localhost:45059 for channel [id: 0x9cfea8e9, L:/127.0.0.1:61724 - R:localhost/127.0.0.1:45059]
00:34:31.837 [Forwarding findElement on session 79c31d8f16207cc13330e17370b034f2 to remote] DEBUG org.asynchttpclient.netty.request.NettyRequestSender - Using pooled Channel '[id: 0x9cfea8e9, L:/127.0.0.1:61724 - R:localhost/127.0.0.1:45059]' for 'POST' to 'http://localhost:45059/session/79c31d8f16207cc13330e17370b034f2/element'
00:34:31.837 [Forwarding findElement on session 79c31d8f16207cc13330e17370b034f2 to remote] DEBUG org.asynchttpclient.netty.request.NettyRequestSender - Using open Channel [id: 0x9cfea8e9, L:/127.0.0.1:61724 - R:localhost/127.0.0.1:45059] for POST '/session/79c31d8f16207cc13330e17370b034f2/element'
00:34:31.840 [AsyncHttpClient-1-8] DEBUG org.asynchttpclient.netty.handler.HttpHandler - 

Request DefaultHttpRequest(decodeResult: success, version: HTTP/1.1)
POST /session/79c31d8f16207cc13330e17370b034f2/element HTTP/1.1
User-Agent: selenium/4.12.0 (java windows)
Content-Length: 66
Content-Type: application/json; charset=utf-8
host: localhost:45059
accept: */*

Response DefaultHttpResponse(decodeResult: success, version: HTTP/1.1)
HTTP/1.1 200 OK
Content-Length: 126
Content-Type: application/json; charset=utf-8
cache-control: no-cache

00:34:31.840 [AsyncHttpClient-1-8] DEBUG org.asynchttpclient.netty.channel.ChannelManager - Adding key: http://localhost:45059 for channel [id: 0x9cfea8e9, L:/127.0.0.1:61724 - R:localhost/127.0.0.1:45059]
00:34:31.852 [Forwarding getElementText on session 79c31d8f16207cc13330e17370b034f2 to remote] DEBUG org.asynchttpclient.netty.request.NettyRequestSender - Using pooled Channel '[id: 0x9cfea8e9, L:/127.0.0.1:61724 - R:localhost/127.0.0.1:45059]' for 'GET' to 'http://localhost:45059/session/79c31d8f16207cc13330e17370b034f2/element/f.29F1B365C5160408A239DD54CDE2A979.d.F003411B2583A0045D106518E44834A0.e.19/text'
00:34:31.852 [Forwarding getElementText on session 79c31d8f16207cc13330e17370b034f2 to remote] DEBUG org.asynchttpclient.netty.request.NettyRequestSender - Using open Channel [id: 0x9cfea8e9, L:/127.0.0.1:61724 - R:localhost/127.0.0.1:45059] for GET '/session/79c31d8f16207cc13330e17370b034f2/element/f.29F1B365C5160408A239DD54CDE2A979.d.F003411B2583A0045D106518E44834A0.e.19/text'
00:34:31.874 [AsyncHttpClient-1-8] DEBUG org.asynchttpclient.netty.handler.HttpHandler - 

Request DefaultFullHttpRequest(decodeResult: success, version: HTTP/1.1, content: EmptyByteBufBE)
GET /session/79c31d8f16207cc13330e17370b034f2/element/f.29F1B365C5160408A239DD54CDE2A979.d.F003411B2583A0045D106518E44834A0.e.19/text HTTP/1.1
Cache-Control: no-cache
User-Agent: selenium/4.12.0 (java windows)
Content-Type: application/json; charset=utf-8
host: localhost:45059
accept: */*

Response DefaultHttpResponse(decodeResult: success, version: HTTP/1.1)
HTTP/1.1 200 OK
Content-Length: 33
Content-Type: application/json; charset=utf-8
cache-control: no-cache

00:34:31.874 [AsyncHttpClient-1-8] DEBUG org.asynchttpclient.netty.channel.ChannelManager - Adding key: http://localhost:45059 for channel [id: 0x9cfea8e9, L:/127.0.0.1:61724 - R:localhost/127.0.0.1:45059]
00:34:31.874 [Forwarding findElement on session 79c31d8f16207cc13330e17370b034f2 to remote] DEBUG org.asynchttpclient.netty.request.NettyRequestSender - Using pooled Channel '[id: 0x9cfea8e9, L:/127.0.0.1:61724 - R:localhost/127.0.0.1:45059]' for 'POST' to 'http://localhost:45059/session/79c31d8f16207cc13330e17370b034f2/element'
00:34:31.874 [Forwarding findElement on session 79c31d8f16207cc13330e17370b034f2 to remote] DEBUG org.asynchttpclient.netty.request.NettyRequestSender - Using open Channel [id: 0x9cfea8e9, L:/127.0.0.1:61724 - R:localhost/127.0.0.1:45059] for POST '/session/79c31d8f16207cc13330e17370b034f2/element'
00:34:31.886 [AsyncHttpClient-1-8] DEBUG org.asynchttpclient.netty.handler.HttpHandler - 

Request DefaultHttpRequest(decodeResult: success, version: HTTP/1.1)
POST /session/79c31d8f16207cc13330e17370b034f2/element HTTP/1.1
User-Agent: selenium/4.12.0 (java windows)
Content-Length: 74
Content-Type: application/json; charset=utf-8
host: localhost:45059
accept: */*

Response DefaultHttpResponse(decodeResult: success, version: HTTP/1.1)
HTTP/1.1 200 OK
Content-Length: 126
Content-Type: application/json; charset=utf-8
cache-control: no-cache

00:34:31.886 [AsyncHttpClient-1-8] DEBUG org.asynchttpclient.netty.channel.ChannelManager - Adding key: http://localhost:45059 for channel [id: 0x9cfea8e9, L:/127.0.0.1:61724 - R:localhost/127.0.0.1:45059]
00:34:31.886 [Forwarding clickElement on session 79c31d8f16207cc13330e17370b034f2 to remote] DEBUG org.asynchttpclient.netty.request.NettyRequestSender - Using pooled Channel '[id: 0x9cfea8e9, L:/127.0.0.1:61724 - R:localhost/127.0.0.1:45059]' for 'POST' to 'http://localhost:45059/session/79c31d8f16207cc13330e17370b034f2/element/f.29F1B365C5160408A239DD54CDE2A979.d.F003411B2583A0045D106518E44834A0.e.20/click'
00:34:31.886 [Forwarding clickElement on session 79c31d8f16207cc13330e17370b034f2 to remote] DEBUG org.asynchttpclient.netty.request.NettyRequestSender - Using open Channel [id: 0x9cfea8e9, L:/127.0.0.1:61724 - R:localhost/127.0.0.1:45059] for POST '/session/79c31d8f16207cc13330e17370b034f2/element/f.29F1B365C5160408A239DD54CDE2A979.d.F003411B2583A0045D106518E44834A0.e.20/click'
00:34:32.005 [AsyncHttpClient-1-8] DEBUG org.asynchttpclient.netty.handler.HttpHandler - 

Request DefaultHttpRequest(decodeResult: success, version: HTTP/1.1)
POST /session/79c31d8f16207cc13330e17370b034f2/element/f.29F1B365C5160408A239DD54CDE2A979.d.F003411B2583A0045D106518E44834A0.e.20/click HTTP/1.1
User-Agent: selenium/4.12.0 (java windows)
Content-Length: 88
Content-Type: application/json; charset=utf-8
host: localhost:45059
accept: */*

Response DefaultHttpResponse(decodeResult: success, version: HTTP/1.1)
HTTP/1.1 200 OK
Content-Length: 14
Content-Type: application/json; charset=utf-8
cache-control: no-cache

00:34:32.006 [AsyncHttpClient-1-8] DEBUG org.asynchttpclient.netty.channel.ChannelManager - Adding key: http://localhost:45059 for channel [id: 0x9cfea8e9, L:/127.0.0.1:61724 - R:localhost/127.0.0.1:45059]
00:34:32.518 [AsyncHttpClient-1-1] DEBUG org.asynchttpclient.netty.channel.DefaultChannelPool - Entry count for : http://localhost:61725 : 1
00:34:32.518 [AsyncHttpClient-1-1] DEBUG org.asynchttpclient.netty.channel.DefaultChannelPool - Entry count for : http://localhost:45059 : 1
00:34:33.616 [AsyncHttpClient-1-1] DEBUG org.asynchttpclient.netty.channel.DefaultChannelPool - Entry count for : http://localhost:61725 : 1
00:34:33.616 [AsyncHttpClient-1-1] DEBUG org.asynchttpclient.netty.channel.DefaultChannelPool - Entry count for : http://localhost:45059 : 1
00:34:34.722 [AsyncHttpClient-1-1] DEBUG org.asynchttpclient.netty.channel.DefaultChannelPool - Entry count for : http://localhost:61725 : 1
00:34:34.723 [AsyncHttpClient-1-1] DEBUG org.asynchttpclient.netty.channel.DefaultChannelPool - Entry count for : http://localhost:45059 : 1
00:34:35.007 [Forwarding screenshot on session 79c31d8f16207cc13330e17370b034f2 to remote] DEBUG org.asynchttpclient.netty.request.NettyRequestSender - Using pooled Channel '[id: 0x9cfea8e9, L:/127.0.0.1:61724 - R:localhost/127.0.0.1:45059]' for 'GET' to 'http://localhost:45059/session/79c31d8f16207cc13330e17370b034f2/screenshot'
00:34:35.007 [Forwarding screenshot on session 79c31d8f16207cc13330e17370b034f2 to remote] DEBUG org.asynchttpclient.netty.request.NettyRequestSender - Using open Channel [id: 0x9cfea8e9, L:/127.0.0.1:61724 - R:localhost/127.0.0.1:45059] for GET '/session/79c31d8f16207cc13330e17370b034f2/screenshot'
00:34:35.182 [AsyncHttpClient-1-8] DEBUG org.asynchttpclient.netty.handler.HttpHandler - 

Request DefaultFullHttpRequest(decodeResult: success, version: HTTP/1.1, content: EmptyByteBufBE)
GET /session/79c31d8f16207cc13330e17370b034f2/screenshot HTTP/1.1
Cache-Control: no-cache
User-Agent: selenium/4.12.0 (java windows)
Content-Type: application/json; charset=utf-8
host: localhost:45059
accept: */*

Response DefaultHttpResponse(decodeResult: success, version: HTTP/1.1)
HTTP/1.1 200 OK
Content-Length: 233672
Content-Type: application/json; charset=utf-8
cache-control: no-cache

00:34:35.182 [AsyncHttpClient-1-8] DEBUG org.asynchttpclient.netty.channel.ChannelManager - Adding key: http://localhost:45059 for channel [id: 0x9cfea8e9, L:/127.0.0.1:61724 - R:localhost/127.0.0.1:45059]
  Given I am on dashboardfokisaj290@edectus.com and Fleet@123    # StepDefination.Customer_onboarding.I_am_on_dashboard(java.lang.String,java.lang.String)
00:34:35.205 [Forwarding findElement on session 79c31d8f16207cc13330e17370b034f2 to remote] DEBUG org.asynchttpclient.netty.request.NettyRequestSender - Using pooled Channel '[id: 0x9cfea8e9, L:/127.0.0.1:61724 - R:localhost/127.0.0.1:45059]' for 'POST' to 'http://localhost:45059/session/79c31d8f16207cc13330e17370b034f2/element'
00:34:35.205 [Forwarding findElement on session 79c31d8f16207cc13330e17370b034f2 to remote] DEBUG org.asynchttpclient.netty.request.NettyRequestSender - Using open Channel [id: 0x9cfea8e9, L:/127.0.0.1:61724 - R:localhost/127.0.0.1:45059] for POST '/session/79c31d8f16207cc13330e17370b034f2/element'
00:34:35.223 [AsyncHttpClient-1-8] DEBUG org.asynchttpclient.netty.handler.HttpHandler - 

Request DefaultHttpRequest(decodeResult: success, version: HTTP/1.1)
POST /session/79c31d8f16207cc13330e17370b034f2/element HTTP/1.1
User-Agent: selenium/4.12.0 (java windows)
Content-Length: 127
Content-Type: application/json; charset=utf-8
host: localhost:45059
accept: */*

Response DefaultHttpResponse(decodeResult: success, version: HTTP/1.1)
HTTP/1.1 200 OK
Content-Length: 126
Content-Type: application/json; charset=utf-8
cache-control: no-cache

00:34:35.223 [AsyncHttpClient-1-8] DEBUG org.asynchttpclient.netty.channel.ChannelManager - Adding key: http://localhost:45059 for channel [id: 0x9cfea8e9, L:/127.0.0.1:61724 - R:localhost/127.0.0.1:45059]
00:34:35.224 [Forwarding getElementText on session 79c31d8f16207cc13330e17370b034f2 to remote] DEBUG org.asynchttpclient.netty.request.NettyRequestSender - Using pooled Channel '[id: 0x9cfea8e9, L:/127.0.0.1:61724 - R:localhost/127.0.0.1:45059]' for 'GET' to 'http://localhost:45059/session/79c31d8f16207cc13330e17370b034f2/element/f.29F1B365C5160408A239DD54CDE2A979.d.AD53EB8CB3345712C7628A225525713A.e.30/text'
00:34:35.224 [Forwarding getElementText on session 79c31d8f16207cc13330e17370b034f2 to remote] DEBUG org.asynchttpclient.netty.request.NettyRequestSender - Using open Channel [id: 0x9cfea8e9, L:/127.0.0.1:61724 - R:localhost/127.0.0.1:45059] for GET '/session/79c31d8f16207cc13330e17370b034f2/element/f.29F1B365C5160408A239DD54CDE2A979.d.AD53EB8CB3345712C7628A225525713A.e.30/text'
00:34:35.235 [AsyncHttpClient-1-8] DEBUG org.asynchttpclient.netty.handler.HttpHandler - 

Request DefaultFullHttpRequest(decodeResult: success, version: HTTP/1.1, content: EmptyByteBufBE)
GET /session/79c31d8f16207cc13330e17370b034f2/element/f.29F1B365C5160408A239DD54CDE2A979.d.AD53EB8CB3345712C7628A225525713A.e.30/text HTTP/1.1
Cache-Control: no-cache
User-Agent: selenium/4.12.0 (java windows)
Content-Type: application/json; charset=utf-8
host: localhost:45059
accept: */*

Response DefaultHttpResponse(decodeResult: success, version: HTTP/1.1)
HTTP/1.1 200 OK
Content-Length: 21
Content-Type: application/json; charset=utf-8
cache-control: no-cache

00:34:35.236 [AsyncHttpClient-1-8] DEBUG org.asynchttpclient.netty.channel.ChannelManager - Adding key: http://localhost:45059 for channel [id: 0x9cfea8e9, L:/127.0.0.1:61724 - R:localhost/127.0.0.1:45059]
00:34:35.238 [Forwarding findElement on session 79c31d8f16207cc13330e17370b034f2 to remote] DEBUG org.asynchttpclient.netty.request.NettyRequestSender - Using pooled Channel '[id: 0x9cfea8e9, L:/127.0.0.1:61724 - R:localhost/127.0.0.1:45059]' for 'POST' to 'http://localhost:45059/session/79c31d8f16207cc13330e17370b034f2/element'
00:34:35.238 [Forwarding findElement on session 79c31d8f16207cc13330e17370b034f2 to remote] DEBUG org.asynchttpclient.netty.request.NettyRequestSender - Using open Channel [id: 0x9cfea8e9, L:/127.0.0.1:61724 - R:localhost/127.0.0.1:45059] for POST '/session/79c31d8f16207cc13330e17370b034f2/element'
00:34:35.247 [AsyncHttpClient-1-8] DEBUG org.asynchttpclient.netty.handler.HttpHandler - 

Request DefaultHttpRequest(decodeResult: success, version: HTTP/1.1)
POST /session/79c31d8f16207cc13330e17370b034f2/element HTTP/1.1
User-Agent: selenium/4.12.0 (java windows)
Content-Length: 127
Content-Type: application/json; charset=utf-8
host: localhost:45059
accept: */*

Response DefaultHttpResponse(decodeResult: success, version: HTTP/1.1)
HTTP/1.1 200 OK
Content-Length: 126
Content-Type: application/json; charset=utf-8
cache-control: no-cache

00:34:35.249 [AsyncHttpClient-1-8] DEBUG org.asynchttpclient.netty.channel.ChannelManager - Adding key: http://localhost:45059 for channel [id: 0x9cfea8e9, L:/127.0.0.1:61724 - R:localhost/127.0.0.1:45059]
00:34:35.250 [Forwarding clickElement on session 79c31d8f16207cc13330e17370b034f2 to remote] DEBUG org.asynchttpclient.netty.request.NettyRequestSender - Using pooled Channel '[id: 0x9cfea8e9, L:/127.0.0.1:61724 - R:localhost/127.0.0.1:45059]' for 'POST' to 'http://localhost:45059/session/79c31d8f16207cc13330e17370b034f2/element/f.29F1B365C5160408A239DD54CDE2A979.d.AD53EB8CB3345712C7628A225525713A.e.30/click'
00:34:35.250 [Forwarding clickElement on session 79c31d8f16207cc13330e17370b034f2 to remote] DEBUG org.asynchttpclient.netty.request.NettyRequestSender - Using open Channel [id: 0x9cfea8e9, L:/127.0.0.1:61724 - R:localhost/127.0.0.1:45059] for POST '/session/79c31d8f16207cc13330e17370b034f2/element/f.29F1B365C5160408A239DD54CDE2A979.d.AD53EB8CB3345712C7628A225525713A.e.30/click'
00:34:35.334 [AsyncHttpClient-1-8] DEBUG org.asynchttpclient.netty.handler.HttpHandler - 

Request DefaultHttpRequest(decodeResult: success, version: HTTP/1.1)
POST /session/79c31d8f16207cc13330e17370b034f2/element/f.29F1B365C5160408A239DD54CDE2A979.d.AD53EB8CB3345712C7628A225525713A.e.30/click HTTP/1.1
User-Agent: selenium/4.12.0 (java windows)
Content-Length: 88
Content-Type: application/json; charset=utf-8
host: localhost:45059
accept: */*

Response DefaultHttpResponse(decodeResult: success, version: HTTP/1.1)
HTTP/1.1 200 OK
Content-Length: 14
Content-Type: application/json; charset=utf-8
cache-control: no-cache

00:34:35.334 [AsyncHttpClient-1-8] DEBUG org.asynchttpclient.netty.channel.ChannelManager - Adding key: http://localhost:45059 for channel [id: 0x9cfea8e9, L:/127.0.0.1:61724 - R:localhost/127.0.0.1:45059]
00:34:35.812 [AsyncHttpClient-1-1] DEBUG org.asynchttpclient.netty.channel.DefaultChannelPool - Entry count for : http://localhost:61725 : 1
00:34:35.812 [AsyncHttpClient-1-1] DEBUG org.asynchttpclient.netty.channel.DefaultChannelPool - Entry count for : http://localhost:45059 : 1
00:34:36.925 [AsyncHttpClient-1-1] DEBUG org.asynchttpclient.netty.channel.DefaultChannelPool - Entry count for : http://localhost:61725 : 1
00:34:36.925 [AsyncHttpClient-1-1] DEBUG org.asynchttpclient.netty.channel.DefaultChannelPool - Entry count for : http://localhost:45059 : 1
00:34:37.350 [Forwarding screenshot on session 79c31d8f16207cc13330e17370b034f2 to remote] DEBUG org.asynchttpclient.netty.request.NettyRequestSender - Using pooled Channel '[id: 0x9cfea8e9, L:/127.0.0.1:61724 - R:localhost/127.0.0.1:45059]' for 'GET' to 'http://localhost:45059/session/79c31d8f16207cc13330e17370b034f2/screenshot'
00:34:37.350 [Forwarding screenshot on session 79c31d8f16207cc13330e17370b034f2 to remote] DEBUG org.asynchttpclient.netty.request.NettyRequestSender - Using open Channel [id: 0x9cfea8e9, L:/127.0.0.1:61724 - R:localhost/127.0.0.1:45059] for GET '/session/79c31d8f16207cc13330e17370b034f2/screenshot'
00:34:37.534 [AsyncHttpClient-1-8] DEBUG org.asynchttpclient.netty.handler.HttpHandler - 

Request DefaultFullHttpRequest(decodeResult: success, version: HTTP/1.1, content: EmptyByteBufBE)
GET /session/79c31d8f16207cc13330e17370b034f2/screenshot HTTP/1.1
Cache-Control: no-cache
User-Agent: selenium/4.12.0 (java windows)
Content-Type: application/json; charset=utf-8
host: localhost:45059
accept: */*

Response DefaultHttpResponse(decodeResult: success, version: HTTP/1.1)
HTTP/1.1 200 OK
Content-Length: 335008
Content-Type: application/json; charset=utf-8
cache-control: no-cache

00:34:37.534 [AsyncHttpClient-1-8] DEBUG org.asynchttpclient.netty.channel.ChannelManager - Adding key: http://localhost:45059 for channel [id: 0x9cfea8e9, L:/127.0.0.1:61724 - R:localhost/127.0.0.1:45059]
00:34:37.556 [Forwarding findElement on session 79c31d8f16207cc13330e17370b034f2 to remote] DEBUG org.asynchttpclient.netty.request.NettyRequestSender - Using pooled Channel '[id: 0x9cfea8e9, L:/127.0.0.1:61724 - R:localhost/127.0.0.1:45059]' for 'POST' to 'http://localhost:45059/session/79c31d8f16207cc13330e17370b034f2/element'
00:34:37.556 [Forwarding findElement on session 79c31d8f16207cc13330e17370b034f2 to remote] DEBUG org.asynchttpclient.netty.request.NettyRequestSender - Using open Channel [id: 0x9cfea8e9, L:/127.0.0.1:61724 - R:localhost/127.0.0.1:45059] for POST '/session/79c31d8f16207cc13330e17370b034f2/element'
00:34:37.580 [AsyncHttpClient-1-8] DEBUG org.asynchttpclient.netty.handler.HttpHandler - 

Request DefaultHttpRequest(decodeResult: success, version: HTTP/1.1)
POST /session/79c31d8f16207cc13330e17370b034f2/element HTTP/1.1
User-Agent: selenium/4.12.0 (java windows)
Content-Length: 178
Content-Type: application/json; charset=utf-8
host: localhost:45059
accept: */*

Response DefaultHttpResponse(decodeResult: success, version: HTTP/1.1)
HTTP/1.1 200 OK
Content-Length: 126
Content-Type: application/json; charset=utf-8
cache-control: no-cache

00:34:37.580 [AsyncHttpClient-1-8] DEBUG org.asynchttpclient.netty.channel.ChannelManager - Adding key: http://localhost:45059 for channel [id: 0x9cfea8e9, L:/127.0.0.1:61724 - R:localhost/127.0.0.1:45059]
00:34:37.581 [Forwarding getElementText on session 79c31d8f16207cc13330e17370b034f2 to remote] DEBUG org.asynchttpclient.netty.request.NettyRequestSender - Using pooled Channel '[id: 0x9cfea8e9, L:/127.0.0.1:61724 - R:localhost/127.0.0.1:45059]' for 'GET' to 'http://localhost:45059/session/79c31d8f16207cc13330e17370b034f2/element/f.29F1B365C5160408A239DD54CDE2A979.d.AD53EB8CB3345712C7628A225525713A.e.35/text'
00:34:37.581 [Forwarding getElementText on session 79c31d8f16207cc13330e17370b034f2 to remote] DEBUG org.asynchttpclient.netty.request.NettyRequestSender - Using open Channel [id: 0x9cfea8e9, L:/127.0.0.1:61724 - R:localhost/127.0.0.1:45059] for GET '/session/79c31d8f16207cc13330e17370b034f2/element/f.29F1B365C5160408A239DD54CDE2A979.d.AD53EB8CB3345712C7628A225525713A.e.35/text'
00:34:37.591 [AsyncHttpClient-1-8] DEBUG org.asynchttpclient.netty.handler.HttpHandler - 

Request DefaultFullHttpRequest(decodeResult: success, version: HTTP/1.1, content: EmptyByteBufBE)
GET /session/79c31d8f16207cc13330e17370b034f2/element/f.29F1B365C5160408A239DD54CDE2A979.d.AD53EB8CB3345712C7628A225525713A.e.35/text HTTP/1.1
Cache-Control: no-cache
User-Agent: selenium/4.12.0 (java windows)
Content-Type: application/json; charset=utf-8
host: localhost:45059
accept: */*

Response DefaultHttpResponse(decodeResult: success, version: HTTP/1.1)
HTTP/1.1 200 OK
Content-Length: 28
Content-Type: application/json; charset=utf-8
cache-control: no-cache

00:34:37.592 [AsyncHttpClient-1-8] DEBUG org.asynchttpclient.netty.channel.ChannelManager - Adding key: http://localhost:45059 for channel [id: 0x9cfea8e9, L:/127.0.0.1:61724 - R:localhost/127.0.0.1:45059]
00:34:37.592 [Forwarding findElement on session 79c31d8f16207cc13330e17370b034f2 to remote] DEBUG org.asynchttpclient.netty.request.NettyRequestSender - Using pooled Channel '[id: 0x9cfea8e9, L:/127.0.0.1:61724 - R:localhost/127.0.0.1:45059]' for 'POST' to 'http://localhost:45059/session/79c31d8f16207cc13330e17370b034f2/element'
00:34:37.592 [Forwarding findElement on session 79c31d8f16207cc13330e17370b034f2 to remote] DEBUG org.asynchttpclient.netty.request.NettyRequestSender - Using open Channel [id: 0x9cfea8e9, L:/127.0.0.1:61724 - R:localhost/127.0.0.1:45059] for POST '/session/79c31d8f16207cc13330e17370b034f2/element'
00:34:37.594 [AsyncHttpClient-1-8] DEBUG org.asynchttpclient.netty.handler.HttpHandler - 

Request DefaultHttpRequest(decodeResult: success, version: HTTP/1.1)
POST /session/79c31d8f16207cc13330e17370b034f2/element HTTP/1.1
User-Agent: selenium/4.12.0 (java windows)
Content-Length: 178
Content-Type: application/json; charset=utf-8
host: localhost:45059
accept: */*

Response DefaultHttpResponse(decodeResult: success, version: HTTP/1.1)
HTTP/1.1 200 OK
Content-Length: 126
Content-Type: application/json; charset=utf-8
cache-control: no-cache

00:34:37.594 [AsyncHttpClient-1-8] DEBUG org.asynchttpclient.netty.channel.ChannelManager - Adding key: http://localhost:45059 for channel [id: 0x9cfea8e9, L:/127.0.0.1:61724 - R:localhost/127.0.0.1:45059]
00:34:37.603 [Forwarding clickElement on session 79c31d8f16207cc13330e17370b034f2 to remote] DEBUG org.asynchttpclient.netty.request.NettyRequestSender - Using pooled Channel '[id: 0x9cfea8e9, L:/127.0.0.1:61724 - R:localhost/127.0.0.1:45059]' for 'POST' to 'http://localhost:45059/session/79c31d8f16207cc13330e17370b034f2/element/f.29F1B365C5160408A239DD54CDE2A979.d.AD53EB8CB3345712C7628A225525713A.e.35/click'
00:34:37.603 [Forwarding clickElement on session 79c31d8f16207cc13330e17370b034f2 to remote] DEBUG org.asynchttpclient.netty.request.NettyRequestSender - Using open Channel [id: 0x9cfea8e9, L:/127.0.0.1:61724 - R:localhost/127.0.0.1:45059] for POST '/session/79c31d8f16207cc13330e17370b034f2/element/f.29F1B365C5160408A239DD54CDE2A979.d.AD53EB8CB3345712C7628A225525713A.e.35/click'
00:34:37.681 [AsyncHttpClient-1-8] DEBUG org.asynchttpclient.netty.handler.HttpHandler - 

Request DefaultHttpRequest(decodeResult: success, version: HTTP/1.1)
POST /session/79c31d8f16207cc13330e17370b034f2/element/f.29F1B365C5160408A239DD54CDE2A979.d.AD53EB8CB3345712C7628A225525713A.e.35/click HTTP/1.1
User-Agent: selenium/4.12.0 (java windows)
Content-Length: 88
Content-Type: application/json; charset=utf-8
host: localhost:45059
accept: */*

Response DefaultHttpResponse(decodeResult: success, version: HTTP/1.1)
HTTP/1.1 200 OK
Content-Length: 14
Content-Type: application/json; charset=utf-8
cache-control: no-cache

00:34:37.682 [AsyncHttpClient-1-8] DEBUG org.asynchttpclient.netty.channel.ChannelManager - Adding key: http://localhost:45059 for channel [id: 0x9cfea8e9, L:/127.0.0.1:61724 - R:localhost/127.0.0.1:45059]
  When Open customer form                                        # StepDefination.Customer_onboarding.Open_customer_form()
00:34:38.017 [AsyncHttpClient-1-1] DEBUG org.asynchttpclient.netty.channel.DefaultChannelPool - Entry count for : http://localhost:61725 : 1
00:34:38.017 [AsyncHttpClient-1-1] DEBUG org.asynchttpclient.netty.channel.DefaultChannelPool - Entry count for : http://localhost:45059 : 1
00:34:38.696 [Forwarding findElement on session 79c31d8f16207cc13330e17370b034f2 to remote] DEBUG org.asynchttpclient.netty.request.NettyRequestSender - Using pooled Channel '[id: 0x9cfea8e9, L:/127.0.0.1:61724 - R:localhost/127.0.0.1:45059]' for 'POST' to 'http://localhost:45059/session/79c31d8f16207cc13330e17370b034f2/element'
00:34:38.696 [Forwarding findElement on session 79c31d8f16207cc13330e17370b034f2 to remote] DEBUG org.asynchttpclient.netty.request.NettyRequestSender - Using open Channel [id: 0x9cfea8e9, L:/127.0.0.1:61724 - R:localhost/127.0.0.1:45059] for POST '/session/79c31d8f16207cc13330e17370b034f2/element'
00:34:38.714 [AsyncHttpClient-1-8] DEBUG org.asynchttpclient.netty.handler.HttpHandler - 

Request DefaultHttpRequest(decodeResult: success, version: HTTP/1.1)
POST /session/79c31d8f16207cc13330e17370b034f2/element HTTP/1.1
User-Agent: selenium/4.12.0 (java windows)
Content-Length: 82
Content-Type: application/json; charset=utf-8
host: localhost:45059
accept: */*

Response DefaultHttpResponse(decodeResult: success, version: HTTP/1.1)
HTTP/1.1 200 OK
Content-Length: 126
Content-Type: application/json; charset=utf-8
cache-control: no-cache

00:34:38.714 [AsyncHttpClient-1-8] DEBUG org.asynchttpclient.netty.channel.ChannelManager - Adding key: http://localhost:45059 for channel [id: 0x9cfea8e9, L:/127.0.0.1:61724 - R:localhost/127.0.0.1:45059]
00:34:38.714 [Forwarding sendKeysToElement on session 79c31d8f16207cc13330e17370b034f2 to remote] DEBUG org.asynchttpclient.netty.request.NettyRequestSender - Using pooled Channel '[id: 0x9cfea8e9, L:/127.0.0.1:61724 - R:localhost/127.0.0.1:45059]' for 'POST' to 'http://localhost:45059/session/79c31d8f16207cc13330e17370b034f2/element/f.29F1B365C5160408A239DD54CDE2A979.d.AD53EB8CB3345712C7628A225525713A.e.41/value'
00:34:38.714 [Forwarding sendKeysToElement on session 79c31d8f16207cc13330e17370b034f2 to remote] DEBUG org.asynchttpclient.netty.request.NettyRequestSender - Using open Channel [id: 0x9cfea8e9, L:/127.0.0.1:61724 - R:localhost/127.0.0.1:45059] for POST '/session/79c31d8f16207cc13330e17370b034f2/element/f.29F1B365C5160408A239DD54CDE2A979.d.AD53EB8CB3345712C7628A225525713A.e.41/value'
00:34:38.983 [AsyncHttpClient-1-8] DEBUG org.asynchttpclient.netty.handler.HttpHandler - 

Request DefaultHttpRequest(decodeResult: success, version: HTTP/1.1)
POST /session/79c31d8f16207cc13330e17370b034f2/element/f.29F1B365C5160408A239DD54CDE2A979.d.AD53EB8CB3345712C7628A225525713A.e.41/value HTTP/1.1
User-Agent: selenium/4.12.0 (java windows)
Content-Length: 259
Content-Type: application/json; charset=utf-8
host: localhost:45059
accept: */*

Response DefaultHttpResponse(decodeResult: success, version: HTTP/1.1)
HTTP/1.1 200 OK
Content-Length: 14
Content-Type: application/json; charset=utf-8
cache-control: no-cache

00:34:38.984 [AsyncHttpClient-1-8] DEBUG org.asynchttpclient.netty.channel.ChannelManager - Adding key: http://localhost:45059 for channel [id: 0x9cfea8e9, L:/127.0.0.1:61724 - R:localhost/127.0.0.1:45059]
00:34:38.984 [Forwarding findElement on session 79c31d8f16207cc13330e17370b034f2 to remote] DEBUG org.asynchttpclient.netty.request.NettyRequestSender - Using pooled Channel '[id: 0x9cfea8e9, L:/127.0.0.1:61724 - R:localhost/127.0.0.1:45059]' for 'POST' to 'http://localhost:45059/session/79c31d8f16207cc13330e17370b034f2/element'
00:34:38.984 [Forwarding findElement on session 79c31d8f16207cc13330e17370b034f2 to remote] DEBUG org.asynchttpclient.netty.request.NettyRequestSender - Using open Channel [id: 0x9cfea8e9, L:/127.0.0.1:61724 - R:localhost/127.0.0.1:45059] for POST '/session/79c31d8f16207cc13330e17370b034f2/element'
00:34:39.010 [AsyncHttpClient-1-8] DEBUG org.asynchttpclient.netty.handler.HttpHandler - 

Request DefaultHttpRequest(decodeResult: success, version: HTTP/1.1)
POST /session/79c31d8f16207cc13330e17370b034f2/element HTTP/1.1
User-Agent: selenium/4.12.0 (java windows)
Content-Length: 89
Content-Type: application/json; charset=utf-8
host: localhost:45059
accept: */*

Response DefaultHttpResponse(decodeResult: success, version: HTTP/1.1)
HTTP/1.1 200 OK
Content-Length: 126
Content-Type: application/json; charset=utf-8
cache-control: no-cache

00:34:39.010 [AsyncHttpClient-1-8] DEBUG org.asynchttpclient.netty.channel.ChannelManager - Adding key: http://localhost:45059 for channel [id: 0x9cfea8e9, L:/127.0.0.1:61724 - R:localhost/127.0.0.1:45059]
00:34:39.010 [Forwarding sendKeysToElement on session 79c31d8f16207cc13330e17370b034f2 to remote] DEBUG org.asynchttpclient.netty.request.NettyRequestSender - Using pooled Channel '[id: 0x9cfea8e9, L:/127.0.0.1:61724 - R:localhost/127.0.0.1:45059]' for 'POST' to 'http://localhost:45059/session/79c31d8f16207cc13330e17370b034f2/element/f.29F1B365C5160408A239DD54CDE2A979.d.AD53EB8CB3345712C7628A225525713A.e.43/value'
00:34:39.010 [Forwarding sendKeysToElement on session 79c31d8f16207cc13330e17370b034f2 to remote] DEBUG org.asynchttpclient.netty.request.NettyRequestSender - Using open Channel [id: 0x9cfea8e9, L:/127.0.0.1:61724 - R:localhost/127.0.0.1:45059] for POST '/session/79c31d8f16207cc13330e17370b034f2/element/f.29F1B365C5160408A239DD54CDE2A979.d.AD53EB8CB3345712C7628A225525713A.e.43/value'
00:34:39.114 [AsyncHttpClient-1-1] DEBUG org.asynchttpclient.netty.channel.DefaultChannelPool - Entry count for : http://localhost:61725 : 1
00:34:39.228 [AsyncHttpClient-1-8] DEBUG org.asynchttpclient.netty.handler.HttpHandler - 

Request DefaultHttpRequest(decodeResult: success, version: HTTP/1.1)
POST /session/79c31d8f16207cc13330e17370b034f2/element/f.29F1B365C5160408A239DD54CDE2A979.d.AD53EB8CB3345712C7628A225525713A.e.43/value HTTP/1.1
User-Agent: selenium/4.12.0 (java windows)
Content-Length: 219
Content-Type: application/json; charset=utf-8
host: localhost:45059
accept: */*

Response DefaultHttpResponse(decodeResult: success, version: HTTP/1.1)
HTTP/1.1 200 OK
Content-Length: 14
Content-Type: application/json; charset=utf-8
cache-control: no-cache

00:34:39.228 [AsyncHttpClient-1-8] DEBUG org.asynchttpclient.netty.channel.ChannelManager - Adding key: http://localhost:45059 for channel [id: 0x9cfea8e9, L:/127.0.0.1:61724 - R:localhost/127.0.0.1:45059]
00:34:39.228 [Forwarding screenshot on session 79c31d8f16207cc13330e17370b034f2 to remote] DEBUG org.asynchttpclient.netty.request.NettyRequestSender - Using pooled Channel '[id: 0x9cfea8e9, L:/127.0.0.1:61724 - R:localhost/127.0.0.1:45059]' for 'GET' to 'http://localhost:45059/session/79c31d8f16207cc13330e17370b034f2/screenshot'
00:34:39.228 [Forwarding screenshot on session 79c31d8f16207cc13330e17370b034f2 to remote] DEBUG org.asynchttpclient.netty.request.NettyRequestSender - Using open Channel [id: 0x9cfea8e9, L:/127.0.0.1:61724 - R:localhost/127.0.0.1:45059] for GET '/session/79c31d8f16207cc13330e17370b034f2/screenshot'
00:34:39.438 [AsyncHttpClient-1-8] DEBUG org.asynchttpclient.netty.handler.HttpHandler - 

Request DefaultFullHttpRequest(decodeResult: success, version: HTTP/1.1, content: EmptyByteBufBE)
GET /session/79c31d8f16207cc13330e17370b034f2/screenshot HTTP/1.1
Cache-Control: no-cache
User-Agent: selenium/4.12.0 (java windows)
Content-Type: application/json; charset=utf-8
host: localhost:45059
accept: */*

Response DefaultHttpResponse(decodeResult: success, version: HTTP/1.1)
HTTP/1.1 200 OK
Content-Length: 329372
Content-Type: application/json; charset=utf-8
cache-control: no-cache

00:34:39.438 [AsyncHttpClient-1-8] DEBUG org.asynchttpclient.netty.channel.ChannelManager - Adding key: http://localhost:45059 for channel [id: 0x9cfea8e9, L:/127.0.0.1:61724 - R:localhost/127.0.0.1:45059]
  And Provide the contact Details9865768576 royal@mail.com       # StepDefination.Customer_onboarding.Provide_the_contact_Details(java.lang.String,java.lang.String)
00:34:39.454 [Forwarding findElement on session 79c31d8f16207cc13330e17370b034f2 to remote] DEBUG org.asynchttpclient.netty.request.NettyRequestSender - Using pooled Channel '[id: 0x9cfea8e9, L:/127.0.0.1:61724 - R:localhost/127.0.0.1:45059]' for 'POST' to 'http://localhost:45059/session/79c31d8f16207cc13330e17370b034f2/element'
00:34:39.454 [Forwarding findElement on session 79c31d8f16207cc13330e17370b034f2 to remote] DEBUG org.asynchttpclient.netty.request.NettyRequestSender - Using open Channel [id: 0x9cfea8e9, L:/127.0.0.1:61724 - R:localhost/127.0.0.1:45059] for POST '/session/79c31d8f16207cc13330e17370b034f2/element'
00:34:39.484 [AsyncHttpClient-1-8] DEBUG org.asynchttpclient.netty.handler.HttpHandler - 

Request DefaultHttpRequest(decodeResult: success, version: HTTP/1.1)
POST /session/79c31d8f16207cc13330e17370b034f2/element HTTP/1.1
User-Agent: selenium/4.12.0 (java windows)
Content-Length: 88
Content-Type: application/json; charset=utf-8
host: localhost:45059
accept: */*

Response DefaultHttpResponse(decodeResult: success, version: HTTP/1.1)
HTTP/1.1 200 OK
Content-Length: 126
Content-Type: application/json; charset=utf-8
cache-control: no-cache

00:34:39.484 [AsyncHttpClient-1-8] DEBUG org.asynchttpclient.netty.channel.ChannelManager - Adding key: http://localhost:45059 for channel [id: 0x9cfea8e9, L:/127.0.0.1:61724 - R:localhost/127.0.0.1:45059]
00:34:39.486 [Forwarding sendKeysToElement on session 79c31d8f16207cc13330e17370b034f2 to remote] DEBUG org.asynchttpclient.netty.request.NettyRequestSender - Using pooled Channel '[id: 0x9cfea8e9, L:/127.0.0.1:61724 - R:localhost/127.0.0.1:45059]' for 'POST' to 'http://localhost:45059/session/79c31d8f16207cc13330e17370b034f2/element/f.29F1B365C5160408A239DD54CDE2A979.d.AD53EB8CB3345712C7628A225525713A.e.46/value'
00:34:39.486 [Forwarding sendKeysToElement on session 79c31d8f16207cc13330e17370b034f2 to remote] DEBUG org.asynchttpclient.netty.request.NettyRequestSender - Using open Channel [id: 0x9cfea8e9, L:/127.0.0.1:61724 - R:localhost/127.0.0.1:45059] for POST '/session/79c31d8f16207cc13330e17370b034f2/element/f.29F1B365C5160408A239DD54CDE2A979.d.AD53EB8CB3345712C7628A225525713A.e.46/value'
00:34:39.708 [AsyncHttpClient-1-8] DEBUG org.asynchttpclient.netty.handler.HttpHandler - 

Request DefaultHttpRequest(decodeResult: success, version: HTTP/1.1)
POST /session/79c31d8f16207cc13330e17370b034f2/element/f.29F1B365C5160408A239DD54CDE2A979.d.AD53EB8CB3345712C7628A225525713A.e.46/value HTTP/1.1
User-Agent: selenium/4.12.0 (java windows)
Content-Length: 259
Content-Type: application/json; charset=utf-8
host: localhost:45059
accept: */*

Response DefaultHttpResponse(decodeResult: success, version: HTTP/1.1)
HTTP/1.1 200 OK
Content-Length: 14
Content-Type: application/json; charset=utf-8
cache-control: no-cache

00:34:39.708 [AsyncHttpClient-1-8] DEBUG org.asynchttpclient.netty.channel.ChannelManager - Adding key: http://localhost:45059 for channel [id: 0x9cfea8e9, L:/127.0.0.1:61724 - R:localhost/127.0.0.1:45059]
00:34:39.708 [Forwarding findElement on session 79c31d8f16207cc13330e17370b034f2 to remote] DEBUG org.asynchttpclient.netty.request.NettyRequestSender - Using pooled Channel '[id: 0x9cfea8e9, L:/127.0.0.1:61724 - R:localhost/127.0.0.1:45059]' for 'POST' to 'http://localhost:45059/session/79c31d8f16207cc13330e17370b034f2/element'
00:34:39.708 [Forwarding findElement on session 79c31d8f16207cc13330e17370b034f2 to remote] DEBUG org.asynchttpclient.netty.request.NettyRequestSender - Using open Channel [id: 0x9cfea8e9, L:/127.0.0.1:61724 - R:localhost/127.0.0.1:45059] for POST '/session/79c31d8f16207cc13330e17370b034f2/element'
00:34:39.728 [AsyncHttpClient-1-8] DEBUG org.asynchttpclient.netty.handler.HttpHandler - 

Request DefaultHttpRequest(decodeResult: success, version: HTTP/1.1)
POST /session/79c31d8f16207cc13330e17370b034f2/element HTTP/1.1
User-Agent: selenium/4.12.0 (java windows)
Content-Length: 75
Content-Type: application/json; charset=utf-8
host: localhost:45059
accept: */*

Response DefaultHttpResponse(decodeResult: success, version: HTTP/1.1)
HTTP/1.1 200 OK
Content-Length: 126
Content-Type: application/json; charset=utf-8
cache-control: no-cache

00:34:39.728 [AsyncHttpClient-1-8] DEBUG org.asynchttpclient.netty.channel.ChannelManager - Adding key: http://localhost:45059 for channel [id: 0x9cfea8e9, L:/127.0.0.1:61724 - R:localhost/127.0.0.1:45059]
00:34:39.728 [Forwarding sendKeysToElement on session 79c31d8f16207cc13330e17370b034f2 to remote] DEBUG org.asynchttpclient.netty.request.NettyRequestSender - Using pooled Channel '[id: 0x9cfea8e9, L:/127.0.0.1:61724 - R:localhost/127.0.0.1:45059]' for 'POST' to 'http://localhost:45059/session/79c31d8f16207cc13330e17370b034f2/element/f.29F1B365C5160408A239DD54CDE2A979.d.AD53EB8CB3345712C7628A225525713A.e.47/value'
00:34:39.728 [Forwarding sendKeysToElement on session 79c31d8f16207cc13330e17370b034f2 to remote] DEBUG org.asynchttpclient.netty.request.NettyRequestSender - Using open Channel [id: 0x9cfea8e9, L:/127.0.0.1:61724 - R:localhost/127.0.0.1:45059] for POST '/session/79c31d8f16207cc13330e17370b034f2/element/f.29F1B365C5160408A239DD54CDE2A979.d.AD53EB8CB3345712C7628A225525713A.e.47/value'
00:34:39.813 [AsyncHttpClient-1-8] DEBUG org.asynchttpclient.netty.handler.HttpHandler - 

Request DefaultHttpRequest(decodeResult: success, version: HTTP/1.1)
POST /session/79c31d8f16207cc13330e17370b034f2/element/f.29F1B365C5160408A239DD54CDE2A979.d.AD53EB8CB3345712C7628A225525713A.e.47/value HTTP/1.1
User-Agent: selenium/4.12.0 (java windows)
Content-Length: 139
Content-Type: application/json; charset=utf-8
host: localhost:45059
accept: */*

Response DefaultHttpResponse(decodeResult: success, version: HTTP/1.1)
HTTP/1.1 200 OK
Content-Length: 14
Content-Type: application/json; charset=utf-8
cache-control: no-cache

00:34:39.813 [AsyncHttpClient-1-8] DEBUG org.asynchttpclient.netty.channel.ChannelManager - Adding key: http://localhost:45059 for channel [id: 0x9cfea8e9, L:/127.0.0.1:61724 - R:localhost/127.0.0.1:45059]
00:34:39.813 [Forwarding findElement on session 79c31d8f16207cc13330e17370b034f2 to remote] DEBUG org.asynchttpclient.netty.request.NettyRequestSender - Using pooled Channel '[id: 0x9cfea8e9, L:/127.0.0.1:61724 - R:localhost/127.0.0.1:45059]' for 'POST' to 'http://localhost:45059/session/79c31d8f16207cc13330e17370b034f2/element'
00:34:39.813 [Forwarding findElement on session 79c31d8f16207cc13330e17370b034f2 to remote] DEBUG org.asynchttpclient.netty.request.NettyRequestSender - Using open Channel [id: 0x9cfea8e9, L:/127.0.0.1:61724 - R:localhost/127.0.0.1:45059] for POST '/session/79c31d8f16207cc13330e17370b034f2/element'
00:34:39.828 [AsyncHttpClient-1-8] DEBUG org.asynchttpclient.netty.handler.HttpHandler - 

Request DefaultHttpRequest(decodeResult: success, version: HTTP/1.1)
POST /session/79c31d8f16207cc13330e17370b034f2/element HTTP/1.1
User-Agent: selenium/4.12.0 (java windows)
Content-Length: 90
Content-Type: application/json; charset=utf-8
host: localhost:45059
accept: */*

Response DefaultHttpResponse(decodeResult: success, version: HTTP/1.1)
HTTP/1.1 200 OK
Content-Length: 126
Content-Type: application/json; charset=utf-8
cache-control: no-cache

00:34:39.828 [AsyncHttpClient-1-8] DEBUG org.asynchttpclient.netty.channel.ChannelManager - Adding key: http://localhost:45059 for channel [id: 0x9cfea8e9, L:/127.0.0.1:61724 - R:localhost/127.0.0.1:45059]
00:34:39.828 [Forwarding sendKeysToElement on session 79c31d8f16207cc13330e17370b034f2 to remote] DEBUG org.asynchttpclient.netty.request.NettyRequestSender - Using pooled Channel '[id: 0x9cfea8e9, L:/127.0.0.1:61724 - R:localhost/127.0.0.1:45059]' for 'POST' to 'http://localhost:45059/session/79c31d8f16207cc13330e17370b034f2/element/f.29F1B365C5160408A239DD54CDE2A979.d.AD53EB8CB3345712C7628A225525713A.e.48/value'
00:34:39.828 [Forwarding sendKeysToElement on session 79c31d8f16207cc13330e17370b034f2 to remote] DEBUG org.asynchttpclient.netty.request.NettyRequestSender - Using open Channel [id: 0x9cfea8e9, L:/127.0.0.1:61724 - R:localhost/127.0.0.1:45059] for POST '/session/79c31d8f16207cc13330e17370b034f2/element/f.29F1B365C5160408A239DD54CDE2A979.d.AD53EB8CB3345712C7628A225525713A.e.48/value'
00:34:39.921 [AsyncHttpClient-1-8] DEBUG org.asynchttpclient.netty.handler.HttpHandler - 

Request DefaultHttpRequest(decodeResult: success, version: HTTP/1.1)
POST /session/79c31d8f16207cc13330e17370b034f2/element/f.29F1B365C5160408A239DD54CDE2A979.d.AD53EB8CB3345712C7628A225525713A.e.48/value HTTP/1.1
User-Agent: selenium/4.12.0 (java windows)
Content-Length: 139
Content-Type: application/json; charset=utf-8
host: localhost:45059
accept: */*

Response DefaultHttpResponse(decodeResult: success, version: HTTP/1.1)
HTTP/1.1 200 OK
Content-Length: 14
Content-Type: application/json; charset=utf-8
cache-control: no-cache

00:34:39.922 [AsyncHttpClient-1-8] DEBUG org.asynchttpclient.netty.channel.ChannelManager - Adding key: http://localhost:45059 for channel [id: 0x9cfea8e9, L:/127.0.0.1:61724 - R:localhost/127.0.0.1:45059]
00:34:39.923 [Forwarding findElement on session 79c31d8f16207cc13330e17370b034f2 to remote] DEBUG org.asynchttpclient.netty.request.NettyRequestSender - Using pooled Channel '[id: 0x9cfea8e9, L:/127.0.0.1:61724 - R:localhost/127.0.0.1:45059]' for 'POST' to 'http://localhost:45059/session/79c31d8f16207cc13330e17370b034f2/element'
00:34:39.923 [Forwarding findElement on session 79c31d8f16207cc13330e17370b034f2 to remote] DEBUG org.asynchttpclient.netty.request.NettyRequestSender - Using open Channel [id: 0x9cfea8e9, L:/127.0.0.1:61724 - R:localhost/127.0.0.1:45059] for POST '/session/79c31d8f16207cc13330e17370b034f2/element'
00:34:39.939 [AsyncHttpClient-1-8] DEBUG org.asynchttpclient.netty.handler.HttpHandler - 

Request DefaultHttpRequest(decodeResult: success, version: HTTP/1.1)
POST /session/79c31d8f16207cc13330e17370b034f2/element HTTP/1.1
User-Agent: selenium/4.12.0 (java windows)
Content-Length: 96
Content-Type: application/json; charset=utf-8
host: localhost:45059
accept: */*

Response DefaultHttpResponse(decodeResult: success, version: HTTP/1.1)
HTTP/1.1 200 OK
Content-Length: 126
Content-Type: application/json; charset=utf-8
cache-control: no-cache

00:34:39.939 [AsyncHttpClient-1-8] DEBUG org.asynchttpclient.netty.channel.ChannelManager - Adding key: http://localhost:45059 for channel [id: 0x9cfea8e9, L:/127.0.0.1:61724 - R:localhost/127.0.0.1:45059]
00:34:39.939 [Forwarding sendKeysToElement on session 79c31d8f16207cc13330e17370b034f2 to remote] DEBUG org.asynchttpclient.netty.request.NettyRequestSender - Using pooled Channel '[id: 0x9cfea8e9, L:/127.0.0.1:61724 - R:localhost/127.0.0.1:45059]' for 'POST' to 'http://localhost:45059/session/79c31d8f16207cc13330e17370b034f2/element/f.29F1B365C5160408A239DD54CDE2A979.d.AD53EB8CB3345712C7628A225525713A.e.49/value'
00:34:39.939 [Forwarding sendKeysToElement on session 79c31d8f16207cc13330e17370b034f2 to remote] DEBUG org.asynchttpclient.netty.request.NettyRequestSender - Using open Channel [id: 0x9cfea8e9, L:/127.0.0.1:61724 - R:localhost/127.0.0.1:45059] for POST '/session/79c31d8f16207cc13330e17370b034f2/element/f.29F1B365C5160408A239DD54CDE2A979.d.AD53EB8CB3345712C7628A225525713A.e.49/value'
00:34:40.067 [AsyncHttpClient-1-8] DEBUG org.asynchttpclient.netty.handler.HttpHandler - 

Request DefaultHttpRequest(decodeResult: success, version: HTTP/1.1)
POST /session/79c31d8f16207cc13330e17370b034f2/element/f.29F1B365C5160408A239DD54CDE2A979.d.AD53EB8CB3345712C7628A225525713A.e.49/value HTTP/1.1
User-Agent: selenium/4.12.0 (java windows)
Content-Length: 179
Content-Type: application/json; charset=utf-8
host: localhost:45059
accept: */*

Response DefaultHttpResponse(decodeResult: success, version: HTTP/1.1)
HTTP/1.1 200 OK
Content-Length: 14
Content-Type: application/json; charset=utf-8
cache-control: no-cache

00:34:40.067 [AsyncHttpClient-1-8] DEBUG org.asynchttpclient.netty.channel.ChannelManager - Adding key: http://localhost:45059 for channel [id: 0x9cfea8e9, L:/127.0.0.1:61724 - R:localhost/127.0.0.1:45059]
00:34:40.070 [Forwarding findElement on session 79c31d8f16207cc13330e17370b034f2 to remote] DEBUG org.asynchttpclient.netty.request.NettyRequestSender - Using pooled Channel '[id: 0x9cfea8e9, L:/127.0.0.1:61724 - R:localhost/127.0.0.1:45059]' for 'POST' to 'http://localhost:45059/session/79c31d8f16207cc13330e17370b034f2/element'
00:34:40.070 [Forwarding findElement on session 79c31d8f16207cc13330e17370b034f2 to remote] DEBUG org.asynchttpclient.netty.request.NettyRequestSender - Using open Channel [id: 0x9cfea8e9, L:/127.0.0.1:61724 - R:localhost/127.0.0.1:45059] for POST '/session/79c31d8f16207cc13330e17370b034f2/element'
00:34:40.086 [AsyncHttpClient-1-8] DEBUG org.asynchttpclient.netty.handler.HttpHandler - 

Request DefaultHttpRequest(decodeResult: success, version: HTTP/1.1)
POST /session/79c31d8f16207cc13330e17370b034f2/element HTTP/1.1
User-Agent: selenium/4.12.0 (java windows)
Content-Length: 78
Content-Type: application/json; charset=utf-8
host: localhost:45059
accept: */*

Response DefaultHttpResponse(decodeResult: success, version: HTTP/1.1)
HTTP/1.1 200 OK
Content-Length: 126
Content-Type: application/json; charset=utf-8
cache-control: no-cache

00:34:40.087 [AsyncHttpClient-1-8] DEBUG org.asynchttpclient.netty.channel.ChannelManager - Adding key: http://localhost:45059 for channel [id: 0x9cfea8e9, L:/127.0.0.1:61724 - R:localhost/127.0.0.1:45059]
00:34:40.092 [Forwarding sendKeysToElement on session 79c31d8f16207cc13330e17370b034f2 to remote] DEBUG org.asynchttpclient.netty.request.NettyRequestSender - Using pooled Channel '[id: 0x9cfea8e9, L:/127.0.0.1:61724 - R:localhost/127.0.0.1:45059]' for 'POST' to 'http://localhost:45059/session/79c31d8f16207cc13330e17370b034f2/element/f.29F1B365C5160408A239DD54CDE2A979.d.AD53EB8CB3345712C7628A225525713A.e.50/value'
00:34:40.092 [Forwarding sendKeysToElement on session 79c31d8f16207cc13330e17370b034f2 to remote] DEBUG org.asynchttpclient.netty.request.NettyRequestSender - Using open Channel [id: 0x9cfea8e9, L:/127.0.0.1:61724 - R:localhost/127.0.0.1:45059] for POST '/session/79c31d8f16207cc13330e17370b034f2/element/f.29F1B365C5160408A239DD54CDE2A979.d.AD53EB8CB3345712C7628A225525713A.e.50/value'
00:34:40.200 [AsyncHttpClient-1-8] DEBUG org.asynchttpclient.netty.handler.HttpHandler - 

Request DefaultHttpRequest(decodeResult: success, version: HTTP/1.1)
POST /session/79c31d8f16207cc13330e17370b034f2/element/f.29F1B365C5160408A239DD54CDE2A979.d.AD53EB8CB3345712C7628A225525713A.e.50/value HTTP/1.1
User-Agent: selenium/4.12.0 (java windows)
Content-Length: 149
Content-Type: application/json; charset=utf-8
host: localhost:45059
accept: */*

Response DefaultHttpResponse(decodeResult: success, version: HTTP/1.1)
HTTP/1.1 200 OK
Content-Length: 14
Content-Type: application/json; charset=utf-8
cache-control: no-cache

00:34:40.202 [AsyncHttpClient-1-8] DEBUG org.asynchttpclient.netty.channel.ChannelManager - Adding key: http://localhost:45059 for channel [id: 0x9cfea8e9, L:/127.0.0.1:61724 - R:localhost/127.0.0.1:45059]
00:34:40.222 [AsyncHttpClient-1-1] DEBUG org.asynchttpclient.netty.channel.DefaultChannelPool - Entry count for : http://localhost:61725 : 1
00:34:40.222 [AsyncHttpClient-1-1] DEBUG org.asynchttpclient.netty.channel.DefaultChannelPool - Entry count for : http://localhost:45059 : 1
00:34:40.711 [Forwarding screenshot on session 79c31d8f16207cc13330e17370b034f2 to remote] DEBUG org.asynchttpclient.netty.request.NettyRequestSender - Using pooled Channel '[id: 0x9cfea8e9, L:/127.0.0.1:61724 - R:localhost/127.0.0.1:45059]' for 'GET' to 'http://localhost:45059/session/79c31d8f16207cc13330e17370b034f2/screenshot'
00:34:40.711 [Forwarding screenshot on session 79c31d8f16207cc13330e17370b034f2 to remote] DEBUG org.asynchttpclient.netty.request.NettyRequestSender - Using open Channel [id: 0x9cfea8e9, L:/127.0.0.1:61724 - R:localhost/127.0.0.1:45059] for GET '/session/79c31d8f16207cc13330e17370b034f2/screenshot'
00:34:40.889 [AsyncHttpClient-1-8] DEBUG org.asynchttpclient.netty.handler.HttpHandler - 

Request DefaultFullHttpRequest(decodeResult: success, version: HTTP/1.1, content: EmptyByteBufBE)
GET /session/79c31d8f16207cc13330e17370b034f2/screenshot HTTP/1.1
Cache-Control: no-cache
User-Agent: selenium/4.12.0 (java windows)
Content-Type: application/json; charset=utf-8
host: localhost:45059
accept: */*

Response DefaultHttpResponse(decodeResult: success, version: HTTP/1.1)
HTTP/1.1 200 OK
Content-Length: 316864
Content-Type: application/json; charset=utf-8
cache-control: no-cache

00:34:40.889 [AsyncHttpClient-1-8] DEBUG org.asynchttpclient.netty.channel.ChannelManager - Adding key: http://localhost:45059 for channel [id: 0x9cfea8e9, L:/127.0.0.1:61724 - R:localhost/127.0.0.1:45059]
  And Provide the Address DetailsMain_street001 YK FL 987678 USA # StepDefination.Customer_onboarding.Provide_the_address_Details(java.lang.String,java.lang.String,java.lang.String,java.lang.String,java.lang.String)
00:34:41.323 [AsyncHttpClient-1-1] DEBUG org.asynchttpclient.netty.channel.DefaultChannelPool - Entry count for : http://localhost:61725 : 1
00:34:41.323 [AsyncHttpClient-1-1] DEBUG org.asynchttpclient.netty.channel.DefaultChannelPool - Entry count for : http://localhost:45059 : 1
00:34:41.934 [Forwarding findElement on session 79c31d8f16207cc13330e17370b034f2 to remote] DEBUG org.asynchttpclient.netty.request.NettyRequestSender - Using pooled Channel '[id: 0x9cfea8e9, L:/127.0.0.1:61724 - R:localhost/127.0.0.1:45059]' for 'POST' to 'http://localhost:45059/session/79c31d8f16207cc13330e17370b034f2/element'
00:34:41.934 [Forwarding findElement on session 79c31d8f16207cc13330e17370b034f2 to remote] DEBUG org.asynchttpclient.netty.request.NettyRequestSender - Using open Channel [id: 0x9cfea8e9, L:/127.0.0.1:61724 - R:localhost/127.0.0.1:45059] for POST '/session/79c31d8f16207cc13330e17370b034f2/element'
00:34:41.951 [AsyncHttpClient-1-8] DEBUG org.asynchttpclient.netty.handler.HttpHandler - 

Request DefaultHttpRequest(decodeResult: success, version: HTTP/1.1)
POST /session/79c31d8f16207cc13330e17370b034f2/element HTTP/1.1
User-Agent: selenium/4.12.0 (java windows)
Content-Length: 72
Content-Type: application/json; charset=utf-8
host: localhost:45059
accept: */*

Response DefaultHttpResponse(decodeResult: success, version: HTTP/1.1)
HTTP/1.1 200 OK
Content-Length: 126
Content-Type: application/json; charset=utf-8
cache-control: no-cache

00:34:41.951 [AsyncHttpClient-1-8] DEBUG org.asynchttpclient.netty.channel.ChannelManager - Adding key: http://localhost:45059 for channel [id: 0x9cfea8e9, L:/127.0.0.1:61724 - R:localhost/127.0.0.1:45059]
00:34:41.951 [Forwarding clickElement on session 79c31d8f16207cc13330e17370b034f2 to remote] DEBUG org.asynchttpclient.netty.request.NettyRequestSender - Using pooled Channel '[id: 0x9cfea8e9, L:/127.0.0.1:61724 - R:localhost/127.0.0.1:45059]' for 'POST' to 'http://localhost:45059/session/79c31d8f16207cc13330e17370b034f2/element/f.29F1B365C5160408A239DD54CDE2A979.d.AD53EB8CB3345712C7628A225525713A.e.85/click'
00:34:41.951 [Forwarding clickElement on session 79c31d8f16207cc13330e17370b034f2 to remote] DEBUG org.asynchttpclient.netty.request.NettyRequestSender - Using open Channel [id: 0x9cfea8e9, L:/127.0.0.1:61724 - R:localhost/127.0.0.1:45059] for POST '/session/79c31d8f16207cc13330e17370b034f2/element/f.29F1B365C5160408A239DD54CDE2A979.d.AD53EB8CB3345712C7628A225525713A.e.85/click'
00:34:42.088 [AsyncHttpClient-1-8] DEBUG org.asynchttpclient.netty.handler.HttpHandler - 

Request DefaultHttpRequest(decodeResult: success, version: HTTP/1.1)
POST /session/79c31d8f16207cc13330e17370b034f2/element/f.29F1B365C5160408A239DD54CDE2A979.d.AD53EB8CB3345712C7628A225525713A.e.85/click HTTP/1.1
User-Agent: selenium/4.12.0 (java windows)
Content-Length: 88
Content-Type: application/json; charset=utf-8
host: localhost:45059
accept: */*

Response DefaultHttpResponse(decodeResult: success, version: HTTP/1.1)
HTTP/1.1 200 OK
Content-Length: 14
Content-Type: application/json; charset=utf-8
cache-control: no-cache

00:34:42.088 [AsyncHttpClient-1-8] DEBUG org.asynchttpclient.netty.channel.ChannelManager - Adding key: http://localhost:45059 for channel [id: 0x9cfea8e9, L:/127.0.0.1:61724 - R:localhost/127.0.0.1:45059]
00:34:42.417 [AsyncHttpClient-1-1] DEBUG org.asynchttpclient.netty.channel.DefaultChannelPool - Entry count for : http://localhost:61725 : 1
00:34:42.418 [AsyncHttpClient-1-1] DEBUG org.asynchttpclient.netty.channel.DefaultChannelPool - Entry count for : http://localhost:45059 : 1
00:34:42.591 [Forwarding screenshot on session 79c31d8f16207cc13330e17370b034f2 to remote] DEBUG org.asynchttpclient.netty.request.NettyRequestSender - Using pooled Channel '[id: 0x9cfea8e9, L:/127.0.0.1:61724 - R:localhost/127.0.0.1:45059]' for 'GET' to 'http://localhost:45059/session/79c31d8f16207cc13330e17370b034f2/screenshot'
00:34:42.591 [Forwarding screenshot on session 79c31d8f16207cc13330e17370b034f2 to remote] DEBUG org.asynchttpclient.netty.request.NettyRequestSender - Using open Channel [id: 0x9cfea8e9, L:/127.0.0.1:61724 - R:localhost/127.0.0.1:45059] for GET '/session/79c31d8f16207cc13330e17370b034f2/screenshot'
00:34:42.755 [AsyncHttpClient-1-8] DEBUG org.asynchttpclient.netty.handler.HttpHandler - 

Request DefaultFullHttpRequest(decodeResult: success, version: HTTP/1.1, content: EmptyByteBufBE)
GET /session/79c31d8f16207cc13330e17370b034f2/screenshot HTTP/1.1
Cache-Control: no-cache
User-Agent: selenium/4.12.0 (java windows)
Content-Type: application/json; charset=utf-8
host: localhost:45059
accept: */*

Response DefaultHttpResponse(decodeResult: success, version: HTTP/1.1)
HTTP/1.1 200 OK
Content-Length: 316096
Content-Type: application/json; charset=utf-8
cache-control: no-cache

00:34:42.755 [AsyncHttpClient-1-8] DEBUG org.asynchttpclient.netty.channel.ChannelManager - Adding key: http://localhost:45059 for channel [id: 0x9cfea8e9, L:/127.0.0.1:61724 - R:localhost/127.0.0.1:45059]
  When Submit the form                                           # StepDefination.Customer_onboarding.Submit_the_form()
00:34:42.779 [Forwarding findElement on session 79c31d8f16207cc13330e17370b034f2 to remote] DEBUG org.asynchttpclient.netty.request.NettyRequestSender - Using pooled Channel '[id: 0x9cfea8e9, L:/127.0.0.1:61724 - R:localhost/127.0.0.1:45059]' for 'POST' to 'http://localhost:45059/session/79c31d8f16207cc13330e17370b034f2/element'
00:34:42.779 [Forwarding findElement on session 79c31d8f16207cc13330e17370b034f2 to remote] DEBUG org.asynchttpclient.netty.request.NettyRequestSender - Using open Channel [id: 0x9cfea8e9, L:/127.0.0.1:61724 - R:localhost/127.0.0.1:45059] for POST '/session/79c31d8f16207cc13330e17370b034f2/element'
00:34:42.789 [AsyncHttpClient-1-8] DEBUG org.asynchttpclient.netty.handler.HttpHandler - 

Request DefaultHttpRequest(decodeResult: success, version: HTTP/1.1)
POST /session/79c31d8f16207cc13330e17370b034f2/element HTTP/1.1
User-Agent: selenium/4.12.0 (java windows)
Content-Length: 137
Content-Type: application/json; charset=utf-8
host: localhost:45059
accept: */*

Response DefaultHttpResponse(decodeResult: success, version: HTTP/1.1)
HTTP/1.1 200 OK
Content-Length: 126
Content-Type: application/json; charset=utf-8
cache-control: no-cache

00:34:42.789 [AsyncHttpClient-1-8] DEBUG org.asynchttpclient.netty.channel.ChannelManager - Adding key: http://localhost:45059 for channel [id: 0x9cfea8e9, L:/127.0.0.1:61724 - R:localhost/127.0.0.1:45059]
00:34:42.789 [Forwarding getElementText on session 79c31d8f16207cc13330e17370b034f2 to remote] DEBUG org.asynchttpclient.netty.request.NettyRequestSender - Using pooled Channel '[id: 0x9cfea8e9, L:/127.0.0.1:61724 - R:localhost/127.0.0.1:45059]' for 'GET' to 'http://localhost:45059/session/79c31d8f16207cc13330e17370b034f2/element/f.29F1B365C5160408A239DD54CDE2A979.d.AD53EB8CB3345712C7628A225525713A.e.86/text'
00:34:42.789 [Forwarding getElementText on session 79c31d8f16207cc13330e17370b034f2 to remote] DEBUG org.asynchttpclient.netty.request.NettyRequestSender - Using open Channel [id: 0x9cfea8e9, L:/127.0.0.1:61724 - R:localhost/127.0.0.1:45059] for GET '/session/79c31d8f16207cc13330e17370b034f2/element/f.29F1B365C5160408A239DD54CDE2A979.d.AD53EB8CB3345712C7628A225525713A.e.86/text'
00:34:42.812 [AsyncHttpClient-1-8] DEBUG org.asynchttpclient.netty.handler.HttpHandler - 

Request DefaultFullHttpRequest(decodeResult: success, version: HTTP/1.1, content: EmptyByteBufBE)
GET /session/79c31d8f16207cc13330e17370b034f2/element/f.29F1B365C5160408A239DD54CDE2A979.d.AD53EB8CB3345712C7628A225525713A.e.86/text HTTP/1.1
Cache-Control: no-cache
User-Agent: selenium/4.12.0 (java windows)
Content-Type: application/json; charset=utf-8
host: localhost:45059
accept: */*

Response DefaultHttpResponse(decodeResult: success, version: HTTP/1.1)
HTTP/1.1 200 OK
Content-Length: 36
Content-Type: application/json; charset=utf-8
cache-control: no-cache

00:34:42.812 [AsyncHttpClient-1-8] DEBUG org.asynchttpclient.netty.channel.ChannelManager - Adding key: http://localhost:45059 for channel [id: 0x9cfea8e9, L:/127.0.0.1:61724 - R:localhost/127.0.0.1:45059]
Company Name is required
00:34:43.327 [Forwarding screenshot on session 79c31d8f16207cc13330e17370b034f2 to remote] DEBUG org.asynchttpclient.netty.request.NettyRequestSender - Using pooled Channel '[id: 0x9cfea8e9, L:/127.0.0.1:61724 - R:localhost/127.0.0.1:45059]' for 'GET' to 'http://localhost:45059/session/79c31d8f16207cc13330e17370b034f2/screenshot'
00:34:43.327 [Forwarding screenshot on session 79c31d8f16207cc13330e17370b034f2 to remote] DEBUG org.asynchttpclient.netty.request.NettyRequestSender - Using open Channel [id: 0x9cfea8e9, L:/127.0.0.1:61724 - R:localhost/127.0.0.1:45059] for GET '/session/79c31d8f16207cc13330e17370b034f2/screenshot'
00:34:43.522 [AsyncHttpClient-1-8] DEBUG org.asynchttpclient.netty.handler.HttpHandler - 

Request DefaultFullHttpRequest(decodeResult: success, version: HTTP/1.1, content: EmptyByteBufBE)
GET /session/79c31d8f16207cc13330e17370b034f2/screenshot HTTP/1.1
Cache-Control: no-cache
User-Agent: selenium/4.12.0 (java windows)
Content-Type: application/json; charset=utf-8
host: localhost:45059
accept: */*

Response DefaultHttpResponse(decodeResult: success, version: HTTP/1.1)
HTTP/1.1 200 OK
Content-Length: 316096
Content-Type: application/json; charset=utf-8
cache-control: no-cache

00:34:43.522 [AsyncHttpClient-1-1] DEBUG org.asynchttpclient.netty.channel.DefaultChannelPool - Entry count for : http://localhost:61725 : 1
00:34:43.522 [AsyncHttpClient-1-8] DEBUG org.asynchttpclient.netty.channel.ChannelManager - Adding key: http://localhost:45059 for channel [id: 0x9cfea8e9, L:/127.0.0.1:61724 - R:localhost/127.0.0.1:45059]
  Then Display Error responseCompany Name is required            # StepDefination.Customer_onboarding.customerNot_added(java.lang.String)
00:34:43.543 [AsyncHttpClient-1-10] DEBUG org.asynchttpclient.netty.handler.WebSocketHandler - Channel Closed: [id: 0xa834aca8, L:/127.0.0.1:61746 ! R:localhost/127.0.0.1:61725] with attribute DISCARD
00:34:43.543 [Driver Command Executor] DEBUG org.asynchttpclient.netty.request.NettyRequestSender - Using pooled Channel '[id: 0x9cfea8e9, L:/127.0.0.1:61724 - R:localhost/127.0.0.1:45059]' for 'DELETE' to 'http://localhost:45059/session/79c31d8f16207cc13330e17370b034f2'
00:34:43.543 [Driver Command Executor] DEBUG org.asynchttpclient.netty.request.NettyRequestSender - Using open Channel [id: 0x9cfea8e9, L:/127.0.0.1:61724 - R:localhost/127.0.0.1:45059] for DELETE '/session/79c31d8f16207cc13330e17370b034f2'
00:34:43.607 [AsyncHttpClient-1-9] DEBUG org.asynchttpclient.netty.handler.HttpHandler - Unexpected I/O exception on channel [id: 0x65a273ad, L:/127.0.0.1:61745 - R:localhost/127.0.0.1:61725]
java.net.SocketException: Connection reset
	at java.base/sun.nio.ch.SocketChannelImpl.throwConnectionReset(SocketChannelImpl.java:394)
	at java.base/sun.nio.ch.SocketChannelImpl.read(SocketChannelImpl.java:426)
	at io.netty.buffer.PooledByteBuf.setBytes(PooledByteBuf.java:254)
	at io.netty.buffer.AbstractByteBuf.writeBytes(AbstractByteBuf.java:1132)
	at io.netty.channel.socket.nio.NioSocketChannel.doReadBytes(NioSocketChannel.java:357)
	at io.netty.channel.nio.AbstractNioByteChannel$NioByteUnsafe.read(AbstractNioByteChannel.java:151)
	at io.netty.channel.nio.NioEventLoop.processSelectedKey(NioEventLoop.java:788)
	at io.netty.channel.nio.NioEventLoop.processSelectedKeysOptimized(NioEventLoop.java:724)
	at io.netty.channel.nio.NioEventLoop.processSelectedKeys(NioEventLoop.java:650)
	at io.netty.channel.nio.NioEventLoop.run(NioEventLoop.java:562)
	at io.netty.util.concurrent.SingleThreadEventExecutor$4.run(SingleThreadEventExecutor.java:997)
	at io.netty.util.internal.ThreadExecutorMap$2.run(ThreadExecutorMap.java:74)
	at io.netty.util.concurrent.FastThreadLocalRunnable.run(FastThreadLocalRunnable.java:30)
	at java.base/java.lang.Thread.run(Thread.java:840)
00:34:43.607 [AsyncHttpClient-1-9] DEBUG org.asynchttpclient.netty.channel.ChannelManager - Closing Channel [id: 0x65a273ad, L:/127.0.0.1:61745 - R:localhost/127.0.0.1:61725] 
00:34:43.607 [AsyncHttpClient-1-9] DEBUG org.asynchttpclient.netty.handler.HttpHandler - Channel Closed: [id: 0x65a273ad, L:/127.0.0.1:61745 ! R:localhost/127.0.0.1:61725] with attribute DISCARD
00:34:43.717 [AsyncHttpClient-1-8] DEBUG org.asynchttpclient.netty.handler.HttpHandler - 

Request DefaultFullHttpRequest(decodeResult: success, version: HTTP/1.1, content: EmptyByteBufBE)
DELETE /session/79c31d8f16207cc13330e17370b034f2 HTTP/1.1
User-Agent: selenium/4.12.0 (java windows)
Content-Type: application/json; charset=utf-8
host: localhost:45059
accept: */*

Response DefaultHttpResponse(decodeResult: success, version: HTTP/1.1)
HTTP/1.1 200 OK
Content-Length: 14
Content-Type: application/json; charset=utf-8
cache-control: no-cache

00:34:43.719 [AsyncHttpClient-1-8] DEBUG org.asynchttpclient.netty.channel.ChannelManager - Adding key: http://localhost:45059 for channel [id: 0x9cfea8e9, L:/127.0.0.1:61724 - R:localhost/127.0.0.1:45059]
00:34:44.311 [AsyncHttpClient-1-8] DEBUG org.asynchttpclient.netty.handler.HttpHandler - Channel Closed: [id: 0x9cfea8e9, L:/127.0.0.1:61724 ! R:localhost/127.0.0.1:45059] with attribute DISCARD
  And Close_Window                                               # StepDefination.Customer_onboarding.close_window()
]]></system-out>
    <system-err><![CDATA[Jan 15, 2025 12:34:24 AM org.openqa.selenium.devtools.CdpVersionFinder findNearestMatch
WARNING: Unable to find CDP implementation matching 131
Jan 15, 2025 12:34:24 AM org.openqa.selenium.chromium.ChromiumDriver lambda$new$5
WARNING: Unable to find version of CDP to use for 131.0.6778.265. You may need to include a dependency on a specific version of the CDP using something similar to `org.seleniumhq.selenium:selenium-devtools-v86:4.12.0` where the version ("v86") matches the version of the chromium-based browser you're using and the version number of the artifact is the same as Selenium's.
]]></system-err>
  </testcase>
  <testcase name="Add customer without Address" classname="Customer Onboarding form" time="23.291">
    <system-out><![CDATA[
Scenario Outline: Add customer without Address                # src/test/resources/Customers/Customer_form.feature:66
00:34:44.611 [AsyncHttpClient-1-1] DEBUG org.asynchttpclient.netty.channel.DefaultChannelPool - Entry count for : http://localhost:61725 : 1
00:34:44.611 [AsyncHttpClient-1-1] DEBUG org.asynchttpclient.netty.channel.DefaultChannelPool - Entry count for : http://localhost:45059 : 1
00:34:44.611 [AsyncHttpClient-1-1] DEBUG org.asynchttpclient.netty.channel.DefaultChannelPool - Adding Candidate expired Channel [id: 0x65a273ad, L:/127.0.0.1:61745 ! R:localhost/127.0.0.1:61725] isIdleTimeoutExpired=false isRemotelyClosed=true isTtlExpired=false
00:34:44.611 [AsyncHttpClient-1-1] DEBUG org.asynchttpclient.netty.channel.DefaultChannelPool - Closing Idle Channel [id: 0x65a273ad, L:/127.0.0.1:61745 ! R:localhost/127.0.0.1:61725]
00:34:44.611 [AsyncHttpClient-1-1] DEBUG org.asynchttpclient.netty.channel.DefaultChannelPool - Adding Candidate expired Channel [id: 0x9cfea8e9, L:/127.0.0.1:61724 ! R:localhost/127.0.0.1:45059] isIdleTimeoutExpired=false isRemotelyClosed=true isTtlExpired=false
00:34:44.611 [AsyncHttpClient-1-1] DEBUG org.asynchttpclient.netty.channel.DefaultChannelPool - Closing Idle Channel [id: 0x9cfea8e9, L:/127.0.0.1:61724 ! R:localhost/127.0.0.1:45059]
00:34:44.611 [AsyncHttpClient-1-1] DEBUG org.asynchttpclient.netty.channel.DefaultChannelPool - Closed 2 connections out of 2 in 0 ms
00:34:44.768 [AsyncHttpClient-1-11] DEBUG org.asynchttpclient.netty.channel.NettyConnectListener - Using new Channel '[id: 0x2276d1b9, L:/127.0.0.1:61784 - R:localhost/127.0.0.1:42417]' for 'POST' to '/session'
00:34:46.070 [AsyncHttpClient-1-11] DEBUG org.asynchttpclient.netty.handler.HttpHandler - 

Request DefaultHttpRequest(decodeResult: success, version: HTTP/1.1)
POST /session HTTP/1.1
User-Agent: selenium/4.12.0 (java windows)
Content-Length: 254
Content-Type: application/json; charset=utf-8
host: localhost:42417
accept: */*

Response DefaultHttpResponse(decodeResult: success, version: HTTP/1.1)
HTTP/1.1 200 OK
Content-Length: 888
Content-Type: application/json; charset=utf-8
cache-control: no-cache

00:34:46.070 [AsyncHttpClient-1-11] DEBUG org.asynchttpclient.netty.channel.ChannelManager - Adding key: http://localhost:42417 for channel [id: 0x2276d1b9, L:/127.0.0.1:61784 - R:localhost/127.0.0.1:42417]
00:34:46.087 [AsyncHttpClient-1-12] DEBUG org.asynchttpclient.netty.channel.NettyConnectListener - Using new Channel '[id: 0x741d8bc0, L:/127.0.0.1:61792 - R:localhost/127.0.0.1:61785]' for 'GET' to '/json/version'
00:34:46.096 [AsyncHttpClient-1-12] DEBUG org.asynchttpclient.netty.handler.HttpHandler - 

Request DefaultFullHttpRequest(decodeResult: success, version: HTTP/1.1, content: EmptyByteBufBE)
GET /json/version HTTP/1.1
User-Agent: selenium/4.12.0 (java windows)
host: localhost:61785
accept: */*

Response DefaultHttpResponse(decodeResult: success, version: HTTP/1.1)
HTTP/1.1 200 OK
Content-Security-Policy: frame-ancestors 'none'
Content-Length: 424
Content-Type: application/json; charset=UTF-8

00:34:46.096 [AsyncHttpClient-1-12] DEBUG org.asynchttpclient.netty.channel.ChannelManager - Adding key: http://localhost:61785 for channel [id: 0x741d8bc0, L:/127.0.0.1:61792 - R:localhost/127.0.0.1:61785]
00:34:46.101 [AsyncHttpClient-1-13] DEBUG org.asynchttpclient.netty.channel.NettyConnectListener - Using new Channel '[id: 0x65919409, L:/127.0.0.1:61793 - R:localhost/127.0.0.1:61785]' for 'GET' to '/devtools/browser/1c568dad-be3c-4942-8f64-ec81a5008cd4'
00:34:46.101 [AsyncHttpClient-1-13] DEBUG org.asynchttpclient.netty.handler.WebSocketHandler - 

Request DefaultFullHttpRequest(decodeResult: success, version: HTTP/1.1, content: EmptyByteBufBE)
GET /devtools/browser/1c568dad-be3c-4942-8f64-ec81a5008cd4 HTTP/1.1
upgrade: websocket
connection: upgrade
sec-websocket-key: OulVQlvOgbW0Wlh0aWvXCg==
sec-websocket-version: 13
origin: http://localhost:61785
host: localhost:61785
accept: */*
user-agent: AHC/2.1

Response DefaultHttpResponse(decodeResult: success, version: HTTP/1.1)
HTTP/1.1 101 WebSocket Protocol Handshake
Upgrade: WebSocket
Connection: Upgrade
Sec-WebSocket-Accept: C6BPXK/vLXB6P0Tgn0P787F19TY=

00:34:46.110 [Forwarding get on session 2cdc3cf43dc60400239ced7c94c87e95 to remote] DEBUG org.asynchttpclient.netty.request.NettyRequestSender - Using pooled Channel '[id: 0x2276d1b9, L:/127.0.0.1:61784 - R:localhost/127.0.0.1:42417]' for 'POST' to 'http://localhost:42417/session/2cdc3cf43dc60400239ced7c94c87e95/url'
00:34:46.110 [Forwarding get on session 2cdc3cf43dc60400239ced7c94c87e95 to remote] DEBUG org.asynchttpclient.netty.request.NettyRequestSender - Using open Channel [id: 0x2276d1b9, L:/127.0.0.1:61784 - R:localhost/127.0.0.1:42417] for POST '/session/2cdc3cf43dc60400239ced7c94c87e95/url'
00:34:46.815 [AsyncHttpClient-1-1] DEBUG org.asynchttpclient.netty.channel.DefaultChannelPool - Entry count for : http://localhost:61785 : 1
00:34:47.465 [AsyncHttpClient-1-11] DEBUG org.asynchttpclient.netty.handler.HttpHandler - 

Request DefaultHttpRequest(decodeResult: success, version: HTTP/1.1)
POST /session/2cdc3cf43dc60400239ced7c94c87e95/url HTTP/1.1
User-Agent: selenium/4.12.0 (java windows)
Content-Length: 92
Content-Type: application/json; charset=utf-8
host: localhost:42417
accept: */*

Response DefaultHttpResponse(decodeResult: success, version: HTTP/1.1)
HTTP/1.1 200 OK
Content-Length: 14
Content-Type: application/json; charset=utf-8
cache-control: no-cache

00:34:47.465 [AsyncHttpClient-1-11] DEBUG org.asynchttpclient.netty.channel.ChannelManager - Adding key: http://localhost:42417 for channel [id: 0x2276d1b9, L:/127.0.0.1:61784 - R:localhost/127.0.0.1:42417]
00:34:47.465 [Forwarding maximizeCurrentWindow on session 2cdc3cf43dc60400239ced7c94c87e95 to remote] DEBUG org.asynchttpclient.netty.request.NettyRequestSender - Using pooled Channel '[id: 0x2276d1b9, L:/127.0.0.1:61784 - R:localhost/127.0.0.1:42417]' for 'POST' to 'http://localhost:42417/session/2cdc3cf43dc60400239ced7c94c87e95/window/maximize'
00:34:47.465 [Forwarding maximizeCurrentWindow on session 2cdc3cf43dc60400239ced7c94c87e95 to remote] DEBUG org.asynchttpclient.netty.request.NettyRequestSender - Using open Channel [id: 0x2276d1b9, L:/127.0.0.1:61784 - R:localhost/127.0.0.1:42417] for POST '/session/2cdc3cf43dc60400239ced7c94c87e95/window/maximize'
00:34:47.546 [AsyncHttpClient-1-11] DEBUG org.asynchttpclient.netty.handler.HttpHandler - 

Request DefaultHttpRequest(decodeResult: success, version: HTTP/1.1)
POST /session/2cdc3cf43dc60400239ced7c94c87e95/window/maximize HTTP/1.1
User-Agent: selenium/4.12.0 (java windows)
Content-Length: 3
Content-Type: application/json; charset=utf-8
host: localhost:42417
accept: */*

Response DefaultHttpResponse(decodeResult: success, version: HTTP/1.1)
HTTP/1.1 200 OK
Content-Length: 51
Content-Type: application/json; charset=utf-8
cache-control: no-cache

00:34:47.546 [AsyncHttpClient-1-11] DEBUG org.asynchttpclient.netty.channel.ChannelManager - Adding key: http://localhost:42417 for channel [id: 0x2276d1b9, L:/127.0.0.1:61784 - R:localhost/127.0.0.1:42417]
00:34:47.554 [Forwarding findElement on session 2cdc3cf43dc60400239ced7c94c87e95 to remote] DEBUG org.asynchttpclient.netty.request.NettyRequestSender - Using pooled Channel '[id: 0x2276d1b9, L:/127.0.0.1:61784 - R:localhost/127.0.0.1:42417]' for 'POST' to 'http://localhost:42417/session/2cdc3cf43dc60400239ced7c94c87e95/element'
00:34:47.554 [Forwarding findElement on session 2cdc3cf43dc60400239ced7c94c87e95 to remote] DEBUG org.asynchttpclient.netty.request.NettyRequestSender - Using open Channel [id: 0x2276d1b9, L:/127.0.0.1:61784 - R:localhost/127.0.0.1:42417] for POST '/session/2cdc3cf43dc60400239ced7c94c87e95/element'
00:34:47.586 [AsyncHttpClient-1-11] DEBUG org.asynchttpclient.netty.handler.HttpHandler - 

Request DefaultHttpRequest(decodeResult: success, version: HTTP/1.1)
POST /session/2cdc3cf43dc60400239ced7c94c87e95/element HTTP/1.1
User-Agent: selenium/4.12.0 (java windows)
Content-Length: 69
Content-Type: application/json; charset=utf-8
host: localhost:42417
accept: */*

Response DefaultHttpResponse(decodeResult: success, version: HTTP/1.1)
HTTP/1.1 200 OK
Content-Length: 125
Content-Type: application/json; charset=utf-8
cache-control: no-cache

00:34:47.586 [AsyncHttpClient-1-11] DEBUG org.asynchttpclient.netty.channel.ChannelManager - Adding key: http://localhost:42417 for channel [id: 0x2276d1b9, L:/127.0.0.1:61784 - R:localhost/127.0.0.1:42417]
00:34:47.590 [Forwarding sendKeysToElement on session 2cdc3cf43dc60400239ced7c94c87e95 to remote] DEBUG org.asynchttpclient.netty.request.NettyRequestSender - Using pooled Channel '[id: 0x2276d1b9, L:/127.0.0.1:61784 - R:localhost/127.0.0.1:42417]' for 'POST' to 'http://localhost:42417/session/2cdc3cf43dc60400239ced7c94c87e95/element/f.A0EA9318E0E7AEB8234C8A9808816AFD.d.99C160C9D2B104F339C9F2A146F83611.e.4/value'
00:34:47.590 [Forwarding sendKeysToElement on session 2cdc3cf43dc60400239ced7c94c87e95 to remote] DEBUG org.asynchttpclient.netty.request.NettyRequestSender - Using open Channel [id: 0x2276d1b9, L:/127.0.0.1:61784 - R:localhost/127.0.0.1:42417] for POST '/session/2cdc3cf43dc60400239ced7c94c87e95/element/f.A0EA9318E0E7AEB8234C8A9808816AFD.d.99C160C9D2B104F339C9F2A146F83611.e.4/value'
00:34:47.840 [AsyncHttpClient-1-11] DEBUG org.asynchttpclient.netty.handler.HttpHandler - 

Request DefaultHttpRequest(decodeResult: success, version: HTTP/1.1)
POST /session/2cdc3cf43dc60400239ced7c94c87e95/element/f.A0EA9318E0E7AEB8234C8A9808816AFD.d.99C160C9D2B104F339C9F2A146F83611.e.4/value HTTP/1.1
User-Agent: selenium/4.12.0 (java windows)
Content-Length: 338
Content-Type: application/json; charset=utf-8
host: localhost:42417
accept: */*

Response DefaultHttpResponse(decodeResult: success, version: HTTP/1.1)
HTTP/1.1 200 OK
Content-Length: 14
Content-Type: application/json; charset=utf-8
cache-control: no-cache

00:34:47.840 [AsyncHttpClient-1-11] DEBUG org.asynchttpclient.netty.channel.ChannelManager - Adding key: http://localhost:42417 for channel [id: 0x2276d1b9, L:/127.0.0.1:61784 - R:localhost/127.0.0.1:42417]
00:34:47.840 [Forwarding findElement on session 2cdc3cf43dc60400239ced7c94c87e95 to remote] DEBUG org.asynchttpclient.netty.request.NettyRequestSender - Using pooled Channel '[id: 0x2276d1b9, L:/127.0.0.1:61784 - R:localhost/127.0.0.1:42417]' for 'POST' to 'http://localhost:42417/session/2cdc3cf43dc60400239ced7c94c87e95/element'
00:34:47.840 [Forwarding findElement on session 2cdc3cf43dc60400239ced7c94c87e95 to remote] DEBUG org.asynchttpclient.netty.request.NettyRequestSender - Using open Channel [id: 0x2276d1b9, L:/127.0.0.1:61784 - R:localhost/127.0.0.1:42417] for POST '/session/2cdc3cf43dc60400239ced7c94c87e95/element'
00:34:47.857 [AsyncHttpClient-1-11] DEBUG org.asynchttpclient.netty.handler.HttpHandler - 

Request DefaultHttpRequest(decodeResult: success, version: HTTP/1.1)
POST /session/2cdc3cf43dc60400239ced7c94c87e95/element HTTP/1.1
User-Agent: selenium/4.12.0 (java windows)
Content-Length: 72
Content-Type: application/json; charset=utf-8
host: localhost:42417
accept: */*

Response DefaultHttpResponse(decodeResult: success, version: HTTP/1.1)
HTTP/1.1 200 OK
Content-Length: 125
Content-Type: application/json; charset=utf-8
cache-control: no-cache

00:34:47.857 [AsyncHttpClient-1-11] DEBUG org.asynchttpclient.netty.channel.ChannelManager - Adding key: http://localhost:42417 for channel [id: 0x2276d1b9, L:/127.0.0.1:61784 - R:localhost/127.0.0.1:42417]
00:34:47.857 [Forwarding sendKeysToElement on session 2cdc3cf43dc60400239ced7c94c87e95 to remote] DEBUG org.asynchttpclient.netty.request.NettyRequestSender - Using pooled Channel '[id: 0x2276d1b9, L:/127.0.0.1:61784 - R:localhost/127.0.0.1:42417]' for 'POST' to 'http://localhost:42417/session/2cdc3cf43dc60400239ced7c94c87e95/element/f.A0EA9318E0E7AEB8234C8A9808816AFD.d.99C160C9D2B104F339C9F2A146F83611.e.6/value'
00:34:47.857 [Forwarding sendKeysToElement on session 2cdc3cf43dc60400239ced7c94c87e95 to remote] DEBUG org.asynchttpclient.netty.request.NettyRequestSender - Using open Channel [id: 0x2276d1b9, L:/127.0.0.1:61784 - R:localhost/127.0.0.1:42417] for POST '/session/2cdc3cf43dc60400239ced7c94c87e95/element/f.A0EA9318E0E7AEB8234C8A9808816AFD.d.99C160C9D2B104F339C9F2A146F83611.e.6/value'
00:34:47.912 [AsyncHttpClient-1-1] DEBUG org.asynchttpclient.netty.channel.DefaultChannelPool - Entry count for : http://localhost:61785 : 1
00:34:48.122 [AsyncHttpClient-1-11] DEBUG org.asynchttpclient.netty.handler.HttpHandler - 

Request DefaultHttpRequest(decodeResult: success, version: HTTP/1.1)
POST /session/2cdc3cf43dc60400239ced7c94c87e95/element/f.A0EA9318E0E7AEB8234C8A9808816AFD.d.99C160C9D2B104F339C9F2A146F83611.e.6/value HTTP/1.1
User-Agent: selenium/4.12.0 (java windows)
Content-Length: 208
Content-Type: application/json; charset=utf-8
host: localhost:42417
accept: */*

Response DefaultHttpResponse(decodeResult: success, version: HTTP/1.1)
HTTP/1.1 200 OK
Content-Length: 14
Content-Type: application/json; charset=utf-8
cache-control: no-cache

00:34:48.122 [AsyncHttpClient-1-11] DEBUG org.asynchttpclient.netty.channel.ChannelManager - Adding key: http://localhost:42417 for channel [id: 0x2276d1b9, L:/127.0.0.1:61784 - R:localhost/127.0.0.1:42417]
00:34:48.122 [Forwarding findElement on session 2cdc3cf43dc60400239ced7c94c87e95 to remote] DEBUG org.asynchttpclient.netty.request.NettyRequestSender - Using pooled Channel '[id: 0x2276d1b9, L:/127.0.0.1:61784 - R:localhost/127.0.0.1:42417]' for 'POST' to 'http://localhost:42417/session/2cdc3cf43dc60400239ced7c94c87e95/element'
00:34:48.122 [Forwarding findElement on session 2cdc3cf43dc60400239ced7c94c87e95 to remote] DEBUG org.asynchttpclient.netty.request.NettyRequestSender - Using open Channel [id: 0x2276d1b9, L:/127.0.0.1:61784 - R:localhost/127.0.0.1:42417] for POST '/session/2cdc3cf43dc60400239ced7c94c87e95/element'
00:34:48.156 [AsyncHttpClient-1-11] DEBUG org.asynchttpclient.netty.handler.HttpHandler - 

Request DefaultHttpRequest(decodeResult: success, version: HTTP/1.1)
POST /session/2cdc3cf43dc60400239ced7c94c87e95/element HTTP/1.1
User-Agent: selenium/4.12.0 (java windows)
Content-Length: 73
Content-Type: application/json; charset=utf-8
host: localhost:42417
accept: */*

Response DefaultHttpResponse(decodeResult: success, version: HTTP/1.1)
HTTP/1.1 200 OK
Content-Length: 125
Content-Type: application/json; charset=utf-8
cache-control: no-cache

00:34:48.156 [AsyncHttpClient-1-11] DEBUG org.asynchttpclient.netty.channel.ChannelManager - Adding key: http://localhost:42417 for channel [id: 0x2276d1b9, L:/127.0.0.1:61784 - R:localhost/127.0.0.1:42417]
00:34:48.156 [Forwarding clickElement on session 2cdc3cf43dc60400239ced7c94c87e95 to remote] DEBUG org.asynchttpclient.netty.request.NettyRequestSender - Using pooled Channel '[id: 0x2276d1b9, L:/127.0.0.1:61784 - R:localhost/127.0.0.1:42417]' for 'POST' to 'http://localhost:42417/session/2cdc3cf43dc60400239ced7c94c87e95/element/f.A0EA9318E0E7AEB8234C8A9808816AFD.d.99C160C9D2B104F339C9F2A146F83611.e.8/click'
00:34:48.156 [Forwarding clickElement on session 2cdc3cf43dc60400239ced7c94c87e95 to remote] DEBUG org.asynchttpclient.netty.request.NettyRequestSender - Using open Channel [id: 0x2276d1b9, L:/127.0.0.1:61784 - R:localhost/127.0.0.1:42417] for POST '/session/2cdc3cf43dc60400239ced7c94c87e95/element/f.A0EA9318E0E7AEB8234C8A9808816AFD.d.99C160C9D2B104F339C9F2A146F83611.e.8/click'
00:34:48.354 [AsyncHttpClient-1-11] DEBUG org.asynchttpclient.netty.handler.HttpHandler - 

Request DefaultHttpRequest(decodeResult: success, version: HTTP/1.1)
POST /session/2cdc3cf43dc60400239ced7c94c87e95/element/f.A0EA9318E0E7AEB8234C8A9808816AFD.d.99C160C9D2B104F339C9F2A146F83611.e.8/click HTTP/1.1
User-Agent: selenium/4.12.0 (java windows)
Content-Length: 87
Content-Type: application/json; charset=utf-8
host: localhost:42417
accept: */*

Response DefaultHttpResponse(decodeResult: success, version: HTTP/1.1)
HTTP/1.1 200 OK
Content-Length: 14
Content-Type: application/json; charset=utf-8
cache-control: no-cache

00:34:48.354 [AsyncHttpClient-1-11] DEBUG org.asynchttpclient.netty.channel.ChannelManager - Adding key: http://localhost:42417 for channel [id: 0x2276d1b9, L:/127.0.0.1:61784 - R:localhost/127.0.0.1:42417]
00:34:49.017 [AsyncHttpClient-1-1] DEBUG org.asynchttpclient.netty.channel.DefaultChannelPool - Entry count for : http://localhost:42417 : 1
00:34:49.017 [AsyncHttpClient-1-1] DEBUG org.asynchttpclient.netty.channel.DefaultChannelPool - Entry count for : http://localhost:61785 : 1
00:34:50.126 [AsyncHttpClient-1-1] DEBUG org.asynchttpclient.netty.channel.DefaultChannelPool - Entry count for : http://localhost:42417 : 1
00:34:50.126 [AsyncHttpClient-1-1] DEBUG org.asynchttpclient.netty.channel.DefaultChannelPool - Entry count for : http://localhost:61785 : 1
00:34:51.227 [AsyncHttpClient-1-1] DEBUG org.asynchttpclient.netty.channel.DefaultChannelPool - Entry count for : http://localhost:42417 : 1
00:34:51.227 [AsyncHttpClient-1-1] DEBUG org.asynchttpclient.netty.channel.DefaultChannelPool - Entry count for : http://localhost:61785 : 1
00:34:52.315 [AsyncHttpClient-1-1] DEBUG org.asynchttpclient.netty.channel.DefaultChannelPool - Entry count for : http://localhost:42417 : 1
00:34:52.315 [AsyncHttpClient-1-1] DEBUG org.asynchttpclient.netty.channel.DefaultChannelPool - Entry count for : http://localhost:61785 : 1
00:34:53.369 [Forwarding getCurrentUrl on session 2cdc3cf43dc60400239ced7c94c87e95 to remote] DEBUG org.asynchttpclient.netty.request.NettyRequestSender - Using pooled Channel '[id: 0x2276d1b9, L:/127.0.0.1:61784 - R:localhost/127.0.0.1:42417]' for 'GET' to 'http://localhost:42417/session/2cdc3cf43dc60400239ced7c94c87e95/url'
00:34:53.369 [Forwarding getCurrentUrl on session 2cdc3cf43dc60400239ced7c94c87e95 to remote] DEBUG org.asynchttpclient.netty.request.NettyRequestSender - Using open Channel [id: 0x2276d1b9, L:/127.0.0.1:61784 - R:localhost/127.0.0.1:42417] for GET '/session/2cdc3cf43dc60400239ced7c94c87e95/url'
00:34:53.369 [AsyncHttpClient-1-11] DEBUG org.asynchttpclient.netty.handler.HttpHandler - 

Request DefaultFullHttpRequest(decodeResult: success, version: HTTP/1.1, content: EmptyByteBufBE)
GET /session/2cdc3cf43dc60400239ced7c94c87e95/url HTTP/1.1
Cache-Control: no-cache
User-Agent: selenium/4.12.0 (java windows)
Content-Type: application/json; charset=utf-8
host: localhost:42417
accept: */*

Response DefaultHttpResponse(decodeResult: success, version: HTTP/1.1)
HTTP/1.1 200 OK
Content-Length: 69
Content-Type: application/json; charset=utf-8
cache-control: no-cache

00:34:53.369 [AsyncHttpClient-1-11] DEBUG org.asynchttpclient.netty.channel.ChannelManager - Adding key: http://localhost:42417 for channel [id: 0x2276d1b9, L:/127.0.0.1:61784 - R:localhost/127.0.0.1:42417]
https://fleet-manager-development.vercel.app/auth/sign-in
00:34:53.369 [Forwarding findElement on session 2cdc3cf43dc60400239ced7c94c87e95 to remote] DEBUG org.asynchttpclient.netty.request.NettyRequestSender - Using pooled Channel '[id: 0x2276d1b9, L:/127.0.0.1:61784 - R:localhost/127.0.0.1:42417]' for 'POST' to 'http://localhost:42417/session/2cdc3cf43dc60400239ced7c94c87e95/element'
00:34:53.369 [Forwarding findElement on session 2cdc3cf43dc60400239ced7c94c87e95 to remote] DEBUG org.asynchttpclient.netty.request.NettyRequestSender - Using open Channel [id: 0x2276d1b9, L:/127.0.0.1:61784 - R:localhost/127.0.0.1:42417] for POST '/session/2cdc3cf43dc60400239ced7c94c87e95/element'
00:34:53.384 [AsyncHttpClient-1-11] DEBUG org.asynchttpclient.netty.handler.HttpHandler - 

Request DefaultHttpRequest(decodeResult: success, version: HTTP/1.1)
POST /session/2cdc3cf43dc60400239ced7c94c87e95/element HTTP/1.1
User-Agent: selenium/4.12.0 (java windows)
Content-Length: 66
Content-Type: application/json; charset=utf-8
host: localhost:42417
accept: */*

Response DefaultHttpResponse(decodeResult: success, version: HTTP/1.1)
HTTP/1.1 200 OK
Content-Length: 126
Content-Type: application/json; charset=utf-8
cache-control: no-cache

00:34:53.384 [AsyncHttpClient-1-11] DEBUG org.asynchttpclient.netty.channel.ChannelManager - Adding key: http://localhost:42417 for channel [id: 0x2276d1b9, L:/127.0.0.1:61784 - R:localhost/127.0.0.1:42417]
00:34:53.384 [Forwarding isElementDisplayed on session 2cdc3cf43dc60400239ced7c94c87e95 to remote] DEBUG org.asynchttpclient.netty.request.NettyRequestSender - Using pooled Channel '[id: 0x2276d1b9, L:/127.0.0.1:61784 - R:localhost/127.0.0.1:42417]' for 'POST' to 'http://localhost:42417/session/2cdc3cf43dc60400239ced7c94c87e95/execute/sync'
00:34:53.384 [Forwarding isElementDisplayed on session 2cdc3cf43dc60400239ced7c94c87e95 to remote] DEBUG org.asynchttpclient.netty.request.NettyRequestSender - Using open Channel [id: 0x2276d1b9, L:/127.0.0.1:61784 - R:localhost/127.0.0.1:42417] for POST '/session/2cdc3cf43dc60400239ced7c94c87e95/execute/sync'
00:34:53.416 [AsyncHttpClient-1-11] DEBUG org.asynchttpclient.netty.handler.HttpHandler - 

Request DefaultHttpRequest(decodeResult: success, version: HTTP/1.1)
POST /session/2cdc3cf43dc60400239ced7c94c87e95/execute/sync HTTP/1.1
User-Agent: selenium/4.12.0 (java windows)
Content-Length: 48734
Content-Type: application/json; charset=utf-8
host: localhost:42417
accept: */*

Response DefaultHttpResponse(decodeResult: success, version: HTTP/1.1)
HTTP/1.1 200 OK
Content-Length: 14
Content-Type: application/json; charset=utf-8
cache-control: no-cache

00:34:53.416 [AsyncHttpClient-1-11] DEBUG org.asynchttpclient.netty.channel.ChannelManager - Adding key: http://localhost:42417 for channel [id: 0x2276d1b9, L:/127.0.0.1:61784 - R:localhost/127.0.0.1:42417]
00:34:53.416 [AsyncHttpClient-1-1] DEBUG org.asynchttpclient.netty.channel.DefaultChannelPool - Entry count for : http://localhost:42417 : 1
00:34:53.416 [AsyncHttpClient-1-1] DEBUG org.asynchttpclient.netty.channel.DefaultChannelPool - Entry count for : http://localhost:61785 : 1
00:34:53.416 [Forwarding findElement on session 2cdc3cf43dc60400239ced7c94c87e95 to remote] DEBUG org.asynchttpclient.netty.request.NettyRequestSender - Using pooled Channel '[id: 0x2276d1b9, L:/127.0.0.1:61784 - R:localhost/127.0.0.1:42417]' for 'POST' to 'http://localhost:42417/session/2cdc3cf43dc60400239ced7c94c87e95/element'
00:34:53.416 [Forwarding findElement on session 2cdc3cf43dc60400239ced7c94c87e95 to remote] DEBUG org.asynchttpclient.netty.request.NettyRequestSender - Using open Channel [id: 0x2276d1b9, L:/127.0.0.1:61784 - R:localhost/127.0.0.1:42417] for POST '/session/2cdc3cf43dc60400239ced7c94c87e95/element'
00:34:53.416 [AsyncHttpClient-1-11] DEBUG org.asynchttpclient.netty.handler.HttpHandler - 

Request DefaultHttpRequest(decodeResult: success, version: HTTP/1.1)
POST /session/2cdc3cf43dc60400239ced7c94c87e95/element HTTP/1.1
User-Agent: selenium/4.12.0 (java windows)
Content-Length: 66
Content-Type: application/json; charset=utf-8
host: localhost:42417
accept: */*

Response DefaultHttpResponse(decodeResult: success, version: HTTP/1.1)
HTTP/1.1 200 OK
Content-Length: 126
Content-Type: application/json; charset=utf-8
cache-control: no-cache

00:34:53.416 [AsyncHttpClient-1-11] DEBUG org.asynchttpclient.netty.channel.ChannelManager - Adding key: http://localhost:42417 for channel [id: 0x2276d1b9, L:/127.0.0.1:61784 - R:localhost/127.0.0.1:42417]
00:34:53.416 [Forwarding getElementText on session 2cdc3cf43dc60400239ced7c94c87e95 to remote] DEBUG org.asynchttpclient.netty.request.NettyRequestSender - Using pooled Channel '[id: 0x2276d1b9, L:/127.0.0.1:61784 - R:localhost/127.0.0.1:42417]' for 'GET' to 'http://localhost:42417/session/2cdc3cf43dc60400239ced7c94c87e95/element/f.A0EA9318E0E7AEB8234C8A9808816AFD.d.99C160C9D2B104F339C9F2A146F83611.e.19/text'
00:34:53.416 [Forwarding getElementText on session 2cdc3cf43dc60400239ced7c94c87e95 to remote] DEBUG org.asynchttpclient.netty.request.NettyRequestSender - Using open Channel [id: 0x2276d1b9, L:/127.0.0.1:61784 - R:localhost/127.0.0.1:42417] for GET '/session/2cdc3cf43dc60400239ced7c94c87e95/element/f.A0EA9318E0E7AEB8234C8A9808816AFD.d.99C160C9D2B104F339C9F2A146F83611.e.19/text'
00:34:53.432 [AsyncHttpClient-1-11] DEBUG org.asynchttpclient.netty.handler.HttpHandler - 

Request DefaultFullHttpRequest(decodeResult: success, version: HTTP/1.1, content: EmptyByteBufBE)
GET /session/2cdc3cf43dc60400239ced7c94c87e95/element/f.A0EA9318E0E7AEB8234C8A9808816AFD.d.99C160C9D2B104F339C9F2A146F83611.e.19/text HTTP/1.1
Cache-Control: no-cache
User-Agent: selenium/4.12.0 (java windows)
Content-Type: application/json; charset=utf-8
host: localhost:42417
accept: */*

Response DefaultHttpResponse(decodeResult: success, version: HTTP/1.1)
HTTP/1.1 200 OK
Content-Length: 33
Content-Type: application/json; charset=utf-8
cache-control: no-cache

00:34:53.432 [AsyncHttpClient-1-11] DEBUG org.asynchttpclient.netty.channel.ChannelManager - Adding key: http://localhost:42417 for channel [id: 0x2276d1b9, L:/127.0.0.1:61784 - R:localhost/127.0.0.1:42417]
00:34:53.448 [Forwarding findElement on session 2cdc3cf43dc60400239ced7c94c87e95 to remote] DEBUG org.asynchttpclient.netty.request.NettyRequestSender - Using pooled Channel '[id: 0x2276d1b9, L:/127.0.0.1:61784 - R:localhost/127.0.0.1:42417]' for 'POST' to 'http://localhost:42417/session/2cdc3cf43dc60400239ced7c94c87e95/element'
00:34:53.448 [Forwarding findElement on session 2cdc3cf43dc60400239ced7c94c87e95 to remote] DEBUG org.asynchttpclient.netty.request.NettyRequestSender - Using open Channel [id: 0x2276d1b9, L:/127.0.0.1:61784 - R:localhost/127.0.0.1:42417] for POST '/session/2cdc3cf43dc60400239ced7c94c87e95/element'
00:34:53.463 [AsyncHttpClient-1-11] DEBUG org.asynchttpclient.netty.handler.HttpHandler - 

Request DefaultHttpRequest(decodeResult: success, version: HTTP/1.1)
POST /session/2cdc3cf43dc60400239ced7c94c87e95/element HTTP/1.1
User-Agent: selenium/4.12.0 (java windows)
Content-Length: 74
Content-Type: application/json; charset=utf-8
host: localhost:42417
accept: */*

Response DefaultHttpResponse(decodeResult: success, version: HTTP/1.1)
HTTP/1.1 200 OK
Content-Length: 126
Content-Type: application/json; charset=utf-8
cache-control: no-cache

00:34:53.463 [AsyncHttpClient-1-11] DEBUG org.asynchttpclient.netty.channel.ChannelManager - Adding key: http://localhost:42417 for channel [id: 0x2276d1b9, L:/127.0.0.1:61784 - R:localhost/127.0.0.1:42417]
00:34:53.463 [Forwarding clickElement on session 2cdc3cf43dc60400239ced7c94c87e95 to remote] DEBUG org.asynchttpclient.netty.request.NettyRequestSender - Using pooled Channel '[id: 0x2276d1b9, L:/127.0.0.1:61784 - R:localhost/127.0.0.1:42417]' for 'POST' to 'http://localhost:42417/session/2cdc3cf43dc60400239ced7c94c87e95/element/f.A0EA9318E0E7AEB8234C8A9808816AFD.d.99C160C9D2B104F339C9F2A146F83611.e.20/click'
00:34:53.463 [Forwarding clickElement on session 2cdc3cf43dc60400239ced7c94c87e95 to remote] DEBUG org.asynchttpclient.netty.request.NettyRequestSender - Using open Channel [id: 0x2276d1b9, L:/127.0.0.1:61784 - R:localhost/127.0.0.1:42417] for POST '/session/2cdc3cf43dc60400239ced7c94c87e95/element/f.A0EA9318E0E7AEB8234C8A9808816AFD.d.99C160C9D2B104F339C9F2A146F83611.e.20/click'
00:34:53.542 [AsyncHttpClient-1-11] DEBUG org.asynchttpclient.netty.handler.HttpHandler - 

Request DefaultHttpRequest(decodeResult: success, version: HTTP/1.1)
POST /session/2cdc3cf43dc60400239ced7c94c87e95/element/f.A0EA9318E0E7AEB8234C8A9808816AFD.d.99C160C9D2B104F339C9F2A146F83611.e.20/click HTTP/1.1
User-Agent: selenium/4.12.0 (java windows)
Content-Length: 88
Content-Type: application/json; charset=utf-8
host: localhost:42417
accept: */*

Response DefaultHttpResponse(decodeResult: success, version: HTTP/1.1)
HTTP/1.1 200 OK
Content-Length: 14
Content-Type: application/json; charset=utf-8
cache-control: no-cache

00:34:53.542 [AsyncHttpClient-1-11] DEBUG org.asynchttpclient.netty.channel.ChannelManager - Adding key: http://localhost:42417 for channel [id: 0x2276d1b9, L:/127.0.0.1:61784 - R:localhost/127.0.0.1:42417]
00:34:54.513 [AsyncHttpClient-1-1] DEBUG org.asynchttpclient.netty.channel.DefaultChannelPool - Entry count for : http://localhost:42417 : 1
00:34:54.513 [AsyncHttpClient-1-1] DEBUG org.asynchttpclient.netty.channel.DefaultChannelPool - Entry count for : http://localhost:61785 : 1
00:34:55.613 [AsyncHttpClient-1-1] DEBUG org.asynchttpclient.netty.channel.DefaultChannelPool - Entry count for : http://localhost:42417 : 1
00:34:55.613 [AsyncHttpClient-1-1] DEBUG org.asynchttpclient.netty.channel.DefaultChannelPool - Entry count for : http://localhost:61785 : 1
00:34:56.550 [Forwarding screenshot on session 2cdc3cf43dc60400239ced7c94c87e95 to remote] DEBUG org.asynchttpclient.netty.request.NettyRequestSender - Using pooled Channel '[id: 0x2276d1b9, L:/127.0.0.1:61784 - R:localhost/127.0.0.1:42417]' for 'GET' to 'http://localhost:42417/session/2cdc3cf43dc60400239ced7c94c87e95/screenshot'
00:34:56.550 [Forwarding screenshot on session 2cdc3cf43dc60400239ced7c94c87e95 to remote] DEBUG org.asynchttpclient.netty.request.NettyRequestSender - Using open Channel [id: 0x2276d1b9, L:/127.0.0.1:61784 - R:localhost/127.0.0.1:42417] for GET '/session/2cdc3cf43dc60400239ced7c94c87e95/screenshot'
00:34:56.720 [AsyncHttpClient-1-1] DEBUG org.asynchttpclient.netty.channel.DefaultChannelPool - Entry count for : http://localhost:61785 : 1
00:34:56.720 [AsyncHttpClient-1-11] DEBUG org.asynchttpclient.netty.handler.HttpHandler - 

Request DefaultFullHttpRequest(decodeResult: success, version: HTTP/1.1, content: EmptyByteBufBE)
GET /session/2cdc3cf43dc60400239ced7c94c87e95/screenshot HTTP/1.1
Cache-Control: no-cache
User-Agent: selenium/4.12.0 (java windows)
Content-Type: application/json; charset=utf-8
host: localhost:42417
accept: */*

Response DefaultHttpResponse(decodeResult: success, version: HTTP/1.1)
HTTP/1.1 200 OK
Content-Length: 233672
Content-Type: application/json; charset=utf-8
cache-control: no-cache

00:34:56.720 [AsyncHttpClient-1-11] DEBUG org.asynchttpclient.netty.channel.ChannelManager - Adding key: http://localhost:42417 for channel [id: 0x2276d1b9, L:/127.0.0.1:61784 - R:localhost/127.0.0.1:42417]
  Given I am on dashboardfokisaj290@edectus.com and Fleet@123 # StepDefination.Customer_onboarding.I_am_on_dashboard(java.lang.String,java.lang.String)
00:34:56.747 [Forwarding findElement on session 2cdc3cf43dc60400239ced7c94c87e95 to remote] DEBUG org.asynchttpclient.netty.request.NettyRequestSender - Using pooled Channel '[id: 0x2276d1b9, L:/127.0.0.1:61784 - R:localhost/127.0.0.1:42417]' for 'POST' to 'http://localhost:42417/session/2cdc3cf43dc60400239ced7c94c87e95/element'
00:34:56.747 [Forwarding findElement on session 2cdc3cf43dc60400239ced7c94c87e95 to remote] DEBUG org.asynchttpclient.netty.request.NettyRequestSender - Using open Channel [id: 0x2276d1b9, L:/127.0.0.1:61784 - R:localhost/127.0.0.1:42417] for POST '/session/2cdc3cf43dc60400239ced7c94c87e95/element'
00:34:56.762 [AsyncHttpClient-1-11] DEBUG org.asynchttpclient.netty.handler.HttpHandler - 

Request DefaultHttpRequest(decodeResult: success, version: HTTP/1.1)
POST /session/2cdc3cf43dc60400239ced7c94c87e95/element HTTP/1.1
User-Agent: selenium/4.12.0 (java windows)
Content-Length: 127
Content-Type: application/json; charset=utf-8
host: localhost:42417
accept: */*

Response DefaultHttpResponse(decodeResult: success, version: HTTP/1.1)
HTTP/1.1 200 OK
Content-Length: 126
Content-Type: application/json; charset=utf-8
cache-control: no-cache

00:34:56.762 [AsyncHttpClient-1-11] DEBUG org.asynchttpclient.netty.channel.ChannelManager - Adding key: http://localhost:42417 for channel [id: 0x2276d1b9, L:/127.0.0.1:61784 - R:localhost/127.0.0.1:42417]
00:34:56.762 [Forwarding getElementText on session 2cdc3cf43dc60400239ced7c94c87e95 to remote] DEBUG org.asynchttpclient.netty.request.NettyRequestSender - Using pooled Channel '[id: 0x2276d1b9, L:/127.0.0.1:61784 - R:localhost/127.0.0.1:42417]' for 'GET' to 'http://localhost:42417/session/2cdc3cf43dc60400239ced7c94c87e95/element/f.A0EA9318E0E7AEB8234C8A9808816AFD.d.73E0BAEAE91B6DE752DFC71CECE5CDE5.e.30/text'
00:34:56.762 [Forwarding getElementText on session 2cdc3cf43dc60400239ced7c94c87e95 to remote] DEBUG org.asynchttpclient.netty.request.NettyRequestSender - Using open Channel [id: 0x2276d1b9, L:/127.0.0.1:61784 - R:localhost/127.0.0.1:42417] for GET '/session/2cdc3cf43dc60400239ced7c94c87e95/element/f.A0EA9318E0E7AEB8234C8A9808816AFD.d.73E0BAEAE91B6DE752DFC71CECE5CDE5.e.30/text'
00:34:56.773 [AsyncHttpClient-1-11] DEBUG org.asynchttpclient.netty.handler.HttpHandler - 

Request DefaultFullHttpRequest(decodeResult: success, version: HTTP/1.1, content: EmptyByteBufBE)
GET /session/2cdc3cf43dc60400239ced7c94c87e95/element/f.A0EA9318E0E7AEB8234C8A9808816AFD.d.73E0BAEAE91B6DE752DFC71CECE5CDE5.e.30/text HTTP/1.1
Cache-Control: no-cache
User-Agent: selenium/4.12.0 (java windows)
Content-Type: application/json; charset=utf-8
host: localhost:42417
accept: */*

Response DefaultHttpResponse(decodeResult: success, version: HTTP/1.1)
HTTP/1.1 200 OK
Content-Length: 21
Content-Type: application/json; charset=utf-8
cache-control: no-cache

00:34:56.773 [AsyncHttpClient-1-11] DEBUG org.asynchttpclient.netty.channel.ChannelManager - Adding key: http://localhost:42417 for channel [id: 0x2276d1b9, L:/127.0.0.1:61784 - R:localhost/127.0.0.1:42417]
00:34:56.774 [Forwarding findElement on session 2cdc3cf43dc60400239ced7c94c87e95 to remote] DEBUG org.asynchttpclient.netty.request.NettyRequestSender - Using pooled Channel '[id: 0x2276d1b9, L:/127.0.0.1:61784 - R:localhost/127.0.0.1:42417]' for 'POST' to 'http://localhost:42417/session/2cdc3cf43dc60400239ced7c94c87e95/element'
00:34:56.774 [Forwarding findElement on session 2cdc3cf43dc60400239ced7c94c87e95 to remote] DEBUG org.asynchttpclient.netty.request.NettyRequestSender - Using open Channel [id: 0x2276d1b9, L:/127.0.0.1:61784 - R:localhost/127.0.0.1:42417] for POST '/session/2cdc3cf43dc60400239ced7c94c87e95/element'
00:34:56.783 [AsyncHttpClient-1-11] DEBUG org.asynchttpclient.netty.handler.HttpHandler - 

Request DefaultHttpRequest(decodeResult: success, version: HTTP/1.1)
POST /session/2cdc3cf43dc60400239ced7c94c87e95/element HTTP/1.1
User-Agent: selenium/4.12.0 (java windows)
Content-Length: 127
Content-Type: application/json; charset=utf-8
host: localhost:42417
accept: */*

Response DefaultHttpResponse(decodeResult: success, version: HTTP/1.1)
HTTP/1.1 200 OK
Content-Length: 126
Content-Type: application/json; charset=utf-8
cache-control: no-cache

00:34:56.784 [AsyncHttpClient-1-11] DEBUG org.asynchttpclient.netty.channel.ChannelManager - Adding key: http://localhost:42417 for channel [id: 0x2276d1b9, L:/127.0.0.1:61784 - R:localhost/127.0.0.1:42417]
00:34:56.785 [Forwarding clickElement on session 2cdc3cf43dc60400239ced7c94c87e95 to remote] DEBUG org.asynchttpclient.netty.request.NettyRequestSender - Using pooled Channel '[id: 0x2276d1b9, L:/127.0.0.1:61784 - R:localhost/127.0.0.1:42417]' for 'POST' to 'http://localhost:42417/session/2cdc3cf43dc60400239ced7c94c87e95/element/f.A0EA9318E0E7AEB8234C8A9808816AFD.d.73E0BAEAE91B6DE752DFC71CECE5CDE5.e.30/click'
00:34:56.785 [Forwarding clickElement on session 2cdc3cf43dc60400239ced7c94c87e95 to remote] DEBUG org.asynchttpclient.netty.request.NettyRequestSender - Using open Channel [id: 0x2276d1b9, L:/127.0.0.1:61784 - R:localhost/127.0.0.1:42417] for POST '/session/2cdc3cf43dc60400239ced7c94c87e95/element/f.A0EA9318E0E7AEB8234C8A9808816AFD.d.73E0BAEAE91B6DE752DFC71CECE5CDE5.e.30/click'
00:34:56.866 [AsyncHttpClient-1-11] DEBUG org.asynchttpclient.netty.handler.HttpHandler - 

Request DefaultHttpRequest(decodeResult: success, version: HTTP/1.1)
POST /session/2cdc3cf43dc60400239ced7c94c87e95/element/f.A0EA9318E0E7AEB8234C8A9808816AFD.d.73E0BAEAE91B6DE752DFC71CECE5CDE5.e.30/click HTTP/1.1
User-Agent: selenium/4.12.0 (java windows)
Content-Length: 88
Content-Type: application/json; charset=utf-8
host: localhost:42417
accept: */*

Response DefaultHttpResponse(decodeResult: success, version: HTTP/1.1)
HTTP/1.1 200 OK
Content-Length: 14
Content-Type: application/json; charset=utf-8
cache-control: no-cache

00:34:56.866 [AsyncHttpClient-1-11] DEBUG org.asynchttpclient.netty.channel.ChannelManager - Adding key: http://localhost:42417 for channel [id: 0x2276d1b9, L:/127.0.0.1:61784 - R:localhost/127.0.0.1:42417]
00:34:57.822 [AsyncHttpClient-1-1] DEBUG org.asynchttpclient.netty.channel.DefaultChannelPool - Entry count for : http://localhost:42417 : 1
00:34:57.822 [AsyncHttpClient-1-1] DEBUG org.asynchttpclient.netty.channel.DefaultChannelPool - Entry count for : http://localhost:61785 : 1
00:34:58.878 [Forwarding screenshot on session 2cdc3cf43dc60400239ced7c94c87e95 to remote] DEBUG org.asynchttpclient.netty.request.NettyRequestSender - Using pooled Channel '[id: 0x2276d1b9, L:/127.0.0.1:61784 - R:localhost/127.0.0.1:42417]' for 'GET' to 'http://localhost:42417/session/2cdc3cf43dc60400239ced7c94c87e95/screenshot'
00:34:58.878 [Forwarding screenshot on session 2cdc3cf43dc60400239ced7c94c87e95 to remote] DEBUG org.asynchttpclient.netty.request.NettyRequestSender - Using open Channel [id: 0x2276d1b9, L:/127.0.0.1:61784 - R:localhost/127.0.0.1:42417] for GET '/session/2cdc3cf43dc60400239ced7c94c87e95/screenshot'
00:34:58.912 [AsyncHttpClient-1-1] DEBUG org.asynchttpclient.netty.channel.DefaultChannelPool - Entry count for : http://localhost:61785 : 1
00:34:59.051 [AsyncHttpClient-1-11] DEBUG org.asynchttpclient.netty.handler.HttpHandler - 

Request DefaultFullHttpRequest(decodeResult: success, version: HTTP/1.1, content: EmptyByteBufBE)
GET /session/2cdc3cf43dc60400239ced7c94c87e95/screenshot HTTP/1.1
Cache-Control: no-cache
User-Agent: selenium/4.12.0 (java windows)
Content-Type: application/json; charset=utf-8
host: localhost:42417
accept: */*

Response DefaultHttpResponse(decodeResult: success, version: HTTP/1.1)
HTTP/1.1 200 OK
Content-Length: 335008
Content-Type: application/json; charset=utf-8
cache-control: no-cache

00:34:59.051 [AsyncHttpClient-1-11] DEBUG org.asynchttpclient.netty.channel.ChannelManager - Adding key: http://localhost:42417 for channel [id: 0x2276d1b9, L:/127.0.0.1:61784 - R:localhost/127.0.0.1:42417]
00:34:59.078 [Forwarding findElement on session 2cdc3cf43dc60400239ced7c94c87e95 to remote] DEBUG org.asynchttpclient.netty.request.NettyRequestSender - Using pooled Channel '[id: 0x2276d1b9, L:/127.0.0.1:61784 - R:localhost/127.0.0.1:42417]' for 'POST' to 'http://localhost:42417/session/2cdc3cf43dc60400239ced7c94c87e95/element'
00:34:59.078 [Forwarding findElement on session 2cdc3cf43dc60400239ced7c94c87e95 to remote] DEBUG org.asynchttpclient.netty.request.NettyRequestSender - Using open Channel [id: 0x2276d1b9, L:/127.0.0.1:61784 - R:localhost/127.0.0.1:42417] for POST '/session/2cdc3cf43dc60400239ced7c94c87e95/element'
00:34:59.096 [AsyncHttpClient-1-11] DEBUG org.asynchttpclient.netty.handler.HttpHandler - 

Request DefaultHttpRequest(decodeResult: success, version: HTTP/1.1)
POST /session/2cdc3cf43dc60400239ced7c94c87e95/element HTTP/1.1
User-Agent: selenium/4.12.0 (java windows)
Content-Length: 178
Content-Type: application/json; charset=utf-8
host: localhost:42417
accept: */*

Response DefaultHttpResponse(decodeResult: success, version: HTTP/1.1)
HTTP/1.1 200 OK
Content-Length: 126
Content-Type: application/json; charset=utf-8
cache-control: no-cache

00:34:59.097 [AsyncHttpClient-1-11] DEBUG org.asynchttpclient.netty.channel.ChannelManager - Adding key: http://localhost:42417 for channel [id: 0x2276d1b9, L:/127.0.0.1:61784 - R:localhost/127.0.0.1:42417]
00:34:59.097 [Forwarding getElementText on session 2cdc3cf43dc60400239ced7c94c87e95 to remote] DEBUG org.asynchttpclient.netty.request.NettyRequestSender - Using pooled Channel '[id: 0x2276d1b9, L:/127.0.0.1:61784 - R:localhost/127.0.0.1:42417]' for 'GET' to 'http://localhost:42417/session/2cdc3cf43dc60400239ced7c94c87e95/element/f.A0EA9318E0E7AEB8234C8A9808816AFD.d.73E0BAEAE91B6DE752DFC71CECE5CDE5.e.35/text'
00:34:59.097 [Forwarding getElementText on session 2cdc3cf43dc60400239ced7c94c87e95 to remote] DEBUG org.asynchttpclient.netty.request.NettyRequestSender - Using open Channel [id: 0x2276d1b9, L:/127.0.0.1:61784 - R:localhost/127.0.0.1:42417] for GET '/session/2cdc3cf43dc60400239ced7c94c87e95/element/f.A0EA9318E0E7AEB8234C8A9808816AFD.d.73E0BAEAE91B6DE752DFC71CECE5CDE5.e.35/text'
00:34:59.108 [AsyncHttpClient-1-11] DEBUG org.asynchttpclient.netty.handler.HttpHandler - 

Request DefaultFullHttpRequest(decodeResult: success, version: HTTP/1.1, content: EmptyByteBufBE)
GET /session/2cdc3cf43dc60400239ced7c94c87e95/element/f.A0EA9318E0E7AEB8234C8A9808816AFD.d.73E0BAEAE91B6DE752DFC71CECE5CDE5.e.35/text HTTP/1.1
Cache-Control: no-cache
User-Agent: selenium/4.12.0 (java windows)
Content-Type: application/json; charset=utf-8
host: localhost:42417
accept: */*

Response DefaultHttpResponse(decodeResult: success, version: HTTP/1.1)
HTTP/1.1 200 OK
Content-Length: 28
Content-Type: application/json; charset=utf-8
cache-control: no-cache

00:34:59.108 [AsyncHttpClient-1-11] DEBUG org.asynchttpclient.netty.channel.ChannelManager - Adding key: http://localhost:42417 for channel [id: 0x2276d1b9, L:/127.0.0.1:61784 - R:localhost/127.0.0.1:42417]
00:34:59.109 [Forwarding findElement on session 2cdc3cf43dc60400239ced7c94c87e95 to remote] DEBUG org.asynchttpclient.netty.request.NettyRequestSender - Using pooled Channel '[id: 0x2276d1b9, L:/127.0.0.1:61784 - R:localhost/127.0.0.1:42417]' for 'POST' to 'http://localhost:42417/session/2cdc3cf43dc60400239ced7c94c87e95/element'
00:34:59.109 [Forwarding findElement on session 2cdc3cf43dc60400239ced7c94c87e95 to remote] DEBUG org.asynchttpclient.netty.request.NettyRequestSender - Using open Channel [id: 0x2276d1b9, L:/127.0.0.1:61784 - R:localhost/127.0.0.1:42417] for POST '/session/2cdc3cf43dc60400239ced7c94c87e95/element'
00:34:59.120 [AsyncHttpClient-1-11] DEBUG org.asynchttpclient.netty.handler.HttpHandler - 

Request DefaultHttpRequest(decodeResult: success, version: HTTP/1.1)
POST /session/2cdc3cf43dc60400239ced7c94c87e95/element HTTP/1.1
User-Agent: selenium/4.12.0 (java windows)
Content-Length: 178
Content-Type: application/json; charset=utf-8
host: localhost:42417
accept: */*

Response DefaultHttpResponse(decodeResult: success, version: HTTP/1.1)
HTTP/1.1 200 OK
Content-Length: 126
Content-Type: application/json; charset=utf-8
cache-control: no-cache

00:34:59.120 [AsyncHttpClient-1-11] DEBUG org.asynchttpclient.netty.channel.ChannelManager - Adding key: http://localhost:42417 for channel [id: 0x2276d1b9, L:/127.0.0.1:61784 - R:localhost/127.0.0.1:42417]
00:34:59.122 [Forwarding clickElement on session 2cdc3cf43dc60400239ced7c94c87e95 to remote] DEBUG org.asynchttpclient.netty.request.NettyRequestSender - Using pooled Channel '[id: 0x2276d1b9, L:/127.0.0.1:61784 - R:localhost/127.0.0.1:42417]' for 'POST' to 'http://localhost:42417/session/2cdc3cf43dc60400239ced7c94c87e95/element/f.A0EA9318E0E7AEB8234C8A9808816AFD.d.73E0BAEAE91B6DE752DFC71CECE5CDE5.e.35/click'
00:34:59.122 [Forwarding clickElement on session 2cdc3cf43dc60400239ced7c94c87e95 to remote] DEBUG org.asynchttpclient.netty.request.NettyRequestSender - Using open Channel [id: 0x2276d1b9, L:/127.0.0.1:61784 - R:localhost/127.0.0.1:42417] for POST '/session/2cdc3cf43dc60400239ced7c94c87e95/element/f.A0EA9318E0E7AEB8234C8A9808816AFD.d.73E0BAEAE91B6DE752DFC71CECE5CDE5.e.35/click'
00:34:59.210 [AsyncHttpClient-1-11] DEBUG org.asynchttpclient.netty.handler.HttpHandler - 

Request DefaultHttpRequest(decodeResult: success, version: HTTP/1.1)
POST /session/2cdc3cf43dc60400239ced7c94c87e95/element/f.A0EA9318E0E7AEB8234C8A9808816AFD.d.73E0BAEAE91B6DE752DFC71CECE5CDE5.e.35/click HTTP/1.1
User-Agent: selenium/4.12.0 (java windows)
Content-Length: 88
Content-Type: application/json; charset=utf-8
host: localhost:42417
accept: */*

Response DefaultHttpResponse(decodeResult: success, version: HTTP/1.1)
HTTP/1.1 200 OK
Content-Length: 14
Content-Type: application/json; charset=utf-8
cache-control: no-cache

00:34:59.210 [AsyncHttpClient-1-11] DEBUG org.asynchttpclient.netty.channel.ChannelManager - Adding key: http://localhost:42417 for channel [id: 0x2276d1b9, L:/127.0.0.1:61784 - R:localhost/127.0.0.1:42417]
  When Open customer form                                     # StepDefination.Customer_onboarding.Open_customer_form()
00:35:00.012 [AsyncHttpClient-1-1] DEBUG org.asynchttpclient.netty.channel.DefaultChannelPool - Entry count for : http://localhost:42417 : 1
00:35:00.012 [AsyncHttpClient-1-1] DEBUG org.asynchttpclient.netty.channel.DefaultChannelPool - Entry count for : http://localhost:61785 : 1
00:35:00.735 [Forwarding findElement on session 2cdc3cf43dc60400239ced7c94c87e95 to remote] DEBUG org.asynchttpclient.netty.request.NettyRequestSender - Using pooled Channel '[id: 0x2276d1b9, L:/127.0.0.1:61784 - R:localhost/127.0.0.1:42417]' for 'POST' to 'http://localhost:42417/session/2cdc3cf43dc60400239ced7c94c87e95/element'
00:35:00.735 [Forwarding findElement on session 2cdc3cf43dc60400239ced7c94c87e95 to remote] DEBUG org.asynchttpclient.netty.request.NettyRequestSender - Using open Channel [id: 0x2276d1b9, L:/127.0.0.1:61784 - R:localhost/127.0.0.1:42417] for POST '/session/2cdc3cf43dc60400239ced7c94c87e95/element'
00:35:00.757 [AsyncHttpClient-1-11] DEBUG org.asynchttpclient.netty.handler.HttpHandler - 

Request DefaultHttpRequest(decodeResult: success, version: HTTP/1.1)
POST /session/2cdc3cf43dc60400239ced7c94c87e95/element HTTP/1.1
User-Agent: selenium/4.12.0 (java windows)
Content-Length: 114
Content-Type: application/json; charset=utf-8
host: localhost:42417
accept: */*

Response DefaultHttpResponse(decodeResult: success, version: HTTP/1.1)
HTTP/1.1 200 OK
Content-Length: 126
Content-Type: application/json; charset=utf-8
cache-control: no-cache

00:35:00.757 [AsyncHttpClient-1-11] DEBUG org.asynchttpclient.netty.channel.ChannelManager - Adding key: http://localhost:42417 for channel [id: 0x2276d1b9, L:/127.0.0.1:61784 - R:localhost/127.0.0.1:42417]
00:35:00.757 [Forwarding sendKeysToElement on session 2cdc3cf43dc60400239ced7c94c87e95 to remote] DEBUG org.asynchttpclient.netty.request.NettyRequestSender - Using pooled Channel '[id: 0x2276d1b9, L:/127.0.0.1:61784 - R:localhost/127.0.0.1:42417]' for 'POST' to 'http://localhost:42417/session/2cdc3cf43dc60400239ced7c94c87e95/element/f.A0EA9318E0E7AEB8234C8A9808816AFD.d.73E0BAEAE91B6DE752DFC71CECE5CDE5.e.37/value'
00:35:00.757 [Forwarding sendKeysToElement on session 2cdc3cf43dc60400239ced7c94c87e95 to remote] DEBUG org.asynchttpclient.netty.request.NettyRequestSender - Using open Channel [id: 0x2276d1b9, L:/127.0.0.1:61784 - R:localhost/127.0.0.1:42417] for POST '/session/2cdc3cf43dc60400239ced7c94c87e95/element/f.A0EA9318E0E7AEB8234C8A9808816AFD.d.73E0BAEAE91B6DE752DFC71CECE5CDE5.e.37/value'
00:35:01.002 [AsyncHttpClient-1-11] DEBUG org.asynchttpclient.netty.handler.HttpHandler - 

Request DefaultHttpRequest(decodeResult: success, version: HTTP/1.1)
POST /session/2cdc3cf43dc60400239ced7c94c87e95/element/f.A0EA9318E0E7AEB8234C8A9808816AFD.d.73E0BAEAE91B6DE752DFC71CECE5CDE5.e.37/value HTTP/1.1
User-Agent: selenium/4.12.0 (java windows)
Content-Length: 219
Content-Type: application/json; charset=utf-8
host: localhost:42417
accept: */*

Response DefaultHttpResponse(decodeResult: success, version: HTTP/1.1)
HTTP/1.1 200 OK
Content-Length: 14
Content-Type: application/json; charset=utf-8
cache-control: no-cache

00:35:01.002 [AsyncHttpClient-1-11] DEBUG org.asynchttpclient.netty.channel.ChannelManager - Adding key: http://localhost:42417 for channel [id: 0x2276d1b9, L:/127.0.0.1:61784 - R:localhost/127.0.0.1:42417]
00:35:01.003 [Forwarding screenshot on session 2cdc3cf43dc60400239ced7c94c87e95 to remote] DEBUG org.asynchttpclient.netty.request.NettyRequestSender - Using pooled Channel '[id: 0x2276d1b9, L:/127.0.0.1:61784 - R:localhost/127.0.0.1:42417]' for 'GET' to 'http://localhost:42417/session/2cdc3cf43dc60400239ced7c94c87e95/screenshot'
00:35:01.003 [Forwarding screenshot on session 2cdc3cf43dc60400239ced7c94c87e95 to remote] DEBUG org.asynchttpclient.netty.request.NettyRequestSender - Using open Channel [id: 0x2276d1b9, L:/127.0.0.1:61784 - R:localhost/127.0.0.1:42417] for GET '/session/2cdc3cf43dc60400239ced7c94c87e95/screenshot'
00:35:01.118 [AsyncHttpClient-1-1] DEBUG org.asynchttpclient.netty.channel.DefaultChannelPool - Entry count for : http://localhost:61785 : 1
00:35:01.197 [AsyncHttpClient-1-11] DEBUG org.asynchttpclient.netty.handler.HttpHandler - 

Request DefaultFullHttpRequest(decodeResult: success, version: HTTP/1.1, content: EmptyByteBufBE)
GET /session/2cdc3cf43dc60400239ced7c94c87e95/screenshot HTTP/1.1
Cache-Control: no-cache
User-Agent: selenium/4.12.0 (java windows)
Content-Type: application/json; charset=utf-8
host: localhost:42417
accept: */*

Response DefaultHttpResponse(decodeResult: success, version: HTTP/1.1)
HTTP/1.1 200 OK
Content-Length: 327728
Content-Type: application/json; charset=utf-8
cache-control: no-cache

00:35:01.197 [AsyncHttpClient-1-11] DEBUG org.asynchttpclient.netty.channel.ChannelManager - Adding key: http://localhost:42417 for channel [id: 0x2276d1b9, L:/127.0.0.1:61784 - R:localhost/127.0.0.1:42417]
  And Provide the company nameRaj_Steels                      # StepDefination.Customer_onboarding.Provide_the_company_name(java.lang.String)
00:35:02.218 [AsyncHttpClient-1-1] DEBUG org.asynchttpclient.netty.channel.DefaultChannelPool - Entry count for : http://localhost:42417 : 1
00:35:02.218 [AsyncHttpClient-1-1] DEBUG org.asynchttpclient.netty.channel.DefaultChannelPool - Entry count for : http://localhost:61785 : 1
00:35:02.234 [Forwarding findElement on session 2cdc3cf43dc60400239ced7c94c87e95 to remote] DEBUG org.asynchttpclient.netty.request.NettyRequestSender - Using pooled Channel '[id: 0x2276d1b9, L:/127.0.0.1:61784 - R:localhost/127.0.0.1:42417]' for 'POST' to 'http://localhost:42417/session/2cdc3cf43dc60400239ced7c94c87e95/element'
00:35:02.234 [Forwarding findElement on session 2cdc3cf43dc60400239ced7c94c87e95 to remote] DEBUG org.asynchttpclient.netty.request.NettyRequestSender - Using open Channel [id: 0x2276d1b9, L:/127.0.0.1:61784 - R:localhost/127.0.0.1:42417] for POST '/session/2cdc3cf43dc60400239ced7c94c87e95/element'
00:35:02.250 [AsyncHttpClient-1-11] DEBUG org.asynchttpclient.netty.handler.HttpHandler - 

Request DefaultHttpRequest(decodeResult: success, version: HTTP/1.1)
POST /session/2cdc3cf43dc60400239ced7c94c87e95/element HTTP/1.1
User-Agent: selenium/4.12.0 (java windows)
Content-Length: 72
Content-Type: application/json; charset=utf-8
host: localhost:42417
accept: */*

Response DefaultHttpResponse(decodeResult: success, version: HTTP/1.1)
HTTP/1.1 200 OK
Content-Length: 126
Content-Type: application/json; charset=utf-8
cache-control: no-cache

00:35:02.250 [AsyncHttpClient-1-11] DEBUG org.asynchttpclient.netty.channel.ChannelManager - Adding key: http://localhost:42417 for channel [id: 0x2276d1b9, L:/127.0.0.1:61784 - R:localhost/127.0.0.1:42417]
00:35:02.250 [Forwarding clickElement on session 2cdc3cf43dc60400239ced7c94c87e95 to remote] DEBUG org.asynchttpclient.netty.request.NettyRequestSender - Using pooled Channel '[id: 0x2276d1b9, L:/127.0.0.1:61784 - R:localhost/127.0.0.1:42417]' for 'POST' to 'http://localhost:42417/session/2cdc3cf43dc60400239ced7c94c87e95/element/f.A0EA9318E0E7AEB8234C8A9808816AFD.d.73E0BAEAE91B6DE752DFC71CECE5CDE5.e.79/click'
00:35:02.250 [Forwarding clickElement on session 2cdc3cf43dc60400239ced7c94c87e95 to remote] DEBUG org.asynchttpclient.netty.request.NettyRequestSender - Using open Channel [id: 0x2276d1b9, L:/127.0.0.1:61784 - R:localhost/127.0.0.1:42417] for POST '/session/2cdc3cf43dc60400239ced7c94c87e95/element/f.A0EA9318E0E7AEB8234C8A9808816AFD.d.73E0BAEAE91B6DE752DFC71CECE5CDE5.e.79/click'
00:35:02.385 [AsyncHttpClient-1-11] DEBUG org.asynchttpclient.netty.handler.HttpHandler - 

Request DefaultHttpRequest(decodeResult: success, version: HTTP/1.1)
POST /session/2cdc3cf43dc60400239ced7c94c87e95/element/f.A0EA9318E0E7AEB8234C8A9808816AFD.d.73E0BAEAE91B6DE752DFC71CECE5CDE5.e.79/click HTTP/1.1
User-Agent: selenium/4.12.0 (java windows)
Content-Length: 88
Content-Type: application/json; charset=utf-8
host: localhost:42417
accept: */*

Response DefaultHttpResponse(decodeResult: success, version: HTTP/1.1)
HTTP/1.1 200 OK
Content-Length: 14
Content-Type: application/json; charset=utf-8
cache-control: no-cache

00:35:02.385 [AsyncHttpClient-1-11] DEBUG org.asynchttpclient.netty.channel.ChannelManager - Adding key: http://localhost:42417 for channel [id: 0x2276d1b9, L:/127.0.0.1:61784 - R:localhost/127.0.0.1:42417]
00:35:02.902 [Forwarding screenshot on session 2cdc3cf43dc60400239ced7c94c87e95 to remote] DEBUG org.asynchttpclient.netty.request.NettyRequestSender - Using pooled Channel '[id: 0x2276d1b9, L:/127.0.0.1:61784 - R:localhost/127.0.0.1:42417]' for 'GET' to 'http://localhost:42417/session/2cdc3cf43dc60400239ced7c94c87e95/screenshot'
00:35:02.902 [Forwarding screenshot on session 2cdc3cf43dc60400239ced7c94c87e95 to remote] DEBUG org.asynchttpclient.netty.request.NettyRequestSender - Using open Channel [id: 0x2276d1b9, L:/127.0.0.1:61784 - R:localhost/127.0.0.1:42417] for GET '/session/2cdc3cf43dc60400239ced7c94c87e95/screenshot'
00:35:03.086 [AsyncHttpClient-1-11] DEBUG org.asynchttpclient.netty.handler.HttpHandler - 

Request DefaultFullHttpRequest(decodeResult: success, version: HTTP/1.1, content: EmptyByteBufBE)
GET /session/2cdc3cf43dc60400239ced7c94c87e95/screenshot HTTP/1.1
Cache-Control: no-cache
User-Agent: selenium/4.12.0 (java windows)
Content-Type: application/json; charset=utf-8
host: localhost:42417
accept: */*

Response DefaultHttpResponse(decodeResult: success, version: HTTP/1.1)
HTTP/1.1 200 OK
Content-Length: 326472
Content-Type: application/json; charset=utf-8
cache-control: no-cache

00:35:03.086 [AsyncHttpClient-1-11] DEBUG org.asynchttpclient.netty.channel.ChannelManager - Adding key: http://localhost:42417 for channel [id: 0x2276d1b9, L:/127.0.0.1:61784 - R:localhost/127.0.0.1:42417]
  When Submit the form                                        # StepDefination.Customer_onboarding.Submit_the_form()
00:35:03.114 [Forwarding findElement on session 2cdc3cf43dc60400239ced7c94c87e95 to remote] DEBUG org.asynchttpclient.netty.request.NettyRequestSender - Using pooled Channel '[id: 0x2276d1b9, L:/127.0.0.1:61784 - R:localhost/127.0.0.1:42417]' for 'POST' to 'http://localhost:42417/session/2cdc3cf43dc60400239ced7c94c87e95/element'
00:35:03.114 [Forwarding findElement on session 2cdc3cf43dc60400239ced7c94c87e95 to remote] DEBUG org.asynchttpclient.netty.request.NettyRequestSender - Using open Channel [id: 0x2276d1b9, L:/127.0.0.1:61784 - R:localhost/127.0.0.1:42417] for POST '/session/2cdc3cf43dc60400239ced7c94c87e95/element'
00:35:03.133 [AsyncHttpClient-1-11] DEBUG org.asynchttpclient.netty.handler.HttpHandler - 

Request DefaultHttpRequest(decodeResult: success, version: HTTP/1.1)
POST /session/2cdc3cf43dc60400239ced7c94c87e95/element HTTP/1.1
User-Agent: selenium/4.12.0 (java windows)
Content-Length: 131
Content-Type: application/json; charset=utf-8
host: localhost:42417
accept: */*

Response DefaultHttpResponse(decodeResult: success, version: HTTP/1.1)
HTTP/1.1 200 OK
Content-Length: 126
Content-Type: application/json; charset=utf-8
cache-control: no-cache

00:35:03.134 [AsyncHttpClient-1-11] DEBUG org.asynchttpclient.netty.channel.ChannelManager - Adding key: http://localhost:42417 for channel [id: 0x2276d1b9, L:/127.0.0.1:61784 - R:localhost/127.0.0.1:42417]
00:35:03.134 [Forwarding getElementText on session 2cdc3cf43dc60400239ced7c94c87e95 to remote] DEBUG org.asynchttpclient.netty.request.NettyRequestSender - Using pooled Channel '[id: 0x2276d1b9, L:/127.0.0.1:61784 - R:localhost/127.0.0.1:42417]' for 'GET' to 'http://localhost:42417/session/2cdc3cf43dc60400239ced7c94c87e95/element/f.A0EA9318E0E7AEB8234C8A9808816AFD.d.73E0BAEAE91B6DE752DFC71CECE5CDE5.e.80/text'
00:35:03.134 [Forwarding getElementText on session 2cdc3cf43dc60400239ced7c94c87e95 to remote] DEBUG org.asynchttpclient.netty.request.NettyRequestSender - Using open Channel [id: 0x2276d1b9, L:/127.0.0.1:61784 - R:localhost/127.0.0.1:42417] for GET '/session/2cdc3cf43dc60400239ced7c94c87e95/element/f.A0EA9318E0E7AEB8234C8A9808816AFD.d.73E0BAEAE91B6DE752DFC71CECE5CDE5.e.80/text'
00:35:03.149 [AsyncHttpClient-1-11] DEBUG org.asynchttpclient.netty.handler.HttpHandler - 

Request DefaultFullHttpRequest(decodeResult: success, version: HTTP/1.1, content: EmptyByteBufBE)
GET /session/2cdc3cf43dc60400239ced7c94c87e95/element/f.A0EA9318E0E7AEB8234C8A9808816AFD.d.73E0BAEAE91B6DE752DFC71CECE5CDE5.e.80/text HTTP/1.1
Cache-Control: no-cache
User-Agent: selenium/4.12.0 (java windows)
Content-Type: application/json; charset=utf-8
host: localhost:42417
accept: */*

Response DefaultHttpResponse(decodeResult: success, version: HTTP/1.1)
HTTP/1.1 200 OK
Content-Length: 30
Content-Type: application/json; charset=utf-8
cache-control: no-cache

00:35:03.149 [AsyncHttpClient-1-11] DEBUG org.asynchttpclient.netty.channel.ChannelManager - Adding key: http://localhost:42417 for channel [id: 0x2276d1b9, L:/127.0.0.1:61784 - R:localhost/127.0.0.1:42417]
Street is required
00:35:03.322 [AsyncHttpClient-1-1] DEBUG org.asynchttpclient.netty.channel.DefaultChannelPool - Entry count for : http://localhost:42417 : 1
00:35:03.322 [AsyncHttpClient-1-1] DEBUG org.asynchttpclient.netty.channel.DefaultChannelPool - Entry count for : http://localhost:61785 : 1
00:35:03.655 [Forwarding screenshot on session 2cdc3cf43dc60400239ced7c94c87e95 to remote] DEBUG org.asynchttpclient.netty.request.NettyRequestSender - Using pooled Channel '[id: 0x2276d1b9, L:/127.0.0.1:61784 - R:localhost/127.0.0.1:42417]' for 'GET' to 'http://localhost:42417/session/2cdc3cf43dc60400239ced7c94c87e95/screenshot'
00:35:03.655 [Forwarding screenshot on session 2cdc3cf43dc60400239ced7c94c87e95 to remote] DEBUG org.asynchttpclient.netty.request.NettyRequestSender - Using open Channel [id: 0x2276d1b9, L:/127.0.0.1:61784 - R:localhost/127.0.0.1:42417] for GET '/session/2cdc3cf43dc60400239ced7c94c87e95/screenshot'
00:35:03.836 [AsyncHttpClient-1-11] DEBUG org.asynchttpclient.netty.handler.HttpHandler - 

Request DefaultFullHttpRequest(decodeResult: success, version: HTTP/1.1, content: EmptyByteBufBE)
GET /session/2cdc3cf43dc60400239ced7c94c87e95/screenshot HTTP/1.1
Cache-Control: no-cache
User-Agent: selenium/4.12.0 (java windows)
Content-Type: application/json; charset=utf-8
host: localhost:42417
accept: */*

Response DefaultHttpResponse(decodeResult: success, version: HTTP/1.1)
HTTP/1.1 200 OK
Content-Length: 326472
Content-Type: application/json; charset=utf-8
cache-control: no-cache

00:35:03.836 [AsyncHttpClient-1-11] DEBUG org.asynchttpclient.netty.channel.ChannelManager - Adding key: http://localhost:42417 for channel [id: 0x2276d1b9, L:/127.0.0.1:61784 - R:localhost/127.0.0.1:42417]
  Then Display Error responseStreet is required               # StepDefination.Customer_onboarding.customerNot_added(java.lang.String)
00:35:03.855 [Forwarding findElement on session 2cdc3cf43dc60400239ced7c94c87e95 to remote] DEBUG org.asynchttpclient.netty.request.NettyRequestSender - Using pooled Channel '[id: 0x2276d1b9, L:/127.0.0.1:61784 - R:localhost/127.0.0.1:42417]' for 'POST' to 'http://localhost:42417/session/2cdc3cf43dc60400239ced7c94c87e95/element'
00:35:03.855 [Forwarding findElement on session 2cdc3cf43dc60400239ced7c94c87e95 to remote] DEBUG org.asynchttpclient.netty.request.NettyRequestSender - Using open Channel [id: 0x2276d1b9, L:/127.0.0.1:61784 - R:localhost/127.0.0.1:42417] for POST '/session/2cdc3cf43dc60400239ced7c94c87e95/element'
00:35:03.869 [AsyncHttpClient-1-11] DEBUG org.asynchttpclient.netty.handler.HttpHandler - 

Request DefaultHttpRequest(decodeResult: success, version: HTTP/1.1)
POST /session/2cdc3cf43dc60400239ced7c94c87e95/element HTTP/1.1
User-Agent: selenium/4.12.0 (java windows)
Content-Length: 129
Content-Type: application/json; charset=utf-8
host: localhost:42417
accept: */*

Response DefaultHttpResponse(decodeResult: success, version: HTTP/1.1)
HTTP/1.1 200 OK
Content-Length: 126
Content-Type: application/json; charset=utf-8
cache-control: no-cache

00:35:03.869 [AsyncHttpClient-1-11] DEBUG org.asynchttpclient.netty.channel.ChannelManager - Adding key: http://localhost:42417 for channel [id: 0x2276d1b9, L:/127.0.0.1:61784 - R:localhost/127.0.0.1:42417]
00:35:03.869 [Forwarding getElementText on session 2cdc3cf43dc60400239ced7c94c87e95 to remote] DEBUG org.asynchttpclient.netty.request.NettyRequestSender - Using pooled Channel '[id: 0x2276d1b9, L:/127.0.0.1:61784 - R:localhost/127.0.0.1:42417]' for 'GET' to 'http://localhost:42417/session/2cdc3cf43dc60400239ced7c94c87e95/element/f.A0EA9318E0E7AEB8234C8A9808816AFD.d.73E0BAEAE91B6DE752DFC71CECE5CDE5.e.81/text'
00:35:03.869 [Forwarding getElementText on session 2cdc3cf43dc60400239ced7c94c87e95 to remote] DEBUG org.asynchttpclient.netty.request.NettyRequestSender - Using open Channel [id: 0x2276d1b9, L:/127.0.0.1:61784 - R:localhost/127.0.0.1:42417] for GET '/session/2cdc3cf43dc60400239ced7c94c87e95/element/f.A0EA9318E0E7AEB8234C8A9808816AFD.d.73E0BAEAE91B6DE752DFC71CECE5CDE5.e.81/text'
00:35:03.894 [AsyncHttpClient-1-11] DEBUG org.asynchttpclient.netty.handler.HttpHandler - 

Request DefaultFullHttpRequest(decodeResult: success, version: HTTP/1.1, content: EmptyByteBufBE)
GET /session/2cdc3cf43dc60400239ced7c94c87e95/element/f.A0EA9318E0E7AEB8234C8A9808816AFD.d.73E0BAEAE91B6DE752DFC71CECE5CDE5.e.81/text HTTP/1.1
Cache-Control: no-cache
User-Agent: selenium/4.12.0 (java windows)
Content-Type: application/json; charset=utf-8
host: localhost:42417
accept: */*

Response DefaultHttpResponse(decodeResult: success, version: HTTP/1.1)
HTTP/1.1 200 OK
Content-Length: 28
Content-Type: application/json; charset=utf-8
cache-control: no-cache

00:35:03.894 [AsyncHttpClient-1-11] DEBUG org.asynchttpclient.netty.channel.ChannelManager - Adding key: http://localhost:42417 for channel [id: 0x2276d1b9, L:/127.0.0.1:61784 - R:localhost/127.0.0.1:42417]
City is required
00:35:04.405 [Forwarding screenshot on session 2cdc3cf43dc60400239ced7c94c87e95 to remote] DEBUG org.asynchttpclient.netty.request.NettyRequestSender - Using pooled Channel '[id: 0x2276d1b9, L:/127.0.0.1:61784 - R:localhost/127.0.0.1:42417]' for 'GET' to 'http://localhost:42417/session/2cdc3cf43dc60400239ced7c94c87e95/screenshot'
00:35:04.405 [Forwarding screenshot on session 2cdc3cf43dc60400239ced7c94c87e95 to remote] DEBUG org.asynchttpclient.netty.request.NettyRequestSender - Using open Channel [id: 0x2276d1b9, L:/127.0.0.1:61784 - R:localhost/127.0.0.1:42417] for GET '/session/2cdc3cf43dc60400239ced7c94c87e95/screenshot'
00:35:04.421 [AsyncHttpClient-1-1] DEBUG org.asynchttpclient.netty.channel.DefaultChannelPool - Entry count for : http://localhost:61785 : 1
00:35:04.575 [AsyncHttpClient-1-11] DEBUG org.asynchttpclient.netty.handler.HttpHandler - 

Request DefaultFullHttpRequest(decodeResult: success, version: HTTP/1.1, content: EmptyByteBufBE)
GET /session/2cdc3cf43dc60400239ced7c94c87e95/screenshot HTTP/1.1
Cache-Control: no-cache
User-Agent: selenium/4.12.0 (java windows)
Content-Type: application/json; charset=utf-8
host: localhost:42417
accept: */*

Response DefaultHttpResponse(decodeResult: success, version: HTTP/1.1)
HTTP/1.1 200 OK
Content-Length: 326472
Content-Type: application/json; charset=utf-8
cache-control: no-cache

00:35:04.575 [AsyncHttpClient-1-11] DEBUG org.asynchttpclient.netty.channel.ChannelManager - Adding key: http://localhost:42417 for channel [id: 0x2276d1b9, L:/127.0.0.1:61784 - R:localhost/127.0.0.1:42417]
  Then Display Error responseCity is required                 # StepDefination.Customer_onboarding.customerNot_added(java.lang.String)
00:35:04.606 [Forwarding findElement on session 2cdc3cf43dc60400239ced7c94c87e95 to remote] DEBUG org.asynchttpclient.netty.request.NettyRequestSender - Using pooled Channel '[id: 0x2276d1b9, L:/127.0.0.1:61784 - R:localhost/127.0.0.1:42417]' for 'POST' to 'http://localhost:42417/session/2cdc3cf43dc60400239ced7c94c87e95/element'
00:35:04.606 [Forwarding findElement on session 2cdc3cf43dc60400239ced7c94c87e95 to remote] DEBUG org.asynchttpclient.netty.request.NettyRequestSender - Using open Channel [id: 0x2276d1b9, L:/127.0.0.1:61784 - R:localhost/127.0.0.1:42417] for POST '/session/2cdc3cf43dc60400239ced7c94c87e95/element'
00:35:04.621 [AsyncHttpClient-1-11] DEBUG org.asynchttpclient.netty.handler.HttpHandler - 

Request DefaultHttpRequest(decodeResult: success, version: HTTP/1.1)
POST /session/2cdc3cf43dc60400239ced7c94c87e95/element HTTP/1.1
User-Agent: selenium/4.12.0 (java windows)
Content-Length: 133
Content-Type: application/json; charset=utf-8
host: localhost:42417
accept: */*

Response DefaultHttpResponse(decodeResult: success, version: HTTP/1.1)
HTTP/1.1 200 OK
Content-Length: 126
Content-Type: application/json; charset=utf-8
cache-control: no-cache

00:35:04.621 [AsyncHttpClient-1-11] DEBUG org.asynchttpclient.netty.channel.ChannelManager - Adding key: http://localhost:42417 for channel [id: 0x2276d1b9, L:/127.0.0.1:61784 - R:localhost/127.0.0.1:42417]
00:35:04.621 [Forwarding getElementText on session 2cdc3cf43dc60400239ced7c94c87e95 to remote] DEBUG org.asynchttpclient.netty.request.NettyRequestSender - Using pooled Channel '[id: 0x2276d1b9, L:/127.0.0.1:61784 - R:localhost/127.0.0.1:42417]' for 'GET' to 'http://localhost:42417/session/2cdc3cf43dc60400239ced7c94c87e95/element/f.A0EA9318E0E7AEB8234C8A9808816AFD.d.73E0BAEAE91B6DE752DFC71CECE5CDE5.e.82/text'
00:35:04.621 [Forwarding getElementText on session 2cdc3cf43dc60400239ced7c94c87e95 to remote] DEBUG org.asynchttpclient.netty.request.NettyRequestSender - Using open Channel [id: 0x2276d1b9, L:/127.0.0.1:61784 - R:localhost/127.0.0.1:42417] for GET '/session/2cdc3cf43dc60400239ced7c94c87e95/element/f.A0EA9318E0E7AEB8234C8A9808816AFD.d.73E0BAEAE91B6DE752DFC71CECE5CDE5.e.82/text'
00:35:04.635 [AsyncHttpClient-1-11] DEBUG org.asynchttpclient.netty.handler.HttpHandler - 

Request DefaultFullHttpRequest(decodeResult: success, version: HTTP/1.1, content: EmptyByteBufBE)
GET /session/2cdc3cf43dc60400239ced7c94c87e95/element/f.A0EA9318E0E7AEB8234C8A9808816AFD.d.73E0BAEAE91B6DE752DFC71CECE5CDE5.e.82/text HTTP/1.1
Cache-Control: no-cache
User-Agent: selenium/4.12.0 (java windows)
Content-Type: application/json; charset=utf-8
host: localhost:42417
accept: */*

Response DefaultHttpResponse(decodeResult: success, version: HTTP/1.1)
HTTP/1.1 200 OK
Content-Length: 32
Content-Type: application/json; charset=utf-8
cache-control: no-cache

00:35:04.635 [AsyncHttpClient-1-11] DEBUG org.asynchttpclient.netty.channel.ChannelManager - Adding key: http://localhost:42417 for channel [id: 0x2276d1b9, L:/127.0.0.1:61784 - R:localhost/127.0.0.1:42417]
Province is required
00:35:05.143 [Forwarding screenshot on session 2cdc3cf43dc60400239ced7c94c87e95 to remote] DEBUG org.asynchttpclient.netty.request.NettyRequestSender - Using pooled Channel '[id: 0x2276d1b9, L:/127.0.0.1:61784 - R:localhost/127.0.0.1:42417]' for 'GET' to 'http://localhost:42417/session/2cdc3cf43dc60400239ced7c94c87e95/screenshot'
00:35:05.143 [Forwarding screenshot on session 2cdc3cf43dc60400239ced7c94c87e95 to remote] DEBUG org.asynchttpclient.netty.request.NettyRequestSender - Using open Channel [id: 0x2276d1b9, L:/127.0.0.1:61784 - R:localhost/127.0.0.1:42417] for GET '/session/2cdc3cf43dc60400239ced7c94c87e95/screenshot'
00:35:05.337 [AsyncHttpClient-1-11] DEBUG org.asynchttpclient.netty.handler.HttpHandler - 

Request DefaultFullHttpRequest(decodeResult: success, version: HTTP/1.1, content: EmptyByteBufBE)
GET /session/2cdc3cf43dc60400239ced7c94c87e95/screenshot HTTP/1.1
Cache-Control: no-cache
User-Agent: selenium/4.12.0 (java windows)
Content-Type: application/json; charset=utf-8
host: localhost:42417
accept: */*

Response DefaultHttpResponse(decodeResult: success, version: HTTP/1.1)
HTTP/1.1 200 OK
Content-Length: 326472
Content-Type: application/json; charset=utf-8
cache-control: no-cache

00:35:05.353 [AsyncHttpClient-1-11] DEBUG org.asynchttpclient.netty.channel.ChannelManager - Adding key: http://localhost:42417 for channel [id: 0x2276d1b9, L:/127.0.0.1:61784 - R:localhost/127.0.0.1:42417]
  Then Display Error responseProvince is required             # StepDefination.Customer_onboarding.customerNot_added(java.lang.String)
00:35:05.374 [Forwarding findElement on session 2cdc3cf43dc60400239ced7c94c87e95 to remote] DEBUG org.asynchttpclient.netty.request.NettyRequestSender - Using pooled Channel '[id: 0x2276d1b9, L:/127.0.0.1:61784 - R:localhost/127.0.0.1:42417]' for 'POST' to 'http://localhost:42417/session/2cdc3cf43dc60400239ced7c94c87e95/element'
00:35:05.374 [Forwarding findElement on session 2cdc3cf43dc60400239ced7c94c87e95 to remote] DEBUG org.asynchttpclient.netty.request.NettyRequestSender - Using open Channel [id: 0x2276d1b9, L:/127.0.0.1:61784 - R:localhost/127.0.0.1:42417] for POST '/session/2cdc3cf43dc60400239ced7c94c87e95/element'
00:35:05.384 [AsyncHttpClient-1-11] DEBUG org.asynchttpclient.netty.handler.HttpHandler - 

Request DefaultHttpRequest(decodeResult: success, version: HTTP/1.1)
POST /session/2cdc3cf43dc60400239ced7c94c87e95/element HTTP/1.1
User-Agent: selenium/4.12.0 (java windows)
Content-Length: 136
Content-Type: application/json; charset=utf-8
host: localhost:42417
accept: */*

Response DefaultHttpResponse(decodeResult: success, version: HTTP/1.1)
HTTP/1.1 200 OK
Content-Length: 126
Content-Type: application/json; charset=utf-8
cache-control: no-cache

00:35:05.384 [AsyncHttpClient-1-11] DEBUG org.asynchttpclient.netty.channel.ChannelManager - Adding key: http://localhost:42417 for channel [id: 0x2276d1b9, L:/127.0.0.1:61784 - R:localhost/127.0.0.1:42417]
00:35:05.384 [Forwarding getElementText on session 2cdc3cf43dc60400239ced7c94c87e95 to remote] DEBUG org.asynchttpclient.netty.request.NettyRequestSender - Using pooled Channel '[id: 0x2276d1b9, L:/127.0.0.1:61784 - R:localhost/127.0.0.1:42417]' for 'GET' to 'http://localhost:42417/session/2cdc3cf43dc60400239ced7c94c87e95/element/f.A0EA9318E0E7AEB8234C8A9808816AFD.d.73E0BAEAE91B6DE752DFC71CECE5CDE5.e.83/text'
00:35:05.384 [Forwarding getElementText on session 2cdc3cf43dc60400239ced7c94c87e95 to remote] DEBUG org.asynchttpclient.netty.request.NettyRequestSender - Using open Channel [id: 0x2276d1b9, L:/127.0.0.1:61784 - R:localhost/127.0.0.1:42417] for GET '/session/2cdc3cf43dc60400239ced7c94c87e95/element/f.A0EA9318E0E7AEB8234C8A9808816AFD.d.73E0BAEAE91B6DE752DFC71CECE5CDE5.e.83/text'
00:35:05.401 [AsyncHttpClient-1-11] DEBUG org.asynchttpclient.netty.handler.HttpHandler - 

Request DefaultFullHttpRequest(decodeResult: success, version: HTTP/1.1, content: EmptyByteBufBE)
GET /session/2cdc3cf43dc60400239ced7c94c87e95/element/f.A0EA9318E0E7AEB8234C8A9808816AFD.d.73E0BAEAE91B6DE752DFC71CECE5CDE5.e.83/text HTTP/1.1
Cache-Control: no-cache
User-Agent: selenium/4.12.0 (java windows)
Content-Type: application/json; charset=utf-8
host: localhost:42417
accept: */*

Response DefaultHttpResponse(decodeResult: success, version: HTTP/1.1)
HTTP/1.1 200 OK
Content-Length: 35
Content-Type: application/json; charset=utf-8
cache-control: no-cache

00:35:05.401 [AsyncHttpClient-1-11] DEBUG org.asynchttpclient.netty.channel.ChannelManager - Adding key: http://localhost:42417 for channel [id: 0x2276d1b9, L:/127.0.0.1:61784 - R:localhost/127.0.0.1:42417]
Postal Code is required
00:35:05.512 [AsyncHttpClient-1-1] DEBUG org.asynchttpclient.netty.channel.DefaultChannelPool - Entry count for : http://localhost:42417 : 1
00:35:05.512 [AsyncHttpClient-1-1] DEBUG org.asynchttpclient.netty.channel.DefaultChannelPool - Entry count for : http://localhost:61785 : 1
00:35:05.908 [Forwarding screenshot on session 2cdc3cf43dc60400239ced7c94c87e95 to remote] DEBUG org.asynchttpclient.netty.request.NettyRequestSender - Using pooled Channel '[id: 0x2276d1b9, L:/127.0.0.1:61784 - R:localhost/127.0.0.1:42417]' for 'GET' to 'http://localhost:42417/session/2cdc3cf43dc60400239ced7c94c87e95/screenshot'
00:35:05.908 [Forwarding screenshot on session 2cdc3cf43dc60400239ced7c94c87e95 to remote] DEBUG org.asynchttpclient.netty.request.NettyRequestSender - Using open Channel [id: 0x2276d1b9, L:/127.0.0.1:61784 - R:localhost/127.0.0.1:42417] for GET '/session/2cdc3cf43dc60400239ced7c94c87e95/screenshot'
00:35:06.103 [AsyncHttpClient-1-11] DEBUG org.asynchttpclient.netty.handler.HttpHandler - 

Request DefaultFullHttpRequest(decodeResult: success, version: HTTP/1.1, content: EmptyByteBufBE)
GET /session/2cdc3cf43dc60400239ced7c94c87e95/screenshot HTTP/1.1
Cache-Control: no-cache
User-Agent: selenium/4.12.0 (java windows)
Content-Type: application/json; charset=utf-8
host: localhost:42417
accept: */*

Response DefaultHttpResponse(decodeResult: success, version: HTTP/1.1)
HTTP/1.1 200 OK
Content-Length: 326472
Content-Type: application/json; charset=utf-8
cache-control: no-cache

00:35:06.103 [AsyncHttpClient-1-11] DEBUG org.asynchttpclient.netty.channel.ChannelManager - Adding key: http://localhost:42417 for channel [id: 0x2276d1b9, L:/127.0.0.1:61784 - R:localhost/127.0.0.1:42417]
  Then Display Error responsePostal Code is required          # StepDefination.Customer_onboarding.customerNot_added(java.lang.String)
00:35:06.146 [Forwarding findElement on session 2cdc3cf43dc60400239ced7c94c87e95 to remote] DEBUG org.asynchttpclient.netty.request.NettyRequestSender - Using pooled Channel '[id: 0x2276d1b9, L:/127.0.0.1:61784 - R:localhost/127.0.0.1:42417]' for 'POST' to 'http://localhost:42417/session/2cdc3cf43dc60400239ced7c94c87e95/element'
00:35:06.147 [Forwarding findElement on session 2cdc3cf43dc60400239ced7c94c87e95 to remote] DEBUG org.asynchttpclient.netty.request.NettyRequestSender - Using open Channel [id: 0x2276d1b9, L:/127.0.0.1:61784 - R:localhost/127.0.0.1:42417] for POST '/session/2cdc3cf43dc60400239ced7c94c87e95/element'
00:35:06.152 [AsyncHttpClient-1-11] DEBUG org.asynchttpclient.netty.handler.HttpHandler - 

Request DefaultHttpRequest(decodeResult: success, version: HTTP/1.1)
POST /session/2cdc3cf43dc60400239ced7c94c87e95/element HTTP/1.1
User-Agent: selenium/4.12.0 (java windows)
Content-Length: 132
Content-Type: application/json; charset=utf-8
host: localhost:42417
accept: */*

Response DefaultHttpResponse(decodeResult: success, version: HTTP/1.1)
HTTP/1.1 200 OK
Content-Length: 126
Content-Type: application/json; charset=utf-8
cache-control: no-cache

00:35:06.152 [AsyncHttpClient-1-11] DEBUG org.asynchttpclient.netty.channel.ChannelManager - Adding key: http://localhost:42417 for channel [id: 0x2276d1b9, L:/127.0.0.1:61784 - R:localhost/127.0.0.1:42417]
00:35:06.152 [Forwarding getElementText on session 2cdc3cf43dc60400239ced7c94c87e95 to remote] DEBUG org.asynchttpclient.netty.request.NettyRequestSender - Using pooled Channel '[id: 0x2276d1b9, L:/127.0.0.1:61784 - R:localhost/127.0.0.1:42417]' for 'GET' to 'http://localhost:42417/session/2cdc3cf43dc60400239ced7c94c87e95/element/f.A0EA9318E0E7AEB8234C8A9808816AFD.d.73E0BAEAE91B6DE752DFC71CECE5CDE5.e.84/text'
00:35:06.152 [Forwarding getElementText on session 2cdc3cf43dc60400239ced7c94c87e95 to remote] DEBUG org.asynchttpclient.netty.request.NettyRequestSender - Using open Channel [id: 0x2276d1b9, L:/127.0.0.1:61784 - R:localhost/127.0.0.1:42417] for GET '/session/2cdc3cf43dc60400239ced7c94c87e95/element/f.A0EA9318E0E7AEB8234C8A9808816AFD.d.73E0BAEAE91B6DE752DFC71CECE5CDE5.e.84/text'
00:35:06.167 [AsyncHttpClient-1-11] DEBUG org.asynchttpclient.netty.handler.HttpHandler - 

Request DefaultFullHttpRequest(decodeResult: success, version: HTTP/1.1, content: EmptyByteBufBE)
GET /session/2cdc3cf43dc60400239ced7c94c87e95/element/f.A0EA9318E0E7AEB8234C8A9808816AFD.d.73E0BAEAE91B6DE752DFC71CECE5CDE5.e.84/text HTTP/1.1
Cache-Control: no-cache
User-Agent: selenium/4.12.0 (java windows)
Content-Type: application/json; charset=utf-8
host: localhost:42417
accept: */*

Response DefaultHttpResponse(decodeResult: success, version: HTTP/1.1)
HTTP/1.1 200 OK
Content-Length: 31
Content-Type: application/json; charset=utf-8
cache-control: no-cache

00:35:06.167 [AsyncHttpClient-1-11] DEBUG org.asynchttpclient.netty.channel.ChannelManager - Adding key: http://localhost:42417 for channel [id: 0x2276d1b9, L:/127.0.0.1:61784 - R:localhost/127.0.0.1:42417]
Country is required
00:35:06.626 [AsyncHttpClient-1-1] DEBUG org.asynchttpclient.netty.channel.DefaultChannelPool - Entry count for : http://localhost:42417 : 1
00:35:06.626 [AsyncHttpClient-1-1] DEBUG org.asynchttpclient.netty.channel.DefaultChannelPool - Entry count for : http://localhost:61785 : 1
00:35:06.690 [Forwarding screenshot on session 2cdc3cf43dc60400239ced7c94c87e95 to remote] DEBUG org.asynchttpclient.netty.request.NettyRequestSender - Using pooled Channel '[id: 0x2276d1b9, L:/127.0.0.1:61784 - R:localhost/127.0.0.1:42417]' for 'GET' to 'http://localhost:42417/session/2cdc3cf43dc60400239ced7c94c87e95/screenshot'
00:35:06.690 [Forwarding screenshot on session 2cdc3cf43dc60400239ced7c94c87e95 to remote] DEBUG org.asynchttpclient.netty.request.NettyRequestSender - Using open Channel [id: 0x2276d1b9, L:/127.0.0.1:61784 - R:localhost/127.0.0.1:42417] for GET '/session/2cdc3cf43dc60400239ced7c94c87e95/screenshot'
00:35:06.855 [AsyncHttpClient-1-11] DEBUG org.asynchttpclient.netty.handler.HttpHandler - 

Request DefaultFullHttpRequest(decodeResult: success, version: HTTP/1.1, content: EmptyByteBufBE)
GET /session/2cdc3cf43dc60400239ced7c94c87e95/screenshot HTTP/1.1
Cache-Control: no-cache
User-Agent: selenium/4.12.0 (java windows)
Content-Type: application/json; charset=utf-8
host: localhost:42417
accept: */*

Response DefaultHttpResponse(decodeResult: success, version: HTTP/1.1)
HTTP/1.1 200 OK
Content-Length: 326472
Content-Type: application/json; charset=utf-8
cache-control: no-cache

00:35:06.855 [AsyncHttpClient-1-11] DEBUG org.asynchttpclient.netty.channel.ChannelManager - Adding key: http://localhost:42417 for channel [id: 0x2276d1b9, L:/127.0.0.1:61784 - R:localhost/127.0.0.1:42417]
  Then Display Error responseCountry is required              # StepDefination.Customer_onboarding.customerNot_added(java.lang.String)
00:35:06.893 [AsyncHttpClient-1-13] DEBUG org.asynchttpclient.netty.handler.WebSocketHandler - Channel Closed: [id: 0x65919409, L:/127.0.0.1:61793 ! R:localhost/127.0.0.1:61785] with attribute DISCARD
00:35:06.893 [Driver Command Executor] DEBUG org.asynchttpclient.netty.request.NettyRequestSender - Using pooled Channel '[id: 0x2276d1b9, L:/127.0.0.1:61784 - R:localhost/127.0.0.1:42417]' for 'DELETE' to 'http://localhost:42417/session/2cdc3cf43dc60400239ced7c94c87e95'
00:35:06.893 [Driver Command Executor] DEBUG org.asynchttpclient.netty.request.NettyRequestSender - Using open Channel [id: 0x2276d1b9, L:/127.0.0.1:61784 - R:localhost/127.0.0.1:42417] for DELETE '/session/2cdc3cf43dc60400239ced7c94c87e95'
00:35:07.010 [AsyncHttpClient-1-12] DEBUG org.asynchttpclient.netty.handler.HttpHandler - Unexpected I/O exception on channel [id: 0x741d8bc0, L:/127.0.0.1:61792 - R:localhost/127.0.0.1:61785]
java.net.SocketException: Connection reset
	at java.base/sun.nio.ch.SocketChannelImpl.throwConnectionReset(SocketChannelImpl.java:394)
	at java.base/sun.nio.ch.SocketChannelImpl.read(SocketChannelImpl.java:426)
	at io.netty.buffer.PooledByteBuf.setBytes(PooledByteBuf.java:254)
	at io.netty.buffer.AbstractByteBuf.writeBytes(AbstractByteBuf.java:1132)
	at io.netty.channel.socket.nio.NioSocketChannel.doReadBytes(NioSocketChannel.java:357)
	at io.netty.channel.nio.AbstractNioByteChannel$NioByteUnsafe.read(AbstractNioByteChannel.java:151)
	at io.netty.channel.nio.NioEventLoop.processSelectedKey(NioEventLoop.java:788)
	at io.netty.channel.nio.NioEventLoop.processSelectedKeysOptimized(NioEventLoop.java:724)
	at io.netty.channel.nio.NioEventLoop.processSelectedKeys(NioEventLoop.java:650)
	at io.netty.channel.nio.NioEventLoop.run(NioEventLoop.java:562)
	at io.netty.util.concurrent.SingleThreadEventExecutor$4.run(SingleThreadEventExecutor.java:997)
	at io.netty.util.internal.ThreadExecutorMap$2.run(ThreadExecutorMap.java:74)
	at io.netty.util.concurrent.FastThreadLocalRunnable.run(FastThreadLocalRunnable.java:30)
	at java.base/java.lang.Thread.run(Thread.java:840)
00:35:07.010 [AsyncHttpClient-1-12] DEBUG org.asynchttpclient.netty.channel.ChannelManager - Closing Channel [id: 0x741d8bc0, L:/127.0.0.1:61792 - R:localhost/127.0.0.1:61785] 
00:35:07.011 [AsyncHttpClient-1-12] DEBUG org.asynchttpclient.netty.handler.HttpHandler - Channel Closed: [id: 0x741d8bc0, L:/127.0.0.1:61792 ! R:localhost/127.0.0.1:61785] with attribute DISCARD
00:35:07.062 [AsyncHttpClient-1-11] DEBUG org.asynchttpclient.netty.handler.HttpHandler - 

Request DefaultFullHttpRequest(decodeResult: success, version: HTTP/1.1, content: EmptyByteBufBE)
DELETE /session/2cdc3cf43dc60400239ced7c94c87e95 HTTP/1.1
User-Agent: selenium/4.12.0 (java windows)
Content-Type: application/json; charset=utf-8
host: localhost:42417
accept: */*

Response DefaultHttpResponse(decodeResult: success, version: HTTP/1.1)
HTTP/1.1 200 OK
Content-Length: 14
Content-Type: application/json; charset=utf-8
cache-control: no-cache

00:35:07.062 [AsyncHttpClient-1-11] DEBUG org.asynchttpclient.netty.channel.ChannelManager - Adding key: http://localhost:42417 for channel [id: 0x2276d1b9, L:/127.0.0.1:61784 - R:localhost/127.0.0.1:42417]
00:35:07.567 [AsyncHttpClient-1-11] DEBUG org.asynchttpclient.netty.handler.HttpHandler - Channel Closed: [id: 0x2276d1b9, L:/127.0.0.1:61784 ! R:localhost/127.0.0.1:42417] with attribute DISCARD
  And Close_Window                                            # StepDefination.Customer_onboarding.close_window()
]]></system-out>
    <system-err><![CDATA[Jan 15, 2025 12:34:46 AM org.openqa.selenium.devtools.CdpVersionFinder findNearestMatch
WARNING: Unable to find CDP implementation matching 131
Jan 15, 2025 12:34:46 AM org.openqa.selenium.chromium.ChromiumDriver lambda$new$5
WARNING: Unable to find version of CDP to use for 131.0.6778.265. You may need to include a dependency on a specific version of the CDP using something similar to `org.seleniumhq.selenium:selenium-devtools-v86:4.12.0` where the version ("v86") matches the version of the chromium-based browser you're using and the version number of the artifact is the same as Selenium's.
]]></system-err>
  </testcase>
  <testcase name="Add Extra address" classname="Customer Onboarding form" time="23.053">
    <error message="no such element: Unable to locate element: {&quot;method&quot;:&quot;xpath&quot;,&quot;selector&quot;:&quot;//button[text()=&apos;Add New Address&apos;]&quot;}&#10;  (Session info: chrome=131.0.6778.265)&#10;For documentation on this error, please visit: https://www.selenium.dev/documentation/webdriver/troubleshooting/errors#no-such-element-exception&#10;Build info: version: &apos;4.12.0&apos;, revision: &apos;249f2a7d1b*&apos;&#10;System info: os.name: &apos;Windows 11&apos;, os.arch: &apos;amd64&apos;, os.version: &apos;10.0&apos;, java.version: &apos;17.0.11&apos;&#10;Driver info: org.openqa.selenium.chrome.ChromeDriver&#10;Command: [e8f5a118aa4820cdd112661acff86bd5, findElement {using=xpath, value=//button[text()=&apos;Add New Address&apos;]}]&#10;Capabilities {acceptInsecureCerts: false, browserName: chrome, browserVersion: 131.0.6778.265, chrome: {chromedriverVersion: 131.0.6778.204 (52183f9e99a..., userDataDir: C:\Users\ANIKET~1\AppData\L...}, fedcm:accounts: true, goog:chromeOptions: {debuggerAddress: localhost:61825}, networkConnectionEnabled: false, pageLoadStrategy: normal, platformName: windows, proxy: Proxy(), se:cdp: ws://localhost:61825/devtoo..., se:cdpVersion: 131.0.6778.265, setWindowRect: true, strictFileInteractability: false, timeouts: {implicit: 0, pageLoad: 300000, script: 30000}, unhandledPromptBehavior: dismiss and notify, webauthn:extension:credBlob: true, webauthn:extension:largeBlob: true, webauthn:extension:minPinLength: true, webauthn:extension:prf: true, webauthn:virtualAuthenticators: true}&#10;Session ID: e8f5a118aa4820cdd112661acff86bd5" type="org.openqa.selenium.NoSuchElementException"><![CDATA[org.openqa.selenium.NoSuchElementException: 
no such element: Unable to locate element: {"method":"xpath","selector":"//button[text()='Add New Address']"}
  (Session info: chrome=131.0.6778.265)
For documentation on this error, please visit: https://www.selenium.dev/documentation/webdriver/troubleshooting/errors#no-such-element-exception
Build info: version: '4.12.0', revision: '249f2a7d1b*'
System info: os.name: 'Windows 11', os.arch: 'amd64', os.version: '10.0', java.version: '17.0.11'
Driver info: org.openqa.selenium.chrome.ChromeDriver
Command: [e8f5a118aa4820cdd112661acff86bd5, findElement {using=xpath, value=//button[text()='Add New Address']}]
Capabilities {acceptInsecureCerts: false, browserName: chrome, browserVersion: 131.0.6778.265, chrome: {chromedriverVersion: 131.0.6778.204 (52183f9e99a..., userDataDir: C:\Users\ANIKET~1\AppData\L...}, fedcm:accounts: true, goog:chromeOptions: {debuggerAddress: localhost:61825}, networkConnectionEnabled: false, pageLoadStrategy: normal, platformName: windows, proxy: Proxy(), se:cdp: ws://localhost:61825/devtoo..., se:cdpVersion: 131.0.6778.265, setWindowRect: true, strictFileInteractability: false, timeouts: {implicit: 0, pageLoad: 300000, script: 30000}, unhandledPromptBehavior: dismiss and notify, webauthn:extension:credBlob: true, webauthn:extension:largeBlob: true, webauthn:extension:minPinLength: true, webauthn:extension:prf: true, webauthn:virtualAuthenticators: true}
Session ID: e8f5a118aa4820cdd112661acff86bd5
	at java.base/jdk.internal.reflect.NativeConstructorAccessorImpl.newInstance0(Native Method)
	at java.base/jdk.internal.reflect.NativeConstructorAccessorImpl.newInstance(NativeConstructorAccessorImpl.java:77)
	at java.base/jdk.internal.reflect.DelegatingConstructorAccessorImpl.newInstance(DelegatingConstructorAccessorImpl.java:45)
	at java.base/java.lang.reflect.Constructor.newInstanceWithCaller(Constructor.java:499)
	at java.base/java.lang.reflect.Constructor.newInstance(Constructor.java:480)
	at org.openqa.selenium.remote.codec.w3c.W3CHttpResponseCodec.createException(W3CHttpResponseCodec.java:200)
	at org.openqa.selenium.remote.codec.w3c.W3CHttpResponseCodec.decode(W3CHttpResponseCodec.java:133)
	at org.openqa.selenium.remote.codec.w3c.W3CHttpResponseCodec.decode(W3CHttpResponseCodec.java:52)
	at org.openqa.selenium.remote.HttpCommandExecutor.execute(HttpCommandExecutor.java:191)
	at org.openqa.selenium.remote.service.DriverCommandExecutor.invokeExecute(DriverCommandExecutor.java:196)
	at org.openqa.selenium.remote.service.DriverCommandExecutor.execute(DriverCommandExecutor.java:171)
	at org.openqa.selenium.remote.RemoteWebDriver.execute(RemoteWebDriver.java:602)
	at org.openqa.selenium.remote.ElementLocation$ElementFinder$2.findElement(ElementLocation.java:165)
	at org.openqa.selenium.remote.ElementLocation.findElement(ElementLocation.java:59)
	at org.openqa.selenium.remote.RemoteWebDriver.findElement(RemoteWebDriver.java:359)
	at org.openqa.selenium.remote.RemoteWebDriver.findElement(RemoteWebDriver.java:353)
	at org.openqa.selenium.support.pagefactory.DefaultElementLocator.findElement(DefaultElementLocator.java:68)
	at org.openqa.selenium.support.pagefactory.internal.LocatingElementHandler.invoke(LocatingElementHandler.java:38)
	at jdk.proxy2/jdk.proxy2.$Proxy23.click(Unknown Source)
	at PageObjects.Customer_objects.add_new_address(Customer_objects.java:374)
	at StepDefination.Customer_onboarding.Add_ew_address(Customer_onboarding.java:181)
	at ✽.Add new address(file:///C:/Users/Aniket%20Satpute/eclipse-workspace/FleetProject/src/test/resources/Customers/Customer_form.feature:74)
]]></error>
    <system-out><![CDATA[
Scenario Outline: Add Extra address                                         # src/test/resources/Customers/Customer_form.feature:82
00:35:07.712 [AsyncHttpClient-1-1] DEBUG org.asynchttpclient.netty.channel.DefaultChannelPool - Entry count for : http://localhost:42417 : 1
00:35:07.712 [AsyncHttpClient-1-1] DEBUG org.asynchttpclient.netty.channel.DefaultChannelPool - Entry count for : http://localhost:61785 : 1
00:35:07.713 [AsyncHttpClient-1-1] DEBUG org.asynchttpclient.netty.channel.DefaultChannelPool - Adding Candidate expired Channel [id: 0x2276d1b9, L:/127.0.0.1:61784 ! R:localhost/127.0.0.1:42417] isIdleTimeoutExpired=false isRemotelyClosed=true isTtlExpired=false
00:35:07.713 [AsyncHttpClient-1-1] DEBUG org.asynchttpclient.netty.channel.DefaultChannelPool - Closing Idle Channel [id: 0x2276d1b9, L:/127.0.0.1:61784 ! R:localhost/127.0.0.1:42417]
00:35:07.713 [AsyncHttpClient-1-1] DEBUG org.asynchttpclient.netty.channel.DefaultChannelPool - Adding Candidate expired Channel [id: 0x741d8bc0, L:/127.0.0.1:61792 ! R:localhost/127.0.0.1:61785] isIdleTimeoutExpired=false isRemotelyClosed=true isTtlExpired=false
00:35:07.713 [AsyncHttpClient-1-1] DEBUG org.asynchttpclient.netty.channel.DefaultChannelPool - Closing Idle Channel [id: 0x741d8bc0, L:/127.0.0.1:61792 ! R:localhost/127.0.0.1:61785]
00:35:07.713 [AsyncHttpClient-1-1] DEBUG org.asynchttpclient.netty.channel.DefaultChannelPool - Closed 2 connections out of 2 in 1 ms
00:35:07.969 [AsyncHttpClient-1-14] DEBUG org.asynchttpclient.netty.channel.NettyConnectListener - Using new Channel '[id: 0xeb959a2f, L:/127.0.0.1:61824 - R:localhost/127.0.0.1:47969]' for 'POST' to '/session'
00:35:09.410 [AsyncHttpClient-1-14] DEBUG org.asynchttpclient.netty.handler.HttpHandler - 

Request DefaultHttpRequest(decodeResult: success, version: HTTP/1.1)
POST /session HTTP/1.1
User-Agent: selenium/4.12.0 (java windows)
Content-Length: 254
Content-Type: application/json; charset=utf-8
host: localhost:47969
accept: */*

Response DefaultHttpResponse(decodeResult: success, version: HTTP/1.1)
HTTP/1.1 200 OK
Content-Length: 886
Content-Type: application/json; charset=utf-8
cache-control: no-cache

00:35:09.410 [AsyncHttpClient-1-14] DEBUG org.asynchttpclient.netty.channel.ChannelManager - Adding key: http://localhost:47969 for channel [id: 0xeb959a2f, L:/127.0.0.1:61824 - R:localhost/127.0.0.1:47969]
00:35:09.417 [AsyncHttpClient-1-15] DEBUG org.asynchttpclient.netty.channel.NettyConnectListener - Using new Channel '[id: 0xf54b8ae8, L:/127.0.0.1:61832 - R:localhost/127.0.0.1:61825]' for 'GET' to '/json/version'
00:35:09.417 [AsyncHttpClient-1-15] DEBUG org.asynchttpclient.netty.handler.HttpHandler - 

Request DefaultFullHttpRequest(decodeResult: success, version: HTTP/1.1, content: EmptyByteBufBE)
GET /json/version HTTP/1.1
User-Agent: selenium/4.12.0 (java windows)
host: localhost:61825
accept: */*

Response DefaultHttpResponse(decodeResult: success, version: HTTP/1.1)
HTTP/1.1 200 OK
Content-Security-Policy: frame-ancestors 'none'
Content-Length: 424
Content-Type: application/json; charset=UTF-8

00:35:09.417 [AsyncHttpClient-1-15] DEBUG org.asynchttpclient.netty.channel.ChannelManager - Adding key: http://localhost:61825 for channel [id: 0xf54b8ae8, L:/127.0.0.1:61832 - R:localhost/127.0.0.1:61825]
00:35:09.433 [AsyncHttpClient-1-16] DEBUG org.asynchttpclient.netty.channel.NettyConnectListener - Using new Channel '[id: 0x97532513, L:/127.0.0.1:61833 - R:localhost/127.0.0.1:61825]' for 'GET' to '/devtools/browser/d1f984ac-1b34-4fd4-b6a5-a30b65e70b65'
00:35:09.441 [AsyncHttpClient-1-16] DEBUG org.asynchttpclient.netty.handler.WebSocketHandler - 

Request DefaultFullHttpRequest(decodeResult: success, version: HTTP/1.1, content: EmptyByteBufBE)
GET /devtools/browser/d1f984ac-1b34-4fd4-b6a5-a30b65e70b65 HTTP/1.1
upgrade: websocket
connection: upgrade
sec-websocket-key: 71A3cWMZ8vdGBS9gOeGkyg==
sec-websocket-version: 13
origin: http://localhost:61825
host: localhost:61825
accept: */*
user-agent: AHC/2.1

Response DefaultHttpResponse(decodeResult: success, version: HTTP/1.1)
HTTP/1.1 101 WebSocket Protocol Handshake
Upgrade: WebSocket
Connection: Upgrade
Sec-WebSocket-Accept: Q0yhS/36v09NmecvMREVbDRvVz8=

00:35:09.451 [Forwarding get on session e8f5a118aa4820cdd112661acff86bd5 to remote] DEBUG org.asynchttpclient.netty.request.NettyRequestSender - Using pooled Channel '[id: 0xeb959a2f, L:/127.0.0.1:61824 - R:localhost/127.0.0.1:47969]' for 'POST' to 'http://localhost:47969/session/e8f5a118aa4820cdd112661acff86bd5/url'
00:35:09.451 [Forwarding get on session e8f5a118aa4820cdd112661acff86bd5 to remote] DEBUG org.asynchttpclient.netty.request.NettyRequestSender - Using open Channel [id: 0xeb959a2f, L:/127.0.0.1:61824 - R:localhost/127.0.0.1:47969] for POST '/session/e8f5a118aa4820cdd112661acff86bd5/url'
00:35:09.912 [AsyncHttpClient-1-1] DEBUG org.asynchttpclient.netty.channel.DefaultChannelPool - Entry count for : http://localhost:61825 : 1
00:35:10.817 [AsyncHttpClient-1-14] DEBUG org.asynchttpclient.netty.handler.HttpHandler - 

Request DefaultHttpRequest(decodeResult: success, version: HTTP/1.1)
POST /session/e8f5a118aa4820cdd112661acff86bd5/url HTTP/1.1
User-Agent: selenium/4.12.0 (java windows)
Content-Length: 92
Content-Type: application/json; charset=utf-8
host: localhost:47969
accept: */*

Response DefaultHttpResponse(decodeResult: success, version: HTTP/1.1)
HTTP/1.1 200 OK
Content-Length: 14
Content-Type: application/json; charset=utf-8
cache-control: no-cache

00:35:10.817 [AsyncHttpClient-1-14] DEBUG org.asynchttpclient.netty.channel.ChannelManager - Adding key: http://localhost:47969 for channel [id: 0xeb959a2f, L:/127.0.0.1:61824 - R:localhost/127.0.0.1:47969]
00:35:10.825 [Forwarding maximizeCurrentWindow on session e8f5a118aa4820cdd112661acff86bd5 to remote] DEBUG org.asynchttpclient.netty.request.NettyRequestSender - Using pooled Channel '[id: 0xeb959a2f, L:/127.0.0.1:61824 - R:localhost/127.0.0.1:47969]' for 'POST' to 'http://localhost:47969/session/e8f5a118aa4820cdd112661acff86bd5/window/maximize'
00:35:10.825 [Forwarding maximizeCurrentWindow on session e8f5a118aa4820cdd112661acff86bd5 to remote] DEBUG org.asynchttpclient.netty.request.NettyRequestSender - Using open Channel [id: 0xeb959a2f, L:/127.0.0.1:61824 - R:localhost/127.0.0.1:47969] for POST '/session/e8f5a118aa4820cdd112661acff86bd5/window/maximize'
00:35:10.895 [AsyncHttpClient-1-14] DEBUG org.asynchttpclient.netty.handler.HttpHandler - 

Request DefaultHttpRequest(decodeResult: success, version: HTTP/1.1)
POST /session/e8f5a118aa4820cdd112661acff86bd5/window/maximize HTTP/1.1
User-Agent: selenium/4.12.0 (java windows)
Content-Length: 3
Content-Type: application/json; charset=utf-8
host: localhost:47969
accept: */*

Response DefaultHttpResponse(decodeResult: success, version: HTTP/1.1)
HTTP/1.1 200 OK
Content-Length: 51
Content-Type: application/json; charset=utf-8
cache-control: no-cache

00:35:10.895 [AsyncHttpClient-1-14] DEBUG org.asynchttpclient.netty.channel.ChannelManager - Adding key: http://localhost:47969 for channel [id: 0xeb959a2f, L:/127.0.0.1:61824 - R:localhost/127.0.0.1:47969]
00:35:10.900 [Forwarding findElement on session e8f5a118aa4820cdd112661acff86bd5 to remote] DEBUG org.asynchttpclient.netty.request.NettyRequestSender - Using pooled Channel '[id: 0xeb959a2f, L:/127.0.0.1:61824 - R:localhost/127.0.0.1:47969]' for 'POST' to 'http://localhost:47969/session/e8f5a118aa4820cdd112661acff86bd5/element'
00:35:10.900 [Forwarding findElement on session e8f5a118aa4820cdd112661acff86bd5 to remote] DEBUG org.asynchttpclient.netty.request.NettyRequestSender - Using open Channel [id: 0xeb959a2f, L:/127.0.0.1:61824 - R:localhost/127.0.0.1:47969] for POST '/session/e8f5a118aa4820cdd112661acff86bd5/element'
00:35:10.943 [AsyncHttpClient-1-14] DEBUG org.asynchttpclient.netty.handler.HttpHandler - 

Request DefaultHttpRequest(decodeResult: success, version: HTTP/1.1)
POST /session/e8f5a118aa4820cdd112661acff86bd5/element HTTP/1.1
User-Agent: selenium/4.12.0 (java windows)
Content-Length: 69
Content-Type: application/json; charset=utf-8
host: localhost:47969
accept: */*

Response DefaultHttpResponse(decodeResult: success, version: HTTP/1.1)
HTTP/1.1 200 OK
Content-Length: 125
Content-Type: application/json; charset=utf-8
cache-control: no-cache

00:35:10.943 [AsyncHttpClient-1-14] DEBUG org.asynchttpclient.netty.channel.ChannelManager - Adding key: http://localhost:47969 for channel [id: 0xeb959a2f, L:/127.0.0.1:61824 - R:localhost/127.0.0.1:47969]
00:35:10.943 [Forwarding sendKeysToElement on session e8f5a118aa4820cdd112661acff86bd5 to remote] DEBUG org.asynchttpclient.netty.request.NettyRequestSender - Using pooled Channel '[id: 0xeb959a2f, L:/127.0.0.1:61824 - R:localhost/127.0.0.1:47969]' for 'POST' to 'http://localhost:47969/session/e8f5a118aa4820cdd112661acff86bd5/element/f.DAC8C302CE889BF6F5FB8D79825C8D20.d.BD631989A07943FEDFE4C52E952F87D9.e.1/value'
00:35:10.950 [Forwarding sendKeysToElement on session e8f5a118aa4820cdd112661acff86bd5 to remote] DEBUG org.asynchttpclient.netty.request.NettyRequestSender - Using open Channel [id: 0xeb959a2f, L:/127.0.0.1:61824 - R:localhost/127.0.0.1:47969] for POST '/session/e8f5a118aa4820cdd112661acff86bd5/element/f.DAC8C302CE889BF6F5FB8D79825C8D20.d.BD631989A07943FEDFE4C52E952F87D9.e.1/value'
00:35:11.016 [AsyncHttpClient-1-1] DEBUG org.asynchttpclient.netty.channel.DefaultChannelPool - Entry count for : http://localhost:61825 : 1
00:35:11.255 [AsyncHttpClient-1-14] DEBUG org.asynchttpclient.netty.handler.HttpHandler - 

Request DefaultHttpRequest(decodeResult: success, version: HTTP/1.1)
POST /session/e8f5a118aa4820cdd112661acff86bd5/element/f.DAC8C302CE889BF6F5FB8D79825C8D20.d.BD631989A07943FEDFE4C52E952F87D9.e.1/value HTTP/1.1
User-Agent: selenium/4.12.0 (java windows)
Content-Length: 338
Content-Type: application/json; charset=utf-8
host: localhost:47969
accept: */*

Response DefaultHttpResponse(decodeResult: success, version: HTTP/1.1)
HTTP/1.1 200 OK
Content-Length: 14
Content-Type: application/json; charset=utf-8
cache-control: no-cache

00:35:11.255 [AsyncHttpClient-1-14] DEBUG org.asynchttpclient.netty.channel.ChannelManager - Adding key: http://localhost:47969 for channel [id: 0xeb959a2f, L:/127.0.0.1:61824 - R:localhost/127.0.0.1:47969]
00:35:11.255 [Forwarding findElement on session e8f5a118aa4820cdd112661acff86bd5 to remote] DEBUG org.asynchttpclient.netty.request.NettyRequestSender - Using pooled Channel '[id: 0xeb959a2f, L:/127.0.0.1:61824 - R:localhost/127.0.0.1:47969]' for 'POST' to 'http://localhost:47969/session/e8f5a118aa4820cdd112661acff86bd5/element'
00:35:11.255 [Forwarding findElement on session e8f5a118aa4820cdd112661acff86bd5 to remote] DEBUG org.asynchttpclient.netty.request.NettyRequestSender - Using open Channel [id: 0xeb959a2f, L:/127.0.0.1:61824 - R:localhost/127.0.0.1:47969] for POST '/session/e8f5a118aa4820cdd112661acff86bd5/element'
00:35:11.274 [AsyncHttpClient-1-14] DEBUG org.asynchttpclient.netty.handler.HttpHandler - 

Request DefaultHttpRequest(decodeResult: success, version: HTTP/1.1)
POST /session/e8f5a118aa4820cdd112661acff86bd5/element HTTP/1.1
User-Agent: selenium/4.12.0 (java windows)
Content-Length: 72
Content-Type: application/json; charset=utf-8
host: localhost:47969
accept: */*

Response DefaultHttpResponse(decodeResult: success, version: HTTP/1.1)
HTTP/1.1 200 OK
Content-Length: 125
Content-Type: application/json; charset=utf-8
cache-control: no-cache

00:35:11.274 [AsyncHttpClient-1-14] DEBUG org.asynchttpclient.netty.channel.ChannelManager - Adding key: http://localhost:47969 for channel [id: 0xeb959a2f, L:/127.0.0.1:61824 - R:localhost/127.0.0.1:47969]
00:35:11.274 [Forwarding sendKeysToElement on session e8f5a118aa4820cdd112661acff86bd5 to remote] DEBUG org.asynchttpclient.netty.request.NettyRequestSender - Using pooled Channel '[id: 0xeb959a2f, L:/127.0.0.1:61824 - R:localhost/127.0.0.1:47969]' for 'POST' to 'http://localhost:47969/session/e8f5a118aa4820cdd112661acff86bd5/element/f.DAC8C302CE889BF6F5FB8D79825C8D20.d.BD631989A07943FEDFE4C52E952F87D9.e.3/value'
00:35:11.274 [Forwarding sendKeysToElement on session e8f5a118aa4820cdd112661acff86bd5 to remote] DEBUG org.asynchttpclient.netty.request.NettyRequestSender - Using open Channel [id: 0xeb959a2f, L:/127.0.0.1:61824 - R:localhost/127.0.0.1:47969] for POST '/session/e8f5a118aa4820cdd112661acff86bd5/element/f.DAC8C302CE889BF6F5FB8D79825C8D20.d.BD631989A07943FEDFE4C52E952F87D9.e.3/value'
00:35:11.511 [AsyncHttpClient-1-14] DEBUG org.asynchttpclient.netty.handler.HttpHandler - 

Request DefaultHttpRequest(decodeResult: success, version: HTTP/1.1)
POST /session/e8f5a118aa4820cdd112661acff86bd5/element/f.DAC8C302CE889BF6F5FB8D79825C8D20.d.BD631989A07943FEDFE4C52E952F87D9.e.3/value HTTP/1.1
User-Agent: selenium/4.12.0 (java windows)
Content-Length: 208
Content-Type: application/json; charset=utf-8
host: localhost:47969
accept: */*

Response DefaultHttpResponse(decodeResult: success, version: HTTP/1.1)
HTTP/1.1 200 OK
Content-Length: 14
Content-Type: application/json; charset=utf-8
cache-control: no-cache

00:35:11.511 [AsyncHttpClient-1-14] DEBUG org.asynchttpclient.netty.channel.ChannelManager - Adding key: http://localhost:47969 for channel [id: 0xeb959a2f, L:/127.0.0.1:61824 - R:localhost/127.0.0.1:47969]
00:35:11.511 [Forwarding findElement on session e8f5a118aa4820cdd112661acff86bd5 to remote] DEBUG org.asynchttpclient.netty.request.NettyRequestSender - Using pooled Channel '[id: 0xeb959a2f, L:/127.0.0.1:61824 - R:localhost/127.0.0.1:47969]' for 'POST' to 'http://localhost:47969/session/e8f5a118aa4820cdd112661acff86bd5/element'
00:35:11.511 [Forwarding findElement on session e8f5a118aa4820cdd112661acff86bd5 to remote] DEBUG org.asynchttpclient.netty.request.NettyRequestSender - Using open Channel [id: 0xeb959a2f, L:/127.0.0.1:61824 - R:localhost/127.0.0.1:47969] for POST '/session/e8f5a118aa4820cdd112661acff86bd5/element'
00:35:11.534 [AsyncHttpClient-1-14] DEBUG org.asynchttpclient.netty.handler.HttpHandler - 

Request DefaultHttpRequest(decodeResult: success, version: HTTP/1.1)
POST /session/e8f5a118aa4820cdd112661acff86bd5/element HTTP/1.1
User-Agent: selenium/4.12.0 (java windows)
Content-Length: 73
Content-Type: application/json; charset=utf-8
host: localhost:47969
accept: */*

Response DefaultHttpResponse(decodeResult: success, version: HTTP/1.1)
HTTP/1.1 200 OK
Content-Length: 125
Content-Type: application/json; charset=utf-8
cache-control: no-cache

00:35:11.534 [AsyncHttpClient-1-14] DEBUG org.asynchttpclient.netty.channel.ChannelManager - Adding key: http://localhost:47969 for channel [id: 0xeb959a2f, L:/127.0.0.1:61824 - R:localhost/127.0.0.1:47969]
00:35:11.534 [Forwarding clickElement on session e8f5a118aa4820cdd112661acff86bd5 to remote] DEBUG org.asynchttpclient.netty.request.NettyRequestSender - Using pooled Channel '[id: 0xeb959a2f, L:/127.0.0.1:61824 - R:localhost/127.0.0.1:47969]' for 'POST' to 'http://localhost:47969/session/e8f5a118aa4820cdd112661acff86bd5/element/f.DAC8C302CE889BF6F5FB8D79825C8D20.d.BD631989A07943FEDFE4C52E952F87D9.e.5/click'
00:35:11.534 [Forwarding clickElement on session e8f5a118aa4820cdd112661acff86bd5 to remote] DEBUG org.asynchttpclient.netty.request.NettyRequestSender - Using open Channel [id: 0xeb959a2f, L:/127.0.0.1:61824 - R:localhost/127.0.0.1:47969] for POST '/session/e8f5a118aa4820cdd112661acff86bd5/element/f.DAC8C302CE889BF6F5FB8D79825C8D20.d.BD631989A07943FEDFE4C52E952F87D9.e.5/click'
00:35:11.724 [AsyncHttpClient-1-14] DEBUG org.asynchttpclient.netty.handler.HttpHandler - 

Request DefaultHttpRequest(decodeResult: success, version: HTTP/1.1)
POST /session/e8f5a118aa4820cdd112661acff86bd5/element/f.DAC8C302CE889BF6F5FB8D79825C8D20.d.BD631989A07943FEDFE4C52E952F87D9.e.5/click HTTP/1.1
User-Agent: selenium/4.12.0 (java windows)
Content-Length: 87
Content-Type: application/json; charset=utf-8
host: localhost:47969
accept: */*

Response DefaultHttpResponse(decodeResult: success, version: HTTP/1.1)
HTTP/1.1 200 OK
Content-Length: 14
Content-Type: application/json; charset=utf-8
cache-control: no-cache

00:35:11.724 [AsyncHttpClient-1-14] DEBUG org.asynchttpclient.netty.channel.ChannelManager - Adding key: http://localhost:47969 for channel [id: 0xeb959a2f, L:/127.0.0.1:61824 - R:localhost/127.0.0.1:47969]
00:35:12.116 [AsyncHttpClient-1-1] DEBUG org.asynchttpclient.netty.channel.DefaultChannelPool - Entry count for : http://localhost:47969 : 1
00:35:12.116 [AsyncHttpClient-1-1] DEBUG org.asynchttpclient.netty.channel.DefaultChannelPool - Entry count for : http://localhost:61825 : 1
00:35:13.222 [AsyncHttpClient-1-1] DEBUG org.asynchttpclient.netty.channel.DefaultChannelPool - Entry count for : http://localhost:47969 : 1
00:35:13.222 [AsyncHttpClient-1-1] DEBUG org.asynchttpclient.netty.channel.DefaultChannelPool - Entry count for : http://localhost:61825 : 1
00:35:14.323 [AsyncHttpClient-1-1] DEBUG org.asynchttpclient.netty.channel.DefaultChannelPool - Entry count for : http://localhost:47969 : 1
00:35:14.323 [AsyncHttpClient-1-1] DEBUG org.asynchttpclient.netty.channel.DefaultChannelPool - Entry count for : http://localhost:61825 : 1
00:35:15.417 [AsyncHttpClient-1-1] DEBUG org.asynchttpclient.netty.channel.DefaultChannelPool - Entry count for : http://localhost:47969 : 1
00:35:15.417 [AsyncHttpClient-1-1] DEBUG org.asynchttpclient.netty.channel.DefaultChannelPool - Entry count for : http://localhost:61825 : 1
00:35:16.526 [AsyncHttpClient-1-1] DEBUG org.asynchttpclient.netty.channel.DefaultChannelPool - Entry count for : http://localhost:47969 : 1
00:35:16.526 [AsyncHttpClient-1-1] DEBUG org.asynchttpclient.netty.channel.DefaultChannelPool - Entry count for : http://localhost:61825 : 1
00:35:16.731 [Forwarding getCurrentUrl on session e8f5a118aa4820cdd112661acff86bd5 to remote] DEBUG org.asynchttpclient.netty.request.NettyRequestSender - Using pooled Channel '[id: 0xeb959a2f, L:/127.0.0.1:61824 - R:localhost/127.0.0.1:47969]' for 'GET' to 'http://localhost:47969/session/e8f5a118aa4820cdd112661acff86bd5/url'
00:35:16.731 [Forwarding getCurrentUrl on session e8f5a118aa4820cdd112661acff86bd5 to remote] DEBUG org.asynchttpclient.netty.request.NettyRequestSender - Using open Channel [id: 0xeb959a2f, L:/127.0.0.1:61824 - R:localhost/127.0.0.1:47969] for GET '/session/e8f5a118aa4820cdd112661acff86bd5/url'
00:35:16.731 [AsyncHttpClient-1-14] DEBUG org.asynchttpclient.netty.handler.HttpHandler - 

Request DefaultFullHttpRequest(decodeResult: success, version: HTTP/1.1, content: EmptyByteBufBE)
GET /session/e8f5a118aa4820cdd112661acff86bd5/url HTTP/1.1
Cache-Control: no-cache
User-Agent: selenium/4.12.0 (java windows)
Content-Type: application/json; charset=utf-8
host: localhost:47969
accept: */*

Response DefaultHttpResponse(decodeResult: success, version: HTTP/1.1)
HTTP/1.1 200 OK
Content-Length: 69
Content-Type: application/json; charset=utf-8
cache-control: no-cache

00:35:16.731 [AsyncHttpClient-1-14] DEBUG org.asynchttpclient.netty.channel.ChannelManager - Adding key: http://localhost:47969 for channel [id: 0xeb959a2f, L:/127.0.0.1:61824 - R:localhost/127.0.0.1:47969]
https://fleet-manager-development.vercel.app/auth/sign-in
00:35:16.747 [Forwarding findElement on session e8f5a118aa4820cdd112661acff86bd5 to remote] DEBUG org.asynchttpclient.netty.request.NettyRequestSender - Using pooled Channel '[id: 0xeb959a2f, L:/127.0.0.1:61824 - R:localhost/127.0.0.1:47969]' for 'POST' to 'http://localhost:47969/session/e8f5a118aa4820cdd112661acff86bd5/element'
00:35:16.747 [Forwarding findElement on session e8f5a118aa4820cdd112661acff86bd5 to remote] DEBUG org.asynchttpclient.netty.request.NettyRequestSender - Using open Channel [id: 0xeb959a2f, L:/127.0.0.1:61824 - R:localhost/127.0.0.1:47969] for POST '/session/e8f5a118aa4820cdd112661acff86bd5/element'
00:35:16.763 [AsyncHttpClient-1-14] DEBUG org.asynchttpclient.netty.handler.HttpHandler - 

Request DefaultHttpRequest(decodeResult: success, version: HTTP/1.1)
POST /session/e8f5a118aa4820cdd112661acff86bd5/element HTTP/1.1
User-Agent: selenium/4.12.0 (java windows)
Content-Length: 66
Content-Type: application/json; charset=utf-8
host: localhost:47969
accept: */*

Response DefaultHttpResponse(decodeResult: success, version: HTTP/1.1)
HTTP/1.1 200 OK
Content-Length: 126
Content-Type: application/json; charset=utf-8
cache-control: no-cache

00:35:16.763 [AsyncHttpClient-1-14] DEBUG org.asynchttpclient.netty.channel.ChannelManager - Adding key: http://localhost:47969 for channel [id: 0xeb959a2f, L:/127.0.0.1:61824 - R:localhost/127.0.0.1:47969]
00:35:16.763 [Forwarding isElementDisplayed on session e8f5a118aa4820cdd112661acff86bd5 to remote] DEBUG org.asynchttpclient.netty.request.NettyRequestSender - Using pooled Channel '[id: 0xeb959a2f, L:/127.0.0.1:61824 - R:localhost/127.0.0.1:47969]' for 'POST' to 'http://localhost:47969/session/e8f5a118aa4820cdd112661acff86bd5/execute/sync'
00:35:16.763 [Forwarding isElementDisplayed on session e8f5a118aa4820cdd112661acff86bd5 to remote] DEBUG org.asynchttpclient.netty.request.NettyRequestSender - Using open Channel [id: 0xeb959a2f, L:/127.0.0.1:61824 - R:localhost/127.0.0.1:47969] for POST '/session/e8f5a118aa4820cdd112661acff86bd5/execute/sync'
00:35:16.779 [AsyncHttpClient-1-14] DEBUG org.asynchttpclient.netty.handler.HttpHandler - 

Request DefaultHttpRequest(decodeResult: success, version: HTTP/1.1)
POST /session/e8f5a118aa4820cdd112661acff86bd5/execute/sync HTTP/1.1
User-Agent: selenium/4.12.0 (java windows)
Content-Length: 48734
Content-Type: application/json; charset=utf-8
host: localhost:47969
accept: */*

Response DefaultHttpResponse(decodeResult: success, version: HTTP/1.1)
HTTP/1.1 200 OK
Content-Length: 14
Content-Type: application/json; charset=utf-8
cache-control: no-cache

00:35:16.779 [AsyncHttpClient-1-14] DEBUG org.asynchttpclient.netty.channel.ChannelManager - Adding key: http://localhost:47969 for channel [id: 0xeb959a2f, L:/127.0.0.1:61824 - R:localhost/127.0.0.1:47969]
00:35:16.779 [Forwarding findElement on session e8f5a118aa4820cdd112661acff86bd5 to remote] DEBUG org.asynchttpclient.netty.request.NettyRequestSender - Using pooled Channel '[id: 0xeb959a2f, L:/127.0.0.1:61824 - R:localhost/127.0.0.1:47969]' for 'POST' to 'http://localhost:47969/session/e8f5a118aa4820cdd112661acff86bd5/element'
00:35:16.779 [Forwarding findElement on session e8f5a118aa4820cdd112661acff86bd5 to remote] DEBUG org.asynchttpclient.netty.request.NettyRequestSender - Using open Channel [id: 0xeb959a2f, L:/127.0.0.1:61824 - R:localhost/127.0.0.1:47969] for POST '/session/e8f5a118aa4820cdd112661acff86bd5/element'
00:35:16.796 [AsyncHttpClient-1-14] DEBUG org.asynchttpclient.netty.handler.HttpHandler - 

Request DefaultHttpRequest(decodeResult: success, version: HTTP/1.1)
POST /session/e8f5a118aa4820cdd112661acff86bd5/element HTTP/1.1
User-Agent: selenium/4.12.0 (java windows)
Content-Length: 66
Content-Type: application/json; charset=utf-8
host: localhost:47969
accept: */*

Response DefaultHttpResponse(decodeResult: success, version: HTTP/1.1)
HTTP/1.1 200 OK
Content-Length: 126
Content-Type: application/json; charset=utf-8
cache-control: no-cache

00:35:16.796 [AsyncHttpClient-1-14] DEBUG org.asynchttpclient.netty.channel.ChannelManager - Adding key: http://localhost:47969 for channel [id: 0xeb959a2f, L:/127.0.0.1:61824 - R:localhost/127.0.0.1:47969]
00:35:16.796 [Forwarding getElementText on session e8f5a118aa4820cdd112661acff86bd5 to remote] DEBUG org.asynchttpclient.netty.request.NettyRequestSender - Using pooled Channel '[id: 0xeb959a2f, L:/127.0.0.1:61824 - R:localhost/127.0.0.1:47969]' for 'GET' to 'http://localhost:47969/session/e8f5a118aa4820cdd112661acff86bd5/element/f.DAC8C302CE889BF6F5FB8D79825C8D20.d.BD631989A07943FEDFE4C52E952F87D9.e.19/text'
00:35:16.796 [Forwarding getElementText on session e8f5a118aa4820cdd112661acff86bd5 to remote] DEBUG org.asynchttpclient.netty.request.NettyRequestSender - Using open Channel [id: 0xeb959a2f, L:/127.0.0.1:61824 - R:localhost/127.0.0.1:47969] for GET '/session/e8f5a118aa4820cdd112661acff86bd5/element/f.DAC8C302CE889BF6F5FB8D79825C8D20.d.BD631989A07943FEDFE4C52E952F87D9.e.19/text'
00:35:16.826 [AsyncHttpClient-1-14] DEBUG org.asynchttpclient.netty.handler.HttpHandler - 

Request DefaultFullHttpRequest(decodeResult: success, version: HTTP/1.1, content: EmptyByteBufBE)
GET /session/e8f5a118aa4820cdd112661acff86bd5/element/f.DAC8C302CE889BF6F5FB8D79825C8D20.d.BD631989A07943FEDFE4C52E952F87D9.e.19/text HTTP/1.1
Cache-Control: no-cache
User-Agent: selenium/4.12.0 (java windows)
Content-Type: application/json; charset=utf-8
host: localhost:47969
accept: */*

Response DefaultHttpResponse(decodeResult: success, version: HTTP/1.1)
HTTP/1.1 200 OK
Content-Length: 33
Content-Type: application/json; charset=utf-8
cache-control: no-cache

00:35:16.826 [AsyncHttpClient-1-14] DEBUG org.asynchttpclient.netty.channel.ChannelManager - Adding key: http://localhost:47969 for channel [id: 0xeb959a2f, L:/127.0.0.1:61824 - R:localhost/127.0.0.1:47969]
00:35:16.826 [Forwarding findElement on session e8f5a118aa4820cdd112661acff86bd5 to remote] DEBUG org.asynchttpclient.netty.request.NettyRequestSender - Using pooled Channel '[id: 0xeb959a2f, L:/127.0.0.1:61824 - R:localhost/127.0.0.1:47969]' for 'POST' to 'http://localhost:47969/session/e8f5a118aa4820cdd112661acff86bd5/element'
00:35:16.826 [Forwarding findElement on session e8f5a118aa4820cdd112661acff86bd5 to remote] DEBUG org.asynchttpclient.netty.request.NettyRequestSender - Using open Channel [id: 0xeb959a2f, L:/127.0.0.1:61824 - R:localhost/127.0.0.1:47969] for POST '/session/e8f5a118aa4820cdd112661acff86bd5/element'
00:35:16.841 [AsyncHttpClient-1-14] DEBUG org.asynchttpclient.netty.handler.HttpHandler - 

Request DefaultHttpRequest(decodeResult: success, version: HTTP/1.1)
POST /session/e8f5a118aa4820cdd112661acff86bd5/element HTTP/1.1
User-Agent: selenium/4.12.0 (java windows)
Content-Length: 74
Content-Type: application/json; charset=utf-8
host: localhost:47969
accept: */*

Response DefaultHttpResponse(decodeResult: success, version: HTTP/1.1)
HTTP/1.1 200 OK
Content-Length: 126
Content-Type: application/json; charset=utf-8
cache-control: no-cache

00:35:16.841 [AsyncHttpClient-1-14] DEBUG org.asynchttpclient.netty.channel.ChannelManager - Adding key: http://localhost:47969 for channel [id: 0xeb959a2f, L:/127.0.0.1:61824 - R:localhost/127.0.0.1:47969]
00:35:16.841 [Forwarding clickElement on session e8f5a118aa4820cdd112661acff86bd5 to remote] DEBUG org.asynchttpclient.netty.request.NettyRequestSender - Using pooled Channel '[id: 0xeb959a2f, L:/127.0.0.1:61824 - R:localhost/127.0.0.1:47969]' for 'POST' to 'http://localhost:47969/session/e8f5a118aa4820cdd112661acff86bd5/element/f.DAC8C302CE889BF6F5FB8D79825C8D20.d.BD631989A07943FEDFE4C52E952F87D9.e.20/click'
00:35:16.841 [Forwarding clickElement on session e8f5a118aa4820cdd112661acff86bd5 to remote] DEBUG org.asynchttpclient.netty.request.NettyRequestSender - Using open Channel [id: 0xeb959a2f, L:/127.0.0.1:61824 - R:localhost/127.0.0.1:47969] for POST '/session/e8f5a118aa4820cdd112661acff86bd5/element/f.DAC8C302CE889BF6F5FB8D79825C8D20.d.BD631989A07943FEDFE4C52E952F87D9.e.20/click'
00:35:16.948 [AsyncHttpClient-1-14] DEBUG org.asynchttpclient.netty.handler.HttpHandler - 

Request DefaultHttpRequest(decodeResult: success, version: HTTP/1.1)
POST /session/e8f5a118aa4820cdd112661acff86bd5/element/f.DAC8C302CE889BF6F5FB8D79825C8D20.d.BD631989A07943FEDFE4C52E952F87D9.e.20/click HTTP/1.1
User-Agent: selenium/4.12.0 (java windows)
Content-Length: 88
Content-Type: application/json; charset=utf-8
host: localhost:47969
accept: */*

Response DefaultHttpResponse(decodeResult: success, version: HTTP/1.1)
HTTP/1.1 200 OK
Content-Length: 14
Content-Type: application/json; charset=utf-8
cache-control: no-cache

00:35:16.948 [AsyncHttpClient-1-14] DEBUG org.asynchttpclient.netty.channel.ChannelManager - Adding key: http://localhost:47969 for channel [id: 0xeb959a2f, L:/127.0.0.1:61824 - R:localhost/127.0.0.1:47969]
00:35:17.621 [AsyncHttpClient-1-1] DEBUG org.asynchttpclient.netty.channel.DefaultChannelPool - Entry count for : http://localhost:47969 : 1
00:35:17.621 [AsyncHttpClient-1-1] DEBUG org.asynchttpclient.netty.channel.DefaultChannelPool - Entry count for : http://localhost:61825 : 1
00:35:18.727 [AsyncHttpClient-1-1] DEBUG org.asynchttpclient.netty.channel.DefaultChannelPool - Entry count for : http://localhost:47969 : 1
00:35:18.727 [AsyncHttpClient-1-1] DEBUG org.asynchttpclient.netty.channel.DefaultChannelPool - Entry count for : http://localhost:61825 : 1
00:35:19.820 [AsyncHttpClient-1-1] DEBUG org.asynchttpclient.netty.channel.DefaultChannelPool - Entry count for : http://localhost:47969 : 1
00:35:19.822 [AsyncHttpClient-1-1] DEBUG org.asynchttpclient.netty.channel.DefaultChannelPool - Entry count for : http://localhost:61825 : 1
00:35:19.963 [Forwarding screenshot on session e8f5a118aa4820cdd112661acff86bd5 to remote] DEBUG org.asynchttpclient.netty.request.NettyRequestSender - Using pooled Channel '[id: 0xeb959a2f, L:/127.0.0.1:61824 - R:localhost/127.0.0.1:47969]' for 'GET' to 'http://localhost:47969/session/e8f5a118aa4820cdd112661acff86bd5/screenshot'
00:35:19.964 [Forwarding screenshot on session e8f5a118aa4820cdd112661acff86bd5 to remote] DEBUG org.asynchttpclient.netty.request.NettyRequestSender - Using open Channel [id: 0xeb959a2f, L:/127.0.0.1:61824 - R:localhost/127.0.0.1:47969] for GET '/session/e8f5a118aa4820cdd112661acff86bd5/screenshot'
00:35:20.133 [AsyncHttpClient-1-14] DEBUG org.asynchttpclient.netty.handler.HttpHandler - 

Request DefaultFullHttpRequest(decodeResult: success, version: HTTP/1.1, content: EmptyByteBufBE)
GET /session/e8f5a118aa4820cdd112661acff86bd5/screenshot HTTP/1.1
Cache-Control: no-cache
User-Agent: selenium/4.12.0 (java windows)
Content-Type: application/json; charset=utf-8
host: localhost:47969
accept: */*

Response DefaultHttpResponse(decodeResult: success, version: HTTP/1.1)
HTTP/1.1 200 OK
Content-Length: 233672
Content-Type: application/json; charset=utf-8
cache-control: no-cache

00:35:20.133 [AsyncHttpClient-1-14] DEBUG org.asynchttpclient.netty.channel.ChannelManager - Adding key: http://localhost:47969 for channel [id: 0xeb959a2f, L:/127.0.0.1:61824 - R:localhost/127.0.0.1:47969]
  Given I am on dashboardfokisaj290@edectus.com and Fleet@123               # StepDefination.Customer_onboarding.I_am_on_dashboard(java.lang.String,java.lang.String)
00:35:20.150 [Forwarding findElement on session e8f5a118aa4820cdd112661acff86bd5 to remote] DEBUG org.asynchttpclient.netty.request.NettyRequestSender - Using pooled Channel '[id: 0xeb959a2f, L:/127.0.0.1:61824 - R:localhost/127.0.0.1:47969]' for 'POST' to 'http://localhost:47969/session/e8f5a118aa4820cdd112661acff86bd5/element'
00:35:20.150 [Forwarding findElement on session e8f5a118aa4820cdd112661acff86bd5 to remote] DEBUG org.asynchttpclient.netty.request.NettyRequestSender - Using open Channel [id: 0xeb959a2f, L:/127.0.0.1:61824 - R:localhost/127.0.0.1:47969] for POST '/session/e8f5a118aa4820cdd112661acff86bd5/element'
00:35:20.170 [AsyncHttpClient-1-14] DEBUG org.asynchttpclient.netty.handler.HttpHandler - 

Request DefaultHttpRequest(decodeResult: success, version: HTTP/1.1)
POST /session/e8f5a118aa4820cdd112661acff86bd5/element HTTP/1.1
User-Agent: selenium/4.12.0 (java windows)
Content-Length: 127
Content-Type: application/json; charset=utf-8
host: localhost:47969
accept: */*

Response DefaultHttpResponse(decodeResult: success, version: HTTP/1.1)
HTTP/1.1 200 OK
Content-Length: 126
Content-Type: application/json; charset=utf-8
cache-control: no-cache

00:35:20.170 [AsyncHttpClient-1-14] DEBUG org.asynchttpclient.netty.channel.ChannelManager - Adding key: http://localhost:47969 for channel [id: 0xeb959a2f, L:/127.0.0.1:61824 - R:localhost/127.0.0.1:47969]
00:35:20.171 [Forwarding getElementText on session e8f5a118aa4820cdd112661acff86bd5 to remote] DEBUG org.asynchttpclient.netty.request.NettyRequestSender - Using pooled Channel '[id: 0xeb959a2f, L:/127.0.0.1:61824 - R:localhost/127.0.0.1:47969]' for 'GET' to 'http://localhost:47969/session/e8f5a118aa4820cdd112661acff86bd5/element/f.DAC8C302CE889BF6F5FB8D79825C8D20.d.7DA544AA9660542733425237AA1694A6.e.42/text'
00:35:20.171 [Forwarding getElementText on session e8f5a118aa4820cdd112661acff86bd5 to remote] DEBUG org.asynchttpclient.netty.request.NettyRequestSender - Using open Channel [id: 0xeb959a2f, L:/127.0.0.1:61824 - R:localhost/127.0.0.1:47969] for GET '/session/e8f5a118aa4820cdd112661acff86bd5/element/f.DAC8C302CE889BF6F5FB8D79825C8D20.d.7DA544AA9660542733425237AA1694A6.e.42/text'
00:35:20.181 [AsyncHttpClient-1-14] DEBUG org.asynchttpclient.netty.handler.HttpHandler - 

Request DefaultFullHttpRequest(decodeResult: success, version: HTTP/1.1, content: EmptyByteBufBE)
GET /session/e8f5a118aa4820cdd112661acff86bd5/element/f.DAC8C302CE889BF6F5FB8D79825C8D20.d.7DA544AA9660542733425237AA1694A6.e.42/text HTTP/1.1
Cache-Control: no-cache
User-Agent: selenium/4.12.0 (java windows)
Content-Type: application/json; charset=utf-8
host: localhost:47969
accept: */*

Response DefaultHttpResponse(decodeResult: success, version: HTTP/1.1)
HTTP/1.1 200 OK
Content-Length: 21
Content-Type: application/json; charset=utf-8
cache-control: no-cache

00:35:20.181 [AsyncHttpClient-1-14] DEBUG org.asynchttpclient.netty.channel.ChannelManager - Adding key: http://localhost:47969 for channel [id: 0xeb959a2f, L:/127.0.0.1:61824 - R:localhost/127.0.0.1:47969]
00:35:20.181 [Forwarding findElement on session e8f5a118aa4820cdd112661acff86bd5 to remote] DEBUG org.asynchttpclient.netty.request.NettyRequestSender - Using pooled Channel '[id: 0xeb959a2f, L:/127.0.0.1:61824 - R:localhost/127.0.0.1:47969]' for 'POST' to 'http://localhost:47969/session/e8f5a118aa4820cdd112661acff86bd5/element'
00:35:20.181 [Forwarding findElement on session e8f5a118aa4820cdd112661acff86bd5 to remote] DEBUG org.asynchttpclient.netty.request.NettyRequestSender - Using open Channel [id: 0xeb959a2f, L:/127.0.0.1:61824 - R:localhost/127.0.0.1:47969] for POST '/session/e8f5a118aa4820cdd112661acff86bd5/element'
00:35:20.192 [AsyncHttpClient-1-14] DEBUG org.asynchttpclient.netty.handler.HttpHandler - 

Request DefaultHttpRequest(decodeResult: success, version: HTTP/1.1)
POST /session/e8f5a118aa4820cdd112661acff86bd5/element HTTP/1.1
User-Agent: selenium/4.12.0 (java windows)
Content-Length: 127
Content-Type: application/json; charset=utf-8
host: localhost:47969
accept: */*

Response DefaultHttpResponse(decodeResult: success, version: HTTP/1.1)
HTTP/1.1 200 OK
Content-Length: 126
Content-Type: application/json; charset=utf-8
cache-control: no-cache

00:35:20.192 [AsyncHttpClient-1-14] DEBUG org.asynchttpclient.netty.channel.ChannelManager - Adding key: http://localhost:47969 for channel [id: 0xeb959a2f, L:/127.0.0.1:61824 - R:localhost/127.0.0.1:47969]
00:35:20.193 [Forwarding clickElement on session e8f5a118aa4820cdd112661acff86bd5 to remote] DEBUG org.asynchttpclient.netty.request.NettyRequestSender - Using pooled Channel '[id: 0xeb959a2f, L:/127.0.0.1:61824 - R:localhost/127.0.0.1:47969]' for 'POST' to 'http://localhost:47969/session/e8f5a118aa4820cdd112661acff86bd5/element/f.DAC8C302CE889BF6F5FB8D79825C8D20.d.7DA544AA9660542733425237AA1694A6.e.42/click'
00:35:20.193 [Forwarding clickElement on session e8f5a118aa4820cdd112661acff86bd5 to remote] DEBUG org.asynchttpclient.netty.request.NettyRequestSender - Using open Channel [id: 0xeb959a2f, L:/127.0.0.1:61824 - R:localhost/127.0.0.1:47969] for POST '/session/e8f5a118aa4820cdd112661acff86bd5/element/f.DAC8C302CE889BF6F5FB8D79825C8D20.d.7DA544AA9660542733425237AA1694A6.e.42/click'
00:35:20.277 [AsyncHttpClient-1-14] DEBUG org.asynchttpclient.netty.handler.HttpHandler - 

Request DefaultHttpRequest(decodeResult: success, version: HTTP/1.1)
POST /session/e8f5a118aa4820cdd112661acff86bd5/element/f.DAC8C302CE889BF6F5FB8D79825C8D20.d.7DA544AA9660542733425237AA1694A6.e.42/click HTTP/1.1
User-Agent: selenium/4.12.0 (java windows)
Content-Length: 88
Content-Type: application/json; charset=utf-8
host: localhost:47969
accept: */*

Response DefaultHttpResponse(decodeResult: success, version: HTTP/1.1)
HTTP/1.1 200 OK
Content-Length: 14
Content-Type: application/json; charset=utf-8
cache-control: no-cache

00:35:20.278 [AsyncHttpClient-1-14] DEBUG org.asynchttpclient.netty.channel.ChannelManager - Adding key: http://localhost:47969 for channel [id: 0xeb959a2f, L:/127.0.0.1:61824 - R:localhost/127.0.0.1:47969]
00:35:20.917 [AsyncHttpClient-1-1] DEBUG org.asynchttpclient.netty.channel.DefaultChannelPool - Entry count for : http://localhost:47969 : 1
00:35:20.917 [AsyncHttpClient-1-1] DEBUG org.asynchttpclient.netty.channel.DefaultChannelPool - Entry count for : http://localhost:61825 : 1
00:35:22.025 [AsyncHttpClient-1-1] DEBUG org.asynchttpclient.netty.channel.DefaultChannelPool - Entry count for : http://localhost:47969 : 1
00:35:22.025 [AsyncHttpClient-1-1] DEBUG org.asynchttpclient.netty.channel.DefaultChannelPool - Entry count for : http://localhost:61825 : 1
00:35:22.287 [Forwarding screenshot on session e8f5a118aa4820cdd112661acff86bd5 to remote] DEBUG org.asynchttpclient.netty.request.NettyRequestSender - Using pooled Channel '[id: 0xeb959a2f, L:/127.0.0.1:61824 - R:localhost/127.0.0.1:47969]' for 'GET' to 'http://localhost:47969/session/e8f5a118aa4820cdd112661acff86bd5/screenshot'
00:35:22.287 [Forwarding screenshot on session e8f5a118aa4820cdd112661acff86bd5 to remote] DEBUG org.asynchttpclient.netty.request.NettyRequestSender - Using open Channel [id: 0xeb959a2f, L:/127.0.0.1:61824 - R:localhost/127.0.0.1:47969] for GET '/session/e8f5a118aa4820cdd112661acff86bd5/screenshot'
00:35:22.468 [AsyncHttpClient-1-14] DEBUG org.asynchttpclient.netty.handler.HttpHandler - 

Request DefaultFullHttpRequest(decodeResult: success, version: HTTP/1.1, content: EmptyByteBufBE)
GET /session/e8f5a118aa4820cdd112661acff86bd5/screenshot HTTP/1.1
Cache-Control: no-cache
User-Agent: selenium/4.12.0 (java windows)
Content-Type: application/json; charset=utf-8
host: localhost:47969
accept: */*

Response DefaultHttpResponse(decodeResult: success, version: HTTP/1.1)
HTTP/1.1 200 OK
Content-Length: 335008
Content-Type: application/json; charset=utf-8
cache-control: no-cache

00:35:22.468 [AsyncHttpClient-1-14] DEBUG org.asynchttpclient.netty.channel.ChannelManager - Adding key: http://localhost:47969 for channel [id: 0xeb959a2f, L:/127.0.0.1:61824 - R:localhost/127.0.0.1:47969]
00:35:22.518 [Forwarding findElement on session e8f5a118aa4820cdd112661acff86bd5 to remote] DEBUG org.asynchttpclient.netty.request.NettyRequestSender - Using pooled Channel '[id: 0xeb959a2f, L:/127.0.0.1:61824 - R:localhost/127.0.0.1:47969]' for 'POST' to 'http://localhost:47969/session/e8f5a118aa4820cdd112661acff86bd5/element'
00:35:22.518 [Forwarding findElement on session e8f5a118aa4820cdd112661acff86bd5 to remote] DEBUG org.asynchttpclient.netty.request.NettyRequestSender - Using open Channel [id: 0xeb959a2f, L:/127.0.0.1:61824 - R:localhost/127.0.0.1:47969] for POST '/session/e8f5a118aa4820cdd112661acff86bd5/element'
00:35:22.552 [AsyncHttpClient-1-14] DEBUG org.asynchttpclient.netty.handler.HttpHandler - 

Request DefaultHttpRequest(decodeResult: success, version: HTTP/1.1)
POST /session/e8f5a118aa4820cdd112661acff86bd5/element HTTP/1.1
User-Agent: selenium/4.12.0 (java windows)
Content-Length: 178
Content-Type: application/json; charset=utf-8
host: localhost:47969
accept: */*

Response DefaultHttpResponse(decodeResult: success, version: HTTP/1.1)
HTTP/1.1 200 OK
Content-Length: 126
Content-Type: application/json; charset=utf-8
cache-control: no-cache

00:35:22.552 [AsyncHttpClient-1-14] DEBUG org.asynchttpclient.netty.channel.ChannelManager - Adding key: http://localhost:47969 for channel [id: 0xeb959a2f, L:/127.0.0.1:61824 - R:localhost/127.0.0.1:47969]
00:35:22.554 [Forwarding getElementText on session e8f5a118aa4820cdd112661acff86bd5 to remote] DEBUG org.asynchttpclient.netty.request.NettyRequestSender - Using pooled Channel '[id: 0xeb959a2f, L:/127.0.0.1:61824 - R:localhost/127.0.0.1:47969]' for 'GET' to 'http://localhost:47969/session/e8f5a118aa4820cdd112661acff86bd5/element/f.DAC8C302CE889BF6F5FB8D79825C8D20.d.7DA544AA9660542733425237AA1694A6.e.47/text'
00:35:22.554 [Forwarding getElementText on session e8f5a118aa4820cdd112661acff86bd5 to remote] DEBUG org.asynchttpclient.netty.request.NettyRequestSender - Using open Channel [id: 0xeb959a2f, L:/127.0.0.1:61824 - R:localhost/127.0.0.1:47969] for GET '/session/e8f5a118aa4820cdd112661acff86bd5/element/f.DAC8C302CE889BF6F5FB8D79825C8D20.d.7DA544AA9660542733425237AA1694A6.e.47/text'
00:35:22.576 [AsyncHttpClient-1-14] DEBUG org.asynchttpclient.netty.handler.HttpHandler - 

Request DefaultFullHttpRequest(decodeResult: success, version: HTTP/1.1, content: EmptyByteBufBE)
GET /session/e8f5a118aa4820cdd112661acff86bd5/element/f.DAC8C302CE889BF6F5FB8D79825C8D20.d.7DA544AA9660542733425237AA1694A6.e.47/text HTTP/1.1
Cache-Control: no-cache
User-Agent: selenium/4.12.0 (java windows)
Content-Type: application/json; charset=utf-8
host: localhost:47969
accept: */*

Response DefaultHttpResponse(decodeResult: success, version: HTTP/1.1)
HTTP/1.1 200 OK
Content-Length: 28
Content-Type: application/json; charset=utf-8
cache-control: no-cache

00:35:22.576 [AsyncHttpClient-1-14] DEBUG org.asynchttpclient.netty.channel.ChannelManager - Adding key: http://localhost:47969 for channel [id: 0xeb959a2f, L:/127.0.0.1:61824 - R:localhost/127.0.0.1:47969]
00:35:22.579 [Forwarding findElement on session e8f5a118aa4820cdd112661acff86bd5 to remote] DEBUG org.asynchttpclient.netty.request.NettyRequestSender - Using pooled Channel '[id: 0xeb959a2f, L:/127.0.0.1:61824 - R:localhost/127.0.0.1:47969]' for 'POST' to 'http://localhost:47969/session/e8f5a118aa4820cdd112661acff86bd5/element'
00:35:22.579 [Forwarding findElement on session e8f5a118aa4820cdd112661acff86bd5 to remote] DEBUG org.asynchttpclient.netty.request.NettyRequestSender - Using open Channel [id: 0xeb959a2f, L:/127.0.0.1:61824 - R:localhost/127.0.0.1:47969] for POST '/session/e8f5a118aa4820cdd112661acff86bd5/element'
00:35:22.622 [AsyncHttpClient-1-14] DEBUG org.asynchttpclient.netty.handler.HttpHandler - 

Request DefaultHttpRequest(decodeResult: success, version: HTTP/1.1)
POST /session/e8f5a118aa4820cdd112661acff86bd5/element HTTP/1.1
User-Agent: selenium/4.12.0 (java windows)
Content-Length: 178
Content-Type: application/json; charset=utf-8
host: localhost:47969
accept: */*

Response DefaultHttpResponse(decodeResult: success, version: HTTP/1.1)
HTTP/1.1 200 OK
Content-Length: 126
Content-Type: application/json; charset=utf-8
cache-control: no-cache

00:35:22.623 [AsyncHttpClient-1-14] DEBUG org.asynchttpclient.netty.channel.ChannelManager - Adding key: http://localhost:47969 for channel [id: 0xeb959a2f, L:/127.0.0.1:61824 - R:localhost/127.0.0.1:47969]
00:35:22.623 [Forwarding clickElement on session e8f5a118aa4820cdd112661acff86bd5 to remote] DEBUG org.asynchttpclient.netty.request.NettyRequestSender - Using pooled Channel '[id: 0xeb959a2f, L:/127.0.0.1:61824 - R:localhost/127.0.0.1:47969]' for 'POST' to 'http://localhost:47969/session/e8f5a118aa4820cdd112661acff86bd5/element/f.DAC8C302CE889BF6F5FB8D79825C8D20.d.7DA544AA9660542733425237AA1694A6.e.47/click'
00:35:22.623 [Forwarding clickElement on session e8f5a118aa4820cdd112661acff86bd5 to remote] DEBUG org.asynchttpclient.netty.request.NettyRequestSender - Using open Channel [id: 0xeb959a2f, L:/127.0.0.1:61824 - R:localhost/127.0.0.1:47969] for POST '/session/e8f5a118aa4820cdd112661acff86bd5/element/f.DAC8C302CE889BF6F5FB8D79825C8D20.d.7DA544AA9660542733425237AA1694A6.e.47/click'
00:35:22.778 [AsyncHttpClient-1-14] DEBUG org.asynchttpclient.netty.handler.HttpHandler - 

Request DefaultHttpRequest(decodeResult: success, version: HTTP/1.1)
POST /session/e8f5a118aa4820cdd112661acff86bd5/element/f.DAC8C302CE889BF6F5FB8D79825C8D20.d.7DA544AA9660542733425237AA1694A6.e.47/click HTTP/1.1
User-Agent: selenium/4.12.0 (java windows)
Content-Length: 88
Content-Type: application/json; charset=utf-8
host: localhost:47969
accept: */*

Response DefaultHttpResponse(decodeResult: success, version: HTTP/1.1)
HTTP/1.1 200 OK
Content-Length: 14
Content-Type: application/json; charset=utf-8
cache-control: no-cache

00:35:22.778 [AsyncHttpClient-1-14] DEBUG org.asynchttpclient.netty.channel.ChannelManager - Adding key: http://localhost:47969 for channel [id: 0xeb959a2f, L:/127.0.0.1:61824 - R:localhost/127.0.0.1:47969]
  When Open customer form                                                   # StepDefination.Customer_onboarding.Open_customer_form()
00:35:23.126 [AsyncHttpClient-1-1] DEBUG org.asynchttpclient.netty.channel.DefaultChannelPool - Entry count for : http://localhost:47969 : 1
00:35:23.126 [AsyncHttpClient-1-1] DEBUG org.asynchttpclient.netty.channel.DefaultChannelPool - Entry count for : http://localhost:61825 : 1
00:35:23.783 [Forwarding findElement on session e8f5a118aa4820cdd112661acff86bd5 to remote] DEBUG org.asynchttpclient.netty.request.NettyRequestSender - Using pooled Channel '[id: 0xeb959a2f, L:/127.0.0.1:61824 - R:localhost/127.0.0.1:47969]' for 'POST' to 'http://localhost:47969/session/e8f5a118aa4820cdd112661acff86bd5/element'
00:35:23.783 [Forwarding findElement on session e8f5a118aa4820cdd112661acff86bd5 to remote] DEBUG org.asynchttpclient.netty.request.NettyRequestSender - Using open Channel [id: 0xeb959a2f, L:/127.0.0.1:61824 - R:localhost/127.0.0.1:47969] for POST '/session/e8f5a118aa4820cdd112661acff86bd5/element'
00:35:23.799 [AsyncHttpClient-1-14] DEBUG org.asynchttpclient.netty.handler.HttpHandler - 

Request DefaultHttpRequest(decodeResult: success, version: HTTP/1.1)
POST /session/e8f5a118aa4820cdd112661acff86bd5/element HTTP/1.1
User-Agent: selenium/4.12.0 (java windows)
Content-Length: 114
Content-Type: application/json; charset=utf-8
host: localhost:47969
accept: */*

Response DefaultHttpResponse(decodeResult: success, version: HTTP/1.1)
HTTP/1.1 200 OK
Content-Length: 126
Content-Type: application/json; charset=utf-8
cache-control: no-cache

00:35:23.799 [AsyncHttpClient-1-14] DEBUG org.asynchttpclient.netty.channel.ChannelManager - Adding key: http://localhost:47969 for channel [id: 0xeb959a2f, L:/127.0.0.1:61824 - R:localhost/127.0.0.1:47969]
00:35:23.815 [Forwarding sendKeysToElement on session e8f5a118aa4820cdd112661acff86bd5 to remote] DEBUG org.asynchttpclient.netty.request.NettyRequestSender - Using pooled Channel '[id: 0xeb959a2f, L:/127.0.0.1:61824 - R:localhost/127.0.0.1:47969]' for 'POST' to 'http://localhost:47969/session/e8f5a118aa4820cdd112661acff86bd5/element/f.DAC8C302CE889BF6F5FB8D79825C8D20.d.7DA544AA9660542733425237AA1694A6.e.51/value'
00:35:23.815 [Forwarding sendKeysToElement on session e8f5a118aa4820cdd112661acff86bd5 to remote] DEBUG org.asynchttpclient.netty.request.NettyRequestSender - Using open Channel [id: 0xeb959a2f, L:/127.0.0.1:61824 - R:localhost/127.0.0.1:47969] for POST '/session/e8f5a118aa4820cdd112661acff86bd5/element/f.DAC8C302CE889BF6F5FB8D79825C8D20.d.7DA544AA9660542733425237AA1694A6.e.51/value'
00:35:24.052 [AsyncHttpClient-1-14] DEBUG org.asynchttpclient.netty.handler.HttpHandler - 

Request DefaultHttpRequest(decodeResult: success, version: HTTP/1.1)
POST /session/e8f5a118aa4820cdd112661acff86bd5/element/f.DAC8C302CE889BF6F5FB8D79825C8D20.d.7DA544AA9660542733425237AA1694A6.e.51/value HTTP/1.1
User-Agent: selenium/4.12.0 (java windows)
Content-Length: 209
Content-Type: application/json; charset=utf-8
host: localhost:47969
accept: */*

Response DefaultHttpResponse(decodeResult: success, version: HTTP/1.1)
HTTP/1.1 200 OK
Content-Length: 14
Content-Type: application/json; charset=utf-8
cache-control: no-cache

00:35:24.052 [AsyncHttpClient-1-14] DEBUG org.asynchttpclient.netty.channel.ChannelManager - Adding key: http://localhost:47969 for channel [id: 0xeb959a2f, L:/127.0.0.1:61824 - R:localhost/127.0.0.1:47969]
00:35:24.052 [Forwarding findElement on session e8f5a118aa4820cdd112661acff86bd5 to remote] DEBUG org.asynchttpclient.netty.request.NettyRequestSender - Using pooled Channel '[id: 0xeb959a2f, L:/127.0.0.1:61824 - R:localhost/127.0.0.1:47969]' for 'POST' to 'http://localhost:47969/session/e8f5a118aa4820cdd112661acff86bd5/element'
00:35:24.052 [Forwarding findElement on session e8f5a118aa4820cdd112661acff86bd5 to remote] DEBUG org.asynchttpclient.netty.request.NettyRequestSender - Using open Channel [id: 0xeb959a2f, L:/127.0.0.1:61824 - R:localhost/127.0.0.1:47969] for POST '/session/e8f5a118aa4820cdd112661acff86bd5/element'
00:35:24.077 [AsyncHttpClient-1-14] DEBUG org.asynchttpclient.netty.handler.HttpHandler - 

Request DefaultHttpRequest(decodeResult: success, version: HTTP/1.1)
POST /session/e8f5a118aa4820cdd112661acff86bd5/element HTTP/1.1
User-Agent: selenium/4.12.0 (java windows)
Content-Length: 87
Content-Type: application/json; charset=utf-8
host: localhost:47969
accept: */*

Response DefaultHttpResponse(decodeResult: success, version: HTTP/1.1)
HTTP/1.1 200 OK
Content-Length: 126
Content-Type: application/json; charset=utf-8
cache-control: no-cache

00:35:24.077 [AsyncHttpClient-1-14] DEBUG org.asynchttpclient.netty.channel.ChannelManager - Adding key: http://localhost:47969 for channel [id: 0xeb959a2f, L:/127.0.0.1:61824 - R:localhost/127.0.0.1:47969]
00:35:24.077 [Forwarding sendKeysToElement on session e8f5a118aa4820cdd112661acff86bd5 to remote] DEBUG org.asynchttpclient.netty.request.NettyRequestSender - Using pooled Channel '[id: 0xeb959a2f, L:/127.0.0.1:61824 - R:localhost/127.0.0.1:47969]' for 'POST' to 'http://localhost:47969/session/e8f5a118aa4820cdd112661acff86bd5/element/f.DAC8C302CE889BF6F5FB8D79825C8D20.d.7DA544AA9660542733425237AA1694A6.e.52/value'
00:35:24.077 [Forwarding sendKeysToElement on session e8f5a118aa4820cdd112661acff86bd5 to remote] DEBUG org.asynchttpclient.netty.request.NettyRequestSender - Using open Channel [id: 0xeb959a2f, L:/127.0.0.1:61824 - R:localhost/127.0.0.1:47969] for POST '/session/e8f5a118aa4820cdd112661acff86bd5/element/f.DAC8C302CE889BF6F5FB8D79825C8D20.d.7DA544AA9660542733425237AA1694A6.e.52/value'
00:35:24.215 [AsyncHttpClient-1-1] DEBUG org.asynchttpclient.netty.channel.DefaultChannelPool - Entry count for : http://localhost:61825 : 1
00:35:24.234 [AsyncHttpClient-1-14] DEBUG org.asynchttpclient.netty.handler.HttpHandler - 

Request DefaultHttpRequest(decodeResult: success, version: HTTP/1.1)
POST /session/e8f5a118aa4820cdd112661acff86bd5/element/f.DAC8C302CE889BF6F5FB8D79825C8D20.d.7DA544AA9660542733425237AA1694A6.e.52/value HTTP/1.1
User-Agent: selenium/4.12.0 (java windows)
Content-Length: 179
Content-Type: application/json; charset=utf-8
host: localhost:47969
accept: */*

Response DefaultHttpResponse(decodeResult: success, version: HTTP/1.1)
HTTP/1.1 200 OK
Content-Length: 14
Content-Type: application/json; charset=utf-8
cache-control: no-cache

00:35:24.234 [AsyncHttpClient-1-14] DEBUG org.asynchttpclient.netty.channel.ChannelManager - Adding key: http://localhost:47969 for channel [id: 0xeb959a2f, L:/127.0.0.1:61824 - R:localhost/127.0.0.1:47969]
00:35:24.234 [Forwarding findElement on session e8f5a118aa4820cdd112661acff86bd5 to remote] DEBUG org.asynchttpclient.netty.request.NettyRequestSender - Using pooled Channel '[id: 0xeb959a2f, L:/127.0.0.1:61824 - R:localhost/127.0.0.1:47969]' for 'POST' to 'http://localhost:47969/session/e8f5a118aa4820cdd112661acff86bd5/element'
00:35:24.234 [Forwarding findElement on session e8f5a118aa4820cdd112661acff86bd5 to remote] DEBUG org.asynchttpclient.netty.request.NettyRequestSender - Using open Channel [id: 0xeb959a2f, L:/127.0.0.1:61824 - R:localhost/127.0.0.1:47969] for POST '/session/e8f5a118aa4820cdd112661acff86bd5/element'
00:35:24.249 [AsyncHttpClient-1-14] DEBUG org.asynchttpclient.netty.handler.HttpHandler - 

Request DefaultHttpRequest(decodeResult: success, version: HTTP/1.1)
POST /session/e8f5a118aa4820cdd112661acff86bd5/element HTTP/1.1
User-Agent: selenium/4.12.0 (java windows)
Content-Length: 96
Content-Type: application/json; charset=utf-8
host: localhost:47969
accept: */*

Response DefaultHttpResponse(decodeResult: success, version: HTTP/1.1)
HTTP/1.1 200 OK
Content-Length: 126
Content-Type: application/json; charset=utf-8
cache-control: no-cache

00:35:24.249 [AsyncHttpClient-1-14] DEBUG org.asynchttpclient.netty.channel.ChannelManager - Adding key: http://localhost:47969 for channel [id: 0xeb959a2f, L:/127.0.0.1:61824 - R:localhost/127.0.0.1:47969]
00:35:24.262 [Forwarding sendKeysToElement on session e8f5a118aa4820cdd112661acff86bd5 to remote] DEBUG org.asynchttpclient.netty.request.NettyRequestSender - Using pooled Channel '[id: 0xeb959a2f, L:/127.0.0.1:61824 - R:localhost/127.0.0.1:47969]' for 'POST' to 'http://localhost:47969/session/e8f5a118aa4820cdd112661acff86bd5/element/f.DAC8C302CE889BF6F5FB8D79825C8D20.d.7DA544AA9660542733425237AA1694A6.e.53/value'
00:35:24.262 [Forwarding sendKeysToElement on session e8f5a118aa4820cdd112661acff86bd5 to remote] DEBUG org.asynchttpclient.netty.request.NettyRequestSender - Using open Channel [id: 0xeb959a2f, L:/127.0.0.1:61824 - R:localhost/127.0.0.1:47969] for POST '/session/e8f5a118aa4820cdd112661acff86bd5/element/f.DAC8C302CE889BF6F5FB8D79825C8D20.d.7DA544AA9660542733425237AA1694A6.e.53/value'
00:35:24.454 [AsyncHttpClient-1-14] DEBUG org.asynchttpclient.netty.handler.HttpHandler - 

Request DefaultHttpRequest(decodeResult: success, version: HTTP/1.1)
POST /session/e8f5a118aa4820cdd112661acff86bd5/element/f.DAC8C302CE889BF6F5FB8D79825C8D20.d.7DA544AA9660542733425237AA1694A6.e.53/value HTTP/1.1
User-Agent: selenium/4.12.0 (java windows)
Content-Length: 229
Content-Type: application/json; charset=utf-8
host: localhost:47969
accept: */*

Response DefaultHttpResponse(decodeResult: success, version: HTTP/1.1)
HTTP/1.1 200 OK
Content-Length: 14
Content-Type: application/json; charset=utf-8
cache-control: no-cache

00:35:24.454 [AsyncHttpClient-1-14] DEBUG org.asynchttpclient.netty.channel.ChannelManager - Adding key: http://localhost:47969 for channel [id: 0xeb959a2f, L:/127.0.0.1:61824 - R:localhost/127.0.0.1:47969]
00:35:24.454 [Forwarding findElement on session e8f5a118aa4820cdd112661acff86bd5 to remote] DEBUG org.asynchttpclient.netty.request.NettyRequestSender - Using pooled Channel '[id: 0xeb959a2f, L:/127.0.0.1:61824 - R:localhost/127.0.0.1:47969]' for 'POST' to 'http://localhost:47969/session/e8f5a118aa4820cdd112661acff86bd5/element'
00:35:24.454 [Forwarding findElement on session e8f5a118aa4820cdd112661acff86bd5 to remote] DEBUG org.asynchttpclient.netty.request.NettyRequestSender - Using open Channel [id: 0xeb959a2f, L:/127.0.0.1:61824 - R:localhost/127.0.0.1:47969] for POST '/session/e8f5a118aa4820cdd112661acff86bd5/element'
00:35:24.467 [AsyncHttpClient-1-14] DEBUG org.asynchttpclient.netty.handler.HttpHandler - 

Request DefaultHttpRequest(decodeResult: success, version: HTTP/1.1)
POST /session/e8f5a118aa4820cdd112661acff86bd5/element HTTP/1.1
User-Agent: selenium/4.12.0 (java windows)
Content-Length: 84
Content-Type: application/json; charset=utf-8
host: localhost:47969
accept: */*

Response DefaultHttpResponse(decodeResult: success, version: HTTP/1.1)
HTTP/1.1 200 OK
Content-Length: 126
Content-Type: application/json; charset=utf-8
cache-control: no-cache

00:35:24.467 [AsyncHttpClient-1-14] DEBUG org.asynchttpclient.netty.channel.ChannelManager - Adding key: http://localhost:47969 for channel [id: 0xeb959a2f, L:/127.0.0.1:61824 - R:localhost/127.0.0.1:47969]
00:35:24.475 [Forwarding sendKeysToElement on session e8f5a118aa4820cdd112661acff86bd5 to remote] DEBUG org.asynchttpclient.netty.request.NettyRequestSender - Using pooled Channel '[id: 0xeb959a2f, L:/127.0.0.1:61824 - R:localhost/127.0.0.1:47969]' for 'POST' to 'http://localhost:47969/session/e8f5a118aa4820cdd112661acff86bd5/element/f.DAC8C302CE889BF6F5FB8D79825C8D20.d.7DA544AA9660542733425237AA1694A6.e.54/value'
00:35:24.475 [Forwarding sendKeysToElement on session e8f5a118aa4820cdd112661acff86bd5 to remote] DEBUG org.asynchttpclient.netty.request.NettyRequestSender - Using open Channel [id: 0xeb959a2f, L:/127.0.0.1:61824 - R:localhost/127.0.0.1:47969] for POST '/session/e8f5a118aa4820cdd112661acff86bd5/element/f.DAC8C302CE889BF6F5FB8D79825C8D20.d.7DA544AA9660542733425237AA1694A6.e.54/value'
00:35:24.652 [AsyncHttpClient-1-14] DEBUG org.asynchttpclient.netty.handler.HttpHandler - 

Request DefaultHttpRequest(decodeResult: success, version: HTTP/1.1)
POST /session/e8f5a118aa4820cdd112661acff86bd5/element/f.DAC8C302CE889BF6F5FB8D79825C8D20.d.7DA544AA9660542733425237AA1694A6.e.54/value HTTP/1.1
User-Agent: selenium/4.12.0 (java windows)
Content-Length: 249
Content-Type: application/json; charset=utf-8
host: localhost:47969
accept: */*

Response DefaultHttpResponse(decodeResult: success, version: HTTP/1.1)
HTTP/1.1 200 OK
Content-Length: 14
Content-Type: application/json; charset=utf-8
cache-control: no-cache

00:35:24.652 [AsyncHttpClient-1-14] DEBUG org.asynchttpclient.netty.channel.ChannelManager - Adding key: http://localhost:47969 for channel [id: 0xeb959a2f, L:/127.0.0.1:61824 - R:localhost/127.0.0.1:47969]
00:35:25.319 [AsyncHttpClient-1-1] DEBUG org.asynchttpclient.netty.channel.DefaultChannelPool - Entry count for : http://localhost:47969 : 1
00:35:25.319 [AsyncHttpClient-1-1] DEBUG org.asynchttpclient.netty.channel.DefaultChannelPool - Entry count for : http://localhost:61825 : 1
00:35:25.665 [Forwarding screenshot on session e8f5a118aa4820cdd112661acff86bd5 to remote] DEBUG org.asynchttpclient.netty.request.NettyRequestSender - Using pooled Channel '[id: 0xeb959a2f, L:/127.0.0.1:61824 - R:localhost/127.0.0.1:47969]' for 'GET' to 'http://localhost:47969/session/e8f5a118aa4820cdd112661acff86bd5/screenshot'
00:35:25.665 [Forwarding screenshot on session e8f5a118aa4820cdd112661acff86bd5 to remote] DEBUG org.asynchttpclient.netty.request.NettyRequestSender - Using open Channel [id: 0xeb959a2f, L:/127.0.0.1:61824 - R:localhost/127.0.0.1:47969] for GET '/session/e8f5a118aa4820cdd112661acff86bd5/screenshot'
00:35:25.865 [AsyncHttpClient-1-14] DEBUG org.asynchttpclient.netty.handler.HttpHandler - 

Request DefaultFullHttpRequest(decodeResult: success, version: HTTP/1.1, content: EmptyByteBufBE)
GET /session/e8f5a118aa4820cdd112661acff86bd5/screenshot HTTP/1.1
Cache-Control: no-cache
User-Agent: selenium/4.12.0 (java windows)
Content-Type: application/json; charset=utf-8
host: localhost:47969
accept: */*

Response DefaultHttpResponse(decodeResult: success, version: HTTP/1.1)
HTTP/1.1 200 OK
Content-Length: 324284
Content-Type: application/json; charset=utf-8
cache-control: no-cache

00:35:25.865 [AsyncHttpClient-1-14] DEBUG org.asynchttpclient.netty.channel.ChannelManager - Adding key: http://localhost:47969 for channel [id: 0xeb959a2f, L:/127.0.0.1:61824 - R:localhost/127.0.0.1:47969]
  And Provide the company DetailsRaj_Steel 447788 Sara_Sharma www.royal.com # StepDefination.Customer_onboarding.Provide_the_customer_Details(java.lang.String,java.lang.String,java.lang.String,java.lang.String)
00:35:25.897 [Forwarding findElement on session e8f5a118aa4820cdd112661acff86bd5 to remote] DEBUG org.asynchttpclient.netty.request.NettyRequestSender - Using pooled Channel '[id: 0xeb959a2f, L:/127.0.0.1:61824 - R:localhost/127.0.0.1:47969]' for 'POST' to 'http://localhost:47969/session/e8f5a118aa4820cdd112661acff86bd5/element'
00:35:25.897 [Forwarding findElement on session e8f5a118aa4820cdd112661acff86bd5 to remote] DEBUG org.asynchttpclient.netty.request.NettyRequestSender - Using open Channel [id: 0xeb959a2f, L:/127.0.0.1:61824 - R:localhost/127.0.0.1:47969] for POST '/session/e8f5a118aa4820cdd112661acff86bd5/element'
00:35:25.929 [AsyncHttpClient-1-14] DEBUG org.asynchttpclient.netty.handler.HttpHandler - 

Request DefaultHttpRequest(decodeResult: success, version: HTTP/1.1)
POST /session/e8f5a118aa4820cdd112661acff86bd5/element HTTP/1.1
User-Agent: selenium/4.12.0 (java windows)
Content-Length: 88
Content-Type: application/json; charset=utf-8
host: localhost:47969
accept: */*

Response DefaultHttpResponse(decodeResult: success, version: HTTP/1.1)
HTTP/1.1 200 OK
Content-Length: 126
Content-Type: application/json; charset=utf-8
cache-control: no-cache

00:35:25.929 [AsyncHttpClient-1-14] DEBUG org.asynchttpclient.netty.channel.ChannelManager - Adding key: http://localhost:47969 for channel [id: 0xeb959a2f, L:/127.0.0.1:61824 - R:localhost/127.0.0.1:47969]
00:35:25.929 [Forwarding sendKeysToElement on session e8f5a118aa4820cdd112661acff86bd5 to remote] DEBUG org.asynchttpclient.netty.request.NettyRequestSender - Using pooled Channel '[id: 0xeb959a2f, L:/127.0.0.1:61824 - R:localhost/127.0.0.1:47969]' for 'POST' to 'http://localhost:47969/session/e8f5a118aa4820cdd112661acff86bd5/element/f.DAC8C302CE889BF6F5FB8D79825C8D20.d.7DA544AA9660542733425237AA1694A6.e.60/value'
00:35:25.929 [Forwarding sendKeysToElement on session e8f5a118aa4820cdd112661acff86bd5 to remote] DEBUG org.asynchttpclient.netty.request.NettyRequestSender - Using open Channel [id: 0xeb959a2f, L:/127.0.0.1:61824 - R:localhost/127.0.0.1:47969] for POST '/session/e8f5a118aa4820cdd112661acff86bd5/element/f.DAC8C302CE889BF6F5FB8D79825C8D20.d.7DA544AA9660542733425237AA1694A6.e.60/value'
00:35:26.221 [AsyncHttpClient-1-14] DEBUG org.asynchttpclient.netty.handler.HttpHandler - 

Request DefaultHttpRequest(decodeResult: success, version: HTTP/1.1)
POST /session/e8f5a118aa4820cdd112661acff86bd5/element/f.DAC8C302CE889BF6F5FB8D79825C8D20.d.7DA544AA9660542733425237AA1694A6.e.60/value HTTP/1.1
User-Agent: selenium/4.12.0 (java windows)
Content-Length: 259
Content-Type: application/json; charset=utf-8
host: localhost:47969
accept: */*

Response DefaultHttpResponse(decodeResult: success, version: HTTP/1.1)
HTTP/1.1 200 OK
Content-Length: 14
Content-Type: application/json; charset=utf-8
cache-control: no-cache

00:35:26.221 [AsyncHttpClient-1-14] DEBUG org.asynchttpclient.netty.channel.ChannelManager - Adding key: http://localhost:47969 for channel [id: 0xeb959a2f, L:/127.0.0.1:61824 - R:localhost/127.0.0.1:47969]
00:35:26.221 [Forwarding findElement on session e8f5a118aa4820cdd112661acff86bd5 to remote] DEBUG org.asynchttpclient.netty.request.NettyRequestSender - Using pooled Channel '[id: 0xeb959a2f, L:/127.0.0.1:61824 - R:localhost/127.0.0.1:47969]' for 'POST' to 'http://localhost:47969/session/e8f5a118aa4820cdd112661acff86bd5/element'
00:35:26.221 [Forwarding findElement on session e8f5a118aa4820cdd112661acff86bd5 to remote] DEBUG org.asynchttpclient.netty.request.NettyRequestSender - Using open Channel [id: 0xeb959a2f, L:/127.0.0.1:61824 - R:localhost/127.0.0.1:47969] for POST '/session/e8f5a118aa4820cdd112661acff86bd5/element'
00:35:26.249 [AsyncHttpClient-1-14] DEBUG org.asynchttpclient.netty.handler.HttpHandler - 

Request DefaultHttpRequest(decodeResult: success, version: HTTP/1.1)
POST /session/e8f5a118aa4820cdd112661acff86bd5/element HTTP/1.1
User-Agent: selenium/4.12.0 (java windows)
Content-Length: 75
Content-Type: application/json; charset=utf-8
host: localhost:47969
accept: */*

Response DefaultHttpResponse(decodeResult: success, version: HTTP/1.1)
HTTP/1.1 200 OK
Content-Length: 126
Content-Type: application/json; charset=utf-8
cache-control: no-cache

00:35:26.249 [AsyncHttpClient-1-14] DEBUG org.asynchttpclient.netty.channel.ChannelManager - Adding key: http://localhost:47969 for channel [id: 0xeb959a2f, L:/127.0.0.1:61824 - R:localhost/127.0.0.1:47969]
00:35:26.249 [Forwarding sendKeysToElement on session e8f5a118aa4820cdd112661acff86bd5 to remote] DEBUG org.asynchttpclient.netty.request.NettyRequestSender - Using pooled Channel '[id: 0xeb959a2f, L:/127.0.0.1:61824 - R:localhost/127.0.0.1:47969]' for 'POST' to 'http://localhost:47969/session/e8f5a118aa4820cdd112661acff86bd5/element/f.DAC8C302CE889BF6F5FB8D79825C8D20.d.7DA544AA9660542733425237AA1694A6.e.61/value'
00:35:26.249 [Forwarding sendKeysToElement on session e8f5a118aa4820cdd112661acff86bd5 to remote] DEBUG org.asynchttpclient.netty.request.NettyRequestSender - Using open Channel [id: 0xeb959a2f, L:/127.0.0.1:61824 - R:localhost/127.0.0.1:47969] for POST '/session/e8f5a118aa4820cdd112661acff86bd5/element/f.DAC8C302CE889BF6F5FB8D79825C8D20.d.7DA544AA9660542733425237AA1694A6.e.61/value'
00:35:26.415 [AsyncHttpClient-1-1] DEBUG org.asynchttpclient.netty.channel.DefaultChannelPool - Entry count for : http://localhost:61825 : 1
00:35:26.608 [AsyncHttpClient-1-14] DEBUG org.asynchttpclient.netty.handler.HttpHandler - 

Request DefaultHttpRequest(decodeResult: success, version: HTTP/1.1)
POST /session/e8f5a118aa4820cdd112661acff86bd5/element/f.DAC8C302CE889BF6F5FB8D79825C8D20.d.7DA544AA9660542733425237AA1694A6.e.61/value HTTP/1.1
User-Agent: selenium/4.12.0 (java windows)
Content-Length: 139
Content-Type: application/json; charset=utf-8
host: localhost:47969
accept: */*

Response DefaultHttpResponse(decodeResult: success, version: HTTP/1.1)
HTTP/1.1 200 OK
Content-Length: 14
Content-Type: application/json; charset=utf-8
cache-control: no-cache

00:35:26.608 [AsyncHttpClient-1-14] DEBUG org.asynchttpclient.netty.channel.ChannelManager - Adding key: http://localhost:47969 for channel [id: 0xeb959a2f, L:/127.0.0.1:61824 - R:localhost/127.0.0.1:47969]
00:35:26.616 [Forwarding findElement on session e8f5a118aa4820cdd112661acff86bd5 to remote] DEBUG org.asynchttpclient.netty.request.NettyRequestSender - Using pooled Channel '[id: 0xeb959a2f, L:/127.0.0.1:61824 - R:localhost/127.0.0.1:47969]' for 'POST' to 'http://localhost:47969/session/e8f5a118aa4820cdd112661acff86bd5/element'
00:35:26.616 [Forwarding findElement on session e8f5a118aa4820cdd112661acff86bd5 to remote] DEBUG org.asynchttpclient.netty.request.NettyRequestSender - Using open Channel [id: 0xeb959a2f, L:/127.0.0.1:61824 - R:localhost/127.0.0.1:47969] for POST '/session/e8f5a118aa4820cdd112661acff86bd5/element'
00:35:26.653 [AsyncHttpClient-1-14] DEBUG org.asynchttpclient.netty.handler.HttpHandler - 

Request DefaultHttpRequest(decodeResult: success, version: HTTP/1.1)
POST /session/e8f5a118aa4820cdd112661acff86bd5/element HTTP/1.1
User-Agent: selenium/4.12.0 (java windows)
Content-Length: 90
Content-Type: application/json; charset=utf-8
host: localhost:47969
accept: */*

Response DefaultHttpResponse(decodeResult: success, version: HTTP/1.1)
HTTP/1.1 200 OK
Content-Length: 126
Content-Type: application/json; charset=utf-8
cache-control: no-cache

00:35:26.653 [AsyncHttpClient-1-14] DEBUG org.asynchttpclient.netty.channel.ChannelManager - Adding key: http://localhost:47969 for channel [id: 0xeb959a2f, L:/127.0.0.1:61824 - R:localhost/127.0.0.1:47969]
00:35:26.663 [Forwarding sendKeysToElement on session e8f5a118aa4820cdd112661acff86bd5 to remote] DEBUG org.asynchttpclient.netty.request.NettyRequestSender - Using pooled Channel '[id: 0xeb959a2f, L:/127.0.0.1:61824 - R:localhost/127.0.0.1:47969]' for 'POST' to 'http://localhost:47969/session/e8f5a118aa4820cdd112661acff86bd5/element/f.DAC8C302CE889BF6F5FB8D79825C8D20.d.7DA544AA9660542733425237AA1694A6.e.62/value'
00:35:26.663 [Forwarding sendKeysToElement on session e8f5a118aa4820cdd112661acff86bd5 to remote] DEBUG org.asynchttpclient.netty.request.NettyRequestSender - Using open Channel [id: 0xeb959a2f, L:/127.0.0.1:61824 - R:localhost/127.0.0.1:47969] for POST '/session/e8f5a118aa4820cdd112661acff86bd5/element/f.DAC8C302CE889BF6F5FB8D79825C8D20.d.7DA544AA9660542733425237AA1694A6.e.62/value'
00:35:26.915 [AsyncHttpClient-1-14] DEBUG org.asynchttpclient.netty.handler.HttpHandler - 

Request DefaultHttpRequest(decodeResult: success, version: HTTP/1.1)
POST /session/e8f5a118aa4820cdd112661acff86bd5/element/f.DAC8C302CE889BF6F5FB8D79825C8D20.d.7DA544AA9660542733425237AA1694A6.e.62/value HTTP/1.1
User-Agent: selenium/4.12.0 (java windows)
Content-Length: 139
Content-Type: application/json; charset=utf-8
host: localhost:47969
accept: */*

Response DefaultHttpResponse(decodeResult: success, version: HTTP/1.1)
HTTP/1.1 200 OK
Content-Length: 14
Content-Type: application/json; charset=utf-8
cache-control: no-cache

00:35:26.918 [AsyncHttpClient-1-14] DEBUG org.asynchttpclient.netty.channel.ChannelManager - Adding key: http://localhost:47969 for channel [id: 0xeb959a2f, L:/127.0.0.1:61824 - R:localhost/127.0.0.1:47969]
00:35:26.918 [Forwarding findElement on session e8f5a118aa4820cdd112661acff86bd5 to remote] DEBUG org.asynchttpclient.netty.request.NettyRequestSender - Using pooled Channel '[id: 0xeb959a2f, L:/127.0.0.1:61824 - R:localhost/127.0.0.1:47969]' for 'POST' to 'http://localhost:47969/session/e8f5a118aa4820cdd112661acff86bd5/element'
00:35:26.918 [Forwarding findElement on session e8f5a118aa4820cdd112661acff86bd5 to remote] DEBUG org.asynchttpclient.netty.request.NettyRequestSender - Using open Channel [id: 0xeb959a2f, L:/127.0.0.1:61824 - R:localhost/127.0.0.1:47969] for POST '/session/e8f5a118aa4820cdd112661acff86bd5/element'
00:35:26.935 [AsyncHttpClient-1-14] DEBUG org.asynchttpclient.netty.handler.HttpHandler - 

Request DefaultHttpRequest(decodeResult: success, version: HTTP/1.1)
POST /session/e8f5a118aa4820cdd112661acff86bd5/element HTTP/1.1
User-Agent: selenium/4.12.0 (java windows)
Content-Length: 96
Content-Type: application/json; charset=utf-8
host: localhost:47969
accept: */*

Response DefaultHttpResponse(decodeResult: success, version: HTTP/1.1)
HTTP/1.1 200 OK
Content-Length: 126
Content-Type: application/json; charset=utf-8
cache-control: no-cache

00:35:26.935 [AsyncHttpClient-1-14] DEBUG org.asynchttpclient.netty.channel.ChannelManager - Adding key: http://localhost:47969 for channel [id: 0xeb959a2f, L:/127.0.0.1:61824 - R:localhost/127.0.0.1:47969]
00:35:26.947 [Forwarding sendKeysToElement on session e8f5a118aa4820cdd112661acff86bd5 to remote] DEBUG org.asynchttpclient.netty.request.NettyRequestSender - Using pooled Channel '[id: 0xeb959a2f, L:/127.0.0.1:61824 - R:localhost/127.0.0.1:47969]' for 'POST' to 'http://localhost:47969/session/e8f5a118aa4820cdd112661acff86bd5/element/f.DAC8C302CE889BF6F5FB8D79825C8D20.d.7DA544AA9660542733425237AA1694A6.e.63/value'
00:35:26.947 [Forwarding sendKeysToElement on session e8f5a118aa4820cdd112661acff86bd5 to remote] DEBUG org.asynchttpclient.netty.request.NettyRequestSender - Using open Channel [id: 0xeb959a2f, L:/127.0.0.1:61824 - R:localhost/127.0.0.1:47969] for POST '/session/e8f5a118aa4820cdd112661acff86bd5/element/f.DAC8C302CE889BF6F5FB8D79825C8D20.d.7DA544AA9660542733425237AA1694A6.e.63/value'
00:35:27.213 [AsyncHttpClient-1-14] DEBUG org.asynchttpclient.netty.handler.HttpHandler - 

Request DefaultHttpRequest(decodeResult: success, version: HTTP/1.1)
POST /session/e8f5a118aa4820cdd112661acff86bd5/element/f.DAC8C302CE889BF6F5FB8D79825C8D20.d.7DA544AA9660542733425237AA1694A6.e.63/value HTTP/1.1
User-Agent: selenium/4.12.0 (java windows)
Content-Length: 179
Content-Type: application/json; charset=utf-8
host: localhost:47969
accept: */*

Response DefaultHttpResponse(decodeResult: success, version: HTTP/1.1)
HTTP/1.1 200 OK
Content-Length: 14
Content-Type: application/json; charset=utf-8
cache-control: no-cache

00:35:27.217 [AsyncHttpClient-1-14] DEBUG org.asynchttpclient.netty.channel.ChannelManager - Adding key: http://localhost:47969 for channel [id: 0xeb959a2f, L:/127.0.0.1:61824 - R:localhost/127.0.0.1:47969]
00:35:27.217 [Forwarding findElement on session e8f5a118aa4820cdd112661acff86bd5 to remote] DEBUG org.asynchttpclient.netty.request.NettyRequestSender - Using pooled Channel '[id: 0xeb959a2f, L:/127.0.0.1:61824 - R:localhost/127.0.0.1:47969]' for 'POST' to 'http://localhost:47969/session/e8f5a118aa4820cdd112661acff86bd5/element'
00:35:27.217 [Forwarding findElement on session e8f5a118aa4820cdd112661acff86bd5 to remote] DEBUG org.asynchttpclient.netty.request.NettyRequestSender - Using open Channel [id: 0xeb959a2f, L:/127.0.0.1:61824 - R:localhost/127.0.0.1:47969] for POST '/session/e8f5a118aa4820cdd112661acff86bd5/element'
00:35:27.284 [AsyncHttpClient-1-14] DEBUG org.asynchttpclient.netty.handler.HttpHandler - 

Request DefaultHttpRequest(decodeResult: success, version: HTTP/1.1)
POST /session/e8f5a118aa4820cdd112661acff86bd5/element HTTP/1.1
User-Agent: selenium/4.12.0 (java windows)
Content-Length: 78
Content-Type: application/json; charset=utf-8
host: localhost:47969
accept: */*

Response DefaultHttpResponse(decodeResult: success, version: HTTP/1.1)
HTTP/1.1 200 OK
Content-Length: 126
Content-Type: application/json; charset=utf-8
cache-control: no-cache

00:35:27.284 [AsyncHttpClient-1-14] DEBUG org.asynchttpclient.netty.channel.ChannelManager - Adding key: http://localhost:47969 for channel [id: 0xeb959a2f, L:/127.0.0.1:61824 - R:localhost/127.0.0.1:47969]
00:35:27.284 [Forwarding sendKeysToElement on session e8f5a118aa4820cdd112661acff86bd5 to remote] DEBUG org.asynchttpclient.netty.request.NettyRequestSender - Using pooled Channel '[id: 0xeb959a2f, L:/127.0.0.1:61824 - R:localhost/127.0.0.1:47969]' for 'POST' to 'http://localhost:47969/session/e8f5a118aa4820cdd112661acff86bd5/element/f.DAC8C302CE889BF6F5FB8D79825C8D20.d.7DA544AA9660542733425237AA1694A6.e.64/value'
00:35:27.284 [Forwarding sendKeysToElement on session e8f5a118aa4820cdd112661acff86bd5 to remote] DEBUG org.asynchttpclient.netty.request.NettyRequestSender - Using open Channel [id: 0xeb959a2f, L:/127.0.0.1:61824 - R:localhost/127.0.0.1:47969] for POST '/session/e8f5a118aa4820cdd112661acff86bd5/element/f.DAC8C302CE889BF6F5FB8D79825C8D20.d.7DA544AA9660542733425237AA1694A6.e.64/value'
00:35:27.520 [AsyncHttpClient-1-1] DEBUG org.asynchttpclient.netty.channel.DefaultChannelPool - Entry count for : http://localhost:61825 : 1
00:35:27.542 [AsyncHttpClient-1-14] DEBUG org.asynchttpclient.netty.handler.HttpHandler - 

Request DefaultHttpRequest(decodeResult: success, version: HTTP/1.1)
POST /session/e8f5a118aa4820cdd112661acff86bd5/element/f.DAC8C302CE889BF6F5FB8D79825C8D20.d.7DA544AA9660542733425237AA1694A6.e.64/value HTTP/1.1
User-Agent: selenium/4.12.0 (java windows)
Content-Length: 149
Content-Type: application/json; charset=utf-8
host: localhost:47969
accept: */*

Response DefaultHttpResponse(decodeResult: success, version: HTTP/1.1)
HTTP/1.1 200 OK
Content-Length: 14
Content-Type: application/json; charset=utf-8
cache-control: no-cache

00:35:27.542 [AsyncHttpClient-1-14] DEBUG org.asynchttpclient.netty.channel.ChannelManager - Adding key: http://localhost:47969 for channel [id: 0xeb959a2f, L:/127.0.0.1:61824 - R:localhost/127.0.0.1:47969]
00:35:28.047 [Forwarding screenshot on session e8f5a118aa4820cdd112661acff86bd5 to remote] DEBUG org.asynchttpclient.netty.request.NettyRequestSender - Using pooled Channel '[id: 0xeb959a2f, L:/127.0.0.1:61824 - R:localhost/127.0.0.1:47969]' for 'GET' to 'http://localhost:47969/session/e8f5a118aa4820cdd112661acff86bd5/screenshot'
00:35:28.047 [Forwarding screenshot on session e8f5a118aa4820cdd112661acff86bd5 to remote] DEBUG org.asynchttpclient.netty.request.NettyRequestSender - Using open Channel [id: 0xeb959a2f, L:/127.0.0.1:61824 - R:localhost/127.0.0.1:47969] for GET '/session/e8f5a118aa4820cdd112661acff86bd5/screenshot'
00:35:28.218 [AsyncHttpClient-1-14] DEBUG org.asynchttpclient.netty.handler.HttpHandler - 

Request DefaultFullHttpRequest(decodeResult: success, version: HTTP/1.1, content: EmptyByteBufBE)
GET /session/e8f5a118aa4820cdd112661acff86bd5/screenshot HTTP/1.1
Cache-Control: no-cache
User-Agent: selenium/4.12.0 (java windows)
Content-Type: application/json; charset=utf-8
host: localhost:47969
accept: */*

Response DefaultHttpResponse(decodeResult: success, version: HTTP/1.1)
HTTP/1.1 200 OK
Content-Length: 314592
Content-Type: application/json; charset=utf-8
cache-control: no-cache

00:35:28.234 [AsyncHttpClient-1-14] DEBUG org.asynchttpclient.netty.channel.ChannelManager - Adding key: http://localhost:47969 for channel [id: 0xeb959a2f, L:/127.0.0.1:61824 - R:localhost/127.0.0.1:47969]
  And Provide the Address DetailsMain_street001 YK FL 987678 USA            # StepDefination.Customer_onboarding.Provide_the_address_Details(java.lang.String,java.lang.String,java.lang.String,java.lang.String,java.lang.String)
00:35:28.613 [AsyncHttpClient-1-1] DEBUG org.asynchttpclient.netty.channel.DefaultChannelPool - Entry count for : http://localhost:47969 : 1
00:35:28.613 [AsyncHttpClient-1-1] DEBUG org.asynchttpclient.netty.channel.DefaultChannelPool - Entry count for : http://localhost:61825 : 1
00:35:29.262 [Forwarding findElement on session e8f5a118aa4820cdd112661acff86bd5 to remote] DEBUG org.asynchttpclient.netty.request.NettyRequestSender - Using pooled Channel '[id: 0xeb959a2f, L:/127.0.0.1:61824 - R:localhost/127.0.0.1:47969]' for 'POST' to 'http://localhost:47969/session/e8f5a118aa4820cdd112661acff86bd5/element'
00:35:29.262 [Forwarding findElement on session e8f5a118aa4820cdd112661acff86bd5 to remote] DEBUG org.asynchttpclient.netty.request.NettyRequestSender - Using open Channel [id: 0xeb959a2f, L:/127.0.0.1:61824 - R:localhost/127.0.0.1:47969] for POST '/session/e8f5a118aa4820cdd112661acff86bd5/element'
00:35:29.284 [AsyncHttpClient-1-14] DEBUG org.asynchttpclient.netty.handler.HttpHandler - 

Request DefaultHttpRequest(decodeResult: success, version: HTTP/1.1)
POST /session/e8f5a118aa4820cdd112661acff86bd5/element HTTP/1.1
User-Agent: selenium/4.12.0 (java windows)
Content-Length: 72
Content-Type: application/json; charset=utf-8
host: localhost:47969
accept: */*

Response DefaultHttpResponse(decodeResult: success, version: HTTP/1.1)
HTTP/1.1 200 OK
Content-Length: 127
Content-Type: application/json; charset=utf-8
cache-control: no-cache

00:35:29.284 [AsyncHttpClient-1-14] DEBUG org.asynchttpclient.netty.channel.ChannelManager - Adding key: http://localhost:47969 for channel [id: 0xeb959a2f, L:/127.0.0.1:61824 - R:localhost/127.0.0.1:47969]
00:35:29.287 [Forwarding clickElement on session e8f5a118aa4820cdd112661acff86bd5 to remote] DEBUG org.asynchttpclient.netty.request.NettyRequestSender - Using pooled Channel '[id: 0xeb959a2f, L:/127.0.0.1:61824 - R:localhost/127.0.0.1:47969]' for 'POST' to 'http://localhost:47969/session/e8f5a118aa4820cdd112661acff86bd5/element/f.DAC8C302CE889BF6F5FB8D79825C8D20.d.7DA544AA9660542733425237AA1694A6.e.103/click'
00:35:29.287 [Forwarding clickElement on session e8f5a118aa4820cdd112661acff86bd5 to remote] DEBUG org.asynchttpclient.netty.request.NettyRequestSender - Using open Channel [id: 0xeb959a2f, L:/127.0.0.1:61824 - R:localhost/127.0.0.1:47969] for POST '/session/e8f5a118aa4820cdd112661acff86bd5/element/f.DAC8C302CE889BF6F5FB8D79825C8D20.d.7DA544AA9660542733425237AA1694A6.e.103/click'
00:35:29.410 [AsyncHttpClient-1-14] DEBUG org.asynchttpclient.netty.handler.HttpHandler - 

Request DefaultHttpRequest(decodeResult: success, version: HTTP/1.1)
POST /session/e8f5a118aa4820cdd112661acff86bd5/element/f.DAC8C302CE889BF6F5FB8D79825C8D20.d.7DA544AA9660542733425237AA1694A6.e.103/click HTTP/1.1
User-Agent: selenium/4.12.0 (java windows)
Content-Length: 89
Content-Type: application/json; charset=utf-8
host: localhost:47969
accept: */*

Response DefaultHttpResponse(decodeResult: success, version: HTTP/1.1)
HTTP/1.1 200 OK
Content-Length: 14
Content-Type: application/json; charset=utf-8
cache-control: no-cache

00:35:29.410 [AsyncHttpClient-1-14] DEBUG org.asynchttpclient.netty.channel.ChannelManager - Adding key: http://localhost:47969 for channel [id: 0xeb959a2f, L:/127.0.0.1:61824 - R:localhost/127.0.0.1:47969]
00:35:29.715 [AsyncHttpClient-1-1] DEBUG org.asynchttpclient.netty.channel.DefaultChannelPool - Entry count for : http://localhost:47969 : 1
00:35:29.715 [AsyncHttpClient-1-1] DEBUG org.asynchttpclient.netty.channel.DefaultChannelPool - Entry count for : http://localhost:61825 : 1
00:35:29.916 [Forwarding screenshot on session e8f5a118aa4820cdd112661acff86bd5 to remote] DEBUG org.asynchttpclient.netty.request.NettyRequestSender - Using pooled Channel '[id: 0xeb959a2f, L:/127.0.0.1:61824 - R:localhost/127.0.0.1:47969]' for 'GET' to 'http://localhost:47969/session/e8f5a118aa4820cdd112661acff86bd5/screenshot'
00:35:29.916 [Forwarding screenshot on session e8f5a118aa4820cdd112661acff86bd5 to remote] DEBUG org.asynchttpclient.netty.request.NettyRequestSender - Using open Channel [id: 0xeb959a2f, L:/127.0.0.1:61824 - R:localhost/127.0.0.1:47969] for GET '/session/e8f5a118aa4820cdd112661acff86bd5/screenshot'
00:35:30.107 [AsyncHttpClient-1-14] DEBUG org.asynchttpclient.netty.handler.HttpHandler - 

Request DefaultFullHttpRequest(decodeResult: success, version: HTTP/1.1, content: EmptyByteBufBE)
GET /session/e8f5a118aa4820cdd112661acff86bd5/screenshot HTTP/1.1
Cache-Control: no-cache
User-Agent: selenium/4.12.0 (java windows)
Content-Type: application/json; charset=utf-8
host: localhost:47969
accept: */*

Response DefaultHttpResponse(decodeResult: success, version: HTTP/1.1)
HTTP/1.1 200 OK
Content-Length: 336284
Content-Type: application/json; charset=utf-8
cache-control: no-cache

00:35:30.107 [AsyncHttpClient-1-14] DEBUG org.asynchttpclient.netty.channel.ChannelManager - Adding key: http://localhost:47969 for channel [id: 0xeb959a2f, L:/127.0.0.1:61824 - R:localhost/127.0.0.1:47969]
  When Submit the form                                                      # StepDefination.Customer_onboarding.Submit_the_form()
00:35:30.644 [Forwarding findElement on session e8f5a118aa4820cdd112661acff86bd5 to remote] DEBUG org.asynchttpclient.netty.request.NettyRequestSender - Using pooled Channel '[id: 0xeb959a2f, L:/127.0.0.1:61824 - R:localhost/127.0.0.1:47969]' for 'POST' to 'http://localhost:47969/session/e8f5a118aa4820cdd112661acff86bd5/element'
00:35:30.644 [Forwarding findElement on session e8f5a118aa4820cdd112661acff86bd5 to remote] DEBUG org.asynchttpclient.netty.request.NettyRequestSender - Using open Channel [id: 0xeb959a2f, L:/127.0.0.1:61824 - R:localhost/127.0.0.1:47969] for POST '/session/e8f5a118aa4820cdd112661acff86bd5/element'
00:35:30.668 [AsyncHttpClient-1-14] DEBUG org.asynchttpclient.netty.handler.HttpHandler - 

Request DefaultHttpRequest(decodeResult: success, version: HTTP/1.1)
POST /session/e8f5a118aa4820cdd112661acff86bd5/element HTTP/1.1
User-Agent: selenium/4.12.0 (java windows)
Content-Length: 81
Content-Type: application/json; charset=utf-8
host: localhost:47969
accept: */*

Response DefaultHttpResponse(decodeResult: success, version: HTTP/1.1)
HTTP/1.1 404 Not Found
Content-Length: 1068
Content-Type: application/json; charset=utf-8
cache-control: no-cache

00:35:30.668 [AsyncHttpClient-1-14] DEBUG org.asynchttpclient.netty.channel.ChannelManager - Adding key: http://localhost:47969 for channel [id: 0xeb959a2f, L:/127.0.0.1:61824 - R:localhost/127.0.0.1:47969]
  When Add new address                                                      # StepDefination.Customer_onboarding.Add_ew_address()
      org.openqa.selenium.NoSuchElementException: no such element: Unable to locate element: {"method":"xpath","selector":"//button[text()='Add New Address']"}
  (Session info: chrome=131.0.6778.265)
For documentation on this error, please visit: https://www.selenium.dev/documentation/webdriver/troubleshooting/errors#no-such-element-exception
Build info: version: '4.12.0', revision: '249f2a7d1b*'
System info: os.name: 'Windows 11', os.arch: 'amd64', os.version: '10.0', java.version: '17.0.11'
Driver info: org.openqa.selenium.chrome.ChromeDriver
Command: [e8f5a118aa4820cdd112661acff86bd5, findElement {using=xpath, value=//button[text()='Add New Address']}]
Capabilities {acceptInsecureCerts: false, browserName: chrome, browserVersion: 131.0.6778.265, chrome: {chromedriverVersion: 131.0.6778.204 (52183f9e99a..., userDataDir: C:\Users\ANIKET~1\AppData\L...}, fedcm:accounts: true, goog:chromeOptions: {debuggerAddress: localhost:61825}, networkConnectionEnabled: false, pageLoadStrategy: normal, platformName: windows, proxy: Proxy(), se:cdp: ws://localhost:61825/devtoo..., se:cdpVersion: 131.0.6778.265, setWindowRect: true, strictFileInteractability: false, timeouts: {implicit: 0, pageLoad: 300000, script: 30000}, unhandledPromptBehavior: dismiss and notify, webauthn:extension:credBlob: true, webauthn:extension:largeBlob: true, webauthn:extension:minPinLength: true, webauthn:extension:prf: true, webauthn:virtualAuthenticators: true}
Session ID: e8f5a118aa4820cdd112661acff86bd5
	at java.base/jdk.internal.reflect.NativeConstructorAccessorImpl.newInstance0(Native Method)
	at java.base/jdk.internal.reflect.NativeConstructorAccessorImpl.newInstance(NativeConstructorAccessorImpl.java:77)
	at java.base/jdk.internal.reflect.DelegatingConstructorAccessorImpl.newInstance(DelegatingConstructorAccessorImpl.java:45)
	at java.base/java.lang.reflect.Constructor.newInstanceWithCaller(Constructor.java:499)
	at java.base/java.lang.reflect.Constructor.newInstance(Constructor.java:480)
	at org.openqa.selenium.remote.codec.w3c.W3CHttpResponseCodec.createException(W3CHttpResponseCodec.java:200)
	at org.openqa.selenium.remote.codec.w3c.W3CHttpResponseCodec.decode(W3CHttpResponseCodec.java:133)
	at org.openqa.selenium.remote.codec.w3c.W3CHttpResponseCodec.decode(W3CHttpResponseCodec.java:52)
	at org.openqa.selenium.remote.HttpCommandExecutor.execute(HttpCommandExecutor.java:191)
	at org.openqa.selenium.remote.service.DriverCommandExecutor.invokeExecute(DriverCommandExecutor.java:196)
	at org.openqa.selenium.remote.service.DriverCommandExecutor.execute(DriverCommandExecutor.java:171)
	at org.openqa.selenium.remote.RemoteWebDriver.execute(RemoteWebDriver.java:602)
	at org.openqa.selenium.remote.ElementLocation$ElementFinder$2.findElement(ElementLocation.java:165)
	at org.openqa.selenium.remote.ElementLocation.findElement(ElementLocation.java:59)
	at org.openqa.selenium.remote.RemoteWebDriver.findElement(RemoteWebDriver.java:359)
	at org.openqa.selenium.remote.RemoteWebDriver.findElement(RemoteWebDriver.java:353)
	at org.openqa.selenium.support.pagefactory.DefaultElementLocator.findElement(DefaultElementLocator.java:68)
	at org.openqa.selenium.support.pagefactory.internal.LocatingElementHandler.invoke(LocatingElementHandler.java:38)
	at jdk.proxy2/jdk.proxy2.$Proxy23.click(Unknown Source)
	at PageObjects.Customer_objects.add_new_address(Customer_objects.java:374)
	at StepDefination.Customer_onboarding.Add_ew_address(Customer_onboarding.java:181)
	at âœ½.Add new address(file:///C:/Users/Aniket%20Satpute/eclipse-workspace/FleetProject/src/test/resources/Customers/Customer_form.feature:74)

  And Add_new_address_detailsMain_street001 YK FL 987678 USA                # StepDefination.Customer_onboarding.Add_new_addrest_details(java.lang.String,java.lang.String,java.lang.String,java.lang.String,java.lang.String)
  When Submit the form                                                      # StepDefination.Customer_onboarding.Submit_the_form()
  Then Verify_the_New_address                                               # StepDefination.Customer_onboarding.Verify_the_New_address()
  And Close_Window                                                          # StepDefination.Customer_onboarding.close_window()
]]></system-out>
    <system-err><![CDATA[Jan 15, 2025 12:35:09 AM org.openqa.selenium.devtools.CdpVersionFinder findNearestMatch
WARNING: Unable to find CDP implementation matching 131
Jan 15, 2025 12:35:09 AM org.openqa.selenium.chromium.ChromiumDriver lambda$new$5
WARNING: Unable to find version of CDP to use for 131.0.6778.265. You may need to include a dependency on a specific version of the CDP using something similar to `org.seleniumhq.selenium:selenium-devtools-v86:4.12.0` where the version ("v86") matches the version of the chromium-based browser you're using and the version number of the artifact is the same as Selenium's.
]]></system-err>
  </testcase>
  <testcase name="Signin with email and password #1" classname="User sign IN" time="12.949">
    <system-out><![CDATA[
Scenario Outline: Signin with email and password           # src/test/resources/Login/Login.feature:12
00:35:30.818 [AsyncHttpClient-1-1] DEBUG org.asynchttpclient.netty.channel.DefaultChannelPool - Entry count for : http://localhost:47969 : 1
00:35:30.818 [AsyncHttpClient-1-1] DEBUG org.asynchttpclient.netty.channel.DefaultChannelPool - Entry count for : http://localhost:61825 : 1
00:35:31.025 [AsyncHttpClient-1-17] DEBUG org.asynchttpclient.netty.channel.NettyConnectListener - Using new Channel '[id: 0x9d2aba6c, L:/127.0.0.1:61858 - R:localhost/127.0.0.1:46823]' for 'POST' to '/session'
00:35:31.926 [AsyncHttpClient-1-1] DEBUG org.asynchttpclient.netty.channel.DefaultChannelPool - Entry count for : http://localhost:47969 : 1
00:35:31.926 [AsyncHttpClient-1-1] DEBUG org.asynchttpclient.netty.channel.DefaultChannelPool - Entry count for : http://localhost:61825 : 1
00:35:32.283 [AsyncHttpClient-1-17] DEBUG org.asynchttpclient.netty.handler.HttpHandler - 

Request DefaultHttpRequest(decodeResult: success, version: HTTP/1.1)
POST /session HTTP/1.1
User-Agent: selenium/4.12.0 (java windows)
Content-Length: 254
Content-Type: application/json; charset=utf-8
host: localhost:46823
accept: */*

Response DefaultHttpResponse(decodeResult: success, version: HTTP/1.1)
HTTP/1.1 200 OK
Content-Length: 888
Content-Type: application/json; charset=utf-8
cache-control: no-cache

00:35:32.283 [AsyncHttpClient-1-17] DEBUG org.asynchttpclient.netty.channel.ChannelManager - Adding key: http://localhost:46823 for channel [id: 0x9d2aba6c, L:/127.0.0.1:61858 - R:localhost/127.0.0.1:46823]
00:35:32.298 [AsyncHttpClient-1-18] DEBUG org.asynchttpclient.netty.channel.NettyConnectListener - Using new Channel '[id: 0x27ecbfbc, L:/127.0.0.1:61866 - R:localhost/127.0.0.1:61859]' for 'GET' to '/json/version'
00:35:32.306 [AsyncHttpClient-1-18] DEBUG org.asynchttpclient.netty.handler.HttpHandler - 

Request DefaultFullHttpRequest(decodeResult: success, version: HTTP/1.1, content: EmptyByteBufBE)
GET /json/version HTTP/1.1
User-Agent: selenium/4.12.0 (java windows)
host: localhost:61859
accept: */*

Response DefaultHttpResponse(decodeResult: success, version: HTTP/1.1)
HTTP/1.1 200 OK
Content-Security-Policy: frame-ancestors 'none'
Content-Length: 424
Content-Type: application/json; charset=UTF-8

00:35:32.306 [AsyncHttpClient-1-18] DEBUG org.asynchttpclient.netty.channel.ChannelManager - Adding key: http://localhost:61859 for channel [id: 0x27ecbfbc, L:/127.0.0.1:61866 - R:localhost/127.0.0.1:61859]
00:35:32.314 [AsyncHttpClient-1-19] DEBUG org.asynchttpclient.netty.channel.NettyConnectListener - Using new Channel '[id: 0x87e5f3e9, L:/127.0.0.1:61867 - R:localhost/127.0.0.1:61859]' for 'GET' to '/devtools/browser/4544b59d-65b1-4864-be11-592558d14130'
00:35:32.322 [AsyncHttpClient-1-19] DEBUG org.asynchttpclient.netty.handler.WebSocketHandler - 

Request DefaultFullHttpRequest(decodeResult: success, version: HTTP/1.1, content: EmptyByteBufBE)
GET /devtools/browser/4544b59d-65b1-4864-be11-592558d14130 HTTP/1.1
upgrade: websocket
connection: upgrade
sec-websocket-key: TyiLY6Z6m7zDoBySuOXPIQ==
sec-websocket-version: 13
origin: http://localhost:61859
host: localhost:61859
accept: */*
user-agent: AHC/2.1

Response DefaultHttpResponse(decodeResult: success, version: HTTP/1.1)
HTTP/1.1 101 WebSocket Protocol Handshake
Upgrade: WebSocket
Connection: Upgrade
Sec-WebSocket-Accept: ar7EsD7ExgdLb++herr0o5UWu9k=

00:35:32.322 [Forwarding get on session 14383368ff755c061e499d4953c99fcc to remote] DEBUG org.asynchttpclient.netty.request.NettyRequestSender - Using pooled Channel '[id: 0x9d2aba6c, L:/127.0.0.1:61858 - R:localhost/127.0.0.1:46823]' for 'POST' to 'http://localhost:46823/session/14383368ff755c061e499d4953c99fcc/url'
00:35:32.322 [Forwarding get on session 14383368ff755c061e499d4953c99fcc to remote] DEBUG org.asynchttpclient.netty.request.NettyRequestSender - Using open Channel [id: 0x9d2aba6c, L:/127.0.0.1:61858 - R:localhost/127.0.0.1:46823] for POST '/session/14383368ff755c061e499d4953c99fcc/url'
00:35:33.013 [AsyncHttpClient-1-1] DEBUG org.asynchttpclient.netty.channel.DefaultChannelPool - Entry count for : http://localhost:47969 : 1
00:35:33.013 [AsyncHttpClient-1-1] DEBUG org.asynchttpclient.netty.channel.DefaultChannelPool - Entry count for : http://localhost:61859 : 1
00:35:33.013 [AsyncHttpClient-1-1] DEBUG org.asynchttpclient.netty.channel.DefaultChannelPool - Entry count for : http://localhost:61825 : 1
00:35:33.676 [AsyncHttpClient-1-17] DEBUG org.asynchttpclient.netty.handler.HttpHandler - 

Request DefaultHttpRequest(decodeResult: success, version: HTTP/1.1)
POST /session/14383368ff755c061e499d4953c99fcc/url HTTP/1.1
User-Agent: selenium/4.12.0 (java windows)
Content-Length: 92
Content-Type: application/json; charset=utf-8
host: localhost:46823
accept: */*

Response DefaultHttpResponse(decodeResult: success, version: HTTP/1.1)
HTTP/1.1 200 OK
Content-Length: 14
Content-Type: application/json; charset=utf-8
cache-control: no-cache

00:35:33.676 [AsyncHttpClient-1-17] DEBUG org.asynchttpclient.netty.channel.ChannelManager - Adding key: http://localhost:46823 for channel [id: 0x9d2aba6c, L:/127.0.0.1:61858 - R:localhost/127.0.0.1:46823]
00:35:33.676 [Forwarding maximizeCurrentWindow on session 14383368ff755c061e499d4953c99fcc to remote] DEBUG org.asynchttpclient.netty.request.NettyRequestSender - Using pooled Channel '[id: 0x9d2aba6c, L:/127.0.0.1:61858 - R:localhost/127.0.0.1:46823]' for 'POST' to 'http://localhost:46823/session/14383368ff755c061e499d4953c99fcc/window/maximize'
00:35:33.676 [Forwarding maximizeCurrentWindow on session 14383368ff755c061e499d4953c99fcc to remote] DEBUG org.asynchttpclient.netty.request.NettyRequestSender - Using open Channel [id: 0x9d2aba6c, L:/127.0.0.1:61858 - R:localhost/127.0.0.1:46823] for POST '/session/14383368ff755c061e499d4953c99fcc/window/maximize'
00:35:33.729 [AsyncHttpClient-1-17] DEBUG org.asynchttpclient.netty.handler.HttpHandler - 

Request DefaultHttpRequest(decodeResult: success, version: HTTP/1.1)
POST /session/14383368ff755c061e499d4953c99fcc/window/maximize HTTP/1.1
User-Agent: selenium/4.12.0 (java windows)
Content-Length: 3
Content-Type: application/json; charset=utf-8
host: localhost:46823
accept: */*

Response DefaultHttpResponse(decodeResult: success, version: HTTP/1.1)
HTTP/1.1 200 OK
Content-Length: 51
Content-Type: application/json; charset=utf-8
cache-control: no-cache

00:35:33.731 [AsyncHttpClient-1-17] DEBUG org.asynchttpclient.netty.channel.ChannelManager - Adding key: http://localhost:46823 for channel [id: 0x9d2aba6c, L:/127.0.0.1:61858 - R:localhost/127.0.0.1:46823]
  Given I have login panel-test                            # StepDefination.Signin.I_have_login_panel()
00:35:33.731 [Forwarding findElement on session 14383368ff755c061e499d4953c99fcc to remote] DEBUG org.asynchttpclient.netty.request.NettyRequestSender - Using pooled Channel '[id: 0x9d2aba6c, L:/127.0.0.1:61858 - R:localhost/127.0.0.1:46823]' for 'POST' to 'http://localhost:46823/session/14383368ff755c061e499d4953c99fcc/element'
00:35:33.731 [Forwarding findElement on session 14383368ff755c061e499d4953c99fcc to remote] DEBUG org.asynchttpclient.netty.request.NettyRequestSender - Using open Channel [id: 0x9d2aba6c, L:/127.0.0.1:61858 - R:localhost/127.0.0.1:46823] for POST '/session/14383368ff755c061e499d4953c99fcc/element'
00:35:33.758 [AsyncHttpClient-1-17] DEBUG org.asynchttpclient.netty.handler.HttpHandler - 

Request DefaultHttpRequest(decodeResult: success, version: HTTP/1.1)
POST /session/14383368ff755c061e499d4953c99fcc/element HTTP/1.1
User-Agent: selenium/4.12.0 (java windows)
Content-Length: 69
Content-Type: application/json; charset=utf-8
host: localhost:46823
accept: */*

Response DefaultHttpResponse(decodeResult: success, version: HTTP/1.1)
HTTP/1.1 200 OK
Content-Length: 125
Content-Type: application/json; charset=utf-8
cache-control: no-cache

00:35:33.758 [AsyncHttpClient-1-17] DEBUG org.asynchttpclient.netty.channel.ChannelManager - Adding key: http://localhost:46823 for channel [id: 0x9d2aba6c, L:/127.0.0.1:61858 - R:localhost/127.0.0.1:46823]
00:35:33.758 [Forwarding sendKeysToElement on session 14383368ff755c061e499d4953c99fcc to remote] DEBUG org.asynchttpclient.netty.request.NettyRequestSender - Using pooled Channel '[id: 0x9d2aba6c, L:/127.0.0.1:61858 - R:localhost/127.0.0.1:46823]' for 'POST' to 'http://localhost:46823/session/14383368ff755c061e499d4953c99fcc/element/f.DE45E8D8D02159F67F519C63D90B542F.d.E2D4C99CCAC459BA0F839E8862EAB05C.e.1/value'
00:35:33.758 [Forwarding sendKeysToElement on session 14383368ff755c061e499d4953c99fcc to remote] DEBUG org.asynchttpclient.netty.request.NettyRequestSender - Using open Channel [id: 0x9d2aba6c, L:/127.0.0.1:61858 - R:localhost/127.0.0.1:46823] for POST '/session/14383368ff755c061e499d4953c99fcc/element/f.DE45E8D8D02159F67F519C63D90B542F.d.E2D4C99CCAC459BA0F839E8862EAB05C.e.1/value'
00:35:34.033 [AsyncHttpClient-1-17] DEBUG org.asynchttpclient.netty.handler.HttpHandler - 

Request DefaultHttpRequest(decodeResult: success, version: HTTP/1.1)
POST /session/14383368ff755c061e499d4953c99fcc/element/f.DE45E8D8D02159F67F519C63D90B542F.d.E2D4C99CCAC459BA0F839E8862EAB05C.e.1/value HTTP/1.1
User-Agent: selenium/4.12.0 (java windows)
Content-Length: 338
Content-Type: application/json; charset=utf-8
host: localhost:46823
accept: */*

Response DefaultHttpResponse(decodeResult: success, version: HTTP/1.1)
HTTP/1.1 200 OK
Content-Length: 14
Content-Type: application/json; charset=utf-8
cache-control: no-cache

00:35:34.033 [AsyncHttpClient-1-17] DEBUG org.asynchttpclient.netty.channel.ChannelManager - Adding key: http://localhost:46823 for channel [id: 0x9d2aba6c, L:/127.0.0.1:61858 - R:localhost/127.0.0.1:46823]
00:35:34.035 [Forwarding findElement on session 14383368ff755c061e499d4953c99fcc to remote] DEBUG org.asynchttpclient.netty.request.NettyRequestSender - Using pooled Channel '[id: 0x9d2aba6c, L:/127.0.0.1:61858 - R:localhost/127.0.0.1:46823]' for 'POST' to 'http://localhost:46823/session/14383368ff755c061e499d4953c99fcc/element'
00:35:34.035 [Forwarding findElement on session 14383368ff755c061e499d4953c99fcc to remote] DEBUG org.asynchttpclient.netty.request.NettyRequestSender - Using open Channel [id: 0x9d2aba6c, L:/127.0.0.1:61858 - R:localhost/127.0.0.1:46823] for POST '/session/14383368ff755c061e499d4953c99fcc/element'
00:35:34.049 [AsyncHttpClient-1-17] DEBUG org.asynchttpclient.netty.handler.HttpHandler - 

Request DefaultHttpRequest(decodeResult: success, version: HTTP/1.1)
POST /session/14383368ff755c061e499d4953c99fcc/element HTTP/1.1
User-Agent: selenium/4.12.0 (java windows)
Content-Length: 72
Content-Type: application/json; charset=utf-8
host: localhost:46823
accept: */*

Response DefaultHttpResponse(decodeResult: success, version: HTTP/1.1)
HTTP/1.1 200 OK
Content-Length: 125
Content-Type: application/json; charset=utf-8
cache-control: no-cache

00:35:34.049 [AsyncHttpClient-1-17] DEBUG org.asynchttpclient.netty.channel.ChannelManager - Adding key: http://localhost:46823 for channel [id: 0x9d2aba6c, L:/127.0.0.1:61858 - R:localhost/127.0.0.1:46823]
00:35:34.049 [Forwarding sendKeysToElement on session 14383368ff755c061e499d4953c99fcc to remote] DEBUG org.asynchttpclient.netty.request.NettyRequestSender - Using pooled Channel '[id: 0x9d2aba6c, L:/127.0.0.1:61858 - R:localhost/127.0.0.1:46823]' for 'POST' to 'http://localhost:46823/session/14383368ff755c061e499d4953c99fcc/element/f.DE45E8D8D02159F67F519C63D90B542F.d.E2D4C99CCAC459BA0F839E8862EAB05C.e.3/value'
00:35:34.049 [Forwarding sendKeysToElement on session 14383368ff755c061e499d4953c99fcc to remote] DEBUG org.asynchttpclient.netty.request.NettyRequestSender - Using open Channel [id: 0x9d2aba6c, L:/127.0.0.1:61858 - R:localhost/127.0.0.1:46823] for POST '/session/14383368ff755c061e499d4953c99fcc/element/f.DE45E8D8D02159F67F519C63D90B542F.d.E2D4C99CCAC459BA0F839E8862EAB05C.e.3/value'
00:35:34.115 [AsyncHttpClient-1-1] DEBUG org.asynchttpclient.netty.channel.DefaultChannelPool - Entry count for : http://localhost:47969 : 1
00:35:34.115 [AsyncHttpClient-1-1] DEBUG org.asynchttpclient.netty.channel.DefaultChannelPool - Entry count for : http://localhost:61859 : 1
00:35:34.115 [AsyncHttpClient-1-1] DEBUG org.asynchttpclient.netty.channel.DefaultChannelPool - Entry count for : http://localhost:61825 : 1
00:35:34.349 [AsyncHttpClient-1-17] DEBUG org.asynchttpclient.netty.handler.HttpHandler - 

Request DefaultHttpRequest(decodeResult: success, version: HTTP/1.1)
POST /session/14383368ff755c061e499d4953c99fcc/element/f.DE45E8D8D02159F67F519C63D90B542F.d.E2D4C99CCAC459BA0F839E8862EAB05C.e.3/value HTTP/1.1
User-Agent: selenium/4.12.0 (java windows)
Content-Length: 208
Content-Type: application/json; charset=utf-8
host: localhost:46823
accept: */*

Response DefaultHttpResponse(decodeResult: success, version: HTTP/1.1)
HTTP/1.1 200 OK
Content-Length: 14
Content-Type: application/json; charset=utf-8
cache-control: no-cache

00:35:34.349 [AsyncHttpClient-1-17] DEBUG org.asynchttpclient.netty.channel.ChannelManager - Adding key: http://localhost:46823 for channel [id: 0x9d2aba6c, L:/127.0.0.1:61858 - R:localhost/127.0.0.1:46823]
  When I provide fokisaj290@edectus.com and Fleet@123-test # StepDefination.Signin.i_provide_id_and_password(java.lang.String,java.lang.String)
00:35:34.351 [Forwarding findElement on session 14383368ff755c061e499d4953c99fcc to remote] DEBUG org.asynchttpclient.netty.request.NettyRequestSender - Using pooled Channel '[id: 0x9d2aba6c, L:/127.0.0.1:61858 - R:localhost/127.0.0.1:46823]' for 'POST' to 'http://localhost:46823/session/14383368ff755c061e499d4953c99fcc/element'
00:35:34.351 [Forwarding findElement on session 14383368ff755c061e499d4953c99fcc to remote] DEBUG org.asynchttpclient.netty.request.NettyRequestSender - Using open Channel [id: 0x9d2aba6c, L:/127.0.0.1:61858 - R:localhost/127.0.0.1:46823] for POST '/session/14383368ff755c061e499d4953c99fcc/element'
00:35:34.373 [AsyncHttpClient-1-17] DEBUG org.asynchttpclient.netty.handler.HttpHandler - 

Request DefaultHttpRequest(decodeResult: success, version: HTTP/1.1)
POST /session/14383368ff755c061e499d4953c99fcc/element HTTP/1.1
User-Agent: selenium/4.12.0 (java windows)
Content-Length: 73
Content-Type: application/json; charset=utf-8
host: localhost:46823
accept: */*

Response DefaultHttpResponse(decodeResult: success, version: HTTP/1.1)
HTTP/1.1 200 OK
Content-Length: 125
Content-Type: application/json; charset=utf-8
cache-control: no-cache

00:35:34.373 [AsyncHttpClient-1-17] DEBUG org.asynchttpclient.netty.channel.ChannelManager - Adding key: http://localhost:46823 for channel [id: 0x9d2aba6c, L:/127.0.0.1:61858 - R:localhost/127.0.0.1:46823]
00:35:34.381 [Forwarding clickElement on session 14383368ff755c061e499d4953c99fcc to remote] DEBUG org.asynchttpclient.netty.request.NettyRequestSender - Using pooled Channel '[id: 0x9d2aba6c, L:/127.0.0.1:61858 - R:localhost/127.0.0.1:46823]' for 'POST' to 'http://localhost:46823/session/14383368ff755c061e499d4953c99fcc/element/f.DE45E8D8D02159F67F519C63D90B542F.d.E2D4C99CCAC459BA0F839E8862EAB05C.e.5/click'
00:35:34.382 [Forwarding clickElement on session 14383368ff755c061e499d4953c99fcc to remote] DEBUG org.asynchttpclient.netty.request.NettyRequestSender - Using open Channel [id: 0x9d2aba6c, L:/127.0.0.1:61858 - R:localhost/127.0.0.1:46823] for POST '/session/14383368ff755c061e499d4953c99fcc/element/f.DE45E8D8D02159F67F519C63D90B542F.d.E2D4C99CCAC459BA0F839E8862EAB05C.e.5/click'
00:35:34.531 [AsyncHttpClient-1-17] DEBUG org.asynchttpclient.netty.handler.HttpHandler - 

Request DefaultHttpRequest(decodeResult: success, version: HTTP/1.1)
POST /session/14383368ff755c061e499d4953c99fcc/element/f.DE45E8D8D02159F67F519C63D90B542F.d.E2D4C99CCAC459BA0F839E8862EAB05C.e.5/click HTTP/1.1
User-Agent: selenium/4.12.0 (java windows)
Content-Length: 87
Content-Type: application/json; charset=utf-8
host: localhost:46823
accept: */*

Response DefaultHttpResponse(decodeResult: success, version: HTTP/1.1)
HTTP/1.1 200 OK
Content-Length: 14
Content-Type: application/json; charset=utf-8
cache-control: no-cache

00:35:34.531 [AsyncHttpClient-1-17] DEBUG org.asynchttpclient.netty.channel.ChannelManager - Adding key: http://localhost:46823 for channel [id: 0x9d2aba6c, L:/127.0.0.1:61858 - R:localhost/127.0.0.1:46823]
00:35:35.227 [AsyncHttpClient-1-1] DEBUG org.asynchttpclient.netty.channel.DefaultChannelPool - Entry count for : http://localhost:47969 : 1
00:35:35.227 [AsyncHttpClient-1-1] DEBUG org.asynchttpclient.netty.channel.DefaultChannelPool - Entry count for : http://localhost:61859 : 1
00:35:35.227 [AsyncHttpClient-1-1] DEBUG org.asynchttpclient.netty.channel.DefaultChannelPool - Entry count for : http://localhost:61825 : 1
00:35:35.227 [AsyncHttpClient-1-1] DEBUG org.asynchttpclient.netty.channel.DefaultChannelPool - Entry count for : http://localhost:46823 : 1
00:35:36.318 [AsyncHttpClient-1-1] DEBUG org.asynchttpclient.netty.channel.DefaultChannelPool - Entry count for : http://localhost:47969 : 1
00:35:36.318 [AsyncHttpClient-1-1] DEBUG org.asynchttpclient.netty.channel.DefaultChannelPool - Entry count for : http://localhost:61859 : 1
00:35:36.318 [AsyncHttpClient-1-1] DEBUG org.asynchttpclient.netty.channel.DefaultChannelPool - Entry count for : http://localhost:61825 : 1
00:35:36.318 [AsyncHttpClient-1-1] DEBUG org.asynchttpclient.netty.channel.DefaultChannelPool - Entry count for : http://localhost:46823 : 1
00:35:37.421 [AsyncHttpClient-1-1] DEBUG org.asynchttpclient.netty.channel.DefaultChannelPool - Entry count for : http://localhost:47969 : 1
00:35:37.421 [AsyncHttpClient-1-1] DEBUG org.asynchttpclient.netty.channel.DefaultChannelPool - Entry count for : http://localhost:61859 : 1
00:35:37.421 [AsyncHttpClient-1-1] DEBUG org.asynchttpclient.netty.channel.DefaultChannelPool - Entry count for : http://localhost:61825 : 1
00:35:37.421 [AsyncHttpClient-1-1] DEBUG org.asynchttpclient.netty.channel.DefaultChannelPool - Entry count for : http://localhost:46823 : 1
00:35:38.524 [AsyncHttpClient-1-1] DEBUG org.asynchttpclient.netty.channel.DefaultChannelPool - Entry count for : http://localhost:47969 : 1
00:35:38.524 [AsyncHttpClient-1-1] DEBUG org.asynchttpclient.netty.channel.DefaultChannelPool - Entry count for : http://localhost:61859 : 1
00:35:38.524 [AsyncHttpClient-1-1] DEBUG org.asynchttpclient.netty.channel.DefaultChannelPool - Entry count for : http://localhost:61825 : 1
00:35:38.524 [AsyncHttpClient-1-1] DEBUG org.asynchttpclient.netty.channel.DefaultChannelPool - Entry count for : http://localhost:46823 : 1
  And Tap on submit button-test                            # StepDefination.Signin.tap_on_submit_button()
00:35:39.551 [Forwarding getCurrentUrl on session 14383368ff755c061e499d4953c99fcc to remote] DEBUG org.asynchttpclient.netty.request.NettyRequestSender - Using pooled Channel '[id: 0x9d2aba6c, L:/127.0.0.1:61858 - R:localhost/127.0.0.1:46823]' for 'GET' to 'http://localhost:46823/session/14383368ff755c061e499d4953c99fcc/url'
00:35:39.551 [Forwarding getCurrentUrl on session 14383368ff755c061e499d4953c99fcc to remote] DEBUG org.asynchttpclient.netty.request.NettyRequestSender - Using open Channel [id: 0x9d2aba6c, L:/127.0.0.1:61858 - R:localhost/127.0.0.1:46823] for GET '/session/14383368ff755c061e499d4953c99fcc/url'
00:35:39.551 [AsyncHttpClient-1-17] DEBUG org.asynchttpclient.netty.handler.HttpHandler - 

Request DefaultFullHttpRequest(decodeResult: success, version: HTTP/1.1, content: EmptyByteBufBE)
GET /session/14383368ff755c061e499d4953c99fcc/url HTTP/1.1
Cache-Control: no-cache
User-Agent: selenium/4.12.0 (java windows)
Content-Type: application/json; charset=utf-8
host: localhost:46823
accept: */*

Response DefaultHttpResponse(decodeResult: success, version: HTTP/1.1)
HTTP/1.1 200 OK
Content-Length: 69
Content-Type: application/json; charset=utf-8
cache-control: no-cache

00:35:39.551 [AsyncHttpClient-1-17] DEBUG org.asynchttpclient.netty.channel.ChannelManager - Adding key: http://localhost:46823 for channel [id: 0x9d2aba6c, L:/127.0.0.1:61858 - R:localhost/127.0.0.1:46823]
https://fleet-manager-development.vercel.app/auth/sign-in
00:35:39.566 [Forwarding findElement on session 14383368ff755c061e499d4953c99fcc to remote] DEBUG org.asynchttpclient.netty.request.NettyRequestSender - Using pooled Channel '[id: 0x9d2aba6c, L:/127.0.0.1:61858 - R:localhost/127.0.0.1:46823]' for 'POST' to 'http://localhost:46823/session/14383368ff755c061e499d4953c99fcc/element'
00:35:39.566 [Forwarding findElement on session 14383368ff755c061e499d4953c99fcc to remote] DEBUG org.asynchttpclient.netty.request.NettyRequestSender - Using open Channel [id: 0x9d2aba6c, L:/127.0.0.1:61858 - R:localhost/127.0.0.1:46823] for POST '/session/14383368ff755c061e499d4953c99fcc/element'
00:35:39.581 [AsyncHttpClient-1-17] DEBUG org.asynchttpclient.netty.handler.HttpHandler - 

Request DefaultHttpRequest(decodeResult: success, version: HTTP/1.1)
POST /session/14383368ff755c061e499d4953c99fcc/element HTTP/1.1
User-Agent: selenium/4.12.0 (java windows)
Content-Length: 66
Content-Type: application/json; charset=utf-8
host: localhost:46823
accept: */*

Response DefaultHttpResponse(decodeResult: success, version: HTTP/1.1)
HTTP/1.1 200 OK
Content-Length: 126
Content-Type: application/json; charset=utf-8
cache-control: no-cache

00:35:39.581 [AsyncHttpClient-1-17] DEBUG org.asynchttpclient.netty.channel.ChannelManager - Adding key: http://localhost:46823 for channel [id: 0x9d2aba6c, L:/127.0.0.1:61858 - R:localhost/127.0.0.1:46823]
00:35:39.581 [Forwarding isElementDisplayed on session 14383368ff755c061e499d4953c99fcc to remote] DEBUG org.asynchttpclient.netty.request.NettyRequestSender - Using pooled Channel '[id: 0x9d2aba6c, L:/127.0.0.1:61858 - R:localhost/127.0.0.1:46823]' for 'POST' to 'http://localhost:46823/session/14383368ff755c061e499d4953c99fcc/execute/sync'
00:35:39.581 [Forwarding isElementDisplayed on session 14383368ff755c061e499d4953c99fcc to remote] DEBUG org.asynchttpclient.netty.request.NettyRequestSender - Using open Channel [id: 0x9d2aba6c, L:/127.0.0.1:61858 - R:localhost/127.0.0.1:46823] for POST '/session/14383368ff755c061e499d4953c99fcc/execute/sync'
00:35:39.611 [AsyncHttpClient-1-17] DEBUG org.asynchttpclient.netty.handler.HttpHandler - 

Request DefaultHttpRequest(decodeResult: success, version: HTTP/1.1)
POST /session/14383368ff755c061e499d4953c99fcc/execute/sync HTTP/1.1
User-Agent: selenium/4.12.0 (java windows)
Content-Length: 48734
Content-Type: application/json; charset=utf-8
host: localhost:46823
accept: */*

Response DefaultHttpResponse(decodeResult: success, version: HTTP/1.1)
HTTP/1.1 200 OK
Content-Length: 14
Content-Type: application/json; charset=utf-8
cache-control: no-cache

00:35:39.611 [AsyncHttpClient-1-17] DEBUG org.asynchttpclient.netty.channel.ChannelManager - Adding key: http://localhost:46823 for channel [id: 0x9d2aba6c, L:/127.0.0.1:61858 - R:localhost/127.0.0.1:46823]
00:35:39.613 [AsyncHttpClient-1-1] DEBUG org.asynchttpclient.netty.channel.DefaultChannelPool - Entry count for : http://localhost:47969 : 1
00:35:39.613 [AsyncHttpClient-1-1] DEBUG org.asynchttpclient.netty.channel.DefaultChannelPool - Entry count for : http://localhost:61859 : 1
00:35:39.613 [AsyncHttpClient-1-1] DEBUG org.asynchttpclient.netty.channel.DefaultChannelPool - Entry count for : http://localhost:61825 : 1
00:35:39.613 [AsyncHttpClient-1-1] DEBUG org.asynchttpclient.netty.channel.DefaultChannelPool - Entry count for : http://localhost:46823 : 1
00:35:39.613 [Forwarding findElement on session 14383368ff755c061e499d4953c99fcc to remote] DEBUG org.asynchttpclient.netty.request.NettyRequestSender - Using pooled Channel '[id: 0x9d2aba6c, L:/127.0.0.1:61858 - R:localhost/127.0.0.1:46823]' for 'POST' to 'http://localhost:46823/session/14383368ff755c061e499d4953c99fcc/element'
00:35:39.613 [Forwarding findElement on session 14383368ff755c061e499d4953c99fcc to remote] DEBUG org.asynchttpclient.netty.request.NettyRequestSender - Using open Channel [id: 0x9d2aba6c, L:/127.0.0.1:61858 - R:localhost/127.0.0.1:46823] for POST '/session/14383368ff755c061e499d4953c99fcc/element'
00:35:39.626 [AsyncHttpClient-1-17] DEBUG org.asynchttpclient.netty.handler.HttpHandler - 

Request DefaultHttpRequest(decodeResult: success, version: HTTP/1.1)
POST /session/14383368ff755c061e499d4953c99fcc/element HTTP/1.1
User-Agent: selenium/4.12.0 (java windows)
Content-Length: 66
Content-Type: application/json; charset=utf-8
host: localhost:46823
accept: */*

Response DefaultHttpResponse(decodeResult: success, version: HTTP/1.1)
HTTP/1.1 200 OK
Content-Length: 126
Content-Type: application/json; charset=utf-8
cache-control: no-cache

00:35:39.626 [AsyncHttpClient-1-17] DEBUG org.asynchttpclient.netty.channel.ChannelManager - Adding key: http://localhost:46823 for channel [id: 0x9d2aba6c, L:/127.0.0.1:61858 - R:localhost/127.0.0.1:46823]
00:35:39.629 [Forwarding getElementText on session 14383368ff755c061e499d4953c99fcc to remote] DEBUG org.asynchttpclient.netty.request.NettyRequestSender - Using pooled Channel '[id: 0x9d2aba6c, L:/127.0.0.1:61858 - R:localhost/127.0.0.1:46823]' for 'GET' to 'http://localhost:46823/session/14383368ff755c061e499d4953c99fcc/element/f.DE45E8D8D02159F67F519C63D90B542F.d.E2D4C99CCAC459BA0F839E8862EAB05C.e.19/text'
00:35:39.629 [Forwarding getElementText on session 14383368ff755c061e499d4953c99fcc to remote] DEBUG org.asynchttpclient.netty.request.NettyRequestSender - Using open Channel [id: 0x9d2aba6c, L:/127.0.0.1:61858 - R:localhost/127.0.0.1:46823] for GET '/session/14383368ff755c061e499d4953c99fcc/element/f.DE45E8D8D02159F67F519C63D90B542F.d.E2D4C99CCAC459BA0F839E8862EAB05C.e.19/text'
00:35:39.651 [AsyncHttpClient-1-17] DEBUG org.asynchttpclient.netty.handler.HttpHandler - 

Request DefaultFullHttpRequest(decodeResult: success, version: HTTP/1.1, content: EmptyByteBufBE)
GET /session/14383368ff755c061e499d4953c99fcc/element/f.DE45E8D8D02159F67F519C63D90B542F.d.E2D4C99CCAC459BA0F839E8862EAB05C.e.19/text HTTP/1.1
Cache-Control: no-cache
User-Agent: selenium/4.12.0 (java windows)
Content-Type: application/json; charset=utf-8
host: localhost:46823
accept: */*

Response DefaultHttpResponse(decodeResult: success, version: HTTP/1.1)
HTTP/1.1 200 OK
Content-Length: 33
Content-Type: application/json; charset=utf-8
cache-control: no-cache

00:35:39.651 [AsyncHttpClient-1-17] DEBUG org.asynchttpclient.netty.channel.ChannelManager - Adding key: http://localhost:46823 for channel [id: 0x9d2aba6c, L:/127.0.0.1:61858 - R:localhost/127.0.0.1:46823]
00:35:39.651 [Forwarding findElement on session 14383368ff755c061e499d4953c99fcc to remote] DEBUG org.asynchttpclient.netty.request.NettyRequestSender - Using pooled Channel '[id: 0x9d2aba6c, L:/127.0.0.1:61858 - R:localhost/127.0.0.1:46823]' for 'POST' to 'http://localhost:46823/session/14383368ff755c061e499d4953c99fcc/element'
00:35:39.651 [Forwarding findElement on session 14383368ff755c061e499d4953c99fcc to remote] DEBUG org.asynchttpclient.netty.request.NettyRequestSender - Using open Channel [id: 0x9d2aba6c, L:/127.0.0.1:61858 - R:localhost/127.0.0.1:46823] for POST '/session/14383368ff755c061e499d4953c99fcc/element'
00:35:39.662 [AsyncHttpClient-1-17] DEBUG org.asynchttpclient.netty.handler.HttpHandler - 

Request DefaultHttpRequest(decodeResult: success, version: HTTP/1.1)
POST /session/14383368ff755c061e499d4953c99fcc/element HTTP/1.1
User-Agent: selenium/4.12.0 (java windows)
Content-Length: 74
Content-Type: application/json; charset=utf-8
host: localhost:46823
accept: */*

Response DefaultHttpResponse(decodeResult: success, version: HTTP/1.1)
HTTP/1.1 200 OK
Content-Length: 126
Content-Type: application/json; charset=utf-8
cache-control: no-cache

00:35:39.662 [AsyncHttpClient-1-17] DEBUG org.asynchttpclient.netty.channel.ChannelManager - Adding key: http://localhost:46823 for channel [id: 0x9d2aba6c, L:/127.0.0.1:61858 - R:localhost/127.0.0.1:46823]
00:35:39.662 [Forwarding clickElement on session 14383368ff755c061e499d4953c99fcc to remote] DEBUG org.asynchttpclient.netty.request.NettyRequestSender - Using pooled Channel '[id: 0x9d2aba6c, L:/127.0.0.1:61858 - R:localhost/127.0.0.1:46823]' for 'POST' to 'http://localhost:46823/session/14383368ff755c061e499d4953c99fcc/element/f.DE45E8D8D02159F67F519C63D90B542F.d.E2D4C99CCAC459BA0F839E8862EAB05C.e.20/click'
00:35:39.662 [Forwarding clickElement on session 14383368ff755c061e499d4953c99fcc to remote] DEBUG org.asynchttpclient.netty.request.NettyRequestSender - Using open Channel [id: 0x9d2aba6c, L:/127.0.0.1:61858 - R:localhost/127.0.0.1:46823] for POST '/session/14383368ff755c061e499d4953c99fcc/element/f.DE45E8D8D02159F67F519C63D90B542F.d.E2D4C99CCAC459BA0F839E8862EAB05C.e.20/click'
00:35:39.778 [AsyncHttpClient-1-17] DEBUG org.asynchttpclient.netty.handler.HttpHandler - 

Request DefaultHttpRequest(decodeResult: success, version: HTTP/1.1)
POST /session/14383368ff755c061e499d4953c99fcc/element/f.DE45E8D8D02159F67F519C63D90B542F.d.E2D4C99CCAC459BA0F839E8862EAB05C.e.20/click HTTP/1.1
User-Agent: selenium/4.12.0 (java windows)
Content-Length: 88
Content-Type: application/json; charset=utf-8
host: localhost:46823
accept: */*

Response DefaultHttpResponse(decodeResult: success, version: HTTP/1.1)
HTTP/1.1 200 OK
Content-Length: 14
Content-Type: application/json; charset=utf-8
cache-control: no-cache

00:35:39.778 [AsyncHttpClient-1-17] DEBUG org.asynchttpclient.netty.channel.ChannelManager - Adding key: http://localhost:46823 for channel [id: 0x9d2aba6c, L:/127.0.0.1:61858 - R:localhost/127.0.0.1:46823]
00:35:40.719 [AsyncHttpClient-1-1] DEBUG org.asynchttpclient.netty.channel.DefaultChannelPool - Entry count for : http://localhost:47969 : 1
00:35:40.719 [AsyncHttpClient-1-1] DEBUG org.asynchttpclient.netty.channel.DefaultChannelPool - Entry count for : http://localhost:61859 : 1
00:35:40.719 [AsyncHttpClient-1-1] DEBUG org.asynchttpclient.netty.channel.DefaultChannelPool - Entry count for : http://localhost:61825 : 1
00:35:40.719 [AsyncHttpClient-1-1] DEBUG org.asynchttpclient.netty.channel.DefaultChannelPool - Entry count for : http://localhost:46823 : 1
00:35:41.827 [AsyncHttpClient-1-1] DEBUG org.asynchttpclient.netty.channel.DefaultChannelPool - Entry count for : http://localhost:47969 : 1
00:35:41.827 [AsyncHttpClient-1-1] DEBUG org.asynchttpclient.netty.channel.DefaultChannelPool - Entry count for : http://localhost:61859 : 1
00:35:41.827 [AsyncHttpClient-1-1] DEBUG org.asynchttpclient.netty.channel.DefaultChannelPool - Entry count for : http://localhost:61825 : 1
00:35:41.827 [AsyncHttpClient-1-1] DEBUG org.asynchttpclient.netty.channel.DefaultChannelPool - Entry count for : http://localhost:46823 : 1
00:35:42.781 [Forwarding screenshot on session 14383368ff755c061e499d4953c99fcc to remote] DEBUG org.asynchttpclient.netty.request.NettyRequestSender - Using pooled Channel '[id: 0x9d2aba6c, L:/127.0.0.1:61858 - R:localhost/127.0.0.1:46823]' for 'GET' to 'http://localhost:46823/session/14383368ff755c061e499d4953c99fcc/screenshot'
00:35:42.781 [Forwarding screenshot on session 14383368ff755c061e499d4953c99fcc to remote] DEBUG org.asynchttpclient.netty.request.NettyRequestSender - Using open Channel [id: 0x9d2aba6c, L:/127.0.0.1:61858 - R:localhost/127.0.0.1:46823] for GET '/session/14383368ff755c061e499d4953c99fcc/screenshot'
00:35:42.914 [AsyncHttpClient-1-1] DEBUG org.asynchttpclient.netty.channel.DefaultChannelPool - Entry count for : http://localhost:47969 : 1
00:35:42.914 [AsyncHttpClient-1-1] DEBUG org.asynchttpclient.netty.channel.DefaultChannelPool - Entry count for : http://localhost:61859 : 1
00:35:42.914 [AsyncHttpClient-1-1] DEBUG org.asynchttpclient.netty.channel.DefaultChannelPool - Entry count for : http://localhost:61825 : 1
00:35:42.964 [AsyncHttpClient-1-17] DEBUG org.asynchttpclient.netty.handler.HttpHandler - 

Request DefaultFullHttpRequest(decodeResult: success, version: HTTP/1.1, content: EmptyByteBufBE)
GET /session/14383368ff755c061e499d4953c99fcc/screenshot HTTP/1.1
Cache-Control: no-cache
User-Agent: selenium/4.12.0 (java windows)
Content-Type: application/json; charset=utf-8
host: localhost:46823
accept: */*

Response DefaultHttpResponse(decodeResult: success, version: HTTP/1.1)
HTTP/1.1 200 OK
Content-Length: 233672
Content-Type: application/json; charset=utf-8
cache-control: no-cache

00:35:42.969 [AsyncHttpClient-1-17] DEBUG org.asynchttpclient.netty.channel.ChannelManager - Adding key: http://localhost:46823 for channel [id: 0x9d2aba6c, L:/127.0.0.1:61858 - R:localhost/127.0.0.1:46823]
  Then User should be logged in-test                       # StepDefination.Signin.user_should_be_logged_in()
00:35:42.984 [AsyncHttpClient-1-19] DEBUG org.asynchttpclient.netty.handler.WebSocketHandler - Channel Closed: [id: 0x87e5f3e9, L:/127.0.0.1:61867 ! R:localhost/127.0.0.1:61859] with attribute DISCARD
00:35:42.984 [Driver Command Executor] DEBUG org.asynchttpclient.netty.request.NettyRequestSender - Using pooled Channel '[id: 0x9d2aba6c, L:/127.0.0.1:61858 - R:localhost/127.0.0.1:46823]' for 'DELETE' to 'http://localhost:46823/session/14383368ff755c061e499d4953c99fcc'
00:35:42.985 [Driver Command Executor] DEBUG org.asynchttpclient.netty.request.NettyRequestSender - Using open Channel [id: 0x9d2aba6c, L:/127.0.0.1:61858 - R:localhost/127.0.0.1:46823] for DELETE '/session/14383368ff755c061e499d4953c99fcc'
00:35:43.087 [AsyncHttpClient-1-18] DEBUG org.asynchttpclient.netty.handler.HttpHandler - Unexpected I/O exception on channel [id: 0x27ecbfbc, L:/127.0.0.1:61866 - R:localhost/127.0.0.1:61859]
java.net.SocketException: Connection reset
	at java.base/sun.nio.ch.SocketChannelImpl.throwConnectionReset(SocketChannelImpl.java:394)
	at java.base/sun.nio.ch.SocketChannelImpl.read(SocketChannelImpl.java:426)
	at io.netty.buffer.PooledByteBuf.setBytes(PooledByteBuf.java:254)
	at io.netty.buffer.AbstractByteBuf.writeBytes(AbstractByteBuf.java:1132)
	at io.netty.channel.socket.nio.NioSocketChannel.doReadBytes(NioSocketChannel.java:357)
	at io.netty.channel.nio.AbstractNioByteChannel$NioByteUnsafe.read(AbstractNioByteChannel.java:151)
	at io.netty.channel.nio.NioEventLoop.processSelectedKey(NioEventLoop.java:788)
	at io.netty.channel.nio.NioEventLoop.processSelectedKeysOptimized(NioEventLoop.java:724)
	at io.netty.channel.nio.NioEventLoop.processSelectedKeys(NioEventLoop.java:650)
	at io.netty.channel.nio.NioEventLoop.run(NioEventLoop.java:562)
	at io.netty.util.concurrent.SingleThreadEventExecutor$4.run(SingleThreadEventExecutor.java:997)
	at io.netty.util.internal.ThreadExecutorMap$2.run(ThreadExecutorMap.java:74)
	at io.netty.util.concurrent.FastThreadLocalRunnable.run(FastThreadLocalRunnable.java:30)
	at java.base/java.lang.Thread.run(Thread.java:840)
00:35:43.087 [AsyncHttpClient-1-18] DEBUG org.asynchttpclient.netty.channel.ChannelManager - Closing Channel [id: 0x27ecbfbc, L:/127.0.0.1:61866 - R:localhost/127.0.0.1:61859] 
00:35:43.087 [AsyncHttpClient-1-18] DEBUG org.asynchttpclient.netty.handler.HttpHandler - Channel Closed: [id: 0x27ecbfbc, L:/127.0.0.1:61866 ! R:localhost/127.0.0.1:61859] with attribute DISCARD
00:35:43.120 [AsyncHttpClient-1-17] DEBUG org.asynchttpclient.netty.handler.HttpHandler - 

Request DefaultFullHttpRequest(decodeResult: success, version: HTTP/1.1, content: EmptyByteBufBE)
DELETE /session/14383368ff755c061e499d4953c99fcc HTTP/1.1
User-Agent: selenium/4.12.0 (java windows)
Content-Type: application/json; charset=utf-8
host: localhost:46823
accept: */*

Response DefaultHttpResponse(decodeResult: success, version: HTTP/1.1)
HTTP/1.1 200 OK
Content-Length: 14
Content-Type: application/json; charset=utf-8
cache-control: no-cache

00:35:43.120 [AsyncHttpClient-1-17] DEBUG org.asynchttpclient.netty.channel.ChannelManager - Adding key: http://localhost:46823 for channel [id: 0x9d2aba6c, L:/127.0.0.1:61858 - R:localhost/127.0.0.1:46823]
00:35:43.577 [AsyncHttpClient-1-17] DEBUG org.asynchttpclient.netty.handler.HttpHandler - Channel Closed: [id: 0x9d2aba6c, L:/127.0.0.1:61858 ! R:localhost/127.0.0.1:46823] with attribute DISCARD
  And Close Window                                         # StepDefination.Signin.close_window()
]]></system-out>
    <system-err><![CDATA[Jan 15, 2025 12:35:32 AM org.openqa.selenium.devtools.CdpVersionFinder findNearestMatch
WARNING: Unable to find CDP implementation matching 131
Jan 15, 2025 12:35:32 AM org.openqa.selenium.chromium.ChromiumDriver lambda$new$5
WARNING: Unable to find version of CDP to use for 131.0.6778.265. You may need to include a dependency on a specific version of the CDP using something similar to `org.seleniumhq.selenium:selenium-devtools-v86:4.12.0` where the version ("v86") matches the version of the chromium-based browser you're using and the version number of the artifact is the same as Selenium's.
]]></system-err>
  </testcase>
  <testcase name="Signin with email and password #2" classname="User sign IN" time="9.718">
    <system-out><![CDATA[
Scenario Outline: Signin with email and password       # src/test/resources/Login/Login.feature:13
00:35:44.018 [AsyncHttpClient-1-1] DEBUG org.asynchttpclient.netty.channel.DefaultChannelPool - Entry count for : http://localhost:47969 : 1
00:35:44.018 [AsyncHttpClient-1-1] DEBUG org.asynchttpclient.netty.channel.DefaultChannelPool - Entry count for : http://localhost:61859 : 1
00:35:44.018 [AsyncHttpClient-1-1] DEBUG org.asynchttpclient.netty.channel.DefaultChannelPool - Entry count for : http://localhost:61825 : 1
00:35:44.018 [AsyncHttpClient-1-1] DEBUG org.asynchttpclient.netty.channel.DefaultChannelPool - Entry count for : http://localhost:46823 : 1
00:35:44.018 [AsyncHttpClient-1-1] DEBUG org.asynchttpclient.netty.channel.DefaultChannelPool - Adding Candidate expired Channel [id: 0x27ecbfbc, L:/127.0.0.1:61866 ! R:localhost/127.0.0.1:61859] isIdleTimeoutExpired=false isRemotelyClosed=true isTtlExpired=false
00:35:44.018 [AsyncHttpClient-1-1] DEBUG org.asynchttpclient.netty.channel.DefaultChannelPool - Closing Idle Channel [id: 0x27ecbfbc, L:/127.0.0.1:61866 ! R:localhost/127.0.0.1:61859]
00:35:44.018 [AsyncHttpClient-1-1] DEBUG org.asynchttpclient.netty.channel.DefaultChannelPool - Adding Candidate expired Channel [id: 0x9d2aba6c, L:/127.0.0.1:61858 ! R:localhost/127.0.0.1:46823] isIdleTimeoutExpired=false isRemotelyClosed=true isTtlExpired=false
00:35:44.018 [AsyncHttpClient-1-1] DEBUG org.asynchttpclient.netty.channel.DefaultChannelPool - Closing Idle Channel [id: 0x9d2aba6c, L:/127.0.0.1:61858 ! R:localhost/127.0.0.1:46823]
00:35:44.018 [AsyncHttpClient-1-1] DEBUG org.asynchttpclient.netty.channel.DefaultChannelPool - Closed 2 connections out of 4 in 0 ms
00:35:44.033 [AsyncHttpClient-1-20] DEBUG org.asynchttpclient.netty.channel.NettyConnectListener - Using new Channel '[id: 0x2d47f3bf, L:/127.0.0.1:61889 - R:localhost/127.0.0.1:8777]' for 'POST' to '/session'
00:35:45.118 [AsyncHttpClient-1-1] DEBUG org.asynchttpclient.netty.channel.DefaultChannelPool - Entry count for : http://localhost:47969 : 1
00:35:45.118 [AsyncHttpClient-1-1] DEBUG org.asynchttpclient.netty.channel.DefaultChannelPool - Entry count for : http://localhost:61825 : 1
00:35:45.379 [AsyncHttpClient-1-20] DEBUG org.asynchttpclient.netty.handler.HttpHandler - 

Request DefaultHttpRequest(decodeResult: success, version: HTTP/1.1)
POST /session HTTP/1.1
User-Agent: selenium/4.12.0 (java windows)
Content-Length: 254
Content-Type: application/json; charset=utf-8
host: localhost:8777
accept: */*

Response DefaultHttpResponse(decodeResult: success, version: HTTP/1.1)
HTTP/1.1 200 OK
Content-Length: 888
Content-Type: application/json; charset=utf-8
cache-control: no-cache

00:35:45.379 [AsyncHttpClient-1-20] DEBUG org.asynchttpclient.netty.channel.ChannelManager - Adding key: http://localhost:8777 for channel [id: 0x2d47f3bf, L:/127.0.0.1:61889 - R:localhost/127.0.0.1:8777]
00:35:45.397 [AsyncHttpClient-1-21] DEBUG org.asynchttpclient.netty.channel.NettyConnectListener - Using new Channel '[id: 0x08e87818, L:/127.0.0.1:61898 - R:localhost/127.0.0.1:61891]' for 'GET' to '/json/version'
00:35:45.404 [AsyncHttpClient-1-21] DEBUG org.asynchttpclient.netty.handler.HttpHandler - 

Request DefaultFullHttpRequest(decodeResult: success, version: HTTP/1.1, content: EmptyByteBufBE)
GET /json/version HTTP/1.1
User-Agent: selenium/4.12.0 (java windows)
host: localhost:61891
accept: */*

Response DefaultHttpResponse(decodeResult: success, version: HTTP/1.1)
HTTP/1.1 200 OK
Content-Security-Policy: frame-ancestors 'none'
Content-Length: 424
Content-Type: application/json; charset=UTF-8

00:35:45.404 [AsyncHttpClient-1-21] DEBUG org.asynchttpclient.netty.channel.ChannelManager - Adding key: http://localhost:61891 for channel [id: 0x08e87818, L:/127.0.0.1:61898 - R:localhost/127.0.0.1:61891]
00:35:45.404 [AsyncHttpClient-1-22] DEBUG org.asynchttpclient.netty.channel.NettyConnectListener - Using new Channel '[id: 0x52a398f5, L:/127.0.0.1:61899 - R:localhost/127.0.0.1:61891]' for 'GET' to '/devtools/browser/e0656dee-54cc-4bff-9d33-f42a8527613a'
00:35:45.412 [AsyncHttpClient-1-22] DEBUG org.asynchttpclient.netty.handler.WebSocketHandler - 

Request DefaultFullHttpRequest(decodeResult: success, version: HTTP/1.1, content: EmptyByteBufBE)
GET /devtools/browser/e0656dee-54cc-4bff-9d33-f42a8527613a HTTP/1.1
upgrade: websocket
connection: upgrade
sec-websocket-key: qyVIDKZ8L8KJPh78O7ZdZg==
sec-websocket-version: 13
origin: http://localhost:61891
host: localhost:61891
accept: */*
user-agent: AHC/2.1

Response DefaultHttpResponse(decodeResult: success, version: HTTP/1.1)
HTTP/1.1 101 WebSocket Protocol Handshake
Upgrade: WebSocket
Connection: Upgrade
Sec-WebSocket-Accept: JaK3hNo0vtanwBn3fwsnyVxPr5o=

00:35:45.421 [Forwarding get on session b2ce6bdc97fe428b8525846eaf29173e to remote] DEBUG org.asynchttpclient.netty.request.NettyRequestSender - Using pooled Channel '[id: 0x2d47f3bf, L:/127.0.0.1:61889 - R:localhost/127.0.0.1:8777]' for 'POST' to 'http://localhost:8777/session/b2ce6bdc97fe428b8525846eaf29173e/url'
00:35:45.421 [Forwarding get on session b2ce6bdc97fe428b8525846eaf29173e to remote] DEBUG org.asynchttpclient.netty.request.NettyRequestSender - Using open Channel [id: 0x2d47f3bf, L:/127.0.0.1:61889 - R:localhost/127.0.0.1:8777] for POST '/session/b2ce6bdc97fe428b8525846eaf29173e/url'
00:35:46.219 [AsyncHttpClient-1-1] DEBUG org.asynchttpclient.netty.channel.DefaultChannelPool - Entry count for : http://localhost:61891 : 1
00:35:46.219 [AsyncHttpClient-1-1] DEBUG org.asynchttpclient.netty.channel.DefaultChannelPool - Entry count for : http://localhost:47969 : 1
00:35:46.219 [AsyncHttpClient-1-1] DEBUG org.asynchttpclient.netty.channel.DefaultChannelPool - Entry count for : http://localhost:61825 : 1
00:35:46.478 [AsyncHttpClient-1-20] DEBUG org.asynchttpclient.netty.handler.HttpHandler - 

Request DefaultHttpRequest(decodeResult: success, version: HTTP/1.1)
POST /session/b2ce6bdc97fe428b8525846eaf29173e/url HTTP/1.1
User-Agent: selenium/4.12.0 (java windows)
Content-Length: 92
Content-Type: application/json; charset=utf-8
host: localhost:8777
accept: */*

Response DefaultHttpResponse(decodeResult: success, version: HTTP/1.1)
HTTP/1.1 200 OK
Content-Length: 14
Content-Type: application/json; charset=utf-8
cache-control: no-cache

00:35:46.478 [AsyncHttpClient-1-20] DEBUG org.asynchttpclient.netty.channel.ChannelManager - Adding key: http://localhost:8777 for channel [id: 0x2d47f3bf, L:/127.0.0.1:61889 - R:localhost/127.0.0.1:8777]
00:35:46.480 [Forwarding maximizeCurrentWindow on session b2ce6bdc97fe428b8525846eaf29173e to remote] DEBUG org.asynchttpclient.netty.request.NettyRequestSender - Using pooled Channel '[id: 0x2d47f3bf, L:/127.0.0.1:61889 - R:localhost/127.0.0.1:8777]' for 'POST' to 'http://localhost:8777/session/b2ce6bdc97fe428b8525846eaf29173e/window/maximize'
00:35:46.480 [Forwarding maximizeCurrentWindow on session b2ce6bdc97fe428b8525846eaf29173e to remote] DEBUG org.asynchttpclient.netty.request.NettyRequestSender - Using open Channel [id: 0x2d47f3bf, L:/127.0.0.1:61889 - R:localhost/127.0.0.1:8777] for POST '/session/b2ce6bdc97fe428b8525846eaf29173e/window/maximize'
00:35:46.537 [AsyncHttpClient-1-20] DEBUG org.asynchttpclient.netty.handler.HttpHandler - 

Request DefaultHttpRequest(decodeResult: success, version: HTTP/1.1)
POST /session/b2ce6bdc97fe428b8525846eaf29173e/window/maximize HTTP/1.1
User-Agent: selenium/4.12.0 (java windows)
Content-Length: 3
Content-Type: application/json; charset=utf-8
host: localhost:8777
accept: */*

Response DefaultHttpResponse(decodeResult: success, version: HTTP/1.1)
HTTP/1.1 200 OK
Content-Length: 51
Content-Type: application/json; charset=utf-8
cache-control: no-cache

00:35:46.537 [AsyncHttpClient-1-20] DEBUG org.asynchttpclient.netty.channel.ChannelManager - Adding key: http://localhost:8777 for channel [id: 0x2d47f3bf, L:/127.0.0.1:61889 - R:localhost/127.0.0.1:8777]
  Given I have login panel-test                        # StepDefination.Signin.I_have_login_panel()
00:35:46.542 [Forwarding findElement on session b2ce6bdc97fe428b8525846eaf29173e to remote] DEBUG org.asynchttpclient.netty.request.NettyRequestSender - Using pooled Channel '[id: 0x2d47f3bf, L:/127.0.0.1:61889 - R:localhost/127.0.0.1:8777]' for 'POST' to 'http://localhost:8777/session/b2ce6bdc97fe428b8525846eaf29173e/element'
00:35:46.542 [Forwarding findElement on session b2ce6bdc97fe428b8525846eaf29173e to remote] DEBUG org.asynchttpclient.netty.request.NettyRequestSender - Using open Channel [id: 0x2d47f3bf, L:/127.0.0.1:61889 - R:localhost/127.0.0.1:8777] for POST '/session/b2ce6bdc97fe428b8525846eaf29173e/element'
00:35:46.573 [AsyncHttpClient-1-20] DEBUG org.asynchttpclient.netty.handler.HttpHandler - 

Request DefaultHttpRequest(decodeResult: success, version: HTTP/1.1)
POST /session/b2ce6bdc97fe428b8525846eaf29173e/element HTTP/1.1
User-Agent: selenium/4.12.0 (java windows)
Content-Length: 69
Content-Type: application/json; charset=utf-8
host: localhost:8777
accept: */*

Response DefaultHttpResponse(decodeResult: success, version: HTTP/1.1)
HTTP/1.1 200 OK
Content-Length: 125
Content-Type: application/json; charset=utf-8
cache-control: no-cache

00:35:46.573 [AsyncHttpClient-1-20] DEBUG org.asynchttpclient.netty.channel.ChannelManager - Adding key: http://localhost:8777 for channel [id: 0x2d47f3bf, L:/127.0.0.1:61889 - R:localhost/127.0.0.1:8777]
00:35:46.573 [Forwarding sendKeysToElement on session b2ce6bdc97fe428b8525846eaf29173e to remote] DEBUG org.asynchttpclient.netty.request.NettyRequestSender - Using pooled Channel '[id: 0x2d47f3bf, L:/127.0.0.1:61889 - R:localhost/127.0.0.1:8777]' for 'POST' to 'http://localhost:8777/session/b2ce6bdc97fe428b8525846eaf29173e/element/f.4855DCEAEC22D7AFCD29E7DC0B72CCBF.d.F3E3819AB383085D64201DFE14292131.e.4/value'
00:35:46.573 [Forwarding sendKeysToElement on session b2ce6bdc97fe428b8525846eaf29173e to remote] DEBUG org.asynchttpclient.netty.request.NettyRequestSender - Using open Channel [id: 0x2d47f3bf, L:/127.0.0.1:61889 - R:localhost/127.0.0.1:8777] for POST '/session/b2ce6bdc97fe428b8525846eaf29173e/element/f.4855DCEAEC22D7AFCD29E7DC0B72CCBF.d.F3E3819AB383085D64201DFE14292131.e.4/value'
00:35:46.863 [AsyncHttpClient-1-20] DEBUG org.asynchttpclient.netty.handler.HttpHandler - 

Request DefaultHttpRequest(decodeResult: success, version: HTTP/1.1)
POST /session/b2ce6bdc97fe428b8525846eaf29173e/element/f.4855DCEAEC22D7AFCD29E7DC0B72CCBF.d.F3E3819AB383085D64201DFE14292131.e.4/value HTTP/1.1
User-Agent: selenium/4.12.0 (java windows)
Content-Length: 338
Content-Type: application/json; charset=utf-8
host: localhost:8777
accept: */*

Response DefaultHttpResponse(decodeResult: success, version: HTTP/1.1)
HTTP/1.1 200 OK
Content-Length: 14
Content-Type: application/json; charset=utf-8
cache-control: no-cache

00:35:46.863 [AsyncHttpClient-1-20] DEBUG org.asynchttpclient.netty.channel.ChannelManager - Adding key: http://localhost:8777 for channel [id: 0x2d47f3bf, L:/127.0.0.1:61889 - R:localhost/127.0.0.1:8777]
00:35:46.863 [Forwarding findElement on session b2ce6bdc97fe428b8525846eaf29173e to remote] DEBUG org.asynchttpclient.netty.request.NettyRequestSender - Using pooled Channel '[id: 0x2d47f3bf, L:/127.0.0.1:61889 - R:localhost/127.0.0.1:8777]' for 'POST' to 'http://localhost:8777/session/b2ce6bdc97fe428b8525846eaf29173e/element'
00:35:46.863 [Forwarding findElement on session b2ce6bdc97fe428b8525846eaf29173e to remote] DEBUG org.asynchttpclient.netty.request.NettyRequestSender - Using open Channel [id: 0x2d47f3bf, L:/127.0.0.1:61889 - R:localhost/127.0.0.1:8777] for POST '/session/b2ce6bdc97fe428b8525846eaf29173e/element'
00:35:46.880 [AsyncHttpClient-1-20] DEBUG org.asynchttpclient.netty.handler.HttpHandler - 

Request DefaultHttpRequest(decodeResult: success, version: HTTP/1.1)
POST /session/b2ce6bdc97fe428b8525846eaf29173e/element HTTP/1.1
User-Agent: selenium/4.12.0 (java windows)
Content-Length: 72
Content-Type: application/json; charset=utf-8
host: localhost:8777
accept: */*

Response DefaultHttpResponse(decodeResult: success, version: HTTP/1.1)
HTTP/1.1 200 OK
Content-Length: 125
Content-Type: application/json; charset=utf-8
cache-control: no-cache

00:35:46.880 [AsyncHttpClient-1-20] DEBUG org.asynchttpclient.netty.channel.ChannelManager - Adding key: http://localhost:8777 for channel [id: 0x2d47f3bf, L:/127.0.0.1:61889 - R:localhost/127.0.0.1:8777]
00:35:46.880 [Forwarding sendKeysToElement on session b2ce6bdc97fe428b8525846eaf29173e to remote] DEBUG org.asynchttpclient.netty.request.NettyRequestSender - Using pooled Channel '[id: 0x2d47f3bf, L:/127.0.0.1:61889 - R:localhost/127.0.0.1:8777]' for 'POST' to 'http://localhost:8777/session/b2ce6bdc97fe428b8525846eaf29173e/element/f.4855DCEAEC22D7AFCD29E7DC0B72CCBF.d.F3E3819AB383085D64201DFE14292131.e.6/value'
00:35:46.880 [Forwarding sendKeysToElement on session b2ce6bdc97fe428b8525846eaf29173e to remote] DEBUG org.asynchttpclient.netty.request.NettyRequestSender - Using open Channel [id: 0x2d47f3bf, L:/127.0.0.1:61889 - R:localhost/127.0.0.1:8777] for POST '/session/b2ce6bdc97fe428b8525846eaf29173e/element/f.4855DCEAEC22D7AFCD29E7DC0B72CCBF.d.F3E3819AB383085D64201DFE14292131.e.6/value'
00:35:47.097 [AsyncHttpClient-1-20] DEBUG org.asynchttpclient.netty.handler.HttpHandler - 

Request DefaultHttpRequest(decodeResult: success, version: HTTP/1.1)
POST /session/b2ce6bdc97fe428b8525846eaf29173e/element/f.4855DCEAEC22D7AFCD29E7DC0B72CCBF.d.F3E3819AB383085D64201DFE14292131.e.6/value HTTP/1.1
User-Agent: selenium/4.12.0 (java windows)
Content-Length: 168
Content-Type: application/json; charset=utf-8
host: localhost:8777
accept: */*

Response DefaultHttpResponse(decodeResult: success, version: HTTP/1.1)
HTTP/1.1 200 OK
Content-Length: 14
Content-Type: application/json; charset=utf-8
cache-control: no-cache

00:35:47.097 [AsyncHttpClient-1-20] DEBUG org.asynchttpclient.netty.channel.ChannelManager - Adding key: http://localhost:8777 for channel [id: 0x2d47f3bf, L:/127.0.0.1:61889 - R:localhost/127.0.0.1:8777]
  When I provide fokisaj290@edectus.com and wrong-test # StepDefination.Signin.i_provide_id_and_password(java.lang.String,java.lang.String)
00:35:47.097 [Forwarding findElement on session b2ce6bdc97fe428b8525846eaf29173e to remote] DEBUG org.asynchttpclient.netty.request.NettyRequestSender - Using pooled Channel '[id: 0x2d47f3bf, L:/127.0.0.1:61889 - R:localhost/127.0.0.1:8777]' for 'POST' to 'http://localhost:8777/session/b2ce6bdc97fe428b8525846eaf29173e/element'
00:35:47.097 [Forwarding findElement on session b2ce6bdc97fe428b8525846eaf29173e to remote] DEBUG org.asynchttpclient.netty.request.NettyRequestSender - Using open Channel [id: 0x2d47f3bf, L:/127.0.0.1:61889 - R:localhost/127.0.0.1:8777] for POST '/session/b2ce6bdc97fe428b8525846eaf29173e/element'
00:35:47.126 [AsyncHttpClient-1-20] DEBUG org.asynchttpclient.netty.handler.HttpHandler - 

Request DefaultHttpRequest(decodeResult: success, version: HTTP/1.1)
POST /session/b2ce6bdc97fe428b8525846eaf29173e/element HTTP/1.1
User-Agent: selenium/4.12.0 (java windows)
Content-Length: 73
Content-Type: application/json; charset=utf-8
host: localhost:8777
accept: */*

Response DefaultHttpResponse(decodeResult: success, version: HTTP/1.1)
HTTP/1.1 200 OK
Content-Length: 125
Content-Type: application/json; charset=utf-8
cache-control: no-cache

00:35:47.126 [AsyncHttpClient-1-20] DEBUG org.asynchttpclient.netty.channel.ChannelManager - Adding key: http://localhost:8777 for channel [id: 0x2d47f3bf, L:/127.0.0.1:61889 - R:localhost/127.0.0.1:8777]
00:35:47.130 [Forwarding clickElement on session b2ce6bdc97fe428b8525846eaf29173e to remote] DEBUG org.asynchttpclient.netty.request.NettyRequestSender - Using pooled Channel '[id: 0x2d47f3bf, L:/127.0.0.1:61889 - R:localhost/127.0.0.1:8777]' for 'POST' to 'http://localhost:8777/session/b2ce6bdc97fe428b8525846eaf29173e/element/f.4855DCEAEC22D7AFCD29E7DC0B72CCBF.d.F3E3819AB383085D64201DFE14292131.e.8/click'
00:35:47.130 [Forwarding clickElement on session b2ce6bdc97fe428b8525846eaf29173e to remote] DEBUG org.asynchttpclient.netty.request.NettyRequestSender - Using open Channel [id: 0x2d47f3bf, L:/127.0.0.1:61889 - R:localhost/127.0.0.1:8777] for POST '/session/b2ce6bdc97fe428b8525846eaf29173e/element/f.4855DCEAEC22D7AFCD29E7DC0B72CCBF.d.F3E3819AB383085D64201DFE14292131.e.8/click'
00:35:47.303 [AsyncHttpClient-1-20] DEBUG org.asynchttpclient.netty.handler.HttpHandler - 

Request DefaultHttpRequest(decodeResult: success, version: HTTP/1.1)
POST /session/b2ce6bdc97fe428b8525846eaf29173e/element/f.4855DCEAEC22D7AFCD29E7DC0B72CCBF.d.F3E3819AB383085D64201DFE14292131.e.8/click HTTP/1.1
User-Agent: selenium/4.12.0 (java windows)
Content-Length: 87
Content-Type: application/json; charset=utf-8
host: localhost:8777
accept: */*

Response DefaultHttpResponse(decodeResult: success, version: HTTP/1.1)
HTTP/1.1 200 OK
Content-Length: 14
Content-Type: application/json; charset=utf-8
cache-control: no-cache

00:35:47.303 [AsyncHttpClient-1-20] DEBUG org.asynchttpclient.netty.channel.ChannelManager - Adding key: http://localhost:8777 for channel [id: 0x2d47f3bf, L:/127.0.0.1:61889 - R:localhost/127.0.0.1:8777]
00:35:47.317 [AsyncHttpClient-1-1] DEBUG org.asynchttpclient.netty.channel.DefaultChannelPool - Entry count for : http://localhost:61891 : 1
00:35:47.317 [AsyncHttpClient-1-1] DEBUG org.asynchttpclient.netty.channel.DefaultChannelPool - Entry count for : http://localhost:47969 : 1
00:35:47.317 [AsyncHttpClient-1-1] DEBUG org.asynchttpclient.netty.channel.DefaultChannelPool - Entry count for : http://localhost:8777 : 1
00:35:47.317 [AsyncHttpClient-1-1] DEBUG org.asynchttpclient.netty.channel.DefaultChannelPool - Entry count for : http://localhost:61825 : 1
00:35:48.427 [AsyncHttpClient-1-1] DEBUG org.asynchttpclient.netty.channel.DefaultChannelPool - Entry count for : http://localhost:61891 : 1
00:35:48.427 [AsyncHttpClient-1-1] DEBUG org.asynchttpclient.netty.channel.DefaultChannelPool - Entry count for : http://localhost:47969 : 1
00:35:48.427 [AsyncHttpClient-1-1] DEBUG org.asynchttpclient.netty.channel.DefaultChannelPool - Entry count for : http://localhost:8777 : 1
00:35:48.427 [AsyncHttpClient-1-1] DEBUG org.asynchttpclient.netty.channel.DefaultChannelPool - Entry count for : http://localhost:61825 : 1
00:35:49.514 [AsyncHttpClient-1-1] DEBUG org.asynchttpclient.netty.channel.DefaultChannelPool - Entry count for : http://localhost:61891 : 1
00:35:49.514 [AsyncHttpClient-1-1] DEBUG org.asynchttpclient.netty.channel.DefaultChannelPool - Entry count for : http://localhost:47969 : 1
00:35:49.514 [AsyncHttpClient-1-1] DEBUG org.asynchttpclient.netty.channel.DefaultChannelPool - Entry count for : http://localhost:8777 : 1
00:35:49.514 [AsyncHttpClient-1-1] DEBUG org.asynchttpclient.netty.channel.DefaultChannelPool - Entry count for : http://localhost:61825 : 1
00:35:50.623 [AsyncHttpClient-1-1] DEBUG org.asynchttpclient.netty.channel.DefaultChannelPool - Entry count for : http://localhost:61891 : 1
00:35:50.623 [AsyncHttpClient-1-1] DEBUG org.asynchttpclient.netty.channel.DefaultChannelPool - Entry count for : http://localhost:47969 : 1
00:35:50.623 [AsyncHttpClient-1-1] DEBUG org.asynchttpclient.netty.channel.DefaultChannelPool - Entry count for : http://localhost:8777 : 1
00:35:50.623 [AsyncHttpClient-1-1] DEBUG org.asynchttpclient.netty.channel.DefaultChannelPool - Entry count for : http://localhost:61825 : 1
00:35:51.721 [AsyncHttpClient-1-1] DEBUG org.asynchttpclient.netty.channel.DefaultChannelPool - Entry count for : http://localhost:61891 : 1
00:35:51.721 [AsyncHttpClient-1-1] DEBUG org.asynchttpclient.netty.channel.DefaultChannelPool - Entry count for : http://localhost:47969 : 1
00:35:51.721 [AsyncHttpClient-1-1] DEBUG org.asynchttpclient.netty.channel.DefaultChannelPool - Entry count for : http://localhost:8777 : 1
00:35:51.721 [AsyncHttpClient-1-1] DEBUG org.asynchttpclient.netty.channel.DefaultChannelPool - Entry count for : http://localhost:61825 : 1
  And Tap on submit button-test                        # StepDefination.Signin.tap_on_submit_button()
00:35:52.323 [Forwarding getCurrentUrl on session b2ce6bdc97fe428b8525846eaf29173e to remote] DEBUG org.asynchttpclient.netty.request.NettyRequestSender - Using pooled Channel '[id: 0x2d47f3bf, L:/127.0.0.1:61889 - R:localhost/127.0.0.1:8777]' for 'GET' to 'http://localhost:8777/session/b2ce6bdc97fe428b8525846eaf29173e/url'
00:35:52.323 [Forwarding getCurrentUrl on session b2ce6bdc97fe428b8525846eaf29173e to remote] DEBUG org.asynchttpclient.netty.request.NettyRequestSender - Using open Channel [id: 0x2d47f3bf, L:/127.0.0.1:61889 - R:localhost/127.0.0.1:8777] for GET '/session/b2ce6bdc97fe428b8525846eaf29173e/url'
00:35:52.323 [AsyncHttpClient-1-20] DEBUG org.asynchttpclient.netty.handler.HttpHandler - 

Request DefaultFullHttpRequest(decodeResult: success, version: HTTP/1.1, content: EmptyByteBufBE)
GET /session/b2ce6bdc97fe428b8525846eaf29173e/url HTTP/1.1
Cache-Control: no-cache
User-Agent: selenium/4.12.0 (java windows)
Content-Type: application/json; charset=utf-8
host: localhost:8777
accept: */*

Response DefaultHttpResponse(decodeResult: success, version: HTTP/1.1)
HTTP/1.1 200 OK
Content-Length: 69
Content-Type: application/json; charset=utf-8
cache-control: no-cache

00:35:52.323 [AsyncHttpClient-1-20] DEBUG org.asynchttpclient.netty.channel.ChannelManager - Adding key: http://localhost:8777 for channel [id: 0x2d47f3bf, L:/127.0.0.1:61889 - R:localhost/127.0.0.1:8777]
https://fleet-manager-development.vercel.app/auth/sign-in
00:35:52.339 [Forwarding findElement on session b2ce6bdc97fe428b8525846eaf29173e to remote] DEBUG org.asynchttpclient.netty.request.NettyRequestSender - Using pooled Channel '[id: 0x2d47f3bf, L:/127.0.0.1:61889 - R:localhost/127.0.0.1:8777]' for 'POST' to 'http://localhost:8777/session/b2ce6bdc97fe428b8525846eaf29173e/element'
00:35:52.339 [Forwarding findElement on session b2ce6bdc97fe428b8525846eaf29173e to remote] DEBUG org.asynchttpclient.netty.request.NettyRequestSender - Using open Channel [id: 0x2d47f3bf, L:/127.0.0.1:61889 - R:localhost/127.0.0.1:8777] for POST '/session/b2ce6bdc97fe428b8525846eaf29173e/element'
00:35:52.355 [AsyncHttpClient-1-20] DEBUG org.asynchttpclient.netty.handler.HttpHandler - 

Request DefaultHttpRequest(decodeResult: success, version: HTTP/1.1)
POST /session/b2ce6bdc97fe428b8525846eaf29173e/element HTTP/1.1
User-Agent: selenium/4.12.0 (java windows)
Content-Length: 66
Content-Type: application/json; charset=utf-8
host: localhost:8777
accept: */*

Response DefaultHttpResponse(decodeResult: success, version: HTTP/1.1)
HTTP/1.1 404 Not Found
Content-Length: 1053
Content-Type: application/json; charset=utf-8
cache-control: no-cache

00:35:52.355 [AsyncHttpClient-1-20] DEBUG org.asynchttpclient.netty.channel.ChannelManager - Adding key: http://localhost:8777 for channel [id: 0x2d47f3bf, L:/127.0.0.1:61889 - R:localhost/127.0.0.1:8777]
Faild to logged in
00:35:52.355 [Forwarding screenshot on session b2ce6bdc97fe428b8525846eaf29173e to remote] DEBUG org.asynchttpclient.netty.request.NettyRequestSender - Using pooled Channel '[id: 0x2d47f3bf, L:/127.0.0.1:61889 - R:localhost/127.0.0.1:8777]' for 'GET' to 'http://localhost:8777/session/b2ce6bdc97fe428b8525846eaf29173e/screenshot'
00:35:52.355 [Forwarding screenshot on session b2ce6bdc97fe428b8525846eaf29173e to remote] DEBUG org.asynchttpclient.netty.request.NettyRequestSender - Using open Channel [id: 0x2d47f3bf, L:/127.0.0.1:61889 - R:localhost/127.0.0.1:8777] for GET '/session/b2ce6bdc97fe428b8525846eaf29173e/screenshot'
00:35:52.771 [AsyncHttpClient-1-20] DEBUG org.asynchttpclient.netty.handler.HttpHandler - 

Request DefaultFullHttpRequest(decodeResult: success, version: HTTP/1.1, content: EmptyByteBufBE)
GET /session/b2ce6bdc97fe428b8525846eaf29173e/screenshot HTTP/1.1
Cache-Control: no-cache
User-Agent: selenium/4.12.0 (java windows)
Content-Type: application/json; charset=utf-8
host: localhost:8777
accept: */*

Response DefaultHttpResponse(decodeResult: success, version: HTTP/1.1)
HTTP/1.1 200 OK
Content-Length: 1202452
Content-Type: application/json; charset=utf-8
cache-control: no-cache

00:35:52.786 [AsyncHttpClient-1-20] DEBUG org.asynchttpclient.netty.channel.ChannelManager - Adding key: http://localhost:8777 for channel [id: 0x2d47f3bf, L:/127.0.0.1:61889 - R:localhost/127.0.0.1:8777]
00:35:52.817 [AsyncHttpClient-1-1] DEBUG org.asynchttpclient.netty.channel.DefaultChannelPool - Entry count for : http://localhost:61891 : 1
00:35:52.817 [AsyncHttpClient-1-1] DEBUG org.asynchttpclient.netty.channel.DefaultChannelPool - Entry count for : http://localhost:47969 : 1
00:35:52.817 [AsyncHttpClient-1-1] DEBUG org.asynchttpclient.netty.channel.DefaultChannelPool - Entry count for : http://localhost:8777 : 1
00:35:52.817 [AsyncHttpClient-1-1] DEBUG org.asynchttpclient.netty.channel.DefaultChannelPool - Entry count for : http://localhost:61825 : 1
  Then User should be logged in-test                   # StepDefination.Signin.user_should_be_logged_in()
00:35:52.866 [AsyncHttpClient-1-22] DEBUG org.asynchttpclient.netty.handler.WebSocketHandler - Channel Closed: [id: 0x52a398f5, L:/127.0.0.1:61899 ! R:localhost/127.0.0.1:61891] with attribute DISCARD
00:35:52.866 [Driver Command Executor] DEBUG org.asynchttpclient.netty.request.NettyRequestSender - Using pooled Channel '[id: 0x2d47f3bf, L:/127.0.0.1:61889 - R:localhost/127.0.0.1:8777]' for 'DELETE' to 'http://localhost:8777/session/b2ce6bdc97fe428b8525846eaf29173e'
00:35:52.866 [Driver Command Executor] DEBUG org.asynchttpclient.netty.request.NettyRequestSender - Using open Channel [id: 0x2d47f3bf, L:/127.0.0.1:61889 - R:localhost/127.0.0.1:8777] for DELETE '/session/b2ce6bdc97fe428b8525846eaf29173e'
00:35:52.951 [AsyncHttpClient-1-21] DEBUG org.asynchttpclient.netty.handler.HttpHandler - Unexpected I/O exception on channel [id: 0x08e87818, L:/127.0.0.1:61898 - R:localhost/127.0.0.1:61891]
java.net.SocketException: Connection reset
	at java.base/sun.nio.ch.SocketChannelImpl.throwConnectionReset(SocketChannelImpl.java:394)
	at java.base/sun.nio.ch.SocketChannelImpl.read(SocketChannelImpl.java:426)
	at io.netty.buffer.PooledByteBuf.setBytes(PooledByteBuf.java:254)
	at io.netty.buffer.AbstractByteBuf.writeBytes(AbstractByteBuf.java:1132)
	at io.netty.channel.socket.nio.NioSocketChannel.doReadBytes(NioSocketChannel.java:357)
	at io.netty.channel.nio.AbstractNioByteChannel$NioByteUnsafe.read(AbstractNioByteChannel.java:151)
	at io.netty.channel.nio.NioEventLoop.processSelectedKey(NioEventLoop.java:788)
	at io.netty.channel.nio.NioEventLoop.processSelectedKeysOptimized(NioEventLoop.java:724)
	at io.netty.channel.nio.NioEventLoop.processSelectedKeys(NioEventLoop.java:650)
	at io.netty.channel.nio.NioEventLoop.run(NioEventLoop.java:562)
	at io.netty.util.concurrent.SingleThreadEventExecutor$4.run(SingleThreadEventExecutor.java:997)
	at io.netty.util.internal.ThreadExecutorMap$2.run(ThreadExecutorMap.java:74)
	at io.netty.util.concurrent.FastThreadLocalRunnable.run(FastThreadLocalRunnable.java:30)
	at java.base/java.lang.Thread.run(Thread.java:840)
00:35:52.952 [AsyncHttpClient-1-21] DEBUG org.asynchttpclient.netty.channel.ChannelManager - Closing Channel [id: 0x08e87818, L:/127.0.0.1:61898 - R:localhost/127.0.0.1:61891] 
00:35:52.952 [AsyncHttpClient-1-21] DEBUG org.asynchttpclient.netty.handler.HttpHandler - Channel Closed: [id: 0x08e87818, L:/127.0.0.1:61898 ! R:localhost/127.0.0.1:61891] with attribute DISCARD
00:35:52.978 [AsyncHttpClient-1-20] DEBUG org.asynchttpclient.netty.handler.HttpHandler - 

Request DefaultFullHttpRequest(decodeResult: success, version: HTTP/1.1, content: EmptyByteBufBE)
DELETE /session/b2ce6bdc97fe428b8525846eaf29173e HTTP/1.1
User-Agent: selenium/4.12.0 (java windows)
Content-Type: application/json; charset=utf-8
host: localhost:8777
accept: */*

Response DefaultHttpResponse(decodeResult: success, version: HTTP/1.1)
HTTP/1.1 200 OK
Content-Length: 14
Content-Type: application/json; charset=utf-8
cache-control: no-cache

00:35:52.978 [AsyncHttpClient-1-20] DEBUG org.asynchttpclient.netty.channel.ChannelManager - Adding key: http://localhost:8777 for channel [id: 0x2d47f3bf, L:/127.0.0.1:61889 - R:localhost/127.0.0.1:8777]
00:35:53.315 [AsyncHttpClient-1-20] DEBUG org.asynchttpclient.netty.handler.HttpHandler - Channel Closed: [id: 0x2d47f3bf, L:/127.0.0.1:61889 ! R:localhost/127.0.0.1:8777] with attribute DISCARD
  And Close Window                                     # StepDefination.Signin.close_window()
]]></system-out>
    <system-err><![CDATA[Jan 15, 2025 12:35:45 AM org.openqa.selenium.devtools.CdpVersionFinder findNearestMatch
WARNING: Unable to find CDP implementation matching 131
Jan 15, 2025 12:35:45 AM org.openqa.selenium.chromium.ChromiumDriver lambda$new$5
WARNING: Unable to find version of CDP to use for 131.0.6778.265. You may need to include a dependency on a specific version of the CDP using something similar to `org.seleniumhq.selenium:selenium-devtools-v86:4.12.0` where the version ("v86") matches the version of the chromium-based browser you're using and the version number of the artifact is the same as Selenium's.
]]></system-err>
  </testcase>
  <testcase name="Signin with email and password #3" classname="User sign IN" time="10.603">
    <system-out><![CDATA[
Scenario Outline: Signin with email and password # src/test/resources/Login/Login.feature:14
00:35:53.688 [AsyncHttpClient-1-23] DEBUG org.asynchttpclient.netty.channel.NettyConnectListener - Using new Channel '[id: 0xcba68400, L:/127.0.0.1:61918 - R:localhost/127.0.0.1:1047]' for 'POST' to '/session'
00:35:53.924 [AsyncHttpClient-1-1] DEBUG org.asynchttpclient.netty.channel.DefaultChannelPool - Entry count for : http://localhost:61891 : 1
00:35:53.924 [AsyncHttpClient-1-1] DEBUG org.asynchttpclient.netty.channel.DefaultChannelPool - Entry count for : http://localhost:47969 : 1
00:35:53.924 [AsyncHttpClient-1-1] DEBUG org.asynchttpclient.netty.channel.DefaultChannelPool - Entry count for : http://localhost:8777 : 1
00:35:53.924 [AsyncHttpClient-1-1] DEBUG org.asynchttpclient.netty.channel.DefaultChannelPool - Entry count for : http://localhost:61825 : 1
00:35:53.924 [AsyncHttpClient-1-1] DEBUG org.asynchttpclient.netty.channel.DefaultChannelPool - Adding Candidate expired Channel [id: 0x08e87818, L:/127.0.0.1:61898 ! R:localhost/127.0.0.1:61891] isIdleTimeoutExpired=false isRemotelyClosed=true isTtlExpired=false
00:35:53.924 [AsyncHttpClient-1-1] DEBUG org.asynchttpclient.netty.channel.DefaultChannelPool - Closing Idle Channel [id: 0x08e87818, L:/127.0.0.1:61898 ! R:localhost/127.0.0.1:61891]
00:35:53.924 [AsyncHttpClient-1-1] DEBUG org.asynchttpclient.netty.channel.DefaultChannelPool - Adding Candidate expired Channel [id: 0x2d47f3bf, L:/127.0.0.1:61889 ! R:localhost/127.0.0.1:8777] isIdleTimeoutExpired=false isRemotelyClosed=true isTtlExpired=false
00:35:53.924 [AsyncHttpClient-1-1] DEBUG org.asynchttpclient.netty.channel.DefaultChannelPool - Closing Idle Channel [id: 0x2d47f3bf, L:/127.0.0.1:61889 ! R:localhost/127.0.0.1:8777]
00:35:53.924 [AsyncHttpClient-1-1] DEBUG org.asynchttpclient.netty.channel.DefaultChannelPool - Closed 2 connections out of 4 in 0 ms
00:35:55.013 [AsyncHttpClient-1-1] DEBUG org.asynchttpclient.netty.channel.DefaultChannelPool - Entry count for : http://localhost:47969 : 1
00:35:55.013 [AsyncHttpClient-1-1] DEBUG org.asynchttpclient.netty.channel.DefaultChannelPool - Entry count for : http://localhost:61825 : 1
00:35:55.092 [AsyncHttpClient-1-23] DEBUG org.asynchttpclient.netty.handler.HttpHandler - 

Request DefaultHttpRequest(decodeResult: success, version: HTTP/1.1)
POST /session HTTP/1.1
User-Agent: selenium/4.12.0 (java windows)
Content-Length: 254
Content-Type: application/json; charset=utf-8
host: localhost:1047
accept: */*

Response DefaultHttpResponse(decodeResult: success, version: HTTP/1.1)
HTTP/1.1 200 OK
Content-Length: 888
Content-Type: application/json; charset=utf-8
cache-control: no-cache

00:35:55.100 [AsyncHttpClient-1-23] DEBUG org.asynchttpclient.netty.channel.ChannelManager - Adding key: http://localhost:1047 for channel [id: 0xcba68400, L:/127.0.0.1:61918 - R:localhost/127.0.0.1:1047]
00:35:55.112 [AsyncHttpClient-1-24] DEBUG org.asynchttpclient.netty.channel.NettyConnectListener - Using new Channel '[id: 0x4f507664, L:/127.0.0.1:61926 - R:localhost/127.0.0.1:61919]' for 'GET' to '/json/version'
00:35:55.120 [AsyncHttpClient-1-24] DEBUG org.asynchttpclient.netty.handler.HttpHandler - 

Request DefaultFullHttpRequest(decodeResult: success, version: HTTP/1.1, content: EmptyByteBufBE)
GET /json/version HTTP/1.1
User-Agent: selenium/4.12.0 (java windows)
host: localhost:61919
accept: */*

Response DefaultHttpResponse(decodeResult: success, version: HTTP/1.1)
HTTP/1.1 200 OK
Content-Security-Policy: frame-ancestors 'none'
Content-Length: 424
Content-Type: application/json; charset=UTF-8

00:35:55.120 [AsyncHttpClient-1-24] DEBUG org.asynchttpclient.netty.channel.ChannelManager - Adding key: http://localhost:61919 for channel [id: 0x4f507664, L:/127.0.0.1:61926 - R:localhost/127.0.0.1:61919]
00:35:55.129 [AsyncHttpClient-1-25] DEBUG org.asynchttpclient.netty.channel.NettyConnectListener - Using new Channel '[id: 0x5d47f182, L:/127.0.0.1:61927 - R:localhost/127.0.0.1:61919]' for 'GET' to '/devtools/browser/ea64a167-2624-4de5-9ed6-56cc8f1b554a'
00:35:55.129 [AsyncHttpClient-1-25] DEBUG org.asynchttpclient.netty.handler.WebSocketHandler - 

Request DefaultFullHttpRequest(decodeResult: success, version: HTTP/1.1, content: EmptyByteBufBE)
GET /devtools/browser/ea64a167-2624-4de5-9ed6-56cc8f1b554a HTTP/1.1
upgrade: websocket
connection: upgrade
sec-websocket-key: g3qm4Mqod0nd4QRrFWu+7A==
sec-websocket-version: 13
origin: http://localhost:61919
host: localhost:61919
accept: */*
user-agent: AHC/2.1

Response DefaultHttpResponse(decodeResult: success, version: HTTP/1.1)
HTTP/1.1 101 WebSocket Protocol Handshake
Upgrade: WebSocket
Connection: Upgrade
Sec-WebSocket-Accept: acXirZzW4pIhXqyfGgqaC+HxnXk=

00:35:55.137 [Forwarding get on session b285661f8a71da8109a9c336f0a0210e to remote] DEBUG org.asynchttpclient.netty.request.NettyRequestSender - Using pooled Channel '[id: 0xcba68400, L:/127.0.0.1:61918 - R:localhost/127.0.0.1:1047]' for 'POST' to 'http://localhost:1047/session/b285661f8a71da8109a9c336f0a0210e/url'
00:35:55.137 [Forwarding get on session b285661f8a71da8109a9c336f0a0210e to remote] DEBUG org.asynchttpclient.netty.request.NettyRequestSender - Using open Channel [id: 0xcba68400, L:/127.0.0.1:61918 - R:localhost/127.0.0.1:1047] for POST '/session/b285661f8a71da8109a9c336f0a0210e/url'
00:35:56.113 [AsyncHttpClient-1-1] DEBUG org.asynchttpclient.netty.channel.DefaultChannelPool - Entry count for : http://localhost:47969 : 1
00:35:56.113 [AsyncHttpClient-1-1] DEBUG org.asynchttpclient.netty.channel.DefaultChannelPool - Entry count for : http://localhost:61919 : 1
00:35:56.113 [AsyncHttpClient-1-1] DEBUG org.asynchttpclient.netty.channel.DefaultChannelPool - Entry count for : http://localhost:61825 : 1
00:35:56.789 [AsyncHttpClient-1-23] DEBUG org.asynchttpclient.netty.handler.HttpHandler - 

Request DefaultHttpRequest(decodeResult: success, version: HTTP/1.1)
POST /session/b285661f8a71da8109a9c336f0a0210e/url HTTP/1.1
User-Agent: selenium/4.12.0 (java windows)
Content-Length: 92
Content-Type: application/json; charset=utf-8
host: localhost:1047
accept: */*

Response DefaultHttpResponse(decodeResult: success, version: HTTP/1.1)
HTTP/1.1 200 OK
Content-Length: 14
Content-Type: application/json; charset=utf-8
cache-control: no-cache

00:35:56.795 [AsyncHttpClient-1-23] DEBUG org.asynchttpclient.netty.channel.ChannelManager - Adding key: http://localhost:1047 for channel [id: 0xcba68400, L:/127.0.0.1:61918 - R:localhost/127.0.0.1:1047]
00:35:56.795 [Forwarding maximizeCurrentWindow on session b285661f8a71da8109a9c336f0a0210e to remote] DEBUG org.asynchttpclient.netty.request.NettyRequestSender - Using pooled Channel '[id: 0xcba68400, L:/127.0.0.1:61918 - R:localhost/127.0.0.1:1047]' for 'POST' to 'http://localhost:1047/session/b285661f8a71da8109a9c336f0a0210e/window/maximize'
00:35:56.795 [Forwarding maximizeCurrentWindow on session b285661f8a71da8109a9c336f0a0210e to remote] DEBUG org.asynchttpclient.netty.request.NettyRequestSender - Using open Channel [id: 0xcba68400, L:/127.0.0.1:61918 - R:localhost/127.0.0.1:1047] for POST '/session/b285661f8a71da8109a9c336f0a0210e/window/maximize'
00:35:56.851 [AsyncHttpClient-1-23] DEBUG org.asynchttpclient.netty.handler.HttpHandler - 

Request DefaultHttpRequest(decodeResult: success, version: HTTP/1.1)
POST /session/b285661f8a71da8109a9c336f0a0210e/window/maximize HTTP/1.1
User-Agent: selenium/4.12.0 (java windows)
Content-Length: 3
Content-Type: application/json; charset=utf-8
host: localhost:1047
accept: */*

Response DefaultHttpResponse(decodeResult: success, version: HTTP/1.1)
HTTP/1.1 200 OK
Content-Length: 51
Content-Type: application/json; charset=utf-8
cache-control: no-cache

00:35:56.851 [AsyncHttpClient-1-23] DEBUG org.asynchttpclient.netty.channel.ChannelManager - Adding key: http://localhost:1047 for channel [id: 0xcba68400, L:/127.0.0.1:61918 - R:localhost/127.0.0.1:1047]
  Given I have login panel-test                  # StepDefination.Signin.I_have_login_panel()
00:35:56.851 [Forwarding findElement on session b285661f8a71da8109a9c336f0a0210e to remote] DEBUG org.asynchttpclient.netty.request.NettyRequestSender - Using pooled Channel '[id: 0xcba68400, L:/127.0.0.1:61918 - R:localhost/127.0.0.1:1047]' for 'POST' to 'http://localhost:1047/session/b285661f8a71da8109a9c336f0a0210e/element'
00:35:56.851 [Forwarding findElement on session b285661f8a71da8109a9c336f0a0210e to remote] DEBUG org.asynchttpclient.netty.request.NettyRequestSender - Using open Channel [id: 0xcba68400, L:/127.0.0.1:61918 - R:localhost/127.0.0.1:1047] for POST '/session/b285661f8a71da8109a9c336f0a0210e/element'
00:35:56.868 [AsyncHttpClient-1-23] DEBUG org.asynchttpclient.netty.handler.HttpHandler - 

Request DefaultHttpRequest(decodeResult: success, version: HTTP/1.1)
POST /session/b285661f8a71da8109a9c336f0a0210e/element HTTP/1.1
User-Agent: selenium/4.12.0 (java windows)
Content-Length: 69
Content-Type: application/json; charset=utf-8
host: localhost:1047
accept: */*

Response DefaultHttpResponse(decodeResult: success, version: HTTP/1.1)
HTTP/1.1 200 OK
Content-Length: 125
Content-Type: application/json; charset=utf-8
cache-control: no-cache

00:35:56.868 [AsyncHttpClient-1-23] DEBUG org.asynchttpclient.netty.channel.ChannelManager - Adding key: http://localhost:1047 for channel [id: 0xcba68400, L:/127.0.0.1:61918 - R:localhost/127.0.0.1:1047]
00:35:56.881 [Forwarding sendKeysToElement on session b285661f8a71da8109a9c336f0a0210e to remote] DEBUG org.asynchttpclient.netty.request.NettyRequestSender - Using pooled Channel '[id: 0xcba68400, L:/127.0.0.1:61918 - R:localhost/127.0.0.1:1047]' for 'POST' to 'http://localhost:1047/session/b285661f8a71da8109a9c336f0a0210e/element/f.B65D66DBC37001BCF653A0C4E0436B08.d.819C4C7DF0699BB7085EB86B5B510E48.e.1/value'
00:35:56.881 [Forwarding sendKeysToElement on session b285661f8a71da8109a9c336f0a0210e to remote] DEBUG org.asynchttpclient.netty.request.NettyRequestSender - Using open Channel [id: 0xcba68400, L:/127.0.0.1:61918 - R:localhost/127.0.0.1:1047] for POST '/session/b285661f8a71da8109a9c336f0a0210e/element/f.B65D66DBC37001BCF653A0C4E0436B08.d.819C4C7DF0699BB7085EB86B5B510E48.e.1/value'
00:35:57.060 [AsyncHttpClient-1-23] DEBUG org.asynchttpclient.netty.handler.HttpHandler - 

Request DefaultHttpRequest(decodeResult: success, version: HTTP/1.1)
POST /session/b285661f8a71da8109a9c336f0a0210e/element/f.B65D66DBC37001BCF653A0C4E0436B08.d.819C4C7DF0699BB7085EB86B5B510E48.e.1/value HTTP/1.1
User-Agent: selenium/4.12.0 (java windows)
Content-Length: 218
Content-Type: application/json; charset=utf-8
host: localhost:1047
accept: */*

Response DefaultHttpResponse(decodeResult: success, version: HTTP/1.1)
HTTP/1.1 200 OK
Content-Length: 14
Content-Type: application/json; charset=utf-8
cache-control: no-cache

00:35:57.060 [AsyncHttpClient-1-23] DEBUG org.asynchttpclient.netty.channel.ChannelManager - Adding key: http://localhost:1047 for channel [id: 0xcba68400, L:/127.0.0.1:61918 - R:localhost/127.0.0.1:1047]
00:35:57.060 [Forwarding findElement on session b285661f8a71da8109a9c336f0a0210e to remote] DEBUG org.asynchttpclient.netty.request.NettyRequestSender - Using pooled Channel '[id: 0xcba68400, L:/127.0.0.1:61918 - R:localhost/127.0.0.1:1047]' for 'POST' to 'http://localhost:1047/session/b285661f8a71da8109a9c336f0a0210e/element'
00:35:57.063 [Forwarding findElement on session b285661f8a71da8109a9c336f0a0210e to remote] DEBUG org.asynchttpclient.netty.request.NettyRequestSender - Using open Channel [id: 0xcba68400, L:/127.0.0.1:61918 - R:localhost/127.0.0.1:1047] for POST '/session/b285661f8a71da8109a9c336f0a0210e/element'
00:35:57.080 [AsyncHttpClient-1-23] DEBUG org.asynchttpclient.netty.handler.HttpHandler - 

Request DefaultHttpRequest(decodeResult: success, version: HTTP/1.1)
POST /session/b285661f8a71da8109a9c336f0a0210e/element HTTP/1.1
User-Agent: selenium/4.12.0 (java windows)
Content-Length: 72
Content-Type: application/json; charset=utf-8
host: localhost:1047
accept: */*

Response DefaultHttpResponse(decodeResult: success, version: HTTP/1.1)
HTTP/1.1 200 OK
Content-Length: 125
Content-Type: application/json; charset=utf-8
cache-control: no-cache

00:35:57.080 [AsyncHttpClient-1-23] DEBUG org.asynchttpclient.netty.channel.ChannelManager - Adding key: http://localhost:1047 for channel [id: 0xcba68400, L:/127.0.0.1:61918 - R:localhost/127.0.0.1:1047]
00:35:57.080 [Forwarding sendKeysToElement on session b285661f8a71da8109a9c336f0a0210e to remote] DEBUG org.asynchttpclient.netty.request.NettyRequestSender - Using pooled Channel '[id: 0xcba68400, L:/127.0.0.1:61918 - R:localhost/127.0.0.1:1047]' for 'POST' to 'http://localhost:1047/session/b285661f8a71da8109a9c336f0a0210e/element/f.B65D66DBC37001BCF653A0C4E0436B08.d.819C4C7DF0699BB7085EB86B5B510E48.e.3/value'
00:35:57.080 [Forwarding sendKeysToElement on session b285661f8a71da8109a9c336f0a0210e to remote] DEBUG org.asynchttpclient.netty.request.NettyRequestSender - Using open Channel [id: 0xcba68400, L:/127.0.0.1:61918 - R:localhost/127.0.0.1:1047] for POST '/session/b285661f8a71da8109a9c336f0a0210e/element/f.B65D66DBC37001BCF653A0C4E0436B08.d.819C4C7DF0699BB7085EB86B5B510E48.e.3/value'
00:35:57.221 [AsyncHttpClient-1-1] DEBUG org.asynchttpclient.netty.channel.DefaultChannelPool - Entry count for : http://localhost:47969 : 1
00:35:57.222 [AsyncHttpClient-1-1] DEBUG org.asynchttpclient.netty.channel.DefaultChannelPool - Entry count for : http://localhost:61919 : 1
00:35:57.222 [AsyncHttpClient-1-1] DEBUG org.asynchttpclient.netty.channel.DefaultChannelPool - Entry count for : http://localhost:61825 : 1
00:35:57.312 [AsyncHttpClient-1-23] DEBUG org.asynchttpclient.netty.handler.HttpHandler - 

Request DefaultHttpRequest(decodeResult: success, version: HTTP/1.1)
POST /session/b285661f8a71da8109a9c336f0a0210e/element/f.B65D66DBC37001BCF653A0C4E0436B08.d.819C4C7DF0699BB7085EB86B5B510E48.e.3/value HTTP/1.1
User-Agent: selenium/4.12.0 (java windows)
Content-Length: 208
Content-Type: application/json; charset=utf-8
host: localhost:1047
accept: */*

Response DefaultHttpResponse(decodeResult: success, version: HTTP/1.1)
HTTP/1.1 200 OK
Content-Length: 14
Content-Type: application/json; charset=utf-8
cache-control: no-cache

00:35:57.312 [AsyncHttpClient-1-23] DEBUG org.asynchttpclient.netty.channel.ChannelManager - Adding key: http://localhost:1047 for channel [id: 0xcba68400, L:/127.0.0.1:61918 - R:localhost/127.0.0.1:1047]
  When I provide Wrong.mail and Fleet@123-test   # StepDefination.Signin.i_provide_id_and_password(java.lang.String,java.lang.String)
00:35:57.312 [Forwarding findElement on session b285661f8a71da8109a9c336f0a0210e to remote] DEBUG org.asynchttpclient.netty.request.NettyRequestSender - Using pooled Channel '[id: 0xcba68400, L:/127.0.0.1:61918 - R:localhost/127.0.0.1:1047]' for 'POST' to 'http://localhost:1047/session/b285661f8a71da8109a9c336f0a0210e/element'
00:35:57.312 [Forwarding findElement on session b285661f8a71da8109a9c336f0a0210e to remote] DEBUG org.asynchttpclient.netty.request.NettyRequestSender - Using open Channel [id: 0xcba68400, L:/127.0.0.1:61918 - R:localhost/127.0.0.1:1047] for POST '/session/b285661f8a71da8109a9c336f0a0210e/element'
00:35:57.337 [AsyncHttpClient-1-23] DEBUG org.asynchttpclient.netty.handler.HttpHandler - 

Request DefaultHttpRequest(decodeResult: success, version: HTTP/1.1)
POST /session/b285661f8a71da8109a9c336f0a0210e/element HTTP/1.1
User-Agent: selenium/4.12.0 (java windows)
Content-Length: 73
Content-Type: application/json; charset=utf-8
host: localhost:1047
accept: */*

Response DefaultHttpResponse(decodeResult: success, version: HTTP/1.1)
HTTP/1.1 200 OK
Content-Length: 125
Content-Type: application/json; charset=utf-8
cache-control: no-cache

00:35:57.337 [AsyncHttpClient-1-23] DEBUG org.asynchttpclient.netty.channel.ChannelManager - Adding key: http://localhost:1047 for channel [id: 0xcba68400, L:/127.0.0.1:61918 - R:localhost/127.0.0.1:1047]
00:35:57.338 [Forwarding clickElement on session b285661f8a71da8109a9c336f0a0210e to remote] DEBUG org.asynchttpclient.netty.request.NettyRequestSender - Using pooled Channel '[id: 0xcba68400, L:/127.0.0.1:61918 - R:localhost/127.0.0.1:1047]' for 'POST' to 'http://localhost:1047/session/b285661f8a71da8109a9c336f0a0210e/element/f.B65D66DBC37001BCF653A0C4E0436B08.d.819C4C7DF0699BB7085EB86B5B510E48.e.5/click'
00:35:57.338 [Forwarding clickElement on session b285661f8a71da8109a9c336f0a0210e to remote] DEBUG org.asynchttpclient.netty.request.NettyRequestSender - Using open Channel [id: 0xcba68400, L:/127.0.0.1:61918 - R:localhost/127.0.0.1:1047] for POST '/session/b285661f8a71da8109a9c336f0a0210e/element/f.B65D66DBC37001BCF653A0C4E0436B08.d.819C4C7DF0699BB7085EB86B5B510E48.e.5/click'
00:35:57.499 [AsyncHttpClient-1-23] DEBUG org.asynchttpclient.netty.handler.HttpHandler - 

Request DefaultHttpRequest(decodeResult: success, version: HTTP/1.1)
POST /session/b285661f8a71da8109a9c336f0a0210e/element/f.B65D66DBC37001BCF653A0C4E0436B08.d.819C4C7DF0699BB7085EB86B5B510E48.e.5/click HTTP/1.1
User-Agent: selenium/4.12.0 (java windows)
Content-Length: 87
Content-Type: application/json; charset=utf-8
host: localhost:1047
accept: */*

Response DefaultHttpResponse(decodeResult: success, version: HTTP/1.1)
HTTP/1.1 200 OK
Content-Length: 14
Content-Type: application/json; charset=utf-8
cache-control: no-cache

00:35:57.499 [AsyncHttpClient-1-23] DEBUG org.asynchttpclient.netty.channel.ChannelManager - Adding key: http://localhost:1047 for channel [id: 0xcba68400, L:/127.0.0.1:61918 - R:localhost/127.0.0.1:1047]
00:35:58.322 [AsyncHttpClient-1-1] DEBUG org.asynchttpclient.netty.channel.DefaultChannelPool - Entry count for : http://localhost:1047 : 1
00:35:58.322 [AsyncHttpClient-1-1] DEBUG org.asynchttpclient.netty.channel.DefaultChannelPool - Entry count for : http://localhost:47969 : 1
00:35:58.322 [AsyncHttpClient-1-1] DEBUG org.asynchttpclient.netty.channel.DefaultChannelPool - Entry count for : http://localhost:61919 : 1
00:35:58.322 [AsyncHttpClient-1-1] DEBUG org.asynchttpclient.netty.channel.DefaultChannelPool - Entry count for : http://localhost:61825 : 1
00:35:59.423 [AsyncHttpClient-1-1] DEBUG org.asynchttpclient.netty.channel.DefaultChannelPool - Entry count for : http://localhost:1047 : 1
00:35:59.423 [AsyncHttpClient-1-1] DEBUG org.asynchttpclient.netty.channel.DefaultChannelPool - Entry count for : http://localhost:47969 : 1
00:35:59.423 [AsyncHttpClient-1-1] DEBUG org.asynchttpclient.netty.channel.DefaultChannelPool - Entry count for : http://localhost:61919 : 1
00:35:59.423 [AsyncHttpClient-1-1] DEBUG org.asynchttpclient.netty.channel.DefaultChannelPool - Entry count for : http://localhost:61825 : 1
00:36:00.518 [AsyncHttpClient-1-1] DEBUG org.asynchttpclient.netty.channel.DefaultChannelPool - Entry count for : http://localhost:1047 : 1
00:36:00.518 [AsyncHttpClient-1-1] DEBUG org.asynchttpclient.netty.channel.DefaultChannelPool - Entry count for : http://localhost:47969 : 1
00:36:00.518 [AsyncHttpClient-1-1] DEBUG org.asynchttpclient.netty.channel.DefaultChannelPool - Entry count for : http://localhost:61919 : 1
00:36:00.518 [AsyncHttpClient-1-1] DEBUG org.asynchttpclient.netty.channel.DefaultChannelPool - Entry count for : http://localhost:61825 : 1
00:36:01.619 [AsyncHttpClient-1-1] DEBUG org.asynchttpclient.netty.channel.DefaultChannelPool - Entry count for : http://localhost:1047 : 1
00:36:01.619 [AsyncHttpClient-1-1] DEBUG org.asynchttpclient.netty.channel.DefaultChannelPool - Entry count for : http://localhost:47969 : 1
00:36:01.619 [AsyncHttpClient-1-1] DEBUG org.asynchttpclient.netty.channel.DefaultChannelPool - Entry count for : http://localhost:61919 : 1
00:36:01.619 [AsyncHttpClient-1-1] DEBUG org.asynchttpclient.netty.channel.DefaultChannelPool - Entry count for : http://localhost:61825 : 1
  And Tap on submit button-test                  # StepDefination.Signin.tap_on_submit_button()
00:36:02.517 [Forwarding getCurrentUrl on session b285661f8a71da8109a9c336f0a0210e to remote] DEBUG org.asynchttpclient.netty.request.NettyRequestSender - Using pooled Channel '[id: 0xcba68400, L:/127.0.0.1:61918 - R:localhost/127.0.0.1:1047]' for 'GET' to 'http://localhost:1047/session/b285661f8a71da8109a9c336f0a0210e/url'
00:36:02.517 [Forwarding getCurrentUrl on session b285661f8a71da8109a9c336f0a0210e to remote] DEBUG org.asynchttpclient.netty.request.NettyRequestSender - Using open Channel [id: 0xcba68400, L:/127.0.0.1:61918 - R:localhost/127.0.0.1:1047] for GET '/session/b285661f8a71da8109a9c336f0a0210e/url'
00:36:02.533 [AsyncHttpClient-1-23] DEBUG org.asynchttpclient.netty.handler.HttpHandler - 

Request DefaultFullHttpRequest(decodeResult: success, version: HTTP/1.1, content: EmptyByteBufBE)
GET /session/b285661f8a71da8109a9c336f0a0210e/url HTTP/1.1
Cache-Control: no-cache
User-Agent: selenium/4.12.0 (java windows)
Content-Type: application/json; charset=utf-8
host: localhost:1047
accept: */*

Response DefaultHttpResponse(decodeResult: success, version: HTTP/1.1)
HTTP/1.1 200 OK
Content-Length: 69
Content-Type: application/json; charset=utf-8
cache-control: no-cache

00:36:02.533 [AsyncHttpClient-1-23] DEBUG org.asynchttpclient.netty.channel.ChannelManager - Adding key: http://localhost:1047 for channel [id: 0xcba68400, L:/127.0.0.1:61918 - R:localhost/127.0.0.1:1047]
https://fleet-manager-development.vercel.app/auth/sign-in
00:36:02.533 [Forwarding findElement on session b285661f8a71da8109a9c336f0a0210e to remote] DEBUG org.asynchttpclient.netty.request.NettyRequestSender - Using pooled Channel '[id: 0xcba68400, L:/127.0.0.1:61918 - R:localhost/127.0.0.1:1047]' for 'POST' to 'http://localhost:1047/session/b285661f8a71da8109a9c336f0a0210e/element'
00:36:02.533 [Forwarding findElement on session b285661f8a71da8109a9c336f0a0210e to remote] DEBUG org.asynchttpclient.netty.request.NettyRequestSender - Using open Channel [id: 0xcba68400, L:/127.0.0.1:61918 - R:localhost/127.0.0.1:1047] for POST '/session/b285661f8a71da8109a9c336f0a0210e/element'
00:36:02.564 [AsyncHttpClient-1-23] DEBUG org.asynchttpclient.netty.handler.HttpHandler - 

Request DefaultHttpRequest(decodeResult: success, version: HTTP/1.1)
POST /session/b285661f8a71da8109a9c336f0a0210e/element HTTP/1.1
User-Agent: selenium/4.12.0 (java windows)
Content-Length: 66
Content-Type: application/json; charset=utf-8
host: localhost:1047
accept: */*

Response DefaultHttpResponse(decodeResult: success, version: HTTP/1.1)
HTTP/1.1 404 Not Found
Content-Length: 1053
Content-Type: application/json; charset=utf-8
cache-control: no-cache

00:36:02.564 [AsyncHttpClient-1-23] DEBUG org.asynchttpclient.netty.channel.ChannelManager - Adding key: http://localhost:1047 for channel [id: 0xcba68400, L:/127.0.0.1:61918 - R:localhost/127.0.0.1:1047]
Faild to logged in
00:36:02.564 [Forwarding screenshot on session b285661f8a71da8109a9c336f0a0210e to remote] DEBUG org.asynchttpclient.netty.request.NettyRequestSender - Using pooled Channel '[id: 0xcba68400, L:/127.0.0.1:61918 - R:localhost/127.0.0.1:1047]' for 'GET' to 'http://localhost:1047/session/b285661f8a71da8109a9c336f0a0210e/screenshot'
00:36:02.564 [Forwarding screenshot on session b285661f8a71da8109a9c336f0a0210e to remote] DEBUG org.asynchttpclient.netty.request.NettyRequestSender - Using open Channel [id: 0xcba68400, L:/127.0.0.1:61918 - R:localhost/127.0.0.1:1047] for GET '/session/b285661f8a71da8109a9c336f0a0210e/screenshot'
00:36:02.721 [AsyncHttpClient-1-1] DEBUG org.asynchttpclient.netty.channel.DefaultChannelPool - Entry count for : http://localhost:47969 : 1
00:36:02.721 [AsyncHttpClient-1-1] DEBUG org.asynchttpclient.netty.channel.DefaultChannelPool - Entry count for : http://localhost:61919 : 1
00:36:02.721 [AsyncHttpClient-1-1] DEBUG org.asynchttpclient.netty.channel.DefaultChannelPool - Entry count for : http://localhost:61825 : 1
00:36:03.190 [AsyncHttpClient-1-23] DEBUG org.asynchttpclient.netty.handler.HttpHandler - 

Request DefaultFullHttpRequest(decodeResult: success, version: HTTP/1.1, content: EmptyByteBufBE)
GET /session/b285661f8a71da8109a9c336f0a0210e/screenshot HTTP/1.1
Cache-Control: no-cache
User-Agent: selenium/4.12.0 (java windows)
Content-Type: application/json; charset=utf-8
host: localhost:1047
accept: */*

Response DefaultHttpResponse(decodeResult: success, version: HTTP/1.1)
HTTP/1.1 200 OK
Content-Length: 1196992
Content-Type: application/json; charset=utf-8
cache-control: no-cache

00:36:03.190 [AsyncHttpClient-1-23] DEBUG org.asynchttpclient.netty.channel.ChannelManager - Adding key: http://localhost:1047 for channel [id: 0xcba68400, L:/127.0.0.1:61918 - R:localhost/127.0.0.1:1047]
  Then User should be logged in-test             # StepDefination.Signin.user_should_be_logged_in()
00:36:03.300 [Driver Command Executor] DEBUG org.asynchttpclient.netty.request.NettyRequestSender - Using pooled Channel '[id: 0xcba68400, L:/127.0.0.1:61918 - R:localhost/127.0.0.1:1047]' for 'DELETE' to 'http://localhost:1047/session/b285661f8a71da8109a9c336f0a0210e'
00:36:03.300 [AsyncHttpClient-1-25] DEBUG org.asynchttpclient.netty.handler.WebSocketHandler - Channel Closed: [id: 0x5d47f182, L:/127.0.0.1:61927 ! R:localhost/127.0.0.1:61919] with attribute DISCARD
00:36:03.300 [Driver Command Executor] DEBUG org.asynchttpclient.netty.request.NettyRequestSender - Using open Channel [id: 0xcba68400, L:/127.0.0.1:61918 - R:localhost/127.0.0.1:1047] for DELETE '/session/b285661f8a71da8109a9c336f0a0210e'
00:36:03.442 [AsyncHttpClient-1-24] DEBUG org.asynchttpclient.netty.handler.HttpHandler - Unexpected I/O exception on channel [id: 0x4f507664, L:/127.0.0.1:61926 - R:localhost/127.0.0.1:61919]
java.net.SocketException: Connection reset
	at java.base/sun.nio.ch.SocketChannelImpl.throwConnectionReset(SocketChannelImpl.java:394)
	at java.base/sun.nio.ch.SocketChannelImpl.read(SocketChannelImpl.java:426)
	at io.netty.buffer.PooledByteBuf.setBytes(PooledByteBuf.java:254)
	at io.netty.buffer.AbstractByteBuf.writeBytes(AbstractByteBuf.java:1132)
	at io.netty.channel.socket.nio.NioSocketChannel.doReadBytes(NioSocketChannel.java:357)
	at io.netty.channel.nio.AbstractNioByteChannel$NioByteUnsafe.read(AbstractNioByteChannel.java:151)
	at io.netty.channel.nio.NioEventLoop.processSelectedKey(NioEventLoop.java:788)
	at io.netty.channel.nio.NioEventLoop.processSelectedKeysOptimized(NioEventLoop.java:724)
	at io.netty.channel.nio.NioEventLoop.processSelectedKeys(NioEventLoop.java:650)
	at io.netty.channel.nio.NioEventLoop.run(NioEventLoop.java:562)
	at io.netty.util.concurrent.SingleThreadEventExecutor$4.run(SingleThreadEventExecutor.java:997)
	at io.netty.util.internal.ThreadExecutorMap$2.run(ThreadExecutorMap.java:74)
	at io.netty.util.concurrent.FastThreadLocalRunnable.run(FastThreadLocalRunnable.java:30)
	at java.base/java.lang.Thread.run(Thread.java:840)
00:36:03.442 [AsyncHttpClient-1-24] DEBUG org.asynchttpclient.netty.channel.ChannelManager - Closing Channel [id: 0x4f507664, L:/127.0.0.1:61926 - R:localhost/127.0.0.1:61919] 
00:36:03.442 [AsyncHttpClient-1-24] DEBUG org.asynchttpclient.netty.handler.HttpHandler - Channel Closed: [id: 0x4f507664, L:/127.0.0.1:61926 ! R:localhost/127.0.0.1:61919] with attribute DISCARD
00:36:03.473 [AsyncHttpClient-1-23] DEBUG org.asynchttpclient.netty.handler.HttpHandler - 

Request DefaultFullHttpRequest(decodeResult: success, version: HTTP/1.1, content: EmptyByteBufBE)
DELETE /session/b285661f8a71da8109a9c336f0a0210e HTTP/1.1
User-Agent: selenium/4.12.0 (java windows)
Content-Type: application/json; charset=utf-8
host: localhost:1047
accept: */*

Response DefaultHttpResponse(decodeResult: success, version: HTTP/1.1)
HTTP/1.1 200 OK
Content-Length: 14
Content-Type: application/json; charset=utf-8
cache-control: no-cache

00:36:03.473 [AsyncHttpClient-1-23] DEBUG org.asynchttpclient.netty.channel.ChannelManager - Adding key: http://localhost:1047 for channel [id: 0xcba68400, L:/127.0.0.1:61918 - R:localhost/127.0.0.1:1047]
00:36:03.819 [AsyncHttpClient-1-1] DEBUG org.asynchttpclient.netty.channel.DefaultChannelPool - Entry count for : http://localhost:1047 : 1
00:36:03.819 [AsyncHttpClient-1-1] DEBUG org.asynchttpclient.netty.channel.DefaultChannelPool - Entry count for : http://localhost:47969 : 1
00:36:03.819 [AsyncHttpClient-1-1] DEBUG org.asynchttpclient.netty.channel.DefaultChannelPool - Entry count for : http://localhost:61919 : 1
00:36:03.819 [AsyncHttpClient-1-1] DEBUG org.asynchttpclient.netty.channel.DefaultChannelPool - Entry count for : http://localhost:61825 : 1
00:36:03.819 [AsyncHttpClient-1-1] DEBUG org.asynchttpclient.netty.channel.DefaultChannelPool - Adding Candidate expired Channel [id: 0x4f507664, L:/127.0.0.1:61926 ! R:localhost/127.0.0.1:61919] isIdleTimeoutExpired=false isRemotelyClosed=true isTtlExpired=false
00:36:03.819 [AsyncHttpClient-1-1] DEBUG org.asynchttpclient.netty.channel.DefaultChannelPool - Closing Idle Channel [id: 0x4f507664, L:/127.0.0.1:61926 ! R:localhost/127.0.0.1:61919]
00:36:03.819 [AsyncHttpClient-1-1] DEBUG org.asynchttpclient.netty.channel.DefaultChannelPool - Closed 1 connections out of 4 in 0 ms
00:36:03.913 [AsyncHttpClient-1-23] DEBUG org.asynchttpclient.netty.handler.HttpHandler - Channel Closed: [id: 0xcba68400, L:/127.0.0.1:61918 ! R:localhost/127.0.0.1:1047] with attribute DISCARD
  And Close Window                               # StepDefination.Signin.close_window()
]]></system-out>
    <system-err><![CDATA[Jan 15, 2025 12:35:55 AM org.openqa.selenium.devtools.CdpVersionFinder findNearestMatch
WARNING: Unable to find CDP implementation matching 131
Jan 15, 2025 12:35:55 AM org.openqa.selenium.chromium.ChromiumDriver lambda$new$5
WARNING: Unable to find version of CDP to use for 131.0.6778.265. You may need to include a dependency on a specific version of the CDP using something similar to `org.seleniumhq.selenium:selenium-devtools-v86:4.12.0` where the version ("v86") matches the version of the chromium-based browser you're using and the version number of the artifact is the same as Selenium's.
]]></system-err>
  </testcase>
  <testcase name="Signin with email and password #4" classname="User sign IN" time="10.36">
    <system-out><![CDATA[
Scenario Outline: Signin with email and password # src/test/resources/Login/Login.feature:15
00:36:04.384 [AsyncHttpClient-1-2] DEBUG org.asynchttpclient.netty.channel.NettyConnectListener - Using new Channel '[id: 0xed3438e2, L:/127.0.0.1:61947 - R:localhost/127.0.0.1:32631]' for 'POST' to '/session'
00:36:04.919 [AsyncHttpClient-1-1] DEBUG org.asynchttpclient.netty.channel.DefaultChannelPool - Entry count for : http://localhost:1047 : 1
00:36:04.919 [AsyncHttpClient-1-1] DEBUG org.asynchttpclient.netty.channel.DefaultChannelPool - Entry count for : http://localhost:47969 : 1
00:36:04.919 [AsyncHttpClient-1-1] DEBUG org.asynchttpclient.netty.channel.DefaultChannelPool - Entry count for : http://localhost:61825 : 1
00:36:04.919 [AsyncHttpClient-1-1] DEBUG org.asynchttpclient.netty.channel.DefaultChannelPool - Adding Candidate expired Channel [id: 0xcba68400, L:/127.0.0.1:61918 ! R:localhost/127.0.0.1:1047] isIdleTimeoutExpired=false isRemotelyClosed=true isTtlExpired=false
00:36:04.919 [AsyncHttpClient-1-1] DEBUG org.asynchttpclient.netty.channel.DefaultChannelPool - Closing Idle Channel [id: 0xcba68400, L:/127.0.0.1:61918 ! R:localhost/127.0.0.1:1047]
00:36:04.919 [AsyncHttpClient-1-1] DEBUG org.asynchttpclient.netty.channel.DefaultChannelPool - Closed 1 connections out of 3 in 0 ms
00:36:05.675 [AsyncHttpClient-1-2] DEBUG org.asynchttpclient.netty.handler.HttpHandler - 

Request DefaultHttpRequest(decodeResult: success, version: HTTP/1.1)
POST /session HTTP/1.1
User-Agent: selenium/4.12.0 (java windows)
Content-Length: 254
Content-Type: application/json; charset=utf-8
host: localhost:32631
accept: */*

Response DefaultHttpResponse(decodeResult: success, version: HTTP/1.1)
HTTP/1.1 200 OK
Content-Length: 887
Content-Type: application/json; charset=utf-8
cache-control: no-cache

00:36:05.675 [AsyncHttpClient-1-2] DEBUG org.asynchttpclient.netty.channel.ChannelManager - Adding key: http://localhost:32631 for channel [id: 0xed3438e2, L:/127.0.0.1:61947 - R:localhost/127.0.0.1:32631]
00:36:05.694 [AsyncHttpClient-1-3] DEBUG org.asynchttpclient.netty.channel.NettyConnectListener - Using new Channel '[id: 0x0922e625, L:/127.0.0.1:61955 - R:localhost/127.0.0.1:61948]' for 'GET' to '/json/version'
00:36:05.694 [AsyncHttpClient-1-3] DEBUG org.asynchttpclient.netty.handler.HttpHandler - 

Request DefaultFullHttpRequest(decodeResult: success, version: HTTP/1.1, content: EmptyByteBufBE)
GET /json/version HTTP/1.1
User-Agent: selenium/4.12.0 (java windows)
host: localhost:61948
accept: */*

Response DefaultHttpResponse(decodeResult: success, version: HTTP/1.1)
HTTP/1.1 200 OK
Content-Security-Policy: frame-ancestors 'none'
Content-Length: 424
Content-Type: application/json; charset=UTF-8

00:36:05.694 [AsyncHttpClient-1-3] DEBUG org.asynchttpclient.netty.channel.ChannelManager - Adding key: http://localhost:61948 for channel [id: 0x0922e625, L:/127.0.0.1:61955 - R:localhost/127.0.0.1:61948]
00:36:05.700 [AsyncHttpClient-1-4] DEBUG org.asynchttpclient.netty.channel.NettyConnectListener - Using new Channel '[id: 0xd2eb77ad, L:/127.0.0.1:61956 - R:localhost/127.0.0.1:61948]' for 'GET' to '/devtools/browser/ad9935e0-10c7-4585-90cd-383baa27b71b'
00:36:05.700 [AsyncHttpClient-1-4] DEBUG org.asynchttpclient.netty.handler.WebSocketHandler - 

Request DefaultFullHttpRequest(decodeResult: success, version: HTTP/1.1, content: EmptyByteBufBE)
GET /devtools/browser/ad9935e0-10c7-4585-90cd-383baa27b71b HTTP/1.1
upgrade: websocket
connection: upgrade
sec-websocket-key: OFQCAjnebVv4Xkrm5Qcn4g==
sec-websocket-version: 13
origin: http://localhost:61948
host: localhost:61948
accept: */*
user-agent: AHC/2.1

Response DefaultHttpResponse(decodeResult: success, version: HTTP/1.1)
HTTP/1.1 101 WebSocket Protocol Handshake
Upgrade: WebSocket
Connection: Upgrade
Sec-WebSocket-Accept: qa1G3iNMkjkFTe+Ro1+Jg26cq7E=

00:36:05.709 [Forwarding get on session 611f17d744a0091626ece834bb9b9688 to remote] DEBUG org.asynchttpclient.netty.request.NettyRequestSender - Using pooled Channel '[id: 0xed3438e2, L:/127.0.0.1:61947 - R:localhost/127.0.0.1:32631]' for 'POST' to 'http://localhost:32631/session/611f17d744a0091626ece834bb9b9688/url'
00:36:05.709 [Forwarding get on session 611f17d744a0091626ece834bb9b9688 to remote] DEBUG org.asynchttpclient.netty.request.NettyRequestSender - Using open Channel [id: 0xed3438e2, L:/127.0.0.1:61947 - R:localhost/127.0.0.1:32631] for POST '/session/611f17d744a0091626ece834bb9b9688/url'
00:36:06.021 [AsyncHttpClient-1-1] DEBUG org.asynchttpclient.netty.channel.DefaultChannelPool - Entry count for : http://localhost:47969 : 1
00:36:06.021 [AsyncHttpClient-1-1] DEBUG org.asynchttpclient.netty.channel.DefaultChannelPool - Entry count for : http://localhost:61948 : 1
00:36:06.021 [AsyncHttpClient-1-1] DEBUG org.asynchttpclient.netty.channel.DefaultChannelPool - Entry count for : http://localhost:61825 : 1
00:36:07.125 [AsyncHttpClient-1-1] DEBUG org.asynchttpclient.netty.channel.DefaultChannelPool - Entry count for : http://localhost:47969 : 1
00:36:07.125 [AsyncHttpClient-1-1] DEBUG org.asynchttpclient.netty.channel.DefaultChannelPool - Entry count for : http://localhost:61948 : 1
00:36:07.125 [AsyncHttpClient-1-1] DEBUG org.asynchttpclient.netty.channel.DefaultChannelPool - Entry count for : http://localhost:61825 : 1
00:36:07.193 [AsyncHttpClient-1-2] DEBUG org.asynchttpclient.netty.handler.HttpHandler - 

Request DefaultHttpRequest(decodeResult: success, version: HTTP/1.1)
POST /session/611f17d744a0091626ece834bb9b9688/url HTTP/1.1
User-Agent: selenium/4.12.0 (java windows)
Content-Length: 92
Content-Type: application/json; charset=utf-8
host: localhost:32631
accept: */*

Response DefaultHttpResponse(decodeResult: success, version: HTTP/1.1)
HTTP/1.1 200 OK
Content-Length: 14
Content-Type: application/json; charset=utf-8
cache-control: no-cache

00:36:07.193 [AsyncHttpClient-1-2] DEBUG org.asynchttpclient.netty.channel.ChannelManager - Adding key: http://localhost:32631 for channel [id: 0xed3438e2, L:/127.0.0.1:61947 - R:localhost/127.0.0.1:32631]
00:36:07.194 [Forwarding maximizeCurrentWindow on session 611f17d744a0091626ece834bb9b9688 to remote] DEBUG org.asynchttpclient.netty.request.NettyRequestSender - Using pooled Channel '[id: 0xed3438e2, L:/127.0.0.1:61947 - R:localhost/127.0.0.1:32631]' for 'POST' to 'http://localhost:32631/session/611f17d744a0091626ece834bb9b9688/window/maximize'
00:36:07.194 [Forwarding maximizeCurrentWindow on session 611f17d744a0091626ece834bb9b9688 to remote] DEBUG org.asynchttpclient.netty.request.NettyRequestSender - Using open Channel [id: 0xed3438e2, L:/127.0.0.1:61947 - R:localhost/127.0.0.1:32631] for POST '/session/611f17d744a0091626ece834bb9b9688/window/maximize'
00:36:07.245 [AsyncHttpClient-1-2] DEBUG org.asynchttpclient.netty.handler.HttpHandler - 

Request DefaultHttpRequest(decodeResult: success, version: HTTP/1.1)
POST /session/611f17d744a0091626ece834bb9b9688/window/maximize HTTP/1.1
User-Agent: selenium/4.12.0 (java windows)
Content-Length: 3
Content-Type: application/json; charset=utf-8
host: localhost:32631
accept: */*

Response DefaultHttpResponse(decodeResult: success, version: HTTP/1.1)
HTTP/1.1 200 OK
Content-Length: 51
Content-Type: application/json; charset=utf-8
cache-control: no-cache

00:36:07.245 [AsyncHttpClient-1-2] DEBUG org.asynchttpclient.netty.channel.ChannelManager - Adding key: http://localhost:32631 for channel [id: 0xed3438e2, L:/127.0.0.1:61947 - R:localhost/127.0.0.1:32631]
  Given I have login panel-test                  # StepDefination.Signin.I_have_login_panel()
00:36:07.249 [Forwarding findElement on session 611f17d744a0091626ece834bb9b9688 to remote] DEBUG org.asynchttpclient.netty.request.NettyRequestSender - Using pooled Channel '[id: 0xed3438e2, L:/127.0.0.1:61947 - R:localhost/127.0.0.1:32631]' for 'POST' to 'http://localhost:32631/session/611f17d744a0091626ece834bb9b9688/element'
00:36:07.249 [Forwarding findElement on session 611f17d744a0091626ece834bb9b9688 to remote] DEBUG org.asynchttpclient.netty.request.NettyRequestSender - Using open Channel [id: 0xed3438e2, L:/127.0.0.1:61947 - R:localhost/127.0.0.1:32631] for POST '/session/611f17d744a0091626ece834bb9b9688/element'
00:36:07.266 [AsyncHttpClient-1-2] DEBUG org.asynchttpclient.netty.handler.HttpHandler - 

Request DefaultHttpRequest(decodeResult: success, version: HTTP/1.1)
POST /session/611f17d744a0091626ece834bb9b9688/element HTTP/1.1
User-Agent: selenium/4.12.0 (java windows)
Content-Length: 69
Content-Type: application/json; charset=utf-8
host: localhost:32631
accept: */*

Response DefaultHttpResponse(decodeResult: success, version: HTTP/1.1)
HTTP/1.1 200 OK
Content-Length: 125
Content-Type: application/json; charset=utf-8
cache-control: no-cache

00:36:07.270 [AsyncHttpClient-1-2] DEBUG org.asynchttpclient.netty.channel.ChannelManager - Adding key: http://localhost:32631 for channel [id: 0xed3438e2, L:/127.0.0.1:61947 - R:localhost/127.0.0.1:32631]
00:36:07.270 [Forwarding sendKeysToElement on session 611f17d744a0091626ece834bb9b9688 to remote] DEBUG org.asynchttpclient.netty.request.NettyRequestSender - Using pooled Channel '[id: 0xed3438e2, L:/127.0.0.1:61947 - R:localhost/127.0.0.1:32631]' for 'POST' to 'http://localhost:32631/session/611f17d744a0091626ece834bb9b9688/element/f.0094D2F82C7EC26433D92687A5FA65FB.d.53CBE177B4D56C590543858BC351D5CD.e.4/value'
00:36:07.270 [Forwarding sendKeysToElement on session 611f17d744a0091626ece834bb9b9688 to remote] DEBUG org.asynchttpclient.netty.request.NettyRequestSender - Using open Channel [id: 0xed3438e2, L:/127.0.0.1:61947 - R:localhost/127.0.0.1:32631] for POST '/session/611f17d744a0091626ece834bb9b9688/element/f.0094D2F82C7EC26433D92687A5FA65FB.d.53CBE177B4D56C590543858BC351D5CD.e.4/value'
00:36:07.481 [AsyncHttpClient-1-2] DEBUG org.asynchttpclient.netty.handler.HttpHandler - 

Request DefaultHttpRequest(decodeResult: success, version: HTTP/1.1)
POST /session/611f17d744a0091626ece834bb9b9688/element/f.0094D2F82C7EC26433D92687A5FA65FB.d.53CBE177B4D56C590543858BC351D5CD.e.4/value HTTP/1.1
User-Agent: selenium/4.12.0 (java windows)
Content-Length: 218
Content-Type: application/json; charset=utf-8
host: localhost:32631
accept: */*

Response DefaultHttpResponse(decodeResult: success, version: HTTP/1.1)
HTTP/1.1 200 OK
Content-Length: 14
Content-Type: application/json; charset=utf-8
cache-control: no-cache

00:36:07.481 [AsyncHttpClient-1-2] DEBUG org.asynchttpclient.netty.channel.ChannelManager - Adding key: http://localhost:32631 for channel [id: 0xed3438e2, L:/127.0.0.1:61947 - R:localhost/127.0.0.1:32631]
00:36:07.482 [Forwarding findElement on session 611f17d744a0091626ece834bb9b9688 to remote] DEBUG org.asynchttpclient.netty.request.NettyRequestSender - Using pooled Channel '[id: 0xed3438e2, L:/127.0.0.1:61947 - R:localhost/127.0.0.1:32631]' for 'POST' to 'http://localhost:32631/session/611f17d744a0091626ece834bb9b9688/element'
00:36:07.482 [Forwarding findElement on session 611f17d744a0091626ece834bb9b9688 to remote] DEBUG org.asynchttpclient.netty.request.NettyRequestSender - Using open Channel [id: 0xed3438e2, L:/127.0.0.1:61947 - R:localhost/127.0.0.1:32631] for POST '/session/611f17d744a0091626ece834bb9b9688/element'
00:36:07.495 [AsyncHttpClient-1-2] DEBUG org.asynchttpclient.netty.handler.HttpHandler - 

Request DefaultHttpRequest(decodeResult: success, version: HTTP/1.1)
POST /session/611f17d744a0091626ece834bb9b9688/element HTTP/1.1
User-Agent: selenium/4.12.0 (java windows)
Content-Length: 72
Content-Type: application/json; charset=utf-8
host: localhost:32631
accept: */*

Response DefaultHttpResponse(decodeResult: success, version: HTTP/1.1)
HTTP/1.1 200 OK
Content-Length: 125
Content-Type: application/json; charset=utf-8
cache-control: no-cache

00:36:07.495 [AsyncHttpClient-1-2] DEBUG org.asynchttpclient.netty.channel.ChannelManager - Adding key: http://localhost:32631 for channel [id: 0xed3438e2, L:/127.0.0.1:61947 - R:localhost/127.0.0.1:32631]
00:36:07.495 [Forwarding sendKeysToElement on session 611f17d744a0091626ece834bb9b9688 to remote] DEBUG org.asynchttpclient.netty.request.NettyRequestSender - Using pooled Channel '[id: 0xed3438e2, L:/127.0.0.1:61947 - R:localhost/127.0.0.1:32631]' for 'POST' to 'http://localhost:32631/session/611f17d744a0091626ece834bb9b9688/element/f.0094D2F82C7EC26433D92687A5FA65FB.d.53CBE177B4D56C590543858BC351D5CD.e.6/value'
00:36:07.495 [Forwarding sendKeysToElement on session 611f17d744a0091626ece834bb9b9688 to remote] DEBUG org.asynchttpclient.netty.request.NettyRequestSender - Using open Channel [id: 0xed3438e2, L:/127.0.0.1:61947 - R:localhost/127.0.0.1:32631] for POST '/session/611f17d744a0091626ece834bb9b9688/element/f.0094D2F82C7EC26433D92687A5FA65FB.d.53CBE177B4D56C590543858BC351D5CD.e.6/value'
00:36:07.705 [AsyncHttpClient-1-2] DEBUG org.asynchttpclient.netty.handler.HttpHandler - 

Request DefaultHttpRequest(decodeResult: success, version: HTTP/1.1)
POST /session/611f17d744a0091626ece834bb9b9688/element/f.0094D2F82C7EC26433D92687A5FA65FB.d.53CBE177B4D56C590543858BC351D5CD.e.6/value HTTP/1.1
User-Agent: selenium/4.12.0 (java windows)
Content-Length: 168
Content-Type: application/json; charset=utf-8
host: localhost:32631
accept: */*

Response DefaultHttpResponse(decodeResult: success, version: HTTP/1.1)
HTTP/1.1 200 OK
Content-Length: 14
Content-Type: application/json; charset=utf-8
cache-control: no-cache

00:36:07.705 [AsyncHttpClient-1-2] DEBUG org.asynchttpclient.netty.channel.ChannelManager - Adding key: http://localhost:32631 for channel [id: 0xed3438e2, L:/127.0.0.1:61947 - R:localhost/127.0.0.1:32631]
  When I provide Wrong.mail and wrong-test       # StepDefination.Signin.i_provide_id_and_password(java.lang.String,java.lang.String)
00:36:07.711 [Forwarding findElement on session 611f17d744a0091626ece834bb9b9688 to remote] DEBUG org.asynchttpclient.netty.request.NettyRequestSender - Using pooled Channel '[id: 0xed3438e2, L:/127.0.0.1:61947 - R:localhost/127.0.0.1:32631]' for 'POST' to 'http://localhost:32631/session/611f17d744a0091626ece834bb9b9688/element'
00:36:07.711 [Forwarding findElement on session 611f17d744a0091626ece834bb9b9688 to remote] DEBUG org.asynchttpclient.netty.request.NettyRequestSender - Using open Channel [id: 0xed3438e2, L:/127.0.0.1:61947 - R:localhost/127.0.0.1:32631] for POST '/session/611f17d744a0091626ece834bb9b9688/element'
00:36:07.728 [AsyncHttpClient-1-2] DEBUG org.asynchttpclient.netty.handler.HttpHandler - 

Request DefaultHttpRequest(decodeResult: success, version: HTTP/1.1)
POST /session/611f17d744a0091626ece834bb9b9688/element HTTP/1.1
User-Agent: selenium/4.12.0 (java windows)
Content-Length: 73
Content-Type: application/json; charset=utf-8
host: localhost:32631
accept: */*

Response DefaultHttpResponse(decodeResult: success, version: HTTP/1.1)
HTTP/1.1 200 OK
Content-Length: 125
Content-Type: application/json; charset=utf-8
cache-control: no-cache

00:36:07.728 [AsyncHttpClient-1-2] DEBUG org.asynchttpclient.netty.channel.ChannelManager - Adding key: http://localhost:32631 for channel [id: 0xed3438e2, L:/127.0.0.1:61947 - R:localhost/127.0.0.1:32631]
00:36:07.728 [Forwarding clickElement on session 611f17d744a0091626ece834bb9b9688 to remote] DEBUG org.asynchttpclient.netty.request.NettyRequestSender - Using pooled Channel '[id: 0xed3438e2, L:/127.0.0.1:61947 - R:localhost/127.0.0.1:32631]' for 'POST' to 'http://localhost:32631/session/611f17d744a0091626ece834bb9b9688/element/f.0094D2F82C7EC26433D92687A5FA65FB.d.53CBE177B4D56C590543858BC351D5CD.e.8/click'
00:36:07.728 [Forwarding clickElement on session 611f17d744a0091626ece834bb9b9688 to remote] DEBUG org.asynchttpclient.netty.request.NettyRequestSender - Using open Channel [id: 0xed3438e2, L:/127.0.0.1:61947 - R:localhost/127.0.0.1:32631] for POST '/session/611f17d744a0091626ece834bb9b9688/element/f.0094D2F82C7EC26433D92687A5FA65FB.d.53CBE177B4D56C590543858BC351D5CD.e.8/click'
00:36:07.903 [AsyncHttpClient-1-2] DEBUG org.asynchttpclient.netty.handler.HttpHandler - 

Request DefaultHttpRequest(decodeResult: success, version: HTTP/1.1)
POST /session/611f17d744a0091626ece834bb9b9688/element/f.0094D2F82C7EC26433D92687A5FA65FB.d.53CBE177B4D56C590543858BC351D5CD.e.8/click HTTP/1.1
User-Agent: selenium/4.12.0 (java windows)
Content-Length: 87
Content-Type: application/json; charset=utf-8
host: localhost:32631
accept: */*

Response DefaultHttpResponse(decodeResult: success, version: HTTP/1.1)
HTTP/1.1 200 OK
Content-Length: 14
Content-Type: application/json; charset=utf-8
cache-control: no-cache

00:36:07.903 [AsyncHttpClient-1-2] DEBUG org.asynchttpclient.netty.channel.ChannelManager - Adding key: http://localhost:32631 for channel [id: 0xed3438e2, L:/127.0.0.1:61947 - R:localhost/127.0.0.1:32631]
00:36:08.223 [AsyncHttpClient-1-1] DEBUG org.asynchttpclient.netty.channel.DefaultChannelPool - Entry count for : http://localhost:47969 : 1
00:36:08.223 [AsyncHttpClient-1-1] DEBUG org.asynchttpclient.netty.channel.DefaultChannelPool - Entry count for : http://localhost:32631 : 1
00:36:08.223 [AsyncHttpClient-1-1] DEBUG org.asynchttpclient.netty.channel.DefaultChannelPool - Entry count for : http://localhost:61948 : 1
00:36:08.223 [AsyncHttpClient-1-1] DEBUG org.asynchttpclient.netty.channel.DefaultChannelPool - Entry count for : http://localhost:61825 : 1
00:36:09.326 [AsyncHttpClient-1-1] DEBUG org.asynchttpclient.netty.channel.DefaultChannelPool - Entry count for : http://localhost:47969 : 1
00:36:09.326 [AsyncHttpClient-1-1] DEBUG org.asynchttpclient.netty.channel.DefaultChannelPool - Entry count for : http://localhost:32631 : 1
00:36:09.326 [AsyncHttpClient-1-1] DEBUG org.asynchttpclient.netty.channel.DefaultChannelPool - Entry count for : http://localhost:61948 : 1
00:36:09.326 [AsyncHttpClient-1-1] DEBUG org.asynchttpclient.netty.channel.DefaultChannelPool - Entry count for : http://localhost:61825 : 1
00:36:10.413 [AsyncHttpClient-1-1] DEBUG org.asynchttpclient.netty.channel.DefaultChannelPool - Entry count for : http://localhost:47969 : 1
00:36:10.413 [AsyncHttpClient-1-1] DEBUG org.asynchttpclient.netty.channel.DefaultChannelPool - Entry count for : http://localhost:32631 : 1
00:36:10.413 [AsyncHttpClient-1-1] DEBUG org.asynchttpclient.netty.channel.DefaultChannelPool - Entry count for : http://localhost:61948 : 1
00:36:10.413 [AsyncHttpClient-1-1] DEBUG org.asynchttpclient.netty.channel.DefaultChannelPool - Entry count for : http://localhost:61825 : 1
00:36:10.413 [AsyncHttpClient-1-1] DEBUG org.asynchttpclient.netty.channel.DefaultChannelPool - Adding Candidate expired Channel [id: 0xf54b8ae8, L:/127.0.0.1:61832 - R:localhost/127.0.0.1:61825] isIdleTimeoutExpired=true isRemotelyClosed=false isTtlExpired=false
00:36:10.413 [AsyncHttpClient-1-1] DEBUG org.asynchttpclient.netty.channel.DefaultChannelPool - Closing Idle Channel [id: 0xf54b8ae8, L:/127.0.0.1:61832 - R:localhost/127.0.0.1:61825]
00:36:10.413 [AsyncHttpClient-1-1] DEBUG org.asynchttpclient.netty.channel.DefaultChannelPool - Closed 1 connections out of 4 in 0 ms
00:36:10.413 [AsyncHttpClient-1-15] DEBUG org.asynchttpclient.netty.handler.HttpHandler - Channel Closed: [id: 0xf54b8ae8, L:/127.0.0.1:61832 ! R:localhost/127.0.0.1:61825] with attribute DISCARD
00:36:11.527 [AsyncHttpClient-1-1] DEBUG org.asynchttpclient.netty.channel.DefaultChannelPool - Entry count for : http://localhost:47969 : 1
00:36:11.527 [AsyncHttpClient-1-1] DEBUG org.asynchttpclient.netty.channel.DefaultChannelPool - Entry count for : http://localhost:32631 : 1
00:36:11.527 [AsyncHttpClient-1-1] DEBUG org.asynchttpclient.netty.channel.DefaultChannelPool - Entry count for : http://localhost:61948 : 1
00:36:12.618 [AsyncHttpClient-1-1] DEBUG org.asynchttpclient.netty.channel.DefaultChannelPool - Entry count for : http://localhost:47969 : 1
00:36:12.618 [AsyncHttpClient-1-1] DEBUG org.asynchttpclient.netty.channel.DefaultChannelPool - Entry count for : http://localhost:32631 : 1
00:36:12.618 [AsyncHttpClient-1-1] DEBUG org.asynchttpclient.netty.channel.DefaultChannelPool - Entry count for : http://localhost:61948 : 1
  And Tap on submit button-test                  # StepDefination.Signin.tap_on_submit_button()
00:36:12.919 [Forwarding getCurrentUrl on session 611f17d744a0091626ece834bb9b9688 to remote] DEBUG org.asynchttpclient.netty.request.NettyRequestSender - Using pooled Channel '[id: 0xed3438e2, L:/127.0.0.1:61947 - R:localhost/127.0.0.1:32631]' for 'GET' to 'http://localhost:32631/session/611f17d744a0091626ece834bb9b9688/url'
00:36:12.919 [Forwarding getCurrentUrl on session 611f17d744a0091626ece834bb9b9688 to remote] DEBUG org.asynchttpclient.netty.request.NettyRequestSender - Using open Channel [id: 0xed3438e2, L:/127.0.0.1:61947 - R:localhost/127.0.0.1:32631] for GET '/session/611f17d744a0091626ece834bb9b9688/url'
00:36:12.935 [AsyncHttpClient-1-2] DEBUG org.asynchttpclient.netty.handler.HttpHandler - 

Request DefaultFullHttpRequest(decodeResult: success, version: HTTP/1.1, content: EmptyByteBufBE)
GET /session/611f17d744a0091626ece834bb9b9688/url HTTP/1.1
Cache-Control: no-cache
User-Agent: selenium/4.12.0 (java windows)
Content-Type: application/json; charset=utf-8
host: localhost:32631
accept: */*

Response DefaultHttpResponse(decodeResult: success, version: HTTP/1.1)
HTTP/1.1 200 OK
Content-Length: 69
Content-Type: application/json; charset=utf-8
cache-control: no-cache

00:36:12.935 [AsyncHttpClient-1-2] DEBUG org.asynchttpclient.netty.channel.ChannelManager - Adding key: http://localhost:32631 for channel [id: 0xed3438e2, L:/127.0.0.1:61947 - R:localhost/127.0.0.1:32631]
https://fleet-manager-development.vercel.app/auth/sign-in
00:36:12.951 [Forwarding findElement on session 611f17d744a0091626ece834bb9b9688 to remote] DEBUG org.asynchttpclient.netty.request.NettyRequestSender - Using pooled Channel '[id: 0xed3438e2, L:/127.0.0.1:61947 - R:localhost/127.0.0.1:32631]' for 'POST' to 'http://localhost:32631/session/611f17d744a0091626ece834bb9b9688/element'
00:36:12.951 [Forwarding findElement on session 611f17d744a0091626ece834bb9b9688 to remote] DEBUG org.asynchttpclient.netty.request.NettyRequestSender - Using open Channel [id: 0xed3438e2, L:/127.0.0.1:61947 - R:localhost/127.0.0.1:32631] for POST '/session/611f17d744a0091626ece834bb9b9688/element'
00:36:12.982 [AsyncHttpClient-1-2] DEBUG org.asynchttpclient.netty.handler.HttpHandler - 

Request DefaultHttpRequest(decodeResult: success, version: HTTP/1.1)
POST /session/611f17d744a0091626ece834bb9b9688/element HTTP/1.1
User-Agent: selenium/4.12.0 (java windows)
Content-Length: 66
Content-Type: application/json; charset=utf-8
host: localhost:32631
accept: */*

Response DefaultHttpResponse(decodeResult: success, version: HTTP/1.1)
HTTP/1.1 404 Not Found
Content-Length: 1053
Content-Type: application/json; charset=utf-8
cache-control: no-cache

00:36:12.982 [AsyncHttpClient-1-2] DEBUG org.asynchttpclient.netty.channel.ChannelManager - Adding key: http://localhost:32631 for channel [id: 0xed3438e2, L:/127.0.0.1:61947 - R:localhost/127.0.0.1:32631]
Faild to logged in
00:36:12.982 [Forwarding screenshot on session 611f17d744a0091626ece834bb9b9688 to remote] DEBUG org.asynchttpclient.netty.request.NettyRequestSender - Using pooled Channel '[id: 0xed3438e2, L:/127.0.0.1:61947 - R:localhost/127.0.0.1:32631]' for 'GET' to 'http://localhost:32631/session/611f17d744a0091626ece834bb9b9688/screenshot'
00:36:12.982 [Forwarding screenshot on session 611f17d744a0091626ece834bb9b9688 to remote] DEBUG org.asynchttpclient.netty.request.NettyRequestSender - Using open Channel [id: 0xed3438e2, L:/127.0.0.1:61947 - R:localhost/127.0.0.1:32631] for GET '/session/611f17d744a0091626ece834bb9b9688/screenshot'
00:36:13.581 [AsyncHttpClient-1-2] DEBUG org.asynchttpclient.netty.handler.HttpHandler - 

Request DefaultFullHttpRequest(decodeResult: success, version: HTTP/1.1, content: EmptyByteBufBE)
GET /session/611f17d744a0091626ece834bb9b9688/screenshot HTTP/1.1
Cache-Control: no-cache
User-Agent: selenium/4.12.0 (java windows)
Content-Type: application/json; charset=utf-8
host: localhost:32631
accept: */*

Response DefaultHttpResponse(decodeResult: success, version: HTTP/1.1)
HTTP/1.1 200 OK
Content-Length: 1196996
Content-Type: application/json; charset=utf-8
cache-control: no-cache

00:36:13.581 [AsyncHttpClient-1-2] DEBUG org.asynchttpclient.netty.channel.ChannelManager - Adding key: http://localhost:32631 for channel [id: 0xed3438e2, L:/127.0.0.1:61947 - R:localhost/127.0.0.1:32631]
  Then User should be logged in-test             # StepDefination.Signin.user_should_be_logged_in()
00:36:13.658 [AsyncHttpClient-1-4] DEBUG org.asynchttpclient.netty.handler.WebSocketHandler - Channel Closed: [id: 0xd2eb77ad, L:/127.0.0.1:61956 ! R:localhost/127.0.0.1:61948] with attribute DISCARD
00:36:13.658 [Driver Command Executor] DEBUG org.asynchttpclient.netty.request.NettyRequestSender - Using pooled Channel '[id: 0xed3438e2, L:/127.0.0.1:61947 - R:localhost/127.0.0.1:32631]' for 'DELETE' to 'http://localhost:32631/session/611f17d744a0091626ece834bb9b9688'
00:36:13.658 [Driver Command Executor] DEBUG org.asynchttpclient.netty.request.NettyRequestSender - Using open Channel [id: 0xed3438e2, L:/127.0.0.1:61947 - R:localhost/127.0.0.1:32631] for DELETE '/session/611f17d744a0091626ece834bb9b9688'
00:36:13.722 [AsyncHttpClient-1-1] DEBUG org.asynchttpclient.netty.channel.DefaultChannelPool - Entry count for : http://localhost:47969 : 1
00:36:13.722 [AsyncHttpClient-1-1] DEBUG org.asynchttpclient.netty.channel.DefaultChannelPool - Entry count for : http://localhost:61948 : 1
00:36:13.782 [AsyncHttpClient-1-3] DEBUG org.asynchttpclient.netty.handler.HttpHandler - Unexpected I/O exception on channel [id: 0x0922e625, L:/127.0.0.1:61955 - R:localhost/127.0.0.1:61948]
java.net.SocketException: Connection reset
	at java.base/sun.nio.ch.SocketChannelImpl.throwConnectionReset(SocketChannelImpl.java:394)
	at java.base/sun.nio.ch.SocketChannelImpl.read(SocketChannelImpl.java:426)
	at io.netty.buffer.PooledByteBuf.setBytes(PooledByteBuf.java:254)
	at io.netty.buffer.AbstractByteBuf.writeBytes(AbstractByteBuf.java:1132)
	at io.netty.channel.socket.nio.NioSocketChannel.doReadBytes(NioSocketChannel.java:357)
	at io.netty.channel.nio.AbstractNioByteChannel$NioByteUnsafe.read(AbstractNioByteChannel.java:151)
	at io.netty.channel.nio.NioEventLoop.processSelectedKey(NioEventLoop.java:788)
	at io.netty.channel.nio.NioEventLoop.processSelectedKeysOptimized(NioEventLoop.java:724)
	at io.netty.channel.nio.NioEventLoop.processSelectedKeys(NioEventLoop.java:650)
	at io.netty.channel.nio.NioEventLoop.run(NioEventLoop.java:562)
	at io.netty.util.concurrent.SingleThreadEventExecutor$4.run(SingleThreadEventExecutor.java:997)
	at io.netty.util.internal.ThreadExecutorMap$2.run(ThreadExecutorMap.java:74)
	at io.netty.util.concurrent.FastThreadLocalRunnable.run(FastThreadLocalRunnable.java:30)
	at java.base/java.lang.Thread.run(Thread.java:840)
00:36:13.782 [AsyncHttpClient-1-3] DEBUG org.asynchttpclient.netty.channel.ChannelManager - Closing Channel [id: 0x0922e625, L:/127.0.0.1:61955 - R:localhost/127.0.0.1:61948] 
00:36:13.782 [AsyncHttpClient-1-3] DEBUG org.asynchttpclient.netty.handler.HttpHandler - Channel Closed: [id: 0x0922e625, L:/127.0.0.1:61955 ! R:localhost/127.0.0.1:61948] with attribute DISCARD
00:36:13.837 [AsyncHttpClient-1-2] DEBUG org.asynchttpclient.netty.handler.HttpHandler - 

Request DefaultFullHttpRequest(decodeResult: success, version: HTTP/1.1, content: EmptyByteBufBE)
DELETE /session/611f17d744a0091626ece834bb9b9688 HTTP/1.1
User-Agent: selenium/4.12.0 (java windows)
Content-Type: application/json; charset=utf-8
host: localhost:32631
accept: */*

Response DefaultHttpResponse(decodeResult: success, version: HTTP/1.1)
HTTP/1.1 200 OK
Content-Length: 14
Content-Type: application/json; charset=utf-8
cache-control: no-cache

00:36:13.837 [AsyncHttpClient-1-2] DEBUG org.asynchttpclient.netty.channel.ChannelManager - Adding key: http://localhost:32631 for channel [id: 0xed3438e2, L:/127.0.0.1:61947 - R:localhost/127.0.0.1:32631]
00:36:14.289 [AsyncHttpClient-1-2] DEBUG org.asynchttpclient.netty.handler.HttpHandler - Channel Closed: [id: 0xed3438e2, L:/127.0.0.1:61947 ! R:localhost/127.0.0.1:32631] with attribute DISCARD
  And Close Window                               # StepDefination.Signin.close_window()
]]></system-out>
    <system-err><![CDATA[Jan 15, 2025 12:36:05 AM org.openqa.selenium.devtools.CdpVersionFinder findNearestMatch
WARNING: Unable to find CDP implementation matching 131
Jan 15, 2025 12:36:05 AM org.openqa.selenium.chromium.ChromiumDriver lambda$new$5
WARNING: Unable to find version of CDP to use for 131.0.6778.265. You may need to include a dependency on a specific version of the CDP using something similar to `org.seleniumhq.selenium:selenium-devtools-v86:4.12.0` where the version ("v86") matches the version of the chromium-based browser you're using and the version number of the artifact is the same as Selenium's.
]]></system-err>
  </testcase>
</testsuite>