<?xml version="1.0" encoding="UTF-8"?>
<testsuite xmlns:xsi="http://www.w3.org/2001/XMLSchema-instance" xsi:noNamespaceSchemaLocation="https://maven.apache.org/surefire/maven-surefire-plugin/xsd/surefire-test-report.xsd" version="3.0.2" name="Test_runner.Run_file" time="70.266" tests="2" errors="2" skipped="0" failures="0">
  <properties>
    <property name="java.specification.version" value="17"/>
    <property name="sun.cpu.isalist" value="amd64"/>
    <property name="sun.jnu.encoding" value="Cp1252"/>
    <property name="java.class.path" value="C:\Users\Aniket Satpute\eclipse-workspace\FleetProject\target\test-classes;C:\Users\Aniket Satpute\eclipse-workspace\FleetProject\target\classes;C:\Users\Aniket Satpute\.m2\repository\io\cucumber\cucumber-java\7.18.1\cucumber-java-7.18.1.jar;C:\Users\Aniket Satpute\.m2\repository\io\cucumber\cucumber-core\7.18.1\cucumber-core-7.18.1.jar;C:\Users\Aniket Satpute\.m2\repository\io\cucumber\cucumber-gherkin\7.18.1\cucumber-gherkin-7.18.1.jar;C:\Users\Aniket Satpute\.m2\repository\io\cucumber\cucumber-gherkin-messages\7.18.1\cucumber-gherkin-messages-7.18.1.jar;C:\Users\Aniket Satpute\.m2\repository\io\cucumber\gherkin\28.0.0\gherkin-28.0.0.jar;C:\Users\Aniket Satpute\.m2\repository\io\cucumber\messages\24.1.0\messages-24.1.0.jar;C:\Users\Aniket Satpute\.m2\repository\io\cucumber\testng-xml-formatter\0.2.0\testng-xml-formatter-0.2.0.jar;C:\Users\Aniket Satpute\.m2\repository\io\cucumber\query\12.2.0\query-12.2.0.jar;C:\Users\Aniket Satpute\.m2\repository\io\cucumber\tag-expressions\6.1.0\tag-expressions-6.1.0.jar;C:\Users\Aniket Satpute\.m2\repository\io\cucumber\cucumber-expressions\17.1.0\cucumber-expressions-17.1.0.jar;C:\Users\Aniket Satpute\.m2\repository\io\cucumber\datatable\7.18.1\datatable-7.18.1.jar;C:\Users\Aniket Satpute\.m2\repository\io\cucumber\cucumber-plugin\7.18.1\cucumber-plugin-7.18.1.jar;C:\Users\Aniket Satpute\.m2\repository\io\cucumber\docstring\7.18.1\docstring-7.18.1.jar;C:\Users\Aniket Satpute\.m2\repository\io\cucumber\html-formatter\21.4.1\html-formatter-21.4.1.jar;C:\Users\Aniket Satpute\.m2\repository\io\cucumber\junit-xml-formatter\0.5.0\junit-xml-formatter-0.5.0.jar;C:\Users\Aniket Satpute\.m2\repository\io\cucumber\ci-environment\10.0.1\ci-environment-10.0.1.jar;C:\Users\Aniket Satpute\.m2\repository\org\apiguardian\apiguardian-api\1.1.2\apiguardian-api-1.1.2.jar;C:\Users\Aniket Satpute\.m2\repository\junit\junit\4.13.1\junit-4.13.1.jar;C:\Users\Aniket Satpute\.m2\repository\org\hamcrest\hamcrest-core\1.3\hamcrest-core-1.3.jar;C:\Users\Aniket Satpute\.m2\repository\io\cucumber\cucumber-junit\7.18.1\cucumber-junit-7.18.1.jar;C:\Users\Aniket Satpute\.m2\repository\org\seleniumhq\selenium\selenium-java\4.12.0\selenium-java-4.12.0.jar;C:\Users\Aniket Satpute\.m2\repository\org\seleniumhq\selenium\selenium-api\4.12.0\selenium-api-4.12.0.jar;C:\Users\Aniket Satpute\.m2\repository\org\seleniumhq\selenium\selenium-chrome-driver\4.12.0\selenium-chrome-driver-4.12.0.jar;C:\Users\Aniket Satpute\.m2\repository\com\google\auto\service\auto-service-annotations\1.1.1\auto-service-annotations-1.1.1.jar;C:\Users\Aniket Satpute\.m2\repository\com\google\guava\guava\32.1.2-jre\guava-32.1.2-jre.jar;C:\Users\Aniket Satpute\.m2\repository\com\google\guava\failureaccess\1.0.1\failureaccess-1.0.1.jar;C:\Users\Aniket Satpute\.m2\repository\com\google\guava\listenablefuture\9999.0-empty-to-avoid-conflict-with-guava\listenablefuture-9999.0-empty-to-avoid-conflict-with-guava.jar;C:\Users\Aniket Satpute\.m2\repository\com\google\code\findbugs\jsr305\3.0.2\jsr305-3.0.2.jar;C:\Users\Aniket Satpute\.m2\repository\org\checkerframework\checker-qual\3.33.0\checker-qual-3.33.0.jar;C:\Users\Aniket Satpute\.m2\repository\com\google\errorprone\error_prone_annotations\2.18.0\error_prone_annotations-2.18.0.jar;C:\Users\Aniket Satpute\.m2\repository\com\google\j2objc\j2objc-annotations\2.8\j2objc-annotations-2.8.jar;C:\Users\Aniket Satpute\.m2\repository\org\seleniumhq\selenium\selenium-chromium-driver\4.12.0\selenium-chromium-driver-4.12.0.jar;C:\Users\Aniket Satpute\.m2\repository\org\seleniumhq\selenium\selenium-json\4.12.0\selenium-json-4.12.0.jar;C:\Users\Aniket Satpute\.m2\repository\org\seleniumhq\selenium\selenium-manager\4.12.0\selenium-manager-4.12.0.jar;C:\Users\Aniket Satpute\.m2\repository\org\seleniumhq\selenium\selenium-devtools-v114\4.12.0\selenium-devtools-v114-4.12.0.jar;C:\Users\Aniket Satpute\.m2\repository\org\seleniumhq\selenium\selenium-devtools-v115\4.12.0\selenium-devtools-v115-4.12.0.jar;C:\Users\Aniket Satpute\.m2\repository\org\seleniumhq\selenium\selenium-devtools-v116\4.12.0\selenium-devtools-v116-4.12.0.jar;C:\Users\Aniket Satpute\.m2\repository\org\seleniumhq\selenium\selenium-devtools-v85\4.12.0\selenium-devtools-v85-4.12.0.jar;C:\Users\Aniket Satpute\.m2\repository\org\seleniumhq\selenium\selenium-edge-driver\4.12.0\selenium-edge-driver-4.12.0.jar;C:\Users\Aniket Satpute\.m2\repository\org\seleniumhq\selenium\selenium-firefox-driver\4.12.0\selenium-firefox-driver-4.12.0.jar;C:\Users\Aniket Satpute\.m2\repository\org\seleniumhq\selenium\selenium-http\4.12.0\selenium-http-4.12.0.jar;C:\Users\Aniket Satpute\.m2\repository\dev\failsafe\failsafe\3.3.2\failsafe-3.3.2.jar;C:\Users\Aniket Satpute\.m2\repository\org\seleniumhq\selenium\selenium-ie-driver\4.12.0\selenium-ie-driver-4.12.0.jar;C:\Users\Aniket Satpute\.m2\repository\org\seleniumhq\selenium\selenium-remote-driver\4.12.0\selenium-remote-driver-4.12.0.jar;C:\Users\Aniket Satpute\.m2\repository\io\netty\netty-buffer\4.1.96.Final\netty-buffer-4.1.96.Final.jar;C:\Users\Aniket Satpute\.m2\repository\io\netty\netty-codec-http\4.1.96.Final\netty-codec-http-4.1.96.Final.jar;C:\Users\Aniket Satpute\.m2\repository\io\netty\netty-codec\4.1.96.Final\netty-codec-4.1.96.Final.jar;C:\Users\Aniket Satpute\.m2\repository\io\netty\netty-handler\4.1.96.Final\netty-handler-4.1.96.Final.jar;C:\Users\Aniket Satpute\.m2\repository\io\netty\netty-common\4.1.96.Final\netty-common-4.1.96.Final.jar;C:\Users\Aniket Satpute\.m2\repository\io\netty\netty-transport-classes-epoll\4.1.96.Final\netty-transport-classes-epoll-4.1.96.Final.jar;C:\Users\Aniket Satpute\.m2\repository\io\netty\netty-transport-classes-kqueue\4.1.96.Final\netty-transport-classes-kqueue-4.1.96.Final.jar;C:\Users\Aniket Satpute\.m2\repository\io\netty\netty-transport-native-epoll\4.1.96.Final\netty-transport-native-epoll-4.1.96.Final.jar;C:\Users\Aniket Satpute\.m2\repository\io\netty\netty-transport-native-kqueue\4.1.96.Final\netty-transport-native-kqueue-4.1.96.Final.jar;C:\Users\Aniket Satpute\.m2\repository\io\netty\netty-transport-native-unix-common\4.1.96.Final\netty-transport-native-unix-common-4.1.96.Final.jar;C:\Users\Aniket Satpute\.m2\repository\io\netty\netty-transport\4.1.96.Final\netty-transport-4.1.96.Final.jar;C:\Users\Aniket Satpute\.m2\repository\io\netty\netty-resolver\4.1.96.Final\netty-resolver-4.1.96.Final.jar;C:\Users\Aniket Satpute\.m2\repository\io\opentelemetry\opentelemetry-api\1.28.0\opentelemetry-api-1.28.0.jar;C:\Users\Aniket Satpute\.m2\repository\io\opentelemetry\opentelemetry-context\1.28.0\opentelemetry-context-1.28.0.jar;C:\Users\Aniket Satpute\.m2\repository\io\opentelemetry\opentelemetry-exporter-logging\1.28.0\opentelemetry-exporter-logging-1.28.0.jar;C:\Users\Aniket Satpute\.m2\repository\io\opentelemetry\opentelemetry-sdk-metrics\1.28.0\opentelemetry-sdk-metrics-1.28.0.jar;C:\Users\Aniket Satpute\.m2\repository\io\opentelemetry\opentelemetry-extension-incubator\1.28.0-alpha\opentelemetry-extension-incubator-1.28.0-alpha.jar;C:\Users\Aniket Satpute\.m2\repository\io\opentelemetry\opentelemetry-sdk-logs\1.28.0\opentelemetry-sdk-logs-1.28.0.jar;C:\Users\Aniket Satpute\.m2\repository\io\opentelemetry\opentelemetry-sdk-common\1.28.0\opentelemetry-sdk-common-1.28.0.jar;C:\Users\Aniket Satpute\.m2\repository\io\opentelemetry\opentelemetry-sdk-extension-autoconfigure-spi\1.28.0\opentelemetry-sdk-extension-autoconfigure-spi-1.28.0.jar;C:\Users\Aniket Satpute\.m2\repository\io\opentelemetry\opentelemetry-sdk-extension-autoconfigure\1.28.0\opentelemetry-sdk-extension-autoconfigure-1.28.0.jar;C:\Users\Aniket Satpute\.m2\repository\io\opentelemetry\opentelemetry-api-events\1.28.0-alpha\opentelemetry-api-events-1.28.0-alpha.jar;C:\Users\Aniket Satpute\.m2\repository\io\opentelemetry\opentelemetry-sdk-trace\1.28.0\opentelemetry-sdk-trace-1.28.0.jar;C:\Users\Aniket Satpute\.m2\repository\io\opentelemetry\opentelemetry-sdk\1.28.0\opentelemetry-sdk-1.28.0.jar;C:\Users\Aniket Satpute\.m2\repository\io\opentelemetry\opentelemetry-semconv\1.28.0-alpha\opentelemetry-semconv-1.28.0-alpha.jar;C:\Users\Aniket Satpute\.m2\repository\net\bytebuddy\byte-buddy\1.14.5\byte-buddy-1.14.5.jar;C:\Users\Aniket Satpute\.m2\repository\org\asynchttpclient\async-http-client\2.12.3\async-http-client-2.12.3.jar;C:\Users\Aniket Satpute\.m2\repository\org\asynchttpclient\async-http-client-netty-utils\2.12.3\async-http-client-netty-utils-2.12.3.jar;C:\Users\Aniket Satpute\.m2\repository\io\netty\netty-codec-socks\4.1.60.Final\netty-codec-socks-4.1.60.Final.jar;C:\Users\Aniket Satpute\.m2\repository\io\netty\netty-handler-proxy\4.1.60.Final\netty-handler-proxy-4.1.60.Final.jar;C:\Users\Aniket Satpute\.m2\repository\io\netty\netty-transport-native-epoll\4.1.60.Final\netty-transport-native-epoll-4.1.60.Final-linux-x86_64.jar;C:\Users\Aniket Satpute\.m2\repository\io\netty\netty-transport-native-kqueue\4.1.60.Final\netty-transport-native-kqueue-4.1.60.Final-osx-x86_64.jar;C:\Users\Aniket Satpute\.m2\repository\org\reactivestreams\reactive-streams\1.0.3\reactive-streams-1.0.3.jar;C:\Users\Aniket Satpute\.m2\repository\com\typesafe\netty\netty-reactive-streams\2.0.4\netty-reactive-streams-2.0.4.jar;C:\Users\Aniket Satpute\.m2\repository\com\sun\activation\jakarta.activation\1.2.2\jakarta.activation-1.2.2.jar;C:\Users\Aniket Satpute\.m2\repository\org\seleniumhq\selenium\selenium-os\4.12.0\selenium-os-4.12.0.jar;C:\Users\Aniket Satpute\.m2\repository\org\apache\commons\commons-exec\1.3\commons-exec-1.3.jar;C:\Users\Aniket Satpute\.m2\repository\org\seleniumhq\selenium\selenium-safari-driver\4.12.0\selenium-safari-driver-4.12.0.jar;C:\Users\Aniket Satpute\.m2\repository\org\seleniumhq\selenium\selenium-support\4.12.0\selenium-support-4.12.0.jar;C:\Users\Aniket Satpute\.m2\repository\ch\qos\logback\logback-classic\1.2.11\logback-classic-1.2.11.jar;C:\Users\Aniket Satpute\.m2\repository\ch\qos\logback\logback-core\1.2.11\logback-core-1.2.11.jar;C:\Users\Aniket Satpute\.m2\repository\org\slf4j\slf4j-simple\2.0.9\slf4j-simple-2.0.9.jar;C:\Users\Aniket Satpute\.m2\repository\org\slf4j\slf4j-api\1.7.36\slf4j-api-1.7.36.jar;C:\Users\Aniket Satpute\.m2\repository\com\github\javafaker\javafaker\1.0.2\javafaker-1.0.2.jar;C:\Users\Aniket Satpute\.m2\repository\org\apache\commons\commons-lang3\3.5\commons-lang3-3.5.jar;C:\Users\Aniket Satpute\.m2\repository\com\github\mifmif\generex\1.0.2\generex-1.0.2.jar;C:\Users\Aniket Satpute\.m2\repository\dk\brics\automaton\automaton\1.11-8\automaton-1.11-8.jar;C:\Users\Aniket Satpute\.m2\repository\API_testing\API_testing\0.0.1-SNAPSHOT\API_testing-0.0.1-SNAPSHOT.jar;C:\Users\Aniket Satpute\.m2\repository\io\rest-assured\json-schema-validator\5.4.0\json-schema-validator-5.4.0.jar;C:\Users\Aniket Satpute\.m2\repository\com\github\java-json-tools\json-schema-validator\2.2.14\json-schema-validator-2.2.14.jar;C:\Users\Aniket Satpute\.m2\repository\com\github\java-json-tools\jackson-coreutils-equivalence\1.0\jackson-coreutils-equivalence-1.0.jar;C:\Users\Aniket Satpute\.m2\repository\com\fasterxml\jackson\core\jackson-databind\2.11.0\jackson-databind-2.11.0.jar;C:\Users\Aniket Satpute\.m2\repository\com\fasterxml\jackson\core\jackson-annotations\2.11.0\jackson-annotations-2.11.0.jar;C:\Users\Aniket Satpute\.m2\repository\com\fasterxml\jackson\core\jackson-core\2.11.0\jackson-core-2.11.0.jar;C:\Users\Aniket Satpute\.m2\repository\com\github\java-json-tools\jackson-coreutils\2.0\jackson-coreutils-2.0.jar;C:\Users\Aniket Satpute\.m2\repository\com\github\java-json-tools\msg-simple\1.2\msg-simple-1.2.jar;C:\Users\Aniket Satpute\.m2\repository\com\github\java-json-tools\btf\1.3\btf-1.3.jar;C:\Users\Aniket Satpute\.m2\repository\com\github\java-json-tools\json-schema-core\1.2.14\json-schema-core-1.2.14.jar;C:\Users\Aniket Satpute\.m2\repository\com\github\java-json-tools\uri-template\0.10\uri-template-0.10.jar;C:\Users\Aniket Satpute\.m2\repository\org\mozilla\rhino\1.7.7.2\rhino-1.7.7.2.jar;C:\Users\Aniket Satpute\.m2\repository\com\sun\mail\mailapi\1.6.2\mailapi-1.6.2.jar;C:\Users\Aniket Satpute\.m2\repository\joda-time\joda-time\2.10.5\joda-time-2.10.5.jar;C:\Users\Aniket Satpute\.m2\repository\com\googlecode\libphonenumber\libphonenumber\8.11.1\libphonenumber-8.11.1.jar;C:\Users\Aniket Satpute\.m2\repository\net\sf\jopt-simple\jopt-simple\5.0.4\jopt-simple-5.0.4.jar;C:\Users\Aniket Satpute\.m2\repository\org\hamcrest\hamcrest\2.2\hamcrest-2.2.jar;C:\Users\Aniket Satpute\.m2\repository\io\rest-assured\xml-path\5.4.0\xml-path-5.4.0.jar;C:\Users\Aniket Satpute\.m2\repository\org\apache\groovy\groovy-xml\4.0.16\groovy-xml-4.0.16.jar;C:\Users\Aniket Satpute\.m2\repository\org\apache\groovy\groovy\4.0.16\groovy-4.0.16.jar;C:\Users\Aniket Satpute\.m2\repository\io\rest-assured\rest-assured-common\5.4.0\rest-assured-common-5.4.0.jar;C:\Users\Aniket Satpute\.m2\repository\org\ccil\cowan\tagsoup\tagsoup\1.2.1\tagsoup-1.2.1.jar;C:\Users\Aniket Satpute\.m2\repository\org\apache\logging\log4j\log4j-slf4j-impl\2.20.0\log4j-slf4j-impl-2.20.0.jar;C:\Users\Aniket Satpute\.m2\repository\org\apache\logging\log4j\log4j-api\2.20.0\log4j-api-2.20.0.jar;C:\Users\Aniket Satpute\.m2\repository\org\apache\logging\log4j\log4j-core\2.20.0\log4j-core-2.20.0.jar;"/>
    <property name="java.vm.vendor" value="Eclipse Adoptium"/>
    <property name="sun.arch.data.model" value="64"/>
    <property name="user.variant" value=""/>
    <property name="java.vendor.url" value="https://adoptium.net/"/>
    <property name="user.timezone" value="Asia/Calcutta"/>
    <property name="os.name" value="Windows 11"/>
    <property name="java.vm.specification.version" value="17"/>
    <property name="sun.java.launcher" value="SUN_STANDARD"/>
    <property name="user.country" value="IN"/>
    <property name="sun.boot.library.path" value="C:\Users\Aniket Satpute\.p2\pool\plugins\org.eclipse.justj.openjdk.hotspot.jre.full.win32.x86_64_17.0.11.v20240426-1830\jre\bin"/>
    <property name="sun.java.command" value="C:\Users\Aniket Satpute\AppData\Local\Temp\surefire1299630140101297155\surefirebooter-20250118210842659_3.jar C:\Users\Aniket Satpute\AppData\Local\Temp\surefire1299630140101297155 2025-01-18T21-08-42_437-jvmRun1 surefire-20250118210842659_1tmp surefire_0-20250118210842659_2tmp"/>
    <property name="jdk.debug" value="release"/>
    <property name="surefire.test.class.path" value="C:\Users\Aniket Satpute\eclipse-workspace\FleetProject\target\test-classes;C:\Users\Aniket Satpute\eclipse-workspace\FleetProject\target\classes;C:\Users\Aniket Satpute\.m2\repository\io\cucumber\cucumber-java\7.18.1\cucumber-java-7.18.1.jar;C:\Users\Aniket Satpute\.m2\repository\io\cucumber\cucumber-core\7.18.1\cucumber-core-7.18.1.jar;C:\Users\Aniket Satpute\.m2\repository\io\cucumber\cucumber-gherkin\7.18.1\cucumber-gherkin-7.18.1.jar;C:\Users\Aniket Satpute\.m2\repository\io\cucumber\cucumber-gherkin-messages\7.18.1\cucumber-gherkin-messages-7.18.1.jar;C:\Users\Aniket Satpute\.m2\repository\io\cucumber\gherkin\28.0.0\gherkin-28.0.0.jar;C:\Users\Aniket Satpute\.m2\repository\io\cucumber\messages\24.1.0\messages-24.1.0.jar;C:\Users\Aniket Satpute\.m2\repository\io\cucumber\testng-xml-formatter\0.2.0\testng-xml-formatter-0.2.0.jar;C:\Users\Aniket Satpute\.m2\repository\io\cucumber\query\12.2.0\query-12.2.0.jar;C:\Users\Aniket Satpute\.m2\repository\io\cucumber\tag-expressions\6.1.0\tag-expressions-6.1.0.jar;C:\Users\Aniket Satpute\.m2\repository\io\cucumber\cucumber-expressions\17.1.0\cucumber-expressions-17.1.0.jar;C:\Users\Aniket Satpute\.m2\repository\io\cucumber\datatable\7.18.1\datatable-7.18.1.jar;C:\Users\Aniket Satpute\.m2\repository\io\cucumber\cucumber-plugin\7.18.1\cucumber-plugin-7.18.1.jar;C:\Users\Aniket Satpute\.m2\repository\io\cucumber\docstring\7.18.1\docstring-7.18.1.jar;C:\Users\Aniket Satpute\.m2\repository\io\cucumber\html-formatter\21.4.1\html-formatter-21.4.1.jar;C:\Users\Aniket Satpute\.m2\repository\io\cucumber\junit-xml-formatter\0.5.0\junit-xml-formatter-0.5.0.jar;C:\Users\Aniket Satpute\.m2\repository\io\cucumber\ci-environment\10.0.1\ci-environment-10.0.1.jar;C:\Users\Aniket Satpute\.m2\repository\org\apiguardian\apiguardian-api\1.1.2\apiguardian-api-1.1.2.jar;C:\Users\Aniket Satpute\.m2\repository\junit\junit\4.13.1\junit-4.13.1.jar;C:\Users\Aniket Satpute\.m2\repository\org\hamcrest\hamcrest-core\1.3\hamcrest-core-1.3.jar;C:\Users\Aniket Satpute\.m2\repository\io\cucumber\cucumber-junit\7.18.1\cucumber-junit-7.18.1.jar;C:\Users\Aniket Satpute\.m2\repository\org\seleniumhq\selenium\selenium-java\4.12.0\selenium-java-4.12.0.jar;C:\Users\Aniket Satpute\.m2\repository\org\seleniumhq\selenium\selenium-api\4.12.0\selenium-api-4.12.0.jar;C:\Users\Aniket Satpute\.m2\repository\org\seleniumhq\selenium\selenium-chrome-driver\4.12.0\selenium-chrome-driver-4.12.0.jar;C:\Users\Aniket Satpute\.m2\repository\com\google\auto\service\auto-service-annotations\1.1.1\auto-service-annotations-1.1.1.jar;C:\Users\Aniket Satpute\.m2\repository\com\google\guava\guava\32.1.2-jre\guava-32.1.2-jre.jar;C:\Users\Aniket Satpute\.m2\repository\com\google\guava\failureaccess\1.0.1\failureaccess-1.0.1.jar;C:\Users\Aniket Satpute\.m2\repository\com\google\guava\listenablefuture\9999.0-empty-to-avoid-conflict-with-guava\listenablefuture-9999.0-empty-to-avoid-conflict-with-guava.jar;C:\Users\Aniket Satpute\.m2\repository\com\google\code\findbugs\jsr305\3.0.2\jsr305-3.0.2.jar;C:\Users\Aniket Satpute\.m2\repository\org\checkerframework\checker-qual\3.33.0\checker-qual-3.33.0.jar;C:\Users\Aniket Satpute\.m2\repository\com\google\errorprone\error_prone_annotations\2.18.0\error_prone_annotations-2.18.0.jar;C:\Users\Aniket Satpute\.m2\repository\com\google\j2objc\j2objc-annotations\2.8\j2objc-annotations-2.8.jar;C:\Users\Aniket Satpute\.m2\repository\org\seleniumhq\selenium\selenium-chromium-driver\4.12.0\selenium-chromium-driver-4.12.0.jar;C:\Users\Aniket Satpute\.m2\repository\org\seleniumhq\selenium\selenium-json\4.12.0\selenium-json-4.12.0.jar;C:\Users\Aniket Satpute\.m2\repository\org\seleniumhq\selenium\selenium-manager\4.12.0\selenium-manager-4.12.0.jar;C:\Users\Aniket Satpute\.m2\repository\org\seleniumhq\selenium\selenium-devtools-v114\4.12.0\selenium-devtools-v114-4.12.0.jar;C:\Users\Aniket Satpute\.m2\repository\org\seleniumhq\selenium\selenium-devtools-v115\4.12.0\selenium-devtools-v115-4.12.0.jar;C:\Users\Aniket Satpute\.m2\repository\org\seleniumhq\selenium\selenium-devtools-v116\4.12.0\selenium-devtools-v116-4.12.0.jar;C:\Users\Aniket Satpute\.m2\repository\org\seleniumhq\selenium\selenium-devtools-v85\4.12.0\selenium-devtools-v85-4.12.0.jar;C:\Users\Aniket Satpute\.m2\repository\org\seleniumhq\selenium\selenium-edge-driver\4.12.0\selenium-edge-driver-4.12.0.jar;C:\Users\Aniket Satpute\.m2\repository\org\seleniumhq\selenium\selenium-firefox-driver\4.12.0\selenium-firefox-driver-4.12.0.jar;C:\Users\Aniket Satpute\.m2\repository\org\seleniumhq\selenium\selenium-http\4.12.0\selenium-http-4.12.0.jar;C:\Users\Aniket Satpute\.m2\repository\dev\failsafe\failsafe\3.3.2\failsafe-3.3.2.jar;C:\Users\Aniket Satpute\.m2\repository\org\seleniumhq\selenium\selenium-ie-driver\4.12.0\selenium-ie-driver-4.12.0.jar;C:\Users\Aniket Satpute\.m2\repository\org\seleniumhq\selenium\selenium-remote-driver\4.12.0\selenium-remote-driver-4.12.0.jar;C:\Users\Aniket Satpute\.m2\repository\io\netty\netty-buffer\4.1.96.Final\netty-buffer-4.1.96.Final.jar;C:\Users\Aniket Satpute\.m2\repository\io\netty\netty-codec-http\4.1.96.Final\netty-codec-http-4.1.96.Final.jar;C:\Users\Aniket Satpute\.m2\repository\io\netty\netty-codec\4.1.96.Final\netty-codec-4.1.96.Final.jar;C:\Users\Aniket Satpute\.m2\repository\io\netty\netty-handler\4.1.96.Final\netty-handler-4.1.96.Final.jar;C:\Users\Aniket Satpute\.m2\repository\io\netty\netty-common\4.1.96.Final\netty-common-4.1.96.Final.jar;C:\Users\Aniket Satpute\.m2\repository\io\netty\netty-transport-classes-epoll\4.1.96.Final\netty-transport-classes-epoll-4.1.96.Final.jar;C:\Users\Aniket Satpute\.m2\repository\io\netty\netty-transport-classes-kqueue\4.1.96.Final\netty-transport-classes-kqueue-4.1.96.Final.jar;C:\Users\Aniket Satpute\.m2\repository\io\netty\netty-transport-native-epoll\4.1.96.Final\netty-transport-native-epoll-4.1.96.Final.jar;C:\Users\Aniket Satpute\.m2\repository\io\netty\netty-transport-native-kqueue\4.1.96.Final\netty-transport-native-kqueue-4.1.96.Final.jar;C:\Users\Aniket Satpute\.m2\repository\io\netty\netty-transport-native-unix-common\4.1.96.Final\netty-transport-native-unix-common-4.1.96.Final.jar;C:\Users\Aniket Satpute\.m2\repository\io\netty\netty-transport\4.1.96.Final\netty-transport-4.1.96.Final.jar;C:\Users\Aniket Satpute\.m2\repository\io\netty\netty-resolver\4.1.96.Final\netty-resolver-4.1.96.Final.jar;C:\Users\Aniket Satpute\.m2\repository\io\opentelemetry\opentelemetry-api\1.28.0\opentelemetry-api-1.28.0.jar;C:\Users\Aniket Satpute\.m2\repository\io\opentelemetry\opentelemetry-context\1.28.0\opentelemetry-context-1.28.0.jar;C:\Users\Aniket Satpute\.m2\repository\io\opentelemetry\opentelemetry-exporter-logging\1.28.0\opentelemetry-exporter-logging-1.28.0.jar;C:\Users\Aniket Satpute\.m2\repository\io\opentelemetry\opentelemetry-sdk-metrics\1.28.0\opentelemetry-sdk-metrics-1.28.0.jar;C:\Users\Aniket Satpute\.m2\repository\io\opentelemetry\opentelemetry-extension-incubator\1.28.0-alpha\opentelemetry-extension-incubator-1.28.0-alpha.jar;C:\Users\Aniket Satpute\.m2\repository\io\opentelemetry\opentelemetry-sdk-logs\1.28.0\opentelemetry-sdk-logs-1.28.0.jar;C:\Users\Aniket Satpute\.m2\repository\io\opentelemetry\opentelemetry-sdk-common\1.28.0\opentelemetry-sdk-common-1.28.0.jar;C:\Users\Aniket Satpute\.m2\repository\io\opentelemetry\opentelemetry-sdk-extension-autoconfigure-spi\1.28.0\opentelemetry-sdk-extension-autoconfigure-spi-1.28.0.jar;C:\Users\Aniket Satpute\.m2\repository\io\opentelemetry\opentelemetry-sdk-extension-autoconfigure\1.28.0\opentelemetry-sdk-extension-autoconfigure-1.28.0.jar;C:\Users\Aniket Satpute\.m2\repository\io\opentelemetry\opentelemetry-api-events\1.28.0-alpha\opentelemetry-api-events-1.28.0-alpha.jar;C:\Users\Aniket Satpute\.m2\repository\io\opentelemetry\opentelemetry-sdk-trace\1.28.0\opentelemetry-sdk-trace-1.28.0.jar;C:\Users\Aniket Satpute\.m2\repository\io\opentelemetry\opentelemetry-sdk\1.28.0\opentelemetry-sdk-1.28.0.jar;C:\Users\Aniket Satpute\.m2\repository\io\opentelemetry\opentelemetry-semconv\1.28.0-alpha\opentelemetry-semconv-1.28.0-alpha.jar;C:\Users\Aniket Satpute\.m2\repository\net\bytebuddy\byte-buddy\1.14.5\byte-buddy-1.14.5.jar;C:\Users\Aniket Satpute\.m2\repository\org\asynchttpclient\async-http-client\2.12.3\async-http-client-2.12.3.jar;C:\Users\Aniket Satpute\.m2\repository\org\asynchttpclient\async-http-client-netty-utils\2.12.3\async-http-client-netty-utils-2.12.3.jar;C:\Users\Aniket Satpute\.m2\repository\io\netty\netty-codec-socks\4.1.60.Final\netty-codec-socks-4.1.60.Final.jar;C:\Users\Aniket Satpute\.m2\repository\io\netty\netty-handler-proxy\4.1.60.Final\netty-handler-proxy-4.1.60.Final.jar;C:\Users\Aniket Satpute\.m2\repository\io\netty\netty-transport-native-epoll\4.1.60.Final\netty-transport-native-epoll-4.1.60.Final-linux-x86_64.jar;C:\Users\Aniket Satpute\.m2\repository\io\netty\netty-transport-native-kqueue\4.1.60.Final\netty-transport-native-kqueue-4.1.60.Final-osx-x86_64.jar;C:\Users\Aniket Satpute\.m2\repository\org\reactivestreams\reactive-streams\1.0.3\reactive-streams-1.0.3.jar;C:\Users\Aniket Satpute\.m2\repository\com\typesafe\netty\netty-reactive-streams\2.0.4\netty-reactive-streams-2.0.4.jar;C:\Users\Aniket Satpute\.m2\repository\com\sun\activation\jakarta.activation\1.2.2\jakarta.activation-1.2.2.jar;C:\Users\Aniket Satpute\.m2\repository\org\seleniumhq\selenium\selenium-os\4.12.0\selenium-os-4.12.0.jar;C:\Users\Aniket Satpute\.m2\repository\org\apache\commons\commons-exec\1.3\commons-exec-1.3.jar;C:\Users\Aniket Satpute\.m2\repository\org\seleniumhq\selenium\selenium-safari-driver\4.12.0\selenium-safari-driver-4.12.0.jar;C:\Users\Aniket Satpute\.m2\repository\org\seleniumhq\selenium\selenium-support\4.12.0\selenium-support-4.12.0.jar;C:\Users\Aniket Satpute\.m2\repository\ch\qos\logback\logback-classic\1.2.11\logback-classic-1.2.11.jar;C:\Users\Aniket Satpute\.m2\repository\ch\qos\logback\logback-core\1.2.11\logback-core-1.2.11.jar;C:\Users\Aniket Satpute\.m2\repository\org\slf4j\slf4j-simple\2.0.9\slf4j-simple-2.0.9.jar;C:\Users\Aniket Satpute\.m2\repository\org\slf4j\slf4j-api\1.7.36\slf4j-api-1.7.36.jar;C:\Users\Aniket Satpute\.m2\repository\com\github\javafaker\javafaker\1.0.2\javafaker-1.0.2.jar;C:\Users\Aniket Satpute\.m2\repository\org\apache\commons\commons-lang3\3.5\commons-lang3-3.5.jar;C:\Users\Aniket Satpute\.m2\repository\com\github\mifmif\generex\1.0.2\generex-1.0.2.jar;C:\Users\Aniket Satpute\.m2\repository\dk\brics\automaton\automaton\1.11-8\automaton-1.11-8.jar;C:\Users\Aniket Satpute\.m2\repository\API_testing\API_testing\0.0.1-SNAPSHOT\API_testing-0.0.1-SNAPSHOT.jar;C:\Users\Aniket Satpute\.m2\repository\io\rest-assured\json-schema-validator\5.4.0\json-schema-validator-5.4.0.jar;C:\Users\Aniket Satpute\.m2\repository\com\github\java-json-tools\json-schema-validator\2.2.14\json-schema-validator-2.2.14.jar;C:\Users\Aniket Satpute\.m2\repository\com\github\java-json-tools\jackson-coreutils-equivalence\1.0\jackson-coreutils-equivalence-1.0.jar;C:\Users\Aniket Satpute\.m2\repository\com\fasterxml\jackson\core\jackson-databind\2.11.0\jackson-databind-2.11.0.jar;C:\Users\Aniket Satpute\.m2\repository\com\fasterxml\jackson\core\jackson-annotations\2.11.0\jackson-annotations-2.11.0.jar;C:\Users\Aniket Satpute\.m2\repository\com\fasterxml\jackson\core\jackson-core\2.11.0\jackson-core-2.11.0.jar;C:\Users\Aniket Satpute\.m2\repository\com\github\java-json-tools\jackson-coreutils\2.0\jackson-coreutils-2.0.jar;C:\Users\Aniket Satpute\.m2\repository\com\github\java-json-tools\msg-simple\1.2\msg-simple-1.2.jar;C:\Users\Aniket Satpute\.m2\repository\com\github\java-json-tools\btf\1.3\btf-1.3.jar;C:\Users\Aniket Satpute\.m2\repository\com\github\java-json-tools\json-schema-core\1.2.14\json-schema-core-1.2.14.jar;C:\Users\Aniket Satpute\.m2\repository\com\github\java-json-tools\uri-template\0.10\uri-template-0.10.jar;C:\Users\Aniket Satpute\.m2\repository\org\mozilla\rhino\1.7.7.2\rhino-1.7.7.2.jar;C:\Users\Aniket Satpute\.m2\repository\com\sun\mail\mailapi\1.6.2\mailapi-1.6.2.jar;C:\Users\Aniket Satpute\.m2\repository\joda-time\joda-time\2.10.5\joda-time-2.10.5.jar;C:\Users\Aniket Satpute\.m2\repository\com\googlecode\libphonenumber\libphonenumber\8.11.1\libphonenumber-8.11.1.jar;C:\Users\Aniket Satpute\.m2\repository\net\sf\jopt-simple\jopt-simple\5.0.4\jopt-simple-5.0.4.jar;C:\Users\Aniket Satpute\.m2\repository\org\hamcrest\hamcrest\2.2\hamcrest-2.2.jar;C:\Users\Aniket Satpute\.m2\repository\io\rest-assured\xml-path\5.4.0\xml-path-5.4.0.jar;C:\Users\Aniket Satpute\.m2\repository\org\apache\groovy\groovy-xml\4.0.16\groovy-xml-4.0.16.jar;C:\Users\Aniket Satpute\.m2\repository\org\apache\groovy\groovy\4.0.16\groovy-4.0.16.jar;C:\Users\Aniket Satpute\.m2\repository\io\rest-assured\rest-assured-common\5.4.0\rest-assured-common-5.4.0.jar;C:\Users\Aniket Satpute\.m2\repository\org\ccil\cowan\tagsoup\tagsoup\1.2.1\tagsoup-1.2.1.jar;C:\Users\Aniket Satpute\.m2\repository\org\apache\logging\log4j\log4j-slf4j-impl\2.20.0\log4j-slf4j-impl-2.20.0.jar;C:\Users\Aniket Satpute\.m2\repository\org\apache\logging\log4j\log4j-api\2.20.0\log4j-api-2.20.0.jar;C:\Users\Aniket Satpute\.m2\repository\org\apache\logging\log4j\log4j-core\2.20.0\log4j-core-2.20.0.jar;"/>
    <property name="sun.cpu.endian" value="little"/>
    <property name="user.home" value="C:\Users\Aniket Satpute"/>
    <property name="user.language" value="en"/>
    <property name="java.specification.vendor" value="Oracle Corporation"/>
    <property name="java.version.date" value="2024-04-16"/>
    <property name="java.home" value="C:\Users\Aniket Satpute\.p2\pool\plugins\org.eclipse.justj.openjdk.hotspot.jre.full.win32.x86_64_17.0.11.v20240426-1830\jre"/>
    <property name="file.separator" value="\"/>
    <property name="style.color" value="always"/>
    <property name="basedir" value="C:\Users\Aniket Satpute\eclipse-workspace\FleetProject"/>
    <property name="java.vm.compressedOopsMode" value="Zero based"/>
    <property name="line.separator" value="&#10;"/>
    <property name="java.vm.specification.vendor" value="Oracle Corporation"/>
    <property name="java.specification.name" value="Java Platform API Specification"/>
    <property name="surefire.real.class.path" value="C:\Users\Aniket Satpute\AppData\Local\Temp\surefire1299630140101297155\surefirebooter-20250118210842659_3.jar"/>
    <property name="user.script" value=""/>
    <property name="sun.management.compiler" value="HotSpot 64-Bit Tiered Compilers"/>
    <property name="java.runtime.version" value="17.0.11+9"/>
    <property name="user.name" value="Aniket Satpute"/>
    <property name="path.separator" value=";"/>
    <property name="os.version" value="10.0"/>
    <property name="java.runtime.name" value="OpenJDK Runtime Environment"/>
    <property name="file.encoding" value="Cp1252"/>
    <property name="java.vm.name" value="OpenJDK 64-Bit Server VM"/>
    <property name="java.vendor.version" value="Temurin-17.0.11+9"/>
    <property name="localRepository" value="C:\Users\Aniket Satpute\.m2\repository"/>
    <property name="java.vendor.url.bug" value="https://github.com/adoptium/adoptium-support/issues"/>
    <property name="java.io.tmpdir" value="C:\Users\ANIKET~1\AppData\Local\Temp\"/>
    <property name="java.version" value="17.0.11"/>
    <property name="user.dir" value="C:\Users\Aniket Satpute\eclipse-workspace\FleetProject"/>
    <property name="os.arch" value="amd64"/>
    <property name="java.vm.specification.name" value="Java Virtual Machine Specification"/>
    <property name="sun.os.patch.level" value=""/>
    <property name="native.encoding" value="Cp1252"/>
    <property name="java.library.path" value="C:\Users\Aniket Satpute\.p2\pool\plugins\org.eclipse.justj.openjdk.hotspot.jre.full.win32.x86_64_17.0.11.v20240426-1830\jre\bin;C:\Windows\Sun\Java\bin;C:\Windows\system32;C:\Windows;C:/Users/Aniket Satpute/.p2/pool/plugins/org.eclipse.justj.openjdk.hotspot.jre.full.win32.x86_64_17.0.11.v20240426-1830/jre/bin/server;C:/Users/Aniket Satpute/.p2/pool/plugins/org.eclipse.justj.openjdk.hotspot.jre.full.win32.x86_64_17.0.11.v20240426-1830/jre/bin;C:\Program Files\Common Files\Oracle\Java\javapath;C:\Program Files (x86)\Common Files\Oracle\Java\java8path;C:\Program Files (x86)\Common Files\Oracle\Java\javapath;C:\Python312\Scripts\;C:\Python312\;C:\Windows\system32;C:\Windows;C:\Windows\System32\Wbem;C:\Windows\System32\WindowsPowerShell\v1.0\;C:\Windows\System32\OpenSSH\;C:\Program Files (x86)\NVIDIA Corporation\PhysX\Common;C:\Program Files\NVIDIA Corporation\NVIDIA NvDLISR;C:\Program Files\Microsoft SQL Server\150\Tools\Binn\;C:\Program Files\MySQL\MySQL Server 8.0\bin;C:\ProgramData\chocolatey\bin;C:\Program Files\Java\jdk-21\bin;C:\Program Files (x86)\Java\jre1.8.0_421\bin;C:\Program Files (x86)\Java\jre1.8.0_421\bin\bin;C:\Program Files\Java\jdk-23\bin;C:\Users\Aniket Satpute\OneDrive\Desktop\javapractice\Oracle_JDK-23\bin;C:\apache-maven-3.9.9-bin\apache-maven-3.9.9\bin;C:\apache-maven-3.9.9-bin\apache-maven-3.9.9\bin;C:\apache-maven-3.9.9-bin\apache-maven-3.9.9\bin;C:\Program Files\Java\jdk-23\bin;C:\Program Files\Java\jdk-23\bin;C:\Program Files\Git\cmd;C:\Program Files\Git\bin;;C:\Windows\System32;;."/>
    <property name="java.vm.info" value="mixed mode"/>
    <property name="java.vendor" value="Eclipse Adoptium"/>
    <property name="java.vm.version" value="17.0.11+9"/>
    <property name="sun.io.unicode.encoding" value="UnicodeLittle"/>
    <property name="java.class.version" value="61.0"/>
  </properties>
  <testcase name="In Carrier Add single customer with company name and address" classname="Carrier Customer Onboarding" time="26.37">
    <error message="Cannot invoke &quot;org.openqa.selenium.WebDriver.quit()&quot; because &quot;this.Idriver&quot; is null" type="java.lang.NullPointerException"><![CDATA[java.lang.NullPointerException: Cannot invoke "org.openqa.selenium.WebDriver.quit()" because "this.Idriver" is null
	at PageObjects.Base_class.close_window(Base_class.java:52)
	at StepDefination.Signin.close_window(Signin.java:119)
	at StepDefination.My_Load.AfterAll(My_Load.java:144)
]]></error>
    <system-out><![CDATA[
Scenario Outline: In Carrier Add single customer with company name and address # src/test/resources/Customers/Carrier_Customer_Onboarding.feature:17
21:08:46.766 [main] DEBUG io.netty.util.internal.logging.InternalLoggerFactory - Using SLF4J as the default logging framework
21:08:46.775 [main] DEBUG io.netty.util.ResourceLeakDetector - -Dio.netty.leakDetection.level: simple
21:08:46.775 [main] DEBUG io.netty.util.ResourceLeakDetector - -Dio.netty.leakDetection.targetRecords: 4
21:08:46.780 [main] DEBUG io.netty.util.ResourceLeakDetectorFactory - Loaded default ResourceLeakDetector: io.netty.util.ResourceLeakDetector@595f4da5
21:08:46.799 [main] DEBUG io.netty.util.internal.PlatformDependent0 - -Dio.netty.noUnsafe: false
21:08:46.799 [main] DEBUG io.netty.util.internal.PlatformDependent0 - Java version: 17
21:08:46.801 [main] DEBUG io.netty.util.internal.PlatformDependent0 - sun.misc.Unsafe.theUnsafe: available
21:08:46.802 [main] DEBUG io.netty.util.internal.PlatformDependent0 - sun.misc.Unsafe.copyMemory: available
21:08:46.802 [main] DEBUG io.netty.util.internal.PlatformDependent0 - sun.misc.Unsafe.storeFence: available
21:08:46.803 [main] DEBUG io.netty.util.internal.PlatformDependent0 - java.nio.Buffer.address: available
21:08:46.803 [main] DEBUG io.netty.util.internal.PlatformDependent0 - direct buffer constructor: unavailable: Reflective setAccessible(true) disabled
21:08:46.804 [main] DEBUG io.netty.util.internal.PlatformDependent0 - java.nio.Bits.unaligned: available, true
21:08:46.805 [main] DEBUG io.netty.util.internal.PlatformDependent0 - jdk.internal.misc.Unsafe.allocateUninitializedArray(int): unavailable: class io.netty.util.internal.PlatformDependent0$7 cannot access class jdk.internal.misc.Unsafe (in module java.base) because module java.base does not export jdk.internal.misc to unnamed module @3b2cf7ab
21:08:46.806 [main] DEBUG io.netty.util.internal.PlatformDependent0 - java.nio.DirectByteBuffer.<init>(long, {int,long}): unavailable
21:08:46.806 [main] DEBUG io.netty.util.internal.PlatformDependent - sun.misc.Unsafe: available
21:08:46.808 [main] DEBUG io.netty.util.internal.PlatformDependent - maxDirectMemory: 4219469824 bytes (maybe)
21:08:46.808 [main] DEBUG io.netty.util.internal.PlatformDependent - -Dio.netty.tmpdir: C:\Users\ANIKET~1\AppData\Local\Temp (java.io.tmpdir)
21:08:46.808 [main] DEBUG io.netty.util.internal.PlatformDependent - -Dio.netty.bitMode: 64 (sun.arch.data.model)
21:08:46.809 [main] DEBUG io.netty.util.internal.PlatformDependent - Platform: Windows
21:08:46.809 [main] DEBUG io.netty.util.internal.PlatformDependent - -Dio.netty.maxDirectMemory: -1 bytes
21:08:46.809 [main] DEBUG io.netty.util.internal.PlatformDependent - -Dio.netty.uninitializedArrayAllocationThreshold: -1
21:08:46.810 [main] DEBUG io.netty.util.internal.CleanerJava9 - java.nio.ByteBuffer.cleaner(): available
21:08:46.810 [main] DEBUG io.netty.util.internal.PlatformDependent - -Dio.netty.noPreferDirect: false
21:08:46.817 [main] DEBUG io.netty.util.internal.PlatformDependent - org.jctools-core.MpscChunkedArrayQueue: available
21:08:46.842 [main] DEBUG io.netty.util.internal.InternalThreadLocalMap - -Dio.netty.threadLocalMap.stringBuilder.initialSize: 1024
21:08:46.842 [main] DEBUG io.netty.util.internal.InternalThreadLocalMap - -Dio.netty.threadLocalMap.stringBuilder.maxSize: 4096
21:08:47.112 [main] DEBUG io.netty.handler.ssl.JdkSslContext - Default protocols (JDK): [TLSv1.3, TLSv1.2] 
21:08:47.112 [main] DEBUG io.netty.handler.ssl.JdkSslContext - Default cipher suites (JDK): [TLS_ECDHE_ECDSA_WITH_AES_256_GCM_SHA384, TLS_ECDHE_ECDSA_WITH_AES_128_GCM_SHA256, TLS_ECDHE_RSA_WITH_AES_128_GCM_SHA256, TLS_ECDHE_RSA_WITH_AES_256_GCM_SHA384, TLS_ECDHE_RSA_WITH_AES_128_CBC_SHA, TLS_ECDHE_RSA_WITH_AES_256_CBC_SHA, TLS_RSA_WITH_AES_128_GCM_SHA256, TLS_RSA_WITH_AES_128_CBC_SHA, TLS_RSA_WITH_AES_256_CBC_SHA, TLS_AES_128_GCM_SHA256, TLS_AES_256_GCM_SHA384]
21:08:47.129 [main] DEBUG io.netty.util.concurrent.GlobalEventExecutor - -Dio.netty.globalEventExecutor.quietPeriodSeconds: 1
21:08:47.148 [main] DEBUG io.netty.channel.MultithreadEventLoopGroup - -Dio.netty.eventLoopThreads: 24
21:08:47.172 [main] DEBUG io.netty.channel.nio.NioEventLoop - -Dio.netty.noKeySetOptimization: false
21:08:47.172 [main] DEBUG io.netty.channel.nio.NioEventLoop - -Dio.netty.selectorAutoRebuildThreshold: 512
21:08:47.361 [main] DEBUG io.netty.buffer.PooledByteBufAllocator - -Dio.netty.allocator.numHeapArenas: 24
21:08:47.361 [main] DEBUG io.netty.buffer.PooledByteBufAllocator - -Dio.netty.allocator.numDirectArenas: 24
21:08:47.361 [main] DEBUG io.netty.buffer.PooledByteBufAllocator - -Dio.netty.allocator.pageSize: 8192
21:08:47.362 [main] DEBUG io.netty.buffer.PooledByteBufAllocator - -Dio.netty.allocator.maxOrder: 9
21:08:47.362 [main] DEBUG io.netty.buffer.PooledByteBufAllocator - -Dio.netty.allocator.chunkSize: 4194304
21:08:47.362 [main] DEBUG io.netty.buffer.PooledByteBufAllocator - -Dio.netty.allocator.smallCacheSize: 256
21:08:47.362 [main] DEBUG io.netty.buffer.PooledByteBufAllocator - -Dio.netty.allocator.normalCacheSize: 64
21:08:47.362 [main] DEBUG io.netty.buffer.PooledByteBufAllocator - -Dio.netty.allocator.maxCachedBufferCapacity: 32768
21:08:47.362 [main] DEBUG io.netty.buffer.PooledByteBufAllocator - -Dio.netty.allocator.cacheTrimInterval: 8192
21:08:47.362 [main] DEBUG io.netty.buffer.PooledByteBufAllocator - -Dio.netty.allocator.cacheTrimIntervalMillis: 0
21:08:47.362 [main] DEBUG io.netty.buffer.PooledByteBufAllocator - -Dio.netty.allocator.useCacheForAllThreads: false
21:08:47.363 [main] DEBUG io.netty.buffer.PooledByteBufAllocator - -Dio.netty.allocator.maxCachedByteBuffersPerChunk: 1023
21:08:47.388 [main] DEBUG io.netty.buffer.ByteBufUtil - -Dio.netty.allocator.type: pooled
21:08:47.389 [main] DEBUG io.netty.buffer.ByteBufUtil - -Dio.netty.threadLocalDirectBufferSize: 0
21:08:47.389 [main] DEBUG io.netty.buffer.ByteBufUtil - -Dio.netty.maxThreadLocalCharBufferSize: 16384
21:08:48.060 [Forwarding newSession on session null to remote] DEBUG io.netty.channel.DefaultChannelId - -Dio.netty.processId: 24112 (auto-detected)
21:08:48.062 [Forwarding newSession on session null to remote] DEBUG io.netty.util.NetUtil - -Djava.net.preferIPv4Stack: false
21:08:48.063 [Forwarding newSession on session null to remote] DEBUG io.netty.util.NetUtil - -Djava.net.preferIPv6Addresses: false
21:08:48.077 [Forwarding newSession on session null to remote] DEBUG io.netty.util.NetUtilInitializations - Loopback interface: lo (Software Loopback Interface 1, 127.0.0.1)
21:08:48.078 [Forwarding newSession on session null to remote] DEBUG io.netty.util.NetUtil - Failed to get SOMAXCONN from sysctl and file \proc\sys\net\core\somaxconn. Default: 200
21:08:48.094 [Forwarding newSession on session null to remote] DEBUG io.netty.channel.DefaultChannelId - -Dio.netty.machineId: f4:6a:dd:ff:fe:57:6c:f3 (auto-detected)
21:08:48.150 [AsyncHttpClient-1-2] DEBUG io.netty.buffer.AbstractByteBuf - -Dio.netty.buffer.checkAccessible: true
21:08:48.150 [AsyncHttpClient-1-2] DEBUG io.netty.buffer.AbstractByteBuf - -Dio.netty.buffer.checkBounds: true
21:08:48.150 [AsyncHttpClient-1-2] DEBUG io.netty.util.ResourceLeakDetectorFactory - Loaded default ResourceLeakDetector: io.netty.util.ResourceLeakDetector@33923e26
21:08:48.175 [AsyncHttpClient-1-2] DEBUG org.asynchttpclient.netty.channel.NettyConnectListener - Using new Channel '[id: 0x09b91afc, L:/127.0.0.1:50370 - R:localhost/127.0.0.1:19806]' for 'POST' to '/session'
21:08:48.195 [AsyncHttpClient-1-2] DEBUG io.netty.util.Recycler - -Dio.netty.recycler.maxCapacityPerThread: 4096
21:08:48.195 [AsyncHttpClient-1-2] DEBUG io.netty.util.Recycler - -Dio.netty.recycler.ratio: 8
21:08:48.195 [AsyncHttpClient-1-2] DEBUG io.netty.util.Recycler - -Dio.netty.recycler.chunkSize: 32
21:08:48.195 [AsyncHttpClient-1-2] DEBUG io.netty.util.Recycler - -Dio.netty.recycler.blocking: false
21:08:48.195 [AsyncHttpClient-1-2] DEBUG io.netty.util.Recycler - -Dio.netty.recycler.batchFastThreadLocalOnly: true
21:08:49.532 [AsyncHttpClient-1-2] DEBUG io.netty.handler.codec.compression.Brotli - brotli4j not in the classpath; Brotli support will be unavailable.
21:08:49.533 [AsyncHttpClient-1-2] DEBUG org.asynchttpclient.netty.handler.HttpHandler - 

Request DefaultHttpRequest(decodeResult: success, version: HTTP/1.1)
POST /session HTTP/1.1
User-Agent: selenium/4.12.0 (java windows)
Content-Length: 254
Content-Type: application/json; charset=utf-8
host: localhost:19806
accept: */*

Response DefaultHttpResponse(decodeResult: success, version: HTTP/1.1)
HTTP/1.1 200 OK
Content-Length: 887
Content-Type: application/json; charset=utf-8
cache-control: no-cache

21:08:49.541 [AsyncHttpClient-1-2] DEBUG org.asynchttpclient.netty.channel.ChannelManager - Adding key: http://localhost:19806 for channel [id: 0x09b91afc, L:/127.0.0.1:50370 - R:localhost/127.0.0.1:19806]
21:08:49.646 [AsyncHttpClient-1-3] DEBUG org.asynchttpclient.netty.channel.NettyConnectListener - Using new Channel '[id: 0x4dfc2668, L:/127.0.0.1:50378 - R:localhost/127.0.0.1:50371]' for 'GET' to '/json/version'
21:08:49.650 [AsyncHttpClient-1-3] DEBUG org.asynchttpclient.netty.handler.HttpHandler - 

Request DefaultFullHttpRequest(decodeResult: success, version: HTTP/1.1, content: EmptyByteBufBE)
GET /json/version HTTP/1.1
User-Agent: selenium/4.12.0 (java windows)
host: localhost:50371
accept: */*

Response DefaultHttpResponse(decodeResult: success, version: HTTP/1.1)
HTTP/1.1 200 OK
Content-Security-Policy: frame-ancestors 'none'
Content-Length: 424
Content-Type: application/json; charset=UTF-8

21:08:49.651 [AsyncHttpClient-1-3] DEBUG org.asynchttpclient.netty.channel.ChannelManager - Adding key: http://localhost:50371 for channel [id: 0x4dfc2668, L:/127.0.0.1:50378 - R:localhost/127.0.0.1:50371]
21:08:49.664 [main] DEBUG io.netty.util.internal.ThreadLocalRandom - -Dio.netty.initialSeedUniquifier: 0x5e7677bfd45eb494
21:08:49.671 [AsyncHttpClient-1-4] DEBUG org.asynchttpclient.netty.channel.NettyConnectListener - Using new Channel '[id: 0x483e00a1, L:/127.0.0.1:50379 - R:localhost/127.0.0.1:50371]' for 'GET' to '/devtools/browser/599e6005-2568-46c2-90ec-65f136dd08e4'
21:08:49.675 [AsyncHttpClient-1-4] DEBUG org.asynchttpclient.netty.handler.WebSocketHandler - 

Request DefaultFullHttpRequest(decodeResult: success, version: HTTP/1.1, content: EmptyByteBufBE)
GET /devtools/browser/599e6005-2568-46c2-90ec-65f136dd08e4 HTTP/1.1
upgrade: websocket
connection: upgrade
sec-websocket-key: DlxhowA8vaMS4ZTXU3xRbw==
sec-websocket-version: 13
origin: http://localhost:50371
host: localhost:50371
accept: */*
user-agent: AHC/2.1

Response DefaultHttpResponse(decodeResult: success, version: HTTP/1.1)
HTTP/1.1 101 WebSocket Protocol Handshake
Upgrade: WebSocket
Connection: Upgrade
Sec-WebSocket-Accept: BOnnWy4SMexpbWx0yLVXqDax+J8=

21:08:49.771 [Forwarding get on session c870da614a3c3c1dde2915b6f3aa1657 to remote] DEBUG org.asynchttpclient.netty.request.NettyRequestSender - Using pooled Channel '[id: 0x09b91afc, L:/127.0.0.1:50370 - R:localhost/127.0.0.1:19806]' for 'POST' to 'http://localhost:19806/session/c870da614a3c3c1dde2915b6f3aa1657/url'
21:08:49.771 [Forwarding get on session c870da614a3c3c1dde2915b6f3aa1657 to remote] DEBUG org.asynchttpclient.netty.request.NettyRequestSender - Using open Channel [id: 0x09b91afc, L:/127.0.0.1:50370 - R:localhost/127.0.0.1:19806] for POST '/session/c870da614a3c3c1dde2915b6f3aa1657/url'
21:08:50.327 [AsyncHttpClient-1-1] DEBUG org.asynchttpclient.netty.channel.DefaultChannelPool - Entry count for : http://localhost:50371 : 1
21:08:51.422 [AsyncHttpClient-1-1] DEBUG org.asynchttpclient.netty.channel.DefaultChannelPool - Entry count for : http://localhost:50371 : 1
21:08:51.874 [AsyncHttpClient-1-2] DEBUG org.asynchttpclient.netty.handler.HttpHandler - 

Request DefaultHttpRequest(decodeResult: success, version: HTTP/1.1)
POST /session/c870da614a3c3c1dde2915b6f3aa1657/url HTTP/1.1
User-Agent: selenium/4.12.0 (java windows)
Content-Length: 92
Content-Type: application/json; charset=utf-8
host: localhost:19806
accept: */*

Response DefaultHttpResponse(decodeResult: success, version: HTTP/1.1)
HTTP/1.1 200 OK
Content-Length: 14
Content-Type: application/json; charset=utf-8
cache-control: no-cache

21:08:51.875 [AsyncHttpClient-1-2] DEBUG org.asynchttpclient.netty.channel.ChannelManager - Adding key: http://localhost:19806 for channel [id: 0x09b91afc, L:/127.0.0.1:50370 - R:localhost/127.0.0.1:19806]
21:08:51.883 [Forwarding maximizeCurrentWindow on session c870da614a3c3c1dde2915b6f3aa1657 to remote] DEBUG org.asynchttpclient.netty.request.NettyRequestSender - Using pooled Channel '[id: 0x09b91afc, L:/127.0.0.1:50370 - R:localhost/127.0.0.1:19806]' for 'POST' to 'http://localhost:19806/session/c870da614a3c3c1dde2915b6f3aa1657/window/maximize'
21:08:51.883 [Forwarding maximizeCurrentWindow on session c870da614a3c3c1dde2915b6f3aa1657 to remote] DEBUG org.asynchttpclient.netty.request.NettyRequestSender - Using open Channel [id: 0x09b91afc, L:/127.0.0.1:50370 - R:localhost/127.0.0.1:19806] for POST '/session/c870da614a3c3c1dde2915b6f3aa1657/window/maximize'
21:08:51.978 [AsyncHttpClient-1-2] DEBUG org.asynchttpclient.netty.handler.HttpHandler - 

Request DefaultHttpRequest(decodeResult: success, version: HTTP/1.1)
POST /session/c870da614a3c3c1dde2915b6f3aa1657/window/maximize HTTP/1.1
User-Agent: selenium/4.12.0 (java windows)
Content-Length: 3
Content-Type: application/json; charset=utf-8
host: localhost:19806
accept: */*

Response DefaultHttpResponse(decodeResult: success, version: HTTP/1.1)
HTTP/1.1 200 OK
Content-Length: 51
Content-Type: application/json; charset=utf-8
cache-control: no-cache

21:08:51.979 [AsyncHttpClient-1-2] DEBUG org.asynchttpclient.netty.channel.ChannelManager - Adding key: http://localhost:19806 for channel [id: 0x09b91afc, L:/127.0.0.1:50370 - R:localhost/127.0.0.1:19806]
21:08:52.018 [Forwarding findElement on session c870da614a3c3c1dde2915b6f3aa1657 to remote] DEBUG org.asynchttpclient.netty.request.NettyRequestSender - Using pooled Channel '[id: 0x09b91afc, L:/127.0.0.1:50370 - R:localhost/127.0.0.1:19806]' for 'POST' to 'http://localhost:19806/session/c870da614a3c3c1dde2915b6f3aa1657/element'
21:08:52.018 [Forwarding findElement on session c870da614a3c3c1dde2915b6f3aa1657 to remote] DEBUG org.asynchttpclient.netty.request.NettyRequestSender - Using open Channel [id: 0x09b91afc, L:/127.0.0.1:50370 - R:localhost/127.0.0.1:19806] for POST '/session/c870da614a3c3c1dde2915b6f3aa1657/element'
21:08:52.038 [AsyncHttpClient-1-2] DEBUG org.asynchttpclient.netty.handler.HttpHandler - 

Request DefaultHttpRequest(decodeResult: success, version: HTTP/1.1)
POST /session/c870da614a3c3c1dde2915b6f3aa1657/element HTTP/1.1
User-Agent: selenium/4.12.0 (java windows)
Content-Length: 69
Content-Type: application/json; charset=utf-8
host: localhost:19806
accept: */*

Response DefaultHttpResponse(decodeResult: success, version: HTTP/1.1)
HTTP/1.1 200 OK
Content-Length: 125
Content-Type: application/json; charset=utf-8
cache-control: no-cache

21:08:52.038 [AsyncHttpClient-1-2] DEBUG org.asynchttpclient.netty.channel.ChannelManager - Adding key: http://localhost:19806 for channel [id: 0x09b91afc, L:/127.0.0.1:50370 - R:localhost/127.0.0.1:19806]
21:08:52.044 [Forwarding sendKeysToElement on session c870da614a3c3c1dde2915b6f3aa1657 to remote] DEBUG org.asynchttpclient.netty.request.NettyRequestSender - Using pooled Channel '[id: 0x09b91afc, L:/127.0.0.1:50370 - R:localhost/127.0.0.1:19806]' for 'POST' to 'http://localhost:19806/session/c870da614a3c3c1dde2915b6f3aa1657/element/f.62407BA39F9FCCCEAFAC2505F1805CBA.d.AF9827552F4DC521A6E55030A6B26AFB.e.4/value'
21:08:52.044 [Forwarding sendKeysToElement on session c870da614a3c3c1dde2915b6f3aa1657 to remote] DEBUG org.asynchttpclient.netty.request.NettyRequestSender - Using open Channel [id: 0x09b91afc, L:/127.0.0.1:50370 - R:localhost/127.0.0.1:19806] for POST '/session/c870da614a3c3c1dde2915b6f3aa1657/element/f.62407BA39F9FCCCEAFAC2505F1805CBA.d.AF9827552F4DC521A6E55030A6B26AFB.e.4/value'
21:08:52.236 [AsyncHttpClient-1-2] DEBUG org.asynchttpclient.netty.handler.HttpHandler - 

Request DefaultHttpRequest(decodeResult: success, version: HTTP/1.1)
POST /session/c870da614a3c3c1dde2915b6f3aa1657/element/f.62407BA39F9FCCCEAFAC2505F1805CBA.d.AF9827552F4DC521A6E55030A6B26AFB.e.4/value HTTP/1.1
User-Agent: selenium/4.12.0 (java windows)
Content-Length: 338
Content-Type: application/json; charset=utf-8
host: localhost:19806
accept: */*

Response DefaultHttpResponse(decodeResult: success, version: HTTP/1.1)
HTTP/1.1 200 OK
Content-Length: 14
Content-Type: application/json; charset=utf-8
cache-control: no-cache

21:08:52.237 [AsyncHttpClient-1-2] DEBUG org.asynchttpclient.netty.channel.ChannelManager - Adding key: http://localhost:19806 for channel [id: 0x09b91afc, L:/127.0.0.1:50370 - R:localhost/127.0.0.1:19806]
21:08:52.238 [Forwarding findElement on session c870da614a3c3c1dde2915b6f3aa1657 to remote] DEBUG org.asynchttpclient.netty.request.NettyRequestSender - Using pooled Channel '[id: 0x09b91afc, L:/127.0.0.1:50370 - R:localhost/127.0.0.1:19806]' for 'POST' to 'http://localhost:19806/session/c870da614a3c3c1dde2915b6f3aa1657/element'
21:08:52.239 [Forwarding findElement on session c870da614a3c3c1dde2915b6f3aa1657 to remote] DEBUG org.asynchttpclient.netty.request.NettyRequestSender - Using open Channel [id: 0x09b91afc, L:/127.0.0.1:50370 - R:localhost/127.0.0.1:19806] for POST '/session/c870da614a3c3c1dde2915b6f3aa1657/element'
21:08:52.250 [AsyncHttpClient-1-2] DEBUG org.asynchttpclient.netty.handler.HttpHandler - 

Request DefaultHttpRequest(decodeResult: success, version: HTTP/1.1)
POST /session/c870da614a3c3c1dde2915b6f3aa1657/element HTTP/1.1
User-Agent: selenium/4.12.0 (java windows)
Content-Length: 72
Content-Type: application/json; charset=utf-8
host: localhost:19806
accept: */*

Response DefaultHttpResponse(decodeResult: success, version: HTTP/1.1)
HTTP/1.1 200 OK
Content-Length: 125
Content-Type: application/json; charset=utf-8
cache-control: no-cache

21:08:52.251 [AsyncHttpClient-1-2] DEBUG org.asynchttpclient.netty.channel.ChannelManager - Adding key: http://localhost:19806 for channel [id: 0x09b91afc, L:/127.0.0.1:50370 - R:localhost/127.0.0.1:19806]
21:08:52.253 [Forwarding sendKeysToElement on session c870da614a3c3c1dde2915b6f3aa1657 to remote] DEBUG org.asynchttpclient.netty.request.NettyRequestSender - Using pooled Channel '[id: 0x09b91afc, L:/127.0.0.1:50370 - R:localhost/127.0.0.1:19806]' for 'POST' to 'http://localhost:19806/session/c870da614a3c3c1dde2915b6f3aa1657/element/f.62407BA39F9FCCCEAFAC2505F1805CBA.d.AF9827552F4DC521A6E55030A6B26AFB.e.6/value'
21:08:52.253 [Forwarding sendKeysToElement on session c870da614a3c3c1dde2915b6f3aa1657 to remote] DEBUG org.asynchttpclient.netty.request.NettyRequestSender - Using open Channel [id: 0x09b91afc, L:/127.0.0.1:50370 - R:localhost/127.0.0.1:19806] for POST '/session/c870da614a3c3c1dde2915b6f3aa1657/element/f.62407BA39F9FCCCEAFAC2505F1805CBA.d.AF9827552F4DC521A6E55030A6B26AFB.e.6/value'
21:08:52.375 [AsyncHttpClient-1-2] DEBUG org.asynchttpclient.netty.handler.HttpHandler - 

Request DefaultHttpRequest(decodeResult: success, version: HTTP/1.1)
POST /session/c870da614a3c3c1dde2915b6f3aa1657/element/f.62407BA39F9FCCCEAFAC2505F1805CBA.d.AF9827552F4DC521A6E55030A6B26AFB.e.6/value HTTP/1.1
User-Agent: selenium/4.12.0 (java windows)
Content-Length: 208
Content-Type: application/json; charset=utf-8
host: localhost:19806
accept: */*

Response DefaultHttpResponse(decodeResult: success, version: HTTP/1.1)
HTTP/1.1 200 OK
Content-Length: 14
Content-Type: application/json; charset=utf-8
cache-control: no-cache

21:08:52.375 [AsyncHttpClient-1-2] DEBUG org.asynchttpclient.netty.channel.ChannelManager - Adding key: http://localhost:19806 for channel [id: 0x09b91afc, L:/127.0.0.1:50370 - R:localhost/127.0.0.1:19806]
21:08:52.386 [Forwarding findElement on session c870da614a3c3c1dde2915b6f3aa1657 to remote] DEBUG org.asynchttpclient.netty.request.NettyRequestSender - Using pooled Channel '[id: 0x09b91afc, L:/127.0.0.1:50370 - R:localhost/127.0.0.1:19806]' for 'POST' to 'http://localhost:19806/session/c870da614a3c3c1dde2915b6f3aa1657/element'
21:08:52.386 [Forwarding findElement on session c870da614a3c3c1dde2915b6f3aa1657 to remote] DEBUG org.asynchttpclient.netty.request.NettyRequestSender - Using open Channel [id: 0x09b91afc, L:/127.0.0.1:50370 - R:localhost/127.0.0.1:19806] for POST '/session/c870da614a3c3c1dde2915b6f3aa1657/element'
21:08:52.405 [AsyncHttpClient-1-2] DEBUG org.asynchttpclient.netty.handler.HttpHandler - 

Request DefaultHttpRequest(decodeResult: success, version: HTTP/1.1)
POST /session/c870da614a3c3c1dde2915b6f3aa1657/element HTTP/1.1
User-Agent: selenium/4.12.0 (java windows)
Content-Length: 73
Content-Type: application/json; charset=utf-8
host: localhost:19806
accept: */*

Response DefaultHttpResponse(decodeResult: success, version: HTTP/1.1)
HTTP/1.1 200 OK
Content-Length: 125
Content-Type: application/json; charset=utf-8
cache-control: no-cache

21:08:52.405 [AsyncHttpClient-1-2] DEBUG org.asynchttpclient.netty.channel.ChannelManager - Adding key: http://localhost:19806 for channel [id: 0x09b91afc, L:/127.0.0.1:50370 - R:localhost/127.0.0.1:19806]
21:08:52.407 [Forwarding clickElement on session c870da614a3c3c1dde2915b6f3aa1657 to remote] DEBUG org.asynchttpclient.netty.request.NettyRequestSender - Using pooled Channel '[id: 0x09b91afc, L:/127.0.0.1:50370 - R:localhost/127.0.0.1:19806]' for 'POST' to 'http://localhost:19806/session/c870da614a3c3c1dde2915b6f3aa1657/element/f.62407BA39F9FCCCEAFAC2505F1805CBA.d.AF9827552F4DC521A6E55030A6B26AFB.e.8/click'
21:08:52.408 [Forwarding clickElement on session c870da614a3c3c1dde2915b6f3aa1657 to remote] DEBUG org.asynchttpclient.netty.request.NettyRequestSender - Using open Channel [id: 0x09b91afc, L:/127.0.0.1:50370 - R:localhost/127.0.0.1:19806] for POST '/session/c870da614a3c3c1dde2915b6f3aa1657/element/f.62407BA39F9FCCCEAFAC2505F1805CBA.d.AF9827552F4DC521A6E55030A6B26AFB.e.8/click'
21:08:52.524 [AsyncHttpClient-1-1] DEBUG org.asynchttpclient.netty.channel.DefaultChannelPool - Entry count for : http://localhost:50371 : 1
21:08:52.528 [AsyncHttpClient-1-2] DEBUG org.asynchttpclient.netty.handler.HttpHandler - 

Request DefaultHttpRequest(decodeResult: success, version: HTTP/1.1)
POST /session/c870da614a3c3c1dde2915b6f3aa1657/element/f.62407BA39F9FCCCEAFAC2505F1805CBA.d.AF9827552F4DC521A6E55030A6B26AFB.e.8/click HTTP/1.1
User-Agent: selenium/4.12.0 (java windows)
Content-Length: 87
Content-Type: application/json; charset=utf-8
host: localhost:19806
accept: */*

Response DefaultHttpResponse(decodeResult: success, version: HTTP/1.1)
HTTP/1.1 200 OK
Content-Length: 14
Content-Type: application/json; charset=utf-8
cache-control: no-cache

21:08:52.528 [AsyncHttpClient-1-2] DEBUG org.asynchttpclient.netty.channel.ChannelManager - Adding key: http://localhost:19806 for channel [id: 0x09b91afc, L:/127.0.0.1:50370 - R:localhost/127.0.0.1:19806]
21:08:53.622 [AsyncHttpClient-1-1] DEBUG org.asynchttpclient.netty.channel.DefaultChannelPool - Entry count for : http://localhost:19806 : 1
21:08:53.623 [AsyncHttpClient-1-1] DEBUG org.asynchttpclient.netty.channel.DefaultChannelPool - Entry count for : http://localhost:50371 : 1
21:08:54.736 [AsyncHttpClient-1-1] DEBUG org.asynchttpclient.netty.channel.DefaultChannelPool - Entry count for : http://localhost:19806 : 1
21:08:54.736 [AsyncHttpClient-1-1] DEBUG org.asynchttpclient.netty.channel.DefaultChannelPool - Entry count for : http://localhost:50371 : 1
21:08:55.826 [AsyncHttpClient-1-1] DEBUG org.asynchttpclient.netty.channel.DefaultChannelPool - Entry count for : http://localhost:19806 : 1
21:08:55.826 [AsyncHttpClient-1-1] DEBUG org.asynchttpclient.netty.channel.DefaultChannelPool - Entry count for : http://localhost:50371 : 1
21:08:56.929 [AsyncHttpClient-1-1] DEBUG org.asynchttpclient.netty.channel.DefaultChannelPool - Entry count for : http://localhost:19806 : 1
21:08:56.929 [AsyncHttpClient-1-1] DEBUG org.asynchttpclient.netty.channel.DefaultChannelPool - Entry count for : http://localhost:50371 : 1
21:08:57.538 [Forwarding getCurrentUrl on session c870da614a3c3c1dde2915b6f3aa1657 to remote] DEBUG org.asynchttpclient.netty.request.NettyRequestSender - Using pooled Channel '[id: 0x09b91afc, L:/127.0.0.1:50370 - R:localhost/127.0.0.1:19806]' for 'GET' to 'http://localhost:19806/session/c870da614a3c3c1dde2915b6f3aa1657/url'
21:08:57.538 [Forwarding getCurrentUrl on session c870da614a3c3c1dde2915b6f3aa1657 to remote] DEBUG org.asynchttpclient.netty.request.NettyRequestSender - Using open Channel [id: 0x09b91afc, L:/127.0.0.1:50370 - R:localhost/127.0.0.1:19806] for GET '/session/c870da614a3c3c1dde2915b6f3aa1657/url'
21:08:57.546 [AsyncHttpClient-1-2] DEBUG org.asynchttpclient.netty.handler.HttpHandler - 

Request DefaultFullHttpRequest(decodeResult: success, version: HTTP/1.1, content: EmptyByteBufBE)
GET /session/c870da614a3c3c1dde2915b6f3aa1657/url HTTP/1.1
Cache-Control: no-cache
User-Agent: selenium/4.12.0 (java windows)
Content-Type: application/json; charset=utf-8
host: localhost:19806
accept: */*

Response DefaultHttpResponse(decodeResult: success, version: HTTP/1.1)
HTTP/1.1 200 OK
Content-Length: 69
Content-Type: application/json; charset=utf-8
cache-control: no-cache

21:08:57.546 [AsyncHttpClient-1-2] DEBUG org.asynchttpclient.netty.channel.ChannelManager - Adding key: http://localhost:19806 for channel [id: 0x09b91afc, L:/127.0.0.1:50370 - R:localhost/127.0.0.1:19806]
https://fleet-manager-development.vercel.app/auth/sign-in
21:08:57.555 [Forwarding findElement on session c870da614a3c3c1dde2915b6f3aa1657 to remote] DEBUG org.asynchttpclient.netty.request.NettyRequestSender - Using pooled Channel '[id: 0x09b91afc, L:/127.0.0.1:50370 - R:localhost/127.0.0.1:19806]' for 'POST' to 'http://localhost:19806/session/c870da614a3c3c1dde2915b6f3aa1657/element'
21:08:57.555 [Forwarding findElement on session c870da614a3c3c1dde2915b6f3aa1657 to remote] DEBUG org.asynchttpclient.netty.request.NettyRequestSender - Using open Channel [id: 0x09b91afc, L:/127.0.0.1:50370 - R:localhost/127.0.0.1:19806] for POST '/session/c870da614a3c3c1dde2915b6f3aa1657/element'
21:08:57.572 [AsyncHttpClient-1-2] DEBUG org.asynchttpclient.netty.handler.HttpHandler - 

Request DefaultHttpRequest(decodeResult: success, version: HTTP/1.1)
POST /session/c870da614a3c3c1dde2915b6f3aa1657/element HTTP/1.1
User-Agent: selenium/4.12.0 (java windows)
Content-Length: 66
Content-Type: application/json; charset=utf-8
host: localhost:19806
accept: */*

Response DefaultHttpResponse(decodeResult: success, version: HTTP/1.1)
HTTP/1.1 200 OK
Content-Length: 126
Content-Type: application/json; charset=utf-8
cache-control: no-cache

21:08:57.572 [AsyncHttpClient-1-2] DEBUG org.asynchttpclient.netty.channel.ChannelManager - Adding key: http://localhost:19806 for channel [id: 0x09b91afc, L:/127.0.0.1:50370 - R:localhost/127.0.0.1:19806]
21:08:57.588 [Forwarding isElementDisplayed on session c870da614a3c3c1dde2915b6f3aa1657 to remote] DEBUG org.asynchttpclient.netty.request.NettyRequestSender - Using pooled Channel '[id: 0x09b91afc, L:/127.0.0.1:50370 - R:localhost/127.0.0.1:19806]' for 'POST' to 'http://localhost:19806/session/c870da614a3c3c1dde2915b6f3aa1657/execute/sync'
21:08:57.588 [Forwarding isElementDisplayed on session c870da614a3c3c1dde2915b6f3aa1657 to remote] DEBUG org.asynchttpclient.netty.request.NettyRequestSender - Using open Channel [id: 0x09b91afc, L:/127.0.0.1:50370 - R:localhost/127.0.0.1:19806] for POST '/session/c870da614a3c3c1dde2915b6f3aa1657/execute/sync'
21:08:57.613 [AsyncHttpClient-1-2] DEBUG org.asynchttpclient.netty.handler.HttpHandler - 

Request DefaultHttpRequest(decodeResult: success, version: HTTP/1.1)
POST /session/c870da614a3c3c1dde2915b6f3aa1657/execute/sync HTTP/1.1
User-Agent: selenium/4.12.0 (java windows)
Content-Length: 48734
Content-Type: application/json; charset=utf-8
host: localhost:19806
accept: */*

Response DefaultHttpResponse(decodeResult: success, version: HTTP/1.1)
HTTP/1.1 200 OK
Content-Length: 14
Content-Type: application/json; charset=utf-8
cache-control: no-cache

21:08:57.619 [AsyncHttpClient-1-2] DEBUG org.asynchttpclient.netty.channel.ChannelManager - Adding key: http://localhost:19806 for channel [id: 0x09b91afc, L:/127.0.0.1:50370 - R:localhost/127.0.0.1:19806]
21:08:57.621 [Forwarding findElement on session c870da614a3c3c1dde2915b6f3aa1657 to remote] DEBUG org.asynchttpclient.netty.request.NettyRequestSender - Using pooled Channel '[id: 0x09b91afc, L:/127.0.0.1:50370 - R:localhost/127.0.0.1:19806]' for 'POST' to 'http://localhost:19806/session/c870da614a3c3c1dde2915b6f3aa1657/element'
21:08:57.621 [Forwarding findElement on session c870da614a3c3c1dde2915b6f3aa1657 to remote] DEBUG org.asynchttpclient.netty.request.NettyRequestSender - Using open Channel [id: 0x09b91afc, L:/127.0.0.1:50370 - R:localhost/127.0.0.1:19806] for POST '/session/c870da614a3c3c1dde2915b6f3aa1657/element'
21:08:57.637 [AsyncHttpClient-1-2] DEBUG org.asynchttpclient.netty.handler.HttpHandler - 

Request DefaultHttpRequest(decodeResult: success, version: HTTP/1.1)
POST /session/c870da614a3c3c1dde2915b6f3aa1657/element HTTP/1.1
User-Agent: selenium/4.12.0 (java windows)
Content-Length: 66
Content-Type: application/json; charset=utf-8
host: localhost:19806
accept: */*

Response DefaultHttpResponse(decodeResult: success, version: HTTP/1.1)
HTTP/1.1 200 OK
Content-Length: 126
Content-Type: application/json; charset=utf-8
cache-control: no-cache

21:08:57.637 [AsyncHttpClient-1-2] DEBUG org.asynchttpclient.netty.channel.ChannelManager - Adding key: http://localhost:19806 for channel [id: 0x09b91afc, L:/127.0.0.1:50370 - R:localhost/127.0.0.1:19806]
21:08:57.637 [Forwarding getElementText on session c870da614a3c3c1dde2915b6f3aa1657 to remote] DEBUG org.asynchttpclient.netty.request.NettyRequestSender - Using pooled Channel '[id: 0x09b91afc, L:/127.0.0.1:50370 - R:localhost/127.0.0.1:19806]' for 'GET' to 'http://localhost:19806/session/c870da614a3c3c1dde2915b6f3aa1657/element/f.62407BA39F9FCCCEAFAC2505F1805CBA.d.AF9827552F4DC521A6E55030A6B26AFB.e.19/text'
21:08:57.637 [Forwarding getElementText on session c870da614a3c3c1dde2915b6f3aa1657 to remote] DEBUG org.asynchttpclient.netty.request.NettyRequestSender - Using open Channel [id: 0x09b91afc, L:/127.0.0.1:50370 - R:localhost/127.0.0.1:19806] for GET '/session/c870da614a3c3c1dde2915b6f3aa1657/element/f.62407BA39F9FCCCEAFAC2505F1805CBA.d.AF9827552F4DC521A6E55030A6B26AFB.e.19/text'
21:08:57.662 [AsyncHttpClient-1-2] DEBUG org.asynchttpclient.netty.handler.HttpHandler - 

Request DefaultFullHttpRequest(decodeResult: success, version: HTTP/1.1, content: EmptyByteBufBE)
GET /session/c870da614a3c3c1dde2915b6f3aa1657/element/f.62407BA39F9FCCCEAFAC2505F1805CBA.d.AF9827552F4DC521A6E55030A6B26AFB.e.19/text HTTP/1.1
Cache-Control: no-cache
User-Agent: selenium/4.12.0 (java windows)
Content-Type: application/json; charset=utf-8
host: localhost:19806
accept: */*

Response DefaultHttpResponse(decodeResult: success, version: HTTP/1.1)
HTTP/1.1 200 OK
Content-Length: 33
Content-Type: application/json; charset=utf-8
cache-control: no-cache

21:08:57.662 [AsyncHttpClient-1-2] DEBUG org.asynchttpclient.netty.channel.ChannelManager - Adding key: http://localhost:19806 for channel [id: 0x09b91afc, L:/127.0.0.1:50370 - R:localhost/127.0.0.1:19806]
21:08:57.662 [Forwarding findElement on session c870da614a3c3c1dde2915b6f3aa1657 to remote] DEBUG org.asynchttpclient.netty.request.NettyRequestSender - Using pooled Channel '[id: 0x09b91afc, L:/127.0.0.1:50370 - R:localhost/127.0.0.1:19806]' for 'POST' to 'http://localhost:19806/session/c870da614a3c3c1dde2915b6f3aa1657/element'
21:08:57.662 [Forwarding findElement on session c870da614a3c3c1dde2915b6f3aa1657 to remote] DEBUG org.asynchttpclient.netty.request.NettyRequestSender - Using open Channel [id: 0x09b91afc, L:/127.0.0.1:50370 - R:localhost/127.0.0.1:19806] for POST '/session/c870da614a3c3c1dde2915b6f3aa1657/element'
21:08:57.687 [AsyncHttpClient-1-2] DEBUG org.asynchttpclient.netty.handler.HttpHandler - 

Request DefaultHttpRequest(decodeResult: success, version: HTTP/1.1)
POST /session/c870da614a3c3c1dde2915b6f3aa1657/element HTTP/1.1
User-Agent: selenium/4.12.0 (java windows)
Content-Length: 74
Content-Type: application/json; charset=utf-8
host: localhost:19806
accept: */*

Response DefaultHttpResponse(decodeResult: success, version: HTTP/1.1)
HTTP/1.1 200 OK
Content-Length: 126
Content-Type: application/json; charset=utf-8
cache-control: no-cache

21:08:57.687 [AsyncHttpClient-1-2] DEBUG org.asynchttpclient.netty.channel.ChannelManager - Adding key: http://localhost:19806 for channel [id: 0x09b91afc, L:/127.0.0.1:50370 - R:localhost/127.0.0.1:19806]
21:08:57.687 [Forwarding clickElement on session c870da614a3c3c1dde2915b6f3aa1657 to remote] DEBUG org.asynchttpclient.netty.request.NettyRequestSender - Using pooled Channel '[id: 0x09b91afc, L:/127.0.0.1:50370 - R:localhost/127.0.0.1:19806]' for 'POST' to 'http://localhost:19806/session/c870da614a3c3c1dde2915b6f3aa1657/element/f.62407BA39F9FCCCEAFAC2505F1805CBA.d.AF9827552F4DC521A6E55030A6B26AFB.e.20/click'
21:08:57.687 [Forwarding clickElement on session c870da614a3c3c1dde2915b6f3aa1657 to remote] DEBUG org.asynchttpclient.netty.request.NettyRequestSender - Using open Channel [id: 0x09b91afc, L:/127.0.0.1:50370 - R:localhost/127.0.0.1:19806] for POST '/session/c870da614a3c3c1dde2915b6f3aa1657/element/f.62407BA39F9FCCCEAFAC2505F1805CBA.d.AF9827552F4DC521A6E55030A6B26AFB.e.20/click'
21:08:57.795 [AsyncHttpClient-1-2] DEBUG org.asynchttpclient.netty.handler.HttpHandler - 

Request DefaultHttpRequest(decodeResult: success, version: HTTP/1.1)
POST /session/c870da614a3c3c1dde2915b6f3aa1657/element/f.62407BA39F9FCCCEAFAC2505F1805CBA.d.AF9827552F4DC521A6E55030A6B26AFB.e.20/click HTTP/1.1
User-Agent: selenium/4.12.0 (java windows)
Content-Length: 88
Content-Type: application/json; charset=utf-8
host: localhost:19806
accept: */*

Response DefaultHttpResponse(decodeResult: success, version: HTTP/1.1)
HTTP/1.1 200 OK
Content-Length: 14
Content-Type: application/json; charset=utf-8
cache-control: no-cache

21:08:57.795 [AsyncHttpClient-1-2] DEBUG org.asynchttpclient.netty.channel.ChannelManager - Adding key: http://localhost:19806 for channel [id: 0x09b91afc, L:/127.0.0.1:50370 - R:localhost/127.0.0.1:19806]
21:08:58.026 [AsyncHttpClient-1-1] DEBUG org.asynchttpclient.netty.channel.DefaultChannelPool - Entry count for : http://localhost:19806 : 1
21:08:58.026 [AsyncHttpClient-1-1] DEBUG org.asynchttpclient.netty.channel.DefaultChannelPool - Entry count for : http://localhost:50371 : 1
21:08:59.128 [AsyncHttpClient-1-1] DEBUG org.asynchttpclient.netty.channel.DefaultChannelPool - Entry count for : http://localhost:19806 : 1
21:08:59.128 [AsyncHttpClient-1-1] DEBUG org.asynchttpclient.netty.channel.DefaultChannelPool - Entry count for : http://localhost:50371 : 1
21:09:00.226 [AsyncHttpClient-1-1] DEBUG org.asynchttpclient.netty.channel.DefaultChannelPool - Entry count for : http://localhost:19806 : 1
21:09:00.226 [AsyncHttpClient-1-1] DEBUG org.asynchttpclient.netty.channel.DefaultChannelPool - Entry count for : http://localhost:50371 : 1
screen shot class not taking
  Given I am on dashboardfokisaj290@edectus.com and Fleet@123                  # StepDefination.Customer_onboarding.I_am_on_dashboard(java.lang.String,java.lang.String)
21:09:01.329 [Forwarding findElement on session c870da614a3c3c1dde2915b6f3aa1657 to remote] DEBUG org.asynchttpclient.netty.request.NettyRequestSender - Using pooled Channel '[id: 0x09b91afc, L:/127.0.0.1:50370 - R:localhost/127.0.0.1:19806]' for 'POST' to 'http://localhost:19806/session/c870da614a3c3c1dde2915b6f3aa1657/element'
21:09:01.329 [Forwarding findElement on session c870da614a3c3c1dde2915b6f3aa1657 to remote] DEBUG org.asynchttpclient.netty.request.NettyRequestSender - Using open Channel [id: 0x09b91afc, L:/127.0.0.1:50370 - R:localhost/127.0.0.1:19806] for POST '/session/c870da614a3c3c1dde2915b6f3aa1657/element'
21:09:01.337 [AsyncHttpClient-1-1] DEBUG org.asynchttpclient.netty.channel.DefaultChannelPool - Entry count for : http://localhost:50371 : 1
21:09:01.377 [AsyncHttpClient-1-2] DEBUG org.asynchttpclient.netty.handler.HttpHandler - 

Request DefaultHttpRequest(decodeResult: success, version: HTTP/1.1)
POST /session/c870da614a3c3c1dde2915b6f3aa1657/element HTTP/1.1
User-Agent: selenium/4.12.0 (java windows)
Content-Length: 195
Content-Type: application/json; charset=utf-8
host: localhost:19806
accept: */*

Response DefaultHttpResponse(decodeResult: success, version: HTTP/1.1)
HTTP/1.1 200 OK
Content-Length: 126
Content-Type: application/json; charset=utf-8
cache-control: no-cache

21:09:01.377 [AsyncHttpClient-1-2] DEBUG org.asynchttpclient.netty.channel.ChannelManager - Adding key: http://localhost:19806 for channel [id: 0x09b91afc, L:/127.0.0.1:50370 - R:localhost/127.0.0.1:19806]
21:09:01.377 [Forwarding clickElement on session c870da614a3c3c1dde2915b6f3aa1657 to remote] DEBUG org.asynchttpclient.netty.request.NettyRequestSender - Using pooled Channel '[id: 0x09b91afc, L:/127.0.0.1:50370 - R:localhost/127.0.0.1:19806]' for 'POST' to 'http://localhost:19806/session/c870da614a3c3c1dde2915b6f3aa1657/element/f.62407BA39F9FCCCEAFAC2505F1805CBA.d.D2618434521077CCA33644FD5F78933C.e.42/click'
21:09:01.377 [Forwarding clickElement on session c870da614a3c3c1dde2915b6f3aa1657 to remote] DEBUG org.asynchttpclient.netty.request.NettyRequestSender - Using open Channel [id: 0x09b91afc, L:/127.0.0.1:50370 - R:localhost/127.0.0.1:19806] for POST '/session/c870da614a3c3c1dde2915b6f3aa1657/element/f.62407BA39F9FCCCEAFAC2505F1805CBA.d.D2618434521077CCA33644FD5F78933C.e.42/click'
21:09:01.760 [AsyncHttpClient-1-2] DEBUG org.asynchttpclient.netty.handler.HttpHandler - 

Request DefaultHttpRequest(decodeResult: success, version: HTTP/1.1)
POST /session/c870da614a3c3c1dde2915b6f3aa1657/element/f.62407BA39F9FCCCEAFAC2505F1805CBA.d.D2618434521077CCA33644FD5F78933C.e.42/click HTTP/1.1
User-Agent: selenium/4.12.0 (java windows)
Content-Length: 88
Content-Type: application/json; charset=utf-8
host: localhost:19806
accept: */*

Response DefaultHttpResponse(decodeResult: success, version: HTTP/1.1)
HTTP/1.1 200 OK
Content-Length: 14
Content-Type: application/json; charset=utf-8
cache-control: no-cache

21:09:01.760 [AsyncHttpClient-1-2] DEBUG org.asynchttpclient.netty.channel.ChannelManager - Adding key: http://localhost:19806 for channel [id: 0x09b91afc, L:/127.0.0.1:50370 - R:localhost/127.0.0.1:19806]
  And Tap_On_Carrier_Tab                                                       # StepDefination.Customer_onboarding.tap_on_carrirer_Tab()
21:09:01.770 [Forwarding findElement on session c870da614a3c3c1dde2915b6f3aa1657 to remote] DEBUG org.asynchttpclient.netty.request.NettyRequestSender - Using pooled Channel '[id: 0x09b91afc, L:/127.0.0.1:50370 - R:localhost/127.0.0.1:19806]' for 'POST' to 'http://localhost:19806/session/c870da614a3c3c1dde2915b6f3aa1657/element'
21:09:01.770 [Forwarding findElement on session c870da614a3c3c1dde2915b6f3aa1657 to remote] DEBUG org.asynchttpclient.netty.request.NettyRequestSender - Using open Channel [id: 0x09b91afc, L:/127.0.0.1:50370 - R:localhost/127.0.0.1:19806] for POST '/session/c870da614a3c3c1dde2915b6f3aa1657/element'
21:09:01.801 [AsyncHttpClient-1-2] DEBUG org.asynchttpclient.netty.handler.HttpHandler - 

Request DefaultHttpRequest(decodeResult: success, version: HTTP/1.1)
POST /session/c870da614a3c3c1dde2915b6f3aa1657/element HTTP/1.1
User-Agent: selenium/4.12.0 (java windows)
Content-Length: 127
Content-Type: application/json; charset=utf-8
host: localhost:19806
accept: */*

Response DefaultHttpResponse(decodeResult: success, version: HTTP/1.1)
HTTP/1.1 200 OK
Content-Length: 126
Content-Type: application/json; charset=utf-8
cache-control: no-cache

21:09:01.801 [AsyncHttpClient-1-2] DEBUG org.asynchttpclient.netty.channel.ChannelManager - Adding key: http://localhost:19806 for channel [id: 0x09b91afc, L:/127.0.0.1:50370 - R:localhost/127.0.0.1:19806]
21:09:01.801 [Forwarding getElementText on session c870da614a3c3c1dde2915b6f3aa1657 to remote] DEBUG org.asynchttpclient.netty.request.NettyRequestSender - Using pooled Channel '[id: 0x09b91afc, L:/127.0.0.1:50370 - R:localhost/127.0.0.1:19806]' for 'GET' to 'http://localhost:19806/session/c870da614a3c3c1dde2915b6f3aa1657/element/f.62407BA39F9FCCCEAFAC2505F1805CBA.d.D2618434521077CCA33644FD5F78933C.e.44/text'
21:09:01.801 [Forwarding getElementText on session c870da614a3c3c1dde2915b6f3aa1657 to remote] DEBUG org.asynchttpclient.netty.request.NettyRequestSender - Using open Channel [id: 0x09b91afc, L:/127.0.0.1:50370 - R:localhost/127.0.0.1:19806] for GET '/session/c870da614a3c3c1dde2915b6f3aa1657/element/f.62407BA39F9FCCCEAFAC2505F1805CBA.d.D2618434521077CCA33644FD5F78933C.e.44/text'
21:09:01.825 [AsyncHttpClient-1-2] DEBUG org.asynchttpclient.netty.handler.HttpHandler - 

Request DefaultFullHttpRequest(decodeResult: success, version: HTTP/1.1, content: EmptyByteBufBE)
GET /session/c870da614a3c3c1dde2915b6f3aa1657/element/f.62407BA39F9FCCCEAFAC2505F1805CBA.d.D2618434521077CCA33644FD5F78933C.e.44/text HTTP/1.1
Cache-Control: no-cache
User-Agent: selenium/4.12.0 (java windows)
Content-Type: application/json; charset=utf-8
host: localhost:19806
accept: */*

Response DefaultHttpResponse(decodeResult: success, version: HTTP/1.1)
HTTP/1.1 200 OK
Content-Length: 21
Content-Type: application/json; charset=utf-8
cache-control: no-cache

21:09:01.825 [AsyncHttpClient-1-2] DEBUG org.asynchttpclient.netty.channel.ChannelManager - Adding key: http://localhost:19806 for channel [id: 0x09b91afc, L:/127.0.0.1:50370 - R:localhost/127.0.0.1:19806]
21:09:01.825 [Forwarding findElement on session c870da614a3c3c1dde2915b6f3aa1657 to remote] DEBUG org.asynchttpclient.netty.request.NettyRequestSender - Using pooled Channel '[id: 0x09b91afc, L:/127.0.0.1:50370 - R:localhost/127.0.0.1:19806]' for 'POST' to 'http://localhost:19806/session/c870da614a3c3c1dde2915b6f3aa1657/element'
21:09:01.825 [Forwarding findElement on session c870da614a3c3c1dde2915b6f3aa1657 to remote] DEBUG org.asynchttpclient.netty.request.NettyRequestSender - Using open Channel [id: 0x09b91afc, L:/127.0.0.1:50370 - R:localhost/127.0.0.1:19806] for POST '/session/c870da614a3c3c1dde2915b6f3aa1657/element'
21:09:01.850 [AsyncHttpClient-1-2] DEBUG org.asynchttpclient.netty.handler.HttpHandler - 

Request DefaultHttpRequest(decodeResult: success, version: HTTP/1.1)
POST /session/c870da614a3c3c1dde2915b6f3aa1657/element HTTP/1.1
User-Agent: selenium/4.12.0 (java windows)
Content-Length: 127
Content-Type: application/json; charset=utf-8
host: localhost:19806
accept: */*

Response DefaultHttpResponse(decodeResult: success, version: HTTP/1.1)
HTTP/1.1 200 OK
Content-Length: 126
Content-Type: application/json; charset=utf-8
cache-control: no-cache

21:09:01.850 [AsyncHttpClient-1-2] DEBUG org.asynchttpclient.netty.channel.ChannelManager - Adding key: http://localhost:19806 for channel [id: 0x09b91afc, L:/127.0.0.1:50370 - R:localhost/127.0.0.1:19806]
21:09:01.850 [Forwarding clickElement on session c870da614a3c3c1dde2915b6f3aa1657 to remote] DEBUG org.asynchttpclient.netty.request.NettyRequestSender - Using pooled Channel '[id: 0x09b91afc, L:/127.0.0.1:50370 - R:localhost/127.0.0.1:19806]' for 'POST' to 'http://localhost:19806/session/c870da614a3c3c1dde2915b6f3aa1657/element/f.62407BA39F9FCCCEAFAC2505F1805CBA.d.D2618434521077CCA33644FD5F78933C.e.44/click'
21:09:01.850 [Forwarding clickElement on session c870da614a3c3c1dde2915b6f3aa1657 to remote] DEBUG org.asynchttpclient.netty.request.NettyRequestSender - Using open Channel [id: 0x09b91afc, L:/127.0.0.1:50370 - R:localhost/127.0.0.1:19806] for POST '/session/c870da614a3c3c1dde2915b6f3aa1657/element/f.62407BA39F9FCCCEAFAC2505F1805CBA.d.D2618434521077CCA33644FD5F78933C.e.44/click'
21:09:02.029 [AsyncHttpClient-1-2] DEBUG org.asynchttpclient.netty.handler.HttpHandler - 

Request DefaultHttpRequest(decodeResult: success, version: HTTP/1.1)
POST /session/c870da614a3c3c1dde2915b6f3aa1657/element/f.62407BA39F9FCCCEAFAC2505F1805CBA.d.D2618434521077CCA33644FD5F78933C.e.44/click HTTP/1.1
User-Agent: selenium/4.12.0 (java windows)
Content-Length: 88
Content-Type: application/json; charset=utf-8
host: localhost:19806
accept: */*

Response DefaultHttpResponse(decodeResult: success, version: HTTP/1.1)
HTTP/1.1 200 OK
Content-Length: 14
Content-Type: application/json; charset=utf-8
cache-control: no-cache

21:09:02.029 [AsyncHttpClient-1-2] DEBUG org.asynchttpclient.netty.channel.ChannelManager - Adding key: http://localhost:19806 for channel [id: 0x09b91afc, L:/127.0.0.1:50370 - R:localhost/127.0.0.1:19806]
21:09:02.425 [AsyncHttpClient-1-1] DEBUG org.asynchttpclient.netty.channel.DefaultChannelPool - Entry count for : http://localhost:19806 : 1
21:09:02.425 [AsyncHttpClient-1-1] DEBUG org.asynchttpclient.netty.channel.DefaultChannelPool - Entry count for : http://localhost:50371 : 1
21:09:03.527 [AsyncHttpClient-1-1] DEBUG org.asynchttpclient.netty.channel.DefaultChannelPool - Entry count for : http://localhost:19806 : 1
21:09:03.527 [AsyncHttpClient-1-1] DEBUG org.asynchttpclient.netty.channel.DefaultChannelPool - Entry count for : http://localhost:50371 : 1
screen shot class not taking
21:09:04.053 [Forwarding findElement on session c870da614a3c3c1dde2915b6f3aa1657 to remote] DEBUG org.asynchttpclient.netty.request.NettyRequestSender - Using pooled Channel '[id: 0x09b91afc, L:/127.0.0.1:50370 - R:localhost/127.0.0.1:19806]' for 'POST' to 'http://localhost:19806/session/c870da614a3c3c1dde2915b6f3aa1657/element'
21:09:04.053 [Forwarding findElement on session c870da614a3c3c1dde2915b6f3aa1657 to remote] DEBUG org.asynchttpclient.netty.request.NettyRequestSender - Using open Channel [id: 0x09b91afc, L:/127.0.0.1:50370 - R:localhost/127.0.0.1:19806] for POST '/session/c870da614a3c3c1dde2915b6f3aa1657/element'
21:09:04.085 [AsyncHttpClient-1-2] DEBUG org.asynchttpclient.netty.handler.HttpHandler - 

Request DefaultHttpRequest(decodeResult: success, version: HTTP/1.1)
POST /session/c870da614a3c3c1dde2915b6f3aa1657/element HTTP/1.1
User-Agent: selenium/4.12.0 (java windows)
Content-Length: 178
Content-Type: application/json; charset=utf-8
host: localhost:19806
accept: */*

Response DefaultHttpResponse(decodeResult: success, version: HTTP/1.1)
HTTP/1.1 200 OK
Content-Length: 126
Content-Type: application/json; charset=utf-8
cache-control: no-cache

21:09:04.085 [AsyncHttpClient-1-2] DEBUG org.asynchttpclient.netty.channel.ChannelManager - Adding key: http://localhost:19806 for channel [id: 0x09b91afc, L:/127.0.0.1:50370 - R:localhost/127.0.0.1:19806]
21:09:04.085 [Forwarding getElementText on session c870da614a3c3c1dde2915b6f3aa1657 to remote] DEBUG org.asynchttpclient.netty.request.NettyRequestSender - Using pooled Channel '[id: 0x09b91afc, L:/127.0.0.1:50370 - R:localhost/127.0.0.1:19806]' for 'GET' to 'http://localhost:19806/session/c870da614a3c3c1dde2915b6f3aa1657/element/f.62407BA39F9FCCCEAFAC2505F1805CBA.d.D2618434521077CCA33644FD5F78933C.e.47/text'
21:09:04.085 [Forwarding getElementText on session c870da614a3c3c1dde2915b6f3aa1657 to remote] DEBUG org.asynchttpclient.netty.request.NettyRequestSender - Using open Channel [id: 0x09b91afc, L:/127.0.0.1:50370 - R:localhost/127.0.0.1:19806] for GET '/session/c870da614a3c3c1dde2915b6f3aa1657/element/f.62407BA39F9FCCCEAFAC2505F1805CBA.d.D2618434521077CCA33644FD5F78933C.e.47/text'
21:09:04.111 [AsyncHttpClient-1-2] DEBUG org.asynchttpclient.netty.handler.HttpHandler - 

Request DefaultFullHttpRequest(decodeResult: success, version: HTTP/1.1, content: EmptyByteBufBE)
GET /session/c870da614a3c3c1dde2915b6f3aa1657/element/f.62407BA39F9FCCCEAFAC2505F1805CBA.d.D2618434521077CCA33644FD5F78933C.e.47/text HTTP/1.1
Cache-Control: no-cache
User-Agent: selenium/4.12.0 (java windows)
Content-Type: application/json; charset=utf-8
host: localhost:19806
accept: */*

Response DefaultHttpResponse(decodeResult: success, version: HTTP/1.1)
HTTP/1.1 200 OK
Content-Length: 28
Content-Type: application/json; charset=utf-8
cache-control: no-cache

21:09:04.119 [AsyncHttpClient-1-2] DEBUG org.asynchttpclient.netty.channel.ChannelManager - Adding key: http://localhost:19806 for channel [id: 0x09b91afc, L:/127.0.0.1:50370 - R:localhost/127.0.0.1:19806]
21:09:04.119 [Forwarding findElement on session c870da614a3c3c1dde2915b6f3aa1657 to remote] DEBUG org.asynchttpclient.netty.request.NettyRequestSender - Using pooled Channel '[id: 0x09b91afc, L:/127.0.0.1:50370 - R:localhost/127.0.0.1:19806]' for 'POST' to 'http://localhost:19806/session/c870da614a3c3c1dde2915b6f3aa1657/element'
21:09:04.119 [Forwarding findElement on session c870da614a3c3c1dde2915b6f3aa1657 to remote] DEBUG org.asynchttpclient.netty.request.NettyRequestSender - Using open Channel [id: 0x09b91afc, L:/127.0.0.1:50370 - R:localhost/127.0.0.1:19806] for POST '/session/c870da614a3c3c1dde2915b6f3aa1657/element'
21:09:04.144 [AsyncHttpClient-1-2] DEBUG org.asynchttpclient.netty.handler.HttpHandler - 

Request DefaultHttpRequest(decodeResult: success, version: HTTP/1.1)
POST /session/c870da614a3c3c1dde2915b6f3aa1657/element HTTP/1.1
User-Agent: selenium/4.12.0 (java windows)
Content-Length: 178
Content-Type: application/json; charset=utf-8
host: localhost:19806
accept: */*

Response DefaultHttpResponse(decodeResult: success, version: HTTP/1.1)
HTTP/1.1 200 OK
Content-Length: 126
Content-Type: application/json; charset=utf-8
cache-control: no-cache

21:09:04.144 [AsyncHttpClient-1-2] DEBUG org.asynchttpclient.netty.channel.ChannelManager - Adding key: http://localhost:19806 for channel [id: 0x09b91afc, L:/127.0.0.1:50370 - R:localhost/127.0.0.1:19806]
21:09:04.144 [Forwarding clickElement on session c870da614a3c3c1dde2915b6f3aa1657 to remote] DEBUG org.asynchttpclient.netty.request.NettyRequestSender - Using pooled Channel '[id: 0x09b91afc, L:/127.0.0.1:50370 - R:localhost/127.0.0.1:19806]' for 'POST' to 'http://localhost:19806/session/c870da614a3c3c1dde2915b6f3aa1657/element/f.62407BA39F9FCCCEAFAC2505F1805CBA.d.D2618434521077CCA33644FD5F78933C.e.47/click'
21:09:04.144 [Forwarding clickElement on session c870da614a3c3c1dde2915b6f3aa1657 to remote] DEBUG org.asynchttpclient.netty.request.NettyRequestSender - Using open Channel [id: 0x09b91afc, L:/127.0.0.1:50370 - R:localhost/127.0.0.1:19806] for POST '/session/c870da614a3c3c1dde2915b6f3aa1657/element/f.62407BA39F9FCCCEAFAC2505F1805CBA.d.D2618434521077CCA33644FD5F78933C.e.47/click'
21:09:04.324 [AsyncHttpClient-1-2] DEBUG org.asynchttpclient.netty.handler.HttpHandler - 

Request DefaultHttpRequest(decodeResult: success, version: HTTP/1.1)
POST /session/c870da614a3c3c1dde2915b6f3aa1657/element/f.62407BA39F9FCCCEAFAC2505F1805CBA.d.D2618434521077CCA33644FD5F78933C.e.47/click HTTP/1.1
User-Agent: selenium/4.12.0 (java windows)
Content-Length: 88
Content-Type: application/json; charset=utf-8
host: localhost:19806
accept: */*

Response DefaultHttpResponse(decodeResult: success, version: HTTP/1.1)
HTTP/1.1 200 OK
Content-Length: 14
Content-Type: application/json; charset=utf-8
cache-control: no-cache

21:09:04.324 [AsyncHttpClient-1-2] DEBUG org.asynchttpclient.netty.channel.ChannelManager - Adding key: http://localhost:19806 for channel [id: 0x09b91afc, L:/127.0.0.1:50370 - R:localhost/127.0.0.1:19806]
  When Open customer form                                                      # StepDefination.Customer_onboarding.Open_customer_form()
21:09:04.636 [AsyncHttpClient-1-1] DEBUG org.asynchttpclient.netty.channel.DefaultChannelPool - Entry count for : http://localhost:19806 : 1
21:09:04.636 [AsyncHttpClient-1-1] DEBUG org.asynchttpclient.netty.channel.DefaultChannelPool - Entry count for : http://localhost:50371 : 1
21:09:05.725 [AsyncHttpClient-1-1] DEBUG org.asynchttpclient.netty.channel.DefaultChannelPool - Entry count for : http://localhost:19806 : 1
21:09:05.725 [AsyncHttpClient-1-1] DEBUG org.asynchttpclient.netty.channel.DefaultChannelPool - Entry count for : http://localhost:50371 : 1
21:09:05.932 [Forwarding findElement on session c870da614a3c3c1dde2915b6f3aa1657 to remote] DEBUG org.asynchttpclient.netty.request.NettyRequestSender - Using pooled Channel '[id: 0x09b91afc, L:/127.0.0.1:50370 - R:localhost/127.0.0.1:19806]' for 'POST' to 'http://localhost:19806/session/c870da614a3c3c1dde2915b6f3aa1657/element'
21:09:05.932 [Forwarding findElement on session c870da614a3c3c1dde2915b6f3aa1657 to remote] DEBUG org.asynchttpclient.netty.request.NettyRequestSender - Using open Channel [id: 0x09b91afc, L:/127.0.0.1:50370 - R:localhost/127.0.0.1:19806] for POST '/session/c870da614a3c3c1dde2915b6f3aa1657/element'
21:09:05.949 [AsyncHttpClient-1-2] DEBUG org.asynchttpclient.netty.handler.HttpHandler - 

Request DefaultHttpRequest(decodeResult: success, version: HTTP/1.1)
POST /session/c870da614a3c3c1dde2915b6f3aa1657/element HTTP/1.1
User-Agent: selenium/4.12.0 (java windows)
Content-Length: 114
Content-Type: application/json; charset=utf-8
host: localhost:19806
accept: */*

Response DefaultHttpResponse(decodeResult: success, version: HTTP/1.1)
HTTP/1.1 200 OK
Content-Length: 126
Content-Type: application/json; charset=utf-8
cache-control: no-cache

21:09:05.949 [AsyncHttpClient-1-2] DEBUG org.asynchttpclient.netty.channel.ChannelManager - Adding key: http://localhost:19806 for channel [id: 0x09b91afc, L:/127.0.0.1:50370 - R:localhost/127.0.0.1:19806]
21:09:05.957 [Forwarding sendKeysToElement on session c870da614a3c3c1dde2915b6f3aa1657 to remote] DEBUG org.asynchttpclient.netty.request.NettyRequestSender - Using pooled Channel '[id: 0x09b91afc, L:/127.0.0.1:50370 - R:localhost/127.0.0.1:19806]' for 'POST' to 'http://localhost:19806/session/c870da614a3c3c1dde2915b6f3aa1657/element/f.62407BA39F9FCCCEAFAC2505F1805CBA.d.D2618434521077CCA33644FD5F78933C.e.51/value'
21:09:05.957 [Forwarding sendKeysToElement on session c870da614a3c3c1dde2915b6f3aa1657 to remote] DEBUG org.asynchttpclient.netty.request.NettyRequestSender - Using open Channel [id: 0x09b91afc, L:/127.0.0.1:50370 - R:localhost/127.0.0.1:19806] for POST '/session/c870da614a3c3c1dde2915b6f3aa1657/element/f.62407BA39F9FCCCEAFAC2505F1805CBA.d.D2618434521077CCA33644FD5F78933C.e.51/value'
21:09:06.298 [AsyncHttpClient-1-2] DEBUG org.asynchttpclient.netty.handler.HttpHandler - 

Request DefaultHttpRequest(decodeResult: success, version: HTTP/1.1)
POST /session/c870da614a3c3c1dde2915b6f3aa1657/element/f.62407BA39F9FCCCEAFAC2505F1805CBA.d.D2618434521077CCA33644FD5F78933C.e.51/value HTTP/1.1
User-Agent: selenium/4.12.0 (java windows)
Content-Length: 359
Content-Type: application/json; charset=utf-8
host: localhost:19806
accept: */*

Response DefaultHttpResponse(decodeResult: success, version: HTTP/1.1)
HTTP/1.1 200 OK
Content-Length: 14
Content-Type: application/json; charset=utf-8
cache-control: no-cache

21:09:06.298 [AsyncHttpClient-1-2] DEBUG org.asynchttpclient.netty.channel.ChannelManager - Adding key: http://localhost:19806 for channel [id: 0x09b91afc, L:/127.0.0.1:50370 - R:localhost/127.0.0.1:19806]
screen shot class not taking
  And Provide the company nameRandom                                           # StepDefination.Customer_onboarding.Provide_the_company_name(java.lang.String)
21:09:06.824 [AsyncHttpClient-1-1] DEBUG org.asynchttpclient.netty.channel.DefaultChannelPool - Entry count for : http://localhost:19806 : 1
21:09:06.824 [AsyncHttpClient-1-1] DEBUG org.asynchttpclient.netty.channel.DefaultChannelPool - Entry count for : http://localhost:50371 : 1
21:09:06.824 [Forwarding findElement on session c870da614a3c3c1dde2915b6f3aa1657 to remote] DEBUG org.asynchttpclient.netty.request.NettyRequestSender - Using pooled Channel '[id: 0x09b91afc, L:/127.0.0.1:50370 - R:localhost/127.0.0.1:19806]' for 'POST' to 'http://localhost:19806/session/c870da614a3c3c1dde2915b6f3aa1657/element'
21:09:06.824 [Forwarding findElement on session c870da614a3c3c1dde2915b6f3aa1657 to remote] DEBUG org.asynchttpclient.netty.request.NettyRequestSender - Using open Channel [id: 0x09b91afc, L:/127.0.0.1:50370 - R:localhost/127.0.0.1:19806] for POST '/session/c870da614a3c3c1dde2915b6f3aa1657/element'
21:09:06.847 [AsyncHttpClient-1-2] DEBUG org.asynchttpclient.netty.handler.HttpHandler - 

Request DefaultHttpRequest(decodeResult: success, version: HTTP/1.1)
POST /session/c870da614a3c3c1dde2915b6f3aa1657/element HTTP/1.1
User-Agent: selenium/4.12.0 (java windows)
Content-Length: 88
Content-Type: application/json; charset=utf-8
host: localhost:19806
accept: */*

Response DefaultHttpResponse(decodeResult: success, version: HTTP/1.1)
HTTP/1.1 200 OK
Content-Length: 126
Content-Type: application/json; charset=utf-8
cache-control: no-cache

21:09:06.847 [AsyncHttpClient-1-2] DEBUG org.asynchttpclient.netty.channel.ChannelManager - Adding key: http://localhost:19806 for channel [id: 0x09b91afc, L:/127.0.0.1:50370 - R:localhost/127.0.0.1:19806]
21:09:06.855 [Forwarding sendKeysToElement on session c870da614a3c3c1dde2915b6f3aa1657 to remote] DEBUG org.asynchttpclient.netty.request.NettyRequestSender - Using pooled Channel '[id: 0x09b91afc, L:/127.0.0.1:50370 - R:localhost/127.0.0.1:19806]' for 'POST' to 'http://localhost:19806/session/c870da614a3c3c1dde2915b6f3aa1657/element/f.62407BA39F9FCCCEAFAC2505F1805CBA.d.D2618434521077CCA33644FD5F78933C.e.60/value'
21:09:06.855 [Forwarding sendKeysToElement on session c870da614a3c3c1dde2915b6f3aa1657 to remote] DEBUG org.asynchttpclient.netty.request.NettyRequestSender - Using open Channel [id: 0x09b91afc, L:/127.0.0.1:50370 - R:localhost/127.0.0.1:19806] for POST '/session/c870da614a3c3c1dde2915b6f3aa1657/element/f.62407BA39F9FCCCEAFAC2505F1805CBA.d.D2618434521077CCA33644FD5F78933C.e.60/value'
21:09:07.133 [AsyncHttpClient-1-2] DEBUG org.asynchttpclient.netty.handler.HttpHandler - 

Request DefaultHttpRequest(decodeResult: success, version: HTTP/1.1)
POST /session/c870da614a3c3c1dde2915b6f3aa1657/element/f.62407BA39F9FCCCEAFAC2505F1805CBA.d.D2618434521077CCA33644FD5F78933C.e.60/value HTTP/1.1
User-Agent: selenium/4.12.0 (java windows)
Content-Length: 259
Content-Type: application/json; charset=utf-8
host: localhost:19806
accept: */*

Response DefaultHttpResponse(decodeResult: success, version: HTTP/1.1)
HTTP/1.1 200 OK
Content-Length: 14
Content-Type: application/json; charset=utf-8
cache-control: no-cache

21:09:07.142 [AsyncHttpClient-1-2] DEBUG org.asynchttpclient.netty.channel.ChannelManager - Adding key: http://localhost:19806 for channel [id: 0x09b91afc, L:/127.0.0.1:50370 - R:localhost/127.0.0.1:19806]
21:09:07.142 [Forwarding findElement on session c870da614a3c3c1dde2915b6f3aa1657 to remote] DEBUG org.asynchttpclient.netty.request.NettyRequestSender - Using pooled Channel '[id: 0x09b91afc, L:/127.0.0.1:50370 - R:localhost/127.0.0.1:19806]' for 'POST' to 'http://localhost:19806/session/c870da614a3c3c1dde2915b6f3aa1657/element'
21:09:07.142 [Forwarding findElement on session c870da614a3c3c1dde2915b6f3aa1657 to remote] DEBUG org.asynchttpclient.netty.request.NettyRequestSender - Using open Channel [id: 0x09b91afc, L:/127.0.0.1:50370 - R:localhost/127.0.0.1:19806] for POST '/session/c870da614a3c3c1dde2915b6f3aa1657/element'
21:09:07.175 [AsyncHttpClient-1-2] DEBUG org.asynchttpclient.netty.handler.HttpHandler - 

Request DefaultHttpRequest(decodeResult: success, version: HTTP/1.1)
POST /session/c870da614a3c3c1dde2915b6f3aa1657/element HTTP/1.1
User-Agent: selenium/4.12.0 (java windows)
Content-Length: 75
Content-Type: application/json; charset=utf-8
host: localhost:19806
accept: */*

Response DefaultHttpResponse(decodeResult: success, version: HTTP/1.1)
HTTP/1.1 200 OK
Content-Length: 126
Content-Type: application/json; charset=utf-8
cache-control: no-cache

21:09:07.175 [AsyncHttpClient-1-2] DEBUG org.asynchttpclient.netty.channel.ChannelManager - Adding key: http://localhost:19806 for channel [id: 0x09b91afc, L:/127.0.0.1:50370 - R:localhost/127.0.0.1:19806]
21:09:07.179 [Forwarding sendKeysToElement on session c870da614a3c3c1dde2915b6f3aa1657 to remote] DEBUG org.asynchttpclient.netty.request.NettyRequestSender - Using pooled Channel '[id: 0x09b91afc, L:/127.0.0.1:50370 - R:localhost/127.0.0.1:19806]' for 'POST' to 'http://localhost:19806/session/c870da614a3c3c1dde2915b6f3aa1657/element/f.62407BA39F9FCCCEAFAC2505F1805CBA.d.D2618434521077CCA33644FD5F78933C.e.61/value'
21:09:07.179 [Forwarding sendKeysToElement on session c870da614a3c3c1dde2915b6f3aa1657 to remote] DEBUG org.asynchttpclient.netty.request.NettyRequestSender - Using open Channel [id: 0x09b91afc, L:/127.0.0.1:50370 - R:localhost/127.0.0.1:19806] for POST '/session/c870da614a3c3c1dde2915b6f3aa1657/element/f.62407BA39F9FCCCEAFAC2505F1805CBA.d.D2618434521077CCA33644FD5F78933C.e.61/value'
21:09:07.364 [AsyncHttpClient-1-2] DEBUG org.asynchttpclient.netty.handler.HttpHandler - 

Request DefaultHttpRequest(decodeResult: success, version: HTTP/1.1)
POST /session/c870da614a3c3c1dde2915b6f3aa1657/element/f.62407BA39F9FCCCEAFAC2505F1805CBA.d.D2618434521077CCA33644FD5F78933C.e.61/value HTTP/1.1
User-Agent: selenium/4.12.0 (java windows)
Content-Length: 139
Content-Type: application/json; charset=utf-8
host: localhost:19806
accept: */*

Response DefaultHttpResponse(decodeResult: success, version: HTTP/1.1)
HTTP/1.1 200 OK
Content-Length: 14
Content-Type: application/json; charset=utf-8
cache-control: no-cache

21:09:07.364 [AsyncHttpClient-1-2] DEBUG org.asynchttpclient.netty.channel.ChannelManager - Adding key: http://localhost:19806 for channel [id: 0x09b91afc, L:/127.0.0.1:50370 - R:localhost/127.0.0.1:19806]
21:09:07.364 [Forwarding findElement on session c870da614a3c3c1dde2915b6f3aa1657 to remote] DEBUG org.asynchttpclient.netty.request.NettyRequestSender - Using pooled Channel '[id: 0x09b91afc, L:/127.0.0.1:50370 - R:localhost/127.0.0.1:19806]' for 'POST' to 'http://localhost:19806/session/c870da614a3c3c1dde2915b6f3aa1657/element'
21:09:07.364 [Forwarding findElement on session c870da614a3c3c1dde2915b6f3aa1657 to remote] DEBUG org.asynchttpclient.netty.request.NettyRequestSender - Using open Channel [id: 0x09b91afc, L:/127.0.0.1:50370 - R:localhost/127.0.0.1:19806] for POST '/session/c870da614a3c3c1dde2915b6f3aa1657/element'
21:09:07.388 [AsyncHttpClient-1-2] DEBUG org.asynchttpclient.netty.handler.HttpHandler - 

Request DefaultHttpRequest(decodeResult: success, version: HTTP/1.1)
POST /session/c870da614a3c3c1dde2915b6f3aa1657/element HTTP/1.1
User-Agent: selenium/4.12.0 (java windows)
Content-Length: 90
Content-Type: application/json; charset=utf-8
host: localhost:19806
accept: */*

Response DefaultHttpResponse(decodeResult: success, version: HTTP/1.1)
HTTP/1.1 200 OK
Content-Length: 126
Content-Type: application/json; charset=utf-8
cache-control: no-cache

21:09:07.388 [AsyncHttpClient-1-2] DEBUG org.asynchttpclient.netty.channel.ChannelManager - Adding key: http://localhost:19806 for channel [id: 0x09b91afc, L:/127.0.0.1:50370 - R:localhost/127.0.0.1:19806]
21:09:07.388 [Forwarding sendKeysToElement on session c870da614a3c3c1dde2915b6f3aa1657 to remote] DEBUG org.asynchttpclient.netty.request.NettyRequestSender - Using pooled Channel '[id: 0x09b91afc, L:/127.0.0.1:50370 - R:localhost/127.0.0.1:19806]' for 'POST' to 'http://localhost:19806/session/c870da614a3c3c1dde2915b6f3aa1657/element/f.62407BA39F9FCCCEAFAC2505F1805CBA.d.D2618434521077CCA33644FD5F78933C.e.62/value'
21:09:07.388 [Forwarding sendKeysToElement on session c870da614a3c3c1dde2915b6f3aa1657 to remote] DEBUG org.asynchttpclient.netty.request.NettyRequestSender - Using open Channel [id: 0x09b91afc, L:/127.0.0.1:50370 - R:localhost/127.0.0.1:19806] for POST '/session/c870da614a3c3c1dde2915b6f3aa1657/element/f.62407BA39F9FCCCEAFAC2505F1805CBA.d.D2618434521077CCA33644FD5F78933C.e.62/value'
21:09:07.733 [AsyncHttpClient-1-2] DEBUG org.asynchttpclient.netty.handler.HttpHandler - 

Request DefaultHttpRequest(decodeResult: success, version: HTTP/1.1)
POST /session/c870da614a3c3c1dde2915b6f3aa1657/element/f.62407BA39F9FCCCEAFAC2505F1805CBA.d.D2618434521077CCA33644FD5F78933C.e.62/value HTTP/1.1
User-Agent: selenium/4.12.0 (java windows)
Content-Length: 139
Content-Type: application/json; charset=utf-8
host: localhost:19806
accept: */*

Response DefaultHttpResponse(decodeResult: success, version: HTTP/1.1)
HTTP/1.1 200 OK
Content-Length: 14
Content-Type: application/json; charset=utf-8
cache-control: no-cache

21:09:07.733 [AsyncHttpClient-1-2] DEBUG org.asynchttpclient.netty.channel.ChannelManager - Adding key: http://localhost:19806 for channel [id: 0x09b91afc, L:/127.0.0.1:50370 - R:localhost/127.0.0.1:19806]
21:09:07.733 [Forwarding findElement on session c870da614a3c3c1dde2915b6f3aa1657 to remote] DEBUG org.asynchttpclient.netty.request.NettyRequestSender - Using pooled Channel '[id: 0x09b91afc, L:/127.0.0.1:50370 - R:localhost/127.0.0.1:19806]' for 'POST' to 'http://localhost:19806/session/c870da614a3c3c1dde2915b6f3aa1657/element'
21:09:07.733 [Forwarding findElement on session c870da614a3c3c1dde2915b6f3aa1657 to remote] DEBUG org.asynchttpclient.netty.request.NettyRequestSender - Using open Channel [id: 0x09b91afc, L:/127.0.0.1:50370 - R:localhost/127.0.0.1:19806] for POST '/session/c870da614a3c3c1dde2915b6f3aa1657/element'
21:09:07.758 [AsyncHttpClient-1-2] DEBUG org.asynchttpclient.netty.handler.HttpHandler - 

Request DefaultHttpRequest(decodeResult: success, version: HTTP/1.1)
POST /session/c870da614a3c3c1dde2915b6f3aa1657/element HTTP/1.1
User-Agent: selenium/4.12.0 (java windows)
Content-Length: 96
Content-Type: application/json; charset=utf-8
host: localhost:19806
accept: */*

Response DefaultHttpResponse(decodeResult: success, version: HTTP/1.1)
HTTP/1.1 200 OK
Content-Length: 126
Content-Type: application/json; charset=utf-8
cache-control: no-cache

21:09:07.758 [AsyncHttpClient-1-2] DEBUG org.asynchttpclient.netty.channel.ChannelManager - Adding key: http://localhost:19806 for channel [id: 0x09b91afc, L:/127.0.0.1:50370 - R:localhost/127.0.0.1:19806]
21:09:07.766 [Forwarding sendKeysToElement on session c870da614a3c3c1dde2915b6f3aa1657 to remote] DEBUG org.asynchttpclient.netty.request.NettyRequestSender - Using pooled Channel '[id: 0x09b91afc, L:/127.0.0.1:50370 - R:localhost/127.0.0.1:19806]' for 'POST' to 'http://localhost:19806/session/c870da614a3c3c1dde2915b6f3aa1657/element/f.62407BA39F9FCCCEAFAC2505F1805CBA.d.D2618434521077CCA33644FD5F78933C.e.63/value'
21:09:07.766 [Forwarding sendKeysToElement on session c870da614a3c3c1dde2915b6f3aa1657 to remote] DEBUG org.asynchttpclient.netty.request.NettyRequestSender - Using open Channel [id: 0x09b91afc, L:/127.0.0.1:50370 - R:localhost/127.0.0.1:19806] for POST '/session/c870da614a3c3c1dde2915b6f3aa1657/element/f.62407BA39F9FCCCEAFAC2505F1805CBA.d.D2618434521077CCA33644FD5F78933C.e.63/value'
21:09:07.922 [AsyncHttpClient-1-1] DEBUG org.asynchttpclient.netty.channel.DefaultChannelPool - Entry count for : http://localhost:50371 : 1
21:09:07.962 [AsyncHttpClient-1-2] DEBUG org.asynchttpclient.netty.handler.HttpHandler - 

Request DefaultHttpRequest(decodeResult: success, version: HTTP/1.1)
POST /session/c870da614a3c3c1dde2915b6f3aa1657/element/f.62407BA39F9FCCCEAFAC2505F1805CBA.d.D2618434521077CCA33644FD5F78933C.e.63/value HTTP/1.1
User-Agent: selenium/4.12.0 (java windows)
Content-Length: 179
Content-Type: application/json; charset=utf-8
host: localhost:19806
accept: */*

Response DefaultHttpResponse(decodeResult: success, version: HTTP/1.1)
HTTP/1.1 200 OK
Content-Length: 14
Content-Type: application/json; charset=utf-8
cache-control: no-cache

21:09:07.971 [AsyncHttpClient-1-2] DEBUG org.asynchttpclient.netty.channel.ChannelManager - Adding key: http://localhost:19806 for channel [id: 0x09b91afc, L:/127.0.0.1:50370 - R:localhost/127.0.0.1:19806]
21:09:07.971 [Forwarding findElement on session c870da614a3c3c1dde2915b6f3aa1657 to remote] DEBUG org.asynchttpclient.netty.request.NettyRequestSender - Using pooled Channel '[id: 0x09b91afc, L:/127.0.0.1:50370 - R:localhost/127.0.0.1:19806]' for 'POST' to 'http://localhost:19806/session/c870da614a3c3c1dde2915b6f3aa1657/element'
21:09:07.971 [Forwarding findElement on session c870da614a3c3c1dde2915b6f3aa1657 to remote] DEBUG org.asynchttpclient.netty.request.NettyRequestSender - Using open Channel [id: 0x09b91afc, L:/127.0.0.1:50370 - R:localhost/127.0.0.1:19806] for POST '/session/c870da614a3c3c1dde2915b6f3aa1657/element'
21:09:08.011 [AsyncHttpClient-1-2] DEBUG org.asynchttpclient.netty.handler.HttpHandler - 

Request DefaultHttpRequest(decodeResult: success, version: HTTP/1.1)
POST /session/c870da614a3c3c1dde2915b6f3aa1657/element HTTP/1.1
User-Agent: selenium/4.12.0 (java windows)
Content-Length: 78
Content-Type: application/json; charset=utf-8
host: localhost:19806
accept: */*

Response DefaultHttpResponse(decodeResult: success, version: HTTP/1.1)
HTTP/1.1 200 OK
Content-Length: 126
Content-Type: application/json; charset=utf-8
cache-control: no-cache

21:09:08.019 [AsyncHttpClient-1-2] DEBUG org.asynchttpclient.netty.channel.ChannelManager - Adding key: http://localhost:19806 for channel [id: 0x09b91afc, L:/127.0.0.1:50370 - R:localhost/127.0.0.1:19806]
21:09:08.020 [Forwarding sendKeysToElement on session c870da614a3c3c1dde2915b6f3aa1657 to remote] DEBUG org.asynchttpclient.netty.request.NettyRequestSender - Using pooled Channel '[id: 0x09b91afc, L:/127.0.0.1:50370 - R:localhost/127.0.0.1:19806]' for 'POST' to 'http://localhost:19806/session/c870da614a3c3c1dde2915b6f3aa1657/element/f.62407BA39F9FCCCEAFAC2505F1805CBA.d.D2618434521077CCA33644FD5F78933C.e.64/value'
21:09:08.020 [Forwarding sendKeysToElement on session c870da614a3c3c1dde2915b6f3aa1657 to remote] DEBUG org.asynchttpclient.netty.request.NettyRequestSender - Using open Channel [id: 0x09b91afc, L:/127.0.0.1:50370 - R:localhost/127.0.0.1:19806] for POST '/session/c870da614a3c3c1dde2915b6f3aa1657/element/f.62407BA39F9FCCCEAFAC2505F1805CBA.d.D2618434521077CCA33644FD5F78933C.e.64/value'
21:09:08.388 [AsyncHttpClient-1-2] DEBUG org.asynchttpclient.netty.handler.HttpHandler - 

Request DefaultHttpRequest(decodeResult: success, version: HTTP/1.1)
POST /session/c870da614a3c3c1dde2915b6f3aa1657/element/f.62407BA39F9FCCCEAFAC2505F1805CBA.d.D2618434521077CCA33644FD5F78933C.e.64/value HTTP/1.1
User-Agent: selenium/4.12.0 (java windows)
Content-Length: 149
Content-Type: application/json; charset=utf-8
host: localhost:19806
accept: */*

Response DefaultHttpResponse(decodeResult: success, version: HTTP/1.1)
HTTP/1.1 200 OK
Content-Length: 14
Content-Type: application/json; charset=utf-8
cache-control: no-cache

21:09:08.388 [AsyncHttpClient-1-2] DEBUG org.asynchttpclient.netty.channel.ChannelManager - Adding key: http://localhost:19806 for channel [id: 0x09b91afc, L:/127.0.0.1:50370 - R:localhost/127.0.0.1:19806]
screen shot class not taking
  And Provide the Address DetailsMain_street001 YK FL 987678 USA               # StepDefination.Customer_onboarding.Provide_the_address_Details(java.lang.String,java.lang.String,java.lang.String,java.lang.String,java.lang.String)
21:09:09.024 [AsyncHttpClient-1-1] DEBUG org.asynchttpclient.netty.channel.DefaultChannelPool - Entry count for : http://localhost:19806 : 1
21:09:09.024 [AsyncHttpClient-1-1] DEBUG org.asynchttpclient.netty.channel.DefaultChannelPool - Entry count for : http://localhost:50371 : 1
21:09:09.911 [Forwarding findElement on session c870da614a3c3c1dde2915b6f3aa1657 to remote] DEBUG org.asynchttpclient.netty.request.NettyRequestSender - Using pooled Channel '[id: 0x09b91afc, L:/127.0.0.1:50370 - R:localhost/127.0.0.1:19806]' for 'POST' to 'http://localhost:19806/session/c870da614a3c3c1dde2915b6f3aa1657/element'
21:09:09.911 [Forwarding findElement on session c870da614a3c3c1dde2915b6f3aa1657 to remote] DEBUG org.asynchttpclient.netty.request.NettyRequestSender - Using open Channel [id: 0x09b91afc, L:/127.0.0.1:50370 - R:localhost/127.0.0.1:19806] for POST '/session/c870da614a3c3c1dde2915b6f3aa1657/element'
21:09:09.936 [AsyncHttpClient-1-2] DEBUG org.asynchttpclient.netty.handler.HttpHandler - 

Request DefaultHttpRequest(decodeResult: success, version: HTTP/1.1)
POST /session/c870da614a3c3c1dde2915b6f3aa1657/element HTTP/1.1
User-Agent: selenium/4.12.0 (java windows)
Content-Length: 72
Content-Type: application/json; charset=utf-8
host: localhost:19806
accept: */*

Response DefaultHttpResponse(decodeResult: success, version: HTTP/1.1)
HTTP/1.1 200 OK
Content-Length: 127
Content-Type: application/json; charset=utf-8
cache-control: no-cache

21:09:09.936 [AsyncHttpClient-1-2] DEBUG org.asynchttpclient.netty.channel.ChannelManager - Adding key: http://localhost:19806 for channel [id: 0x09b91afc, L:/127.0.0.1:50370 - R:localhost/127.0.0.1:19806]
21:09:09.936 [Forwarding clickElement on session c870da614a3c3c1dde2915b6f3aa1657 to remote] DEBUG org.asynchttpclient.netty.request.NettyRequestSender - Using pooled Channel '[id: 0x09b91afc, L:/127.0.0.1:50370 - R:localhost/127.0.0.1:19806]' for 'POST' to 'http://localhost:19806/session/c870da614a3c3c1dde2915b6f3aa1657/element/f.62407BA39F9FCCCEAFAC2505F1805CBA.d.D2618434521077CCA33644FD5F78933C.e.100/click'
21:09:09.936 [Forwarding clickElement on session c870da614a3c3c1dde2915b6f3aa1657 to remote] DEBUG org.asynchttpclient.netty.request.NettyRequestSender - Using open Channel [id: 0x09b91afc, L:/127.0.0.1:50370 - R:localhost/127.0.0.1:19806] for POST '/session/c870da614a3c3c1dde2915b6f3aa1657/element/f.62407BA39F9FCCCEAFAC2505F1805CBA.d.D2618434521077CCA33644FD5F78933C.e.100/click'
21:09:10.061 [AsyncHttpClient-1-2] DEBUG org.asynchttpclient.netty.handler.HttpHandler - 

Request DefaultHttpRequest(decodeResult: success, version: HTTP/1.1)
POST /session/c870da614a3c3c1dde2915b6f3aa1657/element/f.62407BA39F9FCCCEAFAC2505F1805CBA.d.D2618434521077CCA33644FD5F78933C.e.100/click HTTP/1.1
User-Agent: selenium/4.12.0 (java windows)
Content-Length: 89
Content-Type: application/json; charset=utf-8
host: localhost:19806
accept: */*

Response DefaultHttpResponse(decodeResult: success, version: HTTP/1.1)
HTTP/1.1 200 OK
Content-Length: 14
Content-Type: application/json; charset=utf-8
cache-control: no-cache

21:09:10.061 [AsyncHttpClient-1-2] DEBUG org.asynchttpclient.netty.channel.ChannelManager - Adding key: http://localhost:19806 for channel [id: 0x09b91afc, L:/127.0.0.1:50370 - R:localhost/127.0.0.1:19806]
21:09:10.127 [AsyncHttpClient-1-1] DEBUG org.asynchttpclient.netty.channel.DefaultChannelPool - Entry count for : http://localhost:19806 : 1
21:09:10.127 [AsyncHttpClient-1-1] DEBUG org.asynchttpclient.netty.channel.DefaultChannelPool - Entry count for : http://localhost:50371 : 1
screen shot class not taking
  When Submit the form                                                         # StepDefination.Customer_onboarding.Submit_the_form()
21:09:11.076 [Forwarding findElement on session c870da614a3c3c1dde2915b6f3aa1657 to remote] DEBUG org.asynchttpclient.netty.request.NettyRequestSender - Using pooled Channel '[id: 0x09b91afc, L:/127.0.0.1:50370 - R:localhost/127.0.0.1:19806]' for 'POST' to 'http://localhost:19806/session/c870da614a3c3c1dde2915b6f3aa1657/element'
21:09:11.076 [Forwarding findElement on session c870da614a3c3c1dde2915b6f3aa1657 to remote] DEBUG org.asynchttpclient.netty.request.NettyRequestSender - Using open Channel [id: 0x09b91afc, L:/127.0.0.1:50370 - R:localhost/127.0.0.1:19806] for POST '/session/c870da614a3c3c1dde2915b6f3aa1657/element'
21:09:11.101 [AsyncHttpClient-1-2] DEBUG org.asynchttpclient.netty.handler.HttpHandler - 

Request DefaultHttpRequest(decodeResult: success, version: HTTP/1.1)
POST /session/c870da614a3c3c1dde2915b6f3aa1657/element HTTP/1.1
User-Agent: selenium/4.12.0 (java windows)
Content-Length: 151
Content-Type: application/json; charset=utf-8
host: localhost:19806
accept: */*

Response DefaultHttpResponse(decodeResult: success, version: HTTP/1.1)
HTTP/1.1 200 OK
Content-Length: 127
Content-Type: application/json; charset=utf-8
cache-control: no-cache

21:09:11.102 [AsyncHttpClient-1-2] DEBUG org.asynchttpclient.netty.channel.ChannelManager - Adding key: http://localhost:19806 for channel [id: 0x09b91afc, L:/127.0.0.1:50370 - R:localhost/127.0.0.1:19806]
21:09:11.102 [Forwarding clickElement on session c870da614a3c3c1dde2915b6f3aa1657 to remote] DEBUG org.asynchttpclient.netty.request.NettyRequestSender - Using pooled Channel '[id: 0x09b91afc, L:/127.0.0.1:50370 - R:localhost/127.0.0.1:19806]' for 'POST' to 'http://localhost:19806/session/c870da614a3c3c1dde2915b6f3aa1657/element/f.62407BA39F9FCCCEAFAC2505F1805CBA.d.D2618434521077CCA33644FD5F78933C.e.103/click'
21:09:11.102 [Forwarding clickElement on session c870da614a3c3c1dde2915b6f3aa1657 to remote] DEBUG org.asynchttpclient.netty.request.NettyRequestSender - Using open Channel [id: 0x09b91afc, L:/127.0.0.1:50370 - R:localhost/127.0.0.1:19806] for POST '/session/c870da614a3c3c1dde2915b6f3aa1657/element/f.62407BA39F9FCCCEAFAC2505F1805CBA.d.D2618434521077CCA33644FD5F78933C.e.103/click'
21:09:11.216 [AsyncHttpClient-1-2] DEBUG org.asynchttpclient.netty.handler.HttpHandler - 

Request DefaultHttpRequest(decodeResult: success, version: HTTP/1.1)
POST /session/c870da614a3c3c1dde2915b6f3aa1657/element/f.62407BA39F9FCCCEAFAC2505F1805CBA.d.D2618434521077CCA33644FD5F78933C.e.103/click HTTP/1.1
User-Agent: selenium/4.12.0 (java windows)
Content-Length: 89
Content-Type: application/json; charset=utf-8
host: localhost:19806
accept: */*

Response DefaultHttpResponse(decodeResult: success, version: HTTP/1.1)
HTTP/1.1 200 OK
Content-Length: 14
Content-Type: application/json; charset=utf-8
cache-control: no-cache

21:09:11.216 [AsyncHttpClient-1-2] DEBUG org.asynchttpclient.netty.channel.ChannelManager - Adding key: http://localhost:19806 for channel [id: 0x09b91afc, L:/127.0.0.1:50370 - R:localhost/127.0.0.1:19806]
21:09:11.232 [AsyncHttpClient-1-1] DEBUG org.asynchttpclient.netty.channel.DefaultChannelPool - Entry count for : http://localhost:19806 : 1
21:09:11.232 [AsyncHttpClient-1-1] DEBUG org.asynchttpclient.netty.channel.DefaultChannelPool - Entry count for : http://localhost:50371 : 1
screen shot class not taking
  And Tap back button                                                          # StepDefination.Customer_onboarding.Tap_back_button()
21:09:12.335 [AsyncHttpClient-1-1] DEBUG org.asynchttpclient.netty.channel.DefaultChannelPool - Entry count for : http://localhost:19806 : 1
21:09:12.335 [AsyncHttpClient-1-1] DEBUG org.asynchttpclient.netty.channel.DefaultChannelPool - Entry count for : http://localhost:50371 : 1
21:09:12.731 [Forwarding findElements on session c870da614a3c3c1dde2915b6f3aa1657 to remote] DEBUG org.asynchttpclient.netty.request.NettyRequestSender - Using pooled Channel '[id: 0x09b91afc, L:/127.0.0.1:50370 - R:localhost/127.0.0.1:19806]' for 'POST' to 'http://localhost:19806/session/c870da614a3c3c1dde2915b6f3aa1657/elements'
21:09:12.731 [Forwarding findElements on session c870da614a3c3c1dde2915b6f3aa1657 to remote] DEBUG org.asynchttpclient.netty.request.NettyRequestSender - Using open Channel [id: 0x09b91afc, L:/127.0.0.1:50370 - R:localhost/127.0.0.1:19806] for POST '/session/c870da614a3c3c1dde2915b6f3aa1657/elements'
21:09:12.753 [AsyncHttpClient-1-2] DEBUG org.asynchttpclient.netty.handler.HttpHandler - 

Request DefaultHttpRequest(decodeResult: success, version: HTTP/1.1)
POST /session/c870da614a3c3c1dde2915b6f3aa1657/elements HTTP/1.1
User-Agent: selenium/4.12.0 (java windows)
Content-Length: 142
Content-Type: application/json; charset=utf-8
host: localhost:19806
accept: */*

Response DefaultHttpResponse(decodeResult: success, version: HTTP/1.1)
HTTP/1.1 200 OK
Content-Length: 4613
Content-Type: application/json; charset=utf-8
cache-control: no-cache

21:09:12.761 [AsyncHttpClient-1-2] DEBUG org.asynchttpclient.netty.channel.ChannelManager - Adding key: http://localhost:19806 for channel [id: 0x09b91afc, L:/127.0.0.1:50370 - R:localhost/127.0.0.1:19806]
21:09:12.769 [Forwarding findElement on session c870da614a3c3c1dde2915b6f3aa1657 to remote] DEBUG org.asynchttpclient.netty.request.NettyRequestSender - Using pooled Channel '[id: 0x09b91afc, L:/127.0.0.1:50370 - R:localhost/127.0.0.1:19806]' for 'POST' to 'http://localhost:19806/session/c870da614a3c3c1dde2915b6f3aa1657/element'
21:09:12.769 [Forwarding findElement on session c870da614a3c3c1dde2915b6f3aa1657 to remote] DEBUG org.asynchttpclient.netty.request.NettyRequestSender - Using open Channel [id: 0x09b91afc, L:/127.0.0.1:50370 - R:localhost/127.0.0.1:19806] for POST '/session/c870da614a3c3c1dde2915b6f3aa1657/element'
21:09:12.794 [AsyncHttpClient-1-2] DEBUG org.asynchttpclient.netty.handler.HttpHandler - 

Request DefaultHttpRequest(decodeResult: success, version: HTTP/1.1)
POST /session/c870da614a3c3c1dde2915b6f3aa1657/element HTTP/1.1
User-Agent: selenium/4.12.0 (java windows)
Content-Length: 198
Content-Type: application/json; charset=utf-8
host: localhost:19806
accept: */*

Response DefaultHttpResponse(decodeResult: success, version: HTTP/1.1)
HTTP/1.1 200 OK
Content-Length: 127
Content-Type: application/json; charset=utf-8
cache-control: no-cache

21:09:12.794 [AsyncHttpClient-1-2] DEBUG org.asynchttpclient.netty.channel.ChannelManager - Adding key: http://localhost:19806 for channel [id: 0x09b91afc, L:/127.0.0.1:50370 - R:localhost/127.0.0.1:19806]
21:09:12.794 [Forwarding getElementText on session c870da614a3c3c1dde2915b6f3aa1657 to remote] DEBUG org.asynchttpclient.netty.request.NettyRequestSender - Using pooled Channel '[id: 0x09b91afc, L:/127.0.0.1:50370 - R:localhost/127.0.0.1:19806]' for 'GET' to 'http://localhost:19806/session/c870da614a3c3c1dde2915b6f3aa1657/element/f.62407BA39F9FCCCEAFAC2505F1805CBA.d.D2618434521077CCA33644FD5F78933C.e.147/text'
21:09:12.794 [Forwarding getElementText on session c870da614a3c3c1dde2915b6f3aa1657 to remote] DEBUG org.asynchttpclient.netty.request.NettyRequestSender - Using open Channel [id: 0x09b91afc, L:/127.0.0.1:50370 - R:localhost/127.0.0.1:19806] for GET '/session/c870da614a3c3c1dde2915b6f3aa1657/element/f.62407BA39F9FCCCEAFAC2505F1805CBA.d.D2618434521077CCA33644FD5F78933C.e.147/text'
21:09:12.815 [AsyncHttpClient-1-2] DEBUG org.asynchttpclient.netty.handler.HttpHandler - 

Request DefaultFullHttpRequest(decodeResult: success, version: HTTP/1.1, content: EmptyByteBufBE)
GET /session/c870da614a3c3c1dde2915b6f3aa1657/element/f.62407BA39F9FCCCEAFAC2505F1805CBA.d.D2618434521077CCA33644FD5F78933C.e.147/text HTTP/1.1
Cache-Control: no-cache
User-Agent: selenium/4.12.0 (java windows)
Content-Type: application/json; charset=utf-8
host: localhost:19806
accept: */*

Response DefaultHttpResponse(decodeResult: success, version: HTTP/1.1)
HTTP/1.1 200 OK
Content-Length: 39
Content-Type: application/json; charset=utf-8
cache-control: no-cache

21:09:12.818 [AsyncHttpClient-1-2] DEBUG org.asynchttpclient.netty.channel.ChannelManager - Adding key: http://localhost:19806 for channel [id: 0x09b91afc, L:/127.0.0.1:50370 - R:localhost/127.0.0.1:19806]
actual name: Future Partners Group -C
Company successfully created
  Then customer successsfully added                                            # StepDefination.Customer_onboarding.customer_successsfully_added()
Idriver is null, skipping quit.
  And Close_Window                                                             # StepDefination.Customer_onboarding.close_window()
      java.lang.NullPointerException: Cannot invoke "org.openqa.selenium.WebDriver.quit()" because "this.Idriver" is null
	at PageObjects.Base_class.close_window(Base_class.java:52)
	at StepDefination.Signin.close_window(Signin.java:119)
	at StepDefination.My_Load.AfterAll(My_Load.java:144)

]]></system-out>
    <system-err><![CDATA[SLF4J: Class path contains multiple SLF4J bindings.
SLF4J: Found binding in [jar:file:/C:/Users/Aniket%20Satpute/.m2/repository/ch/qos/logback/logback-classic/1.2.11/logback-classic-1.2.11.jar!/org/slf4j/impl/StaticLoggerBinder.class]
SLF4J: Found binding in [jar:file:/C:/Users/Aniket%20Satpute/.m2/repository/org/apache/logging/log4j/log4j-slf4j-impl/2.20.0/log4j-slf4j-impl-2.20.0.jar!/org/slf4j/impl/StaticLoggerBinder.class]
SLF4J: See http://www.slf4j.org/codes.html#multiple_bindings for an explanation.
SLF4J: Actual binding is of type [ch.qos.logback.classic.util.ContextSelectorStaticBinder]
Jan 18, 2025 9:08:49 PM org.openqa.selenium.devtools.CdpVersionFinder findNearestMatch
WARNING: Unable to find CDP implementation matching 131
Jan 18, 2025 9:08:49 PM org.openqa.selenium.chromium.ChromiumDriver lambda$new$5
WARNING: Unable to find version of CDP to use for 131.0.6778.265. You may need to include a dependency on a specific version of the CDP using something similar to `org.seleniumhq.selenium:selenium-devtools-v86:4.12.0` where the version ("v86") matches the version of the chromium-based browser you're using and the version number of the artifact is the same as Selenium's.
]]></system-err>
  </testcase>
  <testcase name="In Carrier Add single customer with all details" classname="Carrier Customer Onboarding" time="42.868">
    <error message="Cannot invoke &quot;org.openqa.selenium.WebDriver.quit()&quot; because &quot;this.Idriver&quot; is null" type="java.lang.NullPointerException"><![CDATA[java.lang.NullPointerException: Cannot invoke "org.openqa.selenium.WebDriver.quit()" because "this.Idriver" is null
	at PageObjects.Base_class.close_window(Base_class.java:52)
	at StepDefination.Signin.close_window(Signin.java:119)
	at StepDefination.My_Load.AfterAll(My_Load.java:144)
]]></error>
    <system-out><![CDATA[
Scenario Outline: In Carrier Add single customer with all details        # src/test/resources/Customers/Carrier_Customer_Onboarding.feature:38
21:09:13.181 [AsyncHttpClient-1-5] DEBUG org.asynchttpclient.netty.channel.NettyConnectListener - Using new Channel '[id: 0xeaec79a5, L:/127.0.0.1:50410 - R:localhost/127.0.0.1:27557]' for 'POST' to '/session'
21:09:13.435 [AsyncHttpClient-1-1] DEBUG org.asynchttpclient.netty.channel.DefaultChannelPool - Entry count for : http://localhost:19806 : 1
21:09:13.435 [AsyncHttpClient-1-1] DEBUG org.asynchttpclient.netty.channel.DefaultChannelPool - Entry count for : http://localhost:50371 : 1
21:09:14.512 [AsyncHttpClient-1-5] DEBUG org.asynchttpclient.netty.handler.HttpHandler - 

Request DefaultHttpRequest(decodeResult: success, version: HTTP/1.1)
POST /session HTTP/1.1
User-Agent: selenium/4.12.0 (java windows)
Content-Length: 254
Content-Type: application/json; charset=utf-8
host: localhost:27557
accept: */*

Response DefaultHttpResponse(decodeResult: success, version: HTTP/1.1)
HTTP/1.1 200 OK
Content-Length: 888
Content-Type: application/json; charset=utf-8
cache-control: no-cache

21:09:14.521 [AsyncHttpClient-1-5] DEBUG org.asynchttpclient.netty.channel.ChannelManager - Adding key: http://localhost:27557 for channel [id: 0xeaec79a5, L:/127.0.0.1:50410 - R:localhost/127.0.0.1:27557]
21:09:14.528 [AsyncHttpClient-1-1] DEBUG org.asynchttpclient.netty.channel.DefaultChannelPool - Entry count for : http://localhost:27557 : 1
21:09:14.528 [AsyncHttpClient-1-1] DEBUG org.asynchttpclient.netty.channel.DefaultChannelPool - Entry count for : http://localhost:19806 : 1
21:09:14.528 [AsyncHttpClient-1-1] DEBUG org.asynchttpclient.netty.channel.DefaultChannelPool - Entry count for : http://localhost:50371 : 1
21:09:14.536 [AsyncHttpClient-1-6] DEBUG org.asynchttpclient.netty.channel.NettyConnectListener - Using new Channel '[id: 0xa50616dc, L:/127.0.0.1:50418 - R:localhost/127.0.0.1:50411]' for 'GET' to '/json/version'
21:09:14.544 [AsyncHttpClient-1-6] DEBUG org.asynchttpclient.netty.handler.HttpHandler - 

Request DefaultFullHttpRequest(decodeResult: success, version: HTTP/1.1, content: EmptyByteBufBE)
GET /json/version HTTP/1.1
User-Agent: selenium/4.12.0 (java windows)
host: localhost:50411
accept: */*

Response DefaultHttpResponse(decodeResult: success, version: HTTP/1.1)
HTTP/1.1 200 OK
Content-Security-Policy: frame-ancestors 'none'
Content-Length: 424
Content-Type: application/json; charset=UTF-8

21:09:14.544 [AsyncHttpClient-1-6] DEBUG org.asynchttpclient.netty.channel.ChannelManager - Adding key: http://localhost:50411 for channel [id: 0xa50616dc, L:/127.0.0.1:50418 - R:localhost/127.0.0.1:50411]
21:09:14.552 [AsyncHttpClient-1-7] DEBUG org.asynchttpclient.netty.channel.NettyConnectListener - Using new Channel '[id: 0x2049288d, L:/127.0.0.1:50419 - R:localhost/127.0.0.1:50411]' for 'GET' to '/devtools/browser/7b37cc70-b11b-4ced-8d9c-a3af5235a96e'
21:09:14.561 [AsyncHttpClient-1-7] DEBUG org.asynchttpclient.netty.handler.WebSocketHandler - 

Request DefaultFullHttpRequest(decodeResult: success, version: HTTP/1.1, content: EmptyByteBufBE)
GET /devtools/browser/7b37cc70-b11b-4ced-8d9c-a3af5235a96e HTTP/1.1
upgrade: websocket
connection: upgrade
sec-websocket-key: SfcqW+irl83dC49a9IvQvA==
sec-websocket-version: 13
origin: http://localhost:50411
host: localhost:50411
accept: */*
user-agent: AHC/2.1

Response DefaultHttpResponse(decodeResult: success, version: HTTP/1.1)
HTTP/1.1 101 WebSocket Protocol Handshake
Upgrade: WebSocket
Connection: Upgrade
Sec-WebSocket-Accept: n0yi5Ex1rh0lFl5FHsYuVzVtkgc=

21:09:14.577 [Forwarding get on session e86ab320e9c45622790b5551d95626f0 to remote] DEBUG org.asynchttpclient.netty.request.NettyRequestSender - Using pooled Channel '[id: 0xeaec79a5, L:/127.0.0.1:50410 - R:localhost/127.0.0.1:27557]' for 'POST' to 'http://localhost:27557/session/e86ab320e9c45622790b5551d95626f0/url'
21:09:14.577 [Forwarding get on session e86ab320e9c45622790b5551d95626f0 to remote] DEBUG org.asynchttpclient.netty.request.NettyRequestSender - Using open Channel [id: 0xeaec79a5, L:/127.0.0.1:50410 - R:localhost/127.0.0.1:27557] for POST '/session/e86ab320e9c45622790b5551d95626f0/url'
21:09:15.630 [AsyncHttpClient-1-1] DEBUG org.asynchttpclient.netty.channel.DefaultChannelPool - Entry count for : http://localhost:50411 : 1
21:09:15.630 [AsyncHttpClient-1-1] DEBUG org.asynchttpclient.netty.channel.DefaultChannelPool - Entry count for : http://localhost:19806 : 1
21:09:15.630 [AsyncHttpClient-1-1] DEBUG org.asynchttpclient.netty.channel.DefaultChannelPool - Entry count for : http://localhost:50371 : 1
21:09:16.150 [AsyncHttpClient-1-5] DEBUG org.asynchttpclient.netty.handler.HttpHandler - 

Request DefaultHttpRequest(decodeResult: success, version: HTTP/1.1)
POST /session/e86ab320e9c45622790b5551d95626f0/url HTTP/1.1
User-Agent: selenium/4.12.0 (java windows)
Content-Length: 92
Content-Type: application/json; charset=utf-8
host: localhost:27557
accept: */*

Response DefaultHttpResponse(decodeResult: success, version: HTTP/1.1)
HTTP/1.1 200 OK
Content-Length: 14
Content-Type: application/json; charset=utf-8
cache-control: no-cache

21:09:16.150 [AsyncHttpClient-1-5] DEBUG org.asynchttpclient.netty.channel.ChannelManager - Adding key: http://localhost:27557 for channel [id: 0xeaec79a5, L:/127.0.0.1:50410 - R:localhost/127.0.0.1:27557]
21:09:16.150 [Forwarding maximizeCurrentWindow on session e86ab320e9c45622790b5551d95626f0 to remote] DEBUG org.asynchttpclient.netty.request.NettyRequestSender - Using pooled Channel '[id: 0xeaec79a5, L:/127.0.0.1:50410 - R:localhost/127.0.0.1:27557]' for 'POST' to 'http://localhost:27557/session/e86ab320e9c45622790b5551d95626f0/window/maximize'
21:09:16.150 [Forwarding maximizeCurrentWindow on session e86ab320e9c45622790b5551d95626f0 to remote] DEBUG org.asynchttpclient.netty.request.NettyRequestSender - Using open Channel [id: 0xeaec79a5, L:/127.0.0.1:50410 - R:localhost/127.0.0.1:27557] for POST '/session/e86ab320e9c45622790b5551d95626f0/window/maximize'
21:09:16.239 [AsyncHttpClient-1-5] DEBUG org.asynchttpclient.netty.handler.HttpHandler - 

Request DefaultHttpRequest(decodeResult: success, version: HTTP/1.1)
POST /session/e86ab320e9c45622790b5551d95626f0/window/maximize HTTP/1.1
User-Agent: selenium/4.12.0 (java windows)
Content-Length: 3
Content-Type: application/json; charset=utf-8
host: localhost:27557
accept: */*

Response DefaultHttpResponse(decodeResult: success, version: HTTP/1.1)
HTTP/1.1 200 OK
Content-Length: 51
Content-Type: application/json; charset=utf-8
cache-control: no-cache

21:09:16.239 [AsyncHttpClient-1-5] DEBUG org.asynchttpclient.netty.channel.ChannelManager - Adding key: http://localhost:27557 for channel [id: 0xeaec79a5, L:/127.0.0.1:50410 - R:localhost/127.0.0.1:27557]
21:09:16.239 [Forwarding findElement on session e86ab320e9c45622790b5551d95626f0 to remote] DEBUG org.asynchttpclient.netty.request.NettyRequestSender - Using pooled Channel '[id: 0xeaec79a5, L:/127.0.0.1:50410 - R:localhost/127.0.0.1:27557]' for 'POST' to 'http://localhost:27557/session/e86ab320e9c45622790b5551d95626f0/element'
21:09:16.239 [Forwarding findElement on session e86ab320e9c45622790b5551d95626f0 to remote] DEBUG org.asynchttpclient.netty.request.NettyRequestSender - Using open Channel [id: 0xeaec79a5, L:/127.0.0.1:50410 - R:localhost/127.0.0.1:27557] for POST '/session/e86ab320e9c45622790b5551d95626f0/element'
21:09:16.264 [AsyncHttpClient-1-5] DEBUG org.asynchttpclient.netty.handler.HttpHandler - 

Request DefaultHttpRequest(decodeResult: success, version: HTTP/1.1)
POST /session/e86ab320e9c45622790b5551d95626f0/element HTTP/1.1
User-Agent: selenium/4.12.0 (java windows)
Content-Length: 69
Content-Type: application/json; charset=utf-8
host: localhost:27557
accept: */*

Response DefaultHttpResponse(decodeResult: success, version: HTTP/1.1)
HTTP/1.1 200 OK
Content-Length: 125
Content-Type: application/json; charset=utf-8
cache-control: no-cache

21:09:16.264 [AsyncHttpClient-1-5] DEBUG org.asynchttpclient.netty.channel.ChannelManager - Adding key: http://localhost:27557 for channel [id: 0xeaec79a5, L:/127.0.0.1:50410 - R:localhost/127.0.0.1:27557]
21:09:16.272 [Forwarding sendKeysToElement on session e86ab320e9c45622790b5551d95626f0 to remote] DEBUG org.asynchttpclient.netty.request.NettyRequestSender - Using pooled Channel '[id: 0xeaec79a5, L:/127.0.0.1:50410 - R:localhost/127.0.0.1:27557]' for 'POST' to 'http://localhost:27557/session/e86ab320e9c45622790b5551d95626f0/element/f.A9326238F24A3E4D46EB6F76DFB39546.d.408CFBEA016E89EDF1FA37BDD6E2A18D.e.1/value'
21:09:16.272 [Forwarding sendKeysToElement on session e86ab320e9c45622790b5551d95626f0 to remote] DEBUG org.asynchttpclient.netty.request.NettyRequestSender - Using open Channel [id: 0xeaec79a5, L:/127.0.0.1:50410 - R:localhost/127.0.0.1:27557] for POST '/session/e86ab320e9c45622790b5551d95626f0/element/f.A9326238F24A3E4D46EB6F76DFB39546.d.408CFBEA016E89EDF1FA37BDD6E2A18D.e.1/value'
21:09:16.548 [AsyncHttpClient-1-5] DEBUG org.asynchttpclient.netty.handler.HttpHandler - 

Request DefaultHttpRequest(decodeResult: success, version: HTTP/1.1)
POST /session/e86ab320e9c45622790b5551d95626f0/element/f.A9326238F24A3E4D46EB6F76DFB39546.d.408CFBEA016E89EDF1FA37BDD6E2A18D.e.1/value HTTP/1.1
User-Agent: selenium/4.12.0 (java windows)
Content-Length: 338
Content-Type: application/json; charset=utf-8
host: localhost:27557
accept: */*

Response DefaultHttpResponse(decodeResult: success, version: HTTP/1.1)
HTTP/1.1 200 OK
Content-Length: 14
Content-Type: application/json; charset=utf-8
cache-control: no-cache

21:09:16.548 [AsyncHttpClient-1-5] DEBUG org.asynchttpclient.netty.channel.ChannelManager - Adding key: http://localhost:27557 for channel [id: 0xeaec79a5, L:/127.0.0.1:50410 - R:localhost/127.0.0.1:27557]
21:09:16.548 [Forwarding findElement on session e86ab320e9c45622790b5551d95626f0 to remote] DEBUG org.asynchttpclient.netty.request.NettyRequestSender - Using pooled Channel '[id: 0xeaec79a5, L:/127.0.0.1:50410 - R:localhost/127.0.0.1:27557]' for 'POST' to 'http://localhost:27557/session/e86ab320e9c45622790b5551d95626f0/element'
21:09:16.548 [Forwarding findElement on session e86ab320e9c45622790b5551d95626f0 to remote] DEBUG org.asynchttpclient.netty.request.NettyRequestSender - Using open Channel [id: 0xeaec79a5, L:/127.0.0.1:50410 - R:localhost/127.0.0.1:27557] for POST '/session/e86ab320e9c45622790b5551d95626f0/element'
21:09:16.565 [AsyncHttpClient-1-5] DEBUG org.asynchttpclient.netty.handler.HttpHandler - 

Request DefaultHttpRequest(decodeResult: success, version: HTTP/1.1)
POST /session/e86ab320e9c45622790b5551d95626f0/element HTTP/1.1
User-Agent: selenium/4.12.0 (java windows)
Content-Length: 72
Content-Type: application/json; charset=utf-8
host: localhost:27557
accept: */*

Response DefaultHttpResponse(decodeResult: success, version: HTTP/1.1)
HTTP/1.1 200 OK
Content-Length: 125
Content-Type: application/json; charset=utf-8
cache-control: no-cache

21:09:16.565 [AsyncHttpClient-1-5] DEBUG org.asynchttpclient.netty.channel.ChannelManager - Adding key: http://localhost:27557 for channel [id: 0xeaec79a5, L:/127.0.0.1:50410 - R:localhost/127.0.0.1:27557]
21:09:16.573 [Forwarding sendKeysToElement on session e86ab320e9c45622790b5551d95626f0 to remote] DEBUG org.asynchttpclient.netty.request.NettyRequestSender - Using pooled Channel '[id: 0xeaec79a5, L:/127.0.0.1:50410 - R:localhost/127.0.0.1:27557]' for 'POST' to 'http://localhost:27557/session/e86ab320e9c45622790b5551d95626f0/element/f.A9326238F24A3E4D46EB6F76DFB39546.d.408CFBEA016E89EDF1FA37BDD6E2A18D.e.3/value'
21:09:16.573 [Forwarding sendKeysToElement on session e86ab320e9c45622790b5551d95626f0 to remote] DEBUG org.asynchttpclient.netty.request.NettyRequestSender - Using open Channel [id: 0xeaec79a5, L:/127.0.0.1:50410 - R:localhost/127.0.0.1:27557] for POST '/session/e86ab320e9c45622790b5551d95626f0/element/f.A9326238F24A3E4D46EB6F76DFB39546.d.408CFBEA016E89EDF1FA37BDD6E2A18D.e.3/value'
21:09:16.728 [AsyncHttpClient-1-1] DEBUG org.asynchttpclient.netty.channel.DefaultChannelPool - Entry count for : http://localhost:50411 : 1
21:09:16.728 [AsyncHttpClient-1-1] DEBUG org.asynchttpclient.netty.channel.DefaultChannelPool - Entry count for : http://localhost:19806 : 1
21:09:16.728 [AsyncHttpClient-1-1] DEBUG org.asynchttpclient.netty.channel.DefaultChannelPool - Entry count for : http://localhost:50371 : 1
21:09:16.875 [AsyncHttpClient-1-5] DEBUG org.asynchttpclient.netty.handler.HttpHandler - 

Request DefaultHttpRequest(decodeResult: success, version: HTTP/1.1)
POST /session/e86ab320e9c45622790b5551d95626f0/element/f.A9326238F24A3E4D46EB6F76DFB39546.d.408CFBEA016E89EDF1FA37BDD6E2A18D.e.3/value HTTP/1.1
User-Agent: selenium/4.12.0 (java windows)
Content-Length: 208
Content-Type: application/json; charset=utf-8
host: localhost:27557
accept: */*

Response DefaultHttpResponse(decodeResult: success, version: HTTP/1.1)
HTTP/1.1 200 OK
Content-Length: 14
Content-Type: application/json; charset=utf-8
cache-control: no-cache

21:09:16.875 [AsyncHttpClient-1-5] DEBUG org.asynchttpclient.netty.channel.ChannelManager - Adding key: http://localhost:27557 for channel [id: 0xeaec79a5, L:/127.0.0.1:50410 - R:localhost/127.0.0.1:27557]
21:09:16.875 [Forwarding findElement on session e86ab320e9c45622790b5551d95626f0 to remote] DEBUG org.asynchttpclient.netty.request.NettyRequestSender - Using pooled Channel '[id: 0xeaec79a5, L:/127.0.0.1:50410 - R:localhost/127.0.0.1:27557]' for 'POST' to 'http://localhost:27557/session/e86ab320e9c45622790b5551d95626f0/element'
21:09:16.875 [Forwarding findElement on session e86ab320e9c45622790b5551d95626f0 to remote] DEBUG org.asynchttpclient.netty.request.NettyRequestSender - Using open Channel [id: 0xeaec79a5, L:/127.0.0.1:50410 - R:localhost/127.0.0.1:27557] for POST '/session/e86ab320e9c45622790b5551d95626f0/element'
21:09:16.902 [AsyncHttpClient-1-5] DEBUG org.asynchttpclient.netty.handler.HttpHandler - 

Request DefaultHttpRequest(decodeResult: success, version: HTTP/1.1)
POST /session/e86ab320e9c45622790b5551d95626f0/element HTTP/1.1
User-Agent: selenium/4.12.0 (java windows)
Content-Length: 73
Content-Type: application/json; charset=utf-8
host: localhost:27557
accept: */*

Response DefaultHttpResponse(decodeResult: success, version: HTTP/1.1)
HTTP/1.1 200 OK
Content-Length: 125
Content-Type: application/json; charset=utf-8
cache-control: no-cache

21:09:16.902 [AsyncHttpClient-1-5] DEBUG org.asynchttpclient.netty.channel.ChannelManager - Adding key: http://localhost:27557 for channel [id: 0xeaec79a5, L:/127.0.0.1:50410 - R:localhost/127.0.0.1:27557]
21:09:16.908 [Forwarding clickElement on session e86ab320e9c45622790b5551d95626f0 to remote] DEBUG org.asynchttpclient.netty.request.NettyRequestSender - Using pooled Channel '[id: 0xeaec79a5, L:/127.0.0.1:50410 - R:localhost/127.0.0.1:27557]' for 'POST' to 'http://localhost:27557/session/e86ab320e9c45622790b5551d95626f0/element/f.A9326238F24A3E4D46EB6F76DFB39546.d.408CFBEA016E89EDF1FA37BDD6E2A18D.e.5/click'
21:09:16.908 [Forwarding clickElement on session e86ab320e9c45622790b5551d95626f0 to remote] DEBUG org.asynchttpclient.netty.request.NettyRequestSender - Using open Channel [id: 0xeaec79a5, L:/127.0.0.1:50410 - R:localhost/127.0.0.1:27557] for POST '/session/e86ab320e9c45622790b5551d95626f0/element/f.A9326238F24A3E4D46EB6F76DFB39546.d.408CFBEA016E89EDF1FA37BDD6E2A18D.e.5/click'
21:09:17.106 [AsyncHttpClient-1-5] DEBUG org.asynchttpclient.netty.handler.HttpHandler - 

Request DefaultHttpRequest(decodeResult: success, version: HTTP/1.1)
POST /session/e86ab320e9c45622790b5551d95626f0/element/f.A9326238F24A3E4D46EB6F76DFB39546.d.408CFBEA016E89EDF1FA37BDD6E2A18D.e.5/click HTTP/1.1
User-Agent: selenium/4.12.0 (java windows)
Content-Length: 87
Content-Type: application/json; charset=utf-8
host: localhost:27557
accept: */*

Response DefaultHttpResponse(decodeResult: success, version: HTTP/1.1)
HTTP/1.1 200 OK
Content-Length: 14
Content-Type: application/json; charset=utf-8
cache-control: no-cache

21:09:17.106 [AsyncHttpClient-1-5] DEBUG org.asynchttpclient.netty.channel.ChannelManager - Adding key: http://localhost:27557 for channel [id: 0xeaec79a5, L:/127.0.0.1:50410 - R:localhost/127.0.0.1:27557]
21:09:17.837 [AsyncHttpClient-1-1] DEBUG org.asynchttpclient.netty.channel.DefaultChannelPool - Entry count for : http://localhost:27557 : 1
21:09:17.838 [AsyncHttpClient-1-1] DEBUG org.asynchttpclient.netty.channel.DefaultChannelPool - Entry count for : http://localhost:50411 : 1
21:09:17.838 [AsyncHttpClient-1-1] DEBUG org.asynchttpclient.netty.channel.DefaultChannelPool - Entry count for : http://localhost:19806 : 1
21:09:17.838 [AsyncHttpClient-1-1] DEBUG org.asynchttpclient.netty.channel.DefaultChannelPool - Entry count for : http://localhost:50371 : 1
21:09:18.927 [AsyncHttpClient-1-1] DEBUG org.asynchttpclient.netty.channel.DefaultChannelPool - Entry count for : http://localhost:27557 : 1
21:09:18.927 [AsyncHttpClient-1-1] DEBUG org.asynchttpclient.netty.channel.DefaultChannelPool - Entry count for : http://localhost:50411 : 1
21:09:18.927 [AsyncHttpClient-1-1] DEBUG org.asynchttpclient.netty.channel.DefaultChannelPool - Entry count for : http://localhost:19806 : 1
21:09:18.928 [AsyncHttpClient-1-1] DEBUG org.asynchttpclient.netty.channel.DefaultChannelPool - Entry count for : http://localhost:50371 : 1
21:09:20.026 [AsyncHttpClient-1-1] DEBUG org.asynchttpclient.netty.channel.DefaultChannelPool - Entry count for : http://localhost:27557 : 1
21:09:20.026 [AsyncHttpClient-1-1] DEBUG org.asynchttpclient.netty.channel.DefaultChannelPool - Entry count for : http://localhost:50411 : 1
21:09:20.026 [AsyncHttpClient-1-1] DEBUG org.asynchttpclient.netty.channel.DefaultChannelPool - Entry count for : http://localhost:19806 : 1
21:09:20.028 [AsyncHttpClient-1-1] DEBUG org.asynchttpclient.netty.channel.DefaultChannelPool - Entry count for : http://localhost:50371 : 1
21:09:21.133 [AsyncHttpClient-1-1] DEBUG org.asynchttpclient.netty.channel.DefaultChannelPool - Entry count for : http://localhost:27557 : 1
21:09:21.134 [AsyncHttpClient-1-1] DEBUG org.asynchttpclient.netty.channel.DefaultChannelPool - Entry count for : http://localhost:50411 : 1
21:09:21.134 [AsyncHttpClient-1-1] DEBUG org.asynchttpclient.netty.channel.DefaultChannelPool - Entry count for : http://localhost:19806 : 1
21:09:21.134 [AsyncHttpClient-1-1] DEBUG org.asynchttpclient.netty.channel.DefaultChannelPool - Entry count for : http://localhost:50371 : 1
21:09:22.110 [Forwarding getCurrentUrl on session e86ab320e9c45622790b5551d95626f0 to remote] DEBUG org.asynchttpclient.netty.request.NettyRequestSender - Using pooled Channel '[id: 0xeaec79a5, L:/127.0.0.1:50410 - R:localhost/127.0.0.1:27557]' for 'GET' to 'http://localhost:27557/session/e86ab320e9c45622790b5551d95626f0/url'
21:09:22.110 [Forwarding getCurrentUrl on session e86ab320e9c45622790b5551d95626f0 to remote] DEBUG org.asynchttpclient.netty.request.NettyRequestSender - Using open Channel [id: 0xeaec79a5, L:/127.0.0.1:50410 - R:localhost/127.0.0.1:27557] for GET '/session/e86ab320e9c45622790b5551d95626f0/url'
21:09:22.119 [AsyncHttpClient-1-5] DEBUG org.asynchttpclient.netty.handler.HttpHandler - 

Request DefaultFullHttpRequest(decodeResult: success, version: HTTP/1.1, content: EmptyByteBufBE)
GET /session/e86ab320e9c45622790b5551d95626f0/url HTTP/1.1
Cache-Control: no-cache
User-Agent: selenium/4.12.0 (java windows)
Content-Type: application/json; charset=utf-8
host: localhost:27557
accept: */*

Response DefaultHttpResponse(decodeResult: success, version: HTTP/1.1)
HTTP/1.1 200 OK
Content-Length: 69
Content-Type: application/json; charset=utf-8
cache-control: no-cache

21:09:22.119 [AsyncHttpClient-1-5] DEBUG org.asynchttpclient.netty.channel.ChannelManager - Adding key: http://localhost:27557 for channel [id: 0xeaec79a5, L:/127.0.0.1:50410 - R:localhost/127.0.0.1:27557]
https://fleet-manager-development.vercel.app/auth/sign-in
21:09:22.128 [Forwarding findElement on session e86ab320e9c45622790b5551d95626f0 to remote] DEBUG org.asynchttpclient.netty.request.NettyRequestSender - Using pooled Channel '[id: 0xeaec79a5, L:/127.0.0.1:50410 - R:localhost/127.0.0.1:27557]' for 'POST' to 'http://localhost:27557/session/e86ab320e9c45622790b5551d95626f0/element'
21:09:22.128 [Forwarding findElement on session e86ab320e9c45622790b5551d95626f0 to remote] DEBUG org.asynchttpclient.netty.request.NettyRequestSender - Using open Channel [id: 0xeaec79a5, L:/127.0.0.1:50410 - R:localhost/127.0.0.1:27557] for POST '/session/e86ab320e9c45622790b5551d95626f0/element'
21:09:22.143 [AsyncHttpClient-1-5] DEBUG org.asynchttpclient.netty.handler.HttpHandler - 

Request DefaultHttpRequest(decodeResult: success, version: HTTP/1.1)
POST /session/e86ab320e9c45622790b5551d95626f0/element HTTP/1.1
User-Agent: selenium/4.12.0 (java windows)
Content-Length: 66
Content-Type: application/json; charset=utf-8
host: localhost:27557
accept: */*

Response DefaultHttpResponse(decodeResult: success, version: HTTP/1.1)
HTTP/1.1 200 OK
Content-Length: 126
Content-Type: application/json; charset=utf-8
cache-control: no-cache

21:09:22.143 [AsyncHttpClient-1-5] DEBUG org.asynchttpclient.netty.channel.ChannelManager - Adding key: http://localhost:27557 for channel [id: 0xeaec79a5, L:/127.0.0.1:50410 - R:localhost/127.0.0.1:27557]
21:09:22.152 [Forwarding isElementDisplayed on session e86ab320e9c45622790b5551d95626f0 to remote] DEBUG org.asynchttpclient.netty.request.NettyRequestSender - Using pooled Channel '[id: 0xeaec79a5, L:/127.0.0.1:50410 - R:localhost/127.0.0.1:27557]' for 'POST' to 'http://localhost:27557/session/e86ab320e9c45622790b5551d95626f0/execute/sync'
21:09:22.152 [Forwarding isElementDisplayed on session e86ab320e9c45622790b5551d95626f0 to remote] DEBUG org.asynchttpclient.netty.request.NettyRequestSender - Using open Channel [id: 0xeaec79a5, L:/127.0.0.1:50410 - R:localhost/127.0.0.1:27557] for POST '/session/e86ab320e9c45622790b5551d95626f0/execute/sync'
21:09:22.180 [AsyncHttpClient-1-5] DEBUG org.asynchttpclient.netty.handler.HttpHandler - 

Request DefaultHttpRequest(decodeResult: success, version: HTTP/1.1)
POST /session/e86ab320e9c45622790b5551d95626f0/execute/sync HTTP/1.1
User-Agent: selenium/4.12.0 (java windows)
Content-Length: 48734
Content-Type: application/json; charset=utf-8
host: localhost:27557
accept: */*

Response DefaultHttpResponse(decodeResult: success, version: HTTP/1.1)
HTTP/1.1 200 OK
Content-Length: 14
Content-Type: application/json; charset=utf-8
cache-control: no-cache

21:09:22.180 [AsyncHttpClient-1-5] DEBUG org.asynchttpclient.netty.channel.ChannelManager - Adding key: http://localhost:27557 for channel [id: 0xeaec79a5, L:/127.0.0.1:50410 - R:localhost/127.0.0.1:27557]
21:09:22.185 [Forwarding findElement on session e86ab320e9c45622790b5551d95626f0 to remote] DEBUG org.asynchttpclient.netty.request.NettyRequestSender - Using pooled Channel '[id: 0xeaec79a5, L:/127.0.0.1:50410 - R:localhost/127.0.0.1:27557]' for 'POST' to 'http://localhost:27557/session/e86ab320e9c45622790b5551d95626f0/element'
21:09:22.185 [Forwarding findElement on session e86ab320e9c45622790b5551d95626f0 to remote] DEBUG org.asynchttpclient.netty.request.NettyRequestSender - Using open Channel [id: 0xeaec79a5, L:/127.0.0.1:50410 - R:localhost/127.0.0.1:27557] for POST '/session/e86ab320e9c45622790b5551d95626f0/element'
21:09:22.194 [AsyncHttpClient-1-5] DEBUG org.asynchttpclient.netty.handler.HttpHandler - 

Request DefaultHttpRequest(decodeResult: success, version: HTTP/1.1)
POST /session/e86ab320e9c45622790b5551d95626f0/element HTTP/1.1
User-Agent: selenium/4.12.0 (java windows)
Content-Length: 66
Content-Type: application/json; charset=utf-8
host: localhost:27557
accept: */*

Response DefaultHttpResponse(decodeResult: success, version: HTTP/1.1)
HTTP/1.1 200 OK
Content-Length: 126
Content-Type: application/json; charset=utf-8
cache-control: no-cache

21:09:22.201 [AsyncHttpClient-1-5] DEBUG org.asynchttpclient.netty.channel.ChannelManager - Adding key: http://localhost:27557 for channel [id: 0xeaec79a5, L:/127.0.0.1:50410 - R:localhost/127.0.0.1:27557]
21:09:22.201 [Forwarding getElementText on session e86ab320e9c45622790b5551d95626f0 to remote] DEBUG org.asynchttpclient.netty.request.NettyRequestSender - Using pooled Channel '[id: 0xeaec79a5, L:/127.0.0.1:50410 - R:localhost/127.0.0.1:27557]' for 'GET' to 'http://localhost:27557/session/e86ab320e9c45622790b5551d95626f0/element/f.A9326238F24A3E4D46EB6F76DFB39546.d.408CFBEA016E89EDF1FA37BDD6E2A18D.e.19/text'
21:09:22.201 [Forwarding getElementText on session e86ab320e9c45622790b5551d95626f0 to remote] DEBUG org.asynchttpclient.netty.request.NettyRequestSender - Using open Channel [id: 0xeaec79a5, L:/127.0.0.1:50410 - R:localhost/127.0.0.1:27557] for GET '/session/e86ab320e9c45622790b5551d95626f0/element/f.A9326238F24A3E4D46EB6F76DFB39546.d.408CFBEA016E89EDF1FA37BDD6E2A18D.e.19/text'
21:09:22.218 [AsyncHttpClient-1-5] DEBUG org.asynchttpclient.netty.handler.HttpHandler - 

Request DefaultFullHttpRequest(decodeResult: success, version: HTTP/1.1, content: EmptyByteBufBE)
GET /session/e86ab320e9c45622790b5551d95626f0/element/f.A9326238F24A3E4D46EB6F76DFB39546.d.408CFBEA016E89EDF1FA37BDD6E2A18D.e.19/text HTTP/1.1
Cache-Control: no-cache
User-Agent: selenium/4.12.0 (java windows)
Content-Type: application/json; charset=utf-8
host: localhost:27557
accept: */*

Response DefaultHttpResponse(decodeResult: success, version: HTTP/1.1)
HTTP/1.1 200 OK
Content-Length: 33
Content-Type: application/json; charset=utf-8
cache-control: no-cache

21:09:22.218 [AsyncHttpClient-1-5] DEBUG org.asynchttpclient.netty.channel.ChannelManager - Adding key: http://localhost:27557 for channel [id: 0xeaec79a5, L:/127.0.0.1:50410 - R:localhost/127.0.0.1:27557]
21:09:22.226 [AsyncHttpClient-1-1] DEBUG org.asynchttpclient.netty.channel.DefaultChannelPool - Entry count for : http://localhost:27557 : 1
21:09:22.226 [Forwarding findElement on session e86ab320e9c45622790b5551d95626f0 to remote] DEBUG org.asynchttpclient.netty.request.NettyRequestSender - Using pooled Channel '[id: 0xeaec79a5, L:/127.0.0.1:50410 - R:localhost/127.0.0.1:27557]' for 'POST' to 'http://localhost:27557/session/e86ab320e9c45622790b5551d95626f0/element'
21:09:22.226 [AsyncHttpClient-1-1] DEBUG org.asynchttpclient.netty.channel.DefaultChannelPool - Entry count for : http://localhost:50411 : 1
21:09:22.226 [Forwarding findElement on session e86ab320e9c45622790b5551d95626f0 to remote] DEBUG org.asynchttpclient.netty.request.NettyRequestSender - Using open Channel [id: 0xeaec79a5, L:/127.0.0.1:50410 - R:localhost/127.0.0.1:27557] for POST '/session/e86ab320e9c45622790b5551d95626f0/element'
21:09:22.226 [AsyncHttpClient-1-1] DEBUG org.asynchttpclient.netty.channel.DefaultChannelPool - Entry count for : http://localhost:19806 : 1
21:09:22.226 [AsyncHttpClient-1-1] DEBUG org.asynchttpclient.netty.channel.DefaultChannelPool - Entry count for : http://localhost:50371 : 1
21:09:22.244 [AsyncHttpClient-1-5] DEBUG org.asynchttpclient.netty.handler.HttpHandler - 

Request DefaultHttpRequest(decodeResult: success, version: HTTP/1.1)
POST /session/e86ab320e9c45622790b5551d95626f0/element HTTP/1.1
User-Agent: selenium/4.12.0 (java windows)
Content-Length: 74
Content-Type: application/json; charset=utf-8
host: localhost:27557
accept: */*

Response DefaultHttpResponse(decodeResult: success, version: HTTP/1.1)
HTTP/1.1 200 OK
Content-Length: 126
Content-Type: application/json; charset=utf-8
cache-control: no-cache

21:09:22.244 [AsyncHttpClient-1-5] DEBUG org.asynchttpclient.netty.channel.ChannelManager - Adding key: http://localhost:27557 for channel [id: 0xeaec79a5, L:/127.0.0.1:50410 - R:localhost/127.0.0.1:27557]
21:09:22.244 [Forwarding clickElement on session e86ab320e9c45622790b5551d95626f0 to remote] DEBUG org.asynchttpclient.netty.request.NettyRequestSender - Using pooled Channel '[id: 0xeaec79a5, L:/127.0.0.1:50410 - R:localhost/127.0.0.1:27557]' for 'POST' to 'http://localhost:27557/session/e86ab320e9c45622790b5551d95626f0/element/f.A9326238F24A3E4D46EB6F76DFB39546.d.408CFBEA016E89EDF1FA37BDD6E2A18D.e.20/click'
21:09:22.244 [Forwarding clickElement on session e86ab320e9c45622790b5551d95626f0 to remote] DEBUG org.asynchttpclient.netty.request.NettyRequestSender - Using open Channel [id: 0xeaec79a5, L:/127.0.0.1:50410 - R:localhost/127.0.0.1:27557] for POST '/session/e86ab320e9c45622790b5551d95626f0/element/f.A9326238F24A3E4D46EB6F76DFB39546.d.408CFBEA016E89EDF1FA37BDD6E2A18D.e.20/click'
21:09:22.353 [AsyncHttpClient-1-5] DEBUG org.asynchttpclient.netty.handler.HttpHandler - 

Request DefaultHttpRequest(decodeResult: success, version: HTTP/1.1)
POST /session/e86ab320e9c45622790b5551d95626f0/element/f.A9326238F24A3E4D46EB6F76DFB39546.d.408CFBEA016E89EDF1FA37BDD6E2A18D.e.20/click HTTP/1.1
User-Agent: selenium/4.12.0 (java windows)
Content-Length: 88
Content-Type: application/json; charset=utf-8
host: localhost:27557
accept: */*

Response DefaultHttpResponse(decodeResult: success, version: HTTP/1.1)
HTTP/1.1 200 OK
Content-Length: 14
Content-Type: application/json; charset=utf-8
cache-control: no-cache

21:09:22.353 [AsyncHttpClient-1-5] DEBUG org.asynchttpclient.netty.channel.ChannelManager - Adding key: http://localhost:27557 for channel [id: 0xeaec79a5, L:/127.0.0.1:50410 - R:localhost/127.0.0.1:27557]
21:09:23.328 [AsyncHttpClient-1-1] DEBUG org.asynchttpclient.netty.channel.DefaultChannelPool - Entry count for : http://localhost:27557 : 1
21:09:23.329 [AsyncHttpClient-1-1] DEBUG org.asynchttpclient.netty.channel.DefaultChannelPool - Entry count for : http://localhost:50411 : 1
21:09:23.329 [AsyncHttpClient-1-1] DEBUG org.asynchttpclient.netty.channel.DefaultChannelPool - Entry count for : http://localhost:19806 : 1
21:09:23.329 [AsyncHttpClient-1-1] DEBUG org.asynchttpclient.netty.channel.DefaultChannelPool - Entry count for : http://localhost:50371 : 1
21:09:24.426 [AsyncHttpClient-1-1] DEBUG org.asynchttpclient.netty.channel.DefaultChannelPool - Entry count for : http://localhost:27557 : 1
21:09:24.426 [AsyncHttpClient-1-1] DEBUG org.asynchttpclient.netty.channel.DefaultChannelPool - Entry count for : http://localhost:50411 : 1
21:09:24.426 [AsyncHttpClient-1-1] DEBUG org.asynchttpclient.netty.channel.DefaultChannelPool - Entry count for : http://localhost:19806 : 1
21:09:24.426 [AsyncHttpClient-1-1] DEBUG org.asynchttpclient.netty.channel.DefaultChannelPool - Entry count for : http://localhost:50371 : 1
screen shot class not taking
  Given I am on dashboardfokisaj290@edectus.com and Fleet@123            # StepDefination.Customer_onboarding.I_am_on_dashboard(java.lang.String,java.lang.String)
21:09:25.527 [AsyncHttpClient-1-1] DEBUG org.asynchttpclient.netty.channel.DefaultChannelPool - Entry count for : http://localhost:27557 : 1
21:09:25.527 [AsyncHttpClient-1-1] DEBUG org.asynchttpclient.netty.channel.DefaultChannelPool - Entry count for : http://localhost:50411 : 1
21:09:25.527 [AsyncHttpClient-1-1] DEBUG org.asynchttpclient.netty.channel.DefaultChannelPool - Entry count for : http://localhost:19806 : 1
21:09:25.527 [AsyncHttpClient-1-1] DEBUG org.asynchttpclient.netty.channel.DefaultChannelPool - Entry count for : http://localhost:50371 : 1
21:09:25.869 [Forwarding findElement on session e86ab320e9c45622790b5551d95626f0 to remote] DEBUG org.asynchttpclient.netty.request.NettyRequestSender - Using pooled Channel '[id: 0xeaec79a5, L:/127.0.0.1:50410 - R:localhost/127.0.0.1:27557]' for 'POST' to 'http://localhost:27557/session/e86ab320e9c45622790b5551d95626f0/element'
21:09:25.869 [Forwarding findElement on session e86ab320e9c45622790b5551d95626f0 to remote] DEBUG org.asynchttpclient.netty.request.NettyRequestSender - Using open Channel [id: 0xeaec79a5, L:/127.0.0.1:50410 - R:localhost/127.0.0.1:27557] for POST '/session/e86ab320e9c45622790b5551d95626f0/element'
21:09:25.901 [AsyncHttpClient-1-5] DEBUG org.asynchttpclient.netty.handler.HttpHandler - 

Request DefaultHttpRequest(decodeResult: success, version: HTTP/1.1)
POST /session/e86ab320e9c45622790b5551d95626f0/element HTTP/1.1
User-Agent: selenium/4.12.0 (java windows)
Content-Length: 195
Content-Type: application/json; charset=utf-8
host: localhost:27557
accept: */*

Response DefaultHttpResponse(decodeResult: success, version: HTTP/1.1)
HTTP/1.1 200 OK
Content-Length: 126
Content-Type: application/json; charset=utf-8
cache-control: no-cache

21:09:25.901 [AsyncHttpClient-1-5] DEBUG org.asynchttpclient.netty.channel.ChannelManager - Adding key: http://localhost:27557 for channel [id: 0xeaec79a5, L:/127.0.0.1:50410 - R:localhost/127.0.0.1:27557]
21:09:25.901 [Forwarding clickElement on session e86ab320e9c45622790b5551d95626f0 to remote] DEBUG org.asynchttpclient.netty.request.NettyRequestSender - Using pooled Channel '[id: 0xeaec79a5, L:/127.0.0.1:50410 - R:localhost/127.0.0.1:27557]' for 'POST' to 'http://localhost:27557/session/e86ab320e9c45622790b5551d95626f0/element/f.A9326238F24A3E4D46EB6F76DFB39546.d.15C7DE7EF8FF34B80CDEAC89899D7659.e.42/click'
21:09:25.901 [Forwarding clickElement on session e86ab320e9c45622790b5551d95626f0 to remote] DEBUG org.asynchttpclient.netty.request.NettyRequestSender - Using open Channel [id: 0xeaec79a5, L:/127.0.0.1:50410 - R:localhost/127.0.0.1:27557] for POST '/session/e86ab320e9c45622790b5551d95626f0/element/f.A9326238F24A3E4D46EB6F76DFB39546.d.15C7DE7EF8FF34B80CDEAC89899D7659.e.42/click'
21:09:26.098 [AsyncHttpClient-1-5] DEBUG org.asynchttpclient.netty.handler.HttpHandler - 

Request DefaultHttpRequest(decodeResult: success, version: HTTP/1.1)
POST /session/e86ab320e9c45622790b5551d95626f0/element/f.A9326238F24A3E4D46EB6F76DFB39546.d.15C7DE7EF8FF34B80CDEAC89899D7659.e.42/click HTTP/1.1
User-Agent: selenium/4.12.0 (java windows)
Content-Length: 88
Content-Type: application/json; charset=utf-8
host: localhost:27557
accept: */*

Response DefaultHttpResponse(decodeResult: success, version: HTTP/1.1)
HTTP/1.1 200 OK
Content-Length: 14
Content-Type: application/json; charset=utf-8
cache-control: no-cache

21:09:26.098 [AsyncHttpClient-1-5] DEBUG org.asynchttpclient.netty.channel.ChannelManager - Adding key: http://localhost:27557 for channel [id: 0xeaec79a5, L:/127.0.0.1:50410 - R:localhost/127.0.0.1:27557]
  And Tap_On_Carrier_Tab                                                 # StepDefination.Customer_onboarding.tap_on_carrirer_Tab()
21:09:26.106 [Forwarding findElement on session e86ab320e9c45622790b5551d95626f0 to remote] DEBUG org.asynchttpclient.netty.request.NettyRequestSender - Using pooled Channel '[id: 0xeaec79a5, L:/127.0.0.1:50410 - R:localhost/127.0.0.1:27557]' for 'POST' to 'http://localhost:27557/session/e86ab320e9c45622790b5551d95626f0/element'
21:09:26.106 [Forwarding findElement on session e86ab320e9c45622790b5551d95626f0 to remote] DEBUG org.asynchttpclient.netty.request.NettyRequestSender - Using open Channel [id: 0xeaec79a5, L:/127.0.0.1:50410 - R:localhost/127.0.0.1:27557] for POST '/session/e86ab320e9c45622790b5551d95626f0/element'
21:09:26.147 [AsyncHttpClient-1-5] DEBUG org.asynchttpclient.netty.handler.HttpHandler - 

Request DefaultHttpRequest(decodeResult: success, version: HTTP/1.1)
POST /session/e86ab320e9c45622790b5551d95626f0/element HTTP/1.1
User-Agent: selenium/4.12.0 (java windows)
Content-Length: 127
Content-Type: application/json; charset=utf-8
host: localhost:27557
accept: */*

Response DefaultHttpResponse(decodeResult: success, version: HTTP/1.1)
HTTP/1.1 200 OK
Content-Length: 126
Content-Type: application/json; charset=utf-8
cache-control: no-cache

21:09:26.147 [AsyncHttpClient-1-5] DEBUG org.asynchttpclient.netty.channel.ChannelManager - Adding key: http://localhost:27557 for channel [id: 0xeaec79a5, L:/127.0.0.1:50410 - R:localhost/127.0.0.1:27557]
21:09:26.148 [Forwarding getElementText on session e86ab320e9c45622790b5551d95626f0 to remote] DEBUG org.asynchttpclient.netty.request.NettyRequestSender - Using pooled Channel '[id: 0xeaec79a5, L:/127.0.0.1:50410 - R:localhost/127.0.0.1:27557]' for 'GET' to 'http://localhost:27557/session/e86ab320e9c45622790b5551d95626f0/element/f.A9326238F24A3E4D46EB6F76DFB39546.d.15C7DE7EF8FF34B80CDEAC89899D7659.e.44/text'
21:09:26.148 [Forwarding getElementText on session e86ab320e9c45622790b5551d95626f0 to remote] DEBUG org.asynchttpclient.netty.request.NettyRequestSender - Using open Channel [id: 0xeaec79a5, L:/127.0.0.1:50410 - R:localhost/127.0.0.1:27557] for GET '/session/e86ab320e9c45622790b5551d95626f0/element/f.A9326238F24A3E4D46EB6F76DFB39546.d.15C7DE7EF8FF34B80CDEAC89899D7659.e.44/text'
21:09:26.173 [AsyncHttpClient-1-5] DEBUG org.asynchttpclient.netty.handler.HttpHandler - 

Request DefaultFullHttpRequest(decodeResult: success, version: HTTP/1.1, content: EmptyByteBufBE)
GET /session/e86ab320e9c45622790b5551d95626f0/element/f.A9326238F24A3E4D46EB6F76DFB39546.d.15C7DE7EF8FF34B80CDEAC89899D7659.e.44/text HTTP/1.1
Cache-Control: no-cache
User-Agent: selenium/4.12.0 (java windows)
Content-Type: application/json; charset=utf-8
host: localhost:27557
accept: */*

Response DefaultHttpResponse(decodeResult: success, version: HTTP/1.1)
HTTP/1.1 200 OK
Content-Length: 21
Content-Type: application/json; charset=utf-8
cache-control: no-cache

21:09:26.173 [AsyncHttpClient-1-5] DEBUG org.asynchttpclient.netty.channel.ChannelManager - Adding key: http://localhost:27557 for channel [id: 0xeaec79a5, L:/127.0.0.1:50410 - R:localhost/127.0.0.1:27557]
21:09:26.173 [Forwarding findElement on session e86ab320e9c45622790b5551d95626f0 to remote] DEBUG org.asynchttpclient.netty.request.NettyRequestSender - Using pooled Channel '[id: 0xeaec79a5, L:/127.0.0.1:50410 - R:localhost/127.0.0.1:27557]' for 'POST' to 'http://localhost:27557/session/e86ab320e9c45622790b5551d95626f0/element'
21:09:26.173 [Forwarding findElement on session e86ab320e9c45622790b5551d95626f0 to remote] DEBUG org.asynchttpclient.netty.request.NettyRequestSender - Using open Channel [id: 0xeaec79a5, L:/127.0.0.1:50410 - R:localhost/127.0.0.1:27557] for POST '/session/e86ab320e9c45622790b5551d95626f0/element'
21:09:26.197 [AsyncHttpClient-1-5] DEBUG org.asynchttpclient.netty.handler.HttpHandler - 

Request DefaultHttpRequest(decodeResult: success, version: HTTP/1.1)
POST /session/e86ab320e9c45622790b5551d95626f0/element HTTP/1.1
User-Agent: selenium/4.12.0 (java windows)
Content-Length: 127
Content-Type: application/json; charset=utf-8
host: localhost:27557
accept: */*

Response DefaultHttpResponse(decodeResult: success, version: HTTP/1.1)
HTTP/1.1 200 OK
Content-Length: 126
Content-Type: application/json; charset=utf-8
cache-control: no-cache

21:09:26.197 [AsyncHttpClient-1-5] DEBUG org.asynchttpclient.netty.channel.ChannelManager - Adding key: http://localhost:27557 for channel [id: 0xeaec79a5, L:/127.0.0.1:50410 - R:localhost/127.0.0.1:27557]
21:09:26.206 [Forwarding clickElement on session e86ab320e9c45622790b5551d95626f0 to remote] DEBUG org.asynchttpclient.netty.request.NettyRequestSender - Using pooled Channel '[id: 0xeaec79a5, L:/127.0.0.1:50410 - R:localhost/127.0.0.1:27557]' for 'POST' to 'http://localhost:27557/session/e86ab320e9c45622790b5551d95626f0/element/f.A9326238F24A3E4D46EB6F76DFB39546.d.15C7DE7EF8FF34B80CDEAC89899D7659.e.44/click'
21:09:26.206 [Forwarding clickElement on session e86ab320e9c45622790b5551d95626f0 to remote] DEBUG org.asynchttpclient.netty.request.NettyRequestSender - Using open Channel [id: 0xeaec79a5, L:/127.0.0.1:50410 - R:localhost/127.0.0.1:27557] for POST '/session/e86ab320e9c45622790b5551d95626f0/element/f.A9326238F24A3E4D46EB6F76DFB39546.d.15C7DE7EF8FF34B80CDEAC89899D7659.e.44/click'
21:09:26.394 [AsyncHttpClient-1-5] DEBUG org.asynchttpclient.netty.handler.HttpHandler - 

Request DefaultHttpRequest(decodeResult: success, version: HTTP/1.1)
POST /session/e86ab320e9c45622790b5551d95626f0/element/f.A9326238F24A3E4D46EB6F76DFB39546.d.15C7DE7EF8FF34B80CDEAC89899D7659.e.44/click HTTP/1.1
User-Agent: selenium/4.12.0 (java windows)
Content-Length: 88
Content-Type: application/json; charset=utf-8
host: localhost:27557
accept: */*

Response DefaultHttpResponse(decodeResult: success, version: HTTP/1.1)
HTTP/1.1 200 OK
Content-Length: 14
Content-Type: application/json; charset=utf-8
cache-control: no-cache

21:09:26.403 [AsyncHttpClient-1-5] DEBUG org.asynchttpclient.netty.channel.ChannelManager - Adding key: http://localhost:27557 for channel [id: 0xeaec79a5, L:/127.0.0.1:50410 - R:localhost/127.0.0.1:27557]
21:09:26.625 [AsyncHttpClient-1-1] DEBUG org.asynchttpclient.netty.channel.DefaultChannelPool - Entry count for : http://localhost:27557 : 1
21:09:26.625 [AsyncHttpClient-1-1] DEBUG org.asynchttpclient.netty.channel.DefaultChannelPool - Entry count for : http://localhost:50411 : 1
21:09:26.625 [AsyncHttpClient-1-1] DEBUG org.asynchttpclient.netty.channel.DefaultChannelPool - Entry count for : http://localhost:19806 : 1
21:09:26.625 [AsyncHttpClient-1-1] DEBUG org.asynchttpclient.netty.channel.DefaultChannelPool - Entry count for : http://localhost:50371 : 1
21:09:27.731 [AsyncHttpClient-1-1] DEBUG org.asynchttpclient.netty.channel.DefaultChannelPool - Entry count for : http://localhost:27557 : 1
21:09:27.731 [AsyncHttpClient-1-1] DEBUG org.asynchttpclient.netty.channel.DefaultChannelPool - Entry count for : http://localhost:50411 : 1
21:09:27.731 [AsyncHttpClient-1-1] DEBUG org.asynchttpclient.netty.channel.DefaultChannelPool - Entry count for : http://localhost:19806 : 1
21:09:27.731 [AsyncHttpClient-1-1] DEBUG org.asynchttpclient.netty.channel.DefaultChannelPool - Entry count for : http://localhost:50371 : 1
screen shot class not taking
21:09:28.407 [Forwarding findElement on session e86ab320e9c45622790b5551d95626f0 to remote] DEBUG org.asynchttpclient.netty.request.NettyRequestSender - Using pooled Channel '[id: 0xeaec79a5, L:/127.0.0.1:50410 - R:localhost/127.0.0.1:27557]' for 'POST' to 'http://localhost:27557/session/e86ab320e9c45622790b5551d95626f0/element'
21:09:28.407 [Forwarding findElement on session e86ab320e9c45622790b5551d95626f0 to remote] DEBUG org.asynchttpclient.netty.request.NettyRequestSender - Using open Channel [id: 0xeaec79a5, L:/127.0.0.1:50410 - R:localhost/127.0.0.1:27557] for POST '/session/e86ab320e9c45622790b5551d95626f0/element'
21:09:28.432 [AsyncHttpClient-1-5] DEBUG org.asynchttpclient.netty.handler.HttpHandler - 

Request DefaultHttpRequest(decodeResult: success, version: HTTP/1.1)
POST /session/e86ab320e9c45622790b5551d95626f0/element HTTP/1.1
User-Agent: selenium/4.12.0 (java windows)
Content-Length: 178
Content-Type: application/json; charset=utf-8
host: localhost:27557
accept: */*

Response DefaultHttpResponse(decodeResult: success, version: HTTP/1.1)
HTTP/1.1 200 OK
Content-Length: 126
Content-Type: application/json; charset=utf-8
cache-control: no-cache

21:09:28.432 [AsyncHttpClient-1-5] DEBUG org.asynchttpclient.netty.channel.ChannelManager - Adding key: http://localhost:27557 for channel [id: 0xeaec79a5, L:/127.0.0.1:50410 - R:localhost/127.0.0.1:27557]
21:09:28.432 [Forwarding getElementText on session e86ab320e9c45622790b5551d95626f0 to remote] DEBUG org.asynchttpclient.netty.request.NettyRequestSender - Using pooled Channel '[id: 0xeaec79a5, L:/127.0.0.1:50410 - R:localhost/127.0.0.1:27557]' for 'GET' to 'http://localhost:27557/session/e86ab320e9c45622790b5551d95626f0/element/f.A9326238F24A3E4D46EB6F76DFB39546.d.15C7DE7EF8FF34B80CDEAC89899D7659.e.49/text'
21:09:28.432 [Forwarding getElementText on session e86ab320e9c45622790b5551d95626f0 to remote] DEBUG org.asynchttpclient.netty.request.NettyRequestSender - Using open Channel [id: 0xeaec79a5, L:/127.0.0.1:50410 - R:localhost/127.0.0.1:27557] for GET '/session/e86ab320e9c45622790b5551d95626f0/element/f.A9326238F24A3E4D46EB6F76DFB39546.d.15C7DE7EF8FF34B80CDEAC89899D7659.e.49/text'
21:09:28.448 [AsyncHttpClient-1-5] DEBUG org.asynchttpclient.netty.handler.HttpHandler - 

Request DefaultFullHttpRequest(decodeResult: success, version: HTTP/1.1, content: EmptyByteBufBE)
GET /session/e86ab320e9c45622790b5551d95626f0/element/f.A9326238F24A3E4D46EB6F76DFB39546.d.15C7DE7EF8FF34B80CDEAC89899D7659.e.49/text HTTP/1.1
Cache-Control: no-cache
User-Agent: selenium/4.12.0 (java windows)
Content-Type: application/json; charset=utf-8
host: localhost:27557
accept: */*

Response DefaultHttpResponse(decodeResult: success, version: HTTP/1.1)
HTTP/1.1 200 OK
Content-Length: 28
Content-Type: application/json; charset=utf-8
cache-control: no-cache

21:09:28.448 [AsyncHttpClient-1-5] DEBUG org.asynchttpclient.netty.channel.ChannelManager - Adding key: http://localhost:27557 for channel [id: 0xeaec79a5, L:/127.0.0.1:50410 - R:localhost/127.0.0.1:27557]
21:09:28.448 [Forwarding findElement on session e86ab320e9c45622790b5551d95626f0 to remote] DEBUG org.asynchttpclient.netty.request.NettyRequestSender - Using pooled Channel '[id: 0xeaec79a5, L:/127.0.0.1:50410 - R:localhost/127.0.0.1:27557]' for 'POST' to 'http://localhost:27557/session/e86ab320e9c45622790b5551d95626f0/element'
21:09:28.448 [Forwarding findElement on session e86ab320e9c45622790b5551d95626f0 to remote] DEBUG org.asynchttpclient.netty.request.NettyRequestSender - Using open Channel [id: 0xeaec79a5, L:/127.0.0.1:50410 - R:localhost/127.0.0.1:27557] for POST '/session/e86ab320e9c45622790b5551d95626f0/element'
21:09:28.465 [AsyncHttpClient-1-5] DEBUG org.asynchttpclient.netty.handler.HttpHandler - 

Request DefaultHttpRequest(decodeResult: success, version: HTTP/1.1)
POST /session/e86ab320e9c45622790b5551d95626f0/element HTTP/1.1
User-Agent: selenium/4.12.0 (java windows)
Content-Length: 178
Content-Type: application/json; charset=utf-8
host: localhost:27557
accept: */*

Response DefaultHttpResponse(decodeResult: success, version: HTTP/1.1)
HTTP/1.1 200 OK
Content-Length: 126
Content-Type: application/json; charset=utf-8
cache-control: no-cache

21:09:28.465 [AsyncHttpClient-1-5] DEBUG org.asynchttpclient.netty.channel.ChannelManager - Adding key: http://localhost:27557 for channel [id: 0xeaec79a5, L:/127.0.0.1:50410 - R:localhost/127.0.0.1:27557]
21:09:28.465 [Forwarding clickElement on session e86ab320e9c45622790b5551d95626f0 to remote] DEBUG org.asynchttpclient.netty.request.NettyRequestSender - Using pooled Channel '[id: 0xeaec79a5, L:/127.0.0.1:50410 - R:localhost/127.0.0.1:27557]' for 'POST' to 'http://localhost:27557/session/e86ab320e9c45622790b5551d95626f0/element/f.A9326238F24A3E4D46EB6F76DFB39546.d.15C7DE7EF8FF34B80CDEAC89899D7659.e.49/click'
21:09:28.465 [Forwarding clickElement on session e86ab320e9c45622790b5551d95626f0 to remote] DEBUG org.asynchttpclient.netty.request.NettyRequestSender - Using open Channel [id: 0xeaec79a5, L:/127.0.0.1:50410 - R:localhost/127.0.0.1:27557] for POST '/session/e86ab320e9c45622790b5551d95626f0/element/f.A9326238F24A3E4D46EB6F76DFB39546.d.15C7DE7EF8FF34B80CDEAC89899D7659.e.49/click'
21:09:28.564 [AsyncHttpClient-1-5] DEBUG org.asynchttpclient.netty.handler.HttpHandler - 

Request DefaultHttpRequest(decodeResult: success, version: HTTP/1.1)
POST /session/e86ab320e9c45622790b5551d95626f0/element/f.A9326238F24A3E4D46EB6F76DFB39546.d.15C7DE7EF8FF34B80CDEAC89899D7659.e.49/click HTTP/1.1
User-Agent: selenium/4.12.0 (java windows)
Content-Length: 88
Content-Type: application/json; charset=utf-8
host: localhost:27557
accept: */*

Response DefaultHttpResponse(decodeResult: success, version: HTTP/1.1)
HTTP/1.1 200 OK
Content-Length: 14
Content-Type: application/json; charset=utf-8
cache-control: no-cache

21:09:28.564 [AsyncHttpClient-1-5] DEBUG org.asynchttpclient.netty.channel.ChannelManager - Adding key: http://localhost:27557 for channel [id: 0xeaec79a5, L:/127.0.0.1:50410 - R:localhost/127.0.0.1:27557]
  When Open customer form                                                # StepDefination.Customer_onboarding.Open_customer_form()
21:09:28.828 [AsyncHttpClient-1-1] DEBUG org.asynchttpclient.netty.channel.DefaultChannelPool - Entry count for : http://localhost:27557 : 1
21:09:28.828 [AsyncHttpClient-1-1] DEBUG org.asynchttpclient.netty.channel.DefaultChannelPool - Entry count for : http://localhost:50411 : 1
21:09:28.828 [AsyncHttpClient-1-1] DEBUG org.asynchttpclient.netty.channel.DefaultChannelPool - Entry count for : http://localhost:19806 : 1
21:09:28.828 [AsyncHttpClient-1-1] DEBUG org.asynchttpclient.netty.channel.DefaultChannelPool - Entry count for : http://localhost:50371 : 1
21:09:29.935 [AsyncHttpClient-1-1] DEBUG org.asynchttpclient.netty.channel.DefaultChannelPool - Entry count for : http://localhost:27557 : 1
21:09:29.935 [AsyncHttpClient-1-1] DEBUG org.asynchttpclient.netty.channel.DefaultChannelPool - Entry count for : http://localhost:50411 : 1
21:09:29.935 [AsyncHttpClient-1-1] DEBUG org.asynchttpclient.netty.channel.DefaultChannelPool - Entry count for : http://localhost:19806 : 1
21:09:29.935 [AsyncHttpClient-1-1] DEBUG org.asynchttpclient.netty.channel.DefaultChannelPool - Entry count for : http://localhost:50371 : 1
21:09:30.084 [Forwarding findElement on session e86ab320e9c45622790b5551d95626f0 to remote] DEBUG org.asynchttpclient.netty.request.NettyRequestSender - Using pooled Channel '[id: 0xeaec79a5, L:/127.0.0.1:50410 - R:localhost/127.0.0.1:27557]' for 'POST' to 'http://localhost:27557/session/e86ab320e9c45622790b5551d95626f0/element'
21:09:30.084 [Forwarding findElement on session e86ab320e9c45622790b5551d95626f0 to remote] DEBUG org.asynchttpclient.netty.request.NettyRequestSender - Using open Channel [id: 0xeaec79a5, L:/127.0.0.1:50410 - R:localhost/127.0.0.1:27557] for POST '/session/e86ab320e9c45622790b5551d95626f0/element'
21:09:30.118 [AsyncHttpClient-1-5] DEBUG org.asynchttpclient.netty.handler.HttpHandler - 

Request DefaultHttpRequest(decodeResult: success, version: HTTP/1.1)
POST /session/e86ab320e9c45622790b5551d95626f0/element HTTP/1.1
User-Agent: selenium/4.12.0 (java windows)
Content-Length: 114
Content-Type: application/json; charset=utf-8
host: localhost:27557
accept: */*

Response DefaultHttpResponse(decodeResult: success, version: HTTP/1.1)
HTTP/1.1 200 OK
Content-Length: 126
Content-Type: application/json; charset=utf-8
cache-control: no-cache

21:09:30.118 [AsyncHttpClient-1-5] DEBUG org.asynchttpclient.netty.channel.ChannelManager - Adding key: http://localhost:27557 for channel [id: 0xeaec79a5, L:/127.0.0.1:50410 - R:localhost/127.0.0.1:27557]
21:09:30.118 [Forwarding sendKeysToElement on session e86ab320e9c45622790b5551d95626f0 to remote] DEBUG org.asynchttpclient.netty.request.NettyRequestSender - Using pooled Channel '[id: 0xeaec79a5, L:/127.0.0.1:50410 - R:localhost/127.0.0.1:27557]' for 'POST' to 'http://localhost:27557/session/e86ab320e9c45622790b5551d95626f0/element/f.A9326238F24A3E4D46EB6F76DFB39546.d.15C7DE7EF8FF34B80CDEAC89899D7659.e.53/value'
21:09:30.125 [Forwarding sendKeysToElement on session e86ab320e9c45622790b5551d95626f0 to remote] DEBUG org.asynchttpclient.netty.request.NettyRequestSender - Using open Channel [id: 0xeaec79a5, L:/127.0.0.1:50410 - R:localhost/127.0.0.1:27557] for POST '/session/e86ab320e9c45622790b5551d95626f0/element/f.A9326238F24A3E4D46EB6F76DFB39546.d.15C7DE7EF8FF34B80CDEAC89899D7659.e.53/value'
21:09:30.506 [AsyncHttpClient-1-5] DEBUG org.asynchttpclient.netty.handler.HttpHandler - 

Request DefaultHttpRequest(decodeResult: success, version: HTTP/1.1)
POST /session/e86ab320e9c45622790b5551d95626f0/element/f.A9326238F24A3E4D46EB6F76DFB39546.d.15C7DE7EF8FF34B80CDEAC89899D7659.e.53/value HTTP/1.1
User-Agent: selenium/4.12.0 (java windows)
Content-Length: 329
Content-Type: application/json; charset=utf-8
host: localhost:27557
accept: */*

Response DefaultHttpResponse(decodeResult: success, version: HTTP/1.1)
HTTP/1.1 200 OK
Content-Length: 14
Content-Type: application/json; charset=utf-8
cache-control: no-cache

21:09:30.506 [AsyncHttpClient-1-5] DEBUG org.asynchttpclient.netty.channel.ChannelManager - Adding key: http://localhost:27557 for channel [id: 0xeaec79a5, L:/127.0.0.1:50410 - R:localhost/127.0.0.1:27557]
21:09:30.506 [Forwarding findElement on session e86ab320e9c45622790b5551d95626f0 to remote] DEBUG org.asynchttpclient.netty.request.NettyRequestSender - Using pooled Channel '[id: 0xeaec79a5, L:/127.0.0.1:50410 - R:localhost/127.0.0.1:27557]' for 'POST' to 'http://localhost:27557/session/e86ab320e9c45622790b5551d95626f0/element'
21:09:30.506 [Forwarding findElement on session e86ab320e9c45622790b5551d95626f0 to remote] DEBUG org.asynchttpclient.netty.request.NettyRequestSender - Using open Channel [id: 0xeaec79a5, L:/127.0.0.1:50410 - R:localhost/127.0.0.1:27557] for POST '/session/e86ab320e9c45622790b5551d95626f0/element'
21:09:30.530 [AsyncHttpClient-1-5] DEBUG org.asynchttpclient.netty.handler.HttpHandler - 

Request DefaultHttpRequest(decodeResult: success, version: HTTP/1.1)
POST /session/e86ab320e9c45622790b5551d95626f0/element HTTP/1.1
User-Agent: selenium/4.12.0 (java windows)
Content-Length: 87
Content-Type: application/json; charset=utf-8
host: localhost:27557
accept: */*

Response DefaultHttpResponse(decodeResult: success, version: HTTP/1.1)
HTTP/1.1 200 OK
Content-Length: 126
Content-Type: application/json; charset=utf-8
cache-control: no-cache

21:09:30.530 [AsyncHttpClient-1-5] DEBUG org.asynchttpclient.netty.channel.ChannelManager - Adding key: http://localhost:27557 for channel [id: 0xeaec79a5, L:/127.0.0.1:50410 - R:localhost/127.0.0.1:27557]
21:09:30.530 [Forwarding sendKeysToElement on session e86ab320e9c45622790b5551d95626f0 to remote] DEBUG org.asynchttpclient.netty.request.NettyRequestSender - Using pooled Channel '[id: 0xeaec79a5, L:/127.0.0.1:50410 - R:localhost/127.0.0.1:27557]' for 'POST' to 'http://localhost:27557/session/e86ab320e9c45622790b5551d95626f0/element/f.A9326238F24A3E4D46EB6F76DFB39546.d.15C7DE7EF8FF34B80CDEAC89899D7659.e.54/value'
21:09:30.530 [Forwarding sendKeysToElement on session e86ab320e9c45622790b5551d95626f0 to remote] DEBUG org.asynchttpclient.netty.request.NettyRequestSender - Using open Channel [id: 0xeaec79a5, L:/127.0.0.1:50410 - R:localhost/127.0.0.1:27557] for POST '/session/e86ab320e9c45622790b5551d95626f0/element/f.A9326238F24A3E4D46EB6F76DFB39546.d.15C7DE7EF8FF34B80CDEAC89899D7659.e.54/value'
21:09:30.776 [AsyncHttpClient-1-5] DEBUG org.asynchttpclient.netty.handler.HttpHandler - 

Request DefaultHttpRequest(decodeResult: success, version: HTTP/1.1)
POST /session/e86ab320e9c45622790b5551d95626f0/element/f.A9326238F24A3E4D46EB6F76DFB39546.d.15C7DE7EF8FF34B80CDEAC89899D7659.e.54/value HTTP/1.1
User-Agent: selenium/4.12.0 (java windows)
Content-Length: 179
Content-Type: application/json; charset=utf-8
host: localhost:27557
accept: */*

Response DefaultHttpResponse(decodeResult: success, version: HTTP/1.1)
HTTP/1.1 200 OK
Content-Length: 14
Content-Type: application/json; charset=utf-8
cache-control: no-cache

21:09:30.776 [AsyncHttpClient-1-5] DEBUG org.asynchttpclient.netty.channel.ChannelManager - Adding key: http://localhost:27557 for channel [id: 0xeaec79a5, L:/127.0.0.1:50410 - R:localhost/127.0.0.1:27557]
21:09:30.776 [Forwarding findElement on session e86ab320e9c45622790b5551d95626f0 to remote] DEBUG org.asynchttpclient.netty.request.NettyRequestSender - Using pooled Channel '[id: 0xeaec79a5, L:/127.0.0.1:50410 - R:localhost/127.0.0.1:27557]' for 'POST' to 'http://localhost:27557/session/e86ab320e9c45622790b5551d95626f0/element'
21:09:30.776 [Forwarding findElement on session e86ab320e9c45622790b5551d95626f0 to remote] DEBUG org.asynchttpclient.netty.request.NettyRequestSender - Using open Channel [id: 0xeaec79a5, L:/127.0.0.1:50410 - R:localhost/127.0.0.1:27557] for POST '/session/e86ab320e9c45622790b5551d95626f0/element'
21:09:30.801 [AsyncHttpClient-1-5] DEBUG org.asynchttpclient.netty.handler.HttpHandler - 

Request DefaultHttpRequest(decodeResult: success, version: HTTP/1.1)
POST /session/e86ab320e9c45622790b5551d95626f0/element HTTP/1.1
User-Agent: selenium/4.12.0 (java windows)
Content-Length: 96
Content-Type: application/json; charset=utf-8
host: localhost:27557
accept: */*

Response DefaultHttpResponse(decodeResult: success, version: HTTP/1.1)
HTTP/1.1 200 OK
Content-Length: 126
Content-Type: application/json; charset=utf-8
cache-control: no-cache

21:09:30.808 [AsyncHttpClient-1-5] DEBUG org.asynchttpclient.netty.channel.ChannelManager - Adding key: http://localhost:27557 for channel [id: 0xeaec79a5, L:/127.0.0.1:50410 - R:localhost/127.0.0.1:27557]
21:09:30.808 [Forwarding sendKeysToElement on session e86ab320e9c45622790b5551d95626f0 to remote] DEBUG org.asynchttpclient.netty.request.NettyRequestSender - Using pooled Channel '[id: 0xeaec79a5, L:/127.0.0.1:50410 - R:localhost/127.0.0.1:27557]' for 'POST' to 'http://localhost:27557/session/e86ab320e9c45622790b5551d95626f0/element/f.A9326238F24A3E4D46EB6F76DFB39546.d.15C7DE7EF8FF34B80CDEAC89899D7659.e.55/value'
21:09:30.808 [Forwarding sendKeysToElement on session e86ab320e9c45622790b5551d95626f0 to remote] DEBUG org.asynchttpclient.netty.request.NettyRequestSender - Using open Channel [id: 0xeaec79a5, L:/127.0.0.1:50410 - R:localhost/127.0.0.1:27557] for POST '/session/e86ab320e9c45622790b5551d95626f0/element/f.A9326238F24A3E4D46EB6F76DFB39546.d.15C7DE7EF8FF34B80CDEAC89899D7659.e.55/value'
21:09:31.028 [AsyncHttpClient-1-1] DEBUG org.asynchttpclient.netty.channel.DefaultChannelPool - Entry count for : http://localhost:50411 : 1
21:09:31.028 [AsyncHttpClient-1-1] DEBUG org.asynchttpclient.netty.channel.DefaultChannelPool - Entry count for : http://localhost:19806 : 1
21:09:31.028 [AsyncHttpClient-1-1] DEBUG org.asynchttpclient.netty.channel.DefaultChannelPool - Entry count for : http://localhost:50371 : 1
21:09:31.134 [AsyncHttpClient-1-5] DEBUG org.asynchttpclient.netty.handler.HttpHandler - 

Request DefaultHttpRequest(decodeResult: success, version: HTTP/1.1)
POST /session/e86ab320e9c45622790b5551d95626f0/element/f.A9326238F24A3E4D46EB6F76DFB39546.d.15C7DE7EF8FF34B80CDEAC89899D7659.e.55/value HTTP/1.1
User-Agent: selenium/4.12.0 (java windows)
Content-Length: 229
Content-Type: application/json; charset=utf-8
host: localhost:27557
accept: */*

Response DefaultHttpResponse(decodeResult: success, version: HTTP/1.1)
HTTP/1.1 200 OK
Content-Length: 14
Content-Type: application/json; charset=utf-8
cache-control: no-cache

21:09:31.134 [AsyncHttpClient-1-5] DEBUG org.asynchttpclient.netty.channel.ChannelManager - Adding key: http://localhost:27557 for channel [id: 0xeaec79a5, L:/127.0.0.1:50410 - R:localhost/127.0.0.1:27557]
21:09:31.134 [Forwarding findElement on session e86ab320e9c45622790b5551d95626f0 to remote] DEBUG org.asynchttpclient.netty.request.NettyRequestSender - Using pooled Channel '[id: 0xeaec79a5, L:/127.0.0.1:50410 - R:localhost/127.0.0.1:27557]' for 'POST' to 'http://localhost:27557/session/e86ab320e9c45622790b5551d95626f0/element'
21:09:31.134 [Forwarding findElement on session e86ab320e9c45622790b5551d95626f0 to remote] DEBUG org.asynchttpclient.netty.request.NettyRequestSender - Using open Channel [id: 0xeaec79a5, L:/127.0.0.1:50410 - R:localhost/127.0.0.1:27557] for POST '/session/e86ab320e9c45622790b5551d95626f0/element'
21:09:31.158 [AsyncHttpClient-1-5] DEBUG org.asynchttpclient.netty.handler.HttpHandler - 

Request DefaultHttpRequest(decodeResult: success, version: HTTP/1.1)
POST /session/e86ab320e9c45622790b5551d95626f0/element HTTP/1.1
User-Agent: selenium/4.12.0 (java windows)
Content-Length: 84
Content-Type: application/json; charset=utf-8
host: localhost:27557
accept: */*

Response DefaultHttpResponse(decodeResult: success, version: HTTP/1.1)
HTTP/1.1 200 OK
Content-Length: 126
Content-Type: application/json; charset=utf-8
cache-control: no-cache

21:09:31.158 [AsyncHttpClient-1-5] DEBUG org.asynchttpclient.netty.channel.ChannelManager - Adding key: http://localhost:27557 for channel [id: 0xeaec79a5, L:/127.0.0.1:50410 - R:localhost/127.0.0.1:27557]
21:09:31.158 [Forwarding sendKeysToElement on session e86ab320e9c45622790b5551d95626f0 to remote] DEBUG org.asynchttpclient.netty.request.NettyRequestSender - Using pooled Channel '[id: 0xeaec79a5, L:/127.0.0.1:50410 - R:localhost/127.0.0.1:27557]' for 'POST' to 'http://localhost:27557/session/e86ab320e9c45622790b5551d95626f0/element/f.A9326238F24A3E4D46EB6F76DFB39546.d.15C7DE7EF8FF34B80CDEAC89899D7659.e.56/value'
21:09:31.158 [Forwarding sendKeysToElement on session e86ab320e9c45622790b5551d95626f0 to remote] DEBUG org.asynchttpclient.netty.request.NettyRequestSender - Using open Channel [id: 0xeaec79a5, L:/127.0.0.1:50410 - R:localhost/127.0.0.1:27557] for POST '/session/e86ab320e9c45622790b5551d95626f0/element/f.A9326238F24A3E4D46EB6F76DFB39546.d.15C7DE7EF8FF34B80CDEAC89899D7659.e.56/value'
21:09:31.434 [AsyncHttpClient-1-5] DEBUG org.asynchttpclient.netty.handler.HttpHandler - 

Request DefaultHttpRequest(decodeResult: success, version: HTTP/1.1)
POST /session/e86ab320e9c45622790b5551d95626f0/element/f.A9326238F24A3E4D46EB6F76DFB39546.d.15C7DE7EF8FF34B80CDEAC89899D7659.e.56/value HTTP/1.1
User-Agent: selenium/4.12.0 (java windows)
Content-Length: 249
Content-Type: application/json; charset=utf-8
host: localhost:27557
accept: */*

Response DefaultHttpResponse(decodeResult: success, version: HTTP/1.1)
HTTP/1.1 200 OK
Content-Length: 14
Content-Type: application/json; charset=utf-8
cache-control: no-cache

21:09:31.434 [AsyncHttpClient-1-5] DEBUG org.asynchttpclient.netty.channel.ChannelManager - Adding key: http://localhost:27557 for channel [id: 0xeaec79a5, L:/127.0.0.1:50410 - R:localhost/127.0.0.1:27557]
21:09:32.135 [AsyncHttpClient-1-1] DEBUG org.asynchttpclient.netty.channel.DefaultChannelPool - Entry count for : http://localhost:27557 : 1
21:09:32.135 [AsyncHttpClient-1-1] DEBUG org.asynchttpclient.netty.channel.DefaultChannelPool - Entry count for : http://localhost:50411 : 1
21:09:32.135 [AsyncHttpClient-1-1] DEBUG org.asynchttpclient.netty.channel.DefaultChannelPool - Entry count for : http://localhost:19806 : 1
21:09:32.135 [AsyncHttpClient-1-1] DEBUG org.asynchttpclient.netty.channel.DefaultChannelPool - Entry count for : http://localhost:50371 : 1
screen shot class not taking
  And Provide the company DetailsRandom 447788 Sara_Sharma www.royal.com # StepDefination.Customer_onboarding.Provide_the_customer_Details(java.lang.String,java.lang.String,java.lang.String,java.lang.String)
21:09:33.226 [AsyncHttpClient-1-1] DEBUG org.asynchttpclient.netty.channel.DefaultChannelPool - Entry count for : http://localhost:27557 : 1
21:09:33.226 [AsyncHttpClient-1-1] DEBUG org.asynchttpclient.netty.channel.DefaultChannelPool - Entry count for : http://localhost:50411 : 1
21:09:33.226 [AsyncHttpClient-1-1] DEBUG org.asynchttpclient.netty.channel.DefaultChannelPool - Entry count for : http://localhost:19806 : 1
21:09:33.226 [AsyncHttpClient-1-1] DEBUG org.asynchttpclient.netty.channel.DefaultChannelPool - Entry count for : http://localhost:50371 : 1
21:09:33.451 [Forwarding findElement on session e86ab320e9c45622790b5551d95626f0 to remote] DEBUG org.asynchttpclient.netty.request.NettyRequestSender - Using pooled Channel '[id: 0xeaec79a5, L:/127.0.0.1:50410 - R:localhost/127.0.0.1:27557]' for 'POST' to 'http://localhost:27557/session/e86ab320e9c45622790b5551d95626f0/element'
21:09:33.451 [Forwarding findElement on session e86ab320e9c45622790b5551d95626f0 to remote] DEBUG org.asynchttpclient.netty.request.NettyRequestSender - Using open Channel [id: 0xeaec79a5, L:/127.0.0.1:50410 - R:localhost/127.0.0.1:27557] for POST '/session/e86ab320e9c45622790b5551d95626f0/element'
21:09:33.466 [AsyncHttpClient-1-5] DEBUG org.asynchttpclient.netty.handler.HttpHandler - 

Request DefaultHttpRequest(decodeResult: success, version: HTTP/1.1)
POST /session/e86ab320e9c45622790b5551d95626f0/element HTTP/1.1
User-Agent: selenium/4.12.0 (java windows)
Content-Length: 82
Content-Type: application/json; charset=utf-8
host: localhost:27557
accept: */*

Response DefaultHttpResponse(decodeResult: success, version: HTTP/1.1)
HTTP/1.1 200 OK
Content-Length: 126
Content-Type: application/json; charset=utf-8
cache-control: no-cache

21:09:33.466 [AsyncHttpClient-1-5] DEBUG org.asynchttpclient.netty.channel.ChannelManager - Adding key: http://localhost:27557 for channel [id: 0xeaec79a5, L:/127.0.0.1:50410 - R:localhost/127.0.0.1:27557]
21:09:33.474 [Forwarding sendKeysToElement on session e86ab320e9c45622790b5551d95626f0 to remote] DEBUG org.asynchttpclient.netty.request.NettyRequestSender - Using pooled Channel '[id: 0xeaec79a5, L:/127.0.0.1:50410 - R:localhost/127.0.0.1:27557]' for 'POST' to 'http://localhost:27557/session/e86ab320e9c45622790b5551d95626f0/element/f.A9326238F24A3E4D46EB6F76DFB39546.d.15C7DE7EF8FF34B80CDEAC89899D7659.e.57/value'
21:09:33.474 [Forwarding sendKeysToElement on session e86ab320e9c45622790b5551d95626f0 to remote] DEBUG org.asynchttpclient.netty.request.NettyRequestSender - Using open Channel [id: 0xeaec79a5, L:/127.0.0.1:50410 - R:localhost/127.0.0.1:27557] for POST '/session/e86ab320e9c45622790b5551d95626f0/element/f.A9326238F24A3E4D46EB6F76DFB39546.d.15C7DE7EF8FF34B80CDEAC89899D7659.e.57/value'
21:09:33.711 [AsyncHttpClient-1-5] DEBUG org.asynchttpclient.netty.handler.HttpHandler - 

Request DefaultHttpRequest(decodeResult: success, version: HTTP/1.1)
POST /session/e86ab320e9c45622790b5551d95626f0/element/f.A9326238F24A3E4D46EB6F76DFB39546.d.15C7DE7EF8FF34B80CDEAC89899D7659.e.57/value HTTP/1.1
User-Agent: selenium/4.12.0 (java windows)
Content-Length: 259
Content-Type: application/json; charset=utf-8
host: localhost:27557
accept: */*

Response DefaultHttpResponse(decodeResult: success, version: HTTP/1.1)
HTTP/1.1 200 OK
Content-Length: 14
Content-Type: application/json; charset=utf-8
cache-control: no-cache

21:09:33.711 [AsyncHttpClient-1-5] DEBUG org.asynchttpclient.netty.channel.ChannelManager - Adding key: http://localhost:27557 for channel [id: 0xeaec79a5, L:/127.0.0.1:50410 - R:localhost/127.0.0.1:27557]
21:09:33.712 [Forwarding findElement on session e86ab320e9c45622790b5551d95626f0 to remote] DEBUG org.asynchttpclient.netty.request.NettyRequestSender - Using pooled Channel '[id: 0xeaec79a5, L:/127.0.0.1:50410 - R:localhost/127.0.0.1:27557]' for 'POST' to 'http://localhost:27557/session/e86ab320e9c45622790b5551d95626f0/element'
21:09:33.712 [Forwarding findElement on session e86ab320e9c45622790b5551d95626f0 to remote] DEBUG org.asynchttpclient.netty.request.NettyRequestSender - Using open Channel [id: 0xeaec79a5, L:/127.0.0.1:50410 - R:localhost/127.0.0.1:27557] for POST '/session/e86ab320e9c45622790b5551d95626f0/element'
21:09:33.728 [AsyncHttpClient-1-5] DEBUG org.asynchttpclient.netty.handler.HttpHandler - 

Request DefaultHttpRequest(decodeResult: success, version: HTTP/1.1)
POST /session/e86ab320e9c45622790b5551d95626f0/element HTTP/1.1
User-Agent: selenium/4.12.0 (java windows)
Content-Length: 89
Content-Type: application/json; charset=utf-8
host: localhost:27557
accept: */*

Response DefaultHttpResponse(decodeResult: success, version: HTTP/1.1)
HTTP/1.1 200 OK
Content-Length: 126
Content-Type: application/json; charset=utf-8
cache-control: no-cache

21:09:33.728 [AsyncHttpClient-1-5] DEBUG org.asynchttpclient.netty.channel.ChannelManager - Adding key: http://localhost:27557 for channel [id: 0xeaec79a5, L:/127.0.0.1:50410 - R:localhost/127.0.0.1:27557]
21:09:33.736 [Forwarding sendKeysToElement on session e86ab320e9c45622790b5551d95626f0 to remote] DEBUG org.asynchttpclient.netty.request.NettyRequestSender - Using pooled Channel '[id: 0xeaec79a5, L:/127.0.0.1:50410 - R:localhost/127.0.0.1:27557]' for 'POST' to 'http://localhost:27557/session/e86ab320e9c45622790b5551d95626f0/element/f.A9326238F24A3E4D46EB6F76DFB39546.d.15C7DE7EF8FF34B80CDEAC89899D7659.e.59/value'
21:09:33.736 [Forwarding sendKeysToElement on session e86ab320e9c45622790b5551d95626f0 to remote] DEBUG org.asynchttpclient.netty.request.NettyRequestSender - Using open Channel [id: 0xeaec79a5, L:/127.0.0.1:50410 - R:localhost/127.0.0.1:27557] for POST '/session/e86ab320e9c45622790b5551d95626f0/element/f.A9326238F24A3E4D46EB6F76DFB39546.d.15C7DE7EF8FF34B80CDEAC89899D7659.e.59/value'
21:09:33.945 [AsyncHttpClient-1-5] DEBUG org.asynchttpclient.netty.handler.HttpHandler - 

Request DefaultHttpRequest(decodeResult: success, version: HTTP/1.1)
POST /session/e86ab320e9c45622790b5551d95626f0/element/f.A9326238F24A3E4D46EB6F76DFB39546.d.15C7DE7EF8FF34B80CDEAC89899D7659.e.59/value HTTP/1.1
User-Agent: selenium/4.12.0 (java windows)
Content-Length: 219
Content-Type: application/json; charset=utf-8
host: localhost:27557
accept: */*

Response DefaultHttpResponse(decodeResult: success, version: HTTP/1.1)
HTTP/1.1 200 OK
Content-Length: 14
Content-Type: application/json; charset=utf-8
cache-control: no-cache

21:09:33.945 [AsyncHttpClient-1-5] DEBUG org.asynchttpclient.netty.channel.ChannelManager - Adding key: http://localhost:27557 for channel [id: 0xeaec79a5, L:/127.0.0.1:50410 - R:localhost/127.0.0.1:27557]
screen shot class not taking
  And Provide the contact Details9865768576 royal@mail.com               # StepDefination.Customer_onboarding.Provide_the_contact_Details(java.lang.String,java.lang.String)
21:09:34.331 [AsyncHttpClient-1-1] DEBUG org.asynchttpclient.netty.channel.DefaultChannelPool - Entry count for : http://localhost:27557 : 1
21:09:34.331 [AsyncHttpClient-1-1] DEBUG org.asynchttpclient.netty.channel.DefaultChannelPool - Entry count for : http://localhost:50411 : 1
21:09:34.331 [AsyncHttpClient-1-1] DEBUG org.asynchttpclient.netty.channel.DefaultChannelPool - Entry count for : http://localhost:19806 : 1
21:09:34.331 [AsyncHttpClient-1-1] DEBUG org.asynchttpclient.netty.channel.DefaultChannelPool - Entry count for : http://localhost:50371 : 1
21:09:34.963 [Forwarding findElement on session e86ab320e9c45622790b5551d95626f0 to remote] DEBUG org.asynchttpclient.netty.request.NettyRequestSender - Using pooled Channel '[id: 0xeaec79a5, L:/127.0.0.1:50410 - R:localhost/127.0.0.1:27557]' for 'POST' to 'http://localhost:27557/session/e86ab320e9c45622790b5551d95626f0/element'
21:09:34.963 [Forwarding findElement on session e86ab320e9c45622790b5551d95626f0 to remote] DEBUG org.asynchttpclient.netty.request.NettyRequestSender - Using open Channel [id: 0xeaec79a5, L:/127.0.0.1:50410 - R:localhost/127.0.0.1:27557] for POST '/session/e86ab320e9c45622790b5551d95626f0/element'
21:09:34.988 [AsyncHttpClient-1-5] DEBUG org.asynchttpclient.netty.handler.HttpHandler - 

Request DefaultHttpRequest(decodeResult: success, version: HTTP/1.1)
POST /session/e86ab320e9c45622790b5551d95626f0/element HTTP/1.1
User-Agent: selenium/4.12.0 (java windows)
Content-Length: 94
Content-Type: application/json; charset=utf-8
host: localhost:27557
accept: */*

Response DefaultHttpResponse(decodeResult: success, version: HTTP/1.1)
HTTP/1.1 200 OK
Content-Length: 126
Content-Type: application/json; charset=utf-8
cache-control: no-cache

21:09:34.988 [AsyncHttpClient-1-5] DEBUG org.asynchttpclient.netty.channel.ChannelManager - Adding key: http://localhost:27557 for channel [id: 0xeaec79a5, L:/127.0.0.1:50410 - R:localhost/127.0.0.1:27557]
21:09:34.988 [Forwarding sendKeysToElement on session e86ab320e9c45622790b5551d95626f0 to remote] DEBUG org.asynchttpclient.netty.request.NettyRequestSender - Using pooled Channel '[id: 0xeaec79a5, L:/127.0.0.1:50410 - R:localhost/127.0.0.1:27557]' for 'POST' to 'http://localhost:27557/session/e86ab320e9c45622790b5551d95626f0/element/f.A9326238F24A3E4D46EB6F76DFB39546.d.15C7DE7EF8FF34B80CDEAC89899D7659.e.58/value'
21:09:34.988 [Forwarding sendKeysToElement on session e86ab320e9c45622790b5551d95626f0 to remote] DEBUG org.asynchttpclient.netty.request.NettyRequestSender - Using open Channel [id: 0xeaec79a5, L:/127.0.0.1:50410 - R:localhost/127.0.0.1:27557] for POST '/session/e86ab320e9c45622790b5551d95626f0/element/f.A9326238F24A3E4D46EB6F76DFB39546.d.15C7DE7EF8FF34B80CDEAC89899D7659.e.58/value'
21:09:35.202 [AsyncHttpClient-1-5] DEBUG org.asynchttpclient.netty.handler.HttpHandler - 

Request DefaultHttpRequest(decodeResult: success, version: HTTP/1.1)
POST /session/e86ab320e9c45622790b5551d95626f0/element/f.A9326238F24A3E4D46EB6F76DFB39546.d.15C7DE7EF8FF34B80CDEAC89899D7659.e.58/value HTTP/1.1
User-Agent: selenium/4.12.0 (java windows)
Content-Length: 239
Content-Type: application/json; charset=utf-8
host: localhost:27557
accept: */*

Response DefaultHttpResponse(decodeResult: success, version: HTTP/1.1)
HTTP/1.1 200 OK
Content-Length: 14
Content-Type: application/json; charset=utf-8
cache-control: no-cache

21:09:35.202 [AsyncHttpClient-1-5] DEBUG org.asynchttpclient.netty.channel.ChannelManager - Adding key: http://localhost:27557 for channel [id: 0xeaec79a5, L:/127.0.0.1:50410 - R:localhost/127.0.0.1:27557]
21:09:35.208 [Forwarding findElement on session e86ab320e9c45622790b5551d95626f0 to remote] DEBUG org.asynchttpclient.netty.request.NettyRequestSender - Using pooled Channel '[id: 0xeaec79a5, L:/127.0.0.1:50410 - R:localhost/127.0.0.1:27557]' for 'POST' to 'http://localhost:27557/session/e86ab320e9c45622790b5551d95626f0/element'
21:09:35.208 [Forwarding findElement on session e86ab320e9c45622790b5551d95626f0 to remote] DEBUG org.asynchttpclient.netty.request.NettyRequestSender - Using open Channel [id: 0xeaec79a5, L:/127.0.0.1:50410 - R:localhost/127.0.0.1:27557] for POST '/session/e86ab320e9c45622790b5551d95626f0/element'
21:09:35.219 [AsyncHttpClient-1-5] DEBUG org.asynchttpclient.netty.handler.HttpHandler - 

Request DefaultHttpRequest(decodeResult: success, version: HTTP/1.1)
POST /session/e86ab320e9c45622790b5551d95626f0/element HTTP/1.1
User-Agent: selenium/4.12.0 (java windows)
Content-Length: 101
Content-Type: application/json; charset=utf-8
host: localhost:27557
accept: */*

Response DefaultHttpResponse(decodeResult: success, version: HTTP/1.1)
HTTP/1.1 200 OK
Content-Length: 126
Content-Type: application/json; charset=utf-8
cache-control: no-cache

21:09:35.219 [AsyncHttpClient-1-5] DEBUG org.asynchttpclient.netty.channel.ChannelManager - Adding key: http://localhost:27557 for channel [id: 0xeaec79a5, L:/127.0.0.1:50410 - R:localhost/127.0.0.1:27557]
21:09:35.225 [Forwarding sendKeysToElement on session e86ab320e9c45622790b5551d95626f0 to remote] DEBUG org.asynchttpclient.netty.request.NettyRequestSender - Using pooled Channel '[id: 0xeaec79a5, L:/127.0.0.1:50410 - R:localhost/127.0.0.1:27557]' for 'POST' to 'http://localhost:27557/session/e86ab320e9c45622790b5551d95626f0/element/f.A9326238F24A3E4D46EB6F76DFB39546.d.15C7DE7EF8FF34B80CDEAC89899D7659.e.60/value'
21:09:35.227 [Forwarding sendKeysToElement on session e86ab320e9c45622790b5551d95626f0 to remote] DEBUG org.asynchttpclient.netty.request.NettyRequestSender - Using open Channel [id: 0xeaec79a5, L:/127.0.0.1:50410 - R:localhost/127.0.0.1:27557] for POST '/session/e86ab320e9c45622790b5551d95626f0/element/f.A9326238F24A3E4D46EB6F76DFB39546.d.15C7DE7EF8FF34B80CDEAC89899D7659.e.60/value'
21:09:35.408 [AsyncHttpClient-1-5] DEBUG org.asynchttpclient.netty.handler.HttpHandler - 

Request DefaultHttpRequest(decodeResult: success, version: HTTP/1.1)
POST /session/e86ab320e9c45622790b5551d95626f0/element/f.A9326238F24A3E4D46EB6F76DFB39546.d.15C7DE7EF8FF34B80CDEAC89899D7659.e.60/value HTTP/1.1
User-Agent: selenium/4.12.0 (java windows)
Content-Length: 209
Content-Type: application/json; charset=utf-8
host: localhost:27557
accept: */*

Response DefaultHttpResponse(decodeResult: success, version: HTTP/1.1)
HTTP/1.1 200 OK
Content-Length: 14
Content-Type: application/json; charset=utf-8
cache-control: no-cache

21:09:35.408 [AsyncHttpClient-1-5] DEBUG org.asynchttpclient.netty.channel.ChannelManager - Adding key: http://localhost:27557 for channel [id: 0xeaec79a5, L:/127.0.0.1:50410 - R:localhost/127.0.0.1:27557]
21:09:35.425 [AsyncHttpClient-1-1] DEBUG org.asynchttpclient.netty.channel.DefaultChannelPool - Entry count for : http://localhost:27557 : 1
21:09:35.425 [AsyncHttpClient-1-1] DEBUG org.asynchttpclient.netty.channel.DefaultChannelPool - Entry count for : http://localhost:50411 : 1
21:09:35.426 [AsyncHttpClient-1-1] DEBUG org.asynchttpclient.netty.channel.DefaultChannelPool - Entry count for : http://localhost:19806 : 1
21:09:35.426 [AsyncHttpClient-1-1] DEBUG org.asynchttpclient.netty.channel.DefaultChannelPool - Entry count for : http://localhost:50371 : 1
screen shot class not taking
  And Provide the alternate Details859889569 alt@mail.com                # StepDefination.Customer_onboarding.Provide_the_alternate_Details(java.lang.String,java.lang.String)
21:09:36.427 [Forwarding findElement on session e86ab320e9c45622790b5551d95626f0 to remote] DEBUG org.asynchttpclient.netty.request.NettyRequestSender - Using pooled Channel '[id: 0xeaec79a5, L:/127.0.0.1:50410 - R:localhost/127.0.0.1:27557]' for 'POST' to 'http://localhost:27557/session/e86ab320e9c45622790b5551d95626f0/element'
21:09:36.427 [Forwarding findElement on session e86ab320e9c45622790b5551d95626f0 to remote] DEBUG org.asynchttpclient.netty.request.NettyRequestSender - Using open Channel [id: 0xeaec79a5, L:/127.0.0.1:50410 - R:localhost/127.0.0.1:27557] for POST '/session/e86ab320e9c45622790b5551d95626f0/element'
21:09:36.443 [AsyncHttpClient-1-5] DEBUG org.asynchttpclient.netty.handler.HttpHandler - 

Request DefaultHttpRequest(decodeResult: success, version: HTTP/1.1)
POST /session/e86ab320e9c45622790b5551d95626f0/element HTTP/1.1
User-Agent: selenium/4.12.0 (java windows)
Content-Length: 88
Content-Type: application/json; charset=utf-8
host: localhost:27557
accept: */*

Response DefaultHttpResponse(decodeResult: success, version: HTTP/1.1)
HTTP/1.1 200 OK
Content-Length: 126
Content-Type: application/json; charset=utf-8
cache-control: no-cache

21:09:36.443 [AsyncHttpClient-1-5] DEBUG org.asynchttpclient.netty.channel.ChannelManager - Adding key: http://localhost:27557 for channel [id: 0xeaec79a5, L:/127.0.0.1:50410 - R:localhost/127.0.0.1:27557]
21:09:36.452 [Forwarding sendKeysToElement on session e86ab320e9c45622790b5551d95626f0 to remote] DEBUG org.asynchttpclient.netty.request.NettyRequestSender - Using pooled Channel '[id: 0xeaec79a5, L:/127.0.0.1:50410 - R:localhost/127.0.0.1:27557]' for 'POST' to 'http://localhost:27557/session/e86ab320e9c45622790b5551d95626f0/element/f.A9326238F24A3E4D46EB6F76DFB39546.d.15C7DE7EF8FF34B80CDEAC89899D7659.e.62/value'
21:09:36.452 [Forwarding sendKeysToElement on session e86ab320e9c45622790b5551d95626f0 to remote] DEBUG org.asynchttpclient.netty.request.NettyRequestSender - Using open Channel [id: 0xeaec79a5, L:/127.0.0.1:50410 - R:localhost/127.0.0.1:27557] for POST '/session/e86ab320e9c45622790b5551d95626f0/element/f.A9326238F24A3E4D46EB6F76DFB39546.d.15C7DE7EF8FF34B80CDEAC89899D7659.e.62/value'
21:09:36.530 [AsyncHttpClient-1-1] DEBUG org.asynchttpclient.netty.channel.DefaultChannelPool - Entry count for : http://localhost:50411 : 1
21:09:36.532 [AsyncHttpClient-1-1] DEBUG org.asynchttpclient.netty.channel.DefaultChannelPool - Entry count for : http://localhost:19806 : 1
21:09:36.533 [AsyncHttpClient-1-1] DEBUG org.asynchttpclient.netty.channel.DefaultChannelPool - Entry count for : http://localhost:50371 : 1
21:09:36.699 [AsyncHttpClient-1-5] DEBUG org.asynchttpclient.netty.handler.HttpHandler - 

Request DefaultHttpRequest(decodeResult: success, version: HTTP/1.1)
POST /session/e86ab320e9c45622790b5551d95626f0/element/f.A9326238F24A3E4D46EB6F76DFB39546.d.15C7DE7EF8FF34B80CDEAC89899D7659.e.62/value HTTP/1.1
User-Agent: selenium/4.12.0 (java windows)
Content-Length: 259
Content-Type: application/json; charset=utf-8
host: localhost:27557
accept: */*

Response DefaultHttpResponse(decodeResult: success, version: HTTP/1.1)
HTTP/1.1 200 OK
Content-Length: 14
Content-Type: application/json; charset=utf-8
cache-control: no-cache

21:09:36.700 [AsyncHttpClient-1-5] DEBUG org.asynchttpclient.netty.channel.ChannelManager - Adding key: http://localhost:27557 for channel [id: 0xeaec79a5, L:/127.0.0.1:50410 - R:localhost/127.0.0.1:27557]
21:09:36.700 [Forwarding findElement on session e86ab320e9c45622790b5551d95626f0 to remote] DEBUG org.asynchttpclient.netty.request.NettyRequestSender - Using pooled Channel '[id: 0xeaec79a5, L:/127.0.0.1:50410 - R:localhost/127.0.0.1:27557]' for 'POST' to 'http://localhost:27557/session/e86ab320e9c45622790b5551d95626f0/element'
21:09:36.700 [Forwarding findElement on session e86ab320e9c45622790b5551d95626f0 to remote] DEBUG org.asynchttpclient.netty.request.NettyRequestSender - Using open Channel [id: 0xeaec79a5, L:/127.0.0.1:50410 - R:localhost/127.0.0.1:27557] for POST '/session/e86ab320e9c45622790b5551d95626f0/element'
21:09:36.715 [AsyncHttpClient-1-5] DEBUG org.asynchttpclient.netty.handler.HttpHandler - 

Request DefaultHttpRequest(decodeResult: success, version: HTTP/1.1)
POST /session/e86ab320e9c45622790b5551d95626f0/element HTTP/1.1
User-Agent: selenium/4.12.0 (java windows)
Content-Length: 75
Content-Type: application/json; charset=utf-8
host: localhost:27557
accept: */*

Response DefaultHttpResponse(decodeResult: success, version: HTTP/1.1)
HTTP/1.1 200 OK
Content-Length: 126
Content-Type: application/json; charset=utf-8
cache-control: no-cache

21:09:36.715 [AsyncHttpClient-1-5] DEBUG org.asynchttpclient.netty.channel.ChannelManager - Adding key: http://localhost:27557 for channel [id: 0xeaec79a5, L:/127.0.0.1:50410 - R:localhost/127.0.0.1:27557]
21:09:36.715 [Forwarding sendKeysToElement on session e86ab320e9c45622790b5551d95626f0 to remote] DEBUG org.asynchttpclient.netty.request.NettyRequestSender - Using pooled Channel '[id: 0xeaec79a5, L:/127.0.0.1:50410 - R:localhost/127.0.0.1:27557]' for 'POST' to 'http://localhost:27557/session/e86ab320e9c45622790b5551d95626f0/element/f.A9326238F24A3E4D46EB6F76DFB39546.d.15C7DE7EF8FF34B80CDEAC89899D7659.e.63/value'
21:09:36.715 [Forwarding sendKeysToElement on session e86ab320e9c45622790b5551d95626f0 to remote] DEBUG org.asynchttpclient.netty.request.NettyRequestSender - Using open Channel [id: 0xeaec79a5, L:/127.0.0.1:50410 - R:localhost/127.0.0.1:27557] for POST '/session/e86ab320e9c45622790b5551d95626f0/element/f.A9326238F24A3E4D46EB6F76DFB39546.d.15C7DE7EF8FF34B80CDEAC89899D7659.e.63/value'
21:09:36.807 [AsyncHttpClient-1-5] DEBUG org.asynchttpclient.netty.handler.HttpHandler - 

Request DefaultHttpRequest(decodeResult: success, version: HTTP/1.1)
POST /session/e86ab320e9c45622790b5551d95626f0/element/f.A9326238F24A3E4D46EB6F76DFB39546.d.15C7DE7EF8FF34B80CDEAC89899D7659.e.63/value HTTP/1.1
User-Agent: selenium/4.12.0 (java windows)
Content-Length: 139
Content-Type: application/json; charset=utf-8
host: localhost:27557
accept: */*

Response DefaultHttpResponse(decodeResult: success, version: HTTP/1.1)
HTTP/1.1 200 OK
Content-Length: 14
Content-Type: application/json; charset=utf-8
cache-control: no-cache

21:09:36.808 [AsyncHttpClient-1-5] DEBUG org.asynchttpclient.netty.channel.ChannelManager - Adding key: http://localhost:27557 for channel [id: 0xeaec79a5, L:/127.0.0.1:50410 - R:localhost/127.0.0.1:27557]
21:09:36.809 [Forwarding findElement on session e86ab320e9c45622790b5551d95626f0 to remote] DEBUG org.asynchttpclient.netty.request.NettyRequestSender - Using pooled Channel '[id: 0xeaec79a5, L:/127.0.0.1:50410 - R:localhost/127.0.0.1:27557]' for 'POST' to 'http://localhost:27557/session/e86ab320e9c45622790b5551d95626f0/element'
21:09:36.809 [Forwarding findElement on session e86ab320e9c45622790b5551d95626f0 to remote] DEBUG org.asynchttpclient.netty.request.NettyRequestSender - Using open Channel [id: 0xeaec79a5, L:/127.0.0.1:50410 - R:localhost/127.0.0.1:27557] for POST '/session/e86ab320e9c45622790b5551d95626f0/element'
21:09:36.823 [AsyncHttpClient-1-5] DEBUG org.asynchttpclient.netty.handler.HttpHandler - 

Request DefaultHttpRequest(decodeResult: success, version: HTTP/1.1)
POST /session/e86ab320e9c45622790b5551d95626f0/element HTTP/1.1
User-Agent: selenium/4.12.0 (java windows)
Content-Length: 90
Content-Type: application/json; charset=utf-8
host: localhost:27557
accept: */*

Response DefaultHttpResponse(decodeResult: success, version: HTTP/1.1)
HTTP/1.1 200 OK
Content-Length: 126
Content-Type: application/json; charset=utf-8
cache-control: no-cache

21:09:36.823 [AsyncHttpClient-1-5] DEBUG org.asynchttpclient.netty.channel.ChannelManager - Adding key: http://localhost:27557 for channel [id: 0xeaec79a5, L:/127.0.0.1:50410 - R:localhost/127.0.0.1:27557]
21:09:36.828 [Forwarding sendKeysToElement on session e86ab320e9c45622790b5551d95626f0 to remote] DEBUG org.asynchttpclient.netty.request.NettyRequestSender - Using pooled Channel '[id: 0xeaec79a5, L:/127.0.0.1:50410 - R:localhost/127.0.0.1:27557]' for 'POST' to 'http://localhost:27557/session/e86ab320e9c45622790b5551d95626f0/element/f.A9326238F24A3E4D46EB6F76DFB39546.d.15C7DE7EF8FF34B80CDEAC89899D7659.e.64/value'
21:09:36.828 [Forwarding sendKeysToElement on session e86ab320e9c45622790b5551d95626f0 to remote] DEBUG org.asynchttpclient.netty.request.NettyRequestSender - Using open Channel [id: 0xeaec79a5, L:/127.0.0.1:50410 - R:localhost/127.0.0.1:27557] for POST '/session/e86ab320e9c45622790b5551d95626f0/element/f.A9326238F24A3E4D46EB6F76DFB39546.d.15C7DE7EF8FF34B80CDEAC89899D7659.e.64/value'
21:09:36.914 [AsyncHttpClient-1-5] DEBUG org.asynchttpclient.netty.handler.HttpHandler - 

Request DefaultHttpRequest(decodeResult: success, version: HTTP/1.1)
POST /session/e86ab320e9c45622790b5551d95626f0/element/f.A9326238F24A3E4D46EB6F76DFB39546.d.15C7DE7EF8FF34B80CDEAC89899D7659.e.64/value HTTP/1.1
User-Agent: selenium/4.12.0 (java windows)
Content-Length: 139
Content-Type: application/json; charset=utf-8
host: localhost:27557
accept: */*

Response DefaultHttpResponse(decodeResult: success, version: HTTP/1.1)
HTTP/1.1 200 OK
Content-Length: 14
Content-Type: application/json; charset=utf-8
cache-control: no-cache

21:09:36.915 [AsyncHttpClient-1-5] DEBUG org.asynchttpclient.netty.channel.ChannelManager - Adding key: http://localhost:27557 for channel [id: 0xeaec79a5, L:/127.0.0.1:50410 - R:localhost/127.0.0.1:27557]
21:09:36.916 [Forwarding findElement on session e86ab320e9c45622790b5551d95626f0 to remote] DEBUG org.asynchttpclient.netty.request.NettyRequestSender - Using pooled Channel '[id: 0xeaec79a5, L:/127.0.0.1:50410 - R:localhost/127.0.0.1:27557]' for 'POST' to 'http://localhost:27557/session/e86ab320e9c45622790b5551d95626f0/element'
21:09:36.916 [Forwarding findElement on session e86ab320e9c45622790b5551d95626f0 to remote] DEBUG org.asynchttpclient.netty.request.NettyRequestSender - Using open Channel [id: 0xeaec79a5, L:/127.0.0.1:50410 - R:localhost/127.0.0.1:27557] for POST '/session/e86ab320e9c45622790b5551d95626f0/element'
21:09:36.931 [AsyncHttpClient-1-5] DEBUG org.asynchttpclient.netty.handler.HttpHandler - 

Request DefaultHttpRequest(decodeResult: success, version: HTTP/1.1)
POST /session/e86ab320e9c45622790b5551d95626f0/element HTTP/1.1
User-Agent: selenium/4.12.0 (java windows)
Content-Length: 96
Content-Type: application/json; charset=utf-8
host: localhost:27557
accept: */*

Response DefaultHttpResponse(decodeResult: success, version: HTTP/1.1)
HTTP/1.1 200 OK
Content-Length: 126
Content-Type: application/json; charset=utf-8
cache-control: no-cache

21:09:36.931 [AsyncHttpClient-1-5] DEBUG org.asynchttpclient.netty.channel.ChannelManager - Adding key: http://localhost:27557 for channel [id: 0xeaec79a5, L:/127.0.0.1:50410 - R:localhost/127.0.0.1:27557]
21:09:36.939 [Forwarding sendKeysToElement on session e86ab320e9c45622790b5551d95626f0 to remote] DEBUG org.asynchttpclient.netty.request.NettyRequestSender - Using pooled Channel '[id: 0xeaec79a5, L:/127.0.0.1:50410 - R:localhost/127.0.0.1:27557]' for 'POST' to 'http://localhost:27557/session/e86ab320e9c45622790b5551d95626f0/element/f.A9326238F24A3E4D46EB6F76DFB39546.d.15C7DE7EF8FF34B80CDEAC89899D7659.e.65/value'
21:09:36.939 [Forwarding sendKeysToElement on session e86ab320e9c45622790b5551d95626f0 to remote] DEBUG org.asynchttpclient.netty.request.NettyRequestSender - Using open Channel [id: 0xeaec79a5, L:/127.0.0.1:50410 - R:localhost/127.0.0.1:27557] for POST '/session/e86ab320e9c45622790b5551d95626f0/element/f.A9326238F24A3E4D46EB6F76DFB39546.d.15C7DE7EF8FF34B80CDEAC89899D7659.e.65/value'
21:09:37.069 [AsyncHttpClient-1-5] DEBUG org.asynchttpclient.netty.handler.HttpHandler - 

Request DefaultHttpRequest(decodeResult: success, version: HTTP/1.1)
POST /session/e86ab320e9c45622790b5551d95626f0/element/f.A9326238F24A3E4D46EB6F76DFB39546.d.15C7DE7EF8FF34B80CDEAC89899D7659.e.65/value HTTP/1.1
User-Agent: selenium/4.12.0 (java windows)
Content-Length: 179
Content-Type: application/json; charset=utf-8
host: localhost:27557
accept: */*

Response DefaultHttpResponse(decodeResult: success, version: HTTP/1.1)
HTTP/1.1 200 OK
Content-Length: 14
Content-Type: application/json; charset=utf-8
cache-control: no-cache

21:09:37.069 [AsyncHttpClient-1-5] DEBUG org.asynchttpclient.netty.channel.ChannelManager - Adding key: http://localhost:27557 for channel [id: 0xeaec79a5, L:/127.0.0.1:50410 - R:localhost/127.0.0.1:27557]
21:09:37.075 [Forwarding findElement on session e86ab320e9c45622790b5551d95626f0 to remote] DEBUG org.asynchttpclient.netty.request.NettyRequestSender - Using pooled Channel '[id: 0xeaec79a5, L:/127.0.0.1:50410 - R:localhost/127.0.0.1:27557]' for 'POST' to 'http://localhost:27557/session/e86ab320e9c45622790b5551d95626f0/element'
21:09:37.075 [Forwarding findElement on session e86ab320e9c45622790b5551d95626f0 to remote] DEBUG org.asynchttpclient.netty.request.NettyRequestSender - Using open Channel [id: 0xeaec79a5, L:/127.0.0.1:50410 - R:localhost/127.0.0.1:27557] for POST '/session/e86ab320e9c45622790b5551d95626f0/element'
21:09:37.095 [AsyncHttpClient-1-5] DEBUG org.asynchttpclient.netty.handler.HttpHandler - 

Request DefaultHttpRequest(decodeResult: success, version: HTTP/1.1)
POST /session/e86ab320e9c45622790b5551d95626f0/element HTTP/1.1
User-Agent: selenium/4.12.0 (java windows)
Content-Length: 78
Content-Type: application/json; charset=utf-8
host: localhost:27557
accept: */*

Response DefaultHttpResponse(decodeResult: success, version: HTTP/1.1)
HTTP/1.1 200 OK
Content-Length: 126
Content-Type: application/json; charset=utf-8
cache-control: no-cache

21:09:37.096 [AsyncHttpClient-1-5] DEBUG org.asynchttpclient.netty.channel.ChannelManager - Adding key: http://localhost:27557 for channel [id: 0xeaec79a5, L:/127.0.0.1:50410 - R:localhost/127.0.0.1:27557]
21:09:37.096 [Forwarding sendKeysToElement on session e86ab320e9c45622790b5551d95626f0 to remote] DEBUG org.asynchttpclient.netty.request.NettyRequestSender - Using pooled Channel '[id: 0xeaec79a5, L:/127.0.0.1:50410 - R:localhost/127.0.0.1:27557]' for 'POST' to 'http://localhost:27557/session/e86ab320e9c45622790b5551d95626f0/element/f.A9326238F24A3E4D46EB6F76DFB39546.d.15C7DE7EF8FF34B80CDEAC89899D7659.e.66/value'
21:09:37.096 [Forwarding sendKeysToElement on session e86ab320e9c45622790b5551d95626f0 to remote] DEBUG org.asynchttpclient.netty.request.NettyRequestSender - Using open Channel [id: 0xeaec79a5, L:/127.0.0.1:50410 - R:localhost/127.0.0.1:27557] for POST '/session/e86ab320e9c45622790b5551d95626f0/element/f.A9326238F24A3E4D46EB6F76DFB39546.d.15C7DE7EF8FF34B80CDEAC89899D7659.e.66/value'
21:09:37.223 [AsyncHttpClient-1-5] DEBUG org.asynchttpclient.netty.handler.HttpHandler - 

Request DefaultHttpRequest(decodeResult: success, version: HTTP/1.1)
POST /session/e86ab320e9c45622790b5551d95626f0/element/f.A9326238F24A3E4D46EB6F76DFB39546.d.15C7DE7EF8FF34B80CDEAC89899D7659.e.66/value HTTP/1.1
User-Agent: selenium/4.12.0 (java windows)
Content-Length: 149
Content-Type: application/json; charset=utf-8
host: localhost:27557
accept: */*

Response DefaultHttpResponse(decodeResult: success, version: HTTP/1.1)
HTTP/1.1 200 OK
Content-Length: 14
Content-Type: application/json; charset=utf-8
cache-control: no-cache

21:09:37.224 [AsyncHttpClient-1-5] DEBUG org.asynchttpclient.netty.channel.ChannelManager - Adding key: http://localhost:27557 for channel [id: 0xeaec79a5, L:/127.0.0.1:50410 - R:localhost/127.0.0.1:27557]
21:09:37.632 [AsyncHttpClient-1-1] DEBUG org.asynchttpclient.netty.channel.DefaultChannelPool - Entry count for : http://localhost:27557 : 1
21:09:37.632 [AsyncHttpClient-1-1] DEBUG org.asynchttpclient.netty.channel.DefaultChannelPool - Entry count for : http://localhost:50411 : 1
21:09:37.632 [AsyncHttpClient-1-1] DEBUG org.asynchttpclient.netty.channel.DefaultChannelPool - Entry count for : http://localhost:19806 : 1
21:09:37.632 [AsyncHttpClient-1-1] DEBUG org.asynchttpclient.netty.channel.DefaultChannelPool - Entry count for : http://localhost:50371 : 1
screen shot class not taking
  And Provide the Address DetailsMain_street001 YK FL 987678 USA         # StepDefination.Customer_onboarding.Provide_the_address_Details(java.lang.String,java.lang.String,java.lang.String,java.lang.String,java.lang.String)
21:09:37.738 [Forwarding findElement on session e86ab320e9c45622790b5551d95626f0 to remote] DEBUG org.asynchttpclient.netty.request.NettyRequestSender - Using pooled Channel '[id: 0xeaec79a5, L:/127.0.0.1:50410 - R:localhost/127.0.0.1:27557]' for 'POST' to 'http://localhost:27557/session/e86ab320e9c45622790b5551d95626f0/element'
21:09:37.738 [Forwarding findElement on session e86ab320e9c45622790b5551d95626f0 to remote] DEBUG org.asynchttpclient.netty.request.NettyRequestSender - Using open Channel [id: 0xeaec79a5, L:/127.0.0.1:50410 - R:localhost/127.0.0.1:27557] for POST '/session/e86ab320e9c45622790b5551d95626f0/element'
21:09:37.759 [AsyncHttpClient-1-5] DEBUG org.asynchttpclient.netty.handler.HttpHandler - 

Request DefaultHttpRequest(decodeResult: success, version: HTTP/1.1)
POST /session/e86ab320e9c45622790b5551d95626f0/element HTTP/1.1
User-Agent: selenium/4.12.0 (java windows)
Content-Length: 86
Content-Type: application/json; charset=utf-8
host: localhost:27557
accept: */*

Response DefaultHttpResponse(decodeResult: success, version: HTTP/1.1)
HTTP/1.1 200 OK
Content-Length: 126
Content-Type: application/json; charset=utf-8
cache-control: no-cache

21:09:37.759 [AsyncHttpClient-1-5] DEBUG org.asynchttpclient.netty.channel.ChannelManager - Adding key: http://localhost:27557 for channel [id: 0xeaec79a5, L:/127.0.0.1:50410 - R:localhost/127.0.0.1:27557]
21:09:37.759 [Forwarding clickElement on session e86ab320e9c45622790b5551d95626f0 to remote] DEBUG org.asynchttpclient.netty.request.NettyRequestSender - Using pooled Channel '[id: 0xeaec79a5, L:/127.0.0.1:50410 - R:localhost/127.0.0.1:27557]' for 'POST' to 'http://localhost:27557/session/e86ab320e9c45622790b5551d95626f0/element/f.A9326238F24A3E4D46EB6F76DFB39546.d.15C7DE7EF8FF34B80CDEAC89899D7659.e.61/click'
21:09:37.759 [Forwarding clickElement on session e86ab320e9c45622790b5551d95626f0 to remote] DEBUG org.asynchttpclient.netty.request.NettyRequestSender - Using open Channel [id: 0xeaec79a5, L:/127.0.0.1:50410 - R:localhost/127.0.0.1:27557] for POST '/session/e86ab320e9c45622790b5551d95626f0/element/f.A9326238F24A3E4D46EB6F76DFB39546.d.15C7DE7EF8FF34B80CDEAC89899D7659.e.61/click'
21:09:37.906 [AsyncHttpClient-1-5] DEBUG org.asynchttpclient.netty.handler.HttpHandler - 

Request DefaultHttpRequest(decodeResult: success, version: HTTP/1.1)
POST /session/e86ab320e9c45622790b5551d95626f0/element/f.A9326238F24A3E4D46EB6F76DFB39546.d.15C7DE7EF8FF34B80CDEAC89899D7659.e.61/click HTTP/1.1
User-Agent: selenium/4.12.0 (java windows)
Content-Length: 88
Content-Type: application/json; charset=utf-8
host: localhost:27557
accept: */*

Response DefaultHttpResponse(decodeResult: success, version: HTTP/1.1)
HTTP/1.1 200 OK
Content-Length: 14
Content-Type: application/json; charset=utf-8
cache-control: no-cache

21:09:37.908 [AsyncHttpClient-1-5] DEBUG org.asynchttpclient.netty.channel.ChannelManager - Adding key: http://localhost:27557 for channel [id: 0xeaec79a5, L:/127.0.0.1:50410 - R:localhost/127.0.0.1:27557]
21:09:38.722 [AsyncHttpClient-1-1] DEBUG org.asynchttpclient.netty.channel.DefaultChannelPool - Entry count for : http://localhost:27557 : 1
21:09:38.722 [AsyncHttpClient-1-1] DEBUG org.asynchttpclient.netty.channel.DefaultChannelPool - Entry count for : http://localhost:50411 : 1
21:09:38.722 [AsyncHttpClient-1-1] DEBUG org.asynchttpclient.netty.channel.DefaultChannelPool - Entry count for : http://localhost:19806 : 1
21:09:38.722 [AsyncHttpClient-1-1] DEBUG org.asynchttpclient.netty.channel.DefaultChannelPool - Entry count for : http://localhost:50371 : 1
21:09:38.918 [Forwarding findElement on session e86ab320e9c45622790b5551d95626f0 to remote] DEBUG org.asynchttpclient.netty.request.NettyRequestSender - Using pooled Channel '[id: 0xeaec79a5, L:/127.0.0.1:50410 - R:localhost/127.0.0.1:27557]' for 'POST' to 'http://localhost:27557/session/e86ab320e9c45622790b5551d95626f0/element'
21:09:38.918 [Forwarding findElement on session e86ab320e9c45622790b5551d95626f0 to remote] DEBUG org.asynchttpclient.netty.request.NettyRequestSender - Using open Channel [id: 0xeaec79a5, L:/127.0.0.1:50410 - R:localhost/127.0.0.1:27557] for POST '/session/e86ab320e9c45622790b5551d95626f0/element'
21:09:38.934 [AsyncHttpClient-1-5] DEBUG org.asynchttpclient.netty.handler.HttpHandler - 

Request DefaultHttpRequest(decodeResult: success, version: HTTP/1.1)
POST /session/e86ab320e9c45622790b5551d95626f0/element HTTP/1.1
User-Agent: selenium/4.12.0 (java windows)
Content-Length: 124
Content-Type: application/json; charset=utf-8
host: localhost:27557
accept: */*

Response DefaultHttpResponse(decodeResult: success, version: HTTP/1.1)
HTTP/1.1 200 OK
Content-Length: 127
Content-Type: application/json; charset=utf-8
cache-control: no-cache

21:09:38.934 [AsyncHttpClient-1-5] DEBUG org.asynchttpclient.netty.channel.ChannelManager - Adding key: http://localhost:27557 for channel [id: 0xeaec79a5, L:/127.0.0.1:50410 - R:localhost/127.0.0.1:27557]
21:09:38.941 [Forwarding clickElement on session e86ab320e9c45622790b5551d95626f0 to remote] DEBUG org.asynchttpclient.netty.request.NettyRequestSender - Using pooled Channel '[id: 0xeaec79a5, L:/127.0.0.1:50410 - R:localhost/127.0.0.1:27557]' for 'POST' to 'http://localhost:27557/session/e86ab320e9c45622790b5551d95626f0/element/f.A9326238F24A3E4D46EB6F76DFB39546.d.15C7DE7EF8FF34B80CDEAC89899D7659.e.112/click'
21:09:38.941 [Forwarding clickElement on session e86ab320e9c45622790b5551d95626f0 to remote] DEBUG org.asynchttpclient.netty.request.NettyRequestSender - Using open Channel [id: 0xeaec79a5, L:/127.0.0.1:50410 - R:localhost/127.0.0.1:27557] for POST '/session/e86ab320e9c45622790b5551d95626f0/element/f.A9326238F24A3E4D46EB6F76DFB39546.d.15C7DE7EF8FF34B80CDEAC89899D7659.e.112/click'
21:09:39.069 [AsyncHttpClient-1-5] DEBUG org.asynchttpclient.netty.handler.HttpHandler - 

Request DefaultHttpRequest(decodeResult: success, version: HTTP/1.1)
POST /session/e86ab320e9c45622790b5551d95626f0/element/f.A9326238F24A3E4D46EB6F76DFB39546.d.15C7DE7EF8FF34B80CDEAC89899D7659.e.112/click HTTP/1.1
User-Agent: selenium/4.12.0 (java windows)
Content-Length: 89
Content-Type: application/json; charset=utf-8
host: localhost:27557
accept: */*

Response DefaultHttpResponse(decodeResult: success, version: HTTP/1.1)
HTTP/1.1 200 OK
Content-Length: 14
Content-Type: application/json; charset=utf-8
cache-control: no-cache

21:09:39.071 [AsyncHttpClient-1-5] DEBUG org.asynchttpclient.netty.channel.ChannelManager - Adding key: http://localhost:27557 for channel [id: 0xeaec79a5, L:/127.0.0.1:50410 - R:localhost/127.0.0.1:27557]
21:09:39.828 [AsyncHttpClient-1-1] DEBUG org.asynchttpclient.netty.channel.DefaultChannelPool - Entry count for : http://localhost:27557 : 1
21:09:39.828 [AsyncHttpClient-1-1] DEBUG org.asynchttpclient.netty.channel.DefaultChannelPool - Entry count for : http://localhost:50411 : 1
21:09:39.828 [AsyncHttpClient-1-1] DEBUG org.asynchttpclient.netty.channel.DefaultChannelPool - Entry count for : http://localhost:19806 : 1
21:09:39.828 [AsyncHttpClient-1-1] DEBUG org.asynchttpclient.netty.channel.DefaultChannelPool - Entry count for : http://localhost:50371 : 1
21:09:40.077 [Forwarding findElement on session e86ab320e9c45622790b5551d95626f0 to remote] DEBUG org.asynchttpclient.netty.request.NettyRequestSender - Using pooled Channel '[id: 0xeaec79a5, L:/127.0.0.1:50410 - R:localhost/127.0.0.1:27557]' for 'POST' to 'http://localhost:27557/session/e86ab320e9c45622790b5551d95626f0/element'
21:09:40.077 [Forwarding findElement on session e86ab320e9c45622790b5551d95626f0 to remote] DEBUG org.asynchttpclient.netty.request.NettyRequestSender - Using open Channel [id: 0xeaec79a5, L:/127.0.0.1:50410 - R:localhost/127.0.0.1:27557] for POST '/session/e86ab320e9c45622790b5551d95626f0/element'
21:09:40.093 [AsyncHttpClient-1-5] DEBUG org.asynchttpclient.netty.handler.HttpHandler - 

Request DefaultHttpRequest(decodeResult: success, version: HTTP/1.1)
POST /session/e86ab320e9c45622790b5551d95626f0/element HTTP/1.1
User-Agent: selenium/4.12.0 (java windows)
Content-Length: 85
Content-Type: application/json; charset=utf-8
host: localhost:27557
accept: */*

Response DefaultHttpResponse(decodeResult: success, version: HTTP/1.1)
HTTP/1.1 200 OK
Content-Length: 127
Content-Type: application/json; charset=utf-8
cache-control: no-cache

21:09:40.093 [AsyncHttpClient-1-5] DEBUG org.asynchttpclient.netty.channel.ChannelManager - Adding key: http://localhost:27557 for channel [id: 0xeaec79a5, L:/127.0.0.1:50410 - R:localhost/127.0.0.1:27557]
21:09:40.095 [Forwarding sendKeysToElement on session e86ab320e9c45622790b5551d95626f0 to remote] DEBUG org.asynchttpclient.netty.request.NettyRequestSender - Using pooled Channel '[id: 0xeaec79a5, L:/127.0.0.1:50410 - R:localhost/127.0.0.1:27557]' for 'POST' to 'http://localhost:27557/session/e86ab320e9c45622790b5551d95626f0/element/f.A9326238F24A3E4D46EB6F76DFB39546.d.15C7DE7EF8FF34B80CDEAC89899D7659.e.114/value'
21:09:40.095 [Forwarding sendKeysToElement on session e86ab320e9c45622790b5551d95626f0 to remote] DEBUG org.asynchttpclient.netty.request.NettyRequestSender - Using open Channel [id: 0xeaec79a5, L:/127.0.0.1:50410 - R:localhost/127.0.0.1:27557] for POST '/session/e86ab320e9c45622790b5551d95626f0/element/f.A9326238F24A3E4D46EB6F76DFB39546.d.15C7DE7EF8FF34B80CDEAC89899D7659.e.114/value'
21:09:40.324 [AsyncHttpClient-1-5] DEBUG org.asynchttpclient.netty.handler.HttpHandler - 

Request DefaultHttpRequest(decodeResult: success, version: HTTP/1.1)
POST /session/e86ab320e9c45622790b5551d95626f0/element/f.A9326238F24A3E4D46EB6F76DFB39546.d.15C7DE7EF8FF34B80CDEAC89899D7659.e.114/value HTTP/1.1
User-Agent: selenium/4.12.0 (java windows)
Content-Length: 260
Content-Type: application/json; charset=utf-8
host: localhost:27557
accept: */*

Response DefaultHttpResponse(decodeResult: success, version: HTTP/1.1)
HTTP/1.1 200 OK
Content-Length: 14
Content-Type: application/json; charset=utf-8
cache-control: no-cache

21:09:40.324 [AsyncHttpClient-1-5] DEBUG org.asynchttpclient.netty.channel.ChannelManager - Adding key: http://localhost:27557 for channel [id: 0xeaec79a5, L:/127.0.0.1:50410 - R:localhost/127.0.0.1:27557]
screen shot class not taking
  And Provide the bookvia with Emailroyal.book.com                       # StepDefination.Customer_onboarding.Provide_the_bookvia_email(java.lang.String)
21:09:40.933 [AsyncHttpClient-1-1] DEBUG org.asynchttpclient.netty.channel.DefaultChannelPool - Entry count for : http://localhost:27557 : 1
21:09:40.933 [AsyncHttpClient-1-1] DEBUG org.asynchttpclient.netty.channel.DefaultChannelPool - Entry count for : http://localhost:50411 : 1
21:09:40.933 [AsyncHttpClient-1-1] DEBUG org.asynchttpclient.netty.channel.DefaultChannelPool - Entry count for : http://localhost:19806 : 1
21:09:40.933 [AsyncHttpClient-1-1] DEBUG org.asynchttpclient.netty.channel.DefaultChannelPool - Entry count for : http://localhost:50371 : 1
21:09:41.832 [Forwarding findElement on session e86ab320e9c45622790b5551d95626f0 to remote] DEBUG org.asynchttpclient.netty.request.NettyRequestSender - Using pooled Channel '[id: 0xeaec79a5, L:/127.0.0.1:50410 - R:localhost/127.0.0.1:27557]' for 'POST' to 'http://localhost:27557/session/e86ab320e9c45622790b5551d95626f0/element'
21:09:41.832 [Forwarding findElement on session e86ab320e9c45622790b5551d95626f0 to remote] DEBUG org.asynchttpclient.netty.request.NettyRequestSender - Using open Channel [id: 0xeaec79a5, L:/127.0.0.1:50410 - R:localhost/127.0.0.1:27557] for POST '/session/e86ab320e9c45622790b5551d95626f0/element'
21:09:41.850 [AsyncHttpClient-1-5] DEBUG org.asynchttpclient.netty.handler.HttpHandler - 

Request DefaultHttpRequest(decodeResult: success, version: HTTP/1.1)
POST /session/e86ab320e9c45622790b5551d95626f0/element HTTP/1.1
User-Agent: selenium/4.12.0 (java windows)
Content-Length: 121
Content-Type: application/json; charset=utf-8
host: localhost:27557
accept: */*

Response DefaultHttpResponse(decodeResult: success, version: HTTP/1.1)
HTTP/1.1 200 OK
Content-Length: 126
Content-Type: application/json; charset=utf-8
cache-control: no-cache

21:09:41.850 [AsyncHttpClient-1-5] DEBUG org.asynchttpclient.netty.channel.ChannelManager - Adding key: http://localhost:27557 for channel [id: 0xeaec79a5, L:/127.0.0.1:50410 - R:localhost/127.0.0.1:27557]
21:09:41.850 [Forwarding sendKeysToElement on session e86ab320e9c45622790b5551d95626f0 to remote] DEBUG org.asynchttpclient.netty.request.NettyRequestSender - Using pooled Channel '[id: 0xeaec79a5, L:/127.0.0.1:50410 - R:localhost/127.0.0.1:27557]' for 'POST' to 'http://localhost:27557/session/e86ab320e9c45622790b5551d95626f0/element/f.A9326238F24A3E4D46EB6F76DFB39546.d.15C7DE7EF8FF34B80CDEAC89899D7659.e.67/value'
21:09:41.850 [Forwarding sendKeysToElement on session e86ab320e9c45622790b5551d95626f0 to remote] DEBUG org.asynchttpclient.netty.request.NettyRequestSender - Using open Channel [id: 0xeaec79a5, L:/127.0.0.1:50410 - R:localhost/127.0.0.1:27557] for POST '/session/e86ab320e9c45622790b5551d95626f0/element/f.A9326238F24A3E4D46EB6F76DFB39546.d.15C7DE7EF8FF34B80CDEAC89899D7659.e.67/value'
21:09:42.029 [AsyncHttpClient-1-1] DEBUG org.asynchttpclient.netty.channel.DefaultChannelPool - Entry count for : http://localhost:50411 : 1
21:09:42.031 [AsyncHttpClient-1-1] DEBUG org.asynchttpclient.netty.channel.DefaultChannelPool - Entry count for : http://localhost:19806 : 1
21:09:42.031 [AsyncHttpClient-1-1] DEBUG org.asynchttpclient.netty.channel.DefaultChannelPool - Entry count for : http://localhost:50371 : 1
21:09:42.266 [AsyncHttpClient-1-5] DEBUG org.asynchttpclient.netty.handler.HttpHandler - 

Request DefaultHttpRequest(decodeResult: success, version: HTTP/1.1)
POST /session/e86ab320e9c45622790b5551d95626f0/element/f.A9326238F24A3E4D46EB6F76DFB39546.d.15C7DE7EF8FF34B80CDEAC89899D7659.e.67/value HTTP/1.1
User-Agent: selenium/4.12.0 (java windows)
Content-Length: 399
Content-Type: application/json; charset=utf-8
host: localhost:27557
accept: */*

Response DefaultHttpResponse(decodeResult: success, version: HTTP/1.1)
HTTP/1.1 200 OK
Content-Length: 14
Content-Type: application/json; charset=utf-8
cache-control: no-cache

21:09:42.266 [AsyncHttpClient-1-5] DEBUG org.asynchttpclient.netty.channel.ChannelManager - Adding key: http://localhost:27557 for channel [id: 0xeaec79a5, L:/127.0.0.1:50410 - R:localhost/127.0.0.1:27557]
screen shot class not taking
  And Provide the special_instructionsspecial_instruction_customer       # StepDefination.Customer_onboarding.Provide_the_special_instructions(java.lang.String)
21:09:43.133 [AsyncHttpClient-1-1] DEBUG org.asynchttpclient.netty.channel.DefaultChannelPool - Entry count for : http://localhost:27557 : 1
21:09:43.133 [AsyncHttpClient-1-1] DEBUG org.asynchttpclient.netty.channel.DefaultChannelPool - Entry count for : http://localhost:50411 : 1
21:09:43.133 [AsyncHttpClient-1-1] DEBUG org.asynchttpclient.netty.channel.DefaultChannelPool - Entry count for : http://localhost:19806 : 1
21:09:43.133 [AsyncHttpClient-1-1] DEBUG org.asynchttpclient.netty.channel.DefaultChannelPool - Entry count for : http://localhost:50371 : 1
21:09:43.782 [Forwarding findElement on session e86ab320e9c45622790b5551d95626f0 to remote] DEBUG org.asynchttpclient.netty.request.NettyRequestSender - Using pooled Channel '[id: 0xeaec79a5, L:/127.0.0.1:50410 - R:localhost/127.0.0.1:27557]' for 'POST' to 'http://localhost:27557/session/e86ab320e9c45622790b5551d95626f0/element'
21:09:43.782 [Forwarding findElement on session e86ab320e9c45622790b5551d95626f0 to remote] DEBUG org.asynchttpclient.netty.request.NettyRequestSender - Using open Channel [id: 0xeaec79a5, L:/127.0.0.1:50410 - R:localhost/127.0.0.1:27557] for POST '/session/e86ab320e9c45622790b5551d95626f0/element'
21:09:43.802 [AsyncHttpClient-1-5] DEBUG org.asynchttpclient.netty.handler.HttpHandler - 

Request DefaultHttpRequest(decodeResult: success, version: HTTP/1.1)
POST /session/e86ab320e9c45622790b5551d95626f0/element HTTP/1.1
User-Agent: selenium/4.12.0 (java windows)
Content-Length: 250
Content-Type: application/json; charset=utf-8
host: localhost:27557
accept: */*

Response DefaultHttpResponse(decodeResult: success, version: HTTP/1.1)
HTTP/1.1 200 OK
Content-Length: 127
Content-Type: application/json; charset=utf-8
cache-control: no-cache

21:09:43.802 [AsyncHttpClient-1-5] DEBUG org.asynchttpclient.netty.channel.ChannelManager - Adding key: http://localhost:27557 for channel [id: 0xeaec79a5, L:/127.0.0.1:50410 - R:localhost/127.0.0.1:27557]
21:09:43.824 [Forwarding actions on session e86ab320e9c45622790b5551d95626f0 to remote] DEBUG org.asynchttpclient.netty.request.NettyRequestSender - Using pooled Channel '[id: 0xeaec79a5, L:/127.0.0.1:50410 - R:localhost/127.0.0.1:27557]' for 'POST' to 'http://localhost:27557/session/e86ab320e9c45622790b5551d95626f0/actions'
21:09:43.824 [Forwarding actions on session e86ab320e9c45622790b5551d95626f0 to remote] DEBUG org.asynchttpclient.netty.request.NettyRequestSender - Using open Channel [id: 0xeaec79a5, L:/127.0.0.1:50410 - R:localhost/127.0.0.1:27557] for POST '/session/e86ab320e9c45622790b5551d95626f0/actions'
21:09:44.015 [AsyncHttpClient-1-5] DEBUG org.asynchttpclient.netty.handler.HttpHandler - 

Request DefaultHttpRequest(decodeResult: success, version: HTTP/1.1)
POST /session/e86ab320e9c45622790b5551d95626f0/actions HTTP/1.1
User-Agent: selenium/4.12.0 (java windows)
Content-Length: 606
Content-Type: application/json; charset=utf-8
host: localhost:27557
accept: */*

Response DefaultHttpResponse(decodeResult: success, version: HTTP/1.1)
HTTP/1.1 200 OK
Content-Length: 14
Content-Type: application/json; charset=utf-8
cache-control: no-cache

21:09:44.015 [AsyncHttpClient-1-5] DEBUG org.asynchttpclient.netty.channel.ChannelManager - Adding key: http://localhost:27557 for channel [id: 0xeaec79a5, L:/127.0.0.1:50410 - R:localhost/127.0.0.1:27557]
21:09:44.225 [AsyncHttpClient-1-1] DEBUG org.asynchttpclient.netty.channel.DefaultChannelPool - Entry count for : http://localhost:27557 : 1
21:09:44.225 [AsyncHttpClient-1-1] DEBUG org.asynchttpclient.netty.channel.DefaultChannelPool - Entry count for : http://localhost:50411 : 1
21:09:44.225 [AsyncHttpClient-1-1] DEBUG org.asynchttpclient.netty.channel.DefaultChannelPool - Entry count for : http://localhost:19806 : 1
21:09:44.225 [AsyncHttpClient-1-1] DEBUG org.asynchttpclient.netty.channel.DefaultChannelPool - Entry count for : http://localhost:50371 : 1
21:09:44.524 [Forwarding findElement on session e86ab320e9c45622790b5551d95626f0 to remote] DEBUG org.asynchttpclient.netty.request.NettyRequestSender - Using pooled Channel '[id: 0xeaec79a5, L:/127.0.0.1:50410 - R:localhost/127.0.0.1:27557]' for 'POST' to 'http://localhost:27557/session/e86ab320e9c45622790b5551d95626f0/element'
21:09:44.524 [Forwarding findElement on session e86ab320e9c45622790b5551d95626f0 to remote] DEBUG org.asynchttpclient.netty.request.NettyRequestSender - Using open Channel [id: 0xeaec79a5, L:/127.0.0.1:50410 - R:localhost/127.0.0.1:27557] for POST '/session/e86ab320e9c45622790b5551d95626f0/element'
21:09:44.549 [AsyncHttpClient-1-5] DEBUG org.asynchttpclient.netty.handler.HttpHandler - 

Request DefaultHttpRequest(decodeResult: success, version: HTTP/1.1)
POST /session/e86ab320e9c45622790b5551d95626f0/element HTTP/1.1
User-Agent: selenium/4.12.0 (java windows)
Content-Length: 279
Content-Type: application/json; charset=utf-8
host: localhost:27557
accept: */*

Response DefaultHttpResponse(decodeResult: success, version: HTTP/1.1)
HTTP/1.1 200 OK
Content-Length: 127
Content-Type: application/json; charset=utf-8
cache-control: no-cache

21:09:44.549 [AsyncHttpClient-1-5] DEBUG org.asynchttpclient.netty.channel.ChannelManager - Adding key: http://localhost:27557 for channel [id: 0xeaec79a5, L:/127.0.0.1:50410 - R:localhost/127.0.0.1:27557]
21:09:44.549 [Forwarding actions on session e86ab320e9c45622790b5551d95626f0 to remote] DEBUG org.asynchttpclient.netty.request.NettyRequestSender - Using pooled Channel '[id: 0xeaec79a5, L:/127.0.0.1:50410 - R:localhost/127.0.0.1:27557]' for 'POST' to 'http://localhost:27557/session/e86ab320e9c45622790b5551d95626f0/actions'
21:09:44.549 [Forwarding actions on session e86ab320e9c45622790b5551d95626f0 to remote] DEBUG org.asynchttpclient.netty.request.NettyRequestSender - Using open Channel [id: 0xeaec79a5, L:/127.0.0.1:50410 - R:localhost/127.0.0.1:27557] for POST '/session/e86ab320e9c45622790b5551d95626f0/actions'
21:09:44.723 [AsyncHttpClient-1-5] DEBUG org.asynchttpclient.netty.handler.HttpHandler - 

Request DefaultHttpRequest(decodeResult: success, version: HTTP/1.1)
POST /session/e86ab320e9c45622790b5551d95626f0/actions HTTP/1.1
User-Agent: selenium/4.12.0 (java windows)
Content-Length: 606
Content-Type: application/json; charset=utf-8
host: localhost:27557
accept: */*

Response DefaultHttpResponse(decodeResult: success, version: HTTP/1.1)
HTTP/1.1 200 OK
Content-Length: 14
Content-Type: application/json; charset=utf-8
cache-control: no-cache

21:09:44.724 [AsyncHttpClient-1-5] DEBUG org.asynchttpclient.netty.channel.ChannelManager - Adding key: http://localhost:27557 for channel [id: 0xeaec79a5, L:/127.0.0.1:50410 - R:localhost/127.0.0.1:27557]
21:09:44.724 [Forwarding sendKeysToElement on session e86ab320e9c45622790b5551d95626f0 to remote] DEBUG org.asynchttpclient.netty.request.NettyRequestSender - Using pooled Channel '[id: 0xeaec79a5, L:/127.0.0.1:50410 - R:localhost/127.0.0.1:27557]' for 'POST' to 'http://localhost:27557/session/e86ab320e9c45622790b5551d95626f0/element/f.A9326238F24A3E4D46EB6F76DFB39546.d.15C7DE7EF8FF34B80CDEAC89899D7659.e.125/value'
21:09:44.724 [Forwarding sendKeysToElement on session e86ab320e9c45622790b5551d95626f0 to remote] DEBUG org.asynchttpclient.netty.request.NettyRequestSender - Using open Channel [id: 0xeaec79a5, L:/127.0.0.1:50410 - R:localhost/127.0.0.1:27557] for POST '/session/e86ab320e9c45622790b5551d95626f0/element/f.A9326238F24A3E4D46EB6F76DFB39546.d.15C7DE7EF8FF34B80CDEAC89899D7659.e.125/value'
21:09:44.819 [AsyncHttpClient-1-5] DEBUG org.asynchttpclient.netty.handler.HttpHandler - 

Request DefaultHttpRequest(decodeResult: success, version: HTTP/1.1)
POST /session/e86ab320e9c45622790b5551d95626f0/element/f.A9326238F24A3E4D46EB6F76DFB39546.d.15C7DE7EF8FF34B80CDEAC89899D7659.e.125/value HTTP/1.1
User-Agent: selenium/4.12.0 (java windows)
Content-Length: 170
Content-Type: application/json; charset=utf-8
host: localhost:27557
accept: */*

Response DefaultHttpResponse(decodeResult: success, version: HTTP/1.1)
HTTP/1.1 200 OK
Content-Length: 14
Content-Type: application/json; charset=utf-8
cache-control: no-cache

21:09:44.819 [AsyncHttpClient-1-5] DEBUG org.asynchttpclient.netty.channel.ChannelManager - Adding key: http://localhost:27557 for channel [id: 0xeaec79a5, L:/127.0.0.1:50410 - R:localhost/127.0.0.1:27557]
21:09:45.327 [AsyncHttpClient-1-1] DEBUG org.asynchttpclient.netty.channel.DefaultChannelPool - Entry count for : http://localhost:27557 : 1
21:09:45.327 [AsyncHttpClient-1-1] DEBUG org.asynchttpclient.netty.channel.DefaultChannelPool - Entry count for : http://localhost:50411 : 1
21:09:45.327 [AsyncHttpClient-1-1] DEBUG org.asynchttpclient.netty.channel.DefaultChannelPool - Entry count for : http://localhost:19806 : 1
21:09:45.327 [AsyncHttpClient-1-1] DEBUG org.asynchttpclient.netty.channel.DefaultChannelPool - Entry count for : http://localhost:50371 : 1
21:09:45.328 [Forwarding findElement on session e86ab320e9c45622790b5551d95626f0 to remote] DEBUG org.asynchttpclient.netty.request.NettyRequestSender - Using pooled Channel '[id: 0xeaec79a5, L:/127.0.0.1:50410 - R:localhost/127.0.0.1:27557]' for 'POST' to 'http://localhost:27557/session/e86ab320e9c45622790b5551d95626f0/element'
21:09:45.328 [Forwarding findElement on session e86ab320e9c45622790b5551d95626f0 to remote] DEBUG org.asynchttpclient.netty.request.NettyRequestSender - Using open Channel [id: 0xeaec79a5, L:/127.0.0.1:50410 - R:localhost/127.0.0.1:27557] for POST '/session/e86ab320e9c45622790b5551d95626f0/element'
21:09:45.352 [AsyncHttpClient-1-5] DEBUG org.asynchttpclient.netty.handler.HttpHandler - 

Request DefaultHttpRequest(decodeResult: success, version: HTTP/1.1)
POST /session/e86ab320e9c45622790b5551d95626f0/element HTTP/1.1
User-Agent: selenium/4.12.0 (java windows)
Content-Length: 69
Content-Type: application/json; charset=utf-8
host: localhost:27557
accept: */*

Response DefaultHttpResponse(decodeResult: success, version: HTTP/1.1)
HTTP/1.1 200 OK
Content-Length: 127
Content-Type: application/json; charset=utf-8
cache-control: no-cache

21:09:45.352 [AsyncHttpClient-1-5] DEBUG org.asynchttpclient.netty.channel.ChannelManager - Adding key: http://localhost:27557 for channel [id: 0xeaec79a5, L:/127.0.0.1:50410 - R:localhost/127.0.0.1:27557]
21:09:45.353 [Forwarding clickElement on session e86ab320e9c45622790b5551d95626f0 to remote] DEBUG org.asynchttpclient.netty.request.NettyRequestSender - Using pooled Channel '[id: 0xeaec79a5, L:/127.0.0.1:50410 - R:localhost/127.0.0.1:27557]' for 'POST' to 'http://localhost:27557/session/e86ab320e9c45622790b5551d95626f0/element/f.A9326238F24A3E4D46EB6F76DFB39546.d.15C7DE7EF8FF34B80CDEAC89899D7659.e.131/click'
21:09:45.353 [Forwarding clickElement on session e86ab320e9c45622790b5551d95626f0 to remote] DEBUG org.asynchttpclient.netty.request.NettyRequestSender - Using open Channel [id: 0xeaec79a5, L:/127.0.0.1:50410 - R:localhost/127.0.0.1:27557] for POST '/session/e86ab320e9c45622790b5551d95626f0/element/f.A9326238F24A3E4D46EB6F76DFB39546.d.15C7DE7EF8FF34B80CDEAC89899D7659.e.131/click'
21:09:45.475 [AsyncHttpClient-1-5] DEBUG org.asynchttpclient.netty.handler.HttpHandler - 

Request DefaultHttpRequest(decodeResult: success, version: HTTP/1.1)
POST /session/e86ab320e9c45622790b5551d95626f0/element/f.A9326238F24A3E4D46EB6F76DFB39546.d.15C7DE7EF8FF34B80CDEAC89899D7659.e.131/click HTTP/1.1
User-Agent: selenium/4.12.0 (java windows)
Content-Length: 89
Content-Type: application/json; charset=utf-8
host: localhost:27557
accept: */*

Response DefaultHttpResponse(decodeResult: success, version: HTTP/1.1)
HTTP/1.1 200 OK
Content-Length: 14
Content-Type: application/json; charset=utf-8
cache-control: no-cache

21:09:45.475 [AsyncHttpClient-1-5] DEBUG org.asynchttpclient.netty.channel.ChannelManager - Adding key: http://localhost:27557 for channel [id: 0xeaec79a5, L:/127.0.0.1:50410 - R:localhost/127.0.0.1:27557]
21:09:45.984 [Forwarding findElement on session e86ab320e9c45622790b5551d95626f0 to remote] DEBUG org.asynchttpclient.netty.request.NettyRequestSender - Using pooled Channel '[id: 0xeaec79a5, L:/127.0.0.1:50410 - R:localhost/127.0.0.1:27557]' for 'POST' to 'http://localhost:27557/session/e86ab320e9c45622790b5551d95626f0/element'
21:09:45.984 [Forwarding findElement on session e86ab320e9c45622790b5551d95626f0 to remote] DEBUG org.asynchttpclient.netty.request.NettyRequestSender - Using open Channel [id: 0xeaec79a5, L:/127.0.0.1:50410 - R:localhost/127.0.0.1:27557] for POST '/session/e86ab320e9c45622790b5551d95626f0/element'
21:09:46.000 [AsyncHttpClient-1-5] DEBUG org.asynchttpclient.netty.handler.HttpHandler - 

Request DefaultHttpRequest(decodeResult: success, version: HTTP/1.1)
POST /session/e86ab320e9c45622790b5551d95626f0/element HTTP/1.1
User-Agent: selenium/4.12.0 (java windows)
Content-Length: 279
Content-Type: application/json; charset=utf-8
host: localhost:27557
accept: */*

Response DefaultHttpResponse(decodeResult: success, version: HTTP/1.1)
HTTP/1.1 200 OK
Content-Length: 127
Content-Type: application/json; charset=utf-8
cache-control: no-cache

21:09:46.000 [AsyncHttpClient-1-5] DEBUG org.asynchttpclient.netty.channel.ChannelManager - Adding key: http://localhost:27557 for channel [id: 0xeaec79a5, L:/127.0.0.1:50410 - R:localhost/127.0.0.1:27557]
21:09:46.008 [Forwarding actions on session e86ab320e9c45622790b5551d95626f0 to remote] DEBUG org.asynchttpclient.netty.request.NettyRequestSender - Using pooled Channel '[id: 0xeaec79a5, L:/127.0.0.1:50410 - R:localhost/127.0.0.1:27557]' for 'POST' to 'http://localhost:27557/session/e86ab320e9c45622790b5551d95626f0/actions'
21:09:46.008 [Forwarding actions on session e86ab320e9c45622790b5551d95626f0 to remote] DEBUG org.asynchttpclient.netty.request.NettyRequestSender - Using open Channel [id: 0xeaec79a5, L:/127.0.0.1:50410 - R:localhost/127.0.0.1:27557] for POST '/session/e86ab320e9c45622790b5551d95626f0/actions'
21:09:46.169 [AsyncHttpClient-1-5] DEBUG org.asynchttpclient.netty.handler.HttpHandler - 

Request DefaultHttpRequest(decodeResult: success, version: HTTP/1.1)
POST /session/e86ab320e9c45622790b5551d95626f0/actions HTTP/1.1
User-Agent: selenium/4.12.0 (java windows)
Content-Length: 606
Content-Type: application/json; charset=utf-8
host: localhost:27557
accept: */*

Response DefaultHttpResponse(decodeResult: success, version: HTTP/1.1)
HTTP/1.1 200 OK
Content-Length: 14
Content-Type: application/json; charset=utf-8
cache-control: no-cache

21:09:46.170 [AsyncHttpClient-1-5] DEBUG org.asynchttpclient.netty.channel.ChannelManager - Adding key: http://localhost:27557 for channel [id: 0xeaec79a5, L:/127.0.0.1:50410 - R:localhost/127.0.0.1:27557]
21:09:46.171 [Forwarding clickElement on session e86ab320e9c45622790b5551d95626f0 to remote] DEBUG org.asynchttpclient.netty.request.NettyRequestSender - Using pooled Channel '[id: 0xeaec79a5, L:/127.0.0.1:50410 - R:localhost/127.0.0.1:27557]' for 'POST' to 'http://localhost:27557/session/e86ab320e9c45622790b5551d95626f0/element/f.A9326238F24A3E4D46EB6F76DFB39546.d.15C7DE7EF8FF34B80CDEAC89899D7659.e.126/click'
21:09:46.171 [Forwarding clickElement on session e86ab320e9c45622790b5551d95626f0 to remote] DEBUG org.asynchttpclient.netty.request.NettyRequestSender - Using open Channel [id: 0xeaec79a5, L:/127.0.0.1:50410 - R:localhost/127.0.0.1:27557] for POST '/session/e86ab320e9c45622790b5551d95626f0/element/f.A9326238F24A3E4D46EB6F76DFB39546.d.15C7DE7EF8FF34B80CDEAC89899D7659.e.126/click'
21:09:46.273 [AsyncHttpClient-1-5] DEBUG org.asynchttpclient.netty.handler.HttpHandler - 

Request DefaultHttpRequest(decodeResult: success, version: HTTP/1.1)
POST /session/e86ab320e9c45622790b5551d95626f0/element/f.A9326238F24A3E4D46EB6F76DFB39546.d.15C7DE7EF8FF34B80CDEAC89899D7659.e.126/click HTTP/1.1
User-Agent: selenium/4.12.0 (java windows)
Content-Length: 89
Content-Type: application/json; charset=utf-8
host: localhost:27557
accept: */*

Response DefaultHttpResponse(decodeResult: success, version: HTTP/1.1)
HTTP/1.1 200 OK
Content-Length: 14
Content-Type: application/json; charset=utf-8
cache-control: no-cache

21:09:46.273 [AsyncHttpClient-1-5] DEBUG org.asynchttpclient.netty.channel.ChannelManager - Adding key: http://localhost:27557 for channel [id: 0xeaec79a5, L:/127.0.0.1:50410 - R:localhost/127.0.0.1:27557]
21:09:46.423 [AsyncHttpClient-1-1] DEBUG org.asynchttpclient.netty.channel.DefaultChannelPool - Entry count for : http://localhost:27557 : 1
21:09:46.423 [AsyncHttpClient-1-1] DEBUG org.asynchttpclient.netty.channel.DefaultChannelPool - Entry count for : http://localhost:50411 : 1
21:09:46.423 [AsyncHttpClient-1-1] DEBUG org.asynchttpclient.netty.channel.DefaultChannelPool - Entry count for : http://localhost:19806 : 1
21:09:46.423 [AsyncHttpClient-1-1] DEBUG org.asynchttpclient.netty.channel.DefaultChannelPool - Entry count for : http://localhost:50371 : 1
21:09:46.794 [Forwarding findElement on session e86ab320e9c45622790b5551d95626f0 to remote] DEBUG org.asynchttpclient.netty.request.NettyRequestSender - Using pooled Channel '[id: 0xeaec79a5, L:/127.0.0.1:50410 - R:localhost/127.0.0.1:27557]' for 'POST' to 'http://localhost:27557/session/e86ab320e9c45622790b5551d95626f0/element'
21:09:46.794 [Forwarding findElement on session e86ab320e9c45622790b5551d95626f0 to remote] DEBUG org.asynchttpclient.netty.request.NettyRequestSender - Using open Channel [id: 0xeaec79a5, L:/127.0.0.1:50410 - R:localhost/127.0.0.1:27557] for POST '/session/e86ab320e9c45622790b5551d95626f0/element'
21:09:46.818 [AsyncHttpClient-1-5] DEBUG org.asynchttpclient.netty.handler.HttpHandler - 

Request DefaultHttpRequest(decodeResult: success, version: HTTP/1.1)
POST /session/e86ab320e9c45622790b5551d95626f0/element HTTP/1.1
User-Agent: selenium/4.12.0 (java windows)
Content-Length: 158
Content-Type: application/json; charset=utf-8
host: localhost:27557
accept: */*

Response DefaultHttpResponse(decodeResult: success, version: HTTP/1.1)
HTTP/1.1 200 OK
Content-Length: 127
Content-Type: application/json; charset=utf-8
cache-control: no-cache

21:09:46.818 [AsyncHttpClient-1-5] DEBUG org.asynchttpclient.netty.channel.ChannelManager - Adding key: http://localhost:27557 for channel [id: 0xeaec79a5, L:/127.0.0.1:50410 - R:localhost/127.0.0.1:27557]
21:09:46.818 [Forwarding clickElement on session e86ab320e9c45622790b5551d95626f0 to remote] DEBUG org.asynchttpclient.netty.request.NettyRequestSender - Using pooled Channel '[id: 0xeaec79a5, L:/127.0.0.1:50410 - R:localhost/127.0.0.1:27557]' for 'POST' to 'http://localhost:27557/session/e86ab320e9c45622790b5551d95626f0/element/f.A9326238F24A3E4D46EB6F76DFB39546.d.15C7DE7EF8FF34B80CDEAC89899D7659.e.135/click'
21:09:46.818 [Forwarding clickElement on session e86ab320e9c45622790b5551d95626f0 to remote] DEBUG org.asynchttpclient.netty.request.NettyRequestSender - Using open Channel [id: 0xeaec79a5, L:/127.0.0.1:50410 - R:localhost/127.0.0.1:27557] for POST '/session/e86ab320e9c45622790b5551d95626f0/element/f.A9326238F24A3E4D46EB6F76DFB39546.d.15C7DE7EF8FF34B80CDEAC89899D7659.e.135/click'
21:09:46.951 [AsyncHttpClient-1-5] DEBUG org.asynchttpclient.netty.handler.HttpHandler - 

Request DefaultHttpRequest(decodeResult: success, version: HTTP/1.1)
POST /session/e86ab320e9c45622790b5551d95626f0/element/f.A9326238F24A3E4D46EB6F76DFB39546.d.15C7DE7EF8FF34B80CDEAC89899D7659.e.135/click HTTP/1.1
User-Agent: selenium/4.12.0 (java windows)
Content-Length: 89
Content-Type: application/json; charset=utf-8
host: localhost:27557
accept: */*

Response DefaultHttpResponse(decodeResult: success, version: HTTP/1.1)
HTTP/1.1 200 OK
Content-Length: 14
Content-Type: application/json; charset=utf-8
cache-control: no-cache

21:09:46.951 [AsyncHttpClient-1-5] DEBUG org.asynchttpclient.netty.channel.ChannelManager - Adding key: http://localhost:27557 for channel [id: 0xeaec79a5, L:/127.0.0.1:50410 - R:localhost/127.0.0.1:27557]
21:09:47.526 [AsyncHttpClient-1-1] DEBUG org.asynchttpclient.netty.channel.DefaultChannelPool - Entry count for : http://localhost:27557 : 1
21:09:47.526 [AsyncHttpClient-1-1] DEBUG org.asynchttpclient.netty.channel.DefaultChannelPool - Entry count for : http://localhost:50411 : 1
21:09:47.526 [AsyncHttpClient-1-1] DEBUG org.asynchttpclient.netty.channel.DefaultChannelPool - Entry count for : http://localhost:19806 : 1
21:09:47.526 [AsyncHttpClient-1-1] DEBUG org.asynchttpclient.netty.channel.DefaultChannelPool - Entry count for : http://localhost:50371 : 1
21:09:47.956 [Forwarding findElement on session e86ab320e9c45622790b5551d95626f0 to remote] DEBUG org.asynchttpclient.netty.request.NettyRequestSender - Using pooled Channel '[id: 0xeaec79a5, L:/127.0.0.1:50410 - R:localhost/127.0.0.1:27557]' for 'POST' to 'http://localhost:27557/session/e86ab320e9c45622790b5551d95626f0/element'
21:09:47.956 [Forwarding findElement on session e86ab320e9c45622790b5551d95626f0 to remote] DEBUG org.asynchttpclient.netty.request.NettyRequestSender - Using open Channel [id: 0xeaec79a5, L:/127.0.0.1:50410 - R:localhost/127.0.0.1:27557] for POST '/session/e86ab320e9c45622790b5551d95626f0/element'
21:09:47.975 [AsyncHttpClient-1-5] DEBUG org.asynchttpclient.netty.handler.HttpHandler - 

Request DefaultHttpRequest(decodeResult: success, version: HTTP/1.1)
POST /session/e86ab320e9c45622790b5551d95626f0/element HTTP/1.1
User-Agent: selenium/4.12.0 (java windows)
Content-Length: 250
Content-Type: application/json; charset=utf-8
host: localhost:27557
accept: */*

Response DefaultHttpResponse(decodeResult: success, version: HTTP/1.1)
HTTP/1.1 200 OK
Content-Length: 127
Content-Type: application/json; charset=utf-8
cache-control: no-cache

21:09:47.975 [AsyncHttpClient-1-5] DEBUG org.asynchttpclient.netty.channel.ChannelManager - Adding key: http://localhost:27557 for channel [id: 0xeaec79a5, L:/127.0.0.1:50410 - R:localhost/127.0.0.1:27557]
21:09:47.982 [Forwarding actions on session e86ab320e9c45622790b5551d95626f0 to remote] DEBUG org.asynchttpclient.netty.request.NettyRequestSender - Using pooled Channel '[id: 0xeaec79a5, L:/127.0.0.1:50410 - R:localhost/127.0.0.1:27557]' for 'POST' to 'http://localhost:27557/session/e86ab320e9c45622790b5551d95626f0/actions'
21:09:47.982 [Forwarding actions on session e86ab320e9c45622790b5551d95626f0 to remote] DEBUG org.asynchttpclient.netty.request.NettyRequestSender - Using open Channel [id: 0xeaec79a5, L:/127.0.0.1:50410 - R:localhost/127.0.0.1:27557] for POST '/session/e86ab320e9c45622790b5551d95626f0/actions'
21:09:48.183 [AsyncHttpClient-1-5] DEBUG org.asynchttpclient.netty.handler.HttpHandler - 

Request DefaultHttpRequest(decodeResult: success, version: HTTP/1.1)
POST /session/e86ab320e9c45622790b5551d95626f0/actions HTTP/1.1
User-Agent: selenium/4.12.0 (java windows)
Content-Length: 606
Content-Type: application/json; charset=utf-8
host: localhost:27557
accept: */*

Response DefaultHttpResponse(decodeResult: success, version: HTTP/1.1)
HTTP/1.1 200 OK
Content-Length: 14
Content-Type: application/json; charset=utf-8
cache-control: no-cache

21:09:48.183 [AsyncHttpClient-1-5] DEBUG org.asynchttpclient.netty.channel.ChannelManager - Adding key: http://localhost:27557 for channel [id: 0xeaec79a5, L:/127.0.0.1:50410 - R:localhost/127.0.0.1:27557]
21:09:48.184 [Forwarding findElement on session e86ab320e9c45622790b5551d95626f0 to remote] DEBUG org.asynchttpclient.netty.request.NettyRequestSender - Using pooled Channel '[id: 0xeaec79a5, L:/127.0.0.1:50410 - R:localhost/127.0.0.1:27557]' for 'POST' to 'http://localhost:27557/session/e86ab320e9c45622790b5551d95626f0/element'
21:09:48.184 [Forwarding findElement on session e86ab320e9c45622790b5551d95626f0 to remote] DEBUG org.asynchttpclient.netty.request.NettyRequestSender - Using open Channel [id: 0xeaec79a5, L:/127.0.0.1:50410 - R:localhost/127.0.0.1:27557] for POST '/session/e86ab320e9c45622790b5551d95626f0/element'
21:09:48.204 [AsyncHttpClient-1-5] DEBUG org.asynchttpclient.netty.handler.HttpHandler - 

Request DefaultHttpRequest(decodeResult: success, version: HTTP/1.1)
POST /session/e86ab320e9c45622790b5551d95626f0/element HTTP/1.1
User-Agent: selenium/4.12.0 (java windows)
Content-Length: 250
Content-Type: application/json; charset=utf-8
host: localhost:27557
accept: */*

Response DefaultHttpResponse(decodeResult: success, version: HTTP/1.1)
HTTP/1.1 200 OK
Content-Length: 127
Content-Type: application/json; charset=utf-8
cache-control: no-cache

21:09:48.204 [AsyncHttpClient-1-5] DEBUG org.asynchttpclient.netty.channel.ChannelManager - Adding key: http://localhost:27557 for channel [id: 0xeaec79a5, L:/127.0.0.1:50410 - R:localhost/127.0.0.1:27557]
21:09:48.204 [Forwarding actions on session e86ab320e9c45622790b5551d95626f0 to remote] DEBUG org.asynchttpclient.netty.request.NettyRequestSender - Using pooled Channel '[id: 0xeaec79a5, L:/127.0.0.1:50410 - R:localhost/127.0.0.1:27557]' for 'POST' to 'http://localhost:27557/session/e86ab320e9c45622790b5551d95626f0/actions'
21:09:48.204 [Forwarding actions on session e86ab320e9c45622790b5551d95626f0 to remote] DEBUG org.asynchttpclient.netty.request.NettyRequestSender - Using open Channel [id: 0xeaec79a5, L:/127.0.0.1:50410 - R:localhost/127.0.0.1:27557] for POST '/session/e86ab320e9c45622790b5551d95626f0/actions'
21:09:48.396 [AsyncHttpClient-1-5] DEBUG org.asynchttpclient.netty.handler.HttpHandler - 

Request DefaultHttpRequest(decodeResult: success, version: HTTP/1.1)
POST /session/e86ab320e9c45622790b5551d95626f0/actions HTTP/1.1
User-Agent: selenium/4.12.0 (java windows)
Content-Length: 606
Content-Type: application/json; charset=utf-8
host: localhost:27557
accept: */*

Response DefaultHttpResponse(decodeResult: success, version: HTTP/1.1)
HTTP/1.1 200 OK
Content-Length: 14
Content-Type: application/json; charset=utf-8
cache-control: no-cache

21:09:48.397 [AsyncHttpClient-1-5] DEBUG org.asynchttpclient.netty.channel.ChannelManager - Adding key: http://localhost:27557 for channel [id: 0xeaec79a5, L:/127.0.0.1:50410 - R:localhost/127.0.0.1:27557]
21:09:48.398 [Forwarding findElement on session e86ab320e9c45622790b5551d95626f0 to remote] DEBUG org.asynchttpclient.netty.request.NettyRequestSender - Using pooled Channel '[id: 0xeaec79a5, L:/127.0.0.1:50410 - R:localhost/127.0.0.1:27557]' for 'POST' to 'http://localhost:27557/session/e86ab320e9c45622790b5551d95626f0/element'
21:09:48.398 [Forwarding findElement on session e86ab320e9c45622790b5551d95626f0 to remote] DEBUG org.asynchttpclient.netty.request.NettyRequestSender - Using open Channel [id: 0xeaec79a5, L:/127.0.0.1:50410 - R:localhost/127.0.0.1:27557] for POST '/session/e86ab320e9c45622790b5551d95626f0/element'
21:09:48.413 [AsyncHttpClient-1-5] DEBUG org.asynchttpclient.netty.handler.HttpHandler - 

Request DefaultHttpRequest(decodeResult: success, version: HTTP/1.1)
POST /session/e86ab320e9c45622790b5551d95626f0/element HTTP/1.1
User-Agent: selenium/4.12.0 (java windows)
Content-Length: 250
Content-Type: application/json; charset=utf-8
host: localhost:27557
accept: */*

Response DefaultHttpResponse(decodeResult: success, version: HTTP/1.1)
HTTP/1.1 200 OK
Content-Length: 127
Content-Type: application/json; charset=utf-8
cache-control: no-cache

21:09:48.413 [AsyncHttpClient-1-5] DEBUG org.asynchttpclient.netty.channel.ChannelManager - Adding key: http://localhost:27557 for channel [id: 0xeaec79a5, L:/127.0.0.1:50410 - R:localhost/127.0.0.1:27557]
21:09:48.421 [Forwarding actions on session e86ab320e9c45622790b5551d95626f0 to remote] DEBUG org.asynchttpclient.netty.request.NettyRequestSender - Using pooled Channel '[id: 0xeaec79a5, L:/127.0.0.1:50410 - R:localhost/127.0.0.1:27557]' for 'POST' to 'http://localhost:27557/session/e86ab320e9c45622790b5551d95626f0/actions'
21:09:48.421 [Forwarding actions on session e86ab320e9c45622790b5551d95626f0 to remote] DEBUG org.asynchttpclient.netty.request.NettyRequestSender - Using open Channel [id: 0xeaec79a5, L:/127.0.0.1:50410 - R:localhost/127.0.0.1:27557] for POST '/session/e86ab320e9c45622790b5551d95626f0/actions'
21:09:48.595 [AsyncHttpClient-1-5] DEBUG org.asynchttpclient.netty.handler.HttpHandler - 

Request DefaultHttpRequest(decodeResult: success, version: HTTP/1.1)
POST /session/e86ab320e9c45622790b5551d95626f0/actions HTTP/1.1
User-Agent: selenium/4.12.0 (java windows)
Content-Length: 606
Content-Type: application/json; charset=utf-8
host: localhost:27557
accept: */*

Response DefaultHttpResponse(decodeResult: success, version: HTTP/1.1)
HTTP/1.1 200 OK
Content-Length: 14
Content-Type: application/json; charset=utf-8
cache-control: no-cache

21:09:48.595 [AsyncHttpClient-1-5] DEBUG org.asynchttpclient.netty.channel.ChannelManager - Adding key: http://localhost:27557 for channel [id: 0xeaec79a5, L:/127.0.0.1:50410 - R:localhost/127.0.0.1:27557]
21:09:48.601 [Forwarding findElement on session e86ab320e9c45622790b5551d95626f0 to remote] DEBUG org.asynchttpclient.netty.request.NettyRequestSender - Using pooled Channel '[id: 0xeaec79a5, L:/127.0.0.1:50410 - R:localhost/127.0.0.1:27557]' for 'POST' to 'http://localhost:27557/session/e86ab320e9c45622790b5551d95626f0/element'
21:09:48.601 [Forwarding findElement on session e86ab320e9c45622790b5551d95626f0 to remote] DEBUG org.asynchttpclient.netty.request.NettyRequestSender - Using open Channel [id: 0xeaec79a5, L:/127.0.0.1:50410 - R:localhost/127.0.0.1:27557] for POST '/session/e86ab320e9c45622790b5551d95626f0/element'
21:09:48.618 [AsyncHttpClient-1-5] DEBUG org.asynchttpclient.netty.handler.HttpHandler - 

Request DefaultHttpRequest(decodeResult: success, version: HTTP/1.1)
POST /session/e86ab320e9c45622790b5551d95626f0/element HTTP/1.1
User-Agent: selenium/4.12.0 (java windows)
Content-Length: 250
Content-Type: application/json; charset=utf-8
host: localhost:27557
accept: */*

Response DefaultHttpResponse(decodeResult: success, version: HTTP/1.1)
HTTP/1.1 200 OK
Content-Length: 127
Content-Type: application/json; charset=utf-8
cache-control: no-cache

21:09:48.618 [AsyncHttpClient-1-5] DEBUG org.asynchttpclient.netty.channel.ChannelManager - Adding key: http://localhost:27557 for channel [id: 0xeaec79a5, L:/127.0.0.1:50410 - R:localhost/127.0.0.1:27557]
21:09:48.624 [Forwarding actions on session e86ab320e9c45622790b5551d95626f0 to remote] DEBUG org.asynchttpclient.netty.request.NettyRequestSender - Using pooled Channel '[id: 0xeaec79a5, L:/127.0.0.1:50410 - R:localhost/127.0.0.1:27557]' for 'POST' to 'http://localhost:27557/session/e86ab320e9c45622790b5551d95626f0/actions'
21:09:48.624 [Forwarding actions on session e86ab320e9c45622790b5551d95626f0 to remote] DEBUG org.asynchttpclient.netty.request.NettyRequestSender - Using open Channel [id: 0xeaec79a5, L:/127.0.0.1:50410 - R:localhost/127.0.0.1:27557] for POST '/session/e86ab320e9c45622790b5551d95626f0/actions'
21:09:48.626 [AsyncHttpClient-1-1] DEBUG org.asynchttpclient.netty.channel.DefaultChannelPool - Entry count for : http://localhost:50411 : 1
21:09:48.626 [AsyncHttpClient-1-1] DEBUG org.asynchttpclient.netty.channel.DefaultChannelPool - Entry count for : http://localhost:19806 : 1
21:09:48.626 [AsyncHttpClient-1-1] DEBUG org.asynchttpclient.netty.channel.DefaultChannelPool - Entry count for : http://localhost:50371 : 1
21:09:48.807 [AsyncHttpClient-1-5] DEBUG org.asynchttpclient.netty.handler.HttpHandler - 

Request DefaultHttpRequest(decodeResult: success, version: HTTP/1.1)
POST /session/e86ab320e9c45622790b5551d95626f0/actions HTTP/1.1
User-Agent: selenium/4.12.0 (java windows)
Content-Length: 606
Content-Type: application/json; charset=utf-8
host: localhost:27557
accept: */*

Response DefaultHttpResponse(decodeResult: success, version: HTTP/1.1)
HTTP/1.1 200 OK
Content-Length: 14
Content-Type: application/json; charset=utf-8
cache-control: no-cache

21:09:48.807 [AsyncHttpClient-1-5] DEBUG org.asynchttpclient.netty.channel.ChannelManager - Adding key: http://localhost:27557 for channel [id: 0xeaec79a5, L:/127.0.0.1:50410 - R:localhost/127.0.0.1:27557]
21:09:48.810 [Forwarding findElement on session e86ab320e9c45622790b5551d95626f0 to remote] DEBUG org.asynchttpclient.netty.request.NettyRequestSender - Using pooled Channel '[id: 0xeaec79a5, L:/127.0.0.1:50410 - R:localhost/127.0.0.1:27557]' for 'POST' to 'http://localhost:27557/session/e86ab320e9c45622790b5551d95626f0/element'
21:09:48.811 [Forwarding findElement on session e86ab320e9c45622790b5551d95626f0 to remote] DEBUG org.asynchttpclient.netty.request.NettyRequestSender - Using open Channel [id: 0xeaec79a5, L:/127.0.0.1:50410 - R:localhost/127.0.0.1:27557] for POST '/session/e86ab320e9c45622790b5551d95626f0/element'
21:09:48.827 [AsyncHttpClient-1-5] DEBUG org.asynchttpclient.netty.handler.HttpHandler - 

Request DefaultHttpRequest(decodeResult: success, version: HTTP/1.1)
POST /session/e86ab320e9c45622790b5551d95626f0/element HTTP/1.1
User-Agent: selenium/4.12.0 (java windows)
Content-Length: 250
Content-Type: application/json; charset=utf-8
host: localhost:27557
accept: */*

Response DefaultHttpResponse(decodeResult: success, version: HTTP/1.1)
HTTP/1.1 200 OK
Content-Length: 127
Content-Type: application/json; charset=utf-8
cache-control: no-cache

21:09:48.827 [AsyncHttpClient-1-5] DEBUG org.asynchttpclient.netty.channel.ChannelManager - Adding key: http://localhost:27557 for channel [id: 0xeaec79a5, L:/127.0.0.1:50410 - R:localhost/127.0.0.1:27557]
21:09:48.835 [Forwarding actions on session e86ab320e9c45622790b5551d95626f0 to remote] DEBUG org.asynchttpclient.netty.request.NettyRequestSender - Using pooled Channel '[id: 0xeaec79a5, L:/127.0.0.1:50410 - R:localhost/127.0.0.1:27557]' for 'POST' to 'http://localhost:27557/session/e86ab320e9c45622790b5551d95626f0/actions'
21:09:48.835 [Forwarding actions on session e86ab320e9c45622790b5551d95626f0 to remote] DEBUG org.asynchttpclient.netty.request.NettyRequestSender - Using open Channel [id: 0xeaec79a5, L:/127.0.0.1:50410 - R:localhost/127.0.0.1:27557] for POST '/session/e86ab320e9c45622790b5551d95626f0/actions'
21:09:49.025 [AsyncHttpClient-1-5] DEBUG org.asynchttpclient.netty.handler.HttpHandler - 

Request DefaultHttpRequest(decodeResult: success, version: HTTP/1.1)
POST /session/e86ab320e9c45622790b5551d95626f0/actions HTTP/1.1
User-Agent: selenium/4.12.0 (java windows)
Content-Length: 606
Content-Type: application/json; charset=utf-8
host: localhost:27557
accept: */*

Response DefaultHttpResponse(decodeResult: success, version: HTTP/1.1)
HTTP/1.1 200 OK
Content-Length: 14
Content-Type: application/json; charset=utf-8
cache-control: no-cache

21:09:49.026 [AsyncHttpClient-1-5] DEBUG org.asynchttpclient.netty.channel.ChannelManager - Adding key: http://localhost:27557 for channel [id: 0xeaec79a5, L:/127.0.0.1:50410 - R:localhost/127.0.0.1:27557]
21:09:49.027 [Forwarding findElement on session e86ab320e9c45622790b5551d95626f0 to remote] DEBUG org.asynchttpclient.netty.request.NettyRequestSender - Using pooled Channel '[id: 0xeaec79a5, L:/127.0.0.1:50410 - R:localhost/127.0.0.1:27557]' for 'POST' to 'http://localhost:27557/session/e86ab320e9c45622790b5551d95626f0/element'
21:09:49.027 [Forwarding findElement on session e86ab320e9c45622790b5551d95626f0 to remote] DEBUG org.asynchttpclient.netty.request.NettyRequestSender - Using open Channel [id: 0xeaec79a5, L:/127.0.0.1:50410 - R:localhost/127.0.0.1:27557] for POST '/session/e86ab320e9c45622790b5551d95626f0/element'
21:09:49.043 [AsyncHttpClient-1-5] DEBUG org.asynchttpclient.netty.handler.HttpHandler - 

Request DefaultHttpRequest(decodeResult: success, version: HTTP/1.1)
POST /session/e86ab320e9c45622790b5551d95626f0/element HTTP/1.1
User-Agent: selenium/4.12.0 (java windows)
Content-Length: 250
Content-Type: application/json; charset=utf-8
host: localhost:27557
accept: */*

Response DefaultHttpResponse(decodeResult: success, version: HTTP/1.1)
HTTP/1.1 200 OK
Content-Length: 127
Content-Type: application/json; charset=utf-8
cache-control: no-cache

21:09:49.043 [AsyncHttpClient-1-5] DEBUG org.asynchttpclient.netty.channel.ChannelManager - Adding key: http://localhost:27557 for channel [id: 0xeaec79a5, L:/127.0.0.1:50410 - R:localhost/127.0.0.1:27557]
21:09:49.051 [Forwarding actions on session e86ab320e9c45622790b5551d95626f0 to remote] DEBUG org.asynchttpclient.netty.request.NettyRequestSender - Using pooled Channel '[id: 0xeaec79a5, L:/127.0.0.1:50410 - R:localhost/127.0.0.1:27557]' for 'POST' to 'http://localhost:27557/session/e86ab320e9c45622790b5551d95626f0/actions'
21:09:49.051 [Forwarding actions on session e86ab320e9c45622790b5551d95626f0 to remote] DEBUG org.asynchttpclient.netty.request.NettyRequestSender - Using open Channel [id: 0xeaec79a5, L:/127.0.0.1:50410 - R:localhost/127.0.0.1:27557] for POST '/session/e86ab320e9c45622790b5551d95626f0/actions'
21:09:49.259 [AsyncHttpClient-1-5] DEBUG org.asynchttpclient.netty.handler.HttpHandler - 

Request DefaultHttpRequest(decodeResult: success, version: HTTP/1.1)
POST /session/e86ab320e9c45622790b5551d95626f0/actions HTTP/1.1
User-Agent: selenium/4.12.0 (java windows)
Content-Length: 606
Content-Type: application/json; charset=utf-8
host: localhost:27557
accept: */*

Response DefaultHttpResponse(decodeResult: success, version: HTTP/1.1)
HTTP/1.1 200 OK
Content-Length: 14
Content-Type: application/json; charset=utf-8
cache-control: no-cache

21:09:49.259 [AsyncHttpClient-1-5] DEBUG org.asynchttpclient.netty.channel.ChannelManager - Adding key: http://localhost:27557 for channel [id: 0xeaec79a5, L:/127.0.0.1:50410 - R:localhost/127.0.0.1:27557]
21:09:49.727 [AsyncHttpClient-1-1] DEBUG org.asynchttpclient.netty.channel.DefaultChannelPool - Entry count for : http://localhost:27557 : 1
21:09:49.727 [AsyncHttpClient-1-1] DEBUG org.asynchttpclient.netty.channel.DefaultChannelPool - Entry count for : http://localhost:50411 : 1
21:09:49.727 [AsyncHttpClient-1-1] DEBUG org.asynchttpclient.netty.channel.DefaultChannelPool - Entry count for : http://localhost:19806 : 1
21:09:49.727 [AsyncHttpClient-1-1] DEBUG org.asynchttpclient.netty.channel.DefaultChannelPool - Entry count for : http://localhost:50371 : 1
21:09:49.727 [AsyncHttpClient-1-1] DEBUG org.asynchttpclient.netty.channel.DefaultChannelPool - Adding Candidate expired Channel [id: 0x4dfc2668, L:/127.0.0.1:50378 - R:localhost/127.0.0.1:50371] isIdleTimeoutExpired=true isRemotelyClosed=false isTtlExpired=false
21:09:49.727 [AsyncHttpClient-1-1] DEBUG org.asynchttpclient.netty.channel.DefaultChannelPool - Closing Idle Channel [id: 0x4dfc2668, L:/127.0.0.1:50378 - R:localhost/127.0.0.1:50371]
21:09:49.727 [AsyncHttpClient-1-1] DEBUG org.asynchttpclient.netty.channel.DefaultChannelPool - Closed 1 connections out of 4 in 0 ms
21:09:49.727 [AsyncHttpClient-1-3] DEBUG org.asynchttpclient.netty.handler.HttpHandler - Channel Closed: [id: 0x4dfc2668, L:/127.0.0.1:50378 ! R:localhost/127.0.0.1:50371] with attribute DISCARD
21:09:50.834 [AsyncHttpClient-1-1] DEBUG org.asynchttpclient.netty.channel.DefaultChannelPool - Entry count for : http://localhost:27557 : 1
21:09:50.834 [AsyncHttpClient-1-1] DEBUG org.asynchttpclient.netty.channel.DefaultChannelPool - Entry count for : http://localhost:50411 : 1
21:09:50.834 [AsyncHttpClient-1-1] DEBUG org.asynchttpclient.netty.channel.DefaultChannelPool - Entry count for : http://localhost:19806 : 1
screen shot class not taking
  And Provide the Business hour04:00 15:00                               # StepDefination.Customer_onboarding.Provide_the_business_hores(java.lang.String,java.lang.String)
21:09:51.932 [AsyncHttpClient-1-1] DEBUG org.asynchttpclient.netty.channel.DefaultChannelPool - Entry count for : http://localhost:27557 : 1
21:09:51.932 [AsyncHttpClient-1-1] DEBUG org.asynchttpclient.netty.channel.DefaultChannelPool - Entry count for : http://localhost:50411 : 1
21:09:51.932 [AsyncHttpClient-1-1] DEBUG org.asynchttpclient.netty.channel.DefaultChannelPool - Entry count for : http://localhost:19806 : 1
21:09:52.791 [Forwarding findElement on session e86ab320e9c45622790b5551d95626f0 to remote] DEBUG org.asynchttpclient.netty.request.NettyRequestSender - Using pooled Channel '[id: 0xeaec79a5, L:/127.0.0.1:50410 - R:localhost/127.0.0.1:27557]' for 'POST' to 'http://localhost:27557/session/e86ab320e9c45622790b5551d95626f0/element'
21:09:52.791 [Forwarding findElement on session e86ab320e9c45622790b5551d95626f0 to remote] DEBUG org.asynchttpclient.netty.request.NettyRequestSender - Using open Channel [id: 0xeaec79a5, L:/127.0.0.1:50410 - R:localhost/127.0.0.1:27557] for POST '/session/e86ab320e9c45622790b5551d95626f0/element'
21:09:52.815 [AsyncHttpClient-1-5] DEBUG org.asynchttpclient.netty.handler.HttpHandler - 

Request DefaultHttpRequest(decodeResult: success, version: HTTP/1.1)
POST /session/e86ab320e9c45622790b5551d95626f0/element HTTP/1.1
User-Agent: selenium/4.12.0 (java windows)
Content-Length: 72
Content-Type: application/json; charset=utf-8
host: localhost:27557
accept: */*

Response DefaultHttpResponse(decodeResult: success, version: HTTP/1.1)
HTTP/1.1 200 OK
Content-Length: 127
Content-Type: application/json; charset=utf-8
cache-control: no-cache

21:09:52.815 [AsyncHttpClient-1-5] DEBUG org.asynchttpclient.netty.channel.ChannelManager - Adding key: http://localhost:27557 for channel [id: 0xeaec79a5, L:/127.0.0.1:50410 - R:localhost/127.0.0.1:27557]
21:09:52.815 [Forwarding clickElement on session e86ab320e9c45622790b5551d95626f0 to remote] DEBUG org.asynchttpclient.netty.request.NettyRequestSender - Using pooled Channel '[id: 0xeaec79a5, L:/127.0.0.1:50410 - R:localhost/127.0.0.1:27557]' for 'POST' to 'http://localhost:27557/session/e86ab320e9c45622790b5551d95626f0/element/f.A9326238F24A3E4D46EB6F76DFB39546.d.15C7DE7EF8FF34B80CDEAC89899D7659.e.168/click'
21:09:52.815 [Forwarding clickElement on session e86ab320e9c45622790b5551d95626f0 to remote] DEBUG org.asynchttpclient.netty.request.NettyRequestSender - Using open Channel [id: 0xeaec79a5, L:/127.0.0.1:50410 - R:localhost/127.0.0.1:27557] for POST '/session/e86ab320e9c45622790b5551d95626f0/element/f.A9326238F24A3E4D46EB6F76DFB39546.d.15C7DE7EF8FF34B80CDEAC89899D7659.e.168/click'
21:09:52.970 [AsyncHttpClient-1-5] DEBUG org.asynchttpclient.netty.handler.HttpHandler - 

Request DefaultHttpRequest(decodeResult: success, version: HTTP/1.1)
POST /session/e86ab320e9c45622790b5551d95626f0/element/f.A9326238F24A3E4D46EB6F76DFB39546.d.15C7DE7EF8FF34B80CDEAC89899D7659.e.168/click HTTP/1.1
User-Agent: selenium/4.12.0 (java windows)
Content-Length: 89
Content-Type: application/json; charset=utf-8
host: localhost:27557
accept: */*

Response DefaultHttpResponse(decodeResult: success, version: HTTP/1.1)
HTTP/1.1 200 OK
Content-Length: 14
Content-Type: application/json; charset=utf-8
cache-control: no-cache

21:09:52.970 [AsyncHttpClient-1-5] DEBUG org.asynchttpclient.netty.channel.ChannelManager - Adding key: http://localhost:27557 for channel [id: 0xeaec79a5, L:/127.0.0.1:50410 - R:localhost/127.0.0.1:27557]
21:09:53.029 [AsyncHttpClient-1-1] DEBUG org.asynchttpclient.netty.channel.DefaultChannelPool - Entry count for : http://localhost:27557 : 1
21:09:53.029 [AsyncHttpClient-1-1] DEBUG org.asynchttpclient.netty.channel.DefaultChannelPool - Entry count for : http://localhost:50411 : 1
21:09:53.029 [AsyncHttpClient-1-1] DEBUG org.asynchttpclient.netty.channel.DefaultChannelPool - Entry count for : http://localhost:19806 : 1
screen shot class not taking
  When Submit the form                                                   # StepDefination.Customer_onboarding.Submit_the_form()
21:09:53.990 [Forwarding findElement on session e86ab320e9c45622790b5551d95626f0 to remote] DEBUG org.asynchttpclient.netty.request.NettyRequestSender - Using pooled Channel '[id: 0xeaec79a5, L:/127.0.0.1:50410 - R:localhost/127.0.0.1:27557]' for 'POST' to 'http://localhost:27557/session/e86ab320e9c45622790b5551d95626f0/element'
21:09:53.990 [Forwarding findElement on session e86ab320e9c45622790b5551d95626f0 to remote] DEBUG org.asynchttpclient.netty.request.NettyRequestSender - Using open Channel [id: 0xeaec79a5, L:/127.0.0.1:50410 - R:localhost/127.0.0.1:27557] for POST '/session/e86ab320e9c45622790b5551d95626f0/element'
21:09:54.013 [AsyncHttpClient-1-5] DEBUG org.asynchttpclient.netty.handler.HttpHandler - 

Request DefaultHttpRequest(decodeResult: success, version: HTTP/1.1)
POST /session/e86ab320e9c45622790b5551d95626f0/element HTTP/1.1
User-Agent: selenium/4.12.0 (java windows)
Content-Length: 151
Content-Type: application/json; charset=utf-8
host: localhost:27557
accept: */*

Response DefaultHttpResponse(decodeResult: success, version: HTTP/1.1)
HTTP/1.1 200 OK
Content-Length: 127
Content-Type: application/json; charset=utf-8
cache-control: no-cache

21:09:54.013 [AsyncHttpClient-1-5] DEBUG org.asynchttpclient.netty.channel.ChannelManager - Adding key: http://localhost:27557 for channel [id: 0xeaec79a5, L:/127.0.0.1:50410 - R:localhost/127.0.0.1:27557]
21:09:54.013 [Forwarding clickElement on session e86ab320e9c45622790b5551d95626f0 to remote] DEBUG org.asynchttpclient.netty.request.NettyRequestSender - Using pooled Channel '[id: 0xeaec79a5, L:/127.0.0.1:50410 - R:localhost/127.0.0.1:27557]' for 'POST' to 'http://localhost:27557/session/e86ab320e9c45622790b5551d95626f0/element/f.A9326238F24A3E4D46EB6F76DFB39546.d.15C7DE7EF8FF34B80CDEAC89899D7659.e.172/click'
21:09:54.013 [Forwarding clickElement on session e86ab320e9c45622790b5551d95626f0 to remote] DEBUG org.asynchttpclient.netty.request.NettyRequestSender - Using open Channel [id: 0xeaec79a5, L:/127.0.0.1:50410 - R:localhost/127.0.0.1:27557] for POST '/session/e86ab320e9c45622790b5551d95626f0/element/f.A9326238F24A3E4D46EB6F76DFB39546.d.15C7DE7EF8FF34B80CDEAC89899D7659.e.172/click'
21:09:54.110 [AsyncHttpClient-1-5] DEBUG org.asynchttpclient.netty.handler.HttpHandler - 

Request DefaultHttpRequest(decodeResult: success, version: HTTP/1.1)
POST /session/e86ab320e9c45622790b5551d95626f0/element/f.A9326238F24A3E4D46EB6F76DFB39546.d.15C7DE7EF8FF34B80CDEAC89899D7659.e.172/click HTTP/1.1
User-Agent: selenium/4.12.0 (java windows)
Content-Length: 89
Content-Type: application/json; charset=utf-8
host: localhost:27557
accept: */*

Response DefaultHttpResponse(decodeResult: success, version: HTTP/1.1)
HTTP/1.1 200 OK
Content-Length: 14
Content-Type: application/json; charset=utf-8
cache-control: no-cache

21:09:54.110 [AsyncHttpClient-1-5] DEBUG org.asynchttpclient.netty.channel.ChannelManager - Adding key: http://localhost:27557 for channel [id: 0xeaec79a5, L:/127.0.0.1:50410 - R:localhost/127.0.0.1:27557]
21:09:54.127 [AsyncHttpClient-1-1] DEBUG org.asynchttpclient.netty.channel.DefaultChannelPool - Entry count for : http://localhost:27557 : 1
21:09:54.127 [AsyncHttpClient-1-1] DEBUG org.asynchttpclient.netty.channel.DefaultChannelPool - Entry count for : http://localhost:50411 : 1
21:09:54.127 [AsyncHttpClient-1-1] DEBUG org.asynchttpclient.netty.channel.DefaultChannelPool - Entry count for : http://localhost:19806 : 1
screen shot class not taking
  And Tap back button                                                    # StepDefination.Customer_onboarding.Tap_back_button()
21:09:55.231 [AsyncHttpClient-1-1] DEBUG org.asynchttpclient.netty.channel.DefaultChannelPool - Entry count for : http://localhost:27557 : 1
21:09:55.231 [AsyncHttpClient-1-1] DEBUG org.asynchttpclient.netty.channel.DefaultChannelPool - Entry count for : http://localhost:50411 : 1
21:09:55.231 [AsyncHttpClient-1-1] DEBUG org.asynchttpclient.netty.channel.DefaultChannelPool - Entry count for : http://localhost:19806 : 1
21:09:55.637 [Forwarding findElements on session e86ab320e9c45622790b5551d95626f0 to remote] DEBUG org.asynchttpclient.netty.request.NettyRequestSender - Using pooled Channel '[id: 0xeaec79a5, L:/127.0.0.1:50410 - R:localhost/127.0.0.1:27557]' for 'POST' to 'http://localhost:27557/session/e86ab320e9c45622790b5551d95626f0/elements'
21:09:55.637 [Forwarding findElements on session e86ab320e9c45622790b5551d95626f0 to remote] DEBUG org.asynchttpclient.netty.request.NettyRequestSender - Using open Channel [id: 0xeaec79a5, L:/127.0.0.1:50410 - R:localhost/127.0.0.1:27557] for POST '/session/e86ab320e9c45622790b5551d95626f0/elements'
21:09:55.663 [AsyncHttpClient-1-5] DEBUG org.asynchttpclient.netty.handler.HttpHandler - 

Request DefaultHttpRequest(decodeResult: success, version: HTTP/1.1)
POST /session/e86ab320e9c45622790b5551d95626f0/elements HTTP/1.1
User-Agent: selenium/4.12.0 (java windows)
Content-Length: 142
Content-Type: application/json; charset=utf-8
host: localhost:27557
accept: */*

Response DefaultHttpResponse(decodeResult: success, version: HTTP/1.1)
HTTP/1.1 200 OK
Content-Length: 4731
Content-Type: application/json; charset=utf-8
cache-control: no-cache

21:09:55.663 [AsyncHttpClient-1-5] DEBUG org.asynchttpclient.netty.channel.ChannelManager - Adding key: http://localhost:27557 for channel [id: 0xeaec79a5, L:/127.0.0.1:50410 - R:localhost/127.0.0.1:27557]
21:09:55.669 [Forwarding findElement on session e86ab320e9c45622790b5551d95626f0 to remote] DEBUG org.asynchttpclient.netty.request.NettyRequestSender - Using pooled Channel '[id: 0xeaec79a5, L:/127.0.0.1:50410 - R:localhost/127.0.0.1:27557]' for 'POST' to 'http://localhost:27557/session/e86ab320e9c45622790b5551d95626f0/element'
21:09:55.669 [Forwarding findElement on session e86ab320e9c45622790b5551d95626f0 to remote] DEBUG org.asynchttpclient.netty.request.NettyRequestSender - Using open Channel [id: 0xeaec79a5, L:/127.0.0.1:50410 - R:localhost/127.0.0.1:27557] for POST '/session/e86ab320e9c45622790b5551d95626f0/element'
21:09:55.686 [AsyncHttpClient-1-5] DEBUG org.asynchttpclient.netty.handler.HttpHandler - 

Request DefaultHttpRequest(decodeResult: success, version: HTTP/1.1)
POST /session/e86ab320e9c45622790b5551d95626f0/element HTTP/1.1
User-Agent: selenium/4.12.0 (java windows)
Content-Length: 198
Content-Type: application/json; charset=utf-8
host: localhost:27557
accept: */*

Response DefaultHttpResponse(decodeResult: success, version: HTTP/1.1)
HTTP/1.1 200 OK
Content-Length: 127
Content-Type: application/json; charset=utf-8
cache-control: no-cache

21:09:55.686 [AsyncHttpClient-1-5] DEBUG org.asynchttpclient.netty.channel.ChannelManager - Adding key: http://localhost:27557 for channel [id: 0xeaec79a5, L:/127.0.0.1:50410 - R:localhost/127.0.0.1:27557]
21:09:55.686 [Forwarding getElementText on session e86ab320e9c45622790b5551d95626f0 to remote] DEBUG org.asynchttpclient.netty.request.NettyRequestSender - Using pooled Channel '[id: 0xeaec79a5, L:/127.0.0.1:50410 - R:localhost/127.0.0.1:27557]' for 'GET' to 'http://localhost:27557/session/e86ab320e9c45622790b5551d95626f0/element/f.A9326238F24A3E4D46EB6F76DFB39546.d.15C7DE7EF8FF34B80CDEAC89899D7659.e.217/text'
21:09:55.686 [Forwarding getElementText on session e86ab320e9c45622790b5551d95626f0 to remote] DEBUG org.asynchttpclient.netty.request.NettyRequestSender - Using open Channel [id: 0xeaec79a5, L:/127.0.0.1:50410 - R:localhost/127.0.0.1:27557] for GET '/session/e86ab320e9c45622790b5551d95626f0/element/f.A9326238F24A3E4D46EB6F76DFB39546.d.15C7DE7EF8FF34B80CDEAC89899D7659.e.217/text'
21:09:55.718 [AsyncHttpClient-1-5] DEBUG org.asynchttpclient.netty.handler.HttpHandler - 

Request DefaultFullHttpRequest(decodeResult: success, version: HTTP/1.1, content: EmptyByteBufBE)
GET /session/e86ab320e9c45622790b5551d95626f0/element/f.A9326238F24A3E4D46EB6F76DFB39546.d.15C7DE7EF8FF34B80CDEAC89899D7659.e.217/text HTTP/1.1
Cache-Control: no-cache
User-Agent: selenium/4.12.0 (java windows)
Content-Type: application/json; charset=utf-8
host: localhost:27557
accept: */*

Response DefaultHttpResponse(decodeResult: success, version: HTTP/1.1)
HTTP/1.1 200 OK
Content-Length: 36
Content-Type: application/json; charset=utf-8
cache-control: no-cache

21:09:55.718 [AsyncHttpClient-1-5] DEBUG org.asynchttpclient.netty.channel.ChannelManager - Adding key: http://localhost:27557 for channel [id: 0xeaec79a5, L:/127.0.0.1:50410 - R:localhost/127.0.0.1:27557]
actual name: Elite Insights Inc -U
Company successfully created
  Then customer successsfully added                                      # StepDefination.Customer_onboarding.customer_successsfully_added()
Idriver is null, skipping quit.
  And Close_Window                                                       # StepDefination.Customer_onboarding.close_window()
      java.lang.NullPointerException: Cannot invoke "org.openqa.selenium.WebDriver.quit()" because "this.Idriver" is null
	at PageObjects.Base_class.close_window(Base_class.java:52)
	at StepDefination.Signin.close_window(Signin.java:119)
	at StepDefination.My_Load.AfterAll(My_Load.java:144)

]]></system-out>
    <system-err><![CDATA[Jan 18, 2025 9:09:14 PM org.openqa.selenium.devtools.CdpVersionFinder findNearestMatch
WARNING: Unable to find CDP implementation matching 131
Jan 18, 2025 9:09:14 PM org.openqa.selenium.chromium.ChromiumDriver lambda$new$5
WARNING: Unable to find version of CDP to use for 131.0.6778.265. You may need to include a dependency on a specific version of the CDP using something similar to `org.seleniumhq.selenium:selenium-devtools-v86:4.12.0` where the version ("v86") matches the version of the chromium-based browser you're using and the version number of the artifact is the same as Selenium's.
]]></system-err>
  </testcase>
</testsuite>