<?xml version="1.0" encoding="UTF-8"?>
<testsuite xmlns:xsi="http://www.w3.org/2001/XMLSchema-instance" xsi:noNamespaceSchemaLocation="https://maven.apache.org/surefire/maven-surefire-plugin/xsd/surefire-test-report.xsd" version="3.0.2" name="Test_runner.Run_file" time="438.314" tests="9" errors="0" skipped="0" failures="0">
  <properties>
    <property name="java.specification.version" value="17"/>
    <property name="sun.cpu.isalist" value="amd64"/>
    <property name="sun.jnu.encoding" value="Cp1252"/>
    <property name="java.class.path" value="C:\Users\Aniket Satpute\eclipse-workspace\FleetProject\target\test-classes;C:\Users\Aniket Satpute\eclipse-workspace\FleetProject\target\classes;C:\Users\Aniket Satpute\.m2\repository\io\cucumber\cucumber-java\7.18.1\cucumber-java-7.18.1.jar;C:\Users\Aniket Satpute\.m2\repository\io\cucumber\cucumber-core\7.18.1\cucumber-core-7.18.1.jar;C:\Users\Aniket Satpute\.m2\repository\io\cucumber\cucumber-gherkin\7.18.1\cucumber-gherkin-7.18.1.jar;C:\Users\Aniket Satpute\.m2\repository\io\cucumber\cucumber-gherkin-messages\7.18.1\cucumber-gherkin-messages-7.18.1.jar;C:\Users\Aniket Satpute\.m2\repository\io\cucumber\gherkin\28.0.0\gherkin-28.0.0.jar;C:\Users\Aniket Satpute\.m2\repository\io\cucumber\messages\24.1.0\messages-24.1.0.jar;C:\Users\Aniket Satpute\.m2\repository\io\cucumber\testng-xml-formatter\0.2.0\testng-xml-formatter-0.2.0.jar;C:\Users\Aniket Satpute\.m2\repository\io\cucumber\query\12.2.0\query-12.2.0.jar;C:\Users\Aniket Satpute\.m2\repository\io\cucumber\tag-expressions\6.1.0\tag-expressions-6.1.0.jar;C:\Users\Aniket Satpute\.m2\repository\io\cucumber\cucumber-expressions\17.1.0\cucumber-expressions-17.1.0.jar;C:\Users\Aniket Satpute\.m2\repository\io\cucumber\datatable\7.18.1\datatable-7.18.1.jar;C:\Users\Aniket Satpute\.m2\repository\io\cucumber\cucumber-plugin\7.18.1\cucumber-plugin-7.18.1.jar;C:\Users\Aniket Satpute\.m2\repository\io\cucumber\docstring\7.18.1\docstring-7.18.1.jar;C:\Users\Aniket Satpute\.m2\repository\io\cucumber\html-formatter\21.4.1\html-formatter-21.4.1.jar;C:\Users\Aniket Satpute\.m2\repository\io\cucumber\junit-xml-formatter\0.5.0\junit-xml-formatter-0.5.0.jar;C:\Users\Aniket Satpute\.m2\repository\io\cucumber\ci-environment\10.0.1\ci-environment-10.0.1.jar;C:\Users\Aniket Satpute\.m2\repository\org\apiguardian\apiguardian-api\1.1.2\apiguardian-api-1.1.2.jar;C:\Users\Aniket Satpute\.m2\repository\junit\junit\4.13.1\junit-4.13.1.jar;C:\Users\Aniket Satpute\.m2\repository\org\hamcrest\hamcrest-core\1.3\hamcrest-core-1.3.jar;C:\Users\Aniket Satpute\.m2\repository\io\cucumber\cucumber-junit\7.18.1\cucumber-junit-7.18.1.jar;C:\Users\Aniket Satpute\.m2\repository\org\seleniumhq\selenium\selenium-java\4.12.0\selenium-java-4.12.0.jar;C:\Users\Aniket Satpute\.m2\repository\org\seleniumhq\selenium\selenium-api\4.12.0\selenium-api-4.12.0.jar;C:\Users\Aniket Satpute\.m2\repository\org\seleniumhq\selenium\selenium-chrome-driver\4.12.0\selenium-chrome-driver-4.12.0.jar;C:\Users\Aniket Satpute\.m2\repository\com\google\auto\service\auto-service-annotations\1.1.1\auto-service-annotations-1.1.1.jar;C:\Users\Aniket Satpute\.m2\repository\com\google\guava\guava\32.1.2-jre\guava-32.1.2-jre.jar;C:\Users\Aniket Satpute\.m2\repository\com\google\guava\failureaccess\1.0.1\failureaccess-1.0.1.jar;C:\Users\Aniket Satpute\.m2\repository\com\google\guava\listenablefuture\9999.0-empty-to-avoid-conflict-with-guava\listenablefuture-9999.0-empty-to-avoid-conflict-with-guava.jar;C:\Users\Aniket Satpute\.m2\repository\com\google\code\findbugs\jsr305\3.0.2\jsr305-3.0.2.jar;C:\Users\Aniket Satpute\.m2\repository\org\checkerframework\checker-qual\3.33.0\checker-qual-3.33.0.jar;C:\Users\Aniket Satpute\.m2\repository\com\google\errorprone\error_prone_annotations\2.18.0\error_prone_annotations-2.18.0.jar;C:\Users\Aniket Satpute\.m2\repository\com\google\j2objc\j2objc-annotations\2.8\j2objc-annotations-2.8.jar;C:\Users\Aniket Satpute\.m2\repository\org\seleniumhq\selenium\selenium-chromium-driver\4.12.0\selenium-chromium-driver-4.12.0.jar;C:\Users\Aniket Satpute\.m2\repository\org\seleniumhq\selenium\selenium-json\4.12.0\selenium-json-4.12.0.jar;C:\Users\Aniket Satpute\.m2\repository\org\seleniumhq\selenium\selenium-manager\4.12.0\selenium-manager-4.12.0.jar;C:\Users\Aniket Satpute\.m2\repository\org\seleniumhq\selenium\selenium-devtools-v114\4.12.0\selenium-devtools-v114-4.12.0.jar;C:\Users\Aniket Satpute\.m2\repository\org\seleniumhq\selenium\selenium-devtools-v115\4.12.0\selenium-devtools-v115-4.12.0.jar;C:\Users\Aniket Satpute\.m2\repository\org\seleniumhq\selenium\selenium-devtools-v116\4.12.0\selenium-devtools-v116-4.12.0.jar;C:\Users\Aniket Satpute\.m2\repository\org\seleniumhq\selenium\selenium-devtools-v85\4.12.0\selenium-devtools-v85-4.12.0.jar;C:\Users\Aniket Satpute\.m2\repository\org\seleniumhq\selenium\selenium-edge-driver\4.12.0\selenium-edge-driver-4.12.0.jar;C:\Users\Aniket Satpute\.m2\repository\org\seleniumhq\selenium\selenium-firefox-driver\4.12.0\selenium-firefox-driver-4.12.0.jar;C:\Users\Aniket Satpute\.m2\repository\org\seleniumhq\selenium\selenium-http\4.12.0\selenium-http-4.12.0.jar;C:\Users\Aniket Satpute\.m2\repository\dev\failsafe\failsafe\3.3.2\failsafe-3.3.2.jar;C:\Users\Aniket Satpute\.m2\repository\org\seleniumhq\selenium\selenium-ie-driver\4.12.0\selenium-ie-driver-4.12.0.jar;C:\Users\Aniket Satpute\.m2\repository\org\seleniumhq\selenium\selenium-remote-driver\4.12.0\selenium-remote-driver-4.12.0.jar;C:\Users\Aniket Satpute\.m2\repository\io\netty\netty-buffer\4.1.96.Final\netty-buffer-4.1.96.Final.jar;C:\Users\Aniket Satpute\.m2\repository\io\netty\netty-codec-http\4.1.96.Final\netty-codec-http-4.1.96.Final.jar;C:\Users\Aniket Satpute\.m2\repository\io\netty\netty-codec\4.1.96.Final\netty-codec-4.1.96.Final.jar;C:\Users\Aniket Satpute\.m2\repository\io\netty\netty-handler\4.1.96.Final\netty-handler-4.1.96.Final.jar;C:\Users\Aniket Satpute\.m2\repository\io\netty\netty-common\4.1.96.Final\netty-common-4.1.96.Final.jar;C:\Users\Aniket Satpute\.m2\repository\io\netty\netty-transport-classes-epoll\4.1.96.Final\netty-transport-classes-epoll-4.1.96.Final.jar;C:\Users\Aniket Satpute\.m2\repository\io\netty\netty-transport-classes-kqueue\4.1.96.Final\netty-transport-classes-kqueue-4.1.96.Final.jar;C:\Users\Aniket Satpute\.m2\repository\io\netty\netty-transport-native-epoll\4.1.96.Final\netty-transport-native-epoll-4.1.96.Final.jar;C:\Users\Aniket Satpute\.m2\repository\io\netty\netty-transport-native-kqueue\4.1.96.Final\netty-transport-native-kqueue-4.1.96.Final.jar;C:\Users\Aniket Satpute\.m2\repository\io\netty\netty-transport-native-unix-common\4.1.96.Final\netty-transport-native-unix-common-4.1.96.Final.jar;C:\Users\Aniket Satpute\.m2\repository\io\netty\netty-transport\4.1.96.Final\netty-transport-4.1.96.Final.jar;C:\Users\Aniket Satpute\.m2\repository\io\netty\netty-resolver\4.1.96.Final\netty-resolver-4.1.96.Final.jar;C:\Users\Aniket Satpute\.m2\repository\io\opentelemetry\opentelemetry-api\1.28.0\opentelemetry-api-1.28.0.jar;C:\Users\Aniket Satpute\.m2\repository\io\opentelemetry\opentelemetry-context\1.28.0\opentelemetry-context-1.28.0.jar;C:\Users\Aniket Satpute\.m2\repository\io\opentelemetry\opentelemetry-exporter-logging\1.28.0\opentelemetry-exporter-logging-1.28.0.jar;C:\Users\Aniket Satpute\.m2\repository\io\opentelemetry\opentelemetry-sdk-metrics\1.28.0\opentelemetry-sdk-metrics-1.28.0.jar;C:\Users\Aniket Satpute\.m2\repository\io\opentelemetry\opentelemetry-extension-incubator\1.28.0-alpha\opentelemetry-extension-incubator-1.28.0-alpha.jar;C:\Users\Aniket Satpute\.m2\repository\io\opentelemetry\opentelemetry-sdk-logs\1.28.0\opentelemetry-sdk-logs-1.28.0.jar;C:\Users\Aniket Satpute\.m2\repository\io\opentelemetry\opentelemetry-sdk-common\1.28.0\opentelemetry-sdk-common-1.28.0.jar;C:\Users\Aniket Satpute\.m2\repository\io\opentelemetry\opentelemetry-sdk-extension-autoconfigure-spi\1.28.0\opentelemetry-sdk-extension-autoconfigure-spi-1.28.0.jar;C:\Users\Aniket Satpute\.m2\repository\io\opentelemetry\opentelemetry-sdk-extension-autoconfigure\1.28.0\opentelemetry-sdk-extension-autoconfigure-1.28.0.jar;C:\Users\Aniket Satpute\.m2\repository\io\opentelemetry\opentelemetry-api-events\1.28.0-alpha\opentelemetry-api-events-1.28.0-alpha.jar;C:\Users\Aniket Satpute\.m2\repository\io\opentelemetry\opentelemetry-sdk-trace\1.28.0\opentelemetry-sdk-trace-1.28.0.jar;C:\Users\Aniket Satpute\.m2\repository\io\opentelemetry\opentelemetry-sdk\1.28.0\opentelemetry-sdk-1.28.0.jar;C:\Users\Aniket Satpute\.m2\repository\io\opentelemetry\opentelemetry-semconv\1.28.0-alpha\opentelemetry-semconv-1.28.0-alpha.jar;C:\Users\Aniket Satpute\.m2\repository\net\bytebuddy\byte-buddy\1.14.5\byte-buddy-1.14.5.jar;C:\Users\Aniket Satpute\.m2\repository\org\asynchttpclient\async-http-client\2.12.3\async-http-client-2.12.3.jar;C:\Users\Aniket Satpute\.m2\repository\org\asynchttpclient\async-http-client-netty-utils\2.12.3\async-http-client-netty-utils-2.12.3.jar;C:\Users\Aniket Satpute\.m2\repository\io\netty\netty-codec-socks\4.1.60.Final\netty-codec-socks-4.1.60.Final.jar;C:\Users\Aniket Satpute\.m2\repository\io\netty\netty-handler-proxy\4.1.60.Final\netty-handler-proxy-4.1.60.Final.jar;C:\Users\Aniket Satpute\.m2\repository\io\netty\netty-transport-native-epoll\4.1.60.Final\netty-transport-native-epoll-4.1.60.Final-linux-x86_64.jar;C:\Users\Aniket Satpute\.m2\repository\io\netty\netty-transport-native-kqueue\4.1.60.Final\netty-transport-native-kqueue-4.1.60.Final-osx-x86_64.jar;C:\Users\Aniket Satpute\.m2\repository\org\reactivestreams\reactive-streams\1.0.3\reactive-streams-1.0.3.jar;C:\Users\Aniket Satpute\.m2\repository\com\typesafe\netty\netty-reactive-streams\2.0.4\netty-reactive-streams-2.0.4.jar;C:\Users\Aniket Satpute\.m2\repository\com\sun\activation\jakarta.activation\1.2.2\jakarta.activation-1.2.2.jar;C:\Users\Aniket Satpute\.m2\repository\org\seleniumhq\selenium\selenium-os\4.12.0\selenium-os-4.12.0.jar;C:\Users\Aniket Satpute\.m2\repository\org\apache\commons\commons-exec\1.3\commons-exec-1.3.jar;C:\Users\Aniket Satpute\.m2\repository\org\seleniumhq\selenium\selenium-safari-driver\4.12.0\selenium-safari-driver-4.12.0.jar;C:\Users\Aniket Satpute\.m2\repository\org\seleniumhq\selenium\selenium-support\4.12.0\selenium-support-4.12.0.jar;C:\Users\Aniket Satpute\.m2\repository\ch\qos\logback\logback-classic\1.2.11\logback-classic-1.2.11.jar;C:\Users\Aniket Satpute\.m2\repository\ch\qos\logback\logback-core\1.2.11\logback-core-1.2.11.jar;C:\Users\Aniket Satpute\.m2\repository\org\slf4j\slf4j-simple\2.0.9\slf4j-simple-2.0.9.jar;C:\Users\Aniket Satpute\.m2\repository\org\slf4j\slf4j-api\1.7.36\slf4j-api-1.7.36.jar;"/>
    <property name="java.vm.vendor" value="Eclipse Adoptium"/>
    <property name="sun.arch.data.model" value="64"/>
    <property name="user.variant" value=""/>
    <property name="java.vendor.url" value="https://adoptium.net/"/>
    <property name="user.timezone" value="Asia/Calcutta"/>
    <property name="os.name" value="Windows 11"/>
    <property name="java.vm.specification.version" value="17"/>
    <property name="sun.java.launcher" value="SUN_STANDARD"/>
    <property name="user.country" value="IN"/>
    <property name="sun.boot.library.path" value="C:\Users\Aniket Satpute\.p2\pool\plugins\org.eclipse.justj.openjdk.hotspot.jre.full.win32.x86_64_17.0.11.v20240426-1830\jre\bin"/>
    <property name="sun.java.command" value="C:\Users\Aniket Satpute\AppData\Local\Temp\surefire15053613545001653579\surefirebooter-20250115145418992_3.jar C:\Users\Aniket Satpute\AppData\Local\Temp\surefire15053613545001653579 2025-01-15T14-54-18_706-jvmRun1 surefire-20250115145418992_1tmp surefire_0-20250115145418992_2tmp"/>
    <property name="jdk.debug" value="release"/>
    <property name="surefire.test.class.path" value="C:\Users\Aniket Satpute\eclipse-workspace\FleetProject\target\test-classes;C:\Users\Aniket Satpute\eclipse-workspace\FleetProject\target\classes;C:\Users\Aniket Satpute\.m2\repository\io\cucumber\cucumber-java\7.18.1\cucumber-java-7.18.1.jar;C:\Users\Aniket Satpute\.m2\repository\io\cucumber\cucumber-core\7.18.1\cucumber-core-7.18.1.jar;C:\Users\Aniket Satpute\.m2\repository\io\cucumber\cucumber-gherkin\7.18.1\cucumber-gherkin-7.18.1.jar;C:\Users\Aniket Satpute\.m2\repository\io\cucumber\cucumber-gherkin-messages\7.18.1\cucumber-gherkin-messages-7.18.1.jar;C:\Users\Aniket Satpute\.m2\repository\io\cucumber\gherkin\28.0.0\gherkin-28.0.0.jar;C:\Users\Aniket Satpute\.m2\repository\io\cucumber\messages\24.1.0\messages-24.1.0.jar;C:\Users\Aniket Satpute\.m2\repository\io\cucumber\testng-xml-formatter\0.2.0\testng-xml-formatter-0.2.0.jar;C:\Users\Aniket Satpute\.m2\repository\io\cucumber\query\12.2.0\query-12.2.0.jar;C:\Users\Aniket Satpute\.m2\repository\io\cucumber\tag-expressions\6.1.0\tag-expressions-6.1.0.jar;C:\Users\Aniket Satpute\.m2\repository\io\cucumber\cucumber-expressions\17.1.0\cucumber-expressions-17.1.0.jar;C:\Users\Aniket Satpute\.m2\repository\io\cucumber\datatable\7.18.1\datatable-7.18.1.jar;C:\Users\Aniket Satpute\.m2\repository\io\cucumber\cucumber-plugin\7.18.1\cucumber-plugin-7.18.1.jar;C:\Users\Aniket Satpute\.m2\repository\io\cucumber\docstring\7.18.1\docstring-7.18.1.jar;C:\Users\Aniket Satpute\.m2\repository\io\cucumber\html-formatter\21.4.1\html-formatter-21.4.1.jar;C:\Users\Aniket Satpute\.m2\repository\io\cucumber\junit-xml-formatter\0.5.0\junit-xml-formatter-0.5.0.jar;C:\Users\Aniket Satpute\.m2\repository\io\cucumber\ci-environment\10.0.1\ci-environment-10.0.1.jar;C:\Users\Aniket Satpute\.m2\repository\org\apiguardian\apiguardian-api\1.1.2\apiguardian-api-1.1.2.jar;C:\Users\Aniket Satpute\.m2\repository\junit\junit\4.13.1\junit-4.13.1.jar;C:\Users\Aniket Satpute\.m2\repository\org\hamcrest\hamcrest-core\1.3\hamcrest-core-1.3.jar;C:\Users\Aniket Satpute\.m2\repository\io\cucumber\cucumber-junit\7.18.1\cucumber-junit-7.18.1.jar;C:\Users\Aniket Satpute\.m2\repository\org\seleniumhq\selenium\selenium-java\4.12.0\selenium-java-4.12.0.jar;C:\Users\Aniket Satpute\.m2\repository\org\seleniumhq\selenium\selenium-api\4.12.0\selenium-api-4.12.0.jar;C:\Users\Aniket Satpute\.m2\repository\org\seleniumhq\selenium\selenium-chrome-driver\4.12.0\selenium-chrome-driver-4.12.0.jar;C:\Users\Aniket Satpute\.m2\repository\com\google\auto\service\auto-service-annotations\1.1.1\auto-service-annotations-1.1.1.jar;C:\Users\Aniket Satpute\.m2\repository\com\google\guava\guava\32.1.2-jre\guava-32.1.2-jre.jar;C:\Users\Aniket Satpute\.m2\repository\com\google\guava\failureaccess\1.0.1\failureaccess-1.0.1.jar;C:\Users\Aniket Satpute\.m2\repository\com\google\guava\listenablefuture\9999.0-empty-to-avoid-conflict-with-guava\listenablefuture-9999.0-empty-to-avoid-conflict-with-guava.jar;C:\Users\Aniket Satpute\.m2\repository\com\google\code\findbugs\jsr305\3.0.2\jsr305-3.0.2.jar;C:\Users\Aniket Satpute\.m2\repository\org\checkerframework\checker-qual\3.33.0\checker-qual-3.33.0.jar;C:\Users\Aniket Satpute\.m2\repository\com\google\errorprone\error_prone_annotations\2.18.0\error_prone_annotations-2.18.0.jar;C:\Users\Aniket Satpute\.m2\repository\com\google\j2objc\j2objc-annotations\2.8\j2objc-annotations-2.8.jar;C:\Users\Aniket Satpute\.m2\repository\org\seleniumhq\selenium\selenium-chromium-driver\4.12.0\selenium-chromium-driver-4.12.0.jar;C:\Users\Aniket Satpute\.m2\repository\org\seleniumhq\selenium\selenium-json\4.12.0\selenium-json-4.12.0.jar;C:\Users\Aniket Satpute\.m2\repository\org\seleniumhq\selenium\selenium-manager\4.12.0\selenium-manager-4.12.0.jar;C:\Users\Aniket Satpute\.m2\repository\org\seleniumhq\selenium\selenium-devtools-v114\4.12.0\selenium-devtools-v114-4.12.0.jar;C:\Users\Aniket Satpute\.m2\repository\org\seleniumhq\selenium\selenium-devtools-v115\4.12.0\selenium-devtools-v115-4.12.0.jar;C:\Users\Aniket Satpute\.m2\repository\org\seleniumhq\selenium\selenium-devtools-v116\4.12.0\selenium-devtools-v116-4.12.0.jar;C:\Users\Aniket Satpute\.m2\repository\org\seleniumhq\selenium\selenium-devtools-v85\4.12.0\selenium-devtools-v85-4.12.0.jar;C:\Users\Aniket Satpute\.m2\repository\org\seleniumhq\selenium\selenium-edge-driver\4.12.0\selenium-edge-driver-4.12.0.jar;C:\Users\Aniket Satpute\.m2\repository\org\seleniumhq\selenium\selenium-firefox-driver\4.12.0\selenium-firefox-driver-4.12.0.jar;C:\Users\Aniket Satpute\.m2\repository\org\seleniumhq\selenium\selenium-http\4.12.0\selenium-http-4.12.0.jar;C:\Users\Aniket Satpute\.m2\repository\dev\failsafe\failsafe\3.3.2\failsafe-3.3.2.jar;C:\Users\Aniket Satpute\.m2\repository\org\seleniumhq\selenium\selenium-ie-driver\4.12.0\selenium-ie-driver-4.12.0.jar;C:\Users\Aniket Satpute\.m2\repository\org\seleniumhq\selenium\selenium-remote-driver\4.12.0\selenium-remote-driver-4.12.0.jar;C:\Users\Aniket Satpute\.m2\repository\io\netty\netty-buffer\4.1.96.Final\netty-buffer-4.1.96.Final.jar;C:\Users\Aniket Satpute\.m2\repository\io\netty\netty-codec-http\4.1.96.Final\netty-codec-http-4.1.96.Final.jar;C:\Users\Aniket Satpute\.m2\repository\io\netty\netty-codec\4.1.96.Final\netty-codec-4.1.96.Final.jar;C:\Users\Aniket Satpute\.m2\repository\io\netty\netty-handler\4.1.96.Final\netty-handler-4.1.96.Final.jar;C:\Users\Aniket Satpute\.m2\repository\io\netty\netty-common\4.1.96.Final\netty-common-4.1.96.Final.jar;C:\Users\Aniket Satpute\.m2\repository\io\netty\netty-transport-classes-epoll\4.1.96.Final\netty-transport-classes-epoll-4.1.96.Final.jar;C:\Users\Aniket Satpute\.m2\repository\io\netty\netty-transport-classes-kqueue\4.1.96.Final\netty-transport-classes-kqueue-4.1.96.Final.jar;C:\Users\Aniket Satpute\.m2\repository\io\netty\netty-transport-native-epoll\4.1.96.Final\netty-transport-native-epoll-4.1.96.Final.jar;C:\Users\Aniket Satpute\.m2\repository\io\netty\netty-transport-native-kqueue\4.1.96.Final\netty-transport-native-kqueue-4.1.96.Final.jar;C:\Users\Aniket Satpute\.m2\repository\io\netty\netty-transport-native-unix-common\4.1.96.Final\netty-transport-native-unix-common-4.1.96.Final.jar;C:\Users\Aniket Satpute\.m2\repository\io\netty\netty-transport\4.1.96.Final\netty-transport-4.1.96.Final.jar;C:\Users\Aniket Satpute\.m2\repository\io\netty\netty-resolver\4.1.96.Final\netty-resolver-4.1.96.Final.jar;C:\Users\Aniket Satpute\.m2\repository\io\opentelemetry\opentelemetry-api\1.28.0\opentelemetry-api-1.28.0.jar;C:\Users\Aniket Satpute\.m2\repository\io\opentelemetry\opentelemetry-context\1.28.0\opentelemetry-context-1.28.0.jar;C:\Users\Aniket Satpute\.m2\repository\io\opentelemetry\opentelemetry-exporter-logging\1.28.0\opentelemetry-exporter-logging-1.28.0.jar;C:\Users\Aniket Satpute\.m2\repository\io\opentelemetry\opentelemetry-sdk-metrics\1.28.0\opentelemetry-sdk-metrics-1.28.0.jar;C:\Users\Aniket Satpute\.m2\repository\io\opentelemetry\opentelemetry-extension-incubator\1.28.0-alpha\opentelemetry-extension-incubator-1.28.0-alpha.jar;C:\Users\Aniket Satpute\.m2\repository\io\opentelemetry\opentelemetry-sdk-logs\1.28.0\opentelemetry-sdk-logs-1.28.0.jar;C:\Users\Aniket Satpute\.m2\repository\io\opentelemetry\opentelemetry-sdk-common\1.28.0\opentelemetry-sdk-common-1.28.0.jar;C:\Users\Aniket Satpute\.m2\repository\io\opentelemetry\opentelemetry-sdk-extension-autoconfigure-spi\1.28.0\opentelemetry-sdk-extension-autoconfigure-spi-1.28.0.jar;C:\Users\Aniket Satpute\.m2\repository\io\opentelemetry\opentelemetry-sdk-extension-autoconfigure\1.28.0\opentelemetry-sdk-extension-autoconfigure-1.28.0.jar;C:\Users\Aniket Satpute\.m2\repository\io\opentelemetry\opentelemetry-api-events\1.28.0-alpha\opentelemetry-api-events-1.28.0-alpha.jar;C:\Users\Aniket Satpute\.m2\repository\io\opentelemetry\opentelemetry-sdk-trace\1.28.0\opentelemetry-sdk-trace-1.28.0.jar;C:\Users\Aniket Satpute\.m2\repository\io\opentelemetry\opentelemetry-sdk\1.28.0\opentelemetry-sdk-1.28.0.jar;C:\Users\Aniket Satpute\.m2\repository\io\opentelemetry\opentelemetry-semconv\1.28.0-alpha\opentelemetry-semconv-1.28.0-alpha.jar;C:\Users\Aniket Satpute\.m2\repository\net\bytebuddy\byte-buddy\1.14.5\byte-buddy-1.14.5.jar;C:\Users\Aniket Satpute\.m2\repository\org\asynchttpclient\async-http-client\2.12.3\async-http-client-2.12.3.jar;C:\Users\Aniket Satpute\.m2\repository\org\asynchttpclient\async-http-client-netty-utils\2.12.3\async-http-client-netty-utils-2.12.3.jar;C:\Users\Aniket Satpute\.m2\repository\io\netty\netty-codec-socks\4.1.60.Final\netty-codec-socks-4.1.60.Final.jar;C:\Users\Aniket Satpute\.m2\repository\io\netty\netty-handler-proxy\4.1.60.Final\netty-handler-proxy-4.1.60.Final.jar;C:\Users\Aniket Satpute\.m2\repository\io\netty\netty-transport-native-epoll\4.1.60.Final\netty-transport-native-epoll-4.1.60.Final-linux-x86_64.jar;C:\Users\Aniket Satpute\.m2\repository\io\netty\netty-transport-native-kqueue\4.1.60.Final\netty-transport-native-kqueue-4.1.60.Final-osx-x86_64.jar;C:\Users\Aniket Satpute\.m2\repository\org\reactivestreams\reactive-streams\1.0.3\reactive-streams-1.0.3.jar;C:\Users\Aniket Satpute\.m2\repository\com\typesafe\netty\netty-reactive-streams\2.0.4\netty-reactive-streams-2.0.4.jar;C:\Users\Aniket Satpute\.m2\repository\com\sun\activation\jakarta.activation\1.2.2\jakarta.activation-1.2.2.jar;C:\Users\Aniket Satpute\.m2\repository\org\seleniumhq\selenium\selenium-os\4.12.0\selenium-os-4.12.0.jar;C:\Users\Aniket Satpute\.m2\repository\org\apache\commons\commons-exec\1.3\commons-exec-1.3.jar;C:\Users\Aniket Satpute\.m2\repository\org\seleniumhq\selenium\selenium-safari-driver\4.12.0\selenium-safari-driver-4.12.0.jar;C:\Users\Aniket Satpute\.m2\repository\org\seleniumhq\selenium\selenium-support\4.12.0\selenium-support-4.12.0.jar;C:\Users\Aniket Satpute\.m2\repository\ch\qos\logback\logback-classic\1.2.11\logback-classic-1.2.11.jar;C:\Users\Aniket Satpute\.m2\repository\ch\qos\logback\logback-core\1.2.11\logback-core-1.2.11.jar;C:\Users\Aniket Satpute\.m2\repository\org\slf4j\slf4j-simple\2.0.9\slf4j-simple-2.0.9.jar;C:\Users\Aniket Satpute\.m2\repository\org\slf4j\slf4j-api\1.7.36\slf4j-api-1.7.36.jar;"/>
    <property name="sun.cpu.endian" value="little"/>
    <property name="user.home" value="C:\Users\Aniket Satpute"/>
    <property name="user.language" value="en"/>
    <property name="java.specification.vendor" value="Oracle Corporation"/>
    <property name="java.version.date" value="2024-04-16"/>
    <property name="java.home" value="C:\Users\Aniket Satpute\.p2\pool\plugins\org.eclipse.justj.openjdk.hotspot.jre.full.win32.x86_64_17.0.11.v20240426-1830\jre"/>
    <property name="file.separator" value="\"/>
    <property name="style.color" value="always"/>
    <property name="basedir" value="C:\Users\Aniket Satpute\eclipse-workspace\FleetProject"/>
    <property name="java.vm.compressedOopsMode" value="Zero based"/>
    <property name="line.separator" value="&#10;"/>
    <property name="java.vm.specification.vendor" value="Oracle Corporation"/>
    <property name="java.specification.name" value="Java Platform API Specification"/>
    <property name="surefire.real.class.path" value="C:\Users\Aniket Satpute\AppData\Local\Temp\surefire15053613545001653579\surefirebooter-20250115145418992_3.jar"/>
    <property name="user.script" value=""/>
    <property name="sun.management.compiler" value="HotSpot 64-Bit Tiered Compilers"/>
    <property name="java.runtime.version" value="17.0.11+9"/>
    <property name="user.name" value="Aniket Satpute"/>
    <property name="path.separator" value=";"/>
    <property name="os.version" value="10.0"/>
    <property name="java.runtime.name" value="OpenJDK Runtime Environment"/>
    <property name="file.encoding" value="Cp1252"/>
    <property name="java.vm.name" value="OpenJDK 64-Bit Server VM"/>
    <property name="java.vendor.version" value="Temurin-17.0.11+9"/>
    <property name="localRepository" value="C:\Users\Aniket Satpute\.m2\repository"/>
    <property name="java.vendor.url.bug" value="https://github.com/adoptium/adoptium-support/issues"/>
    <property name="java.io.tmpdir" value="C:\Users\ANIKET~1\AppData\Local\Temp\"/>
    <property name="java.version" value="17.0.11"/>
    <property name="user.dir" value="C:\Users\Aniket Satpute\eclipse-workspace\FleetProject"/>
    <property name="os.arch" value="amd64"/>
    <property name="java.vm.specification.name" value="Java Virtual Machine Specification"/>
    <property name="sun.os.patch.level" value=""/>
    <property name="native.encoding" value="Cp1252"/>
    <property name="java.library.path" value="C:\Users\Aniket Satpute\.p2\pool\plugins\org.eclipse.justj.openjdk.hotspot.jre.full.win32.x86_64_17.0.11.v20240426-1830\jre\bin;C:\Windows\Sun\Java\bin;C:\Windows\system32;C:\Windows;C:/Users/Aniket Satpute/.p2/pool/plugins/org.eclipse.justj.openjdk.hotspot.jre.full.win32.x86_64_17.0.11.v20240426-1830/jre/bin/server;C:/Users/Aniket Satpute/.p2/pool/plugins/org.eclipse.justj.openjdk.hotspot.jre.full.win32.x86_64_17.0.11.v20240426-1830/jre/bin;C:\Program Files\Common Files\Oracle\Java\javapath;C:\Program Files (x86)\Common Files\Oracle\Java\java8path;C:\Program Files (x86)\Common Files\Oracle\Java\javapath;C:\Python312\Scripts\;C:\Python312\;C:\Windows\system32;C:\Windows;C:\Windows\System32\Wbem;C:\Windows\System32\WindowsPowerShell\v1.0\;C:\Windows\System32\OpenSSH\;C:\Program Files (x86)\NVIDIA Corporation\PhysX\Common;C:\Program Files\NVIDIA Corporation\NVIDIA NvDLISR;C:\Program Files\Microsoft SQL Server\150\Tools\Binn\;C:\Program Files\MySQL\MySQL Server 8.0\bin;C:\ProgramData\chocolatey\bin;C:\Program Files\Java\jdk-21\bin;C:\Program Files (x86)\Java\jre1.8.0_421\bin;C:\Program Files (x86)\Java\jre1.8.0_421\bin\bin;C:\Program Files\Java\jdk-23\bin;C:\Users\Aniket Satpute\OneDrive\Desktop\javapractice\Oracle_JDK-23\bin;C:\apache-maven-3.9.9-bin\apache-maven-3.9.9\bin;C:\apache-maven-3.9.9-bin\apache-maven-3.9.9\bin;C:\apache-maven-3.9.9-bin\apache-maven-3.9.9\bin;C:\Program Files\Java\jdk-23\bin;C:\Program Files\Java\jdk-23\bin;;C:\Windows\System32;;."/>
    <property name="java.vm.info" value="mixed mode"/>
    <property name="java.vendor" value="Eclipse Adoptium"/>
    <property name="java.vm.version" value="17.0.11+9"/>
    <property name="sun.io.unicode.encoding" value="UnicodeLittle"/>
    <property name="java.class.version" value="61.0"/>
  </properties>
  <testcase name="Add single customer with all details" classname="Customer Onboarding form" time="68.06">
    <system-out><![CDATA[
Scenario Outline: Add single customer with all details                    # src/test/resources/Customers/Customer_form.feature:21
14:54:23.283 [main] DEBUG io.netty.util.internal.logging.InternalLoggerFactory - Using SLF4J as the default logging framework
14:54:23.294 [main] DEBUG io.netty.util.ResourceLeakDetector - -Dio.netty.leakDetection.level: simple
14:54:23.294 [main] DEBUG io.netty.util.ResourceLeakDetector - -Dio.netty.leakDetection.targetRecords: 4
14:54:23.299 [main] DEBUG io.netty.util.ResourceLeakDetectorFactory - Loaded default ResourceLeakDetector: io.netty.util.ResourceLeakDetector@2c0f7678
14:54:23.327 [main] DEBUG io.netty.util.internal.PlatformDependent0 - -Dio.netty.noUnsafe: false
14:54:23.327 [main] DEBUG io.netty.util.internal.PlatformDependent0 - Java version: 17
14:54:23.329 [main] DEBUG io.netty.util.internal.PlatformDependent0 - sun.misc.Unsafe.theUnsafe: available
14:54:23.330 [main] DEBUG io.netty.util.internal.PlatformDependent0 - sun.misc.Unsafe.copyMemory: available
14:54:23.331 [main] DEBUG io.netty.util.internal.PlatformDependent0 - sun.misc.Unsafe.storeFence: available
14:54:23.332 [main] DEBUG io.netty.util.internal.PlatformDependent0 - java.nio.Buffer.address: available
14:54:23.333 [main] DEBUG io.netty.util.internal.PlatformDependent0 - direct buffer constructor: unavailable: Reflective setAccessible(true) disabled
14:54:23.334 [main] DEBUG io.netty.util.internal.PlatformDependent0 - java.nio.Bits.unaligned: available, true
14:54:23.337 [main] DEBUG io.netty.util.internal.PlatformDependent0 - jdk.internal.misc.Unsafe.allocateUninitializedArray(int): unavailable: class io.netty.util.internal.PlatformDependent0$7 cannot access class jdk.internal.misc.Unsafe (in module java.base) because module java.base does not export jdk.internal.misc to unnamed module @482cd91f
14:54:23.340 [main] DEBUG io.netty.util.internal.PlatformDependent0 - java.nio.DirectByteBuffer.<init>(long, {int,long}): unavailable
14:54:23.340 [main] DEBUG io.netty.util.internal.PlatformDependent - sun.misc.Unsafe: available
14:54:23.344 [main] DEBUG io.netty.util.internal.PlatformDependent - maxDirectMemory: 4219469824 bytes (maybe)
14:54:23.345 [main] DEBUG io.netty.util.internal.PlatformDependent - -Dio.netty.tmpdir: C:\Users\ANIKET~1\AppData\Local\Temp (java.io.tmpdir)
14:54:23.345 [main] DEBUG io.netty.util.internal.PlatformDependent - -Dio.netty.bitMode: 64 (sun.arch.data.model)
14:54:23.345 [main] DEBUG io.netty.util.internal.PlatformDependent - Platform: Windows
14:54:23.347 [main] DEBUG io.netty.util.internal.PlatformDependent - -Dio.netty.maxDirectMemory: -1 bytes
14:54:23.347 [main] DEBUG io.netty.util.internal.PlatformDependent - -Dio.netty.uninitializedArrayAllocationThreshold: -1
14:54:23.350 [main] DEBUG io.netty.util.internal.CleanerJava9 - java.nio.ByteBuffer.cleaner(): available
14:54:23.350 [main] DEBUG io.netty.util.internal.PlatformDependent - -Dio.netty.noPreferDirect: false
14:54:23.362 [main] DEBUG io.netty.util.internal.PlatformDependent - org.jctools-core.MpscChunkedArrayQueue: available
14:54:23.399 [main] DEBUG io.netty.util.internal.InternalThreadLocalMap - -Dio.netty.threadLocalMap.stringBuilder.initialSize: 1024
14:54:23.399 [main] DEBUG io.netty.util.internal.InternalThreadLocalMap - -Dio.netty.threadLocalMap.stringBuilder.maxSize: 4096
14:54:23.732 [main] DEBUG io.netty.handler.ssl.JdkSslContext - Default protocols (JDK): [TLSv1.3, TLSv1.2] 
14:54:23.732 [main] DEBUG io.netty.handler.ssl.JdkSslContext - Default cipher suites (JDK): [TLS_ECDHE_ECDSA_WITH_AES_256_GCM_SHA384, TLS_ECDHE_ECDSA_WITH_AES_128_GCM_SHA256, TLS_ECDHE_RSA_WITH_AES_128_GCM_SHA256, TLS_ECDHE_RSA_WITH_AES_256_GCM_SHA384, TLS_ECDHE_RSA_WITH_AES_128_CBC_SHA, TLS_ECDHE_RSA_WITH_AES_256_CBC_SHA, TLS_RSA_WITH_AES_128_GCM_SHA256, TLS_RSA_WITH_AES_128_CBC_SHA, TLS_RSA_WITH_AES_256_CBC_SHA, TLS_AES_128_GCM_SHA256, TLS_AES_256_GCM_SHA384]
14:54:23.755 [main] DEBUG io.netty.util.concurrent.GlobalEventExecutor - -Dio.netty.globalEventExecutor.quietPeriodSeconds: 1
14:54:23.796 [main] DEBUG io.netty.channel.MultithreadEventLoopGroup - -Dio.netty.eventLoopThreads: 24
14:54:23.816 [main] DEBUG io.netty.channel.nio.NioEventLoop - -Dio.netty.noKeySetOptimization: false
14:54:23.817 [main] DEBUG io.netty.channel.nio.NioEventLoop - -Dio.netty.selectorAutoRebuildThreshold: 512
14:54:24.022 [main] DEBUG io.netty.buffer.PooledByteBufAllocator - -Dio.netty.allocator.numHeapArenas: 24
14:54:24.022 [main] DEBUG io.netty.buffer.PooledByteBufAllocator - -Dio.netty.allocator.numDirectArenas: 24
14:54:24.022 [main] DEBUG io.netty.buffer.PooledByteBufAllocator - -Dio.netty.allocator.pageSize: 8192
14:54:24.022 [main] DEBUG io.netty.buffer.PooledByteBufAllocator - -Dio.netty.allocator.maxOrder: 9
14:54:24.022 [main] DEBUG io.netty.buffer.PooledByteBufAllocator - -Dio.netty.allocator.chunkSize: 4194304
14:54:24.023 [main] DEBUG io.netty.buffer.PooledByteBufAllocator - -Dio.netty.allocator.smallCacheSize: 256
14:54:24.023 [main] DEBUG io.netty.buffer.PooledByteBufAllocator - -Dio.netty.allocator.normalCacheSize: 64
14:54:24.023 [main] DEBUG io.netty.buffer.PooledByteBufAllocator - -Dio.netty.allocator.maxCachedBufferCapacity: 32768
14:54:24.023 [main] DEBUG io.netty.buffer.PooledByteBufAllocator - -Dio.netty.allocator.cacheTrimInterval: 8192
14:54:24.023 [main] DEBUG io.netty.buffer.PooledByteBufAllocator - -Dio.netty.allocator.cacheTrimIntervalMillis: 0
14:54:24.023 [main] DEBUG io.netty.buffer.PooledByteBufAllocator - -Dio.netty.allocator.useCacheForAllThreads: false
14:54:24.023 [main] DEBUG io.netty.buffer.PooledByteBufAllocator - -Dio.netty.allocator.maxCachedByteBuffersPerChunk: 1023
14:54:24.049 [main] DEBUG io.netty.buffer.ByteBufUtil - -Dio.netty.allocator.type: pooled
14:54:24.050 [main] DEBUG io.netty.buffer.ByteBufUtil - -Dio.netty.threadLocalDirectBufferSize: 0
14:54:24.050 [main] DEBUG io.netty.buffer.ByteBufUtil - -Dio.netty.maxThreadLocalCharBufferSize: 16384
14:54:24.902 [Forwarding newSession on session null to remote] DEBUG io.netty.channel.DefaultChannelId - -Dio.netty.processId: 37428 (auto-detected)
14:54:24.904 [Forwarding newSession on session null to remote] DEBUG io.netty.util.NetUtil - -Djava.net.preferIPv4Stack: false
14:54:24.904 [Forwarding newSession on session null to remote] DEBUG io.netty.util.NetUtil - -Djava.net.preferIPv6Addresses: false
14:54:24.919 [Forwarding newSession on session null to remote] DEBUG io.netty.util.NetUtilInitializations - Loopback interface: lo (Software Loopback Interface 1, 127.0.0.1)
14:54:24.921 [Forwarding newSession on session null to remote] DEBUG io.netty.util.NetUtil - Failed to get SOMAXCONN from sysctl and file \proc\sys\net\core\somaxconn. Default: 200
14:54:24.939 [Forwarding newSession on session null to remote] DEBUG io.netty.channel.DefaultChannelId - -Dio.netty.machineId: f4:6a:dd:ff:fe:57:6c:f3 (auto-detected)
14:54:25.012 [AsyncHttpClient-1-2] DEBUG io.netty.buffer.AbstractByteBuf - -Dio.netty.buffer.checkAccessible: true
14:54:25.012 [AsyncHttpClient-1-2] DEBUG io.netty.buffer.AbstractByteBuf - -Dio.netty.buffer.checkBounds: true
14:54:25.012 [AsyncHttpClient-1-2] DEBUG io.netty.util.ResourceLeakDetectorFactory - Loaded default ResourceLeakDetector: io.netty.util.ResourceLeakDetector@e3898b8
14:54:25.035 [AsyncHttpClient-1-2] DEBUG org.asynchttpclient.netty.channel.NettyConnectListener - Using new Channel '[id: 0x9685b241, L:/127.0.0.1:57927 - R:localhost/127.0.0.1:32912]' for 'POST' to '/session'
14:54:25.058 [AsyncHttpClient-1-2] DEBUG io.netty.util.Recycler - -Dio.netty.recycler.maxCapacityPerThread: 4096
14:54:25.059 [AsyncHttpClient-1-2] DEBUG io.netty.util.Recycler - -Dio.netty.recycler.ratio: 8
14:54:25.059 [AsyncHttpClient-1-2] DEBUG io.netty.util.Recycler - -Dio.netty.recycler.chunkSize: 32
14:54:25.059 [AsyncHttpClient-1-2] DEBUG io.netty.util.Recycler - -Dio.netty.recycler.blocking: false
14:54:25.059 [AsyncHttpClient-1-2] DEBUG io.netty.util.Recycler - -Dio.netty.recycler.batchFastThreadLocalOnly: true
14:54:26.320 [AsyncHttpClient-1-2] DEBUG io.netty.handler.codec.compression.Brotli - brotli4j not in the classpath; Brotli support will be unavailable.
14:54:26.321 [AsyncHttpClient-1-2] DEBUG org.asynchttpclient.netty.handler.HttpHandler - 

Request DefaultHttpRequest(decodeResult: success, version: HTTP/1.1)
POST /session HTTP/1.1
User-Agent: selenium/4.12.0 (java windows)
Content-Length: 254
Content-Type: application/json; charset=utf-8
host: localhost:32912
accept: */*

Response DefaultHttpResponse(decodeResult: success, version: HTTP/1.1)
HTTP/1.1 200 OK
Content-Length: 886
Content-Type: application/json; charset=utf-8
cache-control: no-cache

14:54:26.338 [AsyncHttpClient-1-2] DEBUG org.asynchttpclient.netty.channel.ChannelManager - Adding key: http://localhost:32912 for channel [id: 0x9685b241, L:/127.0.0.1:57927 - R:localhost/127.0.0.1:32912]
14:54:26.497 [AsyncHttpClient-1-3] DEBUG org.asynchttpclient.netty.channel.NettyConnectListener - Using new Channel '[id: 0xa9673da6, L:/127.0.0.1:57936 - R:localhost/127.0.0.1:57929]' for 'GET' to '/json/version'
14:54:26.501 [AsyncHttpClient-1-3] DEBUG org.asynchttpclient.netty.handler.HttpHandler - 

Request DefaultFullHttpRequest(decodeResult: success, version: HTTP/1.1, content: EmptyByteBufBE)
GET /json/version HTTP/1.1
User-Agent: selenium/4.12.0 (java windows)
host: localhost:57929
accept: */*

Response DefaultHttpResponse(decodeResult: success, version: HTTP/1.1)
HTTP/1.1 200 OK
Content-Security-Policy: frame-ancestors 'none'
Content-Length: 424
Content-Type: application/json; charset=UTF-8

14:54:26.501 [AsyncHttpClient-1-3] DEBUG org.asynchttpclient.netty.channel.ChannelManager - Adding key: http://localhost:57929 for channel [id: 0xa9673da6, L:/127.0.0.1:57936 - R:localhost/127.0.0.1:57929]
14:54:26.518 [main] DEBUG io.netty.util.internal.ThreadLocalRandom - -Dio.netty.initialSeedUniquifier: 0xd178bd0602966417
14:54:26.525 [AsyncHttpClient-1-4] DEBUG org.asynchttpclient.netty.channel.NettyConnectListener - Using new Channel '[id: 0xdaef38bc, L:/127.0.0.1:57937 - R:localhost/127.0.0.1:57929]' for 'GET' to '/devtools/browser/4198f698-df25-4bcb-961a-ad7439bebf5a'
14:54:26.528 [AsyncHttpClient-1-4] DEBUG org.asynchttpclient.netty.handler.WebSocketHandler - 

Request DefaultFullHttpRequest(decodeResult: success, version: HTTP/1.1, content: EmptyByteBufBE)
GET /devtools/browser/4198f698-df25-4bcb-961a-ad7439bebf5a HTTP/1.1
upgrade: websocket
connection: upgrade
sec-websocket-key: JsSAIEFVAJptuOQLodGQkQ==
sec-websocket-version: 13
origin: http://localhost:57929
host: localhost:57929
accept: */*
user-agent: AHC/2.1

Response DefaultHttpResponse(decodeResult: success, version: HTTP/1.1)
HTTP/1.1 101 WebSocket Protocol Handshake
Upgrade: WebSocket
Connection: Upgrade
Sec-WebSocket-Accept: 6lYn+4xMN5PhsRC1cmqGXg2HUDg=

14:54:26.607 [Forwarding get on session 76b4780b5fefb45e2133125c5adc0ffb to remote] DEBUG org.asynchttpclient.netty.request.NettyRequestSender - Using pooled Channel '[id: 0x9685b241, L:/127.0.0.1:57927 - R:localhost/127.0.0.1:32912]' for 'POST' to 'http://localhost:32912/session/76b4780b5fefb45e2133125c5adc0ffb/url'
14:54:26.608 [Forwarding get on session 76b4780b5fefb45e2133125c5adc0ffb to remote] DEBUG org.asynchttpclient.netty.request.NettyRequestSender - Using open Channel [id: 0x9685b241, L:/127.0.0.1:57927 - R:localhost/127.0.0.1:32912] for POST '/session/76b4780b5fefb45e2133125c5adc0ffb/url'
14:54:26.971 [AsyncHttpClient-1-1] DEBUG org.asynchttpclient.netty.channel.DefaultChannelPool - Entry count for : http://localhost:57929 : 1
14:54:28.074 [AsyncHttpClient-1-1] DEBUG org.asynchttpclient.netty.channel.DefaultChannelPool - Entry count for : http://localhost:57929 : 1
14:54:29.172 [AsyncHttpClient-1-1] DEBUG org.asynchttpclient.netty.channel.DefaultChannelPool - Entry count for : http://localhost:57929 : 1
14:54:30.272 [AsyncHttpClient-1-1] DEBUG org.asynchttpclient.netty.channel.DefaultChannelPool - Entry count for : http://localhost:57929 : 1
14:54:31.379 [AsyncHttpClient-1-1] DEBUG org.asynchttpclient.netty.channel.DefaultChannelPool - Entry count for : http://localhost:57929 : 1
14:54:32.472 [AsyncHttpClient-1-1] DEBUG org.asynchttpclient.netty.channel.DefaultChannelPool - Entry count for : http://localhost:57929 : 1
14:54:33.571 [AsyncHttpClient-1-1] DEBUG org.asynchttpclient.netty.channel.DefaultChannelPool - Entry count for : http://localhost:57929 : 1
14:54:34.671 [AsyncHttpClient-1-1] DEBUG org.asynchttpclient.netty.channel.DefaultChannelPool - Entry count for : http://localhost:57929 : 1
14:54:35.771 [AsyncHttpClient-1-1] DEBUG org.asynchttpclient.netty.channel.DefaultChannelPool - Entry count for : http://localhost:57929 : 1
14:54:36.877 [AsyncHttpClient-1-1] DEBUG org.asynchttpclient.netty.channel.DefaultChannelPool - Entry count for : http://localhost:57929 : 1
14:54:37.976 [AsyncHttpClient-1-1] DEBUG org.asynchttpclient.netty.channel.DefaultChannelPool - Entry count for : http://localhost:57929 : 1
14:54:39.071 [AsyncHttpClient-1-1] DEBUG org.asynchttpclient.netty.channel.DefaultChannelPool - Entry count for : http://localhost:57929 : 1
14:54:40.170 [AsyncHttpClient-1-1] DEBUG org.asynchttpclient.netty.channel.DefaultChannelPool - Entry count for : http://localhost:57929 : 1
14:54:41.271 [AsyncHttpClient-1-1] DEBUG org.asynchttpclient.netty.channel.DefaultChannelPool - Entry count for : http://localhost:57929 : 1
14:54:42.373 [AsyncHttpClient-1-1] DEBUG org.asynchttpclient.netty.channel.DefaultChannelPool - Entry count for : http://localhost:57929 : 1
14:54:43.470 [AsyncHttpClient-1-1] DEBUG org.asynchttpclient.netty.channel.DefaultChannelPool - Entry count for : http://localhost:57929 : 1
14:54:44.571 [AsyncHttpClient-1-1] DEBUG org.asynchttpclient.netty.channel.DefaultChannelPool - Entry count for : http://localhost:57929 : 1
14:54:45.675 [AsyncHttpClient-1-1] DEBUG org.asynchttpclient.netty.channel.DefaultChannelPool - Entry count for : http://localhost:57929 : 1
14:54:46.772 [AsyncHttpClient-1-1] DEBUG org.asynchttpclient.netty.channel.DefaultChannelPool - Entry count for : http://localhost:57929 : 1
14:54:47.876 [AsyncHttpClient-1-1] DEBUG org.asynchttpclient.netty.channel.DefaultChannelPool - Entry count for : http://localhost:57929 : 1
14:54:48.979 [AsyncHttpClient-1-1] DEBUG org.asynchttpclient.netty.channel.DefaultChannelPool - Entry count for : http://localhost:57929 : 1
14:54:49.962 [AsyncHttpClient-1-2] DEBUG org.asynchttpclient.netty.handler.HttpHandler - 

Request DefaultHttpRequest(decodeResult: success, version: HTTP/1.1)
POST /session/76b4780b5fefb45e2133125c5adc0ffb/url HTTP/1.1
User-Agent: selenium/4.12.0 (java windows)
Content-Length: 92
Content-Type: application/json; charset=utf-8
host: localhost:32912
accept: */*

Response DefaultHttpResponse(decodeResult: success, version: HTTP/1.1)
HTTP/1.1 200 OK
Content-Length: 14
Content-Type: application/json; charset=utf-8
cache-control: no-cache

14:54:49.962 [AsyncHttpClient-1-2] DEBUG org.asynchttpclient.netty.channel.ChannelManager - Adding key: http://localhost:32912 for channel [id: 0x9685b241, L:/127.0.0.1:57927 - R:localhost/127.0.0.1:32912]
14:54:49.970 [Forwarding maximizeCurrentWindow on session 76b4780b5fefb45e2133125c5adc0ffb to remote] DEBUG org.asynchttpclient.netty.request.NettyRequestSender - Using pooled Channel '[id: 0x9685b241, L:/127.0.0.1:57927 - R:localhost/127.0.0.1:32912]' for 'POST' to 'http://localhost:32912/session/76b4780b5fefb45e2133125c5adc0ffb/window/maximize'
14:54:49.970 [Forwarding maximizeCurrentWindow on session 76b4780b5fefb45e2133125c5adc0ffb to remote] DEBUG org.asynchttpclient.netty.request.NettyRequestSender - Using open Channel [id: 0x9685b241, L:/127.0.0.1:57927 - R:localhost/127.0.0.1:32912] for POST '/session/76b4780b5fefb45e2133125c5adc0ffb/window/maximize'
14:54:50.072 [AsyncHttpClient-1-1] DEBUG org.asynchttpclient.netty.channel.DefaultChannelPool - Entry count for : http://localhost:57929 : 1
14:54:50.090 [AsyncHttpClient-1-2] DEBUG org.asynchttpclient.netty.handler.HttpHandler - 

Request DefaultHttpRequest(decodeResult: success, version: HTTP/1.1)
POST /session/76b4780b5fefb45e2133125c5adc0ffb/window/maximize HTTP/1.1
User-Agent: selenium/4.12.0 (java windows)
Content-Length: 3
Content-Type: application/json; charset=utf-8
host: localhost:32912
accept: */*

Response DefaultHttpResponse(decodeResult: success, version: HTTP/1.1)
HTTP/1.1 200 OK
Content-Length: 51
Content-Type: application/json; charset=utf-8
cache-control: no-cache

14:54:50.090 [AsyncHttpClient-1-2] DEBUG org.asynchttpclient.netty.channel.ChannelManager - Adding key: http://localhost:32912 for channel [id: 0x9685b241, L:/127.0.0.1:57927 - R:localhost/127.0.0.1:32912]
14:54:50.131 [Forwarding findElement on session 76b4780b5fefb45e2133125c5adc0ffb to remote] DEBUG org.asynchttpclient.netty.request.NettyRequestSender - Using pooled Channel '[id: 0x9685b241, L:/127.0.0.1:57927 - R:localhost/127.0.0.1:32912]' for 'POST' to 'http://localhost:32912/session/76b4780b5fefb45e2133125c5adc0ffb/element'
14:54:50.131 [Forwarding findElement on session 76b4780b5fefb45e2133125c5adc0ffb to remote] DEBUG org.asynchttpclient.netty.request.NettyRequestSender - Using open Channel [id: 0x9685b241, L:/127.0.0.1:57927 - R:localhost/127.0.0.1:32912] for POST '/session/76b4780b5fefb45e2133125c5adc0ffb/element'
14:54:50.157 [AsyncHttpClient-1-2] DEBUG org.asynchttpclient.netty.handler.HttpHandler - 

Request DefaultHttpRequest(decodeResult: success, version: HTTP/1.1)
POST /session/76b4780b5fefb45e2133125c5adc0ffb/element HTTP/1.1
User-Agent: selenium/4.12.0 (java windows)
Content-Length: 69
Content-Type: application/json; charset=utf-8
host: localhost:32912
accept: */*

Response DefaultHttpResponse(decodeResult: success, version: HTTP/1.1)
HTTP/1.1 200 OK
Content-Length: 125
Content-Type: application/json; charset=utf-8
cache-control: no-cache

14:54:50.158 [AsyncHttpClient-1-2] DEBUG org.asynchttpclient.netty.channel.ChannelManager - Adding key: http://localhost:32912 for channel [id: 0x9685b241, L:/127.0.0.1:57927 - R:localhost/127.0.0.1:32912]
14:54:50.170 [Forwarding sendKeysToElement on session 76b4780b5fefb45e2133125c5adc0ffb to remote] DEBUG org.asynchttpclient.netty.request.NettyRequestSender - Using pooled Channel '[id: 0x9685b241, L:/127.0.0.1:57927 - R:localhost/127.0.0.1:32912]' for 'POST' to 'http://localhost:32912/session/76b4780b5fefb45e2133125c5adc0ffb/element/f.B5D6EC8C5694FCBBF5093D8B92B75E26.d.53CCA49712BCFDDD08DFE9FBB273FC81.e.4/value'
14:54:50.170 [Forwarding sendKeysToElement on session 76b4780b5fefb45e2133125c5adc0ffb to remote] DEBUG org.asynchttpclient.netty.request.NettyRequestSender - Using open Channel [id: 0x9685b241, L:/127.0.0.1:57927 - R:localhost/127.0.0.1:32912] for POST '/session/76b4780b5fefb45e2133125c5adc0ffb/element/f.B5D6EC8C5694FCBBF5093D8B92B75E26.d.53CCA49712BCFDDD08DFE9FBB273FC81.e.4/value'
14:54:50.381 [AsyncHttpClient-1-2] DEBUG org.asynchttpclient.netty.handler.HttpHandler - 

Request DefaultHttpRequest(decodeResult: success, version: HTTP/1.1)
POST /session/76b4780b5fefb45e2133125c5adc0ffb/element/f.B5D6EC8C5694FCBBF5093D8B92B75E26.d.53CCA49712BCFDDD08DFE9FBB273FC81.e.4/value HTTP/1.1
User-Agent: selenium/4.12.0 (java windows)
Content-Length: 338
Content-Type: application/json; charset=utf-8
host: localhost:32912
accept: */*

Response DefaultHttpResponse(decodeResult: success, version: HTTP/1.1)
HTTP/1.1 200 OK
Content-Length: 14
Content-Type: application/json; charset=utf-8
cache-control: no-cache

14:54:50.382 [AsyncHttpClient-1-2] DEBUG org.asynchttpclient.netty.channel.ChannelManager - Adding key: http://localhost:32912 for channel [id: 0x9685b241, L:/127.0.0.1:57927 - R:localhost/127.0.0.1:32912]
14:54:50.385 [Forwarding findElement on session 76b4780b5fefb45e2133125c5adc0ffb to remote] DEBUG org.asynchttpclient.netty.request.NettyRequestSender - Using pooled Channel '[id: 0x9685b241, L:/127.0.0.1:57927 - R:localhost/127.0.0.1:32912]' for 'POST' to 'http://localhost:32912/session/76b4780b5fefb45e2133125c5adc0ffb/element'
14:54:50.385 [Forwarding findElement on session 76b4780b5fefb45e2133125c5adc0ffb to remote] DEBUG org.asynchttpclient.netty.request.NettyRequestSender - Using open Channel [id: 0x9685b241, L:/127.0.0.1:57927 - R:localhost/127.0.0.1:32912] for POST '/session/76b4780b5fefb45e2133125c5adc0ffb/element'
14:54:50.400 [AsyncHttpClient-1-2] DEBUG org.asynchttpclient.netty.handler.HttpHandler - 

Request DefaultHttpRequest(decodeResult: success, version: HTTP/1.1)
POST /session/76b4780b5fefb45e2133125c5adc0ffb/element HTTP/1.1
User-Agent: selenium/4.12.0 (java windows)
Content-Length: 72
Content-Type: application/json; charset=utf-8
host: localhost:32912
accept: */*

Response DefaultHttpResponse(decodeResult: success, version: HTTP/1.1)
HTTP/1.1 200 OK
Content-Length: 125
Content-Type: application/json; charset=utf-8
cache-control: no-cache

14:54:50.401 [AsyncHttpClient-1-2] DEBUG org.asynchttpclient.netty.channel.ChannelManager - Adding key: http://localhost:32912 for channel [id: 0x9685b241, L:/127.0.0.1:57927 - R:localhost/127.0.0.1:32912]
14:54:50.404 [Forwarding sendKeysToElement on session 76b4780b5fefb45e2133125c5adc0ffb to remote] DEBUG org.asynchttpclient.netty.request.NettyRequestSender - Using pooled Channel '[id: 0x9685b241, L:/127.0.0.1:57927 - R:localhost/127.0.0.1:32912]' for 'POST' to 'http://localhost:32912/session/76b4780b5fefb45e2133125c5adc0ffb/element/f.B5D6EC8C5694FCBBF5093D8B92B75E26.d.53CCA49712BCFDDD08DFE9FBB273FC81.e.6/value'
14:54:50.404 [Forwarding sendKeysToElement on session 76b4780b5fefb45e2133125c5adc0ffb to remote] DEBUG org.asynchttpclient.netty.request.NettyRequestSender - Using open Channel [id: 0x9685b241, L:/127.0.0.1:57927 - R:localhost/127.0.0.1:32912] for POST '/session/76b4780b5fefb45e2133125c5adc0ffb/element/f.B5D6EC8C5694FCBBF5093D8B92B75E26.d.53CCA49712BCFDDD08DFE9FBB273FC81.e.6/value'
14:54:50.509 [AsyncHttpClient-1-2] DEBUG org.asynchttpclient.netty.handler.HttpHandler - 

Request DefaultHttpRequest(decodeResult: success, version: HTTP/1.1)
POST /session/76b4780b5fefb45e2133125c5adc0ffb/element/f.B5D6EC8C5694FCBBF5093D8B92B75E26.d.53CCA49712BCFDDD08DFE9FBB273FC81.e.6/value HTTP/1.1
User-Agent: selenium/4.12.0 (java windows)
Content-Length: 208
Content-Type: application/json; charset=utf-8
host: localhost:32912
accept: */*

Response DefaultHttpResponse(decodeResult: success, version: HTTP/1.1)
HTTP/1.1 200 OK
Content-Length: 14
Content-Type: application/json; charset=utf-8
cache-control: no-cache

14:54:50.510 [AsyncHttpClient-1-2] DEBUG org.asynchttpclient.netty.channel.ChannelManager - Adding key: http://localhost:32912 for channel [id: 0x9685b241, L:/127.0.0.1:57927 - R:localhost/127.0.0.1:32912]
14:54:50.514 [Forwarding findElement on session 76b4780b5fefb45e2133125c5adc0ffb to remote] DEBUG org.asynchttpclient.netty.request.NettyRequestSender - Using pooled Channel '[id: 0x9685b241, L:/127.0.0.1:57927 - R:localhost/127.0.0.1:32912]' for 'POST' to 'http://localhost:32912/session/76b4780b5fefb45e2133125c5adc0ffb/element'
14:54:50.514 [Forwarding findElement on session 76b4780b5fefb45e2133125c5adc0ffb to remote] DEBUG org.asynchttpclient.netty.request.NettyRequestSender - Using open Channel [id: 0x9685b241, L:/127.0.0.1:57927 - R:localhost/127.0.0.1:32912] for POST '/session/76b4780b5fefb45e2133125c5adc0ffb/element'
14:54:50.536 [AsyncHttpClient-1-2] DEBUG org.asynchttpclient.netty.handler.HttpHandler - 

Request DefaultHttpRequest(decodeResult: success, version: HTTP/1.1)
POST /session/76b4780b5fefb45e2133125c5adc0ffb/element HTTP/1.1
User-Agent: selenium/4.12.0 (java windows)
Content-Length: 73
Content-Type: application/json; charset=utf-8
host: localhost:32912
accept: */*

Response DefaultHttpResponse(decodeResult: success, version: HTTP/1.1)
HTTP/1.1 200 OK
Content-Length: 125
Content-Type: application/json; charset=utf-8
cache-control: no-cache

14:54:50.537 [AsyncHttpClient-1-2] DEBUG org.asynchttpclient.netty.channel.ChannelManager - Adding key: http://localhost:32912 for channel [id: 0x9685b241, L:/127.0.0.1:57927 - R:localhost/127.0.0.1:32912]
14:54:50.540 [Forwarding clickElement on session 76b4780b5fefb45e2133125c5adc0ffb to remote] DEBUG org.asynchttpclient.netty.request.NettyRequestSender - Using pooled Channel '[id: 0x9685b241, L:/127.0.0.1:57927 - R:localhost/127.0.0.1:32912]' for 'POST' to 'http://localhost:32912/session/76b4780b5fefb45e2133125c5adc0ffb/element/f.B5D6EC8C5694FCBBF5093D8B92B75E26.d.53CCA49712BCFDDD08DFE9FBB273FC81.e.8/click'
14:54:50.540 [Forwarding clickElement on session 76b4780b5fefb45e2133125c5adc0ffb to remote] DEBUG org.asynchttpclient.netty.request.NettyRequestSender - Using open Channel [id: 0x9685b241, L:/127.0.0.1:57927 - R:localhost/127.0.0.1:32912] for POST '/session/76b4780b5fefb45e2133125c5adc0ffb/element/f.B5D6EC8C5694FCBBF5093D8B92B75E26.d.53CCA49712BCFDDD08DFE9FBB273FC81.e.8/click'
14:54:50.710 [AsyncHttpClient-1-2] DEBUG org.asynchttpclient.netty.handler.HttpHandler - 

Request DefaultHttpRequest(decodeResult: success, version: HTTP/1.1)
POST /session/76b4780b5fefb45e2133125c5adc0ffb/element/f.B5D6EC8C5694FCBBF5093D8B92B75E26.d.53CCA49712BCFDDD08DFE9FBB273FC81.e.8/click HTTP/1.1
User-Agent: selenium/4.12.0 (java windows)
Content-Length: 87
Content-Type: application/json; charset=utf-8
host: localhost:32912
accept: */*

Response DefaultHttpResponse(decodeResult: success, version: HTTP/1.1)
HTTP/1.1 200 OK
Content-Length: 14
Content-Type: application/json; charset=utf-8
cache-control: no-cache

14:54:50.711 [AsyncHttpClient-1-2] DEBUG org.asynchttpclient.netty.channel.ChannelManager - Adding key: http://localhost:32912 for channel [id: 0x9685b241, L:/127.0.0.1:57927 - R:localhost/127.0.0.1:32912]
14:54:51.178 [AsyncHttpClient-1-1] DEBUG org.asynchttpclient.netty.channel.DefaultChannelPool - Entry count for : http://localhost:32912 : 1
14:54:51.178 [AsyncHttpClient-1-1] DEBUG org.asynchttpclient.netty.channel.DefaultChannelPool - Entry count for : http://localhost:57929 : 1
14:54:52.272 [AsyncHttpClient-1-1] DEBUG org.asynchttpclient.netty.channel.DefaultChannelPool - Entry count for : http://localhost:32912 : 1
14:54:52.272 [AsyncHttpClient-1-1] DEBUG org.asynchttpclient.netty.channel.DefaultChannelPool - Entry count for : http://localhost:57929 : 1
14:54:53.378 [AsyncHttpClient-1-1] DEBUG org.asynchttpclient.netty.channel.DefaultChannelPool - Entry count for : http://localhost:32912 : 1
14:54:53.379 [AsyncHttpClient-1-1] DEBUG org.asynchttpclient.netty.channel.DefaultChannelPool - Entry count for : http://localhost:57929 : 1
14:54:54.471 [AsyncHttpClient-1-1] DEBUG org.asynchttpclient.netty.channel.DefaultChannelPool - Entry count for : http://localhost:32912 : 1
14:54:54.471 [AsyncHttpClient-1-1] DEBUG org.asynchttpclient.netty.channel.DefaultChannelPool - Entry count for : http://localhost:57929 : 1
14:54:55.572 [AsyncHttpClient-1-1] DEBUG org.asynchttpclient.netty.channel.DefaultChannelPool - Entry count for : http://localhost:32912 : 1
14:54:55.572 [AsyncHttpClient-1-1] DEBUG org.asynchttpclient.netty.channel.DefaultChannelPool - Entry count for : http://localhost:57929 : 1
14:54:55.725 [Forwarding getCurrentUrl on session 76b4780b5fefb45e2133125c5adc0ffb to remote] DEBUG org.asynchttpclient.netty.request.NettyRequestSender - Using pooled Channel '[id: 0x9685b241, L:/127.0.0.1:57927 - R:localhost/127.0.0.1:32912]' for 'GET' to 'http://localhost:32912/session/76b4780b5fefb45e2133125c5adc0ffb/url'
14:54:55.726 [Forwarding getCurrentUrl on session 76b4780b5fefb45e2133125c5adc0ffb to remote] DEBUG org.asynchttpclient.netty.request.NettyRequestSender - Using open Channel [id: 0x9685b241, L:/127.0.0.1:57927 - R:localhost/127.0.0.1:32912] for GET '/session/76b4780b5fefb45e2133125c5adc0ffb/url'
14:54:55.734 [AsyncHttpClient-1-2] DEBUG org.asynchttpclient.netty.handler.HttpHandler - 

Request DefaultFullHttpRequest(decodeResult: success, version: HTTP/1.1, content: EmptyByteBufBE)
GET /session/76b4780b5fefb45e2133125c5adc0ffb/url HTTP/1.1
Cache-Control: no-cache
User-Agent: selenium/4.12.0 (java windows)
Content-Type: application/json; charset=utf-8
host: localhost:32912
accept: */*

Response DefaultHttpResponse(decodeResult: success, version: HTTP/1.1)
HTTP/1.1 200 OK
Content-Length: 69
Content-Type: application/json; charset=utf-8
cache-control: no-cache

14:54:55.735 [AsyncHttpClient-1-2] DEBUG org.asynchttpclient.netty.channel.ChannelManager - Adding key: http://localhost:32912 for channel [id: 0x9685b241, L:/127.0.0.1:57927 - R:localhost/127.0.0.1:32912]
https://fleet-manager-development.vercel.app/auth/sign-in
14:54:55.738 [Forwarding findElement on session 76b4780b5fefb45e2133125c5adc0ffb to remote] DEBUG org.asynchttpclient.netty.request.NettyRequestSender - Using pooled Channel '[id: 0x9685b241, L:/127.0.0.1:57927 - R:localhost/127.0.0.1:32912]' for 'POST' to 'http://localhost:32912/session/76b4780b5fefb45e2133125c5adc0ffb/element'
14:54:55.738 [Forwarding findElement on session 76b4780b5fefb45e2133125c5adc0ffb to remote] DEBUG org.asynchttpclient.netty.request.NettyRequestSender - Using open Channel [id: 0x9685b241, L:/127.0.0.1:57927 - R:localhost/127.0.0.1:32912] for POST '/session/76b4780b5fefb45e2133125c5adc0ffb/element'
14:54:55.755 [AsyncHttpClient-1-2] DEBUG org.asynchttpclient.netty.handler.HttpHandler - 

Request DefaultHttpRequest(decodeResult: success, version: HTTP/1.1)
POST /session/76b4780b5fefb45e2133125c5adc0ffb/element HTTP/1.1
User-Agent: selenium/4.12.0 (java windows)
Content-Length: 66
Content-Type: application/json; charset=utf-8
host: localhost:32912
accept: */*

Response DefaultHttpResponse(decodeResult: success, version: HTTP/1.1)
HTTP/1.1 200 OK
Content-Length: 126
Content-Type: application/json; charset=utf-8
cache-control: no-cache

14:54:55.756 [AsyncHttpClient-1-2] DEBUG org.asynchttpclient.netty.channel.ChannelManager - Adding key: http://localhost:32912 for channel [id: 0x9685b241, L:/127.0.0.1:57927 - R:localhost/127.0.0.1:32912]
14:54:55.773 [Forwarding isElementDisplayed on session 76b4780b5fefb45e2133125c5adc0ffb to remote] DEBUG org.asynchttpclient.netty.request.NettyRequestSender - Using pooled Channel '[id: 0x9685b241, L:/127.0.0.1:57927 - R:localhost/127.0.0.1:32912]' for 'POST' to 'http://localhost:32912/session/76b4780b5fefb45e2133125c5adc0ffb/execute/sync'
14:54:55.773 [Forwarding isElementDisplayed on session 76b4780b5fefb45e2133125c5adc0ffb to remote] DEBUG org.asynchttpclient.netty.request.NettyRequestSender - Using open Channel [id: 0x9685b241, L:/127.0.0.1:57927 - R:localhost/127.0.0.1:32912] for POST '/session/76b4780b5fefb45e2133125c5adc0ffb/execute/sync'
14:54:55.796 [AsyncHttpClient-1-2] DEBUG org.asynchttpclient.netty.handler.HttpHandler - 

Request DefaultHttpRequest(decodeResult: success, version: HTTP/1.1)
POST /session/76b4780b5fefb45e2133125c5adc0ffb/execute/sync HTTP/1.1
User-Agent: selenium/4.12.0 (java windows)
Content-Length: 48734
Content-Type: application/json; charset=utf-8
host: localhost:32912
accept: */*

Response DefaultHttpResponse(decodeResult: success, version: HTTP/1.1)
HTTP/1.1 200 OK
Content-Length: 14
Content-Type: application/json; charset=utf-8
cache-control: no-cache

14:54:55.796 [AsyncHttpClient-1-2] DEBUG org.asynchttpclient.netty.channel.ChannelManager - Adding key: http://localhost:32912 for channel [id: 0x9685b241, L:/127.0.0.1:57927 - R:localhost/127.0.0.1:32912]
14:54:55.799 [Forwarding findElement on session 76b4780b5fefb45e2133125c5adc0ffb to remote] DEBUG org.asynchttpclient.netty.request.NettyRequestSender - Using pooled Channel '[id: 0x9685b241, L:/127.0.0.1:57927 - R:localhost/127.0.0.1:32912]' for 'POST' to 'http://localhost:32912/session/76b4780b5fefb45e2133125c5adc0ffb/element'
14:54:55.799 [Forwarding findElement on session 76b4780b5fefb45e2133125c5adc0ffb to remote] DEBUG org.asynchttpclient.netty.request.NettyRequestSender - Using open Channel [id: 0x9685b241, L:/127.0.0.1:57927 - R:localhost/127.0.0.1:32912] for POST '/session/76b4780b5fefb45e2133125c5adc0ffb/element'
14:54:55.830 [AsyncHttpClient-1-2] DEBUG org.asynchttpclient.netty.handler.HttpHandler - 

Request DefaultHttpRequest(decodeResult: success, version: HTTP/1.1)
POST /session/76b4780b5fefb45e2133125c5adc0ffb/element HTTP/1.1
User-Agent: selenium/4.12.0 (java windows)
Content-Length: 66
Content-Type: application/json; charset=utf-8
host: localhost:32912
accept: */*

Response DefaultHttpResponse(decodeResult: success, version: HTTP/1.1)
HTTP/1.1 200 OK
Content-Length: 126
Content-Type: application/json; charset=utf-8
cache-control: no-cache

14:54:55.830 [AsyncHttpClient-1-2] DEBUG org.asynchttpclient.netty.channel.ChannelManager - Adding key: http://localhost:32912 for channel [id: 0x9685b241, L:/127.0.0.1:57927 - R:localhost/127.0.0.1:32912]
14:54:55.834 [Forwarding getElementText on session 76b4780b5fefb45e2133125c5adc0ffb to remote] DEBUG org.asynchttpclient.netty.request.NettyRequestSender - Using pooled Channel '[id: 0x9685b241, L:/127.0.0.1:57927 - R:localhost/127.0.0.1:32912]' for 'GET' to 'http://localhost:32912/session/76b4780b5fefb45e2133125c5adc0ffb/element/f.B5D6EC8C5694FCBBF5093D8B92B75E26.d.53CCA49712BCFDDD08DFE9FBB273FC81.e.19/text'
14:54:55.834 [Forwarding getElementText on session 76b4780b5fefb45e2133125c5adc0ffb to remote] DEBUG org.asynchttpclient.netty.request.NettyRequestSender - Using open Channel [id: 0x9685b241, L:/127.0.0.1:57927 - R:localhost/127.0.0.1:32912] for GET '/session/76b4780b5fefb45e2133125c5adc0ffb/element/f.B5D6EC8C5694FCBBF5093D8B92B75E26.d.53CCA49712BCFDDD08DFE9FBB273FC81.e.19/text'
14:54:55.852 [AsyncHttpClient-1-2] DEBUG org.asynchttpclient.netty.handler.HttpHandler - 

Request DefaultFullHttpRequest(decodeResult: success, version: HTTP/1.1, content: EmptyByteBufBE)
GET /session/76b4780b5fefb45e2133125c5adc0ffb/element/f.B5D6EC8C5694FCBBF5093D8B92B75E26.d.53CCA49712BCFDDD08DFE9FBB273FC81.e.19/text HTTP/1.1
Cache-Control: no-cache
User-Agent: selenium/4.12.0 (java windows)
Content-Type: application/json; charset=utf-8
host: localhost:32912
accept: */*

Response DefaultHttpResponse(decodeResult: success, version: HTTP/1.1)
HTTP/1.1 200 OK
Content-Length: 33
Content-Type: application/json; charset=utf-8
cache-control: no-cache

14:54:55.853 [AsyncHttpClient-1-2] DEBUG org.asynchttpclient.netty.channel.ChannelManager - Adding key: http://localhost:32912 for channel [id: 0x9685b241, L:/127.0.0.1:57927 - R:localhost/127.0.0.1:32912]
14:54:55.859 [Forwarding findElement on session 76b4780b5fefb45e2133125c5adc0ffb to remote] DEBUG org.asynchttpclient.netty.request.NettyRequestSender - Using pooled Channel '[id: 0x9685b241, L:/127.0.0.1:57927 - R:localhost/127.0.0.1:32912]' for 'POST' to 'http://localhost:32912/session/76b4780b5fefb45e2133125c5adc0ffb/element'
14:54:55.860 [Forwarding findElement on session 76b4780b5fefb45e2133125c5adc0ffb to remote] DEBUG org.asynchttpclient.netty.request.NettyRequestSender - Using open Channel [id: 0x9685b241, L:/127.0.0.1:57927 - R:localhost/127.0.0.1:32912] for POST '/session/76b4780b5fefb45e2133125c5adc0ffb/element'
14:54:55.874 [AsyncHttpClient-1-2] DEBUG org.asynchttpclient.netty.handler.HttpHandler - 

Request DefaultHttpRequest(decodeResult: success, version: HTTP/1.1)
POST /session/76b4780b5fefb45e2133125c5adc0ffb/element HTTP/1.1
User-Agent: selenium/4.12.0 (java windows)
Content-Length: 74
Content-Type: application/json; charset=utf-8
host: localhost:32912
accept: */*

Response DefaultHttpResponse(decodeResult: success, version: HTTP/1.1)
HTTP/1.1 200 OK
Content-Length: 126
Content-Type: application/json; charset=utf-8
cache-control: no-cache

14:54:55.875 [AsyncHttpClient-1-2] DEBUG org.asynchttpclient.netty.channel.ChannelManager - Adding key: http://localhost:32912 for channel [id: 0x9685b241, L:/127.0.0.1:57927 - R:localhost/127.0.0.1:32912]
14:54:55.878 [Forwarding clickElement on session 76b4780b5fefb45e2133125c5adc0ffb to remote] DEBUG org.asynchttpclient.netty.request.NettyRequestSender - Using pooled Channel '[id: 0x9685b241, L:/127.0.0.1:57927 - R:localhost/127.0.0.1:32912]' for 'POST' to 'http://localhost:32912/session/76b4780b5fefb45e2133125c5adc0ffb/element/f.B5D6EC8C5694FCBBF5093D8B92B75E26.d.53CCA49712BCFDDD08DFE9FBB273FC81.e.20/click'
14:54:55.878 [Forwarding clickElement on session 76b4780b5fefb45e2133125c5adc0ffb to remote] DEBUG org.asynchttpclient.netty.request.NettyRequestSender - Using open Channel [id: 0x9685b241, L:/127.0.0.1:57927 - R:localhost/127.0.0.1:32912] for POST '/session/76b4780b5fefb45e2133125c5adc0ffb/element/f.B5D6EC8C5694FCBBF5093D8B92B75E26.d.53CCA49712BCFDDD08DFE9FBB273FC81.e.20/click'
14:54:55.960 [AsyncHttpClient-1-2] DEBUG org.asynchttpclient.netty.handler.HttpHandler - 

Request DefaultHttpRequest(decodeResult: success, version: HTTP/1.1)
POST /session/76b4780b5fefb45e2133125c5adc0ffb/element/f.B5D6EC8C5694FCBBF5093D8B92B75E26.d.53CCA49712BCFDDD08DFE9FBB273FC81.e.20/click HTTP/1.1
User-Agent: selenium/4.12.0 (java windows)
Content-Length: 88
Content-Type: application/json; charset=utf-8
host: localhost:32912
accept: */*

Response DefaultHttpResponse(decodeResult: success, version: HTTP/1.1)
HTTP/1.1 200 OK
Content-Length: 14
Content-Type: application/json; charset=utf-8
cache-control: no-cache

14:54:55.962 [AsyncHttpClient-1-2] DEBUG org.asynchttpclient.netty.channel.ChannelManager - Adding key: http://localhost:32912 for channel [id: 0x9685b241, L:/127.0.0.1:57927 - R:localhost/127.0.0.1:32912]
14:54:56.672 [AsyncHttpClient-1-1] DEBUG org.asynchttpclient.netty.channel.DefaultChannelPool - Entry count for : http://localhost:32912 : 1
14:54:56.672 [AsyncHttpClient-1-1] DEBUG org.asynchttpclient.netty.channel.DefaultChannelPool - Entry count for : http://localhost:57929 : 1
14:54:57.771 [AsyncHttpClient-1-1] DEBUG org.asynchttpclient.netty.channel.DefaultChannelPool - Entry count for : http://localhost:32912 : 1
14:54:57.771 [AsyncHttpClient-1-1] DEBUG org.asynchttpclient.netty.channel.DefaultChannelPool - Entry count for : http://localhost:57929 : 1
14:54:58.870 [AsyncHttpClient-1-1] DEBUG org.asynchttpclient.netty.channel.DefaultChannelPool - Entry count for : http://localhost:32912 : 1
14:54:58.870 [AsyncHttpClient-1-1] DEBUG org.asynchttpclient.netty.channel.DefaultChannelPool - Entry count for : http://localhost:57929 : 1
14:54:58.973 [Forwarding screenshot on session 76b4780b5fefb45e2133125c5adc0ffb to remote] DEBUG org.asynchttpclient.netty.request.NettyRequestSender - Using pooled Channel '[id: 0x9685b241, L:/127.0.0.1:57927 - R:localhost/127.0.0.1:32912]' for 'GET' to 'http://localhost:32912/session/76b4780b5fefb45e2133125c5adc0ffb/screenshot'
14:54:58.973 [Forwarding screenshot on session 76b4780b5fefb45e2133125c5adc0ffb to remote] DEBUG org.asynchttpclient.netty.request.NettyRequestSender - Using open Channel [id: 0x9685b241, L:/127.0.0.1:57927 - R:localhost/127.0.0.1:32912] for GET '/session/76b4780b5fefb45e2133125c5adc0ffb/screenshot'
14:54:59.159 [AsyncHttpClient-1-2] DEBUG org.asynchttpclient.netty.handler.HttpHandler - 

Request DefaultFullHttpRequest(decodeResult: success, version: HTTP/1.1, content: EmptyByteBufBE)
GET /session/76b4780b5fefb45e2133125c5adc0ffb/screenshot HTTP/1.1
Cache-Control: no-cache
User-Agent: selenium/4.12.0 (java windows)
Content-Type: application/json; charset=utf-8
host: localhost:32912
accept: */*

Response DefaultHttpResponse(decodeResult: success, version: HTTP/1.1)
HTTP/1.1 200 OK
Content-Length: 233672
Content-Type: application/json; charset=utf-8
cache-control: no-cache

14:54:59.164 [AsyncHttpClient-1-2] DEBUG org.asynchttpclient.netty.channel.ChannelManager - Adding key: http://localhost:32912 for channel [id: 0x9685b241, L:/127.0.0.1:57927 - R:localhost/127.0.0.1:32912]
  Given I am on dashboardfokisaj290@edectus.com and Fleet@123             # StepDefination.Customer_onboarding.I_am_on_dashboard(java.lang.String,java.lang.String)
14:54:59.242 [Forwarding findElement on session 76b4780b5fefb45e2133125c5adc0ffb to remote] DEBUG org.asynchttpclient.netty.request.NettyRequestSender - Using pooled Channel '[id: 0x9685b241, L:/127.0.0.1:57927 - R:localhost/127.0.0.1:32912]' for 'POST' to 'http://localhost:32912/session/76b4780b5fefb45e2133125c5adc0ffb/element'
14:54:59.243 [Forwarding findElement on session 76b4780b5fefb45e2133125c5adc0ffb to remote] DEBUG org.asynchttpclient.netty.request.NettyRequestSender - Using open Channel [id: 0x9685b241, L:/127.0.0.1:57927 - R:localhost/127.0.0.1:32912] for POST '/session/76b4780b5fefb45e2133125c5adc0ffb/element'
14:54:59.267 [AsyncHttpClient-1-2] DEBUG org.asynchttpclient.netty.handler.HttpHandler - 

Request DefaultHttpRequest(decodeResult: success, version: HTTP/1.1)
POST /session/76b4780b5fefb45e2133125c5adc0ffb/element HTTP/1.1
User-Agent: selenium/4.12.0 (java windows)
Content-Length: 127
Content-Type: application/json; charset=utf-8
host: localhost:32912
accept: */*

Response DefaultHttpResponse(decodeResult: success, version: HTTP/1.1)
HTTP/1.1 200 OK
Content-Length: 126
Content-Type: application/json; charset=utf-8
cache-control: no-cache

14:54:59.268 [AsyncHttpClient-1-2] DEBUG org.asynchttpclient.netty.channel.ChannelManager - Adding key: http://localhost:32912 for channel [id: 0x9685b241, L:/127.0.0.1:57927 - R:localhost/127.0.0.1:32912]
14:54:59.272 [Forwarding getElementText on session 76b4780b5fefb45e2133125c5adc0ffb to remote] DEBUG org.asynchttpclient.netty.request.NettyRequestSender - Using pooled Channel '[id: 0x9685b241, L:/127.0.0.1:57927 - R:localhost/127.0.0.1:32912]' for 'GET' to 'http://localhost:32912/session/76b4780b5fefb45e2133125c5adc0ffb/element/f.B5D6EC8C5694FCBBF5093D8B92B75E26.d.5141E45403B25B951BA30FEFE2AE2DC4.e.42/text'
14:54:59.272 [Forwarding getElementText on session 76b4780b5fefb45e2133125c5adc0ffb to remote] DEBUG org.asynchttpclient.netty.request.NettyRequestSender - Using open Channel [id: 0x9685b241, L:/127.0.0.1:57927 - R:localhost/127.0.0.1:32912] for GET '/session/76b4780b5fefb45e2133125c5adc0ffb/element/f.B5D6EC8C5694FCBBF5093D8B92B75E26.d.5141E45403B25B951BA30FEFE2AE2DC4.e.42/text'
14:54:59.292 [AsyncHttpClient-1-2] DEBUG org.asynchttpclient.netty.handler.HttpHandler - 

Request DefaultFullHttpRequest(decodeResult: success, version: HTTP/1.1, content: EmptyByteBufBE)
GET /session/76b4780b5fefb45e2133125c5adc0ffb/element/f.B5D6EC8C5694FCBBF5093D8B92B75E26.d.5141E45403B25B951BA30FEFE2AE2DC4.e.42/text HTTP/1.1
Cache-Control: no-cache
User-Agent: selenium/4.12.0 (java windows)
Content-Type: application/json; charset=utf-8
host: localhost:32912
accept: */*

Response DefaultHttpResponse(decodeResult: success, version: HTTP/1.1)
HTTP/1.1 200 OK
Content-Length: 21
Content-Type: application/json; charset=utf-8
cache-control: no-cache

14:54:59.293 [AsyncHttpClient-1-2] DEBUG org.asynchttpclient.netty.channel.ChannelManager - Adding key: http://localhost:32912 for channel [id: 0x9685b241, L:/127.0.0.1:57927 - R:localhost/127.0.0.1:32912]
14:54:59.296 [Forwarding findElement on session 76b4780b5fefb45e2133125c5adc0ffb to remote] DEBUG org.asynchttpclient.netty.request.NettyRequestSender - Using pooled Channel '[id: 0x9685b241, L:/127.0.0.1:57927 - R:localhost/127.0.0.1:32912]' for 'POST' to 'http://localhost:32912/session/76b4780b5fefb45e2133125c5adc0ffb/element'
14:54:59.297 [Forwarding findElement on session 76b4780b5fefb45e2133125c5adc0ffb to remote] DEBUG org.asynchttpclient.netty.request.NettyRequestSender - Using open Channel [id: 0x9685b241, L:/127.0.0.1:57927 - R:localhost/127.0.0.1:32912] for POST '/session/76b4780b5fefb45e2133125c5adc0ffb/element'
14:54:59.314 [AsyncHttpClient-1-2] DEBUG org.asynchttpclient.netty.handler.HttpHandler - 

Request DefaultHttpRequest(decodeResult: success, version: HTTP/1.1)
POST /session/76b4780b5fefb45e2133125c5adc0ffb/element HTTP/1.1
User-Agent: selenium/4.12.0 (java windows)
Content-Length: 127
Content-Type: application/json; charset=utf-8
host: localhost:32912
accept: */*

Response DefaultHttpResponse(decodeResult: success, version: HTTP/1.1)
HTTP/1.1 200 OK
Content-Length: 126
Content-Type: application/json; charset=utf-8
cache-control: no-cache

14:54:59.315 [AsyncHttpClient-1-2] DEBUG org.asynchttpclient.netty.channel.ChannelManager - Adding key: http://localhost:32912 for channel [id: 0x9685b241, L:/127.0.0.1:57927 - R:localhost/127.0.0.1:32912]
14:54:59.319 [Forwarding clickElement on session 76b4780b5fefb45e2133125c5adc0ffb to remote] DEBUG org.asynchttpclient.netty.request.NettyRequestSender - Using pooled Channel '[id: 0x9685b241, L:/127.0.0.1:57927 - R:localhost/127.0.0.1:32912]' for 'POST' to 'http://localhost:32912/session/76b4780b5fefb45e2133125c5adc0ffb/element/f.B5D6EC8C5694FCBBF5093D8B92B75E26.d.5141E45403B25B951BA30FEFE2AE2DC4.e.42/click'
14:54:59.319 [Forwarding clickElement on session 76b4780b5fefb45e2133125c5adc0ffb to remote] DEBUG org.asynchttpclient.netty.request.NettyRequestSender - Using open Channel [id: 0x9685b241, L:/127.0.0.1:57927 - R:localhost/127.0.0.1:32912] for POST '/session/76b4780b5fefb45e2133125c5adc0ffb/element/f.B5D6EC8C5694FCBBF5093D8B92B75E26.d.5141E45403B25B951BA30FEFE2AE2DC4.e.42/click'
14:54:59.455 [AsyncHttpClient-1-2] DEBUG org.asynchttpclient.netty.handler.HttpHandler - 

Request DefaultHttpRequest(decodeResult: success, version: HTTP/1.1)
POST /session/76b4780b5fefb45e2133125c5adc0ffb/element/f.B5D6EC8C5694FCBBF5093D8B92B75E26.d.5141E45403B25B951BA30FEFE2AE2DC4.e.42/click HTTP/1.1
User-Agent: selenium/4.12.0 (java windows)
Content-Length: 88
Content-Type: application/json; charset=utf-8
host: localhost:32912
accept: */*

Response DefaultHttpResponse(decodeResult: success, version: HTTP/1.1)
HTTP/1.1 200 OK
Content-Length: 14
Content-Type: application/json; charset=utf-8
cache-control: no-cache

14:54:59.456 [AsyncHttpClient-1-2] DEBUG org.asynchttpclient.netty.channel.ChannelManager - Adding key: http://localhost:32912 for channel [id: 0x9685b241, L:/127.0.0.1:57927 - R:localhost/127.0.0.1:32912]
14:54:59.976 [AsyncHttpClient-1-1] DEBUG org.asynchttpclient.netty.channel.DefaultChannelPool - Entry count for : http://localhost:32912 : 1
14:54:59.976 [AsyncHttpClient-1-1] DEBUG org.asynchttpclient.netty.channel.DefaultChannelPool - Entry count for : http://localhost:57929 : 1
14:55:01.081 [AsyncHttpClient-1-1] DEBUG org.asynchttpclient.netty.channel.DefaultChannelPool - Entry count for : http://localhost:32912 : 1
14:55:01.081 [AsyncHttpClient-1-1] DEBUG org.asynchttpclient.netty.channel.DefaultChannelPool - Entry count for : http://localhost:57929 : 1
14:55:01.474 [Forwarding screenshot on session 76b4780b5fefb45e2133125c5adc0ffb to remote] DEBUG org.asynchttpclient.netty.request.NettyRequestSender - Using pooled Channel '[id: 0x9685b241, L:/127.0.0.1:57927 - R:localhost/127.0.0.1:32912]' for 'GET' to 'http://localhost:32912/session/76b4780b5fefb45e2133125c5adc0ffb/screenshot'
14:55:01.474 [Forwarding screenshot on session 76b4780b5fefb45e2133125c5adc0ffb to remote] DEBUG org.asynchttpclient.netty.request.NettyRequestSender - Using open Channel [id: 0x9685b241, L:/127.0.0.1:57927 - R:localhost/127.0.0.1:32912] for GET '/session/76b4780b5fefb45e2133125c5adc0ffb/screenshot'
14:55:01.681 [AsyncHttpClient-1-2] DEBUG org.asynchttpclient.netty.handler.HttpHandler - 

Request DefaultFullHttpRequest(decodeResult: success, version: HTTP/1.1, content: EmptyByteBufBE)
GET /session/76b4780b5fefb45e2133125c5adc0ffb/screenshot HTTP/1.1
Cache-Control: no-cache
User-Agent: selenium/4.12.0 (java windows)
Content-Type: application/json; charset=utf-8
host: localhost:32912
accept: */*

Response DefaultHttpResponse(decodeResult: success, version: HTTP/1.1)
HTTP/1.1 200 OK
Content-Length: 280040
Content-Type: application/json; charset=utf-8
cache-control: no-cache

14:55:01.681 [AsyncHttpClient-1-2] DEBUG org.asynchttpclient.netty.channel.ChannelManager - Adding key: http://localhost:32912 for channel [id: 0x9685b241, L:/127.0.0.1:57927 - R:localhost/127.0.0.1:32912]
14:55:01.712 [Forwarding findElement on session 76b4780b5fefb45e2133125c5adc0ffb to remote] DEBUG org.asynchttpclient.netty.request.NettyRequestSender - Using pooled Channel '[id: 0x9685b241, L:/127.0.0.1:57927 - R:localhost/127.0.0.1:32912]' for 'POST' to 'http://localhost:32912/session/76b4780b5fefb45e2133125c5adc0ffb/element'
14:55:01.712 [Forwarding findElement on session 76b4780b5fefb45e2133125c5adc0ffb to remote] DEBUG org.asynchttpclient.netty.request.NettyRequestSender - Using open Channel [id: 0x9685b241, L:/127.0.0.1:57927 - R:localhost/127.0.0.1:32912] for POST '/session/76b4780b5fefb45e2133125c5adc0ffb/element'
14:55:01.743 [AsyncHttpClient-1-2] DEBUG org.asynchttpclient.netty.handler.HttpHandler - 

Request DefaultHttpRequest(decodeResult: success, version: HTTP/1.1)
POST /session/76b4780b5fefb45e2133125c5adc0ffb/element HTTP/1.1
User-Agent: selenium/4.12.0 (java windows)
Content-Length: 178
Content-Type: application/json; charset=utf-8
host: localhost:32912
accept: */*

Response DefaultHttpResponse(decodeResult: success, version: HTTP/1.1)
HTTP/1.1 200 OK
Content-Length: 126
Content-Type: application/json; charset=utf-8
cache-control: no-cache

14:55:01.743 [AsyncHttpClient-1-2] DEBUG org.asynchttpclient.netty.channel.ChannelManager - Adding key: http://localhost:32912 for channel [id: 0x9685b241, L:/127.0.0.1:57927 - R:localhost/127.0.0.1:32912]
14:55:01.743 [Forwarding getElementText on session 76b4780b5fefb45e2133125c5adc0ffb to remote] DEBUG org.asynchttpclient.netty.request.NettyRequestSender - Using pooled Channel '[id: 0x9685b241, L:/127.0.0.1:57927 - R:localhost/127.0.0.1:32912]' for 'GET' to 'http://localhost:32912/session/76b4780b5fefb45e2133125c5adc0ffb/element/f.B5D6EC8C5694FCBBF5093D8B92B75E26.d.5141E45403B25B951BA30FEFE2AE2DC4.e.48/text'
14:55:01.743 [Forwarding getElementText on session 76b4780b5fefb45e2133125c5adc0ffb to remote] DEBUG org.asynchttpclient.netty.request.NettyRequestSender - Using open Channel [id: 0x9685b241, L:/127.0.0.1:57927 - R:localhost/127.0.0.1:32912] for GET '/session/76b4780b5fefb45e2133125c5adc0ffb/element/f.B5D6EC8C5694FCBBF5093D8B92B75E26.d.5141E45403B25B951BA30FEFE2AE2DC4.e.48/text'
14:55:01.775 [AsyncHttpClient-1-2] DEBUG org.asynchttpclient.netty.handler.HttpHandler - 

Request DefaultFullHttpRequest(decodeResult: success, version: HTTP/1.1, content: EmptyByteBufBE)
GET /session/76b4780b5fefb45e2133125c5adc0ffb/element/f.B5D6EC8C5694FCBBF5093D8B92B75E26.d.5141E45403B25B951BA30FEFE2AE2DC4.e.48/text HTTP/1.1
Cache-Control: no-cache
User-Agent: selenium/4.12.0 (java windows)
Content-Type: application/json; charset=utf-8
host: localhost:32912
accept: */*

Response DefaultHttpResponse(decodeResult: success, version: HTTP/1.1)
HTTP/1.1 200 OK
Content-Length: 28
Content-Type: application/json; charset=utf-8
cache-control: no-cache

14:55:01.775 [AsyncHttpClient-1-2] DEBUG org.asynchttpclient.netty.channel.ChannelManager - Adding key: http://localhost:32912 for channel [id: 0x9685b241, L:/127.0.0.1:57927 - R:localhost/127.0.0.1:32912]
14:55:01.783 [Forwarding findElement on session 76b4780b5fefb45e2133125c5adc0ffb to remote] DEBUG org.asynchttpclient.netty.request.NettyRequestSender - Using pooled Channel '[id: 0x9685b241, L:/127.0.0.1:57927 - R:localhost/127.0.0.1:32912]' for 'POST' to 'http://localhost:32912/session/76b4780b5fefb45e2133125c5adc0ffb/element'
14:55:01.783 [Forwarding findElement on session 76b4780b5fefb45e2133125c5adc0ffb to remote] DEBUG org.asynchttpclient.netty.request.NettyRequestSender - Using open Channel [id: 0x9685b241, L:/127.0.0.1:57927 - R:localhost/127.0.0.1:32912] for POST '/session/76b4780b5fefb45e2133125c5adc0ffb/element'
14:55:01.807 [AsyncHttpClient-1-2] DEBUG org.asynchttpclient.netty.handler.HttpHandler - 

Request DefaultHttpRequest(decodeResult: success, version: HTTP/1.1)
POST /session/76b4780b5fefb45e2133125c5adc0ffb/element HTTP/1.1
User-Agent: selenium/4.12.0 (java windows)
Content-Length: 178
Content-Type: application/json; charset=utf-8
host: localhost:32912
accept: */*

Response DefaultHttpResponse(decodeResult: success, version: HTTP/1.1)
HTTP/1.1 200 OK
Content-Length: 126
Content-Type: application/json; charset=utf-8
cache-control: no-cache

14:55:01.807 [AsyncHttpClient-1-2] DEBUG org.asynchttpclient.netty.channel.ChannelManager - Adding key: http://localhost:32912 for channel [id: 0x9685b241, L:/127.0.0.1:57927 - R:localhost/127.0.0.1:32912]
14:55:01.807 [Forwarding clickElement on session 76b4780b5fefb45e2133125c5adc0ffb to remote] DEBUG org.asynchttpclient.netty.request.NettyRequestSender - Using pooled Channel '[id: 0x9685b241, L:/127.0.0.1:57927 - R:localhost/127.0.0.1:32912]' for 'POST' to 'http://localhost:32912/session/76b4780b5fefb45e2133125c5adc0ffb/element/f.B5D6EC8C5694FCBBF5093D8B92B75E26.d.5141E45403B25B951BA30FEFE2AE2DC4.e.48/click'
14:55:01.807 [Forwarding clickElement on session 76b4780b5fefb45e2133125c5adc0ffb to remote] DEBUG org.asynchttpclient.netty.request.NettyRequestSender - Using open Channel [id: 0x9685b241, L:/127.0.0.1:57927 - R:localhost/127.0.0.1:32912] for POST '/session/76b4780b5fefb45e2133125c5adc0ffb/element/f.B5D6EC8C5694FCBBF5093D8B92B75E26.d.5141E45403B25B951BA30FEFE2AE2DC4.e.48/click'
14:55:01.969 [AsyncHttpClient-1-2] DEBUG org.asynchttpclient.netty.handler.HttpHandler - 

Request DefaultHttpRequest(decodeResult: success, version: HTTP/1.1)
POST /session/76b4780b5fefb45e2133125c5adc0ffb/element/f.B5D6EC8C5694FCBBF5093D8B92B75E26.d.5141E45403B25B951BA30FEFE2AE2DC4.e.48/click HTTP/1.1
User-Agent: selenium/4.12.0 (java windows)
Content-Length: 88
Content-Type: application/json; charset=utf-8
host: localhost:32912
accept: */*

Response DefaultHttpResponse(decodeResult: success, version: HTTP/1.1)
HTTP/1.1 200 OK
Content-Length: 14
Content-Type: application/json; charset=utf-8
cache-control: no-cache

14:55:01.974 [AsyncHttpClient-1-2] DEBUG org.asynchttpclient.netty.channel.ChannelManager - Adding key: http://localhost:32912 for channel [id: 0x9685b241, L:/127.0.0.1:57927 - R:localhost/127.0.0.1:32912]
  When Open customer form                                                 # StepDefination.Customer_onboarding.Open_customer_form()
14:55:02.178 [AsyncHttpClient-1-1] DEBUG org.asynchttpclient.netty.channel.DefaultChannelPool - Entry count for : http://localhost:32912 : 1
14:55:02.178 [AsyncHttpClient-1-1] DEBUG org.asynchttpclient.netty.channel.DefaultChannelPool - Entry count for : http://localhost:57929 : 1
14:55:03.004 [Forwarding findElement on session 76b4780b5fefb45e2133125c5adc0ffb to remote] DEBUG org.asynchttpclient.netty.request.NettyRequestSender - Using pooled Channel '[id: 0x9685b241, L:/127.0.0.1:57927 - R:localhost/127.0.0.1:32912]' for 'POST' to 'http://localhost:32912/session/76b4780b5fefb45e2133125c5adc0ffb/element'
14:55:03.004 [Forwarding findElement on session 76b4780b5fefb45e2133125c5adc0ffb to remote] DEBUG org.asynchttpclient.netty.request.NettyRequestSender - Using open Channel [id: 0x9685b241, L:/127.0.0.1:57927 - R:localhost/127.0.0.1:32912] for POST '/session/76b4780b5fefb45e2133125c5adc0ffb/element'
14:55:03.097 [AsyncHttpClient-1-2] DEBUG org.asynchttpclient.netty.handler.HttpHandler - 

Request DefaultHttpRequest(decodeResult: success, version: HTTP/1.1)
POST /session/76b4780b5fefb45e2133125c5adc0ffb/element HTTP/1.1
User-Agent: selenium/4.12.0 (java windows)
Content-Length: 114
Content-Type: application/json; charset=utf-8
host: localhost:32912
accept: */*

Response DefaultHttpResponse(decodeResult: success, version: HTTP/1.1)
HTTP/1.1 200 OK
Content-Length: 126
Content-Type: application/json; charset=utf-8
cache-control: no-cache

14:55:03.097 [AsyncHttpClient-1-2] DEBUG org.asynchttpclient.netty.channel.ChannelManager - Adding key: http://localhost:32912 for channel [id: 0x9685b241, L:/127.0.0.1:57927 - R:localhost/127.0.0.1:32912]
14:55:03.113 [Forwarding sendKeysToElement on session 76b4780b5fefb45e2133125c5adc0ffb to remote] DEBUG org.asynchttpclient.netty.request.NettyRequestSender - Using pooled Channel '[id: 0x9685b241, L:/127.0.0.1:57927 - R:localhost/127.0.0.1:32912]' for 'POST' to 'http://localhost:32912/session/76b4780b5fefb45e2133125c5adc0ffb/element/f.B5D6EC8C5694FCBBF5093D8B92B75E26.d.5141E45403B25B951BA30FEFE2AE2DC4.e.52/value'
14:55:03.113 [Forwarding sendKeysToElement on session 76b4780b5fefb45e2133125c5adc0ffb to remote] DEBUG org.asynchttpclient.netty.request.NettyRequestSender - Using open Channel [id: 0x9685b241, L:/127.0.0.1:57927 - R:localhost/127.0.0.1:32912] for POST '/session/76b4780b5fefb45e2133125c5adc0ffb/element/f.B5D6EC8C5694FCBBF5093D8B92B75E26.d.5141E45403B25B951BA30FEFE2AE2DC4.e.52/value'
14:55:03.277 [AsyncHttpClient-1-1] DEBUG org.asynchttpclient.netty.channel.DefaultChannelPool - Entry count for : http://localhost:57929 : 1
14:55:03.388 [AsyncHttpClient-1-2] DEBUG org.asynchttpclient.netty.handler.HttpHandler - 

Request DefaultHttpRequest(decodeResult: success, version: HTTP/1.1)
POST /session/76b4780b5fefb45e2133125c5adc0ffb/element/f.B5D6EC8C5694FCBBF5093D8B92B75E26.d.5141E45403B25B951BA30FEFE2AE2DC4.e.52/value HTTP/1.1
User-Agent: selenium/4.12.0 (java windows)
Content-Length: 189
Content-Type: application/json; charset=utf-8
host: localhost:32912
accept: */*

Response DefaultHttpResponse(decodeResult: success, version: HTTP/1.1)
HTTP/1.1 200 OK
Content-Length: 14
Content-Type: application/json; charset=utf-8
cache-control: no-cache

14:55:03.388 [AsyncHttpClient-1-2] DEBUG org.asynchttpclient.netty.channel.ChannelManager - Adding key: http://localhost:32912 for channel [id: 0x9685b241, L:/127.0.0.1:57927 - R:localhost/127.0.0.1:32912]
14:55:03.391 [Forwarding findElement on session 76b4780b5fefb45e2133125c5adc0ffb to remote] DEBUG org.asynchttpclient.netty.request.NettyRequestSender - Using pooled Channel '[id: 0x9685b241, L:/127.0.0.1:57927 - R:localhost/127.0.0.1:32912]' for 'POST' to 'http://localhost:32912/session/76b4780b5fefb45e2133125c5adc0ffb/element'
14:55:03.391 [Forwarding findElement on session 76b4780b5fefb45e2133125c5adc0ffb to remote] DEBUG org.asynchttpclient.netty.request.NettyRequestSender - Using open Channel [id: 0x9685b241, L:/127.0.0.1:57927 - R:localhost/127.0.0.1:32912] for POST '/session/76b4780b5fefb45e2133125c5adc0ffb/element'
14:55:03.415 [AsyncHttpClient-1-2] DEBUG org.asynchttpclient.netty.handler.HttpHandler - 

Request DefaultHttpRequest(decodeResult: success, version: HTTP/1.1)
POST /session/76b4780b5fefb45e2133125c5adc0ffb/element HTTP/1.1
User-Agent: selenium/4.12.0 (java windows)
Content-Length: 87
Content-Type: application/json; charset=utf-8
host: localhost:32912
accept: */*

Response DefaultHttpResponse(decodeResult: success, version: HTTP/1.1)
HTTP/1.1 200 OK
Content-Length: 126
Content-Type: application/json; charset=utf-8
cache-control: no-cache

14:55:03.415 [AsyncHttpClient-1-2] DEBUG org.asynchttpclient.netty.channel.ChannelManager - Adding key: http://localhost:32912 for channel [id: 0x9685b241, L:/127.0.0.1:57927 - R:localhost/127.0.0.1:32912]
14:55:03.423 [Forwarding sendKeysToElement on session 76b4780b5fefb45e2133125c5adc0ffb to remote] DEBUG org.asynchttpclient.netty.request.NettyRequestSender - Using pooled Channel '[id: 0x9685b241, L:/127.0.0.1:57927 - R:localhost/127.0.0.1:32912]' for 'POST' to 'http://localhost:32912/session/76b4780b5fefb45e2133125c5adc0ffb/element/f.B5D6EC8C5694FCBBF5093D8B92B75E26.d.5141E45403B25B951BA30FEFE2AE2DC4.e.54/value'
14:55:03.423 [Forwarding sendKeysToElement on session 76b4780b5fefb45e2133125c5adc0ffb to remote] DEBUG org.asynchttpclient.netty.request.NettyRequestSender - Using open Channel [id: 0x9685b241, L:/127.0.0.1:57927 - R:localhost/127.0.0.1:32912] for POST '/session/76b4780b5fefb45e2133125c5adc0ffb/element/f.B5D6EC8C5694FCBBF5093D8B92B75E26.d.5141E45403B25B951BA30FEFE2AE2DC4.e.54/value'
14:55:03.634 [AsyncHttpClient-1-2] DEBUG org.asynchttpclient.netty.handler.HttpHandler - 

Request DefaultHttpRequest(decodeResult: success, version: HTTP/1.1)
POST /session/76b4780b5fefb45e2133125c5adc0ffb/element/f.B5D6EC8C5694FCBBF5093D8B92B75E26.d.5141E45403B25B951BA30FEFE2AE2DC4.e.54/value HTTP/1.1
User-Agent: selenium/4.12.0 (java windows)
Content-Length: 179
Content-Type: application/json; charset=utf-8
host: localhost:32912
accept: */*

Response DefaultHttpResponse(decodeResult: success, version: HTTP/1.1)
HTTP/1.1 200 OK
Content-Length: 14
Content-Type: application/json; charset=utf-8
cache-control: no-cache

14:55:03.634 [AsyncHttpClient-1-2] DEBUG org.asynchttpclient.netty.channel.ChannelManager - Adding key: http://localhost:32912 for channel [id: 0x9685b241, L:/127.0.0.1:57927 - R:localhost/127.0.0.1:32912]
14:55:03.634 [Forwarding findElement on session 76b4780b5fefb45e2133125c5adc0ffb to remote] DEBUG org.asynchttpclient.netty.request.NettyRequestSender - Using pooled Channel '[id: 0x9685b241, L:/127.0.0.1:57927 - R:localhost/127.0.0.1:32912]' for 'POST' to 'http://localhost:32912/session/76b4780b5fefb45e2133125c5adc0ffb/element'
14:55:03.634 [Forwarding findElement on session 76b4780b5fefb45e2133125c5adc0ffb to remote] DEBUG org.asynchttpclient.netty.request.NettyRequestSender - Using open Channel [id: 0x9685b241, L:/127.0.0.1:57927 - R:localhost/127.0.0.1:32912] for POST '/session/76b4780b5fefb45e2133125c5adc0ffb/element'
14:55:03.665 [AsyncHttpClient-1-2] DEBUG org.asynchttpclient.netty.handler.HttpHandler - 

Request DefaultHttpRequest(decodeResult: success, version: HTTP/1.1)
POST /session/76b4780b5fefb45e2133125c5adc0ffb/element HTTP/1.1
User-Agent: selenium/4.12.0 (java windows)
Content-Length: 96
Content-Type: application/json; charset=utf-8
host: localhost:32912
accept: */*

Response DefaultHttpResponse(decodeResult: success, version: HTTP/1.1)
HTTP/1.1 200 OK
Content-Length: 126
Content-Type: application/json; charset=utf-8
cache-control: no-cache

14:55:03.665 [AsyncHttpClient-1-2] DEBUG org.asynchttpclient.netty.channel.ChannelManager - Adding key: http://localhost:32912 for channel [id: 0x9685b241, L:/127.0.0.1:57927 - R:localhost/127.0.0.1:32912]
14:55:03.665 [Forwarding sendKeysToElement on session 76b4780b5fefb45e2133125c5adc0ffb to remote] DEBUG org.asynchttpclient.netty.request.NettyRequestSender - Using pooled Channel '[id: 0x9685b241, L:/127.0.0.1:57927 - R:localhost/127.0.0.1:32912]' for 'POST' to 'http://localhost:32912/session/76b4780b5fefb45e2133125c5adc0ffb/element/f.B5D6EC8C5694FCBBF5093D8B92B75E26.d.5141E45403B25B951BA30FEFE2AE2DC4.e.55/value'
14:55:03.665 [Forwarding sendKeysToElement on session 76b4780b5fefb45e2133125c5adc0ffb to remote] DEBUG org.asynchttpclient.netty.request.NettyRequestSender - Using open Channel [id: 0x9685b241, L:/127.0.0.1:57927 - R:localhost/127.0.0.1:32912] for POST '/session/76b4780b5fefb45e2133125c5adc0ffb/element/f.B5D6EC8C5694FCBBF5093D8B92B75E26.d.5141E45403B25B951BA30FEFE2AE2DC4.e.55/value'
14:55:03.983 [AsyncHttpClient-1-2] DEBUG org.asynchttpclient.netty.handler.HttpHandler - 

Request DefaultHttpRequest(decodeResult: success, version: HTTP/1.1)
POST /session/76b4780b5fefb45e2133125c5adc0ffb/element/f.B5D6EC8C5694FCBBF5093D8B92B75E26.d.5141E45403B25B951BA30FEFE2AE2DC4.e.55/value HTTP/1.1
User-Agent: selenium/4.12.0 (java windows)
Content-Length: 229
Content-Type: application/json; charset=utf-8
host: localhost:32912
accept: */*

Response DefaultHttpResponse(decodeResult: success, version: HTTP/1.1)
HTTP/1.1 200 OK
Content-Length: 14
Content-Type: application/json; charset=utf-8
cache-control: no-cache

14:55:03.983 [AsyncHttpClient-1-2] DEBUG org.asynchttpclient.netty.channel.ChannelManager - Adding key: http://localhost:32912 for channel [id: 0x9685b241, L:/127.0.0.1:57927 - R:localhost/127.0.0.1:32912]
14:55:03.983 [Forwarding findElement on session 76b4780b5fefb45e2133125c5adc0ffb to remote] DEBUG org.asynchttpclient.netty.request.NettyRequestSender - Using pooled Channel '[id: 0x9685b241, L:/127.0.0.1:57927 - R:localhost/127.0.0.1:32912]' for 'POST' to 'http://localhost:32912/session/76b4780b5fefb45e2133125c5adc0ffb/element'
14:55:03.989 [Forwarding findElement on session 76b4780b5fefb45e2133125c5adc0ffb to remote] DEBUG org.asynchttpclient.netty.request.NettyRequestSender - Using open Channel [id: 0x9685b241, L:/127.0.0.1:57927 - R:localhost/127.0.0.1:32912] for POST '/session/76b4780b5fefb45e2133125c5adc0ffb/element'
14:55:04.014 [AsyncHttpClient-1-2] DEBUG org.asynchttpclient.netty.handler.HttpHandler - 

Request DefaultHttpRequest(decodeResult: success, version: HTTP/1.1)
POST /session/76b4780b5fefb45e2133125c5adc0ffb/element HTTP/1.1
User-Agent: selenium/4.12.0 (java windows)
Content-Length: 84
Content-Type: application/json; charset=utf-8
host: localhost:32912
accept: */*

Response DefaultHttpResponse(decodeResult: success, version: HTTP/1.1)
HTTP/1.1 200 OK
Content-Length: 126
Content-Type: application/json; charset=utf-8
cache-control: no-cache

14:55:04.014 [AsyncHttpClient-1-2] DEBUG org.asynchttpclient.netty.channel.ChannelManager - Adding key: http://localhost:32912 for channel [id: 0x9685b241, L:/127.0.0.1:57927 - R:localhost/127.0.0.1:32912]
14:55:04.014 [Forwarding sendKeysToElement on session 76b4780b5fefb45e2133125c5adc0ffb to remote] DEBUG org.asynchttpclient.netty.request.NettyRequestSender - Using pooled Channel '[id: 0x9685b241, L:/127.0.0.1:57927 - R:localhost/127.0.0.1:32912]' for 'POST' to 'http://localhost:32912/session/76b4780b5fefb45e2133125c5adc0ffb/element/f.B5D6EC8C5694FCBBF5093D8B92B75E26.d.5141E45403B25B951BA30FEFE2AE2DC4.e.56/value'
14:55:04.014 [Forwarding sendKeysToElement on session 76b4780b5fefb45e2133125c5adc0ffb to remote] DEBUG org.asynchttpclient.netty.request.NettyRequestSender - Using open Channel [id: 0x9685b241, L:/127.0.0.1:57927 - R:localhost/127.0.0.1:32912] for POST '/session/76b4780b5fefb45e2133125c5adc0ffb/element/f.B5D6EC8C5694FCBBF5093D8B92B75E26.d.5141E45403B25B951BA30FEFE2AE2DC4.e.56/value'
14:55:04.313 [AsyncHttpClient-1-2] DEBUG org.asynchttpclient.netty.handler.HttpHandler - 

Request DefaultHttpRequest(decodeResult: success, version: HTTP/1.1)
POST /session/76b4780b5fefb45e2133125c5adc0ffb/element/f.B5D6EC8C5694FCBBF5093D8B92B75E26.d.5141E45403B25B951BA30FEFE2AE2DC4.e.56/value HTTP/1.1
User-Agent: selenium/4.12.0 (java windows)
Content-Length: 249
Content-Type: application/json; charset=utf-8
host: localhost:32912
accept: */*

Response DefaultHttpResponse(decodeResult: success, version: HTTP/1.1)
HTTP/1.1 200 OK
Content-Length: 14
Content-Type: application/json; charset=utf-8
cache-control: no-cache

14:55:04.316 [AsyncHttpClient-1-2] DEBUG org.asynchttpclient.netty.channel.ChannelManager - Adding key: http://localhost:32912 for channel [id: 0x9685b241, L:/127.0.0.1:57927 - R:localhost/127.0.0.1:32912]
14:55:04.378 [AsyncHttpClient-1-1] DEBUG org.asynchttpclient.netty.channel.DefaultChannelPool - Entry count for : http://localhost:32912 : 1
14:55:04.378 [AsyncHttpClient-1-1] DEBUG org.asynchttpclient.netty.channel.DefaultChannelPool - Entry count for : http://localhost:57929 : 1
14:55:05.330 [Forwarding screenshot on session 76b4780b5fefb45e2133125c5adc0ffb to remote] DEBUG org.asynchttpclient.netty.request.NettyRequestSender - Using pooled Channel '[id: 0x9685b241, L:/127.0.0.1:57927 - R:localhost/127.0.0.1:32912]' for 'GET' to 'http://localhost:32912/session/76b4780b5fefb45e2133125c5adc0ffb/screenshot'
14:55:05.330 [Forwarding screenshot on session 76b4780b5fefb45e2133125c5adc0ffb to remote] DEBUG org.asynchttpclient.netty.request.NettyRequestSender - Using open Channel [id: 0x9685b241, L:/127.0.0.1:57927 - R:localhost/127.0.0.1:32912] for GET '/session/76b4780b5fefb45e2133125c5adc0ffb/screenshot'
14:55:05.491 [AsyncHttpClient-1-1] DEBUG org.asynchttpclient.netty.channel.DefaultChannelPool - Entry count for : http://localhost:57929 : 1
14:55:05.582 [AsyncHttpClient-1-2] DEBUG org.asynchttpclient.netty.handler.HttpHandler - 

Request DefaultFullHttpRequest(decodeResult: success, version: HTTP/1.1, content: EmptyByteBufBE)
GET /session/76b4780b5fefb45e2133125c5adc0ffb/screenshot HTTP/1.1
Cache-Control: no-cache
User-Agent: selenium/4.12.0 (java windows)
Content-Type: application/json; charset=utf-8
host: localhost:32912
accept: */*

Response DefaultHttpResponse(decodeResult: success, version: HTTP/1.1)
HTTP/1.1 200 OK
Content-Length: 324172
Content-Type: application/json; charset=utf-8
cache-control: no-cache

14:55:05.582 [AsyncHttpClient-1-2] DEBUG org.asynchttpclient.netty.channel.ChannelManager - Adding key: http://localhost:32912 for channel [id: 0x9685b241, L:/127.0.0.1:57927 - R:localhost/127.0.0.1:32912]
  And Provide the company DetailsWalMart 447788 Sara_Sharma www.royal.com # StepDefination.Customer_onboarding.Provide_the_customer_Details(java.lang.String,java.lang.String,java.lang.String,java.lang.String)
14:55:06.582 [AsyncHttpClient-1-1] DEBUG org.asynchttpclient.netty.channel.DefaultChannelPool - Entry count for : http://localhost:32912 : 1
14:55:06.582 [AsyncHttpClient-1-1] DEBUG org.asynchttpclient.netty.channel.DefaultChannelPool - Entry count for : http://localhost:57929 : 1
14:55:06.629 [Forwarding findElement on session 76b4780b5fefb45e2133125c5adc0ffb to remote] DEBUG org.asynchttpclient.netty.request.NettyRequestSender - Using pooled Channel '[id: 0x9685b241, L:/127.0.0.1:57927 - R:localhost/127.0.0.1:32912]' for 'POST' to 'http://localhost:32912/session/76b4780b5fefb45e2133125c5adc0ffb/element'
14:55:06.632 [Forwarding findElement on session 76b4780b5fefb45e2133125c5adc0ffb to remote] DEBUG org.asynchttpclient.netty.request.NettyRequestSender - Using open Channel [id: 0x9685b241, L:/127.0.0.1:57927 - R:localhost/127.0.0.1:32912] for POST '/session/76b4780b5fefb45e2133125c5adc0ffb/element'
14:55:06.646 [AsyncHttpClient-1-2] DEBUG org.asynchttpclient.netty.handler.HttpHandler - 

Request DefaultHttpRequest(decodeResult: success, version: HTTP/1.1)
POST /session/76b4780b5fefb45e2133125c5adc0ffb/element HTTP/1.1
User-Agent: selenium/4.12.0 (java windows)
Content-Length: 82
Content-Type: application/json; charset=utf-8
host: localhost:32912
accept: */*

Response DefaultHttpResponse(decodeResult: success, version: HTTP/1.1)
HTTP/1.1 200 OK
Content-Length: 126
Content-Type: application/json; charset=utf-8
cache-control: no-cache

14:55:06.646 [AsyncHttpClient-1-2] DEBUG org.asynchttpclient.netty.channel.ChannelManager - Adding key: http://localhost:32912 for channel [id: 0x9685b241, L:/127.0.0.1:57927 - R:localhost/127.0.0.1:32912]
14:55:06.646 [Forwarding sendKeysToElement on session 76b4780b5fefb45e2133125c5adc0ffb to remote] DEBUG org.asynchttpclient.netty.request.NettyRequestSender - Using pooled Channel '[id: 0x9685b241, L:/127.0.0.1:57927 - R:localhost/127.0.0.1:32912]' for 'POST' to 'http://localhost:32912/session/76b4780b5fefb45e2133125c5adc0ffb/element/f.B5D6EC8C5694FCBBF5093D8B92B75E26.d.5141E45403B25B951BA30FEFE2AE2DC4.e.57/value'
14:55:06.646 [Forwarding sendKeysToElement on session 76b4780b5fefb45e2133125c5adc0ffb to remote] DEBUG org.asynchttpclient.netty.request.NettyRequestSender - Using open Channel [id: 0x9685b241, L:/127.0.0.1:57927 - R:localhost/127.0.0.1:32912] for POST '/session/76b4780b5fefb45e2133125c5adc0ffb/element/f.B5D6EC8C5694FCBBF5093D8B92B75E26.d.5141E45403B25B951BA30FEFE2AE2DC4.e.57/value'
14:55:06.867 [AsyncHttpClient-1-2] DEBUG org.asynchttpclient.netty.handler.HttpHandler - 

Request DefaultHttpRequest(decodeResult: success, version: HTTP/1.1)
POST /session/76b4780b5fefb45e2133125c5adc0ffb/element/f.B5D6EC8C5694FCBBF5093D8B92B75E26.d.5141E45403B25B951BA30FEFE2AE2DC4.e.57/value HTTP/1.1
User-Agent: selenium/4.12.0 (java windows)
Content-Length: 259
Content-Type: application/json; charset=utf-8
host: localhost:32912
accept: */*

Response DefaultHttpResponse(decodeResult: success, version: HTTP/1.1)
HTTP/1.1 200 OK
Content-Length: 14
Content-Type: application/json; charset=utf-8
cache-control: no-cache

14:55:06.867 [AsyncHttpClient-1-2] DEBUG org.asynchttpclient.netty.channel.ChannelManager - Adding key: http://localhost:32912 for channel [id: 0x9685b241, L:/127.0.0.1:57927 - R:localhost/127.0.0.1:32912]
14:55:06.868 [Forwarding findElement on session 76b4780b5fefb45e2133125c5adc0ffb to remote] DEBUG org.asynchttpclient.netty.request.NettyRequestSender - Using pooled Channel '[id: 0x9685b241, L:/127.0.0.1:57927 - R:localhost/127.0.0.1:32912]' for 'POST' to 'http://localhost:32912/session/76b4780b5fefb45e2133125c5adc0ffb/element'
14:55:06.868 [Forwarding findElement on session 76b4780b5fefb45e2133125c5adc0ffb to remote] DEBUG org.asynchttpclient.netty.request.NettyRequestSender - Using open Channel [id: 0x9685b241, L:/127.0.0.1:57927 - R:localhost/127.0.0.1:32912] for POST '/session/76b4780b5fefb45e2133125c5adc0ffb/element'
14:55:06.887 [AsyncHttpClient-1-2] DEBUG org.asynchttpclient.netty.handler.HttpHandler - 

Request DefaultHttpRequest(decodeResult: success, version: HTTP/1.1)
POST /session/76b4780b5fefb45e2133125c5adc0ffb/element HTTP/1.1
User-Agent: selenium/4.12.0 (java windows)
Content-Length: 89
Content-Type: application/json; charset=utf-8
host: localhost:32912
accept: */*

Response DefaultHttpResponse(decodeResult: success, version: HTTP/1.1)
HTTP/1.1 200 OK
Content-Length: 126
Content-Type: application/json; charset=utf-8
cache-control: no-cache

14:55:06.887 [AsyncHttpClient-1-2] DEBUG org.asynchttpclient.netty.channel.ChannelManager - Adding key: http://localhost:32912 for channel [id: 0x9685b241, L:/127.0.0.1:57927 - R:localhost/127.0.0.1:32912]
14:55:06.894 [Forwarding sendKeysToElement on session 76b4780b5fefb45e2133125c5adc0ffb to remote] DEBUG org.asynchttpclient.netty.request.NettyRequestSender - Using pooled Channel '[id: 0x9685b241, L:/127.0.0.1:57927 - R:localhost/127.0.0.1:32912]' for 'POST' to 'http://localhost:32912/session/76b4780b5fefb45e2133125c5adc0ffb/element/f.B5D6EC8C5694FCBBF5093D8B92B75E26.d.5141E45403B25B951BA30FEFE2AE2DC4.e.59/value'
14:55:06.894 [Forwarding sendKeysToElement on session 76b4780b5fefb45e2133125c5adc0ffb to remote] DEBUG org.asynchttpclient.netty.request.NettyRequestSender - Using open Channel [id: 0x9685b241, L:/127.0.0.1:57927 - R:localhost/127.0.0.1:32912] for POST '/session/76b4780b5fefb45e2133125c5adc0ffb/element/f.B5D6EC8C5694FCBBF5093D8B92B75E26.d.5141E45403B25B951BA30FEFE2AE2DC4.e.59/value'
14:55:07.098 [AsyncHttpClient-1-2] DEBUG org.asynchttpclient.netty.handler.HttpHandler - 

Request DefaultHttpRequest(decodeResult: success, version: HTTP/1.1)
POST /session/76b4780b5fefb45e2133125c5adc0ffb/element/f.B5D6EC8C5694FCBBF5093D8B92B75E26.d.5141E45403B25B951BA30FEFE2AE2DC4.e.59/value HTTP/1.1
User-Agent: selenium/4.12.0 (java windows)
Content-Length: 219
Content-Type: application/json; charset=utf-8
host: localhost:32912
accept: */*

Response DefaultHttpResponse(decodeResult: success, version: HTTP/1.1)
HTTP/1.1 200 OK
Content-Length: 14
Content-Type: application/json; charset=utf-8
cache-control: no-cache

14:55:07.098 [AsyncHttpClient-1-2] DEBUG org.asynchttpclient.netty.channel.ChannelManager - Adding key: http://localhost:32912 for channel [id: 0x9685b241, L:/127.0.0.1:57927 - R:localhost/127.0.0.1:32912]
14:55:07.104 [Forwarding screenshot on session 76b4780b5fefb45e2133125c5adc0ffb to remote] DEBUG org.asynchttpclient.netty.request.NettyRequestSender - Using pooled Channel '[id: 0x9685b241, L:/127.0.0.1:57927 - R:localhost/127.0.0.1:32912]' for 'GET' to 'http://localhost:32912/session/76b4780b5fefb45e2133125c5adc0ffb/screenshot'
14:55:07.104 [Forwarding screenshot on session 76b4780b5fefb45e2133125c5adc0ffb to remote] DEBUG org.asynchttpclient.netty.request.NettyRequestSender - Using open Channel [id: 0x9685b241, L:/127.0.0.1:57927 - R:localhost/127.0.0.1:32912] for GET '/session/76b4780b5fefb45e2133125c5adc0ffb/screenshot'
14:55:07.298 [AsyncHttpClient-1-2] DEBUG org.asynchttpclient.netty.handler.HttpHandler - 

Request DefaultFullHttpRequest(decodeResult: success, version: HTTP/1.1, content: EmptyByteBufBE)
GET /session/76b4780b5fefb45e2133125c5adc0ffb/screenshot HTTP/1.1
Cache-Control: no-cache
User-Agent: selenium/4.12.0 (java windows)
Content-Type: application/json; charset=utf-8
host: localhost:32912
accept: */*

Response DefaultHttpResponse(decodeResult: success, version: HTTP/1.1)
HTTP/1.1 200 OK
Content-Length: 331284
Content-Type: application/json; charset=utf-8
cache-control: no-cache

14:55:07.298 [AsyncHttpClient-1-2] DEBUG org.asynchttpclient.netty.channel.ChannelManager - Adding key: http://localhost:32912 for channel [id: 0x9685b241, L:/127.0.0.1:57927 - R:localhost/127.0.0.1:32912]
  And Provide the contact Details9865768576 royal@mail.com                # StepDefination.Customer_onboarding.Provide_the_contact_Details(java.lang.String,java.lang.String)
14:55:07.670 [AsyncHttpClient-1-1] DEBUG org.asynchttpclient.netty.channel.DefaultChannelPool - Entry count for : http://localhost:32912 : 1
14:55:07.671 [AsyncHttpClient-1-1] DEBUG org.asynchttpclient.netty.channel.DefaultChannelPool - Entry count for : http://localhost:57929 : 1
14:55:08.357 [Forwarding findElement on session 76b4780b5fefb45e2133125c5adc0ffb to remote] DEBUG org.asynchttpclient.netty.request.NettyRequestSender - Using pooled Channel '[id: 0x9685b241, L:/127.0.0.1:57927 - R:localhost/127.0.0.1:32912]' for 'POST' to 'http://localhost:32912/session/76b4780b5fefb45e2133125c5adc0ffb/element'
14:55:08.357 [Forwarding findElement on session 76b4780b5fefb45e2133125c5adc0ffb to remote] DEBUG org.asynchttpclient.netty.request.NettyRequestSender - Using open Channel [id: 0x9685b241, L:/127.0.0.1:57927 - R:localhost/127.0.0.1:32912] for POST '/session/76b4780b5fefb45e2133125c5adc0ffb/element'
14:55:08.376 [AsyncHttpClient-1-2] DEBUG org.asynchttpclient.netty.handler.HttpHandler - 

Request DefaultHttpRequest(decodeResult: success, version: HTTP/1.1)
POST /session/76b4780b5fefb45e2133125c5adc0ffb/element HTTP/1.1
User-Agent: selenium/4.12.0 (java windows)
Content-Length: 94
Content-Type: application/json; charset=utf-8
host: localhost:32912
accept: */*

Response DefaultHttpResponse(decodeResult: success, version: HTTP/1.1)
HTTP/1.1 200 OK
Content-Length: 126
Content-Type: application/json; charset=utf-8
cache-control: no-cache

14:55:08.376 [AsyncHttpClient-1-2] DEBUG org.asynchttpclient.netty.channel.ChannelManager - Adding key: http://localhost:32912 for channel [id: 0x9685b241, L:/127.0.0.1:57927 - R:localhost/127.0.0.1:32912]
14:55:08.376 [Forwarding sendKeysToElement on session 76b4780b5fefb45e2133125c5adc0ffb to remote] DEBUG org.asynchttpclient.netty.request.NettyRequestSender - Using pooled Channel '[id: 0x9685b241, L:/127.0.0.1:57927 - R:localhost/127.0.0.1:32912]' for 'POST' to 'http://localhost:32912/session/76b4780b5fefb45e2133125c5adc0ffb/element/f.B5D6EC8C5694FCBBF5093D8B92B75E26.d.5141E45403B25B951BA30FEFE2AE2DC4.e.58/value'
14:55:08.376 [Forwarding sendKeysToElement on session 76b4780b5fefb45e2133125c5adc0ffb to remote] DEBUG org.asynchttpclient.netty.request.NettyRequestSender - Using open Channel [id: 0x9685b241, L:/127.0.0.1:57927 - R:localhost/127.0.0.1:32912] for POST '/session/76b4780b5fefb45e2133125c5adc0ffb/element/f.B5D6EC8C5694FCBBF5093D8B92B75E26.d.5141E45403B25B951BA30FEFE2AE2DC4.e.58/value'
14:55:08.585 [AsyncHttpClient-1-2] DEBUG org.asynchttpclient.netty.handler.HttpHandler - 

Request DefaultHttpRequest(decodeResult: success, version: HTTP/1.1)
POST /session/76b4780b5fefb45e2133125c5adc0ffb/element/f.B5D6EC8C5694FCBBF5093D8B92B75E26.d.5141E45403B25B951BA30FEFE2AE2DC4.e.58/value HTTP/1.1
User-Agent: selenium/4.12.0 (java windows)
Content-Length: 239
Content-Type: application/json; charset=utf-8
host: localhost:32912
accept: */*

Response DefaultHttpResponse(decodeResult: success, version: HTTP/1.1)
HTTP/1.1 200 OK
Content-Length: 14
Content-Type: application/json; charset=utf-8
cache-control: no-cache

14:55:08.585 [AsyncHttpClient-1-2] DEBUG org.asynchttpclient.netty.channel.ChannelManager - Adding key: http://localhost:32912 for channel [id: 0x9685b241, L:/127.0.0.1:57927 - R:localhost/127.0.0.1:32912]
14:55:08.585 [Forwarding findElement on session 76b4780b5fefb45e2133125c5adc0ffb to remote] DEBUG org.asynchttpclient.netty.request.NettyRequestSender - Using pooled Channel '[id: 0x9685b241, L:/127.0.0.1:57927 - R:localhost/127.0.0.1:32912]' for 'POST' to 'http://localhost:32912/session/76b4780b5fefb45e2133125c5adc0ffb/element'
14:55:08.585 [Forwarding findElement on session 76b4780b5fefb45e2133125c5adc0ffb to remote] DEBUG org.asynchttpclient.netty.request.NettyRequestSender - Using open Channel [id: 0x9685b241, L:/127.0.0.1:57927 - R:localhost/127.0.0.1:32912] for POST '/session/76b4780b5fefb45e2133125c5adc0ffb/element'
14:55:08.600 [AsyncHttpClient-1-2] DEBUG org.asynchttpclient.netty.handler.HttpHandler - 

Request DefaultHttpRequest(decodeResult: success, version: HTTP/1.1)
POST /session/76b4780b5fefb45e2133125c5adc0ffb/element HTTP/1.1
User-Agent: selenium/4.12.0 (java windows)
Content-Length: 101
Content-Type: application/json; charset=utf-8
host: localhost:32912
accept: */*

Response DefaultHttpResponse(decodeResult: success, version: HTTP/1.1)
HTTP/1.1 200 OK
Content-Length: 126
Content-Type: application/json; charset=utf-8
cache-control: no-cache

14:55:08.600 [AsyncHttpClient-1-2] DEBUG org.asynchttpclient.netty.channel.ChannelManager - Adding key: http://localhost:32912 for channel [id: 0x9685b241, L:/127.0.0.1:57927 - R:localhost/127.0.0.1:32912]
14:55:08.600 [Forwarding sendKeysToElement on session 76b4780b5fefb45e2133125c5adc0ffb to remote] DEBUG org.asynchttpclient.netty.request.NettyRequestSender - Using pooled Channel '[id: 0x9685b241, L:/127.0.0.1:57927 - R:localhost/127.0.0.1:32912]' for 'POST' to 'http://localhost:32912/session/76b4780b5fefb45e2133125c5adc0ffb/element/f.B5D6EC8C5694FCBBF5093D8B92B75E26.d.5141E45403B25B951BA30FEFE2AE2DC4.e.60/value'
14:55:08.612 [Forwarding sendKeysToElement on session 76b4780b5fefb45e2133125c5adc0ffb to remote] DEBUG org.asynchttpclient.netty.request.NettyRequestSender - Using open Channel [id: 0x9685b241, L:/127.0.0.1:57927 - R:localhost/127.0.0.1:32912] for POST '/session/76b4780b5fefb45e2133125c5adc0ffb/element/f.B5D6EC8C5694FCBBF5093D8B92B75E26.d.5141E45403B25B951BA30FEFE2AE2DC4.e.60/value'
14:55:08.772 [AsyncHttpClient-1-1] DEBUG org.asynchttpclient.netty.channel.DefaultChannelPool - Entry count for : http://localhost:57929 : 1
14:55:08.786 [AsyncHttpClient-1-2] DEBUG org.asynchttpclient.netty.handler.HttpHandler - 

Request DefaultHttpRequest(decodeResult: success, version: HTTP/1.1)
POST /session/76b4780b5fefb45e2133125c5adc0ffb/element/f.B5D6EC8C5694FCBBF5093D8B92B75E26.d.5141E45403B25B951BA30FEFE2AE2DC4.e.60/value HTTP/1.1
User-Agent: selenium/4.12.0 (java windows)
Content-Length: 209
Content-Type: application/json; charset=utf-8
host: localhost:32912
accept: */*

Response DefaultHttpResponse(decodeResult: success, version: HTTP/1.1)
HTTP/1.1 200 OK
Content-Length: 14
Content-Type: application/json; charset=utf-8
cache-control: no-cache

14:55:08.786 [AsyncHttpClient-1-2] DEBUG org.asynchttpclient.netty.channel.ChannelManager - Adding key: http://localhost:32912 for channel [id: 0x9685b241, L:/127.0.0.1:57927 - R:localhost/127.0.0.1:32912]
14:55:09.303 [Forwarding screenshot on session 76b4780b5fefb45e2133125c5adc0ffb to remote] DEBUG org.asynchttpclient.netty.request.NettyRequestSender - Using pooled Channel '[id: 0x9685b241, L:/127.0.0.1:57927 - R:localhost/127.0.0.1:32912]' for 'GET' to 'http://localhost:32912/session/76b4780b5fefb45e2133125c5adc0ffb/screenshot'
14:55:09.303 [Forwarding screenshot on session 76b4780b5fefb45e2133125c5adc0ffb to remote] DEBUG org.asynchttpclient.netty.request.NettyRequestSender - Using open Channel [id: 0x9685b241, L:/127.0.0.1:57927 - R:localhost/127.0.0.1:32912] for GET '/session/76b4780b5fefb45e2133125c5adc0ffb/screenshot'
14:55:09.465 [AsyncHttpClient-1-2] DEBUG org.asynchttpclient.netty.handler.HttpHandler - 

Request DefaultFullHttpRequest(decodeResult: success, version: HTTP/1.1, content: EmptyByteBufBE)
GET /session/76b4780b5fefb45e2133125c5adc0ffb/screenshot HTTP/1.1
Cache-Control: no-cache
User-Agent: selenium/4.12.0 (java windows)
Content-Type: application/json; charset=utf-8
host: localhost:32912
accept: */*

Response DefaultHttpResponse(decodeResult: success, version: HTTP/1.1)
HTTP/1.1 200 OK
Content-Length: 326124
Content-Type: application/json; charset=utf-8
cache-control: no-cache

14:55:09.481 [AsyncHttpClient-1-2] DEBUG org.asynchttpclient.netty.channel.ChannelManager - Adding key: http://localhost:32912 for channel [id: 0x9685b241, L:/127.0.0.1:57927 - R:localhost/127.0.0.1:32912]
  And Provide the alternate Details859889569 alt@mail.com                 # StepDefination.Customer_onboarding.Provide_the_alternate_Details(java.lang.String,java.lang.String)
14:55:09.497 [Forwarding findElement on session 76b4780b5fefb45e2133125c5adc0ffb to remote] DEBUG org.asynchttpclient.netty.request.NettyRequestSender - Using pooled Channel '[id: 0x9685b241, L:/127.0.0.1:57927 - R:localhost/127.0.0.1:32912]' for 'POST' to 'http://localhost:32912/session/76b4780b5fefb45e2133125c5adc0ffb/element'
14:55:09.497 [Forwarding findElement on session 76b4780b5fefb45e2133125c5adc0ffb to remote] DEBUG org.asynchttpclient.netty.request.NettyRequestSender - Using open Channel [id: 0x9685b241, L:/127.0.0.1:57927 - R:localhost/127.0.0.1:32912] for POST '/session/76b4780b5fefb45e2133125c5adc0ffb/element'
14:55:09.513 [AsyncHttpClient-1-2] DEBUG org.asynchttpclient.netty.handler.HttpHandler - 

Request DefaultHttpRequest(decodeResult: success, version: HTTP/1.1)
POST /session/76b4780b5fefb45e2133125c5adc0ffb/element HTTP/1.1
User-Agent: selenium/4.12.0 (java windows)
Content-Length: 88
Content-Type: application/json; charset=utf-8
host: localhost:32912
accept: */*

Response DefaultHttpResponse(decodeResult: success, version: HTTP/1.1)
HTTP/1.1 200 OK
Content-Length: 126
Content-Type: application/json; charset=utf-8
cache-control: no-cache

14:55:09.513 [AsyncHttpClient-1-2] DEBUG org.asynchttpclient.netty.channel.ChannelManager - Adding key: http://localhost:32912 for channel [id: 0x9685b241, L:/127.0.0.1:57927 - R:localhost/127.0.0.1:32912]
14:55:09.528 [Forwarding sendKeysToElement on session 76b4780b5fefb45e2133125c5adc0ffb to remote] DEBUG org.asynchttpclient.netty.request.NettyRequestSender - Using pooled Channel '[id: 0x9685b241, L:/127.0.0.1:57927 - R:localhost/127.0.0.1:32912]' for 'POST' to 'http://localhost:32912/session/76b4780b5fefb45e2133125c5adc0ffb/element/f.B5D6EC8C5694FCBBF5093D8B92B75E26.d.5141E45403B25B951BA30FEFE2AE2DC4.e.62/value'
14:55:09.528 [Forwarding sendKeysToElement on session 76b4780b5fefb45e2133125c5adc0ffb to remote] DEBUG org.asynchttpclient.netty.request.NettyRequestSender - Using open Channel [id: 0x9685b241, L:/127.0.0.1:57927 - R:localhost/127.0.0.1:32912] for POST '/session/76b4780b5fefb45e2133125c5adc0ffb/element/f.B5D6EC8C5694FCBBF5093D8B92B75E26.d.5141E45403B25B951BA30FEFE2AE2DC4.e.62/value'
14:55:09.765 [AsyncHttpClient-1-2] DEBUG org.asynchttpclient.netty.handler.HttpHandler - 

Request DefaultHttpRequest(decodeResult: success, version: HTTP/1.1)
POST /session/76b4780b5fefb45e2133125c5adc0ffb/element/f.B5D6EC8C5694FCBBF5093D8B92B75E26.d.5141E45403B25B951BA30FEFE2AE2DC4.e.62/value HTTP/1.1
User-Agent: selenium/4.12.0 (java windows)
Content-Length: 259
Content-Type: application/json; charset=utf-8
host: localhost:32912
accept: */*

Response DefaultHttpResponse(decodeResult: success, version: HTTP/1.1)
HTTP/1.1 200 OK
Content-Length: 14
Content-Type: application/json; charset=utf-8
cache-control: no-cache

14:55:09.765 [AsyncHttpClient-1-2] DEBUG org.asynchttpclient.netty.channel.ChannelManager - Adding key: http://localhost:32912 for channel [id: 0x9685b241, L:/127.0.0.1:57927 - R:localhost/127.0.0.1:32912]
14:55:09.769 [Forwarding findElement on session 76b4780b5fefb45e2133125c5adc0ffb to remote] DEBUG org.asynchttpclient.netty.request.NettyRequestSender - Using pooled Channel '[id: 0x9685b241, L:/127.0.0.1:57927 - R:localhost/127.0.0.1:32912]' for 'POST' to 'http://localhost:32912/session/76b4780b5fefb45e2133125c5adc0ffb/element'
14:55:09.769 [Forwarding findElement on session 76b4780b5fefb45e2133125c5adc0ffb to remote] DEBUG org.asynchttpclient.netty.request.NettyRequestSender - Using open Channel [id: 0x9685b241, L:/127.0.0.1:57927 - R:localhost/127.0.0.1:32912] for POST '/session/76b4780b5fefb45e2133125c5adc0ffb/element'
14:55:09.793 [AsyncHttpClient-1-2] DEBUG org.asynchttpclient.netty.handler.HttpHandler - 

Request DefaultHttpRequest(decodeResult: success, version: HTTP/1.1)
POST /session/76b4780b5fefb45e2133125c5adc0ffb/element HTTP/1.1
User-Agent: selenium/4.12.0 (java windows)
Content-Length: 75
Content-Type: application/json; charset=utf-8
host: localhost:32912
accept: */*

Response DefaultHttpResponse(decodeResult: success, version: HTTP/1.1)
HTTP/1.1 200 OK
Content-Length: 126
Content-Type: application/json; charset=utf-8
cache-control: no-cache

14:55:09.796 [AsyncHttpClient-1-2] DEBUG org.asynchttpclient.netty.channel.ChannelManager - Adding key: http://localhost:32912 for channel [id: 0x9685b241, L:/127.0.0.1:57927 - R:localhost/127.0.0.1:32912]
14:55:09.800 [Forwarding sendKeysToElement on session 76b4780b5fefb45e2133125c5adc0ffb to remote] DEBUG org.asynchttpclient.netty.request.NettyRequestSender - Using pooled Channel '[id: 0x9685b241, L:/127.0.0.1:57927 - R:localhost/127.0.0.1:32912]' for 'POST' to 'http://localhost:32912/session/76b4780b5fefb45e2133125c5adc0ffb/element/f.B5D6EC8C5694FCBBF5093D8B92B75E26.d.5141E45403B25B951BA30FEFE2AE2DC4.e.63/value'
14:55:09.800 [Forwarding sendKeysToElement on session 76b4780b5fefb45e2133125c5adc0ffb to remote] DEBUG org.asynchttpclient.netty.request.NettyRequestSender - Using open Channel [id: 0x9685b241, L:/127.0.0.1:57927 - R:localhost/127.0.0.1:32912] for POST '/session/76b4780b5fefb45e2133125c5adc0ffb/element/f.B5D6EC8C5694FCBBF5093D8B92B75E26.d.5141E45403B25B951BA30FEFE2AE2DC4.e.63/value'
14:55:09.877 [AsyncHttpClient-1-1] DEBUG org.asynchttpclient.netty.channel.DefaultChannelPool - Entry count for : http://localhost:57929 : 1
14:55:09.897 [AsyncHttpClient-1-2] DEBUG org.asynchttpclient.netty.handler.HttpHandler - 

Request DefaultHttpRequest(decodeResult: success, version: HTTP/1.1)
POST /session/76b4780b5fefb45e2133125c5adc0ffb/element/f.B5D6EC8C5694FCBBF5093D8B92B75E26.d.5141E45403B25B951BA30FEFE2AE2DC4.e.63/value HTTP/1.1
User-Agent: selenium/4.12.0 (java windows)
Content-Length: 139
Content-Type: application/json; charset=utf-8
host: localhost:32912
accept: */*

Response DefaultHttpResponse(decodeResult: success, version: HTTP/1.1)
HTTP/1.1 200 OK
Content-Length: 14
Content-Type: application/json; charset=utf-8
cache-control: no-cache

14:55:09.897 [AsyncHttpClient-1-2] DEBUG org.asynchttpclient.netty.channel.ChannelManager - Adding key: http://localhost:32912 for channel [id: 0x9685b241, L:/127.0.0.1:57927 - R:localhost/127.0.0.1:32912]
14:55:09.898 [Forwarding findElement on session 76b4780b5fefb45e2133125c5adc0ffb to remote] DEBUG org.asynchttpclient.netty.request.NettyRequestSender - Using pooled Channel '[id: 0x9685b241, L:/127.0.0.1:57927 - R:localhost/127.0.0.1:32912]' for 'POST' to 'http://localhost:32912/session/76b4780b5fefb45e2133125c5adc0ffb/element'
14:55:09.898 [Forwarding findElement on session 76b4780b5fefb45e2133125c5adc0ffb to remote] DEBUG org.asynchttpclient.netty.request.NettyRequestSender - Using open Channel [id: 0x9685b241, L:/127.0.0.1:57927 - R:localhost/127.0.0.1:32912] for POST '/session/76b4780b5fefb45e2133125c5adc0ffb/element'
14:55:09.919 [AsyncHttpClient-1-2] DEBUG org.asynchttpclient.netty.handler.HttpHandler - 

Request DefaultHttpRequest(decodeResult: success, version: HTTP/1.1)
POST /session/76b4780b5fefb45e2133125c5adc0ffb/element HTTP/1.1
User-Agent: selenium/4.12.0 (java windows)
Content-Length: 90
Content-Type: application/json; charset=utf-8
host: localhost:32912
accept: */*

Response DefaultHttpResponse(decodeResult: success, version: HTTP/1.1)
HTTP/1.1 200 OK
Content-Length: 126
Content-Type: application/json; charset=utf-8
cache-control: no-cache

14:55:09.919 [AsyncHttpClient-1-2] DEBUG org.asynchttpclient.netty.channel.ChannelManager - Adding key: http://localhost:32912 for channel [id: 0x9685b241, L:/127.0.0.1:57927 - R:localhost/127.0.0.1:32912]
14:55:09.923 [Forwarding sendKeysToElement on session 76b4780b5fefb45e2133125c5adc0ffb to remote] DEBUG org.asynchttpclient.netty.request.NettyRequestSender - Using pooled Channel '[id: 0x9685b241, L:/127.0.0.1:57927 - R:localhost/127.0.0.1:32912]' for 'POST' to 'http://localhost:32912/session/76b4780b5fefb45e2133125c5adc0ffb/element/f.B5D6EC8C5694FCBBF5093D8B92B75E26.d.5141E45403B25B951BA30FEFE2AE2DC4.e.64/value'
14:55:09.923 [Forwarding sendKeysToElement on session 76b4780b5fefb45e2133125c5adc0ffb to remote] DEBUG org.asynchttpclient.netty.request.NettyRequestSender - Using open Channel [id: 0x9685b241, L:/127.0.0.1:57927 - R:localhost/127.0.0.1:32912] for POST '/session/76b4780b5fefb45e2133125c5adc0ffb/element/f.B5D6EC8C5694FCBBF5093D8B92B75E26.d.5141E45403B25B951BA30FEFE2AE2DC4.e.64/value'
14:55:10.036 [AsyncHttpClient-1-2] DEBUG org.asynchttpclient.netty.handler.HttpHandler - 

Request DefaultHttpRequest(decodeResult: success, version: HTTP/1.1)
POST /session/76b4780b5fefb45e2133125c5adc0ffb/element/f.B5D6EC8C5694FCBBF5093D8B92B75E26.d.5141E45403B25B951BA30FEFE2AE2DC4.e.64/value HTTP/1.1
User-Agent: selenium/4.12.0 (java windows)
Content-Length: 139
Content-Type: application/json; charset=utf-8
host: localhost:32912
accept: */*

Response DefaultHttpResponse(decodeResult: success, version: HTTP/1.1)
HTTP/1.1 200 OK
Content-Length: 14
Content-Type: application/json; charset=utf-8
cache-control: no-cache

14:55:10.036 [AsyncHttpClient-1-2] DEBUG org.asynchttpclient.netty.channel.ChannelManager - Adding key: http://localhost:32912 for channel [id: 0x9685b241, L:/127.0.0.1:57927 - R:localhost/127.0.0.1:32912]
14:55:10.040 [Forwarding findElement on session 76b4780b5fefb45e2133125c5adc0ffb to remote] DEBUG org.asynchttpclient.netty.request.NettyRequestSender - Using pooled Channel '[id: 0x9685b241, L:/127.0.0.1:57927 - R:localhost/127.0.0.1:32912]' for 'POST' to 'http://localhost:32912/session/76b4780b5fefb45e2133125c5adc0ffb/element'
14:55:10.040 [Forwarding findElement on session 76b4780b5fefb45e2133125c5adc0ffb to remote] DEBUG org.asynchttpclient.netty.request.NettyRequestSender - Using open Channel [id: 0x9685b241, L:/127.0.0.1:57927 - R:localhost/127.0.0.1:32912] for POST '/session/76b4780b5fefb45e2133125c5adc0ffb/element'
14:55:10.050 [AsyncHttpClient-1-2] DEBUG org.asynchttpclient.netty.handler.HttpHandler - 

Request DefaultHttpRequest(decodeResult: success, version: HTTP/1.1)
POST /session/76b4780b5fefb45e2133125c5adc0ffb/element HTTP/1.1
User-Agent: selenium/4.12.0 (java windows)
Content-Length: 96
Content-Type: application/json; charset=utf-8
host: localhost:32912
accept: */*

Response DefaultHttpResponse(decodeResult: success, version: HTTP/1.1)
HTTP/1.1 200 OK
Content-Length: 126
Content-Type: application/json; charset=utf-8
cache-control: no-cache

14:55:10.050 [AsyncHttpClient-1-2] DEBUG org.asynchttpclient.netty.channel.ChannelManager - Adding key: http://localhost:32912 for channel [id: 0x9685b241, L:/127.0.0.1:57927 - R:localhost/127.0.0.1:32912]
14:55:10.050 [Forwarding sendKeysToElement on session 76b4780b5fefb45e2133125c5adc0ffb to remote] DEBUG org.asynchttpclient.netty.request.NettyRequestSender - Using pooled Channel '[id: 0x9685b241, L:/127.0.0.1:57927 - R:localhost/127.0.0.1:32912]' for 'POST' to 'http://localhost:32912/session/76b4780b5fefb45e2133125c5adc0ffb/element/f.B5D6EC8C5694FCBBF5093D8B92B75E26.d.5141E45403B25B951BA30FEFE2AE2DC4.e.65/value'
14:55:10.050 [Forwarding sendKeysToElement on session 76b4780b5fefb45e2133125c5adc0ffb to remote] DEBUG org.asynchttpclient.netty.request.NettyRequestSender - Using open Channel [id: 0x9685b241, L:/127.0.0.1:57927 - R:localhost/127.0.0.1:32912] for POST '/session/76b4780b5fefb45e2133125c5adc0ffb/element/f.B5D6EC8C5694FCBBF5093D8B92B75E26.d.5141E45403B25B951BA30FEFE2AE2DC4.e.65/value'
14:55:10.209 [AsyncHttpClient-1-2] DEBUG org.asynchttpclient.netty.handler.HttpHandler - 

Request DefaultHttpRequest(decodeResult: success, version: HTTP/1.1)
POST /session/76b4780b5fefb45e2133125c5adc0ffb/element/f.B5D6EC8C5694FCBBF5093D8B92B75E26.d.5141E45403B25B951BA30FEFE2AE2DC4.e.65/value HTTP/1.1
User-Agent: selenium/4.12.0 (java windows)
Content-Length: 179
Content-Type: application/json; charset=utf-8
host: localhost:32912
accept: */*

Response DefaultHttpResponse(decodeResult: success, version: HTTP/1.1)
HTTP/1.1 200 OK
Content-Length: 14
Content-Type: application/json; charset=utf-8
cache-control: no-cache

14:55:10.209 [AsyncHttpClient-1-2] DEBUG org.asynchttpclient.netty.channel.ChannelManager - Adding key: http://localhost:32912 for channel [id: 0x9685b241, L:/127.0.0.1:57927 - R:localhost/127.0.0.1:32912]
14:55:10.214 [Forwarding findElement on session 76b4780b5fefb45e2133125c5adc0ffb to remote] DEBUG org.asynchttpclient.netty.request.NettyRequestSender - Using pooled Channel '[id: 0x9685b241, L:/127.0.0.1:57927 - R:localhost/127.0.0.1:32912]' for 'POST' to 'http://localhost:32912/session/76b4780b5fefb45e2133125c5adc0ffb/element'
14:55:10.214 [Forwarding findElement on session 76b4780b5fefb45e2133125c5adc0ffb to remote] DEBUG org.asynchttpclient.netty.request.NettyRequestSender - Using open Channel [id: 0x9685b241, L:/127.0.0.1:57927 - R:localhost/127.0.0.1:32912] for POST '/session/76b4780b5fefb45e2133125c5adc0ffb/element'
14:55:10.235 [AsyncHttpClient-1-2] DEBUG org.asynchttpclient.netty.handler.HttpHandler - 

Request DefaultHttpRequest(decodeResult: success, version: HTTP/1.1)
POST /session/76b4780b5fefb45e2133125c5adc0ffb/element HTTP/1.1
User-Agent: selenium/4.12.0 (java windows)
Content-Length: 78
Content-Type: application/json; charset=utf-8
host: localhost:32912
accept: */*

Response DefaultHttpResponse(decodeResult: success, version: HTTP/1.1)
HTTP/1.1 200 OK
Content-Length: 126
Content-Type: application/json; charset=utf-8
cache-control: no-cache

14:55:10.235 [AsyncHttpClient-1-2] DEBUG org.asynchttpclient.netty.channel.ChannelManager - Adding key: http://localhost:32912 for channel [id: 0x9685b241, L:/127.0.0.1:57927 - R:localhost/127.0.0.1:32912]
14:55:10.235 [Forwarding sendKeysToElement on session 76b4780b5fefb45e2133125c5adc0ffb to remote] DEBUG org.asynchttpclient.netty.request.NettyRequestSender - Using pooled Channel '[id: 0x9685b241, L:/127.0.0.1:57927 - R:localhost/127.0.0.1:32912]' for 'POST' to 'http://localhost:32912/session/76b4780b5fefb45e2133125c5adc0ffb/element/f.B5D6EC8C5694FCBBF5093D8B92B75E26.d.5141E45403B25B951BA30FEFE2AE2DC4.e.66/value'
14:55:10.235 [Forwarding sendKeysToElement on session 76b4780b5fefb45e2133125c5adc0ffb to remote] DEBUG org.asynchttpclient.netty.request.NettyRequestSender - Using open Channel [id: 0x9685b241, L:/127.0.0.1:57927 - R:localhost/127.0.0.1:32912] for POST '/session/76b4780b5fefb45e2133125c5adc0ffb/element/f.B5D6EC8C5694FCBBF5093D8B92B75E26.d.5141E45403B25B951BA30FEFE2AE2DC4.e.66/value'
14:55:10.353 [AsyncHttpClient-1-2] DEBUG org.asynchttpclient.netty.handler.HttpHandler - 

Request DefaultHttpRequest(decodeResult: success, version: HTTP/1.1)
POST /session/76b4780b5fefb45e2133125c5adc0ffb/element/f.B5D6EC8C5694FCBBF5093D8B92B75E26.d.5141E45403B25B951BA30FEFE2AE2DC4.e.66/value HTTP/1.1
User-Agent: selenium/4.12.0 (java windows)
Content-Length: 149
Content-Type: application/json; charset=utf-8
host: localhost:32912
accept: */*

Response DefaultHttpResponse(decodeResult: success, version: HTTP/1.1)
HTTP/1.1 200 OK
Content-Length: 14
Content-Type: application/json; charset=utf-8
cache-control: no-cache

14:55:10.355 [AsyncHttpClient-1-2] DEBUG org.asynchttpclient.netty.channel.ChannelManager - Adding key: http://localhost:32912 for channel [id: 0x9685b241, L:/127.0.0.1:57927 - R:localhost/127.0.0.1:32912]
14:55:10.861 [Forwarding screenshot on session 76b4780b5fefb45e2133125c5adc0ffb to remote] DEBUG org.asynchttpclient.netty.request.NettyRequestSender - Using pooled Channel '[id: 0x9685b241, L:/127.0.0.1:57927 - R:localhost/127.0.0.1:32912]' for 'GET' to 'http://localhost:32912/session/76b4780b5fefb45e2133125c5adc0ffb/screenshot'
14:55:10.861 [Forwarding screenshot on session 76b4780b5fefb45e2133125c5adc0ffb to remote] DEBUG org.asynchttpclient.netty.request.NettyRequestSender - Using open Channel [id: 0x9685b241, L:/127.0.0.1:57927 - R:localhost/127.0.0.1:32912] for GET '/session/76b4780b5fefb45e2133125c5adc0ffb/screenshot'
14:55:10.974 [AsyncHttpClient-1-1] DEBUG org.asynchttpclient.netty.channel.DefaultChannelPool - Entry count for : http://localhost:57929 : 1
14:55:11.069 [AsyncHttpClient-1-2] DEBUG org.asynchttpclient.netty.handler.HttpHandler - 

Request DefaultFullHttpRequest(decodeResult: success, version: HTTP/1.1, content: EmptyByteBufBE)
GET /session/76b4780b5fefb45e2133125c5adc0ffb/screenshot HTTP/1.1
Cache-Control: no-cache
User-Agent: selenium/4.12.0 (java windows)
Content-Type: application/json; charset=utf-8
host: localhost:32912
accept: */*

Response DefaultHttpResponse(decodeResult: success, version: HTTP/1.1)
HTTP/1.1 200 OK
Content-Length: 316520
Content-Type: application/json; charset=utf-8
cache-control: no-cache

14:55:11.069 [AsyncHttpClient-1-2] DEBUG org.asynchttpclient.netty.channel.ChannelManager - Adding key: http://localhost:32912 for channel [id: 0x9685b241, L:/127.0.0.1:57927 - R:localhost/127.0.0.1:32912]
  And Provide the Address DetailsMain_street001 YK FL 987678 USA          # StepDefination.Customer_onboarding.Provide_the_address_Details(java.lang.String,java.lang.String,java.lang.String,java.lang.String,java.lang.String)
14:55:11.101 [Forwarding findElement on session 76b4780b5fefb45e2133125c5adc0ffb to remote] DEBUG org.asynchttpclient.netty.request.NettyRequestSender - Using pooled Channel '[id: 0x9685b241, L:/127.0.0.1:57927 - R:localhost/127.0.0.1:32912]' for 'POST' to 'http://localhost:32912/session/76b4780b5fefb45e2133125c5adc0ffb/element'
14:55:11.101 [Forwarding findElement on session 76b4780b5fefb45e2133125c5adc0ffb to remote] DEBUG org.asynchttpclient.netty.request.NettyRequestSender - Using open Channel [id: 0x9685b241, L:/127.0.0.1:57927 - R:localhost/127.0.0.1:32912] for POST '/session/76b4780b5fefb45e2133125c5adc0ffb/element'
14:55:11.126 [AsyncHttpClient-1-2] DEBUG org.asynchttpclient.netty.handler.HttpHandler - 

Request DefaultHttpRequest(decodeResult: success, version: HTTP/1.1)
POST /session/76b4780b5fefb45e2133125c5adc0ffb/element HTTP/1.1
User-Agent: selenium/4.12.0 (java windows)
Content-Length: 86
Content-Type: application/json; charset=utf-8
host: localhost:32912
accept: */*

Response DefaultHttpResponse(decodeResult: success, version: HTTP/1.1)
HTTP/1.1 200 OK
Content-Length: 126
Content-Type: application/json; charset=utf-8
cache-control: no-cache

14:55:11.126 [AsyncHttpClient-1-2] DEBUG org.asynchttpclient.netty.channel.ChannelManager - Adding key: http://localhost:32912 for channel [id: 0x9685b241, L:/127.0.0.1:57927 - R:localhost/127.0.0.1:32912]
14:55:11.132 [Forwarding clickElement on session 76b4780b5fefb45e2133125c5adc0ffb to remote] DEBUG org.asynchttpclient.netty.request.NettyRequestSender - Using pooled Channel '[id: 0x9685b241, L:/127.0.0.1:57927 - R:localhost/127.0.0.1:32912]' for 'POST' to 'http://localhost:32912/session/76b4780b5fefb45e2133125c5adc0ffb/element/f.B5D6EC8C5694FCBBF5093D8B92B75E26.d.5141E45403B25B951BA30FEFE2AE2DC4.e.61/click'
14:55:11.132 [Forwarding clickElement on session 76b4780b5fefb45e2133125c5adc0ffb to remote] DEBUG org.asynchttpclient.netty.request.NettyRequestSender - Using open Channel [id: 0x9685b241, L:/127.0.0.1:57927 - R:localhost/127.0.0.1:32912] for POST '/session/76b4780b5fefb45e2133125c5adc0ffb/element/f.B5D6EC8C5694FCBBF5093D8B92B75E26.d.5141E45403B25B951BA30FEFE2AE2DC4.e.61/click'
14:55:11.266 [AsyncHttpClient-1-2] DEBUG org.asynchttpclient.netty.handler.HttpHandler - 

Request DefaultHttpRequest(decodeResult: success, version: HTTP/1.1)
POST /session/76b4780b5fefb45e2133125c5adc0ffb/element/f.B5D6EC8C5694FCBBF5093D8B92B75E26.d.5141E45403B25B951BA30FEFE2AE2DC4.e.61/click HTTP/1.1
User-Agent: selenium/4.12.0 (java windows)
Content-Length: 88
Content-Type: application/json; charset=utf-8
host: localhost:32912
accept: */*

Response DefaultHttpResponse(decodeResult: success, version: HTTP/1.1)
HTTP/1.1 200 OK
Content-Length: 14
Content-Type: application/json; charset=utf-8
cache-control: no-cache

14:55:11.266 [AsyncHttpClient-1-2] DEBUG org.asynchttpclient.netty.channel.ChannelManager - Adding key: http://localhost:32912 for channel [id: 0x9685b241, L:/127.0.0.1:57927 - R:localhost/127.0.0.1:32912]
14:55:12.073 [AsyncHttpClient-1-1] DEBUG org.asynchttpclient.netty.channel.DefaultChannelPool - Entry count for : http://localhost:32912 : 1
14:55:12.073 [AsyncHttpClient-1-1] DEBUG org.asynchttpclient.netty.channel.DefaultChannelPool - Entry count for : http://localhost:57929 : 1
14:55:12.277 [Forwarding findElement on session 76b4780b5fefb45e2133125c5adc0ffb to remote] DEBUG org.asynchttpclient.netty.request.NettyRequestSender - Using pooled Channel '[id: 0x9685b241, L:/127.0.0.1:57927 - R:localhost/127.0.0.1:32912]' for 'POST' to 'http://localhost:32912/session/76b4780b5fefb45e2133125c5adc0ffb/element'
14:55:12.277 [Forwarding findElement on session 76b4780b5fefb45e2133125c5adc0ffb to remote] DEBUG org.asynchttpclient.netty.request.NettyRequestSender - Using open Channel [id: 0x9685b241, L:/127.0.0.1:57927 - R:localhost/127.0.0.1:32912] for POST '/session/76b4780b5fefb45e2133125c5adc0ffb/element'
14:55:12.299 [AsyncHttpClient-1-2] DEBUG org.asynchttpclient.netty.handler.HttpHandler - 

Request DefaultHttpRequest(decodeResult: success, version: HTTP/1.1)
POST /session/76b4780b5fefb45e2133125c5adc0ffb/element HTTP/1.1
User-Agent: selenium/4.12.0 (java windows)
Content-Length: 124
Content-Type: application/json; charset=utf-8
host: localhost:32912
accept: */*

Response DefaultHttpResponse(decodeResult: success, version: HTTP/1.1)
HTTP/1.1 200 OK
Content-Length: 127
Content-Type: application/json; charset=utf-8
cache-control: no-cache

14:55:12.299 [AsyncHttpClient-1-2] DEBUG org.asynchttpclient.netty.channel.ChannelManager - Adding key: http://localhost:32912 for channel [id: 0x9685b241, L:/127.0.0.1:57927 - R:localhost/127.0.0.1:32912]
14:55:12.301 [Forwarding clickElement on session 76b4780b5fefb45e2133125c5adc0ffb to remote] DEBUG org.asynchttpclient.netty.request.NettyRequestSender - Using pooled Channel '[id: 0x9685b241, L:/127.0.0.1:57927 - R:localhost/127.0.0.1:32912]' for 'POST' to 'http://localhost:32912/session/76b4780b5fefb45e2133125c5adc0ffb/element/f.B5D6EC8C5694FCBBF5093D8B92B75E26.d.5141E45403B25B951BA30FEFE2AE2DC4.e.109/click'
14:55:12.301 [Forwarding clickElement on session 76b4780b5fefb45e2133125c5adc0ffb to remote] DEBUG org.asynchttpclient.netty.request.NettyRequestSender - Using open Channel [id: 0x9685b241, L:/127.0.0.1:57927 - R:localhost/127.0.0.1:32912] for POST '/session/76b4780b5fefb45e2133125c5adc0ffb/element/f.B5D6EC8C5694FCBBF5093D8B92B75E26.d.5141E45403B25B951BA30FEFE2AE2DC4.e.109/click'
14:55:12.409 [AsyncHttpClient-1-2] DEBUG org.asynchttpclient.netty.handler.HttpHandler - 

Request DefaultHttpRequest(decodeResult: success, version: HTTP/1.1)
POST /session/76b4780b5fefb45e2133125c5adc0ffb/element/f.B5D6EC8C5694FCBBF5093D8B92B75E26.d.5141E45403B25B951BA30FEFE2AE2DC4.e.109/click HTTP/1.1
User-Agent: selenium/4.12.0 (java windows)
Content-Length: 89
Content-Type: application/json; charset=utf-8
host: localhost:32912
accept: */*

Response DefaultHttpResponse(decodeResult: success, version: HTTP/1.1)
HTTP/1.1 200 OK
Content-Length: 14
Content-Type: application/json; charset=utf-8
cache-control: no-cache

14:55:12.409 [AsyncHttpClient-1-2] DEBUG org.asynchttpclient.netty.channel.ChannelManager - Adding key: http://localhost:32912 for channel [id: 0x9685b241, L:/127.0.0.1:57927 - R:localhost/127.0.0.1:32912]
14:55:13.185 [AsyncHttpClient-1-1] DEBUG org.asynchttpclient.netty.channel.DefaultChannelPool - Entry count for : http://localhost:32912 : 1
14:55:13.185 [AsyncHttpClient-1-1] DEBUG org.asynchttpclient.netty.channel.DefaultChannelPool - Entry count for : http://localhost:57929 : 1
14:55:13.423 [Forwarding findElement on session 76b4780b5fefb45e2133125c5adc0ffb to remote] DEBUG org.asynchttpclient.netty.request.NettyRequestSender - Using pooled Channel '[id: 0x9685b241, L:/127.0.0.1:57927 - R:localhost/127.0.0.1:32912]' for 'POST' to 'http://localhost:32912/session/76b4780b5fefb45e2133125c5adc0ffb/element'
14:55:13.423 [Forwarding findElement on session 76b4780b5fefb45e2133125c5adc0ffb to remote] DEBUG org.asynchttpclient.netty.request.NettyRequestSender - Using open Channel [id: 0x9685b241, L:/127.0.0.1:57927 - R:localhost/127.0.0.1:32912] for POST '/session/76b4780b5fefb45e2133125c5adc0ffb/element'
14:55:13.437 [AsyncHttpClient-1-2] DEBUG org.asynchttpclient.netty.handler.HttpHandler - 

Request DefaultHttpRequest(decodeResult: success, version: HTTP/1.1)
POST /session/76b4780b5fefb45e2133125c5adc0ffb/element HTTP/1.1
User-Agent: selenium/4.12.0 (java windows)
Content-Length: 85
Content-Type: application/json; charset=utf-8
host: localhost:32912
accept: */*

Response DefaultHttpResponse(decodeResult: success, version: HTTP/1.1)
HTTP/1.1 200 OK
Content-Length: 127
Content-Type: application/json; charset=utf-8
cache-control: no-cache

14:55:13.437 [AsyncHttpClient-1-2] DEBUG org.asynchttpclient.netty.channel.ChannelManager - Adding key: http://localhost:32912 for channel [id: 0x9685b241, L:/127.0.0.1:57927 - R:localhost/127.0.0.1:32912]
14:55:13.437 [Forwarding sendKeysToElement on session 76b4780b5fefb45e2133125c5adc0ffb to remote] DEBUG org.asynchttpclient.netty.request.NettyRequestSender - Using pooled Channel '[id: 0x9685b241, L:/127.0.0.1:57927 - R:localhost/127.0.0.1:32912]' for 'POST' to 'http://localhost:32912/session/76b4780b5fefb45e2133125c5adc0ffb/element/f.B5D6EC8C5694FCBBF5093D8B92B75E26.d.5141E45403B25B951BA30FEFE2AE2DC4.e.111/value'
14:55:13.437 [Forwarding sendKeysToElement on session 76b4780b5fefb45e2133125c5adc0ffb to remote] DEBUG org.asynchttpclient.netty.request.NettyRequestSender - Using open Channel [id: 0x9685b241, L:/127.0.0.1:57927 - R:localhost/127.0.0.1:32912] for POST '/session/76b4780b5fefb45e2133125c5adc0ffb/element/f.B5D6EC8C5694FCBBF5093D8B92B75E26.d.5141E45403B25B951BA30FEFE2AE2DC4.e.111/value'
14:55:13.661 [AsyncHttpClient-1-2] DEBUG org.asynchttpclient.netty.handler.HttpHandler - 

Request DefaultHttpRequest(decodeResult: success, version: HTTP/1.1)
POST /session/76b4780b5fefb45e2133125c5adc0ffb/element/f.B5D6EC8C5694FCBBF5093D8B92B75E26.d.5141E45403B25B951BA30FEFE2AE2DC4.e.111/value HTTP/1.1
User-Agent: selenium/4.12.0 (java windows)
Content-Length: 260
Content-Type: application/json; charset=utf-8
host: localhost:32912
accept: */*

Response DefaultHttpResponse(decodeResult: success, version: HTTP/1.1)
HTTP/1.1 200 OK
Content-Length: 14
Content-Type: application/json; charset=utf-8
cache-control: no-cache

14:55:13.662 [AsyncHttpClient-1-2] DEBUG org.asynchttpclient.netty.channel.ChannelManager - Adding key: http://localhost:32912 for channel [id: 0x9685b241, L:/127.0.0.1:57927 - R:localhost/127.0.0.1:32912]
14:55:14.169 [Forwarding screenshot on session 76b4780b5fefb45e2133125c5adc0ffb to remote] DEBUG org.asynchttpclient.netty.request.NettyRequestSender - Using pooled Channel '[id: 0x9685b241, L:/127.0.0.1:57927 - R:localhost/127.0.0.1:32912]' for 'GET' to 'http://localhost:32912/session/76b4780b5fefb45e2133125c5adc0ffb/screenshot'
14:55:14.169 [Forwarding screenshot on session 76b4780b5fefb45e2133125c5adc0ffb to remote] DEBUG org.asynchttpclient.netty.request.NettyRequestSender - Using open Channel [id: 0x9685b241, L:/127.0.0.1:57927 - R:localhost/127.0.0.1:32912] for GET '/session/76b4780b5fefb45e2133125c5adc0ffb/screenshot'
14:55:14.284 [AsyncHttpClient-1-1] DEBUG org.asynchttpclient.netty.channel.DefaultChannelPool - Entry count for : http://localhost:57929 : 1
14:55:14.347 [AsyncHttpClient-1-2] DEBUG org.asynchttpclient.netty.handler.HttpHandler - 

Request DefaultFullHttpRequest(decodeResult: success, version: HTTP/1.1, content: EmptyByteBufBE)
GET /session/76b4780b5fefb45e2133125c5adc0ffb/screenshot HTTP/1.1
Cache-Control: no-cache
User-Agent: selenium/4.12.0 (java windows)
Content-Type: application/json; charset=utf-8
host: localhost:32912
accept: */*

Response DefaultHttpResponse(decodeResult: success, version: HTTP/1.1)
HTTP/1.1 200 OK
Content-Length: 321500
Content-Type: application/json; charset=utf-8
cache-control: no-cache

14:55:14.347 [AsyncHttpClient-1-2] DEBUG org.asynchttpclient.netty.channel.ChannelManager - Adding key: http://localhost:32912 for channel [id: 0x9685b241, L:/127.0.0.1:57927 - R:localhost/127.0.0.1:32912]
  And Provide the bookvia with Emailroyal.book.com                        # StepDefination.Customer_onboarding.Provide_the_bookvia_email(java.lang.String)
14:55:15.382 [AsyncHttpClient-1-1] DEBUG org.asynchttpclient.netty.channel.DefaultChannelPool - Entry count for : http://localhost:32912 : 1
14:55:15.382 [AsyncHttpClient-1-1] DEBUG org.asynchttpclient.netty.channel.DefaultChannelPool - Entry count for : http://localhost:57929 : 1
14:55:15.382 [Forwarding findElement on session 76b4780b5fefb45e2133125c5adc0ffb to remote] DEBUG org.asynchttpclient.netty.request.NettyRequestSender - Using pooled Channel '[id: 0x9685b241, L:/127.0.0.1:57927 - R:localhost/127.0.0.1:32912]' for 'POST' to 'http://localhost:32912/session/76b4780b5fefb45e2133125c5adc0ffb/element'
14:55:15.382 [Forwarding findElement on session 76b4780b5fefb45e2133125c5adc0ffb to remote] DEBUG org.asynchttpclient.netty.request.NettyRequestSender - Using open Channel [id: 0x9685b241, L:/127.0.0.1:57927 - R:localhost/127.0.0.1:32912] for POST '/session/76b4780b5fefb45e2133125c5adc0ffb/element'
14:55:15.399 [AsyncHttpClient-1-2] DEBUG org.asynchttpclient.netty.handler.HttpHandler - 

Request DefaultHttpRequest(decodeResult: success, version: HTTP/1.1)
POST /session/76b4780b5fefb45e2133125c5adc0ffb/element HTTP/1.1
User-Agent: selenium/4.12.0 (java windows)
Content-Length: 121
Content-Type: application/json; charset=utf-8
host: localhost:32912
accept: */*

Response DefaultHttpResponse(decodeResult: success, version: HTTP/1.1)
HTTP/1.1 200 OK
Content-Length: 126
Content-Type: application/json; charset=utf-8
cache-control: no-cache

14:55:15.399 [AsyncHttpClient-1-2] DEBUG org.asynchttpclient.netty.channel.ChannelManager - Adding key: http://localhost:32912 for channel [id: 0x9685b241, L:/127.0.0.1:57927 - R:localhost/127.0.0.1:32912]
14:55:15.399 [Forwarding sendKeysToElement on session 76b4780b5fefb45e2133125c5adc0ffb to remote] DEBUG org.asynchttpclient.netty.request.NettyRequestSender - Using pooled Channel '[id: 0x9685b241, L:/127.0.0.1:57927 - R:localhost/127.0.0.1:32912]' for 'POST' to 'http://localhost:32912/session/76b4780b5fefb45e2133125c5adc0ffb/element/f.B5D6EC8C5694FCBBF5093D8B92B75E26.d.5141E45403B25B951BA30FEFE2AE2DC4.e.67/value'
14:55:15.399 [Forwarding sendKeysToElement on session 76b4780b5fefb45e2133125c5adc0ffb to remote] DEBUG org.asynchttpclient.netty.request.NettyRequestSender - Using open Channel [id: 0x9685b241, L:/127.0.0.1:57927 - R:localhost/127.0.0.1:32912] for POST '/session/76b4780b5fefb45e2133125c5adc0ffb/element/f.B5D6EC8C5694FCBBF5093D8B92B75E26.d.5141E45403B25B951BA30FEFE2AE2DC4.e.67/value'
14:55:15.796 [AsyncHttpClient-1-2] DEBUG org.asynchttpclient.netty.handler.HttpHandler - 

Request DefaultHttpRequest(decodeResult: success, version: HTTP/1.1)
POST /session/76b4780b5fefb45e2133125c5adc0ffb/element/f.B5D6EC8C5694FCBBF5093D8B92B75E26.d.5141E45403B25B951BA30FEFE2AE2DC4.e.67/value HTTP/1.1
User-Agent: selenium/4.12.0 (java windows)
Content-Length: 399
Content-Type: application/json; charset=utf-8
host: localhost:32912
accept: */*

Response DefaultHttpResponse(decodeResult: success, version: HTTP/1.1)
HTTP/1.1 200 OK
Content-Length: 14
Content-Type: application/json; charset=utf-8
cache-control: no-cache

14:55:15.796 [AsyncHttpClient-1-2] DEBUG org.asynchttpclient.netty.channel.ChannelManager - Adding key: http://localhost:32912 for channel [id: 0x9685b241, L:/127.0.0.1:57927 - R:localhost/127.0.0.1:32912]
14:55:16.316 [Forwarding screenshot on session 76b4780b5fefb45e2133125c5adc0ffb to remote] DEBUG org.asynchttpclient.netty.request.NettyRequestSender - Using pooled Channel '[id: 0x9685b241, L:/127.0.0.1:57927 - R:localhost/127.0.0.1:32912]' for 'GET' to 'http://localhost:32912/session/76b4780b5fefb45e2133125c5adc0ffb/screenshot'
14:55:16.316 [Forwarding screenshot on session 76b4780b5fefb45e2133125c5adc0ffb to remote] DEBUG org.asynchttpclient.netty.request.NettyRequestSender - Using open Channel [id: 0x9685b241, L:/127.0.0.1:57927 - R:localhost/127.0.0.1:32912] for GET '/session/76b4780b5fefb45e2133125c5adc0ffb/screenshot'
14:55:16.482 [AsyncHttpClient-1-1] DEBUG org.asynchttpclient.netty.channel.DefaultChannelPool - Entry count for : http://localhost:57929 : 1
14:55:16.514 [AsyncHttpClient-1-2] DEBUG org.asynchttpclient.netty.handler.HttpHandler - 

Request DefaultFullHttpRequest(decodeResult: success, version: HTTP/1.1, content: EmptyByteBufBE)
GET /session/76b4780b5fefb45e2133125c5adc0ffb/screenshot HTTP/1.1
Cache-Control: no-cache
User-Agent: selenium/4.12.0 (java windows)
Content-Type: application/json; charset=utf-8
host: localhost:32912
accept: */*

Response DefaultHttpResponse(decodeResult: success, version: HTTP/1.1)
HTTP/1.1 200 OK
Content-Length: 339116
Content-Type: application/json; charset=utf-8
cache-control: no-cache

14:55:16.514 [AsyncHttpClient-1-2] DEBUG org.asynchttpclient.netty.channel.ChannelManager - Adding key: http://localhost:32912 for channel [id: 0x9685b241, L:/127.0.0.1:57927 - R:localhost/127.0.0.1:32912]
  And Provide the special_instructionsspecial_instruction_customer        # StepDefination.Customer_onboarding.Provide_the_special_instructions(java.lang.String)
14:55:17.545 [Forwarding findElement on session 76b4780b5fefb45e2133125c5adc0ffb to remote] DEBUG org.asynchttpclient.netty.request.NettyRequestSender - Using pooled Channel '[id: 0x9685b241, L:/127.0.0.1:57927 - R:localhost/127.0.0.1:32912]' for 'POST' to 'http://localhost:32912/session/76b4780b5fefb45e2133125c5adc0ffb/element'
14:55:17.545 [Forwarding findElement on session 76b4780b5fefb45e2133125c5adc0ffb to remote] DEBUG org.asynchttpclient.netty.request.NettyRequestSender - Using open Channel [id: 0x9685b241, L:/127.0.0.1:57927 - R:localhost/127.0.0.1:32912] for POST '/session/76b4780b5fefb45e2133125c5adc0ffb/element'
14:55:17.561 [AsyncHttpClient-1-2] DEBUG org.asynchttpclient.netty.handler.HttpHandler - 

Request DefaultHttpRequest(decodeResult: success, version: HTTP/1.1)
POST /session/76b4780b5fefb45e2133125c5adc0ffb/element HTTP/1.1
User-Agent: selenium/4.12.0 (java windows)
Content-Length: 250
Content-Type: application/json; charset=utf-8
host: localhost:32912
accept: */*

Response DefaultHttpResponse(decodeResult: success, version: HTTP/1.1)
HTTP/1.1 200 OK
Content-Length: 127
Content-Type: application/json; charset=utf-8
cache-control: no-cache

14:55:17.561 [AsyncHttpClient-1-2] DEBUG org.asynchttpclient.netty.channel.ChannelManager - Adding key: http://localhost:32912 for channel [id: 0x9685b241, L:/127.0.0.1:57927 - R:localhost/127.0.0.1:32912]
14:55:17.577 [AsyncHttpClient-1-1] DEBUG org.asynchttpclient.netty.channel.DefaultChannelPool - Entry count for : http://localhost:32912 : 1
14:55:17.577 [AsyncHttpClient-1-1] DEBUG org.asynchttpclient.netty.channel.DefaultChannelPool - Entry count for : http://localhost:57929 : 1
14:55:17.577 [Forwarding actions on session 76b4780b5fefb45e2133125c5adc0ffb to remote] DEBUG org.asynchttpclient.netty.request.NettyRequestSender - Using pooled Channel '[id: 0x9685b241, L:/127.0.0.1:57927 - R:localhost/127.0.0.1:32912]' for 'POST' to 'http://localhost:32912/session/76b4780b5fefb45e2133125c5adc0ffb/actions'
14:55:17.577 [Forwarding actions on session 76b4780b5fefb45e2133125c5adc0ffb to remote] DEBUG org.asynchttpclient.netty.request.NettyRequestSender - Using open Channel [id: 0x9685b241, L:/127.0.0.1:57927 - R:localhost/127.0.0.1:32912] for POST '/session/76b4780b5fefb45e2133125c5adc0ffb/actions'
14:55:17.764 [AsyncHttpClient-1-2] DEBUG org.asynchttpclient.netty.handler.HttpHandler - 

Request DefaultHttpRequest(decodeResult: success, version: HTTP/1.1)
POST /session/76b4780b5fefb45e2133125c5adc0ffb/actions HTTP/1.1
User-Agent: selenium/4.12.0 (java windows)
Content-Length: 606
Content-Type: application/json; charset=utf-8
host: localhost:32912
accept: */*

Response DefaultHttpResponse(decodeResult: success, version: HTTP/1.1)
HTTP/1.1 200 OK
Content-Length: 14
Content-Type: application/json; charset=utf-8
cache-control: no-cache

14:55:17.765 [AsyncHttpClient-1-2] DEBUG org.asynchttpclient.netty.channel.ChannelManager - Adding key: http://localhost:32912 for channel [id: 0x9685b241, L:/127.0.0.1:57927 - R:localhost/127.0.0.1:32912]
14:55:18.280 [Forwarding findElement on session 76b4780b5fefb45e2133125c5adc0ffb to remote] DEBUG org.asynchttpclient.netty.request.NettyRequestSender - Using pooled Channel '[id: 0x9685b241, L:/127.0.0.1:57927 - R:localhost/127.0.0.1:32912]' for 'POST' to 'http://localhost:32912/session/76b4780b5fefb45e2133125c5adc0ffb/element'
14:55:18.280 [Forwarding findElement on session 76b4780b5fefb45e2133125c5adc0ffb to remote] DEBUG org.asynchttpclient.netty.request.NettyRequestSender - Using open Channel [id: 0x9685b241, L:/127.0.0.1:57927 - R:localhost/127.0.0.1:32912] for POST '/session/76b4780b5fefb45e2133125c5adc0ffb/element'
14:55:18.298 [AsyncHttpClient-1-2] DEBUG org.asynchttpclient.netty.handler.HttpHandler - 

Request DefaultHttpRequest(decodeResult: success, version: HTTP/1.1)
POST /session/76b4780b5fefb45e2133125c5adc0ffb/element HTTP/1.1
User-Agent: selenium/4.12.0 (java windows)
Content-Length: 279
Content-Type: application/json; charset=utf-8
host: localhost:32912
accept: */*

Response DefaultHttpResponse(decodeResult: success, version: HTTP/1.1)
HTTP/1.1 200 OK
Content-Length: 127
Content-Type: application/json; charset=utf-8
cache-control: no-cache

14:55:18.298 [AsyncHttpClient-1-2] DEBUG org.asynchttpclient.netty.channel.ChannelManager - Adding key: http://localhost:32912 for channel [id: 0x9685b241, L:/127.0.0.1:57927 - R:localhost/127.0.0.1:32912]
14:55:18.298 [Forwarding actions on session 76b4780b5fefb45e2133125c5adc0ffb to remote] DEBUG org.asynchttpclient.netty.request.NettyRequestSender - Using pooled Channel '[id: 0x9685b241, L:/127.0.0.1:57927 - R:localhost/127.0.0.1:32912]' for 'POST' to 'http://localhost:32912/session/76b4780b5fefb45e2133125c5adc0ffb/actions'
14:55:18.298 [Forwarding actions on session 76b4780b5fefb45e2133125c5adc0ffb to remote] DEBUG org.asynchttpclient.netty.request.NettyRequestSender - Using open Channel [id: 0x9685b241, L:/127.0.0.1:57927 - R:localhost/127.0.0.1:32912] for POST '/session/76b4780b5fefb45e2133125c5adc0ffb/actions'
14:55:18.454 [AsyncHttpClient-1-2] DEBUG org.asynchttpclient.netty.handler.HttpHandler - 

Request DefaultHttpRequest(decodeResult: success, version: HTTP/1.1)
POST /session/76b4780b5fefb45e2133125c5adc0ffb/actions HTTP/1.1
User-Agent: selenium/4.12.0 (java windows)
Content-Length: 606
Content-Type: application/json; charset=utf-8
host: localhost:32912
accept: */*

Response DefaultHttpResponse(decodeResult: success, version: HTTP/1.1)
HTTP/1.1 200 OK
Content-Length: 14
Content-Type: application/json; charset=utf-8
cache-control: no-cache

14:55:18.455 [AsyncHttpClient-1-2] DEBUG org.asynchttpclient.netty.channel.ChannelManager - Adding key: http://localhost:32912 for channel [id: 0x9685b241, L:/127.0.0.1:57927 - R:localhost/127.0.0.1:32912]
14:55:18.455 [Forwarding sendKeysToElement on session 76b4780b5fefb45e2133125c5adc0ffb to remote] DEBUG org.asynchttpclient.netty.request.NettyRequestSender - Using pooled Channel '[id: 0x9685b241, L:/127.0.0.1:57927 - R:localhost/127.0.0.1:32912]' for 'POST' to 'http://localhost:32912/session/76b4780b5fefb45e2133125c5adc0ffb/element/f.B5D6EC8C5694FCBBF5093D8B92B75E26.d.5141E45403B25B951BA30FEFE2AE2DC4.e.120/value'
14:55:18.455 [Forwarding sendKeysToElement on session 76b4780b5fefb45e2133125c5adc0ffb to remote] DEBUG org.asynchttpclient.netty.request.NettyRequestSender - Using open Channel [id: 0x9685b241, L:/127.0.0.1:57927 - R:localhost/127.0.0.1:32912] for POST '/session/76b4780b5fefb45e2133125c5adc0ffb/element/f.B5D6EC8C5694FCBBF5093D8B92B75E26.d.5141E45403B25B951BA30FEFE2AE2DC4.e.120/value'
14:55:18.543 [AsyncHttpClient-1-2] DEBUG org.asynchttpclient.netty.handler.HttpHandler - 

Request DefaultHttpRequest(decodeResult: success, version: HTTP/1.1)
POST /session/76b4780b5fefb45e2133125c5adc0ffb/element/f.B5D6EC8C5694FCBBF5093D8B92B75E26.d.5141E45403B25B951BA30FEFE2AE2DC4.e.120/value HTTP/1.1
User-Agent: selenium/4.12.0 (java windows)
Content-Length: 170
Content-Type: application/json; charset=utf-8
host: localhost:32912
accept: */*

Response DefaultHttpResponse(decodeResult: success, version: HTTP/1.1)
HTTP/1.1 200 OK
Content-Length: 14
Content-Type: application/json; charset=utf-8
cache-control: no-cache

14:55:18.543 [AsyncHttpClient-1-2] DEBUG org.asynchttpclient.netty.channel.ChannelManager - Adding key: http://localhost:32912 for channel [id: 0x9685b241, L:/127.0.0.1:57927 - R:localhost/127.0.0.1:32912]
14:55:18.677 [AsyncHttpClient-1-1] DEBUG org.asynchttpclient.netty.channel.DefaultChannelPool - Entry count for : http://localhost:32912 : 1
14:55:18.677 [AsyncHttpClient-1-1] DEBUG org.asynchttpclient.netty.channel.DefaultChannelPool - Entry count for : http://localhost:57929 : 1
14:55:19.055 [Forwarding findElement on session 76b4780b5fefb45e2133125c5adc0ffb to remote] DEBUG org.asynchttpclient.netty.request.NettyRequestSender - Using pooled Channel '[id: 0x9685b241, L:/127.0.0.1:57927 - R:localhost/127.0.0.1:32912]' for 'POST' to 'http://localhost:32912/session/76b4780b5fefb45e2133125c5adc0ffb/element'
14:55:19.055 [Forwarding findElement on session 76b4780b5fefb45e2133125c5adc0ffb to remote] DEBUG org.asynchttpclient.netty.request.NettyRequestSender - Using open Channel [id: 0x9685b241, L:/127.0.0.1:57927 - R:localhost/127.0.0.1:32912] for POST '/session/76b4780b5fefb45e2133125c5adc0ffb/element'
14:55:19.078 [AsyncHttpClient-1-2] DEBUG org.asynchttpclient.netty.handler.HttpHandler - 

Request DefaultHttpRequest(decodeResult: success, version: HTTP/1.1)
POST /session/76b4780b5fefb45e2133125c5adc0ffb/element HTTP/1.1
User-Agent: selenium/4.12.0 (java windows)
Content-Length: 69
Content-Type: application/json; charset=utf-8
host: localhost:32912
accept: */*

Response DefaultHttpResponse(decodeResult: success, version: HTTP/1.1)
HTTP/1.1 200 OK
Content-Length: 127
Content-Type: application/json; charset=utf-8
cache-control: no-cache

14:55:19.078 [AsyncHttpClient-1-2] DEBUG org.asynchttpclient.netty.channel.ChannelManager - Adding key: http://localhost:32912 for channel [id: 0x9685b241, L:/127.0.0.1:57927 - R:localhost/127.0.0.1:32912]
14:55:19.080 [Forwarding clickElement on session 76b4780b5fefb45e2133125c5adc0ffb to remote] DEBUG org.asynchttpclient.netty.request.NettyRequestSender - Using pooled Channel '[id: 0x9685b241, L:/127.0.0.1:57927 - R:localhost/127.0.0.1:32912]' for 'POST' to 'http://localhost:32912/session/76b4780b5fefb45e2133125c5adc0ffb/element/f.B5D6EC8C5694FCBBF5093D8B92B75E26.d.5141E45403B25B951BA30FEFE2AE2DC4.e.127/click'
14:55:19.080 [Forwarding clickElement on session 76b4780b5fefb45e2133125c5adc0ffb to remote] DEBUG org.asynchttpclient.netty.request.NettyRequestSender - Using open Channel [id: 0x9685b241, L:/127.0.0.1:57927 - R:localhost/127.0.0.1:32912] for POST '/session/76b4780b5fefb45e2133125c5adc0ffb/element/f.B5D6EC8C5694FCBBF5093D8B92B75E26.d.5141E45403B25B951BA30FEFE2AE2DC4.e.127/click'
14:55:19.176 [AsyncHttpClient-1-2] DEBUG org.asynchttpclient.netty.handler.HttpHandler - 

Request DefaultHttpRequest(decodeResult: success, version: HTTP/1.1)
POST /session/76b4780b5fefb45e2133125c5adc0ffb/element/f.B5D6EC8C5694FCBBF5093D8B92B75E26.d.5141E45403B25B951BA30FEFE2AE2DC4.e.127/click HTTP/1.1
User-Agent: selenium/4.12.0 (java windows)
Content-Length: 89
Content-Type: application/json; charset=utf-8
host: localhost:32912
accept: */*

Response DefaultHttpResponse(decodeResult: success, version: HTTP/1.1)
HTTP/1.1 200 OK
Content-Length: 14
Content-Type: application/json; charset=utf-8
cache-control: no-cache

14:55:19.176 [AsyncHttpClient-1-2] DEBUG org.asynchttpclient.netty.channel.ChannelManager - Adding key: http://localhost:32912 for channel [id: 0x9685b241, L:/127.0.0.1:57927 - R:localhost/127.0.0.1:32912]
14:55:19.689 [Forwarding findElement on session 76b4780b5fefb45e2133125c5adc0ffb to remote] DEBUG org.asynchttpclient.netty.request.NettyRequestSender - Using pooled Channel '[id: 0x9685b241, L:/127.0.0.1:57927 - R:localhost/127.0.0.1:32912]' for 'POST' to 'http://localhost:32912/session/76b4780b5fefb45e2133125c5adc0ffb/element'
14:55:19.689 [Forwarding findElement on session 76b4780b5fefb45e2133125c5adc0ffb to remote] DEBUG org.asynchttpclient.netty.request.NettyRequestSender - Using open Channel [id: 0x9685b241, L:/127.0.0.1:57927 - R:localhost/127.0.0.1:32912] for POST '/session/76b4780b5fefb45e2133125c5adc0ffb/element'
14:55:19.710 [AsyncHttpClient-1-2] DEBUG org.asynchttpclient.netty.handler.HttpHandler - 

Request DefaultHttpRequest(decodeResult: success, version: HTTP/1.1)
POST /session/76b4780b5fefb45e2133125c5adc0ffb/element HTTP/1.1
User-Agent: selenium/4.12.0 (java windows)
Content-Length: 279
Content-Type: application/json; charset=utf-8
host: localhost:32912
accept: */*

Response DefaultHttpResponse(decodeResult: success, version: HTTP/1.1)
HTTP/1.1 200 OK
Content-Length: 127
Content-Type: application/json; charset=utf-8
cache-control: no-cache

14:55:19.710 [AsyncHttpClient-1-2] DEBUG org.asynchttpclient.netty.channel.ChannelManager - Adding key: http://localhost:32912 for channel [id: 0x9685b241, L:/127.0.0.1:57927 - R:localhost/127.0.0.1:32912]
14:55:19.713 [Forwarding actions on session 76b4780b5fefb45e2133125c5adc0ffb to remote] DEBUG org.asynchttpclient.netty.request.NettyRequestSender - Using pooled Channel '[id: 0x9685b241, L:/127.0.0.1:57927 - R:localhost/127.0.0.1:32912]' for 'POST' to 'http://localhost:32912/session/76b4780b5fefb45e2133125c5adc0ffb/actions'
14:55:19.713 [Forwarding actions on session 76b4780b5fefb45e2133125c5adc0ffb to remote] DEBUG org.asynchttpclient.netty.request.NettyRequestSender - Using open Channel [id: 0x9685b241, L:/127.0.0.1:57927 - R:localhost/127.0.0.1:32912] for POST '/session/76b4780b5fefb45e2133125c5adc0ffb/actions'
14:55:19.786 [AsyncHttpClient-1-1] DEBUG org.asynchttpclient.netty.channel.DefaultChannelPool - Entry count for : http://localhost:57929 : 1
14:55:19.866 [AsyncHttpClient-1-2] DEBUG org.asynchttpclient.netty.handler.HttpHandler - 

Request DefaultHttpRequest(decodeResult: success, version: HTTP/1.1)
POST /session/76b4780b5fefb45e2133125c5adc0ffb/actions HTTP/1.1
User-Agent: selenium/4.12.0 (java windows)
Content-Length: 606
Content-Type: application/json; charset=utf-8
host: localhost:32912
accept: */*

Response DefaultHttpResponse(decodeResult: success, version: HTTP/1.1)
HTTP/1.1 200 OK
Content-Length: 14
Content-Type: application/json; charset=utf-8
cache-control: no-cache

14:55:19.866 [AsyncHttpClient-1-2] DEBUG org.asynchttpclient.netty.channel.ChannelManager - Adding key: http://localhost:32912 for channel [id: 0x9685b241, L:/127.0.0.1:57927 - R:localhost/127.0.0.1:32912]
14:55:19.870 [Forwarding clickElement on session 76b4780b5fefb45e2133125c5adc0ffb to remote] DEBUG org.asynchttpclient.netty.request.NettyRequestSender - Using pooled Channel '[id: 0x9685b241, L:/127.0.0.1:57927 - R:localhost/127.0.0.1:32912]' for 'POST' to 'http://localhost:32912/session/76b4780b5fefb45e2133125c5adc0ffb/element/f.B5D6EC8C5694FCBBF5093D8B92B75E26.d.5141E45403B25B951BA30FEFE2AE2DC4.e.121/click'
14:55:19.870 [Forwarding clickElement on session 76b4780b5fefb45e2133125c5adc0ffb to remote] DEBUG org.asynchttpclient.netty.request.NettyRequestSender - Using open Channel [id: 0x9685b241, L:/127.0.0.1:57927 - R:localhost/127.0.0.1:32912] for POST '/session/76b4780b5fefb45e2133125c5adc0ffb/element/f.B5D6EC8C5694FCBBF5093D8B92B75E26.d.5141E45403B25B951BA30FEFE2AE2DC4.e.121/click'
14:55:19.956 [AsyncHttpClient-1-2] DEBUG org.asynchttpclient.netty.handler.HttpHandler - 

Request DefaultHttpRequest(decodeResult: success, version: HTTP/1.1)
POST /session/76b4780b5fefb45e2133125c5adc0ffb/element/f.B5D6EC8C5694FCBBF5093D8B92B75E26.d.5141E45403B25B951BA30FEFE2AE2DC4.e.121/click HTTP/1.1
User-Agent: selenium/4.12.0 (java windows)
Content-Length: 89
Content-Type: application/json; charset=utf-8
host: localhost:32912
accept: */*

Response DefaultHttpResponse(decodeResult: success, version: HTTP/1.1)
HTTP/1.1 200 OK
Content-Length: 14
Content-Type: application/json; charset=utf-8
cache-control: no-cache

14:55:19.956 [AsyncHttpClient-1-2] DEBUG org.asynchttpclient.netty.channel.ChannelManager - Adding key: http://localhost:32912 for channel [id: 0x9685b241, L:/127.0.0.1:57927 - R:localhost/127.0.0.1:32912]
14:55:20.467 [Forwarding findElement on session 76b4780b5fefb45e2133125c5adc0ffb to remote] DEBUG org.asynchttpclient.netty.request.NettyRequestSender - Using pooled Channel '[id: 0x9685b241, L:/127.0.0.1:57927 - R:localhost/127.0.0.1:32912]' for 'POST' to 'http://localhost:32912/session/76b4780b5fefb45e2133125c5adc0ffb/element'
14:55:20.467 [Forwarding findElement on session 76b4780b5fefb45e2133125c5adc0ffb to remote] DEBUG org.asynchttpclient.netty.request.NettyRequestSender - Using open Channel [id: 0x9685b241, L:/127.0.0.1:57927 - R:localhost/127.0.0.1:32912] for POST '/session/76b4780b5fefb45e2133125c5adc0ffb/element'
14:55:20.486 [AsyncHttpClient-1-2] DEBUG org.asynchttpclient.netty.handler.HttpHandler - 

Request DefaultHttpRequest(decodeResult: success, version: HTTP/1.1)
POST /session/76b4780b5fefb45e2133125c5adc0ffb/element HTTP/1.1
User-Agent: selenium/4.12.0 (java windows)
Content-Length: 158
Content-Type: application/json; charset=utf-8
host: localhost:32912
accept: */*

Response DefaultHttpResponse(decodeResult: success, version: HTTP/1.1)
HTTP/1.1 200 OK
Content-Length: 127
Content-Type: application/json; charset=utf-8
cache-control: no-cache

14:55:20.486 [AsyncHttpClient-1-2] DEBUG org.asynchttpclient.netty.channel.ChannelManager - Adding key: http://localhost:32912 for channel [id: 0x9685b241, L:/127.0.0.1:57927 - R:localhost/127.0.0.1:32912]
14:55:20.486 [Forwarding clickElement on session 76b4780b5fefb45e2133125c5adc0ffb to remote] DEBUG org.asynchttpclient.netty.request.NettyRequestSender - Using pooled Channel '[id: 0x9685b241, L:/127.0.0.1:57927 - R:localhost/127.0.0.1:32912]' for 'POST' to 'http://localhost:32912/session/76b4780b5fefb45e2133125c5adc0ffb/element/f.B5D6EC8C5694FCBBF5093D8B92B75E26.d.5141E45403B25B951BA30FEFE2AE2DC4.e.131/click'
14:55:20.486 [Forwarding clickElement on session 76b4780b5fefb45e2133125c5adc0ffb to remote] DEBUG org.asynchttpclient.netty.request.NettyRequestSender - Using open Channel [id: 0x9685b241, L:/127.0.0.1:57927 - R:localhost/127.0.0.1:32912] for POST '/session/76b4780b5fefb45e2133125c5adc0ffb/element/f.B5D6EC8C5694FCBBF5093D8B92B75E26.d.5141E45403B25B951BA30FEFE2AE2DC4.e.131/click'
14:55:20.604 [AsyncHttpClient-1-2] DEBUG org.asynchttpclient.netty.handler.HttpHandler - 

Request DefaultHttpRequest(decodeResult: success, version: HTTP/1.1)
POST /session/76b4780b5fefb45e2133125c5adc0ffb/element/f.B5D6EC8C5694FCBBF5093D8B92B75E26.d.5141E45403B25B951BA30FEFE2AE2DC4.e.131/click HTTP/1.1
User-Agent: selenium/4.12.0 (java windows)
Content-Length: 89
Content-Type: application/json; charset=utf-8
host: localhost:32912
accept: */*

Response DefaultHttpResponse(decodeResult: success, version: HTTP/1.1)
HTTP/1.1 200 OK
Content-Length: 14
Content-Type: application/json; charset=utf-8
cache-control: no-cache

14:55:20.604 [AsyncHttpClient-1-2] DEBUG org.asynchttpclient.netty.channel.ChannelManager - Adding key: http://localhost:32912 for channel [id: 0x9685b241, L:/127.0.0.1:57927 - R:localhost/127.0.0.1:32912]
14:55:20.873 [AsyncHttpClient-1-1] DEBUG org.asynchttpclient.netty.channel.DefaultChannelPool - Entry count for : http://localhost:32912 : 1
14:55:20.873 [AsyncHttpClient-1-1] DEBUG org.asynchttpclient.netty.channel.DefaultChannelPool - Entry count for : http://localhost:57929 : 1
14:55:21.608 [Forwarding findElement on session 76b4780b5fefb45e2133125c5adc0ffb to remote] DEBUG org.asynchttpclient.netty.request.NettyRequestSender - Using pooled Channel '[id: 0x9685b241, L:/127.0.0.1:57927 - R:localhost/127.0.0.1:32912]' for 'POST' to 'http://localhost:32912/session/76b4780b5fefb45e2133125c5adc0ffb/element'
14:55:21.608 [Forwarding findElement on session 76b4780b5fefb45e2133125c5adc0ffb to remote] DEBUG org.asynchttpclient.netty.request.NettyRequestSender - Using open Channel [id: 0x9685b241, L:/127.0.0.1:57927 - R:localhost/127.0.0.1:32912] for POST '/session/76b4780b5fefb45e2133125c5adc0ffb/element'
14:55:21.627 [AsyncHttpClient-1-2] DEBUG org.asynchttpclient.netty.handler.HttpHandler - 

Request DefaultHttpRequest(decodeResult: success, version: HTTP/1.1)
POST /session/76b4780b5fefb45e2133125c5adc0ffb/element HTTP/1.1
User-Agent: selenium/4.12.0 (java windows)
Content-Length: 250
Content-Type: application/json; charset=utf-8
host: localhost:32912
accept: */*

Response DefaultHttpResponse(decodeResult: success, version: HTTP/1.1)
HTTP/1.1 200 OK
Content-Length: 127
Content-Type: application/json; charset=utf-8
cache-control: no-cache

14:55:21.627 [AsyncHttpClient-1-2] DEBUG org.asynchttpclient.netty.channel.ChannelManager - Adding key: http://localhost:32912 for channel [id: 0x9685b241, L:/127.0.0.1:57927 - R:localhost/127.0.0.1:32912]
14:55:21.631 [Forwarding actions on session 76b4780b5fefb45e2133125c5adc0ffb to remote] DEBUG org.asynchttpclient.netty.request.NettyRequestSender - Using pooled Channel '[id: 0x9685b241, L:/127.0.0.1:57927 - R:localhost/127.0.0.1:32912]' for 'POST' to 'http://localhost:32912/session/76b4780b5fefb45e2133125c5adc0ffb/actions'
14:55:21.631 [Forwarding actions on session 76b4780b5fefb45e2133125c5adc0ffb to remote] DEBUG org.asynchttpclient.netty.request.NettyRequestSender - Using open Channel [id: 0x9685b241, L:/127.0.0.1:57927 - R:localhost/127.0.0.1:32912] for POST '/session/76b4780b5fefb45e2133125c5adc0ffb/actions'
14:55:21.814 [AsyncHttpClient-1-2] DEBUG org.asynchttpclient.netty.handler.HttpHandler - 

Request DefaultHttpRequest(decodeResult: success, version: HTTP/1.1)
POST /session/76b4780b5fefb45e2133125c5adc0ffb/actions HTTP/1.1
User-Agent: selenium/4.12.0 (java windows)
Content-Length: 606
Content-Type: application/json; charset=utf-8
host: localhost:32912
accept: */*

Response DefaultHttpResponse(decodeResult: success, version: HTTP/1.1)
HTTP/1.1 200 OK
Content-Length: 14
Content-Type: application/json; charset=utf-8
cache-control: no-cache

14:55:21.814 [AsyncHttpClient-1-2] DEBUG org.asynchttpclient.netty.channel.ChannelManager - Adding key: http://localhost:32912 for channel [id: 0x9685b241, L:/127.0.0.1:57927 - R:localhost/127.0.0.1:32912]
14:55:21.822 [Forwarding findElement on session 76b4780b5fefb45e2133125c5adc0ffb to remote] DEBUG org.asynchttpclient.netty.request.NettyRequestSender - Using pooled Channel '[id: 0x9685b241, L:/127.0.0.1:57927 - R:localhost/127.0.0.1:32912]' for 'POST' to 'http://localhost:32912/session/76b4780b5fefb45e2133125c5adc0ffb/element'
14:55:21.822 [Forwarding findElement on session 76b4780b5fefb45e2133125c5adc0ffb to remote] DEBUG org.asynchttpclient.netty.request.NettyRequestSender - Using open Channel [id: 0x9685b241, L:/127.0.0.1:57927 - R:localhost/127.0.0.1:32912] for POST '/session/76b4780b5fefb45e2133125c5adc0ffb/element'
14:55:21.838 [AsyncHttpClient-1-2] DEBUG org.asynchttpclient.netty.handler.HttpHandler - 

Request DefaultHttpRequest(decodeResult: success, version: HTTP/1.1)
POST /session/76b4780b5fefb45e2133125c5adc0ffb/element HTTP/1.1
User-Agent: selenium/4.12.0 (java windows)
Content-Length: 250
Content-Type: application/json; charset=utf-8
host: localhost:32912
accept: */*

Response DefaultHttpResponse(decodeResult: success, version: HTTP/1.1)
HTTP/1.1 200 OK
Content-Length: 127
Content-Type: application/json; charset=utf-8
cache-control: no-cache

14:55:21.838 [AsyncHttpClient-1-2] DEBUG org.asynchttpclient.netty.channel.ChannelManager - Adding key: http://localhost:32912 for channel [id: 0x9685b241, L:/127.0.0.1:57927 - R:localhost/127.0.0.1:32912]
14:55:21.846 [Forwarding actions on session 76b4780b5fefb45e2133125c5adc0ffb to remote] DEBUG org.asynchttpclient.netty.request.NettyRequestSender - Using pooled Channel '[id: 0x9685b241, L:/127.0.0.1:57927 - R:localhost/127.0.0.1:32912]' for 'POST' to 'http://localhost:32912/session/76b4780b5fefb45e2133125c5adc0ffb/actions'
14:55:21.846 [Forwarding actions on session 76b4780b5fefb45e2133125c5adc0ffb to remote] DEBUG org.asynchttpclient.netty.request.NettyRequestSender - Using open Channel [id: 0x9685b241, L:/127.0.0.1:57927 - R:localhost/127.0.0.1:32912] for POST '/session/76b4780b5fefb45e2133125c5adc0ffb/actions'
14:55:21.975 [AsyncHttpClient-1-1] DEBUG org.asynchttpclient.netty.channel.DefaultChannelPool - Entry count for : http://localhost:57929 : 1
14:55:22.015 [AsyncHttpClient-1-2] DEBUG org.asynchttpclient.netty.handler.HttpHandler - 

Request DefaultHttpRequest(decodeResult: success, version: HTTP/1.1)
POST /session/76b4780b5fefb45e2133125c5adc0ffb/actions HTTP/1.1
User-Agent: selenium/4.12.0 (java windows)
Content-Length: 606
Content-Type: application/json; charset=utf-8
host: localhost:32912
accept: */*

Response DefaultHttpResponse(decodeResult: success, version: HTTP/1.1)
HTTP/1.1 200 OK
Content-Length: 14
Content-Type: application/json; charset=utf-8
cache-control: no-cache

14:55:22.015 [AsyncHttpClient-1-2] DEBUG org.asynchttpclient.netty.channel.ChannelManager - Adding key: http://localhost:32912 for channel [id: 0x9685b241, L:/127.0.0.1:57927 - R:localhost/127.0.0.1:32912]
14:55:22.020 [Forwarding findElement on session 76b4780b5fefb45e2133125c5adc0ffb to remote] DEBUG org.asynchttpclient.netty.request.NettyRequestSender - Using pooled Channel '[id: 0x9685b241, L:/127.0.0.1:57927 - R:localhost/127.0.0.1:32912]' for 'POST' to 'http://localhost:32912/session/76b4780b5fefb45e2133125c5adc0ffb/element'
14:55:22.020 [Forwarding findElement on session 76b4780b5fefb45e2133125c5adc0ffb to remote] DEBUG org.asynchttpclient.netty.request.NettyRequestSender - Using open Channel [id: 0x9685b241, L:/127.0.0.1:57927 - R:localhost/127.0.0.1:32912] for POST '/session/76b4780b5fefb45e2133125c5adc0ffb/element'
14:55:22.034 [AsyncHttpClient-1-2] DEBUG org.asynchttpclient.netty.handler.HttpHandler - 

Request DefaultHttpRequest(decodeResult: success, version: HTTP/1.1)
POST /session/76b4780b5fefb45e2133125c5adc0ffb/element HTTP/1.1
User-Agent: selenium/4.12.0 (java windows)
Content-Length: 250
Content-Type: application/json; charset=utf-8
host: localhost:32912
accept: */*

Response DefaultHttpResponse(decodeResult: success, version: HTTP/1.1)
HTTP/1.1 200 OK
Content-Length: 127
Content-Type: application/json; charset=utf-8
cache-control: no-cache

14:55:22.034 [AsyncHttpClient-1-2] DEBUG org.asynchttpclient.netty.channel.ChannelManager - Adding key: http://localhost:32912 for channel [id: 0x9685b241, L:/127.0.0.1:57927 - R:localhost/127.0.0.1:32912]
14:55:22.041 [Forwarding actions on session 76b4780b5fefb45e2133125c5adc0ffb to remote] DEBUG org.asynchttpclient.netty.request.NettyRequestSender - Using pooled Channel '[id: 0x9685b241, L:/127.0.0.1:57927 - R:localhost/127.0.0.1:32912]' for 'POST' to 'http://localhost:32912/session/76b4780b5fefb45e2133125c5adc0ffb/actions'
14:55:22.041 [Forwarding actions on session 76b4780b5fefb45e2133125c5adc0ffb to remote] DEBUG org.asynchttpclient.netty.request.NettyRequestSender - Using open Channel [id: 0x9685b241, L:/127.0.0.1:57927 - R:localhost/127.0.0.1:32912] for POST '/session/76b4780b5fefb45e2133125c5adc0ffb/actions'
14:55:22.223 [AsyncHttpClient-1-2] DEBUG org.asynchttpclient.netty.handler.HttpHandler - 

Request DefaultHttpRequest(decodeResult: success, version: HTTP/1.1)
POST /session/76b4780b5fefb45e2133125c5adc0ffb/actions HTTP/1.1
User-Agent: selenium/4.12.0 (java windows)
Content-Length: 606
Content-Type: application/json; charset=utf-8
host: localhost:32912
accept: */*

Response DefaultHttpResponse(decodeResult: success, version: HTTP/1.1)
HTTP/1.1 200 OK
Content-Length: 14
Content-Type: application/json; charset=utf-8
cache-control: no-cache

14:55:22.223 [AsyncHttpClient-1-2] DEBUG org.asynchttpclient.netty.channel.ChannelManager - Adding key: http://localhost:32912 for channel [id: 0x9685b241, L:/127.0.0.1:57927 - R:localhost/127.0.0.1:32912]
14:55:22.225 [Forwarding findElement on session 76b4780b5fefb45e2133125c5adc0ffb to remote] DEBUG org.asynchttpclient.netty.request.NettyRequestSender - Using pooled Channel '[id: 0x9685b241, L:/127.0.0.1:57927 - R:localhost/127.0.0.1:32912]' for 'POST' to 'http://localhost:32912/session/76b4780b5fefb45e2133125c5adc0ffb/element'
14:55:22.225 [Forwarding findElement on session 76b4780b5fefb45e2133125c5adc0ffb to remote] DEBUG org.asynchttpclient.netty.request.NettyRequestSender - Using open Channel [id: 0x9685b241, L:/127.0.0.1:57927 - R:localhost/127.0.0.1:32912] for POST '/session/76b4780b5fefb45e2133125c5adc0ffb/element'
14:55:22.242 [AsyncHttpClient-1-2] DEBUG org.asynchttpclient.netty.handler.HttpHandler - 

Request DefaultHttpRequest(decodeResult: success, version: HTTP/1.1)
POST /session/76b4780b5fefb45e2133125c5adc0ffb/element HTTP/1.1
User-Agent: selenium/4.12.0 (java windows)
Content-Length: 250
Content-Type: application/json; charset=utf-8
host: localhost:32912
accept: */*

Response DefaultHttpResponse(decodeResult: success, version: HTTP/1.1)
HTTP/1.1 200 OK
Content-Length: 127
Content-Type: application/json; charset=utf-8
cache-control: no-cache

14:55:22.242 [AsyncHttpClient-1-2] DEBUG org.asynchttpclient.netty.channel.ChannelManager - Adding key: http://localhost:32912 for channel [id: 0x9685b241, L:/127.0.0.1:57927 - R:localhost/127.0.0.1:32912]
14:55:22.251 [Forwarding actions on session 76b4780b5fefb45e2133125c5adc0ffb to remote] DEBUG org.asynchttpclient.netty.request.NettyRequestSender - Using pooled Channel '[id: 0x9685b241, L:/127.0.0.1:57927 - R:localhost/127.0.0.1:32912]' for 'POST' to 'http://localhost:32912/session/76b4780b5fefb45e2133125c5adc0ffb/actions'
14:55:22.251 [Forwarding actions on session 76b4780b5fefb45e2133125c5adc0ffb to remote] DEBUG org.asynchttpclient.netty.request.NettyRequestSender - Using open Channel [id: 0x9685b241, L:/127.0.0.1:57927 - R:localhost/127.0.0.1:32912] for POST '/session/76b4780b5fefb45e2133125c5adc0ffb/actions'
14:55:22.421 [AsyncHttpClient-1-2] DEBUG org.asynchttpclient.netty.handler.HttpHandler - 

Request DefaultHttpRequest(decodeResult: success, version: HTTP/1.1)
POST /session/76b4780b5fefb45e2133125c5adc0ffb/actions HTTP/1.1
User-Agent: selenium/4.12.0 (java windows)
Content-Length: 606
Content-Type: application/json; charset=utf-8
host: localhost:32912
accept: */*

Response DefaultHttpResponse(decodeResult: success, version: HTTP/1.1)
HTTP/1.1 200 OK
Content-Length: 14
Content-Type: application/json; charset=utf-8
cache-control: no-cache

14:55:22.421 [AsyncHttpClient-1-2] DEBUG org.asynchttpclient.netty.channel.ChannelManager - Adding key: http://localhost:32912 for channel [id: 0x9685b241, L:/127.0.0.1:57927 - R:localhost/127.0.0.1:32912]
14:55:22.423 [Forwarding findElement on session 76b4780b5fefb45e2133125c5adc0ffb to remote] DEBUG org.asynchttpclient.netty.request.NettyRequestSender - Using pooled Channel '[id: 0x9685b241, L:/127.0.0.1:57927 - R:localhost/127.0.0.1:32912]' for 'POST' to 'http://localhost:32912/session/76b4780b5fefb45e2133125c5adc0ffb/element'
14:55:22.423 [Forwarding findElement on session 76b4780b5fefb45e2133125c5adc0ffb to remote] DEBUG org.asynchttpclient.netty.request.NettyRequestSender - Using open Channel [id: 0x9685b241, L:/127.0.0.1:57927 - R:localhost/127.0.0.1:32912] for POST '/session/76b4780b5fefb45e2133125c5adc0ffb/element'
14:55:22.442 [AsyncHttpClient-1-2] DEBUG org.asynchttpclient.netty.handler.HttpHandler - 

Request DefaultHttpRequest(decodeResult: success, version: HTTP/1.1)
POST /session/76b4780b5fefb45e2133125c5adc0ffb/element HTTP/1.1
User-Agent: selenium/4.12.0 (java windows)
Content-Length: 250
Content-Type: application/json; charset=utf-8
host: localhost:32912
accept: */*

Response DefaultHttpResponse(decodeResult: success, version: HTTP/1.1)
HTTP/1.1 200 OK
Content-Length: 127
Content-Type: application/json; charset=utf-8
cache-control: no-cache

14:55:22.442 [AsyncHttpClient-1-2] DEBUG org.asynchttpclient.netty.channel.ChannelManager - Adding key: http://localhost:32912 for channel [id: 0x9685b241, L:/127.0.0.1:57927 - R:localhost/127.0.0.1:32912]
14:55:22.446 [Forwarding actions on session 76b4780b5fefb45e2133125c5adc0ffb to remote] DEBUG org.asynchttpclient.netty.request.NettyRequestSender - Using pooled Channel '[id: 0x9685b241, L:/127.0.0.1:57927 - R:localhost/127.0.0.1:32912]' for 'POST' to 'http://localhost:32912/session/76b4780b5fefb45e2133125c5adc0ffb/actions'
14:55:22.446 [Forwarding actions on session 76b4780b5fefb45e2133125c5adc0ffb to remote] DEBUG org.asynchttpclient.netty.request.NettyRequestSender - Using open Channel [id: 0x9685b241, L:/127.0.0.1:57927 - R:localhost/127.0.0.1:32912] for POST '/session/76b4780b5fefb45e2133125c5adc0ffb/actions'
14:55:22.623 [AsyncHttpClient-1-2] DEBUG org.asynchttpclient.netty.handler.HttpHandler - 

Request DefaultHttpRequest(decodeResult: success, version: HTTP/1.1)
POST /session/76b4780b5fefb45e2133125c5adc0ffb/actions HTTP/1.1
User-Agent: selenium/4.12.0 (java windows)
Content-Length: 606
Content-Type: application/json; charset=utf-8
host: localhost:32912
accept: */*

Response DefaultHttpResponse(decodeResult: success, version: HTTP/1.1)
HTTP/1.1 200 OK
Content-Length: 14
Content-Type: application/json; charset=utf-8
cache-control: no-cache

14:55:22.623 [AsyncHttpClient-1-2] DEBUG org.asynchttpclient.netty.channel.ChannelManager - Adding key: http://localhost:32912 for channel [id: 0x9685b241, L:/127.0.0.1:57927 - R:localhost/127.0.0.1:32912]
14:55:22.625 [Forwarding findElement on session 76b4780b5fefb45e2133125c5adc0ffb to remote] DEBUG org.asynchttpclient.netty.request.NettyRequestSender - Using pooled Channel '[id: 0x9685b241, L:/127.0.0.1:57927 - R:localhost/127.0.0.1:32912]' for 'POST' to 'http://localhost:32912/session/76b4780b5fefb45e2133125c5adc0ffb/element'
14:55:22.625 [Forwarding findElement on session 76b4780b5fefb45e2133125c5adc0ffb to remote] DEBUG org.asynchttpclient.netty.request.NettyRequestSender - Using open Channel [id: 0x9685b241, L:/127.0.0.1:57927 - R:localhost/127.0.0.1:32912] for POST '/session/76b4780b5fefb45e2133125c5adc0ffb/element'
14:55:22.647 [AsyncHttpClient-1-2] DEBUG org.asynchttpclient.netty.handler.HttpHandler - 

Request DefaultHttpRequest(decodeResult: success, version: HTTP/1.1)
POST /session/76b4780b5fefb45e2133125c5adc0ffb/element HTTP/1.1
User-Agent: selenium/4.12.0 (java windows)
Content-Length: 250
Content-Type: application/json; charset=utf-8
host: localhost:32912
accept: */*

Response DefaultHttpResponse(decodeResult: success, version: HTTP/1.1)
HTTP/1.1 200 OK
Content-Length: 127
Content-Type: application/json; charset=utf-8
cache-control: no-cache

14:55:22.647 [AsyncHttpClient-1-2] DEBUG org.asynchttpclient.netty.channel.ChannelManager - Adding key: http://localhost:32912 for channel [id: 0x9685b241, L:/127.0.0.1:57927 - R:localhost/127.0.0.1:32912]
14:55:22.651 [Forwarding actions on session 76b4780b5fefb45e2133125c5adc0ffb to remote] DEBUG org.asynchttpclient.netty.request.NettyRequestSender - Using pooled Channel '[id: 0x9685b241, L:/127.0.0.1:57927 - R:localhost/127.0.0.1:32912]' for 'POST' to 'http://localhost:32912/session/76b4780b5fefb45e2133125c5adc0ffb/actions'
14:55:22.651 [Forwarding actions on session 76b4780b5fefb45e2133125c5adc0ffb to remote] DEBUG org.asynchttpclient.netty.request.NettyRequestSender - Using open Channel [id: 0x9685b241, L:/127.0.0.1:57927 - R:localhost/127.0.0.1:32912] for POST '/session/76b4780b5fefb45e2133125c5adc0ffb/actions'
14:55:22.853 [AsyncHttpClient-1-2] DEBUG org.asynchttpclient.netty.handler.HttpHandler - 

Request DefaultHttpRequest(decodeResult: success, version: HTTP/1.1)
POST /session/76b4780b5fefb45e2133125c5adc0ffb/actions HTTP/1.1
User-Agent: selenium/4.12.0 (java windows)
Content-Length: 606
Content-Type: application/json; charset=utf-8
host: localhost:32912
accept: */*

Response DefaultHttpResponse(decodeResult: success, version: HTTP/1.1)
HTTP/1.1 200 OK
Content-Length: 14
Content-Type: application/json; charset=utf-8
cache-control: no-cache

14:55:22.853 [AsyncHttpClient-1-2] DEBUG org.asynchttpclient.netty.channel.ChannelManager - Adding key: http://localhost:32912 for channel [id: 0x9685b241, L:/127.0.0.1:57927 - R:localhost/127.0.0.1:32912]
14:55:23.075 [AsyncHttpClient-1-1] DEBUG org.asynchttpclient.netty.channel.DefaultChannelPool - Entry count for : http://localhost:32912 : 1
14:55:23.075 [AsyncHttpClient-1-1] DEBUG org.asynchttpclient.netty.channel.DefaultChannelPool - Entry count for : http://localhost:57929 : 1
14:55:24.174 [AsyncHttpClient-1-1] DEBUG org.asynchttpclient.netty.channel.DefaultChannelPool - Entry count for : http://localhost:32912 : 1
14:55:24.174 [AsyncHttpClient-1-1] DEBUG org.asynchttpclient.netty.channel.DefaultChannelPool - Entry count for : http://localhost:57929 : 1
14:55:25.277 [AsyncHttpClient-1-1] DEBUG org.asynchttpclient.netty.channel.DefaultChannelPool - Entry count for : http://localhost:32912 : 1
14:55:25.277 [AsyncHttpClient-1-1] DEBUG org.asynchttpclient.netty.channel.DefaultChannelPool - Entry count for : http://localhost:57929 : 1
14:55:25.362 [Forwarding screenshot on session 76b4780b5fefb45e2133125c5adc0ffb to remote] DEBUG org.asynchttpclient.netty.request.NettyRequestSender - Using pooled Channel '[id: 0x9685b241, L:/127.0.0.1:57927 - R:localhost/127.0.0.1:32912]' for 'GET' to 'http://localhost:32912/session/76b4780b5fefb45e2133125c5adc0ffb/screenshot'
14:55:25.362 [Forwarding screenshot on session 76b4780b5fefb45e2133125c5adc0ffb to remote] DEBUG org.asynchttpclient.netty.request.NettyRequestSender - Using open Channel [id: 0x9685b241, L:/127.0.0.1:57927 - R:localhost/127.0.0.1:32912] for GET '/session/76b4780b5fefb45e2133125c5adc0ffb/screenshot'
14:55:25.564 [AsyncHttpClient-1-2] DEBUG org.asynchttpclient.netty.handler.HttpHandler - 

Request DefaultFullHttpRequest(decodeResult: success, version: HTTP/1.1, content: EmptyByteBufBE)
GET /session/76b4780b5fefb45e2133125c5adc0ffb/screenshot HTTP/1.1
Cache-Control: no-cache
User-Agent: selenium/4.12.0 (java windows)
Content-Type: application/json; charset=utf-8
host: localhost:32912
accept: */*

Response DefaultHttpResponse(decodeResult: success, version: HTTP/1.1)
HTTP/1.1 200 OK
Content-Length: 332932
Content-Type: application/json; charset=utf-8
cache-control: no-cache

14:55:25.564 [AsyncHttpClient-1-2] DEBUG org.asynchttpclient.netty.channel.ChannelManager - Adding key: http://localhost:32912 for channel [id: 0x9685b241, L:/127.0.0.1:57927 - R:localhost/127.0.0.1:32912]
  And Provide the Business hour04:00 15:00                                # StepDefination.Customer_onboarding.Provide_the_business_hores(java.lang.String,java.lang.String)
14:55:26.379 [AsyncHttpClient-1-1] DEBUG org.asynchttpclient.netty.channel.DefaultChannelPool - Entry count for : http://localhost:32912 : 1
14:55:26.379 [AsyncHttpClient-1-1] DEBUG org.asynchttpclient.netty.channel.DefaultChannelPool - Entry count for : http://localhost:57929 : 1
14:55:26.611 [Forwarding findElement on session 76b4780b5fefb45e2133125c5adc0ffb to remote] DEBUG org.asynchttpclient.netty.request.NettyRequestSender - Using pooled Channel '[id: 0x9685b241, L:/127.0.0.1:57927 - R:localhost/127.0.0.1:32912]' for 'POST' to 'http://localhost:32912/session/76b4780b5fefb45e2133125c5adc0ffb/element'
14:55:26.611 [Forwarding findElement on session 76b4780b5fefb45e2133125c5adc0ffb to remote] DEBUG org.asynchttpclient.netty.request.NettyRequestSender - Using open Channel [id: 0x9685b241, L:/127.0.0.1:57927 - R:localhost/127.0.0.1:32912] for POST '/session/76b4780b5fefb45e2133125c5adc0ffb/element'
14:55:26.628 [AsyncHttpClient-1-2] DEBUG org.asynchttpclient.netty.handler.HttpHandler - 

Request DefaultHttpRequest(decodeResult: success, version: HTTP/1.1)
POST /session/76b4780b5fefb45e2133125c5adc0ffb/element HTTP/1.1
User-Agent: selenium/4.12.0 (java windows)
Content-Length: 72
Content-Type: application/json; charset=utf-8
host: localhost:32912
accept: */*

Response DefaultHttpResponse(decodeResult: success, version: HTTP/1.1)
HTTP/1.1 200 OK
Content-Length: 127
Content-Type: application/json; charset=utf-8
cache-control: no-cache

14:55:26.628 [AsyncHttpClient-1-2] DEBUG org.asynchttpclient.netty.channel.ChannelManager - Adding key: http://localhost:32912 for channel [id: 0x9685b241, L:/127.0.0.1:57927 - R:localhost/127.0.0.1:32912]
14:55:26.628 [Forwarding clickElement on session 76b4780b5fefb45e2133125c5adc0ffb to remote] DEBUG org.asynchttpclient.netty.request.NettyRequestSender - Using pooled Channel '[id: 0x9685b241, L:/127.0.0.1:57927 - R:localhost/127.0.0.1:32912]' for 'POST' to 'http://localhost:32912/session/76b4780b5fefb45e2133125c5adc0ffb/element/f.B5D6EC8C5694FCBBF5093D8B92B75E26.d.5141E45403B25B951BA30FEFE2AE2DC4.e.166/click'
14:55:26.628 [Forwarding clickElement on session 76b4780b5fefb45e2133125c5adc0ffb to remote] DEBUG org.asynchttpclient.netty.request.NettyRequestSender - Using open Channel [id: 0x9685b241, L:/127.0.0.1:57927 - R:localhost/127.0.0.1:32912] for POST '/session/76b4780b5fefb45e2133125c5adc0ffb/element/f.B5D6EC8C5694FCBBF5093D8B92B75E26.d.5141E45403B25B951BA30FEFE2AE2DC4.e.166/click'
14:55:26.751 [AsyncHttpClient-1-2] DEBUG org.asynchttpclient.netty.handler.HttpHandler - 

Request DefaultHttpRequest(decodeResult: success, version: HTTP/1.1)
POST /session/76b4780b5fefb45e2133125c5adc0ffb/element/f.B5D6EC8C5694FCBBF5093D8B92B75E26.d.5141E45403B25B951BA30FEFE2AE2DC4.e.166/click HTTP/1.1
User-Agent: selenium/4.12.0 (java windows)
Content-Length: 89
Content-Type: application/json; charset=utf-8
host: localhost:32912
accept: */*

Response DefaultHttpResponse(decodeResult: success, version: HTTP/1.1)
HTTP/1.1 200 OK
Content-Length: 14
Content-Type: application/json; charset=utf-8
cache-control: no-cache

14:55:26.751 [AsyncHttpClient-1-2] DEBUG org.asynchttpclient.netty.channel.ChannelManager - Adding key: http://localhost:32912 for channel [id: 0x9685b241, L:/127.0.0.1:57927 - R:localhost/127.0.0.1:32912]
14:55:27.264 [Forwarding screenshot on session 76b4780b5fefb45e2133125c5adc0ffb to remote] DEBUG org.asynchttpclient.netty.request.NettyRequestSender - Using pooled Channel '[id: 0x9685b241, L:/127.0.0.1:57927 - R:localhost/127.0.0.1:32912]' for 'GET' to 'http://localhost:32912/session/76b4780b5fefb45e2133125c5adc0ffb/screenshot'
14:55:27.264 [Forwarding screenshot on session 76b4780b5fefb45e2133125c5adc0ffb to remote] DEBUG org.asynchttpclient.netty.request.NettyRequestSender - Using open Channel [id: 0x9685b241, L:/127.0.0.1:57927 - R:localhost/127.0.0.1:32912] for GET '/session/76b4780b5fefb45e2133125c5adc0ffb/screenshot'
14:55:27.467 [AsyncHttpClient-1-2] DEBUG org.asynchttpclient.netty.handler.HttpHandler - 

Request DefaultFullHttpRequest(decodeResult: success, version: HTTP/1.1, content: EmptyByteBufBE)
GET /session/76b4780b5fefb45e2133125c5adc0ffb/screenshot HTTP/1.1
Cache-Control: no-cache
User-Agent: selenium/4.12.0 (java windows)
Content-Type: application/json; charset=utf-8
host: localhost:32912
accept: */*

Response DefaultHttpResponse(decodeResult: success, version: HTTP/1.1)
HTTP/1.1 200 OK
Content-Length: 364192
Content-Type: application/json; charset=utf-8
cache-control: no-cache

14:55:27.476 [AsyncHttpClient-1-1] DEBUG org.asynchttpclient.netty.channel.DefaultChannelPool - Entry count for : http://localhost:57929 : 1
14:55:27.476 [AsyncHttpClient-1-1] DEBUG org.asynchttpclient.netty.channel.DefaultChannelPool - Adding Candidate expired Channel [id: 0xa9673da6, L:/127.0.0.1:57936 - R:localhost/127.0.0.1:57929] isIdleTimeoutExpired=true isRemotelyClosed=false isTtlExpired=false
14:55:27.476 [AsyncHttpClient-1-2] DEBUG org.asynchttpclient.netty.channel.ChannelManager - Adding key: http://localhost:32912 for channel [id: 0x9685b241, L:/127.0.0.1:57927 - R:localhost/127.0.0.1:32912]
14:55:27.480 [AsyncHttpClient-1-1] DEBUG org.asynchttpclient.netty.channel.DefaultChannelPool - Closing Idle Channel [id: 0xa9673da6, L:/127.0.0.1:57936 - R:localhost/127.0.0.1:57929]
14:55:27.483 [AsyncHttpClient-1-1] DEBUG org.asynchttpclient.netty.channel.DefaultChannelPool - Closed 1 connections out of 1 in 7 ms
14:55:27.483 [AsyncHttpClient-1-3] DEBUG org.asynchttpclient.netty.handler.HttpHandler - Channel Closed: [id: 0xa9673da6, L:/127.0.0.1:57936 ! R:localhost/127.0.0.1:57929] with attribute DISCARD
  When Submit the form                                                    # StepDefination.Customer_onboarding.Submit_the_form()
14:55:28.011 [Forwarding findElement on session 76b4780b5fefb45e2133125c5adc0ffb to remote] DEBUG org.asynchttpclient.netty.request.NettyRequestSender - Using pooled Channel '[id: 0x9685b241, L:/127.0.0.1:57927 - R:localhost/127.0.0.1:32912]' for 'POST' to 'http://localhost:32912/session/76b4780b5fefb45e2133125c5adc0ffb/element'
14:55:28.011 [Forwarding findElement on session 76b4780b5fefb45e2133125c5adc0ffb to remote] DEBUG org.asynchttpclient.netty.request.NettyRequestSender - Using open Channel [id: 0x9685b241, L:/127.0.0.1:57927 - R:localhost/127.0.0.1:32912] for POST '/session/76b4780b5fefb45e2133125c5adc0ffb/element'
14:55:28.028 [AsyncHttpClient-1-2] DEBUG org.asynchttpclient.netty.handler.HttpHandler - 

Request DefaultHttpRequest(decodeResult: success, version: HTTP/1.1)
POST /session/76b4780b5fefb45e2133125c5adc0ffb/element HTTP/1.1
User-Agent: selenium/4.12.0 (java windows)
Content-Length: 151
Content-Type: application/json; charset=utf-8
host: localhost:32912
accept: */*

Response DefaultHttpResponse(decodeResult: success, version: HTTP/1.1)
HTTP/1.1 200 OK
Content-Length: 127
Content-Type: application/json; charset=utf-8
cache-control: no-cache

14:55:28.029 [AsyncHttpClient-1-2] DEBUG org.asynchttpclient.netty.channel.ChannelManager - Adding key: http://localhost:32912 for channel [id: 0x9685b241, L:/127.0.0.1:57927 - R:localhost/127.0.0.1:32912]
14:55:28.029 [Forwarding clickElement on session 76b4780b5fefb45e2133125c5adc0ffb to remote] DEBUG org.asynchttpclient.netty.request.NettyRequestSender - Using pooled Channel '[id: 0x9685b241, L:/127.0.0.1:57927 - R:localhost/127.0.0.1:32912]' for 'POST' to 'http://localhost:32912/session/76b4780b5fefb45e2133125c5adc0ffb/element/f.B5D6EC8C5694FCBBF5093D8B92B75E26.d.5141E45403B25B951BA30FEFE2AE2DC4.e.169/click'
14:55:28.029 [Forwarding clickElement on session 76b4780b5fefb45e2133125c5adc0ffb to remote] DEBUG org.asynchttpclient.netty.request.NettyRequestSender - Using open Channel [id: 0x9685b241, L:/127.0.0.1:57927 - R:localhost/127.0.0.1:32912] for POST '/session/76b4780b5fefb45e2133125c5adc0ffb/element/f.B5D6EC8C5694FCBBF5093D8B92B75E26.d.5141E45403B25B951BA30FEFE2AE2DC4.e.169/click'
14:55:28.119 [AsyncHttpClient-1-2] DEBUG org.asynchttpclient.netty.handler.HttpHandler - 

Request DefaultHttpRequest(decodeResult: success, version: HTTP/1.1)
POST /session/76b4780b5fefb45e2133125c5adc0ffb/element/f.B5D6EC8C5694FCBBF5093D8B92B75E26.d.5141E45403B25B951BA30FEFE2AE2DC4.e.169/click HTTP/1.1
User-Agent: selenium/4.12.0 (java windows)
Content-Length: 89
Content-Type: application/json; charset=utf-8
host: localhost:32912
accept: */*

Response DefaultHttpResponse(decodeResult: success, version: HTTP/1.1)
HTTP/1.1 200 OK
Content-Length: 14
Content-Type: application/json; charset=utf-8
cache-control: no-cache

14:55:28.119 [AsyncHttpClient-1-2] DEBUG org.asynchttpclient.netty.channel.ChannelManager - Adding key: http://localhost:32912 for channel [id: 0x9685b241, L:/127.0.0.1:57927 - R:localhost/127.0.0.1:32912]
14:55:28.574 [AsyncHttpClient-1-1] DEBUG org.asynchttpclient.netty.channel.DefaultChannelPool - Entry count for : http://localhost:32912 : 1
14:55:28.623 [Forwarding screenshot on session 76b4780b5fefb45e2133125c5adc0ffb to remote] DEBUG org.asynchttpclient.netty.request.NettyRequestSender - Using pooled Channel '[id: 0x9685b241, L:/127.0.0.1:57927 - R:localhost/127.0.0.1:32912]' for 'GET' to 'http://localhost:32912/session/76b4780b5fefb45e2133125c5adc0ffb/screenshot'
14:55:28.623 [Forwarding screenshot on session 76b4780b5fefb45e2133125c5adc0ffb to remote] DEBUG org.asynchttpclient.netty.request.NettyRequestSender - Using open Channel [id: 0x9685b241, L:/127.0.0.1:57927 - R:localhost/127.0.0.1:32912] for GET '/session/76b4780b5fefb45e2133125c5adc0ffb/screenshot'
14:55:28.818 [AsyncHttpClient-1-2] DEBUG org.asynchttpclient.netty.handler.HttpHandler - 

Request DefaultFullHttpRequest(decodeResult: success, version: HTTP/1.1, content: EmptyByteBufBE)
GET /session/76b4780b5fefb45e2133125c5adc0ffb/screenshot HTTP/1.1
Cache-Control: no-cache
User-Agent: selenium/4.12.0 (java windows)
Content-Type: application/json; charset=utf-8
host: localhost:32912
accept: */*

Response DefaultHttpResponse(decodeResult: success, version: HTTP/1.1)
HTTP/1.1 200 OK
Content-Length: 306760
Content-Type: application/json; charset=utf-8
cache-control: no-cache

14:55:28.827 [AsyncHttpClient-1-2] DEBUG org.asynchttpclient.netty.channel.ChannelManager - Adding key: http://localhost:32912 for channel [id: 0x9685b241, L:/127.0.0.1:57927 - R:localhost/127.0.0.1:32912]
  And Tap back button                                                     # StepDefination.Customer_onboarding.Tap_back_button()
14:55:29.673 [AsyncHttpClient-1-1] DEBUG org.asynchttpclient.netty.channel.DefaultChannelPool - Entry count for : http://localhost:32912 : 1
14:55:29.862 [Forwarding findElements on session 76b4780b5fefb45e2133125c5adc0ffb to remote] DEBUG org.asynchttpclient.netty.request.NettyRequestSender - Using pooled Channel '[id: 0x9685b241, L:/127.0.0.1:57927 - R:localhost/127.0.0.1:32912]' for 'POST' to 'http://localhost:32912/session/76b4780b5fefb45e2133125c5adc0ffb/elements'
14:55:29.863 [Forwarding findElements on session 76b4780b5fefb45e2133125c5adc0ffb to remote] DEBUG org.asynchttpclient.netty.request.NettyRequestSender - Using open Channel [id: 0x9685b241, L:/127.0.0.1:57927 - R:localhost/127.0.0.1:32912] for POST '/session/76b4780b5fefb45e2133125c5adc0ffb/elements'
14:55:29.879 [AsyncHttpClient-1-2] DEBUG org.asynchttpclient.netty.handler.HttpHandler - 

Request DefaultHttpRequest(decodeResult: success, version: HTTP/1.1)
POST /session/76b4780b5fefb45e2133125c5adc0ffb/elements HTTP/1.1
User-Agent: selenium/4.12.0 (java windows)
Content-Length: 142
Content-Type: application/json; charset=utf-8
host: localhost:32912
accept: */*

Response DefaultHttpResponse(decodeResult: success, version: HTTP/1.1)
HTTP/1.1 200 OK
Content-Length: 129
Content-Type: application/json; charset=utf-8
cache-control: no-cache

14:55:29.879 [AsyncHttpClient-1-2] DEBUG org.asynchttpclient.netty.channel.ChannelManager - Adding key: http://localhost:32912 for channel [id: 0x9685b241, L:/127.0.0.1:57927 - R:localhost/127.0.0.1:32912]
14:55:29.892 [Forwarding findElement on session 76b4780b5fefb45e2133125c5adc0ffb to remote] DEBUG org.asynchttpclient.netty.request.NettyRequestSender - Using pooled Channel '[id: 0x9685b241, L:/127.0.0.1:57927 - R:localhost/127.0.0.1:32912]' for 'POST' to 'http://localhost:32912/session/76b4780b5fefb45e2133125c5adc0ffb/element'
14:55:29.892 [Forwarding findElement on session 76b4780b5fefb45e2133125c5adc0ffb to remote] DEBUG org.asynchttpclient.netty.request.NettyRequestSender - Using open Channel [id: 0x9685b241, L:/127.0.0.1:57927 - R:localhost/127.0.0.1:32912] for POST '/session/76b4780b5fefb45e2133125c5adc0ffb/element'
14:55:29.906 [AsyncHttpClient-1-2] DEBUG org.asynchttpclient.netty.handler.HttpHandler - 

Request DefaultHttpRequest(decodeResult: success, version: HTTP/1.1)
POST /session/76b4780b5fefb45e2133125c5adc0ffb/element HTTP/1.1
User-Agent: selenium/4.12.0 (java windows)
Content-Length: 198
Content-Type: application/json; charset=utf-8
host: localhost:32912
accept: */*

Response DefaultHttpResponse(decodeResult: success, version: HTTP/1.1)
HTTP/1.1 200 OK
Content-Length: 127
Content-Type: application/json; charset=utf-8
cache-control: no-cache

14:55:29.907 [AsyncHttpClient-1-2] DEBUG org.asynchttpclient.netty.channel.ChannelManager - Adding key: http://localhost:32912 for channel [id: 0x9685b241, L:/127.0.0.1:57927 - R:localhost/127.0.0.1:32912]
14:55:29.908 [Forwarding getElementText on session 76b4780b5fefb45e2133125c5adc0ffb to remote] DEBUG org.asynchttpclient.netty.request.NettyRequestSender - Using pooled Channel '[id: 0x9685b241, L:/127.0.0.1:57927 - R:localhost/127.0.0.1:32912]' for 'GET' to 'http://localhost:32912/session/76b4780b5fefb45e2133125c5adc0ffb/element/f.B5D6EC8C5694FCBBF5093D8B92B75E26.d.5141E45403B25B951BA30FEFE2AE2DC4.e.175/text'
14:55:29.908 [Forwarding getElementText on session 76b4780b5fefb45e2133125c5adc0ffb to remote] DEBUG org.asynchttpclient.netty.request.NettyRequestSender - Using open Channel [id: 0x9685b241, L:/127.0.0.1:57927 - R:localhost/127.0.0.1:32912] for GET '/session/76b4780b5fefb45e2133125c5adc0ffb/element/f.B5D6EC8C5694FCBBF5093D8B92B75E26.d.5141E45403B25B951BA30FEFE2AE2DC4.e.175/text'
14:55:29.928 [AsyncHttpClient-1-2] DEBUG org.asynchttpclient.netty.handler.HttpHandler - 

Request DefaultFullHttpRequest(decodeResult: success, version: HTTP/1.1, content: EmptyByteBufBE)
GET /session/76b4780b5fefb45e2133125c5adc0ffb/element/f.B5D6EC8C5694FCBBF5093D8B92B75E26.d.5141E45403B25B951BA30FEFE2AE2DC4.e.175/text HTTP/1.1
Cache-Control: no-cache
User-Agent: selenium/4.12.0 (java windows)
Content-Type: application/json; charset=utf-8
host: localhost:32912
accept: */*

Response DefaultHttpResponse(decodeResult: success, version: HTTP/1.1)
HTTP/1.1 200 OK
Content-Length: 22
Content-Type: application/json; charset=utf-8
cache-control: no-cache

14:55:29.928 [AsyncHttpClient-1-2] DEBUG org.asynchttpclient.netty.channel.ChannelManager - Adding key: http://localhost:32912 for channel [id: 0x9685b241, L:/127.0.0.1:57927 - R:localhost/127.0.0.1:32912]
actual name: Walmart
Company Not created 
  Then customer successsfully added                                       # StepDefination.Customer_onboarding.customer_successsfully_added()
14:55:29.933 [Driver Command Executor] DEBUG org.asynchttpclient.netty.request.NettyRequestSender - Using pooled Channel '[id: 0x9685b241, L:/127.0.0.1:57927 - R:localhost/127.0.0.1:32912]' for 'DELETE' to 'http://localhost:32912/session/76b4780b5fefb45e2133125c5adc0ffb'
14:55:29.933 [Driver Command Executor] DEBUG org.asynchttpclient.netty.request.NettyRequestSender - Using open Channel [id: 0x9685b241, L:/127.0.0.1:57927 - R:localhost/127.0.0.1:32912] for DELETE '/session/76b4780b5fefb45e2133125c5adc0ffb'
14:55:30.164 [AsyncHttpClient-1-4] DEBUG org.asynchttpclient.netty.handler.WebSocketHandler - Unexpected I/O exception on channel [id: 0xdaef38bc, L:/127.0.0.1:57937 - R:localhost/127.0.0.1:57929]
java.net.SocketException: Connection reset
	at java.base/sun.nio.ch.SocketChannelImpl.throwConnectionReset(SocketChannelImpl.java:394)
	at java.base/sun.nio.ch.SocketChannelImpl.read(SocketChannelImpl.java:426)
	at io.netty.buffer.PooledByteBuf.setBytes(PooledByteBuf.java:254)
	at io.netty.buffer.AbstractByteBuf.writeBytes(AbstractByteBuf.java:1132)
	at io.netty.channel.socket.nio.NioSocketChannel.doReadBytes(NioSocketChannel.java:357)
	at io.netty.channel.nio.AbstractNioByteChannel$NioByteUnsafe.read(AbstractNioByteChannel.java:151)
	at io.netty.channel.nio.NioEventLoop.processSelectedKey(NioEventLoop.java:788)
	at io.netty.channel.nio.NioEventLoop.processSelectedKeysOptimized(NioEventLoop.java:724)
	at io.netty.channel.nio.NioEventLoop.processSelectedKeys(NioEventLoop.java:650)
	at io.netty.channel.nio.NioEventLoop.run(NioEventLoop.java:562)
	at io.netty.util.concurrent.SingleThreadEventExecutor$4.run(SingleThreadEventExecutor.java:997)
	at io.netty.util.internal.ThreadExecutorMap$2.run(ThreadExecutorMap.java:74)
	at io.netty.util.concurrent.FastThreadLocalRunnable.run(FastThreadLocalRunnable.java:30)
	at java.base/java.lang.Thread.run(Thread.java:840)
14:55:30.164 [AsyncHttpClient-1-4] DEBUG org.asynchttpclient.netty.handler.WebSocketHandler - Was unable to recover Future: NettyResponseFuture{currentRetry=0,
	isDone=1,
	isCancelled=0,
	asyncHandler=org.asynchttpclient.ws.WebSocketUpgradeHandler@3f489e09,
	nettyRequest=org.asynchttpclient.netty.request.NettyRequest@41f31123,
	future=java.util.concurrent.CompletableFuture@5ba2e379[Completed normally],
	uri=ws://localhost:57929/devtools/browser/4198f698-df25-4bcb-961a-ad7439bebf5a,
	keepAlive=true,
	redirectCount=0,
	timeoutsHolder=null,
	inAuth=0,
	touch=1736933130164}
14:55:30.164 [AsyncHttpClient-1-4] DEBUG org.asynchttpclient.netty.channel.ChannelManager - Closing Channel [id: 0xdaef38bc, L:/127.0.0.1:57937 - R:localhost/127.0.0.1:57929] 
14:55:30.164 [AsyncHttpClient-1-4] WARN org.asynchttpclient.netty.handler.WebSocketHandler - onError
java.net.SocketException: Connection reset
	at java.base/sun.nio.ch.SocketChannelImpl.throwConnectionReset(SocketChannelImpl.java:394)
	at java.base/sun.nio.ch.SocketChannelImpl.read(SocketChannelImpl.java:426)
	at io.netty.buffer.PooledByteBuf.setBytes(PooledByteBuf.java:254)
	at io.netty.buffer.AbstractByteBuf.writeBytes(AbstractByteBuf.java:1132)
	at io.netty.channel.socket.nio.NioSocketChannel.doReadBytes(NioSocketChannel.java:357)
	at io.netty.channel.nio.AbstractNioByteChannel$NioByteUnsafe.read(AbstractNioByteChannel.java:151)
	at io.netty.channel.nio.NioEventLoop.processSelectedKey(NioEventLoop.java:788)
	at io.netty.channel.nio.NioEventLoop.processSelectedKeysOptimized(NioEventLoop.java:724)
	at io.netty.channel.nio.NioEventLoop.processSelectedKeys(NioEventLoop.java:650)
	at io.netty.channel.nio.NioEventLoop.run(NioEventLoop.java:562)
	at io.netty.util.concurrent.SingleThreadEventExecutor$4.run(SingleThreadEventExecutor.java:997)
	at io.netty.util.internal.ThreadExecutorMap$2.run(ThreadExecutorMap.java:74)
	at io.netty.util.concurrent.FastThreadLocalRunnable.run(FastThreadLocalRunnable.java:30)
	at java.base/java.lang.Thread.run(Thread.java:840)
14:55:30.169 [AsyncHttpClient-1-4] DEBUG org.asynchttpclient.netty.channel.ChannelManager - Closing Channel [id: 0xdaef38bc, L:/127.0.0.1:57937 ! R:localhost/127.0.0.1:57929] 
14:55:30.169 [AsyncHttpClient-1-4] DEBUG org.asynchttpclient.netty.handler.WebSocketHandler - Channel Closed: [id: 0xdaef38bc, L:/127.0.0.1:57937 ! R:localhost/127.0.0.1:57929] with attribute DISCARD
14:55:30.264 [AsyncHttpClient-1-2] DEBUG org.asynchttpclient.netty.handler.HttpHandler - 

Request DefaultFullHttpRequest(decodeResult: success, version: HTTP/1.1, content: EmptyByteBufBE)
DELETE /session/76b4780b5fefb45e2133125c5adc0ffb HTTP/1.1
User-Agent: selenium/4.12.0 (java windows)
Content-Type: application/json; charset=utf-8
host: localhost:32912
accept: */*

Response DefaultHttpResponse(decodeResult: success, version: HTTP/1.1)
HTTP/1.1 200 OK
Content-Length: 14
Content-Type: application/json; charset=utf-8
cache-control: no-cache

14:55:30.270 [AsyncHttpClient-1-2] DEBUG org.asynchttpclient.netty.channel.ChannelManager - Adding key: http://localhost:32912 for channel [id: 0x9685b241, L:/127.0.0.1:57927 - R:localhost/127.0.0.1:32912]
14:55:30.768 [AsyncHttpClient-1-2] DEBUG org.asynchttpclient.netty.handler.HttpHandler - Channel Closed: [id: 0x9685b241, L:/127.0.0.1:57927 ! R:localhost/127.0.0.1:32912] with attribute DISCARD
14:55:30.784 [AsyncHttpClient-1-1] DEBUG org.asynchttpclient.netty.channel.DefaultChannelPool - Entry count for : http://localhost:32912 : 1
14:55:30.784 [AsyncHttpClient-1-1] DEBUG org.asynchttpclient.netty.channel.DefaultChannelPool - Adding Candidate expired Channel [id: 0x9685b241, L:/127.0.0.1:57927 ! R:localhost/127.0.0.1:32912] isIdleTimeoutExpired=false isRemotelyClosed=true isTtlExpired=false
14:55:30.784 [AsyncHttpClient-1-1] DEBUG org.asynchttpclient.netty.channel.DefaultChannelPool - Closing Idle Channel [id: 0x9685b241, L:/127.0.0.1:57927 ! R:localhost/127.0.0.1:32912]
14:55:30.784 [AsyncHttpClient-1-1] DEBUG org.asynchttpclient.netty.channel.DefaultChannelPool - Closed 1 connections out of 1 in 0 ms
  And Close_Window                                                        # StepDefination.Customer_onboarding.close_window()
]]></system-out>
    <system-err><![CDATA[Jan 15, 2025 2:54:26 PM org.openqa.selenium.devtools.CdpVersionFinder findNearestMatch
WARNING: Unable to find CDP implementation matching 131
Jan 15, 2025 2:54:26 PM org.openqa.selenium.chromium.ChromiumDriver lambda$new$5
WARNING: Unable to find version of CDP to use for 131.0.6778.265. You may need to include a dependency on a specific version of the CDP using something similar to `org.seleniumhq.selenium:selenium-devtools-v86:4.12.0` where the version ("v86") matches the version of the chromium-based browser you're using and the version number of the artifact is the same as Selenium's.
Jan 15, 2025 2:55:30 PM org.openqa.selenium.remote.http.WebSocket$Listener onError
WARNING: Connection reset
java.net.SocketException: Connection reset
	at java.base/sun.nio.ch.SocketChannelImpl.throwConnectionReset(SocketChannelImpl.java:394)
	at java.base/sun.nio.ch.SocketChannelImpl.read(SocketChannelImpl.java:426)
	at io.netty.buffer.PooledByteBuf.setBytes(PooledByteBuf.java:254)
	at io.netty.buffer.AbstractByteBuf.writeBytes(AbstractByteBuf.java:1132)
	at io.netty.channel.socket.nio.NioSocketChannel.doReadBytes(NioSocketChannel.java:357)
	at io.netty.channel.nio.AbstractNioByteChannel$NioByteUnsafe.read(AbstractNioByteChannel.java:151)
	at io.netty.channel.nio.NioEventLoop.processSelectedKey(NioEventLoop.java:788)
	at io.netty.channel.nio.NioEventLoop.processSelectedKeysOptimized(NioEventLoop.java:724)
	at io.netty.channel.nio.NioEventLoop.processSelectedKeys(NioEventLoop.java:650)
	at io.netty.channel.nio.NioEventLoop.run(NioEventLoop.java:562)
	at io.netty.util.concurrent.SingleThreadEventExecutor$4.run(SingleThreadEventExecutor.java:997)
	at io.netty.util.internal.ThreadExecutorMap$2.run(ThreadExecutorMap.java:74)
	at io.netty.util.concurrent.FastThreadLocalRunnable.run(FastThreadLocalRunnable.java:30)
	at java.base/java.lang.Thread.run(Thread.java:840)

]]></system-err>
  </testcase>
  <testcase name="Add single customer with company name and address" classname="Customer Onboarding form" time="23.801">
    <system-out><![CDATA[
Scenario Outline: Add single customer with company name and address # src/test/resources/Customers/Customer_form.feature:36
14:55:31.224 [AsyncHttpClient-1-5] DEBUG org.asynchttpclient.netty.channel.NettyConnectListener - Using new Channel '[id: 0x4d3741c8, L:/127.0.0.1:58005 - R:localhost/127.0.0.1:30749]' for 'POST' to '/session'
14:55:32.598 [AsyncHttpClient-1-5] DEBUG org.asynchttpclient.netty.handler.HttpHandler - 

Request DefaultHttpRequest(decodeResult: success, version: HTTP/1.1)
POST /session HTTP/1.1
User-Agent: selenium/4.12.0 (java windows)
Content-Length: 254
Content-Type: application/json; charset=utf-8
host: localhost:30749
accept: */*

Response DefaultHttpResponse(decodeResult: success, version: HTTP/1.1)
HTTP/1.1 200 OK
Content-Length: 888
Content-Type: application/json; charset=utf-8
cache-control: no-cache

14:55:32.598 [AsyncHttpClient-1-5] DEBUG org.asynchttpclient.netty.channel.ChannelManager - Adding key: http://localhost:30749 for channel [id: 0x4d3741c8, L:/127.0.0.1:58005 - R:localhost/127.0.0.1:30749]
14:55:32.614 [AsyncHttpClient-1-6] DEBUG org.asynchttpclient.netty.channel.NettyConnectListener - Using new Channel '[id: 0x3778e797, L:/127.0.0.1:58014 - R:localhost/127.0.0.1:58007]' for 'GET' to '/json/version'
14:55:32.622 [AsyncHttpClient-1-6] DEBUG org.asynchttpclient.netty.handler.HttpHandler - 

Request DefaultFullHttpRequest(decodeResult: success, version: HTTP/1.1, content: EmptyByteBufBE)
GET /json/version HTTP/1.1
User-Agent: selenium/4.12.0 (java windows)
host: localhost:58007
accept: */*

Response DefaultHttpResponse(decodeResult: success, version: HTTP/1.1)
HTTP/1.1 200 OK
Content-Security-Policy: frame-ancestors 'none'
Content-Length: 424
Content-Type: application/json; charset=UTF-8

14:55:32.622 [AsyncHttpClient-1-6] DEBUG org.asynchttpclient.netty.channel.ChannelManager - Adding key: http://localhost:58007 for channel [id: 0x3778e797, L:/127.0.0.1:58014 - R:localhost/127.0.0.1:58007]
14:55:32.628 [AsyncHttpClient-1-7] DEBUG org.asynchttpclient.netty.channel.NettyConnectListener - Using new Channel '[id: 0x68a9b29d, L:/127.0.0.1:58015 - R:localhost/127.0.0.1:58007]' for 'GET' to '/devtools/browser/53bd73c6-aa72-49e8-92d1-0c9184ccb378'
14:55:32.628 [AsyncHttpClient-1-7] DEBUG org.asynchttpclient.netty.handler.WebSocketHandler - 

Request DefaultFullHttpRequest(decodeResult: success, version: HTTP/1.1, content: EmptyByteBufBE)
GET /devtools/browser/53bd73c6-aa72-49e8-92d1-0c9184ccb378 HTTP/1.1
upgrade: websocket
connection: upgrade
sec-websocket-key: +5feTqkqClsS2+7/2n9DTQ==
sec-websocket-version: 13
origin: http://localhost:58007
host: localhost:58007
accept: */*
user-agent: AHC/2.1

Response DefaultHttpResponse(decodeResult: success, version: HTTP/1.1)
HTTP/1.1 101 WebSocket Protocol Handshake
Upgrade: WebSocket
Connection: Upgrade
Sec-WebSocket-Accept: veI0sk1a/vagFNcu0rK1a5VPYug=

14:55:32.637 [Forwarding get on session a7e6c9955bd15d9008b76bd7e60374d1 to remote] DEBUG org.asynchttpclient.netty.request.NettyRequestSender - Using pooled Channel '[id: 0x4d3741c8, L:/127.0.0.1:58005 - R:localhost/127.0.0.1:30749]' for 'POST' to 'http://localhost:30749/session/a7e6c9955bd15d9008b76bd7e60374d1/url'
14:55:32.637 [Forwarding get on session a7e6c9955bd15d9008b76bd7e60374d1 to remote] DEBUG org.asynchttpclient.netty.request.NettyRequestSender - Using open Channel [id: 0x4d3741c8, L:/127.0.0.1:58005 - R:localhost/127.0.0.1:30749] for POST '/session/a7e6c9955bd15d9008b76bd7e60374d1/url'
14:55:32.972 [AsyncHttpClient-1-1] DEBUG org.asynchttpclient.netty.channel.DefaultChannelPool - Entry count for : http://localhost:58007 : 1
14:55:33.659 [AsyncHttpClient-1-5] DEBUG org.asynchttpclient.netty.handler.HttpHandler - 

Request DefaultHttpRequest(decodeResult: success, version: HTTP/1.1)
POST /session/a7e6c9955bd15d9008b76bd7e60374d1/url HTTP/1.1
User-Agent: selenium/4.12.0 (java windows)
Content-Length: 92
Content-Type: application/json; charset=utf-8
host: localhost:30749
accept: */*

Response DefaultHttpResponse(decodeResult: success, version: HTTP/1.1)
HTTP/1.1 200 OK
Content-Length: 14
Content-Type: application/json; charset=utf-8
cache-control: no-cache

14:55:33.659 [AsyncHttpClient-1-5] DEBUG org.asynchttpclient.netty.channel.ChannelManager - Adding key: http://localhost:30749 for channel [id: 0x4d3741c8, L:/127.0.0.1:58005 - R:localhost/127.0.0.1:30749]
14:55:33.661 [Forwarding maximizeCurrentWindow on session a7e6c9955bd15d9008b76bd7e60374d1 to remote] DEBUG org.asynchttpclient.netty.request.NettyRequestSender - Using pooled Channel '[id: 0x4d3741c8, L:/127.0.0.1:58005 - R:localhost/127.0.0.1:30749]' for 'POST' to 'http://localhost:30749/session/a7e6c9955bd15d9008b76bd7e60374d1/window/maximize'
14:55:33.661 [Forwarding maximizeCurrentWindow on session a7e6c9955bd15d9008b76bd7e60374d1 to remote] DEBUG org.asynchttpclient.netty.request.NettyRequestSender - Using open Channel [id: 0x4d3741c8, L:/127.0.0.1:58005 - R:localhost/127.0.0.1:30749] for POST '/session/a7e6c9955bd15d9008b76bd7e60374d1/window/maximize'
14:55:33.737 [AsyncHttpClient-1-5] DEBUG org.asynchttpclient.netty.handler.HttpHandler - 

Request DefaultHttpRequest(decodeResult: success, version: HTTP/1.1)
POST /session/a7e6c9955bd15d9008b76bd7e60374d1/window/maximize HTTP/1.1
User-Agent: selenium/4.12.0 (java windows)
Content-Length: 3
Content-Type: application/json; charset=utf-8
host: localhost:30749
accept: */*

Response DefaultHttpResponse(decodeResult: success, version: HTTP/1.1)
HTTP/1.1 200 OK
Content-Length: 51
Content-Type: application/json; charset=utf-8
cache-control: no-cache

14:55:33.737 [AsyncHttpClient-1-5] DEBUG org.asynchttpclient.netty.channel.ChannelManager - Adding key: http://localhost:30749 for channel [id: 0x4d3741c8, L:/127.0.0.1:58005 - R:localhost/127.0.0.1:30749]
14:55:33.749 [Forwarding findElement on session a7e6c9955bd15d9008b76bd7e60374d1 to remote] DEBUG org.asynchttpclient.netty.request.NettyRequestSender - Using pooled Channel '[id: 0x4d3741c8, L:/127.0.0.1:58005 - R:localhost/127.0.0.1:30749]' for 'POST' to 'http://localhost:30749/session/a7e6c9955bd15d9008b76bd7e60374d1/element'
14:55:33.749 [Forwarding findElement on session a7e6c9955bd15d9008b76bd7e60374d1 to remote] DEBUG org.asynchttpclient.netty.request.NettyRequestSender - Using open Channel [id: 0x4d3741c8, L:/127.0.0.1:58005 - R:localhost/127.0.0.1:30749] for POST '/session/a7e6c9955bd15d9008b76bd7e60374d1/element'
14:55:33.780 [AsyncHttpClient-1-5] DEBUG org.asynchttpclient.netty.handler.HttpHandler - 

Request DefaultHttpRequest(decodeResult: success, version: HTTP/1.1)
POST /session/a7e6c9955bd15d9008b76bd7e60374d1/element HTTP/1.1
User-Agent: selenium/4.12.0 (java windows)
Content-Length: 69
Content-Type: application/json; charset=utf-8
host: localhost:30749
accept: */*

Response DefaultHttpResponse(decodeResult: success, version: HTTP/1.1)
HTTP/1.1 200 OK
Content-Length: 125
Content-Type: application/json; charset=utf-8
cache-control: no-cache

14:55:33.782 [AsyncHttpClient-1-5] DEBUG org.asynchttpclient.netty.channel.ChannelManager - Adding key: http://localhost:30749 for channel [id: 0x4d3741c8, L:/127.0.0.1:58005 - R:localhost/127.0.0.1:30749]
14:55:33.784 [Forwarding sendKeysToElement on session a7e6c9955bd15d9008b76bd7e60374d1 to remote] DEBUG org.asynchttpclient.netty.request.NettyRequestSender - Using pooled Channel '[id: 0x4d3741c8, L:/127.0.0.1:58005 - R:localhost/127.0.0.1:30749]' for 'POST' to 'http://localhost:30749/session/a7e6c9955bd15d9008b76bd7e60374d1/element/f.A9830578D43E5EB7828303F7D657327F.d.9F008BBD4EF56900EC50B68142FD9784.e.2/value'
14:55:33.784 [Forwarding sendKeysToElement on session a7e6c9955bd15d9008b76bd7e60374d1 to remote] DEBUG org.asynchttpclient.netty.request.NettyRequestSender - Using open Channel [id: 0x4d3741c8, L:/127.0.0.1:58005 - R:localhost/127.0.0.1:30749] for POST '/session/a7e6c9955bd15d9008b76bd7e60374d1/element/f.A9830578D43E5EB7828303F7D657327F.d.9F008BBD4EF56900EC50B68142FD9784.e.2/value'
14:55:34.082 [AsyncHttpClient-1-1] DEBUG org.asynchttpclient.netty.channel.DefaultChannelPool - Entry count for : http://localhost:58007 : 1
14:55:34.087 [AsyncHttpClient-1-5] DEBUG org.asynchttpclient.netty.handler.HttpHandler - 

Request DefaultHttpRequest(decodeResult: success, version: HTTP/1.1)
POST /session/a7e6c9955bd15d9008b76bd7e60374d1/element/f.A9830578D43E5EB7828303F7D657327F.d.9F008BBD4EF56900EC50B68142FD9784.e.2/value HTTP/1.1
User-Agent: selenium/4.12.0 (java windows)
Content-Length: 338
Content-Type: application/json; charset=utf-8
host: localhost:30749
accept: */*

Response DefaultHttpResponse(decodeResult: success, version: HTTP/1.1)
HTTP/1.1 200 OK
Content-Length: 14
Content-Type: application/json; charset=utf-8
cache-control: no-cache

14:55:34.087 [AsyncHttpClient-1-5] DEBUG org.asynchttpclient.netty.channel.ChannelManager - Adding key: http://localhost:30749 for channel [id: 0x4d3741c8, L:/127.0.0.1:58005 - R:localhost/127.0.0.1:30749]
14:55:34.089 [Forwarding findElement on session a7e6c9955bd15d9008b76bd7e60374d1 to remote] DEBUG org.asynchttpclient.netty.request.NettyRequestSender - Using pooled Channel '[id: 0x4d3741c8, L:/127.0.0.1:58005 - R:localhost/127.0.0.1:30749]' for 'POST' to 'http://localhost:30749/session/a7e6c9955bd15d9008b76bd7e60374d1/element'
14:55:34.089 [Forwarding findElement on session a7e6c9955bd15d9008b76bd7e60374d1 to remote] DEBUG org.asynchttpclient.netty.request.NettyRequestSender - Using open Channel [id: 0x4d3741c8, L:/127.0.0.1:58005 - R:localhost/127.0.0.1:30749] for POST '/session/a7e6c9955bd15d9008b76bd7e60374d1/element'
14:55:34.105 [AsyncHttpClient-1-5] DEBUG org.asynchttpclient.netty.handler.HttpHandler - 

Request DefaultHttpRequest(decodeResult: success, version: HTTP/1.1)
POST /session/a7e6c9955bd15d9008b76bd7e60374d1/element HTTP/1.1
User-Agent: selenium/4.12.0 (java windows)
Content-Length: 72
Content-Type: application/json; charset=utf-8
host: localhost:30749
accept: */*

Response DefaultHttpResponse(decodeResult: success, version: HTTP/1.1)
HTTP/1.1 200 OK
Content-Length: 125
Content-Type: application/json; charset=utf-8
cache-control: no-cache

14:55:34.105 [AsyncHttpClient-1-5] DEBUG org.asynchttpclient.netty.channel.ChannelManager - Adding key: http://localhost:30749 for channel [id: 0x4d3741c8, L:/127.0.0.1:58005 - R:localhost/127.0.0.1:30749]
14:55:34.105 [Forwarding sendKeysToElement on session a7e6c9955bd15d9008b76bd7e60374d1 to remote] DEBUG org.asynchttpclient.netty.request.NettyRequestSender - Using pooled Channel '[id: 0x4d3741c8, L:/127.0.0.1:58005 - R:localhost/127.0.0.1:30749]' for 'POST' to 'http://localhost:30749/session/a7e6c9955bd15d9008b76bd7e60374d1/element/f.A9830578D43E5EB7828303F7D657327F.d.9F008BBD4EF56900EC50B68142FD9784.e.4/value'
14:55:34.105 [Forwarding sendKeysToElement on session a7e6c9955bd15d9008b76bd7e60374d1 to remote] DEBUG org.asynchttpclient.netty.request.NettyRequestSender - Using open Channel [id: 0x4d3741c8, L:/127.0.0.1:58005 - R:localhost/127.0.0.1:30749] for POST '/session/a7e6c9955bd15d9008b76bd7e60374d1/element/f.A9830578D43E5EB7828303F7D657327F.d.9F008BBD4EF56900EC50B68142FD9784.e.4/value'
14:55:34.325 [AsyncHttpClient-1-5] DEBUG org.asynchttpclient.netty.handler.HttpHandler - 

Request DefaultHttpRequest(decodeResult: success, version: HTTP/1.1)
POST /session/a7e6c9955bd15d9008b76bd7e60374d1/element/f.A9830578D43E5EB7828303F7D657327F.d.9F008BBD4EF56900EC50B68142FD9784.e.4/value HTTP/1.1
User-Agent: selenium/4.12.0 (java windows)
Content-Length: 208
Content-Type: application/json; charset=utf-8
host: localhost:30749
accept: */*

Response DefaultHttpResponse(decodeResult: success, version: HTTP/1.1)
HTTP/1.1 200 OK
Content-Length: 14
Content-Type: application/json; charset=utf-8
cache-control: no-cache

14:55:34.325 [AsyncHttpClient-1-5] DEBUG org.asynchttpclient.netty.channel.ChannelManager - Adding key: http://localhost:30749 for channel [id: 0x4d3741c8, L:/127.0.0.1:58005 - R:localhost/127.0.0.1:30749]
14:55:34.328 [Forwarding findElement on session a7e6c9955bd15d9008b76bd7e60374d1 to remote] DEBUG org.asynchttpclient.netty.request.NettyRequestSender - Using pooled Channel '[id: 0x4d3741c8, L:/127.0.0.1:58005 - R:localhost/127.0.0.1:30749]' for 'POST' to 'http://localhost:30749/session/a7e6c9955bd15d9008b76bd7e60374d1/element'
14:55:34.329 [Forwarding findElement on session a7e6c9955bd15d9008b76bd7e60374d1 to remote] DEBUG org.asynchttpclient.netty.request.NettyRequestSender - Using open Channel [id: 0x4d3741c8, L:/127.0.0.1:58005 - R:localhost/127.0.0.1:30749] for POST '/session/a7e6c9955bd15d9008b76bd7e60374d1/element'
14:55:34.344 [AsyncHttpClient-1-5] DEBUG org.asynchttpclient.netty.handler.HttpHandler - 

Request DefaultHttpRequest(decodeResult: success, version: HTTP/1.1)
POST /session/a7e6c9955bd15d9008b76bd7e60374d1/element HTTP/1.1
User-Agent: selenium/4.12.0 (java windows)
Content-Length: 73
Content-Type: application/json; charset=utf-8
host: localhost:30749
accept: */*

Response DefaultHttpResponse(decodeResult: success, version: HTTP/1.1)
HTTP/1.1 200 OK
Content-Length: 125
Content-Type: application/json; charset=utf-8
cache-control: no-cache

14:55:34.344 [AsyncHttpClient-1-5] DEBUG org.asynchttpclient.netty.channel.ChannelManager - Adding key: http://localhost:30749 for channel [id: 0x4d3741c8, L:/127.0.0.1:58005 - R:localhost/127.0.0.1:30749]
14:55:34.346 [Forwarding clickElement on session a7e6c9955bd15d9008b76bd7e60374d1 to remote] DEBUG org.asynchttpclient.netty.request.NettyRequestSender - Using pooled Channel '[id: 0x4d3741c8, L:/127.0.0.1:58005 - R:localhost/127.0.0.1:30749]' for 'POST' to 'http://localhost:30749/session/a7e6c9955bd15d9008b76bd7e60374d1/element/f.A9830578D43E5EB7828303F7D657327F.d.9F008BBD4EF56900EC50B68142FD9784.e.6/click'
14:55:34.346 [Forwarding clickElement on session a7e6c9955bd15d9008b76bd7e60374d1 to remote] DEBUG org.asynchttpclient.netty.request.NettyRequestSender - Using open Channel [id: 0x4d3741c8, L:/127.0.0.1:58005 - R:localhost/127.0.0.1:30749] for POST '/session/a7e6c9955bd15d9008b76bd7e60374d1/element/f.A9830578D43E5EB7828303F7D657327F.d.9F008BBD4EF56900EC50B68142FD9784.e.6/click'
14:55:34.531 [AsyncHttpClient-1-5] DEBUG org.asynchttpclient.netty.handler.HttpHandler - 

Request DefaultHttpRequest(decodeResult: success, version: HTTP/1.1)
POST /session/a7e6c9955bd15d9008b76bd7e60374d1/element/f.A9830578D43E5EB7828303F7D657327F.d.9F008BBD4EF56900EC50B68142FD9784.e.6/click HTTP/1.1
User-Agent: selenium/4.12.0 (java windows)
Content-Length: 87
Content-Type: application/json; charset=utf-8
host: localhost:30749
accept: */*

Response DefaultHttpResponse(decodeResult: success, version: HTTP/1.1)
HTTP/1.1 200 OK
Content-Length: 14
Content-Type: application/json; charset=utf-8
cache-control: no-cache

14:55:34.531 [AsyncHttpClient-1-5] DEBUG org.asynchttpclient.netty.channel.ChannelManager - Adding key: http://localhost:30749 for channel [id: 0x4d3741c8, L:/127.0.0.1:58005 - R:localhost/127.0.0.1:30749]
14:55:35.174 [AsyncHttpClient-1-1] DEBUG org.asynchttpclient.netty.channel.DefaultChannelPool - Entry count for : http://localhost:30749 : 1
14:55:35.174 [AsyncHttpClient-1-1] DEBUG org.asynchttpclient.netty.channel.DefaultChannelPool - Entry count for : http://localhost:58007 : 1
14:55:36.279 [AsyncHttpClient-1-1] DEBUG org.asynchttpclient.netty.channel.DefaultChannelPool - Entry count for : http://localhost:30749 : 1
14:55:36.279 [AsyncHttpClient-1-1] DEBUG org.asynchttpclient.netty.channel.DefaultChannelPool - Entry count for : http://localhost:58007 : 1
14:55:37.371 [AsyncHttpClient-1-1] DEBUG org.asynchttpclient.netty.channel.DefaultChannelPool - Entry count for : http://localhost:30749 : 1
14:55:37.371 [AsyncHttpClient-1-1] DEBUG org.asynchttpclient.netty.channel.DefaultChannelPool - Entry count for : http://localhost:58007 : 1
14:55:38.470 [AsyncHttpClient-1-1] DEBUG org.asynchttpclient.netty.channel.DefaultChannelPool - Entry count for : http://localhost:30749 : 1
14:55:38.470 [AsyncHttpClient-1-1] DEBUG org.asynchttpclient.netty.channel.DefaultChannelPool - Entry count for : http://localhost:58007 : 1
14:55:39.543 [Forwarding getCurrentUrl on session a7e6c9955bd15d9008b76bd7e60374d1 to remote] DEBUG org.asynchttpclient.netty.request.NettyRequestSender - Using pooled Channel '[id: 0x4d3741c8, L:/127.0.0.1:58005 - R:localhost/127.0.0.1:30749]' for 'GET' to 'http://localhost:30749/session/a7e6c9955bd15d9008b76bd7e60374d1/url'
14:55:39.543 [Forwarding getCurrentUrl on session a7e6c9955bd15d9008b76bd7e60374d1 to remote] DEBUG org.asynchttpclient.netty.request.NettyRequestSender - Using open Channel [id: 0x4d3741c8, L:/127.0.0.1:58005 - R:localhost/127.0.0.1:30749] for GET '/session/a7e6c9955bd15d9008b76bd7e60374d1/url'
14:55:39.551 [AsyncHttpClient-1-5] DEBUG org.asynchttpclient.netty.handler.HttpHandler - 

Request DefaultFullHttpRequest(decodeResult: success, version: HTTP/1.1, content: EmptyByteBufBE)
GET /session/a7e6c9955bd15d9008b76bd7e60374d1/url HTTP/1.1
Cache-Control: no-cache
User-Agent: selenium/4.12.0 (java windows)
Content-Type: application/json; charset=utf-8
host: localhost:30749
accept: */*

Response DefaultHttpResponse(decodeResult: success, version: HTTP/1.1)
HTTP/1.1 200 OK
Content-Length: 69
Content-Type: application/json; charset=utf-8
cache-control: no-cache

14:55:39.551 [AsyncHttpClient-1-5] DEBUG org.asynchttpclient.netty.channel.ChannelManager - Adding key: http://localhost:30749 for channel [id: 0x4d3741c8, L:/127.0.0.1:58005 - R:localhost/127.0.0.1:30749]
https://fleet-manager-development.vercel.app/auth/sign-in
14:55:39.553 [Forwarding findElement on session a7e6c9955bd15d9008b76bd7e60374d1 to remote] DEBUG org.asynchttpclient.netty.request.NettyRequestSender - Using pooled Channel '[id: 0x4d3741c8, L:/127.0.0.1:58005 - R:localhost/127.0.0.1:30749]' for 'POST' to 'http://localhost:30749/session/a7e6c9955bd15d9008b76bd7e60374d1/element'
14:55:39.553 [Forwarding findElement on session a7e6c9955bd15d9008b76bd7e60374d1 to remote] DEBUG org.asynchttpclient.netty.request.NettyRequestSender - Using open Channel [id: 0x4d3741c8, L:/127.0.0.1:58005 - R:localhost/127.0.0.1:30749] for POST '/session/a7e6c9955bd15d9008b76bd7e60374d1/element'
14:55:39.566 [AsyncHttpClient-1-5] DEBUG org.asynchttpclient.netty.handler.HttpHandler - 

Request DefaultHttpRequest(decodeResult: success, version: HTTP/1.1)
POST /session/a7e6c9955bd15d9008b76bd7e60374d1/element HTTP/1.1
User-Agent: selenium/4.12.0 (java windows)
Content-Length: 66
Content-Type: application/json; charset=utf-8
host: localhost:30749
accept: */*

Response DefaultHttpResponse(decodeResult: success, version: HTTP/1.1)
HTTP/1.1 200 OK
Content-Length: 126
Content-Type: application/json; charset=utf-8
cache-control: no-cache

14:55:39.566 [AsyncHttpClient-1-5] DEBUG org.asynchttpclient.netty.channel.ChannelManager - Adding key: http://localhost:30749 for channel [id: 0x4d3741c8, L:/127.0.0.1:58005 - R:localhost/127.0.0.1:30749]
14:55:39.574 [Forwarding isElementDisplayed on session a7e6c9955bd15d9008b76bd7e60374d1 to remote] DEBUG org.asynchttpclient.netty.request.NettyRequestSender - Using pooled Channel '[id: 0x4d3741c8, L:/127.0.0.1:58005 - R:localhost/127.0.0.1:30749]' for 'POST' to 'http://localhost:30749/session/a7e6c9955bd15d9008b76bd7e60374d1/execute/sync'
14:55:39.574 [Forwarding isElementDisplayed on session a7e6c9955bd15d9008b76bd7e60374d1 to remote] DEBUG org.asynchttpclient.netty.request.NettyRequestSender - Using open Channel [id: 0x4d3741c8, L:/127.0.0.1:58005 - R:localhost/127.0.0.1:30749] for POST '/session/a7e6c9955bd15d9008b76bd7e60374d1/execute/sync'
14:55:39.576 [AsyncHttpClient-1-1] DEBUG org.asynchttpclient.netty.channel.DefaultChannelPool - Entry count for : http://localhost:58007 : 1
14:55:39.596 [AsyncHttpClient-1-5] DEBUG org.asynchttpclient.netty.handler.HttpHandler - 

Request DefaultHttpRequest(decodeResult: success, version: HTTP/1.1)
POST /session/a7e6c9955bd15d9008b76bd7e60374d1/execute/sync HTTP/1.1
User-Agent: selenium/4.12.0 (java windows)
Content-Length: 48734
Content-Type: application/json; charset=utf-8
host: localhost:30749
accept: */*

Response DefaultHttpResponse(decodeResult: success, version: HTTP/1.1)
HTTP/1.1 200 OK
Content-Length: 14
Content-Type: application/json; charset=utf-8
cache-control: no-cache

14:55:39.596 [AsyncHttpClient-1-5] DEBUG org.asynchttpclient.netty.channel.ChannelManager - Adding key: http://localhost:30749 for channel [id: 0x4d3741c8, L:/127.0.0.1:58005 - R:localhost/127.0.0.1:30749]
14:55:39.597 [Forwarding findElement on session a7e6c9955bd15d9008b76bd7e60374d1 to remote] DEBUG org.asynchttpclient.netty.request.NettyRequestSender - Using pooled Channel '[id: 0x4d3741c8, L:/127.0.0.1:58005 - R:localhost/127.0.0.1:30749]' for 'POST' to 'http://localhost:30749/session/a7e6c9955bd15d9008b76bd7e60374d1/element'
14:55:39.597 [Forwarding findElement on session a7e6c9955bd15d9008b76bd7e60374d1 to remote] DEBUG org.asynchttpclient.netty.request.NettyRequestSender - Using open Channel [id: 0x4d3741c8, L:/127.0.0.1:58005 - R:localhost/127.0.0.1:30749] for POST '/session/a7e6c9955bd15d9008b76bd7e60374d1/element'
14:55:39.607 [AsyncHttpClient-1-5] DEBUG org.asynchttpclient.netty.handler.HttpHandler - 

Request DefaultHttpRequest(decodeResult: success, version: HTTP/1.1)
POST /session/a7e6c9955bd15d9008b76bd7e60374d1/element HTTP/1.1
User-Agent: selenium/4.12.0 (java windows)
Content-Length: 66
Content-Type: application/json; charset=utf-8
host: localhost:30749
accept: */*

Response DefaultHttpResponse(decodeResult: success, version: HTTP/1.1)
HTTP/1.1 200 OK
Content-Length: 126
Content-Type: application/json; charset=utf-8
cache-control: no-cache

14:55:39.607 [AsyncHttpClient-1-5] DEBUG org.asynchttpclient.netty.channel.ChannelManager - Adding key: http://localhost:30749 for channel [id: 0x4d3741c8, L:/127.0.0.1:58005 - R:localhost/127.0.0.1:30749]
14:55:39.608 [Forwarding getElementText on session a7e6c9955bd15d9008b76bd7e60374d1 to remote] DEBUG org.asynchttpclient.netty.request.NettyRequestSender - Using pooled Channel '[id: 0x4d3741c8, L:/127.0.0.1:58005 - R:localhost/127.0.0.1:30749]' for 'GET' to 'http://localhost:30749/session/a7e6c9955bd15d9008b76bd7e60374d1/element/f.A9830578D43E5EB7828303F7D657327F.d.9F008BBD4EF56900EC50B68142FD9784.e.19/text'
14:55:39.608 [Forwarding getElementText on session a7e6c9955bd15d9008b76bd7e60374d1 to remote] DEBUG org.asynchttpclient.netty.request.NettyRequestSender - Using open Channel [id: 0x4d3741c8, L:/127.0.0.1:58005 - R:localhost/127.0.0.1:30749] for GET '/session/a7e6c9955bd15d9008b76bd7e60374d1/element/f.A9830578D43E5EB7828303F7D657327F.d.9F008BBD4EF56900EC50B68142FD9784.e.19/text'
14:55:39.626 [AsyncHttpClient-1-5] DEBUG org.asynchttpclient.netty.handler.HttpHandler - 

Request DefaultFullHttpRequest(decodeResult: success, version: HTTP/1.1, content: EmptyByteBufBE)
GET /session/a7e6c9955bd15d9008b76bd7e60374d1/element/f.A9830578D43E5EB7828303F7D657327F.d.9F008BBD4EF56900EC50B68142FD9784.e.19/text HTTP/1.1
Cache-Control: no-cache
User-Agent: selenium/4.12.0 (java windows)
Content-Type: application/json; charset=utf-8
host: localhost:30749
accept: */*

Response DefaultHttpResponse(decodeResult: success, version: HTTP/1.1)
HTTP/1.1 200 OK
Content-Length: 33
Content-Type: application/json; charset=utf-8
cache-control: no-cache

14:55:39.626 [AsyncHttpClient-1-5] DEBUG org.asynchttpclient.netty.channel.ChannelManager - Adding key: http://localhost:30749 for channel [id: 0x4d3741c8, L:/127.0.0.1:58005 - R:localhost/127.0.0.1:30749]
14:55:39.627 [Forwarding findElement on session a7e6c9955bd15d9008b76bd7e60374d1 to remote] DEBUG org.asynchttpclient.netty.request.NettyRequestSender - Using pooled Channel '[id: 0x4d3741c8, L:/127.0.0.1:58005 - R:localhost/127.0.0.1:30749]' for 'POST' to 'http://localhost:30749/session/a7e6c9955bd15d9008b76bd7e60374d1/element'
14:55:39.627 [Forwarding findElement on session a7e6c9955bd15d9008b76bd7e60374d1 to remote] DEBUG org.asynchttpclient.netty.request.NettyRequestSender - Using open Channel [id: 0x4d3741c8, L:/127.0.0.1:58005 - R:localhost/127.0.0.1:30749] for POST '/session/a7e6c9955bd15d9008b76bd7e60374d1/element'
14:55:39.640 [AsyncHttpClient-1-5] DEBUG org.asynchttpclient.netty.handler.HttpHandler - 

Request DefaultHttpRequest(decodeResult: success, version: HTTP/1.1)
POST /session/a7e6c9955bd15d9008b76bd7e60374d1/element HTTP/1.1
User-Agent: selenium/4.12.0 (java windows)
Content-Length: 74
Content-Type: application/json; charset=utf-8
host: localhost:30749
accept: */*

Response DefaultHttpResponse(decodeResult: success, version: HTTP/1.1)
HTTP/1.1 200 OK
Content-Length: 126
Content-Type: application/json; charset=utf-8
cache-control: no-cache

14:55:39.640 [AsyncHttpClient-1-5] DEBUG org.asynchttpclient.netty.channel.ChannelManager - Adding key: http://localhost:30749 for channel [id: 0x4d3741c8, L:/127.0.0.1:58005 - R:localhost/127.0.0.1:30749]
14:55:39.642 [Forwarding clickElement on session a7e6c9955bd15d9008b76bd7e60374d1 to remote] DEBUG org.asynchttpclient.netty.request.NettyRequestSender - Using pooled Channel '[id: 0x4d3741c8, L:/127.0.0.1:58005 - R:localhost/127.0.0.1:30749]' for 'POST' to 'http://localhost:30749/session/a7e6c9955bd15d9008b76bd7e60374d1/element/f.A9830578D43E5EB7828303F7D657327F.d.9F008BBD4EF56900EC50B68142FD9784.e.20/click'
14:55:39.642 [Forwarding clickElement on session a7e6c9955bd15d9008b76bd7e60374d1 to remote] DEBUG org.asynchttpclient.netty.request.NettyRequestSender - Using open Channel [id: 0x4d3741c8, L:/127.0.0.1:58005 - R:localhost/127.0.0.1:30749] for POST '/session/a7e6c9955bd15d9008b76bd7e60374d1/element/f.A9830578D43E5EB7828303F7D657327F.d.9F008BBD4EF56900EC50B68142FD9784.e.20/click'
14:55:39.733 [AsyncHttpClient-1-5] DEBUG org.asynchttpclient.netty.handler.HttpHandler - 

Request DefaultHttpRequest(decodeResult: success, version: HTTP/1.1)
POST /session/a7e6c9955bd15d9008b76bd7e60374d1/element/f.A9830578D43E5EB7828303F7D657327F.d.9F008BBD4EF56900EC50B68142FD9784.e.20/click HTTP/1.1
User-Agent: selenium/4.12.0 (java windows)
Content-Length: 88
Content-Type: application/json; charset=utf-8
host: localhost:30749
accept: */*

Response DefaultHttpResponse(decodeResult: success, version: HTTP/1.1)
HTTP/1.1 200 OK
Content-Length: 14
Content-Type: application/json; charset=utf-8
cache-control: no-cache

14:55:39.733 [AsyncHttpClient-1-5] DEBUG org.asynchttpclient.netty.channel.ChannelManager - Adding key: http://localhost:30749 for channel [id: 0x4d3741c8, L:/127.0.0.1:58005 - R:localhost/127.0.0.1:30749]
14:55:40.683 [AsyncHttpClient-1-1] DEBUG org.asynchttpclient.netty.channel.DefaultChannelPool - Entry count for : http://localhost:30749 : 1
14:55:40.685 [AsyncHttpClient-1-1] DEBUG org.asynchttpclient.netty.channel.DefaultChannelPool - Entry count for : http://localhost:58007 : 1
14:55:41.776 [AsyncHttpClient-1-1] DEBUG org.asynchttpclient.netty.channel.DefaultChannelPool - Entry count for : http://localhost:30749 : 1
14:55:41.776 [AsyncHttpClient-1-1] DEBUG org.asynchttpclient.netty.channel.DefaultChannelPool - Entry count for : http://localhost:58007 : 1
14:55:42.740 [Forwarding screenshot on session a7e6c9955bd15d9008b76bd7e60374d1 to remote] DEBUG org.asynchttpclient.netty.request.NettyRequestSender - Using pooled Channel '[id: 0x4d3741c8, L:/127.0.0.1:58005 - R:localhost/127.0.0.1:30749]' for 'GET' to 'http://localhost:30749/session/a7e6c9955bd15d9008b76bd7e60374d1/screenshot'
14:55:42.740 [Forwarding screenshot on session a7e6c9955bd15d9008b76bd7e60374d1 to remote] DEBUG org.asynchttpclient.netty.request.NettyRequestSender - Using open Channel [id: 0x4d3741c8, L:/127.0.0.1:58005 - R:localhost/127.0.0.1:30749] for GET '/session/a7e6c9955bd15d9008b76bd7e60374d1/screenshot'
14:55:42.881 [AsyncHttpClient-1-1] DEBUG org.asynchttpclient.netty.channel.DefaultChannelPool - Entry count for : http://localhost:58007 : 1
14:55:42.928 [AsyncHttpClient-1-5] DEBUG org.asynchttpclient.netty.handler.HttpHandler - 

Request DefaultFullHttpRequest(decodeResult: success, version: HTTP/1.1, content: EmptyByteBufBE)
GET /session/a7e6c9955bd15d9008b76bd7e60374d1/screenshot HTTP/1.1
Cache-Control: no-cache
User-Agent: selenium/4.12.0 (java windows)
Content-Type: application/json; charset=utf-8
host: localhost:30749
accept: */*

Response DefaultHttpResponse(decodeResult: success, version: HTTP/1.1)
HTTP/1.1 200 OK
Content-Length: 233672
Content-Type: application/json; charset=utf-8
cache-control: no-cache

14:55:42.930 [AsyncHttpClient-1-5] DEBUG org.asynchttpclient.netty.channel.ChannelManager - Adding key: http://localhost:30749 for channel [id: 0x4d3741c8, L:/127.0.0.1:58005 - R:localhost/127.0.0.1:30749]
  Given I am on dashboardfokisaj290@edectus.com and Fleet@123       # StepDefination.Customer_onboarding.I_am_on_dashboard(java.lang.String,java.lang.String)
14:55:42.955 [Forwarding findElement on session a7e6c9955bd15d9008b76bd7e60374d1 to remote] DEBUG org.asynchttpclient.netty.request.NettyRequestSender - Using pooled Channel '[id: 0x4d3741c8, L:/127.0.0.1:58005 - R:localhost/127.0.0.1:30749]' for 'POST' to 'http://localhost:30749/session/a7e6c9955bd15d9008b76bd7e60374d1/element'
14:55:42.955 [Forwarding findElement on session a7e6c9955bd15d9008b76bd7e60374d1 to remote] DEBUG org.asynchttpclient.netty.request.NettyRequestSender - Using open Channel [id: 0x4d3741c8, L:/127.0.0.1:58005 - R:localhost/127.0.0.1:30749] for POST '/session/a7e6c9955bd15d9008b76bd7e60374d1/element'
14:55:42.991 [AsyncHttpClient-1-5] DEBUG org.asynchttpclient.netty.handler.HttpHandler - 

Request DefaultHttpRequest(decodeResult: success, version: HTTP/1.1)
POST /session/a7e6c9955bd15d9008b76bd7e60374d1/element HTTP/1.1
User-Agent: selenium/4.12.0 (java windows)
Content-Length: 127
Content-Type: application/json; charset=utf-8
host: localhost:30749
accept: */*

Response DefaultHttpResponse(decodeResult: success, version: HTTP/1.1)
HTTP/1.1 200 OK
Content-Length: 126
Content-Type: application/json; charset=utf-8
cache-control: no-cache

14:55:42.991 [AsyncHttpClient-1-5] DEBUG org.asynchttpclient.netty.channel.ChannelManager - Adding key: http://localhost:30749 for channel [id: 0x4d3741c8, L:/127.0.0.1:58005 - R:localhost/127.0.0.1:30749]
14:55:42.991 [Forwarding getElementText on session a7e6c9955bd15d9008b76bd7e60374d1 to remote] DEBUG org.asynchttpclient.netty.request.NettyRequestSender - Using pooled Channel '[id: 0x4d3741c8, L:/127.0.0.1:58005 - R:localhost/127.0.0.1:30749]' for 'GET' to 'http://localhost:30749/session/a7e6c9955bd15d9008b76bd7e60374d1/element/f.A9830578D43E5EB7828303F7D657327F.d.3033695F3ACF57E46C1208C576B79103.e.42/text'
14:55:42.991 [Forwarding getElementText on session a7e6c9955bd15d9008b76bd7e60374d1 to remote] DEBUG org.asynchttpclient.netty.request.NettyRequestSender - Using open Channel [id: 0x4d3741c8, L:/127.0.0.1:58005 - R:localhost/127.0.0.1:30749] for GET '/session/a7e6c9955bd15d9008b76bd7e60374d1/element/f.A9830578D43E5EB7828303F7D657327F.d.3033695F3ACF57E46C1208C576B79103.e.42/text'
14:55:43.007 [AsyncHttpClient-1-5] DEBUG org.asynchttpclient.netty.handler.HttpHandler - 

Request DefaultFullHttpRequest(decodeResult: success, version: HTTP/1.1, content: EmptyByteBufBE)
GET /session/a7e6c9955bd15d9008b76bd7e60374d1/element/f.A9830578D43E5EB7828303F7D657327F.d.3033695F3ACF57E46C1208C576B79103.e.42/text HTTP/1.1
Cache-Control: no-cache
User-Agent: selenium/4.12.0 (java windows)
Content-Type: application/json; charset=utf-8
host: localhost:30749
accept: */*

Response DefaultHttpResponse(decodeResult: success, version: HTTP/1.1)
HTTP/1.1 200 OK
Content-Length: 21
Content-Type: application/json; charset=utf-8
cache-control: no-cache

14:55:43.007 [AsyncHttpClient-1-5] DEBUG org.asynchttpclient.netty.channel.ChannelManager - Adding key: http://localhost:30749 for channel [id: 0x4d3741c8, L:/127.0.0.1:58005 - R:localhost/127.0.0.1:30749]
14:55:43.007 [Forwarding findElement on session a7e6c9955bd15d9008b76bd7e60374d1 to remote] DEBUG org.asynchttpclient.netty.request.NettyRequestSender - Using pooled Channel '[id: 0x4d3741c8, L:/127.0.0.1:58005 - R:localhost/127.0.0.1:30749]' for 'POST' to 'http://localhost:30749/session/a7e6c9955bd15d9008b76bd7e60374d1/element'
14:55:43.007 [Forwarding findElement on session a7e6c9955bd15d9008b76bd7e60374d1 to remote] DEBUG org.asynchttpclient.netty.request.NettyRequestSender - Using open Channel [id: 0x4d3741c8, L:/127.0.0.1:58005 - R:localhost/127.0.0.1:30749] for POST '/session/a7e6c9955bd15d9008b76bd7e60374d1/element'
14:55:43.022 [AsyncHttpClient-1-5] DEBUG org.asynchttpclient.netty.handler.HttpHandler - 

Request DefaultHttpRequest(decodeResult: success, version: HTTP/1.1)
POST /session/a7e6c9955bd15d9008b76bd7e60374d1/element HTTP/1.1
User-Agent: selenium/4.12.0 (java windows)
Content-Length: 127
Content-Type: application/json; charset=utf-8
host: localhost:30749
accept: */*

Response DefaultHttpResponse(decodeResult: success, version: HTTP/1.1)
HTTP/1.1 200 OK
Content-Length: 126
Content-Type: application/json; charset=utf-8
cache-control: no-cache

14:55:43.022 [AsyncHttpClient-1-5] DEBUG org.asynchttpclient.netty.channel.ChannelManager - Adding key: http://localhost:30749 for channel [id: 0x4d3741c8, L:/127.0.0.1:58005 - R:localhost/127.0.0.1:30749]
14:55:43.023 [Forwarding clickElement on session a7e6c9955bd15d9008b76bd7e60374d1 to remote] DEBUG org.asynchttpclient.netty.request.NettyRequestSender - Using pooled Channel '[id: 0x4d3741c8, L:/127.0.0.1:58005 - R:localhost/127.0.0.1:30749]' for 'POST' to 'http://localhost:30749/session/a7e6c9955bd15d9008b76bd7e60374d1/element/f.A9830578D43E5EB7828303F7D657327F.d.3033695F3ACF57E46C1208C576B79103.e.42/click'
14:55:43.023 [Forwarding clickElement on session a7e6c9955bd15d9008b76bd7e60374d1 to remote] DEBUG org.asynchttpclient.netty.request.NettyRequestSender - Using open Channel [id: 0x4d3741c8, L:/127.0.0.1:58005 - R:localhost/127.0.0.1:30749] for POST '/session/a7e6c9955bd15d9008b76bd7e60374d1/element/f.A9830578D43E5EB7828303F7D657327F.d.3033695F3ACF57E46C1208C576B79103.e.42/click'
14:55:43.116 [AsyncHttpClient-1-5] DEBUG org.asynchttpclient.netty.handler.HttpHandler - 

Request DefaultHttpRequest(decodeResult: success, version: HTTP/1.1)
POST /session/a7e6c9955bd15d9008b76bd7e60374d1/element/f.A9830578D43E5EB7828303F7D657327F.d.3033695F3ACF57E46C1208C576B79103.e.42/click HTTP/1.1
User-Agent: selenium/4.12.0 (java windows)
Content-Length: 88
Content-Type: application/json; charset=utf-8
host: localhost:30749
accept: */*

Response DefaultHttpResponse(decodeResult: success, version: HTTP/1.1)
HTTP/1.1 200 OK
Content-Length: 14
Content-Type: application/json; charset=utf-8
cache-control: no-cache

14:55:43.116 [AsyncHttpClient-1-5] DEBUG org.asynchttpclient.netty.channel.ChannelManager - Adding key: http://localhost:30749 for channel [id: 0x4d3741c8, L:/127.0.0.1:58005 - R:localhost/127.0.0.1:30749]
14:55:43.971 [AsyncHttpClient-1-1] DEBUG org.asynchttpclient.netty.channel.DefaultChannelPool - Entry count for : http://localhost:30749 : 1
14:55:43.971 [AsyncHttpClient-1-1] DEBUG org.asynchttpclient.netty.channel.DefaultChannelPool - Entry count for : http://localhost:58007 : 1
14:55:45.073 [AsyncHttpClient-1-1] DEBUG org.asynchttpclient.netty.channel.DefaultChannelPool - Entry count for : http://localhost:30749 : 1
14:55:45.073 [AsyncHttpClient-1-1] DEBUG org.asynchttpclient.netty.channel.DefaultChannelPool - Entry count for : http://localhost:58007 : 1
14:55:45.120 [Forwarding screenshot on session a7e6c9955bd15d9008b76bd7e60374d1 to remote] DEBUG org.asynchttpclient.netty.request.NettyRequestSender - Using pooled Channel '[id: 0x4d3741c8, L:/127.0.0.1:58005 - R:localhost/127.0.0.1:30749]' for 'GET' to 'http://localhost:30749/session/a7e6c9955bd15d9008b76bd7e60374d1/screenshot'
14:55:45.120 [Forwarding screenshot on session a7e6c9955bd15d9008b76bd7e60374d1 to remote] DEBUG org.asynchttpclient.netty.request.NettyRequestSender - Using open Channel [id: 0x4d3741c8, L:/127.0.0.1:58005 - R:localhost/127.0.0.1:30749] for GET '/session/a7e6c9955bd15d9008b76bd7e60374d1/screenshot'
14:55:45.309 [AsyncHttpClient-1-5] DEBUG org.asynchttpclient.netty.handler.HttpHandler - 

Request DefaultFullHttpRequest(decodeResult: success, version: HTTP/1.1, content: EmptyByteBufBE)
GET /session/a7e6c9955bd15d9008b76bd7e60374d1/screenshot HTTP/1.1
Cache-Control: no-cache
User-Agent: selenium/4.12.0 (java windows)
Content-Type: application/json; charset=utf-8
host: localhost:30749
accept: */*

Response DefaultHttpResponse(decodeResult: success, version: HTTP/1.1)
HTTP/1.1 200 OK
Content-Length: 289472
Content-Type: application/json; charset=utf-8
cache-control: no-cache

14:55:45.309 [AsyncHttpClient-1-5] DEBUG org.asynchttpclient.netty.channel.ChannelManager - Adding key: http://localhost:30749 for channel [id: 0x4d3741c8, L:/127.0.0.1:58005 - R:localhost/127.0.0.1:30749]
14:55:45.325 [Forwarding findElement on session a7e6c9955bd15d9008b76bd7e60374d1 to remote] DEBUG org.asynchttpclient.netty.request.NettyRequestSender - Using pooled Channel '[id: 0x4d3741c8, L:/127.0.0.1:58005 - R:localhost/127.0.0.1:30749]' for 'POST' to 'http://localhost:30749/session/a7e6c9955bd15d9008b76bd7e60374d1/element'
14:55:45.325 [Forwarding findElement on session a7e6c9955bd15d9008b76bd7e60374d1 to remote] DEBUG org.asynchttpclient.netty.request.NettyRequestSender - Using open Channel [id: 0x4d3741c8, L:/127.0.0.1:58005 - R:localhost/127.0.0.1:30749] for POST '/session/a7e6c9955bd15d9008b76bd7e60374d1/element'
14:55:45.356 [AsyncHttpClient-1-5] DEBUG org.asynchttpclient.netty.handler.HttpHandler - 

Request DefaultHttpRequest(decodeResult: success, version: HTTP/1.1)
POST /session/a7e6c9955bd15d9008b76bd7e60374d1/element HTTP/1.1
User-Agent: selenium/4.12.0 (java windows)
Content-Length: 178
Content-Type: application/json; charset=utf-8
host: localhost:30749
accept: */*

Response DefaultHttpResponse(decodeResult: success, version: HTTP/1.1)
HTTP/1.1 200 OK
Content-Length: 126
Content-Type: application/json; charset=utf-8
cache-control: no-cache

14:55:45.356 [AsyncHttpClient-1-5] DEBUG org.asynchttpclient.netty.channel.ChannelManager - Adding key: http://localhost:30749 for channel [id: 0x4d3741c8, L:/127.0.0.1:58005 - R:localhost/127.0.0.1:30749]
14:55:45.356 [Forwarding getElementText on session a7e6c9955bd15d9008b76bd7e60374d1 to remote] DEBUG org.asynchttpclient.netty.request.NettyRequestSender - Using pooled Channel '[id: 0x4d3741c8, L:/127.0.0.1:58005 - R:localhost/127.0.0.1:30749]' for 'GET' to 'http://localhost:30749/session/a7e6c9955bd15d9008b76bd7e60374d1/element/f.A9830578D43E5EB7828303F7D657327F.d.3033695F3ACF57E46C1208C576B79103.e.47/text'
14:55:45.356 [Forwarding getElementText on session a7e6c9955bd15d9008b76bd7e60374d1 to remote] DEBUG org.asynchttpclient.netty.request.NettyRequestSender - Using open Channel [id: 0x4d3741c8, L:/127.0.0.1:58005 - R:localhost/127.0.0.1:30749] for GET '/session/a7e6c9955bd15d9008b76bd7e60374d1/element/f.A9830578D43E5EB7828303F7D657327F.d.3033695F3ACF57E46C1208C576B79103.e.47/text'
14:55:45.372 [AsyncHttpClient-1-5] DEBUG org.asynchttpclient.netty.handler.HttpHandler - 

Request DefaultFullHttpRequest(decodeResult: success, version: HTTP/1.1, content: EmptyByteBufBE)
GET /session/a7e6c9955bd15d9008b76bd7e60374d1/element/f.A9830578D43E5EB7828303F7D657327F.d.3033695F3ACF57E46C1208C576B79103.e.47/text HTTP/1.1
Cache-Control: no-cache
User-Agent: selenium/4.12.0 (java windows)
Content-Type: application/json; charset=utf-8
host: localhost:30749
accept: */*

Response DefaultHttpResponse(decodeResult: success, version: HTTP/1.1)
HTTP/1.1 200 OK
Content-Length: 28
Content-Type: application/json; charset=utf-8
cache-control: no-cache

14:55:45.372 [AsyncHttpClient-1-5] DEBUG org.asynchttpclient.netty.channel.ChannelManager - Adding key: http://localhost:30749 for channel [id: 0x4d3741c8, L:/127.0.0.1:58005 - R:localhost/127.0.0.1:30749]
14:55:45.387 [Forwarding findElement on session a7e6c9955bd15d9008b76bd7e60374d1 to remote] DEBUG org.asynchttpclient.netty.request.NettyRequestSender - Using pooled Channel '[id: 0x4d3741c8, L:/127.0.0.1:58005 - R:localhost/127.0.0.1:30749]' for 'POST' to 'http://localhost:30749/session/a7e6c9955bd15d9008b76bd7e60374d1/element'
14:55:45.387 [Forwarding findElement on session a7e6c9955bd15d9008b76bd7e60374d1 to remote] DEBUG org.asynchttpclient.netty.request.NettyRequestSender - Using open Channel [id: 0x4d3741c8, L:/127.0.0.1:58005 - R:localhost/127.0.0.1:30749] for POST '/session/a7e6c9955bd15d9008b76bd7e60374d1/element'
14:55:45.387 [AsyncHttpClient-1-5] DEBUG org.asynchttpclient.netty.handler.HttpHandler - 

Request DefaultHttpRequest(decodeResult: success, version: HTTP/1.1)
POST /session/a7e6c9955bd15d9008b76bd7e60374d1/element HTTP/1.1
User-Agent: selenium/4.12.0 (java windows)
Content-Length: 178
Content-Type: application/json; charset=utf-8
host: localhost:30749
accept: */*

Response DefaultHttpResponse(decodeResult: success, version: HTTP/1.1)
HTTP/1.1 200 OK
Content-Length: 126
Content-Type: application/json; charset=utf-8
cache-control: no-cache

14:55:45.403 [AsyncHttpClient-1-5] DEBUG org.asynchttpclient.netty.channel.ChannelManager - Adding key: http://localhost:30749 for channel [id: 0x4d3741c8, L:/127.0.0.1:58005 - R:localhost/127.0.0.1:30749]
14:55:45.403 [Forwarding clickElement on session a7e6c9955bd15d9008b76bd7e60374d1 to remote] DEBUG org.asynchttpclient.netty.request.NettyRequestSender - Using pooled Channel '[id: 0x4d3741c8, L:/127.0.0.1:58005 - R:localhost/127.0.0.1:30749]' for 'POST' to 'http://localhost:30749/session/a7e6c9955bd15d9008b76bd7e60374d1/element/f.A9830578D43E5EB7828303F7D657327F.d.3033695F3ACF57E46C1208C576B79103.e.47/click'
14:55:45.403 [Forwarding clickElement on session a7e6c9955bd15d9008b76bd7e60374d1 to remote] DEBUG org.asynchttpclient.netty.request.NettyRequestSender - Using open Channel [id: 0x4d3741c8, L:/127.0.0.1:58005 - R:localhost/127.0.0.1:30749] for POST '/session/a7e6c9955bd15d9008b76bd7e60374d1/element/f.A9830578D43E5EB7828303F7D657327F.d.3033695F3ACF57E46C1208C576B79103.e.47/click'
14:55:45.538 [AsyncHttpClient-1-5] DEBUG org.asynchttpclient.netty.handler.HttpHandler - 

Request DefaultHttpRequest(decodeResult: success, version: HTTP/1.1)
POST /session/a7e6c9955bd15d9008b76bd7e60374d1/element/f.A9830578D43E5EB7828303F7D657327F.d.3033695F3ACF57E46C1208C576B79103.e.47/click HTTP/1.1
User-Agent: selenium/4.12.0 (java windows)
Content-Length: 88
Content-Type: application/json; charset=utf-8
host: localhost:30749
accept: */*

Response DefaultHttpResponse(decodeResult: success, version: HTTP/1.1)
HTTP/1.1 200 OK
Content-Length: 14
Content-Type: application/json; charset=utf-8
cache-control: no-cache

14:55:45.538 [AsyncHttpClient-1-5] DEBUG org.asynchttpclient.netty.channel.ChannelManager - Adding key: http://localhost:30749 for channel [id: 0x4d3741c8, L:/127.0.0.1:58005 - R:localhost/127.0.0.1:30749]
  When Open customer form                                           # StepDefination.Customer_onboarding.Open_customer_form()
14:55:46.185 [AsyncHttpClient-1-1] DEBUG org.asynchttpclient.netty.channel.DefaultChannelPool - Entry count for : http://localhost:30749 : 1
14:55:46.185 [AsyncHttpClient-1-1] DEBUG org.asynchttpclient.netty.channel.DefaultChannelPool - Entry count for : http://localhost:58007 : 1
14:55:47.068 [Forwarding findElement on session a7e6c9955bd15d9008b76bd7e60374d1 to remote] DEBUG org.asynchttpclient.netty.request.NettyRequestSender - Using pooled Channel '[id: 0x4d3741c8, L:/127.0.0.1:58005 - R:localhost/127.0.0.1:30749]' for 'POST' to 'http://localhost:30749/session/a7e6c9955bd15d9008b76bd7e60374d1/element'
14:55:47.068 [Forwarding findElement on session a7e6c9955bd15d9008b76bd7e60374d1 to remote] DEBUG org.asynchttpclient.netty.request.NettyRequestSender - Using open Channel [id: 0x4d3741c8, L:/127.0.0.1:58005 - R:localhost/127.0.0.1:30749] for POST '/session/a7e6c9955bd15d9008b76bd7e60374d1/element'
14:55:47.089 [AsyncHttpClient-1-5] DEBUG org.asynchttpclient.netty.handler.HttpHandler - 

Request DefaultHttpRequest(decodeResult: success, version: HTTP/1.1)
POST /session/a7e6c9955bd15d9008b76bd7e60374d1/element HTTP/1.1
User-Agent: selenium/4.12.0 (java windows)
Content-Length: 114
Content-Type: application/json; charset=utf-8
host: localhost:30749
accept: */*

Response DefaultHttpResponse(decodeResult: success, version: HTTP/1.1)
HTTP/1.1 200 OK
Content-Length: 126
Content-Type: application/json; charset=utf-8
cache-control: no-cache

14:55:47.089 [AsyncHttpClient-1-5] DEBUG org.asynchttpclient.netty.channel.ChannelManager - Adding key: http://localhost:30749 for channel [id: 0x4d3741c8, L:/127.0.0.1:58005 - R:localhost/127.0.0.1:30749]
14:55:47.089 [Forwarding sendKeysToElement on session a7e6c9955bd15d9008b76bd7e60374d1 to remote] DEBUG org.asynchttpclient.netty.request.NettyRequestSender - Using pooled Channel '[id: 0x4d3741c8, L:/127.0.0.1:58005 - R:localhost/127.0.0.1:30749]' for 'POST' to 'http://localhost:30749/session/a7e6c9955bd15d9008b76bd7e60374d1/element/f.A9830578D43E5EB7828303F7D657327F.d.3033695F3ACF57E46C1208C576B79103.e.49/value'
14:55:47.089 [Forwarding sendKeysToElement on session a7e6c9955bd15d9008b76bd7e60374d1 to remote] DEBUG org.asynchttpclient.netty.request.NettyRequestSender - Using open Channel [id: 0x4d3741c8, L:/127.0.0.1:58005 - R:localhost/127.0.0.1:30749] for POST '/session/a7e6c9955bd15d9008b76bd7e60374d1/element/f.A9830578D43E5EB7828303F7D657327F.d.3033695F3ACF57E46C1208C576B79103.e.49/value'
14:55:47.276 [AsyncHttpClient-1-1] DEBUG org.asynchttpclient.netty.channel.DefaultChannelPool - Entry count for : http://localhost:58007 : 1
14:55:47.293 [AsyncHttpClient-1-5] DEBUG org.asynchttpclient.netty.handler.HttpHandler - 

Request DefaultHttpRequest(decodeResult: success, version: HTTP/1.1)
POST /session/a7e6c9955bd15d9008b76bd7e60374d1/element/f.A9830578D43E5EB7828303F7D657327F.d.3033695F3ACF57E46C1208C576B79103.e.49/value HTTP/1.1
User-Agent: selenium/4.12.0 (java windows)
Content-Length: 219
Content-Type: application/json; charset=utf-8
host: localhost:30749
accept: */*

Response DefaultHttpResponse(decodeResult: success, version: HTTP/1.1)
HTTP/1.1 200 OK
Content-Length: 14
Content-Type: application/json; charset=utf-8
cache-control: no-cache

14:55:47.293 [AsyncHttpClient-1-5] DEBUG org.asynchttpclient.netty.channel.ChannelManager - Adding key: http://localhost:30749 for channel [id: 0x4d3741c8, L:/127.0.0.1:58005 - R:localhost/127.0.0.1:30749]
14:55:47.293 [Forwarding screenshot on session a7e6c9955bd15d9008b76bd7e60374d1 to remote] DEBUG org.asynchttpclient.netty.request.NettyRequestSender - Using pooled Channel '[id: 0x4d3741c8, L:/127.0.0.1:58005 - R:localhost/127.0.0.1:30749]' for 'GET' to 'http://localhost:30749/session/a7e6c9955bd15d9008b76bd7e60374d1/screenshot'
14:55:47.293 [Forwarding screenshot on session a7e6c9955bd15d9008b76bd7e60374d1 to remote] DEBUG org.asynchttpclient.netty.request.NettyRequestSender - Using open Channel [id: 0x4d3741c8, L:/127.0.0.1:58005 - R:localhost/127.0.0.1:30749] for GET '/session/a7e6c9955bd15d9008b76bd7e60374d1/screenshot'
14:55:47.524 [AsyncHttpClient-1-5] DEBUG org.asynchttpclient.netty.handler.HttpHandler - 

Request DefaultFullHttpRequest(decodeResult: success, version: HTTP/1.1, content: EmptyByteBufBE)
GET /session/a7e6c9955bd15d9008b76bd7e60374d1/screenshot HTTP/1.1
Cache-Control: no-cache
User-Agent: selenium/4.12.0 (java windows)
Content-Type: application/json; charset=utf-8
host: localhost:30749
accept: */*

Response DefaultHttpResponse(decodeResult: success, version: HTTP/1.1)
HTTP/1.1 200 OK
Content-Length: 327900
Content-Type: application/json; charset=utf-8
cache-control: no-cache

14:55:47.524 [AsyncHttpClient-1-5] DEBUG org.asynchttpclient.netty.channel.ChannelManager - Adding key: http://localhost:30749 for channel [id: 0x4d3741c8, L:/127.0.0.1:58005 - R:localhost/127.0.0.1:30749]
  And Provide the company nameRock_Steel                            # StepDefination.Customer_onboarding.Provide_the_company_name(java.lang.String)
14:55:47.558 [Forwarding findElement on session a7e6c9955bd15d9008b76bd7e60374d1 to remote] DEBUG org.asynchttpclient.netty.request.NettyRequestSender - Using pooled Channel '[id: 0x4d3741c8, L:/127.0.0.1:58005 - R:localhost/127.0.0.1:30749]' for 'POST' to 'http://localhost:30749/session/a7e6c9955bd15d9008b76bd7e60374d1/element'
14:55:47.558 [Forwarding findElement on session a7e6c9955bd15d9008b76bd7e60374d1 to remote] DEBUG org.asynchttpclient.netty.request.NettyRequestSender - Using open Channel [id: 0x4d3741c8, L:/127.0.0.1:58005 - R:localhost/127.0.0.1:30749] for POST '/session/a7e6c9955bd15d9008b76bd7e60374d1/element'
14:55:47.587 [AsyncHttpClient-1-5] DEBUG org.asynchttpclient.netty.handler.HttpHandler - 

Request DefaultHttpRequest(decodeResult: success, version: HTTP/1.1)
POST /session/a7e6c9955bd15d9008b76bd7e60374d1/element HTTP/1.1
User-Agent: selenium/4.12.0 (java windows)
Content-Length: 88
Content-Type: application/json; charset=utf-8
host: localhost:30749
accept: */*

Response DefaultHttpResponse(decodeResult: success, version: HTTP/1.1)
HTTP/1.1 200 OK
Content-Length: 126
Content-Type: application/json; charset=utf-8
cache-control: no-cache

14:55:47.587 [AsyncHttpClient-1-5] DEBUG org.asynchttpclient.netty.channel.ChannelManager - Adding key: http://localhost:30749 for channel [id: 0x4d3741c8, L:/127.0.0.1:58005 - R:localhost/127.0.0.1:30749]
14:55:47.587 [Forwarding sendKeysToElement on session a7e6c9955bd15d9008b76bd7e60374d1 to remote] DEBUG org.asynchttpclient.netty.request.NettyRequestSender - Using pooled Channel '[id: 0x4d3741c8, L:/127.0.0.1:58005 - R:localhost/127.0.0.1:30749]' for 'POST' to 'http://localhost:30749/session/a7e6c9955bd15d9008b76bd7e60374d1/element/f.A9830578D43E5EB7828303F7D657327F.d.3033695F3ACF57E46C1208C576B79103.e.58/value'
14:55:47.587 [Forwarding sendKeysToElement on session a7e6c9955bd15d9008b76bd7e60374d1 to remote] DEBUG org.asynchttpclient.netty.request.NettyRequestSender - Using open Channel [id: 0x4d3741c8, L:/127.0.0.1:58005 - R:localhost/127.0.0.1:30749] for POST '/session/a7e6c9955bd15d9008b76bd7e60374d1/element/f.A9830578D43E5EB7828303F7D657327F.d.3033695F3ACF57E46C1208C576B79103.e.58/value'
14:55:47.866 [AsyncHttpClient-1-5] DEBUG org.asynchttpclient.netty.handler.HttpHandler - 

Request DefaultHttpRequest(decodeResult: success, version: HTTP/1.1)
POST /session/a7e6c9955bd15d9008b76bd7e60374d1/element/f.A9830578D43E5EB7828303F7D657327F.d.3033695F3ACF57E46C1208C576B79103.e.58/value HTTP/1.1
User-Agent: selenium/4.12.0 (java windows)
Content-Length: 259
Content-Type: application/json; charset=utf-8
host: localhost:30749
accept: */*

Response DefaultHttpResponse(decodeResult: success, version: HTTP/1.1)
HTTP/1.1 200 OK
Content-Length: 14
Content-Type: application/json; charset=utf-8
cache-control: no-cache

14:55:47.866 [AsyncHttpClient-1-5] DEBUG org.asynchttpclient.netty.channel.ChannelManager - Adding key: http://localhost:30749 for channel [id: 0x4d3741c8, L:/127.0.0.1:58005 - R:localhost/127.0.0.1:30749]
14:55:47.866 [Forwarding findElement on session a7e6c9955bd15d9008b76bd7e60374d1 to remote] DEBUG org.asynchttpclient.netty.request.NettyRequestSender - Using pooled Channel '[id: 0x4d3741c8, L:/127.0.0.1:58005 - R:localhost/127.0.0.1:30749]' for 'POST' to 'http://localhost:30749/session/a7e6c9955bd15d9008b76bd7e60374d1/element'
14:55:47.866 [Forwarding findElement on session a7e6c9955bd15d9008b76bd7e60374d1 to remote] DEBUG org.asynchttpclient.netty.request.NettyRequestSender - Using open Channel [id: 0x4d3741c8, L:/127.0.0.1:58005 - R:localhost/127.0.0.1:30749] for POST '/session/a7e6c9955bd15d9008b76bd7e60374d1/element'
14:55:47.901 [AsyncHttpClient-1-5] DEBUG org.asynchttpclient.netty.handler.HttpHandler - 

Request DefaultHttpRequest(decodeResult: success, version: HTTP/1.1)
POST /session/a7e6c9955bd15d9008b76bd7e60374d1/element HTTP/1.1
User-Agent: selenium/4.12.0 (java windows)
Content-Length: 75
Content-Type: application/json; charset=utf-8
host: localhost:30749
accept: */*

Response DefaultHttpResponse(decodeResult: success, version: HTTP/1.1)
HTTP/1.1 200 OK
Content-Length: 126
Content-Type: application/json; charset=utf-8
cache-control: no-cache

14:55:47.901 [AsyncHttpClient-1-5] DEBUG org.asynchttpclient.netty.channel.ChannelManager - Adding key: http://localhost:30749 for channel [id: 0x4d3741c8, L:/127.0.0.1:58005 - R:localhost/127.0.0.1:30749]
14:55:47.901 [Forwarding sendKeysToElement on session a7e6c9955bd15d9008b76bd7e60374d1 to remote] DEBUG org.asynchttpclient.netty.request.NettyRequestSender - Using pooled Channel '[id: 0x4d3741c8, L:/127.0.0.1:58005 - R:localhost/127.0.0.1:30749]' for 'POST' to 'http://localhost:30749/session/a7e6c9955bd15d9008b76bd7e60374d1/element/f.A9830578D43E5EB7828303F7D657327F.d.3033695F3ACF57E46C1208C576B79103.e.59/value'
14:55:47.901 [Forwarding sendKeysToElement on session a7e6c9955bd15d9008b76bd7e60374d1 to remote] DEBUG org.asynchttpclient.netty.request.NettyRequestSender - Using open Channel [id: 0x4d3741c8, L:/127.0.0.1:58005 - R:localhost/127.0.0.1:30749] for POST '/session/a7e6c9955bd15d9008b76bd7e60374d1/element/f.A9830578D43E5EB7828303F7D657327F.d.3033695F3ACF57E46C1208C576B79103.e.59/value'
14:55:48.033 [AsyncHttpClient-1-5] DEBUG org.asynchttpclient.netty.handler.HttpHandler - 

Request DefaultHttpRequest(decodeResult: success, version: HTTP/1.1)
POST /session/a7e6c9955bd15d9008b76bd7e60374d1/element/f.A9830578D43E5EB7828303F7D657327F.d.3033695F3ACF57E46C1208C576B79103.e.59/value HTTP/1.1
User-Agent: selenium/4.12.0 (java windows)
Content-Length: 139
Content-Type: application/json; charset=utf-8
host: localhost:30749
accept: */*

Response DefaultHttpResponse(decodeResult: success, version: HTTP/1.1)
HTTP/1.1 200 OK
Content-Length: 14
Content-Type: application/json; charset=utf-8
cache-control: no-cache

14:55:48.033 [AsyncHttpClient-1-5] DEBUG org.asynchttpclient.netty.channel.ChannelManager - Adding key: http://localhost:30749 for channel [id: 0x4d3741c8, L:/127.0.0.1:58005 - R:localhost/127.0.0.1:30749]
14:55:48.033 [Forwarding findElement on session a7e6c9955bd15d9008b76bd7e60374d1 to remote] DEBUG org.asynchttpclient.netty.request.NettyRequestSender - Using pooled Channel '[id: 0x4d3741c8, L:/127.0.0.1:58005 - R:localhost/127.0.0.1:30749]' for 'POST' to 'http://localhost:30749/session/a7e6c9955bd15d9008b76bd7e60374d1/element'
14:55:48.033 [Forwarding findElement on session a7e6c9955bd15d9008b76bd7e60374d1 to remote] DEBUG org.asynchttpclient.netty.request.NettyRequestSender - Using open Channel [id: 0x4d3741c8, L:/127.0.0.1:58005 - R:localhost/127.0.0.1:30749] for POST '/session/a7e6c9955bd15d9008b76bd7e60374d1/element'
14:55:48.078 [AsyncHttpClient-1-5] DEBUG org.asynchttpclient.netty.handler.HttpHandler - 

Request DefaultHttpRequest(decodeResult: success, version: HTTP/1.1)
POST /session/a7e6c9955bd15d9008b76bd7e60374d1/element HTTP/1.1
User-Agent: selenium/4.12.0 (java windows)
Content-Length: 90
Content-Type: application/json; charset=utf-8
host: localhost:30749
accept: */*

Response DefaultHttpResponse(decodeResult: success, version: HTTP/1.1)
HTTP/1.1 200 OK
Content-Length: 126
Content-Type: application/json; charset=utf-8
cache-control: no-cache

14:55:48.078 [AsyncHttpClient-1-5] DEBUG org.asynchttpclient.netty.channel.ChannelManager - Adding key: http://localhost:30749 for channel [id: 0x4d3741c8, L:/127.0.0.1:58005 - R:localhost/127.0.0.1:30749]
14:55:48.081 [Forwarding sendKeysToElement on session a7e6c9955bd15d9008b76bd7e60374d1 to remote] DEBUG org.asynchttpclient.netty.request.NettyRequestSender - Using pooled Channel '[id: 0x4d3741c8, L:/127.0.0.1:58005 - R:localhost/127.0.0.1:30749]' for 'POST' to 'http://localhost:30749/session/a7e6c9955bd15d9008b76bd7e60374d1/element/f.A9830578D43E5EB7828303F7D657327F.d.3033695F3ACF57E46C1208C576B79103.e.60/value'
14:55:48.081 [Forwarding sendKeysToElement on session a7e6c9955bd15d9008b76bd7e60374d1 to remote] DEBUG org.asynchttpclient.netty.request.NettyRequestSender - Using open Channel [id: 0x4d3741c8, L:/127.0.0.1:58005 - R:localhost/127.0.0.1:30749] for POST '/session/a7e6c9955bd15d9008b76bd7e60374d1/element/f.A9830578D43E5EB7828303F7D657327F.d.3033695F3ACF57E46C1208C576B79103.e.60/value'
14:55:48.209 [AsyncHttpClient-1-5] DEBUG org.asynchttpclient.netty.handler.HttpHandler - 

Request DefaultHttpRequest(decodeResult: success, version: HTTP/1.1)
POST /session/a7e6c9955bd15d9008b76bd7e60374d1/element/f.A9830578D43E5EB7828303F7D657327F.d.3033695F3ACF57E46C1208C576B79103.e.60/value HTTP/1.1
User-Agent: selenium/4.12.0 (java windows)
Content-Length: 139
Content-Type: application/json; charset=utf-8
host: localhost:30749
accept: */*

Response DefaultHttpResponse(decodeResult: success, version: HTTP/1.1)
HTTP/1.1 200 OK
Content-Length: 14
Content-Type: application/json; charset=utf-8
cache-control: no-cache

14:55:48.209 [AsyncHttpClient-1-5] DEBUG org.asynchttpclient.netty.channel.ChannelManager - Adding key: http://localhost:30749 for channel [id: 0x4d3741c8, L:/127.0.0.1:58005 - R:localhost/127.0.0.1:30749]
14:55:48.209 [Forwarding findElement on session a7e6c9955bd15d9008b76bd7e60374d1 to remote] DEBUG org.asynchttpclient.netty.request.NettyRequestSender - Using pooled Channel '[id: 0x4d3741c8, L:/127.0.0.1:58005 - R:localhost/127.0.0.1:30749]' for 'POST' to 'http://localhost:30749/session/a7e6c9955bd15d9008b76bd7e60374d1/element'
14:55:48.209 [Forwarding findElement on session a7e6c9955bd15d9008b76bd7e60374d1 to remote] DEBUG org.asynchttpclient.netty.request.NettyRequestSender - Using open Channel [id: 0x4d3741c8, L:/127.0.0.1:58005 - R:localhost/127.0.0.1:30749] for POST '/session/a7e6c9955bd15d9008b76bd7e60374d1/element'
14:55:48.236 [AsyncHttpClient-1-5] DEBUG org.asynchttpclient.netty.handler.HttpHandler - 

Request DefaultHttpRequest(decodeResult: success, version: HTTP/1.1)
POST /session/a7e6c9955bd15d9008b76bd7e60374d1/element HTTP/1.1
User-Agent: selenium/4.12.0 (java windows)
Content-Length: 96
Content-Type: application/json; charset=utf-8
host: localhost:30749
accept: */*

Response DefaultHttpResponse(decodeResult: success, version: HTTP/1.1)
HTTP/1.1 200 OK
Content-Length: 126
Content-Type: application/json; charset=utf-8
cache-control: no-cache

14:55:48.236 [AsyncHttpClient-1-5] DEBUG org.asynchttpclient.netty.channel.ChannelManager - Adding key: http://localhost:30749 for channel [id: 0x4d3741c8, L:/127.0.0.1:58005 - R:localhost/127.0.0.1:30749]
14:55:48.240 [Forwarding sendKeysToElement on session a7e6c9955bd15d9008b76bd7e60374d1 to remote] DEBUG org.asynchttpclient.netty.request.NettyRequestSender - Using pooled Channel '[id: 0x4d3741c8, L:/127.0.0.1:58005 - R:localhost/127.0.0.1:30749]' for 'POST' to 'http://localhost:30749/session/a7e6c9955bd15d9008b76bd7e60374d1/element/f.A9830578D43E5EB7828303F7D657327F.d.3033695F3ACF57E46C1208C576B79103.e.61/value'
14:55:48.240 [Forwarding sendKeysToElement on session a7e6c9955bd15d9008b76bd7e60374d1 to remote] DEBUG org.asynchttpclient.netty.request.NettyRequestSender - Using open Channel [id: 0x4d3741c8, L:/127.0.0.1:58005 - R:localhost/127.0.0.1:30749] for POST '/session/a7e6c9955bd15d9008b76bd7e60374d1/element/f.A9830578D43E5EB7828303F7D657327F.d.3033695F3ACF57E46C1208C576B79103.e.61/value'
14:55:48.386 [AsyncHttpClient-1-1] DEBUG org.asynchttpclient.netty.channel.DefaultChannelPool - Entry count for : http://localhost:58007 : 1
14:55:48.412 [AsyncHttpClient-1-5] DEBUG org.asynchttpclient.netty.handler.HttpHandler - 

Request DefaultHttpRequest(decodeResult: success, version: HTTP/1.1)
POST /session/a7e6c9955bd15d9008b76bd7e60374d1/element/f.A9830578D43E5EB7828303F7D657327F.d.3033695F3ACF57E46C1208C576B79103.e.61/value HTTP/1.1
User-Agent: selenium/4.12.0 (java windows)
Content-Length: 179
Content-Type: application/json; charset=utf-8
host: localhost:30749
accept: */*

Response DefaultHttpResponse(decodeResult: success, version: HTTP/1.1)
HTTP/1.1 200 OK
Content-Length: 14
Content-Type: application/json; charset=utf-8
cache-control: no-cache

14:55:48.412 [AsyncHttpClient-1-5] DEBUG org.asynchttpclient.netty.channel.ChannelManager - Adding key: http://localhost:30749 for channel [id: 0x4d3741c8, L:/127.0.0.1:58005 - R:localhost/127.0.0.1:30749]
14:55:48.412 [Forwarding findElement on session a7e6c9955bd15d9008b76bd7e60374d1 to remote] DEBUG org.asynchttpclient.netty.request.NettyRequestSender - Using pooled Channel '[id: 0x4d3741c8, L:/127.0.0.1:58005 - R:localhost/127.0.0.1:30749]' for 'POST' to 'http://localhost:30749/session/a7e6c9955bd15d9008b76bd7e60374d1/element'
14:55:48.412 [Forwarding findElement on session a7e6c9955bd15d9008b76bd7e60374d1 to remote] DEBUG org.asynchttpclient.netty.request.NettyRequestSender - Using open Channel [id: 0x4d3741c8, L:/127.0.0.1:58005 - R:localhost/127.0.0.1:30749] for POST '/session/a7e6c9955bd15d9008b76bd7e60374d1/element'
14:55:48.446 [AsyncHttpClient-1-5] DEBUG org.asynchttpclient.netty.handler.HttpHandler - 

Request DefaultHttpRequest(decodeResult: success, version: HTTP/1.1)
POST /session/a7e6c9955bd15d9008b76bd7e60374d1/element HTTP/1.1
User-Agent: selenium/4.12.0 (java windows)
Content-Length: 78
Content-Type: application/json; charset=utf-8
host: localhost:30749
accept: */*

Response DefaultHttpResponse(decodeResult: success, version: HTTP/1.1)
HTTP/1.1 200 OK
Content-Length: 126
Content-Type: application/json; charset=utf-8
cache-control: no-cache

14:55:48.446 [AsyncHttpClient-1-5] DEBUG org.asynchttpclient.netty.channel.ChannelManager - Adding key: http://localhost:30749 for channel [id: 0x4d3741c8, L:/127.0.0.1:58005 - R:localhost/127.0.0.1:30749]
14:55:48.446 [Forwarding sendKeysToElement on session a7e6c9955bd15d9008b76bd7e60374d1 to remote] DEBUG org.asynchttpclient.netty.request.NettyRequestSender - Using pooled Channel '[id: 0x4d3741c8, L:/127.0.0.1:58005 - R:localhost/127.0.0.1:30749]' for 'POST' to 'http://localhost:30749/session/a7e6c9955bd15d9008b76bd7e60374d1/element/f.A9830578D43E5EB7828303F7D657327F.d.3033695F3ACF57E46C1208C576B79103.e.62/value'
14:55:48.446 [Forwarding sendKeysToElement on session a7e6c9955bd15d9008b76bd7e60374d1 to remote] DEBUG org.asynchttpclient.netty.request.NettyRequestSender - Using open Channel [id: 0x4d3741c8, L:/127.0.0.1:58005 - R:localhost/127.0.0.1:30749] for POST '/session/a7e6c9955bd15d9008b76bd7e60374d1/element/f.A9830578D43E5EB7828303F7D657327F.d.3033695F3ACF57E46C1208C576B79103.e.62/value'
14:55:48.713 [AsyncHttpClient-1-5] DEBUG org.asynchttpclient.netty.handler.HttpHandler - 

Request DefaultHttpRequest(decodeResult: success, version: HTTP/1.1)
POST /session/a7e6c9955bd15d9008b76bd7e60374d1/element/f.A9830578D43E5EB7828303F7D657327F.d.3033695F3ACF57E46C1208C576B79103.e.62/value HTTP/1.1
User-Agent: selenium/4.12.0 (java windows)
Content-Length: 149
Content-Type: application/json; charset=utf-8
host: localhost:30749
accept: */*

Response DefaultHttpResponse(decodeResult: success, version: HTTP/1.1)
HTTP/1.1 200 OK
Content-Length: 14
Content-Type: application/json; charset=utf-8
cache-control: no-cache

14:55:48.713 [AsyncHttpClient-1-5] DEBUG org.asynchttpclient.netty.channel.ChannelManager - Adding key: http://localhost:30749 for channel [id: 0x4d3741c8, L:/127.0.0.1:58005 - R:localhost/127.0.0.1:30749]
14:55:49.222 [Forwarding screenshot on session a7e6c9955bd15d9008b76bd7e60374d1 to remote] DEBUG org.asynchttpclient.netty.request.NettyRequestSender - Using pooled Channel '[id: 0x4d3741c8, L:/127.0.0.1:58005 - R:localhost/127.0.0.1:30749]' for 'GET' to 'http://localhost:30749/session/a7e6c9955bd15d9008b76bd7e60374d1/screenshot'
14:55:49.222 [Forwarding screenshot on session a7e6c9955bd15d9008b76bd7e60374d1 to remote] DEBUG org.asynchttpclient.netty.request.NettyRequestSender - Using open Channel [id: 0x4d3741c8, L:/127.0.0.1:58005 - R:localhost/127.0.0.1:30749] for GET '/session/a7e6c9955bd15d9008b76bd7e60374d1/screenshot'
14:55:49.477 [AsyncHttpClient-1-1] DEBUG org.asynchttpclient.netty.channel.DefaultChannelPool - Entry count for : http://localhost:58007 : 1
14:55:49.493 [AsyncHttpClient-1-5] DEBUG org.asynchttpclient.netty.handler.HttpHandler - 

Request DefaultFullHttpRequest(decodeResult: success, version: HTTP/1.1, content: EmptyByteBufBE)
GET /session/a7e6c9955bd15d9008b76bd7e60374d1/screenshot HTTP/1.1
Cache-Control: no-cache
User-Agent: selenium/4.12.0 (java windows)
Content-Type: application/json; charset=utf-8
host: localhost:30749
accept: */*

Response DefaultHttpResponse(decodeResult: success, version: HTTP/1.1)
HTTP/1.1 200 OK
Content-Length: 315660
Content-Type: application/json; charset=utf-8
cache-control: no-cache

14:55:49.493 [AsyncHttpClient-1-5] DEBUG org.asynchttpclient.netty.channel.ChannelManager - Adding key: http://localhost:30749 for channel [id: 0x4d3741c8, L:/127.0.0.1:58005 - R:localhost/127.0.0.1:30749]
  And Provide the Address DetailsMain_street001 YK FL 987678 USA    # StepDefination.Customer_onboarding.Provide_the_address_Details(java.lang.String,java.lang.String,java.lang.String,java.lang.String,java.lang.String)
14:55:50.543 [Forwarding findElement on session a7e6c9955bd15d9008b76bd7e60374d1 to remote] DEBUG org.asynchttpclient.netty.request.NettyRequestSender - Using pooled Channel '[id: 0x4d3741c8, L:/127.0.0.1:58005 - R:localhost/127.0.0.1:30749]' for 'POST' to 'http://localhost:30749/session/a7e6c9955bd15d9008b76bd7e60374d1/element'
14:55:50.543 [Forwarding findElement on session a7e6c9955bd15d9008b76bd7e60374d1 to remote] DEBUG org.asynchttpclient.netty.request.NettyRequestSender - Using open Channel [id: 0x4d3741c8, L:/127.0.0.1:58005 - R:localhost/127.0.0.1:30749] for POST '/session/a7e6c9955bd15d9008b76bd7e60374d1/element'
14:55:50.557 [AsyncHttpClient-1-5] DEBUG org.asynchttpclient.netty.handler.HttpHandler - 

Request DefaultHttpRequest(decodeResult: success, version: HTTP/1.1)
POST /session/a7e6c9955bd15d9008b76bd7e60374d1/element HTTP/1.1
User-Agent: selenium/4.12.0 (java windows)
Content-Length: 72
Content-Type: application/json; charset=utf-8
host: localhost:30749
accept: */*

Response DefaultHttpResponse(decodeResult: success, version: HTTP/1.1)
HTTP/1.1 200 OK
Content-Length: 127
Content-Type: application/json; charset=utf-8
cache-control: no-cache

14:55:50.557 [AsyncHttpClient-1-5] DEBUG org.asynchttpclient.netty.channel.ChannelManager - Adding key: http://localhost:30749 for channel [id: 0x4d3741c8, L:/127.0.0.1:58005 - R:localhost/127.0.0.1:30749]
14:55:50.557 [Forwarding clickElement on session a7e6c9955bd15d9008b76bd7e60374d1 to remote] DEBUG org.asynchttpclient.netty.request.NettyRequestSender - Using pooled Channel '[id: 0x4d3741c8, L:/127.0.0.1:58005 - R:localhost/127.0.0.1:30749]' for 'POST' to 'http://localhost:30749/session/a7e6c9955bd15d9008b76bd7e60374d1/element/f.A9830578D43E5EB7828303F7D657327F.d.3033695F3ACF57E46C1208C576B79103.e.100/click'
14:55:50.557 [Forwarding clickElement on session a7e6c9955bd15d9008b76bd7e60374d1 to remote] DEBUG org.asynchttpclient.netty.request.NettyRequestSender - Using open Channel [id: 0x4d3741c8, L:/127.0.0.1:58005 - R:localhost/127.0.0.1:30749] for POST '/session/a7e6c9955bd15d9008b76bd7e60374d1/element/f.A9830578D43E5EB7828303F7D657327F.d.3033695F3ACF57E46C1208C576B79103.e.100/click'
14:55:50.573 [AsyncHttpClient-1-1] DEBUG org.asynchttpclient.netty.channel.DefaultChannelPool - Entry count for : http://localhost:58007 : 1
14:55:50.662 [AsyncHttpClient-1-5] DEBUG org.asynchttpclient.netty.handler.HttpHandler - 

Request DefaultHttpRequest(decodeResult: success, version: HTTP/1.1)
POST /session/a7e6c9955bd15d9008b76bd7e60374d1/element/f.A9830578D43E5EB7828303F7D657327F.d.3033695F3ACF57E46C1208C576B79103.e.100/click HTTP/1.1
User-Agent: selenium/4.12.0 (java windows)
Content-Length: 89
Content-Type: application/json; charset=utf-8
host: localhost:30749
accept: */*

Response DefaultHttpResponse(decodeResult: success, version: HTTP/1.1)
HTTP/1.1 200 OK
Content-Length: 14
Content-Type: application/json; charset=utf-8
cache-control: no-cache

14:55:50.662 [AsyncHttpClient-1-5] DEBUG org.asynchttpclient.netty.channel.ChannelManager - Adding key: http://localhost:30749 for channel [id: 0x4d3741c8, L:/127.0.0.1:58005 - R:localhost/127.0.0.1:30749]
14:55:51.173 [Forwarding screenshot on session a7e6c9955bd15d9008b76bd7e60374d1 to remote] DEBUG org.asynchttpclient.netty.request.NettyRequestSender - Using pooled Channel '[id: 0x4d3741c8, L:/127.0.0.1:58005 - R:localhost/127.0.0.1:30749]' for 'GET' to 'http://localhost:30749/session/a7e6c9955bd15d9008b76bd7e60374d1/screenshot'
14:55:51.173 [Forwarding screenshot on session a7e6c9955bd15d9008b76bd7e60374d1 to remote] DEBUG org.asynchttpclient.netty.request.NettyRequestSender - Using open Channel [id: 0x4d3741c8, L:/127.0.0.1:58005 - R:localhost/127.0.0.1:30749] for GET '/session/a7e6c9955bd15d9008b76bd7e60374d1/screenshot'
14:55:51.372 [AsyncHttpClient-1-5] DEBUG org.asynchttpclient.netty.handler.HttpHandler - 

Request DefaultFullHttpRequest(decodeResult: success, version: HTTP/1.1, content: EmptyByteBufBE)
GET /session/a7e6c9955bd15d9008b76bd7e60374d1/screenshot HTTP/1.1
Cache-Control: no-cache
User-Agent: selenium/4.12.0 (java windows)
Content-Type: application/json; charset=utf-8
host: localhost:30749
accept: */*

Response DefaultHttpResponse(decodeResult: success, version: HTTP/1.1)
HTTP/1.1 200 OK
Content-Length: 343744
Content-Type: application/json; charset=utf-8
cache-control: no-cache

14:55:51.376 [AsyncHttpClient-1-5] DEBUG org.asynchttpclient.netty.channel.ChannelManager - Adding key: http://localhost:30749 for channel [id: 0x4d3741c8, L:/127.0.0.1:58005 - R:localhost/127.0.0.1:30749]
  When Submit the form                                              # StepDefination.Customer_onboarding.Submit_the_form()
14:55:51.681 [AsyncHttpClient-1-1] DEBUG org.asynchttpclient.netty.channel.DefaultChannelPool - Entry count for : http://localhost:30749 : 1
14:55:51.681 [AsyncHttpClient-1-1] DEBUG org.asynchttpclient.netty.channel.DefaultChannelPool - Entry count for : http://localhost:58007 : 1
14:55:51.917 [Forwarding findElement on session a7e6c9955bd15d9008b76bd7e60374d1 to remote] DEBUG org.asynchttpclient.netty.request.NettyRequestSender - Using pooled Channel '[id: 0x4d3741c8, L:/127.0.0.1:58005 - R:localhost/127.0.0.1:30749]' for 'POST' to 'http://localhost:30749/session/a7e6c9955bd15d9008b76bd7e60374d1/element'
14:55:51.917 [Forwarding findElement on session a7e6c9955bd15d9008b76bd7e60374d1 to remote] DEBUG org.asynchttpclient.netty.request.NettyRequestSender - Using open Channel [id: 0x4d3741c8, L:/127.0.0.1:58005 - R:localhost/127.0.0.1:30749] for POST '/session/a7e6c9955bd15d9008b76bd7e60374d1/element'
14:55:51.932 [AsyncHttpClient-1-5] DEBUG org.asynchttpclient.netty.handler.HttpHandler - 

Request DefaultHttpRequest(decodeResult: success, version: HTTP/1.1)
POST /session/a7e6c9955bd15d9008b76bd7e60374d1/element HTTP/1.1
User-Agent: selenium/4.12.0 (java windows)
Content-Length: 151
Content-Type: application/json; charset=utf-8
host: localhost:30749
accept: */*

Response DefaultHttpResponse(decodeResult: success, version: HTTP/1.1)
HTTP/1.1 200 OK
Content-Length: 127
Content-Type: application/json; charset=utf-8
cache-control: no-cache

14:55:51.932 [AsyncHttpClient-1-5] DEBUG org.asynchttpclient.netty.channel.ChannelManager - Adding key: http://localhost:30749 for channel [id: 0x4d3741c8, L:/127.0.0.1:58005 - R:localhost/127.0.0.1:30749]
14:55:51.932 [Forwarding clickElement on session a7e6c9955bd15d9008b76bd7e60374d1 to remote] DEBUG org.asynchttpclient.netty.request.NettyRequestSender - Using pooled Channel '[id: 0x4d3741c8, L:/127.0.0.1:58005 - R:localhost/127.0.0.1:30749]' for 'POST' to 'http://localhost:30749/session/a7e6c9955bd15d9008b76bd7e60374d1/element/f.A9830578D43E5EB7828303F7D657327F.d.3033695F3ACF57E46C1208C576B79103.e.103/click'
14:55:51.932 [Forwarding clickElement on session a7e6c9955bd15d9008b76bd7e60374d1 to remote] DEBUG org.asynchttpclient.netty.request.NettyRequestSender - Using open Channel [id: 0x4d3741c8, L:/127.0.0.1:58005 - R:localhost/127.0.0.1:30749] for POST '/session/a7e6c9955bd15d9008b76bd7e60374d1/element/f.A9830578D43E5EB7828303F7D657327F.d.3033695F3ACF57E46C1208C576B79103.e.103/click'
14:55:52.018 [AsyncHttpClient-1-5] DEBUG org.asynchttpclient.netty.handler.HttpHandler - 

Request DefaultHttpRequest(decodeResult: success, version: HTTP/1.1)
POST /session/a7e6c9955bd15d9008b76bd7e60374d1/element/f.A9830578D43E5EB7828303F7D657327F.d.3033695F3ACF57E46C1208C576B79103.e.103/click HTTP/1.1
User-Agent: selenium/4.12.0 (java windows)
Content-Length: 89
Content-Type: application/json; charset=utf-8
host: localhost:30749
accept: */*

Response DefaultHttpResponse(decodeResult: success, version: HTTP/1.1)
HTTP/1.1 200 OK
Content-Length: 14
Content-Type: application/json; charset=utf-8
cache-control: no-cache

14:55:52.018 [AsyncHttpClient-1-5] DEBUG org.asynchttpclient.netty.channel.ChannelManager - Adding key: http://localhost:30749 for channel [id: 0x4d3741c8, L:/127.0.0.1:58005 - R:localhost/127.0.0.1:30749]
14:55:52.536 [Forwarding screenshot on session a7e6c9955bd15d9008b76bd7e60374d1 to remote] DEBUG org.asynchttpclient.netty.request.NettyRequestSender - Using pooled Channel '[id: 0x4d3741c8, L:/127.0.0.1:58005 - R:localhost/127.0.0.1:30749]' for 'GET' to 'http://localhost:30749/session/a7e6c9955bd15d9008b76bd7e60374d1/screenshot'
14:55:52.536 [Forwarding screenshot on session a7e6c9955bd15d9008b76bd7e60374d1 to remote] DEBUG org.asynchttpclient.netty.request.NettyRequestSender - Using open Channel [id: 0x4d3741c8, L:/127.0.0.1:58005 - R:localhost/127.0.0.1:30749] for GET '/session/a7e6c9955bd15d9008b76bd7e60374d1/screenshot'
14:55:52.721 [AsyncHttpClient-1-5] DEBUG org.asynchttpclient.netty.handler.HttpHandler - 

Request DefaultFullHttpRequest(decodeResult: success, version: HTTP/1.1, content: EmptyByteBufBE)
GET /session/a7e6c9955bd15d9008b76bd7e60374d1/screenshot HTTP/1.1
Cache-Control: no-cache
User-Agent: selenium/4.12.0 (java windows)
Content-Type: application/json; charset=utf-8
host: localhost:30749
accept: */*

Response DefaultHttpResponse(decodeResult: success, version: HTTP/1.1)
HTTP/1.1 200 OK
Content-Length: 314360
Content-Type: application/json; charset=utf-8
cache-control: no-cache

14:55:52.721 [AsyncHttpClient-1-5] DEBUG org.asynchttpclient.netty.channel.ChannelManager - Adding key: http://localhost:30749 for channel [id: 0x4d3741c8, L:/127.0.0.1:58005 - R:localhost/127.0.0.1:30749]
  And Tap back button                                               # StepDefination.Customer_onboarding.Tap_back_button()
14:55:52.784 [AsyncHttpClient-1-1] DEBUG org.asynchttpclient.netty.channel.DefaultChannelPool - Entry count for : http://localhost:30749 : 1
14:55:52.784 [AsyncHttpClient-1-1] DEBUG org.asynchttpclient.netty.channel.DefaultChannelPool - Entry count for : http://localhost:58007 : 1
14:55:53.764 [Forwarding findElements on session a7e6c9955bd15d9008b76bd7e60374d1 to remote] DEBUG org.asynchttpclient.netty.request.NettyRequestSender - Using pooled Channel '[id: 0x4d3741c8, L:/127.0.0.1:58005 - R:localhost/127.0.0.1:30749]' for 'POST' to 'http://localhost:30749/session/a7e6c9955bd15d9008b76bd7e60374d1/elements'
14:55:53.764 [Forwarding findElements on session a7e6c9955bd15d9008b76bd7e60374d1 to remote] DEBUG org.asynchttpclient.netty.request.NettyRequestSender - Using open Channel [id: 0x4d3741c8, L:/127.0.0.1:58005 - R:localhost/127.0.0.1:30749] for POST '/session/a7e6c9955bd15d9008b76bd7e60374d1/elements'
14:55:53.781 [AsyncHttpClient-1-5] DEBUG org.asynchttpclient.netty.handler.HttpHandler - 

Request DefaultHttpRequest(decodeResult: success, version: HTTP/1.1)
POST /session/a7e6c9955bd15d9008b76bd7e60374d1/elements HTTP/1.1
User-Agent: selenium/4.12.0 (java windows)
Content-Length: 142
Content-Type: application/json; charset=utf-8
host: localhost:30749
accept: */*

Response DefaultHttpResponse(decodeResult: success, version: HTTP/1.1)
HTTP/1.1 200 OK
Content-Length: 247
Content-Type: application/json; charset=utf-8
cache-control: no-cache

14:55:53.781 [AsyncHttpClient-1-5] DEBUG org.asynchttpclient.netty.channel.ChannelManager - Adding key: http://localhost:30749 for channel [id: 0x4d3741c8, L:/127.0.0.1:58005 - R:localhost/127.0.0.1:30749]
14:55:53.781 [Forwarding findElement on session a7e6c9955bd15d9008b76bd7e60374d1 to remote] DEBUG org.asynchttpclient.netty.request.NettyRequestSender - Using pooled Channel '[id: 0x4d3741c8, L:/127.0.0.1:58005 - R:localhost/127.0.0.1:30749]' for 'POST' to 'http://localhost:30749/session/a7e6c9955bd15d9008b76bd7e60374d1/element'
14:55:53.781 [Forwarding findElement on session a7e6c9955bd15d9008b76bd7e60374d1 to remote] DEBUG org.asynchttpclient.netty.request.NettyRequestSender - Using open Channel [id: 0x4d3741c8, L:/127.0.0.1:58005 - R:localhost/127.0.0.1:30749] for POST '/session/a7e6c9955bd15d9008b76bd7e60374d1/element'
14:55:53.796 [AsyncHttpClient-1-5] DEBUG org.asynchttpclient.netty.handler.HttpHandler - 

Request DefaultHttpRequest(decodeResult: success, version: HTTP/1.1)
POST /session/a7e6c9955bd15d9008b76bd7e60374d1/element HTTP/1.1
User-Agent: selenium/4.12.0 (java windows)
Content-Length: 198
Content-Type: application/json; charset=utf-8
host: localhost:30749
accept: */*

Response DefaultHttpResponse(decodeResult: success, version: HTTP/1.1)
HTTP/1.1 200 OK
Content-Length: 127
Content-Type: application/json; charset=utf-8
cache-control: no-cache

14:55:53.796 [AsyncHttpClient-1-5] DEBUG org.asynchttpclient.netty.channel.ChannelManager - Adding key: http://localhost:30749 for channel [id: 0x4d3741c8, L:/127.0.0.1:58005 - R:localhost/127.0.0.1:30749]
14:55:53.796 [Forwarding getElementText on session a7e6c9955bd15d9008b76bd7e60374d1 to remote] DEBUG org.asynchttpclient.netty.request.NettyRequestSender - Using pooled Channel '[id: 0x4d3741c8, L:/127.0.0.1:58005 - R:localhost/127.0.0.1:30749]' for 'GET' to 'http://localhost:30749/session/a7e6c9955bd15d9008b76bd7e60374d1/element/f.A9830578D43E5EB7828303F7D657327F.d.3033695F3ACF57E46C1208C576B79103.e.110/text'
14:55:53.796 [Forwarding getElementText on session a7e6c9955bd15d9008b76bd7e60374d1 to remote] DEBUG org.asynchttpclient.netty.request.NettyRequestSender - Using open Channel [id: 0x4d3741c8, L:/127.0.0.1:58005 - R:localhost/127.0.0.1:30749] for GET '/session/a7e6c9955bd15d9008b76bd7e60374d1/element/f.A9830578D43E5EB7828303F7D657327F.d.3033695F3ACF57E46C1208C576B79103.e.110/text'
14:55:53.812 [AsyncHttpClient-1-5] DEBUG org.asynchttpclient.netty.handler.HttpHandler - 

Request DefaultFullHttpRequest(decodeResult: success, version: HTTP/1.1, content: EmptyByteBufBE)
GET /session/a7e6c9955bd15d9008b76bd7e60374d1/element/f.A9830578D43E5EB7828303F7D657327F.d.3033695F3ACF57E46C1208C576B79103.e.110/text HTTP/1.1
Cache-Control: no-cache
User-Agent: selenium/4.12.0 (java windows)
Content-Type: application/json; charset=utf-8
host: localhost:30749
accept: */*

Response DefaultHttpResponse(decodeResult: success, version: HTTP/1.1)
HTTP/1.1 200 OK
Content-Length: 25
Content-Type: application/json; charset=utf-8
cache-control: no-cache

14:55:53.812 [AsyncHttpClient-1-5] DEBUG org.asynchttpclient.netty.channel.ChannelManager - Adding key: http://localhost:30749 for channel [id: 0x4d3741c8, L:/127.0.0.1:58005 - R:localhost/127.0.0.1:30749]
actual name: Rock_Steel
Company successfully created
  Then customer successsfully added                                 # StepDefination.Customer_onboarding.customer_successsfully_added()
14:55:53.812 [Driver Command Executor] DEBUG org.asynchttpclient.netty.request.NettyRequestSender - Using pooled Channel '[id: 0x4d3741c8, L:/127.0.0.1:58005 - R:localhost/127.0.0.1:30749]' for 'DELETE' to 'http://localhost:30749/session/a7e6c9955bd15d9008b76bd7e60374d1'
14:55:53.812 [Driver Command Executor] DEBUG org.asynchttpclient.netty.request.NettyRequestSender - Using open Channel [id: 0x4d3741c8, L:/127.0.0.1:58005 - R:localhost/127.0.0.1:30749] for DELETE '/session/a7e6c9955bd15d9008b76bd7e60374d1'
14:55:53.822 [AsyncHttpClient-1-7] DEBUG org.asynchttpclient.netty.handler.WebSocketHandler - Channel Closed: [id: 0x68a9b29d, L:/127.0.0.1:58015 ! R:localhost/127.0.0.1:58007] with attribute DISCARD
14:55:53.875 [AsyncHttpClient-1-1] DEBUG org.asynchttpclient.netty.channel.DefaultChannelPool - Entry count for : http://localhost:58007 : 1
14:55:53.999 [AsyncHttpClient-1-6] DEBUG org.asynchttpclient.netty.handler.HttpHandler - Unexpected I/O exception on channel [id: 0x3778e797, L:/127.0.0.1:58014 - R:localhost/127.0.0.1:58007]
java.net.SocketException: Connection reset
	at java.base/sun.nio.ch.SocketChannelImpl.throwConnectionReset(SocketChannelImpl.java:394)
	at java.base/sun.nio.ch.SocketChannelImpl.read(SocketChannelImpl.java:426)
	at io.netty.buffer.PooledByteBuf.setBytes(PooledByteBuf.java:254)
	at io.netty.buffer.AbstractByteBuf.writeBytes(AbstractByteBuf.java:1132)
	at io.netty.channel.socket.nio.NioSocketChannel.doReadBytes(NioSocketChannel.java:357)
	at io.netty.channel.nio.AbstractNioByteChannel$NioByteUnsafe.read(AbstractNioByteChannel.java:151)
	at io.netty.channel.nio.NioEventLoop.processSelectedKey(NioEventLoop.java:788)
	at io.netty.channel.nio.NioEventLoop.processSelectedKeysOptimized(NioEventLoop.java:724)
	at io.netty.channel.nio.NioEventLoop.processSelectedKeys(NioEventLoop.java:650)
	at io.netty.channel.nio.NioEventLoop.run(NioEventLoop.java:562)
	at io.netty.util.concurrent.SingleThreadEventExecutor$4.run(SingleThreadEventExecutor.java:997)
	at io.netty.util.internal.ThreadExecutorMap$2.run(ThreadExecutorMap.java:74)
	at io.netty.util.concurrent.FastThreadLocalRunnable.run(FastThreadLocalRunnable.java:30)
	at java.base/java.lang.Thread.run(Thread.java:840)
14:55:53.999 [AsyncHttpClient-1-6] DEBUG org.asynchttpclient.netty.channel.ChannelManager - Closing Channel [id: 0x3778e797, L:/127.0.0.1:58014 - R:localhost/127.0.0.1:58007] 
14:55:54.003 [AsyncHttpClient-1-6] DEBUG org.asynchttpclient.netty.handler.HttpHandler - Channel Closed: [id: 0x3778e797, L:/127.0.0.1:58014 ! R:localhost/127.0.0.1:58007] with attribute DISCARD
14:55:54.034 [AsyncHttpClient-1-5] DEBUG org.asynchttpclient.netty.handler.HttpHandler - 

Request DefaultFullHttpRequest(decodeResult: success, version: HTTP/1.1, content: EmptyByteBufBE)
DELETE /session/a7e6c9955bd15d9008b76bd7e60374d1 HTTP/1.1
User-Agent: selenium/4.12.0 (java windows)
Content-Type: application/json; charset=utf-8
host: localhost:30749
accept: */*

Response DefaultHttpResponse(decodeResult: success, version: HTTP/1.1)
HTTP/1.1 200 OK
Content-Length: 14
Content-Type: application/json; charset=utf-8
cache-control: no-cache

14:55:54.034 [AsyncHttpClient-1-5] DEBUG org.asynchttpclient.netty.channel.ChannelManager - Adding key: http://localhost:30749 for channel [id: 0x4d3741c8, L:/127.0.0.1:58005 - R:localhost/127.0.0.1:30749]
14:55:54.569 [AsyncHttpClient-1-5] DEBUG org.asynchttpclient.netty.handler.HttpHandler - Channel Closed: [id: 0x4d3741c8, L:/127.0.0.1:58005 ! R:localhost/127.0.0.1:30749] with attribute DISCARD
  And Close_Window                                                  # StepDefination.Customer_onboarding.close_window()
]]></system-out>
    <system-err><![CDATA[Jan 15, 2025 2:55:32 PM org.openqa.selenium.devtools.CdpVersionFinder findNearestMatch
WARNING: Unable to find CDP implementation matching 131
Jan 15, 2025 2:55:32 PM org.openqa.selenium.chromium.ChromiumDriver lambda$new$5
WARNING: Unable to find version of CDP to use for 131.0.6778.265. You may need to include a dependency on a specific version of the CDP using something similar to `org.seleniumhq.selenium:selenium-devtools-v86:4.12.0` where the version ("v86") matches the version of the chromium-based browser you're using and the version number of the artifact is the same as Selenium's.
]]></system-err>
  </testcase>
  <testcase name="Add customer without company name" classname="Customer Onboarding form" time="63.225">
    <system-out><![CDATA[
Scenario Outline: Add customer without company name              # src/test/resources/Customers/Customer_form.feature:50
14:55:54.978 [AsyncHttpClient-1-1] DEBUG org.asynchttpclient.netty.channel.DefaultChannelPool - Entry count for : http://localhost:30749 : 1
14:55:54.978 [AsyncHttpClient-1-1] DEBUG org.asynchttpclient.netty.channel.DefaultChannelPool - Entry count for : http://localhost:58007 : 1
14:55:54.978 [AsyncHttpClient-1-1] DEBUG org.asynchttpclient.netty.channel.DefaultChannelPool - Adding Candidate expired Channel [id: 0x4d3741c8, L:/127.0.0.1:58005 ! R:localhost/127.0.0.1:30749] isIdleTimeoutExpired=false isRemotelyClosed=true isTtlExpired=false
14:55:54.978 [AsyncHttpClient-1-1] DEBUG org.asynchttpclient.netty.channel.DefaultChannelPool - Closing Idle Channel [id: 0x4d3741c8, L:/127.0.0.1:58005 ! R:localhost/127.0.0.1:30749]
14:55:54.978 [AsyncHttpClient-1-1] DEBUG org.asynchttpclient.netty.channel.DefaultChannelPool - Adding Candidate expired Channel [id: 0x3778e797, L:/127.0.0.1:58014 ! R:localhost/127.0.0.1:58007] isIdleTimeoutExpired=false isRemotelyClosed=true isTtlExpired=false
14:55:54.978 [AsyncHttpClient-1-1] DEBUG org.asynchttpclient.netty.channel.DefaultChannelPool - Closing Idle Channel [id: 0x3778e797, L:/127.0.0.1:58014 ! R:localhost/127.0.0.1:58007]
14:55:54.978 [AsyncHttpClient-1-1] DEBUG org.asynchttpclient.netty.channel.DefaultChannelPool - Closed 2 connections out of 2 in 0 ms
14:55:54.993 [AsyncHttpClient-1-8] DEBUG org.asynchttpclient.netty.channel.NettyConnectListener - Using new Channel '[id: 0xd201ef19, L:/127.0.0.1:58056 - R:localhost/127.0.0.1:24464]' for 'POST' to '/session'
14:55:56.358 [AsyncHttpClient-1-8] DEBUG org.asynchttpclient.netty.handler.HttpHandler - 

Request DefaultHttpRequest(decodeResult: success, version: HTTP/1.1)
POST /session HTTP/1.1
User-Agent: selenium/4.12.0 (java windows)
Content-Length: 254
Content-Type: application/json; charset=utf-8
host: localhost:24464
accept: */*

Response DefaultHttpResponse(decodeResult: success, version: HTTP/1.1)
HTTP/1.1 200 OK
Content-Length: 888
Content-Type: application/json; charset=utf-8
cache-control: no-cache

14:55:56.358 [AsyncHttpClient-1-8] DEBUG org.asynchttpclient.netty.channel.ChannelManager - Adding key: http://localhost:24464 for channel [id: 0xd201ef19, L:/127.0.0.1:58056 - R:localhost/127.0.0.1:24464]
14:55:56.374 [AsyncHttpClient-1-9] DEBUG org.asynchttpclient.netty.channel.NettyConnectListener - Using new Channel '[id: 0x13b2a510, L:/127.0.0.1:58064 - R:localhost/127.0.0.1:58057]' for 'GET' to '/json/version'
14:55:56.382 [AsyncHttpClient-1-9] DEBUG org.asynchttpclient.netty.handler.HttpHandler - 

Request DefaultFullHttpRequest(decodeResult: success, version: HTTP/1.1, content: EmptyByteBufBE)
GET /json/version HTTP/1.1
User-Agent: selenium/4.12.0 (java windows)
host: localhost:58057
accept: */*

Response DefaultHttpResponse(decodeResult: success, version: HTTP/1.1)
HTTP/1.1 200 OK
Content-Security-Policy: frame-ancestors 'none'
Content-Length: 424
Content-Type: application/json; charset=UTF-8

14:55:56.382 [AsyncHttpClient-1-9] DEBUG org.asynchttpclient.netty.channel.ChannelManager - Adding key: http://localhost:58057 for channel [id: 0x13b2a510, L:/127.0.0.1:58064 - R:localhost/127.0.0.1:58057]
14:55:56.382 [AsyncHttpClient-1-10] DEBUG org.asynchttpclient.netty.channel.NettyConnectListener - Using new Channel '[id: 0xd73d0a8b, L:/127.0.0.1:58065 - R:localhost/127.0.0.1:58057]' for 'GET' to '/devtools/browser/de056116-c947-4550-82e8-2cd847dd4a2a'
14:55:56.382 [AsyncHttpClient-1-10] DEBUG org.asynchttpclient.netty.handler.WebSocketHandler - 

Request DefaultFullHttpRequest(decodeResult: success, version: HTTP/1.1, content: EmptyByteBufBE)
GET /devtools/browser/de056116-c947-4550-82e8-2cd847dd4a2a HTTP/1.1
upgrade: websocket
connection: upgrade
sec-websocket-key: 1DjvEK5o7252rQiHu62iCA==
sec-websocket-version: 13
origin: http://localhost:58057
host: localhost:58057
accept: */*
user-agent: AHC/2.1

Response DefaultHttpResponse(decodeResult: success, version: HTTP/1.1)
HTTP/1.1 101 WebSocket Protocol Handshake
Upgrade: WebSocket
Connection: Upgrade
Sec-WebSocket-Accept: lM/AfP4qdF4ZdbgGV7qb98+dBgk=

14:55:56.398 [Forwarding get on session 37b3b42499dc69d0da166a6252226c02 to remote] DEBUG org.asynchttpclient.netty.request.NettyRequestSender - Using pooled Channel '[id: 0xd201ef19, L:/127.0.0.1:58056 - R:localhost/127.0.0.1:24464]' for 'POST' to 'http://localhost:24464/session/37b3b42499dc69d0da166a6252226c02/url'
14:55:56.407 [Forwarding get on session 37b3b42499dc69d0da166a6252226c02 to remote] DEBUG org.asynchttpclient.netty.request.NettyRequestSender - Using open Channel [id: 0xd201ef19, L:/127.0.0.1:58056 - R:localhost/127.0.0.1:24464] for POST '/session/37b3b42499dc69d0da166a6252226c02/url'
14:55:57.170 [AsyncHttpClient-1-1] DEBUG org.asynchttpclient.netty.channel.DefaultChannelPool - Entry count for : http://localhost:58057 : 1
14:55:58.277 [AsyncHttpClient-1-1] DEBUG org.asynchttpclient.netty.channel.DefaultChannelPool - Entry count for : http://localhost:58057 : 1
14:55:59.375 [AsyncHttpClient-1-1] DEBUG org.asynchttpclient.netty.channel.DefaultChannelPool - Entry count for : http://localhost:58057 : 1
14:56:00.470 [AsyncHttpClient-1-1] DEBUG org.asynchttpclient.netty.channel.DefaultChannelPool - Entry count for : http://localhost:58057 : 1
14:56:01.570 [AsyncHttpClient-1-1] DEBUG org.asynchttpclient.netty.channel.DefaultChannelPool - Entry count for : http://localhost:58057 : 1
14:56:02.670 [AsyncHttpClient-1-1] DEBUG org.asynchttpclient.netty.channel.DefaultChannelPool - Entry count for : http://localhost:58057 : 1
14:56:03.770 [AsyncHttpClient-1-1] DEBUG org.asynchttpclient.netty.channel.DefaultChannelPool - Entry count for : http://localhost:58057 : 1
14:56:04.870 [AsyncHttpClient-1-1] DEBUG org.asynchttpclient.netty.channel.DefaultChannelPool - Entry count for : http://localhost:58057 : 1
14:56:05.978 [AsyncHttpClient-1-1] DEBUG org.asynchttpclient.netty.channel.DefaultChannelPool - Entry count for : http://localhost:58057 : 1
14:56:07.075 [AsyncHttpClient-1-1] DEBUG org.asynchttpclient.netty.channel.DefaultChannelPool - Entry count for : http://localhost:58057 : 1
14:56:08.171 [AsyncHttpClient-1-1] DEBUG org.asynchttpclient.netty.channel.DefaultChannelPool - Entry count for : http://localhost:58057 : 1
14:56:09.277 [AsyncHttpClient-1-1] DEBUG org.asynchttpclient.netty.channel.DefaultChannelPool - Entry count for : http://localhost:58057 : 1
14:56:10.376 [AsyncHttpClient-1-1] DEBUG org.asynchttpclient.netty.channel.DefaultChannelPool - Entry count for : http://localhost:58057 : 1
14:56:11.471 [AsyncHttpClient-1-1] DEBUG org.asynchttpclient.netty.channel.DefaultChannelPool - Entry count for : http://localhost:58057 : 1
14:56:12.570 [AsyncHttpClient-1-1] DEBUG org.asynchttpclient.netty.channel.DefaultChannelPool - Entry count for : http://localhost:58057 : 1
14:56:13.673 [AsyncHttpClient-1-1] DEBUG org.asynchttpclient.netty.channel.DefaultChannelPool - Entry count for : http://localhost:58057 : 1
14:56:14.776 [AsyncHttpClient-1-1] DEBUG org.asynchttpclient.netty.channel.DefaultChannelPool - Entry count for : http://localhost:58057 : 1
14:56:15.873 [AsyncHttpClient-1-1] DEBUG org.asynchttpclient.netty.channel.DefaultChannelPool - Entry count for : http://localhost:58057 : 1
14:56:16.979 [AsyncHttpClient-1-1] DEBUG org.asynchttpclient.netty.channel.DefaultChannelPool - Entry count for : http://localhost:58057 : 1
14:56:18.073 [AsyncHttpClient-1-1] DEBUG org.asynchttpclient.netty.channel.DefaultChannelPool - Entry count for : http://localhost:58057 : 1
14:56:19.178 [AsyncHttpClient-1-1] DEBUG org.asynchttpclient.netty.channel.DefaultChannelPool - Entry count for : http://localhost:58057 : 1
14:56:20.278 [AsyncHttpClient-1-1] DEBUG org.asynchttpclient.netty.channel.DefaultChannelPool - Entry count for : http://localhost:58057 : 1
14:56:21.378 [AsyncHttpClient-1-1] DEBUG org.asynchttpclient.netty.channel.DefaultChannelPool - Entry count for : http://localhost:58057 : 1
14:56:22.471 [AsyncHttpClient-1-1] DEBUG org.asynchttpclient.netty.channel.DefaultChannelPool - Entry count for : http://localhost:58057 : 1
14:56:23.572 [AsyncHttpClient-1-1] DEBUG org.asynchttpclient.netty.channel.DefaultChannelPool - Entry count for : http://localhost:58057 : 1
14:56:24.673 [AsyncHttpClient-1-1] DEBUG org.asynchttpclient.netty.channel.DefaultChannelPool - Entry count for : http://localhost:58057 : 1
14:56:25.770 [AsyncHttpClient-1-1] DEBUG org.asynchttpclient.netty.channel.DefaultChannelPool - Entry count for : http://localhost:58057 : 1
14:56:26.871 [AsyncHttpClient-1-1] DEBUG org.asynchttpclient.netty.channel.DefaultChannelPool - Entry count for : http://localhost:58057 : 1
14:56:27.971 [AsyncHttpClient-1-1] DEBUG org.asynchttpclient.netty.channel.DefaultChannelPool - Entry count for : http://localhost:58057 : 1
14:56:29.074 [AsyncHttpClient-1-1] DEBUG org.asynchttpclient.netty.channel.DefaultChannelPool - Entry count for : http://localhost:58057 : 1
14:56:30.170 [AsyncHttpClient-1-1] DEBUG org.asynchttpclient.netty.channel.DefaultChannelPool - Entry count for : http://localhost:58057 : 1
14:56:31.285 [AsyncHttpClient-1-1] DEBUG org.asynchttpclient.netty.channel.DefaultChannelPool - Entry count for : http://localhost:58057 : 1
14:56:32.373 [AsyncHttpClient-1-1] DEBUG org.asynchttpclient.netty.channel.DefaultChannelPool - Entry count for : http://localhost:58057 : 1
14:56:33.473 [AsyncHttpClient-1-1] DEBUG org.asynchttpclient.netty.channel.DefaultChannelPool - Entry count for : http://localhost:58057 : 1
14:56:34.573 [AsyncHttpClient-1-1] DEBUG org.asynchttpclient.netty.channel.DefaultChannelPool - Entry count for : http://localhost:58057 : 1
14:56:35.670 [AsyncHttpClient-1-1] DEBUG org.asynchttpclient.netty.channel.DefaultChannelPool - Entry count for : http://localhost:58057 : 1
14:56:36.770 [AsyncHttpClient-1-1] DEBUG org.asynchttpclient.netty.channel.DefaultChannelPool - Entry count for : http://localhost:58057 : 1
14:56:37.874 [AsyncHttpClient-1-1] DEBUG org.asynchttpclient.netty.channel.DefaultChannelPool - Entry count for : http://localhost:58057 : 1
14:56:38.971 [AsyncHttpClient-1-1] DEBUG org.asynchttpclient.netty.channel.DefaultChannelPool - Entry count for : http://localhost:58057 : 1
14:56:39.512 [AsyncHttpClient-1-8] DEBUG org.asynchttpclient.netty.handler.HttpHandler - 

Request DefaultHttpRequest(decodeResult: success, version: HTTP/1.1)
POST /session/37b3b42499dc69d0da166a6252226c02/url HTTP/1.1
User-Agent: selenium/4.12.0 (java windows)
Content-Length: 92
Content-Type: application/json; charset=utf-8
host: localhost:24464
accept: */*

Response DefaultHttpResponse(decodeResult: success, version: HTTP/1.1)
HTTP/1.1 200 OK
Content-Length: 14
Content-Type: application/json; charset=utf-8
cache-control: no-cache

14:56:39.512 [AsyncHttpClient-1-8] DEBUG org.asynchttpclient.netty.channel.ChannelManager - Adding key: http://localhost:24464 for channel [id: 0xd201ef19, L:/127.0.0.1:58056 - R:localhost/127.0.0.1:24464]
14:56:39.513 [Forwarding maximizeCurrentWindow on session 37b3b42499dc69d0da166a6252226c02 to remote] DEBUG org.asynchttpclient.netty.request.NettyRequestSender - Using pooled Channel '[id: 0xd201ef19, L:/127.0.0.1:58056 - R:localhost/127.0.0.1:24464]' for 'POST' to 'http://localhost:24464/session/37b3b42499dc69d0da166a6252226c02/window/maximize'
14:56:39.514 [Forwarding maximizeCurrentWindow on session 37b3b42499dc69d0da166a6252226c02 to remote] DEBUG org.asynchttpclient.netty.request.NettyRequestSender - Using open Channel [id: 0xd201ef19, L:/127.0.0.1:58056 - R:localhost/127.0.0.1:24464] for POST '/session/37b3b42499dc69d0da166a6252226c02/window/maximize'
14:56:39.595 [AsyncHttpClient-1-8] DEBUG org.asynchttpclient.netty.handler.HttpHandler - 

Request DefaultHttpRequest(decodeResult: success, version: HTTP/1.1)
POST /session/37b3b42499dc69d0da166a6252226c02/window/maximize HTTP/1.1
User-Agent: selenium/4.12.0 (java windows)
Content-Length: 3
Content-Type: application/json; charset=utf-8
host: localhost:24464
accept: */*

Response DefaultHttpResponse(decodeResult: success, version: HTTP/1.1)
HTTP/1.1 200 OK
Content-Length: 51
Content-Type: application/json; charset=utf-8
cache-control: no-cache

14:56:39.595 [AsyncHttpClient-1-8] DEBUG org.asynchttpclient.netty.channel.ChannelManager - Adding key: http://localhost:24464 for channel [id: 0xd201ef19, L:/127.0.0.1:58056 - R:localhost/127.0.0.1:24464]
14:56:39.599 [Forwarding findElement on session 37b3b42499dc69d0da166a6252226c02 to remote] DEBUG org.asynchttpclient.netty.request.NettyRequestSender - Using pooled Channel '[id: 0xd201ef19, L:/127.0.0.1:58056 - R:localhost/127.0.0.1:24464]' for 'POST' to 'http://localhost:24464/session/37b3b42499dc69d0da166a6252226c02/element'
14:56:39.599 [Forwarding findElement on session 37b3b42499dc69d0da166a6252226c02 to remote] DEBUG org.asynchttpclient.netty.request.NettyRequestSender - Using open Channel [id: 0xd201ef19, L:/127.0.0.1:58056 - R:localhost/127.0.0.1:24464] for POST '/session/37b3b42499dc69d0da166a6252226c02/element'
14:56:39.622 [AsyncHttpClient-1-8] DEBUG org.asynchttpclient.netty.handler.HttpHandler - 

Request DefaultHttpRequest(decodeResult: success, version: HTTP/1.1)
POST /session/37b3b42499dc69d0da166a6252226c02/element HTTP/1.1
User-Agent: selenium/4.12.0 (java windows)
Content-Length: 69
Content-Type: application/json; charset=utf-8
host: localhost:24464
accept: */*

Response DefaultHttpResponse(decodeResult: success, version: HTTP/1.1)
HTTP/1.1 200 OK
Content-Length: 125
Content-Type: application/json; charset=utf-8
cache-control: no-cache

14:56:39.623 [AsyncHttpClient-1-8] DEBUG org.asynchttpclient.netty.channel.ChannelManager - Adding key: http://localhost:24464 for channel [id: 0xd201ef19, L:/127.0.0.1:58056 - R:localhost/127.0.0.1:24464]
14:56:39.625 [Forwarding sendKeysToElement on session 37b3b42499dc69d0da166a6252226c02 to remote] DEBUG org.asynchttpclient.netty.request.NettyRequestSender - Using pooled Channel '[id: 0xd201ef19, L:/127.0.0.1:58056 - R:localhost/127.0.0.1:24464]' for 'POST' to 'http://localhost:24464/session/37b3b42499dc69d0da166a6252226c02/element/f.2078F455E2103FCD683A20B3BB3CB047.d.737F6800CB03F967F5E32F7EEECAADA2.e.4/value'
14:56:39.625 [Forwarding sendKeysToElement on session 37b3b42499dc69d0da166a6252226c02 to remote] DEBUG org.asynchttpclient.netty.request.NettyRequestSender - Using open Channel [id: 0xd201ef19, L:/127.0.0.1:58056 - R:localhost/127.0.0.1:24464] for POST '/session/37b3b42499dc69d0da166a6252226c02/element/f.2078F455E2103FCD683A20B3BB3CB047.d.737F6800CB03F967F5E32F7EEECAADA2.e.4/value'
14:56:39.805 [AsyncHttpClient-1-8] DEBUG org.asynchttpclient.netty.handler.HttpHandler - 

Request DefaultHttpRequest(decodeResult: success, version: HTTP/1.1)
POST /session/37b3b42499dc69d0da166a6252226c02/element/f.2078F455E2103FCD683A20B3BB3CB047.d.737F6800CB03F967F5E32F7EEECAADA2.e.4/value HTTP/1.1
User-Agent: selenium/4.12.0 (java windows)
Content-Length: 338
Content-Type: application/json; charset=utf-8
host: localhost:24464
accept: */*

Response DefaultHttpResponse(decodeResult: success, version: HTTP/1.1)
HTTP/1.1 200 OK
Content-Length: 14
Content-Type: application/json; charset=utf-8
cache-control: no-cache

14:56:39.806 [AsyncHttpClient-1-8] DEBUG org.asynchttpclient.netty.channel.ChannelManager - Adding key: http://localhost:24464 for channel [id: 0xd201ef19, L:/127.0.0.1:58056 - R:localhost/127.0.0.1:24464]
14:56:39.807 [Forwarding findElement on session 37b3b42499dc69d0da166a6252226c02 to remote] DEBUG org.asynchttpclient.netty.request.NettyRequestSender - Using pooled Channel '[id: 0xd201ef19, L:/127.0.0.1:58056 - R:localhost/127.0.0.1:24464]' for 'POST' to 'http://localhost:24464/session/37b3b42499dc69d0da166a6252226c02/element'
14:56:39.807 [Forwarding findElement on session 37b3b42499dc69d0da166a6252226c02 to remote] DEBUG org.asynchttpclient.netty.request.NettyRequestSender - Using open Channel [id: 0xd201ef19, L:/127.0.0.1:58056 - R:localhost/127.0.0.1:24464] for POST '/session/37b3b42499dc69d0da166a6252226c02/element'
14:56:39.824 [AsyncHttpClient-1-8] DEBUG org.asynchttpclient.netty.handler.HttpHandler - 

Request DefaultHttpRequest(decodeResult: success, version: HTTP/1.1)
POST /session/37b3b42499dc69d0da166a6252226c02/element HTTP/1.1
User-Agent: selenium/4.12.0 (java windows)
Content-Length: 72
Content-Type: application/json; charset=utf-8
host: localhost:24464
accept: */*

Response DefaultHttpResponse(decodeResult: success, version: HTTP/1.1)
HTTP/1.1 200 OK
Content-Length: 125
Content-Type: application/json; charset=utf-8
cache-control: no-cache

14:56:39.824 [AsyncHttpClient-1-8] DEBUG org.asynchttpclient.netty.channel.ChannelManager - Adding key: http://localhost:24464 for channel [id: 0xd201ef19, L:/127.0.0.1:58056 - R:localhost/127.0.0.1:24464]
14:56:39.826 [Forwarding sendKeysToElement on session 37b3b42499dc69d0da166a6252226c02 to remote] DEBUG org.asynchttpclient.netty.request.NettyRequestSender - Using pooled Channel '[id: 0xd201ef19, L:/127.0.0.1:58056 - R:localhost/127.0.0.1:24464]' for 'POST' to 'http://localhost:24464/session/37b3b42499dc69d0da166a6252226c02/element/f.2078F455E2103FCD683A20B3BB3CB047.d.737F6800CB03F967F5E32F7EEECAADA2.e.6/value'
14:56:39.826 [Forwarding sendKeysToElement on session 37b3b42499dc69d0da166a6252226c02 to remote] DEBUG org.asynchttpclient.netty.request.NettyRequestSender - Using open Channel [id: 0xd201ef19, L:/127.0.0.1:58056 - R:localhost/127.0.0.1:24464] for POST '/session/37b3b42499dc69d0da166a6252226c02/element/f.2078F455E2103FCD683A20B3BB3CB047.d.737F6800CB03F967F5E32F7EEECAADA2.e.6/value'
14:56:39.916 [AsyncHttpClient-1-8] DEBUG org.asynchttpclient.netty.handler.HttpHandler - 

Request DefaultHttpRequest(decodeResult: success, version: HTTP/1.1)
POST /session/37b3b42499dc69d0da166a6252226c02/element/f.2078F455E2103FCD683A20B3BB3CB047.d.737F6800CB03F967F5E32F7EEECAADA2.e.6/value HTTP/1.1
User-Agent: selenium/4.12.0 (java windows)
Content-Length: 208
Content-Type: application/json; charset=utf-8
host: localhost:24464
accept: */*

Response DefaultHttpResponse(decodeResult: success, version: HTTP/1.1)
HTTP/1.1 200 OK
Content-Length: 14
Content-Type: application/json; charset=utf-8
cache-control: no-cache

14:56:39.916 [AsyncHttpClient-1-8] DEBUG org.asynchttpclient.netty.channel.ChannelManager - Adding key: http://localhost:24464 for channel [id: 0xd201ef19, L:/127.0.0.1:58056 - R:localhost/127.0.0.1:24464]
14:56:39.918 [Forwarding findElement on session 37b3b42499dc69d0da166a6252226c02 to remote] DEBUG org.asynchttpclient.netty.request.NettyRequestSender - Using pooled Channel '[id: 0xd201ef19, L:/127.0.0.1:58056 - R:localhost/127.0.0.1:24464]' for 'POST' to 'http://localhost:24464/session/37b3b42499dc69d0da166a6252226c02/element'
14:56:39.918 [Forwarding findElement on session 37b3b42499dc69d0da166a6252226c02 to remote] DEBUG org.asynchttpclient.netty.request.NettyRequestSender - Using open Channel [id: 0xd201ef19, L:/127.0.0.1:58056 - R:localhost/127.0.0.1:24464] for POST '/session/37b3b42499dc69d0da166a6252226c02/element'
14:56:39.934 [AsyncHttpClient-1-8] DEBUG org.asynchttpclient.netty.handler.HttpHandler - 

Request DefaultHttpRequest(decodeResult: success, version: HTTP/1.1)
POST /session/37b3b42499dc69d0da166a6252226c02/element HTTP/1.1
User-Agent: selenium/4.12.0 (java windows)
Content-Length: 73
Content-Type: application/json; charset=utf-8
host: localhost:24464
accept: */*

Response DefaultHttpResponse(decodeResult: success, version: HTTP/1.1)
HTTP/1.1 200 OK
Content-Length: 125
Content-Type: application/json; charset=utf-8
cache-control: no-cache

14:56:39.934 [AsyncHttpClient-1-8] DEBUG org.asynchttpclient.netty.channel.ChannelManager - Adding key: http://localhost:24464 for channel [id: 0xd201ef19, L:/127.0.0.1:58056 - R:localhost/127.0.0.1:24464]
14:56:39.935 [Forwarding clickElement on session 37b3b42499dc69d0da166a6252226c02 to remote] DEBUG org.asynchttpclient.netty.request.NettyRequestSender - Using pooled Channel '[id: 0xd201ef19, L:/127.0.0.1:58056 - R:localhost/127.0.0.1:24464]' for 'POST' to 'http://localhost:24464/session/37b3b42499dc69d0da166a6252226c02/element/f.2078F455E2103FCD683A20B3BB3CB047.d.737F6800CB03F967F5E32F7EEECAADA2.e.8/click'
14:56:39.935 [Forwarding clickElement on session 37b3b42499dc69d0da166a6252226c02 to remote] DEBUG org.asynchttpclient.netty.request.NettyRequestSender - Using open Channel [id: 0xd201ef19, L:/127.0.0.1:58056 - R:localhost/127.0.0.1:24464] for POST '/session/37b3b42499dc69d0da166a6252226c02/element/f.2078F455E2103FCD683A20B3BB3CB047.d.737F6800CB03F967F5E32F7EEECAADA2.e.8/click'
14:56:40.025 [AsyncHttpClient-1-8] DEBUG org.asynchttpclient.netty.handler.HttpHandler - 

Request DefaultHttpRequest(decodeResult: success, version: HTTP/1.1)
POST /session/37b3b42499dc69d0da166a6252226c02/element/f.2078F455E2103FCD683A20B3BB3CB047.d.737F6800CB03F967F5E32F7EEECAADA2.e.8/click HTTP/1.1
User-Agent: selenium/4.12.0 (java windows)
Content-Length: 87
Content-Type: application/json; charset=utf-8
host: localhost:24464
accept: */*

Response DefaultHttpResponse(decodeResult: success, version: HTTP/1.1)
HTTP/1.1 200 OK
Content-Length: 14
Content-Type: application/json; charset=utf-8
cache-control: no-cache

14:56:40.026 [AsyncHttpClient-1-8] DEBUG org.asynchttpclient.netty.channel.ChannelManager - Adding key: http://localhost:24464 for channel [id: 0xd201ef19, L:/127.0.0.1:58056 - R:localhost/127.0.0.1:24464]
14:56:40.070 [AsyncHttpClient-1-1] DEBUG org.asynchttpclient.netty.channel.DefaultChannelPool - Entry count for : http://localhost:24464 : 1
14:56:40.070 [AsyncHttpClient-1-1] DEBUG org.asynchttpclient.netty.channel.DefaultChannelPool - Entry count for : http://localhost:58057 : 1
14:56:41.170 [AsyncHttpClient-1-1] DEBUG org.asynchttpclient.netty.channel.DefaultChannelPool - Entry count for : http://localhost:24464 : 1
14:56:41.170 [AsyncHttpClient-1-1] DEBUG org.asynchttpclient.netty.channel.DefaultChannelPool - Entry count for : http://localhost:58057 : 1
14:56:42.274 [AsyncHttpClient-1-1] DEBUG org.asynchttpclient.netty.channel.DefaultChannelPool - Entry count for : http://localhost:24464 : 1
14:56:42.274 [AsyncHttpClient-1-1] DEBUG org.asynchttpclient.netty.channel.DefaultChannelPool - Entry count for : http://localhost:58057 : 1
14:56:43.377 [AsyncHttpClient-1-1] DEBUG org.asynchttpclient.netty.channel.DefaultChannelPool - Entry count for : http://localhost:24464 : 1
14:56:43.377 [AsyncHttpClient-1-1] DEBUG org.asynchttpclient.netty.channel.DefaultChannelPool - Entry count for : http://localhost:58057 : 1
14:56:44.471 [AsyncHttpClient-1-1] DEBUG org.asynchttpclient.netty.channel.DefaultChannelPool - Entry count for : http://localhost:24464 : 1
14:56:44.471 [AsyncHttpClient-1-1] DEBUG org.asynchttpclient.netty.channel.DefaultChannelPool - Entry count for : http://localhost:58057 : 1
14:56:45.042 [Forwarding getCurrentUrl on session 37b3b42499dc69d0da166a6252226c02 to remote] DEBUG org.asynchttpclient.netty.request.NettyRequestSender - Using pooled Channel '[id: 0xd201ef19, L:/127.0.0.1:58056 - R:localhost/127.0.0.1:24464]' for 'GET' to 'http://localhost:24464/session/37b3b42499dc69d0da166a6252226c02/url'
14:56:45.042 [Forwarding getCurrentUrl on session 37b3b42499dc69d0da166a6252226c02 to remote] DEBUG org.asynchttpclient.netty.request.NettyRequestSender - Using open Channel [id: 0xd201ef19, L:/127.0.0.1:58056 - R:localhost/127.0.0.1:24464] for GET '/session/37b3b42499dc69d0da166a6252226c02/url'
14:56:45.071 [AsyncHttpClient-1-8] DEBUG org.asynchttpclient.netty.handler.HttpHandler - 

Request DefaultFullHttpRequest(decodeResult: success, version: HTTP/1.1, content: EmptyByteBufBE)
GET /session/37b3b42499dc69d0da166a6252226c02/url HTTP/1.1
Cache-Control: no-cache
User-Agent: selenium/4.12.0 (java windows)
Content-Type: application/json; charset=utf-8
host: localhost:24464
accept: */*

Response DefaultHttpResponse(decodeResult: success, version: HTTP/1.1)
HTTP/1.1 200 OK
Content-Length: 69
Content-Type: application/json; charset=utf-8
cache-control: no-cache

14:56:45.071 [AsyncHttpClient-1-8] DEBUG org.asynchttpclient.netty.channel.ChannelManager - Adding key: http://localhost:24464 for channel [id: 0xd201ef19, L:/127.0.0.1:58056 - R:localhost/127.0.0.1:24464]
https://fleet-manager-development.vercel.app/auth/sign-in
14:56:45.072 [Forwarding findElement on session 37b3b42499dc69d0da166a6252226c02 to remote] DEBUG org.asynchttpclient.netty.request.NettyRequestSender - Using pooled Channel '[id: 0xd201ef19, L:/127.0.0.1:58056 - R:localhost/127.0.0.1:24464]' for 'POST' to 'http://localhost:24464/session/37b3b42499dc69d0da166a6252226c02/element'
14:56:45.072 [Forwarding findElement on session 37b3b42499dc69d0da166a6252226c02 to remote] DEBUG org.asynchttpclient.netty.request.NettyRequestSender - Using open Channel [id: 0xd201ef19, L:/127.0.0.1:58056 - R:localhost/127.0.0.1:24464] for POST '/session/37b3b42499dc69d0da166a6252226c02/element'
14:56:45.184 [AsyncHttpClient-1-8] DEBUG org.asynchttpclient.netty.handler.HttpHandler - 

Request DefaultHttpRequest(decodeResult: success, version: HTTP/1.1)
POST /session/37b3b42499dc69d0da166a6252226c02/element HTTP/1.1
User-Agent: selenium/4.12.0 (java windows)
Content-Length: 66
Content-Type: application/json; charset=utf-8
host: localhost:24464
accept: */*

Response DefaultHttpResponse(decodeResult: success, version: HTTP/1.1)
HTTP/1.1 200 OK
Content-Length: 126
Content-Type: application/json; charset=utf-8
cache-control: no-cache

14:56:45.186 [AsyncHttpClient-1-8] DEBUG org.asynchttpclient.netty.channel.ChannelManager - Adding key: http://localhost:24464 for channel [id: 0xd201ef19, L:/127.0.0.1:58056 - R:localhost/127.0.0.1:24464]
14:56:45.188 [Forwarding isElementDisplayed on session 37b3b42499dc69d0da166a6252226c02 to remote] DEBUG org.asynchttpclient.netty.request.NettyRequestSender - Using pooled Channel '[id: 0xd201ef19, L:/127.0.0.1:58056 - R:localhost/127.0.0.1:24464]' for 'POST' to 'http://localhost:24464/session/37b3b42499dc69d0da166a6252226c02/execute/sync'
14:56:45.188 [Forwarding isElementDisplayed on session 37b3b42499dc69d0da166a6252226c02 to remote] DEBUG org.asynchttpclient.netty.request.NettyRequestSender - Using open Channel [id: 0xd201ef19, L:/127.0.0.1:58056 - R:localhost/127.0.0.1:24464] for POST '/session/37b3b42499dc69d0da166a6252226c02/execute/sync'
14:56:45.344 [AsyncHttpClient-1-8] DEBUG org.asynchttpclient.netty.handler.HttpHandler - 

Request DefaultHttpRequest(decodeResult: success, version: HTTP/1.1)
POST /session/37b3b42499dc69d0da166a6252226c02/execute/sync HTTP/1.1
User-Agent: selenium/4.12.0 (java windows)
Content-Length: 48734
Content-Type: application/json; charset=utf-8
host: localhost:24464
accept: */*

Response DefaultHttpResponse(decodeResult: success, version: HTTP/1.1)
HTTP/1.1 200 OK
Content-Length: 14
Content-Type: application/json; charset=utf-8
cache-control: no-cache

14:56:45.344 [AsyncHttpClient-1-8] DEBUG org.asynchttpclient.netty.channel.ChannelManager - Adding key: http://localhost:24464 for channel [id: 0xd201ef19, L:/127.0.0.1:58056 - R:localhost/127.0.0.1:24464]
14:56:45.345 [Forwarding findElement on session 37b3b42499dc69d0da166a6252226c02 to remote] DEBUG org.asynchttpclient.netty.request.NettyRequestSender - Using pooled Channel '[id: 0xd201ef19, L:/127.0.0.1:58056 - R:localhost/127.0.0.1:24464]' for 'POST' to 'http://localhost:24464/session/37b3b42499dc69d0da166a6252226c02/element'
14:56:45.345 [Forwarding findElement on session 37b3b42499dc69d0da166a6252226c02 to remote] DEBUG org.asynchttpclient.netty.request.NettyRequestSender - Using open Channel [id: 0xd201ef19, L:/127.0.0.1:58056 - R:localhost/127.0.0.1:24464] for POST '/session/37b3b42499dc69d0da166a6252226c02/element'
14:56:45.376 [AsyncHttpClient-1-8] DEBUG org.asynchttpclient.netty.handler.HttpHandler - 

Request DefaultHttpRequest(decodeResult: success, version: HTTP/1.1)
POST /session/37b3b42499dc69d0da166a6252226c02/element HTTP/1.1
User-Agent: selenium/4.12.0 (java windows)
Content-Length: 66
Content-Type: application/json; charset=utf-8
host: localhost:24464
accept: */*

Response DefaultHttpResponse(decodeResult: success, version: HTTP/1.1)
HTTP/1.1 200 OK
Content-Length: 126
Content-Type: application/json; charset=utf-8
cache-control: no-cache

14:56:45.376 [AsyncHttpClient-1-8] DEBUG org.asynchttpclient.netty.channel.ChannelManager - Adding key: http://localhost:24464 for channel [id: 0xd201ef19, L:/127.0.0.1:58056 - R:localhost/127.0.0.1:24464]
14:56:45.377 [Forwarding getElementText on session 37b3b42499dc69d0da166a6252226c02 to remote] DEBUG org.asynchttpclient.netty.request.NettyRequestSender - Using pooled Channel '[id: 0xd201ef19, L:/127.0.0.1:58056 - R:localhost/127.0.0.1:24464]' for 'GET' to 'http://localhost:24464/session/37b3b42499dc69d0da166a6252226c02/element/f.2078F455E2103FCD683A20B3BB3CB047.d.737F6800CB03F967F5E32F7EEECAADA2.e.19/text'
14:56:45.379 [Forwarding getElementText on session 37b3b42499dc69d0da166a6252226c02 to remote] DEBUG org.asynchttpclient.netty.request.NettyRequestSender - Using open Channel [id: 0xd201ef19, L:/127.0.0.1:58056 - R:localhost/127.0.0.1:24464] for GET '/session/37b3b42499dc69d0da166a6252226c02/element/f.2078F455E2103FCD683A20B3BB3CB047.d.737F6800CB03F967F5E32F7EEECAADA2.e.19/text'
14:56:45.396 [AsyncHttpClient-1-8] DEBUG org.asynchttpclient.netty.handler.HttpHandler - 

Request DefaultFullHttpRequest(decodeResult: success, version: HTTP/1.1, content: EmptyByteBufBE)
GET /session/37b3b42499dc69d0da166a6252226c02/element/f.2078F455E2103FCD683A20B3BB3CB047.d.737F6800CB03F967F5E32F7EEECAADA2.e.19/text HTTP/1.1
Cache-Control: no-cache
User-Agent: selenium/4.12.0 (java windows)
Content-Type: application/json; charset=utf-8
host: localhost:24464
accept: */*

Response DefaultHttpResponse(decodeResult: success, version: HTTP/1.1)
HTTP/1.1 200 OK
Content-Length: 33
Content-Type: application/json; charset=utf-8
cache-control: no-cache

14:56:45.396 [AsyncHttpClient-1-8] DEBUG org.asynchttpclient.netty.channel.ChannelManager - Adding key: http://localhost:24464 for channel [id: 0xd201ef19, L:/127.0.0.1:58056 - R:localhost/127.0.0.1:24464]
14:56:45.397 [Forwarding findElement on session 37b3b42499dc69d0da166a6252226c02 to remote] DEBUG org.asynchttpclient.netty.request.NettyRequestSender - Using pooled Channel '[id: 0xd201ef19, L:/127.0.0.1:58056 - R:localhost/127.0.0.1:24464]' for 'POST' to 'http://localhost:24464/session/37b3b42499dc69d0da166a6252226c02/element'
14:56:45.398 [Forwarding findElement on session 37b3b42499dc69d0da166a6252226c02 to remote] DEBUG org.asynchttpclient.netty.request.NettyRequestSender - Using open Channel [id: 0xd201ef19, L:/127.0.0.1:58056 - R:localhost/127.0.0.1:24464] for POST '/session/37b3b42499dc69d0da166a6252226c02/element'
14:56:45.410 [AsyncHttpClient-1-8] DEBUG org.asynchttpclient.netty.handler.HttpHandler - 

Request DefaultHttpRequest(decodeResult: success, version: HTTP/1.1)
POST /session/37b3b42499dc69d0da166a6252226c02/element HTTP/1.1
User-Agent: selenium/4.12.0 (java windows)
Content-Length: 74
Content-Type: application/json; charset=utf-8
host: localhost:24464
accept: */*

Response DefaultHttpResponse(decodeResult: success, version: HTTP/1.1)
HTTP/1.1 200 OK
Content-Length: 126
Content-Type: application/json; charset=utf-8
cache-control: no-cache

14:56:45.410 [AsyncHttpClient-1-8] DEBUG org.asynchttpclient.netty.channel.ChannelManager - Adding key: http://localhost:24464 for channel [id: 0xd201ef19, L:/127.0.0.1:58056 - R:localhost/127.0.0.1:24464]
14:56:45.412 [Forwarding clickElement on session 37b3b42499dc69d0da166a6252226c02 to remote] DEBUG org.asynchttpclient.netty.request.NettyRequestSender - Using pooled Channel '[id: 0xd201ef19, L:/127.0.0.1:58056 - R:localhost/127.0.0.1:24464]' for 'POST' to 'http://localhost:24464/session/37b3b42499dc69d0da166a6252226c02/element/f.2078F455E2103FCD683A20B3BB3CB047.d.737F6800CB03F967F5E32F7EEECAADA2.e.20/click'
14:56:45.412 [Forwarding clickElement on session 37b3b42499dc69d0da166a6252226c02 to remote] DEBUG org.asynchttpclient.netty.request.NettyRequestSender - Using open Channel [id: 0xd201ef19, L:/127.0.0.1:58056 - R:localhost/127.0.0.1:24464] for POST '/session/37b3b42499dc69d0da166a6252226c02/element/f.2078F455E2103FCD683A20B3BB3CB047.d.737F6800CB03F967F5E32F7EEECAADA2.e.20/click'
14:56:45.490 [AsyncHttpClient-1-8] DEBUG org.asynchttpclient.netty.handler.HttpHandler - 

Request DefaultHttpRequest(decodeResult: success, version: HTTP/1.1)
POST /session/37b3b42499dc69d0da166a6252226c02/element/f.2078F455E2103FCD683A20B3BB3CB047.d.737F6800CB03F967F5E32F7EEECAADA2.e.20/click HTTP/1.1
User-Agent: selenium/4.12.0 (java windows)
Content-Length: 88
Content-Type: application/json; charset=utf-8
host: localhost:24464
accept: */*

Response DefaultHttpResponse(decodeResult: success, version: HTTP/1.1)
HTTP/1.1 200 OK
Content-Length: 14
Content-Type: application/json; charset=utf-8
cache-control: no-cache

14:56:45.490 [AsyncHttpClient-1-8] DEBUG org.asynchttpclient.netty.channel.ChannelManager - Adding key: http://localhost:24464 for channel [id: 0xd201ef19, L:/127.0.0.1:58056 - R:localhost/127.0.0.1:24464]
14:56:45.571 [AsyncHttpClient-1-1] DEBUG org.asynchttpclient.netty.channel.DefaultChannelPool - Entry count for : http://localhost:24464 : 1
14:56:45.571 [AsyncHttpClient-1-1] DEBUG org.asynchttpclient.netty.channel.DefaultChannelPool - Entry count for : http://localhost:58057 : 1
14:56:46.680 [AsyncHttpClient-1-1] DEBUG org.asynchttpclient.netty.channel.DefaultChannelPool - Entry count for : http://localhost:24464 : 1
14:56:46.680 [AsyncHttpClient-1-1] DEBUG org.asynchttpclient.netty.channel.DefaultChannelPool - Entry count for : http://localhost:58057 : 1
14:56:47.775 [AsyncHttpClient-1-1] DEBUG org.asynchttpclient.netty.channel.DefaultChannelPool - Entry count for : http://localhost:24464 : 1
14:56:47.775 [AsyncHttpClient-1-1] DEBUG org.asynchttpclient.netty.channel.DefaultChannelPool - Entry count for : http://localhost:58057 : 1
14:56:48.494 [Forwarding screenshot on session 37b3b42499dc69d0da166a6252226c02 to remote] DEBUG org.asynchttpclient.netty.request.NettyRequestSender - Using pooled Channel '[id: 0xd201ef19, L:/127.0.0.1:58056 - R:localhost/127.0.0.1:24464]' for 'GET' to 'http://localhost:24464/session/37b3b42499dc69d0da166a6252226c02/screenshot'
14:56:48.494 [Forwarding screenshot on session 37b3b42499dc69d0da166a6252226c02 to remote] DEBUG org.asynchttpclient.netty.request.NettyRequestSender - Using open Channel [id: 0xd201ef19, L:/127.0.0.1:58056 - R:localhost/127.0.0.1:24464] for GET '/session/37b3b42499dc69d0da166a6252226c02/screenshot'
14:56:48.671 [AsyncHttpClient-1-8] DEBUG org.asynchttpclient.netty.handler.HttpHandler - 

Request DefaultFullHttpRequest(decodeResult: success, version: HTTP/1.1, content: EmptyByteBufBE)
GET /session/37b3b42499dc69d0da166a6252226c02/screenshot HTTP/1.1
Cache-Control: no-cache
User-Agent: selenium/4.12.0 (java windows)
Content-Type: application/json; charset=utf-8
host: localhost:24464
accept: */*

Response DefaultHttpResponse(decodeResult: success, version: HTTP/1.1)
HTTP/1.1 200 OK
Content-Length: 233672
Content-Type: application/json; charset=utf-8
cache-control: no-cache

14:56:48.671 [AsyncHttpClient-1-8] DEBUG org.asynchttpclient.netty.channel.ChannelManager - Adding key: http://localhost:24464 for channel [id: 0xd201ef19, L:/127.0.0.1:58056 - R:localhost/127.0.0.1:24464]
  Given I am on dashboardfokisaj290@edectus.com and Fleet@123    # StepDefination.Customer_onboarding.I_am_on_dashboard(java.lang.String,java.lang.String)
14:56:48.688 [Forwarding findElement on session 37b3b42499dc69d0da166a6252226c02 to remote] DEBUG org.asynchttpclient.netty.request.NettyRequestSender - Using pooled Channel '[id: 0xd201ef19, L:/127.0.0.1:58056 - R:localhost/127.0.0.1:24464]' for 'POST' to 'http://localhost:24464/session/37b3b42499dc69d0da166a6252226c02/element'
14:56:48.688 [Forwarding findElement on session 37b3b42499dc69d0da166a6252226c02 to remote] DEBUG org.asynchttpclient.netty.request.NettyRequestSender - Using open Channel [id: 0xd201ef19, L:/127.0.0.1:58056 - R:localhost/127.0.0.1:24464] for POST '/session/37b3b42499dc69d0da166a6252226c02/element'
14:56:48.706 [AsyncHttpClient-1-8] DEBUG org.asynchttpclient.netty.handler.HttpHandler - 

Request DefaultHttpRequest(decodeResult: success, version: HTTP/1.1)
POST /session/37b3b42499dc69d0da166a6252226c02/element HTTP/1.1
User-Agent: selenium/4.12.0 (java windows)
Content-Length: 127
Content-Type: application/json; charset=utf-8
host: localhost:24464
accept: */*

Response DefaultHttpResponse(decodeResult: success, version: HTTP/1.1)
HTTP/1.1 200 OK
Content-Length: 126
Content-Type: application/json; charset=utf-8
cache-control: no-cache

14:56:48.706 [AsyncHttpClient-1-8] DEBUG org.asynchttpclient.netty.channel.ChannelManager - Adding key: http://localhost:24464 for channel [id: 0xd201ef19, L:/127.0.0.1:58056 - R:localhost/127.0.0.1:24464]
14:56:48.707 [Forwarding getElementText on session 37b3b42499dc69d0da166a6252226c02 to remote] DEBUG org.asynchttpclient.netty.request.NettyRequestSender - Using pooled Channel '[id: 0xd201ef19, L:/127.0.0.1:58056 - R:localhost/127.0.0.1:24464]' for 'GET' to 'http://localhost:24464/session/37b3b42499dc69d0da166a6252226c02/element/f.2078F455E2103FCD683A20B3BB3CB047.d.0A24E9858953EF61A310EF75C3A4AB91.e.42/text'
14:56:48.707 [Forwarding getElementText on session 37b3b42499dc69d0da166a6252226c02 to remote] DEBUG org.asynchttpclient.netty.request.NettyRequestSender - Using open Channel [id: 0xd201ef19, L:/127.0.0.1:58056 - R:localhost/127.0.0.1:24464] for GET '/session/37b3b42499dc69d0da166a6252226c02/element/f.2078F455E2103FCD683A20B3BB3CB047.d.0A24E9858953EF61A310EF75C3A4AB91.e.42/text'
14:56:48.718 [AsyncHttpClient-1-8] DEBUG org.asynchttpclient.netty.handler.HttpHandler - 

Request DefaultFullHttpRequest(decodeResult: success, version: HTTP/1.1, content: EmptyByteBufBE)
GET /session/37b3b42499dc69d0da166a6252226c02/element/f.2078F455E2103FCD683A20B3BB3CB047.d.0A24E9858953EF61A310EF75C3A4AB91.e.42/text HTTP/1.1
Cache-Control: no-cache
User-Agent: selenium/4.12.0 (java windows)
Content-Type: application/json; charset=utf-8
host: localhost:24464
accept: */*

Response DefaultHttpResponse(decodeResult: success, version: HTTP/1.1)
HTTP/1.1 200 OK
Content-Length: 21
Content-Type: application/json; charset=utf-8
cache-control: no-cache

14:56:48.718 [AsyncHttpClient-1-8] DEBUG org.asynchttpclient.netty.channel.ChannelManager - Adding key: http://localhost:24464 for channel [id: 0xd201ef19, L:/127.0.0.1:58056 - R:localhost/127.0.0.1:24464]
14:56:48.719 [Forwarding findElement on session 37b3b42499dc69d0da166a6252226c02 to remote] DEBUG org.asynchttpclient.netty.request.NettyRequestSender - Using pooled Channel '[id: 0xd201ef19, L:/127.0.0.1:58056 - R:localhost/127.0.0.1:24464]' for 'POST' to 'http://localhost:24464/session/37b3b42499dc69d0da166a6252226c02/element'
14:56:48.719 [Forwarding findElement on session 37b3b42499dc69d0da166a6252226c02 to remote] DEBUG org.asynchttpclient.netty.request.NettyRequestSender - Using open Channel [id: 0xd201ef19, L:/127.0.0.1:58056 - R:localhost/127.0.0.1:24464] for POST '/session/37b3b42499dc69d0da166a6252226c02/element'
14:56:48.728 [AsyncHttpClient-1-8] DEBUG org.asynchttpclient.netty.handler.HttpHandler - 

Request DefaultHttpRequest(decodeResult: success, version: HTTP/1.1)
POST /session/37b3b42499dc69d0da166a6252226c02/element HTTP/1.1
User-Agent: selenium/4.12.0 (java windows)
Content-Length: 127
Content-Type: application/json; charset=utf-8
host: localhost:24464
accept: */*

Response DefaultHttpResponse(decodeResult: success, version: HTTP/1.1)
HTTP/1.1 200 OK
Content-Length: 126
Content-Type: application/json; charset=utf-8
cache-control: no-cache

14:56:48.729 [AsyncHttpClient-1-8] DEBUG org.asynchttpclient.netty.channel.ChannelManager - Adding key: http://localhost:24464 for channel [id: 0xd201ef19, L:/127.0.0.1:58056 - R:localhost/127.0.0.1:24464]
14:56:48.730 [Forwarding clickElement on session 37b3b42499dc69d0da166a6252226c02 to remote] DEBUG org.asynchttpclient.netty.request.NettyRequestSender - Using pooled Channel '[id: 0xd201ef19, L:/127.0.0.1:58056 - R:localhost/127.0.0.1:24464]' for 'POST' to 'http://localhost:24464/session/37b3b42499dc69d0da166a6252226c02/element/f.2078F455E2103FCD683A20B3BB3CB047.d.0A24E9858953EF61A310EF75C3A4AB91.e.42/click'
14:56:48.730 [Forwarding clickElement on session 37b3b42499dc69d0da166a6252226c02 to remote] DEBUG org.asynchttpclient.netty.request.NettyRequestSender - Using open Channel [id: 0xd201ef19, L:/127.0.0.1:58056 - R:localhost/127.0.0.1:24464] for POST '/session/37b3b42499dc69d0da166a6252226c02/element/f.2078F455E2103FCD683A20B3BB3CB047.d.0A24E9858953EF61A310EF75C3A4AB91.e.42/click'
14:56:48.820 [AsyncHttpClient-1-8] DEBUG org.asynchttpclient.netty.handler.HttpHandler - 

Request DefaultHttpRequest(decodeResult: success, version: HTTP/1.1)
POST /session/37b3b42499dc69d0da166a6252226c02/element/f.2078F455E2103FCD683A20B3BB3CB047.d.0A24E9858953EF61A310EF75C3A4AB91.e.42/click HTTP/1.1
User-Agent: selenium/4.12.0 (java windows)
Content-Length: 88
Content-Type: application/json; charset=utf-8
host: localhost:24464
accept: */*

Response DefaultHttpResponse(decodeResult: success, version: HTTP/1.1)
HTTP/1.1 200 OK
Content-Length: 14
Content-Type: application/json; charset=utf-8
cache-control: no-cache

14:56:48.820 [AsyncHttpClient-1-8] DEBUG org.asynchttpclient.netty.channel.ChannelManager - Adding key: http://localhost:24464 for channel [id: 0xd201ef19, L:/127.0.0.1:58056 - R:localhost/127.0.0.1:24464]
14:56:48.873 [AsyncHttpClient-1-1] DEBUG org.asynchttpclient.netty.channel.DefaultChannelPool - Entry count for : http://localhost:24464 : 1
14:56:48.873 [AsyncHttpClient-1-1] DEBUG org.asynchttpclient.netty.channel.DefaultChannelPool - Entry count for : http://localhost:58057 : 1
14:56:49.977 [AsyncHttpClient-1-1] DEBUG org.asynchttpclient.netty.channel.DefaultChannelPool - Entry count for : http://localhost:24464 : 1
14:56:49.977 [AsyncHttpClient-1-1] DEBUG org.asynchttpclient.netty.channel.DefaultChannelPool - Entry count for : http://localhost:58057 : 1
14:56:50.837 [Forwarding screenshot on session 37b3b42499dc69d0da166a6252226c02 to remote] DEBUG org.asynchttpclient.netty.request.NettyRequestSender - Using pooled Channel '[id: 0xd201ef19, L:/127.0.0.1:58056 - R:localhost/127.0.0.1:24464]' for 'GET' to 'http://localhost:24464/session/37b3b42499dc69d0da166a6252226c02/screenshot'
14:56:50.837 [Forwarding screenshot on session 37b3b42499dc69d0da166a6252226c02 to remote] DEBUG org.asynchttpclient.netty.request.NettyRequestSender - Using open Channel [id: 0xd201ef19, L:/127.0.0.1:58056 - R:localhost/127.0.0.1:24464] for GET '/session/37b3b42499dc69d0da166a6252226c02/screenshot'
14:56:51.019 [AsyncHttpClient-1-8] DEBUG org.asynchttpclient.netty.handler.HttpHandler - 

Request DefaultFullHttpRequest(decodeResult: success, version: HTTP/1.1, content: EmptyByteBufBE)
GET /session/37b3b42499dc69d0da166a6252226c02/screenshot HTTP/1.1
Cache-Control: no-cache
User-Agent: selenium/4.12.0 (java windows)
Content-Type: application/json; charset=utf-8
host: localhost:24464
accept: */*

Response DefaultHttpResponse(decodeResult: success, version: HTTP/1.1)
HTTP/1.1 200 OK
Content-Length: 297576
Content-Type: application/json; charset=utf-8
cache-control: no-cache

14:56:51.019 [AsyncHttpClient-1-8] DEBUG org.asynchttpclient.netty.channel.ChannelManager - Adding key: http://localhost:24464 for channel [id: 0xd201ef19, L:/127.0.0.1:58056 - R:localhost/127.0.0.1:24464]
14:56:51.039 [Forwarding findElement on session 37b3b42499dc69d0da166a6252226c02 to remote] DEBUG org.asynchttpclient.netty.request.NettyRequestSender - Using pooled Channel '[id: 0xd201ef19, L:/127.0.0.1:58056 - R:localhost/127.0.0.1:24464]' for 'POST' to 'http://localhost:24464/session/37b3b42499dc69d0da166a6252226c02/element'
14:56:51.039 [Forwarding findElement on session 37b3b42499dc69d0da166a6252226c02 to remote] DEBUG org.asynchttpclient.netty.request.NettyRequestSender - Using open Channel [id: 0xd201ef19, L:/127.0.0.1:58056 - R:localhost/127.0.0.1:24464] for POST '/session/37b3b42499dc69d0da166a6252226c02/element'
14:56:51.061 [AsyncHttpClient-1-8] DEBUG org.asynchttpclient.netty.handler.HttpHandler - 

Request DefaultHttpRequest(decodeResult: success, version: HTTP/1.1)
POST /session/37b3b42499dc69d0da166a6252226c02/element HTTP/1.1
User-Agent: selenium/4.12.0 (java windows)
Content-Length: 178
Content-Type: application/json; charset=utf-8
host: localhost:24464
accept: */*

Response DefaultHttpResponse(decodeResult: success, version: HTTP/1.1)
HTTP/1.1 200 OK
Content-Length: 126
Content-Type: application/json; charset=utf-8
cache-control: no-cache

14:56:51.061 [AsyncHttpClient-1-8] DEBUG org.asynchttpclient.netty.channel.ChannelManager - Adding key: http://localhost:24464 for channel [id: 0xd201ef19, L:/127.0.0.1:58056 - R:localhost/127.0.0.1:24464]
14:56:51.063 [Forwarding getElementText on session 37b3b42499dc69d0da166a6252226c02 to remote] DEBUG org.asynchttpclient.netty.request.NettyRequestSender - Using pooled Channel '[id: 0xd201ef19, L:/127.0.0.1:58056 - R:localhost/127.0.0.1:24464]' for 'GET' to 'http://localhost:24464/session/37b3b42499dc69d0da166a6252226c02/element/f.2078F455E2103FCD683A20B3BB3CB047.d.0A24E9858953EF61A310EF75C3A4AB91.e.47/text'
14:56:51.063 [Forwarding getElementText on session 37b3b42499dc69d0da166a6252226c02 to remote] DEBUG org.asynchttpclient.netty.request.NettyRequestSender - Using open Channel [id: 0xd201ef19, L:/127.0.0.1:58056 - R:localhost/127.0.0.1:24464] for GET '/session/37b3b42499dc69d0da166a6252226c02/element/f.2078F455E2103FCD683A20B3BB3CB047.d.0A24E9858953EF61A310EF75C3A4AB91.e.47/text'
14:56:51.075 [AsyncHttpClient-1-8] DEBUG org.asynchttpclient.netty.handler.HttpHandler - 

Request DefaultFullHttpRequest(decodeResult: success, version: HTTP/1.1, content: EmptyByteBufBE)
GET /session/37b3b42499dc69d0da166a6252226c02/element/f.2078F455E2103FCD683A20B3BB3CB047.d.0A24E9858953EF61A310EF75C3A4AB91.e.47/text HTTP/1.1
Cache-Control: no-cache
User-Agent: selenium/4.12.0 (java windows)
Content-Type: application/json; charset=utf-8
host: localhost:24464
accept: */*

Response DefaultHttpResponse(decodeResult: success, version: HTTP/1.1)
HTTP/1.1 200 OK
Content-Length: 28
Content-Type: application/json; charset=utf-8
cache-control: no-cache

14:56:51.075 [AsyncHttpClient-1-8] DEBUG org.asynchttpclient.netty.channel.ChannelManager - Adding key: http://localhost:24464 for channel [id: 0xd201ef19, L:/127.0.0.1:58056 - R:localhost/127.0.0.1:24464]
14:56:51.076 [Forwarding findElement on session 37b3b42499dc69d0da166a6252226c02 to remote] DEBUG org.asynchttpclient.netty.request.NettyRequestSender - Using pooled Channel '[id: 0xd201ef19, L:/127.0.0.1:58056 - R:localhost/127.0.0.1:24464]' for 'POST' to 'http://localhost:24464/session/37b3b42499dc69d0da166a6252226c02/element'
14:56:51.076 [Forwarding findElement on session 37b3b42499dc69d0da166a6252226c02 to remote] DEBUG org.asynchttpclient.netty.request.NettyRequestSender - Using open Channel [id: 0xd201ef19, L:/127.0.0.1:58056 - R:localhost/127.0.0.1:24464] for POST '/session/37b3b42499dc69d0da166a6252226c02/element'
14:56:51.086 [AsyncHttpClient-1-1] DEBUG org.asynchttpclient.netty.channel.DefaultChannelPool - Entry count for : http://localhost:58057 : 1
14:56:51.086 [AsyncHttpClient-1-8] DEBUG org.asynchttpclient.netty.handler.HttpHandler - 

Request DefaultHttpRequest(decodeResult: success, version: HTTP/1.1)
POST /session/37b3b42499dc69d0da166a6252226c02/element HTTP/1.1
User-Agent: selenium/4.12.0 (java windows)
Content-Length: 178
Content-Type: application/json; charset=utf-8
host: localhost:24464
accept: */*

Response DefaultHttpResponse(decodeResult: success, version: HTTP/1.1)
HTTP/1.1 200 OK
Content-Length: 126
Content-Type: application/json; charset=utf-8
cache-control: no-cache

14:56:51.086 [AsyncHttpClient-1-8] DEBUG org.asynchttpclient.netty.channel.ChannelManager - Adding key: http://localhost:24464 for channel [id: 0xd201ef19, L:/127.0.0.1:58056 - R:localhost/127.0.0.1:24464]
14:56:51.086 [Forwarding clickElement on session 37b3b42499dc69d0da166a6252226c02 to remote] DEBUG org.asynchttpclient.netty.request.NettyRequestSender - Using pooled Channel '[id: 0xd201ef19, L:/127.0.0.1:58056 - R:localhost/127.0.0.1:24464]' for 'POST' to 'http://localhost:24464/session/37b3b42499dc69d0da166a6252226c02/element/f.2078F455E2103FCD683A20B3BB3CB047.d.0A24E9858953EF61A310EF75C3A4AB91.e.47/click'
14:56:51.086 [Forwarding clickElement on session 37b3b42499dc69d0da166a6252226c02 to remote] DEBUG org.asynchttpclient.netty.request.NettyRequestSender - Using open Channel [id: 0xd201ef19, L:/127.0.0.1:58056 - R:localhost/127.0.0.1:24464] for POST '/session/37b3b42499dc69d0da166a6252226c02/element/f.2078F455E2103FCD683A20B3BB3CB047.d.0A24E9858953EF61A310EF75C3A4AB91.e.47/click'
14:56:51.198 [AsyncHttpClient-1-8] DEBUG org.asynchttpclient.netty.handler.HttpHandler - 

Request DefaultHttpRequest(decodeResult: success, version: HTTP/1.1)
POST /session/37b3b42499dc69d0da166a6252226c02/element/f.2078F455E2103FCD683A20B3BB3CB047.d.0A24E9858953EF61A310EF75C3A4AB91.e.47/click HTTP/1.1
User-Agent: selenium/4.12.0 (java windows)
Content-Length: 88
Content-Type: application/json; charset=utf-8
host: localhost:24464
accept: */*

Response DefaultHttpResponse(decodeResult: success, version: HTTP/1.1)
HTTP/1.1 200 OK
Content-Length: 14
Content-Type: application/json; charset=utf-8
cache-control: no-cache

14:56:51.198 [AsyncHttpClient-1-8] DEBUG org.asynchttpclient.netty.channel.ChannelManager - Adding key: http://localhost:24464 for channel [id: 0xd201ef19, L:/127.0.0.1:58056 - R:localhost/127.0.0.1:24464]
  When Open customer form                                        # StepDefination.Customer_onboarding.Open_customer_form()
14:56:52.181 [AsyncHttpClient-1-1] DEBUG org.asynchttpclient.netty.channel.DefaultChannelPool - Entry count for : http://localhost:24464 : 1
14:56:52.181 [AsyncHttpClient-1-1] DEBUG org.asynchttpclient.netty.channel.DefaultChannelPool - Entry count for : http://localhost:58057 : 1
14:56:52.212 [Forwarding findElement on session 37b3b42499dc69d0da166a6252226c02 to remote] DEBUG org.asynchttpclient.netty.request.NettyRequestSender - Using pooled Channel '[id: 0xd201ef19, L:/127.0.0.1:58056 - R:localhost/127.0.0.1:24464]' for 'POST' to 'http://localhost:24464/session/37b3b42499dc69d0da166a6252226c02/element'
14:56:52.212 [Forwarding findElement on session 37b3b42499dc69d0da166a6252226c02 to remote] DEBUG org.asynchttpclient.netty.request.NettyRequestSender - Using open Channel [id: 0xd201ef19, L:/127.0.0.1:58056 - R:localhost/127.0.0.1:24464] for POST '/session/37b3b42499dc69d0da166a6252226c02/element'
14:56:52.228 [AsyncHttpClient-1-8] DEBUG org.asynchttpclient.netty.handler.HttpHandler - 

Request DefaultHttpRequest(decodeResult: success, version: HTTP/1.1)
POST /session/37b3b42499dc69d0da166a6252226c02/element HTTP/1.1
User-Agent: selenium/4.12.0 (java windows)
Content-Length: 82
Content-Type: application/json; charset=utf-8
host: localhost:24464
accept: */*

Response DefaultHttpResponse(decodeResult: success, version: HTTP/1.1)
HTTP/1.1 200 OK
Content-Length: 126
Content-Type: application/json; charset=utf-8
cache-control: no-cache

14:56:52.228 [AsyncHttpClient-1-8] DEBUG org.asynchttpclient.netty.channel.ChannelManager - Adding key: http://localhost:24464 for channel [id: 0xd201ef19, L:/127.0.0.1:58056 - R:localhost/127.0.0.1:24464]
14:56:52.228 [Forwarding sendKeysToElement on session 37b3b42499dc69d0da166a6252226c02 to remote] DEBUG org.asynchttpclient.netty.request.NettyRequestSender - Using pooled Channel '[id: 0xd201ef19, L:/127.0.0.1:58056 - R:localhost/127.0.0.1:24464]' for 'POST' to 'http://localhost:24464/session/37b3b42499dc69d0da166a6252226c02/element/f.2078F455E2103FCD683A20B3BB3CB047.d.0A24E9858953EF61A310EF75C3A4AB91.e.53/value'
14:56:52.228 [Forwarding sendKeysToElement on session 37b3b42499dc69d0da166a6252226c02 to remote] DEBUG org.asynchttpclient.netty.request.NettyRequestSender - Using open Channel [id: 0xd201ef19, L:/127.0.0.1:58056 - R:localhost/127.0.0.1:24464] for POST '/session/37b3b42499dc69d0da166a6252226c02/element/f.2078F455E2103FCD683A20B3BB3CB047.d.0A24E9858953EF61A310EF75C3A4AB91.e.53/value'
14:56:52.488 [AsyncHttpClient-1-8] DEBUG org.asynchttpclient.netty.handler.HttpHandler - 

Request DefaultHttpRequest(decodeResult: success, version: HTTP/1.1)
POST /session/37b3b42499dc69d0da166a6252226c02/element/f.2078F455E2103FCD683A20B3BB3CB047.d.0A24E9858953EF61A310EF75C3A4AB91.e.53/value HTTP/1.1
User-Agent: selenium/4.12.0 (java windows)
Content-Length: 259
Content-Type: application/json; charset=utf-8
host: localhost:24464
accept: */*

Response DefaultHttpResponse(decodeResult: success, version: HTTP/1.1)
HTTP/1.1 200 OK
Content-Length: 14
Content-Type: application/json; charset=utf-8
cache-control: no-cache

14:56:52.488 [AsyncHttpClient-1-8] DEBUG org.asynchttpclient.netty.channel.ChannelManager - Adding key: http://localhost:24464 for channel [id: 0xd201ef19, L:/127.0.0.1:58056 - R:localhost/127.0.0.1:24464]
14:56:52.488 [Forwarding findElement on session 37b3b42499dc69d0da166a6252226c02 to remote] DEBUG org.asynchttpclient.netty.request.NettyRequestSender - Using pooled Channel '[id: 0xd201ef19, L:/127.0.0.1:58056 - R:localhost/127.0.0.1:24464]' for 'POST' to 'http://localhost:24464/session/37b3b42499dc69d0da166a6252226c02/element'
14:56:52.488 [Forwarding findElement on session 37b3b42499dc69d0da166a6252226c02 to remote] DEBUG org.asynchttpclient.netty.request.NettyRequestSender - Using open Channel [id: 0xd201ef19, L:/127.0.0.1:58056 - R:localhost/127.0.0.1:24464] for POST '/session/37b3b42499dc69d0da166a6252226c02/element'
14:56:52.518 [AsyncHttpClient-1-8] DEBUG org.asynchttpclient.netty.handler.HttpHandler - 

Request DefaultHttpRequest(decodeResult: success, version: HTTP/1.1)
POST /session/37b3b42499dc69d0da166a6252226c02/element HTTP/1.1
User-Agent: selenium/4.12.0 (java windows)
Content-Length: 89
Content-Type: application/json; charset=utf-8
host: localhost:24464
accept: */*

Response DefaultHttpResponse(decodeResult: success, version: HTTP/1.1)
HTTP/1.1 200 OK
Content-Length: 126
Content-Type: application/json; charset=utf-8
cache-control: no-cache

14:56:52.518 [AsyncHttpClient-1-8] DEBUG org.asynchttpclient.netty.channel.ChannelManager - Adding key: http://localhost:24464 for channel [id: 0xd201ef19, L:/127.0.0.1:58056 - R:localhost/127.0.0.1:24464]
14:56:52.519 [Forwarding sendKeysToElement on session 37b3b42499dc69d0da166a6252226c02 to remote] DEBUG org.asynchttpclient.netty.request.NettyRequestSender - Using pooled Channel '[id: 0xd201ef19, L:/127.0.0.1:58056 - R:localhost/127.0.0.1:24464]' for 'POST' to 'http://localhost:24464/session/37b3b42499dc69d0da166a6252226c02/element/f.2078F455E2103FCD683A20B3BB3CB047.d.0A24E9858953EF61A310EF75C3A4AB91.e.55/value'
14:56:52.519 [Forwarding sendKeysToElement on session 37b3b42499dc69d0da166a6252226c02 to remote] DEBUG org.asynchttpclient.netty.request.NettyRequestSender - Using open Channel [id: 0xd201ef19, L:/127.0.0.1:58056 - R:localhost/127.0.0.1:24464] for POST '/session/37b3b42499dc69d0da166a6252226c02/element/f.2078F455E2103FCD683A20B3BB3CB047.d.0A24E9858953EF61A310EF75C3A4AB91.e.55/value'
14:56:52.738 [AsyncHttpClient-1-8] DEBUG org.asynchttpclient.netty.handler.HttpHandler - 

Request DefaultHttpRequest(decodeResult: success, version: HTTP/1.1)
POST /session/37b3b42499dc69d0da166a6252226c02/element/f.2078F455E2103FCD683A20B3BB3CB047.d.0A24E9858953EF61A310EF75C3A4AB91.e.55/value HTTP/1.1
User-Agent: selenium/4.12.0 (java windows)
Content-Length: 219
Content-Type: application/json; charset=utf-8
host: localhost:24464
accept: */*

Response DefaultHttpResponse(decodeResult: success, version: HTTP/1.1)
HTTP/1.1 200 OK
Content-Length: 14
Content-Type: application/json; charset=utf-8
cache-control: no-cache

14:56:52.738 [AsyncHttpClient-1-8] DEBUG org.asynchttpclient.netty.channel.ChannelManager - Adding key: http://localhost:24464 for channel [id: 0xd201ef19, L:/127.0.0.1:58056 - R:localhost/127.0.0.1:24464]
14:56:52.738 [Forwarding screenshot on session 37b3b42499dc69d0da166a6252226c02 to remote] DEBUG org.asynchttpclient.netty.request.NettyRequestSender - Using pooled Channel '[id: 0xd201ef19, L:/127.0.0.1:58056 - R:localhost/127.0.0.1:24464]' for 'GET' to 'http://localhost:24464/session/37b3b42499dc69d0da166a6252226c02/screenshot'
14:56:52.738 [Forwarding screenshot on session 37b3b42499dc69d0da166a6252226c02 to remote] DEBUG org.asynchttpclient.netty.request.NettyRequestSender - Using open Channel [id: 0xd201ef19, L:/127.0.0.1:58056 - R:localhost/127.0.0.1:24464] for GET '/session/37b3b42499dc69d0da166a6252226c02/screenshot'
14:56:52.929 [AsyncHttpClient-1-8] DEBUG org.asynchttpclient.netty.handler.HttpHandler - 

Request DefaultFullHttpRequest(decodeResult: success, version: HTTP/1.1, content: EmptyByteBufBE)
GET /session/37b3b42499dc69d0da166a6252226c02/screenshot HTTP/1.1
Cache-Control: no-cache
User-Agent: selenium/4.12.0 (java windows)
Content-Type: application/json; charset=utf-8
host: localhost:24464
accept: */*

Response DefaultHttpResponse(decodeResult: success, version: HTTP/1.1)
HTTP/1.1 200 OK
Content-Length: 329372
Content-Type: application/json; charset=utf-8
cache-control: no-cache

14:56:52.929 [AsyncHttpClient-1-8] DEBUG org.asynchttpclient.netty.channel.ChannelManager - Adding key: http://localhost:24464 for channel [id: 0xd201ef19, L:/127.0.0.1:58056 - R:localhost/127.0.0.1:24464]
  And Provide the contact Details9865768576 royal@mail.com       # StepDefination.Customer_onboarding.Provide_the_contact_Details(java.lang.String,java.lang.String)
14:56:52.956 [Forwarding findElement on session 37b3b42499dc69d0da166a6252226c02 to remote] DEBUG org.asynchttpclient.netty.request.NettyRequestSender - Using pooled Channel '[id: 0xd201ef19, L:/127.0.0.1:58056 - R:localhost/127.0.0.1:24464]' for 'POST' to 'http://localhost:24464/session/37b3b42499dc69d0da166a6252226c02/element'
14:56:52.956 [Forwarding findElement on session 37b3b42499dc69d0da166a6252226c02 to remote] DEBUG org.asynchttpclient.netty.request.NettyRequestSender - Using open Channel [id: 0xd201ef19, L:/127.0.0.1:58056 - R:localhost/127.0.0.1:24464] for POST '/session/37b3b42499dc69d0da166a6252226c02/element'
14:56:52.965 [AsyncHttpClient-1-8] DEBUG org.asynchttpclient.netty.handler.HttpHandler - 

Request DefaultHttpRequest(decodeResult: success, version: HTTP/1.1)
POST /session/37b3b42499dc69d0da166a6252226c02/element HTTP/1.1
User-Agent: selenium/4.12.0 (java windows)
Content-Length: 88
Content-Type: application/json; charset=utf-8
host: localhost:24464
accept: */*

Response DefaultHttpResponse(decodeResult: success, version: HTTP/1.1)
HTTP/1.1 200 OK
Content-Length: 126
Content-Type: application/json; charset=utf-8
cache-control: no-cache

14:56:52.965 [AsyncHttpClient-1-8] DEBUG org.asynchttpclient.netty.channel.ChannelManager - Adding key: http://localhost:24464 for channel [id: 0xd201ef19, L:/127.0.0.1:58056 - R:localhost/127.0.0.1:24464]
14:56:52.976 [Forwarding sendKeysToElement on session 37b3b42499dc69d0da166a6252226c02 to remote] DEBUG org.asynchttpclient.netty.request.NettyRequestSender - Using pooled Channel '[id: 0xd201ef19, L:/127.0.0.1:58056 - R:localhost/127.0.0.1:24464]' for 'POST' to 'http://localhost:24464/session/37b3b42499dc69d0da166a6252226c02/element/f.2078F455E2103FCD683A20B3BB3CB047.d.0A24E9858953EF61A310EF75C3A4AB91.e.58/value'
14:56:52.976 [Forwarding sendKeysToElement on session 37b3b42499dc69d0da166a6252226c02 to remote] DEBUG org.asynchttpclient.netty.request.NettyRequestSender - Using open Channel [id: 0xd201ef19, L:/127.0.0.1:58056 - R:localhost/127.0.0.1:24464] for POST '/session/37b3b42499dc69d0da166a6252226c02/element/f.2078F455E2103FCD683A20B3BB3CB047.d.0A24E9858953EF61A310EF75C3A4AB91.e.58/value'
14:56:53.217 [AsyncHttpClient-1-8] DEBUG org.asynchttpclient.netty.handler.HttpHandler - 

Request DefaultHttpRequest(decodeResult: success, version: HTTP/1.1)
POST /session/37b3b42499dc69d0da166a6252226c02/element/f.2078F455E2103FCD683A20B3BB3CB047.d.0A24E9858953EF61A310EF75C3A4AB91.e.58/value HTTP/1.1
User-Agent: selenium/4.12.0 (java windows)
Content-Length: 259
Content-Type: application/json; charset=utf-8
host: localhost:24464
accept: */*

Response DefaultHttpResponse(decodeResult: success, version: HTTP/1.1)
HTTP/1.1 200 OK
Content-Length: 14
Content-Type: application/json; charset=utf-8
cache-control: no-cache

14:56:53.217 [AsyncHttpClient-1-8] DEBUG org.asynchttpclient.netty.channel.ChannelManager - Adding key: http://localhost:24464 for channel [id: 0xd201ef19, L:/127.0.0.1:58056 - R:localhost/127.0.0.1:24464]
14:56:53.221 [Forwarding findElement on session 37b3b42499dc69d0da166a6252226c02 to remote] DEBUG org.asynchttpclient.netty.request.NettyRequestSender - Using pooled Channel '[id: 0xd201ef19, L:/127.0.0.1:58056 - R:localhost/127.0.0.1:24464]' for 'POST' to 'http://localhost:24464/session/37b3b42499dc69d0da166a6252226c02/element'
14:56:53.221 [Forwarding findElement on session 37b3b42499dc69d0da166a6252226c02 to remote] DEBUG org.asynchttpclient.netty.request.NettyRequestSender - Using open Channel [id: 0xd201ef19, L:/127.0.0.1:58056 - R:localhost/127.0.0.1:24464] for POST '/session/37b3b42499dc69d0da166a6252226c02/element'
14:56:53.245 [AsyncHttpClient-1-8] DEBUG org.asynchttpclient.netty.handler.HttpHandler - 

Request DefaultHttpRequest(decodeResult: success, version: HTTP/1.1)
POST /session/37b3b42499dc69d0da166a6252226c02/element HTTP/1.1
User-Agent: selenium/4.12.0 (java windows)
Content-Length: 75
Content-Type: application/json; charset=utf-8
host: localhost:24464
accept: */*

Response DefaultHttpResponse(decodeResult: success, version: HTTP/1.1)
HTTP/1.1 200 OK
Content-Length: 126
Content-Type: application/json; charset=utf-8
cache-control: no-cache

14:56:53.245 [AsyncHttpClient-1-8] DEBUG org.asynchttpclient.netty.channel.ChannelManager - Adding key: http://localhost:24464 for channel [id: 0xd201ef19, L:/127.0.0.1:58056 - R:localhost/127.0.0.1:24464]
14:56:53.250 [Forwarding sendKeysToElement on session 37b3b42499dc69d0da166a6252226c02 to remote] DEBUG org.asynchttpclient.netty.request.NettyRequestSender - Using pooled Channel '[id: 0xd201ef19, L:/127.0.0.1:58056 - R:localhost/127.0.0.1:24464]' for 'POST' to 'http://localhost:24464/session/37b3b42499dc69d0da166a6252226c02/element/f.2078F455E2103FCD683A20B3BB3CB047.d.0A24E9858953EF61A310EF75C3A4AB91.e.59/value'
14:56:53.250 [Forwarding sendKeysToElement on session 37b3b42499dc69d0da166a6252226c02 to remote] DEBUG org.asynchttpclient.netty.request.NettyRequestSender - Using open Channel [id: 0xd201ef19, L:/127.0.0.1:58056 - R:localhost/127.0.0.1:24464] for POST '/session/37b3b42499dc69d0da166a6252226c02/element/f.2078F455E2103FCD683A20B3BB3CB047.d.0A24E9858953EF61A310EF75C3A4AB91.e.59/value'
14:56:53.283 [AsyncHttpClient-1-1] DEBUG org.asynchttpclient.netty.channel.DefaultChannelPool - Entry count for : http://localhost:58057 : 1
14:56:53.352 [AsyncHttpClient-1-8] DEBUG org.asynchttpclient.netty.handler.HttpHandler - 

Request DefaultHttpRequest(decodeResult: success, version: HTTP/1.1)
POST /session/37b3b42499dc69d0da166a6252226c02/element/f.2078F455E2103FCD683A20B3BB3CB047.d.0A24E9858953EF61A310EF75C3A4AB91.e.59/value HTTP/1.1
User-Agent: selenium/4.12.0 (java windows)
Content-Length: 139
Content-Type: application/json; charset=utf-8
host: localhost:24464
accept: */*

Response DefaultHttpResponse(decodeResult: success, version: HTTP/1.1)
HTTP/1.1 200 OK
Content-Length: 14
Content-Type: application/json; charset=utf-8
cache-control: no-cache

14:56:53.352 [AsyncHttpClient-1-8] DEBUG org.asynchttpclient.netty.channel.ChannelManager - Adding key: http://localhost:24464 for channel [id: 0xd201ef19, L:/127.0.0.1:58056 - R:localhost/127.0.0.1:24464]
14:56:53.352 [Forwarding findElement on session 37b3b42499dc69d0da166a6252226c02 to remote] DEBUG org.asynchttpclient.netty.request.NettyRequestSender - Using pooled Channel '[id: 0xd201ef19, L:/127.0.0.1:58056 - R:localhost/127.0.0.1:24464]' for 'POST' to 'http://localhost:24464/session/37b3b42499dc69d0da166a6252226c02/element'
14:56:53.352 [Forwarding findElement on session 37b3b42499dc69d0da166a6252226c02 to remote] DEBUG org.asynchttpclient.netty.request.NettyRequestSender - Using open Channel [id: 0xd201ef19, L:/127.0.0.1:58056 - R:localhost/127.0.0.1:24464] for POST '/session/37b3b42499dc69d0da166a6252226c02/element'
14:56:53.375 [AsyncHttpClient-1-8] DEBUG org.asynchttpclient.netty.handler.HttpHandler - 

Request DefaultHttpRequest(decodeResult: success, version: HTTP/1.1)
POST /session/37b3b42499dc69d0da166a6252226c02/element HTTP/1.1
User-Agent: selenium/4.12.0 (java windows)
Content-Length: 90
Content-Type: application/json; charset=utf-8
host: localhost:24464
accept: */*

Response DefaultHttpResponse(decodeResult: success, version: HTTP/1.1)
HTTP/1.1 200 OK
Content-Length: 126
Content-Type: application/json; charset=utf-8
cache-control: no-cache

14:56:53.375 [AsyncHttpClient-1-8] DEBUG org.asynchttpclient.netty.channel.ChannelManager - Adding key: http://localhost:24464 for channel [id: 0xd201ef19, L:/127.0.0.1:58056 - R:localhost/127.0.0.1:24464]
14:56:53.378 [Forwarding sendKeysToElement on session 37b3b42499dc69d0da166a6252226c02 to remote] DEBUG org.asynchttpclient.netty.request.NettyRequestSender - Using pooled Channel '[id: 0xd201ef19, L:/127.0.0.1:58056 - R:localhost/127.0.0.1:24464]' for 'POST' to 'http://localhost:24464/session/37b3b42499dc69d0da166a6252226c02/element/f.2078F455E2103FCD683A20B3BB3CB047.d.0A24E9858953EF61A310EF75C3A4AB91.e.60/value'
14:56:53.378 [Forwarding sendKeysToElement on session 37b3b42499dc69d0da166a6252226c02 to remote] DEBUG org.asynchttpclient.netty.request.NettyRequestSender - Using open Channel [id: 0xd201ef19, L:/127.0.0.1:58056 - R:localhost/127.0.0.1:24464] for POST '/session/37b3b42499dc69d0da166a6252226c02/element/f.2078F455E2103FCD683A20B3BB3CB047.d.0A24E9858953EF61A310EF75C3A4AB91.e.60/value'
14:56:53.471 [AsyncHttpClient-1-8] DEBUG org.asynchttpclient.netty.handler.HttpHandler - 

Request DefaultHttpRequest(decodeResult: success, version: HTTP/1.1)
POST /session/37b3b42499dc69d0da166a6252226c02/element/f.2078F455E2103FCD683A20B3BB3CB047.d.0A24E9858953EF61A310EF75C3A4AB91.e.60/value HTTP/1.1
User-Agent: selenium/4.12.0 (java windows)
Content-Length: 139
Content-Type: application/json; charset=utf-8
host: localhost:24464
accept: */*

Response DefaultHttpResponse(decodeResult: success, version: HTTP/1.1)
HTTP/1.1 200 OK
Content-Length: 14
Content-Type: application/json; charset=utf-8
cache-control: no-cache

14:56:53.471 [AsyncHttpClient-1-8] DEBUG org.asynchttpclient.netty.channel.ChannelManager - Adding key: http://localhost:24464 for channel [id: 0xd201ef19, L:/127.0.0.1:58056 - R:localhost/127.0.0.1:24464]
14:56:53.471 [Forwarding findElement on session 37b3b42499dc69d0da166a6252226c02 to remote] DEBUG org.asynchttpclient.netty.request.NettyRequestSender - Using pooled Channel '[id: 0xd201ef19, L:/127.0.0.1:58056 - R:localhost/127.0.0.1:24464]' for 'POST' to 'http://localhost:24464/session/37b3b42499dc69d0da166a6252226c02/element'
14:56:53.471 [Forwarding findElement on session 37b3b42499dc69d0da166a6252226c02 to remote] DEBUG org.asynchttpclient.netty.request.NettyRequestSender - Using open Channel [id: 0xd201ef19, L:/127.0.0.1:58056 - R:localhost/127.0.0.1:24464] for POST '/session/37b3b42499dc69d0da166a6252226c02/element'
14:56:53.490 [AsyncHttpClient-1-8] DEBUG org.asynchttpclient.netty.handler.HttpHandler - 

Request DefaultHttpRequest(decodeResult: success, version: HTTP/1.1)
POST /session/37b3b42499dc69d0da166a6252226c02/element HTTP/1.1
User-Agent: selenium/4.12.0 (java windows)
Content-Length: 96
Content-Type: application/json; charset=utf-8
host: localhost:24464
accept: */*

Response DefaultHttpResponse(decodeResult: success, version: HTTP/1.1)
HTTP/1.1 200 OK
Content-Length: 126
Content-Type: application/json; charset=utf-8
cache-control: no-cache

14:56:53.490 [AsyncHttpClient-1-8] DEBUG org.asynchttpclient.netty.channel.ChannelManager - Adding key: http://localhost:24464 for channel [id: 0xd201ef19, L:/127.0.0.1:58056 - R:localhost/127.0.0.1:24464]
14:56:53.490 [Forwarding sendKeysToElement on session 37b3b42499dc69d0da166a6252226c02 to remote] DEBUG org.asynchttpclient.netty.request.NettyRequestSender - Using pooled Channel '[id: 0xd201ef19, L:/127.0.0.1:58056 - R:localhost/127.0.0.1:24464]' for 'POST' to 'http://localhost:24464/session/37b3b42499dc69d0da166a6252226c02/element/f.2078F455E2103FCD683A20B3BB3CB047.d.0A24E9858953EF61A310EF75C3A4AB91.e.61/value'
14:56:53.490 [Forwarding sendKeysToElement on session 37b3b42499dc69d0da166a6252226c02 to remote] DEBUG org.asynchttpclient.netty.request.NettyRequestSender - Using open Channel [id: 0xd201ef19, L:/127.0.0.1:58056 - R:localhost/127.0.0.1:24464] for POST '/session/37b3b42499dc69d0da166a6252226c02/element/f.2078F455E2103FCD683A20B3BB3CB047.d.0A24E9858953EF61A310EF75C3A4AB91.e.61/value'
14:56:53.638 [AsyncHttpClient-1-8] DEBUG org.asynchttpclient.netty.handler.HttpHandler - 

Request DefaultHttpRequest(decodeResult: success, version: HTTP/1.1)
POST /session/37b3b42499dc69d0da166a6252226c02/element/f.2078F455E2103FCD683A20B3BB3CB047.d.0A24E9858953EF61A310EF75C3A4AB91.e.61/value HTTP/1.1
User-Agent: selenium/4.12.0 (java windows)
Content-Length: 179
Content-Type: application/json; charset=utf-8
host: localhost:24464
accept: */*

Response DefaultHttpResponse(decodeResult: success, version: HTTP/1.1)
HTTP/1.1 200 OK
Content-Length: 14
Content-Type: application/json; charset=utf-8
cache-control: no-cache

14:56:53.638 [AsyncHttpClient-1-8] DEBUG org.asynchttpclient.netty.channel.ChannelManager - Adding key: http://localhost:24464 for channel [id: 0xd201ef19, L:/127.0.0.1:58056 - R:localhost/127.0.0.1:24464]
14:56:53.642 [Forwarding findElement on session 37b3b42499dc69d0da166a6252226c02 to remote] DEBUG org.asynchttpclient.netty.request.NettyRequestSender - Using pooled Channel '[id: 0xd201ef19, L:/127.0.0.1:58056 - R:localhost/127.0.0.1:24464]' for 'POST' to 'http://localhost:24464/session/37b3b42499dc69d0da166a6252226c02/element'
14:56:53.642 [Forwarding findElement on session 37b3b42499dc69d0da166a6252226c02 to remote] DEBUG org.asynchttpclient.netty.request.NettyRequestSender - Using open Channel [id: 0xd201ef19, L:/127.0.0.1:58056 - R:localhost/127.0.0.1:24464] for POST '/session/37b3b42499dc69d0da166a6252226c02/element'
14:56:53.660 [AsyncHttpClient-1-8] DEBUG org.asynchttpclient.netty.handler.HttpHandler - 

Request DefaultHttpRequest(decodeResult: success, version: HTTP/1.1)
POST /session/37b3b42499dc69d0da166a6252226c02/element HTTP/1.1
User-Agent: selenium/4.12.0 (java windows)
Content-Length: 78
Content-Type: application/json; charset=utf-8
host: localhost:24464
accept: */*

Response DefaultHttpResponse(decodeResult: success, version: HTTP/1.1)
HTTP/1.1 200 OK
Content-Length: 126
Content-Type: application/json; charset=utf-8
cache-control: no-cache

14:56:53.660 [AsyncHttpClient-1-8] DEBUG org.asynchttpclient.netty.channel.ChannelManager - Adding key: http://localhost:24464 for channel [id: 0xd201ef19, L:/127.0.0.1:58056 - R:localhost/127.0.0.1:24464]
14:56:53.660 [Forwarding sendKeysToElement on session 37b3b42499dc69d0da166a6252226c02 to remote] DEBUG org.asynchttpclient.netty.request.NettyRequestSender - Using pooled Channel '[id: 0xd201ef19, L:/127.0.0.1:58056 - R:localhost/127.0.0.1:24464]' for 'POST' to 'http://localhost:24464/session/37b3b42499dc69d0da166a6252226c02/element/f.2078F455E2103FCD683A20B3BB3CB047.d.0A24E9858953EF61A310EF75C3A4AB91.e.62/value'
14:56:53.660 [Forwarding sendKeysToElement on session 37b3b42499dc69d0da166a6252226c02 to remote] DEBUG org.asynchttpclient.netty.request.NettyRequestSender - Using open Channel [id: 0xd201ef19, L:/127.0.0.1:58056 - R:localhost/127.0.0.1:24464] for POST '/session/37b3b42499dc69d0da166a6252226c02/element/f.2078F455E2103FCD683A20B3BB3CB047.d.0A24E9858953EF61A310EF75C3A4AB91.e.62/value'
14:56:53.767 [AsyncHttpClient-1-8] DEBUG org.asynchttpclient.netty.handler.HttpHandler - 

Request DefaultHttpRequest(decodeResult: success, version: HTTP/1.1)
POST /session/37b3b42499dc69d0da166a6252226c02/element/f.2078F455E2103FCD683A20B3BB3CB047.d.0A24E9858953EF61A310EF75C3A4AB91.e.62/value HTTP/1.1
User-Agent: selenium/4.12.0 (java windows)
Content-Length: 149
Content-Type: application/json; charset=utf-8
host: localhost:24464
accept: */*

Response DefaultHttpResponse(decodeResult: success, version: HTTP/1.1)
HTTP/1.1 200 OK
Content-Length: 14
Content-Type: application/json; charset=utf-8
cache-control: no-cache

14:56:53.767 [AsyncHttpClient-1-8] DEBUG org.asynchttpclient.netty.channel.ChannelManager - Adding key: http://localhost:24464 for channel [id: 0xd201ef19, L:/127.0.0.1:58056 - R:localhost/127.0.0.1:24464]
14:56:54.282 [Forwarding screenshot on session 37b3b42499dc69d0da166a6252226c02 to remote] DEBUG org.asynchttpclient.netty.request.NettyRequestSender - Using pooled Channel '[id: 0xd201ef19, L:/127.0.0.1:58056 - R:localhost/127.0.0.1:24464]' for 'GET' to 'http://localhost:24464/session/37b3b42499dc69d0da166a6252226c02/screenshot'
14:56:54.282 [Forwarding screenshot on session 37b3b42499dc69d0da166a6252226c02 to remote] DEBUG org.asynchttpclient.netty.request.NettyRequestSender - Using open Channel [id: 0xd201ef19, L:/127.0.0.1:58056 - R:localhost/127.0.0.1:24464] for GET '/session/37b3b42499dc69d0da166a6252226c02/screenshot'
14:56:54.370 [AsyncHttpClient-1-1] DEBUG org.asynchttpclient.netty.channel.DefaultChannelPool - Entry count for : http://localhost:58057 : 1
14:56:54.449 [AsyncHttpClient-1-8] DEBUG org.asynchttpclient.netty.handler.HttpHandler - 

Request DefaultFullHttpRequest(decodeResult: success, version: HTTP/1.1, content: EmptyByteBufBE)
GET /session/37b3b42499dc69d0da166a6252226c02/screenshot HTTP/1.1
Cache-Control: no-cache
User-Agent: selenium/4.12.0 (java windows)
Content-Type: application/json; charset=utf-8
host: localhost:24464
accept: */*

Response DefaultHttpResponse(decodeResult: success, version: HTTP/1.1)
HTTP/1.1 200 OK
Content-Length: 316864
Content-Type: application/json; charset=utf-8
cache-control: no-cache

14:56:54.449 [AsyncHttpClient-1-8] DEBUG org.asynchttpclient.netty.channel.ChannelManager - Adding key: http://localhost:24464 for channel [id: 0xd201ef19, L:/127.0.0.1:58056 - R:localhost/127.0.0.1:24464]
  And Provide the Address DetailsMain_street001 YK FL 987678 USA # StepDefination.Customer_onboarding.Provide_the_address_Details(java.lang.String,java.lang.String,java.lang.String,java.lang.String,java.lang.String)
14:56:55.483 [AsyncHttpClient-1-1] DEBUG org.asynchttpclient.netty.channel.DefaultChannelPool - Entry count for : http://localhost:24464 : 1
14:56:55.483 [AsyncHttpClient-1-1] DEBUG org.asynchttpclient.netty.channel.DefaultChannelPool - Entry count for : http://localhost:58057 : 1
14:56:55.483 [Forwarding findElement on session 37b3b42499dc69d0da166a6252226c02 to remote] DEBUG org.asynchttpclient.netty.request.NettyRequestSender - Using pooled Channel '[id: 0xd201ef19, L:/127.0.0.1:58056 - R:localhost/127.0.0.1:24464]' for 'POST' to 'http://localhost:24464/session/37b3b42499dc69d0da166a6252226c02/element'
14:56:55.483 [Forwarding findElement on session 37b3b42499dc69d0da166a6252226c02 to remote] DEBUG org.asynchttpclient.netty.request.NettyRequestSender - Using open Channel [id: 0xd201ef19, L:/127.0.0.1:58056 - R:localhost/127.0.0.1:24464] for POST '/session/37b3b42499dc69d0da166a6252226c02/element'
14:56:55.500 [AsyncHttpClient-1-8] DEBUG org.asynchttpclient.netty.handler.HttpHandler - 

Request DefaultHttpRequest(decodeResult: success, version: HTTP/1.1)
POST /session/37b3b42499dc69d0da166a6252226c02/element HTTP/1.1
User-Agent: selenium/4.12.0 (java windows)
Content-Length: 72
Content-Type: application/json; charset=utf-8
host: localhost:24464
accept: */*

Response DefaultHttpResponse(decodeResult: success, version: HTTP/1.1)
HTTP/1.1 200 OK
Content-Length: 126
Content-Type: application/json; charset=utf-8
cache-control: no-cache

14:56:55.500 [AsyncHttpClient-1-8] DEBUG org.asynchttpclient.netty.channel.ChannelManager - Adding key: http://localhost:24464 for channel [id: 0xd201ef19, L:/127.0.0.1:58056 - R:localhost/127.0.0.1:24464]
14:56:55.500 [Forwarding clickElement on session 37b3b42499dc69d0da166a6252226c02 to remote] DEBUG org.asynchttpclient.netty.request.NettyRequestSender - Using pooled Channel '[id: 0xd201ef19, L:/127.0.0.1:58056 - R:localhost/127.0.0.1:24464]' for 'POST' to 'http://localhost:24464/session/37b3b42499dc69d0da166a6252226c02/element/f.2078F455E2103FCD683A20B3BB3CB047.d.0A24E9858953EF61A310EF75C3A4AB91.e.97/click'
14:56:55.500 [Forwarding clickElement on session 37b3b42499dc69d0da166a6252226c02 to remote] DEBUG org.asynchttpclient.netty.request.NettyRequestSender - Using open Channel [id: 0xd201ef19, L:/127.0.0.1:58056 - R:localhost/127.0.0.1:24464] for POST '/session/37b3b42499dc69d0da166a6252226c02/element/f.2078F455E2103FCD683A20B3BB3CB047.d.0A24E9858953EF61A310EF75C3A4AB91.e.97/click'
14:56:55.604 [AsyncHttpClient-1-8] DEBUG org.asynchttpclient.netty.handler.HttpHandler - 

Request DefaultHttpRequest(decodeResult: success, version: HTTP/1.1)
POST /session/37b3b42499dc69d0da166a6252226c02/element/f.2078F455E2103FCD683A20B3BB3CB047.d.0A24E9858953EF61A310EF75C3A4AB91.e.97/click HTTP/1.1
User-Agent: selenium/4.12.0 (java windows)
Content-Length: 88
Content-Type: application/json; charset=utf-8
host: localhost:24464
accept: */*

Response DefaultHttpResponse(decodeResult: success, version: HTTP/1.1)
HTTP/1.1 200 OK
Content-Length: 14
Content-Type: application/json; charset=utf-8
cache-control: no-cache

14:56:55.604 [AsyncHttpClient-1-8] DEBUG org.asynchttpclient.netty.channel.ChannelManager - Adding key: http://localhost:24464 for channel [id: 0xd201ef19, L:/127.0.0.1:58056 - R:localhost/127.0.0.1:24464]
14:56:56.126 [Forwarding screenshot on session 37b3b42499dc69d0da166a6252226c02 to remote] DEBUG org.asynchttpclient.netty.request.NettyRequestSender - Using pooled Channel '[id: 0xd201ef19, L:/127.0.0.1:58056 - R:localhost/127.0.0.1:24464]' for 'GET' to 'http://localhost:24464/session/37b3b42499dc69d0da166a6252226c02/screenshot'
14:56:56.126 [Forwarding screenshot on session 37b3b42499dc69d0da166a6252226c02 to remote] DEBUG org.asynchttpclient.netty.request.NettyRequestSender - Using open Channel [id: 0xd201ef19, L:/127.0.0.1:58056 - R:localhost/127.0.0.1:24464] for GET '/session/37b3b42499dc69d0da166a6252226c02/screenshot'
14:56:56.317 [AsyncHttpClient-1-8] DEBUG org.asynchttpclient.netty.handler.HttpHandler - 

Request DefaultFullHttpRequest(decodeResult: success, version: HTTP/1.1, content: EmptyByteBufBE)
GET /session/37b3b42499dc69d0da166a6252226c02/screenshot HTTP/1.1
Cache-Control: no-cache
User-Agent: selenium/4.12.0 (java windows)
Content-Type: application/json; charset=utf-8
host: localhost:24464
accept: */*

Response DefaultHttpResponse(decodeResult: success, version: HTTP/1.1)
HTTP/1.1 200 OK
Content-Length: 316096
Content-Type: application/json; charset=utf-8
cache-control: no-cache

14:56:56.317 [AsyncHttpClient-1-8] DEBUG org.asynchttpclient.netty.channel.ChannelManager - Adding key: http://localhost:24464 for channel [id: 0xd201ef19, L:/127.0.0.1:58056 - R:localhost/127.0.0.1:24464]
  When Submit the form                                           # StepDefination.Customer_onboarding.Submit_the_form()
14:56:56.343 [Forwarding findElement on session 37b3b42499dc69d0da166a6252226c02 to remote] DEBUG org.asynchttpclient.netty.request.NettyRequestSender - Using pooled Channel '[id: 0xd201ef19, L:/127.0.0.1:58056 - R:localhost/127.0.0.1:24464]' for 'POST' to 'http://localhost:24464/session/37b3b42499dc69d0da166a6252226c02/element'
14:56:56.343 [Forwarding findElement on session 37b3b42499dc69d0da166a6252226c02 to remote] DEBUG org.asynchttpclient.netty.request.NettyRequestSender - Using open Channel [id: 0xd201ef19, L:/127.0.0.1:58056 - R:localhost/127.0.0.1:24464] for POST '/session/37b3b42499dc69d0da166a6252226c02/element'
14:56:56.360 [AsyncHttpClient-1-8] DEBUG org.asynchttpclient.netty.handler.HttpHandler - 

Request DefaultHttpRequest(decodeResult: success, version: HTTP/1.1)
POST /session/37b3b42499dc69d0da166a6252226c02/element HTTP/1.1
User-Agent: selenium/4.12.0 (java windows)
Content-Length: 137
Content-Type: application/json; charset=utf-8
host: localhost:24464
accept: */*

Response DefaultHttpResponse(decodeResult: success, version: HTTP/1.1)
HTTP/1.1 200 OK
Content-Length: 126
Content-Type: application/json; charset=utf-8
cache-control: no-cache

14:56:56.360 [AsyncHttpClient-1-8] DEBUG org.asynchttpclient.netty.channel.ChannelManager - Adding key: http://localhost:24464 for channel [id: 0xd201ef19, L:/127.0.0.1:58056 - R:localhost/127.0.0.1:24464]
14:56:56.360 [Forwarding getElementText on session 37b3b42499dc69d0da166a6252226c02 to remote] DEBUG org.asynchttpclient.netty.request.NettyRequestSender - Using pooled Channel '[id: 0xd201ef19, L:/127.0.0.1:58056 - R:localhost/127.0.0.1:24464]' for 'GET' to 'http://localhost:24464/session/37b3b42499dc69d0da166a6252226c02/element/f.2078F455E2103FCD683A20B3BB3CB047.d.0A24E9858953EF61A310EF75C3A4AB91.e.98/text'
14:56:56.360 [Forwarding getElementText on session 37b3b42499dc69d0da166a6252226c02 to remote] DEBUG org.asynchttpclient.netty.request.NettyRequestSender - Using open Channel [id: 0xd201ef19, L:/127.0.0.1:58056 - R:localhost/127.0.0.1:24464] for GET '/session/37b3b42499dc69d0da166a6252226c02/element/f.2078F455E2103FCD683A20B3BB3CB047.d.0A24E9858953EF61A310EF75C3A4AB91.e.98/text'
14:56:56.376 [AsyncHttpClient-1-8] DEBUG org.asynchttpclient.netty.handler.HttpHandler - 

Request DefaultFullHttpRequest(decodeResult: success, version: HTTP/1.1, content: EmptyByteBufBE)
GET /session/37b3b42499dc69d0da166a6252226c02/element/f.2078F455E2103FCD683A20B3BB3CB047.d.0A24E9858953EF61A310EF75C3A4AB91.e.98/text HTTP/1.1
Cache-Control: no-cache
User-Agent: selenium/4.12.0 (java windows)
Content-Type: application/json; charset=utf-8
host: localhost:24464
accept: */*

Response DefaultHttpResponse(decodeResult: success, version: HTTP/1.1)
HTTP/1.1 200 OK
Content-Length: 36
Content-Type: application/json; charset=utf-8
cache-control: no-cache

14:56:56.376 [AsyncHttpClient-1-8] DEBUG org.asynchttpclient.netty.channel.ChannelManager - Adding key: http://localhost:24464 for channel [id: 0xd201ef19, L:/127.0.0.1:58056 - R:localhost/127.0.0.1:24464]
Company Name is required
14:56:56.585 [AsyncHttpClient-1-1] DEBUG org.asynchttpclient.netty.channel.DefaultChannelPool - Entry count for : http://localhost:24464 : 1
14:56:56.585 [AsyncHttpClient-1-1] DEBUG org.asynchttpclient.netty.channel.DefaultChannelPool - Entry count for : http://localhost:58057 : 1
14:56:56.585 [AsyncHttpClient-1-1] DEBUG org.asynchttpclient.netty.channel.DefaultChannelPool - Adding Candidate expired Channel [id: 0x13b2a510, L:/127.0.0.1:58064 - R:localhost/127.0.0.1:58057] isIdleTimeoutExpired=true isRemotelyClosed=false isTtlExpired=false
14:56:56.585 [AsyncHttpClient-1-1] DEBUG org.asynchttpclient.netty.channel.DefaultChannelPool - Closing Idle Channel [id: 0x13b2a510, L:/127.0.0.1:58064 - R:localhost/127.0.0.1:58057]
14:56:56.585 [AsyncHttpClient-1-1] DEBUG org.asynchttpclient.netty.channel.DefaultChannelPool - Closed 1 connections out of 2 in 0 ms
14:56:56.585 [AsyncHttpClient-1-9] DEBUG org.asynchttpclient.netty.handler.HttpHandler - Channel Closed: [id: 0x13b2a510, L:/127.0.0.1:58064 ! R:localhost/127.0.0.1:58057] with attribute DISCARD
14:56:56.885 [Forwarding screenshot on session 37b3b42499dc69d0da166a6252226c02 to remote] DEBUG org.asynchttpclient.netty.request.NettyRequestSender - Using pooled Channel '[id: 0xd201ef19, L:/127.0.0.1:58056 - R:localhost/127.0.0.1:24464]' for 'GET' to 'http://localhost:24464/session/37b3b42499dc69d0da166a6252226c02/screenshot'
14:56:56.886 [Forwarding screenshot on session 37b3b42499dc69d0da166a6252226c02 to remote] DEBUG org.asynchttpclient.netty.request.NettyRequestSender - Using open Channel [id: 0xd201ef19, L:/127.0.0.1:58056 - R:localhost/127.0.0.1:24464] for GET '/session/37b3b42499dc69d0da166a6252226c02/screenshot'
14:56:57.052 [AsyncHttpClient-1-8] DEBUG org.asynchttpclient.netty.handler.HttpHandler - 

Request DefaultFullHttpRequest(decodeResult: success, version: HTTP/1.1, content: EmptyByteBufBE)
GET /session/37b3b42499dc69d0da166a6252226c02/screenshot HTTP/1.1
Cache-Control: no-cache
User-Agent: selenium/4.12.0 (java windows)
Content-Type: application/json; charset=utf-8
host: localhost:24464
accept: */*

Response DefaultHttpResponse(decodeResult: success, version: HTTP/1.1)
HTTP/1.1 200 OK
Content-Length: 316096
Content-Type: application/json; charset=utf-8
cache-control: no-cache

14:56:57.052 [AsyncHttpClient-1-8] DEBUG org.asynchttpclient.netty.channel.ChannelManager - Adding key: http://localhost:24464 for channel [id: 0xd201ef19, L:/127.0.0.1:58056 - R:localhost/127.0.0.1:24464]
  Then Display Error responseCompany Name is required            # StepDefination.Customer_onboarding.customerNot_added(java.lang.String)
14:56:57.084 [AsyncHttpClient-1-10] DEBUG org.asynchttpclient.netty.handler.WebSocketHandler - Channel Closed: [id: 0xd73d0a8b, L:/127.0.0.1:58065 ! R:localhost/127.0.0.1:58057] with attribute DISCARD
14:56:57.084 [Driver Command Executor] DEBUG org.asynchttpclient.netty.request.NettyRequestSender - Using pooled Channel '[id: 0xd201ef19, L:/127.0.0.1:58056 - R:localhost/127.0.0.1:24464]' for 'DELETE' to 'http://localhost:24464/session/37b3b42499dc69d0da166a6252226c02'
14:56:57.084 [Driver Command Executor] DEBUG org.asynchttpclient.netty.request.NettyRequestSender - Using open Channel [id: 0xd201ef19, L:/127.0.0.1:58056 - R:localhost/127.0.0.1:24464] for DELETE '/session/37b3b42499dc69d0da166a6252226c02'
14:56:57.305 [AsyncHttpClient-1-8] DEBUG org.asynchttpclient.netty.handler.HttpHandler - 

Request DefaultFullHttpRequest(decodeResult: success, version: HTTP/1.1, content: EmptyByteBufBE)
DELETE /session/37b3b42499dc69d0da166a6252226c02 HTTP/1.1
User-Agent: selenium/4.12.0 (java windows)
Content-Type: application/json; charset=utf-8
host: localhost:24464
accept: */*

Response DefaultHttpResponse(decodeResult: success, version: HTTP/1.1)
HTTP/1.1 200 OK
Content-Length: 14
Content-Type: application/json; charset=utf-8
cache-control: no-cache

14:56:57.305 [AsyncHttpClient-1-8] DEBUG org.asynchttpclient.netty.channel.ChannelManager - Adding key: http://localhost:24464 for channel [id: 0xd201ef19, L:/127.0.0.1:58056 - R:localhost/127.0.0.1:24464]
14:56:57.684 [AsyncHttpClient-1-1] DEBUG org.asynchttpclient.netty.channel.DefaultChannelPool - Entry count for : http://localhost:24464 : 1
14:56:57.825 [AsyncHttpClient-1-8] DEBUG org.asynchttpclient.netty.handler.HttpHandler - Channel Closed: [id: 0xd201ef19, L:/127.0.0.1:58056 ! R:localhost/127.0.0.1:24464] with attribute DISCARD
  And Close_Window                                               # StepDefination.Customer_onboarding.close_window()
]]></system-out>
    <system-err><![CDATA[Jan 15, 2025 2:55:56 PM org.openqa.selenium.devtools.CdpVersionFinder findNearestMatch
WARNING: Unable to find CDP implementation matching 131
Jan 15, 2025 2:55:56 PM org.openqa.selenium.chromium.ChromiumDriver lambda$new$5
WARNING: Unable to find version of CDP to use for 131.0.6778.265. You may need to include a dependency on a specific version of the CDP using something similar to `org.seleniumhq.selenium:selenium-devtools-v86:4.12.0` where the version ("v86") matches the version of the chromium-based browser you're using and the version number of the artifact is the same as Selenium's.
]]></system-err>
  </testcase>
  <testcase name="Add customer without Address" classname="Customer Onboarding form" time="23.028">
    <system-out><![CDATA[
Scenario Outline: Add customer without Address                # src/test/resources/Customers/Customer_form.feature:66
14:56:58.187 [AsyncHttpClient-1-11] DEBUG org.asynchttpclient.netty.channel.NettyConnectListener - Using new Channel '[id: 0x051b3e0c, L:/127.0.0.1:58127 - R:localhost/127.0.0.1:33189]' for 'POST' to '/session'
14:56:58.785 [AsyncHttpClient-1-1] DEBUG org.asynchttpclient.netty.channel.DefaultChannelPool - Entry count for : http://localhost:24464 : 1
14:56:58.785 [AsyncHttpClient-1-1] DEBUG org.asynchttpclient.netty.channel.DefaultChannelPool - Adding Candidate expired Channel [id: 0xd201ef19, L:/127.0.0.1:58056 ! R:localhost/127.0.0.1:24464] isIdleTimeoutExpired=false isRemotelyClosed=true isTtlExpired=false
14:56:58.785 [AsyncHttpClient-1-1] DEBUG org.asynchttpclient.netty.channel.DefaultChannelPool - Closing Idle Channel [id: 0xd201ef19, L:/127.0.0.1:58056 ! R:localhost/127.0.0.1:24464]
14:56:58.785 [AsyncHttpClient-1-1] DEBUG org.asynchttpclient.netty.channel.DefaultChannelPool - Closed 1 connections out of 1 in 0 ms
14:56:59.675 [AsyncHttpClient-1-11] DEBUG org.asynchttpclient.netty.handler.HttpHandler - 

Request DefaultHttpRequest(decodeResult: success, version: HTTP/1.1)
POST /session HTTP/1.1
User-Agent: selenium/4.12.0 (java windows)
Content-Length: 254
Content-Type: application/json; charset=utf-8
host: localhost:33189
accept: */*

Response DefaultHttpResponse(decodeResult: success, version: HTTP/1.1)
HTTP/1.1 200 OK
Content-Length: 887
Content-Type: application/json; charset=utf-8
cache-control: no-cache

14:56:59.675 [AsyncHttpClient-1-11] DEBUG org.asynchttpclient.netty.channel.ChannelManager - Adding key: http://localhost:33189 for channel [id: 0x051b3e0c, L:/127.0.0.1:58127 - R:localhost/127.0.0.1:33189]
14:56:59.707 [AsyncHttpClient-1-12] DEBUG org.asynchttpclient.netty.channel.NettyConnectListener - Using new Channel '[id: 0xaebc519a, L:/127.0.0.1:58136 - R:localhost/127.0.0.1:58128]' for 'GET' to '/json/version'
14:56:59.707 [AsyncHttpClient-1-12] DEBUG org.asynchttpclient.netty.handler.HttpHandler - 

Request DefaultFullHttpRequest(decodeResult: success, version: HTTP/1.1, content: EmptyByteBufBE)
GET /json/version HTTP/1.1
User-Agent: selenium/4.12.0 (java windows)
host: localhost:58128
accept: */*

Response DefaultHttpResponse(decodeResult: success, version: HTTP/1.1)
HTTP/1.1 200 OK
Content-Security-Policy: frame-ancestors 'none'
Content-Length: 424
Content-Type: application/json; charset=UTF-8

14:56:59.707 [AsyncHttpClient-1-12] DEBUG org.asynchttpclient.netty.channel.ChannelManager - Adding key: http://localhost:58128 for channel [id: 0xaebc519a, L:/127.0.0.1:58136 - R:localhost/127.0.0.1:58128]
14:56:59.724 [AsyncHttpClient-1-13] DEBUG org.asynchttpclient.netty.channel.NettyConnectListener - Using new Channel '[id: 0xbd618c3f, L:/127.0.0.1:58137 - R:localhost/127.0.0.1:58128]' for 'GET' to '/devtools/browser/408f9572-0dd7-4958-8d58-e52934dc5043'
14:56:59.724 [AsyncHttpClient-1-13] DEBUG org.asynchttpclient.netty.handler.WebSocketHandler - 

Request DefaultFullHttpRequest(decodeResult: success, version: HTTP/1.1, content: EmptyByteBufBE)
GET /devtools/browser/408f9572-0dd7-4958-8d58-e52934dc5043 HTTP/1.1
upgrade: websocket
connection: upgrade
sec-websocket-key: 9xdFgmGvSMQ1d6RmcTx8jw==
sec-websocket-version: 13
origin: http://localhost:58128
host: localhost:58128
accept: */*
user-agent: AHC/2.1

Response DefaultHttpResponse(decodeResult: success, version: HTTP/1.1)
HTTP/1.1 101 WebSocket Protocol Handshake
Upgrade: WebSocket
Connection: Upgrade
Sec-WebSocket-Accept: zN5Q4pyz+F2NukGwNmUAmhZ0NAA=

14:56:59.739 [Forwarding get on session cafbd0327f634ca805e68e031e218015 to remote] DEBUG org.asynchttpclient.netty.request.NettyRequestSender - Using pooled Channel '[id: 0x051b3e0c, L:/127.0.0.1:58127 - R:localhost/127.0.0.1:33189]' for 'POST' to 'http://localhost:33189/session/cafbd0327f634ca805e68e031e218015/url'
14:56:59.739 [Forwarding get on session cafbd0327f634ca805e68e031e218015 to remote] DEBUG org.asynchttpclient.netty.request.NettyRequestSender - Using open Channel [id: 0x051b3e0c, L:/127.0.0.1:58127 - R:localhost/127.0.0.1:33189] for POST '/session/cafbd0327f634ca805e68e031e218015/url'
14:56:59.879 [AsyncHttpClient-1-1] DEBUG org.asynchttpclient.netty.channel.DefaultChannelPool - Entry count for : http://localhost:58128 : 1
14:57:00.686 [AsyncHttpClient-1-11] DEBUG org.asynchttpclient.netty.handler.HttpHandler - 

Request DefaultHttpRequest(decodeResult: success, version: HTTP/1.1)
POST /session/cafbd0327f634ca805e68e031e218015/url HTTP/1.1
User-Agent: selenium/4.12.0 (java windows)
Content-Length: 92
Content-Type: application/json; charset=utf-8
host: localhost:33189
accept: */*

Response DefaultHttpResponse(decodeResult: success, version: HTTP/1.1)
HTTP/1.1 200 OK
Content-Length: 14
Content-Type: application/json; charset=utf-8
cache-control: no-cache

14:57:00.686 [AsyncHttpClient-1-11] DEBUG org.asynchttpclient.netty.channel.ChannelManager - Adding key: http://localhost:33189 for channel [id: 0x051b3e0c, L:/127.0.0.1:58127 - R:localhost/127.0.0.1:33189]
14:57:00.686 [Forwarding maximizeCurrentWindow on session cafbd0327f634ca805e68e031e218015 to remote] DEBUG org.asynchttpclient.netty.request.NettyRequestSender - Using pooled Channel '[id: 0x051b3e0c, L:/127.0.0.1:58127 - R:localhost/127.0.0.1:33189]' for 'POST' to 'http://localhost:33189/session/cafbd0327f634ca805e68e031e218015/window/maximize'
14:57:00.686 [Forwarding maximizeCurrentWindow on session cafbd0327f634ca805e68e031e218015 to remote] DEBUG org.asynchttpclient.netty.request.NettyRequestSender - Using open Channel [id: 0x051b3e0c, L:/127.0.0.1:58127 - R:localhost/127.0.0.1:33189] for POST '/session/cafbd0327f634ca805e68e031e218015/window/maximize'
14:57:00.741 [AsyncHttpClient-1-11] DEBUG org.asynchttpclient.netty.handler.HttpHandler - 

Request DefaultHttpRequest(decodeResult: success, version: HTTP/1.1)
POST /session/cafbd0327f634ca805e68e031e218015/window/maximize HTTP/1.1
User-Agent: selenium/4.12.0 (java windows)
Content-Length: 3
Content-Type: application/json; charset=utf-8
host: localhost:33189
accept: */*

Response DefaultHttpResponse(decodeResult: success, version: HTTP/1.1)
HTTP/1.1 200 OK
Content-Length: 51
Content-Type: application/json; charset=utf-8
cache-control: no-cache

14:57:00.741 [AsyncHttpClient-1-11] DEBUG org.asynchttpclient.netty.channel.ChannelManager - Adding key: http://localhost:33189 for channel [id: 0x051b3e0c, L:/127.0.0.1:58127 - R:localhost/127.0.0.1:33189]
14:57:00.741 [Forwarding findElement on session cafbd0327f634ca805e68e031e218015 to remote] DEBUG org.asynchttpclient.netty.request.NettyRequestSender - Using pooled Channel '[id: 0x051b3e0c, L:/127.0.0.1:58127 - R:localhost/127.0.0.1:33189]' for 'POST' to 'http://localhost:33189/session/cafbd0327f634ca805e68e031e218015/element'
14:57:00.741 [Forwarding findElement on session cafbd0327f634ca805e68e031e218015 to remote] DEBUG org.asynchttpclient.netty.request.NettyRequestSender - Using open Channel [id: 0x051b3e0c, L:/127.0.0.1:58127 - R:localhost/127.0.0.1:33189] for POST '/session/cafbd0327f634ca805e68e031e218015/element'
14:57:00.771 [AsyncHttpClient-1-11] DEBUG org.asynchttpclient.netty.handler.HttpHandler - 

Request DefaultHttpRequest(decodeResult: success, version: HTTP/1.1)
POST /session/cafbd0327f634ca805e68e031e218015/element HTTP/1.1
User-Agent: selenium/4.12.0 (java windows)
Content-Length: 69
Content-Type: application/json; charset=utf-8
host: localhost:33189
accept: */*

Response DefaultHttpResponse(decodeResult: success, version: HTTP/1.1)
HTTP/1.1 200 OK
Content-Length: 125
Content-Type: application/json; charset=utf-8
cache-control: no-cache

14:57:00.771 [AsyncHttpClient-1-11] DEBUG org.asynchttpclient.netty.channel.ChannelManager - Adding key: http://localhost:33189 for channel [id: 0x051b3e0c, L:/127.0.0.1:58127 - R:localhost/127.0.0.1:33189]
14:57:00.771 [Forwarding sendKeysToElement on session cafbd0327f634ca805e68e031e218015 to remote] DEBUG org.asynchttpclient.netty.request.NettyRequestSender - Using pooled Channel '[id: 0x051b3e0c, L:/127.0.0.1:58127 - R:localhost/127.0.0.1:33189]' for 'POST' to 'http://localhost:33189/session/cafbd0327f634ca805e68e031e218015/element/f.7D7CE35AC1D91D479CE8F4936FD3D82B.d.65730201BA5B5FFAFC08BD2F0DD40697.e.2/value'
14:57:00.771 [Forwarding sendKeysToElement on session cafbd0327f634ca805e68e031e218015 to remote] DEBUG org.asynchttpclient.netty.request.NettyRequestSender - Using open Channel [id: 0x051b3e0c, L:/127.0.0.1:58127 - R:localhost/127.0.0.1:33189] for POST '/session/cafbd0327f634ca805e68e031e218015/element/f.7D7CE35AC1D91D479CE8F4936FD3D82B.d.65730201BA5B5FFAFC08BD2F0DD40697.e.2/value'
14:57:00.972 [AsyncHttpClient-1-1] DEBUG org.asynchttpclient.netty.channel.DefaultChannelPool - Entry count for : http://localhost:58128 : 1
14:57:01.035 [AsyncHttpClient-1-11] DEBUG org.asynchttpclient.netty.handler.HttpHandler - 

Request DefaultHttpRequest(decodeResult: success, version: HTTP/1.1)
POST /session/cafbd0327f634ca805e68e031e218015/element/f.7D7CE35AC1D91D479CE8F4936FD3D82B.d.65730201BA5B5FFAFC08BD2F0DD40697.e.2/value HTTP/1.1
User-Agent: selenium/4.12.0 (java windows)
Content-Length: 338
Content-Type: application/json; charset=utf-8
host: localhost:33189
accept: */*

Response DefaultHttpResponse(decodeResult: success, version: HTTP/1.1)
HTTP/1.1 200 OK
Content-Length: 14
Content-Type: application/json; charset=utf-8
cache-control: no-cache

14:57:01.035 [AsyncHttpClient-1-11] DEBUG org.asynchttpclient.netty.channel.ChannelManager - Adding key: http://localhost:33189 for channel [id: 0x051b3e0c, L:/127.0.0.1:58127 - R:localhost/127.0.0.1:33189]
14:57:01.036 [Forwarding findElement on session cafbd0327f634ca805e68e031e218015 to remote] DEBUG org.asynchttpclient.netty.request.NettyRequestSender - Using pooled Channel '[id: 0x051b3e0c, L:/127.0.0.1:58127 - R:localhost/127.0.0.1:33189]' for 'POST' to 'http://localhost:33189/session/cafbd0327f634ca805e68e031e218015/element'
14:57:01.036 [Forwarding findElement on session cafbd0327f634ca805e68e031e218015 to remote] DEBUG org.asynchttpclient.netty.request.NettyRequestSender - Using open Channel [id: 0x051b3e0c, L:/127.0.0.1:58127 - R:localhost/127.0.0.1:33189] for POST '/session/cafbd0327f634ca805e68e031e218015/element'
14:57:01.045 [AsyncHttpClient-1-11] DEBUG org.asynchttpclient.netty.handler.HttpHandler - 

Request DefaultHttpRequest(decodeResult: success, version: HTTP/1.1)
POST /session/cafbd0327f634ca805e68e031e218015/element HTTP/1.1
User-Agent: selenium/4.12.0 (java windows)
Content-Length: 72
Content-Type: application/json; charset=utf-8
host: localhost:33189
accept: */*

Response DefaultHttpResponse(decodeResult: success, version: HTTP/1.1)
HTTP/1.1 200 OK
Content-Length: 125
Content-Type: application/json; charset=utf-8
cache-control: no-cache

14:57:01.045 [AsyncHttpClient-1-11] DEBUG org.asynchttpclient.netty.channel.ChannelManager - Adding key: http://localhost:33189 for channel [id: 0x051b3e0c, L:/127.0.0.1:58127 - R:localhost/127.0.0.1:33189]
14:57:01.051 [Forwarding sendKeysToElement on session cafbd0327f634ca805e68e031e218015 to remote] DEBUG org.asynchttpclient.netty.request.NettyRequestSender - Using pooled Channel '[id: 0x051b3e0c, L:/127.0.0.1:58127 - R:localhost/127.0.0.1:33189]' for 'POST' to 'http://localhost:33189/session/cafbd0327f634ca805e68e031e218015/element/f.7D7CE35AC1D91D479CE8F4936FD3D82B.d.65730201BA5B5FFAFC08BD2F0DD40697.e.4/value'
14:57:01.053 [Forwarding sendKeysToElement on session cafbd0327f634ca805e68e031e218015 to remote] DEBUG org.asynchttpclient.netty.request.NettyRequestSender - Using open Channel [id: 0x051b3e0c, L:/127.0.0.1:58127 - R:localhost/127.0.0.1:33189] for POST '/session/cafbd0327f634ca805e68e031e218015/element/f.7D7CE35AC1D91D479CE8F4936FD3D82B.d.65730201BA5B5FFAFC08BD2F0DD40697.e.4/value'
14:57:01.251 [AsyncHttpClient-1-11] DEBUG org.asynchttpclient.netty.handler.HttpHandler - 

Request DefaultHttpRequest(decodeResult: success, version: HTTP/1.1)
POST /session/cafbd0327f634ca805e68e031e218015/element/f.7D7CE35AC1D91D479CE8F4936FD3D82B.d.65730201BA5B5FFAFC08BD2F0DD40697.e.4/value HTTP/1.1
User-Agent: selenium/4.12.0 (java windows)
Content-Length: 208
Content-Type: application/json; charset=utf-8
host: localhost:33189
accept: */*

Response DefaultHttpResponse(decodeResult: success, version: HTTP/1.1)
HTTP/1.1 200 OK
Content-Length: 14
Content-Type: application/json; charset=utf-8
cache-control: no-cache

14:57:01.251 [AsyncHttpClient-1-11] DEBUG org.asynchttpclient.netty.channel.ChannelManager - Adding key: http://localhost:33189 for channel [id: 0x051b3e0c, L:/127.0.0.1:58127 - R:localhost/127.0.0.1:33189]
14:57:01.254 [Forwarding findElement on session cafbd0327f634ca805e68e031e218015 to remote] DEBUG org.asynchttpclient.netty.request.NettyRequestSender - Using pooled Channel '[id: 0x051b3e0c, L:/127.0.0.1:58127 - R:localhost/127.0.0.1:33189]' for 'POST' to 'http://localhost:33189/session/cafbd0327f634ca805e68e031e218015/element'
14:57:01.254 [Forwarding findElement on session cafbd0327f634ca805e68e031e218015 to remote] DEBUG org.asynchttpclient.netty.request.NettyRequestSender - Using open Channel [id: 0x051b3e0c, L:/127.0.0.1:58127 - R:localhost/127.0.0.1:33189] for POST '/session/cafbd0327f634ca805e68e031e218015/element'
14:57:01.273 [AsyncHttpClient-1-11] DEBUG org.asynchttpclient.netty.handler.HttpHandler - 

Request DefaultHttpRequest(decodeResult: success, version: HTTP/1.1)
POST /session/cafbd0327f634ca805e68e031e218015/element HTTP/1.1
User-Agent: selenium/4.12.0 (java windows)
Content-Length: 73
Content-Type: application/json; charset=utf-8
host: localhost:33189
accept: */*

Response DefaultHttpResponse(decodeResult: success, version: HTTP/1.1)
HTTP/1.1 200 OK
Content-Length: 125
Content-Type: application/json; charset=utf-8
cache-control: no-cache

14:57:01.273 [AsyncHttpClient-1-11] DEBUG org.asynchttpclient.netty.channel.ChannelManager - Adding key: http://localhost:33189 for channel [id: 0x051b3e0c, L:/127.0.0.1:58127 - R:localhost/127.0.0.1:33189]
14:57:01.273 [Forwarding clickElement on session cafbd0327f634ca805e68e031e218015 to remote] DEBUG org.asynchttpclient.netty.request.NettyRequestSender - Using pooled Channel '[id: 0x051b3e0c, L:/127.0.0.1:58127 - R:localhost/127.0.0.1:33189]' for 'POST' to 'http://localhost:33189/session/cafbd0327f634ca805e68e031e218015/element/f.7D7CE35AC1D91D479CE8F4936FD3D82B.d.65730201BA5B5FFAFC08BD2F0DD40697.e.6/click'
14:57:01.273 [Forwarding clickElement on session cafbd0327f634ca805e68e031e218015 to remote] DEBUG org.asynchttpclient.netty.request.NettyRequestSender - Using open Channel [id: 0x051b3e0c, L:/127.0.0.1:58127 - R:localhost/127.0.0.1:33189] for POST '/session/cafbd0327f634ca805e68e031e218015/element/f.7D7CE35AC1D91D479CE8F4936FD3D82B.d.65730201BA5B5FFAFC08BD2F0DD40697.e.6/click'
14:57:01.448 [AsyncHttpClient-1-11] DEBUG org.asynchttpclient.netty.handler.HttpHandler - 

Request DefaultHttpRequest(decodeResult: success, version: HTTP/1.1)
POST /session/cafbd0327f634ca805e68e031e218015/element/f.7D7CE35AC1D91D479CE8F4936FD3D82B.d.65730201BA5B5FFAFC08BD2F0DD40697.e.6/click HTTP/1.1
User-Agent: selenium/4.12.0 (java windows)
Content-Length: 87
Content-Type: application/json; charset=utf-8
host: localhost:33189
accept: */*

Response DefaultHttpResponse(decodeResult: success, version: HTTP/1.1)
HTTP/1.1 200 OK
Content-Length: 14
Content-Type: application/json; charset=utf-8
cache-control: no-cache

14:57:01.448 [AsyncHttpClient-1-11] DEBUG org.asynchttpclient.netty.channel.ChannelManager - Adding key: http://localhost:33189 for channel [id: 0x051b3e0c, L:/127.0.0.1:58127 - R:localhost/127.0.0.1:33189]
14:57:02.081 [AsyncHttpClient-1-1] DEBUG org.asynchttpclient.netty.channel.DefaultChannelPool - Entry count for : http://localhost:58128 : 1
14:57:02.081 [AsyncHttpClient-1-1] DEBUG org.asynchttpclient.netty.channel.DefaultChannelPool - Entry count for : http://localhost:33189 : 1
14:57:03.185 [AsyncHttpClient-1-1] DEBUG org.asynchttpclient.netty.channel.DefaultChannelPool - Entry count for : http://localhost:58128 : 1
14:57:03.185 [AsyncHttpClient-1-1] DEBUG org.asynchttpclient.netty.channel.DefaultChannelPool - Entry count for : http://localhost:33189 : 1
14:57:04.274 [AsyncHttpClient-1-1] DEBUG org.asynchttpclient.netty.channel.DefaultChannelPool - Entry count for : http://localhost:58128 : 1
14:57:04.274 [AsyncHttpClient-1-1] DEBUG org.asynchttpclient.netty.channel.DefaultChannelPool - Entry count for : http://localhost:33189 : 1
14:57:05.373 [AsyncHttpClient-1-1] DEBUG org.asynchttpclient.netty.channel.DefaultChannelPool - Entry count for : http://localhost:58128 : 1
14:57:05.373 [AsyncHttpClient-1-1] DEBUG org.asynchttpclient.netty.channel.DefaultChannelPool - Entry count for : http://localhost:33189 : 1
14:57:06.460 [Forwarding getCurrentUrl on session cafbd0327f634ca805e68e031e218015 to remote] DEBUG org.asynchttpclient.netty.request.NettyRequestSender - Using pooled Channel '[id: 0x051b3e0c, L:/127.0.0.1:58127 - R:localhost/127.0.0.1:33189]' for 'GET' to 'http://localhost:33189/session/cafbd0327f634ca805e68e031e218015/url'
14:57:06.460 [Forwarding getCurrentUrl on session cafbd0327f634ca805e68e031e218015 to remote] DEBUG org.asynchttpclient.netty.request.NettyRequestSender - Using open Channel [id: 0x051b3e0c, L:/127.0.0.1:58127 - R:localhost/127.0.0.1:33189] for GET '/session/cafbd0327f634ca805e68e031e218015/url'
14:57:06.468 [AsyncHttpClient-1-11] DEBUG org.asynchttpclient.netty.handler.HttpHandler - 

Request DefaultFullHttpRequest(decodeResult: success, version: HTTP/1.1, content: EmptyByteBufBE)
GET /session/cafbd0327f634ca805e68e031e218015/url HTTP/1.1
Cache-Control: no-cache
User-Agent: selenium/4.12.0 (java windows)
Content-Type: application/json; charset=utf-8
host: localhost:33189
accept: */*

Response DefaultHttpResponse(decodeResult: success, version: HTTP/1.1)
HTTP/1.1 200 OK
Content-Length: 69
Content-Type: application/json; charset=utf-8
cache-control: no-cache

14:57:06.468 [AsyncHttpClient-1-11] DEBUG org.asynchttpclient.netty.channel.ChannelManager - Adding key: http://localhost:33189 for channel [id: 0x051b3e0c, L:/127.0.0.1:58127 - R:localhost/127.0.0.1:33189]
https://fleet-manager-development.vercel.app/auth/sign-in
14:57:06.468 [Forwarding findElement on session cafbd0327f634ca805e68e031e218015 to remote] DEBUG org.asynchttpclient.netty.request.NettyRequestSender - Using pooled Channel '[id: 0x051b3e0c, L:/127.0.0.1:58127 - R:localhost/127.0.0.1:33189]' for 'POST' to 'http://localhost:33189/session/cafbd0327f634ca805e68e031e218015/element'
14:57:06.468 [Forwarding findElement on session cafbd0327f634ca805e68e031e218015 to remote] DEBUG org.asynchttpclient.netty.request.NettyRequestSender - Using open Channel [id: 0x051b3e0c, L:/127.0.0.1:58127 - R:localhost/127.0.0.1:33189] for POST '/session/cafbd0327f634ca805e68e031e218015/element'
14:57:06.475 [AsyncHttpClient-1-1] DEBUG org.asynchttpclient.netty.channel.DefaultChannelPool - Entry count for : http://localhost:58128 : 1
14:57:06.485 [AsyncHttpClient-1-11] DEBUG org.asynchttpclient.netty.handler.HttpHandler - 

Request DefaultHttpRequest(decodeResult: success, version: HTTP/1.1)
POST /session/cafbd0327f634ca805e68e031e218015/element HTTP/1.1
User-Agent: selenium/4.12.0 (java windows)
Content-Length: 66
Content-Type: application/json; charset=utf-8
host: localhost:33189
accept: */*

Response DefaultHttpResponse(decodeResult: success, version: HTTP/1.1)
HTTP/1.1 200 OK
Content-Length: 126
Content-Type: application/json; charset=utf-8
cache-control: no-cache

14:57:06.485 [AsyncHttpClient-1-11] DEBUG org.asynchttpclient.netty.channel.ChannelManager - Adding key: http://localhost:33189 for channel [id: 0x051b3e0c, L:/127.0.0.1:58127 - R:localhost/127.0.0.1:33189]
14:57:06.485 [Forwarding isElementDisplayed on session cafbd0327f634ca805e68e031e218015 to remote] DEBUG org.asynchttpclient.netty.request.NettyRequestSender - Using pooled Channel '[id: 0x051b3e0c, L:/127.0.0.1:58127 - R:localhost/127.0.0.1:33189]' for 'POST' to 'http://localhost:33189/session/cafbd0327f634ca805e68e031e218015/execute/sync'
14:57:06.485 [Forwarding isElementDisplayed on session cafbd0327f634ca805e68e031e218015 to remote] DEBUG org.asynchttpclient.netty.request.NettyRequestSender - Using open Channel [id: 0x051b3e0c, L:/127.0.0.1:58127 - R:localhost/127.0.0.1:33189] for POST '/session/cafbd0327f634ca805e68e031e218015/execute/sync'
14:57:06.508 [AsyncHttpClient-1-11] DEBUG org.asynchttpclient.netty.handler.HttpHandler - 

Request DefaultHttpRequest(decodeResult: success, version: HTTP/1.1)
POST /session/cafbd0327f634ca805e68e031e218015/execute/sync HTTP/1.1
User-Agent: selenium/4.12.0 (java windows)
Content-Length: 48734
Content-Type: application/json; charset=utf-8
host: localhost:33189
accept: */*

Response DefaultHttpResponse(decodeResult: success, version: HTTP/1.1)
HTTP/1.1 200 OK
Content-Length: 14
Content-Type: application/json; charset=utf-8
cache-control: no-cache

14:57:06.508 [AsyncHttpClient-1-11] DEBUG org.asynchttpclient.netty.channel.ChannelManager - Adding key: http://localhost:33189 for channel [id: 0x051b3e0c, L:/127.0.0.1:58127 - R:localhost/127.0.0.1:33189]
14:57:06.508 [Forwarding findElement on session cafbd0327f634ca805e68e031e218015 to remote] DEBUG org.asynchttpclient.netty.request.NettyRequestSender - Using pooled Channel '[id: 0x051b3e0c, L:/127.0.0.1:58127 - R:localhost/127.0.0.1:33189]' for 'POST' to 'http://localhost:33189/session/cafbd0327f634ca805e68e031e218015/element'
14:57:06.508 [Forwarding findElement on session cafbd0327f634ca805e68e031e218015 to remote] DEBUG org.asynchttpclient.netty.request.NettyRequestSender - Using open Channel [id: 0x051b3e0c, L:/127.0.0.1:58127 - R:localhost/127.0.0.1:33189] for POST '/session/cafbd0327f634ca805e68e031e218015/element'
14:57:06.508 [AsyncHttpClient-1-11] DEBUG org.asynchttpclient.netty.handler.HttpHandler - 

Request DefaultHttpRequest(decodeResult: success, version: HTTP/1.1)
POST /session/cafbd0327f634ca805e68e031e218015/element HTTP/1.1
User-Agent: selenium/4.12.0 (java windows)
Content-Length: 66
Content-Type: application/json; charset=utf-8
host: localhost:33189
accept: */*

Response DefaultHttpResponse(decodeResult: success, version: HTTP/1.1)
HTTP/1.1 200 OK
Content-Length: 126
Content-Type: application/json; charset=utf-8
cache-control: no-cache

14:57:06.508 [AsyncHttpClient-1-11] DEBUG org.asynchttpclient.netty.channel.ChannelManager - Adding key: http://localhost:33189 for channel [id: 0x051b3e0c, L:/127.0.0.1:58127 - R:localhost/127.0.0.1:33189]
14:57:06.508 [Forwarding getElementText on session cafbd0327f634ca805e68e031e218015 to remote] DEBUG org.asynchttpclient.netty.request.NettyRequestSender - Using pooled Channel '[id: 0x051b3e0c, L:/127.0.0.1:58127 - R:localhost/127.0.0.1:33189]' for 'GET' to 'http://localhost:33189/session/cafbd0327f634ca805e68e031e218015/element/f.7D7CE35AC1D91D479CE8F4936FD3D82B.d.65730201BA5B5FFAFC08BD2F0DD40697.e.19/text'
14:57:06.508 [Forwarding getElementText on session cafbd0327f634ca805e68e031e218015 to remote] DEBUG org.asynchttpclient.netty.request.NettyRequestSender - Using open Channel [id: 0x051b3e0c, L:/127.0.0.1:58127 - R:localhost/127.0.0.1:33189] for GET '/session/cafbd0327f634ca805e68e031e218015/element/f.7D7CE35AC1D91D479CE8F4936FD3D82B.d.65730201BA5B5FFAFC08BD2F0DD40697.e.19/text'
14:57:06.523 [AsyncHttpClient-1-11] DEBUG org.asynchttpclient.netty.handler.HttpHandler - 

Request DefaultFullHttpRequest(decodeResult: success, version: HTTP/1.1, content: EmptyByteBufBE)
GET /session/cafbd0327f634ca805e68e031e218015/element/f.7D7CE35AC1D91D479CE8F4936FD3D82B.d.65730201BA5B5FFAFC08BD2F0DD40697.e.19/text HTTP/1.1
Cache-Control: no-cache
User-Agent: selenium/4.12.0 (java windows)
Content-Type: application/json; charset=utf-8
host: localhost:33189
accept: */*

Response DefaultHttpResponse(decodeResult: success, version: HTTP/1.1)
HTTP/1.1 200 OK
Content-Length: 33
Content-Type: application/json; charset=utf-8
cache-control: no-cache

14:57:06.523 [AsyncHttpClient-1-11] DEBUG org.asynchttpclient.netty.channel.ChannelManager - Adding key: http://localhost:33189 for channel [id: 0x051b3e0c, L:/127.0.0.1:58127 - R:localhost/127.0.0.1:33189]
14:57:06.523 [Forwarding findElement on session cafbd0327f634ca805e68e031e218015 to remote] DEBUG org.asynchttpclient.netty.request.NettyRequestSender - Using pooled Channel '[id: 0x051b3e0c, L:/127.0.0.1:58127 - R:localhost/127.0.0.1:33189]' for 'POST' to 'http://localhost:33189/session/cafbd0327f634ca805e68e031e218015/element'
14:57:06.523 [Forwarding findElement on session cafbd0327f634ca805e68e031e218015 to remote] DEBUG org.asynchttpclient.netty.request.NettyRequestSender - Using open Channel [id: 0x051b3e0c, L:/127.0.0.1:58127 - R:localhost/127.0.0.1:33189] for POST '/session/cafbd0327f634ca805e68e031e218015/element'
14:57:06.542 [AsyncHttpClient-1-11] DEBUG org.asynchttpclient.netty.handler.HttpHandler - 

Request DefaultHttpRequest(decodeResult: success, version: HTTP/1.1)
POST /session/cafbd0327f634ca805e68e031e218015/element HTTP/1.1
User-Agent: selenium/4.12.0 (java windows)
Content-Length: 74
Content-Type: application/json; charset=utf-8
host: localhost:33189
accept: */*

Response DefaultHttpResponse(decodeResult: success, version: HTTP/1.1)
HTTP/1.1 200 OK
Content-Length: 126
Content-Type: application/json; charset=utf-8
cache-control: no-cache

14:57:06.542 [AsyncHttpClient-1-11] DEBUG org.asynchttpclient.netty.channel.ChannelManager - Adding key: http://localhost:33189 for channel [id: 0x051b3e0c, L:/127.0.0.1:58127 - R:localhost/127.0.0.1:33189]
14:57:06.542 [Forwarding clickElement on session cafbd0327f634ca805e68e031e218015 to remote] DEBUG org.asynchttpclient.netty.request.NettyRequestSender - Using pooled Channel '[id: 0x051b3e0c, L:/127.0.0.1:58127 - R:localhost/127.0.0.1:33189]' for 'POST' to 'http://localhost:33189/session/cafbd0327f634ca805e68e031e218015/element/f.7D7CE35AC1D91D479CE8F4936FD3D82B.d.65730201BA5B5FFAFC08BD2F0DD40697.e.20/click'
14:57:06.542 [Forwarding clickElement on session cafbd0327f634ca805e68e031e218015 to remote] DEBUG org.asynchttpclient.netty.request.NettyRequestSender - Using open Channel [id: 0x051b3e0c, L:/127.0.0.1:58127 - R:localhost/127.0.0.1:33189] for POST '/session/cafbd0327f634ca805e68e031e218015/element/f.7D7CE35AC1D91D479CE8F4936FD3D82B.d.65730201BA5B5FFAFC08BD2F0DD40697.e.20/click'
14:57:06.622 [AsyncHttpClient-1-11] DEBUG org.asynchttpclient.netty.handler.HttpHandler - 

Request DefaultHttpRequest(decodeResult: success, version: HTTP/1.1)
POST /session/cafbd0327f634ca805e68e031e218015/element/f.7D7CE35AC1D91D479CE8F4936FD3D82B.d.65730201BA5B5FFAFC08BD2F0DD40697.e.20/click HTTP/1.1
User-Agent: selenium/4.12.0 (java windows)
Content-Length: 88
Content-Type: application/json; charset=utf-8
host: localhost:33189
accept: */*

Response DefaultHttpResponse(decodeResult: success, version: HTTP/1.1)
HTTP/1.1 200 OK
Content-Length: 14
Content-Type: application/json; charset=utf-8
cache-control: no-cache

14:57:06.622 [AsyncHttpClient-1-11] DEBUG org.asynchttpclient.netty.channel.ChannelManager - Adding key: http://localhost:33189 for channel [id: 0x051b3e0c, L:/127.0.0.1:58127 - R:localhost/127.0.0.1:33189]
14:57:07.585 [AsyncHttpClient-1-1] DEBUG org.asynchttpclient.netty.channel.DefaultChannelPool - Entry count for : http://localhost:58128 : 1
14:57:07.585 [AsyncHttpClient-1-1] DEBUG org.asynchttpclient.netty.channel.DefaultChannelPool - Entry count for : http://localhost:33189 : 1
14:57:08.677 [AsyncHttpClient-1-1] DEBUG org.asynchttpclient.netty.channel.DefaultChannelPool - Entry count for : http://localhost:58128 : 1
14:57:08.677 [AsyncHttpClient-1-1] DEBUG org.asynchttpclient.netty.channel.DefaultChannelPool - Entry count for : http://localhost:33189 : 1
14:57:09.635 [Forwarding screenshot on session cafbd0327f634ca805e68e031e218015 to remote] DEBUG org.asynchttpclient.netty.request.NettyRequestSender - Using pooled Channel '[id: 0x051b3e0c, L:/127.0.0.1:58127 - R:localhost/127.0.0.1:33189]' for 'GET' to 'http://localhost:33189/session/cafbd0327f634ca805e68e031e218015/screenshot'
14:57:09.635 [Forwarding screenshot on session cafbd0327f634ca805e68e031e218015 to remote] DEBUG org.asynchttpclient.netty.request.NettyRequestSender - Using open Channel [id: 0x051b3e0c, L:/127.0.0.1:58127 - R:localhost/127.0.0.1:33189] for GET '/session/cafbd0327f634ca805e68e031e218015/screenshot'
14:57:09.777 [AsyncHttpClient-1-1] DEBUG org.asynchttpclient.netty.channel.DefaultChannelPool - Entry count for : http://localhost:58128 : 1
14:57:09.817 [AsyncHttpClient-1-11] DEBUG org.asynchttpclient.netty.handler.HttpHandler - 

Request DefaultFullHttpRequest(decodeResult: success, version: HTTP/1.1, content: EmptyByteBufBE)
GET /session/cafbd0327f634ca805e68e031e218015/screenshot HTTP/1.1
Cache-Control: no-cache
User-Agent: selenium/4.12.0 (java windows)
Content-Type: application/json; charset=utf-8
host: localhost:33189
accept: */*

Response DefaultHttpResponse(decodeResult: success, version: HTTP/1.1)
HTTP/1.1 200 OK
Content-Length: 233672
Content-Type: application/json; charset=utf-8
cache-control: no-cache

14:57:09.817 [AsyncHttpClient-1-11] DEBUG org.asynchttpclient.netty.channel.ChannelManager - Adding key: http://localhost:33189 for channel [id: 0x051b3e0c, L:/127.0.0.1:58127 - R:localhost/127.0.0.1:33189]
  Given I am on dashboardfokisaj290@edectus.com and Fleet@123 # StepDefination.Customer_onboarding.I_am_on_dashboard(java.lang.String,java.lang.String)
14:57:09.853 [Forwarding findElement on session cafbd0327f634ca805e68e031e218015 to remote] DEBUG org.asynchttpclient.netty.request.NettyRequestSender - Using pooled Channel '[id: 0x051b3e0c, L:/127.0.0.1:58127 - R:localhost/127.0.0.1:33189]' for 'POST' to 'http://localhost:33189/session/cafbd0327f634ca805e68e031e218015/element'
14:57:09.853 [Forwarding findElement on session cafbd0327f634ca805e68e031e218015 to remote] DEBUG org.asynchttpclient.netty.request.NettyRequestSender - Using open Channel [id: 0x051b3e0c, L:/127.0.0.1:58127 - R:localhost/127.0.0.1:33189] for POST '/session/cafbd0327f634ca805e68e031e218015/element'
14:57:09.884 [AsyncHttpClient-1-11] DEBUG org.asynchttpclient.netty.handler.HttpHandler - 

Request DefaultHttpRequest(decodeResult: success, version: HTTP/1.1)
POST /session/cafbd0327f634ca805e68e031e218015/element HTTP/1.1
User-Agent: selenium/4.12.0 (java windows)
Content-Length: 127
Content-Type: application/json; charset=utf-8
host: localhost:33189
accept: */*

Response DefaultHttpResponse(decodeResult: success, version: HTTP/1.1)
HTTP/1.1 200 OK
Content-Length: 126
Content-Type: application/json; charset=utf-8
cache-control: no-cache

14:57:09.884 [AsyncHttpClient-1-11] DEBUG org.asynchttpclient.netty.channel.ChannelManager - Adding key: http://localhost:33189 for channel [id: 0x051b3e0c, L:/127.0.0.1:58127 - R:localhost/127.0.0.1:33189]
14:57:09.884 [Forwarding getElementText on session cafbd0327f634ca805e68e031e218015 to remote] DEBUG org.asynchttpclient.netty.request.NettyRequestSender - Using pooled Channel '[id: 0x051b3e0c, L:/127.0.0.1:58127 - R:localhost/127.0.0.1:33189]' for 'GET' to 'http://localhost:33189/session/cafbd0327f634ca805e68e031e218015/element/f.7D7CE35AC1D91D479CE8F4936FD3D82B.d.3FAE6730702A69BC3E3D40B1F2A24FA1.e.42/text'
14:57:09.884 [Forwarding getElementText on session cafbd0327f634ca805e68e031e218015 to remote] DEBUG org.asynchttpclient.netty.request.NettyRequestSender - Using open Channel [id: 0x051b3e0c, L:/127.0.0.1:58127 - R:localhost/127.0.0.1:33189] for GET '/session/cafbd0327f634ca805e68e031e218015/element/f.7D7CE35AC1D91D479CE8F4936FD3D82B.d.3FAE6730702A69BC3E3D40B1F2A24FA1.e.42/text'
14:57:09.904 [AsyncHttpClient-1-11] DEBUG org.asynchttpclient.netty.handler.HttpHandler - 

Request DefaultFullHttpRequest(decodeResult: success, version: HTTP/1.1, content: EmptyByteBufBE)
GET /session/cafbd0327f634ca805e68e031e218015/element/f.7D7CE35AC1D91D479CE8F4936FD3D82B.d.3FAE6730702A69BC3E3D40B1F2A24FA1.e.42/text HTTP/1.1
Cache-Control: no-cache
User-Agent: selenium/4.12.0 (java windows)
Content-Type: application/json; charset=utf-8
host: localhost:33189
accept: */*

Response DefaultHttpResponse(decodeResult: success, version: HTTP/1.1)
HTTP/1.1 200 OK
Content-Length: 21
Content-Type: application/json; charset=utf-8
cache-control: no-cache

14:57:09.904 [AsyncHttpClient-1-11] DEBUG org.asynchttpclient.netty.channel.ChannelManager - Adding key: http://localhost:33189 for channel [id: 0x051b3e0c, L:/127.0.0.1:58127 - R:localhost/127.0.0.1:33189]
14:57:09.904 [Forwarding findElement on session cafbd0327f634ca805e68e031e218015 to remote] DEBUG org.asynchttpclient.netty.request.NettyRequestSender - Using pooled Channel '[id: 0x051b3e0c, L:/127.0.0.1:58127 - R:localhost/127.0.0.1:33189]' for 'POST' to 'http://localhost:33189/session/cafbd0327f634ca805e68e031e218015/element'
14:57:09.904 [Forwarding findElement on session cafbd0327f634ca805e68e031e218015 to remote] DEBUG org.asynchttpclient.netty.request.NettyRequestSender - Using open Channel [id: 0x051b3e0c, L:/127.0.0.1:58127 - R:localhost/127.0.0.1:33189] for POST '/session/cafbd0327f634ca805e68e031e218015/element'
14:57:09.923 [AsyncHttpClient-1-11] DEBUG org.asynchttpclient.netty.handler.HttpHandler - 

Request DefaultHttpRequest(decodeResult: success, version: HTTP/1.1)
POST /session/cafbd0327f634ca805e68e031e218015/element HTTP/1.1
User-Agent: selenium/4.12.0 (java windows)
Content-Length: 127
Content-Type: application/json; charset=utf-8
host: localhost:33189
accept: */*

Response DefaultHttpResponse(decodeResult: success, version: HTTP/1.1)
HTTP/1.1 200 OK
Content-Length: 126
Content-Type: application/json; charset=utf-8
cache-control: no-cache

14:57:09.923 [AsyncHttpClient-1-11] DEBUG org.asynchttpclient.netty.channel.ChannelManager - Adding key: http://localhost:33189 for channel [id: 0x051b3e0c, L:/127.0.0.1:58127 - R:localhost/127.0.0.1:33189]
14:57:09.925 [Forwarding clickElement on session cafbd0327f634ca805e68e031e218015 to remote] DEBUG org.asynchttpclient.netty.request.NettyRequestSender - Using pooled Channel '[id: 0x051b3e0c, L:/127.0.0.1:58127 - R:localhost/127.0.0.1:33189]' for 'POST' to 'http://localhost:33189/session/cafbd0327f634ca805e68e031e218015/element/f.7D7CE35AC1D91D479CE8F4936FD3D82B.d.3FAE6730702A69BC3E3D40B1F2A24FA1.e.42/click'
14:57:09.925 [Forwarding clickElement on session cafbd0327f634ca805e68e031e218015 to remote] DEBUG org.asynchttpclient.netty.request.NettyRequestSender - Using open Channel [id: 0x051b3e0c, L:/127.0.0.1:58127 - R:localhost/127.0.0.1:33189] for POST '/session/cafbd0327f634ca805e68e031e218015/element/f.7D7CE35AC1D91D479CE8F4936FD3D82B.d.3FAE6730702A69BC3E3D40B1F2A24FA1.e.42/click'
14:57:10.016 [AsyncHttpClient-1-11] DEBUG org.asynchttpclient.netty.handler.HttpHandler - 

Request DefaultHttpRequest(decodeResult: success, version: HTTP/1.1)
POST /session/cafbd0327f634ca805e68e031e218015/element/f.7D7CE35AC1D91D479CE8F4936FD3D82B.d.3FAE6730702A69BC3E3D40B1F2A24FA1.e.42/click HTTP/1.1
User-Agent: selenium/4.12.0 (java windows)
Content-Length: 88
Content-Type: application/json; charset=utf-8
host: localhost:33189
accept: */*

Response DefaultHttpResponse(decodeResult: success, version: HTTP/1.1)
HTTP/1.1 200 OK
Content-Length: 14
Content-Type: application/json; charset=utf-8
cache-control: no-cache

14:57:10.017 [AsyncHttpClient-1-11] DEBUG org.asynchttpclient.netty.channel.ChannelManager - Adding key: http://localhost:33189 for channel [id: 0x051b3e0c, L:/127.0.0.1:58127 - R:localhost/127.0.0.1:33189]
14:57:10.874 [AsyncHttpClient-1-1] DEBUG org.asynchttpclient.netty.channel.DefaultChannelPool - Entry count for : http://localhost:58128 : 1
14:57:10.874 [AsyncHttpClient-1-1] DEBUG org.asynchttpclient.netty.channel.DefaultChannelPool - Entry count for : http://localhost:33189 : 1
14:57:11.977 [AsyncHttpClient-1-1] DEBUG org.asynchttpclient.netty.channel.DefaultChannelPool - Entry count for : http://localhost:58128 : 1
14:57:11.977 [AsyncHttpClient-1-1] DEBUG org.asynchttpclient.netty.channel.DefaultChannelPool - Entry count for : http://localhost:33189 : 1
14:57:12.024 [Forwarding screenshot on session cafbd0327f634ca805e68e031e218015 to remote] DEBUG org.asynchttpclient.netty.request.NettyRequestSender - Using pooled Channel '[id: 0x051b3e0c, L:/127.0.0.1:58127 - R:localhost/127.0.0.1:33189]' for 'GET' to 'http://localhost:33189/session/cafbd0327f634ca805e68e031e218015/screenshot'
14:57:12.024 [Forwarding screenshot on session cafbd0327f634ca805e68e031e218015 to remote] DEBUG org.asynchttpclient.netty.request.NettyRequestSender - Using open Channel [id: 0x051b3e0c, L:/127.0.0.1:58127 - R:localhost/127.0.0.1:33189] for GET '/session/cafbd0327f634ca805e68e031e218015/screenshot'
14:57:12.233 [AsyncHttpClient-1-11] DEBUG org.asynchttpclient.netty.handler.HttpHandler - 

Request DefaultFullHttpRequest(decodeResult: success, version: HTTP/1.1, content: EmptyByteBufBE)
GET /session/cafbd0327f634ca805e68e031e218015/screenshot HTTP/1.1
Cache-Control: no-cache
User-Agent: selenium/4.12.0 (java windows)
Content-Type: application/json; charset=utf-8
host: localhost:33189
accept: */*

Response DefaultHttpResponse(decodeResult: success, version: HTTP/1.1)
HTTP/1.1 200 OK
Content-Length: 297576
Content-Type: application/json; charset=utf-8
cache-control: no-cache

14:57:12.233 [AsyncHttpClient-1-11] DEBUG org.asynchttpclient.netty.channel.ChannelManager - Adding key: http://localhost:33189 for channel [id: 0x051b3e0c, L:/127.0.0.1:58127 - R:localhost/127.0.0.1:33189]
14:57:12.264 [Forwarding findElement on session cafbd0327f634ca805e68e031e218015 to remote] DEBUG org.asynchttpclient.netty.request.NettyRequestSender - Using pooled Channel '[id: 0x051b3e0c, L:/127.0.0.1:58127 - R:localhost/127.0.0.1:33189]' for 'POST' to 'http://localhost:33189/session/cafbd0327f634ca805e68e031e218015/element'
14:57:12.264 [Forwarding findElement on session cafbd0327f634ca805e68e031e218015 to remote] DEBUG org.asynchttpclient.netty.request.NettyRequestSender - Using open Channel [id: 0x051b3e0c, L:/127.0.0.1:58127 - R:localhost/127.0.0.1:33189] for POST '/session/cafbd0327f634ca805e68e031e218015/element'
14:57:12.280 [AsyncHttpClient-1-11] DEBUG org.asynchttpclient.netty.handler.HttpHandler - 

Request DefaultHttpRequest(decodeResult: success, version: HTTP/1.1)
POST /session/cafbd0327f634ca805e68e031e218015/element HTTP/1.1
User-Agent: selenium/4.12.0 (java windows)
Content-Length: 178
Content-Type: application/json; charset=utf-8
host: localhost:33189
accept: */*

Response DefaultHttpResponse(decodeResult: success, version: HTTP/1.1)
HTTP/1.1 200 OK
Content-Length: 126
Content-Type: application/json; charset=utf-8
cache-control: no-cache

14:57:12.280 [AsyncHttpClient-1-11] DEBUG org.asynchttpclient.netty.channel.ChannelManager - Adding key: http://localhost:33189 for channel [id: 0x051b3e0c, L:/127.0.0.1:58127 - R:localhost/127.0.0.1:33189]
14:57:12.280 [Forwarding getElementText on session cafbd0327f634ca805e68e031e218015 to remote] DEBUG org.asynchttpclient.netty.request.NettyRequestSender - Using pooled Channel '[id: 0x051b3e0c, L:/127.0.0.1:58127 - R:localhost/127.0.0.1:33189]' for 'GET' to 'http://localhost:33189/session/cafbd0327f634ca805e68e031e218015/element/f.7D7CE35AC1D91D479CE8F4936FD3D82B.d.3FAE6730702A69BC3E3D40B1F2A24FA1.e.47/text'
14:57:12.280 [Forwarding getElementText on session cafbd0327f634ca805e68e031e218015 to remote] DEBUG org.asynchttpclient.netty.request.NettyRequestSender - Using open Channel [id: 0x051b3e0c, L:/127.0.0.1:58127 - R:localhost/127.0.0.1:33189] for GET '/session/cafbd0327f634ca805e68e031e218015/element/f.7D7CE35AC1D91D479CE8F4936FD3D82B.d.3FAE6730702A69BC3E3D40B1F2A24FA1.e.47/text'
14:57:12.296 [AsyncHttpClient-1-11] DEBUG org.asynchttpclient.netty.handler.HttpHandler - 

Request DefaultFullHttpRequest(decodeResult: success, version: HTTP/1.1, content: EmptyByteBufBE)
GET /session/cafbd0327f634ca805e68e031e218015/element/f.7D7CE35AC1D91D479CE8F4936FD3D82B.d.3FAE6730702A69BC3E3D40B1F2A24FA1.e.47/text HTTP/1.1
Cache-Control: no-cache
User-Agent: selenium/4.12.0 (java windows)
Content-Type: application/json; charset=utf-8
host: localhost:33189
accept: */*

Response DefaultHttpResponse(decodeResult: success, version: HTTP/1.1)
HTTP/1.1 200 OK
Content-Length: 28
Content-Type: application/json; charset=utf-8
cache-control: no-cache

14:57:12.296 [AsyncHttpClient-1-11] DEBUG org.asynchttpclient.netty.channel.ChannelManager - Adding key: http://localhost:33189 for channel [id: 0x051b3e0c, L:/127.0.0.1:58127 - R:localhost/127.0.0.1:33189]
14:57:12.296 [Forwarding findElement on session cafbd0327f634ca805e68e031e218015 to remote] DEBUG org.asynchttpclient.netty.request.NettyRequestSender - Using pooled Channel '[id: 0x051b3e0c, L:/127.0.0.1:58127 - R:localhost/127.0.0.1:33189]' for 'POST' to 'http://localhost:33189/session/cafbd0327f634ca805e68e031e218015/element'
14:57:12.296 [Forwarding findElement on session cafbd0327f634ca805e68e031e218015 to remote] DEBUG org.asynchttpclient.netty.request.NettyRequestSender - Using open Channel [id: 0x051b3e0c, L:/127.0.0.1:58127 - R:localhost/127.0.0.1:33189] for POST '/session/cafbd0327f634ca805e68e031e218015/element'
14:57:12.327 [AsyncHttpClient-1-11] DEBUG org.asynchttpclient.netty.handler.HttpHandler - 

Request DefaultHttpRequest(decodeResult: success, version: HTTP/1.1)
POST /session/cafbd0327f634ca805e68e031e218015/element HTTP/1.1
User-Agent: selenium/4.12.0 (java windows)
Content-Length: 178
Content-Type: application/json; charset=utf-8
host: localhost:33189
accept: */*

Response DefaultHttpResponse(decodeResult: success, version: HTTP/1.1)
HTTP/1.1 200 OK
Content-Length: 126
Content-Type: application/json; charset=utf-8
cache-control: no-cache

14:57:12.327 [AsyncHttpClient-1-11] DEBUG org.asynchttpclient.netty.channel.ChannelManager - Adding key: http://localhost:33189 for channel [id: 0x051b3e0c, L:/127.0.0.1:58127 - R:localhost/127.0.0.1:33189]
14:57:12.327 [Forwarding clickElement on session cafbd0327f634ca805e68e031e218015 to remote] DEBUG org.asynchttpclient.netty.request.NettyRequestSender - Using pooled Channel '[id: 0x051b3e0c, L:/127.0.0.1:58127 - R:localhost/127.0.0.1:33189]' for 'POST' to 'http://localhost:33189/session/cafbd0327f634ca805e68e031e218015/element/f.7D7CE35AC1D91D479CE8F4936FD3D82B.d.3FAE6730702A69BC3E3D40B1F2A24FA1.e.47/click'
14:57:12.327 [Forwarding clickElement on session cafbd0327f634ca805e68e031e218015 to remote] DEBUG org.asynchttpclient.netty.request.NettyRequestSender - Using open Channel [id: 0x051b3e0c, L:/127.0.0.1:58127 - R:localhost/127.0.0.1:33189] for POST '/session/cafbd0327f634ca805e68e031e218015/element/f.7D7CE35AC1D91D479CE8F4936FD3D82B.d.3FAE6730702A69BC3E3D40B1F2A24FA1.e.47/click'
14:57:12.424 [AsyncHttpClient-1-11] DEBUG org.asynchttpclient.netty.handler.HttpHandler - 

Request DefaultHttpRequest(decodeResult: success, version: HTTP/1.1)
POST /session/cafbd0327f634ca805e68e031e218015/element/f.7D7CE35AC1D91D479CE8F4936FD3D82B.d.3FAE6730702A69BC3E3D40B1F2A24FA1.e.47/click HTTP/1.1
User-Agent: selenium/4.12.0 (java windows)
Content-Length: 88
Content-Type: application/json; charset=utf-8
host: localhost:33189
accept: */*

Response DefaultHttpResponse(decodeResult: success, version: HTTP/1.1)
HTTP/1.1 200 OK
Content-Length: 14
Content-Type: application/json; charset=utf-8
cache-control: no-cache

14:57:12.424 [AsyncHttpClient-1-11] DEBUG org.asynchttpclient.netty.channel.ChannelManager - Adding key: http://localhost:33189 for channel [id: 0x051b3e0c, L:/127.0.0.1:58127 - R:localhost/127.0.0.1:33189]
  When Open customer form                                     # StepDefination.Customer_onboarding.Open_customer_form()
14:57:13.079 [AsyncHttpClient-1-1] DEBUG org.asynchttpclient.netty.channel.DefaultChannelPool - Entry count for : http://localhost:58128 : 1
14:57:13.079 [AsyncHttpClient-1-1] DEBUG org.asynchttpclient.netty.channel.DefaultChannelPool - Entry count for : http://localhost:33189 : 1
14:57:13.936 [Forwarding findElement on session cafbd0327f634ca805e68e031e218015 to remote] DEBUG org.asynchttpclient.netty.request.NettyRequestSender - Using pooled Channel '[id: 0x051b3e0c, L:/127.0.0.1:58127 - R:localhost/127.0.0.1:33189]' for 'POST' to 'http://localhost:33189/session/cafbd0327f634ca805e68e031e218015/element'
14:57:13.936 [Forwarding findElement on session cafbd0327f634ca805e68e031e218015 to remote] DEBUG org.asynchttpclient.netty.request.NettyRequestSender - Using open Channel [id: 0x051b3e0c, L:/127.0.0.1:58127 - R:localhost/127.0.0.1:33189] for POST '/session/cafbd0327f634ca805e68e031e218015/element'
14:57:13.952 [AsyncHttpClient-1-11] DEBUG org.asynchttpclient.netty.handler.HttpHandler - 

Request DefaultHttpRequest(decodeResult: success, version: HTTP/1.1)
POST /session/cafbd0327f634ca805e68e031e218015/element HTTP/1.1
User-Agent: selenium/4.12.0 (java windows)
Content-Length: 114
Content-Type: application/json; charset=utf-8
host: localhost:33189
accept: */*

Response DefaultHttpResponse(decodeResult: success, version: HTTP/1.1)
HTTP/1.1 200 OK
Content-Length: 126
Content-Type: application/json; charset=utf-8
cache-control: no-cache

14:57:13.952 [AsyncHttpClient-1-11] DEBUG org.asynchttpclient.netty.channel.ChannelManager - Adding key: http://localhost:33189 for channel [id: 0x051b3e0c, L:/127.0.0.1:58127 - R:localhost/127.0.0.1:33189]
14:57:13.952 [Forwarding sendKeysToElement on session cafbd0327f634ca805e68e031e218015 to remote] DEBUG org.asynchttpclient.netty.request.NettyRequestSender - Using pooled Channel '[id: 0x051b3e0c, L:/127.0.0.1:58127 - R:localhost/127.0.0.1:33189]' for 'POST' to 'http://localhost:33189/session/cafbd0327f634ca805e68e031e218015/element/f.7D7CE35AC1D91D479CE8F4936FD3D82B.d.3FAE6730702A69BC3E3D40B1F2A24FA1.e.49/value'
14:57:13.952 [Forwarding sendKeysToElement on session cafbd0327f634ca805e68e031e218015 to remote] DEBUG org.asynchttpclient.netty.request.NettyRequestSender - Using open Channel [id: 0x051b3e0c, L:/127.0.0.1:58127 - R:localhost/127.0.0.1:33189] for POST '/session/cafbd0327f634ca805e68e031e218015/element/f.7D7CE35AC1D91D479CE8F4936FD3D82B.d.3FAE6730702A69BC3E3D40B1F2A24FA1.e.49/value'
14:57:14.178 [AsyncHttpClient-1-1] DEBUG org.asynchttpclient.netty.channel.DefaultChannelPool - Entry count for : http://localhost:58128 : 1
14:57:14.266 [AsyncHttpClient-1-11] DEBUG org.asynchttpclient.netty.handler.HttpHandler - 

Request DefaultHttpRequest(decodeResult: success, version: HTTP/1.1)
POST /session/cafbd0327f634ca805e68e031e218015/element/f.7D7CE35AC1D91D479CE8F4936FD3D82B.d.3FAE6730702A69BC3E3D40B1F2A24FA1.e.49/value HTTP/1.1
User-Agent: selenium/4.12.0 (java windows)
Content-Length: 239
Content-Type: application/json; charset=utf-8
host: localhost:33189
accept: */*

Response DefaultHttpResponse(decodeResult: success, version: HTTP/1.1)
HTTP/1.1 200 OK
Content-Length: 14
Content-Type: application/json; charset=utf-8
cache-control: no-cache

14:57:14.266 [AsyncHttpClient-1-11] DEBUG org.asynchttpclient.netty.channel.ChannelManager - Adding key: http://localhost:33189 for channel [id: 0x051b3e0c, L:/127.0.0.1:58127 - R:localhost/127.0.0.1:33189]
14:57:14.273 [Forwarding screenshot on session cafbd0327f634ca805e68e031e218015 to remote] DEBUG org.asynchttpclient.netty.request.NettyRequestSender - Using pooled Channel '[id: 0x051b3e0c, L:/127.0.0.1:58127 - R:localhost/127.0.0.1:33189]' for 'GET' to 'http://localhost:33189/session/cafbd0327f634ca805e68e031e218015/screenshot'
14:57:14.273 [Forwarding screenshot on session cafbd0327f634ca805e68e031e218015 to remote] DEBUG org.asynchttpclient.netty.request.NettyRequestSender - Using open Channel [id: 0x051b3e0c, L:/127.0.0.1:58127 - R:localhost/127.0.0.1:33189] for GET '/session/cafbd0327f634ca805e68e031e218015/screenshot'
14:57:14.505 [AsyncHttpClient-1-11] DEBUG org.asynchttpclient.netty.handler.HttpHandler - 

Request DefaultFullHttpRequest(decodeResult: success, version: HTTP/1.1, content: EmptyByteBufBE)
GET /session/cafbd0327f634ca805e68e031e218015/screenshot HTTP/1.1
Cache-Control: no-cache
User-Agent: selenium/4.12.0 (java windows)
Content-Type: application/json; charset=utf-8
host: localhost:33189
accept: */*

Response DefaultHttpResponse(decodeResult: success, version: HTTP/1.1)
HTTP/1.1 200 OK
Content-Length: 327320
Content-Type: application/json; charset=utf-8
cache-control: no-cache

14:57:14.505 [AsyncHttpClient-1-11] DEBUG org.asynchttpclient.netty.channel.ChannelManager - Adding key: http://localhost:33189 for channel [id: 0x051b3e0c, L:/127.0.0.1:58127 - R:localhost/127.0.0.1:33189]
  And Provide the company nameTrail_Steels                    # StepDefination.Customer_onboarding.Provide_the_company_name(java.lang.String)
14:57:15.274 [AsyncHttpClient-1-1] DEBUG org.asynchttpclient.netty.channel.DefaultChannelPool - Entry count for : http://localhost:58128 : 1
14:57:15.274 [AsyncHttpClient-1-1] DEBUG org.asynchttpclient.netty.channel.DefaultChannelPool - Entry count for : http://localhost:33189 : 1
14:57:15.542 [Forwarding findElement on session cafbd0327f634ca805e68e031e218015 to remote] DEBUG org.asynchttpclient.netty.request.NettyRequestSender - Using pooled Channel '[id: 0x051b3e0c, L:/127.0.0.1:58127 - R:localhost/127.0.0.1:33189]' for 'POST' to 'http://localhost:33189/session/cafbd0327f634ca805e68e031e218015/element'
14:57:15.542 [Forwarding findElement on session cafbd0327f634ca805e68e031e218015 to remote] DEBUG org.asynchttpclient.netty.request.NettyRequestSender - Using open Channel [id: 0x051b3e0c, L:/127.0.0.1:58127 - R:localhost/127.0.0.1:33189] for POST '/session/cafbd0327f634ca805e68e031e218015/element'
14:57:15.558 [AsyncHttpClient-1-11] DEBUG org.asynchttpclient.netty.handler.HttpHandler - 

Request DefaultHttpRequest(decodeResult: success, version: HTTP/1.1)
POST /session/cafbd0327f634ca805e68e031e218015/element HTTP/1.1
User-Agent: selenium/4.12.0 (java windows)
Content-Length: 72
Content-Type: application/json; charset=utf-8
host: localhost:33189
accept: */*

Response DefaultHttpResponse(decodeResult: success, version: HTTP/1.1)
HTTP/1.1 200 OK
Content-Length: 126
Content-Type: application/json; charset=utf-8
cache-control: no-cache

14:57:15.558 [AsyncHttpClient-1-11] DEBUG org.asynchttpclient.netty.channel.ChannelManager - Adding key: http://localhost:33189 for channel [id: 0x051b3e0c, L:/127.0.0.1:58127 - R:localhost/127.0.0.1:33189]
14:57:15.562 [Forwarding clickElement on session cafbd0327f634ca805e68e031e218015 to remote] DEBUG org.asynchttpclient.netty.request.NettyRequestSender - Using pooled Channel '[id: 0x051b3e0c, L:/127.0.0.1:58127 - R:localhost/127.0.0.1:33189]' for 'POST' to 'http://localhost:33189/session/cafbd0327f634ca805e68e031e218015/element/f.7D7CE35AC1D91D479CE8F4936FD3D82B.d.3FAE6730702A69BC3E3D40B1F2A24FA1.e.91/click'
14:57:15.562 [Forwarding clickElement on session cafbd0327f634ca805e68e031e218015 to remote] DEBUG org.asynchttpclient.netty.request.NettyRequestSender - Using open Channel [id: 0x051b3e0c, L:/127.0.0.1:58127 - R:localhost/127.0.0.1:33189] for POST '/session/cafbd0327f634ca805e68e031e218015/element/f.7D7CE35AC1D91D479CE8F4936FD3D82B.d.3FAE6730702A69BC3E3D40B1F2A24FA1.e.91/click'
14:57:15.645 [AsyncHttpClient-1-11] DEBUG org.asynchttpclient.netty.handler.HttpHandler - 

Request DefaultHttpRequest(decodeResult: success, version: HTTP/1.1)
POST /session/cafbd0327f634ca805e68e031e218015/element/f.7D7CE35AC1D91D479CE8F4936FD3D82B.d.3FAE6730702A69BC3E3D40B1F2A24FA1.e.91/click HTTP/1.1
User-Agent: selenium/4.12.0 (java windows)
Content-Length: 88
Content-Type: application/json; charset=utf-8
host: localhost:33189
accept: */*

Response DefaultHttpResponse(decodeResult: success, version: HTTP/1.1)
HTTP/1.1 200 OK
Content-Length: 14
Content-Type: application/json; charset=utf-8
cache-control: no-cache

14:57:15.645 [AsyncHttpClient-1-11] DEBUG org.asynchttpclient.netty.channel.ChannelManager - Adding key: http://localhost:33189 for channel [id: 0x051b3e0c, L:/127.0.0.1:58127 - R:localhost/127.0.0.1:33189]
14:57:16.149 [Forwarding screenshot on session cafbd0327f634ca805e68e031e218015 to remote] DEBUG org.asynchttpclient.netty.request.NettyRequestSender - Using pooled Channel '[id: 0x051b3e0c, L:/127.0.0.1:58127 - R:localhost/127.0.0.1:33189]' for 'GET' to 'http://localhost:33189/session/cafbd0327f634ca805e68e031e218015/screenshot'
14:57:16.149 [Forwarding screenshot on session cafbd0327f634ca805e68e031e218015 to remote] DEBUG org.asynchttpclient.netty.request.NettyRequestSender - Using open Channel [id: 0x051b3e0c, L:/127.0.0.1:58127 - R:localhost/127.0.0.1:33189] for GET '/session/cafbd0327f634ca805e68e031e218015/screenshot'
14:57:16.316 [AsyncHttpClient-1-11] DEBUG org.asynchttpclient.netty.handler.HttpHandler - 

Request DefaultFullHttpRequest(decodeResult: success, version: HTTP/1.1, content: EmptyByteBufBE)
GET /session/cafbd0327f634ca805e68e031e218015/screenshot HTTP/1.1
Cache-Control: no-cache
User-Agent: selenium/4.12.0 (java windows)
Content-Type: application/json; charset=utf-8
host: localhost:33189
accept: */*

Response DefaultHttpResponse(decodeResult: success, version: HTTP/1.1)
HTTP/1.1 200 OK
Content-Length: 326180
Content-Type: application/json; charset=utf-8
cache-control: no-cache

14:57:16.316 [AsyncHttpClient-1-11] DEBUG org.asynchttpclient.netty.channel.ChannelManager - Adding key: http://localhost:33189 for channel [id: 0x051b3e0c, L:/127.0.0.1:58127 - R:localhost/127.0.0.1:33189]
  When Submit the form                                        # StepDefination.Customer_onboarding.Submit_the_form()
14:57:16.347 [Forwarding findElement on session cafbd0327f634ca805e68e031e218015 to remote] DEBUG org.asynchttpclient.netty.request.NettyRequestSender - Using pooled Channel '[id: 0x051b3e0c, L:/127.0.0.1:58127 - R:localhost/127.0.0.1:33189]' for 'POST' to 'http://localhost:33189/session/cafbd0327f634ca805e68e031e218015/element'
14:57:16.347 [Forwarding findElement on session cafbd0327f634ca805e68e031e218015 to remote] DEBUG org.asynchttpclient.netty.request.NettyRequestSender - Using open Channel [id: 0x051b3e0c, L:/127.0.0.1:58127 - R:localhost/127.0.0.1:33189] for POST '/session/cafbd0327f634ca805e68e031e218015/element'
14:57:16.352 [AsyncHttpClient-1-11] DEBUG org.asynchttpclient.netty.handler.HttpHandler - 

Request DefaultHttpRequest(decodeResult: success, version: HTTP/1.1)
POST /session/cafbd0327f634ca805e68e031e218015/element HTTP/1.1
User-Agent: selenium/4.12.0 (java windows)
Content-Length: 131
Content-Type: application/json; charset=utf-8
host: localhost:33189
accept: */*

Response DefaultHttpResponse(decodeResult: success, version: HTTP/1.1)
HTTP/1.1 200 OK
Content-Length: 126
Content-Type: application/json; charset=utf-8
cache-control: no-cache

14:57:16.363 [AsyncHttpClient-1-11] DEBUG org.asynchttpclient.netty.channel.ChannelManager - Adding key: http://localhost:33189 for channel [id: 0x051b3e0c, L:/127.0.0.1:58127 - R:localhost/127.0.0.1:33189]
14:57:16.364 [Forwarding getElementText on session cafbd0327f634ca805e68e031e218015 to remote] DEBUG org.asynchttpclient.netty.request.NettyRequestSender - Using pooled Channel '[id: 0x051b3e0c, L:/127.0.0.1:58127 - R:localhost/127.0.0.1:33189]' for 'GET' to 'http://localhost:33189/session/cafbd0327f634ca805e68e031e218015/element/f.7D7CE35AC1D91D479CE8F4936FD3D82B.d.3FAE6730702A69BC3E3D40B1F2A24FA1.e.92/text'
14:57:16.364 [Forwarding getElementText on session cafbd0327f634ca805e68e031e218015 to remote] DEBUG org.asynchttpclient.netty.request.NettyRequestSender - Using open Channel [id: 0x051b3e0c, L:/127.0.0.1:58127 - R:localhost/127.0.0.1:33189] for GET '/session/cafbd0327f634ca805e68e031e218015/element/f.7D7CE35AC1D91D479CE8F4936FD3D82B.d.3FAE6730702A69BC3E3D40B1F2A24FA1.e.92/text'
14:57:16.367 [AsyncHttpClient-1-11] DEBUG org.asynchttpclient.netty.handler.HttpHandler - 

Request DefaultFullHttpRequest(decodeResult: success, version: HTTP/1.1, content: EmptyByteBufBE)
GET /session/cafbd0327f634ca805e68e031e218015/element/f.7D7CE35AC1D91D479CE8F4936FD3D82B.d.3FAE6730702A69BC3E3D40B1F2A24FA1.e.92/text HTTP/1.1
Cache-Control: no-cache
User-Agent: selenium/4.12.0 (java windows)
Content-Type: application/json; charset=utf-8
host: localhost:33189
accept: */*

Response DefaultHttpResponse(decodeResult: success, version: HTTP/1.1)
HTTP/1.1 200 OK
Content-Length: 30
Content-Type: application/json; charset=utf-8
cache-control: no-cache

14:57:16.375 [AsyncHttpClient-1-11] DEBUG org.asynchttpclient.netty.channel.ChannelManager - Adding key: http://localhost:33189 for channel [id: 0x051b3e0c, L:/127.0.0.1:58127 - R:localhost/127.0.0.1:33189]
Street is required
14:57:16.380 [AsyncHttpClient-1-1] DEBUG org.asynchttpclient.netty.channel.DefaultChannelPool - Entry count for : http://localhost:58128 : 1
14:57:16.380 [AsyncHttpClient-1-1] DEBUG org.asynchttpclient.netty.channel.DefaultChannelPool - Entry count for : http://localhost:33189 : 1
14:57:16.885 [Forwarding screenshot on session cafbd0327f634ca805e68e031e218015 to remote] DEBUG org.asynchttpclient.netty.request.NettyRequestSender - Using pooled Channel '[id: 0x051b3e0c, L:/127.0.0.1:58127 - R:localhost/127.0.0.1:33189]' for 'GET' to 'http://localhost:33189/session/cafbd0327f634ca805e68e031e218015/screenshot'
14:57:16.885 [Forwarding screenshot on session cafbd0327f634ca805e68e031e218015 to remote] DEBUG org.asynchttpclient.netty.request.NettyRequestSender - Using open Channel [id: 0x051b3e0c, L:/127.0.0.1:58127 - R:localhost/127.0.0.1:33189] for GET '/session/cafbd0327f634ca805e68e031e218015/screenshot'
14:57:17.051 [AsyncHttpClient-1-11] DEBUG org.asynchttpclient.netty.handler.HttpHandler - 

Request DefaultFullHttpRequest(decodeResult: success, version: HTTP/1.1, content: EmptyByteBufBE)
GET /session/cafbd0327f634ca805e68e031e218015/screenshot HTTP/1.1
Cache-Control: no-cache
User-Agent: selenium/4.12.0 (java windows)
Content-Type: application/json; charset=utf-8
host: localhost:33189
accept: */*

Response DefaultHttpResponse(decodeResult: success, version: HTTP/1.1)
HTTP/1.1 200 OK
Content-Length: 326180
Content-Type: application/json; charset=utf-8
cache-control: no-cache

14:57:17.051 [AsyncHttpClient-1-11] DEBUG org.asynchttpclient.netty.channel.ChannelManager - Adding key: http://localhost:33189 for channel [id: 0x051b3e0c, L:/127.0.0.1:58127 - R:localhost/127.0.0.1:33189]
  Then Display Error responseStreet is required               # StepDefination.Customer_onboarding.customerNot_added(java.lang.String)
14:57:17.077 [Forwarding findElement on session cafbd0327f634ca805e68e031e218015 to remote] DEBUG org.asynchttpclient.netty.request.NettyRequestSender - Using pooled Channel '[id: 0x051b3e0c, L:/127.0.0.1:58127 - R:localhost/127.0.0.1:33189]' for 'POST' to 'http://localhost:33189/session/cafbd0327f634ca805e68e031e218015/element'
14:57:17.077 [Forwarding findElement on session cafbd0327f634ca805e68e031e218015 to remote] DEBUG org.asynchttpclient.netty.request.NettyRequestSender - Using open Channel [id: 0x051b3e0c, L:/127.0.0.1:58127 - R:localhost/127.0.0.1:33189] for POST '/session/cafbd0327f634ca805e68e031e218015/element'
14:57:17.094 [AsyncHttpClient-1-11] DEBUG org.asynchttpclient.netty.handler.HttpHandler - 

Request DefaultHttpRequest(decodeResult: success, version: HTTP/1.1)
POST /session/cafbd0327f634ca805e68e031e218015/element HTTP/1.1
User-Agent: selenium/4.12.0 (java windows)
Content-Length: 129
Content-Type: application/json; charset=utf-8
host: localhost:33189
accept: */*

Response DefaultHttpResponse(decodeResult: success, version: HTTP/1.1)
HTTP/1.1 200 OK
Content-Length: 126
Content-Type: application/json; charset=utf-8
cache-control: no-cache

14:57:17.094 [AsyncHttpClient-1-11] DEBUG org.asynchttpclient.netty.channel.ChannelManager - Adding key: http://localhost:33189 for channel [id: 0x051b3e0c, L:/127.0.0.1:58127 - R:localhost/127.0.0.1:33189]
14:57:17.094 [Forwarding getElementText on session cafbd0327f634ca805e68e031e218015 to remote] DEBUG org.asynchttpclient.netty.request.NettyRequestSender - Using pooled Channel '[id: 0x051b3e0c, L:/127.0.0.1:58127 - R:localhost/127.0.0.1:33189]' for 'GET' to 'http://localhost:33189/session/cafbd0327f634ca805e68e031e218015/element/f.7D7CE35AC1D91D479CE8F4936FD3D82B.d.3FAE6730702A69BC3E3D40B1F2A24FA1.e.93/text'
14:57:17.094 [Forwarding getElementText on session cafbd0327f634ca805e68e031e218015 to remote] DEBUG org.asynchttpclient.netty.request.NettyRequestSender - Using open Channel [id: 0x051b3e0c, L:/127.0.0.1:58127 - R:localhost/127.0.0.1:33189] for GET '/session/cafbd0327f634ca805e68e031e218015/element/f.7D7CE35AC1D91D479CE8F4936FD3D82B.d.3FAE6730702A69BC3E3D40B1F2A24FA1.e.93/text'
14:57:17.103 [AsyncHttpClient-1-11] DEBUG org.asynchttpclient.netty.handler.HttpHandler - 

Request DefaultFullHttpRequest(decodeResult: success, version: HTTP/1.1, content: EmptyByteBufBE)
GET /session/cafbd0327f634ca805e68e031e218015/element/f.7D7CE35AC1D91D479CE8F4936FD3D82B.d.3FAE6730702A69BC3E3D40B1F2A24FA1.e.93/text HTTP/1.1
Cache-Control: no-cache
User-Agent: selenium/4.12.0 (java windows)
Content-Type: application/json; charset=utf-8
host: localhost:33189
accept: */*

Response DefaultHttpResponse(decodeResult: success, version: HTTP/1.1)
HTTP/1.1 200 OK
Content-Length: 28
Content-Type: application/json; charset=utf-8
cache-control: no-cache

14:57:17.103 [AsyncHttpClient-1-11] DEBUG org.asynchttpclient.netty.channel.ChannelManager - Adding key: http://localhost:33189 for channel [id: 0x051b3e0c, L:/127.0.0.1:58127 - R:localhost/127.0.0.1:33189]
City is required
14:57:17.476 [AsyncHttpClient-1-1] DEBUG org.asynchttpclient.netty.channel.DefaultChannelPool - Entry count for : http://localhost:58128 : 1
14:57:17.476 [AsyncHttpClient-1-1] DEBUG org.asynchttpclient.netty.channel.DefaultChannelPool - Entry count for : http://localhost:33189 : 1
14:57:17.618 [Forwarding screenshot on session cafbd0327f634ca805e68e031e218015 to remote] DEBUG org.asynchttpclient.netty.request.NettyRequestSender - Using pooled Channel '[id: 0x051b3e0c, L:/127.0.0.1:58127 - R:localhost/127.0.0.1:33189]' for 'GET' to 'http://localhost:33189/session/cafbd0327f634ca805e68e031e218015/screenshot'
14:57:17.618 [Forwarding screenshot on session cafbd0327f634ca805e68e031e218015 to remote] DEBUG org.asynchttpclient.netty.request.NettyRequestSender - Using open Channel [id: 0x051b3e0c, L:/127.0.0.1:58127 - R:localhost/127.0.0.1:33189] for GET '/session/cafbd0327f634ca805e68e031e218015/screenshot'
14:57:17.815 [AsyncHttpClient-1-11] DEBUG org.asynchttpclient.netty.handler.HttpHandler - 

Request DefaultFullHttpRequest(decodeResult: success, version: HTTP/1.1, content: EmptyByteBufBE)
GET /session/cafbd0327f634ca805e68e031e218015/screenshot HTTP/1.1
Cache-Control: no-cache
User-Agent: selenium/4.12.0 (java windows)
Content-Type: application/json; charset=utf-8
host: localhost:33189
accept: */*

Response DefaultHttpResponse(decodeResult: success, version: HTTP/1.1)
HTTP/1.1 200 OK
Content-Length: 326180
Content-Type: application/json; charset=utf-8
cache-control: no-cache

14:57:17.815 [AsyncHttpClient-1-11] DEBUG org.asynchttpclient.netty.channel.ChannelManager - Adding key: http://localhost:33189 for channel [id: 0x051b3e0c, L:/127.0.0.1:58127 - R:localhost/127.0.0.1:33189]
  Then Display Error responseCity is required                 # StepDefination.Customer_onboarding.customerNot_added(java.lang.String)
14:57:17.835 [Forwarding findElement on session cafbd0327f634ca805e68e031e218015 to remote] DEBUG org.asynchttpclient.netty.request.NettyRequestSender - Using pooled Channel '[id: 0x051b3e0c, L:/127.0.0.1:58127 - R:localhost/127.0.0.1:33189]' for 'POST' to 'http://localhost:33189/session/cafbd0327f634ca805e68e031e218015/element'
14:57:17.835 [Forwarding findElement on session cafbd0327f634ca805e68e031e218015 to remote] DEBUG org.asynchttpclient.netty.request.NettyRequestSender - Using open Channel [id: 0x051b3e0c, L:/127.0.0.1:58127 - R:localhost/127.0.0.1:33189] for POST '/session/cafbd0327f634ca805e68e031e218015/element'
14:57:17.858 [AsyncHttpClient-1-11] DEBUG org.asynchttpclient.netty.handler.HttpHandler - 

Request DefaultHttpRequest(decodeResult: success, version: HTTP/1.1)
POST /session/cafbd0327f634ca805e68e031e218015/element HTTP/1.1
User-Agent: selenium/4.12.0 (java windows)
Content-Length: 133
Content-Type: application/json; charset=utf-8
host: localhost:33189
accept: */*

Response DefaultHttpResponse(decodeResult: success, version: HTTP/1.1)
HTTP/1.1 200 OK
Content-Length: 126
Content-Type: application/json; charset=utf-8
cache-control: no-cache

14:57:17.858 [AsyncHttpClient-1-11] DEBUG org.asynchttpclient.netty.channel.ChannelManager - Adding key: http://localhost:33189 for channel [id: 0x051b3e0c, L:/127.0.0.1:58127 - R:localhost/127.0.0.1:33189]
14:57:17.858 [Forwarding getElementText on session cafbd0327f634ca805e68e031e218015 to remote] DEBUG org.asynchttpclient.netty.request.NettyRequestSender - Using pooled Channel '[id: 0x051b3e0c, L:/127.0.0.1:58127 - R:localhost/127.0.0.1:33189]' for 'GET' to 'http://localhost:33189/session/cafbd0327f634ca805e68e031e218015/element/f.7D7CE35AC1D91D479CE8F4936FD3D82B.d.3FAE6730702A69BC3E3D40B1F2A24FA1.e.94/text'
14:57:17.858 [Forwarding getElementText on session cafbd0327f634ca805e68e031e218015 to remote] DEBUG org.asynchttpclient.netty.request.NettyRequestSender - Using open Channel [id: 0x051b3e0c, L:/127.0.0.1:58127 - R:localhost/127.0.0.1:33189] for GET '/session/cafbd0327f634ca805e68e031e218015/element/f.7D7CE35AC1D91D479CE8F4936FD3D82B.d.3FAE6730702A69BC3E3D40B1F2A24FA1.e.94/text'
14:57:17.866 [AsyncHttpClient-1-11] DEBUG org.asynchttpclient.netty.handler.HttpHandler - 

Request DefaultFullHttpRequest(decodeResult: success, version: HTTP/1.1, content: EmptyByteBufBE)
GET /session/cafbd0327f634ca805e68e031e218015/element/f.7D7CE35AC1D91D479CE8F4936FD3D82B.d.3FAE6730702A69BC3E3D40B1F2A24FA1.e.94/text HTTP/1.1
Cache-Control: no-cache
User-Agent: selenium/4.12.0 (java windows)
Content-Type: application/json; charset=utf-8
host: localhost:33189
accept: */*

Response DefaultHttpResponse(decodeResult: success, version: HTTP/1.1)
HTTP/1.1 200 OK
Content-Length: 32
Content-Type: application/json; charset=utf-8
cache-control: no-cache

14:57:17.866 [AsyncHttpClient-1-11] DEBUG org.asynchttpclient.netty.channel.ChannelManager - Adding key: http://localhost:33189 for channel [id: 0x051b3e0c, L:/127.0.0.1:58127 - R:localhost/127.0.0.1:33189]
Province is required
14:57:18.374 [Forwarding screenshot on session cafbd0327f634ca805e68e031e218015 to remote] DEBUG org.asynchttpclient.netty.request.NettyRequestSender - Using pooled Channel '[id: 0x051b3e0c, L:/127.0.0.1:58127 - R:localhost/127.0.0.1:33189]' for 'GET' to 'http://localhost:33189/session/cafbd0327f634ca805e68e031e218015/screenshot'
14:57:18.374 [Forwarding screenshot on session cafbd0327f634ca805e68e031e218015 to remote] DEBUG org.asynchttpclient.netty.request.NettyRequestSender - Using open Channel [id: 0x051b3e0c, L:/127.0.0.1:58127 - R:localhost/127.0.0.1:33189] for GET '/session/cafbd0327f634ca805e68e031e218015/screenshot'
14:57:18.534 [AsyncHttpClient-1-11] DEBUG org.asynchttpclient.netty.handler.HttpHandler - 

Request DefaultFullHttpRequest(decodeResult: success, version: HTTP/1.1, content: EmptyByteBufBE)
GET /session/cafbd0327f634ca805e68e031e218015/screenshot HTTP/1.1
Cache-Control: no-cache
User-Agent: selenium/4.12.0 (java windows)
Content-Type: application/json; charset=utf-8
host: localhost:33189
accept: */*

Response DefaultHttpResponse(decodeResult: success, version: HTTP/1.1)
HTTP/1.1 200 OK
Content-Length: 326180
Content-Type: application/json; charset=utf-8
cache-control: no-cache

14:57:18.534 [AsyncHttpClient-1-11] DEBUG org.asynchttpclient.netty.channel.ChannelManager - Adding key: http://localhost:33189 for channel [id: 0x051b3e0c, L:/127.0.0.1:58127 - R:localhost/127.0.0.1:33189]
  Then Display Error responseProvince is required             # StepDefination.Customer_onboarding.customerNot_added(java.lang.String)
14:57:18.549 [Forwarding findElement on session cafbd0327f634ca805e68e031e218015 to remote] DEBUG org.asynchttpclient.netty.request.NettyRequestSender - Using pooled Channel '[id: 0x051b3e0c, L:/127.0.0.1:58127 - R:localhost/127.0.0.1:33189]' for 'POST' to 'http://localhost:33189/session/cafbd0327f634ca805e68e031e218015/element'
14:57:18.549 [Forwarding findElement on session cafbd0327f634ca805e68e031e218015 to remote] DEBUG org.asynchttpclient.netty.request.NettyRequestSender - Using open Channel [id: 0x051b3e0c, L:/127.0.0.1:58127 - R:localhost/127.0.0.1:33189] for POST '/session/cafbd0327f634ca805e68e031e218015/element'
14:57:18.569 [AsyncHttpClient-1-11] DEBUG org.asynchttpclient.netty.handler.HttpHandler - 

Request DefaultHttpRequest(decodeResult: success, version: HTTP/1.1)
POST /session/cafbd0327f634ca805e68e031e218015/element HTTP/1.1
User-Agent: selenium/4.12.0 (java windows)
Content-Length: 136
Content-Type: application/json; charset=utf-8
host: localhost:33189
accept: */*

Response DefaultHttpResponse(decodeResult: success, version: HTTP/1.1)
HTTP/1.1 200 OK
Content-Length: 126
Content-Type: application/json; charset=utf-8
cache-control: no-cache

14:57:18.581 [AsyncHttpClient-1-1] DEBUG org.asynchttpclient.netty.channel.DefaultChannelPool - Entry count for : http://localhost:58128 : 1
14:57:18.581 [AsyncHttpClient-1-11] DEBUG org.asynchttpclient.netty.channel.ChannelManager - Adding key: http://localhost:33189 for channel [id: 0x051b3e0c, L:/127.0.0.1:58127 - R:localhost/127.0.0.1:33189]
14:57:18.581 [Forwarding getElementText on session cafbd0327f634ca805e68e031e218015 to remote] DEBUG org.asynchttpclient.netty.request.NettyRequestSender - Using pooled Channel '[id: 0x051b3e0c, L:/127.0.0.1:58127 - R:localhost/127.0.0.1:33189]' for 'GET' to 'http://localhost:33189/session/cafbd0327f634ca805e68e031e218015/element/f.7D7CE35AC1D91D479CE8F4936FD3D82B.d.3FAE6730702A69BC3E3D40B1F2A24FA1.e.95/text'
14:57:18.581 [Forwarding getElementText on session cafbd0327f634ca805e68e031e218015 to remote] DEBUG org.asynchttpclient.netty.request.NettyRequestSender - Using open Channel [id: 0x051b3e0c, L:/127.0.0.1:58127 - R:localhost/127.0.0.1:33189] for GET '/session/cafbd0327f634ca805e68e031e218015/element/f.7D7CE35AC1D91D479CE8F4936FD3D82B.d.3FAE6730702A69BC3E3D40B1F2A24FA1.e.95/text'
14:57:18.590 [AsyncHttpClient-1-11] DEBUG org.asynchttpclient.netty.handler.HttpHandler - 

Request DefaultFullHttpRequest(decodeResult: success, version: HTTP/1.1, content: EmptyByteBufBE)
GET /session/cafbd0327f634ca805e68e031e218015/element/f.7D7CE35AC1D91D479CE8F4936FD3D82B.d.3FAE6730702A69BC3E3D40B1F2A24FA1.e.95/text HTTP/1.1
Cache-Control: no-cache
User-Agent: selenium/4.12.0 (java windows)
Content-Type: application/json; charset=utf-8
host: localhost:33189
accept: */*

Response DefaultHttpResponse(decodeResult: success, version: HTTP/1.1)
HTTP/1.1 200 OK
Content-Length: 35
Content-Type: application/json; charset=utf-8
cache-control: no-cache

14:57:18.590 [AsyncHttpClient-1-11] DEBUG org.asynchttpclient.netty.channel.ChannelManager - Adding key: http://localhost:33189 for channel [id: 0x051b3e0c, L:/127.0.0.1:58127 - R:localhost/127.0.0.1:33189]
Postal Code is required
14:57:19.102 [Forwarding screenshot on session cafbd0327f634ca805e68e031e218015 to remote] DEBUG org.asynchttpclient.netty.request.NettyRequestSender - Using pooled Channel '[id: 0x051b3e0c, L:/127.0.0.1:58127 - R:localhost/127.0.0.1:33189]' for 'GET' to 'http://localhost:33189/session/cafbd0327f634ca805e68e031e218015/screenshot'
14:57:19.102 [Forwarding screenshot on session cafbd0327f634ca805e68e031e218015 to remote] DEBUG org.asynchttpclient.netty.request.NettyRequestSender - Using open Channel [id: 0x051b3e0c, L:/127.0.0.1:58127 - R:localhost/127.0.0.1:33189] for GET '/session/cafbd0327f634ca805e68e031e218015/screenshot'
14:57:19.282 [AsyncHttpClient-1-11] DEBUG org.asynchttpclient.netty.handler.HttpHandler - 

Request DefaultFullHttpRequest(decodeResult: success, version: HTTP/1.1, content: EmptyByteBufBE)
GET /session/cafbd0327f634ca805e68e031e218015/screenshot HTTP/1.1
Cache-Control: no-cache
User-Agent: selenium/4.12.0 (java windows)
Content-Type: application/json; charset=utf-8
host: localhost:33189
accept: */*

Response DefaultHttpResponse(decodeResult: success, version: HTTP/1.1)
HTTP/1.1 200 OK
Content-Length: 326180
Content-Type: application/json; charset=utf-8
cache-control: no-cache

14:57:19.282 [AsyncHttpClient-1-11] DEBUG org.asynchttpclient.netty.channel.ChannelManager - Adding key: http://localhost:33189 for channel [id: 0x051b3e0c, L:/127.0.0.1:58127 - R:localhost/127.0.0.1:33189]
  Then Display Error responsePostal Code is required          # StepDefination.Customer_onboarding.customerNot_added(java.lang.String)
14:57:19.313 [Forwarding findElement on session cafbd0327f634ca805e68e031e218015 to remote] DEBUG org.asynchttpclient.netty.request.NettyRequestSender - Using pooled Channel '[id: 0x051b3e0c, L:/127.0.0.1:58127 - R:localhost/127.0.0.1:33189]' for 'POST' to 'http://localhost:33189/session/cafbd0327f634ca805e68e031e218015/element'
14:57:19.313 [Forwarding findElement on session cafbd0327f634ca805e68e031e218015 to remote] DEBUG org.asynchttpclient.netty.request.NettyRequestSender - Using open Channel [id: 0x051b3e0c, L:/127.0.0.1:58127 - R:localhost/127.0.0.1:33189] for POST '/session/cafbd0327f634ca805e68e031e218015/element'
14:57:19.319 [AsyncHttpClient-1-11] DEBUG org.asynchttpclient.netty.handler.HttpHandler - 

Request DefaultHttpRequest(decodeResult: success, version: HTTP/1.1)
POST /session/cafbd0327f634ca805e68e031e218015/element HTTP/1.1
User-Agent: selenium/4.12.0 (java windows)
Content-Length: 132
Content-Type: application/json; charset=utf-8
host: localhost:33189
accept: */*

Response DefaultHttpResponse(decodeResult: success, version: HTTP/1.1)
HTTP/1.1 200 OK
Content-Length: 126
Content-Type: application/json; charset=utf-8
cache-control: no-cache

14:57:19.328 [AsyncHttpClient-1-11] DEBUG org.asynchttpclient.netty.channel.ChannelManager - Adding key: http://localhost:33189 for channel [id: 0x051b3e0c, L:/127.0.0.1:58127 - R:localhost/127.0.0.1:33189]
14:57:19.328 [Forwarding getElementText on session cafbd0327f634ca805e68e031e218015 to remote] DEBUG org.asynchttpclient.netty.request.NettyRequestSender - Using pooled Channel '[id: 0x051b3e0c, L:/127.0.0.1:58127 - R:localhost/127.0.0.1:33189]' for 'GET' to 'http://localhost:33189/session/cafbd0327f634ca805e68e031e218015/element/f.7D7CE35AC1D91D479CE8F4936FD3D82B.d.3FAE6730702A69BC3E3D40B1F2A24FA1.e.96/text'
14:57:19.328 [Forwarding getElementText on session cafbd0327f634ca805e68e031e218015 to remote] DEBUG org.asynchttpclient.netty.request.NettyRequestSender - Using open Channel [id: 0x051b3e0c, L:/127.0.0.1:58127 - R:localhost/127.0.0.1:33189] for GET '/session/cafbd0327f634ca805e68e031e218015/element/f.7D7CE35AC1D91D479CE8F4936FD3D82B.d.3FAE6730702A69BC3E3D40B1F2A24FA1.e.96/text'
14:57:19.345 [AsyncHttpClient-1-11] DEBUG org.asynchttpclient.netty.handler.HttpHandler - 

Request DefaultFullHttpRequest(decodeResult: success, version: HTTP/1.1, content: EmptyByteBufBE)
GET /session/cafbd0327f634ca805e68e031e218015/element/f.7D7CE35AC1D91D479CE8F4936FD3D82B.d.3FAE6730702A69BC3E3D40B1F2A24FA1.e.96/text HTTP/1.1
Cache-Control: no-cache
User-Agent: selenium/4.12.0 (java windows)
Content-Type: application/json; charset=utf-8
host: localhost:33189
accept: */*

Response DefaultHttpResponse(decodeResult: success, version: HTTP/1.1)
HTTP/1.1 200 OK
Content-Length: 31
Content-Type: application/json; charset=utf-8
cache-control: no-cache

14:57:19.346 [AsyncHttpClient-1-11] DEBUG org.asynchttpclient.netty.channel.ChannelManager - Adding key: http://localhost:33189 for channel [id: 0x051b3e0c, L:/127.0.0.1:58127 - R:localhost/127.0.0.1:33189]
Country is required
14:57:19.677 [AsyncHttpClient-1-1] DEBUG org.asynchttpclient.netty.channel.DefaultChannelPool - Entry count for : http://localhost:58128 : 1
14:57:19.677 [AsyncHttpClient-1-1] DEBUG org.asynchttpclient.netty.channel.DefaultChannelPool - Entry count for : http://localhost:33189 : 1
14:57:19.850 [Forwarding screenshot on session cafbd0327f634ca805e68e031e218015 to remote] DEBUG org.asynchttpclient.netty.request.NettyRequestSender - Using pooled Channel '[id: 0x051b3e0c, L:/127.0.0.1:58127 - R:localhost/127.0.0.1:33189]' for 'GET' to 'http://localhost:33189/session/cafbd0327f634ca805e68e031e218015/screenshot'
14:57:19.850 [Forwarding screenshot on session cafbd0327f634ca805e68e031e218015 to remote] DEBUG org.asynchttpclient.netty.request.NettyRequestSender - Using open Channel [id: 0x051b3e0c, L:/127.0.0.1:58127 - R:localhost/127.0.0.1:33189] for GET '/session/cafbd0327f634ca805e68e031e218015/screenshot'
14:57:20.017 [AsyncHttpClient-1-11] DEBUG org.asynchttpclient.netty.handler.HttpHandler - 

Request DefaultFullHttpRequest(decodeResult: success, version: HTTP/1.1, content: EmptyByteBufBE)
GET /session/cafbd0327f634ca805e68e031e218015/screenshot HTTP/1.1
Cache-Control: no-cache
User-Agent: selenium/4.12.0 (java windows)
Content-Type: application/json; charset=utf-8
host: localhost:33189
accept: */*

Response DefaultHttpResponse(decodeResult: success, version: HTTP/1.1)
HTTP/1.1 200 OK
Content-Length: 326180
Content-Type: application/json; charset=utf-8
cache-control: no-cache

14:57:20.017 [AsyncHttpClient-1-11] DEBUG org.asynchttpclient.netty.channel.ChannelManager - Adding key: http://localhost:33189 for channel [id: 0x051b3e0c, L:/127.0.0.1:58127 - R:localhost/127.0.0.1:33189]
  Then Display Error responseCountry is required              # StepDefination.Customer_onboarding.customerNot_added(java.lang.String)
14:57:20.049 [AsyncHttpClient-1-13] DEBUG org.asynchttpclient.netty.handler.WebSocketHandler - Channel Closed: [id: 0xbd618c3f, L:/127.0.0.1:58137 ! R:localhost/127.0.0.1:58128] with attribute DISCARD
14:57:20.049 [Driver Command Executor] DEBUG org.asynchttpclient.netty.request.NettyRequestSender - Using pooled Channel '[id: 0x051b3e0c, L:/127.0.0.1:58127 - R:localhost/127.0.0.1:33189]' for 'DELETE' to 'http://localhost:33189/session/cafbd0327f634ca805e68e031e218015'
14:57:20.049 [Driver Command Executor] DEBUG org.asynchttpclient.netty.request.NettyRequestSender - Using open Channel [id: 0x051b3e0c, L:/127.0.0.1:58127 - R:localhost/127.0.0.1:33189] for DELETE '/session/cafbd0327f634ca805e68e031e218015'
14:57:20.227 [AsyncHttpClient-1-12] DEBUG org.asynchttpclient.netty.handler.HttpHandler - Unexpected I/O exception on channel [id: 0xaebc519a, L:/127.0.0.1:58136 - R:localhost/127.0.0.1:58128]
java.net.SocketException: Connection reset
	at java.base/sun.nio.ch.SocketChannelImpl.throwConnectionReset(SocketChannelImpl.java:394)
	at java.base/sun.nio.ch.SocketChannelImpl.read(SocketChannelImpl.java:426)
	at io.netty.buffer.PooledByteBuf.setBytes(PooledByteBuf.java:254)
	at io.netty.buffer.AbstractByteBuf.writeBytes(AbstractByteBuf.java:1132)
	at io.netty.channel.socket.nio.NioSocketChannel.doReadBytes(NioSocketChannel.java:357)
	at io.netty.channel.nio.AbstractNioByteChannel$NioByteUnsafe.read(AbstractNioByteChannel.java:151)
	at io.netty.channel.nio.NioEventLoop.processSelectedKey(NioEventLoop.java:788)
	at io.netty.channel.nio.NioEventLoop.processSelectedKeysOptimized(NioEventLoop.java:724)
	at io.netty.channel.nio.NioEventLoop.processSelectedKeys(NioEventLoop.java:650)
	at io.netty.channel.nio.NioEventLoop.run(NioEventLoop.java:562)
	at io.netty.util.concurrent.SingleThreadEventExecutor$4.run(SingleThreadEventExecutor.java:997)
	at io.netty.util.internal.ThreadExecutorMap$2.run(ThreadExecutorMap.java:74)
	at io.netty.util.concurrent.FastThreadLocalRunnable.run(FastThreadLocalRunnable.java:30)
	at java.base/java.lang.Thread.run(Thread.java:840)
14:57:20.227 [AsyncHttpClient-1-12] DEBUG org.asynchttpclient.netty.channel.ChannelManager - Closing Channel [id: 0xaebc519a, L:/127.0.0.1:58136 - R:localhost/127.0.0.1:58128] 
14:57:20.227 [AsyncHttpClient-1-12] DEBUG org.asynchttpclient.netty.handler.HttpHandler - Channel Closed: [id: 0xaebc519a, L:/127.0.0.1:58136 ! R:localhost/127.0.0.1:58128] with attribute DISCARD
14:57:20.266 [AsyncHttpClient-1-11] DEBUG org.asynchttpclient.netty.handler.HttpHandler - 

Request DefaultFullHttpRequest(decodeResult: success, version: HTTP/1.1, content: EmptyByteBufBE)
DELETE /session/cafbd0327f634ca805e68e031e218015 HTTP/1.1
User-Agent: selenium/4.12.0 (java windows)
Content-Type: application/json; charset=utf-8
host: localhost:33189
accept: */*

Response DefaultHttpResponse(decodeResult: success, version: HTTP/1.1)
HTTP/1.1 200 OK
Content-Length: 14
Content-Type: application/json; charset=utf-8
cache-control: no-cache

14:57:20.266 [AsyncHttpClient-1-11] DEBUG org.asynchttpclient.netty.channel.ChannelManager - Adding key: http://localhost:33189 for channel [id: 0x051b3e0c, L:/127.0.0.1:58127 - R:localhost/127.0.0.1:33189]
14:57:20.774 [AsyncHttpClient-1-1] DEBUG org.asynchttpclient.netty.channel.DefaultChannelPool - Entry count for : http://localhost:58128 : 1
14:57:20.774 [AsyncHttpClient-1-1] DEBUG org.asynchttpclient.netty.channel.DefaultChannelPool - Entry count for : http://localhost:33189 : 1
14:57:20.774 [AsyncHttpClient-1-1] DEBUG org.asynchttpclient.netty.channel.DefaultChannelPool - Adding Candidate expired Channel [id: 0xaebc519a, L:/127.0.0.1:58136 ! R:localhost/127.0.0.1:58128] isIdleTimeoutExpired=false isRemotelyClosed=true isTtlExpired=false
14:57:20.774 [AsyncHttpClient-1-1] DEBUG org.asynchttpclient.netty.channel.DefaultChannelPool - Closing Idle Channel [id: 0xaebc519a, L:/127.0.0.1:58136 ! R:localhost/127.0.0.1:58128]
14:57:20.774 [AsyncHttpClient-1-1] DEBUG org.asynchttpclient.netty.channel.DefaultChannelPool - Closed 1 connections out of 2 in 0 ms
14:57:20.808 [AsyncHttpClient-1-11] DEBUG org.asynchttpclient.netty.handler.HttpHandler - Channel Closed: [id: 0x051b3e0c, L:/127.0.0.1:58127 ! R:localhost/127.0.0.1:33189] with attribute DISCARD
  And Close_Window                                            # StepDefination.Customer_onboarding.close_window()
]]></system-out>
    <system-err><![CDATA[Jan 15, 2025 2:56:59 PM org.openqa.selenium.devtools.CdpVersionFinder findNearestMatch
WARNING: Unable to find CDP implementation matching 131
Jan 15, 2025 2:56:59 PM org.openqa.selenium.chromium.ChromiumDriver lambda$new$5
WARNING: Unable to find version of CDP to use for 131.0.6778.265. You may need to include a dependency on a specific version of the CDP using something similar to `org.seleniumhq.selenium:selenium-devtools-v86:4.12.0` where the version ("v86") matches the version of the chromium-based browser you're using and the version number of the artifact is the same as Selenium's.
]]></system-err>
  </testcase>
  <testcase name="Add Extra address" classname="Customer Onboarding form" time="90.496">
    <system-out><![CDATA[
Scenario Outline: Add Extra address                                        # src/test/resources/Customers/Customer_form.feature:82
14:57:21.246 [AsyncHttpClient-1-14] DEBUG org.asynchttpclient.netty.channel.NettyConnectListener - Using new Channel '[id: 0xf887cfc9, L:/127.0.0.1:58164 - R:localhost/127.0.0.1:7277]' for 'POST' to '/session'
14:57:21.876 [AsyncHttpClient-1-1] DEBUG org.asynchttpclient.netty.channel.DefaultChannelPool - Entry count for : http://localhost:33189 : 1
14:57:21.876 [AsyncHttpClient-1-1] DEBUG org.asynchttpclient.netty.channel.DefaultChannelPool - Adding Candidate expired Channel [id: 0x051b3e0c, L:/127.0.0.1:58127 ! R:localhost/127.0.0.1:33189] isIdleTimeoutExpired=false isRemotelyClosed=true isTtlExpired=false
14:57:21.876 [AsyncHttpClient-1-1] DEBUG org.asynchttpclient.netty.channel.DefaultChannelPool - Closing Idle Channel [id: 0x051b3e0c, L:/127.0.0.1:58127 ! R:localhost/127.0.0.1:33189]
14:57:21.876 [AsyncHttpClient-1-1] DEBUG org.asynchttpclient.netty.channel.DefaultChannelPool - Closed 1 connections out of 1 in 0 ms
14:57:22.566 [AsyncHttpClient-1-14] DEBUG org.asynchttpclient.netty.handler.HttpHandler - 

Request DefaultHttpRequest(decodeResult: success, version: HTTP/1.1)
POST /session HTTP/1.1
User-Agent: selenium/4.12.0 (java windows)
Content-Length: 254
Content-Type: application/json; charset=utf-8
host: localhost:7277
accept: */*

Response DefaultHttpResponse(decodeResult: success, version: HTTP/1.1)
HTTP/1.1 200 OK
Content-Length: 888
Content-Type: application/json; charset=utf-8
cache-control: no-cache

14:57:22.566 [AsyncHttpClient-1-14] DEBUG org.asynchttpclient.netty.channel.ChannelManager - Adding key: http://localhost:7277 for channel [id: 0xf887cfc9, L:/127.0.0.1:58164 - R:localhost/127.0.0.1:7277]
14:57:22.617 [AsyncHttpClient-1-15] DEBUG org.asynchttpclient.netty.channel.NettyConnectListener - Using new Channel '[id: 0x1086e4de, L:/127.0.0.1:58172 - R:localhost/127.0.0.1:58165]' for 'GET' to '/json/version'
14:57:22.617 [AsyncHttpClient-1-15] DEBUG org.asynchttpclient.netty.handler.HttpHandler - 

Request DefaultFullHttpRequest(decodeResult: success, version: HTTP/1.1, content: EmptyByteBufBE)
GET /json/version HTTP/1.1
User-Agent: selenium/4.12.0 (java windows)
host: localhost:58165
accept: */*

Response DefaultHttpResponse(decodeResult: success, version: HTTP/1.1)
HTTP/1.1 200 OK
Content-Security-Policy: frame-ancestors 'none'
Content-Length: 424
Content-Type: application/json; charset=UTF-8

14:57:22.633 [AsyncHttpClient-1-15] DEBUG org.asynchttpclient.netty.channel.ChannelManager - Adding key: http://localhost:58165 for channel [id: 0x1086e4de, L:/127.0.0.1:58172 - R:localhost/127.0.0.1:58165]
14:57:22.633 [AsyncHttpClient-1-16] DEBUG org.asynchttpclient.netty.channel.NettyConnectListener - Using new Channel '[id: 0xcc9241cc, L:/127.0.0.1:58173 - R:localhost/127.0.0.1:58165]' for 'GET' to '/devtools/browser/db35202c-c195-43ef-952c-a6d20f93a1b1'
14:57:22.633 [AsyncHttpClient-1-16] DEBUG org.asynchttpclient.netty.handler.WebSocketHandler - 

Request DefaultFullHttpRequest(decodeResult: success, version: HTTP/1.1, content: EmptyByteBufBE)
GET /devtools/browser/db35202c-c195-43ef-952c-a6d20f93a1b1 HTTP/1.1
upgrade: websocket
connection: upgrade
sec-websocket-key: 1/EGLbfEE/hbHWhmWSZd0w==
sec-websocket-version: 13
origin: http://localhost:58165
host: localhost:58165
accept: */*
user-agent: AHC/2.1

Response DefaultHttpResponse(decodeResult: success, version: HTTP/1.1)
HTTP/1.1 101 WebSocket Protocol Handshake
Upgrade: WebSocket
Connection: Upgrade
Sec-WebSocket-Accept: TiLE3y1XYwX9isxyaYeOHGBdJMM=

14:57:22.648 [Forwarding get on session 0d0734228bfc7869b368d3d81a97b1cb to remote] DEBUG org.asynchttpclient.netty.request.NettyRequestSender - Using pooled Channel '[id: 0xf887cfc9, L:/127.0.0.1:58164 - R:localhost/127.0.0.1:7277]' for 'POST' to 'http://localhost:7277/session/0d0734228bfc7869b368d3d81a97b1cb/url'
14:57:22.648 [Forwarding get on session 0d0734228bfc7869b368d3d81a97b1cb to remote] DEBUG org.asynchttpclient.netty.request.NettyRequestSender - Using open Channel [id: 0xf887cfc9, L:/127.0.0.1:58164 - R:localhost/127.0.0.1:7277] for POST '/session/0d0734228bfc7869b368d3d81a97b1cb/url'
14:57:22.972 [AsyncHttpClient-1-1] DEBUG org.asynchttpclient.netty.channel.DefaultChannelPool - Entry count for : http://localhost:58165 : 1
14:57:24.082 [AsyncHttpClient-1-1] DEBUG org.asynchttpclient.netty.channel.DefaultChannelPool - Entry count for : http://localhost:58165 : 1
14:57:25.175 [AsyncHttpClient-1-1] DEBUG org.asynchttpclient.netty.channel.DefaultChannelPool - Entry count for : http://localhost:58165 : 1
14:57:26.272 [AsyncHttpClient-1-1] DEBUG org.asynchttpclient.netty.channel.DefaultChannelPool - Entry count for : http://localhost:58165 : 1
14:57:27.371 [AsyncHttpClient-1-1] DEBUG org.asynchttpclient.netty.channel.DefaultChannelPool - Entry count for : http://localhost:58165 : 1
14:57:28.471 [AsyncHttpClient-1-1] DEBUG org.asynchttpclient.netty.channel.DefaultChannelPool - Entry count for : http://localhost:58165 : 1
14:57:29.571 [AsyncHttpClient-1-1] DEBUG org.asynchttpclient.netty.channel.DefaultChannelPool - Entry count for : http://localhost:58165 : 1
14:57:30.671 [AsyncHttpClient-1-1] DEBUG org.asynchttpclient.netty.channel.DefaultChannelPool - Entry count for : http://localhost:58165 : 1
14:57:31.771 [AsyncHttpClient-1-1] DEBUG org.asynchttpclient.netty.channel.DefaultChannelPool - Entry count for : http://localhost:58165 : 1
14:57:32.871 [AsyncHttpClient-1-1] DEBUG org.asynchttpclient.netty.channel.DefaultChannelPool - Entry count for : http://localhost:58165 : 1
14:57:33.978 [AsyncHttpClient-1-1] DEBUG org.asynchttpclient.netty.channel.DefaultChannelPool - Entry count for : http://localhost:58165 : 1
14:57:35.077 [AsyncHttpClient-1-1] DEBUG org.asynchttpclient.netty.channel.DefaultChannelPool - Entry count for : http://localhost:58165 : 1
14:57:36.177 [AsyncHttpClient-1-1] DEBUG org.asynchttpclient.netty.channel.DefaultChannelPool - Entry count for : http://localhost:58165 : 1
14:57:37.274 [AsyncHttpClient-1-1] DEBUG org.asynchttpclient.netty.channel.DefaultChannelPool - Entry count for : http://localhost:58165 : 1
14:57:38.376 [AsyncHttpClient-1-1] DEBUG org.asynchttpclient.netty.channel.DefaultChannelPool - Entry count for : http://localhost:58165 : 1
14:57:39.475 [AsyncHttpClient-1-1] DEBUG org.asynchttpclient.netty.channel.DefaultChannelPool - Entry count for : http://localhost:58165 : 1
14:57:40.574 [AsyncHttpClient-1-1] DEBUG org.asynchttpclient.netty.channel.DefaultChannelPool - Entry count for : http://localhost:58165 : 1
14:57:41.674 [AsyncHttpClient-1-1] DEBUG org.asynchttpclient.netty.channel.DefaultChannelPool - Entry count for : http://localhost:58165 : 1
14:57:42.771 [AsyncHttpClient-1-1] DEBUG org.asynchttpclient.netty.channel.DefaultChannelPool - Entry count for : http://localhost:58165 : 1
14:57:43.870 [AsyncHttpClient-1-1] DEBUG org.asynchttpclient.netty.channel.DefaultChannelPool - Entry count for : http://localhost:58165 : 1
14:57:44.974 [AsyncHttpClient-1-1] DEBUG org.asynchttpclient.netty.channel.DefaultChannelPool - Entry count for : http://localhost:58165 : 1
14:57:46.081 [AsyncHttpClient-1-1] DEBUG org.asynchttpclient.netty.channel.DefaultChannelPool - Entry count for : http://localhost:58165 : 1
14:57:47.175 [AsyncHttpClient-1-1] DEBUG org.asynchttpclient.netty.channel.DefaultChannelPool - Entry count for : http://localhost:58165 : 1
14:57:48.271 [AsyncHttpClient-1-1] DEBUG org.asynchttpclient.netty.channel.DefaultChannelPool - Entry count for : http://localhost:58165 : 1
14:57:49.372 [AsyncHttpClient-1-1] DEBUG org.asynchttpclient.netty.channel.DefaultChannelPool - Entry count for : http://localhost:58165 : 1
14:57:50.471 [AsyncHttpClient-1-1] DEBUG org.asynchttpclient.netty.channel.DefaultChannelPool - Entry count for : http://localhost:58165 : 1
14:57:51.578 [AsyncHttpClient-1-1] DEBUG org.asynchttpclient.netty.channel.DefaultChannelPool - Entry count for : http://localhost:58165 : 1
14:57:52.671 [AsyncHttpClient-1-1] DEBUG org.asynchttpclient.netty.channel.DefaultChannelPool - Entry count for : http://localhost:58165 : 1
14:57:53.770 [AsyncHttpClient-1-1] DEBUG org.asynchttpclient.netty.channel.DefaultChannelPool - Entry count for : http://localhost:58165 : 1
14:57:54.871 [AsyncHttpClient-1-1] DEBUG org.asynchttpclient.netty.channel.DefaultChannelPool - Entry count for : http://localhost:58165 : 1
14:57:55.971 [AsyncHttpClient-1-1] DEBUG org.asynchttpclient.netty.channel.DefaultChannelPool - Entry count for : http://localhost:58165 : 1
14:57:57.072 [AsyncHttpClient-1-1] DEBUG org.asynchttpclient.netty.channel.DefaultChannelPool - Entry count for : http://localhost:58165 : 1
14:57:58.174 [AsyncHttpClient-1-1] DEBUG org.asynchttpclient.netty.channel.DefaultChannelPool - Entry count for : http://localhost:58165 : 1
14:57:59.274 [AsyncHttpClient-1-1] DEBUG org.asynchttpclient.netty.channel.DefaultChannelPool - Entry count for : http://localhost:58165 : 1
14:58:00.376 [AsyncHttpClient-1-1] DEBUG org.asynchttpclient.netty.channel.DefaultChannelPool - Entry count for : http://localhost:58165 : 1
14:58:01.471 [AsyncHttpClient-1-1] DEBUG org.asynchttpclient.netty.channel.DefaultChannelPool - Entry count for : http://localhost:58165 : 1
14:58:02.574 [AsyncHttpClient-1-1] DEBUG org.asynchttpclient.netty.channel.DefaultChannelPool - Entry count for : http://localhost:58165 : 1
14:58:03.672 [AsyncHttpClient-1-1] DEBUG org.asynchttpclient.netty.channel.DefaultChannelPool - Entry count for : http://localhost:58165 : 1
14:58:04.772 [AsyncHttpClient-1-1] DEBUG org.asynchttpclient.netty.channel.DefaultChannelPool - Entry count for : http://localhost:58165 : 1
14:58:05.872 [AsyncHttpClient-1-1] DEBUG org.asynchttpclient.netty.channel.DefaultChannelPool - Entry count for : http://localhost:58165 : 1
14:58:06.972 [AsyncHttpClient-1-1] DEBUG org.asynchttpclient.netty.channel.DefaultChannelPool - Entry count for : http://localhost:58165 : 1
14:58:08.075 [AsyncHttpClient-1-1] DEBUG org.asynchttpclient.netty.channel.DefaultChannelPool - Entry count for : http://localhost:58165 : 1
14:58:09.174 [AsyncHttpClient-1-1] DEBUG org.asynchttpclient.netty.channel.DefaultChannelPool - Entry count for : http://localhost:58165 : 1
14:58:10.271 [AsyncHttpClient-1-1] DEBUG org.asynchttpclient.netty.channel.DefaultChannelPool - Entry count for : http://localhost:58165 : 1
14:58:11.376 [AsyncHttpClient-1-1] DEBUG org.asynchttpclient.netty.channel.DefaultChannelPool - Entry count for : http://localhost:58165 : 1
14:58:12.478 [AsyncHttpClient-1-1] DEBUG org.asynchttpclient.netty.channel.DefaultChannelPool - Entry count for : http://localhost:58165 : 1
14:58:13.570 [AsyncHttpClient-1-1] DEBUG org.asynchttpclient.netty.channel.DefaultChannelPool - Entry count for : http://localhost:58165 : 1
14:58:14.675 [AsyncHttpClient-1-1] DEBUG org.asynchttpclient.netty.channel.DefaultChannelPool - Entry count for : http://localhost:58165 : 1
14:58:15.779 [AsyncHttpClient-1-1] DEBUG org.asynchttpclient.netty.channel.DefaultChannelPool - Entry count for : http://localhost:58165 : 1
14:58:16.878 [AsyncHttpClient-1-1] DEBUG org.asynchttpclient.netty.channel.DefaultChannelPool - Entry count for : http://localhost:58165 : 1
14:58:17.972 [AsyncHttpClient-1-1] DEBUG org.asynchttpclient.netty.channel.DefaultChannelPool - Entry count for : http://localhost:58165 : 1
14:58:19.073 [AsyncHttpClient-1-1] DEBUG org.asynchttpclient.netty.channel.DefaultChannelPool - Entry count for : http://localhost:58165 : 1
14:58:20.172 [AsyncHttpClient-1-1] DEBUG org.asynchttpclient.netty.channel.DefaultChannelPool - Entry count for : http://localhost:58165 : 1
14:58:21.270 [AsyncHttpClient-1-1] DEBUG org.asynchttpclient.netty.channel.DefaultChannelPool - Entry count for : http://localhost:58165 : 1
14:58:22.371 [AsyncHttpClient-1-1] DEBUG org.asynchttpclient.netty.channel.DefaultChannelPool - Entry count for : http://localhost:58165 : 1
14:58:23.471 [AsyncHttpClient-1-1] DEBUG org.asynchttpclient.netty.channel.DefaultChannelPool - Entry count for : http://localhost:58165 : 1
14:58:23.471 [AsyncHttpClient-1-1] DEBUG org.asynchttpclient.netty.channel.DefaultChannelPool - Adding Candidate expired Channel [id: 0x1086e4de, L:/127.0.0.1:58172 - R:localhost/127.0.0.1:58165] isIdleTimeoutExpired=true isRemotelyClosed=false isTtlExpired=false
14:58:23.471 [AsyncHttpClient-1-1] DEBUG org.asynchttpclient.netty.channel.DefaultChannelPool - Closing Idle Channel [id: 0x1086e4de, L:/127.0.0.1:58172 - R:localhost/127.0.0.1:58165]
14:58:23.471 [AsyncHttpClient-1-1] DEBUG org.asynchttpclient.netty.channel.DefaultChannelPool - Closed 1 connections out of 1 in 0 ms
14:58:23.471 [AsyncHttpClient-1-15] DEBUG org.asynchttpclient.netty.handler.HttpHandler - Channel Closed: [id: 0x1086e4de, L:/127.0.0.1:58172 ! R:localhost/127.0.0.1:58165] with attribute DISCARD
14:58:26.843 [AsyncHttpClient-1-14] DEBUG org.asynchttpclient.netty.handler.HttpHandler - 

Request DefaultHttpRequest(decodeResult: success, version: HTTP/1.1)
POST /session/0d0734228bfc7869b368d3d81a97b1cb/url HTTP/1.1
User-Agent: selenium/4.12.0 (java windows)
Content-Length: 92
Content-Type: application/json; charset=utf-8
host: localhost:7277
accept: */*

Response DefaultHttpResponse(decodeResult: success, version: HTTP/1.1)
HTTP/1.1 200 OK
Content-Length: 14
Content-Type: application/json; charset=utf-8
cache-control: no-cache

14:58:26.843 [AsyncHttpClient-1-14] DEBUG org.asynchttpclient.netty.channel.ChannelManager - Adding key: http://localhost:7277 for channel [id: 0xf887cfc9, L:/127.0.0.1:58164 - R:localhost/127.0.0.1:7277]
14:58:26.845 [Forwarding maximizeCurrentWindow on session 0d0734228bfc7869b368d3d81a97b1cb to remote] DEBUG org.asynchttpclient.netty.request.NettyRequestSender - Using pooled Channel '[id: 0xf887cfc9, L:/127.0.0.1:58164 - R:localhost/127.0.0.1:7277]' for 'POST' to 'http://localhost:7277/session/0d0734228bfc7869b368d3d81a97b1cb/window/maximize'
14:58:26.845 [Forwarding maximizeCurrentWindow on session 0d0734228bfc7869b368d3d81a97b1cb to remote] DEBUG org.asynchttpclient.netty.request.NettyRequestSender - Using open Channel [id: 0xf887cfc9, L:/127.0.0.1:58164 - R:localhost/127.0.0.1:7277] for POST '/session/0d0734228bfc7869b368d3d81a97b1cb/window/maximize'
14:58:26.924 [AsyncHttpClient-1-14] DEBUG org.asynchttpclient.netty.handler.HttpHandler - 

Request DefaultHttpRequest(decodeResult: success, version: HTTP/1.1)
POST /session/0d0734228bfc7869b368d3d81a97b1cb/window/maximize HTTP/1.1
User-Agent: selenium/4.12.0 (java windows)
Content-Length: 3
Content-Type: application/json; charset=utf-8
host: localhost:7277
accept: */*

Response DefaultHttpResponse(decodeResult: success, version: HTTP/1.1)
HTTP/1.1 200 OK
Content-Length: 51
Content-Type: application/json; charset=utf-8
cache-control: no-cache

14:58:26.924 [AsyncHttpClient-1-14] DEBUG org.asynchttpclient.netty.channel.ChannelManager - Adding key: http://localhost:7277 for channel [id: 0xf887cfc9, L:/127.0.0.1:58164 - R:localhost/127.0.0.1:7277]
14:58:26.931 [Forwarding findElement on session 0d0734228bfc7869b368d3d81a97b1cb to remote] DEBUG org.asynchttpclient.netty.request.NettyRequestSender - Using pooled Channel '[id: 0xf887cfc9, L:/127.0.0.1:58164 - R:localhost/127.0.0.1:7277]' for 'POST' to 'http://localhost:7277/session/0d0734228bfc7869b368d3d81a97b1cb/element'
14:58:26.931 [Forwarding findElement on session 0d0734228bfc7869b368d3d81a97b1cb to remote] DEBUG org.asynchttpclient.netty.request.NettyRequestSender - Using open Channel [id: 0xf887cfc9, L:/127.0.0.1:58164 - R:localhost/127.0.0.1:7277] for POST '/session/0d0734228bfc7869b368d3d81a97b1cb/element'
14:58:26.949 [AsyncHttpClient-1-14] DEBUG org.asynchttpclient.netty.handler.HttpHandler - 

Request DefaultHttpRequest(decodeResult: success, version: HTTP/1.1)
POST /session/0d0734228bfc7869b368d3d81a97b1cb/element HTTP/1.1
User-Agent: selenium/4.12.0 (java windows)
Content-Length: 69
Content-Type: application/json; charset=utf-8
host: localhost:7277
accept: */*

Response DefaultHttpResponse(decodeResult: success, version: HTTP/1.1)
HTTP/1.1 200 OK
Content-Length: 125
Content-Type: application/json; charset=utf-8
cache-control: no-cache

14:58:26.949 [AsyncHttpClient-1-14] DEBUG org.asynchttpclient.netty.channel.ChannelManager - Adding key: http://localhost:7277 for channel [id: 0xf887cfc9, L:/127.0.0.1:58164 - R:localhost/127.0.0.1:7277]
14:58:26.950 [Forwarding sendKeysToElement on session 0d0734228bfc7869b368d3d81a97b1cb to remote] DEBUG org.asynchttpclient.netty.request.NettyRequestSender - Using pooled Channel '[id: 0xf887cfc9, L:/127.0.0.1:58164 - R:localhost/127.0.0.1:7277]' for 'POST' to 'http://localhost:7277/session/0d0734228bfc7869b368d3d81a97b1cb/element/f.7026F1908C5FD28E4E9015C8C74185E2.d.0FE203D95A7805F695852DAE92FCF13C.e.4/value'
14:58:26.950 [Forwarding sendKeysToElement on session 0d0734228bfc7869b368d3d81a97b1cb to remote] DEBUG org.asynchttpclient.netty.request.NettyRequestSender - Using open Channel [id: 0xf887cfc9, L:/127.0.0.1:58164 - R:localhost/127.0.0.1:7277] for POST '/session/0d0734228bfc7869b368d3d81a97b1cb/element/f.7026F1908C5FD28E4E9015C8C74185E2.d.0FE203D95A7805F695852DAE92FCF13C.e.4/value'
14:58:27.118 [AsyncHttpClient-1-14] DEBUG org.asynchttpclient.netty.handler.HttpHandler - 

Request DefaultHttpRequest(decodeResult: success, version: HTTP/1.1)
POST /session/0d0734228bfc7869b368d3d81a97b1cb/element/f.7026F1908C5FD28E4E9015C8C74185E2.d.0FE203D95A7805F695852DAE92FCF13C.e.4/value HTTP/1.1
User-Agent: selenium/4.12.0 (java windows)
Content-Length: 338
Content-Type: application/json; charset=utf-8
host: localhost:7277
accept: */*

Response DefaultHttpResponse(decodeResult: success, version: HTTP/1.1)
HTTP/1.1 200 OK
Content-Length: 14
Content-Type: application/json; charset=utf-8
cache-control: no-cache

14:58:27.118 [AsyncHttpClient-1-14] DEBUG org.asynchttpclient.netty.channel.ChannelManager - Adding key: http://localhost:7277 for channel [id: 0xf887cfc9, L:/127.0.0.1:58164 - R:localhost/127.0.0.1:7277]
14:58:27.119 [Forwarding findElement on session 0d0734228bfc7869b368d3d81a97b1cb to remote] DEBUG org.asynchttpclient.netty.request.NettyRequestSender - Using pooled Channel '[id: 0xf887cfc9, L:/127.0.0.1:58164 - R:localhost/127.0.0.1:7277]' for 'POST' to 'http://localhost:7277/session/0d0734228bfc7869b368d3d81a97b1cb/element'
14:58:27.119 [Forwarding findElement on session 0d0734228bfc7869b368d3d81a97b1cb to remote] DEBUG org.asynchttpclient.netty.request.NettyRequestSender - Using open Channel [id: 0xf887cfc9, L:/127.0.0.1:58164 - R:localhost/127.0.0.1:7277] for POST '/session/0d0734228bfc7869b368d3d81a97b1cb/element'
14:58:27.135 [AsyncHttpClient-1-14] DEBUG org.asynchttpclient.netty.handler.HttpHandler - 

Request DefaultHttpRequest(decodeResult: success, version: HTTP/1.1)
POST /session/0d0734228bfc7869b368d3d81a97b1cb/element HTTP/1.1
User-Agent: selenium/4.12.0 (java windows)
Content-Length: 72
Content-Type: application/json; charset=utf-8
host: localhost:7277
accept: */*

Response DefaultHttpResponse(decodeResult: success, version: HTTP/1.1)
HTTP/1.1 200 OK
Content-Length: 125
Content-Type: application/json; charset=utf-8
cache-control: no-cache

14:58:27.135 [AsyncHttpClient-1-14] DEBUG org.asynchttpclient.netty.channel.ChannelManager - Adding key: http://localhost:7277 for channel [id: 0xf887cfc9, L:/127.0.0.1:58164 - R:localhost/127.0.0.1:7277]
14:58:27.136 [Forwarding sendKeysToElement on session 0d0734228bfc7869b368d3d81a97b1cb to remote] DEBUG org.asynchttpclient.netty.request.NettyRequestSender - Using pooled Channel '[id: 0xf887cfc9, L:/127.0.0.1:58164 - R:localhost/127.0.0.1:7277]' for 'POST' to 'http://localhost:7277/session/0d0734228bfc7869b368d3d81a97b1cb/element/f.7026F1908C5FD28E4E9015C8C74185E2.d.0FE203D95A7805F695852DAE92FCF13C.e.6/value'
14:58:27.136 [Forwarding sendKeysToElement on session 0d0734228bfc7869b368d3d81a97b1cb to remote] DEBUG org.asynchttpclient.netty.request.NettyRequestSender - Using open Channel [id: 0xf887cfc9, L:/127.0.0.1:58164 - R:localhost/127.0.0.1:7277] for POST '/session/0d0734228bfc7869b368d3d81a97b1cb/element/f.7026F1908C5FD28E4E9015C8C74185E2.d.0FE203D95A7805F695852DAE92FCF13C.e.6/value'
14:58:27.229 [AsyncHttpClient-1-14] DEBUG org.asynchttpclient.netty.handler.HttpHandler - 

Request DefaultHttpRequest(decodeResult: success, version: HTTP/1.1)
POST /session/0d0734228bfc7869b368d3d81a97b1cb/element/f.7026F1908C5FD28E4E9015C8C74185E2.d.0FE203D95A7805F695852DAE92FCF13C.e.6/value HTTP/1.1
User-Agent: selenium/4.12.0 (java windows)
Content-Length: 208
Content-Type: application/json; charset=utf-8
host: localhost:7277
accept: */*

Response DefaultHttpResponse(decodeResult: success, version: HTTP/1.1)
HTTP/1.1 200 OK
Content-Length: 14
Content-Type: application/json; charset=utf-8
cache-control: no-cache

14:58:27.229 [AsyncHttpClient-1-14] DEBUG org.asynchttpclient.netty.channel.ChannelManager - Adding key: http://localhost:7277 for channel [id: 0xf887cfc9, L:/127.0.0.1:58164 - R:localhost/127.0.0.1:7277]
14:58:27.232 [Forwarding findElement on session 0d0734228bfc7869b368d3d81a97b1cb to remote] DEBUG org.asynchttpclient.netty.request.NettyRequestSender - Using pooled Channel '[id: 0xf887cfc9, L:/127.0.0.1:58164 - R:localhost/127.0.0.1:7277]' for 'POST' to 'http://localhost:7277/session/0d0734228bfc7869b368d3d81a97b1cb/element'
14:58:27.232 [Forwarding findElement on session 0d0734228bfc7869b368d3d81a97b1cb to remote] DEBUG org.asynchttpclient.netty.request.NettyRequestSender - Using open Channel [id: 0xf887cfc9, L:/127.0.0.1:58164 - R:localhost/127.0.0.1:7277] for POST '/session/0d0734228bfc7869b368d3d81a97b1cb/element'
14:58:27.251 [AsyncHttpClient-1-14] DEBUG org.asynchttpclient.netty.handler.HttpHandler - 

Request DefaultHttpRequest(decodeResult: success, version: HTTP/1.1)
POST /session/0d0734228bfc7869b368d3d81a97b1cb/element HTTP/1.1
User-Agent: selenium/4.12.0 (java windows)
Content-Length: 73
Content-Type: application/json; charset=utf-8
host: localhost:7277
accept: */*

Response DefaultHttpResponse(decodeResult: success, version: HTTP/1.1)
HTTP/1.1 200 OK
Content-Length: 125
Content-Type: application/json; charset=utf-8
cache-control: no-cache

14:58:27.251 [AsyncHttpClient-1-14] DEBUG org.asynchttpclient.netty.channel.ChannelManager - Adding key: http://localhost:7277 for channel [id: 0xf887cfc9, L:/127.0.0.1:58164 - R:localhost/127.0.0.1:7277]
14:58:27.253 [Forwarding clickElement on session 0d0734228bfc7869b368d3d81a97b1cb to remote] DEBUG org.asynchttpclient.netty.request.NettyRequestSender - Using pooled Channel '[id: 0xf887cfc9, L:/127.0.0.1:58164 - R:localhost/127.0.0.1:7277]' for 'POST' to 'http://localhost:7277/session/0d0734228bfc7869b368d3d81a97b1cb/element/f.7026F1908C5FD28E4E9015C8C74185E2.d.0FE203D95A7805F695852DAE92FCF13C.e.8/click'
14:58:27.253 [Forwarding clickElement on session 0d0734228bfc7869b368d3d81a97b1cb to remote] DEBUG org.asynchttpclient.netty.request.NettyRequestSender - Using open Channel [id: 0xf887cfc9, L:/127.0.0.1:58164 - R:localhost/127.0.0.1:7277] for POST '/session/0d0734228bfc7869b368d3d81a97b1cb/element/f.7026F1908C5FD28E4E9015C8C74185E2.d.0FE203D95A7805F695852DAE92FCF13C.e.8/click'
14:58:27.382 [AsyncHttpClient-1-14] DEBUG org.asynchttpclient.netty.handler.HttpHandler - 

Request DefaultHttpRequest(decodeResult: success, version: HTTP/1.1)
POST /session/0d0734228bfc7869b368d3d81a97b1cb/element/f.7026F1908C5FD28E4E9015C8C74185E2.d.0FE203D95A7805F695852DAE92FCF13C.e.8/click HTTP/1.1
User-Agent: selenium/4.12.0 (java windows)
Content-Length: 87
Content-Type: application/json; charset=utf-8
host: localhost:7277
accept: */*

Response DefaultHttpResponse(decodeResult: success, version: HTTP/1.1)
HTTP/1.1 200 OK
Content-Length: 14
Content-Type: application/json; charset=utf-8
cache-control: no-cache

14:58:27.382 [AsyncHttpClient-1-14] DEBUG org.asynchttpclient.netty.channel.ChannelManager - Adding key: http://localhost:7277 for channel [id: 0xf887cfc9, L:/127.0.0.1:58164 - R:localhost/127.0.0.1:7277]
14:58:27.870 [AsyncHttpClient-1-1] DEBUG org.asynchttpclient.netty.channel.DefaultChannelPool - Entry count for : http://localhost:7277 : 1
14:58:28.970 [AsyncHttpClient-1-1] DEBUG org.asynchttpclient.netty.channel.DefaultChannelPool - Entry count for : http://localhost:7277 : 1
14:58:30.072 [AsyncHttpClient-1-1] DEBUG org.asynchttpclient.netty.channel.DefaultChannelPool - Entry count for : http://localhost:7277 : 1
14:58:31.174 [AsyncHttpClient-1-1] DEBUG org.asynchttpclient.netty.channel.DefaultChannelPool - Entry count for : http://localhost:7277 : 1
14:58:32.275 [AsyncHttpClient-1-1] DEBUG org.asynchttpclient.netty.channel.DefaultChannelPool - Entry count for : http://localhost:7277 : 1
14:58:32.395 [Forwarding getCurrentUrl on session 0d0734228bfc7869b368d3d81a97b1cb to remote] DEBUG org.asynchttpclient.netty.request.NettyRequestSender - Using pooled Channel '[id: 0xf887cfc9, L:/127.0.0.1:58164 - R:localhost/127.0.0.1:7277]' for 'GET' to 'http://localhost:7277/session/0d0734228bfc7869b368d3d81a97b1cb/url'
14:58:32.395 [Forwarding getCurrentUrl on session 0d0734228bfc7869b368d3d81a97b1cb to remote] DEBUG org.asynchttpclient.netty.request.NettyRequestSender - Using open Channel [id: 0xf887cfc9, L:/127.0.0.1:58164 - R:localhost/127.0.0.1:7277] for GET '/session/0d0734228bfc7869b368d3d81a97b1cb/url'
14:58:32.404 [AsyncHttpClient-1-14] DEBUG org.asynchttpclient.netty.handler.HttpHandler - 

Request DefaultFullHttpRequest(decodeResult: success, version: HTTP/1.1, content: EmptyByteBufBE)
GET /session/0d0734228bfc7869b368d3d81a97b1cb/url HTTP/1.1
Cache-Control: no-cache
User-Agent: selenium/4.12.0 (java windows)
Content-Type: application/json; charset=utf-8
host: localhost:7277
accept: */*

Response DefaultHttpResponse(decodeResult: success, version: HTTP/1.1)
HTTP/1.1 200 OK
Content-Length: 69
Content-Type: application/json; charset=utf-8
cache-control: no-cache

14:58:32.404 [AsyncHttpClient-1-14] DEBUG org.asynchttpclient.netty.channel.ChannelManager - Adding key: http://localhost:7277 for channel [id: 0xf887cfc9, L:/127.0.0.1:58164 - R:localhost/127.0.0.1:7277]
https://fleet-manager-development.vercel.app/auth/sign-in
14:58:32.406 [Forwarding findElement on session 0d0734228bfc7869b368d3d81a97b1cb to remote] DEBUG org.asynchttpclient.netty.request.NettyRequestSender - Using pooled Channel '[id: 0xf887cfc9, L:/127.0.0.1:58164 - R:localhost/127.0.0.1:7277]' for 'POST' to 'http://localhost:7277/session/0d0734228bfc7869b368d3d81a97b1cb/element'
14:58:32.406 [Forwarding findElement on session 0d0734228bfc7869b368d3d81a97b1cb to remote] DEBUG org.asynchttpclient.netty.request.NettyRequestSender - Using open Channel [id: 0xf887cfc9, L:/127.0.0.1:58164 - R:localhost/127.0.0.1:7277] for POST '/session/0d0734228bfc7869b368d3d81a97b1cb/element'
14:58:32.420 [AsyncHttpClient-1-14] DEBUG org.asynchttpclient.netty.handler.HttpHandler - 

Request DefaultHttpRequest(decodeResult: success, version: HTTP/1.1)
POST /session/0d0734228bfc7869b368d3d81a97b1cb/element HTTP/1.1
User-Agent: selenium/4.12.0 (java windows)
Content-Length: 66
Content-Type: application/json; charset=utf-8
host: localhost:7277
accept: */*

Response DefaultHttpResponse(decodeResult: success, version: HTTP/1.1)
HTTP/1.1 200 OK
Content-Length: 126
Content-Type: application/json; charset=utf-8
cache-control: no-cache

14:58:32.421 [AsyncHttpClient-1-14] DEBUG org.asynchttpclient.netty.channel.ChannelManager - Adding key: http://localhost:7277 for channel [id: 0xf887cfc9, L:/127.0.0.1:58164 - R:localhost/127.0.0.1:7277]
14:58:32.423 [Forwarding isElementDisplayed on session 0d0734228bfc7869b368d3d81a97b1cb to remote] DEBUG org.asynchttpclient.netty.request.NettyRequestSender - Using pooled Channel '[id: 0xf887cfc9, L:/127.0.0.1:58164 - R:localhost/127.0.0.1:7277]' for 'POST' to 'http://localhost:7277/session/0d0734228bfc7869b368d3d81a97b1cb/execute/sync'
14:58:32.423 [Forwarding isElementDisplayed on session 0d0734228bfc7869b368d3d81a97b1cb to remote] DEBUG org.asynchttpclient.netty.request.NettyRequestSender - Using open Channel [id: 0xf887cfc9, L:/127.0.0.1:58164 - R:localhost/127.0.0.1:7277] for POST '/session/0d0734228bfc7869b368d3d81a97b1cb/execute/sync'
14:58:32.439 [AsyncHttpClient-1-14] DEBUG org.asynchttpclient.netty.handler.HttpHandler - 

Request DefaultHttpRequest(decodeResult: success, version: HTTP/1.1)
POST /session/0d0734228bfc7869b368d3d81a97b1cb/execute/sync HTTP/1.1
User-Agent: selenium/4.12.0 (java windows)
Content-Length: 48734
Content-Type: application/json; charset=utf-8
host: localhost:7277
accept: */*

Response DefaultHttpResponse(decodeResult: success, version: HTTP/1.1)
HTTP/1.1 200 OK
Content-Length: 14
Content-Type: application/json; charset=utf-8
cache-control: no-cache

14:58:32.439 [AsyncHttpClient-1-14] DEBUG org.asynchttpclient.netty.channel.ChannelManager - Adding key: http://localhost:7277 for channel [id: 0xf887cfc9, L:/127.0.0.1:58164 - R:localhost/127.0.0.1:7277]
14:58:32.442 [Forwarding findElement on session 0d0734228bfc7869b368d3d81a97b1cb to remote] DEBUG org.asynchttpclient.netty.request.NettyRequestSender - Using pooled Channel '[id: 0xf887cfc9, L:/127.0.0.1:58164 - R:localhost/127.0.0.1:7277]' for 'POST' to 'http://localhost:7277/session/0d0734228bfc7869b368d3d81a97b1cb/element'
14:58:32.442 [Forwarding findElement on session 0d0734228bfc7869b368d3d81a97b1cb to remote] DEBUG org.asynchttpclient.netty.request.NettyRequestSender - Using open Channel [id: 0xf887cfc9, L:/127.0.0.1:58164 - R:localhost/127.0.0.1:7277] for POST '/session/0d0734228bfc7869b368d3d81a97b1cb/element'
14:58:32.452 [AsyncHttpClient-1-14] DEBUG org.asynchttpclient.netty.handler.HttpHandler - 

Request DefaultHttpRequest(decodeResult: success, version: HTTP/1.1)
POST /session/0d0734228bfc7869b368d3d81a97b1cb/element HTTP/1.1
User-Agent: selenium/4.12.0 (java windows)
Content-Length: 66
Content-Type: application/json; charset=utf-8
host: localhost:7277
accept: */*

Response DefaultHttpResponse(decodeResult: success, version: HTTP/1.1)
HTTP/1.1 200 OK
Content-Length: 126
Content-Type: application/json; charset=utf-8
cache-control: no-cache

14:58:32.452 [AsyncHttpClient-1-14] DEBUG org.asynchttpclient.netty.channel.ChannelManager - Adding key: http://localhost:7277 for channel [id: 0xf887cfc9, L:/127.0.0.1:58164 - R:localhost/127.0.0.1:7277]
14:58:32.453 [Forwarding getElementText on session 0d0734228bfc7869b368d3d81a97b1cb to remote] DEBUG org.asynchttpclient.netty.request.NettyRequestSender - Using pooled Channel '[id: 0xf887cfc9, L:/127.0.0.1:58164 - R:localhost/127.0.0.1:7277]' for 'GET' to 'http://localhost:7277/session/0d0734228bfc7869b368d3d81a97b1cb/element/f.7026F1908C5FD28E4E9015C8C74185E2.d.0FE203D95A7805F695852DAE92FCF13C.e.19/text'
14:58:32.453 [Forwarding getElementText on session 0d0734228bfc7869b368d3d81a97b1cb to remote] DEBUG org.asynchttpclient.netty.request.NettyRequestSender - Using open Channel [id: 0xf887cfc9, L:/127.0.0.1:58164 - R:localhost/127.0.0.1:7277] for GET '/session/0d0734228bfc7869b368d3d81a97b1cb/element/f.7026F1908C5FD28E4E9015C8C74185E2.d.0FE203D95A7805F695852DAE92FCF13C.e.19/text'
14:58:32.472 [AsyncHttpClient-1-14] DEBUG org.asynchttpclient.netty.handler.HttpHandler - 

Request DefaultFullHttpRequest(decodeResult: success, version: HTTP/1.1, content: EmptyByteBufBE)
GET /session/0d0734228bfc7869b368d3d81a97b1cb/element/f.7026F1908C5FD28E4E9015C8C74185E2.d.0FE203D95A7805F695852DAE92FCF13C.e.19/text HTTP/1.1
Cache-Control: no-cache
User-Agent: selenium/4.12.0 (java windows)
Content-Type: application/json; charset=utf-8
host: localhost:7277
accept: */*

Response DefaultHttpResponse(decodeResult: success, version: HTTP/1.1)
HTTP/1.1 200 OK
Content-Length: 33
Content-Type: application/json; charset=utf-8
cache-control: no-cache

14:58:32.472 [AsyncHttpClient-1-14] DEBUG org.asynchttpclient.netty.channel.ChannelManager - Adding key: http://localhost:7277 for channel [id: 0xf887cfc9, L:/127.0.0.1:58164 - R:localhost/127.0.0.1:7277]
14:58:32.474 [Forwarding findElement on session 0d0734228bfc7869b368d3d81a97b1cb to remote] DEBUG org.asynchttpclient.netty.request.NettyRequestSender - Using pooled Channel '[id: 0xf887cfc9, L:/127.0.0.1:58164 - R:localhost/127.0.0.1:7277]' for 'POST' to 'http://localhost:7277/session/0d0734228bfc7869b368d3d81a97b1cb/element'
14:58:32.474 [Forwarding findElement on session 0d0734228bfc7869b368d3d81a97b1cb to remote] DEBUG org.asynchttpclient.netty.request.NettyRequestSender - Using open Channel [id: 0xf887cfc9, L:/127.0.0.1:58164 - R:localhost/127.0.0.1:7277] for POST '/session/0d0734228bfc7869b368d3d81a97b1cb/element'
14:58:32.486 [AsyncHttpClient-1-14] DEBUG org.asynchttpclient.netty.handler.HttpHandler - 

Request DefaultHttpRequest(decodeResult: success, version: HTTP/1.1)
POST /session/0d0734228bfc7869b368d3d81a97b1cb/element HTTP/1.1
User-Agent: selenium/4.12.0 (java windows)
Content-Length: 74
Content-Type: application/json; charset=utf-8
host: localhost:7277
accept: */*

Response DefaultHttpResponse(decodeResult: success, version: HTTP/1.1)
HTTP/1.1 200 OK
Content-Length: 126
Content-Type: application/json; charset=utf-8
cache-control: no-cache

14:58:32.487 [AsyncHttpClient-1-14] DEBUG org.asynchttpclient.netty.channel.ChannelManager - Adding key: http://localhost:7277 for channel [id: 0xf887cfc9, L:/127.0.0.1:58164 - R:localhost/127.0.0.1:7277]
14:58:32.488 [Forwarding clickElement on session 0d0734228bfc7869b368d3d81a97b1cb to remote] DEBUG org.asynchttpclient.netty.request.NettyRequestSender - Using pooled Channel '[id: 0xf887cfc9, L:/127.0.0.1:58164 - R:localhost/127.0.0.1:7277]' for 'POST' to 'http://localhost:7277/session/0d0734228bfc7869b368d3d81a97b1cb/element/f.7026F1908C5FD28E4E9015C8C74185E2.d.0FE203D95A7805F695852DAE92FCF13C.e.20/click'
14:58:32.488 [Forwarding clickElement on session 0d0734228bfc7869b368d3d81a97b1cb to remote] DEBUG org.asynchttpclient.netty.request.NettyRequestSender - Using open Channel [id: 0xf887cfc9, L:/127.0.0.1:58164 - R:localhost/127.0.0.1:7277] for POST '/session/0d0734228bfc7869b368d3d81a97b1cb/element/f.7026F1908C5FD28E4E9015C8C74185E2.d.0FE203D95A7805F695852DAE92FCF13C.e.20/click'
14:58:32.566 [AsyncHttpClient-1-14] DEBUG org.asynchttpclient.netty.handler.HttpHandler - 

Request DefaultHttpRequest(decodeResult: success, version: HTTP/1.1)
POST /session/0d0734228bfc7869b368d3d81a97b1cb/element/f.7026F1908C5FD28E4E9015C8C74185E2.d.0FE203D95A7805F695852DAE92FCF13C.e.20/click HTTP/1.1
User-Agent: selenium/4.12.0 (java windows)
Content-Length: 88
Content-Type: application/json; charset=utf-8
host: localhost:7277
accept: */*

Response DefaultHttpResponse(decodeResult: success, version: HTTP/1.1)
HTTP/1.1 200 OK
Content-Length: 14
Content-Type: application/json; charset=utf-8
cache-control: no-cache

14:58:32.566 [AsyncHttpClient-1-14] DEBUG org.asynchttpclient.netty.channel.ChannelManager - Adding key: http://localhost:7277 for channel [id: 0xf887cfc9, L:/127.0.0.1:58164 - R:localhost/127.0.0.1:7277]
14:58:33.371 [AsyncHttpClient-1-1] DEBUG org.asynchttpclient.netty.channel.DefaultChannelPool - Entry count for : http://localhost:7277 : 1
14:58:34.477 [AsyncHttpClient-1-1] DEBUG org.asynchttpclient.netty.channel.DefaultChannelPool - Entry count for : http://localhost:7277 : 1
14:58:35.570 [Forwarding screenshot on session 0d0734228bfc7869b368d3d81a97b1cb to remote] DEBUG org.asynchttpclient.netty.request.NettyRequestSender - Using pooled Channel '[id: 0xf887cfc9, L:/127.0.0.1:58164 - R:localhost/127.0.0.1:7277]' for 'GET' to 'http://localhost:7277/session/0d0734228bfc7869b368d3d81a97b1cb/screenshot'
14:58:35.570 [Forwarding screenshot on session 0d0734228bfc7869b368d3d81a97b1cb to remote] DEBUG org.asynchttpclient.netty.request.NettyRequestSender - Using open Channel [id: 0xf887cfc9, L:/127.0.0.1:58164 - R:localhost/127.0.0.1:7277] for GET '/session/0d0734228bfc7869b368d3d81a97b1cb/screenshot'
14:58:35.721 [AsyncHttpClient-1-14] DEBUG org.asynchttpclient.netty.handler.HttpHandler - 

Request DefaultFullHttpRequest(decodeResult: success, version: HTTP/1.1, content: EmptyByteBufBE)
GET /session/0d0734228bfc7869b368d3d81a97b1cb/screenshot HTTP/1.1
Cache-Control: no-cache
User-Agent: selenium/4.12.0 (java windows)
Content-Type: application/json; charset=utf-8
host: localhost:7277
accept: */*

Response DefaultHttpResponse(decodeResult: success, version: HTTP/1.1)
HTTP/1.1 200 OK
Content-Length: 233672
Content-Type: application/json; charset=utf-8
cache-control: no-cache

14:58:35.721 [AsyncHttpClient-1-14] DEBUG org.asynchttpclient.netty.channel.ChannelManager - Adding key: http://localhost:7277 for channel [id: 0xf887cfc9, L:/127.0.0.1:58164 - R:localhost/127.0.0.1:7277]
  Given I am on dashboardfokisaj290@edectus.com and Fleet@123              # StepDefination.Customer_onboarding.I_am_on_dashboard(java.lang.String,java.lang.String)
14:58:35.732 [Forwarding findElement on session 0d0734228bfc7869b368d3d81a97b1cb to remote] DEBUG org.asynchttpclient.netty.request.NettyRequestSender - Using pooled Channel '[id: 0xf887cfc9, L:/127.0.0.1:58164 - R:localhost/127.0.0.1:7277]' for 'POST' to 'http://localhost:7277/session/0d0734228bfc7869b368d3d81a97b1cb/element'
14:58:35.733 [Forwarding findElement on session 0d0734228bfc7869b368d3d81a97b1cb to remote] DEBUG org.asynchttpclient.netty.request.NettyRequestSender - Using open Channel [id: 0xf887cfc9, L:/127.0.0.1:58164 - R:localhost/127.0.0.1:7277] for POST '/session/0d0734228bfc7869b368d3d81a97b1cb/element'
14:58:35.748 [AsyncHttpClient-1-14] DEBUG org.asynchttpclient.netty.handler.HttpHandler - 

Request DefaultHttpRequest(decodeResult: success, version: HTTP/1.1)
POST /session/0d0734228bfc7869b368d3d81a97b1cb/element HTTP/1.1
User-Agent: selenium/4.12.0 (java windows)
Content-Length: 127
Content-Type: application/json; charset=utf-8
host: localhost:7277
accept: */*

Response DefaultHttpResponse(decodeResult: success, version: HTTP/1.1)
HTTP/1.1 200 OK
Content-Length: 126
Content-Type: application/json; charset=utf-8
cache-control: no-cache

14:58:35.748 [AsyncHttpClient-1-14] DEBUG org.asynchttpclient.netty.channel.ChannelManager - Adding key: http://localhost:7277 for channel [id: 0xf887cfc9, L:/127.0.0.1:58164 - R:localhost/127.0.0.1:7277]
14:58:35.749 [Forwarding getElementText on session 0d0734228bfc7869b368d3d81a97b1cb to remote] DEBUG org.asynchttpclient.netty.request.NettyRequestSender - Using pooled Channel '[id: 0xf887cfc9, L:/127.0.0.1:58164 - R:localhost/127.0.0.1:7277]' for 'GET' to 'http://localhost:7277/session/0d0734228bfc7869b368d3d81a97b1cb/element/f.7026F1908C5FD28E4E9015C8C74185E2.d.1013B927BDDA9A04D5E7C40DBDA20AED.e.30/text'
14:58:35.749 [Forwarding getElementText on session 0d0734228bfc7869b368d3d81a97b1cb to remote] DEBUG org.asynchttpclient.netty.request.NettyRequestSender - Using open Channel [id: 0xf887cfc9, L:/127.0.0.1:58164 - R:localhost/127.0.0.1:7277] for GET '/session/0d0734228bfc7869b368d3d81a97b1cb/element/f.7026F1908C5FD28E4E9015C8C74185E2.d.1013B927BDDA9A04D5E7C40DBDA20AED.e.30/text'
14:58:35.760 [AsyncHttpClient-1-14] DEBUG org.asynchttpclient.netty.handler.HttpHandler - 

Request DefaultFullHttpRequest(decodeResult: success, version: HTTP/1.1, content: EmptyByteBufBE)
GET /session/0d0734228bfc7869b368d3d81a97b1cb/element/f.7026F1908C5FD28E4E9015C8C74185E2.d.1013B927BDDA9A04D5E7C40DBDA20AED.e.30/text HTTP/1.1
Cache-Control: no-cache
User-Agent: selenium/4.12.0 (java windows)
Content-Type: application/json; charset=utf-8
host: localhost:7277
accept: */*

Response DefaultHttpResponse(decodeResult: success, version: HTTP/1.1)
HTTP/1.1 200 OK
Content-Length: 21
Content-Type: application/json; charset=utf-8
cache-control: no-cache

14:58:35.761 [AsyncHttpClient-1-14] DEBUG org.asynchttpclient.netty.channel.ChannelManager - Adding key: http://localhost:7277 for channel [id: 0xf887cfc9, L:/127.0.0.1:58164 - R:localhost/127.0.0.1:7277]
14:58:35.761 [Forwarding findElement on session 0d0734228bfc7869b368d3d81a97b1cb to remote] DEBUG org.asynchttpclient.netty.request.NettyRequestSender - Using pooled Channel '[id: 0xf887cfc9, L:/127.0.0.1:58164 - R:localhost/127.0.0.1:7277]' for 'POST' to 'http://localhost:7277/session/0d0734228bfc7869b368d3d81a97b1cb/element'
14:58:35.761 [Forwarding findElement on session 0d0734228bfc7869b368d3d81a97b1cb to remote] DEBUG org.asynchttpclient.netty.request.NettyRequestSender - Using open Channel [id: 0xf887cfc9, L:/127.0.0.1:58164 - R:localhost/127.0.0.1:7277] for POST '/session/0d0734228bfc7869b368d3d81a97b1cb/element'
14:58:35.770 [AsyncHttpClient-1-14] DEBUG org.asynchttpclient.netty.handler.HttpHandler - 

Request DefaultHttpRequest(decodeResult: success, version: HTTP/1.1)
POST /session/0d0734228bfc7869b368d3d81a97b1cb/element HTTP/1.1
User-Agent: selenium/4.12.0 (java windows)
Content-Length: 127
Content-Type: application/json; charset=utf-8
host: localhost:7277
accept: */*

Response DefaultHttpResponse(decodeResult: success, version: HTTP/1.1)
HTTP/1.1 200 OK
Content-Length: 126
Content-Type: application/json; charset=utf-8
cache-control: no-cache

14:58:35.770 [AsyncHttpClient-1-14] DEBUG org.asynchttpclient.netty.channel.ChannelManager - Adding key: http://localhost:7277 for channel [id: 0xf887cfc9, L:/127.0.0.1:58164 - R:localhost/127.0.0.1:7277]
14:58:35.771 [Forwarding clickElement on session 0d0734228bfc7869b368d3d81a97b1cb to remote] DEBUG org.asynchttpclient.netty.request.NettyRequestSender - Using pooled Channel '[id: 0xf887cfc9, L:/127.0.0.1:58164 - R:localhost/127.0.0.1:7277]' for 'POST' to 'http://localhost:7277/session/0d0734228bfc7869b368d3d81a97b1cb/element/f.7026F1908C5FD28E4E9015C8C74185E2.d.1013B927BDDA9A04D5E7C40DBDA20AED.e.30/click'
14:58:35.771 [Forwarding clickElement on session 0d0734228bfc7869b368d3d81a97b1cb to remote] DEBUG org.asynchttpclient.netty.request.NettyRequestSender - Using open Channel [id: 0xf887cfc9, L:/127.0.0.1:58164 - R:localhost/127.0.0.1:7277] for POST '/session/0d0734228bfc7869b368d3d81a97b1cb/element/f.7026F1908C5FD28E4E9015C8C74185E2.d.1013B927BDDA9A04D5E7C40DBDA20AED.e.30/click'
14:58:35.844 [AsyncHttpClient-1-14] DEBUG org.asynchttpclient.netty.handler.HttpHandler - 

Request DefaultHttpRequest(decodeResult: success, version: HTTP/1.1)
POST /session/0d0734228bfc7869b368d3d81a97b1cb/element/f.7026F1908C5FD28E4E9015C8C74185E2.d.1013B927BDDA9A04D5E7C40DBDA20AED.e.30/click HTTP/1.1
User-Agent: selenium/4.12.0 (java windows)
Content-Length: 88
Content-Type: application/json; charset=utf-8
host: localhost:7277
accept: */*

Response DefaultHttpResponse(decodeResult: success, version: HTTP/1.1)
HTTP/1.1 200 OK
Content-Length: 14
Content-Type: application/json; charset=utf-8
cache-control: no-cache

14:58:35.844 [AsyncHttpClient-1-14] DEBUG org.asynchttpclient.netty.channel.ChannelManager - Adding key: http://localhost:7277 for channel [id: 0xf887cfc9, L:/127.0.0.1:58164 - R:localhost/127.0.0.1:7277]
14:58:36.670 [AsyncHttpClient-1-1] DEBUG org.asynchttpclient.netty.channel.DefaultChannelPool - Entry count for : http://localhost:7277 : 1
14:58:37.778 [AsyncHttpClient-1-1] DEBUG org.asynchttpclient.netty.channel.DefaultChannelPool - Entry count for : http://localhost:7277 : 1
14:58:37.856 [Forwarding screenshot on session 0d0734228bfc7869b368d3d81a97b1cb to remote] DEBUG org.asynchttpclient.netty.request.NettyRequestSender - Using pooled Channel '[id: 0xf887cfc9, L:/127.0.0.1:58164 - R:localhost/127.0.0.1:7277]' for 'GET' to 'http://localhost:7277/session/0d0734228bfc7869b368d3d81a97b1cb/screenshot'
14:58:37.856 [Forwarding screenshot on session 0d0734228bfc7869b368d3d81a97b1cb to remote] DEBUG org.asynchttpclient.netty.request.NettyRequestSender - Using open Channel [id: 0xf887cfc9, L:/127.0.0.1:58164 - R:localhost/127.0.0.1:7277] for GET '/session/0d0734228bfc7869b368d3d81a97b1cb/screenshot'
14:58:38.010 [AsyncHttpClient-1-14] DEBUG org.asynchttpclient.netty.handler.HttpHandler - 

Request DefaultFullHttpRequest(decodeResult: success, version: HTTP/1.1, content: EmptyByteBufBE)
GET /session/0d0734228bfc7869b368d3d81a97b1cb/screenshot HTTP/1.1
Cache-Control: no-cache
User-Agent: selenium/4.12.0 (java windows)
Content-Type: application/json; charset=utf-8
host: localhost:7277
accept: */*

Response DefaultHttpResponse(decodeResult: success, version: HTTP/1.1)
HTTP/1.1 200 OK
Content-Length: 297576
Content-Type: application/json; charset=utf-8
cache-control: no-cache

14:58:38.010 [AsyncHttpClient-1-14] DEBUG org.asynchttpclient.netty.channel.ChannelManager - Adding key: http://localhost:7277 for channel [id: 0xf887cfc9, L:/127.0.0.1:58164 - R:localhost/127.0.0.1:7277]
14:58:38.047 [Forwarding findElement on session 0d0734228bfc7869b368d3d81a97b1cb to remote] DEBUG org.asynchttpclient.netty.request.NettyRequestSender - Using pooled Channel '[id: 0xf887cfc9, L:/127.0.0.1:58164 - R:localhost/127.0.0.1:7277]' for 'POST' to 'http://localhost:7277/session/0d0734228bfc7869b368d3d81a97b1cb/element'
14:58:38.047 [Forwarding findElement on session 0d0734228bfc7869b368d3d81a97b1cb to remote] DEBUG org.asynchttpclient.netty.request.NettyRequestSender - Using open Channel [id: 0xf887cfc9, L:/127.0.0.1:58164 - R:localhost/127.0.0.1:7277] for POST '/session/0d0734228bfc7869b368d3d81a97b1cb/element'
14:58:38.057 [AsyncHttpClient-1-14] DEBUG org.asynchttpclient.netty.handler.HttpHandler - 

Request DefaultHttpRequest(decodeResult: success, version: HTTP/1.1)
POST /session/0d0734228bfc7869b368d3d81a97b1cb/element HTTP/1.1
User-Agent: selenium/4.12.0 (java windows)
Content-Length: 178
Content-Type: application/json; charset=utf-8
host: localhost:7277
accept: */*

Response DefaultHttpResponse(decodeResult: success, version: HTTP/1.1)
HTTP/1.1 200 OK
Content-Length: 126
Content-Type: application/json; charset=utf-8
cache-control: no-cache

14:58:38.057 [AsyncHttpClient-1-14] DEBUG org.asynchttpclient.netty.channel.ChannelManager - Adding key: http://localhost:7277 for channel [id: 0xf887cfc9, L:/127.0.0.1:58164 - R:localhost/127.0.0.1:7277]
14:58:38.057 [Forwarding getElementText on session 0d0734228bfc7869b368d3d81a97b1cb to remote] DEBUG org.asynchttpclient.netty.request.NettyRequestSender - Using pooled Channel '[id: 0xf887cfc9, L:/127.0.0.1:58164 - R:localhost/127.0.0.1:7277]' for 'GET' to 'http://localhost:7277/session/0d0734228bfc7869b368d3d81a97b1cb/element/f.7026F1908C5FD28E4E9015C8C74185E2.d.1013B927BDDA9A04D5E7C40DBDA20AED.e.35/text'
14:58:38.057 [Forwarding getElementText on session 0d0734228bfc7869b368d3d81a97b1cb to remote] DEBUG org.asynchttpclient.netty.request.NettyRequestSender - Using open Channel [id: 0xf887cfc9, L:/127.0.0.1:58164 - R:localhost/127.0.0.1:7277] for GET '/session/0d0734228bfc7869b368d3d81a97b1cb/element/f.7026F1908C5FD28E4E9015C8C74185E2.d.1013B927BDDA9A04D5E7C40DBDA20AED.e.35/text'
14:58:38.088 [AsyncHttpClient-1-14] DEBUG org.asynchttpclient.netty.handler.HttpHandler - 

Request DefaultFullHttpRequest(decodeResult: success, version: HTTP/1.1, content: EmptyByteBufBE)
GET /session/0d0734228bfc7869b368d3d81a97b1cb/element/f.7026F1908C5FD28E4E9015C8C74185E2.d.1013B927BDDA9A04D5E7C40DBDA20AED.e.35/text HTTP/1.1
Cache-Control: no-cache
User-Agent: selenium/4.12.0 (java windows)
Content-Type: application/json; charset=utf-8
host: localhost:7277
accept: */*

Response DefaultHttpResponse(decodeResult: success, version: HTTP/1.1)
HTTP/1.1 200 OK
Content-Length: 28
Content-Type: application/json; charset=utf-8
cache-control: no-cache

14:58:38.088 [AsyncHttpClient-1-14] DEBUG org.asynchttpclient.netty.channel.ChannelManager - Adding key: http://localhost:7277 for channel [id: 0xf887cfc9, L:/127.0.0.1:58164 - R:localhost/127.0.0.1:7277]
14:58:38.088 [Forwarding findElement on session 0d0734228bfc7869b368d3d81a97b1cb to remote] DEBUG org.asynchttpclient.netty.request.NettyRequestSender - Using pooled Channel '[id: 0xf887cfc9, L:/127.0.0.1:58164 - R:localhost/127.0.0.1:7277]' for 'POST' to 'http://localhost:7277/session/0d0734228bfc7869b368d3d81a97b1cb/element'
14:58:38.088 [Forwarding findElement on session 0d0734228bfc7869b368d3d81a97b1cb to remote] DEBUG org.asynchttpclient.netty.request.NettyRequestSender - Using open Channel [id: 0xf887cfc9, L:/127.0.0.1:58164 - R:localhost/127.0.0.1:7277] for POST '/session/0d0734228bfc7869b368d3d81a97b1cb/element'
14:58:38.104 [AsyncHttpClient-1-14] DEBUG org.asynchttpclient.netty.handler.HttpHandler - 

Request DefaultHttpRequest(decodeResult: success, version: HTTP/1.1)
POST /session/0d0734228bfc7869b368d3d81a97b1cb/element HTTP/1.1
User-Agent: selenium/4.12.0 (java windows)
Content-Length: 178
Content-Type: application/json; charset=utf-8
host: localhost:7277
accept: */*

Response DefaultHttpResponse(decodeResult: success, version: HTTP/1.1)
HTTP/1.1 200 OK
Content-Length: 126
Content-Type: application/json; charset=utf-8
cache-control: no-cache

14:58:38.104 [AsyncHttpClient-1-14] DEBUG org.asynchttpclient.netty.channel.ChannelManager - Adding key: http://localhost:7277 for channel [id: 0xf887cfc9, L:/127.0.0.1:58164 - R:localhost/127.0.0.1:7277]
14:58:38.104 [Forwarding clickElement on session 0d0734228bfc7869b368d3d81a97b1cb to remote] DEBUG org.asynchttpclient.netty.request.NettyRequestSender - Using pooled Channel '[id: 0xf887cfc9, L:/127.0.0.1:58164 - R:localhost/127.0.0.1:7277]' for 'POST' to 'http://localhost:7277/session/0d0734228bfc7869b368d3d81a97b1cb/element/f.7026F1908C5FD28E4E9015C8C74185E2.d.1013B927BDDA9A04D5E7C40DBDA20AED.e.35/click'
14:58:38.104 [Forwarding clickElement on session 0d0734228bfc7869b368d3d81a97b1cb to remote] DEBUG org.asynchttpclient.netty.request.NettyRequestSender - Using open Channel [id: 0xf887cfc9, L:/127.0.0.1:58164 - R:localhost/127.0.0.1:7277] for POST '/session/0d0734228bfc7869b368d3d81a97b1cb/element/f.7026F1908C5FD28E4E9015C8C74185E2.d.1013B927BDDA9A04D5E7C40DBDA20AED.e.35/click'
14:58:38.206 [AsyncHttpClient-1-14] DEBUG org.asynchttpclient.netty.handler.HttpHandler - 

Request DefaultHttpRequest(decodeResult: success, version: HTTP/1.1)
POST /session/0d0734228bfc7869b368d3d81a97b1cb/element/f.7026F1908C5FD28E4E9015C8C74185E2.d.1013B927BDDA9A04D5E7C40DBDA20AED.e.35/click HTTP/1.1
User-Agent: selenium/4.12.0 (java windows)
Content-Length: 88
Content-Type: application/json; charset=utf-8
host: localhost:7277
accept: */*

Response DefaultHttpResponse(decodeResult: success, version: HTTP/1.1)
HTTP/1.1 200 OK
Content-Length: 14
Content-Type: application/json; charset=utf-8
cache-control: no-cache

14:58:38.206 [AsyncHttpClient-1-14] DEBUG org.asynchttpclient.netty.channel.ChannelManager - Adding key: http://localhost:7277 for channel [id: 0xf887cfc9, L:/127.0.0.1:58164 - R:localhost/127.0.0.1:7277]
  When Open customer form                                                  # StepDefination.Customer_onboarding.Open_customer_form()
14:58:38.875 [AsyncHttpClient-1-1] DEBUG org.asynchttpclient.netty.channel.DefaultChannelPool - Entry count for : http://localhost:7277 : 1
14:58:39.221 [Forwarding findElement on session 0d0734228bfc7869b368d3d81a97b1cb to remote] DEBUG org.asynchttpclient.netty.request.NettyRequestSender - Using pooled Channel '[id: 0xf887cfc9, L:/127.0.0.1:58164 - R:localhost/127.0.0.1:7277]' for 'POST' to 'http://localhost:7277/session/0d0734228bfc7869b368d3d81a97b1cb/element'
14:58:39.221 [Forwarding findElement on session 0d0734228bfc7869b368d3d81a97b1cb to remote] DEBUG org.asynchttpclient.netty.request.NettyRequestSender - Using open Channel [id: 0xf887cfc9, L:/127.0.0.1:58164 - R:localhost/127.0.0.1:7277] for POST '/session/0d0734228bfc7869b368d3d81a97b1cb/element'
14:58:39.236 [AsyncHttpClient-1-14] DEBUG org.asynchttpclient.netty.handler.HttpHandler - 

Request DefaultHttpRequest(decodeResult: success, version: HTTP/1.1)
POST /session/0d0734228bfc7869b368d3d81a97b1cb/element HTTP/1.1
User-Agent: selenium/4.12.0 (java windows)
Content-Length: 114
Content-Type: application/json; charset=utf-8
host: localhost:7277
accept: */*

Response DefaultHttpResponse(decodeResult: success, version: HTTP/1.1)
HTTP/1.1 200 OK
Content-Length: 126
Content-Type: application/json; charset=utf-8
cache-control: no-cache

14:58:39.236 [AsyncHttpClient-1-14] DEBUG org.asynchttpclient.netty.channel.ChannelManager - Adding key: http://localhost:7277 for channel [id: 0xf887cfc9, L:/127.0.0.1:58164 - R:localhost/127.0.0.1:7277]
14:58:39.236 [Forwarding sendKeysToElement on session 0d0734228bfc7869b368d3d81a97b1cb to remote] DEBUG org.asynchttpclient.netty.request.NettyRequestSender - Using pooled Channel '[id: 0xf887cfc9, L:/127.0.0.1:58164 - R:localhost/127.0.0.1:7277]' for 'POST' to 'http://localhost:7277/session/0d0734228bfc7869b368d3d81a97b1cb/element/f.7026F1908C5FD28E4E9015C8C74185E2.d.1013B927BDDA9A04D5E7C40DBDA20AED.e.37/value'
14:58:39.236 [Forwarding sendKeysToElement on session 0d0734228bfc7869b368d3d81a97b1cb to remote] DEBUG org.asynchttpclient.netty.request.NettyRequestSender - Using open Channel [id: 0xf887cfc9, L:/127.0.0.1:58164 - R:localhost/127.0.0.1:7277] for POST '/session/0d0734228bfc7869b368d3d81a97b1cb/element/f.7026F1908C5FD28E4E9015C8C74185E2.d.1013B927BDDA9A04D5E7C40DBDA20AED.e.37/value'
14:58:39.442 [AsyncHttpClient-1-14] DEBUG org.asynchttpclient.netty.handler.HttpHandler - 

Request DefaultHttpRequest(decodeResult: success, version: HTTP/1.1)
POST /session/0d0734228bfc7869b368d3d81a97b1cb/element/f.7026F1908C5FD28E4E9015C8C74185E2.d.1013B927BDDA9A04D5E7C40DBDA20AED.e.37/value HTTP/1.1
User-Agent: selenium/4.12.0 (java windows)
Content-Length: 199
Content-Type: application/json; charset=utf-8
host: localhost:7277
accept: */*

Response DefaultHttpResponse(decodeResult: success, version: HTTP/1.1)
HTTP/1.1 200 OK
Content-Length: 14
Content-Type: application/json; charset=utf-8
cache-control: no-cache

14:58:39.442 [AsyncHttpClient-1-14] DEBUG org.asynchttpclient.netty.channel.ChannelManager - Adding key: http://localhost:7277 for channel [id: 0xf887cfc9, L:/127.0.0.1:58164 - R:localhost/127.0.0.1:7277]
14:58:39.448 [Forwarding findElement on session 0d0734228bfc7869b368d3d81a97b1cb to remote] DEBUG org.asynchttpclient.netty.request.NettyRequestSender - Using pooled Channel '[id: 0xf887cfc9, L:/127.0.0.1:58164 - R:localhost/127.0.0.1:7277]' for 'POST' to 'http://localhost:7277/session/0d0734228bfc7869b368d3d81a97b1cb/element'
14:58:39.448 [Forwarding findElement on session 0d0734228bfc7869b368d3d81a97b1cb to remote] DEBUG org.asynchttpclient.netty.request.NettyRequestSender - Using open Channel [id: 0xf887cfc9, L:/127.0.0.1:58164 - R:localhost/127.0.0.1:7277] for POST '/session/0d0734228bfc7869b368d3d81a97b1cb/element'
14:58:39.476 [AsyncHttpClient-1-14] DEBUG org.asynchttpclient.netty.handler.HttpHandler - 

Request DefaultHttpRequest(decodeResult: success, version: HTTP/1.1)
POST /session/0d0734228bfc7869b368d3d81a97b1cb/element HTTP/1.1
User-Agent: selenium/4.12.0 (java windows)
Content-Length: 87
Content-Type: application/json; charset=utf-8
host: localhost:7277
accept: */*

Response DefaultHttpResponse(decodeResult: success, version: HTTP/1.1)
HTTP/1.1 200 OK
Content-Length: 126
Content-Type: application/json; charset=utf-8
cache-control: no-cache

14:58:39.476 [AsyncHttpClient-1-14] DEBUG org.asynchttpclient.netty.channel.ChannelManager - Adding key: http://localhost:7277 for channel [id: 0xf887cfc9, L:/127.0.0.1:58164 - R:localhost/127.0.0.1:7277]
14:58:39.476 [Forwarding sendKeysToElement on session 0d0734228bfc7869b368d3d81a97b1cb to remote] DEBUG org.asynchttpclient.netty.request.NettyRequestSender - Using pooled Channel '[id: 0xf887cfc9, L:/127.0.0.1:58164 - R:localhost/127.0.0.1:7277]' for 'POST' to 'http://localhost:7277/session/0d0734228bfc7869b368d3d81a97b1cb/element/f.7026F1908C5FD28E4E9015C8C74185E2.d.1013B927BDDA9A04D5E7C40DBDA20AED.e.38/value'
14:58:39.476 [Forwarding sendKeysToElement on session 0d0734228bfc7869b368d3d81a97b1cb to remote] DEBUG org.asynchttpclient.netty.request.NettyRequestSender - Using open Channel [id: 0xf887cfc9, L:/127.0.0.1:58164 - R:localhost/127.0.0.1:7277] for POST '/session/0d0734228bfc7869b368d3d81a97b1cb/element/f.7026F1908C5FD28E4E9015C8C74185E2.d.1013B927BDDA9A04D5E7C40DBDA20AED.e.38/value'
14:58:39.608 [AsyncHttpClient-1-14] DEBUG org.asynchttpclient.netty.handler.HttpHandler - 

Request DefaultHttpRequest(decodeResult: success, version: HTTP/1.1)
POST /session/0d0734228bfc7869b368d3d81a97b1cb/element/f.7026F1908C5FD28E4E9015C8C74185E2.d.1013B927BDDA9A04D5E7C40DBDA20AED.e.38/value HTTP/1.1
User-Agent: selenium/4.12.0 (java windows)
Content-Length: 179
Content-Type: application/json; charset=utf-8
host: localhost:7277
accept: */*

Response DefaultHttpResponse(decodeResult: success, version: HTTP/1.1)
HTTP/1.1 200 OK
Content-Length: 14
Content-Type: application/json; charset=utf-8
cache-control: no-cache

14:58:39.611 [AsyncHttpClient-1-14] DEBUG org.asynchttpclient.netty.channel.ChannelManager - Adding key: http://localhost:7277 for channel [id: 0xf887cfc9, L:/127.0.0.1:58164 - R:localhost/127.0.0.1:7277]
14:58:39.612 [Forwarding findElement on session 0d0734228bfc7869b368d3d81a97b1cb to remote] DEBUG org.asynchttpclient.netty.request.NettyRequestSender - Using pooled Channel '[id: 0xf887cfc9, L:/127.0.0.1:58164 - R:localhost/127.0.0.1:7277]' for 'POST' to 'http://localhost:7277/session/0d0734228bfc7869b368d3d81a97b1cb/element'
14:58:39.612 [Forwarding findElement on session 0d0734228bfc7869b368d3d81a97b1cb to remote] DEBUG org.asynchttpclient.netty.request.NettyRequestSender - Using open Channel [id: 0xf887cfc9, L:/127.0.0.1:58164 - R:localhost/127.0.0.1:7277] for POST '/session/0d0734228bfc7869b368d3d81a97b1cb/element'
14:58:39.624 [AsyncHttpClient-1-14] DEBUG org.asynchttpclient.netty.handler.HttpHandler - 

Request DefaultHttpRequest(decodeResult: success, version: HTTP/1.1)
POST /session/0d0734228bfc7869b368d3d81a97b1cb/element HTTP/1.1
User-Agent: selenium/4.12.0 (java windows)
Content-Length: 96
Content-Type: application/json; charset=utf-8
host: localhost:7277
accept: */*

Response DefaultHttpResponse(decodeResult: success, version: HTTP/1.1)
HTTP/1.1 200 OK
Content-Length: 126
Content-Type: application/json; charset=utf-8
cache-control: no-cache

14:58:39.624 [AsyncHttpClient-1-14] DEBUG org.asynchttpclient.netty.channel.ChannelManager - Adding key: http://localhost:7277 for channel [id: 0xf887cfc9, L:/127.0.0.1:58164 - R:localhost/127.0.0.1:7277]
14:58:39.624 [Forwarding sendKeysToElement on session 0d0734228bfc7869b368d3d81a97b1cb to remote] DEBUG org.asynchttpclient.netty.request.NettyRequestSender - Using pooled Channel '[id: 0xf887cfc9, L:/127.0.0.1:58164 - R:localhost/127.0.0.1:7277]' for 'POST' to 'http://localhost:7277/session/0d0734228bfc7869b368d3d81a97b1cb/element/f.7026F1908C5FD28E4E9015C8C74185E2.d.1013B927BDDA9A04D5E7C40DBDA20AED.e.39/value'
14:58:39.624 [Forwarding sendKeysToElement on session 0d0734228bfc7869b368d3d81a97b1cb to remote] DEBUG org.asynchttpclient.netty.request.NettyRequestSender - Using open Channel [id: 0xf887cfc9, L:/127.0.0.1:58164 - R:localhost/127.0.0.1:7277] for POST '/session/0d0734228bfc7869b368d3d81a97b1cb/element/f.7026F1908C5FD28E4E9015C8C74185E2.d.1013B927BDDA9A04D5E7C40DBDA20AED.e.39/value'
14:58:39.824 [AsyncHttpClient-1-14] DEBUG org.asynchttpclient.netty.handler.HttpHandler - 

Request DefaultHttpRequest(decodeResult: success, version: HTTP/1.1)
POST /session/0d0734228bfc7869b368d3d81a97b1cb/element/f.7026F1908C5FD28E4E9015C8C74185E2.d.1013B927BDDA9A04D5E7C40DBDA20AED.e.39/value HTTP/1.1
User-Agent: selenium/4.12.0 (java windows)
Content-Length: 229
Content-Type: application/json; charset=utf-8
host: localhost:7277
accept: */*

Response DefaultHttpResponse(decodeResult: success, version: HTTP/1.1)
HTTP/1.1 200 OK
Content-Length: 14
Content-Type: application/json; charset=utf-8
cache-control: no-cache

14:58:39.824 [AsyncHttpClient-1-14] DEBUG org.asynchttpclient.netty.channel.ChannelManager - Adding key: http://localhost:7277 for channel [id: 0xf887cfc9, L:/127.0.0.1:58164 - R:localhost/127.0.0.1:7277]
14:58:39.824 [Forwarding findElement on session 0d0734228bfc7869b368d3d81a97b1cb to remote] DEBUG org.asynchttpclient.netty.request.NettyRequestSender - Using pooled Channel '[id: 0xf887cfc9, L:/127.0.0.1:58164 - R:localhost/127.0.0.1:7277]' for 'POST' to 'http://localhost:7277/session/0d0734228bfc7869b368d3d81a97b1cb/element'
14:58:39.824 [Forwarding findElement on session 0d0734228bfc7869b368d3d81a97b1cb to remote] DEBUG org.asynchttpclient.netty.request.NettyRequestSender - Using open Channel [id: 0xf887cfc9, L:/127.0.0.1:58164 - R:localhost/127.0.0.1:7277] for POST '/session/0d0734228bfc7869b368d3d81a97b1cb/element'
14:58:39.844 [AsyncHttpClient-1-14] DEBUG org.asynchttpclient.netty.handler.HttpHandler - 

Request DefaultHttpRequest(decodeResult: success, version: HTTP/1.1)
POST /session/0d0734228bfc7869b368d3d81a97b1cb/element HTTP/1.1
User-Agent: selenium/4.12.0 (java windows)
Content-Length: 84
Content-Type: application/json; charset=utf-8
host: localhost:7277
accept: */*

Response DefaultHttpResponse(decodeResult: success, version: HTTP/1.1)
HTTP/1.1 200 OK
Content-Length: 126
Content-Type: application/json; charset=utf-8
cache-control: no-cache

14:58:39.844 [AsyncHttpClient-1-14] DEBUG org.asynchttpclient.netty.channel.ChannelManager - Adding key: http://localhost:7277 for channel [id: 0xf887cfc9, L:/127.0.0.1:58164 - R:localhost/127.0.0.1:7277]
14:58:39.844 [Forwarding sendKeysToElement on session 0d0734228bfc7869b368d3d81a97b1cb to remote] DEBUG org.asynchttpclient.netty.request.NettyRequestSender - Using pooled Channel '[id: 0xf887cfc9, L:/127.0.0.1:58164 - R:localhost/127.0.0.1:7277]' for 'POST' to 'http://localhost:7277/session/0d0734228bfc7869b368d3d81a97b1cb/element/f.7026F1908C5FD28E4E9015C8C74185E2.d.1013B927BDDA9A04D5E7C40DBDA20AED.e.40/value'
14:58:39.844 [Forwarding sendKeysToElement on session 0d0734228bfc7869b368d3d81a97b1cb to remote] DEBUG org.asynchttpclient.netty.request.NettyRequestSender - Using open Channel [id: 0xf887cfc9, L:/127.0.0.1:58164 - R:localhost/127.0.0.1:7277] for POST '/session/0d0734228bfc7869b368d3d81a97b1cb/element/f.7026F1908C5FD28E4E9015C8C74185E2.d.1013B927BDDA9A04D5E7C40DBDA20AED.e.40/value'
14:58:40.051 [AsyncHttpClient-1-14] DEBUG org.asynchttpclient.netty.handler.HttpHandler - 

Request DefaultHttpRequest(decodeResult: success, version: HTTP/1.1)
POST /session/0d0734228bfc7869b368d3d81a97b1cb/element/f.7026F1908C5FD28E4E9015C8C74185E2.d.1013B927BDDA9A04D5E7C40DBDA20AED.e.40/value HTTP/1.1
User-Agent: selenium/4.12.0 (java windows)
Content-Length: 249
Content-Type: application/json; charset=utf-8
host: localhost:7277
accept: */*

Response DefaultHttpResponse(decodeResult: success, version: HTTP/1.1)
HTTP/1.1 200 OK
Content-Length: 14
Content-Type: application/json; charset=utf-8
cache-control: no-cache

14:58:40.051 [AsyncHttpClient-1-14] DEBUG org.asynchttpclient.netty.channel.ChannelManager - Adding key: http://localhost:7277 for channel [id: 0xf887cfc9, L:/127.0.0.1:58164 - R:localhost/127.0.0.1:7277]
14:58:41.060 [Forwarding screenshot on session 0d0734228bfc7869b368d3d81a97b1cb to remote] DEBUG org.asynchttpclient.netty.request.NettyRequestSender - Using pooled Channel '[id: 0xf887cfc9, L:/127.0.0.1:58164 - R:localhost/127.0.0.1:7277]' for 'GET' to 'http://localhost:7277/session/0d0734228bfc7869b368d3d81a97b1cb/screenshot'
14:58:41.060 [Forwarding screenshot on session 0d0734228bfc7869b368d3d81a97b1cb to remote] DEBUG org.asynchttpclient.netty.request.NettyRequestSender - Using open Channel [id: 0xf887cfc9, L:/127.0.0.1:58164 - R:localhost/127.0.0.1:7277] for GET '/session/0d0734228bfc7869b368d3d81a97b1cb/screenshot'
14:58:41.227 [AsyncHttpClient-1-14] DEBUG org.asynchttpclient.netty.handler.HttpHandler - 

Request DefaultFullHttpRequest(decodeResult: success, version: HTTP/1.1, content: EmptyByteBufBE)
GET /session/0d0734228bfc7869b368d3d81a97b1cb/screenshot HTTP/1.1
Cache-Control: no-cache
User-Agent: selenium/4.12.0 (java windows)
Content-Type: application/json; charset=utf-8
host: localhost:7277
accept: */*

Response DefaultHttpResponse(decodeResult: success, version: HTTP/1.1)
HTTP/1.1 200 OK
Content-Length: 323616
Content-Type: application/json; charset=utf-8
cache-control: no-cache

14:58:41.227 [AsyncHttpClient-1-14] DEBUG org.asynchttpclient.netty.channel.ChannelManager - Adding key: http://localhost:7277 for channel [id: 0xf887cfc9, L:/127.0.0.1:58164 - R:localhost/127.0.0.1:7277]
  And Provide the company DetailsRJ_Steel 447788 Sara_Sharma www.royal.com # StepDefination.Customer_onboarding.Provide_the_customer_Details(java.lang.String,java.lang.String,java.lang.String,java.lang.String)
14:58:41.254 [Forwarding findElement on session 0d0734228bfc7869b368d3d81a97b1cb to remote] DEBUG org.asynchttpclient.netty.request.NettyRequestSender - Using pooled Channel '[id: 0xf887cfc9, L:/127.0.0.1:58164 - R:localhost/127.0.0.1:7277]' for 'POST' to 'http://localhost:7277/session/0d0734228bfc7869b368d3d81a97b1cb/element'
14:58:41.254 [Forwarding findElement on session 0d0734228bfc7869b368d3d81a97b1cb to remote] DEBUG org.asynchttpclient.netty.request.NettyRequestSender - Using open Channel [id: 0xf887cfc9, L:/127.0.0.1:58164 - R:localhost/127.0.0.1:7277] for POST '/session/0d0734228bfc7869b368d3d81a97b1cb/element'
14:58:41.258 [AsyncHttpClient-1-14] DEBUG org.asynchttpclient.netty.handler.HttpHandler - 

Request DefaultHttpRequest(decodeResult: success, version: HTTP/1.1)
POST /session/0d0734228bfc7869b368d3d81a97b1cb/element HTTP/1.1
User-Agent: selenium/4.12.0 (java windows)
Content-Length: 88
Content-Type: application/json; charset=utf-8
host: localhost:7277
accept: */*

Response DefaultHttpResponse(decodeResult: success, version: HTTP/1.1)
HTTP/1.1 200 OK
Content-Length: 126
Content-Type: application/json; charset=utf-8
cache-control: no-cache

14:58:41.258 [AsyncHttpClient-1-14] DEBUG org.asynchttpclient.netty.channel.ChannelManager - Adding key: http://localhost:7277 for channel [id: 0xf887cfc9, L:/127.0.0.1:58164 - R:localhost/127.0.0.1:7277]
14:58:41.274 [Forwarding sendKeysToElement on session 0d0734228bfc7869b368d3d81a97b1cb to remote] DEBUG org.asynchttpclient.netty.request.NettyRequestSender - Using pooled Channel '[id: 0xf887cfc9, L:/127.0.0.1:58164 - R:localhost/127.0.0.1:7277]' for 'POST' to 'http://localhost:7277/session/0d0734228bfc7869b368d3d81a97b1cb/element/f.7026F1908C5FD28E4E9015C8C74185E2.d.1013B927BDDA9A04D5E7C40DBDA20AED.e.46/value'
14:58:41.274 [Forwarding sendKeysToElement on session 0d0734228bfc7869b368d3d81a97b1cb to remote] DEBUG org.asynchttpclient.netty.request.NettyRequestSender - Using open Channel [id: 0xf887cfc9, L:/127.0.0.1:58164 - R:localhost/127.0.0.1:7277] for POST '/session/0d0734228bfc7869b368d3d81a97b1cb/element/f.7026F1908C5FD28E4E9015C8C74185E2.d.1013B927BDDA9A04D5E7C40DBDA20AED.e.46/value'
14:58:41.530 [AsyncHttpClient-1-14] DEBUG org.asynchttpclient.netty.handler.HttpHandler - 

Request DefaultHttpRequest(decodeResult: success, version: HTTP/1.1)
POST /session/0d0734228bfc7869b368d3d81a97b1cb/element/f.7026F1908C5FD28E4E9015C8C74185E2.d.1013B927BDDA9A04D5E7C40DBDA20AED.e.46/value HTTP/1.1
User-Agent: selenium/4.12.0 (java windows)
Content-Length: 259
Content-Type: application/json; charset=utf-8
host: localhost:7277
accept: */*

Response DefaultHttpResponse(decodeResult: success, version: HTTP/1.1)
HTTP/1.1 200 OK
Content-Length: 14
Content-Type: application/json; charset=utf-8
cache-control: no-cache

14:58:41.530 [AsyncHttpClient-1-14] DEBUG org.asynchttpclient.netty.channel.ChannelManager - Adding key: http://localhost:7277 for channel [id: 0xf887cfc9, L:/127.0.0.1:58164 - R:localhost/127.0.0.1:7277]
14:58:41.530 [Forwarding findElement on session 0d0734228bfc7869b368d3d81a97b1cb to remote] DEBUG org.asynchttpclient.netty.request.NettyRequestSender - Using pooled Channel '[id: 0xf887cfc9, L:/127.0.0.1:58164 - R:localhost/127.0.0.1:7277]' for 'POST' to 'http://localhost:7277/session/0d0734228bfc7869b368d3d81a97b1cb/element'
14:58:41.530 [Forwarding findElement on session 0d0734228bfc7869b368d3d81a97b1cb to remote] DEBUG org.asynchttpclient.netty.request.NettyRequestSender - Using open Channel [id: 0xf887cfc9, L:/127.0.0.1:58164 - R:localhost/127.0.0.1:7277] for POST '/session/0d0734228bfc7869b368d3d81a97b1cb/element'
14:58:41.543 [AsyncHttpClient-1-14] DEBUG org.asynchttpclient.netty.handler.HttpHandler - 

Request DefaultHttpRequest(decodeResult: success, version: HTTP/1.1)
POST /session/0d0734228bfc7869b368d3d81a97b1cb/element HTTP/1.1
User-Agent: selenium/4.12.0 (java windows)
Content-Length: 75
Content-Type: application/json; charset=utf-8
host: localhost:7277
accept: */*

Response DefaultHttpResponse(decodeResult: success, version: HTTP/1.1)
HTTP/1.1 200 OK
Content-Length: 126
Content-Type: application/json; charset=utf-8
cache-control: no-cache

14:58:41.543 [AsyncHttpClient-1-14] DEBUG org.asynchttpclient.netty.channel.ChannelManager - Adding key: http://localhost:7277 for channel [id: 0xf887cfc9, L:/127.0.0.1:58164 - R:localhost/127.0.0.1:7277]
14:58:41.543 [Forwarding sendKeysToElement on session 0d0734228bfc7869b368d3d81a97b1cb to remote] DEBUG org.asynchttpclient.netty.request.NettyRequestSender - Using pooled Channel '[id: 0xf887cfc9, L:/127.0.0.1:58164 - R:localhost/127.0.0.1:7277]' for 'POST' to 'http://localhost:7277/session/0d0734228bfc7869b368d3d81a97b1cb/element/f.7026F1908C5FD28E4E9015C8C74185E2.d.1013B927BDDA9A04D5E7C40DBDA20AED.e.47/value'
14:58:41.543 [Forwarding sendKeysToElement on session 0d0734228bfc7869b368d3d81a97b1cb to remote] DEBUG org.asynchttpclient.netty.request.NettyRequestSender - Using open Channel [id: 0xf887cfc9, L:/127.0.0.1:58164 - R:localhost/127.0.0.1:7277] for POST '/session/0d0734228bfc7869b368d3d81a97b1cb/element/f.7026F1908C5FD28E4E9015C8C74185E2.d.1013B927BDDA9A04D5E7C40DBDA20AED.e.47/value'
14:58:41.641 [AsyncHttpClient-1-14] DEBUG org.asynchttpclient.netty.handler.HttpHandler - 

Request DefaultHttpRequest(decodeResult: success, version: HTTP/1.1)
POST /session/0d0734228bfc7869b368d3d81a97b1cb/element/f.7026F1908C5FD28E4E9015C8C74185E2.d.1013B927BDDA9A04D5E7C40DBDA20AED.e.47/value HTTP/1.1
User-Agent: selenium/4.12.0 (java windows)
Content-Length: 139
Content-Type: application/json; charset=utf-8
host: localhost:7277
accept: */*

Response DefaultHttpResponse(decodeResult: success, version: HTTP/1.1)
HTTP/1.1 200 OK
Content-Length: 14
Content-Type: application/json; charset=utf-8
cache-control: no-cache

14:58:41.641 [AsyncHttpClient-1-14] DEBUG org.asynchttpclient.netty.channel.ChannelManager - Adding key: http://localhost:7277 for channel [id: 0xf887cfc9, L:/127.0.0.1:58164 - R:localhost/127.0.0.1:7277]
14:58:41.641 [Forwarding findElement on session 0d0734228bfc7869b368d3d81a97b1cb to remote] DEBUG org.asynchttpclient.netty.request.NettyRequestSender - Using pooled Channel '[id: 0xf887cfc9, L:/127.0.0.1:58164 - R:localhost/127.0.0.1:7277]' for 'POST' to 'http://localhost:7277/session/0d0734228bfc7869b368d3d81a97b1cb/element'
14:58:41.641 [Forwarding findElement on session 0d0734228bfc7869b368d3d81a97b1cb to remote] DEBUG org.asynchttpclient.netty.request.NettyRequestSender - Using open Channel [id: 0xf887cfc9, L:/127.0.0.1:58164 - R:localhost/127.0.0.1:7277] for POST '/session/0d0734228bfc7869b368d3d81a97b1cb/element'
14:58:41.662 [AsyncHttpClient-1-14] DEBUG org.asynchttpclient.netty.handler.HttpHandler - 

Request DefaultHttpRequest(decodeResult: success, version: HTTP/1.1)
POST /session/0d0734228bfc7869b368d3d81a97b1cb/element HTTP/1.1
User-Agent: selenium/4.12.0 (java windows)
Content-Length: 90
Content-Type: application/json; charset=utf-8
host: localhost:7277
accept: */*

Response DefaultHttpResponse(decodeResult: success, version: HTTP/1.1)
HTTP/1.1 200 OK
Content-Length: 126
Content-Type: application/json; charset=utf-8
cache-control: no-cache

14:58:41.662 [AsyncHttpClient-1-14] DEBUG org.asynchttpclient.netty.channel.ChannelManager - Adding key: http://localhost:7277 for channel [id: 0xf887cfc9, L:/127.0.0.1:58164 - R:localhost/127.0.0.1:7277]
14:58:41.662 [Forwarding sendKeysToElement on session 0d0734228bfc7869b368d3d81a97b1cb to remote] DEBUG org.asynchttpclient.netty.request.NettyRequestSender - Using pooled Channel '[id: 0xf887cfc9, L:/127.0.0.1:58164 - R:localhost/127.0.0.1:7277]' for 'POST' to 'http://localhost:7277/session/0d0734228bfc7869b368d3d81a97b1cb/element/f.7026F1908C5FD28E4E9015C8C74185E2.d.1013B927BDDA9A04D5E7C40DBDA20AED.e.48/value'
14:58:41.662 [Forwarding sendKeysToElement on session 0d0734228bfc7869b368d3d81a97b1cb to remote] DEBUG org.asynchttpclient.netty.request.NettyRequestSender - Using open Channel [id: 0xf887cfc9, L:/127.0.0.1:58164 - R:localhost/127.0.0.1:7277] for POST '/session/0d0734228bfc7869b368d3d81a97b1cb/element/f.7026F1908C5FD28E4E9015C8C74185E2.d.1013B927BDDA9A04D5E7C40DBDA20AED.e.48/value'
14:58:41.756 [AsyncHttpClient-1-14] DEBUG org.asynchttpclient.netty.handler.HttpHandler - 

Request DefaultHttpRequest(decodeResult: success, version: HTTP/1.1)
POST /session/0d0734228bfc7869b368d3d81a97b1cb/element/f.7026F1908C5FD28E4E9015C8C74185E2.d.1013B927BDDA9A04D5E7C40DBDA20AED.e.48/value HTTP/1.1
User-Agent: selenium/4.12.0 (java windows)
Content-Length: 139
Content-Type: application/json; charset=utf-8
host: localhost:7277
accept: */*

Response DefaultHttpResponse(decodeResult: success, version: HTTP/1.1)
HTTP/1.1 200 OK
Content-Length: 14
Content-Type: application/json; charset=utf-8
cache-control: no-cache

14:58:41.756 [AsyncHttpClient-1-14] DEBUG org.asynchttpclient.netty.channel.ChannelManager - Adding key: http://localhost:7277 for channel [id: 0xf887cfc9, L:/127.0.0.1:58164 - R:localhost/127.0.0.1:7277]
14:58:41.756 [Forwarding findElement on session 0d0734228bfc7869b368d3d81a97b1cb to remote] DEBUG org.asynchttpclient.netty.request.NettyRequestSender - Using pooled Channel '[id: 0xf887cfc9, L:/127.0.0.1:58164 - R:localhost/127.0.0.1:7277]' for 'POST' to 'http://localhost:7277/session/0d0734228bfc7869b368d3d81a97b1cb/element'
14:58:41.756 [Forwarding findElement on session 0d0734228bfc7869b368d3d81a97b1cb to remote] DEBUG org.asynchttpclient.netty.request.NettyRequestSender - Using open Channel [id: 0xf887cfc9, L:/127.0.0.1:58164 - R:localhost/127.0.0.1:7277] for POST '/session/0d0734228bfc7869b368d3d81a97b1cb/element'
14:58:41.781 [AsyncHttpClient-1-14] DEBUG org.asynchttpclient.netty.handler.HttpHandler - 

Request DefaultHttpRequest(decodeResult: success, version: HTTP/1.1)
POST /session/0d0734228bfc7869b368d3d81a97b1cb/element HTTP/1.1
User-Agent: selenium/4.12.0 (java windows)
Content-Length: 96
Content-Type: application/json; charset=utf-8
host: localhost:7277
accept: */*

Response DefaultHttpResponse(decodeResult: success, version: HTTP/1.1)
HTTP/1.1 200 OK
Content-Length: 126
Content-Type: application/json; charset=utf-8
cache-control: no-cache

14:58:41.781 [AsyncHttpClient-1-14] DEBUG org.asynchttpclient.netty.channel.ChannelManager - Adding key: http://localhost:7277 for channel [id: 0xf887cfc9, L:/127.0.0.1:58164 - R:localhost/127.0.0.1:7277]
14:58:41.781 [Forwarding sendKeysToElement on session 0d0734228bfc7869b368d3d81a97b1cb to remote] DEBUG org.asynchttpclient.netty.request.NettyRequestSender - Using pooled Channel '[id: 0xf887cfc9, L:/127.0.0.1:58164 - R:localhost/127.0.0.1:7277]' for 'POST' to 'http://localhost:7277/session/0d0734228bfc7869b368d3d81a97b1cb/element/f.7026F1908C5FD28E4E9015C8C74185E2.d.1013B927BDDA9A04D5E7C40DBDA20AED.e.49/value'
14:58:41.781 [Forwarding sendKeysToElement on session 0d0734228bfc7869b368d3d81a97b1cb to remote] DEBUG org.asynchttpclient.netty.request.NettyRequestSender - Using open Channel [id: 0xf887cfc9, L:/127.0.0.1:58164 - R:localhost/127.0.0.1:7277] for POST '/session/0d0734228bfc7869b368d3d81a97b1cb/element/f.7026F1908C5FD28E4E9015C8C74185E2.d.1013B927BDDA9A04D5E7C40DBDA20AED.e.49/value'
14:58:41.947 [AsyncHttpClient-1-14] DEBUG org.asynchttpclient.netty.handler.HttpHandler - 

Request DefaultHttpRequest(decodeResult: success, version: HTTP/1.1)
POST /session/0d0734228bfc7869b368d3d81a97b1cb/element/f.7026F1908C5FD28E4E9015C8C74185E2.d.1013B927BDDA9A04D5E7C40DBDA20AED.e.49/value HTTP/1.1
User-Agent: selenium/4.12.0 (java windows)
Content-Length: 179
Content-Type: application/json; charset=utf-8
host: localhost:7277
accept: */*

Response DefaultHttpResponse(decodeResult: success, version: HTTP/1.1)
HTTP/1.1 200 OK
Content-Length: 14
Content-Type: application/json; charset=utf-8
cache-control: no-cache

14:58:41.947 [AsyncHttpClient-1-14] DEBUG org.asynchttpclient.netty.channel.ChannelManager - Adding key: http://localhost:7277 for channel [id: 0xf887cfc9, L:/127.0.0.1:58164 - R:localhost/127.0.0.1:7277]
14:58:41.950 [Forwarding findElement on session 0d0734228bfc7869b368d3d81a97b1cb to remote] DEBUG org.asynchttpclient.netty.request.NettyRequestSender - Using pooled Channel '[id: 0xf887cfc9, L:/127.0.0.1:58164 - R:localhost/127.0.0.1:7277]' for 'POST' to 'http://localhost:7277/session/0d0734228bfc7869b368d3d81a97b1cb/element'
14:58:41.950 [Forwarding findElement on session 0d0734228bfc7869b368d3d81a97b1cb to remote] DEBUG org.asynchttpclient.netty.request.NettyRequestSender - Using open Channel [id: 0xf887cfc9, L:/127.0.0.1:58164 - R:localhost/127.0.0.1:7277] for POST '/session/0d0734228bfc7869b368d3d81a97b1cb/element'
14:58:41.961 [AsyncHttpClient-1-14] DEBUG org.asynchttpclient.netty.handler.HttpHandler - 

Request DefaultHttpRequest(decodeResult: success, version: HTTP/1.1)
POST /session/0d0734228bfc7869b368d3d81a97b1cb/element HTTP/1.1
User-Agent: selenium/4.12.0 (java windows)
Content-Length: 78
Content-Type: application/json; charset=utf-8
host: localhost:7277
accept: */*

Response DefaultHttpResponse(decodeResult: success, version: HTTP/1.1)
HTTP/1.1 200 OK
Content-Length: 126
Content-Type: application/json; charset=utf-8
cache-control: no-cache

14:58:41.961 [AsyncHttpClient-1-14] DEBUG org.asynchttpclient.netty.channel.ChannelManager - Adding key: http://localhost:7277 for channel [id: 0xf887cfc9, L:/127.0.0.1:58164 - R:localhost/127.0.0.1:7277]
14:58:41.961 [Forwarding sendKeysToElement on session 0d0734228bfc7869b368d3d81a97b1cb to remote] DEBUG org.asynchttpclient.netty.request.NettyRequestSender - Using pooled Channel '[id: 0xf887cfc9, L:/127.0.0.1:58164 - R:localhost/127.0.0.1:7277]' for 'POST' to 'http://localhost:7277/session/0d0734228bfc7869b368d3d81a97b1cb/element/f.7026F1908C5FD28E4E9015C8C74185E2.d.1013B927BDDA9A04D5E7C40DBDA20AED.e.50/value'
14:58:41.961 [Forwarding sendKeysToElement on session 0d0734228bfc7869b368d3d81a97b1cb to remote] DEBUG org.asynchttpclient.netty.request.NettyRequestSender - Using open Channel [id: 0xf887cfc9, L:/127.0.0.1:58164 - R:localhost/127.0.0.1:7277] for POST '/session/0d0734228bfc7869b368d3d81a97b1cb/element/f.7026F1908C5FD28E4E9015C8C74185E2.d.1013B927BDDA9A04D5E7C40DBDA20AED.e.50/value'
14:58:42.076 [AsyncHttpClient-1-14] DEBUG org.asynchttpclient.netty.handler.HttpHandler - 

Request DefaultHttpRequest(decodeResult: success, version: HTTP/1.1)
POST /session/0d0734228bfc7869b368d3d81a97b1cb/element/f.7026F1908C5FD28E4E9015C8C74185E2.d.1013B927BDDA9A04D5E7C40DBDA20AED.e.50/value HTTP/1.1
User-Agent: selenium/4.12.0 (java windows)
Content-Length: 149
Content-Type: application/json; charset=utf-8
host: localhost:7277
accept: */*

Response DefaultHttpResponse(decodeResult: success, version: HTTP/1.1)
HTTP/1.1 200 OK
Content-Length: 14
Content-Type: application/json; charset=utf-8
cache-control: no-cache

14:58:42.076 [AsyncHttpClient-1-14] DEBUG org.asynchttpclient.netty.channel.ChannelManager - Adding key: http://localhost:7277 for channel [id: 0xf887cfc9, L:/127.0.0.1:58164 - R:localhost/127.0.0.1:7277]
14:58:42.171 [AsyncHttpClient-1-1] DEBUG org.asynchttpclient.netty.channel.DefaultChannelPool - Entry count for : http://localhost:7277 : 1
14:58:42.590 [Forwarding screenshot on session 0d0734228bfc7869b368d3d81a97b1cb to remote] DEBUG org.asynchttpclient.netty.request.NettyRequestSender - Using pooled Channel '[id: 0xf887cfc9, L:/127.0.0.1:58164 - R:localhost/127.0.0.1:7277]' for 'GET' to 'http://localhost:7277/session/0d0734228bfc7869b368d3d81a97b1cb/screenshot'
14:58:42.590 [Forwarding screenshot on session 0d0734228bfc7869b368d3d81a97b1cb to remote] DEBUG org.asynchttpclient.netty.request.NettyRequestSender - Using open Channel [id: 0xf887cfc9, L:/127.0.0.1:58164 - R:localhost/127.0.0.1:7277] for GET '/session/0d0734228bfc7869b368d3d81a97b1cb/screenshot'
14:58:42.758 [AsyncHttpClient-1-14] DEBUG org.asynchttpclient.netty.handler.HttpHandler - 

Request DefaultFullHttpRequest(decodeResult: success, version: HTTP/1.1, content: EmptyByteBufBE)
GET /session/0d0734228bfc7869b368d3d81a97b1cb/screenshot HTTP/1.1
Cache-Control: no-cache
User-Agent: selenium/4.12.0 (java windows)
Content-Type: application/json; charset=utf-8
host: localhost:7277
accept: */*

Response DefaultHttpResponse(decodeResult: success, version: HTTP/1.1)
HTTP/1.1 200 OK
Content-Length: 314224
Content-Type: application/json; charset=utf-8
cache-control: no-cache

14:58:42.758 [AsyncHttpClient-1-14] DEBUG org.asynchttpclient.netty.channel.ChannelManager - Adding key: http://localhost:7277 for channel [id: 0xf887cfc9, L:/127.0.0.1:58164 - R:localhost/127.0.0.1:7277]
  And Provide the Address DetailsMain_street001 YK FL 987678 USA           # StepDefination.Customer_onboarding.Provide_the_address_Details(java.lang.String,java.lang.String,java.lang.String,java.lang.String,java.lang.String)
14:58:43.285 [AsyncHttpClient-1-1] DEBUG org.asynchttpclient.netty.channel.DefaultChannelPool - Entry count for : http://localhost:7277 : 1
14:58:43.778 [Forwarding findElement on session 0d0734228bfc7869b368d3d81a97b1cb to remote] DEBUG org.asynchttpclient.netty.request.NettyRequestSender - Using pooled Channel '[id: 0xf887cfc9, L:/127.0.0.1:58164 - R:localhost/127.0.0.1:7277]' for 'POST' to 'http://localhost:7277/session/0d0734228bfc7869b368d3d81a97b1cb/element'
14:58:43.778 [Forwarding findElement on session 0d0734228bfc7869b368d3d81a97b1cb to remote] DEBUG org.asynchttpclient.netty.request.NettyRequestSender - Using open Channel [id: 0xf887cfc9, L:/127.0.0.1:58164 - R:localhost/127.0.0.1:7277] for POST '/session/0d0734228bfc7869b368d3d81a97b1cb/element'
14:58:43.794 [AsyncHttpClient-1-14] DEBUG org.asynchttpclient.netty.handler.HttpHandler - 

Request DefaultHttpRequest(decodeResult: success, version: HTTP/1.1)
POST /session/0d0734228bfc7869b368d3d81a97b1cb/element HTTP/1.1
User-Agent: selenium/4.12.0 (java windows)
Content-Length: 72
Content-Type: application/json; charset=utf-8
host: localhost:7277
accept: */*

Response DefaultHttpResponse(decodeResult: success, version: HTTP/1.1)
HTTP/1.1 200 OK
Content-Length: 126
Content-Type: application/json; charset=utf-8
cache-control: no-cache

14:58:43.794 [AsyncHttpClient-1-14] DEBUG org.asynchttpclient.netty.channel.ChannelManager - Adding key: http://localhost:7277 for channel [id: 0xf887cfc9, L:/127.0.0.1:58164 - R:localhost/127.0.0.1:7277]
14:58:43.794 [Forwarding clickElement on session 0d0734228bfc7869b368d3d81a97b1cb to remote] DEBUG org.asynchttpclient.netty.request.NettyRequestSender - Using pooled Channel '[id: 0xf887cfc9, L:/127.0.0.1:58164 - R:localhost/127.0.0.1:7277]' for 'POST' to 'http://localhost:7277/session/0d0734228bfc7869b368d3d81a97b1cb/element/f.7026F1908C5FD28E4E9015C8C74185E2.d.1013B927BDDA9A04D5E7C40DBDA20AED.e.89/click'
14:58:43.794 [Forwarding clickElement on session 0d0734228bfc7869b368d3d81a97b1cb to remote] DEBUG org.asynchttpclient.netty.request.NettyRequestSender - Using open Channel [id: 0xf887cfc9, L:/127.0.0.1:58164 - R:localhost/127.0.0.1:7277] for POST '/session/0d0734228bfc7869b368d3d81a97b1cb/element/f.7026F1908C5FD28E4E9015C8C74185E2.d.1013B927BDDA9A04D5E7C40DBDA20AED.e.89/click'
14:58:43.899 [AsyncHttpClient-1-14] DEBUG org.asynchttpclient.netty.handler.HttpHandler - 

Request DefaultHttpRequest(decodeResult: success, version: HTTP/1.1)
POST /session/0d0734228bfc7869b368d3d81a97b1cb/element/f.7026F1908C5FD28E4E9015C8C74185E2.d.1013B927BDDA9A04D5E7C40DBDA20AED.e.89/click HTTP/1.1
User-Agent: selenium/4.12.0 (java windows)
Content-Length: 88
Content-Type: application/json; charset=utf-8
host: localhost:7277
accept: */*

Response DefaultHttpResponse(decodeResult: success, version: HTTP/1.1)
HTTP/1.1 200 OK
Content-Length: 14
Content-Type: application/json; charset=utf-8
cache-control: no-cache

14:58:43.899 [AsyncHttpClient-1-14] DEBUG org.asynchttpclient.netty.channel.ChannelManager - Adding key: http://localhost:7277 for channel [id: 0xf887cfc9, L:/127.0.0.1:58164 - R:localhost/127.0.0.1:7277]
14:58:44.374 [AsyncHttpClient-1-1] DEBUG org.asynchttpclient.netty.channel.DefaultChannelPool - Entry count for : http://localhost:7277 : 1
14:58:44.406 [Forwarding screenshot on session 0d0734228bfc7869b368d3d81a97b1cb to remote] DEBUG org.asynchttpclient.netty.request.NettyRequestSender - Using pooled Channel '[id: 0xf887cfc9, L:/127.0.0.1:58164 - R:localhost/127.0.0.1:7277]' for 'GET' to 'http://localhost:7277/session/0d0734228bfc7869b368d3d81a97b1cb/screenshot'
14:58:44.406 [Forwarding screenshot on session 0d0734228bfc7869b368d3d81a97b1cb to remote] DEBUG org.asynchttpclient.netty.request.NettyRequestSender - Using open Channel [id: 0xf887cfc9, L:/127.0.0.1:58164 - R:localhost/127.0.0.1:7277] for GET '/session/0d0734228bfc7869b368d3d81a97b1cb/screenshot'
14:58:44.600 [AsyncHttpClient-1-14] DEBUG org.asynchttpclient.netty.handler.HttpHandler - 

Request DefaultFullHttpRequest(decodeResult: success, version: HTTP/1.1, content: EmptyByteBufBE)
GET /session/0d0734228bfc7869b368d3d81a97b1cb/screenshot HTTP/1.1
Cache-Control: no-cache
User-Agent: selenium/4.12.0 (java windows)
Content-Type: application/json; charset=utf-8
host: localhost:7277
accept: */*

Response DefaultHttpResponse(decodeResult: success, version: HTTP/1.1)
HTTP/1.1 200 OK
Content-Length: 342424
Content-Type: application/json; charset=utf-8
cache-control: no-cache

14:58:44.600 [AsyncHttpClient-1-14] DEBUG org.asynchttpclient.netty.channel.ChannelManager - Adding key: http://localhost:7277 for channel [id: 0xf887cfc9, L:/127.0.0.1:58164 - R:localhost/127.0.0.1:7277]
  When Submit the form                                                     # StepDefination.Customer_onboarding.Submit_the_form()
14:58:45.133 [Forwarding findElement on session 0d0734228bfc7869b368d3d81a97b1cb to remote] DEBUG org.asynchttpclient.netty.request.NettyRequestSender - Using pooled Channel '[id: 0xf887cfc9, L:/127.0.0.1:58164 - R:localhost/127.0.0.1:7277]' for 'POST' to 'http://localhost:7277/session/0d0734228bfc7869b368d3d81a97b1cb/element'
14:58:45.133 [Forwarding findElement on session 0d0734228bfc7869b368d3d81a97b1cb to remote] DEBUG org.asynchttpclient.netty.request.NettyRequestSender - Using open Channel [id: 0xf887cfc9, L:/127.0.0.1:58164 - R:localhost/127.0.0.1:7277] for POST '/session/0d0734228bfc7869b368d3d81a97b1cb/element'
14:58:45.148 [AsyncHttpClient-1-14] DEBUG org.asynchttpclient.netty.handler.HttpHandler - 

Request DefaultHttpRequest(decodeResult: success, version: HTTP/1.1)
POST /session/0d0734228bfc7869b368d3d81a97b1cb/element HTTP/1.1
User-Agent: selenium/4.12.0 (java windows)
Content-Length: 81
Content-Type: application/json; charset=utf-8
host: localhost:7277
accept: */*

Response DefaultHttpResponse(decodeResult: success, version: HTTP/1.1)
HTTP/1.1 200 OK
Content-Length: 126
Content-Type: application/json; charset=utf-8
cache-control: no-cache

14:58:45.148 [AsyncHttpClient-1-14] DEBUG org.asynchttpclient.netty.channel.ChannelManager - Adding key: http://localhost:7277 for channel [id: 0xf887cfc9, L:/127.0.0.1:58164 - R:localhost/127.0.0.1:7277]
14:58:45.148 [Forwarding clickElement on session 0d0734228bfc7869b368d3d81a97b1cb to remote] DEBUG org.asynchttpclient.netty.request.NettyRequestSender - Using pooled Channel '[id: 0xf887cfc9, L:/127.0.0.1:58164 - R:localhost/127.0.0.1:7277]' for 'POST' to 'http://localhost:7277/session/0d0734228bfc7869b368d3d81a97b1cb/element/f.7026F1908C5FD28E4E9015C8C74185E2.d.1013B927BDDA9A04D5E7C40DBDA20AED.e.92/click'
14:58:45.148 [Forwarding clickElement on session 0d0734228bfc7869b368d3d81a97b1cb to remote] DEBUG org.asynchttpclient.netty.request.NettyRequestSender - Using open Channel [id: 0xf887cfc9, L:/127.0.0.1:58164 - R:localhost/127.0.0.1:7277] for POST '/session/0d0734228bfc7869b368d3d81a97b1cb/element/f.7026F1908C5FD28E4E9015C8C74185E2.d.1013B927BDDA9A04D5E7C40DBDA20AED.e.92/click'
14:58:45.268 [AsyncHttpClient-1-14] DEBUG org.asynchttpclient.netty.handler.HttpHandler - 

Request DefaultHttpRequest(decodeResult: success, version: HTTP/1.1)
POST /session/0d0734228bfc7869b368d3d81a97b1cb/element/f.7026F1908C5FD28E4E9015C8C74185E2.d.1013B927BDDA9A04D5E7C40DBDA20AED.e.92/click HTTP/1.1
User-Agent: selenium/4.12.0 (java windows)
Content-Length: 88
Content-Type: application/json; charset=utf-8
host: localhost:7277
accept: */*

Response DefaultHttpResponse(decodeResult: success, version: HTTP/1.1)
HTTP/1.1 200 OK
Content-Length: 14
Content-Type: application/json; charset=utf-8
cache-control: no-cache

14:58:45.268 [AsyncHttpClient-1-14] DEBUG org.asynchttpclient.netty.channel.ChannelManager - Adding key: http://localhost:7277 for channel [id: 0xf887cfc9, L:/127.0.0.1:58164 - R:localhost/127.0.0.1:7277]
14:58:45.483 [AsyncHttpClient-1-1] DEBUG org.asynchttpclient.netty.channel.DefaultChannelPool - Entry count for : http://localhost:7277 : 1
14:58:45.781 [Forwarding screenshot on session 0d0734228bfc7869b368d3d81a97b1cb to remote] DEBUG org.asynchttpclient.netty.request.NettyRequestSender - Using pooled Channel '[id: 0xf887cfc9, L:/127.0.0.1:58164 - R:localhost/127.0.0.1:7277]' for 'GET' to 'http://localhost:7277/session/0d0734228bfc7869b368d3d81a97b1cb/screenshot'
14:58:45.781 [Forwarding screenshot on session 0d0734228bfc7869b368d3d81a97b1cb to remote] DEBUG org.asynchttpclient.netty.request.NettyRequestSender - Using open Channel [id: 0xf887cfc9, L:/127.0.0.1:58164 - R:localhost/127.0.0.1:7277] for GET '/session/0d0734228bfc7869b368d3d81a97b1cb/screenshot'
14:58:46.032 [AsyncHttpClient-1-14] DEBUG org.asynchttpclient.netty.handler.HttpHandler - 

Request DefaultFullHttpRequest(decodeResult: success, version: HTTP/1.1, content: EmptyByteBufBE)
GET /session/0d0734228bfc7869b368d3d81a97b1cb/screenshot HTTP/1.1
Cache-Control: no-cache
User-Agent: selenium/4.12.0 (java windows)
Content-Type: application/json; charset=utf-8
host: localhost:7277
accept: */*

Response DefaultHttpResponse(decodeResult: success, version: HTTP/1.1)
HTTP/1.1 200 OK
Content-Length: 314492
Content-Type: application/json; charset=utf-8
cache-control: no-cache

14:58:46.032 [AsyncHttpClient-1-14] DEBUG org.asynchttpclient.netty.channel.ChannelManager - Adding key: http://localhost:7277 for channel [id: 0xf887cfc9, L:/127.0.0.1:58164 - R:localhost/127.0.0.1:7277]
  When Add new address                                                     # StepDefination.Customer_onboarding.Add_ew_address()
14:58:46.063 [Forwarding findElement on session 0d0734228bfc7869b368d3d81a97b1cb to remote] DEBUG org.asynchttpclient.netty.request.NettyRequestSender - Using pooled Channel '[id: 0xf887cfc9, L:/127.0.0.1:58164 - R:localhost/127.0.0.1:7277]' for 'POST' to 'http://localhost:7277/session/0d0734228bfc7869b368d3d81a97b1cb/element'
14:58:46.063 [Forwarding findElement on session 0d0734228bfc7869b368d3d81a97b1cb to remote] DEBUG org.asynchttpclient.netty.request.NettyRequestSender - Using open Channel [id: 0xf887cfc9, L:/127.0.0.1:58164 - R:localhost/127.0.0.1:7277] for POST '/session/0d0734228bfc7869b368d3d81a97b1cb/element'
14:58:46.095 [AsyncHttpClient-1-14] DEBUG org.asynchttpclient.netty.handler.HttpHandler - 

Request DefaultHttpRequest(decodeResult: success, version: HTTP/1.1)
POST /session/0d0734228bfc7869b368d3d81a97b1cb/element HTTP/1.1
User-Agent: selenium/4.12.0 (java windows)
Content-Length: 174
Content-Type: application/json; charset=utf-8
host: localhost:7277
accept: */*

Response DefaultHttpResponse(decodeResult: success, version: HTTP/1.1)
HTTP/1.1 200 OK
Content-Length: 127
Content-Type: application/json; charset=utf-8
cache-control: no-cache

14:58:46.095 [AsyncHttpClient-1-14] DEBUG org.asynchttpclient.netty.channel.ChannelManager - Adding key: http://localhost:7277 for channel [id: 0xf887cfc9, L:/127.0.0.1:58164 - R:localhost/127.0.0.1:7277]
14:58:46.095 [Forwarding sendKeysToElement on session 0d0734228bfc7869b368d3d81a97b1cb to remote] DEBUG org.asynchttpclient.netty.request.NettyRequestSender - Using pooled Channel '[id: 0xf887cfc9, L:/127.0.0.1:58164 - R:localhost/127.0.0.1:7277]' for 'POST' to 'http://localhost:7277/session/0d0734228bfc7869b368d3d81a97b1cb/element/f.7026F1908C5FD28E4E9015C8C74185E2.d.1013B927BDDA9A04D5E7C40DBDA20AED.e.103/value'
14:58:46.095 [Forwarding sendKeysToElement on session 0d0734228bfc7869b368d3d81a97b1cb to remote] DEBUG org.asynchttpclient.netty.request.NettyRequestSender - Using open Channel [id: 0xf887cfc9, L:/127.0.0.1:58164 - R:localhost/127.0.0.1:7277] for POST '/session/0d0734228bfc7869b368d3d81a97b1cb/element/f.7026F1908C5FD28E4E9015C8C74185E2.d.1013B927BDDA9A04D5E7C40DBDA20AED.e.103/value'
14:58:46.426 [AsyncHttpClient-1-14] DEBUG org.asynchttpclient.netty.handler.HttpHandler - 

Request DefaultHttpRequest(decodeResult: success, version: HTTP/1.1)
POST /session/0d0734228bfc7869b368d3d81a97b1cb/element/f.7026F1908C5FD28E4E9015C8C74185E2.d.1013B927BDDA9A04D5E7C40DBDA20AED.e.103/value HTTP/1.1
User-Agent: selenium/4.12.0 (java windows)
Content-Length: 260
Content-Type: application/json; charset=utf-8
host: localhost:7277
accept: */*

Response DefaultHttpResponse(decodeResult: success, version: HTTP/1.1)
HTTP/1.1 200 OK
Content-Length: 14
Content-Type: application/json; charset=utf-8
cache-control: no-cache

14:58:46.426 [AsyncHttpClient-1-14] DEBUG org.asynchttpclient.netty.channel.ChannelManager - Adding key: http://localhost:7277 for channel [id: 0xf887cfc9, L:/127.0.0.1:58164 - R:localhost/127.0.0.1:7277]
14:58:46.426 [Forwarding findElement on session 0d0734228bfc7869b368d3d81a97b1cb to remote] DEBUG org.asynchttpclient.netty.request.NettyRequestSender - Using pooled Channel '[id: 0xf887cfc9, L:/127.0.0.1:58164 - R:localhost/127.0.0.1:7277]' for 'POST' to 'http://localhost:7277/session/0d0734228bfc7869b368d3d81a97b1cb/element'
14:58:46.426 [Forwarding findElement on session 0d0734228bfc7869b368d3d81a97b1cb to remote] DEBUG org.asynchttpclient.netty.request.NettyRequestSender - Using open Channel [id: 0xf887cfc9, L:/127.0.0.1:58164 - R:localhost/127.0.0.1:7277] for POST '/session/0d0734228bfc7869b368d3d81a97b1cb/element'
14:58:46.441 [AsyncHttpClient-1-14] DEBUG org.asynchttpclient.netty.handler.HttpHandler - 

Request DefaultHttpRequest(decodeResult: success, version: HTTP/1.1)
POST /session/0d0734228bfc7869b368d3d81a97b1cb/element HTTP/1.1
User-Agent: selenium/4.12.0 (java windows)
Content-Length: 161
Content-Type: application/json; charset=utf-8
host: localhost:7277
accept: */*

Response DefaultHttpResponse(decodeResult: success, version: HTTP/1.1)
HTTP/1.1 200 OK
Content-Length: 127
Content-Type: application/json; charset=utf-8
cache-control: no-cache

14:58:46.441 [AsyncHttpClient-1-14] DEBUG org.asynchttpclient.netty.channel.ChannelManager - Adding key: http://localhost:7277 for channel [id: 0xf887cfc9, L:/127.0.0.1:58164 - R:localhost/127.0.0.1:7277]
14:58:46.457 [Forwarding sendKeysToElement on session 0d0734228bfc7869b368d3d81a97b1cb to remote] DEBUG org.asynchttpclient.netty.request.NettyRequestSender - Using pooled Channel '[id: 0xf887cfc9, L:/127.0.0.1:58164 - R:localhost/127.0.0.1:7277]' for 'POST' to 'http://localhost:7277/session/0d0734228bfc7869b368d3d81a97b1cb/element/f.7026F1908C5FD28E4E9015C8C74185E2.d.1013B927BDDA9A04D5E7C40DBDA20AED.e.104/value'
14:58:46.457 [Forwarding sendKeysToElement on session 0d0734228bfc7869b368d3d81a97b1cb to remote] DEBUG org.asynchttpclient.netty.request.NettyRequestSender - Using open Channel [id: 0xf887cfc9, L:/127.0.0.1:58164 - R:localhost/127.0.0.1:7277] for POST '/session/0d0734228bfc7869b368d3d81a97b1cb/element/f.7026F1908C5FD28E4E9015C8C74185E2.d.1013B927BDDA9A04D5E7C40DBDA20AED.e.104/value'
14:58:46.547 [AsyncHttpClient-1-14] DEBUG org.asynchttpclient.netty.handler.HttpHandler - 

Request DefaultHttpRequest(decodeResult: success, version: HTTP/1.1)
POST /session/0d0734228bfc7869b368d3d81a97b1cb/element/f.7026F1908C5FD28E4E9015C8C74185E2.d.1013B927BDDA9A04D5E7C40DBDA20AED.e.104/value HTTP/1.1
User-Agent: selenium/4.12.0 (java windows)
Content-Length: 140
Content-Type: application/json; charset=utf-8
host: localhost:7277
accept: */*

Response DefaultHttpResponse(decodeResult: success, version: HTTP/1.1)
HTTP/1.1 200 OK
Content-Length: 14
Content-Type: application/json; charset=utf-8
cache-control: no-cache

14:58:46.547 [AsyncHttpClient-1-14] DEBUG org.asynchttpclient.netty.channel.ChannelManager - Adding key: http://localhost:7277 for channel [id: 0xf887cfc9, L:/127.0.0.1:58164 - R:localhost/127.0.0.1:7277]
14:58:46.547 [Forwarding findElement on session 0d0734228bfc7869b368d3d81a97b1cb to remote] DEBUG org.asynchttpclient.netty.request.NettyRequestSender - Using pooled Channel '[id: 0xf887cfc9, L:/127.0.0.1:58164 - R:localhost/127.0.0.1:7277]' for 'POST' to 'http://localhost:7277/session/0d0734228bfc7869b368d3d81a97b1cb/element'
14:58:46.547 [Forwarding findElement on session 0d0734228bfc7869b368d3d81a97b1cb to remote] DEBUG org.asynchttpclient.netty.request.NettyRequestSender - Using open Channel [id: 0xf887cfc9, L:/127.0.0.1:58164 - R:localhost/127.0.0.1:7277] for POST '/session/0d0734228bfc7869b368d3d81a97b1cb/element'
14:58:46.563 [AsyncHttpClient-1-14] DEBUG org.asynchttpclient.netty.handler.HttpHandler - 

Request DefaultHttpRequest(decodeResult: success, version: HTTP/1.1)
POST /session/0d0734228bfc7869b368d3d81a97b1cb/element HTTP/1.1
User-Agent: selenium/4.12.0 (java windows)
Content-Length: 176
Content-Type: application/json; charset=utf-8
host: localhost:7277
accept: */*

Response DefaultHttpResponse(decodeResult: success, version: HTTP/1.1)
HTTP/1.1 200 OK
Content-Length: 127
Content-Type: application/json; charset=utf-8
cache-control: no-cache

14:58:46.563 [AsyncHttpClient-1-14] DEBUG org.asynchttpclient.netty.channel.ChannelManager - Adding key: http://localhost:7277 for channel [id: 0xf887cfc9, L:/127.0.0.1:58164 - R:localhost/127.0.0.1:7277]
14:58:46.572 [AsyncHttpClient-1-1] DEBUG org.asynchttpclient.netty.channel.DefaultChannelPool - Entry count for : http://localhost:7277 : 1
14:58:46.573 [Forwarding sendKeysToElement on session 0d0734228bfc7869b368d3d81a97b1cb to remote] DEBUG org.asynchttpclient.netty.request.NettyRequestSender - Using pooled Channel '[id: 0xf887cfc9, L:/127.0.0.1:58164 - R:localhost/127.0.0.1:7277]' for 'POST' to 'http://localhost:7277/session/0d0734228bfc7869b368d3d81a97b1cb/element/f.7026F1908C5FD28E4E9015C8C74185E2.d.1013B927BDDA9A04D5E7C40DBDA20AED.e.105/value'
14:58:46.573 [Forwarding sendKeysToElement on session 0d0734228bfc7869b368d3d81a97b1cb to remote] DEBUG org.asynchttpclient.netty.request.NettyRequestSender - Using open Channel [id: 0xf887cfc9, L:/127.0.0.1:58164 - R:localhost/127.0.0.1:7277] for POST '/session/0d0734228bfc7869b368d3d81a97b1cb/element/f.7026F1908C5FD28E4E9015C8C74185E2.d.1013B927BDDA9A04D5E7C40DBDA20AED.e.105/value'
14:58:46.667 [AsyncHttpClient-1-14] DEBUG org.asynchttpclient.netty.handler.HttpHandler - 

Request DefaultHttpRequest(decodeResult: success, version: HTTP/1.1)
POST /session/0d0734228bfc7869b368d3d81a97b1cb/element/f.7026F1908C5FD28E4E9015C8C74185E2.d.1013B927BDDA9A04D5E7C40DBDA20AED.e.105/value HTTP/1.1
User-Agent: selenium/4.12.0 (java windows)
Content-Length: 140
Content-Type: application/json; charset=utf-8
host: localhost:7277
accept: */*

Response DefaultHttpResponse(decodeResult: success, version: HTTP/1.1)
HTTP/1.1 200 OK
Content-Length: 14
Content-Type: application/json; charset=utf-8
cache-control: no-cache

14:58:46.667 [AsyncHttpClient-1-14] DEBUG org.asynchttpclient.netty.channel.ChannelManager - Adding key: http://localhost:7277 for channel [id: 0xf887cfc9, L:/127.0.0.1:58164 - R:localhost/127.0.0.1:7277]
14:58:46.667 [Forwarding findElement on session 0d0734228bfc7869b368d3d81a97b1cb to remote] DEBUG org.asynchttpclient.netty.request.NettyRequestSender - Using pooled Channel '[id: 0xf887cfc9, L:/127.0.0.1:58164 - R:localhost/127.0.0.1:7277]' for 'POST' to 'http://localhost:7277/session/0d0734228bfc7869b368d3d81a97b1cb/element'
14:58:46.667 [Forwarding findElement on session 0d0734228bfc7869b368d3d81a97b1cb to remote] DEBUG org.asynchttpclient.netty.request.NettyRequestSender - Using open Channel [id: 0xf887cfc9, L:/127.0.0.1:58164 - R:localhost/127.0.0.1:7277] for POST '/session/0d0734228bfc7869b368d3d81a97b1cb/element'
14:58:46.689 [AsyncHttpClient-1-14] DEBUG org.asynchttpclient.netty.handler.HttpHandler - 

Request DefaultHttpRequest(decodeResult: success, version: HTTP/1.1)
POST /session/0d0734228bfc7869b368d3d81a97b1cb/element HTTP/1.1
User-Agent: selenium/4.12.0 (java windows)
Content-Length: 182
Content-Type: application/json; charset=utf-8
host: localhost:7277
accept: */*

Response DefaultHttpResponse(decodeResult: success, version: HTTP/1.1)
HTTP/1.1 200 OK
Content-Length: 127
Content-Type: application/json; charset=utf-8
cache-control: no-cache

14:58:46.692 [AsyncHttpClient-1-14] DEBUG org.asynchttpclient.netty.channel.ChannelManager - Adding key: http://localhost:7277 for channel [id: 0xf887cfc9, L:/127.0.0.1:58164 - R:localhost/127.0.0.1:7277]
14:58:46.692 [Forwarding sendKeysToElement on session 0d0734228bfc7869b368d3d81a97b1cb to remote] DEBUG org.asynchttpclient.netty.request.NettyRequestSender - Using pooled Channel '[id: 0xf887cfc9, L:/127.0.0.1:58164 - R:localhost/127.0.0.1:7277]' for 'POST' to 'http://localhost:7277/session/0d0734228bfc7869b368d3d81a97b1cb/element/f.7026F1908C5FD28E4E9015C8C74185E2.d.1013B927BDDA9A04D5E7C40DBDA20AED.e.106/value'
14:58:46.692 [Forwarding sendKeysToElement on session 0d0734228bfc7869b368d3d81a97b1cb to remote] DEBUG org.asynchttpclient.netty.request.NettyRequestSender - Using open Channel [id: 0xf887cfc9, L:/127.0.0.1:58164 - R:localhost/127.0.0.1:7277] for POST '/session/0d0734228bfc7869b368d3d81a97b1cb/element/f.7026F1908C5FD28E4E9015C8C74185E2.d.1013B927BDDA9A04D5E7C40DBDA20AED.e.106/value'
14:58:46.839 [AsyncHttpClient-1-14] DEBUG org.asynchttpclient.netty.handler.HttpHandler - 

Request DefaultHttpRequest(decodeResult: success, version: HTTP/1.1)
POST /session/0d0734228bfc7869b368d3d81a97b1cb/element/f.7026F1908C5FD28E4E9015C8C74185E2.d.1013B927BDDA9A04D5E7C40DBDA20AED.e.106/value HTTP/1.1
User-Agent: selenium/4.12.0 (java windows)
Content-Length: 180
Content-Type: application/json; charset=utf-8
host: localhost:7277
accept: */*

Response DefaultHttpResponse(decodeResult: success, version: HTTP/1.1)
HTTP/1.1 200 OK
Content-Length: 14
Content-Type: application/json; charset=utf-8
cache-control: no-cache

14:58:46.839 [AsyncHttpClient-1-14] DEBUG org.asynchttpclient.netty.channel.ChannelManager - Adding key: http://localhost:7277 for channel [id: 0xf887cfc9, L:/127.0.0.1:58164 - R:localhost/127.0.0.1:7277]
14:58:46.839 [Forwarding findElement on session 0d0734228bfc7869b368d3d81a97b1cb to remote] DEBUG org.asynchttpclient.netty.request.NettyRequestSender - Using pooled Channel '[id: 0xf887cfc9, L:/127.0.0.1:58164 - R:localhost/127.0.0.1:7277]' for 'POST' to 'http://localhost:7277/session/0d0734228bfc7869b368d3d81a97b1cb/element'
14:58:46.841 [Forwarding findElement on session 0d0734228bfc7869b368d3d81a97b1cb to remote] DEBUG org.asynchttpclient.netty.request.NettyRequestSender - Using open Channel [id: 0xf887cfc9, L:/127.0.0.1:58164 - R:localhost/127.0.0.1:7277] for POST '/session/0d0734228bfc7869b368d3d81a97b1cb/element'
14:58:46.864 [AsyncHttpClient-1-14] DEBUG org.asynchttpclient.netty.handler.HttpHandler - 

Request DefaultHttpRequest(decodeResult: success, version: HTTP/1.1)
POST /session/0d0734228bfc7869b368d3d81a97b1cb/element HTTP/1.1
User-Agent: selenium/4.12.0 (java windows)
Content-Length: 164
Content-Type: application/json; charset=utf-8
host: localhost:7277
accept: */*

Response DefaultHttpResponse(decodeResult: success, version: HTTP/1.1)
HTTP/1.1 200 OK
Content-Length: 127
Content-Type: application/json; charset=utf-8
cache-control: no-cache

14:58:46.864 [AsyncHttpClient-1-14] DEBUG org.asynchttpclient.netty.channel.ChannelManager - Adding key: http://localhost:7277 for channel [id: 0xf887cfc9, L:/127.0.0.1:58164 - R:localhost/127.0.0.1:7277]
14:58:46.864 [Forwarding sendKeysToElement on session 0d0734228bfc7869b368d3d81a97b1cb to remote] DEBUG org.asynchttpclient.netty.request.NettyRequestSender - Using pooled Channel '[id: 0xf887cfc9, L:/127.0.0.1:58164 - R:localhost/127.0.0.1:7277]' for 'POST' to 'http://localhost:7277/session/0d0734228bfc7869b368d3d81a97b1cb/element/f.7026F1908C5FD28E4E9015C8C74185E2.d.1013B927BDDA9A04D5E7C40DBDA20AED.e.107/value'
14:58:46.864 [Forwarding sendKeysToElement on session 0d0734228bfc7869b368d3d81a97b1cb to remote] DEBUG org.asynchttpclient.netty.request.NettyRequestSender - Using open Channel [id: 0xf887cfc9, L:/127.0.0.1:58164 - R:localhost/127.0.0.1:7277] for POST '/session/0d0734228bfc7869b368d3d81a97b1cb/element/f.7026F1908C5FD28E4E9015C8C74185E2.d.1013B927BDDA9A04D5E7C40DBDA20AED.e.107/value'
14:58:47.019 [AsyncHttpClient-1-14] DEBUG org.asynchttpclient.netty.handler.HttpHandler - 

Request DefaultHttpRequest(decodeResult: success, version: HTTP/1.1)
POST /session/0d0734228bfc7869b368d3d81a97b1cb/element/f.7026F1908C5FD28E4E9015C8C74185E2.d.1013B927BDDA9A04D5E7C40DBDA20AED.e.107/value HTTP/1.1
User-Agent: selenium/4.12.0 (java windows)
Content-Length: 150
Content-Type: application/json; charset=utf-8
host: localhost:7277
accept: */*

Response DefaultHttpResponse(decodeResult: success, version: HTTP/1.1)
HTTP/1.1 200 OK
Content-Length: 14
Content-Type: application/json; charset=utf-8
cache-control: no-cache

14:58:47.019 [AsyncHttpClient-1-14] DEBUG org.asynchttpclient.netty.channel.ChannelManager - Adding key: http://localhost:7277 for channel [id: 0xf887cfc9, L:/127.0.0.1:58164 - R:localhost/127.0.0.1:7277]
14:58:47.537 [Forwarding screenshot on session 0d0734228bfc7869b368d3d81a97b1cb to remote] DEBUG org.asynchttpclient.netty.request.NettyRequestSender - Using pooled Channel '[id: 0xf887cfc9, L:/127.0.0.1:58164 - R:localhost/127.0.0.1:7277]' for 'GET' to 'http://localhost:7277/session/0d0734228bfc7869b368d3d81a97b1cb/screenshot'
14:58:47.537 [Forwarding screenshot on session 0d0734228bfc7869b368d3d81a97b1cb to remote] DEBUG org.asynchttpclient.netty.request.NettyRequestSender - Using open Channel [id: 0xf887cfc9, L:/127.0.0.1:58164 - R:localhost/127.0.0.1:7277] for GET '/session/0d0734228bfc7869b368d3d81a97b1cb/screenshot'
14:58:47.751 [AsyncHttpClient-1-14] DEBUG org.asynchttpclient.netty.handler.HttpHandler - 

Request DefaultFullHttpRequest(decodeResult: success, version: HTTP/1.1, content: EmptyByteBufBE)
GET /session/0d0734228bfc7869b368d3d81a97b1cb/screenshot HTTP/1.1
Cache-Control: no-cache
User-Agent: selenium/4.12.0 (java windows)
Content-Type: application/json; charset=utf-8
host: localhost:7277
accept: */*

Response DefaultHttpResponse(decodeResult: success, version: HTTP/1.1)
HTTP/1.1 200 OK
Content-Length: 287932
Content-Type: application/json; charset=utf-8
cache-control: no-cache

14:58:47.751 [AsyncHttpClient-1-14] DEBUG org.asynchttpclient.netty.channel.ChannelManager - Adding key: http://localhost:7277 for channel [id: 0xf887cfc9, L:/127.0.0.1:58164 - R:localhost/127.0.0.1:7277]
  And Add_new_address_detailsMain_street001 YK FL 987678 USA               # StepDefination.Customer_onboarding.Add_new_addrest_details(java.lang.String,java.lang.String,java.lang.String,java.lang.String,java.lang.String)
14:58:48.773 [AsyncHttpClient-1-1] DEBUG org.asynchttpclient.netty.channel.DefaultChannelPool - Entry count for : http://localhost:7277 : 1
14:58:48.789 [Forwarding findElement on session 0d0734228bfc7869b368d3d81a97b1cb to remote] DEBUG org.asynchttpclient.netty.request.NettyRequestSender - Using pooled Channel '[id: 0xf887cfc9, L:/127.0.0.1:58164 - R:localhost/127.0.0.1:7277]' for 'POST' to 'http://localhost:7277/session/0d0734228bfc7869b368d3d81a97b1cb/element'
14:58:48.789 [Forwarding findElement on session 0d0734228bfc7869b368d3d81a97b1cb to remote] DEBUG org.asynchttpclient.netty.request.NettyRequestSender - Using open Channel [id: 0xf887cfc9, L:/127.0.0.1:58164 - R:localhost/127.0.0.1:7277] for POST '/session/0d0734228bfc7869b368d3d81a97b1cb/element'
14:58:48.789 [AsyncHttpClient-1-14] DEBUG org.asynchttpclient.netty.handler.HttpHandler - 

Request DefaultHttpRequest(decodeResult: success, version: HTTP/1.1)
POST /session/0d0734228bfc7869b368d3d81a97b1cb/element HTTP/1.1
User-Agent: selenium/4.12.0 (java windows)
Content-Length: 72
Content-Type: application/json; charset=utf-8
host: localhost:7277
accept: */*

Response DefaultHttpResponse(decodeResult: success, version: HTTP/1.1)
HTTP/1.1 200 OK
Content-Length: 127
Content-Type: application/json; charset=utf-8
cache-control: no-cache

14:58:48.789 [AsyncHttpClient-1-14] DEBUG org.asynchttpclient.netty.channel.ChannelManager - Adding key: http://localhost:7277 for channel [id: 0xf887cfc9, L:/127.0.0.1:58164 - R:localhost/127.0.0.1:7277]
14:58:48.789 [Forwarding clickElement on session 0d0734228bfc7869b368d3d81a97b1cb to remote] DEBUG org.asynchttpclient.netty.request.NettyRequestSender - Using pooled Channel '[id: 0xf887cfc9, L:/127.0.0.1:58164 - R:localhost/127.0.0.1:7277]' for 'POST' to 'http://localhost:7277/session/0d0734228bfc7869b368d3d81a97b1cb/element/f.7026F1908C5FD28E4E9015C8C74185E2.d.1013B927BDDA9A04D5E7C40DBDA20AED.e.138/click'
14:58:48.789 [Forwarding clickElement on session 0d0734228bfc7869b368d3d81a97b1cb to remote] DEBUG org.asynchttpclient.netty.request.NettyRequestSender - Using open Channel [id: 0xf887cfc9, L:/127.0.0.1:58164 - R:localhost/127.0.0.1:7277] for POST '/session/0d0734228bfc7869b368d3d81a97b1cb/element/f.7026F1908C5FD28E4E9015C8C74185E2.d.1013B927BDDA9A04D5E7C40DBDA20AED.e.138/click'
14:58:48.896 [AsyncHttpClient-1-14] DEBUG org.asynchttpclient.netty.handler.HttpHandler - 

Request DefaultHttpRequest(decodeResult: success, version: HTTP/1.1)
POST /session/0d0734228bfc7869b368d3d81a97b1cb/element/f.7026F1908C5FD28E4E9015C8C74185E2.d.1013B927BDDA9A04D5E7C40DBDA20AED.e.138/click HTTP/1.1
User-Agent: selenium/4.12.0 (java windows)
Content-Length: 89
Content-Type: application/json; charset=utf-8
host: localhost:7277
accept: */*

Response DefaultHttpResponse(decodeResult: success, version: HTTP/1.1)
HTTP/1.1 200 OK
Content-Length: 14
Content-Type: application/json; charset=utf-8
cache-control: no-cache

14:58:48.896 [AsyncHttpClient-1-14] DEBUG org.asynchttpclient.netty.channel.ChannelManager - Adding key: http://localhost:7277 for channel [id: 0xf887cfc9, L:/127.0.0.1:58164 - R:localhost/127.0.0.1:7277]
14:58:49.399 [Forwarding screenshot on session 0d0734228bfc7869b368d3d81a97b1cb to remote] DEBUG org.asynchttpclient.netty.request.NettyRequestSender - Using pooled Channel '[id: 0xf887cfc9, L:/127.0.0.1:58164 - R:localhost/127.0.0.1:7277]' for 'GET' to 'http://localhost:7277/session/0d0734228bfc7869b368d3d81a97b1cb/screenshot'
14:58:49.399 [Forwarding screenshot on session 0d0734228bfc7869b368d3d81a97b1cb to remote] DEBUG org.asynchttpclient.netty.request.NettyRequestSender - Using open Channel [id: 0xf887cfc9, L:/127.0.0.1:58164 - R:localhost/127.0.0.1:7277] for GET '/session/0d0734228bfc7869b368d3d81a97b1cb/screenshot'
14:58:49.639 [AsyncHttpClient-1-14] DEBUG org.asynchttpclient.netty.handler.HttpHandler - 

Request DefaultFullHttpRequest(decodeResult: success, version: HTTP/1.1, content: EmptyByteBufBE)
GET /session/0d0734228bfc7869b368d3d81a97b1cb/screenshot HTTP/1.1
Cache-Control: no-cache
User-Agent: selenium/4.12.0 (java windows)
Content-Type: application/json; charset=utf-8
host: localhost:7277
accept: */*

Response DefaultHttpResponse(decodeResult: success, version: HTTP/1.1)
HTTP/1.1 200 OK
Content-Length: 366384
Content-Type: application/json; charset=utf-8
cache-control: no-cache

14:58:49.639 [AsyncHttpClient-1-14] DEBUG org.asynchttpclient.netty.channel.ChannelManager - Adding key: http://localhost:7277 for channel [id: 0xf887cfc9, L:/127.0.0.1:58164 - R:localhost/127.0.0.1:7277]
  When Submit the form                                                     # StepDefination.Customer_onboarding.Submit_the_form()
14:58:49.670 [Forwarding findElements on session 0d0734228bfc7869b368d3d81a97b1cb to remote] DEBUG org.asynchttpclient.netty.request.NettyRequestSender - Using pooled Channel '[id: 0xf887cfc9, L:/127.0.0.1:58164 - R:localhost/127.0.0.1:7277]' for 'POST' to 'http://localhost:7277/session/0d0734228bfc7869b368d3d81a97b1cb/elements'
14:58:49.670 [Forwarding findElements on session 0d0734228bfc7869b368d3d81a97b1cb to remote] DEBUG org.asynchttpclient.netty.request.NettyRequestSender - Using open Channel [id: 0xf887cfc9, L:/127.0.0.1:58164 - R:localhost/127.0.0.1:7277] for POST '/session/0d0734228bfc7869b368d3d81a97b1cb/elements'
14:58:49.686 [AsyncHttpClient-1-14] DEBUG org.asynchttpclient.netty.handler.HttpHandler - 

Request DefaultHttpRequest(decodeResult: success, version: HTTP/1.1)
POST /session/0d0734228bfc7869b368d3d81a97b1cb/elements HTTP/1.1
User-Agent: selenium/4.12.0 (java windows)
Content-Length: 142
Content-Type: application/json; charset=utf-8
host: localhost:7277
accept: */*

Response DefaultHttpResponse(decodeResult: success, version: HTTP/1.1)
HTTP/1.1 200 OK
Content-Length: 129
Content-Type: application/json; charset=utf-8
cache-control: no-cache

14:58:49.686 [AsyncHttpClient-1-14] DEBUG org.asynchttpclient.netty.channel.ChannelManager - Adding key: http://localhost:7277 for channel [id: 0xf887cfc9, L:/127.0.0.1:58164 - R:localhost/127.0.0.1:7277]
14:58:49.686 [Forwarding findElement on session 0d0734228bfc7869b368d3d81a97b1cb to remote] DEBUG org.asynchttpclient.netty.request.NettyRequestSender - Using pooled Channel '[id: 0xf887cfc9, L:/127.0.0.1:58164 - R:localhost/127.0.0.1:7277]' for 'POST' to 'http://localhost:7277/session/0d0734228bfc7869b368d3d81a97b1cb/element'
14:58:49.686 [Forwarding findElement on session 0d0734228bfc7869b368d3d81a97b1cb to remote] DEBUG org.asynchttpclient.netty.request.NettyRequestSender - Using open Channel [id: 0xf887cfc9, L:/127.0.0.1:58164 - R:localhost/127.0.0.1:7277] for POST '/session/0d0734228bfc7869b368d3d81a97b1cb/element'
14:58:49.701 [AsyncHttpClient-1-14] DEBUG org.asynchttpclient.netty.handler.HttpHandler - 

Request DefaultHttpRequest(decodeResult: success, version: HTTP/1.1)
POST /session/0d0734228bfc7869b368d3d81a97b1cb/element HTTP/1.1
User-Agent: selenium/4.12.0 (java windows)
Content-Length: 156
Content-Type: application/json; charset=utf-8
host: localhost:7277
accept: */*

Response DefaultHttpResponse(decodeResult: success, version: HTTP/1.1)
HTTP/1.1 200 OK
Content-Length: 127
Content-Type: application/json; charset=utf-8
cache-control: no-cache

14:58:49.701 [AsyncHttpClient-1-14] DEBUG org.asynchttpclient.netty.channel.ChannelManager - Adding key: http://localhost:7277 for channel [id: 0xf887cfc9, L:/127.0.0.1:58164 - R:localhost/127.0.0.1:7277]
14:58:49.701 [Forwarding getElementText on session 0d0734228bfc7869b368d3d81a97b1cb to remote] DEBUG org.asynchttpclient.netty.request.NettyRequestSender - Using pooled Channel '[id: 0xf887cfc9, L:/127.0.0.1:58164 - R:localhost/127.0.0.1:7277]' for 'GET' to 'http://localhost:7277/session/0d0734228bfc7869b368d3d81a97b1cb/element/f.7026F1908C5FD28E4E9015C8C74185E2.d.1013B927BDDA9A04D5E7C40DBDA20AED.e.140/text'
14:58:49.701 [Forwarding getElementText on session 0d0734228bfc7869b368d3d81a97b1cb to remote] DEBUG org.asynchttpclient.netty.request.NettyRequestSender - Using open Channel [id: 0xf887cfc9, L:/127.0.0.1:58164 - R:localhost/127.0.0.1:7277] for GET '/session/0d0734228bfc7869b368d3d81a97b1cb/element/f.7026F1908C5FD28E4E9015C8C74185E2.d.1013B927BDDA9A04D5E7C40DBDA20AED.e.140/text'
14:58:49.717 [AsyncHttpClient-1-14] DEBUG org.asynchttpclient.netty.handler.HttpHandler - 

Request DefaultFullHttpRequest(decodeResult: success, version: HTTP/1.1, content: EmptyByteBufBE)
GET /session/0d0734228bfc7869b368d3d81a97b1cb/element/f.7026F1908C5FD28E4E9015C8C74185E2.d.1013B927BDDA9A04D5E7C40DBDA20AED.e.140/text HTTP/1.1
Cache-Control: no-cache
User-Agent: selenium/4.12.0 (java windows)
Content-Type: application/json; charset=utf-8
host: localhost:7277
accept: */*

Response DefaultHttpResponse(decodeResult: success, version: HTTP/1.1)
HTTP/1.1 200 OK
Content-Length: 14
Content-Type: application/json; charset=utf-8
cache-control: no-cache

14:58:49.717 [AsyncHttpClient-1-14] DEBUG org.asynchttpclient.netty.channel.ChannelManager - Adding key: http://localhost:7277 for channel [id: 0xf887cfc9, L:/127.0.0.1:58164 - R:localhost/127.0.0.1:7277]
14:58:49.870 [AsyncHttpClient-1-1] DEBUG org.asynchttpclient.netty.channel.DefaultChannelPool - Entry count for : http://localhost:7277 : 1
14:58:50.227 [Forwarding screenshot on session 0d0734228bfc7869b368d3d81a97b1cb to remote] DEBUG org.asynchttpclient.netty.request.NettyRequestSender - Using pooled Channel '[id: 0xf887cfc9, L:/127.0.0.1:58164 - R:localhost/127.0.0.1:7277]' for 'GET' to 'http://localhost:7277/session/0d0734228bfc7869b368d3d81a97b1cb/screenshot'
14:58:50.227 [Forwarding screenshot on session 0d0734228bfc7869b368d3d81a97b1cb to remote] DEBUG org.asynchttpclient.netty.request.NettyRequestSender - Using open Channel [id: 0xf887cfc9, L:/127.0.0.1:58164 - R:localhost/127.0.0.1:7277] for GET '/session/0d0734228bfc7869b368d3d81a97b1cb/screenshot'
14:58:50.391 [AsyncHttpClient-1-14] DEBUG org.asynchttpclient.netty.handler.HttpHandler - 

Request DefaultFullHttpRequest(decodeResult: success, version: HTTP/1.1, content: EmptyByteBufBE)
GET /session/0d0734228bfc7869b368d3d81a97b1cb/screenshot HTTP/1.1
Cache-Control: no-cache
User-Agent: selenium/4.12.0 (java windows)
Content-Type: application/json; charset=utf-8
host: localhost:7277
accept: */*

Response DefaultHttpResponse(decodeResult: success, version: HTTP/1.1)
HTTP/1.1 200 OK
Content-Length: 342500
Content-Type: application/json; charset=utf-8
cache-control: no-cache

14:58:50.391 [AsyncHttpClient-1-14] DEBUG org.asynchttpclient.netty.channel.ChannelManager - Adding key: http://localhost:7277 for channel [id: 0xf887cfc9, L:/127.0.0.1:58164 - R:localhost/127.0.0.1:7277]
  Then Verify_the_New_address                                              # StepDefination.Customer_onboarding.Verify_the_New_address()
14:58:50.422 [AsyncHttpClient-1-16] DEBUG org.asynchttpclient.netty.handler.WebSocketHandler - Channel Closed: [id: 0xcc9241cc, L:/127.0.0.1:58173 ! R:localhost/127.0.0.1:58165] with attribute DISCARD
14:58:50.422 [Driver Command Executor] DEBUG org.asynchttpclient.netty.request.NettyRequestSender - Using pooled Channel '[id: 0xf887cfc9, L:/127.0.0.1:58164 - R:localhost/127.0.0.1:7277]' for 'DELETE' to 'http://localhost:7277/session/0d0734228bfc7869b368d3d81a97b1cb'
14:58:50.422 [Driver Command Executor] DEBUG org.asynchttpclient.netty.request.NettyRequestSender - Using open Channel [id: 0xf887cfc9, L:/127.0.0.1:58164 - R:localhost/127.0.0.1:7277] for DELETE '/session/0d0734228bfc7869b368d3d81a97b1cb'
14:58:50.658 [AsyncHttpClient-1-14] DEBUG org.asynchttpclient.netty.handler.HttpHandler - 

Request DefaultFullHttpRequest(decodeResult: success, version: HTTP/1.1, content: EmptyByteBufBE)
DELETE /session/0d0734228bfc7869b368d3d81a97b1cb HTTP/1.1
User-Agent: selenium/4.12.0 (java windows)
Content-Type: application/json; charset=utf-8
host: localhost:7277
accept: */*

Response DefaultHttpResponse(decodeResult: success, version: HTTP/1.1)
HTTP/1.1 200 OK
Content-Length: 14
Content-Type: application/json; charset=utf-8
cache-control: no-cache

14:58:50.658 [AsyncHttpClient-1-14] DEBUG org.asynchttpclient.netty.channel.ChannelManager - Adding key: http://localhost:7277 for channel [id: 0xf887cfc9, L:/127.0.0.1:58164 - R:localhost/127.0.0.1:7277]
14:58:50.972 [AsyncHttpClient-1-1] DEBUG org.asynchttpclient.netty.channel.DefaultChannelPool - Entry count for : http://localhost:7277 : 1
14:58:51.334 [AsyncHttpClient-1-14] DEBUG org.asynchttpclient.netty.handler.HttpHandler - Channel Closed: [id: 0xf887cfc9, L:/127.0.0.1:58164 ! R:localhost/127.0.0.1:7277] with attribute DISCARD
  And Close_Window                                                         # StepDefination.Customer_onboarding.close_window()
]]></system-out>
    <system-err><![CDATA[Jan 15, 2025 2:57:22 PM org.openqa.selenium.devtools.CdpVersionFinder findNearestMatch
WARNING: Unable to find CDP implementation matching 131
Jan 15, 2025 2:57:22 PM org.openqa.selenium.chromium.ChromiumDriver lambda$new$5
WARNING: Unable to find version of CDP to use for 131.0.6778.265. You may need to include a dependency on a specific version of the CDP using something similar to `org.seleniumhq.selenium:selenium-devtools-v86:4.12.0` where the version ("v86") matches the version of the chromium-based browser you're using and the version number of the artifact is the same as Selenium's.
]]></system-err>
  </testcase>
  <testcase name="Signin with email and password #1" classname="User sign IN" time="76.208">
    <system-out><![CDATA[
Scenario Outline: Signin with email and password           # src/test/resources/Login/Login.feature:12
14:58:51.758 [AsyncHttpClient-1-17] DEBUG org.asynchttpclient.netty.channel.NettyConnectListener - Using new Channel '[id: 0x04ede5f0, L:/127.0.0.1:58255 - R:localhost/127.0.0.1:37224]' for 'POST' to '/session'
14:58:52.072 [AsyncHttpClient-1-1] DEBUG org.asynchttpclient.netty.channel.DefaultChannelPool - Entry count for : http://localhost:7277 : 1
14:58:52.072 [AsyncHttpClient-1-1] DEBUG org.asynchttpclient.netty.channel.DefaultChannelPool - Adding Candidate expired Channel [id: 0xf887cfc9, L:/127.0.0.1:58164 ! R:localhost/127.0.0.1:7277] isIdleTimeoutExpired=false isRemotelyClosed=true isTtlExpired=false
14:58:52.072 [AsyncHttpClient-1-1] DEBUG org.asynchttpclient.netty.channel.DefaultChannelPool - Closing Idle Channel [id: 0xf887cfc9, L:/127.0.0.1:58164 ! R:localhost/127.0.0.1:7277]
14:58:52.072 [AsyncHttpClient-1-1] DEBUG org.asynchttpclient.netty.channel.DefaultChannelPool - Closed 1 connections out of 1 in 0 ms
14:58:53.106 [AsyncHttpClient-1-17] DEBUG org.asynchttpclient.netty.handler.HttpHandler - 

Request DefaultHttpRequest(decodeResult: success, version: HTTP/1.1)
POST /session HTTP/1.1
User-Agent: selenium/4.12.0 (java windows)
Content-Length: 254
Content-Type: application/json; charset=utf-8
host: localhost:37224
accept: */*

Response DefaultHttpResponse(decodeResult: success, version: HTTP/1.1)
HTTP/1.1 200 OK
Content-Length: 887
Content-Type: application/json; charset=utf-8
cache-control: no-cache

14:58:53.106 [AsyncHttpClient-1-17] DEBUG org.asynchttpclient.netty.channel.ChannelManager - Adding key: http://localhost:37224 for channel [id: 0x04ede5f0, L:/127.0.0.1:58255 - R:localhost/127.0.0.1:37224]
14:58:53.128 [AsyncHttpClient-1-18] DEBUG org.asynchttpclient.netty.channel.NettyConnectListener - Using new Channel '[id: 0x770bab8f, L:/127.0.0.1:58264 - R:localhost/127.0.0.1:58256]' for 'GET' to '/json/version'
14:58:53.136 [AsyncHttpClient-1-18] DEBUG org.asynchttpclient.netty.handler.HttpHandler - 

Request DefaultFullHttpRequest(decodeResult: success, version: HTTP/1.1, content: EmptyByteBufBE)
GET /json/version HTTP/1.1
User-Agent: selenium/4.12.0 (java windows)
host: localhost:58256
accept: */*

Response DefaultHttpResponse(decodeResult: success, version: HTTP/1.1)
HTTP/1.1 200 OK
Content-Security-Policy: frame-ancestors 'none'
Content-Length: 424
Content-Type: application/json; charset=UTF-8

14:58:53.138 [AsyncHttpClient-1-18] DEBUG org.asynchttpclient.netty.channel.ChannelManager - Adding key: http://localhost:58256 for channel [id: 0x770bab8f, L:/127.0.0.1:58264 - R:localhost/127.0.0.1:58256]
14:58:53.144 [AsyncHttpClient-1-19] DEBUG org.asynchttpclient.netty.channel.NettyConnectListener - Using new Channel '[id: 0x8c55d6be, L:/127.0.0.1:58265 - R:localhost/127.0.0.1:58256]' for 'GET' to '/devtools/browser/3f53ccad-4a96-4802-9fe5-1962da83a63d'
14:58:53.144 [AsyncHttpClient-1-19] DEBUG org.asynchttpclient.netty.handler.WebSocketHandler - 

Request DefaultFullHttpRequest(decodeResult: success, version: HTTP/1.1, content: EmptyByteBufBE)
GET /devtools/browser/3f53ccad-4a96-4802-9fe5-1962da83a63d HTTP/1.1
upgrade: websocket
connection: upgrade
sec-websocket-key: 8ovqUmfU0IaFj0Mauh1mcg==
sec-websocket-version: 13
origin: http://localhost:58256
host: localhost:58256
accept: */*
user-agent: AHC/2.1

Response DefaultHttpResponse(decodeResult: success, version: HTTP/1.1)
HTTP/1.1 101 WebSocket Protocol Handshake
Upgrade: WebSocket
Connection: Upgrade
Sec-WebSocket-Accept: T8ATXzz92Pk+tYeEACaZiQT5rHY=

14:58:53.152 [Forwarding get on session c1908e61632581994ba3a7acc2643bae to remote] DEBUG org.asynchttpclient.netty.request.NettyRequestSender - Using pooled Channel '[id: 0x04ede5f0, L:/127.0.0.1:58255 - R:localhost/127.0.0.1:37224]' for 'POST' to 'http://localhost:37224/session/c1908e61632581994ba3a7acc2643bae/url'
14:58:53.152 [Forwarding get on session c1908e61632581994ba3a7acc2643bae to remote] DEBUG org.asynchttpclient.netty.request.NettyRequestSender - Using open Channel [id: 0x04ede5f0, L:/127.0.0.1:58255 - R:localhost/127.0.0.1:37224] for POST '/session/c1908e61632581994ba3a7acc2643bae/url'
14:58:53.176 [AsyncHttpClient-1-1] DEBUG org.asynchttpclient.netty.channel.DefaultChannelPool - Entry count for : http://localhost:58256 : 1
14:58:54.283 [AsyncHttpClient-1-1] DEBUG org.asynchttpclient.netty.channel.DefaultChannelPool - Entry count for : http://localhost:58256 : 1
14:58:55.383 [AsyncHttpClient-1-1] DEBUG org.asynchttpclient.netty.channel.DefaultChannelPool - Entry count for : http://localhost:58256 : 1
14:58:56.471 [AsyncHttpClient-1-1] DEBUG org.asynchttpclient.netty.channel.DefaultChannelPool - Entry count for : http://localhost:58256 : 1
14:58:57.571 [AsyncHttpClient-1-1] DEBUG org.asynchttpclient.netty.channel.DefaultChannelPool - Entry count for : http://localhost:58256 : 1
14:58:58.671 [AsyncHttpClient-1-1] DEBUG org.asynchttpclient.netty.channel.DefaultChannelPool - Entry count for : http://localhost:58256 : 1
14:58:59.773 [AsyncHttpClient-1-1] DEBUG org.asynchttpclient.netty.channel.DefaultChannelPool - Entry count for : http://localhost:58256 : 1
14:59:00.870 [AsyncHttpClient-1-1] DEBUG org.asynchttpclient.netty.channel.DefaultChannelPool - Entry count for : http://localhost:58256 : 1
14:59:01.971 [AsyncHttpClient-1-1] DEBUG org.asynchttpclient.netty.channel.DefaultChannelPool - Entry count for : http://localhost:58256 : 1
14:59:03.079 [AsyncHttpClient-1-1] DEBUG org.asynchttpclient.netty.channel.DefaultChannelPool - Entry count for : http://localhost:58256 : 1
14:59:04.170 [AsyncHttpClient-1-1] DEBUG org.asynchttpclient.netty.channel.DefaultChannelPool - Entry count for : http://localhost:58256 : 1
14:59:05.271 [AsyncHttpClient-1-1] DEBUG org.asynchttpclient.netty.channel.DefaultChannelPool - Entry count for : http://localhost:58256 : 1
14:59:06.371 [AsyncHttpClient-1-1] DEBUG org.asynchttpclient.netty.channel.DefaultChannelPool - Entry count for : http://localhost:58256 : 1
14:59:07.472 [AsyncHttpClient-1-1] DEBUG org.asynchttpclient.netty.channel.DefaultChannelPool - Entry count for : http://localhost:58256 : 1
14:59:08.573 [AsyncHttpClient-1-1] DEBUG org.asynchttpclient.netty.channel.DefaultChannelPool - Entry count for : http://localhost:58256 : 1
14:59:09.671 [AsyncHttpClient-1-1] DEBUG org.asynchttpclient.netty.channel.DefaultChannelPool - Entry count for : http://localhost:58256 : 1
14:59:10.779 [AsyncHttpClient-1-1] DEBUG org.asynchttpclient.netty.channel.DefaultChannelPool - Entry count for : http://localhost:58256 : 1
14:59:11.874 [AsyncHttpClient-1-1] DEBUG org.asynchttpclient.netty.channel.DefaultChannelPool - Entry count for : http://localhost:58256 : 1
14:59:12.977 [AsyncHttpClient-1-1] DEBUG org.asynchttpclient.netty.channel.DefaultChannelPool - Entry count for : http://localhost:58256 : 1
14:59:14.076 [AsyncHttpClient-1-1] DEBUG org.asynchttpclient.netty.channel.DefaultChannelPool - Entry count for : http://localhost:58256 : 1
14:59:15.176 [AsyncHttpClient-1-1] DEBUG org.asynchttpclient.netty.channel.DefaultChannelPool - Entry count for : http://localhost:58256 : 1
14:59:16.276 [AsyncHttpClient-1-1] DEBUG org.asynchttpclient.netty.channel.DefaultChannelPool - Entry count for : http://localhost:58256 : 1
14:59:17.377 [AsyncHttpClient-1-1] DEBUG org.asynchttpclient.netty.channel.DefaultChannelPool - Entry count for : http://localhost:58256 : 1
14:59:18.478 [AsyncHttpClient-1-1] DEBUG org.asynchttpclient.netty.channel.DefaultChannelPool - Entry count for : http://localhost:58256 : 1
14:59:19.579 [AsyncHttpClient-1-1] DEBUG org.asynchttpclient.netty.channel.DefaultChannelPool - Entry count for : http://localhost:58256 : 1
14:59:20.676 [AsyncHttpClient-1-1] DEBUG org.asynchttpclient.netty.channel.DefaultChannelPool - Entry count for : http://localhost:58256 : 1
14:59:21.771 [AsyncHttpClient-1-1] DEBUG org.asynchttpclient.netty.channel.DefaultChannelPool - Entry count for : http://localhost:58256 : 1
14:59:22.872 [AsyncHttpClient-1-1] DEBUG org.asynchttpclient.netty.channel.DefaultChannelPool - Entry count for : http://localhost:58256 : 1
14:59:23.971 [AsyncHttpClient-1-1] DEBUG org.asynchttpclient.netty.channel.DefaultChannelPool - Entry count for : http://localhost:58256 : 1
14:59:25.072 [AsyncHttpClient-1-1] DEBUG org.asynchttpclient.netty.channel.DefaultChannelPool - Entry count for : http://localhost:58256 : 1
14:59:26.173 [AsyncHttpClient-1-1] DEBUG org.asynchttpclient.netty.channel.DefaultChannelPool - Entry count for : http://localhost:58256 : 1
14:59:27.271 [AsyncHttpClient-1-1] DEBUG org.asynchttpclient.netty.channel.DefaultChannelPool - Entry count for : http://localhost:58256 : 1
14:59:28.377 [AsyncHttpClient-1-1] DEBUG org.asynchttpclient.netty.channel.DefaultChannelPool - Entry count for : http://localhost:58256 : 1
14:59:29.470 [AsyncHttpClient-1-1] DEBUG org.asynchttpclient.netty.channel.DefaultChannelPool - Entry count for : http://localhost:58256 : 1
14:59:30.572 [AsyncHttpClient-1-1] DEBUG org.asynchttpclient.netty.channel.DefaultChannelPool - Entry count for : http://localhost:58256 : 1
14:59:31.671 [AsyncHttpClient-1-1] DEBUG org.asynchttpclient.netty.channel.DefaultChannelPool - Entry count for : http://localhost:58256 : 1
14:59:32.771 [AsyncHttpClient-1-1] DEBUG org.asynchttpclient.netty.channel.DefaultChannelPool - Entry count for : http://localhost:58256 : 1
14:59:33.872 [AsyncHttpClient-1-1] DEBUG org.asynchttpclient.netty.channel.DefaultChannelPool - Entry count for : http://localhost:58256 : 1
14:59:34.973 [AsyncHttpClient-1-1] DEBUG org.asynchttpclient.netty.channel.DefaultChannelPool - Entry count for : http://localhost:58256 : 1
14:59:36.075 [AsyncHttpClient-1-1] DEBUG org.asynchttpclient.netty.channel.DefaultChannelPool - Entry count for : http://localhost:58256 : 1
14:59:37.177 [AsyncHttpClient-1-1] DEBUG org.asynchttpclient.netty.channel.DefaultChannelPool - Entry count for : http://localhost:58256 : 1
14:59:38.273 [AsyncHttpClient-1-1] DEBUG org.asynchttpclient.netty.channel.DefaultChannelPool - Entry count for : http://localhost:58256 : 1
14:59:39.375 [AsyncHttpClient-1-1] DEBUG org.asynchttpclient.netty.channel.DefaultChannelPool - Entry count for : http://localhost:58256 : 1
14:59:40.472 [AsyncHttpClient-1-1] DEBUG org.asynchttpclient.netty.channel.DefaultChannelPool - Entry count for : http://localhost:58256 : 1
14:59:41.570 [AsyncHttpClient-1-1] DEBUG org.asynchttpclient.netty.channel.DefaultChannelPool - Entry count for : http://localhost:58256 : 1
14:59:42.670 [AsyncHttpClient-1-1] DEBUG org.asynchttpclient.netty.channel.DefaultChannelPool - Entry count for : http://localhost:58256 : 1
14:59:43.770 [AsyncHttpClient-1-1] DEBUG org.asynchttpclient.netty.channel.DefaultChannelPool - Entry count for : http://localhost:58256 : 1
14:59:44.870 [AsyncHttpClient-1-1] DEBUG org.asynchttpclient.netty.channel.DefaultChannelPool - Entry count for : http://localhost:58256 : 1
14:59:45.971 [AsyncHttpClient-1-1] DEBUG org.asynchttpclient.netty.channel.DefaultChannelPool - Entry count for : http://localhost:58256 : 1
14:59:47.081 [AsyncHttpClient-1-1] DEBUG org.asynchttpclient.netty.channel.DefaultChannelPool - Entry count for : http://localhost:58256 : 1
14:59:48.172 [AsyncHttpClient-1-1] DEBUG org.asynchttpclient.netty.channel.DefaultChannelPool - Entry count for : http://localhost:58256 : 1
14:59:49.271 [AsyncHttpClient-1-1] DEBUG org.asynchttpclient.netty.channel.DefaultChannelPool - Entry count for : http://localhost:58256 : 1
14:59:50.374 [AsyncHttpClient-1-1] DEBUG org.asynchttpclient.netty.channel.DefaultChannelPool - Entry count for : http://localhost:58256 : 1
14:59:51.475 [AsyncHttpClient-1-1] DEBUG org.asynchttpclient.netty.channel.DefaultChannelPool - Entry count for : http://localhost:58256 : 1
14:59:52.578 [AsyncHttpClient-1-1] DEBUG org.asynchttpclient.netty.channel.DefaultChannelPool - Entry count for : http://localhost:58256 : 1
14:59:53.680 [AsyncHttpClient-1-1] DEBUG org.asynchttpclient.netty.channel.DefaultChannelPool - Entry count for : http://localhost:58256 : 1
14:59:53.680 [AsyncHttpClient-1-1] DEBUG org.asynchttpclient.netty.channel.DefaultChannelPool - Adding Candidate expired Channel [id: 0x770bab8f, L:/127.0.0.1:58264 - R:localhost/127.0.0.1:58256] isIdleTimeoutExpired=true isRemotelyClosed=false isTtlExpired=false
14:59:53.680 [AsyncHttpClient-1-1] DEBUG org.asynchttpclient.netty.channel.DefaultChannelPool - Closing Idle Channel [id: 0x770bab8f, L:/127.0.0.1:58264 - R:localhost/127.0.0.1:58256]
14:59:53.680 [AsyncHttpClient-1-1] DEBUG org.asynchttpclient.netty.channel.DefaultChannelPool - Closed 1 connections out of 1 in 0 ms
14:59:53.680 [AsyncHttpClient-1-18] DEBUG org.asynchttpclient.netty.handler.HttpHandler - Channel Closed: [id: 0x770bab8f, L:/127.0.0.1:58264 ! R:localhost/127.0.0.1:58256] with attribute DISCARD
14:59:57.260 [AsyncHttpClient-1-17] DEBUG org.asynchttpclient.netty.handler.HttpHandler - 

Request DefaultHttpRequest(decodeResult: success, version: HTTP/1.1)
POST /session/c1908e61632581994ba3a7acc2643bae/url HTTP/1.1
User-Agent: selenium/4.12.0 (java windows)
Content-Length: 92
Content-Type: application/json; charset=utf-8
host: localhost:37224
accept: */*

Response DefaultHttpResponse(decodeResult: success, version: HTTP/1.1)
HTTP/1.1 200 OK
Content-Length: 14
Content-Type: application/json; charset=utf-8
cache-control: no-cache

14:59:57.260 [AsyncHttpClient-1-17] DEBUG org.asynchttpclient.netty.channel.ChannelManager - Adding key: http://localhost:37224 for channel [id: 0x04ede5f0, L:/127.0.0.1:58255 - R:localhost/127.0.0.1:37224]
14:59:57.261 [Forwarding maximizeCurrentWindow on session c1908e61632581994ba3a7acc2643bae to remote] DEBUG org.asynchttpclient.netty.request.NettyRequestSender - Using pooled Channel '[id: 0x04ede5f0, L:/127.0.0.1:58255 - R:localhost/127.0.0.1:37224]' for 'POST' to 'http://localhost:37224/session/c1908e61632581994ba3a7acc2643bae/window/maximize'
14:59:57.261 [Forwarding maximizeCurrentWindow on session c1908e61632581994ba3a7acc2643bae to remote] DEBUG org.asynchttpclient.netty.request.NettyRequestSender - Using open Channel [id: 0x04ede5f0, L:/127.0.0.1:58255 - R:localhost/127.0.0.1:37224] for POST '/session/c1908e61632581994ba3a7acc2643bae/window/maximize'
14:59:57.357 [AsyncHttpClient-1-17] DEBUG org.asynchttpclient.netty.handler.HttpHandler - 

Request DefaultHttpRequest(decodeResult: success, version: HTTP/1.1)
POST /session/c1908e61632581994ba3a7acc2643bae/window/maximize HTTP/1.1
User-Agent: selenium/4.12.0 (java windows)
Content-Length: 3
Content-Type: application/json; charset=utf-8
host: localhost:37224
accept: */*

Response DefaultHttpResponse(decodeResult: success, version: HTTP/1.1)
HTTP/1.1 200 OK
Content-Length: 51
Content-Type: application/json; charset=utf-8
cache-control: no-cache

14:59:57.357 [AsyncHttpClient-1-17] DEBUG org.asynchttpclient.netty.channel.ChannelManager - Adding key: http://localhost:37224 for channel [id: 0x04ede5f0, L:/127.0.0.1:58255 - R:localhost/127.0.0.1:37224]
  Given I have login panel-test                            # StepDefination.Signin.I_have_login_panel()
14:59:57.359 [Forwarding findElement on session c1908e61632581994ba3a7acc2643bae to remote] DEBUG org.asynchttpclient.netty.request.NettyRequestSender - Using pooled Channel '[id: 0x04ede5f0, L:/127.0.0.1:58255 - R:localhost/127.0.0.1:37224]' for 'POST' to 'http://localhost:37224/session/c1908e61632581994ba3a7acc2643bae/element'
14:59:57.359 [Forwarding findElement on session c1908e61632581994ba3a7acc2643bae to remote] DEBUG org.asynchttpclient.netty.request.NettyRequestSender - Using open Channel [id: 0x04ede5f0, L:/127.0.0.1:58255 - R:localhost/127.0.0.1:37224] for POST '/session/c1908e61632581994ba3a7acc2643bae/element'
14:59:57.378 [AsyncHttpClient-1-17] DEBUG org.asynchttpclient.netty.handler.HttpHandler - 

Request DefaultHttpRequest(decodeResult: success, version: HTTP/1.1)
POST /session/c1908e61632581994ba3a7acc2643bae/element HTTP/1.1
User-Agent: selenium/4.12.0 (java windows)
Content-Length: 69
Content-Type: application/json; charset=utf-8
host: localhost:37224
accept: */*

Response DefaultHttpResponse(decodeResult: success, version: HTTP/1.1)
HTTP/1.1 200 OK
Content-Length: 125
Content-Type: application/json; charset=utf-8
cache-control: no-cache

14:59:57.378 [AsyncHttpClient-1-17] DEBUG org.asynchttpclient.netty.channel.ChannelManager - Adding key: http://localhost:37224 for channel [id: 0x04ede5f0, L:/127.0.0.1:58255 - R:localhost/127.0.0.1:37224]
14:59:57.379 [Forwarding sendKeysToElement on session c1908e61632581994ba3a7acc2643bae to remote] DEBUG org.asynchttpclient.netty.request.NettyRequestSender - Using pooled Channel '[id: 0x04ede5f0, L:/127.0.0.1:58255 - R:localhost/127.0.0.1:37224]' for 'POST' to 'http://localhost:37224/session/c1908e61632581994ba3a7acc2643bae/element/f.94E86D0ECAFE633B302D5E14D4423D10.d.BFA31C700BACEBCCAB42A3012885F923.e.2/value'
14:59:57.379 [Forwarding sendKeysToElement on session c1908e61632581994ba3a7acc2643bae to remote] DEBUG org.asynchttpclient.netty.request.NettyRequestSender - Using open Channel [id: 0x04ede5f0, L:/127.0.0.1:58255 - R:localhost/127.0.0.1:37224] for POST '/session/c1908e61632581994ba3a7acc2643bae/element/f.94E86D0ECAFE633B302D5E14D4423D10.d.BFA31C700BACEBCCAB42A3012885F923.e.2/value'
14:59:57.587 [AsyncHttpClient-1-17] DEBUG org.asynchttpclient.netty.handler.HttpHandler - 

Request DefaultHttpRequest(decodeResult: success, version: HTTP/1.1)
POST /session/c1908e61632581994ba3a7acc2643bae/element/f.94E86D0ECAFE633B302D5E14D4423D10.d.BFA31C700BACEBCCAB42A3012885F923.e.2/value HTTP/1.1
User-Agent: selenium/4.12.0 (java windows)
Content-Length: 338
Content-Type: application/json; charset=utf-8
host: localhost:37224
accept: */*

Response DefaultHttpResponse(decodeResult: success, version: HTTP/1.1)
HTTP/1.1 200 OK
Content-Length: 14
Content-Type: application/json; charset=utf-8
cache-control: no-cache

14:59:57.587 [AsyncHttpClient-1-17] DEBUG org.asynchttpclient.netty.channel.ChannelManager - Adding key: http://localhost:37224 for channel [id: 0x04ede5f0, L:/127.0.0.1:58255 - R:localhost/127.0.0.1:37224]
14:59:57.589 [Forwarding findElement on session c1908e61632581994ba3a7acc2643bae to remote] DEBUG org.asynchttpclient.netty.request.NettyRequestSender - Using pooled Channel '[id: 0x04ede5f0, L:/127.0.0.1:58255 - R:localhost/127.0.0.1:37224]' for 'POST' to 'http://localhost:37224/session/c1908e61632581994ba3a7acc2643bae/element'
14:59:57.589 [Forwarding findElement on session c1908e61632581994ba3a7acc2643bae to remote] DEBUG org.asynchttpclient.netty.request.NettyRequestSender - Using open Channel [id: 0x04ede5f0, L:/127.0.0.1:58255 - R:localhost/127.0.0.1:37224] for POST '/session/c1908e61632581994ba3a7acc2643bae/element'
14:59:57.612 [AsyncHttpClient-1-17] DEBUG org.asynchttpclient.netty.handler.HttpHandler - 

Request DefaultHttpRequest(decodeResult: success, version: HTTP/1.1)
POST /session/c1908e61632581994ba3a7acc2643bae/element HTTP/1.1
User-Agent: selenium/4.12.0 (java windows)
Content-Length: 72
Content-Type: application/json; charset=utf-8
host: localhost:37224
accept: */*

Response DefaultHttpResponse(decodeResult: success, version: HTTP/1.1)
HTTP/1.1 200 OK
Content-Length: 125
Content-Type: application/json; charset=utf-8
cache-control: no-cache

14:59:57.612 [AsyncHttpClient-1-17] DEBUG org.asynchttpclient.netty.channel.ChannelManager - Adding key: http://localhost:37224 for channel [id: 0x04ede5f0, L:/127.0.0.1:58255 - R:localhost/127.0.0.1:37224]
14:59:57.614 [Forwarding sendKeysToElement on session c1908e61632581994ba3a7acc2643bae to remote] DEBUG org.asynchttpclient.netty.request.NettyRequestSender - Using pooled Channel '[id: 0x04ede5f0, L:/127.0.0.1:58255 - R:localhost/127.0.0.1:37224]' for 'POST' to 'http://localhost:37224/session/c1908e61632581994ba3a7acc2643bae/element/f.94E86D0ECAFE633B302D5E14D4423D10.d.BFA31C700BACEBCCAB42A3012885F923.e.4/value'
14:59:57.614 [Forwarding sendKeysToElement on session c1908e61632581994ba3a7acc2643bae to remote] DEBUG org.asynchttpclient.netty.request.NettyRequestSender - Using open Channel [id: 0x04ede5f0, L:/127.0.0.1:58255 - R:localhost/127.0.0.1:37224] for POST '/session/c1908e61632581994ba3a7acc2643bae/element/f.94E86D0ECAFE633B302D5E14D4423D10.d.BFA31C700BACEBCCAB42A3012885F923.e.4/value'
14:59:57.759 [AsyncHttpClient-1-17] DEBUG org.asynchttpclient.netty.handler.HttpHandler - 

Request DefaultHttpRequest(decodeResult: success, version: HTTP/1.1)
POST /session/c1908e61632581994ba3a7acc2643bae/element/f.94E86D0ECAFE633B302D5E14D4423D10.d.BFA31C700BACEBCCAB42A3012885F923.e.4/value HTTP/1.1
User-Agent: selenium/4.12.0 (java windows)
Content-Length: 208
Content-Type: application/json; charset=utf-8
host: localhost:37224
accept: */*

Response DefaultHttpResponse(decodeResult: success, version: HTTP/1.1)
HTTP/1.1 200 OK
Content-Length: 14
Content-Type: application/json; charset=utf-8
cache-control: no-cache

14:59:57.760 [AsyncHttpClient-1-17] DEBUG org.asynchttpclient.netty.channel.ChannelManager - Adding key: http://localhost:37224 for channel [id: 0x04ede5f0, L:/127.0.0.1:58255 - R:localhost/127.0.0.1:37224]
  When I provide fokisaj290@edectus.com and Fleet@123-test # StepDefination.Signin.i_provide_id_and_password(java.lang.String,java.lang.String)
14:59:57.761 [Forwarding findElement on session c1908e61632581994ba3a7acc2643bae to remote] DEBUG org.asynchttpclient.netty.request.NettyRequestSender - Using pooled Channel '[id: 0x04ede5f0, L:/127.0.0.1:58255 - R:localhost/127.0.0.1:37224]' for 'POST' to 'http://localhost:37224/session/c1908e61632581994ba3a7acc2643bae/element'
14:59:57.761 [Forwarding findElement on session c1908e61632581994ba3a7acc2643bae to remote] DEBUG org.asynchttpclient.netty.request.NettyRequestSender - Using open Channel [id: 0x04ede5f0, L:/127.0.0.1:58255 - R:localhost/127.0.0.1:37224] for POST '/session/c1908e61632581994ba3a7acc2643bae/element'
14:59:57.777 [AsyncHttpClient-1-17] DEBUG org.asynchttpclient.netty.handler.HttpHandler - 

Request DefaultHttpRequest(decodeResult: success, version: HTTP/1.1)
POST /session/c1908e61632581994ba3a7acc2643bae/element HTTP/1.1
User-Agent: selenium/4.12.0 (java windows)
Content-Length: 73
Content-Type: application/json; charset=utf-8
host: localhost:37224
accept: */*

Response DefaultHttpResponse(decodeResult: success, version: HTTP/1.1)
HTTP/1.1 200 OK
Content-Length: 125
Content-Type: application/json; charset=utf-8
cache-control: no-cache

14:59:57.777 [AsyncHttpClient-1-17] DEBUG org.asynchttpclient.netty.channel.ChannelManager - Adding key: http://localhost:37224 for channel [id: 0x04ede5f0, L:/127.0.0.1:58255 - R:localhost/127.0.0.1:37224]
14:59:57.778 [Forwarding clickElement on session c1908e61632581994ba3a7acc2643bae to remote] DEBUG org.asynchttpclient.netty.request.NettyRequestSender - Using pooled Channel '[id: 0x04ede5f0, L:/127.0.0.1:58255 - R:localhost/127.0.0.1:37224]' for 'POST' to 'http://localhost:37224/session/c1908e61632581994ba3a7acc2643bae/element/f.94E86D0ECAFE633B302D5E14D4423D10.d.BFA31C700BACEBCCAB42A3012885F923.e.6/click'
14:59:57.778 [Forwarding clickElement on session c1908e61632581994ba3a7acc2643bae to remote] DEBUG org.asynchttpclient.netty.request.NettyRequestSender - Using open Channel [id: 0x04ede5f0, L:/127.0.0.1:58255 - R:localhost/127.0.0.1:37224] for POST '/session/c1908e61632581994ba3a7acc2643bae/element/f.94E86D0ECAFE633B302D5E14D4423D10.d.BFA31C700BACEBCCAB42A3012885F923.e.6/click'
14:59:57.911 [AsyncHttpClient-1-17] DEBUG org.asynchttpclient.netty.handler.HttpHandler - 

Request DefaultHttpRequest(decodeResult: success, version: HTTP/1.1)
POST /session/c1908e61632581994ba3a7acc2643bae/element/f.94E86D0ECAFE633B302D5E14D4423D10.d.BFA31C700BACEBCCAB42A3012885F923.e.6/click HTTP/1.1
User-Agent: selenium/4.12.0 (java windows)
Content-Length: 87
Content-Type: application/json; charset=utf-8
host: localhost:37224
accept: */*

Response DefaultHttpResponse(decodeResult: success, version: HTTP/1.1)
HTTP/1.1 200 OK
Content-Length: 14
Content-Type: application/json; charset=utf-8
cache-control: no-cache

14:59:57.911 [AsyncHttpClient-1-17] DEBUG org.asynchttpclient.netty.channel.ChannelManager - Adding key: http://localhost:37224 for channel [id: 0x04ede5f0, L:/127.0.0.1:58255 - R:localhost/127.0.0.1:37224]
14:59:58.077 [AsyncHttpClient-1-1] DEBUG org.asynchttpclient.netty.channel.DefaultChannelPool - Entry count for : http://localhost:37224 : 1
14:59:59.171 [AsyncHttpClient-1-1] DEBUG org.asynchttpclient.netty.channel.DefaultChannelPool - Entry count for : http://localhost:37224 : 1
15:00:00.271 [AsyncHttpClient-1-1] DEBUG org.asynchttpclient.netty.channel.DefaultChannelPool - Entry count for : http://localhost:37224 : 1
15:00:01.374 [AsyncHttpClient-1-1] DEBUG org.asynchttpclient.netty.channel.DefaultChannelPool - Entry count for : http://localhost:37224 : 1
15:00:02.483 [AsyncHttpClient-1-1] DEBUG org.asynchttpclient.netty.channel.DefaultChannelPool - Entry count for : http://localhost:37224 : 1
  And Tap on submit button-test                            # StepDefination.Signin.tap_on_submit_button()
15:00:02.925 [Forwarding getCurrentUrl on session c1908e61632581994ba3a7acc2643bae to remote] DEBUG org.asynchttpclient.netty.request.NettyRequestSender - Using pooled Channel '[id: 0x04ede5f0, L:/127.0.0.1:58255 - R:localhost/127.0.0.1:37224]' for 'GET' to 'http://localhost:37224/session/c1908e61632581994ba3a7acc2643bae/url'
15:00:02.925 [Forwarding getCurrentUrl on session c1908e61632581994ba3a7acc2643bae to remote] DEBUG org.asynchttpclient.netty.request.NettyRequestSender - Using open Channel [id: 0x04ede5f0, L:/127.0.0.1:58255 - R:localhost/127.0.0.1:37224] for GET '/session/c1908e61632581994ba3a7acc2643bae/url'
15:00:02.947 [AsyncHttpClient-1-17] DEBUG org.asynchttpclient.netty.handler.HttpHandler - 

Request DefaultFullHttpRequest(decodeResult: success, version: HTTP/1.1, content: EmptyByteBufBE)
GET /session/c1908e61632581994ba3a7acc2643bae/url HTTP/1.1
Cache-Control: no-cache
User-Agent: selenium/4.12.0 (java windows)
Content-Type: application/json; charset=utf-8
host: localhost:37224
accept: */*

Response DefaultHttpResponse(decodeResult: success, version: HTTP/1.1)
HTTP/1.1 200 OK
Content-Length: 69
Content-Type: application/json; charset=utf-8
cache-control: no-cache

15:00:02.947 [AsyncHttpClient-1-17] DEBUG org.asynchttpclient.netty.channel.ChannelManager - Adding key: http://localhost:37224 for channel [id: 0x04ede5f0, L:/127.0.0.1:58255 - R:localhost/127.0.0.1:37224]
https://fleet-manager-development.vercel.app/auth/sign-in
15:00:02.949 [Forwarding findElement on session c1908e61632581994ba3a7acc2643bae to remote] DEBUG org.asynchttpclient.netty.request.NettyRequestSender - Using pooled Channel '[id: 0x04ede5f0, L:/127.0.0.1:58255 - R:localhost/127.0.0.1:37224]' for 'POST' to 'http://localhost:37224/session/c1908e61632581994ba3a7acc2643bae/element'
15:00:02.949 [Forwarding findElement on session c1908e61632581994ba3a7acc2643bae to remote] DEBUG org.asynchttpclient.netty.request.NettyRequestSender - Using open Channel [id: 0x04ede5f0, L:/127.0.0.1:58255 - R:localhost/127.0.0.1:37224] for POST '/session/c1908e61632581994ba3a7acc2643bae/element'
15:00:02.988 [AsyncHttpClient-1-17] DEBUG org.asynchttpclient.netty.handler.HttpHandler - 

Request DefaultHttpRequest(decodeResult: success, version: HTTP/1.1)
POST /session/c1908e61632581994ba3a7acc2643bae/element HTTP/1.1
User-Agent: selenium/4.12.0 (java windows)
Content-Length: 66
Content-Type: application/json; charset=utf-8
host: localhost:37224
accept: */*

Response DefaultHttpResponse(decodeResult: success, version: HTTP/1.1)
HTTP/1.1 200 OK
Content-Length: 126
Content-Type: application/json; charset=utf-8
cache-control: no-cache

15:00:02.989 [AsyncHttpClient-1-17] DEBUG org.asynchttpclient.netty.channel.ChannelManager - Adding key: http://localhost:37224 for channel [id: 0x04ede5f0, L:/127.0.0.1:58255 - R:localhost/127.0.0.1:37224]
15:00:02.991 [Forwarding isElementDisplayed on session c1908e61632581994ba3a7acc2643bae to remote] DEBUG org.asynchttpclient.netty.request.NettyRequestSender - Using pooled Channel '[id: 0x04ede5f0, L:/127.0.0.1:58255 - R:localhost/127.0.0.1:37224]' for 'POST' to 'http://localhost:37224/session/c1908e61632581994ba3a7acc2643bae/execute/sync'
15:00:02.991 [Forwarding isElementDisplayed on session c1908e61632581994ba3a7acc2643bae to remote] DEBUG org.asynchttpclient.netty.request.NettyRequestSender - Using open Channel [id: 0x04ede5f0, L:/127.0.0.1:58255 - R:localhost/127.0.0.1:37224] for POST '/session/c1908e61632581994ba3a7acc2643bae/execute/sync'
15:00:03.021 [AsyncHttpClient-1-17] DEBUG org.asynchttpclient.netty.handler.HttpHandler - 

Request DefaultHttpRequest(decodeResult: success, version: HTTP/1.1)
POST /session/c1908e61632581994ba3a7acc2643bae/execute/sync HTTP/1.1
User-Agent: selenium/4.12.0 (java windows)
Content-Length: 48734
Content-Type: application/json; charset=utf-8
host: localhost:37224
accept: */*

Response DefaultHttpResponse(decodeResult: success, version: HTTP/1.1)
HTTP/1.1 200 OK
Content-Length: 14
Content-Type: application/json; charset=utf-8
cache-control: no-cache

15:00:03.022 [AsyncHttpClient-1-17] DEBUG org.asynchttpclient.netty.channel.ChannelManager - Adding key: http://localhost:37224 for channel [id: 0x04ede5f0, L:/127.0.0.1:58255 - R:localhost/127.0.0.1:37224]
15:00:03.023 [Forwarding findElement on session c1908e61632581994ba3a7acc2643bae to remote] DEBUG org.asynchttpclient.netty.request.NettyRequestSender - Using pooled Channel '[id: 0x04ede5f0, L:/127.0.0.1:58255 - R:localhost/127.0.0.1:37224]' for 'POST' to 'http://localhost:37224/session/c1908e61632581994ba3a7acc2643bae/element'
15:00:03.023 [Forwarding findElement on session c1908e61632581994ba3a7acc2643bae to remote] DEBUG org.asynchttpclient.netty.request.NettyRequestSender - Using open Channel [id: 0x04ede5f0, L:/127.0.0.1:58255 - R:localhost/127.0.0.1:37224] for POST '/session/c1908e61632581994ba3a7acc2643bae/element'
15:00:03.034 [AsyncHttpClient-1-17] DEBUG org.asynchttpclient.netty.handler.HttpHandler - 

Request DefaultHttpRequest(decodeResult: success, version: HTTP/1.1)
POST /session/c1908e61632581994ba3a7acc2643bae/element HTTP/1.1
User-Agent: selenium/4.12.0 (java windows)
Content-Length: 66
Content-Type: application/json; charset=utf-8
host: localhost:37224
accept: */*

Response DefaultHttpResponse(decodeResult: success, version: HTTP/1.1)
HTTP/1.1 200 OK
Content-Length: 126
Content-Type: application/json; charset=utf-8
cache-control: no-cache

15:00:03.035 [AsyncHttpClient-1-17] DEBUG org.asynchttpclient.netty.channel.ChannelManager - Adding key: http://localhost:37224 for channel [id: 0x04ede5f0, L:/127.0.0.1:58255 - R:localhost/127.0.0.1:37224]
15:00:03.037 [Forwarding getElementText on session c1908e61632581994ba3a7acc2643bae to remote] DEBUG org.asynchttpclient.netty.request.NettyRequestSender - Using pooled Channel '[id: 0x04ede5f0, L:/127.0.0.1:58255 - R:localhost/127.0.0.1:37224]' for 'GET' to 'http://localhost:37224/session/c1908e61632581994ba3a7acc2643bae/element/f.94E86D0ECAFE633B302D5E14D4423D10.d.BFA31C700BACEBCCAB42A3012885F923.e.19/text'
15:00:03.037 [Forwarding getElementText on session c1908e61632581994ba3a7acc2643bae to remote] DEBUG org.asynchttpclient.netty.request.NettyRequestSender - Using open Channel [id: 0x04ede5f0, L:/127.0.0.1:58255 - R:localhost/127.0.0.1:37224] for GET '/session/c1908e61632581994ba3a7acc2643bae/element/f.94E86D0ECAFE633B302D5E14D4423D10.d.BFA31C700BACEBCCAB42A3012885F923.e.19/text'
15:00:03.055 [AsyncHttpClient-1-17] DEBUG org.asynchttpclient.netty.handler.HttpHandler - 

Request DefaultFullHttpRequest(decodeResult: success, version: HTTP/1.1, content: EmptyByteBufBE)
GET /session/c1908e61632581994ba3a7acc2643bae/element/f.94E86D0ECAFE633B302D5E14D4423D10.d.BFA31C700BACEBCCAB42A3012885F923.e.19/text HTTP/1.1
Cache-Control: no-cache
User-Agent: selenium/4.12.0 (java windows)
Content-Type: application/json; charset=utf-8
host: localhost:37224
accept: */*

Response DefaultHttpResponse(decodeResult: success, version: HTTP/1.1)
HTTP/1.1 200 OK
Content-Length: 33
Content-Type: application/json; charset=utf-8
cache-control: no-cache

15:00:03.055 [AsyncHttpClient-1-17] DEBUG org.asynchttpclient.netty.channel.ChannelManager - Adding key: http://localhost:37224 for channel [id: 0x04ede5f0, L:/127.0.0.1:58255 - R:localhost/127.0.0.1:37224]
15:00:03.056 [Forwarding findElement on session c1908e61632581994ba3a7acc2643bae to remote] DEBUG org.asynchttpclient.netty.request.NettyRequestSender - Using pooled Channel '[id: 0x04ede5f0, L:/127.0.0.1:58255 - R:localhost/127.0.0.1:37224]' for 'POST' to 'http://localhost:37224/session/c1908e61632581994ba3a7acc2643bae/element'
15:00:03.056 [Forwarding findElement on session c1908e61632581994ba3a7acc2643bae to remote] DEBUG org.asynchttpclient.netty.request.NettyRequestSender - Using open Channel [id: 0x04ede5f0, L:/127.0.0.1:58255 - R:localhost/127.0.0.1:37224] for POST '/session/c1908e61632581994ba3a7acc2643bae/element'
15:00:03.071 [AsyncHttpClient-1-17] DEBUG org.asynchttpclient.netty.handler.HttpHandler - 

Request DefaultHttpRequest(decodeResult: success, version: HTTP/1.1)
POST /session/c1908e61632581994ba3a7acc2643bae/element HTTP/1.1
User-Agent: selenium/4.12.0 (java windows)
Content-Length: 74
Content-Type: application/json; charset=utf-8
host: localhost:37224
accept: */*

Response DefaultHttpResponse(decodeResult: success, version: HTTP/1.1)
HTTP/1.1 200 OK
Content-Length: 126
Content-Type: application/json; charset=utf-8
cache-control: no-cache

15:00:03.071 [AsyncHttpClient-1-17] DEBUG org.asynchttpclient.netty.channel.ChannelManager - Adding key: http://localhost:37224 for channel [id: 0x04ede5f0, L:/127.0.0.1:58255 - R:localhost/127.0.0.1:37224]
15:00:03.072 [Forwarding clickElement on session c1908e61632581994ba3a7acc2643bae to remote] DEBUG org.asynchttpclient.netty.request.NettyRequestSender - Using pooled Channel '[id: 0x04ede5f0, L:/127.0.0.1:58255 - R:localhost/127.0.0.1:37224]' for 'POST' to 'http://localhost:37224/session/c1908e61632581994ba3a7acc2643bae/element/f.94E86D0ECAFE633B302D5E14D4423D10.d.BFA31C700BACEBCCAB42A3012885F923.e.20/click'
15:00:03.072 [Forwarding clickElement on session c1908e61632581994ba3a7acc2643bae to remote] DEBUG org.asynchttpclient.netty.request.NettyRequestSender - Using open Channel [id: 0x04ede5f0, L:/127.0.0.1:58255 - R:localhost/127.0.0.1:37224] for POST '/session/c1908e61632581994ba3a7acc2643bae/element/f.94E86D0ECAFE633B302D5E14D4423D10.d.BFA31C700BACEBCCAB42A3012885F923.e.20/click'
15:00:03.201 [AsyncHttpClient-1-17] DEBUG org.asynchttpclient.netty.handler.HttpHandler - 

Request DefaultHttpRequest(decodeResult: success, version: HTTP/1.1)
POST /session/c1908e61632581994ba3a7acc2643bae/element/f.94E86D0ECAFE633B302D5E14D4423D10.d.BFA31C700BACEBCCAB42A3012885F923.e.20/click HTTP/1.1
User-Agent: selenium/4.12.0 (java windows)
Content-Length: 88
Content-Type: application/json; charset=utf-8
host: localhost:37224
accept: */*

Response DefaultHttpResponse(decodeResult: success, version: HTTP/1.1)
HTTP/1.1 200 OK
Content-Length: 14
Content-Type: application/json; charset=utf-8
cache-control: no-cache

15:00:03.201 [AsyncHttpClient-1-17] DEBUG org.asynchttpclient.netty.channel.ChannelManager - Adding key: http://localhost:37224 for channel [id: 0x04ede5f0, L:/127.0.0.1:58255 - R:localhost/127.0.0.1:37224]
15:00:03.572 [AsyncHttpClient-1-1] DEBUG org.asynchttpclient.netty.channel.DefaultChannelPool - Entry count for : http://localhost:37224 : 1
15:00:04.677 [AsyncHttpClient-1-1] DEBUG org.asynchttpclient.netty.channel.DefaultChannelPool - Entry count for : http://localhost:37224 : 1
15:00:05.770 [AsyncHttpClient-1-1] DEBUG org.asynchttpclient.netty.channel.DefaultChannelPool - Entry count for : http://localhost:37224 : 1
15:00:06.208 [Forwarding screenshot on session c1908e61632581994ba3a7acc2643bae to remote] DEBUG org.asynchttpclient.netty.request.NettyRequestSender - Using pooled Channel '[id: 0x04ede5f0, L:/127.0.0.1:58255 - R:localhost/127.0.0.1:37224]' for 'GET' to 'http://localhost:37224/session/c1908e61632581994ba3a7acc2643bae/screenshot'
15:00:06.208 [Forwarding screenshot on session c1908e61632581994ba3a7acc2643bae to remote] DEBUG org.asynchttpclient.netty.request.NettyRequestSender - Using open Channel [id: 0x04ede5f0, L:/127.0.0.1:58255 - R:localhost/127.0.0.1:37224] for GET '/session/c1908e61632581994ba3a7acc2643bae/screenshot'
15:00:06.397 [AsyncHttpClient-1-17] DEBUG org.asynchttpclient.netty.handler.HttpHandler - 

Request DefaultFullHttpRequest(decodeResult: success, version: HTTP/1.1, content: EmptyByteBufBE)
GET /session/c1908e61632581994ba3a7acc2643bae/screenshot HTTP/1.1
Cache-Control: no-cache
User-Agent: selenium/4.12.0 (java windows)
Content-Type: application/json; charset=utf-8
host: localhost:37224
accept: */*

Response DefaultHttpResponse(decodeResult: success, version: HTTP/1.1)
HTTP/1.1 200 OK
Content-Length: 233672
Content-Type: application/json; charset=utf-8
cache-control: no-cache

15:00:06.398 [AsyncHttpClient-1-17] DEBUG org.asynchttpclient.netty.channel.ChannelManager - Adding key: http://localhost:37224 for channel [id: 0x04ede5f0, L:/127.0.0.1:58255 - R:localhost/127.0.0.1:37224]
  Then User should be logged in-test                       # StepDefination.Signin.user_should_be_logged_in()
15:00:06.411 [AsyncHttpClient-1-19] DEBUG org.asynchttpclient.netty.handler.WebSocketHandler - Channel Closed: [id: 0x8c55d6be, L:/127.0.0.1:58265 ! R:localhost/127.0.0.1:58256] with attribute DISCARD
15:00:06.411 [Driver Command Executor] DEBUG org.asynchttpclient.netty.request.NettyRequestSender - Using pooled Channel '[id: 0x04ede5f0, L:/127.0.0.1:58255 - R:localhost/127.0.0.1:37224]' for 'DELETE' to 'http://localhost:37224/session/c1908e61632581994ba3a7acc2643bae'
15:00:06.411 [Driver Command Executor] DEBUG org.asynchttpclient.netty.request.NettyRequestSender - Using open Channel [id: 0x04ede5f0, L:/127.0.0.1:58255 - R:localhost/127.0.0.1:37224] for DELETE '/session/c1908e61632581994ba3a7acc2643bae'
15:00:06.536 [AsyncHttpClient-1-17] DEBUG org.asynchttpclient.netty.handler.HttpHandler - 

Request DefaultFullHttpRequest(decodeResult: success, version: HTTP/1.1, content: EmptyByteBufBE)
DELETE /session/c1908e61632581994ba3a7acc2643bae HTTP/1.1
User-Agent: selenium/4.12.0 (java windows)
Content-Type: application/json; charset=utf-8
host: localhost:37224
accept: */*

Response DefaultHttpResponse(decodeResult: success, version: HTTP/1.1)
HTTP/1.1 200 OK
Content-Length: 14
Content-Type: application/json; charset=utf-8
cache-control: no-cache

15:00:06.536 [AsyncHttpClient-1-17] DEBUG org.asynchttpclient.netty.channel.ChannelManager - Adding key: http://localhost:37224 for channel [id: 0x04ede5f0, L:/127.0.0.1:58255 - R:localhost/127.0.0.1:37224]
15:00:06.873 [AsyncHttpClient-1-1] DEBUG org.asynchttpclient.netty.channel.DefaultChannelPool - Entry count for : http://localhost:37224 : 1
15:00:07.559 [AsyncHttpClient-1-17] DEBUG org.asynchttpclient.netty.handler.HttpHandler - Unexpected I/O exception on channel [id: 0x04ede5f0, L:/127.0.0.1:58255 - R:localhost/127.0.0.1:37224]
java.net.SocketException: Connection reset
	at java.base/sun.nio.ch.SocketChannelImpl.throwConnectionReset(SocketChannelImpl.java:394)
	at java.base/sun.nio.ch.SocketChannelImpl.read(SocketChannelImpl.java:426)
	at io.netty.buffer.PooledByteBuf.setBytes(PooledByteBuf.java:254)
	at io.netty.buffer.AbstractByteBuf.writeBytes(AbstractByteBuf.java:1132)
	at io.netty.channel.socket.nio.NioSocketChannel.doReadBytes(NioSocketChannel.java:357)
	at io.netty.channel.nio.AbstractNioByteChannel$NioByteUnsafe.read(AbstractNioByteChannel.java:151)
	at io.netty.channel.nio.NioEventLoop.processSelectedKey(NioEventLoop.java:788)
	at io.netty.channel.nio.NioEventLoop.processSelectedKeysOptimized(NioEventLoop.java:724)
	at io.netty.channel.nio.NioEventLoop.processSelectedKeys(NioEventLoop.java:650)
	at io.netty.channel.nio.NioEventLoop.run(NioEventLoop.java:562)
	at io.netty.util.concurrent.SingleThreadEventExecutor$4.run(SingleThreadEventExecutor.java:997)
	at io.netty.util.internal.ThreadExecutorMap$2.run(ThreadExecutorMap.java:74)
	at io.netty.util.concurrent.FastThreadLocalRunnable.run(FastThreadLocalRunnable.java:30)
	at java.base/java.lang.Thread.run(Thread.java:840)
15:00:07.559 [AsyncHttpClient-1-17] DEBUG org.asynchttpclient.netty.channel.ChannelManager - Closing Channel [id: 0x04ede5f0, L:/127.0.0.1:58255 - R:localhost/127.0.0.1:37224] 
15:00:07.560 [AsyncHttpClient-1-17] DEBUG org.asynchttpclient.netty.handler.HttpHandler - Channel Closed: [id: 0x04ede5f0, L:/127.0.0.1:58255 ! R:localhost/127.0.0.1:37224] with attribute DISCARD
  And Close Window                                         # StepDefination.Signin.close_window()
]]></system-out>
    <system-err><![CDATA[Jan 15, 2025 2:58:53 PM org.openqa.selenium.devtools.CdpVersionFinder findNearestMatch
WARNING: Unable to find CDP implementation matching 131
Jan 15, 2025 2:58:53 PM org.openqa.selenium.chromium.ChromiumDriver lambda$new$5
WARNING: Unable to find version of CDP to use for 131.0.6778.265. You may need to include a dependency on a specific version of the CDP using something similar to `org.seleniumhq.selenium:selenium-devtools-v86:4.12.0` where the version ("v86") matches the version of the chromium-based browser you're using and the version number of the artifact is the same as Selenium's.
]]></system-err>
  </testcase>
  <testcase name="Signin with email and password #2" classname="User sign IN" time="9.552">
    <system-out><![CDATA[
Scenario Outline: Signin with email and password       # src/test/resources/Login/Login.feature:13
15:00:07.968 [AsyncHttpClient-1-20] DEBUG org.asynchttpclient.netty.channel.NettyConnectListener - Using new Channel '[id: 0xdeddc7ed, L:/127.0.0.1:58340 - R:localhost/127.0.0.1:34884]' for 'POST' to '/session'
15:00:07.974 [AsyncHttpClient-1-1] DEBUG org.asynchttpclient.netty.channel.DefaultChannelPool - Entry count for : http://localhost:37224 : 1
15:00:07.974 [AsyncHttpClient-1-1] DEBUG org.asynchttpclient.netty.channel.DefaultChannelPool - Adding Candidate expired Channel [id: 0x04ede5f0, L:/127.0.0.1:58255 ! R:localhost/127.0.0.1:37224] isIdleTimeoutExpired=false isRemotelyClosed=true isTtlExpired=false
15:00:07.974 [AsyncHttpClient-1-1] DEBUG org.asynchttpclient.netty.channel.DefaultChannelPool - Closing Idle Channel [id: 0x04ede5f0, L:/127.0.0.1:58255 ! R:localhost/127.0.0.1:37224]
15:00:07.974 [AsyncHttpClient-1-1] DEBUG org.asynchttpclient.netty.channel.DefaultChannelPool - Closed 1 connections out of 1 in 0 ms
15:00:09.317 [AsyncHttpClient-1-20] DEBUG org.asynchttpclient.netty.handler.HttpHandler - 

Request DefaultHttpRequest(decodeResult: success, version: HTTP/1.1)
POST /session HTTP/1.1
User-Agent: selenium/4.12.0 (java windows)
Content-Length: 254
Content-Type: application/json; charset=utf-8
host: localhost:34884
accept: */*

Response DefaultHttpResponse(decodeResult: success, version: HTTP/1.1)
HTTP/1.1 200 OK
Content-Length: 887
Content-Type: application/json; charset=utf-8
cache-control: no-cache

15:00:09.318 [AsyncHttpClient-1-20] DEBUG org.asynchttpclient.netty.channel.ChannelManager - Adding key: http://localhost:34884 for channel [id: 0xdeddc7ed, L:/127.0.0.1:58340 - R:localhost/127.0.0.1:34884]
15:00:09.331 [AsyncHttpClient-1-21] DEBUG org.asynchttpclient.netty.channel.NettyConnectListener - Using new Channel '[id: 0x69f12f15, L:/127.0.0.1:58349 - R:localhost/127.0.0.1:58342]' for 'GET' to '/json/version'
15:00:09.335 [AsyncHttpClient-1-21] DEBUG org.asynchttpclient.netty.handler.HttpHandler - 

Request DefaultFullHttpRequest(decodeResult: success, version: HTTP/1.1, content: EmptyByteBufBE)
GET /json/version HTTP/1.1
User-Agent: selenium/4.12.0 (java windows)
host: localhost:58342
accept: */*

Response DefaultHttpResponse(decodeResult: success, version: HTTP/1.1)
HTTP/1.1 200 OK
Content-Security-Policy: frame-ancestors 'none'
Content-Length: 424
Content-Type: application/json; charset=UTF-8

15:00:09.335 [AsyncHttpClient-1-21] DEBUG org.asynchttpclient.netty.channel.ChannelManager - Adding key: http://localhost:58342 for channel [id: 0x69f12f15, L:/127.0.0.1:58349 - R:localhost/127.0.0.1:58342]
15:00:09.339 [AsyncHttpClient-1-22] DEBUG org.asynchttpclient.netty.channel.NettyConnectListener - Using new Channel '[id: 0xe0afeaaf, L:/127.0.0.1:58350 - R:localhost/127.0.0.1:58342]' for 'GET' to '/devtools/browser/66845f78-56ce-47a9-bf1a-340a9864d2c8'
15:00:09.342 [AsyncHttpClient-1-22] DEBUG org.asynchttpclient.netty.handler.WebSocketHandler - 

Request DefaultFullHttpRequest(decodeResult: success, version: HTTP/1.1, content: EmptyByteBufBE)
GET /devtools/browser/66845f78-56ce-47a9-bf1a-340a9864d2c8 HTTP/1.1
upgrade: websocket
connection: upgrade
sec-websocket-key: b0nS7nduWKnmf9+wPfDbMw==
sec-websocket-version: 13
origin: http://localhost:58342
host: localhost:58342
accept: */*
user-agent: AHC/2.1

Response DefaultHttpResponse(decodeResult: success, version: HTTP/1.1)
HTTP/1.1 101 WebSocket Protocol Handshake
Upgrade: WebSocket
Connection: Upgrade
Sec-WebSocket-Accept: 853zxiFJxZKmDALdAf5UhUiZXrg=

15:00:09.348 [Forwarding get on session 20f996bba409ac76e6d92bea1fa47ad4 to remote] DEBUG org.asynchttpclient.netty.request.NettyRequestSender - Using pooled Channel '[id: 0xdeddc7ed, L:/127.0.0.1:58340 - R:localhost/127.0.0.1:34884]' for 'POST' to 'http://localhost:34884/session/20f996bba409ac76e6d92bea1fa47ad4/url'
15:00:09.348 [Forwarding get on session 20f996bba409ac76e6d92bea1fa47ad4 to remote] DEBUG org.asynchttpclient.netty.request.NettyRequestSender - Using open Channel [id: 0xdeddc7ed, L:/127.0.0.1:58340 - R:localhost/127.0.0.1:34884] for POST '/session/20f996bba409ac76e6d92bea1fa47ad4/url'
15:00:10.176 [AsyncHttpClient-1-1] DEBUG org.asynchttpclient.netty.channel.DefaultChannelPool - Entry count for : http://localhost:58342 : 1
15:00:10.284 [AsyncHttpClient-1-20] DEBUG org.asynchttpclient.netty.handler.HttpHandler - 

Request DefaultHttpRequest(decodeResult: success, version: HTTP/1.1)
POST /session/20f996bba409ac76e6d92bea1fa47ad4/url HTTP/1.1
User-Agent: selenium/4.12.0 (java windows)
Content-Length: 92
Content-Type: application/json; charset=utf-8
host: localhost:34884
accept: */*

Response DefaultHttpResponse(decodeResult: success, version: HTTP/1.1)
HTTP/1.1 200 OK
Content-Length: 14
Content-Type: application/json; charset=utf-8
cache-control: no-cache

15:00:10.285 [AsyncHttpClient-1-20] DEBUG org.asynchttpclient.netty.channel.ChannelManager - Adding key: http://localhost:34884 for channel [id: 0xdeddc7ed, L:/127.0.0.1:58340 - R:localhost/127.0.0.1:34884]
15:00:10.286 [Forwarding maximizeCurrentWindow on session 20f996bba409ac76e6d92bea1fa47ad4 to remote] DEBUG org.asynchttpclient.netty.request.NettyRequestSender - Using pooled Channel '[id: 0xdeddc7ed, L:/127.0.0.1:58340 - R:localhost/127.0.0.1:34884]' for 'POST' to 'http://localhost:34884/session/20f996bba409ac76e6d92bea1fa47ad4/window/maximize'
15:00:10.286 [Forwarding maximizeCurrentWindow on session 20f996bba409ac76e6d92bea1fa47ad4 to remote] DEBUG org.asynchttpclient.netty.request.NettyRequestSender - Using open Channel [id: 0xdeddc7ed, L:/127.0.0.1:58340 - R:localhost/127.0.0.1:34884] for POST '/session/20f996bba409ac76e6d92bea1fa47ad4/window/maximize'
15:00:10.340 [AsyncHttpClient-1-20] DEBUG org.asynchttpclient.netty.handler.HttpHandler - 

Request DefaultHttpRequest(decodeResult: success, version: HTTP/1.1)
POST /session/20f996bba409ac76e6d92bea1fa47ad4/window/maximize HTTP/1.1
User-Agent: selenium/4.12.0 (java windows)
Content-Length: 3
Content-Type: application/json; charset=utf-8
host: localhost:34884
accept: */*

Response DefaultHttpResponse(decodeResult: success, version: HTTP/1.1)
HTTP/1.1 200 OK
Content-Length: 51
Content-Type: application/json; charset=utf-8
cache-control: no-cache

15:00:10.340 [AsyncHttpClient-1-20] DEBUG org.asynchttpclient.netty.channel.ChannelManager - Adding key: http://localhost:34884 for channel [id: 0xdeddc7ed, L:/127.0.0.1:58340 - R:localhost/127.0.0.1:34884]
  Given I have login panel-test                        # StepDefination.Signin.I_have_login_panel()
15:00:10.343 [Forwarding findElement on session 20f996bba409ac76e6d92bea1fa47ad4 to remote] DEBUG org.asynchttpclient.netty.request.NettyRequestSender - Using pooled Channel '[id: 0xdeddc7ed, L:/127.0.0.1:58340 - R:localhost/127.0.0.1:34884]' for 'POST' to 'http://localhost:34884/session/20f996bba409ac76e6d92bea1fa47ad4/element'
15:00:10.343 [Forwarding findElement on session 20f996bba409ac76e6d92bea1fa47ad4 to remote] DEBUG org.asynchttpclient.netty.request.NettyRequestSender - Using open Channel [id: 0xdeddc7ed, L:/127.0.0.1:58340 - R:localhost/127.0.0.1:34884] for POST '/session/20f996bba409ac76e6d92bea1fa47ad4/element'
15:00:10.358 [AsyncHttpClient-1-20] DEBUG org.asynchttpclient.netty.handler.HttpHandler - 

Request DefaultHttpRequest(decodeResult: success, version: HTTP/1.1)
POST /session/20f996bba409ac76e6d92bea1fa47ad4/element HTTP/1.1
User-Agent: selenium/4.12.0 (java windows)
Content-Length: 69
Content-Type: application/json; charset=utf-8
host: localhost:34884
accept: */*

Response DefaultHttpResponse(decodeResult: success, version: HTTP/1.1)
HTTP/1.1 200 OK
Content-Length: 125
Content-Type: application/json; charset=utf-8
cache-control: no-cache

15:00:10.358 [AsyncHttpClient-1-20] DEBUG org.asynchttpclient.netty.channel.ChannelManager - Adding key: http://localhost:34884 for channel [id: 0xdeddc7ed, L:/127.0.0.1:58340 - R:localhost/127.0.0.1:34884]
15:00:10.359 [Forwarding sendKeysToElement on session 20f996bba409ac76e6d92bea1fa47ad4 to remote] DEBUG org.asynchttpclient.netty.request.NettyRequestSender - Using pooled Channel '[id: 0xdeddc7ed, L:/127.0.0.1:58340 - R:localhost/127.0.0.1:34884]' for 'POST' to 'http://localhost:34884/session/20f996bba409ac76e6d92bea1fa47ad4/element/f.7F39E94FAFA5CEFC24D31C184D9C3D8C.d.30702F52F90822D195E728D765E65C3A.e.4/value'
15:00:10.359 [Forwarding sendKeysToElement on session 20f996bba409ac76e6d92bea1fa47ad4 to remote] DEBUG org.asynchttpclient.netty.request.NettyRequestSender - Using open Channel [id: 0xdeddc7ed, L:/127.0.0.1:58340 - R:localhost/127.0.0.1:34884] for POST '/session/20f996bba409ac76e6d92bea1fa47ad4/element/f.7F39E94FAFA5CEFC24D31C184D9C3D8C.d.30702F52F90822D195E728D765E65C3A.e.4/value'
15:00:10.576 [AsyncHttpClient-1-20] DEBUG org.asynchttpclient.netty.handler.HttpHandler - 

Request DefaultHttpRequest(decodeResult: success, version: HTTP/1.1)
POST /session/20f996bba409ac76e6d92bea1fa47ad4/element/f.7F39E94FAFA5CEFC24D31C184D9C3D8C.d.30702F52F90822D195E728D765E65C3A.e.4/value HTTP/1.1
User-Agent: selenium/4.12.0 (java windows)
Content-Length: 338
Content-Type: application/json; charset=utf-8
host: localhost:34884
accept: */*

Response DefaultHttpResponse(decodeResult: success, version: HTTP/1.1)
HTTP/1.1 200 OK
Content-Length: 14
Content-Type: application/json; charset=utf-8
cache-control: no-cache

15:00:10.576 [AsyncHttpClient-1-20] DEBUG org.asynchttpclient.netty.channel.ChannelManager - Adding key: http://localhost:34884 for channel [id: 0xdeddc7ed, L:/127.0.0.1:58340 - R:localhost/127.0.0.1:34884]
15:00:10.577 [Forwarding findElement on session 20f996bba409ac76e6d92bea1fa47ad4 to remote] DEBUG org.asynchttpclient.netty.request.NettyRequestSender - Using pooled Channel '[id: 0xdeddc7ed, L:/127.0.0.1:58340 - R:localhost/127.0.0.1:34884]' for 'POST' to 'http://localhost:34884/session/20f996bba409ac76e6d92bea1fa47ad4/element'
15:00:10.577 [Forwarding findElement on session 20f996bba409ac76e6d92bea1fa47ad4 to remote] DEBUG org.asynchttpclient.netty.request.NettyRequestSender - Using open Channel [id: 0xdeddc7ed, L:/127.0.0.1:58340 - R:localhost/127.0.0.1:34884] for POST '/session/20f996bba409ac76e6d92bea1fa47ad4/element'
15:00:10.591 [AsyncHttpClient-1-20] DEBUG org.asynchttpclient.netty.handler.HttpHandler - 

Request DefaultHttpRequest(decodeResult: success, version: HTTP/1.1)
POST /session/20f996bba409ac76e6d92bea1fa47ad4/element HTTP/1.1
User-Agent: selenium/4.12.0 (java windows)
Content-Length: 72
Content-Type: application/json; charset=utf-8
host: localhost:34884
accept: */*

Response DefaultHttpResponse(decodeResult: success, version: HTTP/1.1)
HTTP/1.1 200 OK
Content-Length: 125
Content-Type: application/json; charset=utf-8
cache-control: no-cache

15:00:10.591 [AsyncHttpClient-1-20] DEBUG org.asynchttpclient.netty.channel.ChannelManager - Adding key: http://localhost:34884 for channel [id: 0xdeddc7ed, L:/127.0.0.1:58340 - R:localhost/127.0.0.1:34884]
15:00:10.592 [Forwarding sendKeysToElement on session 20f996bba409ac76e6d92bea1fa47ad4 to remote] DEBUG org.asynchttpclient.netty.request.NettyRequestSender - Using pooled Channel '[id: 0xdeddc7ed, L:/127.0.0.1:58340 - R:localhost/127.0.0.1:34884]' for 'POST' to 'http://localhost:34884/session/20f996bba409ac76e6d92bea1fa47ad4/element/f.7F39E94FAFA5CEFC24D31C184D9C3D8C.d.30702F52F90822D195E728D765E65C3A.e.6/value'
15:00:10.592 [Forwarding sendKeysToElement on session 20f996bba409ac76e6d92bea1fa47ad4 to remote] DEBUG org.asynchttpclient.netty.request.NettyRequestSender - Using open Channel [id: 0xdeddc7ed, L:/127.0.0.1:58340 - R:localhost/127.0.0.1:34884] for POST '/session/20f996bba409ac76e6d92bea1fa47ad4/element/f.7F39E94FAFA5CEFC24D31C184D9C3D8C.d.30702F52F90822D195E728D765E65C3A.e.6/value'
15:00:10.726 [AsyncHttpClient-1-20] DEBUG org.asynchttpclient.netty.handler.HttpHandler - 

Request DefaultHttpRequest(decodeResult: success, version: HTTP/1.1)
POST /session/20f996bba409ac76e6d92bea1fa47ad4/element/f.7F39E94FAFA5CEFC24D31C184D9C3D8C.d.30702F52F90822D195E728D765E65C3A.e.6/value HTTP/1.1
User-Agent: selenium/4.12.0 (java windows)
Content-Length: 168
Content-Type: application/json; charset=utf-8
host: localhost:34884
accept: */*

Response DefaultHttpResponse(decodeResult: success, version: HTTP/1.1)
HTTP/1.1 200 OK
Content-Length: 14
Content-Type: application/json; charset=utf-8
cache-control: no-cache

15:00:10.726 [AsyncHttpClient-1-20] DEBUG org.asynchttpclient.netty.channel.ChannelManager - Adding key: http://localhost:34884 for channel [id: 0xdeddc7ed, L:/127.0.0.1:58340 - R:localhost/127.0.0.1:34884]
  When I provide fokisaj290@edectus.com and wrong-test # StepDefination.Signin.i_provide_id_and_password(java.lang.String,java.lang.String)
15:00:10.728 [Forwarding findElement on session 20f996bba409ac76e6d92bea1fa47ad4 to remote] DEBUG org.asynchttpclient.netty.request.NettyRequestSender - Using pooled Channel '[id: 0xdeddc7ed, L:/127.0.0.1:58340 - R:localhost/127.0.0.1:34884]' for 'POST' to 'http://localhost:34884/session/20f996bba409ac76e6d92bea1fa47ad4/element'
15:00:10.729 [Forwarding findElement on session 20f996bba409ac76e6d92bea1fa47ad4 to remote] DEBUG org.asynchttpclient.netty.request.NettyRequestSender - Using open Channel [id: 0xdeddc7ed, L:/127.0.0.1:58340 - R:localhost/127.0.0.1:34884] for POST '/session/20f996bba409ac76e6d92bea1fa47ad4/element'
15:00:10.750 [AsyncHttpClient-1-20] DEBUG org.asynchttpclient.netty.handler.HttpHandler - 

Request DefaultHttpRequest(decodeResult: success, version: HTTP/1.1)
POST /session/20f996bba409ac76e6d92bea1fa47ad4/element HTTP/1.1
User-Agent: selenium/4.12.0 (java windows)
Content-Length: 73
Content-Type: application/json; charset=utf-8
host: localhost:34884
accept: */*

Response DefaultHttpResponse(decodeResult: success, version: HTTP/1.1)
HTTP/1.1 200 OK
Content-Length: 125
Content-Type: application/json; charset=utf-8
cache-control: no-cache

15:00:10.751 [AsyncHttpClient-1-20] DEBUG org.asynchttpclient.netty.channel.ChannelManager - Adding key: http://localhost:34884 for channel [id: 0xdeddc7ed, L:/127.0.0.1:58340 - R:localhost/127.0.0.1:34884]
15:00:10.752 [Forwarding clickElement on session 20f996bba409ac76e6d92bea1fa47ad4 to remote] DEBUG org.asynchttpclient.netty.request.NettyRequestSender - Using pooled Channel '[id: 0xdeddc7ed, L:/127.0.0.1:58340 - R:localhost/127.0.0.1:34884]' for 'POST' to 'http://localhost:34884/session/20f996bba409ac76e6d92bea1fa47ad4/element/f.7F39E94FAFA5CEFC24D31C184D9C3D8C.d.30702F52F90822D195E728D765E65C3A.e.8/click'
15:00:10.752 [Forwarding clickElement on session 20f996bba409ac76e6d92bea1fa47ad4 to remote] DEBUG org.asynchttpclient.netty.request.NettyRequestSender - Using open Channel [id: 0xdeddc7ed, L:/127.0.0.1:58340 - R:localhost/127.0.0.1:34884] for POST '/session/20f996bba409ac76e6d92bea1fa47ad4/element/f.7F39E94FAFA5CEFC24D31C184D9C3D8C.d.30702F52F90822D195E728D765E65C3A.e.8/click'
15:00:10.897 [AsyncHttpClient-1-20] DEBUG org.asynchttpclient.netty.handler.HttpHandler - 

Request DefaultHttpRequest(decodeResult: success, version: HTTP/1.1)
POST /session/20f996bba409ac76e6d92bea1fa47ad4/element/f.7F39E94FAFA5CEFC24D31C184D9C3D8C.d.30702F52F90822D195E728D765E65C3A.e.8/click HTTP/1.1
User-Agent: selenium/4.12.0 (java windows)
Content-Length: 87
Content-Type: application/json; charset=utf-8
host: localhost:34884
accept: */*

Response DefaultHttpResponse(decodeResult: success, version: HTTP/1.1)
HTTP/1.1 200 OK
Content-Length: 14
Content-Type: application/json; charset=utf-8
cache-control: no-cache

15:00:10.898 [AsyncHttpClient-1-20] DEBUG org.asynchttpclient.netty.channel.ChannelManager - Adding key: http://localhost:34884 for channel [id: 0xdeddc7ed, L:/127.0.0.1:58340 - R:localhost/127.0.0.1:34884]
15:00:11.272 [AsyncHttpClient-1-1] DEBUG org.asynchttpclient.netty.channel.DefaultChannelPool - Entry count for : http://localhost:58342 : 1
15:00:11.272 [AsyncHttpClient-1-1] DEBUG org.asynchttpclient.netty.channel.DefaultChannelPool - Entry count for : http://localhost:34884 : 1
15:00:12.373 [AsyncHttpClient-1-1] DEBUG org.asynchttpclient.netty.channel.DefaultChannelPool - Entry count for : http://localhost:58342 : 1
15:00:12.373 [AsyncHttpClient-1-1] DEBUG org.asynchttpclient.netty.channel.DefaultChannelPool - Entry count for : http://localhost:34884 : 1
15:00:13.473 [AsyncHttpClient-1-1] DEBUG org.asynchttpclient.netty.channel.DefaultChannelPool - Entry count for : http://localhost:58342 : 1
15:00:13.473 [AsyncHttpClient-1-1] DEBUG org.asynchttpclient.netty.channel.DefaultChannelPool - Entry count for : http://localhost:34884 : 1
15:00:14.570 [AsyncHttpClient-1-1] DEBUG org.asynchttpclient.netty.channel.DefaultChannelPool - Entry count for : http://localhost:58342 : 1
15:00:14.570 [AsyncHttpClient-1-1] DEBUG org.asynchttpclient.netty.channel.DefaultChannelPool - Entry count for : http://localhost:34884 : 1
15:00:15.671 [AsyncHttpClient-1-1] DEBUG org.asynchttpclient.netty.channel.DefaultChannelPool - Entry count for : http://localhost:58342 : 1
15:00:15.671 [AsyncHttpClient-1-1] DEBUG org.asynchttpclient.netty.channel.DefaultChannelPool - Entry count for : http://localhost:34884 : 1
  And Tap on submit button-test                        # StepDefination.Signin.tap_on_submit_button()
15:00:15.909 [Forwarding getCurrentUrl on session 20f996bba409ac76e6d92bea1fa47ad4 to remote] DEBUG org.asynchttpclient.netty.request.NettyRequestSender - Using pooled Channel '[id: 0xdeddc7ed, L:/127.0.0.1:58340 - R:localhost/127.0.0.1:34884]' for 'GET' to 'http://localhost:34884/session/20f996bba409ac76e6d92bea1fa47ad4/url'
15:00:15.909 [Forwarding getCurrentUrl on session 20f996bba409ac76e6d92bea1fa47ad4 to remote] DEBUG org.asynchttpclient.netty.request.NettyRequestSender - Using open Channel [id: 0xdeddc7ed, L:/127.0.0.1:58340 - R:localhost/127.0.0.1:34884] for GET '/session/20f996bba409ac76e6d92bea1fa47ad4/url'
15:00:15.913 [AsyncHttpClient-1-20] DEBUG org.asynchttpclient.netty.handler.HttpHandler - 

Request DefaultFullHttpRequest(decodeResult: success, version: HTTP/1.1, content: EmptyByteBufBE)
GET /session/20f996bba409ac76e6d92bea1fa47ad4/url HTTP/1.1
Cache-Control: no-cache
User-Agent: selenium/4.12.0 (java windows)
Content-Type: application/json; charset=utf-8
host: localhost:34884
accept: */*

Response DefaultHttpResponse(decodeResult: success, version: HTTP/1.1)
HTTP/1.1 200 OK
Content-Length: 69
Content-Type: application/json; charset=utf-8
cache-control: no-cache

15:00:15.913 [AsyncHttpClient-1-20] DEBUG org.asynchttpclient.netty.channel.ChannelManager - Adding key: http://localhost:34884 for channel [id: 0xdeddc7ed, L:/127.0.0.1:58340 - R:localhost/127.0.0.1:34884]
https://fleet-manager-development.vercel.app/auth/sign-in
15:00:15.913 [Forwarding findElement on session 20f996bba409ac76e6d92bea1fa47ad4 to remote] DEBUG org.asynchttpclient.netty.request.NettyRequestSender - Using pooled Channel '[id: 0xdeddc7ed, L:/127.0.0.1:58340 - R:localhost/127.0.0.1:34884]' for 'POST' to 'http://localhost:34884/session/20f996bba409ac76e6d92bea1fa47ad4/element'
15:00:15.913 [Forwarding findElement on session 20f996bba409ac76e6d92bea1fa47ad4 to remote] DEBUG org.asynchttpclient.netty.request.NettyRequestSender - Using open Channel [id: 0xdeddc7ed, L:/127.0.0.1:58340 - R:localhost/127.0.0.1:34884] for POST '/session/20f996bba409ac76e6d92bea1fa47ad4/element'
15:00:15.925 [AsyncHttpClient-1-20] DEBUG org.asynchttpclient.netty.handler.HttpHandler - 

Request DefaultHttpRequest(decodeResult: success, version: HTTP/1.1)
POST /session/20f996bba409ac76e6d92bea1fa47ad4/element HTTP/1.1
User-Agent: selenium/4.12.0 (java windows)
Content-Length: 66
Content-Type: application/json; charset=utf-8
host: localhost:34884
accept: */*

Response DefaultHttpResponse(decodeResult: success, version: HTTP/1.1)
HTTP/1.1 404 Not Found
Content-Length: 1053
Content-Type: application/json; charset=utf-8
cache-control: no-cache

15:00:15.925 [AsyncHttpClient-1-20] DEBUG org.asynchttpclient.netty.channel.ChannelManager - Adding key: http://localhost:34884 for channel [id: 0xdeddc7ed, L:/127.0.0.1:58340 - R:localhost/127.0.0.1:34884]
Faild to logged in
15:00:15.941 [Forwarding screenshot on session 20f996bba409ac76e6d92bea1fa47ad4 to remote] DEBUG org.asynchttpclient.netty.request.NettyRequestSender - Using pooled Channel '[id: 0xdeddc7ed, L:/127.0.0.1:58340 - R:localhost/127.0.0.1:34884]' for 'GET' to 'http://localhost:34884/session/20f996bba409ac76e6d92bea1fa47ad4/screenshot'
15:00:15.941 [Forwarding screenshot on session 20f996bba409ac76e6d92bea1fa47ad4 to remote] DEBUG org.asynchttpclient.netty.request.NettyRequestSender - Using open Channel [id: 0xdeddc7ed, L:/127.0.0.1:58340 - R:localhost/127.0.0.1:34884] for GET '/session/20f996bba409ac76e6d92bea1fa47ad4/screenshot'
15:00:16.370 [AsyncHttpClient-1-20] DEBUG org.asynchttpclient.netty.handler.HttpHandler - 

Request DefaultFullHttpRequest(decodeResult: success, version: HTTP/1.1, content: EmptyByteBufBE)
GET /session/20f996bba409ac76e6d92bea1fa47ad4/screenshot HTTP/1.1
Cache-Control: no-cache
User-Agent: selenium/4.12.0 (java windows)
Content-Type: application/json; charset=utf-8
host: localhost:34884
accept: */*

Response DefaultHttpResponse(decodeResult: success, version: HTTP/1.1)
HTTP/1.1 200 OK
Content-Length: 1202452
Content-Type: application/json; charset=utf-8
cache-control: no-cache

15:00:16.370 [AsyncHttpClient-1-20] DEBUG org.asynchttpclient.netty.channel.ChannelManager - Adding key: http://localhost:34884 for channel [id: 0xdeddc7ed, L:/127.0.0.1:58340 - R:localhost/127.0.0.1:34884]
  Then User should be logged in-test                   # StepDefination.Signin.user_should_be_logged_in()
15:00:16.436 [AsyncHttpClient-1-22] DEBUG org.asynchttpclient.netty.handler.WebSocketHandler - Channel Closed: [id: 0xe0afeaaf, L:/127.0.0.1:58350 ! R:localhost/127.0.0.1:58342] with attribute DISCARD
15:00:16.436 [Driver Command Executor] DEBUG org.asynchttpclient.netty.request.NettyRequestSender - Using pooled Channel '[id: 0xdeddc7ed, L:/127.0.0.1:58340 - R:localhost/127.0.0.1:34884]' for 'DELETE' to 'http://localhost:34884/session/20f996bba409ac76e6d92bea1fa47ad4'
15:00:16.436 [Driver Command Executor] DEBUG org.asynchttpclient.netty.request.NettyRequestSender - Using open Channel [id: 0xdeddc7ed, L:/127.0.0.1:58340 - R:localhost/127.0.0.1:34884] for DELETE '/session/20f996bba409ac76e6d92bea1fa47ad4'
15:00:16.622 [AsyncHttpClient-1-21] DEBUG org.asynchttpclient.netty.handler.HttpHandler - Unexpected I/O exception on channel [id: 0x69f12f15, L:/127.0.0.1:58349 - R:localhost/127.0.0.1:58342]
java.net.SocketException: Connection reset
	at java.base/sun.nio.ch.SocketChannelImpl.throwConnectionReset(SocketChannelImpl.java:394)
	at java.base/sun.nio.ch.SocketChannelImpl.read(SocketChannelImpl.java:426)
	at io.netty.buffer.PooledByteBuf.setBytes(PooledByteBuf.java:254)
	at io.netty.buffer.AbstractByteBuf.writeBytes(AbstractByteBuf.java:1132)
	at io.netty.channel.socket.nio.NioSocketChannel.doReadBytes(NioSocketChannel.java:357)
	at io.netty.channel.nio.AbstractNioByteChannel$NioByteUnsafe.read(AbstractNioByteChannel.java:151)
	at io.netty.channel.nio.NioEventLoop.processSelectedKey(NioEventLoop.java:788)
	at io.netty.channel.nio.NioEventLoop.processSelectedKeysOptimized(NioEventLoop.java:724)
	at io.netty.channel.nio.NioEventLoop.processSelectedKeys(NioEventLoop.java:650)
	at io.netty.channel.nio.NioEventLoop.run(NioEventLoop.java:562)
	at io.netty.util.concurrent.SingleThreadEventExecutor$4.run(SingleThreadEventExecutor.java:997)
	at io.netty.util.internal.ThreadExecutorMap$2.run(ThreadExecutorMap.java:74)
	at io.netty.util.concurrent.FastThreadLocalRunnable.run(FastThreadLocalRunnable.java:30)
	at java.base/java.lang.Thread.run(Thread.java:840)
15:00:16.622 [AsyncHttpClient-1-21] DEBUG org.asynchttpclient.netty.channel.ChannelManager - Closing Channel [id: 0x69f12f15, L:/127.0.0.1:58349 - R:localhost/127.0.0.1:58342] 
15:00:16.623 [AsyncHttpClient-1-21] DEBUG org.asynchttpclient.netty.handler.HttpHandler - Channel Closed: [id: 0x69f12f15, L:/127.0.0.1:58349 ! R:localhost/127.0.0.1:58342] with attribute DISCARD
15:00:16.656 [AsyncHttpClient-1-20] DEBUG org.asynchttpclient.netty.handler.HttpHandler - 

Request DefaultFullHttpRequest(decodeResult: success, version: HTTP/1.1, content: EmptyByteBufBE)
DELETE /session/20f996bba409ac76e6d92bea1fa47ad4 HTTP/1.1
User-Agent: selenium/4.12.0 (java windows)
Content-Type: application/json; charset=utf-8
host: localhost:34884
accept: */*

Response DefaultHttpResponse(decodeResult: success, version: HTTP/1.1)
HTTP/1.1 200 OK
Content-Length: 14
Content-Type: application/json; charset=utf-8
cache-control: no-cache

15:00:16.656 [AsyncHttpClient-1-20] DEBUG org.asynchttpclient.netty.channel.ChannelManager - Adding key: http://localhost:34884 for channel [id: 0xdeddc7ed, L:/127.0.0.1:58340 - R:localhost/127.0.0.1:34884]
15:00:16.781 [AsyncHttpClient-1-1] DEBUG org.asynchttpclient.netty.channel.DefaultChannelPool - Entry count for : http://localhost:58342 : 1
15:00:16.781 [AsyncHttpClient-1-1] DEBUG org.asynchttpclient.netty.channel.DefaultChannelPool - Entry count for : http://localhost:34884 : 1
15:00:16.781 [AsyncHttpClient-1-1] DEBUG org.asynchttpclient.netty.channel.DefaultChannelPool - Adding Candidate expired Channel [id: 0x69f12f15, L:/127.0.0.1:58349 ! R:localhost/127.0.0.1:58342] isIdleTimeoutExpired=false isRemotelyClosed=true isTtlExpired=false
15:00:16.781 [AsyncHttpClient-1-1] DEBUG org.asynchttpclient.netty.channel.DefaultChannelPool - Closing Idle Channel [id: 0x69f12f15, L:/127.0.0.1:58349 ! R:localhost/127.0.0.1:58342]
15:00:16.781 [AsyncHttpClient-1-1] DEBUG org.asynchttpclient.netty.channel.DefaultChannelPool - Closed 1 connections out of 2 in 0 ms
15:00:17.095 [AsyncHttpClient-1-20] DEBUG org.asynchttpclient.netty.handler.HttpHandler - Channel Closed: [id: 0xdeddc7ed, L:/127.0.0.1:58340 ! R:localhost/127.0.0.1:34884] with attribute DISCARD
  And Close Window                                     # StepDefination.Signin.close_window()
]]></system-out>
    <system-err><![CDATA[Jan 15, 2025 3:00:09 PM org.openqa.selenium.devtools.CdpVersionFinder findNearestMatch
WARNING: Unable to find CDP implementation matching 131
Jan 15, 2025 3:00:09 PM org.openqa.selenium.chromium.ChromiumDriver lambda$new$5
WARNING: Unable to find version of CDP to use for 131.0.6778.265. You may need to include a dependency on a specific version of the CDP using something similar to `org.seleniumhq.selenium:selenium-devtools-v86:4.12.0` where the version ("v86") matches the version of the chromium-based browser you're using and the version number of the artifact is the same as Selenium's.
]]></system-err>
  </testcase>
  <testcase name="Signin with email and password #3" classname="User sign IN" time="31.115">
    <system-out><![CDATA[
Scenario Outline: Signin with email and password # src/test/resources/Login/Login.feature:14
15:00:17.536 [AsyncHttpClient-1-23] DEBUG org.asynchttpclient.netty.channel.NettyConnectListener - Using new Channel '[id: 0xa8ff06d0, L:/127.0.0.1:58370 - R:localhost/127.0.0.1:25279]' for 'POST' to '/session'
15:00:17.881 [AsyncHttpClient-1-1] DEBUG org.asynchttpclient.netty.channel.DefaultChannelPool - Entry count for : http://localhost:34884 : 1
15:00:17.881 [AsyncHttpClient-1-1] DEBUG org.asynchttpclient.netty.channel.DefaultChannelPool - Adding Candidate expired Channel [id: 0xdeddc7ed, L:/127.0.0.1:58340 ! R:localhost/127.0.0.1:34884] isIdleTimeoutExpired=false isRemotelyClosed=true isTtlExpired=false
15:00:17.881 [AsyncHttpClient-1-1] DEBUG org.asynchttpclient.netty.channel.DefaultChannelPool - Closing Idle Channel [id: 0xdeddc7ed, L:/127.0.0.1:58340 ! R:localhost/127.0.0.1:34884]
15:00:17.881 [AsyncHttpClient-1-1] DEBUG org.asynchttpclient.netty.channel.DefaultChannelPool - Closed 1 connections out of 1 in 0 ms
15:00:19.036 [AsyncHttpClient-1-23] DEBUG org.asynchttpclient.netty.handler.HttpHandler - 

Request DefaultHttpRequest(decodeResult: success, version: HTTP/1.1)
POST /session HTTP/1.1
User-Agent: selenium/4.12.0 (java windows)
Content-Length: 254
Content-Type: application/json; charset=utf-8
host: localhost:25279
accept: */*

Response DefaultHttpResponse(decodeResult: success, version: HTTP/1.1)
HTTP/1.1 200 OK
Content-Length: 888
Content-Type: application/json; charset=utf-8
cache-control: no-cache

15:00:19.036 [AsyncHttpClient-1-23] DEBUG org.asynchttpclient.netty.channel.ChannelManager - Adding key: http://localhost:25279 for channel [id: 0xa8ff06d0, L:/127.0.0.1:58370 - R:localhost/127.0.0.1:25279]
15:00:19.053 [AsyncHttpClient-1-24] DEBUG org.asynchttpclient.netty.channel.NettyConnectListener - Using new Channel '[id: 0x4b73f217, L:/127.0.0.1:58378 - R:localhost/127.0.0.1:58371]' for 'GET' to '/json/version'
15:00:19.064 [AsyncHttpClient-1-24] DEBUG org.asynchttpclient.netty.handler.HttpHandler - 

Request DefaultFullHttpRequest(decodeResult: success, version: HTTP/1.1, content: EmptyByteBufBE)
GET /json/version HTTP/1.1
User-Agent: selenium/4.12.0 (java windows)
host: localhost:58371
accept: */*

Response DefaultHttpResponse(decodeResult: success, version: HTTP/1.1)
HTTP/1.1 200 OK
Content-Security-Policy: frame-ancestors 'none'
Content-Length: 424
Content-Type: application/json; charset=UTF-8

15:00:19.064 [AsyncHttpClient-1-24] DEBUG org.asynchttpclient.netty.channel.ChannelManager - Adding key: http://localhost:58371 for channel [id: 0x4b73f217, L:/127.0.0.1:58378 - R:localhost/127.0.0.1:58371]
15:00:19.064 [AsyncHttpClient-1-25] DEBUG org.asynchttpclient.netty.channel.NettyConnectListener - Using new Channel '[id: 0xa8256cb2, L:/127.0.0.1:58379 - R:localhost/127.0.0.1:58371]' for 'GET' to '/devtools/browser/503868a7-a981-4081-8ca4-fba79d80f523'
15:00:19.077 [AsyncHttpClient-1-25] DEBUG org.asynchttpclient.netty.handler.WebSocketHandler - 

Request DefaultFullHttpRequest(decodeResult: success, version: HTTP/1.1, content: EmptyByteBufBE)
GET /devtools/browser/503868a7-a981-4081-8ca4-fba79d80f523 HTTP/1.1
upgrade: websocket
connection: upgrade
sec-websocket-key: IH9gjN6INPx5SYbPKl26og==
sec-websocket-version: 13
origin: http://localhost:58371
host: localhost:58371
accept: */*
user-agent: AHC/2.1

Response DefaultHttpResponse(decodeResult: success, version: HTTP/1.1)
HTTP/1.1 101 WebSocket Protocol Handshake
Upgrade: WebSocket
Connection: Upgrade
Sec-WebSocket-Accept: g/ntUwJd4f4j/YUJZPQ2ZgCcNqk=

15:00:19.077 [Forwarding get on session 7acb6580a50bff50181d1cf77812f915 to remote] DEBUG org.asynchttpclient.netty.request.NettyRequestSender - Using pooled Channel '[id: 0xa8ff06d0, L:/127.0.0.1:58370 - R:localhost/127.0.0.1:25279]' for 'POST' to 'http://localhost:25279/session/7acb6580a50bff50181d1cf77812f915/url'
15:00:19.077 [Forwarding get on session 7acb6580a50bff50181d1cf77812f915 to remote] DEBUG org.asynchttpclient.netty.request.NettyRequestSender - Using open Channel [id: 0xa8ff06d0, L:/127.0.0.1:58370 - R:localhost/127.0.0.1:25279] for POST '/session/7acb6580a50bff50181d1cf77812f915/url'
15:00:20.073 [AsyncHttpClient-1-1] DEBUG org.asynchttpclient.netty.channel.DefaultChannelPool - Entry count for : http://localhost:58371 : 1
15:00:21.178 [AsyncHttpClient-1-1] DEBUG org.asynchttpclient.netty.channel.DefaultChannelPool - Entry count for : http://localhost:58371 : 1
15:00:22.271 [AsyncHttpClient-1-1] DEBUG org.asynchttpclient.netty.channel.DefaultChannelPool - Entry count for : http://localhost:58371 : 1
15:00:23.373 [AsyncHttpClient-1-1] DEBUG org.asynchttpclient.netty.channel.DefaultChannelPool - Entry count for : http://localhost:58371 : 1
15:00:24.486 [AsyncHttpClient-1-1] DEBUG org.asynchttpclient.netty.channel.DefaultChannelPool - Entry count for : http://localhost:58371 : 1
15:00:25.573 [AsyncHttpClient-1-1] DEBUG org.asynchttpclient.netty.channel.DefaultChannelPool - Entry count for : http://localhost:58371 : 1
15:00:26.670 [AsyncHttpClient-1-1] DEBUG org.asynchttpclient.netty.channel.DefaultChannelPool - Entry count for : http://localhost:58371 : 1
15:00:27.772 [AsyncHttpClient-1-1] DEBUG org.asynchttpclient.netty.channel.DefaultChannelPool - Entry count for : http://localhost:58371 : 1
15:00:28.870 [AsyncHttpClient-1-1] DEBUG org.asynchttpclient.netty.channel.DefaultChannelPool - Entry count for : http://localhost:58371 : 1
15:00:29.970 [AsyncHttpClient-1-1] DEBUG org.asynchttpclient.netty.channel.DefaultChannelPool - Entry count for : http://localhost:58371 : 1
15:00:31.071 [AsyncHttpClient-1-1] DEBUG org.asynchttpclient.netty.channel.DefaultChannelPool - Entry count for : http://localhost:58371 : 1
15:00:32.170 [AsyncHttpClient-1-1] DEBUG org.asynchttpclient.netty.channel.DefaultChannelPool - Entry count for : http://localhost:58371 : 1
15:00:33.282 [AsyncHttpClient-1-1] DEBUG org.asynchttpclient.netty.channel.DefaultChannelPool - Entry count for : http://localhost:58371 : 1
15:00:34.370 [AsyncHttpClient-1-1] DEBUG org.asynchttpclient.netty.channel.DefaultChannelPool - Entry count for : http://localhost:58371 : 1
15:00:35.472 [AsyncHttpClient-1-1] DEBUG org.asynchttpclient.netty.channel.DefaultChannelPool - Entry count for : http://localhost:58371 : 1
15:00:36.576 [AsyncHttpClient-1-1] DEBUG org.asynchttpclient.netty.channel.DefaultChannelPool - Entry count for : http://localhost:58371 : 1
15:00:37.673 [AsyncHttpClient-1-1] DEBUG org.asynchttpclient.netty.channel.DefaultChannelPool - Entry count for : http://localhost:58371 : 1
15:00:38.770 [AsyncHttpClient-1-1] DEBUG org.asynchttpclient.netty.channel.DefaultChannelPool - Entry count for : http://localhost:58371 : 1
15:00:39.873 [AsyncHttpClient-1-1] DEBUG org.asynchttpclient.netty.channel.DefaultChannelPool - Entry count for : http://localhost:58371 : 1
15:00:40.971 [AsyncHttpClient-1-1] DEBUG org.asynchttpclient.netty.channel.DefaultChannelPool - Entry count for : http://localhost:58371 : 1
15:00:41.382 [AsyncHttpClient-1-23] DEBUG org.asynchttpclient.netty.handler.HttpHandler - 

Request DefaultHttpRequest(decodeResult: success, version: HTTP/1.1)
POST /session/7acb6580a50bff50181d1cf77812f915/url HTTP/1.1
User-Agent: selenium/4.12.0 (java windows)
Content-Length: 92
Content-Type: application/json; charset=utf-8
host: localhost:25279
accept: */*

Response DefaultHttpResponse(decodeResult: success, version: HTTP/1.1)
HTTP/1.1 200 OK
Content-Length: 14
Content-Type: application/json; charset=utf-8
cache-control: no-cache

15:00:41.382 [AsyncHttpClient-1-23] DEBUG org.asynchttpclient.netty.channel.ChannelManager - Adding key: http://localhost:25279 for channel [id: 0xa8ff06d0, L:/127.0.0.1:58370 - R:localhost/127.0.0.1:25279]
15:00:41.384 [Forwarding maximizeCurrentWindow on session 7acb6580a50bff50181d1cf77812f915 to remote] DEBUG org.asynchttpclient.netty.request.NettyRequestSender - Using pooled Channel '[id: 0xa8ff06d0, L:/127.0.0.1:58370 - R:localhost/127.0.0.1:25279]' for 'POST' to 'http://localhost:25279/session/7acb6580a50bff50181d1cf77812f915/window/maximize'
15:00:41.384 [Forwarding maximizeCurrentWindow on session 7acb6580a50bff50181d1cf77812f915 to remote] DEBUG org.asynchttpclient.netty.request.NettyRequestSender - Using open Channel [id: 0xa8ff06d0, L:/127.0.0.1:58370 - R:localhost/127.0.0.1:25279] for POST '/session/7acb6580a50bff50181d1cf77812f915/window/maximize'
15:00:41.459 [AsyncHttpClient-1-23] DEBUG org.asynchttpclient.netty.handler.HttpHandler - 

Request DefaultHttpRequest(decodeResult: success, version: HTTP/1.1)
POST /session/7acb6580a50bff50181d1cf77812f915/window/maximize HTTP/1.1
User-Agent: selenium/4.12.0 (java windows)
Content-Length: 3
Content-Type: application/json; charset=utf-8
host: localhost:25279
accept: */*

Response DefaultHttpResponse(decodeResult: success, version: HTTP/1.1)
HTTP/1.1 200 OK
Content-Length: 51
Content-Type: application/json; charset=utf-8
cache-control: no-cache

15:00:41.459 [AsyncHttpClient-1-23] DEBUG org.asynchttpclient.netty.channel.ChannelManager - Adding key: http://localhost:25279 for channel [id: 0xa8ff06d0, L:/127.0.0.1:58370 - R:localhost/127.0.0.1:25279]
  Given I have login panel-test                  # StepDefination.Signin.I_have_login_panel()
15:00:41.467 [Forwarding findElement on session 7acb6580a50bff50181d1cf77812f915 to remote] DEBUG org.asynchttpclient.netty.request.NettyRequestSender - Using pooled Channel '[id: 0xa8ff06d0, L:/127.0.0.1:58370 - R:localhost/127.0.0.1:25279]' for 'POST' to 'http://localhost:25279/session/7acb6580a50bff50181d1cf77812f915/element'
15:00:41.467 [Forwarding findElement on session 7acb6580a50bff50181d1cf77812f915 to remote] DEBUG org.asynchttpclient.netty.request.NettyRequestSender - Using open Channel [id: 0xa8ff06d0, L:/127.0.0.1:58370 - R:localhost/127.0.0.1:25279] for POST '/session/7acb6580a50bff50181d1cf77812f915/element'
15:00:41.488 [AsyncHttpClient-1-23] DEBUG org.asynchttpclient.netty.handler.HttpHandler - 

Request DefaultHttpRequest(decodeResult: success, version: HTTP/1.1)
POST /session/7acb6580a50bff50181d1cf77812f915/element HTTP/1.1
User-Agent: selenium/4.12.0 (java windows)
Content-Length: 69
Content-Type: application/json; charset=utf-8
host: localhost:25279
accept: */*

Response DefaultHttpResponse(decodeResult: success, version: HTTP/1.1)
HTTP/1.1 200 OK
Content-Length: 125
Content-Type: application/json; charset=utf-8
cache-control: no-cache

15:00:41.488 [AsyncHttpClient-1-23] DEBUG org.asynchttpclient.netty.channel.ChannelManager - Adding key: http://localhost:25279 for channel [id: 0xa8ff06d0, L:/127.0.0.1:58370 - R:localhost/127.0.0.1:25279]
15:00:41.489 [Forwarding sendKeysToElement on session 7acb6580a50bff50181d1cf77812f915 to remote] DEBUG org.asynchttpclient.netty.request.NettyRequestSender - Using pooled Channel '[id: 0xa8ff06d0, L:/127.0.0.1:58370 - R:localhost/127.0.0.1:25279]' for 'POST' to 'http://localhost:25279/session/7acb6580a50bff50181d1cf77812f915/element/f.03F3F8465850A34BEEBD7A59CF2418F0.d.013253AB629A7099613E75D6F95ED406.e.4/value'
15:00:41.489 [Forwarding sendKeysToElement on session 7acb6580a50bff50181d1cf77812f915 to remote] DEBUG org.asynchttpclient.netty.request.NettyRequestSender - Using open Channel [id: 0xa8ff06d0, L:/127.0.0.1:58370 - R:localhost/127.0.0.1:25279] for POST '/session/7acb6580a50bff50181d1cf77812f915/element/f.03F3F8465850A34BEEBD7A59CF2418F0.d.013253AB629A7099613E75D6F95ED406.e.4/value'
15:00:41.652 [AsyncHttpClient-1-23] DEBUG org.asynchttpclient.netty.handler.HttpHandler - 

Request DefaultHttpRequest(decodeResult: success, version: HTTP/1.1)
POST /session/7acb6580a50bff50181d1cf77812f915/element/f.03F3F8465850A34BEEBD7A59CF2418F0.d.013253AB629A7099613E75D6F95ED406.e.4/value HTTP/1.1
User-Agent: selenium/4.12.0 (java windows)
Content-Length: 218
Content-Type: application/json; charset=utf-8
host: localhost:25279
accept: */*

Response DefaultHttpResponse(decodeResult: success, version: HTTP/1.1)
HTTP/1.1 200 OK
Content-Length: 14
Content-Type: application/json; charset=utf-8
cache-control: no-cache

15:00:41.652 [AsyncHttpClient-1-23] DEBUG org.asynchttpclient.netty.channel.ChannelManager - Adding key: http://localhost:25279 for channel [id: 0xa8ff06d0, L:/127.0.0.1:58370 - R:localhost/127.0.0.1:25279]
15:00:41.656 [Forwarding findElement on session 7acb6580a50bff50181d1cf77812f915 to remote] DEBUG org.asynchttpclient.netty.request.NettyRequestSender - Using pooled Channel '[id: 0xa8ff06d0, L:/127.0.0.1:58370 - R:localhost/127.0.0.1:25279]' for 'POST' to 'http://localhost:25279/session/7acb6580a50bff50181d1cf77812f915/element'
15:00:41.656 [Forwarding findElement on session 7acb6580a50bff50181d1cf77812f915 to remote] DEBUG org.asynchttpclient.netty.request.NettyRequestSender - Using open Channel [id: 0xa8ff06d0, L:/127.0.0.1:58370 - R:localhost/127.0.0.1:25279] for POST '/session/7acb6580a50bff50181d1cf77812f915/element'
15:00:41.684 [AsyncHttpClient-1-23] DEBUG org.asynchttpclient.netty.handler.HttpHandler - 

Request DefaultHttpRequest(decodeResult: success, version: HTTP/1.1)
POST /session/7acb6580a50bff50181d1cf77812f915/element HTTP/1.1
User-Agent: selenium/4.12.0 (java windows)
Content-Length: 72
Content-Type: application/json; charset=utf-8
host: localhost:25279
accept: */*

Response DefaultHttpResponse(decodeResult: success, version: HTTP/1.1)
HTTP/1.1 200 OK
Content-Length: 125
Content-Type: application/json; charset=utf-8
cache-control: no-cache

15:00:41.684 [AsyncHttpClient-1-23] DEBUG org.asynchttpclient.netty.channel.ChannelManager - Adding key: http://localhost:25279 for channel [id: 0xa8ff06d0, L:/127.0.0.1:58370 - R:localhost/127.0.0.1:25279]
15:00:41.685 [Forwarding sendKeysToElement on session 7acb6580a50bff50181d1cf77812f915 to remote] DEBUG org.asynchttpclient.netty.request.NettyRequestSender - Using pooled Channel '[id: 0xa8ff06d0, L:/127.0.0.1:58370 - R:localhost/127.0.0.1:25279]' for 'POST' to 'http://localhost:25279/session/7acb6580a50bff50181d1cf77812f915/element/f.03F3F8465850A34BEEBD7A59CF2418F0.d.013253AB629A7099613E75D6F95ED406.e.6/value'
15:00:41.685 [Forwarding sendKeysToElement on session 7acb6580a50bff50181d1cf77812f915 to remote] DEBUG org.asynchttpclient.netty.request.NettyRequestSender - Using open Channel [id: 0xa8ff06d0, L:/127.0.0.1:58370 - R:localhost/127.0.0.1:25279] for POST '/session/7acb6580a50bff50181d1cf77812f915/element/f.03F3F8465850A34BEEBD7A59CF2418F0.d.013253AB629A7099613E75D6F95ED406.e.6/value'
15:00:41.790 [AsyncHttpClient-1-23] DEBUG org.asynchttpclient.netty.handler.HttpHandler - 

Request DefaultHttpRequest(decodeResult: success, version: HTTP/1.1)
POST /session/7acb6580a50bff50181d1cf77812f915/element/f.03F3F8465850A34BEEBD7A59CF2418F0.d.013253AB629A7099613E75D6F95ED406.e.6/value HTTP/1.1
User-Agent: selenium/4.12.0 (java windows)
Content-Length: 208
Content-Type: application/json; charset=utf-8
host: localhost:25279
accept: */*

Response DefaultHttpResponse(decodeResult: success, version: HTTP/1.1)
HTTP/1.1 200 OK
Content-Length: 14
Content-Type: application/json; charset=utf-8
cache-control: no-cache

15:00:41.790 [AsyncHttpClient-1-23] DEBUG org.asynchttpclient.netty.channel.ChannelManager - Adding key: http://localhost:25279 for channel [id: 0xa8ff06d0, L:/127.0.0.1:58370 - R:localhost/127.0.0.1:25279]
  When I provide Wrong.mail and Fleet@123-test   # StepDefination.Signin.i_provide_id_and_password(java.lang.String,java.lang.String)
15:00:41.792 [Forwarding findElement on session 7acb6580a50bff50181d1cf77812f915 to remote] DEBUG org.asynchttpclient.netty.request.NettyRequestSender - Using pooled Channel '[id: 0xa8ff06d0, L:/127.0.0.1:58370 - R:localhost/127.0.0.1:25279]' for 'POST' to 'http://localhost:25279/session/7acb6580a50bff50181d1cf77812f915/element'
15:00:41.792 [Forwarding findElement on session 7acb6580a50bff50181d1cf77812f915 to remote] DEBUG org.asynchttpclient.netty.request.NettyRequestSender - Using open Channel [id: 0xa8ff06d0, L:/127.0.0.1:58370 - R:localhost/127.0.0.1:25279] for POST '/session/7acb6580a50bff50181d1cf77812f915/element'
15:00:41.813 [AsyncHttpClient-1-23] DEBUG org.asynchttpclient.netty.handler.HttpHandler - 

Request DefaultHttpRequest(decodeResult: success, version: HTTP/1.1)
POST /session/7acb6580a50bff50181d1cf77812f915/element HTTP/1.1
User-Agent: selenium/4.12.0 (java windows)
Content-Length: 73
Content-Type: application/json; charset=utf-8
host: localhost:25279
accept: */*

Response DefaultHttpResponse(decodeResult: success, version: HTTP/1.1)
HTTP/1.1 200 OK
Content-Length: 125
Content-Type: application/json; charset=utf-8
cache-control: no-cache

15:00:41.813 [AsyncHttpClient-1-23] DEBUG org.asynchttpclient.netty.channel.ChannelManager - Adding key: http://localhost:25279 for channel [id: 0xa8ff06d0, L:/127.0.0.1:58370 - R:localhost/127.0.0.1:25279]
15:00:41.814 [Forwarding clickElement on session 7acb6580a50bff50181d1cf77812f915 to remote] DEBUG org.asynchttpclient.netty.request.NettyRequestSender - Using pooled Channel '[id: 0xa8ff06d0, L:/127.0.0.1:58370 - R:localhost/127.0.0.1:25279]' for 'POST' to 'http://localhost:25279/session/7acb6580a50bff50181d1cf77812f915/element/f.03F3F8465850A34BEEBD7A59CF2418F0.d.013253AB629A7099613E75D6F95ED406.e.8/click'
15:00:41.815 [Forwarding clickElement on session 7acb6580a50bff50181d1cf77812f915 to remote] DEBUG org.asynchttpclient.netty.request.NettyRequestSender - Using open Channel [id: 0xa8ff06d0, L:/127.0.0.1:58370 - R:localhost/127.0.0.1:25279] for POST '/session/7acb6580a50bff50181d1cf77812f915/element/f.03F3F8465850A34BEEBD7A59CF2418F0.d.013253AB629A7099613E75D6F95ED406.e.8/click'
15:00:41.928 [AsyncHttpClient-1-23] DEBUG org.asynchttpclient.netty.handler.HttpHandler - 

Request DefaultHttpRequest(decodeResult: success, version: HTTP/1.1)
POST /session/7acb6580a50bff50181d1cf77812f915/element/f.03F3F8465850A34BEEBD7A59CF2418F0.d.013253AB629A7099613E75D6F95ED406.e.8/click HTTP/1.1
User-Agent: selenium/4.12.0 (java windows)
Content-Length: 87
Content-Type: application/json; charset=utf-8
host: localhost:25279
accept: */*

Response DefaultHttpResponse(decodeResult: success, version: HTTP/1.1)
HTTP/1.1 200 OK
Content-Length: 14
Content-Type: application/json; charset=utf-8
cache-control: no-cache

15:00:41.929 [AsyncHttpClient-1-23] DEBUG org.asynchttpclient.netty.channel.ChannelManager - Adding key: http://localhost:25279 for channel [id: 0xa8ff06d0, L:/127.0.0.1:58370 - R:localhost/127.0.0.1:25279]
15:00:42.071 [AsyncHttpClient-1-1] DEBUG org.asynchttpclient.netty.channel.DefaultChannelPool - Entry count for : http://localhost:58371 : 1
15:00:42.071 [AsyncHttpClient-1-1] DEBUG org.asynchttpclient.netty.channel.DefaultChannelPool - Entry count for : http://localhost:25279 : 1
15:00:43.172 [AsyncHttpClient-1-1] DEBUG org.asynchttpclient.netty.channel.DefaultChannelPool - Entry count for : http://localhost:58371 : 1
15:00:43.172 [AsyncHttpClient-1-1] DEBUG org.asynchttpclient.netty.channel.DefaultChannelPool - Entry count for : http://localhost:25279 : 1
15:00:44.271 [AsyncHttpClient-1-1] DEBUG org.asynchttpclient.netty.channel.DefaultChannelPool - Entry count for : http://localhost:58371 : 1
15:00:44.271 [AsyncHttpClient-1-1] DEBUG org.asynchttpclient.netty.channel.DefaultChannelPool - Entry count for : http://localhost:25279 : 1
15:00:45.371 [AsyncHttpClient-1-1] DEBUG org.asynchttpclient.netty.channel.DefaultChannelPool - Entry count for : http://localhost:58371 : 1
15:00:45.371 [AsyncHttpClient-1-1] DEBUG org.asynchttpclient.netty.channel.DefaultChannelPool - Entry count for : http://localhost:25279 : 1
15:00:46.472 [AsyncHttpClient-1-1] DEBUG org.asynchttpclient.netty.channel.DefaultChannelPool - Entry count for : http://localhost:58371 : 1
15:00:46.472 [AsyncHttpClient-1-1] DEBUG org.asynchttpclient.netty.channel.DefaultChannelPool - Entry count for : http://localhost:25279 : 1
  And Tap on submit button-test                  # StepDefination.Signin.tap_on_submit_button()
15:00:46.946 [Forwarding getCurrentUrl on session 7acb6580a50bff50181d1cf77812f915 to remote] DEBUG org.asynchttpclient.netty.request.NettyRequestSender - Using pooled Channel '[id: 0xa8ff06d0, L:/127.0.0.1:58370 - R:localhost/127.0.0.1:25279]' for 'GET' to 'http://localhost:25279/session/7acb6580a50bff50181d1cf77812f915/url'
15:00:46.946 [Forwarding getCurrentUrl on session 7acb6580a50bff50181d1cf77812f915 to remote] DEBUG org.asynchttpclient.netty.request.NettyRequestSender - Using open Channel [id: 0xa8ff06d0, L:/127.0.0.1:58370 - R:localhost/127.0.0.1:25279] for GET '/session/7acb6580a50bff50181d1cf77812f915/url'
15:00:46.957 [AsyncHttpClient-1-23] DEBUG org.asynchttpclient.netty.handler.HttpHandler - 

Request DefaultFullHttpRequest(decodeResult: success, version: HTTP/1.1, content: EmptyByteBufBE)
GET /session/7acb6580a50bff50181d1cf77812f915/url HTTP/1.1
Cache-Control: no-cache
User-Agent: selenium/4.12.0 (java windows)
Content-Type: application/json; charset=utf-8
host: localhost:25279
accept: */*

Response DefaultHttpResponse(decodeResult: success, version: HTTP/1.1)
HTTP/1.1 200 OK
Content-Length: 69
Content-Type: application/json; charset=utf-8
cache-control: no-cache

15:00:46.958 [AsyncHttpClient-1-23] DEBUG org.asynchttpclient.netty.channel.ChannelManager - Adding key: http://localhost:25279 for channel [id: 0xa8ff06d0, L:/127.0.0.1:58370 - R:localhost/127.0.0.1:25279]
https://fleet-manager-development.vercel.app/auth/sign-in
15:00:46.960 [Forwarding findElement on session 7acb6580a50bff50181d1cf77812f915 to remote] DEBUG org.asynchttpclient.netty.request.NettyRequestSender - Using pooled Channel '[id: 0xa8ff06d0, L:/127.0.0.1:58370 - R:localhost/127.0.0.1:25279]' for 'POST' to 'http://localhost:25279/session/7acb6580a50bff50181d1cf77812f915/element'
15:00:46.960 [Forwarding findElement on session 7acb6580a50bff50181d1cf77812f915 to remote] DEBUG org.asynchttpclient.netty.request.NettyRequestSender - Using open Channel [id: 0xa8ff06d0, L:/127.0.0.1:58370 - R:localhost/127.0.0.1:25279] for POST '/session/7acb6580a50bff50181d1cf77812f915/element'
15:00:46.982 [AsyncHttpClient-1-23] DEBUG org.asynchttpclient.netty.handler.HttpHandler - 

Request DefaultHttpRequest(decodeResult: success, version: HTTP/1.1)
POST /session/7acb6580a50bff50181d1cf77812f915/element HTTP/1.1
User-Agent: selenium/4.12.0 (java windows)
Content-Length: 66
Content-Type: application/json; charset=utf-8
host: localhost:25279
accept: */*

Response DefaultHttpResponse(decodeResult: success, version: HTTP/1.1)
HTTP/1.1 404 Not Found
Content-Length: 1053
Content-Type: application/json; charset=utf-8
cache-control: no-cache

15:00:46.983 [AsyncHttpClient-1-23] DEBUG org.asynchttpclient.netty.channel.ChannelManager - Adding key: http://localhost:25279 for channel [id: 0xa8ff06d0, L:/127.0.0.1:58370 - R:localhost/127.0.0.1:25279]
Faild to logged in
15:00:46.985 [Forwarding screenshot on session 7acb6580a50bff50181d1cf77812f915 to remote] DEBUG org.asynchttpclient.netty.request.NettyRequestSender - Using pooled Channel '[id: 0xa8ff06d0, L:/127.0.0.1:58370 - R:localhost/127.0.0.1:25279]' for 'GET' to 'http://localhost:25279/session/7acb6580a50bff50181d1cf77812f915/screenshot'
15:00:46.985 [Forwarding screenshot on session 7acb6580a50bff50181d1cf77812f915 to remote] DEBUG org.asynchttpclient.netty.request.NettyRequestSender - Using open Channel [id: 0xa8ff06d0, L:/127.0.0.1:58370 - R:localhost/127.0.0.1:25279] for GET '/session/7acb6580a50bff50181d1cf77812f915/screenshot'
15:00:47.571 [AsyncHttpClient-1-1] DEBUG org.asynchttpclient.netty.channel.DefaultChannelPool - Entry count for : http://localhost:58371 : 1
15:00:47.740 [AsyncHttpClient-1-23] DEBUG org.asynchttpclient.netty.handler.HttpHandler - 

Request DefaultFullHttpRequest(decodeResult: success, version: HTTP/1.1, content: EmptyByteBufBE)
GET /session/7acb6580a50bff50181d1cf77812f915/screenshot HTTP/1.1
Cache-Control: no-cache
User-Agent: selenium/4.12.0 (java windows)
Content-Type: application/json; charset=utf-8
host: localhost:25279
accept: */*

Response DefaultHttpResponse(decodeResult: success, version: HTTP/1.1)
HTTP/1.1 200 OK
Content-Length: 1196992
Content-Type: application/json; charset=utf-8
cache-control: no-cache

15:00:47.742 [AsyncHttpClient-1-23] DEBUG org.asynchttpclient.netty.channel.ChannelManager - Adding key: http://localhost:25279 for channel [id: 0xa8ff06d0, L:/127.0.0.1:58370 - R:localhost/127.0.0.1:25279]
  Then User should be logged in-test             # StepDefination.Signin.user_should_be_logged_in()
15:00:47.805 [Driver Command Executor] DEBUG org.asynchttpclient.netty.request.NettyRequestSender - Using pooled Channel '[id: 0xa8ff06d0, L:/127.0.0.1:58370 - R:localhost/127.0.0.1:25279]' for 'DELETE' to 'http://localhost:25279/session/7acb6580a50bff50181d1cf77812f915'
15:00:47.805 [Driver Command Executor] DEBUG org.asynchttpclient.netty.request.NettyRequestSender - Using open Channel [id: 0xa8ff06d0, L:/127.0.0.1:58370 - R:localhost/127.0.0.1:25279] for DELETE '/session/7acb6580a50bff50181d1cf77812f915'
15:00:47.806 [AsyncHttpClient-1-25] DEBUG org.asynchttpclient.netty.handler.WebSocketHandler - Channel Closed: [id: 0xa8256cb2, L:/127.0.0.1:58379 ! R:localhost/127.0.0.1:58371] with attribute DISCARD
15:00:47.879 [AsyncHttpClient-1-24] DEBUG org.asynchttpclient.netty.handler.HttpHandler - Unexpected I/O exception on channel [id: 0x4b73f217, L:/127.0.0.1:58378 - R:localhost/127.0.0.1:58371]
java.net.SocketException: Connection reset
	at java.base/sun.nio.ch.SocketChannelImpl.throwConnectionReset(SocketChannelImpl.java:394)
	at java.base/sun.nio.ch.SocketChannelImpl.read(SocketChannelImpl.java:426)
	at io.netty.buffer.PooledByteBuf.setBytes(PooledByteBuf.java:254)
	at io.netty.buffer.AbstractByteBuf.writeBytes(AbstractByteBuf.java:1132)
	at io.netty.channel.socket.nio.NioSocketChannel.doReadBytes(NioSocketChannel.java:357)
	at io.netty.channel.nio.AbstractNioByteChannel$NioByteUnsafe.read(AbstractNioByteChannel.java:151)
	at io.netty.channel.nio.NioEventLoop.processSelectedKey(NioEventLoop.java:788)
	at io.netty.channel.nio.NioEventLoop.processSelectedKeysOptimized(NioEventLoop.java:724)
	at io.netty.channel.nio.NioEventLoop.processSelectedKeys(NioEventLoop.java:650)
	at io.netty.channel.nio.NioEventLoop.run(NioEventLoop.java:562)
	at io.netty.util.concurrent.SingleThreadEventExecutor$4.run(SingleThreadEventExecutor.java:997)
	at io.netty.util.internal.ThreadExecutorMap$2.run(ThreadExecutorMap.java:74)
	at io.netty.util.concurrent.FastThreadLocalRunnable.run(FastThreadLocalRunnable.java:30)
	at java.base/java.lang.Thread.run(Thread.java:840)
15:00:47.879 [AsyncHttpClient-1-24] DEBUG org.asynchttpclient.netty.channel.ChannelManager - Closing Channel [id: 0x4b73f217, L:/127.0.0.1:58378 - R:localhost/127.0.0.1:58371] 
15:00:47.880 [AsyncHttpClient-1-24] DEBUG org.asynchttpclient.netty.handler.HttpHandler - Channel Closed: [id: 0x4b73f217, L:/127.0.0.1:58378 ! R:localhost/127.0.0.1:58371] with attribute DISCARD
15:00:47.917 [AsyncHttpClient-1-23] DEBUG org.asynchttpclient.netty.handler.HttpHandler - 

Request DefaultFullHttpRequest(decodeResult: success, version: HTTP/1.1, content: EmptyByteBufBE)
DELETE /session/7acb6580a50bff50181d1cf77812f915 HTTP/1.1
User-Agent: selenium/4.12.0 (java windows)
Content-Type: application/json; charset=utf-8
host: localhost:25279
accept: */*

Response DefaultHttpResponse(decodeResult: success, version: HTTP/1.1)
HTTP/1.1 200 OK
Content-Length: 14
Content-Type: application/json; charset=utf-8
cache-control: no-cache

15:00:47.917 [AsyncHttpClient-1-23] DEBUG org.asynchttpclient.netty.channel.ChannelManager - Adding key: http://localhost:25279 for channel [id: 0xa8ff06d0, L:/127.0.0.1:58370 - R:localhost/127.0.0.1:25279]
15:00:48.202 [AsyncHttpClient-1-23] DEBUG org.asynchttpclient.netty.handler.HttpHandler - Channel Closed: [id: 0xa8ff06d0, L:/127.0.0.1:58370 ! R:localhost/127.0.0.1:25279] with attribute DISCARD
  And Close Window                               # StepDefination.Signin.close_window()
]]></system-out>
    <system-err><![CDATA[Jan 15, 2025 3:00:19 PM org.openqa.selenium.devtools.CdpVersionFinder findNearestMatch
WARNING: Unable to find CDP implementation matching 131
Jan 15, 2025 3:00:19 PM org.openqa.selenium.chromium.ChromiumDriver lambda$new$5
WARNING: Unable to find version of CDP to use for 131.0.6778.265. You may need to include a dependency on a specific version of the CDP using something similar to `org.seleniumhq.selenium:selenium-devtools-v86:4.12.0` where the version ("v86") matches the version of the chromium-based browser you're using and the version number of the artifact is the same as Selenium's.
]]></system-err>
  </testcase>
  <testcase name="Signin with email and password #4" classname="User sign IN" time="51.768">
    <system-out><![CDATA[
Scenario Outline: Signin with email and password # src/test/resources/Login/Login.feature:15
15:00:48.642 [AsyncHttpClient-1-2] DEBUG org.asynchttpclient.netty.channel.NettyConnectListener - Using new Channel '[id: 0x7e7fae99, L:/127.0.0.1:58419 - R:localhost/127.0.0.1:8188]' for 'POST' to '/session'
15:00:48.672 [AsyncHttpClient-1-1] DEBUG org.asynchttpclient.netty.channel.DefaultChannelPool - Entry count for : http://localhost:58371 : 1
15:00:48.672 [AsyncHttpClient-1-1] DEBUG org.asynchttpclient.netty.channel.DefaultChannelPool - Entry count for : http://localhost:25279 : 1
15:00:48.672 [AsyncHttpClient-1-1] DEBUG org.asynchttpclient.netty.channel.DefaultChannelPool - Adding Candidate expired Channel [id: 0x4b73f217, L:/127.0.0.1:58378 ! R:localhost/127.0.0.1:58371] isIdleTimeoutExpired=false isRemotelyClosed=true isTtlExpired=false
15:00:48.672 [AsyncHttpClient-1-1] DEBUG org.asynchttpclient.netty.channel.DefaultChannelPool - Closing Idle Channel [id: 0x4b73f217, L:/127.0.0.1:58378 ! R:localhost/127.0.0.1:58371]
15:00:48.672 [AsyncHttpClient-1-1] DEBUG org.asynchttpclient.netty.channel.DefaultChannelPool - Adding Candidate expired Channel [id: 0xa8ff06d0, L:/127.0.0.1:58370 ! R:localhost/127.0.0.1:25279] isIdleTimeoutExpired=false isRemotelyClosed=true isTtlExpired=false
15:00:48.672 [AsyncHttpClient-1-1] DEBUG org.asynchttpclient.netty.channel.DefaultChannelPool - Closing Idle Channel [id: 0xa8ff06d0, L:/127.0.0.1:58370 ! R:localhost/127.0.0.1:25279]
15:00:48.672 [AsyncHttpClient-1-1] DEBUG org.asynchttpclient.netty.channel.DefaultChannelPool - Closed 2 connections out of 2 in 0 ms
15:00:49.944 [AsyncHttpClient-1-2] DEBUG org.asynchttpclient.netty.handler.HttpHandler - 

Request DefaultHttpRequest(decodeResult: success, version: HTTP/1.1)
POST /session HTTP/1.1
User-Agent: selenium/4.12.0 (java windows)
Content-Length: 254
Content-Type: application/json; charset=utf-8
host: localhost:8188
accept: */*

Response DefaultHttpResponse(decodeResult: success, version: HTTP/1.1)
HTTP/1.1 200 OK
Content-Length: 887
Content-Type: application/json; charset=utf-8
cache-control: no-cache

15:00:49.944 [AsyncHttpClient-1-2] DEBUG org.asynchttpclient.netty.channel.ChannelManager - Adding key: http://localhost:8188 for channel [id: 0x7e7fae99, L:/127.0.0.1:58419 - R:localhost/127.0.0.1:8188]
15:00:49.956 [AsyncHttpClient-1-3] DEBUG org.asynchttpclient.netty.channel.NettyConnectListener - Using new Channel '[id: 0x225f9ac4, L:/127.0.0.1:58427 - R:localhost/127.0.0.1:58420]' for 'GET' to '/json/version'
15:00:49.959 [AsyncHttpClient-1-3] DEBUG org.asynchttpclient.netty.handler.HttpHandler - 

Request DefaultFullHttpRequest(decodeResult: success, version: HTTP/1.1, content: EmptyByteBufBE)
GET /json/version HTTP/1.1
User-Agent: selenium/4.12.0 (java windows)
host: localhost:58420
accept: */*

Response DefaultHttpResponse(decodeResult: success, version: HTTP/1.1)
HTTP/1.1 200 OK
Content-Security-Policy: frame-ancestors 'none'
Content-Length: 424
Content-Type: application/json; charset=UTF-8

15:00:49.959 [AsyncHttpClient-1-3] DEBUG org.asynchttpclient.netty.channel.ChannelManager - Adding key: http://localhost:58420 for channel [id: 0x225f9ac4, L:/127.0.0.1:58427 - R:localhost/127.0.0.1:58420]
15:00:49.963 [AsyncHttpClient-1-4] DEBUG org.asynchttpclient.netty.channel.NettyConnectListener - Using new Channel '[id: 0xd3d15f1c, L:/127.0.0.1:58428 - R:localhost/127.0.0.1:58420]' for 'GET' to '/devtools/browser/455d606a-c56b-4a2a-84bf-11919b34fe20'
15:00:49.965 [AsyncHttpClient-1-4] DEBUG org.asynchttpclient.netty.handler.WebSocketHandler - 

Request DefaultFullHttpRequest(decodeResult: success, version: HTTP/1.1, content: EmptyByteBufBE)
GET /devtools/browser/455d606a-c56b-4a2a-84bf-11919b34fe20 HTTP/1.1
upgrade: websocket
connection: upgrade
sec-websocket-key: v4EuGe9CYTPUS60Evf/7QQ==
sec-websocket-version: 13
origin: http://localhost:58420
host: localhost:58420
accept: */*
user-agent: AHC/2.1

Response DefaultHttpResponse(decodeResult: success, version: HTTP/1.1)
HTTP/1.1 101 WebSocket Protocol Handshake
Upgrade: WebSocket
Connection: Upgrade
Sec-WebSocket-Accept: TV9rU9s7080RXj1SvuEyKTptHxM=

15:00:49.971 [Forwarding get on session e7854568496515f9a84744633e7cd494 to remote] DEBUG org.asynchttpclient.netty.request.NettyRequestSender - Using pooled Channel '[id: 0x7e7fae99, L:/127.0.0.1:58419 - R:localhost/127.0.0.1:8188]' for 'POST' to 'http://localhost:8188/session/e7854568496515f9a84744633e7cd494/url'
15:00:49.971 [Forwarding get on session e7854568496515f9a84744633e7cd494 to remote] DEBUG org.asynchttpclient.netty.request.NettyRequestSender - Using open Channel [id: 0x7e7fae99, L:/127.0.0.1:58419 - R:localhost/127.0.0.1:8188] for POST '/session/e7854568496515f9a84744633e7cd494/url'
15:00:50.881 [AsyncHttpClient-1-1] DEBUG org.asynchttpclient.netty.channel.DefaultChannelPool - Entry count for : http://localhost:58420 : 1
15:00:51.971 [AsyncHttpClient-1-1] DEBUG org.asynchttpclient.netty.channel.DefaultChannelPool - Entry count for : http://localhost:58420 : 1
15:00:53.072 [AsyncHttpClient-1-1] DEBUG org.asynchttpclient.netty.channel.DefaultChannelPool - Entry count for : http://localhost:58420 : 1
15:00:54.176 [AsyncHttpClient-1-1] DEBUG org.asynchttpclient.netty.channel.DefaultChannelPool - Entry count for : http://localhost:58420 : 1
15:00:55.271 [AsyncHttpClient-1-1] DEBUG org.asynchttpclient.netty.channel.DefaultChannelPool - Entry count for : http://localhost:58420 : 1
15:00:56.374 [AsyncHttpClient-1-1] DEBUG org.asynchttpclient.netty.channel.DefaultChannelPool - Entry count for : http://localhost:58420 : 1
15:00:57.471 [AsyncHttpClient-1-1] DEBUG org.asynchttpclient.netty.channel.DefaultChannelPool - Entry count for : http://localhost:58420 : 1
15:00:58.572 [AsyncHttpClient-1-1] DEBUG org.asynchttpclient.netty.channel.DefaultChannelPool - Entry count for : http://localhost:58420 : 1
15:00:59.671 [AsyncHttpClient-1-1] DEBUG org.asynchttpclient.netty.channel.DefaultChannelPool - Entry count for : http://localhost:58420 : 1
15:01:00.772 [AsyncHttpClient-1-1] DEBUG org.asynchttpclient.netty.channel.DefaultChannelPool - Entry count for : http://localhost:58420 : 1
15:01:01.873 [AsyncHttpClient-1-1] DEBUG org.asynchttpclient.netty.channel.DefaultChannelPool - Entry count for : http://localhost:58420 : 1
15:01:02.973 [AsyncHttpClient-1-1] DEBUG org.asynchttpclient.netty.channel.DefaultChannelPool - Entry count for : http://localhost:58420 : 1
15:01:04.083 [AsyncHttpClient-1-1] DEBUG org.asynchttpclient.netty.channel.DefaultChannelPool - Entry count for : http://localhost:58420 : 1
15:01:05.172 [AsyncHttpClient-1-1] DEBUG org.asynchttpclient.netty.channel.DefaultChannelPool - Entry count for : http://localhost:58420 : 1
15:01:06.272 [AsyncHttpClient-1-1] DEBUG org.asynchttpclient.netty.channel.DefaultChannelPool - Entry count for : http://localhost:58420 : 1
15:01:07.371 [AsyncHttpClient-1-1] DEBUG org.asynchttpclient.netty.channel.DefaultChannelPool - Entry count for : http://localhost:58420 : 1
15:01:08.472 [AsyncHttpClient-1-1] DEBUG org.asynchttpclient.netty.channel.DefaultChannelPool - Entry count for : http://localhost:58420 : 1
15:01:09.571 [AsyncHttpClient-1-1] DEBUG org.asynchttpclient.netty.channel.DefaultChannelPool - Entry count for : http://localhost:58420 : 1
15:01:10.671 [AsyncHttpClient-1-1] DEBUG org.asynchttpclient.netty.channel.DefaultChannelPool - Entry count for : http://localhost:58420 : 1
15:01:11.772 [AsyncHttpClient-1-1] DEBUG org.asynchttpclient.netty.channel.DefaultChannelPool - Entry count for : http://localhost:58420 : 1
15:01:12.871 [AsyncHttpClient-1-1] DEBUG org.asynchttpclient.netty.channel.DefaultChannelPool - Entry count for : http://localhost:58420 : 1
15:01:13.972 [AsyncHttpClient-1-1] DEBUG org.asynchttpclient.netty.channel.DefaultChannelPool - Entry count for : http://localhost:58420 : 1
15:01:15.071 [AsyncHttpClient-1-1] DEBUG org.asynchttpclient.netty.channel.DefaultChannelPool - Entry count for : http://localhost:58420 : 1
15:01:16.171 [AsyncHttpClient-1-1] DEBUG org.asynchttpclient.netty.channel.DefaultChannelPool - Entry count for : http://localhost:58420 : 1
15:01:17.275 [AsyncHttpClient-1-1] DEBUG org.asynchttpclient.netty.channel.DefaultChannelPool - Entry count for : http://localhost:58420 : 1
15:01:18.371 [AsyncHttpClient-1-1] DEBUG org.asynchttpclient.netty.channel.DefaultChannelPool - Entry count for : http://localhost:58420 : 1
15:01:19.479 [AsyncHttpClient-1-1] DEBUG org.asynchttpclient.netty.channel.DefaultChannelPool - Entry count for : http://localhost:58420 : 1
15:01:20.572 [AsyncHttpClient-1-1] DEBUG org.asynchttpclient.netty.channel.DefaultChannelPool - Entry count for : http://localhost:58420 : 1
15:01:21.671 [AsyncHttpClient-1-1] DEBUG org.asynchttpclient.netty.channel.DefaultChannelPool - Entry count for : http://localhost:58420 : 1
15:01:22.771 [AsyncHttpClient-1-1] DEBUG org.asynchttpclient.netty.channel.DefaultChannelPool - Entry count for : http://localhost:58420 : 1
15:01:23.872 [AsyncHttpClient-1-1] DEBUG org.asynchttpclient.netty.channel.DefaultChannelPool - Entry count for : http://localhost:58420 : 1
15:01:24.977 [AsyncHttpClient-1-1] DEBUG org.asynchttpclient.netty.channel.DefaultChannelPool - Entry count for : http://localhost:58420 : 1
15:01:26.074 [AsyncHttpClient-1-1] DEBUG org.asynchttpclient.netty.channel.DefaultChannelPool - Entry count for : http://localhost:58420 : 1
15:01:27.172 [AsyncHttpClient-1-1] DEBUG org.asynchttpclient.netty.channel.DefaultChannelPool - Entry count for : http://localhost:58420 : 1
15:01:28.277 [AsyncHttpClient-1-1] DEBUG org.asynchttpclient.netty.channel.DefaultChannelPool - Entry count for : http://localhost:58420 : 1
15:01:29.379 [AsyncHttpClient-1-1] DEBUG org.asynchttpclient.netty.channel.DefaultChannelPool - Entry count for : http://localhost:58420 : 1
15:01:30.486 [AsyncHttpClient-1-1] DEBUG org.asynchttpclient.netty.channel.DefaultChannelPool - Entry count for : http://localhost:58420 : 1
15:01:31.571 [AsyncHttpClient-1-1] DEBUG org.asynchttpclient.netty.channel.DefaultChannelPool - Entry count for : http://localhost:58420 : 1
15:01:32.673 [AsyncHttpClient-1-1] DEBUG org.asynchttpclient.netty.channel.DefaultChannelPool - Entry count for : http://localhost:58420 : 1
15:01:33.103 [AsyncHttpClient-1-2] DEBUG org.asynchttpclient.netty.handler.HttpHandler - 

Request DefaultHttpRequest(decodeResult: success, version: HTTP/1.1)
POST /session/e7854568496515f9a84744633e7cd494/url HTTP/1.1
User-Agent: selenium/4.12.0 (java windows)
Content-Length: 92
Content-Type: application/json; charset=utf-8
host: localhost:8188
accept: */*

Response DefaultHttpResponse(decodeResult: success, version: HTTP/1.1)
HTTP/1.1 200 OK
Content-Length: 14
Content-Type: application/json; charset=utf-8
cache-control: no-cache

15:01:33.103 [AsyncHttpClient-1-2] DEBUG org.asynchttpclient.netty.channel.ChannelManager - Adding key: http://localhost:8188 for channel [id: 0x7e7fae99, L:/127.0.0.1:58419 - R:localhost/127.0.0.1:8188]
15:01:33.106 [Forwarding maximizeCurrentWindow on session e7854568496515f9a84744633e7cd494 to remote] DEBUG org.asynchttpclient.netty.request.NettyRequestSender - Using pooled Channel '[id: 0x7e7fae99, L:/127.0.0.1:58419 - R:localhost/127.0.0.1:8188]' for 'POST' to 'http://localhost:8188/session/e7854568496515f9a84744633e7cd494/window/maximize'
15:01:33.106 [Forwarding maximizeCurrentWindow on session e7854568496515f9a84744633e7cd494 to remote] DEBUG org.asynchttpclient.netty.request.NettyRequestSender - Using open Channel [id: 0x7e7fae99, L:/127.0.0.1:58419 - R:localhost/127.0.0.1:8188] for POST '/session/e7854568496515f9a84744633e7cd494/window/maximize'
15:01:33.197 [AsyncHttpClient-1-2] DEBUG org.asynchttpclient.netty.handler.HttpHandler - 

Request DefaultHttpRequest(decodeResult: success, version: HTTP/1.1)
POST /session/e7854568496515f9a84744633e7cd494/window/maximize HTTP/1.1
User-Agent: selenium/4.12.0 (java windows)
Content-Length: 3
Content-Type: application/json; charset=utf-8
host: localhost:8188
accept: */*

Response DefaultHttpResponse(decodeResult: success, version: HTTP/1.1)
HTTP/1.1 200 OK
Content-Length: 51
Content-Type: application/json; charset=utf-8
cache-control: no-cache

15:01:33.197 [AsyncHttpClient-1-2] DEBUG org.asynchttpclient.netty.channel.ChannelManager - Adding key: http://localhost:8188 for channel [id: 0x7e7fae99, L:/127.0.0.1:58419 - R:localhost/127.0.0.1:8188]
  Given I have login panel-test                  # StepDefination.Signin.I_have_login_panel()
15:01:33.201 [Forwarding findElement on session e7854568496515f9a84744633e7cd494 to remote] DEBUG org.asynchttpclient.netty.request.NettyRequestSender - Using pooled Channel '[id: 0x7e7fae99, L:/127.0.0.1:58419 - R:localhost/127.0.0.1:8188]' for 'POST' to 'http://localhost:8188/session/e7854568496515f9a84744633e7cd494/element'
15:01:33.201 [Forwarding findElement on session e7854568496515f9a84744633e7cd494 to remote] DEBUG org.asynchttpclient.netty.request.NettyRequestSender - Using open Channel [id: 0x7e7fae99, L:/127.0.0.1:58419 - R:localhost/127.0.0.1:8188] for POST '/session/e7854568496515f9a84744633e7cd494/element'
15:01:33.227 [AsyncHttpClient-1-2] DEBUG org.asynchttpclient.netty.handler.HttpHandler - 

Request DefaultHttpRequest(decodeResult: success, version: HTTP/1.1)
POST /session/e7854568496515f9a84744633e7cd494/element HTTP/1.1
User-Agent: selenium/4.12.0 (java windows)
Content-Length: 69
Content-Type: application/json; charset=utf-8
host: localhost:8188
accept: */*

Response DefaultHttpResponse(decodeResult: success, version: HTTP/1.1)
HTTP/1.1 200 OK
Content-Length: 125
Content-Type: application/json; charset=utf-8
cache-control: no-cache

15:01:33.227 [AsyncHttpClient-1-2] DEBUG org.asynchttpclient.netty.channel.ChannelManager - Adding key: http://localhost:8188 for channel [id: 0x7e7fae99, L:/127.0.0.1:58419 - R:localhost/127.0.0.1:8188]
15:01:33.228 [Forwarding sendKeysToElement on session e7854568496515f9a84744633e7cd494 to remote] DEBUG org.asynchttpclient.netty.request.NettyRequestSender - Using pooled Channel '[id: 0x7e7fae99, L:/127.0.0.1:58419 - R:localhost/127.0.0.1:8188]' for 'POST' to 'http://localhost:8188/session/e7854568496515f9a84744633e7cd494/element/f.A73C26E5C160B399FD3302E3CBBD06FE.d.8406FD0387F5B85587D1DDA0DA867D70.e.4/value'
15:01:33.228 [Forwarding sendKeysToElement on session e7854568496515f9a84744633e7cd494 to remote] DEBUG org.asynchttpclient.netty.request.NettyRequestSender - Using open Channel [id: 0x7e7fae99, L:/127.0.0.1:58419 - R:localhost/127.0.0.1:8188] for POST '/session/e7854568496515f9a84744633e7cd494/element/f.A73C26E5C160B399FD3302E3CBBD06FE.d.8406FD0387F5B85587D1DDA0DA867D70.e.4/value'
15:01:33.377 [AsyncHttpClient-1-2] DEBUG org.asynchttpclient.netty.handler.HttpHandler - 

Request DefaultHttpRequest(decodeResult: success, version: HTTP/1.1)
POST /session/e7854568496515f9a84744633e7cd494/element/f.A73C26E5C160B399FD3302E3CBBD06FE.d.8406FD0387F5B85587D1DDA0DA867D70.e.4/value HTTP/1.1
User-Agent: selenium/4.12.0 (java windows)
Content-Length: 218
Content-Type: application/json; charset=utf-8
host: localhost:8188
accept: */*

Response DefaultHttpResponse(decodeResult: success, version: HTTP/1.1)
HTTP/1.1 200 OK
Content-Length: 14
Content-Type: application/json; charset=utf-8
cache-control: no-cache

15:01:33.378 [AsyncHttpClient-1-2] DEBUG org.asynchttpclient.netty.channel.ChannelManager - Adding key: http://localhost:8188 for channel [id: 0x7e7fae99, L:/127.0.0.1:58419 - R:localhost/127.0.0.1:8188]
15:01:33.379 [Forwarding findElement on session e7854568496515f9a84744633e7cd494 to remote] DEBUG org.asynchttpclient.netty.request.NettyRequestSender - Using pooled Channel '[id: 0x7e7fae99, L:/127.0.0.1:58419 - R:localhost/127.0.0.1:8188]' for 'POST' to 'http://localhost:8188/session/e7854568496515f9a84744633e7cd494/element'
15:01:33.379 [Forwarding findElement on session e7854568496515f9a84744633e7cd494 to remote] DEBUG org.asynchttpclient.netty.request.NettyRequestSender - Using open Channel [id: 0x7e7fae99, L:/127.0.0.1:58419 - R:localhost/127.0.0.1:8188] for POST '/session/e7854568496515f9a84744633e7cd494/element'
15:01:33.396 [AsyncHttpClient-1-2] DEBUG org.asynchttpclient.netty.handler.HttpHandler - 

Request DefaultHttpRequest(decodeResult: success, version: HTTP/1.1)
POST /session/e7854568496515f9a84744633e7cd494/element HTTP/1.1
User-Agent: selenium/4.12.0 (java windows)
Content-Length: 72
Content-Type: application/json; charset=utf-8
host: localhost:8188
accept: */*

Response DefaultHttpResponse(decodeResult: success, version: HTTP/1.1)
HTTP/1.1 200 OK
Content-Length: 125
Content-Type: application/json; charset=utf-8
cache-control: no-cache

15:01:33.398 [AsyncHttpClient-1-2] DEBUG org.asynchttpclient.netty.channel.ChannelManager - Adding key: http://localhost:8188 for channel [id: 0x7e7fae99, L:/127.0.0.1:58419 - R:localhost/127.0.0.1:8188]
15:01:33.400 [Forwarding sendKeysToElement on session e7854568496515f9a84744633e7cd494 to remote] DEBUG org.asynchttpclient.netty.request.NettyRequestSender - Using pooled Channel '[id: 0x7e7fae99, L:/127.0.0.1:58419 - R:localhost/127.0.0.1:8188]' for 'POST' to 'http://localhost:8188/session/e7854568496515f9a84744633e7cd494/element/f.A73C26E5C160B399FD3302E3CBBD06FE.d.8406FD0387F5B85587D1DDA0DA867D70.e.6/value'
15:01:33.400 [Forwarding sendKeysToElement on session e7854568496515f9a84744633e7cd494 to remote] DEBUG org.asynchttpclient.netty.request.NettyRequestSender - Using open Channel [id: 0x7e7fae99, L:/127.0.0.1:58419 - R:localhost/127.0.0.1:8188] for POST '/session/e7854568496515f9a84744633e7cd494/element/f.A73C26E5C160B399FD3302E3CBBD06FE.d.8406FD0387F5B85587D1DDA0DA867D70.e.6/value'
15:01:33.493 [AsyncHttpClient-1-2] DEBUG org.asynchttpclient.netty.handler.HttpHandler - 

Request DefaultHttpRequest(decodeResult: success, version: HTTP/1.1)
POST /session/e7854568496515f9a84744633e7cd494/element/f.A73C26E5C160B399FD3302E3CBBD06FE.d.8406FD0387F5B85587D1DDA0DA867D70.e.6/value HTTP/1.1
User-Agent: selenium/4.12.0 (java windows)
Content-Length: 168
Content-Type: application/json; charset=utf-8
host: localhost:8188
accept: */*

Response DefaultHttpResponse(decodeResult: success, version: HTTP/1.1)
HTTP/1.1 200 OK
Content-Length: 14
Content-Type: application/json; charset=utf-8
cache-control: no-cache

15:01:33.493 [AsyncHttpClient-1-2] DEBUG org.asynchttpclient.netty.channel.ChannelManager - Adding key: http://localhost:8188 for channel [id: 0x7e7fae99, L:/127.0.0.1:58419 - R:localhost/127.0.0.1:8188]
  When I provide Wrong.mail and wrong-test       # StepDefination.Signin.i_provide_id_and_password(java.lang.String,java.lang.String)
15:01:33.496 [Forwarding findElement on session e7854568496515f9a84744633e7cd494 to remote] DEBUG org.asynchttpclient.netty.request.NettyRequestSender - Using pooled Channel '[id: 0x7e7fae99, L:/127.0.0.1:58419 - R:localhost/127.0.0.1:8188]' for 'POST' to 'http://localhost:8188/session/e7854568496515f9a84744633e7cd494/element'
15:01:33.496 [Forwarding findElement on session e7854568496515f9a84744633e7cd494 to remote] DEBUG org.asynchttpclient.netty.request.NettyRequestSender - Using open Channel [id: 0x7e7fae99, L:/127.0.0.1:58419 - R:localhost/127.0.0.1:8188] for POST '/session/e7854568496515f9a84744633e7cd494/element'
15:01:33.520 [AsyncHttpClient-1-2] DEBUG org.asynchttpclient.netty.handler.HttpHandler - 

Request DefaultHttpRequest(decodeResult: success, version: HTTP/1.1)
POST /session/e7854568496515f9a84744633e7cd494/element HTTP/1.1
User-Agent: selenium/4.12.0 (java windows)
Content-Length: 73
Content-Type: application/json; charset=utf-8
host: localhost:8188
accept: */*

Response DefaultHttpResponse(decodeResult: success, version: HTTP/1.1)
HTTP/1.1 200 OK
Content-Length: 125
Content-Type: application/json; charset=utf-8
cache-control: no-cache

15:01:33.520 [AsyncHttpClient-1-2] DEBUG org.asynchttpclient.netty.channel.ChannelManager - Adding key: http://localhost:8188 for channel [id: 0x7e7fae99, L:/127.0.0.1:58419 - R:localhost/127.0.0.1:8188]
15:01:33.522 [Forwarding clickElement on session e7854568496515f9a84744633e7cd494 to remote] DEBUG org.asynchttpclient.netty.request.NettyRequestSender - Using pooled Channel '[id: 0x7e7fae99, L:/127.0.0.1:58419 - R:localhost/127.0.0.1:8188]' for 'POST' to 'http://localhost:8188/session/e7854568496515f9a84744633e7cd494/element/f.A73C26E5C160B399FD3302E3CBBD06FE.d.8406FD0387F5B85587D1DDA0DA867D70.e.8/click'
15:01:33.523 [Forwarding clickElement on session e7854568496515f9a84744633e7cd494 to remote] DEBUG org.asynchttpclient.netty.request.NettyRequestSender - Using open Channel [id: 0x7e7fae99, L:/127.0.0.1:58419 - R:localhost/127.0.0.1:8188] for POST '/session/e7854568496515f9a84744633e7cd494/element/f.A73C26E5C160B399FD3302E3CBBD06FE.d.8406FD0387F5B85587D1DDA0DA867D70.e.8/click'
15:01:33.615 [AsyncHttpClient-1-2] DEBUG org.asynchttpclient.netty.handler.HttpHandler - 

Request DefaultHttpRequest(decodeResult: success, version: HTTP/1.1)
POST /session/e7854568496515f9a84744633e7cd494/element/f.A73C26E5C160B399FD3302E3CBBD06FE.d.8406FD0387F5B85587D1DDA0DA867D70.e.8/click HTTP/1.1
User-Agent: selenium/4.12.0 (java windows)
Content-Length: 87
Content-Type: application/json; charset=utf-8
host: localhost:8188
accept: */*

Response DefaultHttpResponse(decodeResult: success, version: HTTP/1.1)
HTTP/1.1 200 OK
Content-Length: 14
Content-Type: application/json; charset=utf-8
cache-control: no-cache

15:01:33.616 [AsyncHttpClient-1-2] DEBUG org.asynchttpclient.netty.channel.ChannelManager - Adding key: http://localhost:8188 for channel [id: 0x7e7fae99, L:/127.0.0.1:58419 - R:localhost/127.0.0.1:8188]
15:01:33.777 [AsyncHttpClient-1-1] DEBUG org.asynchttpclient.netty.channel.DefaultChannelPool - Entry count for : http://localhost:58420 : 1
15:01:33.777 [AsyncHttpClient-1-1] DEBUG org.asynchttpclient.netty.channel.DefaultChannelPool - Entry count for : http://localhost:8188 : 1
15:01:34.877 [AsyncHttpClient-1-1] DEBUG org.asynchttpclient.netty.channel.DefaultChannelPool - Entry count for : http://localhost:58420 : 1
15:01:34.877 [AsyncHttpClient-1-1] DEBUG org.asynchttpclient.netty.channel.DefaultChannelPool - Entry count for : http://localhost:8188 : 1
15:01:35.970 [AsyncHttpClient-1-1] DEBUG org.asynchttpclient.netty.channel.DefaultChannelPool - Entry count for : http://localhost:58420 : 1
15:01:35.970 [AsyncHttpClient-1-1] DEBUG org.asynchttpclient.netty.channel.DefaultChannelPool - Entry count for : http://localhost:8188 : 1
15:01:37.072 [AsyncHttpClient-1-1] DEBUG org.asynchttpclient.netty.channel.DefaultChannelPool - Entry count for : http://localhost:58420 : 1
15:01:37.072 [AsyncHttpClient-1-1] DEBUG org.asynchttpclient.netty.channel.DefaultChannelPool - Entry count for : http://localhost:8188 : 1
15:01:38.174 [AsyncHttpClient-1-1] DEBUG org.asynchttpclient.netty.channel.DefaultChannelPool - Entry count for : http://localhost:58420 : 1
15:01:38.174 [AsyncHttpClient-1-1] DEBUG org.asynchttpclient.netty.channel.DefaultChannelPool - Entry count for : http://localhost:8188 : 1
  And Tap on submit button-test                  # StepDefination.Signin.tap_on_submit_button()
15:01:38.626 [Forwarding getCurrentUrl on session e7854568496515f9a84744633e7cd494 to remote] DEBUG org.asynchttpclient.netty.request.NettyRequestSender - Using pooled Channel '[id: 0x7e7fae99, L:/127.0.0.1:58419 - R:localhost/127.0.0.1:8188]' for 'GET' to 'http://localhost:8188/session/e7854568496515f9a84744633e7cd494/url'
15:01:38.626 [Forwarding getCurrentUrl on session e7854568496515f9a84744633e7cd494 to remote] DEBUG org.asynchttpclient.netty.request.NettyRequestSender - Using open Channel [id: 0x7e7fae99, L:/127.0.0.1:58419 - R:localhost/127.0.0.1:8188] for GET '/session/e7854568496515f9a84744633e7cd494/url'
15:01:38.643 [AsyncHttpClient-1-2] DEBUG org.asynchttpclient.netty.handler.HttpHandler - 

Request DefaultFullHttpRequest(decodeResult: success, version: HTTP/1.1, content: EmptyByteBufBE)
GET /session/e7854568496515f9a84744633e7cd494/url HTTP/1.1
Cache-Control: no-cache
User-Agent: selenium/4.12.0 (java windows)
Content-Type: application/json; charset=utf-8
host: localhost:8188
accept: */*

Response DefaultHttpResponse(decodeResult: success, version: HTTP/1.1)
HTTP/1.1 200 OK
Content-Length: 69
Content-Type: application/json; charset=utf-8
cache-control: no-cache

15:01:38.643 [AsyncHttpClient-1-2] DEBUG org.asynchttpclient.netty.channel.ChannelManager - Adding key: http://localhost:8188 for channel [id: 0x7e7fae99, L:/127.0.0.1:58419 - R:localhost/127.0.0.1:8188]
https://fleet-manager-development.vercel.app/auth/sign-in
15:01:38.646 [Forwarding findElement on session e7854568496515f9a84744633e7cd494 to remote] DEBUG org.asynchttpclient.netty.request.NettyRequestSender - Using pooled Channel '[id: 0x7e7fae99, L:/127.0.0.1:58419 - R:localhost/127.0.0.1:8188]' for 'POST' to 'http://localhost:8188/session/e7854568496515f9a84744633e7cd494/element'
15:01:38.646 [Forwarding findElement on session e7854568496515f9a84744633e7cd494 to remote] DEBUG org.asynchttpclient.netty.request.NettyRequestSender - Using open Channel [id: 0x7e7fae99, L:/127.0.0.1:58419 - R:localhost/127.0.0.1:8188] for POST '/session/e7854568496515f9a84744633e7cd494/element'
15:01:38.667 [AsyncHttpClient-1-2] DEBUG org.asynchttpclient.netty.handler.HttpHandler - 

Request DefaultHttpRequest(decodeResult: success, version: HTTP/1.1)
POST /session/e7854568496515f9a84744633e7cd494/element HTTP/1.1
User-Agent: selenium/4.12.0 (java windows)
Content-Length: 66
Content-Type: application/json; charset=utf-8
host: localhost:8188
accept: */*

Response DefaultHttpResponse(decodeResult: success, version: HTTP/1.1)
HTTP/1.1 404 Not Found
Content-Length: 1053
Content-Type: application/json; charset=utf-8
cache-control: no-cache

15:01:38.668 [AsyncHttpClient-1-2] DEBUG org.asynchttpclient.netty.channel.ChannelManager - Adding key: http://localhost:8188 for channel [id: 0x7e7fae99, L:/127.0.0.1:58419 - R:localhost/127.0.0.1:8188]
Faild to logged in
15:01:38.670 [Forwarding screenshot on session e7854568496515f9a84744633e7cd494 to remote] DEBUG org.asynchttpclient.netty.request.NettyRequestSender - Using pooled Channel '[id: 0x7e7fae99, L:/127.0.0.1:58419 - R:localhost/127.0.0.1:8188]' for 'GET' to 'http://localhost:8188/session/e7854568496515f9a84744633e7cd494/screenshot'
15:01:38.670 [Forwarding screenshot on session e7854568496515f9a84744633e7cd494 to remote] DEBUG org.asynchttpclient.netty.request.NettyRequestSender - Using open Channel [id: 0x7e7fae99, L:/127.0.0.1:58419 - R:localhost/127.0.0.1:8188] for GET '/session/e7854568496515f9a84744633e7cd494/screenshot'
15:01:39.272 [AsyncHttpClient-1-1] DEBUG org.asynchttpclient.netty.channel.DefaultChannelPool - Entry count for : http://localhost:58420 : 1
15:01:39.310 [AsyncHttpClient-1-2] DEBUG org.asynchttpclient.netty.handler.HttpHandler - 

Request DefaultFullHttpRequest(decodeResult: success, version: HTTP/1.1, content: EmptyByteBufBE)
GET /session/e7854568496515f9a84744633e7cd494/screenshot HTTP/1.1
Cache-Control: no-cache
User-Agent: selenium/4.12.0 (java windows)
Content-Type: application/json; charset=utf-8
host: localhost:8188
accept: */*

Response DefaultHttpResponse(decodeResult: success, version: HTTP/1.1)
HTTP/1.1 200 OK
Content-Length: 1196996
Content-Type: application/json; charset=utf-8
cache-control: no-cache

15:01:39.316 [AsyncHttpClient-1-2] DEBUG org.asynchttpclient.netty.channel.ChannelManager - Adding key: http://localhost:8188 for channel [id: 0x7e7fae99, L:/127.0.0.1:58419 - R:localhost/127.0.0.1:8188]
  Then User should be logged in-test             # StepDefination.Signin.user_should_be_logged_in()
15:01:39.402 [AsyncHttpClient-1-4] DEBUG org.asynchttpclient.netty.handler.WebSocketHandler - Channel Closed: [id: 0xd3d15f1c, L:/127.0.0.1:58428 ! R:localhost/127.0.0.1:58420] with attribute DISCARD
15:01:39.402 [Driver Command Executor] DEBUG org.asynchttpclient.netty.request.NettyRequestSender - Using pooled Channel '[id: 0x7e7fae99, L:/127.0.0.1:58419 - R:localhost/127.0.0.1:8188]' for 'DELETE' to 'http://localhost:8188/session/e7854568496515f9a84744633e7cd494'
15:01:39.402 [Driver Command Executor] DEBUG org.asynchttpclient.netty.request.NettyRequestSender - Using open Channel [id: 0x7e7fae99, L:/127.0.0.1:58419 - R:localhost/127.0.0.1:8188] for DELETE '/session/e7854568496515f9a84744633e7cd494'
15:01:39.498 [AsyncHttpClient-1-3] DEBUG org.asynchttpclient.netty.handler.HttpHandler - Unexpected I/O exception on channel [id: 0x225f9ac4, L:/127.0.0.1:58427 - R:localhost/127.0.0.1:58420]
java.net.SocketException: Connection reset
	at java.base/sun.nio.ch.SocketChannelImpl.throwConnectionReset(SocketChannelImpl.java:394)
	at java.base/sun.nio.ch.SocketChannelImpl.read(SocketChannelImpl.java:426)
	at io.netty.buffer.PooledByteBuf.setBytes(PooledByteBuf.java:254)
	at io.netty.buffer.AbstractByteBuf.writeBytes(AbstractByteBuf.java:1132)
	at io.netty.channel.socket.nio.NioSocketChannel.doReadBytes(NioSocketChannel.java:357)
	at io.netty.channel.nio.AbstractNioByteChannel$NioByteUnsafe.read(AbstractNioByteChannel.java:151)
	at io.netty.channel.nio.NioEventLoop.processSelectedKey(NioEventLoop.java:788)
	at io.netty.channel.nio.NioEventLoop.processSelectedKeysOptimized(NioEventLoop.java:724)
	at io.netty.channel.nio.NioEventLoop.processSelectedKeys(NioEventLoop.java:650)
	at io.netty.channel.nio.NioEventLoop.run(NioEventLoop.java:562)
	at io.netty.util.concurrent.SingleThreadEventExecutor$4.run(SingleThreadEventExecutor.java:997)
	at io.netty.util.internal.ThreadExecutorMap$2.run(ThreadExecutorMap.java:74)
	at io.netty.util.concurrent.FastThreadLocalRunnable.run(FastThreadLocalRunnable.java:30)
	at java.base/java.lang.Thread.run(Thread.java:840)
15:01:39.498 [AsyncHttpClient-1-3] DEBUG org.asynchttpclient.netty.channel.ChannelManager - Closing Channel [id: 0x225f9ac4, L:/127.0.0.1:58427 - R:localhost/127.0.0.1:58420] 
15:01:39.498 [AsyncHttpClient-1-3] DEBUG org.asynchttpclient.netty.handler.HttpHandler - Channel Closed: [id: 0x225f9ac4, L:/127.0.0.1:58427 ! R:localhost/127.0.0.1:58420] with attribute DISCARD
15:01:39.553 [AsyncHttpClient-1-2] DEBUG org.asynchttpclient.netty.handler.HttpHandler - 

Request DefaultFullHttpRequest(decodeResult: success, version: HTTP/1.1, content: EmptyByteBufBE)
DELETE /session/e7854568496515f9a84744633e7cd494 HTTP/1.1
User-Agent: selenium/4.12.0 (java windows)
Content-Type: application/json; charset=utf-8
host: localhost:8188
accept: */*

Response DefaultHttpResponse(decodeResult: success, version: HTTP/1.1)
HTTP/1.1 200 OK
Content-Length: 14
Content-Type: application/json; charset=utf-8
cache-control: no-cache

15:01:39.553 [AsyncHttpClient-1-2] DEBUG org.asynchttpclient.netty.channel.ChannelManager - Adding key: http://localhost:8188 for channel [id: 0x7e7fae99, L:/127.0.0.1:58419 - R:localhost/127.0.0.1:8188]
15:01:39.961 [AsyncHttpClient-1-2] DEBUG org.asynchttpclient.netty.handler.HttpHandler - Channel Closed: [id: 0x7e7fae99, L:/127.0.0.1:58419 ! R:localhost/127.0.0.1:8188] with attribute DISCARD
  And Close Window                               # StepDefination.Signin.close_window()
]]></system-out>
    <system-err><![CDATA[Jan 15, 2025 3:00:49 PM org.openqa.selenium.devtools.CdpVersionFinder findNearestMatch
WARNING: Unable to find CDP implementation matching 131
Jan 15, 2025 3:00:49 PM org.openqa.selenium.chromium.ChromiumDriver lambda$new$5
WARNING: Unable to find version of CDP to use for 131.0.6778.265. You may need to include a dependency on a specific version of the CDP using something similar to `org.seleniumhq.selenium:selenium-devtools-v86:4.12.0` where the version ("v86") matches the version of the chromium-based browser you're using and the version number of the artifact is the same as Selenium's.
]]></system-err>
  </testcase>
</testsuite>