<?xml version="1.0" encoding="UTF-8"?>
<testsuite xmlns:xsi="http://www.w3.org/2001/XMLSchema-instance" xsi:noNamespaceSchemaLocation="https://maven.apache.org/surefire/maven-surefire-plugin/xsd/surefire-test-report.xsd" version="3.0.2" name="Test_runner.Run_file" time="198.61" tests="6" errors="1" skipped="0" failures="0">
  <properties>
    <property name="java.specification.version" value="23"/>
    <property name="sun.cpu.isalist" value="amd64"/>
    <property name="sun.jnu.encoding" value="Cp1252"/>
    <property name="java.class.path" value="C:\Users\Aniket Satpute\eclipse-workspace\FleetProject\target\test-classes;C:\Users\Aniket Satpute\eclipse-workspace\FleetProject\target\classes;C:\Windows\system32\config\systemprofile\.m2\repository\io\cucumber\cucumber-java\7.18.1\cucumber-java-7.18.1.jar;C:\Windows\system32\config\systemprofile\.m2\repository\io\cucumber\cucumber-core\7.18.1\cucumber-core-7.18.1.jar;C:\Windows\system32\config\systemprofile\.m2\repository\io\cucumber\cucumber-gherkin\7.18.1\cucumber-gherkin-7.18.1.jar;C:\Windows\system32\config\systemprofile\.m2\repository\io\cucumber\cucumber-gherkin-messages\7.18.1\cucumber-gherkin-messages-7.18.1.jar;C:\Windows\system32\config\systemprofile\.m2\repository\io\cucumber\gherkin\28.0.0\gherkin-28.0.0.jar;C:\Windows\system32\config\systemprofile\.m2\repository\io\cucumber\messages\24.1.0\messages-24.1.0.jar;C:\Windows\system32\config\systemprofile\.m2\repository\io\cucumber\testng-xml-formatter\0.2.0\testng-xml-formatter-0.2.0.jar;C:\Windows\system32\config\systemprofile\.m2\repository\io\cucumber\query\12.2.0\query-12.2.0.jar;C:\Windows\system32\config\systemprofile\.m2\repository\io\cucumber\tag-expressions\6.1.0\tag-expressions-6.1.0.jar;C:\Windows\system32\config\systemprofile\.m2\repository\io\cucumber\cucumber-expressions\17.1.0\cucumber-expressions-17.1.0.jar;C:\Windows\system32\config\systemprofile\.m2\repository\io\cucumber\datatable\7.18.1\datatable-7.18.1.jar;C:\Windows\system32\config\systemprofile\.m2\repository\io\cucumber\cucumber-plugin\7.18.1\cucumber-plugin-7.18.1.jar;C:\Windows\system32\config\systemprofile\.m2\repository\io\cucumber\docstring\7.18.1\docstring-7.18.1.jar;C:\Windows\system32\config\systemprofile\.m2\repository\io\cucumber\html-formatter\21.4.1\html-formatter-21.4.1.jar;C:\Windows\system32\config\systemprofile\.m2\repository\io\cucumber\junit-xml-formatter\0.5.0\junit-xml-formatter-0.5.0.jar;C:\Windows\system32\config\systemprofile\.m2\repository\io\cucumber\ci-environment\10.0.1\ci-environment-10.0.1.jar;C:\Windows\system32\config\systemprofile\.m2\repository\org\apiguardian\apiguardian-api\1.1.2\apiguardian-api-1.1.2.jar;C:\Windows\system32\config\systemprofile\.m2\repository\junit\junit\4.13.1\junit-4.13.1.jar;C:\Windows\system32\config\systemprofile\.m2\repository\org\hamcrest\hamcrest-core\1.3\hamcrest-core-1.3.jar;C:\Windows\system32\config\systemprofile\.m2\repository\io\cucumber\cucumber-junit\7.18.1\cucumber-junit-7.18.1.jar;C:\Windows\system32\config\systemprofile\.m2\repository\org\seleniumhq\selenium\selenium-java\4.12.0\selenium-java-4.12.0.jar;C:\Windows\system32\config\systemprofile\.m2\repository\org\seleniumhq\selenium\selenium-api\4.12.0\selenium-api-4.12.0.jar;C:\Windows\system32\config\systemprofile\.m2\repository\org\seleniumhq\selenium\selenium-chrome-driver\4.12.0\selenium-chrome-driver-4.12.0.jar;C:\Windows\system32\config\systemprofile\.m2\repository\com\google\auto\service\auto-service-annotations\1.1.1\auto-service-annotations-1.1.1.jar;C:\Windows\system32\config\systemprofile\.m2\repository\com\google\guava\guava\32.1.2-jre\guava-32.1.2-jre.jar;C:\Windows\system32\config\systemprofile\.m2\repository\com\google\guava\failureaccess\1.0.1\failureaccess-1.0.1.jar;C:\Windows\system32\config\systemprofile\.m2\repository\com\google\guava\listenablefuture\9999.0-empty-to-avoid-conflict-with-guava\listenablefuture-9999.0-empty-to-avoid-conflict-with-guava.jar;C:\Windows\system32\config\systemprofile\.m2\repository\com\google\code\findbugs\jsr305\3.0.2\jsr305-3.0.2.jar;C:\Windows\system32\config\systemprofile\.m2\repository\org\checkerframework\checker-qual\3.33.0\checker-qual-3.33.0.jar;C:\Windows\system32\config\systemprofile\.m2\repository\com\google\errorprone\error_prone_annotations\2.18.0\error_prone_annotations-2.18.0.jar;C:\Windows\system32\config\systemprofile\.m2\repository\com\google\j2objc\j2objc-annotations\2.8\j2objc-annotations-2.8.jar;C:\Windows\system32\config\systemprofile\.m2\repository\org\seleniumhq\selenium\selenium-chromium-driver\4.12.0\selenium-chromium-driver-4.12.0.jar;C:\Windows\system32\config\systemprofile\.m2\repository\org\seleniumhq\selenium\selenium-json\4.12.0\selenium-json-4.12.0.jar;C:\Windows\system32\config\systemprofile\.m2\repository\org\seleniumhq\selenium\selenium-manager\4.12.0\selenium-manager-4.12.0.jar;C:\Windows\system32\config\systemprofile\.m2\repository\org\seleniumhq\selenium\selenium-devtools-v114\4.12.0\selenium-devtools-v114-4.12.0.jar;C:\Windows\system32\config\systemprofile\.m2\repository\org\seleniumhq\selenium\selenium-devtools-v115\4.12.0\selenium-devtools-v115-4.12.0.jar;C:\Windows\system32\config\systemprofile\.m2\repository\org\seleniumhq\selenium\selenium-devtools-v116\4.12.0\selenium-devtools-v116-4.12.0.jar;C:\Windows\system32\config\systemprofile\.m2\repository\org\seleniumhq\selenium\selenium-devtools-v85\4.12.0\selenium-devtools-v85-4.12.0.jar;C:\Windows\system32\config\systemprofile\.m2\repository\org\seleniumhq\selenium\selenium-edge-driver\4.12.0\selenium-edge-driver-4.12.0.jar;C:\Windows\system32\config\systemprofile\.m2\repository\org\seleniumhq\selenium\selenium-firefox-driver\4.12.0\selenium-firefox-driver-4.12.0.jar;C:\Windows\system32\config\systemprofile\.m2\repository\org\seleniumhq\selenium\selenium-http\4.12.0\selenium-http-4.12.0.jar;C:\Windows\system32\config\systemprofile\.m2\repository\dev\failsafe\failsafe\3.3.2\failsafe-3.3.2.jar;C:\Windows\system32\config\systemprofile\.m2\repository\org\seleniumhq\selenium\selenium-ie-driver\4.12.0\selenium-ie-driver-4.12.0.jar;C:\Windows\system32\config\systemprofile\.m2\repository\org\seleniumhq\selenium\selenium-remote-driver\4.12.0\selenium-remote-driver-4.12.0.jar;C:\Windows\system32\config\systemprofile\.m2\repository\io\netty\netty-buffer\4.1.96.Final\netty-buffer-4.1.96.Final.jar;C:\Windows\system32\config\systemprofile\.m2\repository\io\netty\netty-codec-http\4.1.96.Final\netty-codec-http-4.1.96.Final.jar;C:\Windows\system32\config\systemprofile\.m2\repository\io\netty\netty-codec\4.1.96.Final\netty-codec-4.1.96.Final.jar;C:\Windows\system32\config\systemprofile\.m2\repository\io\netty\netty-handler\4.1.96.Final\netty-handler-4.1.96.Final.jar;C:\Windows\system32\config\systemprofile\.m2\repository\io\netty\netty-common\4.1.96.Final\netty-common-4.1.96.Final.jar;C:\Windows\system32\config\systemprofile\.m2\repository\io\netty\netty-transport-classes-epoll\4.1.96.Final\netty-transport-classes-epoll-4.1.96.Final.jar;C:\Windows\system32\config\systemprofile\.m2\repository\io\netty\netty-transport-classes-kqueue\4.1.96.Final\netty-transport-classes-kqueue-4.1.96.Final.jar;C:\Windows\system32\config\systemprofile\.m2\repository\io\netty\netty-transport-native-epoll\4.1.96.Final\netty-transport-native-epoll-4.1.96.Final.jar;C:\Windows\system32\config\systemprofile\.m2\repository\io\netty\netty-transport-native-kqueue\4.1.96.Final\netty-transport-native-kqueue-4.1.96.Final.jar;C:\Windows\system32\config\systemprofile\.m2\repository\io\netty\netty-transport-native-unix-common\4.1.96.Final\netty-transport-native-unix-common-4.1.96.Final.jar;C:\Windows\system32\config\systemprofile\.m2\repository\io\netty\netty-transport\4.1.96.Final\netty-transport-4.1.96.Final.jar;C:\Windows\system32\config\systemprofile\.m2\repository\io\netty\netty-resolver\4.1.96.Final\netty-resolver-4.1.96.Final.jar;C:\Windows\system32\config\systemprofile\.m2\repository\io\opentelemetry\opentelemetry-api\1.28.0\opentelemetry-api-1.28.0.jar;C:\Windows\system32\config\systemprofile\.m2\repository\io\opentelemetry\opentelemetry-context\1.28.0\opentelemetry-context-1.28.0.jar;C:\Windows\system32\config\systemprofile\.m2\repository\io\opentelemetry\opentelemetry-exporter-logging\1.28.0\opentelemetry-exporter-logging-1.28.0.jar;C:\Windows\system32\config\systemprofile\.m2\repository\io\opentelemetry\opentelemetry-sdk-metrics\1.28.0\opentelemetry-sdk-metrics-1.28.0.jar;C:\Windows\system32\config\systemprofile\.m2\repository\io\opentelemetry\opentelemetry-extension-incubator\1.28.0-alpha\opentelemetry-extension-incubator-1.28.0-alpha.jar;C:\Windows\system32\config\systemprofile\.m2\repository\io\opentelemetry\opentelemetry-sdk-logs\1.28.0\opentelemetry-sdk-logs-1.28.0.jar;C:\Windows\system32\config\systemprofile\.m2\repository\io\opentelemetry\opentelemetry-sdk-common\1.28.0\opentelemetry-sdk-common-1.28.0.jar;C:\Windows\system32\config\systemprofile\.m2\repository\io\opentelemetry\opentelemetry-sdk-extension-autoconfigure-spi\1.28.0\opentelemetry-sdk-extension-autoconfigure-spi-1.28.0.jar;C:\Windows\system32\config\systemprofile\.m2\repository\io\opentelemetry\opentelemetry-sdk-extension-autoconfigure\1.28.0\opentelemetry-sdk-extension-autoconfigure-1.28.0.jar;C:\Windows\system32\config\systemprofile\.m2\repository\io\opentelemetry\opentelemetry-api-events\1.28.0-alpha\opentelemetry-api-events-1.28.0-alpha.jar;C:\Windows\system32\config\systemprofile\.m2\repository\io\opentelemetry\opentelemetry-sdk-trace\1.28.0\opentelemetry-sdk-trace-1.28.0.jar;C:\Windows\system32\config\systemprofile\.m2\repository\io\opentelemetry\opentelemetry-sdk\1.28.0\opentelemetry-sdk-1.28.0.jar;C:\Windows\system32\config\systemprofile\.m2\repository\io\opentelemetry\opentelemetry-semconv\1.28.0-alpha\opentelemetry-semconv-1.28.0-alpha.jar;C:\Windows\system32\config\systemprofile\.m2\repository\net\bytebuddy\byte-buddy\1.14.5\byte-buddy-1.14.5.jar;C:\Windows\system32\config\systemprofile\.m2\repository\org\asynchttpclient\async-http-client\2.12.3\async-http-client-2.12.3.jar;C:\Windows\system32\config\systemprofile\.m2\repository\org\asynchttpclient\async-http-client-netty-utils\2.12.3\async-http-client-netty-utils-2.12.3.jar;C:\Windows\system32\config\systemprofile\.m2\repository\io\netty\netty-codec-socks\4.1.60.Final\netty-codec-socks-4.1.60.Final.jar;C:\Windows\system32\config\systemprofile\.m2\repository\io\netty\netty-handler-proxy\4.1.60.Final\netty-handler-proxy-4.1.60.Final.jar;C:\Windows\system32\config\systemprofile\.m2\repository\io\netty\netty-transport-native-epoll\4.1.60.Final\netty-transport-native-epoll-4.1.60.Final-linux-x86_64.jar;C:\Windows\system32\config\systemprofile\.m2\repository\io\netty\netty-transport-native-kqueue\4.1.60.Final\netty-transport-native-kqueue-4.1.60.Final-osx-x86_64.jar;C:\Windows\system32\config\systemprofile\.m2\repository\org\reactivestreams\reactive-streams\1.0.3\reactive-streams-1.0.3.jar;C:\Windows\system32\config\systemprofile\.m2\repository\com\typesafe\netty\netty-reactive-streams\2.0.4\netty-reactive-streams-2.0.4.jar;C:\Windows\system32\config\systemprofile\.m2\repository\com\sun\activation\jakarta.activation\1.2.2\jakarta.activation-1.2.2.jar;C:\Windows\system32\config\systemprofile\.m2\repository\org\seleniumhq\selenium\selenium-os\4.12.0\selenium-os-4.12.0.jar;C:\Windows\system32\config\systemprofile\.m2\repository\org\apache\commons\commons-exec\1.3\commons-exec-1.3.jar;C:\Windows\system32\config\systemprofile\.m2\repository\org\seleniumhq\selenium\selenium-safari-driver\4.12.0\selenium-safari-driver-4.12.0.jar;C:\Windows\system32\config\systemprofile\.m2\repository\org\seleniumhq\selenium\selenium-support\4.12.0\selenium-support-4.12.0.jar;C:\Windows\system32\config\systemprofile\.m2\repository\ch\qos\logback\logback-classic\1.2.11\logback-classic-1.2.11.jar;C:\Windows\system32\config\systemprofile\.m2\repository\ch\qos\logback\logback-core\1.2.11\logback-core-1.2.11.jar;C:\Windows\system32\config\systemprofile\.m2\repository\org\slf4j\slf4j-simple\2.0.9\slf4j-simple-2.0.9.jar;C:\Windows\system32\config\systemprofile\.m2\repository\org\slf4j\slf4j-api\1.7.36\slf4j-api-1.7.36.jar;"/>
    <property name="java.vm.vendor" value="Oracle Corporation"/>
    <property name="sun.arch.data.model" value="64"/>
    <property name="user.variant" value=""/>
    <property name="java.vendor.url" value="https://java.oracle.com/"/>
    <property name="user.timezone" value="Asia/Calcutta"/>
    <property name="os.name" value="Windows 11"/>
    <property name="java.vm.specification.version" value="23"/>
    <property name="sun.java.launcher" value="SUN_STANDARD"/>
    <property name="user.country" value="IN"/>
    <property name="sun.boot.library.path" value="C:\Program Files\Java\jdk-23\bin"/>
    <property name="sun.java.command" value="C:\Windows\Temp\surefire16190258387008738463\surefirebooter-20250114193405045_3.jar C:\Windows\Temp\surefire16190258387008738463 2025-01-14T19-34-04_902-jvmRun1 surefire-20250114193405045_1tmp surefire_0-20250114193405045_2tmp"/>
    <property name="jdk.debug" value="release"/>
    <property name="surefire.test.class.path" value="C:\Users\Aniket Satpute\eclipse-workspace\FleetProject\target\test-classes;C:\Users\Aniket Satpute\eclipse-workspace\FleetProject\target\classes;C:\Windows\system32\config\systemprofile\.m2\repository\io\cucumber\cucumber-java\7.18.1\cucumber-java-7.18.1.jar;C:\Windows\system32\config\systemprofile\.m2\repository\io\cucumber\cucumber-core\7.18.1\cucumber-core-7.18.1.jar;C:\Windows\system32\config\systemprofile\.m2\repository\io\cucumber\cucumber-gherkin\7.18.1\cucumber-gherkin-7.18.1.jar;C:\Windows\system32\config\systemprofile\.m2\repository\io\cucumber\cucumber-gherkin-messages\7.18.1\cucumber-gherkin-messages-7.18.1.jar;C:\Windows\system32\config\systemprofile\.m2\repository\io\cucumber\gherkin\28.0.0\gherkin-28.0.0.jar;C:\Windows\system32\config\systemprofile\.m2\repository\io\cucumber\messages\24.1.0\messages-24.1.0.jar;C:\Windows\system32\config\systemprofile\.m2\repository\io\cucumber\testng-xml-formatter\0.2.0\testng-xml-formatter-0.2.0.jar;C:\Windows\system32\config\systemprofile\.m2\repository\io\cucumber\query\12.2.0\query-12.2.0.jar;C:\Windows\system32\config\systemprofile\.m2\repository\io\cucumber\tag-expressions\6.1.0\tag-expressions-6.1.0.jar;C:\Windows\system32\config\systemprofile\.m2\repository\io\cucumber\cucumber-expressions\17.1.0\cucumber-expressions-17.1.0.jar;C:\Windows\system32\config\systemprofile\.m2\repository\io\cucumber\datatable\7.18.1\datatable-7.18.1.jar;C:\Windows\system32\config\systemprofile\.m2\repository\io\cucumber\cucumber-plugin\7.18.1\cucumber-plugin-7.18.1.jar;C:\Windows\system32\config\systemprofile\.m2\repository\io\cucumber\docstring\7.18.1\docstring-7.18.1.jar;C:\Windows\system32\config\systemprofile\.m2\repository\io\cucumber\html-formatter\21.4.1\html-formatter-21.4.1.jar;C:\Windows\system32\config\systemprofile\.m2\repository\io\cucumber\junit-xml-formatter\0.5.0\junit-xml-formatter-0.5.0.jar;C:\Windows\system32\config\systemprofile\.m2\repository\io\cucumber\ci-environment\10.0.1\ci-environment-10.0.1.jar;C:\Windows\system32\config\systemprofile\.m2\repository\org\apiguardian\apiguardian-api\1.1.2\apiguardian-api-1.1.2.jar;C:\Windows\system32\config\systemprofile\.m2\repository\junit\junit\4.13.1\junit-4.13.1.jar;C:\Windows\system32\config\systemprofile\.m2\repository\org\hamcrest\hamcrest-core\1.3\hamcrest-core-1.3.jar;C:\Windows\system32\config\systemprofile\.m2\repository\io\cucumber\cucumber-junit\7.18.1\cucumber-junit-7.18.1.jar;C:\Windows\system32\config\systemprofile\.m2\repository\org\seleniumhq\selenium\selenium-java\4.12.0\selenium-java-4.12.0.jar;C:\Windows\system32\config\systemprofile\.m2\repository\org\seleniumhq\selenium\selenium-api\4.12.0\selenium-api-4.12.0.jar;C:\Windows\system32\config\systemprofile\.m2\repository\org\seleniumhq\selenium\selenium-chrome-driver\4.12.0\selenium-chrome-driver-4.12.0.jar;C:\Windows\system32\config\systemprofile\.m2\repository\com\google\auto\service\auto-service-annotations\1.1.1\auto-service-annotations-1.1.1.jar;C:\Windows\system32\config\systemprofile\.m2\repository\com\google\guava\guava\32.1.2-jre\guava-32.1.2-jre.jar;C:\Windows\system32\config\systemprofile\.m2\repository\com\google\guava\failureaccess\1.0.1\failureaccess-1.0.1.jar;C:\Windows\system32\config\systemprofile\.m2\repository\com\google\guava\listenablefuture\9999.0-empty-to-avoid-conflict-with-guava\listenablefuture-9999.0-empty-to-avoid-conflict-with-guava.jar;C:\Windows\system32\config\systemprofile\.m2\repository\com\google\code\findbugs\jsr305\3.0.2\jsr305-3.0.2.jar;C:\Windows\system32\config\systemprofile\.m2\repository\org\checkerframework\checker-qual\3.33.0\checker-qual-3.33.0.jar;C:\Windows\system32\config\systemprofile\.m2\repository\com\google\errorprone\error_prone_annotations\2.18.0\error_prone_annotations-2.18.0.jar;C:\Windows\system32\config\systemprofile\.m2\repository\com\google\j2objc\j2objc-annotations\2.8\j2objc-annotations-2.8.jar;C:\Windows\system32\config\systemprofile\.m2\repository\org\seleniumhq\selenium\selenium-chromium-driver\4.12.0\selenium-chromium-driver-4.12.0.jar;C:\Windows\system32\config\systemprofile\.m2\repository\org\seleniumhq\selenium\selenium-json\4.12.0\selenium-json-4.12.0.jar;C:\Windows\system32\config\systemprofile\.m2\repository\org\seleniumhq\selenium\selenium-manager\4.12.0\selenium-manager-4.12.0.jar;C:\Windows\system32\config\systemprofile\.m2\repository\org\seleniumhq\selenium\selenium-devtools-v114\4.12.0\selenium-devtools-v114-4.12.0.jar;C:\Windows\system32\config\systemprofile\.m2\repository\org\seleniumhq\selenium\selenium-devtools-v115\4.12.0\selenium-devtools-v115-4.12.0.jar;C:\Windows\system32\config\systemprofile\.m2\repository\org\seleniumhq\selenium\selenium-devtools-v116\4.12.0\selenium-devtools-v116-4.12.0.jar;C:\Windows\system32\config\systemprofile\.m2\repository\org\seleniumhq\selenium\selenium-devtools-v85\4.12.0\selenium-devtools-v85-4.12.0.jar;C:\Windows\system32\config\systemprofile\.m2\repository\org\seleniumhq\selenium\selenium-edge-driver\4.12.0\selenium-edge-driver-4.12.0.jar;C:\Windows\system32\config\systemprofile\.m2\repository\org\seleniumhq\selenium\selenium-firefox-driver\4.12.0\selenium-firefox-driver-4.12.0.jar;C:\Windows\system32\config\systemprofile\.m2\repository\org\seleniumhq\selenium\selenium-http\4.12.0\selenium-http-4.12.0.jar;C:\Windows\system32\config\systemprofile\.m2\repository\dev\failsafe\failsafe\3.3.2\failsafe-3.3.2.jar;C:\Windows\system32\config\systemprofile\.m2\repository\org\seleniumhq\selenium\selenium-ie-driver\4.12.0\selenium-ie-driver-4.12.0.jar;C:\Windows\system32\config\systemprofile\.m2\repository\org\seleniumhq\selenium\selenium-remote-driver\4.12.0\selenium-remote-driver-4.12.0.jar;C:\Windows\system32\config\systemprofile\.m2\repository\io\netty\netty-buffer\4.1.96.Final\netty-buffer-4.1.96.Final.jar;C:\Windows\system32\config\systemprofile\.m2\repository\io\netty\netty-codec-http\4.1.96.Final\netty-codec-http-4.1.96.Final.jar;C:\Windows\system32\config\systemprofile\.m2\repository\io\netty\netty-codec\4.1.96.Final\netty-codec-4.1.96.Final.jar;C:\Windows\system32\config\systemprofile\.m2\repository\io\netty\netty-handler\4.1.96.Final\netty-handler-4.1.96.Final.jar;C:\Windows\system32\config\systemprofile\.m2\repository\io\netty\netty-common\4.1.96.Final\netty-common-4.1.96.Final.jar;C:\Windows\system32\config\systemprofile\.m2\repository\io\netty\netty-transport-classes-epoll\4.1.96.Final\netty-transport-classes-epoll-4.1.96.Final.jar;C:\Windows\system32\config\systemprofile\.m2\repository\io\netty\netty-transport-classes-kqueue\4.1.96.Final\netty-transport-classes-kqueue-4.1.96.Final.jar;C:\Windows\system32\config\systemprofile\.m2\repository\io\netty\netty-transport-native-epoll\4.1.96.Final\netty-transport-native-epoll-4.1.96.Final.jar;C:\Windows\system32\config\systemprofile\.m2\repository\io\netty\netty-transport-native-kqueue\4.1.96.Final\netty-transport-native-kqueue-4.1.96.Final.jar;C:\Windows\system32\config\systemprofile\.m2\repository\io\netty\netty-transport-native-unix-common\4.1.96.Final\netty-transport-native-unix-common-4.1.96.Final.jar;C:\Windows\system32\config\systemprofile\.m2\repository\io\netty\netty-transport\4.1.96.Final\netty-transport-4.1.96.Final.jar;C:\Windows\system32\config\systemprofile\.m2\repository\io\netty\netty-resolver\4.1.96.Final\netty-resolver-4.1.96.Final.jar;C:\Windows\system32\config\systemprofile\.m2\repository\io\opentelemetry\opentelemetry-api\1.28.0\opentelemetry-api-1.28.0.jar;C:\Windows\system32\config\systemprofile\.m2\repository\io\opentelemetry\opentelemetry-context\1.28.0\opentelemetry-context-1.28.0.jar;C:\Windows\system32\config\systemprofile\.m2\repository\io\opentelemetry\opentelemetry-exporter-logging\1.28.0\opentelemetry-exporter-logging-1.28.0.jar;C:\Windows\system32\config\systemprofile\.m2\repository\io\opentelemetry\opentelemetry-sdk-metrics\1.28.0\opentelemetry-sdk-metrics-1.28.0.jar;C:\Windows\system32\config\systemprofile\.m2\repository\io\opentelemetry\opentelemetry-extension-incubator\1.28.0-alpha\opentelemetry-extension-incubator-1.28.0-alpha.jar;C:\Windows\system32\config\systemprofile\.m2\repository\io\opentelemetry\opentelemetry-sdk-logs\1.28.0\opentelemetry-sdk-logs-1.28.0.jar;C:\Windows\system32\config\systemprofile\.m2\repository\io\opentelemetry\opentelemetry-sdk-common\1.28.0\opentelemetry-sdk-common-1.28.0.jar;C:\Windows\system32\config\systemprofile\.m2\repository\io\opentelemetry\opentelemetry-sdk-extension-autoconfigure-spi\1.28.0\opentelemetry-sdk-extension-autoconfigure-spi-1.28.0.jar;C:\Windows\system32\config\systemprofile\.m2\repository\io\opentelemetry\opentelemetry-sdk-extension-autoconfigure\1.28.0\opentelemetry-sdk-extension-autoconfigure-1.28.0.jar;C:\Windows\system32\config\systemprofile\.m2\repository\io\opentelemetry\opentelemetry-api-events\1.28.0-alpha\opentelemetry-api-events-1.28.0-alpha.jar;C:\Windows\system32\config\systemprofile\.m2\repository\io\opentelemetry\opentelemetry-sdk-trace\1.28.0\opentelemetry-sdk-trace-1.28.0.jar;C:\Windows\system32\config\systemprofile\.m2\repository\io\opentelemetry\opentelemetry-sdk\1.28.0\opentelemetry-sdk-1.28.0.jar;C:\Windows\system32\config\systemprofile\.m2\repository\io\opentelemetry\opentelemetry-semconv\1.28.0-alpha\opentelemetry-semconv-1.28.0-alpha.jar;C:\Windows\system32\config\systemprofile\.m2\repository\net\bytebuddy\byte-buddy\1.14.5\byte-buddy-1.14.5.jar;C:\Windows\system32\config\systemprofile\.m2\repository\org\asynchttpclient\async-http-client\2.12.3\async-http-client-2.12.3.jar;C:\Windows\system32\config\systemprofile\.m2\repository\org\asynchttpclient\async-http-client-netty-utils\2.12.3\async-http-client-netty-utils-2.12.3.jar;C:\Windows\system32\config\systemprofile\.m2\repository\io\netty\netty-codec-socks\4.1.60.Final\netty-codec-socks-4.1.60.Final.jar;C:\Windows\system32\config\systemprofile\.m2\repository\io\netty\netty-handler-proxy\4.1.60.Final\netty-handler-proxy-4.1.60.Final.jar;C:\Windows\system32\config\systemprofile\.m2\repository\io\netty\netty-transport-native-epoll\4.1.60.Final\netty-transport-native-epoll-4.1.60.Final-linux-x86_64.jar;C:\Windows\system32\config\systemprofile\.m2\repository\io\netty\netty-transport-native-kqueue\4.1.60.Final\netty-transport-native-kqueue-4.1.60.Final-osx-x86_64.jar;C:\Windows\system32\config\systemprofile\.m2\repository\org\reactivestreams\reactive-streams\1.0.3\reactive-streams-1.0.3.jar;C:\Windows\system32\config\systemprofile\.m2\repository\com\typesafe\netty\netty-reactive-streams\2.0.4\netty-reactive-streams-2.0.4.jar;C:\Windows\system32\config\systemprofile\.m2\repository\com\sun\activation\jakarta.activation\1.2.2\jakarta.activation-1.2.2.jar;C:\Windows\system32\config\systemprofile\.m2\repository\org\seleniumhq\selenium\selenium-os\4.12.0\selenium-os-4.12.0.jar;C:\Windows\system32\config\systemprofile\.m2\repository\org\apache\commons\commons-exec\1.3\commons-exec-1.3.jar;C:\Windows\system32\config\systemprofile\.m2\repository\org\seleniumhq\selenium\selenium-safari-driver\4.12.0\selenium-safari-driver-4.12.0.jar;C:\Windows\system32\config\systemprofile\.m2\repository\org\seleniumhq\selenium\selenium-support\4.12.0\selenium-support-4.12.0.jar;C:\Windows\system32\config\systemprofile\.m2\repository\ch\qos\logback\logback-classic\1.2.11\logback-classic-1.2.11.jar;C:\Windows\system32\config\systemprofile\.m2\repository\ch\qos\logback\logback-core\1.2.11\logback-core-1.2.11.jar;C:\Windows\system32\config\systemprofile\.m2\repository\org\slf4j\slf4j-simple\2.0.9\slf4j-simple-2.0.9.jar;C:\Windows\system32\config\systemprofile\.m2\repository\org\slf4j\slf4j-api\1.7.36\slf4j-api-1.7.36.jar;"/>
    <property name="sun.cpu.endian" value="little"/>
    <property name="user.home" value="C:\Windows\system32\config\systemprofile"/>
    <property name="user.language" value="en"/>
    <property name="java.specification.vendor" value="Oracle Corporation"/>
    <property name="java.version.date" value="2024-10-15"/>
    <property name="java.home" value="C:\Program Files\Java\jdk-23"/>
    <property name="file.separator" value="\"/>
    <property name="basedir" value="C:\Users\Aniket Satpute\eclipse-workspace\FleetProject"/>
    <property name="java.vm.compressedOopsMode" value="Zero based"/>
    <property name="line.separator" value="&#10;"/>
    <property name="java.vm.specification.vendor" value="Oracle Corporation"/>
    <property name="java.specification.name" value="Java Platform API Specification"/>
    <property name="surefire.real.class.path" value="C:\Windows\Temp\surefire16190258387008738463\surefirebooter-20250114193405045_3.jar"/>
    <property name="user.script" value=""/>
    <property name="sun.management.compiler" value="HotSpot 64-Bit Tiered Compilers"/>
    <property name="java.runtime.version" value="23.0.1+11-39"/>
    <property name="user.name" value="LAPTOP-CVFT5I5U$"/>
    <property name="stdout.encoding" value="Cp1252"/>
    <property name="path.separator" value=";"/>
    <property name="os.version" value="10.0"/>
    <property name="java.runtime.name" value="Java(TM) SE Runtime Environment"/>
    <property name="file.encoding" value="UTF-8"/>
    <property name="java.vm.name" value="Java HotSpot(TM) 64-Bit Server VM"/>
    <property name="localRepository" value="C:\Windows\system32\config\systemprofile\.m2\repository"/>
    <property name="java.vendor.url.bug" value="https://bugreport.java.com/bugreport/"/>
    <property name="java.io.tmpdir" value="C:\Windows\TEMP\"/>
    <property name="java.version" value="23.0.1"/>
    <property name="user.dir" value="C:\Users\Aniket Satpute\eclipse-workspace\FleetProject"/>
    <property name="os.arch" value="amd64"/>
    <property name="java.vm.specification.name" value="Java Virtual Machine Specification"/>
    <property name="sun.os.patch.level" value=""/>
    <property name="native.encoding" value="Cp1252"/>
    <property name="java.library.path" value="C:\Program Files\Java\jdk-23\bin;C:\Windows\Sun\Java\bin;C:\Windows\system32;C:\Windows;C:\apache-maven-3.9.9-bin\apache-maven-3.9.9/bin;C:\Program Files\Java\jdk-23/bin;C:\Program Files\Java\jdk-23/bin;C:\Program Files\Common Files\Oracle\Java\javapath;C:\Program Files (x86)\Common Files\Oracle\Java\java8path;C:\Program Files (x86)\Common Files\Oracle\Java\javapath;C:\Python312\Scripts\;C:\Python312\;C:\Windows\system32;C:\Windows;C:\Windows\System32\Wbem;C:\Windows\System32\WindowsPowerShell\v1.0\;C:\Windows\System32\OpenSSH\;C:\Program Files (x86)\NVIDIA Corporation\PhysX\Common;C:\Program Files\NVIDIA Corporation\NVIDIA NvDLISR;C:\Program Files\Microsoft SQL Server\150\Tools\Binn\;C:\Program Files\MySQL\MySQL Server 8.0\bin;C:\ProgramData\chocolatey\bin;C:\Program Files\Java\jdk-21\bin;C:\Program Files (x86)\Java\jre1.8.0_421\bin;C:\Program Files (x86)\Java\jre1.8.0_421\bin\bin;C:\Program Files\Java\jdk-23\bin;C:\Users\Aniket Satpute\OneDrive\Desktop\javapractice\Oracle_JDK-23\bin;C:\apache-maven-3.9.9-bin\apache-maven-3.9.9\bin;C:\apache-maven-3.9.9-bin\apache-maven-3.9.9\bin;C:\apache-maven-3.9.9-bin\apache-maven-3.9.9\bin;C:\Program Files\Java\jdk-23\bin;C:\Program Files\Java\jdk-23\bin;C:\Windows\system32\config\systemprofile\AppData\Local\Microsoft\WindowsApps;."/>
    <property name="java.vm.info" value="mixed mode, sharing"/>
    <property name="stderr.encoding" value="Cp1252"/>
    <property name="java.vendor" value="Oracle Corporation"/>
    <property name="java.vm.version" value="23.0.1+11-39"/>
    <property name="sun.io.unicode.encoding" value="UnicodeLittle"/>
    <property name="java.class.version" value="67.0"/>
  </properties>
  <testcase name="Add single customer with all details" classname="Customer Onboarding form" time="58.529">
    <error message="no such element: Unable to locate element: {&quot;method&quot;:&quot;xpath&quot;,&quot;selector&quot;:&quot;//input[@name=&apos;companyName&apos; and @placeholder=&apos;Enter Customer Name&apos;]&quot;}&#10;  (Session info: chrome=131.0.6778.265)&#10;For documentation on this error, please visit: https://www.selenium.dev/documentation/webdriver/troubleshooting/errors#no-such-element-exception&#10;Build info: version: &apos;4.12.0&apos;, revision: &apos;249f2a7d1b*&apos;&#10;System info: os.name: &apos;Windows 11&apos;, os.arch: &apos;amd64&apos;, os.version: &apos;10.0&apos;, java.version: &apos;23.0.1&apos;&#10;Driver info: org.openqa.selenium.chrome.ChromeDriver&#10;Command: [0db3092b7c6ee490e0b2cf8813e970df, findElement {using=xpath, value=//input[@name=&apos;companyName&apos; and @placeholder=&apos;Enter Customer Name&apos;]}]&#10;Capabilities {acceptInsecureCerts: false, browserName: chrome, browserVersion: 131.0.6778.265, chrome: {chromedriverVersion: 131.0.6778.204 (52183f9e99a..., userDataDir: C:\Windows\SystemTemp\scope...}, fedcm:accounts: true, goog:chromeOptions: {debuggerAddress: localhost:50274}, networkConnectionEnabled: false, pageLoadStrategy: normal, platformName: windows, proxy: Proxy(), se:cdp: ws://localhost:50274/devtoo..., se:cdpVersion: 131.0.6778.265, setWindowRect: true, strictFileInteractability: false, timeouts: {implicit: 0, pageLoad: 300000, script: 30000}, unhandledPromptBehavior: dismiss and notify, webauthn:extension:credBlob: true, webauthn:extension:largeBlob: true, webauthn:extension:minPinLength: true, webauthn:extension:prf: true, webauthn:virtualAuthenticators: true}&#10;Session ID: 0db3092b7c6ee490e0b2cf8813e970df" type="org.openqa.selenium.NoSuchElementException"><![CDATA[org.openqa.selenium.NoSuchElementException: 
no such element: Unable to locate element: {"method":"xpath","selector":"//input[@name='companyName' and @placeholder='Enter Customer Name']"}
  (Session info: chrome=131.0.6778.265)
For documentation on this error, please visit: https://www.selenium.dev/documentation/webdriver/troubleshooting/errors#no-such-element-exception
Build info: version: '4.12.0', revision: '249f2a7d1b*'
System info: os.name: 'Windows 11', os.arch: 'amd64', os.version: '10.0', java.version: '23.0.1'
Driver info: org.openqa.selenium.chrome.ChromeDriver
Command: [0db3092b7c6ee490e0b2cf8813e970df, findElement {using=xpath, value=//input[@name='companyName' and @placeholder='Enter Customer Name']}]
Capabilities {acceptInsecureCerts: false, browserName: chrome, browserVersion: 131.0.6778.265, chrome: {chromedriverVersion: 131.0.6778.204 (52183f9e99a..., userDataDir: C:\Windows\SystemTemp\scope...}, fedcm:accounts: true, goog:chromeOptions: {debuggerAddress: localhost:50274}, networkConnectionEnabled: false, pageLoadStrategy: normal, platformName: windows, proxy: Proxy(), se:cdp: ws://localhost:50274/devtoo..., se:cdpVersion: 131.0.6778.265, setWindowRect: true, strictFileInteractability: false, timeouts: {implicit: 0, pageLoad: 300000, script: 30000}, unhandledPromptBehavior: dismiss and notify, webauthn:extension:credBlob: true, webauthn:extension:largeBlob: true, webauthn:extension:minPinLength: true, webauthn:extension:prf: true, webauthn:virtualAuthenticators: true}
Session ID: 0db3092b7c6ee490e0b2cf8813e970df
	at java.base/jdk.internal.reflect.DirectConstructorHandleAccessor.newInstance(DirectConstructorHandleAccessor.java:62)
	at java.base/java.lang.reflect.Constructor.newInstanceWithCaller(Constructor.java:501)
	at java.base/java.lang.reflect.Constructor.newInstance(Constructor.java:485)
	at org.openqa.selenium.remote.codec.w3c.W3CHttpResponseCodec.createException(W3CHttpResponseCodec.java:200)
	at org.openqa.selenium.remote.codec.w3c.W3CHttpResponseCodec.decode(W3CHttpResponseCodec.java:133)
	at org.openqa.selenium.remote.codec.w3c.W3CHttpResponseCodec.decode(W3CHttpResponseCodec.java:52)
	at org.openqa.selenium.remote.HttpCommandExecutor.execute(HttpCommandExecutor.java:191)
	at org.openqa.selenium.remote.service.DriverCommandExecutor.invokeExecute(DriverCommandExecutor.java:196)
	at org.openqa.selenium.remote.service.DriverCommandExecutor.execute(DriverCommandExecutor.java:171)
	at org.openqa.selenium.remote.RemoteWebDriver.execute(RemoteWebDriver.java:602)
	at org.openqa.selenium.remote.ElementLocation$ElementFinder$2.findElement(ElementLocation.java:165)
	at org.openqa.selenium.remote.ElementLocation.findElement(ElementLocation.java:59)
	at org.openqa.selenium.remote.RemoteWebDriver.findElement(RemoteWebDriver.java:359)
	at org.openqa.selenium.remote.RemoteWebDriver.findElement(RemoteWebDriver.java:353)
	at org.openqa.selenium.support.pagefactory.DefaultElementLocator.findElement(DefaultElementLocator.java:68)
	at org.openqa.selenium.support.pagefactory.internal.LocatingElementHandler.invoke(LocatingElementHandler.java:38)
	at jdk.proxy2/jdk.proxy2.$Proxy23.sendKeys(Unknown Source)
	at PageObjects.Customer_objects.Enter_Company_details(Customer_objects.java:124)
	at StepDefination.Customer_onboarding.Provide_the_customer_Details(Customer_onboarding.java:45)
	at ✽.Provide the company DetailsRoyal_Steel 447788 Sara_Sharma www.royal.com(file:///C:/Users/Aniket%20Satpute/eclipse-workspace/FleetProject/src/test/resources/Customers/Customer_form.feature:7)
]]></error>
    <system-out><![CDATA[
Scenario Outline: Add single customer with all details                        # src/test/resources/Customers/Customer_form.feature:20
19:34:08.324 [main] DEBUG io.netty.util.internal.logging.InternalLoggerFactory - Using SLF4J as the default logging framework
19:34:08.334 [main] DEBUG io.netty.util.ResourceLeakDetector - -Dio.netty.leakDetection.level: simple
19:34:08.334 [main] DEBUG io.netty.util.ResourceLeakDetector - -Dio.netty.leakDetection.targetRecords: 4
19:34:08.334 [main] DEBUG io.netty.util.ResourceLeakDetectorFactory - Loaded default ResourceLeakDetector: io.netty.util.ResourceLeakDetector@5217f3d0
19:34:08.350 [main] DEBUG io.netty.util.internal.PlatformDependent0 - -Dio.netty.noUnsafe: false
19:34:08.350 [main] DEBUG io.netty.util.internal.PlatformDependent0 - Java version: 23
19:34:08.350 [main] DEBUG io.netty.util.internal.PlatformDependent0 - sun.misc.Unsafe.theUnsafe: available
19:34:08.350 [main] DEBUG io.netty.util.internal.PlatformDependent0 - sun.misc.Unsafe.copyMemory: available
19:34:08.350 [main] DEBUG io.netty.util.internal.PlatformDependent0 - sun.misc.Unsafe.storeFence: available
19:34:08.350 [main] DEBUG io.netty.util.internal.PlatformDependent0 - java.nio.Buffer.address: available
19:34:08.350 [main] DEBUG io.netty.util.internal.PlatformDependent0 - direct buffer constructor: unavailable: Reflective setAccessible(true) disabled
19:34:08.350 [main] DEBUG io.netty.util.internal.PlatformDependent0 - java.nio.Bits.unaligned: available, true
19:34:08.350 [main] DEBUG io.netty.util.internal.PlatformDependent0 - jdk.internal.misc.Unsafe.allocateUninitializedArray(int): unavailable: class io.netty.util.internal.PlatformDependent0$7 cannot access class jdk.internal.misc.Unsafe (in module java.base) because module java.base does not export jdk.internal.misc to unnamed module @57fffcd7
19:34:08.350 [main] DEBUG io.netty.util.internal.PlatformDependent0 - java.nio.DirectByteBuffer.<init>(long, {int,long}): unavailable
19:34:08.350 [main] DEBUG io.netty.util.internal.PlatformDependent - sun.misc.Unsafe: available
19:34:08.350 [main] DEBUG io.netty.util.internal.PlatformDependent - maxDirectMemory: 4219469824 bytes (maybe)
19:34:08.350 [main] DEBUG io.netty.util.internal.PlatformDependent - -Dio.netty.tmpdir: C:\Windows\TEMP (java.io.tmpdir)
19:34:08.350 [main] DEBUG io.netty.util.internal.PlatformDependent - -Dio.netty.bitMode: 64 (sun.arch.data.model)
19:34:08.350 [main] DEBUG io.netty.util.internal.PlatformDependent - Platform: Windows
19:34:08.350 [main] DEBUG io.netty.util.internal.PlatformDependent - -Dio.netty.maxDirectMemory: -1 bytes
19:34:08.350 [main] DEBUG io.netty.util.internal.PlatformDependent - -Dio.netty.uninitializedArrayAllocationThreshold: -1
19:34:08.350 [main] DEBUG io.netty.util.internal.CleanerJava9 - java.nio.ByteBuffer.cleaner(): available
19:34:08.350 [main] DEBUG io.netty.util.internal.PlatformDependent - -Dio.netty.noPreferDirect: false
19:34:08.366 [main] DEBUG io.netty.util.internal.PlatformDependent - org.jctools-core.MpscChunkedArrayQueue: available
19:34:08.366 [main] DEBUG io.netty.util.internal.InternalThreadLocalMap - -Dio.netty.threadLocalMap.stringBuilder.initialSize: 1024
19:34:08.366 [main] DEBUG io.netty.util.internal.InternalThreadLocalMap - -Dio.netty.threadLocalMap.stringBuilder.maxSize: 4096
19:34:08.524 [main] DEBUG io.netty.handler.ssl.JdkSslContext - Default protocols (JDK): [TLSv1.3, TLSv1.2] 
19:34:08.524 [main] DEBUG io.netty.handler.ssl.JdkSslContext - Default cipher suites (JDK): [TLS_ECDHE_ECDSA_WITH_AES_256_GCM_SHA384, TLS_ECDHE_ECDSA_WITH_AES_128_GCM_SHA256, TLS_ECDHE_RSA_WITH_AES_128_GCM_SHA256, TLS_ECDHE_RSA_WITH_AES_256_GCM_SHA384, TLS_ECDHE_RSA_WITH_AES_128_CBC_SHA, TLS_ECDHE_RSA_WITH_AES_256_CBC_SHA, TLS_RSA_WITH_AES_128_GCM_SHA256, TLS_RSA_WITH_AES_128_CBC_SHA, TLS_RSA_WITH_AES_256_CBC_SHA, TLS_AES_128_GCM_SHA256, TLS_AES_256_GCM_SHA384]
19:34:08.526 [main] DEBUG io.netty.util.concurrent.GlobalEventExecutor - -Dio.netty.globalEventExecutor.quietPeriodSeconds: 1
19:34:08.541 [main] DEBUG io.netty.channel.MultithreadEventLoopGroup - -Dio.netty.eventLoopThreads: 24
19:34:08.556 [main] DEBUG io.netty.channel.nio.NioEventLoop - -Dio.netty.noKeySetOptimization: false
19:34:08.556 [main] DEBUG io.netty.channel.nio.NioEventLoop - -Dio.netty.selectorAutoRebuildThreshold: 512
19:34:08.619 [main] DEBUG io.netty.buffer.PooledByteBufAllocator - -Dio.netty.allocator.numHeapArenas: 24
19:34:08.619 [main] DEBUG io.netty.buffer.PooledByteBufAllocator - -Dio.netty.allocator.numDirectArenas: 24
19:34:08.619 [main] DEBUG io.netty.buffer.PooledByteBufAllocator - -Dio.netty.allocator.pageSize: 8192
19:34:08.619 [main] DEBUG io.netty.buffer.PooledByteBufAllocator - -Dio.netty.allocator.maxOrder: 9
19:34:08.619 [main] DEBUG io.netty.buffer.PooledByteBufAllocator - -Dio.netty.allocator.chunkSize: 4194304
19:34:08.619 [main] DEBUG io.netty.buffer.PooledByteBufAllocator - -Dio.netty.allocator.smallCacheSize: 256
19:34:08.619 [main] DEBUG io.netty.buffer.PooledByteBufAllocator - -Dio.netty.allocator.normalCacheSize: 64
19:34:08.619 [main] DEBUG io.netty.buffer.PooledByteBufAllocator - -Dio.netty.allocator.maxCachedBufferCapacity: 32768
19:34:08.619 [main] DEBUG io.netty.buffer.PooledByteBufAllocator - -Dio.netty.allocator.cacheTrimInterval: 8192
19:34:08.619 [main] DEBUG io.netty.buffer.PooledByteBufAllocator - -Dio.netty.allocator.cacheTrimIntervalMillis: 0
19:34:08.619 [main] DEBUG io.netty.buffer.PooledByteBufAllocator - -Dio.netty.allocator.useCacheForAllThreads: false
19:34:08.619 [main] DEBUG io.netty.buffer.PooledByteBufAllocator - -Dio.netty.allocator.maxCachedByteBuffersPerChunk: 1023
19:34:08.625 [main] DEBUG io.netty.buffer.ByteBufUtil - -Dio.netty.allocator.type: pooled
19:34:08.625 [main] DEBUG io.netty.buffer.ByteBufUtil - -Dio.netty.threadLocalDirectBufferSize: 0
19:34:08.625 [main] DEBUG io.netty.buffer.ByteBufUtil - -Dio.netty.maxThreadLocalCharBufferSize: 16384
19:34:09.025 [Forwarding newSession on session null to remote] DEBUG io.netty.channel.DefaultChannelId - -Dio.netty.processId: 37168 (auto-detected)
19:34:09.025 [Forwarding newSession on session null to remote] DEBUG io.netty.util.NetUtil - -Djava.net.preferIPv4Stack: false
19:34:09.025 [Forwarding newSession on session null to remote] DEBUG io.netty.util.NetUtil - -Djava.net.preferIPv6Addresses: false
19:34:09.040 [Forwarding newSession on session null to remote] DEBUG io.netty.util.NetUtilInitializations - Loopback interface: loopback_0 (Software Loopback Interface 1, 0:0:0:0:0:0:0:1)
19:34:09.040 [Forwarding newSession on session null to remote] DEBUG io.netty.util.NetUtil - Failed to get SOMAXCONN from sysctl and file \proc\sys\net\core\somaxconn. Default: 200
19:34:09.040 [Forwarding newSession on session null to remote] DEBUG io.netty.channel.DefaultChannelId - -Dio.netty.machineId: c0:18:50:ff:fe:fd:01:01 (auto-detected)
19:34:09.073 [AsyncHttpClient-1-2] DEBUG io.netty.buffer.AbstractByteBuf - -Dio.netty.buffer.checkAccessible: true
19:34:09.073 [AsyncHttpClient-1-2] DEBUG io.netty.buffer.AbstractByteBuf - -Dio.netty.buffer.checkBounds: true
19:34:09.073 [AsyncHttpClient-1-2] DEBUG io.netty.util.ResourceLeakDetectorFactory - Loaded default ResourceLeakDetector: io.netty.util.ResourceLeakDetector@6f4d8bb0
19:34:09.073 [AsyncHttpClient-1-2] DEBUG org.asynchttpclient.netty.channel.NettyConnectListener - Using new Channel '[id: 0x6340ada6, L:/127.0.0.1:50272 - R:localhost/127.0.0.1:2054]' for 'POST' to '/session'
19:34:09.088 [AsyncHttpClient-1-2] DEBUG io.netty.util.Recycler - -Dio.netty.recycler.maxCapacityPerThread: 4096
19:34:09.088 [AsyncHttpClient-1-2] DEBUG io.netty.util.Recycler - -Dio.netty.recycler.ratio: 8
19:34:09.088 [AsyncHttpClient-1-2] DEBUG io.netty.util.Recycler - -Dio.netty.recycler.chunkSize: 32
19:34:09.088 [AsyncHttpClient-1-2] DEBUG io.netty.util.Recycler - -Dio.netty.recycler.blocking: false
19:34:09.088 [AsyncHttpClient-1-2] DEBUG io.netty.util.Recycler - -Dio.netty.recycler.batchFastThreadLocalOnly: true
19:34:09.967 [AsyncHttpClient-1-2] DEBUG io.netty.handler.codec.compression.Brotli - brotli4j not in the classpath; Brotli support will be unavailable.
19:34:09.967 [AsyncHttpClient-1-2] DEBUG org.asynchttpclient.netty.handler.HttpHandler - 

Request DefaultHttpRequest(decodeResult: success, version: HTTP/1.1)
POST /session HTTP/1.1
User-Agent: selenium/4.12.0 (java windows)
Content-Length: 254
Content-Type: application/json; charset=utf-8
host: localhost:2054
accept: */*

Response DefaultHttpResponse(decodeResult: success, version: HTTP/1.1)
HTTP/1.1 200 OK
Content-Length: 869
Content-Type: application/json; charset=utf-8
cache-control: no-cache

19:34:09.971 [AsyncHttpClient-1-2] DEBUG org.asynchttpclient.netty.channel.ChannelManager - Adding key: http://localhost:2054 for channel [id: 0x6340ada6, L:/127.0.0.1:50272 - R:localhost/127.0.0.1:2054]
19:34:10.018 [AsyncHttpClient-1-3] DEBUG org.asynchttpclient.netty.channel.NettyConnectListener - Using new Channel '[id: 0x26230e8e, L:/127.0.0.1:50280 - R:localhost/127.0.0.1:50274]' for 'GET' to '/json/version'
19:34:10.026 [AsyncHttpClient-1-3] DEBUG org.asynchttpclient.netty.handler.HttpHandler - 

Request DefaultFullHttpRequest(decodeResult: success, version: HTTP/1.1, content: EmptyByteBufBE)
GET /json/version HTTP/1.1
User-Agent: selenium/4.12.0 (java windows)
host: localhost:50274
accept: */*

Response DefaultHttpResponse(decodeResult: success, version: HTTP/1.1)
HTTP/1.1 200 OK
Content-Security-Policy: frame-ancestors 'none'
Content-Length: 424
Content-Type: application/json; charset=UTF-8

19:34:10.026 [AsyncHttpClient-1-3] DEBUG org.asynchttpclient.netty.channel.ChannelManager - Adding key: http://localhost:50274 for channel [id: 0x26230e8e, L:/127.0.0.1:50280 - R:localhost/127.0.0.1:50274]
19:34:10.034 [main] DEBUG io.netty.util.internal.ThreadLocalRandom - -Dio.netty.initialSeedUniquifier: 0x2e5a3e016ee93909
19:34:10.034 [AsyncHttpClient-1-4] DEBUG org.asynchttpclient.netty.channel.NettyConnectListener - Using new Channel '[id: 0x5ed91545, L:/127.0.0.1:50281 - R:localhost/127.0.0.1:50274]' for 'GET' to '/devtools/browser/a1b7443e-07fe-452c-b748-f5f5ece4adae'
19:34:10.034 [AsyncHttpClient-1-4] DEBUG org.asynchttpclient.netty.handler.WebSocketHandler - 

Request DefaultFullHttpRequest(decodeResult: success, version: HTTP/1.1, content: EmptyByteBufBE)
GET /devtools/browser/a1b7443e-07fe-452c-b748-f5f5ece4adae HTTP/1.1
upgrade: websocket
connection: upgrade
sec-websocket-key: 40geh8EoQl0BnuJedaBRTg==
sec-websocket-version: 13
origin: http://localhost:50274
host: localhost:50274
accept: */*
user-agent: AHC/2.1

Response DefaultHttpResponse(decodeResult: success, version: HTTP/1.1)
HTTP/1.1 101 WebSocket Protocol Handshake
Upgrade: WebSocket
Connection: Upgrade
Sec-WebSocket-Accept: A33b7OrdOacpiVqUoOs38dNnpvE=

19:34:10.090 [Forwarding get on session 0db3092b7c6ee490e0b2cf8813e970df to remote] DEBUG org.asynchttpclient.netty.request.NettyRequestSender - Using pooled Channel '[id: 0x6340ada6, L:/127.0.0.1:50272 - R:localhost/127.0.0.1:2054]' for 'POST' to 'http://localhost:2054/session/0db3092b7c6ee490e0b2cf8813e970df/url'
19:34:10.090 [Forwarding get on session 0db3092b7c6ee490e0b2cf8813e970df to remote] DEBUG org.asynchttpclient.netty.request.NettyRequestSender - Using open Channel [id: 0x6340ada6, L:/127.0.0.1:50272 - R:localhost/127.0.0.1:2054] for POST '/session/0db3092b7c6ee490e0b2cf8813e970df/url'
19:34:10.671 [AsyncHttpClient-1-1] DEBUG org.asynchttpclient.netty.channel.DefaultChannelPool - Entry count for : http://localhost:50274 : 1
19:34:11.770 [AsyncHttpClient-1-1] DEBUG org.asynchttpclient.netty.channel.DefaultChannelPool - Entry count for : http://localhost:50274 : 1
19:34:12.870 [AsyncHttpClient-1-1] DEBUG org.asynchttpclient.netty.channel.DefaultChannelPool - Entry count for : http://localhost:50274 : 1
19:34:13.975 [AsyncHttpClient-1-1] DEBUG org.asynchttpclient.netty.channel.DefaultChannelPool - Entry count for : http://localhost:50274 : 1
19:34:15.072 [AsyncHttpClient-1-1] DEBUG org.asynchttpclient.netty.channel.DefaultChannelPool - Entry count for : http://localhost:50274 : 1
19:34:16.171 [AsyncHttpClient-1-1] DEBUG org.asynchttpclient.netty.channel.DefaultChannelPool - Entry count for : http://localhost:50274 : 1
19:34:17.270 [AsyncHttpClient-1-1] DEBUG org.asynchttpclient.netty.channel.DefaultChannelPool - Entry count for : http://localhost:50274 : 1
19:34:18.380 [AsyncHttpClient-1-1] DEBUG org.asynchttpclient.netty.channel.DefaultChannelPool - Entry count for : http://localhost:50274 : 1
19:34:19.484 [AsyncHttpClient-1-1] DEBUG org.asynchttpclient.netty.channel.DefaultChannelPool - Entry count for : http://localhost:50274 : 1
19:34:20.571 [AsyncHttpClient-1-1] DEBUG org.asynchttpclient.netty.channel.DefaultChannelPool - Entry count for : http://localhost:50274 : 1
19:34:21.680 [AsyncHttpClient-1-1] DEBUG org.asynchttpclient.netty.channel.DefaultChannelPool - Entry count for : http://localhost:50274 : 1
19:34:22.771 [AsyncHttpClient-1-1] DEBUG org.asynchttpclient.netty.channel.DefaultChannelPool - Entry count for : http://localhost:50274 : 1
19:34:23.871 [AsyncHttpClient-1-1] DEBUG org.asynchttpclient.netty.channel.DefaultChannelPool - Entry count for : http://localhost:50274 : 1
19:34:24.984 [AsyncHttpClient-1-1] DEBUG org.asynchttpclient.netty.channel.DefaultChannelPool - Entry count for : http://localhost:50274 : 1
19:34:26.070 [AsyncHttpClient-1-1] DEBUG org.asynchttpclient.netty.channel.DefaultChannelPool - Entry count for : http://localhost:50274 : 1
19:34:27.184 [AsyncHttpClient-1-1] DEBUG org.asynchttpclient.netty.channel.DefaultChannelPool - Entry count for : http://localhost:50274 : 1
19:34:28.271 [AsyncHttpClient-1-1] DEBUG org.asynchttpclient.netty.channel.DefaultChannelPool - Entry count for : http://localhost:50274 : 1
19:34:29.383 [AsyncHttpClient-1-1] DEBUG org.asynchttpclient.netty.channel.DefaultChannelPool - Entry count for : http://localhost:50274 : 1
19:34:30.470 [AsyncHttpClient-1-1] DEBUG org.asynchttpclient.netty.channel.DefaultChannelPool - Entry count for : http://localhost:50274 : 1
19:34:31.570 [AsyncHttpClient-1-1] DEBUG org.asynchttpclient.netty.channel.DefaultChannelPool - Entry count for : http://localhost:50274 : 1
19:34:32.676 [AsyncHttpClient-1-1] DEBUG org.asynchttpclient.netty.channel.DefaultChannelPool - Entry count for : http://localhost:50274 : 1
19:34:33.770 [AsyncHttpClient-1-1] DEBUG org.asynchttpclient.netty.channel.DefaultChannelPool - Entry count for : http://localhost:50274 : 1
19:34:34.871 [AsyncHttpClient-1-1] DEBUG org.asynchttpclient.netty.channel.DefaultChannelPool - Entry count for : http://localhost:50274 : 1
19:34:35.970 [AsyncHttpClient-1-1] DEBUG org.asynchttpclient.netty.channel.DefaultChannelPool - Entry count for : http://localhost:50274 : 1
19:34:37.079 [AsyncHttpClient-1-1] DEBUG org.asynchttpclient.netty.channel.DefaultChannelPool - Entry count for : http://localhost:50274 : 1
19:34:38.171 [AsyncHttpClient-1-1] DEBUG org.asynchttpclient.netty.channel.DefaultChannelPool - Entry count for : http://localhost:50274 : 1
19:34:39.270 [AsyncHttpClient-1-1] DEBUG org.asynchttpclient.netty.channel.DefaultChannelPool - Entry count for : http://localhost:50274 : 1
19:34:40.378 [AsyncHttpClient-1-1] DEBUG org.asynchttpclient.netty.channel.DefaultChannelPool - Entry count for : http://localhost:50274 : 1
19:34:41.471 [AsyncHttpClient-1-1] DEBUG org.asynchttpclient.netty.channel.DefaultChannelPool - Entry count for : http://localhost:50274 : 1
19:34:42.572 [AsyncHttpClient-1-1] DEBUG org.asynchttpclient.netty.channel.DefaultChannelPool - Entry count for : http://localhost:50274 : 1
19:34:43.670 [AsyncHttpClient-1-1] DEBUG org.asynchttpclient.netty.channel.DefaultChannelPool - Entry count for : http://localhost:50274 : 1
19:34:44.769 [AsyncHttpClient-1-1] DEBUG org.asynchttpclient.netty.channel.DefaultChannelPool - Entry count for : http://localhost:50274 : 1
19:34:45.870 [AsyncHttpClient-1-1] DEBUG org.asynchttpclient.netty.channel.DefaultChannelPool - Entry count for : http://localhost:50274 : 1
19:34:46.969 [AsyncHttpClient-1-1] DEBUG org.asynchttpclient.netty.channel.DefaultChannelPool - Entry count for : http://localhost:50274 : 1
19:34:48.073 [AsyncHttpClient-1-1] DEBUG org.asynchttpclient.netty.channel.DefaultChannelPool - Entry count for : http://localhost:50274 : 1
19:34:49.170 [AsyncHttpClient-1-1] DEBUG org.asynchttpclient.netty.channel.DefaultChannelPool - Entry count for : http://localhost:50274 : 1
19:34:50.270 [AsyncHttpClient-1-1] DEBUG org.asynchttpclient.netty.channel.DefaultChannelPool - Entry count for : http://localhost:50274 : 1
19:34:51.374 [AsyncHttpClient-1-1] DEBUG org.asynchttpclient.netty.channel.DefaultChannelPool - Entry count for : http://localhost:50274 : 1
19:34:52.476 [AsyncHttpClient-1-1] DEBUG org.asynchttpclient.netty.channel.DefaultChannelPool - Entry count for : http://localhost:50274 : 1
19:34:53.570 [AsyncHttpClient-1-1] DEBUG org.asynchttpclient.netty.channel.DefaultChannelPool - Entry count for : http://localhost:50274 : 1
19:34:54.466 [AsyncHttpClient-1-2] DEBUG org.asynchttpclient.netty.handler.HttpHandler - 

Request DefaultHttpRequest(decodeResult: success, version: HTTP/1.1)
POST /session/0db3092b7c6ee490e0b2cf8813e970df/url HTTP/1.1
User-Agent: selenium/4.12.0 (java windows)
Content-Length: 92
Content-Type: application/json; charset=utf-8
host: localhost:2054
accept: */*

Response DefaultHttpResponse(decodeResult: success, version: HTTP/1.1)
HTTP/1.1 200 OK
Content-Length: 14
Content-Type: application/json; charset=utf-8
cache-control: no-cache

19:34:54.466 [AsyncHttpClient-1-2] DEBUG org.asynchttpclient.netty.channel.ChannelManager - Adding key: http://localhost:2054 for channel [id: 0x6340ada6, L:/127.0.0.1:50272 - R:localhost/127.0.0.1:2054]
19:34:54.477 [Forwarding maximizeCurrentWindow on session 0db3092b7c6ee490e0b2cf8813e970df to remote] DEBUG org.asynchttpclient.netty.request.NettyRequestSender - Using pooled Channel '[id: 0x6340ada6, L:/127.0.0.1:50272 - R:localhost/127.0.0.1:2054]' for 'POST' to 'http://localhost:2054/session/0db3092b7c6ee490e0b2cf8813e970df/window/maximize'
19:34:54.477 [Forwarding maximizeCurrentWindow on session 0db3092b7c6ee490e0b2cf8813e970df to remote] DEBUG org.asynchttpclient.netty.request.NettyRequestSender - Using open Channel [id: 0x6340ada6, L:/127.0.0.1:50272 - R:localhost/127.0.0.1:2054] for POST '/session/0db3092b7c6ee490e0b2cf8813e970df/window/maximize'
19:34:54.526 [AsyncHttpClient-1-2] DEBUG org.asynchttpclient.netty.handler.HttpHandler - 

Request DefaultHttpRequest(decodeResult: success, version: HTTP/1.1)
POST /session/0db3092b7c6ee490e0b2cf8813e970df/window/maximize HTTP/1.1
User-Agent: selenium/4.12.0 (java windows)
Content-Length: 3
Content-Type: application/json; charset=utf-8
host: localhost:2054
accept: */*

Response DefaultHttpResponse(decodeResult: success, version: HTTP/1.1)
HTTP/1.1 200 OK
Content-Length: 51
Content-Type: application/json; charset=utf-8
cache-control: no-cache

19:34:54.527 [AsyncHttpClient-1-2] DEBUG org.asynchttpclient.netty.channel.ChannelManager - Adding key: http://localhost:2054 for channel [id: 0x6340ada6, L:/127.0.0.1:50272 - R:localhost/127.0.0.1:2054]
19:34:54.572 [Forwarding findElement on session 0db3092b7c6ee490e0b2cf8813e970df to remote] DEBUG org.asynchttpclient.netty.request.NettyRequestSender - Using pooled Channel '[id: 0x6340ada6, L:/127.0.0.1:50272 - R:localhost/127.0.0.1:2054]' for 'POST' to 'http://localhost:2054/session/0db3092b7c6ee490e0b2cf8813e970df/element'
19:34:54.572 [Forwarding findElement on session 0db3092b7c6ee490e0b2cf8813e970df to remote] DEBUG org.asynchttpclient.netty.request.NettyRequestSender - Using open Channel [id: 0x6340ada6, L:/127.0.0.1:50272 - R:localhost/127.0.0.1:2054] for POST '/session/0db3092b7c6ee490e0b2cf8813e970df/element'
19:34:54.588 [AsyncHttpClient-1-2] DEBUG org.asynchttpclient.netty.handler.HttpHandler - 

Request DefaultHttpRequest(decodeResult: success, version: HTTP/1.1)
POST /session/0db3092b7c6ee490e0b2cf8813e970df/element HTTP/1.1
User-Agent: selenium/4.12.0 (java windows)
Content-Length: 69
Content-Type: application/json; charset=utf-8
host: localhost:2054
accept: */*

Response DefaultHttpResponse(decodeResult: success, version: HTTP/1.1)
HTTP/1.1 200 OK
Content-Length: 125
Content-Type: application/json; charset=utf-8
cache-control: no-cache

19:34:54.589 [AsyncHttpClient-1-2] DEBUG org.asynchttpclient.netty.channel.ChannelManager - Adding key: http://localhost:2054 for channel [id: 0x6340ada6, L:/127.0.0.1:50272 - R:localhost/127.0.0.1:2054]
19:34:54.597 [Forwarding sendKeysToElement on session 0db3092b7c6ee490e0b2cf8813e970df to remote] DEBUG org.asynchttpclient.netty.request.NettyRequestSender - Using pooled Channel '[id: 0x6340ada6, L:/127.0.0.1:50272 - R:localhost/127.0.0.1:2054]' for 'POST' to 'http://localhost:2054/session/0db3092b7c6ee490e0b2cf8813e970df/element/f.CD8E0A13261831C2326B3CE2DACF6075.d.F11E758A01C5311E913D59A484B5AA7B.e.2/value'
19:34:54.597 [Forwarding sendKeysToElement on session 0db3092b7c6ee490e0b2cf8813e970df to remote] DEBUG org.asynchttpclient.netty.request.NettyRequestSender - Using open Channel [id: 0x6340ada6, L:/127.0.0.1:50272 - R:localhost/127.0.0.1:2054] for POST '/session/0db3092b7c6ee490e0b2cf8813e970df/element/f.CD8E0A13261831C2326B3CE2DACF6075.d.F11E758A01C5311E913D59A484B5AA7B.e.2/value'
19:34:54.672 [AsyncHttpClient-1-1] DEBUG org.asynchttpclient.netty.channel.DefaultChannelPool - Entry count for : http://localhost:50274 : 1
19:34:54.724 [AsyncHttpClient-1-2] DEBUG org.asynchttpclient.netty.handler.HttpHandler - 

Request DefaultHttpRequest(decodeResult: success, version: HTTP/1.1)
POST /session/0db3092b7c6ee490e0b2cf8813e970df/element/f.CD8E0A13261831C2326B3CE2DACF6075.d.F11E758A01C5311E913D59A484B5AA7B.e.2/value HTTP/1.1
User-Agent: selenium/4.12.0 (java windows)
Content-Length: 338
Content-Type: application/json; charset=utf-8
host: localhost:2054
accept: */*

Response DefaultHttpResponse(decodeResult: success, version: HTTP/1.1)
HTTP/1.1 200 OK
Content-Length: 14
Content-Type: application/json; charset=utf-8
cache-control: no-cache

19:34:54.724 [AsyncHttpClient-1-2] DEBUG org.asynchttpclient.netty.channel.ChannelManager - Adding key: http://localhost:2054 for channel [id: 0x6340ada6, L:/127.0.0.1:50272 - R:localhost/127.0.0.1:2054]
19:34:54.726 [Forwarding findElement on session 0db3092b7c6ee490e0b2cf8813e970df to remote] DEBUG org.asynchttpclient.netty.request.NettyRequestSender - Using pooled Channel '[id: 0x6340ada6, L:/127.0.0.1:50272 - R:localhost/127.0.0.1:2054]' for 'POST' to 'http://localhost:2054/session/0db3092b7c6ee490e0b2cf8813e970df/element'
19:34:54.726 [Forwarding findElement on session 0db3092b7c6ee490e0b2cf8813e970df to remote] DEBUG org.asynchttpclient.netty.request.NettyRequestSender - Using open Channel [id: 0x6340ada6, L:/127.0.0.1:50272 - R:localhost/127.0.0.1:2054] for POST '/session/0db3092b7c6ee490e0b2cf8813e970df/element'
19:34:54.739 [AsyncHttpClient-1-2] DEBUG org.asynchttpclient.netty.handler.HttpHandler - 

Request DefaultHttpRequest(decodeResult: success, version: HTTP/1.1)
POST /session/0db3092b7c6ee490e0b2cf8813e970df/element HTTP/1.1
User-Agent: selenium/4.12.0 (java windows)
Content-Length: 72
Content-Type: application/json; charset=utf-8
host: localhost:2054
accept: */*

Response DefaultHttpResponse(decodeResult: success, version: HTTP/1.1)
HTTP/1.1 200 OK
Content-Length: 125
Content-Type: application/json; charset=utf-8
cache-control: no-cache

19:34:54.739 [AsyncHttpClient-1-2] DEBUG org.asynchttpclient.netty.channel.ChannelManager - Adding key: http://localhost:2054 for channel [id: 0x6340ada6, L:/127.0.0.1:50272 - R:localhost/127.0.0.1:2054]
19:34:54.742 [Forwarding sendKeysToElement on session 0db3092b7c6ee490e0b2cf8813e970df to remote] DEBUG org.asynchttpclient.netty.request.NettyRequestSender - Using pooled Channel '[id: 0x6340ada6, L:/127.0.0.1:50272 - R:localhost/127.0.0.1:2054]' for 'POST' to 'http://localhost:2054/session/0db3092b7c6ee490e0b2cf8813e970df/element/f.CD8E0A13261831C2326B3CE2DACF6075.d.F11E758A01C5311E913D59A484B5AA7B.e.4/value'
19:34:54.742 [Forwarding sendKeysToElement on session 0db3092b7c6ee490e0b2cf8813e970df to remote] DEBUG org.asynchttpclient.netty.request.NettyRequestSender - Using open Channel [id: 0x6340ada6, L:/127.0.0.1:50272 - R:localhost/127.0.0.1:2054] for POST '/session/0db3092b7c6ee490e0b2cf8813e970df/element/f.CD8E0A13261831C2326B3CE2DACF6075.d.F11E758A01C5311E913D59A484B5AA7B.e.4/value'
19:34:54.806 [AsyncHttpClient-1-2] DEBUG org.asynchttpclient.netty.handler.HttpHandler - 

Request DefaultHttpRequest(decodeResult: success, version: HTTP/1.1)
POST /session/0db3092b7c6ee490e0b2cf8813e970df/element/f.CD8E0A13261831C2326B3CE2DACF6075.d.F11E758A01C5311E913D59A484B5AA7B.e.4/value HTTP/1.1
User-Agent: selenium/4.12.0 (java windows)
Content-Length: 208
Content-Type: application/json; charset=utf-8
host: localhost:2054
accept: */*

Response DefaultHttpResponse(decodeResult: success, version: HTTP/1.1)
HTTP/1.1 200 OK
Content-Length: 14
Content-Type: application/json; charset=utf-8
cache-control: no-cache

19:34:54.806 [AsyncHttpClient-1-2] DEBUG org.asynchttpclient.netty.channel.ChannelManager - Adding key: http://localhost:2054 for channel [id: 0x6340ada6, L:/127.0.0.1:50272 - R:localhost/127.0.0.1:2054]
19:34:54.808 [Forwarding findElement on session 0db3092b7c6ee490e0b2cf8813e970df to remote] DEBUG org.asynchttpclient.netty.request.NettyRequestSender - Using pooled Channel '[id: 0x6340ada6, L:/127.0.0.1:50272 - R:localhost/127.0.0.1:2054]' for 'POST' to 'http://localhost:2054/session/0db3092b7c6ee490e0b2cf8813e970df/element'
19:34:54.808 [Forwarding findElement on session 0db3092b7c6ee490e0b2cf8813e970df to remote] DEBUG org.asynchttpclient.netty.request.NettyRequestSender - Using open Channel [id: 0x6340ada6, L:/127.0.0.1:50272 - R:localhost/127.0.0.1:2054] for POST '/session/0db3092b7c6ee490e0b2cf8813e970df/element'
19:34:54.820 [AsyncHttpClient-1-2] DEBUG org.asynchttpclient.netty.handler.HttpHandler - 

Request DefaultHttpRequest(decodeResult: success, version: HTTP/1.1)
POST /session/0db3092b7c6ee490e0b2cf8813e970df/element HTTP/1.1
User-Agent: selenium/4.12.0 (java windows)
Content-Length: 73
Content-Type: application/json; charset=utf-8
host: localhost:2054
accept: */*

Response DefaultHttpResponse(decodeResult: success, version: HTTP/1.1)
HTTP/1.1 200 OK
Content-Length: 125
Content-Type: application/json; charset=utf-8
cache-control: no-cache

19:34:54.820 [AsyncHttpClient-1-2] DEBUG org.asynchttpclient.netty.channel.ChannelManager - Adding key: http://localhost:2054 for channel [id: 0x6340ada6, L:/127.0.0.1:50272 - R:localhost/127.0.0.1:2054]
19:34:54.823 [Forwarding clickElement on session 0db3092b7c6ee490e0b2cf8813e970df to remote] DEBUG org.asynchttpclient.netty.request.NettyRequestSender - Using pooled Channel '[id: 0x6340ada6, L:/127.0.0.1:50272 - R:localhost/127.0.0.1:2054]' for 'POST' to 'http://localhost:2054/session/0db3092b7c6ee490e0b2cf8813e970df/element/f.CD8E0A13261831C2326B3CE2DACF6075.d.F11E758A01C5311E913D59A484B5AA7B.e.6/click'
19:34:54.823 [Forwarding clickElement on session 0db3092b7c6ee490e0b2cf8813e970df to remote] DEBUG org.asynchttpclient.netty.request.NettyRequestSender - Using open Channel [id: 0x6340ada6, L:/127.0.0.1:50272 - R:localhost/127.0.0.1:2054] for POST '/session/0db3092b7c6ee490e0b2cf8813e970df/element/f.CD8E0A13261831C2326B3CE2DACF6075.d.F11E758A01C5311E913D59A484B5AA7B.e.6/click'
19:34:54.908 [AsyncHttpClient-1-2] DEBUG org.asynchttpclient.netty.handler.HttpHandler - 

Request DefaultHttpRequest(decodeResult: success, version: HTTP/1.1)
POST /session/0db3092b7c6ee490e0b2cf8813e970df/element/f.CD8E0A13261831C2326B3CE2DACF6075.d.F11E758A01C5311E913D59A484B5AA7B.e.6/click HTTP/1.1
User-Agent: selenium/4.12.0 (java windows)
Content-Length: 87
Content-Type: application/json; charset=utf-8
host: localhost:2054
accept: */*

Response DefaultHttpResponse(decodeResult: success, version: HTTP/1.1)
HTTP/1.1 200 OK
Content-Length: 14
Content-Type: application/json; charset=utf-8
cache-control: no-cache

19:34:54.908 [AsyncHttpClient-1-2] DEBUG org.asynchttpclient.netty.channel.ChannelManager - Adding key: http://localhost:2054 for channel [id: 0x6340ada6, L:/127.0.0.1:50272 - R:localhost/127.0.0.1:2054]
19:34:55.771 [AsyncHttpClient-1-1] DEBUG org.asynchttpclient.netty.channel.DefaultChannelPool - Entry count for : http://localhost:50274 : 1
19:34:55.771 [AsyncHttpClient-1-1] DEBUG org.asynchttpclient.netty.channel.DefaultChannelPool - Entry count for : http://localhost:2054 : 1
19:34:56.870 [AsyncHttpClient-1-1] DEBUG org.asynchttpclient.netty.channel.DefaultChannelPool - Entry count for : http://localhost:50274 : 1
19:34:56.870 [AsyncHttpClient-1-1] DEBUG org.asynchttpclient.netty.channel.DefaultChannelPool - Entry count for : http://localhost:2054 : 1
19:34:57.970 [AsyncHttpClient-1-1] DEBUG org.asynchttpclient.netty.channel.DefaultChannelPool - Entry count for : http://localhost:50274 : 1
19:34:57.970 [AsyncHttpClient-1-1] DEBUG org.asynchttpclient.netty.channel.DefaultChannelPool - Entry count for : http://localhost:2054 : 1
19:34:59.089 [AsyncHttpClient-1-1] DEBUG org.asynchttpclient.netty.channel.DefaultChannelPool - Entry count for : http://localhost:50274 : 1
19:34:59.089 [AsyncHttpClient-1-1] DEBUG org.asynchttpclient.netty.channel.DefaultChannelPool - Entry count for : http://localhost:2054 : 1
19:34:59.920 [Forwarding getCurrentUrl on session 0db3092b7c6ee490e0b2cf8813e970df to remote] DEBUG org.asynchttpclient.netty.request.NettyRequestSender - Using pooled Channel '[id: 0x6340ada6, L:/127.0.0.1:50272 - R:localhost/127.0.0.1:2054]' for 'GET' to 'http://localhost:2054/session/0db3092b7c6ee490e0b2cf8813e970df/url'
19:34:59.920 [Forwarding getCurrentUrl on session 0db3092b7c6ee490e0b2cf8813e970df to remote] DEBUG org.asynchttpclient.netty.request.NettyRequestSender - Using open Channel [id: 0x6340ada6, L:/127.0.0.1:50272 - R:localhost/127.0.0.1:2054] for GET '/session/0db3092b7c6ee490e0b2cf8813e970df/url'
19:34:59.931 [AsyncHttpClient-1-2] DEBUG org.asynchttpclient.netty.handler.HttpHandler - 

Request DefaultFullHttpRequest(decodeResult: success, version: HTTP/1.1, content: EmptyByteBufBE)
GET /session/0db3092b7c6ee490e0b2cf8813e970df/url HTTP/1.1
Cache-Control: no-cache
User-Agent: selenium/4.12.0 (java windows)
Content-Type: application/json; charset=utf-8
host: localhost:2054
accept: */*

Response DefaultHttpResponse(decodeResult: success, version: HTTP/1.1)
HTTP/1.1 200 OK
Content-Length: 69
Content-Type: application/json; charset=utf-8
cache-control: no-cache

19:34:59.931 [AsyncHttpClient-1-2] DEBUG org.asynchttpclient.netty.channel.ChannelManager - Adding key: http://localhost:2054 for channel [id: 0x6340ada6, L:/127.0.0.1:50272 - R:localhost/127.0.0.1:2054]
https://fleet-manager-development.vercel.app/auth/sign-in
19:34:59.934 [Forwarding findElement on session 0db3092b7c6ee490e0b2cf8813e970df to remote] DEBUG org.asynchttpclient.netty.request.NettyRequestSender - Using pooled Channel '[id: 0x6340ada6, L:/127.0.0.1:50272 - R:localhost/127.0.0.1:2054]' for 'POST' to 'http://localhost:2054/session/0db3092b7c6ee490e0b2cf8813e970df/element'
19:34:59.934 [Forwarding findElement on session 0db3092b7c6ee490e0b2cf8813e970df to remote] DEBUG org.asynchttpclient.netty.request.NettyRequestSender - Using open Channel [id: 0x6340ada6, L:/127.0.0.1:50272 - R:localhost/127.0.0.1:2054] for POST '/session/0db3092b7c6ee490e0b2cf8813e970df/element'
19:34:59.958 [AsyncHttpClient-1-2] DEBUG org.asynchttpclient.netty.handler.HttpHandler - 

Request DefaultHttpRequest(decodeResult: success, version: HTTP/1.1)
POST /session/0db3092b7c6ee490e0b2cf8813e970df/element HTTP/1.1
User-Agent: selenium/4.12.0 (java windows)
Content-Length: 66
Content-Type: application/json; charset=utf-8
host: localhost:2054
accept: */*

Response DefaultHttpResponse(decodeResult: success, version: HTTP/1.1)
HTTP/1.1 200 OK
Content-Length: 126
Content-Type: application/json; charset=utf-8
cache-control: no-cache

19:34:59.958 [AsyncHttpClient-1-2] DEBUG org.asynchttpclient.netty.channel.ChannelManager - Adding key: http://localhost:2054 for channel [id: 0x6340ada6, L:/127.0.0.1:50272 - R:localhost/127.0.0.1:2054]
19:34:59.971 [Forwarding isElementDisplayed on session 0db3092b7c6ee490e0b2cf8813e970df to remote] DEBUG org.asynchttpclient.netty.request.NettyRequestSender - Using pooled Channel '[id: 0x6340ada6, L:/127.0.0.1:50272 - R:localhost/127.0.0.1:2054]' for 'POST' to 'http://localhost:2054/session/0db3092b7c6ee490e0b2cf8813e970df/execute/sync'
19:34:59.971 [Forwarding isElementDisplayed on session 0db3092b7c6ee490e0b2cf8813e970df to remote] DEBUG org.asynchttpclient.netty.request.NettyRequestSender - Using open Channel [id: 0x6340ada6, L:/127.0.0.1:50272 - R:localhost/127.0.0.1:2054] for POST '/session/0db3092b7c6ee490e0b2cf8813e970df/execute/sync'
19:35:00.001 [AsyncHttpClient-1-2] DEBUG org.asynchttpclient.netty.handler.HttpHandler - 

Request DefaultHttpRequest(decodeResult: success, version: HTTP/1.1)
POST /session/0db3092b7c6ee490e0b2cf8813e970df/execute/sync HTTP/1.1
User-Agent: selenium/4.12.0 (java windows)
Content-Length: 48734
Content-Type: application/json; charset=utf-8
host: localhost:2054
accept: */*

Response DefaultHttpResponse(decodeResult: success, version: HTTP/1.1)
HTTP/1.1 200 OK
Content-Length: 14
Content-Type: application/json; charset=utf-8
cache-control: no-cache

19:35:00.001 [AsyncHttpClient-1-2] DEBUG org.asynchttpclient.netty.channel.ChannelManager - Adding key: http://localhost:2054 for channel [id: 0x6340ada6, L:/127.0.0.1:50272 - R:localhost/127.0.0.1:2054]
19:35:00.003 [Forwarding findElement on session 0db3092b7c6ee490e0b2cf8813e970df to remote] DEBUG org.asynchttpclient.netty.request.NettyRequestSender - Using pooled Channel '[id: 0x6340ada6, L:/127.0.0.1:50272 - R:localhost/127.0.0.1:2054]' for 'POST' to 'http://localhost:2054/session/0db3092b7c6ee490e0b2cf8813e970df/element'
19:35:00.003 [Forwarding findElement on session 0db3092b7c6ee490e0b2cf8813e970df to remote] DEBUG org.asynchttpclient.netty.request.NettyRequestSender - Using open Channel [id: 0x6340ada6, L:/127.0.0.1:50272 - R:localhost/127.0.0.1:2054] for POST '/session/0db3092b7c6ee490e0b2cf8813e970df/element'
19:35:00.065 [AsyncHttpClient-1-2] DEBUG org.asynchttpclient.netty.handler.HttpHandler - 

Request DefaultHttpRequest(decodeResult: success, version: HTTP/1.1)
POST /session/0db3092b7c6ee490e0b2cf8813e970df/element HTTP/1.1
User-Agent: selenium/4.12.0 (java windows)
Content-Length: 66
Content-Type: application/json; charset=utf-8
host: localhost:2054
accept: */*

Response DefaultHttpResponse(decodeResult: success, version: HTTP/1.1)
HTTP/1.1 200 OK
Content-Length: 126
Content-Type: application/json; charset=utf-8
cache-control: no-cache

19:35:00.066 [AsyncHttpClient-1-2] DEBUG org.asynchttpclient.netty.channel.ChannelManager - Adding key: http://localhost:2054 for channel [id: 0x6340ada6, L:/127.0.0.1:50272 - R:localhost/127.0.0.1:2054]
19:35:00.067 [Forwarding getElementText on session 0db3092b7c6ee490e0b2cf8813e970df to remote] DEBUG org.asynchttpclient.netty.request.NettyRequestSender - Using pooled Channel '[id: 0x6340ada6, L:/127.0.0.1:50272 - R:localhost/127.0.0.1:2054]' for 'GET' to 'http://localhost:2054/session/0db3092b7c6ee490e0b2cf8813e970df/element/f.CD8E0A13261831C2326B3CE2DACF6075.d.F11E758A01C5311E913D59A484B5AA7B.e.21/text'
19:35:00.067 [Forwarding getElementText on session 0db3092b7c6ee490e0b2cf8813e970df to remote] DEBUG org.asynchttpclient.netty.request.NettyRequestSender - Using open Channel [id: 0x6340ada6, L:/127.0.0.1:50272 - R:localhost/127.0.0.1:2054] for GET '/session/0db3092b7c6ee490e0b2cf8813e970df/element/f.CD8E0A13261831C2326B3CE2DACF6075.d.F11E758A01C5311E913D59A484B5AA7B.e.21/text'
19:35:00.080 [AsyncHttpClient-1-2] DEBUG org.asynchttpclient.netty.handler.HttpHandler - 

Request DefaultFullHttpRequest(decodeResult: success, version: HTTP/1.1, content: EmptyByteBufBE)
GET /session/0db3092b7c6ee490e0b2cf8813e970df/element/f.CD8E0A13261831C2326B3CE2DACF6075.d.F11E758A01C5311E913D59A484B5AA7B.e.21/text HTTP/1.1
Cache-Control: no-cache
User-Agent: selenium/4.12.0 (java windows)
Content-Type: application/json; charset=utf-8
host: localhost:2054
accept: */*

Response DefaultHttpResponse(decodeResult: success, version: HTTP/1.1)
HTTP/1.1 200 OK
Content-Length: 33
Content-Type: application/json; charset=utf-8
cache-control: no-cache

19:35:00.081 [AsyncHttpClient-1-2] DEBUG org.asynchttpclient.netty.channel.ChannelManager - Adding key: http://localhost:2054 for channel [id: 0x6340ada6, L:/127.0.0.1:50272 - R:localhost/127.0.0.1:2054]
19:35:00.085 [Forwarding findElement on session 0db3092b7c6ee490e0b2cf8813e970df to remote] DEBUG org.asynchttpclient.netty.request.NettyRequestSender - Using pooled Channel '[id: 0x6340ada6, L:/127.0.0.1:50272 - R:localhost/127.0.0.1:2054]' for 'POST' to 'http://localhost:2054/session/0db3092b7c6ee490e0b2cf8813e970df/element'
19:35:00.085 [Forwarding findElement on session 0db3092b7c6ee490e0b2cf8813e970df to remote] DEBUG org.asynchttpclient.netty.request.NettyRequestSender - Using open Channel [id: 0x6340ada6, L:/127.0.0.1:50272 - R:localhost/127.0.0.1:2054] for POST '/session/0db3092b7c6ee490e0b2cf8813e970df/element'
19:35:00.096 [AsyncHttpClient-1-2] DEBUG org.asynchttpclient.netty.handler.HttpHandler - 

Request DefaultHttpRequest(decodeResult: success, version: HTTP/1.1)
POST /session/0db3092b7c6ee490e0b2cf8813e970df/element HTTP/1.1
User-Agent: selenium/4.12.0 (java windows)
Content-Length: 74
Content-Type: application/json; charset=utf-8
host: localhost:2054
accept: */*

Response DefaultHttpResponse(decodeResult: success, version: HTTP/1.1)
HTTP/1.1 200 OK
Content-Length: 126
Content-Type: application/json; charset=utf-8
cache-control: no-cache

19:35:00.096 [AsyncHttpClient-1-2] DEBUG org.asynchttpclient.netty.channel.ChannelManager - Adding key: http://localhost:2054 for channel [id: 0x6340ada6, L:/127.0.0.1:50272 - R:localhost/127.0.0.1:2054]
19:35:00.098 [Forwarding clickElement on session 0db3092b7c6ee490e0b2cf8813e970df to remote] DEBUG org.asynchttpclient.netty.request.NettyRequestSender - Using pooled Channel '[id: 0x6340ada6, L:/127.0.0.1:50272 - R:localhost/127.0.0.1:2054]' for 'POST' to 'http://localhost:2054/session/0db3092b7c6ee490e0b2cf8813e970df/element/f.CD8E0A13261831C2326B3CE2DACF6075.d.F11E758A01C5311E913D59A484B5AA7B.e.22/click'
19:35:00.098 [Forwarding clickElement on session 0db3092b7c6ee490e0b2cf8813e970df to remote] DEBUG org.asynchttpclient.netty.request.NettyRequestSender - Using open Channel [id: 0x6340ada6, L:/127.0.0.1:50272 - R:localhost/127.0.0.1:2054] for POST '/session/0db3092b7c6ee490e0b2cf8813e970df/element/f.CD8E0A13261831C2326B3CE2DACF6075.d.F11E758A01C5311E913D59A484B5AA7B.e.22/click'
19:35:00.170 [AsyncHttpClient-1-1] DEBUG org.asynchttpclient.netty.channel.DefaultChannelPool - Entry count for : http://localhost:50274 : 1
19:35:00.183 [AsyncHttpClient-1-2] DEBUG org.asynchttpclient.netty.handler.HttpHandler - 

Request DefaultHttpRequest(decodeResult: success, version: HTTP/1.1)
POST /session/0db3092b7c6ee490e0b2cf8813e970df/element/f.CD8E0A13261831C2326B3CE2DACF6075.d.F11E758A01C5311E913D59A484B5AA7B.e.22/click HTTP/1.1
User-Agent: selenium/4.12.0 (java windows)
Content-Length: 88
Content-Type: application/json; charset=utf-8
host: localhost:2054
accept: */*

Response DefaultHttpResponse(decodeResult: success, version: HTTP/1.1)
HTTP/1.1 200 OK
Content-Length: 14
Content-Type: application/json; charset=utf-8
cache-control: no-cache

19:35:00.183 [AsyncHttpClient-1-2] DEBUG org.asynchttpclient.netty.channel.ChannelManager - Adding key: http://localhost:2054 for channel [id: 0x6340ada6, L:/127.0.0.1:50272 - R:localhost/127.0.0.1:2054]
19:35:01.281 [AsyncHttpClient-1-1] DEBUG org.asynchttpclient.netty.channel.DefaultChannelPool - Entry count for : http://localhost:50274 : 1
19:35:01.281 [AsyncHttpClient-1-1] DEBUG org.asynchttpclient.netty.channel.DefaultChannelPool - Entry count for : http://localhost:2054 : 1
19:35:02.373 [AsyncHttpClient-1-1] DEBUG org.asynchttpclient.netty.channel.DefaultChannelPool - Entry count for : http://localhost:50274 : 1
19:35:02.373 [AsyncHttpClient-1-1] DEBUG org.asynchttpclient.netty.channel.DefaultChannelPool - Entry count for : http://localhost:2054 : 1
19:35:03.186 [Forwarding screenshot on session 0db3092b7c6ee490e0b2cf8813e970df to remote] DEBUG org.asynchttpclient.netty.request.NettyRequestSender - Using pooled Channel '[id: 0x6340ada6, L:/127.0.0.1:50272 - R:localhost/127.0.0.1:2054]' for 'GET' to 'http://localhost:2054/session/0db3092b7c6ee490e0b2cf8813e970df/screenshot'
19:35:03.191 [Forwarding screenshot on session 0db3092b7c6ee490e0b2cf8813e970df to remote] DEBUG org.asynchttpclient.netty.request.NettyRequestSender - Using open Channel [id: 0x6340ada6, L:/127.0.0.1:50272 - R:localhost/127.0.0.1:2054] for GET '/session/0db3092b7c6ee490e0b2cf8813e970df/screenshot'
19:35:03.240 [AsyncHttpClient-1-2] DEBUG org.asynchttpclient.netty.handler.HttpHandler - 

Request DefaultFullHttpRequest(decodeResult: success, version: HTTP/1.1, content: EmptyByteBufBE)
GET /session/0db3092b7c6ee490e0b2cf8813e970df/screenshot HTTP/1.1
Cache-Control: no-cache
User-Agent: selenium/4.12.0 (java windows)
Content-Type: application/json; charset=utf-8
host: localhost:2054
accept: */*

Response DefaultHttpResponse(decodeResult: success, version: HTTP/1.1)
HTTP/1.1 200 OK
Content-Length: 5404
Content-Type: application/json; charset=utf-8
cache-control: no-cache

19:35:03.241 [AsyncHttpClient-1-2] DEBUG org.asynchttpclient.netty.channel.ChannelManager - Adding key: http://localhost:2054 for channel [id: 0x6340ada6, L:/127.0.0.1:50272 - R:localhost/127.0.0.1:2054]
  Given I am on dashboardfokisaj290@edectus.com and Fleet@123                 # StepDefination.Customer_onboarding.I_am_on_dashboard(java.lang.String,java.lang.String)
19:35:03.274 [Forwarding findElement on session 0db3092b7c6ee490e0b2cf8813e970df to remote] DEBUG org.asynchttpclient.netty.request.NettyRequestSender - Using pooled Channel '[id: 0x6340ada6, L:/127.0.0.1:50272 - R:localhost/127.0.0.1:2054]' for 'POST' to 'http://localhost:2054/session/0db3092b7c6ee490e0b2cf8813e970df/element'
19:35:03.275 [Forwarding findElement on session 0db3092b7c6ee490e0b2cf8813e970df to remote] DEBUG org.asynchttpclient.netty.request.NettyRequestSender - Using open Channel [id: 0x6340ada6, L:/127.0.0.1:50272 - R:localhost/127.0.0.1:2054] for POST '/session/0db3092b7c6ee490e0b2cf8813e970df/element'
19:35:03.288 [AsyncHttpClient-1-2] DEBUG org.asynchttpclient.netty.handler.HttpHandler - 

Request DefaultHttpRequest(decodeResult: success, version: HTTP/1.1)
POST /session/0db3092b7c6ee490e0b2cf8813e970df/element HTTP/1.1
User-Agent: selenium/4.12.0 (java windows)
Content-Length: 127
Content-Type: application/json; charset=utf-8
host: localhost:2054
accept: */*

Response DefaultHttpResponse(decodeResult: success, version: HTTP/1.1)
HTTP/1.1 200 OK
Content-Length: 126
Content-Type: application/json; charset=utf-8
cache-control: no-cache

19:35:03.288 [AsyncHttpClient-1-2] DEBUG org.asynchttpclient.netty.channel.ChannelManager - Adding key: http://localhost:2054 for channel [id: 0x6340ada6, L:/127.0.0.1:50272 - R:localhost/127.0.0.1:2054]
19:35:03.288 [Forwarding getElementText on session 0db3092b7c6ee490e0b2cf8813e970df to remote] DEBUG org.asynchttpclient.netty.request.NettyRequestSender - Using pooled Channel '[id: 0x6340ada6, L:/127.0.0.1:50272 - R:localhost/127.0.0.1:2054]' for 'GET' to 'http://localhost:2054/session/0db3092b7c6ee490e0b2cf8813e970df/element/f.CD8E0A13261831C2326B3CE2DACF6075.d.53444FCE67EF330B8AEDDA2904E7688C.e.32/text'
19:35:03.288 [Forwarding getElementText on session 0db3092b7c6ee490e0b2cf8813e970df to remote] DEBUG org.asynchttpclient.netty.request.NettyRequestSender - Using open Channel [id: 0x6340ada6, L:/127.0.0.1:50272 - R:localhost/127.0.0.1:2054] for GET '/session/0db3092b7c6ee490e0b2cf8813e970df/element/f.CD8E0A13261831C2326B3CE2DACF6075.d.53444FCE67EF330B8AEDDA2904E7688C.e.32/text'
19:35:03.302 [AsyncHttpClient-1-2] DEBUG org.asynchttpclient.netty.handler.HttpHandler - 

Request DefaultFullHttpRequest(decodeResult: success, version: HTTP/1.1, content: EmptyByteBufBE)
GET /session/0db3092b7c6ee490e0b2cf8813e970df/element/f.CD8E0A13261831C2326B3CE2DACF6075.d.53444FCE67EF330B8AEDDA2904E7688C.e.32/text HTTP/1.1
Cache-Control: no-cache
User-Agent: selenium/4.12.0 (java windows)
Content-Type: application/json; charset=utf-8
host: localhost:2054
accept: */*

Response DefaultHttpResponse(decodeResult: success, version: HTTP/1.1)
HTTP/1.1 200 OK
Content-Length: 21
Content-Type: application/json; charset=utf-8
cache-control: no-cache

19:35:03.302 [AsyncHttpClient-1-2] DEBUG org.asynchttpclient.netty.channel.ChannelManager - Adding key: http://localhost:2054 for channel [id: 0x6340ada6, L:/127.0.0.1:50272 - R:localhost/127.0.0.1:2054]
19:35:03.305 [Forwarding findElement on session 0db3092b7c6ee490e0b2cf8813e970df to remote] DEBUG org.asynchttpclient.netty.request.NettyRequestSender - Using pooled Channel '[id: 0x6340ada6, L:/127.0.0.1:50272 - R:localhost/127.0.0.1:2054]' for 'POST' to 'http://localhost:2054/session/0db3092b7c6ee490e0b2cf8813e970df/element'
19:35:03.305 [Forwarding findElement on session 0db3092b7c6ee490e0b2cf8813e970df to remote] DEBUG org.asynchttpclient.netty.request.NettyRequestSender - Using open Channel [id: 0x6340ada6, L:/127.0.0.1:50272 - R:localhost/127.0.0.1:2054] for POST '/session/0db3092b7c6ee490e0b2cf8813e970df/element'
19:35:03.328 [AsyncHttpClient-1-2] DEBUG org.asynchttpclient.netty.handler.HttpHandler - 

Request DefaultHttpRequest(decodeResult: success, version: HTTP/1.1)
POST /session/0db3092b7c6ee490e0b2cf8813e970df/element HTTP/1.1
User-Agent: selenium/4.12.0 (java windows)
Content-Length: 127
Content-Type: application/json; charset=utf-8
host: localhost:2054
accept: */*

Response DefaultHttpResponse(decodeResult: success, version: HTTP/1.1)
HTTP/1.1 200 OK
Content-Length: 126
Content-Type: application/json; charset=utf-8
cache-control: no-cache

19:35:03.328 [AsyncHttpClient-1-2] DEBUG org.asynchttpclient.netty.channel.ChannelManager - Adding key: http://localhost:2054 for channel [id: 0x6340ada6, L:/127.0.0.1:50272 - R:localhost/127.0.0.1:2054]
19:35:03.328 [Forwarding clickElement on session 0db3092b7c6ee490e0b2cf8813e970df to remote] DEBUG org.asynchttpclient.netty.request.NettyRequestSender - Using pooled Channel '[id: 0x6340ada6, L:/127.0.0.1:50272 - R:localhost/127.0.0.1:2054]' for 'POST' to 'http://localhost:2054/session/0db3092b7c6ee490e0b2cf8813e970df/element/f.CD8E0A13261831C2326B3CE2DACF6075.d.53444FCE67EF330B8AEDDA2904E7688C.e.32/click'
19:35:03.328 [Forwarding clickElement on session 0db3092b7c6ee490e0b2cf8813e970df to remote] DEBUG org.asynchttpclient.netty.request.NettyRequestSender - Using open Channel [id: 0x6340ada6, L:/127.0.0.1:50272 - R:localhost/127.0.0.1:2054] for POST '/session/0db3092b7c6ee490e0b2cf8813e970df/element/f.CD8E0A13261831C2326B3CE2DACF6075.d.53444FCE67EF330B8AEDDA2904E7688C.e.32/click'
19:35:03.406 [AsyncHttpClient-1-2] DEBUG org.asynchttpclient.netty.handler.HttpHandler - 

Request DefaultHttpRequest(decodeResult: success, version: HTTP/1.1)
POST /session/0db3092b7c6ee490e0b2cf8813e970df/element/f.CD8E0A13261831C2326B3CE2DACF6075.d.53444FCE67EF330B8AEDDA2904E7688C.e.32/click HTTP/1.1
User-Agent: selenium/4.12.0 (java windows)
Content-Length: 88
Content-Type: application/json; charset=utf-8
host: localhost:2054
accept: */*

Response DefaultHttpResponse(decodeResult: success, version: HTTP/1.1)
HTTP/1.1 200 OK
Content-Length: 14
Content-Type: application/json; charset=utf-8
cache-control: no-cache

19:35:03.406 [AsyncHttpClient-1-2] DEBUG org.asynchttpclient.netty.channel.ChannelManager - Adding key: http://localhost:2054 for channel [id: 0x6340ada6, L:/127.0.0.1:50272 - R:localhost/127.0.0.1:2054]
19:35:03.472 [AsyncHttpClient-1-1] DEBUG org.asynchttpclient.netty.channel.DefaultChannelPool - Entry count for : http://localhost:50274 : 1
19:35:03.473 [AsyncHttpClient-1-1] DEBUG org.asynchttpclient.netty.channel.DefaultChannelPool - Entry count for : http://localhost:2054 : 1
19:35:04.571 [AsyncHttpClient-1-1] DEBUG org.asynchttpclient.netty.channel.DefaultChannelPool - Entry count for : http://localhost:50274 : 1
19:35:04.571 [AsyncHttpClient-1-1] DEBUG org.asynchttpclient.netty.channel.DefaultChannelPool - Entry count for : http://localhost:2054 : 1
19:35:05.413 [Forwarding screenshot on session 0db3092b7c6ee490e0b2cf8813e970df to remote] DEBUG org.asynchttpclient.netty.request.NettyRequestSender - Using pooled Channel '[id: 0x6340ada6, L:/127.0.0.1:50272 - R:localhost/127.0.0.1:2054]' for 'GET' to 'http://localhost:2054/session/0db3092b7c6ee490e0b2cf8813e970df/screenshot'
19:35:05.414 [Forwarding screenshot on session 0db3092b7c6ee490e0b2cf8813e970df to remote] DEBUG org.asynchttpclient.netty.request.NettyRequestSender - Using open Channel [id: 0x6340ada6, L:/127.0.0.1:50272 - R:localhost/127.0.0.1:2054] for GET '/session/0db3092b7c6ee490e0b2cf8813e970df/screenshot'
19:35:05.467 [AsyncHttpClient-1-2] DEBUG org.asynchttpclient.netty.handler.HttpHandler - 

Request DefaultFullHttpRequest(decodeResult: success, version: HTTP/1.1, content: EmptyByteBufBE)
GET /session/0db3092b7c6ee490e0b2cf8813e970df/screenshot HTTP/1.1
Cache-Control: no-cache
User-Agent: selenium/4.12.0 (java windows)
Content-Type: application/json; charset=utf-8
host: localhost:2054
accept: */*

Response DefaultHttpResponse(decodeResult: success, version: HTTP/1.1)
HTTP/1.1 200 OK
Content-Length: 4624
Content-Type: application/json; charset=utf-8
cache-control: no-cache

19:35:05.469 [AsyncHttpClient-1-2] DEBUG org.asynchttpclient.netty.channel.ChannelManager - Adding key: http://localhost:2054 for channel [id: 0x6340ada6, L:/127.0.0.1:50272 - R:localhost/127.0.0.1:2054]
19:35:05.483 [Forwarding findElement on session 0db3092b7c6ee490e0b2cf8813e970df to remote] DEBUG org.asynchttpclient.netty.request.NettyRequestSender - Using pooled Channel '[id: 0x6340ada6, L:/127.0.0.1:50272 - R:localhost/127.0.0.1:2054]' for 'POST' to 'http://localhost:2054/session/0db3092b7c6ee490e0b2cf8813e970df/element'
19:35:05.483 [Forwarding findElement on session 0db3092b7c6ee490e0b2cf8813e970df to remote] DEBUG org.asynchttpclient.netty.request.NettyRequestSender - Using open Channel [id: 0x6340ada6, L:/127.0.0.1:50272 - R:localhost/127.0.0.1:2054] for POST '/session/0db3092b7c6ee490e0b2cf8813e970df/element'
19:35:05.499 [AsyncHttpClient-1-2] DEBUG org.asynchttpclient.netty.handler.HttpHandler - 

Request DefaultHttpRequest(decodeResult: success, version: HTTP/1.1)
POST /session/0db3092b7c6ee490e0b2cf8813e970df/element HTTP/1.1
User-Agent: selenium/4.12.0 (java windows)
Content-Length: 178
Content-Type: application/json; charset=utf-8
host: localhost:2054
accept: */*

Response DefaultHttpResponse(decodeResult: success, version: HTTP/1.1)
HTTP/1.1 200 OK
Content-Length: 126
Content-Type: application/json; charset=utf-8
cache-control: no-cache

19:35:05.500 [AsyncHttpClient-1-2] DEBUG org.asynchttpclient.netty.channel.ChannelManager - Adding key: http://localhost:2054 for channel [id: 0x6340ada6, L:/127.0.0.1:50272 - R:localhost/127.0.0.1:2054]
19:35:05.504 [Forwarding getElementText on session 0db3092b7c6ee490e0b2cf8813e970df to remote] DEBUG org.asynchttpclient.netty.request.NettyRequestSender - Using pooled Channel '[id: 0x6340ada6, L:/127.0.0.1:50272 - R:localhost/127.0.0.1:2054]' for 'GET' to 'http://localhost:2054/session/0db3092b7c6ee490e0b2cf8813e970df/element/f.CD8E0A13261831C2326B3CE2DACF6075.d.53444FCE67EF330B8AEDDA2904E7688C.e.37/text'
19:35:05.505 [Forwarding getElementText on session 0db3092b7c6ee490e0b2cf8813e970df to remote] DEBUG org.asynchttpclient.netty.request.NettyRequestSender - Using open Channel [id: 0x6340ada6, L:/127.0.0.1:50272 - R:localhost/127.0.0.1:2054] for GET '/session/0db3092b7c6ee490e0b2cf8813e970df/element/f.CD8E0A13261831C2326B3CE2DACF6075.d.53444FCE67EF330B8AEDDA2904E7688C.e.37/text'
19:35:05.518 [AsyncHttpClient-1-2] DEBUG org.asynchttpclient.netty.handler.HttpHandler - 

Request DefaultFullHttpRequest(decodeResult: success, version: HTTP/1.1, content: EmptyByteBufBE)
GET /session/0db3092b7c6ee490e0b2cf8813e970df/element/f.CD8E0A13261831C2326B3CE2DACF6075.d.53444FCE67EF330B8AEDDA2904E7688C.e.37/text HTTP/1.1
Cache-Control: no-cache
User-Agent: selenium/4.12.0 (java windows)
Content-Type: application/json; charset=utf-8
host: localhost:2054
accept: */*

Response DefaultHttpResponse(decodeResult: success, version: HTTP/1.1)
HTTP/1.1 200 OK
Content-Length: 28
Content-Type: application/json; charset=utf-8
cache-control: no-cache

19:35:05.518 [AsyncHttpClient-1-2] DEBUG org.asynchttpclient.netty.channel.ChannelManager - Adding key: http://localhost:2054 for channel [id: 0x6340ada6, L:/127.0.0.1:50272 - R:localhost/127.0.0.1:2054]
19:35:05.522 [Forwarding findElement on session 0db3092b7c6ee490e0b2cf8813e970df to remote] DEBUG org.asynchttpclient.netty.request.NettyRequestSender - Using pooled Channel '[id: 0x6340ada6, L:/127.0.0.1:50272 - R:localhost/127.0.0.1:2054]' for 'POST' to 'http://localhost:2054/session/0db3092b7c6ee490e0b2cf8813e970df/element'
19:35:05.522 [Forwarding findElement on session 0db3092b7c6ee490e0b2cf8813e970df to remote] DEBUG org.asynchttpclient.netty.request.NettyRequestSender - Using open Channel [id: 0x6340ada6, L:/127.0.0.1:50272 - R:localhost/127.0.0.1:2054] for POST '/session/0db3092b7c6ee490e0b2cf8813e970df/element'
19:35:05.532 [AsyncHttpClient-1-2] DEBUG org.asynchttpclient.netty.handler.HttpHandler - 

Request DefaultHttpRequest(decodeResult: success, version: HTTP/1.1)
POST /session/0db3092b7c6ee490e0b2cf8813e970df/element HTTP/1.1
User-Agent: selenium/4.12.0 (java windows)
Content-Length: 178
Content-Type: application/json; charset=utf-8
host: localhost:2054
accept: */*

Response DefaultHttpResponse(decodeResult: success, version: HTTP/1.1)
HTTP/1.1 200 OK
Content-Length: 126
Content-Type: application/json; charset=utf-8
cache-control: no-cache

19:35:05.532 [AsyncHttpClient-1-2] DEBUG org.asynchttpclient.netty.channel.ChannelManager - Adding key: http://localhost:2054 for channel [id: 0x6340ada6, L:/127.0.0.1:50272 - R:localhost/127.0.0.1:2054]
19:35:05.536 [Forwarding clickElement on session 0db3092b7c6ee490e0b2cf8813e970df to remote] DEBUG org.asynchttpclient.netty.request.NettyRequestSender - Using pooled Channel '[id: 0x6340ada6, L:/127.0.0.1:50272 - R:localhost/127.0.0.1:2054]' for 'POST' to 'http://localhost:2054/session/0db3092b7c6ee490e0b2cf8813e970df/element/f.CD8E0A13261831C2326B3CE2DACF6075.d.53444FCE67EF330B8AEDDA2904E7688C.e.37/click'
19:35:05.537 [Forwarding clickElement on session 0db3092b7c6ee490e0b2cf8813e970df to remote] DEBUG org.asynchttpclient.netty.request.NettyRequestSender - Using open Channel [id: 0x6340ada6, L:/127.0.0.1:50272 - R:localhost/127.0.0.1:2054] for POST '/session/0db3092b7c6ee490e0b2cf8813e970df/element/f.CD8E0A13261831C2326B3CE2DACF6075.d.53444FCE67EF330B8AEDDA2904E7688C.e.37/click'
19:35:05.607 [AsyncHttpClient-1-2] DEBUG org.asynchttpclient.netty.handler.HttpHandler - 

Request DefaultHttpRequest(decodeResult: success, version: HTTP/1.1)
POST /session/0db3092b7c6ee490e0b2cf8813e970df/element/f.CD8E0A13261831C2326B3CE2DACF6075.d.53444FCE67EF330B8AEDDA2904E7688C.e.37/click HTTP/1.1
User-Agent: selenium/4.12.0 (java windows)
Content-Length: 88
Content-Type: application/json; charset=utf-8
host: localhost:2054
accept: */*

Response DefaultHttpResponse(decodeResult: success, version: HTTP/1.1)
HTTP/1.1 200 OK
Content-Length: 14
Content-Type: application/json; charset=utf-8
cache-control: no-cache

19:35:05.607 [AsyncHttpClient-1-2] DEBUG org.asynchttpclient.netty.channel.ChannelManager - Adding key: http://localhost:2054 for channel [id: 0x6340ada6, L:/127.0.0.1:50272 - R:localhost/127.0.0.1:2054]
  When Open customer form                                                     # StepDefination.Customer_onboarding.Open_customer_form()
19:35:05.670 [AsyncHttpClient-1-1] DEBUG org.asynchttpclient.netty.channel.DefaultChannelPool - Entry count for : http://localhost:50274 : 1
19:35:05.670 [AsyncHttpClient-1-1] DEBUG org.asynchttpclient.netty.channel.DefaultChannelPool - Entry count for : http://localhost:2054 : 1
19:35:06.616 [Forwarding findElement on session 0db3092b7c6ee490e0b2cf8813e970df to remote] DEBUG org.asynchttpclient.netty.request.NettyRequestSender - Using pooled Channel '[id: 0x6340ada6, L:/127.0.0.1:50272 - R:localhost/127.0.0.1:2054]' for 'POST' to 'http://localhost:2054/session/0db3092b7c6ee490e0b2cf8813e970df/element'
19:35:06.617 [Forwarding findElement on session 0db3092b7c6ee490e0b2cf8813e970df to remote] DEBUG org.asynchttpclient.netty.request.NettyRequestSender - Using open Channel [id: 0x6340ada6, L:/127.0.0.1:50272 - R:localhost/127.0.0.1:2054] for POST '/session/0db3092b7c6ee490e0b2cf8813e970df/element'
19:35:06.633 [AsyncHttpClient-1-2] DEBUG org.asynchttpclient.netty.handler.HttpHandler - 

Request DefaultHttpRequest(decodeResult: success, version: HTTP/1.1)
POST /session/0db3092b7c6ee490e0b2cf8813e970df/element HTTP/1.1
User-Agent: selenium/4.12.0 (java windows)
Content-Length: 114
Content-Type: application/json; charset=utf-8
host: localhost:2054
accept: */*

Response DefaultHttpResponse(decodeResult: success, version: HTTP/1.1)
HTTP/1.1 404 Not Found
Content-Length: 1101
Content-Type: application/json; charset=utf-8
cache-control: no-cache

19:35:06.634 [AsyncHttpClient-1-2] DEBUG org.asynchttpclient.netty.channel.ChannelManager - Adding key: http://localhost:2054 for channel [id: 0x6340ada6, L:/127.0.0.1:50272 - R:localhost/127.0.0.1:2054]
  And Provide the company DetailsRoyal_Steel 447788 Sara_Sharma www.royal.com # StepDefination.Customer_onboarding.Provide_the_customer_Details(java.lang.String,java.lang.String,java.lang.String,java.lang.String)
      org.openqa.selenium.NoSuchElementException: no such element: Unable to locate element: {"method":"xpath","selector":"//input[@name='companyName' and @placeholder='Enter Customer Name']"}
  (Session info: chrome=131.0.6778.265)
For documentation on this error, please visit: https://www.selenium.dev/documentation/webdriver/troubleshooting/errors#no-such-element-exception
Build info: version: '4.12.0', revision: '249f2a7d1b*'
System info: os.name: 'Windows 11', os.arch: 'amd64', os.version: '10.0', java.version: '23.0.1'
Driver info: org.openqa.selenium.chrome.ChromeDriver
Command: [0db3092b7c6ee490e0b2cf8813e970df, findElement {using=xpath, value=//input[@name='companyName' and @placeholder='Enter Customer Name']}]
Capabilities {acceptInsecureCerts: false, browserName: chrome, browserVersion: 131.0.6778.265, chrome: {chromedriverVersion: 131.0.6778.204 (52183f9e99a..., userDataDir: C:\Windows\SystemTemp\scope...}, fedcm:accounts: true, goog:chromeOptions: {debuggerAddress: localhost:50274}, networkConnectionEnabled: false, pageLoadStrategy: normal, platformName: windows, proxy: Proxy(), se:cdp: ws://localhost:50274/devtoo..., se:cdpVersion: 131.0.6778.265, setWindowRect: true, strictFileInteractability: false, timeouts: {implicit: 0, pageLoad: 300000, script: 30000}, unhandledPromptBehavior: dismiss and notify, webauthn:extension:credBlob: true, webauthn:extension:largeBlob: true, webauthn:extension:minPinLength: true, webauthn:extension:prf: true, webauthn:virtualAuthenticators: true}
Session ID: 0db3092b7c6ee490e0b2cf8813e970df
	at java.base/jdk.internal.reflect.DirectConstructorHandleAccessor.newInstance(DirectConstructorHandleAccessor.java:62)
	at java.base/java.lang.reflect.Constructor.newInstanceWithCaller(Constructor.java:501)
	at java.base/java.lang.reflect.Constructor.newInstance(Constructor.java:485)
	at org.openqa.selenium.remote.codec.w3c.W3CHttpResponseCodec.createException(W3CHttpResponseCodec.java:200)
	at org.openqa.selenium.remote.codec.w3c.W3CHttpResponseCodec.decode(W3CHttpResponseCodec.java:133)
	at org.openqa.selenium.remote.codec.w3c.W3CHttpResponseCodec.decode(W3CHttpResponseCodec.java:52)
	at org.openqa.selenium.remote.HttpCommandExecutor.execute(HttpCommandExecutor.java:191)
	at org.openqa.selenium.remote.service.DriverCommandExecutor.invokeExecute(DriverCommandExecutor.java:196)
	at org.openqa.selenium.remote.service.DriverCommandExecutor.execute(DriverCommandExecutor.java:171)
	at org.openqa.selenium.remote.RemoteWebDriver.execute(RemoteWebDriver.java:602)
	at org.openqa.selenium.remote.ElementLocation$ElementFinder$2.findElement(ElementLocation.java:165)
	at org.openqa.selenium.remote.ElementLocation.findElement(ElementLocation.java:59)
	at org.openqa.selenium.remote.RemoteWebDriver.findElement(RemoteWebDriver.java:359)
	at org.openqa.selenium.remote.RemoteWebDriver.findElement(RemoteWebDriver.java:353)
	at org.openqa.selenium.support.pagefactory.DefaultElementLocator.findElement(DefaultElementLocator.java:68)
	at org.openqa.selenium.support.pagefactory.internal.LocatingElementHandler.invoke(LocatingElementHandler.java:38)
	at jdk.proxy2/jdk.proxy2.$Proxy23.sendKeys(Unknown Source)
	at PageObjects.Customer_objects.Enter_Company_details(Customer_objects.java:124)
	at StepDefination.Customer_onboarding.Provide_the_customer_Details(Customer_onboarding.java:45)
	at ✽.Provide the company DetailsRoyal_Steel 447788 Sara_Sharma www.royal.com(file:///C:/Users/Aniket%20Satpute/eclipse-workspace/FleetProject/src/test/resources/Customers/Customer_form.feature:7)

  And Provide the contact Details9865768576 royal@mail.com                    # StepDefination.Customer_onboarding.Provide_the_contact_Details(java.lang.String,java.lang.String)
  And Provide the alternate Details859889569 alt@mail.com                     # StepDefination.Customer_onboarding.Provide_the_alternate_Details(java.lang.String,java.lang.String)
  And Provide the Address DetailsMain_street001 YK FL 987678 USA              # StepDefination.Customer_onboarding.Provide_the_address_Details(java.lang.String,java.lang.String,java.lang.String,java.lang.String,java.lang.String)
  And Provide the bookvia with Emailroyal.book.com                            # StepDefination.Customer_onboarding.Provide_the_bookvia_email(java.lang.String)
  And Provide the special_instructionsspecial_instruction_customer            # StepDefination.Customer_onboarding.Provide_the_special_instructions(java.lang.String)
  And Provide the Business hour04:00 15:00                                    # StepDefination.Customer_onboarding.Provide_the_business_hores(java.lang.String,java.lang.String)
  When Submit the form                                                        # StepDefination.Customer_onboarding.Submit_the_form()
  Then customer successsfully added                                           # StepDefination.Customer_onboarding.customer_successsfully_added()
  And Close_Window                                                            # StepDefination.Customer_onboarding.close_window()
]]></system-out>
    <system-err><![CDATA[Jan 14, 2025 7:34:10 PM org.openqa.selenium.devtools.CdpVersionFinder findNearestMatch
WARNING: Unable to find CDP implementation matching 131
Jan 14, 2025 7:34:10 PM org.openqa.selenium.chromium.ChromiumDriver lambda$new$5
WARNING: Unable to find version of CDP to use for 131.0.6778.265. You may need to include a dependency on a specific version of the CDP using something similar to `org.seleniumhq.selenium:selenium-devtools-v86:4.12.0` where the version ("v86") matches the version of the chromium-based browser you're using and the version number of the artifact is the same as Selenium's.
]]></system-err>
  </testcase>
  <testcase name="Add single customer with company name and address" classname="Customer Onboarding form" time="63.004">
    <system-out><![CDATA[
Scenario Outline: Add single customer with company name and address # src/test/resources/Customers/Customer_form.feature:34
19:35:06.770 [AsyncHttpClient-1-1] DEBUG org.asynchttpclient.netty.channel.DefaultChannelPool - Entry count for : http://localhost:50274 : 1
19:35:06.770 [AsyncHttpClient-1-1] DEBUG org.asynchttpclient.netty.channel.DefaultChannelPool - Entry count for : http://localhost:2054 : 1
19:35:06.943 [AsyncHttpClient-1-5] DEBUG org.asynchttpclient.netty.channel.NettyConnectListener - Using new Channel '[id: 0x190caff9, L:/127.0.0.1:50342 - R:localhost/127.0.0.1:43867]' for 'POST' to '/session'
19:35:07.871 [AsyncHttpClient-1-1] DEBUG org.asynchttpclient.netty.channel.DefaultChannelPool - Entry count for : http://localhost:50274 : 1
19:35:07.871 [AsyncHttpClient-1-1] DEBUG org.asynchttpclient.netty.channel.DefaultChannelPool - Entry count for : http://localhost:2054 : 1
19:35:07.972 [AsyncHttpClient-1-5] DEBUG org.asynchttpclient.netty.handler.HttpHandler - 

Request DefaultHttpRequest(decodeResult: success, version: HTTP/1.1)
POST /session HTTP/1.1
User-Agent: selenium/4.12.0 (java windows)
Content-Length: 254
Content-Type: application/json; charset=utf-8
host: localhost:43867
accept: */*

Response DefaultHttpResponse(decodeResult: success, version: HTTP/1.1)
HTTP/1.1 200 OK
Content-Length: 869
Content-Type: application/json; charset=utf-8
cache-control: no-cache

19:35:07.972 [AsyncHttpClient-1-5] DEBUG org.asynchttpclient.netty.channel.ChannelManager - Adding key: http://localhost:43867 for channel [id: 0x190caff9, L:/127.0.0.1:50342 - R:localhost/127.0.0.1:43867]
19:35:07.983 [AsyncHttpClient-1-6] DEBUG org.asynchttpclient.netty.channel.NettyConnectListener - Using new Channel '[id: 0x00fdef43, L:/127.0.0.1:50350 - R:localhost/127.0.0.1:50343]' for 'GET' to '/json/version'
19:35:07.987 [AsyncHttpClient-1-6] DEBUG org.asynchttpclient.netty.handler.HttpHandler - 

Request DefaultFullHttpRequest(decodeResult: success, version: HTTP/1.1, content: EmptyByteBufBE)
GET /json/version HTTP/1.1
User-Agent: selenium/4.12.0 (java windows)
host: localhost:50343
accept: */*

Response DefaultHttpResponse(decodeResult: success, version: HTTP/1.1)
HTTP/1.1 200 OK
Content-Security-Policy: frame-ancestors 'none'
Content-Length: 424
Content-Type: application/json; charset=UTF-8

19:35:07.987 [AsyncHttpClient-1-6] DEBUG org.asynchttpclient.netty.channel.ChannelManager - Adding key: http://localhost:50343 for channel [id: 0x00fdef43, L:/127.0.0.1:50350 - R:localhost/127.0.0.1:50343]
19:35:07.991 [AsyncHttpClient-1-7] DEBUG org.asynchttpclient.netty.channel.NettyConnectListener - Using new Channel '[id: 0x75228e01, L:/127.0.0.1:50351 - R:localhost/127.0.0.1:50343]' for 'GET' to '/devtools/browser/d2f3b669-b7b8-44d3-848c-ffb0dd5bfdec'
19:35:07.996 [AsyncHttpClient-1-7] DEBUG org.asynchttpclient.netty.handler.WebSocketHandler - 

Request DefaultFullHttpRequest(decodeResult: success, version: HTTP/1.1, content: EmptyByteBufBE)
GET /devtools/browser/d2f3b669-b7b8-44d3-848c-ffb0dd5bfdec HTTP/1.1
upgrade: websocket
connection: upgrade
sec-websocket-key: PmuwMCjyJdFUR0wpJ46jLw==
sec-websocket-version: 13
origin: http://localhost:50343
host: localhost:50343
accept: */*
user-agent: AHC/2.1

Response DefaultHttpResponse(decodeResult: success, version: HTTP/1.1)
HTTP/1.1 101 WebSocket Protocol Handshake
Upgrade: WebSocket
Connection: Upgrade
Sec-WebSocket-Accept: 8kgbh8jw60hz8X1H3Em4wrNk/go=

19:35:08.004 [Forwarding get on session d425dfcc20970418c7604a8c7efc49bc to remote] DEBUG org.asynchttpclient.netty.request.NettyRequestSender - Using pooled Channel '[id: 0x190caff9, L:/127.0.0.1:50342 - R:localhost/127.0.0.1:43867]' for 'POST' to 'http://localhost:43867/session/d425dfcc20970418c7604a8c7efc49bc/url'
19:35:08.004 [Forwarding get on session d425dfcc20970418c7604a8c7efc49bc to remote] DEBUG org.asynchttpclient.netty.request.NettyRequestSender - Using open Channel [id: 0x190caff9, L:/127.0.0.1:50342 - R:localhost/127.0.0.1:43867] for POST '/session/d425dfcc20970418c7604a8c7efc49bc/url'
19:35:08.984 [AsyncHttpClient-1-1] DEBUG org.asynchttpclient.netty.channel.DefaultChannelPool - Entry count for : http://localhost:50274 : 1
19:35:08.984 [AsyncHttpClient-1-1] DEBUG org.asynchttpclient.netty.channel.DefaultChannelPool - Entry count for : http://localhost:2054 : 1
19:35:08.984 [AsyncHttpClient-1-1] DEBUG org.asynchttpclient.netty.channel.DefaultChannelPool - Entry count for : http://localhost:50343 : 1
19:35:10.070 [AsyncHttpClient-1-1] DEBUG org.asynchttpclient.netty.channel.DefaultChannelPool - Entry count for : http://localhost:50274 : 1
19:35:10.070 [AsyncHttpClient-1-1] DEBUG org.asynchttpclient.netty.channel.DefaultChannelPool - Entry count for : http://localhost:2054 : 1
19:35:10.070 [AsyncHttpClient-1-1] DEBUG org.asynchttpclient.netty.channel.DefaultChannelPool - Entry count for : http://localhost:50343 : 1
19:35:10.070 [AsyncHttpClient-1-1] DEBUG org.asynchttpclient.netty.channel.DefaultChannelPool - Adding Candidate expired Channel [id: 0x26230e8e, L:/127.0.0.1:50280 - R:localhost/127.0.0.1:50274] isIdleTimeoutExpired=true isRemotelyClosed=false isTtlExpired=false
19:35:10.070 [AsyncHttpClient-1-1] DEBUG org.asynchttpclient.netty.channel.DefaultChannelPool - Closing Idle Channel [id: 0x26230e8e, L:/127.0.0.1:50280 - R:localhost/127.0.0.1:50274]
19:35:10.071 [AsyncHttpClient-1-1] DEBUG org.asynchttpclient.netty.channel.DefaultChannelPool - Closed 1 connections out of 3 in 1 ms
19:35:10.072 [AsyncHttpClient-1-3] DEBUG org.asynchttpclient.netty.handler.HttpHandler - Channel Closed: [id: 0x26230e8e, L:/127.0.0.1:50280 ! R:localhost/127.0.0.1:50274] with attribute DISCARD
19:35:11.180 [AsyncHttpClient-1-1] DEBUG org.asynchttpclient.netty.channel.DefaultChannelPool - Entry count for : http://localhost:2054 : 1
19:35:11.180 [AsyncHttpClient-1-1] DEBUG org.asynchttpclient.netty.channel.DefaultChannelPool - Entry count for : http://localhost:50343 : 1
19:35:12.270 [AsyncHttpClient-1-1] DEBUG org.asynchttpclient.netty.channel.DefaultChannelPool - Entry count for : http://localhost:2054 : 1
19:35:12.270 [AsyncHttpClient-1-1] DEBUG org.asynchttpclient.netty.channel.DefaultChannelPool - Entry count for : http://localhost:50343 : 1
19:35:13.374 [AsyncHttpClient-1-1] DEBUG org.asynchttpclient.netty.channel.DefaultChannelPool - Entry count for : http://localhost:2054 : 1
19:35:13.374 [AsyncHttpClient-1-1] DEBUG org.asynchttpclient.netty.channel.DefaultChannelPool - Entry count for : http://localhost:50343 : 1
19:35:14.476 [AsyncHttpClient-1-1] DEBUG org.asynchttpclient.netty.channel.DefaultChannelPool - Entry count for : http://localhost:2054 : 1
19:35:14.476 [AsyncHttpClient-1-1] DEBUG org.asynchttpclient.netty.channel.DefaultChannelPool - Entry count for : http://localhost:50343 : 1
19:35:15.585 [AsyncHttpClient-1-1] DEBUG org.asynchttpclient.netty.channel.DefaultChannelPool - Entry count for : http://localhost:2054 : 1
19:35:15.585 [AsyncHttpClient-1-1] DEBUG org.asynchttpclient.netty.channel.DefaultChannelPool - Entry count for : http://localhost:50343 : 1
19:35:16.671 [AsyncHttpClient-1-1] DEBUG org.asynchttpclient.netty.channel.DefaultChannelPool - Entry count for : http://localhost:2054 : 1
19:35:16.671 [AsyncHttpClient-1-1] DEBUG org.asynchttpclient.netty.channel.DefaultChannelPool - Entry count for : http://localhost:50343 : 1
19:35:17.775 [AsyncHttpClient-1-1] DEBUG org.asynchttpclient.netty.channel.DefaultChannelPool - Entry count for : http://localhost:2054 : 1
19:35:17.775 [AsyncHttpClient-1-1] DEBUG org.asynchttpclient.netty.channel.DefaultChannelPool - Entry count for : http://localhost:50343 : 1
19:35:18.880 [AsyncHttpClient-1-1] DEBUG org.asynchttpclient.netty.channel.DefaultChannelPool - Entry count for : http://localhost:2054 : 1
19:35:18.882 [AsyncHttpClient-1-1] DEBUG org.asynchttpclient.netty.channel.DefaultChannelPool - Entry count for : http://localhost:50343 : 1
19:35:19.971 [AsyncHttpClient-1-1] DEBUG org.asynchttpclient.netty.channel.DefaultChannelPool - Entry count for : http://localhost:2054 : 1
19:35:19.971 [AsyncHttpClient-1-1] DEBUG org.asynchttpclient.netty.channel.DefaultChannelPool - Entry count for : http://localhost:50343 : 1
19:35:21.072 [AsyncHttpClient-1-1] DEBUG org.asynchttpclient.netty.channel.DefaultChannelPool - Entry count for : http://localhost:2054 : 1
19:35:21.072 [AsyncHttpClient-1-1] DEBUG org.asynchttpclient.netty.channel.DefaultChannelPool - Entry count for : http://localhost:50343 : 1
19:35:22.170 [AsyncHttpClient-1-1] DEBUG org.asynchttpclient.netty.channel.DefaultChannelPool - Entry count for : http://localhost:2054 : 1
19:35:22.170 [AsyncHttpClient-1-1] DEBUG org.asynchttpclient.netty.channel.DefaultChannelPool - Entry count for : http://localhost:50343 : 1
19:35:23.279 [AsyncHttpClient-1-1] DEBUG org.asynchttpclient.netty.channel.DefaultChannelPool - Entry count for : http://localhost:2054 : 1
19:35:23.280 [AsyncHttpClient-1-1] DEBUG org.asynchttpclient.netty.channel.DefaultChannelPool - Entry count for : http://localhost:50343 : 1
19:35:24.370 [AsyncHttpClient-1-1] DEBUG org.asynchttpclient.netty.channel.DefaultChannelPool - Entry count for : http://localhost:2054 : 1
19:35:24.370 [AsyncHttpClient-1-1] DEBUG org.asynchttpclient.netty.channel.DefaultChannelPool - Entry count for : http://localhost:50343 : 1
19:35:25.471 [AsyncHttpClient-1-1] DEBUG org.asynchttpclient.netty.channel.DefaultChannelPool - Entry count for : http://localhost:2054 : 1
19:35:25.471 [AsyncHttpClient-1-1] DEBUG org.asynchttpclient.netty.channel.DefaultChannelPool - Entry count for : http://localhost:50343 : 1
19:35:26.574 [AsyncHttpClient-1-1] DEBUG org.asynchttpclient.netty.channel.DefaultChannelPool - Entry count for : http://localhost:2054 : 1
19:35:26.575 [AsyncHttpClient-1-1] DEBUG org.asynchttpclient.netty.channel.DefaultChannelPool - Entry count for : http://localhost:50343 : 1
19:35:27.672 [AsyncHttpClient-1-1] DEBUG org.asynchttpclient.netty.channel.DefaultChannelPool - Entry count for : http://localhost:2054 : 1
19:35:27.672 [AsyncHttpClient-1-1] DEBUG org.asynchttpclient.netty.channel.DefaultChannelPool - Entry count for : http://localhost:50343 : 1
19:35:28.771 [AsyncHttpClient-1-1] DEBUG org.asynchttpclient.netty.channel.DefaultChannelPool - Entry count for : http://localhost:2054 : 1
19:35:28.771 [AsyncHttpClient-1-1] DEBUG org.asynchttpclient.netty.channel.DefaultChannelPool - Entry count for : http://localhost:50343 : 1
19:35:29.873 [AsyncHttpClient-1-1] DEBUG org.asynchttpclient.netty.channel.DefaultChannelPool - Entry count for : http://localhost:2054 : 1
19:35:29.873 [AsyncHttpClient-1-1] DEBUG org.asynchttpclient.netty.channel.DefaultChannelPool - Entry count for : http://localhost:50343 : 1
19:35:30.971 [AsyncHttpClient-1-1] DEBUG org.asynchttpclient.netty.channel.DefaultChannelPool - Entry count for : http://localhost:2054 : 1
19:35:30.971 [AsyncHttpClient-1-1] DEBUG org.asynchttpclient.netty.channel.DefaultChannelPool - Entry count for : http://localhost:50343 : 1
19:35:32.081 [AsyncHttpClient-1-1] DEBUG org.asynchttpclient.netty.channel.DefaultChannelPool - Entry count for : http://localhost:2054 : 1
19:35:32.081 [AsyncHttpClient-1-1] DEBUG org.asynchttpclient.netty.channel.DefaultChannelPool - Entry count for : http://localhost:50343 : 1
19:35:33.183 [AsyncHttpClient-1-1] DEBUG org.asynchttpclient.netty.channel.DefaultChannelPool - Entry count for : http://localhost:2054 : 1
19:35:33.183 [AsyncHttpClient-1-1] DEBUG org.asynchttpclient.netty.channel.DefaultChannelPool - Entry count for : http://localhost:50343 : 1
19:35:34.280 [AsyncHttpClient-1-1] DEBUG org.asynchttpclient.netty.channel.DefaultChannelPool - Entry count for : http://localhost:2054 : 1
19:35:34.280 [AsyncHttpClient-1-1] DEBUG org.asynchttpclient.netty.channel.DefaultChannelPool - Entry count for : http://localhost:50343 : 1
19:35:35.370 [AsyncHttpClient-1-1] DEBUG org.asynchttpclient.netty.channel.DefaultChannelPool - Entry count for : http://localhost:2054 : 1
19:35:35.370 [AsyncHttpClient-1-1] DEBUG org.asynchttpclient.netty.channel.DefaultChannelPool - Entry count for : http://localhost:50343 : 1
19:35:36.470 [AsyncHttpClient-1-1] DEBUG org.asynchttpclient.netty.channel.DefaultChannelPool - Entry count for : http://localhost:2054 : 1
19:35:36.470 [AsyncHttpClient-1-1] DEBUG org.asynchttpclient.netty.channel.DefaultChannelPool - Entry count for : http://localhost:50343 : 1
19:35:37.570 [AsyncHttpClient-1-1] DEBUG org.asynchttpclient.netty.channel.DefaultChannelPool - Entry count for : http://localhost:2054 : 1
19:35:37.570 [AsyncHttpClient-1-1] DEBUG org.asynchttpclient.netty.channel.DefaultChannelPool - Entry count for : http://localhost:50343 : 1
19:35:38.670 [AsyncHttpClient-1-1] DEBUG org.asynchttpclient.netty.channel.DefaultChannelPool - Entry count for : http://localhost:2054 : 1
19:35:38.670 [AsyncHttpClient-1-1] DEBUG org.asynchttpclient.netty.channel.DefaultChannelPool - Entry count for : http://localhost:50343 : 1
19:35:39.770 [AsyncHttpClient-1-1] DEBUG org.asynchttpclient.netty.channel.DefaultChannelPool - Entry count for : http://localhost:2054 : 1
19:35:39.770 [AsyncHttpClient-1-1] DEBUG org.asynchttpclient.netty.channel.DefaultChannelPool - Entry count for : http://localhost:50343 : 1
19:35:40.871 [AsyncHttpClient-1-1] DEBUG org.asynchttpclient.netty.channel.DefaultChannelPool - Entry count for : http://localhost:2054 : 1
19:35:40.871 [AsyncHttpClient-1-1] DEBUG org.asynchttpclient.netty.channel.DefaultChannelPool - Entry count for : http://localhost:50343 : 1
19:35:41.970 [AsyncHttpClient-1-1] DEBUG org.asynchttpclient.netty.channel.DefaultChannelPool - Entry count for : http://localhost:2054 : 1
19:35:41.970 [AsyncHttpClient-1-1] DEBUG org.asynchttpclient.netty.channel.DefaultChannelPool - Entry count for : http://localhost:50343 : 1
19:35:43.075 [AsyncHttpClient-1-1] DEBUG org.asynchttpclient.netty.channel.DefaultChannelPool - Entry count for : http://localhost:2054 : 1
19:35:43.075 [AsyncHttpClient-1-1] DEBUG org.asynchttpclient.netty.channel.DefaultChannelPool - Entry count for : http://localhost:50343 : 1
19:35:44.172 [AsyncHttpClient-1-1] DEBUG org.asynchttpclient.netty.channel.DefaultChannelPool - Entry count for : http://localhost:2054 : 1
19:35:44.172 [AsyncHttpClient-1-1] DEBUG org.asynchttpclient.netty.channel.DefaultChannelPool - Entry count for : http://localhost:50343 : 1
19:35:45.272 [AsyncHttpClient-1-1] DEBUG org.asynchttpclient.netty.channel.DefaultChannelPool - Entry count for : http://localhost:2054 : 1
19:35:45.272 [AsyncHttpClient-1-1] DEBUG org.asynchttpclient.netty.channel.DefaultChannelPool - Entry count for : http://localhost:50343 : 1
19:35:46.370 [AsyncHttpClient-1-1] DEBUG org.asynchttpclient.netty.channel.DefaultChannelPool - Entry count for : http://localhost:2054 : 1
19:35:46.370 [AsyncHttpClient-1-1] DEBUG org.asynchttpclient.netty.channel.DefaultChannelPool - Entry count for : http://localhost:50343 : 1
19:35:47.470 [AsyncHttpClient-1-1] DEBUG org.asynchttpclient.netty.channel.DefaultChannelPool - Entry count for : http://localhost:2054 : 1
19:35:47.470 [AsyncHttpClient-1-1] DEBUG org.asynchttpclient.netty.channel.DefaultChannelPool - Entry count for : http://localhost:50343 : 1
19:35:48.570 [AsyncHttpClient-1-1] DEBUG org.asynchttpclient.netty.channel.DefaultChannelPool - Entry count for : http://localhost:2054 : 1
19:35:48.570 [AsyncHttpClient-1-1] DEBUG org.asynchttpclient.netty.channel.DefaultChannelPool - Entry count for : http://localhost:50343 : 1
19:35:49.673 [AsyncHttpClient-1-1] DEBUG org.asynchttpclient.netty.channel.DefaultChannelPool - Entry count for : http://localhost:2054 : 1
19:35:49.673 [AsyncHttpClient-1-1] DEBUG org.asynchttpclient.netty.channel.DefaultChannelPool - Entry count for : http://localhost:50343 : 1
19:35:50.770 [AsyncHttpClient-1-1] DEBUG org.asynchttpclient.netty.channel.DefaultChannelPool - Entry count for : http://localhost:2054 : 1
19:35:50.770 [AsyncHttpClient-1-1] DEBUG org.asynchttpclient.netty.channel.DefaultChannelPool - Entry count for : http://localhost:50343 : 1
19:35:50.809 [AsyncHttpClient-1-5] DEBUG org.asynchttpclient.netty.handler.HttpHandler - 

Request DefaultHttpRequest(decodeResult: success, version: HTTP/1.1)
POST /session/d425dfcc20970418c7604a8c7efc49bc/url HTTP/1.1
User-Agent: selenium/4.12.0 (java windows)
Content-Length: 92
Content-Type: application/json; charset=utf-8
host: localhost:43867
accept: */*

Response DefaultHttpResponse(decodeResult: success, version: HTTP/1.1)
HTTP/1.1 200 OK
Content-Length: 14
Content-Type: application/json; charset=utf-8
cache-control: no-cache

19:35:50.809 [AsyncHttpClient-1-5] DEBUG org.asynchttpclient.netty.channel.ChannelManager - Adding key: http://localhost:43867 for channel [id: 0x190caff9, L:/127.0.0.1:50342 - R:localhost/127.0.0.1:43867]
19:35:50.811 [Forwarding maximizeCurrentWindow on session d425dfcc20970418c7604a8c7efc49bc to remote] DEBUG org.asynchttpclient.netty.request.NettyRequestSender - Using pooled Channel '[id: 0x190caff9, L:/127.0.0.1:50342 - R:localhost/127.0.0.1:43867]' for 'POST' to 'http://localhost:43867/session/d425dfcc20970418c7604a8c7efc49bc/window/maximize'
19:35:50.811 [Forwarding maximizeCurrentWindow on session d425dfcc20970418c7604a8c7efc49bc to remote] DEBUG org.asynchttpclient.netty.request.NettyRequestSender - Using open Channel [id: 0x190caff9, L:/127.0.0.1:50342 - R:localhost/127.0.0.1:43867] for POST '/session/d425dfcc20970418c7604a8c7efc49bc/window/maximize'
19:35:50.865 [AsyncHttpClient-1-5] DEBUG org.asynchttpclient.netty.handler.HttpHandler - 

Request DefaultHttpRequest(decodeResult: success, version: HTTP/1.1)
POST /session/d425dfcc20970418c7604a8c7efc49bc/window/maximize HTTP/1.1
User-Agent: selenium/4.12.0 (java windows)
Content-Length: 3
Content-Type: application/json; charset=utf-8
host: localhost:43867
accept: */*

Response DefaultHttpResponse(decodeResult: success, version: HTTP/1.1)
HTTP/1.1 200 OK
Content-Length: 51
Content-Type: application/json; charset=utf-8
cache-control: no-cache

19:35:50.865 [AsyncHttpClient-1-5] DEBUG org.asynchttpclient.netty.channel.ChannelManager - Adding key: http://localhost:43867 for channel [id: 0x190caff9, L:/127.0.0.1:50342 - R:localhost/127.0.0.1:43867]
19:35:50.868 [Forwarding findElement on session d425dfcc20970418c7604a8c7efc49bc to remote] DEBUG org.asynchttpclient.netty.request.NettyRequestSender - Using pooled Channel '[id: 0x190caff9, L:/127.0.0.1:50342 - R:localhost/127.0.0.1:43867]' for 'POST' to 'http://localhost:43867/session/d425dfcc20970418c7604a8c7efc49bc/element'
19:35:50.868 [Forwarding findElement on session d425dfcc20970418c7604a8c7efc49bc to remote] DEBUG org.asynchttpclient.netty.request.NettyRequestSender - Using open Channel [id: 0x190caff9, L:/127.0.0.1:50342 - R:localhost/127.0.0.1:43867] for POST '/session/d425dfcc20970418c7604a8c7efc49bc/element'
19:35:50.878 [AsyncHttpClient-1-5] DEBUG org.asynchttpclient.netty.handler.HttpHandler - 

Request DefaultHttpRequest(decodeResult: success, version: HTTP/1.1)
POST /session/d425dfcc20970418c7604a8c7efc49bc/element HTTP/1.1
User-Agent: selenium/4.12.0 (java windows)
Content-Length: 69
Content-Type: application/json; charset=utf-8
host: localhost:43867
accept: */*

Response DefaultHttpResponse(decodeResult: success, version: HTTP/1.1)
HTTP/1.1 200 OK
Content-Length: 125
Content-Type: application/json; charset=utf-8
cache-control: no-cache

19:35:50.878 [AsyncHttpClient-1-5] DEBUG org.asynchttpclient.netty.channel.ChannelManager - Adding key: http://localhost:43867 for channel [id: 0x190caff9, L:/127.0.0.1:50342 - R:localhost/127.0.0.1:43867]
19:35:50.882 [Forwarding sendKeysToElement on session d425dfcc20970418c7604a8c7efc49bc to remote] DEBUG org.asynchttpclient.netty.request.NettyRequestSender - Using pooled Channel '[id: 0x190caff9, L:/127.0.0.1:50342 - R:localhost/127.0.0.1:43867]' for 'POST' to 'http://localhost:43867/session/d425dfcc20970418c7604a8c7efc49bc/element/f.6F8C2C6B893F65CF0DBDF1CBADA5C08E.d.C401A77D20511E8FD695869897BD5C6B.e.2/value'
19:35:50.882 [Forwarding sendKeysToElement on session d425dfcc20970418c7604a8c7efc49bc to remote] DEBUG org.asynchttpclient.netty.request.NettyRequestSender - Using open Channel [id: 0x190caff9, L:/127.0.0.1:50342 - R:localhost/127.0.0.1:43867] for POST '/session/d425dfcc20970418c7604a8c7efc49bc/element/f.6F8C2C6B893F65CF0DBDF1CBADA5C08E.d.C401A77D20511E8FD695869897BD5C6B.e.2/value'
19:35:50.972 [AsyncHttpClient-1-5] DEBUG org.asynchttpclient.netty.handler.HttpHandler - 

Request DefaultHttpRequest(decodeResult: success, version: HTTP/1.1)
POST /session/d425dfcc20970418c7604a8c7efc49bc/element/f.6F8C2C6B893F65CF0DBDF1CBADA5C08E.d.C401A77D20511E8FD695869897BD5C6B.e.2/value HTTP/1.1
User-Agent: selenium/4.12.0 (java windows)
Content-Length: 338
Content-Type: application/json; charset=utf-8
host: localhost:43867
accept: */*

Response DefaultHttpResponse(decodeResult: success, version: HTTP/1.1)
HTTP/1.1 200 OK
Content-Length: 14
Content-Type: application/json; charset=utf-8
cache-control: no-cache

19:35:50.972 [AsyncHttpClient-1-5] DEBUG org.asynchttpclient.netty.channel.ChannelManager - Adding key: http://localhost:43867 for channel [id: 0x190caff9, L:/127.0.0.1:50342 - R:localhost/127.0.0.1:43867]
19:35:50.973 [Forwarding findElement on session d425dfcc20970418c7604a8c7efc49bc to remote] DEBUG org.asynchttpclient.netty.request.NettyRequestSender - Using pooled Channel '[id: 0x190caff9, L:/127.0.0.1:50342 - R:localhost/127.0.0.1:43867]' for 'POST' to 'http://localhost:43867/session/d425dfcc20970418c7604a8c7efc49bc/element'
19:35:50.973 [Forwarding findElement on session d425dfcc20970418c7604a8c7efc49bc to remote] DEBUG org.asynchttpclient.netty.request.NettyRequestSender - Using open Channel [id: 0x190caff9, L:/127.0.0.1:50342 - R:localhost/127.0.0.1:43867] for POST '/session/d425dfcc20970418c7604a8c7efc49bc/element'
19:35:50.983 [AsyncHttpClient-1-5] DEBUG org.asynchttpclient.netty.handler.HttpHandler - 

Request DefaultHttpRequest(decodeResult: success, version: HTTP/1.1)
POST /session/d425dfcc20970418c7604a8c7efc49bc/element HTTP/1.1
User-Agent: selenium/4.12.0 (java windows)
Content-Length: 72
Content-Type: application/json; charset=utf-8
host: localhost:43867
accept: */*

Response DefaultHttpResponse(decodeResult: success, version: HTTP/1.1)
HTTP/1.1 200 OK
Content-Length: 125
Content-Type: application/json; charset=utf-8
cache-control: no-cache

19:35:50.983 [AsyncHttpClient-1-5] DEBUG org.asynchttpclient.netty.channel.ChannelManager - Adding key: http://localhost:43867 for channel [id: 0x190caff9, L:/127.0.0.1:50342 - R:localhost/127.0.0.1:43867]
19:35:50.985 [Forwarding sendKeysToElement on session d425dfcc20970418c7604a8c7efc49bc to remote] DEBUG org.asynchttpclient.netty.request.NettyRequestSender - Using pooled Channel '[id: 0x190caff9, L:/127.0.0.1:50342 - R:localhost/127.0.0.1:43867]' for 'POST' to 'http://localhost:43867/session/d425dfcc20970418c7604a8c7efc49bc/element/f.6F8C2C6B893F65CF0DBDF1CBADA5C08E.d.C401A77D20511E8FD695869897BD5C6B.e.4/value'
19:35:50.985 [Forwarding sendKeysToElement on session d425dfcc20970418c7604a8c7efc49bc to remote] DEBUG org.asynchttpclient.netty.request.NettyRequestSender - Using open Channel [id: 0x190caff9, L:/127.0.0.1:50342 - R:localhost/127.0.0.1:43867] for POST '/session/d425dfcc20970418c7604a8c7efc49bc/element/f.6F8C2C6B893F65CF0DBDF1CBADA5C08E.d.C401A77D20511E8FD695869897BD5C6B.e.4/value'
19:35:51.034 [AsyncHttpClient-1-5] DEBUG org.asynchttpclient.netty.handler.HttpHandler - 

Request DefaultHttpRequest(decodeResult: success, version: HTTP/1.1)
POST /session/d425dfcc20970418c7604a8c7efc49bc/element/f.6F8C2C6B893F65CF0DBDF1CBADA5C08E.d.C401A77D20511E8FD695869897BD5C6B.e.4/value HTTP/1.1
User-Agent: selenium/4.12.0 (java windows)
Content-Length: 208
Content-Type: application/json; charset=utf-8
host: localhost:43867
accept: */*

Response DefaultHttpResponse(decodeResult: success, version: HTTP/1.1)
HTTP/1.1 200 OK
Content-Length: 14
Content-Type: application/json; charset=utf-8
cache-control: no-cache

19:35:51.035 [AsyncHttpClient-1-5] DEBUG org.asynchttpclient.netty.channel.ChannelManager - Adding key: http://localhost:43867 for channel [id: 0x190caff9, L:/127.0.0.1:50342 - R:localhost/127.0.0.1:43867]
19:35:51.037 [Forwarding findElement on session d425dfcc20970418c7604a8c7efc49bc to remote] DEBUG org.asynchttpclient.netty.request.NettyRequestSender - Using pooled Channel '[id: 0x190caff9, L:/127.0.0.1:50342 - R:localhost/127.0.0.1:43867]' for 'POST' to 'http://localhost:43867/session/d425dfcc20970418c7604a8c7efc49bc/element'
19:35:51.037 [Forwarding findElement on session d425dfcc20970418c7604a8c7efc49bc to remote] DEBUG org.asynchttpclient.netty.request.NettyRequestSender - Using open Channel [id: 0x190caff9, L:/127.0.0.1:50342 - R:localhost/127.0.0.1:43867] for POST '/session/d425dfcc20970418c7604a8c7efc49bc/element'
19:35:51.046 [AsyncHttpClient-1-5] DEBUG org.asynchttpclient.netty.handler.HttpHandler - 

Request DefaultHttpRequest(decodeResult: success, version: HTTP/1.1)
POST /session/d425dfcc20970418c7604a8c7efc49bc/element HTTP/1.1
User-Agent: selenium/4.12.0 (java windows)
Content-Length: 73
Content-Type: application/json; charset=utf-8
host: localhost:43867
accept: */*

Response DefaultHttpResponse(decodeResult: success, version: HTTP/1.1)
HTTP/1.1 200 OK
Content-Length: 125
Content-Type: application/json; charset=utf-8
cache-control: no-cache

19:35:51.047 [AsyncHttpClient-1-5] DEBUG org.asynchttpclient.netty.channel.ChannelManager - Adding key: http://localhost:43867 for channel [id: 0x190caff9, L:/127.0.0.1:50342 - R:localhost/127.0.0.1:43867]
19:35:51.049 [Forwarding clickElement on session d425dfcc20970418c7604a8c7efc49bc to remote] DEBUG org.asynchttpclient.netty.request.NettyRequestSender - Using pooled Channel '[id: 0x190caff9, L:/127.0.0.1:50342 - R:localhost/127.0.0.1:43867]' for 'POST' to 'http://localhost:43867/session/d425dfcc20970418c7604a8c7efc49bc/element/f.6F8C2C6B893F65CF0DBDF1CBADA5C08E.d.C401A77D20511E8FD695869897BD5C6B.e.6/click'
19:35:51.049 [Forwarding clickElement on session d425dfcc20970418c7604a8c7efc49bc to remote] DEBUG org.asynchttpclient.netty.request.NettyRequestSender - Using open Channel [id: 0x190caff9, L:/127.0.0.1:50342 - R:localhost/127.0.0.1:43867] for POST '/session/d425dfcc20970418c7604a8c7efc49bc/element/f.6F8C2C6B893F65CF0DBDF1CBADA5C08E.d.C401A77D20511E8FD695869897BD5C6B.e.6/click'
19:35:51.104 [AsyncHttpClient-1-5] DEBUG org.asynchttpclient.netty.handler.HttpHandler - 

Request DefaultHttpRequest(decodeResult: success, version: HTTP/1.1)
POST /session/d425dfcc20970418c7604a8c7efc49bc/element/f.6F8C2C6B893F65CF0DBDF1CBADA5C08E.d.C401A77D20511E8FD695869897BD5C6B.e.6/click HTTP/1.1
User-Agent: selenium/4.12.0 (java windows)
Content-Length: 87
Content-Type: application/json; charset=utf-8
host: localhost:43867
accept: */*

Response DefaultHttpResponse(decodeResult: success, version: HTTP/1.1)
HTTP/1.1 200 OK
Content-Length: 14
Content-Type: application/json; charset=utf-8
cache-control: no-cache

19:35:51.104 [AsyncHttpClient-1-5] DEBUG org.asynchttpclient.netty.channel.ChannelManager - Adding key: http://localhost:43867 for channel [id: 0x190caff9, L:/127.0.0.1:50342 - R:localhost/127.0.0.1:43867]
19:35:51.871 [AsyncHttpClient-1-1] DEBUG org.asynchttpclient.netty.channel.DefaultChannelPool - Entry count for : http://localhost:43867 : 1
19:35:51.871 [AsyncHttpClient-1-1] DEBUG org.asynchttpclient.netty.channel.DefaultChannelPool - Entry count for : http://localhost:2054 : 1
19:35:51.871 [AsyncHttpClient-1-1] DEBUG org.asynchttpclient.netty.channel.DefaultChannelPool - Entry count for : http://localhost:50343 : 1
19:35:52.977 [AsyncHttpClient-1-1] DEBUG org.asynchttpclient.netty.channel.DefaultChannelPool - Entry count for : http://localhost:43867 : 1
19:35:52.977 [AsyncHttpClient-1-1] DEBUG org.asynchttpclient.netty.channel.DefaultChannelPool - Entry count for : http://localhost:2054 : 1
19:35:52.977 [AsyncHttpClient-1-1] DEBUG org.asynchttpclient.netty.channel.DefaultChannelPool - Entry count for : http://localhost:50343 : 1
19:35:54.082 [AsyncHttpClient-1-1] DEBUG org.asynchttpclient.netty.channel.DefaultChannelPool - Entry count for : http://localhost:43867 : 1
19:35:54.082 [AsyncHttpClient-1-1] DEBUG org.asynchttpclient.netty.channel.DefaultChannelPool - Entry count for : http://localhost:2054 : 1
19:35:54.082 [AsyncHttpClient-1-1] DEBUG org.asynchttpclient.netty.channel.DefaultChannelPool - Entry count for : http://localhost:50343 : 1
19:35:55.175 [AsyncHttpClient-1-1] DEBUG org.asynchttpclient.netty.channel.DefaultChannelPool - Entry count for : http://localhost:43867 : 1
19:35:55.175 [AsyncHttpClient-1-1] DEBUG org.asynchttpclient.netty.channel.DefaultChannelPool - Entry count for : http://localhost:2054 : 1
19:35:55.175 [AsyncHttpClient-1-1] DEBUG org.asynchttpclient.netty.channel.DefaultChannelPool - Entry count for : http://localhost:50343 : 1
19:35:56.124 [Forwarding getCurrentUrl on session d425dfcc20970418c7604a8c7efc49bc to remote] DEBUG org.asynchttpclient.netty.request.NettyRequestSender - Using pooled Channel '[id: 0x190caff9, L:/127.0.0.1:50342 - R:localhost/127.0.0.1:43867]' for 'GET' to 'http://localhost:43867/session/d425dfcc20970418c7604a8c7efc49bc/url'
19:35:56.124 [Forwarding getCurrentUrl on session d425dfcc20970418c7604a8c7efc49bc to remote] DEBUG org.asynchttpclient.netty.request.NettyRequestSender - Using open Channel [id: 0x190caff9, L:/127.0.0.1:50342 - R:localhost/127.0.0.1:43867] for GET '/session/d425dfcc20970418c7604a8c7efc49bc/url'
19:35:56.200 [AsyncHttpClient-1-5] DEBUG org.asynchttpclient.netty.handler.HttpHandler - 

Request DefaultFullHttpRequest(decodeResult: success, version: HTTP/1.1, content: EmptyByteBufBE)
GET /session/d425dfcc20970418c7604a8c7efc49bc/url HTTP/1.1
Cache-Control: no-cache
User-Agent: selenium/4.12.0 (java windows)
Content-Type: application/json; charset=utf-8
host: localhost:43867
accept: */*

Response DefaultHttpResponse(decodeResult: success, version: HTTP/1.1)
HTTP/1.1 200 OK
Content-Length: 69
Content-Type: application/json; charset=utf-8
cache-control: no-cache

19:35:56.201 [AsyncHttpClient-1-5] DEBUG org.asynchttpclient.netty.channel.ChannelManager - Adding key: http://localhost:43867 for channel [id: 0x190caff9, L:/127.0.0.1:50342 - R:localhost/127.0.0.1:43867]
https://fleet-manager-development.vercel.app/auth/sign-in
19:35:56.203 [Forwarding findElement on session d425dfcc20970418c7604a8c7efc49bc to remote] DEBUG org.asynchttpclient.netty.request.NettyRequestSender - Using pooled Channel '[id: 0x190caff9, L:/127.0.0.1:50342 - R:localhost/127.0.0.1:43867]' for 'POST' to 'http://localhost:43867/session/d425dfcc20970418c7604a8c7efc49bc/element'
19:35:56.203 [Forwarding findElement on session d425dfcc20970418c7604a8c7efc49bc to remote] DEBUG org.asynchttpclient.netty.request.NettyRequestSender - Using open Channel [id: 0x190caff9, L:/127.0.0.1:50342 - R:localhost/127.0.0.1:43867] for POST '/session/d425dfcc20970418c7604a8c7efc49bc/element'
19:35:56.266 [AsyncHttpClient-1-5] DEBUG org.asynchttpclient.netty.handler.HttpHandler - 

Request DefaultHttpRequest(decodeResult: success, version: HTTP/1.1)
POST /session/d425dfcc20970418c7604a8c7efc49bc/element HTTP/1.1
User-Agent: selenium/4.12.0 (java windows)
Content-Length: 66
Content-Type: application/json; charset=utf-8
host: localhost:43867
accept: */*

Response DefaultHttpResponse(decodeResult: success, version: HTTP/1.1)
HTTP/1.1 200 OK
Content-Length: 126
Content-Type: application/json; charset=utf-8
cache-control: no-cache

19:35:56.267 [AsyncHttpClient-1-5] DEBUG org.asynchttpclient.netty.channel.ChannelManager - Adding key: http://localhost:43867 for channel [id: 0x190caff9, L:/127.0.0.1:50342 - R:localhost/127.0.0.1:43867]
19:35:56.271 [Forwarding isElementDisplayed on session d425dfcc20970418c7604a8c7efc49bc to remote] DEBUG org.asynchttpclient.netty.request.NettyRequestSender - Using pooled Channel '[id: 0x190caff9, L:/127.0.0.1:50342 - R:localhost/127.0.0.1:43867]' for 'POST' to 'http://localhost:43867/session/d425dfcc20970418c7604a8c7efc49bc/execute/sync'
19:35:56.271 [Forwarding isElementDisplayed on session d425dfcc20970418c7604a8c7efc49bc to remote] DEBUG org.asynchttpclient.netty.request.NettyRequestSender - Using open Channel [id: 0x190caff9, L:/127.0.0.1:50342 - R:localhost/127.0.0.1:43867] for POST '/session/d425dfcc20970418c7604a8c7efc49bc/execute/sync'
19:35:56.273 [AsyncHttpClient-1-1] DEBUG org.asynchttpclient.netty.channel.DefaultChannelPool - Entry count for : http://localhost:2054 : 1
19:35:56.273 [AsyncHttpClient-1-1] DEBUG org.asynchttpclient.netty.channel.DefaultChannelPool - Entry count for : http://localhost:50343 : 1
19:35:56.295 [AsyncHttpClient-1-5] DEBUG org.asynchttpclient.netty.handler.HttpHandler - 

Request DefaultHttpRequest(decodeResult: success, version: HTTP/1.1)
POST /session/d425dfcc20970418c7604a8c7efc49bc/execute/sync HTTP/1.1
User-Agent: selenium/4.12.0 (java windows)
Content-Length: 48734
Content-Type: application/json; charset=utf-8
host: localhost:43867
accept: */*

Response DefaultHttpResponse(decodeResult: success, version: HTTP/1.1)
HTTP/1.1 200 OK
Content-Length: 14
Content-Type: application/json; charset=utf-8
cache-control: no-cache

19:35:56.296 [AsyncHttpClient-1-5] DEBUG org.asynchttpclient.netty.channel.ChannelManager - Adding key: http://localhost:43867 for channel [id: 0x190caff9, L:/127.0.0.1:50342 - R:localhost/127.0.0.1:43867]
19:35:56.297 [Forwarding findElement on session d425dfcc20970418c7604a8c7efc49bc to remote] DEBUG org.asynchttpclient.netty.request.NettyRequestSender - Using pooled Channel '[id: 0x190caff9, L:/127.0.0.1:50342 - R:localhost/127.0.0.1:43867]' for 'POST' to 'http://localhost:43867/session/d425dfcc20970418c7604a8c7efc49bc/element'
19:35:56.297 [Forwarding findElement on session d425dfcc20970418c7604a8c7efc49bc to remote] DEBUG org.asynchttpclient.netty.request.NettyRequestSender - Using open Channel [id: 0x190caff9, L:/127.0.0.1:50342 - R:localhost/127.0.0.1:43867] for POST '/session/d425dfcc20970418c7604a8c7efc49bc/element'
19:35:56.308 [AsyncHttpClient-1-5] DEBUG org.asynchttpclient.netty.handler.HttpHandler - 

Request DefaultHttpRequest(decodeResult: success, version: HTTP/1.1)
POST /session/d425dfcc20970418c7604a8c7efc49bc/element HTTP/1.1
User-Agent: selenium/4.12.0 (java windows)
Content-Length: 66
Content-Type: application/json; charset=utf-8
host: localhost:43867
accept: */*

Response DefaultHttpResponse(decodeResult: success, version: HTTP/1.1)
HTTP/1.1 200 OK
Content-Length: 126
Content-Type: application/json; charset=utf-8
cache-control: no-cache

19:35:56.308 [AsyncHttpClient-1-5] DEBUG org.asynchttpclient.netty.channel.ChannelManager - Adding key: http://localhost:43867 for channel [id: 0x190caff9, L:/127.0.0.1:50342 - R:localhost/127.0.0.1:43867]
19:35:56.312 [Forwarding getElementText on session d425dfcc20970418c7604a8c7efc49bc to remote] DEBUG org.asynchttpclient.netty.request.NettyRequestSender - Using pooled Channel '[id: 0x190caff9, L:/127.0.0.1:50342 - R:localhost/127.0.0.1:43867]' for 'GET' to 'http://localhost:43867/session/d425dfcc20970418c7604a8c7efc49bc/element/f.6F8C2C6B893F65CF0DBDF1CBADA5C08E.d.C401A77D20511E8FD695869897BD5C6B.e.23/text'
19:35:56.312 [Forwarding getElementText on session d425dfcc20970418c7604a8c7efc49bc to remote] DEBUG org.asynchttpclient.netty.request.NettyRequestSender - Using open Channel [id: 0x190caff9, L:/127.0.0.1:50342 - R:localhost/127.0.0.1:43867] for GET '/session/d425dfcc20970418c7604a8c7efc49bc/element/f.6F8C2C6B893F65CF0DBDF1CBADA5C08E.d.C401A77D20511E8FD695869897BD5C6B.e.23/text'
19:35:56.323 [AsyncHttpClient-1-5] DEBUG org.asynchttpclient.netty.handler.HttpHandler - 

Request DefaultFullHttpRequest(decodeResult: success, version: HTTP/1.1, content: EmptyByteBufBE)
GET /session/d425dfcc20970418c7604a8c7efc49bc/element/f.6F8C2C6B893F65CF0DBDF1CBADA5C08E.d.C401A77D20511E8FD695869897BD5C6B.e.23/text HTTP/1.1
Cache-Control: no-cache
User-Agent: selenium/4.12.0 (java windows)
Content-Type: application/json; charset=utf-8
host: localhost:43867
accept: */*

Response DefaultHttpResponse(decodeResult: success, version: HTTP/1.1)
HTTP/1.1 200 OK
Content-Length: 33
Content-Type: application/json; charset=utf-8
cache-control: no-cache

19:35:56.324 [AsyncHttpClient-1-5] DEBUG org.asynchttpclient.netty.channel.ChannelManager - Adding key: http://localhost:43867 for channel [id: 0x190caff9, L:/127.0.0.1:50342 - R:localhost/127.0.0.1:43867]
19:35:56.328 [Forwarding findElement on session d425dfcc20970418c7604a8c7efc49bc to remote] DEBUG org.asynchttpclient.netty.request.NettyRequestSender - Using pooled Channel '[id: 0x190caff9, L:/127.0.0.1:50342 - R:localhost/127.0.0.1:43867]' for 'POST' to 'http://localhost:43867/session/d425dfcc20970418c7604a8c7efc49bc/element'
19:35:56.329 [Forwarding findElement on session d425dfcc20970418c7604a8c7efc49bc to remote] DEBUG org.asynchttpclient.netty.request.NettyRequestSender - Using open Channel [id: 0x190caff9, L:/127.0.0.1:50342 - R:localhost/127.0.0.1:43867] for POST '/session/d425dfcc20970418c7604a8c7efc49bc/element'
19:35:56.356 [AsyncHttpClient-1-5] DEBUG org.asynchttpclient.netty.handler.HttpHandler - 

Request DefaultHttpRequest(decodeResult: success, version: HTTP/1.1)
POST /session/d425dfcc20970418c7604a8c7efc49bc/element HTTP/1.1
User-Agent: selenium/4.12.0 (java windows)
Content-Length: 74
Content-Type: application/json; charset=utf-8
host: localhost:43867
accept: */*

Response DefaultHttpResponse(decodeResult: success, version: HTTP/1.1)
HTTP/1.1 200 OK
Content-Length: 126
Content-Type: application/json; charset=utf-8
cache-control: no-cache

19:35:56.357 [AsyncHttpClient-1-5] DEBUG org.asynchttpclient.netty.channel.ChannelManager - Adding key: http://localhost:43867 for channel [id: 0x190caff9, L:/127.0.0.1:50342 - R:localhost/127.0.0.1:43867]
19:35:56.364 [Forwarding clickElement on session d425dfcc20970418c7604a8c7efc49bc to remote] DEBUG org.asynchttpclient.netty.request.NettyRequestSender - Using pooled Channel '[id: 0x190caff9, L:/127.0.0.1:50342 - R:localhost/127.0.0.1:43867]' for 'POST' to 'http://localhost:43867/session/d425dfcc20970418c7604a8c7efc49bc/element/f.6F8C2C6B893F65CF0DBDF1CBADA5C08E.d.C401A77D20511E8FD695869897BD5C6B.e.24/click'
19:35:56.364 [Forwarding clickElement on session d425dfcc20970418c7604a8c7efc49bc to remote] DEBUG org.asynchttpclient.netty.request.NettyRequestSender - Using open Channel [id: 0x190caff9, L:/127.0.0.1:50342 - R:localhost/127.0.0.1:43867] for POST '/session/d425dfcc20970418c7604a8c7efc49bc/element/f.6F8C2C6B893F65CF0DBDF1CBADA5C08E.d.C401A77D20511E8FD695869897BD5C6B.e.24/click'
19:35:56.475 [AsyncHttpClient-1-5] DEBUG org.asynchttpclient.netty.handler.HttpHandler - 

Request DefaultHttpRequest(decodeResult: success, version: HTTP/1.1)
POST /session/d425dfcc20970418c7604a8c7efc49bc/element/f.6F8C2C6B893F65CF0DBDF1CBADA5C08E.d.C401A77D20511E8FD695869897BD5C6B.e.24/click HTTP/1.1
User-Agent: selenium/4.12.0 (java windows)
Content-Length: 88
Content-Type: application/json; charset=utf-8
host: localhost:43867
accept: */*

Response DefaultHttpResponse(decodeResult: success, version: HTTP/1.1)
HTTP/1.1 200 OK
Content-Length: 14
Content-Type: application/json; charset=utf-8
cache-control: no-cache

19:35:56.477 [AsyncHttpClient-1-5] DEBUG org.asynchttpclient.netty.channel.ChannelManager - Adding key: http://localhost:43867 for channel [id: 0x190caff9, L:/127.0.0.1:50342 - R:localhost/127.0.0.1:43867]
19:35:57.375 [AsyncHttpClient-1-1] DEBUG org.asynchttpclient.netty.channel.DefaultChannelPool - Entry count for : http://localhost:43867 : 1
19:35:57.376 [AsyncHttpClient-1-1] DEBUG org.asynchttpclient.netty.channel.DefaultChannelPool - Entry count for : http://localhost:2054 : 1
19:35:57.376 [AsyncHttpClient-1-1] DEBUG org.asynchttpclient.netty.channel.DefaultChannelPool - Entry count for : http://localhost:50343 : 1
19:35:58.479 [AsyncHttpClient-1-1] DEBUG org.asynchttpclient.netty.channel.DefaultChannelPool - Entry count for : http://localhost:43867 : 1
19:35:58.479 [AsyncHttpClient-1-1] DEBUG org.asynchttpclient.netty.channel.DefaultChannelPool - Entry count for : http://localhost:2054 : 1
19:35:58.479 [AsyncHttpClient-1-1] DEBUG org.asynchttpclient.netty.channel.DefaultChannelPool - Entry count for : http://localhost:50343 : 1
19:35:59.483 [Forwarding screenshot on session d425dfcc20970418c7604a8c7efc49bc to remote] DEBUG org.asynchttpclient.netty.request.NettyRequestSender - Using pooled Channel '[id: 0x190caff9, L:/127.0.0.1:50342 - R:localhost/127.0.0.1:43867]' for 'GET' to 'http://localhost:43867/session/d425dfcc20970418c7604a8c7efc49bc/screenshot'
19:35:59.483 [Forwarding screenshot on session d425dfcc20970418c7604a8c7efc49bc to remote] DEBUG org.asynchttpclient.netty.request.NettyRequestSender - Using open Channel [id: 0x190caff9, L:/127.0.0.1:50342 - R:localhost/127.0.0.1:43867] for GET '/session/d425dfcc20970418c7604a8c7efc49bc/screenshot'
19:35:59.531 [AsyncHttpClient-1-5] DEBUG org.asynchttpclient.netty.handler.HttpHandler - 

Request DefaultFullHttpRequest(decodeResult: success, version: HTTP/1.1, content: EmptyByteBufBE)
GET /session/d425dfcc20970418c7604a8c7efc49bc/screenshot HTTP/1.1
Cache-Control: no-cache
User-Agent: selenium/4.12.0 (java windows)
Content-Type: application/json; charset=utf-8
host: localhost:43867
accept: */*

Response DefaultHttpResponse(decodeResult: success, version: HTTP/1.1)
HTTP/1.1 200 OK
Content-Length: 5404
Content-Type: application/json; charset=utf-8
cache-control: no-cache

19:35:59.531 [AsyncHttpClient-1-5] DEBUG org.asynchttpclient.netty.channel.ChannelManager - Adding key: http://localhost:43867 for channel [id: 0x190caff9, L:/127.0.0.1:50342 - R:localhost/127.0.0.1:43867]
  Given I am on dashboardfokisaj290@edectus.com and Fleet@123       # StepDefination.Customer_onboarding.I_am_on_dashboard(java.lang.String,java.lang.String)
19:35:59.549 [Forwarding findElement on session d425dfcc20970418c7604a8c7efc49bc to remote] DEBUG org.asynchttpclient.netty.request.NettyRequestSender - Using pooled Channel '[id: 0x190caff9, L:/127.0.0.1:50342 - R:localhost/127.0.0.1:43867]' for 'POST' to 'http://localhost:43867/session/d425dfcc20970418c7604a8c7efc49bc/element'
19:35:59.549 [Forwarding findElement on session d425dfcc20970418c7604a8c7efc49bc to remote] DEBUG org.asynchttpclient.netty.request.NettyRequestSender - Using open Channel [id: 0x190caff9, L:/127.0.0.1:50342 - R:localhost/127.0.0.1:43867] for POST '/session/d425dfcc20970418c7604a8c7efc49bc/element'
19:35:59.570 [AsyncHttpClient-1-5] DEBUG org.asynchttpclient.netty.handler.HttpHandler - 

Request DefaultHttpRequest(decodeResult: success, version: HTTP/1.1)
POST /session/d425dfcc20970418c7604a8c7efc49bc/element HTTP/1.1
User-Agent: selenium/4.12.0 (java windows)
Content-Length: 127
Content-Type: application/json; charset=utf-8
host: localhost:43867
accept: */*

Response DefaultHttpResponse(decodeResult: success, version: HTTP/1.1)
HTTP/1.1 200 OK
Content-Length: 126
Content-Type: application/json; charset=utf-8
cache-control: no-cache

19:35:59.570 [AsyncHttpClient-1-5] DEBUG org.asynchttpclient.netty.channel.ChannelManager - Adding key: http://localhost:43867 for channel [id: 0x190caff9, L:/127.0.0.1:50342 - R:localhost/127.0.0.1:43867]
19:35:59.571 [Forwarding getElementText on session d425dfcc20970418c7604a8c7efc49bc to remote] DEBUG org.asynchttpclient.netty.request.NettyRequestSender - Using pooled Channel '[id: 0x190caff9, L:/127.0.0.1:50342 - R:localhost/127.0.0.1:43867]' for 'GET' to 'http://localhost:43867/session/d425dfcc20970418c7604a8c7efc49bc/element/f.6F8C2C6B893F65CF0DBDF1CBADA5C08E.d.23259647899F4982DC354D817C33D150.e.32/text'
19:35:59.571 [Forwarding getElementText on session d425dfcc20970418c7604a8c7efc49bc to remote] DEBUG org.asynchttpclient.netty.request.NettyRequestSender - Using open Channel [id: 0x190caff9, L:/127.0.0.1:50342 - R:localhost/127.0.0.1:43867] for GET '/session/d425dfcc20970418c7604a8c7efc49bc/element/f.6F8C2C6B893F65CF0DBDF1CBADA5C08E.d.23259647899F4982DC354D817C33D150.e.32/text'
19:35:59.577 [AsyncHttpClient-1-1] DEBUG org.asynchttpclient.netty.channel.DefaultChannelPool - Entry count for : http://localhost:2054 : 1
19:35:59.577 [AsyncHttpClient-1-1] DEBUG org.asynchttpclient.netty.channel.DefaultChannelPool - Entry count for : http://localhost:50343 : 1
19:35:59.589 [AsyncHttpClient-1-5] DEBUG org.asynchttpclient.netty.handler.HttpHandler - 

Request DefaultFullHttpRequest(decodeResult: success, version: HTTP/1.1, content: EmptyByteBufBE)
GET /session/d425dfcc20970418c7604a8c7efc49bc/element/f.6F8C2C6B893F65CF0DBDF1CBADA5C08E.d.23259647899F4982DC354D817C33D150.e.32/text HTTP/1.1
Cache-Control: no-cache
User-Agent: selenium/4.12.0 (java windows)
Content-Type: application/json; charset=utf-8
host: localhost:43867
accept: */*

Response DefaultHttpResponse(decodeResult: success, version: HTTP/1.1)
HTTP/1.1 200 OK
Content-Length: 21
Content-Type: application/json; charset=utf-8
cache-control: no-cache

19:35:59.589 [AsyncHttpClient-1-5] DEBUG org.asynchttpclient.netty.channel.ChannelManager - Adding key: http://localhost:43867 for channel [id: 0x190caff9, L:/127.0.0.1:50342 - R:localhost/127.0.0.1:43867]
19:35:59.592 [Forwarding findElement on session d425dfcc20970418c7604a8c7efc49bc to remote] DEBUG org.asynchttpclient.netty.request.NettyRequestSender - Using pooled Channel '[id: 0x190caff9, L:/127.0.0.1:50342 - R:localhost/127.0.0.1:43867]' for 'POST' to 'http://localhost:43867/session/d425dfcc20970418c7604a8c7efc49bc/element'
19:35:59.592 [Forwarding findElement on session d425dfcc20970418c7604a8c7efc49bc to remote] DEBUG org.asynchttpclient.netty.request.NettyRequestSender - Using open Channel [id: 0x190caff9, L:/127.0.0.1:50342 - R:localhost/127.0.0.1:43867] for POST '/session/d425dfcc20970418c7604a8c7efc49bc/element'
19:35:59.606 [AsyncHttpClient-1-5] DEBUG org.asynchttpclient.netty.handler.HttpHandler - 

Request DefaultHttpRequest(decodeResult: success, version: HTTP/1.1)
POST /session/d425dfcc20970418c7604a8c7efc49bc/element HTTP/1.1
User-Agent: selenium/4.12.0 (java windows)
Content-Length: 127
Content-Type: application/json; charset=utf-8
host: localhost:43867
accept: */*

Response DefaultHttpResponse(decodeResult: success, version: HTTP/1.1)
HTTP/1.1 200 OK
Content-Length: 126
Content-Type: application/json; charset=utf-8
cache-control: no-cache

19:35:59.606 [AsyncHttpClient-1-5] DEBUG org.asynchttpclient.netty.channel.ChannelManager - Adding key: http://localhost:43867 for channel [id: 0x190caff9, L:/127.0.0.1:50342 - R:localhost/127.0.0.1:43867]
19:35:59.608 [Forwarding clickElement on session d425dfcc20970418c7604a8c7efc49bc to remote] DEBUG org.asynchttpclient.netty.request.NettyRequestSender - Using pooled Channel '[id: 0x190caff9, L:/127.0.0.1:50342 - R:localhost/127.0.0.1:43867]' for 'POST' to 'http://localhost:43867/session/d425dfcc20970418c7604a8c7efc49bc/element/f.6F8C2C6B893F65CF0DBDF1CBADA5C08E.d.23259647899F4982DC354D817C33D150.e.32/click'
19:35:59.608 [Forwarding clickElement on session d425dfcc20970418c7604a8c7efc49bc to remote] DEBUG org.asynchttpclient.netty.request.NettyRequestSender - Using open Channel [id: 0x190caff9, L:/127.0.0.1:50342 - R:localhost/127.0.0.1:43867] for POST '/session/d425dfcc20970418c7604a8c7efc49bc/element/f.6F8C2C6B893F65CF0DBDF1CBADA5C08E.d.23259647899F4982DC354D817C33D150.e.32/click'
19:35:59.762 [AsyncHttpClient-1-5] DEBUG org.asynchttpclient.netty.handler.HttpHandler - 

Request DefaultHttpRequest(decodeResult: success, version: HTTP/1.1)
POST /session/d425dfcc20970418c7604a8c7efc49bc/element/f.6F8C2C6B893F65CF0DBDF1CBADA5C08E.d.23259647899F4982DC354D817C33D150.e.32/click HTTP/1.1
User-Agent: selenium/4.12.0 (java windows)
Content-Length: 88
Content-Type: application/json; charset=utf-8
host: localhost:43867
accept: */*

Response DefaultHttpResponse(decodeResult: success, version: HTTP/1.1)
HTTP/1.1 200 OK
Content-Length: 14
Content-Type: application/json; charset=utf-8
cache-control: no-cache

19:35:59.763 [AsyncHttpClient-1-5] DEBUG org.asynchttpclient.netty.channel.ChannelManager - Adding key: http://localhost:43867 for channel [id: 0x190caff9, L:/127.0.0.1:50342 - R:localhost/127.0.0.1:43867]
19:36:00.675 [AsyncHttpClient-1-1] DEBUG org.asynchttpclient.netty.channel.DefaultChannelPool - Entry count for : http://localhost:43867 : 1
19:36:00.675 [AsyncHttpClient-1-1] DEBUG org.asynchttpclient.netty.channel.DefaultChannelPool - Entry count for : http://localhost:2054 : 1
19:36:00.675 [AsyncHttpClient-1-1] DEBUG org.asynchttpclient.netty.channel.DefaultChannelPool - Entry count for : http://localhost:50343 : 1
19:36:01.780 [AsyncHttpClient-1-1] DEBUG org.asynchttpclient.netty.channel.DefaultChannelPool - Entry count for : http://localhost:43867 : 1
19:36:01.780 [AsyncHttpClient-1-1] DEBUG org.asynchttpclient.netty.channel.DefaultChannelPool - Entry count for : http://localhost:2054 : 1
19:36:01.780 [AsyncHttpClient-1-1] DEBUG org.asynchttpclient.netty.channel.DefaultChannelPool - Entry count for : http://localhost:50343 : 1
19:36:01.781 [Forwarding screenshot on session d425dfcc20970418c7604a8c7efc49bc to remote] DEBUG org.asynchttpclient.netty.request.NettyRequestSender - Using pooled Channel '[id: 0x190caff9, L:/127.0.0.1:50342 - R:localhost/127.0.0.1:43867]' for 'GET' to 'http://localhost:43867/session/d425dfcc20970418c7604a8c7efc49bc/screenshot'
19:36:01.781 [Forwarding screenshot on session d425dfcc20970418c7604a8c7efc49bc to remote] DEBUG org.asynchttpclient.netty.request.NettyRequestSender - Using open Channel [id: 0x190caff9, L:/127.0.0.1:50342 - R:localhost/127.0.0.1:43867] for GET '/session/d425dfcc20970418c7604a8c7efc49bc/screenshot'
19:36:01.833 [AsyncHttpClient-1-5] DEBUG org.asynchttpclient.netty.handler.HttpHandler - 

Request DefaultFullHttpRequest(decodeResult: success, version: HTTP/1.1, content: EmptyByteBufBE)
GET /session/d425dfcc20970418c7604a8c7efc49bc/screenshot HTTP/1.1
Cache-Control: no-cache
User-Agent: selenium/4.12.0 (java windows)
Content-Type: application/json; charset=utf-8
host: localhost:43867
accept: */*

Response DefaultHttpResponse(decodeResult: success, version: HTTP/1.1)
HTTP/1.1 200 OK
Content-Length: 4624
Content-Type: application/json; charset=utf-8
cache-control: no-cache

19:36:01.834 [AsyncHttpClient-1-5] DEBUG org.asynchttpclient.netty.channel.ChannelManager - Adding key: http://localhost:43867 for channel [id: 0x190caff9, L:/127.0.0.1:50342 - R:localhost/127.0.0.1:43867]
19:36:01.846 [Forwarding findElement on session d425dfcc20970418c7604a8c7efc49bc to remote] DEBUG org.asynchttpclient.netty.request.NettyRequestSender - Using pooled Channel '[id: 0x190caff9, L:/127.0.0.1:50342 - R:localhost/127.0.0.1:43867]' for 'POST' to 'http://localhost:43867/session/d425dfcc20970418c7604a8c7efc49bc/element'
19:36:01.846 [Forwarding findElement on session d425dfcc20970418c7604a8c7efc49bc to remote] DEBUG org.asynchttpclient.netty.request.NettyRequestSender - Using open Channel [id: 0x190caff9, L:/127.0.0.1:50342 - R:localhost/127.0.0.1:43867] for POST '/session/d425dfcc20970418c7604a8c7efc49bc/element'
19:36:01.862 [AsyncHttpClient-1-5] DEBUG org.asynchttpclient.netty.handler.HttpHandler - 

Request DefaultHttpRequest(decodeResult: success, version: HTTP/1.1)
POST /session/d425dfcc20970418c7604a8c7efc49bc/element HTTP/1.1
User-Agent: selenium/4.12.0 (java windows)
Content-Length: 178
Content-Type: application/json; charset=utf-8
host: localhost:43867
accept: */*

Response DefaultHttpResponse(decodeResult: success, version: HTTP/1.1)
HTTP/1.1 200 OK
Content-Length: 126
Content-Type: application/json; charset=utf-8
cache-control: no-cache

19:36:01.864 [AsyncHttpClient-1-5] DEBUG org.asynchttpclient.netty.channel.ChannelManager - Adding key: http://localhost:43867 for channel [id: 0x190caff9, L:/127.0.0.1:50342 - R:localhost/127.0.0.1:43867]
19:36:01.864 [Forwarding getElementText on session d425dfcc20970418c7604a8c7efc49bc to remote] DEBUG org.asynchttpclient.netty.request.NettyRequestSender - Using pooled Channel '[id: 0x190caff9, L:/127.0.0.1:50342 - R:localhost/127.0.0.1:43867]' for 'GET' to 'http://localhost:43867/session/d425dfcc20970418c7604a8c7efc49bc/element/f.6F8C2C6B893F65CF0DBDF1CBADA5C08E.d.23259647899F4982DC354D817C33D150.e.37/text'
19:36:01.864 [Forwarding getElementText on session d425dfcc20970418c7604a8c7efc49bc to remote] DEBUG org.asynchttpclient.netty.request.NettyRequestSender - Using open Channel [id: 0x190caff9, L:/127.0.0.1:50342 - R:localhost/127.0.0.1:43867] for GET '/session/d425dfcc20970418c7604a8c7efc49bc/element/f.6F8C2C6B893F65CF0DBDF1CBADA5C08E.d.23259647899F4982DC354D817C33D150.e.37/text'
19:36:01.879 [AsyncHttpClient-1-5] DEBUG org.asynchttpclient.netty.handler.HttpHandler - 

Request DefaultFullHttpRequest(decodeResult: success, version: HTTP/1.1, content: EmptyByteBufBE)
GET /session/d425dfcc20970418c7604a8c7efc49bc/element/f.6F8C2C6B893F65CF0DBDF1CBADA5C08E.d.23259647899F4982DC354D817C33D150.e.37/text HTTP/1.1
Cache-Control: no-cache
User-Agent: selenium/4.12.0 (java windows)
Content-Type: application/json; charset=utf-8
host: localhost:43867
accept: */*

Response DefaultHttpResponse(decodeResult: success, version: HTTP/1.1)
HTTP/1.1 200 OK
Content-Length: 28
Content-Type: application/json; charset=utf-8
cache-control: no-cache

19:36:01.879 [AsyncHttpClient-1-5] DEBUG org.asynchttpclient.netty.channel.ChannelManager - Adding key: http://localhost:43867 for channel [id: 0x190caff9, L:/127.0.0.1:50342 - R:localhost/127.0.0.1:43867]
19:36:01.879 [Forwarding findElement on session d425dfcc20970418c7604a8c7efc49bc to remote] DEBUG org.asynchttpclient.netty.request.NettyRequestSender - Using pooled Channel '[id: 0x190caff9, L:/127.0.0.1:50342 - R:localhost/127.0.0.1:43867]' for 'POST' to 'http://localhost:43867/session/d425dfcc20970418c7604a8c7efc49bc/element'
19:36:01.879 [Forwarding findElement on session d425dfcc20970418c7604a8c7efc49bc to remote] DEBUG org.asynchttpclient.netty.request.NettyRequestSender - Using open Channel [id: 0x190caff9, L:/127.0.0.1:50342 - R:localhost/127.0.0.1:43867] for POST '/session/d425dfcc20970418c7604a8c7efc49bc/element'
19:36:01.897 [AsyncHttpClient-1-5] DEBUG org.asynchttpclient.netty.handler.HttpHandler - 

Request DefaultHttpRequest(decodeResult: success, version: HTTP/1.1)
POST /session/d425dfcc20970418c7604a8c7efc49bc/element HTTP/1.1
User-Agent: selenium/4.12.0 (java windows)
Content-Length: 178
Content-Type: application/json; charset=utf-8
host: localhost:43867
accept: */*

Response DefaultHttpResponse(decodeResult: success, version: HTTP/1.1)
HTTP/1.1 200 OK
Content-Length: 126
Content-Type: application/json; charset=utf-8
cache-control: no-cache

19:36:01.897 [AsyncHttpClient-1-5] DEBUG org.asynchttpclient.netty.channel.ChannelManager - Adding key: http://localhost:43867 for channel [id: 0x190caff9, L:/127.0.0.1:50342 - R:localhost/127.0.0.1:43867]
19:36:01.909 [Forwarding clickElement on session d425dfcc20970418c7604a8c7efc49bc to remote] DEBUG org.asynchttpclient.netty.request.NettyRequestSender - Using pooled Channel '[id: 0x190caff9, L:/127.0.0.1:50342 - R:localhost/127.0.0.1:43867]' for 'POST' to 'http://localhost:43867/session/d425dfcc20970418c7604a8c7efc49bc/element/f.6F8C2C6B893F65CF0DBDF1CBADA5C08E.d.23259647899F4982DC354D817C33D150.e.37/click'
19:36:01.909 [Forwarding clickElement on session d425dfcc20970418c7604a8c7efc49bc to remote] DEBUG org.asynchttpclient.netty.request.NettyRequestSender - Using open Channel [id: 0x190caff9, L:/127.0.0.1:50342 - R:localhost/127.0.0.1:43867] for POST '/session/d425dfcc20970418c7604a8c7efc49bc/element/f.6F8C2C6B893F65CF0DBDF1CBADA5C08E.d.23259647899F4982DC354D817C33D150.e.37/click'
19:36:02.040 [AsyncHttpClient-1-5] DEBUG org.asynchttpclient.netty.handler.HttpHandler - 

Request DefaultHttpRequest(decodeResult: success, version: HTTP/1.1)
POST /session/d425dfcc20970418c7604a8c7efc49bc/element/f.6F8C2C6B893F65CF0DBDF1CBADA5C08E.d.23259647899F4982DC354D817C33D150.e.37/click HTTP/1.1
User-Agent: selenium/4.12.0 (java windows)
Content-Length: 88
Content-Type: application/json; charset=utf-8
host: localhost:43867
accept: */*

Response DefaultHttpResponse(decodeResult: success, version: HTTP/1.1)
HTTP/1.1 200 OK
Content-Length: 14
Content-Type: application/json; charset=utf-8
cache-control: no-cache

19:36:02.040 [AsyncHttpClient-1-5] DEBUG org.asynchttpclient.netty.channel.ChannelManager - Adding key: http://localhost:43867 for channel [id: 0x190caff9, L:/127.0.0.1:50342 - R:localhost/127.0.0.1:43867]
  When Open customer form                                           # StepDefination.Customer_onboarding.Open_customer_form()
19:36:02.879 [AsyncHttpClient-1-1] DEBUG org.asynchttpclient.netty.channel.DefaultChannelPool - Entry count for : http://localhost:43867 : 1
19:36:02.879 [AsyncHttpClient-1-1] DEBUG org.asynchttpclient.netty.channel.DefaultChannelPool - Entry count for : http://localhost:2054 : 1
19:36:02.880 [AsyncHttpClient-1-1] DEBUG org.asynchttpclient.netty.channel.DefaultChannelPool - Entry count for : http://localhost:50343 : 1
19:36:03.562 [Forwarding findElement on session d425dfcc20970418c7604a8c7efc49bc to remote] DEBUG org.asynchttpclient.netty.request.NettyRequestSender - Using pooled Channel '[id: 0x190caff9, L:/127.0.0.1:50342 - R:localhost/127.0.0.1:43867]' for 'POST' to 'http://localhost:43867/session/d425dfcc20970418c7604a8c7efc49bc/element'
19:36:03.563 [Forwarding findElement on session d425dfcc20970418c7604a8c7efc49bc to remote] DEBUG org.asynchttpclient.netty.request.NettyRequestSender - Using open Channel [id: 0x190caff9, L:/127.0.0.1:50342 - R:localhost/127.0.0.1:43867] for POST '/session/d425dfcc20970418c7604a8c7efc49bc/element'
19:36:03.590 [AsyncHttpClient-1-5] DEBUG org.asynchttpclient.netty.handler.HttpHandler - 

Request DefaultHttpRequest(decodeResult: success, version: HTTP/1.1)
POST /session/d425dfcc20970418c7604a8c7efc49bc/element HTTP/1.1
User-Agent: selenium/4.12.0 (java windows)
Content-Length: 114
Content-Type: application/json; charset=utf-8
host: localhost:43867
accept: */*

Response DefaultHttpResponse(decodeResult: success, version: HTTP/1.1)
HTTP/1.1 200 OK
Content-Length: 126
Content-Type: application/json; charset=utf-8
cache-control: no-cache

19:36:03.590 [AsyncHttpClient-1-5] DEBUG org.asynchttpclient.netty.channel.ChannelManager - Adding key: http://localhost:43867 for channel [id: 0x190caff9, L:/127.0.0.1:50342 - R:localhost/127.0.0.1:43867]
19:36:03.594 [Forwarding sendKeysToElement on session d425dfcc20970418c7604a8c7efc49bc to remote] DEBUG org.asynchttpclient.netty.request.NettyRequestSender - Using pooled Channel '[id: 0x190caff9, L:/127.0.0.1:50342 - R:localhost/127.0.0.1:43867]' for 'POST' to 'http://localhost:43867/session/d425dfcc20970418c7604a8c7efc49bc/element/f.6F8C2C6B893F65CF0DBDF1CBADA5C08E.d.23259647899F4982DC354D817C33D150.e.39/value'
19:36:03.594 [Forwarding sendKeysToElement on session d425dfcc20970418c7604a8c7efc49bc to remote] DEBUG org.asynchttpclient.netty.request.NettyRequestSender - Using open Channel [id: 0x190caff9, L:/127.0.0.1:50342 - R:localhost/127.0.0.1:43867] for POST '/session/d425dfcc20970418c7604a8c7efc49bc/element/f.6F8C2C6B893F65CF0DBDF1CBADA5C08E.d.23259647899F4982DC354D817C33D150.e.39/value'
19:36:03.826 [AsyncHttpClient-1-5] DEBUG org.asynchttpclient.netty.handler.HttpHandler - 

Request DefaultHttpRequest(decodeResult: success, version: HTTP/1.1)
POST /session/d425dfcc20970418c7604a8c7efc49bc/element/f.6F8C2C6B893F65CF0DBDF1CBADA5C08E.d.23259647899F4982DC354D817C33D150.e.39/value HTTP/1.1
User-Agent: selenium/4.12.0 (java windows)
Content-Length: 229
Content-Type: application/json; charset=utf-8
host: localhost:43867
accept: */*

Response DefaultHttpResponse(decodeResult: success, version: HTTP/1.1)
HTTP/1.1 200 OK
Content-Length: 14
Content-Type: application/json; charset=utf-8
cache-control: no-cache

19:36:03.827 [AsyncHttpClient-1-5] DEBUG org.asynchttpclient.netty.channel.ChannelManager - Adding key: http://localhost:43867 for channel [id: 0x190caff9, L:/127.0.0.1:50342 - R:localhost/127.0.0.1:43867]
19:36:03.828 [Forwarding screenshot on session d425dfcc20970418c7604a8c7efc49bc to remote] DEBUG org.asynchttpclient.netty.request.NettyRequestSender - Using pooled Channel '[id: 0x190caff9, L:/127.0.0.1:50342 - R:localhost/127.0.0.1:43867]' for 'GET' to 'http://localhost:43867/session/d425dfcc20970418c7604a8c7efc49bc/screenshot'
19:36:03.828 [Forwarding screenshot on session d425dfcc20970418c7604a8c7efc49bc to remote] DEBUG org.asynchttpclient.netty.request.NettyRequestSender - Using open Channel [id: 0x190caff9, L:/127.0.0.1:50342 - R:localhost/127.0.0.1:43867] for GET '/session/d425dfcc20970418c7604a8c7efc49bc/screenshot'
19:36:03.912 [AsyncHttpClient-1-5] DEBUG org.asynchttpclient.netty.handler.HttpHandler - 

Request DefaultFullHttpRequest(decodeResult: success, version: HTTP/1.1, content: EmptyByteBufBE)
GET /session/d425dfcc20970418c7604a8c7efc49bc/screenshot HTTP/1.1
Cache-Control: no-cache
User-Agent: selenium/4.12.0 (java windows)
Content-Type: application/json; charset=utf-8
host: localhost:43867
accept: */*

Response DefaultHttpResponse(decodeResult: success, version: HTTP/1.1)
HTTP/1.1 200 OK
Content-Length: 4704
Content-Type: application/json; charset=utf-8
cache-control: no-cache

19:36:03.913 [AsyncHttpClient-1-5] DEBUG org.asynchttpclient.netty.channel.ChannelManager - Adding key: http://localhost:43867 for channel [id: 0x190caff9, L:/127.0.0.1:50342 - R:localhost/127.0.0.1:43867]
  And Provide the company nameRoyal_Steel                           # StepDefination.Customer_onboarding.Provide_the_company_name(java.lang.String)
19:36:03.931 [Forwarding findElement on session d425dfcc20970418c7604a8c7efc49bc to remote] DEBUG org.asynchttpclient.netty.request.NettyRequestSender - Using pooled Channel '[id: 0x190caff9, L:/127.0.0.1:50342 - R:localhost/127.0.0.1:43867]' for 'POST' to 'http://localhost:43867/session/d425dfcc20970418c7604a8c7efc49bc/element'
19:36:03.932 [Forwarding findElement on session d425dfcc20970418c7604a8c7efc49bc to remote] DEBUG org.asynchttpclient.netty.request.NettyRequestSender - Using open Channel [id: 0x190caff9, L:/127.0.0.1:50342 - R:localhost/127.0.0.1:43867] for POST '/session/d425dfcc20970418c7604a8c7efc49bc/element'
19:36:03.954 [AsyncHttpClient-1-5] DEBUG org.asynchttpclient.netty.handler.HttpHandler - 

Request DefaultHttpRequest(decodeResult: success, version: HTTP/1.1)
POST /session/d425dfcc20970418c7604a8c7efc49bc/element HTTP/1.1
User-Agent: selenium/4.12.0 (java windows)
Content-Length: 88
Content-Type: application/json; charset=utf-8
host: localhost:43867
accept: */*

Response DefaultHttpResponse(decodeResult: success, version: HTTP/1.1)
HTTP/1.1 200 OK
Content-Length: 126
Content-Type: application/json; charset=utf-8
cache-control: no-cache

19:36:03.955 [AsyncHttpClient-1-5] DEBUG org.asynchttpclient.netty.channel.ChannelManager - Adding key: http://localhost:43867 for channel [id: 0x190caff9, L:/127.0.0.1:50342 - R:localhost/127.0.0.1:43867]
19:36:03.957 [Forwarding sendKeysToElement on session d425dfcc20970418c7604a8c7efc49bc to remote] DEBUG org.asynchttpclient.netty.request.NettyRequestSender - Using pooled Channel '[id: 0x190caff9, L:/127.0.0.1:50342 - R:localhost/127.0.0.1:43867]' for 'POST' to 'http://localhost:43867/session/d425dfcc20970418c7604a8c7efc49bc/element/f.6F8C2C6B893F65CF0DBDF1CBADA5C08E.d.23259647899F4982DC354D817C33D150.e.48/value'
19:36:03.958 [Forwarding sendKeysToElement on session d425dfcc20970418c7604a8c7efc49bc to remote] DEBUG org.asynchttpclient.netty.request.NettyRequestSender - Using open Channel [id: 0x190caff9, L:/127.0.0.1:50342 - R:localhost/127.0.0.1:43867] for POST '/session/d425dfcc20970418c7604a8c7efc49bc/element/f.6F8C2C6B893F65CF0DBDF1CBADA5C08E.d.23259647899F4982DC354D817C33D150.e.48/value'
19:36:03.976 [AsyncHttpClient-1-1] DEBUG org.asynchttpclient.netty.channel.DefaultChannelPool - Entry count for : http://localhost:2054 : 1
19:36:03.976 [AsyncHttpClient-1-1] DEBUG org.asynchttpclient.netty.channel.DefaultChannelPool - Entry count for : http://localhost:50343 : 1
19:36:04.208 [AsyncHttpClient-1-5] DEBUG org.asynchttpclient.netty.handler.HttpHandler - 

Request DefaultHttpRequest(decodeResult: success, version: HTTP/1.1)
POST /session/d425dfcc20970418c7604a8c7efc49bc/element/f.6F8C2C6B893F65CF0DBDF1CBADA5C08E.d.23259647899F4982DC354D817C33D150.e.48/value HTTP/1.1
User-Agent: selenium/4.12.0 (java windows)
Content-Length: 259
Content-Type: application/json; charset=utf-8
host: localhost:43867
accept: */*

Response DefaultHttpResponse(decodeResult: success, version: HTTP/1.1)
HTTP/1.1 200 OK
Content-Length: 14
Content-Type: application/json; charset=utf-8
cache-control: no-cache

19:36:04.208 [AsyncHttpClient-1-5] DEBUG org.asynchttpclient.netty.channel.ChannelManager - Adding key: http://localhost:43867 for channel [id: 0x190caff9, L:/127.0.0.1:50342 - R:localhost/127.0.0.1:43867]
19:36:04.212 [Forwarding findElement on session d425dfcc20970418c7604a8c7efc49bc to remote] DEBUG org.asynchttpclient.netty.request.NettyRequestSender - Using pooled Channel '[id: 0x190caff9, L:/127.0.0.1:50342 - R:localhost/127.0.0.1:43867]' for 'POST' to 'http://localhost:43867/session/d425dfcc20970418c7604a8c7efc49bc/element'
19:36:04.213 [Forwarding findElement on session d425dfcc20970418c7604a8c7efc49bc to remote] DEBUG org.asynchttpclient.netty.request.NettyRequestSender - Using open Channel [id: 0x190caff9, L:/127.0.0.1:50342 - R:localhost/127.0.0.1:43867] for POST '/session/d425dfcc20970418c7604a8c7efc49bc/element'
19:36:04.239 [AsyncHttpClient-1-5] DEBUG org.asynchttpclient.netty.handler.HttpHandler - 

Request DefaultHttpRequest(decodeResult: success, version: HTTP/1.1)
POST /session/d425dfcc20970418c7604a8c7efc49bc/element HTTP/1.1
User-Agent: selenium/4.12.0 (java windows)
Content-Length: 75
Content-Type: application/json; charset=utf-8
host: localhost:43867
accept: */*

Response DefaultHttpResponse(decodeResult: success, version: HTTP/1.1)
HTTP/1.1 200 OK
Content-Length: 126
Content-Type: application/json; charset=utf-8
cache-control: no-cache

19:36:04.239 [AsyncHttpClient-1-5] DEBUG org.asynchttpclient.netty.channel.ChannelManager - Adding key: http://localhost:43867 for channel [id: 0x190caff9, L:/127.0.0.1:50342 - R:localhost/127.0.0.1:43867]
19:36:04.242 [Forwarding sendKeysToElement on session d425dfcc20970418c7604a8c7efc49bc to remote] DEBUG org.asynchttpclient.netty.request.NettyRequestSender - Using pooled Channel '[id: 0x190caff9, L:/127.0.0.1:50342 - R:localhost/127.0.0.1:43867]' for 'POST' to 'http://localhost:43867/session/d425dfcc20970418c7604a8c7efc49bc/element/f.6F8C2C6B893F65CF0DBDF1CBADA5C08E.d.23259647899F4982DC354D817C33D150.e.49/value'
19:36:04.243 [Forwarding sendKeysToElement on session d425dfcc20970418c7604a8c7efc49bc to remote] DEBUG org.asynchttpclient.netty.request.NettyRequestSender - Using open Channel [id: 0x190caff9, L:/127.0.0.1:50342 - R:localhost/127.0.0.1:43867] for POST '/session/d425dfcc20970418c7604a8c7efc49bc/element/f.6F8C2C6B893F65CF0DBDF1CBADA5C08E.d.23259647899F4982DC354D817C33D150.e.49/value'
19:36:04.370 [AsyncHttpClient-1-5] DEBUG org.asynchttpclient.netty.handler.HttpHandler - 

Request DefaultHttpRequest(decodeResult: success, version: HTTP/1.1)
POST /session/d425dfcc20970418c7604a8c7efc49bc/element/f.6F8C2C6B893F65CF0DBDF1CBADA5C08E.d.23259647899F4982DC354D817C33D150.e.49/value HTTP/1.1
User-Agent: selenium/4.12.0 (java windows)
Content-Length: 139
Content-Type: application/json; charset=utf-8
host: localhost:43867
accept: */*

Response DefaultHttpResponse(decodeResult: success, version: HTTP/1.1)
HTTP/1.1 200 OK
Content-Length: 14
Content-Type: application/json; charset=utf-8
cache-control: no-cache

19:36:04.371 [AsyncHttpClient-1-5] DEBUG org.asynchttpclient.netty.channel.ChannelManager - Adding key: http://localhost:43867 for channel [id: 0x190caff9, L:/127.0.0.1:50342 - R:localhost/127.0.0.1:43867]
19:36:04.373 [Forwarding findElement on session d425dfcc20970418c7604a8c7efc49bc to remote] DEBUG org.asynchttpclient.netty.request.NettyRequestSender - Using pooled Channel '[id: 0x190caff9, L:/127.0.0.1:50342 - R:localhost/127.0.0.1:43867]' for 'POST' to 'http://localhost:43867/session/d425dfcc20970418c7604a8c7efc49bc/element'
19:36:04.373 [Forwarding findElement on session d425dfcc20970418c7604a8c7efc49bc to remote] DEBUG org.asynchttpclient.netty.request.NettyRequestSender - Using open Channel [id: 0x190caff9, L:/127.0.0.1:50342 - R:localhost/127.0.0.1:43867] for POST '/session/d425dfcc20970418c7604a8c7efc49bc/element'
19:36:04.390 [AsyncHttpClient-1-5] DEBUG org.asynchttpclient.netty.handler.HttpHandler - 

Request DefaultHttpRequest(decodeResult: success, version: HTTP/1.1)
POST /session/d425dfcc20970418c7604a8c7efc49bc/element HTTP/1.1
User-Agent: selenium/4.12.0 (java windows)
Content-Length: 90
Content-Type: application/json; charset=utf-8
host: localhost:43867
accept: */*

Response DefaultHttpResponse(decodeResult: success, version: HTTP/1.1)
HTTP/1.1 200 OK
Content-Length: 126
Content-Type: application/json; charset=utf-8
cache-control: no-cache

19:36:04.390 [AsyncHttpClient-1-5] DEBUG org.asynchttpclient.netty.channel.ChannelManager - Adding key: http://localhost:43867 for channel [id: 0x190caff9, L:/127.0.0.1:50342 - R:localhost/127.0.0.1:43867]
19:36:04.393 [Forwarding sendKeysToElement on session d425dfcc20970418c7604a8c7efc49bc to remote] DEBUG org.asynchttpclient.netty.request.NettyRequestSender - Using pooled Channel '[id: 0x190caff9, L:/127.0.0.1:50342 - R:localhost/127.0.0.1:43867]' for 'POST' to 'http://localhost:43867/session/d425dfcc20970418c7604a8c7efc49bc/element/f.6F8C2C6B893F65CF0DBDF1CBADA5C08E.d.23259647899F4982DC354D817C33D150.e.50/value'
19:36:04.393 [Forwarding sendKeysToElement on session d425dfcc20970418c7604a8c7efc49bc to remote] DEBUG org.asynchttpclient.netty.request.NettyRequestSender - Using open Channel [id: 0x190caff9, L:/127.0.0.1:50342 - R:localhost/127.0.0.1:43867] for POST '/session/d425dfcc20970418c7604a8c7efc49bc/element/f.6F8C2C6B893F65CF0DBDF1CBADA5C08E.d.23259647899F4982DC354D817C33D150.e.50/value'
19:36:04.512 [AsyncHttpClient-1-5] DEBUG org.asynchttpclient.netty.handler.HttpHandler - 

Request DefaultHttpRequest(decodeResult: success, version: HTTP/1.1)
POST /session/d425dfcc20970418c7604a8c7efc49bc/element/f.6F8C2C6B893F65CF0DBDF1CBADA5C08E.d.23259647899F4982DC354D817C33D150.e.50/value HTTP/1.1
User-Agent: selenium/4.12.0 (java windows)
Content-Length: 139
Content-Type: application/json; charset=utf-8
host: localhost:43867
accept: */*

Response DefaultHttpResponse(decodeResult: success, version: HTTP/1.1)
HTTP/1.1 200 OK
Content-Length: 14
Content-Type: application/json; charset=utf-8
cache-control: no-cache

19:36:04.512 [AsyncHttpClient-1-5] DEBUG org.asynchttpclient.netty.channel.ChannelManager - Adding key: http://localhost:43867 for channel [id: 0x190caff9, L:/127.0.0.1:50342 - R:localhost/127.0.0.1:43867]
19:36:04.515 [Forwarding findElement on session d425dfcc20970418c7604a8c7efc49bc to remote] DEBUG org.asynchttpclient.netty.request.NettyRequestSender - Using pooled Channel '[id: 0x190caff9, L:/127.0.0.1:50342 - R:localhost/127.0.0.1:43867]' for 'POST' to 'http://localhost:43867/session/d425dfcc20970418c7604a8c7efc49bc/element'
19:36:04.515 [Forwarding findElement on session d425dfcc20970418c7604a8c7efc49bc to remote] DEBUG org.asynchttpclient.netty.request.NettyRequestSender - Using open Channel [id: 0x190caff9, L:/127.0.0.1:50342 - R:localhost/127.0.0.1:43867] for POST '/session/d425dfcc20970418c7604a8c7efc49bc/element'
19:36:04.534 [AsyncHttpClient-1-5] DEBUG org.asynchttpclient.netty.handler.HttpHandler - 

Request DefaultHttpRequest(decodeResult: success, version: HTTP/1.1)
POST /session/d425dfcc20970418c7604a8c7efc49bc/element HTTP/1.1
User-Agent: selenium/4.12.0 (java windows)
Content-Length: 96
Content-Type: application/json; charset=utf-8
host: localhost:43867
accept: */*

Response DefaultHttpResponse(decodeResult: success, version: HTTP/1.1)
HTTP/1.1 200 OK
Content-Length: 126
Content-Type: application/json; charset=utf-8
cache-control: no-cache

19:36:04.535 [AsyncHttpClient-1-5] DEBUG org.asynchttpclient.netty.channel.ChannelManager - Adding key: http://localhost:43867 for channel [id: 0x190caff9, L:/127.0.0.1:50342 - R:localhost/127.0.0.1:43867]
19:36:04.538 [Forwarding sendKeysToElement on session d425dfcc20970418c7604a8c7efc49bc to remote] DEBUG org.asynchttpclient.netty.request.NettyRequestSender - Using pooled Channel '[id: 0x190caff9, L:/127.0.0.1:50342 - R:localhost/127.0.0.1:43867]' for 'POST' to 'http://localhost:43867/session/d425dfcc20970418c7604a8c7efc49bc/element/f.6F8C2C6B893F65CF0DBDF1CBADA5C08E.d.23259647899F4982DC354D817C33D150.e.51/value'
19:36:04.538 [Forwarding sendKeysToElement on session d425dfcc20970418c7604a8c7efc49bc to remote] DEBUG org.asynchttpclient.netty.request.NettyRequestSender - Using open Channel [id: 0x190caff9, L:/127.0.0.1:50342 - R:localhost/127.0.0.1:43867] for POST '/session/d425dfcc20970418c7604a8c7efc49bc/element/f.6F8C2C6B893F65CF0DBDF1CBADA5C08E.d.23259647899F4982DC354D817C33D150.e.51/value'
19:36:04.689 [AsyncHttpClient-1-5] DEBUG org.asynchttpclient.netty.handler.HttpHandler - 

Request DefaultHttpRequest(decodeResult: success, version: HTTP/1.1)
POST /session/d425dfcc20970418c7604a8c7efc49bc/element/f.6F8C2C6B893F65CF0DBDF1CBADA5C08E.d.23259647899F4982DC354D817C33D150.e.51/value HTTP/1.1
User-Agent: selenium/4.12.0 (java windows)
Content-Length: 179
Content-Type: application/json; charset=utf-8
host: localhost:43867
accept: */*

Response DefaultHttpResponse(decodeResult: success, version: HTTP/1.1)
HTTP/1.1 200 OK
Content-Length: 14
Content-Type: application/json; charset=utf-8
cache-control: no-cache

19:36:04.689 [AsyncHttpClient-1-5] DEBUG org.asynchttpclient.netty.channel.ChannelManager - Adding key: http://localhost:43867 for channel [id: 0x190caff9, L:/127.0.0.1:50342 - R:localhost/127.0.0.1:43867]
19:36:04.692 [Forwarding findElement on session d425dfcc20970418c7604a8c7efc49bc to remote] DEBUG org.asynchttpclient.netty.request.NettyRequestSender - Using pooled Channel '[id: 0x190caff9, L:/127.0.0.1:50342 - R:localhost/127.0.0.1:43867]' for 'POST' to 'http://localhost:43867/session/d425dfcc20970418c7604a8c7efc49bc/element'
19:36:04.693 [Forwarding findElement on session d425dfcc20970418c7604a8c7efc49bc to remote] DEBUG org.asynchttpclient.netty.request.NettyRequestSender - Using open Channel [id: 0x190caff9, L:/127.0.0.1:50342 - R:localhost/127.0.0.1:43867] for POST '/session/d425dfcc20970418c7604a8c7efc49bc/element'
19:36:04.718 [AsyncHttpClient-1-5] DEBUG org.asynchttpclient.netty.handler.HttpHandler - 

Request DefaultHttpRequest(decodeResult: success, version: HTTP/1.1)
POST /session/d425dfcc20970418c7604a8c7efc49bc/element HTTP/1.1
User-Agent: selenium/4.12.0 (java windows)
Content-Length: 78
Content-Type: application/json; charset=utf-8
host: localhost:43867
accept: */*

Response DefaultHttpResponse(decodeResult: success, version: HTTP/1.1)
HTTP/1.1 200 OK
Content-Length: 126
Content-Type: application/json; charset=utf-8
cache-control: no-cache

19:36:04.718 [AsyncHttpClient-1-5] DEBUG org.asynchttpclient.netty.channel.ChannelManager - Adding key: http://localhost:43867 for channel [id: 0x190caff9, L:/127.0.0.1:50342 - R:localhost/127.0.0.1:43867]
19:36:04.722 [Forwarding sendKeysToElement on session d425dfcc20970418c7604a8c7efc49bc to remote] DEBUG org.asynchttpclient.netty.request.NettyRequestSender - Using pooled Channel '[id: 0x190caff9, L:/127.0.0.1:50342 - R:localhost/127.0.0.1:43867]' for 'POST' to 'http://localhost:43867/session/d425dfcc20970418c7604a8c7efc49bc/element/f.6F8C2C6B893F65CF0DBDF1CBADA5C08E.d.23259647899F4982DC354D817C33D150.e.52/value'
19:36:04.722 [Forwarding sendKeysToElement on session d425dfcc20970418c7604a8c7efc49bc to remote] DEBUG org.asynchttpclient.netty.request.NettyRequestSender - Using open Channel [id: 0x190caff9, L:/127.0.0.1:50342 - R:localhost/127.0.0.1:43867] for POST '/session/d425dfcc20970418c7604a8c7efc49bc/element/f.6F8C2C6B893F65CF0DBDF1CBADA5C08E.d.23259647899F4982DC354D817C33D150.e.52/value'
19:36:04.841 [AsyncHttpClient-1-5] DEBUG org.asynchttpclient.netty.handler.HttpHandler - 

Request DefaultHttpRequest(decodeResult: success, version: HTTP/1.1)
POST /session/d425dfcc20970418c7604a8c7efc49bc/element/f.6F8C2C6B893F65CF0DBDF1CBADA5C08E.d.23259647899F4982DC354D817C33D150.e.52/value HTTP/1.1
User-Agent: selenium/4.12.0 (java windows)
Content-Length: 149
Content-Type: application/json; charset=utf-8
host: localhost:43867
accept: */*

Response DefaultHttpResponse(decodeResult: success, version: HTTP/1.1)
HTTP/1.1 200 OK
Content-Length: 14
Content-Type: application/json; charset=utf-8
cache-control: no-cache

19:36:04.842 [AsyncHttpClient-1-5] DEBUG org.asynchttpclient.netty.channel.ChannelManager - Adding key: http://localhost:43867 for channel [id: 0x190caff9, L:/127.0.0.1:50342 - R:localhost/127.0.0.1:43867]
19:36:05.070 [AsyncHttpClient-1-1] DEBUG org.asynchttpclient.netty.channel.DefaultChannelPool - Entry count for : http://localhost:43867 : 1
19:36:05.070 [AsyncHttpClient-1-1] DEBUG org.asynchttpclient.netty.channel.DefaultChannelPool - Entry count for : http://localhost:2054 : 1
19:36:05.070 [AsyncHttpClient-1-1] DEBUG org.asynchttpclient.netty.channel.DefaultChannelPool - Entry count for : http://localhost:50343 : 1
19:36:05.349 [Forwarding screenshot on session d425dfcc20970418c7604a8c7efc49bc to remote] DEBUG org.asynchttpclient.netty.request.NettyRequestSender - Using pooled Channel '[id: 0x190caff9, L:/127.0.0.1:50342 - R:localhost/127.0.0.1:43867]' for 'GET' to 'http://localhost:43867/session/d425dfcc20970418c7604a8c7efc49bc/screenshot'
19:36:05.349 [Forwarding screenshot on session d425dfcc20970418c7604a8c7efc49bc to remote] DEBUG org.asynchttpclient.netty.request.NettyRequestSender - Using open Channel [id: 0x190caff9, L:/127.0.0.1:50342 - R:localhost/127.0.0.1:43867] for GET '/session/d425dfcc20970418c7604a8c7efc49bc/screenshot'
19:36:05.424 [AsyncHttpClient-1-5] DEBUG org.asynchttpclient.netty.handler.HttpHandler - 

Request DefaultFullHttpRequest(decodeResult: success, version: HTTP/1.1, content: EmptyByteBufBE)
GET /session/d425dfcc20970418c7604a8c7efc49bc/screenshot HTTP/1.1
Cache-Control: no-cache
User-Agent: selenium/4.12.0 (java windows)
Content-Type: application/json; charset=utf-8
host: localhost:43867
accept: */*

Response DefaultHttpResponse(decodeResult: success, version: HTTP/1.1)
HTTP/1.1 200 OK
Content-Length: 4624
Content-Type: application/json; charset=utf-8
cache-control: no-cache

19:36:05.426 [AsyncHttpClient-1-5] DEBUG org.asynchttpclient.netty.channel.ChannelManager - Adding key: http://localhost:43867 for channel [id: 0x190caff9, L:/127.0.0.1:50342 - R:localhost/127.0.0.1:43867]
  And Provide the Address DetailsMain_street001 YK FL 987678 USA    # StepDefination.Customer_onboarding.Provide_the_address_Details(java.lang.String,java.lang.String,java.lang.String,java.lang.String,java.lang.String)
19:36:06.178 [AsyncHttpClient-1-1] DEBUG org.asynchttpclient.netty.channel.DefaultChannelPool - Entry count for : http://localhost:43867 : 1
19:36:06.178 [AsyncHttpClient-1-1] DEBUG org.asynchttpclient.netty.channel.DefaultChannelPool - Entry count for : http://localhost:2054 : 1
19:36:06.178 [AsyncHttpClient-1-1] DEBUG org.asynchttpclient.netty.channel.DefaultChannelPool - Entry count for : http://localhost:50343 : 1
19:36:06.445 [Forwarding findElement on session d425dfcc20970418c7604a8c7efc49bc to remote] DEBUG org.asynchttpclient.netty.request.NettyRequestSender - Using pooled Channel '[id: 0x190caff9, L:/127.0.0.1:50342 - R:localhost/127.0.0.1:43867]' for 'POST' to 'http://localhost:43867/session/d425dfcc20970418c7604a8c7efc49bc/element'
19:36:06.445 [Forwarding findElement on session d425dfcc20970418c7604a8c7efc49bc to remote] DEBUG org.asynchttpclient.netty.request.NettyRequestSender - Using open Channel [id: 0x190caff9, L:/127.0.0.1:50342 - R:localhost/127.0.0.1:43867] for POST '/session/d425dfcc20970418c7604a8c7efc49bc/element'
19:36:06.472 [AsyncHttpClient-1-5] DEBUG org.asynchttpclient.netty.handler.HttpHandler - 

Request DefaultHttpRequest(decodeResult: success, version: HTTP/1.1)
POST /session/d425dfcc20970418c7604a8c7efc49bc/element HTTP/1.1
User-Agent: selenium/4.12.0 (java windows)
Content-Length: 72
Content-Type: application/json; charset=utf-8
host: localhost:43867
accept: */*

Response DefaultHttpResponse(decodeResult: success, version: HTTP/1.1)
HTTP/1.1 200 OK
Content-Length: 126
Content-Type: application/json; charset=utf-8
cache-control: no-cache

19:36:06.472 [AsyncHttpClient-1-5] DEBUG org.asynchttpclient.netty.channel.ChannelManager - Adding key: http://localhost:43867 for channel [id: 0x190caff9, L:/127.0.0.1:50342 - R:localhost/127.0.0.1:43867]
19:36:06.475 [Forwarding clickElement on session d425dfcc20970418c7604a8c7efc49bc to remote] DEBUG org.asynchttpclient.netty.request.NettyRequestSender - Using pooled Channel '[id: 0x190caff9, L:/127.0.0.1:50342 - R:localhost/127.0.0.1:43867]' for 'POST' to 'http://localhost:43867/session/d425dfcc20970418c7604a8c7efc49bc/element/f.6F8C2C6B893F65CF0DBDF1CBADA5C08E.d.23259647899F4982DC354D817C33D150.e.89/click'
19:36:06.475 [Forwarding clickElement on session d425dfcc20970418c7604a8c7efc49bc to remote] DEBUG org.asynchttpclient.netty.request.NettyRequestSender - Using open Channel [id: 0x190caff9, L:/127.0.0.1:50342 - R:localhost/127.0.0.1:43867] for POST '/session/d425dfcc20970418c7604a8c7efc49bc/element/f.6F8C2C6B893F65CF0DBDF1CBADA5C08E.d.23259647899F4982DC354D817C33D150.e.89/click'
19:36:06.625 [AsyncHttpClient-1-5] DEBUG org.asynchttpclient.netty.handler.HttpHandler - 

Request DefaultHttpRequest(decodeResult: success, version: HTTP/1.1)
POST /session/d425dfcc20970418c7604a8c7efc49bc/element/f.6F8C2C6B893F65CF0DBDF1CBADA5C08E.d.23259647899F4982DC354D817C33D150.e.89/click HTTP/1.1
User-Agent: selenium/4.12.0 (java windows)
Content-Length: 88
Content-Type: application/json; charset=utf-8
host: localhost:43867
accept: */*

Response DefaultHttpResponse(decodeResult: success, version: HTTP/1.1)
HTTP/1.1 200 OK
Content-Length: 14
Content-Type: application/json; charset=utf-8
cache-control: no-cache

19:36:06.625 [AsyncHttpClient-1-5] DEBUG org.asynchttpclient.netty.channel.ChannelManager - Adding key: http://localhost:43867 for channel [id: 0x190caff9, L:/127.0.0.1:50342 - R:localhost/127.0.0.1:43867]
19:36:07.130 [Forwarding findElement on session d425dfcc20970418c7604a8c7efc49bc to remote] DEBUG org.asynchttpclient.netty.request.NettyRequestSender - Using pooled Channel '[id: 0x190caff9, L:/127.0.0.1:50342 - R:localhost/127.0.0.1:43867]' for 'POST' to 'http://localhost:43867/session/d425dfcc20970418c7604a8c7efc49bc/element'
19:36:07.130 [Forwarding findElement on session d425dfcc20970418c7604a8c7efc49bc to remote] DEBUG org.asynchttpclient.netty.request.NettyRequestSender - Using open Channel [id: 0x190caff9, L:/127.0.0.1:50342 - R:localhost/127.0.0.1:43867] for POST '/session/d425dfcc20970418c7604a8c7efc49bc/element'
19:36:07.150 [AsyncHttpClient-1-5] DEBUG org.asynchttpclient.netty.handler.HttpHandler - 

Request DefaultHttpRequest(decodeResult: success, version: HTTP/1.1)
POST /session/d425dfcc20970418c7604a8c7efc49bc/element HTTP/1.1
User-Agent: selenium/4.12.0 (java windows)
Content-Length: 151
Content-Type: application/json; charset=utf-8
host: localhost:43867
accept: */*

Response DefaultHttpResponse(decodeResult: success, version: HTTP/1.1)
HTTP/1.1 200 OK
Content-Length: 126
Content-Type: application/json; charset=utf-8
cache-control: no-cache

19:36:07.151 [AsyncHttpClient-1-5] DEBUG org.asynchttpclient.netty.channel.ChannelManager - Adding key: http://localhost:43867 for channel [id: 0x190caff9, L:/127.0.0.1:50342 - R:localhost/127.0.0.1:43867]
19:36:07.153 [Forwarding clickElement on session d425dfcc20970418c7604a8c7efc49bc to remote] DEBUG org.asynchttpclient.netty.request.NettyRequestSender - Using pooled Channel '[id: 0x190caff9, L:/127.0.0.1:50342 - R:localhost/127.0.0.1:43867]' for 'POST' to 'http://localhost:43867/session/d425dfcc20970418c7604a8c7efc49bc/element/f.6F8C2C6B893F65CF0DBDF1CBADA5C08E.d.23259647899F4982DC354D817C33D150.e.92/click'
19:36:07.153 [Forwarding clickElement on session d425dfcc20970418c7604a8c7efc49bc to remote] DEBUG org.asynchttpclient.netty.request.NettyRequestSender - Using open Channel [id: 0x190caff9, L:/127.0.0.1:50342 - R:localhost/127.0.0.1:43867] for POST '/session/d425dfcc20970418c7604a8c7efc49bc/element/f.6F8C2C6B893F65CF0DBDF1CBADA5C08E.d.23259647899F4982DC354D817C33D150.e.92/click'
19:36:07.270 [AsyncHttpClient-1-1] DEBUG org.asynchttpclient.netty.channel.DefaultChannelPool - Entry count for : http://localhost:2054 : 1
19:36:07.270 [AsyncHttpClient-1-1] DEBUG org.asynchttpclient.netty.channel.DefaultChannelPool - Entry count for : http://localhost:50343 : 1
19:36:07.270 [AsyncHttpClient-1-1] DEBUG org.asynchttpclient.netty.channel.DefaultChannelPool - Adding Candidate expired Channel [id: 0x6340ada6, L:/127.0.0.1:50272 - R:localhost/127.0.0.1:2054] isIdleTimeoutExpired=true isRemotelyClosed=false isTtlExpired=false
19:36:07.270 [AsyncHttpClient-1-1] DEBUG org.asynchttpclient.netty.channel.DefaultChannelPool - Closing Idle Channel [id: 0x6340ada6, L:/127.0.0.1:50272 - R:localhost/127.0.0.1:2054]
19:36:07.270 [AsyncHttpClient-1-1] DEBUG org.asynchttpclient.netty.channel.DefaultChannelPool - Closed 1 connections out of 2 in 0 ms
19:36:07.270 [AsyncHttpClient-1-2] DEBUG org.asynchttpclient.netty.handler.HttpHandler - Channel Closed: [id: 0x6340ada6, L:/127.0.0.1:50272 ! R:localhost/127.0.0.1:2054] with attribute DISCARD
19:36:07.293 [AsyncHttpClient-1-5] DEBUG org.asynchttpclient.netty.handler.HttpHandler - 

Request DefaultHttpRequest(decodeResult: success, version: HTTP/1.1)
POST /session/d425dfcc20970418c7604a8c7efc49bc/element/f.6F8C2C6B893F65CF0DBDF1CBADA5C08E.d.23259647899F4982DC354D817C33D150.e.92/click HTTP/1.1
User-Agent: selenium/4.12.0 (java windows)
Content-Length: 88
Content-Type: application/json; charset=utf-8
host: localhost:43867
accept: */*

Response DefaultHttpResponse(decodeResult: success, version: HTTP/1.1)
HTTP/1.1 200 OK
Content-Length: 14
Content-Type: application/json; charset=utf-8
cache-control: no-cache

19:36:07.293 [AsyncHttpClient-1-5] DEBUG org.asynchttpclient.netty.channel.ChannelManager - Adding key: http://localhost:43867 for channel [id: 0x190caff9, L:/127.0.0.1:50342 - R:localhost/127.0.0.1:43867]
19:36:07.796 [Forwarding screenshot on session d425dfcc20970418c7604a8c7efc49bc to remote] DEBUG org.asynchttpclient.netty.request.NettyRequestSender - Using pooled Channel '[id: 0x190caff9, L:/127.0.0.1:50342 - R:localhost/127.0.0.1:43867]' for 'GET' to 'http://localhost:43867/session/d425dfcc20970418c7604a8c7efc49bc/screenshot'
19:36:07.797 [Forwarding screenshot on session d425dfcc20970418c7604a8c7efc49bc to remote] DEBUG org.asynchttpclient.netty.request.NettyRequestSender - Using open Channel [id: 0x190caff9, L:/127.0.0.1:50342 - R:localhost/127.0.0.1:43867] for GET '/session/d425dfcc20970418c7604a8c7efc49bc/screenshot'
19:36:07.851 [AsyncHttpClient-1-5] DEBUG org.asynchttpclient.netty.handler.HttpHandler - 

Request DefaultFullHttpRequest(decodeResult: success, version: HTTP/1.1, content: EmptyByteBufBE)
GET /session/d425dfcc20970418c7604a8c7efc49bc/screenshot HTTP/1.1
Cache-Control: no-cache
User-Agent: selenium/4.12.0 (java windows)
Content-Type: application/json; charset=utf-8
host: localhost:43867
accept: */*

Response DefaultHttpResponse(decodeResult: success, version: HTTP/1.1)
HTTP/1.1 200 OK
Content-Length: 4624
Content-Type: application/json; charset=utf-8
cache-control: no-cache

19:36:07.852 [AsyncHttpClient-1-5] DEBUG org.asynchttpclient.netty.channel.ChannelManager - Adding key: http://localhost:43867 for channel [id: 0x190caff9, L:/127.0.0.1:50342 - R:localhost/127.0.0.1:43867]
  When Submit the form                                              # StepDefination.Customer_onboarding.Submit_the_form()
19:36:08.377 [AsyncHttpClient-1-1] DEBUG org.asynchttpclient.netty.channel.DefaultChannelPool - Entry count for : http://localhost:43867 : 1
19:36:08.378 [AsyncHttpClient-1-1] DEBUG org.asynchttpclient.netty.channel.DefaultChannelPool - Entry count for : http://localhost:50343 : 1
19:36:08.378 [AsyncHttpClient-1-1] DEBUG org.asynchttpclient.netty.channel.DefaultChannelPool - Adding Candidate expired Channel [id: 0x00fdef43, L:/127.0.0.1:50350 - R:localhost/127.0.0.1:50343] isIdleTimeoutExpired=true isRemotelyClosed=false isTtlExpired=false
19:36:08.378 [AsyncHttpClient-1-1] DEBUG org.asynchttpclient.netty.channel.DefaultChannelPool - Closing Idle Channel [id: 0x00fdef43, L:/127.0.0.1:50350 - R:localhost/127.0.0.1:50343]
19:36:08.378 [AsyncHttpClient-1-1] DEBUG org.asynchttpclient.netty.channel.DefaultChannelPool - Closed 1 connections out of 2 in 0 ms
19:36:08.379 [AsyncHttpClient-1-6] DEBUG org.asynchttpclient.netty.handler.HttpHandler - Channel Closed: [id: 0x00fdef43, L:/127.0.0.1:50350 ! R:localhost/127.0.0.1:50343] with attribute DISCARD
19:36:08.869 [Forwarding findElements on session d425dfcc20970418c7604a8c7efc49bc to remote] DEBUG org.asynchttpclient.netty.request.NettyRequestSender - Using pooled Channel '[id: 0x190caff9, L:/127.0.0.1:50342 - R:localhost/127.0.0.1:43867]' for 'POST' to 'http://localhost:43867/session/d425dfcc20970418c7604a8c7efc49bc/elements'
19:36:08.869 [Forwarding findElements on session d425dfcc20970418c7604a8c7efc49bc to remote] DEBUG org.asynchttpclient.netty.request.NettyRequestSender - Using open Channel [id: 0x190caff9, L:/127.0.0.1:50342 - R:localhost/127.0.0.1:43867] for POST '/session/d425dfcc20970418c7604a8c7efc49bc/elements'
19:36:08.893 [AsyncHttpClient-1-5] DEBUG org.asynchttpclient.netty.handler.HttpHandler - 

Request DefaultHttpRequest(decodeResult: success, version: HTTP/1.1)
POST /session/d425dfcc20970418c7604a8c7efc49bc/elements HTTP/1.1
User-Agent: selenium/4.12.0 (java windows)
Content-Length: 142
Content-Type: application/json; charset=utf-8
host: localhost:43867
accept: */*

Response DefaultHttpResponse(decodeResult: success, version: HTTP/1.1)
HTTP/1.1 200 OK
Content-Length: 2958
Content-Type: application/json; charset=utf-8
cache-control: no-cache

19:36:08.893 [AsyncHttpClient-1-5] DEBUG org.asynchttpclient.netty.channel.ChannelManager - Adding key: http://localhost:43867 for channel [id: 0x190caff9, L:/127.0.0.1:50342 - R:localhost/127.0.0.1:43867]
19:36:08.908 [Forwarding findElement on session d425dfcc20970418c7604a8c7efc49bc to remote] DEBUG org.asynchttpclient.netty.request.NettyRequestSender - Using pooled Channel '[id: 0x190caff9, L:/127.0.0.1:50342 - R:localhost/127.0.0.1:43867]' for 'POST' to 'http://localhost:43867/session/d425dfcc20970418c7604a8c7efc49bc/element'
19:36:08.909 [Forwarding findElement on session d425dfcc20970418c7604a8c7efc49bc to remote] DEBUG org.asynchttpclient.netty.request.NettyRequestSender - Using open Channel [id: 0x190caff9, L:/127.0.0.1:50342 - R:localhost/127.0.0.1:43867] for POST '/session/d425dfcc20970418c7604a8c7efc49bc/element'
19:36:08.926 [AsyncHttpClient-1-5] DEBUG org.asynchttpclient.netty.handler.HttpHandler - 

Request DefaultHttpRequest(decodeResult: success, version: HTTP/1.1)
POST /session/d425dfcc20970418c7604a8c7efc49bc/element HTTP/1.1
User-Agent: selenium/4.12.0 (java windows)
Content-Length: 198
Content-Type: application/json; charset=utf-8
host: localhost:43867
accept: */*

Response DefaultHttpResponse(decodeResult: success, version: HTTP/1.1)
HTTP/1.1 200 OK
Content-Length: 127
Content-Type: application/json; charset=utf-8
cache-control: no-cache

19:36:08.927 [AsyncHttpClient-1-5] DEBUG org.asynchttpclient.netty.channel.ChannelManager - Adding key: http://localhost:43867 for channel [id: 0x190caff9, L:/127.0.0.1:50342 - R:localhost/127.0.0.1:43867]
19:36:08.928 [Forwarding getElementText on session d425dfcc20970418c7604a8c7efc49bc to remote] DEBUG org.asynchttpclient.netty.request.NettyRequestSender - Using pooled Channel '[id: 0x190caff9, L:/127.0.0.1:50342 - R:localhost/127.0.0.1:43867]' for 'GET' to 'http://localhost:43867/session/d425dfcc20970418c7604a8c7efc49bc/element/f.6F8C2C6B893F65CF0DBDF1CBADA5C08E.d.23259647899F4982DC354D817C33D150.e.122/text'
19:36:08.928 [Forwarding getElementText on session d425dfcc20970418c7604a8c7efc49bc to remote] DEBUG org.asynchttpclient.netty.request.NettyRequestSender - Using open Channel [id: 0x190caff9, L:/127.0.0.1:50342 - R:localhost/127.0.0.1:43867] for GET '/session/d425dfcc20970418c7604a8c7efc49bc/element/f.6F8C2C6B893F65CF0DBDF1CBADA5C08E.d.23259647899F4982DC354D817C33D150.e.122/text'
19:36:08.949 [AsyncHttpClient-1-5] DEBUG org.asynchttpclient.netty.handler.HttpHandler - 

Request DefaultFullHttpRequest(decodeResult: success, version: HTTP/1.1, content: EmptyByteBufBE)
GET /session/d425dfcc20970418c7604a8c7efc49bc/element/f.6F8C2C6B893F65CF0DBDF1CBADA5C08E.d.23259647899F4982DC354D817C33D150.e.122/text HTTP/1.1
Cache-Control: no-cache
User-Agent: selenium/4.12.0 (java windows)
Content-Type: application/json; charset=utf-8
host: localhost:43867
accept: */*

Response DefaultHttpResponse(decodeResult: success, version: HTTP/1.1)
HTTP/1.1 200 OK
Content-Length: 26
Content-Type: application/json; charset=utf-8
cache-control: no-cache

19:36:08.949 [AsyncHttpClient-1-5] DEBUG org.asynchttpclient.netty.channel.ChannelManager - Adding key: http://localhost:43867 for channel [id: 0x190caff9, L:/127.0.0.1:50342 - R:localhost/127.0.0.1:43867]
actual name: Royal_Steel
Company successfully created
  Then customer successsfully added                                 # StepDefination.Customer_onboarding.customer_successsfully_added()
19:36:08.962 [Driver Command Executor] DEBUG org.asynchttpclient.netty.request.NettyRequestSender - Using pooled Channel '[id: 0x190caff9, L:/127.0.0.1:50342 - R:localhost/127.0.0.1:43867]' for 'DELETE' to 'http://localhost:43867/session/d425dfcc20970418c7604a8c7efc49bc'
19:36:08.963 [Driver Command Executor] DEBUG org.asynchttpclient.netty.request.NettyRequestSender - Using open Channel [id: 0x190caff9, L:/127.0.0.1:50342 - R:localhost/127.0.0.1:43867] for DELETE '/session/d425dfcc20970418c7604a8c7efc49bc'
19:36:08.965 [AsyncHttpClient-1-7] DEBUG org.asynchttpclient.netty.handler.WebSocketHandler - Channel Closed: [id: 0x75228e01, L:/127.0.0.1:50351 ! R:localhost/127.0.0.1:50343] with attribute DISCARD
19:36:09.060 [AsyncHttpClient-1-5] DEBUG org.asynchttpclient.netty.handler.HttpHandler - 

Request DefaultFullHttpRequest(decodeResult: success, version: HTTP/1.1, content: EmptyByteBufBE)
DELETE /session/d425dfcc20970418c7604a8c7efc49bc HTTP/1.1
User-Agent: selenium/4.12.0 (java windows)
Content-Type: application/json; charset=utf-8
host: localhost:43867
accept: */*

Response DefaultHttpResponse(decodeResult: success, version: HTTP/1.1)
HTTP/1.1 200 OK
Content-Length: 14
Content-Type: application/json; charset=utf-8
cache-control: no-cache

19:36:09.060 [AsyncHttpClient-1-5] DEBUG org.asynchttpclient.netty.channel.ChannelManager - Adding key: http://localhost:43867 for channel [id: 0x190caff9, L:/127.0.0.1:50342 - R:localhost/127.0.0.1:43867]
19:36:09.476 [AsyncHttpClient-1-1] DEBUG org.asynchttpclient.netty.channel.DefaultChannelPool - Entry count for : http://localhost:43867 : 1
19:36:09.605 [AsyncHttpClient-1-5] DEBUG org.asynchttpclient.netty.handler.HttpHandler - Channel Closed: [id: 0x190caff9, L:/127.0.0.1:50342 ! R:localhost/127.0.0.1:43867] with attribute DISCARD
  And Close_Window                                                  # StepDefination.Customer_onboarding.close_window()
]]></system-out>
    <system-err><![CDATA[Jan 14, 2025 7:35:07 PM org.openqa.selenium.devtools.CdpVersionFinder findNearestMatch
WARNING: Unable to find CDP implementation matching 131
Jan 14, 2025 7:35:07 PM org.openqa.selenium.chromium.ChromiumDriver lambda$new$5
WARNING: Unable to find version of CDP to use for 131.0.6778.265. You may need to include a dependency on a specific version of the CDP using something similar to `org.seleniumhq.selenium:selenium-devtools-v86:4.12.0` where the version ("v86") matches the version of the chromium-based browser you're using and the version number of the artifact is the same as Selenium's.
]]></system-err>
  </testcase>
  <testcase name="Signin with email and password #1" classname="User sign IN" time="32.297">
    <system-out><![CDATA[
Scenario Outline: Signin with email and password           # src/test/resources/Login/Login.feature:12
19:36:10.029 [AsyncHttpClient-1-8] DEBUG org.asynchttpclient.netty.channel.NettyConnectListener - Using new Channel '[id: 0x7c2a92d6, L:/127.0.0.1:50434 - R:localhost/127.0.0.1:45272]' for 'POST' to '/session'
19:36:10.576 [AsyncHttpClient-1-1] DEBUG org.asynchttpclient.netty.channel.DefaultChannelPool - Entry count for : http://localhost:43867 : 1
19:36:10.576 [AsyncHttpClient-1-1] DEBUG org.asynchttpclient.netty.channel.DefaultChannelPool - Adding Candidate expired Channel [id: 0x190caff9, L:/127.0.0.1:50342 ! R:localhost/127.0.0.1:43867] isIdleTimeoutExpired=false isRemotelyClosed=true isTtlExpired=false
19:36:10.576 [AsyncHttpClient-1-1] DEBUG org.asynchttpclient.netty.channel.DefaultChannelPool - Closing Idle Channel [id: 0x190caff9, L:/127.0.0.1:50342 ! R:localhost/127.0.0.1:43867]
19:36:10.576 [AsyncHttpClient-1-1] DEBUG org.asynchttpclient.netty.channel.DefaultChannelPool - Closed 1 connections out of 1 in 0 ms
19:36:10.660 [AsyncHttpClient-1-8] DEBUG org.asynchttpclient.netty.handler.HttpHandler - 

Request DefaultHttpRequest(decodeResult: success, version: HTTP/1.1)
POST /session HTTP/1.1
User-Agent: selenium/4.12.0 (java windows)
Content-Length: 254
Content-Type: application/json; charset=utf-8
host: localhost:45272
accept: */*

Response DefaultHttpResponse(decodeResult: success, version: HTTP/1.1)
HTTP/1.1 200 OK
Content-Length: 870
Content-Type: application/json; charset=utf-8
cache-control: no-cache

19:36:10.661 [AsyncHttpClient-1-8] DEBUG org.asynchttpclient.netty.channel.ChannelManager - Adding key: http://localhost:45272 for channel [id: 0x7c2a92d6, L:/127.0.0.1:50434 - R:localhost/127.0.0.1:45272]
19:36:10.679 [AsyncHttpClient-1-9] DEBUG org.asynchttpclient.netty.channel.NettyConnectListener - Using new Channel '[id: 0x5f769c69, L:/127.0.0.1:50442 - R:localhost/127.0.0.1:50436]' for 'GET' to '/json/version'
19:36:10.682 [AsyncHttpClient-1-9] DEBUG org.asynchttpclient.netty.handler.HttpHandler - 

Request DefaultFullHttpRequest(decodeResult: success, version: HTTP/1.1, content: EmptyByteBufBE)
GET /json/version HTTP/1.1
User-Agent: selenium/4.12.0 (java windows)
host: localhost:50436
accept: */*

Response DefaultHttpResponse(decodeResult: success, version: HTTP/1.1)
HTTP/1.1 200 OK
Content-Security-Policy: frame-ancestors 'none'
Content-Length: 424
Content-Type: application/json; charset=UTF-8

19:36:10.683 [AsyncHttpClient-1-9] DEBUG org.asynchttpclient.netty.channel.ChannelManager - Adding key: http://localhost:50436 for channel [id: 0x5f769c69, L:/127.0.0.1:50442 - R:localhost/127.0.0.1:50436]
19:36:10.688 [AsyncHttpClient-1-10] DEBUG org.asynchttpclient.netty.channel.NettyConnectListener - Using new Channel '[id: 0x9428184c, L:/127.0.0.1:50443 - R:localhost/127.0.0.1:50436]' for 'GET' to '/devtools/browser/314668c9-dba8-4eef-8370-121e7a548297'
19:36:10.692 [AsyncHttpClient-1-10] DEBUG org.asynchttpclient.netty.handler.WebSocketHandler - 

Request DefaultFullHttpRequest(decodeResult: success, version: HTTP/1.1, content: EmptyByteBufBE)
GET /devtools/browser/314668c9-dba8-4eef-8370-121e7a548297 HTTP/1.1
upgrade: websocket
connection: upgrade
sec-websocket-key: XtipC7SqDEJdhV5pyYkmQQ==
sec-websocket-version: 13
origin: http://localhost:50436
host: localhost:50436
accept: */*
user-agent: AHC/2.1

Response DefaultHttpResponse(decodeResult: success, version: HTTP/1.1)
HTTP/1.1 101 WebSocket Protocol Handshake
Upgrade: WebSocket
Connection: Upgrade
Sec-WebSocket-Accept: bCIDq+hdkZ/J4j9xj9pqhVA5oYs=

19:36:10.703 [Forwarding get on session b21ce30f71c4b8e9c7d9c0711d62c525 to remote] DEBUG org.asynchttpclient.netty.request.NettyRequestSender - Using pooled Channel '[id: 0x7c2a92d6, L:/127.0.0.1:50434 - R:localhost/127.0.0.1:45272]' for 'POST' to 'http://localhost:45272/session/b21ce30f71c4b8e9c7d9c0711d62c525/url'
19:36:10.703 [Forwarding get on session b21ce30f71c4b8e9c7d9c0711d62c525 to remote] DEBUG org.asynchttpclient.netty.request.NettyRequestSender - Using open Channel [id: 0x7c2a92d6, L:/127.0.0.1:50434 - R:localhost/127.0.0.1:45272] for POST '/session/b21ce30f71c4b8e9c7d9c0711d62c525/url'
19:36:11.678 [AsyncHttpClient-1-1] DEBUG org.asynchttpclient.netty.channel.DefaultChannelPool - Entry count for : http://localhost:50436 : 1
19:36:12.770 [AsyncHttpClient-1-1] DEBUG org.asynchttpclient.netty.channel.DefaultChannelPool - Entry count for : http://localhost:50436 : 1
19:36:13.869 [AsyncHttpClient-1-1] DEBUG org.asynchttpclient.netty.channel.DefaultChannelPool - Entry count for : http://localhost:50436 : 1
19:36:14.972 [AsyncHttpClient-1-1] DEBUG org.asynchttpclient.netty.channel.DefaultChannelPool - Entry count for : http://localhost:50436 : 1
19:36:16.071 [AsyncHttpClient-1-1] DEBUG org.asynchttpclient.netty.channel.DefaultChannelPool - Entry count for : http://localhost:50436 : 1
19:36:17.172 [AsyncHttpClient-1-1] DEBUG org.asynchttpclient.netty.channel.DefaultChannelPool - Entry count for : http://localhost:50436 : 1
19:36:18.273 [AsyncHttpClient-1-1] DEBUG org.asynchttpclient.netty.channel.DefaultChannelPool - Entry count for : http://localhost:50436 : 1
19:36:19.376 [AsyncHttpClient-1-1] DEBUG org.asynchttpclient.netty.channel.DefaultChannelPool - Entry count for : http://localhost:50436 : 1
19:36:20.476 [AsyncHttpClient-1-1] DEBUG org.asynchttpclient.netty.channel.DefaultChannelPool - Entry count for : http://localhost:50436 : 1
19:36:21.571 [AsyncHttpClient-1-1] DEBUG org.asynchttpclient.netty.channel.DefaultChannelPool - Entry count for : http://localhost:50436 : 1
19:36:22.671 [AsyncHttpClient-1-1] DEBUG org.asynchttpclient.netty.channel.DefaultChannelPool - Entry count for : http://localhost:50436 : 1
19:36:23.775 [AsyncHttpClient-1-1] DEBUG org.asynchttpclient.netty.channel.DefaultChannelPool - Entry count for : http://localhost:50436 : 1
19:36:24.875 [AsyncHttpClient-1-1] DEBUG org.asynchttpclient.netty.channel.DefaultChannelPool - Entry count for : http://localhost:50436 : 1
19:36:25.979 [AsyncHttpClient-1-1] DEBUG org.asynchttpclient.netty.channel.DefaultChannelPool - Entry count for : http://localhost:50436 : 1
19:36:27.078 [AsyncHttpClient-1-1] DEBUG org.asynchttpclient.netty.channel.DefaultChannelPool - Entry count for : http://localhost:50436 : 1
19:36:28.172 [AsyncHttpClient-1-1] DEBUG org.asynchttpclient.netty.channel.DefaultChannelPool - Entry count for : http://localhost:50436 : 1
19:36:29.271 [AsyncHttpClient-1-1] DEBUG org.asynchttpclient.netty.channel.DefaultChannelPool - Entry count for : http://localhost:50436 : 1
19:36:30.379 [AsyncHttpClient-1-1] DEBUG org.asynchttpclient.netty.channel.DefaultChannelPool - Entry count for : http://localhost:50436 : 1
19:36:31.470 [AsyncHttpClient-1-1] DEBUG org.asynchttpclient.netty.channel.DefaultChannelPool - Entry count for : http://localhost:50436 : 1
19:36:32.565 [AsyncHttpClient-1-8] DEBUG org.asynchttpclient.netty.handler.HttpHandler - 

Request DefaultHttpRequest(decodeResult: success, version: HTTP/1.1)
POST /session/b21ce30f71c4b8e9c7d9c0711d62c525/url HTTP/1.1
User-Agent: selenium/4.12.0 (java windows)
Content-Length: 92
Content-Type: application/json; charset=utf-8
host: localhost:45272
accept: */*

Response DefaultHttpResponse(decodeResult: success, version: HTTP/1.1)
HTTP/1.1 200 OK
Content-Length: 14
Content-Type: application/json; charset=utf-8
cache-control: no-cache

19:36:32.566 [AsyncHttpClient-1-8] DEBUG org.asynchttpclient.netty.channel.ChannelManager - Adding key: http://localhost:45272 for channel [id: 0x7c2a92d6, L:/127.0.0.1:50434 - R:localhost/127.0.0.1:45272]
19:36:32.568 [Forwarding maximizeCurrentWindow on session b21ce30f71c4b8e9c7d9c0711d62c525 to remote] DEBUG org.asynchttpclient.netty.request.NettyRequestSender - Using pooled Channel '[id: 0x7c2a92d6, L:/127.0.0.1:50434 - R:localhost/127.0.0.1:45272]' for 'POST' to 'http://localhost:45272/session/b21ce30f71c4b8e9c7d9c0711d62c525/window/maximize'
19:36:32.568 [Forwarding maximizeCurrentWindow on session b21ce30f71c4b8e9c7d9c0711d62c525 to remote] DEBUG org.asynchttpclient.netty.request.NettyRequestSender - Using open Channel [id: 0x7c2a92d6, L:/127.0.0.1:50434 - R:localhost/127.0.0.1:45272] for POST '/session/b21ce30f71c4b8e9c7d9c0711d62c525/window/maximize'
19:36:32.577 [AsyncHttpClient-1-1] DEBUG org.asynchttpclient.netty.channel.DefaultChannelPool - Entry count for : http://localhost:50436 : 1
19:36:32.617 [AsyncHttpClient-1-8] DEBUG org.asynchttpclient.netty.handler.HttpHandler - 

Request DefaultHttpRequest(decodeResult: success, version: HTTP/1.1)
POST /session/b21ce30f71c4b8e9c7d9c0711d62c525/window/maximize HTTP/1.1
User-Agent: selenium/4.12.0 (java windows)
Content-Length: 3
Content-Type: application/json; charset=utf-8
host: localhost:45272
accept: */*

Response DefaultHttpResponse(decodeResult: success, version: HTTP/1.1)
HTTP/1.1 200 OK
Content-Length: 51
Content-Type: application/json; charset=utf-8
cache-control: no-cache

19:36:32.617 [AsyncHttpClient-1-8] DEBUG org.asynchttpclient.netty.channel.ChannelManager - Adding key: http://localhost:45272 for channel [id: 0x7c2a92d6, L:/127.0.0.1:50434 - R:localhost/127.0.0.1:45272]
  Given I have login panel-test                            # StepDefination.Signin.I_have_login_panel()
19:36:32.622 [Forwarding findElement on session b21ce30f71c4b8e9c7d9c0711d62c525 to remote] DEBUG org.asynchttpclient.netty.request.NettyRequestSender - Using pooled Channel '[id: 0x7c2a92d6, L:/127.0.0.1:50434 - R:localhost/127.0.0.1:45272]' for 'POST' to 'http://localhost:45272/session/b21ce30f71c4b8e9c7d9c0711d62c525/element'
19:36:32.622 [Forwarding findElement on session b21ce30f71c4b8e9c7d9c0711d62c525 to remote] DEBUG org.asynchttpclient.netty.request.NettyRequestSender - Using open Channel [id: 0x7c2a92d6, L:/127.0.0.1:50434 - R:localhost/127.0.0.1:45272] for POST '/session/b21ce30f71c4b8e9c7d9c0711d62c525/element'
19:36:32.642 [AsyncHttpClient-1-8] DEBUG org.asynchttpclient.netty.handler.HttpHandler - 

Request DefaultHttpRequest(decodeResult: success, version: HTTP/1.1)
POST /session/b21ce30f71c4b8e9c7d9c0711d62c525/element HTTP/1.1
User-Agent: selenium/4.12.0 (java windows)
Content-Length: 69
Content-Type: application/json; charset=utf-8
host: localhost:45272
accept: */*

Response DefaultHttpResponse(decodeResult: success, version: HTTP/1.1)
HTTP/1.1 200 OK
Content-Length: 125
Content-Type: application/json; charset=utf-8
cache-control: no-cache

19:36:32.642 [AsyncHttpClient-1-8] DEBUG org.asynchttpclient.netty.channel.ChannelManager - Adding key: http://localhost:45272 for channel [id: 0x7c2a92d6, L:/127.0.0.1:50434 - R:localhost/127.0.0.1:45272]
19:36:32.645 [Forwarding sendKeysToElement on session b21ce30f71c4b8e9c7d9c0711d62c525 to remote] DEBUG org.asynchttpclient.netty.request.NettyRequestSender - Using pooled Channel '[id: 0x7c2a92d6, L:/127.0.0.1:50434 - R:localhost/127.0.0.1:45272]' for 'POST' to 'http://localhost:45272/session/b21ce30f71c4b8e9c7d9c0711d62c525/element/f.4CBCE9E44C28EECC08914B59B2FAA588.d.E67EFB96189FF4F5EB710880CEF766A5.e.4/value'
19:36:32.645 [Forwarding sendKeysToElement on session b21ce30f71c4b8e9c7d9c0711d62c525 to remote] DEBUG org.asynchttpclient.netty.request.NettyRequestSender - Using open Channel [id: 0x7c2a92d6, L:/127.0.0.1:50434 - R:localhost/127.0.0.1:45272] for POST '/session/b21ce30f71c4b8e9c7d9c0711d62c525/element/f.4CBCE9E44C28EECC08914B59B2FAA588.d.E67EFB96189FF4F5EB710880CEF766A5.e.4/value'
19:36:32.785 [AsyncHttpClient-1-8] DEBUG org.asynchttpclient.netty.handler.HttpHandler - 

Request DefaultHttpRequest(decodeResult: success, version: HTTP/1.1)
POST /session/b21ce30f71c4b8e9c7d9c0711d62c525/element/f.4CBCE9E44C28EECC08914B59B2FAA588.d.E67EFB96189FF4F5EB710880CEF766A5.e.4/value HTTP/1.1
User-Agent: selenium/4.12.0 (java windows)
Content-Length: 338
Content-Type: application/json; charset=utf-8
host: localhost:45272
accept: */*

Response DefaultHttpResponse(decodeResult: success, version: HTTP/1.1)
HTTP/1.1 200 OK
Content-Length: 14
Content-Type: application/json; charset=utf-8
cache-control: no-cache

19:36:32.785 [AsyncHttpClient-1-8] DEBUG org.asynchttpclient.netty.channel.ChannelManager - Adding key: http://localhost:45272 for channel [id: 0x7c2a92d6, L:/127.0.0.1:50434 - R:localhost/127.0.0.1:45272]
19:36:32.787 [Forwarding findElement on session b21ce30f71c4b8e9c7d9c0711d62c525 to remote] DEBUG org.asynchttpclient.netty.request.NettyRequestSender - Using pooled Channel '[id: 0x7c2a92d6, L:/127.0.0.1:50434 - R:localhost/127.0.0.1:45272]' for 'POST' to 'http://localhost:45272/session/b21ce30f71c4b8e9c7d9c0711d62c525/element'
19:36:32.787 [Forwarding findElement on session b21ce30f71c4b8e9c7d9c0711d62c525 to remote] DEBUG org.asynchttpclient.netty.request.NettyRequestSender - Using open Channel [id: 0x7c2a92d6, L:/127.0.0.1:50434 - R:localhost/127.0.0.1:45272] for POST '/session/b21ce30f71c4b8e9c7d9c0711d62c525/element'
19:36:32.806 [AsyncHttpClient-1-8] DEBUG org.asynchttpclient.netty.handler.HttpHandler - 

Request DefaultHttpRequest(decodeResult: success, version: HTTP/1.1)
POST /session/b21ce30f71c4b8e9c7d9c0711d62c525/element HTTP/1.1
User-Agent: selenium/4.12.0 (java windows)
Content-Length: 72
Content-Type: application/json; charset=utf-8
host: localhost:45272
accept: */*

Response DefaultHttpResponse(decodeResult: success, version: HTTP/1.1)
HTTP/1.1 200 OK
Content-Length: 125
Content-Type: application/json; charset=utf-8
cache-control: no-cache

19:36:32.807 [AsyncHttpClient-1-8] DEBUG org.asynchttpclient.netty.channel.ChannelManager - Adding key: http://localhost:45272 for channel [id: 0x7c2a92d6, L:/127.0.0.1:50434 - R:localhost/127.0.0.1:45272]
19:36:32.810 [Forwarding sendKeysToElement on session b21ce30f71c4b8e9c7d9c0711d62c525 to remote] DEBUG org.asynchttpclient.netty.request.NettyRequestSender - Using pooled Channel '[id: 0x7c2a92d6, L:/127.0.0.1:50434 - R:localhost/127.0.0.1:45272]' for 'POST' to 'http://localhost:45272/session/b21ce30f71c4b8e9c7d9c0711d62c525/element/f.4CBCE9E44C28EECC08914B59B2FAA588.d.E67EFB96189FF4F5EB710880CEF766A5.e.6/value'
19:36:32.810 [Forwarding sendKeysToElement on session b21ce30f71c4b8e9c7d9c0711d62c525 to remote] DEBUG org.asynchttpclient.netty.request.NettyRequestSender - Using open Channel [id: 0x7c2a92d6, L:/127.0.0.1:50434 - R:localhost/127.0.0.1:45272] for POST '/session/b21ce30f71c4b8e9c7d9c0711d62c525/element/f.4CBCE9E44C28EECC08914B59B2FAA588.d.E67EFB96189FF4F5EB710880CEF766A5.e.6/value'
19:36:32.914 [AsyncHttpClient-1-8] DEBUG org.asynchttpclient.netty.handler.HttpHandler - 

Request DefaultHttpRequest(decodeResult: success, version: HTTP/1.1)
POST /session/b21ce30f71c4b8e9c7d9c0711d62c525/element/f.4CBCE9E44C28EECC08914B59B2FAA588.d.E67EFB96189FF4F5EB710880CEF766A5.e.6/value HTTP/1.1
User-Agent: selenium/4.12.0 (java windows)
Content-Length: 208
Content-Type: application/json; charset=utf-8
host: localhost:45272
accept: */*

Response DefaultHttpResponse(decodeResult: success, version: HTTP/1.1)
HTTP/1.1 200 OK
Content-Length: 14
Content-Type: application/json; charset=utf-8
cache-control: no-cache

19:36:32.914 [AsyncHttpClient-1-8] DEBUG org.asynchttpclient.netty.channel.ChannelManager - Adding key: http://localhost:45272 for channel [id: 0x7c2a92d6, L:/127.0.0.1:50434 - R:localhost/127.0.0.1:45272]
  When I provide fokisaj290@edectus.com and Fleet@123-test # StepDefination.Signin.i_provide_id_and_password(java.lang.String,java.lang.String)
19:36:32.918 [Forwarding findElement on session b21ce30f71c4b8e9c7d9c0711d62c525 to remote] DEBUG org.asynchttpclient.netty.request.NettyRequestSender - Using pooled Channel '[id: 0x7c2a92d6, L:/127.0.0.1:50434 - R:localhost/127.0.0.1:45272]' for 'POST' to 'http://localhost:45272/session/b21ce30f71c4b8e9c7d9c0711d62c525/element'
19:36:32.918 [Forwarding findElement on session b21ce30f71c4b8e9c7d9c0711d62c525 to remote] DEBUG org.asynchttpclient.netty.request.NettyRequestSender - Using open Channel [id: 0x7c2a92d6, L:/127.0.0.1:50434 - R:localhost/127.0.0.1:45272] for POST '/session/b21ce30f71c4b8e9c7d9c0711d62c525/element'
19:36:32.936 [AsyncHttpClient-1-8] DEBUG org.asynchttpclient.netty.handler.HttpHandler - 

Request DefaultHttpRequest(decodeResult: success, version: HTTP/1.1)
POST /session/b21ce30f71c4b8e9c7d9c0711d62c525/element HTTP/1.1
User-Agent: selenium/4.12.0 (java windows)
Content-Length: 73
Content-Type: application/json; charset=utf-8
host: localhost:45272
accept: */*

Response DefaultHttpResponse(decodeResult: success, version: HTTP/1.1)
HTTP/1.1 200 OK
Content-Length: 125
Content-Type: application/json; charset=utf-8
cache-control: no-cache

19:36:32.936 [AsyncHttpClient-1-8] DEBUG org.asynchttpclient.netty.channel.ChannelManager - Adding key: http://localhost:45272 for channel [id: 0x7c2a92d6, L:/127.0.0.1:50434 - R:localhost/127.0.0.1:45272]
19:36:32.938 [Forwarding clickElement on session b21ce30f71c4b8e9c7d9c0711d62c525 to remote] DEBUG org.asynchttpclient.netty.request.NettyRequestSender - Using pooled Channel '[id: 0x7c2a92d6, L:/127.0.0.1:50434 - R:localhost/127.0.0.1:45272]' for 'POST' to 'http://localhost:45272/session/b21ce30f71c4b8e9c7d9c0711d62c525/element/f.4CBCE9E44C28EECC08914B59B2FAA588.d.E67EFB96189FF4F5EB710880CEF766A5.e.8/click'
19:36:32.938 [Forwarding clickElement on session b21ce30f71c4b8e9c7d9c0711d62c525 to remote] DEBUG org.asynchttpclient.netty.request.NettyRequestSender - Using open Channel [id: 0x7c2a92d6, L:/127.0.0.1:50434 - R:localhost/127.0.0.1:45272] for POST '/session/b21ce30f71c4b8e9c7d9c0711d62c525/element/f.4CBCE9E44C28EECC08914B59B2FAA588.d.E67EFB96189FF4F5EB710880CEF766A5.e.8/click'
19:36:33.080 [AsyncHttpClient-1-8] DEBUG org.asynchttpclient.netty.handler.HttpHandler - 

Request DefaultHttpRequest(decodeResult: success, version: HTTP/1.1)
POST /session/b21ce30f71c4b8e9c7d9c0711d62c525/element/f.4CBCE9E44C28EECC08914B59B2FAA588.d.E67EFB96189FF4F5EB710880CEF766A5.e.8/click HTTP/1.1
User-Agent: selenium/4.12.0 (java windows)
Content-Length: 87
Content-Type: application/json; charset=utf-8
host: localhost:45272
accept: */*

Response DefaultHttpResponse(decodeResult: success, version: HTTP/1.1)
HTTP/1.1 200 OK
Content-Length: 14
Content-Type: application/json; charset=utf-8
cache-control: no-cache

19:36:33.080 [AsyncHttpClient-1-8] DEBUG org.asynchttpclient.netty.channel.ChannelManager - Adding key: http://localhost:45272 for channel [id: 0x7c2a92d6, L:/127.0.0.1:50434 - R:localhost/127.0.0.1:45272]
19:36:33.674 [AsyncHttpClient-1-1] DEBUG org.asynchttpclient.netty.channel.DefaultChannelPool - Entry count for : http://localhost:50436 : 1
19:36:33.674 [AsyncHttpClient-1-1] DEBUG org.asynchttpclient.netty.channel.DefaultChannelPool - Entry count for : http://localhost:45272 : 1
19:36:34.775 [AsyncHttpClient-1-1] DEBUG org.asynchttpclient.netty.channel.DefaultChannelPool - Entry count for : http://localhost:50436 : 1
19:36:34.775 [AsyncHttpClient-1-1] DEBUG org.asynchttpclient.netty.channel.DefaultChannelPool - Entry count for : http://localhost:45272 : 1
19:36:35.871 [AsyncHttpClient-1-1] DEBUG org.asynchttpclient.netty.channel.DefaultChannelPool - Entry count for : http://localhost:50436 : 1
19:36:35.871 [AsyncHttpClient-1-1] DEBUG org.asynchttpclient.netty.channel.DefaultChannelPool - Entry count for : http://localhost:45272 : 1
19:36:36.973 [AsyncHttpClient-1-1] DEBUG org.asynchttpclient.netty.channel.DefaultChannelPool - Entry count for : http://localhost:50436 : 1
19:36:36.973 [AsyncHttpClient-1-1] DEBUG org.asynchttpclient.netty.channel.DefaultChannelPool - Entry count for : http://localhost:45272 : 1
19:36:38.073 [AsyncHttpClient-1-1] DEBUG org.asynchttpclient.netty.channel.DefaultChannelPool - Entry count for : http://localhost:50436 : 1
19:36:38.073 [AsyncHttpClient-1-1] DEBUG org.asynchttpclient.netty.channel.DefaultChannelPool - Entry count for : http://localhost:45272 : 1
  And Tap on submit button-test                            # StepDefination.Signin.tap_on_submit_button()
19:36:38.091 [Forwarding getCurrentUrl on session b21ce30f71c4b8e9c7d9c0711d62c525 to remote] DEBUG org.asynchttpclient.netty.request.NettyRequestSender - Using pooled Channel '[id: 0x7c2a92d6, L:/127.0.0.1:50434 - R:localhost/127.0.0.1:45272]' for 'GET' to 'http://localhost:45272/session/b21ce30f71c4b8e9c7d9c0711d62c525/url'
19:36:38.091 [Forwarding getCurrentUrl on session b21ce30f71c4b8e9c7d9c0711d62c525 to remote] DEBUG org.asynchttpclient.netty.request.NettyRequestSender - Using open Channel [id: 0x7c2a92d6, L:/127.0.0.1:50434 - R:localhost/127.0.0.1:45272] for GET '/session/b21ce30f71c4b8e9c7d9c0711d62c525/url'
19:36:38.099 [AsyncHttpClient-1-8] DEBUG org.asynchttpclient.netty.handler.HttpHandler - 

Request DefaultFullHttpRequest(decodeResult: success, version: HTTP/1.1, content: EmptyByteBufBE)
GET /session/b21ce30f71c4b8e9c7d9c0711d62c525/url HTTP/1.1
Cache-Control: no-cache
User-Agent: selenium/4.12.0 (java windows)
Content-Type: application/json; charset=utf-8
host: localhost:45272
accept: */*

Response DefaultHttpResponse(decodeResult: success, version: HTTP/1.1)
HTTP/1.1 200 OK
Content-Length: 69
Content-Type: application/json; charset=utf-8
cache-control: no-cache

19:36:38.099 [AsyncHttpClient-1-8] DEBUG org.asynchttpclient.netty.channel.ChannelManager - Adding key: http://localhost:45272 for channel [id: 0x7c2a92d6, L:/127.0.0.1:50434 - R:localhost/127.0.0.1:45272]
https://fleet-manager-development.vercel.app/auth/sign-in
19:36:38.101 [Forwarding findElement on session b21ce30f71c4b8e9c7d9c0711d62c525 to remote] DEBUG org.asynchttpclient.netty.request.NettyRequestSender - Using pooled Channel '[id: 0x7c2a92d6, L:/127.0.0.1:50434 - R:localhost/127.0.0.1:45272]' for 'POST' to 'http://localhost:45272/session/b21ce30f71c4b8e9c7d9c0711d62c525/element'
19:36:38.102 [Forwarding findElement on session b21ce30f71c4b8e9c7d9c0711d62c525 to remote] DEBUG org.asynchttpclient.netty.request.NettyRequestSender - Using open Channel [id: 0x7c2a92d6, L:/127.0.0.1:50434 - R:localhost/127.0.0.1:45272] for POST '/session/b21ce30f71c4b8e9c7d9c0711d62c525/element'
19:36:38.118 [AsyncHttpClient-1-8] DEBUG org.asynchttpclient.netty.handler.HttpHandler - 

Request DefaultHttpRequest(decodeResult: success, version: HTTP/1.1)
POST /session/b21ce30f71c4b8e9c7d9c0711d62c525/element HTTP/1.1
User-Agent: selenium/4.12.0 (java windows)
Content-Length: 66
Content-Type: application/json; charset=utf-8
host: localhost:45272
accept: */*

Response DefaultHttpResponse(decodeResult: success, version: HTTP/1.1)
HTTP/1.1 200 OK
Content-Length: 126
Content-Type: application/json; charset=utf-8
cache-control: no-cache

19:36:38.118 [AsyncHttpClient-1-8] DEBUG org.asynchttpclient.netty.channel.ChannelManager - Adding key: http://localhost:45272 for channel [id: 0x7c2a92d6, L:/127.0.0.1:50434 - R:localhost/127.0.0.1:45272]
19:36:38.121 [Forwarding isElementDisplayed on session b21ce30f71c4b8e9c7d9c0711d62c525 to remote] DEBUG org.asynchttpclient.netty.request.NettyRequestSender - Using pooled Channel '[id: 0x7c2a92d6, L:/127.0.0.1:50434 - R:localhost/127.0.0.1:45272]' for 'POST' to 'http://localhost:45272/session/b21ce30f71c4b8e9c7d9c0711d62c525/execute/sync'
19:36:38.121 [Forwarding isElementDisplayed on session b21ce30f71c4b8e9c7d9c0711d62c525 to remote] DEBUG org.asynchttpclient.netty.request.NettyRequestSender - Using open Channel [id: 0x7c2a92d6, L:/127.0.0.1:50434 - R:localhost/127.0.0.1:45272] for POST '/session/b21ce30f71c4b8e9c7d9c0711d62c525/execute/sync'
19:36:38.148 [AsyncHttpClient-1-8] DEBUG org.asynchttpclient.netty.handler.HttpHandler - 

Request DefaultHttpRequest(decodeResult: success, version: HTTP/1.1)
POST /session/b21ce30f71c4b8e9c7d9c0711d62c525/execute/sync HTTP/1.1
User-Agent: selenium/4.12.0 (java windows)
Content-Length: 48734
Content-Type: application/json; charset=utf-8
host: localhost:45272
accept: */*

Response DefaultHttpResponse(decodeResult: success, version: HTTP/1.1)
HTTP/1.1 200 OK
Content-Length: 14
Content-Type: application/json; charset=utf-8
cache-control: no-cache

19:36:38.148 [AsyncHttpClient-1-8] DEBUG org.asynchttpclient.netty.channel.ChannelManager - Adding key: http://localhost:45272 for channel [id: 0x7c2a92d6, L:/127.0.0.1:50434 - R:localhost/127.0.0.1:45272]
19:36:38.150 [Forwarding findElement on session b21ce30f71c4b8e9c7d9c0711d62c525 to remote] DEBUG org.asynchttpclient.netty.request.NettyRequestSender - Using pooled Channel '[id: 0x7c2a92d6, L:/127.0.0.1:50434 - R:localhost/127.0.0.1:45272]' for 'POST' to 'http://localhost:45272/session/b21ce30f71c4b8e9c7d9c0711d62c525/element'
19:36:38.151 [Forwarding findElement on session b21ce30f71c4b8e9c7d9c0711d62c525 to remote] DEBUG org.asynchttpclient.netty.request.NettyRequestSender - Using open Channel [id: 0x7c2a92d6, L:/127.0.0.1:50434 - R:localhost/127.0.0.1:45272] for POST '/session/b21ce30f71c4b8e9c7d9c0711d62c525/element'
19:36:38.164 [AsyncHttpClient-1-8] DEBUG org.asynchttpclient.netty.handler.HttpHandler - 

Request DefaultHttpRequest(decodeResult: success, version: HTTP/1.1)
POST /session/b21ce30f71c4b8e9c7d9c0711d62c525/element HTTP/1.1
User-Agent: selenium/4.12.0 (java windows)
Content-Length: 66
Content-Type: application/json; charset=utf-8
host: localhost:45272
accept: */*

Response DefaultHttpResponse(decodeResult: success, version: HTTP/1.1)
HTTP/1.1 200 OK
Content-Length: 126
Content-Type: application/json; charset=utf-8
cache-control: no-cache

19:36:38.164 [AsyncHttpClient-1-8] DEBUG org.asynchttpclient.netty.channel.ChannelManager - Adding key: http://localhost:45272 for channel [id: 0x7c2a92d6, L:/127.0.0.1:50434 - R:localhost/127.0.0.1:45272]
19:36:38.166 [Forwarding getElementText on session b21ce30f71c4b8e9c7d9c0711d62c525 to remote] DEBUG org.asynchttpclient.netty.request.NettyRequestSender - Using pooled Channel '[id: 0x7c2a92d6, L:/127.0.0.1:50434 - R:localhost/127.0.0.1:45272]' for 'GET' to 'http://localhost:45272/session/b21ce30f71c4b8e9c7d9c0711d62c525/element/f.4CBCE9E44C28EECC08914B59B2FAA588.d.E67EFB96189FF4F5EB710880CEF766A5.e.23/text'
19:36:38.166 [Forwarding getElementText on session b21ce30f71c4b8e9c7d9c0711d62c525 to remote] DEBUG org.asynchttpclient.netty.request.NettyRequestSender - Using open Channel [id: 0x7c2a92d6, L:/127.0.0.1:50434 - R:localhost/127.0.0.1:45272] for GET '/session/b21ce30f71c4b8e9c7d9c0711d62c525/element/f.4CBCE9E44C28EECC08914B59B2FAA588.d.E67EFB96189FF4F5EB710880CEF766A5.e.23/text'
19:36:38.183 [AsyncHttpClient-1-8] DEBUG org.asynchttpclient.netty.handler.HttpHandler - 

Request DefaultFullHttpRequest(decodeResult: success, version: HTTP/1.1, content: EmptyByteBufBE)
GET /session/b21ce30f71c4b8e9c7d9c0711d62c525/element/f.4CBCE9E44C28EECC08914B59B2FAA588.d.E67EFB96189FF4F5EB710880CEF766A5.e.23/text HTTP/1.1
Cache-Control: no-cache
User-Agent: selenium/4.12.0 (java windows)
Content-Type: application/json; charset=utf-8
host: localhost:45272
accept: */*

Response DefaultHttpResponse(decodeResult: success, version: HTTP/1.1)
HTTP/1.1 200 OK
Content-Length: 33
Content-Type: application/json; charset=utf-8
cache-control: no-cache

19:36:38.183 [AsyncHttpClient-1-8] DEBUG org.asynchttpclient.netty.channel.ChannelManager - Adding key: http://localhost:45272 for channel [id: 0x7c2a92d6, L:/127.0.0.1:50434 - R:localhost/127.0.0.1:45272]
19:36:38.184 [Forwarding findElement on session b21ce30f71c4b8e9c7d9c0711d62c525 to remote] DEBUG org.asynchttpclient.netty.request.NettyRequestSender - Using pooled Channel '[id: 0x7c2a92d6, L:/127.0.0.1:50434 - R:localhost/127.0.0.1:45272]' for 'POST' to 'http://localhost:45272/session/b21ce30f71c4b8e9c7d9c0711d62c525/element'
19:36:38.184 [Forwarding findElement on session b21ce30f71c4b8e9c7d9c0711d62c525 to remote] DEBUG org.asynchttpclient.netty.request.NettyRequestSender - Using open Channel [id: 0x7c2a92d6, L:/127.0.0.1:50434 - R:localhost/127.0.0.1:45272] for POST '/session/b21ce30f71c4b8e9c7d9c0711d62c525/element'
19:36:38.200 [AsyncHttpClient-1-8] DEBUG org.asynchttpclient.netty.handler.HttpHandler - 

Request DefaultHttpRequest(decodeResult: success, version: HTTP/1.1)
POST /session/b21ce30f71c4b8e9c7d9c0711d62c525/element HTTP/1.1
User-Agent: selenium/4.12.0 (java windows)
Content-Length: 74
Content-Type: application/json; charset=utf-8
host: localhost:45272
accept: */*

Response DefaultHttpResponse(decodeResult: success, version: HTTP/1.1)
HTTP/1.1 200 OK
Content-Length: 126
Content-Type: application/json; charset=utf-8
cache-control: no-cache

19:36:38.200 [AsyncHttpClient-1-8] DEBUG org.asynchttpclient.netty.channel.ChannelManager - Adding key: http://localhost:45272 for channel [id: 0x7c2a92d6, L:/127.0.0.1:50434 - R:localhost/127.0.0.1:45272]
19:36:38.202 [Forwarding clickElement on session b21ce30f71c4b8e9c7d9c0711d62c525 to remote] DEBUG org.asynchttpclient.netty.request.NettyRequestSender - Using pooled Channel '[id: 0x7c2a92d6, L:/127.0.0.1:50434 - R:localhost/127.0.0.1:45272]' for 'POST' to 'http://localhost:45272/session/b21ce30f71c4b8e9c7d9c0711d62c525/element/f.4CBCE9E44C28EECC08914B59B2FAA588.d.E67EFB96189FF4F5EB710880CEF766A5.e.24/click'
19:36:38.203 [Forwarding clickElement on session b21ce30f71c4b8e9c7d9c0711d62c525 to remote] DEBUG org.asynchttpclient.netty.request.NettyRequestSender - Using open Channel [id: 0x7c2a92d6, L:/127.0.0.1:50434 - R:localhost/127.0.0.1:45272] for POST '/session/b21ce30f71c4b8e9c7d9c0711d62c525/element/f.4CBCE9E44C28EECC08914B59B2FAA588.d.E67EFB96189FF4F5EB710880CEF766A5.e.24/click'
19:36:38.337 [AsyncHttpClient-1-8] DEBUG org.asynchttpclient.netty.handler.HttpHandler - 

Request DefaultHttpRequest(decodeResult: success, version: HTTP/1.1)
POST /session/b21ce30f71c4b8e9c7d9c0711d62c525/element/f.4CBCE9E44C28EECC08914B59B2FAA588.d.E67EFB96189FF4F5EB710880CEF766A5.e.24/click HTTP/1.1
User-Agent: selenium/4.12.0 (java windows)
Content-Length: 88
Content-Type: application/json; charset=utf-8
host: localhost:45272
accept: */*

Response DefaultHttpResponse(decodeResult: success, version: HTTP/1.1)
HTTP/1.1 200 OK
Content-Length: 14
Content-Type: application/json; charset=utf-8
cache-control: no-cache

19:36:38.337 [AsyncHttpClient-1-8] DEBUG org.asynchttpclient.netty.channel.ChannelManager - Adding key: http://localhost:45272 for channel [id: 0x7c2a92d6, L:/127.0.0.1:50434 - R:localhost/127.0.0.1:45272]
19:36:39.171 [AsyncHttpClient-1-1] DEBUG org.asynchttpclient.netty.channel.DefaultChannelPool - Entry count for : http://localhost:50436 : 1
19:36:39.171 [AsyncHttpClient-1-1] DEBUG org.asynchttpclient.netty.channel.DefaultChannelPool - Entry count for : http://localhost:45272 : 1
19:36:40.272 [AsyncHttpClient-1-1] DEBUG org.asynchttpclient.netty.channel.DefaultChannelPool - Entry count for : http://localhost:50436 : 1
19:36:40.272 [AsyncHttpClient-1-1] DEBUG org.asynchttpclient.netty.channel.DefaultChannelPool - Entry count for : http://localhost:45272 : 1
19:36:41.340 [Forwarding screenshot on session b21ce30f71c4b8e9c7d9c0711d62c525 to remote] DEBUG org.asynchttpclient.netty.request.NettyRequestSender - Using pooled Channel '[id: 0x7c2a92d6, L:/127.0.0.1:50434 - R:localhost/127.0.0.1:45272]' for 'GET' to 'http://localhost:45272/session/b21ce30f71c4b8e9c7d9c0711d62c525/screenshot'
19:36:41.340 [Forwarding screenshot on session b21ce30f71c4b8e9c7d9c0711d62c525 to remote] DEBUG org.asynchttpclient.netty.request.NettyRequestSender - Using open Channel [id: 0x7c2a92d6, L:/127.0.0.1:50434 - R:localhost/127.0.0.1:45272] for GET '/session/b21ce30f71c4b8e9c7d9c0711d62c525/screenshot'
19:36:41.370 [AsyncHttpClient-1-1] DEBUG org.asynchttpclient.netty.channel.DefaultChannelPool - Entry count for : http://localhost:50436 : 1
19:36:41.390 [AsyncHttpClient-1-8] DEBUG org.asynchttpclient.netty.handler.HttpHandler - 

Request DefaultFullHttpRequest(decodeResult: success, version: HTTP/1.1, content: EmptyByteBufBE)
GET /session/b21ce30f71c4b8e9c7d9c0711d62c525/screenshot HTTP/1.1
Cache-Control: no-cache
User-Agent: selenium/4.12.0 (java windows)
Content-Type: application/json; charset=utf-8
host: localhost:45272
accept: */*

Response DefaultHttpResponse(decodeResult: success, version: HTTP/1.1)
HTTP/1.1 200 OK
Content-Length: 5404
Content-Type: application/json; charset=utf-8
cache-control: no-cache

19:36:41.391 [AsyncHttpClient-1-8] DEBUG org.asynchttpclient.netty.channel.ChannelManager - Adding key: http://localhost:45272 for channel [id: 0x7c2a92d6, L:/127.0.0.1:50434 - R:localhost/127.0.0.1:45272]
  Then User should be logged in-test                       # StepDefination.Signin.user_should_be_logged_in()
19:36:41.402 [AsyncHttpClient-1-10] DEBUG org.asynchttpclient.netty.handler.WebSocketHandler - Channel Closed: [id: 0x9428184c, L:/127.0.0.1:50443 ! R:localhost/127.0.0.1:50436] with attribute DISCARD
19:36:41.403 [Driver Command Executor] DEBUG org.asynchttpclient.netty.request.NettyRequestSender - Using pooled Channel '[id: 0x7c2a92d6, L:/127.0.0.1:50434 - R:localhost/127.0.0.1:45272]' for 'DELETE' to 'http://localhost:45272/session/b21ce30f71c4b8e9c7d9c0711d62c525'
19:36:41.403 [Driver Command Executor] DEBUG org.asynchttpclient.netty.request.NettyRequestSender - Using open Channel [id: 0x7c2a92d6, L:/127.0.0.1:50434 - R:localhost/127.0.0.1:45272] for DELETE '/session/b21ce30f71c4b8e9c7d9c0711d62c525'
19:36:41.419 [AsyncHttpClient-1-9] DEBUG org.asynchttpclient.netty.handler.HttpHandler - Unexpected I/O exception on channel [id: 0x5f769c69, L:/127.0.0.1:50442 - R:localhost/127.0.0.1:50436]
java.net.SocketException: Connection reset
	at java.base/sun.nio.ch.SocketChannelImpl.throwConnectionReset(SocketChannelImpl.java:403)
	at java.base/sun.nio.ch.SocketChannelImpl.implRead(SocketChannelImpl.java:435)
	at java.base/sun.nio.ch.SocketChannelImpl.read(SocketChannelImpl.java:493)
	at io.netty.buffer.PooledByteBuf.setBytes(PooledByteBuf.java:254)
	at io.netty.buffer.AbstractByteBuf.writeBytes(AbstractByteBuf.java:1132)
	at io.netty.channel.socket.nio.NioSocketChannel.doReadBytes(NioSocketChannel.java:357)
	at io.netty.channel.nio.AbstractNioByteChannel$NioByteUnsafe.read(AbstractNioByteChannel.java:151)
	at io.netty.channel.nio.NioEventLoop.processSelectedKey(NioEventLoop.java:788)
	at io.netty.channel.nio.NioEventLoop.processSelectedKeysOptimized(NioEventLoop.java:724)
	at io.netty.channel.nio.NioEventLoop.processSelectedKeys(NioEventLoop.java:650)
	at io.netty.channel.nio.NioEventLoop.run(NioEventLoop.java:562)
	at io.netty.util.concurrent.SingleThreadEventExecutor$4.run(SingleThreadEventExecutor.java:997)
	at io.netty.util.internal.ThreadExecutorMap$2.run(ThreadExecutorMap.java:74)
	at io.netty.util.concurrent.FastThreadLocalRunnable.run(FastThreadLocalRunnable.java:30)
	at java.base/java.lang.Thread.run(Thread.java:1575)
19:36:41.419 [AsyncHttpClient-1-9] DEBUG org.asynchttpclient.netty.channel.ChannelManager - Closing Channel [id: 0x5f769c69, L:/127.0.0.1:50442 - R:localhost/127.0.0.1:50436] 
19:36:41.420 [AsyncHttpClient-1-9] DEBUG org.asynchttpclient.netty.handler.HttpHandler - Channel Closed: [id: 0x5f769c69, L:/127.0.0.1:50442 ! R:localhost/127.0.0.1:50436] with attribute DISCARD
19:36:41.486 [AsyncHttpClient-1-8] DEBUG org.asynchttpclient.netty.handler.HttpHandler - 

Request DefaultFullHttpRequest(decodeResult: success, version: HTTP/1.1, content: EmptyByteBufBE)
DELETE /session/b21ce30f71c4b8e9c7d9c0711d62c525 HTTP/1.1
User-Agent: selenium/4.12.0 (java windows)
Content-Type: application/json; charset=utf-8
host: localhost:45272
accept: */*

Response DefaultHttpResponse(decodeResult: success, version: HTTP/1.1)
HTTP/1.1 200 OK
Content-Length: 14
Content-Type: application/json; charset=utf-8
cache-control: no-cache

19:36:41.486 [AsyncHttpClient-1-8] DEBUG org.asynchttpclient.netty.channel.ChannelManager - Adding key: http://localhost:45272 for channel [id: 0x7c2a92d6, L:/127.0.0.1:50434 - R:localhost/127.0.0.1:45272]
19:36:41.925 [AsyncHttpClient-1-8] DEBUG org.asynchttpclient.netty.handler.HttpHandler - Channel Closed: [id: 0x7c2a92d6, L:/127.0.0.1:50434 ! R:localhost/127.0.0.1:45272] with attribute DISCARD
  And Close Window                                         # StepDefination.Signin.close_window()
]]></system-out>
    <system-err><![CDATA[Jan 14, 2025 7:36:10 PM org.openqa.selenium.devtools.CdpVersionFinder findNearestMatch
WARNING: Unable to find CDP implementation matching 131
Jan 14, 2025 7:36:10 PM org.openqa.selenium.chromium.ChromiumDriver lambda$new$5
WARNING: Unable to find version of CDP to use for 131.0.6778.265. You may need to include a dependency on a specific version of the CDP using something similar to `org.seleniumhq.selenium:selenium-devtools-v86:4.12.0` where the version ("v86") matches the version of the chromium-based browser you're using and the version number of the artifact is the same as Selenium's.
]]></system-err>
  </testcase>
  <testcase name="Signin with email and password #2" classname="User sign IN" time="28.474">
    <system-out><![CDATA[
Scenario Outline: Signin with email and password       # src/test/resources/Login/Login.feature:13
19:36:42.292 [AsyncHttpClient-1-11] DEBUG org.asynchttpclient.netty.channel.NettyConnectListener - Using new Channel '[id: 0xb1937d21, L:/127.0.0.1:50483 - R:localhost/127.0.0.1:3845]' for 'POST' to '/session'
19:36:42.474 [AsyncHttpClient-1-1] DEBUG org.asynchttpclient.netty.channel.DefaultChannelPool - Entry count for : http://localhost:50436 : 1
19:36:42.474 [AsyncHttpClient-1-1] DEBUG org.asynchttpclient.netty.channel.DefaultChannelPool - Entry count for : http://localhost:45272 : 1
19:36:42.474 [AsyncHttpClient-1-1] DEBUG org.asynchttpclient.netty.channel.DefaultChannelPool - Adding Candidate expired Channel [id: 0x5f769c69, L:/127.0.0.1:50442 ! R:localhost/127.0.0.1:50436] isIdleTimeoutExpired=false isRemotelyClosed=true isTtlExpired=false
19:36:42.474 [AsyncHttpClient-1-1] DEBUG org.asynchttpclient.netty.channel.DefaultChannelPool - Closing Idle Channel [id: 0x5f769c69, L:/127.0.0.1:50442 ! R:localhost/127.0.0.1:50436]
19:36:42.474 [AsyncHttpClient-1-1] DEBUG org.asynchttpclient.netty.channel.DefaultChannelPool - Adding Candidate expired Channel [id: 0x7c2a92d6, L:/127.0.0.1:50434 ! R:localhost/127.0.0.1:45272] isIdleTimeoutExpired=false isRemotelyClosed=true isTtlExpired=false
19:36:42.474 [AsyncHttpClient-1-1] DEBUG org.asynchttpclient.netty.channel.DefaultChannelPool - Closing Idle Channel [id: 0x7c2a92d6, L:/127.0.0.1:50434 ! R:localhost/127.0.0.1:45272]
19:36:42.474 [AsyncHttpClient-1-1] DEBUG org.asynchttpclient.netty.channel.DefaultChannelPool - Closed 2 connections out of 2 in 0 ms
19:36:42.879 [AsyncHttpClient-1-11] DEBUG org.asynchttpclient.netty.handler.HttpHandler - 

Request DefaultHttpRequest(decodeResult: success, version: HTTP/1.1)
POST /session HTTP/1.1
User-Agent: selenium/4.12.0 (java windows)
Content-Length: 254
Content-Type: application/json; charset=utf-8
host: localhost:3845
accept: */*

Response DefaultHttpResponse(decodeResult: success, version: HTTP/1.1)
HTTP/1.1 200 OK
Content-Length: 868
Content-Type: application/json; charset=utf-8
cache-control: no-cache

19:36:42.879 [AsyncHttpClient-1-11] DEBUG org.asynchttpclient.netty.channel.ChannelManager - Adding key: http://localhost:3845 for channel [id: 0xb1937d21, L:/127.0.0.1:50483 - R:localhost/127.0.0.1:3845]
19:36:42.894 [AsyncHttpClient-1-12] DEBUG org.asynchttpclient.netty.channel.NettyConnectListener - Using new Channel '[id: 0xc772b212, L:/127.0.0.1:50491 - R:localhost/127.0.0.1:50484]' for 'GET' to '/json/version'
19:36:42.898 [AsyncHttpClient-1-12] DEBUG org.asynchttpclient.netty.handler.HttpHandler - 

Request DefaultFullHttpRequest(decodeResult: success, version: HTTP/1.1, content: EmptyByteBufBE)
GET /json/version HTTP/1.1
User-Agent: selenium/4.12.0 (java windows)
host: localhost:50484
accept: */*

Response DefaultHttpResponse(decodeResult: success, version: HTTP/1.1)
HTTP/1.1 200 OK
Content-Security-Policy: frame-ancestors 'none'
Content-Length: 424
Content-Type: application/json; charset=UTF-8

19:36:42.898 [AsyncHttpClient-1-12] DEBUG org.asynchttpclient.netty.channel.ChannelManager - Adding key: http://localhost:50484 for channel [id: 0xc772b212, L:/127.0.0.1:50491 - R:localhost/127.0.0.1:50484]
19:36:42.903 [AsyncHttpClient-1-13] DEBUG org.asynchttpclient.netty.channel.NettyConnectListener - Using new Channel '[id: 0x0e270f70, L:/127.0.0.1:50492 - R:localhost/127.0.0.1:50484]' for 'GET' to '/devtools/browser/f553450e-7af6-429f-a32a-2f6d11766c97'
19:36:42.906 [AsyncHttpClient-1-13] DEBUG org.asynchttpclient.netty.handler.WebSocketHandler - 

Request DefaultFullHttpRequest(decodeResult: success, version: HTTP/1.1, content: EmptyByteBufBE)
GET /devtools/browser/f553450e-7af6-429f-a32a-2f6d11766c97 HTTP/1.1
upgrade: websocket
connection: upgrade
sec-websocket-key: xvxWwah6sWTAp7aL3KhXSg==
sec-websocket-version: 13
origin: http://localhost:50484
host: localhost:50484
accept: */*
user-agent: AHC/2.1

Response DefaultHttpResponse(decodeResult: success, version: HTTP/1.1)
HTTP/1.1 101 WebSocket Protocol Handshake
Upgrade: WebSocket
Connection: Upgrade
Sec-WebSocket-Accept: uj2C+qpYTQR3NeLmTA1wnApcQ/k=

19:36:42.917 [Forwarding get on session eb725722622c51541d6c9289d8c3e279 to remote] DEBUG org.asynchttpclient.netty.request.NettyRequestSender - Using pooled Channel '[id: 0xb1937d21, L:/127.0.0.1:50483 - R:localhost/127.0.0.1:3845]' for 'POST' to 'http://localhost:3845/session/eb725722622c51541d6c9289d8c3e279/url'
19:36:42.917 [Forwarding get on session eb725722622c51541d6c9289d8c3e279 to remote] DEBUG org.asynchttpclient.netty.request.NettyRequestSender - Using open Channel [id: 0xb1937d21, L:/127.0.0.1:50483 - R:localhost/127.0.0.1:3845] for POST '/session/eb725722622c51541d6c9289d8c3e279/url'
19:36:43.571 [AsyncHttpClient-1-1] DEBUG org.asynchttpclient.netty.channel.DefaultChannelPool - Entry count for : http://localhost:50484 : 1
19:36:44.673 [AsyncHttpClient-1-1] DEBUG org.asynchttpclient.netty.channel.DefaultChannelPool - Entry count for : http://localhost:50484 : 1
19:36:45.769 [AsyncHttpClient-1-1] DEBUG org.asynchttpclient.netty.channel.DefaultChannelPool - Entry count for : http://localhost:50484 : 1
19:36:46.872 [AsyncHttpClient-1-1] DEBUG org.asynchttpclient.netty.channel.DefaultChannelPool - Entry count for : http://localhost:50484 : 1
19:36:47.974 [AsyncHttpClient-1-1] DEBUG org.asynchttpclient.netty.channel.DefaultChannelPool - Entry count for : http://localhost:50484 : 1
19:36:49.071 [AsyncHttpClient-1-1] DEBUG org.asynchttpclient.netty.channel.DefaultChannelPool - Entry count for : http://localhost:50484 : 1
19:36:50.171 [AsyncHttpClient-1-1] DEBUG org.asynchttpclient.netty.channel.DefaultChannelPool - Entry count for : http://localhost:50484 : 1
19:36:51.273 [AsyncHttpClient-1-1] DEBUG org.asynchttpclient.netty.channel.DefaultChannelPool - Entry count for : http://localhost:50484 : 1
19:36:52.371 [AsyncHttpClient-1-1] DEBUG org.asynchttpclient.netty.channel.DefaultChannelPool - Entry count for : http://localhost:50484 : 1
19:36:53.472 [AsyncHttpClient-1-1] DEBUG org.asynchttpclient.netty.channel.DefaultChannelPool - Entry count for : http://localhost:50484 : 1
19:36:54.571 [AsyncHttpClient-1-1] DEBUG org.asynchttpclient.netty.channel.DefaultChannelPool - Entry count for : http://localhost:50484 : 1
19:36:55.684 [AsyncHttpClient-1-1] DEBUG org.asynchttpclient.netty.channel.DefaultChannelPool - Entry count for : http://localhost:50484 : 1
19:36:56.772 [AsyncHttpClient-1-1] DEBUG org.asynchttpclient.netty.channel.DefaultChannelPool - Entry count for : http://localhost:50484 : 1
19:36:57.877 [AsyncHttpClient-1-1] DEBUG org.asynchttpclient.netty.channel.DefaultChannelPool - Entry count for : http://localhost:50484 : 1
19:36:58.983 [AsyncHttpClient-1-1] DEBUG org.asynchttpclient.netty.channel.DefaultChannelPool - Entry count for : http://localhost:50484 : 1
19:37:00.079 [AsyncHttpClient-1-1] DEBUG org.asynchttpclient.netty.channel.DefaultChannelPool - Entry count for : http://localhost:50484 : 1
19:37:01.180 [AsyncHttpClient-1-1] DEBUG org.asynchttpclient.netty.channel.DefaultChannelPool - Entry count for : http://localhost:50484 : 1
19:37:02.270 [AsyncHttpClient-1-1] DEBUG org.asynchttpclient.netty.channel.DefaultChannelPool - Entry count for : http://localhost:50484 : 1
19:37:03.370 [AsyncHttpClient-1-1] DEBUG org.asynchttpclient.netty.channel.DefaultChannelPool - Entry count for : http://localhost:50484 : 1
19:37:04.489 [AsyncHttpClient-1-1] DEBUG org.asynchttpclient.netty.channel.DefaultChannelPool - Entry count for : http://localhost:50484 : 1
19:37:04.796 [AsyncHttpClient-1-11] DEBUG org.asynchttpclient.netty.handler.HttpHandler - 

Request DefaultHttpRequest(decodeResult: success, version: HTTP/1.1)
POST /session/eb725722622c51541d6c9289d8c3e279/url HTTP/1.1
User-Agent: selenium/4.12.0 (java windows)
Content-Length: 92
Content-Type: application/json; charset=utf-8
host: localhost:3845
accept: */*

Response DefaultHttpResponse(decodeResult: success, version: HTTP/1.1)
HTTP/1.1 200 OK
Content-Length: 14
Content-Type: application/json; charset=utf-8
cache-control: no-cache

19:37:04.796 [AsyncHttpClient-1-11] DEBUG org.asynchttpclient.netty.channel.ChannelManager - Adding key: http://localhost:3845 for channel [id: 0xb1937d21, L:/127.0.0.1:50483 - R:localhost/127.0.0.1:3845]
19:37:04.797 [Forwarding maximizeCurrentWindow on session eb725722622c51541d6c9289d8c3e279 to remote] DEBUG org.asynchttpclient.netty.request.NettyRequestSender - Using pooled Channel '[id: 0xb1937d21, L:/127.0.0.1:50483 - R:localhost/127.0.0.1:3845]' for 'POST' to 'http://localhost:3845/session/eb725722622c51541d6c9289d8c3e279/window/maximize'
19:37:04.797 [Forwarding maximizeCurrentWindow on session eb725722622c51541d6c9289d8c3e279 to remote] DEBUG org.asynchttpclient.netty.request.NettyRequestSender - Using open Channel [id: 0xb1937d21, L:/127.0.0.1:50483 - R:localhost/127.0.0.1:3845] for POST '/session/eb725722622c51541d6c9289d8c3e279/window/maximize'
19:37:04.825 [AsyncHttpClient-1-11] DEBUG org.asynchttpclient.netty.handler.HttpHandler - 

Request DefaultHttpRequest(decodeResult: success, version: HTTP/1.1)
POST /session/eb725722622c51541d6c9289d8c3e279/window/maximize HTTP/1.1
User-Agent: selenium/4.12.0 (java windows)
Content-Length: 3
Content-Type: application/json; charset=utf-8
host: localhost:3845
accept: */*

Response DefaultHttpResponse(decodeResult: success, version: HTTP/1.1)
HTTP/1.1 200 OK
Content-Length: 51
Content-Type: application/json; charset=utf-8
cache-control: no-cache

19:37:04.825 [AsyncHttpClient-1-11] DEBUG org.asynchttpclient.netty.channel.ChannelManager - Adding key: http://localhost:3845 for channel [id: 0xb1937d21, L:/127.0.0.1:50483 - R:localhost/127.0.0.1:3845]
  Given I have login panel-test                        # StepDefination.Signin.I_have_login_panel()
19:37:04.827 [Forwarding findElement on session eb725722622c51541d6c9289d8c3e279 to remote] DEBUG org.asynchttpclient.netty.request.NettyRequestSender - Using pooled Channel '[id: 0xb1937d21, L:/127.0.0.1:50483 - R:localhost/127.0.0.1:3845]' for 'POST' to 'http://localhost:3845/session/eb725722622c51541d6c9289d8c3e279/element'
19:37:04.827 [Forwarding findElement on session eb725722622c51541d6c9289d8c3e279 to remote] DEBUG org.asynchttpclient.netty.request.NettyRequestSender - Using open Channel [id: 0xb1937d21, L:/127.0.0.1:50483 - R:localhost/127.0.0.1:3845] for POST '/session/eb725722622c51541d6c9289d8c3e279/element'
19:37:04.840 [AsyncHttpClient-1-11] DEBUG org.asynchttpclient.netty.handler.HttpHandler - 

Request DefaultHttpRequest(decodeResult: success, version: HTTP/1.1)
POST /session/eb725722622c51541d6c9289d8c3e279/element HTTP/1.1
User-Agent: selenium/4.12.0 (java windows)
Content-Length: 69
Content-Type: application/json; charset=utf-8
host: localhost:3845
accept: */*

Response DefaultHttpResponse(decodeResult: success, version: HTTP/1.1)
HTTP/1.1 200 OK
Content-Length: 125
Content-Type: application/json; charset=utf-8
cache-control: no-cache

19:37:04.840 [AsyncHttpClient-1-11] DEBUG org.asynchttpclient.netty.channel.ChannelManager - Adding key: http://localhost:3845 for channel [id: 0xb1937d21, L:/127.0.0.1:50483 - R:localhost/127.0.0.1:3845]
19:37:04.842 [Forwarding sendKeysToElement on session eb725722622c51541d6c9289d8c3e279 to remote] DEBUG org.asynchttpclient.netty.request.NettyRequestSender - Using pooled Channel '[id: 0xb1937d21, L:/127.0.0.1:50483 - R:localhost/127.0.0.1:3845]' for 'POST' to 'http://localhost:3845/session/eb725722622c51541d6c9289d8c3e279/element/f.F8E6D2BDD922EED83C15CD07D7A7B458.d.25F9C2462ABC9905054770692EFB472C.e.4/value'
19:37:04.842 [Forwarding sendKeysToElement on session eb725722622c51541d6c9289d8c3e279 to remote] DEBUG org.asynchttpclient.netty.request.NettyRequestSender - Using open Channel [id: 0xb1937d21, L:/127.0.0.1:50483 - R:localhost/127.0.0.1:3845] for POST '/session/eb725722622c51541d6c9289d8c3e279/element/f.F8E6D2BDD922EED83C15CD07D7A7B458.d.25F9C2462ABC9905054770692EFB472C.e.4/value'
19:37:04.921 [AsyncHttpClient-1-11] DEBUG org.asynchttpclient.netty.handler.HttpHandler - 

Request DefaultHttpRequest(decodeResult: success, version: HTTP/1.1)
POST /session/eb725722622c51541d6c9289d8c3e279/element/f.F8E6D2BDD922EED83C15CD07D7A7B458.d.25F9C2462ABC9905054770692EFB472C.e.4/value HTTP/1.1
User-Agent: selenium/4.12.0 (java windows)
Content-Length: 338
Content-Type: application/json; charset=utf-8
host: localhost:3845
accept: */*

Response DefaultHttpResponse(decodeResult: success, version: HTTP/1.1)
HTTP/1.1 200 OK
Content-Length: 14
Content-Type: application/json; charset=utf-8
cache-control: no-cache

19:37:04.921 [AsyncHttpClient-1-11] DEBUG org.asynchttpclient.netty.channel.ChannelManager - Adding key: http://localhost:3845 for channel [id: 0xb1937d21, L:/127.0.0.1:50483 - R:localhost/127.0.0.1:3845]
19:37:04.923 [Forwarding findElement on session eb725722622c51541d6c9289d8c3e279 to remote] DEBUG org.asynchttpclient.netty.request.NettyRequestSender - Using pooled Channel '[id: 0xb1937d21, L:/127.0.0.1:50483 - R:localhost/127.0.0.1:3845]' for 'POST' to 'http://localhost:3845/session/eb725722622c51541d6c9289d8c3e279/element'
19:37:04.924 [Forwarding findElement on session eb725722622c51541d6c9289d8c3e279 to remote] DEBUG org.asynchttpclient.netty.request.NettyRequestSender - Using open Channel [id: 0xb1937d21, L:/127.0.0.1:50483 - R:localhost/127.0.0.1:3845] for POST '/session/eb725722622c51541d6c9289d8c3e279/element'
19:37:04.933 [AsyncHttpClient-1-11] DEBUG org.asynchttpclient.netty.handler.HttpHandler - 

Request DefaultHttpRequest(decodeResult: success, version: HTTP/1.1)
POST /session/eb725722622c51541d6c9289d8c3e279/element HTTP/1.1
User-Agent: selenium/4.12.0 (java windows)
Content-Length: 72
Content-Type: application/json; charset=utf-8
host: localhost:3845
accept: */*

Response DefaultHttpResponse(decodeResult: success, version: HTTP/1.1)
HTTP/1.1 200 OK
Content-Length: 125
Content-Type: application/json; charset=utf-8
cache-control: no-cache

19:37:04.933 [AsyncHttpClient-1-11] DEBUG org.asynchttpclient.netty.channel.ChannelManager - Adding key: http://localhost:3845 for channel [id: 0xb1937d21, L:/127.0.0.1:50483 - R:localhost/127.0.0.1:3845]
19:37:04.934 [Forwarding sendKeysToElement on session eb725722622c51541d6c9289d8c3e279 to remote] DEBUG org.asynchttpclient.netty.request.NettyRequestSender - Using pooled Channel '[id: 0xb1937d21, L:/127.0.0.1:50483 - R:localhost/127.0.0.1:3845]' for 'POST' to 'http://localhost:3845/session/eb725722622c51541d6c9289d8c3e279/element/f.F8E6D2BDD922EED83C15CD07D7A7B458.d.25F9C2462ABC9905054770692EFB472C.e.6/value'
19:37:04.934 [Forwarding sendKeysToElement on session eb725722622c51541d6c9289d8c3e279 to remote] DEBUG org.asynchttpclient.netty.request.NettyRequestSender - Using open Channel [id: 0xb1937d21, L:/127.0.0.1:50483 - R:localhost/127.0.0.1:3845] for POST '/session/eb725722622c51541d6c9289d8c3e279/element/f.F8E6D2BDD922EED83C15CD07D7A7B458.d.25F9C2462ABC9905054770692EFB472C.e.6/value'
19:37:04.977 [AsyncHttpClient-1-11] DEBUG org.asynchttpclient.netty.handler.HttpHandler - 

Request DefaultHttpRequest(decodeResult: success, version: HTTP/1.1)
POST /session/eb725722622c51541d6c9289d8c3e279/element/f.F8E6D2BDD922EED83C15CD07D7A7B458.d.25F9C2462ABC9905054770692EFB472C.e.6/value HTTP/1.1
User-Agent: selenium/4.12.0 (java windows)
Content-Length: 168
Content-Type: application/json; charset=utf-8
host: localhost:3845
accept: */*

Response DefaultHttpResponse(decodeResult: success, version: HTTP/1.1)
HTTP/1.1 200 OK
Content-Length: 14
Content-Type: application/json; charset=utf-8
cache-control: no-cache

19:37:04.977 [AsyncHttpClient-1-11] DEBUG org.asynchttpclient.netty.channel.ChannelManager - Adding key: http://localhost:3845 for channel [id: 0xb1937d21, L:/127.0.0.1:50483 - R:localhost/127.0.0.1:3845]
  When I provide fokisaj290@edectus.com and wrong-test # StepDefination.Signin.i_provide_id_and_password(java.lang.String,java.lang.String)
19:37:04.980 [Forwarding findElement on session eb725722622c51541d6c9289d8c3e279 to remote] DEBUG org.asynchttpclient.netty.request.NettyRequestSender - Using pooled Channel '[id: 0xb1937d21, L:/127.0.0.1:50483 - R:localhost/127.0.0.1:3845]' for 'POST' to 'http://localhost:3845/session/eb725722622c51541d6c9289d8c3e279/element'
19:37:04.980 [Forwarding findElement on session eb725722622c51541d6c9289d8c3e279 to remote] DEBUG org.asynchttpclient.netty.request.NettyRequestSender - Using open Channel [id: 0xb1937d21, L:/127.0.0.1:50483 - R:localhost/127.0.0.1:3845] for POST '/session/eb725722622c51541d6c9289d8c3e279/element'
19:37:04.989 [AsyncHttpClient-1-11] DEBUG org.asynchttpclient.netty.handler.HttpHandler - 

Request DefaultHttpRequest(decodeResult: success, version: HTTP/1.1)
POST /session/eb725722622c51541d6c9289d8c3e279/element HTTP/1.1
User-Agent: selenium/4.12.0 (java windows)
Content-Length: 73
Content-Type: application/json; charset=utf-8
host: localhost:3845
accept: */*

Response DefaultHttpResponse(decodeResult: success, version: HTTP/1.1)
HTTP/1.1 200 OK
Content-Length: 125
Content-Type: application/json; charset=utf-8
cache-control: no-cache

19:37:04.989 [AsyncHttpClient-1-11] DEBUG org.asynchttpclient.netty.channel.ChannelManager - Adding key: http://localhost:3845 for channel [id: 0xb1937d21, L:/127.0.0.1:50483 - R:localhost/127.0.0.1:3845]
19:37:04.991 [Forwarding clickElement on session eb725722622c51541d6c9289d8c3e279 to remote] DEBUG org.asynchttpclient.netty.request.NettyRequestSender - Using pooled Channel '[id: 0xb1937d21, L:/127.0.0.1:50483 - R:localhost/127.0.0.1:3845]' for 'POST' to 'http://localhost:3845/session/eb725722622c51541d6c9289d8c3e279/element/f.F8E6D2BDD922EED83C15CD07D7A7B458.d.25F9C2462ABC9905054770692EFB472C.e.8/click'
19:37:04.991 [Forwarding clickElement on session eb725722622c51541d6c9289d8c3e279 to remote] DEBUG org.asynchttpclient.netty.request.NettyRequestSender - Using open Channel [id: 0xb1937d21, L:/127.0.0.1:50483 - R:localhost/127.0.0.1:3845] for POST '/session/eb725722622c51541d6c9289d8c3e279/element/f.F8E6D2BDD922EED83C15CD07D7A7B458.d.25F9C2462ABC9905054770692EFB472C.e.8/click'
19:37:05.044 [AsyncHttpClient-1-11] DEBUG org.asynchttpclient.netty.handler.HttpHandler - 

Request DefaultHttpRequest(decodeResult: success, version: HTTP/1.1)
POST /session/eb725722622c51541d6c9289d8c3e279/element/f.F8E6D2BDD922EED83C15CD07D7A7B458.d.25F9C2462ABC9905054770692EFB472C.e.8/click HTTP/1.1
User-Agent: selenium/4.12.0 (java windows)
Content-Length: 87
Content-Type: application/json; charset=utf-8
host: localhost:3845
accept: */*

Response DefaultHttpResponse(decodeResult: success, version: HTTP/1.1)
HTTP/1.1 200 OK
Content-Length: 14
Content-Type: application/json; charset=utf-8
cache-control: no-cache

19:37:05.046 [AsyncHttpClient-1-11] DEBUG org.asynchttpclient.netty.channel.ChannelManager - Adding key: http://localhost:3845 for channel [id: 0xb1937d21, L:/127.0.0.1:50483 - R:localhost/127.0.0.1:3845]
19:37:05.570 [AsyncHttpClient-1-1] DEBUG org.asynchttpclient.netty.channel.DefaultChannelPool - Entry count for : http://localhost:3845 : 1
19:37:05.570 [AsyncHttpClient-1-1] DEBUG org.asynchttpclient.netty.channel.DefaultChannelPool - Entry count for : http://localhost:50484 : 1
19:37:06.670 [AsyncHttpClient-1-1] DEBUG org.asynchttpclient.netty.channel.DefaultChannelPool - Entry count for : http://localhost:3845 : 1
19:37:06.670 [AsyncHttpClient-1-1] DEBUG org.asynchttpclient.netty.channel.DefaultChannelPool - Entry count for : http://localhost:50484 : 1
19:37:07.770 [AsyncHttpClient-1-1] DEBUG org.asynchttpclient.netty.channel.DefaultChannelPool - Entry count for : http://localhost:3845 : 1
19:37:07.770 [AsyncHttpClient-1-1] DEBUG org.asynchttpclient.netty.channel.DefaultChannelPool - Entry count for : http://localhost:50484 : 1
19:37:08.875 [AsyncHttpClient-1-1] DEBUG org.asynchttpclient.netty.channel.DefaultChannelPool - Entry count for : http://localhost:3845 : 1
19:37:08.875 [AsyncHttpClient-1-1] DEBUG org.asynchttpclient.netty.channel.DefaultChannelPool - Entry count for : http://localhost:50484 : 1
19:37:09.966 [AsyncHttpClient-1-1] DEBUG org.asynchttpclient.netty.channel.DefaultChannelPool - Entry count for : http://localhost:3845 : 1
19:37:09.966 [AsyncHttpClient-1-1] DEBUG org.asynchttpclient.netty.channel.DefaultChannelPool - Entry count for : http://localhost:50484 : 1
  And Tap on submit button-test                        # StepDefination.Signin.tap_on_submit_button()
19:37:10.061 [Forwarding getCurrentUrl on session eb725722622c51541d6c9289d8c3e279 to remote] DEBUG org.asynchttpclient.netty.request.NettyRequestSender - Using pooled Channel '[id: 0xb1937d21, L:/127.0.0.1:50483 - R:localhost/127.0.0.1:3845]' for 'GET' to 'http://localhost:3845/session/eb725722622c51541d6c9289d8c3e279/url'
19:37:10.061 [Forwarding getCurrentUrl on session eb725722622c51541d6c9289d8c3e279 to remote] DEBUG org.asynchttpclient.netty.request.NettyRequestSender - Using open Channel [id: 0xb1937d21, L:/127.0.0.1:50483 - R:localhost/127.0.0.1:3845] for GET '/session/eb725722622c51541d6c9289d8c3e279/url'
19:37:10.072 [AsyncHttpClient-1-11] DEBUG org.asynchttpclient.netty.handler.HttpHandler - 

Request DefaultFullHttpRequest(decodeResult: success, version: HTTP/1.1, content: EmptyByteBufBE)
GET /session/eb725722622c51541d6c9289d8c3e279/url HTTP/1.1
Cache-Control: no-cache
User-Agent: selenium/4.12.0 (java windows)
Content-Type: application/json; charset=utf-8
host: localhost:3845
accept: */*

Response DefaultHttpResponse(decodeResult: success, version: HTTP/1.1)
HTTP/1.1 200 OK
Content-Length: 69
Content-Type: application/json; charset=utf-8
cache-control: no-cache

19:37:10.072 [AsyncHttpClient-1-11] DEBUG org.asynchttpclient.netty.channel.ChannelManager - Adding key: http://localhost:3845 for channel [id: 0xb1937d21, L:/127.0.0.1:50483 - R:localhost/127.0.0.1:3845]
https://fleet-manager-development.vercel.app/auth/sign-in
19:37:10.073 [Forwarding findElement on session eb725722622c51541d6c9289d8c3e279 to remote] DEBUG org.asynchttpclient.netty.request.NettyRequestSender - Using pooled Channel '[id: 0xb1937d21, L:/127.0.0.1:50483 - R:localhost/127.0.0.1:3845]' for 'POST' to 'http://localhost:3845/session/eb725722622c51541d6c9289d8c3e279/element'
19:37:10.073 [Forwarding findElement on session eb725722622c51541d6c9289d8c3e279 to remote] DEBUG org.asynchttpclient.netty.request.NettyRequestSender - Using open Channel [id: 0xb1937d21, L:/127.0.0.1:50483 - R:localhost/127.0.0.1:3845] for POST '/session/eb725722622c51541d6c9289d8c3e279/element'
19:37:10.088 [AsyncHttpClient-1-11] DEBUG org.asynchttpclient.netty.handler.HttpHandler - 

Request DefaultHttpRequest(decodeResult: success, version: HTTP/1.1)
POST /session/eb725722622c51541d6c9289d8c3e279/element HTTP/1.1
User-Agent: selenium/4.12.0 (java windows)
Content-Length: 66
Content-Type: application/json; charset=utf-8
host: localhost:3845
accept: */*

Response DefaultHttpResponse(decodeResult: success, version: HTTP/1.1)
HTTP/1.1 404 Not Found
Content-Length: 1053
Content-Type: application/json; charset=utf-8
cache-control: no-cache

19:37:10.089 [AsyncHttpClient-1-11] DEBUG org.asynchttpclient.netty.channel.ChannelManager - Adding key: http://localhost:3845 for channel [id: 0xb1937d21, L:/127.0.0.1:50483 - R:localhost/127.0.0.1:3845]
Faild to logged in
19:37:10.090 [Forwarding screenshot on session eb725722622c51541d6c9289d8c3e279 to remote] DEBUG org.asynchttpclient.netty.request.NettyRequestSender - Using pooled Channel '[id: 0xb1937d21, L:/127.0.0.1:50483 - R:localhost/127.0.0.1:3845]' for 'GET' to 'http://localhost:3845/session/eb725722622c51541d6c9289d8c3e279/screenshot'
19:37:10.090 [Forwarding screenshot on session eb725722622c51541d6c9289d8c3e279 to remote] DEBUG org.asynchttpclient.netty.request.NettyRequestSender - Using open Channel [id: 0xb1937d21, L:/127.0.0.1:50483 - R:localhost/127.0.0.1:3845] for GET '/session/eb725722622c51541d6c9289d8c3e279/screenshot'
19:37:10.136 [AsyncHttpClient-1-11] DEBUG org.asynchttpclient.netty.handler.HttpHandler - 

Request DefaultFullHttpRequest(decodeResult: success, version: HTTP/1.1, content: EmptyByteBufBE)
GET /session/eb725722622c51541d6c9289d8c3e279/screenshot HTTP/1.1
Cache-Control: no-cache
User-Agent: selenium/4.12.0 (java windows)
Content-Type: application/json; charset=utf-8
host: localhost:3845
accept: */*

Response DefaultHttpResponse(decodeResult: success, version: HTTP/1.1)
HTTP/1.1 200 OK
Content-Length: 3468
Content-Type: application/json; charset=utf-8
cache-control: no-cache

19:37:10.138 [AsyncHttpClient-1-11] DEBUG org.asynchttpclient.netty.channel.ChannelManager - Adding key: http://localhost:3845 for channel [id: 0xb1937d21, L:/127.0.0.1:50483 - R:localhost/127.0.0.1:3845]
  Then User should be logged in-test                   # StepDefination.Signin.user_should_be_logged_in()
19:37:10.146 [AsyncHttpClient-1-13] DEBUG org.asynchttpclient.netty.handler.WebSocketHandler - Channel Closed: [id: 0x0e270f70, L:/127.0.0.1:50492 ! R:localhost/127.0.0.1:50484] with attribute DISCARD
19:37:10.146 [Driver Command Executor] DEBUG org.asynchttpclient.netty.request.NettyRequestSender - Using pooled Channel '[id: 0xb1937d21, L:/127.0.0.1:50483 - R:localhost/127.0.0.1:3845]' for 'DELETE' to 'http://localhost:3845/session/eb725722622c51541d6c9289d8c3e279'
19:37:10.146 [Driver Command Executor] DEBUG org.asynchttpclient.netty.request.NettyRequestSender - Using open Channel [id: 0xb1937d21, L:/127.0.0.1:50483 - R:localhost/127.0.0.1:3845] for DELETE '/session/eb725722622c51541d6c9289d8c3e279'
19:37:10.178 [AsyncHttpClient-1-12] DEBUG org.asynchttpclient.netty.handler.HttpHandler - Unexpected I/O exception on channel [id: 0xc772b212, L:/127.0.0.1:50491 - R:localhost/127.0.0.1:50484]
java.net.SocketException: Connection reset
	at java.base/sun.nio.ch.SocketChannelImpl.throwConnectionReset(SocketChannelImpl.java:403)
	at java.base/sun.nio.ch.SocketChannelImpl.implRead(SocketChannelImpl.java:435)
	at java.base/sun.nio.ch.SocketChannelImpl.read(SocketChannelImpl.java:493)
	at io.netty.buffer.PooledByteBuf.setBytes(PooledByteBuf.java:254)
	at io.netty.buffer.AbstractByteBuf.writeBytes(AbstractByteBuf.java:1132)
	at io.netty.channel.socket.nio.NioSocketChannel.doReadBytes(NioSocketChannel.java:357)
	at io.netty.channel.nio.AbstractNioByteChannel$NioByteUnsafe.read(AbstractNioByteChannel.java:151)
	at io.netty.channel.nio.NioEventLoop.processSelectedKey(NioEventLoop.java:788)
	at io.netty.channel.nio.NioEventLoop.processSelectedKeysOptimized(NioEventLoop.java:724)
	at io.netty.channel.nio.NioEventLoop.processSelectedKeys(NioEventLoop.java:650)
	at io.netty.channel.nio.NioEventLoop.run(NioEventLoop.java:562)
	at io.netty.util.concurrent.SingleThreadEventExecutor$4.run(SingleThreadEventExecutor.java:997)
	at io.netty.util.internal.ThreadExecutorMap$2.run(ThreadExecutorMap.java:74)
	at io.netty.util.concurrent.FastThreadLocalRunnable.run(FastThreadLocalRunnable.java:30)
	at java.base/java.lang.Thread.run(Thread.java:1575)
19:37:10.178 [AsyncHttpClient-1-12] DEBUG org.asynchttpclient.netty.channel.ChannelManager - Closing Channel [id: 0xc772b212, L:/127.0.0.1:50491 - R:localhost/127.0.0.1:50484] 
19:37:10.178 [AsyncHttpClient-1-12] DEBUG org.asynchttpclient.netty.handler.HttpHandler - Channel Closed: [id: 0xc772b212, L:/127.0.0.1:50491 ! R:localhost/127.0.0.1:50484] with attribute DISCARD
19:37:10.199 [AsyncHttpClient-1-11] DEBUG org.asynchttpclient.netty.handler.HttpHandler - 

Request DefaultFullHttpRequest(decodeResult: success, version: HTTP/1.1, content: EmptyByteBufBE)
DELETE /session/eb725722622c51541d6c9289d8c3e279 HTTP/1.1
User-Agent: selenium/4.12.0 (java windows)
Content-Type: application/json; charset=utf-8
host: localhost:3845
accept: */*

Response DefaultHttpResponse(decodeResult: success, version: HTTP/1.1)
HTTP/1.1 200 OK
Content-Length: 14
Content-Type: application/json; charset=utf-8
cache-control: no-cache

19:37:10.199 [AsyncHttpClient-1-11] DEBUG org.asynchttpclient.netty.channel.ChannelManager - Adding key: http://localhost:3845 for channel [id: 0xb1937d21, L:/127.0.0.1:50483 - R:localhost/127.0.0.1:3845]
19:37:10.410 [AsyncHttpClient-1-11] DEBUG org.asynchttpclient.netty.handler.HttpHandler - Channel Closed: [id: 0xb1937d21, L:/127.0.0.1:50483 ! R:localhost/127.0.0.1:3845] with attribute DISCARD
  And Close Window                                     # StepDefination.Signin.close_window()
]]></system-out>
    <system-err><![CDATA[Jan 14, 2025 7:36:42 PM org.openqa.selenium.devtools.CdpVersionFinder findNearestMatch
WARNING: Unable to find CDP implementation matching 131
Jan 14, 2025 7:36:42 PM org.openqa.selenium.chromium.ChromiumDriver lambda$new$5
WARNING: Unable to find version of CDP to use for 131.0.6778.265. You may need to include a dependency on a specific version of the CDP using something similar to `org.seleniumhq.selenium:selenium-devtools-v86:4.12.0` where the version ("v86") matches the version of the chromium-based browser you're using and the version number of the artifact is the same as Selenium's.
]]></system-err>
  </testcase>
  <testcase name="Signin with email and password #3" classname="User sign IN" time="7.479">
    <system-out><![CDATA[
Scenario Outline: Signin with email and password # src/test/resources/Login/Login.feature:14
19:37:10.700 [AsyncHttpClient-1-14] DEBUG org.asynchttpclient.netty.channel.NettyConnectListener - Using new Channel '[id: 0x2f47dece, L:/127.0.0.1:50563 - R:localhost/127.0.0.1:15431]' for 'POST' to '/session'
19:37:11.073 [AsyncHttpClient-1-1] DEBUG org.asynchttpclient.netty.channel.DefaultChannelPool - Entry count for : http://localhost:3845 : 1
19:37:11.073 [AsyncHttpClient-1-1] DEBUG org.asynchttpclient.netty.channel.DefaultChannelPool - Entry count for : http://localhost:50484 : 1
19:37:11.073 [AsyncHttpClient-1-1] DEBUG org.asynchttpclient.netty.channel.DefaultChannelPool - Adding Candidate expired Channel [id: 0xb1937d21, L:/127.0.0.1:50483 ! R:localhost/127.0.0.1:3845] isIdleTimeoutExpired=false isRemotelyClosed=true isTtlExpired=false
19:37:11.073 [AsyncHttpClient-1-1] DEBUG org.asynchttpclient.netty.channel.DefaultChannelPool - Closing Idle Channel [id: 0xb1937d21, L:/127.0.0.1:50483 ! R:localhost/127.0.0.1:3845]
19:37:11.073 [AsyncHttpClient-1-1] DEBUG org.asynchttpclient.netty.channel.DefaultChannelPool - Adding Candidate expired Channel [id: 0xc772b212, L:/127.0.0.1:50491 ! R:localhost/127.0.0.1:50484] isIdleTimeoutExpired=false isRemotelyClosed=true isTtlExpired=false
19:37:11.073 [AsyncHttpClient-1-1] DEBUG org.asynchttpclient.netty.channel.DefaultChannelPool - Closing Idle Channel [id: 0xc772b212, L:/127.0.0.1:50491 ! R:localhost/127.0.0.1:50484]
19:37:11.073 [AsyncHttpClient-1-1] DEBUG org.asynchttpclient.netty.channel.DefaultChannelPool - Closed 2 connections out of 2 in 0 ms
19:37:11.502 [AsyncHttpClient-1-14] DEBUG org.asynchttpclient.netty.handler.HttpHandler - 

Request DefaultHttpRequest(decodeResult: success, version: HTTP/1.1)
POST /session HTTP/1.1
User-Agent: selenium/4.12.0 (java windows)
Content-Length: 254
Content-Type: application/json; charset=utf-8
host: localhost:15431
accept: */*

Response DefaultHttpResponse(decodeResult: success, version: HTTP/1.1)
HTTP/1.1 200 OK
Content-Length: 869
Content-Type: application/json; charset=utf-8
cache-control: no-cache

19:37:11.503 [AsyncHttpClient-1-14] DEBUG org.asynchttpclient.netty.channel.ChannelManager - Adding key: http://localhost:15431 for channel [id: 0x2f47dece, L:/127.0.0.1:50563 - R:localhost/127.0.0.1:15431]
19:37:11.511 [AsyncHttpClient-1-15] DEBUG org.asynchttpclient.netty.channel.NettyConnectListener - Using new Channel '[id: 0xe11e78fa, L:/127.0.0.1:50570 - R:localhost/127.0.0.1:50564]' for 'GET' to '/json/version'
19:37:11.514 [AsyncHttpClient-1-15] DEBUG org.asynchttpclient.netty.handler.HttpHandler - 

Request DefaultFullHttpRequest(decodeResult: success, version: HTTP/1.1, content: EmptyByteBufBE)
GET /json/version HTTP/1.1
User-Agent: selenium/4.12.0 (java windows)
host: localhost:50564
accept: */*

Response DefaultHttpResponse(decodeResult: success, version: HTTP/1.1)
HTTP/1.1 200 OK
Content-Security-Policy: frame-ancestors 'none'
Content-Length: 424
Content-Type: application/json; charset=UTF-8

19:37:11.514 [AsyncHttpClient-1-15] DEBUG org.asynchttpclient.netty.channel.ChannelManager - Adding key: http://localhost:50564 for channel [id: 0xe11e78fa, L:/127.0.0.1:50570 - R:localhost/127.0.0.1:50564]
19:37:11.518 [AsyncHttpClient-1-16] DEBUG org.asynchttpclient.netty.channel.NettyConnectListener - Using new Channel '[id: 0xbff818c0, L:/127.0.0.1:50571 - R:localhost/127.0.0.1:50564]' for 'GET' to '/devtools/browser/173fce29-fc36-4f5f-a2da-03c6867194c2'
19:37:11.521 [AsyncHttpClient-1-16] DEBUG org.asynchttpclient.netty.handler.WebSocketHandler - 

Request DefaultFullHttpRequest(decodeResult: success, version: HTTP/1.1, content: EmptyByteBufBE)
GET /devtools/browser/173fce29-fc36-4f5f-a2da-03c6867194c2 HTTP/1.1
upgrade: websocket
connection: upgrade
sec-websocket-key: CYLSPflUpcCs8M0cIrrunw==
sec-websocket-version: 13
origin: http://localhost:50564
host: localhost:50564
accept: */*
user-agent: AHC/2.1

Response DefaultHttpResponse(decodeResult: success, version: HTTP/1.1)
HTTP/1.1 101 WebSocket Protocol Handshake
Upgrade: WebSocket
Connection: Upgrade
Sec-WebSocket-Accept: EvDoeIEy2PKD+5EexZDR6+b6Ae8=

19:37:11.526 [Forwarding get on session 37aeccbc01fb87d50673a227df06c718 to remote] DEBUG org.asynchttpclient.netty.request.NettyRequestSender - Using pooled Channel '[id: 0x2f47dece, L:/127.0.0.1:50563 - R:localhost/127.0.0.1:15431]' for 'POST' to 'http://localhost:15431/session/37aeccbc01fb87d50673a227df06c718/url'
19:37:11.526 [Forwarding get on session 37aeccbc01fb87d50673a227df06c718 to remote] DEBUG org.asynchttpclient.netty.request.NettyRequestSender - Using open Channel [id: 0x2f47dece, L:/127.0.0.1:50563 - R:localhost/127.0.0.1:15431] for POST '/session/37aeccbc01fb87d50673a227df06c718/url'
19:37:12.177 [AsyncHttpClient-1-1] DEBUG org.asynchttpclient.netty.channel.DefaultChannelPool - Entry count for : http://localhost:50564 : 1
19:37:12.297 [AsyncHttpClient-1-14] DEBUG org.asynchttpclient.netty.handler.HttpHandler - 

Request DefaultHttpRequest(decodeResult: success, version: HTTP/1.1)
POST /session/37aeccbc01fb87d50673a227df06c718/url HTTP/1.1
User-Agent: selenium/4.12.0 (java windows)
Content-Length: 92
Content-Type: application/json; charset=utf-8
host: localhost:15431
accept: */*

Response DefaultHttpResponse(decodeResult: success, version: HTTP/1.1)
HTTP/1.1 200 OK
Content-Length: 14
Content-Type: application/json; charset=utf-8
cache-control: no-cache

19:37:12.297 [AsyncHttpClient-1-14] DEBUG org.asynchttpclient.netty.channel.ChannelManager - Adding key: http://localhost:15431 for channel [id: 0x2f47dece, L:/127.0.0.1:50563 - R:localhost/127.0.0.1:15431]
19:37:12.299 [Forwarding maximizeCurrentWindow on session 37aeccbc01fb87d50673a227df06c718 to remote] DEBUG org.asynchttpclient.netty.request.NettyRequestSender - Using pooled Channel '[id: 0x2f47dece, L:/127.0.0.1:50563 - R:localhost/127.0.0.1:15431]' for 'POST' to 'http://localhost:15431/session/37aeccbc01fb87d50673a227df06c718/window/maximize'
19:37:12.299 [Forwarding maximizeCurrentWindow on session 37aeccbc01fb87d50673a227df06c718 to remote] DEBUG org.asynchttpclient.netty.request.NettyRequestSender - Using open Channel [id: 0x2f47dece, L:/127.0.0.1:50563 - R:localhost/127.0.0.1:15431] for POST '/session/37aeccbc01fb87d50673a227df06c718/window/maximize'
19:37:12.333 [AsyncHttpClient-1-14] DEBUG org.asynchttpclient.netty.handler.HttpHandler - 

Request DefaultHttpRequest(decodeResult: success, version: HTTP/1.1)
POST /session/37aeccbc01fb87d50673a227df06c718/window/maximize HTTP/1.1
User-Agent: selenium/4.12.0 (java windows)
Content-Length: 3
Content-Type: application/json; charset=utf-8
host: localhost:15431
accept: */*

Response DefaultHttpResponse(decodeResult: success, version: HTTP/1.1)
HTTP/1.1 200 OK
Content-Length: 51
Content-Type: application/json; charset=utf-8
cache-control: no-cache

19:37:12.334 [AsyncHttpClient-1-14] DEBUG org.asynchttpclient.netty.channel.ChannelManager - Adding key: http://localhost:15431 for channel [id: 0x2f47dece, L:/127.0.0.1:50563 - R:localhost/127.0.0.1:15431]
  Given I have login panel-test                  # StepDefination.Signin.I_have_login_panel()
19:37:12.336 [Forwarding findElement on session 37aeccbc01fb87d50673a227df06c718 to remote] DEBUG org.asynchttpclient.netty.request.NettyRequestSender - Using pooled Channel '[id: 0x2f47dece, L:/127.0.0.1:50563 - R:localhost/127.0.0.1:15431]' for 'POST' to 'http://localhost:15431/session/37aeccbc01fb87d50673a227df06c718/element'
19:37:12.336 [Forwarding findElement on session 37aeccbc01fb87d50673a227df06c718 to remote] DEBUG org.asynchttpclient.netty.request.NettyRequestSender - Using open Channel [id: 0x2f47dece, L:/127.0.0.1:50563 - R:localhost/127.0.0.1:15431] for POST '/session/37aeccbc01fb87d50673a227df06c718/element'
19:37:12.343 [AsyncHttpClient-1-14] DEBUG org.asynchttpclient.netty.handler.HttpHandler - 

Request DefaultHttpRequest(decodeResult: success, version: HTTP/1.1)
POST /session/37aeccbc01fb87d50673a227df06c718/element HTTP/1.1
User-Agent: selenium/4.12.0 (java windows)
Content-Length: 69
Content-Type: application/json; charset=utf-8
host: localhost:15431
accept: */*

Response DefaultHttpResponse(decodeResult: success, version: HTTP/1.1)
HTTP/1.1 200 OK
Content-Length: 125
Content-Type: application/json; charset=utf-8
cache-control: no-cache

19:37:12.343 [AsyncHttpClient-1-14] DEBUG org.asynchttpclient.netty.channel.ChannelManager - Adding key: http://localhost:15431 for channel [id: 0x2f47dece, L:/127.0.0.1:50563 - R:localhost/127.0.0.1:15431]
19:37:12.344 [Forwarding sendKeysToElement on session 37aeccbc01fb87d50673a227df06c718 to remote] DEBUG org.asynchttpclient.netty.request.NettyRequestSender - Using pooled Channel '[id: 0x2f47dece, L:/127.0.0.1:50563 - R:localhost/127.0.0.1:15431]' for 'POST' to 'http://localhost:15431/session/37aeccbc01fb87d50673a227df06c718/element/f.9FB158A32E6609154C1B6AEAFA4F45D6.d.779DB1A49EDBBBA8932FD899B6F5C395.e.1/value'
19:37:12.344 [Forwarding sendKeysToElement on session 37aeccbc01fb87d50673a227df06c718 to remote] DEBUG org.asynchttpclient.netty.request.NettyRequestSender - Using open Channel [id: 0x2f47dece, L:/127.0.0.1:50563 - R:localhost/127.0.0.1:15431] for POST '/session/37aeccbc01fb87d50673a227df06c718/element/f.9FB158A32E6609154C1B6AEAFA4F45D6.d.779DB1A49EDBBBA8932FD899B6F5C395.e.1/value'
19:37:12.395 [AsyncHttpClient-1-14] DEBUG org.asynchttpclient.netty.handler.HttpHandler - 

Request DefaultHttpRequest(decodeResult: success, version: HTTP/1.1)
POST /session/37aeccbc01fb87d50673a227df06c718/element/f.9FB158A32E6609154C1B6AEAFA4F45D6.d.779DB1A49EDBBBA8932FD899B6F5C395.e.1/value HTTP/1.1
User-Agent: selenium/4.12.0 (java windows)
Content-Length: 218
Content-Type: application/json; charset=utf-8
host: localhost:15431
accept: */*

Response DefaultHttpResponse(decodeResult: success, version: HTTP/1.1)
HTTP/1.1 200 OK
Content-Length: 14
Content-Type: application/json; charset=utf-8
cache-control: no-cache

19:37:12.396 [AsyncHttpClient-1-14] DEBUG org.asynchttpclient.netty.channel.ChannelManager - Adding key: http://localhost:15431 for channel [id: 0x2f47dece, L:/127.0.0.1:50563 - R:localhost/127.0.0.1:15431]
19:37:12.397 [Forwarding findElement on session 37aeccbc01fb87d50673a227df06c718 to remote] DEBUG org.asynchttpclient.netty.request.NettyRequestSender - Using pooled Channel '[id: 0x2f47dece, L:/127.0.0.1:50563 - R:localhost/127.0.0.1:15431]' for 'POST' to 'http://localhost:15431/session/37aeccbc01fb87d50673a227df06c718/element'
19:37:12.397 [Forwarding findElement on session 37aeccbc01fb87d50673a227df06c718 to remote] DEBUG org.asynchttpclient.netty.request.NettyRequestSender - Using open Channel [id: 0x2f47dece, L:/127.0.0.1:50563 - R:localhost/127.0.0.1:15431] for POST '/session/37aeccbc01fb87d50673a227df06c718/element'
19:37:12.405 [AsyncHttpClient-1-14] DEBUG org.asynchttpclient.netty.handler.HttpHandler - 

Request DefaultHttpRequest(decodeResult: success, version: HTTP/1.1)
POST /session/37aeccbc01fb87d50673a227df06c718/element HTTP/1.1
User-Agent: selenium/4.12.0 (java windows)
Content-Length: 72
Content-Type: application/json; charset=utf-8
host: localhost:15431
accept: */*

Response DefaultHttpResponse(decodeResult: success, version: HTTP/1.1)
HTTP/1.1 200 OK
Content-Length: 125
Content-Type: application/json; charset=utf-8
cache-control: no-cache

19:37:12.405 [AsyncHttpClient-1-14] DEBUG org.asynchttpclient.netty.channel.ChannelManager - Adding key: http://localhost:15431 for channel [id: 0x2f47dece, L:/127.0.0.1:50563 - R:localhost/127.0.0.1:15431]
19:37:12.407 [Forwarding sendKeysToElement on session 37aeccbc01fb87d50673a227df06c718 to remote] DEBUG org.asynchttpclient.netty.request.NettyRequestSender - Using pooled Channel '[id: 0x2f47dece, L:/127.0.0.1:50563 - R:localhost/127.0.0.1:15431]' for 'POST' to 'http://localhost:15431/session/37aeccbc01fb87d50673a227df06c718/element/f.9FB158A32E6609154C1B6AEAFA4F45D6.d.779DB1A49EDBBBA8932FD899B6F5C395.e.3/value'
19:37:12.407 [Forwarding sendKeysToElement on session 37aeccbc01fb87d50673a227df06c718 to remote] DEBUG org.asynchttpclient.netty.request.NettyRequestSender - Using open Channel [id: 0x2f47dece, L:/127.0.0.1:50563 - R:localhost/127.0.0.1:15431] for POST '/session/37aeccbc01fb87d50673a227df06c718/element/f.9FB158A32E6609154C1B6AEAFA4F45D6.d.779DB1A49EDBBBA8932FD899B6F5C395.e.3/value'
19:37:12.448 [AsyncHttpClient-1-14] DEBUG org.asynchttpclient.netty.handler.HttpHandler - 

Request DefaultHttpRequest(decodeResult: success, version: HTTP/1.1)
POST /session/37aeccbc01fb87d50673a227df06c718/element/f.9FB158A32E6609154C1B6AEAFA4F45D6.d.779DB1A49EDBBBA8932FD899B6F5C395.e.3/value HTTP/1.1
User-Agent: selenium/4.12.0 (java windows)
Content-Length: 208
Content-Type: application/json; charset=utf-8
host: localhost:15431
accept: */*

Response DefaultHttpResponse(decodeResult: success, version: HTTP/1.1)
HTTP/1.1 200 OK
Content-Length: 14
Content-Type: application/json; charset=utf-8
cache-control: no-cache

19:37:12.448 [AsyncHttpClient-1-14] DEBUG org.asynchttpclient.netty.channel.ChannelManager - Adding key: http://localhost:15431 for channel [id: 0x2f47dece, L:/127.0.0.1:50563 - R:localhost/127.0.0.1:15431]
  When I provide Wrong.mail and Fleet@123-test   # StepDefination.Signin.i_provide_id_and_password(java.lang.String,java.lang.String)
19:37:12.451 [Forwarding findElement on session 37aeccbc01fb87d50673a227df06c718 to remote] DEBUG org.asynchttpclient.netty.request.NettyRequestSender - Using pooled Channel '[id: 0x2f47dece, L:/127.0.0.1:50563 - R:localhost/127.0.0.1:15431]' for 'POST' to 'http://localhost:15431/session/37aeccbc01fb87d50673a227df06c718/element'
19:37:12.451 [Forwarding findElement on session 37aeccbc01fb87d50673a227df06c718 to remote] DEBUG org.asynchttpclient.netty.request.NettyRequestSender - Using open Channel [id: 0x2f47dece, L:/127.0.0.1:50563 - R:localhost/127.0.0.1:15431] for POST '/session/37aeccbc01fb87d50673a227df06c718/element'
19:37:12.458 [AsyncHttpClient-1-14] DEBUG org.asynchttpclient.netty.handler.HttpHandler - 

Request DefaultHttpRequest(decodeResult: success, version: HTTP/1.1)
POST /session/37aeccbc01fb87d50673a227df06c718/element HTTP/1.1
User-Agent: selenium/4.12.0 (java windows)
Content-Length: 73
Content-Type: application/json; charset=utf-8
host: localhost:15431
accept: */*

Response DefaultHttpResponse(decodeResult: success, version: HTTP/1.1)
HTTP/1.1 200 OK
Content-Length: 125
Content-Type: application/json; charset=utf-8
cache-control: no-cache

19:37:12.458 [AsyncHttpClient-1-14] DEBUG org.asynchttpclient.netty.channel.ChannelManager - Adding key: http://localhost:15431 for channel [id: 0x2f47dece, L:/127.0.0.1:50563 - R:localhost/127.0.0.1:15431]
19:37:12.459 [Forwarding clickElement on session 37aeccbc01fb87d50673a227df06c718 to remote] DEBUG org.asynchttpclient.netty.request.NettyRequestSender - Using pooled Channel '[id: 0x2f47dece, L:/127.0.0.1:50563 - R:localhost/127.0.0.1:15431]' for 'POST' to 'http://localhost:15431/session/37aeccbc01fb87d50673a227df06c718/element/f.9FB158A32E6609154C1B6AEAFA4F45D6.d.779DB1A49EDBBBA8932FD899B6F5C395.e.5/click'
19:37:12.459 [Forwarding clickElement on session 37aeccbc01fb87d50673a227df06c718 to remote] DEBUG org.asynchttpclient.netty.request.NettyRequestSender - Using open Channel [id: 0x2f47dece, L:/127.0.0.1:50563 - R:localhost/127.0.0.1:15431] for POST '/session/37aeccbc01fb87d50673a227df06c718/element/f.9FB158A32E6609154C1B6AEAFA4F45D6.d.779DB1A49EDBBBA8932FD899B6F5C395.e.5/click'
19:37:12.502 [AsyncHttpClient-1-14] DEBUG org.asynchttpclient.netty.handler.HttpHandler - 

Request DefaultHttpRequest(decodeResult: success, version: HTTP/1.1)
POST /session/37aeccbc01fb87d50673a227df06c718/element/f.9FB158A32E6609154C1B6AEAFA4F45D6.d.779DB1A49EDBBBA8932FD899B6F5C395.e.5/click HTTP/1.1
User-Agent: selenium/4.12.0 (java windows)
Content-Length: 87
Content-Type: application/json; charset=utf-8
host: localhost:15431
accept: */*

Response DefaultHttpResponse(decodeResult: success, version: HTTP/1.1)
HTTP/1.1 200 OK
Content-Length: 14
Content-Type: application/json; charset=utf-8
cache-control: no-cache

19:37:12.502 [AsyncHttpClient-1-14] DEBUG org.asynchttpclient.netty.channel.ChannelManager - Adding key: http://localhost:15431 for channel [id: 0x2f47dece, L:/127.0.0.1:50563 - R:localhost/127.0.0.1:15431]
19:37:13.271 [AsyncHttpClient-1-1] DEBUG org.asynchttpclient.netty.channel.DefaultChannelPool - Entry count for : http://localhost:15431 : 1
19:37:13.271 [AsyncHttpClient-1-1] DEBUG org.asynchttpclient.netty.channel.DefaultChannelPool - Entry count for : http://localhost:50564 : 1
19:37:14.380 [AsyncHttpClient-1-1] DEBUG org.asynchttpclient.netty.channel.DefaultChannelPool - Entry count for : http://localhost:15431 : 1
19:37:14.380 [AsyncHttpClient-1-1] DEBUG org.asynchttpclient.netty.channel.DefaultChannelPool - Entry count for : http://localhost:50564 : 1
19:37:15.479 [AsyncHttpClient-1-1] DEBUG org.asynchttpclient.netty.channel.DefaultChannelPool - Entry count for : http://localhost:15431 : 1
19:37:15.480 [AsyncHttpClient-1-1] DEBUG org.asynchttpclient.netty.channel.DefaultChannelPool - Entry count for : http://localhost:50564 : 1
19:37:16.570 [AsyncHttpClient-1-1] DEBUG org.asynchttpclient.netty.channel.DefaultChannelPool - Entry count for : http://localhost:15431 : 1
19:37:16.570 [AsyncHttpClient-1-1] DEBUG org.asynchttpclient.netty.channel.DefaultChannelPool - Entry count for : http://localhost:50564 : 1
  And Tap on submit button-test                  # StepDefination.Signin.tap_on_submit_button()
19:37:17.511 [Forwarding getCurrentUrl on session 37aeccbc01fb87d50673a227df06c718 to remote] DEBUG org.asynchttpclient.netty.request.NettyRequestSender - Using pooled Channel '[id: 0x2f47dece, L:/127.0.0.1:50563 - R:localhost/127.0.0.1:15431]' for 'GET' to 'http://localhost:15431/session/37aeccbc01fb87d50673a227df06c718/url'
19:37:17.511 [Forwarding getCurrentUrl on session 37aeccbc01fb87d50673a227df06c718 to remote] DEBUG org.asynchttpclient.netty.request.NettyRequestSender - Using open Channel [id: 0x2f47dece, L:/127.0.0.1:50563 - R:localhost/127.0.0.1:15431] for GET '/session/37aeccbc01fb87d50673a227df06c718/url'
19:37:17.517 [AsyncHttpClient-1-14] DEBUG org.asynchttpclient.netty.handler.HttpHandler - 

Request DefaultFullHttpRequest(decodeResult: success, version: HTTP/1.1, content: EmptyByteBufBE)
GET /session/37aeccbc01fb87d50673a227df06c718/url HTTP/1.1
Cache-Control: no-cache
User-Agent: selenium/4.12.0 (java windows)
Content-Type: application/json; charset=utf-8
host: localhost:15431
accept: */*

Response DefaultHttpResponse(decodeResult: success, version: HTTP/1.1)
HTTP/1.1 200 OK
Content-Length: 69
Content-Type: application/json; charset=utf-8
cache-control: no-cache

19:37:17.517 [AsyncHttpClient-1-14] DEBUG org.asynchttpclient.netty.channel.ChannelManager - Adding key: http://localhost:15431 for channel [id: 0x2f47dece, L:/127.0.0.1:50563 - R:localhost/127.0.0.1:15431]
https://fleet-manager-development.vercel.app/auth/sign-in
19:37:17.519 [Forwarding findElement on session 37aeccbc01fb87d50673a227df06c718 to remote] DEBUG org.asynchttpclient.netty.request.NettyRequestSender - Using pooled Channel '[id: 0x2f47dece, L:/127.0.0.1:50563 - R:localhost/127.0.0.1:15431]' for 'POST' to 'http://localhost:15431/session/37aeccbc01fb87d50673a227df06c718/element'
19:37:17.519 [Forwarding findElement on session 37aeccbc01fb87d50673a227df06c718 to remote] DEBUG org.asynchttpclient.netty.request.NettyRequestSender - Using open Channel [id: 0x2f47dece, L:/127.0.0.1:50563 - R:localhost/127.0.0.1:15431] for POST '/session/37aeccbc01fb87d50673a227df06c718/element'
19:37:17.534 [AsyncHttpClient-1-14] DEBUG org.asynchttpclient.netty.handler.HttpHandler - 

Request DefaultHttpRequest(decodeResult: success, version: HTTP/1.1)
POST /session/37aeccbc01fb87d50673a227df06c718/element HTTP/1.1
User-Agent: selenium/4.12.0 (java windows)
Content-Length: 66
Content-Type: application/json; charset=utf-8
host: localhost:15431
accept: */*

Response DefaultHttpResponse(decodeResult: success, version: HTTP/1.1)
HTTP/1.1 404 Not Found
Content-Length: 1053
Content-Type: application/json; charset=utf-8
cache-control: no-cache

19:37:17.534 [AsyncHttpClient-1-14] DEBUG org.asynchttpclient.netty.channel.ChannelManager - Adding key: http://localhost:15431 for channel [id: 0x2f47dece, L:/127.0.0.1:50563 - R:localhost/127.0.0.1:15431]
Faild to logged in
19:37:17.538 [Forwarding screenshot on session 37aeccbc01fb87d50673a227df06c718 to remote] DEBUG org.asynchttpclient.netty.request.NettyRequestSender - Using pooled Channel '[id: 0x2f47dece, L:/127.0.0.1:50563 - R:localhost/127.0.0.1:15431]' for 'GET' to 'http://localhost:15431/session/37aeccbc01fb87d50673a227df06c718/screenshot'
19:37:17.538 [Forwarding screenshot on session 37aeccbc01fb87d50673a227df06c718 to remote] DEBUG org.asynchttpclient.netty.request.NettyRequestSender - Using open Channel [id: 0x2f47dece, L:/127.0.0.1:50563 - R:localhost/127.0.0.1:15431] for GET '/session/37aeccbc01fb87d50673a227df06c718/screenshot'
19:37:17.623 [AsyncHttpClient-1-14] DEBUG org.asynchttpclient.netty.handler.HttpHandler - 

Request DefaultFullHttpRequest(decodeResult: success, version: HTTP/1.1, content: EmptyByteBufBE)
GET /session/37aeccbc01fb87d50673a227df06c718/screenshot HTTP/1.1
Cache-Control: no-cache
User-Agent: selenium/4.12.0 (java windows)
Content-Type: application/json; charset=utf-8
host: localhost:15431
accept: */*

Response DefaultHttpResponse(decodeResult: success, version: HTTP/1.1)
HTTP/1.1 200 OK
Content-Length: 3548
Content-Type: application/json; charset=utf-8
cache-control: no-cache

19:37:17.624 [AsyncHttpClient-1-14] DEBUG org.asynchttpclient.netty.channel.ChannelManager - Adding key: http://localhost:15431 for channel [id: 0x2f47dece, L:/127.0.0.1:50563 - R:localhost/127.0.0.1:15431]
  Then User should be logged in-test             # StepDefination.Signin.user_should_be_logged_in()
19:37:17.632 [AsyncHttpClient-1-16] DEBUG org.asynchttpclient.netty.handler.WebSocketHandler - Channel Closed: [id: 0xbff818c0, L:/127.0.0.1:50571 ! R:localhost/127.0.0.1:50564] with attribute DISCARD
19:37:17.632 [Driver Command Executor] DEBUG org.asynchttpclient.netty.request.NettyRequestSender - Using pooled Channel '[id: 0x2f47dece, L:/127.0.0.1:50563 - R:localhost/127.0.0.1:15431]' for 'DELETE' to 'http://localhost:15431/session/37aeccbc01fb87d50673a227df06c718'
19:37:17.632 [Driver Command Executor] DEBUG org.asynchttpclient.netty.request.NettyRequestSender - Using open Channel [id: 0x2f47dece, L:/127.0.0.1:50563 - R:localhost/127.0.0.1:15431] for DELETE '/session/37aeccbc01fb87d50673a227df06c718'
19:37:17.656 [AsyncHttpClient-1-15] DEBUG org.asynchttpclient.netty.handler.HttpHandler - Unexpected I/O exception on channel [id: 0xe11e78fa, L:/127.0.0.1:50570 - R:localhost/127.0.0.1:50564]
java.net.SocketException: Connection reset
	at java.base/sun.nio.ch.SocketChannelImpl.throwConnectionReset(SocketChannelImpl.java:403)
	at java.base/sun.nio.ch.SocketChannelImpl.implRead(SocketChannelImpl.java:435)
	at java.base/sun.nio.ch.SocketChannelImpl.read(SocketChannelImpl.java:493)
	at io.netty.buffer.PooledByteBuf.setBytes(PooledByteBuf.java:254)
	at io.netty.buffer.AbstractByteBuf.writeBytes(AbstractByteBuf.java:1132)
	at io.netty.channel.socket.nio.NioSocketChannel.doReadBytes(NioSocketChannel.java:357)
	at io.netty.channel.nio.AbstractNioByteChannel$NioByteUnsafe.read(AbstractNioByteChannel.java:151)
	at io.netty.channel.nio.NioEventLoop.processSelectedKey(NioEventLoop.java:788)
	at io.netty.channel.nio.NioEventLoop.processSelectedKeysOptimized(NioEventLoop.java:724)
	at io.netty.channel.nio.NioEventLoop.processSelectedKeys(NioEventLoop.java:650)
	at io.netty.channel.nio.NioEventLoop.run(NioEventLoop.java:562)
	at io.netty.util.concurrent.SingleThreadEventExecutor$4.run(SingleThreadEventExecutor.java:997)
	at io.netty.util.internal.ThreadExecutorMap$2.run(ThreadExecutorMap.java:74)
	at io.netty.util.concurrent.FastThreadLocalRunnable.run(FastThreadLocalRunnable.java:30)
	at java.base/java.lang.Thread.run(Thread.java:1575)
19:37:17.656 [AsyncHttpClient-1-15] DEBUG org.asynchttpclient.netty.channel.ChannelManager - Closing Channel [id: 0xe11e78fa, L:/127.0.0.1:50570 - R:localhost/127.0.0.1:50564] 
19:37:17.656 [AsyncHttpClient-1-15] DEBUG org.asynchttpclient.netty.handler.HttpHandler - Channel Closed: [id: 0xe11e78fa, L:/127.0.0.1:50570 ! R:localhost/127.0.0.1:50564] with attribute DISCARD
19:37:17.670 [AsyncHttpClient-1-1] DEBUG org.asynchttpclient.netty.channel.DefaultChannelPool - Entry count for : http://localhost:50564 : 1
19:37:17.670 [AsyncHttpClient-1-1] DEBUG org.asynchttpclient.netty.channel.DefaultChannelPool - Adding Candidate expired Channel [id: 0xe11e78fa, L:/127.0.0.1:50570 ! R:localhost/127.0.0.1:50564] isIdleTimeoutExpired=false isRemotelyClosed=true isTtlExpired=false
19:37:17.670 [AsyncHttpClient-1-1] DEBUG org.asynchttpclient.netty.channel.DefaultChannelPool - Closing Idle Channel [id: 0xe11e78fa, L:/127.0.0.1:50570 ! R:localhost/127.0.0.1:50564]
19:37:17.670 [AsyncHttpClient-1-1] DEBUG org.asynchttpclient.netty.channel.DefaultChannelPool - Closed 1 connections out of 1 in 0 ms
19:37:17.676 [AsyncHttpClient-1-14] DEBUG org.asynchttpclient.netty.handler.HttpHandler - 

Request DefaultFullHttpRequest(decodeResult: success, version: HTTP/1.1, content: EmptyByteBufBE)
DELETE /session/37aeccbc01fb87d50673a227df06c718 HTTP/1.1
User-Agent: selenium/4.12.0 (java windows)
Content-Type: application/json; charset=utf-8
host: localhost:15431
accept: */*

Response DefaultHttpResponse(decodeResult: success, version: HTTP/1.1)
HTTP/1.1 200 OK
Content-Length: 14
Content-Type: application/json; charset=utf-8
cache-control: no-cache

19:37:17.676 [AsyncHttpClient-1-14] DEBUG org.asynchttpclient.netty.channel.ChannelManager - Adding key: http://localhost:15431 for channel [id: 0x2f47dece, L:/127.0.0.1:50563 - R:localhost/127.0.0.1:15431]
19:37:17.886 [AsyncHttpClient-1-14] DEBUG org.asynchttpclient.netty.handler.HttpHandler - Channel Closed: [id: 0x2f47dece, L:/127.0.0.1:50563 ! R:localhost/127.0.0.1:15431] with attribute DISCARD
  And Close Window                               # StepDefination.Signin.close_window()
]]></system-out>
    <system-err><![CDATA[Jan 14, 2025 7:37:11 PM org.openqa.selenium.devtools.CdpVersionFinder findNearestMatch
WARNING: Unable to find CDP implementation matching 131
Jan 14, 2025 7:37:11 PM org.openqa.selenium.chromium.ChromiumDriver lambda$new$5
WARNING: Unable to find version of CDP to use for 131.0.6778.265. You may need to include a dependency on a specific version of the CDP using something similar to `org.seleniumhq.selenium:selenium-devtools-v86:4.12.0` where the version ("v86") matches the version of the chromium-based browser you're using and the version number of the artifact is the same as Selenium's.
]]></system-err>
  </testcase>
  <testcase name="Signin with email and password #4" classname="User sign IN" time="8.199">
    <system-out><![CDATA[
Scenario Outline: Signin with email and password # src/test/resources/Login/Login.feature:15
19:37:18.195 [AsyncHttpClient-1-17] DEBUG org.asynchttpclient.netty.channel.NettyConnectListener - Using new Channel '[id: 0x41955877, L:/127.0.0.1:50587 - R:localhost/127.0.0.1:24366]' for 'POST' to '/session'
19:37:18.787 [AsyncHttpClient-1-1] DEBUG org.asynchttpclient.netty.channel.DefaultChannelPool - Entry count for : http://localhost:15431 : 1
19:37:18.787 [AsyncHttpClient-1-1] DEBUG org.asynchttpclient.netty.channel.DefaultChannelPool - Adding Candidate expired Channel [id: 0x2f47dece, L:/127.0.0.1:50563 ! R:localhost/127.0.0.1:15431] isIdleTimeoutExpired=false isRemotelyClosed=true isTtlExpired=false
19:37:18.787 [AsyncHttpClient-1-1] DEBUG org.asynchttpclient.netty.channel.DefaultChannelPool - Closing Idle Channel [id: 0x2f47dece, L:/127.0.0.1:50563 ! R:localhost/127.0.0.1:15431]
19:37:18.787 [AsyncHttpClient-1-1] DEBUG org.asynchttpclient.netty.channel.DefaultChannelPool - Closed 1 connections out of 1 in 0 ms
19:37:19.386 [AsyncHttpClient-1-17] DEBUG org.asynchttpclient.netty.handler.HttpHandler - 

Request DefaultHttpRequest(decodeResult: success, version: HTTP/1.1)
POST /session HTTP/1.1
User-Agent: selenium/4.12.0 (java windows)
Content-Length: 254
Content-Type: application/json; charset=utf-8
host: localhost:24366
accept: */*

Response DefaultHttpResponse(decodeResult: success, version: HTTP/1.1)
HTTP/1.1 200 OK
Content-Length: 869
Content-Type: application/json; charset=utf-8
cache-control: no-cache

19:37:19.386 [AsyncHttpClient-1-17] DEBUG org.asynchttpclient.netty.channel.ChannelManager - Adding key: http://localhost:24366 for channel [id: 0x41955877, L:/127.0.0.1:50587 - R:localhost/127.0.0.1:24366]
19:37:19.397 [AsyncHttpClient-1-18] DEBUG org.asynchttpclient.netty.channel.NettyConnectListener - Using new Channel '[id: 0xf37b1c3d, L:/127.0.0.1:50596 - R:localhost/127.0.0.1:50588]' for 'GET' to '/json/version'
19:37:19.400 [AsyncHttpClient-1-18] DEBUG org.asynchttpclient.netty.handler.HttpHandler - 

Request DefaultFullHttpRequest(decodeResult: success, version: HTTP/1.1, content: EmptyByteBufBE)
GET /json/version HTTP/1.1
User-Agent: selenium/4.12.0 (java windows)
host: localhost:50588
accept: */*

Response DefaultHttpResponse(decodeResult: success, version: HTTP/1.1)
HTTP/1.1 200 OK
Content-Security-Policy: frame-ancestors 'none'
Content-Length: 424
Content-Type: application/json; charset=UTF-8

19:37:19.400 [AsyncHttpClient-1-18] DEBUG org.asynchttpclient.netty.channel.ChannelManager - Adding key: http://localhost:50588 for channel [id: 0xf37b1c3d, L:/127.0.0.1:50596 - R:localhost/127.0.0.1:50588]
19:37:19.405 [AsyncHttpClient-1-19] DEBUG org.asynchttpclient.netty.channel.NettyConnectListener - Using new Channel '[id: 0x9f016391, L:/127.0.0.1:50597 - R:localhost/127.0.0.1:50588]' for 'GET' to '/devtools/browser/c5a200b1-9a57-492b-ab61-514365cdcf33'
19:37:19.409 [AsyncHttpClient-1-19] DEBUG org.asynchttpclient.netty.handler.WebSocketHandler - 

Request DefaultFullHttpRequest(decodeResult: success, version: HTTP/1.1, content: EmptyByteBufBE)
GET /devtools/browser/c5a200b1-9a57-492b-ab61-514365cdcf33 HTTP/1.1
upgrade: websocket
connection: upgrade
sec-websocket-key: PYE4PkWoL8XS0Gl0KVRcyg==
sec-websocket-version: 13
origin: http://localhost:50588
host: localhost:50588
accept: */*
user-agent: AHC/2.1

Response DefaultHttpResponse(decodeResult: success, version: HTTP/1.1)
HTTP/1.1 101 WebSocket Protocol Handshake
Upgrade: WebSocket
Connection: Upgrade
Sec-WebSocket-Accept: ZNK8KWiWh/ZMHVH2w4DRoD1xAaY=

19:37:19.416 [Forwarding get on session 5f1c6764d0bd11eebf28a56238a84d6d to remote] DEBUG org.asynchttpclient.netty.request.NettyRequestSender - Using pooled Channel '[id: 0x41955877, L:/127.0.0.1:50587 - R:localhost/127.0.0.1:24366]' for 'POST' to 'http://localhost:24366/session/5f1c6764d0bd11eebf28a56238a84d6d/url'
19:37:19.416 [Forwarding get on session 5f1c6764d0bd11eebf28a56238a84d6d to remote] DEBUG org.asynchttpclient.netty.request.NettyRequestSender - Using open Channel [id: 0x41955877, L:/127.0.0.1:50587 - R:localhost/127.0.0.1:24366] for POST '/session/5f1c6764d0bd11eebf28a56238a84d6d/url'
19:37:19.870 [AsyncHttpClient-1-1] DEBUG org.asynchttpclient.netty.channel.DefaultChannelPool - Entry count for : http://localhost:50588 : 1
19:37:20.135 [AsyncHttpClient-1-17] DEBUG org.asynchttpclient.netty.handler.HttpHandler - 

Request DefaultHttpRequest(decodeResult: success, version: HTTP/1.1)
POST /session/5f1c6764d0bd11eebf28a56238a84d6d/url HTTP/1.1
User-Agent: selenium/4.12.0 (java windows)
Content-Length: 92
Content-Type: application/json; charset=utf-8
host: localhost:24366
accept: */*

Response DefaultHttpResponse(decodeResult: success, version: HTTP/1.1)
HTTP/1.1 200 OK
Content-Length: 14
Content-Type: application/json; charset=utf-8
cache-control: no-cache

19:37:20.136 [AsyncHttpClient-1-17] DEBUG org.asynchttpclient.netty.channel.ChannelManager - Adding key: http://localhost:24366 for channel [id: 0x41955877, L:/127.0.0.1:50587 - R:localhost/127.0.0.1:24366]
19:37:20.139 [Forwarding maximizeCurrentWindow on session 5f1c6764d0bd11eebf28a56238a84d6d to remote] DEBUG org.asynchttpclient.netty.request.NettyRequestSender - Using pooled Channel '[id: 0x41955877, L:/127.0.0.1:50587 - R:localhost/127.0.0.1:24366]' for 'POST' to 'http://localhost:24366/session/5f1c6764d0bd11eebf28a56238a84d6d/window/maximize'
19:37:20.139 [Forwarding maximizeCurrentWindow on session 5f1c6764d0bd11eebf28a56238a84d6d to remote] DEBUG org.asynchttpclient.netty.request.NettyRequestSender - Using open Channel [id: 0x41955877, L:/127.0.0.1:50587 - R:localhost/127.0.0.1:24366] for POST '/session/5f1c6764d0bd11eebf28a56238a84d6d/window/maximize'
19:37:20.172 [AsyncHttpClient-1-17] DEBUG org.asynchttpclient.netty.handler.HttpHandler - 

Request DefaultHttpRequest(decodeResult: success, version: HTTP/1.1)
POST /session/5f1c6764d0bd11eebf28a56238a84d6d/window/maximize HTTP/1.1
User-Agent: selenium/4.12.0 (java windows)
Content-Length: 3
Content-Type: application/json; charset=utf-8
host: localhost:24366
accept: */*

Response DefaultHttpResponse(decodeResult: success, version: HTTP/1.1)
HTTP/1.1 200 OK
Content-Length: 51
Content-Type: application/json; charset=utf-8
cache-control: no-cache

19:37:20.172 [AsyncHttpClient-1-17] DEBUG org.asynchttpclient.netty.channel.ChannelManager - Adding key: http://localhost:24366 for channel [id: 0x41955877, L:/127.0.0.1:50587 - R:localhost/127.0.0.1:24366]
  Given I have login panel-test                  # StepDefination.Signin.I_have_login_panel()
19:37:20.175 [Forwarding findElement on session 5f1c6764d0bd11eebf28a56238a84d6d to remote] DEBUG org.asynchttpclient.netty.request.NettyRequestSender - Using pooled Channel '[id: 0x41955877, L:/127.0.0.1:50587 - R:localhost/127.0.0.1:24366]' for 'POST' to 'http://localhost:24366/session/5f1c6764d0bd11eebf28a56238a84d6d/element'
19:37:20.175 [Forwarding findElement on session 5f1c6764d0bd11eebf28a56238a84d6d to remote] DEBUG org.asynchttpclient.netty.request.NettyRequestSender - Using open Channel [id: 0x41955877, L:/127.0.0.1:50587 - R:localhost/127.0.0.1:24366] for POST '/session/5f1c6764d0bd11eebf28a56238a84d6d/element'
19:37:20.190 [AsyncHttpClient-1-17] DEBUG org.asynchttpclient.netty.handler.HttpHandler - 

Request DefaultHttpRequest(decodeResult: success, version: HTTP/1.1)
POST /session/5f1c6764d0bd11eebf28a56238a84d6d/element HTTP/1.1
User-Agent: selenium/4.12.0 (java windows)
Content-Length: 69
Content-Type: application/json; charset=utf-8
host: localhost:24366
accept: */*

Response DefaultHttpResponse(decodeResult: success, version: HTTP/1.1)
HTTP/1.1 200 OK
Content-Length: 125
Content-Type: application/json; charset=utf-8
cache-control: no-cache

19:37:20.190 [AsyncHttpClient-1-17] DEBUG org.asynchttpclient.netty.channel.ChannelManager - Adding key: http://localhost:24366 for channel [id: 0x41955877, L:/127.0.0.1:50587 - R:localhost/127.0.0.1:24366]
19:37:20.193 [Forwarding sendKeysToElement on session 5f1c6764d0bd11eebf28a56238a84d6d to remote] DEBUG org.asynchttpclient.netty.request.NettyRequestSender - Using pooled Channel '[id: 0x41955877, L:/127.0.0.1:50587 - R:localhost/127.0.0.1:24366]' for 'POST' to 'http://localhost:24366/session/5f1c6764d0bd11eebf28a56238a84d6d/element/f.96CA5EEE9891C637F5B6AFF815077193.d.A5721AA257EF918DCBBF62A1152DC30C.e.4/value'
19:37:20.193 [Forwarding sendKeysToElement on session 5f1c6764d0bd11eebf28a56238a84d6d to remote] DEBUG org.asynchttpclient.netty.request.NettyRequestSender - Using open Channel [id: 0x41955877, L:/127.0.0.1:50587 - R:localhost/127.0.0.1:24366] for POST '/session/5f1c6764d0bd11eebf28a56238a84d6d/element/f.96CA5EEE9891C637F5B6AFF815077193.d.A5721AA257EF918DCBBF62A1152DC30C.e.4/value'
19:37:20.296 [AsyncHttpClient-1-17] DEBUG org.asynchttpclient.netty.handler.HttpHandler - 

Request DefaultHttpRequest(decodeResult: success, version: HTTP/1.1)
POST /session/5f1c6764d0bd11eebf28a56238a84d6d/element/f.96CA5EEE9891C637F5B6AFF815077193.d.A5721AA257EF918DCBBF62A1152DC30C.e.4/value HTTP/1.1
User-Agent: selenium/4.12.0 (java windows)
Content-Length: 218
Content-Type: application/json; charset=utf-8
host: localhost:24366
accept: */*

Response DefaultHttpResponse(decodeResult: success, version: HTTP/1.1)
HTTP/1.1 200 OK
Content-Length: 14
Content-Type: application/json; charset=utf-8
cache-control: no-cache

19:37:20.296 [AsyncHttpClient-1-17] DEBUG org.asynchttpclient.netty.channel.ChannelManager - Adding key: http://localhost:24366 for channel [id: 0x41955877, L:/127.0.0.1:50587 - R:localhost/127.0.0.1:24366]
19:37:20.299 [Forwarding findElement on session 5f1c6764d0bd11eebf28a56238a84d6d to remote] DEBUG org.asynchttpclient.netty.request.NettyRequestSender - Using pooled Channel '[id: 0x41955877, L:/127.0.0.1:50587 - R:localhost/127.0.0.1:24366]' for 'POST' to 'http://localhost:24366/session/5f1c6764d0bd11eebf28a56238a84d6d/element'
19:37:20.299 [Forwarding findElement on session 5f1c6764d0bd11eebf28a56238a84d6d to remote] DEBUG org.asynchttpclient.netty.request.NettyRequestSender - Using open Channel [id: 0x41955877, L:/127.0.0.1:50587 - R:localhost/127.0.0.1:24366] for POST '/session/5f1c6764d0bd11eebf28a56238a84d6d/element'
19:37:20.312 [AsyncHttpClient-1-17] DEBUG org.asynchttpclient.netty.handler.HttpHandler - 

Request DefaultHttpRequest(decodeResult: success, version: HTTP/1.1)
POST /session/5f1c6764d0bd11eebf28a56238a84d6d/element HTTP/1.1
User-Agent: selenium/4.12.0 (java windows)
Content-Length: 72
Content-Type: application/json; charset=utf-8
host: localhost:24366
accept: */*

Response DefaultHttpResponse(decodeResult: success, version: HTTP/1.1)
HTTP/1.1 200 OK
Content-Length: 125
Content-Type: application/json; charset=utf-8
cache-control: no-cache

19:37:20.312 [AsyncHttpClient-1-17] DEBUG org.asynchttpclient.netty.channel.ChannelManager - Adding key: http://localhost:24366 for channel [id: 0x41955877, L:/127.0.0.1:50587 - R:localhost/127.0.0.1:24366]
19:37:20.315 [Forwarding sendKeysToElement on session 5f1c6764d0bd11eebf28a56238a84d6d to remote] DEBUG org.asynchttpclient.netty.request.NettyRequestSender - Using pooled Channel '[id: 0x41955877, L:/127.0.0.1:50587 - R:localhost/127.0.0.1:24366]' for 'POST' to 'http://localhost:24366/session/5f1c6764d0bd11eebf28a56238a84d6d/element/f.96CA5EEE9891C637F5B6AFF815077193.d.A5721AA257EF918DCBBF62A1152DC30C.e.6/value'
19:37:20.315 [Forwarding sendKeysToElement on session 5f1c6764d0bd11eebf28a56238a84d6d to remote] DEBUG org.asynchttpclient.netty.request.NettyRequestSender - Using open Channel [id: 0x41955877, L:/127.0.0.1:50587 - R:localhost/127.0.0.1:24366] for POST '/session/5f1c6764d0bd11eebf28a56238a84d6d/element/f.96CA5EEE9891C637F5B6AFF815077193.d.A5721AA257EF918DCBBF62A1152DC30C.e.6/value'
19:37:20.371 [AsyncHttpClient-1-17] DEBUG org.asynchttpclient.netty.handler.HttpHandler - 

Request DefaultHttpRequest(decodeResult: success, version: HTTP/1.1)
POST /session/5f1c6764d0bd11eebf28a56238a84d6d/element/f.96CA5EEE9891C637F5B6AFF815077193.d.A5721AA257EF918DCBBF62A1152DC30C.e.6/value HTTP/1.1
User-Agent: selenium/4.12.0 (java windows)
Content-Length: 168
Content-Type: application/json; charset=utf-8
host: localhost:24366
accept: */*

Response DefaultHttpResponse(decodeResult: success, version: HTTP/1.1)
HTTP/1.1 200 OK
Content-Length: 14
Content-Type: application/json; charset=utf-8
cache-control: no-cache

19:37:20.371 [AsyncHttpClient-1-17] DEBUG org.asynchttpclient.netty.channel.ChannelManager - Adding key: http://localhost:24366 for channel [id: 0x41955877, L:/127.0.0.1:50587 - R:localhost/127.0.0.1:24366]
  When I provide Wrong.mail and wrong-test       # StepDefination.Signin.i_provide_id_and_password(java.lang.String,java.lang.String)
19:37:20.374 [Forwarding findElement on session 5f1c6764d0bd11eebf28a56238a84d6d to remote] DEBUG org.asynchttpclient.netty.request.NettyRequestSender - Using pooled Channel '[id: 0x41955877, L:/127.0.0.1:50587 - R:localhost/127.0.0.1:24366]' for 'POST' to 'http://localhost:24366/session/5f1c6764d0bd11eebf28a56238a84d6d/element'
19:37:20.374 [Forwarding findElement on session 5f1c6764d0bd11eebf28a56238a84d6d to remote] DEBUG org.asynchttpclient.netty.request.NettyRequestSender - Using open Channel [id: 0x41955877, L:/127.0.0.1:50587 - R:localhost/127.0.0.1:24366] for POST '/session/5f1c6764d0bd11eebf28a56238a84d6d/element'
19:37:20.383 [AsyncHttpClient-1-17] DEBUG org.asynchttpclient.netty.handler.HttpHandler - 

Request DefaultHttpRequest(decodeResult: success, version: HTTP/1.1)
POST /session/5f1c6764d0bd11eebf28a56238a84d6d/element HTTP/1.1
User-Agent: selenium/4.12.0 (java windows)
Content-Length: 73
Content-Type: application/json; charset=utf-8
host: localhost:24366
accept: */*

Response DefaultHttpResponse(decodeResult: success, version: HTTP/1.1)
HTTP/1.1 200 OK
Content-Length: 125
Content-Type: application/json; charset=utf-8
cache-control: no-cache

19:37:20.383 [AsyncHttpClient-1-17] DEBUG org.asynchttpclient.netty.channel.ChannelManager - Adding key: http://localhost:24366 for channel [id: 0x41955877, L:/127.0.0.1:50587 - R:localhost/127.0.0.1:24366]
19:37:20.385 [Forwarding clickElement on session 5f1c6764d0bd11eebf28a56238a84d6d to remote] DEBUG org.asynchttpclient.netty.request.NettyRequestSender - Using pooled Channel '[id: 0x41955877, L:/127.0.0.1:50587 - R:localhost/127.0.0.1:24366]' for 'POST' to 'http://localhost:24366/session/5f1c6764d0bd11eebf28a56238a84d6d/element/f.96CA5EEE9891C637F5B6AFF815077193.d.A5721AA257EF918DCBBF62A1152DC30C.e.8/click'
19:37:20.385 [Forwarding clickElement on session 5f1c6764d0bd11eebf28a56238a84d6d to remote] DEBUG org.asynchttpclient.netty.request.NettyRequestSender - Using open Channel [id: 0x41955877, L:/127.0.0.1:50587 - R:localhost/127.0.0.1:24366] for POST '/session/5f1c6764d0bd11eebf28a56238a84d6d/element/f.96CA5EEE9891C637F5B6AFF815077193.d.A5721AA257EF918DCBBF62A1152DC30C.e.8/click'
19:37:20.434 [AsyncHttpClient-1-17] DEBUG org.asynchttpclient.netty.handler.HttpHandler - 

Request DefaultHttpRequest(decodeResult: success, version: HTTP/1.1)
POST /session/5f1c6764d0bd11eebf28a56238a84d6d/element/f.96CA5EEE9891C637F5B6AFF815077193.d.A5721AA257EF918DCBBF62A1152DC30C.e.8/click HTTP/1.1
User-Agent: selenium/4.12.0 (java windows)
Content-Length: 87
Content-Type: application/json; charset=utf-8
host: localhost:24366
accept: */*

Response DefaultHttpResponse(decodeResult: success, version: HTTP/1.1)
HTTP/1.1 200 OK
Content-Length: 14
Content-Type: application/json; charset=utf-8
cache-control: no-cache

19:37:20.434 [AsyncHttpClient-1-17] DEBUG org.asynchttpclient.netty.channel.ChannelManager - Adding key: http://localhost:24366 for channel [id: 0x41955877, L:/127.0.0.1:50587 - R:localhost/127.0.0.1:24366]
19:37:20.970 [AsyncHttpClient-1-1] DEBUG org.asynchttpclient.netty.channel.DefaultChannelPool - Entry count for : http://localhost:50588 : 1
19:37:20.970 [AsyncHttpClient-1-1] DEBUG org.asynchttpclient.netty.channel.DefaultChannelPool - Entry count for : http://localhost:24366 : 1
19:37:22.070 [AsyncHttpClient-1-1] DEBUG org.asynchttpclient.netty.channel.DefaultChannelPool - Entry count for : http://localhost:50588 : 1
19:37:22.070 [AsyncHttpClient-1-1] DEBUG org.asynchttpclient.netty.channel.DefaultChannelPool - Entry count for : http://localhost:24366 : 1
19:37:23.170 [AsyncHttpClient-1-1] DEBUG org.asynchttpclient.netty.channel.DefaultChannelPool - Entry count for : http://localhost:50588 : 1
19:37:23.170 [AsyncHttpClient-1-1] DEBUG org.asynchttpclient.netty.channel.DefaultChannelPool - Entry count for : http://localhost:24366 : 1
19:37:24.271 [AsyncHttpClient-1-1] DEBUG org.asynchttpclient.netty.channel.DefaultChannelPool - Entry count for : http://localhost:50588 : 1
19:37:24.271 [AsyncHttpClient-1-1] DEBUG org.asynchttpclient.netty.channel.DefaultChannelPool - Entry count for : http://localhost:24366 : 1
19:37:25.370 [AsyncHttpClient-1-1] DEBUG org.asynchttpclient.netty.channel.DefaultChannelPool - Entry count for : http://localhost:50588 : 1
19:37:25.370 [AsyncHttpClient-1-1] DEBUG org.asynchttpclient.netty.channel.DefaultChannelPool - Entry count for : http://localhost:24366 : 1
  And Tap on submit button-test                  # StepDefination.Signin.tap_on_submit_button()
19:37:25.438 [Forwarding getCurrentUrl on session 5f1c6764d0bd11eebf28a56238a84d6d to remote] DEBUG org.asynchttpclient.netty.request.NettyRequestSender - Using pooled Channel '[id: 0x41955877, L:/127.0.0.1:50587 - R:localhost/127.0.0.1:24366]' for 'GET' to 'http://localhost:24366/session/5f1c6764d0bd11eebf28a56238a84d6d/url'
19:37:25.439 [Forwarding getCurrentUrl on session 5f1c6764d0bd11eebf28a56238a84d6d to remote] DEBUG org.asynchttpclient.netty.request.NettyRequestSender - Using open Channel [id: 0x41955877, L:/127.0.0.1:50587 - R:localhost/127.0.0.1:24366] for GET '/session/5f1c6764d0bd11eebf28a56238a84d6d/url'
19:37:25.451 [AsyncHttpClient-1-17] DEBUG org.asynchttpclient.netty.handler.HttpHandler - 

Request DefaultFullHttpRequest(decodeResult: success, version: HTTP/1.1, content: EmptyByteBufBE)
GET /session/5f1c6764d0bd11eebf28a56238a84d6d/url HTTP/1.1
Cache-Control: no-cache
User-Agent: selenium/4.12.0 (java windows)
Content-Type: application/json; charset=utf-8
host: localhost:24366
accept: */*

Response DefaultHttpResponse(decodeResult: success, version: HTTP/1.1)
HTTP/1.1 200 OK
Content-Length: 69
Content-Type: application/json; charset=utf-8
cache-control: no-cache

19:37:25.451 [AsyncHttpClient-1-17] DEBUG org.asynchttpclient.netty.channel.ChannelManager - Adding key: http://localhost:24366 for channel [id: 0x41955877, L:/127.0.0.1:50587 - R:localhost/127.0.0.1:24366]
https://fleet-manager-development.vercel.app/auth/sign-in
19:37:25.453 [Forwarding findElement on session 5f1c6764d0bd11eebf28a56238a84d6d to remote] DEBUG org.asynchttpclient.netty.request.NettyRequestSender - Using pooled Channel '[id: 0x41955877, L:/127.0.0.1:50587 - R:localhost/127.0.0.1:24366]' for 'POST' to 'http://localhost:24366/session/5f1c6764d0bd11eebf28a56238a84d6d/element'
19:37:25.453 [Forwarding findElement on session 5f1c6764d0bd11eebf28a56238a84d6d to remote] DEBUG org.asynchttpclient.netty.request.NettyRequestSender - Using open Channel [id: 0x41955877, L:/127.0.0.1:50587 - R:localhost/127.0.0.1:24366] for POST '/session/5f1c6764d0bd11eebf28a56238a84d6d/element'
19:37:25.480 [AsyncHttpClient-1-17] DEBUG org.asynchttpclient.netty.handler.HttpHandler - 

Request DefaultHttpRequest(decodeResult: success, version: HTTP/1.1)
POST /session/5f1c6764d0bd11eebf28a56238a84d6d/element HTTP/1.1
User-Agent: selenium/4.12.0 (java windows)
Content-Length: 66
Content-Type: application/json; charset=utf-8
host: localhost:24366
accept: */*

Response DefaultHttpResponse(decodeResult: success, version: HTTP/1.1)
HTTP/1.1 404 Not Found
Content-Length: 1053
Content-Type: application/json; charset=utf-8
cache-control: no-cache

19:37:25.481 [AsyncHttpClient-1-17] DEBUG org.asynchttpclient.netty.channel.ChannelManager - Adding key: http://localhost:24366 for channel [id: 0x41955877, L:/127.0.0.1:50587 - R:localhost/127.0.0.1:24366]
Faild to logged in
19:37:25.483 [Forwarding screenshot on session 5f1c6764d0bd11eebf28a56238a84d6d to remote] DEBUG org.asynchttpclient.netty.request.NettyRequestSender - Using pooled Channel '[id: 0x41955877, L:/127.0.0.1:50587 - R:localhost/127.0.0.1:24366]' for 'GET' to 'http://localhost:24366/session/5f1c6764d0bd11eebf28a56238a84d6d/screenshot'
19:37:25.484 [Forwarding screenshot on session 5f1c6764d0bd11eebf28a56238a84d6d to remote] DEBUG org.asynchttpclient.netty.request.NettyRequestSender - Using open Channel [id: 0x41955877, L:/127.0.0.1:50587 - R:localhost/127.0.0.1:24366] for GET '/session/5f1c6764d0bd11eebf28a56238a84d6d/screenshot'
19:37:25.587 [AsyncHttpClient-1-17] DEBUG org.asynchttpclient.netty.handler.HttpHandler - 

Request DefaultFullHttpRequest(decodeResult: success, version: HTTP/1.1, content: EmptyByteBufBE)
GET /session/5f1c6764d0bd11eebf28a56238a84d6d/screenshot HTTP/1.1
Cache-Control: no-cache
User-Agent: selenium/4.12.0 (java windows)
Content-Type: application/json; charset=utf-8
host: localhost:24366
accept: */*

Response DefaultHttpResponse(decodeResult: success, version: HTTP/1.1)
HTTP/1.1 200 OK
Content-Length: 3548
Content-Type: application/json; charset=utf-8
cache-control: no-cache

19:37:25.588 [AsyncHttpClient-1-17] DEBUG org.asynchttpclient.netty.channel.ChannelManager - Adding key: http://localhost:24366 for channel [id: 0x41955877, L:/127.0.0.1:50587 - R:localhost/127.0.0.1:24366]
  Then User should be logged in-test             # StepDefination.Signin.user_should_be_logged_in()
19:37:25.601 [AsyncHttpClient-1-19] DEBUG org.asynchttpclient.netty.handler.WebSocketHandler - Channel Closed: [id: 0x9f016391, L:/127.0.0.1:50597 ! R:localhost/127.0.0.1:50588] with attribute DISCARD
19:37:25.601 [Driver Command Executor] DEBUG org.asynchttpclient.netty.request.NettyRequestSender - Using pooled Channel '[id: 0x41955877, L:/127.0.0.1:50587 - R:localhost/127.0.0.1:24366]' for 'DELETE' to 'http://localhost:24366/session/5f1c6764d0bd11eebf28a56238a84d6d'
19:37:25.601 [Driver Command Executor] DEBUG org.asynchttpclient.netty.request.NettyRequestSender - Using open Channel [id: 0x41955877, L:/127.0.0.1:50587 - R:localhost/127.0.0.1:24366] for DELETE '/session/5f1c6764d0bd11eebf28a56238a84d6d'
19:37:25.651 [AsyncHttpClient-1-18] DEBUG org.asynchttpclient.netty.handler.HttpHandler - Unexpected I/O exception on channel [id: 0xf37b1c3d, L:/127.0.0.1:50596 - R:localhost/127.0.0.1:50588]
java.net.SocketException: Connection reset
	at java.base/sun.nio.ch.SocketChannelImpl.throwConnectionReset(SocketChannelImpl.java:403)
	at java.base/sun.nio.ch.SocketChannelImpl.implRead(SocketChannelImpl.java:435)
	at java.base/sun.nio.ch.SocketChannelImpl.read(SocketChannelImpl.java:493)
	at io.netty.buffer.PooledByteBuf.setBytes(PooledByteBuf.java:254)
	at io.netty.buffer.AbstractByteBuf.writeBytes(AbstractByteBuf.java:1132)
	at io.netty.channel.socket.nio.NioSocketChannel.doReadBytes(NioSocketChannel.java:357)
	at io.netty.channel.nio.AbstractNioByteChannel$NioByteUnsafe.read(AbstractNioByteChannel.java:151)
	at io.netty.channel.nio.NioEventLoop.processSelectedKey(NioEventLoop.java:788)
	at io.netty.channel.nio.NioEventLoop.processSelectedKeysOptimized(NioEventLoop.java:724)
	at io.netty.channel.nio.NioEventLoop.processSelectedKeys(NioEventLoop.java:650)
	at io.netty.channel.nio.NioEventLoop.run(NioEventLoop.java:562)
	at io.netty.util.concurrent.SingleThreadEventExecutor$4.run(SingleThreadEventExecutor.java:997)
	at io.netty.util.internal.ThreadExecutorMap$2.run(ThreadExecutorMap.java:74)
	at io.netty.util.concurrent.FastThreadLocalRunnable.run(FastThreadLocalRunnable.java:30)
	at java.base/java.lang.Thread.run(Thread.java:1575)
19:37:25.652 [AsyncHttpClient-1-18] DEBUG org.asynchttpclient.netty.channel.ChannelManager - Closing Channel [id: 0xf37b1c3d, L:/127.0.0.1:50596 - R:localhost/127.0.0.1:50588] 
19:37:25.652 [AsyncHttpClient-1-18] DEBUG org.asynchttpclient.netty.handler.HttpHandler - Channel Closed: [id: 0xf37b1c3d, L:/127.0.0.1:50596 ! R:localhost/127.0.0.1:50588] with attribute DISCARD
19:37:25.688 [AsyncHttpClient-1-17] DEBUG org.asynchttpclient.netty.handler.HttpHandler - 

Request DefaultFullHttpRequest(decodeResult: success, version: HTTP/1.1, content: EmptyByteBufBE)
DELETE /session/5f1c6764d0bd11eebf28a56238a84d6d HTTP/1.1
User-Agent: selenium/4.12.0 (java windows)
Content-Type: application/json; charset=utf-8
host: localhost:24366
accept: */*

Response DefaultHttpResponse(decodeResult: success, version: HTTP/1.1)
HTTP/1.1 200 OK
Content-Length: 14
Content-Type: application/json; charset=utf-8
cache-control: no-cache

19:37:25.700 [AsyncHttpClient-1-17] DEBUG org.asynchttpclient.netty.channel.ChannelManager - Adding key: http://localhost:24366 for channel [id: 0x41955877, L:/127.0.0.1:50587 - R:localhost/127.0.0.1:24366]
19:37:26.118 [AsyncHttpClient-1-17] DEBUG org.asynchttpclient.netty.handler.HttpHandler - Channel Closed: [id: 0x41955877, L:/127.0.0.1:50587 ! R:localhost/127.0.0.1:24366] with attribute DISCARD
  And Close Window                               # StepDefination.Signin.close_window()
]]></system-out>
    <system-err><![CDATA[Jan 14, 2025 7:37:19 PM org.openqa.selenium.devtools.CdpVersionFinder findNearestMatch
WARNING: Unable to find CDP implementation matching 131
Jan 14, 2025 7:37:19 PM org.openqa.selenium.chromium.ChromiumDriver lambda$new$5
WARNING: Unable to find version of CDP to use for 131.0.6778.265. You may need to include a dependency on a specific version of the CDP using something similar to `org.seleniumhq.selenium:selenium-devtools-v86:4.12.0` where the version ("v86") matches the version of the chromium-based browser you're using and the version number of the artifact is the same as Selenium's.
]]></system-err>
  </testcase>
</testsuite>